<?xml version="1.0" encoding="UTF-8"?>
<testsuites name="Regresyon-eArsiv-eMakbuz" time="2327.252" tests="20" failures="0" errors="0">
   <testsuite name="Regresyon-eArsiv-eMakbuz" tests="20" failures="0" errors="0" time="2327.252" skipped="0" timestamp="2021-11-19 16:46:53" hostname="DELL - DESKTOP-QBVMTUG" id="">
      <properties>
         <property name="deviceName" value=""/>
         <property name="devicePlatform" value=""/>
         <property name="logFolder" value="C:\\Users\\DELL\\Documents\\GitHub\\EES_KatalonLogo\\Reports\\20211119_164526\\Suite Repository\\Regresyon-eArsiv-eMakbuz\\20211119_164600"/>
         <property name="logFiles" value="C:\\Users\\DELL\\Documents\\GitHub\\EES_KatalonLogo\\Reports\\20211119_164526\\Suite Repository\\Regresyon-eArsiv-eMakbuz\\20211119_164600\\execution0.log, C:\\Users\\DELL\\Documents\\GitHub\\EES_KatalonLogo\\Reports\\20211119_164526\\Suite Repository\\Regresyon-eArsiv-eMakbuz\\20211119_164600\\execution1.log, C:\\Users\\DELL\\Documents\\GitHub\\EES_KatalonLogo\\Reports\\20211119_164526\\Suite Repository\\Regresyon-eArsiv-eMakbuz\\20211119_164600\\execution2.log"/>
         <property name="attachments" value=""/>
         <property name="hostName" value="DELL - DESKTOP-QBVMTUG"/>
         <property name="os" value="Windows 10 64bit"/>
         <property name="katalonVersion" value="8.0.5.208"/>
         <property name="browser" value="Chrome 96.0.4664.45"/>
         <property name="hostAddress" value="192.168.1.24"/>
         <property name="sessionId" value="4b9ab41e544d77383873d70ee324fc71"/>
         <property name="seleniumVersion" value="3.141.59"/>
         <property name="proxyInformation" value="ProxyInformation { proxyOption=NO_PROXY, proxyServerType=HTTP, username=, password=********, proxyServerAddress=, proxyServerPort=0, executionList=&quot;&quot;, isApplyToDesiredCapabilities=true }"/>
         <property name="platform" value="Windows 10"/>
      </properties>
      <testcase name="Test Cases/Case Repository/Regresyon/e-Arsiv/VKN-Elektronik-Hal Komisyoncu" time="153.275" classname="Test Cases/Case Repository/Regresyon/e-Arsiv/VKN-Elektronik-Hal Komisyoncu" status="PASSED">
         <system-out><![CDATA[2021-11-19 16:46:55 - [TEST_CASE][PASSED] - Test Cases/Case Repository/Regresyon/e-Arsiv/VKN-Elektronik-Hal Komisyoncu: Test Cases/Case Repository/Regresyon/e-Arsiv/VKN-Elektronik-Hal Komisyoncu

2021-11-19 16:46:55 - [TEST_STEP][PASSED] - Start listener action : sampleBeforeTestSuite: Invoke 'com.kms.katalon.core.annotation.BeforeTestCase' method: 'Listener.sampleBeforeTestSuite(...)' completed.

2021-11-19 16:46:55 - [MESSAGE][INFO] - Starting invoke 'com.kms.katalon.core.annotation.BeforeTestCase' method: 'Listener.sampleBeforeTestSuite(...)'

2021-11-19 16:46:55 - [TEST_STEP][PASSED] - openBrowser(baseUrl): Browser is opened with url: 'https://efatura-stage.elogo.com.tr/'

2021-11-19 16:46:57 - [MESSAGE][INFO] - Opening browser

2021-11-19 16:46:57 - [MESSAGE][INFO] - Starting 'Chrome' driver

2021-11-19 16:46:57 - [MESSAGE][INFO] - User set preference: ['prefs', '{download.default_directory=C:\otomasyondownfiles}']

2021-11-19 16:46:57 - [MESSAGE][INFO] - Action delay is set to 0 milliseconds

2021-11-19 16:47:01 - [MESSAGE][INFO] - Navigating browser to: 'https://efatura-stage.elogo.com.tr/'

2021-11-19 16:47:05 - [MESSAGE][PASSED] - Browser is opened with url: 'https://efatura-stage.elogo.com.tr/'

2021-11-19 16:47:05 - [TEST_STEP][PASSED] - maximizeWindow(): Invoke 'com.kms.katalon.core.annotation.BeforeTestCase' method: 'Listener.sampleBeforeTestSuite(...)' completed.

2021-11-19 16:47:05 - [MESSAGE][INFO] - Maximizing current window

2021-11-19 16:47:05 - [MESSAGE][PASSED] - Current window maximized

2021-11-19 16:47:05 - [MESSAGE][INFO] - Invoke 'com.kms.katalon.core.annotation.BeforeTestCase' method: 'Listener.sampleBeforeTestSuite(...)' completed.

2021-11-19 16:47:05 - [TEST_STEP][PASSED] - runFeatureFile("Include/features/Regresyon/e-Arsiv/VKN-Elektronik-Hal Komisyoncu.feature"): Feature file: 'Include/features/Regresyon/e-Arsiv/VKN-Elektronik-Hal Komisyoncu.feature' was passed

2021-11-19 16:47:05 - [MESSAGE][INFO] - Starting run keyword runFeatureFile: 'Include/features/Regresyon/e-Arsiv/VKN-Elektronik-Hal Komisyoncu.feature' and extract report to folder: 'C:\Users\DELL\Documents\GitHub\EES_KatalonLogo\Reports\20211119_164526\Suite Repository\Regresyon-eArsiv-eMakbuz\20211119_164600/cucumber_report/1637329625905'...

2021-11-19 16:47:05 - [MESSAGE][INFO] - Glue: []

2021-11-19 16:47:09 - [MESSAGE][INFO] - Checking called Test Case

2021-11-19 16:47:09 - [MESSAGE][INFO] - Starting to call Test Case 'Test Cases/Sayfalar/Giris_Sayfasi/Login'

2021-11-19 16:47:09 - [TEST_CASE][PASSED] - Test Cases/Sayfalar/Giris_Sayfasi/Login: Test Cases/Sayfalar/Giris_Sayfasi/Login

2021-11-19 16:47:10 - [TEST_STEP][PASSED] - Sayfa_Basligi = getWindowTitle(): Current window's title is: 'LOGO e-Fatura'

2021-11-19 16:47:10 - [MESSAGE][INFO] - Getting current window's title

2021-11-19 16:47:10 - [MESSAGE][PASSED] - Current window's title is: 'LOGO e-Fatura'

2021-11-19 16:47:10 - [TEST_STEP][PASSED] - verifyMatch(Sayfa_Basligi, "LOGO e-Fatura", false): Actual text 'LOGO e-Fatura' and expected text 'LOGO e-Fatura' are matched 

2021-11-19 16:47:10 - [MESSAGE][INFO] - Matching actual text 'LOGO e-Fatura' with expected text 'LOGO e-Fatura'

2021-11-19 16:47:10 - [MESSAGE][PASSED] - Actual text 'LOGO e-Fatura' and expected text 'LOGO e-Fatura' are matched 

2021-11-19 16:47:10 - [TEST_STEP][PASSED] - sendKeys(findTestObject("Sayfalar/Giris_Sayfasi/Firma_Kodu"), KullaniciAdi): Keys 'HALKOMIS' sent to object: 'Object Repository/Sayfalar/Giris_Sayfasi/Firma_Kodu'

2021-11-19 16:47:11 - [MESSAGE][INFO] - Finding Test Object 'Object Repository/Sayfalar/Giris_Sayfasi/Firma_Kodu'

2021-11-19 16:47:11 - [MESSAGE][INFO] - Sending keys 'HALKOMIS' to object: 'Object Repository/Sayfalar/Giris_Sayfasi/Firma_Kodu'

2021-11-19 16:47:11 - [MESSAGE][INFO] - Finding web element from Test Object's properties

2021-11-19 16:47:11 - [MESSAGE][INFO] - Checking timeout

2021-11-19 16:47:11 - [MESSAGE][INFO] - Finding web element with id: 'Object Repository/Sayfalar/Giris_Sayfasi/Firma_Kodu' located by 'By.xpath: //*[@id = 'AccountName']' in '30' second(s)

2021-11-19 16:47:11 - [MESSAGE][INFO] - Smart Wait Function is triggered

2021-11-19 16:47:11 - [MESSAGE][INFO] - Found 1 web elements with id: 'Object Repository/Sayfalar/Giris_Sayfasi/Firma_Kodu' located by 'By.xpath: //*[@id = 'AccountName']' in '30' second(s)

2021-11-19 16:47:12 - [MESSAGE][PASSED] - Keys 'HALKOMIS' sent to object: 'Object Repository/Sayfalar/Giris_Sayfasi/Firma_Kodu'

2021-11-19 16:47:12 - [TEST_STEP][PASSED] - sendKeys(findTestObject("Sayfalar/Giris_Sayfasi/Sifre"), Sifre): Keys 'test1234' sent to object: 'Object Repository/Sayfalar/Giris_Sayfasi/Sifre'

2021-11-19 16:47:12 - [MESSAGE][INFO] - Finding Test Object 'Object Repository/Sayfalar/Giris_Sayfasi/Sifre'

2021-11-19 16:47:12 - [MESSAGE][INFO] - Sending keys 'test1234' to object: 'Object Repository/Sayfalar/Giris_Sayfasi/Sifre'

2021-11-19 16:47:12 - [MESSAGE][INFO] - Finding web element from Test Object's properties

2021-11-19 16:47:12 - [MESSAGE][INFO] - Checking timeout

2021-11-19 16:47:12 - [MESSAGE][INFO] - Finding web element with id: 'Object Repository/Sayfalar/Giris_Sayfasi/Sifre' located by 'By.xpath: //*[@id = 'Password']' in '30' second(s)

2021-11-19 16:47:12 - [MESSAGE][INFO] - Smart Wait Function is triggered

2021-11-19 16:47:13 - [MESSAGE][INFO] - Found 1 web elements with id: 'Object Repository/Sayfalar/Giris_Sayfasi/Sifre' located by 'By.xpath: //*[@id = 'Password']' in '30' second(s)

2021-11-19 16:47:13 - [MESSAGE][PASSED] - Keys 'test1234' sent to object: 'Object Repository/Sayfalar/Giris_Sayfasi/Sifre'

2021-11-19 16:47:13 - [TEST_STEP][PASSED] - findWebElement(findTestObject("Sayfalar/Giris_Sayfasi/Giris_Butonu")).click(): Found 1 web elements with id: 'Object Repository/Sayfalar/Giris_Sayfasi/Giris_Butonu' located by 'By.cssSelector: #btnLogin' in '30' second(s)

2021-11-19 16:47:13 - [MESSAGE][INFO] - Finding Test Object 'Object Repository/Sayfalar/Giris_Sayfasi/Giris_Butonu'

2021-11-19 16:47:13 - [MESSAGE][INFO] - Finding web element from Test Object's properties

2021-11-19 16:47:13 - [MESSAGE][INFO] - Checking timeout

2021-11-19 16:47:13 - [MESSAGE][INFO] - Finding web element with id: 'Object Repository/Sayfalar/Giris_Sayfasi/Giris_Butonu' located by 'By.cssSelector: #btnLogin' in '30' second(s)

2021-11-19 16:47:13 - [MESSAGE][INFO] - Smart Wait Function is triggered

2021-11-19 16:47:14 - [MESSAGE][INFO] - Found 1 web elements with id: 'Object Repository/Sayfalar/Giris_Sayfasi/Giris_Butonu' located by 'By.cssSelector: #btnLogin' in '30' second(s)

2021-11-19 16:47:16 - [TEST_STEP][PASSED] - if (verifyElementPresent(findTestObject("Object Repository/Sayfalar/Giris_Sayfasi/RetveTamam_Butonu"), 5, OPTIONAL)): null

2021-11-19 16:47:16 - [MESSAGE][INFO] - Finding Test Object 'Object Repository/Sayfalar/Giris_Sayfasi/RetveTamam_Butonu'

2021-11-19 16:47:17 - [MESSAGE][INFO] - Checking object

2021-11-19 16:47:17 - [MESSAGE][INFO] - Finding web element from Test Object's properties

2021-11-19 16:47:17 - [MESSAGE][INFO] - Checking timeout

2021-11-19 16:47:17 - [MESSAGE][INFO] - Finding web element with id: 'Object Repository/Sayfalar/Giris_Sayfasi/RetveTamam_Butonu' located by 'By.xpath: //*[@class = 'btn btn-default']' in '5' second(s)

2021-11-19 16:47:17 - [MESSAGE][INFO] - Smart Wait Function is triggered

2021-11-19 16:47:17 - [MESSAGE][INFO] - Found 1 web elements with id: 'Object Repository/Sayfalar/Giris_Sayfasi/RetveTamam_Butonu' located by 'By.xpath: //*[@class = 'btn btn-default']' in '5' second(s)

2021-11-19 16:47:17 - [MESSAGE][PASSED] - Object 'Object Repository/Sayfalar/Giris_Sayfasi/RetveTamam_Butonu' is present

2021-11-19 16:47:17 - [TEST_STEP][PASSED] - click(findTestObject("Object Repository/Sayfalar/Giris_Sayfasi/RetveTamam_Butonu")): Object: 'Object Repository/Sayfalar/Giris_Sayfasi/RetveTamam_Butonu' is clicked on

2021-11-19 16:47:17 - [MESSAGE][INFO] - Finding Test Object 'Object Repository/Sayfalar/Giris_Sayfasi/RetveTamam_Butonu'

2021-11-19 16:47:17 - [MESSAGE][INFO] - Checking object

2021-11-19 16:47:17 - [MESSAGE][INFO] - Finding web element from Test Object's properties

2021-11-19 16:47:17 - [MESSAGE][INFO] - Checking timeout

2021-11-19 16:47:17 - [MESSAGE][INFO] - Finding web element with id: 'Object Repository/Sayfalar/Giris_Sayfasi/RetveTamam_Butonu' located by 'By.xpath: //*[@class = 'btn btn-default']' in '30' second(s)

2021-11-19 16:47:17 - [MESSAGE][INFO] - Smart Wait Function is triggered

2021-11-19 16:47:18 - [MESSAGE][INFO] - Found 1 web elements with id: 'Object Repository/Sayfalar/Giris_Sayfasi/RetveTamam_Butonu' located by 'By.xpath: //*[@class = 'btn btn-default']' in '30' second(s)

2021-11-19 16:47:18 - [MESSAGE][INFO] - Clicking on object: 'Object Repository/Sayfalar/Giris_Sayfasi/RetveTamam_Butonu'

2021-11-19 16:47:18 - [MESSAGE][PASSED] - Object: 'Object Repository/Sayfalar/Giris_Sayfasi/RetveTamam_Butonu' is clicked on

2021-11-19 16:47:18 - [TEST_STEP][PASSED] - click(findTestObject("Object Repository/Sayfalar/Giris_Sayfasi/RetveTamam_Butonu")): Object: 'Object Repository/Sayfalar/Giris_Sayfasi/RetveTamam_Butonu' is clicked on

2021-11-19 16:47:18 - [MESSAGE][INFO] - Finding Test Object 'Object Repository/Sayfalar/Giris_Sayfasi/RetveTamam_Butonu'

2021-11-19 16:47:18 - [MESSAGE][INFO] - Checking object

2021-11-19 16:47:18 - [MESSAGE][INFO] - Finding web element from Test Object's properties

2021-11-19 16:47:18 - [MESSAGE][INFO] - Checking timeout

2021-11-19 16:47:18 - [MESSAGE][INFO] - Finding web element with id: 'Object Repository/Sayfalar/Giris_Sayfasi/RetveTamam_Butonu' located by 'By.xpath: //*[@class = 'btn btn-default']' in '30' second(s)

2021-11-19 16:47:18 - [MESSAGE][INFO] - Smart Wait Function is triggered

2021-11-19 16:47:25 - [MESSAGE][INFO] - Found 1 web elements with id: 'Object Repository/Sayfalar/Giris_Sayfasi/RetveTamam_Butonu' located by 'By.xpath: //*[@class = 'btn btn-default']' in '30' second(s)

2021-11-19 16:47:25 - [MESSAGE][INFO] - Clicking on object: 'Object Repository/Sayfalar/Giris_Sayfasi/RetveTamam_Butonu'

2021-11-19 16:47:25 - [MESSAGE][PASSED] - Object: 'Object Repository/Sayfalar/Giris_Sayfasi/RetveTamam_Butonu' is clicked on

2021-11-19 16:47:25 - [TEST_STEP][PASSED] - if (verifyElementPresent(findTestObject("Sayfalar/Giris_Sayfasi/PopupOK"), 5, OPTIONAL)): null

2021-11-19 16:47:25 - [MESSAGE][INFO] - Finding Test Object 'Object Repository/Sayfalar/Giris_Sayfasi/PopupOK'

2021-11-19 16:47:25 - [MESSAGE][INFO] - Checking object

2021-11-19 16:47:25 - [MESSAGE][INFO] - Finding web element from Test Object's properties

2021-11-19 16:47:25 - [MESSAGE][INFO] - Checking timeout

2021-11-19 16:47:25 - [MESSAGE][INFO] - Finding web element with id: 'Object Repository/Sayfalar/Giris_Sayfasi/PopupOK' located by 'By.cssSelector: .btn.btn-success' in '5' second(s)

2021-11-19 16:47:25 - [MESSAGE][INFO] - Smart Wait Function is triggered

2021-11-19 16:47:26 - [MESSAGE][INFO] - Found 1 web elements with id: 'Object Repository/Sayfalar/Giris_Sayfasi/PopupOK' located by 'By.cssSelector: .btn.btn-success' in '5' second(s)

2021-11-19 16:47:26 - [MESSAGE][PASSED] - Object 'Object Repository/Sayfalar/Giris_Sayfasi/PopupOK' is present

2021-11-19 16:47:26 - [TEST_STEP][PASSED] - click(findTestObject("Object Repository/Sayfalar/Giris_Sayfasi/PopupCarpiGiris")): Object: 'Object Repository/Sayfalar/Giris_Sayfasi/PopupCarpiGiris' is clicked on

2021-11-19 16:47:26 - [MESSAGE][INFO] - Finding Test Object 'Object Repository/Sayfalar/Giris_Sayfasi/PopupCarpiGiris'

2021-11-19 16:47:26 - [MESSAGE][INFO] - Checking object

2021-11-19 16:47:26 - [MESSAGE][INFO] - Finding web element from Test Object's properties

2021-11-19 16:47:26 - [MESSAGE][INFO] - Checking timeout

2021-11-19 16:47:26 - [MESSAGE][INFO] - Finding web element with id: 'Object Repository/Sayfalar/Giris_Sayfasi/PopupCarpiGiris' located by 'By.cssSelector: .bootbox-close-button.close' in '30' second(s)

2021-11-19 16:47:26 - [MESSAGE][INFO] - Smart Wait Function is triggered

2021-11-19 16:47:26 - [MESSAGE][INFO] - Found 1 web elements with id: 'Object Repository/Sayfalar/Giris_Sayfasi/PopupCarpiGiris' located by 'By.cssSelector: .bootbox-close-button.close' in '30' second(s)

2021-11-19 16:47:26 - [MESSAGE][INFO] - Clicking on object: 'Object Repository/Sayfalar/Giris_Sayfasi/PopupCarpiGiris'

2021-11-19 16:47:26 - [MESSAGE][PASSED] - Object: 'Object Repository/Sayfalar/Giris_Sayfasi/PopupCarpiGiris' is clicked on

2021-11-19 16:47:26 - [TEST_STEP][PASSED] - verifyElementVisible(findTestObject("Object Repository/Kullanici_Islemleri/KullaniciIslemleri")): Object 'Object Repository/Kullanici_Islemleri/KullaniciIslemleri' is visible

2021-11-19 16:47:26 - [MESSAGE][INFO] - Finding Test Object 'Object Repository/Kullanici_Islemleri/KullaniciIslemleri'

2021-11-19 16:47:27 - [MESSAGE][INFO] - Checking object

2021-11-19 16:47:27 - [MESSAGE][INFO] - Finding web element from Test Object's properties

2021-11-19 16:47:27 - [MESSAGE][INFO] - Checking timeout

2021-11-19 16:47:27 - [MESSAGE][INFO] - Finding web element with id: 'Object Repository/Kullanici_Islemleri/KullaniciIslemleri' located by 'By.cssSelector: .dropdown>a>img' in '30' second(s)

2021-11-19 16:47:27 - [MESSAGE][INFO] - Smart Wait Function is triggered

2021-11-19 16:47:27 - [MESSAGE][INFO] - Found 1 web elements with id: 'Object Repository/Kullanici_Islemleri/KullaniciIslemleri' located by 'By.cssSelector: .dropdown>a>img' in '30' second(s)

2021-11-19 16:47:27 - [MESSAGE][PASSED] - Object 'Object Repository/Kullanici_Islemleri/KullaniciIslemleri' is visible

2021-11-19 16:47:27 - [MESSAGE][PASSED] - Call Test Case 'Test Cases/Sayfalar/Giris_Sayfasi/Login' successfully

2021-11-19 16:47:27 - [MESSAGE][INFO] - Checking called Test Case

2021-11-19 16:47:27 - [MESSAGE][INFO] - Starting to call Test Case 'Test Cases/Menu/AnaMenuSecimi'

2021-11-19 16:47:27 - [TEST_CASE][PASSED] - Test Cases/Menu/AnaMenuSecimi: Test Cases/Menu/AnaMenuSecimi

2021-11-19 16:47:28 - [TEST_STEP][PASSED] - Method.TextDegerineEsitElementeTikla(findTestObject("Menu/Ana_Menu"), Ana_Menu): Method.TextDegerineEsitElementeTikla is PASSED

2021-11-19 16:47:28 - [MESSAGE][INFO] - Finding Test Object 'Object Repository/Menu/Ana_Menu'

2021-11-19 16:47:28 - [MESSAGE][INFO] - Checking timeout

2021-11-19 16:47:28 - [MESSAGE][INFO] - Finding web element with id: 'Object Repository/Menu/Ana_Menu' located by 'By.xpath: //*[@class = 'dropdown-toggle']' in '10' second(s)

2021-11-19 16:47:28 - [MESSAGE][INFO] - Smart Wait Function is triggered

2021-11-19 16:47:28 - [MESSAGE][INFO] - Found 13 web elements with id: 'Object Repository/Menu/Ana_Menu' located by 'By.xpath: //*[@class = 'dropdown-toggle']' in '10' second(s)

2021-11-19 16:47:28 - [MESSAGE][PASSED] - Method.TextDegerineEsitElementeTikla is PASSED

2021-11-19 16:47:28 - [MESSAGE][PASSED] - Call Test Case 'Test Cases/Menu/AnaMenuSecimi' successfully

2021-11-19 16:47:28 - [MESSAGE][INFO] - Checking called Test Case

2021-11-19 16:47:28 - [MESSAGE][INFO] - Starting to call Test Case 'Test Cases/Menu/BasligaGoreAltMenuSecimi'

2021-11-19 16:47:29 - [TEST_CASE][PASSED] - Test Cases/Menu/BasligaGoreAltMenuSecimi: Test Cases/Menu/BasligaGoreAltMenuSecimi

2021-11-19 16:47:29 - [TEST_STEP][PASSED] - Method.TextDegerineEsitElementinAltindakiTextDegerineEsitOlanaTikla(findTestObject("Menu/Menu_Basligi"), findTestObject("Menu/Basliga_Gore_Alt_Menu"), Baslik, Alt_Menu): Method.TextDegerineEsitElementinAltindakiTextDegerineEsitOlanaTikla is PASSED

2021-11-19 16:47:29 - [MESSAGE][INFO] - Finding Test Object 'Object Repository/Menu/Menu_Basligi'

2021-11-19 16:47:29 - [MESSAGE][INFO] - Finding Test Object 'Object Repository/Menu/Basliga_Gore_Alt_Menu'

2021-11-19 16:47:29 - [MESSAGE][INFO] - Checking timeout

2021-11-19 16:47:29 - [MESSAGE][INFO] - Finding web element with id: 'Object Repository/Menu/Menu_Basligi' located by 'By.xpath: //li[@class='dropdown dropdown-large open']//li[@class='dropdown-header']' in '10' second(s)

2021-11-19 16:47:29 - [MESSAGE][INFO] - Smart Wait Function is triggered

2021-11-19 16:47:30 - [MESSAGE][INFO] - Found 2 web elements with id: 'Object Repository/Menu/Menu_Basligi' located by 'By.xpath: //li[@class='dropdown dropdown-large open']//li[@class='dropdown-header']' in '10' second(s)

2021-11-19 16:47:30 - [MESSAGE][INFO] - Smart Wait Function is triggered

2021-11-19 16:47:32 - [MESSAGE][PASSED] - Method.TextDegerineEsitElementinAltindakiTextDegerineEsitOlanaTikla is PASSED

2021-11-19 16:47:32 - [MESSAGE][PASSED] - Call Test Case 'Test Cases/Menu/BasligaGoreAltMenuSecimi' successfully

2021-11-19 16:47:32 - [MESSAGE][INFO] - Checking called Test Case

2021-11-19 16:47:32 - [MESSAGE][INFO] - Starting to call Test Case 'Test Cases/Tablo/Olusturma Tarihi'

2021-11-19 16:47:32 - [TEST_CASE][PASSED] - Test Cases/Tablo/Olusturma Tarihi: Test Cases/Tablo/Olusturma Tarihi

2021-11-19 16:47:33 - [TEST_STEP][PASSED] - if (verifyTextNotPresent("Görüntülenecek veri yok", true, OPTIONAL)): null

2021-11-19 16:47:33 - [MESSAGE][INFO] - Checking text present  using regular expression

2021-11-19 16:47:33 - [MESSAGE][INFO] - Smart Wait Function is triggered

2021-11-19 16:47:33 - [MESSAGE][INFO] - Finding text 'Görüntülenecek veri yok' on page  using regular expression

2021-11-19 16:47:33 - [MESSAGE][PASSED] - Text 'Görüntülenecek veri yok' is not present on page using regular expression

2021-11-19 16:47:33 - [TEST_STEP][PASSED] - click(findTestObject("Temizle/Olusturma_Tarihi_CheckBox")): Object: 'Object Repository/Temizle/Olusturma_Tarihi_CheckBox' is clicked on

2021-11-19 16:47:33 - [MESSAGE][INFO] - Finding Test Object 'Object Repository/Temizle/Olusturma_Tarihi_CheckBox'

2021-11-19 16:47:33 - [MESSAGE][INFO] - Checking object

2021-11-19 16:47:33 - [MESSAGE][INFO] - Finding web element from Test Object's properties

2021-11-19 16:47:33 - [MESSAGE][INFO] - Checking timeout

2021-11-19 16:47:33 - [MESSAGE][INFO] - Finding web element with id: 'Object Repository/Temizle/Olusturma_Tarihi_CheckBox' located by 'By.xpath: //*[@title = 'Bu sayfadaki tüm satırları Seç']' in '30' second(s)

2021-11-19 16:47:33 - [MESSAGE][INFO] - Smart Wait Function is triggered

2021-11-19 16:47:34 - [MESSAGE][INFO] - Found 1 web elements with id: 'Object Repository/Temizle/Olusturma_Tarihi_CheckBox' located by 'By.xpath: //*[@title = 'Bu sayfadaki tüm satırları Seç']' in '30' second(s)

2021-11-19 16:47:34 - [MESSAGE][INFO] - Clicking on object: 'Object Repository/Temizle/Olusturma_Tarihi_CheckBox'

2021-11-19 16:47:34 - [MESSAGE][PASSED] - Object: 'Object Repository/Temizle/Olusturma_Tarihi_CheckBox' is clicked on

2021-11-19 16:47:34 - [TEST_STEP][PASSED] - Method.TextDegerineEsitElementeTiklaEquals(findTestObject("Butonlar/Butonlar"), "Sil"): Method.TextDegerineEsitElementeTiklaEquals is PASSED

2021-11-19 16:47:34 - [MESSAGE][INFO] - Finding Test Object 'Object Repository/Butonlar/Butonlar'

2021-11-19 16:47:34 - [MESSAGE][INFO] - Checking timeout

2021-11-19 16:47:34 - [MESSAGE][INFO] - Finding web element with id: 'Object Repository/Butonlar/Butonlar' located by 'By.cssSelector: .panel.panel-default.text-center.footerPanel .btn,.btn.btn-primary.btnControls' in '10' second(s)

2021-11-19 16:47:34 - [MESSAGE][INFO] - Smart Wait Function is triggered

2021-11-19 16:47:34 - [MESSAGE][INFO] - Found 9 web elements with id: 'Object Repository/Butonlar/Butonlar' located by 'By.cssSelector: .panel.panel-default.text-center.footerPanel .btn,.btn.btn-primary.btnControls' in '10' second(s)

2021-11-19 16:47:34 - [MESSAGE][PASSED] - Method.TextDegerineEsitElementeTiklaEquals is PASSED

2021-11-19 16:47:34 - [TEST_STEP][PASSED] - Method.TextDegerineEsitElementeTikla(findTestObject("Popup/Popup_Butons"), "Evet"): Method.TextDegerineEsitElementeTikla is PASSED

2021-11-19 16:47:34 - [MESSAGE][INFO] - Finding Test Object 'Object Repository/Popup/Popup_Butons'

2021-11-19 16:47:34 - [MESSAGE][INFO] - Checking timeout

2021-11-19 16:47:34 - [MESSAGE][INFO] - Finding web element with id: 'Object Repository/Popup/Popup_Butons' located by 'By.cssSelector: .modal-footer>button' in '10' second(s)

2021-11-19 16:47:34 - [MESSAGE][INFO] - Smart Wait Function is triggered

2021-11-19 16:47:35 - [MESSAGE][INFO] - Found 2 web elements with id: 'Object Repository/Popup/Popup_Butons' located by 'By.cssSelector: .modal-footer>button' in '10' second(s)

2021-11-19 16:47:35 - [MESSAGE][PASSED] - Method.TextDegerineEsitElementeTikla is PASSED

2021-11-19 16:47:35 - [TEST_STEP][PASSED] - Method.TextDegerineEsitElementeTikla(findTestObject("Popup/Popup_Butons"), "Tamam"): Method.TextDegerineEsitElementeTikla is PASSED

2021-11-19 16:47:35 - [MESSAGE][INFO] - Finding Test Object 'Object Repository/Popup/Popup_Butons'

2021-11-19 16:47:36 - [MESSAGE][INFO] - Checking timeout

2021-11-19 16:47:36 - [MESSAGE][INFO] - Finding web element with id: 'Object Repository/Popup/Popup_Butons' located by 'By.cssSelector: .modal-footer>button' in '10' second(s)

2021-11-19 16:47:36 - [MESSAGE][INFO] - Smart Wait Function is triggered

2021-11-19 16:47:36 - [MESSAGE][INFO] - Found 1 web elements with id: 'Object Repository/Popup/Popup_Butons' located by 'By.cssSelector: .modal-footer>button' in '10' second(s)

2021-11-19 16:47:36 - [MESSAGE][PASSED] - Method.TextDegerineEsitElementeTikla is PASSED

2021-11-19 16:47:36 - [MESSAGE][PASSED] - Call Test Case 'Test Cases/Tablo/Olusturma Tarihi' successfully

2021-11-19 16:47:36 - [MESSAGE][INFO] - Checking called Test Case

2021-11-19 16:47:36 - [MESSAGE][INFO] - Starting to call Test Case 'Test Cases/Butonlar/ButonaTikla'

2021-11-19 16:47:36 - [TEST_CASE][PASSED] - Test Cases/Butonlar/ButonaTikla: Test Cases/Butonlar/ButonaTikla

2021-11-19 16:47:37 - [TEST_STEP][PASSED] - Method.TextDegerineEsitElementeTiklaEquals(findTestObject("Butonlar/Butonlar"), Buton_Adi): Method.TextDegerineEsitElementeTiklaEquals is PASSED

2021-11-19 16:47:37 - [MESSAGE][INFO] - Finding Test Object 'Object Repository/Butonlar/Butonlar'

2021-11-19 16:47:37 - [MESSAGE][INFO] - Checking timeout

2021-11-19 16:47:37 - [MESSAGE][INFO] - Finding web element with id: 'Object Repository/Butonlar/Butonlar' located by 'By.cssSelector: .panel.panel-default.text-center.footerPanel .btn,.btn.btn-primary.btnControls' in '10' second(s)

2021-11-19 16:47:37 - [MESSAGE][INFO] - Smart Wait Function is triggered

2021-11-19 16:47:37 - [MESSAGE][INFO] - Found 9 web elements with id: 'Object Repository/Butonlar/Butonlar' located by 'By.cssSelector: .panel.panel-default.text-center.footerPanel .btn,.btn.btn-primary.btnControls' in '10' second(s)

2021-11-19 16:47:37 - [MESSAGE][PASSED] - Method.TextDegerineEsitElementeTiklaEquals is PASSED

2021-11-19 16:47:38 - [MESSAGE][PASSED] - Call Test Case 'Test Cases/Butonlar/ButonaTikla' successfully

2021-11-19 16:47:38 - [MESSAGE][INFO] - Checking called Test Case

2021-11-19 16:47:38 - [MESSAGE][INFO] - Starting to call Test Case 'Test Cases/Olusturma/Genel/GorselTasarimSayfasıBasligiIceriyorMu'

2021-11-19 16:47:38 - [TEST_CASE][PASSED] - Test Cases/Olusturma/Genel/GorselTasarimSayfasıBasligiIceriyorMu: Test Cases/Olusturma/Genel/GorselTasarimSayfasıBasligiIceriyorMu

2021-11-19 16:47:38 - [TEST_STEP][PASSED] - verifyElementText(findTestObject("Object Repository/Olusturma/Genel/GorselTasarimBaslik"), Baslik): Actual text and expected text of test object 'Object Repository/Olusturma/Genel/GorselTasarimBaslik' are matched.

2021-11-19 16:47:38 - [MESSAGE][INFO] - Finding Test Object 'Object Repository/Olusturma/Genel/GorselTasarimBaslik'

2021-11-19 16:47:38 - [MESSAGE][INFO] - Checking object

2021-11-19 16:47:38 - [MESSAGE][INFO] - Finding web element from Test Object's properties

2021-11-19 16:47:38 - [MESSAGE][INFO] - Checking timeout

2021-11-19 16:47:38 - [MESSAGE][INFO] - Finding web element with id: 'Object Repository/Olusturma/Genel/GorselTasarimBaslik' located by 'By.cssSelector: #flAlici_0>div>span' in '30' second(s)

2021-11-19 16:47:38 - [MESSAGE][INFO] - Smart Wait Function is triggered

2021-11-19 16:47:45 - [MESSAGE][INFO] - Found 1 web elements with id: 'Object Repository/Olusturma/Genel/GorselTasarimBaslik' located by 'By.cssSelector: #flAlici_0>div>span' in '30' second(s)

2021-11-19 16:47:45 - [MESSAGE][PASSED] - Actual text and expected text of test object 'Object Repository/Olusturma/Genel/GorselTasarimBaslik' are matched.

2021-11-19 16:47:45 - [MESSAGE][PASSED] - Call Test Case 'Test Cases/Olusturma/Genel/GorselTasarimSayfasıBasligiIceriyorMu' successfully

2021-11-19 16:47:45 - [MESSAGE][INFO] - Checking called Test Case

2021-11-19 16:47:45 - [MESSAGE][INFO] - Starting to call Test Case 'Test Cases/Olusturma/Genel/AliciSecilir'

2021-11-19 16:47:45 - [TEST_CASE][PASSED] - Test Cases/Olusturma/Genel/AliciSecilir: Test Cases/Olusturma/Genel/AliciSecilir

2021-11-19 16:47:45 - [TEST_STEP][PASSED] - click(findTestObject("Olusturma/Genel/AliciBilgisi/Alici_Ara")): Object: 'Object Repository/Olusturma/Genel/AliciBilgisi/Alici_Ara' is clicked on

2021-11-19 16:47:45 - [MESSAGE][INFO] - Finding Test Object 'Object Repository/Olusturma/Genel/AliciBilgisi/Alici_Ara'

2021-11-19 16:47:45 - [MESSAGE][INFO] - Checking object

2021-11-19 16:47:45 - [MESSAGE][INFO] - Finding web element from Test Object's properties

2021-11-19 16:47:45 - [MESSAGE][INFO] - Checking timeout

2021-11-19 16:47:45 - [MESSAGE][INFO] - Finding web element with id: 'Object Repository/Olusturma/Genel/AliciBilgisi/Alici_Ara' located by 'By.xpath: //td[@id='txtCustomerText_B-1']' in '30' second(s)

2021-11-19 16:47:45 - [MESSAGE][INFO] - Smart Wait Function is triggered

2021-11-19 16:47:46 - [MESSAGE][INFO] - Found 1 web elements with id: 'Object Repository/Olusturma/Genel/AliciBilgisi/Alici_Ara' located by 'By.xpath: //td[@id='txtCustomerText_B-1']' in '30' second(s)

2021-11-19 16:47:46 - [MESSAGE][INFO] - Clicking on object: 'Object Repository/Olusturma/Genel/AliciBilgisi/Alici_Ara'

2021-11-19 16:47:46 - [MESSAGE][PASSED] - Object: 'Object Repository/Olusturma/Genel/AliciBilgisi/Alici_Ara' is clicked on

2021-11-19 16:47:46 - [TEST_STEP][PASSED] - click(findTestObject("Olusturma/Genel/AliciBilgisi/Alici_Bilgisi")): Object: 'Object Repository/Olusturma/Genel/AliciBilgisi/Alici_Bilgisi' is clicked on

2021-11-19 16:47:46 - [MESSAGE][INFO] - Finding Test Object 'Object Repository/Olusturma/Genel/AliciBilgisi/Alici_Bilgisi'

2021-11-19 16:47:46 - [MESSAGE][INFO] - Checking object

2021-11-19 16:47:46 - [MESSAGE][INFO] - Finding web element from Test Object's properties

2021-11-19 16:47:46 - [MESSAGE][INFO] - Checking timeout

2021-11-19 16:47:46 - [MESSAGE][INFO] - Finding web element with id: 'Object Repository/Olusturma/Genel/AliciBilgisi/Alici_Bilgisi' located by 'By.xpath: //iframe[@id='customerselectiframe']' in '30' second(s)

2021-11-19 16:47:46 - [MESSAGE][INFO] - Smart Wait Function is triggered

2021-11-19 16:47:46 - [MESSAGE][INFO] - Found 1 web elements with id: 'Object Repository/Olusturma/Genel/AliciBilgisi/Alici_Bilgisi' located by 'By.xpath: //iframe[@id='customerselectiframe']' in '30' second(s)

2021-11-19 16:47:46 - [MESSAGE][INFO] - Clicking on object: 'Object Repository/Olusturma/Genel/AliciBilgisi/Alici_Bilgisi'

2021-11-19 16:47:46 - [MESSAGE][PASSED] - Object: 'Object Repository/Olusturma/Genel/AliciBilgisi/Alici_Bilgisi' is clicked on

2021-11-19 16:47:46 - [TEST_STEP][PASSED] - setText(findTestObject("Olusturma/Genel/AliciBilgisi/Alici_Gir"), Alici_Adi): Switching to default content

2021-11-19 16:47:46 - [MESSAGE][INFO] - Finding Test Object 'Object Repository/Olusturma/Genel/AliciBilgisi/Alici_Gir'

2021-11-19 16:47:47 - [MESSAGE][INFO] - Finding Test Object 'Object Repository/Olusturma/Genel/AliciBilgisi/Alici_Bilgisi'

2021-11-19 16:47:47 - [MESSAGE][INFO] - Checking object

2021-11-19 16:47:47 - [MESSAGE][INFO] - Checking text

2021-11-19 16:47:47 - [MESSAGE][INFO] - Object: 'Object Repository/Olusturma/Genel/AliciBilgisi/Alici_Gir' has parent object(s)

2021-11-19 16:47:47 - [MESSAGE][INFO] - Switching to iframe: 'Object Repository/Olusturma/Genel/AliciBilgisi/Alici_Bilgisi'

2021-11-19 16:47:47 - [MESSAGE][INFO] - Finding web element from Test Object's properties

2021-11-19 16:47:47 - [MESSAGE][INFO] - Checking timeout

2021-11-19 16:47:47 - [MESSAGE][INFO] - Finding web element with id: 'Object Repository/Olusturma/Genel/AliciBilgisi/Alici_Bilgisi' located by 'By.xpath: //iframe[@id='customerselectiframe']' in '30' second(s)

2021-11-19 16:47:47 - [MESSAGE][INFO] - Smart Wait Function is triggered

2021-11-19 16:47:47 - [MESSAGE][INFO] - Found 1 web elements with id: 'Object Repository/Olusturma/Genel/AliciBilgisi/Alici_Bilgisi' located by 'By.xpath: //iframe[@id='customerselectiframe']' in '30' second(s)

2021-11-19 16:47:47 - [MESSAGE][INFO] - Switched to iframe: 'Object Repository/Olusturma/Genel/AliciBilgisi/Alici_Bilgisi'

2021-11-19 16:47:47 - [MESSAGE][INFO] - Finding web element from Test Object's properties

2021-11-19 16:47:47 - [MESSAGE][INFO] - Checking timeout

2021-11-19 16:47:47 - [MESSAGE][INFO] - Finding web element with id: 'Object Repository/Olusturma/Genel/AliciBilgisi/Alici_Gir' located by 'By.xpath: //input[@id='GridViewCustomer_DXFREditorcol1_I']' in '30' second(s)

2021-11-19 16:47:47 - [MESSAGE][INFO] - Smart Wait Function is triggered

2021-11-19 16:47:47 - [MESSAGE][INFO] - Found 1 web elements with id: 'Object Repository/Olusturma/Genel/AliciBilgisi/Alici_Gir' located by 'By.xpath: //input[@id='GridViewCustomer_DXFREditorcol1_I']' in '30' second(s)

2021-11-19 16:47:47 - [MESSAGE][INFO] - Clearing text of object 'Object Repository/Olusturma/Genel/AliciBilgisi/Alici_Gir'

2021-11-19 16:47:47 - [MESSAGE][INFO] - Finding web element from Test Object's properties

2021-11-19 16:47:47 - [MESSAGE][INFO] - Checking timeout

2021-11-19 16:47:47 - [MESSAGE][INFO] - Finding web element with id: 'Object Repository/Olusturma/Genel/AliciBilgisi/Alici_Gir' located by 'By.xpath: //input[@id='GridViewCustomer_DXFREditorcol1_I']' in '30' second(s)

2021-11-19 16:47:47 - [MESSAGE][INFO] - Smart Wait Function is triggered

2021-11-19 16:47:47 - [MESSAGE][INFO] - Found 1 web elements with id: 'Object Repository/Olusturma/Genel/AliciBilgisi/Alici_Gir' located by 'By.xpath: //input[@id='GridViewCustomer_DXFREditorcol1_I']' in '30' second(s)

2021-11-19 16:47:47 - [MESSAGE][INFO] - Setting text of object 'Object Repository/Olusturma/Genel/AliciBilgisi/Alici_Gir' to value 'UC0001'

2021-11-19 16:47:47 - [MESSAGE][PASSED] - Text 'UC0001' is set on object 'Object Repository/Olusturma/Genel/AliciBilgisi/Alici_Gir'

2021-11-19 16:47:47 - [MESSAGE][INFO] - Switching to default content

2021-11-19 16:47:47 - [TEST_STEP][PASSED] - waitForElementClickable(findTestObject("Olusturma/Genel/AliciBilgisi/Alici_Adi"), 10): Switching to default content

2021-11-19 16:47:47 - [MESSAGE][INFO] - Finding Test Object 'Object Repository/Olusturma/Genel/AliciBilgisi/Alici_Adi'

2021-11-19 16:47:48 - [MESSAGE][INFO] - Finding Test Object 'Object Repository/Olusturma/Genel/AliciBilgisi/iframe_Alc Bilgisi_customerselectiframe'

2021-11-19 16:47:48 - [MESSAGE][INFO] - Checking object

2021-11-19 16:47:48 - [MESSAGE][INFO] - Checking timeout

2021-11-19 16:47:48 - [MESSAGE][INFO] - Object: 'Object Repository/Olusturma/Genel/AliciBilgisi/Alici_Adi' has parent object(s)

2021-11-19 16:47:48 - [MESSAGE][INFO] - Switching to iframe: 'Object Repository/Olusturma/Genel/AliciBilgisi/iframe_Alc Bilgisi_customerselectiframe'

2021-11-19 16:47:48 - [MESSAGE][INFO] - Finding web element from Test Object's properties

2021-11-19 16:47:48 - [MESSAGE][INFO] - Checking timeout

2021-11-19 16:47:48 - [MESSAGE][INFO] - Finding web element with id: 'Object Repository/Olusturma/Genel/AliciBilgisi/iframe_Alc Bilgisi_customerselectiframe' located by 'By.xpath: //iframe[@id='customerselectiframe']' in '10' second(s)

2021-11-19 16:47:48 - [MESSAGE][INFO] - Smart Wait Function is triggered

2021-11-19 16:47:48 - [MESSAGE][INFO] - Found 1 web elements with id: 'Object Repository/Olusturma/Genel/AliciBilgisi/iframe_Alc Bilgisi_customerselectiframe' located by 'By.xpath: //iframe[@id='customerselectiframe']' in '10' second(s)

2021-11-19 16:47:48 - [MESSAGE][INFO] - Switched to iframe: 'Object Repository/Olusturma/Genel/AliciBilgisi/iframe_Alc Bilgisi_customerselectiframe'

2021-11-19 16:47:48 - [MESSAGE][INFO] - Finding web element from Test Object's properties

2021-11-19 16:47:48 - [MESSAGE][INFO] - Checking timeout

2021-11-19 16:47:48 - [MESSAGE][INFO] - Finding web element with id: 'Object Repository/Olusturma/Genel/AliciBilgisi/Alici_Adi' located by 'By.xpath: //tr[@id='GridViewCustomer_DXDataRow0']/td[2]' in '10' second(s)

2021-11-19 16:47:48 - [MESSAGE][INFO] - Smart Wait Function is triggered

2021-11-19 16:47:48 - [MESSAGE][INFO] - Found 1 web elements with id: 'Object Repository/Olusturma/Genel/AliciBilgisi/Alici_Adi' located by 'By.xpath: //tr[@id='GridViewCustomer_DXDataRow0']/td[2]' in '10' second(s)

2021-11-19 16:47:48 - [MESSAGE][PASSED] - Object 'Object Repository/Olusturma/Genel/AliciBilgisi/Alici_Adi' is clickable

2021-11-19 16:47:48 - [MESSAGE][INFO] - Switching to default content

2021-11-19 16:47:48 - [TEST_STEP][PASSED] - click(findTestObject("Olusturma/Genel/AliciBilgisi/frame")): Switching to default content

2021-11-19 16:47:48 - [MESSAGE][INFO] - Finding Test Object 'Object Repository/Olusturma/Genel/AliciBilgisi/frame'

2021-11-19 16:47:48 - [MESSAGE][INFO] - Finding Test Object 'Object Repository/Olusturma/Genel/AliciBilgisi/iframe_Alc Bilgisi_customerselectiframe'

2021-11-19 16:47:49 - [MESSAGE][INFO] - Checking object

2021-11-19 16:47:49 - [MESSAGE][INFO] - Object: 'Object Repository/Olusturma/Genel/AliciBilgisi/frame' has parent object(s)

2021-11-19 16:47:49 - [MESSAGE][INFO] - Switching to iframe: 'Object Repository/Olusturma/Genel/AliciBilgisi/iframe_Alc Bilgisi_customerselectiframe'

2021-11-19 16:47:49 - [MESSAGE][INFO] - Finding web element from Test Object's properties

2021-11-19 16:47:49 - [MESSAGE][INFO] - Checking timeout

2021-11-19 16:47:49 - [MESSAGE][INFO] - Finding web element with id: 'Object Repository/Olusturma/Genel/AliciBilgisi/iframe_Alc Bilgisi_customerselectiframe' located by 'By.xpath: //iframe[@id='customerselectiframe']' in '30' second(s)

2021-11-19 16:47:49 - [MESSAGE][INFO] - Smart Wait Function is triggered

2021-11-19 16:47:49 - [MESSAGE][INFO] - Found 1 web elements with id: 'Object Repository/Olusturma/Genel/AliciBilgisi/iframe_Alc Bilgisi_customerselectiframe' located by 'By.xpath: //iframe[@id='customerselectiframe']' in '30' second(s)

2021-11-19 16:47:49 - [MESSAGE][INFO] - Switched to iframe: 'Object Repository/Olusturma/Genel/AliciBilgisi/iframe_Alc Bilgisi_customerselectiframe'

2021-11-19 16:47:49 - [MESSAGE][INFO] - Finding web element from Test Object's properties

2021-11-19 16:47:49 - [MESSAGE][INFO] - Checking timeout

2021-11-19 16:47:49 - [MESSAGE][INFO] - Finding web element with id: 'Object Repository/Olusturma/Genel/AliciBilgisi/frame' located by 'By.xpath: //*/text()[normalize-space(.)='']/parent::*' in '30' second(s)

2021-11-19 16:47:49 - [MESSAGE][INFO] - Smart Wait Function is triggered

2021-11-19 16:47:49 - [MESSAGE][INFO] - Found 64 web elements with id: 'Object Repository/Olusturma/Genel/AliciBilgisi/frame' located by 'By.xpath: //*/text()[normalize-space(.)='']/parent::*' in '30' second(s)

2021-11-19 16:47:49 - [MESSAGE][INFO] - Clicking on object: 'Object Repository/Olusturma/Genel/AliciBilgisi/frame'

2021-11-19 16:47:49 - [MESSAGE][PASSED] - Object: 'Object Repository/Olusturma/Genel/AliciBilgisi/frame' is clicked on

2021-11-19 16:47:49 - [MESSAGE][INFO] - Switching to default content

2021-11-19 16:47:49 - [TEST_STEP][PASSED] - click(findTestObject("Olusturma/Genel/AliciBilgisi/Alici_Adi")): Switching to default content

2021-11-19 16:47:49 - [MESSAGE][INFO] - Finding Test Object 'Object Repository/Olusturma/Genel/AliciBilgisi/Alici_Adi'

2021-11-19 16:47:49 - [MESSAGE][INFO] - Finding Test Object 'Object Repository/Olusturma/Genel/AliciBilgisi/iframe_Alc Bilgisi_customerselectiframe'

2021-11-19 16:47:49 - [MESSAGE][INFO] - Checking object

2021-11-19 16:47:49 - [MESSAGE][INFO] - Object: 'Object Repository/Olusturma/Genel/AliciBilgisi/Alici_Adi' has parent object(s)

2021-11-19 16:47:49 - [MESSAGE][INFO] - Switching to iframe: 'Object Repository/Olusturma/Genel/AliciBilgisi/iframe_Alc Bilgisi_customerselectiframe'

2021-11-19 16:47:49 - [MESSAGE][INFO] - Finding web element from Test Object's properties

2021-11-19 16:47:49 - [MESSAGE][INFO] - Checking timeout

2021-11-19 16:47:49 - [MESSAGE][INFO] - Finding web element with id: 'Object Repository/Olusturma/Genel/AliciBilgisi/iframe_Alc Bilgisi_customerselectiframe' located by 'By.xpath: //iframe[@id='customerselectiframe']' in '30' second(s)

2021-11-19 16:47:49 - [MESSAGE][INFO] - Smart Wait Function is triggered

2021-11-19 16:47:50 - [MESSAGE][INFO] - Found 1 web elements with id: 'Object Repository/Olusturma/Genel/AliciBilgisi/iframe_Alc Bilgisi_customerselectiframe' located by 'By.xpath: //iframe[@id='customerselectiframe']' in '30' second(s)

2021-11-19 16:47:50 - [MESSAGE][INFO] - Switched to iframe: 'Object Repository/Olusturma/Genel/AliciBilgisi/iframe_Alc Bilgisi_customerselectiframe'

2021-11-19 16:47:50 - [MESSAGE][INFO] - Finding web element from Test Object's properties

2021-11-19 16:47:50 - [MESSAGE][INFO] - Checking timeout

2021-11-19 16:47:50 - [MESSAGE][INFO] - Finding web element with id: 'Object Repository/Olusturma/Genel/AliciBilgisi/Alici_Adi' located by 'By.xpath: //tr[@id='GridViewCustomer_DXDataRow0']/td[2]' in '30' second(s)

2021-11-19 16:47:50 - [MESSAGE][INFO] - Smart Wait Function is triggered

2021-11-19 16:47:50 - [MESSAGE][INFO] - Found 1 web elements with id: 'Object Repository/Olusturma/Genel/AliciBilgisi/Alici_Adi' located by 'By.xpath: //tr[@id='GridViewCustomer_DXDataRow0']/td[2]' in '30' second(s)

2021-11-19 16:47:50 - [MESSAGE][INFO] - Clicking on object: 'Object Repository/Olusturma/Genel/AliciBilgisi/Alici_Adi'

2021-11-19 16:47:50 - [MESSAGE][PASSED] - Object: 'Object Repository/Olusturma/Genel/AliciBilgisi/Alici_Adi' is clicked on

2021-11-19 16:47:50 - [MESSAGE][INFO] - Switching to default content

2021-11-19 16:47:50 - [TEST_STEP][PASSED] - click(findTestObject("Olusturma/Genel/AliciBilgisi/Tamam_Bosluk")): Switching to default content

2021-11-19 16:47:50 - [MESSAGE][INFO] - Finding Test Object 'Object Repository/Olusturma/Genel/AliciBilgisi/Tamam_Bosluk'

2021-11-19 16:47:50 - [MESSAGE][INFO] - Finding Test Object 'Object Repository/Olusturma/Genel/AliciBilgisi/Alici_Bilgisi'

2021-11-19 16:47:50 - [MESSAGE][INFO] - Checking object

2021-11-19 16:47:50 - [MESSAGE][INFO] - Object: 'Object Repository/Olusturma/Genel/AliciBilgisi/Tamam_Bosluk' has parent object(s)

2021-11-19 16:47:50 - [MESSAGE][INFO] - Switching to iframe: 'Object Repository/Olusturma/Genel/AliciBilgisi/Alici_Bilgisi'

2021-11-19 16:47:50 - [MESSAGE][INFO] - Finding web element from Test Object's properties

2021-11-19 16:47:50 - [MESSAGE][INFO] - Checking timeout

2021-11-19 16:47:50 - [MESSAGE][INFO] - Finding web element with id: 'Object Repository/Olusturma/Genel/AliciBilgisi/Alici_Bilgisi' located by 'By.xpath: //iframe[@id='customerselectiframe']' in '30' second(s)

2021-11-19 16:47:50 - [MESSAGE][INFO] - Smart Wait Function is triggered

2021-11-19 16:47:51 - [MESSAGE][INFO] - Found 1 web elements with id: 'Object Repository/Olusturma/Genel/AliciBilgisi/Alici_Bilgisi' located by 'By.xpath: //iframe[@id='customerselectiframe']' in '30' second(s)

2021-11-19 16:47:51 - [MESSAGE][INFO] - Switched to iframe: 'Object Repository/Olusturma/Genel/AliciBilgisi/Alici_Bilgisi'

2021-11-19 16:47:51 - [MESSAGE][INFO] - Finding web element from Test Object's properties

2021-11-19 16:47:51 - [MESSAGE][INFO] - Checking timeout

2021-11-19 16:47:51 - [MESSAGE][INFO] - Finding web element with id: 'Object Repository/Olusturma/Genel/AliciBilgisi/Tamam_Bosluk' located by 'By.xpath: (.//*[normalize-space(text()) and normalize-space(.)='Sayfa Boyutu:'])[1]/following::div[7]' in '30' second(s)

2021-11-19 16:47:51 - [MESSAGE][INFO] - Smart Wait Function is triggered

2021-11-19 16:47:51 - [MESSAGE][INFO] - Found 1 web elements with id: 'Object Repository/Olusturma/Genel/AliciBilgisi/Tamam_Bosluk' located by 'By.xpath: (.//*[normalize-space(text()) and normalize-space(.)='Sayfa Boyutu:'])[1]/following::div[7]' in '30' second(s)

2021-11-19 16:47:51 - [MESSAGE][INFO] - Clicking on object: 'Object Repository/Olusturma/Genel/AliciBilgisi/Tamam_Bosluk'

2021-11-19 16:47:51 - [MESSAGE][PASSED] - Object: 'Object Repository/Olusturma/Genel/AliciBilgisi/Tamam_Bosluk' is clicked on

2021-11-19 16:47:51 - [MESSAGE][INFO] - Switching to default content

2021-11-19 16:47:51 - [TEST_STEP][PASSED] - waitForElementClickable(findTestObject("Olusturma/Genel/AliciBilgisi/Tamam_Butonu"), 10): Switching to default content

2021-11-19 16:47:51 - [MESSAGE][INFO] - Finding Test Object 'Object Repository/Olusturma/Genel/AliciBilgisi/Tamam_Butonu'

2021-11-19 16:47:51 - [MESSAGE][INFO] - Finding Test Object 'Object Repository/Olusturma/Genel/AliciBilgisi/Alici_Bilgisi'

2021-11-19 16:47:51 - [MESSAGE][INFO] - Checking object

2021-11-19 16:47:51 - [MESSAGE][INFO] - Checking timeout

2021-11-19 16:47:51 - [MESSAGE][INFO] - Object: 'Object Repository/Olusturma/Genel/AliciBilgisi/Tamam_Butonu' has parent object(s)

2021-11-19 16:47:51 - [MESSAGE][INFO] - Switching to iframe: 'Object Repository/Olusturma/Genel/AliciBilgisi/Alici_Bilgisi'

2021-11-19 16:47:51 - [MESSAGE][INFO] - Finding web element from Test Object's properties

2021-11-19 16:47:51 - [MESSAGE][INFO] - Checking timeout

2021-11-19 16:47:51 - [MESSAGE][INFO] - Finding web element with id: 'Object Repository/Olusturma/Genel/AliciBilgisi/Alici_Bilgisi' located by 'By.xpath: //iframe[@id='customerselectiframe']' in '10' second(s)

2021-11-19 16:47:51 - [MESSAGE][INFO] - Smart Wait Function is triggered

2021-11-19 16:47:51 - [MESSAGE][INFO] - Found 1 web elements with id: 'Object Repository/Olusturma/Genel/AliciBilgisi/Alici_Bilgisi' located by 'By.xpath: //iframe[@id='customerselectiframe']' in '10' second(s)

2021-11-19 16:47:51 - [MESSAGE][INFO] - Switched to iframe: 'Object Repository/Olusturma/Genel/AliciBilgisi/Alici_Bilgisi'

2021-11-19 16:47:51 - [MESSAGE][INFO] - Finding web element from Test Object's properties

2021-11-19 16:47:51 - [MESSAGE][INFO] - Checking timeout

2021-11-19 16:47:51 - [MESSAGE][INFO] - Finding web element with id: 'Object Repository/Olusturma/Genel/AliciBilgisi/Tamam_Butonu' located by 'By.xpath: //div[@id='btnSelectCustomer_CD']/span' in '10' second(s)

2021-11-19 16:47:51 - [MESSAGE][INFO] - Smart Wait Function is triggered

2021-11-19 16:47:51 - [MESSAGE][INFO] - Found 1 web elements with id: 'Object Repository/Olusturma/Genel/AliciBilgisi/Tamam_Butonu' located by 'By.xpath: //div[@id='btnSelectCustomer_CD']/span' in '10' second(s)

2021-11-19 16:47:51 - [MESSAGE][PASSED] - Object 'Object Repository/Olusturma/Genel/AliciBilgisi/Tamam_Butonu' is clickable

2021-11-19 16:47:51 - [MESSAGE][INFO] - Switching to default content

2021-11-19 16:47:51 - [TEST_STEP][PASSED] - click(findTestObject("Olusturma/Genel/AliciBilgisi/Tamam_Butonu")): Switching to default content

2021-11-19 16:47:51 - [MESSAGE][INFO] - Finding Test Object 'Object Repository/Olusturma/Genel/AliciBilgisi/Tamam_Butonu'

2021-11-19 16:47:51 - [MESSAGE][INFO] - Finding Test Object 'Object Repository/Olusturma/Genel/AliciBilgisi/Alici_Bilgisi'

2021-11-19 16:47:52 - [MESSAGE][INFO] - Checking object

2021-11-19 16:47:52 - [MESSAGE][INFO] - Object: 'Object Repository/Olusturma/Genel/AliciBilgisi/Tamam_Butonu' has parent object(s)

2021-11-19 16:47:52 - [MESSAGE][INFO] - Switching to iframe: 'Object Repository/Olusturma/Genel/AliciBilgisi/Alici_Bilgisi'

2021-11-19 16:47:52 - [MESSAGE][INFO] - Finding web element from Test Object's properties

2021-11-19 16:47:52 - [MESSAGE][INFO] - Checking timeout

2021-11-19 16:47:52 - [MESSAGE][INFO] - Finding web element with id: 'Object Repository/Olusturma/Genel/AliciBilgisi/Alici_Bilgisi' located by 'By.xpath: //iframe[@id='customerselectiframe']' in '30' second(s)

2021-11-19 16:47:52 - [MESSAGE][INFO] - Smart Wait Function is triggered

2021-11-19 16:47:52 - [MESSAGE][INFO] - Found 1 web elements with id: 'Object Repository/Olusturma/Genel/AliciBilgisi/Alici_Bilgisi' located by 'By.xpath: //iframe[@id='customerselectiframe']' in '30' second(s)

2021-11-19 16:47:52 - [MESSAGE][INFO] - Switched to iframe: 'Object Repository/Olusturma/Genel/AliciBilgisi/Alici_Bilgisi'

2021-11-19 16:47:52 - [MESSAGE][INFO] - Finding web element from Test Object's properties

2021-11-19 16:47:52 - [MESSAGE][INFO] - Checking timeout

2021-11-19 16:47:52 - [MESSAGE][INFO] - Finding web element with id: 'Object Repository/Olusturma/Genel/AliciBilgisi/Tamam_Butonu' located by 'By.xpath: //div[@id='btnSelectCustomer_CD']/span' in '30' second(s)

2021-11-19 16:47:52 - [MESSAGE][INFO] - Smart Wait Function is triggered

2021-11-19 16:47:52 - [MESSAGE][INFO] - Found 1 web elements with id: 'Object Repository/Olusturma/Genel/AliciBilgisi/Tamam_Butonu' located by 'By.xpath: //div[@id='btnSelectCustomer_CD']/span' in '30' second(s)

2021-11-19 16:47:52 - [MESSAGE][INFO] - Clicking on object: 'Object Repository/Olusturma/Genel/AliciBilgisi/Tamam_Butonu'

2021-11-19 16:47:52 - [MESSAGE][PASSED] - Object: 'Object Repository/Olusturma/Genel/AliciBilgisi/Tamam_Butonu' is clicked on

2021-11-19 16:47:52 - [MESSAGE][INFO] - Switching to default content

2021-11-19 16:47:52 - [TEST_STEP][PASSED] - waitForElementPresent(findTestObject("Olusturma/Genel/AliciBilgisi/VKN-TCKN"), 10): Object 'Object Repository/Olusturma/Genel/AliciBilgisi/VKN-TCKN' is present

2021-11-19 16:47:52 - [MESSAGE][INFO] - Finding Test Object 'Object Repository/Olusturma/Genel/AliciBilgisi/VKN-TCKN'

2021-11-19 16:47:52 - [MESSAGE][INFO] - Checking object

2021-11-19 16:47:52 - [MESSAGE][INFO] - Finding web element from Test Object's properties

2021-11-19 16:47:52 - [MESSAGE][INFO] - Checking timeout

2021-11-19 16:47:52 - [MESSAGE][INFO] - Finding web element with id: 'Object Repository/Olusturma/Genel/AliciBilgisi/VKN-TCKN' located by 'By.xpath: //*[@id = 'txtVknTckn_I']' in '10' second(s)

2021-11-19 16:47:52 - [MESSAGE][INFO] - Smart Wait Function is triggered

2021-11-19 16:47:53 - [MESSAGE][INFO] - Found 1 web elements with id: 'Object Repository/Olusturma/Genel/AliciBilgisi/VKN-TCKN' located by 'By.xpath: //*[@id = 'txtVknTckn_I']' in '10' second(s)

2021-11-19 16:47:53 - [MESSAGE][PASSED] - Object 'Object Repository/Olusturma/Genel/AliciBilgisi/VKN-TCKN' is present

2021-11-19 16:47:53 - [TEST_STEP][PASSED] - text = getAttribute(findTestObject("Olusturma/Genel/AliciBilgisi/VKN-TCKN"), "value"): Attribute 'value' of object 'Object Repository/Olusturma/Genel/AliciBilgisi/VKN-TCKN' is: '5321289071'

2021-11-19 16:47:53 - [MESSAGE][INFO] - Finding Test Object 'Object Repository/Olusturma/Genel/AliciBilgisi/VKN-TCKN'

2021-11-19 16:47:53 - [MESSAGE][INFO] - Checking object

2021-11-19 16:47:53 - [MESSAGE][INFO] - Checking attribute

2021-11-19 16:47:53 - [MESSAGE][INFO] - Finding web element from Test Object's properties

2021-11-19 16:47:53 - [MESSAGE][INFO] - Checking timeout

2021-11-19 16:47:53 - [MESSAGE][INFO] - Finding web element with id: 'Object Repository/Olusturma/Genel/AliciBilgisi/VKN-TCKN' located by 'By.xpath: //*[@id = 'txtVknTckn_I']' in '30' second(s)

2021-11-19 16:47:53 - [MESSAGE][INFO] - Smart Wait Function is triggered

2021-11-19 16:47:53 - [MESSAGE][INFO] - Found 1 web elements with id: 'Object Repository/Olusturma/Genel/AliciBilgisi/VKN-TCKN' located by 'By.xpath: //*[@id = 'txtVknTckn_I']' in '30' second(s)

2021-11-19 16:47:53 - [MESSAGE][INFO] - Getting attribute 'value' of object 'Object Repository/Olusturma/Genel/AliciBilgisi/VKN-TCKN'

2021-11-19 16:47:53 - [MESSAGE][PASSED] - Attribute 'value' of object 'Object Repository/Olusturma/Genel/AliciBilgisi/VKN-TCKN' is: '5321289071'

2021-11-19 16:47:53 - [TEST_STEP][PASSED] - if (text.equals("")): null

2021-11-19 16:47:53 - [MESSAGE][PASSED] - Call Test Case 'Test Cases/Olusturma/Genel/AliciSecilir' successfully

2021-11-19 16:47:53 - [MESSAGE][INFO] - Checking called Test Case

2021-11-19 16:47:53 - [MESSAGE][INFO] - Starting to call Test Case 'Test Cases/Olusturma/Genel/GonderimSekliSecilir'

2021-11-19 16:47:53 - [TEST_CASE][PASSED] - Test Cases/Olusturma/Genel/GonderimSekliSecilir: Test Cases/Olusturma/Genel/GonderimSekliSecilir

2021-11-19 16:47:54 - [TEST_STEP][PASSED] - waitForElementClickable(findTestObject("Object Repository/Olusturma/Genel/GonderimSekli/GonderimSekli"), 10): Object 'Object Repository/Olusturma/Genel/GonderimSekli/GonderimSekli' is clickable

2021-11-19 16:47:54 - [MESSAGE][INFO] - Finding Test Object 'Object Repository/Olusturma/Genel/GonderimSekli/GonderimSekli'

2021-11-19 16:47:54 - [MESSAGE][INFO] - Checking object

2021-11-19 16:47:54 - [MESSAGE][INFO] - Checking timeout

2021-11-19 16:47:54 - [MESSAGE][INFO] - Finding web element from Test Object's properties

2021-11-19 16:47:54 - [MESSAGE][INFO] - Checking timeout

2021-11-19 16:47:54 - [MESSAGE][INFO] - Finding web element with id: 'Object Repository/Olusturma/Genel/GonderimSekli/GonderimSekli' located by 'By.xpath: //*[@id = 'txtGonderimSekil_I']' in '10' second(s)

2021-11-19 16:47:54 - [MESSAGE][INFO] - Smart Wait Function is triggered

2021-11-19 16:47:54 - [MESSAGE][INFO] - Found 1 web elements with id: 'Object Repository/Olusturma/Genel/GonderimSekli/GonderimSekli' located by 'By.xpath: //*[@id = 'txtGonderimSekil_I']' in '10' second(s)

2021-11-19 16:47:54 - [MESSAGE][PASSED] - Object 'Object Repository/Olusturma/Genel/GonderimSekli/GonderimSekli' is clickable

2021-11-19 16:47:54 - [TEST_STEP][PASSED] - click(findTestObject("Object Repository/Olusturma/Genel/GonderimSekli/GonderimSekli")): Object: 'Object Repository/Olusturma/Genel/GonderimSekli/GonderimSekli' is clicked on

2021-11-19 16:47:54 - [MESSAGE][INFO] - Finding Test Object 'Object Repository/Olusturma/Genel/GonderimSekli/GonderimSekli'

2021-11-19 16:47:54 - [MESSAGE][INFO] - Checking object

2021-11-19 16:47:54 - [MESSAGE][INFO] - Finding web element from Test Object's properties

2021-11-19 16:47:54 - [MESSAGE][INFO] - Checking timeout

2021-11-19 16:47:54 - [MESSAGE][INFO] - Finding web element with id: 'Object Repository/Olusturma/Genel/GonderimSekli/GonderimSekli' located by 'By.xpath: //*[@id = 'txtGonderimSekil_I']' in '30' second(s)

2021-11-19 16:47:54 - [MESSAGE][INFO] - Smart Wait Function is triggered

2021-11-19 16:47:55 - [MESSAGE][INFO] - Found 1 web elements with id: 'Object Repository/Olusturma/Genel/GonderimSekli/GonderimSekli' located by 'By.xpath: //*[@id = 'txtGonderimSekil_I']' in '30' second(s)

2021-11-19 16:47:55 - [MESSAGE][INFO] - Clicking on object: 'Object Repository/Olusturma/Genel/GonderimSekli/GonderimSekli'

2021-11-19 16:47:55 - [MESSAGE][PASSED] - Object: 'Object Repository/Olusturma/Genel/GonderimSekli/GonderimSekli' is clicked on

2021-11-19 16:47:55 - [TEST_STEP][PASSED] - Method.TextDegerineEsitElementeTikla(findTestObject("Object Repository/Olusturma/Genel/GonderimSekli/GonderimSekliAdi"), GonderimSekli): Method.TextDegerineEsitElementeTikla is PASSED

2021-11-19 16:47:55 - [MESSAGE][INFO] - Finding Test Object 'Object Repository/Olusturma/Genel/GonderimSekli/GonderimSekliAdi'

2021-11-19 16:47:55 - [MESSAGE][INFO] - Checking timeout

2021-11-19 16:47:55 - [MESSAGE][INFO] - Finding web element with id: 'Object Repository/Olusturma/Genel/GonderimSekli/GonderimSekliAdi' located by 'By.cssSelector: #txtGonderimSekil_DDD_L_LBT td' in '10' second(s)

2021-11-19 16:47:55 - [MESSAGE][INFO] - Smart Wait Function is triggered

2021-11-19 16:47:55 - [MESSAGE][INFO] - Found 2 web elements with id: 'Object Repository/Olusturma/Genel/GonderimSekli/GonderimSekliAdi' located by 'By.cssSelector: #txtGonderimSekil_DDD_L_LBT td' in '10' second(s)

2021-11-19 16:47:55 - [MESSAGE][PASSED] - Method.TextDegerineEsitElementeTikla is PASSED

2021-11-19 16:47:55 - [MESSAGE][PASSED] - Call Test Case 'Test Cases/Olusturma/Genel/GonderimSekliSecilir' successfully

2021-11-19 16:47:55 - [MESSAGE][INFO] - Checking called Test Case

2021-11-19 16:47:55 - [MESSAGE][INFO] - Starting to call Test Case 'Test Cases/Olusturma/Genel/TipSecilir'

2021-11-19 16:47:55 - [TEST_CASE][PASSED] - Test Cases/Olusturma/Genel/TipSecilir: Test Cases/Olusturma/Genel/TipSecilir

2021-11-19 16:47:56 - [TEST_STEP][PASSED] - waitForElementClickable(findTestObject("Olusturma/Genel/TipSecilir/Tip"), 10): Object 'Object Repository/Olusturma/Genel/TipSecilir/Tip' is clickable

2021-11-19 16:47:56 - [MESSAGE][INFO] - Finding Test Object 'Object Repository/Olusturma/Genel/TipSecilir/Tip'

2021-11-19 16:47:56 - [MESSAGE][INFO] - Checking object

2021-11-19 16:47:56 - [MESSAGE][INFO] - Checking timeout

2021-11-19 16:47:56 - [MESSAGE][INFO] - Finding web element from Test Object's properties

2021-11-19 16:47:56 - [MESSAGE][INFO] - Checking timeout

2021-11-19 16:47:56 - [MESSAGE][INFO] - Finding web element with id: 'Object Repository/Olusturma/Genel/TipSecilir/Tip' located by 'By.xpath: //*[@id = 'DocumentTypeCode_I']' in '10' second(s)

2021-11-19 16:47:56 - [MESSAGE][INFO] - Smart Wait Function is triggered

2021-11-19 16:47:57 - [MESSAGE][INFO] - Found 1 web elements with id: 'Object Repository/Olusturma/Genel/TipSecilir/Tip' located by 'By.xpath: //*[@id = 'DocumentTypeCode_I']' in '10' second(s)

2021-11-19 16:47:57 - [MESSAGE][PASSED] - Object 'Object Repository/Olusturma/Genel/TipSecilir/Tip' is clickable

2021-11-19 16:47:57 - [TEST_STEP][PASSED] - click(findTestObject("Olusturma/Genel/TipSecilir/Tip")): Object: 'Object Repository/Olusturma/Genel/TipSecilir/Tip' is clicked on

2021-11-19 16:47:57 - [MESSAGE][INFO] - Finding Test Object 'Object Repository/Olusturma/Genel/TipSecilir/Tip'

2021-11-19 16:47:57 - [MESSAGE][INFO] - Checking object

2021-11-19 16:47:57 - [MESSAGE][INFO] - Finding web element from Test Object's properties

2021-11-19 16:47:57 - [MESSAGE][INFO] - Checking timeout

2021-11-19 16:47:57 - [MESSAGE][INFO] - Finding web element with id: 'Object Repository/Olusturma/Genel/TipSecilir/Tip' located by 'By.xpath: //*[@id = 'DocumentTypeCode_I']' in '30' second(s)

2021-11-19 16:47:57 - [MESSAGE][INFO] - Smart Wait Function is triggered

2021-11-19 16:47:57 - [MESSAGE][INFO] - Found 1 web elements with id: 'Object Repository/Olusturma/Genel/TipSecilir/Tip' located by 'By.xpath: //*[@id = 'DocumentTypeCode_I']' in '30' second(s)

2021-11-19 16:47:57 - [MESSAGE][INFO] - Clicking on object: 'Object Repository/Olusturma/Genel/TipSecilir/Tip'

2021-11-19 16:47:57 - [MESSAGE][PASSED] - Object: 'Object Repository/Olusturma/Genel/TipSecilir/Tip' is clicked on

2021-11-19 16:47:57 - [TEST_STEP][PASSED] - Method.TextDegerineEsitElementeTikla(findTestObject("Object Repository/Olusturma/Genel/TipSecilir/Tip_Adi"), Tip): Method.TextDegerineEsitElementeTikla is PASSED

2021-11-19 16:47:57 - [MESSAGE][INFO] - Finding Test Object 'Object Repository/Olusturma/Genel/TipSecilir/Tip_Adi'

2021-11-19 16:47:57 - [MESSAGE][INFO] - Checking timeout

2021-11-19 16:47:57 - [MESSAGE][INFO] - Finding web element with id: 'Object Repository/Olusturma/Genel/TipSecilir/Tip_Adi' located by 'By.cssSelector: #DocumentTypeCode_DDD_L_LBT td' in '10' second(s)

2021-11-19 16:47:57 - [MESSAGE][INFO] - Smart Wait Function is triggered

2021-11-19 16:47:58 - [MESSAGE][INFO] - Found 9 web elements with id: 'Object Repository/Olusturma/Genel/TipSecilir/Tip_Adi' located by 'By.cssSelector: #DocumentTypeCode_DDD_L_LBT td' in '10' second(s)

2021-11-19 16:47:58 - [MESSAGE][PASSED] - Method.TextDegerineEsitElementeTikla is PASSED

2021-11-19 16:47:58 - [MESSAGE][PASSED] - Call Test Case 'Test Cases/Olusturma/Genel/TipSecilir' successfully

2021-11-19 16:47:58 - [MESSAGE][INFO] - Checking called Test Case

2021-11-19 16:47:58 - [MESSAGE][INFO] - Starting to call Test Case 'Test Cases/Olusturma/Genel/DokumanParaBirimiSecilir'

2021-11-19 16:47:58 - [TEST_CASE][PASSED] - Test Cases/Olusturma/Genel/DokumanParaBirimiSecilir: Test Cases/Olusturma/Genel/DokumanParaBirimiSecilir

2021-11-19 16:47:59 - [TEST_STEP][PASSED] - waitForElementClickable(findTestObject("Object Repository/Olusturma/Genel/DokumanParaBirimiSecilir/Para"), 10): Object 'Object Repository/Olusturma/Genel/DokumanParaBirimiSecilir/Para' is clickable

2021-11-19 16:47:59 - [MESSAGE][INFO] - Finding Test Object 'Object Repository/Olusturma/Genel/DokumanParaBirimiSecilir/Para'

2021-11-19 16:47:59 - [MESSAGE][INFO] - Checking object

2021-11-19 16:47:59 - [MESSAGE][INFO] - Checking timeout

2021-11-19 16:47:59 - [MESSAGE][INFO] - Finding web element from Test Object's properties

2021-11-19 16:47:59 - [MESSAGE][INFO] - Checking timeout

2021-11-19 16:47:59 - [MESSAGE][INFO] - Finding web element with id: 'Object Repository/Olusturma/Genel/DokumanParaBirimiSecilir/Para' located by 'By.xpath: //*[@id = 'CurrencyUnit_I']' in '10' second(s)

2021-11-19 16:47:59 - [MESSAGE][INFO] - Smart Wait Function is triggered

2021-11-19 16:47:59 - [MESSAGE][INFO] - Found 1 web elements with id: 'Object Repository/Olusturma/Genel/DokumanParaBirimiSecilir/Para' located by 'By.xpath: //*[@id = 'CurrencyUnit_I']' in '10' second(s)

2021-11-19 16:48:00 - [MESSAGE][PASSED] - Object 'Object Repository/Olusturma/Genel/DokumanParaBirimiSecilir/Para' is clickable

2021-11-19 16:48:00 - [TEST_STEP][PASSED] - click(findTestObject("Object Repository/Olusturma/Genel/DokumanParaBirimiSecilir/Para")): Object: 'Object Repository/Olusturma/Genel/DokumanParaBirimiSecilir/Para' is clicked on

2021-11-19 16:48:00 - [MESSAGE][INFO] - Finding Test Object 'Object Repository/Olusturma/Genel/DokumanParaBirimiSecilir/Para'

2021-11-19 16:48:00 - [MESSAGE][INFO] - Checking object

2021-11-19 16:48:00 - [MESSAGE][INFO] - Finding web element from Test Object's properties

2021-11-19 16:48:00 - [MESSAGE][INFO] - Checking timeout

2021-11-19 16:48:00 - [MESSAGE][INFO] - Finding web element with id: 'Object Repository/Olusturma/Genel/DokumanParaBirimiSecilir/Para' located by 'By.xpath: //*[@id = 'CurrencyUnit_I']' in '30' second(s)

2021-11-19 16:48:00 - [MESSAGE][INFO] - Smart Wait Function is triggered

2021-11-19 16:48:00 - [MESSAGE][INFO] - Found 1 web elements with id: 'Object Repository/Olusturma/Genel/DokumanParaBirimiSecilir/Para' located by 'By.xpath: //*[@id = 'CurrencyUnit_I']' in '30' second(s)

2021-11-19 16:48:00 - [MESSAGE][INFO] - Clicking on object: 'Object Repository/Olusturma/Genel/DokumanParaBirimiSecilir/Para'

2021-11-19 16:48:00 - [MESSAGE][PASSED] - Object: 'Object Repository/Olusturma/Genel/DokumanParaBirimiSecilir/Para' is clicked on

2021-11-19 16:48:00 - [TEST_STEP][PASSED] - Method.TextDegerineEsitElementeTikla(findTestObject("Object Repository/Olusturma/Genel/DokumanParaBirimiSecilir/Para_Adi"), Para): Method.TextDegerineEsitElementeTikla is PASSED

2021-11-19 16:48:00 - [MESSAGE][INFO] - Finding Test Object 'Object Repository/Olusturma/Genel/DokumanParaBirimiSecilir/Para_Adi'

2021-11-19 16:48:00 - [MESSAGE][INFO] - Checking timeout

2021-11-19 16:48:00 - [MESSAGE][INFO] - Finding web element with id: 'Object Repository/Olusturma/Genel/DokumanParaBirimiSecilir/Para_Adi' located by 'By.cssSelector: #CurrencyUnit_DDD_L_LBT td' in '10' second(s)

2021-11-19 16:48:00 - [MESSAGE][INFO] - Smart Wait Function is triggered

2021-11-19 16:48:01 - [MESSAGE][INFO] - Found 203 web elements with id: 'Object Repository/Olusturma/Genel/DokumanParaBirimiSecilir/Para_Adi' located by 'By.cssSelector: #CurrencyUnit_DDD_L_LBT td' in '10' second(s)

2021-11-19 16:48:05 - [MESSAGE][PASSED] - Method.TextDegerineEsitElementeTikla is PASSED

2021-11-19 16:48:05 - [MESSAGE][PASSED] - Call Test Case 'Test Cases/Olusturma/Genel/DokumanParaBirimiSecilir' successfully

2021-11-19 16:48:05 - [MESSAGE][INFO] - Checking called Test Case

2021-11-19 16:48:05 - [MESSAGE][INFO] - Starting to call Test Case 'Test Cases/Olusturma/Genel/OnEkSecilir'

2021-11-19 16:48:06 - [TEST_CASE][PASSED] - Test Cases/Olusturma/Genel/OnEkSecilir: Test Cases/Olusturma/Genel/OnEkSecilir

2021-11-19 16:48:06 - [TEST_STEP][PASSED] - waitForElementClickable(findTestObject("Object Repository/Olusturma/Genel/OnEkSecilir/OnEk"), 10): Object 'Object Repository/Olusturma/Genel/OnEkSecilir/OnEk' is clickable

2021-11-19 16:48:06 - [MESSAGE][INFO] - Finding Test Object 'Object Repository/Olusturma/Genel/OnEkSecilir/OnEk'

2021-11-19 16:48:06 - [MESSAGE][INFO] - Checking object

2021-11-19 16:48:06 - [MESSAGE][INFO] - Checking timeout

2021-11-19 16:48:06 - [MESSAGE][INFO] - Finding web element from Test Object's properties

2021-11-19 16:48:06 - [MESSAGE][INFO] - Checking timeout

2021-11-19 16:48:06 - [MESSAGE][INFO] - Finding web element with id: 'Object Repository/Olusturma/Genel/OnEkSecilir/OnEk' located by 'By.xpath: //*[@id = 'InvoicePrefix_I']' in '10' second(s)

2021-11-19 16:48:06 - [MESSAGE][INFO] - Smart Wait Function is triggered

2021-11-19 16:48:07 - [MESSAGE][INFO] - Found 1 web elements with id: 'Object Repository/Olusturma/Genel/OnEkSecilir/OnEk' located by 'By.xpath: //*[@id = 'InvoicePrefix_I']' in '10' second(s)

2021-11-19 16:48:07 - [MESSAGE][PASSED] - Object 'Object Repository/Olusturma/Genel/OnEkSecilir/OnEk' is clickable

2021-11-19 16:48:07 - [TEST_STEP][PASSED] - click(findTestObject("Object Repository/Olusturma/Genel/OnEkSecilir/OnEk")): Object: 'Object Repository/Olusturma/Genel/OnEkSecilir/OnEk' is clicked on

2021-11-19 16:48:07 - [MESSAGE][INFO] - Finding Test Object 'Object Repository/Olusturma/Genel/OnEkSecilir/OnEk'

2021-11-19 16:48:07 - [MESSAGE][INFO] - Checking object

2021-11-19 16:48:07 - [MESSAGE][INFO] - Finding web element from Test Object's properties

2021-11-19 16:48:07 - [MESSAGE][INFO] - Checking timeout

2021-11-19 16:48:07 - [MESSAGE][INFO] - Finding web element with id: 'Object Repository/Olusturma/Genel/OnEkSecilir/OnEk' located by 'By.xpath: //*[@id = 'InvoicePrefix_I']' in '30' second(s)

2021-11-19 16:48:07 - [MESSAGE][INFO] - Smart Wait Function is triggered

2021-11-19 16:48:07 - [MESSAGE][INFO] - Found 1 web elements with id: 'Object Repository/Olusturma/Genel/OnEkSecilir/OnEk' located by 'By.xpath: //*[@id = 'InvoicePrefix_I']' in '30' second(s)

2021-11-19 16:48:07 - [MESSAGE][INFO] - Clicking on object: 'Object Repository/Olusturma/Genel/OnEkSecilir/OnEk'

2021-11-19 16:48:07 - [MESSAGE][PASSED] - Object: 'Object Repository/Olusturma/Genel/OnEkSecilir/OnEk' is clicked on

2021-11-19 16:48:07 - [TEST_STEP][PASSED] - Method.TextDegerineEsitElementeTiklaEquals(findTestObject("Object Repository/Olusturma/Genel/OnEkSecilir/OnEkAdi"), Ek): Method.TextDegerineEsitElementeTiklaEquals is PASSED

2021-11-19 16:48:07 - [MESSAGE][INFO] - Finding Test Object 'Object Repository/Olusturma/Genel/OnEkSecilir/OnEkAdi'

2021-11-19 16:48:07 - [MESSAGE][INFO] - Checking timeout

2021-11-19 16:48:07 - [MESSAGE][INFO] - Finding web element with id: 'Object Repository/Olusturma/Genel/OnEkSecilir/OnEkAdi' located by 'By.cssSelector: #InvoicePrefix_DDD_L_LBT td' in '10' second(s)

2021-11-19 16:48:07 - [MESSAGE][INFO] - Smart Wait Function is triggered

2021-11-19 16:48:08 - [MESSAGE][INFO] - Found 1 web elements with id: 'Object Repository/Olusturma/Genel/OnEkSecilir/OnEkAdi' located by 'By.cssSelector: #InvoicePrefix_DDD_L_LBT td' in '10' second(s)

2021-11-19 16:48:08 - [MESSAGE][PASSED] - Method.TextDegerineEsitElementeTiklaEquals is PASSED

2021-11-19 16:48:08 - [MESSAGE][PASSED] - Call Test Case 'Test Cases/Olusturma/Genel/OnEkSecilir' successfully

2021-11-19 16:48:08 - [MESSAGE][INFO] - Checking called Test Case

2021-11-19 16:48:08 - [MESSAGE][INFO] - Starting to call Test Case 'Test Cases/Olusturma/Genel/TasarimSecilir'

2021-11-19 16:48:08 - [TEST_CASE][PASSED] - Test Cases/Olusturma/Genel/TasarimSecilir: Test Cases/Olusturma/Genel/TasarimSecilir

2021-11-19 16:48:09 - [TEST_STEP][PASSED] - waitForElementClickable(findTestObject("Object Repository/Olusturma/Genel/TasarimSecilir/Tasarim"), 10): Object 'Object Repository/Olusturma/Genel/TasarimSecilir/Tasarim' is clickable

2021-11-19 16:48:09 - [MESSAGE][INFO] - Finding Test Object 'Object Repository/Olusturma/Genel/TasarimSecilir/Tasarim'

2021-11-19 16:48:09 - [MESSAGE][INFO] - Checking object

2021-11-19 16:48:09 - [MESSAGE][INFO] - Checking timeout

2021-11-19 16:48:09 - [MESSAGE][INFO] - Finding web element from Test Object's properties

2021-11-19 16:48:09 - [MESSAGE][INFO] - Checking timeout

2021-11-19 16:48:09 - [MESSAGE][INFO] - Finding web element with id: 'Object Repository/Olusturma/Genel/TasarimSecilir/Tasarim' located by 'By.xpath: //*[@id = 'DesignId_I']' in '10' second(s)

2021-11-19 16:48:09 - [MESSAGE][INFO] - Smart Wait Function is triggered

2021-11-19 16:48:09 - [MESSAGE][INFO] - Found 1 web elements with id: 'Object Repository/Olusturma/Genel/TasarimSecilir/Tasarim' located by 'By.xpath: //*[@id = 'DesignId_I']' in '10' second(s)

2021-11-19 16:48:09 - [MESSAGE][PASSED] - Object 'Object Repository/Olusturma/Genel/TasarimSecilir/Tasarim' is clickable

2021-11-19 16:48:09 - [TEST_STEP][PASSED] - click(findTestObject("Object Repository/Olusturma/Genel/TasarimSecilir/Tasarim")): Object: 'Object Repository/Olusturma/Genel/TasarimSecilir/Tasarim' is clicked on

2021-11-19 16:48:09 - [MESSAGE][INFO] - Finding Test Object 'Object Repository/Olusturma/Genel/TasarimSecilir/Tasarim'

2021-11-19 16:48:10 - [MESSAGE][INFO] - Checking object

2021-11-19 16:48:10 - [MESSAGE][INFO] - Finding web element from Test Object's properties

2021-11-19 16:48:10 - [MESSAGE][INFO] - Checking timeout

2021-11-19 16:48:10 - [MESSAGE][INFO] - Finding web element with id: 'Object Repository/Olusturma/Genel/TasarimSecilir/Tasarim' located by 'By.xpath: //*[@id = 'DesignId_I']' in '30' second(s)

2021-11-19 16:48:10 - [MESSAGE][INFO] - Smart Wait Function is triggered

2021-11-19 16:48:10 - [MESSAGE][INFO] - Found 1 web elements with id: 'Object Repository/Olusturma/Genel/TasarimSecilir/Tasarim' located by 'By.xpath: //*[@id = 'DesignId_I']' in '30' second(s)

2021-11-19 16:48:10 - [MESSAGE][INFO] - Clicking on object: 'Object Repository/Olusturma/Genel/TasarimSecilir/Tasarim'

2021-11-19 16:48:10 - [MESSAGE][PASSED] - Object: 'Object Repository/Olusturma/Genel/TasarimSecilir/Tasarim' is clicked on

2021-11-19 16:48:10 - [TEST_STEP][PASSED] - Method.TextDegerineEsitElementeTikla(findTestObject("Object Repository/Olusturma/Genel/TasarimSecilir/Tasarim_Adi"), Tasarim): Method.TextDegerineEsitElementeTikla is PASSED

2021-11-19 16:48:10 - [MESSAGE][INFO] - Finding Test Object 'Object Repository/Olusturma/Genel/TasarimSecilir/Tasarim_Adi'

2021-11-19 16:48:10 - [MESSAGE][INFO] - Checking timeout

2021-11-19 16:48:10 - [MESSAGE][INFO] - Finding web element with id: 'Object Repository/Olusturma/Genel/TasarimSecilir/Tasarim_Adi' located by 'By.cssSelector: #DesignId_DDD_L_LBT td' in '10' second(s)

2021-11-19 16:48:10 - [MESSAGE][INFO] - Smart Wait Function is triggered

2021-11-19 16:48:10 - [MESSAGE][INFO] - Found 1 web elements with id: 'Object Repository/Olusturma/Genel/TasarimSecilir/Tasarim_Adi' located by 'By.cssSelector: #DesignId_DDD_L_LBT td' in '10' second(s)

2021-11-19 16:48:11 - [MESSAGE][PASSED] - Method.TextDegerineEsitElementeTikla is PASSED

2021-11-19 16:48:11 - [MESSAGE][PASSED] - Call Test Case 'Test Cases/Olusturma/Genel/TasarimSecilir' successfully

2021-11-19 16:48:11 - [MESSAGE][INFO] - Checking called Test Case

2021-11-19 16:48:11 - [MESSAGE][INFO] - Starting to call Test Case 'Test Cases/Olusturma/Genel/Kutular/SiparisBilgileriGirilir'

2021-11-19 16:48:11 - [TEST_CASE][PASSED] - Test Cases/Olusturma/Genel/Kutular/SiparisBilgileriGirilir: Test Cases/Olusturma/Genel/Kutular/SiparisBilgileriGirilir

2021-11-19 16:48:11 - [TEST_STEP][PASSED] - Method.TextDegerineEsitElementeTikla(findTestObject("Olusturma/Genel/Kutular/KapaliKutular"), "Sipariş Bilgileri"): Method.TextDegerineEsitElementeTikla is PASSED

2021-11-19 16:48:11 - [MESSAGE][INFO] - Finding Test Object 'Object Repository/Olusturma/Genel/Kutular/KapaliKutular'

2021-11-19 16:48:12 - [MESSAGE][INFO] - Checking timeout

2021-11-19 16:48:12 - [MESSAGE][INFO] - Finding web element with id: 'Object Repository/Olusturma/Genel/Kutular/KapaliKutular' located by 'By.cssSelector: .dxnb-headerCollapsed>span' in '10' second(s)

2021-11-19 16:48:12 - [MESSAGE][INFO] - Smart Wait Function is triggered

2021-11-19 16:48:12 - [MESSAGE][INFO] - Found 8 web elements with id: 'Object Repository/Olusturma/Genel/Kutular/KapaliKutular' located by 'By.cssSelector: .dxnb-headerCollapsed>span' in '10' second(s)

2021-11-19 16:48:12 - [MESSAGE][PASSED] - Method.TextDegerineEsitElementeTikla is PASSED

2021-11-19 16:48:12 - [TEST_STEP][PASSED] - waitForElementPresent(findTestObject("Object Repository/Olusturma/Genel/Kutular/SiparisBilgileri/SiparisNo"), 10): Object 'Object Repository/Olusturma/Genel/Kutular/SiparisBilgileri/SiparisNo' is present

2021-11-19 16:48:12 - [MESSAGE][INFO] - Finding Test Object 'Object Repository/Olusturma/Genel/Kutular/SiparisBilgileri/SiparisNo'

2021-11-19 16:48:12 - [MESSAGE][INFO] - Checking object

2021-11-19 16:48:12 - [MESSAGE][INFO] - Finding web element from Test Object's properties

2021-11-19 16:48:12 - [MESSAGE][INFO] - Checking timeout

2021-11-19 16:48:12 - [MESSAGE][INFO] - Finding web element with id: 'Object Repository/Olusturma/Genel/Kutular/SiparisBilgileri/SiparisNo' located by 'By.xpath: //*[@id = 'txtSiparisNo_I']' in '10' second(s)

2021-11-19 16:48:12 - [MESSAGE][INFO] - Smart Wait Function is triggered

2021-11-19 16:48:12 - [MESSAGE][INFO] - Found 1 web elements with id: 'Object Repository/Olusturma/Genel/Kutular/SiparisBilgileri/SiparisNo' located by 'By.xpath: //*[@id = 'txtSiparisNo_I']' in '10' second(s)

2021-11-19 16:48:12 - [MESSAGE][PASSED] - Object 'Object Repository/Olusturma/Genel/Kutular/SiparisBilgileri/SiparisNo' is present

2021-11-19 16:48:12 - [TEST_STEP][PASSED] - clearText(findTestObject("Object Repository/Olusturma/Genel/Kutular/SiparisBilgileri/SiparisNo")): Text of object 'Object Repository/Olusturma/Genel/Kutular/SiparisBilgileri/SiparisNo' is cleared

2021-11-19 16:48:12 - [MESSAGE][INFO] - Finding Test Object 'Object Repository/Olusturma/Genel/Kutular/SiparisBilgileri/SiparisNo'

2021-11-19 16:48:12 - [MESSAGE][INFO] - Checking object

2021-11-19 16:48:12 - [MESSAGE][INFO] - Finding web element from Test Object's properties

2021-11-19 16:48:12 - [MESSAGE][INFO] - Checking timeout

2021-11-19 16:48:12 - [MESSAGE][INFO] - Finding web element with id: 'Object Repository/Olusturma/Genel/Kutular/SiparisBilgileri/SiparisNo' located by 'By.xpath: //*[@id = 'txtSiparisNo_I']' in '30' second(s)

2021-11-19 16:48:12 - [MESSAGE][INFO] - Smart Wait Function is triggered

2021-11-19 16:48:13 - [MESSAGE][INFO] - Found 1 web elements with id: 'Object Repository/Olusturma/Genel/Kutular/SiparisBilgileri/SiparisNo' located by 'By.xpath: //*[@id = 'txtSiparisNo_I']' in '30' second(s)

2021-11-19 16:48:13 - [MESSAGE][INFO] - Clearing text of object 'Object Repository/Olusturma/Genel/Kutular/SiparisBilgileri/SiparisNo'

2021-11-19 16:48:13 - [MESSAGE][PASSED] - Text of object 'Object Repository/Olusturma/Genel/Kutular/SiparisBilgileri/SiparisNo' is cleared

2021-11-19 16:48:13 - [TEST_STEP][PASSED] - sendKeys(findTestObject("Object Repository/Olusturma/Genel/Kutular/SiparisBilgileri/SiparisNo"), SiparisNo): Keys 'UUC-SAT-1200001' sent to object: 'Object Repository/Olusturma/Genel/Kutular/SiparisBilgileri/SiparisNo'

2021-11-19 16:48:13 - [MESSAGE][INFO] - Finding Test Object 'Object Repository/Olusturma/Genel/Kutular/SiparisBilgileri/SiparisNo'

2021-11-19 16:48:13 - [MESSAGE][INFO] - Sending keys 'UUC-SAT-1200001' to object: 'Object Repository/Olusturma/Genel/Kutular/SiparisBilgileri/SiparisNo'

2021-11-19 16:48:13 - [MESSAGE][INFO] - Finding web element from Test Object's properties

2021-11-19 16:48:13 - [MESSAGE][INFO] - Checking timeout

2021-11-19 16:48:13 - [MESSAGE][INFO] - Finding web element with id: 'Object Repository/Olusturma/Genel/Kutular/SiparisBilgileri/SiparisNo' located by 'By.xpath: //*[@id = 'txtSiparisNo_I']' in '30' second(s)

2021-11-19 16:48:13 - [MESSAGE][INFO] - Smart Wait Function is triggered

2021-11-19 16:48:13 - [MESSAGE][INFO] - Found 1 web elements with id: 'Object Repository/Olusturma/Genel/Kutular/SiparisBilgileri/SiparisNo' located by 'By.xpath: //*[@id = 'txtSiparisNo_I']' in '30' second(s)

2021-11-19 16:48:13 - [MESSAGE][PASSED] - Keys 'UUC-SAT-1200001' sent to object: 'Object Repository/Olusturma/Genel/Kutular/SiparisBilgileri/SiparisNo'

2021-11-19 16:48:13 - [TEST_STEP][PASSED] - waitForElementClickable(findTestObject("Object Repository/Olusturma/Genel/Kutular/SiparisBilgileri/SiparisTarihiImage"), 10): Object 'Object Repository/Olusturma/Genel/Kutular/SiparisBilgileri/SiparisTarihiImage' is clickable

2021-11-19 16:48:13 - [MESSAGE][INFO] - Finding Test Object 'Object Repository/Olusturma/Genel/Kutular/SiparisBilgileri/SiparisTarihiImage'

2021-11-19 16:48:14 - [MESSAGE][INFO] - Checking object

2021-11-19 16:48:14 - [MESSAGE][INFO] - Checking timeout

2021-11-19 16:48:14 - [MESSAGE][INFO] - Finding web element from Test Object's properties

2021-11-19 16:48:14 - [MESSAGE][INFO] - Checking timeout

2021-11-19 16:48:14 - [MESSAGE][INFO] - Finding web element with id: 'Object Repository/Olusturma/Genel/Kutular/SiparisBilgileri/SiparisTarihiImage' located by 'By.cssSelector: #dateSiparisTarih img' in '10' second(s)

2021-11-19 16:48:14 - [MESSAGE][INFO] - Smart Wait Function is triggered

2021-11-19 16:48:14 - [MESSAGE][INFO] - Found 1 web elements with id: 'Object Repository/Olusturma/Genel/Kutular/SiparisBilgileri/SiparisTarihiImage' located by 'By.cssSelector: #dateSiparisTarih img' in '10' second(s)

2021-11-19 16:48:14 - [MESSAGE][PASSED] - Object 'Object Repository/Olusturma/Genel/Kutular/SiparisBilgileri/SiparisTarihiImage' is clickable

2021-11-19 16:48:14 - [TEST_STEP][PASSED] - click(findTestObject("Object Repository/Olusturma/Genel/Kutular/SiparisBilgileri/SiparisTarihiImage")): Object: 'Object Repository/Olusturma/Genel/Kutular/SiparisBilgileri/SiparisTarihiImage' is clicked on

2021-11-19 16:48:14 - [MESSAGE][INFO] - Finding Test Object 'Object Repository/Olusturma/Genel/Kutular/SiparisBilgileri/SiparisTarihiImage'

2021-11-19 16:48:14 - [MESSAGE][INFO] - Checking object

2021-11-19 16:48:14 - [MESSAGE][INFO] - Finding web element from Test Object's properties

2021-11-19 16:48:14 - [MESSAGE][INFO] - Checking timeout

2021-11-19 16:48:14 - [MESSAGE][INFO] - Finding web element with id: 'Object Repository/Olusturma/Genel/Kutular/SiparisBilgileri/SiparisTarihiImage' located by 'By.cssSelector: #dateSiparisTarih img' in '30' second(s)

2021-11-19 16:48:14 - [MESSAGE][INFO] - Smart Wait Function is triggered

2021-11-19 16:48:14 - [MESSAGE][INFO] - Found 1 web elements with id: 'Object Repository/Olusturma/Genel/Kutular/SiparisBilgileri/SiparisTarihiImage' located by 'By.cssSelector: #dateSiparisTarih img' in '30' second(s)

2021-11-19 16:48:14 - [MESSAGE][INFO] - Clicking on object: 'Object Repository/Olusturma/Genel/Kutular/SiparisBilgileri/SiparisTarihiImage'

2021-11-19 16:48:14 - [MESSAGE][PASSED] - Object: 'Object Repository/Olusturma/Genel/Kutular/SiparisBilgileri/SiparisTarihiImage' is clicked on

2021-11-19 16:48:14 - [TEST_STEP][PASSED] - waitForElementPresent(findTestObject("Object Repository/Olusturma/Genel/Kutular/SiparisBilgileri/SiparisTarihi"), 10): Object 'Object Repository/Olusturma/Genel/Kutular/SiparisBilgileri/SiparisTarihi' is present

2021-11-19 16:48:14 - [MESSAGE][INFO] - Finding Test Object 'Object Repository/Olusturma/Genel/Kutular/SiparisBilgileri/SiparisTarihi'

2021-11-19 16:48:15 - [MESSAGE][INFO] - Checking object

2021-11-19 16:48:15 - [MESSAGE][INFO] - Finding web element from Test Object's properties

2021-11-19 16:48:15 - [MESSAGE][INFO] - Checking timeout

2021-11-19 16:48:15 - [MESSAGE][INFO] - Finding web element with id: 'Object Repository/Olusturma/Genel/Kutular/SiparisBilgileri/SiparisTarihi' located by 'By.xpath: //*[@id = 'dateSiparisTarih_I']' in '10' second(s)

2021-11-19 16:48:15 - [MESSAGE][INFO] - Smart Wait Function is triggered

2021-11-19 16:48:15 - [MESSAGE][INFO] - Found 1 web elements with id: 'Object Repository/Olusturma/Genel/Kutular/SiparisBilgileri/SiparisTarihi' located by 'By.xpath: //*[@id = 'dateSiparisTarih_I']' in '10' second(s)

2021-11-19 16:48:15 - [MESSAGE][PASSED] - Object 'Object Repository/Olusturma/Genel/Kutular/SiparisBilgileri/SiparisTarihi' is present

2021-11-19 16:48:15 - [TEST_STEP][PASSED] - clearText(findTestObject("Object Repository/Olusturma/Genel/Kutular/SiparisBilgileri/SiparisTarihi")): Text of object 'Object Repository/Olusturma/Genel/Kutular/SiparisBilgileri/SiparisTarihi' is cleared

2021-11-19 16:48:15 - [MESSAGE][INFO] - Finding Test Object 'Object Repository/Olusturma/Genel/Kutular/SiparisBilgileri/SiparisTarihi'

2021-11-19 16:48:15 - [MESSAGE][INFO] - Checking object

2021-11-19 16:48:15 - [MESSAGE][INFO] - Finding web element from Test Object's properties

2021-11-19 16:48:15 - [MESSAGE][INFO] - Checking timeout

2021-11-19 16:48:15 - [MESSAGE][INFO] - Finding web element with id: 'Object Repository/Olusturma/Genel/Kutular/SiparisBilgileri/SiparisTarihi' located by 'By.xpath: //*[@id = 'dateSiparisTarih_I']' in '30' second(s)

2021-11-19 16:48:15 - [MESSAGE][INFO] - Smart Wait Function is triggered

2021-11-19 16:48:16 - [MESSAGE][INFO] - Found 1 web elements with id: 'Object Repository/Olusturma/Genel/Kutular/SiparisBilgileri/SiparisTarihi' located by 'By.xpath: //*[@id = 'dateSiparisTarih_I']' in '30' second(s)

2021-11-19 16:48:16 - [MESSAGE][INFO] - Clearing text of object 'Object Repository/Olusturma/Genel/Kutular/SiparisBilgileri/SiparisTarihi'

2021-11-19 16:48:16 - [MESSAGE][PASSED] - Text of object 'Object Repository/Olusturma/Genel/Kutular/SiparisBilgileri/SiparisTarihi' is cleared

2021-11-19 16:48:16 - [TEST_STEP][PASSED] - sendKeys(findTestObject("Object Repository/Olusturma/Genel/Kutular/SiparisBilgileri/SiparisTarihi"), Tarih): Keys '30.04.2020' sent to object: 'Object Repository/Olusturma/Genel/Kutular/SiparisBilgileri/SiparisTarihi'

2021-11-19 16:48:16 - [MESSAGE][INFO] - Finding Test Object 'Object Repository/Olusturma/Genel/Kutular/SiparisBilgileri/SiparisTarihi'

2021-11-19 16:48:16 - [MESSAGE][INFO] - Sending keys '30.04.2020' to object: 'Object Repository/Olusturma/Genel/Kutular/SiparisBilgileri/SiparisTarihi'

2021-11-19 16:48:16 - [MESSAGE][INFO] - Finding web element from Test Object's properties

2021-11-19 16:48:16 - [MESSAGE][INFO] - Checking timeout

2021-11-19 16:48:16 - [MESSAGE][INFO] - Finding web element with id: 'Object Repository/Olusturma/Genel/Kutular/SiparisBilgileri/SiparisTarihi' located by 'By.xpath: //*[@id = 'dateSiparisTarih_I']' in '30' second(s)

2021-11-19 16:48:16 - [MESSAGE][INFO] - Smart Wait Function is triggered

2021-11-19 16:48:16 - [MESSAGE][INFO] - Found 1 web elements with id: 'Object Repository/Olusturma/Genel/Kutular/SiparisBilgileri/SiparisTarihi' located by 'By.xpath: //*[@id = 'dateSiparisTarih_I']' in '30' second(s)

2021-11-19 16:48:16 - [MESSAGE][PASSED] - Keys '30.04.2020' sent to object: 'Object Repository/Olusturma/Genel/Kutular/SiparisBilgileri/SiparisTarihi'

2021-11-19 16:48:16 - [MESSAGE][PASSED] - Call Test Case 'Test Cases/Olusturma/Genel/Kutular/SiparisBilgileriGirilir' successfully

2021-11-19 16:48:16 - [MESSAGE][INFO] - Checking called Test Case

2021-11-19 16:48:16 - [MESSAGE][INFO] - Starting to call Test Case 'Test Cases/Olusturma/Genel/Kutular/IrsaliyeBilgileri'

2021-11-19 16:48:16 - [TEST_CASE][PASSED] - Test Cases/Olusturma/Genel/Kutular/IrsaliyeBilgileri: Test Cases/Olusturma/Genel/Kutular/IrsaliyeBilgileri

2021-11-19 16:48:17 - [TEST_STEP][PASSED] - Method.TextDegerineEsitElementeTikla(findTestObject("Olusturma/Genel/Kutular/KapaliKutular"), "İrsaliye Bilgileri"): Method.TextDegerineEsitElementeTikla is PASSED

2021-11-19 16:48:17 - [MESSAGE][INFO] - Finding Test Object 'Object Repository/Olusturma/Genel/Kutular/KapaliKutular'

2021-11-19 16:48:17 - [MESSAGE][INFO] - Checking timeout

2021-11-19 16:48:17 - [MESSAGE][INFO] - Finding web element with id: 'Object Repository/Olusturma/Genel/Kutular/KapaliKutular' located by 'By.cssSelector: .dxnb-headerCollapsed>span' in '10' second(s)

2021-11-19 16:48:17 - [MESSAGE][INFO] - Smart Wait Function is triggered

2021-11-19 16:48:18 - [MESSAGE][INFO] - Found 8 web elements with id: 'Object Repository/Olusturma/Genel/Kutular/KapaliKutular' located by 'By.cssSelector: .dxnb-headerCollapsed>span' in '10' second(s)

2021-11-19 16:48:18 - [MESSAGE][PASSED] - Method.TextDegerineEsitElementeTikla is PASSED

2021-11-19 16:48:18 - [TEST_STEP][PASSED] - waitForElementClickable(findTestObject("Olusturma/Genel/Kutular/IrsaliyeBilgileri/Ekle"), 10): Object 'Object Repository/Olusturma/Genel/Kutular/IrsaliyeBilgileri/Ekle' is clickable

2021-11-19 16:48:18 - [MESSAGE][INFO] - Finding Test Object 'Object Repository/Olusturma/Genel/Kutular/IrsaliyeBilgileri/Ekle'

2021-11-19 16:48:18 - [MESSAGE][INFO] - Checking object

2021-11-19 16:48:18 - [MESSAGE][INFO] - Checking timeout

2021-11-19 16:48:18 - [MESSAGE][INFO] - Finding web element from Test Object's properties

2021-11-19 16:48:18 - [MESSAGE][INFO] - Checking timeout

2021-11-19 16:48:18 - [MESSAGE][INFO] - Finding web element with id: 'Object Repository/Olusturma/Genel/Kutular/IrsaliyeBilgileri/Ekle' located by 'By.xpath: //*[@id = 'DXEditorgvUserInvoiceBillsNewRowBtn']' in '10' second(s)

2021-11-19 16:48:18 - [MESSAGE][INFO] - Smart Wait Function is triggered

2021-11-19 16:48:18 - [MESSAGE][INFO] - Found 1 web elements with id: 'Object Repository/Olusturma/Genel/Kutular/IrsaliyeBilgileri/Ekle' located by 'By.xpath: //*[@id = 'DXEditorgvUserInvoiceBillsNewRowBtn']' in '10' second(s)

2021-11-19 16:48:18 - [MESSAGE][PASSED] - Object 'Object Repository/Olusturma/Genel/Kutular/IrsaliyeBilgileri/Ekle' is clickable

2021-11-19 16:48:18 - [TEST_STEP][PASSED] - click(findTestObject("Olusturma/Genel/Kutular/IrsaliyeBilgileri/Ekle")): Object: 'Object Repository/Olusturma/Genel/Kutular/IrsaliyeBilgileri/Ekle' is clicked on

2021-11-19 16:48:18 - [MESSAGE][INFO] - Finding Test Object 'Object Repository/Olusturma/Genel/Kutular/IrsaliyeBilgileri/Ekle'

2021-11-19 16:48:18 - [MESSAGE][INFO] - Checking object

2021-11-19 16:48:18 - [MESSAGE][INFO] - Finding web element from Test Object's properties

2021-11-19 16:48:18 - [MESSAGE][INFO] - Checking timeout

2021-11-19 16:48:18 - [MESSAGE][INFO] - Finding web element with id: 'Object Repository/Olusturma/Genel/Kutular/IrsaliyeBilgileri/Ekle' located by 'By.xpath: //*[@id = 'DXEditorgvUserInvoiceBillsNewRowBtn']' in '30' second(s)

2021-11-19 16:48:18 - [MESSAGE][INFO] - Smart Wait Function is triggered

2021-11-19 16:48:19 - [MESSAGE][INFO] - Found 1 web elements with id: 'Object Repository/Olusturma/Genel/Kutular/IrsaliyeBilgileri/Ekle' located by 'By.xpath: //*[@id = 'DXEditorgvUserInvoiceBillsNewRowBtn']' in '30' second(s)

2021-11-19 16:48:19 - [MESSAGE][INFO] - Clicking on object: 'Object Repository/Olusturma/Genel/Kutular/IrsaliyeBilgileri/Ekle'

2021-11-19 16:48:19 - [MESSAGE][PASSED] - Object: 'Object Repository/Olusturma/Genel/Kutular/IrsaliyeBilgileri/Ekle' is clicked on

2021-11-19 16:48:19 - [TEST_STEP][PASSED] - waitForElementPresent(findTestObject("Object Repository/Olusturma/Genel/Kutular/IrsaliyeBilgileri/IrsaliyeNumarasi"), 10): Object 'Object Repository/Olusturma/Genel/Kutular/IrsaliyeBilgileri/IrsaliyeNumarasi' is present

2021-11-19 16:48:19 - [MESSAGE][INFO] - Finding Test Object 'Object Repository/Olusturma/Genel/Kutular/IrsaliyeBilgileri/IrsaliyeNumarasi'

2021-11-19 16:48:19 - [MESSAGE][INFO] - Checking object

2021-11-19 16:48:19 - [MESSAGE][INFO] - Finding web element from Test Object's properties

2021-11-19 16:48:19 - [MESSAGE][INFO] - Checking timeout

2021-11-19 16:48:19 - [MESSAGE][INFO] - Finding web element with id: 'Object Repository/Olusturma/Genel/Kutular/IrsaliyeBilgileri/IrsaliyeNumarasi' located by 'By.xpath: //*[@id = 'gvUserInvoiceBills_DXEditor1_I']' in '10' second(s)

2021-11-19 16:48:19 - [MESSAGE][INFO] - Smart Wait Function is triggered

2021-11-19 16:48:19 - [MESSAGE][INFO] - Smart Wait Function is triggered

2021-11-19 16:48:20 - [MESSAGE][INFO] - Found 1 web elements with id: 'Object Repository/Olusturma/Genel/Kutular/IrsaliyeBilgileri/IrsaliyeNumarasi' located by 'By.xpath: //*[@id = 'gvUserInvoiceBills_DXEditor1_I']' in '10' second(s)

2021-11-19 16:48:20 - [MESSAGE][PASSED] - Object 'Object Repository/Olusturma/Genel/Kutular/IrsaliyeBilgileri/IrsaliyeNumarasi' is present

2021-11-19 16:48:20 - [TEST_STEP][PASSED] - clearText(findTestObject("Object Repository/Olusturma/Genel/Kutular/IrsaliyeBilgileri/IrsaliyeNumarasi")): Text of object 'Object Repository/Olusturma/Genel/Kutular/IrsaliyeBilgileri/IrsaliyeNumarasi' is cleared

2021-11-19 16:48:20 - [MESSAGE][INFO] - Finding Test Object 'Object Repository/Olusturma/Genel/Kutular/IrsaliyeBilgileri/IrsaliyeNumarasi'

2021-11-19 16:48:20 - [MESSAGE][INFO] - Checking object

2021-11-19 16:48:20 - [MESSAGE][INFO] - Finding web element from Test Object's properties

2021-11-19 16:48:20 - [MESSAGE][INFO] - Checking timeout

2021-11-19 16:48:20 - [MESSAGE][INFO] - Finding web element with id: 'Object Repository/Olusturma/Genel/Kutular/IrsaliyeBilgileri/IrsaliyeNumarasi' located by 'By.xpath: //*[@id = 'gvUserInvoiceBills_DXEditor1_I']' in '30' second(s)

2021-11-19 16:48:20 - [MESSAGE][INFO] - Smart Wait Function is triggered

2021-11-19 16:48:20 - [MESSAGE][INFO] - Found 1 web elements with id: 'Object Repository/Olusturma/Genel/Kutular/IrsaliyeBilgileri/IrsaliyeNumarasi' located by 'By.xpath: //*[@id = 'gvUserInvoiceBills_DXEditor1_I']' in '30' second(s)

2021-11-19 16:48:20 - [MESSAGE][INFO] - Clearing text of object 'Object Repository/Olusturma/Genel/Kutular/IrsaliyeBilgileri/IrsaliyeNumarasi'

2021-11-19 16:48:20 - [MESSAGE][PASSED] - Text of object 'Object Repository/Olusturma/Genel/Kutular/IrsaliyeBilgileri/IrsaliyeNumarasi' is cleared

2021-11-19 16:48:20 - [TEST_STEP][PASSED] - sendKeys(findTestObject("Object Repository/Olusturma/Genel/Kutular/IrsaliyeBilgileri/IrsaliyeNumarasi"), Numara): Keys 'AAAAAAAAAA' sent to object: 'Object Repository/Olusturma/Genel/Kutular/IrsaliyeBilgileri/IrsaliyeNumarasi'

2021-11-19 16:48:20 - [MESSAGE][INFO] - Finding Test Object 'Object Repository/Olusturma/Genel/Kutular/IrsaliyeBilgileri/IrsaliyeNumarasi'

2021-11-19 16:48:21 - [MESSAGE][INFO] - Sending keys 'AAAAAAAAAA' to object: 'Object Repository/Olusturma/Genel/Kutular/IrsaliyeBilgileri/IrsaliyeNumarasi'

2021-11-19 16:48:21 - [MESSAGE][INFO] - Finding web element from Test Object's properties

2021-11-19 16:48:21 - [MESSAGE][INFO] - Checking timeout

2021-11-19 16:48:21 - [MESSAGE][INFO] - Finding web element with id: 'Object Repository/Olusturma/Genel/Kutular/IrsaliyeBilgileri/IrsaliyeNumarasi' located by 'By.xpath: //*[@id = 'gvUserInvoiceBills_DXEditor1_I']' in '30' second(s)

2021-11-19 16:48:21 - [MESSAGE][INFO] - Smart Wait Function is triggered

2021-11-19 16:48:21 - [MESSAGE][INFO] - Found 1 web elements with id: 'Object Repository/Olusturma/Genel/Kutular/IrsaliyeBilgileri/IrsaliyeNumarasi' located by 'By.xpath: //*[@id = 'gvUserInvoiceBills_DXEditor1_I']' in '30' second(s)

2021-11-19 16:48:21 - [MESSAGE][PASSED] - Keys 'AAAAAAAAAA' sent to object: 'Object Repository/Olusturma/Genel/Kutular/IrsaliyeBilgileri/IrsaliyeNumarasi'

2021-11-19 16:48:21 - [TEST_STEP][PASSED] - waitForElementClickable(findTestObject("Object Repository/Olusturma/Genel/Kutular/IrsaliyeBilgileri/IrsaliyeTarihi"), 10): Object 'Object Repository/Olusturma/Genel/Kutular/IrsaliyeBilgileri/IrsaliyeTarihi' is clickable

2021-11-19 16:48:21 - [MESSAGE][INFO] - Finding Test Object 'Object Repository/Olusturma/Genel/Kutular/IrsaliyeBilgileri/IrsaliyeTarihi'

2021-11-19 16:48:21 - [MESSAGE][INFO] - Checking object

2021-11-19 16:48:21 - [MESSAGE][INFO] - Checking timeout

2021-11-19 16:48:21 - [MESSAGE][INFO] - Finding web element from Test Object's properties

2021-11-19 16:48:21 - [MESSAGE][INFO] - Checking timeout

2021-11-19 16:48:21 - [MESSAGE][INFO] - Finding web element with id: 'Object Repository/Olusturma/Genel/Kutular/IrsaliyeBilgileri/IrsaliyeTarihi' located by 'By.xpath: //*[@id = 'gvUserInvoiceBills_DXEditor2_I']' in '10' second(s)

2021-11-19 16:48:21 - [MESSAGE][INFO] - Smart Wait Function is triggered

2021-11-19 16:48:21 - [MESSAGE][INFO] - Found 1 web elements with id: 'Object Repository/Olusturma/Genel/Kutular/IrsaliyeBilgileri/IrsaliyeTarihi' located by 'By.xpath: //*[@id = 'gvUserInvoiceBills_DXEditor2_I']' in '10' second(s)

2021-11-19 16:48:21 - [MESSAGE][PASSED] - Object 'Object Repository/Olusturma/Genel/Kutular/IrsaliyeBilgileri/IrsaliyeTarihi' is clickable

2021-11-19 16:48:21 - [TEST_STEP][PASSED] - click(findTestObject("Object Repository/Olusturma/Genel/Kutular/IrsaliyeBilgileri/IrsaliyeTarihi")): Object: 'Object Repository/Olusturma/Genel/Kutular/IrsaliyeBilgileri/IrsaliyeTarihi' is clicked on

2021-11-19 16:48:21 - [MESSAGE][INFO] - Finding Test Object 'Object Repository/Olusturma/Genel/Kutular/IrsaliyeBilgileri/IrsaliyeTarihi'

2021-11-19 16:48:22 - [MESSAGE][INFO] - Checking object

2021-11-19 16:48:22 - [MESSAGE][INFO] - Finding web element from Test Object's properties

2021-11-19 16:48:22 - [MESSAGE][INFO] - Checking timeout

2021-11-19 16:48:22 - [MESSAGE][INFO] - Finding web element with id: 'Object Repository/Olusturma/Genel/Kutular/IrsaliyeBilgileri/IrsaliyeTarihi' located by 'By.xpath: //*[@id = 'gvUserInvoiceBills_DXEditor2_I']' in '30' second(s)

2021-11-19 16:48:22 - [MESSAGE][INFO] - Smart Wait Function is triggered

2021-11-19 16:48:22 - [MESSAGE][INFO] - Found 1 web elements with id: 'Object Repository/Olusturma/Genel/Kutular/IrsaliyeBilgileri/IrsaliyeTarihi' located by 'By.xpath: //*[@id = 'gvUserInvoiceBills_DXEditor2_I']' in '30' second(s)

2021-11-19 16:48:22 - [MESSAGE][INFO] - Clicking on object: 'Object Repository/Olusturma/Genel/Kutular/IrsaliyeBilgileri/IrsaliyeTarihi'

2021-11-19 16:48:22 - [MESSAGE][PASSED] - Object: 'Object Repository/Olusturma/Genel/Kutular/IrsaliyeBilgileri/IrsaliyeTarihi' is clicked on

2021-11-19 16:48:22 - [TEST_STEP][PASSED] - sendKeys(findTestObject("Object Repository/Olusturma/Genel/Kutular/IrsaliyeBilgileri/IrsaliyeTarihi"), Tarih): Keys '31.04.2020' sent to object: 'Object Repository/Olusturma/Genel/Kutular/IrsaliyeBilgileri/IrsaliyeTarihi'

2021-11-19 16:48:22 - [MESSAGE][INFO] - Finding Test Object 'Object Repository/Olusturma/Genel/Kutular/IrsaliyeBilgileri/IrsaliyeTarihi'

2021-11-19 16:48:22 - [MESSAGE][INFO] - Sending keys '31.04.2020' to object: 'Object Repository/Olusturma/Genel/Kutular/IrsaliyeBilgileri/IrsaliyeTarihi'

2021-11-19 16:48:22 - [MESSAGE][INFO] - Finding web element from Test Object's properties

2021-11-19 16:48:22 - [MESSAGE][INFO] - Checking timeout

2021-11-19 16:48:22 - [MESSAGE][INFO] - Finding web element with id: 'Object Repository/Olusturma/Genel/Kutular/IrsaliyeBilgileri/IrsaliyeTarihi' located by 'By.xpath: //*[@id = 'gvUserInvoiceBills_DXEditor2_I']' in '30' second(s)

2021-11-19 16:48:22 - [MESSAGE][INFO] - Smart Wait Function is triggered

2021-11-19 16:48:22 - [MESSAGE][INFO] - Found 1 web elements with id: 'Object Repository/Olusturma/Genel/Kutular/IrsaliyeBilgileri/IrsaliyeTarihi' located by 'By.xpath: //*[@id = 'gvUserInvoiceBills_DXEditor2_I']' in '30' second(s)

2021-11-19 16:48:22 - [MESSAGE][PASSED] - Keys '31.04.2020' sent to object: 'Object Repository/Olusturma/Genel/Kutular/IrsaliyeBilgileri/IrsaliyeTarihi'

2021-11-19 16:48:22 - [MESSAGE][PASSED] - Call Test Case 'Test Cases/Olusturma/Genel/Kutular/IrsaliyeBilgileri' successfully

2021-11-19 16:48:22 - [MESSAGE][INFO] - Checking called Test Case

2021-11-19 16:48:22 - [MESSAGE][INFO] - Starting to call Test Case 'Test Cases/Olusturma/Genel/EkleButonunaBasilir'

2021-11-19 16:48:23 - [TEST_CASE][PASSED] - Test Cases/Olusturma/Genel/EkleButonunaBasilir: Test Cases/Olusturma/Genel/EkleButonunaBasilir

2021-11-19 16:48:23 - [TEST_STEP][PASSED] - waitForElementClickable(findTestObject("Object Repository/Olusturma/Genel/Olusturma/Ekle"), 10): Object 'Object Repository/Olusturma/Genel/Olusturma/Ekle' is clickable

2021-11-19 16:48:23 - [MESSAGE][INFO] - Finding Test Object 'Object Repository/Olusturma/Genel/Olusturma/Ekle'

2021-11-19 16:48:23 - [MESSAGE][INFO] - Checking object

2021-11-19 16:48:23 - [MESSAGE][INFO] - Checking timeout

2021-11-19 16:48:23 - [MESSAGE][INFO] - Finding web element from Test Object's properties

2021-11-19 16:48:23 - [MESSAGE][INFO] - Checking timeout

2021-11-19 16:48:23 - [MESSAGE][INFO] - Finding web element with id: 'Object Repository/Olusturma/Genel/Olusturma/Ekle' located by 'By.cssSelector: #divmalhizmet i.fa.fa-plus.fa-lg.text-muted' in '10' second(s)

2021-11-19 16:48:23 - [MESSAGE][INFO] - Smart Wait Function is triggered

2021-11-19 16:48:23 - [MESSAGE][INFO] - Found 1 web elements with id: 'Object Repository/Olusturma/Genel/Olusturma/Ekle' located by 'By.cssSelector: #divmalhizmet i.fa.fa-plus.fa-lg.text-muted' in '10' second(s)

2021-11-19 16:48:23 - [MESSAGE][PASSED] - Object 'Object Repository/Olusturma/Genel/Olusturma/Ekle' is clickable

2021-11-19 16:48:23 - [TEST_STEP][PASSED] - click(findTestObject("Object Repository/Olusturma/Genel/Olusturma/Ekle")): Object: 'Object Repository/Olusturma/Genel/Olusturma/Ekle' is clicked on

2021-11-19 16:48:23 - [MESSAGE][INFO] - Finding Test Object 'Object Repository/Olusturma/Genel/Olusturma/Ekle'

2021-11-19 16:48:24 - [MESSAGE][INFO] - Checking object

2021-11-19 16:48:24 - [MESSAGE][INFO] - Finding web element from Test Object's properties

2021-11-19 16:48:24 - [MESSAGE][INFO] - Checking timeout

2021-11-19 16:48:24 - [MESSAGE][INFO] - Finding web element with id: 'Object Repository/Olusturma/Genel/Olusturma/Ekle' located by 'By.cssSelector: #divmalhizmet i.fa.fa-plus.fa-lg.text-muted' in '30' second(s)

2021-11-19 16:48:24 - [MESSAGE][INFO] - Smart Wait Function is triggered

2021-11-19 16:48:24 - [MESSAGE][INFO] - Found 1 web elements with id: 'Object Repository/Olusturma/Genel/Olusturma/Ekle' located by 'By.cssSelector: #divmalhizmet i.fa.fa-plus.fa-lg.text-muted' in '30' second(s)

2021-11-19 16:48:24 - [MESSAGE][INFO] - Clicking on object: 'Object Repository/Olusturma/Genel/Olusturma/Ekle'

2021-11-19 16:48:24 - [MESSAGE][PASSED] - Object: 'Object Repository/Olusturma/Genel/Olusturma/Ekle' is clicked on

2021-11-19 16:48:24 - [TEST_STEP][PASSED] - waitForElementClickable(findTestObject("Olusturma/Genel/Olusturma/EklenenSatirCarpiImage"), 10): Object 'Object Repository/Olusturma/Genel/Olusturma/EklenenSatirCarpiImage' is clickable

2021-11-19 16:48:24 - [MESSAGE][INFO] - Finding Test Object 'Object Repository/Olusturma/Genel/Olusturma/EklenenSatirCarpiImage'

2021-11-19 16:48:24 - [MESSAGE][INFO] - Checking object

2021-11-19 16:48:24 - [MESSAGE][INFO] - Checking timeout

2021-11-19 16:48:24 - [MESSAGE][INFO] - Finding web element from Test Object's properties

2021-11-19 16:48:24 - [MESSAGE][INFO] - Checking timeout

2021-11-19 16:48:24 - [MESSAGE][INFO] - Finding web element with id: 'Object Repository/Olusturma/Genel/Olusturma/EklenenSatirCarpiImage' located by 'By.cssSelector: .fa.fa-times.fa-lg.text-primary' in '10' second(s)

2021-11-19 16:48:24 - [MESSAGE][INFO] - Smart Wait Function is triggered

2021-11-19 16:48:24 - [MESSAGE][INFO] - Found 1 web elements with id: 'Object Repository/Olusturma/Genel/Olusturma/EklenenSatirCarpiImage' located by 'By.cssSelector: .fa.fa-times.fa-lg.text-primary' in '10' second(s)

2021-11-19 16:48:24 - [MESSAGE][PASSED] - Object 'Object Repository/Olusturma/Genel/Olusturma/EklenenSatirCarpiImage' is clickable

2021-11-19 16:48:24 - [MESSAGE][PASSED] - Call Test Case 'Test Cases/Olusturma/Genel/EkleButonunaBasilir' successfully

2021-11-19 16:48:24 - [MESSAGE][INFO] - Checking called Test Case

2021-11-19 16:48:24 - [MESSAGE][INFO] - Starting to call Test Case 'Test Cases/Olusturma/Genel/Olusturma'

2021-11-19 16:48:24 - [TEST_CASE][PASSED] - Test Cases/Olusturma/Genel/Olusturma: Test Cases/Olusturma/Genel/Olusturma

2021-11-19 16:48:25 - [TEST_STEP][PASSED] - driver = getWebDriver(): null

2021-11-19 16:48:25 - [TEST_STEP][PASSED] - action = new org.openqa.selenium.interactions.Actions(driver): null

2021-11-19 16:48:25 - [TEST_STEP][PASSED] - baslikElement = <not implemented yet for class: org.codehaus.groovy.ast.expr.EmptyExpression>: null

2021-11-19 16:48:25 - [TEST_STEP][PASSED] - sonElement = <not implemented yet for class: org.codehaus.groovy.ast.expr.EmptyExpression>: null

2021-11-19 16:48:25 - [TEST_STEP][PASSED] - attr = <not implemented yet for class: org.codehaus.groovy.ast.expr.EmptyExpression>: null

2021-11-19 16:48:25 - [TEST_STEP][PASSED] - a = 0: null

2021-11-19 16:48:25 - [TEST_STEP][PASSED] - elements = findWebElements(findTestObject("Object Repository/Olusturma/Genel/Olusturma/TabloBasliklari"), 10): Found 14 web elements with id: 'Object Repository/Olusturma/Genel/Olusturma/TabloBasliklari' located by 'By.cssSelector: div#divmalhizmet .dxgvTable_LECustomTheme td.dxgvHeader_LECustomTheme tr>td:nth-child(1)' in '10' second(s)

2021-11-19 16:48:25 - [MESSAGE][INFO] - Finding Test Object 'Object Repository/Olusturma/Genel/Olusturma/TabloBasliklari'

2021-11-19 16:48:25 - [MESSAGE][INFO] - Checking timeout

2021-11-19 16:48:25 - [MESSAGE][INFO] - Finding web element with id: 'Object Repository/Olusturma/Genel/Olusturma/TabloBasliklari' located by 'By.cssSelector: div#divmalhizmet .dxgvTable_LECustomTheme td.dxgvHeader_LECustomTheme tr>td:nth-child(1)' in '10' second(s)

2021-11-19 16:48:25 - [MESSAGE][INFO] - Smart Wait Function is triggered

2021-11-19 16:48:26 - [MESSAGE][INFO] - Found 14 web elements with id: 'Object Repository/Olusturma/Genel/Olusturma/TabloBasliklari' located by 'By.cssSelector: div#divmalhizmet .dxgvTable_LECustomTheme td.dxgvHeader_LECustomTheme tr>td:nth-child(1)' in '10' second(s)

2021-11-19 16:48:26 - [TEST_STEP][PASSED] - for (def element : elements): null

2021-11-19 16:48:26 - [TEST_STEP][PASSED] - build().perform(): null

2021-11-19 16:48:26 - [TEST_STEP][PASSED] - if (getText().equals(Baslik)): null

2021-11-19 16:48:26 - [TEST_STEP][PASSED] - baslikElement = element.findElement(By.xpath("../../../..")): Smart Wait Function is triggered

2021-11-19 16:48:26 - [MESSAGE][INFO] - Smart Wait Function is triggered

2021-11-19 16:48:26 - [TEST_STEP][PASSED] - attr = baslikElement.getAttribute("id"): null

2021-11-19 16:48:26 - [TEST_STEP][PASSED] - println("girdi ve idsini aldı = " + attr): null

2021-11-19 16:48:26 - [TEST_STEP][PASSED] - break: null

2021-11-19 16:48:26 - [TEST_STEP][PASSED] - countElement = baslikElement.findElements(By.xpath("../td")): Smart Wait Function is triggered

2021-11-19 16:48:26 - [MESSAGE][INFO] - Smart Wait Function is triggered

2021-11-19 16:48:27 - [TEST_STEP][PASSED] - for (def element : countElement): null

2021-11-19 16:48:27 - [TEST_STEP][PASSED] - if (toString().equals(attr.toString())): null

2021-11-19 16:48:27 - [TEST_STEP][PASSED] - (a++): null

2021-11-19 16:48:27 - [TEST_STEP][PASSED] - if (toString().equals(attr.toString())): null

2021-11-19 16:48:27 - [TEST_STEP][PASSED] - break: null

2021-11-19 16:48:27 - [TEST_STEP][PASSED] - son = findWebElement(findTestObject("Object Repository/Olusturma/Genel/Olusturma/EklenenSatir")).findElement(By.xpath("td[@class='dxgvInlineEditCell_LECustomTheme dxgv'][" + a + "]//td[@class='dxic']/input")): Smart Wait Function is triggered

2021-11-19 16:48:27 - [MESSAGE][INFO] - Finding Test Object 'Object Repository/Olusturma/Genel/Olusturma/EklenenSatir'

2021-11-19 16:48:27 - [MESSAGE][INFO] - Finding web element from Test Object's properties

2021-11-19 16:48:27 - [MESSAGE][INFO] - Checking timeout

2021-11-19 16:48:27 - [MESSAGE][INFO] - Finding web element with id: 'Object Repository/Olusturma/Genel/Olusturma/EklenenSatir' located by 'By.cssSelector: #divmalhizmet .dxgvInlineEditRow_LECustomTheme' in '30' second(s)

2021-11-19 16:48:27 - [MESSAGE][INFO] - Smart Wait Function is triggered

2021-11-19 16:48:27 - [MESSAGE][INFO] - Found 1 web elements with id: 'Object Repository/Olusturma/Genel/Olusturma/EklenenSatir' located by 'By.cssSelector: #divmalhizmet .dxgvInlineEditRow_LECustomTheme' in '30' second(s)

2021-11-19 16:48:27 - [MESSAGE][INFO] - Smart Wait Function is triggered

2021-11-19 16:48:27 - [TEST_STEP][PASSED] - if (!(getAttribute("value").contains("Vkn"))): null

2021-11-19 16:48:27 - [TEST_STEP][PASSED] - son.clear(): null

2021-11-19 16:48:27 - [TEST_STEP][PASSED] - son.sendKeys(Deger): null

2021-11-19 16:48:28 - [MESSAGE][PASSED] - Call Test Case 'Test Cases/Olusturma/Genel/Olusturma' successfully

2021-11-19 16:48:28 - [MESSAGE][INFO] - Checking called Test Case

2021-11-19 16:48:28 - [MESSAGE][INFO] - Starting to call Test Case 'Test Cases/Olusturma/Genel/Olusturma'

2021-11-19 16:48:28 - [TEST_CASE][PASSED] - Test Cases/Olusturma/Genel/Olusturma: Test Cases/Olusturma/Genel/Olusturma

2021-11-19 16:48:28 - [TEST_STEP][PASSED] - driver = getWebDriver(): null

2021-11-19 16:48:28 - [TEST_STEP][PASSED] - action = new org.openqa.selenium.interactions.Actions(driver): null

2021-11-19 16:48:28 - [TEST_STEP][PASSED] - baslikElement = <not implemented yet for class: org.codehaus.groovy.ast.expr.EmptyExpression>: null

2021-11-19 16:48:28 - [TEST_STEP][PASSED] - sonElement = <not implemented yet for class: org.codehaus.groovy.ast.expr.EmptyExpression>: null

2021-11-19 16:48:28 - [TEST_STEP][PASSED] - attr = <not implemented yet for class: org.codehaus.groovy.ast.expr.EmptyExpression>: null

2021-11-19 16:48:28 - [TEST_STEP][PASSED] - a = 0: null

2021-11-19 16:48:28 - [TEST_STEP][PASSED] - elements = findWebElements(findTestObject("Object Repository/Olusturma/Genel/Olusturma/TabloBasliklari"), 10): Found 14 web elements with id: 'Object Repository/Olusturma/Genel/Olusturma/TabloBasliklari' located by 'By.cssSelector: div#divmalhizmet .dxgvTable_LECustomTheme td.dxgvHeader_LECustomTheme tr>td:nth-child(1)' in '10' second(s)

2021-11-19 16:48:28 - [MESSAGE][INFO] - Finding Test Object 'Object Repository/Olusturma/Genel/Olusturma/TabloBasliklari'

2021-11-19 16:48:28 - [MESSAGE][INFO] - Checking timeout

2021-11-19 16:48:28 - [MESSAGE][INFO] - Finding web element with id: 'Object Repository/Olusturma/Genel/Olusturma/TabloBasliklari' located by 'By.cssSelector: div#divmalhizmet .dxgvTable_LECustomTheme td.dxgvHeader_LECustomTheme tr>td:nth-child(1)' in '10' second(s)

2021-11-19 16:48:28 - [MESSAGE][INFO] - Smart Wait Function is triggered

2021-11-19 16:48:28 - [MESSAGE][INFO] - Found 14 web elements with id: 'Object Repository/Olusturma/Genel/Olusturma/TabloBasliklari' located by 'By.cssSelector: div#divmalhizmet .dxgvTable_LECustomTheme td.dxgvHeader_LECustomTheme tr>td:nth-child(1)' in '10' second(s)

2021-11-19 16:48:28 - [TEST_STEP][PASSED] - for (def element : elements): null

2021-11-19 16:48:28 - [TEST_STEP][PASSED] - build().perform(): null

2021-11-19 16:48:28 - [TEST_STEP][PASSED] - if (getText().equals(Baslik)): null

2021-11-19 16:48:28 - [TEST_STEP][PASSED] - build().perform(): null

2021-11-19 16:48:28 - [TEST_STEP][PASSED] - if (getText().equals(Baslik)): null

2021-11-19 16:48:28 - [TEST_STEP][PASSED] - baslikElement = element.findElement(By.xpath("../../../..")): Smart Wait Function is triggered

2021-11-19 16:48:28 - [MESSAGE][INFO] - Smart Wait Function is triggered

2021-11-19 16:48:29 - [TEST_STEP][PASSED] - attr = baslikElement.getAttribute("id"): null

2021-11-19 16:48:29 - [TEST_STEP][PASSED] - println("girdi ve idsini aldı = " + attr): null

2021-11-19 16:48:29 - [TEST_STEP][PASSED] - break: null

2021-11-19 16:48:29 - [TEST_STEP][PASSED] - countElement = baslikElement.findElements(By.xpath("../td")): Smart Wait Function is triggered

2021-11-19 16:48:29 - [MESSAGE][INFO] - Smart Wait Function is triggered

2021-11-19 16:48:29 - [TEST_STEP][PASSED] - for (def element : countElement): null

2021-11-19 16:48:29 - [TEST_STEP][PASSED] - if (toString().equals(attr.toString())): null

2021-11-19 16:48:29 - [TEST_STEP][PASSED] - (a++): null

2021-11-19 16:48:29 - [TEST_STEP][PASSED] - if (toString().equals(attr.toString())): null

2021-11-19 16:48:29 - [TEST_STEP][PASSED] - (a++): null

2021-11-19 16:48:29 - [TEST_STEP][PASSED] - if (toString().equals(attr.toString())): null

2021-11-19 16:48:29 - [TEST_STEP][PASSED] - break: null

2021-11-19 16:48:29 - [TEST_STEP][PASSED] - son = findWebElement(findTestObject("Object Repository/Olusturma/Genel/Olusturma/EklenenSatir")).findElement(By.xpath("td[@class='dxgvInlineEditCell_LECustomTheme dxgv'][" + a + "]//td[@class='dxic']/input")): Smart Wait Function is triggered

2021-11-19 16:48:29 - [MESSAGE][INFO] - Finding Test Object 'Object Repository/Olusturma/Genel/Olusturma/EklenenSatir'

2021-11-19 16:48:29 - [MESSAGE][INFO] - Finding web element from Test Object's properties

2021-11-19 16:48:29 - [MESSAGE][INFO] - Checking timeout

2021-11-19 16:48:29 - [MESSAGE][INFO] - Finding web element with id: 'Object Repository/Olusturma/Genel/Olusturma/EklenenSatir' located by 'By.cssSelector: #divmalhizmet .dxgvInlineEditRow_LECustomTheme' in '30' second(s)

2021-11-19 16:48:29 - [MESSAGE][INFO] - Smart Wait Function is triggered

2021-11-19 16:48:29 - [MESSAGE][INFO] - Found 1 web elements with id: 'Object Repository/Olusturma/Genel/Olusturma/EklenenSatir' located by 'By.cssSelector: #divmalhizmet .dxgvInlineEditRow_LECustomTheme' in '30' second(s)

2021-11-19 16:48:29 - [MESSAGE][INFO] - Smart Wait Function is triggered

2021-11-19 16:48:30 - [TEST_STEP][PASSED] - if (!(getAttribute("value").contains("Vkn"))): null

2021-11-19 16:48:30 - [TEST_STEP][PASSED] - son.clear(): null

2021-11-19 16:48:30 - [TEST_STEP][PASSED] - son.sendKeys(Deger): null

2021-11-19 16:48:30 - [MESSAGE][PASSED] - Call Test Case 'Test Cases/Olusturma/Genel/Olusturma' successfully

2021-11-19 16:48:30 - [MESSAGE][INFO] - Checking called Test Case

2021-11-19 16:48:30 - [MESSAGE][INFO] - Starting to call Test Case 'Test Cases/Olusturma/Genel/Olusturma'

2021-11-19 16:48:30 - [TEST_CASE][PASSED] - Test Cases/Olusturma/Genel/Olusturma: Test Cases/Olusturma/Genel/Olusturma

2021-11-19 16:48:30 - [TEST_STEP][PASSED] - driver = getWebDriver(): null

2021-11-19 16:48:30 - [TEST_STEP][PASSED] - action = new org.openqa.selenium.interactions.Actions(driver): null

2021-11-19 16:48:30 - [TEST_STEP][PASSED] - baslikElement = <not implemented yet for class: org.codehaus.groovy.ast.expr.EmptyExpression>: null

2021-11-19 16:48:30 - [TEST_STEP][PASSED] - sonElement = <not implemented yet for class: org.codehaus.groovy.ast.expr.EmptyExpression>: null

2021-11-19 16:48:30 - [TEST_STEP][PASSED] - attr = <not implemented yet for class: org.codehaus.groovy.ast.expr.EmptyExpression>: null

2021-11-19 16:48:30 - [TEST_STEP][PASSED] - a = 0: null

2021-11-19 16:48:30 - [TEST_STEP][PASSED] - elements = findWebElements(findTestObject("Object Repository/Olusturma/Genel/Olusturma/TabloBasliklari"), 10): Found 14 web elements with id: 'Object Repository/Olusturma/Genel/Olusturma/TabloBasliklari' located by 'By.cssSelector: div#divmalhizmet .dxgvTable_LECustomTheme td.dxgvHeader_LECustomTheme tr>td:nth-child(1)' in '10' second(s)

2021-11-19 16:48:30 - [MESSAGE][INFO] - Finding Test Object 'Object Repository/Olusturma/Genel/Olusturma/TabloBasliklari'

2021-11-19 16:48:30 - [MESSAGE][INFO] - Checking timeout

2021-11-19 16:48:30 - [MESSAGE][INFO] - Finding web element with id: 'Object Repository/Olusturma/Genel/Olusturma/TabloBasliklari' located by 'By.cssSelector: div#divmalhizmet .dxgvTable_LECustomTheme td.dxgvHeader_LECustomTheme tr>td:nth-child(1)' in '10' second(s)

2021-11-19 16:48:30 - [MESSAGE][INFO] - Smart Wait Function is triggered

2021-11-19 16:48:30 - [MESSAGE][INFO] - Found 14 web elements with id: 'Object Repository/Olusturma/Genel/Olusturma/TabloBasliklari' located by 'By.cssSelector: div#divmalhizmet .dxgvTable_LECustomTheme td.dxgvHeader_LECustomTheme tr>td:nth-child(1)' in '10' second(s)

2021-11-19 16:48:30 - [TEST_STEP][PASSED] - for (def element : elements): null

2021-11-19 16:48:30 - [TEST_STEP][PASSED] - build().perform(): null

2021-11-19 16:48:31 - [TEST_STEP][PASSED] - if (getText().equals(Baslik)): null

2021-11-19 16:48:31 - [TEST_STEP][PASSED] - build().perform(): null

2021-11-19 16:48:31 - [TEST_STEP][PASSED] - if (getText().equals(Baslik)): null

2021-11-19 16:48:31 - [TEST_STEP][PASSED] - build().perform(): null

2021-11-19 16:48:31 - [TEST_STEP][PASSED] - if (getText().equals(Baslik)): null

2021-11-19 16:48:31 - [TEST_STEP][PASSED] - build().perform(): null

2021-11-19 16:48:31 - [TEST_STEP][PASSED] - if (getText().equals(Baslik)): null

2021-11-19 16:48:31 - [TEST_STEP][PASSED] - baslikElement = element.findElement(By.xpath("../../../..")): Smart Wait Function is triggered

2021-11-19 16:48:31 - [MESSAGE][INFO] - Smart Wait Function is triggered

2021-11-19 16:48:31 - [TEST_STEP][PASSED] - attr = baslikElement.getAttribute("id"): null

2021-11-19 16:48:31 - [TEST_STEP][PASSED] - println("girdi ve idsini aldı = " + attr): null

2021-11-19 16:48:31 - [TEST_STEP][PASSED] - break: null

2021-11-19 16:48:31 - [TEST_STEP][PASSED] - countElement = baslikElement.findElements(By.xpath("../td")): Smart Wait Function is triggered

2021-11-19 16:48:31 - [MESSAGE][INFO] - Smart Wait Function is triggered

2021-11-19 16:48:32 - [TEST_STEP][PASSED] - for (def element : countElement): null

2021-11-19 16:48:32 - [TEST_STEP][PASSED] - if (toString().equals(attr.toString())): null

2021-11-19 16:48:32 - [TEST_STEP][PASSED] - (a++): null

2021-11-19 16:48:32 - [TEST_STEP][PASSED] - if (toString().equals(attr.toString())): null

2021-11-19 16:48:32 - [TEST_STEP][PASSED] - (a++): null

2021-11-19 16:48:32 - [TEST_STEP][PASSED] - if (toString().equals(attr.toString())): null

2021-11-19 16:48:32 - [TEST_STEP][PASSED] - (a++): null

2021-11-19 16:48:32 - [TEST_STEP][PASSED] - if (toString().equals(attr.toString())): null

2021-11-19 16:48:32 - [TEST_STEP][PASSED] - (a++): null

2021-11-19 16:48:32 - [TEST_STEP][PASSED] - if (toString().equals(attr.toString())): null

2021-11-19 16:48:32 - [TEST_STEP][PASSED] - break: null

2021-11-19 16:48:32 - [TEST_STEP][PASSED] - son = findWebElement(findTestObject("Object Repository/Olusturma/Genel/Olusturma/EklenenSatir")).findElement(By.xpath("td[@class='dxgvInlineEditCell_LECustomTheme dxgv'][" + a + "]//td[@class='dxic']/input")): Smart Wait Function is triggered

2021-11-19 16:48:32 - [MESSAGE][INFO] - Finding Test Object 'Object Repository/Olusturma/Genel/Olusturma/EklenenSatir'

2021-11-19 16:48:32 - [MESSAGE][INFO] - Finding web element from Test Object's properties

2021-11-19 16:48:32 - [MESSAGE][INFO] - Checking timeout

2021-11-19 16:48:32 - [MESSAGE][INFO] - Finding web element with id: 'Object Repository/Olusturma/Genel/Olusturma/EklenenSatir' located by 'By.cssSelector: #divmalhizmet .dxgvInlineEditRow_LECustomTheme' in '30' second(s)

2021-11-19 16:48:32 - [MESSAGE][INFO] - Smart Wait Function is triggered

2021-11-19 16:48:32 - [MESSAGE][INFO] - Found 1 web elements with id: 'Object Repository/Olusturma/Genel/Olusturma/EklenenSatir' located by 'By.cssSelector: #divmalhizmet .dxgvInlineEditRow_LECustomTheme' in '30' second(s)

2021-11-19 16:48:32 - [MESSAGE][INFO] - Smart Wait Function is triggered

2021-11-19 16:48:32 - [TEST_STEP][PASSED] - if (!(getAttribute("value").contains("Vkn"))): null

2021-11-19 16:48:32 - [TEST_STEP][PASSED] - son.clear(): null

2021-11-19 16:48:32 - [TEST_STEP][PASSED] - son.sendKeys(Deger): null

2021-11-19 16:48:33 - [MESSAGE][PASSED] - Call Test Case 'Test Cases/Olusturma/Genel/Olusturma' successfully

2021-11-19 16:48:33 - [MESSAGE][INFO] - Checking called Test Case

2021-11-19 16:48:33 - [MESSAGE][INFO] - Starting to call Test Case 'Test Cases/Olusturma/Genel/Olusturma'

2021-11-19 16:48:33 - [TEST_CASE][PASSED] - Test Cases/Olusturma/Genel/Olusturma: Test Cases/Olusturma/Genel/Olusturma

2021-11-19 16:48:33 - [TEST_STEP][PASSED] - driver = getWebDriver(): null

2021-11-19 16:48:33 - [TEST_STEP][PASSED] - action = new org.openqa.selenium.interactions.Actions(driver): null

2021-11-19 16:48:33 - [TEST_STEP][PASSED] - baslikElement = <not implemented yet for class: org.codehaus.groovy.ast.expr.EmptyExpression>: null

2021-11-19 16:48:33 - [TEST_STEP][PASSED] - sonElement = <not implemented yet for class: org.codehaus.groovy.ast.expr.EmptyExpression>: null

2021-11-19 16:48:33 - [TEST_STEP][PASSED] - attr = <not implemented yet for class: org.codehaus.groovy.ast.expr.EmptyExpression>: null

2021-11-19 16:48:33 - [TEST_STEP][PASSED] - a = 0: null

2021-11-19 16:48:33 - [TEST_STEP][PASSED] - elements = findWebElements(findTestObject("Object Repository/Olusturma/Genel/Olusturma/TabloBasliklari"), 10): Found 14 web elements with id: 'Object Repository/Olusturma/Genel/Olusturma/TabloBasliklari' located by 'By.cssSelector: div#divmalhizmet .dxgvTable_LECustomTheme td.dxgvHeader_LECustomTheme tr>td:nth-child(1)' in '10' second(s)

2021-11-19 16:48:33 - [MESSAGE][INFO] - Finding Test Object 'Object Repository/Olusturma/Genel/Olusturma/TabloBasliklari'

2021-11-19 16:48:33 - [MESSAGE][INFO] - Checking timeout

2021-11-19 16:48:33 - [MESSAGE][INFO] - Finding web element with id: 'Object Repository/Olusturma/Genel/Olusturma/TabloBasliklari' located by 'By.cssSelector: div#divmalhizmet .dxgvTable_LECustomTheme td.dxgvHeader_LECustomTheme tr>td:nth-child(1)' in '10' second(s)

2021-11-19 16:48:33 - [MESSAGE][INFO] - Smart Wait Function is triggered

2021-11-19 16:48:33 - [MESSAGE][INFO] - Found 14 web elements with id: 'Object Repository/Olusturma/Genel/Olusturma/TabloBasliklari' located by 'By.cssSelector: div#divmalhizmet .dxgvTable_LECustomTheme td.dxgvHeader_LECustomTheme tr>td:nth-child(1)' in '10' second(s)

2021-11-19 16:48:33 - [TEST_STEP][PASSED] - for (def element : elements): null

2021-11-19 16:48:33 - [TEST_STEP][PASSED] - build().perform(): null

2021-11-19 16:48:33 - [TEST_STEP][PASSED] - if (getText().equals(Baslik)): null

2021-11-19 16:48:33 - [TEST_STEP][PASSED] - build().perform(): null

2021-11-19 16:48:33 - [TEST_STEP][PASSED] - if (getText().equals(Baslik)): null

2021-11-19 16:48:33 - [TEST_STEP][PASSED] - build().perform(): null

2021-11-19 16:48:33 - [TEST_STEP][PASSED] - if (getText().equals(Baslik)): null

2021-11-19 16:48:33 - [TEST_STEP][PASSED] - build().perform(): null

2021-11-19 16:48:34 - [TEST_STEP][PASSED] - if (getText().equals(Baslik)): null

2021-11-19 16:48:34 - [TEST_STEP][PASSED] - build().perform(): null

2021-11-19 16:48:34 - [TEST_STEP][PASSED] - if (getText().equals(Baslik)): null

2021-11-19 16:48:34 - [TEST_STEP][PASSED] - baslikElement = element.findElement(By.xpath("../../../..")): Smart Wait Function is triggered

2021-11-19 16:48:34 - [MESSAGE][INFO] - Smart Wait Function is triggered

2021-11-19 16:48:34 - [TEST_STEP][PASSED] - attr = baslikElement.getAttribute("id"): null

2021-11-19 16:48:34 - [TEST_STEP][PASSED] - println("girdi ve idsini aldı = " + attr): null

2021-11-19 16:48:34 - [TEST_STEP][PASSED] - break: null

2021-11-19 16:48:34 - [TEST_STEP][PASSED] - countElement = baslikElement.findElements(By.xpath("../td")): Smart Wait Function is triggered

2021-11-19 16:48:34 - [MESSAGE][INFO] - Smart Wait Function is triggered

2021-11-19 16:48:34 - [TEST_STEP][PASSED] - for (def element : countElement): null

2021-11-19 16:48:34 - [TEST_STEP][PASSED] - if (toString().equals(attr.toString())): null

2021-11-19 16:48:34 - [TEST_STEP][PASSED] - (a++): null

2021-11-19 16:48:34 - [TEST_STEP][PASSED] - if (toString().equals(attr.toString())): null

2021-11-19 16:48:34 - [TEST_STEP][PASSED] - (a++): null

2021-11-19 16:48:34 - [TEST_STEP][PASSED] - if (toString().equals(attr.toString())): null

2021-11-19 16:48:34 - [TEST_STEP][PASSED] - (a++): null

2021-11-19 16:48:34 - [TEST_STEP][PASSED] - if (toString().equals(attr.toString())): null

2021-11-19 16:48:34 - [TEST_STEP][PASSED] - (a++): null

2021-11-19 16:48:34 - [TEST_STEP][PASSED] - if (toString().equals(attr.toString())): null

2021-11-19 16:48:34 - [TEST_STEP][PASSED] - (a++): null

2021-11-19 16:48:34 - [TEST_STEP][PASSED] - if (toString().equals(attr.toString())): null

2021-11-19 16:48:34 - [TEST_STEP][PASSED] - break: null

2021-11-19 16:48:34 - [TEST_STEP][PASSED] - son = findWebElement(findTestObject("Object Repository/Olusturma/Genel/Olusturma/EklenenSatir")).findElement(By.xpath("td[@class='dxgvInlineEditCell_LECustomTheme dxgv'][" + a + "]//td[@class='dxic']/input")): Smart Wait Function is triggered

2021-11-19 16:48:34 - [MESSAGE][INFO] - Finding Test Object 'Object Repository/Olusturma/Genel/Olusturma/EklenenSatir'

2021-11-19 16:48:35 - [MESSAGE][INFO] - Finding web element from Test Object's properties

2021-11-19 16:48:35 - [MESSAGE][INFO] - Checking timeout

2021-11-19 16:48:35 - [MESSAGE][INFO] - Finding web element with id: 'Object Repository/Olusturma/Genel/Olusturma/EklenenSatir' located by 'By.cssSelector: #divmalhizmet .dxgvInlineEditRow_LECustomTheme' in '30' second(s)

2021-11-19 16:48:35 - [MESSAGE][INFO] - Smart Wait Function is triggered

2021-11-19 16:48:35 - [MESSAGE][INFO] - Found 1 web elements with id: 'Object Repository/Olusturma/Genel/Olusturma/EklenenSatir' located by 'By.cssSelector: #divmalhizmet .dxgvInlineEditRow_LECustomTheme' in '30' second(s)

2021-11-19 16:48:35 - [MESSAGE][INFO] - Smart Wait Function is triggered

2021-11-19 16:48:35 - [TEST_STEP][PASSED] - if (!(getAttribute("value").contains("Vkn"))): null

2021-11-19 16:48:35 - [TEST_STEP][PASSED] - son.clear(): null

2021-11-19 16:48:35 - [TEST_STEP][PASSED] - son.sendKeys(Deger): null

2021-11-19 16:48:35 - [MESSAGE][PASSED] - Call Test Case 'Test Cases/Olusturma/Genel/Olusturma' successfully

2021-11-19 16:48:35 - [MESSAGE][INFO] - Checking called Test Case

2021-11-19 16:48:35 - [MESSAGE][INFO] - Starting to call Test Case 'Test Cases/Olusturma/Genel/Olusturma'

2021-11-19 16:48:35 - [TEST_CASE][PASSED] - Test Cases/Olusturma/Genel/Olusturma: Test Cases/Olusturma/Genel/Olusturma

2021-11-19 16:48:35 - [TEST_STEP][PASSED] - driver = getWebDriver(): null

2021-11-19 16:48:35 - [TEST_STEP][PASSED] - action = new org.openqa.selenium.interactions.Actions(driver): null

2021-11-19 16:48:35 - [TEST_STEP][PASSED] - baslikElement = <not implemented yet for class: org.codehaus.groovy.ast.expr.EmptyExpression>: null

2021-11-19 16:48:35 - [TEST_STEP][PASSED] - sonElement = <not implemented yet for class: org.codehaus.groovy.ast.expr.EmptyExpression>: null

2021-11-19 16:48:35 - [TEST_STEP][PASSED] - attr = <not implemented yet for class: org.codehaus.groovy.ast.expr.EmptyExpression>: null

2021-11-19 16:48:35 - [TEST_STEP][PASSED] - a = 0: null

2021-11-19 16:48:35 - [TEST_STEP][PASSED] - elements = findWebElements(findTestObject("Object Repository/Olusturma/Genel/Olusturma/TabloBasliklari"), 10): Found 14 web elements with id: 'Object Repository/Olusturma/Genel/Olusturma/TabloBasliklari' located by 'By.cssSelector: div#divmalhizmet .dxgvTable_LECustomTheme td.dxgvHeader_LECustomTheme tr>td:nth-child(1)' in '10' second(s)

2021-11-19 16:48:35 - [MESSAGE][INFO] - Finding Test Object 'Object Repository/Olusturma/Genel/Olusturma/TabloBasliklari'

2021-11-19 16:48:35 - [MESSAGE][INFO] - Checking timeout

2021-11-19 16:48:35 - [MESSAGE][INFO] - Finding web element with id: 'Object Repository/Olusturma/Genel/Olusturma/TabloBasliklari' located by 'By.cssSelector: div#divmalhizmet .dxgvTable_LECustomTheme td.dxgvHeader_LECustomTheme tr>td:nth-child(1)' in '10' second(s)

2021-11-19 16:48:35 - [MESSAGE][INFO] - Smart Wait Function is triggered

2021-11-19 16:48:36 - [MESSAGE][INFO] - Found 14 web elements with id: 'Object Repository/Olusturma/Genel/Olusturma/TabloBasliklari' located by 'By.cssSelector: div#divmalhizmet .dxgvTable_LECustomTheme td.dxgvHeader_LECustomTheme tr>td:nth-child(1)' in '10' second(s)

2021-11-19 16:48:36 - [TEST_STEP][PASSED] - for (def element : elements): null

2021-11-19 16:48:36 - [TEST_STEP][PASSED] - build().perform(): null

2021-11-19 16:48:36 - [TEST_STEP][PASSED] - if (getText().equals(Baslik)): null

2021-11-19 16:48:36 - [TEST_STEP][PASSED] - build().perform(): null

2021-11-19 16:48:36 - [TEST_STEP][PASSED] - if (getText().equals(Baslik)): null

2021-11-19 16:48:36 - [TEST_STEP][PASSED] - build().perform(): null

2021-11-19 16:48:36 - [TEST_STEP][PASSED] - if (getText().equals(Baslik)): null

2021-11-19 16:48:36 - [TEST_STEP][PASSED] - build().perform(): null

2021-11-19 16:48:36 - [TEST_STEP][PASSED] - if (getText().equals(Baslik)): null

2021-11-19 16:48:36 - [TEST_STEP][PASSED] - build().perform(): null

2021-11-19 16:48:36 - [TEST_STEP][PASSED] - if (getText().equals(Baslik)): null

2021-11-19 16:48:36 - [TEST_STEP][PASSED] - build().perform(): null

2021-11-19 16:48:37 - [TEST_STEP][PASSED] - if (getText().equals(Baslik)): null

2021-11-19 16:48:37 - [TEST_STEP][PASSED] - build().perform(): null

2021-11-19 16:48:37 - [TEST_STEP][PASSED] - if (getText().equals(Baslik)): null

2021-11-19 16:48:37 - [TEST_STEP][PASSED] - baslikElement = element.findElement(By.xpath("../../../..")): Smart Wait Function is triggered

2021-11-19 16:48:37 - [MESSAGE][INFO] - Smart Wait Function is triggered

2021-11-19 16:48:37 - [TEST_STEP][PASSED] - attr = baslikElement.getAttribute("id"): null

2021-11-19 16:48:37 - [TEST_STEP][PASSED] - println("girdi ve idsini aldı = " + attr): null

2021-11-19 16:48:37 - [TEST_STEP][PASSED] - break: null

2021-11-19 16:48:37 - [TEST_STEP][PASSED] - countElement = baslikElement.findElements(By.xpath("../td")): Smart Wait Function is triggered

2021-11-19 16:48:37 - [MESSAGE][INFO] - Smart Wait Function is triggered

2021-11-19 16:48:37 - [TEST_STEP][PASSED] - for (def element : countElement): null

2021-11-19 16:48:37 - [TEST_STEP][PASSED] - if (toString().equals(attr.toString())): null

2021-11-19 16:48:37 - [TEST_STEP][PASSED] - (a++): null

2021-11-19 16:48:37 - [TEST_STEP][PASSED] - if (toString().equals(attr.toString())): null

2021-11-19 16:48:37 - [TEST_STEP][PASSED] - (a++): null

2021-11-19 16:48:37 - [TEST_STEP][PASSED] - if (toString().equals(attr.toString())): null

2021-11-19 16:48:37 - [TEST_STEP][PASSED] - (a++): null

2021-11-19 16:48:37 - [TEST_STEP][PASSED] - if (toString().equals(attr.toString())): null

2021-11-19 16:48:37 - [TEST_STEP][PASSED] - (a++): null

2021-11-19 16:48:37 - [TEST_STEP][PASSED] - if (toString().equals(attr.toString())): null

2021-11-19 16:48:38 - [TEST_STEP][PASSED] - (a++): null

2021-11-19 16:48:38 - [TEST_STEP][PASSED] - if (toString().equals(attr.toString())): null

2021-11-19 16:48:38 - [TEST_STEP][PASSED] - (a++): null

2021-11-19 16:48:38 - [TEST_STEP][PASSED] - if (toString().equals(attr.toString())): null

2021-11-19 16:48:38 - [TEST_STEP][PASSED] - (a++): null

2021-11-19 16:48:38 - [TEST_STEP][PASSED] - if (toString().equals(attr.toString())): null

2021-11-19 16:48:38 - [TEST_STEP][PASSED] - break: null

2021-11-19 16:48:38 - [TEST_STEP][PASSED] - son = findWebElement(findTestObject("Object Repository/Olusturma/Genel/Olusturma/EklenenSatir")).findElement(By.xpath("td[@class='dxgvInlineEditCell_LECustomTheme dxgv'][" + a + "]//td[@class='dxic']/input")): Smart Wait Function is triggered

2021-11-19 16:48:38 - [MESSAGE][INFO] - Finding Test Object 'Object Repository/Olusturma/Genel/Olusturma/EklenenSatir'

2021-11-19 16:48:38 - [MESSAGE][INFO] - Finding web element from Test Object's properties

2021-11-19 16:48:38 - [MESSAGE][INFO] - Checking timeout

2021-11-19 16:48:38 - [MESSAGE][INFO] - Finding web element with id: 'Object Repository/Olusturma/Genel/Olusturma/EklenenSatir' located by 'By.cssSelector: #divmalhizmet .dxgvInlineEditRow_LECustomTheme' in '30' second(s)

2021-11-19 16:48:38 - [MESSAGE][INFO] - Smart Wait Function is triggered

2021-11-19 16:48:38 - [MESSAGE][INFO] - Found 1 web elements with id: 'Object Repository/Olusturma/Genel/Olusturma/EklenenSatir' located by 'By.cssSelector: #divmalhizmet .dxgvInlineEditRow_LECustomTheme' in '30' second(s)

2021-11-19 16:48:38 - [MESSAGE][INFO] - Smart Wait Function is triggered

2021-11-19 16:48:38 - [TEST_STEP][PASSED] - if (!(getAttribute("value").contains("Vkn"))): null

2021-11-19 16:48:38 - [TEST_STEP][PASSED] - son.clear(): null

2021-11-19 16:48:38 - [TEST_STEP][PASSED] - son.sendKeys(Deger): null

2021-11-19 16:48:39 - [MESSAGE][PASSED] - Call Test Case 'Test Cases/Olusturma/Genel/Olusturma' successfully

2021-11-19 16:48:39 - [MESSAGE][INFO] - Checking called Test Case

2021-11-19 16:48:39 - [MESSAGE][INFO] - Starting to call Test Case 'Test Cases/Olusturma/Genel/Kutular/MasrafBilgileriEkleButonu'

2021-11-19 16:48:39 - [TEST_CASE][PASSED] - Test Cases/Olusturma/Genel/Kutular/MasrafBilgileriEkleButonu: Test Cases/Olusturma/Genel/Kutular/MasrafBilgileriEkleButonu

2021-11-19 16:48:39 - [TEST_STEP][PASSED] - waitForElementClickable(findTestObject("Object Repository/Olusturma/Genel/Kutular/MasrafBilgileri/Ekle"), 10): Object 'Object Repository/Olusturma/Genel/Kutular/MasrafBilgileri/Ekle' is clickable

2021-11-19 16:48:39 - [MESSAGE][INFO] - Finding Test Object 'Object Repository/Olusturma/Genel/Kutular/MasrafBilgileri/Ekle'

2021-11-19 16:48:39 - [MESSAGE][INFO] - Checking object

2021-11-19 16:48:39 - [MESSAGE][INFO] - Checking timeout

2021-11-19 16:48:39 - [MESSAGE][INFO] - Finding web element from Test Object's properties

2021-11-19 16:48:39 - [MESSAGE][INFO] - Checking timeout

2021-11-19 16:48:39 - [MESSAGE][INFO] - Finding web element with id: 'Object Repository/Olusturma/Genel/Kutular/MasrafBilgileri/Ekle' located by 'By.xpath: //*[@id = 'DXEditorgvAllowanceChargeNewRowBtn']' in '10' second(s)

2021-11-19 16:48:39 - [MESSAGE][INFO] - Smart Wait Function is triggered

2021-11-19 16:48:39 - [MESSAGE][INFO] - Found 1 web elements with id: 'Object Repository/Olusturma/Genel/Kutular/MasrafBilgileri/Ekle' located by 'By.xpath: //*[@id = 'DXEditorgvAllowanceChargeNewRowBtn']' in '10' second(s)

2021-11-19 16:48:39 - [MESSAGE][PASSED] - Object 'Object Repository/Olusturma/Genel/Kutular/MasrafBilgileri/Ekle' is clickable

2021-11-19 16:48:39 - [TEST_STEP][PASSED] - click(findTestObject("Object Repository/Olusturma/Genel/Kutular/MasrafBilgileri/Ekle")): Object: 'Object Repository/Olusturma/Genel/Kutular/MasrafBilgileri/Ekle' is clicked on

2021-11-19 16:48:39 - [MESSAGE][INFO] - Finding Test Object 'Object Repository/Olusturma/Genel/Kutular/MasrafBilgileri/Ekle'

2021-11-19 16:48:40 - [MESSAGE][INFO] - Checking object

2021-11-19 16:48:40 - [MESSAGE][INFO] - Finding web element from Test Object's properties

2021-11-19 16:48:40 - [MESSAGE][INFO] - Checking timeout

2021-11-19 16:48:40 - [MESSAGE][INFO] - Finding web element with id: 'Object Repository/Olusturma/Genel/Kutular/MasrafBilgileri/Ekle' located by 'By.xpath: //*[@id = 'DXEditorgvAllowanceChargeNewRowBtn']' in '30' second(s)

2021-11-19 16:48:40 - [MESSAGE][INFO] - Smart Wait Function is triggered

2021-11-19 16:48:40 - [MESSAGE][INFO] - Found 1 web elements with id: 'Object Repository/Olusturma/Genel/Kutular/MasrafBilgileri/Ekle' located by 'By.xpath: //*[@id = 'DXEditorgvAllowanceChargeNewRowBtn']' in '30' second(s)

2021-11-19 16:48:40 - [MESSAGE][INFO] - Clicking on object: 'Object Repository/Olusturma/Genel/Kutular/MasrafBilgileri/Ekle'

2021-11-19 16:48:40 - [MESSAGE][PASSED] - Object: 'Object Repository/Olusturma/Genel/Kutular/MasrafBilgileri/Ekle' is clicked on

2021-11-19 16:48:40 - [TEST_STEP][PASSED] - waitForElementClickable(findTestObject("Object Repository/Olusturma/Genel/Kutular/MasrafBilgileri/EklenenSatirCarpiImage"), 10): Object 'Object Repository/Olusturma/Genel/Kutular/MasrafBilgileri/EklenenSatirCarpiImage' is clickable

2021-11-19 16:48:40 - [MESSAGE][INFO] - Finding Test Object 'Object Repository/Olusturma/Genel/Kutular/MasrafBilgileri/EklenenSatirCarpiImage'

2021-11-19 16:48:40 - [MESSAGE][INFO] - Checking object

2021-11-19 16:48:40 - [MESSAGE][INFO] - Checking timeout

2021-11-19 16:48:40 - [MESSAGE][INFO] - Finding web element from Test Object's properties

2021-11-19 16:48:40 - [MESSAGE][INFO] - Checking timeout

2021-11-19 16:48:40 - [MESSAGE][INFO] - Finding web element with id: 'Object Repository/Olusturma/Genel/Kutular/MasrafBilgileri/EklenenSatirCarpiImage' located by 'By.xpath: //*[@id = 'DXEditorgvAllowanceChargeCancelEditBtn']' in '10' second(s)

2021-11-19 16:48:40 - [MESSAGE][INFO] - Smart Wait Function is triggered

2021-11-19 16:48:40 - [MESSAGE][INFO] - Smart Wait Function is triggered

2021-11-19 16:48:41 - [MESSAGE][INFO] - Smart Wait Function is triggered

2021-11-19 16:48:42 - [MESSAGE][INFO] - Found 1 web elements with id: 'Object Repository/Olusturma/Genel/Kutular/MasrafBilgileri/EklenenSatirCarpiImage' located by 'By.xpath: //*[@id = 'DXEditorgvAllowanceChargeCancelEditBtn']' in '10' second(s)

2021-11-19 16:48:42 - [MESSAGE][PASSED] - Object 'Object Repository/Olusturma/Genel/Kutular/MasrafBilgileri/EklenenSatirCarpiImage' is clickable

2021-11-19 16:48:42 - [MESSAGE][PASSED] - Call Test Case 'Test Cases/Olusturma/Genel/Kutular/MasrafBilgileriEkleButonu' successfully

2021-11-19 16:48:42 - [MESSAGE][INFO] - Checking called Test Case

2021-11-19 16:48:42 - [MESSAGE][INFO] - Starting to call Test Case 'Test Cases/Olusturma/Genel/Kutular/MasrafBilgileriGirilir'

2021-11-19 16:48:42 - [TEST_CASE][PASSED] - Test Cases/Olusturma/Genel/Kutular/MasrafBilgileriGirilir: Test Cases/Olusturma/Genel/Kutular/MasrafBilgileriGirilir

2021-11-19 16:48:42 - [TEST_STEP][PASSED] - driver = getWebDriver(): null

2021-11-19 16:48:42 - [TEST_STEP][PASSED] - action = new org.openqa.selenium.interactions.Actions(driver): null

2021-11-19 16:48:42 - [TEST_STEP][PASSED] - baslikElement = <not implemented yet for class: org.codehaus.groovy.ast.expr.EmptyExpression>: null

2021-11-19 16:48:42 - [TEST_STEP][PASSED] - sonElement = <not implemented yet for class: org.codehaus.groovy.ast.expr.EmptyExpression>: null

2021-11-19 16:48:42 - [TEST_STEP][PASSED] - attr = <not implemented yet for class: org.codehaus.groovy.ast.expr.EmptyExpression>: null

2021-11-19 16:48:42 - [TEST_STEP][PASSED] - a = 0: null

2021-11-19 16:48:42 - [TEST_STEP][PASSED] - elements = findWebElements(findTestObject("Object Repository/Olusturma/Genel/Kutular/MasrafBilgileri/TabloBasliklari"), 10): Found 7 web elements with id: 'Object Repository/Olusturma/Genel/Kutular/MasrafBilgileri/TabloBasliklari' located by 'By.cssSelector: #divhal .dxgvTable_LECustomTheme td.dxgvHeader_LECustomTheme tr>td:nth-child(1)' in '10' second(s)

2021-11-19 16:48:42 - [MESSAGE][INFO] - Finding Test Object 'Object Repository/Olusturma/Genel/Kutular/MasrafBilgileri/TabloBasliklari'

2021-11-19 16:48:42 - [MESSAGE][INFO] - Checking timeout

2021-11-19 16:48:42 - [MESSAGE][INFO] - Finding web element with id: 'Object Repository/Olusturma/Genel/Kutular/MasrafBilgileri/TabloBasliklari' located by 'By.cssSelector: #divhal .dxgvTable_LECustomTheme td.dxgvHeader_LECustomTheme tr>td:nth-child(1)' in '10' second(s)

2021-11-19 16:48:42 - [MESSAGE][INFO] - Smart Wait Function is triggered

2021-11-19 16:48:43 - [MESSAGE][INFO] - Found 7 web elements with id: 'Object Repository/Olusturma/Genel/Kutular/MasrafBilgileri/TabloBasliklari' located by 'By.cssSelector: #divhal .dxgvTable_LECustomTheme td.dxgvHeader_LECustomTheme tr>td:nth-child(1)' in '10' second(s)

2021-11-19 16:48:43 - [TEST_STEP][PASSED] - for (def element : elements): null

2021-11-19 16:48:43 - [TEST_STEP][PASSED] - build().perform(): null

2021-11-19 16:48:43 - [TEST_STEP][PASSED] - if (getText().equals(Baslik)): null

2021-11-19 16:48:43 - [TEST_STEP][PASSED] - baslikElement = element.findElement(By.xpath("../../../..")): Smart Wait Function is triggered

2021-11-19 16:48:43 - [MESSAGE][INFO] - Smart Wait Function is triggered

2021-11-19 16:48:43 - [TEST_STEP][PASSED] - attr = baslikElement.getAttribute("id"): null

2021-11-19 16:48:43 - [TEST_STEP][PASSED] - break: null

2021-11-19 16:48:43 - [TEST_STEP][PASSED] - countElement = baslikElement.findElements(By.xpath("../td")): Smart Wait Function is triggered

2021-11-19 16:48:43 - [MESSAGE][INFO] - Smart Wait Function is triggered

2021-11-19 16:48:43 - [TEST_STEP][PASSED] - for (def element : countElement): null

2021-11-19 16:48:43 - [TEST_STEP][PASSED] - if (toString().equals(attr.toString())): null

2021-11-19 16:48:43 - [TEST_STEP][PASSED] - (a++): null

2021-11-19 16:48:43 - [TEST_STEP][PASSED] - if (toString().equals(attr.toString())): null

2021-11-19 16:48:43 - [TEST_STEP][PASSED] - break: null

2021-11-19 16:48:43 - [TEST_STEP][PASSED] - son = findWebElement(findTestObject("Object Repository/Olusturma/Genel/Kutular/MasrafBilgileri/EklenenSatir")).findElement(By.xpath("td[@class='dxgvInlineEditCell_LECustomTheme dxgv'][" + a + "]//td[@class='dxic']/input")): Smart Wait Function is triggered

2021-11-19 16:48:43 - [MESSAGE][INFO] - Finding Test Object 'Object Repository/Olusturma/Genel/Kutular/MasrafBilgileri/EklenenSatir'

2021-11-19 16:48:44 - [MESSAGE][INFO] - Finding web element from Test Object's properties

2021-11-19 16:48:44 - [MESSAGE][INFO] - Checking timeout

2021-11-19 16:48:44 - [MESSAGE][INFO] - Finding web element with id: 'Object Repository/Olusturma/Genel/Kutular/MasrafBilgileri/EklenenSatir' located by 'By.cssSelector: #divhal .dxgvInlineEditRow_LECustomTheme' in '30' second(s)

2021-11-19 16:48:44 - [MESSAGE][INFO] - Smart Wait Function is triggered

2021-11-19 16:48:44 - [MESSAGE][INFO] - Found 1 web elements with id: 'Object Repository/Olusturma/Genel/Kutular/MasrafBilgileri/EklenenSatir' located by 'By.cssSelector: #divhal .dxgvInlineEditRow_LECustomTheme' in '30' second(s)

2021-11-19 16:48:44 - [MESSAGE][INFO] - Smart Wait Function is triggered

2021-11-19 16:48:44 - [TEST_STEP][PASSED] - son.sendKeys(Keys.chord(CONTROL, "a")): null

2021-11-19 16:48:44 - [TEST_STEP][PASSED] - son.sendKeys(Deger): null

2021-11-19 16:48:44 - [MESSAGE][PASSED] - Call Test Case 'Test Cases/Olusturma/Genel/Kutular/MasrafBilgileriGirilir' successfully

2021-11-19 16:48:44 - [MESSAGE][INFO] - Checking called Test Case

2021-11-19 16:48:44 - [MESSAGE][INFO] - Starting to call Test Case 'Test Cases/Olusturma/Genel/Kutular/MasrafBilgileriGirilir'

2021-11-19 16:48:44 - [TEST_CASE][PASSED] - Test Cases/Olusturma/Genel/Kutular/MasrafBilgileriGirilir: Test Cases/Olusturma/Genel/Kutular/MasrafBilgileriGirilir

2021-11-19 16:48:44 - [TEST_STEP][PASSED] - driver = getWebDriver(): null

2021-11-19 16:48:44 - [TEST_STEP][PASSED] - action = new org.openqa.selenium.interactions.Actions(driver): null

2021-11-19 16:48:44 - [TEST_STEP][PASSED] - baslikElement = <not implemented yet for class: org.codehaus.groovy.ast.expr.EmptyExpression>: null

2021-11-19 16:48:44 - [TEST_STEP][PASSED] - sonElement = <not implemented yet for class: org.codehaus.groovy.ast.expr.EmptyExpression>: null

2021-11-19 16:48:44 - [TEST_STEP][PASSED] - attr = <not implemented yet for class: org.codehaus.groovy.ast.expr.EmptyExpression>: null

2021-11-19 16:48:44 - [TEST_STEP][PASSED] - a = 0: null

2021-11-19 16:48:44 - [TEST_STEP][PASSED] - elements = findWebElements(findTestObject("Object Repository/Olusturma/Genel/Kutular/MasrafBilgileri/TabloBasliklari"), 10): Found 7 web elements with id: 'Object Repository/Olusturma/Genel/Kutular/MasrafBilgileri/TabloBasliklari' located by 'By.cssSelector: #divhal .dxgvTable_LECustomTheme td.dxgvHeader_LECustomTheme tr>td:nth-child(1)' in '10' second(s)

2021-11-19 16:48:44 - [MESSAGE][INFO] - Finding Test Object 'Object Repository/Olusturma/Genel/Kutular/MasrafBilgileri/TabloBasliklari'

2021-11-19 16:48:45 - [MESSAGE][INFO] - Checking timeout

2021-11-19 16:48:45 - [MESSAGE][INFO] - Finding web element with id: 'Object Repository/Olusturma/Genel/Kutular/MasrafBilgileri/TabloBasliklari' located by 'By.cssSelector: #divhal .dxgvTable_LECustomTheme td.dxgvHeader_LECustomTheme tr>td:nth-child(1)' in '10' second(s)

2021-11-19 16:48:45 - [MESSAGE][INFO] - Smart Wait Function is triggered

2021-11-19 16:48:45 - [MESSAGE][INFO] - Found 7 web elements with id: 'Object Repository/Olusturma/Genel/Kutular/MasrafBilgileri/TabloBasliklari' located by 'By.cssSelector: #divhal .dxgvTable_LECustomTheme td.dxgvHeader_LECustomTheme tr>td:nth-child(1)' in '10' second(s)

2021-11-19 16:48:45 - [TEST_STEP][PASSED] - for (def element : elements): null

2021-11-19 16:48:45 - [TEST_STEP][PASSED] - build().perform(): null

2021-11-19 16:48:45 - [TEST_STEP][PASSED] - if (getText().equals(Baslik)): null

2021-11-19 16:48:45 - [TEST_STEP][PASSED] - build().perform(): null

2021-11-19 16:48:45 - [TEST_STEP][PASSED] - if (getText().equals(Baslik)): null

2021-11-19 16:48:45 - [TEST_STEP][PASSED] - build().perform(): null

2021-11-19 16:48:45 - [TEST_STEP][PASSED] - if (getText().equals(Baslik)): null

2021-11-19 16:48:45 - [TEST_STEP][PASSED] - baslikElement = element.findElement(By.xpath("../../../..")): Smart Wait Function is triggered

2021-11-19 16:48:45 - [MESSAGE][INFO] - Smart Wait Function is triggered

2021-11-19 16:48:46 - [TEST_STEP][PASSED] - attr = baslikElement.getAttribute("id"): null

2021-11-19 16:48:46 - [TEST_STEP][PASSED] - break: null

2021-11-19 16:48:46 - [TEST_STEP][PASSED] - countElement = baslikElement.findElements(By.xpath("../td")): Smart Wait Function is triggered

2021-11-19 16:48:46 - [MESSAGE][INFO] - Smart Wait Function is triggered

2021-11-19 16:48:46 - [TEST_STEP][PASSED] - for (def element : countElement): null

2021-11-19 16:48:46 - [TEST_STEP][PASSED] - if (toString().equals(attr.toString())): null

2021-11-19 16:48:46 - [TEST_STEP][PASSED] - (a++): null

2021-11-19 16:48:46 - [TEST_STEP][PASSED] - if (toString().equals(attr.toString())): null

2021-11-19 16:48:46 - [TEST_STEP][PASSED] - (a++): null

2021-11-19 16:48:46 - [TEST_STEP][PASSED] - if (toString().equals(attr.toString())): null

2021-11-19 16:48:46 - [TEST_STEP][PASSED] - (a++): null

2021-11-19 16:48:46 - [TEST_STEP][PASSED] - if (toString().equals(attr.toString())): null

2021-11-19 16:48:46 - [TEST_STEP][PASSED] - break: null

2021-11-19 16:48:46 - [TEST_STEP][PASSED] - son = findWebElement(findTestObject("Object Repository/Olusturma/Genel/Kutular/MasrafBilgileri/EklenenSatir")).findElement(By.xpath("td[@class='dxgvInlineEditCell_LECustomTheme dxgv'][" + a + "]//td[@class='dxic']/input")): Smart Wait Function is triggered

2021-11-19 16:48:46 - [MESSAGE][INFO] - Finding Test Object 'Object Repository/Olusturma/Genel/Kutular/MasrafBilgileri/EklenenSatir'

2021-11-19 16:48:46 - [MESSAGE][INFO] - Finding web element from Test Object's properties

2021-11-19 16:48:46 - [MESSAGE][INFO] - Checking timeout

2021-11-19 16:48:46 - [MESSAGE][INFO] - Finding web element with id: 'Object Repository/Olusturma/Genel/Kutular/MasrafBilgileri/EklenenSatir' located by 'By.cssSelector: #divhal .dxgvInlineEditRow_LECustomTheme' in '30' second(s)

2021-11-19 16:48:46 - [MESSAGE][INFO] - Smart Wait Function is triggered

2021-11-19 16:48:46 - [MESSAGE][INFO] - Found 1 web elements with id: 'Object Repository/Olusturma/Genel/Kutular/MasrafBilgileri/EklenenSatir' located by 'By.cssSelector: #divhal .dxgvInlineEditRow_LECustomTheme' in '30' second(s)

2021-11-19 16:48:46 - [MESSAGE][INFO] - Smart Wait Function is triggered

2021-11-19 16:48:47 - [TEST_STEP][PASSED] - son.sendKeys(Keys.chord(CONTROL, "a")): null

2021-11-19 16:48:47 - [TEST_STEP][PASSED] - son.sendKeys(Deger): null

2021-11-19 16:48:47 - [MESSAGE][PASSED] - Call Test Case 'Test Cases/Olusturma/Genel/Kutular/MasrafBilgileriGirilir' successfully

2021-11-19 16:48:47 - [MESSAGE][INFO] - Checking called Test Case

2021-11-19 16:48:47 - [MESSAGE][INFO] - Starting to call Test Case 'Test Cases/Olusturma/Genel/NotGirilir'

2021-11-19 16:48:47 - [TEST_CASE][PASSED] - Test Cases/Olusturma/Genel/NotGirilir: Test Cases/Olusturma/Genel/NotGirilir

2021-11-19 16:48:48 - [TEST_STEP][PASSED] - i = 0: null

2021-11-19 16:48:48 - [TEST_STEP][PASSED] - waitForElementClickable(findTestObject("Olusturma/Genel/Not/Notlar"), 10): Object 'Object Repository/Olusturma/Genel/Not/Notlar' is clickable

2021-11-19 16:48:48 - [MESSAGE][INFO] - Finding Test Object 'Object Repository/Olusturma/Genel/Not/Notlar'

2021-11-19 16:48:48 - [MESSAGE][INFO] - Checking object

2021-11-19 16:48:48 - [MESSAGE][INFO] - Checking timeout

2021-11-19 16:48:48 - [MESSAGE][INFO] - Finding web element from Test Object's properties

2021-11-19 16:48:48 - [MESSAGE][INFO] - Checking timeout

2021-11-19 16:48:48 - [MESSAGE][INFO] - Finding web element with id: 'Object Repository/Olusturma/Genel/Not/Notlar' located by 'By.xpath: //*[@id = 'txtNote_I']' in '10' second(s)

2021-11-19 16:48:48 - [MESSAGE][INFO] - Smart Wait Function is triggered

2021-11-19 16:48:48 - [MESSAGE][INFO] - Found 1 web elements with id: 'Object Repository/Olusturma/Genel/Not/Notlar' located by 'By.xpath: //*[@id = 'txtNote_I']' in '10' second(s)

2021-11-19 16:48:48 - [MESSAGE][PASSED] - Object 'Object Repository/Olusturma/Genel/Not/Notlar' is clickable

2021-11-19 16:48:48 - [TEST_STEP][PASSED] - clearText(findTestObject("Olusturma/Genel/Not/Notlar")): Text of object 'Object Repository/Olusturma/Genel/Not/Notlar' is cleared

2021-11-19 16:48:48 - [MESSAGE][INFO] - Finding Test Object 'Object Repository/Olusturma/Genel/Not/Notlar'

2021-11-19 16:48:48 - [MESSAGE][INFO] - Checking object

2021-11-19 16:48:48 - [MESSAGE][INFO] - Finding web element from Test Object's properties

2021-11-19 16:48:48 - [MESSAGE][INFO] - Checking timeout

2021-11-19 16:48:48 - [MESSAGE][INFO] - Finding web element with id: 'Object Repository/Olusturma/Genel/Not/Notlar' located by 'By.xpath: //*[@id = 'txtNote_I']' in '30' second(s)

2021-11-19 16:48:48 - [MESSAGE][INFO] - Smart Wait Function is triggered

2021-11-19 16:48:49 - [MESSAGE][INFO] - Found 1 web elements with id: 'Object Repository/Olusturma/Genel/Not/Notlar' located by 'By.xpath: //*[@id = 'txtNote_I']' in '30' second(s)

2021-11-19 16:48:49 - [MESSAGE][INFO] - Clearing text of object 'Object Repository/Olusturma/Genel/Not/Notlar'

2021-11-19 16:48:49 - [MESSAGE][PASSED] - Text of object 'Object Repository/Olusturma/Genel/Not/Notlar' is cleared

2021-11-19 16:48:49 - [TEST_STEP][PASSED] - click(findTestObject("Olusturma/Genel/Not/Notlar")): Object: 'Object Repository/Olusturma/Genel/Not/Notlar' is clicked on

2021-11-19 16:48:49 - [MESSAGE][INFO] - Finding Test Object 'Object Repository/Olusturma/Genel/Not/Notlar'

2021-11-19 16:48:49 - [MESSAGE][INFO] - Checking object

2021-11-19 16:48:49 - [MESSAGE][INFO] - Finding web element from Test Object's properties

2021-11-19 16:48:49 - [MESSAGE][INFO] - Checking timeout

2021-11-19 16:48:49 - [MESSAGE][INFO] - Finding web element with id: 'Object Repository/Olusturma/Genel/Not/Notlar' located by 'By.xpath: //*[@id = 'txtNote_I']' in '30' second(s)

2021-11-19 16:48:49 - [MESSAGE][INFO] - Smart Wait Function is triggered

2021-11-19 16:48:49 - [MESSAGE][INFO] - Found 1 web elements with id: 'Object Repository/Olusturma/Genel/Not/Notlar' located by 'By.xpath: //*[@id = 'txtNote_I']' in '30' second(s)

2021-11-19 16:48:49 - [MESSAGE][INFO] - Clicking on object: 'Object Repository/Olusturma/Genel/Not/Notlar'

2021-11-19 16:48:49 - [MESSAGE][PASSED] - Object: 'Object Repository/Olusturma/Genel/Not/Notlar' is clicked on

2021-11-19 16:48:49 - [TEST_STEP][PASSED] - while (true): null

2021-11-19 16:48:49 - [TEST_STEP][PASSED] - delay(1): Delayed 1 second(s)

2021-11-19 16:48:49 - [MESSAGE][INFO] - Delaying browser in 1 second(s)

2021-11-19 16:48:50 - [MESSAGE][PASSED] - Delayed 1 second(s)

2021-11-19 16:48:50 - [TEST_STEP][PASSED] - ajaxIsComplete = executeJavaScript("return jQuery.active == 0", null): Execute JavaScript 'return jQuery.active == 0' successfully

2021-11-19 16:48:50 - [MESSAGE][PASSED] - Execute JavaScript 'return jQuery.active == 0' successfully

2021-11-19 16:48:50 - [TEST_STEP][PASSED] - if (ajaxIsComplete): null

2021-11-19 16:48:50 - [TEST_STEP][PASSED] - if (i > 10): null

2021-11-19 16:48:50 - [TEST_STEP][PASSED] - (i++): null

2021-11-19 16:48:50 - [TEST_STEP][PASSED] - delay(1): Delayed 1 second(s)

2021-11-19 16:48:50 - [MESSAGE][INFO] - Delaying browser in 1 second(s)

2021-11-19 16:48:51 - [MESSAGE][PASSED] - Delayed 1 second(s)

2021-11-19 16:48:51 - [TEST_STEP][PASSED] - ajaxIsComplete = executeJavaScript("return jQuery.active == 0", null): Execute JavaScript 'return jQuery.active == 0' successfully

2021-11-19 16:48:51 - [MESSAGE][PASSED] - Execute JavaScript 'return jQuery.active == 0' successfully

2021-11-19 16:48:51 - [TEST_STEP][PASSED] - if (ajaxIsComplete): null

2021-11-19 16:48:51 - [TEST_STEP][PASSED] - break: null

2021-11-19 16:48:51 - [TEST_STEP][PASSED] - sendKeys(findTestObject("Olusturma/Genel/Not/Notlar"), Not): Keys 'Otomasyon Not' sent to object: 'Object Repository/Olusturma/Genel/Not/Notlar'

2021-11-19 16:48:51 - [MESSAGE][INFO] - Finding Test Object 'Object Repository/Olusturma/Genel/Not/Notlar'

2021-11-19 16:48:51 - [MESSAGE][INFO] - Sending keys 'Otomasyon Not' to object: 'Object Repository/Olusturma/Genel/Not/Notlar'

2021-11-19 16:48:51 - [MESSAGE][INFO] - Finding web element from Test Object's properties

2021-11-19 16:48:51 - [MESSAGE][INFO] - Checking timeout

2021-11-19 16:48:51 - [MESSAGE][INFO] - Finding web element with id: 'Object Repository/Olusturma/Genel/Not/Notlar' located by 'By.xpath: //*[@id = 'txtNote_I']' in '30' second(s)

2021-11-19 16:48:51 - [MESSAGE][INFO] - Smart Wait Function is triggered

2021-11-19 16:48:52 - [MESSAGE][INFO] - Found 1 web elements with id: 'Object Repository/Olusturma/Genel/Not/Notlar' located by 'By.xpath: //*[@id = 'txtNote_I']' in '30' second(s)

2021-11-19 16:48:52 - [MESSAGE][PASSED] - Keys 'Otomasyon Not' sent to object: 'Object Repository/Olusturma/Genel/Not/Notlar'

2021-11-19 16:48:52 - [MESSAGE][PASSED] - Call Test Case 'Test Cases/Olusturma/Genel/NotGirilir' successfully

2021-11-19 16:48:52 - [MESSAGE][INFO] - Checking called Test Case

2021-11-19 16:48:52 - [MESSAGE][INFO] - Starting to call Test Case 'Test Cases/Olusturma/Genel/EttnBilgisiKayitEdilir'

2021-11-19 16:48:52 - [TEST_CASE][PASSED] - Test Cases/Olusturma/Genel/EttnBilgisiKayitEdilir: Test Cases/Olusturma/Genel/EttnBilgisiKayitEdilir

2021-11-19 16:48:52 - [TEST_STEP][PASSED] - verifyElementPresent(findTestObject("Object Repository/Olusturma/Genel/Olusturma/eArsivEttnBilgisi"), 7): Object 'Object Repository/Olusturma/Genel/Olusturma/eArsivEttnBilgisi' is present

2021-11-19 16:48:52 - [MESSAGE][INFO] - Finding Test Object 'Object Repository/Olusturma/Genel/Olusturma/eArsivEttnBilgisi'

2021-11-19 16:48:52 - [MESSAGE][INFO] - Checking object

2021-11-19 16:48:52 - [MESSAGE][INFO] - Finding web element from Test Object's properties

2021-11-19 16:48:52 - [MESSAGE][INFO] - Checking timeout

2021-11-19 16:48:52 - [MESSAGE][INFO] - Finding web element with id: 'Object Repository/Olusturma/Genel/Olusturma/eArsivEttnBilgisi' located by 'By.xpath: //*[@id = 'Uuid_I']' in '7' second(s)

2021-11-19 16:48:52 - [MESSAGE][INFO] - Smart Wait Function is triggered

2021-11-19 16:48:53 - [MESSAGE][INFO] - Found 1 web elements with id: 'Object Repository/Olusturma/Genel/Olusturma/eArsivEttnBilgisi' located by 'By.xpath: //*[@id = 'Uuid_I']' in '7' second(s)

2021-11-19 16:48:53 - [MESSAGE][PASSED] - Object 'Object Repository/Olusturma/Genel/Olusturma/eArsivEttnBilgisi' is present

2021-11-19 16:48:53 - [TEST_STEP][PASSED] - ettn = getAttribute(findTestObject("Object Repository/Olusturma/Genel/Olusturma/eArsivEttnBilgisi"), "value"): Attribute 'value' of object 'Object Repository/Olusturma/Genel/Olusturma/eArsivEttnBilgisi' is: '79d5757e-f090-4c2a-9786-65bcc1dae110'

2021-11-19 16:48:53 - [MESSAGE][INFO] - Finding Test Object 'Object Repository/Olusturma/Genel/Olusturma/eArsivEttnBilgisi'

2021-11-19 16:48:53 - [MESSAGE][INFO] - Checking object

2021-11-19 16:48:53 - [MESSAGE][INFO] - Checking attribute

2021-11-19 16:48:53 - [MESSAGE][INFO] - Finding web element from Test Object's properties

2021-11-19 16:48:53 - [MESSAGE][INFO] - Checking timeout

2021-11-19 16:48:53 - [MESSAGE][INFO] - Finding web element with id: 'Object Repository/Olusturma/Genel/Olusturma/eArsivEttnBilgisi' located by 'By.xpath: //*[@id = 'Uuid_I']' in '30' second(s)

2021-11-19 16:48:53 - [MESSAGE][INFO] - Smart Wait Function is triggered

2021-11-19 16:48:53 - [MESSAGE][INFO] - Found 1 web elements with id: 'Object Repository/Olusturma/Genel/Olusturma/eArsivEttnBilgisi' located by 'By.xpath: //*[@id = 'Uuid_I']' in '30' second(s)

2021-11-19 16:48:53 - [MESSAGE][INFO] - Getting attribute 'value' of object 'Object Repository/Olusturma/Genel/Olusturma/eArsivEttnBilgisi'

2021-11-19 16:48:53 - [MESSAGE][PASSED] - Attribute 'value' of object 'Object Repository/Olusturma/Genel/Olusturma/eArsivEttnBilgisi' is: '79d5757e-f090-4c2a-9786-65bcc1dae110'

2021-11-19 16:48:53 - [MESSAGE][PASSED] - Call Test Case 'Test Cases/Olusturma/Genel/EttnBilgisiKayitEdilir' successfully

2021-11-19 16:48:53 - [MESSAGE][INFO] - Checking called Test Case

2021-11-19 16:48:53 - [MESSAGE][INFO] - Starting to call Test Case 'Test Cases/Olusturma/Genel/KaydetButonunaTiklanir'

2021-11-19 16:48:53 - [TEST_CASE][PASSED] - Test Cases/Olusturma/Genel/KaydetButonunaTiklanir: Test Cases/Olusturma/Genel/KaydetButonunaTiklanir

2021-11-19 16:48:54 - [TEST_STEP][PASSED] - i = 0: null

2021-11-19 16:48:54 - [TEST_STEP][PASSED] - waitForElementPresent(findTestObject("Olusturma/Genel/Not/Notlar"), 10): Object 'Object Repository/Olusturma/Genel/Not/Notlar' is present

2021-11-19 16:48:54 - [MESSAGE][INFO] - Finding Test Object 'Object Repository/Olusturma/Genel/Not/Notlar'

2021-11-19 16:48:54 - [MESSAGE][INFO] - Checking object

2021-11-19 16:48:54 - [MESSAGE][INFO] - Finding web element from Test Object's properties

2021-11-19 16:48:54 - [MESSAGE][INFO] - Checking timeout

2021-11-19 16:48:54 - [MESSAGE][INFO] - Finding web element with id: 'Object Repository/Olusturma/Genel/Not/Notlar' located by 'By.xpath: //*[@id = 'txtNote_I']' in '10' second(s)

2021-11-19 16:48:54 - [MESSAGE][INFO] - Smart Wait Function is triggered

2021-11-19 16:48:54 - [MESSAGE][INFO] - Found 1 web elements with id: 'Object Repository/Olusturma/Genel/Not/Notlar' located by 'By.xpath: //*[@id = 'txtNote_I']' in '10' second(s)

2021-11-19 16:48:54 - [MESSAGE][PASSED] - Object 'Object Repository/Olusturma/Genel/Not/Notlar' is present

2021-11-19 16:48:54 - [TEST_STEP][PASSED] - click(findTestObject("Olusturma/Genel/Not/Notlar")): Object: 'Object Repository/Olusturma/Genel/Not/Notlar' is clicked on

2021-11-19 16:48:54 - [MESSAGE][INFO] - Finding Test Object 'Object Repository/Olusturma/Genel/Not/Notlar'

2021-11-19 16:48:54 - [MESSAGE][INFO] - Checking object

2021-11-19 16:48:54 - [MESSAGE][INFO] - Finding web element from Test Object's properties

2021-11-19 16:48:54 - [MESSAGE][INFO] - Checking timeout

2021-11-19 16:48:54 - [MESSAGE][INFO] - Finding web element with id: 'Object Repository/Olusturma/Genel/Not/Notlar' located by 'By.xpath: //*[@id = 'txtNote_I']' in '30' second(s)

2021-11-19 16:48:54 - [MESSAGE][INFO] - Smart Wait Function is triggered

2021-11-19 16:48:54 - [MESSAGE][INFO] - Found 1 web elements with id: 'Object Repository/Olusturma/Genel/Not/Notlar' located by 'By.xpath: //*[@id = 'txtNote_I']' in '30' second(s)

2021-11-19 16:48:54 - [MESSAGE][INFO] - Clicking on object: 'Object Repository/Olusturma/Genel/Not/Notlar'

2021-11-19 16:48:54 - [MESSAGE][PASSED] - Object: 'Object Repository/Olusturma/Genel/Not/Notlar' is clicked on

2021-11-19 16:48:54 - [TEST_STEP][PASSED] - while (true): null

2021-11-19 16:48:54 - [TEST_STEP][PASSED] - delay(1): Delayed 1 second(s)

2021-11-19 16:48:54 - [MESSAGE][INFO] - Delaying browser in 1 second(s)

2021-11-19 16:48:55 - [MESSAGE][PASSED] - Delayed 1 second(s)

2021-11-19 16:48:55 - [TEST_STEP][PASSED] - ajaxIsComplete = executeJavaScript("return jQuery.active == 0", null): Execute JavaScript 'return jQuery.active == 0' successfully

2021-11-19 16:48:55 - [MESSAGE][PASSED] - Execute JavaScript 'return jQuery.active == 0' successfully

2021-11-19 16:48:55 - [TEST_STEP][PASSED] - if (ajaxIsComplete): null

2021-11-19 16:48:55 - [TEST_STEP][PASSED] - break: null

2021-11-19 16:48:55 - [TEST_STEP][PASSED] - waitForElementClickable(findTestObject("Object Repository/Olusturma/Genel/Buton"), 10): Object 'Object Repository/Olusturma/Genel/Buton' is clickable

2021-11-19 16:48:55 - [MESSAGE][INFO] - Finding Test Object 'Object Repository/Olusturma/Genel/Buton'

2021-11-19 16:48:56 - [MESSAGE][INFO] - Checking object

2021-11-19 16:48:56 - [MESSAGE][INFO] - Checking timeout

2021-11-19 16:48:56 - [MESSAGE][INFO] - Finding web element from Test Object's properties

2021-11-19 16:48:56 - [MESSAGE][INFO] - Checking timeout

2021-11-19 16:48:56 - [MESSAGE][INFO] - Finding web element with id: 'Object Repository/Olusturma/Genel/Buton' located by 'By.xpath: //*[@id = 'btnKaydet']' in '10' second(s)

2021-11-19 16:48:56 - [MESSAGE][INFO] - Smart Wait Function is triggered

2021-11-19 16:48:56 - [MESSAGE][INFO] - Found 1 web elements with id: 'Object Repository/Olusturma/Genel/Buton' located by 'By.xpath: //*[@id = 'btnKaydet']' in '10' second(s)

2021-11-19 16:48:56 - [MESSAGE][PASSED] - Object 'Object Repository/Olusturma/Genel/Buton' is clickable

2021-11-19 16:48:56 - [TEST_STEP][PASSED] - click(findTestObject("Object Repository/Olusturma/Genel/Buton")): Object: 'Object Repository/Olusturma/Genel/Buton' is clicked on

2021-11-19 16:48:56 - [MESSAGE][INFO] - Finding Test Object 'Object Repository/Olusturma/Genel/Buton'

2021-11-19 16:48:56 - [MESSAGE][INFO] - Checking object

2021-11-19 16:48:56 - [MESSAGE][INFO] - Finding web element from Test Object's properties

2021-11-19 16:48:56 - [MESSAGE][INFO] - Checking timeout

2021-11-19 16:48:56 - [MESSAGE][INFO] - Finding web element with id: 'Object Repository/Olusturma/Genel/Buton' located by 'By.xpath: //*[@id = 'btnKaydet']' in '30' second(s)

2021-11-19 16:48:56 - [MESSAGE][INFO] - Smart Wait Function is triggered

2021-11-19 16:48:56 - [MESSAGE][INFO] - Found 1 web elements with id: 'Object Repository/Olusturma/Genel/Buton' located by 'By.xpath: //*[@id = 'btnKaydet']' in '30' second(s)

2021-11-19 16:48:56 - [MESSAGE][INFO] - Clicking on object: 'Object Repository/Olusturma/Genel/Buton'

2021-11-19 16:48:59 - [MESSAGE][PASSED] - Object: 'Object Repository/Olusturma/Genel/Buton' is clicked on

2021-11-19 16:48:59 - [MESSAGE][PASSED] - Call Test Case 'Test Cases/Olusturma/Genel/KaydetButonunaTiklanir' successfully

2021-11-19 16:48:59 - [MESSAGE][INFO] - Checking called Test Case

2021-11-19 16:48:59 - [MESSAGE][INFO] - Starting to call Test Case 'Test Cases/Tablo/TablodaEttnliVeriOlusturulduMu'

2021-11-19 16:48:59 - [TEST_CASE][PASSED] - Test Cases/Tablo/TablodaEttnliVeriOlusturulduMu: Test Cases/Tablo/TablodaEttnliVeriOlusturulduMu

2021-11-19 16:49:00 - [TEST_STEP][PASSED] - Method.TextDegerineEsitElementVarMi(findTestObject("Tablo/OlusturulanVeri"), ettn): Method.TextDegerineEsitElementVarMi is PASSED

2021-11-19 16:49:00 - [MESSAGE][INFO] - Finding Test Object 'Object Repository/Tablo/OlusturulanVeri'

2021-11-19 16:49:00 - [MESSAGE][INFO] - Checking timeout

2021-11-19 16:49:00 - [MESSAGE][INFO] - Finding web element with id: 'Object Repository/Tablo/OlusturulanVeri' located by 'By.cssSelector: table.dxgvTable_LECustomTheme>tbody>tr:nth-child(3)>td.dxgv b,table.dxgvTable_LECustomTheme>tbody>tr:nth-child(3)>td.dxgv' in '10' second(s)

2021-11-19 16:49:00 - [MESSAGE][INFO] - Smart Wait Function is triggered

2021-11-19 16:49:00 - [MESSAGE][INFO] - Found 14 web elements with id: 'Object Repository/Tablo/OlusturulanVeri' located by 'By.cssSelector: table.dxgvTable_LECustomTheme>tbody>tr:nth-child(3)>td.dxgv b,table.dxgvTable_LECustomTheme>tbody>tr:nth-child(3)>td.dxgv' in '10' second(s)

2021-11-19 16:49:00 - [MESSAGE][PASSED] - Method.TextDegerineEsitElementVarMi is PASSED

2021-11-19 16:49:00 - [MESSAGE][PASSED] - Call Test Case 'Test Cases/Tablo/TablodaEttnliVeriOlusturulduMu' successfully

2021-11-19 16:49:00 - [MESSAGE][INFO] - Checking called Test Case

2021-11-19 16:49:00 - [MESSAGE][INFO] - Starting to call Test Case 'Test Cases/Tablo/TablodanEttnliVeriSec'

2021-11-19 16:49:00 - [TEST_CASE][PASSED] - Test Cases/Tablo/TablodanEttnliVeriSec: Test Cases/Tablo/TablodanEttnliVeriSec

2021-11-19 16:49:01 - [TEST_STEP][PASSED] - Method.TextDegerineEsitElementinAltindakineTikla(findTestObject("Tablo/Veriler"), findTestObject("Tablo/VerininCheckBoxi"), ettn): Method.TextDegerineEsitElementinAltindakineTikla is PASSED

2021-11-19 16:49:01 - [MESSAGE][INFO] - Finding Test Object 'Object Repository/Tablo/Veriler'

2021-11-19 16:49:01 - [MESSAGE][INFO] - Finding Test Object 'Object Repository/Tablo/VerininCheckBoxi'

2021-11-19 16:49:01 - [MESSAGE][INFO] - Checking timeout

2021-11-19 16:49:01 - [MESSAGE][INFO] - Finding web element with id: 'Object Repository/Tablo/Veriler' located by 'By.cssSelector: td.dxgv b ,td.dxgv' in '10' second(s)

2021-11-19 16:49:01 - [MESSAGE][INFO] - Smart Wait Function is triggered

2021-11-19 16:49:02 - [MESSAGE][INFO] - Found 70 web elements with id: 'Object Repository/Tablo/Veriler' located by 'By.cssSelector: td.dxgv b ,td.dxgv' in '10' second(s)

2021-11-19 16:49:02 - [MESSAGE][INFO] - Smart Wait Function is triggered

2021-11-19 16:49:02 - [MESSAGE][PASSED] - Method.TextDegerineEsitElementinAltindakineTikla is PASSED

2021-11-19 16:49:02 - [MESSAGE][PASSED] - Call Test Case 'Test Cases/Tablo/TablodanEttnliVeriSec' successfully

2021-11-19 16:49:02 - [MESSAGE][INFO] - Checking called Test Case

2021-11-19 16:49:02 - [MESSAGE][INFO] - Starting to call Test Case 'Test Cases/Butonlar/ButonaTikla'

2021-11-19 16:49:02 - [TEST_CASE][PASSED] - Test Cases/Butonlar/ButonaTikla: Test Cases/Butonlar/ButonaTikla

2021-11-19 16:49:02 - [TEST_STEP][PASSED] - Method.TextDegerineEsitElementeTiklaEquals(findTestObject("Butonlar/Butonlar"), Buton_Adi): Method.TextDegerineEsitElementeTiklaEquals is PASSED

2021-11-19 16:49:02 - [MESSAGE][INFO] - Finding Test Object 'Object Repository/Butonlar/Butonlar'

2021-11-19 16:49:02 - [MESSAGE][INFO] - Checking timeout

2021-11-19 16:49:02 - [MESSAGE][INFO] - Finding web element with id: 'Object Repository/Butonlar/Butonlar' located by 'By.cssSelector: .panel.panel-default.text-center.footerPanel .btn,.btn.btn-primary.btnControls' in '10' second(s)

2021-11-19 16:49:02 - [MESSAGE][INFO] - Smart Wait Function is triggered

2021-11-19 16:49:02 - [MESSAGE][INFO] - Found 9 web elements with id: 'Object Repository/Butonlar/Butonlar' located by 'By.cssSelector: .panel.panel-default.text-center.footerPanel .btn,.btn.btn-primary.btnControls' in '10' second(s)

2021-11-19 16:49:03 - [MESSAGE][PASSED] - Method.TextDegerineEsitElementeTiklaEquals is PASSED

2021-11-19 16:49:03 - [MESSAGE][PASSED] - Call Test Case 'Test Cases/Butonlar/ButonaTikla' successfully

2021-11-19 16:49:03 - [MESSAGE][INFO] - Checking called Test Case

2021-11-19 16:49:03 - [MESSAGE][INFO] - Starting to call Test Case 'Test Cases/Popup/PopupMesajiIceriyorMu'

2021-11-19 16:49:03 - [TEST_CASE][PASSED] - Test Cases/Popup/PopupMesajiIceriyorMu: Test Cases/Popup/PopupMesajiIceriyorMu

2021-11-19 16:49:04 - [TEST_STEP][PASSED] - waitForElementVisible(findTestObject("Popup/Popup"), 10): Object 'Object Repository/Popup/Popup' is visible

2021-11-19 16:49:04 - [MESSAGE][INFO] - Finding Test Object 'Object Repository/Popup/Popup'

2021-11-19 16:49:04 - [MESSAGE][INFO] - Checking object

2021-11-19 16:49:04 - [MESSAGE][INFO] - Checking timeout

2021-11-19 16:49:04 - [MESSAGE][INFO] - Finding web element from Test Object's properties

2021-11-19 16:49:04 - [MESSAGE][INFO] - Checking timeout

2021-11-19 16:49:04 - [MESSAGE][INFO] - Finding web element with id: 'Object Repository/Popup/Popup' located by 'By.cssSelector: .bootbox-body' in '10' second(s)

2021-11-19 16:49:04 - [MESSAGE][INFO] - Smart Wait Function is triggered

2021-11-19 16:49:04 - [MESSAGE][INFO] - Found 1 web elements with id: 'Object Repository/Popup/Popup' located by 'By.cssSelector: .bootbox-body' in '10' second(s)

2021-11-19 16:49:04 - [MESSAGE][PASSED] - Object 'Object Repository/Popup/Popup' is visible

2021-11-19 16:49:04 - [TEST_STEP][PASSED] - if (!(getText(findTestObject("Popup/Popup")).contains(Mesaj))): Text of object 'Object Repository/Popup/Popup' is: 'Oluşturulacak fatura numarası : FGX2021000000505 Fatura numarası oluşturulduktan sonra fatura silinemez. Fatura numarası, tarihi ve ön eki değiştirilemez. Devam etmek istiyor musunuz?'

2021-11-19 16:49:04 - [MESSAGE][INFO] - Finding Test Object 'Object Repository/Popup/Popup'

2021-11-19 16:49:04 - [MESSAGE][INFO] - Checking object

2021-11-19 16:49:04 - [MESSAGE][INFO] - Finding web element from Test Object's properties

2021-11-19 16:49:04 - [MESSAGE][INFO] - Checking timeout

2021-11-19 16:49:04 - [MESSAGE][INFO] - Finding web element with id: 'Object Repository/Popup/Popup' located by 'By.cssSelector: .bootbox-body' in '30' second(s)

2021-11-19 16:49:04 - [MESSAGE][INFO] - Smart Wait Function is triggered

2021-11-19 16:49:04 - [MESSAGE][INFO] - Found 1 web elements with id: 'Object Repository/Popup/Popup' located by 'By.cssSelector: .bootbox-body' in '30' second(s)

2021-11-19 16:49:04 - [MESSAGE][INFO] - Getting text of object 'Object Repository/Popup/Popup'

2021-11-19 16:49:04 - [MESSAGE][PASSED] - Text of object 'Object Repository/Popup/Popup' is: 'Oluşturulacak fatura numarası : FGX2021000000505 Fatura numarası oluşturulduktan sonra fatura silinemez. Fatura numarası, tarihi ve ön eki değiştirilemez. Devam etmek istiyor musunuz?'

2021-11-19 16:49:04 - [TEST_STEP][PASSED] - RaporNo = getText(findTestObject("Popup/Popup")).substring(0, 6): Text of object 'Object Repository/Popup/Popup' is: 'Oluşturulacak fatura numarası : FGX2021000000505 Fatura numarası oluşturulduktan sonra fatura silinemez. Fatura numarası, tarihi ve ön eki değiştirilemez. Devam etmek istiyor musunuz?'

2021-11-19 16:49:04 - [MESSAGE][INFO] - Finding Test Object 'Object Repository/Popup/Popup'

2021-11-19 16:49:04 - [MESSAGE][INFO] - Checking object

2021-11-19 16:49:04 - [MESSAGE][INFO] - Finding web element from Test Object's properties

2021-11-19 16:49:04 - [MESSAGE][INFO] - Checking timeout

2021-11-19 16:49:04 - [MESSAGE][INFO] - Finding web element with id: 'Object Repository/Popup/Popup' located by 'By.cssSelector: .bootbox-body' in '30' second(s)

2021-11-19 16:49:04 - [MESSAGE][INFO] - Smart Wait Function is triggered

2021-11-19 16:49:05 - [MESSAGE][INFO] - Found 1 web elements with id: 'Object Repository/Popup/Popup' located by 'By.cssSelector: .bootbox-body' in '30' second(s)

2021-11-19 16:49:05 - [MESSAGE][INFO] - Getting text of object 'Object Repository/Popup/Popup'

2021-11-19 16:49:05 - [MESSAGE][PASSED] - Text of object 'Object Repository/Popup/Popup' is: 'Oluşturulacak fatura numarası : FGX2021000000505 Fatura numarası oluşturulduktan sonra fatura silinemez. Fatura numarası, tarihi ve ön eki değiştirilemez. Devam etmek istiyor musunuz?'

2021-11-19 16:49:05 - [TEST_STEP][PASSED] - Console.println(RaporNo): null

2021-11-19 16:49:05 - [MESSAGE][PASSED] - Call Test Case 'Test Cases/Popup/PopupMesajiIceriyorMu' successfully

2021-11-19 16:49:05 - [MESSAGE][INFO] - Checking called Test Case

2021-11-19 16:49:05 - [MESSAGE][INFO] - Starting to call Test Case 'Test Cases/Popup/PopupButonSecilir'

2021-11-19 16:49:05 - [TEST_CASE][PASSED] - Test Cases/Popup/PopupButonSecilir: Test Cases/Popup/PopupButonSecilir

2021-11-19 16:49:05 - [TEST_STEP][PASSED] - Method.TextDegerineEsitElementeTikla(findTestObject("Popup/Popup_Butons"), Buton): Method.TextDegerineEsitElementeTikla is PASSED

2021-11-19 16:49:05 - [MESSAGE][INFO] - Finding Test Object 'Object Repository/Popup/Popup_Butons'

2021-11-19 16:49:05 - [MESSAGE][INFO] - Checking timeout

2021-11-19 16:49:05 - [MESSAGE][INFO] - Finding web element with id: 'Object Repository/Popup/Popup_Butons' located by 'By.cssSelector: .modal-footer>button' in '10' second(s)

2021-11-19 16:49:05 - [MESSAGE][INFO] - Smart Wait Function is triggered

2021-11-19 16:49:06 - [MESSAGE][INFO] - Found 2 web elements with id: 'Object Repository/Popup/Popup_Butons' located by 'By.cssSelector: .modal-footer>button' in '10' second(s)

2021-11-19 16:49:06 - [MESSAGE][PASSED] - Method.TextDegerineEsitElementeTikla is PASSED

2021-11-19 16:49:06 - [MESSAGE][PASSED] - Call Test Case 'Test Cases/Popup/PopupButonSecilir' successfully

2021-11-19 16:49:06 - [MESSAGE][INFO] - Checking called Test Case

2021-11-19 16:49:06 - [MESSAGE][INFO] - Starting to call Test Case 'Test Cases/Popup/PopupMesajiIceriyorMu'

2021-11-19 16:49:06 - [TEST_CASE][PASSED] - Test Cases/Popup/PopupMesajiIceriyorMu: Test Cases/Popup/PopupMesajiIceriyorMu

2021-11-19 16:49:06 - [TEST_STEP][PASSED] - waitForElementVisible(findTestObject("Popup/Popup"), 10): Object 'Object Repository/Popup/Popup' is visible

2021-11-19 16:49:06 - [MESSAGE][INFO] - Finding Test Object 'Object Repository/Popup/Popup'

2021-11-19 16:49:06 - [MESSAGE][INFO] - Checking object

2021-11-19 16:49:06 - [MESSAGE][INFO] - Checking timeout

2021-11-19 16:49:06 - [MESSAGE][INFO] - Finding web element from Test Object's properties

2021-11-19 16:49:06 - [MESSAGE][INFO] - Checking timeout

2021-11-19 16:49:06 - [MESSAGE][INFO] - Finding web element with id: 'Object Repository/Popup/Popup' located by 'By.cssSelector: .bootbox-body' in '10' second(s)

2021-11-19 16:49:06 - [MESSAGE][INFO] - Smart Wait Function is triggered

2021-11-19 16:49:07 - [MESSAGE][INFO] - Found 1 web elements with id: 'Object Repository/Popup/Popup' located by 'By.cssSelector: .bootbox-body' in '10' second(s)

2021-11-19 16:49:07 - [MESSAGE][PASSED] - Object 'Object Repository/Popup/Popup' is visible

2021-11-19 16:49:07 - [TEST_STEP][PASSED] - if (!(getText(findTestObject("Popup/Popup")).contains(Mesaj))): Text of object 'Object Repository/Popup/Popup' is: 'Fatura numaranız FGX2021000000505 olarak oluşmuştur.'

2021-11-19 16:49:07 - [MESSAGE][INFO] - Finding Test Object 'Object Repository/Popup/Popup'

2021-11-19 16:49:07 - [MESSAGE][INFO] - Checking object

2021-11-19 16:49:07 - [MESSAGE][INFO] - Finding web element from Test Object's properties

2021-11-19 16:49:07 - [MESSAGE][INFO] - Checking timeout

2021-11-19 16:49:07 - [MESSAGE][INFO] - Finding web element with id: 'Object Repository/Popup/Popup' located by 'By.cssSelector: .bootbox-body' in '30' second(s)

2021-11-19 16:49:07 - [MESSAGE][INFO] - Smart Wait Function is triggered

2021-11-19 16:49:07 - [MESSAGE][INFO] - Found 1 web elements with id: 'Object Repository/Popup/Popup' located by 'By.cssSelector: .bootbox-body' in '30' second(s)

2021-11-19 16:49:07 - [MESSAGE][INFO] - Getting text of object 'Object Repository/Popup/Popup'

2021-11-19 16:49:07 - [MESSAGE][PASSED] - Text of object 'Object Repository/Popup/Popup' is: 'Fatura numaranız FGX2021000000505 olarak oluşmuştur.'

2021-11-19 16:49:07 - [TEST_STEP][PASSED] - RaporNo = getText(findTestObject("Popup/Popup")).substring(0, 6): Text of object 'Object Repository/Popup/Popup' is: 'Fatura numaranız FGX2021000000505 olarak oluşmuştur.'

2021-11-19 16:49:07 - [MESSAGE][INFO] - Finding Test Object 'Object Repository/Popup/Popup'

2021-11-19 16:49:07 - [MESSAGE][INFO] - Checking object

2021-11-19 16:49:07 - [MESSAGE][INFO] - Finding web element from Test Object's properties

2021-11-19 16:49:07 - [MESSAGE][INFO] - Checking timeout

2021-11-19 16:49:07 - [MESSAGE][INFO] - Finding web element with id: 'Object Repository/Popup/Popup' located by 'By.cssSelector: .bootbox-body' in '30' second(s)

2021-11-19 16:49:07 - [MESSAGE][INFO] - Smart Wait Function is triggered

2021-11-19 16:49:07 - [MESSAGE][INFO] - Found 1 web elements with id: 'Object Repository/Popup/Popup' located by 'By.cssSelector: .bootbox-body' in '30' second(s)

2021-11-19 16:49:07 - [MESSAGE][INFO] - Getting text of object 'Object Repository/Popup/Popup'

2021-11-19 16:49:07 - [MESSAGE][PASSED] - Text of object 'Object Repository/Popup/Popup' is: 'Fatura numaranız FGX2021000000505 olarak oluşmuştur.'

2021-11-19 16:49:07 - [TEST_STEP][PASSED] - Console.println(RaporNo): null

2021-11-19 16:49:07 - [MESSAGE][PASSED] - Call Test Case 'Test Cases/Popup/PopupMesajiIceriyorMu' successfully

2021-11-19 16:49:07 - [MESSAGE][INFO] - Checking called Test Case

2021-11-19 16:49:07 - [MESSAGE][INFO] - Starting to call Test Case 'Test Cases/Popup/PopupButonSecilir'

2021-11-19 16:49:08 - [TEST_CASE][PASSED] - Test Cases/Popup/PopupButonSecilir: Test Cases/Popup/PopupButonSecilir

2021-11-19 16:49:08 - [TEST_STEP][PASSED] - Method.TextDegerineEsitElementeTikla(findTestObject("Popup/Popup_Butons"), Buton): Method.TextDegerineEsitElementeTikla is PASSED

2021-11-19 16:49:08 - [MESSAGE][INFO] - Finding Test Object 'Object Repository/Popup/Popup_Butons'

2021-11-19 16:49:08 - [MESSAGE][INFO] - Checking timeout

2021-11-19 16:49:08 - [MESSAGE][INFO] - Finding web element with id: 'Object Repository/Popup/Popup_Butons' located by 'By.cssSelector: .modal-footer>button' in '10' second(s)

2021-11-19 16:49:08 - [MESSAGE][INFO] - Smart Wait Function is triggered

2021-11-19 16:49:08 - [MESSAGE][INFO] - Found 1 web elements with id: 'Object Repository/Popup/Popup_Butons' located by 'By.cssSelector: .modal-footer>button' in '10' second(s)

2021-11-19 16:49:08 - [MESSAGE][PASSED] - Method.TextDegerineEsitElementeTikla is PASSED

2021-11-19 16:49:08 - [MESSAGE][PASSED] - Call Test Case 'Test Cases/Popup/PopupButonSecilir' successfully

2021-11-19 16:49:08 - [MESSAGE][INFO] - Checking called Test Case

2021-11-19 16:49:08 - [MESSAGE][INFO] - Starting to call Test Case 'Test Cases/Tablo/TablodanEttnliVeriSec'

2021-11-19 16:49:08 - [TEST_CASE][PASSED] - Test Cases/Tablo/TablodanEttnliVeriSec: Test Cases/Tablo/TablodanEttnliVeriSec

2021-11-19 16:49:08 - [TEST_STEP][PASSED] - Method.TextDegerineEsitElementinAltindakineTikla(findTestObject("Tablo/Veriler"), findTestObject("Tablo/VerininCheckBoxi"), ettn): Method.TextDegerineEsitElementinAltindakineTikla is PASSED

2021-11-19 16:49:08 - [MESSAGE][INFO] - Finding Test Object 'Object Repository/Tablo/Veriler'

2021-11-19 16:49:08 - [MESSAGE][INFO] - Finding Test Object 'Object Repository/Tablo/VerininCheckBoxi'

2021-11-19 16:49:08 - [MESSAGE][INFO] - Checking timeout

2021-11-19 16:49:08 - [MESSAGE][INFO] - Finding web element with id: 'Object Repository/Tablo/Veriler' located by 'By.cssSelector: td.dxgv b ,td.dxgv' in '10' second(s)

2021-11-19 16:49:08 - [MESSAGE][INFO] - Smart Wait Function is triggered

2021-11-19 16:49:09 - [MESSAGE][INFO] - Found 70 web elements with id: 'Object Repository/Tablo/Veriler' located by 'By.cssSelector: td.dxgv b ,td.dxgv' in '10' second(s)

2021-11-19 16:49:09 - [MESSAGE][INFO] - Smart Wait Function is triggered

2021-11-19 16:49:09 - [MESSAGE][PASSED] - Method.TextDegerineEsitElementinAltindakineTikla is PASSED

2021-11-19 16:49:09 - [MESSAGE][PASSED] - Call Test Case 'Test Cases/Tablo/TablodanEttnliVeriSec' successfully

2021-11-19 16:49:09 - [MESSAGE][INFO] - Checking called Test Case

2021-11-19 16:49:09 - [MESSAGE][INFO] - Starting to call Test Case 'Test Cases/Butonlar/ButonaTikla'

2021-11-19 16:49:09 - [TEST_CASE][PASSED] - Test Cases/Butonlar/ButonaTikla: Test Cases/Butonlar/ButonaTikla

2021-11-19 16:49:09 - [TEST_STEP][PASSED] - Method.TextDegerineEsitElementeTiklaEquals(findTestObject("Butonlar/Butonlar"), Buton_Adi): Method.TextDegerineEsitElementeTiklaEquals is PASSED

2021-11-19 16:49:09 - [MESSAGE][INFO] - Finding Test Object 'Object Repository/Butonlar/Butonlar'

2021-11-19 16:49:09 - [MESSAGE][INFO] - Checking timeout

2021-11-19 16:49:09 - [MESSAGE][INFO] - Finding web element with id: 'Object Repository/Butonlar/Butonlar' located by 'By.cssSelector: .panel.panel-default.text-center.footerPanel .btn,.btn.btn-primary.btnControls' in '10' second(s)

2021-11-19 16:49:09 - [MESSAGE][INFO] - Smart Wait Function is triggered

2021-11-19 16:49:10 - [MESSAGE][INFO] - Found 9 web elements with id: 'Object Repository/Butonlar/Butonlar' located by 'By.cssSelector: .panel.panel-default.text-center.footerPanel .btn,.btn.btn-primary.btnControls' in '10' second(s)

2021-11-19 16:49:10 - [MESSAGE][PASSED] - Method.TextDegerineEsitElementeTiklaEquals is PASSED

2021-11-19 16:49:10 - [MESSAGE][PASSED] - Call Test Case 'Test Cases/Butonlar/ButonaTikla' successfully

2021-11-19 16:49:10 - [MESSAGE][INFO] - Checking called Test Case

2021-11-19 16:49:10 - [MESSAGE][INFO] - Starting to call Test Case 'Test Cases/Popup/PopupMesajiIceriyorMu'

2021-11-19 16:49:10 - [TEST_CASE][PASSED] - Test Cases/Popup/PopupMesajiIceriyorMu: Test Cases/Popup/PopupMesajiIceriyorMu

2021-11-19 16:49:10 - [TEST_STEP][PASSED] - waitForElementVisible(findTestObject("Popup/Popup"), 10): Object 'Object Repository/Popup/Popup' is visible

2021-11-19 16:49:10 - [MESSAGE][INFO] - Finding Test Object 'Object Repository/Popup/Popup'

2021-11-19 16:49:11 - [MESSAGE][INFO] - Checking object

2021-11-19 16:49:11 - [MESSAGE][INFO] - Checking timeout

2021-11-19 16:49:11 - [MESSAGE][INFO] - Finding web element from Test Object's properties

2021-11-19 16:49:11 - [MESSAGE][INFO] - Checking timeout

2021-11-19 16:49:11 - [MESSAGE][INFO] - Finding web element with id: 'Object Repository/Popup/Popup' located by 'By.cssSelector: .bootbox-body' in '10' second(s)

2021-11-19 16:49:11 - [MESSAGE][INFO] - Smart Wait Function is triggered

2021-11-19 16:49:11 - [MESSAGE][INFO] - Found 1 web elements with id: 'Object Repository/Popup/Popup' located by 'By.cssSelector: .bootbox-body' in '10' second(s)

2021-11-19 16:49:11 - [MESSAGE][PASSED] - Object 'Object Repository/Popup/Popup' is visible

2021-11-19 16:49:11 - [TEST_STEP][PASSED] - if (!(getText(findTestObject("Popup/Popup")).contains(Mesaj))): Text of object 'Object Repository/Popup/Popup' is: 'Seçilen faturalarınız onaylanacaktır. Onaylanan faturalar üzerinde değişiklik yapılamaz. Devam etmek istiyor musunuz?'

2021-11-19 16:49:11 - [MESSAGE][INFO] - Finding Test Object 'Object Repository/Popup/Popup'

2021-11-19 16:49:11 - [MESSAGE][INFO] - Checking object

2021-11-19 16:49:11 - [MESSAGE][INFO] - Finding web element from Test Object's properties

2021-11-19 16:49:11 - [MESSAGE][INFO] - Checking timeout

2021-11-19 16:49:11 - [MESSAGE][INFO] - Finding web element with id: 'Object Repository/Popup/Popup' located by 'By.cssSelector: .bootbox-body' in '30' second(s)

2021-11-19 16:49:11 - [MESSAGE][INFO] - Smart Wait Function is triggered

2021-11-19 16:49:11 - [MESSAGE][INFO] - Found 1 web elements with id: 'Object Repository/Popup/Popup' located by 'By.cssSelector: .bootbox-body' in '30' second(s)

2021-11-19 16:49:11 - [MESSAGE][INFO] - Getting text of object 'Object Repository/Popup/Popup'

2021-11-19 16:49:11 - [MESSAGE][PASSED] - Text of object 'Object Repository/Popup/Popup' is: 'Seçilen faturalarınız onaylanacaktır. Onaylanan faturalar üzerinde değişiklik yapılamaz. Devam etmek istiyor musunuz?'

2021-11-19 16:49:11 - [TEST_STEP][PASSED] - RaporNo = getText(findTestObject("Popup/Popup")).substring(0, 6): Text of object 'Object Repository/Popup/Popup' is: 'Seçilen faturalarınız onaylanacaktır. Onaylanan faturalar üzerinde değişiklik yapılamaz. Devam etmek istiyor musunuz?'

2021-11-19 16:49:11 - [MESSAGE][INFO] - Finding Test Object 'Object Repository/Popup/Popup'

2021-11-19 16:49:11 - [MESSAGE][INFO] - Checking object

2021-11-19 16:49:11 - [MESSAGE][INFO] - Finding web element from Test Object's properties

2021-11-19 16:49:11 - [MESSAGE][INFO] - Checking timeout

2021-11-19 16:49:11 - [MESSAGE][INFO] - Finding web element with id: 'Object Repository/Popup/Popup' located by 'By.cssSelector: .bootbox-body' in '30' second(s)

2021-11-19 16:49:11 - [MESSAGE][INFO] - Smart Wait Function is triggered

2021-11-19 16:49:12 - [MESSAGE][INFO] - Found 1 web elements with id: 'Object Repository/Popup/Popup' located by 'By.cssSelector: .bootbox-body' in '30' second(s)

2021-11-19 16:49:12 - [MESSAGE][INFO] - Getting text of object 'Object Repository/Popup/Popup'

2021-11-19 16:49:12 - [MESSAGE][PASSED] - Text of object 'Object Repository/Popup/Popup' is: 'Seçilen faturalarınız onaylanacaktır. Onaylanan faturalar üzerinde değişiklik yapılamaz. Devam etmek istiyor musunuz?'

2021-11-19 16:49:12 - [TEST_STEP][PASSED] - Console.println(RaporNo): null

2021-11-19 16:49:12 - [MESSAGE][PASSED] - Call Test Case 'Test Cases/Popup/PopupMesajiIceriyorMu' successfully

2021-11-19 16:49:12 - [MESSAGE][INFO] - Checking called Test Case

2021-11-19 16:49:12 - [MESSAGE][INFO] - Starting to call Test Case 'Test Cases/Popup/PopupButonSecilir'

2021-11-19 16:49:12 - [TEST_CASE][PASSED] - Test Cases/Popup/PopupButonSecilir: Test Cases/Popup/PopupButonSecilir

2021-11-19 16:49:12 - [TEST_STEP][PASSED] - Method.TextDegerineEsitElementeTikla(findTestObject("Popup/Popup_Butons"), Buton): Method.TextDegerineEsitElementeTikla is PASSED

2021-11-19 16:49:12 - [MESSAGE][INFO] - Finding Test Object 'Object Repository/Popup/Popup_Butons'

2021-11-19 16:49:12 - [MESSAGE][INFO] - Checking timeout

2021-11-19 16:49:12 - [MESSAGE][INFO] - Finding web element with id: 'Object Repository/Popup/Popup_Butons' located by 'By.cssSelector: .modal-footer>button' in '10' second(s)

2021-11-19 16:49:12 - [MESSAGE][INFO] - Smart Wait Function is triggered

2021-11-19 16:49:12 - [MESSAGE][INFO] - Found 2 web elements with id: 'Object Repository/Popup/Popup_Butons' located by 'By.cssSelector: .modal-footer>button' in '10' second(s)

2021-11-19 16:49:12 - [MESSAGE][PASSED] - Method.TextDegerineEsitElementeTikla is PASSED

2021-11-19 16:49:12 - [MESSAGE][PASSED] - Call Test Case 'Test Cases/Popup/PopupButonSecilir' successfully

2021-11-19 16:49:12 - [MESSAGE][INFO] - Checking called Test Case

2021-11-19 16:49:12 - [MESSAGE][INFO] - Starting to call Test Case 'Test Cases/Menu/AnaMenuSecimi'

2021-11-19 16:49:12 - [TEST_CASE][PASSED] - Test Cases/Menu/AnaMenuSecimi: Test Cases/Menu/AnaMenuSecimi

2021-11-19 16:49:12 - [TEST_STEP][PASSED] - Method.TextDegerineEsitElementeTikla(findTestObject("Menu/Ana_Menu"), Ana_Menu): Method.TextDegerineEsitElementeTikla is PASSED

2021-11-19 16:49:12 - [MESSAGE][INFO] - Finding Test Object 'Object Repository/Menu/Ana_Menu'

2021-11-19 16:49:12 - [MESSAGE][INFO] - Checking timeout

2021-11-19 16:49:12 - [MESSAGE][INFO] - Finding web element with id: 'Object Repository/Menu/Ana_Menu' located by 'By.xpath: //*[@class = 'dropdown-toggle']' in '10' second(s)

2021-11-19 16:49:12 - [MESSAGE][INFO] - Smart Wait Function is triggered

2021-11-19 16:49:14 - [MESSAGE][INFO] - Found 13 web elements with id: 'Object Repository/Menu/Ana_Menu' located by 'By.xpath: //*[@class = 'dropdown-toggle']' in '10' second(s)

2021-11-19 16:49:14 - [MESSAGE][PASSED] - Method.TextDegerineEsitElementeTikla is PASSED

2021-11-19 16:49:14 - [MESSAGE][PASSED] - Call Test Case 'Test Cases/Menu/AnaMenuSecimi' successfully

2021-11-19 16:49:14 - [MESSAGE][INFO] - Checking called Test Case

2021-11-19 16:49:14 - [MESSAGE][INFO] - Starting to call Test Case 'Test Cases/Menu/BasligaGoreAltMenuSecimi'

2021-11-19 16:49:14 - [TEST_CASE][PASSED] - Test Cases/Menu/BasligaGoreAltMenuSecimi: Test Cases/Menu/BasligaGoreAltMenuSecimi

2021-11-19 16:49:14 - [TEST_STEP][PASSED] - Method.TextDegerineEsitElementinAltindakiTextDegerineEsitOlanaTikla(findTestObject("Menu/Menu_Basligi"), findTestObject("Menu/Basliga_Gore_Alt_Menu"), Baslik, Alt_Menu): Method.TextDegerineEsitElementinAltindakiTextDegerineEsitOlanaTikla is PASSED

2021-11-19 16:49:14 - [MESSAGE][INFO] - Finding Test Object 'Object Repository/Menu/Menu_Basligi'

2021-11-19 16:49:14 - [MESSAGE][INFO] - Finding Test Object 'Object Repository/Menu/Basliga_Gore_Alt_Menu'

2021-11-19 16:49:14 - [MESSAGE][INFO] - Checking timeout

2021-11-19 16:49:14 - [MESSAGE][INFO] - Finding web element with id: 'Object Repository/Menu/Menu_Basligi' located by 'By.xpath: //li[@class='dropdown dropdown-large open']//li[@class='dropdown-header']' in '10' second(s)

2021-11-19 16:49:14 - [MESSAGE][INFO] - Smart Wait Function is triggered

2021-11-19 16:49:15 - [MESSAGE][INFO] - Found 2 web elements with id: 'Object Repository/Menu/Menu_Basligi' located by 'By.xpath: //li[@class='dropdown dropdown-large open']//li[@class='dropdown-header']' in '10' second(s)

2021-11-19 16:49:15 - [MESSAGE][INFO] - Smart Wait Function is triggered

2021-11-19 16:49:16 - [MESSAGE][PASSED] - Method.TextDegerineEsitElementinAltindakiTextDegerineEsitOlanaTikla is PASSED

2021-11-19 16:49:16 - [MESSAGE][PASSED] - Call Test Case 'Test Cases/Menu/BasligaGoreAltMenuSecimi' successfully

2021-11-19 16:49:16 - [MESSAGE][INFO] - Checking called Test Case

2021-11-19 16:49:16 - [MESSAGE][INFO] - Starting to call Test Case 'Test Cases/Filtreler/EttnYaz'

2021-11-19 16:49:16 - [TEST_CASE][PASSED] - Test Cases/Filtreler/EttnYaz: Test Cases/Filtreler/EttnYaz

2021-11-19 16:49:17 - [TEST_STEP][PASSED] - Method.TextDegerineEsitElementinAltindakiTextboxtaYaz(findTestObject("Filtreler/Basliklar"), findTestObject("Filtreler/Basliga_Gore_Textbox"), "ETTN", ettn): Method.TextDegerineEsitElementinAltindakiTextboxtaYaz is PASSED

2021-11-19 16:49:17 - [MESSAGE][INFO] - Finding Test Object 'Object Repository/Filtreler/Basliklar'

2021-11-19 16:49:17 - [MESSAGE][INFO] - Finding Test Object 'Object Repository/Filtreler/Basliga_Gore_Textbox'

2021-11-19 16:49:17 - [MESSAGE][INFO] - Checking timeout

2021-11-19 16:49:17 - [MESSAGE][INFO] - Finding web element with id: 'Object Repository/Filtreler/Basliklar' located by 'By.cssSelector: .control-label.col-sm-4.paddingMarginRLC' in '10' second(s)

2021-11-19 16:49:17 - [MESSAGE][INFO] - Smart Wait Function is triggered

2021-11-19 16:49:17 - [MESSAGE][INFO] - Found 19 web elements with id: 'Object Repository/Filtreler/Basliklar' located by 'By.cssSelector: .control-label.col-sm-4.paddingMarginRLC' in '10' second(s)

2021-11-19 16:49:18 - [MESSAGE][INFO] - Smart Wait Function is triggered

2021-11-19 16:49:18 - [MESSAGE][PASSED] - Method.TextDegerineEsitElementinAltindakiTextboxtaYaz is PASSED

2021-11-19 16:49:18 - [MESSAGE][PASSED] - Call Test Case 'Test Cases/Filtreler/EttnYaz' successfully

2021-11-19 16:49:18 - [MESSAGE][INFO] - Checking called Test Case

2021-11-19 16:49:18 - [MESSAGE][INFO] - Starting to call Test Case 'Test Cases/Filtreler/ButonaTikla'

2021-11-19 16:49:18 - [TEST_CASE][PASSED] - Test Cases/Filtreler/ButonaTikla: Test Cases/Filtreler/ButonaTikla

2021-11-19 16:49:19 - [TEST_STEP][PASSED] - Method.TextDegerineEsitElementeTikla(findTestObject("Filtreler/Butonlar"), Filtre_Buton): Method.TextDegerineEsitElementeTikla is PASSED

2021-11-19 16:49:19 - [MESSAGE][INFO] - Finding Test Object 'Object Repository/Filtreler/Butonlar'

2021-11-19 16:49:19 - [MESSAGE][INFO] - Checking timeout

2021-11-19 16:49:19 - [MESSAGE][INFO] - Finding web element with id: 'Object Repository/Filtreler/Butonlar' located by 'By.cssSelector: .dxb>span' in '10' second(s)

2021-11-19 16:49:19 - [MESSAGE][INFO] - Smart Wait Function is triggered

2021-11-19 16:49:19 - [MESSAGE][INFO] - Found 3 web elements with id: 'Object Repository/Filtreler/Butonlar' located by 'By.cssSelector: .dxb>span' in '10' second(s)

2021-11-19 16:49:19 - [MESSAGE][PASSED] - Method.TextDegerineEsitElementeTikla is PASSED

2021-11-19 16:49:19 - [MESSAGE][PASSED] - Call Test Case 'Test Cases/Filtreler/ButonaTikla' successfully

2021-11-19 16:49:19 - [MESSAGE][INFO] - Checking called Test Case

2021-11-19 16:49:19 - [MESSAGE][INFO] - Starting to call Test Case 'Test Cases/Tablo/TablodaVeriVarMi'

2021-11-19 16:49:19 - [TEST_CASE][PASSED] - Test Cases/Tablo/TablodaVeriVarMi: Test Cases/Tablo/TablodaVeriVarMi

2021-11-19 16:49:20 - [TEST_STEP][PASSED] - verifyTextNotPresent("Görüntülenecek veri yok", true): Text 'Görüntülenecek veri yok' is not present on page using regular expression

2021-11-19 16:49:20 - [MESSAGE][INFO] - Checking text present  using regular expression

2021-11-19 16:49:20 - [MESSAGE][INFO] - Smart Wait Function is triggered

2021-11-19 16:49:21 - [MESSAGE][INFO] - Finding text 'Görüntülenecek veri yok' on page  using regular expression

2021-11-19 16:49:21 - [MESSAGE][PASSED] - Text 'Görüntülenecek veri yok' is not present on page using regular expression

2021-11-19 16:49:21 - [MESSAGE][PASSED] - Call Test Case 'Test Cases/Tablo/TablodaVeriVarMi' successfully

2021-11-19 16:49:21 - [MESSAGE][INFO] - Checking called Test Case

2021-11-19 16:49:21 - [MESSAGE][INFO] - Starting to call Test Case 'Test Cases/Tablo/TablodaVeriBasariliMiArsiv'

2021-11-19 16:49:21 - [TEST_CASE][PASSED] - Test Cases/Tablo/TablodaVeriBasariliMiArsiv: Test Cases/Tablo/TablodaVeriBasariliMiArsiv

2021-11-19 16:49:22 - [TEST_STEP][PASSED] - sayac = 80: null

2021-11-19 16:49:22 - [TEST_STEP][PASSED] - while (verifyElementText(findTestObject("Object Repository/Tablo/DurumBilgisiArsiv"), "Henüz Sonuçlanmadı", OPTIONAL)): Actual text 'Başarılı' and expected text 'Henüz Sonuçlanmadı' of test object 'Object Repository/Tablo/DurumBilgisiArsiv' are NOT matched. (Root cause: com.kms.katalon.core.exception.StepFailedException: Actual text 'Başarılı' and expected text 'Henüz Sonuçlanmadı' of test object 'Object Repository/Tablo/DurumBilgisiArsiv' are NOT matched.
	at com.kms.katalon.core.webui.keyword.internal.WebUIKeywordMain.stepFailed(WebUIKeywordMain.groovy:64)
	at com.kms.katalon.core.webui.keyword.builtin.VerifyElementTextKeyword$_verifyElementText_closure1.doCall(VerifyElementTextKeyword.groovy:57)
	at com.kms.katalon.core.webui.keyword.builtin.VerifyElementTextKeyword$_verifyElementText_closure1.call(VerifyElementTextKeyword.groovy)
	at com.kms.katalon.core.webui.keyword.internal.WebUIKeywordMain.runKeyword(WebUIKeywordMain.groovy:20)
	at com.kms.katalon.core.webui.keyword.builtin.VerifyElementTextKeyword.verifyElementText(VerifyElementTextKeyword.groovy:72)
	at com.kms.katalon.core.webui.keyword.builtin.VerifyElementTextKeyword.execute(VerifyElementTextKeyword.groovy:40)
	at com.kms.katalon.core.keyword.internal.KeywordExecutor.executeKeywordForPlatform(KeywordExecutor.groovy:73)
	at com.kms.katalon.core.webui.keyword.WebUiBuiltInKeywords.verifyElementText(WebUiBuiltInKeywords.groovy:4733)
	at com.kms.katalon.core.webui.keyword.WebUiBuiltInKeywords$verifyElementText$20.call(Unknown Source)
	at TablodaVeriBasariliMiArsiv.run(TablodaVeriBasariliMiArsiv:22)
	at com.kms.katalon.core.main.ScriptEngine.run(ScriptEngine.java:194)
	at com.kms.katalon.core.main.ScriptEngine.runScriptAsRawText(ScriptEngine.java:119)
	at com.kms.katalon.core.main.TestCaseExecutor.runScript(TestCaseExecutor.java:369)
	at com.kms.katalon.core.main.TestCaseExecutor.doExecute(TestCaseExecutor.java:360)
	at com.kms.katalon.core.main.TestCaseExecutor.processExecutionPhase(TestCaseExecutor.java:339)
	at com.kms.katalon.core.main.TestCaseExecutor.accessMainPhase(TestCaseExecutor.java:331)
	at com.kms.katalon.core.main.TestCaseExecutor.execute(TestCaseExecutor.java:248)
	at com.kms.katalon.core.main.TestCaseMain.runTestCase(TestCaseMain.java:138)
	at com.kms.katalon.core.keyword.builtin.CallTestCaseKeyword$_callTestCase_closure1.doCall(CallTestCaseKeyword.groovy:59)
	at com.kms.katalon.core.keyword.builtin.CallTestCaseKeyword$_callTestCase_closure1.call(CallTestCaseKeyword.groovy)
	at com.kms.katalon.core.keyword.internal.KeywordMain.runKeyword(KeywordMain.groovy:68)
	at com.kms.katalon.core.keyword.builtin.CallTestCaseKeyword.callTestCase(CallTestCaseKeyword.groovy:81)
	at com.kms.katalon.core.keyword.builtin.CallTestCaseKeyword.execute(CallTestCaseKeyword.groovy:44)
	at com.kms.katalon.core.keyword.internal.KeywordExecutor.executeKeywordForPlatform(KeywordExecutor.groovy:73)
	at com.kms.katalon.core.keyword.BuiltinKeywords.callTestCase(BuiltinKeywords.groovy:334)
	at tablo.tablo.tablodaVeriBasariliMiArsiv(tablo.groovy:95)
	at cucumber.runtime.Utils$1.call(Utils.java:26)
	at cucumber.runtime.Timeout.timeout(Timeout.java:16)
	at cucumber.runtime.Utils.invoke(Utils.java:20)
	at cucumber.runtime.java.JavaStepDefinition.execute(JavaStepDefinition.java:49)
	at cucumber.runner.PickleStepDefinitionMatch.runStep(PickleStepDefinitionMatch.java:50)
	at cucumber.runner.TestStep.executeStep(TestStep.java:63)
	at cucumber.runner.TestStep.run(TestStep.java:49)
	at cucumber.runner.PickleStepTestStep.run(PickleStepTestStep.java:43)
	at cucumber.runner.TestCase.run(TestCase.java:44)
	at cucumber.runner.Runner.runPickle(Runner.java:40)
	at cucumber.runtime.Runtime$1.run(Runtime.java:84)
	at cucumber.runtime.Runtime$SameThreadExecutorService.execute(Runtime.java:220)
	at cucumber.runtime.Runtime.run(Runtime.java:81)
	at cucumber.api.cli.Main.run(Main.java:26)
	at cucumber.api.cli.Main$run.call(Unknown Source)
	at com.kms.katalon.core.cucumber.keyword.CucumberBuiltinKeywords$_runFeatureFile_closure1.doCall(CucumberBuiltinKeywords.groovy:106)
	at com.kms.katalon.core.cucumber.keyword.CucumberBuiltinKeywords$_runFeatureFile_closure1.doCall(CucumberBuiltinKeywords.groovy)
	at com.kms.katalon.core.keyword.internal.KeywordMain.runKeyword(KeywordMain.groovy:68)
	at com.kms.katalon.core.keyword.internal.KeywordMain$runKeyword.call(Unknown Source)
	at com.kms.katalon.core.cucumber.keyword.CucumberBuiltinKeywords.runFeatureFile(CucumberBuiltinKeywords.groovy:73)
	at com.kms.katalon.core.cucumber.keyword.CucumberBuiltinKeywords$runFeatureFile$0.callStatic(Unknown Source)
	at com.kms.katalon.core.cucumber.keyword.CucumberBuiltinKeywords.runFeatureFile(CucumberBuiltinKeywords.groovy:246)
	at com.kms.katalon.core.cucumber.keyword.CucumberBuiltinKeywords$runFeatureFile.call(Unknown Source)
	at VKN-Elektronik-Hal Komisyoncu.run(VKN-Elektronik-Hal Komisyoncu:19)
	at com.kms.katalon.core.main.ScriptEngine.run(ScriptEngine.java:194)
	at com.kms.katalon.core.main.ScriptEngine.runScriptAsRawText(ScriptEngine.java:119)
	at com.kms.katalon.core.main.TestCaseExecutor.runScript(TestCaseExecutor.java:369)
	at com.kms.katalon.core.main.TestCaseExecutor.doExecute(TestCaseExecutor.java:360)
	at com.kms.katalon.core.main.TestCaseExecutor.processExecutionPhase(TestCaseExecutor.java:339)
	at com.kms.katalon.core.main.TestCaseExecutor.accessMainPhase(TestCaseExecutor.java:331)
	at com.kms.katalon.core.main.TestCaseExecutor.execute(TestCaseExecutor.java:248)
	at com.kms.katalon.core.main.TestSuiteExecutor.accessTestCaseMainPhase(TestSuiteExecutor.java:191)
	at com.kms.katalon.core.main.TestSuiteExecutor.accessTestSuiteMainPhase(TestSuiteExecutor.java:140)
	at com.kms.katalon.core.main.TestSuiteExecutor.execute(TestSuiteExecutor.java:89)
	at com.kms.katalon.core.main.TestCaseMain.startTestSuite(TestCaseMain.java:181)
	at com.kms.katalon.core.main.TestCaseMain$startTestSuite$0.call(Unknown Source)
	at TempTestSuite1637329560940.run(TempTestSuite1637329560940.groovy:39)
)

2021-11-19 16:49:22 - [MESSAGE][INFO] - Finding Test Object 'Object Repository/Tablo/DurumBilgisiArsiv'

2021-11-19 16:49:22 - [MESSAGE][INFO] - Checking object

2021-11-19 16:49:22 - [MESSAGE][INFO] - Finding web element from Test Object's properties

2021-11-19 16:49:22 - [MESSAGE][INFO] - Checking timeout

2021-11-19 16:49:22 - [MESSAGE][INFO] - Finding web element with id: 'Object Repository/Tablo/DurumBilgisiArsiv' located by 'By.xpath: //*[@id = 'GridViewEArchiveInvoices_tccell0_9']' in '30' second(s)

2021-11-19 16:49:22 - [MESSAGE][INFO] - Smart Wait Function is triggered

2021-11-19 16:49:22 - [MESSAGE][INFO] - Found 1 web elements with id: 'Object Repository/Tablo/DurumBilgisiArsiv' located by 'By.xpath: //*[@id = 'GridViewEArchiveInvoices_tccell0_9']' in '30' second(s)

2021-11-19 16:49:22 - [MESSAGE][WARNING] - Actual text 'Başarılı' and expected text 'Henüz Sonuçlanmadı' of test object 'Object Repository/Tablo/DurumBilgisiArsiv' are NOT matched. (Root cause: com.kms.katalon.core.exception.StepFailedException: Actual text 'Başarılı' and expected text 'Henüz Sonuçlanmadı' of test object 'Object Repository/Tablo/DurumBilgisiArsiv' are NOT matched.
	at com.kms.katalon.core.webui.keyword.internal.WebUIKeywordMain.stepFailed(WebUIKeywordMain.groovy:64)
	at com.kms.katalon.core.webui.keyword.builtin.VerifyElementTextKeyword$_verifyElementText_closure1.doCall(VerifyElementTextKeyword.groovy:57)
	at com.kms.katalon.core.webui.keyword.builtin.VerifyElementTextKeyword$_verifyElementText_closure1.call(VerifyElementTextKeyword.groovy)
	at com.kms.katalon.core.webui.keyword.internal.WebUIKeywordMain.runKeyword(WebUIKeywordMain.groovy:20)
	at com.kms.katalon.core.webui.keyword.builtin.VerifyElementTextKeyword.verifyElementText(VerifyElementTextKeyword.groovy:72)
	at com.kms.katalon.core.webui.keyword.builtin.VerifyElementTextKeyword.execute(VerifyElementTextKeyword.groovy:40)
	at com.kms.katalon.core.keyword.internal.KeywordExecutor.executeKeywordForPlatform(KeywordExecutor.groovy:73)
	at com.kms.katalon.core.webui.keyword.WebUiBuiltInKeywords.verifyElementText(WebUiBuiltInKeywords.groovy:4733)
	at com.kms.katalon.core.webui.keyword.WebUiBuiltInKeywords$verifyElementText$20.call(Unknown Source)
	at TablodaVeriBasariliMiArsiv.run(TablodaVeriBasariliMiArsiv:22)
	at com.kms.katalon.core.main.ScriptEngine.run(ScriptEngine.java:194)
	at com.kms.katalon.core.main.ScriptEngine.runScriptAsRawText(ScriptEngine.java:119)
	at com.kms.katalon.core.main.TestCaseExecutor.runScript(TestCaseExecutor.java:369)
	at com.kms.katalon.core.main.TestCaseExecutor.doExecute(TestCaseExecutor.java:360)
	at com.kms.katalon.core.main.TestCaseExecutor.processExecutionPhase(TestCaseExecutor.java:339)
	at com.kms.katalon.core.main.TestCaseExecutor.accessMainPhase(TestCaseExecutor.java:331)
	at com.kms.katalon.core.main.TestCaseExecutor.execute(TestCaseExecutor.java:248)
	at com.kms.katalon.core.main.TestCaseMain.runTestCase(TestCaseMain.java:138)
	at com.kms.katalon.core.keyword.builtin.CallTestCaseKeyword$_callTestCase_closure1.doCall(CallTestCaseKeyword.groovy:59)
	at com.kms.katalon.core.keyword.builtin.CallTestCaseKeyword$_callTestCase_closure1.call(CallTestCaseKeyword.groovy)
	at com.kms.katalon.core.keyword.internal.KeywordMain.runKeyword(KeywordMain.groovy:68)
	at com.kms.katalon.core.keyword.builtin.CallTestCaseKeyword.callTestCase(CallTestCaseKeyword.groovy:81)
	at com.kms.katalon.core.keyword.builtin.CallTestCaseKeyword.execute(CallTestCaseKeyword.groovy:44)
	at com.kms.katalon.core.keyword.internal.KeywordExecutor.executeKeywordForPlatform(KeywordExecutor.groovy:73)
	at com.kms.katalon.core.keyword.BuiltinKeywords.callTestCase(BuiltinKeywords.groovy:334)
	at tablo.tablo.tablodaVeriBasariliMiArsiv(tablo.groovy:95)
	at cucumber.runtime.Utils$1.call(Utils.java:26)
	at cucumber.runtime.Timeout.timeout(Timeout.java:16)
	at cucumber.runtime.Utils.invoke(Utils.java:20)
	at cucumber.runtime.java.JavaStepDefinition.execute(JavaStepDefinition.java:49)
	at cucumber.runner.PickleStepDefinitionMatch.runStep(PickleStepDefinitionMatch.java:50)
	at cucumber.runner.TestStep.executeStep(TestStep.java:63)
	at cucumber.runner.TestStep.run(TestStep.java:49)
	at cucumber.runner.PickleStepTestStep.run(PickleStepTestStep.java:43)
	at cucumber.runner.TestCase.run(TestCase.java:44)
	at cucumber.runner.Runner.runPickle(Runner.java:40)
	at cucumber.runtime.Runtime$1.run(Runtime.java:84)
	at cucumber.runtime.Runtime$SameThreadExecutorService.execute(Runtime.java:220)
	at cucumber.runtime.Runtime.run(Runtime.java:81)
	at cucumber.api.cli.Main.run(Main.java:26)
	at cucumber.api.cli.Main$run.call(Unknown Source)
	at com.kms.katalon.core.cucumber.keyword.CucumberBuiltinKeywords$_runFeatureFile_closure1.doCall(CucumberBuiltinKeywords.groovy:106)
	at com.kms.katalon.core.cucumber.keyword.CucumberBuiltinKeywords$_runFeatureFile_closure1.doCall(CucumberBuiltinKeywords.groovy)
	at com.kms.katalon.core.keyword.internal.KeywordMain.runKeyword(KeywordMain.groovy:68)
	at com.kms.katalon.core.keyword.internal.KeywordMain$runKeyword.call(Unknown Source)
	at com.kms.katalon.core.cucumber.keyword.CucumberBuiltinKeywords.runFeatureFile(CucumberBuiltinKeywords.groovy:73)
	at com.kms.katalon.core.cucumber.keyword.CucumberBuiltinKeywords$runFeatureFile$0.callStatic(Unknown Source)
	at com.kms.katalon.core.cucumber.keyword.CucumberBuiltinKeywords.runFeatureFile(CucumberBuiltinKeywords.groovy:246)
	at com.kms.katalon.core.cucumber.keyword.CucumberBuiltinKeywords$runFeatureFile.call(Unknown Source)
	at VKN-Elektronik-Hal Komisyoncu.run(VKN-Elektronik-Hal Komisyoncu:19)
	at com.kms.katalon.core.main.ScriptEngine.run(ScriptEngine.java:194)
	at com.kms.katalon.core.main.ScriptEngine.runScriptAsRawText(ScriptEngine.java:119)
	at com.kms.katalon.core.main.TestCaseExecutor.runScript(TestCaseExecutor.java:369)
	at com.kms.katalon.core.main.TestCaseExecutor.doExecute(TestCaseExecutor.java:360)
	at com.kms.katalon.core.main.TestCaseExecutor.processExecutionPhase(TestCaseExecutor.java:339)
	at com.kms.katalon.core.main.TestCaseExecutor.accessMainPhase(TestCaseExecutor.java:331)
	at com.kms.katalon.core.main.TestCaseExecutor.execute(TestCaseExecutor.java:248)
	at com.kms.katalon.core.main.TestSuiteExecutor.accessTestCaseMainPhase(TestSuiteExecutor.java:191)
	at com.kms.katalon.core.main.TestSuiteExecutor.accessTestSuiteMainPhase(TestSuiteExecutor.java:140)
	at com.kms.katalon.core.main.TestSuiteExecutor.execute(TestSuiteExecutor.java:89)
	at com.kms.katalon.core.main.TestCaseMain.startTestSuite(TestCaseMain.java:181)
	at com.kms.katalon.core.main.TestCaseMain$startTestSuite$0.call(Unknown Source)
	at TempTestSuite1637329560940.run(TempTestSuite1637329560940.groovy:39)
)

2021-11-19 16:49:22 - [TEST_STEP][PASSED] - Method.TextDegerineEsitElementVarMi(findTestObject("Object Repository/Tablo/DurumBilgisiArsiv"), "Başarılı"): Method.TextDegerineEsitElementVarMi is PASSED

2021-11-19 16:49:22 - [MESSAGE][INFO] - Finding Test Object 'Object Repository/Tablo/DurumBilgisiArsiv'

2021-11-19 16:49:22 - [MESSAGE][INFO] - Checking timeout

2021-11-19 16:49:22 - [MESSAGE][INFO] - Finding web element with id: 'Object Repository/Tablo/DurumBilgisiArsiv' located by 'By.xpath: //*[@id = 'GridViewEArchiveInvoices_tccell0_9']' in '10' second(s)

2021-11-19 16:49:22 - [MESSAGE][INFO] - Smart Wait Function is triggered

2021-11-19 16:49:23 - [MESSAGE][INFO] - Found 1 web elements with id: 'Object Repository/Tablo/DurumBilgisiArsiv' located by 'By.xpath: //*[@id = 'GridViewEArchiveInvoices_tccell0_9']' in '10' second(s)

2021-11-19 16:49:23 - [MESSAGE][PASSED] - Method.TextDegerineEsitElementVarMi is PASSED

2021-11-19 16:49:23 - [MESSAGE][PASSED] - Call Test Case 'Test Cases/Tablo/TablodaVeriBasariliMiArsiv' successfully

2021-11-19 16:49:23 - [MESSAGE][INFO] - Checking called Test Case

2021-11-19 16:49:23 - [MESSAGE][INFO] - Starting to call Test Case 'Test Cases/Kullanici_Islemleri/KullaniciIslemlerindenSecimYapilir'

2021-11-19 16:49:23 - [TEST_CASE][PASSED] - Test Cases/Kullanici_Islemleri/KullaniciIslemlerindenSecimYapilir: Test Cases/Kullanici_Islemleri/KullaniciIslemlerindenSecimYapilir

2021-11-19 16:49:24 - [TEST_STEP][PASSED] - waitForElementClickable(findTestObject("Object Repository/Kullanici_Islemleri/KullaniciIslemleri"), 10): Object 'Object Repository/Kullanici_Islemleri/KullaniciIslemleri' is clickable

2021-11-19 16:49:24 - [MESSAGE][INFO] - Finding Test Object 'Object Repository/Kullanici_Islemleri/KullaniciIslemleri'

2021-11-19 16:49:24 - [MESSAGE][INFO] - Checking object

2021-11-19 16:49:24 - [MESSAGE][INFO] - Checking timeout

2021-11-19 16:49:24 - [MESSAGE][INFO] - Finding web element from Test Object's properties

2021-11-19 16:49:24 - [MESSAGE][INFO] - Checking timeout

2021-11-19 16:49:24 - [MESSAGE][INFO] - Finding web element with id: 'Object Repository/Kullanici_Islemleri/KullaniciIslemleri' located by 'By.cssSelector: .dropdown>a>img' in '10' second(s)

2021-11-19 16:49:24 - [MESSAGE][INFO] - Smart Wait Function is triggered

2021-11-19 16:49:24 - [MESSAGE][INFO] - Found 1 web elements with id: 'Object Repository/Kullanici_Islemleri/KullaniciIslemleri' located by 'By.cssSelector: .dropdown>a>img' in '10' second(s)

2021-11-19 16:49:24 - [MESSAGE][PASSED] - Object 'Object Repository/Kullanici_Islemleri/KullaniciIslemleri' is clickable

2021-11-19 16:49:24 - [TEST_STEP][PASSED] - click(findTestObject("Object Repository/Kullanici_Islemleri/KullaniciIslemleri")): Object: 'Object Repository/Kullanici_Islemleri/KullaniciIslemleri' is clicked on

2021-11-19 16:49:24 - [MESSAGE][INFO] - Finding Test Object 'Object Repository/Kullanici_Islemleri/KullaniciIslemleri'

2021-11-19 16:49:24 - [MESSAGE][INFO] - Checking object

2021-11-19 16:49:24 - [MESSAGE][INFO] - Finding web element from Test Object's properties

2021-11-19 16:49:24 - [MESSAGE][INFO] - Checking timeout

2021-11-19 16:49:24 - [MESSAGE][INFO] - Finding web element with id: 'Object Repository/Kullanici_Islemleri/KullaniciIslemleri' located by 'By.cssSelector: .dropdown>a>img' in '30' second(s)

2021-11-19 16:49:24 - [MESSAGE][INFO] - Smart Wait Function is triggered

2021-11-19 16:49:25 - [MESSAGE][INFO] - Found 1 web elements with id: 'Object Repository/Kullanici_Islemleri/KullaniciIslemleri' located by 'By.cssSelector: .dropdown>a>img' in '30' second(s)

2021-11-19 16:49:25 - [MESSAGE][INFO] - Clicking on object: 'Object Repository/Kullanici_Islemleri/KullaniciIslemleri'

2021-11-19 16:49:25 - [MESSAGE][PASSED] - Object: 'Object Repository/Kullanici_Islemleri/KullaniciIslemleri' is clicked on

2021-11-19 16:49:25 - [TEST_STEP][PASSED] - Method.TextDegerineEsitElementeTikla(findTestObject("Object Repository/Kullanici_Islemleri/Secenekler"), Islem): Method.TextDegerineEsitElementeTikla is PASSED

2021-11-19 16:49:25 - [MESSAGE][INFO] - Finding Test Object 'Object Repository/Kullanici_Islemleri/Secenekler'

2021-11-19 16:49:25 - [MESSAGE][INFO] - Checking timeout

2021-11-19 16:49:25 - [MESSAGE][INFO] - Finding web element with id: 'Object Repository/Kullanici_Islemleri/Secenekler' located by 'By.cssSelector: .nav.navbar-nav.navbar-right li a' in '10' second(s)

2021-11-19 16:49:25 - [MESSAGE][INFO] - Smart Wait Function is triggered

2021-11-19 16:49:25 - [MESSAGE][INFO] - Found 22 web elements with id: 'Object Repository/Kullanici_Islemleri/Secenekler' located by 'By.cssSelector: .nav.navbar-nav.navbar-right li a' in '10' second(s)

2021-11-19 16:49:27 - [MESSAGE][PASSED] - Method.TextDegerineEsitElementeTikla is PASSED

2021-11-19 16:49:27 - [TEST_STEP][PASSED] - verifyElementNotPresent(findTestObject("Object Repository/Kullanici_Islemleri/Secenekler"), 10): Web element with id: 'Object Repository/Kullanici_Islemleri/Secenekler' located by 'By.cssSelector: .nav.navbar-nav.navbar-right li a' is not present after '10' second(s)

2021-11-19 16:49:27 - [MESSAGE][INFO] - Finding Test Object 'Object Repository/Kullanici_Islemleri/Secenekler'

2021-11-19 16:49:27 - [MESSAGE][INFO] - Checking object

2021-11-19 16:49:27 - [MESSAGE][INFO] - Checking timeout

2021-11-19 16:49:27 - [MESSAGE][INFO] - Finding web element with id: 'Object Repository/Kullanici_Islemleri/Secenekler' located by 'By.cssSelector: .nav.navbar-nav.navbar-right li a' in '10' second(s)

2021-11-19 16:49:27 - [MESSAGE][INFO] - Smart Wait Function is triggered

2021-11-19 16:49:27 - [MESSAGE][PASSED] - Web element with id: 'Object Repository/Kullanici_Islemleri/Secenekler' located by 'By.cssSelector: .nav.navbar-nav.navbar-right li a' is not present after '10' second(s)

2021-11-19 16:49:27 - [MESSAGE][PASSED] - Call Test Case 'Test Cases/Kullanici_Islemleri/KullaniciIslemlerindenSecimYapilir' successfully

2021-11-19 16:49:27 - [TEST_CASE][PASSED] - Start Test Case : SCENARIO Gonderim tipi Kagit ve Hal Komisyoncu tipinde e-Arsiv faturasi olusturulmasi: SCENARIO Gonderim tipi Kagit ve Hal Komisyoncu tipinde e-Arsiv faturasi olusturulmasi

2021-11-19 16:49:27 - [TEST_STEP][PASSED] - Kullanıcı adı HALKOMIS ve Şifre test1234 olarak giriş yapılır: Kullanıcı adı HALKOMIS ve Şifre test1234 olarak giriş yapılır

2021-11-19 16:49:27 - [MESSAGE][PASSED] - Kullanıcı adı HALKOMIS ve Şifre test1234 olarak giriş yapılır

2021-11-19 16:49:27 - [TEST_STEP][PASSED] - Ana menüden e-Arşiv seçilir: Ana menüden e-Arşiv seçilir

2021-11-19 16:49:27 - [MESSAGE][PASSED] - Ana menüden e-Arşiv seçilir

2021-11-19 16:49:27 - [TEST_STEP][PASSED] - Alt menü e-Arşiv Araçları başlığı altındaki e-Arşiv Fatura Oluşturma seçilir: Alt menü e-Arşiv Araçları başlığı altındaki e-Arşiv Fatura Oluşturma seçilir

2021-11-19 16:49:27 - [MESSAGE][PASSED] - Alt menü e-Arşiv Araçları başlığı altındaki e-Arşiv Fatura Oluşturma seçilir

2021-11-19 16:49:27 - [TEST_STEP][PASSED] - Tablodaki tüm veriler silinir: Tablodaki tüm veriler silinir

2021-11-19 16:49:27 - [MESSAGE][PASSED] - Tablodaki tüm veriler silinir

2021-11-19 16:49:27 - [TEST_STEP][PASSED] - Butonlardan Ekle isimli butona tıklanır: Butonlardan Ekle isimli butona tıklanır

2021-11-19 16:49:27 - [MESSAGE][PASSED] - Butonlardan Ekle isimli butona tıklanır

2021-11-19 16:49:27 - [TEST_STEP][PASSED] - Görsel tasarım sayfasının e-Arşiv Fatura Bilgileri başlığını içerdiği kontrol edilir: Görsel tasarım sayfasının e-Arşiv Fatura Bilgileri başlığını içerdiği kontrol edilir

2021-11-19 16:49:27 - [MESSAGE][PASSED] - Görsel tasarım sayfasının e-Arşiv Fatura Bilgileri başlığını içerdiği kontrol edilir

2021-11-19 16:49:27 - [TEST_STEP][PASSED] - Alıcı adı alanına UC0001 girilir: Alıcı adı alanına UC0001 girilir

2021-11-19 16:49:27 - [MESSAGE][PASSED] - Alıcı adı alanına UC0001 girilir

2021-11-19 16:49:27 - [TEST_STEP][PASSED] - Gönderim Şekli Elektronik olarak seçilir: Gönderim Şekli Elektronik olarak seçilir

2021-11-19 16:49:27 - [MESSAGE][PASSED] - Gönderim Şekli Elektronik olarak seçilir

2021-11-19 16:49:27 - [TEST_STEP][PASSED] - Tip alanından Hal Komisyoncu seçilir: Tip alanından Hal Komisyoncu seçilir

2021-11-19 16:49:27 - [MESSAGE][PASSED] - Tip alanından Hal Komisyoncu seçilir

2021-11-19 16:49:27 - [TEST_STEP][PASSED] - Döküman Para Birimi alanından Türk Lirası seçilir: Döküman Para Birimi alanından Türk Lirası seçilir

2021-11-19 16:49:27 - [MESSAGE][PASSED] - Döküman Para Birimi alanından Türk Lirası seçilir

2021-11-19 16:49:27 - [TEST_STEP][PASSED] - Ön Ek FGX olarak seçilir: Ön Ek FGX olarak seçilir

2021-11-19 16:49:27 - [MESSAGE][PASSED] - Ön Ek FGX olarak seçilir

2021-11-19 16:49:27 - [TEST_STEP][PASSED] - Tasarım alanından Otomasyon seçilir: Tasarım alanından Otomasyon seçilir

2021-11-19 16:49:27 - [MESSAGE][PASSED] - Tasarım alanından Otomasyon seçilir

2021-11-19 16:49:27 - [TEST_STEP][PASSED] - Sipariş bilgileri UUC-SAT-1200001 ve 30.04.2020 olarak girilir: Sipariş bilgileri UUC-SAT-1200001 ve 30.04.2020 olarak girilir

2021-11-19 16:49:27 - [MESSAGE][PASSED] - Sipariş bilgileri UUC-SAT-1200001 ve 30.04.2020 olarak girilir

2021-11-19 16:49:27 - [TEST_STEP][PASSED] - İrsaliye Bilgileri AAAAAAAAAA,31.04.2020 olarak girilir: İrsaliye Bilgileri AAAAAAAAAA,31.04.2020 olarak girilir

2021-11-19 16:49:27 - [MESSAGE][PASSED] - İrsaliye Bilgileri AAAAAAAAAA,31.04.2020 olarak girilir

2021-11-19 16:49:27 - [TEST_STEP][PASSED] - Ekle butonuna basılır: Ekle butonuna basılır

2021-11-19 16:49:27 - [MESSAGE][PASSED] - Ekle butonuna basılır

2021-11-19 16:49:27 - [TEST_STEP][PASSED] - Ürün ekleme alanında Mal/Hizmet başlığına Otomasyon girilir: Ürün ekleme alanında Mal/Hizmet başlığına Otomasyon girilir

2021-11-19 16:49:27 - [MESSAGE][PASSED] - Ürün ekleme alanında Mal/Hizmet başlığına Otomasyon girilir

2021-11-19 16:49:27 - [TEST_STEP][PASSED] - Ürün ekleme alanında Açıklaması başlığına Virgosol girilir: Ürün ekleme alanında Açıklaması başlığına Virgosol girilir

2021-11-19 16:49:27 - [MESSAGE][PASSED] - Ürün ekleme alanında Açıklaması başlığına Virgosol girilir

2021-11-19 16:49:27 - [TEST_STEP][PASSED] - Ürün ekleme alanında Künye Numarası başlığına 1234567890123456789 girilir: Ürün ekleme alanında Künye Numarası başlığına 1234567890123456789 girilir

2021-11-19 16:49:27 - [MESSAGE][PASSED] - Ürün ekleme alanında Künye Numarası başlığına 1234567890123456789 girilir

2021-11-19 16:49:27 - [TEST_STEP][PASSED] - Ürün ekleme alanında Miktarı başlığına 400 girilir: Ürün ekleme alanında Miktarı başlığına 400 girilir

2021-11-19 16:49:27 - [MESSAGE][PASSED] - Ürün ekleme alanında Miktarı başlığına 400 girilir

2021-11-19 16:49:27 - [TEST_STEP][PASSED] - Ürün ekleme alanında Birim Fiyat başlığına 100 girilir: Ürün ekleme alanında Birim Fiyat başlığına 100 girilir

2021-11-19 16:49:27 - [MESSAGE][PASSED] - Ürün ekleme alanında Birim Fiyat başlığına 100 girilir

2021-11-19 16:49:27 - [TEST_STEP][PASSED] - Masraf Bilgileri Ekle butonuna basılır: Masraf Bilgileri Ekle butonuna basılır

2021-11-19 16:49:27 - [MESSAGE][PASSED] - Masraf Bilgileri Ekle butonuna basılır

2021-11-19 16:49:27 - [TEST_STEP][PASSED] - Masraf Bilgileri alanında Masraf Türü başlığına Komisyon girilir: Masraf Bilgileri alanında Masraf Türü başlığına Komisyon girilir

2021-11-19 16:49:27 - [MESSAGE][PASSED] - Masraf Bilgileri alanında Masraf Türü başlığına Komisyon girilir

2021-11-19 16:49:27 - [TEST_STEP][PASSED] - Masraf Bilgileri alanında Masraf Oranı % başlığına 10 girilir: Masraf Bilgileri alanında Masraf Oranı % başlığına 10 girilir

2021-11-19 16:49:27 - [MESSAGE][PASSED] - Masraf Bilgileri alanında Masraf Oranı % başlığına 10 girilir

2021-11-19 16:49:27 - [TEST_STEP][PASSED] - Notlar alanına Otomasyon Not girilir: Notlar alanına Otomasyon Not girilir

2021-11-19 16:49:27 - [MESSAGE][PASSED] - Notlar alanına Otomasyon Not girilir

2021-11-19 16:49:27 - [TEST_STEP][PASSED] - Ettn bilgisi kayıt edilir: Ettn bilgisi kayıt edilir

2021-11-19 16:49:27 - [MESSAGE][PASSED] - Ettn bilgisi kayıt edilir

2021-11-19 16:49:27 - [TEST_STEP][PASSED] - Kaydet butonu seçilir: Kaydet butonu seçilir

2021-11-19 16:49:27 - [MESSAGE][PASSED] - Kaydet butonu seçilir

2021-11-19 16:49:27 - [TEST_STEP][PASSED] - Tabloda Ettn bilgisi kaydedilen veri oluşturuldu mu: Tabloda Ettn bilgisi kaydedilen veri oluşturuldu mu

2021-11-19 16:49:27 - [MESSAGE][PASSED] - Tabloda Ettn bilgisi kaydedilen veri oluşturuldu mu

2021-11-19 16:49:27 - [TEST_STEP][PASSED] - Tablodan Ettn bilgisi kaydedilen veri seçilir: Tablodan Ettn bilgisi kaydedilen veri seçilir

2021-11-19 16:49:27 - [MESSAGE][PASSED] - Tablodan Ettn bilgisi kaydedilen veri seçilir

2021-11-19 16:49:27 - [TEST_STEP][PASSED] - Butonlardan Numara Oluştur isimli butona tıklanır: Butonlardan Numara Oluştur isimli butona tıklanır

2021-11-19 16:49:27 - [MESSAGE][PASSED] - Butonlardan Numara Oluştur isimli butona tıklanır

2021-11-19 16:49:27 - [TEST_STEP][PASSED] - Popup mesajı Devam etmek istiyor musunuz içeriyor mu: Popup mesajı Devam etmek istiyor musunuz içeriyor mu

2021-11-19 16:49:27 - [MESSAGE][PASSED] - Popup mesajı Devam etmek istiyor musunuz içeriyor mu

2021-11-19 16:49:27 - [TEST_STEP][PASSED] - Yönetim popupında Evet seçilir: Yönetim popupında Evet seçilir

2021-11-19 16:49:27 - [MESSAGE][PASSED] - Yönetim popupında Evet seçilir

2021-11-19 16:49:27 - [TEST_STEP][PASSED] - Popup mesajı oluşmuştur içeriyor mu: Popup mesajı oluşmuştur içeriyor mu

2021-11-19 16:49:27 - [MESSAGE][PASSED] - Popup mesajı oluşmuştur içeriyor mu

2021-11-19 16:49:27 - [TEST_STEP][PASSED] - Yönetim popupında Tamam seçilir: Yönetim popupında Tamam seçilir

2021-11-19 16:49:27 - [MESSAGE][PASSED] - Yönetim popupında Tamam seçilir

2021-11-19 16:49:27 - [TEST_STEP][PASSED] - Tablodan Ettn bilgisi kaydedilen veri seçilir: Tablodan Ettn bilgisi kaydedilen veri seçilir

2021-11-19 16:49:27 - [MESSAGE][PASSED] - Tablodan Ettn bilgisi kaydedilen veri seçilir

2021-11-19 16:49:27 - [TEST_STEP][PASSED] - Butonlardan Gönder isimli butona tıklanır: Butonlardan Gönder isimli butona tıklanır

2021-11-19 16:49:27 - [MESSAGE][PASSED] - Butonlardan Gönder isimli butona tıklanır

2021-11-19 16:49:27 - [TEST_STEP][PASSED] - Popup mesajı Devam etmek istiyor musunuz içeriyor mu: Popup mesajı Devam etmek istiyor musunuz içeriyor mu

2021-11-19 16:49:27 - [MESSAGE][PASSED] - Popup mesajı Devam etmek istiyor musunuz içeriyor mu

2021-11-19 16:49:27 - [TEST_STEP][PASSED] - Yönetim popupında Evet seçilir: Yönetim popupında Evet seçilir

2021-11-19 16:49:27 - [MESSAGE][PASSED] - Yönetim popupında Evet seçilir

2021-11-19 16:49:27 - [TEST_STEP][PASSED] - Ana menüden e-Arşiv seçilir: Ana menüden e-Arşiv seçilir

2021-11-19 16:49:27 - [MESSAGE][PASSED] - Ana menüden e-Arşiv seçilir

2021-11-19 16:49:27 - [TEST_STEP][PASSED] - Alt menü e-Arşiv Hareketleri başlığı altındaki e-Arşiv Faturaları seçilir: Alt menü e-Arşiv Hareketleri başlığı altındaki e-Arşiv Faturaları seçilir

2021-11-19 16:49:27 - [MESSAGE][PASSED] - Alt menü e-Arşiv Hareketleri başlığı altındaki e-Arşiv Faturaları seçilir

2021-11-19 16:49:27 - [TEST_STEP][PASSED] - Filtrelerden Ettn filtresine Ettn bilgisi yaz: Filtrelerden Ettn filtresine Ettn bilgisi yaz

2021-11-19 16:49:27 - [MESSAGE][PASSED] - Filtrelerden Ettn filtresine Ettn bilgisi yaz

2021-11-19 16:49:27 - [TEST_STEP][PASSED] - Filtre butonlarından Listele seçilir: Filtre butonlarından Listele seçilir

2021-11-19 16:49:27 - [MESSAGE][PASSED] - Filtre butonlarından Listele seçilir

2021-11-19 16:49:27 - [TEST_STEP][PASSED] - Tabloda veri var mı kontrol edilir: Tabloda veri var mı kontrol edilir

2021-11-19 16:49:27 - [MESSAGE][PASSED] - Tabloda veri var mı kontrol edilir

2021-11-19 16:49:27 - [TEST_STEP][PASSED] - Tabloda yeni oluşturulan eArsiv verisi başarılı mı: Tabloda yeni oluşturulan eArsiv verisi başarılı mı

2021-11-19 16:49:27 - [MESSAGE][PASSED] - Tabloda yeni oluşturulan eArsiv verisi başarılı mı

2021-11-19 16:49:27 - [TEST_STEP][PASSED] - Kullanıcı işlemlerinden Çıkış seçilir: Kullanıcı işlemlerinden Çıkış seçilir

2021-11-19 16:49:27 - [MESSAGE][PASSED] - Kullanıcı işlemlerinden Çıkış seçilir

2021-11-19 16:49:27 - [MESSAGE][PASSED] - Feature file: 'Include/features/Regresyon/e-Arsiv/VKN-Elektronik-Hal Komisyoncu.feature' was passed

2021-11-19 16:49:27 - [TEST_STEP][PASSED] - Start listener action : sampleAfterTestSuite: Invoke 'com.kms.katalon.core.annotation.AfterTestCase' method: 'Listener.sampleAfterTestSuite(...)' completed.

2021-11-19 16:49:27 - [MESSAGE][INFO] - Starting invoke 'com.kms.katalon.core.annotation.AfterTestCase' method: 'Listener.sampleAfterTestSuite(...)'

2021-11-19 16:49:27 - [TEST_STEP][PASSED] - closeBrowser(): Invoke 'com.kms.katalon.core.annotation.AfterTestCase' method: 'Listener.sampleAfterTestSuite(...)' completed.

2021-11-19 16:49:27 - [MESSAGE][INFO] - Closing browser

2021-11-19 16:49:28 - [MESSAGE][PASSED] - Browser is closed

2021-11-19 16:49:28 - [MESSAGE][INFO] - Invoke 'com.kms.katalon.core.annotation.AfterTestCase' method: 'Listener.sampleAfterTestSuite(...)' completed.]]></system-out>
         <system-err><![CDATA[]]></system-err>
      </testcase>
      <testcase name="Test Cases/Case Repository/Regresyon/e-Arsiv/VKN-Elektronik-Hal Satis" time="129.349" classname="Test Cases/Case Repository/Regresyon/e-Arsiv/VKN-Elektronik-Hal Satis" status="PASSED">
         <system-out><![CDATA[2021-11-19 16:49:28 - [TEST_CASE][PASSED] - Test Cases/Case Repository/Regresyon/e-Arsiv/VKN-Elektronik-Hal Satis: Test Cases/Case Repository/Regresyon/e-Arsiv/VKN-Elektronik-Hal Satis

2021-11-19 16:49:28 - [TEST_STEP][PASSED] - Start listener action : sampleBeforeTestSuite: Invoke 'com.kms.katalon.core.annotation.BeforeTestCase' method: 'Listener.sampleBeforeTestSuite(...)' completed.

2021-11-19 16:49:28 - [MESSAGE][INFO] - Starting invoke 'com.kms.katalon.core.annotation.BeforeTestCase' method: 'Listener.sampleBeforeTestSuite(...)'

2021-11-19 16:49:28 - [TEST_STEP][PASSED] - openBrowser(baseUrl): Browser is opened with url: 'https://efatura-stage.elogo.com.tr/'

2021-11-19 16:49:28 - [MESSAGE][INFO] - Opening browser

2021-11-19 16:49:28 - [MESSAGE][INFO] - Starting 'Chrome' driver

2021-11-19 16:49:28 - [MESSAGE][INFO] - User set preference: ['prefs', '{download.default_directory=C:\otomasyondownfiles}']

2021-11-19 16:49:28 - [MESSAGE][INFO] - Action delay is set to 0 milliseconds

2021-11-19 16:49:30 - [MESSAGE][INFO] - Navigating browser to: 'https://efatura-stage.elogo.com.tr/'

2021-11-19 16:49:33 - [MESSAGE][PASSED] - Browser is opened with url: 'https://efatura-stage.elogo.com.tr/'

2021-11-19 16:49:33 - [TEST_STEP][PASSED] - maximizeWindow(): Invoke 'com.kms.katalon.core.annotation.BeforeTestCase' method: 'Listener.sampleBeforeTestSuite(...)' completed.

2021-11-19 16:49:33 - [MESSAGE][INFO] - Maximizing current window

2021-11-19 16:49:33 - [MESSAGE][PASSED] - Current window maximized

2021-11-19 16:49:33 - [MESSAGE][INFO] - Invoke 'com.kms.katalon.core.annotation.BeforeTestCase' method: 'Listener.sampleBeforeTestSuite(...)' completed.

2021-11-19 16:49:34 - [TEST_STEP][PASSED] - runFeatureFile("Include/features/Regresyon/e-Arsiv/VKN-Elektronik-Hal Satis.feature"): Feature file: 'Include/features/Regresyon/e-Arsiv/VKN-Elektronik-Hal Satis.feature' was passed

2021-11-19 16:49:34 - [MESSAGE][INFO] - Starting run keyword runFeatureFile: 'Include/features/Regresyon/e-Arsiv/VKN-Elektronik-Hal Satis.feature' and extract report to folder: 'C:\Users\DELL\Documents\GitHub\EES_KatalonLogo\Reports\20211119_164526\Suite Repository\Regresyon-eArsiv-eMakbuz\20211119_164600/cucumber_report/1637329774243'...

2021-11-19 16:49:34 - [MESSAGE][INFO] - Glue: []

2021-11-19 16:49:36 - [MESSAGE][INFO] - Checking called Test Case

2021-11-19 16:49:36 - [MESSAGE][INFO] - Starting to call Test Case 'Test Cases/Sayfalar/Giris_Sayfasi/Login'

2021-11-19 16:49:36 - [TEST_CASE][PASSED] - Test Cases/Sayfalar/Giris_Sayfasi/Login: Test Cases/Sayfalar/Giris_Sayfasi/Login

2021-11-19 16:49:36 - [TEST_STEP][PASSED] - Sayfa_Basligi = getWindowTitle(): Current window's title is: 'LOGO e-Fatura'

2021-11-19 16:49:36 - [MESSAGE][INFO] - Getting current window's title

2021-11-19 16:49:36 - [MESSAGE][PASSED] - Current window's title is: 'LOGO e-Fatura'

2021-11-19 16:49:36 - [TEST_STEP][PASSED] - verifyMatch(Sayfa_Basligi, "LOGO e-Fatura", false): Actual text 'LOGO e-Fatura' and expected text 'LOGO e-Fatura' are matched 

2021-11-19 16:49:36 - [MESSAGE][INFO] - Matching actual text 'LOGO e-Fatura' with expected text 'LOGO e-Fatura'

2021-11-19 16:49:36 - [MESSAGE][PASSED] - Actual text 'LOGO e-Fatura' and expected text 'LOGO e-Fatura' are matched 

2021-11-19 16:49:36 - [TEST_STEP][PASSED] - sendKeys(findTestObject("Sayfalar/Giris_Sayfasi/Firma_Kodu"), KullaniciAdi): Keys 'HALSATIS' sent to object: 'Object Repository/Sayfalar/Giris_Sayfasi/Firma_Kodu'

2021-11-19 16:49:36 - [MESSAGE][INFO] - Finding Test Object 'Object Repository/Sayfalar/Giris_Sayfasi/Firma_Kodu'

2021-11-19 16:49:36 - [MESSAGE][INFO] - Sending keys 'HALSATIS' to object: 'Object Repository/Sayfalar/Giris_Sayfasi/Firma_Kodu'

2021-11-19 16:49:36 - [MESSAGE][INFO] - Finding web element from Test Object's properties

2021-11-19 16:49:36 - [MESSAGE][INFO] - Checking timeout

2021-11-19 16:49:36 - [MESSAGE][INFO] - Finding web element with id: 'Object Repository/Sayfalar/Giris_Sayfasi/Firma_Kodu' located by 'By.xpath: //*[@id = 'AccountName']' in '30' second(s)

2021-11-19 16:49:36 - [MESSAGE][INFO] - Smart Wait Function is triggered

2021-11-19 16:49:37 - [MESSAGE][INFO] - Found 1 web elements with id: 'Object Repository/Sayfalar/Giris_Sayfasi/Firma_Kodu' located by 'By.xpath: //*[@id = 'AccountName']' in '30' second(s)

2021-11-19 16:49:37 - [MESSAGE][PASSED] - Keys 'HALSATIS' sent to object: 'Object Repository/Sayfalar/Giris_Sayfasi/Firma_Kodu'

2021-11-19 16:49:37 - [TEST_STEP][PASSED] - sendKeys(findTestObject("Sayfalar/Giris_Sayfasi/Sifre"), Sifre): Keys 'test1234' sent to object: 'Object Repository/Sayfalar/Giris_Sayfasi/Sifre'

2021-11-19 16:49:37 - [MESSAGE][INFO] - Finding Test Object 'Object Repository/Sayfalar/Giris_Sayfasi/Sifre'

2021-11-19 16:49:37 - [MESSAGE][INFO] - Sending keys 'test1234' to object: 'Object Repository/Sayfalar/Giris_Sayfasi/Sifre'

2021-11-19 16:49:37 - [MESSAGE][INFO] - Finding web element from Test Object's properties

2021-11-19 16:49:37 - [MESSAGE][INFO] - Checking timeout

2021-11-19 16:49:37 - [MESSAGE][INFO] - Finding web element with id: 'Object Repository/Sayfalar/Giris_Sayfasi/Sifre' located by 'By.xpath: //*[@id = 'Password']' in '30' second(s)

2021-11-19 16:49:37 - [MESSAGE][INFO] - Smart Wait Function is triggered

2021-11-19 16:49:37 - [MESSAGE][INFO] - Found 1 web elements with id: 'Object Repository/Sayfalar/Giris_Sayfasi/Sifre' located by 'By.xpath: //*[@id = 'Password']' in '30' second(s)

2021-11-19 16:49:38 - [MESSAGE][PASSED] - Keys 'test1234' sent to object: 'Object Repository/Sayfalar/Giris_Sayfasi/Sifre'

2021-11-19 16:49:38 - [TEST_STEP][PASSED] - findWebElement(findTestObject("Sayfalar/Giris_Sayfasi/Giris_Butonu")).click(): Found 1 web elements with id: 'Object Repository/Sayfalar/Giris_Sayfasi/Giris_Butonu' located by 'By.cssSelector: #btnLogin' in '30' second(s)

2021-11-19 16:49:38 - [MESSAGE][INFO] - Finding Test Object 'Object Repository/Sayfalar/Giris_Sayfasi/Giris_Butonu'

2021-11-19 16:49:38 - [MESSAGE][INFO] - Finding web element from Test Object's properties

2021-11-19 16:49:38 - [MESSAGE][INFO] - Checking timeout

2021-11-19 16:49:38 - [MESSAGE][INFO] - Finding web element with id: 'Object Repository/Sayfalar/Giris_Sayfasi/Giris_Butonu' located by 'By.cssSelector: #btnLogin' in '30' second(s)

2021-11-19 16:49:38 - [MESSAGE][INFO] - Smart Wait Function is triggered

2021-11-19 16:49:38 - [MESSAGE][INFO] - Found 1 web elements with id: 'Object Repository/Sayfalar/Giris_Sayfasi/Giris_Butonu' located by 'By.cssSelector: #btnLogin' in '30' second(s)

2021-11-19 16:49:41 - [TEST_STEP][PASSED] - if (verifyElementPresent(findTestObject("Object Repository/Sayfalar/Giris_Sayfasi/RetveTamam_Butonu"), 5, OPTIONAL)): null

2021-11-19 16:49:41 - [MESSAGE][INFO] - Finding Test Object 'Object Repository/Sayfalar/Giris_Sayfasi/RetveTamam_Butonu'

2021-11-19 16:49:41 - [MESSAGE][INFO] - Checking object

2021-11-19 16:49:41 - [MESSAGE][INFO] - Finding web element from Test Object's properties

2021-11-19 16:49:41 - [MESSAGE][INFO] - Checking timeout

2021-11-19 16:49:41 - [MESSAGE][INFO] - Finding web element with id: 'Object Repository/Sayfalar/Giris_Sayfasi/RetveTamam_Butonu' located by 'By.xpath: //*[@class = 'btn btn-default']' in '5' second(s)

2021-11-19 16:49:41 - [MESSAGE][INFO] - Smart Wait Function is triggered

2021-11-19 16:49:41 - [MESSAGE][INFO] - Found 1 web elements with id: 'Object Repository/Sayfalar/Giris_Sayfasi/RetveTamam_Butonu' located by 'By.xpath: //*[@class = 'btn btn-default']' in '5' second(s)

2021-11-19 16:49:41 - [MESSAGE][PASSED] - Object 'Object Repository/Sayfalar/Giris_Sayfasi/RetveTamam_Butonu' is present

2021-11-19 16:49:41 - [TEST_STEP][PASSED] - click(findTestObject("Object Repository/Sayfalar/Giris_Sayfasi/RetveTamam_Butonu")): Object: 'Object Repository/Sayfalar/Giris_Sayfasi/RetveTamam_Butonu' is clicked on

2021-11-19 16:49:41 - [MESSAGE][INFO] - Finding Test Object 'Object Repository/Sayfalar/Giris_Sayfasi/RetveTamam_Butonu'

2021-11-19 16:49:41 - [MESSAGE][INFO] - Checking object

2021-11-19 16:49:41 - [MESSAGE][INFO] - Finding web element from Test Object's properties

2021-11-19 16:49:41 - [MESSAGE][INFO] - Checking timeout

2021-11-19 16:49:41 - [MESSAGE][INFO] - Finding web element with id: 'Object Repository/Sayfalar/Giris_Sayfasi/RetveTamam_Butonu' located by 'By.xpath: //*[@class = 'btn btn-default']' in '30' second(s)

2021-11-19 16:49:41 - [MESSAGE][INFO] - Smart Wait Function is triggered

2021-11-19 16:49:41 - [MESSAGE][INFO] - Found 1 web elements with id: 'Object Repository/Sayfalar/Giris_Sayfasi/RetveTamam_Butonu' located by 'By.xpath: //*[@class = 'btn btn-default']' in '30' second(s)

2021-11-19 16:49:41 - [MESSAGE][INFO] - Clicking on object: 'Object Repository/Sayfalar/Giris_Sayfasi/RetveTamam_Butonu'

2021-11-19 16:49:41 - [MESSAGE][PASSED] - Object: 'Object Repository/Sayfalar/Giris_Sayfasi/RetveTamam_Butonu' is clicked on

2021-11-19 16:49:41 - [TEST_STEP][PASSED] - click(findTestObject("Object Repository/Sayfalar/Giris_Sayfasi/RetveTamam_Butonu")): Object: 'Object Repository/Sayfalar/Giris_Sayfasi/RetveTamam_Butonu' is clicked on

2021-11-19 16:49:41 - [MESSAGE][INFO] - Finding Test Object 'Object Repository/Sayfalar/Giris_Sayfasi/RetveTamam_Butonu'

2021-11-19 16:49:42 - [MESSAGE][INFO] - Checking object

2021-11-19 16:49:42 - [MESSAGE][INFO] - Finding web element from Test Object's properties

2021-11-19 16:49:42 - [MESSAGE][INFO] - Checking timeout

2021-11-19 16:49:42 - [MESSAGE][INFO] - Finding web element with id: 'Object Repository/Sayfalar/Giris_Sayfasi/RetveTamam_Butonu' located by 'By.xpath: //*[@class = 'btn btn-default']' in '30' second(s)

2021-11-19 16:49:42 - [MESSAGE][INFO] - Smart Wait Function is triggered

2021-11-19 16:49:46 - [MESSAGE][INFO] - Found 1 web elements with id: 'Object Repository/Sayfalar/Giris_Sayfasi/RetveTamam_Butonu' located by 'By.xpath: //*[@class = 'btn btn-default']' in '30' second(s)

2021-11-19 16:49:46 - [MESSAGE][INFO] - Clicking on object: 'Object Repository/Sayfalar/Giris_Sayfasi/RetveTamam_Butonu'

2021-11-19 16:49:46 - [MESSAGE][PASSED] - Object: 'Object Repository/Sayfalar/Giris_Sayfasi/RetveTamam_Butonu' is clicked on

2021-11-19 16:49:46 - [TEST_STEP][PASSED] - if (verifyElementPresent(findTestObject("Sayfalar/Giris_Sayfasi/PopupOK"), 5, OPTIONAL)): null

2021-11-19 16:49:46 - [MESSAGE][INFO] - Finding Test Object 'Object Repository/Sayfalar/Giris_Sayfasi/PopupOK'

2021-11-19 16:49:46 - [MESSAGE][INFO] - Checking object

2021-11-19 16:49:46 - [MESSAGE][INFO] - Finding web element from Test Object's properties

2021-11-19 16:49:46 - [MESSAGE][INFO] - Checking timeout

2021-11-19 16:49:46 - [MESSAGE][INFO] - Finding web element with id: 'Object Repository/Sayfalar/Giris_Sayfasi/PopupOK' located by 'By.cssSelector: .btn.btn-success' in '5' second(s)

2021-11-19 16:49:46 - [MESSAGE][INFO] - Smart Wait Function is triggered

2021-11-19 16:49:46 - [MESSAGE][INFO] - Found 1 web elements with id: 'Object Repository/Sayfalar/Giris_Sayfasi/PopupOK' located by 'By.cssSelector: .btn.btn-success' in '5' second(s)

2021-11-19 16:49:46 - [MESSAGE][PASSED] - Object 'Object Repository/Sayfalar/Giris_Sayfasi/PopupOK' is present

2021-11-19 16:49:46 - [TEST_STEP][PASSED] - click(findTestObject("Object Repository/Sayfalar/Giris_Sayfasi/PopupCarpiGiris")): Object: 'Object Repository/Sayfalar/Giris_Sayfasi/PopupCarpiGiris' is clicked on

2021-11-19 16:49:46 - [MESSAGE][INFO] - Finding Test Object 'Object Repository/Sayfalar/Giris_Sayfasi/PopupCarpiGiris'

2021-11-19 16:49:47 - [MESSAGE][INFO] - Checking object

2021-11-19 16:49:47 - [MESSAGE][INFO] - Finding web element from Test Object's properties

2021-11-19 16:49:47 - [MESSAGE][INFO] - Checking timeout

2021-11-19 16:49:47 - [MESSAGE][INFO] - Finding web element with id: 'Object Repository/Sayfalar/Giris_Sayfasi/PopupCarpiGiris' located by 'By.cssSelector: .bootbox-close-button.close' in '30' second(s)

2021-11-19 16:49:47 - [MESSAGE][INFO] - Smart Wait Function is triggered

2021-11-19 16:49:47 - [MESSAGE][INFO] - Found 1 web elements with id: 'Object Repository/Sayfalar/Giris_Sayfasi/PopupCarpiGiris' located by 'By.cssSelector: .bootbox-close-button.close' in '30' second(s)

2021-11-19 16:49:47 - [MESSAGE][INFO] - Clicking on object: 'Object Repository/Sayfalar/Giris_Sayfasi/PopupCarpiGiris'

2021-11-19 16:49:47 - [MESSAGE][PASSED] - Object: 'Object Repository/Sayfalar/Giris_Sayfasi/PopupCarpiGiris' is clicked on

2021-11-19 16:49:47 - [TEST_STEP][PASSED] - verifyElementVisible(findTestObject("Object Repository/Kullanici_Islemleri/KullaniciIslemleri")): Object 'Object Repository/Kullanici_Islemleri/KullaniciIslemleri' is visible

2021-11-19 16:49:47 - [MESSAGE][INFO] - Finding Test Object 'Object Repository/Kullanici_Islemleri/KullaniciIslemleri'

2021-11-19 16:49:47 - [MESSAGE][INFO] - Checking object

2021-11-19 16:49:47 - [MESSAGE][INFO] - Finding web element from Test Object's properties

2021-11-19 16:49:47 - [MESSAGE][INFO] - Checking timeout

2021-11-19 16:49:47 - [MESSAGE][INFO] - Finding web element with id: 'Object Repository/Kullanici_Islemleri/KullaniciIslemleri' located by 'By.cssSelector: .dropdown>a>img' in '30' second(s)

2021-11-19 16:49:47 - [MESSAGE][INFO] - Smart Wait Function is triggered

2021-11-19 16:49:48 - [MESSAGE][INFO] - Found 1 web elements with id: 'Object Repository/Kullanici_Islemleri/KullaniciIslemleri' located by 'By.cssSelector: .dropdown>a>img' in '30' second(s)

2021-11-19 16:49:48 - [MESSAGE][PASSED] - Object 'Object Repository/Kullanici_Islemleri/KullaniciIslemleri' is visible

2021-11-19 16:49:48 - [MESSAGE][PASSED] - Call Test Case 'Test Cases/Sayfalar/Giris_Sayfasi/Login' successfully

2021-11-19 16:49:48 - [MESSAGE][INFO] - Checking called Test Case

2021-11-19 16:49:48 - [MESSAGE][INFO] - Starting to call Test Case 'Test Cases/Menu/AnaMenuSecimi'

2021-11-19 16:49:48 - [TEST_CASE][PASSED] - Test Cases/Menu/AnaMenuSecimi: Test Cases/Menu/AnaMenuSecimi

2021-11-19 16:49:48 - [TEST_STEP][PASSED] - Method.TextDegerineEsitElementeTikla(findTestObject("Menu/Ana_Menu"), Ana_Menu): Method.TextDegerineEsitElementeTikla is PASSED

2021-11-19 16:49:48 - [MESSAGE][INFO] - Finding Test Object 'Object Repository/Menu/Ana_Menu'

2021-11-19 16:49:48 - [MESSAGE][INFO] - Checking timeout

2021-11-19 16:49:48 - [MESSAGE][INFO] - Finding web element with id: 'Object Repository/Menu/Ana_Menu' located by 'By.xpath: //*[@class = 'dropdown-toggle']' in '10' second(s)

2021-11-19 16:49:48 - [MESSAGE][INFO] - Smart Wait Function is triggered

2021-11-19 16:49:48 - [MESSAGE][INFO] - Found 13 web elements with id: 'Object Repository/Menu/Ana_Menu' located by 'By.xpath: //*[@class = 'dropdown-toggle']' in '10' second(s)

2021-11-19 16:49:48 - [MESSAGE][PASSED] - Method.TextDegerineEsitElementeTikla is PASSED

2021-11-19 16:49:48 - [MESSAGE][PASSED] - Call Test Case 'Test Cases/Menu/AnaMenuSecimi' successfully

2021-11-19 16:49:48 - [MESSAGE][INFO] - Checking called Test Case

2021-11-19 16:49:48 - [MESSAGE][INFO] - Starting to call Test Case 'Test Cases/Menu/BasligaGoreAltMenuSecimi'

2021-11-19 16:49:48 - [TEST_CASE][PASSED] - Test Cases/Menu/BasligaGoreAltMenuSecimi: Test Cases/Menu/BasligaGoreAltMenuSecimi

2021-11-19 16:49:48 - [TEST_STEP][PASSED] - Method.TextDegerineEsitElementinAltindakiTextDegerineEsitOlanaTikla(findTestObject("Menu/Menu_Basligi"), findTestObject("Menu/Basliga_Gore_Alt_Menu"), Baslik, Alt_Menu): Method.TextDegerineEsitElementinAltindakiTextDegerineEsitOlanaTikla is PASSED

2021-11-19 16:49:48 - [MESSAGE][INFO] - Finding Test Object 'Object Repository/Menu/Menu_Basligi'

2021-11-19 16:49:48 - [MESSAGE][INFO] - Finding Test Object 'Object Repository/Menu/Basliga_Gore_Alt_Menu'

2021-11-19 16:49:48 - [MESSAGE][INFO] - Checking timeout

2021-11-19 16:49:48 - [MESSAGE][INFO] - Finding web element with id: 'Object Repository/Menu/Menu_Basligi' located by 'By.xpath: //li[@class='dropdown dropdown-large open']//li[@class='dropdown-header']' in '10' second(s)

2021-11-19 16:49:48 - [MESSAGE][INFO] - Smart Wait Function is triggered

2021-11-19 16:49:49 - [MESSAGE][INFO] - Found 2 web elements with id: 'Object Repository/Menu/Menu_Basligi' located by 'By.xpath: //li[@class='dropdown dropdown-large open']//li[@class='dropdown-header']' in '10' second(s)

2021-11-19 16:49:49 - [MESSAGE][INFO] - Smart Wait Function is triggered

2021-11-19 16:49:52 - [MESSAGE][PASSED] - Method.TextDegerineEsitElementinAltindakiTextDegerineEsitOlanaTikla is PASSED

2021-11-19 16:49:52 - [MESSAGE][PASSED] - Call Test Case 'Test Cases/Menu/BasligaGoreAltMenuSecimi' successfully

2021-11-19 16:49:52 - [MESSAGE][INFO] - Checking called Test Case

2021-11-19 16:49:52 - [MESSAGE][INFO] - Starting to call Test Case 'Test Cases/Tablo/Olusturma Tarihi'

2021-11-19 16:49:52 - [TEST_CASE][PASSED] - Test Cases/Tablo/Olusturma Tarihi: Test Cases/Tablo/Olusturma Tarihi

2021-11-19 16:49:52 - [TEST_STEP][PASSED] - if (verifyTextNotPresent("Görüntülenecek veri yok", true, OPTIONAL)): null

2021-11-19 16:49:52 - [MESSAGE][INFO] - Checking text present  using regular expression

2021-11-19 16:49:52 - [MESSAGE][INFO] - Smart Wait Function is triggered

2021-11-19 16:49:53 - [MESSAGE][INFO] - Finding text 'Görüntülenecek veri yok' on page  using regular expression

2021-11-19 16:49:53 - [MESSAGE][PASSED] - Text 'Görüntülenecek veri yok' is not present on page using regular expression

2021-11-19 16:49:53 - [TEST_STEP][PASSED] - click(findTestObject("Temizle/Olusturma_Tarihi_CheckBox")): Object: 'Object Repository/Temizle/Olusturma_Tarihi_CheckBox' is clicked on

2021-11-19 16:49:53 - [MESSAGE][INFO] - Finding Test Object 'Object Repository/Temizle/Olusturma_Tarihi_CheckBox'

2021-11-19 16:49:53 - [MESSAGE][INFO] - Checking object

2021-11-19 16:49:53 - [MESSAGE][INFO] - Finding web element from Test Object's properties

2021-11-19 16:49:53 - [MESSAGE][INFO] - Checking timeout

2021-11-19 16:49:53 - [MESSAGE][INFO] - Finding web element with id: 'Object Repository/Temizle/Olusturma_Tarihi_CheckBox' located by 'By.xpath: //*[@title = 'Bu sayfadaki tüm satırları Seç']' in '30' second(s)

2021-11-19 16:49:53 - [MESSAGE][INFO] - Smart Wait Function is triggered

2021-11-19 16:49:53 - [MESSAGE][INFO] - Found 1 web elements with id: 'Object Repository/Temizle/Olusturma_Tarihi_CheckBox' located by 'By.xpath: //*[@title = 'Bu sayfadaki tüm satırları Seç']' in '30' second(s)

2021-11-19 16:49:53 - [MESSAGE][INFO] - Clicking on object: 'Object Repository/Temizle/Olusturma_Tarihi_CheckBox'

2021-11-19 16:49:53 - [MESSAGE][PASSED] - Object: 'Object Repository/Temizle/Olusturma_Tarihi_CheckBox' is clicked on

2021-11-19 16:49:53 - [TEST_STEP][PASSED] - Method.TextDegerineEsitElementeTiklaEquals(findTestObject("Butonlar/Butonlar"), "Sil"): Method.TextDegerineEsitElementeTiklaEquals is PASSED

2021-11-19 16:49:53 - [MESSAGE][INFO] - Finding Test Object 'Object Repository/Butonlar/Butonlar'

2021-11-19 16:49:53 - [MESSAGE][INFO] - Checking timeout

2021-11-19 16:49:53 - [MESSAGE][INFO] - Finding web element with id: 'Object Repository/Butonlar/Butonlar' located by 'By.cssSelector: .panel.panel-default.text-center.footerPanel .btn,.btn.btn-primary.btnControls' in '10' second(s)

2021-11-19 16:49:53 - [MESSAGE][INFO] - Smart Wait Function is triggered

2021-11-19 16:49:53 - [MESSAGE][INFO] - Found 9 web elements with id: 'Object Repository/Butonlar/Butonlar' located by 'By.cssSelector: .panel.panel-default.text-center.footerPanel .btn,.btn.btn-primary.btnControls' in '10' second(s)

2021-11-19 16:49:54 - [MESSAGE][PASSED] - Method.TextDegerineEsitElementeTiklaEquals is PASSED

2021-11-19 16:49:54 - [TEST_STEP][PASSED] - Method.TextDegerineEsitElementeTikla(findTestObject("Popup/Popup_Butons"), "Evet"): Method.TextDegerineEsitElementeTikla is PASSED

2021-11-19 16:49:54 - [MESSAGE][INFO] - Finding Test Object 'Object Repository/Popup/Popup_Butons'

2021-11-19 16:49:54 - [MESSAGE][INFO] - Checking timeout

2021-11-19 16:49:54 - [MESSAGE][INFO] - Finding web element with id: 'Object Repository/Popup/Popup_Butons' located by 'By.cssSelector: .modal-footer>button' in '10' second(s)

2021-11-19 16:49:54 - [MESSAGE][INFO] - Smart Wait Function is triggered

2021-11-19 16:49:55 - [MESSAGE][INFO] - Found 2 web elements with id: 'Object Repository/Popup/Popup_Butons' located by 'By.cssSelector: .modal-footer>button' in '10' second(s)

2021-11-19 16:49:55 - [MESSAGE][PASSED] - Method.TextDegerineEsitElementeTikla is PASSED

2021-11-19 16:49:55 - [TEST_STEP][PASSED] - Method.TextDegerineEsitElementeTikla(findTestObject("Popup/Popup_Butons"), "Tamam"): Method.TextDegerineEsitElementeTikla is PASSED

2021-11-19 16:49:55 - [MESSAGE][INFO] - Finding Test Object 'Object Repository/Popup/Popup_Butons'

2021-11-19 16:49:55 - [MESSAGE][INFO] - Checking timeout

2021-11-19 16:49:55 - [MESSAGE][INFO] - Finding web element with id: 'Object Repository/Popup/Popup_Butons' located by 'By.cssSelector: .modal-footer>button' in '10' second(s)

2021-11-19 16:49:55 - [MESSAGE][INFO] - Smart Wait Function is triggered

2021-11-19 16:49:56 - [MESSAGE][INFO] - Found 1 web elements with id: 'Object Repository/Popup/Popup_Butons' located by 'By.cssSelector: .modal-footer>button' in '10' second(s)

2021-11-19 16:49:56 - [MESSAGE][PASSED] - Method.TextDegerineEsitElementeTikla is PASSED

2021-11-19 16:49:56 - [MESSAGE][PASSED] - Call Test Case 'Test Cases/Tablo/Olusturma Tarihi' successfully

2021-11-19 16:49:56 - [MESSAGE][INFO] - Checking called Test Case

2021-11-19 16:49:56 - [MESSAGE][INFO] - Starting to call Test Case 'Test Cases/Butonlar/ButonaTikla'

2021-11-19 16:49:56 - [TEST_CASE][PASSED] - Test Cases/Butonlar/ButonaTikla: Test Cases/Butonlar/ButonaTikla

2021-11-19 16:49:56 - [TEST_STEP][PASSED] - Method.TextDegerineEsitElementeTiklaEquals(findTestObject("Butonlar/Butonlar"), Buton_Adi): Method.TextDegerineEsitElementeTiklaEquals is PASSED

2021-11-19 16:49:56 - [MESSAGE][INFO] - Finding Test Object 'Object Repository/Butonlar/Butonlar'

2021-11-19 16:49:56 - [MESSAGE][INFO] - Checking timeout

2021-11-19 16:49:56 - [MESSAGE][INFO] - Finding web element with id: 'Object Repository/Butonlar/Butonlar' located by 'By.cssSelector: .panel.panel-default.text-center.footerPanel .btn,.btn.btn-primary.btnControls' in '10' second(s)

2021-11-19 16:49:56 - [MESSAGE][INFO] - Smart Wait Function is triggered

2021-11-19 16:49:57 - [MESSAGE][INFO] - Found 9 web elements with id: 'Object Repository/Butonlar/Butonlar' located by 'By.cssSelector: .panel.panel-default.text-center.footerPanel .btn,.btn.btn-primary.btnControls' in '10' second(s)

2021-11-19 16:49:57 - [MESSAGE][PASSED] - Method.TextDegerineEsitElementeTiklaEquals is PASSED

2021-11-19 16:49:57 - [MESSAGE][PASSED] - Call Test Case 'Test Cases/Butonlar/ButonaTikla' successfully

2021-11-19 16:49:57 - [MESSAGE][INFO] - Checking called Test Case

2021-11-19 16:49:57 - [MESSAGE][INFO] - Starting to call Test Case 'Test Cases/Olusturma/Genel/GorselTasarimSayfasıBasligiIceriyorMu'

2021-11-19 16:49:57 - [TEST_CASE][PASSED] - Test Cases/Olusturma/Genel/GorselTasarimSayfasıBasligiIceriyorMu: Test Cases/Olusturma/Genel/GorselTasarimSayfasıBasligiIceriyorMu

2021-11-19 16:49:57 - [TEST_STEP][PASSED] - verifyElementText(findTestObject("Object Repository/Olusturma/Genel/GorselTasarimBaslik"), Baslik): Actual text and expected text of test object 'Object Repository/Olusturma/Genel/GorselTasarimBaslik' are matched.

2021-11-19 16:49:57 - [MESSAGE][INFO] - Finding Test Object 'Object Repository/Olusturma/Genel/GorselTasarimBaslik'

2021-11-19 16:49:57 - [MESSAGE][INFO] - Checking object

2021-11-19 16:49:57 - [MESSAGE][INFO] - Finding web element from Test Object's properties

2021-11-19 16:49:57 - [MESSAGE][INFO] - Checking timeout

2021-11-19 16:49:57 - [MESSAGE][INFO] - Finding web element with id: 'Object Repository/Olusturma/Genel/GorselTasarimBaslik' located by 'By.cssSelector: #flAlici_0>div>span' in '30' second(s)

2021-11-19 16:49:57 - [MESSAGE][INFO] - Smart Wait Function is triggered

2021-11-19 16:50:05 - [MESSAGE][INFO] - Found 1 web elements with id: 'Object Repository/Olusturma/Genel/GorselTasarimBaslik' located by 'By.cssSelector: #flAlici_0>div>span' in '30' second(s)

2021-11-19 16:50:05 - [MESSAGE][PASSED] - Actual text and expected text of test object 'Object Repository/Olusturma/Genel/GorselTasarimBaslik' are matched.

2021-11-19 16:50:05 - [MESSAGE][PASSED] - Call Test Case 'Test Cases/Olusturma/Genel/GorselTasarimSayfasıBasligiIceriyorMu' successfully

2021-11-19 16:50:05 - [MESSAGE][INFO] - Checking called Test Case

2021-11-19 16:50:05 - [MESSAGE][INFO] - Starting to call Test Case 'Test Cases/Olusturma/Genel/AliciSecilir'

2021-11-19 16:50:05 - [TEST_CASE][PASSED] - Test Cases/Olusturma/Genel/AliciSecilir: Test Cases/Olusturma/Genel/AliciSecilir

2021-11-19 16:50:05 - [TEST_STEP][PASSED] - click(findTestObject("Olusturma/Genel/AliciBilgisi/Alici_Ara")): Object: 'Object Repository/Olusturma/Genel/AliciBilgisi/Alici_Ara' is clicked on

2021-11-19 16:50:05 - [MESSAGE][INFO] - Finding Test Object 'Object Repository/Olusturma/Genel/AliciBilgisi/Alici_Ara'

2021-11-19 16:50:05 - [MESSAGE][INFO] - Checking object

2021-11-19 16:50:05 - [MESSAGE][INFO] - Finding web element from Test Object's properties

2021-11-19 16:50:05 - [MESSAGE][INFO] - Checking timeout

2021-11-19 16:50:05 - [MESSAGE][INFO] - Finding web element with id: 'Object Repository/Olusturma/Genel/AliciBilgisi/Alici_Ara' located by 'By.xpath: //td[@id='txtCustomerText_B-1']' in '30' second(s)

2021-11-19 16:50:05 - [MESSAGE][INFO] - Smart Wait Function is triggered

2021-11-19 16:50:05 - [MESSAGE][INFO] - Found 1 web elements with id: 'Object Repository/Olusturma/Genel/AliciBilgisi/Alici_Ara' located by 'By.xpath: //td[@id='txtCustomerText_B-1']' in '30' second(s)

2021-11-19 16:50:05 - [MESSAGE][INFO] - Clicking on object: 'Object Repository/Olusturma/Genel/AliciBilgisi/Alici_Ara'

2021-11-19 16:50:05 - [MESSAGE][PASSED] - Object: 'Object Repository/Olusturma/Genel/AliciBilgisi/Alici_Ara' is clicked on

2021-11-19 16:50:05 - [TEST_STEP][PASSED] - click(findTestObject("Olusturma/Genel/AliciBilgisi/Alici_Bilgisi")): Object: 'Object Repository/Olusturma/Genel/AliciBilgisi/Alici_Bilgisi' is clicked on

2021-11-19 16:50:05 - [MESSAGE][INFO] - Finding Test Object 'Object Repository/Olusturma/Genel/AliciBilgisi/Alici_Bilgisi'

2021-11-19 16:50:05 - [MESSAGE][INFO] - Checking object

2021-11-19 16:50:05 - [MESSAGE][INFO] - Finding web element from Test Object's properties

2021-11-19 16:50:05 - [MESSAGE][INFO] - Checking timeout

2021-11-19 16:50:05 - [MESSAGE][INFO] - Finding web element with id: 'Object Repository/Olusturma/Genel/AliciBilgisi/Alici_Bilgisi' located by 'By.xpath: //iframe[@id='customerselectiframe']' in '30' second(s)

2021-11-19 16:50:05 - [MESSAGE][INFO] - Smart Wait Function is triggered

2021-11-19 16:50:06 - [MESSAGE][INFO] - Found 1 web elements with id: 'Object Repository/Olusturma/Genel/AliciBilgisi/Alici_Bilgisi' located by 'By.xpath: //iframe[@id='customerselectiframe']' in '30' second(s)

2021-11-19 16:50:06 - [MESSAGE][INFO] - Clicking on object: 'Object Repository/Olusturma/Genel/AliciBilgisi/Alici_Bilgisi'

2021-11-19 16:50:06 - [MESSAGE][PASSED] - Object: 'Object Repository/Olusturma/Genel/AliciBilgisi/Alici_Bilgisi' is clicked on

2021-11-19 16:50:06 - [TEST_STEP][PASSED] - setText(findTestObject("Olusturma/Genel/AliciBilgisi/Alici_Gir"), Alici_Adi): Switching to default content

2021-11-19 16:50:06 - [MESSAGE][INFO] - Finding Test Object 'Object Repository/Olusturma/Genel/AliciBilgisi/Alici_Gir'

2021-11-19 16:50:06 - [MESSAGE][INFO] - Finding Test Object 'Object Repository/Olusturma/Genel/AliciBilgisi/Alici_Bilgisi'

2021-11-19 16:50:06 - [MESSAGE][INFO] - Checking object

2021-11-19 16:50:06 - [MESSAGE][INFO] - Checking text

2021-11-19 16:50:06 - [MESSAGE][INFO] - Object: 'Object Repository/Olusturma/Genel/AliciBilgisi/Alici_Gir' has parent object(s)

2021-11-19 16:50:06 - [MESSAGE][INFO] - Switching to iframe: 'Object Repository/Olusturma/Genel/AliciBilgisi/Alici_Bilgisi'

2021-11-19 16:50:06 - [MESSAGE][INFO] - Finding web element from Test Object's properties

2021-11-19 16:50:06 - [MESSAGE][INFO] - Checking timeout

2021-11-19 16:50:06 - [MESSAGE][INFO] - Finding web element with id: 'Object Repository/Olusturma/Genel/AliciBilgisi/Alici_Bilgisi' located by 'By.xpath: //iframe[@id='customerselectiframe']' in '30' second(s)

2021-11-19 16:50:06 - [MESSAGE][INFO] - Smart Wait Function is triggered

2021-11-19 16:50:06 - [MESSAGE][INFO] - Found 1 web elements with id: 'Object Repository/Olusturma/Genel/AliciBilgisi/Alici_Bilgisi' located by 'By.xpath: //iframe[@id='customerselectiframe']' in '30' second(s)

2021-11-19 16:50:06 - [MESSAGE][INFO] - Switched to iframe: 'Object Repository/Olusturma/Genel/AliciBilgisi/Alici_Bilgisi'

2021-11-19 16:50:06 - [MESSAGE][INFO] - Finding web element from Test Object's properties

2021-11-19 16:50:06 - [MESSAGE][INFO] - Checking timeout

2021-11-19 16:50:06 - [MESSAGE][INFO] - Finding web element with id: 'Object Repository/Olusturma/Genel/AliciBilgisi/Alici_Gir' located by 'By.xpath: //input[@id='GridViewCustomer_DXFREditorcol1_I']' in '30' second(s)

2021-11-19 16:50:06 - [MESSAGE][INFO] - Smart Wait Function is triggered

2021-11-19 16:50:06 - [MESSAGE][INFO] - Found 1 web elements with id: 'Object Repository/Olusturma/Genel/AliciBilgisi/Alici_Gir' located by 'By.xpath: //input[@id='GridViewCustomer_DXFREditorcol1_I']' in '30' second(s)

2021-11-19 16:50:06 - [MESSAGE][INFO] - Clearing text of object 'Object Repository/Olusturma/Genel/AliciBilgisi/Alici_Gir'

2021-11-19 16:50:06 - [MESSAGE][INFO] - Finding web element from Test Object's properties

2021-11-19 16:50:06 - [MESSAGE][INFO] - Checking timeout

2021-11-19 16:50:06 - [MESSAGE][INFO] - Finding web element with id: 'Object Repository/Olusturma/Genel/AliciBilgisi/Alici_Gir' located by 'By.xpath: //input[@id='GridViewCustomer_DXFREditorcol1_I']' in '30' second(s)

2021-11-19 16:50:06 - [MESSAGE][INFO] - Smart Wait Function is triggered

2021-11-19 16:50:06 - [MESSAGE][INFO] - Found 1 web elements with id: 'Object Repository/Olusturma/Genel/AliciBilgisi/Alici_Gir' located by 'By.xpath: //input[@id='GridViewCustomer_DXFREditorcol1_I']' in '30' second(s)

2021-11-19 16:50:06 - [MESSAGE][INFO] - Setting text of object 'Object Repository/Olusturma/Genel/AliciBilgisi/Alici_Gir' to value 'UC0002'

2021-11-19 16:50:06 - [MESSAGE][PASSED] - Text 'UC0002' is set on object 'Object Repository/Olusturma/Genel/AliciBilgisi/Alici_Gir'

2021-11-19 16:50:06 - [MESSAGE][INFO] - Switching to default content

2021-11-19 16:50:06 - [TEST_STEP][PASSED] - waitForElementClickable(findTestObject("Olusturma/Genel/AliciBilgisi/Alici_Adi"), 10): Switching to default content

2021-11-19 16:50:06 - [MESSAGE][INFO] - Finding Test Object 'Object Repository/Olusturma/Genel/AliciBilgisi/Alici_Adi'

2021-11-19 16:50:06 - [MESSAGE][INFO] - Finding Test Object 'Object Repository/Olusturma/Genel/AliciBilgisi/iframe_Alc Bilgisi_customerselectiframe'

2021-11-19 16:50:06 - [MESSAGE][INFO] - Checking object

2021-11-19 16:50:06 - [MESSAGE][INFO] - Checking timeout

2021-11-19 16:50:06 - [MESSAGE][INFO] - Object: 'Object Repository/Olusturma/Genel/AliciBilgisi/Alici_Adi' has parent object(s)

2021-11-19 16:50:06 - [MESSAGE][INFO] - Switching to iframe: 'Object Repository/Olusturma/Genel/AliciBilgisi/iframe_Alc Bilgisi_customerselectiframe'

2021-11-19 16:50:06 - [MESSAGE][INFO] - Finding web element from Test Object's properties

2021-11-19 16:50:06 - [MESSAGE][INFO] - Checking timeout

2021-11-19 16:50:06 - [MESSAGE][INFO] - Finding web element with id: 'Object Repository/Olusturma/Genel/AliciBilgisi/iframe_Alc Bilgisi_customerselectiframe' located by 'By.xpath: //iframe[@id='customerselectiframe']' in '10' second(s)

2021-11-19 16:50:06 - [MESSAGE][INFO] - Smart Wait Function is triggered

2021-11-19 16:50:07 - [MESSAGE][INFO] - Found 1 web elements with id: 'Object Repository/Olusturma/Genel/AliciBilgisi/iframe_Alc Bilgisi_customerselectiframe' located by 'By.xpath: //iframe[@id='customerselectiframe']' in '10' second(s)

2021-11-19 16:50:07 - [MESSAGE][INFO] - Switched to iframe: 'Object Repository/Olusturma/Genel/AliciBilgisi/iframe_Alc Bilgisi_customerselectiframe'

2021-11-19 16:50:07 - [MESSAGE][INFO] - Finding web element from Test Object's properties

2021-11-19 16:50:07 - [MESSAGE][INFO] - Checking timeout

2021-11-19 16:50:07 - [MESSAGE][INFO] - Finding web element with id: 'Object Repository/Olusturma/Genel/AliciBilgisi/Alici_Adi' located by 'By.xpath: //tr[@id='GridViewCustomer_DXDataRow0']/td[2]' in '10' second(s)

2021-11-19 16:50:07 - [MESSAGE][INFO] - Smart Wait Function is triggered

2021-11-19 16:50:07 - [MESSAGE][INFO] - Found 1 web elements with id: 'Object Repository/Olusturma/Genel/AliciBilgisi/Alici_Adi' located by 'By.xpath: //tr[@id='GridViewCustomer_DXDataRow0']/td[2]' in '10' second(s)

2021-11-19 16:50:07 - [MESSAGE][PASSED] - Object 'Object Repository/Olusturma/Genel/AliciBilgisi/Alici_Adi' is clickable

2021-11-19 16:50:07 - [MESSAGE][INFO] - Switching to default content

2021-11-19 16:50:07 - [TEST_STEP][PASSED] - click(findTestObject("Olusturma/Genel/AliciBilgisi/frame")): Switching to default content

2021-11-19 16:50:07 - [MESSAGE][INFO] - Finding Test Object 'Object Repository/Olusturma/Genel/AliciBilgisi/frame'

2021-11-19 16:50:07 - [MESSAGE][INFO] - Finding Test Object 'Object Repository/Olusturma/Genel/AliciBilgisi/iframe_Alc Bilgisi_customerselectiframe'

2021-11-19 16:50:07 - [MESSAGE][INFO] - Checking object

2021-11-19 16:50:07 - [MESSAGE][INFO] - Object: 'Object Repository/Olusturma/Genel/AliciBilgisi/frame' has parent object(s)

2021-11-19 16:50:07 - [MESSAGE][INFO] - Switching to iframe: 'Object Repository/Olusturma/Genel/AliciBilgisi/iframe_Alc Bilgisi_customerselectiframe'

2021-11-19 16:50:07 - [MESSAGE][INFO] - Finding web element from Test Object's properties

2021-11-19 16:50:07 - [MESSAGE][INFO] - Checking timeout

2021-11-19 16:50:07 - [MESSAGE][INFO] - Finding web element with id: 'Object Repository/Olusturma/Genel/AliciBilgisi/iframe_Alc Bilgisi_customerselectiframe' located by 'By.xpath: //iframe[@id='customerselectiframe']' in '30' second(s)

2021-11-19 16:50:07 - [MESSAGE][INFO] - Smart Wait Function is triggered

2021-11-19 16:50:07 - [MESSAGE][INFO] - Found 1 web elements with id: 'Object Repository/Olusturma/Genel/AliciBilgisi/iframe_Alc Bilgisi_customerselectiframe' located by 'By.xpath: //iframe[@id='customerselectiframe']' in '30' second(s)

2021-11-19 16:50:07 - [MESSAGE][INFO] - Switched to iframe: 'Object Repository/Olusturma/Genel/AliciBilgisi/iframe_Alc Bilgisi_customerselectiframe'

2021-11-19 16:50:07 - [MESSAGE][INFO] - Finding web element from Test Object's properties

2021-11-19 16:50:07 - [MESSAGE][INFO] - Checking timeout

2021-11-19 16:50:07 - [MESSAGE][INFO] - Finding web element with id: 'Object Repository/Olusturma/Genel/AliciBilgisi/frame' located by 'By.xpath: //*/text()[normalize-space(.)='']/parent::*' in '30' second(s)

2021-11-19 16:50:07 - [MESSAGE][INFO] - Smart Wait Function is triggered

2021-11-19 16:50:07 - [MESSAGE][INFO] - Found 65 web elements with id: 'Object Repository/Olusturma/Genel/AliciBilgisi/frame' located by 'By.xpath: //*/text()[normalize-space(.)='']/parent::*' in '30' second(s)

2021-11-19 16:50:07 - [MESSAGE][INFO] - Clicking on object: 'Object Repository/Olusturma/Genel/AliciBilgisi/frame'

2021-11-19 16:50:07 - [MESSAGE][PASSED] - Object: 'Object Repository/Olusturma/Genel/AliciBilgisi/frame' is clicked on

2021-11-19 16:50:07 - [MESSAGE][INFO] - Switching to default content

2021-11-19 16:50:07 - [TEST_STEP][PASSED] - click(findTestObject("Olusturma/Genel/AliciBilgisi/Alici_Adi")): Switching to default content

2021-11-19 16:50:07 - [MESSAGE][INFO] - Finding Test Object 'Object Repository/Olusturma/Genel/AliciBilgisi/Alici_Adi'

2021-11-19 16:50:08 - [MESSAGE][INFO] - Finding Test Object 'Object Repository/Olusturma/Genel/AliciBilgisi/iframe_Alc Bilgisi_customerselectiframe'

2021-11-19 16:50:08 - [MESSAGE][INFO] - Checking object

2021-11-19 16:50:08 - [MESSAGE][INFO] - Object: 'Object Repository/Olusturma/Genel/AliciBilgisi/Alici_Adi' has parent object(s)

2021-11-19 16:50:08 - [MESSAGE][INFO] - Switching to iframe: 'Object Repository/Olusturma/Genel/AliciBilgisi/iframe_Alc Bilgisi_customerselectiframe'

2021-11-19 16:50:08 - [MESSAGE][INFO] - Finding web element from Test Object's properties

2021-11-19 16:50:08 - [MESSAGE][INFO] - Checking timeout

2021-11-19 16:50:08 - [MESSAGE][INFO] - Finding web element with id: 'Object Repository/Olusturma/Genel/AliciBilgisi/iframe_Alc Bilgisi_customerselectiframe' located by 'By.xpath: //iframe[@id='customerselectiframe']' in '30' second(s)

2021-11-19 16:50:08 - [MESSAGE][INFO] - Smart Wait Function is triggered

2021-11-19 16:50:08 - [MESSAGE][INFO] - Found 1 web elements with id: 'Object Repository/Olusturma/Genel/AliciBilgisi/iframe_Alc Bilgisi_customerselectiframe' located by 'By.xpath: //iframe[@id='customerselectiframe']' in '30' second(s)

2021-11-19 16:50:08 - [MESSAGE][INFO] - Switched to iframe: 'Object Repository/Olusturma/Genel/AliciBilgisi/iframe_Alc Bilgisi_customerselectiframe'

2021-11-19 16:50:08 - [MESSAGE][INFO] - Finding web element from Test Object's properties

2021-11-19 16:50:08 - [MESSAGE][INFO] - Checking timeout

2021-11-19 16:50:08 - [MESSAGE][INFO] - Finding web element with id: 'Object Repository/Olusturma/Genel/AliciBilgisi/Alici_Adi' located by 'By.xpath: //tr[@id='GridViewCustomer_DXDataRow0']/td[2]' in '30' second(s)

2021-11-19 16:50:08 - [MESSAGE][INFO] - Smart Wait Function is triggered

2021-11-19 16:50:08 - [MESSAGE][INFO] - Found 1 web elements with id: 'Object Repository/Olusturma/Genel/AliciBilgisi/Alici_Adi' located by 'By.xpath: //tr[@id='GridViewCustomer_DXDataRow0']/td[2]' in '30' second(s)

2021-11-19 16:50:08 - [MESSAGE][INFO] - Clicking on object: 'Object Repository/Olusturma/Genel/AliciBilgisi/Alici_Adi'

2021-11-19 16:50:08 - [MESSAGE][PASSED] - Object: 'Object Repository/Olusturma/Genel/AliciBilgisi/Alici_Adi' is clicked on

2021-11-19 16:50:08 - [MESSAGE][INFO] - Switching to default content

2021-11-19 16:50:08 - [TEST_STEP][PASSED] - click(findTestObject("Olusturma/Genel/AliciBilgisi/Tamam_Bosluk")): Switching to default content

2021-11-19 16:50:08 - [MESSAGE][INFO] - Finding Test Object 'Object Repository/Olusturma/Genel/AliciBilgisi/Tamam_Bosluk'

2021-11-19 16:50:08 - [MESSAGE][INFO] - Finding Test Object 'Object Repository/Olusturma/Genel/AliciBilgisi/Alici_Bilgisi'

2021-11-19 16:50:08 - [MESSAGE][INFO] - Checking object

2021-11-19 16:50:08 - [MESSAGE][INFO] - Object: 'Object Repository/Olusturma/Genel/AliciBilgisi/Tamam_Bosluk' has parent object(s)

2021-11-19 16:50:08 - [MESSAGE][INFO] - Switching to iframe: 'Object Repository/Olusturma/Genel/AliciBilgisi/Alici_Bilgisi'

2021-11-19 16:50:08 - [MESSAGE][INFO] - Finding web element from Test Object's properties

2021-11-19 16:50:08 - [MESSAGE][INFO] - Checking timeout

2021-11-19 16:50:08 - [MESSAGE][INFO] - Finding web element with id: 'Object Repository/Olusturma/Genel/AliciBilgisi/Alici_Bilgisi' located by 'By.xpath: //iframe[@id='customerselectiframe']' in '30' second(s)

2021-11-19 16:50:08 - [MESSAGE][INFO] - Smart Wait Function is triggered

2021-11-19 16:50:09 - [MESSAGE][INFO] - Found 1 web elements with id: 'Object Repository/Olusturma/Genel/AliciBilgisi/Alici_Bilgisi' located by 'By.xpath: //iframe[@id='customerselectiframe']' in '30' second(s)

2021-11-19 16:50:09 - [MESSAGE][INFO] - Switched to iframe: 'Object Repository/Olusturma/Genel/AliciBilgisi/Alici_Bilgisi'

2021-11-19 16:50:09 - [MESSAGE][INFO] - Finding web element from Test Object's properties

2021-11-19 16:50:09 - [MESSAGE][INFO] - Checking timeout

2021-11-19 16:50:09 - [MESSAGE][INFO] - Finding web element with id: 'Object Repository/Olusturma/Genel/AliciBilgisi/Tamam_Bosluk' located by 'By.xpath: (.//*[normalize-space(text()) and normalize-space(.)='Sayfa Boyutu:'])[1]/following::div[7]' in '30' second(s)

2021-11-19 16:50:09 - [MESSAGE][INFO] - Smart Wait Function is triggered

2021-11-19 16:50:09 - [MESSAGE][INFO] - Found 1 web elements with id: 'Object Repository/Olusturma/Genel/AliciBilgisi/Tamam_Bosluk' located by 'By.xpath: (.//*[normalize-space(text()) and normalize-space(.)='Sayfa Boyutu:'])[1]/following::div[7]' in '30' second(s)

2021-11-19 16:50:09 - [MESSAGE][INFO] - Clicking on object: 'Object Repository/Olusturma/Genel/AliciBilgisi/Tamam_Bosluk'

2021-11-19 16:50:09 - [MESSAGE][PASSED] - Object: 'Object Repository/Olusturma/Genel/AliciBilgisi/Tamam_Bosluk' is clicked on

2021-11-19 16:50:09 - [MESSAGE][INFO] - Switching to default content

2021-11-19 16:50:09 - [TEST_STEP][PASSED] - waitForElementClickable(findTestObject("Olusturma/Genel/AliciBilgisi/Tamam_Butonu"), 10): Switching to default content

2021-11-19 16:50:09 - [MESSAGE][INFO] - Finding Test Object 'Object Repository/Olusturma/Genel/AliciBilgisi/Tamam_Butonu'

2021-11-19 16:50:09 - [MESSAGE][INFO] - Finding Test Object 'Object Repository/Olusturma/Genel/AliciBilgisi/Alici_Bilgisi'

2021-11-19 16:50:09 - [MESSAGE][INFO] - Checking object

2021-11-19 16:50:09 - [MESSAGE][INFO] - Checking timeout

2021-11-19 16:50:09 - [MESSAGE][INFO] - Object: 'Object Repository/Olusturma/Genel/AliciBilgisi/Tamam_Butonu' has parent object(s)

2021-11-19 16:50:09 - [MESSAGE][INFO] - Switching to iframe: 'Object Repository/Olusturma/Genel/AliciBilgisi/Alici_Bilgisi'

2021-11-19 16:50:09 - [MESSAGE][INFO] - Finding web element from Test Object's properties

2021-11-19 16:50:09 - [MESSAGE][INFO] - Checking timeout

2021-11-19 16:50:09 - [MESSAGE][INFO] - Finding web element with id: 'Object Repository/Olusturma/Genel/AliciBilgisi/Alici_Bilgisi' located by 'By.xpath: //iframe[@id='customerselectiframe']' in '10' second(s)

2021-11-19 16:50:09 - [MESSAGE][INFO] - Smart Wait Function is triggered

2021-11-19 16:50:09 - [MESSAGE][INFO] - Found 1 web elements with id: 'Object Repository/Olusturma/Genel/AliciBilgisi/Alici_Bilgisi' located by 'By.xpath: //iframe[@id='customerselectiframe']' in '10' second(s)

2021-11-19 16:50:10 - [MESSAGE][INFO] - Switched to iframe: 'Object Repository/Olusturma/Genel/AliciBilgisi/Alici_Bilgisi'

2021-11-19 16:50:10 - [MESSAGE][INFO] - Finding web element from Test Object's properties

2021-11-19 16:50:10 - [MESSAGE][INFO] - Checking timeout

2021-11-19 16:50:10 - [MESSAGE][INFO] - Finding web element with id: 'Object Repository/Olusturma/Genel/AliciBilgisi/Tamam_Butonu' located by 'By.xpath: //div[@id='btnSelectCustomer_CD']/span' in '10' second(s)

2021-11-19 16:50:10 - [MESSAGE][INFO] - Smart Wait Function is triggered

2021-11-19 16:50:10 - [MESSAGE][INFO] - Found 1 web elements with id: 'Object Repository/Olusturma/Genel/AliciBilgisi/Tamam_Butonu' located by 'By.xpath: //div[@id='btnSelectCustomer_CD']/span' in '10' second(s)

2021-11-19 16:50:10 - [MESSAGE][PASSED] - Object 'Object Repository/Olusturma/Genel/AliciBilgisi/Tamam_Butonu' is clickable

2021-11-19 16:50:10 - [MESSAGE][INFO] - Switching to default content

2021-11-19 16:50:10 - [TEST_STEP][PASSED] - click(findTestObject("Olusturma/Genel/AliciBilgisi/Tamam_Butonu")): Switching to default content

2021-11-19 16:50:10 - [MESSAGE][INFO] - Finding Test Object 'Object Repository/Olusturma/Genel/AliciBilgisi/Tamam_Butonu'

2021-11-19 16:50:10 - [MESSAGE][INFO] - Finding Test Object 'Object Repository/Olusturma/Genel/AliciBilgisi/Alici_Bilgisi'

2021-11-19 16:50:10 - [MESSAGE][INFO] - Checking object

2021-11-19 16:50:10 - [MESSAGE][INFO] - Object: 'Object Repository/Olusturma/Genel/AliciBilgisi/Tamam_Butonu' has parent object(s)

2021-11-19 16:50:10 - [MESSAGE][INFO] - Switching to iframe: 'Object Repository/Olusturma/Genel/AliciBilgisi/Alici_Bilgisi'

2021-11-19 16:50:10 - [MESSAGE][INFO] - Finding web element from Test Object's properties

2021-11-19 16:50:10 - [MESSAGE][INFO] - Checking timeout

2021-11-19 16:50:10 - [MESSAGE][INFO] - Finding web element with id: 'Object Repository/Olusturma/Genel/AliciBilgisi/Alici_Bilgisi' located by 'By.xpath: //iframe[@id='customerselectiframe']' in '30' second(s)

2021-11-19 16:50:10 - [MESSAGE][INFO] - Smart Wait Function is triggered

2021-11-19 16:50:10 - [MESSAGE][INFO] - Found 1 web elements with id: 'Object Repository/Olusturma/Genel/AliciBilgisi/Alici_Bilgisi' located by 'By.xpath: //iframe[@id='customerselectiframe']' in '30' second(s)

2021-11-19 16:50:10 - [MESSAGE][INFO] - Switched to iframe: 'Object Repository/Olusturma/Genel/AliciBilgisi/Alici_Bilgisi'

2021-11-19 16:50:10 - [MESSAGE][INFO] - Finding web element from Test Object's properties

2021-11-19 16:50:10 - [MESSAGE][INFO] - Checking timeout

2021-11-19 16:50:10 - [MESSAGE][INFO] - Finding web element with id: 'Object Repository/Olusturma/Genel/AliciBilgisi/Tamam_Butonu' located by 'By.xpath: //div[@id='btnSelectCustomer_CD']/span' in '30' second(s)

2021-11-19 16:50:10 - [MESSAGE][INFO] - Smart Wait Function is triggered

2021-11-19 16:50:10 - [MESSAGE][INFO] - Found 1 web elements with id: 'Object Repository/Olusturma/Genel/AliciBilgisi/Tamam_Butonu' located by 'By.xpath: //div[@id='btnSelectCustomer_CD']/span' in '30' second(s)

2021-11-19 16:50:10 - [MESSAGE][INFO] - Clicking on object: 'Object Repository/Olusturma/Genel/AliciBilgisi/Tamam_Butonu'

2021-11-19 16:50:10 - [MESSAGE][PASSED] - Object: 'Object Repository/Olusturma/Genel/AliciBilgisi/Tamam_Butonu' is clicked on

2021-11-19 16:50:10 - [MESSAGE][INFO] - Switching to default content

2021-11-19 16:50:10 - [TEST_STEP][PASSED] - waitForElementPresent(findTestObject("Olusturma/Genel/AliciBilgisi/VKN-TCKN"), 10): Object 'Object Repository/Olusturma/Genel/AliciBilgisi/VKN-TCKN' is present

2021-11-19 16:50:10 - [MESSAGE][INFO] - Finding Test Object 'Object Repository/Olusturma/Genel/AliciBilgisi/VKN-TCKN'

2021-11-19 16:50:10 - [MESSAGE][INFO] - Checking object

2021-11-19 16:50:10 - [MESSAGE][INFO] - Finding web element from Test Object's properties

2021-11-19 16:50:10 - [MESSAGE][INFO] - Checking timeout

2021-11-19 16:50:10 - [MESSAGE][INFO] - Finding web element with id: 'Object Repository/Olusturma/Genel/AliciBilgisi/VKN-TCKN' located by 'By.xpath: //*[@id = 'txtVknTckn_I']' in '10' second(s)

2021-11-19 16:50:10 - [MESSAGE][INFO] - Smart Wait Function is triggered

2021-11-19 16:50:11 - [MESSAGE][INFO] - Found 1 web elements with id: 'Object Repository/Olusturma/Genel/AliciBilgisi/VKN-TCKN' located by 'By.xpath: //*[@id = 'txtVknTckn_I']' in '10' second(s)

2021-11-19 16:50:11 - [MESSAGE][PASSED] - Object 'Object Repository/Olusturma/Genel/AliciBilgisi/VKN-TCKN' is present

2021-11-19 16:50:11 - [TEST_STEP][PASSED] - text = getAttribute(findTestObject("Olusturma/Genel/AliciBilgisi/VKN-TCKN"), "value"): Attribute 'value' of object 'Object Repository/Olusturma/Genel/AliciBilgisi/VKN-TCKN' is: '5325240898'

2021-11-19 16:50:11 - [MESSAGE][INFO] - Finding Test Object 'Object Repository/Olusturma/Genel/AliciBilgisi/VKN-TCKN'

2021-11-19 16:50:11 - [MESSAGE][INFO] - Checking object

2021-11-19 16:50:11 - [MESSAGE][INFO] - Checking attribute

2021-11-19 16:50:11 - [MESSAGE][INFO] - Finding web element from Test Object's properties

2021-11-19 16:50:11 - [MESSAGE][INFO] - Checking timeout

2021-11-19 16:50:11 - [MESSAGE][INFO] - Finding web element with id: 'Object Repository/Olusturma/Genel/AliciBilgisi/VKN-TCKN' located by 'By.xpath: //*[@id = 'txtVknTckn_I']' in '30' second(s)

2021-11-19 16:50:11 - [MESSAGE][INFO] - Smart Wait Function is triggered

2021-11-19 16:50:11 - [MESSAGE][INFO] - Found 1 web elements with id: 'Object Repository/Olusturma/Genel/AliciBilgisi/VKN-TCKN' located by 'By.xpath: //*[@id = 'txtVknTckn_I']' in '30' second(s)

2021-11-19 16:50:11 - [MESSAGE][INFO] - Getting attribute 'value' of object 'Object Repository/Olusturma/Genel/AliciBilgisi/VKN-TCKN'

2021-11-19 16:50:11 - [MESSAGE][PASSED] - Attribute 'value' of object 'Object Repository/Olusturma/Genel/AliciBilgisi/VKN-TCKN' is: '5325240898'

2021-11-19 16:50:11 - [TEST_STEP][PASSED] - if (text.equals("")): null

2021-11-19 16:50:11 - [MESSAGE][PASSED] - Call Test Case 'Test Cases/Olusturma/Genel/AliciSecilir' successfully

2021-11-19 16:50:11 - [MESSAGE][INFO] - Checking called Test Case

2021-11-19 16:50:11 - [MESSAGE][INFO] - Starting to call Test Case 'Test Cases/Olusturma/Genel/GonderimSekliSecilir'

2021-11-19 16:50:12 - [TEST_CASE][PASSED] - Test Cases/Olusturma/Genel/GonderimSekliSecilir: Test Cases/Olusturma/Genel/GonderimSekliSecilir

2021-11-19 16:50:12 - [TEST_STEP][PASSED] - waitForElementClickable(findTestObject("Object Repository/Olusturma/Genel/GonderimSekli/GonderimSekli"), 10): Object 'Object Repository/Olusturma/Genel/GonderimSekli/GonderimSekli' is clickable

2021-11-19 16:50:12 - [MESSAGE][INFO] - Finding Test Object 'Object Repository/Olusturma/Genel/GonderimSekli/GonderimSekli'

2021-11-19 16:50:12 - [MESSAGE][INFO] - Checking object

2021-11-19 16:50:12 - [MESSAGE][INFO] - Checking timeout

2021-11-19 16:50:12 - [MESSAGE][INFO] - Finding web element from Test Object's properties

2021-11-19 16:50:12 - [MESSAGE][INFO] - Checking timeout

2021-11-19 16:50:12 - [MESSAGE][INFO] - Finding web element with id: 'Object Repository/Olusturma/Genel/GonderimSekli/GonderimSekli' located by 'By.xpath: //*[@id = 'txtGonderimSekil_I']' in '10' second(s)

2021-11-19 16:50:12 - [MESSAGE][INFO] - Smart Wait Function is triggered

2021-11-19 16:50:12 - [MESSAGE][INFO] - Found 1 web elements with id: 'Object Repository/Olusturma/Genel/GonderimSekli/GonderimSekli' located by 'By.xpath: //*[@id = 'txtGonderimSekil_I']' in '10' second(s)

2021-11-19 16:50:12 - [MESSAGE][PASSED] - Object 'Object Repository/Olusturma/Genel/GonderimSekli/GonderimSekli' is clickable

2021-11-19 16:50:12 - [TEST_STEP][PASSED] - click(findTestObject("Object Repository/Olusturma/Genel/GonderimSekli/GonderimSekli")): Object: 'Object Repository/Olusturma/Genel/GonderimSekli/GonderimSekli' is clicked on

2021-11-19 16:50:12 - [MESSAGE][INFO] - Finding Test Object 'Object Repository/Olusturma/Genel/GonderimSekli/GonderimSekli'

2021-11-19 16:50:12 - [MESSAGE][INFO] - Checking object

2021-11-19 16:50:12 - [MESSAGE][INFO] - Finding web element from Test Object's properties

2021-11-19 16:50:12 - [MESSAGE][INFO] - Checking timeout

2021-11-19 16:50:12 - [MESSAGE][INFO] - Finding web element with id: 'Object Repository/Olusturma/Genel/GonderimSekli/GonderimSekli' located by 'By.xpath: //*[@id = 'txtGonderimSekil_I']' in '30' second(s)

2021-11-19 16:50:12 - [MESSAGE][INFO] - Smart Wait Function is triggered

2021-11-19 16:50:12 - [MESSAGE][INFO] - Found 1 web elements with id: 'Object Repository/Olusturma/Genel/GonderimSekli/GonderimSekli' located by 'By.xpath: //*[@id = 'txtGonderimSekil_I']' in '30' second(s)

2021-11-19 16:50:12 - [MESSAGE][INFO] - Clicking on object: 'Object Repository/Olusturma/Genel/GonderimSekli/GonderimSekli'

2021-11-19 16:50:12 - [MESSAGE][PASSED] - Object: 'Object Repository/Olusturma/Genel/GonderimSekli/GonderimSekli' is clicked on

2021-11-19 16:50:12 - [TEST_STEP][PASSED] - Method.TextDegerineEsitElementeTikla(findTestObject("Object Repository/Olusturma/Genel/GonderimSekli/GonderimSekliAdi"), GonderimSekli): Method.TextDegerineEsitElementeTikla is PASSED

2021-11-19 16:50:12 - [MESSAGE][INFO] - Finding Test Object 'Object Repository/Olusturma/Genel/GonderimSekli/GonderimSekliAdi'

2021-11-19 16:50:13 - [MESSAGE][INFO] - Checking timeout

2021-11-19 16:50:13 - [MESSAGE][INFO] - Finding web element with id: 'Object Repository/Olusturma/Genel/GonderimSekli/GonderimSekliAdi' located by 'By.cssSelector: #txtGonderimSekil_DDD_L_LBT td' in '10' second(s)

2021-11-19 16:50:13 - [MESSAGE][INFO] - Smart Wait Function is triggered

2021-11-19 16:50:13 - [MESSAGE][INFO] - Found 2 web elements with id: 'Object Repository/Olusturma/Genel/GonderimSekli/GonderimSekliAdi' located by 'By.cssSelector: #txtGonderimSekil_DDD_L_LBT td' in '10' second(s)

2021-11-19 16:50:13 - [MESSAGE][PASSED] - Method.TextDegerineEsitElementeTikla is PASSED

2021-11-19 16:50:13 - [MESSAGE][PASSED] - Call Test Case 'Test Cases/Olusturma/Genel/GonderimSekliSecilir' successfully

2021-11-19 16:50:13 - [MESSAGE][INFO] - Checking called Test Case

2021-11-19 16:50:13 - [MESSAGE][INFO] - Starting to call Test Case 'Test Cases/Olusturma/Genel/TipSecilir'

2021-11-19 16:50:13 - [TEST_CASE][PASSED] - Test Cases/Olusturma/Genel/TipSecilir: Test Cases/Olusturma/Genel/TipSecilir

2021-11-19 16:50:13 - [TEST_STEP][PASSED] - waitForElementClickable(findTestObject("Olusturma/Genel/TipSecilir/Tip"), 10): Object 'Object Repository/Olusturma/Genel/TipSecilir/Tip' is clickable

2021-11-19 16:50:13 - [MESSAGE][INFO] - Finding Test Object 'Object Repository/Olusturma/Genel/TipSecilir/Tip'

2021-11-19 16:50:13 - [MESSAGE][INFO] - Checking object

2021-11-19 16:50:13 - [MESSAGE][INFO] - Checking timeout

2021-11-19 16:50:13 - [MESSAGE][INFO] - Finding web element from Test Object's properties

2021-11-19 16:50:13 - [MESSAGE][INFO] - Checking timeout

2021-11-19 16:50:13 - [MESSAGE][INFO] - Finding web element with id: 'Object Repository/Olusturma/Genel/TipSecilir/Tip' located by 'By.xpath: //*[@id = 'DocumentTypeCode_I']' in '10' second(s)

2021-11-19 16:50:13 - [MESSAGE][INFO] - Smart Wait Function is triggered

2021-11-19 16:50:14 - [MESSAGE][INFO] - Found 1 web elements with id: 'Object Repository/Olusturma/Genel/TipSecilir/Tip' located by 'By.xpath: //*[@id = 'DocumentTypeCode_I']' in '10' second(s)

2021-11-19 16:50:14 - [MESSAGE][PASSED] - Object 'Object Repository/Olusturma/Genel/TipSecilir/Tip' is clickable

2021-11-19 16:50:14 - [TEST_STEP][PASSED] - click(findTestObject("Olusturma/Genel/TipSecilir/Tip")): Object: 'Object Repository/Olusturma/Genel/TipSecilir/Tip' is clicked on

2021-11-19 16:50:14 - [MESSAGE][INFO] - Finding Test Object 'Object Repository/Olusturma/Genel/TipSecilir/Tip'

2021-11-19 16:50:14 - [MESSAGE][INFO] - Checking object

2021-11-19 16:50:14 - [MESSAGE][INFO] - Finding web element from Test Object's properties

2021-11-19 16:50:14 - [MESSAGE][INFO] - Checking timeout

2021-11-19 16:50:14 - [MESSAGE][INFO] - Finding web element with id: 'Object Repository/Olusturma/Genel/TipSecilir/Tip' located by 'By.xpath: //*[@id = 'DocumentTypeCode_I']' in '30' second(s)

2021-11-19 16:50:14 - [MESSAGE][INFO] - Smart Wait Function is triggered

2021-11-19 16:50:14 - [MESSAGE][INFO] - Found 1 web elements with id: 'Object Repository/Olusturma/Genel/TipSecilir/Tip' located by 'By.xpath: //*[@id = 'DocumentTypeCode_I']' in '30' second(s)

2021-11-19 16:50:14 - [MESSAGE][INFO] - Clicking on object: 'Object Repository/Olusturma/Genel/TipSecilir/Tip'

2021-11-19 16:50:14 - [MESSAGE][PASSED] - Object: 'Object Repository/Olusturma/Genel/TipSecilir/Tip' is clicked on

2021-11-19 16:50:14 - [TEST_STEP][PASSED] - Method.TextDegerineEsitElementeTikla(findTestObject("Object Repository/Olusturma/Genel/TipSecilir/Tip_Adi"), Tip): Method.TextDegerineEsitElementeTikla is PASSED

2021-11-19 16:50:14 - [MESSAGE][INFO] - Finding Test Object 'Object Repository/Olusturma/Genel/TipSecilir/Tip_Adi'

2021-11-19 16:50:15 - [MESSAGE][INFO] - Checking timeout

2021-11-19 16:50:15 - [MESSAGE][INFO] - Finding web element with id: 'Object Repository/Olusturma/Genel/TipSecilir/Tip_Adi' located by 'By.cssSelector: #DocumentTypeCode_DDD_L_LBT td' in '10' second(s)

2021-11-19 16:50:15 - [MESSAGE][INFO] - Smart Wait Function is triggered

2021-11-19 16:50:15 - [MESSAGE][INFO] - Found 9 web elements with id: 'Object Repository/Olusturma/Genel/TipSecilir/Tip_Adi' located by 'By.cssSelector: #DocumentTypeCode_DDD_L_LBT td' in '10' second(s)

2021-11-19 16:50:15 - [MESSAGE][PASSED] - Method.TextDegerineEsitElementeTikla is PASSED

2021-11-19 16:50:15 - [MESSAGE][PASSED] - Call Test Case 'Test Cases/Olusturma/Genel/TipSecilir' successfully

2021-11-19 16:50:15 - [MESSAGE][INFO] - Checking called Test Case

2021-11-19 16:50:15 - [MESSAGE][INFO] - Starting to call Test Case 'Test Cases/Olusturma/Genel/DokumanParaBirimiSecilir'

2021-11-19 16:50:15 - [TEST_CASE][PASSED] - Test Cases/Olusturma/Genel/DokumanParaBirimiSecilir: Test Cases/Olusturma/Genel/DokumanParaBirimiSecilir

2021-11-19 16:50:15 - [TEST_STEP][PASSED] - waitForElementClickable(findTestObject("Object Repository/Olusturma/Genel/DokumanParaBirimiSecilir/Para"), 10): Object 'Object Repository/Olusturma/Genel/DokumanParaBirimiSecilir/Para' is clickable

2021-11-19 16:50:15 - [MESSAGE][INFO] - Finding Test Object 'Object Repository/Olusturma/Genel/DokumanParaBirimiSecilir/Para'

2021-11-19 16:50:15 - [MESSAGE][INFO] - Checking object

2021-11-19 16:50:15 - [MESSAGE][INFO] - Checking timeout

2021-11-19 16:50:15 - [MESSAGE][INFO] - Finding web element from Test Object's properties

2021-11-19 16:50:15 - [MESSAGE][INFO] - Checking timeout

2021-11-19 16:50:15 - [MESSAGE][INFO] - Finding web element with id: 'Object Repository/Olusturma/Genel/DokumanParaBirimiSecilir/Para' located by 'By.xpath: //*[@id = 'CurrencyUnit_I']' in '10' second(s)

2021-11-19 16:50:15 - [MESSAGE][INFO] - Smart Wait Function is triggered

2021-11-19 16:50:17 - [MESSAGE][INFO] - Found 1 web elements with id: 'Object Repository/Olusturma/Genel/DokumanParaBirimiSecilir/Para' located by 'By.xpath: //*[@id = 'CurrencyUnit_I']' in '10' second(s)

2021-11-19 16:50:17 - [MESSAGE][PASSED] - Object 'Object Repository/Olusturma/Genel/DokumanParaBirimiSecilir/Para' is clickable

2021-11-19 16:50:17 - [TEST_STEP][PASSED] - click(findTestObject("Object Repository/Olusturma/Genel/DokumanParaBirimiSecilir/Para")): Object: 'Object Repository/Olusturma/Genel/DokumanParaBirimiSecilir/Para' is clicked on

2021-11-19 16:50:17 - [MESSAGE][INFO] - Finding Test Object 'Object Repository/Olusturma/Genel/DokumanParaBirimiSecilir/Para'

2021-11-19 16:50:17 - [MESSAGE][INFO] - Checking object

2021-11-19 16:50:17 - [MESSAGE][INFO] - Finding web element from Test Object's properties

2021-11-19 16:50:17 - [MESSAGE][INFO] - Checking timeout

2021-11-19 16:50:17 - [MESSAGE][INFO] - Finding web element with id: 'Object Repository/Olusturma/Genel/DokumanParaBirimiSecilir/Para' located by 'By.xpath: //*[@id = 'CurrencyUnit_I']' in '30' second(s)

2021-11-19 16:50:17 - [MESSAGE][INFO] - Smart Wait Function is triggered

2021-11-19 16:50:17 - [MESSAGE][INFO] - Found 1 web elements with id: 'Object Repository/Olusturma/Genel/DokumanParaBirimiSecilir/Para' located by 'By.xpath: //*[@id = 'CurrencyUnit_I']' in '30' second(s)

2021-11-19 16:50:17 - [MESSAGE][INFO] - Clicking on object: 'Object Repository/Olusturma/Genel/DokumanParaBirimiSecilir/Para'

2021-11-19 16:50:17 - [MESSAGE][PASSED] - Object: 'Object Repository/Olusturma/Genel/DokumanParaBirimiSecilir/Para' is clicked on

2021-11-19 16:50:17 - [TEST_STEP][PASSED] - Method.TextDegerineEsitElementeTikla(findTestObject("Object Repository/Olusturma/Genel/DokumanParaBirimiSecilir/Para_Adi"), Para): Method.TextDegerineEsitElementeTikla is PASSED

2021-11-19 16:50:17 - [MESSAGE][INFO] - Finding Test Object 'Object Repository/Olusturma/Genel/DokumanParaBirimiSecilir/Para_Adi'

2021-11-19 16:50:18 - [MESSAGE][INFO] - Checking timeout

2021-11-19 16:50:18 - [MESSAGE][INFO] - Finding web element with id: 'Object Repository/Olusturma/Genel/DokumanParaBirimiSecilir/Para_Adi' located by 'By.cssSelector: #CurrencyUnit_DDD_L_LBT td' in '10' second(s)

2021-11-19 16:50:18 - [MESSAGE][INFO] - Smart Wait Function is triggered

2021-11-19 16:50:18 - [MESSAGE][INFO] - Found 203 web elements with id: 'Object Repository/Olusturma/Genel/DokumanParaBirimiSecilir/Para_Adi' located by 'By.cssSelector: #CurrencyUnit_DDD_L_LBT td' in '10' second(s)

2021-11-19 16:50:24 - [MESSAGE][PASSED] - Method.TextDegerineEsitElementeTikla is PASSED

2021-11-19 16:50:24 - [MESSAGE][PASSED] - Call Test Case 'Test Cases/Olusturma/Genel/DokumanParaBirimiSecilir' successfully

2021-11-19 16:50:24 - [MESSAGE][INFO] - Checking called Test Case

2021-11-19 16:50:24 - [MESSAGE][INFO] - Starting to call Test Case 'Test Cases/Olusturma/Genel/OnEkSecilir'

2021-11-19 16:50:24 - [TEST_CASE][PASSED] - Test Cases/Olusturma/Genel/OnEkSecilir: Test Cases/Olusturma/Genel/OnEkSecilir

2021-11-19 16:50:24 - [TEST_STEP][PASSED] - waitForElementClickable(findTestObject("Object Repository/Olusturma/Genel/OnEkSecilir/OnEk"), 10): Object 'Object Repository/Olusturma/Genel/OnEkSecilir/OnEk' is clickable

2021-11-19 16:50:24 - [MESSAGE][INFO] - Finding Test Object 'Object Repository/Olusturma/Genel/OnEkSecilir/OnEk'

2021-11-19 16:50:24 - [MESSAGE][INFO] - Checking object

2021-11-19 16:50:24 - [MESSAGE][INFO] - Checking timeout

2021-11-19 16:50:24 - [MESSAGE][INFO] - Finding web element from Test Object's properties

2021-11-19 16:50:24 - [MESSAGE][INFO] - Checking timeout

2021-11-19 16:50:24 - [MESSAGE][INFO] - Finding web element with id: 'Object Repository/Olusturma/Genel/OnEkSecilir/OnEk' located by 'By.xpath: //*[@id = 'InvoicePrefix_I']' in '10' second(s)

2021-11-19 16:50:24 - [MESSAGE][INFO] - Smart Wait Function is triggered

2021-11-19 16:50:25 - [MESSAGE][INFO] - Found 1 web elements with id: 'Object Repository/Olusturma/Genel/OnEkSecilir/OnEk' located by 'By.xpath: //*[@id = 'InvoicePrefix_I']' in '10' second(s)

2021-11-19 16:50:25 - [MESSAGE][PASSED] - Object 'Object Repository/Olusturma/Genel/OnEkSecilir/OnEk' is clickable

2021-11-19 16:50:25 - [TEST_STEP][PASSED] - click(findTestObject("Object Repository/Olusturma/Genel/OnEkSecilir/OnEk")): Object: 'Object Repository/Olusturma/Genel/OnEkSecilir/OnEk' is clicked on

2021-11-19 16:50:25 - [MESSAGE][INFO] - Finding Test Object 'Object Repository/Olusturma/Genel/OnEkSecilir/OnEk'

2021-11-19 16:50:25 - [MESSAGE][INFO] - Checking object

2021-11-19 16:50:25 - [MESSAGE][INFO] - Finding web element from Test Object's properties

2021-11-19 16:50:25 - [MESSAGE][INFO] - Checking timeout

2021-11-19 16:50:25 - [MESSAGE][INFO] - Finding web element with id: 'Object Repository/Olusturma/Genel/OnEkSecilir/OnEk' located by 'By.xpath: //*[@id = 'InvoicePrefix_I']' in '30' second(s)

2021-11-19 16:50:25 - [MESSAGE][INFO] - Smart Wait Function is triggered

2021-11-19 16:50:25 - [MESSAGE][INFO] - Found 1 web elements with id: 'Object Repository/Olusturma/Genel/OnEkSecilir/OnEk' located by 'By.xpath: //*[@id = 'InvoicePrefix_I']' in '30' second(s)

2021-11-19 16:50:25 - [MESSAGE][INFO] - Clicking on object: 'Object Repository/Olusturma/Genel/OnEkSecilir/OnEk'

2021-11-19 16:50:25 - [MESSAGE][PASSED] - Object: 'Object Repository/Olusturma/Genel/OnEkSecilir/OnEk' is clicked on

2021-11-19 16:50:25 - [TEST_STEP][PASSED] - Method.TextDegerineEsitElementeTiklaEquals(findTestObject("Object Repository/Olusturma/Genel/OnEkSecilir/OnEkAdi"), Ek): Method.TextDegerineEsitElementeTiklaEquals is PASSED

2021-11-19 16:50:25 - [MESSAGE][INFO] - Finding Test Object 'Object Repository/Olusturma/Genel/OnEkSecilir/OnEkAdi'

2021-11-19 16:50:25 - [MESSAGE][INFO] - Checking timeout

2021-11-19 16:50:25 - [MESSAGE][INFO] - Finding web element with id: 'Object Repository/Olusturma/Genel/OnEkSecilir/OnEkAdi' located by 'By.cssSelector: #InvoicePrefix_DDD_L_LBT td' in '10' second(s)

2021-11-19 16:50:25 - [MESSAGE][INFO] - Smart Wait Function is triggered

2021-11-19 16:50:26 - [MESSAGE][INFO] - Found 1 web elements with id: 'Object Repository/Olusturma/Genel/OnEkSecilir/OnEkAdi' located by 'By.cssSelector: #InvoicePrefix_DDD_L_LBT td' in '10' second(s)

2021-11-19 16:50:26 - [MESSAGE][PASSED] - Method.TextDegerineEsitElementeTiklaEquals is PASSED

2021-11-19 16:50:26 - [MESSAGE][PASSED] - Call Test Case 'Test Cases/Olusturma/Genel/OnEkSecilir' successfully

2021-11-19 16:50:26 - [MESSAGE][INFO] - Checking called Test Case

2021-11-19 16:50:26 - [MESSAGE][INFO] - Starting to call Test Case 'Test Cases/Olusturma/Genel/TasarimSecilir'

2021-11-19 16:50:26 - [TEST_CASE][PASSED] - Test Cases/Olusturma/Genel/TasarimSecilir: Test Cases/Olusturma/Genel/TasarimSecilir

2021-11-19 16:50:26 - [TEST_STEP][PASSED] - waitForElementClickable(findTestObject("Object Repository/Olusturma/Genel/TasarimSecilir/Tasarim"), 10): Object 'Object Repository/Olusturma/Genel/TasarimSecilir/Tasarim' is clickable

2021-11-19 16:50:26 - [MESSAGE][INFO] - Finding Test Object 'Object Repository/Olusturma/Genel/TasarimSecilir/Tasarim'

2021-11-19 16:50:26 - [MESSAGE][INFO] - Checking object

2021-11-19 16:50:26 - [MESSAGE][INFO] - Checking timeout

2021-11-19 16:50:26 - [MESSAGE][INFO] - Finding web element from Test Object's properties

2021-11-19 16:50:26 - [MESSAGE][INFO] - Checking timeout

2021-11-19 16:50:26 - [MESSAGE][INFO] - Finding web element with id: 'Object Repository/Olusturma/Genel/TasarimSecilir/Tasarim' located by 'By.xpath: //*[@id = 'DesignId_I']' in '10' second(s)

2021-11-19 16:50:26 - [MESSAGE][INFO] - Smart Wait Function is triggered

2021-11-19 16:50:26 - [MESSAGE][INFO] - Found 1 web elements with id: 'Object Repository/Olusturma/Genel/TasarimSecilir/Tasarim' located by 'By.xpath: //*[@id = 'DesignId_I']' in '10' second(s)

2021-11-19 16:50:26 - [MESSAGE][PASSED] - Object 'Object Repository/Olusturma/Genel/TasarimSecilir/Tasarim' is clickable

2021-11-19 16:50:26 - [TEST_STEP][PASSED] - click(findTestObject("Object Repository/Olusturma/Genel/TasarimSecilir/Tasarim")): Object: 'Object Repository/Olusturma/Genel/TasarimSecilir/Tasarim' is clicked on

2021-11-19 16:50:26 - [MESSAGE][INFO] - Finding Test Object 'Object Repository/Olusturma/Genel/TasarimSecilir/Tasarim'

2021-11-19 16:50:27 - [MESSAGE][INFO] - Checking object

2021-11-19 16:50:27 - [MESSAGE][INFO] - Finding web element from Test Object's properties

2021-11-19 16:50:27 - [MESSAGE][INFO] - Checking timeout

2021-11-19 16:50:27 - [MESSAGE][INFO] - Finding web element with id: 'Object Repository/Olusturma/Genel/TasarimSecilir/Tasarim' located by 'By.xpath: //*[@id = 'DesignId_I']' in '30' second(s)

2021-11-19 16:50:27 - [MESSAGE][INFO] - Smart Wait Function is triggered

2021-11-19 16:50:27 - [MESSAGE][INFO] - Found 1 web elements with id: 'Object Repository/Olusturma/Genel/TasarimSecilir/Tasarim' located by 'By.xpath: //*[@id = 'DesignId_I']' in '30' second(s)

2021-11-19 16:50:27 - [MESSAGE][INFO] - Clicking on object: 'Object Repository/Olusturma/Genel/TasarimSecilir/Tasarim'

2021-11-19 16:50:27 - [MESSAGE][PASSED] - Object: 'Object Repository/Olusturma/Genel/TasarimSecilir/Tasarim' is clicked on

2021-11-19 16:50:27 - [TEST_STEP][PASSED] - Method.TextDegerineEsitElementeTikla(findTestObject("Object Repository/Olusturma/Genel/TasarimSecilir/Tasarim_Adi"), Tasarim): Method.TextDegerineEsitElementeTikla is PASSED

2021-11-19 16:50:27 - [MESSAGE][INFO] - Finding Test Object 'Object Repository/Olusturma/Genel/TasarimSecilir/Tasarim_Adi'

2021-11-19 16:50:27 - [MESSAGE][INFO] - Checking timeout

2021-11-19 16:50:27 - [MESSAGE][INFO] - Finding web element with id: 'Object Repository/Olusturma/Genel/TasarimSecilir/Tasarim_Adi' located by 'By.cssSelector: #DesignId_DDD_L_LBT td' in '10' second(s)

2021-11-19 16:50:27 - [MESSAGE][INFO] - Smart Wait Function is triggered

2021-11-19 16:50:27 - [MESSAGE][INFO] - Found 1 web elements with id: 'Object Repository/Olusturma/Genel/TasarimSecilir/Tasarim_Adi' located by 'By.cssSelector: #DesignId_DDD_L_LBT td' in '10' second(s)

2021-11-19 16:50:27 - [MESSAGE][PASSED] - Method.TextDegerineEsitElementeTikla is PASSED

2021-11-19 16:50:27 - [MESSAGE][PASSED] - Call Test Case 'Test Cases/Olusturma/Genel/TasarimSecilir' successfully

2021-11-19 16:50:27 - [MESSAGE][INFO] - Checking called Test Case

2021-11-19 16:50:27 - [MESSAGE][INFO] - Starting to call Test Case 'Test Cases/Olusturma/Genel/Kutular/SiparisBilgileriGirilir'

2021-11-19 16:50:28 - [TEST_CASE][PASSED] - Test Cases/Olusturma/Genel/Kutular/SiparisBilgileriGirilir: Test Cases/Olusturma/Genel/Kutular/SiparisBilgileriGirilir

2021-11-19 16:50:28 - [TEST_STEP][PASSED] - Method.TextDegerineEsitElementeTikla(findTestObject("Olusturma/Genel/Kutular/KapaliKutular"), "Sipariş Bilgileri"): Method.TextDegerineEsitElementeTikla is PASSED

2021-11-19 16:50:28 - [MESSAGE][INFO] - Finding Test Object 'Object Repository/Olusturma/Genel/Kutular/KapaliKutular'

2021-11-19 16:50:28 - [MESSAGE][INFO] - Checking timeout

2021-11-19 16:50:28 - [MESSAGE][INFO] - Finding web element with id: 'Object Repository/Olusturma/Genel/Kutular/KapaliKutular' located by 'By.cssSelector: .dxnb-headerCollapsed>span' in '10' second(s)

2021-11-19 16:50:28 - [MESSAGE][INFO] - Smart Wait Function is triggered

2021-11-19 16:50:28 - [MESSAGE][INFO] - Found 8 web elements with id: 'Object Repository/Olusturma/Genel/Kutular/KapaliKutular' located by 'By.cssSelector: .dxnb-headerCollapsed>span' in '10' second(s)

2021-11-19 16:50:28 - [MESSAGE][PASSED] - Method.TextDegerineEsitElementeTikla is PASSED

2021-11-19 16:50:28 - [TEST_STEP][PASSED] - waitForElementPresent(findTestObject("Object Repository/Olusturma/Genel/Kutular/SiparisBilgileri/SiparisNo"), 10): Object 'Object Repository/Olusturma/Genel/Kutular/SiparisBilgileri/SiparisNo' is present

2021-11-19 16:50:28 - [MESSAGE][INFO] - Finding Test Object 'Object Repository/Olusturma/Genel/Kutular/SiparisBilgileri/SiparisNo'

2021-11-19 16:50:28 - [MESSAGE][INFO] - Checking object

2021-11-19 16:50:28 - [MESSAGE][INFO] - Finding web element from Test Object's properties

2021-11-19 16:50:28 - [MESSAGE][INFO] - Checking timeout

2021-11-19 16:50:28 - [MESSAGE][INFO] - Finding web element with id: 'Object Repository/Olusturma/Genel/Kutular/SiparisBilgileri/SiparisNo' located by 'By.xpath: //*[@id = 'txtSiparisNo_I']' in '10' second(s)

2021-11-19 16:50:28 - [MESSAGE][INFO] - Smart Wait Function is triggered

2021-11-19 16:50:28 - [MESSAGE][INFO] - Found 1 web elements with id: 'Object Repository/Olusturma/Genel/Kutular/SiparisBilgileri/SiparisNo' located by 'By.xpath: //*[@id = 'txtSiparisNo_I']' in '10' second(s)

2021-11-19 16:50:28 - [MESSAGE][PASSED] - Object 'Object Repository/Olusturma/Genel/Kutular/SiparisBilgileri/SiparisNo' is present

2021-11-19 16:50:28 - [TEST_STEP][PASSED] - clearText(findTestObject("Object Repository/Olusturma/Genel/Kutular/SiparisBilgileri/SiparisNo")): Text of object 'Object Repository/Olusturma/Genel/Kutular/SiparisBilgileri/SiparisNo' is cleared

2021-11-19 16:50:28 - [MESSAGE][INFO] - Finding Test Object 'Object Repository/Olusturma/Genel/Kutular/SiparisBilgileri/SiparisNo'

2021-11-19 16:50:29 - [MESSAGE][INFO] - Checking object

2021-11-19 16:50:29 - [MESSAGE][INFO] - Finding web element from Test Object's properties

2021-11-19 16:50:29 - [MESSAGE][INFO] - Checking timeout

2021-11-19 16:50:29 - [MESSAGE][INFO] - Finding web element with id: 'Object Repository/Olusturma/Genel/Kutular/SiparisBilgileri/SiparisNo' located by 'By.xpath: //*[@id = 'txtSiparisNo_I']' in '30' second(s)

2021-11-19 16:50:29 - [MESSAGE][INFO] - Smart Wait Function is triggered

2021-11-19 16:50:29 - [MESSAGE][INFO] - Found 1 web elements with id: 'Object Repository/Olusturma/Genel/Kutular/SiparisBilgileri/SiparisNo' located by 'By.xpath: //*[@id = 'txtSiparisNo_I']' in '30' second(s)

2021-11-19 16:50:29 - [MESSAGE][INFO] - Clearing text of object 'Object Repository/Olusturma/Genel/Kutular/SiparisBilgileri/SiparisNo'

2021-11-19 16:50:29 - [MESSAGE][PASSED] - Text of object 'Object Repository/Olusturma/Genel/Kutular/SiparisBilgileri/SiparisNo' is cleared

2021-11-19 16:50:29 - [TEST_STEP][PASSED] - sendKeys(findTestObject("Object Repository/Olusturma/Genel/Kutular/SiparisBilgileri/SiparisNo"), SiparisNo): Keys 'UUC-SAT-1200001' sent to object: 'Object Repository/Olusturma/Genel/Kutular/SiparisBilgileri/SiparisNo'

2021-11-19 16:50:29 - [MESSAGE][INFO] - Finding Test Object 'Object Repository/Olusturma/Genel/Kutular/SiparisBilgileri/SiparisNo'

2021-11-19 16:50:29 - [MESSAGE][INFO] - Sending keys 'UUC-SAT-1200001' to object: 'Object Repository/Olusturma/Genel/Kutular/SiparisBilgileri/SiparisNo'

2021-11-19 16:50:29 - [MESSAGE][INFO] - Finding web element from Test Object's properties

2021-11-19 16:50:29 - [MESSAGE][INFO] - Checking timeout

2021-11-19 16:50:29 - [MESSAGE][INFO] - Finding web element with id: 'Object Repository/Olusturma/Genel/Kutular/SiparisBilgileri/SiparisNo' located by 'By.xpath: //*[@id = 'txtSiparisNo_I']' in '30' second(s)

2021-11-19 16:50:29 - [MESSAGE][INFO] - Smart Wait Function is triggered

2021-11-19 16:50:29 - [MESSAGE][INFO] - Found 1 web elements with id: 'Object Repository/Olusturma/Genel/Kutular/SiparisBilgileri/SiparisNo' located by 'By.xpath: //*[@id = 'txtSiparisNo_I']' in '30' second(s)

2021-11-19 16:50:29 - [MESSAGE][PASSED] - Keys 'UUC-SAT-1200001' sent to object: 'Object Repository/Olusturma/Genel/Kutular/SiparisBilgileri/SiparisNo'

2021-11-19 16:50:29 - [TEST_STEP][PASSED] - waitForElementClickable(findTestObject("Object Repository/Olusturma/Genel/Kutular/SiparisBilgileri/SiparisTarihiImage"), 10): Object 'Object Repository/Olusturma/Genel/Kutular/SiparisBilgileri/SiparisTarihiImage' is clickable

2021-11-19 16:50:29 - [MESSAGE][INFO] - Finding Test Object 'Object Repository/Olusturma/Genel/Kutular/SiparisBilgileri/SiparisTarihiImage'

2021-11-19 16:50:30 - [MESSAGE][INFO] - Checking object

2021-11-19 16:50:30 - [MESSAGE][INFO] - Checking timeout

2021-11-19 16:50:30 - [MESSAGE][INFO] - Finding web element from Test Object's properties

2021-11-19 16:50:30 - [MESSAGE][INFO] - Checking timeout

2021-11-19 16:50:30 - [MESSAGE][INFO] - Finding web element with id: 'Object Repository/Olusturma/Genel/Kutular/SiparisBilgileri/SiparisTarihiImage' located by 'By.cssSelector: #dateSiparisTarih img' in '10' second(s)

2021-11-19 16:50:30 - [MESSAGE][INFO] - Smart Wait Function is triggered

2021-11-19 16:50:30 - [MESSAGE][INFO] - Found 1 web elements with id: 'Object Repository/Olusturma/Genel/Kutular/SiparisBilgileri/SiparisTarihiImage' located by 'By.cssSelector: #dateSiparisTarih img' in '10' second(s)

2021-11-19 16:50:30 - [MESSAGE][PASSED] - Object 'Object Repository/Olusturma/Genel/Kutular/SiparisBilgileri/SiparisTarihiImage' is clickable

2021-11-19 16:50:30 - [TEST_STEP][PASSED] - click(findTestObject("Object Repository/Olusturma/Genel/Kutular/SiparisBilgileri/SiparisTarihiImage")): Object: 'Object Repository/Olusturma/Genel/Kutular/SiparisBilgileri/SiparisTarihiImage' is clicked on

2021-11-19 16:50:30 - [MESSAGE][INFO] - Finding Test Object 'Object Repository/Olusturma/Genel/Kutular/SiparisBilgileri/SiparisTarihiImage'

2021-11-19 16:50:30 - [MESSAGE][INFO] - Checking object

2021-11-19 16:50:30 - [MESSAGE][INFO] - Finding web element from Test Object's properties

2021-11-19 16:50:30 - [MESSAGE][INFO] - Checking timeout

2021-11-19 16:50:30 - [MESSAGE][INFO] - Finding web element with id: 'Object Repository/Olusturma/Genel/Kutular/SiparisBilgileri/SiparisTarihiImage' located by 'By.cssSelector: #dateSiparisTarih img' in '30' second(s)

2021-11-19 16:50:30 - [MESSAGE][INFO] - Smart Wait Function is triggered

2021-11-19 16:50:30 - [MESSAGE][INFO] - Found 1 web elements with id: 'Object Repository/Olusturma/Genel/Kutular/SiparisBilgileri/SiparisTarihiImage' located by 'By.cssSelector: #dateSiparisTarih img' in '30' second(s)

2021-11-19 16:50:30 - [MESSAGE][INFO] - Clicking on object: 'Object Repository/Olusturma/Genel/Kutular/SiparisBilgileri/SiparisTarihiImage'

2021-11-19 16:50:30 - [MESSAGE][PASSED] - Object: 'Object Repository/Olusturma/Genel/Kutular/SiparisBilgileri/SiparisTarihiImage' is clicked on

2021-11-19 16:50:30 - [TEST_STEP][PASSED] - waitForElementPresent(findTestObject("Object Repository/Olusturma/Genel/Kutular/SiparisBilgileri/SiparisTarihi"), 10): Object 'Object Repository/Olusturma/Genel/Kutular/SiparisBilgileri/SiparisTarihi' is present

2021-11-19 16:50:30 - [MESSAGE][INFO] - Finding Test Object 'Object Repository/Olusturma/Genel/Kutular/SiparisBilgileri/SiparisTarihi'

2021-11-19 16:50:30 - [MESSAGE][INFO] - Checking object

2021-11-19 16:50:30 - [MESSAGE][INFO] - Finding web element from Test Object's properties

2021-11-19 16:50:30 - [MESSAGE][INFO] - Checking timeout

2021-11-19 16:50:30 - [MESSAGE][INFO] - Finding web element with id: 'Object Repository/Olusturma/Genel/Kutular/SiparisBilgileri/SiparisTarihi' located by 'By.xpath: //*[@id = 'dateSiparisTarih_I']' in '10' second(s)

2021-11-19 16:50:30 - [MESSAGE][INFO] - Smart Wait Function is triggered

2021-11-19 16:50:31 - [MESSAGE][INFO] - Found 1 web elements with id: 'Object Repository/Olusturma/Genel/Kutular/SiparisBilgileri/SiparisTarihi' located by 'By.xpath: //*[@id = 'dateSiparisTarih_I']' in '10' second(s)

2021-11-19 16:50:31 - [MESSAGE][PASSED] - Object 'Object Repository/Olusturma/Genel/Kutular/SiparisBilgileri/SiparisTarihi' is present

2021-11-19 16:50:31 - [TEST_STEP][PASSED] - clearText(findTestObject("Object Repository/Olusturma/Genel/Kutular/SiparisBilgileri/SiparisTarihi")): Text of object 'Object Repository/Olusturma/Genel/Kutular/SiparisBilgileri/SiparisTarihi' is cleared

2021-11-19 16:50:31 - [MESSAGE][INFO] - Finding Test Object 'Object Repository/Olusturma/Genel/Kutular/SiparisBilgileri/SiparisTarihi'

2021-11-19 16:50:31 - [MESSAGE][INFO] - Checking object

2021-11-19 16:50:31 - [MESSAGE][INFO] - Finding web element from Test Object's properties

2021-11-19 16:50:31 - [MESSAGE][INFO] - Checking timeout

2021-11-19 16:50:31 - [MESSAGE][INFO] - Finding web element with id: 'Object Repository/Olusturma/Genel/Kutular/SiparisBilgileri/SiparisTarihi' located by 'By.xpath: //*[@id = 'dateSiparisTarih_I']' in '30' second(s)

2021-11-19 16:50:31 - [MESSAGE][INFO] - Smart Wait Function is triggered

2021-11-19 16:50:31 - [MESSAGE][INFO] - Found 1 web elements with id: 'Object Repository/Olusturma/Genel/Kutular/SiparisBilgileri/SiparisTarihi' located by 'By.xpath: //*[@id = 'dateSiparisTarih_I']' in '30' second(s)

2021-11-19 16:50:31 - [MESSAGE][INFO] - Clearing text of object 'Object Repository/Olusturma/Genel/Kutular/SiparisBilgileri/SiparisTarihi'

2021-11-19 16:50:31 - [MESSAGE][PASSED] - Text of object 'Object Repository/Olusturma/Genel/Kutular/SiparisBilgileri/SiparisTarihi' is cleared

2021-11-19 16:50:31 - [TEST_STEP][PASSED] - sendKeys(findTestObject("Object Repository/Olusturma/Genel/Kutular/SiparisBilgileri/SiparisTarihi"), Tarih): Keys '30.04.2020' sent to object: 'Object Repository/Olusturma/Genel/Kutular/SiparisBilgileri/SiparisTarihi'

2021-11-19 16:50:31 - [MESSAGE][INFO] - Finding Test Object 'Object Repository/Olusturma/Genel/Kutular/SiparisBilgileri/SiparisTarihi'

2021-11-19 16:50:31 - [MESSAGE][INFO] - Sending keys '30.04.2020' to object: 'Object Repository/Olusturma/Genel/Kutular/SiparisBilgileri/SiparisTarihi'

2021-11-19 16:50:31 - [MESSAGE][INFO] - Finding web element from Test Object's properties

2021-11-19 16:50:31 - [MESSAGE][INFO] - Checking timeout

2021-11-19 16:50:31 - [MESSAGE][INFO] - Finding web element with id: 'Object Repository/Olusturma/Genel/Kutular/SiparisBilgileri/SiparisTarihi' located by 'By.xpath: //*[@id = 'dateSiparisTarih_I']' in '30' second(s)

2021-11-19 16:50:31 - [MESSAGE][INFO] - Smart Wait Function is triggered

2021-11-19 16:50:32 - [MESSAGE][INFO] - Found 1 web elements with id: 'Object Repository/Olusturma/Genel/Kutular/SiparisBilgileri/SiparisTarihi' located by 'By.xpath: //*[@id = 'dateSiparisTarih_I']' in '30' second(s)

2021-11-19 16:50:32 - [MESSAGE][PASSED] - Keys '30.04.2020' sent to object: 'Object Repository/Olusturma/Genel/Kutular/SiparisBilgileri/SiparisTarihi'

2021-11-19 16:50:32 - [MESSAGE][PASSED] - Call Test Case 'Test Cases/Olusturma/Genel/Kutular/SiparisBilgileriGirilir' successfully

2021-11-19 16:50:32 - [MESSAGE][INFO] - Checking called Test Case

2021-11-19 16:50:32 - [MESSAGE][INFO] - Starting to call Test Case 'Test Cases/Olusturma/Genel/Kutular/IrsaliyeBilgileri'

2021-11-19 16:50:32 - [TEST_CASE][PASSED] - Test Cases/Olusturma/Genel/Kutular/IrsaliyeBilgileri: Test Cases/Olusturma/Genel/Kutular/IrsaliyeBilgileri

2021-11-19 16:50:32 - [TEST_STEP][PASSED] - Method.TextDegerineEsitElementeTikla(findTestObject("Olusturma/Genel/Kutular/KapaliKutular"), "İrsaliye Bilgileri"): Method.TextDegerineEsitElementeTikla is PASSED

2021-11-19 16:50:32 - [MESSAGE][INFO] - Finding Test Object 'Object Repository/Olusturma/Genel/Kutular/KapaliKutular'

2021-11-19 16:50:32 - [MESSAGE][INFO] - Checking timeout

2021-11-19 16:50:32 - [MESSAGE][INFO] - Finding web element with id: 'Object Repository/Olusturma/Genel/Kutular/KapaliKutular' located by 'By.cssSelector: .dxnb-headerCollapsed>span' in '10' second(s)

2021-11-19 16:50:32 - [MESSAGE][INFO] - Smart Wait Function is triggered

2021-11-19 16:50:32 - [MESSAGE][INFO] - Found 8 web elements with id: 'Object Repository/Olusturma/Genel/Kutular/KapaliKutular' located by 'By.cssSelector: .dxnb-headerCollapsed>span' in '10' second(s)

2021-11-19 16:50:32 - [MESSAGE][PASSED] - Method.TextDegerineEsitElementeTikla is PASSED

2021-11-19 16:50:32 - [TEST_STEP][PASSED] - waitForElementClickable(findTestObject("Olusturma/Genel/Kutular/IrsaliyeBilgileri/Ekle"), 10): Object 'Object Repository/Olusturma/Genel/Kutular/IrsaliyeBilgileri/Ekle' is clickable

2021-11-19 16:50:32 - [MESSAGE][INFO] - Finding Test Object 'Object Repository/Olusturma/Genel/Kutular/IrsaliyeBilgileri/Ekle'

2021-11-19 16:50:33 - [MESSAGE][INFO] - Checking object

2021-11-19 16:50:33 - [MESSAGE][INFO] - Checking timeout

2021-11-19 16:50:33 - [MESSAGE][INFO] - Finding web element from Test Object's properties

2021-11-19 16:50:33 - [MESSAGE][INFO] - Checking timeout

2021-11-19 16:50:33 - [MESSAGE][INFO] - Finding web element with id: 'Object Repository/Olusturma/Genel/Kutular/IrsaliyeBilgileri/Ekle' located by 'By.xpath: //*[@id = 'DXEditorgvUserInvoiceBillsNewRowBtn']' in '10' second(s)

2021-11-19 16:50:33 - [MESSAGE][INFO] - Smart Wait Function is triggered

2021-11-19 16:50:33 - [MESSAGE][INFO] - Found 1 web elements with id: 'Object Repository/Olusturma/Genel/Kutular/IrsaliyeBilgileri/Ekle' located by 'By.xpath: //*[@id = 'DXEditorgvUserInvoiceBillsNewRowBtn']' in '10' second(s)

2021-11-19 16:50:33 - [MESSAGE][PASSED] - Object 'Object Repository/Olusturma/Genel/Kutular/IrsaliyeBilgileri/Ekle' is clickable

2021-11-19 16:50:33 - [TEST_STEP][PASSED] - click(findTestObject("Olusturma/Genel/Kutular/IrsaliyeBilgileri/Ekle")): Object: 'Object Repository/Olusturma/Genel/Kutular/IrsaliyeBilgileri/Ekle' is clicked on

2021-11-19 16:50:33 - [MESSAGE][INFO] - Finding Test Object 'Object Repository/Olusturma/Genel/Kutular/IrsaliyeBilgileri/Ekle'

2021-11-19 16:50:33 - [MESSAGE][INFO] - Checking object

2021-11-19 16:50:33 - [MESSAGE][INFO] - Finding web element from Test Object's properties

2021-11-19 16:50:33 - [MESSAGE][INFO] - Checking timeout

2021-11-19 16:50:33 - [MESSAGE][INFO] - Finding web element with id: 'Object Repository/Olusturma/Genel/Kutular/IrsaliyeBilgileri/Ekle' located by 'By.xpath: //*[@id = 'DXEditorgvUserInvoiceBillsNewRowBtn']' in '30' second(s)

2021-11-19 16:50:33 - [MESSAGE][INFO] - Smart Wait Function is triggered

2021-11-19 16:50:33 - [MESSAGE][INFO] - Found 1 web elements with id: 'Object Repository/Olusturma/Genel/Kutular/IrsaliyeBilgileri/Ekle' located by 'By.xpath: //*[@id = 'DXEditorgvUserInvoiceBillsNewRowBtn']' in '30' second(s)

2021-11-19 16:50:33 - [MESSAGE][INFO] - Clicking on object: 'Object Repository/Olusturma/Genel/Kutular/IrsaliyeBilgileri/Ekle'

2021-11-19 16:50:33 - [MESSAGE][PASSED] - Object: 'Object Repository/Olusturma/Genel/Kutular/IrsaliyeBilgileri/Ekle' is clicked on

2021-11-19 16:50:33 - [TEST_STEP][PASSED] - waitForElementPresent(findTestObject("Object Repository/Olusturma/Genel/Kutular/IrsaliyeBilgileri/IrsaliyeNumarasi"), 10): Object 'Object Repository/Olusturma/Genel/Kutular/IrsaliyeBilgileri/IrsaliyeNumarasi' is present

2021-11-19 16:50:33 - [MESSAGE][INFO] - Finding Test Object 'Object Repository/Olusturma/Genel/Kutular/IrsaliyeBilgileri/IrsaliyeNumarasi'

2021-11-19 16:50:33 - [MESSAGE][INFO] - Checking object

2021-11-19 16:50:33 - [MESSAGE][INFO] - Finding web element from Test Object's properties

2021-11-19 16:50:33 - [MESSAGE][INFO] - Checking timeout

2021-11-19 16:50:33 - [MESSAGE][INFO] - Finding web element with id: 'Object Repository/Olusturma/Genel/Kutular/IrsaliyeBilgileri/IrsaliyeNumarasi' located by 'By.xpath: //*[@id = 'gvUserInvoiceBills_DXEditor1_I']' in '10' second(s)

2021-11-19 16:50:33 - [MESSAGE][INFO] - Smart Wait Function is triggered

2021-11-19 16:50:34 - [MESSAGE][INFO] - Smart Wait Function is triggered

2021-11-19 16:50:35 - [MESSAGE][INFO] - Found 1 web elements with id: 'Object Repository/Olusturma/Genel/Kutular/IrsaliyeBilgileri/IrsaliyeNumarasi' located by 'By.xpath: //*[@id = 'gvUserInvoiceBills_DXEditor1_I']' in '10' second(s)

2021-11-19 16:50:35 - [MESSAGE][PASSED] - Object 'Object Repository/Olusturma/Genel/Kutular/IrsaliyeBilgileri/IrsaliyeNumarasi' is present

2021-11-19 16:50:35 - [TEST_STEP][PASSED] - clearText(findTestObject("Object Repository/Olusturma/Genel/Kutular/IrsaliyeBilgileri/IrsaliyeNumarasi")): Text of object 'Object Repository/Olusturma/Genel/Kutular/IrsaliyeBilgileri/IrsaliyeNumarasi' is cleared

2021-11-19 16:50:35 - [MESSAGE][INFO] - Finding Test Object 'Object Repository/Olusturma/Genel/Kutular/IrsaliyeBilgileri/IrsaliyeNumarasi'

2021-11-19 16:50:35 - [MESSAGE][INFO] - Checking object

2021-11-19 16:50:35 - [MESSAGE][INFO] - Finding web element from Test Object's properties

2021-11-19 16:50:35 - [MESSAGE][INFO] - Checking timeout

2021-11-19 16:50:35 - [MESSAGE][INFO] - Finding web element with id: 'Object Repository/Olusturma/Genel/Kutular/IrsaliyeBilgileri/IrsaliyeNumarasi' located by 'By.xpath: //*[@id = 'gvUserInvoiceBills_DXEditor1_I']' in '30' second(s)

2021-11-19 16:50:35 - [MESSAGE][INFO] - Smart Wait Function is triggered

2021-11-19 16:50:35 - [MESSAGE][INFO] - Found 1 web elements with id: 'Object Repository/Olusturma/Genel/Kutular/IrsaliyeBilgileri/IrsaliyeNumarasi' located by 'By.xpath: //*[@id = 'gvUserInvoiceBills_DXEditor1_I']' in '30' second(s)

2021-11-19 16:50:35 - [MESSAGE][INFO] - Clearing text of object 'Object Repository/Olusturma/Genel/Kutular/IrsaliyeBilgileri/IrsaliyeNumarasi'

2021-11-19 16:50:35 - [MESSAGE][PASSED] - Text of object 'Object Repository/Olusturma/Genel/Kutular/IrsaliyeBilgileri/IrsaliyeNumarasi' is cleared

2021-11-19 16:50:35 - [TEST_STEP][PASSED] - sendKeys(findTestObject("Object Repository/Olusturma/Genel/Kutular/IrsaliyeBilgileri/IrsaliyeNumarasi"), Numara): Keys 'AAAAAAAAAA' sent to object: 'Object Repository/Olusturma/Genel/Kutular/IrsaliyeBilgileri/IrsaliyeNumarasi'

2021-11-19 16:50:35 - [MESSAGE][INFO] - Finding Test Object 'Object Repository/Olusturma/Genel/Kutular/IrsaliyeBilgileri/IrsaliyeNumarasi'

2021-11-19 16:50:35 - [MESSAGE][INFO] - Sending keys 'AAAAAAAAAA' to object: 'Object Repository/Olusturma/Genel/Kutular/IrsaliyeBilgileri/IrsaliyeNumarasi'

2021-11-19 16:50:35 - [MESSAGE][INFO] - Finding web element from Test Object's properties

2021-11-19 16:50:35 - [MESSAGE][INFO] - Checking timeout

2021-11-19 16:50:35 - [MESSAGE][INFO] - Finding web element with id: 'Object Repository/Olusturma/Genel/Kutular/IrsaliyeBilgileri/IrsaliyeNumarasi' located by 'By.xpath: //*[@id = 'gvUserInvoiceBills_DXEditor1_I']' in '30' second(s)

2021-11-19 16:50:35 - [MESSAGE][INFO] - Smart Wait Function is triggered

2021-11-19 16:50:35 - [MESSAGE][INFO] - Found 1 web elements with id: 'Object Repository/Olusturma/Genel/Kutular/IrsaliyeBilgileri/IrsaliyeNumarasi' located by 'By.xpath: //*[@id = 'gvUserInvoiceBills_DXEditor1_I']' in '30' second(s)

2021-11-19 16:50:36 - [MESSAGE][PASSED] - Keys 'AAAAAAAAAA' sent to object: 'Object Repository/Olusturma/Genel/Kutular/IrsaliyeBilgileri/IrsaliyeNumarasi'

2021-11-19 16:50:36 - [TEST_STEP][PASSED] - waitForElementClickable(findTestObject("Object Repository/Olusturma/Genel/Kutular/IrsaliyeBilgileri/IrsaliyeTarihi"), 10): Object 'Object Repository/Olusturma/Genel/Kutular/IrsaliyeBilgileri/IrsaliyeTarihi' is clickable

2021-11-19 16:50:36 - [MESSAGE][INFO] - Finding Test Object 'Object Repository/Olusturma/Genel/Kutular/IrsaliyeBilgileri/IrsaliyeTarihi'

2021-11-19 16:50:36 - [MESSAGE][INFO] - Checking object

2021-11-19 16:50:36 - [MESSAGE][INFO] - Checking timeout

2021-11-19 16:50:36 - [MESSAGE][INFO] - Finding web element from Test Object's properties

2021-11-19 16:50:36 - [MESSAGE][INFO] - Checking timeout

2021-11-19 16:50:36 - [MESSAGE][INFO] - Finding web element with id: 'Object Repository/Olusturma/Genel/Kutular/IrsaliyeBilgileri/IrsaliyeTarihi' located by 'By.xpath: //*[@id = 'gvUserInvoiceBills_DXEditor2_I']' in '10' second(s)

2021-11-19 16:50:36 - [MESSAGE][INFO] - Smart Wait Function is triggered

2021-11-19 16:50:36 - [MESSAGE][INFO] - Found 1 web elements with id: 'Object Repository/Olusturma/Genel/Kutular/IrsaliyeBilgileri/IrsaliyeTarihi' located by 'By.xpath: //*[@id = 'gvUserInvoiceBills_DXEditor2_I']' in '10' second(s)

2021-11-19 16:50:36 - [MESSAGE][PASSED] - Object 'Object Repository/Olusturma/Genel/Kutular/IrsaliyeBilgileri/IrsaliyeTarihi' is clickable

2021-11-19 16:50:36 - [TEST_STEP][PASSED] - click(findTestObject("Object Repository/Olusturma/Genel/Kutular/IrsaliyeBilgileri/IrsaliyeTarihi")): Object: 'Object Repository/Olusturma/Genel/Kutular/IrsaliyeBilgileri/IrsaliyeTarihi' is clicked on

2021-11-19 16:50:36 - [MESSAGE][INFO] - Finding Test Object 'Object Repository/Olusturma/Genel/Kutular/IrsaliyeBilgileri/IrsaliyeTarihi'

2021-11-19 16:50:36 - [MESSAGE][INFO] - Checking object

2021-11-19 16:50:36 - [MESSAGE][INFO] - Finding web element from Test Object's properties

2021-11-19 16:50:36 - [MESSAGE][INFO] - Checking timeout

2021-11-19 16:50:36 - [MESSAGE][INFO] - Finding web element with id: 'Object Repository/Olusturma/Genel/Kutular/IrsaliyeBilgileri/IrsaliyeTarihi' located by 'By.xpath: //*[@id = 'gvUserInvoiceBills_DXEditor2_I']' in '30' second(s)

2021-11-19 16:50:36 - [MESSAGE][INFO] - Smart Wait Function is triggered

2021-11-19 16:50:36 - [MESSAGE][INFO] - Found 1 web elements with id: 'Object Repository/Olusturma/Genel/Kutular/IrsaliyeBilgileri/IrsaliyeTarihi' located by 'By.xpath: //*[@id = 'gvUserInvoiceBills_DXEditor2_I']' in '30' second(s)

2021-11-19 16:50:36 - [MESSAGE][INFO] - Clicking on object: 'Object Repository/Olusturma/Genel/Kutular/IrsaliyeBilgileri/IrsaliyeTarihi'

2021-11-19 16:50:37 - [MESSAGE][PASSED] - Object: 'Object Repository/Olusturma/Genel/Kutular/IrsaliyeBilgileri/IrsaliyeTarihi' is clicked on

2021-11-19 16:50:37 - [TEST_STEP][PASSED] - sendKeys(findTestObject("Object Repository/Olusturma/Genel/Kutular/IrsaliyeBilgileri/IrsaliyeTarihi"), Tarih): Keys '30.04.2020' sent to object: 'Object Repository/Olusturma/Genel/Kutular/IrsaliyeBilgileri/IrsaliyeTarihi'

2021-11-19 16:50:37 - [MESSAGE][INFO] - Finding Test Object 'Object Repository/Olusturma/Genel/Kutular/IrsaliyeBilgileri/IrsaliyeTarihi'

2021-11-19 16:50:37 - [MESSAGE][INFO] - Sending keys '30.04.2020' to object: 'Object Repository/Olusturma/Genel/Kutular/IrsaliyeBilgileri/IrsaliyeTarihi'

2021-11-19 16:50:37 - [MESSAGE][INFO] - Finding web element from Test Object's properties

2021-11-19 16:50:37 - [MESSAGE][INFO] - Checking timeout

2021-11-19 16:50:37 - [MESSAGE][INFO] - Finding web element with id: 'Object Repository/Olusturma/Genel/Kutular/IrsaliyeBilgileri/IrsaliyeTarihi' located by 'By.xpath: //*[@id = 'gvUserInvoiceBills_DXEditor2_I']' in '30' second(s)

2021-11-19 16:50:37 - [MESSAGE][INFO] - Smart Wait Function is triggered

2021-11-19 16:50:37 - [MESSAGE][INFO] - Found 1 web elements with id: 'Object Repository/Olusturma/Genel/Kutular/IrsaliyeBilgileri/IrsaliyeTarihi' located by 'By.xpath: //*[@id = 'gvUserInvoiceBills_DXEditor2_I']' in '30' second(s)

2021-11-19 16:50:37 - [MESSAGE][PASSED] - Keys '30.04.2020' sent to object: 'Object Repository/Olusturma/Genel/Kutular/IrsaliyeBilgileri/IrsaliyeTarihi'

2021-11-19 16:50:37 - [MESSAGE][PASSED] - Call Test Case 'Test Cases/Olusturma/Genel/Kutular/IrsaliyeBilgileri' successfully

2021-11-19 16:50:37 - [MESSAGE][INFO] - Checking called Test Case

2021-11-19 16:50:37 - [MESSAGE][INFO] - Starting to call Test Case 'Test Cases/Olusturma/Genel/EkleButonunaBasilir'

2021-11-19 16:50:37 - [TEST_CASE][PASSED] - Test Cases/Olusturma/Genel/EkleButonunaBasilir: Test Cases/Olusturma/Genel/EkleButonunaBasilir

2021-11-19 16:50:37 - [TEST_STEP][PASSED] - waitForElementClickable(findTestObject("Object Repository/Olusturma/Genel/Olusturma/Ekle"), 10): Object 'Object Repository/Olusturma/Genel/Olusturma/Ekle' is clickable

2021-11-19 16:50:37 - [MESSAGE][INFO] - Finding Test Object 'Object Repository/Olusturma/Genel/Olusturma/Ekle'

2021-11-19 16:50:37 - [MESSAGE][INFO] - Checking object

2021-11-19 16:50:37 - [MESSAGE][INFO] - Checking timeout

2021-11-19 16:50:37 - [MESSAGE][INFO] - Finding web element from Test Object's properties

2021-11-19 16:50:37 - [MESSAGE][INFO] - Checking timeout

2021-11-19 16:50:37 - [MESSAGE][INFO] - Finding web element with id: 'Object Repository/Olusturma/Genel/Olusturma/Ekle' located by 'By.cssSelector: #divmalhizmet i.fa.fa-plus.fa-lg.text-muted' in '10' second(s)

2021-11-19 16:50:37 - [MESSAGE][INFO] - Smart Wait Function is triggered

2021-11-19 16:50:38 - [MESSAGE][INFO] - Found 1 web elements with id: 'Object Repository/Olusturma/Genel/Olusturma/Ekle' located by 'By.cssSelector: #divmalhizmet i.fa.fa-plus.fa-lg.text-muted' in '10' second(s)

2021-11-19 16:50:38 - [MESSAGE][PASSED] - Object 'Object Repository/Olusturma/Genel/Olusturma/Ekle' is clickable

2021-11-19 16:50:38 - [TEST_STEP][PASSED] - click(findTestObject("Object Repository/Olusturma/Genel/Olusturma/Ekle")): Object: 'Object Repository/Olusturma/Genel/Olusturma/Ekle' is clicked on

2021-11-19 16:50:38 - [MESSAGE][INFO] - Finding Test Object 'Object Repository/Olusturma/Genel/Olusturma/Ekle'

2021-11-19 16:50:38 - [MESSAGE][INFO] - Checking object

2021-11-19 16:50:38 - [MESSAGE][INFO] - Finding web element from Test Object's properties

2021-11-19 16:50:38 - [MESSAGE][INFO] - Checking timeout

2021-11-19 16:50:38 - [MESSAGE][INFO] - Finding web element with id: 'Object Repository/Olusturma/Genel/Olusturma/Ekle' located by 'By.cssSelector: #divmalhizmet i.fa.fa-plus.fa-lg.text-muted' in '30' second(s)

2021-11-19 16:50:38 - [MESSAGE][INFO] - Smart Wait Function is triggered

2021-11-19 16:50:38 - [MESSAGE][INFO] - Found 1 web elements with id: 'Object Repository/Olusturma/Genel/Olusturma/Ekle' located by 'By.cssSelector: #divmalhizmet i.fa.fa-plus.fa-lg.text-muted' in '30' second(s)

2021-11-19 16:50:38 - [MESSAGE][INFO] - Clicking on object: 'Object Repository/Olusturma/Genel/Olusturma/Ekle'

2021-11-19 16:50:38 - [MESSAGE][PASSED] - Object: 'Object Repository/Olusturma/Genel/Olusturma/Ekle' is clicked on

2021-11-19 16:50:38 - [TEST_STEP][PASSED] - waitForElementClickable(findTestObject("Olusturma/Genel/Olusturma/EklenenSatirCarpiImage"), 10): Object 'Object Repository/Olusturma/Genel/Olusturma/EklenenSatirCarpiImage' is clickable

2021-11-19 16:50:38 - [MESSAGE][INFO] - Finding Test Object 'Object Repository/Olusturma/Genel/Olusturma/EklenenSatirCarpiImage'

2021-11-19 16:50:38 - [MESSAGE][INFO] - Checking object

2021-11-19 16:50:38 - [MESSAGE][INFO] - Checking timeout

2021-11-19 16:50:38 - [MESSAGE][INFO] - Finding web element from Test Object's properties

2021-11-19 16:50:38 - [MESSAGE][INFO] - Checking timeout

2021-11-19 16:50:38 - [MESSAGE][INFO] - Finding web element with id: 'Object Repository/Olusturma/Genel/Olusturma/EklenenSatirCarpiImage' located by 'By.cssSelector: .fa.fa-times.fa-lg.text-primary' in '10' second(s)

2021-11-19 16:50:38 - [MESSAGE][INFO] - Smart Wait Function is triggered

2021-11-19 16:50:38 - [MESSAGE][INFO] - Found 1 web elements with id: 'Object Repository/Olusturma/Genel/Olusturma/EklenenSatirCarpiImage' located by 'By.cssSelector: .fa.fa-times.fa-lg.text-primary' in '10' second(s)

2021-11-19 16:50:38 - [MESSAGE][PASSED] - Object 'Object Repository/Olusturma/Genel/Olusturma/EklenenSatirCarpiImage' is clickable

2021-11-19 16:50:38 - [MESSAGE][PASSED] - Call Test Case 'Test Cases/Olusturma/Genel/EkleButonunaBasilir' successfully

2021-11-19 16:50:38 - [MESSAGE][INFO] - Checking called Test Case

2021-11-19 16:50:38 - [MESSAGE][INFO] - Starting to call Test Case 'Test Cases/Olusturma/Genel/Olusturma'

2021-11-19 16:50:39 - [TEST_CASE][PASSED] - Test Cases/Olusturma/Genel/Olusturma: Test Cases/Olusturma/Genel/Olusturma

2021-11-19 16:50:39 - [TEST_STEP][PASSED] - driver = getWebDriver(): null

2021-11-19 16:50:39 - [TEST_STEP][PASSED] - action = new org.openqa.selenium.interactions.Actions(driver): null

2021-11-19 16:50:39 - [TEST_STEP][PASSED] - baslikElement = <not implemented yet for class: org.codehaus.groovy.ast.expr.EmptyExpression>: null

2021-11-19 16:50:39 - [TEST_STEP][PASSED] - sonElement = <not implemented yet for class: org.codehaus.groovy.ast.expr.EmptyExpression>: null

2021-11-19 16:50:39 - [TEST_STEP][PASSED] - attr = <not implemented yet for class: org.codehaus.groovy.ast.expr.EmptyExpression>: null

2021-11-19 16:50:39 - [TEST_STEP][PASSED] - a = 0: null

2021-11-19 16:50:39 - [TEST_STEP][PASSED] - elements = findWebElements(findTestObject("Object Repository/Olusturma/Genel/Olusturma/TabloBasliklari"), 10): Found 16 web elements with id: 'Object Repository/Olusturma/Genel/Olusturma/TabloBasliklari' located by 'By.cssSelector: div#divmalhizmet .dxgvTable_LECustomTheme td.dxgvHeader_LECustomTheme tr>td:nth-child(1)' in '10' second(s)

2021-11-19 16:50:39 - [MESSAGE][INFO] - Finding Test Object 'Object Repository/Olusturma/Genel/Olusturma/TabloBasliklari'

2021-11-19 16:50:39 - [MESSAGE][INFO] - Checking timeout

2021-11-19 16:50:39 - [MESSAGE][INFO] - Finding web element with id: 'Object Repository/Olusturma/Genel/Olusturma/TabloBasliklari' located by 'By.cssSelector: div#divmalhizmet .dxgvTable_LECustomTheme td.dxgvHeader_LECustomTheme tr>td:nth-child(1)' in '10' second(s)

2021-11-19 16:50:39 - [MESSAGE][INFO] - Smart Wait Function is triggered

2021-11-19 16:50:40 - [MESSAGE][INFO] - Found 16 web elements with id: 'Object Repository/Olusturma/Genel/Olusturma/TabloBasliklari' located by 'By.cssSelector: div#divmalhizmet .dxgvTable_LECustomTheme td.dxgvHeader_LECustomTheme tr>td:nth-child(1)' in '10' second(s)

2021-11-19 16:50:40 - [TEST_STEP][PASSED] - for (def element : elements): null

2021-11-19 16:50:40 - [TEST_STEP][PASSED] - build().perform(): null

2021-11-19 16:50:40 - [TEST_STEP][PASSED] - if (getText().equals(Baslik)): null

2021-11-19 16:50:40 - [TEST_STEP][PASSED] - baslikElement = element.findElement(By.xpath("../../../..")): Smart Wait Function is triggered

2021-11-19 16:50:40 - [MESSAGE][INFO] - Smart Wait Function is triggered

2021-11-19 16:50:40 - [TEST_STEP][PASSED] - attr = baslikElement.getAttribute("id"): null

2021-11-19 16:50:40 - [TEST_STEP][PASSED] - println("girdi ve idsini aldı = " + attr): null

2021-11-19 16:50:40 - [TEST_STEP][PASSED] - break: null

2021-11-19 16:50:40 - [TEST_STEP][PASSED] - countElement = baslikElement.findElements(By.xpath("../td")): Smart Wait Function is triggered

2021-11-19 16:50:40 - [MESSAGE][INFO] - Smart Wait Function is triggered

2021-11-19 16:50:41 - [TEST_STEP][PASSED] - for (def element : countElement): null

2021-11-19 16:50:41 - [TEST_STEP][PASSED] - if (toString().equals(attr.toString())): null

2021-11-19 16:50:41 - [TEST_STEP][PASSED] - (a++): null

2021-11-19 16:50:41 - [TEST_STEP][PASSED] - if (toString().equals(attr.toString())): null

2021-11-19 16:50:41 - [TEST_STEP][PASSED] - break: null

2021-11-19 16:50:41 - [TEST_STEP][PASSED] - son = findWebElement(findTestObject("Object Repository/Olusturma/Genel/Olusturma/EklenenSatir")).findElement(By.xpath("td[@class='dxgvInlineEditCell_LECustomTheme dxgv'][" + a + "]//td[@class='dxic']/input")): Smart Wait Function is triggered

2021-11-19 16:50:41 - [MESSAGE][INFO] - Finding Test Object 'Object Repository/Olusturma/Genel/Olusturma/EklenenSatir'

2021-11-19 16:50:41 - [MESSAGE][INFO] - Finding web element from Test Object's properties

2021-11-19 16:50:41 - [MESSAGE][INFO] - Checking timeout

2021-11-19 16:50:41 - [MESSAGE][INFO] - Finding web element with id: 'Object Repository/Olusturma/Genel/Olusturma/EklenenSatir' located by 'By.cssSelector: #divmalhizmet .dxgvInlineEditRow_LECustomTheme' in '30' second(s)

2021-11-19 16:50:41 - [MESSAGE][INFO] - Smart Wait Function is triggered

2021-11-19 16:50:41 - [MESSAGE][INFO] - Found 1 web elements with id: 'Object Repository/Olusturma/Genel/Olusturma/EklenenSatir' located by 'By.cssSelector: #divmalhizmet .dxgvInlineEditRow_LECustomTheme' in '30' second(s)

2021-11-19 16:50:41 - [MESSAGE][INFO] - Smart Wait Function is triggered

2021-11-19 16:50:41 - [TEST_STEP][PASSED] - if (!(getAttribute("value").contains("Vkn"))): null

2021-11-19 16:50:41 - [TEST_STEP][PASSED] - son.clear(): null

2021-11-19 16:50:41 - [TEST_STEP][PASSED] - son.sendKeys(Deger): null

2021-11-19 16:50:41 - [MESSAGE][PASSED] - Call Test Case 'Test Cases/Olusturma/Genel/Olusturma' successfully

2021-11-19 16:50:41 - [MESSAGE][INFO] - Checking called Test Case

2021-11-19 16:50:41 - [MESSAGE][INFO] - Starting to call Test Case 'Test Cases/Olusturma/Genel/Olusturma'

2021-11-19 16:50:41 - [TEST_CASE][PASSED] - Test Cases/Olusturma/Genel/Olusturma: Test Cases/Olusturma/Genel/Olusturma

2021-11-19 16:50:41 - [TEST_STEP][PASSED] - driver = getWebDriver(): null

2021-11-19 16:50:41 - [TEST_STEP][PASSED] - action = new org.openqa.selenium.interactions.Actions(driver): null

2021-11-19 16:50:41 - [TEST_STEP][PASSED] - baslikElement = <not implemented yet for class: org.codehaus.groovy.ast.expr.EmptyExpression>: null

2021-11-19 16:50:41 - [TEST_STEP][PASSED] - sonElement = <not implemented yet for class: org.codehaus.groovy.ast.expr.EmptyExpression>: null

2021-11-19 16:50:41 - [TEST_STEP][PASSED] - attr = <not implemented yet for class: org.codehaus.groovy.ast.expr.EmptyExpression>: null

2021-11-19 16:50:41 - [TEST_STEP][PASSED] - a = 0: null

2021-11-19 16:50:41 - [TEST_STEP][PASSED] - elements = findWebElements(findTestObject("Object Repository/Olusturma/Genel/Olusturma/TabloBasliklari"), 10): Found 16 web elements with id: 'Object Repository/Olusturma/Genel/Olusturma/TabloBasliklari' located by 'By.cssSelector: div#divmalhizmet .dxgvTable_LECustomTheme td.dxgvHeader_LECustomTheme tr>td:nth-child(1)' in '10' second(s)

2021-11-19 16:50:41 - [MESSAGE][INFO] - Finding Test Object 'Object Repository/Olusturma/Genel/Olusturma/TabloBasliklari'

2021-11-19 16:50:42 - [MESSAGE][INFO] - Checking timeout

2021-11-19 16:50:42 - [MESSAGE][INFO] - Finding web element with id: 'Object Repository/Olusturma/Genel/Olusturma/TabloBasliklari' located by 'By.cssSelector: div#divmalhizmet .dxgvTable_LECustomTheme td.dxgvHeader_LECustomTheme tr>td:nth-child(1)' in '10' second(s)

2021-11-19 16:50:42 - [MESSAGE][INFO] - Smart Wait Function is triggered

2021-11-19 16:50:42 - [MESSAGE][INFO] - Found 16 web elements with id: 'Object Repository/Olusturma/Genel/Olusturma/TabloBasliklari' located by 'By.cssSelector: div#divmalhizmet .dxgvTable_LECustomTheme td.dxgvHeader_LECustomTheme tr>td:nth-child(1)' in '10' second(s)

2021-11-19 16:50:42 - [TEST_STEP][PASSED] - for (def element : elements): null

2021-11-19 16:50:42 - [TEST_STEP][PASSED] - build().perform(): null

2021-11-19 16:50:42 - [TEST_STEP][PASSED] - if (getText().equals(Baslik)): null

2021-11-19 16:50:42 - [TEST_STEP][PASSED] - build().perform(): null

2021-11-19 16:50:42 - [TEST_STEP][PASSED] - if (getText().equals(Baslik)): null

2021-11-19 16:50:42 - [TEST_STEP][PASSED] - baslikElement = element.findElement(By.xpath("../../../..")): Smart Wait Function is triggered

2021-11-19 16:50:42 - [MESSAGE][INFO] - Smart Wait Function is triggered

2021-11-19 16:50:42 - [TEST_STEP][PASSED] - attr = baslikElement.getAttribute("id"): null

2021-11-19 16:50:42 - [TEST_STEP][PASSED] - println("girdi ve idsini aldı = " + attr): null

2021-11-19 16:50:42 - [TEST_STEP][PASSED] - break: null

2021-11-19 16:50:42 - [TEST_STEP][PASSED] - countElement = baslikElement.findElements(By.xpath("../td")): Smart Wait Function is triggered

2021-11-19 16:50:42 - [MESSAGE][INFO] - Smart Wait Function is triggered

2021-11-19 16:50:43 - [TEST_STEP][PASSED] - for (def element : countElement): null

2021-11-19 16:50:43 - [TEST_STEP][PASSED] - if (toString().equals(attr.toString())): null

2021-11-19 16:50:43 - [TEST_STEP][PASSED] - (a++): null

2021-11-19 16:50:43 - [TEST_STEP][PASSED] - if (toString().equals(attr.toString())): null

2021-11-19 16:50:43 - [TEST_STEP][PASSED] - (a++): null

2021-11-19 16:50:43 - [TEST_STEP][PASSED] - if (toString().equals(attr.toString())): null

2021-11-19 16:50:43 - [TEST_STEP][PASSED] - break: null

2021-11-19 16:50:43 - [TEST_STEP][PASSED] - son = findWebElement(findTestObject("Object Repository/Olusturma/Genel/Olusturma/EklenenSatir")).findElement(By.xpath("td[@class='dxgvInlineEditCell_LECustomTheme dxgv'][" + a + "]//td[@class='dxic']/input")): Smart Wait Function is triggered

2021-11-19 16:50:43 - [MESSAGE][INFO] - Finding Test Object 'Object Repository/Olusturma/Genel/Olusturma/EklenenSatir'

2021-11-19 16:50:43 - [MESSAGE][INFO] - Finding web element from Test Object's properties

2021-11-19 16:50:43 - [MESSAGE][INFO] - Checking timeout

2021-11-19 16:50:43 - [MESSAGE][INFO] - Finding web element with id: 'Object Repository/Olusturma/Genel/Olusturma/EklenenSatir' located by 'By.cssSelector: #divmalhizmet .dxgvInlineEditRow_LECustomTheme' in '30' second(s)

2021-11-19 16:50:43 - [MESSAGE][INFO] - Smart Wait Function is triggered

2021-11-19 16:50:43 - [MESSAGE][INFO] - Found 1 web elements with id: 'Object Repository/Olusturma/Genel/Olusturma/EklenenSatir' located by 'By.cssSelector: #divmalhizmet .dxgvInlineEditRow_LECustomTheme' in '30' second(s)

2021-11-19 16:50:43 - [MESSAGE][INFO] - Smart Wait Function is triggered

2021-11-19 16:50:43 - [TEST_STEP][PASSED] - if (!(getAttribute("value").contains("Vkn"))): null

2021-11-19 16:50:43 - [TEST_STEP][PASSED] - son.clear(): null

2021-11-19 16:50:44 - [TEST_STEP][PASSED] - son.sendKeys(Deger): null

2021-11-19 16:50:44 - [MESSAGE][PASSED] - Call Test Case 'Test Cases/Olusturma/Genel/Olusturma' successfully

2021-11-19 16:50:44 - [MESSAGE][INFO] - Checking called Test Case

2021-11-19 16:50:44 - [MESSAGE][INFO] - Starting to call Test Case 'Test Cases/Olusturma/Genel/Olusturma'

2021-11-19 16:50:44 - [TEST_CASE][PASSED] - Test Cases/Olusturma/Genel/Olusturma: Test Cases/Olusturma/Genel/Olusturma

2021-11-19 16:50:44 - [TEST_STEP][PASSED] - driver = getWebDriver(): null

2021-11-19 16:50:44 - [TEST_STEP][PASSED] - action = new org.openqa.selenium.interactions.Actions(driver): null

2021-11-19 16:50:44 - [TEST_STEP][PASSED] - baslikElement = <not implemented yet for class: org.codehaus.groovy.ast.expr.EmptyExpression>: null

2021-11-19 16:50:44 - [TEST_STEP][PASSED] - sonElement = <not implemented yet for class: org.codehaus.groovy.ast.expr.EmptyExpression>: null

2021-11-19 16:50:44 - [TEST_STEP][PASSED] - attr = <not implemented yet for class: org.codehaus.groovy.ast.expr.EmptyExpression>: null

2021-11-19 16:50:44 - [TEST_STEP][PASSED] - a = 0: null

2021-11-19 16:50:44 - [TEST_STEP][PASSED] - elements = findWebElements(findTestObject("Object Repository/Olusturma/Genel/Olusturma/TabloBasliklari"), 10): Found 16 web elements with id: 'Object Repository/Olusturma/Genel/Olusturma/TabloBasliklari' located by 'By.cssSelector: div#divmalhizmet .dxgvTable_LECustomTheme td.dxgvHeader_LECustomTheme tr>td:nth-child(1)' in '10' second(s)

2021-11-19 16:50:44 - [MESSAGE][INFO] - Finding Test Object 'Object Repository/Olusturma/Genel/Olusturma/TabloBasliklari'

2021-11-19 16:50:44 - [MESSAGE][INFO] - Checking timeout

2021-11-19 16:50:44 - [MESSAGE][INFO] - Finding web element with id: 'Object Repository/Olusturma/Genel/Olusturma/TabloBasliklari' located by 'By.cssSelector: div#divmalhizmet .dxgvTable_LECustomTheme td.dxgvHeader_LECustomTheme tr>td:nth-child(1)' in '10' second(s)

2021-11-19 16:50:44 - [MESSAGE][INFO] - Smart Wait Function is triggered

2021-11-19 16:50:44 - [MESSAGE][INFO] - Found 16 web elements with id: 'Object Repository/Olusturma/Genel/Olusturma/TabloBasliklari' located by 'By.cssSelector: div#divmalhizmet .dxgvTable_LECustomTheme td.dxgvHeader_LECustomTheme tr>td:nth-child(1)' in '10' second(s)

2021-11-19 16:50:44 - [TEST_STEP][PASSED] - for (def element : elements): null

2021-11-19 16:50:44 - [TEST_STEP][PASSED] - build().perform(): null

2021-11-19 16:50:44 - [TEST_STEP][PASSED] - if (getText().equals(Baslik)): null

2021-11-19 16:50:44 - [TEST_STEP][PASSED] - build().perform(): null

2021-11-19 16:50:45 - [TEST_STEP][PASSED] - if (getText().equals(Baslik)): null

2021-11-19 16:50:45 - [TEST_STEP][PASSED] - build().perform(): null

2021-11-19 16:50:45 - [TEST_STEP][PASSED] - if (getText().equals(Baslik)): null

2021-11-19 16:50:45 - [TEST_STEP][PASSED] - build().perform(): null

2021-11-19 16:50:45 - [TEST_STEP][PASSED] - if (getText().equals(Baslik)): null

2021-11-19 16:50:45 - [TEST_STEP][PASSED] - baslikElement = element.findElement(By.xpath("../../../..")): Smart Wait Function is triggered

2021-11-19 16:50:45 - [MESSAGE][INFO] - Smart Wait Function is triggered

2021-11-19 16:50:46 - [TEST_STEP][PASSED] - attr = baslikElement.getAttribute("id"): null

2021-11-19 16:50:46 - [TEST_STEP][PASSED] - println("girdi ve idsini aldı = " + attr): null

2021-11-19 16:50:46 - [TEST_STEP][PASSED] - break: null

2021-11-19 16:50:46 - [TEST_STEP][PASSED] - countElement = baslikElement.findElements(By.xpath("../td")): Smart Wait Function is triggered

2021-11-19 16:50:46 - [MESSAGE][INFO] - Smart Wait Function is triggered

2021-11-19 16:50:46 - [TEST_STEP][PASSED] - for (def element : countElement): null

2021-11-19 16:50:46 - [TEST_STEP][PASSED] - if (toString().equals(attr.toString())): null

2021-11-19 16:50:46 - [TEST_STEP][PASSED] - (a++): null

2021-11-19 16:50:46 - [TEST_STEP][PASSED] - if (toString().equals(attr.toString())): null

2021-11-19 16:50:46 - [TEST_STEP][PASSED] - (a++): null

2021-11-19 16:50:46 - [TEST_STEP][PASSED] - if (toString().equals(attr.toString())): null

2021-11-19 16:50:46 - [TEST_STEP][PASSED] - (a++): null

2021-11-19 16:50:46 - [TEST_STEP][PASSED] - if (toString().equals(attr.toString())): null

2021-11-19 16:50:46 - [TEST_STEP][PASSED] - (a++): null

2021-11-19 16:50:46 - [TEST_STEP][PASSED] - if (toString().equals(attr.toString())): null

2021-11-19 16:50:46 - [TEST_STEP][PASSED] - break: null

2021-11-19 16:50:46 - [TEST_STEP][PASSED] - son = findWebElement(findTestObject("Object Repository/Olusturma/Genel/Olusturma/EklenenSatir")).findElement(By.xpath("td[@class='dxgvInlineEditCell_LECustomTheme dxgv'][" + a + "]//td[@class='dxic']/input")): Smart Wait Function is triggered

2021-11-19 16:50:46 - [MESSAGE][INFO] - Finding Test Object 'Object Repository/Olusturma/Genel/Olusturma/EklenenSatir'

2021-11-19 16:50:46 - [MESSAGE][INFO] - Finding web element from Test Object's properties

2021-11-19 16:50:46 - [MESSAGE][INFO] - Checking timeout

2021-11-19 16:50:46 - [MESSAGE][INFO] - Finding web element with id: 'Object Repository/Olusturma/Genel/Olusturma/EklenenSatir' located by 'By.cssSelector: #divmalhizmet .dxgvInlineEditRow_LECustomTheme' in '30' second(s)

2021-11-19 16:50:46 - [MESSAGE][INFO] - Smart Wait Function is triggered

2021-11-19 16:50:46 - [MESSAGE][INFO] - Found 1 web elements with id: 'Object Repository/Olusturma/Genel/Olusturma/EklenenSatir' located by 'By.cssSelector: #divmalhizmet .dxgvInlineEditRow_LECustomTheme' in '30' second(s)

2021-11-19 16:50:46 - [MESSAGE][INFO] - Smart Wait Function is triggered

2021-11-19 16:50:47 - [TEST_STEP][PASSED] - if (!(getAttribute("value").contains("Vkn"))): null

2021-11-19 16:50:47 - [TEST_STEP][PASSED] - son.clear(): null

2021-11-19 16:50:47 - [TEST_STEP][PASSED] - son.sendKeys(Deger): null

2021-11-19 16:50:47 - [MESSAGE][PASSED] - Call Test Case 'Test Cases/Olusturma/Genel/Olusturma' successfully

2021-11-19 16:50:47 - [MESSAGE][INFO] - Checking called Test Case

2021-11-19 16:50:47 - [MESSAGE][INFO] - Starting to call Test Case 'Test Cases/Olusturma/Genel/Olusturma'

2021-11-19 16:50:47 - [TEST_CASE][PASSED] - Test Cases/Olusturma/Genel/Olusturma: Test Cases/Olusturma/Genel/Olusturma

2021-11-19 16:50:47 - [TEST_STEP][PASSED] - driver = getWebDriver(): null

2021-11-19 16:50:47 - [TEST_STEP][PASSED] - action = new org.openqa.selenium.interactions.Actions(driver): null

2021-11-19 16:50:47 - [TEST_STEP][PASSED] - baslikElement = <not implemented yet for class: org.codehaus.groovy.ast.expr.EmptyExpression>: null

2021-11-19 16:50:47 - [TEST_STEP][PASSED] - sonElement = <not implemented yet for class: org.codehaus.groovy.ast.expr.EmptyExpression>: null

2021-11-19 16:50:47 - [TEST_STEP][PASSED] - attr = <not implemented yet for class: org.codehaus.groovy.ast.expr.EmptyExpression>: null

2021-11-19 16:50:47 - [TEST_STEP][PASSED] - a = 0: null

2021-11-19 16:50:47 - [TEST_STEP][PASSED] - elements = findWebElements(findTestObject("Object Repository/Olusturma/Genel/Olusturma/TabloBasliklari"), 10): Found 16 web elements with id: 'Object Repository/Olusturma/Genel/Olusturma/TabloBasliklari' located by 'By.cssSelector: div#divmalhizmet .dxgvTable_LECustomTheme td.dxgvHeader_LECustomTheme tr>td:nth-child(1)' in '10' second(s)

2021-11-19 16:50:47 - [MESSAGE][INFO] - Finding Test Object 'Object Repository/Olusturma/Genel/Olusturma/TabloBasliklari'

2021-11-19 16:50:47 - [MESSAGE][INFO] - Checking timeout

2021-11-19 16:50:47 - [MESSAGE][INFO] - Finding web element with id: 'Object Repository/Olusturma/Genel/Olusturma/TabloBasliklari' located by 'By.cssSelector: div#divmalhizmet .dxgvTable_LECustomTheme td.dxgvHeader_LECustomTheme tr>td:nth-child(1)' in '10' second(s)

2021-11-19 16:50:47 - [MESSAGE][INFO] - Smart Wait Function is triggered

2021-11-19 16:50:48 - [MESSAGE][INFO] - Found 16 web elements with id: 'Object Repository/Olusturma/Genel/Olusturma/TabloBasliklari' located by 'By.cssSelector: div#divmalhizmet .dxgvTable_LECustomTheme td.dxgvHeader_LECustomTheme tr>td:nth-child(1)' in '10' second(s)

2021-11-19 16:50:48 - [TEST_STEP][PASSED] - for (def element : elements): null

2021-11-19 16:50:48 - [TEST_STEP][PASSED] - build().perform(): null

2021-11-19 16:50:48 - [TEST_STEP][PASSED] - if (getText().equals(Baslik)): null

2021-11-19 16:50:48 - [TEST_STEP][PASSED] - build().perform(): null

2021-11-19 16:50:48 - [TEST_STEP][PASSED] - if (getText().equals(Baslik)): null

2021-11-19 16:50:48 - [TEST_STEP][PASSED] - build().perform(): null

2021-11-19 16:50:48 - [TEST_STEP][PASSED] - if (getText().equals(Baslik)): null

2021-11-19 16:50:48 - [TEST_STEP][PASSED] - build().perform(): null

2021-11-19 16:50:48 - [TEST_STEP][PASSED] - if (getText().equals(Baslik)): null

2021-11-19 16:50:48 - [TEST_STEP][PASSED] - build().perform(): null

2021-11-19 16:50:48 - [TEST_STEP][PASSED] - if (getText().equals(Baslik)): null

2021-11-19 16:50:48 - [TEST_STEP][PASSED] - baslikElement = element.findElement(By.xpath("../../../..")): Smart Wait Function is triggered

2021-11-19 16:50:48 - [MESSAGE][INFO] - Smart Wait Function is triggered

2021-11-19 16:50:49 - [TEST_STEP][PASSED] - attr = baslikElement.getAttribute("id"): null

2021-11-19 16:50:49 - [TEST_STEP][PASSED] - println("girdi ve idsini aldı = " + attr): null

2021-11-19 16:50:49 - [TEST_STEP][PASSED] - break: null

2021-11-19 16:50:49 - [TEST_STEP][PASSED] - countElement = baslikElement.findElements(By.xpath("../td")): Smart Wait Function is triggered

2021-11-19 16:50:49 - [MESSAGE][INFO] - Smart Wait Function is triggered

2021-11-19 16:50:49 - [TEST_STEP][PASSED] - for (def element : countElement): null

2021-11-19 16:50:49 - [TEST_STEP][PASSED] - if (toString().equals(attr.toString())): null

2021-11-19 16:50:49 - [TEST_STEP][PASSED] - (a++): null

2021-11-19 16:50:49 - [TEST_STEP][PASSED] - if (toString().equals(attr.toString())): null

2021-11-19 16:50:49 - [TEST_STEP][PASSED] - (a++): null

2021-11-19 16:50:49 - [TEST_STEP][PASSED] - if (toString().equals(attr.toString())): null

2021-11-19 16:50:49 - [TEST_STEP][PASSED] - (a++): null

2021-11-19 16:50:49 - [TEST_STEP][PASSED] - if (toString().equals(attr.toString())): null

2021-11-19 16:50:49 - [TEST_STEP][PASSED] - (a++): null

2021-11-19 16:50:49 - [TEST_STEP][PASSED] - if (toString().equals(attr.toString())): null

2021-11-19 16:50:49 - [TEST_STEP][PASSED] - (a++): null

2021-11-19 16:50:49 - [TEST_STEP][PASSED] - if (toString().equals(attr.toString())): null

2021-11-19 16:50:49 - [TEST_STEP][PASSED] - break: null

2021-11-19 16:50:49 - [TEST_STEP][PASSED] - son = findWebElement(findTestObject("Object Repository/Olusturma/Genel/Olusturma/EklenenSatir")).findElement(By.xpath("td[@class='dxgvInlineEditCell_LECustomTheme dxgv'][" + a + "]//td[@class='dxic']/input")): Smart Wait Function is triggered

2021-11-19 16:50:49 - [MESSAGE][INFO] - Finding Test Object 'Object Repository/Olusturma/Genel/Olusturma/EklenenSatir'

2021-11-19 16:50:49 - [MESSAGE][INFO] - Finding web element from Test Object's properties

2021-11-19 16:50:49 - [MESSAGE][INFO] - Checking timeout

2021-11-19 16:50:49 - [MESSAGE][INFO] - Finding web element with id: 'Object Repository/Olusturma/Genel/Olusturma/EklenenSatir' located by 'By.cssSelector: #divmalhizmet .dxgvInlineEditRow_LECustomTheme' in '30' second(s)

2021-11-19 16:50:49 - [MESSAGE][INFO] - Smart Wait Function is triggered

2021-11-19 16:50:49 - [MESSAGE][INFO] - Found 1 web elements with id: 'Object Repository/Olusturma/Genel/Olusturma/EklenenSatir' located by 'By.cssSelector: #divmalhizmet .dxgvInlineEditRow_LECustomTheme' in '30' second(s)

2021-11-19 16:50:49 - [MESSAGE][INFO] - Smart Wait Function is triggered

2021-11-19 16:50:50 - [TEST_STEP][PASSED] - if (!(getAttribute("value").contains("Vkn"))): null

2021-11-19 16:50:50 - [TEST_STEP][PASSED] - else: null

2021-11-19 16:50:50 - [TEST_STEP][PASSED] - son.click(): null

2021-11-19 16:50:50 - [TEST_STEP][PASSED] - son.sendKeys(Deger): null

2021-11-19 16:50:50 - [MESSAGE][PASSED] - Call Test Case 'Test Cases/Olusturma/Genel/Olusturma' successfully

2021-11-19 16:50:50 - [MESSAGE][INFO] - Checking called Test Case

2021-11-19 16:50:50 - [MESSAGE][INFO] - Starting to call Test Case 'Test Cases/Olusturma/Genel/Olusturma'

2021-11-19 16:50:50 - [TEST_CASE][PASSED] - Test Cases/Olusturma/Genel/Olusturma: Test Cases/Olusturma/Genel/Olusturma

2021-11-19 16:50:50 - [TEST_STEP][PASSED] - driver = getWebDriver(): null

2021-11-19 16:50:50 - [TEST_STEP][PASSED] - action = new org.openqa.selenium.interactions.Actions(driver): null

2021-11-19 16:50:50 - [TEST_STEP][PASSED] - baslikElement = <not implemented yet for class: org.codehaus.groovy.ast.expr.EmptyExpression>: null

2021-11-19 16:50:50 - [TEST_STEP][PASSED] - sonElement = <not implemented yet for class: org.codehaus.groovy.ast.expr.EmptyExpression>: null

2021-11-19 16:50:50 - [TEST_STEP][PASSED] - attr = <not implemented yet for class: org.codehaus.groovy.ast.expr.EmptyExpression>: null

2021-11-19 16:50:50 - [TEST_STEP][PASSED] - a = 0: null

2021-11-19 16:50:50 - [TEST_STEP][PASSED] - elements = findWebElements(findTestObject("Object Repository/Olusturma/Genel/Olusturma/TabloBasliklari"), 10): Found 16 web elements with id: 'Object Repository/Olusturma/Genel/Olusturma/TabloBasliklari' located by 'By.cssSelector: div#divmalhizmet .dxgvTable_LECustomTheme td.dxgvHeader_LECustomTheme tr>td:nth-child(1)' in '10' second(s)

2021-11-19 16:50:50 - [MESSAGE][INFO] - Finding Test Object 'Object Repository/Olusturma/Genel/Olusturma/TabloBasliklari'

2021-11-19 16:50:50 - [MESSAGE][INFO] - Checking timeout

2021-11-19 16:50:50 - [MESSAGE][INFO] - Finding web element with id: 'Object Repository/Olusturma/Genel/Olusturma/TabloBasliklari' located by 'By.cssSelector: div#divmalhizmet .dxgvTable_LECustomTheme td.dxgvHeader_LECustomTheme tr>td:nth-child(1)' in '10' second(s)

2021-11-19 16:50:50 - [MESSAGE][INFO] - Smart Wait Function is triggered

2021-11-19 16:50:50 - [MESSAGE][INFO] - Found 16 web elements with id: 'Object Repository/Olusturma/Genel/Olusturma/TabloBasliklari' located by 'By.cssSelector: div#divmalhizmet .dxgvTable_LECustomTheme td.dxgvHeader_LECustomTheme tr>td:nth-child(1)' in '10' second(s)

2021-11-19 16:50:50 - [TEST_STEP][PASSED] - for (def element : elements): null

2021-11-19 16:50:50 - [TEST_STEP][PASSED] - build().perform(): null

2021-11-19 16:50:50 - [TEST_STEP][PASSED] - if (getText().equals(Baslik)): null

2021-11-19 16:50:50 - [TEST_STEP][PASSED] - build().perform(): null

2021-11-19 16:50:50 - [TEST_STEP][PASSED] - if (getText().equals(Baslik)): null

2021-11-19 16:50:50 - [TEST_STEP][PASSED] - build().perform(): null

2021-11-19 16:50:51 - [TEST_STEP][PASSED] - if (getText().equals(Baslik)): null

2021-11-19 16:50:51 - [TEST_STEP][PASSED] - build().perform(): null

2021-11-19 16:50:51 - [TEST_STEP][PASSED] - if (getText().equals(Baslik)): null

2021-11-19 16:50:51 - [TEST_STEP][PASSED] - build().perform(): null

2021-11-19 16:50:51 - [TEST_STEP][PASSED] - if (getText().equals(Baslik)): null

2021-11-19 16:50:51 - [TEST_STEP][PASSED] - build().perform(): null

2021-11-19 16:50:51 - [TEST_STEP][PASSED] - if (getText().equals(Baslik)): null

2021-11-19 16:50:51 - [TEST_STEP][PASSED] - baslikElement = element.findElement(By.xpath("../../../..")): Smart Wait Function is triggered

2021-11-19 16:50:51 - [MESSAGE][INFO] - Smart Wait Function is triggered

2021-11-19 16:50:51 - [TEST_STEP][PASSED] - attr = baslikElement.getAttribute("id"): null

2021-11-19 16:50:51 - [TEST_STEP][PASSED] - println("girdi ve idsini aldı = " + attr): null

2021-11-19 16:50:51 - [TEST_STEP][PASSED] - break: null

2021-11-19 16:50:51 - [TEST_STEP][PASSED] - countElement = baslikElement.findElements(By.xpath("../td")): Smart Wait Function is triggered

2021-11-19 16:50:51 - [MESSAGE][INFO] - Smart Wait Function is triggered

2021-11-19 16:50:52 - [TEST_STEP][PASSED] - for (def element : countElement): null

2021-11-19 16:50:52 - [TEST_STEP][PASSED] - if (toString().equals(attr.toString())): null

2021-11-19 16:50:52 - [TEST_STEP][PASSED] - (a++): null

2021-11-19 16:50:52 - [TEST_STEP][PASSED] - if (toString().equals(attr.toString())): null

2021-11-19 16:50:52 - [TEST_STEP][PASSED] - (a++): null

2021-11-19 16:50:52 - [TEST_STEP][PASSED] - if (toString().equals(attr.toString())): null

2021-11-19 16:50:52 - [TEST_STEP][PASSED] - (a++): null

2021-11-19 16:50:52 - [TEST_STEP][PASSED] - if (toString().equals(attr.toString())): null

2021-11-19 16:50:52 - [TEST_STEP][PASSED] - (a++): null

2021-11-19 16:50:52 - [TEST_STEP][PASSED] - if (toString().equals(attr.toString())): null

2021-11-19 16:50:52 - [TEST_STEP][PASSED] - (a++): null

2021-11-19 16:50:52 - [TEST_STEP][PASSED] - if (toString().equals(attr.toString())): null

2021-11-19 16:50:52 - [TEST_STEP][PASSED] - (a++): null

2021-11-19 16:50:52 - [TEST_STEP][PASSED] - if (toString().equals(attr.toString())): null

2021-11-19 16:50:52 - [TEST_STEP][PASSED] - break: null

2021-11-19 16:50:52 - [TEST_STEP][PASSED] - son = findWebElement(findTestObject("Object Repository/Olusturma/Genel/Olusturma/EklenenSatir")).findElement(By.xpath("td[@class='dxgvInlineEditCell_LECustomTheme dxgv'][" + a + "]//td[@class='dxic']/input")): Smart Wait Function is triggered

2021-11-19 16:50:52 - [MESSAGE][INFO] - Finding Test Object 'Object Repository/Olusturma/Genel/Olusturma/EklenenSatir'

2021-11-19 16:50:52 - [MESSAGE][INFO] - Finding web element from Test Object's properties

2021-11-19 16:50:52 - [MESSAGE][INFO] - Checking timeout

2021-11-19 16:50:52 - [MESSAGE][INFO] - Finding web element with id: 'Object Repository/Olusturma/Genel/Olusturma/EklenenSatir' located by 'By.cssSelector: #divmalhizmet .dxgvInlineEditRow_LECustomTheme' in '30' second(s)

2021-11-19 16:50:52 - [MESSAGE][INFO] - Smart Wait Function is triggered

2021-11-19 16:50:52 - [MESSAGE][INFO] - Found 1 web elements with id: 'Object Repository/Olusturma/Genel/Olusturma/EklenenSatir' located by 'By.cssSelector: #divmalhizmet .dxgvInlineEditRow_LECustomTheme' in '30' second(s)

2021-11-19 16:50:52 - [MESSAGE][INFO] - Smart Wait Function is triggered

2021-11-19 16:50:52 - [TEST_STEP][PASSED] - if (!(getAttribute("value").contains("Vkn"))): null

2021-11-19 16:50:52 - [TEST_STEP][PASSED] - son.clear(): null

2021-11-19 16:50:52 - [TEST_STEP][PASSED] - son.sendKeys(Deger): null

2021-11-19 16:50:53 - [MESSAGE][PASSED] - Call Test Case 'Test Cases/Olusturma/Genel/Olusturma' successfully

2021-11-19 16:50:53 - [MESSAGE][INFO] - Checking called Test Case

2021-11-19 16:50:53 - [MESSAGE][INFO] - Starting to call Test Case 'Test Cases/Olusturma/Genel/Olusturma'

2021-11-19 16:50:53 - [TEST_CASE][PASSED] - Test Cases/Olusturma/Genel/Olusturma: Test Cases/Olusturma/Genel/Olusturma

2021-11-19 16:50:53 - [TEST_STEP][PASSED] - driver = getWebDriver(): null

2021-11-19 16:50:53 - [TEST_STEP][PASSED] - action = new org.openqa.selenium.interactions.Actions(driver): null

2021-11-19 16:50:53 - [TEST_STEP][PASSED] - baslikElement = <not implemented yet for class: org.codehaus.groovy.ast.expr.EmptyExpression>: null

2021-11-19 16:50:53 - [TEST_STEP][PASSED] - sonElement = <not implemented yet for class: org.codehaus.groovy.ast.expr.EmptyExpression>: null

2021-11-19 16:50:53 - [TEST_STEP][PASSED] - attr = <not implemented yet for class: org.codehaus.groovy.ast.expr.EmptyExpression>: null

2021-11-19 16:50:53 - [TEST_STEP][PASSED] - a = 0: null

2021-11-19 16:50:53 - [TEST_STEP][PASSED] - elements = findWebElements(findTestObject("Object Repository/Olusturma/Genel/Olusturma/TabloBasliklari"), 10): Found 16 web elements with id: 'Object Repository/Olusturma/Genel/Olusturma/TabloBasliklari' located by 'By.cssSelector: div#divmalhizmet .dxgvTable_LECustomTheme td.dxgvHeader_LECustomTheme tr>td:nth-child(1)' in '10' second(s)

2021-11-19 16:50:53 - [MESSAGE][INFO] - Finding Test Object 'Object Repository/Olusturma/Genel/Olusturma/TabloBasliklari'

2021-11-19 16:50:53 - [MESSAGE][INFO] - Checking timeout

2021-11-19 16:50:53 - [MESSAGE][INFO] - Finding web element with id: 'Object Repository/Olusturma/Genel/Olusturma/TabloBasliklari' located by 'By.cssSelector: div#divmalhizmet .dxgvTable_LECustomTheme td.dxgvHeader_LECustomTheme tr>td:nth-child(1)' in '10' second(s)

2021-11-19 16:50:53 - [MESSAGE][INFO] - Smart Wait Function is triggered

2021-11-19 16:50:53 - [MESSAGE][INFO] - Found 16 web elements with id: 'Object Repository/Olusturma/Genel/Olusturma/TabloBasliklari' located by 'By.cssSelector: div#divmalhizmet .dxgvTable_LECustomTheme td.dxgvHeader_LECustomTheme tr>td:nth-child(1)' in '10' second(s)

2021-11-19 16:50:53 - [TEST_STEP][PASSED] - for (def element : elements): null

2021-11-19 16:50:53 - [TEST_STEP][PASSED] - build().perform(): null

2021-11-19 16:50:53 - [TEST_STEP][PASSED] - if (getText().equals(Baslik)): null

2021-11-19 16:50:53 - [TEST_STEP][PASSED] - build().perform(): null

2021-11-19 16:50:53 - [TEST_STEP][PASSED] - if (getText().equals(Baslik)): null

2021-11-19 16:50:53 - [TEST_STEP][PASSED] - build().perform(): null

2021-11-19 16:50:53 - [TEST_STEP][PASSED] - if (getText().equals(Baslik)): null

2021-11-19 16:50:53 - [TEST_STEP][PASSED] - build().perform(): null

2021-11-19 16:50:54 - [TEST_STEP][PASSED] - if (getText().equals(Baslik)): null

2021-11-19 16:50:54 - [TEST_STEP][PASSED] - build().perform(): null

2021-11-19 16:50:54 - [TEST_STEP][PASSED] - if (getText().equals(Baslik)): null

2021-11-19 16:50:54 - [TEST_STEP][PASSED] - build().perform(): null

2021-11-19 16:50:54 - [TEST_STEP][PASSED] - if (getText().equals(Baslik)): null

2021-11-19 16:50:54 - [TEST_STEP][PASSED] - build().perform(): null

2021-11-19 16:50:54 - [TEST_STEP][PASSED] - if (getText().equals(Baslik)): null

2021-11-19 16:50:54 - [TEST_STEP][PASSED] - baslikElement = element.findElement(By.xpath("../../../..")): Smart Wait Function is triggered

2021-11-19 16:50:54 - [MESSAGE][INFO] - Smart Wait Function is triggered

2021-11-19 16:50:54 - [TEST_STEP][PASSED] - attr = baslikElement.getAttribute("id"): null

2021-11-19 16:50:54 - [TEST_STEP][PASSED] - println("girdi ve idsini aldı = " + attr): null

2021-11-19 16:50:54 - [TEST_STEP][PASSED] - break: null

2021-11-19 16:50:54 - [TEST_STEP][PASSED] - countElement = baslikElement.findElements(By.xpath("../td")): Smart Wait Function is triggered

2021-11-19 16:50:54 - [MESSAGE][INFO] - Smart Wait Function is triggered

2021-11-19 16:50:55 - [TEST_STEP][PASSED] - for (def element : countElement): null

2021-11-19 16:50:55 - [TEST_STEP][PASSED] - if (toString().equals(attr.toString())): null

2021-11-19 16:50:55 - [TEST_STEP][PASSED] - (a++): null

2021-11-19 16:50:55 - [TEST_STEP][PASSED] - if (toString().equals(attr.toString())): null

2021-11-19 16:50:55 - [TEST_STEP][PASSED] - (a++): null

2021-11-19 16:50:55 - [TEST_STEP][PASSED] - if (toString().equals(attr.toString())): null

2021-11-19 16:50:55 - [TEST_STEP][PASSED] - (a++): null

2021-11-19 16:50:55 - [TEST_STEP][PASSED] - if (toString().equals(attr.toString())): null

2021-11-19 16:50:55 - [TEST_STEP][PASSED] - (a++): null

2021-11-19 16:50:55 - [TEST_STEP][PASSED] - if (toString().equals(attr.toString())): null

2021-11-19 16:50:55 - [TEST_STEP][PASSED] - (a++): null

2021-11-19 16:50:55 - [TEST_STEP][PASSED] - if (toString().equals(attr.toString())): null

2021-11-19 16:50:55 - [TEST_STEP][PASSED] - (a++): null

2021-11-19 16:50:55 - [TEST_STEP][PASSED] - if (toString().equals(attr.toString())): null

2021-11-19 16:50:55 - [TEST_STEP][PASSED] - (a++): null

2021-11-19 16:50:55 - [TEST_STEP][PASSED] - if (toString().equals(attr.toString())): null

2021-11-19 16:50:55 - [TEST_STEP][PASSED] - break: null

2021-11-19 16:50:55 - [TEST_STEP][PASSED] - son = findWebElement(findTestObject("Object Repository/Olusturma/Genel/Olusturma/EklenenSatir")).findElement(By.xpath("td[@class='dxgvInlineEditCell_LECustomTheme dxgv'][" + a + "]//td[@class='dxic']/input")): Smart Wait Function is triggered

2021-11-19 16:50:55 - [MESSAGE][INFO] - Finding Test Object 'Object Repository/Olusturma/Genel/Olusturma/EklenenSatir'

2021-11-19 16:50:55 - [MESSAGE][INFO] - Finding web element from Test Object's properties

2021-11-19 16:50:55 - [MESSAGE][INFO] - Checking timeout

2021-11-19 16:50:55 - [MESSAGE][INFO] - Finding web element with id: 'Object Repository/Olusturma/Genel/Olusturma/EklenenSatir' located by 'By.cssSelector: #divmalhizmet .dxgvInlineEditRow_LECustomTheme' in '30' second(s)

2021-11-19 16:50:55 - [MESSAGE][INFO] - Smart Wait Function is triggered

2021-11-19 16:50:55 - [MESSAGE][INFO] - Found 1 web elements with id: 'Object Repository/Olusturma/Genel/Olusturma/EklenenSatir' located by 'By.cssSelector: #divmalhizmet .dxgvInlineEditRow_LECustomTheme' in '30' second(s)

2021-11-19 16:50:55 - [MESSAGE][INFO] - Smart Wait Function is triggered

2021-11-19 16:50:55 - [TEST_STEP][PASSED] - if (!(getAttribute("value").contains("Vkn"))): null

2021-11-19 16:50:55 - [TEST_STEP][PASSED] - son.clear(): null

2021-11-19 16:50:56 - [TEST_STEP][PASSED] - son.sendKeys(Deger): null

2021-11-19 16:50:56 - [MESSAGE][PASSED] - Call Test Case 'Test Cases/Olusturma/Genel/Olusturma' successfully

2021-11-19 16:50:56 - [MESSAGE][INFO] - Checking called Test Case

2021-11-19 16:50:56 - [MESSAGE][INFO] - Starting to call Test Case 'Test Cases/Olusturma/Genel/Olusturma'

2021-11-19 16:50:56 - [TEST_CASE][PASSED] - Test Cases/Olusturma/Genel/Olusturma: Test Cases/Olusturma/Genel/Olusturma

2021-11-19 16:50:56 - [TEST_STEP][PASSED] - driver = getWebDriver(): null

2021-11-19 16:50:56 - [TEST_STEP][PASSED] - action = new org.openqa.selenium.interactions.Actions(driver): null

2021-11-19 16:50:56 - [TEST_STEP][PASSED] - baslikElement = <not implemented yet for class: org.codehaus.groovy.ast.expr.EmptyExpression>: null

2021-11-19 16:50:56 - [TEST_STEP][PASSED] - sonElement = <not implemented yet for class: org.codehaus.groovy.ast.expr.EmptyExpression>: null

2021-11-19 16:50:56 - [TEST_STEP][PASSED] - attr = <not implemented yet for class: org.codehaus.groovy.ast.expr.EmptyExpression>: null

2021-11-19 16:50:56 - [TEST_STEP][PASSED] - a = 0: null

2021-11-19 16:50:56 - [TEST_STEP][PASSED] - elements = findWebElements(findTestObject("Object Repository/Olusturma/Genel/Olusturma/TabloBasliklari"), 10): Found 16 web elements with id: 'Object Repository/Olusturma/Genel/Olusturma/TabloBasliklari' located by 'By.cssSelector: div#divmalhizmet .dxgvTable_LECustomTheme td.dxgvHeader_LECustomTheme tr>td:nth-child(1)' in '10' second(s)

2021-11-19 16:50:56 - [MESSAGE][INFO] - Finding Test Object 'Object Repository/Olusturma/Genel/Olusturma/TabloBasliklari'

2021-11-19 16:50:56 - [MESSAGE][INFO] - Checking timeout

2021-11-19 16:50:56 - [MESSAGE][INFO] - Finding web element with id: 'Object Repository/Olusturma/Genel/Olusturma/TabloBasliklari' located by 'By.cssSelector: div#divmalhizmet .dxgvTable_LECustomTheme td.dxgvHeader_LECustomTheme tr>td:nth-child(1)' in '10' second(s)

2021-11-19 16:50:56 - [MESSAGE][INFO] - Smart Wait Function is triggered

2021-11-19 16:50:56 - [MESSAGE][INFO] - Found 16 web elements with id: 'Object Repository/Olusturma/Genel/Olusturma/TabloBasliklari' located by 'By.cssSelector: div#divmalhizmet .dxgvTable_LECustomTheme td.dxgvHeader_LECustomTheme tr>td:nth-child(1)' in '10' second(s)

2021-11-19 16:50:56 - [TEST_STEP][PASSED] - for (def element : elements): null

2021-11-19 16:50:56 - [TEST_STEP][PASSED] - build().perform(): null

2021-11-19 16:50:56 - [TEST_STEP][PASSED] - if (getText().equals(Baslik)): null

2021-11-19 16:50:56 - [TEST_STEP][PASSED] - build().perform(): null

2021-11-19 16:50:56 - [TEST_STEP][PASSED] - if (getText().equals(Baslik)): null

2021-11-19 16:50:56 - [TEST_STEP][PASSED] - build().perform(): null

2021-11-19 16:50:57 - [TEST_STEP][PASSED] - if (getText().equals(Baslik)): null

2021-11-19 16:50:57 - [TEST_STEP][PASSED] - build().perform(): null

2021-11-19 16:50:57 - [TEST_STEP][PASSED] - if (getText().equals(Baslik)): null

2021-11-19 16:50:57 - [TEST_STEP][PASSED] - build().perform(): null

2021-11-19 16:50:57 - [TEST_STEP][PASSED] - if (getText().equals(Baslik)): null

2021-11-19 16:50:57 - [TEST_STEP][PASSED] - build().perform(): null

2021-11-19 16:50:57 - [TEST_STEP][PASSED] - if (getText().equals(Baslik)): null

2021-11-19 16:50:57 - [TEST_STEP][PASSED] - build().perform(): null

2021-11-19 16:50:57 - [TEST_STEP][PASSED] - if (getText().equals(Baslik)): null

2021-11-19 16:50:57 - [TEST_STEP][PASSED] - build().perform(): null

2021-11-19 16:50:57 - [TEST_STEP][PASSED] - if (getText().equals(Baslik)): null

2021-11-19 16:50:57 - [TEST_STEP][PASSED] - build().perform(): null

2021-11-19 16:50:57 - [TEST_STEP][PASSED] - if (getText().equals(Baslik)): null

2021-11-19 16:50:57 - [TEST_STEP][PASSED] - baslikElement = element.findElement(By.xpath("../../../..")): Smart Wait Function is triggered

2021-11-19 16:50:57 - [MESSAGE][INFO] - Smart Wait Function is triggered

2021-11-19 16:50:58 - [TEST_STEP][PASSED] - attr = baslikElement.getAttribute("id"): null

2021-11-19 16:50:58 - [TEST_STEP][PASSED] - println("girdi ve idsini aldı = " + attr): null

2021-11-19 16:50:58 - [TEST_STEP][PASSED] - break: null

2021-11-19 16:50:58 - [TEST_STEP][PASSED] - countElement = baslikElement.findElements(By.xpath("../td")): Smart Wait Function is triggered

2021-11-19 16:50:58 - [MESSAGE][INFO] - Smart Wait Function is triggered

2021-11-19 16:50:58 - [TEST_STEP][PASSED] - for (def element : countElement): null

2021-11-19 16:50:58 - [TEST_STEP][PASSED] - if (toString().equals(attr.toString())): null

2021-11-19 16:50:58 - [TEST_STEP][PASSED] - (a++): null

2021-11-19 16:50:58 - [TEST_STEP][PASSED] - if (toString().equals(attr.toString())): null

2021-11-19 16:50:58 - [TEST_STEP][PASSED] - (a++): null

2021-11-19 16:50:58 - [TEST_STEP][PASSED] - if (toString().equals(attr.toString())): null

2021-11-19 16:50:58 - [TEST_STEP][PASSED] - (a++): null

2021-11-19 16:50:58 - [TEST_STEP][PASSED] - if (toString().equals(attr.toString())): null

2021-11-19 16:50:58 - [TEST_STEP][PASSED] - (a++): null

2021-11-19 16:50:58 - [TEST_STEP][PASSED] - if (toString().equals(attr.toString())): null

2021-11-19 16:50:58 - [TEST_STEP][PASSED] - (a++): null

2021-11-19 16:50:58 - [TEST_STEP][PASSED] - if (toString().equals(attr.toString())): null

2021-11-19 16:50:58 - [TEST_STEP][PASSED] - (a++): null

2021-11-19 16:50:58 - [TEST_STEP][PASSED] - if (toString().equals(attr.toString())): null

2021-11-19 16:50:58 - [TEST_STEP][PASSED] - (a++): null

2021-11-19 16:50:58 - [TEST_STEP][PASSED] - if (toString().equals(attr.toString())): null

2021-11-19 16:50:58 - [TEST_STEP][PASSED] - (a++): null

2021-11-19 16:50:58 - [TEST_STEP][PASSED] - if (toString().equals(attr.toString())): null

2021-11-19 16:50:58 - [TEST_STEP][PASSED] - (a++): null

2021-11-19 16:50:58 - [TEST_STEP][PASSED] - if (toString().equals(attr.toString())): null

2021-11-19 16:50:58 - [TEST_STEP][PASSED] - break: null

2021-11-19 16:50:58 - [TEST_STEP][PASSED] - son = findWebElement(findTestObject("Object Repository/Olusturma/Genel/Olusturma/EklenenSatir")).findElement(By.xpath("td[@class='dxgvInlineEditCell_LECustomTheme dxgv'][" + a + "]//td[@class='dxic']/input")): Smart Wait Function is triggered

2021-11-19 16:50:58 - [MESSAGE][INFO] - Finding Test Object 'Object Repository/Olusturma/Genel/Olusturma/EklenenSatir'

2021-11-19 16:50:58 - [MESSAGE][INFO] - Finding web element from Test Object's properties

2021-11-19 16:50:58 - [MESSAGE][INFO] - Checking timeout

2021-11-19 16:50:58 - [MESSAGE][INFO] - Finding web element with id: 'Object Repository/Olusturma/Genel/Olusturma/EklenenSatir' located by 'By.cssSelector: #divmalhizmet .dxgvInlineEditRow_LECustomTheme' in '30' second(s)

2021-11-19 16:50:58 - [MESSAGE][INFO] - Smart Wait Function is triggered

2021-11-19 16:50:59 - [MESSAGE][INFO] - Found 1 web elements with id: 'Object Repository/Olusturma/Genel/Olusturma/EklenenSatir' located by 'By.cssSelector: #divmalhizmet .dxgvInlineEditRow_LECustomTheme' in '30' second(s)

2021-11-19 16:50:59 - [MESSAGE][INFO] - Smart Wait Function is triggered

2021-11-19 16:50:59 - [TEST_STEP][PASSED] - if (!(getAttribute("value").contains("Vkn"))): null

2021-11-19 16:50:59 - [TEST_STEP][PASSED] - son.clear(): null

2021-11-19 16:50:59 - [TEST_STEP][PASSED] - son.sendKeys(Deger): null

2021-11-19 16:50:59 - [MESSAGE][PASSED] - Call Test Case 'Test Cases/Olusturma/Genel/Olusturma' successfully

2021-11-19 16:50:59 - [MESSAGE][INFO] - Checking called Test Case

2021-11-19 16:50:59 - [MESSAGE][INFO] - Starting to call Test Case 'Test Cases/Olusturma/Genel/Olusturma'

2021-11-19 16:50:59 - [TEST_CASE][PASSED] - Test Cases/Olusturma/Genel/Olusturma: Test Cases/Olusturma/Genel/Olusturma

2021-11-19 16:50:59 - [TEST_STEP][PASSED] - driver = getWebDriver(): null

2021-11-19 16:50:59 - [TEST_STEP][PASSED] - action = new org.openqa.selenium.interactions.Actions(driver): null

2021-11-19 16:50:59 - [TEST_STEP][PASSED] - baslikElement = <not implemented yet for class: org.codehaus.groovy.ast.expr.EmptyExpression>: null

2021-11-19 16:50:59 - [TEST_STEP][PASSED] - sonElement = <not implemented yet for class: org.codehaus.groovy.ast.expr.EmptyExpression>: null

2021-11-19 16:50:59 - [TEST_STEP][PASSED] - attr = <not implemented yet for class: org.codehaus.groovy.ast.expr.EmptyExpression>: null

2021-11-19 16:50:59 - [TEST_STEP][PASSED] - a = 0: null

2021-11-19 16:50:59 - [TEST_STEP][PASSED] - elements = findWebElements(findTestObject("Object Repository/Olusturma/Genel/Olusturma/TabloBasliklari"), 10): Found 16 web elements with id: 'Object Repository/Olusturma/Genel/Olusturma/TabloBasliklari' located by 'By.cssSelector: div#divmalhizmet .dxgvTable_LECustomTheme td.dxgvHeader_LECustomTheme tr>td:nth-child(1)' in '10' second(s)

2021-11-19 16:50:59 - [MESSAGE][INFO] - Finding Test Object 'Object Repository/Olusturma/Genel/Olusturma/TabloBasliklari'

2021-11-19 16:50:59 - [MESSAGE][INFO] - Checking timeout

2021-11-19 16:50:59 - [MESSAGE][INFO] - Finding web element with id: 'Object Repository/Olusturma/Genel/Olusturma/TabloBasliklari' located by 'By.cssSelector: div#divmalhizmet .dxgvTable_LECustomTheme td.dxgvHeader_LECustomTheme tr>td:nth-child(1)' in '10' second(s)

2021-11-19 16:50:59 - [MESSAGE][INFO] - Smart Wait Function is triggered

2021-11-19 16:51:00 - [MESSAGE][INFO] - Found 16 web elements with id: 'Object Repository/Olusturma/Genel/Olusturma/TabloBasliklari' located by 'By.cssSelector: div#divmalhizmet .dxgvTable_LECustomTheme td.dxgvHeader_LECustomTheme tr>td:nth-child(1)' in '10' second(s)

2021-11-19 16:51:00 - [TEST_STEP][PASSED] - for (def element : elements): null

2021-11-19 16:51:00 - [TEST_STEP][PASSED] - build().perform(): null

2021-11-19 16:51:00 - [TEST_STEP][PASSED] - if (getText().equals(Baslik)): null

2021-11-19 16:51:00 - [TEST_STEP][PASSED] - build().perform(): null

2021-11-19 16:51:00 - [TEST_STEP][PASSED] - if (getText().equals(Baslik)): null

2021-11-19 16:51:00 - [TEST_STEP][PASSED] - build().perform(): null

2021-11-19 16:51:00 - [TEST_STEP][PASSED] - if (getText().equals(Baslik)): null

2021-11-19 16:51:00 - [TEST_STEP][PASSED] - build().perform(): null

2021-11-19 16:51:00 - [TEST_STEP][PASSED] - if (getText().equals(Baslik)): null

2021-11-19 16:51:00 - [TEST_STEP][PASSED] - build().perform(): null

2021-11-19 16:51:00 - [TEST_STEP][PASSED] - if (getText().equals(Baslik)): null

2021-11-19 16:51:00 - [TEST_STEP][PASSED] - build().perform(): null

2021-11-19 16:51:01 - [TEST_STEP][PASSED] - if (getText().equals(Baslik)): null

2021-11-19 16:51:01 - [TEST_STEP][PASSED] - build().perform(): null

2021-11-19 16:51:01 - [TEST_STEP][PASSED] - if (getText().equals(Baslik)): null

2021-11-19 16:51:01 - [TEST_STEP][PASSED] - build().perform(): null

2021-11-19 16:51:01 - [TEST_STEP][PASSED] - if (getText().equals(Baslik)): null

2021-11-19 16:51:01 - [TEST_STEP][PASSED] - build().perform(): null

2021-11-19 16:51:01 - [TEST_STEP][PASSED] - if (getText().equals(Baslik)): null

2021-11-19 16:51:01 - [TEST_STEP][PASSED] - build().perform(): null

2021-11-19 16:51:01 - [TEST_STEP][PASSED] - if (getText().equals(Baslik)): null

2021-11-19 16:51:01 - [TEST_STEP][PASSED] - baslikElement = element.findElement(By.xpath("../../../..")): Smart Wait Function is triggered

2021-11-19 16:51:01 - [MESSAGE][INFO] - Smart Wait Function is triggered

2021-11-19 16:51:01 - [TEST_STEP][PASSED] - attr = baslikElement.getAttribute("id"): null

2021-11-19 16:51:01 - [TEST_STEP][PASSED] - println("girdi ve idsini aldı = " + attr): null

2021-11-19 16:51:01 - [TEST_STEP][PASSED] - break: null

2021-11-19 16:51:01 - [TEST_STEP][PASSED] - countElement = baslikElement.findElements(By.xpath("../td")): Smart Wait Function is triggered

2021-11-19 16:51:01 - [MESSAGE][INFO] - Smart Wait Function is triggered

2021-11-19 16:51:02 - [TEST_STEP][PASSED] - for (def element : countElement): null

2021-11-19 16:51:02 - [TEST_STEP][PASSED] - if (toString().equals(attr.toString())): null

2021-11-19 16:51:02 - [TEST_STEP][PASSED] - (a++): null

2021-11-19 16:51:02 - [TEST_STEP][PASSED] - if (toString().equals(attr.toString())): null

2021-11-19 16:51:02 - [TEST_STEP][PASSED] - (a++): null

2021-11-19 16:51:02 - [TEST_STEP][PASSED] - if (toString().equals(attr.toString())): null

2021-11-19 16:51:02 - [TEST_STEP][PASSED] - (a++): null

2021-11-19 16:51:02 - [TEST_STEP][PASSED] - if (toString().equals(attr.toString())): null

2021-11-19 16:51:02 - [TEST_STEP][PASSED] - (a++): null

2021-11-19 16:51:02 - [TEST_STEP][PASSED] - if (toString().equals(attr.toString())): null

2021-11-19 16:51:02 - [TEST_STEP][PASSED] - (a++): null

2021-11-19 16:51:02 - [TEST_STEP][PASSED] - if (toString().equals(attr.toString())): null

2021-11-19 16:51:02 - [TEST_STEP][PASSED] - (a++): null

2021-11-19 16:51:02 - [TEST_STEP][PASSED] - if (toString().equals(attr.toString())): null

2021-11-19 16:51:02 - [TEST_STEP][PASSED] - (a++): null

2021-11-19 16:51:02 - [TEST_STEP][PASSED] - if (toString().equals(attr.toString())): null

2021-11-19 16:51:02 - [TEST_STEP][PASSED] - (a++): null

2021-11-19 16:51:02 - [TEST_STEP][PASSED] - if (toString().equals(attr.toString())): null

2021-11-19 16:51:02 - [TEST_STEP][PASSED] - (a++): null

2021-11-19 16:51:02 - [TEST_STEP][PASSED] - if (toString().equals(attr.toString())): null

2021-11-19 16:51:02 - [TEST_STEP][PASSED] - (a++): null

2021-11-19 16:51:02 - [TEST_STEP][PASSED] - if (toString().equals(attr.toString())): null

2021-11-19 16:51:02 - [TEST_STEP][PASSED] - break: null

2021-11-19 16:51:02 - [TEST_STEP][PASSED] - son = findWebElement(findTestObject("Object Repository/Olusturma/Genel/Olusturma/EklenenSatir")).findElement(By.xpath("td[@class='dxgvInlineEditCell_LECustomTheme dxgv'][" + a + "]//td[@class='dxic']/input")): Smart Wait Function is triggered

2021-11-19 16:51:02 - [MESSAGE][INFO] - Finding Test Object 'Object Repository/Olusturma/Genel/Olusturma/EklenenSatir'

2021-11-19 16:51:02 - [MESSAGE][INFO] - Finding web element from Test Object's properties

2021-11-19 16:51:02 - [MESSAGE][INFO] - Checking timeout

2021-11-19 16:51:02 - [MESSAGE][INFO] - Finding web element with id: 'Object Repository/Olusturma/Genel/Olusturma/EklenenSatir' located by 'By.cssSelector: #divmalhizmet .dxgvInlineEditRow_LECustomTheme' in '30' second(s)

2021-11-19 16:51:02 - [MESSAGE][INFO] - Smart Wait Function is triggered

2021-11-19 16:51:02 - [MESSAGE][INFO] - Found 1 web elements with id: 'Object Repository/Olusturma/Genel/Olusturma/EklenenSatir' located by 'By.cssSelector: #divmalhizmet .dxgvInlineEditRow_LECustomTheme' in '30' second(s)

2021-11-19 16:51:02 - [MESSAGE][INFO] - Smart Wait Function is triggered

2021-11-19 16:51:03 - [TEST_STEP][PASSED] - if (!(getAttribute("value").contains("Vkn"))): null

2021-11-19 16:51:03 - [TEST_STEP][PASSED] - son.clear(): null

2021-11-19 16:51:03 - [TEST_STEP][PASSED] - son.sendKeys(Deger): null

2021-11-19 16:51:03 - [MESSAGE][PASSED] - Call Test Case 'Test Cases/Olusturma/Genel/Olusturma' successfully

2021-11-19 16:51:03 - [MESSAGE][INFO] - Checking called Test Case

2021-11-19 16:51:03 - [MESSAGE][INFO] - Starting to call Test Case 'Test Cases/Olusturma/Genel/NotGirilir'

2021-11-19 16:51:03 - [TEST_CASE][PASSED] - Test Cases/Olusturma/Genel/NotGirilir: Test Cases/Olusturma/Genel/NotGirilir

2021-11-19 16:51:03 - [TEST_STEP][PASSED] - i = 0: null

2021-11-19 16:51:03 - [TEST_STEP][PASSED] - waitForElementClickable(findTestObject("Olusturma/Genel/Not/Notlar"), 10): Object 'Object Repository/Olusturma/Genel/Not/Notlar' is clickable

2021-11-19 16:51:03 - [MESSAGE][INFO] - Finding Test Object 'Object Repository/Olusturma/Genel/Not/Notlar'

2021-11-19 16:51:03 - [MESSAGE][INFO] - Checking object

2021-11-19 16:51:03 - [MESSAGE][INFO] - Checking timeout

2021-11-19 16:51:03 - [MESSAGE][INFO] - Finding web element from Test Object's properties

2021-11-19 16:51:03 - [MESSAGE][INFO] - Checking timeout

2021-11-19 16:51:03 - [MESSAGE][INFO] - Finding web element with id: 'Object Repository/Olusturma/Genel/Not/Notlar' located by 'By.xpath: //*[@id = 'txtNote_I']' in '10' second(s)

2021-11-19 16:51:03 - [MESSAGE][INFO] - Smart Wait Function is triggered

2021-11-19 16:51:04 - [MESSAGE][INFO] - Found 1 web elements with id: 'Object Repository/Olusturma/Genel/Not/Notlar' located by 'By.xpath: //*[@id = 'txtNote_I']' in '10' second(s)

2021-11-19 16:51:04 - [MESSAGE][PASSED] - Object 'Object Repository/Olusturma/Genel/Not/Notlar' is clickable

2021-11-19 16:51:04 - [TEST_STEP][PASSED] - clearText(findTestObject("Olusturma/Genel/Not/Notlar")): Text of object 'Object Repository/Olusturma/Genel/Not/Notlar' is cleared

2021-11-19 16:51:04 - [MESSAGE][INFO] - Finding Test Object 'Object Repository/Olusturma/Genel/Not/Notlar'

2021-11-19 16:51:04 - [MESSAGE][INFO] - Checking object

2021-11-19 16:51:04 - [MESSAGE][INFO] - Finding web element from Test Object's properties

2021-11-19 16:51:04 - [MESSAGE][INFO] - Checking timeout

2021-11-19 16:51:04 - [MESSAGE][INFO] - Finding web element with id: 'Object Repository/Olusturma/Genel/Not/Notlar' located by 'By.xpath: //*[@id = 'txtNote_I']' in '30' second(s)

2021-11-19 16:51:04 - [MESSAGE][INFO] - Smart Wait Function is triggered

2021-11-19 16:51:04 - [MESSAGE][INFO] - Found 1 web elements with id: 'Object Repository/Olusturma/Genel/Not/Notlar' located by 'By.xpath: //*[@id = 'txtNote_I']' in '30' second(s)

2021-11-19 16:51:04 - [MESSAGE][INFO] - Clearing text of object 'Object Repository/Olusturma/Genel/Not/Notlar'

2021-11-19 16:51:04 - [MESSAGE][PASSED] - Text of object 'Object Repository/Olusturma/Genel/Not/Notlar' is cleared

2021-11-19 16:51:04 - [TEST_STEP][PASSED] - click(findTestObject("Olusturma/Genel/Not/Notlar")): Object: 'Object Repository/Olusturma/Genel/Not/Notlar' is clicked on

2021-11-19 16:51:04 - [MESSAGE][INFO] - Finding Test Object 'Object Repository/Olusturma/Genel/Not/Notlar'

2021-11-19 16:51:04 - [MESSAGE][INFO] - Checking object

2021-11-19 16:51:04 - [MESSAGE][INFO] - Finding web element from Test Object's properties

2021-11-19 16:51:04 - [MESSAGE][INFO] - Checking timeout

2021-11-19 16:51:04 - [MESSAGE][INFO] - Finding web element with id: 'Object Repository/Olusturma/Genel/Not/Notlar' located by 'By.xpath: //*[@id = 'txtNote_I']' in '30' second(s)

2021-11-19 16:51:04 - [MESSAGE][INFO] - Smart Wait Function is triggered

2021-11-19 16:51:04 - [MESSAGE][INFO] - Found 1 web elements with id: 'Object Repository/Olusturma/Genel/Not/Notlar' located by 'By.xpath: //*[@id = 'txtNote_I']' in '30' second(s)

2021-11-19 16:51:04 - [MESSAGE][INFO] - Clicking on object: 'Object Repository/Olusturma/Genel/Not/Notlar'

2021-11-19 16:51:05 - [MESSAGE][PASSED] - Object: 'Object Repository/Olusturma/Genel/Not/Notlar' is clicked on

2021-11-19 16:51:05 - [TEST_STEP][PASSED] - while (true): null

2021-11-19 16:51:05 - [TEST_STEP][PASSED] - delay(1): Delayed 1 second(s)

2021-11-19 16:51:05 - [MESSAGE][INFO] - Delaying browser in 1 second(s)

2021-11-19 16:51:06 - [MESSAGE][PASSED] - Delayed 1 second(s)

2021-11-19 16:51:06 - [TEST_STEP][PASSED] - ajaxIsComplete = executeJavaScript("return jQuery.active == 0", null): Execute JavaScript 'return jQuery.active == 0' successfully

2021-11-19 16:51:06 - [MESSAGE][PASSED] - Execute JavaScript 'return jQuery.active == 0' successfully

2021-11-19 16:51:06 - [TEST_STEP][PASSED] - if (ajaxIsComplete): null

2021-11-19 16:51:06 - [TEST_STEP][PASSED] - if (i > 10): null

2021-11-19 16:51:06 - [TEST_STEP][PASSED] - (i++): null

2021-11-19 16:51:06 - [TEST_STEP][PASSED] - delay(1): Delayed 1 second(s)

2021-11-19 16:51:06 - [MESSAGE][INFO] - Delaying browser in 1 second(s)

2021-11-19 16:51:07 - [MESSAGE][PASSED] - Delayed 1 second(s)

2021-11-19 16:51:07 - [TEST_STEP][PASSED] - ajaxIsComplete = executeJavaScript("return jQuery.active == 0", null): Execute JavaScript 'return jQuery.active == 0' successfully

2021-11-19 16:51:07 - [MESSAGE][PASSED] - Execute JavaScript 'return jQuery.active == 0' successfully

2021-11-19 16:51:07 - [TEST_STEP][PASSED] - if (ajaxIsComplete): null

2021-11-19 16:51:07 - [TEST_STEP][PASSED] - break: null

2021-11-19 16:51:07 - [TEST_STEP][PASSED] - sendKeys(findTestObject("Olusturma/Genel/Not/Notlar"), Not): Keys 'Otomasyon Not' sent to object: 'Object Repository/Olusturma/Genel/Not/Notlar'

2021-11-19 16:51:07 - [MESSAGE][INFO] - Finding Test Object 'Object Repository/Olusturma/Genel/Not/Notlar'

2021-11-19 16:51:07 - [MESSAGE][INFO] - Sending keys 'Otomasyon Not' to object: 'Object Repository/Olusturma/Genel/Not/Notlar'

2021-11-19 16:51:07 - [MESSAGE][INFO] - Finding web element from Test Object's properties

2021-11-19 16:51:07 - [MESSAGE][INFO] - Checking timeout

2021-11-19 16:51:07 - [MESSAGE][INFO] - Finding web element with id: 'Object Repository/Olusturma/Genel/Not/Notlar' located by 'By.xpath: //*[@id = 'txtNote_I']' in '30' second(s)

2021-11-19 16:51:07 - [MESSAGE][INFO] - Smart Wait Function is triggered

2021-11-19 16:51:07 - [MESSAGE][INFO] - Found 1 web elements with id: 'Object Repository/Olusturma/Genel/Not/Notlar' located by 'By.xpath: //*[@id = 'txtNote_I']' in '30' second(s)

2021-11-19 16:51:07 - [MESSAGE][PASSED] - Keys 'Otomasyon Not' sent to object: 'Object Repository/Olusturma/Genel/Not/Notlar'

2021-11-19 16:51:07 - [MESSAGE][PASSED] - Call Test Case 'Test Cases/Olusturma/Genel/NotGirilir' successfully

2021-11-19 16:51:07 - [MESSAGE][INFO] - Checking called Test Case

2021-11-19 16:51:07 - [MESSAGE][INFO] - Starting to call Test Case 'Test Cases/Olusturma/Genel/EttnBilgisiKayitEdilir'

2021-11-19 16:51:07 - [TEST_CASE][PASSED] - Test Cases/Olusturma/Genel/EttnBilgisiKayitEdilir: Test Cases/Olusturma/Genel/EttnBilgisiKayitEdilir

2021-11-19 16:51:07 - [TEST_STEP][PASSED] - verifyElementPresent(findTestObject("Object Repository/Olusturma/Genel/Olusturma/eArsivEttnBilgisi"), 7): Object 'Object Repository/Olusturma/Genel/Olusturma/eArsivEttnBilgisi' is present

2021-11-19 16:51:07 - [MESSAGE][INFO] - Finding Test Object 'Object Repository/Olusturma/Genel/Olusturma/eArsivEttnBilgisi'

2021-11-19 16:51:07 - [MESSAGE][INFO] - Checking object

2021-11-19 16:51:07 - [MESSAGE][INFO] - Finding web element from Test Object's properties

2021-11-19 16:51:07 - [MESSAGE][INFO] - Checking timeout

2021-11-19 16:51:07 - [MESSAGE][INFO] - Finding web element with id: 'Object Repository/Olusturma/Genel/Olusturma/eArsivEttnBilgisi' located by 'By.xpath: //*[@id = 'Uuid_I']' in '7' second(s)

2021-11-19 16:51:07 - [MESSAGE][INFO] - Smart Wait Function is triggered

2021-11-19 16:51:08 - [MESSAGE][INFO] - Found 1 web elements with id: 'Object Repository/Olusturma/Genel/Olusturma/eArsivEttnBilgisi' located by 'By.xpath: //*[@id = 'Uuid_I']' in '7' second(s)

2021-11-19 16:51:08 - [MESSAGE][PASSED] - Object 'Object Repository/Olusturma/Genel/Olusturma/eArsivEttnBilgisi' is present

2021-11-19 16:51:08 - [TEST_STEP][PASSED] - ettn = getAttribute(findTestObject("Object Repository/Olusturma/Genel/Olusturma/eArsivEttnBilgisi"), "value"): Attribute 'value' of object 'Object Repository/Olusturma/Genel/Olusturma/eArsivEttnBilgisi' is: '4255edac-4ec1-41a9-8a81-22bef69493a4'

2021-11-19 16:51:08 - [MESSAGE][INFO] - Finding Test Object 'Object Repository/Olusturma/Genel/Olusturma/eArsivEttnBilgisi'

2021-11-19 16:51:08 - [MESSAGE][INFO] - Checking object

2021-11-19 16:51:08 - [MESSAGE][INFO] - Checking attribute

2021-11-19 16:51:08 - [MESSAGE][INFO] - Finding web element from Test Object's properties

2021-11-19 16:51:08 - [MESSAGE][INFO] - Checking timeout

2021-11-19 16:51:08 - [MESSAGE][INFO] - Finding web element with id: 'Object Repository/Olusturma/Genel/Olusturma/eArsivEttnBilgisi' located by 'By.xpath: //*[@id = 'Uuid_I']' in '30' second(s)

2021-11-19 16:51:08 - [MESSAGE][INFO] - Smart Wait Function is triggered

2021-11-19 16:51:08 - [MESSAGE][INFO] - Found 1 web elements with id: 'Object Repository/Olusturma/Genel/Olusturma/eArsivEttnBilgisi' located by 'By.xpath: //*[@id = 'Uuid_I']' in '30' second(s)

2021-11-19 16:51:08 - [MESSAGE][INFO] - Getting attribute 'value' of object 'Object Repository/Olusturma/Genel/Olusturma/eArsivEttnBilgisi'

2021-11-19 16:51:08 - [MESSAGE][PASSED] - Attribute 'value' of object 'Object Repository/Olusturma/Genel/Olusturma/eArsivEttnBilgisi' is: '4255edac-4ec1-41a9-8a81-22bef69493a4'

2021-11-19 16:51:08 - [MESSAGE][PASSED] - Call Test Case 'Test Cases/Olusturma/Genel/EttnBilgisiKayitEdilir' successfully

2021-11-19 16:51:08 - [MESSAGE][INFO] - Checking called Test Case

2021-11-19 16:51:08 - [MESSAGE][INFO] - Starting to call Test Case 'Test Cases/Olusturma/Genel/KaydetButonunaTiklanir'

2021-11-19 16:51:08 - [TEST_CASE][PASSED] - Test Cases/Olusturma/Genel/KaydetButonunaTiklanir: Test Cases/Olusturma/Genel/KaydetButonunaTiklanir

2021-11-19 16:51:08 - [TEST_STEP][PASSED] - i = 0: null

2021-11-19 16:51:08 - [TEST_STEP][PASSED] - waitForElementPresent(findTestObject("Olusturma/Genel/Not/Notlar"), 10): Object 'Object Repository/Olusturma/Genel/Not/Notlar' is present

2021-11-19 16:51:08 - [MESSAGE][INFO] - Finding Test Object 'Object Repository/Olusturma/Genel/Not/Notlar'

2021-11-19 16:51:08 - [MESSAGE][INFO] - Checking object

2021-11-19 16:51:08 - [MESSAGE][INFO] - Finding web element from Test Object's properties

2021-11-19 16:51:08 - [MESSAGE][INFO] - Checking timeout

2021-11-19 16:51:08 - [MESSAGE][INFO] - Finding web element with id: 'Object Repository/Olusturma/Genel/Not/Notlar' located by 'By.xpath: //*[@id = 'txtNote_I']' in '10' second(s)

2021-11-19 16:51:08 - [MESSAGE][INFO] - Smart Wait Function is triggered

2021-11-19 16:51:08 - [MESSAGE][INFO] - Found 1 web elements with id: 'Object Repository/Olusturma/Genel/Not/Notlar' located by 'By.xpath: //*[@id = 'txtNote_I']' in '10' second(s)

2021-11-19 16:51:08 - [MESSAGE][PASSED] - Object 'Object Repository/Olusturma/Genel/Not/Notlar' is present

2021-11-19 16:51:08 - [TEST_STEP][PASSED] - click(findTestObject("Olusturma/Genel/Not/Notlar")): Object: 'Object Repository/Olusturma/Genel/Not/Notlar' is clicked on

2021-11-19 16:51:08 - [MESSAGE][INFO] - Finding Test Object 'Object Repository/Olusturma/Genel/Not/Notlar'

2021-11-19 16:51:09 - [MESSAGE][INFO] - Checking object

2021-11-19 16:51:09 - [MESSAGE][INFO] - Finding web element from Test Object's properties

2021-11-19 16:51:09 - [MESSAGE][INFO] - Checking timeout

2021-11-19 16:51:09 - [MESSAGE][INFO] - Finding web element with id: 'Object Repository/Olusturma/Genel/Not/Notlar' located by 'By.xpath: //*[@id = 'txtNote_I']' in '30' second(s)

2021-11-19 16:51:09 - [MESSAGE][INFO] - Smart Wait Function is triggered

2021-11-19 16:51:09 - [MESSAGE][INFO] - Found 1 web elements with id: 'Object Repository/Olusturma/Genel/Not/Notlar' located by 'By.xpath: //*[@id = 'txtNote_I']' in '30' second(s)

2021-11-19 16:51:09 - [MESSAGE][INFO] - Clicking on object: 'Object Repository/Olusturma/Genel/Not/Notlar'

2021-11-19 16:51:09 - [MESSAGE][PASSED] - Object: 'Object Repository/Olusturma/Genel/Not/Notlar' is clicked on

2021-11-19 16:51:09 - [TEST_STEP][PASSED] - while (true): null

2021-11-19 16:51:09 - [TEST_STEP][PASSED] - delay(1): Delayed 1 second(s)

2021-11-19 16:51:09 - [MESSAGE][INFO] - Delaying browser in 1 second(s)

2021-11-19 16:51:10 - [MESSAGE][PASSED] - Delayed 1 second(s)

2021-11-19 16:51:10 - [TEST_STEP][PASSED] - ajaxIsComplete = executeJavaScript("return jQuery.active == 0", null): Execute JavaScript 'return jQuery.active == 0' successfully

2021-11-19 16:51:10 - [MESSAGE][PASSED] - Execute JavaScript 'return jQuery.active == 0' successfully

2021-11-19 16:51:10 - [TEST_STEP][PASSED] - if (ajaxIsComplete): null

2021-11-19 16:51:10 - [TEST_STEP][PASSED] - break: null

2021-11-19 16:51:10 - [TEST_STEP][PASSED] - waitForElementClickable(findTestObject("Object Repository/Olusturma/Genel/Buton"), 10): Object 'Object Repository/Olusturma/Genel/Buton' is clickable

2021-11-19 16:51:10 - [MESSAGE][INFO] - Finding Test Object 'Object Repository/Olusturma/Genel/Buton'

2021-11-19 16:51:10 - [MESSAGE][INFO] - Checking object

2021-11-19 16:51:10 - [MESSAGE][INFO] - Checking timeout

2021-11-19 16:51:10 - [MESSAGE][INFO] - Finding web element from Test Object's properties

2021-11-19 16:51:10 - [MESSAGE][INFO] - Checking timeout

2021-11-19 16:51:10 - [MESSAGE][INFO] - Finding web element with id: 'Object Repository/Olusturma/Genel/Buton' located by 'By.xpath: //*[@id = 'btnKaydet']' in '10' second(s)

2021-11-19 16:51:10 - [MESSAGE][INFO] - Smart Wait Function is triggered

2021-11-19 16:51:11 - [MESSAGE][INFO] - Found 1 web elements with id: 'Object Repository/Olusturma/Genel/Buton' located by 'By.xpath: //*[@id = 'btnKaydet']' in '10' second(s)

2021-11-19 16:51:11 - [MESSAGE][PASSED] - Object 'Object Repository/Olusturma/Genel/Buton' is clickable

2021-11-19 16:51:11 - [TEST_STEP][PASSED] - click(findTestObject("Object Repository/Olusturma/Genel/Buton")): Object: 'Object Repository/Olusturma/Genel/Buton' is clicked on

2021-11-19 16:51:11 - [MESSAGE][INFO] - Finding Test Object 'Object Repository/Olusturma/Genel/Buton'

2021-11-19 16:51:11 - [MESSAGE][INFO] - Checking object

2021-11-19 16:51:11 - [MESSAGE][INFO] - Finding web element from Test Object's properties

2021-11-19 16:51:11 - [MESSAGE][INFO] - Checking timeout

2021-11-19 16:51:11 - [MESSAGE][INFO] - Finding web element with id: 'Object Repository/Olusturma/Genel/Buton' located by 'By.xpath: //*[@id = 'btnKaydet']' in '30' second(s)

2021-11-19 16:51:11 - [MESSAGE][INFO] - Smart Wait Function is triggered

2021-11-19 16:51:11 - [MESSAGE][INFO] - Found 1 web elements with id: 'Object Repository/Olusturma/Genel/Buton' located by 'By.xpath: //*[@id = 'btnKaydet']' in '30' second(s)

2021-11-19 16:51:11 - [MESSAGE][INFO] - Clicking on object: 'Object Repository/Olusturma/Genel/Buton'

2021-11-19 16:51:15 - [MESSAGE][PASSED] - Object: 'Object Repository/Olusturma/Genel/Buton' is clicked on

2021-11-19 16:51:15 - [MESSAGE][PASSED] - Call Test Case 'Test Cases/Olusturma/Genel/KaydetButonunaTiklanir' successfully

2021-11-19 16:51:15 - [MESSAGE][INFO] - Checking called Test Case

2021-11-19 16:51:15 - [MESSAGE][INFO] - Starting to call Test Case 'Test Cases/Tablo/TablodaEttnliVeriOlusturulduMu'

2021-11-19 16:51:15 - [TEST_CASE][PASSED] - Test Cases/Tablo/TablodaEttnliVeriOlusturulduMu: Test Cases/Tablo/TablodaEttnliVeriOlusturulduMu

2021-11-19 16:51:15 - [TEST_STEP][PASSED] - Method.TextDegerineEsitElementVarMi(findTestObject("Tablo/OlusturulanVeri"), ettn): Method.TextDegerineEsitElementVarMi is PASSED

2021-11-19 16:51:15 - [MESSAGE][INFO] - Finding Test Object 'Object Repository/Tablo/OlusturulanVeri'

2021-11-19 16:51:15 - [MESSAGE][INFO] - Checking timeout

2021-11-19 16:51:15 - [MESSAGE][INFO] - Finding web element with id: 'Object Repository/Tablo/OlusturulanVeri' located by 'By.cssSelector: table.dxgvTable_LECustomTheme>tbody>tr:nth-child(3)>td.dxgv b,table.dxgvTable_LECustomTheme>tbody>tr:nth-child(3)>td.dxgv' in '10' second(s)

2021-11-19 16:51:15 - [MESSAGE][INFO] - Smart Wait Function is triggered

2021-11-19 16:51:15 - [MESSAGE][INFO] - Found 14 web elements with id: 'Object Repository/Tablo/OlusturulanVeri' located by 'By.cssSelector: table.dxgvTable_LECustomTheme>tbody>tr:nth-child(3)>td.dxgv b,table.dxgvTable_LECustomTheme>tbody>tr:nth-child(3)>td.dxgv' in '10' second(s)

2021-11-19 16:51:15 - [MESSAGE][PASSED] - Method.TextDegerineEsitElementVarMi is PASSED

2021-11-19 16:51:15 - [MESSAGE][PASSED] - Call Test Case 'Test Cases/Tablo/TablodaEttnliVeriOlusturulduMu' successfully

2021-11-19 16:51:15 - [MESSAGE][INFO] - Checking called Test Case

2021-11-19 16:51:15 - [MESSAGE][INFO] - Starting to call Test Case 'Test Cases/Tablo/TablodanEttnliVeriSec'

2021-11-19 16:51:15 - [TEST_CASE][PASSED] - Test Cases/Tablo/TablodanEttnliVeriSec: Test Cases/Tablo/TablodanEttnliVeriSec

2021-11-19 16:51:16 - [TEST_STEP][PASSED] - Method.TextDegerineEsitElementinAltindakineTikla(findTestObject("Tablo/Veriler"), findTestObject("Tablo/VerininCheckBoxi"), ettn): Method.TextDegerineEsitElementinAltindakineTikla is PASSED

2021-11-19 16:51:16 - [MESSAGE][INFO] - Finding Test Object 'Object Repository/Tablo/Veriler'

2021-11-19 16:51:16 - [MESSAGE][INFO] - Finding Test Object 'Object Repository/Tablo/VerininCheckBoxi'

2021-11-19 16:51:16 - [MESSAGE][INFO] - Checking timeout

2021-11-19 16:51:16 - [MESSAGE][INFO] - Finding web element with id: 'Object Repository/Tablo/Veriler' located by 'By.cssSelector: td.dxgv b ,td.dxgv' in '10' second(s)

2021-11-19 16:51:16 - [MESSAGE][INFO] - Smart Wait Function is triggered

2021-11-19 16:51:16 - [MESSAGE][INFO] - Found 112 web elements with id: 'Object Repository/Tablo/Veriler' located by 'By.cssSelector: td.dxgv b ,td.dxgv' in '10' second(s)

2021-11-19 16:51:16 - [MESSAGE][INFO] - Smart Wait Function is triggered

2021-11-19 16:51:16 - [MESSAGE][PASSED] - Method.TextDegerineEsitElementinAltindakineTikla is PASSED

2021-11-19 16:51:16 - [MESSAGE][PASSED] - Call Test Case 'Test Cases/Tablo/TablodanEttnliVeriSec' successfully

2021-11-19 16:51:16 - [MESSAGE][INFO] - Checking called Test Case

2021-11-19 16:51:16 - [MESSAGE][INFO] - Starting to call Test Case 'Test Cases/Butonlar/ButonaTikla'

2021-11-19 16:51:16 - [TEST_CASE][PASSED] - Test Cases/Butonlar/ButonaTikla: Test Cases/Butonlar/ButonaTikla

2021-11-19 16:51:17 - [TEST_STEP][PASSED] - Method.TextDegerineEsitElementeTiklaEquals(findTestObject("Butonlar/Butonlar"), Buton_Adi): Method.TextDegerineEsitElementeTiklaEquals is PASSED

2021-11-19 16:51:17 - [MESSAGE][INFO] - Finding Test Object 'Object Repository/Butonlar/Butonlar'

2021-11-19 16:51:17 - [MESSAGE][INFO] - Checking timeout

2021-11-19 16:51:17 - [MESSAGE][INFO] - Finding web element with id: 'Object Repository/Butonlar/Butonlar' located by 'By.cssSelector: .panel.panel-default.text-center.footerPanel .btn,.btn.btn-primary.btnControls' in '10' second(s)

2021-11-19 16:51:17 - [MESSAGE][INFO] - Smart Wait Function is triggered

2021-11-19 16:51:17 - [MESSAGE][INFO] - Found 9 web elements with id: 'Object Repository/Butonlar/Butonlar' located by 'By.cssSelector: .panel.panel-default.text-center.footerPanel .btn,.btn.btn-primary.btnControls' in '10' second(s)

2021-11-19 16:51:17 - [MESSAGE][PASSED] - Method.TextDegerineEsitElementeTiklaEquals is PASSED

2021-11-19 16:51:17 - [MESSAGE][PASSED] - Call Test Case 'Test Cases/Butonlar/ButonaTikla' successfully

2021-11-19 16:51:17 - [MESSAGE][INFO] - Checking called Test Case

2021-11-19 16:51:17 - [MESSAGE][INFO] - Starting to call Test Case 'Test Cases/Popup/PopupMesajiIceriyorMu'

2021-11-19 16:51:17 - [TEST_CASE][PASSED] - Test Cases/Popup/PopupMesajiIceriyorMu: Test Cases/Popup/PopupMesajiIceriyorMu

2021-11-19 16:51:17 - [TEST_STEP][PASSED] - waitForElementVisible(findTestObject("Popup/Popup"), 10): Object 'Object Repository/Popup/Popup' is visible

2021-11-19 16:51:17 - [MESSAGE][INFO] - Finding Test Object 'Object Repository/Popup/Popup'

2021-11-19 16:51:17 - [MESSAGE][INFO] - Checking object

2021-11-19 16:51:17 - [MESSAGE][INFO] - Checking timeout

2021-11-19 16:51:17 - [MESSAGE][INFO] - Finding web element from Test Object's properties

2021-11-19 16:51:17 - [MESSAGE][INFO] - Checking timeout

2021-11-19 16:51:17 - [MESSAGE][INFO] - Finding web element with id: 'Object Repository/Popup/Popup' located by 'By.cssSelector: .bootbox-body' in '10' second(s)

2021-11-19 16:51:17 - [MESSAGE][INFO] - Smart Wait Function is triggered

2021-11-19 16:51:18 - [MESSAGE][INFO] - Found 1 web elements with id: 'Object Repository/Popup/Popup' located by 'By.cssSelector: .bootbox-body' in '10' second(s)

2021-11-19 16:51:18 - [MESSAGE][PASSED] - Object 'Object Repository/Popup/Popup' is visible

2021-11-19 16:51:18 - [TEST_STEP][PASSED] - if (!(getText(findTestObject("Popup/Popup")).contains(Mesaj))): Text of object 'Object Repository/Popup/Popup' is: 'Oluşturulacak fatura numarası : YIG2021000000492 Fatura numarası oluşturulduktan sonra fatura silinemez. Fatura numarası, tarihi ve ön eki değiştirilemez. Devam etmek istiyor musunuz?'

2021-11-19 16:51:18 - [MESSAGE][INFO] - Finding Test Object 'Object Repository/Popup/Popup'

2021-11-19 16:51:18 - [MESSAGE][INFO] - Checking object

2021-11-19 16:51:18 - [MESSAGE][INFO] - Finding web element from Test Object's properties

2021-11-19 16:51:18 - [MESSAGE][INFO] - Checking timeout

2021-11-19 16:51:18 - [MESSAGE][INFO] - Finding web element with id: 'Object Repository/Popup/Popup' located by 'By.cssSelector: .bootbox-body' in '30' second(s)

2021-11-19 16:51:18 - [MESSAGE][INFO] - Smart Wait Function is triggered

2021-11-19 16:51:19 - [MESSAGE][INFO] - Found 1 web elements with id: 'Object Repository/Popup/Popup' located by 'By.cssSelector: .bootbox-body' in '30' second(s)

2021-11-19 16:51:19 - [MESSAGE][INFO] - Getting text of object 'Object Repository/Popup/Popup'

2021-11-19 16:51:19 - [MESSAGE][PASSED] - Text of object 'Object Repository/Popup/Popup' is: 'Oluşturulacak fatura numarası : YIG2021000000492 Fatura numarası oluşturulduktan sonra fatura silinemez. Fatura numarası, tarihi ve ön eki değiştirilemez. Devam etmek istiyor musunuz?'

2021-11-19 16:51:19 - [TEST_STEP][PASSED] - RaporNo = getText(findTestObject("Popup/Popup")).substring(0, 6): Text of object 'Object Repository/Popup/Popup' is: 'Oluşturulacak fatura numarası : YIG2021000000492 Fatura numarası oluşturulduktan sonra fatura silinemez. Fatura numarası, tarihi ve ön eki değiştirilemez. Devam etmek istiyor musunuz?'

2021-11-19 16:51:19 - [MESSAGE][INFO] - Finding Test Object 'Object Repository/Popup/Popup'

2021-11-19 16:51:19 - [MESSAGE][INFO] - Checking object

2021-11-19 16:51:19 - [MESSAGE][INFO] - Finding web element from Test Object's properties

2021-11-19 16:51:19 - [MESSAGE][INFO] - Checking timeout

2021-11-19 16:51:19 - [MESSAGE][INFO] - Finding web element with id: 'Object Repository/Popup/Popup' located by 'By.cssSelector: .bootbox-body' in '30' second(s)

2021-11-19 16:51:19 - [MESSAGE][INFO] - Smart Wait Function is triggered

2021-11-19 16:51:19 - [MESSAGE][INFO] - Found 1 web elements with id: 'Object Repository/Popup/Popup' located by 'By.cssSelector: .bootbox-body' in '30' second(s)

2021-11-19 16:51:19 - [MESSAGE][INFO] - Getting text of object 'Object Repository/Popup/Popup'

2021-11-19 16:51:19 - [MESSAGE][PASSED] - Text of object 'Object Repository/Popup/Popup' is: 'Oluşturulacak fatura numarası : YIG2021000000492 Fatura numarası oluşturulduktan sonra fatura silinemez. Fatura numarası, tarihi ve ön eki değiştirilemez. Devam etmek istiyor musunuz?'

2021-11-19 16:51:19 - [TEST_STEP][PASSED] - Console.println(RaporNo): null

2021-11-19 16:51:19 - [MESSAGE][PASSED] - Call Test Case 'Test Cases/Popup/PopupMesajiIceriyorMu' successfully

2021-11-19 16:51:19 - [MESSAGE][INFO] - Checking called Test Case

2021-11-19 16:51:19 - [MESSAGE][INFO] - Starting to call Test Case 'Test Cases/Popup/PopupButonSecilir'

2021-11-19 16:51:19 - [TEST_CASE][PASSED] - Test Cases/Popup/PopupButonSecilir: Test Cases/Popup/PopupButonSecilir

2021-11-19 16:51:19 - [TEST_STEP][PASSED] - Method.TextDegerineEsitElementeTikla(findTestObject("Popup/Popup_Butons"), Buton): Method.TextDegerineEsitElementeTikla is PASSED

2021-11-19 16:51:19 - [MESSAGE][INFO] - Finding Test Object 'Object Repository/Popup/Popup_Butons'

2021-11-19 16:51:19 - [MESSAGE][INFO] - Checking timeout

2021-11-19 16:51:19 - [MESSAGE][INFO] - Finding web element with id: 'Object Repository/Popup/Popup_Butons' located by 'By.cssSelector: .modal-footer>button' in '10' second(s)

2021-11-19 16:51:19 - [MESSAGE][INFO] - Smart Wait Function is triggered

2021-11-19 16:51:20 - [MESSAGE][INFO] - Found 2 web elements with id: 'Object Repository/Popup/Popup_Butons' located by 'By.cssSelector: .modal-footer>button' in '10' second(s)

2021-11-19 16:51:20 - [MESSAGE][PASSED] - Method.TextDegerineEsitElementeTikla is PASSED

2021-11-19 16:51:20 - [MESSAGE][PASSED] - Call Test Case 'Test Cases/Popup/PopupButonSecilir' successfully

2021-11-19 16:51:20 - [MESSAGE][INFO] - Checking called Test Case

2021-11-19 16:51:20 - [MESSAGE][INFO] - Starting to call Test Case 'Test Cases/Popup/PopupMesajiIceriyorMu'

2021-11-19 16:51:20 - [TEST_CASE][PASSED] - Test Cases/Popup/PopupMesajiIceriyorMu: Test Cases/Popup/PopupMesajiIceriyorMu

2021-11-19 16:51:20 - [TEST_STEP][PASSED] - waitForElementVisible(findTestObject("Popup/Popup"), 10): Object 'Object Repository/Popup/Popup' is visible

2021-11-19 16:51:20 - [MESSAGE][INFO] - Finding Test Object 'Object Repository/Popup/Popup'

2021-11-19 16:51:20 - [MESSAGE][INFO] - Checking object

2021-11-19 16:51:20 - [MESSAGE][INFO] - Checking timeout

2021-11-19 16:51:20 - [MESSAGE][INFO] - Finding web element from Test Object's properties

2021-11-19 16:51:20 - [MESSAGE][INFO] - Checking timeout

2021-11-19 16:51:20 - [MESSAGE][INFO] - Finding web element with id: 'Object Repository/Popup/Popup' located by 'By.cssSelector: .bootbox-body' in '10' second(s)

2021-11-19 16:51:20 - [MESSAGE][INFO] - Smart Wait Function is triggered

2021-11-19 16:51:21 - [MESSAGE][INFO] - Found 1 web elements with id: 'Object Repository/Popup/Popup' located by 'By.cssSelector: .bootbox-body' in '10' second(s)

2021-11-19 16:51:21 - [MESSAGE][PASSED] - Object 'Object Repository/Popup/Popup' is visible

2021-11-19 16:51:21 - [TEST_STEP][PASSED] - if (!(getText(findTestObject("Popup/Popup")).contains(Mesaj))): Text of object 'Object Repository/Popup/Popup' is: 'Fatura numaranız YIG2021000000492 olarak oluşmuştur.'

2021-11-19 16:51:21 - [MESSAGE][INFO] - Finding Test Object 'Object Repository/Popup/Popup'

2021-11-19 16:51:21 - [MESSAGE][INFO] - Checking object

2021-11-19 16:51:21 - [MESSAGE][INFO] - Finding web element from Test Object's properties

2021-11-19 16:51:21 - [MESSAGE][INFO] - Checking timeout

2021-11-19 16:51:21 - [MESSAGE][INFO] - Finding web element with id: 'Object Repository/Popup/Popup' located by 'By.cssSelector: .bootbox-body' in '30' second(s)

2021-11-19 16:51:21 - [MESSAGE][INFO] - Smart Wait Function is triggered

2021-11-19 16:51:21 - [MESSAGE][INFO] - Found 1 web elements with id: 'Object Repository/Popup/Popup' located by 'By.cssSelector: .bootbox-body' in '30' second(s)

2021-11-19 16:51:21 - [MESSAGE][INFO] - Getting text of object 'Object Repository/Popup/Popup'

2021-11-19 16:51:21 - [MESSAGE][PASSED] - Text of object 'Object Repository/Popup/Popup' is: 'Fatura numaranız YIG2021000000492 olarak oluşmuştur.'

2021-11-19 16:51:21 - [TEST_STEP][PASSED] - RaporNo = getText(findTestObject("Popup/Popup")).substring(0, 6): Text of object 'Object Repository/Popup/Popup' is: 'Fatura numaranız YIG2021000000492 olarak oluşmuştur.'

2021-11-19 16:51:21 - [MESSAGE][INFO] - Finding Test Object 'Object Repository/Popup/Popup'

2021-11-19 16:51:21 - [MESSAGE][INFO] - Checking object

2021-11-19 16:51:21 - [MESSAGE][INFO] - Finding web element from Test Object's properties

2021-11-19 16:51:21 - [MESSAGE][INFO] - Checking timeout

2021-11-19 16:51:21 - [MESSAGE][INFO] - Finding web element with id: 'Object Repository/Popup/Popup' located by 'By.cssSelector: .bootbox-body' in '30' second(s)

2021-11-19 16:51:21 - [MESSAGE][INFO] - Smart Wait Function is triggered

2021-11-19 16:51:22 - [MESSAGE][INFO] - Found 1 web elements with id: 'Object Repository/Popup/Popup' located by 'By.cssSelector: .bootbox-body' in '30' second(s)

2021-11-19 16:51:22 - [MESSAGE][INFO] - Getting text of object 'Object Repository/Popup/Popup'

2021-11-19 16:51:22 - [MESSAGE][PASSED] - Text of object 'Object Repository/Popup/Popup' is: 'Fatura numaranız YIG2021000000492 olarak oluşmuştur.'

2021-11-19 16:51:22 - [TEST_STEP][PASSED] - Console.println(RaporNo): null

2021-11-19 16:51:22 - [MESSAGE][PASSED] - Call Test Case 'Test Cases/Popup/PopupMesajiIceriyorMu' successfully

2021-11-19 16:51:22 - [MESSAGE][INFO] - Checking called Test Case

2021-11-19 16:51:22 - [MESSAGE][INFO] - Starting to call Test Case 'Test Cases/Popup/PopupButonSecilir'

2021-11-19 16:51:22 - [TEST_CASE][PASSED] - Test Cases/Popup/PopupButonSecilir: Test Cases/Popup/PopupButonSecilir

2021-11-19 16:51:22 - [TEST_STEP][PASSED] - Method.TextDegerineEsitElementeTikla(findTestObject("Popup/Popup_Butons"), Buton): Method.TextDegerineEsitElementeTikla is PASSED

2021-11-19 16:51:22 - [MESSAGE][INFO] - Finding Test Object 'Object Repository/Popup/Popup_Butons'

2021-11-19 16:51:22 - [MESSAGE][INFO] - Checking timeout

2021-11-19 16:51:22 - [MESSAGE][INFO] - Finding web element with id: 'Object Repository/Popup/Popup_Butons' located by 'By.cssSelector: .modal-footer>button' in '10' second(s)

2021-11-19 16:51:22 - [MESSAGE][INFO] - Smart Wait Function is triggered

2021-11-19 16:51:22 - [MESSAGE][INFO] - Found 1 web elements with id: 'Object Repository/Popup/Popup_Butons' located by 'By.cssSelector: .modal-footer>button' in '10' second(s)

2021-11-19 16:51:22 - [MESSAGE][PASSED] - Method.TextDegerineEsitElementeTikla is PASSED

2021-11-19 16:51:22 - [MESSAGE][PASSED] - Call Test Case 'Test Cases/Popup/PopupButonSecilir' successfully

2021-11-19 16:51:22 - [MESSAGE][INFO] - Checking called Test Case

2021-11-19 16:51:22 - [MESSAGE][INFO] - Starting to call Test Case 'Test Cases/Tablo/TablodanEttnliVeriSec'

2021-11-19 16:51:22 - [TEST_CASE][PASSED] - Test Cases/Tablo/TablodanEttnliVeriSec: Test Cases/Tablo/TablodanEttnliVeriSec

2021-11-19 16:51:22 - [TEST_STEP][PASSED] - Method.TextDegerineEsitElementinAltindakineTikla(findTestObject("Tablo/Veriler"), findTestObject("Tablo/VerininCheckBoxi"), ettn): Method.TextDegerineEsitElementinAltindakineTikla is PASSED

2021-11-19 16:51:22 - [MESSAGE][INFO] - Finding Test Object 'Object Repository/Tablo/Veriler'

2021-11-19 16:51:22 - [MESSAGE][INFO] - Finding Test Object 'Object Repository/Tablo/VerininCheckBoxi'

2021-11-19 16:51:23 - [MESSAGE][INFO] - Checking timeout

2021-11-19 16:51:23 - [MESSAGE][INFO] - Finding web element with id: 'Object Repository/Tablo/Veriler' located by 'By.cssSelector: td.dxgv b ,td.dxgv' in '10' second(s)

2021-11-19 16:51:23 - [MESSAGE][INFO] - Smart Wait Function is triggered

2021-11-19 16:51:23 - [MESSAGE][INFO] - Found 112 web elements with id: 'Object Repository/Tablo/Veriler' located by 'By.cssSelector: td.dxgv b ,td.dxgv' in '10' second(s)

2021-11-19 16:51:23 - [MESSAGE][INFO] - Smart Wait Function is triggered

2021-11-19 16:51:24 - [MESSAGE][PASSED] - Method.TextDegerineEsitElementinAltindakineTikla is PASSED

2021-11-19 16:51:24 - [MESSAGE][PASSED] - Call Test Case 'Test Cases/Tablo/TablodanEttnliVeriSec' successfully

2021-11-19 16:51:24 - [MESSAGE][INFO] - Checking called Test Case

2021-11-19 16:51:24 - [MESSAGE][INFO] - Starting to call Test Case 'Test Cases/Butonlar/ButonaTikla'

2021-11-19 16:51:24 - [TEST_CASE][PASSED] - Test Cases/Butonlar/ButonaTikla: Test Cases/Butonlar/ButonaTikla

2021-11-19 16:51:24 - [TEST_STEP][PASSED] - Method.TextDegerineEsitElementeTiklaEquals(findTestObject("Butonlar/Butonlar"), Buton_Adi): Method.TextDegerineEsitElementeTiklaEquals is PASSED

2021-11-19 16:51:24 - [MESSAGE][INFO] - Finding Test Object 'Object Repository/Butonlar/Butonlar'

2021-11-19 16:51:24 - [MESSAGE][INFO] - Checking timeout

2021-11-19 16:51:24 - [MESSAGE][INFO] - Finding web element with id: 'Object Repository/Butonlar/Butonlar' located by 'By.cssSelector: .panel.panel-default.text-center.footerPanel .btn,.btn.btn-primary.btnControls' in '10' second(s)

2021-11-19 16:51:24 - [MESSAGE][INFO] - Smart Wait Function is triggered

2021-11-19 16:51:24 - [MESSAGE][INFO] - Found 9 web elements with id: 'Object Repository/Butonlar/Butonlar' located by 'By.cssSelector: .panel.panel-default.text-center.footerPanel .btn,.btn.btn-primary.btnControls' in '10' second(s)

2021-11-19 16:51:25 - [MESSAGE][PASSED] - Method.TextDegerineEsitElementeTiklaEquals is PASSED

2021-11-19 16:51:25 - [MESSAGE][PASSED] - Call Test Case 'Test Cases/Butonlar/ButonaTikla' successfully

2021-11-19 16:51:25 - [MESSAGE][INFO] - Checking called Test Case

2021-11-19 16:51:25 - [MESSAGE][INFO] - Starting to call Test Case 'Test Cases/Popup/PopupMesajiIceriyorMu'

2021-11-19 16:51:25 - [TEST_CASE][PASSED] - Test Cases/Popup/PopupMesajiIceriyorMu: Test Cases/Popup/PopupMesajiIceriyorMu

2021-11-19 16:51:25 - [TEST_STEP][PASSED] - waitForElementVisible(findTestObject("Popup/Popup"), 10): Object 'Object Repository/Popup/Popup' is visible

2021-11-19 16:51:25 - [MESSAGE][INFO] - Finding Test Object 'Object Repository/Popup/Popup'

2021-11-19 16:51:25 - [MESSAGE][INFO] - Checking object

2021-11-19 16:51:25 - [MESSAGE][INFO] - Checking timeout

2021-11-19 16:51:25 - [MESSAGE][INFO] - Finding web element from Test Object's properties

2021-11-19 16:51:25 - [MESSAGE][INFO] - Checking timeout

2021-11-19 16:51:25 - [MESSAGE][INFO] - Finding web element with id: 'Object Repository/Popup/Popup' located by 'By.cssSelector: .bootbox-body' in '10' second(s)

2021-11-19 16:51:25 - [MESSAGE][INFO] - Smart Wait Function is triggered

2021-11-19 16:51:25 - [MESSAGE][INFO] - Found 1 web elements with id: 'Object Repository/Popup/Popup' located by 'By.cssSelector: .bootbox-body' in '10' second(s)

2021-11-19 16:51:25 - [MESSAGE][PASSED] - Object 'Object Repository/Popup/Popup' is visible

2021-11-19 16:51:25 - [TEST_STEP][PASSED] - if (!(getText(findTestObject("Popup/Popup")).contains(Mesaj))): Text of object 'Object Repository/Popup/Popup' is: 'Seçilen faturalarınız onaylanacaktır. Onaylanan faturalar üzerinde değişiklik yapılamaz. Devam etmek istiyor musunuz?'

2021-11-19 16:51:25 - [MESSAGE][INFO] - Finding Test Object 'Object Repository/Popup/Popup'

2021-11-19 16:51:25 - [MESSAGE][INFO] - Checking object

2021-11-19 16:51:25 - [MESSAGE][INFO] - Finding web element from Test Object's properties

2021-11-19 16:51:25 - [MESSAGE][INFO] - Checking timeout

2021-11-19 16:51:25 - [MESSAGE][INFO] - Finding web element with id: 'Object Repository/Popup/Popup' located by 'By.cssSelector: .bootbox-body' in '30' second(s)

2021-11-19 16:51:25 - [MESSAGE][INFO] - Smart Wait Function is triggered

2021-11-19 16:51:26 - [MESSAGE][INFO] - Found 1 web elements with id: 'Object Repository/Popup/Popup' located by 'By.cssSelector: .bootbox-body' in '30' second(s)

2021-11-19 16:51:26 - [MESSAGE][INFO] - Getting text of object 'Object Repository/Popup/Popup'

2021-11-19 16:51:26 - [MESSAGE][PASSED] - Text of object 'Object Repository/Popup/Popup' is: 'Seçilen faturalarınız onaylanacaktır. Onaylanan faturalar üzerinde değişiklik yapılamaz. Devam etmek istiyor musunuz?'

2021-11-19 16:51:26 - [TEST_STEP][PASSED] - RaporNo = getText(findTestObject("Popup/Popup")).substring(0, 6): Text of object 'Object Repository/Popup/Popup' is: 'Seçilen faturalarınız onaylanacaktır. Onaylanan faturalar üzerinde değişiklik yapılamaz. Devam etmek istiyor musunuz?'

2021-11-19 16:51:26 - [MESSAGE][INFO] - Finding Test Object 'Object Repository/Popup/Popup'

2021-11-19 16:51:26 - [MESSAGE][INFO] - Checking object

2021-11-19 16:51:26 - [MESSAGE][INFO] - Finding web element from Test Object's properties

2021-11-19 16:51:26 - [MESSAGE][INFO] - Checking timeout

2021-11-19 16:51:26 - [MESSAGE][INFO] - Finding web element with id: 'Object Repository/Popup/Popup' located by 'By.cssSelector: .bootbox-body' in '30' second(s)

2021-11-19 16:51:26 - [MESSAGE][INFO] - Smart Wait Function is triggered

2021-11-19 16:51:26 - [MESSAGE][INFO] - Found 1 web elements with id: 'Object Repository/Popup/Popup' located by 'By.cssSelector: .bootbox-body' in '30' second(s)

2021-11-19 16:51:26 - [MESSAGE][INFO] - Getting text of object 'Object Repository/Popup/Popup'

2021-11-19 16:51:26 - [MESSAGE][PASSED] - Text of object 'Object Repository/Popup/Popup' is: 'Seçilen faturalarınız onaylanacaktır. Onaylanan faturalar üzerinde değişiklik yapılamaz. Devam etmek istiyor musunuz?'

2021-11-19 16:51:26 - [TEST_STEP][PASSED] - Console.println(RaporNo): null

2021-11-19 16:51:26 - [MESSAGE][PASSED] - Call Test Case 'Test Cases/Popup/PopupMesajiIceriyorMu' successfully

2021-11-19 16:51:26 - [MESSAGE][INFO] - Checking called Test Case

2021-11-19 16:51:26 - [MESSAGE][INFO] - Starting to call Test Case 'Test Cases/Popup/PopupButonSecilir'

2021-11-19 16:51:26 - [TEST_CASE][PASSED] - Test Cases/Popup/PopupButonSecilir: Test Cases/Popup/PopupButonSecilir

2021-11-19 16:51:26 - [TEST_STEP][PASSED] - Method.TextDegerineEsitElementeTikla(findTestObject("Popup/Popup_Butons"), Buton): Method.TextDegerineEsitElementeTikla is PASSED

2021-11-19 16:51:26 - [MESSAGE][INFO] - Finding Test Object 'Object Repository/Popup/Popup_Butons'

2021-11-19 16:51:26 - [MESSAGE][INFO] - Checking timeout

2021-11-19 16:51:26 - [MESSAGE][INFO] - Finding web element with id: 'Object Repository/Popup/Popup_Butons' located by 'By.cssSelector: .modal-footer>button' in '10' second(s)

2021-11-19 16:51:26 - [MESSAGE][INFO] - Smart Wait Function is triggered

2021-11-19 16:51:26 - [MESSAGE][INFO] - Found 2 web elements with id: 'Object Repository/Popup/Popup_Butons' located by 'By.cssSelector: .modal-footer>button' in '10' second(s)

2021-11-19 16:51:27 - [MESSAGE][PASSED] - Method.TextDegerineEsitElementeTikla is PASSED

2021-11-19 16:51:27 - [MESSAGE][PASSED] - Call Test Case 'Test Cases/Popup/PopupButonSecilir' successfully

2021-11-19 16:51:27 - [MESSAGE][INFO] - Checking called Test Case

2021-11-19 16:51:27 - [MESSAGE][INFO] - Starting to call Test Case 'Test Cases/Menu/AnaMenuSecimi'

2021-11-19 16:51:27 - [TEST_CASE][PASSED] - Test Cases/Menu/AnaMenuSecimi: Test Cases/Menu/AnaMenuSecimi

2021-11-19 16:51:27 - [TEST_STEP][PASSED] - Method.TextDegerineEsitElementeTikla(findTestObject("Menu/Ana_Menu"), Ana_Menu): Method.TextDegerineEsitElementeTikla is PASSED

2021-11-19 16:51:27 - [MESSAGE][INFO] - Finding Test Object 'Object Repository/Menu/Ana_Menu'

2021-11-19 16:51:27 - [MESSAGE][INFO] - Checking timeout

2021-11-19 16:51:27 - [MESSAGE][INFO] - Finding web element with id: 'Object Repository/Menu/Ana_Menu' located by 'By.xpath: //*[@class = 'dropdown-toggle']' in '10' second(s)

2021-11-19 16:51:27 - [MESSAGE][INFO] - Smart Wait Function is triggered

2021-11-19 16:51:28 - [MESSAGE][INFO] - Found 13 web elements with id: 'Object Repository/Menu/Ana_Menu' located by 'By.xpath: //*[@class = 'dropdown-toggle']' in '10' second(s)

2021-11-19 16:51:28 - [MESSAGE][PASSED] - Method.TextDegerineEsitElementeTikla is PASSED

2021-11-19 16:51:28 - [MESSAGE][PASSED] - Call Test Case 'Test Cases/Menu/AnaMenuSecimi' successfully

2021-11-19 16:51:28 - [MESSAGE][INFO] - Checking called Test Case

2021-11-19 16:51:28 - [MESSAGE][INFO] - Starting to call Test Case 'Test Cases/Menu/BasligaGoreAltMenuSecimi'

2021-11-19 16:51:28 - [TEST_CASE][PASSED] - Test Cases/Menu/BasligaGoreAltMenuSecimi: Test Cases/Menu/BasligaGoreAltMenuSecimi

2021-11-19 16:51:28 - [TEST_STEP][PASSED] - Method.TextDegerineEsitElementinAltindakiTextDegerineEsitOlanaTikla(findTestObject("Menu/Menu_Basligi"), findTestObject("Menu/Basliga_Gore_Alt_Menu"), Baslik, Alt_Menu): Method.TextDegerineEsitElementinAltindakiTextDegerineEsitOlanaTikla is PASSED

2021-11-19 16:51:28 - [MESSAGE][INFO] - Finding Test Object 'Object Repository/Menu/Menu_Basligi'

2021-11-19 16:51:28 - [MESSAGE][INFO] - Finding Test Object 'Object Repository/Menu/Basliga_Gore_Alt_Menu'

2021-11-19 16:51:28 - [MESSAGE][INFO] - Checking timeout

2021-11-19 16:51:28 - [MESSAGE][INFO] - Finding web element with id: 'Object Repository/Menu/Menu_Basligi' located by 'By.xpath: //li[@class='dropdown dropdown-large open']//li[@class='dropdown-header']' in '10' second(s)

2021-11-19 16:51:28 - [MESSAGE][INFO] - Smart Wait Function is triggered

2021-11-19 16:51:28 - [MESSAGE][INFO] - Found 2 web elements with id: 'Object Repository/Menu/Menu_Basligi' located by 'By.xpath: //li[@class='dropdown dropdown-large open']//li[@class='dropdown-header']' in '10' second(s)

2021-11-19 16:51:28 - [MESSAGE][INFO] - Smart Wait Function is triggered

2021-11-19 16:51:30 - [MESSAGE][PASSED] - Method.TextDegerineEsitElementinAltindakiTextDegerineEsitOlanaTikla is PASSED

2021-11-19 16:51:30 - [MESSAGE][PASSED] - Call Test Case 'Test Cases/Menu/BasligaGoreAltMenuSecimi' successfully

2021-11-19 16:51:30 - [MESSAGE][INFO] - Checking called Test Case

2021-11-19 16:51:30 - [MESSAGE][INFO] - Starting to call Test Case 'Test Cases/Filtreler/EttnYaz'

2021-11-19 16:51:30 - [TEST_CASE][PASSED] - Test Cases/Filtreler/EttnYaz: Test Cases/Filtreler/EttnYaz

2021-11-19 16:51:30 - [TEST_STEP][PASSED] - Method.TextDegerineEsitElementinAltindakiTextboxtaYaz(findTestObject("Filtreler/Basliklar"), findTestObject("Filtreler/Basliga_Gore_Textbox"), "ETTN", ettn): Method.TextDegerineEsitElementinAltindakiTextboxtaYaz is PASSED

2021-11-19 16:51:30 - [MESSAGE][INFO] - Finding Test Object 'Object Repository/Filtreler/Basliklar'

2021-11-19 16:51:30 - [MESSAGE][INFO] - Finding Test Object 'Object Repository/Filtreler/Basliga_Gore_Textbox'

2021-11-19 16:51:30 - [MESSAGE][INFO] - Checking timeout

2021-11-19 16:51:30 - [MESSAGE][INFO] - Finding web element with id: 'Object Repository/Filtreler/Basliklar' located by 'By.cssSelector: .control-label.col-sm-4.paddingMarginRLC' in '10' second(s)

2021-11-19 16:51:30 - [MESSAGE][INFO] - Smart Wait Function is triggered

2021-11-19 16:51:30 - [MESSAGE][INFO] - Found 19 web elements with id: 'Object Repository/Filtreler/Basliklar' located by 'By.cssSelector: .control-label.col-sm-4.paddingMarginRLC' in '10' second(s)

2021-11-19 16:51:30 - [MESSAGE][INFO] - Smart Wait Function is triggered

2021-11-19 16:51:31 - [MESSAGE][PASSED] - Method.TextDegerineEsitElementinAltindakiTextboxtaYaz is PASSED

2021-11-19 16:51:31 - [MESSAGE][PASSED] - Call Test Case 'Test Cases/Filtreler/EttnYaz' successfully

2021-11-19 16:51:31 - [MESSAGE][INFO] - Checking called Test Case

2021-11-19 16:51:31 - [MESSAGE][INFO] - Starting to call Test Case 'Test Cases/Filtreler/ButonaTikla'

2021-11-19 16:51:31 - [TEST_CASE][PASSED] - Test Cases/Filtreler/ButonaTikla: Test Cases/Filtreler/ButonaTikla

2021-11-19 16:51:31 - [TEST_STEP][PASSED] - Method.TextDegerineEsitElementeTikla(findTestObject("Filtreler/Butonlar"), Filtre_Buton): Method.TextDegerineEsitElementeTikla is PASSED

2021-11-19 16:51:31 - [MESSAGE][INFO] - Finding Test Object 'Object Repository/Filtreler/Butonlar'

2021-11-19 16:51:31 - [MESSAGE][INFO] - Checking timeout

2021-11-19 16:51:31 - [MESSAGE][INFO] - Finding web element with id: 'Object Repository/Filtreler/Butonlar' located by 'By.cssSelector: .dxb>span' in '10' second(s)

2021-11-19 16:51:31 - [MESSAGE][INFO] - Smart Wait Function is triggered

2021-11-19 16:51:31 - [MESSAGE][INFO] - Found 3 web elements with id: 'Object Repository/Filtreler/Butonlar' located by 'By.cssSelector: .dxb>span' in '10' second(s)

2021-11-19 16:51:31 - [MESSAGE][PASSED] - Method.TextDegerineEsitElementeTikla is PASSED

2021-11-19 16:51:31 - [MESSAGE][PASSED] - Call Test Case 'Test Cases/Filtreler/ButonaTikla' successfully

2021-11-19 16:51:31 - [MESSAGE][INFO] - Checking called Test Case

2021-11-19 16:51:31 - [MESSAGE][INFO] - Starting to call Test Case 'Test Cases/Tablo/TablodaVeriVarMi'

2021-11-19 16:51:32 - [TEST_CASE][PASSED] - Test Cases/Tablo/TablodaVeriVarMi: Test Cases/Tablo/TablodaVeriVarMi

2021-11-19 16:51:32 - [TEST_STEP][PASSED] - verifyTextNotPresent("Görüntülenecek veri yok", true): Text 'Görüntülenecek veri yok' is not present on page using regular expression

2021-11-19 16:51:32 - [MESSAGE][INFO] - Checking text present  using regular expression

2021-11-19 16:51:32 - [MESSAGE][INFO] - Smart Wait Function is triggered

2021-11-19 16:51:32 - [MESSAGE][INFO] - Finding text 'Görüntülenecek veri yok' on page  using regular expression

2021-11-19 16:51:32 - [MESSAGE][PASSED] - Text 'Görüntülenecek veri yok' is not present on page using regular expression

2021-11-19 16:51:32 - [MESSAGE][PASSED] - Call Test Case 'Test Cases/Tablo/TablodaVeriVarMi' successfully

2021-11-19 16:51:32 - [MESSAGE][INFO] - Checking called Test Case

2021-11-19 16:51:32 - [MESSAGE][INFO] - Starting to call Test Case 'Test Cases/Tablo/TablodaVeriBasariliMiArsiv'

2021-11-19 16:51:32 - [TEST_CASE][PASSED] - Test Cases/Tablo/TablodaVeriBasariliMiArsiv: Test Cases/Tablo/TablodaVeriBasariliMiArsiv

2021-11-19 16:51:32 - [TEST_STEP][PASSED] - sayac = 80: null

2021-11-19 16:51:32 - [TEST_STEP][PASSED] - while (verifyElementText(findTestObject("Object Repository/Tablo/DurumBilgisiArsiv"), "Henüz Sonuçlanmadı", OPTIONAL)): Actual text 'Başarılı' and expected text 'Henüz Sonuçlanmadı' of test object 'Object Repository/Tablo/DurumBilgisiArsiv' are NOT matched. (Root cause: com.kms.katalon.core.exception.StepFailedException: Actual text 'Başarılı' and expected text 'Henüz Sonuçlanmadı' of test object 'Object Repository/Tablo/DurumBilgisiArsiv' are NOT matched.
	at com.kms.katalon.core.webui.keyword.internal.WebUIKeywordMain.stepFailed(WebUIKeywordMain.groovy:64)
	at com.kms.katalon.core.webui.keyword.builtin.VerifyElementTextKeyword$_verifyElementText_closure1.doCall(VerifyElementTextKeyword.groovy:57)
	at com.kms.katalon.core.webui.keyword.builtin.VerifyElementTextKeyword$_verifyElementText_closure1.call(VerifyElementTextKeyword.groovy)
	at com.kms.katalon.core.webui.keyword.internal.WebUIKeywordMain.runKeyword(WebUIKeywordMain.groovy:20)
	at com.kms.katalon.core.webui.keyword.builtin.VerifyElementTextKeyword.verifyElementText(VerifyElementTextKeyword.groovy:72)
	at com.kms.katalon.core.webui.keyword.builtin.VerifyElementTextKeyword.execute(VerifyElementTextKeyword.groovy:40)
	at com.kms.katalon.core.keyword.internal.KeywordExecutor.executeKeywordForPlatform(KeywordExecutor.groovy:73)
	at com.kms.katalon.core.webui.keyword.WebUiBuiltInKeywords.verifyElementText(WebUiBuiltInKeywords.groovy:4733)
	at com.kms.katalon.core.webui.keyword.WebUiBuiltInKeywords$verifyElementText$20.call(Unknown Source)
	at TablodaVeriBasariliMiArsiv.run(TablodaVeriBasariliMiArsiv:22)
	at com.kms.katalon.core.main.ScriptEngine.run(ScriptEngine.java:194)
	at com.kms.katalon.core.main.ScriptEngine.runScriptAsRawText(ScriptEngine.java:119)
	at com.kms.katalon.core.main.TestCaseExecutor.runScript(TestCaseExecutor.java:369)
	at com.kms.katalon.core.main.TestCaseExecutor.doExecute(TestCaseExecutor.java:360)
	at com.kms.katalon.core.main.TestCaseExecutor.processExecutionPhase(TestCaseExecutor.java:339)
	at com.kms.katalon.core.main.TestCaseExecutor.accessMainPhase(TestCaseExecutor.java:331)
	at com.kms.katalon.core.main.TestCaseExecutor.execute(TestCaseExecutor.java:248)
	at com.kms.katalon.core.main.TestCaseMain.runTestCase(TestCaseMain.java:138)
	at com.kms.katalon.core.keyword.builtin.CallTestCaseKeyword$_callTestCase_closure1.doCall(CallTestCaseKeyword.groovy:59)
	at com.kms.katalon.core.keyword.builtin.CallTestCaseKeyword$_callTestCase_closure1.call(CallTestCaseKeyword.groovy)
	at com.kms.katalon.core.keyword.internal.KeywordMain.runKeyword(KeywordMain.groovy:68)
	at com.kms.katalon.core.keyword.builtin.CallTestCaseKeyword.callTestCase(CallTestCaseKeyword.groovy:81)
	at com.kms.katalon.core.keyword.builtin.CallTestCaseKeyword.execute(CallTestCaseKeyword.groovy:44)
	at com.kms.katalon.core.keyword.internal.KeywordExecutor.executeKeywordForPlatform(KeywordExecutor.groovy:73)
	at com.kms.katalon.core.keyword.BuiltinKeywords.callTestCase(BuiltinKeywords.groovy:334)
	at tablo.tablo.tablodaVeriBasariliMiArsiv(tablo.groovy:95)
	at cucumber.runtime.Utils$1.call(Utils.java:26)
	at cucumber.runtime.Timeout.timeout(Timeout.java:16)
	at cucumber.runtime.Utils.invoke(Utils.java:20)
	at cucumber.runtime.java.JavaStepDefinition.execute(JavaStepDefinition.java:49)
	at cucumber.runner.PickleStepDefinitionMatch.runStep(PickleStepDefinitionMatch.java:50)
	at cucumber.runner.TestStep.executeStep(TestStep.java:63)
	at cucumber.runner.TestStep.run(TestStep.java:49)
	at cucumber.runner.PickleStepTestStep.run(PickleStepTestStep.java:43)
	at cucumber.runner.TestCase.run(TestCase.java:44)
	at cucumber.runner.Runner.runPickle(Runner.java:40)
	at cucumber.runtime.Runtime$1.run(Runtime.java:84)
	at cucumber.runtime.Runtime$SameThreadExecutorService.execute(Runtime.java:220)
	at cucumber.runtime.Runtime.run(Runtime.java:81)
	at cucumber.api.cli.Main.run(Main.java:26)
	at cucumber.api.cli.Main$run.call(Unknown Source)
	at com.kms.katalon.core.cucumber.keyword.CucumberBuiltinKeywords$_runFeatureFile_closure1.doCall(CucumberBuiltinKeywords.groovy:106)
	at com.kms.katalon.core.cucumber.keyword.CucumberBuiltinKeywords$_runFeatureFile_closure1.doCall(CucumberBuiltinKeywords.groovy)
	at com.kms.katalon.core.keyword.internal.KeywordMain.runKeyword(KeywordMain.groovy:68)
	at com.kms.katalon.core.keyword.internal.KeywordMain$runKeyword.call(Unknown Source)
	at com.kms.katalon.core.cucumber.keyword.CucumberBuiltinKeywords.runFeatureFile(CucumberBuiltinKeywords.groovy:73)
	at com.kms.katalon.core.cucumber.keyword.CucumberBuiltinKeywords$runFeatureFile$0.callStatic(Unknown Source)
	at com.kms.katalon.core.cucumber.keyword.CucumberBuiltinKeywords.runFeatureFile(CucumberBuiltinKeywords.groovy:246)
	at com.kms.katalon.core.cucumber.keyword.CucumberBuiltinKeywords$runFeatureFile.call(Unknown Source)
	at VKN-Elektronik-Hal Satis.run(VKN-Elektronik-Hal Satis:19)
	at com.kms.katalon.core.main.ScriptEngine.run(ScriptEngine.java:194)
	at com.kms.katalon.core.main.ScriptEngine.runScriptAsRawText(ScriptEngine.java:119)
	at com.kms.katalon.core.main.TestCaseExecutor.runScript(TestCaseExecutor.java:369)
	at com.kms.katalon.core.main.TestCaseExecutor.doExecute(TestCaseExecutor.java:360)
	at com.kms.katalon.core.main.TestCaseExecutor.processExecutionPhase(TestCaseExecutor.java:339)
	at com.kms.katalon.core.main.TestCaseExecutor.accessMainPhase(TestCaseExecutor.java:331)
	at com.kms.katalon.core.main.TestCaseExecutor.execute(TestCaseExecutor.java:248)
	at com.kms.katalon.core.main.TestSuiteExecutor.accessTestCaseMainPhase(TestSuiteExecutor.java:191)
	at com.kms.katalon.core.main.TestSuiteExecutor.accessTestSuiteMainPhase(TestSuiteExecutor.java:140)
	at com.kms.katalon.core.main.TestSuiteExecutor.execute(TestSuiteExecutor.java:89)
	at com.kms.katalon.core.main.TestCaseMain.startTestSuite(TestCaseMain.java:181)
	at com.kms.katalon.core.main.TestCaseMain$startTestSuite$0.call(Unknown Source)
	at TempTestSuite1637329560940.run(TempTestSuite1637329560940.groovy:39)
)

2021-11-19 16:51:32 - [MESSAGE][INFO] - Finding Test Object 'Object Repository/Tablo/DurumBilgisiArsiv'

2021-11-19 16:51:32 - [MESSAGE][INFO] - Checking object

2021-11-19 16:51:32 - [MESSAGE][INFO] - Finding web element from Test Object's properties

2021-11-19 16:51:32 - [MESSAGE][INFO] - Checking timeout

2021-11-19 16:51:32 - [MESSAGE][INFO] - Finding web element with id: 'Object Repository/Tablo/DurumBilgisiArsiv' located by 'By.xpath: //*[@id = 'GridViewEArchiveInvoices_tccell0_9']' in '30' second(s)

2021-11-19 16:51:32 - [MESSAGE][INFO] - Smart Wait Function is triggered

2021-11-19 16:51:33 - [MESSAGE][INFO] - Found 1 web elements with id: 'Object Repository/Tablo/DurumBilgisiArsiv' located by 'By.xpath: //*[@id = 'GridViewEArchiveInvoices_tccell0_9']' in '30' second(s)

2021-11-19 16:51:33 - [MESSAGE][WARNING] - Actual text 'Başarılı' and expected text 'Henüz Sonuçlanmadı' of test object 'Object Repository/Tablo/DurumBilgisiArsiv' are NOT matched. (Root cause: com.kms.katalon.core.exception.StepFailedException: Actual text 'Başarılı' and expected text 'Henüz Sonuçlanmadı' of test object 'Object Repository/Tablo/DurumBilgisiArsiv' are NOT matched.
	at com.kms.katalon.core.webui.keyword.internal.WebUIKeywordMain.stepFailed(WebUIKeywordMain.groovy:64)
	at com.kms.katalon.core.webui.keyword.builtin.VerifyElementTextKeyword$_verifyElementText_closure1.doCall(VerifyElementTextKeyword.groovy:57)
	at com.kms.katalon.core.webui.keyword.builtin.VerifyElementTextKeyword$_verifyElementText_closure1.call(VerifyElementTextKeyword.groovy)
	at com.kms.katalon.core.webui.keyword.internal.WebUIKeywordMain.runKeyword(WebUIKeywordMain.groovy:20)
	at com.kms.katalon.core.webui.keyword.builtin.VerifyElementTextKeyword.verifyElementText(VerifyElementTextKeyword.groovy:72)
	at com.kms.katalon.core.webui.keyword.builtin.VerifyElementTextKeyword.execute(VerifyElementTextKeyword.groovy:40)
	at com.kms.katalon.core.keyword.internal.KeywordExecutor.executeKeywordForPlatform(KeywordExecutor.groovy:73)
	at com.kms.katalon.core.webui.keyword.WebUiBuiltInKeywords.verifyElementText(WebUiBuiltInKeywords.groovy:4733)
	at com.kms.katalon.core.webui.keyword.WebUiBuiltInKeywords$verifyElementText$20.call(Unknown Source)
	at TablodaVeriBasariliMiArsiv.run(TablodaVeriBasariliMiArsiv:22)
	at com.kms.katalon.core.main.ScriptEngine.run(ScriptEngine.java:194)
	at com.kms.katalon.core.main.ScriptEngine.runScriptAsRawText(ScriptEngine.java:119)
	at com.kms.katalon.core.main.TestCaseExecutor.runScript(TestCaseExecutor.java:369)
	at com.kms.katalon.core.main.TestCaseExecutor.doExecute(TestCaseExecutor.java:360)
	at com.kms.katalon.core.main.TestCaseExecutor.processExecutionPhase(TestCaseExecutor.java:339)
	at com.kms.katalon.core.main.TestCaseExecutor.accessMainPhase(TestCaseExecutor.java:331)
	at com.kms.katalon.core.main.TestCaseExecutor.execute(TestCaseExecutor.java:248)
	at com.kms.katalon.core.main.TestCaseMain.runTestCase(TestCaseMain.java:138)
	at com.kms.katalon.core.keyword.builtin.CallTestCaseKeyword$_callTestCase_closure1.doCall(CallTestCaseKeyword.groovy:59)
	at com.kms.katalon.core.keyword.builtin.CallTestCaseKeyword$_callTestCase_closure1.call(CallTestCaseKeyword.groovy)
	at com.kms.katalon.core.keyword.internal.KeywordMain.runKeyword(KeywordMain.groovy:68)
	at com.kms.katalon.core.keyword.builtin.CallTestCaseKeyword.callTestCase(CallTestCaseKeyword.groovy:81)
	at com.kms.katalon.core.keyword.builtin.CallTestCaseKeyword.execute(CallTestCaseKeyword.groovy:44)
	at com.kms.katalon.core.keyword.internal.KeywordExecutor.executeKeywordForPlatform(KeywordExecutor.groovy:73)
	at com.kms.katalon.core.keyword.BuiltinKeywords.callTestCase(BuiltinKeywords.groovy:334)
	at tablo.tablo.tablodaVeriBasariliMiArsiv(tablo.groovy:95)
	at cucumber.runtime.Utils$1.call(Utils.java:26)
	at cucumber.runtime.Timeout.timeout(Timeout.java:16)
	at cucumber.runtime.Utils.invoke(Utils.java:20)
	at cucumber.runtime.java.JavaStepDefinition.execute(JavaStepDefinition.java:49)
	at cucumber.runner.PickleStepDefinitionMatch.runStep(PickleStepDefinitionMatch.java:50)
	at cucumber.runner.TestStep.executeStep(TestStep.java:63)
	at cucumber.runner.TestStep.run(TestStep.java:49)
	at cucumber.runner.PickleStepTestStep.run(PickleStepTestStep.java:43)
	at cucumber.runner.TestCase.run(TestCase.java:44)
	at cucumber.runner.Runner.runPickle(Runner.java:40)
	at cucumber.runtime.Runtime$1.run(Runtime.java:84)
	at cucumber.runtime.Runtime$SameThreadExecutorService.execute(Runtime.java:220)
	at cucumber.runtime.Runtime.run(Runtime.java:81)
	at cucumber.api.cli.Main.run(Main.java:26)
	at cucumber.api.cli.Main$run.call(Unknown Source)
	at com.kms.katalon.core.cucumber.keyword.CucumberBuiltinKeywords$_runFeatureFile_closure1.doCall(CucumberBuiltinKeywords.groovy:106)
	at com.kms.katalon.core.cucumber.keyword.CucumberBuiltinKeywords$_runFeatureFile_closure1.doCall(CucumberBuiltinKeywords.groovy)
	at com.kms.katalon.core.keyword.internal.KeywordMain.runKeyword(KeywordMain.groovy:68)
	at com.kms.katalon.core.keyword.internal.KeywordMain$runKeyword.call(Unknown Source)
	at com.kms.katalon.core.cucumber.keyword.CucumberBuiltinKeywords.runFeatureFile(CucumberBuiltinKeywords.groovy:73)
	at com.kms.katalon.core.cucumber.keyword.CucumberBuiltinKeywords$runFeatureFile$0.callStatic(Unknown Source)
	at com.kms.katalon.core.cucumber.keyword.CucumberBuiltinKeywords.runFeatureFile(CucumberBuiltinKeywords.groovy:246)
	at com.kms.katalon.core.cucumber.keyword.CucumberBuiltinKeywords$runFeatureFile.call(Unknown Source)
	at VKN-Elektronik-Hal Satis.run(VKN-Elektronik-Hal Satis:19)
	at com.kms.katalon.core.main.ScriptEngine.run(ScriptEngine.java:194)
	at com.kms.katalon.core.main.ScriptEngine.runScriptAsRawText(ScriptEngine.java:119)
	at com.kms.katalon.core.main.TestCaseExecutor.runScript(TestCaseExecutor.java:369)
	at com.kms.katalon.core.main.TestCaseExecutor.doExecute(TestCaseExecutor.java:360)
	at com.kms.katalon.core.main.TestCaseExecutor.processExecutionPhase(TestCaseExecutor.java:339)
	at com.kms.katalon.core.main.TestCaseExecutor.accessMainPhase(TestCaseExecutor.java:331)
	at com.kms.katalon.core.main.TestCaseExecutor.execute(TestCaseExecutor.java:248)
	at com.kms.katalon.core.main.TestSuiteExecutor.accessTestCaseMainPhase(TestSuiteExecutor.java:191)
	at com.kms.katalon.core.main.TestSuiteExecutor.accessTestSuiteMainPhase(TestSuiteExecutor.java:140)
	at com.kms.katalon.core.main.TestSuiteExecutor.execute(TestSuiteExecutor.java:89)
	at com.kms.katalon.core.main.TestCaseMain.startTestSuite(TestCaseMain.java:181)
	at com.kms.katalon.core.main.TestCaseMain$startTestSuite$0.call(Unknown Source)
	at TempTestSuite1637329560940.run(TempTestSuite1637329560940.groovy:39)
)

2021-11-19 16:51:33 - [TEST_STEP][PASSED] - Method.TextDegerineEsitElementVarMi(findTestObject("Object Repository/Tablo/DurumBilgisiArsiv"), "Başarılı"): Method.TextDegerineEsitElementVarMi is PASSED

2021-11-19 16:51:33 - [MESSAGE][INFO] - Finding Test Object 'Object Repository/Tablo/DurumBilgisiArsiv'

2021-11-19 16:51:33 - [MESSAGE][INFO] - Checking timeout

2021-11-19 16:51:33 - [MESSAGE][INFO] - Finding web element with id: 'Object Repository/Tablo/DurumBilgisiArsiv' located by 'By.xpath: //*[@id = 'GridViewEArchiveInvoices_tccell0_9']' in '10' second(s)

2021-11-19 16:51:33 - [MESSAGE][INFO] - Smart Wait Function is triggered

2021-11-19 16:51:33 - [MESSAGE][INFO] - Found 1 web elements with id: 'Object Repository/Tablo/DurumBilgisiArsiv' located by 'By.xpath: //*[@id = 'GridViewEArchiveInvoices_tccell0_9']' in '10' second(s)

2021-11-19 16:51:33 - [MESSAGE][PASSED] - Method.TextDegerineEsitElementVarMi is PASSED

2021-11-19 16:51:33 - [MESSAGE][PASSED] - Call Test Case 'Test Cases/Tablo/TablodaVeriBasariliMiArsiv' successfully

2021-11-19 16:51:33 - [MESSAGE][INFO] - Checking called Test Case

2021-11-19 16:51:33 - [MESSAGE][INFO] - Starting to call Test Case 'Test Cases/Kullanici_Islemleri/KullaniciIslemlerindenSecimYapilir'

2021-11-19 16:51:33 - [TEST_CASE][PASSED] - Test Cases/Kullanici_Islemleri/KullaniciIslemlerindenSecimYapilir: Test Cases/Kullanici_Islemleri/KullaniciIslemlerindenSecimYapilir

2021-11-19 16:51:33 - [TEST_STEP][PASSED] - waitForElementClickable(findTestObject("Object Repository/Kullanici_Islemleri/KullaniciIslemleri"), 10): Object 'Object Repository/Kullanici_Islemleri/KullaniciIslemleri' is clickable

2021-11-19 16:51:33 - [MESSAGE][INFO] - Finding Test Object 'Object Repository/Kullanici_Islemleri/KullaniciIslemleri'

2021-11-19 16:51:33 - [MESSAGE][INFO] - Checking object

2021-11-19 16:51:33 - [MESSAGE][INFO] - Checking timeout

2021-11-19 16:51:33 - [MESSAGE][INFO] - Finding web element from Test Object's properties

2021-11-19 16:51:33 - [MESSAGE][INFO] - Checking timeout

2021-11-19 16:51:33 - [MESSAGE][INFO] - Finding web element with id: 'Object Repository/Kullanici_Islemleri/KullaniciIslemleri' located by 'By.cssSelector: .dropdown>a>img' in '10' second(s)

2021-11-19 16:51:33 - [MESSAGE][INFO] - Smart Wait Function is triggered

2021-11-19 16:51:34 - [MESSAGE][INFO] - Found 1 web elements with id: 'Object Repository/Kullanici_Islemleri/KullaniciIslemleri' located by 'By.cssSelector: .dropdown>a>img' in '10' second(s)

2021-11-19 16:51:34 - [MESSAGE][PASSED] - Object 'Object Repository/Kullanici_Islemleri/KullaniciIslemleri' is clickable

2021-11-19 16:51:34 - [TEST_STEP][PASSED] - click(findTestObject("Object Repository/Kullanici_Islemleri/KullaniciIslemleri")): Object: 'Object Repository/Kullanici_Islemleri/KullaniciIslemleri' is clicked on

2021-11-19 16:51:34 - [MESSAGE][INFO] - Finding Test Object 'Object Repository/Kullanici_Islemleri/KullaniciIslemleri'

2021-11-19 16:51:34 - [MESSAGE][INFO] - Checking object

2021-11-19 16:51:34 - [MESSAGE][INFO] - Finding web element from Test Object's properties

2021-11-19 16:51:34 - [MESSAGE][INFO] - Checking timeout

2021-11-19 16:51:34 - [MESSAGE][INFO] - Finding web element with id: 'Object Repository/Kullanici_Islemleri/KullaniciIslemleri' located by 'By.cssSelector: .dropdown>a>img' in '30' second(s)

2021-11-19 16:51:34 - [MESSAGE][INFO] - Smart Wait Function is triggered

2021-11-19 16:51:34 - [MESSAGE][INFO] - Found 1 web elements with id: 'Object Repository/Kullanici_Islemleri/KullaniciIslemleri' located by 'By.cssSelector: .dropdown>a>img' in '30' second(s)

2021-11-19 16:51:34 - [MESSAGE][INFO] - Clicking on object: 'Object Repository/Kullanici_Islemleri/KullaniciIslemleri'

2021-11-19 16:51:34 - [MESSAGE][PASSED] - Object: 'Object Repository/Kullanici_Islemleri/KullaniciIslemleri' is clicked on

2021-11-19 16:51:34 - [TEST_STEP][PASSED] - Method.TextDegerineEsitElementeTikla(findTestObject("Object Repository/Kullanici_Islemleri/Secenekler"), Islem): Method.TextDegerineEsitElementeTikla is PASSED

2021-11-19 16:51:34 - [MESSAGE][INFO] - Finding Test Object 'Object Repository/Kullanici_Islemleri/Secenekler'

2021-11-19 16:51:34 - [MESSAGE][INFO] - Checking timeout

2021-11-19 16:51:34 - [MESSAGE][INFO] - Finding web element with id: 'Object Repository/Kullanici_Islemleri/Secenekler' located by 'By.cssSelector: .nav.navbar-nav.navbar-right li a' in '10' second(s)

2021-11-19 16:51:34 - [MESSAGE][INFO] - Smart Wait Function is triggered

2021-11-19 16:51:34 - [MESSAGE][INFO] - Found 22 web elements with id: 'Object Repository/Kullanici_Islemleri/Secenekler' located by 'By.cssSelector: .nav.navbar-nav.navbar-right li a' in '10' second(s)

2021-11-19 16:51:36 - [MESSAGE][PASSED] - Method.TextDegerineEsitElementeTikla is PASSED

2021-11-19 16:51:36 - [TEST_STEP][PASSED] - verifyElementNotPresent(findTestObject("Object Repository/Kullanici_Islemleri/Secenekler"), 10): Web element with id: 'Object Repository/Kullanici_Islemleri/Secenekler' located by 'By.cssSelector: .nav.navbar-nav.navbar-right li a' is not present after '10' second(s)

2021-11-19 16:51:36 - [MESSAGE][INFO] - Finding Test Object 'Object Repository/Kullanici_Islemleri/Secenekler'

2021-11-19 16:51:36 - [MESSAGE][INFO] - Checking object

2021-11-19 16:51:36 - [MESSAGE][INFO] - Checking timeout

2021-11-19 16:51:36 - [MESSAGE][INFO] - Finding web element with id: 'Object Repository/Kullanici_Islemleri/Secenekler' located by 'By.cssSelector: .nav.navbar-nav.navbar-right li a' in '10' second(s)

2021-11-19 16:51:36 - [MESSAGE][INFO] - Smart Wait Function is triggered

2021-11-19 16:51:37 - [MESSAGE][PASSED] - Web element with id: 'Object Repository/Kullanici_Islemleri/Secenekler' located by 'By.cssSelector: .nav.navbar-nav.navbar-right li a' is not present after '10' second(s)

2021-11-19 16:51:37 - [MESSAGE][PASSED] - Call Test Case 'Test Cases/Kullanici_Islemleri/KullaniciIslemlerindenSecimYapilir' successfully

2021-11-19 16:51:37 - [TEST_CASE][PASSED] - Start Test Case : SCENARIO Gonderim tipi Kagit ve Hal Satis tipinde e-Arsiv faturasi olusturulmasi: SCENARIO Gonderim tipi Kagit ve Hal Satis tipinde e-Arsiv faturasi olusturulmasi

2021-11-19 16:51:37 - [TEST_STEP][PASSED] - Kullanıcı adı HALSATIS ve Şifre test1234 olarak giriş yapılır: Kullanıcı adı HALSATIS ve Şifre test1234 olarak giriş yapılır

2021-11-19 16:51:37 - [MESSAGE][PASSED] - Kullanıcı adı HALSATIS ve Şifre test1234 olarak giriş yapılır

2021-11-19 16:51:37 - [TEST_STEP][PASSED] - Ana menüden e-Arşiv seçilir: Ana menüden e-Arşiv seçilir

2021-11-19 16:51:37 - [MESSAGE][PASSED] - Ana menüden e-Arşiv seçilir

2021-11-19 16:51:37 - [TEST_STEP][PASSED] - Alt menü e-Arşiv Araçları başlığı altındaki e-Arşiv Fatura Oluşturma seçilir: Alt menü e-Arşiv Araçları başlığı altındaki e-Arşiv Fatura Oluşturma seçilir

2021-11-19 16:51:37 - [MESSAGE][PASSED] - Alt menü e-Arşiv Araçları başlığı altındaki e-Arşiv Fatura Oluşturma seçilir

2021-11-19 16:51:37 - [TEST_STEP][PASSED] - Tablodaki tüm veriler silinir: Tablodaki tüm veriler silinir

2021-11-19 16:51:37 - [MESSAGE][PASSED] - Tablodaki tüm veriler silinir

2021-11-19 16:51:37 - [TEST_STEP][PASSED] - Butonlardan Ekle isimli butona tıklanır: Butonlardan Ekle isimli butona tıklanır

2021-11-19 16:51:37 - [MESSAGE][PASSED] - Butonlardan Ekle isimli butona tıklanır

2021-11-19 16:51:37 - [TEST_STEP][PASSED] - Görsel tasarım sayfasının e-Arşiv Fatura Bilgileri başlığını içerdiği kontrol edilir: Görsel tasarım sayfasının e-Arşiv Fatura Bilgileri başlığını içerdiği kontrol edilir

2021-11-19 16:51:37 - [MESSAGE][PASSED] - Görsel tasarım sayfasının e-Arşiv Fatura Bilgileri başlığını içerdiği kontrol edilir

2021-11-19 16:51:37 - [TEST_STEP][PASSED] - Alıcı adı alanına UC0002 girilir: Alıcı adı alanına UC0002 girilir

2021-11-19 16:51:37 - [MESSAGE][PASSED] - Alıcı adı alanına UC0002 girilir

2021-11-19 16:51:37 - [TEST_STEP][PASSED] - Gönderim Şekli Elektronik olarak seçilir: Gönderim Şekli Elektronik olarak seçilir

2021-11-19 16:51:37 - [MESSAGE][PASSED] - Gönderim Şekli Elektronik olarak seçilir

2021-11-19 16:51:37 - [TEST_STEP][PASSED] - Tip alanından Hal Satış seçilir: Tip alanından Hal Satış seçilir

2021-11-19 16:51:37 - [MESSAGE][PASSED] - Tip alanından Hal Satış seçilir

2021-11-19 16:51:37 - [TEST_STEP][PASSED] - Döküman Para Birimi alanından Türk Lirası seçilir: Döküman Para Birimi alanından Türk Lirası seçilir

2021-11-19 16:51:37 - [MESSAGE][PASSED] - Döküman Para Birimi alanından Türk Lirası seçilir

2021-11-19 16:51:37 - [TEST_STEP][PASSED] - Ön Ek YIG olarak seçilir: Ön Ek YIG olarak seçilir

2021-11-19 16:51:37 - [MESSAGE][PASSED] - Ön Ek YIG olarak seçilir

2021-11-19 16:51:37 - [TEST_STEP][PASSED] - Tasarım alanından Otomasyon seçilir: Tasarım alanından Otomasyon seçilir

2021-11-19 16:51:37 - [MESSAGE][PASSED] - Tasarım alanından Otomasyon seçilir

2021-11-19 16:51:37 - [TEST_STEP][PASSED] - Sipariş bilgileri UUC-SAT-1200001 ve 30.04.2020 olarak girilir: Sipariş bilgileri UUC-SAT-1200001 ve 30.04.2020 olarak girilir

2021-11-19 16:51:37 - [MESSAGE][PASSED] - Sipariş bilgileri UUC-SAT-1200001 ve 30.04.2020 olarak girilir

2021-11-19 16:51:37 - [TEST_STEP][PASSED] - İrsaliye Bilgileri AAAAAAAAAA,30.04.2020 olarak girilir: İrsaliye Bilgileri AAAAAAAAAA,30.04.2020 olarak girilir

2021-11-19 16:51:37 - [MESSAGE][PASSED] - İrsaliye Bilgileri AAAAAAAAAA,30.04.2020 olarak girilir

2021-11-19 16:51:37 - [TEST_STEP][PASSED] - Ekle butonuna basılır: Ekle butonuna basılır

2021-11-19 16:51:37 - [MESSAGE][PASSED] - Ekle butonuna basılır

2021-11-19 16:51:37 - [TEST_STEP][PASSED] - Ürün ekleme alanında Mal/Hizmet başlığına Otomasyon girilir: Ürün ekleme alanında Mal/Hizmet başlığına Otomasyon girilir

2021-11-19 16:51:37 - [MESSAGE][PASSED] - Ürün ekleme alanında Mal/Hizmet başlığına Otomasyon girilir

2021-11-19 16:51:37 - [TEST_STEP][PASSED] - Ürün ekleme alanında Açıklaması başlığına Virgosol girilir: Ürün ekleme alanında Açıklaması başlığına Virgosol girilir

2021-11-19 16:51:37 - [MESSAGE][PASSED] - Ürün ekleme alanında Açıklaması başlığına Virgosol girilir

2021-11-19 16:51:37 - [TEST_STEP][PASSED] - Ürün ekleme alanında Künye Numarası başlığına 1234567890123456789 girilir: Ürün ekleme alanında Künye Numarası başlığına 1234567890123456789 girilir

2021-11-19 16:51:37 - [MESSAGE][PASSED] - Ürün ekleme alanında Künye Numarası başlığına 1234567890123456789 girilir

2021-11-19 16:51:37 - [TEST_STEP][PASSED] - Ürün ekleme alanında Vkn/Tckn başlığına 11111111110 girilir: Ürün ekleme alanında Vkn/Tckn başlığına 11111111110 girilir

2021-11-19 16:51:37 - [MESSAGE][PASSED] - Ürün ekleme alanında Vkn/Tckn başlığına 11111111110 girilir

2021-11-19 16:51:37 - [TEST_STEP][PASSED] - Ürün ekleme alanında Mal Sahibi başlığına AAAAAAAAA girilir: Ürün ekleme alanında Mal Sahibi başlığına AAAAAAAAA girilir

2021-11-19 16:51:37 - [MESSAGE][PASSED] - Ürün ekleme alanında Mal Sahibi başlığına AAAAAAAAA girilir

2021-11-19 16:51:37 - [TEST_STEP][PASSED] - Ürün ekleme alanında Miktarı başlığına 400 girilir: Ürün ekleme alanında Miktarı başlığına 400 girilir

2021-11-19 16:51:37 - [MESSAGE][PASSED] - Ürün ekleme alanında Miktarı başlığına 400 girilir

2021-11-19 16:51:37 - [TEST_STEP][PASSED] - Ürün ekleme alanında Birim Fiyat başlığına 100 girilir: Ürün ekleme alanında Birim Fiyat başlığına 100 girilir

2021-11-19 16:51:37 - [MESSAGE][PASSED] - Ürün ekleme alanında Birim Fiyat başlığına 100 girilir

2021-11-19 16:51:37 - [TEST_STEP][PASSED] - Ürün ekleme alanında İskonto Oranı % başlığına 10 girilir: Ürün ekleme alanında İskonto Oranı % başlığına 10 girilir

2021-11-19 16:51:37 - [MESSAGE][PASSED] - Ürün ekleme alanında İskonto Oranı % başlığına 10 girilir

2021-11-19 16:51:37 - [TEST_STEP][PASSED] - Notlar alanına Otomasyon Not girilir: Notlar alanına Otomasyon Not girilir

2021-11-19 16:51:37 - [MESSAGE][PASSED] - Notlar alanına Otomasyon Not girilir

2021-11-19 16:51:37 - [TEST_STEP][PASSED] - Ettn bilgisi kayıt edilir: Ettn bilgisi kayıt edilir

2021-11-19 16:51:37 - [MESSAGE][PASSED] - Ettn bilgisi kayıt edilir

2021-11-19 16:51:37 - [TEST_STEP][PASSED] - Kaydet butonu seçilir: Kaydet butonu seçilir

2021-11-19 16:51:37 - [MESSAGE][PASSED] - Kaydet butonu seçilir

2021-11-19 16:51:37 - [TEST_STEP][PASSED] - Tabloda Ettn bilgisi kaydedilen veri oluşturuldu mu: Tabloda Ettn bilgisi kaydedilen veri oluşturuldu mu

2021-11-19 16:51:37 - [MESSAGE][PASSED] - Tabloda Ettn bilgisi kaydedilen veri oluşturuldu mu

2021-11-19 16:51:37 - [TEST_STEP][PASSED] - Tablodan Ettn bilgisi kaydedilen veri seçilir: Tablodan Ettn bilgisi kaydedilen veri seçilir

2021-11-19 16:51:37 - [MESSAGE][PASSED] - Tablodan Ettn bilgisi kaydedilen veri seçilir

2021-11-19 16:51:37 - [TEST_STEP][PASSED] - Butonlardan Numara Oluştur isimli butona tıklanır: Butonlardan Numara Oluştur isimli butona tıklanır

2021-11-19 16:51:37 - [MESSAGE][PASSED] - Butonlardan Numara Oluştur isimli butona tıklanır

2021-11-19 16:51:37 - [TEST_STEP][PASSED] - Popup mesajı Devam etmek istiyor musunuz içeriyor mu: Popup mesajı Devam etmek istiyor musunuz içeriyor mu

2021-11-19 16:51:37 - [MESSAGE][PASSED] - Popup mesajı Devam etmek istiyor musunuz içeriyor mu

2021-11-19 16:51:37 - [TEST_STEP][PASSED] - Yönetim popupında Evet seçilir: Yönetim popupında Evet seçilir

2021-11-19 16:51:37 - [MESSAGE][PASSED] - Yönetim popupında Evet seçilir

2021-11-19 16:51:37 - [TEST_STEP][PASSED] - Popup mesajı oluşmuştur içeriyor mu: Popup mesajı oluşmuştur içeriyor mu

2021-11-19 16:51:37 - [MESSAGE][PASSED] - Popup mesajı oluşmuştur içeriyor mu

2021-11-19 16:51:37 - [TEST_STEP][PASSED] - Yönetim popupında Tamam seçilir: Yönetim popupında Tamam seçilir

2021-11-19 16:51:37 - [MESSAGE][PASSED] - Yönetim popupında Tamam seçilir

2021-11-19 16:51:37 - [TEST_STEP][PASSED] - Tablodan Ettn bilgisi kaydedilen veri seçilir: Tablodan Ettn bilgisi kaydedilen veri seçilir

2021-11-19 16:51:37 - [MESSAGE][PASSED] - Tablodan Ettn bilgisi kaydedilen veri seçilir

2021-11-19 16:51:37 - [TEST_STEP][PASSED] - Butonlardan Gönder isimli butona tıklanır: Butonlardan Gönder isimli butona tıklanır

2021-11-19 16:51:37 - [MESSAGE][PASSED] - Butonlardan Gönder isimli butona tıklanır

2021-11-19 16:51:37 - [TEST_STEP][PASSED] - Popup mesajı Devam etmek istiyor musunuz içeriyor mu: Popup mesajı Devam etmek istiyor musunuz içeriyor mu

2021-11-19 16:51:37 - [MESSAGE][PASSED] - Popup mesajı Devam etmek istiyor musunuz içeriyor mu

2021-11-19 16:51:37 - [TEST_STEP][PASSED] - Yönetim popupında Evet seçilir: Yönetim popupında Evet seçilir

2021-11-19 16:51:37 - [MESSAGE][PASSED] - Yönetim popupında Evet seçilir

2021-11-19 16:51:37 - [TEST_STEP][PASSED] - Ana menüden e-Arşiv seçilir: Ana menüden e-Arşiv seçilir

2021-11-19 16:51:37 - [MESSAGE][PASSED] - Ana menüden e-Arşiv seçilir

2021-11-19 16:51:37 - [TEST_STEP][PASSED] - Alt menü e-Arşiv Hareketleri başlığı altındaki e-Arşiv Faturaları seçilir: Alt menü e-Arşiv Hareketleri başlığı altındaki e-Arşiv Faturaları seçilir

2021-11-19 16:51:37 - [MESSAGE][PASSED] - Alt menü e-Arşiv Hareketleri başlığı altındaki e-Arşiv Faturaları seçilir

2021-11-19 16:51:37 - [TEST_STEP][PASSED] - Filtrelerden Ettn filtresine Ettn bilgisi yaz: Filtrelerden Ettn filtresine Ettn bilgisi yaz

2021-11-19 16:51:37 - [MESSAGE][PASSED] - Filtrelerden Ettn filtresine Ettn bilgisi yaz

2021-11-19 16:51:37 - [TEST_STEP][PASSED] - Filtre butonlarından Listele seçilir: Filtre butonlarından Listele seçilir

2021-11-19 16:51:37 - [MESSAGE][PASSED] - Filtre butonlarından Listele seçilir

2021-11-19 16:51:37 - [TEST_STEP][PASSED] - Tabloda veri var mı kontrol edilir: Tabloda veri var mı kontrol edilir

2021-11-19 16:51:37 - [MESSAGE][PASSED] - Tabloda veri var mı kontrol edilir

2021-11-19 16:51:37 - [TEST_STEP][PASSED] - Tabloda yeni oluşturulan eArsiv verisi başarılı mı: Tabloda yeni oluşturulan eArsiv verisi başarılı mı

2021-11-19 16:51:37 - [MESSAGE][PASSED] - Tabloda yeni oluşturulan eArsiv verisi başarılı mı

2021-11-19 16:51:37 - [TEST_STEP][PASSED] - Kullanıcı işlemlerinden Çıkış seçilir: Kullanıcı işlemlerinden Çıkış seçilir

2021-11-19 16:51:37 - [MESSAGE][PASSED] - Kullanıcı işlemlerinden Çıkış seçilir

2021-11-19 16:51:37 - [MESSAGE][PASSED] - Feature file: 'Include/features/Regresyon/e-Arsiv/VKN-Elektronik-Hal Satis.feature' was passed

2021-11-19 16:51:37 - [TEST_STEP][PASSED] - Start listener action : sampleAfterTestSuite: Invoke 'com.kms.katalon.core.annotation.AfterTestCase' method: 'Listener.sampleAfterTestSuite(...)' completed.

2021-11-19 16:51:37 - [MESSAGE][INFO] - Starting invoke 'com.kms.katalon.core.annotation.AfterTestCase' method: 'Listener.sampleAfterTestSuite(...)'

2021-11-19 16:51:37 - [TEST_STEP][PASSED] - closeBrowser(): Invoke 'com.kms.katalon.core.annotation.AfterTestCase' method: 'Listener.sampleAfterTestSuite(...)' completed.

2021-11-19 16:51:37 - [MESSAGE][INFO] - Closing browser

2021-11-19 16:51:37 - [MESSAGE][PASSED] - Browser is closed

2021-11-19 16:51:37 - [MESSAGE][INFO] - Invoke 'com.kms.katalon.core.annotation.AfterTestCase' method: 'Listener.sampleAfterTestSuite(...)' completed.]]></system-out>
         <system-err><![CDATA[]]></system-err>
      </testcase>
      <testcase name="Test Cases/Case Repository/Regresyon/e-Arsiv/VKN-Elektronik-Iade" time="114.909" classname="Test Cases/Case Repository/Regresyon/e-Arsiv/VKN-Elektronik-Iade" status="PASSED">
         <system-out><![CDATA[2021-11-19 16:51:37 - [TEST_CASE][PASSED] - Test Cases/Case Repository/Regresyon/e-Arsiv/VKN-Elektronik-Iade: Test Cases/Case Repository/Regresyon/e-Arsiv/VKN-Elektronik-Iade

2021-11-19 16:51:37 - [TEST_STEP][PASSED] - Start listener action : sampleBeforeTestSuite: Invoke 'com.kms.katalon.core.annotation.BeforeTestCase' method: 'Listener.sampleBeforeTestSuite(...)' completed.

2021-11-19 16:51:37 - [MESSAGE][INFO] - Starting invoke 'com.kms.katalon.core.annotation.BeforeTestCase' method: 'Listener.sampleBeforeTestSuite(...)'

2021-11-19 16:51:37 - [TEST_STEP][PASSED] - openBrowser(baseUrl): Browser is opened with url: 'https://efatura-stage.elogo.com.tr/'

2021-11-19 16:51:37 - [MESSAGE][INFO] - Opening browser

2021-11-19 16:51:37 - [MESSAGE][INFO] - Starting 'Chrome' driver

2021-11-19 16:51:37 - [MESSAGE][INFO] - User set preference: ['prefs', '{download.default_directory=C:\otomasyondownfiles}']

2021-11-19 16:51:37 - [MESSAGE][INFO] - Action delay is set to 0 milliseconds

2021-11-19 16:51:39 - [MESSAGE][INFO] - Navigating browser to: 'https://efatura-stage.elogo.com.tr/'

2021-11-19 16:51:41 - [MESSAGE][PASSED] - Browser is opened with url: 'https://efatura-stage.elogo.com.tr/'

2021-11-19 16:51:41 - [TEST_STEP][PASSED] - maximizeWindow(): Invoke 'com.kms.katalon.core.annotation.BeforeTestCase' method: 'Listener.sampleBeforeTestSuite(...)' completed.

2021-11-19 16:51:41 - [MESSAGE][INFO] - Maximizing current window

2021-11-19 16:51:42 - [MESSAGE][PASSED] - Current window maximized

2021-11-19 16:51:42 - [MESSAGE][INFO] - Invoke 'com.kms.katalon.core.annotation.BeforeTestCase' method: 'Listener.sampleBeforeTestSuite(...)' completed.

2021-11-19 16:51:42 - [TEST_STEP][PASSED] - runFeatureFile("Include/features/Regresyon/e-Arsiv/VKN-Elektronik-Iade.feature"): Feature file: 'Include/features/Regresyon/e-Arsiv/VKN-Elektronik-Iade.feature' was passed

2021-11-19 16:51:42 - [MESSAGE][INFO] - Starting run keyword runFeatureFile: 'Include/features/Regresyon/e-Arsiv/VKN-Elektronik-Iade.feature' and extract report to folder: 'C:\Users\DELL\Documents\GitHub\EES_KatalonLogo\Reports\20211119_164526\Suite Repository\Regresyon-eArsiv-eMakbuz\20211119_164600/cucumber_report/1637329902680'...

2021-11-19 16:51:42 - [MESSAGE][INFO] - Glue: []

2021-11-19 16:51:44 - [MESSAGE][INFO] - Checking called Test Case

2021-11-19 16:51:44 - [MESSAGE][INFO] - Starting to call Test Case 'Test Cases/Sayfalar/Giris_Sayfasi/Login'

2021-11-19 16:51:44 - [TEST_CASE][PASSED] - Test Cases/Sayfalar/Giris_Sayfasi/Login: Test Cases/Sayfalar/Giris_Sayfasi/Login

2021-11-19 16:51:44 - [TEST_STEP][PASSED] - Sayfa_Basligi = getWindowTitle(): Current window's title is: 'LOGO e-Fatura'

2021-11-19 16:51:44 - [MESSAGE][INFO] - Getting current window's title

2021-11-19 16:51:44 - [MESSAGE][PASSED] - Current window's title is: 'LOGO e-Fatura'

2021-11-19 16:51:44 - [TEST_STEP][PASSED] - verifyMatch(Sayfa_Basligi, "LOGO e-Fatura", false): Actual text 'LOGO e-Fatura' and expected text 'LOGO e-Fatura' are matched 

2021-11-19 16:51:44 - [MESSAGE][INFO] - Matching actual text 'LOGO e-Fatura' with expected text 'LOGO e-Fatura'

2021-11-19 16:51:44 - [MESSAGE][PASSED] - Actual text 'LOGO e-Fatura' and expected text 'LOGO e-Fatura' are matched 

2021-11-19 16:51:44 - [TEST_STEP][PASSED] - sendKeys(findTestObject("Sayfalar/Giris_Sayfasi/Firma_Kodu"), KullaniciAdi): Keys 'EARIADE' sent to object: 'Object Repository/Sayfalar/Giris_Sayfasi/Firma_Kodu'

2021-11-19 16:51:44 - [MESSAGE][INFO] - Finding Test Object 'Object Repository/Sayfalar/Giris_Sayfasi/Firma_Kodu'

2021-11-19 16:51:45 - [MESSAGE][INFO] - Sending keys 'EARIADE' to object: 'Object Repository/Sayfalar/Giris_Sayfasi/Firma_Kodu'

2021-11-19 16:51:45 - [MESSAGE][INFO] - Finding web element from Test Object's properties

2021-11-19 16:51:45 - [MESSAGE][INFO] - Checking timeout

2021-11-19 16:51:45 - [MESSAGE][INFO] - Finding web element with id: 'Object Repository/Sayfalar/Giris_Sayfasi/Firma_Kodu' located by 'By.xpath: //*[@id = 'AccountName']' in '30' second(s)

2021-11-19 16:51:45 - [MESSAGE][INFO] - Smart Wait Function is triggered

2021-11-19 16:51:45 - [MESSAGE][INFO] - Found 1 web elements with id: 'Object Repository/Sayfalar/Giris_Sayfasi/Firma_Kodu' located by 'By.xpath: //*[@id = 'AccountName']' in '30' second(s)

2021-11-19 16:51:45 - [MESSAGE][PASSED] - Keys 'EARIADE' sent to object: 'Object Repository/Sayfalar/Giris_Sayfasi/Firma_Kodu'

2021-11-19 16:51:45 - [TEST_STEP][PASSED] - sendKeys(findTestObject("Sayfalar/Giris_Sayfasi/Sifre"), Sifre): Keys 'test1234' sent to object: 'Object Repository/Sayfalar/Giris_Sayfasi/Sifre'

2021-11-19 16:51:45 - [MESSAGE][INFO] - Finding Test Object 'Object Repository/Sayfalar/Giris_Sayfasi/Sifre'

2021-11-19 16:51:45 - [MESSAGE][INFO] - Sending keys 'test1234' to object: 'Object Repository/Sayfalar/Giris_Sayfasi/Sifre'

2021-11-19 16:51:45 - [MESSAGE][INFO] - Finding web element from Test Object's properties

2021-11-19 16:51:45 - [MESSAGE][INFO] - Checking timeout

2021-11-19 16:51:45 - [MESSAGE][INFO] - Finding web element with id: 'Object Repository/Sayfalar/Giris_Sayfasi/Sifre' located by 'By.xpath: //*[@id = 'Password']' in '30' second(s)

2021-11-19 16:51:45 - [MESSAGE][INFO] - Smart Wait Function is triggered

2021-11-19 16:51:45 - [MESSAGE][INFO] - Found 1 web elements with id: 'Object Repository/Sayfalar/Giris_Sayfasi/Sifre' located by 'By.xpath: //*[@id = 'Password']' in '30' second(s)

2021-11-19 16:51:46 - [MESSAGE][PASSED] - Keys 'test1234' sent to object: 'Object Repository/Sayfalar/Giris_Sayfasi/Sifre'

2021-11-19 16:51:46 - [TEST_STEP][PASSED] - findWebElement(findTestObject("Sayfalar/Giris_Sayfasi/Giris_Butonu")).click(): Found 1 web elements with id: 'Object Repository/Sayfalar/Giris_Sayfasi/Giris_Butonu' located by 'By.cssSelector: #btnLogin' in '30' second(s)

2021-11-19 16:51:46 - [MESSAGE][INFO] - Finding Test Object 'Object Repository/Sayfalar/Giris_Sayfasi/Giris_Butonu'

2021-11-19 16:51:46 - [MESSAGE][INFO] - Finding web element from Test Object's properties

2021-11-19 16:51:46 - [MESSAGE][INFO] - Checking timeout

2021-11-19 16:51:46 - [MESSAGE][INFO] - Finding web element with id: 'Object Repository/Sayfalar/Giris_Sayfasi/Giris_Butonu' located by 'By.cssSelector: #btnLogin' in '30' second(s)

2021-11-19 16:51:46 - [MESSAGE][INFO] - Smart Wait Function is triggered

2021-11-19 16:51:46 - [MESSAGE][INFO] - Found 1 web elements with id: 'Object Repository/Sayfalar/Giris_Sayfasi/Giris_Butonu' located by 'By.cssSelector: #btnLogin' in '30' second(s)

2021-11-19 16:51:48 - [TEST_STEP][PASSED] - if (verifyElementPresent(findTestObject("Object Repository/Sayfalar/Giris_Sayfasi/RetveTamam_Butonu"), 5, OPTIONAL)): null

2021-11-19 16:51:48 - [MESSAGE][INFO] - Finding Test Object 'Object Repository/Sayfalar/Giris_Sayfasi/RetveTamam_Butonu'

2021-11-19 16:51:48 - [MESSAGE][INFO] - Checking object

2021-11-19 16:51:48 - [MESSAGE][INFO] - Finding web element from Test Object's properties

2021-11-19 16:51:48 - [MESSAGE][INFO] - Checking timeout

2021-11-19 16:51:48 - [MESSAGE][INFO] - Finding web element with id: 'Object Repository/Sayfalar/Giris_Sayfasi/RetveTamam_Butonu' located by 'By.xpath: //*[@class = 'btn btn-default']' in '5' second(s)

2021-11-19 16:51:48 - [MESSAGE][INFO] - Smart Wait Function is triggered

2021-11-19 16:51:48 - [MESSAGE][INFO] - Found 1 web elements with id: 'Object Repository/Sayfalar/Giris_Sayfasi/RetveTamam_Butonu' located by 'By.xpath: //*[@class = 'btn btn-default']' in '5' second(s)

2021-11-19 16:51:48 - [MESSAGE][PASSED] - Object 'Object Repository/Sayfalar/Giris_Sayfasi/RetveTamam_Butonu' is present

2021-11-19 16:51:48 - [TEST_STEP][PASSED] - click(findTestObject("Object Repository/Sayfalar/Giris_Sayfasi/RetveTamam_Butonu")): Object: 'Object Repository/Sayfalar/Giris_Sayfasi/RetveTamam_Butonu' is clicked on

2021-11-19 16:51:48 - [MESSAGE][INFO] - Finding Test Object 'Object Repository/Sayfalar/Giris_Sayfasi/RetveTamam_Butonu'

2021-11-19 16:51:48 - [MESSAGE][INFO] - Checking object

2021-11-19 16:51:48 - [MESSAGE][INFO] - Finding web element from Test Object's properties

2021-11-19 16:51:48 - [MESSAGE][INFO] - Checking timeout

2021-11-19 16:51:48 - [MESSAGE][INFO] - Finding web element with id: 'Object Repository/Sayfalar/Giris_Sayfasi/RetveTamam_Butonu' located by 'By.xpath: //*[@class = 'btn btn-default']' in '30' second(s)

2021-11-19 16:51:48 - [MESSAGE][INFO] - Smart Wait Function is triggered

2021-11-19 16:51:49 - [MESSAGE][INFO] - Found 1 web elements with id: 'Object Repository/Sayfalar/Giris_Sayfasi/RetveTamam_Butonu' located by 'By.xpath: //*[@class = 'btn btn-default']' in '30' second(s)

2021-11-19 16:51:49 - [MESSAGE][INFO] - Clicking on object: 'Object Repository/Sayfalar/Giris_Sayfasi/RetveTamam_Butonu'

2021-11-19 16:51:49 - [MESSAGE][PASSED] - Object: 'Object Repository/Sayfalar/Giris_Sayfasi/RetveTamam_Butonu' is clicked on

2021-11-19 16:51:49 - [TEST_STEP][PASSED] - click(findTestObject("Object Repository/Sayfalar/Giris_Sayfasi/RetveTamam_Butonu")): Object: 'Object Repository/Sayfalar/Giris_Sayfasi/RetveTamam_Butonu' is clicked on

2021-11-19 16:51:49 - [MESSAGE][INFO] - Finding Test Object 'Object Repository/Sayfalar/Giris_Sayfasi/RetveTamam_Butonu'

2021-11-19 16:51:49 - [MESSAGE][INFO] - Checking object

2021-11-19 16:51:49 - [MESSAGE][INFO] - Finding web element from Test Object's properties

2021-11-19 16:51:49 - [MESSAGE][INFO] - Checking timeout

2021-11-19 16:51:49 - [MESSAGE][INFO] - Finding web element with id: 'Object Repository/Sayfalar/Giris_Sayfasi/RetveTamam_Butonu' located by 'By.xpath: //*[@class = 'btn btn-default']' in '30' second(s)

2021-11-19 16:51:49 - [MESSAGE][INFO] - Smart Wait Function is triggered

2021-11-19 16:51:52 - [MESSAGE][INFO] - Found 1 web elements with id: 'Object Repository/Sayfalar/Giris_Sayfasi/RetveTamam_Butonu' located by 'By.xpath: //*[@class = 'btn btn-default']' in '30' second(s)

2021-11-19 16:51:52 - [MESSAGE][INFO] - Clicking on object: 'Object Repository/Sayfalar/Giris_Sayfasi/RetveTamam_Butonu'

2021-11-19 16:51:52 - [MESSAGE][PASSED] - Object: 'Object Repository/Sayfalar/Giris_Sayfasi/RetveTamam_Butonu' is clicked on

2021-11-19 16:51:52 - [TEST_STEP][PASSED] - if (verifyElementPresent(findTestObject("Sayfalar/Giris_Sayfasi/PopupOK"), 5, OPTIONAL)): com.kms.katalon.core.webui.exception.WebElementNotFoundException: Web element with id: 'Object Repository/Sayfalar/Giris_Sayfasi/PopupOK' located by '.btn.btn-success' not found (Root cause: com.kms.katalon.core.exception.StepFailedException: com.kms.katalon.core.webui.exception.WebElementNotFoundException: Web element with id: 'Object Repository/Sayfalar/Giris_Sayfasi/PopupOK' located by '.btn.btn-success' not found
	at com.kms.katalon.core.webui.keyword.internal.WebUIKeywordMain.stepFailed(WebUIKeywordMain.groovy:64)
	at com.kms.katalon.core.webui.keyword.builtin.VerifyElementPresentKeyword$_verifyElementPresent_closure1.doCall(VerifyElementPresentKeyword.groovy:85)
	at com.kms.katalon.core.webui.keyword.builtin.VerifyElementPresentKeyword$_verifyElementPresent_closure1.call(VerifyElementPresentKeyword.groovy)
	at com.kms.katalon.core.webui.keyword.internal.WebUIKeywordMain.runKeyword(WebUIKeywordMain.groovy:20)
	at com.kms.katalon.core.webui.keyword.builtin.VerifyElementPresentKeyword.verifyElementPresent(VerifyElementPresentKeyword.groovy:92)
	at com.kms.katalon.core.webui.keyword.builtin.VerifyElementPresentKeyword.execute(VerifyElementPresentKeyword.groovy:68)
	at com.kms.katalon.core.keyword.internal.KeywordExecutor.executeKeywordForPlatform(KeywordExecutor.groovy:73)
	at com.kms.katalon.core.webui.keyword.WebUiBuiltInKeywords.verifyElementPresent(WebUiBuiltInKeywords.groovy:1448)
	at com.kms.katalon.core.webui.keyword.WebUiBuiltInKeywords$verifyElementPresent$4.call(Unknown Source)
	at Login.run(Login:40)
	at com.kms.katalon.core.main.ScriptEngine.run(ScriptEngine.java:194)
	at com.kms.katalon.core.main.ScriptEngine.runScriptAsRawText(ScriptEngine.java:119)
	at com.kms.katalon.core.main.TestCaseExecutor.runScript(TestCaseExecutor.java:369)
	at com.kms.katalon.core.main.TestCaseExecutor.doExecute(TestCaseExecutor.java:360)
	at com.kms.katalon.core.main.TestCaseExecutor.processExecutionPhase(TestCaseExecutor.java:339)
	at com.kms.katalon.core.main.TestCaseExecutor.accessMainPhase(TestCaseExecutor.java:331)
	at com.kms.katalon.core.main.TestCaseExecutor.execute(TestCaseExecutor.java:248)
	at com.kms.katalon.core.main.TestCaseMain.runTestCase(TestCaseMain.java:138)
	at com.kms.katalon.core.keyword.builtin.CallTestCaseKeyword$_callTestCase_closure1.doCall(CallTestCaseKeyword.groovy:59)
	at com.kms.katalon.core.keyword.builtin.CallTestCaseKeyword$_callTestCase_closure1.call(CallTestCaseKeyword.groovy)
	at com.kms.katalon.core.keyword.internal.KeywordMain.runKeyword(KeywordMain.groovy:68)
	at com.kms.katalon.core.keyword.builtin.CallTestCaseKeyword.callTestCase(CallTestCaseKeyword.groovy:81)
	at com.kms.katalon.core.keyword.builtin.CallTestCaseKeyword.execute(CallTestCaseKeyword.groovy:44)
	at com.kms.katalon.core.keyword.internal.KeywordExecutor.executeKeywordForPlatform(KeywordExecutor.groovy:73)
	at com.kms.katalon.core.keyword.BuiltinKeywords.callTestCase(BuiltinKeywords.groovy:334)
	at sayfalar.girisSayfasi.login(girisSayfasi.groovy:50)
	at cucumber.runtime.Utils$1.call(Utils.java:26)
	at cucumber.runtime.Timeout.timeout(Timeout.java:16)
	at cucumber.runtime.Utils.invoke(Utils.java:20)
	at cucumber.runtime.java.JavaStepDefinition.execute(JavaStepDefinition.java:49)
	at cucumber.runner.PickleStepDefinitionMatch.runStep(PickleStepDefinitionMatch.java:50)
	at cucumber.runner.TestStep.executeStep(TestStep.java:63)
	at cucumber.runner.TestStep.run(TestStep.java:49)
	at cucumber.runner.PickleStepTestStep.run(PickleStepTestStep.java:43)
	at cucumber.runner.TestCase.run(TestCase.java:44)
	at cucumber.runner.Runner.runPickle(Runner.java:40)
	at cucumber.runtime.Runtime$1.run(Runtime.java:84)
	at cucumber.runtime.Runtime$SameThreadExecutorService.execute(Runtime.java:220)
	at cucumber.runtime.Runtime.run(Runtime.java:81)
	at cucumber.api.cli.Main.run(Main.java:26)
	at cucumber.api.cli.Main$run.call(Unknown Source)
	at com.kms.katalon.core.cucumber.keyword.CucumberBuiltinKeywords$_runFeatureFile_closure1.doCall(CucumberBuiltinKeywords.groovy:106)
	at com.kms.katalon.core.cucumber.keyword.CucumberBuiltinKeywords$_runFeatureFile_closure1.doCall(CucumberBuiltinKeywords.groovy)
	at com.kms.katalon.core.keyword.internal.KeywordMain.runKeyword(KeywordMain.groovy:68)
	at com.kms.katalon.core.keyword.internal.KeywordMain$runKeyword.call(Unknown Source)
	at com.kms.katalon.core.cucumber.keyword.CucumberBuiltinKeywords.runFeatureFile(CucumberBuiltinKeywords.groovy:73)
	at com.kms.katalon.core.cucumber.keyword.CucumberBuiltinKeywords$runFeatureFile$0.callStatic(Unknown Source)
	at com.kms.katalon.core.cucumber.keyword.CucumberBuiltinKeywords.runFeatureFile(CucumberBuiltinKeywords.groovy:246)
	at com.kms.katalon.core.cucumber.keyword.CucumberBuiltinKeywords$runFeatureFile.call(Unknown Source)
	at VKN-Elektronik-Iade.run(VKN-Elektronik-Iade:19)
	at com.kms.katalon.core.main.ScriptEngine.run(ScriptEngine.java:194)
	at com.kms.katalon.core.main.ScriptEngine.runScriptAsRawText(ScriptEngine.java:119)
	at com.kms.katalon.core.main.TestCaseExecutor.runScript(TestCaseExecutor.java:369)
	at com.kms.katalon.core.main.TestCaseExecutor.doExecute(TestCaseExecutor.java:360)
	at com.kms.katalon.core.main.TestCaseExecutor.processExecutionPhase(TestCaseExecutor.java:339)
	at com.kms.katalon.core.main.TestCaseExecutor.accessMainPhase(TestCaseExecutor.java:331)
	at com.kms.katalon.core.main.TestCaseExecutor.execute(TestCaseExecutor.java:248)
	at com.kms.katalon.core.main.TestSuiteExecutor.accessTestCaseMainPhase(TestSuiteExecutor.java:191)
	at com.kms.katalon.core.main.TestSuiteExecutor.accessTestSuiteMainPhase(TestSuiteExecutor.java:140)
	at com.kms.katalon.core.main.TestSuiteExecutor.execute(TestSuiteExecutor.java:89)
	at com.kms.katalon.core.main.TestCaseMain.startTestSuite(TestCaseMain.java:181)
	at com.kms.katalon.core.main.TestCaseMain$startTestSuite$0.call(Unknown Source)
	at TempTestSuite1637329560940.run(TempTestSuite1637329560940.groovy:39)
)

2021-11-19 16:51:52 - [MESSAGE][INFO] - Finding Test Object 'Object Repository/Sayfalar/Giris_Sayfasi/PopupOK'

2021-11-19 16:51:52 - [MESSAGE][INFO] - Checking object

2021-11-19 16:51:52 - [MESSAGE][INFO] - Finding web element from Test Object's properties

2021-11-19 16:51:52 - [MESSAGE][INFO] - Checking timeout

2021-11-19 16:51:52 - [MESSAGE][INFO] - Finding web element with id: 'Object Repository/Sayfalar/Giris_Sayfasi/PopupOK' located by 'By.cssSelector: .btn.btn-success' in '5' second(s)

2021-11-19 16:51:52 - [MESSAGE][INFO] - Smart Wait Function is triggered

2021-11-19 16:51:53 - [MESSAGE][INFO] - Smart Wait Function is triggered

2021-11-19 16:51:53 - [MESSAGE][INFO] - Smart Wait Function is triggered

2021-11-19 16:51:53 - [MESSAGE][INFO] - Smart Wait Function is triggered

2021-11-19 16:51:53 - [MESSAGE][INFO] - Smart Wait Function is triggered

2021-11-19 16:51:54 - [MESSAGE][INFO] - Smart Wait Function is triggered

2021-11-19 16:51:54 - [MESSAGE][INFO] - Smart Wait Function is triggered

2021-11-19 16:51:54 - [MESSAGE][INFO] - Smart Wait Function is triggered

2021-11-19 16:51:54 - [MESSAGE][INFO] - Smart Wait Function is triggered

2021-11-19 16:51:55 - [MESSAGE][INFO] - Smart Wait Function is triggered

2021-11-19 16:51:55 - [MESSAGE][INFO] - Smart Wait Function is triggered

2021-11-19 16:51:55 - [MESSAGE][INFO] - Smart Wait Function is triggered

2021-11-19 16:51:56 - [MESSAGE][INFO] - Smart Wait Function is triggered

2021-11-19 16:51:56 - [MESSAGE][INFO] - Smart Wait Function is triggered

2021-11-19 16:51:56 - [MESSAGE][INFO] - Smart Wait Function is triggered

2021-11-19 16:51:57 - [MESSAGE][INFO] - Smart Wait Function is triggered

2021-11-19 16:51:57 - [MESSAGE][INFO] - Smart Wait Function is triggered

2021-11-19 16:51:57 - [MESSAGE][INFO] - Smart Wait Function is triggered

2021-11-19 16:51:58 - [MESSAGE][INFO] - Smart Wait Function is triggered

2021-11-19 16:51:58 - [MESSAGE][INFO] - Unable to find the element located by 'By.cssSelector: .btn.btn-success'. Please recheck the objects properties to make sure the desired element is located. 

2021-11-19 16:51:58 - [MESSAGE][WARNING] - com.kms.katalon.core.webui.exception.WebElementNotFoundException: Web element with id: 'Object Repository/Sayfalar/Giris_Sayfasi/PopupOK' located by '.btn.btn-success' not found (Root cause: com.kms.katalon.core.exception.StepFailedException: com.kms.katalon.core.webui.exception.WebElementNotFoundException: Web element with id: 'Object Repository/Sayfalar/Giris_Sayfasi/PopupOK' located by '.btn.btn-success' not found
	at com.kms.katalon.core.webui.keyword.internal.WebUIKeywordMain.stepFailed(WebUIKeywordMain.groovy:64)
	at com.kms.katalon.core.webui.keyword.builtin.VerifyElementPresentKeyword$_verifyElementPresent_closure1.doCall(VerifyElementPresentKeyword.groovy:85)
	at com.kms.katalon.core.webui.keyword.builtin.VerifyElementPresentKeyword$_verifyElementPresent_closure1.call(VerifyElementPresentKeyword.groovy)
	at com.kms.katalon.core.webui.keyword.internal.WebUIKeywordMain.runKeyword(WebUIKeywordMain.groovy:20)
	at com.kms.katalon.core.webui.keyword.builtin.VerifyElementPresentKeyword.verifyElementPresent(VerifyElementPresentKeyword.groovy:92)
	at com.kms.katalon.core.webui.keyword.builtin.VerifyElementPresentKeyword.execute(VerifyElementPresentKeyword.groovy:68)
	at com.kms.katalon.core.keyword.internal.KeywordExecutor.executeKeywordForPlatform(KeywordExecutor.groovy:73)
	at com.kms.katalon.core.webui.keyword.WebUiBuiltInKeywords.verifyElementPresent(WebUiBuiltInKeywords.groovy:1448)
	at com.kms.katalon.core.webui.keyword.WebUiBuiltInKeywords$verifyElementPresent$4.call(Unknown Source)
	at Login.run(Login:40)
	at com.kms.katalon.core.main.ScriptEngine.run(ScriptEngine.java:194)
	at com.kms.katalon.core.main.ScriptEngine.runScriptAsRawText(ScriptEngine.java:119)
	at com.kms.katalon.core.main.TestCaseExecutor.runScript(TestCaseExecutor.java:369)
	at com.kms.katalon.core.main.TestCaseExecutor.doExecute(TestCaseExecutor.java:360)
	at com.kms.katalon.core.main.TestCaseExecutor.processExecutionPhase(TestCaseExecutor.java:339)
	at com.kms.katalon.core.main.TestCaseExecutor.accessMainPhase(TestCaseExecutor.java:331)
	at com.kms.katalon.core.main.TestCaseExecutor.execute(TestCaseExecutor.java:248)
	at com.kms.katalon.core.main.TestCaseMain.runTestCase(TestCaseMain.java:138)
	at com.kms.katalon.core.keyword.builtin.CallTestCaseKeyword$_callTestCase_closure1.doCall(CallTestCaseKeyword.groovy:59)
	at com.kms.katalon.core.keyword.builtin.CallTestCaseKeyword$_callTestCase_closure1.call(CallTestCaseKeyword.groovy)
	at com.kms.katalon.core.keyword.internal.KeywordMain.runKeyword(KeywordMain.groovy:68)
	at com.kms.katalon.core.keyword.builtin.CallTestCaseKeyword.callTestCase(CallTestCaseKeyword.groovy:81)
	at com.kms.katalon.core.keyword.builtin.CallTestCaseKeyword.execute(CallTestCaseKeyword.groovy:44)
	at com.kms.katalon.core.keyword.internal.KeywordExecutor.executeKeywordForPlatform(KeywordExecutor.groovy:73)
	at com.kms.katalon.core.keyword.BuiltinKeywords.callTestCase(BuiltinKeywords.groovy:334)
	at sayfalar.girisSayfasi.login(girisSayfasi.groovy:50)
	at cucumber.runtime.Utils$1.call(Utils.java:26)
	at cucumber.runtime.Timeout.timeout(Timeout.java:16)
	at cucumber.runtime.Utils.invoke(Utils.java:20)
	at cucumber.runtime.java.JavaStepDefinition.execute(JavaStepDefinition.java:49)
	at cucumber.runner.PickleStepDefinitionMatch.runStep(PickleStepDefinitionMatch.java:50)
	at cucumber.runner.TestStep.executeStep(TestStep.java:63)
	at cucumber.runner.TestStep.run(TestStep.java:49)
	at cucumber.runner.PickleStepTestStep.run(PickleStepTestStep.java:43)
	at cucumber.runner.TestCase.run(TestCase.java:44)
	at cucumber.runner.Runner.runPickle(Runner.java:40)
	at cucumber.runtime.Runtime$1.run(Runtime.java:84)
	at cucumber.runtime.Runtime$SameThreadExecutorService.execute(Runtime.java:220)
	at cucumber.runtime.Runtime.run(Runtime.java:81)
	at cucumber.api.cli.Main.run(Main.java:26)
	at cucumber.api.cli.Main$run.call(Unknown Source)
	at com.kms.katalon.core.cucumber.keyword.CucumberBuiltinKeywords$_runFeatureFile_closure1.doCall(CucumberBuiltinKeywords.groovy:106)
	at com.kms.katalon.core.cucumber.keyword.CucumberBuiltinKeywords$_runFeatureFile_closure1.doCall(CucumberBuiltinKeywords.groovy)
	at com.kms.katalon.core.keyword.internal.KeywordMain.runKeyword(KeywordMain.groovy:68)
	at com.kms.katalon.core.keyword.internal.KeywordMain$runKeyword.call(Unknown Source)
	at com.kms.katalon.core.cucumber.keyword.CucumberBuiltinKeywords.runFeatureFile(CucumberBuiltinKeywords.groovy:73)
	at com.kms.katalon.core.cucumber.keyword.CucumberBuiltinKeywords$runFeatureFile$0.callStatic(Unknown Source)
	at com.kms.katalon.core.cucumber.keyword.CucumberBuiltinKeywords.runFeatureFile(CucumberBuiltinKeywords.groovy:246)
	at com.kms.katalon.core.cucumber.keyword.CucumberBuiltinKeywords$runFeatureFile.call(Unknown Source)
	at VKN-Elektronik-Iade.run(VKN-Elektronik-Iade:19)
	at com.kms.katalon.core.main.ScriptEngine.run(ScriptEngine.java:194)
	at com.kms.katalon.core.main.ScriptEngine.runScriptAsRawText(ScriptEngine.java:119)
	at com.kms.katalon.core.main.TestCaseExecutor.runScript(TestCaseExecutor.java:369)
	at com.kms.katalon.core.main.TestCaseExecutor.doExecute(TestCaseExecutor.java:360)
	at com.kms.katalon.core.main.TestCaseExecutor.processExecutionPhase(TestCaseExecutor.java:339)
	at com.kms.katalon.core.main.TestCaseExecutor.accessMainPhase(TestCaseExecutor.java:331)
	at com.kms.katalon.core.main.TestCaseExecutor.execute(TestCaseExecutor.java:248)
	at com.kms.katalon.core.main.TestSuiteExecutor.accessTestCaseMainPhase(TestSuiteExecutor.java:191)
	at com.kms.katalon.core.main.TestSuiteExecutor.accessTestSuiteMainPhase(TestSuiteExecutor.java:140)
	at com.kms.katalon.core.main.TestSuiteExecutor.execute(TestSuiteExecutor.java:89)
	at com.kms.katalon.core.main.TestCaseMain.startTestSuite(TestCaseMain.java:181)
	at com.kms.katalon.core.main.TestCaseMain$startTestSuite$0.call(Unknown Source)
	at TempTestSuite1637329560940.run(TempTestSuite1637329560940.groovy:39)
)

2021-11-19 16:51:58 - [TEST_STEP][PASSED] - verifyElementVisible(findTestObject("Object Repository/Kullanici_Islemleri/KullaniciIslemleri")): Object 'Object Repository/Kullanici_Islemleri/KullaniciIslemleri' is visible

2021-11-19 16:51:58 - [MESSAGE][INFO] - Finding Test Object 'Object Repository/Kullanici_Islemleri/KullaniciIslemleri'

2021-11-19 16:51:58 - [MESSAGE][INFO] - Checking object

2021-11-19 16:51:58 - [MESSAGE][INFO] - Finding web element from Test Object's properties

2021-11-19 16:51:58 - [MESSAGE][INFO] - Checking timeout

2021-11-19 16:51:58 - [MESSAGE][INFO] - Finding web element with id: 'Object Repository/Kullanici_Islemleri/KullaniciIslemleri' located by 'By.cssSelector: .dropdown>a>img' in '30' second(s)

2021-11-19 16:51:58 - [MESSAGE][INFO] - Smart Wait Function is triggered

2021-11-19 16:51:58 - [MESSAGE][INFO] - Found 1 web elements with id: 'Object Repository/Kullanici_Islemleri/KullaniciIslemleri' located by 'By.cssSelector: .dropdown>a>img' in '30' second(s)

2021-11-19 16:51:58 - [MESSAGE][PASSED] - Object 'Object Repository/Kullanici_Islemleri/KullaniciIslemleri' is visible

2021-11-19 16:51:58 - [MESSAGE][PASSED] - Call Test Case 'Test Cases/Sayfalar/Giris_Sayfasi/Login' successfully

2021-11-19 16:51:58 - [MESSAGE][INFO] - Checking called Test Case

2021-11-19 16:51:58 - [MESSAGE][INFO] - Starting to call Test Case 'Test Cases/Menu/AnaMenuSecimi'

2021-11-19 16:51:59 - [TEST_CASE][PASSED] - Test Cases/Menu/AnaMenuSecimi: Test Cases/Menu/AnaMenuSecimi

2021-11-19 16:51:59 - [TEST_STEP][PASSED] - Method.TextDegerineEsitElementeTikla(findTestObject("Menu/Ana_Menu"), Ana_Menu): Method.TextDegerineEsitElementeTikla is PASSED

2021-11-19 16:51:59 - [MESSAGE][INFO] - Finding Test Object 'Object Repository/Menu/Ana_Menu'

2021-11-19 16:51:59 - [MESSAGE][INFO] - Checking timeout

2021-11-19 16:51:59 - [MESSAGE][INFO] - Finding web element with id: 'Object Repository/Menu/Ana_Menu' located by 'By.xpath: //*[@class = 'dropdown-toggle']' in '10' second(s)

2021-11-19 16:51:59 - [MESSAGE][INFO] - Smart Wait Function is triggered

2021-11-19 16:51:59 - [MESSAGE][INFO] - Found 13 web elements with id: 'Object Repository/Menu/Ana_Menu' located by 'By.xpath: //*[@class = 'dropdown-toggle']' in '10' second(s)

2021-11-19 16:51:59 - [MESSAGE][PASSED] - Method.TextDegerineEsitElementeTikla is PASSED

2021-11-19 16:51:59 - [MESSAGE][PASSED] - Call Test Case 'Test Cases/Menu/AnaMenuSecimi' successfully

2021-11-19 16:51:59 - [MESSAGE][INFO] - Checking called Test Case

2021-11-19 16:51:59 - [MESSAGE][INFO] - Starting to call Test Case 'Test Cases/Menu/BasligaGoreAltMenuSecimi'

2021-11-19 16:51:59 - [TEST_CASE][PASSED] - Test Cases/Menu/BasligaGoreAltMenuSecimi: Test Cases/Menu/BasligaGoreAltMenuSecimi

2021-11-19 16:51:59 - [TEST_STEP][PASSED] - Method.TextDegerineEsitElementinAltindakiTextDegerineEsitOlanaTikla(findTestObject("Menu/Menu_Basligi"), findTestObject("Menu/Basliga_Gore_Alt_Menu"), Baslik, Alt_Menu): Method.TextDegerineEsitElementinAltindakiTextDegerineEsitOlanaTikla is PASSED

2021-11-19 16:51:59 - [MESSAGE][INFO] - Finding Test Object 'Object Repository/Menu/Menu_Basligi'

2021-11-19 16:51:59 - [MESSAGE][INFO] - Finding Test Object 'Object Repository/Menu/Basliga_Gore_Alt_Menu'

2021-11-19 16:51:59 - [MESSAGE][INFO] - Checking timeout

2021-11-19 16:51:59 - [MESSAGE][INFO] - Finding web element with id: 'Object Repository/Menu/Menu_Basligi' located by 'By.xpath: //li[@class='dropdown dropdown-large open']//li[@class='dropdown-header']' in '10' second(s)

2021-11-19 16:51:59 - [MESSAGE][INFO] - Smart Wait Function is triggered

2021-11-19 16:52:00 - [MESSAGE][INFO] - Found 2 web elements with id: 'Object Repository/Menu/Menu_Basligi' located by 'By.xpath: //li[@class='dropdown dropdown-large open']//li[@class='dropdown-header']' in '10' second(s)

2021-11-19 16:52:00 - [MESSAGE][INFO] - Smart Wait Function is triggered

2021-11-19 16:52:02 - [MESSAGE][PASSED] - Method.TextDegerineEsitElementinAltindakiTextDegerineEsitOlanaTikla is PASSED

2021-11-19 16:52:02 - [MESSAGE][PASSED] - Call Test Case 'Test Cases/Menu/BasligaGoreAltMenuSecimi' successfully

2021-11-19 16:52:02 - [MESSAGE][INFO] - Checking called Test Case

2021-11-19 16:52:02 - [MESSAGE][INFO] - Starting to call Test Case 'Test Cases/Tablo/Olusturma Tarihi'

2021-11-19 16:52:02 - [TEST_CASE][PASSED] - Test Cases/Tablo/Olusturma Tarihi: Test Cases/Tablo/Olusturma Tarihi

2021-11-19 16:52:02 - [TEST_STEP][PASSED] - if (verifyTextNotPresent("Görüntülenecek veri yok", true, OPTIONAL)): null

2021-11-19 16:52:02 - [MESSAGE][INFO] - Checking text present  using regular expression

2021-11-19 16:52:02 - [MESSAGE][INFO] - Smart Wait Function is triggered

2021-11-19 16:52:03 - [MESSAGE][INFO] - Finding text 'Görüntülenecek veri yok' on page  using regular expression

2021-11-19 16:52:03 - [MESSAGE][PASSED] - Text 'Görüntülenecek veri yok' is not present on page using regular expression

2021-11-19 16:52:03 - [TEST_STEP][PASSED] - click(findTestObject("Temizle/Olusturma_Tarihi_CheckBox")): Object: 'Object Repository/Temizle/Olusturma_Tarihi_CheckBox' is clicked on

2021-11-19 16:52:03 - [MESSAGE][INFO] - Finding Test Object 'Object Repository/Temizle/Olusturma_Tarihi_CheckBox'

2021-11-19 16:52:03 - [MESSAGE][INFO] - Checking object

2021-11-19 16:52:03 - [MESSAGE][INFO] - Finding web element from Test Object's properties

2021-11-19 16:52:03 - [MESSAGE][INFO] - Checking timeout

2021-11-19 16:52:03 - [MESSAGE][INFO] - Finding web element with id: 'Object Repository/Temizle/Olusturma_Tarihi_CheckBox' located by 'By.xpath: //*[@title = 'Bu sayfadaki tüm satırları Seç']' in '30' second(s)

2021-11-19 16:52:03 - [MESSAGE][INFO] - Smart Wait Function is triggered

2021-11-19 16:52:03 - [MESSAGE][INFO] - Found 1 web elements with id: 'Object Repository/Temizle/Olusturma_Tarihi_CheckBox' located by 'By.xpath: //*[@title = 'Bu sayfadaki tüm satırları Seç']' in '30' second(s)

2021-11-19 16:52:03 - [MESSAGE][INFO] - Clicking on object: 'Object Repository/Temizle/Olusturma_Tarihi_CheckBox'

2021-11-19 16:52:03 - [MESSAGE][PASSED] - Object: 'Object Repository/Temizle/Olusturma_Tarihi_CheckBox' is clicked on

2021-11-19 16:52:03 - [TEST_STEP][PASSED] - Method.TextDegerineEsitElementeTiklaEquals(findTestObject("Butonlar/Butonlar"), "Sil"): Method.TextDegerineEsitElementeTiklaEquals is PASSED

2021-11-19 16:52:03 - [MESSAGE][INFO] - Finding Test Object 'Object Repository/Butonlar/Butonlar'

2021-11-19 16:52:04 - [MESSAGE][INFO] - Checking timeout

2021-11-19 16:52:04 - [MESSAGE][INFO] - Finding web element with id: 'Object Repository/Butonlar/Butonlar' located by 'By.cssSelector: .panel.panel-default.text-center.footerPanel .btn,.btn.btn-primary.btnControls' in '10' second(s)

2021-11-19 16:52:04 - [MESSAGE][INFO] - Smart Wait Function is triggered

2021-11-19 16:52:04 - [MESSAGE][INFO] - Found 9 web elements with id: 'Object Repository/Butonlar/Butonlar' located by 'By.cssSelector: .panel.panel-default.text-center.footerPanel .btn,.btn.btn-primary.btnControls' in '10' second(s)

2021-11-19 16:52:05 - [MESSAGE][PASSED] - Method.TextDegerineEsitElementeTiklaEquals is PASSED

2021-11-19 16:52:05 - [TEST_STEP][PASSED] - Method.TextDegerineEsitElementeTikla(findTestObject("Popup/Popup_Butons"), "Evet"): Method.TextDegerineEsitElementeTikla is PASSED

2021-11-19 16:52:05 - [MESSAGE][INFO] - Finding Test Object 'Object Repository/Popup/Popup_Butons'

2021-11-19 16:52:05 - [MESSAGE][INFO] - Checking timeout

2021-11-19 16:52:05 - [MESSAGE][INFO] - Finding web element with id: 'Object Repository/Popup/Popup_Butons' located by 'By.cssSelector: .modal-footer>button' in '10' second(s)

2021-11-19 16:52:05 - [MESSAGE][INFO] - Smart Wait Function is triggered

2021-11-19 16:52:06 - [MESSAGE][INFO] - Found 2 web elements with id: 'Object Repository/Popup/Popup_Butons' located by 'By.cssSelector: .modal-footer>button' in '10' second(s)

2021-11-19 16:52:06 - [MESSAGE][PASSED] - Method.TextDegerineEsitElementeTikla is PASSED

2021-11-19 16:52:06 - [TEST_STEP][PASSED] - Method.TextDegerineEsitElementeTikla(findTestObject("Popup/Popup_Butons"), "Tamam"): Method.TextDegerineEsitElementeTikla is PASSED

2021-11-19 16:52:06 - [MESSAGE][INFO] - Finding Test Object 'Object Repository/Popup/Popup_Butons'

2021-11-19 16:52:06 - [MESSAGE][INFO] - Checking timeout

2021-11-19 16:52:06 - [MESSAGE][INFO] - Finding web element with id: 'Object Repository/Popup/Popup_Butons' located by 'By.cssSelector: .modal-footer>button' in '10' second(s)

2021-11-19 16:52:06 - [MESSAGE][INFO] - Smart Wait Function is triggered

2021-11-19 16:52:07 - [MESSAGE][INFO] - Found 1 web elements with id: 'Object Repository/Popup/Popup_Butons' located by 'By.cssSelector: .modal-footer>button' in '10' second(s)

2021-11-19 16:52:07 - [MESSAGE][PASSED] - Method.TextDegerineEsitElementeTikla is PASSED

2021-11-19 16:52:07 - [MESSAGE][PASSED] - Call Test Case 'Test Cases/Tablo/Olusturma Tarihi' successfully

2021-11-19 16:52:07 - [MESSAGE][INFO] - Checking called Test Case

2021-11-19 16:52:07 - [MESSAGE][INFO] - Starting to call Test Case 'Test Cases/Butonlar/ButonaTikla'

2021-11-19 16:52:07 - [TEST_CASE][PASSED] - Test Cases/Butonlar/ButonaTikla: Test Cases/Butonlar/ButonaTikla

2021-11-19 16:52:07 - [TEST_STEP][PASSED] - Method.TextDegerineEsitElementeTiklaEquals(findTestObject("Butonlar/Butonlar"), Buton_Adi): Method.TextDegerineEsitElementeTiklaEquals is PASSED

2021-11-19 16:52:07 - [MESSAGE][INFO] - Finding Test Object 'Object Repository/Butonlar/Butonlar'

2021-11-19 16:52:07 - [MESSAGE][INFO] - Checking timeout

2021-11-19 16:52:07 - [MESSAGE][INFO] - Finding web element with id: 'Object Repository/Butonlar/Butonlar' located by 'By.cssSelector: .panel.panel-default.text-center.footerPanel .btn,.btn.btn-primary.btnControls' in '10' second(s)

2021-11-19 16:52:07 - [MESSAGE][INFO] - Smart Wait Function is triggered

2021-11-19 16:52:08 - [MESSAGE][INFO] - Found 9 web elements with id: 'Object Repository/Butonlar/Butonlar' located by 'By.cssSelector: .panel.panel-default.text-center.footerPanel .btn,.btn.btn-primary.btnControls' in '10' second(s)

2021-11-19 16:52:08 - [MESSAGE][PASSED] - Method.TextDegerineEsitElementeTiklaEquals is PASSED

2021-11-19 16:52:08 - [MESSAGE][PASSED] - Call Test Case 'Test Cases/Butonlar/ButonaTikla' successfully

2021-11-19 16:52:08 - [MESSAGE][INFO] - Checking called Test Case

2021-11-19 16:52:08 - [MESSAGE][INFO] - Starting to call Test Case 'Test Cases/Olusturma/Genel/GorselTasarimSayfasıBasligiIceriyorMu'

2021-11-19 16:52:08 - [TEST_CASE][PASSED] - Test Cases/Olusturma/Genel/GorselTasarimSayfasıBasligiIceriyorMu: Test Cases/Olusturma/Genel/GorselTasarimSayfasıBasligiIceriyorMu

2021-11-19 16:52:08 - [TEST_STEP][PASSED] - verifyElementText(findTestObject("Object Repository/Olusturma/Genel/GorselTasarimBaslik"), Baslik): Actual text and expected text of test object 'Object Repository/Olusturma/Genel/GorselTasarimBaslik' are matched.

2021-11-19 16:52:08 - [MESSAGE][INFO] - Finding Test Object 'Object Repository/Olusturma/Genel/GorselTasarimBaslik'

2021-11-19 16:52:08 - [MESSAGE][INFO] - Checking object

2021-11-19 16:52:08 - [MESSAGE][INFO] - Finding web element from Test Object's properties

2021-11-19 16:52:08 - [MESSAGE][INFO] - Checking timeout

2021-11-19 16:52:08 - [MESSAGE][INFO] - Finding web element with id: 'Object Repository/Olusturma/Genel/GorselTasarimBaslik' located by 'By.cssSelector: #flAlici_0>div>span' in '30' second(s)

2021-11-19 16:52:08 - [MESSAGE][INFO] - Smart Wait Function is triggered

2021-11-19 16:52:15 - [MESSAGE][INFO] - Found 1 web elements with id: 'Object Repository/Olusturma/Genel/GorselTasarimBaslik' located by 'By.cssSelector: #flAlici_0>div>span' in '30' second(s)

2021-11-19 16:52:15 - [MESSAGE][PASSED] - Actual text and expected text of test object 'Object Repository/Olusturma/Genel/GorselTasarimBaslik' are matched.

2021-11-19 16:52:15 - [MESSAGE][PASSED] - Call Test Case 'Test Cases/Olusturma/Genel/GorselTasarimSayfasıBasligiIceriyorMu' successfully

2021-11-19 16:52:15 - [MESSAGE][INFO] - Checking called Test Case

2021-11-19 16:52:15 - [MESSAGE][INFO] - Starting to call Test Case 'Test Cases/Olusturma/Genel/AliciSecilir'

2021-11-19 16:52:15 - [TEST_CASE][PASSED] - Test Cases/Olusturma/Genel/AliciSecilir: Test Cases/Olusturma/Genel/AliciSecilir

2021-11-19 16:52:15 - [TEST_STEP][PASSED] - click(findTestObject("Olusturma/Genel/AliciBilgisi/Alici_Ara")): Object: 'Object Repository/Olusturma/Genel/AliciBilgisi/Alici_Ara' is clicked on

2021-11-19 16:52:15 - [MESSAGE][INFO] - Finding Test Object 'Object Repository/Olusturma/Genel/AliciBilgisi/Alici_Ara'

2021-11-19 16:52:15 - [MESSAGE][INFO] - Checking object

2021-11-19 16:52:15 - [MESSAGE][INFO] - Finding web element from Test Object's properties

2021-11-19 16:52:15 - [MESSAGE][INFO] - Checking timeout

2021-11-19 16:52:15 - [MESSAGE][INFO] - Finding web element with id: 'Object Repository/Olusturma/Genel/AliciBilgisi/Alici_Ara' located by 'By.xpath: //td[@id='txtCustomerText_B-1']' in '30' second(s)

2021-11-19 16:52:15 - [MESSAGE][INFO] - Smart Wait Function is triggered

2021-11-19 16:52:15 - [MESSAGE][INFO] - Found 1 web elements with id: 'Object Repository/Olusturma/Genel/AliciBilgisi/Alici_Ara' located by 'By.xpath: //td[@id='txtCustomerText_B-1']' in '30' second(s)

2021-11-19 16:52:15 - [MESSAGE][INFO] - Clicking on object: 'Object Repository/Olusturma/Genel/AliciBilgisi/Alici_Ara'

2021-11-19 16:52:15 - [MESSAGE][PASSED] - Object: 'Object Repository/Olusturma/Genel/AliciBilgisi/Alici_Ara' is clicked on

2021-11-19 16:52:15 - [TEST_STEP][PASSED] - click(findTestObject("Olusturma/Genel/AliciBilgisi/Alici_Bilgisi")): Object: 'Object Repository/Olusturma/Genel/AliciBilgisi/Alici_Bilgisi' is clicked on

2021-11-19 16:52:15 - [MESSAGE][INFO] - Finding Test Object 'Object Repository/Olusturma/Genel/AliciBilgisi/Alici_Bilgisi'

2021-11-19 16:52:15 - [MESSAGE][INFO] - Checking object

2021-11-19 16:52:15 - [MESSAGE][INFO] - Finding web element from Test Object's properties

2021-11-19 16:52:15 - [MESSAGE][INFO] - Checking timeout

2021-11-19 16:52:15 - [MESSAGE][INFO] - Finding web element with id: 'Object Repository/Olusturma/Genel/AliciBilgisi/Alici_Bilgisi' located by 'By.xpath: //iframe[@id='customerselectiframe']' in '30' second(s)

2021-11-19 16:52:15 - [MESSAGE][INFO] - Smart Wait Function is triggered

2021-11-19 16:52:16 - [MESSAGE][INFO] - Found 1 web elements with id: 'Object Repository/Olusturma/Genel/AliciBilgisi/Alici_Bilgisi' located by 'By.xpath: //iframe[@id='customerselectiframe']' in '30' second(s)

2021-11-19 16:52:16 - [MESSAGE][INFO] - Clicking on object: 'Object Repository/Olusturma/Genel/AliciBilgisi/Alici_Bilgisi'

2021-11-19 16:52:16 - [MESSAGE][PASSED] - Object: 'Object Repository/Olusturma/Genel/AliciBilgisi/Alici_Bilgisi' is clicked on

2021-11-19 16:52:16 - [TEST_STEP][PASSED] - setText(findTestObject("Olusturma/Genel/AliciBilgisi/Alici_Gir"), Alici_Adi): Switching to default content

2021-11-19 16:52:16 - [MESSAGE][INFO] - Finding Test Object 'Object Repository/Olusturma/Genel/AliciBilgisi/Alici_Gir'

2021-11-19 16:52:16 - [MESSAGE][INFO] - Finding Test Object 'Object Repository/Olusturma/Genel/AliciBilgisi/Alici_Bilgisi'

2021-11-19 16:52:16 - [MESSAGE][INFO] - Checking object

2021-11-19 16:52:16 - [MESSAGE][INFO] - Checking text

2021-11-19 16:52:16 - [MESSAGE][INFO] - Object: 'Object Repository/Olusturma/Genel/AliciBilgisi/Alici_Gir' has parent object(s)

2021-11-19 16:52:16 - [MESSAGE][INFO] - Switching to iframe: 'Object Repository/Olusturma/Genel/AliciBilgisi/Alici_Bilgisi'

2021-11-19 16:52:16 - [MESSAGE][INFO] - Finding web element from Test Object's properties

2021-11-19 16:52:16 - [MESSAGE][INFO] - Checking timeout

2021-11-19 16:52:16 - [MESSAGE][INFO] - Finding web element with id: 'Object Repository/Olusturma/Genel/AliciBilgisi/Alici_Bilgisi' located by 'By.xpath: //iframe[@id='customerselectiframe']' in '30' second(s)

2021-11-19 16:52:16 - [MESSAGE][INFO] - Smart Wait Function is triggered

2021-11-19 16:52:16 - [MESSAGE][INFO] - Found 1 web elements with id: 'Object Repository/Olusturma/Genel/AliciBilgisi/Alici_Bilgisi' located by 'By.xpath: //iframe[@id='customerselectiframe']' in '30' second(s)

2021-11-19 16:52:16 - [MESSAGE][INFO] - Switched to iframe: 'Object Repository/Olusturma/Genel/AliciBilgisi/Alici_Bilgisi'

2021-11-19 16:52:16 - [MESSAGE][INFO] - Finding web element from Test Object's properties

2021-11-19 16:52:16 - [MESSAGE][INFO] - Checking timeout

2021-11-19 16:52:16 - [MESSAGE][INFO] - Finding web element with id: 'Object Repository/Olusturma/Genel/AliciBilgisi/Alici_Gir' located by 'By.xpath: //input[@id='GridViewCustomer_DXFREditorcol1_I']' in '30' second(s)

2021-11-19 16:52:16 - [MESSAGE][INFO] - Smart Wait Function is triggered

2021-11-19 16:52:16 - [MESSAGE][INFO] - Found 1 web elements with id: 'Object Repository/Olusturma/Genel/AliciBilgisi/Alici_Gir' located by 'By.xpath: //input[@id='GridViewCustomer_DXFREditorcol1_I']' in '30' second(s)

2021-11-19 16:52:16 - [MESSAGE][INFO] - Clearing text of object 'Object Repository/Olusturma/Genel/AliciBilgisi/Alici_Gir'

2021-11-19 16:52:16 - [MESSAGE][INFO] - Finding web element from Test Object's properties

2021-11-19 16:52:16 - [MESSAGE][INFO] - Checking timeout

2021-11-19 16:52:16 - [MESSAGE][INFO] - Finding web element with id: 'Object Repository/Olusturma/Genel/AliciBilgisi/Alici_Gir' located by 'By.xpath: //input[@id='GridViewCustomer_DXFREditorcol1_I']' in '30' second(s)

2021-11-19 16:52:16 - [MESSAGE][INFO] - Smart Wait Function is triggered

2021-11-19 16:52:16 - [MESSAGE][INFO] - Found 1 web elements with id: 'Object Repository/Olusturma/Genel/AliciBilgisi/Alici_Gir' located by 'By.xpath: //input[@id='GridViewCustomer_DXFREditorcol1_I']' in '30' second(s)

2021-11-19 16:52:16 - [MESSAGE][INFO] - Setting text of object 'Object Repository/Olusturma/Genel/AliciBilgisi/Alici_Gir' to value 'UC0003'

2021-11-19 16:52:16 - [MESSAGE][PASSED] - Text 'UC0003' is set on object 'Object Repository/Olusturma/Genel/AliciBilgisi/Alici_Gir'

2021-11-19 16:52:16 - [MESSAGE][INFO] - Switching to default content

2021-11-19 16:52:16 - [TEST_STEP][PASSED] - waitForElementClickable(findTestObject("Olusturma/Genel/AliciBilgisi/Alici_Adi"), 10): Switching to default content

2021-11-19 16:52:16 - [MESSAGE][INFO] - Finding Test Object 'Object Repository/Olusturma/Genel/AliciBilgisi/Alici_Adi'

2021-11-19 16:52:16 - [MESSAGE][INFO] - Finding Test Object 'Object Repository/Olusturma/Genel/AliciBilgisi/iframe_Alc Bilgisi_customerselectiframe'

2021-11-19 16:52:17 - [MESSAGE][INFO] - Checking object

2021-11-19 16:52:17 - [MESSAGE][INFO] - Checking timeout

2021-11-19 16:52:17 - [MESSAGE][INFO] - Object: 'Object Repository/Olusturma/Genel/AliciBilgisi/Alici_Adi' has parent object(s)

2021-11-19 16:52:17 - [MESSAGE][INFO] - Switching to iframe: 'Object Repository/Olusturma/Genel/AliciBilgisi/iframe_Alc Bilgisi_customerselectiframe'

2021-11-19 16:52:17 - [MESSAGE][INFO] - Finding web element from Test Object's properties

2021-11-19 16:52:17 - [MESSAGE][INFO] - Checking timeout

2021-11-19 16:52:17 - [MESSAGE][INFO] - Finding web element with id: 'Object Repository/Olusturma/Genel/AliciBilgisi/iframe_Alc Bilgisi_customerselectiframe' located by 'By.xpath: //iframe[@id='customerselectiframe']' in '10' second(s)

2021-11-19 16:52:17 - [MESSAGE][INFO] - Smart Wait Function is triggered

2021-11-19 16:52:17 - [MESSAGE][INFO] - Found 1 web elements with id: 'Object Repository/Olusturma/Genel/AliciBilgisi/iframe_Alc Bilgisi_customerselectiframe' located by 'By.xpath: //iframe[@id='customerselectiframe']' in '10' second(s)

2021-11-19 16:52:17 - [MESSAGE][INFO] - Switched to iframe: 'Object Repository/Olusturma/Genel/AliciBilgisi/iframe_Alc Bilgisi_customerselectiframe'

2021-11-19 16:52:17 - [MESSAGE][INFO] - Finding web element from Test Object's properties

2021-11-19 16:52:17 - [MESSAGE][INFO] - Checking timeout

2021-11-19 16:52:17 - [MESSAGE][INFO] - Finding web element with id: 'Object Repository/Olusturma/Genel/AliciBilgisi/Alici_Adi' located by 'By.xpath: //tr[@id='GridViewCustomer_DXDataRow0']/td[2]' in '10' second(s)

2021-11-19 16:52:17 - [MESSAGE][INFO] - Smart Wait Function is triggered

2021-11-19 16:52:17 - [MESSAGE][INFO] - Found 1 web elements with id: 'Object Repository/Olusturma/Genel/AliciBilgisi/Alici_Adi' located by 'By.xpath: //tr[@id='GridViewCustomer_DXDataRow0']/td[2]' in '10' second(s)

2021-11-19 16:52:17 - [MESSAGE][PASSED] - Object 'Object Repository/Olusturma/Genel/AliciBilgisi/Alici_Adi' is clickable

2021-11-19 16:52:17 - [MESSAGE][INFO] - Switching to default content

2021-11-19 16:52:17 - [TEST_STEP][PASSED] - click(findTestObject("Olusturma/Genel/AliciBilgisi/frame")): Switching to default content

2021-11-19 16:52:17 - [MESSAGE][INFO] - Finding Test Object 'Object Repository/Olusturma/Genel/AliciBilgisi/frame'

2021-11-19 16:52:17 - [MESSAGE][INFO] - Finding Test Object 'Object Repository/Olusturma/Genel/AliciBilgisi/iframe_Alc Bilgisi_customerselectiframe'

2021-11-19 16:52:17 - [MESSAGE][INFO] - Checking object

2021-11-19 16:52:17 - [MESSAGE][INFO] - Object: 'Object Repository/Olusturma/Genel/AliciBilgisi/frame' has parent object(s)

2021-11-19 16:52:17 - [MESSAGE][INFO] - Switching to iframe: 'Object Repository/Olusturma/Genel/AliciBilgisi/iframe_Alc Bilgisi_customerselectiframe'

2021-11-19 16:52:17 - [MESSAGE][INFO] - Finding web element from Test Object's properties

2021-11-19 16:52:17 - [MESSAGE][INFO] - Checking timeout

2021-11-19 16:52:17 - [MESSAGE][INFO] - Finding web element with id: 'Object Repository/Olusturma/Genel/AliciBilgisi/iframe_Alc Bilgisi_customerselectiframe' located by 'By.xpath: //iframe[@id='customerselectiframe']' in '30' second(s)

2021-11-19 16:52:17 - [MESSAGE][INFO] - Smart Wait Function is triggered

2021-11-19 16:52:17 - [MESSAGE][INFO] - Found 1 web elements with id: 'Object Repository/Olusturma/Genel/AliciBilgisi/iframe_Alc Bilgisi_customerselectiframe' located by 'By.xpath: //iframe[@id='customerselectiframe']' in '30' second(s)

2021-11-19 16:52:17 - [MESSAGE][INFO] - Switched to iframe: 'Object Repository/Olusturma/Genel/AliciBilgisi/iframe_Alc Bilgisi_customerselectiframe'

2021-11-19 16:52:17 - [MESSAGE][INFO] - Finding web element from Test Object's properties

2021-11-19 16:52:17 - [MESSAGE][INFO] - Checking timeout

2021-11-19 16:52:17 - [MESSAGE][INFO] - Finding web element with id: 'Object Repository/Olusturma/Genel/AliciBilgisi/frame' located by 'By.xpath: //*/text()[normalize-space(.)='']/parent::*' in '30' second(s)

2021-11-19 16:52:17 - [MESSAGE][INFO] - Smart Wait Function is triggered

2021-11-19 16:52:17 - [MESSAGE][INFO] - Found 66 web elements with id: 'Object Repository/Olusturma/Genel/AliciBilgisi/frame' located by 'By.xpath: //*/text()[normalize-space(.)='']/parent::*' in '30' second(s)

2021-11-19 16:52:17 - [MESSAGE][INFO] - Clicking on object: 'Object Repository/Olusturma/Genel/AliciBilgisi/frame'

2021-11-19 16:52:18 - [MESSAGE][PASSED] - Object: 'Object Repository/Olusturma/Genel/AliciBilgisi/frame' is clicked on

2021-11-19 16:52:18 - [MESSAGE][INFO] - Switching to default content

2021-11-19 16:52:18 - [TEST_STEP][PASSED] - click(findTestObject("Olusturma/Genel/AliciBilgisi/Alici_Adi")): Switching to default content

2021-11-19 16:52:18 - [MESSAGE][INFO] - Finding Test Object 'Object Repository/Olusturma/Genel/AliciBilgisi/Alici_Adi'

2021-11-19 16:52:18 - [MESSAGE][INFO] - Finding Test Object 'Object Repository/Olusturma/Genel/AliciBilgisi/iframe_Alc Bilgisi_customerselectiframe'

2021-11-19 16:52:18 - [MESSAGE][INFO] - Checking object

2021-11-19 16:52:18 - [MESSAGE][INFO] - Object: 'Object Repository/Olusturma/Genel/AliciBilgisi/Alici_Adi' has parent object(s)

2021-11-19 16:52:18 - [MESSAGE][INFO] - Switching to iframe: 'Object Repository/Olusturma/Genel/AliciBilgisi/iframe_Alc Bilgisi_customerselectiframe'

2021-11-19 16:52:18 - [MESSAGE][INFO] - Finding web element from Test Object's properties

2021-11-19 16:52:18 - [MESSAGE][INFO] - Checking timeout

2021-11-19 16:52:18 - [MESSAGE][INFO] - Finding web element with id: 'Object Repository/Olusturma/Genel/AliciBilgisi/iframe_Alc Bilgisi_customerselectiframe' located by 'By.xpath: //iframe[@id='customerselectiframe']' in '30' second(s)

2021-11-19 16:52:18 - [MESSAGE][INFO] - Smart Wait Function is triggered

2021-11-19 16:52:18 - [MESSAGE][INFO] - Found 1 web elements with id: 'Object Repository/Olusturma/Genel/AliciBilgisi/iframe_Alc Bilgisi_customerselectiframe' located by 'By.xpath: //iframe[@id='customerselectiframe']' in '30' second(s)

2021-11-19 16:52:18 - [MESSAGE][INFO] - Switched to iframe: 'Object Repository/Olusturma/Genel/AliciBilgisi/iframe_Alc Bilgisi_customerselectiframe'

2021-11-19 16:52:18 - [MESSAGE][INFO] - Finding web element from Test Object's properties

2021-11-19 16:52:18 - [MESSAGE][INFO] - Checking timeout

2021-11-19 16:52:18 - [MESSAGE][INFO] - Finding web element with id: 'Object Repository/Olusturma/Genel/AliciBilgisi/Alici_Adi' located by 'By.xpath: //tr[@id='GridViewCustomer_DXDataRow0']/td[2]' in '30' second(s)

2021-11-19 16:52:18 - [MESSAGE][INFO] - Smart Wait Function is triggered

2021-11-19 16:52:18 - [MESSAGE][INFO] - Found 1 web elements with id: 'Object Repository/Olusturma/Genel/AliciBilgisi/Alici_Adi' located by 'By.xpath: //tr[@id='GridViewCustomer_DXDataRow0']/td[2]' in '30' second(s)

2021-11-19 16:52:18 - [MESSAGE][INFO] - Clicking on object: 'Object Repository/Olusturma/Genel/AliciBilgisi/Alici_Adi'

2021-11-19 16:52:18 - [MESSAGE][PASSED] - Object: 'Object Repository/Olusturma/Genel/AliciBilgisi/Alici_Adi' is clicked on

2021-11-19 16:52:18 - [MESSAGE][INFO] - Switching to default content

2021-11-19 16:52:18 - [TEST_STEP][PASSED] - click(findTestObject("Olusturma/Genel/AliciBilgisi/Tamam_Bosluk")): Switching to default content

2021-11-19 16:52:18 - [MESSAGE][INFO] - Finding Test Object 'Object Repository/Olusturma/Genel/AliciBilgisi/Tamam_Bosluk'

2021-11-19 16:52:18 - [MESSAGE][INFO] - Finding Test Object 'Object Repository/Olusturma/Genel/AliciBilgisi/Alici_Bilgisi'

2021-11-19 16:52:18 - [MESSAGE][INFO] - Checking object

2021-11-19 16:52:18 - [MESSAGE][INFO] - Object: 'Object Repository/Olusturma/Genel/AliciBilgisi/Tamam_Bosluk' has parent object(s)

2021-11-19 16:52:18 - [MESSAGE][INFO] - Switching to iframe: 'Object Repository/Olusturma/Genel/AliciBilgisi/Alici_Bilgisi'

2021-11-19 16:52:18 - [MESSAGE][INFO] - Finding web element from Test Object's properties

2021-11-19 16:52:18 - [MESSAGE][INFO] - Checking timeout

2021-11-19 16:52:18 - [MESSAGE][INFO] - Finding web element with id: 'Object Repository/Olusturma/Genel/AliciBilgisi/Alici_Bilgisi' located by 'By.xpath: //iframe[@id='customerselectiframe']' in '30' second(s)

2021-11-19 16:52:18 - [MESSAGE][INFO] - Smart Wait Function is triggered

2021-11-19 16:52:19 - [MESSAGE][INFO] - Found 1 web elements with id: 'Object Repository/Olusturma/Genel/AliciBilgisi/Alici_Bilgisi' located by 'By.xpath: //iframe[@id='customerselectiframe']' in '30' second(s)

2021-11-19 16:52:19 - [MESSAGE][INFO] - Switched to iframe: 'Object Repository/Olusturma/Genel/AliciBilgisi/Alici_Bilgisi'

2021-11-19 16:52:19 - [MESSAGE][INFO] - Finding web element from Test Object's properties

2021-11-19 16:52:19 - [MESSAGE][INFO] - Checking timeout

2021-11-19 16:52:19 - [MESSAGE][INFO] - Finding web element with id: 'Object Repository/Olusturma/Genel/AliciBilgisi/Tamam_Bosluk' located by 'By.xpath: (.//*[normalize-space(text()) and normalize-space(.)='Sayfa Boyutu:'])[1]/following::div[7]' in '30' second(s)

2021-11-19 16:52:19 - [MESSAGE][INFO] - Smart Wait Function is triggered

2021-11-19 16:52:19 - [MESSAGE][INFO] - Found 1 web elements with id: 'Object Repository/Olusturma/Genel/AliciBilgisi/Tamam_Bosluk' located by 'By.xpath: (.//*[normalize-space(text()) and normalize-space(.)='Sayfa Boyutu:'])[1]/following::div[7]' in '30' second(s)

2021-11-19 16:52:19 - [MESSAGE][INFO] - Clicking on object: 'Object Repository/Olusturma/Genel/AliciBilgisi/Tamam_Bosluk'

2021-11-19 16:52:19 - [MESSAGE][PASSED] - Object: 'Object Repository/Olusturma/Genel/AliciBilgisi/Tamam_Bosluk' is clicked on

2021-11-19 16:52:19 - [MESSAGE][INFO] - Switching to default content

2021-11-19 16:52:19 - [TEST_STEP][PASSED] - waitForElementClickable(findTestObject("Olusturma/Genel/AliciBilgisi/Tamam_Butonu"), 10): Switching to default content

2021-11-19 16:52:19 - [MESSAGE][INFO] - Finding Test Object 'Object Repository/Olusturma/Genel/AliciBilgisi/Tamam_Butonu'

2021-11-19 16:52:19 - [MESSAGE][INFO] - Finding Test Object 'Object Repository/Olusturma/Genel/AliciBilgisi/Alici_Bilgisi'

2021-11-19 16:52:19 - [MESSAGE][INFO] - Checking object

2021-11-19 16:52:19 - [MESSAGE][INFO] - Checking timeout

2021-11-19 16:52:19 - [MESSAGE][INFO] - Object: 'Object Repository/Olusturma/Genel/AliciBilgisi/Tamam_Butonu' has parent object(s)

2021-11-19 16:52:19 - [MESSAGE][INFO] - Switching to iframe: 'Object Repository/Olusturma/Genel/AliciBilgisi/Alici_Bilgisi'

2021-11-19 16:52:19 - [MESSAGE][INFO] - Finding web element from Test Object's properties

2021-11-19 16:52:19 - [MESSAGE][INFO] - Checking timeout

2021-11-19 16:52:19 - [MESSAGE][INFO] - Finding web element with id: 'Object Repository/Olusturma/Genel/AliciBilgisi/Alici_Bilgisi' located by 'By.xpath: //iframe[@id='customerselectiframe']' in '10' second(s)

2021-11-19 16:52:19 - [MESSAGE][INFO] - Smart Wait Function is triggered

2021-11-19 16:52:19 - [MESSAGE][INFO] - Found 1 web elements with id: 'Object Repository/Olusturma/Genel/AliciBilgisi/Alici_Bilgisi' located by 'By.xpath: //iframe[@id='customerselectiframe']' in '10' second(s)

2021-11-19 16:52:19 - [MESSAGE][INFO] - Switched to iframe: 'Object Repository/Olusturma/Genel/AliciBilgisi/Alici_Bilgisi'

2021-11-19 16:52:19 - [MESSAGE][INFO] - Finding web element from Test Object's properties

2021-11-19 16:52:19 - [MESSAGE][INFO] - Checking timeout

2021-11-19 16:52:19 - [MESSAGE][INFO] - Finding web element with id: 'Object Repository/Olusturma/Genel/AliciBilgisi/Tamam_Butonu' located by 'By.xpath: //div[@id='btnSelectCustomer_CD']/span' in '10' second(s)

2021-11-19 16:52:19 - [MESSAGE][INFO] - Smart Wait Function is triggered

2021-11-19 16:52:19 - [MESSAGE][INFO] - Found 1 web elements with id: 'Object Repository/Olusturma/Genel/AliciBilgisi/Tamam_Butonu' located by 'By.xpath: //div[@id='btnSelectCustomer_CD']/span' in '10' second(s)

2021-11-19 16:52:19 - [MESSAGE][PASSED] - Object 'Object Repository/Olusturma/Genel/AliciBilgisi/Tamam_Butonu' is clickable

2021-11-19 16:52:19 - [MESSAGE][INFO] - Switching to default content

2021-11-19 16:52:19 - [TEST_STEP][PASSED] - click(findTestObject("Olusturma/Genel/AliciBilgisi/Tamam_Butonu")): Switching to default content

2021-11-19 16:52:19 - [MESSAGE][INFO] - Finding Test Object 'Object Repository/Olusturma/Genel/AliciBilgisi/Tamam_Butonu'

2021-11-19 16:52:19 - [MESSAGE][INFO] - Finding Test Object 'Object Repository/Olusturma/Genel/AliciBilgisi/Alici_Bilgisi'

2021-11-19 16:52:20 - [MESSAGE][INFO] - Checking object

2021-11-19 16:52:20 - [MESSAGE][INFO] - Object: 'Object Repository/Olusturma/Genel/AliciBilgisi/Tamam_Butonu' has parent object(s)

2021-11-19 16:52:20 - [MESSAGE][INFO] - Switching to iframe: 'Object Repository/Olusturma/Genel/AliciBilgisi/Alici_Bilgisi'

2021-11-19 16:52:20 - [MESSAGE][INFO] - Finding web element from Test Object's properties

2021-11-19 16:52:20 - [MESSAGE][INFO] - Checking timeout

2021-11-19 16:52:20 - [MESSAGE][INFO] - Finding web element with id: 'Object Repository/Olusturma/Genel/AliciBilgisi/Alici_Bilgisi' located by 'By.xpath: //iframe[@id='customerselectiframe']' in '30' second(s)

2021-11-19 16:52:20 - [MESSAGE][INFO] - Smart Wait Function is triggered

2021-11-19 16:52:20 - [MESSAGE][INFO] - Found 1 web elements with id: 'Object Repository/Olusturma/Genel/AliciBilgisi/Alici_Bilgisi' located by 'By.xpath: //iframe[@id='customerselectiframe']' in '30' second(s)

2021-11-19 16:52:20 - [MESSAGE][INFO] - Switched to iframe: 'Object Repository/Olusturma/Genel/AliciBilgisi/Alici_Bilgisi'

2021-11-19 16:52:20 - [MESSAGE][INFO] - Finding web element from Test Object's properties

2021-11-19 16:52:20 - [MESSAGE][INFO] - Checking timeout

2021-11-19 16:52:20 - [MESSAGE][INFO] - Finding web element with id: 'Object Repository/Olusturma/Genel/AliciBilgisi/Tamam_Butonu' located by 'By.xpath: //div[@id='btnSelectCustomer_CD']/span' in '30' second(s)

2021-11-19 16:52:20 - [MESSAGE][INFO] - Smart Wait Function is triggered

2021-11-19 16:52:20 - [MESSAGE][INFO] - Found 1 web elements with id: 'Object Repository/Olusturma/Genel/AliciBilgisi/Tamam_Butonu' located by 'By.xpath: //div[@id='btnSelectCustomer_CD']/span' in '30' second(s)

2021-11-19 16:52:20 - [MESSAGE][INFO] - Clicking on object: 'Object Repository/Olusturma/Genel/AliciBilgisi/Tamam_Butonu'

2021-11-19 16:52:20 - [MESSAGE][PASSED] - Object: 'Object Repository/Olusturma/Genel/AliciBilgisi/Tamam_Butonu' is clicked on

2021-11-19 16:52:20 - [MESSAGE][INFO] - Switching to default content

2021-11-19 16:52:20 - [TEST_STEP][PASSED] - waitForElementPresent(findTestObject("Olusturma/Genel/AliciBilgisi/VKN-TCKN"), 10): Object 'Object Repository/Olusturma/Genel/AliciBilgisi/VKN-TCKN' is present

2021-11-19 16:52:20 - [MESSAGE][INFO] - Finding Test Object 'Object Repository/Olusturma/Genel/AliciBilgisi/VKN-TCKN'

2021-11-19 16:52:20 - [MESSAGE][INFO] - Checking object

2021-11-19 16:52:20 - [MESSAGE][INFO] - Finding web element from Test Object's properties

2021-11-19 16:52:20 - [MESSAGE][INFO] - Checking timeout

2021-11-19 16:52:20 - [MESSAGE][INFO] - Finding web element with id: 'Object Repository/Olusturma/Genel/AliciBilgisi/VKN-TCKN' located by 'By.xpath: //*[@id = 'txtVknTckn_I']' in '10' second(s)

2021-11-19 16:52:20 - [MESSAGE][INFO] - Smart Wait Function is triggered

2021-11-19 16:52:20 - [MESSAGE][INFO] - Found 1 web elements with id: 'Object Repository/Olusturma/Genel/AliciBilgisi/VKN-TCKN' located by 'By.xpath: //*[@id = 'txtVknTckn_I']' in '10' second(s)

2021-11-19 16:52:20 - [MESSAGE][PASSED] - Object 'Object Repository/Olusturma/Genel/AliciBilgisi/VKN-TCKN' is present

2021-11-19 16:52:20 - [TEST_STEP][PASSED] - text = getAttribute(findTestObject("Olusturma/Genel/AliciBilgisi/VKN-TCKN"), "value"): Attribute 'value' of object 'Object Repository/Olusturma/Genel/AliciBilgisi/VKN-TCKN' is: '5324544750'

2021-11-19 16:52:20 - [MESSAGE][INFO] - Finding Test Object 'Object Repository/Olusturma/Genel/AliciBilgisi/VKN-TCKN'

2021-11-19 16:52:21 - [MESSAGE][INFO] - Checking object

2021-11-19 16:52:21 - [MESSAGE][INFO] - Checking attribute

2021-11-19 16:52:21 - [MESSAGE][INFO] - Finding web element from Test Object's properties

2021-11-19 16:52:21 - [MESSAGE][INFO] - Checking timeout

2021-11-19 16:52:21 - [MESSAGE][INFO] - Finding web element with id: 'Object Repository/Olusturma/Genel/AliciBilgisi/VKN-TCKN' located by 'By.xpath: //*[@id = 'txtVknTckn_I']' in '30' second(s)

2021-11-19 16:52:21 - [MESSAGE][INFO] - Smart Wait Function is triggered

2021-11-19 16:52:21 - [MESSAGE][INFO] - Found 1 web elements with id: 'Object Repository/Olusturma/Genel/AliciBilgisi/VKN-TCKN' located by 'By.xpath: //*[@id = 'txtVknTckn_I']' in '30' second(s)

2021-11-19 16:52:21 - [MESSAGE][INFO] - Getting attribute 'value' of object 'Object Repository/Olusturma/Genel/AliciBilgisi/VKN-TCKN'

2021-11-19 16:52:21 - [MESSAGE][PASSED] - Attribute 'value' of object 'Object Repository/Olusturma/Genel/AliciBilgisi/VKN-TCKN' is: '5324544750'

2021-11-19 16:52:21 - [TEST_STEP][PASSED] - if (text.equals("")): null

2021-11-19 16:52:21 - [MESSAGE][PASSED] - Call Test Case 'Test Cases/Olusturma/Genel/AliciSecilir' successfully

2021-11-19 16:52:21 - [MESSAGE][INFO] - Checking called Test Case

2021-11-19 16:52:21 - [MESSAGE][INFO] - Starting to call Test Case 'Test Cases/Olusturma/Genel/GonderimSekliSecilir'

2021-11-19 16:52:21 - [TEST_CASE][PASSED] - Test Cases/Olusturma/Genel/GonderimSekliSecilir: Test Cases/Olusturma/Genel/GonderimSekliSecilir

2021-11-19 16:52:21 - [TEST_STEP][PASSED] - waitForElementClickable(findTestObject("Object Repository/Olusturma/Genel/GonderimSekli/GonderimSekli"), 10): Object 'Object Repository/Olusturma/Genel/GonderimSekli/GonderimSekli' is clickable

2021-11-19 16:52:21 - [MESSAGE][INFO] - Finding Test Object 'Object Repository/Olusturma/Genel/GonderimSekli/GonderimSekli'

2021-11-19 16:52:21 - [MESSAGE][INFO] - Checking object

2021-11-19 16:52:21 - [MESSAGE][INFO] - Checking timeout

2021-11-19 16:52:21 - [MESSAGE][INFO] - Finding web element from Test Object's properties

2021-11-19 16:52:21 - [MESSAGE][INFO] - Checking timeout

2021-11-19 16:52:21 - [MESSAGE][INFO] - Finding web element with id: 'Object Repository/Olusturma/Genel/GonderimSekli/GonderimSekli' located by 'By.xpath: //*[@id = 'txtGonderimSekil_I']' in '10' second(s)

2021-11-19 16:52:21 - [MESSAGE][INFO] - Smart Wait Function is triggered

2021-11-19 16:52:21 - [MESSAGE][INFO] - Found 1 web elements with id: 'Object Repository/Olusturma/Genel/GonderimSekli/GonderimSekli' located by 'By.xpath: //*[@id = 'txtGonderimSekil_I']' in '10' second(s)

2021-11-19 16:52:21 - [MESSAGE][PASSED] - Object 'Object Repository/Olusturma/Genel/GonderimSekli/GonderimSekli' is clickable

2021-11-19 16:52:21 - [TEST_STEP][PASSED] - click(findTestObject("Object Repository/Olusturma/Genel/GonderimSekli/GonderimSekli")): Object: 'Object Repository/Olusturma/Genel/GonderimSekli/GonderimSekli' is clicked on

2021-11-19 16:52:21 - [MESSAGE][INFO] - Finding Test Object 'Object Repository/Olusturma/Genel/GonderimSekli/GonderimSekli'

2021-11-19 16:52:21 - [MESSAGE][INFO] - Checking object

2021-11-19 16:52:21 - [MESSAGE][INFO] - Finding web element from Test Object's properties

2021-11-19 16:52:21 - [MESSAGE][INFO] - Checking timeout

2021-11-19 16:52:21 - [MESSAGE][INFO] - Finding web element with id: 'Object Repository/Olusturma/Genel/GonderimSekli/GonderimSekli' located by 'By.xpath: //*[@id = 'txtGonderimSekil_I']' in '30' second(s)

2021-11-19 16:52:21 - [MESSAGE][INFO] - Smart Wait Function is triggered

2021-11-19 16:52:22 - [MESSAGE][INFO] - Found 1 web elements with id: 'Object Repository/Olusturma/Genel/GonderimSekli/GonderimSekli' located by 'By.xpath: //*[@id = 'txtGonderimSekil_I']' in '30' second(s)

2021-11-19 16:52:22 - [MESSAGE][INFO] - Clicking on object: 'Object Repository/Olusturma/Genel/GonderimSekli/GonderimSekli'

2021-11-19 16:52:22 - [MESSAGE][PASSED] - Object: 'Object Repository/Olusturma/Genel/GonderimSekli/GonderimSekli' is clicked on

2021-11-19 16:52:22 - [TEST_STEP][PASSED] - Method.TextDegerineEsitElementeTikla(findTestObject("Object Repository/Olusturma/Genel/GonderimSekli/GonderimSekliAdi"), GonderimSekli): Method.TextDegerineEsitElementeTikla is PASSED

2021-11-19 16:52:22 - [MESSAGE][INFO] - Finding Test Object 'Object Repository/Olusturma/Genel/GonderimSekli/GonderimSekliAdi'

2021-11-19 16:52:22 - [MESSAGE][INFO] - Checking timeout

2021-11-19 16:52:22 - [MESSAGE][INFO] - Finding web element with id: 'Object Repository/Olusturma/Genel/GonderimSekli/GonderimSekliAdi' located by 'By.cssSelector: #txtGonderimSekil_DDD_L_LBT td' in '10' second(s)

2021-11-19 16:52:22 - [MESSAGE][INFO] - Smart Wait Function is triggered

2021-11-19 16:52:22 - [MESSAGE][INFO] - Found 2 web elements with id: 'Object Repository/Olusturma/Genel/GonderimSekli/GonderimSekliAdi' located by 'By.cssSelector: #txtGonderimSekil_DDD_L_LBT td' in '10' second(s)

2021-11-19 16:52:22 - [MESSAGE][PASSED] - Method.TextDegerineEsitElementeTikla is PASSED

2021-11-19 16:52:22 - [MESSAGE][PASSED] - Call Test Case 'Test Cases/Olusturma/Genel/GonderimSekliSecilir' successfully

2021-11-19 16:52:22 - [MESSAGE][INFO] - Checking called Test Case

2021-11-19 16:52:22 - [MESSAGE][INFO] - Starting to call Test Case 'Test Cases/Olusturma/Genel/TipSecilir'

2021-11-19 16:52:22 - [TEST_CASE][PASSED] - Test Cases/Olusturma/Genel/TipSecilir: Test Cases/Olusturma/Genel/TipSecilir

2021-11-19 16:52:22 - [TEST_STEP][PASSED] - waitForElementClickable(findTestObject("Olusturma/Genel/TipSecilir/Tip"), 10): Object 'Object Repository/Olusturma/Genel/TipSecilir/Tip' is clickable

2021-11-19 16:52:22 - [MESSAGE][INFO] - Finding Test Object 'Object Repository/Olusturma/Genel/TipSecilir/Tip'

2021-11-19 16:52:22 - [MESSAGE][INFO] - Checking object

2021-11-19 16:52:22 - [MESSAGE][INFO] - Checking timeout

2021-11-19 16:52:22 - [MESSAGE][INFO] - Finding web element from Test Object's properties

2021-11-19 16:52:22 - [MESSAGE][INFO] - Checking timeout

2021-11-19 16:52:22 - [MESSAGE][INFO] - Finding web element with id: 'Object Repository/Olusturma/Genel/TipSecilir/Tip' located by 'By.xpath: //*[@id = 'DocumentTypeCode_I']' in '10' second(s)

2021-11-19 16:52:22 - [MESSAGE][INFO] - Smart Wait Function is triggered

2021-11-19 16:52:23 - [MESSAGE][INFO] - Found 1 web elements with id: 'Object Repository/Olusturma/Genel/TipSecilir/Tip' located by 'By.xpath: //*[@id = 'DocumentTypeCode_I']' in '10' second(s)

2021-11-19 16:52:23 - [MESSAGE][PASSED] - Object 'Object Repository/Olusturma/Genel/TipSecilir/Tip' is clickable

2021-11-19 16:52:23 - [TEST_STEP][PASSED] - click(findTestObject("Olusturma/Genel/TipSecilir/Tip")): Object: 'Object Repository/Olusturma/Genel/TipSecilir/Tip' is clicked on

2021-11-19 16:52:23 - [MESSAGE][INFO] - Finding Test Object 'Object Repository/Olusturma/Genel/TipSecilir/Tip'

2021-11-19 16:52:23 - [MESSAGE][INFO] - Checking object

2021-11-19 16:52:23 - [MESSAGE][INFO] - Finding web element from Test Object's properties

2021-11-19 16:52:23 - [MESSAGE][INFO] - Checking timeout

2021-11-19 16:52:23 - [MESSAGE][INFO] - Finding web element with id: 'Object Repository/Olusturma/Genel/TipSecilir/Tip' located by 'By.xpath: //*[@id = 'DocumentTypeCode_I']' in '30' second(s)

2021-11-19 16:52:23 - [MESSAGE][INFO] - Smart Wait Function is triggered

2021-11-19 16:52:23 - [MESSAGE][INFO] - Found 1 web elements with id: 'Object Repository/Olusturma/Genel/TipSecilir/Tip' located by 'By.xpath: //*[@id = 'DocumentTypeCode_I']' in '30' second(s)

2021-11-19 16:52:23 - [MESSAGE][INFO] - Clicking on object: 'Object Repository/Olusturma/Genel/TipSecilir/Tip'

2021-11-19 16:52:23 - [MESSAGE][PASSED] - Object: 'Object Repository/Olusturma/Genel/TipSecilir/Tip' is clicked on

2021-11-19 16:52:23 - [TEST_STEP][PASSED] - Method.TextDegerineEsitElementeTikla(findTestObject("Object Repository/Olusturma/Genel/TipSecilir/Tip_Adi"), Tip): Method.TextDegerineEsitElementeTikla is PASSED

2021-11-19 16:52:23 - [MESSAGE][INFO] - Finding Test Object 'Object Repository/Olusturma/Genel/TipSecilir/Tip_Adi'

2021-11-19 16:52:23 - [MESSAGE][INFO] - Checking timeout

2021-11-19 16:52:23 - [MESSAGE][INFO] - Finding web element with id: 'Object Repository/Olusturma/Genel/TipSecilir/Tip_Adi' located by 'By.cssSelector: #DocumentTypeCode_DDD_L_LBT td' in '10' second(s)

2021-11-19 16:52:23 - [MESSAGE][INFO] - Smart Wait Function is triggered

2021-11-19 16:52:24 - [MESSAGE][INFO] - Found 9 web elements with id: 'Object Repository/Olusturma/Genel/TipSecilir/Tip_Adi' located by 'By.cssSelector: #DocumentTypeCode_DDD_L_LBT td' in '10' second(s)

2021-11-19 16:52:24 - [MESSAGE][PASSED] - Method.TextDegerineEsitElementeTikla is PASSED

2021-11-19 16:52:24 - [MESSAGE][PASSED] - Call Test Case 'Test Cases/Olusturma/Genel/TipSecilir' successfully

2021-11-19 16:52:24 - [MESSAGE][INFO] - Checking called Test Case

2021-11-19 16:52:24 - [MESSAGE][INFO] - Starting to call Test Case 'Test Cases/Olusturma/Genel/DokumanParaBirimiSecilir'

2021-11-19 16:52:24 - [TEST_CASE][PASSED] - Test Cases/Olusturma/Genel/DokumanParaBirimiSecilir: Test Cases/Olusturma/Genel/DokumanParaBirimiSecilir

2021-11-19 16:52:24 - [TEST_STEP][PASSED] - waitForElementClickable(findTestObject("Object Repository/Olusturma/Genel/DokumanParaBirimiSecilir/Para"), 10): Object 'Object Repository/Olusturma/Genel/DokumanParaBirimiSecilir/Para' is clickable

2021-11-19 16:52:24 - [MESSAGE][INFO] - Finding Test Object 'Object Repository/Olusturma/Genel/DokumanParaBirimiSecilir/Para'

2021-11-19 16:52:24 - [MESSAGE][INFO] - Checking object

2021-11-19 16:52:24 - [MESSAGE][INFO] - Checking timeout

2021-11-19 16:52:24 - [MESSAGE][INFO] - Finding web element from Test Object's properties

2021-11-19 16:52:24 - [MESSAGE][INFO] - Checking timeout

2021-11-19 16:52:24 - [MESSAGE][INFO] - Finding web element with id: 'Object Repository/Olusturma/Genel/DokumanParaBirimiSecilir/Para' located by 'By.xpath: //*[@id = 'CurrencyUnit_I']' in '10' second(s)

2021-11-19 16:52:24 - [MESSAGE][INFO] - Smart Wait Function is triggered

2021-11-19 16:52:25 - [MESSAGE][INFO] - Found 1 web elements with id: 'Object Repository/Olusturma/Genel/DokumanParaBirimiSecilir/Para' located by 'By.xpath: //*[@id = 'CurrencyUnit_I']' in '10' second(s)

2021-11-19 16:52:25 - [MESSAGE][PASSED] - Object 'Object Repository/Olusturma/Genel/DokumanParaBirimiSecilir/Para' is clickable

2021-11-19 16:52:25 - [TEST_STEP][PASSED] - click(findTestObject("Object Repository/Olusturma/Genel/DokumanParaBirimiSecilir/Para")): Object: 'Object Repository/Olusturma/Genel/DokumanParaBirimiSecilir/Para' is clicked on

2021-11-19 16:52:25 - [MESSAGE][INFO] - Finding Test Object 'Object Repository/Olusturma/Genel/DokumanParaBirimiSecilir/Para'

2021-11-19 16:52:25 - [MESSAGE][INFO] - Checking object

2021-11-19 16:52:25 - [MESSAGE][INFO] - Finding web element from Test Object's properties

2021-11-19 16:52:25 - [MESSAGE][INFO] - Checking timeout

2021-11-19 16:52:25 - [MESSAGE][INFO] - Finding web element with id: 'Object Repository/Olusturma/Genel/DokumanParaBirimiSecilir/Para' located by 'By.xpath: //*[@id = 'CurrencyUnit_I']' in '30' second(s)

2021-11-19 16:52:25 - [MESSAGE][INFO] - Smart Wait Function is triggered

2021-11-19 16:52:26 - [MESSAGE][INFO] - Found 1 web elements with id: 'Object Repository/Olusturma/Genel/DokumanParaBirimiSecilir/Para' located by 'By.xpath: //*[@id = 'CurrencyUnit_I']' in '30' second(s)

2021-11-19 16:52:26 - [MESSAGE][INFO] - Clicking on object: 'Object Repository/Olusturma/Genel/DokumanParaBirimiSecilir/Para'

2021-11-19 16:52:26 - [MESSAGE][PASSED] - Object: 'Object Repository/Olusturma/Genel/DokumanParaBirimiSecilir/Para' is clicked on

2021-11-19 16:52:26 - [TEST_STEP][PASSED] - Method.TextDegerineEsitElementeTikla(findTestObject("Object Repository/Olusturma/Genel/DokumanParaBirimiSecilir/Para_Adi"), Para): Method.TextDegerineEsitElementeTikla is PASSED

2021-11-19 16:52:26 - [MESSAGE][INFO] - Finding Test Object 'Object Repository/Olusturma/Genel/DokumanParaBirimiSecilir/Para_Adi'

2021-11-19 16:52:26 - [MESSAGE][INFO] - Checking timeout

2021-11-19 16:52:26 - [MESSAGE][INFO] - Finding web element with id: 'Object Repository/Olusturma/Genel/DokumanParaBirimiSecilir/Para_Adi' located by 'By.cssSelector: #CurrencyUnit_DDD_L_LBT td' in '10' second(s)

2021-11-19 16:52:26 - [MESSAGE][INFO] - Smart Wait Function is triggered

2021-11-19 16:52:26 - [MESSAGE][INFO] - Found 203 web elements with id: 'Object Repository/Olusturma/Genel/DokumanParaBirimiSecilir/Para_Adi' located by 'By.cssSelector: #CurrencyUnit_DDD_L_LBT td' in '10' second(s)

2021-11-19 16:52:31 - [MESSAGE][PASSED] - Method.TextDegerineEsitElementeTikla is PASSED

2021-11-19 16:52:31 - [MESSAGE][PASSED] - Call Test Case 'Test Cases/Olusturma/Genel/DokumanParaBirimiSecilir' successfully

2021-11-19 16:52:31 - [MESSAGE][INFO] - Checking called Test Case

2021-11-19 16:52:31 - [MESSAGE][INFO] - Starting to call Test Case 'Test Cases/Olusturma/Genel/OnEkSecilir'

2021-11-19 16:52:31 - [TEST_CASE][PASSED] - Test Cases/Olusturma/Genel/OnEkSecilir: Test Cases/Olusturma/Genel/OnEkSecilir

2021-11-19 16:52:31 - [TEST_STEP][PASSED] - waitForElementClickable(findTestObject("Object Repository/Olusturma/Genel/OnEkSecilir/OnEk"), 10): Object 'Object Repository/Olusturma/Genel/OnEkSecilir/OnEk' is clickable

2021-11-19 16:52:31 - [MESSAGE][INFO] - Finding Test Object 'Object Repository/Olusturma/Genel/OnEkSecilir/OnEk'

2021-11-19 16:52:31 - [MESSAGE][INFO] - Checking object

2021-11-19 16:52:31 - [MESSAGE][INFO] - Checking timeout

2021-11-19 16:52:31 - [MESSAGE][INFO] - Finding web element from Test Object's properties

2021-11-19 16:52:31 - [MESSAGE][INFO] - Checking timeout

2021-11-19 16:52:31 - [MESSAGE][INFO] - Finding web element with id: 'Object Repository/Olusturma/Genel/OnEkSecilir/OnEk' located by 'By.xpath: //*[@id = 'InvoicePrefix_I']' in '10' second(s)

2021-11-19 16:52:31 - [MESSAGE][INFO] - Smart Wait Function is triggered

2021-11-19 16:52:32 - [MESSAGE][INFO] - Found 1 web elements with id: 'Object Repository/Olusturma/Genel/OnEkSecilir/OnEk' located by 'By.xpath: //*[@id = 'InvoicePrefix_I']' in '10' second(s)

2021-11-19 16:52:32 - [MESSAGE][PASSED] - Object 'Object Repository/Olusturma/Genel/OnEkSecilir/OnEk' is clickable

2021-11-19 16:52:32 - [TEST_STEP][PASSED] - click(findTestObject("Object Repository/Olusturma/Genel/OnEkSecilir/OnEk")): Object: 'Object Repository/Olusturma/Genel/OnEkSecilir/OnEk' is clicked on

2021-11-19 16:52:32 - [MESSAGE][INFO] - Finding Test Object 'Object Repository/Olusturma/Genel/OnEkSecilir/OnEk'

2021-11-19 16:52:32 - [MESSAGE][INFO] - Checking object

2021-11-19 16:52:32 - [MESSAGE][INFO] - Finding web element from Test Object's properties

2021-11-19 16:52:32 - [MESSAGE][INFO] - Checking timeout

2021-11-19 16:52:32 - [MESSAGE][INFO] - Finding web element with id: 'Object Repository/Olusturma/Genel/OnEkSecilir/OnEk' located by 'By.xpath: //*[@id = 'InvoicePrefix_I']' in '30' second(s)

2021-11-19 16:52:32 - [MESSAGE][INFO] - Smart Wait Function is triggered

2021-11-19 16:52:32 - [MESSAGE][INFO] - Found 1 web elements with id: 'Object Repository/Olusturma/Genel/OnEkSecilir/OnEk' located by 'By.xpath: //*[@id = 'InvoicePrefix_I']' in '30' second(s)

2021-11-19 16:52:32 - [MESSAGE][INFO] - Clicking on object: 'Object Repository/Olusturma/Genel/OnEkSecilir/OnEk'

2021-11-19 16:52:32 - [MESSAGE][PASSED] - Object: 'Object Repository/Olusturma/Genel/OnEkSecilir/OnEk' is clicked on

2021-11-19 16:52:32 - [TEST_STEP][PASSED] - Method.TextDegerineEsitElementeTiklaEquals(findTestObject("Object Repository/Olusturma/Genel/OnEkSecilir/OnEkAdi"), Ek): Method.TextDegerineEsitElementeTiklaEquals is PASSED

2021-11-19 16:52:32 - [MESSAGE][INFO] - Finding Test Object 'Object Repository/Olusturma/Genel/OnEkSecilir/OnEkAdi'

2021-11-19 16:52:32 - [MESSAGE][INFO] - Checking timeout

2021-11-19 16:52:32 - [MESSAGE][INFO] - Finding web element with id: 'Object Repository/Olusturma/Genel/OnEkSecilir/OnEkAdi' located by 'By.cssSelector: #InvoicePrefix_DDD_L_LBT td' in '10' second(s)

2021-11-19 16:52:32 - [MESSAGE][INFO] - Smart Wait Function is triggered

2021-11-19 16:52:32 - [MESSAGE][INFO] - Found 1 web elements with id: 'Object Repository/Olusturma/Genel/OnEkSecilir/OnEkAdi' located by 'By.cssSelector: #InvoicePrefix_DDD_L_LBT td' in '10' second(s)

2021-11-19 16:52:32 - [MESSAGE][PASSED] - Method.TextDegerineEsitElementeTiklaEquals is PASSED

2021-11-19 16:52:32 - [MESSAGE][PASSED] - Call Test Case 'Test Cases/Olusturma/Genel/OnEkSecilir' successfully

2021-11-19 16:52:32 - [MESSAGE][INFO] - Checking called Test Case

2021-11-19 16:52:32 - [MESSAGE][INFO] - Starting to call Test Case 'Test Cases/Olusturma/Genel/TasarimSecilir'

2021-11-19 16:52:33 - [TEST_CASE][PASSED] - Test Cases/Olusturma/Genel/TasarimSecilir: Test Cases/Olusturma/Genel/TasarimSecilir

2021-11-19 16:52:33 - [TEST_STEP][PASSED] - waitForElementClickable(findTestObject("Object Repository/Olusturma/Genel/TasarimSecilir/Tasarim"), 10): Object 'Object Repository/Olusturma/Genel/TasarimSecilir/Tasarim' is clickable

2021-11-19 16:52:33 - [MESSAGE][INFO] - Finding Test Object 'Object Repository/Olusturma/Genel/TasarimSecilir/Tasarim'

2021-11-19 16:52:33 - [MESSAGE][INFO] - Checking object

2021-11-19 16:52:33 - [MESSAGE][INFO] - Checking timeout

2021-11-19 16:52:33 - [MESSAGE][INFO] - Finding web element from Test Object's properties

2021-11-19 16:52:33 - [MESSAGE][INFO] - Checking timeout

2021-11-19 16:52:33 - [MESSAGE][INFO] - Finding web element with id: 'Object Repository/Olusturma/Genel/TasarimSecilir/Tasarim' located by 'By.xpath: //*[@id = 'DesignId_I']' in '10' second(s)

2021-11-19 16:52:33 - [MESSAGE][INFO] - Smart Wait Function is triggered

2021-11-19 16:52:33 - [MESSAGE][INFO] - Found 1 web elements with id: 'Object Repository/Olusturma/Genel/TasarimSecilir/Tasarim' located by 'By.xpath: //*[@id = 'DesignId_I']' in '10' second(s)

2021-11-19 16:52:33 - [MESSAGE][PASSED] - Object 'Object Repository/Olusturma/Genel/TasarimSecilir/Tasarim' is clickable

2021-11-19 16:52:33 - [TEST_STEP][PASSED] - click(findTestObject("Object Repository/Olusturma/Genel/TasarimSecilir/Tasarim")): Object: 'Object Repository/Olusturma/Genel/TasarimSecilir/Tasarim' is clicked on

2021-11-19 16:52:33 - [MESSAGE][INFO] - Finding Test Object 'Object Repository/Olusturma/Genel/TasarimSecilir/Tasarim'

2021-11-19 16:52:33 - [MESSAGE][INFO] - Checking object

2021-11-19 16:52:33 - [MESSAGE][INFO] - Finding web element from Test Object's properties

2021-11-19 16:52:33 - [MESSAGE][INFO] - Checking timeout

2021-11-19 16:52:33 - [MESSAGE][INFO] - Finding web element with id: 'Object Repository/Olusturma/Genel/TasarimSecilir/Tasarim' located by 'By.xpath: //*[@id = 'DesignId_I']' in '30' second(s)

2021-11-19 16:52:33 - [MESSAGE][INFO] - Smart Wait Function is triggered

2021-11-19 16:52:33 - [MESSAGE][INFO] - Found 1 web elements with id: 'Object Repository/Olusturma/Genel/TasarimSecilir/Tasarim' located by 'By.xpath: //*[@id = 'DesignId_I']' in '30' second(s)

2021-11-19 16:52:33 - [MESSAGE][INFO] - Clicking on object: 'Object Repository/Olusturma/Genel/TasarimSecilir/Tasarim'

2021-11-19 16:52:33 - [MESSAGE][PASSED] - Object: 'Object Repository/Olusturma/Genel/TasarimSecilir/Tasarim' is clicked on

2021-11-19 16:52:33 - [TEST_STEP][PASSED] - Method.TextDegerineEsitElementeTikla(findTestObject("Object Repository/Olusturma/Genel/TasarimSecilir/Tasarim_Adi"), Tasarim): Method.TextDegerineEsitElementeTikla is PASSED

2021-11-19 16:52:33 - [MESSAGE][INFO] - Finding Test Object 'Object Repository/Olusturma/Genel/TasarimSecilir/Tasarim_Adi'

2021-11-19 16:52:33 - [MESSAGE][INFO] - Checking timeout

2021-11-19 16:52:33 - [MESSAGE][INFO] - Finding web element with id: 'Object Repository/Olusturma/Genel/TasarimSecilir/Tasarim_Adi' located by 'By.cssSelector: #DesignId_DDD_L_LBT td' in '10' second(s)

2021-11-19 16:52:33 - [MESSAGE][INFO] - Smart Wait Function is triggered

2021-11-19 16:52:34 - [MESSAGE][INFO] - Found 1 web elements with id: 'Object Repository/Olusturma/Genel/TasarimSecilir/Tasarim_Adi' located by 'By.cssSelector: #DesignId_DDD_L_LBT td' in '10' second(s)

2021-11-19 16:52:34 - [MESSAGE][PASSED] - Method.TextDegerineEsitElementeTikla is PASSED

2021-11-19 16:52:34 - [MESSAGE][PASSED] - Call Test Case 'Test Cases/Olusturma/Genel/TasarimSecilir' successfully

2021-11-19 16:52:34 - [MESSAGE][INFO] - Checking called Test Case

2021-11-19 16:52:34 - [MESSAGE][INFO] - Starting to call Test Case 'Test Cases/Olusturma/Genel/Kutular/SiparisBilgileriGirilir'

2021-11-19 16:52:34 - [TEST_CASE][PASSED] - Test Cases/Olusturma/Genel/Kutular/SiparisBilgileriGirilir: Test Cases/Olusturma/Genel/Kutular/SiparisBilgileriGirilir

2021-11-19 16:52:34 - [TEST_STEP][PASSED] - Method.TextDegerineEsitElementeTikla(findTestObject("Olusturma/Genel/Kutular/KapaliKutular"), "Sipariş Bilgileri"): Method.TextDegerineEsitElementeTikla is PASSED

2021-11-19 16:52:34 - [MESSAGE][INFO] - Finding Test Object 'Object Repository/Olusturma/Genel/Kutular/KapaliKutular'

2021-11-19 16:52:34 - [MESSAGE][INFO] - Checking timeout

2021-11-19 16:52:34 - [MESSAGE][INFO] - Finding web element with id: 'Object Repository/Olusturma/Genel/Kutular/KapaliKutular' located by 'By.cssSelector: .dxnb-headerCollapsed>span' in '10' second(s)

2021-11-19 16:52:34 - [MESSAGE][INFO] - Smart Wait Function is triggered

2021-11-19 16:52:34 - [MESSAGE][INFO] - Found 8 web elements with id: 'Object Repository/Olusturma/Genel/Kutular/KapaliKutular' located by 'By.cssSelector: .dxnb-headerCollapsed>span' in '10' second(s)

2021-11-19 16:52:34 - [MESSAGE][PASSED] - Method.TextDegerineEsitElementeTikla is PASSED

2021-11-19 16:52:34 - [TEST_STEP][PASSED] - waitForElementPresent(findTestObject("Object Repository/Olusturma/Genel/Kutular/SiparisBilgileri/SiparisNo"), 10): Object 'Object Repository/Olusturma/Genel/Kutular/SiparisBilgileri/SiparisNo' is present

2021-11-19 16:52:34 - [MESSAGE][INFO] - Finding Test Object 'Object Repository/Olusturma/Genel/Kutular/SiparisBilgileri/SiparisNo'

2021-11-19 16:52:34 - [MESSAGE][INFO] - Checking object

2021-11-19 16:52:34 - [MESSAGE][INFO] - Finding web element from Test Object's properties

2021-11-19 16:52:34 - [MESSAGE][INFO] - Checking timeout

2021-11-19 16:52:34 - [MESSAGE][INFO] - Finding web element with id: 'Object Repository/Olusturma/Genel/Kutular/SiparisBilgileri/SiparisNo' located by 'By.xpath: //*[@id = 'txtSiparisNo_I']' in '10' second(s)

2021-11-19 16:52:34 - [MESSAGE][INFO] - Smart Wait Function is triggered

2021-11-19 16:52:35 - [MESSAGE][INFO] - Found 1 web elements with id: 'Object Repository/Olusturma/Genel/Kutular/SiparisBilgileri/SiparisNo' located by 'By.xpath: //*[@id = 'txtSiparisNo_I']' in '10' second(s)

2021-11-19 16:52:35 - [MESSAGE][PASSED] - Object 'Object Repository/Olusturma/Genel/Kutular/SiparisBilgileri/SiparisNo' is present

2021-11-19 16:52:35 - [TEST_STEP][PASSED] - clearText(findTestObject("Object Repository/Olusturma/Genel/Kutular/SiparisBilgileri/SiparisNo")): Text of object 'Object Repository/Olusturma/Genel/Kutular/SiparisBilgileri/SiparisNo' is cleared

2021-11-19 16:52:35 - [MESSAGE][INFO] - Finding Test Object 'Object Repository/Olusturma/Genel/Kutular/SiparisBilgileri/SiparisNo'

2021-11-19 16:52:35 - [MESSAGE][INFO] - Checking object

2021-11-19 16:52:35 - [MESSAGE][INFO] - Finding web element from Test Object's properties

2021-11-19 16:52:35 - [MESSAGE][INFO] - Checking timeout

2021-11-19 16:52:35 - [MESSAGE][INFO] - Finding web element with id: 'Object Repository/Olusturma/Genel/Kutular/SiparisBilgileri/SiparisNo' located by 'By.xpath: //*[@id = 'txtSiparisNo_I']' in '30' second(s)

2021-11-19 16:52:35 - [MESSAGE][INFO] - Smart Wait Function is triggered

2021-11-19 16:52:35 - [MESSAGE][INFO] - Found 1 web elements with id: 'Object Repository/Olusturma/Genel/Kutular/SiparisBilgileri/SiparisNo' located by 'By.xpath: //*[@id = 'txtSiparisNo_I']' in '30' second(s)

2021-11-19 16:52:35 - [MESSAGE][INFO] - Clearing text of object 'Object Repository/Olusturma/Genel/Kutular/SiparisBilgileri/SiparisNo'

2021-11-19 16:52:35 - [MESSAGE][PASSED] - Text of object 'Object Repository/Olusturma/Genel/Kutular/SiparisBilgileri/SiparisNo' is cleared

2021-11-19 16:52:35 - [TEST_STEP][PASSED] - sendKeys(findTestObject("Object Repository/Olusturma/Genel/Kutular/SiparisBilgileri/SiparisNo"), SiparisNo): Keys 'UUC-SAT-1200001' sent to object: 'Object Repository/Olusturma/Genel/Kutular/SiparisBilgileri/SiparisNo'

2021-11-19 16:52:35 - [MESSAGE][INFO] - Finding Test Object 'Object Repository/Olusturma/Genel/Kutular/SiparisBilgileri/SiparisNo'

2021-11-19 16:52:35 - [MESSAGE][INFO] - Sending keys 'UUC-SAT-1200001' to object: 'Object Repository/Olusturma/Genel/Kutular/SiparisBilgileri/SiparisNo'

2021-11-19 16:52:35 - [MESSAGE][INFO] - Finding web element from Test Object's properties

2021-11-19 16:52:35 - [MESSAGE][INFO] - Checking timeout

2021-11-19 16:52:35 - [MESSAGE][INFO] - Finding web element with id: 'Object Repository/Olusturma/Genel/Kutular/SiparisBilgileri/SiparisNo' located by 'By.xpath: //*[@id = 'txtSiparisNo_I']' in '30' second(s)

2021-11-19 16:52:35 - [MESSAGE][INFO] - Smart Wait Function is triggered

2021-11-19 16:52:36 - [MESSAGE][INFO] - Found 1 web elements with id: 'Object Repository/Olusturma/Genel/Kutular/SiparisBilgileri/SiparisNo' located by 'By.xpath: //*[@id = 'txtSiparisNo_I']' in '30' second(s)

2021-11-19 16:52:36 - [MESSAGE][PASSED] - Keys 'UUC-SAT-1200001' sent to object: 'Object Repository/Olusturma/Genel/Kutular/SiparisBilgileri/SiparisNo'

2021-11-19 16:52:36 - [TEST_STEP][PASSED] - waitForElementClickable(findTestObject("Object Repository/Olusturma/Genel/Kutular/SiparisBilgileri/SiparisTarihiImage"), 10): Object 'Object Repository/Olusturma/Genel/Kutular/SiparisBilgileri/SiparisTarihiImage' is clickable

2021-11-19 16:52:36 - [MESSAGE][INFO] - Finding Test Object 'Object Repository/Olusturma/Genel/Kutular/SiparisBilgileri/SiparisTarihiImage'

2021-11-19 16:52:36 - [MESSAGE][INFO] - Checking object

2021-11-19 16:52:36 - [MESSAGE][INFO] - Checking timeout

2021-11-19 16:52:36 - [MESSAGE][INFO] - Finding web element from Test Object's properties

2021-11-19 16:52:36 - [MESSAGE][INFO] - Checking timeout

2021-11-19 16:52:36 - [MESSAGE][INFO] - Finding web element with id: 'Object Repository/Olusturma/Genel/Kutular/SiparisBilgileri/SiparisTarihiImage' located by 'By.cssSelector: #dateSiparisTarih img' in '10' second(s)

2021-11-19 16:52:36 - [MESSAGE][INFO] - Smart Wait Function is triggered

2021-11-19 16:52:36 - [MESSAGE][INFO] - Found 1 web elements with id: 'Object Repository/Olusturma/Genel/Kutular/SiparisBilgileri/SiparisTarihiImage' located by 'By.cssSelector: #dateSiparisTarih img' in '10' second(s)

2021-11-19 16:52:36 - [MESSAGE][PASSED] - Object 'Object Repository/Olusturma/Genel/Kutular/SiparisBilgileri/SiparisTarihiImage' is clickable

2021-11-19 16:52:36 - [TEST_STEP][PASSED] - click(findTestObject("Object Repository/Olusturma/Genel/Kutular/SiparisBilgileri/SiparisTarihiImage")): Object: 'Object Repository/Olusturma/Genel/Kutular/SiparisBilgileri/SiparisTarihiImage' is clicked on

2021-11-19 16:52:36 - [MESSAGE][INFO] - Finding Test Object 'Object Repository/Olusturma/Genel/Kutular/SiparisBilgileri/SiparisTarihiImage'

2021-11-19 16:52:36 - [MESSAGE][INFO] - Checking object

2021-11-19 16:52:36 - [MESSAGE][INFO] - Finding web element from Test Object's properties

2021-11-19 16:52:36 - [MESSAGE][INFO] - Checking timeout

2021-11-19 16:52:36 - [MESSAGE][INFO] - Finding web element with id: 'Object Repository/Olusturma/Genel/Kutular/SiparisBilgileri/SiparisTarihiImage' located by 'By.cssSelector: #dateSiparisTarih img' in '30' second(s)

2021-11-19 16:52:36 - [MESSAGE][INFO] - Smart Wait Function is triggered

2021-11-19 16:52:37 - [MESSAGE][INFO] - Found 1 web elements with id: 'Object Repository/Olusturma/Genel/Kutular/SiparisBilgileri/SiparisTarihiImage' located by 'By.cssSelector: #dateSiparisTarih img' in '30' second(s)

2021-11-19 16:52:37 - [MESSAGE][INFO] - Clicking on object: 'Object Repository/Olusturma/Genel/Kutular/SiparisBilgileri/SiparisTarihiImage'

2021-11-19 16:52:37 - [MESSAGE][PASSED] - Object: 'Object Repository/Olusturma/Genel/Kutular/SiparisBilgileri/SiparisTarihiImage' is clicked on

2021-11-19 16:52:37 - [TEST_STEP][PASSED] - waitForElementPresent(findTestObject("Object Repository/Olusturma/Genel/Kutular/SiparisBilgileri/SiparisTarihi"), 10): Object 'Object Repository/Olusturma/Genel/Kutular/SiparisBilgileri/SiparisTarihi' is present

2021-11-19 16:52:37 - [MESSAGE][INFO] - Finding Test Object 'Object Repository/Olusturma/Genel/Kutular/SiparisBilgileri/SiparisTarihi'

2021-11-19 16:52:37 - [MESSAGE][INFO] - Checking object

2021-11-19 16:52:37 - [MESSAGE][INFO] - Finding web element from Test Object's properties

2021-11-19 16:52:37 - [MESSAGE][INFO] - Checking timeout

2021-11-19 16:52:37 - [MESSAGE][INFO] - Finding web element with id: 'Object Repository/Olusturma/Genel/Kutular/SiparisBilgileri/SiparisTarihi' located by 'By.xpath: //*[@id = 'dateSiparisTarih_I']' in '10' second(s)

2021-11-19 16:52:37 - [MESSAGE][INFO] - Smart Wait Function is triggered

2021-11-19 16:52:37 - [MESSAGE][INFO] - Found 1 web elements with id: 'Object Repository/Olusturma/Genel/Kutular/SiparisBilgileri/SiparisTarihi' located by 'By.xpath: //*[@id = 'dateSiparisTarih_I']' in '10' second(s)

2021-11-19 16:52:37 - [MESSAGE][PASSED] - Object 'Object Repository/Olusturma/Genel/Kutular/SiparisBilgileri/SiparisTarihi' is present

2021-11-19 16:52:37 - [TEST_STEP][PASSED] - clearText(findTestObject("Object Repository/Olusturma/Genel/Kutular/SiparisBilgileri/SiparisTarihi")): Text of object 'Object Repository/Olusturma/Genel/Kutular/SiparisBilgileri/SiparisTarihi' is cleared

2021-11-19 16:52:37 - [MESSAGE][INFO] - Finding Test Object 'Object Repository/Olusturma/Genel/Kutular/SiparisBilgileri/SiparisTarihi'

2021-11-19 16:52:37 - [MESSAGE][INFO] - Checking object

2021-11-19 16:52:37 - [MESSAGE][INFO] - Finding web element from Test Object's properties

2021-11-19 16:52:37 - [MESSAGE][INFO] - Checking timeout

2021-11-19 16:52:37 - [MESSAGE][INFO] - Finding web element with id: 'Object Repository/Olusturma/Genel/Kutular/SiparisBilgileri/SiparisTarihi' located by 'By.xpath: //*[@id = 'dateSiparisTarih_I']' in '30' second(s)

2021-11-19 16:52:37 - [MESSAGE][INFO] - Smart Wait Function is triggered

2021-11-19 16:52:38 - [MESSAGE][INFO] - Found 1 web elements with id: 'Object Repository/Olusturma/Genel/Kutular/SiparisBilgileri/SiparisTarihi' located by 'By.xpath: //*[@id = 'dateSiparisTarih_I']' in '30' second(s)

2021-11-19 16:52:38 - [MESSAGE][INFO] - Clearing text of object 'Object Repository/Olusturma/Genel/Kutular/SiparisBilgileri/SiparisTarihi'

2021-11-19 16:52:38 - [MESSAGE][PASSED] - Text of object 'Object Repository/Olusturma/Genel/Kutular/SiparisBilgileri/SiparisTarihi' is cleared

2021-11-19 16:52:38 - [TEST_STEP][PASSED] - sendKeys(findTestObject("Object Repository/Olusturma/Genel/Kutular/SiparisBilgileri/SiparisTarihi"), Tarih): Keys '31.04.2020' sent to object: 'Object Repository/Olusturma/Genel/Kutular/SiparisBilgileri/SiparisTarihi'

2021-11-19 16:52:38 - [MESSAGE][INFO] - Finding Test Object 'Object Repository/Olusturma/Genel/Kutular/SiparisBilgileri/SiparisTarihi'

2021-11-19 16:52:38 - [MESSAGE][INFO] - Sending keys '31.04.2020' to object: 'Object Repository/Olusturma/Genel/Kutular/SiparisBilgileri/SiparisTarihi'

2021-11-19 16:52:38 - [MESSAGE][INFO] - Finding web element from Test Object's properties

2021-11-19 16:52:38 - [MESSAGE][INFO] - Checking timeout

2021-11-19 16:52:38 - [MESSAGE][INFO] - Finding web element with id: 'Object Repository/Olusturma/Genel/Kutular/SiparisBilgileri/SiparisTarihi' located by 'By.xpath: //*[@id = 'dateSiparisTarih_I']' in '30' second(s)

2021-11-19 16:52:38 - [MESSAGE][INFO] - Smart Wait Function is triggered

2021-11-19 16:52:38 - [MESSAGE][INFO] - Found 1 web elements with id: 'Object Repository/Olusturma/Genel/Kutular/SiparisBilgileri/SiparisTarihi' located by 'By.xpath: //*[@id = 'dateSiparisTarih_I']' in '30' second(s)

2021-11-19 16:52:38 - [MESSAGE][PASSED] - Keys '31.04.2020' sent to object: 'Object Repository/Olusturma/Genel/Kutular/SiparisBilgileri/SiparisTarihi'

2021-11-19 16:52:38 - [MESSAGE][PASSED] - Call Test Case 'Test Cases/Olusturma/Genel/Kutular/SiparisBilgileriGirilir' successfully

2021-11-19 16:52:38 - [MESSAGE][INFO] - Checking called Test Case

2021-11-19 16:52:38 - [MESSAGE][INFO] - Starting to call Test Case 'Test Cases/Olusturma/Genel/Kutular/IrsaliyeBilgileri'

2021-11-19 16:52:38 - [TEST_CASE][PASSED] - Test Cases/Olusturma/Genel/Kutular/IrsaliyeBilgileri: Test Cases/Olusturma/Genel/Kutular/IrsaliyeBilgileri

2021-11-19 16:52:38 - [TEST_STEP][PASSED] - Method.TextDegerineEsitElementeTikla(findTestObject("Olusturma/Genel/Kutular/KapaliKutular"), "İrsaliye Bilgileri"): Method.TextDegerineEsitElementeTikla is PASSED

2021-11-19 16:52:38 - [MESSAGE][INFO] - Finding Test Object 'Object Repository/Olusturma/Genel/Kutular/KapaliKutular'

2021-11-19 16:52:38 - [MESSAGE][INFO] - Checking timeout

2021-11-19 16:52:38 - [MESSAGE][INFO] - Finding web element with id: 'Object Repository/Olusturma/Genel/Kutular/KapaliKutular' located by 'By.cssSelector: .dxnb-headerCollapsed>span' in '10' second(s)

2021-11-19 16:52:38 - [MESSAGE][INFO] - Smart Wait Function is triggered

2021-11-19 16:52:39 - [MESSAGE][INFO] - Found 8 web elements with id: 'Object Repository/Olusturma/Genel/Kutular/KapaliKutular' located by 'By.cssSelector: .dxnb-headerCollapsed>span' in '10' second(s)

2021-11-19 16:52:39 - [MESSAGE][PASSED] - Method.TextDegerineEsitElementeTikla is PASSED

2021-11-19 16:52:39 - [TEST_STEP][PASSED] - waitForElementClickable(findTestObject("Olusturma/Genel/Kutular/IrsaliyeBilgileri/Ekle"), 10): Object 'Object Repository/Olusturma/Genel/Kutular/IrsaliyeBilgileri/Ekle' is clickable

2021-11-19 16:52:39 - [MESSAGE][INFO] - Finding Test Object 'Object Repository/Olusturma/Genel/Kutular/IrsaliyeBilgileri/Ekle'

2021-11-19 16:52:39 - [MESSAGE][INFO] - Checking object

2021-11-19 16:52:39 - [MESSAGE][INFO] - Checking timeout

2021-11-19 16:52:39 - [MESSAGE][INFO] - Finding web element from Test Object's properties

2021-11-19 16:52:39 - [MESSAGE][INFO] - Checking timeout

2021-11-19 16:52:39 - [MESSAGE][INFO] - Finding web element with id: 'Object Repository/Olusturma/Genel/Kutular/IrsaliyeBilgileri/Ekle' located by 'By.xpath: //*[@id = 'DXEditorgvUserInvoiceBillsNewRowBtn']' in '10' second(s)

2021-11-19 16:52:39 - [MESSAGE][INFO] - Smart Wait Function is triggered

2021-11-19 16:52:40 - [MESSAGE][INFO] - Found 1 web elements with id: 'Object Repository/Olusturma/Genel/Kutular/IrsaliyeBilgileri/Ekle' located by 'By.xpath: //*[@id = 'DXEditorgvUserInvoiceBillsNewRowBtn']' in '10' second(s)

2021-11-19 16:52:40 - [MESSAGE][PASSED] - Object 'Object Repository/Olusturma/Genel/Kutular/IrsaliyeBilgileri/Ekle' is clickable

2021-11-19 16:52:40 - [TEST_STEP][PASSED] - click(findTestObject("Olusturma/Genel/Kutular/IrsaliyeBilgileri/Ekle")): Object: 'Object Repository/Olusturma/Genel/Kutular/IrsaliyeBilgileri/Ekle' is clicked on

2021-11-19 16:52:40 - [MESSAGE][INFO] - Finding Test Object 'Object Repository/Olusturma/Genel/Kutular/IrsaliyeBilgileri/Ekle'

2021-11-19 16:52:40 - [MESSAGE][INFO] - Checking object

2021-11-19 16:52:40 - [MESSAGE][INFO] - Finding web element from Test Object's properties

2021-11-19 16:52:40 - [MESSAGE][INFO] - Checking timeout

2021-11-19 16:52:40 - [MESSAGE][INFO] - Finding web element with id: 'Object Repository/Olusturma/Genel/Kutular/IrsaliyeBilgileri/Ekle' located by 'By.xpath: //*[@id = 'DXEditorgvUserInvoiceBillsNewRowBtn']' in '30' second(s)

2021-11-19 16:52:40 - [MESSAGE][INFO] - Smart Wait Function is triggered

2021-11-19 16:52:40 - [MESSAGE][INFO] - Found 1 web elements with id: 'Object Repository/Olusturma/Genel/Kutular/IrsaliyeBilgileri/Ekle' located by 'By.xpath: //*[@id = 'DXEditorgvUserInvoiceBillsNewRowBtn']' in '30' second(s)

2021-11-19 16:52:40 - [MESSAGE][INFO] - Clicking on object: 'Object Repository/Olusturma/Genel/Kutular/IrsaliyeBilgileri/Ekle'

2021-11-19 16:52:40 - [MESSAGE][PASSED] - Object: 'Object Repository/Olusturma/Genel/Kutular/IrsaliyeBilgileri/Ekle' is clicked on

2021-11-19 16:52:40 - [TEST_STEP][PASSED] - waitForElementPresent(findTestObject("Object Repository/Olusturma/Genel/Kutular/IrsaliyeBilgileri/IrsaliyeNumarasi"), 10): Object 'Object Repository/Olusturma/Genel/Kutular/IrsaliyeBilgileri/IrsaliyeNumarasi' is present

2021-11-19 16:52:40 - [MESSAGE][INFO] - Finding Test Object 'Object Repository/Olusturma/Genel/Kutular/IrsaliyeBilgileri/IrsaliyeNumarasi'

2021-11-19 16:52:40 - [MESSAGE][INFO] - Checking object

2021-11-19 16:52:40 - [MESSAGE][INFO] - Finding web element from Test Object's properties

2021-11-19 16:52:40 - [MESSAGE][INFO] - Checking timeout

2021-11-19 16:52:40 - [MESSAGE][INFO] - Finding web element with id: 'Object Repository/Olusturma/Genel/Kutular/IrsaliyeBilgileri/IrsaliyeNumarasi' located by 'By.xpath: //*[@id = 'gvUserInvoiceBills_DXEditor1_I']' in '10' second(s)

2021-11-19 16:52:40 - [MESSAGE][INFO] - Smart Wait Function is triggered

2021-11-19 16:52:41 - [MESSAGE][INFO] - Smart Wait Function is triggered

2021-11-19 16:52:41 - [MESSAGE][INFO] - Found 1 web elements with id: 'Object Repository/Olusturma/Genel/Kutular/IrsaliyeBilgileri/IrsaliyeNumarasi' located by 'By.xpath: //*[@id = 'gvUserInvoiceBills_DXEditor1_I']' in '10' second(s)

2021-11-19 16:52:41 - [MESSAGE][PASSED] - Object 'Object Repository/Olusturma/Genel/Kutular/IrsaliyeBilgileri/IrsaliyeNumarasi' is present

2021-11-19 16:52:41 - [TEST_STEP][PASSED] - clearText(findTestObject("Object Repository/Olusturma/Genel/Kutular/IrsaliyeBilgileri/IrsaliyeNumarasi")): Text of object 'Object Repository/Olusturma/Genel/Kutular/IrsaliyeBilgileri/IrsaliyeNumarasi' is cleared

2021-11-19 16:52:41 - [MESSAGE][INFO] - Finding Test Object 'Object Repository/Olusturma/Genel/Kutular/IrsaliyeBilgileri/IrsaliyeNumarasi'

2021-11-19 16:52:42 - [MESSAGE][INFO] - Checking object

2021-11-19 16:52:42 - [MESSAGE][INFO] - Finding web element from Test Object's properties

2021-11-19 16:52:42 - [MESSAGE][INFO] - Checking timeout

2021-11-19 16:52:42 - [MESSAGE][INFO] - Finding web element with id: 'Object Repository/Olusturma/Genel/Kutular/IrsaliyeBilgileri/IrsaliyeNumarasi' located by 'By.xpath: //*[@id = 'gvUserInvoiceBills_DXEditor1_I']' in '30' second(s)

2021-11-19 16:52:42 - [MESSAGE][INFO] - Smart Wait Function is triggered

2021-11-19 16:52:42 - [MESSAGE][INFO] - Found 1 web elements with id: 'Object Repository/Olusturma/Genel/Kutular/IrsaliyeBilgileri/IrsaliyeNumarasi' located by 'By.xpath: //*[@id = 'gvUserInvoiceBills_DXEditor1_I']' in '30' second(s)

2021-11-19 16:52:42 - [MESSAGE][INFO] - Clearing text of object 'Object Repository/Olusturma/Genel/Kutular/IrsaliyeBilgileri/IrsaliyeNumarasi'

2021-11-19 16:52:42 - [MESSAGE][PASSED] - Text of object 'Object Repository/Olusturma/Genel/Kutular/IrsaliyeBilgileri/IrsaliyeNumarasi' is cleared

2021-11-19 16:52:42 - [TEST_STEP][PASSED] - sendKeys(findTestObject("Object Repository/Olusturma/Genel/Kutular/IrsaliyeBilgileri/IrsaliyeNumarasi"), Numara): Keys 'AAAAAAAAAA' sent to object: 'Object Repository/Olusturma/Genel/Kutular/IrsaliyeBilgileri/IrsaliyeNumarasi'

2021-11-19 16:52:42 - [MESSAGE][INFO] - Finding Test Object 'Object Repository/Olusturma/Genel/Kutular/IrsaliyeBilgileri/IrsaliyeNumarasi'

2021-11-19 16:52:42 - [MESSAGE][INFO] - Sending keys 'AAAAAAAAAA' to object: 'Object Repository/Olusturma/Genel/Kutular/IrsaliyeBilgileri/IrsaliyeNumarasi'

2021-11-19 16:52:42 - [MESSAGE][INFO] - Finding web element from Test Object's properties

2021-11-19 16:52:42 - [MESSAGE][INFO] - Checking timeout

2021-11-19 16:52:42 - [MESSAGE][INFO] - Finding web element with id: 'Object Repository/Olusturma/Genel/Kutular/IrsaliyeBilgileri/IrsaliyeNumarasi' located by 'By.xpath: //*[@id = 'gvUserInvoiceBills_DXEditor1_I']' in '30' second(s)

2021-11-19 16:52:42 - [MESSAGE][INFO] - Smart Wait Function is triggered

2021-11-19 16:52:42 - [MESSAGE][INFO] - Found 1 web elements with id: 'Object Repository/Olusturma/Genel/Kutular/IrsaliyeBilgileri/IrsaliyeNumarasi' located by 'By.xpath: //*[@id = 'gvUserInvoiceBills_DXEditor1_I']' in '30' second(s)

2021-11-19 16:52:42 - [MESSAGE][PASSED] - Keys 'AAAAAAAAAA' sent to object: 'Object Repository/Olusturma/Genel/Kutular/IrsaliyeBilgileri/IrsaliyeNumarasi'

2021-11-19 16:52:42 - [TEST_STEP][PASSED] - waitForElementClickable(findTestObject("Object Repository/Olusturma/Genel/Kutular/IrsaliyeBilgileri/IrsaliyeTarihi"), 10): Object 'Object Repository/Olusturma/Genel/Kutular/IrsaliyeBilgileri/IrsaliyeTarihi' is clickable

2021-11-19 16:52:42 - [MESSAGE][INFO] - Finding Test Object 'Object Repository/Olusturma/Genel/Kutular/IrsaliyeBilgileri/IrsaliyeTarihi'

2021-11-19 16:52:43 - [MESSAGE][INFO] - Checking object

2021-11-19 16:52:43 - [MESSAGE][INFO] - Checking timeout

2021-11-19 16:52:43 - [MESSAGE][INFO] - Finding web element from Test Object's properties

2021-11-19 16:52:43 - [MESSAGE][INFO] - Checking timeout

2021-11-19 16:52:43 - [MESSAGE][INFO] - Finding web element with id: 'Object Repository/Olusturma/Genel/Kutular/IrsaliyeBilgileri/IrsaliyeTarihi' located by 'By.xpath: //*[@id = 'gvUserInvoiceBills_DXEditor2_I']' in '10' second(s)

2021-11-19 16:52:43 - [MESSAGE][INFO] - Smart Wait Function is triggered

2021-11-19 16:52:43 - [MESSAGE][INFO] - Found 1 web elements with id: 'Object Repository/Olusturma/Genel/Kutular/IrsaliyeBilgileri/IrsaliyeTarihi' located by 'By.xpath: //*[@id = 'gvUserInvoiceBills_DXEditor2_I']' in '10' second(s)

2021-11-19 16:52:43 - [MESSAGE][PASSED] - Object 'Object Repository/Olusturma/Genel/Kutular/IrsaliyeBilgileri/IrsaliyeTarihi' is clickable

2021-11-19 16:52:43 - [TEST_STEP][PASSED] - click(findTestObject("Object Repository/Olusturma/Genel/Kutular/IrsaliyeBilgileri/IrsaliyeTarihi")): Object: 'Object Repository/Olusturma/Genel/Kutular/IrsaliyeBilgileri/IrsaliyeTarihi' is clicked on

2021-11-19 16:52:43 - [MESSAGE][INFO] - Finding Test Object 'Object Repository/Olusturma/Genel/Kutular/IrsaliyeBilgileri/IrsaliyeTarihi'

2021-11-19 16:52:43 - [MESSAGE][INFO] - Checking object

2021-11-19 16:52:43 - [MESSAGE][INFO] - Finding web element from Test Object's properties

2021-11-19 16:52:43 - [MESSAGE][INFO] - Checking timeout

2021-11-19 16:52:43 - [MESSAGE][INFO] - Finding web element with id: 'Object Repository/Olusturma/Genel/Kutular/IrsaliyeBilgileri/IrsaliyeTarihi' located by 'By.xpath: //*[@id = 'gvUserInvoiceBills_DXEditor2_I']' in '30' second(s)

2021-11-19 16:52:43 - [MESSAGE][INFO] - Smart Wait Function is triggered

2021-11-19 16:52:43 - [MESSAGE][INFO] - Found 1 web elements with id: 'Object Repository/Olusturma/Genel/Kutular/IrsaliyeBilgileri/IrsaliyeTarihi' located by 'By.xpath: //*[@id = 'gvUserInvoiceBills_DXEditor2_I']' in '30' second(s)

2021-11-19 16:52:43 - [MESSAGE][INFO] - Clicking on object: 'Object Repository/Olusturma/Genel/Kutular/IrsaliyeBilgileri/IrsaliyeTarihi'

2021-11-19 16:52:44 - [MESSAGE][PASSED] - Object: 'Object Repository/Olusturma/Genel/Kutular/IrsaliyeBilgileri/IrsaliyeTarihi' is clicked on

2021-11-19 16:52:44 - [TEST_STEP][PASSED] - sendKeys(findTestObject("Object Repository/Olusturma/Genel/Kutular/IrsaliyeBilgileri/IrsaliyeTarihi"), Tarih): Keys '31.04.2020' sent to object: 'Object Repository/Olusturma/Genel/Kutular/IrsaliyeBilgileri/IrsaliyeTarihi'

2021-11-19 16:52:44 - [MESSAGE][INFO] - Finding Test Object 'Object Repository/Olusturma/Genel/Kutular/IrsaliyeBilgileri/IrsaliyeTarihi'

2021-11-19 16:52:44 - [MESSAGE][INFO] - Sending keys '31.04.2020' to object: 'Object Repository/Olusturma/Genel/Kutular/IrsaliyeBilgileri/IrsaliyeTarihi'

2021-11-19 16:52:44 - [MESSAGE][INFO] - Finding web element from Test Object's properties

2021-11-19 16:52:44 - [MESSAGE][INFO] - Checking timeout

2021-11-19 16:52:44 - [MESSAGE][INFO] - Finding web element with id: 'Object Repository/Olusturma/Genel/Kutular/IrsaliyeBilgileri/IrsaliyeTarihi' located by 'By.xpath: //*[@id = 'gvUserInvoiceBills_DXEditor2_I']' in '30' second(s)

2021-11-19 16:52:44 - [MESSAGE][INFO] - Smart Wait Function is triggered

2021-11-19 16:52:44 - [MESSAGE][INFO] - Found 1 web elements with id: 'Object Repository/Olusturma/Genel/Kutular/IrsaliyeBilgileri/IrsaliyeTarihi' located by 'By.xpath: //*[@id = 'gvUserInvoiceBills_DXEditor2_I']' in '30' second(s)

2021-11-19 16:52:44 - [MESSAGE][PASSED] - Keys '31.04.2020' sent to object: 'Object Repository/Olusturma/Genel/Kutular/IrsaliyeBilgileri/IrsaliyeTarihi'

2021-11-19 16:52:44 - [MESSAGE][PASSED] - Call Test Case 'Test Cases/Olusturma/Genel/Kutular/IrsaliyeBilgileri' successfully

2021-11-19 16:52:44 - [MESSAGE][INFO] - Checking called Test Case

2021-11-19 16:52:44 - [MESSAGE][INFO] - Starting to call Test Case 'Test Cases/Olusturma/Genel/EkleButonunaBasilir'

2021-11-19 16:52:44 - [TEST_CASE][PASSED] - Test Cases/Olusturma/Genel/EkleButonunaBasilir: Test Cases/Olusturma/Genel/EkleButonunaBasilir

2021-11-19 16:52:44 - [TEST_STEP][PASSED] - waitForElementClickable(findTestObject("Object Repository/Olusturma/Genel/Olusturma/Ekle"), 10): Object 'Object Repository/Olusturma/Genel/Olusturma/Ekle' is clickable

2021-11-19 16:52:44 - [MESSAGE][INFO] - Finding Test Object 'Object Repository/Olusturma/Genel/Olusturma/Ekle'

2021-11-19 16:52:44 - [MESSAGE][INFO] - Checking object

2021-11-19 16:52:44 - [MESSAGE][INFO] - Checking timeout

2021-11-19 16:52:44 - [MESSAGE][INFO] - Finding web element from Test Object's properties

2021-11-19 16:52:44 - [MESSAGE][INFO] - Checking timeout

2021-11-19 16:52:44 - [MESSAGE][INFO] - Finding web element with id: 'Object Repository/Olusturma/Genel/Olusturma/Ekle' located by 'By.cssSelector: #divmalhizmet i.fa.fa-plus.fa-lg.text-muted' in '10' second(s)

2021-11-19 16:52:44 - [MESSAGE][INFO] - Smart Wait Function is triggered

2021-11-19 16:52:44 - [MESSAGE][INFO] - Found 1 web elements with id: 'Object Repository/Olusturma/Genel/Olusturma/Ekle' located by 'By.cssSelector: #divmalhizmet i.fa.fa-plus.fa-lg.text-muted' in '10' second(s)

2021-11-19 16:52:44 - [MESSAGE][PASSED] - Object 'Object Repository/Olusturma/Genel/Olusturma/Ekle' is clickable

2021-11-19 16:52:44 - [TEST_STEP][PASSED] - click(findTestObject("Object Repository/Olusturma/Genel/Olusturma/Ekle")): Object: 'Object Repository/Olusturma/Genel/Olusturma/Ekle' is clicked on

2021-11-19 16:52:44 - [MESSAGE][INFO] - Finding Test Object 'Object Repository/Olusturma/Genel/Olusturma/Ekle'

2021-11-19 16:52:45 - [MESSAGE][INFO] - Checking object

2021-11-19 16:52:45 - [MESSAGE][INFO] - Finding web element from Test Object's properties

2021-11-19 16:52:45 - [MESSAGE][INFO] - Checking timeout

2021-11-19 16:52:45 - [MESSAGE][INFO] - Finding web element with id: 'Object Repository/Olusturma/Genel/Olusturma/Ekle' located by 'By.cssSelector: #divmalhizmet i.fa.fa-plus.fa-lg.text-muted' in '30' second(s)

2021-11-19 16:52:45 - [MESSAGE][INFO] - Smart Wait Function is triggered

2021-11-19 16:52:45 - [MESSAGE][INFO] - Found 1 web elements with id: 'Object Repository/Olusturma/Genel/Olusturma/Ekle' located by 'By.cssSelector: #divmalhizmet i.fa.fa-plus.fa-lg.text-muted' in '30' second(s)

2021-11-19 16:52:45 - [MESSAGE][INFO] - Clicking on object: 'Object Repository/Olusturma/Genel/Olusturma/Ekle'

2021-11-19 16:52:45 - [MESSAGE][PASSED] - Object: 'Object Repository/Olusturma/Genel/Olusturma/Ekle' is clicked on

2021-11-19 16:52:45 - [TEST_STEP][PASSED] - waitForElementClickable(findTestObject("Olusturma/Genel/Olusturma/EklenenSatirCarpiImage"), 10): Object 'Object Repository/Olusturma/Genel/Olusturma/EklenenSatirCarpiImage' is clickable

2021-11-19 16:52:45 - [MESSAGE][INFO] - Finding Test Object 'Object Repository/Olusturma/Genel/Olusturma/EklenenSatirCarpiImage'

2021-11-19 16:52:45 - [MESSAGE][INFO] - Checking object

2021-11-19 16:52:45 - [MESSAGE][INFO] - Checking timeout

2021-11-19 16:52:45 - [MESSAGE][INFO] - Finding web element from Test Object's properties

2021-11-19 16:52:45 - [MESSAGE][INFO] - Checking timeout

2021-11-19 16:52:45 - [MESSAGE][INFO] - Finding web element with id: 'Object Repository/Olusturma/Genel/Olusturma/EklenenSatirCarpiImage' located by 'By.cssSelector: .fa.fa-times.fa-lg.text-primary' in '10' second(s)

2021-11-19 16:52:45 - [MESSAGE][INFO] - Smart Wait Function is triggered

2021-11-19 16:52:45 - [MESSAGE][INFO] - Found 1 web elements with id: 'Object Repository/Olusturma/Genel/Olusturma/EklenenSatirCarpiImage' located by 'By.cssSelector: .fa.fa-times.fa-lg.text-primary' in '10' second(s)

2021-11-19 16:52:45 - [MESSAGE][PASSED] - Object 'Object Repository/Olusturma/Genel/Olusturma/EklenenSatirCarpiImage' is clickable

2021-11-19 16:52:45 - [MESSAGE][PASSED] - Call Test Case 'Test Cases/Olusturma/Genel/EkleButonunaBasilir' successfully

2021-11-19 16:52:45 - [MESSAGE][INFO] - Checking called Test Case

2021-11-19 16:52:45 - [MESSAGE][INFO] - Starting to call Test Case 'Test Cases/Olusturma/Genel/Olusturma'

2021-11-19 16:52:45 - [TEST_CASE][PASSED] - Test Cases/Olusturma/Genel/Olusturma: Test Cases/Olusturma/Genel/Olusturma

2021-11-19 16:52:46 - [TEST_STEP][PASSED] - driver = getWebDriver(): null

2021-11-19 16:52:46 - [TEST_STEP][PASSED] - action = new org.openqa.selenium.interactions.Actions(driver): null

2021-11-19 16:52:46 - [TEST_STEP][PASSED] - baslikElement = <not implemented yet for class: org.codehaus.groovy.ast.expr.EmptyExpression>: null

2021-11-19 16:52:46 - [TEST_STEP][PASSED] - sonElement = <not implemented yet for class: org.codehaus.groovy.ast.expr.EmptyExpression>: null

2021-11-19 16:52:46 - [TEST_STEP][PASSED] - attr = <not implemented yet for class: org.codehaus.groovy.ast.expr.EmptyExpression>: null

2021-11-19 16:52:46 - [TEST_STEP][PASSED] - a = 0: null

2021-11-19 16:52:46 - [TEST_STEP][PASSED] - elements = findWebElements(findTestObject("Object Repository/Olusturma/Genel/Olusturma/TabloBasliklari"), 10): Found 13 web elements with id: 'Object Repository/Olusturma/Genel/Olusturma/TabloBasliklari' located by 'By.cssSelector: div#divmalhizmet .dxgvTable_LECustomTheme td.dxgvHeader_LECustomTheme tr>td:nth-child(1)' in '10' second(s)

2021-11-19 16:52:46 - [MESSAGE][INFO] - Finding Test Object 'Object Repository/Olusturma/Genel/Olusturma/TabloBasliklari'

2021-11-19 16:52:46 - [MESSAGE][INFO] - Checking timeout

2021-11-19 16:52:46 - [MESSAGE][INFO] - Finding web element with id: 'Object Repository/Olusturma/Genel/Olusturma/TabloBasliklari' located by 'By.cssSelector: div#divmalhizmet .dxgvTable_LECustomTheme td.dxgvHeader_LECustomTheme tr>td:nth-child(1)' in '10' second(s)

2021-11-19 16:52:46 - [MESSAGE][INFO] - Smart Wait Function is triggered

2021-11-19 16:52:47 - [MESSAGE][INFO] - Found 13 web elements with id: 'Object Repository/Olusturma/Genel/Olusturma/TabloBasliklari' located by 'By.cssSelector: div#divmalhizmet .dxgvTable_LECustomTheme td.dxgvHeader_LECustomTheme tr>td:nth-child(1)' in '10' second(s)

2021-11-19 16:52:47 - [TEST_STEP][PASSED] - for (def element : elements): null

2021-11-19 16:52:47 - [TEST_STEP][PASSED] - build().perform(): null

2021-11-19 16:52:47 - [TEST_STEP][PASSED] - if (getText().equals(Baslik)): null

2021-11-19 16:52:47 - [TEST_STEP][PASSED] - baslikElement = element.findElement(By.xpath("../../../..")): Smart Wait Function is triggered

2021-11-19 16:52:47 - [MESSAGE][INFO] - Smart Wait Function is triggered

2021-11-19 16:52:47 - [TEST_STEP][PASSED] - attr = baslikElement.getAttribute("id"): null

2021-11-19 16:52:47 - [TEST_STEP][PASSED] - println("girdi ve idsini aldı = " + attr): null

2021-11-19 16:52:47 - [TEST_STEP][PASSED] - break: null

2021-11-19 16:52:47 - [TEST_STEP][PASSED] - countElement = baslikElement.findElements(By.xpath("../td")): Smart Wait Function is triggered

2021-11-19 16:52:47 - [MESSAGE][INFO] - Smart Wait Function is triggered

2021-11-19 16:52:48 - [TEST_STEP][PASSED] - for (def element : countElement): null

2021-11-19 16:52:48 - [TEST_STEP][PASSED] - if (toString().equals(attr.toString())): null

2021-11-19 16:52:48 - [TEST_STEP][PASSED] - (a++): null

2021-11-19 16:52:48 - [TEST_STEP][PASSED] - if (toString().equals(attr.toString())): null

2021-11-19 16:52:48 - [TEST_STEP][PASSED] - break: null

2021-11-19 16:52:48 - [TEST_STEP][PASSED] - son = findWebElement(findTestObject("Object Repository/Olusturma/Genel/Olusturma/EklenenSatir")).findElement(By.xpath("td[@class='dxgvInlineEditCell_LECustomTheme dxgv'][" + a + "]//td[@class='dxic']/input")): Smart Wait Function is triggered

2021-11-19 16:52:48 - [MESSAGE][INFO] - Finding Test Object 'Object Repository/Olusturma/Genel/Olusturma/EklenenSatir'

2021-11-19 16:52:48 - [MESSAGE][INFO] - Finding web element from Test Object's properties

2021-11-19 16:52:48 - [MESSAGE][INFO] - Checking timeout

2021-11-19 16:52:48 - [MESSAGE][INFO] - Finding web element with id: 'Object Repository/Olusturma/Genel/Olusturma/EklenenSatir' located by 'By.cssSelector: #divmalhizmet .dxgvInlineEditRow_LECustomTheme' in '30' second(s)

2021-11-19 16:52:48 - [MESSAGE][INFO] - Smart Wait Function is triggered

2021-11-19 16:52:48 - [MESSAGE][INFO] - Found 1 web elements with id: 'Object Repository/Olusturma/Genel/Olusturma/EklenenSatir' located by 'By.cssSelector: #divmalhizmet .dxgvInlineEditRow_LECustomTheme' in '30' second(s)

2021-11-19 16:52:48 - [MESSAGE][INFO] - Smart Wait Function is triggered

2021-11-19 16:52:48 - [TEST_STEP][PASSED] - if (!(getAttribute("value").contains("Vkn"))): null

2021-11-19 16:52:48 - [TEST_STEP][PASSED] - son.clear(): null

2021-11-19 16:52:48 - [TEST_STEP][PASSED] - son.sendKeys(Deger): null

2021-11-19 16:52:49 - [MESSAGE][PASSED] - Call Test Case 'Test Cases/Olusturma/Genel/Olusturma' successfully

2021-11-19 16:52:49 - [MESSAGE][INFO] - Checking called Test Case

2021-11-19 16:52:49 - [MESSAGE][INFO] - Starting to call Test Case 'Test Cases/Olusturma/Genel/Olusturma'

2021-11-19 16:52:49 - [TEST_CASE][PASSED] - Test Cases/Olusturma/Genel/Olusturma: Test Cases/Olusturma/Genel/Olusturma

2021-11-19 16:52:49 - [TEST_STEP][PASSED] - driver = getWebDriver(): null

2021-11-19 16:52:49 - [TEST_STEP][PASSED] - action = new org.openqa.selenium.interactions.Actions(driver): null

2021-11-19 16:52:49 - [TEST_STEP][PASSED] - baslikElement = <not implemented yet for class: org.codehaus.groovy.ast.expr.EmptyExpression>: null

2021-11-19 16:52:49 - [TEST_STEP][PASSED] - sonElement = <not implemented yet for class: org.codehaus.groovy.ast.expr.EmptyExpression>: null

2021-11-19 16:52:49 - [TEST_STEP][PASSED] - attr = <not implemented yet for class: org.codehaus.groovy.ast.expr.EmptyExpression>: null

2021-11-19 16:52:49 - [TEST_STEP][PASSED] - a = 0: null

2021-11-19 16:52:49 - [TEST_STEP][PASSED] - elements = findWebElements(findTestObject("Object Repository/Olusturma/Genel/Olusturma/TabloBasliklari"), 10): Found 13 web elements with id: 'Object Repository/Olusturma/Genel/Olusturma/TabloBasliklari' located by 'By.cssSelector: div#divmalhizmet .dxgvTable_LECustomTheme td.dxgvHeader_LECustomTheme tr>td:nth-child(1)' in '10' second(s)

2021-11-19 16:52:49 - [MESSAGE][INFO] - Finding Test Object 'Object Repository/Olusturma/Genel/Olusturma/TabloBasliklari'

2021-11-19 16:52:49 - [MESSAGE][INFO] - Checking timeout

2021-11-19 16:52:49 - [MESSAGE][INFO] - Finding web element with id: 'Object Repository/Olusturma/Genel/Olusturma/TabloBasliklari' located by 'By.cssSelector: div#divmalhizmet .dxgvTable_LECustomTheme td.dxgvHeader_LECustomTheme tr>td:nth-child(1)' in '10' second(s)

2021-11-19 16:52:49 - [MESSAGE][INFO] - Smart Wait Function is triggered

2021-11-19 16:52:49 - [MESSAGE][INFO] - Found 13 web elements with id: 'Object Repository/Olusturma/Genel/Olusturma/TabloBasliklari' located by 'By.cssSelector: div#divmalhizmet .dxgvTable_LECustomTheme td.dxgvHeader_LECustomTheme tr>td:nth-child(1)' in '10' second(s)

2021-11-19 16:52:49 - [TEST_STEP][PASSED] - for (def element : elements): null

2021-11-19 16:52:49 - [TEST_STEP][PASSED] - build().perform(): null

2021-11-19 16:52:50 - [TEST_STEP][PASSED] - if (getText().equals(Baslik)): null

2021-11-19 16:52:50 - [TEST_STEP][PASSED] - build().perform(): null

2021-11-19 16:52:50 - [TEST_STEP][PASSED] - if (getText().equals(Baslik)): null

2021-11-19 16:52:50 - [TEST_STEP][PASSED] - baslikElement = element.findElement(By.xpath("../../../..")): Smart Wait Function is triggered

2021-11-19 16:52:50 - [MESSAGE][INFO] - Smart Wait Function is triggered

2021-11-19 16:52:50 - [TEST_STEP][PASSED] - attr = baslikElement.getAttribute("id"): null

2021-11-19 16:52:50 - [TEST_STEP][PASSED] - println("girdi ve idsini aldı = " + attr): null

2021-11-19 16:52:50 - [TEST_STEP][PASSED] - break: null

2021-11-19 16:52:50 - [TEST_STEP][PASSED] - countElement = baslikElement.findElements(By.xpath("../td")): Smart Wait Function is triggered

2021-11-19 16:52:50 - [MESSAGE][INFO] - Smart Wait Function is triggered

2021-11-19 16:52:50 - [TEST_STEP][PASSED] - for (def element : countElement): null

2021-11-19 16:52:50 - [TEST_STEP][PASSED] - if (toString().equals(attr.toString())): null

2021-11-19 16:52:50 - [TEST_STEP][PASSED] - (a++): null

2021-11-19 16:52:50 - [TEST_STEP][PASSED] - if (toString().equals(attr.toString())): null

2021-11-19 16:52:50 - [TEST_STEP][PASSED] - (a++): null

2021-11-19 16:52:50 - [TEST_STEP][PASSED] - if (toString().equals(attr.toString())): null

2021-11-19 16:52:51 - [TEST_STEP][PASSED] - break: null

2021-11-19 16:52:51 - [TEST_STEP][PASSED] - son = findWebElement(findTestObject("Object Repository/Olusturma/Genel/Olusturma/EklenenSatir")).findElement(By.xpath("td[@class='dxgvInlineEditCell_LECustomTheme dxgv'][" + a + "]//td[@class='dxic']/input")): Smart Wait Function is triggered

2021-11-19 16:52:51 - [MESSAGE][INFO] - Finding Test Object 'Object Repository/Olusturma/Genel/Olusturma/EklenenSatir'

2021-11-19 16:52:51 - [MESSAGE][INFO] - Finding web element from Test Object's properties

2021-11-19 16:52:51 - [MESSAGE][INFO] - Checking timeout

2021-11-19 16:52:51 - [MESSAGE][INFO] - Finding web element with id: 'Object Repository/Olusturma/Genel/Olusturma/EklenenSatir' located by 'By.cssSelector: #divmalhizmet .dxgvInlineEditRow_LECustomTheme' in '30' second(s)

2021-11-19 16:52:51 - [MESSAGE][INFO] - Smart Wait Function is triggered

2021-11-19 16:52:51 - [MESSAGE][INFO] - Found 1 web elements with id: 'Object Repository/Olusturma/Genel/Olusturma/EklenenSatir' located by 'By.cssSelector: #divmalhizmet .dxgvInlineEditRow_LECustomTheme' in '30' second(s)

2021-11-19 16:52:51 - [MESSAGE][INFO] - Smart Wait Function is triggered

2021-11-19 16:52:51 - [TEST_STEP][PASSED] - if (!(getAttribute("value").contains("Vkn"))): null

2021-11-19 16:52:51 - [TEST_STEP][PASSED] - son.clear(): null

2021-11-19 16:52:52 - [TEST_STEP][PASSED] - son.sendKeys(Deger): null

2021-11-19 16:52:52 - [MESSAGE][PASSED] - Call Test Case 'Test Cases/Olusturma/Genel/Olusturma' successfully

2021-11-19 16:52:52 - [MESSAGE][INFO] - Checking called Test Case

2021-11-19 16:52:52 - [MESSAGE][INFO] - Starting to call Test Case 'Test Cases/Olusturma/Genel/Olusturma'

2021-11-19 16:52:52 - [TEST_CASE][PASSED] - Test Cases/Olusturma/Genel/Olusturma: Test Cases/Olusturma/Genel/Olusturma

2021-11-19 16:52:52 - [TEST_STEP][PASSED] - driver = getWebDriver(): null

2021-11-19 16:52:52 - [TEST_STEP][PASSED] - action = new org.openqa.selenium.interactions.Actions(driver): null

2021-11-19 16:52:52 - [TEST_STEP][PASSED] - baslikElement = <not implemented yet for class: org.codehaus.groovy.ast.expr.EmptyExpression>: null

2021-11-19 16:52:52 - [TEST_STEP][PASSED] - sonElement = <not implemented yet for class: org.codehaus.groovy.ast.expr.EmptyExpression>: null

2021-11-19 16:52:52 - [TEST_STEP][PASSED] - attr = <not implemented yet for class: org.codehaus.groovy.ast.expr.EmptyExpression>: null

2021-11-19 16:52:52 - [TEST_STEP][PASSED] - a = 0: null

2021-11-19 16:52:52 - [TEST_STEP][PASSED] - elements = findWebElements(findTestObject("Object Repository/Olusturma/Genel/Olusturma/TabloBasliklari"), 10): Found 13 web elements with id: 'Object Repository/Olusturma/Genel/Olusturma/TabloBasliklari' located by 'By.cssSelector: div#divmalhizmet .dxgvTable_LECustomTheme td.dxgvHeader_LECustomTheme tr>td:nth-child(1)' in '10' second(s)

2021-11-19 16:52:52 - [MESSAGE][INFO] - Finding Test Object 'Object Repository/Olusturma/Genel/Olusturma/TabloBasliklari'

2021-11-19 16:52:52 - [MESSAGE][INFO] - Checking timeout

2021-11-19 16:52:52 - [MESSAGE][INFO] - Finding web element with id: 'Object Repository/Olusturma/Genel/Olusturma/TabloBasliklari' located by 'By.cssSelector: div#divmalhizmet .dxgvTable_LECustomTheme td.dxgvHeader_LECustomTheme tr>td:nth-child(1)' in '10' second(s)

2021-11-19 16:52:52 - [MESSAGE][INFO] - Smart Wait Function is triggered

2021-11-19 16:52:52 - [MESSAGE][INFO] - Found 13 web elements with id: 'Object Repository/Olusturma/Genel/Olusturma/TabloBasliklari' located by 'By.cssSelector: div#divmalhizmet .dxgvTable_LECustomTheme td.dxgvHeader_LECustomTheme tr>td:nth-child(1)' in '10' second(s)

2021-11-19 16:52:52 - [TEST_STEP][PASSED] - for (def element : elements): null

2021-11-19 16:52:52 - [TEST_STEP][PASSED] - build().perform(): null

2021-11-19 16:52:52 - [TEST_STEP][PASSED] - if (getText().equals(Baslik)): null

2021-11-19 16:52:52 - [TEST_STEP][PASSED] - build().perform(): null

2021-11-19 16:52:53 - [TEST_STEP][PASSED] - if (getText().equals(Baslik)): null

2021-11-19 16:52:53 - [TEST_STEP][PASSED] - build().perform(): null

2021-11-19 16:52:53 - [TEST_STEP][PASSED] - if (getText().equals(Baslik)): null

2021-11-19 16:52:53 - [TEST_STEP][PASSED] - build().perform(): null

2021-11-19 16:52:53 - [TEST_STEP][PASSED] - if (getText().equals(Baslik)): null

2021-11-19 16:52:53 - [TEST_STEP][PASSED] - baslikElement = element.findElement(By.xpath("../../../..")): Smart Wait Function is triggered

2021-11-19 16:52:53 - [MESSAGE][INFO] - Smart Wait Function is triggered

2021-11-19 16:52:53 - [TEST_STEP][PASSED] - attr = baslikElement.getAttribute("id"): null

2021-11-19 16:52:53 - [TEST_STEP][PASSED] - println("girdi ve idsini aldı = " + attr): null

2021-11-19 16:52:53 - [TEST_STEP][PASSED] - break: null

2021-11-19 16:52:53 - [TEST_STEP][PASSED] - countElement = baslikElement.findElements(By.xpath("../td")): Smart Wait Function is triggered

2021-11-19 16:52:53 - [MESSAGE][INFO] - Smart Wait Function is triggered

2021-11-19 16:52:54 - [TEST_STEP][PASSED] - for (def element : countElement): null

2021-11-19 16:52:54 - [TEST_STEP][PASSED] - if (toString().equals(attr.toString())): null

2021-11-19 16:52:54 - [TEST_STEP][PASSED] - (a++): null

2021-11-19 16:52:54 - [TEST_STEP][PASSED] - if (toString().equals(attr.toString())): null

2021-11-19 16:52:54 - [TEST_STEP][PASSED] - (a++): null

2021-11-19 16:52:54 - [TEST_STEP][PASSED] - if (toString().equals(attr.toString())): null

2021-11-19 16:52:54 - [TEST_STEP][PASSED] - (a++): null

2021-11-19 16:52:54 - [TEST_STEP][PASSED] - if (toString().equals(attr.toString())): null

2021-11-19 16:52:54 - [TEST_STEP][PASSED] - (a++): null

2021-11-19 16:52:54 - [TEST_STEP][PASSED] - if (toString().equals(attr.toString())): null

2021-11-19 16:52:54 - [TEST_STEP][PASSED] - break: null

2021-11-19 16:52:54 - [TEST_STEP][PASSED] - son = findWebElement(findTestObject("Object Repository/Olusturma/Genel/Olusturma/EklenenSatir")).findElement(By.xpath("td[@class='dxgvInlineEditCell_LECustomTheme dxgv'][" + a + "]//td[@class='dxic']/input")): Smart Wait Function is triggered

2021-11-19 16:52:54 - [MESSAGE][INFO] - Finding Test Object 'Object Repository/Olusturma/Genel/Olusturma/EklenenSatir'

2021-11-19 16:52:54 - [MESSAGE][INFO] - Finding web element from Test Object's properties

2021-11-19 16:52:54 - [MESSAGE][INFO] - Checking timeout

2021-11-19 16:52:54 - [MESSAGE][INFO] - Finding web element with id: 'Object Repository/Olusturma/Genel/Olusturma/EklenenSatir' located by 'By.cssSelector: #divmalhizmet .dxgvInlineEditRow_LECustomTheme' in '30' second(s)

2021-11-19 16:52:54 - [MESSAGE][INFO] - Smart Wait Function is triggered

2021-11-19 16:52:54 - [MESSAGE][INFO] - Found 1 web elements with id: 'Object Repository/Olusturma/Genel/Olusturma/EklenenSatir' located by 'By.cssSelector: #divmalhizmet .dxgvInlineEditRow_LECustomTheme' in '30' second(s)

2021-11-19 16:52:54 - [MESSAGE][INFO] - Smart Wait Function is triggered

2021-11-19 16:52:54 - [TEST_STEP][PASSED] - if (!(getAttribute("value").contains("Vkn"))): null

2021-11-19 16:52:54 - [TEST_STEP][PASSED] - son.clear(): null

2021-11-19 16:52:54 - [TEST_STEP][PASSED] - son.sendKeys(Deger): null

2021-11-19 16:52:55 - [MESSAGE][PASSED] - Call Test Case 'Test Cases/Olusturma/Genel/Olusturma' successfully

2021-11-19 16:52:55 - [MESSAGE][INFO] - Checking called Test Case

2021-11-19 16:52:55 - [MESSAGE][INFO] - Starting to call Test Case 'Test Cases/Olusturma/Genel/Olusturma'

2021-11-19 16:52:55 - [TEST_CASE][PASSED] - Test Cases/Olusturma/Genel/Olusturma: Test Cases/Olusturma/Genel/Olusturma

2021-11-19 16:52:55 - [TEST_STEP][PASSED] - driver = getWebDriver(): null

2021-11-19 16:52:55 - [TEST_STEP][PASSED] - action = new org.openqa.selenium.interactions.Actions(driver): null

2021-11-19 16:52:55 - [TEST_STEP][PASSED] - baslikElement = <not implemented yet for class: org.codehaus.groovy.ast.expr.EmptyExpression>: null

2021-11-19 16:52:55 - [TEST_STEP][PASSED] - sonElement = <not implemented yet for class: org.codehaus.groovy.ast.expr.EmptyExpression>: null

2021-11-19 16:52:55 - [TEST_STEP][PASSED] - attr = <not implemented yet for class: org.codehaus.groovy.ast.expr.EmptyExpression>: null

2021-11-19 16:52:55 - [TEST_STEP][PASSED] - a = 0: null

2021-11-19 16:52:55 - [TEST_STEP][PASSED] - elements = findWebElements(findTestObject("Object Repository/Olusturma/Genel/Olusturma/TabloBasliklari"), 10): Found 13 web elements with id: 'Object Repository/Olusturma/Genel/Olusturma/TabloBasliklari' located by 'By.cssSelector: div#divmalhizmet .dxgvTable_LECustomTheme td.dxgvHeader_LECustomTheme tr>td:nth-child(1)' in '10' second(s)

2021-11-19 16:52:55 - [MESSAGE][INFO] - Finding Test Object 'Object Repository/Olusturma/Genel/Olusturma/TabloBasliklari'

2021-11-19 16:52:55 - [MESSAGE][INFO] - Checking timeout

2021-11-19 16:52:55 - [MESSAGE][INFO] - Finding web element with id: 'Object Repository/Olusturma/Genel/Olusturma/TabloBasliklari' located by 'By.cssSelector: div#divmalhizmet .dxgvTable_LECustomTheme td.dxgvHeader_LECustomTheme tr>td:nth-child(1)' in '10' second(s)

2021-11-19 16:52:55 - [MESSAGE][INFO] - Smart Wait Function is triggered

2021-11-19 16:52:55 - [MESSAGE][INFO] - Found 13 web elements with id: 'Object Repository/Olusturma/Genel/Olusturma/TabloBasliklari' located by 'By.cssSelector: div#divmalhizmet .dxgvTable_LECustomTheme td.dxgvHeader_LECustomTheme tr>td:nth-child(1)' in '10' second(s)

2021-11-19 16:52:55 - [TEST_STEP][PASSED] - for (def element : elements): null

2021-11-19 16:52:55 - [TEST_STEP][PASSED] - build().perform(): null

2021-11-19 16:52:55 - [TEST_STEP][PASSED] - if (getText().equals(Baslik)): null

2021-11-19 16:52:55 - [TEST_STEP][PASSED] - build().perform(): null

2021-11-19 16:52:55 - [TEST_STEP][PASSED] - if (getText().equals(Baslik)): null

2021-11-19 16:52:55 - [TEST_STEP][PASSED] - build().perform(): null

2021-11-19 16:52:56 - [TEST_STEP][PASSED] - if (getText().equals(Baslik)): null

2021-11-19 16:52:56 - [TEST_STEP][PASSED] - build().perform(): null

2021-11-19 16:52:56 - [TEST_STEP][PASSED] - if (getText().equals(Baslik)): null

2021-11-19 16:52:56 - [TEST_STEP][PASSED] - build().perform(): null

2021-11-19 16:52:56 - [TEST_STEP][PASSED] - if (getText().equals(Baslik)): null

2021-11-19 16:52:56 - [TEST_STEP][PASSED] - build().perform(): null

2021-11-19 16:52:56 - [TEST_STEP][PASSED] - if (getText().equals(Baslik)): null

2021-11-19 16:52:56 - [TEST_STEP][PASSED] - baslikElement = element.findElement(By.xpath("../../../..")): Smart Wait Function is triggered

2021-11-19 16:52:56 - [MESSAGE][INFO] - Smart Wait Function is triggered

2021-11-19 16:52:56 - [TEST_STEP][PASSED] - attr = baslikElement.getAttribute("id"): null

2021-11-19 16:52:56 - [TEST_STEP][PASSED] - println("girdi ve idsini aldı = " + attr): null

2021-11-19 16:52:56 - [TEST_STEP][PASSED] - break: null

2021-11-19 16:52:56 - [TEST_STEP][PASSED] - countElement = baslikElement.findElements(By.xpath("../td")): Smart Wait Function is triggered

2021-11-19 16:52:56 - [MESSAGE][INFO] - Smart Wait Function is triggered

2021-11-19 16:52:57 - [TEST_STEP][PASSED] - for (def element : countElement): null

2021-11-19 16:52:57 - [TEST_STEP][PASSED] - if (toString().equals(attr.toString())): null

2021-11-19 16:52:57 - [TEST_STEP][PASSED] - (a++): null

2021-11-19 16:52:57 - [TEST_STEP][PASSED] - if (toString().equals(attr.toString())): null

2021-11-19 16:52:57 - [TEST_STEP][PASSED] - (a++): null

2021-11-19 16:52:57 - [TEST_STEP][PASSED] - if (toString().equals(attr.toString())): null

2021-11-19 16:52:57 - [TEST_STEP][PASSED] - (a++): null

2021-11-19 16:52:57 - [TEST_STEP][PASSED] - if (toString().equals(attr.toString())): null

2021-11-19 16:52:57 - [TEST_STEP][PASSED] - (a++): null

2021-11-19 16:52:57 - [TEST_STEP][PASSED] - if (toString().equals(attr.toString())): null

2021-11-19 16:52:57 - [TEST_STEP][PASSED] - (a++): null

2021-11-19 16:52:57 - [TEST_STEP][PASSED] - if (toString().equals(attr.toString())): null

2021-11-19 16:52:57 - [TEST_STEP][PASSED] - (a++): null

2021-11-19 16:52:57 - [TEST_STEP][PASSED] - if (toString().equals(attr.toString())): null

2021-11-19 16:52:57 - [TEST_STEP][PASSED] - break: null

2021-11-19 16:52:57 - [TEST_STEP][PASSED] - son = findWebElement(findTestObject("Object Repository/Olusturma/Genel/Olusturma/EklenenSatir")).findElement(By.xpath("td[@class='dxgvInlineEditCell_LECustomTheme dxgv'][" + a + "]//td[@class='dxic']/input")): Smart Wait Function is triggered

2021-11-19 16:52:57 - [MESSAGE][INFO] - Finding Test Object 'Object Repository/Olusturma/Genel/Olusturma/EklenenSatir'

2021-11-19 16:52:57 - [MESSAGE][INFO] - Finding web element from Test Object's properties

2021-11-19 16:52:57 - [MESSAGE][INFO] - Checking timeout

2021-11-19 16:52:57 - [MESSAGE][INFO] - Finding web element with id: 'Object Repository/Olusturma/Genel/Olusturma/EklenenSatir' located by 'By.cssSelector: #divmalhizmet .dxgvInlineEditRow_LECustomTheme' in '30' second(s)

2021-11-19 16:52:57 - [MESSAGE][INFO] - Smart Wait Function is triggered

2021-11-19 16:52:57 - [MESSAGE][INFO] - Found 1 web elements with id: 'Object Repository/Olusturma/Genel/Olusturma/EklenenSatir' located by 'By.cssSelector: #divmalhizmet .dxgvInlineEditRow_LECustomTheme' in '30' second(s)

2021-11-19 16:52:57 - [MESSAGE][INFO] - Smart Wait Function is triggered

2021-11-19 16:52:57 - [TEST_STEP][PASSED] - if (!(getAttribute("value").contains("Vkn"))): null

2021-11-19 16:52:58 - [TEST_STEP][PASSED] - son.clear(): null

2021-11-19 16:52:58 - [TEST_STEP][PASSED] - son.sendKeys(Deger): null

2021-11-19 16:52:58 - [MESSAGE][PASSED] - Call Test Case 'Test Cases/Olusturma/Genel/Olusturma' successfully

2021-11-19 16:52:58 - [MESSAGE][INFO] - Checking called Test Case

2021-11-19 16:52:58 - [MESSAGE][INFO] - Starting to call Test Case 'Test Cases/Olusturma/Genel/Olusturma'

2021-11-19 16:52:58 - [TEST_CASE][PASSED] - Test Cases/Olusturma/Genel/Olusturma: Test Cases/Olusturma/Genel/Olusturma

2021-11-19 16:52:58 - [TEST_STEP][PASSED] - driver = getWebDriver(): null

2021-11-19 16:52:58 - [TEST_STEP][PASSED] - action = new org.openqa.selenium.interactions.Actions(driver): null

2021-11-19 16:52:58 - [TEST_STEP][PASSED] - baslikElement = <not implemented yet for class: org.codehaus.groovy.ast.expr.EmptyExpression>: null

2021-11-19 16:52:58 - [TEST_STEP][PASSED] - sonElement = <not implemented yet for class: org.codehaus.groovy.ast.expr.EmptyExpression>: null

2021-11-19 16:52:58 - [TEST_STEP][PASSED] - attr = <not implemented yet for class: org.codehaus.groovy.ast.expr.EmptyExpression>: null

2021-11-19 16:52:58 - [TEST_STEP][PASSED] - a = 0: null

2021-11-19 16:52:58 - [TEST_STEP][PASSED] - elements = findWebElements(findTestObject("Object Repository/Olusturma/Genel/Olusturma/TabloBasliklari"), 10): Found 13 web elements with id: 'Object Repository/Olusturma/Genel/Olusturma/TabloBasliklari' located by 'By.cssSelector: div#divmalhizmet .dxgvTable_LECustomTheme td.dxgvHeader_LECustomTheme tr>td:nth-child(1)' in '10' second(s)

2021-11-19 16:52:58 - [MESSAGE][INFO] - Finding Test Object 'Object Repository/Olusturma/Genel/Olusturma/TabloBasliklari'

2021-11-19 16:52:58 - [MESSAGE][INFO] - Checking timeout

2021-11-19 16:52:58 - [MESSAGE][INFO] - Finding web element with id: 'Object Repository/Olusturma/Genel/Olusturma/TabloBasliklari' located by 'By.cssSelector: div#divmalhizmet .dxgvTable_LECustomTheme td.dxgvHeader_LECustomTheme tr>td:nth-child(1)' in '10' second(s)

2021-11-19 16:52:58 - [MESSAGE][INFO] - Smart Wait Function is triggered

2021-11-19 16:52:59 - [MESSAGE][INFO] - Found 13 web elements with id: 'Object Repository/Olusturma/Genel/Olusturma/TabloBasliklari' located by 'By.cssSelector: div#divmalhizmet .dxgvTable_LECustomTheme td.dxgvHeader_LECustomTheme tr>td:nth-child(1)' in '10' second(s)

2021-11-19 16:52:59 - [TEST_STEP][PASSED] - for (def element : elements): null

2021-11-19 16:52:59 - [TEST_STEP][PASSED] - build().perform(): null

2021-11-19 16:52:59 - [TEST_STEP][PASSED] - if (getText().equals(Baslik)): null

2021-11-19 16:52:59 - [TEST_STEP][PASSED] - build().perform(): null

2021-11-19 16:52:59 - [TEST_STEP][PASSED] - if (getText().equals(Baslik)): null

2021-11-19 16:52:59 - [TEST_STEP][PASSED] - build().perform(): null

2021-11-19 16:52:59 - [TEST_STEP][PASSED] - if (getText().equals(Baslik)): null

2021-11-19 16:52:59 - [TEST_STEP][PASSED] - build().perform(): null

2021-11-19 16:52:59 - [TEST_STEP][PASSED] - if (getText().equals(Baslik)): null

2021-11-19 16:52:59 - [TEST_STEP][PASSED] - build().perform(): null

2021-11-19 16:52:59 - [TEST_STEP][PASSED] - if (getText().equals(Baslik)): null

2021-11-19 16:52:59 - [TEST_STEP][PASSED] - build().perform(): null

2021-11-19 16:52:59 - [TEST_STEP][PASSED] - if (getText().equals(Baslik)): null

2021-11-19 16:52:59 - [TEST_STEP][PASSED] - build().perform(): null

2021-11-19 16:53:00 - [TEST_STEP][PASSED] - if (getText().equals(Baslik)): null

2021-11-19 16:53:00 - [TEST_STEP][PASSED] - baslikElement = element.findElement(By.xpath("../../../..")): Smart Wait Function is triggered

2021-11-19 16:53:00 - [MESSAGE][INFO] - Smart Wait Function is triggered

2021-11-19 16:53:00 - [TEST_STEP][PASSED] - attr = baslikElement.getAttribute("id"): null

2021-11-19 16:53:00 - [TEST_STEP][PASSED] - println("girdi ve idsini aldı = " + attr): null

2021-11-19 16:53:00 - [TEST_STEP][PASSED] - break: null

2021-11-19 16:53:00 - [TEST_STEP][PASSED] - countElement = baslikElement.findElements(By.xpath("../td")): Smart Wait Function is triggered

2021-11-19 16:53:00 - [MESSAGE][INFO] - Smart Wait Function is triggered

2021-11-19 16:53:00 - [TEST_STEP][PASSED] - for (def element : countElement): null

2021-11-19 16:53:00 - [TEST_STEP][PASSED] - if (toString().equals(attr.toString())): null

2021-11-19 16:53:00 - [TEST_STEP][PASSED] - (a++): null

2021-11-19 16:53:00 - [TEST_STEP][PASSED] - if (toString().equals(attr.toString())): null

2021-11-19 16:53:00 - [TEST_STEP][PASSED] - (a++): null

2021-11-19 16:53:00 - [TEST_STEP][PASSED] - if (toString().equals(attr.toString())): null

2021-11-19 16:53:00 - [TEST_STEP][PASSED] - (a++): null

2021-11-19 16:53:00 - [TEST_STEP][PASSED] - if (toString().equals(attr.toString())): null

2021-11-19 16:53:00 - [TEST_STEP][PASSED] - (a++): null

2021-11-19 16:53:00 - [TEST_STEP][PASSED] - if (toString().equals(attr.toString())): null

2021-11-19 16:53:00 - [TEST_STEP][PASSED] - (a++): null

2021-11-19 16:53:00 - [TEST_STEP][PASSED] - if (toString().equals(attr.toString())): null

2021-11-19 16:53:00 - [TEST_STEP][PASSED] - (a++): null

2021-11-19 16:53:00 - [TEST_STEP][PASSED] - if (toString().equals(attr.toString())): null

2021-11-19 16:53:00 - [TEST_STEP][PASSED] - (a++): null

2021-11-19 16:53:00 - [TEST_STEP][PASSED] - if (toString().equals(attr.toString())): null

2021-11-19 16:53:00 - [TEST_STEP][PASSED] - break: null

2021-11-19 16:53:00 - [TEST_STEP][PASSED] - son = findWebElement(findTestObject("Object Repository/Olusturma/Genel/Olusturma/EklenenSatir")).findElement(By.xpath("td[@class='dxgvInlineEditCell_LECustomTheme dxgv'][" + a + "]//td[@class='dxic']/input")): Smart Wait Function is triggered

2021-11-19 16:53:00 - [MESSAGE][INFO] - Finding Test Object 'Object Repository/Olusturma/Genel/Olusturma/EklenenSatir'

2021-11-19 16:53:01 - [MESSAGE][INFO] - Finding web element from Test Object's properties

2021-11-19 16:53:01 - [MESSAGE][INFO] - Checking timeout

2021-11-19 16:53:01 - [MESSAGE][INFO] - Finding web element with id: 'Object Repository/Olusturma/Genel/Olusturma/EklenenSatir' located by 'By.cssSelector: #divmalhizmet .dxgvInlineEditRow_LECustomTheme' in '30' second(s)

2021-11-19 16:53:01 - [MESSAGE][INFO] - Smart Wait Function is triggered

2021-11-19 16:53:01 - [MESSAGE][INFO] - Found 1 web elements with id: 'Object Repository/Olusturma/Genel/Olusturma/EklenenSatir' located by 'By.cssSelector: #divmalhizmet .dxgvInlineEditRow_LECustomTheme' in '30' second(s)

2021-11-19 16:53:01 - [MESSAGE][INFO] - Smart Wait Function is triggered

2021-11-19 16:53:01 - [TEST_STEP][PASSED] - if (!(getAttribute("value").contains("Vkn"))): null

2021-11-19 16:53:01 - [TEST_STEP][PASSED] - son.clear(): null

2021-11-19 16:53:02 - [TEST_STEP][PASSED] - son.sendKeys(Deger): null

2021-11-19 16:53:02 - [MESSAGE][PASSED] - Call Test Case 'Test Cases/Olusturma/Genel/Olusturma' successfully

2021-11-19 16:53:02 - [MESSAGE][INFO] - Checking called Test Case

2021-11-19 16:53:02 - [MESSAGE][INFO] - Starting to call Test Case 'Test Cases/Olusturma/Genel/NotGirilir'

2021-11-19 16:53:02 - [TEST_CASE][PASSED] - Test Cases/Olusturma/Genel/NotGirilir: Test Cases/Olusturma/Genel/NotGirilir

2021-11-19 16:53:02 - [TEST_STEP][PASSED] - i = 0: null

2021-11-19 16:53:02 - [TEST_STEP][PASSED] - waitForElementClickable(findTestObject("Olusturma/Genel/Not/Notlar"), 10): Object 'Object Repository/Olusturma/Genel/Not/Notlar' is clickable

2021-11-19 16:53:02 - [MESSAGE][INFO] - Finding Test Object 'Object Repository/Olusturma/Genel/Not/Notlar'

2021-11-19 16:53:02 - [MESSAGE][INFO] - Checking object

2021-11-19 16:53:02 - [MESSAGE][INFO] - Checking timeout

2021-11-19 16:53:02 - [MESSAGE][INFO] - Finding web element from Test Object's properties

2021-11-19 16:53:02 - [MESSAGE][INFO] - Checking timeout

2021-11-19 16:53:02 - [MESSAGE][INFO] - Finding web element with id: 'Object Repository/Olusturma/Genel/Not/Notlar' located by 'By.xpath: //*[@id = 'txtNote_I']' in '10' second(s)

2021-11-19 16:53:02 - [MESSAGE][INFO] - Smart Wait Function is triggered

2021-11-19 16:53:02 - [MESSAGE][INFO] - Found 1 web elements with id: 'Object Repository/Olusturma/Genel/Not/Notlar' located by 'By.xpath: //*[@id = 'txtNote_I']' in '10' second(s)

2021-11-19 16:53:02 - [MESSAGE][PASSED] - Object 'Object Repository/Olusturma/Genel/Not/Notlar' is clickable

2021-11-19 16:53:02 - [TEST_STEP][PASSED] - clearText(findTestObject("Olusturma/Genel/Not/Notlar")): Text of object 'Object Repository/Olusturma/Genel/Not/Notlar' is cleared

2021-11-19 16:53:02 - [MESSAGE][INFO] - Finding Test Object 'Object Repository/Olusturma/Genel/Not/Notlar'

2021-11-19 16:53:02 - [MESSAGE][INFO] - Checking object

2021-11-19 16:53:02 - [MESSAGE][INFO] - Finding web element from Test Object's properties

2021-11-19 16:53:02 - [MESSAGE][INFO] - Checking timeout

2021-11-19 16:53:02 - [MESSAGE][INFO] - Finding web element with id: 'Object Repository/Olusturma/Genel/Not/Notlar' located by 'By.xpath: //*[@id = 'txtNote_I']' in '30' second(s)

2021-11-19 16:53:02 - [MESSAGE][INFO] - Smart Wait Function is triggered

2021-11-19 16:53:03 - [MESSAGE][INFO] - Found 1 web elements with id: 'Object Repository/Olusturma/Genel/Not/Notlar' located by 'By.xpath: //*[@id = 'txtNote_I']' in '30' second(s)

2021-11-19 16:53:03 - [MESSAGE][INFO] - Clearing text of object 'Object Repository/Olusturma/Genel/Not/Notlar'

2021-11-19 16:53:03 - [MESSAGE][PASSED] - Text of object 'Object Repository/Olusturma/Genel/Not/Notlar' is cleared

2021-11-19 16:53:03 - [TEST_STEP][PASSED] - click(findTestObject("Olusturma/Genel/Not/Notlar")): Object: 'Object Repository/Olusturma/Genel/Not/Notlar' is clicked on

2021-11-19 16:53:03 - [MESSAGE][INFO] - Finding Test Object 'Object Repository/Olusturma/Genel/Not/Notlar'

2021-11-19 16:53:03 - [MESSAGE][INFO] - Checking object

2021-11-19 16:53:03 - [MESSAGE][INFO] - Finding web element from Test Object's properties

2021-11-19 16:53:03 - [MESSAGE][INFO] - Checking timeout

2021-11-19 16:53:03 - [MESSAGE][INFO] - Finding web element with id: 'Object Repository/Olusturma/Genel/Not/Notlar' located by 'By.xpath: //*[@id = 'txtNote_I']' in '30' second(s)

2021-11-19 16:53:03 - [MESSAGE][INFO] - Smart Wait Function is triggered

2021-11-19 16:53:03 - [MESSAGE][INFO] - Found 1 web elements with id: 'Object Repository/Olusturma/Genel/Not/Notlar' located by 'By.xpath: //*[@id = 'txtNote_I']' in '30' second(s)

2021-11-19 16:53:03 - [MESSAGE][INFO] - Clicking on object: 'Object Repository/Olusturma/Genel/Not/Notlar'

2021-11-19 16:53:03 - [MESSAGE][PASSED] - Object: 'Object Repository/Olusturma/Genel/Not/Notlar' is clicked on

2021-11-19 16:53:03 - [TEST_STEP][PASSED] - while (true): null

2021-11-19 16:53:03 - [TEST_STEP][PASSED] - delay(1): Delayed 1 second(s)

2021-11-19 16:53:03 - [MESSAGE][INFO] - Delaying browser in 1 second(s)

2021-11-19 16:53:04 - [MESSAGE][PASSED] - Delayed 1 second(s)

2021-11-19 16:53:04 - [TEST_STEP][PASSED] - ajaxIsComplete = executeJavaScript("return jQuery.active == 0", null): Execute JavaScript 'return jQuery.active == 0' successfully

2021-11-19 16:53:04 - [MESSAGE][PASSED] - Execute JavaScript 'return jQuery.active == 0' successfully

2021-11-19 16:53:04 - [TEST_STEP][PASSED] - if (ajaxIsComplete): null

2021-11-19 16:53:04 - [TEST_STEP][PASSED] - break: null

2021-11-19 16:53:04 - [TEST_STEP][PASSED] - sendKeys(findTestObject("Olusturma/Genel/Not/Notlar"), Not): Keys 'Otomasyon Not' sent to object: 'Object Repository/Olusturma/Genel/Not/Notlar'

2021-11-19 16:53:04 - [MESSAGE][INFO] - Finding Test Object 'Object Repository/Olusturma/Genel/Not/Notlar'

2021-11-19 16:53:04 - [MESSAGE][INFO] - Sending keys 'Otomasyon Not' to object: 'Object Repository/Olusturma/Genel/Not/Notlar'

2021-11-19 16:53:04 - [MESSAGE][INFO] - Finding web element from Test Object's properties

2021-11-19 16:53:04 - [MESSAGE][INFO] - Checking timeout

2021-11-19 16:53:04 - [MESSAGE][INFO] - Finding web element with id: 'Object Repository/Olusturma/Genel/Not/Notlar' located by 'By.xpath: //*[@id = 'txtNote_I']' in '30' second(s)

2021-11-19 16:53:04 - [MESSAGE][INFO] - Smart Wait Function is triggered

2021-11-19 16:53:05 - [MESSAGE][INFO] - Found 1 web elements with id: 'Object Repository/Olusturma/Genel/Not/Notlar' located by 'By.xpath: //*[@id = 'txtNote_I']' in '30' second(s)

2021-11-19 16:53:05 - [MESSAGE][PASSED] - Keys 'Otomasyon Not' sent to object: 'Object Repository/Olusturma/Genel/Not/Notlar'

2021-11-19 16:53:05 - [MESSAGE][PASSED] - Call Test Case 'Test Cases/Olusturma/Genel/NotGirilir' successfully

2021-11-19 16:53:05 - [MESSAGE][INFO] - Checking called Test Case

2021-11-19 16:53:05 - [MESSAGE][INFO] - Starting to call Test Case 'Test Cases/Olusturma/Genel/EttnBilgisiKayitEdilir'

2021-11-19 16:53:05 - [TEST_CASE][PASSED] - Test Cases/Olusturma/Genel/EttnBilgisiKayitEdilir: Test Cases/Olusturma/Genel/EttnBilgisiKayitEdilir

2021-11-19 16:53:05 - [TEST_STEP][PASSED] - verifyElementPresent(findTestObject("Object Repository/Olusturma/Genel/Olusturma/eArsivEttnBilgisi"), 7): Object 'Object Repository/Olusturma/Genel/Olusturma/eArsivEttnBilgisi' is present

2021-11-19 16:53:05 - [MESSAGE][INFO] - Finding Test Object 'Object Repository/Olusturma/Genel/Olusturma/eArsivEttnBilgisi'

2021-11-19 16:53:05 - [MESSAGE][INFO] - Checking object

2021-11-19 16:53:05 - [MESSAGE][INFO] - Finding web element from Test Object's properties

2021-11-19 16:53:05 - [MESSAGE][INFO] - Checking timeout

2021-11-19 16:53:05 - [MESSAGE][INFO] - Finding web element with id: 'Object Repository/Olusturma/Genel/Olusturma/eArsivEttnBilgisi' located by 'By.xpath: //*[@id = 'Uuid_I']' in '7' second(s)

2021-11-19 16:53:05 - [MESSAGE][INFO] - Smart Wait Function is triggered

2021-11-19 16:53:05 - [MESSAGE][INFO] - Found 1 web elements with id: 'Object Repository/Olusturma/Genel/Olusturma/eArsivEttnBilgisi' located by 'By.xpath: //*[@id = 'Uuid_I']' in '7' second(s)

2021-11-19 16:53:05 - [MESSAGE][PASSED] - Object 'Object Repository/Olusturma/Genel/Olusturma/eArsivEttnBilgisi' is present

2021-11-19 16:53:05 - [TEST_STEP][PASSED] - ettn = getAttribute(findTestObject("Object Repository/Olusturma/Genel/Olusturma/eArsivEttnBilgisi"), "value"): Attribute 'value' of object 'Object Repository/Olusturma/Genel/Olusturma/eArsivEttnBilgisi' is: '9b868a50-a482-41d7-bd3d-6f044f8b53b9'

2021-11-19 16:53:05 - [MESSAGE][INFO] - Finding Test Object 'Object Repository/Olusturma/Genel/Olusturma/eArsivEttnBilgisi'

2021-11-19 16:53:05 - [MESSAGE][INFO] - Checking object

2021-11-19 16:53:05 - [MESSAGE][INFO] - Checking attribute

2021-11-19 16:53:05 - [MESSAGE][INFO] - Finding web element from Test Object's properties

2021-11-19 16:53:05 - [MESSAGE][INFO] - Checking timeout

2021-11-19 16:53:05 - [MESSAGE][INFO] - Finding web element with id: 'Object Repository/Olusturma/Genel/Olusturma/eArsivEttnBilgisi' located by 'By.xpath: //*[@id = 'Uuid_I']' in '30' second(s)

2021-11-19 16:53:05 - [MESSAGE][INFO] - Smart Wait Function is triggered

2021-11-19 16:53:06 - [MESSAGE][INFO] - Found 1 web elements with id: 'Object Repository/Olusturma/Genel/Olusturma/eArsivEttnBilgisi' located by 'By.xpath: //*[@id = 'Uuid_I']' in '30' second(s)

2021-11-19 16:53:06 - [MESSAGE][INFO] - Getting attribute 'value' of object 'Object Repository/Olusturma/Genel/Olusturma/eArsivEttnBilgisi'

2021-11-19 16:53:06 - [MESSAGE][PASSED] - Attribute 'value' of object 'Object Repository/Olusturma/Genel/Olusturma/eArsivEttnBilgisi' is: '9b868a50-a482-41d7-bd3d-6f044f8b53b9'

2021-11-19 16:53:06 - [MESSAGE][PASSED] - Call Test Case 'Test Cases/Olusturma/Genel/EttnBilgisiKayitEdilir' successfully

2021-11-19 16:53:06 - [MESSAGE][INFO] - Checking called Test Case

2021-11-19 16:53:06 - [MESSAGE][INFO] - Starting to call Test Case 'Test Cases/Olusturma/Genel/KaydetButonunaTiklanir'

2021-11-19 16:53:06 - [TEST_CASE][PASSED] - Test Cases/Olusturma/Genel/KaydetButonunaTiklanir: Test Cases/Olusturma/Genel/KaydetButonunaTiklanir

2021-11-19 16:53:06 - [TEST_STEP][PASSED] - i = 0: null

2021-11-19 16:53:06 - [TEST_STEP][PASSED] - waitForElementPresent(findTestObject("Olusturma/Genel/Not/Notlar"), 10): Object 'Object Repository/Olusturma/Genel/Not/Notlar' is present

2021-11-19 16:53:06 - [MESSAGE][INFO] - Finding Test Object 'Object Repository/Olusturma/Genel/Not/Notlar'

2021-11-19 16:53:06 - [MESSAGE][INFO] - Checking object

2021-11-19 16:53:06 - [MESSAGE][INFO] - Finding web element from Test Object's properties

2021-11-19 16:53:06 - [MESSAGE][INFO] - Checking timeout

2021-11-19 16:53:06 - [MESSAGE][INFO] - Finding web element with id: 'Object Repository/Olusturma/Genel/Not/Notlar' located by 'By.xpath: //*[@id = 'txtNote_I']' in '10' second(s)

2021-11-19 16:53:06 - [MESSAGE][INFO] - Smart Wait Function is triggered

2021-11-19 16:53:06 - [MESSAGE][INFO] - Found 1 web elements with id: 'Object Repository/Olusturma/Genel/Not/Notlar' located by 'By.xpath: //*[@id = 'txtNote_I']' in '10' second(s)

2021-11-19 16:53:06 - [MESSAGE][PASSED] - Object 'Object Repository/Olusturma/Genel/Not/Notlar' is present

2021-11-19 16:53:06 - [TEST_STEP][PASSED] - click(findTestObject("Olusturma/Genel/Not/Notlar")): Object: 'Object Repository/Olusturma/Genel/Not/Notlar' is clicked on

2021-11-19 16:53:06 - [MESSAGE][INFO] - Finding Test Object 'Object Repository/Olusturma/Genel/Not/Notlar'

2021-11-19 16:53:06 - [MESSAGE][INFO] - Checking object

2021-11-19 16:53:06 - [MESSAGE][INFO] - Finding web element from Test Object's properties

2021-11-19 16:53:06 - [MESSAGE][INFO] - Checking timeout

2021-11-19 16:53:06 - [MESSAGE][INFO] - Finding web element with id: 'Object Repository/Olusturma/Genel/Not/Notlar' located by 'By.xpath: //*[@id = 'txtNote_I']' in '30' second(s)

2021-11-19 16:53:06 - [MESSAGE][INFO] - Smart Wait Function is triggered

2021-11-19 16:53:06 - [MESSAGE][INFO] - Found 1 web elements with id: 'Object Repository/Olusturma/Genel/Not/Notlar' located by 'By.xpath: //*[@id = 'txtNote_I']' in '30' second(s)

2021-11-19 16:53:06 - [MESSAGE][INFO] - Clicking on object: 'Object Repository/Olusturma/Genel/Not/Notlar'

2021-11-19 16:53:07 - [MESSAGE][PASSED] - Object: 'Object Repository/Olusturma/Genel/Not/Notlar' is clicked on

2021-11-19 16:53:07 - [TEST_STEP][PASSED] - while (true): null

2021-11-19 16:53:07 - [TEST_STEP][PASSED] - delay(1): Delayed 1 second(s)

2021-11-19 16:53:07 - [MESSAGE][INFO] - Delaying browser in 1 second(s)

2021-11-19 16:53:08 - [MESSAGE][PASSED] - Delayed 1 second(s)

2021-11-19 16:53:08 - [TEST_STEP][PASSED] - ajaxIsComplete = executeJavaScript("return jQuery.active == 0", null): Execute JavaScript 'return jQuery.active == 0' successfully

2021-11-19 16:53:08 - [MESSAGE][PASSED] - Execute JavaScript 'return jQuery.active == 0' successfully

2021-11-19 16:53:08 - [TEST_STEP][PASSED] - if (ajaxIsComplete): null

2021-11-19 16:53:08 - [TEST_STEP][PASSED] - break: null

2021-11-19 16:53:08 - [TEST_STEP][PASSED] - waitForElementClickable(findTestObject("Object Repository/Olusturma/Genel/Buton"), 10): Object 'Object Repository/Olusturma/Genel/Buton' is clickable

2021-11-19 16:53:08 - [MESSAGE][INFO] - Finding Test Object 'Object Repository/Olusturma/Genel/Buton'

2021-11-19 16:53:08 - [MESSAGE][INFO] - Checking object

2021-11-19 16:53:08 - [MESSAGE][INFO] - Checking timeout

2021-11-19 16:53:08 - [MESSAGE][INFO] - Finding web element from Test Object's properties

2021-11-19 16:53:08 - [MESSAGE][INFO] - Checking timeout

2021-11-19 16:53:08 - [MESSAGE][INFO] - Finding web element with id: 'Object Repository/Olusturma/Genel/Buton' located by 'By.xpath: //*[@id = 'btnKaydet']' in '10' second(s)

2021-11-19 16:53:08 - [MESSAGE][INFO] - Smart Wait Function is triggered

2021-11-19 16:53:08 - [MESSAGE][INFO] - Found 1 web elements with id: 'Object Repository/Olusturma/Genel/Buton' located by 'By.xpath: //*[@id = 'btnKaydet']' in '10' second(s)

2021-11-19 16:53:08 - [MESSAGE][PASSED] - Object 'Object Repository/Olusturma/Genel/Buton' is clickable

2021-11-19 16:53:08 - [TEST_STEP][PASSED] - click(findTestObject("Object Repository/Olusturma/Genel/Buton")): Object: 'Object Repository/Olusturma/Genel/Buton' is clicked on

2021-11-19 16:53:08 - [MESSAGE][INFO] - Finding Test Object 'Object Repository/Olusturma/Genel/Buton'

2021-11-19 16:53:08 - [MESSAGE][INFO] - Checking object

2021-11-19 16:53:08 - [MESSAGE][INFO] - Finding web element from Test Object's properties

2021-11-19 16:53:08 - [MESSAGE][INFO] - Checking timeout

2021-11-19 16:53:08 - [MESSAGE][INFO] - Finding web element with id: 'Object Repository/Olusturma/Genel/Buton' located by 'By.xpath: //*[@id = 'btnKaydet']' in '30' second(s)

2021-11-19 16:53:08 - [MESSAGE][INFO] - Smart Wait Function is triggered

2021-11-19 16:53:08 - [MESSAGE][INFO] - Found 1 web elements with id: 'Object Repository/Olusturma/Genel/Buton' located by 'By.xpath: //*[@id = 'btnKaydet']' in '30' second(s)

2021-11-19 16:53:08 - [MESSAGE][INFO] - Clicking on object: 'Object Repository/Olusturma/Genel/Buton'

2021-11-19 16:53:11 - [MESSAGE][PASSED] - Object: 'Object Repository/Olusturma/Genel/Buton' is clicked on

2021-11-19 16:53:11 - [MESSAGE][PASSED] - Call Test Case 'Test Cases/Olusturma/Genel/KaydetButonunaTiklanir' successfully

2021-11-19 16:53:11 - [MESSAGE][INFO] - Checking called Test Case

2021-11-19 16:53:11 - [MESSAGE][INFO] - Starting to call Test Case 'Test Cases/Tablo/TablodaEttnliVeriOlusturulduMu'

2021-11-19 16:53:11 - [TEST_CASE][PASSED] - Test Cases/Tablo/TablodaEttnliVeriOlusturulduMu: Test Cases/Tablo/TablodaEttnliVeriOlusturulduMu

2021-11-19 16:53:11 - [TEST_STEP][PASSED] - Method.TextDegerineEsitElementVarMi(findTestObject("Tablo/OlusturulanVeri"), ettn): Method.TextDegerineEsitElementVarMi is PASSED

2021-11-19 16:53:11 - [MESSAGE][INFO] - Finding Test Object 'Object Repository/Tablo/OlusturulanVeri'

2021-11-19 16:53:11 - [MESSAGE][INFO] - Checking timeout

2021-11-19 16:53:11 - [MESSAGE][INFO] - Finding web element with id: 'Object Repository/Tablo/OlusturulanVeri' located by 'By.cssSelector: table.dxgvTable_LECustomTheme>tbody>tr:nth-child(3)>td.dxgv b,table.dxgvTable_LECustomTheme>tbody>tr:nth-child(3)>td.dxgv' in '10' second(s)

2021-11-19 16:53:11 - [MESSAGE][INFO] - Smart Wait Function is triggered

2021-11-19 16:53:12 - [MESSAGE][INFO] - Found 14 web elements with id: 'Object Repository/Tablo/OlusturulanVeri' located by 'By.cssSelector: table.dxgvTable_LECustomTheme>tbody>tr:nth-child(3)>td.dxgv b,table.dxgvTable_LECustomTheme>tbody>tr:nth-child(3)>td.dxgv' in '10' second(s)

2021-11-19 16:53:12 - [MESSAGE][PASSED] - Method.TextDegerineEsitElementVarMi is PASSED

2021-11-19 16:53:12 - [MESSAGE][PASSED] - Call Test Case 'Test Cases/Tablo/TablodaEttnliVeriOlusturulduMu' successfully

2021-11-19 16:53:12 - [MESSAGE][INFO] - Checking called Test Case

2021-11-19 16:53:12 - [MESSAGE][INFO] - Starting to call Test Case 'Test Cases/Tablo/TablodanEttnliVeriSec'

2021-11-19 16:53:12 - [TEST_CASE][PASSED] - Test Cases/Tablo/TablodanEttnliVeriSec: Test Cases/Tablo/TablodanEttnliVeriSec

2021-11-19 16:53:12 - [TEST_STEP][PASSED] - Method.TextDegerineEsitElementinAltindakineTikla(findTestObject("Tablo/Veriler"), findTestObject("Tablo/VerininCheckBoxi"), ettn): Method.TextDegerineEsitElementinAltindakineTikla is PASSED

2021-11-19 16:53:12 - [MESSAGE][INFO] - Finding Test Object 'Object Repository/Tablo/Veriler'

2021-11-19 16:53:12 - [MESSAGE][INFO] - Finding Test Object 'Object Repository/Tablo/VerininCheckBoxi'

2021-11-19 16:53:12 - [MESSAGE][INFO] - Checking timeout

2021-11-19 16:53:12 - [MESSAGE][INFO] - Finding web element with id: 'Object Repository/Tablo/Veriler' located by 'By.cssSelector: td.dxgv b ,td.dxgv' in '10' second(s)

2021-11-19 16:53:12 - [MESSAGE][INFO] - Smart Wait Function is triggered

2021-11-19 16:53:12 - [MESSAGE][INFO] - Found 84 web elements with id: 'Object Repository/Tablo/Veriler' located by 'By.cssSelector: td.dxgv b ,td.dxgv' in '10' second(s)

2021-11-19 16:53:12 - [MESSAGE][INFO] - Smart Wait Function is triggered

2021-11-19 16:53:13 - [MESSAGE][PASSED] - Method.TextDegerineEsitElementinAltindakineTikla is PASSED

2021-11-19 16:53:13 - [MESSAGE][PASSED] - Call Test Case 'Test Cases/Tablo/TablodanEttnliVeriSec' successfully

2021-11-19 16:53:13 - [MESSAGE][INFO] - Checking called Test Case

2021-11-19 16:53:13 - [MESSAGE][INFO] - Starting to call Test Case 'Test Cases/Butonlar/ButonaTikla'

2021-11-19 16:53:13 - [TEST_CASE][PASSED] - Test Cases/Butonlar/ButonaTikla: Test Cases/Butonlar/ButonaTikla

2021-11-19 16:53:13 - [TEST_STEP][PASSED] - Method.TextDegerineEsitElementeTiklaEquals(findTestObject("Butonlar/Butonlar"), Buton_Adi): Method.TextDegerineEsitElementeTiklaEquals is PASSED

2021-11-19 16:53:13 - [MESSAGE][INFO] - Finding Test Object 'Object Repository/Butonlar/Butonlar'

2021-11-19 16:53:13 - [MESSAGE][INFO] - Checking timeout

2021-11-19 16:53:13 - [MESSAGE][INFO] - Finding web element with id: 'Object Repository/Butonlar/Butonlar' located by 'By.cssSelector: .panel.panel-default.text-center.footerPanel .btn,.btn.btn-primary.btnControls' in '10' second(s)

2021-11-19 16:53:13 - [MESSAGE][INFO] - Smart Wait Function is triggered

2021-11-19 16:53:13 - [MESSAGE][INFO] - Found 9 web elements with id: 'Object Repository/Butonlar/Butonlar' located by 'By.cssSelector: .panel.panel-default.text-center.footerPanel .btn,.btn.btn-primary.btnControls' in '10' second(s)

2021-11-19 16:53:13 - [MESSAGE][PASSED] - Method.TextDegerineEsitElementeTiklaEquals is PASSED

2021-11-19 16:53:13 - [MESSAGE][PASSED] - Call Test Case 'Test Cases/Butonlar/ButonaTikla' successfully

2021-11-19 16:53:13 - [MESSAGE][INFO] - Checking called Test Case

2021-11-19 16:53:13 - [MESSAGE][INFO] - Starting to call Test Case 'Test Cases/Popup/PopupMesajiIceriyorMu'

2021-11-19 16:53:13 - [TEST_CASE][PASSED] - Test Cases/Popup/PopupMesajiIceriyorMu: Test Cases/Popup/PopupMesajiIceriyorMu

2021-11-19 16:53:13 - [TEST_STEP][PASSED] - waitForElementVisible(findTestObject("Popup/Popup"), 10): Object 'Object Repository/Popup/Popup' is visible

2021-11-19 16:53:13 - [MESSAGE][INFO] - Finding Test Object 'Object Repository/Popup/Popup'

2021-11-19 16:53:14 - [MESSAGE][INFO] - Checking object

2021-11-19 16:53:14 - [MESSAGE][INFO] - Checking timeout

2021-11-19 16:53:14 - [MESSAGE][INFO] - Finding web element from Test Object's properties

2021-11-19 16:53:14 - [MESSAGE][INFO] - Checking timeout

2021-11-19 16:53:14 - [MESSAGE][INFO] - Finding web element with id: 'Object Repository/Popup/Popup' located by 'By.cssSelector: .bootbox-body' in '10' second(s)

2021-11-19 16:53:14 - [MESSAGE][INFO] - Smart Wait Function is triggered

2021-11-19 16:53:14 - [MESSAGE][INFO] - Found 1 web elements with id: 'Object Repository/Popup/Popup' located by 'By.cssSelector: .bootbox-body' in '10' second(s)

2021-11-19 16:53:14 - [MESSAGE][PASSED] - Object 'Object Repository/Popup/Popup' is visible

2021-11-19 16:53:14 - [TEST_STEP][PASSED] - if (!(getText(findTestObject("Popup/Popup")).contains(Mesaj))): Text of object 'Object Repository/Popup/Popup' is: 'Oluşturulacak fatura numarası : EAR2021000000494 Fatura numarası oluşturulduktan sonra fatura silinemez. Fatura numarası, tarihi ve ön eki değiştirilemez. Devam etmek istiyor musunuz?'

2021-11-19 16:53:14 - [MESSAGE][INFO] - Finding Test Object 'Object Repository/Popup/Popup'

2021-11-19 16:53:14 - [MESSAGE][INFO] - Checking object

2021-11-19 16:53:14 - [MESSAGE][INFO] - Finding web element from Test Object's properties

2021-11-19 16:53:14 - [MESSAGE][INFO] - Checking timeout

2021-11-19 16:53:14 - [MESSAGE][INFO] - Finding web element with id: 'Object Repository/Popup/Popup' located by 'By.cssSelector: .bootbox-body' in '30' second(s)

2021-11-19 16:53:14 - [MESSAGE][INFO] - Smart Wait Function is triggered

2021-11-19 16:53:15 - [MESSAGE][INFO] - Found 1 web elements with id: 'Object Repository/Popup/Popup' located by 'By.cssSelector: .bootbox-body' in '30' second(s)

2021-11-19 16:53:15 - [MESSAGE][INFO] - Getting text of object 'Object Repository/Popup/Popup'

2021-11-19 16:53:15 - [MESSAGE][PASSED] - Text of object 'Object Repository/Popup/Popup' is: 'Oluşturulacak fatura numarası : EAR2021000000494 Fatura numarası oluşturulduktan sonra fatura silinemez. Fatura numarası, tarihi ve ön eki değiştirilemez. Devam etmek istiyor musunuz?'

2021-11-19 16:53:15 - [TEST_STEP][PASSED] - RaporNo = getText(findTestObject("Popup/Popup")).substring(0, 6): Text of object 'Object Repository/Popup/Popup' is: 'Oluşturulacak fatura numarası : EAR2021000000494 Fatura numarası oluşturulduktan sonra fatura silinemez. Fatura numarası, tarihi ve ön eki değiştirilemez. Devam etmek istiyor musunuz?'

2021-11-19 16:53:15 - [MESSAGE][INFO] - Finding Test Object 'Object Repository/Popup/Popup'

2021-11-19 16:53:15 - [MESSAGE][INFO] - Checking object

2021-11-19 16:53:15 - [MESSAGE][INFO] - Finding web element from Test Object's properties

2021-11-19 16:53:15 - [MESSAGE][INFO] - Checking timeout

2021-11-19 16:53:15 - [MESSAGE][INFO] - Finding web element with id: 'Object Repository/Popup/Popup' located by 'By.cssSelector: .bootbox-body' in '30' second(s)

2021-11-19 16:53:15 - [MESSAGE][INFO] - Smart Wait Function is triggered

2021-11-19 16:53:15 - [MESSAGE][INFO] - Found 1 web elements with id: 'Object Repository/Popup/Popup' located by 'By.cssSelector: .bootbox-body' in '30' second(s)

2021-11-19 16:53:15 - [MESSAGE][INFO] - Getting text of object 'Object Repository/Popup/Popup'

2021-11-19 16:53:15 - [MESSAGE][PASSED] - Text of object 'Object Repository/Popup/Popup' is: 'Oluşturulacak fatura numarası : EAR2021000000494 Fatura numarası oluşturulduktan sonra fatura silinemez. Fatura numarası, tarihi ve ön eki değiştirilemez. Devam etmek istiyor musunuz?'

2021-11-19 16:53:15 - [TEST_STEP][PASSED] - Console.println(RaporNo): null

2021-11-19 16:53:15 - [MESSAGE][PASSED] - Call Test Case 'Test Cases/Popup/PopupMesajiIceriyorMu' successfully

2021-11-19 16:53:15 - [MESSAGE][INFO] - Checking called Test Case

2021-11-19 16:53:15 - [MESSAGE][INFO] - Starting to call Test Case 'Test Cases/Popup/PopupButonSecilir'

2021-11-19 16:53:15 - [TEST_CASE][PASSED] - Test Cases/Popup/PopupButonSecilir: Test Cases/Popup/PopupButonSecilir

2021-11-19 16:53:15 - [TEST_STEP][PASSED] - Method.TextDegerineEsitElementeTikla(findTestObject("Popup/Popup_Butons"), Buton): Method.TextDegerineEsitElementeTikla is PASSED

2021-11-19 16:53:15 - [MESSAGE][INFO] - Finding Test Object 'Object Repository/Popup/Popup_Butons'

2021-11-19 16:53:15 - [MESSAGE][INFO] - Checking timeout

2021-11-19 16:53:15 - [MESSAGE][INFO] - Finding web element with id: 'Object Repository/Popup/Popup_Butons' located by 'By.cssSelector: .modal-footer>button' in '10' second(s)

2021-11-19 16:53:15 - [MESSAGE][INFO] - Smart Wait Function is triggered

2021-11-19 16:53:16 - [MESSAGE][INFO] - Found 2 web elements with id: 'Object Repository/Popup/Popup_Butons' located by 'By.cssSelector: .modal-footer>button' in '10' second(s)

2021-11-19 16:53:16 - [MESSAGE][PASSED] - Method.TextDegerineEsitElementeTikla is PASSED

2021-11-19 16:53:16 - [MESSAGE][PASSED] - Call Test Case 'Test Cases/Popup/PopupButonSecilir' successfully

2021-11-19 16:53:16 - [MESSAGE][INFO] - Checking called Test Case

2021-11-19 16:53:16 - [MESSAGE][INFO] - Starting to call Test Case 'Test Cases/Popup/PopupMesajiIceriyorMu'

2021-11-19 16:53:16 - [TEST_CASE][PASSED] - Test Cases/Popup/PopupMesajiIceriyorMu: Test Cases/Popup/PopupMesajiIceriyorMu

2021-11-19 16:53:16 - [TEST_STEP][PASSED] - waitForElementVisible(findTestObject("Popup/Popup"), 10): Object 'Object Repository/Popup/Popup' is visible

2021-11-19 16:53:16 - [MESSAGE][INFO] - Finding Test Object 'Object Repository/Popup/Popup'

2021-11-19 16:53:16 - [MESSAGE][INFO] - Checking object

2021-11-19 16:53:16 - [MESSAGE][INFO] - Checking timeout

2021-11-19 16:53:16 - [MESSAGE][INFO] - Finding web element from Test Object's properties

2021-11-19 16:53:16 - [MESSAGE][INFO] - Checking timeout

2021-11-19 16:53:16 - [MESSAGE][INFO] - Finding web element with id: 'Object Repository/Popup/Popup' located by 'By.cssSelector: .bootbox-body' in '10' second(s)

2021-11-19 16:53:16 - [MESSAGE][INFO] - Smart Wait Function is triggered

2021-11-19 16:53:17 - [MESSAGE][INFO] - Found 1 web elements with id: 'Object Repository/Popup/Popup' located by 'By.cssSelector: .bootbox-body' in '10' second(s)

2021-11-19 16:53:17 - [MESSAGE][PASSED] - Object 'Object Repository/Popup/Popup' is visible

2021-11-19 16:53:17 - [TEST_STEP][PASSED] - if (!(getText(findTestObject("Popup/Popup")).contains(Mesaj))): Text of object 'Object Repository/Popup/Popup' is: 'Fatura numaranız EAR2021000000494 olarak oluşmuştur.'

2021-11-19 16:53:17 - [MESSAGE][INFO] - Finding Test Object 'Object Repository/Popup/Popup'

2021-11-19 16:53:17 - [MESSAGE][INFO] - Checking object

2021-11-19 16:53:17 - [MESSAGE][INFO] - Finding web element from Test Object's properties

2021-11-19 16:53:17 - [MESSAGE][INFO] - Checking timeout

2021-11-19 16:53:17 - [MESSAGE][INFO] - Finding web element with id: 'Object Repository/Popup/Popup' located by 'By.cssSelector: .bootbox-body' in '30' second(s)

2021-11-19 16:53:17 - [MESSAGE][INFO] - Smart Wait Function is triggered

2021-11-19 16:53:17 - [MESSAGE][INFO] - Found 1 web elements with id: 'Object Repository/Popup/Popup' located by 'By.cssSelector: .bootbox-body' in '30' second(s)

2021-11-19 16:53:17 - [MESSAGE][INFO] - Getting text of object 'Object Repository/Popup/Popup'

2021-11-19 16:53:17 - [MESSAGE][PASSED] - Text of object 'Object Repository/Popup/Popup' is: 'Fatura numaranız EAR2021000000494 olarak oluşmuştur.'

2021-11-19 16:53:17 - [TEST_STEP][PASSED] - RaporNo = getText(findTestObject("Popup/Popup")).substring(0, 6): Text of object 'Object Repository/Popup/Popup' is: 'Fatura numaranız EAR2021000000494 olarak oluşmuştur.'

2021-11-19 16:53:17 - [MESSAGE][INFO] - Finding Test Object 'Object Repository/Popup/Popup'

2021-11-19 16:53:17 - [MESSAGE][INFO] - Checking object

2021-11-19 16:53:17 - [MESSAGE][INFO] - Finding web element from Test Object's properties

2021-11-19 16:53:17 - [MESSAGE][INFO] - Checking timeout

2021-11-19 16:53:17 - [MESSAGE][INFO] - Finding web element with id: 'Object Repository/Popup/Popup' located by 'By.cssSelector: .bootbox-body' in '30' second(s)

2021-11-19 16:53:17 - [MESSAGE][INFO] - Smart Wait Function is triggered

2021-11-19 16:53:17 - [MESSAGE][INFO] - Found 1 web elements with id: 'Object Repository/Popup/Popup' located by 'By.cssSelector: .bootbox-body' in '30' second(s)

2021-11-19 16:53:17 - [MESSAGE][INFO] - Getting text of object 'Object Repository/Popup/Popup'

2021-11-19 16:53:17 - [MESSAGE][PASSED] - Text of object 'Object Repository/Popup/Popup' is: 'Fatura numaranız EAR2021000000494 olarak oluşmuştur.'

2021-11-19 16:53:17 - [TEST_STEP][PASSED] - Console.println(RaporNo): null

2021-11-19 16:53:17 - [MESSAGE][PASSED] - Call Test Case 'Test Cases/Popup/PopupMesajiIceriyorMu' successfully

2021-11-19 16:53:17 - [MESSAGE][INFO] - Checking called Test Case

2021-11-19 16:53:17 - [MESSAGE][INFO] - Starting to call Test Case 'Test Cases/Popup/PopupButonSecilir'

2021-11-19 16:53:17 - [TEST_CASE][PASSED] - Test Cases/Popup/PopupButonSecilir: Test Cases/Popup/PopupButonSecilir

2021-11-19 16:53:18 - [TEST_STEP][PASSED] - Method.TextDegerineEsitElementeTikla(findTestObject("Popup/Popup_Butons"), Buton): Method.TextDegerineEsitElementeTikla is PASSED

2021-11-19 16:53:18 - [MESSAGE][INFO] - Finding Test Object 'Object Repository/Popup/Popup_Butons'

2021-11-19 16:53:18 - [MESSAGE][INFO] - Checking timeout

2021-11-19 16:53:18 - [MESSAGE][INFO] - Finding web element with id: 'Object Repository/Popup/Popup_Butons' located by 'By.cssSelector: .modal-footer>button' in '10' second(s)

2021-11-19 16:53:18 - [MESSAGE][INFO] - Smart Wait Function is triggered

2021-11-19 16:53:18 - [MESSAGE][INFO] - Found 1 web elements with id: 'Object Repository/Popup/Popup_Butons' located by 'By.cssSelector: .modal-footer>button' in '10' second(s)

2021-11-19 16:53:18 - [MESSAGE][PASSED] - Method.TextDegerineEsitElementeTikla is PASSED

2021-11-19 16:53:18 - [MESSAGE][PASSED] - Call Test Case 'Test Cases/Popup/PopupButonSecilir' successfully

2021-11-19 16:53:18 - [MESSAGE][INFO] - Checking called Test Case

2021-11-19 16:53:18 - [MESSAGE][INFO] - Starting to call Test Case 'Test Cases/Tablo/TablodanEttnliVeriSec'

2021-11-19 16:53:18 - [TEST_CASE][PASSED] - Test Cases/Tablo/TablodanEttnliVeriSec: Test Cases/Tablo/TablodanEttnliVeriSec

2021-11-19 16:53:18 - [TEST_STEP][PASSED] - Method.TextDegerineEsitElementinAltindakineTikla(findTestObject("Tablo/Veriler"), findTestObject("Tablo/VerininCheckBoxi"), ettn): Method.TextDegerineEsitElementinAltindakineTikla is PASSED

2021-11-19 16:53:18 - [MESSAGE][INFO] - Finding Test Object 'Object Repository/Tablo/Veriler'

2021-11-19 16:53:18 - [MESSAGE][INFO] - Finding Test Object 'Object Repository/Tablo/VerininCheckBoxi'

2021-11-19 16:53:18 - [MESSAGE][INFO] - Checking timeout

2021-11-19 16:53:18 - [MESSAGE][INFO] - Finding web element with id: 'Object Repository/Tablo/Veriler' located by 'By.cssSelector: td.dxgv b ,td.dxgv' in '10' second(s)

2021-11-19 16:53:18 - [MESSAGE][INFO] - Smart Wait Function is triggered

2021-11-19 16:53:19 - [MESSAGE][INFO] - Found 84 web elements with id: 'Object Repository/Tablo/Veriler' located by 'By.cssSelector: td.dxgv b ,td.dxgv' in '10' second(s)

2021-11-19 16:53:19 - [MESSAGE][INFO] - Smart Wait Function is triggered

2021-11-19 16:53:19 - [MESSAGE][PASSED] - Method.TextDegerineEsitElementinAltindakineTikla is PASSED

2021-11-19 16:53:19 - [MESSAGE][PASSED] - Call Test Case 'Test Cases/Tablo/TablodanEttnliVeriSec' successfully

2021-11-19 16:53:19 - [MESSAGE][INFO] - Checking called Test Case

2021-11-19 16:53:19 - [MESSAGE][INFO] - Starting to call Test Case 'Test Cases/Butonlar/ButonaTikla'

2021-11-19 16:53:19 - [TEST_CASE][PASSED] - Test Cases/Butonlar/ButonaTikla: Test Cases/Butonlar/ButonaTikla

2021-11-19 16:53:19 - [TEST_STEP][PASSED] - Method.TextDegerineEsitElementeTiklaEquals(findTestObject("Butonlar/Butonlar"), Buton_Adi): Method.TextDegerineEsitElementeTiklaEquals is PASSED

2021-11-19 16:53:19 - [MESSAGE][INFO] - Finding Test Object 'Object Repository/Butonlar/Butonlar'

2021-11-19 16:53:19 - [MESSAGE][INFO] - Checking timeout

2021-11-19 16:53:19 - [MESSAGE][INFO] - Finding web element with id: 'Object Repository/Butonlar/Butonlar' located by 'By.cssSelector: .panel.panel-default.text-center.footerPanel .btn,.btn.btn-primary.btnControls' in '10' second(s)

2021-11-19 16:53:19 - [MESSAGE][INFO] - Smart Wait Function is triggered

2021-11-19 16:53:20 - [MESSAGE][INFO] - Found 9 web elements with id: 'Object Repository/Butonlar/Butonlar' located by 'By.cssSelector: .panel.panel-default.text-center.footerPanel .btn,.btn.btn-primary.btnControls' in '10' second(s)

2021-11-19 16:53:20 - [MESSAGE][PASSED] - Method.TextDegerineEsitElementeTiklaEquals is PASSED

2021-11-19 16:53:20 - [MESSAGE][PASSED] - Call Test Case 'Test Cases/Butonlar/ButonaTikla' successfully

2021-11-19 16:53:20 - [MESSAGE][INFO] - Checking called Test Case

2021-11-19 16:53:20 - [MESSAGE][INFO] - Starting to call Test Case 'Test Cases/Popup/PopupMesajiIceriyorMu'

2021-11-19 16:53:20 - [TEST_CASE][PASSED] - Test Cases/Popup/PopupMesajiIceriyorMu: Test Cases/Popup/PopupMesajiIceriyorMu

2021-11-19 16:53:20 - [TEST_STEP][PASSED] - waitForElementVisible(findTestObject("Popup/Popup"), 10): Object 'Object Repository/Popup/Popup' is visible

2021-11-19 16:53:20 - [MESSAGE][INFO] - Finding Test Object 'Object Repository/Popup/Popup'

2021-11-19 16:53:20 - [MESSAGE][INFO] - Checking object

2021-11-19 16:53:20 - [MESSAGE][INFO] - Checking timeout

2021-11-19 16:53:20 - [MESSAGE][INFO] - Finding web element from Test Object's properties

2021-11-19 16:53:20 - [MESSAGE][INFO] - Checking timeout

2021-11-19 16:53:20 - [MESSAGE][INFO] - Finding web element with id: 'Object Repository/Popup/Popup' located by 'By.cssSelector: .bootbox-body' in '10' second(s)

2021-11-19 16:53:20 - [MESSAGE][INFO] - Smart Wait Function is triggered

2021-11-19 16:53:21 - [MESSAGE][INFO] - Found 1 web elements with id: 'Object Repository/Popup/Popup' located by 'By.cssSelector: .bootbox-body' in '10' second(s)

2021-11-19 16:53:21 - [MESSAGE][PASSED] - Object 'Object Repository/Popup/Popup' is visible

2021-11-19 16:53:21 - [TEST_STEP][PASSED] - if (!(getText(findTestObject("Popup/Popup")).contains(Mesaj))): Text of object 'Object Repository/Popup/Popup' is: 'EAR serisi için onaylanmamış belge(leri)niz bulunmaktadır.
Devam etmek istiyor musunuz?'

2021-11-19 16:53:21 - [MESSAGE][INFO] - Finding Test Object 'Object Repository/Popup/Popup'

2021-11-19 16:53:21 - [MESSAGE][INFO] - Checking object

2021-11-19 16:53:21 - [MESSAGE][INFO] - Finding web element from Test Object's properties

2021-11-19 16:53:21 - [MESSAGE][INFO] - Checking timeout

2021-11-19 16:53:21 - [MESSAGE][INFO] - Finding web element with id: 'Object Repository/Popup/Popup' located by 'By.cssSelector: .bootbox-body' in '30' second(s)

2021-11-19 16:53:21 - [MESSAGE][INFO] - Smart Wait Function is triggered

2021-11-19 16:53:21 - [MESSAGE][INFO] - Found 1 web elements with id: 'Object Repository/Popup/Popup' located by 'By.cssSelector: .bootbox-body' in '30' second(s)

2021-11-19 16:53:21 - [MESSAGE][INFO] - Getting text of object 'Object Repository/Popup/Popup'

2021-11-19 16:53:21 - [MESSAGE][PASSED] - Text of object 'Object Repository/Popup/Popup' is: 'EAR serisi için onaylanmamış belge(leri)niz bulunmaktadır.
Devam etmek istiyor musunuz?'

2021-11-19 16:53:21 - [TEST_STEP][PASSED] - RaporNo = getText(findTestObject("Popup/Popup")).substring(0, 6): Text of object 'Object Repository/Popup/Popup' is: 'EAR serisi için onaylanmamış belge(leri)niz bulunmaktadır.
Devam etmek istiyor musunuz?'

2021-11-19 16:53:21 - [MESSAGE][INFO] - Finding Test Object 'Object Repository/Popup/Popup'

2021-11-19 16:53:21 - [MESSAGE][INFO] - Checking object

2021-11-19 16:53:21 - [MESSAGE][INFO] - Finding web element from Test Object's properties

2021-11-19 16:53:21 - [MESSAGE][INFO] - Checking timeout

2021-11-19 16:53:21 - [MESSAGE][INFO] - Finding web element with id: 'Object Repository/Popup/Popup' located by 'By.cssSelector: .bootbox-body' in '30' second(s)

2021-11-19 16:53:21 - [MESSAGE][INFO] - Smart Wait Function is triggered

2021-11-19 16:53:21 - [MESSAGE][INFO] - Found 1 web elements with id: 'Object Repository/Popup/Popup' located by 'By.cssSelector: .bootbox-body' in '30' second(s)

2021-11-19 16:53:21 - [MESSAGE][INFO] - Getting text of object 'Object Repository/Popup/Popup'

2021-11-19 16:53:21 - [MESSAGE][PASSED] - Text of object 'Object Repository/Popup/Popup' is: 'EAR serisi için onaylanmamış belge(leri)niz bulunmaktadır.
Devam etmek istiyor musunuz?'

2021-11-19 16:53:21 - [TEST_STEP][PASSED] - Console.println(RaporNo): null

2021-11-19 16:53:21 - [MESSAGE][PASSED] - Call Test Case 'Test Cases/Popup/PopupMesajiIceriyorMu' successfully

2021-11-19 16:53:21 - [MESSAGE][INFO] - Checking called Test Case

2021-11-19 16:53:21 - [MESSAGE][INFO] - Starting to call Test Case 'Test Cases/Popup/PopupButonSecilir'

2021-11-19 16:53:21 - [TEST_CASE][PASSED] - Test Cases/Popup/PopupButonSecilir: Test Cases/Popup/PopupButonSecilir

2021-11-19 16:53:21 - [TEST_STEP][PASSED] - Method.TextDegerineEsitElementeTikla(findTestObject("Popup/Popup_Butons"), Buton): Method.TextDegerineEsitElementeTikla is PASSED

2021-11-19 16:53:21 - [MESSAGE][INFO] - Finding Test Object 'Object Repository/Popup/Popup_Butons'

2021-11-19 16:53:21 - [MESSAGE][INFO] - Checking timeout

2021-11-19 16:53:21 - [MESSAGE][INFO] - Finding web element with id: 'Object Repository/Popup/Popup_Butons' located by 'By.cssSelector: .modal-footer>button' in '10' second(s)

2021-11-19 16:53:21 - [MESSAGE][INFO] - Smart Wait Function is triggered

2021-11-19 16:53:22 - [MESSAGE][INFO] - Found 2 web elements with id: 'Object Repository/Popup/Popup_Butons' located by 'By.cssSelector: .modal-footer>button' in '10' second(s)

2021-11-19 16:53:22 - [MESSAGE][PASSED] - Method.TextDegerineEsitElementeTikla is PASSED

2021-11-19 16:53:22 - [MESSAGE][PASSED] - Call Test Case 'Test Cases/Popup/PopupButonSecilir' successfully

2021-11-19 16:53:22 - [MESSAGE][INFO] - Checking called Test Case

2021-11-19 16:53:22 - [MESSAGE][INFO] - Starting to call Test Case 'Test Cases/Menu/AnaMenuSecimi'

2021-11-19 16:53:22 - [TEST_CASE][PASSED] - Test Cases/Menu/AnaMenuSecimi: Test Cases/Menu/AnaMenuSecimi

2021-11-19 16:53:22 - [TEST_STEP][PASSED] - Method.TextDegerineEsitElementeTikla(findTestObject("Menu/Ana_Menu"), Ana_Menu): Method.TextDegerineEsitElementeTikla is PASSED

2021-11-19 16:53:22 - [MESSAGE][INFO] - Finding Test Object 'Object Repository/Menu/Ana_Menu'

2021-11-19 16:53:22 - [MESSAGE][INFO] - Checking timeout

2021-11-19 16:53:22 - [MESSAGE][INFO] - Finding web element with id: 'Object Repository/Menu/Ana_Menu' located by 'By.xpath: //*[@class = 'dropdown-toggle']' in '10' second(s)

2021-11-19 16:53:22 - [MESSAGE][INFO] - Smart Wait Function is triggered

2021-11-19 16:53:23 - [MESSAGE][INFO] - Found 13 web elements with id: 'Object Repository/Menu/Ana_Menu' located by 'By.xpath: //*[@class = 'dropdown-toggle']' in '10' second(s)

2021-11-19 16:53:23 - [MESSAGE][PASSED] - Method.TextDegerineEsitElementeTikla is PASSED

2021-11-19 16:53:23 - [MESSAGE][PASSED] - Call Test Case 'Test Cases/Menu/AnaMenuSecimi' successfully

2021-11-19 16:53:23 - [MESSAGE][INFO] - Checking called Test Case

2021-11-19 16:53:23 - [MESSAGE][INFO] - Starting to call Test Case 'Test Cases/Menu/BasligaGoreAltMenuSecimi'

2021-11-19 16:53:23 - [TEST_CASE][PASSED] - Test Cases/Menu/BasligaGoreAltMenuSecimi: Test Cases/Menu/BasligaGoreAltMenuSecimi

2021-11-19 16:53:23 - [TEST_STEP][PASSED] - Method.TextDegerineEsitElementinAltindakiTextDegerineEsitOlanaTikla(findTestObject("Menu/Menu_Basligi"), findTestObject("Menu/Basliga_Gore_Alt_Menu"), Baslik, Alt_Menu): Method.TextDegerineEsitElementinAltindakiTextDegerineEsitOlanaTikla is PASSED

2021-11-19 16:53:23 - [MESSAGE][INFO] - Finding Test Object 'Object Repository/Menu/Menu_Basligi'

2021-11-19 16:53:23 - [MESSAGE][INFO] - Finding Test Object 'Object Repository/Menu/Basliga_Gore_Alt_Menu'

2021-11-19 16:53:23 - [MESSAGE][INFO] - Checking timeout

2021-11-19 16:53:23 - [MESSAGE][INFO] - Finding web element with id: 'Object Repository/Menu/Menu_Basligi' located by 'By.xpath: //li[@class='dropdown dropdown-large open']//li[@class='dropdown-header']' in '10' second(s)

2021-11-19 16:53:23 - [MESSAGE][INFO] - Smart Wait Function is triggered

2021-11-19 16:53:24 - [MESSAGE][INFO] - Found 2 web elements with id: 'Object Repository/Menu/Menu_Basligi' located by 'By.xpath: //li[@class='dropdown dropdown-large open']//li[@class='dropdown-header']' in '10' second(s)

2021-11-19 16:53:24 - [MESSAGE][INFO] - Smart Wait Function is triggered

2021-11-19 16:53:25 - [MESSAGE][PASSED] - Method.TextDegerineEsitElementinAltindakiTextDegerineEsitOlanaTikla is PASSED

2021-11-19 16:53:25 - [MESSAGE][PASSED] - Call Test Case 'Test Cases/Menu/BasligaGoreAltMenuSecimi' successfully

2021-11-19 16:53:25 - [MESSAGE][INFO] - Checking called Test Case

2021-11-19 16:53:25 - [MESSAGE][INFO] - Starting to call Test Case 'Test Cases/Filtreler/EttnYaz'

2021-11-19 16:53:25 - [TEST_CASE][PASSED] - Test Cases/Filtreler/EttnYaz: Test Cases/Filtreler/EttnYaz

2021-11-19 16:53:25 - [TEST_STEP][PASSED] - Method.TextDegerineEsitElementinAltindakiTextboxtaYaz(findTestObject("Filtreler/Basliklar"), findTestObject("Filtreler/Basliga_Gore_Textbox"), "ETTN", ettn): Method.TextDegerineEsitElementinAltindakiTextboxtaYaz is PASSED

2021-11-19 16:53:25 - [MESSAGE][INFO] - Finding Test Object 'Object Repository/Filtreler/Basliklar'

2021-11-19 16:53:25 - [MESSAGE][INFO] - Finding Test Object 'Object Repository/Filtreler/Basliga_Gore_Textbox'

2021-11-19 16:53:25 - [MESSAGE][INFO] - Checking timeout

2021-11-19 16:53:25 - [MESSAGE][INFO] - Finding web element with id: 'Object Repository/Filtreler/Basliklar' located by 'By.cssSelector: .control-label.col-sm-4.paddingMarginRLC' in '10' second(s)

2021-11-19 16:53:25 - [MESSAGE][INFO] - Smart Wait Function is triggered

2021-11-19 16:53:26 - [MESSAGE][INFO] - Found 19 web elements with id: 'Object Repository/Filtreler/Basliklar' located by 'By.cssSelector: .control-label.col-sm-4.paddingMarginRLC' in '10' second(s)

2021-11-19 16:53:26 - [MESSAGE][INFO] - Smart Wait Function is triggered

2021-11-19 16:53:26 - [MESSAGE][PASSED] - Method.TextDegerineEsitElementinAltindakiTextboxtaYaz is PASSED

2021-11-19 16:53:26 - [MESSAGE][PASSED] - Call Test Case 'Test Cases/Filtreler/EttnYaz' successfully

2021-11-19 16:53:26 - [MESSAGE][INFO] - Checking called Test Case

2021-11-19 16:53:26 - [MESSAGE][INFO] - Starting to call Test Case 'Test Cases/Filtreler/ButonaTikla'

2021-11-19 16:53:26 - [TEST_CASE][PASSED] - Test Cases/Filtreler/ButonaTikla: Test Cases/Filtreler/ButonaTikla

2021-11-19 16:53:26 - [TEST_STEP][PASSED] - Method.TextDegerineEsitElementeTikla(findTestObject("Filtreler/Butonlar"), Filtre_Buton): Method.TextDegerineEsitElementeTikla is PASSED

2021-11-19 16:53:26 - [MESSAGE][INFO] - Finding Test Object 'Object Repository/Filtreler/Butonlar'

2021-11-19 16:53:26 - [MESSAGE][INFO] - Checking timeout

2021-11-19 16:53:26 - [MESSAGE][INFO] - Finding web element with id: 'Object Repository/Filtreler/Butonlar' located by 'By.cssSelector: .dxb>span' in '10' second(s)

2021-11-19 16:53:26 - [MESSAGE][INFO] - Smart Wait Function is triggered

2021-11-19 16:53:27 - [MESSAGE][INFO] - Found 3 web elements with id: 'Object Repository/Filtreler/Butonlar' located by 'By.cssSelector: .dxb>span' in '10' second(s)

2021-11-19 16:53:27 - [MESSAGE][PASSED] - Method.TextDegerineEsitElementeTikla is PASSED

2021-11-19 16:53:27 - [MESSAGE][PASSED] - Call Test Case 'Test Cases/Filtreler/ButonaTikla' successfully

2021-11-19 16:53:27 - [MESSAGE][INFO] - Checking called Test Case

2021-11-19 16:53:27 - [MESSAGE][INFO] - Starting to call Test Case 'Test Cases/Tablo/TablodaVeriVarMi'

2021-11-19 16:53:27 - [TEST_CASE][PASSED] - Test Cases/Tablo/TablodaVeriVarMi: Test Cases/Tablo/TablodaVeriVarMi

2021-11-19 16:53:27 - [TEST_STEP][PASSED] - verifyTextNotPresent("Görüntülenecek veri yok", true): Text 'Görüntülenecek veri yok' is not present on page using regular expression

2021-11-19 16:53:27 - [MESSAGE][INFO] - Checking text present  using regular expression

2021-11-19 16:53:27 - [MESSAGE][INFO] - Smart Wait Function is triggered

2021-11-19 16:53:28 - [MESSAGE][INFO] - Finding text 'Görüntülenecek veri yok' on page  using regular expression

2021-11-19 16:53:28 - [MESSAGE][PASSED] - Text 'Görüntülenecek veri yok' is not present on page using regular expression

2021-11-19 16:53:28 - [MESSAGE][PASSED] - Call Test Case 'Test Cases/Tablo/TablodaVeriVarMi' successfully

2021-11-19 16:53:28 - [MESSAGE][INFO] - Checking called Test Case

2021-11-19 16:53:28 - [MESSAGE][INFO] - Starting to call Test Case 'Test Cases/Tablo/TablodaVeriBasariliMiArsiv'

2021-11-19 16:53:28 - [TEST_CASE][PASSED] - Test Cases/Tablo/TablodaVeriBasariliMiArsiv: Test Cases/Tablo/TablodaVeriBasariliMiArsiv

2021-11-19 16:53:28 - [TEST_STEP][PASSED] - sayac = 80: null

2021-11-19 16:53:28 - [TEST_STEP][PASSED] - while (verifyElementText(findTestObject("Object Repository/Tablo/DurumBilgisiArsiv"), "Henüz Sonuçlanmadı", OPTIONAL)): Actual text 'Başarılı' and expected text 'Henüz Sonuçlanmadı' of test object 'Object Repository/Tablo/DurumBilgisiArsiv' are NOT matched. (Root cause: com.kms.katalon.core.exception.StepFailedException: Actual text 'Başarılı' and expected text 'Henüz Sonuçlanmadı' of test object 'Object Repository/Tablo/DurumBilgisiArsiv' are NOT matched.
	at com.kms.katalon.core.webui.keyword.internal.WebUIKeywordMain.stepFailed(WebUIKeywordMain.groovy:64)
	at com.kms.katalon.core.webui.keyword.builtin.VerifyElementTextKeyword$_verifyElementText_closure1.doCall(VerifyElementTextKeyword.groovy:57)
	at com.kms.katalon.core.webui.keyword.builtin.VerifyElementTextKeyword$_verifyElementText_closure1.call(VerifyElementTextKeyword.groovy)
	at com.kms.katalon.core.webui.keyword.internal.WebUIKeywordMain.runKeyword(WebUIKeywordMain.groovy:20)
	at com.kms.katalon.core.webui.keyword.builtin.VerifyElementTextKeyword.verifyElementText(VerifyElementTextKeyword.groovy:72)
	at com.kms.katalon.core.webui.keyword.builtin.VerifyElementTextKeyword.execute(VerifyElementTextKeyword.groovy:40)
	at com.kms.katalon.core.keyword.internal.KeywordExecutor.executeKeywordForPlatform(KeywordExecutor.groovy:73)
	at com.kms.katalon.core.webui.keyword.WebUiBuiltInKeywords.verifyElementText(WebUiBuiltInKeywords.groovy:4733)
	at com.kms.katalon.core.webui.keyword.WebUiBuiltInKeywords$verifyElementText$20.call(Unknown Source)
	at TablodaVeriBasariliMiArsiv.run(TablodaVeriBasariliMiArsiv:22)
	at com.kms.katalon.core.main.ScriptEngine.run(ScriptEngine.java:194)
	at com.kms.katalon.core.main.ScriptEngine.runScriptAsRawText(ScriptEngine.java:119)
	at com.kms.katalon.core.main.TestCaseExecutor.runScript(TestCaseExecutor.java:369)
	at com.kms.katalon.core.main.TestCaseExecutor.doExecute(TestCaseExecutor.java:360)
	at com.kms.katalon.core.main.TestCaseExecutor.processExecutionPhase(TestCaseExecutor.java:339)
	at com.kms.katalon.core.main.TestCaseExecutor.accessMainPhase(TestCaseExecutor.java:331)
	at com.kms.katalon.core.main.TestCaseExecutor.execute(TestCaseExecutor.java:248)
	at com.kms.katalon.core.main.TestCaseMain.runTestCase(TestCaseMain.java:138)
	at com.kms.katalon.core.keyword.builtin.CallTestCaseKeyword$_callTestCase_closure1.doCall(CallTestCaseKeyword.groovy:59)
	at com.kms.katalon.core.keyword.builtin.CallTestCaseKeyword$_callTestCase_closure1.call(CallTestCaseKeyword.groovy)
	at com.kms.katalon.core.keyword.internal.KeywordMain.runKeyword(KeywordMain.groovy:68)
	at com.kms.katalon.core.keyword.builtin.CallTestCaseKeyword.callTestCase(CallTestCaseKeyword.groovy:81)
	at com.kms.katalon.core.keyword.builtin.CallTestCaseKeyword.execute(CallTestCaseKeyword.groovy:44)
	at com.kms.katalon.core.keyword.internal.KeywordExecutor.executeKeywordForPlatform(KeywordExecutor.groovy:73)
	at com.kms.katalon.core.keyword.BuiltinKeywords.callTestCase(BuiltinKeywords.groovy:334)
	at tablo.tablo.tablodaVeriBasariliMiArsiv(tablo.groovy:95)
	at cucumber.runtime.Utils$1.call(Utils.java:26)
	at cucumber.runtime.Timeout.timeout(Timeout.java:16)
	at cucumber.runtime.Utils.invoke(Utils.java:20)
	at cucumber.runtime.java.JavaStepDefinition.execute(JavaStepDefinition.java:49)
	at cucumber.runner.PickleStepDefinitionMatch.runStep(PickleStepDefinitionMatch.java:50)
	at cucumber.runner.TestStep.executeStep(TestStep.java:63)
	at cucumber.runner.TestStep.run(TestStep.java:49)
	at cucumber.runner.PickleStepTestStep.run(PickleStepTestStep.java:43)
	at cucumber.runner.TestCase.run(TestCase.java:44)
	at cucumber.runner.Runner.runPickle(Runner.java:40)
	at cucumber.runtime.Runtime$1.run(Runtime.java:84)
	at cucumber.runtime.Runtime$SameThreadExecutorService.execute(Runtime.java:220)
	at cucumber.runtime.Runtime.run(Runtime.java:81)
	at cucumber.api.cli.Main.run(Main.java:26)
	at cucumber.api.cli.Main$run.call(Unknown Source)
	at com.kms.katalon.core.cucumber.keyword.CucumberBuiltinKeywords$_runFeatureFile_closure1.doCall(CucumberBuiltinKeywords.groovy:106)
	at com.kms.katalon.core.cucumber.keyword.CucumberBuiltinKeywords$_runFeatureFile_closure1.doCall(CucumberBuiltinKeywords.groovy)
	at com.kms.katalon.core.keyword.internal.KeywordMain.runKeyword(KeywordMain.groovy:68)
	at com.kms.katalon.core.keyword.internal.KeywordMain$runKeyword.call(Unknown Source)
	at com.kms.katalon.core.cucumber.keyword.CucumberBuiltinKeywords.runFeatureFile(CucumberBuiltinKeywords.groovy:73)
	at com.kms.katalon.core.cucumber.keyword.CucumberBuiltinKeywords$runFeatureFile$0.callStatic(Unknown Source)
	at com.kms.katalon.core.cucumber.keyword.CucumberBuiltinKeywords.runFeatureFile(CucumberBuiltinKeywords.groovy:246)
	at com.kms.katalon.core.cucumber.keyword.CucumberBuiltinKeywords$runFeatureFile.call(Unknown Source)
	at VKN-Elektronik-Iade.run(VKN-Elektronik-Iade:19)
	at com.kms.katalon.core.main.ScriptEngine.run(ScriptEngine.java:194)
	at com.kms.katalon.core.main.ScriptEngine.runScriptAsRawText(ScriptEngine.java:119)
	at com.kms.katalon.core.main.TestCaseExecutor.runScript(TestCaseExecutor.java:369)
	at com.kms.katalon.core.main.TestCaseExecutor.doExecute(TestCaseExecutor.java:360)
	at com.kms.katalon.core.main.TestCaseExecutor.processExecutionPhase(TestCaseExecutor.java:339)
	at com.kms.katalon.core.main.TestCaseExecutor.accessMainPhase(TestCaseExecutor.java:331)
	at com.kms.katalon.core.main.TestCaseExecutor.execute(TestCaseExecutor.java:248)
	at com.kms.katalon.core.main.TestSuiteExecutor.accessTestCaseMainPhase(TestSuiteExecutor.java:191)
	at com.kms.katalon.core.main.TestSuiteExecutor.accessTestSuiteMainPhase(TestSuiteExecutor.java:140)
	at com.kms.katalon.core.main.TestSuiteExecutor.execute(TestSuiteExecutor.java:89)
	at com.kms.katalon.core.main.TestCaseMain.startTestSuite(TestCaseMain.java:181)
	at com.kms.katalon.core.main.TestCaseMain$startTestSuite$0.call(Unknown Source)
	at TempTestSuite1637329560940.run(TempTestSuite1637329560940.groovy:39)
)

2021-11-19 16:53:28 - [MESSAGE][INFO] - Finding Test Object 'Object Repository/Tablo/DurumBilgisiArsiv'

2021-11-19 16:53:28 - [MESSAGE][INFO] - Checking object

2021-11-19 16:53:28 - [MESSAGE][INFO] - Finding web element from Test Object's properties

2021-11-19 16:53:28 - [MESSAGE][INFO] - Checking timeout

2021-11-19 16:53:28 - [MESSAGE][INFO] - Finding web element with id: 'Object Repository/Tablo/DurumBilgisiArsiv' located by 'By.xpath: //*[@id = 'GridViewEArchiveInvoices_tccell0_9']' in '30' second(s)

2021-11-19 16:53:28 - [MESSAGE][INFO] - Smart Wait Function is triggered

2021-11-19 16:53:28 - [MESSAGE][INFO] - Found 1 web elements with id: 'Object Repository/Tablo/DurumBilgisiArsiv' located by 'By.xpath: //*[@id = 'GridViewEArchiveInvoices_tccell0_9']' in '30' second(s)

2021-11-19 16:53:28 - [MESSAGE][WARNING] - Actual text 'Başarılı' and expected text 'Henüz Sonuçlanmadı' of test object 'Object Repository/Tablo/DurumBilgisiArsiv' are NOT matched. (Root cause: com.kms.katalon.core.exception.StepFailedException: Actual text 'Başarılı' and expected text 'Henüz Sonuçlanmadı' of test object 'Object Repository/Tablo/DurumBilgisiArsiv' are NOT matched.
	at com.kms.katalon.core.webui.keyword.internal.WebUIKeywordMain.stepFailed(WebUIKeywordMain.groovy:64)
	at com.kms.katalon.core.webui.keyword.builtin.VerifyElementTextKeyword$_verifyElementText_closure1.doCall(VerifyElementTextKeyword.groovy:57)
	at com.kms.katalon.core.webui.keyword.builtin.VerifyElementTextKeyword$_verifyElementText_closure1.call(VerifyElementTextKeyword.groovy)
	at com.kms.katalon.core.webui.keyword.internal.WebUIKeywordMain.runKeyword(WebUIKeywordMain.groovy:20)
	at com.kms.katalon.core.webui.keyword.builtin.VerifyElementTextKeyword.verifyElementText(VerifyElementTextKeyword.groovy:72)
	at com.kms.katalon.core.webui.keyword.builtin.VerifyElementTextKeyword.execute(VerifyElementTextKeyword.groovy:40)
	at com.kms.katalon.core.keyword.internal.KeywordExecutor.executeKeywordForPlatform(KeywordExecutor.groovy:73)
	at com.kms.katalon.core.webui.keyword.WebUiBuiltInKeywords.verifyElementText(WebUiBuiltInKeywords.groovy:4733)
	at com.kms.katalon.core.webui.keyword.WebUiBuiltInKeywords$verifyElementText$20.call(Unknown Source)
	at TablodaVeriBasariliMiArsiv.run(TablodaVeriBasariliMiArsiv:22)
	at com.kms.katalon.core.main.ScriptEngine.run(ScriptEngine.java:194)
	at com.kms.katalon.core.main.ScriptEngine.runScriptAsRawText(ScriptEngine.java:119)
	at com.kms.katalon.core.main.TestCaseExecutor.runScript(TestCaseExecutor.java:369)
	at com.kms.katalon.core.main.TestCaseExecutor.doExecute(TestCaseExecutor.java:360)
	at com.kms.katalon.core.main.TestCaseExecutor.processExecutionPhase(TestCaseExecutor.java:339)
	at com.kms.katalon.core.main.TestCaseExecutor.accessMainPhase(TestCaseExecutor.java:331)
	at com.kms.katalon.core.main.TestCaseExecutor.execute(TestCaseExecutor.java:248)
	at com.kms.katalon.core.main.TestCaseMain.runTestCase(TestCaseMain.java:138)
	at com.kms.katalon.core.keyword.builtin.CallTestCaseKeyword$_callTestCase_closure1.doCall(CallTestCaseKeyword.groovy:59)
	at com.kms.katalon.core.keyword.builtin.CallTestCaseKeyword$_callTestCase_closure1.call(CallTestCaseKeyword.groovy)
	at com.kms.katalon.core.keyword.internal.KeywordMain.runKeyword(KeywordMain.groovy:68)
	at com.kms.katalon.core.keyword.builtin.CallTestCaseKeyword.callTestCase(CallTestCaseKeyword.groovy:81)
	at com.kms.katalon.core.keyword.builtin.CallTestCaseKeyword.execute(CallTestCaseKeyword.groovy:44)
	at com.kms.katalon.core.keyword.internal.KeywordExecutor.executeKeywordForPlatform(KeywordExecutor.groovy:73)
	at com.kms.katalon.core.keyword.BuiltinKeywords.callTestCase(BuiltinKeywords.groovy:334)
	at tablo.tablo.tablodaVeriBasariliMiArsiv(tablo.groovy:95)
	at cucumber.runtime.Utils$1.call(Utils.java:26)
	at cucumber.runtime.Timeout.timeout(Timeout.java:16)
	at cucumber.runtime.Utils.invoke(Utils.java:20)
	at cucumber.runtime.java.JavaStepDefinition.execute(JavaStepDefinition.java:49)
	at cucumber.runner.PickleStepDefinitionMatch.runStep(PickleStepDefinitionMatch.java:50)
	at cucumber.runner.TestStep.executeStep(TestStep.java:63)
	at cucumber.runner.TestStep.run(TestStep.java:49)
	at cucumber.runner.PickleStepTestStep.run(PickleStepTestStep.java:43)
	at cucumber.runner.TestCase.run(TestCase.java:44)
	at cucumber.runner.Runner.runPickle(Runner.java:40)
	at cucumber.runtime.Runtime$1.run(Runtime.java:84)
	at cucumber.runtime.Runtime$SameThreadExecutorService.execute(Runtime.java:220)
	at cucumber.runtime.Runtime.run(Runtime.java:81)
	at cucumber.api.cli.Main.run(Main.java:26)
	at cucumber.api.cli.Main$run.call(Unknown Source)
	at com.kms.katalon.core.cucumber.keyword.CucumberBuiltinKeywords$_runFeatureFile_closure1.doCall(CucumberBuiltinKeywords.groovy:106)
	at com.kms.katalon.core.cucumber.keyword.CucumberBuiltinKeywords$_runFeatureFile_closure1.doCall(CucumberBuiltinKeywords.groovy)
	at com.kms.katalon.core.keyword.internal.KeywordMain.runKeyword(KeywordMain.groovy:68)
	at com.kms.katalon.core.keyword.internal.KeywordMain$runKeyword.call(Unknown Source)
	at com.kms.katalon.core.cucumber.keyword.CucumberBuiltinKeywords.runFeatureFile(CucumberBuiltinKeywords.groovy:73)
	at com.kms.katalon.core.cucumber.keyword.CucumberBuiltinKeywords$runFeatureFile$0.callStatic(Unknown Source)
	at com.kms.katalon.core.cucumber.keyword.CucumberBuiltinKeywords.runFeatureFile(CucumberBuiltinKeywords.groovy:246)
	at com.kms.katalon.core.cucumber.keyword.CucumberBuiltinKeywords$runFeatureFile.call(Unknown Source)
	at VKN-Elektronik-Iade.run(VKN-Elektronik-Iade:19)
	at com.kms.katalon.core.main.ScriptEngine.run(ScriptEngine.java:194)
	at com.kms.katalon.core.main.ScriptEngine.runScriptAsRawText(ScriptEngine.java:119)
	at com.kms.katalon.core.main.TestCaseExecutor.runScript(TestCaseExecutor.java:369)
	at com.kms.katalon.core.main.TestCaseExecutor.doExecute(TestCaseExecutor.java:360)
	at com.kms.katalon.core.main.TestCaseExecutor.processExecutionPhase(TestCaseExecutor.java:339)
	at com.kms.katalon.core.main.TestCaseExecutor.accessMainPhase(TestCaseExecutor.java:331)
	at com.kms.katalon.core.main.TestCaseExecutor.execute(TestCaseExecutor.java:248)
	at com.kms.katalon.core.main.TestSuiteExecutor.accessTestCaseMainPhase(TestSuiteExecutor.java:191)
	at com.kms.katalon.core.main.TestSuiteExecutor.accessTestSuiteMainPhase(TestSuiteExecutor.java:140)
	at com.kms.katalon.core.main.TestSuiteExecutor.execute(TestSuiteExecutor.java:89)
	at com.kms.katalon.core.main.TestCaseMain.startTestSuite(TestCaseMain.java:181)
	at com.kms.katalon.core.main.TestCaseMain$startTestSuite$0.call(Unknown Source)
	at TempTestSuite1637329560940.run(TempTestSuite1637329560940.groovy:39)
)

2021-11-19 16:53:28 - [TEST_STEP][PASSED] - Method.TextDegerineEsitElementVarMi(findTestObject("Object Repository/Tablo/DurumBilgisiArsiv"), "Başarılı"): Method.TextDegerineEsitElementVarMi is PASSED

2021-11-19 16:53:28 - [MESSAGE][INFO] - Finding Test Object 'Object Repository/Tablo/DurumBilgisiArsiv'

2021-11-19 16:53:28 - [MESSAGE][INFO] - Checking timeout

2021-11-19 16:53:28 - [MESSAGE][INFO] - Finding web element with id: 'Object Repository/Tablo/DurumBilgisiArsiv' located by 'By.xpath: //*[@id = 'GridViewEArchiveInvoices_tccell0_9']' in '10' second(s)

2021-11-19 16:53:28 - [MESSAGE][INFO] - Smart Wait Function is triggered

2021-11-19 16:53:29 - [MESSAGE][INFO] - Found 1 web elements with id: 'Object Repository/Tablo/DurumBilgisiArsiv' located by 'By.xpath: //*[@id = 'GridViewEArchiveInvoices_tccell0_9']' in '10' second(s)

2021-11-19 16:53:29 - [MESSAGE][PASSED] - Method.TextDegerineEsitElementVarMi is PASSED

2021-11-19 16:53:29 - [MESSAGE][PASSED] - Call Test Case 'Test Cases/Tablo/TablodaVeriBasariliMiArsiv' successfully

2021-11-19 16:53:29 - [MESSAGE][INFO] - Checking called Test Case

2021-11-19 16:53:29 - [MESSAGE][INFO] - Starting to call Test Case 'Test Cases/Kullanici_Islemleri/KullaniciIslemlerindenSecimYapilir'

2021-11-19 16:53:29 - [TEST_CASE][PASSED] - Test Cases/Kullanici_Islemleri/KullaniciIslemlerindenSecimYapilir: Test Cases/Kullanici_Islemleri/KullaniciIslemlerindenSecimYapilir

2021-11-19 16:53:29 - [TEST_STEP][PASSED] - waitForElementClickable(findTestObject("Object Repository/Kullanici_Islemleri/KullaniciIslemleri"), 10): Object 'Object Repository/Kullanici_Islemleri/KullaniciIslemleri' is clickable

2021-11-19 16:53:29 - [MESSAGE][INFO] - Finding Test Object 'Object Repository/Kullanici_Islemleri/KullaniciIslemleri'

2021-11-19 16:53:29 - [MESSAGE][INFO] - Checking object

2021-11-19 16:53:29 - [MESSAGE][INFO] - Checking timeout

2021-11-19 16:53:29 - [MESSAGE][INFO] - Finding web element from Test Object's properties

2021-11-19 16:53:29 - [MESSAGE][INFO] - Checking timeout

2021-11-19 16:53:29 - [MESSAGE][INFO] - Finding web element with id: 'Object Repository/Kullanici_Islemleri/KullaniciIslemleri' located by 'By.cssSelector: .dropdown>a>img' in '10' second(s)

2021-11-19 16:53:29 - [MESSAGE][INFO] - Smart Wait Function is triggered

2021-11-19 16:53:29 - [MESSAGE][INFO] - Found 1 web elements with id: 'Object Repository/Kullanici_Islemleri/KullaniciIslemleri' located by 'By.cssSelector: .dropdown>a>img' in '10' second(s)

2021-11-19 16:53:29 - [MESSAGE][PASSED] - Object 'Object Repository/Kullanici_Islemleri/KullaniciIslemleri' is clickable

2021-11-19 16:53:29 - [TEST_STEP][PASSED] - click(findTestObject("Object Repository/Kullanici_Islemleri/KullaniciIslemleri")): Object: 'Object Repository/Kullanici_Islemleri/KullaniciIslemleri' is clicked on

2021-11-19 16:53:29 - [MESSAGE][INFO] - Finding Test Object 'Object Repository/Kullanici_Islemleri/KullaniciIslemleri'

2021-11-19 16:53:29 - [MESSAGE][INFO] - Checking object

2021-11-19 16:53:29 - [MESSAGE][INFO] - Finding web element from Test Object's properties

2021-11-19 16:53:29 - [MESSAGE][INFO] - Checking timeout

2021-11-19 16:53:29 - [MESSAGE][INFO] - Finding web element with id: 'Object Repository/Kullanici_Islemleri/KullaniciIslemleri' located by 'By.cssSelector: .dropdown>a>img' in '30' second(s)

2021-11-19 16:53:29 - [MESSAGE][INFO] - Smart Wait Function is triggered

2021-11-19 16:53:29 - [MESSAGE][INFO] - Found 1 web elements with id: 'Object Repository/Kullanici_Islemleri/KullaniciIslemleri' located by 'By.cssSelector: .dropdown>a>img' in '30' second(s)

2021-11-19 16:53:29 - [MESSAGE][INFO] - Clicking on object: 'Object Repository/Kullanici_Islemleri/KullaniciIslemleri'

2021-11-19 16:53:29 - [MESSAGE][PASSED] - Object: 'Object Repository/Kullanici_Islemleri/KullaniciIslemleri' is clicked on

2021-11-19 16:53:29 - [TEST_STEP][PASSED] - Method.TextDegerineEsitElementeTikla(findTestObject("Object Repository/Kullanici_Islemleri/Secenekler"), Islem): Method.TextDegerineEsitElementeTikla is PASSED

2021-11-19 16:53:29 - [MESSAGE][INFO] - Finding Test Object 'Object Repository/Kullanici_Islemleri/Secenekler'

2021-11-19 16:53:29 - [MESSAGE][INFO] - Checking timeout

2021-11-19 16:53:29 - [MESSAGE][INFO] - Finding web element with id: 'Object Repository/Kullanici_Islemleri/Secenekler' located by 'By.cssSelector: .nav.navbar-nav.navbar-right li a' in '10' second(s)

2021-11-19 16:53:29 - [MESSAGE][INFO] - Smart Wait Function is triggered

2021-11-19 16:53:30 - [MESSAGE][INFO] - Found 20 web elements with id: 'Object Repository/Kullanici_Islemleri/Secenekler' located by 'By.cssSelector: .nav.navbar-nav.navbar-right li a' in '10' second(s)

2021-11-19 16:53:31 - [MESSAGE][PASSED] - Method.TextDegerineEsitElementeTikla is PASSED

2021-11-19 16:53:31 - [TEST_STEP][PASSED] - verifyElementNotPresent(findTestObject("Object Repository/Kullanici_Islemleri/Secenekler"), 10): Web element with id: 'Object Repository/Kullanici_Islemleri/Secenekler' located by 'By.cssSelector: .nav.navbar-nav.navbar-right li a' is not present after '10' second(s)

2021-11-19 16:53:31 - [MESSAGE][INFO] - Finding Test Object 'Object Repository/Kullanici_Islemleri/Secenekler'

2021-11-19 16:53:31 - [MESSAGE][INFO] - Checking object

2021-11-19 16:53:31 - [MESSAGE][INFO] - Checking timeout

2021-11-19 16:53:31 - [MESSAGE][INFO] - Finding web element with id: 'Object Repository/Kullanici_Islemleri/Secenekler' located by 'By.cssSelector: .nav.navbar-nav.navbar-right li a' in '10' second(s)

2021-11-19 16:53:31 - [MESSAGE][INFO] - Smart Wait Function is triggered

2021-11-19 16:53:32 - [MESSAGE][PASSED] - Web element with id: 'Object Repository/Kullanici_Islemleri/Secenekler' located by 'By.cssSelector: .nav.navbar-nav.navbar-right li a' is not present after '10' second(s)

2021-11-19 16:53:32 - [MESSAGE][PASSED] - Call Test Case 'Test Cases/Kullanici_Islemleri/KullaniciIslemlerindenSecimYapilir' successfully

2021-11-19 16:53:32 - [TEST_CASE][PASSED] - Start Test Case : SCENARIO Gonderim tipi Kagit ve Iade tipinde e-Arsiv faturasi olusturulmasi: SCENARIO Gonderim tipi Kagit ve Iade tipinde e-Arsiv faturasi olusturulmasi

2021-11-19 16:53:32 - [TEST_STEP][PASSED] - Kullanıcı adı EARIADE ve Şifre test1234 olarak giriş yapılır: Kullanıcı adı EARIADE ve Şifre test1234 olarak giriş yapılır

2021-11-19 16:53:32 - [MESSAGE][PASSED] - Kullanıcı adı EARIADE ve Şifre test1234 olarak giriş yapılır

2021-11-19 16:53:32 - [TEST_STEP][PASSED] - Ana menüden e-Arşiv seçilir: Ana menüden e-Arşiv seçilir

2021-11-19 16:53:32 - [MESSAGE][PASSED] - Ana menüden e-Arşiv seçilir

2021-11-19 16:53:32 - [TEST_STEP][PASSED] - Alt menü e-Arşiv Araçları başlığı altındaki e-Arşiv Fatura Oluşturma seçilir: Alt menü e-Arşiv Araçları başlığı altındaki e-Arşiv Fatura Oluşturma seçilir

2021-11-19 16:53:32 - [MESSAGE][PASSED] - Alt menü e-Arşiv Araçları başlığı altındaki e-Arşiv Fatura Oluşturma seçilir

2021-11-19 16:53:32 - [TEST_STEP][PASSED] - Tablodaki tüm veriler silinir: Tablodaki tüm veriler silinir

2021-11-19 16:53:32 - [MESSAGE][PASSED] - Tablodaki tüm veriler silinir

2021-11-19 16:53:32 - [TEST_STEP][PASSED] - Butonlardan Ekle isimli butona tıklanır: Butonlardan Ekle isimli butona tıklanır

2021-11-19 16:53:32 - [MESSAGE][PASSED] - Butonlardan Ekle isimli butona tıklanır

2021-11-19 16:53:32 - [TEST_STEP][PASSED] - Görsel tasarım sayfasının e-Arşiv Fatura Bilgileri başlığını içerdiği kontrol edilir: Görsel tasarım sayfasının e-Arşiv Fatura Bilgileri başlığını içerdiği kontrol edilir

2021-11-19 16:53:32 - [MESSAGE][PASSED] - Görsel tasarım sayfasının e-Arşiv Fatura Bilgileri başlığını içerdiği kontrol edilir

2021-11-19 16:53:32 - [TEST_STEP][PASSED] - Alıcı adı alanına UC0003 girilir: Alıcı adı alanına UC0003 girilir

2021-11-19 16:53:32 - [MESSAGE][PASSED] - Alıcı adı alanına UC0003 girilir

2021-11-19 16:53:32 - [TEST_STEP][PASSED] - Gönderim Şekli Elektronik olarak seçilir: Gönderim Şekli Elektronik olarak seçilir

2021-11-19 16:53:32 - [MESSAGE][PASSED] - Gönderim Şekli Elektronik olarak seçilir

2021-11-19 16:53:32 - [TEST_STEP][PASSED] - Tip alanından İade seçilir: Tip alanından İade seçilir

2021-11-19 16:53:32 - [MESSAGE][PASSED] - Tip alanından İade seçilir

2021-11-19 16:53:32 - [TEST_STEP][PASSED] - Döküman Para Birimi alanından Türk Lirası seçilir: Döküman Para Birimi alanından Türk Lirası seçilir

2021-11-19 16:53:32 - [MESSAGE][PASSED] - Döküman Para Birimi alanından Türk Lirası seçilir

2021-11-19 16:53:32 - [TEST_STEP][PASSED] - Ön Ek EAR olarak seçilir: Ön Ek EAR olarak seçilir

2021-11-19 16:53:32 - [MESSAGE][PASSED] - Ön Ek EAR olarak seçilir

2021-11-19 16:53:32 - [TEST_STEP][PASSED] - Tasarım alanından Otomasyon seçilir: Tasarım alanından Otomasyon seçilir

2021-11-19 16:53:32 - [MESSAGE][PASSED] - Tasarım alanından Otomasyon seçilir

2021-11-19 16:53:32 - [TEST_STEP][PASSED] - Sipariş bilgileri UUC-SAT-1200001 ve 31.04.2020 olarak girilir: Sipariş bilgileri UUC-SAT-1200001 ve 31.04.2020 olarak girilir

2021-11-19 16:53:32 - [MESSAGE][PASSED] - Sipariş bilgileri UUC-SAT-1200001 ve 31.04.2020 olarak girilir

2021-11-19 16:53:32 - [TEST_STEP][PASSED] - İrsaliye Bilgileri AAAAAAAAAA,31.04.2020 olarak girilir: İrsaliye Bilgileri AAAAAAAAAA,31.04.2020 olarak girilir

2021-11-19 16:53:32 - [MESSAGE][PASSED] - İrsaliye Bilgileri AAAAAAAAAA,31.04.2020 olarak girilir

2021-11-19 16:53:32 - [TEST_STEP][PASSED] - Ekle butonuna basılır: Ekle butonuna basılır

2021-11-19 16:53:32 - [MESSAGE][PASSED] - Ekle butonuna basılır

2021-11-19 16:53:32 - [TEST_STEP][PASSED] - Ürün ekleme alanında Mal/Hizmet başlığına Otomasyon girilir: Ürün ekleme alanında Mal/Hizmet başlığına Otomasyon girilir

2021-11-19 16:53:32 - [MESSAGE][PASSED] - Ürün ekleme alanında Mal/Hizmet başlığına Otomasyon girilir

2021-11-19 16:53:32 - [TEST_STEP][PASSED] - Ürün ekleme alanında Açıklaması başlığına Virgosol girilir: Ürün ekleme alanında Açıklaması başlığına Virgosol girilir

2021-11-19 16:53:32 - [MESSAGE][PASSED] - Ürün ekleme alanında Açıklaması başlığına Virgosol girilir

2021-11-19 16:53:32 - [TEST_STEP][PASSED] - Ürün ekleme alanında Miktarı başlığına 400 girilir: Ürün ekleme alanında Miktarı başlığına 400 girilir

2021-11-19 16:53:32 - [MESSAGE][PASSED] - Ürün ekleme alanında Miktarı başlığına 400 girilir

2021-11-19 16:53:32 - [TEST_STEP][PASSED] - Ürün ekleme alanında Birim Fiyat başlığına 100 girilir: Ürün ekleme alanında Birim Fiyat başlığına 100 girilir

2021-11-19 16:53:32 - [MESSAGE][PASSED] - Ürün ekleme alanında Birim Fiyat başlığına 100 girilir

2021-11-19 16:53:32 - [TEST_STEP][PASSED] - Ürün ekleme alanında İskonto Oranı % başlığına 10 girilir: Ürün ekleme alanında İskonto Oranı % başlığına 10 girilir

2021-11-19 16:53:32 - [MESSAGE][PASSED] - Ürün ekleme alanında İskonto Oranı % başlığına 10 girilir

2021-11-19 16:53:32 - [TEST_STEP][PASSED] - Notlar alanına Otomasyon Not girilir: Notlar alanına Otomasyon Not girilir

2021-11-19 16:53:32 - [MESSAGE][PASSED] - Notlar alanına Otomasyon Not girilir

2021-11-19 16:53:32 - [TEST_STEP][PASSED] - Ettn bilgisi kayıt edilir: Ettn bilgisi kayıt edilir

2021-11-19 16:53:32 - [MESSAGE][PASSED] - Ettn bilgisi kayıt edilir

2021-11-19 16:53:32 - [TEST_STEP][PASSED] - Kaydet butonu seçilir: Kaydet butonu seçilir

2021-11-19 16:53:32 - [MESSAGE][PASSED] - Kaydet butonu seçilir

2021-11-19 16:53:32 - [TEST_STEP][PASSED] - Tabloda Ettn bilgisi kaydedilen veri oluşturuldu mu: Tabloda Ettn bilgisi kaydedilen veri oluşturuldu mu

2021-11-19 16:53:32 - [MESSAGE][PASSED] - Tabloda Ettn bilgisi kaydedilen veri oluşturuldu mu

2021-11-19 16:53:32 - [TEST_STEP][PASSED] - Tablodan Ettn bilgisi kaydedilen veri seçilir: Tablodan Ettn bilgisi kaydedilen veri seçilir

2021-11-19 16:53:32 - [MESSAGE][PASSED] - Tablodan Ettn bilgisi kaydedilen veri seçilir

2021-11-19 16:53:32 - [TEST_STEP][PASSED] - Butonlardan Numara Oluştur isimli butona tıklanır: Butonlardan Numara Oluştur isimli butona tıklanır

2021-11-19 16:53:32 - [MESSAGE][PASSED] - Butonlardan Numara Oluştur isimli butona tıklanır

2021-11-19 16:53:32 - [TEST_STEP][PASSED] - Popup mesajı Devam etmek istiyor musunuz içeriyor mu: Popup mesajı Devam etmek istiyor musunuz içeriyor mu

2021-11-19 16:53:32 - [MESSAGE][PASSED] - Popup mesajı Devam etmek istiyor musunuz içeriyor mu

2021-11-19 16:53:32 - [TEST_STEP][PASSED] - Yönetim popupında Evet seçilir: Yönetim popupında Evet seçilir

2021-11-19 16:53:32 - [MESSAGE][PASSED] - Yönetim popupında Evet seçilir

2021-11-19 16:53:32 - [TEST_STEP][PASSED] - Popup mesajı oluşmuştur içeriyor mu: Popup mesajı oluşmuştur içeriyor mu

2021-11-19 16:53:32 - [MESSAGE][PASSED] - Popup mesajı oluşmuştur içeriyor mu

2021-11-19 16:53:32 - [TEST_STEP][PASSED] - Yönetim popupında Tamam seçilir: Yönetim popupında Tamam seçilir

2021-11-19 16:53:32 - [MESSAGE][PASSED] - Yönetim popupında Tamam seçilir

2021-11-19 16:53:32 - [TEST_STEP][PASSED] - Tablodan Ettn bilgisi kaydedilen veri seçilir: Tablodan Ettn bilgisi kaydedilen veri seçilir

2021-11-19 16:53:32 - [MESSAGE][PASSED] - Tablodan Ettn bilgisi kaydedilen veri seçilir

2021-11-19 16:53:32 - [TEST_STEP][PASSED] - Butonlardan Gönder isimli butona tıklanır: Butonlardan Gönder isimli butona tıklanır

2021-11-19 16:53:32 - [MESSAGE][PASSED] - Butonlardan Gönder isimli butona tıklanır

2021-11-19 16:53:32 - [TEST_STEP][PASSED] - Popup mesajı Devam etmek istiyor musunuz içeriyor mu: Popup mesajı Devam etmek istiyor musunuz içeriyor mu

2021-11-19 16:53:32 - [MESSAGE][PASSED] - Popup mesajı Devam etmek istiyor musunuz içeriyor mu

2021-11-19 16:53:32 - [TEST_STEP][PASSED] - Yönetim popupında Evet seçilir: Yönetim popupında Evet seçilir

2021-11-19 16:53:32 - [MESSAGE][PASSED] - Yönetim popupında Evet seçilir

2021-11-19 16:53:32 - [TEST_STEP][PASSED] - Ana menüden e-Arşiv seçilir: Ana menüden e-Arşiv seçilir

2021-11-19 16:53:32 - [MESSAGE][PASSED] - Ana menüden e-Arşiv seçilir

2021-11-19 16:53:32 - [TEST_STEP][PASSED] - Alt menü e-Arşiv Hareketleri başlığı altındaki e-Arşiv Faturaları seçilir: Alt menü e-Arşiv Hareketleri başlığı altındaki e-Arşiv Faturaları seçilir

2021-11-19 16:53:32 - [MESSAGE][PASSED] - Alt menü e-Arşiv Hareketleri başlığı altındaki e-Arşiv Faturaları seçilir

2021-11-19 16:53:32 - [TEST_STEP][PASSED] - Filtrelerden Ettn filtresine Ettn bilgisi yaz: Filtrelerden Ettn filtresine Ettn bilgisi yaz

2021-11-19 16:53:32 - [MESSAGE][PASSED] - Filtrelerden Ettn filtresine Ettn bilgisi yaz

2021-11-19 16:53:32 - [TEST_STEP][PASSED] - Filtre butonlarından Listele seçilir: Filtre butonlarından Listele seçilir

2021-11-19 16:53:32 - [MESSAGE][PASSED] - Filtre butonlarından Listele seçilir

2021-11-19 16:53:32 - [TEST_STEP][PASSED] - Tabloda veri var mı kontrol edilir: Tabloda veri var mı kontrol edilir

2021-11-19 16:53:32 - [MESSAGE][PASSED] - Tabloda veri var mı kontrol edilir

2021-11-19 16:53:32 - [TEST_STEP][PASSED] - Tabloda yeni oluşturulan eArsiv verisi başarılı mı: Tabloda yeni oluşturulan eArsiv verisi başarılı mı

2021-11-19 16:53:32 - [MESSAGE][PASSED] - Tabloda yeni oluşturulan eArsiv verisi başarılı mı

2021-11-19 16:53:32 - [TEST_STEP][PASSED] - Kullanıcı işlemlerinden Çıkış seçilir: Kullanıcı işlemlerinden Çıkış seçilir

2021-11-19 16:53:32 - [MESSAGE][PASSED] - Kullanıcı işlemlerinden Çıkış seçilir

2021-11-19 16:53:32 - [MESSAGE][PASSED] - Feature file: 'Include/features/Regresyon/e-Arsiv/VKN-Elektronik-Iade.feature' was passed

2021-11-19 16:53:32 - [TEST_STEP][PASSED] - Start listener action : sampleAfterTestSuite: Invoke 'com.kms.katalon.core.annotation.AfterTestCase' method: 'Listener.sampleAfterTestSuite(...)' completed.

2021-11-19 16:53:32 - [MESSAGE][INFO] - Starting invoke 'com.kms.katalon.core.annotation.AfterTestCase' method: 'Listener.sampleAfterTestSuite(...)'

2021-11-19 16:53:32 - [TEST_STEP][PASSED] - closeBrowser(): Invoke 'com.kms.katalon.core.annotation.AfterTestCase' method: 'Listener.sampleAfterTestSuite(...)' completed.

2021-11-19 16:53:32 - [MESSAGE][INFO] - Closing browser

2021-11-19 16:53:32 - [MESSAGE][PASSED] - Browser is closed

2021-11-19 16:53:32 - [MESSAGE][INFO] - Invoke 'com.kms.katalon.core.annotation.AfterTestCase' method: 'Listener.sampleAfterTestSuite(...)' completed.]]></system-out>
         <system-err><![CDATA[]]></system-err>
      </testcase>
      <testcase name="Test Cases/Case Repository/Regresyon/e-Arsiv/VKN-Elektronik-Ihrac Kayitli" time="115.687" classname="Test Cases/Case Repository/Regresyon/e-Arsiv/VKN-Elektronik-Ihrac Kayitli" status="PASSED">
         <system-out><![CDATA[2021-11-19 16:53:32 - [TEST_CASE][PASSED] - Test Cases/Case Repository/Regresyon/e-Arsiv/VKN-Elektronik-Ihrac Kayitli: Test Cases/Case Repository/Regresyon/e-Arsiv/VKN-Elektronik-Ihrac Kayitli

2021-11-19 16:53:32 - [TEST_STEP][PASSED] - Start listener action : sampleBeforeTestSuite: Invoke 'com.kms.katalon.core.annotation.BeforeTestCase' method: 'Listener.sampleBeforeTestSuite(...)' completed.

2021-11-19 16:53:32 - [MESSAGE][INFO] - Starting invoke 'com.kms.katalon.core.annotation.BeforeTestCase' method: 'Listener.sampleBeforeTestSuite(...)'

2021-11-19 16:53:32 - [TEST_STEP][PASSED] - openBrowser(baseUrl): Browser is opened with url: 'https://efatura-stage.elogo.com.tr/'

2021-11-19 16:53:32 - [MESSAGE][INFO] - Opening browser

2021-11-19 16:53:32 - [MESSAGE][INFO] - Starting 'Chrome' driver

2021-11-19 16:53:32 - [MESSAGE][INFO] - User set preference: ['prefs', '{download.default_directory=C:\otomasyondownfiles}']

2021-11-19 16:53:32 - [MESSAGE][INFO] - Action delay is set to 0 milliseconds

2021-11-19 16:53:34 - [MESSAGE][INFO] - Navigating browser to: 'https://efatura-stage.elogo.com.tr/'

2021-11-19 16:53:37 - [MESSAGE][PASSED] - Browser is opened with url: 'https://efatura-stage.elogo.com.tr/'

2021-11-19 16:53:37 - [TEST_STEP][PASSED] - maximizeWindow(): Invoke 'com.kms.katalon.core.annotation.BeforeTestCase' method: 'Listener.sampleBeforeTestSuite(...)' completed.

2021-11-19 16:53:37 - [MESSAGE][INFO] - Maximizing current window

2021-11-19 16:53:37 - [MESSAGE][PASSED] - Current window maximized

2021-11-19 16:53:37 - [MESSAGE][INFO] - Invoke 'com.kms.katalon.core.annotation.BeforeTestCase' method: 'Listener.sampleBeforeTestSuite(...)' completed.

2021-11-19 16:53:37 - [TEST_STEP][PASSED] - runFeatureFile("Include/features/Regresyon/e-Arsiv/VKN-Elektronik-Ihrac Kayitli.feature"): Feature file: 'Include/features/Regresyon/e-Arsiv/VKN-Elektronik-Ihrac Kayitli.feature' was passed

2021-11-19 16:53:37 - [MESSAGE][INFO] - Starting run keyword runFeatureFile: 'Include/features/Regresyon/e-Arsiv/VKN-Elektronik-Ihrac Kayitli.feature' and extract report to folder: 'C:\Users\DELL\Documents\GitHub\EES_KatalonLogo\Reports\20211119_164526\Suite Repository\Regresyon-eArsiv-eMakbuz\20211119_164600/cucumber_report/1637330017719'...

2021-11-19 16:53:37 - [MESSAGE][INFO] - Glue: []

2021-11-19 16:53:39 - [MESSAGE][INFO] - Checking called Test Case

2021-11-19 16:53:39 - [MESSAGE][INFO] - Starting to call Test Case 'Test Cases/Sayfalar/Giris_Sayfasi/Login'

2021-11-19 16:53:39 - [TEST_CASE][PASSED] - Test Cases/Sayfalar/Giris_Sayfasi/Login: Test Cases/Sayfalar/Giris_Sayfasi/Login

2021-11-19 16:53:39 - [TEST_STEP][PASSED] - Sayfa_Basligi = getWindowTitle(): Current window's title is: 'LOGO e-Fatura'

2021-11-19 16:53:39 - [MESSAGE][INFO] - Getting current window's title

2021-11-19 16:53:39 - [MESSAGE][PASSED] - Current window's title is: 'LOGO e-Fatura'

2021-11-19 16:53:39 - [TEST_STEP][PASSED] - verifyMatch(Sayfa_Basligi, "LOGO e-Fatura", false): Actual text 'LOGO e-Fatura' and expected text 'LOGO e-Fatura' are matched 

2021-11-19 16:53:39 - [MESSAGE][INFO] - Matching actual text 'LOGO e-Fatura' with expected text 'LOGO e-Fatura'

2021-11-19 16:53:39 - [MESSAGE][PASSED] - Actual text 'LOGO e-Fatura' and expected text 'LOGO e-Fatura' are matched 

2021-11-19 16:53:39 - [TEST_STEP][PASSED] - sendKeys(findTestObject("Sayfalar/Giris_Sayfasi/Firma_Kodu"), KullaniciAdi): Keys 'EARIHRAC' sent to object: 'Object Repository/Sayfalar/Giris_Sayfasi/Firma_Kodu'

2021-11-19 16:53:39 - [MESSAGE][INFO] - Finding Test Object 'Object Repository/Sayfalar/Giris_Sayfasi/Firma_Kodu'

2021-11-19 16:53:39 - [MESSAGE][INFO] - Sending keys 'EARIHRAC' to object: 'Object Repository/Sayfalar/Giris_Sayfasi/Firma_Kodu'

2021-11-19 16:53:39 - [MESSAGE][INFO] - Finding web element from Test Object's properties

2021-11-19 16:53:39 - [MESSAGE][INFO] - Checking timeout

2021-11-19 16:53:39 - [MESSAGE][INFO] - Finding web element with id: 'Object Repository/Sayfalar/Giris_Sayfasi/Firma_Kodu' located by 'By.xpath: //*[@id = 'AccountName']' in '30' second(s)

2021-11-19 16:53:39 - [MESSAGE][INFO] - Smart Wait Function is triggered

2021-11-19 16:53:39 - [MESSAGE][INFO] - Found 1 web elements with id: 'Object Repository/Sayfalar/Giris_Sayfasi/Firma_Kodu' located by 'By.xpath: //*[@id = 'AccountName']' in '30' second(s)

2021-11-19 16:53:39 - [MESSAGE][PASSED] - Keys 'EARIHRAC' sent to object: 'Object Repository/Sayfalar/Giris_Sayfasi/Firma_Kodu'

2021-11-19 16:53:39 - [TEST_STEP][PASSED] - sendKeys(findTestObject("Sayfalar/Giris_Sayfasi/Sifre"), Sifre): Keys 'test1234' sent to object: 'Object Repository/Sayfalar/Giris_Sayfasi/Sifre'

2021-11-19 16:53:39 - [MESSAGE][INFO] - Finding Test Object 'Object Repository/Sayfalar/Giris_Sayfasi/Sifre'

2021-11-19 16:53:39 - [MESSAGE][INFO] - Sending keys 'test1234' to object: 'Object Repository/Sayfalar/Giris_Sayfasi/Sifre'

2021-11-19 16:53:39 - [MESSAGE][INFO] - Finding web element from Test Object's properties

2021-11-19 16:53:39 - [MESSAGE][INFO] - Checking timeout

2021-11-19 16:53:39 - [MESSAGE][INFO] - Finding web element with id: 'Object Repository/Sayfalar/Giris_Sayfasi/Sifre' located by 'By.xpath: //*[@id = 'Password']' in '30' second(s)

2021-11-19 16:53:39 - [MESSAGE][INFO] - Smart Wait Function is triggered

2021-11-19 16:53:40 - [MESSAGE][INFO] - Found 1 web elements with id: 'Object Repository/Sayfalar/Giris_Sayfasi/Sifre' located by 'By.xpath: //*[@id = 'Password']' in '30' second(s)

2021-11-19 16:53:40 - [MESSAGE][PASSED] - Keys 'test1234' sent to object: 'Object Repository/Sayfalar/Giris_Sayfasi/Sifre'

2021-11-19 16:53:40 - [TEST_STEP][PASSED] - findWebElement(findTestObject("Sayfalar/Giris_Sayfasi/Giris_Butonu")).click(): Found 1 web elements with id: 'Object Repository/Sayfalar/Giris_Sayfasi/Giris_Butonu' located by 'By.cssSelector: #btnLogin' in '30' second(s)

2021-11-19 16:53:40 - [MESSAGE][INFO] - Finding Test Object 'Object Repository/Sayfalar/Giris_Sayfasi/Giris_Butonu'

2021-11-19 16:53:40 - [MESSAGE][INFO] - Finding web element from Test Object's properties

2021-11-19 16:53:40 - [MESSAGE][INFO] - Checking timeout

2021-11-19 16:53:40 - [MESSAGE][INFO] - Finding web element with id: 'Object Repository/Sayfalar/Giris_Sayfasi/Giris_Butonu' located by 'By.cssSelector: #btnLogin' in '30' second(s)

2021-11-19 16:53:40 - [MESSAGE][INFO] - Smart Wait Function is triggered

2021-11-19 16:53:40 - [MESSAGE][INFO] - Found 1 web elements with id: 'Object Repository/Sayfalar/Giris_Sayfasi/Giris_Butonu' located by 'By.cssSelector: #btnLogin' in '30' second(s)

2021-11-19 16:53:42 - [TEST_STEP][PASSED] - if (verifyElementPresent(findTestObject("Object Repository/Sayfalar/Giris_Sayfasi/RetveTamam_Butonu"), 5, OPTIONAL)): null

2021-11-19 16:53:42 - [MESSAGE][INFO] - Finding Test Object 'Object Repository/Sayfalar/Giris_Sayfasi/RetveTamam_Butonu'

2021-11-19 16:53:42 - [MESSAGE][INFO] - Checking object

2021-11-19 16:53:42 - [MESSAGE][INFO] - Finding web element from Test Object's properties

2021-11-19 16:53:42 - [MESSAGE][INFO] - Checking timeout

2021-11-19 16:53:42 - [MESSAGE][INFO] - Finding web element with id: 'Object Repository/Sayfalar/Giris_Sayfasi/RetveTamam_Butonu' located by 'By.xpath: //*[@class = 'btn btn-default']' in '5' second(s)

2021-11-19 16:53:42 - [MESSAGE][INFO] - Smart Wait Function is triggered

2021-11-19 16:53:42 - [MESSAGE][INFO] - Found 1 web elements with id: 'Object Repository/Sayfalar/Giris_Sayfasi/RetveTamam_Butonu' located by 'By.xpath: //*[@class = 'btn btn-default']' in '5' second(s)

2021-11-19 16:53:42 - [MESSAGE][PASSED] - Object 'Object Repository/Sayfalar/Giris_Sayfasi/RetveTamam_Butonu' is present

2021-11-19 16:53:42 - [TEST_STEP][PASSED] - click(findTestObject("Object Repository/Sayfalar/Giris_Sayfasi/RetveTamam_Butonu")): Object: 'Object Repository/Sayfalar/Giris_Sayfasi/RetveTamam_Butonu' is clicked on

2021-11-19 16:53:42 - [MESSAGE][INFO] - Finding Test Object 'Object Repository/Sayfalar/Giris_Sayfasi/RetveTamam_Butonu'

2021-11-19 16:53:42 - [MESSAGE][INFO] - Checking object

2021-11-19 16:53:42 - [MESSAGE][INFO] - Finding web element from Test Object's properties

2021-11-19 16:53:42 - [MESSAGE][INFO] - Checking timeout

2021-11-19 16:53:42 - [MESSAGE][INFO] - Finding web element with id: 'Object Repository/Sayfalar/Giris_Sayfasi/RetveTamam_Butonu' located by 'By.xpath: //*[@class = 'btn btn-default']' in '30' second(s)

2021-11-19 16:53:42 - [MESSAGE][INFO] - Smart Wait Function is triggered

2021-11-19 16:53:43 - [MESSAGE][INFO] - Found 1 web elements with id: 'Object Repository/Sayfalar/Giris_Sayfasi/RetveTamam_Butonu' located by 'By.xpath: //*[@class = 'btn btn-default']' in '30' second(s)

2021-11-19 16:53:43 - [MESSAGE][INFO] - Clicking on object: 'Object Repository/Sayfalar/Giris_Sayfasi/RetveTamam_Butonu'

2021-11-19 16:53:43 - [MESSAGE][PASSED] - Object: 'Object Repository/Sayfalar/Giris_Sayfasi/RetveTamam_Butonu' is clicked on

2021-11-19 16:53:43 - [TEST_STEP][PASSED] - click(findTestObject("Object Repository/Sayfalar/Giris_Sayfasi/RetveTamam_Butonu")): Object: 'Object Repository/Sayfalar/Giris_Sayfasi/RetveTamam_Butonu' is clicked on

2021-11-19 16:53:43 - [MESSAGE][INFO] - Finding Test Object 'Object Repository/Sayfalar/Giris_Sayfasi/RetveTamam_Butonu'

2021-11-19 16:53:43 - [MESSAGE][INFO] - Checking object

2021-11-19 16:53:43 - [MESSAGE][INFO] - Finding web element from Test Object's properties

2021-11-19 16:53:43 - [MESSAGE][INFO] - Checking timeout

2021-11-19 16:53:43 - [MESSAGE][INFO] - Finding web element with id: 'Object Repository/Sayfalar/Giris_Sayfasi/RetveTamam_Butonu' located by 'By.xpath: //*[@class = 'btn btn-default']' in '30' second(s)

2021-11-19 16:53:43 - [MESSAGE][INFO] - Smart Wait Function is triggered

2021-11-19 16:53:47 - [MESSAGE][INFO] - Found 1 web elements with id: 'Object Repository/Sayfalar/Giris_Sayfasi/RetveTamam_Butonu' located by 'By.xpath: //*[@class = 'btn btn-default']' in '30' second(s)

2021-11-19 16:53:47 - [MESSAGE][INFO] - Clicking on object: 'Object Repository/Sayfalar/Giris_Sayfasi/RetveTamam_Butonu'

2021-11-19 16:53:47 - [MESSAGE][PASSED] - Object: 'Object Repository/Sayfalar/Giris_Sayfasi/RetveTamam_Butonu' is clicked on

2021-11-19 16:53:47 - [TEST_STEP][PASSED] - if (verifyElementPresent(findTestObject("Sayfalar/Giris_Sayfasi/PopupOK"), 5, OPTIONAL)): com.kms.katalon.core.webui.exception.WebElementNotFoundException: Web element with id: 'Object Repository/Sayfalar/Giris_Sayfasi/PopupOK' located by '.btn.btn-success' not found (Root cause: com.kms.katalon.core.exception.StepFailedException: com.kms.katalon.core.webui.exception.WebElementNotFoundException: Web element with id: 'Object Repository/Sayfalar/Giris_Sayfasi/PopupOK' located by '.btn.btn-success' not found
	at com.kms.katalon.core.webui.keyword.internal.WebUIKeywordMain.stepFailed(WebUIKeywordMain.groovy:64)
	at com.kms.katalon.core.webui.keyword.builtin.VerifyElementPresentKeyword$_verifyElementPresent_closure1.doCall(VerifyElementPresentKeyword.groovy:85)
	at com.kms.katalon.core.webui.keyword.builtin.VerifyElementPresentKeyword$_verifyElementPresent_closure1.call(VerifyElementPresentKeyword.groovy)
	at com.kms.katalon.core.webui.keyword.internal.WebUIKeywordMain.runKeyword(WebUIKeywordMain.groovy:20)
	at com.kms.katalon.core.webui.keyword.builtin.VerifyElementPresentKeyword.verifyElementPresent(VerifyElementPresentKeyword.groovy:92)
	at com.kms.katalon.core.webui.keyword.builtin.VerifyElementPresentKeyword.execute(VerifyElementPresentKeyword.groovy:68)
	at com.kms.katalon.core.keyword.internal.KeywordExecutor.executeKeywordForPlatform(KeywordExecutor.groovy:73)
	at com.kms.katalon.core.webui.keyword.WebUiBuiltInKeywords.verifyElementPresent(WebUiBuiltInKeywords.groovy:1448)
	at com.kms.katalon.core.webui.keyword.WebUiBuiltInKeywords$verifyElementPresent$4.call(Unknown Source)
	at Login.run(Login:40)
	at com.kms.katalon.core.main.ScriptEngine.run(ScriptEngine.java:194)
	at com.kms.katalon.core.main.ScriptEngine.runScriptAsRawText(ScriptEngine.java:119)
	at com.kms.katalon.core.main.TestCaseExecutor.runScript(TestCaseExecutor.java:369)
	at com.kms.katalon.core.main.TestCaseExecutor.doExecute(TestCaseExecutor.java:360)
	at com.kms.katalon.core.main.TestCaseExecutor.processExecutionPhase(TestCaseExecutor.java:339)
	at com.kms.katalon.core.main.TestCaseExecutor.accessMainPhase(TestCaseExecutor.java:331)
	at com.kms.katalon.core.main.TestCaseExecutor.execute(TestCaseExecutor.java:248)
	at com.kms.katalon.core.main.TestCaseMain.runTestCase(TestCaseMain.java:138)
	at com.kms.katalon.core.keyword.builtin.CallTestCaseKeyword$_callTestCase_closure1.doCall(CallTestCaseKeyword.groovy:59)
	at com.kms.katalon.core.keyword.builtin.CallTestCaseKeyword$_callTestCase_closure1.call(CallTestCaseKeyword.groovy)
	at com.kms.katalon.core.keyword.internal.KeywordMain.runKeyword(KeywordMain.groovy:68)
	at com.kms.katalon.core.keyword.builtin.CallTestCaseKeyword.callTestCase(CallTestCaseKeyword.groovy:81)
	at com.kms.katalon.core.keyword.builtin.CallTestCaseKeyword.execute(CallTestCaseKeyword.groovy:44)
	at com.kms.katalon.core.keyword.internal.KeywordExecutor.executeKeywordForPlatform(KeywordExecutor.groovy:73)
	at com.kms.katalon.core.keyword.BuiltinKeywords.callTestCase(BuiltinKeywords.groovy:334)
	at sayfalar.girisSayfasi.login(girisSayfasi.groovy:50)
	at cucumber.runtime.Utils$1.call(Utils.java:26)
	at cucumber.runtime.Timeout.timeout(Timeout.java:16)
	at cucumber.runtime.Utils.invoke(Utils.java:20)
	at cucumber.runtime.java.JavaStepDefinition.execute(JavaStepDefinition.java:49)
	at cucumber.runner.PickleStepDefinitionMatch.runStep(PickleStepDefinitionMatch.java:50)
	at cucumber.runner.TestStep.executeStep(TestStep.java:63)
	at cucumber.runner.TestStep.run(TestStep.java:49)
	at cucumber.runner.PickleStepTestStep.run(PickleStepTestStep.java:43)
	at cucumber.runner.TestCase.run(TestCase.java:44)
	at cucumber.runner.Runner.runPickle(Runner.java:40)
	at cucumber.runtime.Runtime$1.run(Runtime.java:84)
	at cucumber.runtime.Runtime$SameThreadExecutorService.execute(Runtime.java:220)
	at cucumber.runtime.Runtime.run(Runtime.java:81)
	at cucumber.api.cli.Main.run(Main.java:26)
	at cucumber.api.cli.Main$run.call(Unknown Source)
	at com.kms.katalon.core.cucumber.keyword.CucumberBuiltinKeywords$_runFeatureFile_closure1.doCall(CucumberBuiltinKeywords.groovy:106)
	at com.kms.katalon.core.cucumber.keyword.CucumberBuiltinKeywords$_runFeatureFile_closure1.doCall(CucumberBuiltinKeywords.groovy)
	at com.kms.katalon.core.keyword.internal.KeywordMain.runKeyword(KeywordMain.groovy:68)
	at com.kms.katalon.core.keyword.internal.KeywordMain$runKeyword.call(Unknown Source)
	at com.kms.katalon.core.cucumber.keyword.CucumberBuiltinKeywords.runFeatureFile(CucumberBuiltinKeywords.groovy:73)
	at com.kms.katalon.core.cucumber.keyword.CucumberBuiltinKeywords$runFeatureFile$0.callStatic(Unknown Source)
	at com.kms.katalon.core.cucumber.keyword.CucumberBuiltinKeywords.runFeatureFile(CucumberBuiltinKeywords.groovy:246)
	at com.kms.katalon.core.cucumber.keyword.CucumberBuiltinKeywords$runFeatureFile.call(Unknown Source)
	at VKN-Elektronik-Ihrac Kayitli.run(VKN-Elektronik-Ihrac Kayitli:19)
	at com.kms.katalon.core.main.ScriptEngine.run(ScriptEngine.java:194)
	at com.kms.katalon.core.main.ScriptEngine.runScriptAsRawText(ScriptEngine.java:119)
	at com.kms.katalon.core.main.TestCaseExecutor.runScript(TestCaseExecutor.java:369)
	at com.kms.katalon.core.main.TestCaseExecutor.doExecute(TestCaseExecutor.java:360)
	at com.kms.katalon.core.main.TestCaseExecutor.processExecutionPhase(TestCaseExecutor.java:339)
	at com.kms.katalon.core.main.TestCaseExecutor.accessMainPhase(TestCaseExecutor.java:331)
	at com.kms.katalon.core.main.TestCaseExecutor.execute(TestCaseExecutor.java:248)
	at com.kms.katalon.core.main.TestSuiteExecutor.accessTestCaseMainPhase(TestSuiteExecutor.java:191)
	at com.kms.katalon.core.main.TestSuiteExecutor.accessTestSuiteMainPhase(TestSuiteExecutor.java:140)
	at com.kms.katalon.core.main.TestSuiteExecutor.execute(TestSuiteExecutor.java:89)
	at com.kms.katalon.core.main.TestCaseMain.startTestSuite(TestCaseMain.java:181)
	at com.kms.katalon.core.main.TestCaseMain$startTestSuite$0.call(Unknown Source)
	at TempTestSuite1637329560940.run(TempTestSuite1637329560940.groovy:39)
)

2021-11-19 16:53:47 - [MESSAGE][INFO] - Finding Test Object 'Object Repository/Sayfalar/Giris_Sayfasi/PopupOK'

2021-11-19 16:53:47 - [MESSAGE][INFO] - Checking object

2021-11-19 16:53:47 - [MESSAGE][INFO] - Finding web element from Test Object's properties

2021-11-19 16:53:47 - [MESSAGE][INFO] - Checking timeout

2021-11-19 16:53:47 - [MESSAGE][INFO] - Finding web element with id: 'Object Repository/Sayfalar/Giris_Sayfasi/PopupOK' located by 'By.cssSelector: .btn.btn-success' in '5' second(s)

2021-11-19 16:53:47 - [MESSAGE][INFO] - Smart Wait Function is triggered

2021-11-19 16:53:48 - [MESSAGE][INFO] - Smart Wait Function is triggered

2021-11-19 16:53:48 - [MESSAGE][INFO] - Smart Wait Function is triggered

2021-11-19 16:53:48 - [MESSAGE][INFO] - Smart Wait Function is triggered

2021-11-19 16:53:49 - [MESSAGE][INFO] - Smart Wait Function is triggered

2021-11-19 16:53:49 - [MESSAGE][INFO] - Smart Wait Function is triggered

2021-11-19 16:53:49 - [MESSAGE][INFO] - Smart Wait Function is triggered

2021-11-19 16:53:49 - [MESSAGE][INFO] - Smart Wait Function is triggered

2021-11-19 16:53:50 - [MESSAGE][INFO] - Smart Wait Function is triggered

2021-11-19 16:53:50 - [MESSAGE][INFO] - Smart Wait Function is triggered

2021-11-19 16:53:50 - [MESSAGE][INFO] - Smart Wait Function is triggered

2021-11-19 16:53:50 - [MESSAGE][INFO] - Smart Wait Function is triggered

2021-11-19 16:53:51 - [MESSAGE][INFO] - Smart Wait Function is triggered

2021-11-19 16:53:51 - [MESSAGE][INFO] - Smart Wait Function is triggered

2021-11-19 16:53:52 - [MESSAGE][INFO] - Smart Wait Function is triggered

2021-11-19 16:53:52 - [MESSAGE][INFO] - Smart Wait Function is triggered

2021-11-19 16:53:52 - [MESSAGE][INFO] - Smart Wait Function is triggered

2021-11-19 16:53:52 - [MESSAGE][INFO] - Smart Wait Function is triggered

2021-11-19 16:53:53 - [MESSAGE][INFO] - Smart Wait Function is triggered

2021-11-19 16:53:53 - [MESSAGE][INFO] - Smart Wait Function is triggered

2021-11-19 16:53:53 - [MESSAGE][INFO] - Unable to find the element located by 'By.cssSelector: .btn.btn-success'. Please recheck the objects properties to make sure the desired element is located. 

2021-11-19 16:53:53 - [MESSAGE][WARNING] - com.kms.katalon.core.webui.exception.WebElementNotFoundException: Web element with id: 'Object Repository/Sayfalar/Giris_Sayfasi/PopupOK' located by '.btn.btn-success' not found (Root cause: com.kms.katalon.core.exception.StepFailedException: com.kms.katalon.core.webui.exception.WebElementNotFoundException: Web element with id: 'Object Repository/Sayfalar/Giris_Sayfasi/PopupOK' located by '.btn.btn-success' not found
	at com.kms.katalon.core.webui.keyword.internal.WebUIKeywordMain.stepFailed(WebUIKeywordMain.groovy:64)
	at com.kms.katalon.core.webui.keyword.builtin.VerifyElementPresentKeyword$_verifyElementPresent_closure1.doCall(VerifyElementPresentKeyword.groovy:85)
	at com.kms.katalon.core.webui.keyword.builtin.VerifyElementPresentKeyword$_verifyElementPresent_closure1.call(VerifyElementPresentKeyword.groovy)
	at com.kms.katalon.core.webui.keyword.internal.WebUIKeywordMain.runKeyword(WebUIKeywordMain.groovy:20)
	at com.kms.katalon.core.webui.keyword.builtin.VerifyElementPresentKeyword.verifyElementPresent(VerifyElementPresentKeyword.groovy:92)
	at com.kms.katalon.core.webui.keyword.builtin.VerifyElementPresentKeyword.execute(VerifyElementPresentKeyword.groovy:68)
	at com.kms.katalon.core.keyword.internal.KeywordExecutor.executeKeywordForPlatform(KeywordExecutor.groovy:73)
	at com.kms.katalon.core.webui.keyword.WebUiBuiltInKeywords.verifyElementPresent(WebUiBuiltInKeywords.groovy:1448)
	at com.kms.katalon.core.webui.keyword.WebUiBuiltInKeywords$verifyElementPresent$4.call(Unknown Source)
	at Login.run(Login:40)
	at com.kms.katalon.core.main.ScriptEngine.run(ScriptEngine.java:194)
	at com.kms.katalon.core.main.ScriptEngine.runScriptAsRawText(ScriptEngine.java:119)
	at com.kms.katalon.core.main.TestCaseExecutor.runScript(TestCaseExecutor.java:369)
	at com.kms.katalon.core.main.TestCaseExecutor.doExecute(TestCaseExecutor.java:360)
	at com.kms.katalon.core.main.TestCaseExecutor.processExecutionPhase(TestCaseExecutor.java:339)
	at com.kms.katalon.core.main.TestCaseExecutor.accessMainPhase(TestCaseExecutor.java:331)
	at com.kms.katalon.core.main.TestCaseExecutor.execute(TestCaseExecutor.java:248)
	at com.kms.katalon.core.main.TestCaseMain.runTestCase(TestCaseMain.java:138)
	at com.kms.katalon.core.keyword.builtin.CallTestCaseKeyword$_callTestCase_closure1.doCall(CallTestCaseKeyword.groovy:59)
	at com.kms.katalon.core.keyword.builtin.CallTestCaseKeyword$_callTestCase_closure1.call(CallTestCaseKeyword.groovy)
	at com.kms.katalon.core.keyword.internal.KeywordMain.runKeyword(KeywordMain.groovy:68)
	at com.kms.katalon.core.keyword.builtin.CallTestCaseKeyword.callTestCase(CallTestCaseKeyword.groovy:81)
	at com.kms.katalon.core.keyword.builtin.CallTestCaseKeyword.execute(CallTestCaseKeyword.groovy:44)
	at com.kms.katalon.core.keyword.internal.KeywordExecutor.executeKeywordForPlatform(KeywordExecutor.groovy:73)
	at com.kms.katalon.core.keyword.BuiltinKeywords.callTestCase(BuiltinKeywords.groovy:334)
	at sayfalar.girisSayfasi.login(girisSayfasi.groovy:50)
	at cucumber.runtime.Utils$1.call(Utils.java:26)
	at cucumber.runtime.Timeout.timeout(Timeout.java:16)
	at cucumber.runtime.Utils.invoke(Utils.java:20)
	at cucumber.runtime.java.JavaStepDefinition.execute(JavaStepDefinition.java:49)
	at cucumber.runner.PickleStepDefinitionMatch.runStep(PickleStepDefinitionMatch.java:50)
	at cucumber.runner.TestStep.executeStep(TestStep.java:63)
	at cucumber.runner.TestStep.run(TestStep.java:49)
	at cucumber.runner.PickleStepTestStep.run(PickleStepTestStep.java:43)
	at cucumber.runner.TestCase.run(TestCase.java:44)
	at cucumber.runner.Runner.runPickle(Runner.java:40)
	at cucumber.runtime.Runtime$1.run(Runtime.java:84)
	at cucumber.runtime.Runtime$SameThreadExecutorService.execute(Runtime.java:220)
	at cucumber.runtime.Runtime.run(Runtime.java:81)
	at cucumber.api.cli.Main.run(Main.java:26)
	at cucumber.api.cli.Main$run.call(Unknown Source)
	at com.kms.katalon.core.cucumber.keyword.CucumberBuiltinKeywords$_runFeatureFile_closure1.doCall(CucumberBuiltinKeywords.groovy:106)
	at com.kms.katalon.core.cucumber.keyword.CucumberBuiltinKeywords$_runFeatureFile_closure1.doCall(CucumberBuiltinKeywords.groovy)
	at com.kms.katalon.core.keyword.internal.KeywordMain.runKeyword(KeywordMain.groovy:68)
	at com.kms.katalon.core.keyword.internal.KeywordMain$runKeyword.call(Unknown Source)
	at com.kms.katalon.core.cucumber.keyword.CucumberBuiltinKeywords.runFeatureFile(CucumberBuiltinKeywords.groovy:73)
	at com.kms.katalon.core.cucumber.keyword.CucumberBuiltinKeywords$runFeatureFile$0.callStatic(Unknown Source)
	at com.kms.katalon.core.cucumber.keyword.CucumberBuiltinKeywords.runFeatureFile(CucumberBuiltinKeywords.groovy:246)
	at com.kms.katalon.core.cucumber.keyword.CucumberBuiltinKeywords$runFeatureFile.call(Unknown Source)
	at VKN-Elektronik-Ihrac Kayitli.run(VKN-Elektronik-Ihrac Kayitli:19)
	at com.kms.katalon.core.main.ScriptEngine.run(ScriptEngine.java:194)
	at com.kms.katalon.core.main.ScriptEngine.runScriptAsRawText(ScriptEngine.java:119)
	at com.kms.katalon.core.main.TestCaseExecutor.runScript(TestCaseExecutor.java:369)
	at com.kms.katalon.core.main.TestCaseExecutor.doExecute(TestCaseExecutor.java:360)
	at com.kms.katalon.core.main.TestCaseExecutor.processExecutionPhase(TestCaseExecutor.java:339)
	at com.kms.katalon.core.main.TestCaseExecutor.accessMainPhase(TestCaseExecutor.java:331)
	at com.kms.katalon.core.main.TestCaseExecutor.execute(TestCaseExecutor.java:248)
	at com.kms.katalon.core.main.TestSuiteExecutor.accessTestCaseMainPhase(TestSuiteExecutor.java:191)
	at com.kms.katalon.core.main.TestSuiteExecutor.accessTestSuiteMainPhase(TestSuiteExecutor.java:140)
	at com.kms.katalon.core.main.TestSuiteExecutor.execute(TestSuiteExecutor.java:89)
	at com.kms.katalon.core.main.TestCaseMain.startTestSuite(TestCaseMain.java:181)
	at com.kms.katalon.core.main.TestCaseMain$startTestSuite$0.call(Unknown Source)
	at TempTestSuite1637329560940.run(TempTestSuite1637329560940.groovy:39)
)

2021-11-19 16:53:53 - [TEST_STEP][PASSED] - verifyElementVisible(findTestObject("Object Repository/Kullanici_Islemleri/KullaniciIslemleri")): Object 'Object Repository/Kullanici_Islemleri/KullaniciIslemleri' is visible

2021-11-19 16:53:53 - [MESSAGE][INFO] - Finding Test Object 'Object Repository/Kullanici_Islemleri/KullaniciIslemleri'

2021-11-19 16:53:53 - [MESSAGE][INFO] - Checking object

2021-11-19 16:53:53 - [MESSAGE][INFO] - Finding web element from Test Object's properties

2021-11-19 16:53:53 - [MESSAGE][INFO] - Checking timeout

2021-11-19 16:53:53 - [MESSAGE][INFO] - Finding web element with id: 'Object Repository/Kullanici_Islemleri/KullaniciIslemleri' located by 'By.cssSelector: .dropdown>a>img' in '30' second(s)

2021-11-19 16:53:53 - [MESSAGE][INFO] - Smart Wait Function is triggered

2021-11-19 16:53:54 - [MESSAGE][INFO] - Found 1 web elements with id: 'Object Repository/Kullanici_Islemleri/KullaniciIslemleri' located by 'By.cssSelector: .dropdown>a>img' in '30' second(s)

2021-11-19 16:53:54 - [MESSAGE][PASSED] - Object 'Object Repository/Kullanici_Islemleri/KullaniciIslemleri' is visible

2021-11-19 16:53:54 - [MESSAGE][PASSED] - Call Test Case 'Test Cases/Sayfalar/Giris_Sayfasi/Login' successfully

2021-11-19 16:53:54 - [MESSAGE][INFO] - Checking called Test Case

2021-11-19 16:53:54 - [MESSAGE][INFO] - Starting to call Test Case 'Test Cases/Menu/AnaMenuSecimi'

2021-11-19 16:53:54 - [TEST_CASE][PASSED] - Test Cases/Menu/AnaMenuSecimi: Test Cases/Menu/AnaMenuSecimi

2021-11-19 16:53:54 - [TEST_STEP][PASSED] - Method.TextDegerineEsitElementeTikla(findTestObject("Menu/Ana_Menu"), Ana_Menu): Method.TextDegerineEsitElementeTikla is PASSED

2021-11-19 16:53:54 - [MESSAGE][INFO] - Finding Test Object 'Object Repository/Menu/Ana_Menu'

2021-11-19 16:53:54 - [MESSAGE][INFO] - Checking timeout

2021-11-19 16:53:54 - [MESSAGE][INFO] - Finding web element with id: 'Object Repository/Menu/Ana_Menu' located by 'By.xpath: //*[@class = 'dropdown-toggle']' in '10' second(s)

2021-11-19 16:53:54 - [MESSAGE][INFO] - Smart Wait Function is triggered

2021-11-19 16:53:54 - [MESSAGE][INFO] - Found 13 web elements with id: 'Object Repository/Menu/Ana_Menu' located by 'By.xpath: //*[@class = 'dropdown-toggle']' in '10' second(s)

2021-11-19 16:53:54 - [MESSAGE][PASSED] - Method.TextDegerineEsitElementeTikla is PASSED

2021-11-19 16:53:54 - [MESSAGE][PASSED] - Call Test Case 'Test Cases/Menu/AnaMenuSecimi' successfully

2021-11-19 16:53:54 - [MESSAGE][INFO] - Checking called Test Case

2021-11-19 16:53:54 - [MESSAGE][INFO] - Starting to call Test Case 'Test Cases/Menu/BasligaGoreAltMenuSecimi'

2021-11-19 16:53:54 - [TEST_CASE][PASSED] - Test Cases/Menu/BasligaGoreAltMenuSecimi: Test Cases/Menu/BasligaGoreAltMenuSecimi

2021-11-19 16:53:54 - [TEST_STEP][PASSED] - Method.TextDegerineEsitElementinAltindakiTextDegerineEsitOlanaTikla(findTestObject("Menu/Menu_Basligi"), findTestObject("Menu/Basliga_Gore_Alt_Menu"), Baslik, Alt_Menu): Method.TextDegerineEsitElementinAltindakiTextDegerineEsitOlanaTikla is PASSED

2021-11-19 16:53:54 - [MESSAGE][INFO] - Finding Test Object 'Object Repository/Menu/Menu_Basligi'

2021-11-19 16:53:54 - [MESSAGE][INFO] - Finding Test Object 'Object Repository/Menu/Basliga_Gore_Alt_Menu'

2021-11-19 16:53:54 - [MESSAGE][INFO] - Checking timeout

2021-11-19 16:53:54 - [MESSAGE][INFO] - Finding web element with id: 'Object Repository/Menu/Menu_Basligi' located by 'By.xpath: //li[@class='dropdown dropdown-large open']//li[@class='dropdown-header']' in '10' second(s)

2021-11-19 16:53:54 - [MESSAGE][INFO] - Smart Wait Function is triggered

2021-11-19 16:53:55 - [MESSAGE][INFO] - Found 2 web elements with id: 'Object Repository/Menu/Menu_Basligi' located by 'By.xpath: //li[@class='dropdown dropdown-large open']//li[@class='dropdown-header']' in '10' second(s)

2021-11-19 16:53:55 - [MESSAGE][INFO] - Smart Wait Function is triggered

2021-11-19 16:53:57 - [MESSAGE][PASSED] - Method.TextDegerineEsitElementinAltindakiTextDegerineEsitOlanaTikla is PASSED

2021-11-19 16:53:57 - [MESSAGE][PASSED] - Call Test Case 'Test Cases/Menu/BasligaGoreAltMenuSecimi' successfully

2021-11-19 16:53:57 - [MESSAGE][INFO] - Checking called Test Case

2021-11-19 16:53:57 - [MESSAGE][INFO] - Starting to call Test Case 'Test Cases/Tablo/Olusturma Tarihi'

2021-11-19 16:53:57 - [TEST_CASE][PASSED] - Test Cases/Tablo/Olusturma Tarihi: Test Cases/Tablo/Olusturma Tarihi

2021-11-19 16:53:57 - [TEST_STEP][PASSED] - if (verifyTextNotPresent("Görüntülenecek veri yok", true, OPTIONAL)): null

2021-11-19 16:53:57 - [MESSAGE][INFO] - Checking text present  using regular expression

2021-11-19 16:53:57 - [MESSAGE][INFO] - Smart Wait Function is triggered

2021-11-19 16:53:58 - [MESSAGE][INFO] - Finding text 'Görüntülenecek veri yok' on page  using regular expression

2021-11-19 16:53:58 - [MESSAGE][PASSED] - Text 'Görüntülenecek veri yok' is not present on page using regular expression

2021-11-19 16:53:58 - [TEST_STEP][PASSED] - click(findTestObject("Temizle/Olusturma_Tarihi_CheckBox")): Object: 'Object Repository/Temizle/Olusturma_Tarihi_CheckBox' is clicked on

2021-11-19 16:53:58 - [MESSAGE][INFO] - Finding Test Object 'Object Repository/Temizle/Olusturma_Tarihi_CheckBox'

2021-11-19 16:53:58 - [MESSAGE][INFO] - Checking object

2021-11-19 16:53:58 - [MESSAGE][INFO] - Finding web element from Test Object's properties

2021-11-19 16:53:58 - [MESSAGE][INFO] - Checking timeout

2021-11-19 16:53:58 - [MESSAGE][INFO] - Finding web element with id: 'Object Repository/Temizle/Olusturma_Tarihi_CheckBox' located by 'By.xpath: //*[@title = 'Bu sayfadaki tüm satırları Seç']' in '30' second(s)

2021-11-19 16:53:58 - [MESSAGE][INFO] - Smart Wait Function is triggered

2021-11-19 16:53:58 - [MESSAGE][INFO] - Found 1 web elements with id: 'Object Repository/Temizle/Olusturma_Tarihi_CheckBox' located by 'By.xpath: //*[@title = 'Bu sayfadaki tüm satırları Seç']' in '30' second(s)

2021-11-19 16:53:58 - [MESSAGE][INFO] - Clicking on object: 'Object Repository/Temizle/Olusturma_Tarihi_CheckBox'

2021-11-19 16:53:58 - [MESSAGE][PASSED] - Object: 'Object Repository/Temizle/Olusturma_Tarihi_CheckBox' is clicked on

2021-11-19 16:53:58 - [TEST_STEP][PASSED] - Method.TextDegerineEsitElementeTiklaEquals(findTestObject("Butonlar/Butonlar"), "Sil"): Method.TextDegerineEsitElementeTiklaEquals is PASSED

2021-11-19 16:53:58 - [MESSAGE][INFO] - Finding Test Object 'Object Repository/Butonlar/Butonlar'

2021-11-19 16:53:58 - [MESSAGE][INFO] - Checking timeout

2021-11-19 16:53:58 - [MESSAGE][INFO] - Finding web element with id: 'Object Repository/Butonlar/Butonlar' located by 'By.cssSelector: .panel.panel-default.text-center.footerPanel .btn,.btn.btn-primary.btnControls' in '10' second(s)

2021-11-19 16:53:58 - [MESSAGE][INFO] - Smart Wait Function is triggered

2021-11-19 16:53:58 - [MESSAGE][INFO] - Found 9 web elements with id: 'Object Repository/Butonlar/Butonlar' located by 'By.cssSelector: .panel.panel-default.text-center.footerPanel .btn,.btn.btn-primary.btnControls' in '10' second(s)

2021-11-19 16:53:59 - [MESSAGE][PASSED] - Method.TextDegerineEsitElementeTiklaEquals is PASSED

2021-11-19 16:53:59 - [TEST_STEP][PASSED] - Method.TextDegerineEsitElementeTikla(findTestObject("Popup/Popup_Butons"), "Evet"): Method.TextDegerineEsitElementeTikla is PASSED

2021-11-19 16:53:59 - [MESSAGE][INFO] - Finding Test Object 'Object Repository/Popup/Popup_Butons'

2021-11-19 16:53:59 - [MESSAGE][INFO] - Checking timeout

2021-11-19 16:53:59 - [MESSAGE][INFO] - Finding web element with id: 'Object Repository/Popup/Popup_Butons' located by 'By.cssSelector: .modal-footer>button' in '10' second(s)

2021-11-19 16:53:59 - [MESSAGE][INFO] - Smart Wait Function is triggered

2021-11-19 16:54:00 - [MESSAGE][INFO] - Found 2 web elements with id: 'Object Repository/Popup/Popup_Butons' located by 'By.cssSelector: .modal-footer>button' in '10' second(s)

2021-11-19 16:54:00 - [MESSAGE][PASSED] - Method.TextDegerineEsitElementeTikla is PASSED

2021-11-19 16:54:00 - [TEST_STEP][PASSED] - Method.TextDegerineEsitElementeTikla(findTestObject("Popup/Popup_Butons"), "Tamam"): Method.TextDegerineEsitElementeTikla is PASSED

2021-11-19 16:54:00 - [MESSAGE][INFO] - Finding Test Object 'Object Repository/Popup/Popup_Butons'

2021-11-19 16:54:00 - [MESSAGE][INFO] - Checking timeout

2021-11-19 16:54:00 - [MESSAGE][INFO] - Finding web element with id: 'Object Repository/Popup/Popup_Butons' located by 'By.cssSelector: .modal-footer>button' in '10' second(s)

2021-11-19 16:54:00 - [MESSAGE][INFO] - Smart Wait Function is triggered

2021-11-19 16:54:01 - [MESSAGE][INFO] - Found 1 web elements with id: 'Object Repository/Popup/Popup_Butons' located by 'By.cssSelector: .modal-footer>button' in '10' second(s)

2021-11-19 16:54:01 - [MESSAGE][PASSED] - Method.TextDegerineEsitElementeTikla is PASSED

2021-11-19 16:54:01 - [MESSAGE][PASSED] - Call Test Case 'Test Cases/Tablo/Olusturma Tarihi' successfully

2021-11-19 16:54:01 - [MESSAGE][INFO] - Checking called Test Case

2021-11-19 16:54:01 - [MESSAGE][INFO] - Starting to call Test Case 'Test Cases/Butonlar/ButonaTikla'

2021-11-19 16:54:01 - [TEST_CASE][PASSED] - Test Cases/Butonlar/ButonaTikla: Test Cases/Butonlar/ButonaTikla

2021-11-19 16:54:01 - [TEST_STEP][PASSED] - Method.TextDegerineEsitElementeTiklaEquals(findTestObject("Butonlar/Butonlar"), Buton_Adi): Method.TextDegerineEsitElementeTiklaEquals is PASSED

2021-11-19 16:54:01 - [MESSAGE][INFO] - Finding Test Object 'Object Repository/Butonlar/Butonlar'

2021-11-19 16:54:01 - [MESSAGE][INFO] - Checking timeout

2021-11-19 16:54:01 - [MESSAGE][INFO] - Finding web element with id: 'Object Repository/Butonlar/Butonlar' located by 'By.cssSelector: .panel.panel-default.text-center.footerPanel .btn,.btn.btn-primary.btnControls' in '10' second(s)

2021-11-19 16:54:01 - [MESSAGE][INFO] - Smart Wait Function is triggered

2021-11-19 16:54:02 - [MESSAGE][INFO] - Found 9 web elements with id: 'Object Repository/Butonlar/Butonlar' located by 'By.cssSelector: .panel.panel-default.text-center.footerPanel .btn,.btn.btn-primary.btnControls' in '10' second(s)

2021-11-19 16:54:02 - [MESSAGE][PASSED] - Method.TextDegerineEsitElementeTiklaEquals is PASSED

2021-11-19 16:54:02 - [MESSAGE][PASSED] - Call Test Case 'Test Cases/Butonlar/ButonaTikla' successfully

2021-11-19 16:54:02 - [MESSAGE][INFO] - Checking called Test Case

2021-11-19 16:54:02 - [MESSAGE][INFO] - Starting to call Test Case 'Test Cases/Olusturma/Genel/GorselTasarimSayfasıBasligiIceriyorMu'

2021-11-19 16:54:02 - [TEST_CASE][PASSED] - Test Cases/Olusturma/Genel/GorselTasarimSayfasıBasligiIceriyorMu: Test Cases/Olusturma/Genel/GorselTasarimSayfasıBasligiIceriyorMu

2021-11-19 16:54:02 - [TEST_STEP][PASSED] - verifyElementText(findTestObject("Object Repository/Olusturma/Genel/GorselTasarimBaslik"), Baslik): Actual text and expected text of test object 'Object Repository/Olusturma/Genel/GorselTasarimBaslik' are matched.

2021-11-19 16:54:02 - [MESSAGE][INFO] - Finding Test Object 'Object Repository/Olusturma/Genel/GorselTasarimBaslik'

2021-11-19 16:54:02 - [MESSAGE][INFO] - Checking object

2021-11-19 16:54:02 - [MESSAGE][INFO] - Finding web element from Test Object's properties

2021-11-19 16:54:02 - [MESSAGE][INFO] - Checking timeout

2021-11-19 16:54:02 - [MESSAGE][INFO] - Finding web element with id: 'Object Repository/Olusturma/Genel/GorselTasarimBaslik' located by 'By.cssSelector: #flAlici_0>div>span' in '30' second(s)

2021-11-19 16:54:02 - [MESSAGE][INFO] - Smart Wait Function is triggered

2021-11-19 16:54:10 - [MESSAGE][INFO] - Found 1 web elements with id: 'Object Repository/Olusturma/Genel/GorselTasarimBaslik' located by 'By.cssSelector: #flAlici_0>div>span' in '30' second(s)

2021-11-19 16:54:10 - [MESSAGE][PASSED] - Actual text and expected text of test object 'Object Repository/Olusturma/Genel/GorselTasarimBaslik' are matched.

2021-11-19 16:54:10 - [MESSAGE][PASSED] - Call Test Case 'Test Cases/Olusturma/Genel/GorselTasarimSayfasıBasligiIceriyorMu' successfully

2021-11-19 16:54:10 - [MESSAGE][INFO] - Checking called Test Case

2021-11-19 16:54:10 - [MESSAGE][INFO] - Starting to call Test Case 'Test Cases/Olusturma/Genel/AliciSecilir'

2021-11-19 16:54:10 - [TEST_CASE][PASSED] - Test Cases/Olusturma/Genel/AliciSecilir: Test Cases/Olusturma/Genel/AliciSecilir

2021-11-19 16:54:10 - [TEST_STEP][PASSED] - click(findTestObject("Olusturma/Genel/AliciBilgisi/Alici_Ara")): Object: 'Object Repository/Olusturma/Genel/AliciBilgisi/Alici_Ara' is clicked on

2021-11-19 16:54:10 - [MESSAGE][INFO] - Finding Test Object 'Object Repository/Olusturma/Genel/AliciBilgisi/Alici_Ara'

2021-11-19 16:54:10 - [MESSAGE][INFO] - Checking object

2021-11-19 16:54:10 - [MESSAGE][INFO] - Finding web element from Test Object's properties

2021-11-19 16:54:10 - [MESSAGE][INFO] - Checking timeout

2021-11-19 16:54:10 - [MESSAGE][INFO] - Finding web element with id: 'Object Repository/Olusturma/Genel/AliciBilgisi/Alici_Ara' located by 'By.xpath: //td[@id='txtCustomerText_B-1']' in '30' second(s)

2021-11-19 16:54:10 - [MESSAGE][INFO] - Smart Wait Function is triggered

2021-11-19 16:54:10 - [MESSAGE][INFO] - Found 1 web elements with id: 'Object Repository/Olusturma/Genel/AliciBilgisi/Alici_Ara' located by 'By.xpath: //td[@id='txtCustomerText_B-1']' in '30' second(s)

2021-11-19 16:54:10 - [MESSAGE][INFO] - Clicking on object: 'Object Repository/Olusturma/Genel/AliciBilgisi/Alici_Ara'

2021-11-19 16:54:10 - [MESSAGE][PASSED] - Object: 'Object Repository/Olusturma/Genel/AliciBilgisi/Alici_Ara' is clicked on

2021-11-19 16:54:10 - [TEST_STEP][PASSED] - click(findTestObject("Olusturma/Genel/AliciBilgisi/Alici_Bilgisi")): Object: 'Object Repository/Olusturma/Genel/AliciBilgisi/Alici_Bilgisi' is clicked on

2021-11-19 16:54:10 - [MESSAGE][INFO] - Finding Test Object 'Object Repository/Olusturma/Genel/AliciBilgisi/Alici_Bilgisi'

2021-11-19 16:54:10 - [MESSAGE][INFO] - Checking object

2021-11-19 16:54:10 - [MESSAGE][INFO] - Finding web element from Test Object's properties

2021-11-19 16:54:10 - [MESSAGE][INFO] - Checking timeout

2021-11-19 16:54:10 - [MESSAGE][INFO] - Finding web element with id: 'Object Repository/Olusturma/Genel/AliciBilgisi/Alici_Bilgisi' located by 'By.xpath: //iframe[@id='customerselectiframe']' in '30' second(s)

2021-11-19 16:54:10 - [MESSAGE][INFO] - Smart Wait Function is triggered

2021-11-19 16:54:11 - [MESSAGE][INFO] - Found 1 web elements with id: 'Object Repository/Olusturma/Genel/AliciBilgisi/Alici_Bilgisi' located by 'By.xpath: //iframe[@id='customerselectiframe']' in '30' second(s)

2021-11-19 16:54:11 - [MESSAGE][INFO] - Clicking on object: 'Object Repository/Olusturma/Genel/AliciBilgisi/Alici_Bilgisi'

2021-11-19 16:54:11 - [MESSAGE][PASSED] - Object: 'Object Repository/Olusturma/Genel/AliciBilgisi/Alici_Bilgisi' is clicked on

2021-11-19 16:54:11 - [TEST_STEP][PASSED] - setText(findTestObject("Olusturma/Genel/AliciBilgisi/Alici_Gir"), Alici_Adi): Switching to default content

2021-11-19 16:54:11 - [MESSAGE][INFO] - Finding Test Object 'Object Repository/Olusturma/Genel/AliciBilgisi/Alici_Gir'

2021-11-19 16:54:11 - [MESSAGE][INFO] - Finding Test Object 'Object Repository/Olusturma/Genel/AliciBilgisi/Alici_Bilgisi'

2021-11-19 16:54:11 - [MESSAGE][INFO] - Checking object

2021-11-19 16:54:11 - [MESSAGE][INFO] - Checking text

2021-11-19 16:54:11 - [MESSAGE][INFO] - Object: 'Object Repository/Olusturma/Genel/AliciBilgisi/Alici_Gir' has parent object(s)

2021-11-19 16:54:11 - [MESSAGE][INFO] - Switching to iframe: 'Object Repository/Olusturma/Genel/AliciBilgisi/Alici_Bilgisi'

2021-11-19 16:54:11 - [MESSAGE][INFO] - Finding web element from Test Object's properties

2021-11-19 16:54:11 - [MESSAGE][INFO] - Checking timeout

2021-11-19 16:54:11 - [MESSAGE][INFO] - Finding web element with id: 'Object Repository/Olusturma/Genel/AliciBilgisi/Alici_Bilgisi' located by 'By.xpath: //iframe[@id='customerselectiframe']' in '30' second(s)

2021-11-19 16:54:11 - [MESSAGE][INFO] - Smart Wait Function is triggered

2021-11-19 16:54:11 - [MESSAGE][INFO] - Found 1 web elements with id: 'Object Repository/Olusturma/Genel/AliciBilgisi/Alici_Bilgisi' located by 'By.xpath: //iframe[@id='customerselectiframe']' in '30' second(s)

2021-11-19 16:54:11 - [MESSAGE][INFO] - Switched to iframe: 'Object Repository/Olusturma/Genel/AliciBilgisi/Alici_Bilgisi'

2021-11-19 16:54:11 - [MESSAGE][INFO] - Finding web element from Test Object's properties

2021-11-19 16:54:11 - [MESSAGE][INFO] - Checking timeout

2021-11-19 16:54:11 - [MESSAGE][INFO] - Finding web element with id: 'Object Repository/Olusturma/Genel/AliciBilgisi/Alici_Gir' located by 'By.xpath: //input[@id='GridViewCustomer_DXFREditorcol1_I']' in '30' second(s)

2021-11-19 16:54:11 - [MESSAGE][INFO] - Smart Wait Function is triggered

2021-11-19 16:54:11 - [MESSAGE][INFO] - Found 1 web elements with id: 'Object Repository/Olusturma/Genel/AliciBilgisi/Alici_Gir' located by 'By.xpath: //input[@id='GridViewCustomer_DXFREditorcol1_I']' in '30' second(s)

2021-11-19 16:54:11 - [MESSAGE][INFO] - Clearing text of object 'Object Repository/Olusturma/Genel/AliciBilgisi/Alici_Gir'

2021-11-19 16:54:11 - [MESSAGE][INFO] - Finding web element from Test Object's properties

2021-11-19 16:54:11 - [MESSAGE][INFO] - Checking timeout

2021-11-19 16:54:11 - [MESSAGE][INFO] - Finding web element with id: 'Object Repository/Olusturma/Genel/AliciBilgisi/Alici_Gir' located by 'By.xpath: //input[@id='GridViewCustomer_DXFREditorcol1_I']' in '30' second(s)

2021-11-19 16:54:11 - [MESSAGE][INFO] - Smart Wait Function is triggered

2021-11-19 16:54:11 - [MESSAGE][INFO] - Found 1 web elements with id: 'Object Repository/Olusturma/Genel/AliciBilgisi/Alici_Gir' located by 'By.xpath: //input[@id='GridViewCustomer_DXFREditorcol1_I']' in '30' second(s)

2021-11-19 16:54:11 - [MESSAGE][INFO] - Setting text of object 'Object Repository/Olusturma/Genel/AliciBilgisi/Alici_Gir' to value 'UC0004'

2021-11-19 16:54:11 - [MESSAGE][PASSED] - Text 'UC0004' is set on object 'Object Repository/Olusturma/Genel/AliciBilgisi/Alici_Gir'

2021-11-19 16:54:11 - [MESSAGE][INFO] - Switching to default content

2021-11-19 16:54:11 - [TEST_STEP][PASSED] - waitForElementClickable(findTestObject("Olusturma/Genel/AliciBilgisi/Alici_Adi"), 10): Switching to default content

2021-11-19 16:54:11 - [MESSAGE][INFO] - Finding Test Object 'Object Repository/Olusturma/Genel/AliciBilgisi/Alici_Adi'

2021-11-19 16:54:11 - [MESSAGE][INFO] - Finding Test Object 'Object Repository/Olusturma/Genel/AliciBilgisi/iframe_Alc Bilgisi_customerselectiframe'

2021-11-19 16:54:12 - [MESSAGE][INFO] - Checking object

2021-11-19 16:54:12 - [MESSAGE][INFO] - Checking timeout

2021-11-19 16:54:12 - [MESSAGE][INFO] - Object: 'Object Repository/Olusturma/Genel/AliciBilgisi/Alici_Adi' has parent object(s)

2021-11-19 16:54:12 - [MESSAGE][INFO] - Switching to iframe: 'Object Repository/Olusturma/Genel/AliciBilgisi/iframe_Alc Bilgisi_customerselectiframe'

2021-11-19 16:54:12 - [MESSAGE][INFO] - Finding web element from Test Object's properties

2021-11-19 16:54:12 - [MESSAGE][INFO] - Checking timeout

2021-11-19 16:54:12 - [MESSAGE][INFO] - Finding web element with id: 'Object Repository/Olusturma/Genel/AliciBilgisi/iframe_Alc Bilgisi_customerselectiframe' located by 'By.xpath: //iframe[@id='customerselectiframe']' in '10' second(s)

2021-11-19 16:54:12 - [MESSAGE][INFO] - Smart Wait Function is triggered

2021-11-19 16:54:12 - [MESSAGE][INFO] - Found 1 web elements with id: 'Object Repository/Olusturma/Genel/AliciBilgisi/iframe_Alc Bilgisi_customerselectiframe' located by 'By.xpath: //iframe[@id='customerselectiframe']' in '10' second(s)

2021-11-19 16:54:12 - [MESSAGE][INFO] - Switched to iframe: 'Object Repository/Olusturma/Genel/AliciBilgisi/iframe_Alc Bilgisi_customerselectiframe'

2021-11-19 16:54:12 - [MESSAGE][INFO] - Finding web element from Test Object's properties

2021-11-19 16:54:12 - [MESSAGE][INFO] - Checking timeout

2021-11-19 16:54:12 - [MESSAGE][INFO] - Finding web element with id: 'Object Repository/Olusturma/Genel/AliciBilgisi/Alici_Adi' located by 'By.xpath: //tr[@id='GridViewCustomer_DXDataRow0']/td[2]' in '10' second(s)

2021-11-19 16:54:12 - [MESSAGE][INFO] - Smart Wait Function is triggered

2021-11-19 16:54:12 - [MESSAGE][INFO] - Found 1 web elements with id: 'Object Repository/Olusturma/Genel/AliciBilgisi/Alici_Adi' located by 'By.xpath: //tr[@id='GridViewCustomer_DXDataRow0']/td[2]' in '10' second(s)

2021-11-19 16:54:12 - [MESSAGE][PASSED] - Object 'Object Repository/Olusturma/Genel/AliciBilgisi/Alici_Adi' is clickable

2021-11-19 16:54:12 - [MESSAGE][INFO] - Switching to default content

2021-11-19 16:54:12 - [TEST_STEP][PASSED] - click(findTestObject("Olusturma/Genel/AliciBilgisi/frame")): Switching to default content

2021-11-19 16:54:12 - [MESSAGE][INFO] - Finding Test Object 'Object Repository/Olusturma/Genel/AliciBilgisi/frame'

2021-11-19 16:54:12 - [MESSAGE][INFO] - Finding Test Object 'Object Repository/Olusturma/Genel/AliciBilgisi/iframe_Alc Bilgisi_customerselectiframe'

2021-11-19 16:54:12 - [MESSAGE][INFO] - Checking object

2021-11-19 16:54:12 - [MESSAGE][INFO] - Object: 'Object Repository/Olusturma/Genel/AliciBilgisi/frame' has parent object(s)

2021-11-19 16:54:12 - [MESSAGE][INFO] - Switching to iframe: 'Object Repository/Olusturma/Genel/AliciBilgisi/iframe_Alc Bilgisi_customerselectiframe'

2021-11-19 16:54:12 - [MESSAGE][INFO] - Finding web element from Test Object's properties

2021-11-19 16:54:12 - [MESSAGE][INFO] - Checking timeout

2021-11-19 16:54:12 - [MESSAGE][INFO] - Finding web element with id: 'Object Repository/Olusturma/Genel/AliciBilgisi/iframe_Alc Bilgisi_customerselectiframe' located by 'By.xpath: //iframe[@id='customerselectiframe']' in '30' second(s)

2021-11-19 16:54:12 - [MESSAGE][INFO] - Smart Wait Function is triggered

2021-11-19 16:54:12 - [MESSAGE][INFO] - Found 1 web elements with id: 'Object Repository/Olusturma/Genel/AliciBilgisi/iframe_Alc Bilgisi_customerselectiframe' located by 'By.xpath: //iframe[@id='customerselectiframe']' in '30' second(s)

2021-11-19 16:54:12 - [MESSAGE][INFO] - Switched to iframe: 'Object Repository/Olusturma/Genel/AliciBilgisi/iframe_Alc Bilgisi_customerselectiframe'

2021-11-19 16:54:12 - [MESSAGE][INFO] - Finding web element from Test Object's properties

2021-11-19 16:54:12 - [MESSAGE][INFO] - Checking timeout

2021-11-19 16:54:12 - [MESSAGE][INFO] - Finding web element with id: 'Object Repository/Olusturma/Genel/AliciBilgisi/frame' located by 'By.xpath: //*/text()[normalize-space(.)='']/parent::*' in '30' second(s)

2021-11-19 16:54:12 - [MESSAGE][INFO] - Smart Wait Function is triggered

2021-11-19 16:54:12 - [MESSAGE][INFO] - Found 66 web elements with id: 'Object Repository/Olusturma/Genel/AliciBilgisi/frame' located by 'By.xpath: //*/text()[normalize-space(.)='']/parent::*' in '30' second(s)

2021-11-19 16:54:12 - [MESSAGE][INFO] - Clicking on object: 'Object Repository/Olusturma/Genel/AliciBilgisi/frame'

2021-11-19 16:54:13 - [MESSAGE][PASSED] - Object: 'Object Repository/Olusturma/Genel/AliciBilgisi/frame' is clicked on

2021-11-19 16:54:13 - [MESSAGE][INFO] - Switching to default content

2021-11-19 16:54:13 - [TEST_STEP][PASSED] - click(findTestObject("Olusturma/Genel/AliciBilgisi/Alici_Adi")): Switching to default content

2021-11-19 16:54:13 - [MESSAGE][INFO] - Finding Test Object 'Object Repository/Olusturma/Genel/AliciBilgisi/Alici_Adi'

2021-11-19 16:54:13 - [MESSAGE][INFO] - Finding Test Object 'Object Repository/Olusturma/Genel/AliciBilgisi/iframe_Alc Bilgisi_customerselectiframe'

2021-11-19 16:54:13 - [MESSAGE][INFO] - Checking object

2021-11-19 16:54:13 - [MESSAGE][INFO] - Object: 'Object Repository/Olusturma/Genel/AliciBilgisi/Alici_Adi' has parent object(s)

2021-11-19 16:54:13 - [MESSAGE][INFO] - Switching to iframe: 'Object Repository/Olusturma/Genel/AliciBilgisi/iframe_Alc Bilgisi_customerselectiframe'

2021-11-19 16:54:13 - [MESSAGE][INFO] - Finding web element from Test Object's properties

2021-11-19 16:54:13 - [MESSAGE][INFO] - Checking timeout

2021-11-19 16:54:13 - [MESSAGE][INFO] - Finding web element with id: 'Object Repository/Olusturma/Genel/AliciBilgisi/iframe_Alc Bilgisi_customerselectiframe' located by 'By.xpath: //iframe[@id='customerselectiframe']' in '30' second(s)

2021-11-19 16:54:13 - [MESSAGE][INFO] - Smart Wait Function is triggered

2021-11-19 16:54:13 - [MESSAGE][INFO] - Found 1 web elements with id: 'Object Repository/Olusturma/Genel/AliciBilgisi/iframe_Alc Bilgisi_customerselectiframe' located by 'By.xpath: //iframe[@id='customerselectiframe']' in '30' second(s)

2021-11-19 16:54:13 - [MESSAGE][INFO] - Switched to iframe: 'Object Repository/Olusturma/Genel/AliciBilgisi/iframe_Alc Bilgisi_customerselectiframe'

2021-11-19 16:54:13 - [MESSAGE][INFO] - Finding web element from Test Object's properties

2021-11-19 16:54:13 - [MESSAGE][INFO] - Checking timeout

2021-11-19 16:54:13 - [MESSAGE][INFO] - Finding web element with id: 'Object Repository/Olusturma/Genel/AliciBilgisi/Alici_Adi' located by 'By.xpath: //tr[@id='GridViewCustomer_DXDataRow0']/td[2]' in '30' second(s)

2021-11-19 16:54:13 - [MESSAGE][INFO] - Smart Wait Function is triggered

2021-11-19 16:54:13 - [MESSAGE][INFO] - Found 1 web elements with id: 'Object Repository/Olusturma/Genel/AliciBilgisi/Alici_Adi' located by 'By.xpath: //tr[@id='GridViewCustomer_DXDataRow0']/td[2]' in '30' second(s)

2021-11-19 16:54:13 - [MESSAGE][INFO] - Clicking on object: 'Object Repository/Olusturma/Genel/AliciBilgisi/Alici_Adi'

2021-11-19 16:54:13 - [MESSAGE][PASSED] - Object: 'Object Repository/Olusturma/Genel/AliciBilgisi/Alici_Adi' is clicked on

2021-11-19 16:54:13 - [MESSAGE][INFO] - Switching to default content

2021-11-19 16:54:13 - [TEST_STEP][PASSED] - click(findTestObject("Olusturma/Genel/AliciBilgisi/Tamam_Bosluk")): Switching to default content

2021-11-19 16:54:13 - [MESSAGE][INFO] - Finding Test Object 'Object Repository/Olusturma/Genel/AliciBilgisi/Tamam_Bosluk'

2021-11-19 16:54:13 - [MESSAGE][INFO] - Finding Test Object 'Object Repository/Olusturma/Genel/AliciBilgisi/Alici_Bilgisi'

2021-11-19 16:54:14 - [MESSAGE][INFO] - Checking object

2021-11-19 16:54:14 - [MESSAGE][INFO] - Object: 'Object Repository/Olusturma/Genel/AliciBilgisi/Tamam_Bosluk' has parent object(s)

2021-11-19 16:54:14 - [MESSAGE][INFO] - Switching to iframe: 'Object Repository/Olusturma/Genel/AliciBilgisi/Alici_Bilgisi'

2021-11-19 16:54:14 - [MESSAGE][INFO] - Finding web element from Test Object's properties

2021-11-19 16:54:14 - [MESSAGE][INFO] - Checking timeout

2021-11-19 16:54:14 - [MESSAGE][INFO] - Finding web element with id: 'Object Repository/Olusturma/Genel/AliciBilgisi/Alici_Bilgisi' located by 'By.xpath: //iframe[@id='customerselectiframe']' in '30' second(s)

2021-11-19 16:54:14 - [MESSAGE][INFO] - Smart Wait Function is triggered

2021-11-19 16:54:14 - [MESSAGE][INFO] - Found 1 web elements with id: 'Object Repository/Olusturma/Genel/AliciBilgisi/Alici_Bilgisi' located by 'By.xpath: //iframe[@id='customerselectiframe']' in '30' second(s)

2021-11-19 16:54:14 - [MESSAGE][INFO] - Switched to iframe: 'Object Repository/Olusturma/Genel/AliciBilgisi/Alici_Bilgisi'

2021-11-19 16:54:14 - [MESSAGE][INFO] - Finding web element from Test Object's properties

2021-11-19 16:54:14 - [MESSAGE][INFO] - Checking timeout

2021-11-19 16:54:14 - [MESSAGE][INFO] - Finding web element with id: 'Object Repository/Olusturma/Genel/AliciBilgisi/Tamam_Bosluk' located by 'By.xpath: (.//*[normalize-space(text()) and normalize-space(.)='Sayfa Boyutu:'])[1]/following::div[7]' in '30' second(s)

2021-11-19 16:54:14 - [MESSAGE][INFO] - Smart Wait Function is triggered

2021-11-19 16:54:14 - [MESSAGE][INFO] - Found 1 web elements with id: 'Object Repository/Olusturma/Genel/AliciBilgisi/Tamam_Bosluk' located by 'By.xpath: (.//*[normalize-space(text()) and normalize-space(.)='Sayfa Boyutu:'])[1]/following::div[7]' in '30' second(s)

2021-11-19 16:54:14 - [MESSAGE][INFO] - Clicking on object: 'Object Repository/Olusturma/Genel/AliciBilgisi/Tamam_Bosluk'

2021-11-19 16:54:14 - [MESSAGE][PASSED] - Object: 'Object Repository/Olusturma/Genel/AliciBilgisi/Tamam_Bosluk' is clicked on

2021-11-19 16:54:14 - [MESSAGE][INFO] - Switching to default content

2021-11-19 16:54:14 - [TEST_STEP][PASSED] - waitForElementClickable(findTestObject("Olusturma/Genel/AliciBilgisi/Tamam_Butonu"), 10): Switching to default content

2021-11-19 16:54:14 - [MESSAGE][INFO] - Finding Test Object 'Object Repository/Olusturma/Genel/AliciBilgisi/Tamam_Butonu'

2021-11-19 16:54:14 - [MESSAGE][INFO] - Finding Test Object 'Object Repository/Olusturma/Genel/AliciBilgisi/Alici_Bilgisi'

2021-11-19 16:54:14 - [MESSAGE][INFO] - Checking object

2021-11-19 16:54:14 - [MESSAGE][INFO] - Checking timeout

2021-11-19 16:54:14 - [MESSAGE][INFO] - Object: 'Object Repository/Olusturma/Genel/AliciBilgisi/Tamam_Butonu' has parent object(s)

2021-11-19 16:54:14 - [MESSAGE][INFO] - Switching to iframe: 'Object Repository/Olusturma/Genel/AliciBilgisi/Alici_Bilgisi'

2021-11-19 16:54:14 - [MESSAGE][INFO] - Finding web element from Test Object's properties

2021-11-19 16:54:14 - [MESSAGE][INFO] - Checking timeout

2021-11-19 16:54:14 - [MESSAGE][INFO] - Finding web element with id: 'Object Repository/Olusturma/Genel/AliciBilgisi/Alici_Bilgisi' located by 'By.xpath: //iframe[@id='customerselectiframe']' in '10' second(s)

2021-11-19 16:54:14 - [MESSAGE][INFO] - Smart Wait Function is triggered

2021-11-19 16:54:14 - [MESSAGE][INFO] - Found 1 web elements with id: 'Object Repository/Olusturma/Genel/AliciBilgisi/Alici_Bilgisi' located by 'By.xpath: //iframe[@id='customerselectiframe']' in '10' second(s)

2021-11-19 16:54:15 - [MESSAGE][INFO] - Switched to iframe: 'Object Repository/Olusturma/Genel/AliciBilgisi/Alici_Bilgisi'

2021-11-19 16:54:15 - [MESSAGE][INFO] - Finding web element from Test Object's properties

2021-11-19 16:54:15 - [MESSAGE][INFO] - Checking timeout

2021-11-19 16:54:15 - [MESSAGE][INFO] - Finding web element with id: 'Object Repository/Olusturma/Genel/AliciBilgisi/Tamam_Butonu' located by 'By.xpath: //div[@id='btnSelectCustomer_CD']/span' in '10' second(s)

2021-11-19 16:54:15 - [MESSAGE][INFO] - Smart Wait Function is triggered

2021-11-19 16:54:15 - [MESSAGE][INFO] - Found 1 web elements with id: 'Object Repository/Olusturma/Genel/AliciBilgisi/Tamam_Butonu' located by 'By.xpath: //div[@id='btnSelectCustomer_CD']/span' in '10' second(s)

2021-11-19 16:54:15 - [MESSAGE][PASSED] - Object 'Object Repository/Olusturma/Genel/AliciBilgisi/Tamam_Butonu' is clickable

2021-11-19 16:54:15 - [MESSAGE][INFO] - Switching to default content

2021-11-19 16:54:15 - [TEST_STEP][PASSED] - click(findTestObject("Olusturma/Genel/AliciBilgisi/Tamam_Butonu")): Switching to default content

2021-11-19 16:54:15 - [MESSAGE][INFO] - Finding Test Object 'Object Repository/Olusturma/Genel/AliciBilgisi/Tamam_Butonu'

2021-11-19 16:54:15 - [MESSAGE][INFO] - Finding Test Object 'Object Repository/Olusturma/Genel/AliciBilgisi/Alici_Bilgisi'

2021-11-19 16:54:15 - [MESSAGE][INFO] - Checking object

2021-11-19 16:54:15 - [MESSAGE][INFO] - Object: 'Object Repository/Olusturma/Genel/AliciBilgisi/Tamam_Butonu' has parent object(s)

2021-11-19 16:54:15 - [MESSAGE][INFO] - Switching to iframe: 'Object Repository/Olusturma/Genel/AliciBilgisi/Alici_Bilgisi'

2021-11-19 16:54:15 - [MESSAGE][INFO] - Finding web element from Test Object's properties

2021-11-19 16:54:15 - [MESSAGE][INFO] - Checking timeout

2021-11-19 16:54:15 - [MESSAGE][INFO] - Finding web element with id: 'Object Repository/Olusturma/Genel/AliciBilgisi/Alici_Bilgisi' located by 'By.xpath: //iframe[@id='customerselectiframe']' in '30' second(s)

2021-11-19 16:54:15 - [MESSAGE][INFO] - Smart Wait Function is triggered

2021-11-19 16:54:15 - [MESSAGE][INFO] - Found 1 web elements with id: 'Object Repository/Olusturma/Genel/AliciBilgisi/Alici_Bilgisi' located by 'By.xpath: //iframe[@id='customerselectiframe']' in '30' second(s)

2021-11-19 16:54:15 - [MESSAGE][INFO] - Switched to iframe: 'Object Repository/Olusturma/Genel/AliciBilgisi/Alici_Bilgisi'

2021-11-19 16:54:15 - [MESSAGE][INFO] - Finding web element from Test Object's properties

2021-11-19 16:54:15 - [MESSAGE][INFO] - Checking timeout

2021-11-19 16:54:15 - [MESSAGE][INFO] - Finding web element with id: 'Object Repository/Olusturma/Genel/AliciBilgisi/Tamam_Butonu' located by 'By.xpath: //div[@id='btnSelectCustomer_CD']/span' in '30' second(s)

2021-11-19 16:54:15 - [MESSAGE][INFO] - Smart Wait Function is triggered

2021-11-19 16:54:15 - [MESSAGE][INFO] - Found 1 web elements with id: 'Object Repository/Olusturma/Genel/AliciBilgisi/Tamam_Butonu' located by 'By.xpath: //div[@id='btnSelectCustomer_CD']/span' in '30' second(s)

2021-11-19 16:54:15 - [MESSAGE][INFO] - Clicking on object: 'Object Repository/Olusturma/Genel/AliciBilgisi/Tamam_Butonu'

2021-11-19 16:54:15 - [MESSAGE][PASSED] - Object: 'Object Repository/Olusturma/Genel/AliciBilgisi/Tamam_Butonu' is clicked on

2021-11-19 16:54:15 - [MESSAGE][INFO] - Switching to default content

2021-11-19 16:54:15 - [TEST_STEP][PASSED] - waitForElementPresent(findTestObject("Olusturma/Genel/AliciBilgisi/VKN-TCKN"), 10): Object 'Object Repository/Olusturma/Genel/AliciBilgisi/VKN-TCKN' is present

2021-11-19 16:54:15 - [MESSAGE][INFO] - Finding Test Object 'Object Repository/Olusturma/Genel/AliciBilgisi/VKN-TCKN'

2021-11-19 16:54:16 - [MESSAGE][INFO] - Checking object

2021-11-19 16:54:16 - [MESSAGE][INFO] - Finding web element from Test Object's properties

2021-11-19 16:54:16 - [MESSAGE][INFO] - Checking timeout

2021-11-19 16:54:16 - [MESSAGE][INFO] - Finding web element with id: 'Object Repository/Olusturma/Genel/AliciBilgisi/VKN-TCKN' located by 'By.xpath: //*[@id = 'txtVknTckn_I']' in '10' second(s)

2021-11-19 16:54:16 - [MESSAGE][INFO] - Smart Wait Function is triggered

2021-11-19 16:54:16 - [MESSAGE][INFO] - Found 1 web elements with id: 'Object Repository/Olusturma/Genel/AliciBilgisi/VKN-TCKN' located by 'By.xpath: //*[@id = 'txtVknTckn_I']' in '10' second(s)

2021-11-19 16:54:16 - [MESSAGE][PASSED] - Object 'Object Repository/Olusturma/Genel/AliciBilgisi/VKN-TCKN' is present

2021-11-19 16:54:16 - [TEST_STEP][PASSED] - text = getAttribute(findTestObject("Olusturma/Genel/AliciBilgisi/VKN-TCKN"), "value"): Attribute 'value' of object 'Object Repository/Olusturma/Genel/AliciBilgisi/VKN-TCKN' is: '5327841420'

2021-11-19 16:54:16 - [MESSAGE][INFO] - Finding Test Object 'Object Repository/Olusturma/Genel/AliciBilgisi/VKN-TCKN'

2021-11-19 16:54:16 - [MESSAGE][INFO] - Checking object

2021-11-19 16:54:16 - [MESSAGE][INFO] - Checking attribute

2021-11-19 16:54:16 - [MESSAGE][INFO] - Finding web element from Test Object's properties

2021-11-19 16:54:16 - [MESSAGE][INFO] - Checking timeout

2021-11-19 16:54:16 - [MESSAGE][INFO] - Finding web element with id: 'Object Repository/Olusturma/Genel/AliciBilgisi/VKN-TCKN' located by 'By.xpath: //*[@id = 'txtVknTckn_I']' in '30' second(s)

2021-11-19 16:54:16 - [MESSAGE][INFO] - Smart Wait Function is triggered

2021-11-19 16:54:16 - [MESSAGE][INFO] - Found 1 web elements with id: 'Object Repository/Olusturma/Genel/AliciBilgisi/VKN-TCKN' located by 'By.xpath: //*[@id = 'txtVknTckn_I']' in '30' second(s)

2021-11-19 16:54:16 - [MESSAGE][INFO] - Getting attribute 'value' of object 'Object Repository/Olusturma/Genel/AliciBilgisi/VKN-TCKN'

2021-11-19 16:54:16 - [MESSAGE][PASSED] - Attribute 'value' of object 'Object Repository/Olusturma/Genel/AliciBilgisi/VKN-TCKN' is: '5327841420'

2021-11-19 16:54:16 - [TEST_STEP][PASSED] - if (text.equals("")): null

2021-11-19 16:54:16 - [MESSAGE][PASSED] - Call Test Case 'Test Cases/Olusturma/Genel/AliciSecilir' successfully

2021-11-19 16:54:16 - [MESSAGE][INFO] - Checking called Test Case

2021-11-19 16:54:16 - [MESSAGE][INFO] - Starting to call Test Case 'Test Cases/Olusturma/Genel/GonderimSekliSecilir'

2021-11-19 16:54:16 - [TEST_CASE][PASSED] - Test Cases/Olusturma/Genel/GonderimSekliSecilir: Test Cases/Olusturma/Genel/GonderimSekliSecilir

2021-11-19 16:54:16 - [TEST_STEP][PASSED] - waitForElementClickable(findTestObject("Object Repository/Olusturma/Genel/GonderimSekli/GonderimSekli"), 10): Object 'Object Repository/Olusturma/Genel/GonderimSekli/GonderimSekli' is clickable

2021-11-19 16:54:16 - [MESSAGE][INFO] - Finding Test Object 'Object Repository/Olusturma/Genel/GonderimSekli/GonderimSekli'

2021-11-19 16:54:16 - [MESSAGE][INFO] - Checking object

2021-11-19 16:54:16 - [MESSAGE][INFO] - Checking timeout

2021-11-19 16:54:16 - [MESSAGE][INFO] - Finding web element from Test Object's properties

2021-11-19 16:54:16 - [MESSAGE][INFO] - Checking timeout

2021-11-19 16:54:16 - [MESSAGE][INFO] - Finding web element with id: 'Object Repository/Olusturma/Genel/GonderimSekli/GonderimSekli' located by 'By.xpath: //*[@id = 'txtGonderimSekil_I']' in '10' second(s)

2021-11-19 16:54:16 - [MESSAGE][INFO] - Smart Wait Function is triggered

2021-11-19 16:54:17 - [MESSAGE][INFO] - Found 1 web elements with id: 'Object Repository/Olusturma/Genel/GonderimSekli/GonderimSekli' located by 'By.xpath: //*[@id = 'txtGonderimSekil_I']' in '10' second(s)

2021-11-19 16:54:17 - [MESSAGE][PASSED] - Object 'Object Repository/Olusturma/Genel/GonderimSekli/GonderimSekli' is clickable

2021-11-19 16:54:17 - [TEST_STEP][PASSED] - click(findTestObject("Object Repository/Olusturma/Genel/GonderimSekli/GonderimSekli")): Object: 'Object Repository/Olusturma/Genel/GonderimSekli/GonderimSekli' is clicked on

2021-11-19 16:54:17 - [MESSAGE][INFO] - Finding Test Object 'Object Repository/Olusturma/Genel/GonderimSekli/GonderimSekli'

2021-11-19 16:54:17 - [MESSAGE][INFO] - Checking object

2021-11-19 16:54:17 - [MESSAGE][INFO] - Finding web element from Test Object's properties

2021-11-19 16:54:17 - [MESSAGE][INFO] - Checking timeout

2021-11-19 16:54:17 - [MESSAGE][INFO] - Finding web element with id: 'Object Repository/Olusturma/Genel/GonderimSekli/GonderimSekli' located by 'By.xpath: //*[@id = 'txtGonderimSekil_I']' in '30' second(s)

2021-11-19 16:54:17 - [MESSAGE][INFO] - Smart Wait Function is triggered

2021-11-19 16:54:17 - [MESSAGE][INFO] - Found 1 web elements with id: 'Object Repository/Olusturma/Genel/GonderimSekli/GonderimSekli' located by 'By.xpath: //*[@id = 'txtGonderimSekil_I']' in '30' second(s)

2021-11-19 16:54:17 - [MESSAGE][INFO] - Clicking on object: 'Object Repository/Olusturma/Genel/GonderimSekli/GonderimSekli'

2021-11-19 16:54:17 - [MESSAGE][PASSED] - Object: 'Object Repository/Olusturma/Genel/GonderimSekli/GonderimSekli' is clicked on

2021-11-19 16:54:17 - [TEST_STEP][PASSED] - Method.TextDegerineEsitElementeTikla(findTestObject("Object Repository/Olusturma/Genel/GonderimSekli/GonderimSekliAdi"), GonderimSekli): Method.TextDegerineEsitElementeTikla is PASSED

2021-11-19 16:54:17 - [MESSAGE][INFO] - Finding Test Object 'Object Repository/Olusturma/Genel/GonderimSekli/GonderimSekliAdi'

2021-11-19 16:54:17 - [MESSAGE][INFO] - Checking timeout

2021-11-19 16:54:17 - [MESSAGE][INFO] - Finding web element with id: 'Object Repository/Olusturma/Genel/GonderimSekli/GonderimSekliAdi' located by 'By.cssSelector: #txtGonderimSekil_DDD_L_LBT td' in '10' second(s)

2021-11-19 16:54:17 - [MESSAGE][INFO] - Smart Wait Function is triggered

2021-11-19 16:54:18 - [MESSAGE][INFO] - Found 2 web elements with id: 'Object Repository/Olusturma/Genel/GonderimSekli/GonderimSekliAdi' located by 'By.cssSelector: #txtGonderimSekil_DDD_L_LBT td' in '10' second(s)

2021-11-19 16:54:18 - [MESSAGE][PASSED] - Method.TextDegerineEsitElementeTikla is PASSED

2021-11-19 16:54:18 - [MESSAGE][PASSED] - Call Test Case 'Test Cases/Olusturma/Genel/GonderimSekliSecilir' successfully

2021-11-19 16:54:18 - [MESSAGE][INFO] - Checking called Test Case

2021-11-19 16:54:18 - [MESSAGE][INFO] - Starting to call Test Case 'Test Cases/Olusturma/Genel/TipSecilir'

2021-11-19 16:54:18 - [TEST_CASE][PASSED] - Test Cases/Olusturma/Genel/TipSecilir: Test Cases/Olusturma/Genel/TipSecilir

2021-11-19 16:54:18 - [TEST_STEP][PASSED] - waitForElementClickable(findTestObject("Olusturma/Genel/TipSecilir/Tip"), 10): Object 'Object Repository/Olusturma/Genel/TipSecilir/Tip' is clickable

2021-11-19 16:54:18 - [MESSAGE][INFO] - Finding Test Object 'Object Repository/Olusturma/Genel/TipSecilir/Tip'

2021-11-19 16:54:18 - [MESSAGE][INFO] - Checking object

2021-11-19 16:54:18 - [MESSAGE][INFO] - Checking timeout

2021-11-19 16:54:18 - [MESSAGE][INFO] - Finding web element from Test Object's properties

2021-11-19 16:54:18 - [MESSAGE][INFO] - Checking timeout

2021-11-19 16:54:18 - [MESSAGE][INFO] - Finding web element with id: 'Object Repository/Olusturma/Genel/TipSecilir/Tip' located by 'By.xpath: //*[@id = 'DocumentTypeCode_I']' in '10' second(s)

2021-11-19 16:54:18 - [MESSAGE][INFO] - Smart Wait Function is triggered

2021-11-19 16:54:18 - [MESSAGE][INFO] - Found 1 web elements with id: 'Object Repository/Olusturma/Genel/TipSecilir/Tip' located by 'By.xpath: //*[@id = 'DocumentTypeCode_I']' in '10' second(s)

2021-11-19 16:54:18 - [MESSAGE][PASSED] - Object 'Object Repository/Olusturma/Genel/TipSecilir/Tip' is clickable

2021-11-19 16:54:18 - [TEST_STEP][PASSED] - click(findTestObject("Olusturma/Genel/TipSecilir/Tip")): Object: 'Object Repository/Olusturma/Genel/TipSecilir/Tip' is clicked on

2021-11-19 16:54:18 - [MESSAGE][INFO] - Finding Test Object 'Object Repository/Olusturma/Genel/TipSecilir/Tip'

2021-11-19 16:54:18 - [MESSAGE][INFO] - Checking object

2021-11-19 16:54:18 - [MESSAGE][INFO] - Finding web element from Test Object's properties

2021-11-19 16:54:18 - [MESSAGE][INFO] - Checking timeout

2021-11-19 16:54:18 - [MESSAGE][INFO] - Finding web element with id: 'Object Repository/Olusturma/Genel/TipSecilir/Tip' located by 'By.xpath: //*[@id = 'DocumentTypeCode_I']' in '30' second(s)

2021-11-19 16:54:18 - [MESSAGE][INFO] - Smart Wait Function is triggered

2021-11-19 16:54:19 - [MESSAGE][INFO] - Found 1 web elements with id: 'Object Repository/Olusturma/Genel/TipSecilir/Tip' located by 'By.xpath: //*[@id = 'DocumentTypeCode_I']' in '30' second(s)

2021-11-19 16:54:19 - [MESSAGE][INFO] - Clicking on object: 'Object Repository/Olusturma/Genel/TipSecilir/Tip'

2021-11-19 16:54:19 - [MESSAGE][PASSED] - Object: 'Object Repository/Olusturma/Genel/TipSecilir/Tip' is clicked on

2021-11-19 16:54:19 - [TEST_STEP][PASSED] - Method.TextDegerineEsitElementeTikla(findTestObject("Object Repository/Olusturma/Genel/TipSecilir/Tip_Adi"), Tip): Method.TextDegerineEsitElementeTikla is PASSED

2021-11-19 16:54:19 - [MESSAGE][INFO] - Finding Test Object 'Object Repository/Olusturma/Genel/TipSecilir/Tip_Adi'

2021-11-19 16:54:19 - [MESSAGE][INFO] - Checking timeout

2021-11-19 16:54:19 - [MESSAGE][INFO] - Finding web element with id: 'Object Repository/Olusturma/Genel/TipSecilir/Tip_Adi' located by 'By.cssSelector: #DocumentTypeCode_DDD_L_LBT td' in '10' second(s)

2021-11-19 16:54:19 - [MESSAGE][INFO] - Smart Wait Function is triggered

2021-11-19 16:54:19 - [MESSAGE][INFO] - Found 9 web elements with id: 'Object Repository/Olusturma/Genel/TipSecilir/Tip_Adi' located by 'By.cssSelector: #DocumentTypeCode_DDD_L_LBT td' in '10' second(s)

2021-11-19 16:54:20 - [MESSAGE][PASSED] - Method.TextDegerineEsitElementeTikla is PASSED

2021-11-19 16:54:20 - [MESSAGE][PASSED] - Call Test Case 'Test Cases/Olusturma/Genel/TipSecilir' successfully

2021-11-19 16:54:20 - [MESSAGE][INFO] - Checking called Test Case

2021-11-19 16:54:20 - [MESSAGE][INFO] - Starting to call Test Case 'Test Cases/Olusturma/Genel/DokumanParaBirimiSecilir'

2021-11-19 16:54:20 - [TEST_CASE][PASSED] - Test Cases/Olusturma/Genel/DokumanParaBirimiSecilir: Test Cases/Olusturma/Genel/DokumanParaBirimiSecilir

2021-11-19 16:54:20 - [TEST_STEP][PASSED] - waitForElementClickable(findTestObject("Object Repository/Olusturma/Genel/DokumanParaBirimiSecilir/Para"), 10): Object 'Object Repository/Olusturma/Genel/DokumanParaBirimiSecilir/Para' is clickable

2021-11-19 16:54:20 - [MESSAGE][INFO] - Finding Test Object 'Object Repository/Olusturma/Genel/DokumanParaBirimiSecilir/Para'

2021-11-19 16:54:20 - [MESSAGE][INFO] - Checking object

2021-11-19 16:54:20 - [MESSAGE][INFO] - Checking timeout

2021-11-19 16:54:20 - [MESSAGE][INFO] - Finding web element from Test Object's properties

2021-11-19 16:54:20 - [MESSAGE][INFO] - Checking timeout

2021-11-19 16:54:20 - [MESSAGE][INFO] - Finding web element with id: 'Object Repository/Olusturma/Genel/DokumanParaBirimiSecilir/Para' located by 'By.xpath: //*[@id = 'CurrencyUnit_I']' in '10' second(s)

2021-11-19 16:54:20 - [MESSAGE][INFO] - Smart Wait Function is triggered

2021-11-19 16:54:21 - [MESSAGE][INFO] - Found 1 web elements with id: 'Object Repository/Olusturma/Genel/DokumanParaBirimiSecilir/Para' located by 'By.xpath: //*[@id = 'CurrencyUnit_I']' in '10' second(s)

2021-11-19 16:54:21 - [MESSAGE][PASSED] - Object 'Object Repository/Olusturma/Genel/DokumanParaBirimiSecilir/Para' is clickable

2021-11-19 16:54:21 - [TEST_STEP][PASSED] - click(findTestObject("Object Repository/Olusturma/Genel/DokumanParaBirimiSecilir/Para")): Object: 'Object Repository/Olusturma/Genel/DokumanParaBirimiSecilir/Para' is clicked on

2021-11-19 16:54:21 - [MESSAGE][INFO] - Finding Test Object 'Object Repository/Olusturma/Genel/DokumanParaBirimiSecilir/Para'

2021-11-19 16:54:21 - [MESSAGE][INFO] - Checking object

2021-11-19 16:54:21 - [MESSAGE][INFO] - Finding web element from Test Object's properties

2021-11-19 16:54:21 - [MESSAGE][INFO] - Checking timeout

2021-11-19 16:54:21 - [MESSAGE][INFO] - Finding web element with id: 'Object Repository/Olusturma/Genel/DokumanParaBirimiSecilir/Para' located by 'By.xpath: //*[@id = 'CurrencyUnit_I']' in '30' second(s)

2021-11-19 16:54:21 - [MESSAGE][INFO] - Smart Wait Function is triggered

2021-11-19 16:54:21 - [MESSAGE][INFO] - Found 1 web elements with id: 'Object Repository/Olusturma/Genel/DokumanParaBirimiSecilir/Para' located by 'By.xpath: //*[@id = 'CurrencyUnit_I']' in '30' second(s)

2021-11-19 16:54:21 - [MESSAGE][INFO] - Clicking on object: 'Object Repository/Olusturma/Genel/DokumanParaBirimiSecilir/Para'

2021-11-19 16:54:22 - [MESSAGE][PASSED] - Object: 'Object Repository/Olusturma/Genel/DokumanParaBirimiSecilir/Para' is clicked on

2021-11-19 16:54:22 - [TEST_STEP][PASSED] - Method.TextDegerineEsitElementeTikla(findTestObject("Object Repository/Olusturma/Genel/DokumanParaBirimiSecilir/Para_Adi"), Para): Method.TextDegerineEsitElementeTikla is PASSED

2021-11-19 16:54:22 - [MESSAGE][INFO] - Finding Test Object 'Object Repository/Olusturma/Genel/DokumanParaBirimiSecilir/Para_Adi'

2021-11-19 16:54:22 - [MESSAGE][INFO] - Checking timeout

2021-11-19 16:54:22 - [MESSAGE][INFO] - Finding web element with id: 'Object Repository/Olusturma/Genel/DokumanParaBirimiSecilir/Para_Adi' located by 'By.cssSelector: #CurrencyUnit_DDD_L_LBT td' in '10' second(s)

2021-11-19 16:54:22 - [MESSAGE][INFO] - Smart Wait Function is triggered

2021-11-19 16:54:22 - [MESSAGE][INFO] - Found 203 web elements with id: 'Object Repository/Olusturma/Genel/DokumanParaBirimiSecilir/Para_Adi' located by 'By.cssSelector: #CurrencyUnit_DDD_L_LBT td' in '10' second(s)

2021-11-19 16:54:27 - [MESSAGE][PASSED] - Method.TextDegerineEsitElementeTikla is PASSED

2021-11-19 16:54:27 - [MESSAGE][PASSED] - Call Test Case 'Test Cases/Olusturma/Genel/DokumanParaBirimiSecilir' successfully

2021-11-19 16:54:27 - [MESSAGE][INFO] - Checking called Test Case

2021-11-19 16:54:27 - [MESSAGE][INFO] - Starting to call Test Case 'Test Cases/Olusturma/Genel/OnEkSecilir'

2021-11-19 16:54:28 - [TEST_CASE][PASSED] - Test Cases/Olusturma/Genel/OnEkSecilir: Test Cases/Olusturma/Genel/OnEkSecilir

2021-11-19 16:54:28 - [TEST_STEP][PASSED] - waitForElementClickable(findTestObject("Object Repository/Olusturma/Genel/OnEkSecilir/OnEk"), 10): Object 'Object Repository/Olusturma/Genel/OnEkSecilir/OnEk' is clickable

2021-11-19 16:54:28 - [MESSAGE][INFO] - Finding Test Object 'Object Repository/Olusturma/Genel/OnEkSecilir/OnEk'

2021-11-19 16:54:28 - [MESSAGE][INFO] - Checking object

2021-11-19 16:54:28 - [MESSAGE][INFO] - Checking timeout

2021-11-19 16:54:28 - [MESSAGE][INFO] - Finding web element from Test Object's properties

2021-11-19 16:54:28 - [MESSAGE][INFO] - Checking timeout

2021-11-19 16:54:28 - [MESSAGE][INFO] - Finding web element with id: 'Object Repository/Olusturma/Genel/OnEkSecilir/OnEk' located by 'By.xpath: //*[@id = 'InvoicePrefix_I']' in '10' second(s)

2021-11-19 16:54:28 - [MESSAGE][INFO] - Smart Wait Function is triggered

2021-11-19 16:54:28 - [MESSAGE][INFO] - Found 1 web elements with id: 'Object Repository/Olusturma/Genel/OnEkSecilir/OnEk' located by 'By.xpath: //*[@id = 'InvoicePrefix_I']' in '10' second(s)

2021-11-19 16:54:28 - [MESSAGE][PASSED] - Object 'Object Repository/Olusturma/Genel/OnEkSecilir/OnEk' is clickable

2021-11-19 16:54:28 - [TEST_STEP][PASSED] - click(findTestObject("Object Repository/Olusturma/Genel/OnEkSecilir/OnEk")): Object: 'Object Repository/Olusturma/Genel/OnEkSecilir/OnEk' is clicked on

2021-11-19 16:54:28 - [MESSAGE][INFO] - Finding Test Object 'Object Repository/Olusturma/Genel/OnEkSecilir/OnEk'

2021-11-19 16:54:28 - [MESSAGE][INFO] - Checking object

2021-11-19 16:54:28 - [MESSAGE][INFO] - Finding web element from Test Object's properties

2021-11-19 16:54:28 - [MESSAGE][INFO] - Checking timeout

2021-11-19 16:54:28 - [MESSAGE][INFO] - Finding web element with id: 'Object Repository/Olusturma/Genel/OnEkSecilir/OnEk' located by 'By.xpath: //*[@id = 'InvoicePrefix_I']' in '30' second(s)

2021-11-19 16:54:28 - [MESSAGE][INFO] - Smart Wait Function is triggered

2021-11-19 16:54:29 - [MESSAGE][INFO] - Found 1 web elements with id: 'Object Repository/Olusturma/Genel/OnEkSecilir/OnEk' located by 'By.xpath: //*[@id = 'InvoicePrefix_I']' in '30' second(s)

2021-11-19 16:54:29 - [MESSAGE][INFO] - Clicking on object: 'Object Repository/Olusturma/Genel/OnEkSecilir/OnEk'

2021-11-19 16:54:29 - [MESSAGE][PASSED] - Object: 'Object Repository/Olusturma/Genel/OnEkSecilir/OnEk' is clicked on

2021-11-19 16:54:29 - [TEST_STEP][PASSED] - Method.TextDegerineEsitElementeTiklaEquals(findTestObject("Object Repository/Olusturma/Genel/OnEkSecilir/OnEkAdi"), Ek): Method.TextDegerineEsitElementeTiklaEquals is PASSED

2021-11-19 16:54:29 - [MESSAGE][INFO] - Finding Test Object 'Object Repository/Olusturma/Genel/OnEkSecilir/OnEkAdi'

2021-11-19 16:54:29 - [MESSAGE][INFO] - Checking timeout

2021-11-19 16:54:29 - [MESSAGE][INFO] - Finding web element with id: 'Object Repository/Olusturma/Genel/OnEkSecilir/OnEkAdi' located by 'By.cssSelector: #InvoicePrefix_DDD_L_LBT td' in '10' second(s)

2021-11-19 16:54:29 - [MESSAGE][INFO] - Smart Wait Function is triggered

2021-11-19 16:54:29 - [MESSAGE][INFO] - Found 1 web elements with id: 'Object Repository/Olusturma/Genel/OnEkSecilir/OnEkAdi' located by 'By.cssSelector: #InvoicePrefix_DDD_L_LBT td' in '10' second(s)

2021-11-19 16:54:29 - [MESSAGE][PASSED] - Method.TextDegerineEsitElementeTiklaEquals is PASSED

2021-11-19 16:54:29 - [MESSAGE][PASSED] - Call Test Case 'Test Cases/Olusturma/Genel/OnEkSecilir' successfully

2021-11-19 16:54:29 - [MESSAGE][INFO] - Checking called Test Case

2021-11-19 16:54:29 - [MESSAGE][INFO] - Starting to call Test Case 'Test Cases/Olusturma/Genel/TasarimSecilir'

2021-11-19 16:54:29 - [TEST_CASE][PASSED] - Test Cases/Olusturma/Genel/TasarimSecilir: Test Cases/Olusturma/Genel/TasarimSecilir

2021-11-19 16:54:29 - [TEST_STEP][PASSED] - waitForElementClickable(findTestObject("Object Repository/Olusturma/Genel/TasarimSecilir/Tasarim"), 10): Object 'Object Repository/Olusturma/Genel/TasarimSecilir/Tasarim' is clickable

2021-11-19 16:54:29 - [MESSAGE][INFO] - Finding Test Object 'Object Repository/Olusturma/Genel/TasarimSecilir/Tasarim'

2021-11-19 16:54:29 - [MESSAGE][INFO] - Checking object

2021-11-19 16:54:29 - [MESSAGE][INFO] - Checking timeout

2021-11-19 16:54:29 - [MESSAGE][INFO] - Finding web element from Test Object's properties

2021-11-19 16:54:29 - [MESSAGE][INFO] - Checking timeout

2021-11-19 16:54:29 - [MESSAGE][INFO] - Finding web element with id: 'Object Repository/Olusturma/Genel/TasarimSecilir/Tasarim' located by 'By.xpath: //*[@id = 'DesignId_I']' in '10' second(s)

2021-11-19 16:54:29 - [MESSAGE][INFO] - Smart Wait Function is triggered

2021-11-19 16:54:30 - [MESSAGE][INFO] - Found 1 web elements with id: 'Object Repository/Olusturma/Genel/TasarimSecilir/Tasarim' located by 'By.xpath: //*[@id = 'DesignId_I']' in '10' second(s)

2021-11-19 16:54:30 - [MESSAGE][PASSED] - Object 'Object Repository/Olusturma/Genel/TasarimSecilir/Tasarim' is clickable

2021-11-19 16:54:30 - [TEST_STEP][PASSED] - click(findTestObject("Object Repository/Olusturma/Genel/TasarimSecilir/Tasarim")): Object: 'Object Repository/Olusturma/Genel/TasarimSecilir/Tasarim' is clicked on

2021-11-19 16:54:30 - [MESSAGE][INFO] - Finding Test Object 'Object Repository/Olusturma/Genel/TasarimSecilir/Tasarim'

2021-11-19 16:54:30 - [MESSAGE][INFO] - Checking object

2021-11-19 16:54:30 - [MESSAGE][INFO] - Finding web element from Test Object's properties

2021-11-19 16:54:30 - [MESSAGE][INFO] - Checking timeout

2021-11-19 16:54:30 - [MESSAGE][INFO] - Finding web element with id: 'Object Repository/Olusturma/Genel/TasarimSecilir/Tasarim' located by 'By.xpath: //*[@id = 'DesignId_I']' in '30' second(s)

2021-11-19 16:54:30 - [MESSAGE][INFO] - Smart Wait Function is triggered

2021-11-19 16:54:30 - [MESSAGE][INFO] - Found 1 web elements with id: 'Object Repository/Olusturma/Genel/TasarimSecilir/Tasarim' located by 'By.xpath: //*[@id = 'DesignId_I']' in '30' second(s)

2021-11-19 16:54:30 - [MESSAGE][INFO] - Clicking on object: 'Object Repository/Olusturma/Genel/TasarimSecilir/Tasarim'

2021-11-19 16:54:30 - [MESSAGE][PASSED] - Object: 'Object Repository/Olusturma/Genel/TasarimSecilir/Tasarim' is clicked on

2021-11-19 16:54:30 - [TEST_STEP][PASSED] - Method.TextDegerineEsitElementeTikla(findTestObject("Object Repository/Olusturma/Genel/TasarimSecilir/Tasarim_Adi"), Tasarim): Method.TextDegerineEsitElementeTikla is PASSED

2021-11-19 16:54:30 - [MESSAGE][INFO] - Finding Test Object 'Object Repository/Olusturma/Genel/TasarimSecilir/Tasarim_Adi'

2021-11-19 16:54:30 - [MESSAGE][INFO] - Checking timeout

2021-11-19 16:54:30 - [MESSAGE][INFO] - Finding web element with id: 'Object Repository/Olusturma/Genel/TasarimSecilir/Tasarim_Adi' located by 'By.cssSelector: #DesignId_DDD_L_LBT td' in '10' second(s)

2021-11-19 16:54:30 - [MESSAGE][INFO] - Smart Wait Function is triggered

2021-11-19 16:54:31 - [MESSAGE][INFO] - Found 1 web elements with id: 'Object Repository/Olusturma/Genel/TasarimSecilir/Tasarim_Adi' located by 'By.cssSelector: #DesignId_DDD_L_LBT td' in '10' second(s)

2021-11-19 16:54:31 - [MESSAGE][PASSED] - Method.TextDegerineEsitElementeTikla is PASSED

2021-11-19 16:54:31 - [MESSAGE][PASSED] - Call Test Case 'Test Cases/Olusturma/Genel/TasarimSecilir' successfully

2021-11-19 16:54:31 - [MESSAGE][INFO] - Checking called Test Case

2021-11-19 16:54:31 - [MESSAGE][INFO] - Starting to call Test Case 'Test Cases/Olusturma/Genel/Kutular/SiparisBilgileriGirilir'

2021-11-19 16:54:31 - [TEST_CASE][PASSED] - Test Cases/Olusturma/Genel/Kutular/SiparisBilgileriGirilir: Test Cases/Olusturma/Genel/Kutular/SiparisBilgileriGirilir

2021-11-19 16:54:31 - [TEST_STEP][PASSED] - Method.TextDegerineEsitElementeTikla(findTestObject("Olusturma/Genel/Kutular/KapaliKutular"), "Sipariş Bilgileri"): Method.TextDegerineEsitElementeTikla is PASSED

2021-11-19 16:54:31 - [MESSAGE][INFO] - Finding Test Object 'Object Repository/Olusturma/Genel/Kutular/KapaliKutular'

2021-11-19 16:54:31 - [MESSAGE][INFO] - Checking timeout

2021-11-19 16:54:31 - [MESSAGE][INFO] - Finding web element with id: 'Object Repository/Olusturma/Genel/Kutular/KapaliKutular' located by 'By.cssSelector: .dxnb-headerCollapsed>span' in '10' second(s)

2021-11-19 16:54:31 - [MESSAGE][INFO] - Smart Wait Function is triggered

2021-11-19 16:54:31 - [MESSAGE][INFO] - Found 8 web elements with id: 'Object Repository/Olusturma/Genel/Kutular/KapaliKutular' located by 'By.cssSelector: .dxnb-headerCollapsed>span' in '10' second(s)

2021-11-19 16:54:31 - [MESSAGE][PASSED] - Method.TextDegerineEsitElementeTikla is PASSED

2021-11-19 16:54:31 - [TEST_STEP][PASSED] - waitForElementPresent(findTestObject("Object Repository/Olusturma/Genel/Kutular/SiparisBilgileri/SiparisNo"), 10): Object 'Object Repository/Olusturma/Genel/Kutular/SiparisBilgileri/SiparisNo' is present

2021-11-19 16:54:31 - [MESSAGE][INFO] - Finding Test Object 'Object Repository/Olusturma/Genel/Kutular/SiparisBilgileri/SiparisNo'

2021-11-19 16:54:31 - [MESSAGE][INFO] - Checking object

2021-11-19 16:54:31 - [MESSAGE][INFO] - Finding web element from Test Object's properties

2021-11-19 16:54:31 - [MESSAGE][INFO] - Checking timeout

2021-11-19 16:54:31 - [MESSAGE][INFO] - Finding web element with id: 'Object Repository/Olusturma/Genel/Kutular/SiparisBilgileri/SiparisNo' located by 'By.xpath: //*[@id = 'txtSiparisNo_I']' in '10' second(s)

2021-11-19 16:54:31 - [MESSAGE][INFO] - Smart Wait Function is triggered

2021-11-19 16:54:32 - [MESSAGE][INFO] - Found 1 web elements with id: 'Object Repository/Olusturma/Genel/Kutular/SiparisBilgileri/SiparisNo' located by 'By.xpath: //*[@id = 'txtSiparisNo_I']' in '10' second(s)

2021-11-19 16:54:32 - [MESSAGE][PASSED] - Object 'Object Repository/Olusturma/Genel/Kutular/SiparisBilgileri/SiparisNo' is present

2021-11-19 16:54:32 - [TEST_STEP][PASSED] - clearText(findTestObject("Object Repository/Olusturma/Genel/Kutular/SiparisBilgileri/SiparisNo")): Text of object 'Object Repository/Olusturma/Genel/Kutular/SiparisBilgileri/SiparisNo' is cleared

2021-11-19 16:54:32 - [MESSAGE][INFO] - Finding Test Object 'Object Repository/Olusturma/Genel/Kutular/SiparisBilgileri/SiparisNo'

2021-11-19 16:54:32 - [MESSAGE][INFO] - Checking object

2021-11-19 16:54:32 - [MESSAGE][INFO] - Finding web element from Test Object's properties

2021-11-19 16:54:32 - [MESSAGE][INFO] - Checking timeout

2021-11-19 16:54:32 - [MESSAGE][INFO] - Finding web element with id: 'Object Repository/Olusturma/Genel/Kutular/SiparisBilgileri/SiparisNo' located by 'By.xpath: //*[@id = 'txtSiparisNo_I']' in '30' second(s)

2021-11-19 16:54:32 - [MESSAGE][INFO] - Smart Wait Function is triggered

2021-11-19 16:54:32 - [MESSAGE][INFO] - Found 1 web elements with id: 'Object Repository/Olusturma/Genel/Kutular/SiparisBilgileri/SiparisNo' located by 'By.xpath: //*[@id = 'txtSiparisNo_I']' in '30' second(s)

2021-11-19 16:54:32 - [MESSAGE][INFO] - Clearing text of object 'Object Repository/Olusturma/Genel/Kutular/SiparisBilgileri/SiparisNo'

2021-11-19 16:54:32 - [MESSAGE][PASSED] - Text of object 'Object Repository/Olusturma/Genel/Kutular/SiparisBilgileri/SiparisNo' is cleared

2021-11-19 16:54:32 - [TEST_STEP][PASSED] - sendKeys(findTestObject("Object Repository/Olusturma/Genel/Kutular/SiparisBilgileri/SiparisNo"), SiparisNo): Keys 'UUC-SAT-1200001' sent to object: 'Object Repository/Olusturma/Genel/Kutular/SiparisBilgileri/SiparisNo'

2021-11-19 16:54:32 - [MESSAGE][INFO] - Finding Test Object 'Object Repository/Olusturma/Genel/Kutular/SiparisBilgileri/SiparisNo'

2021-11-19 16:54:32 - [MESSAGE][INFO] - Sending keys 'UUC-SAT-1200001' to object: 'Object Repository/Olusturma/Genel/Kutular/SiparisBilgileri/SiparisNo'

2021-11-19 16:54:32 - [MESSAGE][INFO] - Finding web element from Test Object's properties

2021-11-19 16:54:32 - [MESSAGE][INFO] - Checking timeout

2021-11-19 16:54:32 - [MESSAGE][INFO] - Finding web element with id: 'Object Repository/Olusturma/Genel/Kutular/SiparisBilgileri/SiparisNo' located by 'By.xpath: //*[@id = 'txtSiparisNo_I']' in '30' second(s)

2021-11-19 16:54:32 - [MESSAGE][INFO] - Smart Wait Function is triggered

2021-11-19 16:54:32 - [MESSAGE][INFO] - Found 1 web elements with id: 'Object Repository/Olusturma/Genel/Kutular/SiparisBilgileri/SiparisNo' located by 'By.xpath: //*[@id = 'txtSiparisNo_I']' in '30' second(s)

2021-11-19 16:54:32 - [MESSAGE][PASSED] - Keys 'UUC-SAT-1200001' sent to object: 'Object Repository/Olusturma/Genel/Kutular/SiparisBilgileri/SiparisNo'

2021-11-19 16:54:32 - [TEST_STEP][PASSED] - waitForElementClickable(findTestObject("Object Repository/Olusturma/Genel/Kutular/SiparisBilgileri/SiparisTarihiImage"), 10): Object 'Object Repository/Olusturma/Genel/Kutular/SiparisBilgileri/SiparisTarihiImage' is clickable

2021-11-19 16:54:32 - [MESSAGE][INFO] - Finding Test Object 'Object Repository/Olusturma/Genel/Kutular/SiparisBilgileri/SiparisTarihiImage'

2021-11-19 16:54:33 - [MESSAGE][INFO] - Checking object

2021-11-19 16:54:33 - [MESSAGE][INFO] - Checking timeout

2021-11-19 16:54:33 - [MESSAGE][INFO] - Finding web element from Test Object's properties

2021-11-19 16:54:33 - [MESSAGE][INFO] - Checking timeout

2021-11-19 16:54:33 - [MESSAGE][INFO] - Finding web element with id: 'Object Repository/Olusturma/Genel/Kutular/SiparisBilgileri/SiparisTarihiImage' located by 'By.cssSelector: #dateSiparisTarih img' in '10' second(s)

2021-11-19 16:54:33 - [MESSAGE][INFO] - Smart Wait Function is triggered

2021-11-19 16:54:33 - [MESSAGE][INFO] - Found 1 web elements with id: 'Object Repository/Olusturma/Genel/Kutular/SiparisBilgileri/SiparisTarihiImage' located by 'By.cssSelector: #dateSiparisTarih img' in '10' second(s)

2021-11-19 16:54:33 - [MESSAGE][PASSED] - Object 'Object Repository/Olusturma/Genel/Kutular/SiparisBilgileri/SiparisTarihiImage' is clickable

2021-11-19 16:54:33 - [TEST_STEP][PASSED] - click(findTestObject("Object Repository/Olusturma/Genel/Kutular/SiparisBilgileri/SiparisTarihiImage")): Object: 'Object Repository/Olusturma/Genel/Kutular/SiparisBilgileri/SiparisTarihiImage' is clicked on

2021-11-19 16:54:33 - [MESSAGE][INFO] - Finding Test Object 'Object Repository/Olusturma/Genel/Kutular/SiparisBilgileri/SiparisTarihiImage'

2021-11-19 16:54:33 - [MESSAGE][INFO] - Checking object

2021-11-19 16:54:33 - [MESSAGE][INFO] - Finding web element from Test Object's properties

2021-11-19 16:54:33 - [MESSAGE][INFO] - Checking timeout

2021-11-19 16:54:33 - [MESSAGE][INFO] - Finding web element with id: 'Object Repository/Olusturma/Genel/Kutular/SiparisBilgileri/SiparisTarihiImage' located by 'By.cssSelector: #dateSiparisTarih img' in '30' second(s)

2021-11-19 16:54:33 - [MESSAGE][INFO] - Smart Wait Function is triggered

2021-11-19 16:54:33 - [MESSAGE][INFO] - Found 1 web elements with id: 'Object Repository/Olusturma/Genel/Kutular/SiparisBilgileri/SiparisTarihiImage' located by 'By.cssSelector: #dateSiparisTarih img' in '30' second(s)

2021-11-19 16:54:33 - [MESSAGE][INFO] - Clicking on object: 'Object Repository/Olusturma/Genel/Kutular/SiparisBilgileri/SiparisTarihiImage'

2021-11-19 16:54:33 - [MESSAGE][PASSED] - Object: 'Object Repository/Olusturma/Genel/Kutular/SiparisBilgileri/SiparisTarihiImage' is clicked on

2021-11-19 16:54:33 - [TEST_STEP][PASSED] - waitForElementPresent(findTestObject("Object Repository/Olusturma/Genel/Kutular/SiparisBilgileri/SiparisTarihi"), 10): Object 'Object Repository/Olusturma/Genel/Kutular/SiparisBilgileri/SiparisTarihi' is present

2021-11-19 16:54:33 - [MESSAGE][INFO] - Finding Test Object 'Object Repository/Olusturma/Genel/Kutular/SiparisBilgileri/SiparisTarihi'

2021-11-19 16:54:33 - [MESSAGE][INFO] - Checking object

2021-11-19 16:54:33 - [MESSAGE][INFO] - Finding web element from Test Object's properties

2021-11-19 16:54:33 - [MESSAGE][INFO] - Checking timeout

2021-11-19 16:54:33 - [MESSAGE][INFO] - Finding web element with id: 'Object Repository/Olusturma/Genel/Kutular/SiparisBilgileri/SiparisTarihi' located by 'By.xpath: //*[@id = 'dateSiparisTarih_I']' in '10' second(s)

2021-11-19 16:54:33 - [MESSAGE][INFO] - Smart Wait Function is triggered

2021-11-19 16:54:34 - [MESSAGE][INFO] - Found 1 web elements with id: 'Object Repository/Olusturma/Genel/Kutular/SiparisBilgileri/SiparisTarihi' located by 'By.xpath: //*[@id = 'dateSiparisTarih_I']' in '10' second(s)

2021-11-19 16:54:34 - [MESSAGE][PASSED] - Object 'Object Repository/Olusturma/Genel/Kutular/SiparisBilgileri/SiparisTarihi' is present

2021-11-19 16:54:34 - [TEST_STEP][PASSED] - clearText(findTestObject("Object Repository/Olusturma/Genel/Kutular/SiparisBilgileri/SiparisTarihi")): Text of object 'Object Repository/Olusturma/Genel/Kutular/SiparisBilgileri/SiparisTarihi' is cleared

2021-11-19 16:54:34 - [MESSAGE][INFO] - Finding Test Object 'Object Repository/Olusturma/Genel/Kutular/SiparisBilgileri/SiparisTarihi'

2021-11-19 16:54:34 - [MESSAGE][INFO] - Checking object

2021-11-19 16:54:34 - [MESSAGE][INFO] - Finding web element from Test Object's properties

2021-11-19 16:54:34 - [MESSAGE][INFO] - Checking timeout

2021-11-19 16:54:34 - [MESSAGE][INFO] - Finding web element with id: 'Object Repository/Olusturma/Genel/Kutular/SiparisBilgileri/SiparisTarihi' located by 'By.xpath: //*[@id = 'dateSiparisTarih_I']' in '30' second(s)

2021-11-19 16:54:34 - [MESSAGE][INFO] - Smart Wait Function is triggered

2021-11-19 16:54:34 - [MESSAGE][INFO] - Found 1 web elements with id: 'Object Repository/Olusturma/Genel/Kutular/SiparisBilgileri/SiparisTarihi' located by 'By.xpath: //*[@id = 'dateSiparisTarih_I']' in '30' second(s)

2021-11-19 16:54:34 - [MESSAGE][INFO] - Clearing text of object 'Object Repository/Olusturma/Genel/Kutular/SiparisBilgileri/SiparisTarihi'

2021-11-19 16:54:34 - [MESSAGE][PASSED] - Text of object 'Object Repository/Olusturma/Genel/Kutular/SiparisBilgileri/SiparisTarihi' is cleared

2021-11-19 16:54:34 - [TEST_STEP][PASSED] - sendKeys(findTestObject("Object Repository/Olusturma/Genel/Kutular/SiparisBilgileri/SiparisTarihi"), Tarih): Keys '31.04.2020' sent to object: 'Object Repository/Olusturma/Genel/Kutular/SiparisBilgileri/SiparisTarihi'

2021-11-19 16:54:34 - [MESSAGE][INFO] - Finding Test Object 'Object Repository/Olusturma/Genel/Kutular/SiparisBilgileri/SiparisTarihi'

2021-11-19 16:54:34 - [MESSAGE][INFO] - Sending keys '31.04.2020' to object: 'Object Repository/Olusturma/Genel/Kutular/SiparisBilgileri/SiparisTarihi'

2021-11-19 16:54:34 - [MESSAGE][INFO] - Finding web element from Test Object's properties

2021-11-19 16:54:34 - [MESSAGE][INFO] - Checking timeout

2021-11-19 16:54:34 - [MESSAGE][INFO] - Finding web element with id: 'Object Repository/Olusturma/Genel/Kutular/SiparisBilgileri/SiparisTarihi' located by 'By.xpath: //*[@id = 'dateSiparisTarih_I']' in '30' second(s)

2021-11-19 16:54:34 - [MESSAGE][INFO] - Smart Wait Function is triggered

2021-11-19 16:54:35 - [MESSAGE][INFO] - Found 1 web elements with id: 'Object Repository/Olusturma/Genel/Kutular/SiparisBilgileri/SiparisTarihi' located by 'By.xpath: //*[@id = 'dateSiparisTarih_I']' in '30' second(s)

2021-11-19 16:54:35 - [MESSAGE][PASSED] - Keys '31.04.2020' sent to object: 'Object Repository/Olusturma/Genel/Kutular/SiparisBilgileri/SiparisTarihi'

2021-11-19 16:54:35 - [MESSAGE][PASSED] - Call Test Case 'Test Cases/Olusturma/Genel/Kutular/SiparisBilgileriGirilir' successfully

2021-11-19 16:54:35 - [MESSAGE][INFO] - Checking called Test Case

2021-11-19 16:54:35 - [MESSAGE][INFO] - Starting to call Test Case 'Test Cases/Olusturma/Genel/Kutular/IrsaliyeBilgileri'

2021-11-19 16:54:35 - [TEST_CASE][PASSED] - Test Cases/Olusturma/Genel/Kutular/IrsaliyeBilgileri: Test Cases/Olusturma/Genel/Kutular/IrsaliyeBilgileri

2021-11-19 16:54:35 - [TEST_STEP][PASSED] - Method.TextDegerineEsitElementeTikla(findTestObject("Olusturma/Genel/Kutular/KapaliKutular"), "İrsaliye Bilgileri"): Method.TextDegerineEsitElementeTikla is PASSED

2021-11-19 16:54:35 - [MESSAGE][INFO] - Finding Test Object 'Object Repository/Olusturma/Genel/Kutular/KapaliKutular'

2021-11-19 16:54:35 - [MESSAGE][INFO] - Checking timeout

2021-11-19 16:54:35 - [MESSAGE][INFO] - Finding web element with id: 'Object Repository/Olusturma/Genel/Kutular/KapaliKutular' located by 'By.cssSelector: .dxnb-headerCollapsed>span' in '10' second(s)

2021-11-19 16:54:35 - [MESSAGE][INFO] - Smart Wait Function is triggered

2021-11-19 16:54:35 - [MESSAGE][INFO] - Found 8 web elements with id: 'Object Repository/Olusturma/Genel/Kutular/KapaliKutular' located by 'By.cssSelector: .dxnb-headerCollapsed>span' in '10' second(s)

2021-11-19 16:54:35 - [MESSAGE][PASSED] - Method.TextDegerineEsitElementeTikla is PASSED

2021-11-19 16:54:35 - [TEST_STEP][PASSED] - waitForElementClickable(findTestObject("Olusturma/Genel/Kutular/IrsaliyeBilgileri/Ekle"), 10): Object 'Object Repository/Olusturma/Genel/Kutular/IrsaliyeBilgileri/Ekle' is clickable

2021-11-19 16:54:35 - [MESSAGE][INFO] - Finding Test Object 'Object Repository/Olusturma/Genel/Kutular/IrsaliyeBilgileri/Ekle'

2021-11-19 16:54:35 - [MESSAGE][INFO] - Checking object

2021-11-19 16:54:35 - [MESSAGE][INFO] - Checking timeout

2021-11-19 16:54:35 - [MESSAGE][INFO] - Finding web element from Test Object's properties

2021-11-19 16:54:35 - [MESSAGE][INFO] - Checking timeout

2021-11-19 16:54:35 - [MESSAGE][INFO] - Finding web element with id: 'Object Repository/Olusturma/Genel/Kutular/IrsaliyeBilgileri/Ekle' located by 'By.xpath: //*[@id = 'DXEditorgvUserInvoiceBillsNewRowBtn']' in '10' second(s)

2021-11-19 16:54:35 - [MESSAGE][INFO] - Smart Wait Function is triggered

2021-11-19 16:54:36 - [MESSAGE][INFO] - Found 1 web elements with id: 'Object Repository/Olusturma/Genel/Kutular/IrsaliyeBilgileri/Ekle' located by 'By.xpath: //*[@id = 'DXEditorgvUserInvoiceBillsNewRowBtn']' in '10' second(s)

2021-11-19 16:54:36 - [MESSAGE][PASSED] - Object 'Object Repository/Olusturma/Genel/Kutular/IrsaliyeBilgileri/Ekle' is clickable

2021-11-19 16:54:36 - [TEST_STEP][PASSED] - click(findTestObject("Olusturma/Genel/Kutular/IrsaliyeBilgileri/Ekle")): Object: 'Object Repository/Olusturma/Genel/Kutular/IrsaliyeBilgileri/Ekle' is clicked on

2021-11-19 16:54:36 - [MESSAGE][INFO] - Finding Test Object 'Object Repository/Olusturma/Genel/Kutular/IrsaliyeBilgileri/Ekle'

2021-11-19 16:54:36 - [MESSAGE][INFO] - Checking object

2021-11-19 16:54:36 - [MESSAGE][INFO] - Finding web element from Test Object's properties

2021-11-19 16:54:36 - [MESSAGE][INFO] - Checking timeout

2021-11-19 16:54:36 - [MESSAGE][INFO] - Finding web element with id: 'Object Repository/Olusturma/Genel/Kutular/IrsaliyeBilgileri/Ekle' located by 'By.xpath: //*[@id = 'DXEditorgvUserInvoiceBillsNewRowBtn']' in '30' second(s)

2021-11-19 16:54:36 - [MESSAGE][INFO] - Smart Wait Function is triggered

2021-11-19 16:54:36 - [MESSAGE][INFO] - Found 1 web elements with id: 'Object Repository/Olusturma/Genel/Kutular/IrsaliyeBilgileri/Ekle' located by 'By.xpath: //*[@id = 'DXEditorgvUserInvoiceBillsNewRowBtn']' in '30' second(s)

2021-11-19 16:54:36 - [MESSAGE][INFO] - Clicking on object: 'Object Repository/Olusturma/Genel/Kutular/IrsaliyeBilgileri/Ekle'

2021-11-19 16:54:36 - [MESSAGE][PASSED] - Object: 'Object Repository/Olusturma/Genel/Kutular/IrsaliyeBilgileri/Ekle' is clicked on

2021-11-19 16:54:36 - [TEST_STEP][PASSED] - waitForElementPresent(findTestObject("Object Repository/Olusturma/Genel/Kutular/IrsaliyeBilgileri/IrsaliyeNumarasi"), 10): Object 'Object Repository/Olusturma/Genel/Kutular/IrsaliyeBilgileri/IrsaliyeNumarasi' is present

2021-11-19 16:54:36 - [MESSAGE][INFO] - Finding Test Object 'Object Repository/Olusturma/Genel/Kutular/IrsaliyeBilgileri/IrsaliyeNumarasi'

2021-11-19 16:54:36 - [MESSAGE][INFO] - Checking object

2021-11-19 16:54:36 - [MESSAGE][INFO] - Finding web element from Test Object's properties

2021-11-19 16:54:36 - [MESSAGE][INFO] - Checking timeout

2021-11-19 16:54:36 - [MESSAGE][INFO] - Finding web element with id: 'Object Repository/Olusturma/Genel/Kutular/IrsaliyeBilgileri/IrsaliyeNumarasi' located by 'By.xpath: //*[@id = 'gvUserInvoiceBills_DXEditor1_I']' in '10' second(s)

2021-11-19 16:54:36 - [MESSAGE][INFO] - Smart Wait Function is triggered

2021-11-19 16:54:37 - [MESSAGE][INFO] - Smart Wait Function is triggered

2021-11-19 16:54:38 - [MESSAGE][INFO] - Found 1 web elements with id: 'Object Repository/Olusturma/Genel/Kutular/IrsaliyeBilgileri/IrsaliyeNumarasi' located by 'By.xpath: //*[@id = 'gvUserInvoiceBills_DXEditor1_I']' in '10' second(s)

2021-11-19 16:54:38 - [MESSAGE][PASSED] - Object 'Object Repository/Olusturma/Genel/Kutular/IrsaliyeBilgileri/IrsaliyeNumarasi' is present

2021-11-19 16:54:38 - [TEST_STEP][PASSED] - clearText(findTestObject("Object Repository/Olusturma/Genel/Kutular/IrsaliyeBilgileri/IrsaliyeNumarasi")): Text of object 'Object Repository/Olusturma/Genel/Kutular/IrsaliyeBilgileri/IrsaliyeNumarasi' is cleared

2021-11-19 16:54:38 - [MESSAGE][INFO] - Finding Test Object 'Object Repository/Olusturma/Genel/Kutular/IrsaliyeBilgileri/IrsaliyeNumarasi'

2021-11-19 16:54:38 - [MESSAGE][INFO] - Checking object

2021-11-19 16:54:38 - [MESSAGE][INFO] - Finding web element from Test Object's properties

2021-11-19 16:54:38 - [MESSAGE][INFO] - Checking timeout

2021-11-19 16:54:38 - [MESSAGE][INFO] - Finding web element with id: 'Object Repository/Olusturma/Genel/Kutular/IrsaliyeBilgileri/IrsaliyeNumarasi' located by 'By.xpath: //*[@id = 'gvUserInvoiceBills_DXEditor1_I']' in '30' second(s)

2021-11-19 16:54:38 - [MESSAGE][INFO] - Smart Wait Function is triggered

2021-11-19 16:54:38 - [MESSAGE][INFO] - Found 1 web elements with id: 'Object Repository/Olusturma/Genel/Kutular/IrsaliyeBilgileri/IrsaliyeNumarasi' located by 'By.xpath: //*[@id = 'gvUserInvoiceBills_DXEditor1_I']' in '30' second(s)

2021-11-19 16:54:38 - [MESSAGE][INFO] - Clearing text of object 'Object Repository/Olusturma/Genel/Kutular/IrsaliyeBilgileri/IrsaliyeNumarasi'

2021-11-19 16:54:38 - [MESSAGE][PASSED] - Text of object 'Object Repository/Olusturma/Genel/Kutular/IrsaliyeBilgileri/IrsaliyeNumarasi' is cleared

2021-11-19 16:54:38 - [TEST_STEP][PASSED] - sendKeys(findTestObject("Object Repository/Olusturma/Genel/Kutular/IrsaliyeBilgileri/IrsaliyeNumarasi"), Numara): Keys 'AAAAAAAAAA' sent to object: 'Object Repository/Olusturma/Genel/Kutular/IrsaliyeBilgileri/IrsaliyeNumarasi'

2021-11-19 16:54:38 - [MESSAGE][INFO] - Finding Test Object 'Object Repository/Olusturma/Genel/Kutular/IrsaliyeBilgileri/IrsaliyeNumarasi'

2021-11-19 16:54:38 - [MESSAGE][INFO] - Sending keys 'AAAAAAAAAA' to object: 'Object Repository/Olusturma/Genel/Kutular/IrsaliyeBilgileri/IrsaliyeNumarasi'

2021-11-19 16:54:38 - [MESSAGE][INFO] - Finding web element from Test Object's properties

2021-11-19 16:54:38 - [MESSAGE][INFO] - Checking timeout

2021-11-19 16:54:38 - [MESSAGE][INFO] - Finding web element with id: 'Object Repository/Olusturma/Genel/Kutular/IrsaliyeBilgileri/IrsaliyeNumarasi' located by 'By.xpath: //*[@id = 'gvUserInvoiceBills_DXEditor1_I']' in '30' second(s)

2021-11-19 16:54:38 - [MESSAGE][INFO] - Smart Wait Function is triggered

2021-11-19 16:54:38 - [MESSAGE][INFO] - Found 1 web elements with id: 'Object Repository/Olusturma/Genel/Kutular/IrsaliyeBilgileri/IrsaliyeNumarasi' located by 'By.xpath: //*[@id = 'gvUserInvoiceBills_DXEditor1_I']' in '30' second(s)

2021-11-19 16:54:38 - [MESSAGE][PASSED] - Keys 'AAAAAAAAAA' sent to object: 'Object Repository/Olusturma/Genel/Kutular/IrsaliyeBilgileri/IrsaliyeNumarasi'

2021-11-19 16:54:38 - [TEST_STEP][PASSED] - waitForElementClickable(findTestObject("Object Repository/Olusturma/Genel/Kutular/IrsaliyeBilgileri/IrsaliyeTarihi"), 10): Object 'Object Repository/Olusturma/Genel/Kutular/IrsaliyeBilgileri/IrsaliyeTarihi' is clickable

2021-11-19 16:54:38 - [MESSAGE][INFO] - Finding Test Object 'Object Repository/Olusturma/Genel/Kutular/IrsaliyeBilgileri/IrsaliyeTarihi'

2021-11-19 16:54:39 - [MESSAGE][INFO] - Checking object

2021-11-19 16:54:39 - [MESSAGE][INFO] - Checking timeout

2021-11-19 16:54:39 - [MESSAGE][INFO] - Finding web element from Test Object's properties

2021-11-19 16:54:39 - [MESSAGE][INFO] - Checking timeout

2021-11-19 16:54:39 - [MESSAGE][INFO] - Finding web element with id: 'Object Repository/Olusturma/Genel/Kutular/IrsaliyeBilgileri/IrsaliyeTarihi' located by 'By.xpath: //*[@id = 'gvUserInvoiceBills_DXEditor2_I']' in '10' second(s)

2021-11-19 16:54:39 - [MESSAGE][INFO] - Smart Wait Function is triggered

2021-11-19 16:54:39 - [MESSAGE][INFO] - Found 1 web elements with id: 'Object Repository/Olusturma/Genel/Kutular/IrsaliyeBilgileri/IrsaliyeTarihi' located by 'By.xpath: //*[@id = 'gvUserInvoiceBills_DXEditor2_I']' in '10' second(s)

2021-11-19 16:54:39 - [MESSAGE][PASSED] - Object 'Object Repository/Olusturma/Genel/Kutular/IrsaliyeBilgileri/IrsaliyeTarihi' is clickable

2021-11-19 16:54:39 - [TEST_STEP][PASSED] - click(findTestObject("Object Repository/Olusturma/Genel/Kutular/IrsaliyeBilgileri/IrsaliyeTarihi")): Object: 'Object Repository/Olusturma/Genel/Kutular/IrsaliyeBilgileri/IrsaliyeTarihi' is clicked on

2021-11-19 16:54:39 - [MESSAGE][INFO] - Finding Test Object 'Object Repository/Olusturma/Genel/Kutular/IrsaliyeBilgileri/IrsaliyeTarihi'

2021-11-19 16:54:39 - [MESSAGE][INFO] - Checking object

2021-11-19 16:54:39 - [MESSAGE][INFO] - Finding web element from Test Object's properties

2021-11-19 16:54:39 - [MESSAGE][INFO] - Checking timeout

2021-11-19 16:54:39 - [MESSAGE][INFO] - Finding web element with id: 'Object Repository/Olusturma/Genel/Kutular/IrsaliyeBilgileri/IrsaliyeTarihi' located by 'By.xpath: //*[@id = 'gvUserInvoiceBills_DXEditor2_I']' in '30' second(s)

2021-11-19 16:54:39 - [MESSAGE][INFO] - Smart Wait Function is triggered

2021-11-19 16:54:39 - [MESSAGE][INFO] - Found 1 web elements with id: 'Object Repository/Olusturma/Genel/Kutular/IrsaliyeBilgileri/IrsaliyeTarihi' located by 'By.xpath: //*[@id = 'gvUserInvoiceBills_DXEditor2_I']' in '30' second(s)

2021-11-19 16:54:39 - [MESSAGE][INFO] - Clicking on object: 'Object Repository/Olusturma/Genel/Kutular/IrsaliyeBilgileri/IrsaliyeTarihi'

2021-11-19 16:54:39 - [MESSAGE][PASSED] - Object: 'Object Repository/Olusturma/Genel/Kutular/IrsaliyeBilgileri/IrsaliyeTarihi' is clicked on

2021-11-19 16:54:39 - [TEST_STEP][PASSED] - sendKeys(findTestObject("Object Repository/Olusturma/Genel/Kutular/IrsaliyeBilgileri/IrsaliyeTarihi"), Tarih): Keys '31.04.2020' sent to object: 'Object Repository/Olusturma/Genel/Kutular/IrsaliyeBilgileri/IrsaliyeTarihi'

2021-11-19 16:54:39 - [MESSAGE][INFO] - Finding Test Object 'Object Repository/Olusturma/Genel/Kutular/IrsaliyeBilgileri/IrsaliyeTarihi'

2021-11-19 16:54:39 - [MESSAGE][INFO] - Sending keys '31.04.2020' to object: 'Object Repository/Olusturma/Genel/Kutular/IrsaliyeBilgileri/IrsaliyeTarihi'

2021-11-19 16:54:39 - [MESSAGE][INFO] - Finding web element from Test Object's properties

2021-11-19 16:54:39 - [MESSAGE][INFO] - Checking timeout

2021-11-19 16:54:39 - [MESSAGE][INFO] - Finding web element with id: 'Object Repository/Olusturma/Genel/Kutular/IrsaliyeBilgileri/IrsaliyeTarihi' located by 'By.xpath: //*[@id = 'gvUserInvoiceBills_DXEditor2_I']' in '30' second(s)

2021-11-19 16:54:39 - [MESSAGE][INFO] - Smart Wait Function is triggered

2021-11-19 16:54:40 - [MESSAGE][INFO] - Found 1 web elements with id: 'Object Repository/Olusturma/Genel/Kutular/IrsaliyeBilgileri/IrsaliyeTarihi' located by 'By.xpath: //*[@id = 'gvUserInvoiceBills_DXEditor2_I']' in '30' second(s)

2021-11-19 16:54:40 - [MESSAGE][PASSED] - Keys '31.04.2020' sent to object: 'Object Repository/Olusturma/Genel/Kutular/IrsaliyeBilgileri/IrsaliyeTarihi'

2021-11-19 16:54:40 - [MESSAGE][PASSED] - Call Test Case 'Test Cases/Olusturma/Genel/Kutular/IrsaliyeBilgileri' successfully

2021-11-19 16:54:40 - [MESSAGE][INFO] - Checking called Test Case

2021-11-19 16:54:40 - [MESSAGE][INFO] - Starting to call Test Case 'Test Cases/Olusturma/Genel/EkleButonunaBasilir'

2021-11-19 16:54:40 - [TEST_CASE][PASSED] - Test Cases/Olusturma/Genel/EkleButonunaBasilir: Test Cases/Olusturma/Genel/EkleButonunaBasilir

2021-11-19 16:54:40 - [TEST_STEP][PASSED] - waitForElementClickable(findTestObject("Object Repository/Olusturma/Genel/Olusturma/Ekle"), 10): Object 'Object Repository/Olusturma/Genel/Olusturma/Ekle' is clickable

2021-11-19 16:54:40 - [MESSAGE][INFO] - Finding Test Object 'Object Repository/Olusturma/Genel/Olusturma/Ekle'

2021-11-19 16:54:40 - [MESSAGE][INFO] - Checking object

2021-11-19 16:54:40 - [MESSAGE][INFO] - Checking timeout

2021-11-19 16:54:40 - [MESSAGE][INFO] - Finding web element from Test Object's properties

2021-11-19 16:54:40 - [MESSAGE][INFO] - Checking timeout

2021-11-19 16:54:40 - [MESSAGE][INFO] - Finding web element with id: 'Object Repository/Olusturma/Genel/Olusturma/Ekle' located by 'By.cssSelector: #divmalhizmet i.fa.fa-plus.fa-lg.text-muted' in '10' second(s)

2021-11-19 16:54:40 - [MESSAGE][INFO] - Smart Wait Function is triggered

2021-11-19 16:54:40 - [MESSAGE][INFO] - Found 1 web elements with id: 'Object Repository/Olusturma/Genel/Olusturma/Ekle' located by 'By.cssSelector: #divmalhizmet i.fa.fa-plus.fa-lg.text-muted' in '10' second(s)

2021-11-19 16:54:40 - [MESSAGE][PASSED] - Object 'Object Repository/Olusturma/Genel/Olusturma/Ekle' is clickable

2021-11-19 16:54:40 - [TEST_STEP][PASSED] - click(findTestObject("Object Repository/Olusturma/Genel/Olusturma/Ekle")): Object: 'Object Repository/Olusturma/Genel/Olusturma/Ekle' is clicked on

2021-11-19 16:54:40 - [MESSAGE][INFO] - Finding Test Object 'Object Repository/Olusturma/Genel/Olusturma/Ekle'

2021-11-19 16:54:41 - [MESSAGE][INFO] - Checking object

2021-11-19 16:54:41 - [MESSAGE][INFO] - Finding web element from Test Object's properties

2021-11-19 16:54:41 - [MESSAGE][INFO] - Checking timeout

2021-11-19 16:54:41 - [MESSAGE][INFO] - Finding web element with id: 'Object Repository/Olusturma/Genel/Olusturma/Ekle' located by 'By.cssSelector: #divmalhizmet i.fa.fa-plus.fa-lg.text-muted' in '30' second(s)

2021-11-19 16:54:41 - [MESSAGE][INFO] - Smart Wait Function is triggered

2021-11-19 16:54:41 - [MESSAGE][INFO] - Found 1 web elements with id: 'Object Repository/Olusturma/Genel/Olusturma/Ekle' located by 'By.cssSelector: #divmalhizmet i.fa.fa-plus.fa-lg.text-muted' in '30' second(s)

2021-11-19 16:54:41 - [MESSAGE][INFO] - Clicking on object: 'Object Repository/Olusturma/Genel/Olusturma/Ekle'

2021-11-19 16:54:41 - [MESSAGE][PASSED] - Object: 'Object Repository/Olusturma/Genel/Olusturma/Ekle' is clicked on

2021-11-19 16:54:41 - [TEST_STEP][PASSED] - waitForElementClickable(findTestObject("Olusturma/Genel/Olusturma/EklenenSatirCarpiImage"), 10): Object 'Object Repository/Olusturma/Genel/Olusturma/EklenenSatirCarpiImage' is clickable

2021-11-19 16:54:41 - [MESSAGE][INFO] - Finding Test Object 'Object Repository/Olusturma/Genel/Olusturma/EklenenSatirCarpiImage'

2021-11-19 16:54:41 - [MESSAGE][INFO] - Checking object

2021-11-19 16:54:41 - [MESSAGE][INFO] - Checking timeout

2021-11-19 16:54:41 - [MESSAGE][INFO] - Finding web element from Test Object's properties

2021-11-19 16:54:41 - [MESSAGE][INFO] - Checking timeout

2021-11-19 16:54:41 - [MESSAGE][INFO] - Finding web element with id: 'Object Repository/Olusturma/Genel/Olusturma/EklenenSatirCarpiImage' located by 'By.cssSelector: .fa.fa-times.fa-lg.text-primary' in '10' second(s)

2021-11-19 16:54:41 - [MESSAGE][INFO] - Smart Wait Function is triggered

2021-11-19 16:54:41 - [MESSAGE][INFO] - Found 1 web elements with id: 'Object Repository/Olusturma/Genel/Olusturma/EklenenSatirCarpiImage' located by 'By.cssSelector: .fa.fa-times.fa-lg.text-primary' in '10' second(s)

2021-11-19 16:54:41 - [MESSAGE][PASSED] - Object 'Object Repository/Olusturma/Genel/Olusturma/EklenenSatirCarpiImage' is clickable

2021-11-19 16:54:41 - [MESSAGE][PASSED] - Call Test Case 'Test Cases/Olusturma/Genel/EkleButonunaBasilir' successfully

2021-11-19 16:54:41 - [MESSAGE][INFO] - Checking called Test Case

2021-11-19 16:54:41 - [MESSAGE][INFO] - Starting to call Test Case 'Test Cases/Olusturma/Genel/Olusturma'

2021-11-19 16:54:41 - [TEST_CASE][PASSED] - Test Cases/Olusturma/Genel/Olusturma: Test Cases/Olusturma/Genel/Olusturma

2021-11-19 16:54:41 - [TEST_STEP][PASSED] - driver = getWebDriver(): null

2021-11-19 16:54:41 - [TEST_STEP][PASSED] - action = new org.openqa.selenium.interactions.Actions(driver): null

2021-11-19 16:54:41 - [TEST_STEP][PASSED] - baslikElement = <not implemented yet for class: org.codehaus.groovy.ast.expr.EmptyExpression>: null

2021-11-19 16:54:41 - [TEST_STEP][PASSED] - sonElement = <not implemented yet for class: org.codehaus.groovy.ast.expr.EmptyExpression>: null

2021-11-19 16:54:41 - [TEST_STEP][PASSED] - attr = <not implemented yet for class: org.codehaus.groovy.ast.expr.EmptyExpression>: null

2021-11-19 16:54:41 - [TEST_STEP][PASSED] - a = 0: null

2021-11-19 16:54:41 - [TEST_STEP][PASSED] - elements = findWebElements(findTestObject("Object Repository/Olusturma/Genel/Olusturma/TabloBasliklari"), 10): Found 13 web elements with id: 'Object Repository/Olusturma/Genel/Olusturma/TabloBasliklari' located by 'By.cssSelector: div#divmalhizmet .dxgvTable_LECustomTheme td.dxgvHeader_LECustomTheme tr>td:nth-child(1)' in '10' second(s)

2021-11-19 16:54:41 - [MESSAGE][INFO] - Finding Test Object 'Object Repository/Olusturma/Genel/Olusturma/TabloBasliklari'

2021-11-19 16:54:42 - [MESSAGE][INFO] - Checking timeout

2021-11-19 16:54:42 - [MESSAGE][INFO] - Finding web element with id: 'Object Repository/Olusturma/Genel/Olusturma/TabloBasliklari' located by 'By.cssSelector: div#divmalhizmet .dxgvTable_LECustomTheme td.dxgvHeader_LECustomTheme tr>td:nth-child(1)' in '10' second(s)

2021-11-19 16:54:42 - [MESSAGE][INFO] - Smart Wait Function is triggered

2021-11-19 16:54:43 - [MESSAGE][INFO] - Found 13 web elements with id: 'Object Repository/Olusturma/Genel/Olusturma/TabloBasliklari' located by 'By.cssSelector: div#divmalhizmet .dxgvTable_LECustomTheme td.dxgvHeader_LECustomTheme tr>td:nth-child(1)' in '10' second(s)

2021-11-19 16:54:43 - [TEST_STEP][PASSED] - for (def element : elements): null

2021-11-19 16:54:43 - [TEST_STEP][PASSED] - build().perform(): null

2021-11-19 16:54:43 - [TEST_STEP][PASSED] - if (getText().equals(Baslik)): null

2021-11-19 16:54:43 - [TEST_STEP][PASSED] - baslikElement = element.findElement(By.xpath("../../../..")): Smart Wait Function is triggered

2021-11-19 16:54:43 - [MESSAGE][INFO] - Smart Wait Function is triggered

2021-11-19 16:54:43 - [TEST_STEP][PASSED] - attr = baslikElement.getAttribute("id"): null

2021-11-19 16:54:43 - [TEST_STEP][PASSED] - println("girdi ve idsini aldı = " + attr): null

2021-11-19 16:54:43 - [TEST_STEP][PASSED] - break: null

2021-11-19 16:54:43 - [TEST_STEP][PASSED] - countElement = baslikElement.findElements(By.xpath("../td")): Smart Wait Function is triggered

2021-11-19 16:54:43 - [MESSAGE][INFO] - Smart Wait Function is triggered

2021-11-19 16:54:43 - [TEST_STEP][PASSED] - for (def element : countElement): null

2021-11-19 16:54:43 - [TEST_STEP][PASSED] - if (toString().equals(attr.toString())): null

2021-11-19 16:54:43 - [TEST_STEP][PASSED] - (a++): null

2021-11-19 16:54:43 - [TEST_STEP][PASSED] - if (toString().equals(attr.toString())): null

2021-11-19 16:54:43 - [TEST_STEP][PASSED] - break: null

2021-11-19 16:54:43 - [TEST_STEP][PASSED] - son = findWebElement(findTestObject("Object Repository/Olusturma/Genel/Olusturma/EklenenSatir")).findElement(By.xpath("td[@class='dxgvInlineEditCell_LECustomTheme dxgv'][" + a + "]//td[@class='dxic']/input")): Smart Wait Function is triggered

2021-11-19 16:54:43 - [MESSAGE][INFO] - Finding Test Object 'Object Repository/Olusturma/Genel/Olusturma/EklenenSatir'

2021-11-19 16:54:43 - [MESSAGE][INFO] - Finding web element from Test Object's properties

2021-11-19 16:54:43 - [MESSAGE][INFO] - Checking timeout

2021-11-19 16:54:43 - [MESSAGE][INFO] - Finding web element with id: 'Object Repository/Olusturma/Genel/Olusturma/EklenenSatir' located by 'By.cssSelector: #divmalhizmet .dxgvInlineEditRow_LECustomTheme' in '30' second(s)

2021-11-19 16:54:43 - [MESSAGE][INFO] - Smart Wait Function is triggered

2021-11-19 16:54:44 - [MESSAGE][INFO] - Found 1 web elements with id: 'Object Repository/Olusturma/Genel/Olusturma/EklenenSatir' located by 'By.cssSelector: #divmalhizmet .dxgvInlineEditRow_LECustomTheme' in '30' second(s)

2021-11-19 16:54:44 - [MESSAGE][INFO] - Smart Wait Function is triggered

2021-11-19 16:54:44 - [TEST_STEP][PASSED] - if (!(getAttribute("value").contains("Vkn"))): null

2021-11-19 16:54:44 - [TEST_STEP][PASSED] - son.clear(): null

2021-11-19 16:54:44 - [TEST_STEP][PASSED] - son.sendKeys(Deger): null

2021-11-19 16:54:44 - [MESSAGE][PASSED] - Call Test Case 'Test Cases/Olusturma/Genel/Olusturma' successfully

2021-11-19 16:54:44 - [MESSAGE][INFO] - Checking called Test Case

2021-11-19 16:54:44 - [MESSAGE][INFO] - Starting to call Test Case 'Test Cases/Olusturma/Genel/Olusturma'

2021-11-19 16:54:44 - [TEST_CASE][PASSED] - Test Cases/Olusturma/Genel/Olusturma: Test Cases/Olusturma/Genel/Olusturma

2021-11-19 16:54:44 - [TEST_STEP][PASSED] - driver = getWebDriver(): null

2021-11-19 16:54:44 - [TEST_STEP][PASSED] - action = new org.openqa.selenium.interactions.Actions(driver): null

2021-11-19 16:54:44 - [TEST_STEP][PASSED] - baslikElement = <not implemented yet for class: org.codehaus.groovy.ast.expr.EmptyExpression>: null

2021-11-19 16:54:44 - [TEST_STEP][PASSED] - sonElement = <not implemented yet for class: org.codehaus.groovy.ast.expr.EmptyExpression>: null

2021-11-19 16:54:44 - [TEST_STEP][PASSED] - attr = <not implemented yet for class: org.codehaus.groovy.ast.expr.EmptyExpression>: null

2021-11-19 16:54:44 - [TEST_STEP][PASSED] - a = 0: null

2021-11-19 16:54:44 - [TEST_STEP][PASSED] - elements = findWebElements(findTestObject("Object Repository/Olusturma/Genel/Olusturma/TabloBasliklari"), 10): Found 13 web elements with id: 'Object Repository/Olusturma/Genel/Olusturma/TabloBasliklari' located by 'By.cssSelector: div#divmalhizmet .dxgvTable_LECustomTheme td.dxgvHeader_LECustomTheme tr>td:nth-child(1)' in '10' second(s)

2021-11-19 16:54:44 - [MESSAGE][INFO] - Finding Test Object 'Object Repository/Olusturma/Genel/Olusturma/TabloBasliklari'

2021-11-19 16:54:44 - [MESSAGE][INFO] - Checking timeout

2021-11-19 16:54:44 - [MESSAGE][INFO] - Finding web element with id: 'Object Repository/Olusturma/Genel/Olusturma/TabloBasliklari' located by 'By.cssSelector: div#divmalhizmet .dxgvTable_LECustomTheme td.dxgvHeader_LECustomTheme tr>td:nth-child(1)' in '10' second(s)

2021-11-19 16:54:44 - [MESSAGE][INFO] - Smart Wait Function is triggered

2021-11-19 16:54:45 - [MESSAGE][INFO] - Found 13 web elements with id: 'Object Repository/Olusturma/Genel/Olusturma/TabloBasliklari' located by 'By.cssSelector: div#divmalhizmet .dxgvTable_LECustomTheme td.dxgvHeader_LECustomTheme tr>td:nth-child(1)' in '10' second(s)

2021-11-19 16:54:45 - [TEST_STEP][PASSED] - for (def element : elements): null

2021-11-19 16:54:45 - [TEST_STEP][PASSED] - build().perform(): null

2021-11-19 16:54:45 - [TEST_STEP][PASSED] - if (getText().equals(Baslik)): null

2021-11-19 16:54:45 - [TEST_STEP][PASSED] - build().perform(): null

2021-11-19 16:54:45 - [TEST_STEP][PASSED] - if (getText().equals(Baslik)): null

2021-11-19 16:54:45 - [TEST_STEP][PASSED] - baslikElement = element.findElement(By.xpath("../../../..")): Smart Wait Function is triggered

2021-11-19 16:54:45 - [MESSAGE][INFO] - Smart Wait Function is triggered

2021-11-19 16:54:45 - [TEST_STEP][PASSED] - attr = baslikElement.getAttribute("id"): null

2021-11-19 16:54:45 - [TEST_STEP][PASSED] - println("girdi ve idsini aldı = " + attr): null

2021-11-19 16:54:45 - [TEST_STEP][PASSED] - break: null

2021-11-19 16:54:45 - [TEST_STEP][PASSED] - countElement = baslikElement.findElements(By.xpath("../td")): Smart Wait Function is triggered

2021-11-19 16:54:45 - [MESSAGE][INFO] - Smart Wait Function is triggered

2021-11-19 16:54:45 - [TEST_STEP][PASSED] - for (def element : countElement): null

2021-11-19 16:54:45 - [TEST_STEP][PASSED] - if (toString().equals(attr.toString())): null

2021-11-19 16:54:46 - [TEST_STEP][PASSED] - (a++): null

2021-11-19 16:54:46 - [TEST_STEP][PASSED] - if (toString().equals(attr.toString())): null

2021-11-19 16:54:46 - [TEST_STEP][PASSED] - (a++): null

2021-11-19 16:54:46 - [TEST_STEP][PASSED] - if (toString().equals(attr.toString())): null

2021-11-19 16:54:46 - [TEST_STEP][PASSED] - break: null

2021-11-19 16:54:46 - [TEST_STEP][PASSED] - son = findWebElement(findTestObject("Object Repository/Olusturma/Genel/Olusturma/EklenenSatir")).findElement(By.xpath("td[@class='dxgvInlineEditCell_LECustomTheme dxgv'][" + a + "]//td[@class='dxic']/input")): Smart Wait Function is triggered

2021-11-19 16:54:46 - [MESSAGE][INFO] - Finding Test Object 'Object Repository/Olusturma/Genel/Olusturma/EklenenSatir'

2021-11-19 16:54:46 - [MESSAGE][INFO] - Finding web element from Test Object's properties

2021-11-19 16:54:46 - [MESSAGE][INFO] - Checking timeout

2021-11-19 16:54:46 - [MESSAGE][INFO] - Finding web element with id: 'Object Repository/Olusturma/Genel/Olusturma/EklenenSatir' located by 'By.cssSelector: #divmalhizmet .dxgvInlineEditRow_LECustomTheme' in '30' second(s)

2021-11-19 16:54:46 - [MESSAGE][INFO] - Smart Wait Function is triggered

2021-11-19 16:54:46 - [MESSAGE][INFO] - Found 1 web elements with id: 'Object Repository/Olusturma/Genel/Olusturma/EklenenSatir' located by 'By.cssSelector: #divmalhizmet .dxgvInlineEditRow_LECustomTheme' in '30' second(s)

2021-11-19 16:54:46 - [MESSAGE][INFO] - Smart Wait Function is triggered

2021-11-19 16:54:46 - [TEST_STEP][PASSED] - if (!(getAttribute("value").contains("Vkn"))): null

2021-11-19 16:54:46 - [TEST_STEP][PASSED] - son.clear(): null

2021-11-19 16:54:46 - [TEST_STEP][PASSED] - son.sendKeys(Deger): null

2021-11-19 16:54:47 - [MESSAGE][PASSED] - Call Test Case 'Test Cases/Olusturma/Genel/Olusturma' successfully

2021-11-19 16:54:47 - [MESSAGE][INFO] - Checking called Test Case

2021-11-19 16:54:47 - [MESSAGE][INFO] - Starting to call Test Case 'Test Cases/Olusturma/Genel/Olusturma'

2021-11-19 16:54:47 - [TEST_CASE][PASSED] - Test Cases/Olusturma/Genel/Olusturma: Test Cases/Olusturma/Genel/Olusturma

2021-11-19 16:54:47 - [TEST_STEP][PASSED] - driver = getWebDriver(): null

2021-11-19 16:54:47 - [TEST_STEP][PASSED] - action = new org.openqa.selenium.interactions.Actions(driver): null

2021-11-19 16:54:47 - [TEST_STEP][PASSED] - baslikElement = <not implemented yet for class: org.codehaus.groovy.ast.expr.EmptyExpression>: null

2021-11-19 16:54:47 - [TEST_STEP][PASSED] - sonElement = <not implemented yet for class: org.codehaus.groovy.ast.expr.EmptyExpression>: null

2021-11-19 16:54:47 - [TEST_STEP][PASSED] - attr = <not implemented yet for class: org.codehaus.groovy.ast.expr.EmptyExpression>: null

2021-11-19 16:54:47 - [TEST_STEP][PASSED] - a = 0: null

2021-11-19 16:54:47 - [TEST_STEP][PASSED] - elements = findWebElements(findTestObject("Object Repository/Olusturma/Genel/Olusturma/TabloBasliklari"), 10): Found 13 web elements with id: 'Object Repository/Olusturma/Genel/Olusturma/TabloBasliklari' located by 'By.cssSelector: div#divmalhizmet .dxgvTable_LECustomTheme td.dxgvHeader_LECustomTheme tr>td:nth-child(1)' in '10' second(s)

2021-11-19 16:54:47 - [MESSAGE][INFO] - Finding Test Object 'Object Repository/Olusturma/Genel/Olusturma/TabloBasliklari'

2021-11-19 16:54:47 - [MESSAGE][INFO] - Checking timeout

2021-11-19 16:54:47 - [MESSAGE][INFO] - Finding web element with id: 'Object Repository/Olusturma/Genel/Olusturma/TabloBasliklari' located by 'By.cssSelector: div#divmalhizmet .dxgvTable_LECustomTheme td.dxgvHeader_LECustomTheme tr>td:nth-child(1)' in '10' second(s)

2021-11-19 16:54:47 - [MESSAGE][INFO] - Smart Wait Function is triggered

2021-11-19 16:54:47 - [MESSAGE][INFO] - Found 13 web elements with id: 'Object Repository/Olusturma/Genel/Olusturma/TabloBasliklari' located by 'By.cssSelector: div#divmalhizmet .dxgvTable_LECustomTheme td.dxgvHeader_LECustomTheme tr>td:nth-child(1)' in '10' second(s)

2021-11-19 16:54:47 - [TEST_STEP][PASSED] - for (def element : elements): null

2021-11-19 16:54:47 - [TEST_STEP][PASSED] - build().perform(): null

2021-11-19 16:54:47 - [TEST_STEP][PASSED] - if (getText().equals(Baslik)): null

2021-11-19 16:54:47 - [TEST_STEP][PASSED] - build().perform(): null

2021-11-19 16:54:47 - [TEST_STEP][PASSED] - if (getText().equals(Baslik)): null

2021-11-19 16:54:47 - [TEST_STEP][PASSED] - build().perform(): null

2021-11-19 16:54:47 - [TEST_STEP][PASSED] - if (getText().equals(Baslik)): null

2021-11-19 16:54:47 - [TEST_STEP][PASSED] - build().perform(): null

2021-11-19 16:54:48 - [TEST_STEP][PASSED] - if (getText().equals(Baslik)): null

2021-11-19 16:54:48 - [TEST_STEP][PASSED] - baslikElement = element.findElement(By.xpath("../../../..")): Smart Wait Function is triggered

2021-11-19 16:54:48 - [MESSAGE][INFO] - Smart Wait Function is triggered

2021-11-19 16:54:48 - [TEST_STEP][PASSED] - attr = baslikElement.getAttribute("id"): null

2021-11-19 16:54:48 - [TEST_STEP][PASSED] - println("girdi ve idsini aldı = " + attr): null

2021-11-19 16:54:48 - [TEST_STEP][PASSED] - break: null

2021-11-19 16:54:48 - [TEST_STEP][PASSED] - countElement = baslikElement.findElements(By.xpath("../td")): Smart Wait Function is triggered

2021-11-19 16:54:48 - [MESSAGE][INFO] - Smart Wait Function is triggered

2021-11-19 16:54:48 - [TEST_STEP][PASSED] - for (def element : countElement): null

2021-11-19 16:54:48 - [TEST_STEP][PASSED] - if (toString().equals(attr.toString())): null

2021-11-19 16:54:48 - [TEST_STEP][PASSED] - (a++): null

2021-11-19 16:54:48 - [TEST_STEP][PASSED] - if (toString().equals(attr.toString())): null

2021-11-19 16:54:48 - [TEST_STEP][PASSED] - (a++): null

2021-11-19 16:54:48 - [TEST_STEP][PASSED] - if (toString().equals(attr.toString())): null

2021-11-19 16:54:48 - [TEST_STEP][PASSED] - (a++): null

2021-11-19 16:54:48 - [TEST_STEP][PASSED] - if (toString().equals(attr.toString())): null

2021-11-19 16:54:48 - [TEST_STEP][PASSED] - (a++): null

2021-11-19 16:54:48 - [TEST_STEP][PASSED] - if (toString().equals(attr.toString())): null

2021-11-19 16:54:48 - [TEST_STEP][PASSED] - break: null

2021-11-19 16:54:48 - [TEST_STEP][PASSED] - son = findWebElement(findTestObject("Object Repository/Olusturma/Genel/Olusturma/EklenenSatir")).findElement(By.xpath("td[@class='dxgvInlineEditCell_LECustomTheme dxgv'][" + a + "]//td[@class='dxic']/input")): Smart Wait Function is triggered

2021-11-19 16:54:48 - [MESSAGE][INFO] - Finding Test Object 'Object Repository/Olusturma/Genel/Olusturma/EklenenSatir'

2021-11-19 16:54:48 - [MESSAGE][INFO] - Finding web element from Test Object's properties

2021-11-19 16:54:48 - [MESSAGE][INFO] - Checking timeout

2021-11-19 16:54:48 - [MESSAGE][INFO] - Finding web element with id: 'Object Repository/Olusturma/Genel/Olusturma/EklenenSatir' located by 'By.cssSelector: #divmalhizmet .dxgvInlineEditRow_LECustomTheme' in '30' second(s)

2021-11-19 16:54:48 - [MESSAGE][INFO] - Smart Wait Function is triggered

2021-11-19 16:54:49 - [MESSAGE][INFO] - Found 1 web elements with id: 'Object Repository/Olusturma/Genel/Olusturma/EklenenSatir' located by 'By.cssSelector: #divmalhizmet .dxgvInlineEditRow_LECustomTheme' in '30' second(s)

2021-11-19 16:54:49 - [MESSAGE][INFO] - Smart Wait Function is triggered

2021-11-19 16:54:49 - [TEST_STEP][PASSED] - if (!(getAttribute("value").contains("Vkn"))): null

2021-11-19 16:54:49 - [TEST_STEP][PASSED] - son.clear(): null

2021-11-19 16:54:49 - [TEST_STEP][PASSED] - son.sendKeys(Deger): null

2021-11-19 16:54:49 - [MESSAGE][PASSED] - Call Test Case 'Test Cases/Olusturma/Genel/Olusturma' successfully

2021-11-19 16:54:49 - [MESSAGE][INFO] - Checking called Test Case

2021-11-19 16:54:49 - [MESSAGE][INFO] - Starting to call Test Case 'Test Cases/Olusturma/Genel/Olusturma'

2021-11-19 16:54:50 - [TEST_CASE][PASSED] - Test Cases/Olusturma/Genel/Olusturma: Test Cases/Olusturma/Genel/Olusturma

2021-11-19 16:54:50 - [TEST_STEP][PASSED] - driver = getWebDriver(): null

2021-11-19 16:54:50 - [TEST_STEP][PASSED] - action = new org.openqa.selenium.interactions.Actions(driver): null

2021-11-19 16:54:50 - [TEST_STEP][PASSED] - baslikElement = <not implemented yet for class: org.codehaus.groovy.ast.expr.EmptyExpression>: null

2021-11-19 16:54:50 - [TEST_STEP][PASSED] - sonElement = <not implemented yet for class: org.codehaus.groovy.ast.expr.EmptyExpression>: null

2021-11-19 16:54:50 - [TEST_STEP][PASSED] - attr = <not implemented yet for class: org.codehaus.groovy.ast.expr.EmptyExpression>: null

2021-11-19 16:54:50 - [TEST_STEP][PASSED] - a = 0: null

2021-11-19 16:54:50 - [TEST_STEP][PASSED] - elements = findWebElements(findTestObject("Object Repository/Olusturma/Genel/Olusturma/TabloBasliklari"), 10): Found 13 web elements with id: 'Object Repository/Olusturma/Genel/Olusturma/TabloBasliklari' located by 'By.cssSelector: div#divmalhizmet .dxgvTable_LECustomTheme td.dxgvHeader_LECustomTheme tr>td:nth-child(1)' in '10' second(s)

2021-11-19 16:54:50 - [MESSAGE][INFO] - Finding Test Object 'Object Repository/Olusturma/Genel/Olusturma/TabloBasliklari'

2021-11-19 16:54:50 - [MESSAGE][INFO] - Checking timeout

2021-11-19 16:54:50 - [MESSAGE][INFO] - Finding web element with id: 'Object Repository/Olusturma/Genel/Olusturma/TabloBasliklari' located by 'By.cssSelector: div#divmalhizmet .dxgvTable_LECustomTheme td.dxgvHeader_LECustomTheme tr>td:nth-child(1)' in '10' second(s)

2021-11-19 16:54:50 - [MESSAGE][INFO] - Smart Wait Function is triggered

2021-11-19 16:54:50 - [MESSAGE][INFO] - Found 13 web elements with id: 'Object Repository/Olusturma/Genel/Olusturma/TabloBasliklari' located by 'By.cssSelector: div#divmalhizmet .dxgvTable_LECustomTheme td.dxgvHeader_LECustomTheme tr>td:nth-child(1)' in '10' second(s)

2021-11-19 16:54:50 - [TEST_STEP][PASSED] - for (def element : elements): null

2021-11-19 16:54:50 - [TEST_STEP][PASSED] - build().perform(): null

2021-11-19 16:54:50 - [TEST_STEP][PASSED] - if (getText().equals(Baslik)): null

2021-11-19 16:54:50 - [TEST_STEP][PASSED] - build().perform(): null

2021-11-19 16:54:50 - [TEST_STEP][PASSED] - if (getText().equals(Baslik)): null

2021-11-19 16:54:50 - [TEST_STEP][PASSED] - build().perform(): null

2021-11-19 16:54:50 - [TEST_STEP][PASSED] - if (getText().equals(Baslik)): null

2021-11-19 16:54:50 - [TEST_STEP][PASSED] - build().perform(): null

2021-11-19 16:54:50 - [TEST_STEP][PASSED] - if (getText().equals(Baslik)): null

2021-11-19 16:54:50 - [TEST_STEP][PASSED] - build().perform(): null

2021-11-19 16:54:51 - [TEST_STEP][PASSED] - if (getText().equals(Baslik)): null

2021-11-19 16:54:51 - [TEST_STEP][PASSED] - build().perform(): null

2021-11-19 16:54:51 - [TEST_STEP][PASSED] - if (getText().equals(Baslik)): null

2021-11-19 16:54:51 - [TEST_STEP][PASSED] - baslikElement = element.findElement(By.xpath("../../../..")): Smart Wait Function is triggered

2021-11-19 16:54:51 - [MESSAGE][INFO] - Smart Wait Function is triggered

2021-11-19 16:54:51 - [TEST_STEP][PASSED] - attr = baslikElement.getAttribute("id"): null

2021-11-19 16:54:51 - [TEST_STEP][PASSED] - println("girdi ve idsini aldı = " + attr): null

2021-11-19 16:54:51 - [TEST_STEP][PASSED] - break: null

2021-11-19 16:54:51 - [TEST_STEP][PASSED] - countElement = baslikElement.findElements(By.xpath("../td")): Smart Wait Function is triggered

2021-11-19 16:54:51 - [MESSAGE][INFO] - Smart Wait Function is triggered

2021-11-19 16:54:51 - [TEST_STEP][PASSED] - for (def element : countElement): null

2021-11-19 16:54:51 - [TEST_STEP][PASSED] - if (toString().equals(attr.toString())): null

2021-11-19 16:54:51 - [TEST_STEP][PASSED] - (a++): null

2021-11-19 16:54:51 - [TEST_STEP][PASSED] - if (toString().equals(attr.toString())): null

2021-11-19 16:54:51 - [TEST_STEP][PASSED] - (a++): null

2021-11-19 16:54:51 - [TEST_STEP][PASSED] - if (toString().equals(attr.toString())): null

2021-11-19 16:54:51 - [TEST_STEP][PASSED] - (a++): null

2021-11-19 16:54:51 - [TEST_STEP][PASSED] - if (toString().equals(attr.toString())): null

2021-11-19 16:54:51 - [TEST_STEP][PASSED] - (a++): null

2021-11-19 16:54:51 - [TEST_STEP][PASSED] - if (toString().equals(attr.toString())): null

2021-11-19 16:54:51 - [TEST_STEP][PASSED] - (a++): null

2021-11-19 16:54:51 - [TEST_STEP][PASSED] - if (toString().equals(attr.toString())): null

2021-11-19 16:54:51 - [TEST_STEP][PASSED] - (a++): null

2021-11-19 16:54:51 - [TEST_STEP][PASSED] - if (toString().equals(attr.toString())): null

2021-11-19 16:54:51 - [TEST_STEP][PASSED] - break: null

2021-11-19 16:54:51 - [TEST_STEP][PASSED] - son = findWebElement(findTestObject("Object Repository/Olusturma/Genel/Olusturma/EklenenSatir")).findElement(By.xpath("td[@class='dxgvInlineEditCell_LECustomTheme dxgv'][" + a + "]//td[@class='dxic']/input")): Smart Wait Function is triggered

2021-11-19 16:54:51 - [MESSAGE][INFO] - Finding Test Object 'Object Repository/Olusturma/Genel/Olusturma/EklenenSatir'

2021-11-19 16:54:51 - [MESSAGE][INFO] - Finding web element from Test Object's properties

2021-11-19 16:54:51 - [MESSAGE][INFO] - Checking timeout

2021-11-19 16:54:51 - [MESSAGE][INFO] - Finding web element with id: 'Object Repository/Olusturma/Genel/Olusturma/EklenenSatir' located by 'By.cssSelector: #divmalhizmet .dxgvInlineEditRow_LECustomTheme' in '30' second(s)

2021-11-19 16:54:51 - [MESSAGE][INFO] - Smart Wait Function is triggered

2021-11-19 16:54:52 - [MESSAGE][INFO] - Found 1 web elements with id: 'Object Repository/Olusturma/Genel/Olusturma/EklenenSatir' located by 'By.cssSelector: #divmalhizmet .dxgvInlineEditRow_LECustomTheme' in '30' second(s)

2021-11-19 16:54:52 - [MESSAGE][INFO] - Smart Wait Function is triggered

2021-11-19 16:54:52 - [TEST_STEP][PASSED] - if (!(getAttribute("value").contains("Vkn"))): null

2021-11-19 16:54:52 - [TEST_STEP][PASSED] - son.clear(): null

2021-11-19 16:54:52 - [TEST_STEP][PASSED] - son.sendKeys(Deger): null

2021-11-19 16:54:52 - [MESSAGE][PASSED] - Call Test Case 'Test Cases/Olusturma/Genel/Olusturma' successfully

2021-11-19 16:54:52 - [MESSAGE][INFO] - Checking called Test Case

2021-11-19 16:54:52 - [MESSAGE][INFO] - Starting to call Test Case 'Test Cases/Olusturma/Genel/Olusturma'

2021-11-19 16:54:53 - [TEST_CASE][PASSED] - Test Cases/Olusturma/Genel/Olusturma: Test Cases/Olusturma/Genel/Olusturma

2021-11-19 16:54:53 - [TEST_STEP][PASSED] - driver = getWebDriver(): null

2021-11-19 16:54:53 - [TEST_STEP][PASSED] - action = new org.openqa.selenium.interactions.Actions(driver): null

2021-11-19 16:54:53 - [TEST_STEP][PASSED] - baslikElement = <not implemented yet for class: org.codehaus.groovy.ast.expr.EmptyExpression>: null

2021-11-19 16:54:53 - [TEST_STEP][PASSED] - sonElement = <not implemented yet for class: org.codehaus.groovy.ast.expr.EmptyExpression>: null

2021-11-19 16:54:53 - [TEST_STEP][PASSED] - attr = <not implemented yet for class: org.codehaus.groovy.ast.expr.EmptyExpression>: null

2021-11-19 16:54:53 - [TEST_STEP][PASSED] - a = 0: null

2021-11-19 16:54:53 - [TEST_STEP][PASSED] - elements = findWebElements(findTestObject("Object Repository/Olusturma/Genel/Olusturma/TabloBasliklari"), 10): Found 13 web elements with id: 'Object Repository/Olusturma/Genel/Olusturma/TabloBasliklari' located by 'By.cssSelector: div#divmalhizmet .dxgvTable_LECustomTheme td.dxgvHeader_LECustomTheme tr>td:nth-child(1)' in '10' second(s)

2021-11-19 16:54:53 - [MESSAGE][INFO] - Finding Test Object 'Object Repository/Olusturma/Genel/Olusturma/TabloBasliklari'

2021-11-19 16:54:53 - [MESSAGE][INFO] - Checking timeout

2021-11-19 16:54:53 - [MESSAGE][INFO] - Finding web element with id: 'Object Repository/Olusturma/Genel/Olusturma/TabloBasliklari' located by 'By.cssSelector: div#divmalhizmet .dxgvTable_LECustomTheme td.dxgvHeader_LECustomTheme tr>td:nth-child(1)' in '10' second(s)

2021-11-19 16:54:53 - [MESSAGE][INFO] - Smart Wait Function is triggered

2021-11-19 16:54:53 - [MESSAGE][INFO] - Found 13 web elements with id: 'Object Repository/Olusturma/Genel/Olusturma/TabloBasliklari' located by 'By.cssSelector: div#divmalhizmet .dxgvTable_LECustomTheme td.dxgvHeader_LECustomTheme tr>td:nth-child(1)' in '10' second(s)

2021-11-19 16:54:53 - [TEST_STEP][PASSED] - for (def element : elements): null

2021-11-19 16:54:53 - [TEST_STEP][PASSED] - build().perform(): null

2021-11-19 16:54:53 - [TEST_STEP][PASSED] - if (getText().equals(Baslik)): null

2021-11-19 16:54:53 - [TEST_STEP][PASSED] - build().perform(): null

2021-11-19 16:54:53 - [TEST_STEP][PASSED] - if (getText().equals(Baslik)): null

2021-11-19 16:54:53 - [TEST_STEP][PASSED] - build().perform(): null

2021-11-19 16:54:53 - [TEST_STEP][PASSED] - if (getText().equals(Baslik)): null

2021-11-19 16:54:53 - [TEST_STEP][PASSED] - build().perform(): null

2021-11-19 16:54:53 - [TEST_STEP][PASSED] - if (getText().equals(Baslik)): null

2021-11-19 16:54:53 - [TEST_STEP][PASSED] - build().perform(): null

2021-11-19 16:54:54 - [TEST_STEP][PASSED] - if (getText().equals(Baslik)): null

2021-11-19 16:54:54 - [TEST_STEP][PASSED] - build().perform(): null

2021-11-19 16:54:54 - [TEST_STEP][PASSED] - if (getText().equals(Baslik)): null

2021-11-19 16:54:54 - [TEST_STEP][PASSED] - build().perform(): null

2021-11-19 16:54:54 - [TEST_STEP][PASSED] - if (getText().equals(Baslik)): null

2021-11-19 16:54:54 - [TEST_STEP][PASSED] - baslikElement = element.findElement(By.xpath("../../../..")): Smart Wait Function is triggered

2021-11-19 16:54:54 - [MESSAGE][INFO] - Smart Wait Function is triggered

2021-11-19 16:54:54 - [TEST_STEP][PASSED] - attr = baslikElement.getAttribute("id"): null

2021-11-19 16:54:54 - [TEST_STEP][PASSED] - println("girdi ve idsini aldı = " + attr): null

2021-11-19 16:54:54 - [TEST_STEP][PASSED] - break: null

2021-11-19 16:54:54 - [TEST_STEP][PASSED] - countElement = baslikElement.findElements(By.xpath("../td")): Smart Wait Function is triggered

2021-11-19 16:54:54 - [MESSAGE][INFO] - Smart Wait Function is triggered

2021-11-19 16:54:54 - [TEST_STEP][PASSED] - for (def element : countElement): null

2021-11-19 16:54:54 - [TEST_STEP][PASSED] - if (toString().equals(attr.toString())): null

2021-11-19 16:54:54 - [TEST_STEP][PASSED] - (a++): null

2021-11-19 16:54:54 - [TEST_STEP][PASSED] - if (toString().equals(attr.toString())): null

2021-11-19 16:54:54 - [TEST_STEP][PASSED] - (a++): null

2021-11-19 16:54:54 - [TEST_STEP][PASSED] - if (toString().equals(attr.toString())): null

2021-11-19 16:54:55 - [TEST_STEP][PASSED] - (a++): null

2021-11-19 16:54:55 - [TEST_STEP][PASSED] - if (toString().equals(attr.toString())): null

2021-11-19 16:54:55 - [TEST_STEP][PASSED] - (a++): null

2021-11-19 16:54:55 - [TEST_STEP][PASSED] - if (toString().equals(attr.toString())): null

2021-11-19 16:54:55 - [TEST_STEP][PASSED] - (a++): null

2021-11-19 16:54:55 - [TEST_STEP][PASSED] - if (toString().equals(attr.toString())): null

2021-11-19 16:54:55 - [TEST_STEP][PASSED] - (a++): null

2021-11-19 16:54:55 - [TEST_STEP][PASSED] - if (toString().equals(attr.toString())): null

2021-11-19 16:54:55 - [TEST_STEP][PASSED] - (a++): null

2021-11-19 16:54:55 - [TEST_STEP][PASSED] - if (toString().equals(attr.toString())): null

2021-11-19 16:54:55 - [TEST_STEP][PASSED] - break: null

2021-11-19 16:54:55 - [TEST_STEP][PASSED] - son = findWebElement(findTestObject("Object Repository/Olusturma/Genel/Olusturma/EklenenSatir")).findElement(By.xpath("td[@class='dxgvInlineEditCell_LECustomTheme dxgv'][" + a + "]//td[@class='dxic']/input")): Smart Wait Function is triggered

2021-11-19 16:54:55 - [MESSAGE][INFO] - Finding Test Object 'Object Repository/Olusturma/Genel/Olusturma/EklenenSatir'

2021-11-19 16:54:55 - [MESSAGE][INFO] - Finding web element from Test Object's properties

2021-11-19 16:54:55 - [MESSAGE][INFO] - Checking timeout

2021-11-19 16:54:55 - [MESSAGE][INFO] - Finding web element with id: 'Object Repository/Olusturma/Genel/Olusturma/EklenenSatir' located by 'By.cssSelector: #divmalhizmet .dxgvInlineEditRow_LECustomTheme' in '30' second(s)

2021-11-19 16:54:55 - [MESSAGE][INFO] - Smart Wait Function is triggered

2021-11-19 16:54:55 - [MESSAGE][INFO] - Found 1 web elements with id: 'Object Repository/Olusturma/Genel/Olusturma/EklenenSatir' located by 'By.cssSelector: #divmalhizmet .dxgvInlineEditRow_LECustomTheme' in '30' second(s)

2021-11-19 16:54:55 - [MESSAGE][INFO] - Smart Wait Function is triggered

2021-11-19 16:54:55 - [TEST_STEP][PASSED] - if (!(getAttribute("value").contains("Vkn"))): null

2021-11-19 16:54:55 - [TEST_STEP][PASSED] - son.clear(): null

2021-11-19 16:54:56 - [TEST_STEP][PASSED] - son.sendKeys(Deger): null

2021-11-19 16:54:56 - [MESSAGE][PASSED] - Call Test Case 'Test Cases/Olusturma/Genel/Olusturma' successfully

2021-11-19 16:54:56 - [MESSAGE][INFO] - Checking called Test Case

2021-11-19 16:54:56 - [MESSAGE][INFO] - Starting to call Test Case 'Test Cases/Olusturma/Genel/NotGirilir'

2021-11-19 16:54:56 - [TEST_CASE][PASSED] - Test Cases/Olusturma/Genel/NotGirilir: Test Cases/Olusturma/Genel/NotGirilir

2021-11-19 16:54:56 - [TEST_STEP][PASSED] - i = 0: null

2021-11-19 16:54:56 - [TEST_STEP][PASSED] - waitForElementClickable(findTestObject("Olusturma/Genel/Not/Notlar"), 10): Object 'Object Repository/Olusturma/Genel/Not/Notlar' is clickable

2021-11-19 16:54:56 - [MESSAGE][INFO] - Finding Test Object 'Object Repository/Olusturma/Genel/Not/Notlar'

2021-11-19 16:54:56 - [MESSAGE][INFO] - Checking object

2021-11-19 16:54:56 - [MESSAGE][INFO] - Checking timeout

2021-11-19 16:54:56 - [MESSAGE][INFO] - Finding web element from Test Object's properties

2021-11-19 16:54:56 - [MESSAGE][INFO] - Checking timeout

2021-11-19 16:54:56 - [MESSAGE][INFO] - Finding web element with id: 'Object Repository/Olusturma/Genel/Not/Notlar' located by 'By.xpath: //*[@id = 'txtNote_I']' in '10' second(s)

2021-11-19 16:54:56 - [MESSAGE][INFO] - Smart Wait Function is triggered

2021-11-19 16:54:56 - [MESSAGE][INFO] - Found 1 web elements with id: 'Object Repository/Olusturma/Genel/Not/Notlar' located by 'By.xpath: //*[@id = 'txtNote_I']' in '10' second(s)

2021-11-19 16:54:56 - [MESSAGE][PASSED] - Object 'Object Repository/Olusturma/Genel/Not/Notlar' is clickable

2021-11-19 16:54:56 - [TEST_STEP][PASSED] - clearText(findTestObject("Olusturma/Genel/Not/Notlar")): Text of object 'Object Repository/Olusturma/Genel/Not/Notlar' is cleared

2021-11-19 16:54:56 - [MESSAGE][INFO] - Finding Test Object 'Object Repository/Olusturma/Genel/Not/Notlar'

2021-11-19 16:54:57 - [MESSAGE][INFO] - Checking object

2021-11-19 16:54:57 - [MESSAGE][INFO] - Finding web element from Test Object's properties

2021-11-19 16:54:57 - [MESSAGE][INFO] - Checking timeout

2021-11-19 16:54:57 - [MESSAGE][INFO] - Finding web element with id: 'Object Repository/Olusturma/Genel/Not/Notlar' located by 'By.xpath: //*[@id = 'txtNote_I']' in '30' second(s)

2021-11-19 16:54:57 - [MESSAGE][INFO] - Smart Wait Function is triggered

2021-11-19 16:54:57 - [MESSAGE][INFO] - Found 1 web elements with id: 'Object Repository/Olusturma/Genel/Not/Notlar' located by 'By.xpath: //*[@id = 'txtNote_I']' in '30' second(s)

2021-11-19 16:54:57 - [MESSAGE][INFO] - Clearing text of object 'Object Repository/Olusturma/Genel/Not/Notlar'

2021-11-19 16:54:57 - [MESSAGE][PASSED] - Text of object 'Object Repository/Olusturma/Genel/Not/Notlar' is cleared

2021-11-19 16:54:57 - [TEST_STEP][PASSED] - click(findTestObject("Olusturma/Genel/Not/Notlar")): Object: 'Object Repository/Olusturma/Genel/Not/Notlar' is clicked on

2021-11-19 16:54:57 - [MESSAGE][INFO] - Finding Test Object 'Object Repository/Olusturma/Genel/Not/Notlar'

2021-11-19 16:54:57 - [MESSAGE][INFO] - Checking object

2021-11-19 16:54:57 - [MESSAGE][INFO] - Finding web element from Test Object's properties

2021-11-19 16:54:57 - [MESSAGE][INFO] - Checking timeout

2021-11-19 16:54:57 - [MESSAGE][INFO] - Finding web element with id: 'Object Repository/Olusturma/Genel/Not/Notlar' located by 'By.xpath: //*[@id = 'txtNote_I']' in '30' second(s)

2021-11-19 16:54:57 - [MESSAGE][INFO] - Smart Wait Function is triggered

2021-11-19 16:54:57 - [MESSAGE][INFO] - Found 1 web elements with id: 'Object Repository/Olusturma/Genel/Not/Notlar' located by 'By.xpath: //*[@id = 'txtNote_I']' in '30' second(s)

2021-11-19 16:54:57 - [MESSAGE][INFO] - Clicking on object: 'Object Repository/Olusturma/Genel/Not/Notlar'

2021-11-19 16:54:57 - [MESSAGE][PASSED] - Object: 'Object Repository/Olusturma/Genel/Not/Notlar' is clicked on

2021-11-19 16:54:57 - [TEST_STEP][PASSED] - while (true): null

2021-11-19 16:54:57 - [TEST_STEP][PASSED] - delay(1): Delayed 1 second(s)

2021-11-19 16:54:57 - [MESSAGE][INFO] - Delaying browser in 1 second(s)

2021-11-19 16:54:58 - [MESSAGE][PASSED] - Delayed 1 second(s)

2021-11-19 16:54:58 - [TEST_STEP][PASSED] - ajaxIsComplete = executeJavaScript("return jQuery.active == 0", null): Execute JavaScript 'return jQuery.active == 0' successfully

2021-11-19 16:54:58 - [MESSAGE][PASSED] - Execute JavaScript 'return jQuery.active == 0' successfully

2021-11-19 16:54:58 - [TEST_STEP][PASSED] - if (ajaxIsComplete): null

2021-11-19 16:54:58 - [TEST_STEP][PASSED] - if (i > 10): null

2021-11-19 16:54:58 - [TEST_STEP][PASSED] - (i++): null

2021-11-19 16:54:58 - [TEST_STEP][PASSED] - delay(1): Delayed 1 second(s)

2021-11-19 16:54:58 - [MESSAGE][INFO] - Delaying browser in 1 second(s)

2021-11-19 16:54:59 - [MESSAGE][PASSED] - Delayed 1 second(s)

2021-11-19 16:54:59 - [TEST_STEP][PASSED] - ajaxIsComplete = executeJavaScript("return jQuery.active == 0", null): Execute JavaScript 'return jQuery.active == 0' successfully

2021-11-19 16:54:59 - [MESSAGE][PASSED] - Execute JavaScript 'return jQuery.active == 0' successfully

2021-11-19 16:54:59 - [TEST_STEP][PASSED] - if (ajaxIsComplete): null

2021-11-19 16:54:59 - [TEST_STEP][PASSED] - break: null

2021-11-19 16:54:59 - [TEST_STEP][PASSED] - sendKeys(findTestObject("Olusturma/Genel/Not/Notlar"), Not): Keys 'Otomasyon Not' sent to object: 'Object Repository/Olusturma/Genel/Not/Notlar'

2021-11-19 16:54:59 - [MESSAGE][INFO] - Finding Test Object 'Object Repository/Olusturma/Genel/Not/Notlar'

2021-11-19 16:55:00 - [MESSAGE][INFO] - Sending keys 'Otomasyon Not' to object: 'Object Repository/Olusturma/Genel/Not/Notlar'

2021-11-19 16:55:00 - [MESSAGE][INFO] - Finding web element from Test Object's properties

2021-11-19 16:55:00 - [MESSAGE][INFO] - Checking timeout

2021-11-19 16:55:00 - [MESSAGE][INFO] - Finding web element with id: 'Object Repository/Olusturma/Genel/Not/Notlar' located by 'By.xpath: //*[@id = 'txtNote_I']' in '30' second(s)

2021-11-19 16:55:00 - [MESSAGE][INFO] - Smart Wait Function is triggered

2021-11-19 16:55:00 - [MESSAGE][INFO] - Found 1 web elements with id: 'Object Repository/Olusturma/Genel/Not/Notlar' located by 'By.xpath: //*[@id = 'txtNote_I']' in '30' second(s)

2021-11-19 16:55:00 - [MESSAGE][PASSED] - Keys 'Otomasyon Not' sent to object: 'Object Repository/Olusturma/Genel/Not/Notlar'

2021-11-19 16:55:00 - [MESSAGE][PASSED] - Call Test Case 'Test Cases/Olusturma/Genel/NotGirilir' successfully

2021-11-19 16:55:00 - [MESSAGE][INFO] - Checking called Test Case

2021-11-19 16:55:00 - [MESSAGE][INFO] - Starting to call Test Case 'Test Cases/Olusturma/Genel/EttnBilgisiKayitEdilir'

2021-11-19 16:55:00 - [TEST_CASE][PASSED] - Test Cases/Olusturma/Genel/EttnBilgisiKayitEdilir: Test Cases/Olusturma/Genel/EttnBilgisiKayitEdilir

2021-11-19 16:55:00 - [TEST_STEP][PASSED] - verifyElementPresent(findTestObject("Object Repository/Olusturma/Genel/Olusturma/eArsivEttnBilgisi"), 7): Object 'Object Repository/Olusturma/Genel/Olusturma/eArsivEttnBilgisi' is present

2021-11-19 16:55:00 - [MESSAGE][INFO] - Finding Test Object 'Object Repository/Olusturma/Genel/Olusturma/eArsivEttnBilgisi'

2021-11-19 16:55:00 - [MESSAGE][INFO] - Checking object

2021-11-19 16:55:00 - [MESSAGE][INFO] - Finding web element from Test Object's properties

2021-11-19 16:55:00 - [MESSAGE][INFO] - Checking timeout

2021-11-19 16:55:00 - [MESSAGE][INFO] - Finding web element with id: 'Object Repository/Olusturma/Genel/Olusturma/eArsivEttnBilgisi' located by 'By.xpath: //*[@id = 'Uuid_I']' in '7' second(s)

2021-11-19 16:55:00 - [MESSAGE][INFO] - Smart Wait Function is triggered

2021-11-19 16:55:00 - [MESSAGE][INFO] - Found 1 web elements with id: 'Object Repository/Olusturma/Genel/Olusturma/eArsivEttnBilgisi' located by 'By.xpath: //*[@id = 'Uuid_I']' in '7' second(s)

2021-11-19 16:55:00 - [MESSAGE][PASSED] - Object 'Object Repository/Olusturma/Genel/Olusturma/eArsivEttnBilgisi' is present

2021-11-19 16:55:00 - [TEST_STEP][PASSED] - ettn = getAttribute(findTestObject("Object Repository/Olusturma/Genel/Olusturma/eArsivEttnBilgisi"), "value"): Attribute 'value' of object 'Object Repository/Olusturma/Genel/Olusturma/eArsivEttnBilgisi' is: '35b2f526-6949-4de5-899f-a9fa482fa55e'

2021-11-19 16:55:00 - [MESSAGE][INFO] - Finding Test Object 'Object Repository/Olusturma/Genel/Olusturma/eArsivEttnBilgisi'

2021-11-19 16:55:00 - [MESSAGE][INFO] - Checking object

2021-11-19 16:55:00 - [MESSAGE][INFO] - Checking attribute

2021-11-19 16:55:00 - [MESSAGE][INFO] - Finding web element from Test Object's properties

2021-11-19 16:55:00 - [MESSAGE][INFO] - Checking timeout

2021-11-19 16:55:00 - [MESSAGE][INFO] - Finding web element with id: 'Object Repository/Olusturma/Genel/Olusturma/eArsivEttnBilgisi' located by 'By.xpath: //*[@id = 'Uuid_I']' in '30' second(s)

2021-11-19 16:55:00 - [MESSAGE][INFO] - Smart Wait Function is triggered

2021-11-19 16:55:01 - [MESSAGE][INFO] - Found 1 web elements with id: 'Object Repository/Olusturma/Genel/Olusturma/eArsivEttnBilgisi' located by 'By.xpath: //*[@id = 'Uuid_I']' in '30' second(s)

2021-11-19 16:55:01 - [MESSAGE][INFO] - Getting attribute 'value' of object 'Object Repository/Olusturma/Genel/Olusturma/eArsivEttnBilgisi'

2021-11-19 16:55:01 - [MESSAGE][PASSED] - Attribute 'value' of object 'Object Repository/Olusturma/Genel/Olusturma/eArsivEttnBilgisi' is: '35b2f526-6949-4de5-899f-a9fa482fa55e'

2021-11-19 16:55:01 - [MESSAGE][PASSED] - Call Test Case 'Test Cases/Olusturma/Genel/EttnBilgisiKayitEdilir' successfully

2021-11-19 16:55:01 - [MESSAGE][INFO] - Checking called Test Case

2021-11-19 16:55:01 - [MESSAGE][INFO] - Starting to call Test Case 'Test Cases/Olusturma/Genel/KaydetButonunaTiklanir'

2021-11-19 16:55:01 - [TEST_CASE][PASSED] - Test Cases/Olusturma/Genel/KaydetButonunaTiklanir: Test Cases/Olusturma/Genel/KaydetButonunaTiklanir

2021-11-19 16:55:01 - [TEST_STEP][PASSED] - i = 0: null

2021-11-19 16:55:01 - [TEST_STEP][PASSED] - waitForElementPresent(findTestObject("Olusturma/Genel/Not/Notlar"), 10): Object 'Object Repository/Olusturma/Genel/Not/Notlar' is present

2021-11-19 16:55:01 - [MESSAGE][INFO] - Finding Test Object 'Object Repository/Olusturma/Genel/Not/Notlar'

2021-11-19 16:55:01 - [MESSAGE][INFO] - Checking object

2021-11-19 16:55:01 - [MESSAGE][INFO] - Finding web element from Test Object's properties

2021-11-19 16:55:01 - [MESSAGE][INFO] - Checking timeout

2021-11-19 16:55:01 - [MESSAGE][INFO] - Finding web element with id: 'Object Repository/Olusturma/Genel/Not/Notlar' located by 'By.xpath: //*[@id = 'txtNote_I']' in '10' second(s)

2021-11-19 16:55:01 - [MESSAGE][INFO] - Smart Wait Function is triggered

2021-11-19 16:55:01 - [MESSAGE][INFO] - Found 1 web elements with id: 'Object Repository/Olusturma/Genel/Not/Notlar' located by 'By.xpath: //*[@id = 'txtNote_I']' in '10' second(s)

2021-11-19 16:55:01 - [MESSAGE][PASSED] - Object 'Object Repository/Olusturma/Genel/Not/Notlar' is present

2021-11-19 16:55:01 - [TEST_STEP][PASSED] - click(findTestObject("Olusturma/Genel/Not/Notlar")): Object: 'Object Repository/Olusturma/Genel/Not/Notlar' is clicked on

2021-11-19 16:55:01 - [MESSAGE][INFO] - Finding Test Object 'Object Repository/Olusturma/Genel/Not/Notlar'

2021-11-19 16:55:01 - [MESSAGE][INFO] - Checking object

2021-11-19 16:55:01 - [MESSAGE][INFO] - Finding web element from Test Object's properties

2021-11-19 16:55:01 - [MESSAGE][INFO] - Checking timeout

2021-11-19 16:55:01 - [MESSAGE][INFO] - Finding web element with id: 'Object Repository/Olusturma/Genel/Not/Notlar' located by 'By.xpath: //*[@id = 'txtNote_I']' in '30' second(s)

2021-11-19 16:55:01 - [MESSAGE][INFO] - Smart Wait Function is triggered

2021-11-19 16:55:02 - [MESSAGE][INFO] - Found 1 web elements with id: 'Object Repository/Olusturma/Genel/Not/Notlar' located by 'By.xpath: //*[@id = 'txtNote_I']' in '30' second(s)

2021-11-19 16:55:02 - [MESSAGE][INFO] - Clicking on object: 'Object Repository/Olusturma/Genel/Not/Notlar'

2021-11-19 16:55:02 - [MESSAGE][PASSED] - Object: 'Object Repository/Olusturma/Genel/Not/Notlar' is clicked on

2021-11-19 16:55:02 - [TEST_STEP][PASSED] - while (true): null

2021-11-19 16:55:02 - [TEST_STEP][PASSED] - delay(1): Delayed 1 second(s)

2021-11-19 16:55:02 - [MESSAGE][INFO] - Delaying browser in 1 second(s)

2021-11-19 16:55:03 - [MESSAGE][PASSED] - Delayed 1 second(s)

2021-11-19 16:55:03 - [TEST_STEP][PASSED] - ajaxIsComplete = executeJavaScript("return jQuery.active == 0", null): Execute JavaScript 'return jQuery.active == 0' successfully

2021-11-19 16:55:03 - [MESSAGE][PASSED] - Execute JavaScript 'return jQuery.active == 0' successfully

2021-11-19 16:55:03 - [TEST_STEP][PASSED] - if (ajaxIsComplete): null

2021-11-19 16:55:03 - [TEST_STEP][PASSED] - break: null

2021-11-19 16:55:03 - [TEST_STEP][PASSED] - waitForElementClickable(findTestObject("Object Repository/Olusturma/Genel/Buton"), 10): Object 'Object Repository/Olusturma/Genel/Buton' is clickable

2021-11-19 16:55:03 - [MESSAGE][INFO] - Finding Test Object 'Object Repository/Olusturma/Genel/Buton'

2021-11-19 16:55:03 - [MESSAGE][INFO] - Checking object

2021-11-19 16:55:03 - [MESSAGE][INFO] - Checking timeout

2021-11-19 16:55:03 - [MESSAGE][INFO] - Finding web element from Test Object's properties

2021-11-19 16:55:03 - [MESSAGE][INFO] - Checking timeout

2021-11-19 16:55:03 - [MESSAGE][INFO] - Finding web element with id: 'Object Repository/Olusturma/Genel/Buton' located by 'By.xpath: //*[@id = 'btnKaydet']' in '10' second(s)

2021-11-19 16:55:03 - [MESSAGE][INFO] - Smart Wait Function is triggered

2021-11-19 16:55:03 - [MESSAGE][INFO] - Found 1 web elements with id: 'Object Repository/Olusturma/Genel/Buton' located by 'By.xpath: //*[@id = 'btnKaydet']' in '10' second(s)

2021-11-19 16:55:03 - [MESSAGE][PASSED] - Object 'Object Repository/Olusturma/Genel/Buton' is clickable

2021-11-19 16:55:03 - [TEST_STEP][PASSED] - click(findTestObject("Object Repository/Olusturma/Genel/Buton")): Object: 'Object Repository/Olusturma/Genel/Buton' is clicked on

2021-11-19 16:55:03 - [MESSAGE][INFO] - Finding Test Object 'Object Repository/Olusturma/Genel/Buton'

2021-11-19 16:55:03 - [MESSAGE][INFO] - Checking object

2021-11-19 16:55:03 - [MESSAGE][INFO] - Finding web element from Test Object's properties

2021-11-19 16:55:03 - [MESSAGE][INFO] - Checking timeout

2021-11-19 16:55:03 - [MESSAGE][INFO] - Finding web element with id: 'Object Repository/Olusturma/Genel/Buton' located by 'By.xpath: //*[@id = 'btnKaydet']' in '30' second(s)

2021-11-19 16:55:03 - [MESSAGE][INFO] - Smart Wait Function is triggered

2021-11-19 16:55:04 - [MESSAGE][INFO] - Found 1 web elements with id: 'Object Repository/Olusturma/Genel/Buton' located by 'By.xpath: //*[@id = 'btnKaydet']' in '30' second(s)

2021-11-19 16:55:04 - [MESSAGE][INFO] - Clicking on object: 'Object Repository/Olusturma/Genel/Buton'

2021-11-19 16:55:06 - [MESSAGE][PASSED] - Object: 'Object Repository/Olusturma/Genel/Buton' is clicked on

2021-11-19 16:55:06 - [MESSAGE][PASSED] - Call Test Case 'Test Cases/Olusturma/Genel/KaydetButonunaTiklanir' successfully

2021-11-19 16:55:06 - [MESSAGE][INFO] - Checking called Test Case

2021-11-19 16:55:06 - [MESSAGE][INFO] - Starting to call Test Case 'Test Cases/Tablo/TablodaEttnliVeriOlusturulduMu'

2021-11-19 16:55:06 - [TEST_CASE][PASSED] - Test Cases/Tablo/TablodaEttnliVeriOlusturulduMu: Test Cases/Tablo/TablodaEttnliVeriOlusturulduMu

2021-11-19 16:55:06 - [TEST_STEP][PASSED] - Method.TextDegerineEsitElementVarMi(findTestObject("Tablo/OlusturulanVeri"), ettn): Method.TextDegerineEsitElementVarMi is PASSED

2021-11-19 16:55:06 - [MESSAGE][INFO] - Finding Test Object 'Object Repository/Tablo/OlusturulanVeri'

2021-11-19 16:55:07 - [MESSAGE][INFO] - Checking timeout

2021-11-19 16:55:07 - [MESSAGE][INFO] - Finding web element with id: 'Object Repository/Tablo/OlusturulanVeri' located by 'By.cssSelector: table.dxgvTable_LECustomTheme>tbody>tr:nth-child(3)>td.dxgv b,table.dxgvTable_LECustomTheme>tbody>tr:nth-child(3)>td.dxgv' in '10' second(s)

2021-11-19 16:55:07 - [MESSAGE][INFO] - Smart Wait Function is triggered

2021-11-19 16:55:07 - [MESSAGE][INFO] - Found 14 web elements with id: 'Object Repository/Tablo/OlusturulanVeri' located by 'By.cssSelector: table.dxgvTable_LECustomTheme>tbody>tr:nth-child(3)>td.dxgv b,table.dxgvTable_LECustomTheme>tbody>tr:nth-child(3)>td.dxgv' in '10' second(s)

2021-11-19 16:55:07 - [MESSAGE][PASSED] - Method.TextDegerineEsitElementVarMi is PASSED

2021-11-19 16:55:07 - [MESSAGE][PASSED] - Call Test Case 'Test Cases/Tablo/TablodaEttnliVeriOlusturulduMu' successfully

2021-11-19 16:55:07 - [MESSAGE][INFO] - Checking called Test Case

2021-11-19 16:55:07 - [MESSAGE][INFO] - Starting to call Test Case 'Test Cases/Tablo/TablodanEttnliVeriSec'

2021-11-19 16:55:07 - [TEST_CASE][PASSED] - Test Cases/Tablo/TablodanEttnliVeriSec: Test Cases/Tablo/TablodanEttnliVeriSec

2021-11-19 16:55:07 - [TEST_STEP][PASSED] - Method.TextDegerineEsitElementinAltindakineTikla(findTestObject("Tablo/Veriler"), findTestObject("Tablo/VerininCheckBoxi"), ettn): Method.TextDegerineEsitElementinAltindakineTikla is PASSED

2021-11-19 16:55:07 - [MESSAGE][INFO] - Finding Test Object 'Object Repository/Tablo/Veriler'

2021-11-19 16:55:07 - [MESSAGE][INFO] - Finding Test Object 'Object Repository/Tablo/VerininCheckBoxi'

2021-11-19 16:55:07 - [MESSAGE][INFO] - Checking timeout

2021-11-19 16:55:07 - [MESSAGE][INFO] - Finding web element with id: 'Object Repository/Tablo/Veriler' located by 'By.cssSelector: td.dxgv b ,td.dxgv' in '10' second(s)

2021-11-19 16:55:07 - [MESSAGE][INFO] - Smart Wait Function is triggered

2021-11-19 16:55:08 - [MESSAGE][INFO] - Found 70 web elements with id: 'Object Repository/Tablo/Veriler' located by 'By.cssSelector: td.dxgv b ,td.dxgv' in '10' second(s)

2021-11-19 16:55:08 - [MESSAGE][INFO] - Smart Wait Function is triggered

2021-11-19 16:55:08 - [MESSAGE][PASSED] - Method.TextDegerineEsitElementinAltindakineTikla is PASSED

2021-11-19 16:55:08 - [MESSAGE][PASSED] - Call Test Case 'Test Cases/Tablo/TablodanEttnliVeriSec' successfully

2021-11-19 16:55:08 - [MESSAGE][INFO] - Checking called Test Case

2021-11-19 16:55:08 - [MESSAGE][INFO] - Starting to call Test Case 'Test Cases/Butonlar/ButonaTikla'

2021-11-19 16:55:08 - [TEST_CASE][PASSED] - Test Cases/Butonlar/ButonaTikla: Test Cases/Butonlar/ButonaTikla

2021-11-19 16:55:08 - [TEST_STEP][PASSED] - Method.TextDegerineEsitElementeTiklaEquals(findTestObject("Butonlar/Butonlar"), Buton_Adi): Method.TextDegerineEsitElementeTiklaEquals is PASSED

2021-11-19 16:55:08 - [MESSAGE][INFO] - Finding Test Object 'Object Repository/Butonlar/Butonlar'

2021-11-19 16:55:08 - [MESSAGE][INFO] - Checking timeout

2021-11-19 16:55:08 - [MESSAGE][INFO] - Finding web element with id: 'Object Repository/Butonlar/Butonlar' located by 'By.cssSelector: .panel.panel-default.text-center.footerPanel .btn,.btn.btn-primary.btnControls' in '10' second(s)

2021-11-19 16:55:08 - [MESSAGE][INFO] - Smart Wait Function is triggered

2021-11-19 16:55:08 - [MESSAGE][INFO] - Found 9 web elements with id: 'Object Repository/Butonlar/Butonlar' located by 'By.cssSelector: .panel.panel-default.text-center.footerPanel .btn,.btn.btn-primary.btnControls' in '10' second(s)

2021-11-19 16:55:09 - [MESSAGE][PASSED] - Method.TextDegerineEsitElementeTiklaEquals is PASSED

2021-11-19 16:55:09 - [MESSAGE][PASSED] - Call Test Case 'Test Cases/Butonlar/ButonaTikla' successfully

2021-11-19 16:55:09 - [MESSAGE][INFO] - Checking called Test Case

2021-11-19 16:55:09 - [MESSAGE][INFO] - Starting to call Test Case 'Test Cases/Popup/PopupMesajiIceriyorMu'

2021-11-19 16:55:09 - [TEST_CASE][PASSED] - Test Cases/Popup/PopupMesajiIceriyorMu: Test Cases/Popup/PopupMesajiIceriyorMu

2021-11-19 16:55:09 - [TEST_STEP][PASSED] - waitForElementVisible(findTestObject("Popup/Popup"), 10): Object 'Object Repository/Popup/Popup' is visible

2021-11-19 16:55:09 - [MESSAGE][INFO] - Finding Test Object 'Object Repository/Popup/Popup'

2021-11-19 16:55:09 - [MESSAGE][INFO] - Checking object

2021-11-19 16:55:09 - [MESSAGE][INFO] - Checking timeout

2021-11-19 16:55:09 - [MESSAGE][INFO] - Finding web element from Test Object's properties

2021-11-19 16:55:09 - [MESSAGE][INFO] - Checking timeout

2021-11-19 16:55:09 - [MESSAGE][INFO] - Finding web element with id: 'Object Repository/Popup/Popup' located by 'By.cssSelector: .bootbox-body' in '10' second(s)

2021-11-19 16:55:09 - [MESSAGE][INFO] - Smart Wait Function is triggered

2021-11-19 16:55:10 - [MESSAGE][INFO] - Found 1 web elements with id: 'Object Repository/Popup/Popup' located by 'By.cssSelector: .bootbox-body' in '10' second(s)

2021-11-19 16:55:10 - [MESSAGE][PASSED] - Object 'Object Repository/Popup/Popup' is visible

2021-11-19 16:55:10 - [TEST_STEP][PASSED] - if (!(getText(findTestObject("Popup/Popup")).contains(Mesaj))): Text of object 'Object Repository/Popup/Popup' is: 'Oluşturulacak fatura numarası : EAR2021000000483 Fatura numarası oluşturulduktan sonra fatura silinemez. Fatura numarası, tarihi ve ön eki değiştirilemez. Devam etmek istiyor musunuz?'

2021-11-19 16:55:10 - [MESSAGE][INFO] - Finding Test Object 'Object Repository/Popup/Popup'

2021-11-19 16:55:10 - [MESSAGE][INFO] - Checking object

2021-11-19 16:55:10 - [MESSAGE][INFO] - Finding web element from Test Object's properties

2021-11-19 16:55:10 - [MESSAGE][INFO] - Checking timeout

2021-11-19 16:55:10 - [MESSAGE][INFO] - Finding web element with id: 'Object Repository/Popup/Popup' located by 'By.cssSelector: .bootbox-body' in '30' second(s)

2021-11-19 16:55:10 - [MESSAGE][INFO] - Smart Wait Function is triggered

2021-11-19 16:55:10 - [MESSAGE][INFO] - Found 1 web elements with id: 'Object Repository/Popup/Popup' located by 'By.cssSelector: .bootbox-body' in '30' second(s)

2021-11-19 16:55:10 - [MESSAGE][INFO] - Getting text of object 'Object Repository/Popup/Popup'

2021-11-19 16:55:10 - [MESSAGE][PASSED] - Text of object 'Object Repository/Popup/Popup' is: 'Oluşturulacak fatura numarası : EAR2021000000483 Fatura numarası oluşturulduktan sonra fatura silinemez. Fatura numarası, tarihi ve ön eki değiştirilemez. Devam etmek istiyor musunuz?'

2021-11-19 16:55:10 - [TEST_STEP][PASSED] - RaporNo = getText(findTestObject("Popup/Popup")).substring(0, 6): Text of object 'Object Repository/Popup/Popup' is: 'Oluşturulacak fatura numarası : EAR2021000000483 Fatura numarası oluşturulduktan sonra fatura silinemez. Fatura numarası, tarihi ve ön eki değiştirilemez. Devam etmek istiyor musunuz?'

2021-11-19 16:55:10 - [MESSAGE][INFO] - Finding Test Object 'Object Repository/Popup/Popup'

2021-11-19 16:55:10 - [MESSAGE][INFO] - Checking object

2021-11-19 16:55:10 - [MESSAGE][INFO] - Finding web element from Test Object's properties

2021-11-19 16:55:10 - [MESSAGE][INFO] - Checking timeout

2021-11-19 16:55:10 - [MESSAGE][INFO] - Finding web element with id: 'Object Repository/Popup/Popup' located by 'By.cssSelector: .bootbox-body' in '30' second(s)

2021-11-19 16:55:10 - [MESSAGE][INFO] - Smart Wait Function is triggered

2021-11-19 16:55:11 - [MESSAGE][INFO] - Found 1 web elements with id: 'Object Repository/Popup/Popup' located by 'By.cssSelector: .bootbox-body' in '30' second(s)

2021-11-19 16:55:11 - [MESSAGE][INFO] - Getting text of object 'Object Repository/Popup/Popup'

2021-11-19 16:55:11 - [MESSAGE][PASSED] - Text of object 'Object Repository/Popup/Popup' is: 'Oluşturulacak fatura numarası : EAR2021000000483 Fatura numarası oluşturulduktan sonra fatura silinemez. Fatura numarası, tarihi ve ön eki değiştirilemez. Devam etmek istiyor musunuz?'

2021-11-19 16:55:11 - [TEST_STEP][PASSED] - Console.println(RaporNo): null

2021-11-19 16:55:11 - [MESSAGE][PASSED] - Call Test Case 'Test Cases/Popup/PopupMesajiIceriyorMu' successfully

2021-11-19 16:55:11 - [MESSAGE][INFO] - Checking called Test Case

2021-11-19 16:55:11 - [MESSAGE][INFO] - Starting to call Test Case 'Test Cases/Popup/PopupButonSecilir'

2021-11-19 16:55:11 - [TEST_CASE][PASSED] - Test Cases/Popup/PopupButonSecilir: Test Cases/Popup/PopupButonSecilir

2021-11-19 16:55:11 - [TEST_STEP][PASSED] - Method.TextDegerineEsitElementeTikla(findTestObject("Popup/Popup_Butons"), Buton): Method.TextDegerineEsitElementeTikla is PASSED

2021-11-19 16:55:11 - [MESSAGE][INFO] - Finding Test Object 'Object Repository/Popup/Popup_Butons'

2021-11-19 16:55:11 - [MESSAGE][INFO] - Checking timeout

2021-11-19 16:55:11 - [MESSAGE][INFO] - Finding web element with id: 'Object Repository/Popup/Popup_Butons' located by 'By.cssSelector: .modal-footer>button' in '10' second(s)

2021-11-19 16:55:11 - [MESSAGE][INFO] - Smart Wait Function is triggered

2021-11-19 16:55:11 - [MESSAGE][INFO] - Found 2 web elements with id: 'Object Repository/Popup/Popup_Butons' located by 'By.cssSelector: .modal-footer>button' in '10' second(s)

2021-11-19 16:55:11 - [MESSAGE][PASSED] - Method.TextDegerineEsitElementeTikla is PASSED

2021-11-19 16:55:11 - [MESSAGE][PASSED] - Call Test Case 'Test Cases/Popup/PopupButonSecilir' successfully

2021-11-19 16:55:11 - [MESSAGE][INFO] - Checking called Test Case

2021-11-19 16:55:11 - [MESSAGE][INFO] - Starting to call Test Case 'Test Cases/Popup/PopupMesajiIceriyorMu'

2021-11-19 16:55:11 - [TEST_CASE][PASSED] - Test Cases/Popup/PopupMesajiIceriyorMu: Test Cases/Popup/PopupMesajiIceriyorMu

2021-11-19 16:55:11 - [TEST_STEP][PASSED] - waitForElementVisible(findTestObject("Popup/Popup"), 10): Object 'Object Repository/Popup/Popup' is visible

2021-11-19 16:55:11 - [MESSAGE][INFO] - Finding Test Object 'Object Repository/Popup/Popup'

2021-11-19 16:55:12 - [MESSAGE][INFO] - Checking object

2021-11-19 16:55:12 - [MESSAGE][INFO] - Checking timeout

2021-11-19 16:55:12 - [MESSAGE][INFO] - Finding web element from Test Object's properties

2021-11-19 16:55:12 - [MESSAGE][INFO] - Checking timeout

2021-11-19 16:55:12 - [MESSAGE][INFO] - Finding web element with id: 'Object Repository/Popup/Popup' located by 'By.cssSelector: .bootbox-body' in '10' second(s)

2021-11-19 16:55:12 - [MESSAGE][INFO] - Smart Wait Function is triggered

2021-11-19 16:55:12 - [MESSAGE][INFO] - Found 1 web elements with id: 'Object Repository/Popup/Popup' located by 'By.cssSelector: .bootbox-body' in '10' second(s)

2021-11-19 16:55:12 - [MESSAGE][PASSED] - Object 'Object Repository/Popup/Popup' is visible

2021-11-19 16:55:12 - [TEST_STEP][PASSED] - if (!(getText(findTestObject("Popup/Popup")).contains(Mesaj))): Text of object 'Object Repository/Popup/Popup' is: 'Fatura numaranız EAR2021000000483 olarak oluşmuştur.'

2021-11-19 16:55:12 - [MESSAGE][INFO] - Finding Test Object 'Object Repository/Popup/Popup'

2021-11-19 16:55:12 - [MESSAGE][INFO] - Checking object

2021-11-19 16:55:12 - [MESSAGE][INFO] - Finding web element from Test Object's properties

2021-11-19 16:55:12 - [MESSAGE][INFO] - Checking timeout

2021-11-19 16:55:12 - [MESSAGE][INFO] - Finding web element with id: 'Object Repository/Popup/Popup' located by 'By.cssSelector: .bootbox-body' in '30' second(s)

2021-11-19 16:55:12 - [MESSAGE][INFO] - Smart Wait Function is triggered

2021-11-19 16:55:13 - [MESSAGE][INFO] - Found 1 web elements with id: 'Object Repository/Popup/Popup' located by 'By.cssSelector: .bootbox-body' in '30' second(s)

2021-11-19 16:55:13 - [MESSAGE][INFO] - Getting text of object 'Object Repository/Popup/Popup'

2021-11-19 16:55:13 - [MESSAGE][PASSED] - Text of object 'Object Repository/Popup/Popup' is: 'Fatura numaranız EAR2021000000483 olarak oluşmuştur.'

2021-11-19 16:55:13 - [TEST_STEP][PASSED] - RaporNo = getText(findTestObject("Popup/Popup")).substring(0, 6): Text of object 'Object Repository/Popup/Popup' is: 'Fatura numaranız EAR2021000000483 olarak oluşmuştur.'

2021-11-19 16:55:13 - [MESSAGE][INFO] - Finding Test Object 'Object Repository/Popup/Popup'

2021-11-19 16:55:13 - [MESSAGE][INFO] - Checking object

2021-11-19 16:55:13 - [MESSAGE][INFO] - Finding web element from Test Object's properties

2021-11-19 16:55:13 - [MESSAGE][INFO] - Checking timeout

2021-11-19 16:55:13 - [MESSAGE][INFO] - Finding web element with id: 'Object Repository/Popup/Popup' located by 'By.cssSelector: .bootbox-body' in '30' second(s)

2021-11-19 16:55:13 - [MESSAGE][INFO] - Smart Wait Function is triggered

2021-11-19 16:55:13 - [MESSAGE][INFO] - Found 1 web elements with id: 'Object Repository/Popup/Popup' located by 'By.cssSelector: .bootbox-body' in '30' second(s)

2021-11-19 16:55:13 - [MESSAGE][INFO] - Getting text of object 'Object Repository/Popup/Popup'

2021-11-19 16:55:13 - [MESSAGE][PASSED] - Text of object 'Object Repository/Popup/Popup' is: 'Fatura numaranız EAR2021000000483 olarak oluşmuştur.'

2021-11-19 16:55:13 - [TEST_STEP][PASSED] - Console.println(RaporNo): null

2021-11-19 16:55:13 - [MESSAGE][PASSED] - Call Test Case 'Test Cases/Popup/PopupMesajiIceriyorMu' successfully

2021-11-19 16:55:13 - [MESSAGE][INFO] - Checking called Test Case

2021-11-19 16:55:13 - [MESSAGE][INFO] - Starting to call Test Case 'Test Cases/Popup/PopupButonSecilir'

2021-11-19 16:55:13 - [TEST_CASE][PASSED] - Test Cases/Popup/PopupButonSecilir: Test Cases/Popup/PopupButonSecilir

2021-11-19 16:55:13 - [TEST_STEP][PASSED] - Method.TextDegerineEsitElementeTikla(findTestObject("Popup/Popup_Butons"), Buton): Method.TextDegerineEsitElementeTikla is PASSED

2021-11-19 16:55:13 - [MESSAGE][INFO] - Finding Test Object 'Object Repository/Popup/Popup_Butons'

2021-11-19 16:55:13 - [MESSAGE][INFO] - Checking timeout

2021-11-19 16:55:13 - [MESSAGE][INFO] - Finding web element with id: 'Object Repository/Popup/Popup_Butons' located by 'By.cssSelector: .modal-footer>button' in '10' second(s)

2021-11-19 16:55:13 - [MESSAGE][INFO] - Smart Wait Function is triggered

2021-11-19 16:55:13 - [MESSAGE][INFO] - Found 1 web elements with id: 'Object Repository/Popup/Popup_Butons' located by 'By.cssSelector: .modal-footer>button' in '10' second(s)

2021-11-19 16:55:14 - [MESSAGE][PASSED] - Method.TextDegerineEsitElementeTikla is PASSED

2021-11-19 16:55:14 - [MESSAGE][PASSED] - Call Test Case 'Test Cases/Popup/PopupButonSecilir' successfully

2021-11-19 16:55:14 - [MESSAGE][INFO] - Checking called Test Case

2021-11-19 16:55:14 - [MESSAGE][INFO] - Starting to call Test Case 'Test Cases/Tablo/TablodanEttnliVeriSec'

2021-11-19 16:55:14 - [TEST_CASE][PASSED] - Test Cases/Tablo/TablodanEttnliVeriSec: Test Cases/Tablo/TablodanEttnliVeriSec

2021-11-19 16:55:14 - [TEST_STEP][PASSED] - Method.TextDegerineEsitElementinAltindakineTikla(findTestObject("Tablo/Veriler"), findTestObject("Tablo/VerininCheckBoxi"), ettn): Method.TextDegerineEsitElementinAltindakineTikla is PASSED

2021-11-19 16:55:14 - [MESSAGE][INFO] - Finding Test Object 'Object Repository/Tablo/Veriler'

2021-11-19 16:55:14 - [MESSAGE][INFO] - Finding Test Object 'Object Repository/Tablo/VerininCheckBoxi'

2021-11-19 16:55:14 - [MESSAGE][INFO] - Checking timeout

2021-11-19 16:55:14 - [MESSAGE][INFO] - Finding web element with id: 'Object Repository/Tablo/Veriler' located by 'By.cssSelector: td.dxgv b ,td.dxgv' in '10' second(s)

2021-11-19 16:55:14 - [MESSAGE][INFO] - Smart Wait Function is triggered

2021-11-19 16:55:14 - [MESSAGE][INFO] - Found 70 web elements with id: 'Object Repository/Tablo/Veriler' located by 'By.cssSelector: td.dxgv b ,td.dxgv' in '10' second(s)

2021-11-19 16:55:14 - [MESSAGE][INFO] - Smart Wait Function is triggered

2021-11-19 16:55:15 - [MESSAGE][PASSED] - Method.TextDegerineEsitElementinAltindakineTikla is PASSED

2021-11-19 16:55:15 - [MESSAGE][PASSED] - Call Test Case 'Test Cases/Tablo/TablodanEttnliVeriSec' successfully

2021-11-19 16:55:15 - [MESSAGE][INFO] - Checking called Test Case

2021-11-19 16:55:15 - [MESSAGE][INFO] - Starting to call Test Case 'Test Cases/Butonlar/ButonaTikla'

2021-11-19 16:55:15 - [TEST_CASE][PASSED] - Test Cases/Butonlar/ButonaTikla: Test Cases/Butonlar/ButonaTikla

2021-11-19 16:55:15 - [TEST_STEP][PASSED] - Method.TextDegerineEsitElementeTiklaEquals(findTestObject("Butonlar/Butonlar"), Buton_Adi): Method.TextDegerineEsitElementeTiklaEquals is PASSED

2021-11-19 16:55:15 - [MESSAGE][INFO] - Finding Test Object 'Object Repository/Butonlar/Butonlar'

2021-11-19 16:55:15 - [MESSAGE][INFO] - Checking timeout

2021-11-19 16:55:15 - [MESSAGE][INFO] - Finding web element with id: 'Object Repository/Butonlar/Butonlar' located by 'By.cssSelector: .panel.panel-default.text-center.footerPanel .btn,.btn.btn-primary.btnControls' in '10' second(s)

2021-11-19 16:55:15 - [MESSAGE][INFO] - Smart Wait Function is triggered

2021-11-19 16:55:15 - [MESSAGE][INFO] - Found 9 web elements with id: 'Object Repository/Butonlar/Butonlar' located by 'By.cssSelector: .panel.panel-default.text-center.footerPanel .btn,.btn.btn-primary.btnControls' in '10' second(s)

2021-11-19 16:55:16 - [MESSAGE][PASSED] - Method.TextDegerineEsitElementeTiklaEquals is PASSED

2021-11-19 16:55:16 - [MESSAGE][PASSED] - Call Test Case 'Test Cases/Butonlar/ButonaTikla' successfully

2021-11-19 16:55:16 - [MESSAGE][INFO] - Checking called Test Case

2021-11-19 16:55:16 - [MESSAGE][INFO] - Starting to call Test Case 'Test Cases/Popup/PopupMesajiIceriyorMu'

2021-11-19 16:55:16 - [TEST_CASE][PASSED] - Test Cases/Popup/PopupMesajiIceriyorMu: Test Cases/Popup/PopupMesajiIceriyorMu

2021-11-19 16:55:16 - [TEST_STEP][PASSED] - waitForElementVisible(findTestObject("Popup/Popup"), 10): Object 'Object Repository/Popup/Popup' is visible

2021-11-19 16:55:16 - [MESSAGE][INFO] - Finding Test Object 'Object Repository/Popup/Popup'

2021-11-19 16:55:16 - [MESSAGE][INFO] - Checking object

2021-11-19 16:55:16 - [MESSAGE][INFO] - Checking timeout

2021-11-19 16:55:16 - [MESSAGE][INFO] - Finding web element from Test Object's properties

2021-11-19 16:55:16 - [MESSAGE][INFO] - Checking timeout

2021-11-19 16:55:16 - [MESSAGE][INFO] - Finding web element with id: 'Object Repository/Popup/Popup' located by 'By.cssSelector: .bootbox-body' in '10' second(s)

2021-11-19 16:55:16 - [MESSAGE][INFO] - Smart Wait Function is triggered

2021-11-19 16:55:17 - [MESSAGE][INFO] - Found 1 web elements with id: 'Object Repository/Popup/Popup' located by 'By.cssSelector: .bootbox-body' in '10' second(s)

2021-11-19 16:55:17 - [MESSAGE][PASSED] - Object 'Object Repository/Popup/Popup' is visible

2021-11-19 16:55:17 - [TEST_STEP][PASSED] - if (!(getText(findTestObject("Popup/Popup")).contains(Mesaj))): Text of object 'Object Repository/Popup/Popup' is: 'Seçilen faturalarınız onaylanacaktır. Onaylanan faturalar üzerinde değişiklik yapılamaz. Devam etmek istiyor musunuz?'

2021-11-19 16:55:17 - [MESSAGE][INFO] - Finding Test Object 'Object Repository/Popup/Popup'

2021-11-19 16:55:17 - [MESSAGE][INFO] - Checking object

2021-11-19 16:55:17 - [MESSAGE][INFO] - Finding web element from Test Object's properties

2021-11-19 16:55:17 - [MESSAGE][INFO] - Checking timeout

2021-11-19 16:55:17 - [MESSAGE][INFO] - Finding web element with id: 'Object Repository/Popup/Popup' located by 'By.cssSelector: .bootbox-body' in '30' second(s)

2021-11-19 16:55:17 - [MESSAGE][INFO] - Smart Wait Function is triggered

2021-11-19 16:55:17 - [MESSAGE][INFO] - Found 1 web elements with id: 'Object Repository/Popup/Popup' located by 'By.cssSelector: .bootbox-body' in '30' second(s)

2021-11-19 16:55:17 - [MESSAGE][INFO] - Getting text of object 'Object Repository/Popup/Popup'

2021-11-19 16:55:17 - [MESSAGE][PASSED] - Text of object 'Object Repository/Popup/Popup' is: 'Seçilen faturalarınız onaylanacaktır. Onaylanan faturalar üzerinde değişiklik yapılamaz. Devam etmek istiyor musunuz?'

2021-11-19 16:55:17 - [TEST_STEP][PASSED] - RaporNo = getText(findTestObject("Popup/Popup")).substring(0, 6): Text of object 'Object Repository/Popup/Popup' is: 'Seçilen faturalarınız onaylanacaktır. Onaylanan faturalar üzerinde değişiklik yapılamaz. Devam etmek istiyor musunuz?'

2021-11-19 16:55:17 - [MESSAGE][INFO] - Finding Test Object 'Object Repository/Popup/Popup'

2021-11-19 16:55:17 - [MESSAGE][INFO] - Checking object

2021-11-19 16:55:17 - [MESSAGE][INFO] - Finding web element from Test Object's properties

2021-11-19 16:55:17 - [MESSAGE][INFO] - Checking timeout

2021-11-19 16:55:17 - [MESSAGE][INFO] - Finding web element with id: 'Object Repository/Popup/Popup' located by 'By.cssSelector: .bootbox-body' in '30' second(s)

2021-11-19 16:55:17 - [MESSAGE][INFO] - Smart Wait Function is triggered

2021-11-19 16:55:18 - [MESSAGE][INFO] - Found 1 web elements with id: 'Object Repository/Popup/Popup' located by 'By.cssSelector: .bootbox-body' in '30' second(s)

2021-11-19 16:55:18 - [MESSAGE][INFO] - Getting text of object 'Object Repository/Popup/Popup'

2021-11-19 16:55:18 - [MESSAGE][PASSED] - Text of object 'Object Repository/Popup/Popup' is: 'Seçilen faturalarınız onaylanacaktır. Onaylanan faturalar üzerinde değişiklik yapılamaz. Devam etmek istiyor musunuz?'

2021-11-19 16:55:18 - [TEST_STEP][PASSED] - Console.println(RaporNo): null

2021-11-19 16:55:18 - [MESSAGE][PASSED] - Call Test Case 'Test Cases/Popup/PopupMesajiIceriyorMu' successfully

2021-11-19 16:55:18 - [MESSAGE][INFO] - Checking called Test Case

2021-11-19 16:55:18 - [MESSAGE][INFO] - Starting to call Test Case 'Test Cases/Popup/PopupButonSecilir'

2021-11-19 16:55:18 - [TEST_CASE][PASSED] - Test Cases/Popup/PopupButonSecilir: Test Cases/Popup/PopupButonSecilir

2021-11-19 16:55:18 - [TEST_STEP][PASSED] - Method.TextDegerineEsitElementeTikla(findTestObject("Popup/Popup_Butons"), Buton): Method.TextDegerineEsitElementeTikla is PASSED

2021-11-19 16:55:18 - [MESSAGE][INFO] - Finding Test Object 'Object Repository/Popup/Popup_Butons'

2021-11-19 16:55:18 - [MESSAGE][INFO] - Checking timeout

2021-11-19 16:55:18 - [MESSAGE][INFO] - Finding web element with id: 'Object Repository/Popup/Popup_Butons' located by 'By.cssSelector: .modal-footer>button' in '10' second(s)

2021-11-19 16:55:18 - [MESSAGE][INFO] - Smart Wait Function is triggered

2021-11-19 16:55:18 - [MESSAGE][INFO] - Found 2 web elements with id: 'Object Repository/Popup/Popup_Butons' located by 'By.cssSelector: .modal-footer>button' in '10' second(s)

2021-11-19 16:55:18 - [MESSAGE][PASSED] - Method.TextDegerineEsitElementeTikla is PASSED

2021-11-19 16:55:18 - [MESSAGE][PASSED] - Call Test Case 'Test Cases/Popup/PopupButonSecilir' successfully

2021-11-19 16:55:18 - [MESSAGE][INFO] - Checking called Test Case

2021-11-19 16:55:18 - [MESSAGE][INFO] - Starting to call Test Case 'Test Cases/Menu/AnaMenuSecimi'

2021-11-19 16:55:18 - [TEST_CASE][PASSED] - Test Cases/Menu/AnaMenuSecimi: Test Cases/Menu/AnaMenuSecimi

2021-11-19 16:55:18 - [TEST_STEP][PASSED] - Method.TextDegerineEsitElementeTikla(findTestObject("Menu/Ana_Menu"), Ana_Menu): Method.TextDegerineEsitElementeTikla is PASSED

2021-11-19 16:55:18 - [MESSAGE][INFO] - Finding Test Object 'Object Repository/Menu/Ana_Menu'

2021-11-19 16:55:18 - [MESSAGE][INFO] - Checking timeout

2021-11-19 16:55:18 - [MESSAGE][INFO] - Finding web element with id: 'Object Repository/Menu/Ana_Menu' located by 'By.xpath: //*[@class = 'dropdown-toggle']' in '10' second(s)

2021-11-19 16:55:18 - [MESSAGE][INFO] - Smart Wait Function is triggered

2021-11-19 16:55:19 - [MESSAGE][INFO] - Found 13 web elements with id: 'Object Repository/Menu/Ana_Menu' located by 'By.xpath: //*[@class = 'dropdown-toggle']' in '10' second(s)

2021-11-19 16:55:19 - [MESSAGE][PASSED] - Method.TextDegerineEsitElementeTikla is PASSED

2021-11-19 16:55:19 - [MESSAGE][PASSED] - Call Test Case 'Test Cases/Menu/AnaMenuSecimi' successfully

2021-11-19 16:55:19 - [MESSAGE][INFO] - Checking called Test Case

2021-11-19 16:55:19 - [MESSAGE][INFO] - Starting to call Test Case 'Test Cases/Menu/BasligaGoreAltMenuSecimi'

2021-11-19 16:55:19 - [TEST_CASE][PASSED] - Test Cases/Menu/BasligaGoreAltMenuSecimi: Test Cases/Menu/BasligaGoreAltMenuSecimi

2021-11-19 16:55:19 - [TEST_STEP][PASSED] - Method.TextDegerineEsitElementinAltindakiTextDegerineEsitOlanaTikla(findTestObject("Menu/Menu_Basligi"), findTestObject("Menu/Basliga_Gore_Alt_Menu"), Baslik, Alt_Menu): Method.TextDegerineEsitElementinAltindakiTextDegerineEsitOlanaTikla is PASSED

2021-11-19 16:55:19 - [MESSAGE][INFO] - Finding Test Object 'Object Repository/Menu/Menu_Basligi'

2021-11-19 16:55:20 - [MESSAGE][INFO] - Finding Test Object 'Object Repository/Menu/Basliga_Gore_Alt_Menu'

2021-11-19 16:55:20 - [MESSAGE][INFO] - Checking timeout

2021-11-19 16:55:20 - [MESSAGE][INFO] - Finding web element with id: 'Object Repository/Menu/Menu_Basligi' located by 'By.xpath: //li[@class='dropdown dropdown-large open']//li[@class='dropdown-header']' in '10' second(s)

2021-11-19 16:55:20 - [MESSAGE][INFO] - Smart Wait Function is triggered

2021-11-19 16:55:20 - [MESSAGE][INFO] - Found 2 web elements with id: 'Object Repository/Menu/Menu_Basligi' located by 'By.xpath: //li[@class='dropdown dropdown-large open']//li[@class='dropdown-header']' in '10' second(s)

2021-11-19 16:55:20 - [MESSAGE][INFO] - Smart Wait Function is triggered

2021-11-19 16:55:21 - [MESSAGE][PASSED] - Method.TextDegerineEsitElementinAltindakiTextDegerineEsitOlanaTikla is PASSED

2021-11-19 16:55:21 - [MESSAGE][PASSED] - Call Test Case 'Test Cases/Menu/BasligaGoreAltMenuSecimi' successfully

2021-11-19 16:55:21 - [MESSAGE][INFO] - Checking called Test Case

2021-11-19 16:55:21 - [MESSAGE][INFO] - Starting to call Test Case 'Test Cases/Filtreler/EttnYaz'

2021-11-19 16:55:21 - [TEST_CASE][PASSED] - Test Cases/Filtreler/EttnYaz: Test Cases/Filtreler/EttnYaz

2021-11-19 16:55:21 - [TEST_STEP][PASSED] - Method.TextDegerineEsitElementinAltindakiTextboxtaYaz(findTestObject("Filtreler/Basliklar"), findTestObject("Filtreler/Basliga_Gore_Textbox"), "ETTN", ettn): Method.TextDegerineEsitElementinAltindakiTextboxtaYaz is PASSED

2021-11-19 16:55:21 - [MESSAGE][INFO] - Finding Test Object 'Object Repository/Filtreler/Basliklar'

2021-11-19 16:55:21 - [MESSAGE][INFO] - Finding Test Object 'Object Repository/Filtreler/Basliga_Gore_Textbox'

2021-11-19 16:55:21 - [MESSAGE][INFO] - Checking timeout

2021-11-19 16:55:21 - [MESSAGE][INFO] - Finding web element with id: 'Object Repository/Filtreler/Basliklar' located by 'By.cssSelector: .control-label.col-sm-4.paddingMarginRLC' in '10' second(s)

2021-11-19 16:55:21 - [MESSAGE][INFO] - Smart Wait Function is triggered

2021-11-19 16:55:22 - [MESSAGE][INFO] - Found 19 web elements with id: 'Object Repository/Filtreler/Basliklar' located by 'By.cssSelector: .control-label.col-sm-4.paddingMarginRLC' in '10' second(s)

2021-11-19 16:55:22 - [MESSAGE][INFO] - Smart Wait Function is triggered

2021-11-19 16:55:22 - [MESSAGE][PASSED] - Method.TextDegerineEsitElementinAltindakiTextboxtaYaz is PASSED

2021-11-19 16:55:22 - [MESSAGE][PASSED] - Call Test Case 'Test Cases/Filtreler/EttnYaz' successfully

2021-11-19 16:55:22 - [MESSAGE][INFO] - Checking called Test Case

2021-11-19 16:55:22 - [MESSAGE][INFO] - Starting to call Test Case 'Test Cases/Filtreler/ButonaTikla'

2021-11-19 16:55:22 - [TEST_CASE][PASSED] - Test Cases/Filtreler/ButonaTikla: Test Cases/Filtreler/ButonaTikla

2021-11-19 16:55:22 - [TEST_STEP][PASSED] - Method.TextDegerineEsitElementeTikla(findTestObject("Filtreler/Butonlar"), Filtre_Buton): Method.TextDegerineEsitElementeTikla is PASSED

2021-11-19 16:55:22 - [MESSAGE][INFO] - Finding Test Object 'Object Repository/Filtreler/Butonlar'

2021-11-19 16:55:22 - [MESSAGE][INFO] - Checking timeout

2021-11-19 16:55:22 - [MESSAGE][INFO] - Finding web element with id: 'Object Repository/Filtreler/Butonlar' located by 'By.cssSelector: .dxb>span' in '10' second(s)

2021-11-19 16:55:22 - [MESSAGE][INFO] - Smart Wait Function is triggered

2021-11-19 16:55:22 - [MESSAGE][INFO] - Found 3 web elements with id: 'Object Repository/Filtreler/Butonlar' located by 'By.cssSelector: .dxb>span' in '10' second(s)

2021-11-19 16:55:23 - [MESSAGE][PASSED] - Method.TextDegerineEsitElementeTikla is PASSED

2021-11-19 16:55:23 - [MESSAGE][PASSED] - Call Test Case 'Test Cases/Filtreler/ButonaTikla' successfully

2021-11-19 16:55:23 - [MESSAGE][INFO] - Checking called Test Case

2021-11-19 16:55:23 - [MESSAGE][INFO] - Starting to call Test Case 'Test Cases/Tablo/TablodaVeriVarMi'

2021-11-19 16:55:23 - [TEST_CASE][PASSED] - Test Cases/Tablo/TablodaVeriVarMi: Test Cases/Tablo/TablodaVeriVarMi

2021-11-19 16:55:23 - [TEST_STEP][PASSED] - verifyTextNotPresent("Görüntülenecek veri yok", true): Text 'Görüntülenecek veri yok' is not present on page using regular expression

2021-11-19 16:55:23 - [MESSAGE][INFO] - Checking text present  using regular expression

2021-11-19 16:55:23 - [MESSAGE][INFO] - Smart Wait Function is triggered

2021-11-19 16:55:23 - [MESSAGE][INFO] - Finding text 'Görüntülenecek veri yok' on page  using regular expression

2021-11-19 16:55:23 - [MESSAGE][PASSED] - Text 'Görüntülenecek veri yok' is not present on page using regular expression

2021-11-19 16:55:23 - [MESSAGE][PASSED] - Call Test Case 'Test Cases/Tablo/TablodaVeriVarMi' successfully

2021-11-19 16:55:23 - [MESSAGE][INFO] - Checking called Test Case

2021-11-19 16:55:23 - [MESSAGE][INFO] - Starting to call Test Case 'Test Cases/Tablo/TablodaVeriBasariliMiArsiv'

2021-11-19 16:55:23 - [TEST_CASE][PASSED] - Test Cases/Tablo/TablodaVeriBasariliMiArsiv: Test Cases/Tablo/TablodaVeriBasariliMiArsiv

2021-11-19 16:55:23 - [TEST_STEP][PASSED] - sayac = 80: null

2021-11-19 16:55:23 - [TEST_STEP][PASSED] - while (verifyElementText(findTestObject("Object Repository/Tablo/DurumBilgisiArsiv"), "Henüz Sonuçlanmadı", OPTIONAL)): Actual text 'Başarılı' and expected text 'Henüz Sonuçlanmadı' of test object 'Object Repository/Tablo/DurumBilgisiArsiv' are NOT matched. (Root cause: com.kms.katalon.core.exception.StepFailedException: Actual text 'Başarılı' and expected text 'Henüz Sonuçlanmadı' of test object 'Object Repository/Tablo/DurumBilgisiArsiv' are NOT matched.
	at com.kms.katalon.core.webui.keyword.internal.WebUIKeywordMain.stepFailed(WebUIKeywordMain.groovy:64)
	at com.kms.katalon.core.webui.keyword.builtin.VerifyElementTextKeyword$_verifyElementText_closure1.doCall(VerifyElementTextKeyword.groovy:57)
	at com.kms.katalon.core.webui.keyword.builtin.VerifyElementTextKeyword$_verifyElementText_closure1.call(VerifyElementTextKeyword.groovy)
	at com.kms.katalon.core.webui.keyword.internal.WebUIKeywordMain.runKeyword(WebUIKeywordMain.groovy:20)
	at com.kms.katalon.core.webui.keyword.builtin.VerifyElementTextKeyword.verifyElementText(VerifyElementTextKeyword.groovy:72)
	at com.kms.katalon.core.webui.keyword.builtin.VerifyElementTextKeyword.execute(VerifyElementTextKeyword.groovy:40)
	at com.kms.katalon.core.keyword.internal.KeywordExecutor.executeKeywordForPlatform(KeywordExecutor.groovy:73)
	at com.kms.katalon.core.webui.keyword.WebUiBuiltInKeywords.verifyElementText(WebUiBuiltInKeywords.groovy:4733)
	at com.kms.katalon.core.webui.keyword.WebUiBuiltInKeywords$verifyElementText$20.call(Unknown Source)
	at TablodaVeriBasariliMiArsiv.run(TablodaVeriBasariliMiArsiv:22)
	at com.kms.katalon.core.main.ScriptEngine.run(ScriptEngine.java:194)
	at com.kms.katalon.core.main.ScriptEngine.runScriptAsRawText(ScriptEngine.java:119)
	at com.kms.katalon.core.main.TestCaseExecutor.runScript(TestCaseExecutor.java:369)
	at com.kms.katalon.core.main.TestCaseExecutor.doExecute(TestCaseExecutor.java:360)
	at com.kms.katalon.core.main.TestCaseExecutor.processExecutionPhase(TestCaseExecutor.java:339)
	at com.kms.katalon.core.main.TestCaseExecutor.accessMainPhase(TestCaseExecutor.java:331)
	at com.kms.katalon.core.main.TestCaseExecutor.execute(TestCaseExecutor.java:248)
	at com.kms.katalon.core.main.TestCaseMain.runTestCase(TestCaseMain.java:138)
	at com.kms.katalon.core.keyword.builtin.CallTestCaseKeyword$_callTestCase_closure1.doCall(CallTestCaseKeyword.groovy:59)
	at com.kms.katalon.core.keyword.builtin.CallTestCaseKeyword$_callTestCase_closure1.call(CallTestCaseKeyword.groovy)
	at com.kms.katalon.core.keyword.internal.KeywordMain.runKeyword(KeywordMain.groovy:68)
	at com.kms.katalon.core.keyword.builtin.CallTestCaseKeyword.callTestCase(CallTestCaseKeyword.groovy:81)
	at com.kms.katalon.core.keyword.builtin.CallTestCaseKeyword.execute(CallTestCaseKeyword.groovy:44)
	at com.kms.katalon.core.keyword.internal.KeywordExecutor.executeKeywordForPlatform(KeywordExecutor.groovy:73)
	at com.kms.katalon.core.keyword.BuiltinKeywords.callTestCase(BuiltinKeywords.groovy:334)
	at tablo.tablo.tablodaVeriBasariliMiArsiv(tablo.groovy:95)
	at cucumber.runtime.Utils$1.call(Utils.java:26)
	at cucumber.runtime.Timeout.timeout(Timeout.java:16)
	at cucumber.runtime.Utils.invoke(Utils.java:20)
	at cucumber.runtime.java.JavaStepDefinition.execute(JavaStepDefinition.java:49)
	at cucumber.runner.PickleStepDefinitionMatch.runStep(PickleStepDefinitionMatch.java:50)
	at cucumber.runner.TestStep.executeStep(TestStep.java:63)
	at cucumber.runner.TestStep.run(TestStep.java:49)
	at cucumber.runner.PickleStepTestStep.run(PickleStepTestStep.java:43)
	at cucumber.runner.TestCase.run(TestCase.java:44)
	at cucumber.runner.Runner.runPickle(Runner.java:40)
	at cucumber.runtime.Runtime$1.run(Runtime.java:84)
	at cucumber.runtime.Runtime$SameThreadExecutorService.execute(Runtime.java:220)
	at cucumber.runtime.Runtime.run(Runtime.java:81)
	at cucumber.api.cli.Main.run(Main.java:26)
	at cucumber.api.cli.Main$run.call(Unknown Source)
	at com.kms.katalon.core.cucumber.keyword.CucumberBuiltinKeywords$_runFeatureFile_closure1.doCall(CucumberBuiltinKeywords.groovy:106)
	at com.kms.katalon.core.cucumber.keyword.CucumberBuiltinKeywords$_runFeatureFile_closure1.doCall(CucumberBuiltinKeywords.groovy)
	at com.kms.katalon.core.keyword.internal.KeywordMain.runKeyword(KeywordMain.groovy:68)
	at com.kms.katalon.core.keyword.internal.KeywordMain$runKeyword.call(Unknown Source)
	at com.kms.katalon.core.cucumber.keyword.CucumberBuiltinKeywords.runFeatureFile(CucumberBuiltinKeywords.groovy:73)
	at com.kms.katalon.core.cucumber.keyword.CucumberBuiltinKeywords$runFeatureFile$0.callStatic(Unknown Source)
	at com.kms.katalon.core.cucumber.keyword.CucumberBuiltinKeywords.runFeatureFile(CucumberBuiltinKeywords.groovy:246)
	at com.kms.katalon.core.cucumber.keyword.CucumberBuiltinKeywords$runFeatureFile.call(Unknown Source)
	at VKN-Elektronik-Ihrac Kayitli.run(VKN-Elektronik-Ihrac Kayitli:19)
	at com.kms.katalon.core.main.ScriptEngine.run(ScriptEngine.java:194)
	at com.kms.katalon.core.main.ScriptEngine.runScriptAsRawText(ScriptEngine.java:119)
	at com.kms.katalon.core.main.TestCaseExecutor.runScript(TestCaseExecutor.java:369)
	at com.kms.katalon.core.main.TestCaseExecutor.doExecute(TestCaseExecutor.java:360)
	at com.kms.katalon.core.main.TestCaseExecutor.processExecutionPhase(TestCaseExecutor.java:339)
	at com.kms.katalon.core.main.TestCaseExecutor.accessMainPhase(TestCaseExecutor.java:331)
	at com.kms.katalon.core.main.TestCaseExecutor.execute(TestCaseExecutor.java:248)
	at com.kms.katalon.core.main.TestSuiteExecutor.accessTestCaseMainPhase(TestSuiteExecutor.java:191)
	at com.kms.katalon.core.main.TestSuiteExecutor.accessTestSuiteMainPhase(TestSuiteExecutor.java:140)
	at com.kms.katalon.core.main.TestSuiteExecutor.execute(TestSuiteExecutor.java:89)
	at com.kms.katalon.core.main.TestCaseMain.startTestSuite(TestCaseMain.java:181)
	at com.kms.katalon.core.main.TestCaseMain$startTestSuite$0.call(Unknown Source)
	at TempTestSuite1637329560940.run(TempTestSuite1637329560940.groovy:39)
)

2021-11-19 16:55:23 - [MESSAGE][INFO] - Finding Test Object 'Object Repository/Tablo/DurumBilgisiArsiv'

2021-11-19 16:55:23 - [MESSAGE][INFO] - Checking object

2021-11-19 16:55:23 - [MESSAGE][INFO] - Finding web element from Test Object's properties

2021-11-19 16:55:23 - [MESSAGE][INFO] - Checking timeout

2021-11-19 16:55:23 - [MESSAGE][INFO] - Finding web element with id: 'Object Repository/Tablo/DurumBilgisiArsiv' located by 'By.xpath: //*[@id = 'GridViewEArchiveInvoices_tccell0_9']' in '30' second(s)

2021-11-19 16:55:23 - [MESSAGE][INFO] - Smart Wait Function is triggered

2021-11-19 16:55:24 - [MESSAGE][INFO] - Found 1 web elements with id: 'Object Repository/Tablo/DurumBilgisiArsiv' located by 'By.xpath: //*[@id = 'GridViewEArchiveInvoices_tccell0_9']' in '30' second(s)

2021-11-19 16:55:24 - [MESSAGE][WARNING] - Actual text 'Başarılı' and expected text 'Henüz Sonuçlanmadı' of test object 'Object Repository/Tablo/DurumBilgisiArsiv' are NOT matched. (Root cause: com.kms.katalon.core.exception.StepFailedException: Actual text 'Başarılı' and expected text 'Henüz Sonuçlanmadı' of test object 'Object Repository/Tablo/DurumBilgisiArsiv' are NOT matched.
	at com.kms.katalon.core.webui.keyword.internal.WebUIKeywordMain.stepFailed(WebUIKeywordMain.groovy:64)
	at com.kms.katalon.core.webui.keyword.builtin.VerifyElementTextKeyword$_verifyElementText_closure1.doCall(VerifyElementTextKeyword.groovy:57)
	at com.kms.katalon.core.webui.keyword.builtin.VerifyElementTextKeyword$_verifyElementText_closure1.call(VerifyElementTextKeyword.groovy)
	at com.kms.katalon.core.webui.keyword.internal.WebUIKeywordMain.runKeyword(WebUIKeywordMain.groovy:20)
	at com.kms.katalon.core.webui.keyword.builtin.VerifyElementTextKeyword.verifyElementText(VerifyElementTextKeyword.groovy:72)
	at com.kms.katalon.core.webui.keyword.builtin.VerifyElementTextKeyword.execute(VerifyElementTextKeyword.groovy:40)
	at com.kms.katalon.core.keyword.internal.KeywordExecutor.executeKeywordForPlatform(KeywordExecutor.groovy:73)
	at com.kms.katalon.core.webui.keyword.WebUiBuiltInKeywords.verifyElementText(WebUiBuiltInKeywords.groovy:4733)
	at com.kms.katalon.core.webui.keyword.WebUiBuiltInKeywords$verifyElementText$20.call(Unknown Source)
	at TablodaVeriBasariliMiArsiv.run(TablodaVeriBasariliMiArsiv:22)
	at com.kms.katalon.core.main.ScriptEngine.run(ScriptEngine.java:194)
	at com.kms.katalon.core.main.ScriptEngine.runScriptAsRawText(ScriptEngine.java:119)
	at com.kms.katalon.core.main.TestCaseExecutor.runScript(TestCaseExecutor.java:369)
	at com.kms.katalon.core.main.TestCaseExecutor.doExecute(TestCaseExecutor.java:360)
	at com.kms.katalon.core.main.TestCaseExecutor.processExecutionPhase(TestCaseExecutor.java:339)
	at com.kms.katalon.core.main.TestCaseExecutor.accessMainPhase(TestCaseExecutor.java:331)
	at com.kms.katalon.core.main.TestCaseExecutor.execute(TestCaseExecutor.java:248)
	at com.kms.katalon.core.main.TestCaseMain.runTestCase(TestCaseMain.java:138)
	at com.kms.katalon.core.keyword.builtin.CallTestCaseKeyword$_callTestCase_closure1.doCall(CallTestCaseKeyword.groovy:59)
	at com.kms.katalon.core.keyword.builtin.CallTestCaseKeyword$_callTestCase_closure1.call(CallTestCaseKeyword.groovy)
	at com.kms.katalon.core.keyword.internal.KeywordMain.runKeyword(KeywordMain.groovy:68)
	at com.kms.katalon.core.keyword.builtin.CallTestCaseKeyword.callTestCase(CallTestCaseKeyword.groovy:81)
	at com.kms.katalon.core.keyword.builtin.CallTestCaseKeyword.execute(CallTestCaseKeyword.groovy:44)
	at com.kms.katalon.core.keyword.internal.KeywordExecutor.executeKeywordForPlatform(KeywordExecutor.groovy:73)
	at com.kms.katalon.core.keyword.BuiltinKeywords.callTestCase(BuiltinKeywords.groovy:334)
	at tablo.tablo.tablodaVeriBasariliMiArsiv(tablo.groovy:95)
	at cucumber.runtime.Utils$1.call(Utils.java:26)
	at cucumber.runtime.Timeout.timeout(Timeout.java:16)
	at cucumber.runtime.Utils.invoke(Utils.java:20)
	at cucumber.runtime.java.JavaStepDefinition.execute(JavaStepDefinition.java:49)
	at cucumber.runner.PickleStepDefinitionMatch.runStep(PickleStepDefinitionMatch.java:50)
	at cucumber.runner.TestStep.executeStep(TestStep.java:63)
	at cucumber.runner.TestStep.run(TestStep.java:49)
	at cucumber.runner.PickleStepTestStep.run(PickleStepTestStep.java:43)
	at cucumber.runner.TestCase.run(TestCase.java:44)
	at cucumber.runner.Runner.runPickle(Runner.java:40)
	at cucumber.runtime.Runtime$1.run(Runtime.java:84)
	at cucumber.runtime.Runtime$SameThreadExecutorService.execute(Runtime.java:220)
	at cucumber.runtime.Runtime.run(Runtime.java:81)
	at cucumber.api.cli.Main.run(Main.java:26)
	at cucumber.api.cli.Main$run.call(Unknown Source)
	at com.kms.katalon.core.cucumber.keyword.CucumberBuiltinKeywords$_runFeatureFile_closure1.doCall(CucumberBuiltinKeywords.groovy:106)
	at com.kms.katalon.core.cucumber.keyword.CucumberBuiltinKeywords$_runFeatureFile_closure1.doCall(CucumberBuiltinKeywords.groovy)
	at com.kms.katalon.core.keyword.internal.KeywordMain.runKeyword(KeywordMain.groovy:68)
	at com.kms.katalon.core.keyword.internal.KeywordMain$runKeyword.call(Unknown Source)
	at com.kms.katalon.core.cucumber.keyword.CucumberBuiltinKeywords.runFeatureFile(CucumberBuiltinKeywords.groovy:73)
	at com.kms.katalon.core.cucumber.keyword.CucumberBuiltinKeywords$runFeatureFile$0.callStatic(Unknown Source)
	at com.kms.katalon.core.cucumber.keyword.CucumberBuiltinKeywords.runFeatureFile(CucumberBuiltinKeywords.groovy:246)
	at com.kms.katalon.core.cucumber.keyword.CucumberBuiltinKeywords$runFeatureFile.call(Unknown Source)
	at VKN-Elektronik-Ihrac Kayitli.run(VKN-Elektronik-Ihrac Kayitli:19)
	at com.kms.katalon.core.main.ScriptEngine.run(ScriptEngine.java:194)
	at com.kms.katalon.core.main.ScriptEngine.runScriptAsRawText(ScriptEngine.java:119)
	at com.kms.katalon.core.main.TestCaseExecutor.runScript(TestCaseExecutor.java:369)
	at com.kms.katalon.core.main.TestCaseExecutor.doExecute(TestCaseExecutor.java:360)
	at com.kms.katalon.core.main.TestCaseExecutor.processExecutionPhase(TestCaseExecutor.java:339)
	at com.kms.katalon.core.main.TestCaseExecutor.accessMainPhase(TestCaseExecutor.java:331)
	at com.kms.katalon.core.main.TestCaseExecutor.execute(TestCaseExecutor.java:248)
	at com.kms.katalon.core.main.TestSuiteExecutor.accessTestCaseMainPhase(TestSuiteExecutor.java:191)
	at com.kms.katalon.core.main.TestSuiteExecutor.accessTestSuiteMainPhase(TestSuiteExecutor.java:140)
	at com.kms.katalon.core.main.TestSuiteExecutor.execute(TestSuiteExecutor.java:89)
	at com.kms.katalon.core.main.TestCaseMain.startTestSuite(TestCaseMain.java:181)
	at com.kms.katalon.core.main.TestCaseMain$startTestSuite$0.call(Unknown Source)
	at TempTestSuite1637329560940.run(TempTestSuite1637329560940.groovy:39)
)

2021-11-19 16:55:24 - [TEST_STEP][PASSED] - Method.TextDegerineEsitElementVarMi(findTestObject("Object Repository/Tablo/DurumBilgisiArsiv"), "Başarılı"): Method.TextDegerineEsitElementVarMi is PASSED

2021-11-19 16:55:24 - [MESSAGE][INFO] - Finding Test Object 'Object Repository/Tablo/DurumBilgisiArsiv'

2021-11-19 16:55:24 - [MESSAGE][INFO] - Checking timeout

2021-11-19 16:55:24 - [MESSAGE][INFO] - Finding web element with id: 'Object Repository/Tablo/DurumBilgisiArsiv' located by 'By.xpath: //*[@id = 'GridViewEArchiveInvoices_tccell0_9']' in '10' second(s)

2021-11-19 16:55:24 - [MESSAGE][INFO] - Smart Wait Function is triggered

2021-11-19 16:55:24 - [MESSAGE][INFO] - Found 1 web elements with id: 'Object Repository/Tablo/DurumBilgisiArsiv' located by 'By.xpath: //*[@id = 'GridViewEArchiveInvoices_tccell0_9']' in '10' second(s)

2021-11-19 16:55:24 - [MESSAGE][PASSED] - Method.TextDegerineEsitElementVarMi is PASSED

2021-11-19 16:55:24 - [MESSAGE][PASSED] - Call Test Case 'Test Cases/Tablo/TablodaVeriBasariliMiArsiv' successfully

2021-11-19 16:55:24 - [MESSAGE][INFO] - Checking called Test Case

2021-11-19 16:55:24 - [MESSAGE][INFO] - Starting to call Test Case 'Test Cases/Kullanici_Islemleri/KullaniciIslemlerindenSecimYapilir'

2021-11-19 16:55:24 - [TEST_CASE][PASSED] - Test Cases/Kullanici_Islemleri/KullaniciIslemlerindenSecimYapilir: Test Cases/Kullanici_Islemleri/KullaniciIslemlerindenSecimYapilir

2021-11-19 16:55:24 - [TEST_STEP][PASSED] - waitForElementClickable(findTestObject("Object Repository/Kullanici_Islemleri/KullaniciIslemleri"), 10): Object 'Object Repository/Kullanici_Islemleri/KullaniciIslemleri' is clickable

2021-11-19 16:55:24 - [MESSAGE][INFO] - Finding Test Object 'Object Repository/Kullanici_Islemleri/KullaniciIslemleri'

2021-11-19 16:55:24 - [MESSAGE][INFO] - Checking object

2021-11-19 16:55:24 - [MESSAGE][INFO] - Checking timeout

2021-11-19 16:55:24 - [MESSAGE][INFO] - Finding web element from Test Object's properties

2021-11-19 16:55:24 - [MESSAGE][INFO] - Checking timeout

2021-11-19 16:55:24 - [MESSAGE][INFO] - Finding web element with id: 'Object Repository/Kullanici_Islemleri/KullaniciIslemleri' located by 'By.cssSelector: .dropdown>a>img' in '10' second(s)

2021-11-19 16:55:24 - [MESSAGE][INFO] - Smart Wait Function is triggered

2021-11-19 16:55:25 - [MESSAGE][INFO] - Found 1 web elements with id: 'Object Repository/Kullanici_Islemleri/KullaniciIslemleri' located by 'By.cssSelector: .dropdown>a>img' in '10' second(s)

2021-11-19 16:55:25 - [MESSAGE][PASSED] - Object 'Object Repository/Kullanici_Islemleri/KullaniciIslemleri' is clickable

2021-11-19 16:55:25 - [TEST_STEP][PASSED] - click(findTestObject("Object Repository/Kullanici_Islemleri/KullaniciIslemleri")): Object: 'Object Repository/Kullanici_Islemleri/KullaniciIslemleri' is clicked on

2021-11-19 16:55:25 - [MESSAGE][INFO] - Finding Test Object 'Object Repository/Kullanici_Islemleri/KullaniciIslemleri'

2021-11-19 16:55:25 - [MESSAGE][INFO] - Checking object

2021-11-19 16:55:25 - [MESSAGE][INFO] - Finding web element from Test Object's properties

2021-11-19 16:55:25 - [MESSAGE][INFO] - Checking timeout

2021-11-19 16:55:25 - [MESSAGE][INFO] - Finding web element with id: 'Object Repository/Kullanici_Islemleri/KullaniciIslemleri' located by 'By.cssSelector: .dropdown>a>img' in '30' second(s)

2021-11-19 16:55:25 - [MESSAGE][INFO] - Smart Wait Function is triggered

2021-11-19 16:55:25 - [MESSAGE][INFO] - Found 1 web elements with id: 'Object Repository/Kullanici_Islemleri/KullaniciIslemleri' located by 'By.cssSelector: .dropdown>a>img' in '30' second(s)

2021-11-19 16:55:25 - [MESSAGE][INFO] - Clicking on object: 'Object Repository/Kullanici_Islemleri/KullaniciIslemleri'

2021-11-19 16:55:25 - [MESSAGE][PASSED] - Object: 'Object Repository/Kullanici_Islemleri/KullaniciIslemleri' is clicked on

2021-11-19 16:55:25 - [TEST_STEP][PASSED] - Method.TextDegerineEsitElementeTikla(findTestObject("Object Repository/Kullanici_Islemleri/Secenekler"), Islem): Method.TextDegerineEsitElementeTikla is PASSED

2021-11-19 16:55:25 - [MESSAGE][INFO] - Finding Test Object 'Object Repository/Kullanici_Islemleri/Secenekler'

2021-11-19 16:55:25 - [MESSAGE][INFO] - Checking timeout

2021-11-19 16:55:25 - [MESSAGE][INFO] - Finding web element with id: 'Object Repository/Kullanici_Islemleri/Secenekler' located by 'By.cssSelector: .nav.navbar-nav.navbar-right li a' in '10' second(s)

2021-11-19 16:55:25 - [MESSAGE][INFO] - Smart Wait Function is triggered

2021-11-19 16:55:25 - [MESSAGE][INFO] - Found 20 web elements with id: 'Object Repository/Kullanici_Islemleri/Secenekler' located by 'By.cssSelector: .nav.navbar-nav.navbar-right li a' in '10' second(s)

2021-11-19 16:55:27 - [MESSAGE][PASSED] - Method.TextDegerineEsitElementeTikla is PASSED

2021-11-19 16:55:27 - [TEST_STEP][PASSED] - verifyElementNotPresent(findTestObject("Object Repository/Kullanici_Islemleri/Secenekler"), 10): Web element with id: 'Object Repository/Kullanici_Islemleri/Secenekler' located by 'By.cssSelector: .nav.navbar-nav.navbar-right li a' is not present after '10' second(s)

2021-11-19 16:55:27 - [MESSAGE][INFO] - Finding Test Object 'Object Repository/Kullanici_Islemleri/Secenekler'

2021-11-19 16:55:27 - [MESSAGE][INFO] - Checking object

2021-11-19 16:55:27 - [MESSAGE][INFO] - Checking timeout

2021-11-19 16:55:27 - [MESSAGE][INFO] - Finding web element with id: 'Object Repository/Kullanici_Islemleri/Secenekler' located by 'By.cssSelector: .nav.navbar-nav.navbar-right li a' in '10' second(s)

2021-11-19 16:55:27 - [MESSAGE][INFO] - Smart Wait Function is triggered

2021-11-19 16:55:27 - [MESSAGE][PASSED] - Web element with id: 'Object Repository/Kullanici_Islemleri/Secenekler' located by 'By.cssSelector: .nav.navbar-nav.navbar-right li a' is not present after '10' second(s)

2021-11-19 16:55:27 - [MESSAGE][PASSED] - Call Test Case 'Test Cases/Kullanici_Islemleri/KullaniciIslemlerindenSecimYapilir' successfully

2021-11-19 16:55:27 - [TEST_CASE][PASSED] - Start Test Case : SCENARIO Gonderim tipi Kagit ve Ihrac Kayitli tipinde e-Arsiv faturasi olusturulmasi: SCENARIO Gonderim tipi Kagit ve Ihrac Kayitli tipinde e-Arsiv faturasi olusturulmasi

2021-11-19 16:55:27 - [TEST_STEP][PASSED] - Kullanıcı adı EARIHRAC ve Şifre test1234 olarak giriş yapılır: Kullanıcı adı EARIHRAC ve Şifre test1234 olarak giriş yapılır

2021-11-19 16:55:27 - [MESSAGE][PASSED] - Kullanıcı adı EARIHRAC ve Şifre test1234 olarak giriş yapılır

2021-11-19 16:55:27 - [TEST_STEP][PASSED] - Ana menüden e-Arşiv seçilir: Ana menüden e-Arşiv seçilir

2021-11-19 16:55:27 - [MESSAGE][PASSED] - Ana menüden e-Arşiv seçilir

2021-11-19 16:55:27 - [TEST_STEP][PASSED] - Alt menü e-Arşiv Araçları başlığı altındaki e-Arşiv Fatura Oluşturma seçilir: Alt menü e-Arşiv Araçları başlığı altındaki e-Arşiv Fatura Oluşturma seçilir

2021-11-19 16:55:27 - [MESSAGE][PASSED] - Alt menü e-Arşiv Araçları başlığı altındaki e-Arşiv Fatura Oluşturma seçilir

2021-11-19 16:55:27 - [TEST_STEP][PASSED] - Tablodaki tüm veriler silinir: Tablodaki tüm veriler silinir

2021-11-19 16:55:27 - [MESSAGE][PASSED] - Tablodaki tüm veriler silinir

2021-11-19 16:55:27 - [TEST_STEP][PASSED] - Butonlardan Ekle isimli butona tıklanır: Butonlardan Ekle isimli butona tıklanır

2021-11-19 16:55:27 - [MESSAGE][PASSED] - Butonlardan Ekle isimli butona tıklanır

2021-11-19 16:55:27 - [TEST_STEP][PASSED] - Görsel tasarım sayfasının e-Arşiv Fatura Bilgileri başlığını içerdiği kontrol edilir: Görsel tasarım sayfasının e-Arşiv Fatura Bilgileri başlığını içerdiği kontrol edilir

2021-11-19 16:55:27 - [MESSAGE][PASSED] - Görsel tasarım sayfasının e-Arşiv Fatura Bilgileri başlığını içerdiği kontrol edilir

2021-11-19 16:55:27 - [TEST_STEP][PASSED] - Alıcı adı alanına UC0004 girilir: Alıcı adı alanına UC0004 girilir

2021-11-19 16:55:27 - [MESSAGE][PASSED] - Alıcı adı alanına UC0004 girilir

2021-11-19 16:55:27 - [TEST_STEP][PASSED] - Gönderim Şekli Elektronik olarak seçilir: Gönderim Şekli Elektronik olarak seçilir

2021-11-19 16:55:27 - [MESSAGE][PASSED] - Gönderim Şekli Elektronik olarak seçilir

2021-11-19 16:55:27 - [TEST_STEP][PASSED] - Tip alanından İhraç Kayıtlı seçilir: Tip alanından İhraç Kayıtlı seçilir

2021-11-19 16:55:27 - [MESSAGE][PASSED] - Tip alanından İhraç Kayıtlı seçilir

2021-11-19 16:55:27 - [TEST_STEP][PASSED] - Döküman Para Birimi alanından Türk Lirası seçilir: Döküman Para Birimi alanından Türk Lirası seçilir

2021-11-19 16:55:27 - [MESSAGE][PASSED] - Döküman Para Birimi alanından Türk Lirası seçilir

2021-11-19 16:55:27 - [TEST_STEP][PASSED] - Ön Ek EAR olarak seçilir: Ön Ek EAR olarak seçilir

2021-11-19 16:55:27 - [MESSAGE][PASSED] - Ön Ek EAR olarak seçilir

2021-11-19 16:55:27 - [TEST_STEP][PASSED] - Tasarım alanından Otomasyon seçilir: Tasarım alanından Otomasyon seçilir

2021-11-19 16:55:27 - [MESSAGE][PASSED] - Tasarım alanından Otomasyon seçilir

2021-11-19 16:55:27 - [TEST_STEP][PASSED] - Sipariş bilgileri UUC-SAT-1200001 ve 31.04.2020 olarak girilir: Sipariş bilgileri UUC-SAT-1200001 ve 31.04.2020 olarak girilir

2021-11-19 16:55:27 - [MESSAGE][PASSED] - Sipariş bilgileri UUC-SAT-1200001 ve 31.04.2020 olarak girilir

2021-11-19 16:55:27 - [TEST_STEP][PASSED] - İrsaliye Bilgileri AAAAAAAAAA,31.04.2020 olarak girilir: İrsaliye Bilgileri AAAAAAAAAA,31.04.2020 olarak girilir

2021-11-19 16:55:27 - [MESSAGE][PASSED] - İrsaliye Bilgileri AAAAAAAAAA,31.04.2020 olarak girilir

2021-11-19 16:55:27 - [TEST_STEP][PASSED] - Ekle butonuna basılır: Ekle butonuna basılır

2021-11-19 16:55:27 - [MESSAGE][PASSED] - Ekle butonuna basılır

2021-11-19 16:55:27 - [TEST_STEP][PASSED] - Ürün ekleme alanında Mal/Hizmet başlığına Otomasyon girilir: Ürün ekleme alanında Mal/Hizmet başlığına Otomasyon girilir

2021-11-19 16:55:27 - [MESSAGE][PASSED] - Ürün ekleme alanında Mal/Hizmet başlığına Otomasyon girilir

2021-11-19 16:55:27 - [TEST_STEP][PASSED] - Ürün ekleme alanında Açıklaması başlığına Virgosol girilir: Ürün ekleme alanında Açıklaması başlığına Virgosol girilir

2021-11-19 16:55:27 - [MESSAGE][PASSED] - Ürün ekleme alanında Açıklaması başlığına Virgosol girilir

2021-11-19 16:55:27 - [TEST_STEP][PASSED] - Ürün ekleme alanında Miktarı başlığına 400 girilir: Ürün ekleme alanında Miktarı başlığına 400 girilir

2021-11-19 16:55:27 - [MESSAGE][PASSED] - Ürün ekleme alanında Miktarı başlığına 400 girilir

2021-11-19 16:55:27 - [TEST_STEP][PASSED] - Ürün ekleme alanında Birim Fiyat başlığına 100 girilir: Ürün ekleme alanında Birim Fiyat başlığına 100 girilir

2021-11-19 16:55:27 - [MESSAGE][PASSED] - Ürün ekleme alanında Birim Fiyat başlığına 100 girilir

2021-11-19 16:55:27 - [TEST_STEP][PASSED] - Ürün ekleme alanında İskonto Oranı % başlığına 10 girilir: Ürün ekleme alanında İskonto Oranı % başlığına 10 girilir

2021-11-19 16:55:27 - [MESSAGE][PASSED] - Ürün ekleme alanında İskonto Oranı % başlığına 10 girilir

2021-11-19 16:55:27 - [TEST_STEP][PASSED] - Notlar alanına Otomasyon Not girilir: Notlar alanına Otomasyon Not girilir

2021-11-19 16:55:27 - [MESSAGE][PASSED] - Notlar alanına Otomasyon Not girilir

2021-11-19 16:55:27 - [TEST_STEP][PASSED] - Ettn bilgisi kayıt edilir: Ettn bilgisi kayıt edilir

2021-11-19 16:55:27 - [MESSAGE][PASSED] - Ettn bilgisi kayıt edilir

2021-11-19 16:55:27 - [TEST_STEP][PASSED] - Kaydet butonu seçilir: Kaydet butonu seçilir

2021-11-19 16:55:27 - [MESSAGE][PASSED] - Kaydet butonu seçilir

2021-11-19 16:55:27 - [TEST_STEP][PASSED] - Tabloda Ettn bilgisi kaydedilen veri oluşturuldu mu: Tabloda Ettn bilgisi kaydedilen veri oluşturuldu mu

2021-11-19 16:55:27 - [MESSAGE][PASSED] - Tabloda Ettn bilgisi kaydedilen veri oluşturuldu mu

2021-11-19 16:55:27 - [TEST_STEP][PASSED] - Tablodan Ettn bilgisi kaydedilen veri seçilir: Tablodan Ettn bilgisi kaydedilen veri seçilir

2021-11-19 16:55:27 - [MESSAGE][PASSED] - Tablodan Ettn bilgisi kaydedilen veri seçilir

2021-11-19 16:55:27 - [TEST_STEP][PASSED] - Butonlardan Numara Oluştur isimli butona tıklanır: Butonlardan Numara Oluştur isimli butona tıklanır

2021-11-19 16:55:27 - [MESSAGE][PASSED] - Butonlardan Numara Oluştur isimli butona tıklanır

2021-11-19 16:55:27 - [TEST_STEP][PASSED] - Popup mesajı Devam etmek istiyor musunuz içeriyor mu: Popup mesajı Devam etmek istiyor musunuz içeriyor mu

2021-11-19 16:55:27 - [MESSAGE][PASSED] - Popup mesajı Devam etmek istiyor musunuz içeriyor mu

2021-11-19 16:55:27 - [TEST_STEP][PASSED] - Yönetim popupında Evet seçilir: Yönetim popupında Evet seçilir

2021-11-19 16:55:27 - [MESSAGE][PASSED] - Yönetim popupında Evet seçilir

2021-11-19 16:55:27 - [TEST_STEP][PASSED] - Popup mesajı oluşmuştur içeriyor mu: Popup mesajı oluşmuştur içeriyor mu

2021-11-19 16:55:27 - [MESSAGE][PASSED] - Popup mesajı oluşmuştur içeriyor mu

2021-11-19 16:55:27 - [TEST_STEP][PASSED] - Yönetim popupında Tamam seçilir: Yönetim popupında Tamam seçilir

2021-11-19 16:55:27 - [MESSAGE][PASSED] - Yönetim popupında Tamam seçilir

2021-11-19 16:55:27 - [TEST_STEP][PASSED] - Tablodan Ettn bilgisi kaydedilen veri seçilir: Tablodan Ettn bilgisi kaydedilen veri seçilir

2021-11-19 16:55:27 - [MESSAGE][PASSED] - Tablodan Ettn bilgisi kaydedilen veri seçilir

2021-11-19 16:55:27 - [TEST_STEP][PASSED] - Butonlardan Gönder isimli butona tıklanır: Butonlardan Gönder isimli butona tıklanır

2021-11-19 16:55:27 - [MESSAGE][PASSED] - Butonlardan Gönder isimli butona tıklanır

2021-11-19 16:55:27 - [TEST_STEP][PASSED] - Popup mesajı Devam etmek istiyor musunuz içeriyor mu: Popup mesajı Devam etmek istiyor musunuz içeriyor mu

2021-11-19 16:55:27 - [MESSAGE][PASSED] - Popup mesajı Devam etmek istiyor musunuz içeriyor mu

2021-11-19 16:55:27 - [TEST_STEP][PASSED] - Yönetim popupında Evet seçilir: Yönetim popupında Evet seçilir

2021-11-19 16:55:27 - [MESSAGE][PASSED] - Yönetim popupında Evet seçilir

2021-11-19 16:55:27 - [TEST_STEP][PASSED] - Ana menüden e-Arşiv seçilir: Ana menüden e-Arşiv seçilir

2021-11-19 16:55:27 - [MESSAGE][PASSED] - Ana menüden e-Arşiv seçilir

2021-11-19 16:55:27 - [TEST_STEP][PASSED] - Alt menü e-Arşiv Hareketleri başlığı altındaki e-Arşiv Faturaları seçilir: Alt menü e-Arşiv Hareketleri başlığı altındaki e-Arşiv Faturaları seçilir

2021-11-19 16:55:27 - [MESSAGE][PASSED] - Alt menü e-Arşiv Hareketleri başlığı altındaki e-Arşiv Faturaları seçilir

2021-11-19 16:55:27 - [TEST_STEP][PASSED] - Filtrelerden Ettn filtresine Ettn bilgisi yaz: Filtrelerden Ettn filtresine Ettn bilgisi yaz

2021-11-19 16:55:27 - [MESSAGE][PASSED] - Filtrelerden Ettn filtresine Ettn bilgisi yaz

2021-11-19 16:55:27 - [TEST_STEP][PASSED] - Filtre butonlarından Listele seçilir: Filtre butonlarından Listele seçilir

2021-11-19 16:55:27 - [MESSAGE][PASSED] - Filtre butonlarından Listele seçilir

2021-11-19 16:55:27 - [TEST_STEP][PASSED] - Tabloda veri var mı kontrol edilir: Tabloda veri var mı kontrol edilir

2021-11-19 16:55:27 - [MESSAGE][PASSED] - Tabloda veri var mı kontrol edilir

2021-11-19 16:55:27 - [TEST_STEP][PASSED] - Tabloda yeni oluşturulan eArsiv verisi başarılı mı: Tabloda yeni oluşturulan eArsiv verisi başarılı mı

2021-11-19 16:55:27 - [MESSAGE][PASSED] - Tabloda yeni oluşturulan eArsiv verisi başarılı mı

2021-11-19 16:55:27 - [TEST_STEP][PASSED] - Kullanıcı işlemlerinden Çıkış seçilir: Kullanıcı işlemlerinden Çıkış seçilir

2021-11-19 16:55:27 - [MESSAGE][PASSED] - Kullanıcı işlemlerinden Çıkış seçilir

2021-11-19 16:55:27 - [MESSAGE][PASSED] - Feature file: 'Include/features/Regresyon/e-Arsiv/VKN-Elektronik-Ihrac Kayitli.feature' was passed

2021-11-19 16:55:27 - [TEST_STEP][PASSED] - Start listener action : sampleAfterTestSuite: Invoke 'com.kms.katalon.core.annotation.AfterTestCase' method: 'Listener.sampleAfterTestSuite(...)' completed.

2021-11-19 16:55:27 - [MESSAGE][INFO] - Starting invoke 'com.kms.katalon.core.annotation.AfterTestCase' method: 'Listener.sampleAfterTestSuite(...)'

2021-11-19 16:55:27 - [TEST_STEP][PASSED] - closeBrowser(): Invoke 'com.kms.katalon.core.annotation.AfterTestCase' method: 'Listener.sampleAfterTestSuite(...)' completed.

2021-11-19 16:55:27 - [MESSAGE][INFO] - Closing browser

2021-11-19 16:55:28 - [MESSAGE][PASSED] - Browser is closed

2021-11-19 16:55:28 - [MESSAGE][INFO] - Invoke 'com.kms.katalon.core.annotation.AfterTestCase' method: 'Listener.sampleAfterTestSuite(...)' completed.]]></system-out>
         <system-err><![CDATA[]]></system-err>
      </testcase>
      <testcase name="Test Cases/Case Repository/Regresyon/e-Arsiv/VKN-Elektronik-Istisna" time="120.835" classname="Test Cases/Case Repository/Regresyon/e-Arsiv/VKN-Elektronik-Istisna" status="PASSED">
         <system-out><![CDATA[2021-11-19 16:55:28 - [TEST_CASE][PASSED] - Test Cases/Case Repository/Regresyon/e-Arsiv/VKN-Elektronik-Istisna: Test Cases/Case Repository/Regresyon/e-Arsiv/VKN-Elektronik-Istisna

2021-11-19 16:55:28 - [TEST_STEP][PASSED] - Start listener action : sampleBeforeTestSuite: Invoke 'com.kms.katalon.core.annotation.BeforeTestCase' method: 'Listener.sampleBeforeTestSuite(...)' completed.

2021-11-19 16:55:28 - [MESSAGE][INFO] - Starting invoke 'com.kms.katalon.core.annotation.BeforeTestCase' method: 'Listener.sampleBeforeTestSuite(...)'

2021-11-19 16:55:28 - [TEST_STEP][PASSED] - openBrowser(baseUrl): Browser is opened with url: 'https://efatura-stage.elogo.com.tr/'

2021-11-19 16:55:28 - [MESSAGE][INFO] - Opening browser

2021-11-19 16:55:28 - [MESSAGE][INFO] - Starting 'Chrome' driver

2021-11-19 16:55:28 - [MESSAGE][INFO] - User set preference: ['prefs', '{download.default_directory=C:\otomasyondownfiles}']

2021-11-19 16:55:28 - [MESSAGE][INFO] - Action delay is set to 0 milliseconds

2021-11-19 16:55:30 - [MESSAGE][INFO] - Navigating browser to: 'https://efatura-stage.elogo.com.tr/'

2021-11-19 16:55:32 - [MESSAGE][PASSED] - Browser is opened with url: 'https://efatura-stage.elogo.com.tr/'

2021-11-19 16:55:32 - [TEST_STEP][PASSED] - maximizeWindow(): Invoke 'com.kms.katalon.core.annotation.BeforeTestCase' method: 'Listener.sampleBeforeTestSuite(...)' completed.

2021-11-19 16:55:32 - [MESSAGE][INFO] - Maximizing current window

2021-11-19 16:55:32 - [MESSAGE][PASSED] - Current window maximized

2021-11-19 16:55:32 - [MESSAGE][INFO] - Invoke 'com.kms.katalon.core.annotation.BeforeTestCase' method: 'Listener.sampleBeforeTestSuite(...)' completed.

2021-11-19 16:55:33 - [TEST_STEP][PASSED] - runFeatureFile("Include/features/Regresyon/e-Arsiv/VKN-Elektronik-Istisna.feature"): Feature file: 'Include/features/Regresyon/e-Arsiv/VKN-Elektronik-Istisna.feature' was passed

2021-11-19 16:55:33 - [MESSAGE][INFO] - Starting run keyword runFeatureFile: 'Include/features/Regresyon/e-Arsiv/VKN-Elektronik-Istisna.feature' and extract report to folder: 'C:\Users\DELL\Documents\GitHub\EES_KatalonLogo\Reports\20211119_164526\Suite Repository\Regresyon-eArsiv-eMakbuz\20211119_164600/cucumber_report/1637330133337'...

2021-11-19 16:55:33 - [MESSAGE][INFO] - Glue: []

2021-11-19 16:55:35 - [MESSAGE][INFO] - Checking called Test Case

2021-11-19 16:55:35 - [MESSAGE][INFO] - Starting to call Test Case 'Test Cases/Sayfalar/Giris_Sayfasi/Login'

2021-11-19 16:55:35 - [TEST_CASE][PASSED] - Test Cases/Sayfalar/Giris_Sayfasi/Login: Test Cases/Sayfalar/Giris_Sayfasi/Login

2021-11-19 16:55:35 - [TEST_STEP][PASSED] - Sayfa_Basligi = getWindowTitle(): Current window's title is: 'LOGO e-Fatura'

2021-11-19 16:55:35 - [MESSAGE][INFO] - Getting current window's title

2021-11-19 16:55:35 - [MESSAGE][PASSED] - Current window's title is: 'LOGO e-Fatura'

2021-11-19 16:55:35 - [TEST_STEP][PASSED] - verifyMatch(Sayfa_Basligi, "LOGO e-Fatura", false): Actual text 'LOGO e-Fatura' and expected text 'LOGO e-Fatura' are matched 

2021-11-19 16:55:35 - [MESSAGE][INFO] - Matching actual text 'LOGO e-Fatura' with expected text 'LOGO e-Fatura'

2021-11-19 16:55:35 - [MESSAGE][PASSED] - Actual text 'LOGO e-Fatura' and expected text 'LOGO e-Fatura' are matched 

2021-11-19 16:55:35 - [TEST_STEP][PASSED] - sendKeys(findTestObject("Sayfalar/Giris_Sayfasi/Firma_Kodu"), KullaniciAdi): Keys 'EARISTISNA' sent to object: 'Object Repository/Sayfalar/Giris_Sayfasi/Firma_Kodu'

2021-11-19 16:55:35 - [MESSAGE][INFO] - Finding Test Object 'Object Repository/Sayfalar/Giris_Sayfasi/Firma_Kodu'

2021-11-19 16:55:35 - [MESSAGE][INFO] - Sending keys 'EARISTISNA' to object: 'Object Repository/Sayfalar/Giris_Sayfasi/Firma_Kodu'

2021-11-19 16:55:35 - [MESSAGE][INFO] - Finding web element from Test Object's properties

2021-11-19 16:55:35 - [MESSAGE][INFO] - Checking timeout

2021-11-19 16:55:35 - [MESSAGE][INFO] - Finding web element with id: 'Object Repository/Sayfalar/Giris_Sayfasi/Firma_Kodu' located by 'By.xpath: //*[@id = 'AccountName']' in '30' second(s)

2021-11-19 16:55:35 - [MESSAGE][INFO] - Smart Wait Function is triggered

2021-11-19 16:55:35 - [MESSAGE][INFO] - Found 1 web elements with id: 'Object Repository/Sayfalar/Giris_Sayfasi/Firma_Kodu' located by 'By.xpath: //*[@id = 'AccountName']' in '30' second(s)

2021-11-19 16:55:35 - [MESSAGE][PASSED] - Keys 'EARISTISNA' sent to object: 'Object Repository/Sayfalar/Giris_Sayfasi/Firma_Kodu'

2021-11-19 16:55:35 - [TEST_STEP][PASSED] - sendKeys(findTestObject("Sayfalar/Giris_Sayfasi/Sifre"), Sifre): Keys 'test1234' sent to object: 'Object Repository/Sayfalar/Giris_Sayfasi/Sifre'

2021-11-19 16:55:35 - [MESSAGE][INFO] - Finding Test Object 'Object Repository/Sayfalar/Giris_Sayfasi/Sifre'

2021-11-19 16:55:35 - [MESSAGE][INFO] - Sending keys 'test1234' to object: 'Object Repository/Sayfalar/Giris_Sayfasi/Sifre'

2021-11-19 16:55:35 - [MESSAGE][INFO] - Finding web element from Test Object's properties

2021-11-19 16:55:35 - [MESSAGE][INFO] - Checking timeout

2021-11-19 16:55:35 - [MESSAGE][INFO] - Finding web element with id: 'Object Repository/Sayfalar/Giris_Sayfasi/Sifre' located by 'By.xpath: //*[@id = 'Password']' in '30' second(s)

2021-11-19 16:55:35 - [MESSAGE][INFO] - Smart Wait Function is triggered

2021-11-19 16:55:36 - [MESSAGE][INFO] - Found 1 web elements with id: 'Object Repository/Sayfalar/Giris_Sayfasi/Sifre' located by 'By.xpath: //*[@id = 'Password']' in '30' second(s)

2021-11-19 16:55:36 - [MESSAGE][PASSED] - Keys 'test1234' sent to object: 'Object Repository/Sayfalar/Giris_Sayfasi/Sifre'

2021-11-19 16:55:36 - [TEST_STEP][PASSED] - findWebElement(findTestObject("Sayfalar/Giris_Sayfasi/Giris_Butonu")).click(): Found 1 web elements with id: 'Object Repository/Sayfalar/Giris_Sayfasi/Giris_Butonu' located by 'By.cssSelector: #btnLogin' in '30' second(s)

2021-11-19 16:55:36 - [MESSAGE][INFO] - Finding Test Object 'Object Repository/Sayfalar/Giris_Sayfasi/Giris_Butonu'

2021-11-19 16:55:36 - [MESSAGE][INFO] - Finding web element from Test Object's properties

2021-11-19 16:55:36 - [MESSAGE][INFO] - Checking timeout

2021-11-19 16:55:36 - [MESSAGE][INFO] - Finding web element with id: 'Object Repository/Sayfalar/Giris_Sayfasi/Giris_Butonu' located by 'By.cssSelector: #btnLogin' in '30' second(s)

2021-11-19 16:55:36 - [MESSAGE][INFO] - Smart Wait Function is triggered

2021-11-19 16:55:36 - [MESSAGE][INFO] - Found 1 web elements with id: 'Object Repository/Sayfalar/Giris_Sayfasi/Giris_Butonu' located by 'By.cssSelector: #btnLogin' in '30' second(s)

2021-11-19 16:55:38 - [TEST_STEP][PASSED] - if (verifyElementPresent(findTestObject("Object Repository/Sayfalar/Giris_Sayfasi/RetveTamam_Butonu"), 5, OPTIONAL)): null

2021-11-19 16:55:38 - [MESSAGE][INFO] - Finding Test Object 'Object Repository/Sayfalar/Giris_Sayfasi/RetveTamam_Butonu'

2021-11-19 16:55:38 - [MESSAGE][INFO] - Checking object

2021-11-19 16:55:38 - [MESSAGE][INFO] - Finding web element from Test Object's properties

2021-11-19 16:55:38 - [MESSAGE][INFO] - Checking timeout

2021-11-19 16:55:38 - [MESSAGE][INFO] - Finding web element with id: 'Object Repository/Sayfalar/Giris_Sayfasi/RetveTamam_Butonu' located by 'By.xpath: //*[@class = 'btn btn-default']' in '5' second(s)

2021-11-19 16:55:38 - [MESSAGE][INFO] - Smart Wait Function is triggered

2021-11-19 16:55:38 - [MESSAGE][INFO] - Found 1 web elements with id: 'Object Repository/Sayfalar/Giris_Sayfasi/RetveTamam_Butonu' located by 'By.xpath: //*[@class = 'btn btn-default']' in '5' second(s)

2021-11-19 16:55:38 - [MESSAGE][PASSED] - Object 'Object Repository/Sayfalar/Giris_Sayfasi/RetveTamam_Butonu' is present

2021-11-19 16:55:38 - [TEST_STEP][PASSED] - click(findTestObject("Object Repository/Sayfalar/Giris_Sayfasi/RetveTamam_Butonu")): Object: 'Object Repository/Sayfalar/Giris_Sayfasi/RetveTamam_Butonu' is clicked on

2021-11-19 16:55:38 - [MESSAGE][INFO] - Finding Test Object 'Object Repository/Sayfalar/Giris_Sayfasi/RetveTamam_Butonu'

2021-11-19 16:55:38 - [MESSAGE][INFO] - Checking object

2021-11-19 16:55:38 - [MESSAGE][INFO] - Finding web element from Test Object's properties

2021-11-19 16:55:38 - [MESSAGE][INFO] - Checking timeout

2021-11-19 16:55:38 - [MESSAGE][INFO] - Finding web element with id: 'Object Repository/Sayfalar/Giris_Sayfasi/RetveTamam_Butonu' located by 'By.xpath: //*[@class = 'btn btn-default']' in '30' second(s)

2021-11-19 16:55:38 - [MESSAGE][INFO] - Smart Wait Function is triggered

2021-11-19 16:55:39 - [MESSAGE][INFO] - Found 1 web elements with id: 'Object Repository/Sayfalar/Giris_Sayfasi/RetveTamam_Butonu' located by 'By.xpath: //*[@class = 'btn btn-default']' in '30' second(s)

2021-11-19 16:55:39 - [MESSAGE][INFO] - Clicking on object: 'Object Repository/Sayfalar/Giris_Sayfasi/RetveTamam_Butonu'

2021-11-19 16:55:39 - [MESSAGE][PASSED] - Object: 'Object Repository/Sayfalar/Giris_Sayfasi/RetveTamam_Butonu' is clicked on

2021-11-19 16:55:39 - [TEST_STEP][PASSED] - click(findTestObject("Object Repository/Sayfalar/Giris_Sayfasi/RetveTamam_Butonu")): Object: 'Object Repository/Sayfalar/Giris_Sayfasi/RetveTamam_Butonu' is clicked on

2021-11-19 16:55:39 - [MESSAGE][INFO] - Finding Test Object 'Object Repository/Sayfalar/Giris_Sayfasi/RetveTamam_Butonu'

2021-11-19 16:55:39 - [MESSAGE][INFO] - Checking object

2021-11-19 16:55:39 - [MESSAGE][INFO] - Finding web element from Test Object's properties

2021-11-19 16:55:39 - [MESSAGE][INFO] - Checking timeout

2021-11-19 16:55:39 - [MESSAGE][INFO] - Finding web element with id: 'Object Repository/Sayfalar/Giris_Sayfasi/RetveTamam_Butonu' located by 'By.xpath: //*[@class = 'btn btn-default']' in '30' second(s)

2021-11-19 16:55:39 - [MESSAGE][INFO] - Smart Wait Function is triggered

2021-11-19 16:55:45 - [MESSAGE][INFO] - Found 1 web elements with id: 'Object Repository/Sayfalar/Giris_Sayfasi/RetveTamam_Butonu' located by 'By.xpath: //*[@class = 'btn btn-default']' in '30' second(s)

2021-11-19 16:55:45 - [MESSAGE][INFO] - Clicking on object: 'Object Repository/Sayfalar/Giris_Sayfasi/RetveTamam_Butonu'

2021-11-19 16:55:45 - [MESSAGE][PASSED] - Object: 'Object Repository/Sayfalar/Giris_Sayfasi/RetveTamam_Butonu' is clicked on

2021-11-19 16:55:45 - [TEST_STEP][PASSED] - if (verifyElementPresent(findTestObject("Sayfalar/Giris_Sayfasi/PopupOK"), 5, OPTIONAL)): com.kms.katalon.core.webui.exception.WebElementNotFoundException: Web element with id: 'Object Repository/Sayfalar/Giris_Sayfasi/PopupOK' located by '.btn.btn-success' not found (Root cause: com.kms.katalon.core.exception.StepFailedException: com.kms.katalon.core.webui.exception.WebElementNotFoundException: Web element with id: 'Object Repository/Sayfalar/Giris_Sayfasi/PopupOK' located by '.btn.btn-success' not found
	at com.kms.katalon.core.webui.keyword.internal.WebUIKeywordMain.stepFailed(WebUIKeywordMain.groovy:64)
	at com.kms.katalon.core.webui.keyword.builtin.VerifyElementPresentKeyword$_verifyElementPresent_closure1.doCall(VerifyElementPresentKeyword.groovy:85)
	at com.kms.katalon.core.webui.keyword.builtin.VerifyElementPresentKeyword$_verifyElementPresent_closure1.call(VerifyElementPresentKeyword.groovy)
	at com.kms.katalon.core.webui.keyword.internal.WebUIKeywordMain.runKeyword(WebUIKeywordMain.groovy:20)
	at com.kms.katalon.core.webui.keyword.builtin.VerifyElementPresentKeyword.verifyElementPresent(VerifyElementPresentKeyword.groovy:92)
	at com.kms.katalon.core.webui.keyword.builtin.VerifyElementPresentKeyword.execute(VerifyElementPresentKeyword.groovy:68)
	at com.kms.katalon.core.keyword.internal.KeywordExecutor.executeKeywordForPlatform(KeywordExecutor.groovy:73)
	at com.kms.katalon.core.webui.keyword.WebUiBuiltInKeywords.verifyElementPresent(WebUiBuiltInKeywords.groovy:1448)
	at com.kms.katalon.core.webui.keyword.WebUiBuiltInKeywords$verifyElementPresent$4.call(Unknown Source)
	at Login.run(Login:40)
	at com.kms.katalon.core.main.ScriptEngine.run(ScriptEngine.java:194)
	at com.kms.katalon.core.main.ScriptEngine.runScriptAsRawText(ScriptEngine.java:119)
	at com.kms.katalon.core.main.TestCaseExecutor.runScript(TestCaseExecutor.java:369)
	at com.kms.katalon.core.main.TestCaseExecutor.doExecute(TestCaseExecutor.java:360)
	at com.kms.katalon.core.main.TestCaseExecutor.processExecutionPhase(TestCaseExecutor.java:339)
	at com.kms.katalon.core.main.TestCaseExecutor.accessMainPhase(TestCaseExecutor.java:331)
	at com.kms.katalon.core.main.TestCaseExecutor.execute(TestCaseExecutor.java:248)
	at com.kms.katalon.core.main.TestCaseMain.runTestCase(TestCaseMain.java:138)
	at com.kms.katalon.core.keyword.builtin.CallTestCaseKeyword$_callTestCase_closure1.doCall(CallTestCaseKeyword.groovy:59)
	at com.kms.katalon.core.keyword.builtin.CallTestCaseKeyword$_callTestCase_closure1.call(CallTestCaseKeyword.groovy)
	at com.kms.katalon.core.keyword.internal.KeywordMain.runKeyword(KeywordMain.groovy:68)
	at com.kms.katalon.core.keyword.builtin.CallTestCaseKeyword.callTestCase(CallTestCaseKeyword.groovy:81)
	at com.kms.katalon.core.keyword.builtin.CallTestCaseKeyword.execute(CallTestCaseKeyword.groovy:44)
	at com.kms.katalon.core.keyword.internal.KeywordExecutor.executeKeywordForPlatform(KeywordExecutor.groovy:73)
	at com.kms.katalon.core.keyword.BuiltinKeywords.callTestCase(BuiltinKeywords.groovy:334)
	at sayfalar.girisSayfasi.login(girisSayfasi.groovy:50)
	at cucumber.runtime.Utils$1.call(Utils.java:26)
	at cucumber.runtime.Timeout.timeout(Timeout.java:16)
	at cucumber.runtime.Utils.invoke(Utils.java:20)
	at cucumber.runtime.java.JavaStepDefinition.execute(JavaStepDefinition.java:49)
	at cucumber.runner.PickleStepDefinitionMatch.runStep(PickleStepDefinitionMatch.java:50)
	at cucumber.runner.TestStep.executeStep(TestStep.java:63)
	at cucumber.runner.TestStep.run(TestStep.java:49)
	at cucumber.runner.PickleStepTestStep.run(PickleStepTestStep.java:43)
	at cucumber.runner.TestCase.run(TestCase.java:44)
	at cucumber.runner.Runner.runPickle(Runner.java:40)
	at cucumber.runtime.Runtime$1.run(Runtime.java:84)
	at cucumber.runtime.Runtime$SameThreadExecutorService.execute(Runtime.java:220)
	at cucumber.runtime.Runtime.run(Runtime.java:81)
	at cucumber.api.cli.Main.run(Main.java:26)
	at cucumber.api.cli.Main$run.call(Unknown Source)
	at com.kms.katalon.core.cucumber.keyword.CucumberBuiltinKeywords$_runFeatureFile_closure1.doCall(CucumberBuiltinKeywords.groovy:106)
	at com.kms.katalon.core.cucumber.keyword.CucumberBuiltinKeywords$_runFeatureFile_closure1.doCall(CucumberBuiltinKeywords.groovy)
	at com.kms.katalon.core.keyword.internal.KeywordMain.runKeyword(KeywordMain.groovy:68)
	at com.kms.katalon.core.keyword.internal.KeywordMain$runKeyword.call(Unknown Source)
	at com.kms.katalon.core.cucumber.keyword.CucumberBuiltinKeywords.runFeatureFile(CucumberBuiltinKeywords.groovy:73)
	at com.kms.katalon.core.cucumber.keyword.CucumberBuiltinKeywords$runFeatureFile$0.callStatic(Unknown Source)
	at com.kms.katalon.core.cucumber.keyword.CucumberBuiltinKeywords.runFeatureFile(CucumberBuiltinKeywords.groovy:246)
	at com.kms.katalon.core.cucumber.keyword.CucumberBuiltinKeywords$runFeatureFile.call(Unknown Source)
	at VKN-Elektronik-Istisna.run(VKN-Elektronik-Istisna:19)
	at com.kms.katalon.core.main.ScriptEngine.run(ScriptEngine.java:194)
	at com.kms.katalon.core.main.ScriptEngine.runScriptAsRawText(ScriptEngine.java:119)
	at com.kms.katalon.core.main.TestCaseExecutor.runScript(TestCaseExecutor.java:369)
	at com.kms.katalon.core.main.TestCaseExecutor.doExecute(TestCaseExecutor.java:360)
	at com.kms.katalon.core.main.TestCaseExecutor.processExecutionPhase(TestCaseExecutor.java:339)
	at com.kms.katalon.core.main.TestCaseExecutor.accessMainPhase(TestCaseExecutor.java:331)
	at com.kms.katalon.core.main.TestCaseExecutor.execute(TestCaseExecutor.java:248)
	at com.kms.katalon.core.main.TestSuiteExecutor.accessTestCaseMainPhase(TestSuiteExecutor.java:191)
	at com.kms.katalon.core.main.TestSuiteExecutor.accessTestSuiteMainPhase(TestSuiteExecutor.java:140)
	at com.kms.katalon.core.main.TestSuiteExecutor.execute(TestSuiteExecutor.java:89)
	at com.kms.katalon.core.main.TestCaseMain.startTestSuite(TestCaseMain.java:181)
	at com.kms.katalon.core.main.TestCaseMain$startTestSuite$0.call(Unknown Source)
	at TempTestSuite1637329560940.run(TempTestSuite1637329560940.groovy:39)
)

2021-11-19 16:55:45 - [MESSAGE][INFO] - Finding Test Object 'Object Repository/Sayfalar/Giris_Sayfasi/PopupOK'

2021-11-19 16:55:46 - [MESSAGE][INFO] - Checking object

2021-11-19 16:55:46 - [MESSAGE][INFO] - Finding web element from Test Object's properties

2021-11-19 16:55:46 - [MESSAGE][INFO] - Checking timeout

2021-11-19 16:55:46 - [MESSAGE][INFO] - Finding web element with id: 'Object Repository/Sayfalar/Giris_Sayfasi/PopupOK' located by 'By.cssSelector: .btn.btn-success' in '5' second(s)

2021-11-19 16:55:46 - [MESSAGE][INFO] - Smart Wait Function is triggered

2021-11-19 16:55:46 - [MESSAGE][INFO] - Smart Wait Function is triggered

2021-11-19 16:55:46 - [MESSAGE][INFO] - Smart Wait Function is triggered

2021-11-19 16:55:47 - [MESSAGE][INFO] - Smart Wait Function is triggered

2021-11-19 16:55:47 - [MESSAGE][INFO] - Smart Wait Function is triggered

2021-11-19 16:55:47 - [MESSAGE][INFO] - Smart Wait Function is triggered

2021-11-19 16:55:48 - [MESSAGE][INFO] - Smart Wait Function is triggered

2021-11-19 16:55:48 - [MESSAGE][INFO] - Smart Wait Function is triggered

2021-11-19 16:55:48 - [MESSAGE][INFO] - Smart Wait Function is triggered

2021-11-19 16:55:48 - [MESSAGE][INFO] - Smart Wait Function is triggered

2021-11-19 16:55:49 - [MESSAGE][INFO] - Smart Wait Function is triggered

2021-11-19 16:55:49 - [MESSAGE][INFO] - Smart Wait Function is triggered

2021-11-19 16:55:49 - [MESSAGE][INFO] - Smart Wait Function is triggered

2021-11-19 16:55:50 - [MESSAGE][INFO] - Smart Wait Function is triggered

2021-11-19 16:55:50 - [MESSAGE][INFO] - Smart Wait Function is triggered

2021-11-19 16:55:50 - [MESSAGE][INFO] - Smart Wait Function is triggered

2021-11-19 16:55:50 - [MESSAGE][INFO] - Smart Wait Function is triggered

2021-11-19 16:55:51 - [MESSAGE][INFO] - Smart Wait Function is triggered

2021-11-19 16:55:51 - [MESSAGE][INFO] - Smart Wait Function is triggered

2021-11-19 16:55:51 - [MESSAGE][INFO] - Smart Wait Function is triggered

2021-11-19 16:55:51 - [MESSAGE][INFO] - Smart Wait Function is triggered

2021-11-19 16:55:52 - [MESSAGE][INFO] - Unable to find the element located by 'By.cssSelector: .btn.btn-success'. Please recheck the objects properties to make sure the desired element is located. 

2021-11-19 16:55:52 - [MESSAGE][WARNING] - com.kms.katalon.core.webui.exception.WebElementNotFoundException: Web element with id: 'Object Repository/Sayfalar/Giris_Sayfasi/PopupOK' located by '.btn.btn-success' not found (Root cause: com.kms.katalon.core.exception.StepFailedException: com.kms.katalon.core.webui.exception.WebElementNotFoundException: Web element with id: 'Object Repository/Sayfalar/Giris_Sayfasi/PopupOK' located by '.btn.btn-success' not found
	at com.kms.katalon.core.webui.keyword.internal.WebUIKeywordMain.stepFailed(WebUIKeywordMain.groovy:64)
	at com.kms.katalon.core.webui.keyword.builtin.VerifyElementPresentKeyword$_verifyElementPresent_closure1.doCall(VerifyElementPresentKeyword.groovy:85)
	at com.kms.katalon.core.webui.keyword.builtin.VerifyElementPresentKeyword$_verifyElementPresent_closure1.call(VerifyElementPresentKeyword.groovy)
	at com.kms.katalon.core.webui.keyword.internal.WebUIKeywordMain.runKeyword(WebUIKeywordMain.groovy:20)
	at com.kms.katalon.core.webui.keyword.builtin.VerifyElementPresentKeyword.verifyElementPresent(VerifyElementPresentKeyword.groovy:92)
	at com.kms.katalon.core.webui.keyword.builtin.VerifyElementPresentKeyword.execute(VerifyElementPresentKeyword.groovy:68)
	at com.kms.katalon.core.keyword.internal.KeywordExecutor.executeKeywordForPlatform(KeywordExecutor.groovy:73)
	at com.kms.katalon.core.webui.keyword.WebUiBuiltInKeywords.verifyElementPresent(WebUiBuiltInKeywords.groovy:1448)
	at com.kms.katalon.core.webui.keyword.WebUiBuiltInKeywords$verifyElementPresent$4.call(Unknown Source)
	at Login.run(Login:40)
	at com.kms.katalon.core.main.ScriptEngine.run(ScriptEngine.java:194)
	at com.kms.katalon.core.main.ScriptEngine.runScriptAsRawText(ScriptEngine.java:119)
	at com.kms.katalon.core.main.TestCaseExecutor.runScript(TestCaseExecutor.java:369)
	at com.kms.katalon.core.main.TestCaseExecutor.doExecute(TestCaseExecutor.java:360)
	at com.kms.katalon.core.main.TestCaseExecutor.processExecutionPhase(TestCaseExecutor.java:339)
	at com.kms.katalon.core.main.TestCaseExecutor.accessMainPhase(TestCaseExecutor.java:331)
	at com.kms.katalon.core.main.TestCaseExecutor.execute(TestCaseExecutor.java:248)
	at com.kms.katalon.core.main.TestCaseMain.runTestCase(TestCaseMain.java:138)
	at com.kms.katalon.core.keyword.builtin.CallTestCaseKeyword$_callTestCase_closure1.doCall(CallTestCaseKeyword.groovy:59)
	at com.kms.katalon.core.keyword.builtin.CallTestCaseKeyword$_callTestCase_closure1.call(CallTestCaseKeyword.groovy)
	at com.kms.katalon.core.keyword.internal.KeywordMain.runKeyword(KeywordMain.groovy:68)
	at com.kms.katalon.core.keyword.builtin.CallTestCaseKeyword.callTestCase(CallTestCaseKeyword.groovy:81)
	at com.kms.katalon.core.keyword.builtin.CallTestCaseKeyword.execute(CallTestCaseKeyword.groovy:44)
	at com.kms.katalon.core.keyword.internal.KeywordExecutor.executeKeywordForPlatform(KeywordExecutor.groovy:73)
	at com.kms.katalon.core.keyword.BuiltinKeywords.callTestCase(BuiltinKeywords.groovy:334)
	at sayfalar.girisSayfasi.login(girisSayfasi.groovy:50)
	at cucumber.runtime.Utils$1.call(Utils.java:26)
	at cucumber.runtime.Timeout.timeout(Timeout.java:16)
	at cucumber.runtime.Utils.invoke(Utils.java:20)
	at cucumber.runtime.java.JavaStepDefinition.execute(JavaStepDefinition.java:49)
	at cucumber.runner.PickleStepDefinitionMatch.runStep(PickleStepDefinitionMatch.java:50)
	at cucumber.runner.TestStep.executeStep(TestStep.java:63)
	at cucumber.runner.TestStep.run(TestStep.java:49)
	at cucumber.runner.PickleStepTestStep.run(PickleStepTestStep.java:43)
	at cucumber.runner.TestCase.run(TestCase.java:44)
	at cucumber.runner.Runner.runPickle(Runner.java:40)
	at cucumber.runtime.Runtime$1.run(Runtime.java:84)
	at cucumber.runtime.Runtime$SameThreadExecutorService.execute(Runtime.java:220)
	at cucumber.runtime.Runtime.run(Runtime.java:81)
	at cucumber.api.cli.Main.run(Main.java:26)
	at cucumber.api.cli.Main$run.call(Unknown Source)
	at com.kms.katalon.core.cucumber.keyword.CucumberBuiltinKeywords$_runFeatureFile_closure1.doCall(CucumberBuiltinKeywords.groovy:106)
	at com.kms.katalon.core.cucumber.keyword.CucumberBuiltinKeywords$_runFeatureFile_closure1.doCall(CucumberBuiltinKeywords.groovy)
	at com.kms.katalon.core.keyword.internal.KeywordMain.runKeyword(KeywordMain.groovy:68)
	at com.kms.katalon.core.keyword.internal.KeywordMain$runKeyword.call(Unknown Source)
	at com.kms.katalon.core.cucumber.keyword.CucumberBuiltinKeywords.runFeatureFile(CucumberBuiltinKeywords.groovy:73)
	at com.kms.katalon.core.cucumber.keyword.CucumberBuiltinKeywords$runFeatureFile$0.callStatic(Unknown Source)
	at com.kms.katalon.core.cucumber.keyword.CucumberBuiltinKeywords.runFeatureFile(CucumberBuiltinKeywords.groovy:246)
	at com.kms.katalon.core.cucumber.keyword.CucumberBuiltinKeywords$runFeatureFile.call(Unknown Source)
	at VKN-Elektronik-Istisna.run(VKN-Elektronik-Istisna:19)
	at com.kms.katalon.core.main.ScriptEngine.run(ScriptEngine.java:194)
	at com.kms.katalon.core.main.ScriptEngine.runScriptAsRawText(ScriptEngine.java:119)
	at com.kms.katalon.core.main.TestCaseExecutor.runScript(TestCaseExecutor.java:369)
	at com.kms.katalon.core.main.TestCaseExecutor.doExecute(TestCaseExecutor.java:360)
	at com.kms.katalon.core.main.TestCaseExecutor.processExecutionPhase(TestCaseExecutor.java:339)
	at com.kms.katalon.core.main.TestCaseExecutor.accessMainPhase(TestCaseExecutor.java:331)
	at com.kms.katalon.core.main.TestCaseExecutor.execute(TestCaseExecutor.java:248)
	at com.kms.katalon.core.main.TestSuiteExecutor.accessTestCaseMainPhase(TestSuiteExecutor.java:191)
	at com.kms.katalon.core.main.TestSuiteExecutor.accessTestSuiteMainPhase(TestSuiteExecutor.java:140)
	at com.kms.katalon.core.main.TestSuiteExecutor.execute(TestSuiteExecutor.java:89)
	at com.kms.katalon.core.main.TestCaseMain.startTestSuite(TestCaseMain.java:181)
	at com.kms.katalon.core.main.TestCaseMain$startTestSuite$0.call(Unknown Source)
	at TempTestSuite1637329560940.run(TempTestSuite1637329560940.groovy:39)
)

2021-11-19 16:55:52 - [TEST_STEP][PASSED] - verifyElementVisible(findTestObject("Object Repository/Kullanici_Islemleri/KullaniciIslemleri")): Object 'Object Repository/Kullanici_Islemleri/KullaniciIslemleri' is visible

2021-11-19 16:55:52 - [MESSAGE][INFO] - Finding Test Object 'Object Repository/Kullanici_Islemleri/KullaniciIslemleri'

2021-11-19 16:55:52 - [MESSAGE][INFO] - Checking object

2021-11-19 16:55:52 - [MESSAGE][INFO] - Finding web element from Test Object's properties

2021-11-19 16:55:52 - [MESSAGE][INFO] - Checking timeout

2021-11-19 16:55:52 - [MESSAGE][INFO] - Finding web element with id: 'Object Repository/Kullanici_Islemleri/KullaniciIslemleri' located by 'By.cssSelector: .dropdown>a>img' in '30' second(s)

2021-11-19 16:55:52 - [MESSAGE][INFO] - Smart Wait Function is triggered

2021-11-19 16:55:52 - [MESSAGE][INFO] - Found 1 web elements with id: 'Object Repository/Kullanici_Islemleri/KullaniciIslemleri' located by 'By.cssSelector: .dropdown>a>img' in '30' second(s)

2021-11-19 16:55:52 - [MESSAGE][PASSED] - Object 'Object Repository/Kullanici_Islemleri/KullaniciIslemleri' is visible

2021-11-19 16:55:52 - [MESSAGE][PASSED] - Call Test Case 'Test Cases/Sayfalar/Giris_Sayfasi/Login' successfully

2021-11-19 16:55:52 - [MESSAGE][INFO] - Checking called Test Case

2021-11-19 16:55:52 - [MESSAGE][INFO] - Starting to call Test Case 'Test Cases/Menu/AnaMenuSecimi'

2021-11-19 16:55:52 - [TEST_CASE][PASSED] - Test Cases/Menu/AnaMenuSecimi: Test Cases/Menu/AnaMenuSecimi

2021-11-19 16:55:52 - [TEST_STEP][PASSED] - Method.TextDegerineEsitElementeTikla(findTestObject("Menu/Ana_Menu"), Ana_Menu): Method.TextDegerineEsitElementeTikla is PASSED

2021-11-19 16:55:52 - [MESSAGE][INFO] - Finding Test Object 'Object Repository/Menu/Ana_Menu'

2021-11-19 16:55:52 - [MESSAGE][INFO] - Checking timeout

2021-11-19 16:55:52 - [MESSAGE][INFO] - Finding web element with id: 'Object Repository/Menu/Ana_Menu' located by 'By.xpath: //*[@class = 'dropdown-toggle']' in '10' second(s)

2021-11-19 16:55:52 - [MESSAGE][INFO] - Smart Wait Function is triggered

2021-11-19 16:55:53 - [MESSAGE][INFO] - Found 14 web elements with id: 'Object Repository/Menu/Ana_Menu' located by 'By.xpath: //*[@class = 'dropdown-toggle']' in '10' second(s)

2021-11-19 16:55:53 - [MESSAGE][PASSED] - Method.TextDegerineEsitElementeTikla is PASSED

2021-11-19 16:55:53 - [MESSAGE][PASSED] - Call Test Case 'Test Cases/Menu/AnaMenuSecimi' successfully

2021-11-19 16:55:53 - [MESSAGE][INFO] - Checking called Test Case

2021-11-19 16:55:53 - [MESSAGE][INFO] - Starting to call Test Case 'Test Cases/Menu/BasligaGoreAltMenuSecimi'

2021-11-19 16:55:53 - [TEST_CASE][PASSED] - Test Cases/Menu/BasligaGoreAltMenuSecimi: Test Cases/Menu/BasligaGoreAltMenuSecimi

2021-11-19 16:55:53 - [TEST_STEP][PASSED] - Method.TextDegerineEsitElementinAltindakiTextDegerineEsitOlanaTikla(findTestObject("Menu/Menu_Basligi"), findTestObject("Menu/Basliga_Gore_Alt_Menu"), Baslik, Alt_Menu): Method.TextDegerineEsitElementinAltindakiTextDegerineEsitOlanaTikla is PASSED

2021-11-19 16:55:53 - [MESSAGE][INFO] - Finding Test Object 'Object Repository/Menu/Menu_Basligi'

2021-11-19 16:55:53 - [MESSAGE][INFO] - Finding Test Object 'Object Repository/Menu/Basliga_Gore_Alt_Menu'

2021-11-19 16:55:53 - [MESSAGE][INFO] - Checking timeout

2021-11-19 16:55:53 - [MESSAGE][INFO] - Finding web element with id: 'Object Repository/Menu/Menu_Basligi' located by 'By.xpath: //li[@class='dropdown dropdown-large open']//li[@class='dropdown-header']' in '10' second(s)

2021-11-19 16:55:53 - [MESSAGE][INFO] - Smart Wait Function is triggered

2021-11-19 16:55:54 - [MESSAGE][INFO] - Found 2 web elements with id: 'Object Repository/Menu/Menu_Basligi' located by 'By.xpath: //li[@class='dropdown dropdown-large open']//li[@class='dropdown-header']' in '10' second(s)

2021-11-19 16:55:54 - [MESSAGE][INFO] - Smart Wait Function is triggered

2021-11-19 16:55:56 - [MESSAGE][PASSED] - Method.TextDegerineEsitElementinAltindakiTextDegerineEsitOlanaTikla is PASSED

2021-11-19 16:55:56 - [MESSAGE][PASSED] - Call Test Case 'Test Cases/Menu/BasligaGoreAltMenuSecimi' successfully

2021-11-19 16:55:56 - [MESSAGE][INFO] - Checking called Test Case

2021-11-19 16:55:56 - [MESSAGE][INFO] - Starting to call Test Case 'Test Cases/Tablo/Olusturma Tarihi'

2021-11-19 16:55:56 - [TEST_CASE][PASSED] - Test Cases/Tablo/Olusturma Tarihi: Test Cases/Tablo/Olusturma Tarihi

2021-11-19 16:55:56 - [TEST_STEP][PASSED] - if (verifyTextNotPresent("Görüntülenecek veri yok", true, OPTIONAL)): null

2021-11-19 16:55:56 - [MESSAGE][INFO] - Checking text present  using regular expression

2021-11-19 16:55:56 - [MESSAGE][INFO] - Smart Wait Function is triggered

2021-11-19 16:55:57 - [MESSAGE][INFO] - Finding text 'Görüntülenecek veri yok' on page  using regular expression

2021-11-19 16:55:57 - [MESSAGE][PASSED] - Text 'Görüntülenecek veri yok' is not present on page using regular expression

2021-11-19 16:55:57 - [TEST_STEP][PASSED] - click(findTestObject("Temizle/Olusturma_Tarihi_CheckBox")): Object: 'Object Repository/Temizle/Olusturma_Tarihi_CheckBox' is clicked on

2021-11-19 16:55:57 - [MESSAGE][INFO] - Finding Test Object 'Object Repository/Temizle/Olusturma_Tarihi_CheckBox'

2021-11-19 16:55:57 - [MESSAGE][INFO] - Checking object

2021-11-19 16:55:57 - [MESSAGE][INFO] - Finding web element from Test Object's properties

2021-11-19 16:55:57 - [MESSAGE][INFO] - Checking timeout

2021-11-19 16:55:57 - [MESSAGE][INFO] - Finding web element with id: 'Object Repository/Temizle/Olusturma_Tarihi_CheckBox' located by 'By.xpath: //*[@title = 'Bu sayfadaki tüm satırları Seç']' in '30' second(s)

2021-11-19 16:55:57 - [MESSAGE][INFO] - Smart Wait Function is triggered

2021-11-19 16:55:58 - [MESSAGE][INFO] - Found 1 web elements with id: 'Object Repository/Temizle/Olusturma_Tarihi_CheckBox' located by 'By.xpath: //*[@title = 'Bu sayfadaki tüm satırları Seç']' in '30' second(s)

2021-11-19 16:55:58 - [MESSAGE][INFO] - Clicking on object: 'Object Repository/Temizle/Olusturma_Tarihi_CheckBox'

2021-11-19 16:55:58 - [MESSAGE][PASSED] - Object: 'Object Repository/Temizle/Olusturma_Tarihi_CheckBox' is clicked on

2021-11-19 16:55:58 - [TEST_STEP][PASSED] - Method.TextDegerineEsitElementeTiklaEquals(findTestObject("Butonlar/Butonlar"), "Sil"): Method.TextDegerineEsitElementeTiklaEquals is PASSED

2021-11-19 16:55:58 - [MESSAGE][INFO] - Finding Test Object 'Object Repository/Butonlar/Butonlar'

2021-11-19 16:55:58 - [MESSAGE][INFO] - Checking timeout

2021-11-19 16:55:58 - [MESSAGE][INFO] - Finding web element with id: 'Object Repository/Butonlar/Butonlar' located by 'By.cssSelector: .panel.panel-default.text-center.footerPanel .btn,.btn.btn-primary.btnControls' in '10' second(s)

2021-11-19 16:55:58 - [MESSAGE][INFO] - Smart Wait Function is triggered

2021-11-19 16:55:58 - [MESSAGE][INFO] - Found 9 web elements with id: 'Object Repository/Butonlar/Butonlar' located by 'By.cssSelector: .panel.panel-default.text-center.footerPanel .btn,.btn.btn-primary.btnControls' in '10' second(s)

2021-11-19 16:55:59 - [MESSAGE][PASSED] - Method.TextDegerineEsitElementeTiklaEquals is PASSED

2021-11-19 16:55:59 - [TEST_STEP][PASSED] - Method.TextDegerineEsitElementeTikla(findTestObject("Popup/Popup_Butons"), "Evet"): Method.TextDegerineEsitElementeTikla is PASSED

2021-11-19 16:55:59 - [MESSAGE][INFO] - Finding Test Object 'Object Repository/Popup/Popup_Butons'

2021-11-19 16:55:59 - [MESSAGE][INFO] - Checking timeout

2021-11-19 16:55:59 - [MESSAGE][INFO] - Finding web element with id: 'Object Repository/Popup/Popup_Butons' located by 'By.cssSelector: .modal-footer>button' in '10' second(s)

2021-11-19 16:55:59 - [MESSAGE][INFO] - Smart Wait Function is triggered

2021-11-19 16:55:59 - [MESSAGE][INFO] - Found 2 web elements with id: 'Object Repository/Popup/Popup_Butons' located by 'By.cssSelector: .modal-footer>button' in '10' second(s)

2021-11-19 16:56:00 - [MESSAGE][PASSED] - Method.TextDegerineEsitElementeTikla is PASSED

2021-11-19 16:56:00 - [TEST_STEP][PASSED] - Method.TextDegerineEsitElementeTikla(findTestObject("Popup/Popup_Butons"), "Tamam"): Method.TextDegerineEsitElementeTikla is PASSED

2021-11-19 16:56:00 - [MESSAGE][INFO] - Finding Test Object 'Object Repository/Popup/Popup_Butons'

2021-11-19 16:56:00 - [MESSAGE][INFO] - Checking timeout

2021-11-19 16:56:00 - [MESSAGE][INFO] - Finding web element with id: 'Object Repository/Popup/Popup_Butons' located by 'By.cssSelector: .modal-footer>button' in '10' second(s)

2021-11-19 16:56:00 - [MESSAGE][INFO] - Smart Wait Function is triggered

2021-11-19 16:56:00 - [MESSAGE][INFO] - Found 1 web elements with id: 'Object Repository/Popup/Popup_Butons' located by 'By.cssSelector: .modal-footer>button' in '10' second(s)

2021-11-19 16:56:01 - [MESSAGE][PASSED] - Method.TextDegerineEsitElementeTikla is PASSED

2021-11-19 16:56:01 - [MESSAGE][PASSED] - Call Test Case 'Test Cases/Tablo/Olusturma Tarihi' successfully

2021-11-19 16:56:01 - [MESSAGE][INFO] - Checking called Test Case

2021-11-19 16:56:01 - [MESSAGE][INFO] - Starting to call Test Case 'Test Cases/Butonlar/ButonaTikla'

2021-11-19 16:56:01 - [TEST_CASE][PASSED] - Test Cases/Butonlar/ButonaTikla: Test Cases/Butonlar/ButonaTikla

2021-11-19 16:56:01 - [TEST_STEP][PASSED] - Method.TextDegerineEsitElementeTiklaEquals(findTestObject("Butonlar/Butonlar"), Buton_Adi): Method.TextDegerineEsitElementeTiklaEquals is PASSED

2021-11-19 16:56:01 - [MESSAGE][INFO] - Finding Test Object 'Object Repository/Butonlar/Butonlar'

2021-11-19 16:56:01 - [MESSAGE][INFO] - Checking timeout

2021-11-19 16:56:01 - [MESSAGE][INFO] - Finding web element with id: 'Object Repository/Butonlar/Butonlar' located by 'By.cssSelector: .panel.panel-default.text-center.footerPanel .btn,.btn.btn-primary.btnControls' in '10' second(s)

2021-11-19 16:56:01 - [MESSAGE][INFO] - Smart Wait Function is triggered

2021-11-19 16:56:01 - [MESSAGE][INFO] - Found 9 web elements with id: 'Object Repository/Butonlar/Butonlar' located by 'By.cssSelector: .panel.panel-default.text-center.footerPanel .btn,.btn.btn-primary.btnControls' in '10' second(s)

2021-11-19 16:56:01 - [MESSAGE][PASSED] - Method.TextDegerineEsitElementeTiklaEquals is PASSED

2021-11-19 16:56:01 - [MESSAGE][PASSED] - Call Test Case 'Test Cases/Butonlar/ButonaTikla' successfully

2021-11-19 16:56:01 - [MESSAGE][INFO] - Checking called Test Case

2021-11-19 16:56:01 - [MESSAGE][INFO] - Starting to call Test Case 'Test Cases/Olusturma/Genel/GorselTasarimSayfasıBasligiIceriyorMu'

2021-11-19 16:56:02 - [TEST_CASE][PASSED] - Test Cases/Olusturma/Genel/GorselTasarimSayfasıBasligiIceriyorMu: Test Cases/Olusturma/Genel/GorselTasarimSayfasıBasligiIceriyorMu

2021-11-19 16:56:02 - [TEST_STEP][PASSED] - verifyElementText(findTestObject("Object Repository/Olusturma/Genel/GorselTasarimBaslik"), Baslik): Actual text and expected text of test object 'Object Repository/Olusturma/Genel/GorselTasarimBaslik' are matched.

2021-11-19 16:56:02 - [MESSAGE][INFO] - Finding Test Object 'Object Repository/Olusturma/Genel/GorselTasarimBaslik'

2021-11-19 16:56:02 - [MESSAGE][INFO] - Checking object

2021-11-19 16:56:02 - [MESSAGE][INFO] - Finding web element from Test Object's properties

2021-11-19 16:56:02 - [MESSAGE][INFO] - Checking timeout

2021-11-19 16:56:02 - [MESSAGE][INFO] - Finding web element with id: 'Object Repository/Olusturma/Genel/GorselTasarimBaslik' located by 'By.cssSelector: #flAlici_0>div>span' in '30' second(s)

2021-11-19 16:56:02 - [MESSAGE][INFO] - Smart Wait Function is triggered

2021-11-19 16:56:09 - [MESSAGE][INFO] - Found 1 web elements with id: 'Object Repository/Olusturma/Genel/GorselTasarimBaslik' located by 'By.cssSelector: #flAlici_0>div>span' in '30' second(s)

2021-11-19 16:56:09 - [MESSAGE][PASSED] - Actual text and expected text of test object 'Object Repository/Olusturma/Genel/GorselTasarimBaslik' are matched.

2021-11-19 16:56:09 - [MESSAGE][PASSED] - Call Test Case 'Test Cases/Olusturma/Genel/GorselTasarimSayfasıBasligiIceriyorMu' successfully

2021-11-19 16:56:09 - [MESSAGE][INFO] - Checking called Test Case

2021-11-19 16:56:09 - [MESSAGE][INFO] - Starting to call Test Case 'Test Cases/Olusturma/Genel/AliciSecilir'

2021-11-19 16:56:09 - [TEST_CASE][PASSED] - Test Cases/Olusturma/Genel/AliciSecilir: Test Cases/Olusturma/Genel/AliciSecilir

2021-11-19 16:56:09 - [TEST_STEP][PASSED] - click(findTestObject("Olusturma/Genel/AliciBilgisi/Alici_Ara")): Object: 'Object Repository/Olusturma/Genel/AliciBilgisi/Alici_Ara' is clicked on

2021-11-19 16:56:09 - [MESSAGE][INFO] - Finding Test Object 'Object Repository/Olusturma/Genel/AliciBilgisi/Alici_Ara'

2021-11-19 16:56:09 - [MESSAGE][INFO] - Checking object

2021-11-19 16:56:09 - [MESSAGE][INFO] - Finding web element from Test Object's properties

2021-11-19 16:56:09 - [MESSAGE][INFO] - Checking timeout

2021-11-19 16:56:09 - [MESSAGE][INFO] - Finding web element with id: 'Object Repository/Olusturma/Genel/AliciBilgisi/Alici_Ara' located by 'By.xpath: //td[@id='txtCustomerText_B-1']' in '30' second(s)

2021-11-19 16:56:09 - [MESSAGE][INFO] - Smart Wait Function is triggered

2021-11-19 16:56:09 - [MESSAGE][INFO] - Found 1 web elements with id: 'Object Repository/Olusturma/Genel/AliciBilgisi/Alici_Ara' located by 'By.xpath: //td[@id='txtCustomerText_B-1']' in '30' second(s)

2021-11-19 16:56:09 - [MESSAGE][INFO] - Clicking on object: 'Object Repository/Olusturma/Genel/AliciBilgisi/Alici_Ara'

2021-11-19 16:56:09 - [MESSAGE][PASSED] - Object: 'Object Repository/Olusturma/Genel/AliciBilgisi/Alici_Ara' is clicked on

2021-11-19 16:56:09 - [TEST_STEP][PASSED] - click(findTestObject("Olusturma/Genel/AliciBilgisi/Alici_Bilgisi")): Object: 'Object Repository/Olusturma/Genel/AliciBilgisi/Alici_Bilgisi' is clicked on

2021-11-19 16:56:09 - [MESSAGE][INFO] - Finding Test Object 'Object Repository/Olusturma/Genel/AliciBilgisi/Alici_Bilgisi'

2021-11-19 16:56:09 - [MESSAGE][INFO] - Checking object

2021-11-19 16:56:09 - [MESSAGE][INFO] - Finding web element from Test Object's properties

2021-11-19 16:56:09 - [MESSAGE][INFO] - Checking timeout

2021-11-19 16:56:09 - [MESSAGE][INFO] - Finding web element with id: 'Object Repository/Olusturma/Genel/AliciBilgisi/Alici_Bilgisi' located by 'By.xpath: //iframe[@id='customerselectiframe']' in '30' second(s)

2021-11-19 16:56:09 - [MESSAGE][INFO] - Smart Wait Function is triggered

2021-11-19 16:56:10 - [MESSAGE][INFO] - Found 1 web elements with id: 'Object Repository/Olusturma/Genel/AliciBilgisi/Alici_Bilgisi' located by 'By.xpath: //iframe[@id='customerselectiframe']' in '30' second(s)

2021-11-19 16:56:10 - [MESSAGE][INFO] - Clicking on object: 'Object Repository/Olusturma/Genel/AliciBilgisi/Alici_Bilgisi'

2021-11-19 16:56:10 - [MESSAGE][PASSED] - Object: 'Object Repository/Olusturma/Genel/AliciBilgisi/Alici_Bilgisi' is clicked on

2021-11-19 16:56:10 - [TEST_STEP][PASSED] - setText(findTestObject("Olusturma/Genel/AliciBilgisi/Alici_Gir"), Alici_Adi): Switching to default content

2021-11-19 16:56:10 - [MESSAGE][INFO] - Finding Test Object 'Object Repository/Olusturma/Genel/AliciBilgisi/Alici_Gir'

2021-11-19 16:56:10 - [MESSAGE][INFO] - Finding Test Object 'Object Repository/Olusturma/Genel/AliciBilgisi/Alici_Bilgisi'

2021-11-19 16:56:10 - [MESSAGE][INFO] - Checking object

2021-11-19 16:56:10 - [MESSAGE][INFO] - Checking text

2021-11-19 16:56:10 - [MESSAGE][INFO] - Object: 'Object Repository/Olusturma/Genel/AliciBilgisi/Alici_Gir' has parent object(s)

2021-11-19 16:56:10 - [MESSAGE][INFO] - Switching to iframe: 'Object Repository/Olusturma/Genel/AliciBilgisi/Alici_Bilgisi'

2021-11-19 16:56:10 - [MESSAGE][INFO] - Finding web element from Test Object's properties

2021-11-19 16:56:10 - [MESSAGE][INFO] - Checking timeout

2021-11-19 16:56:10 - [MESSAGE][INFO] - Finding web element with id: 'Object Repository/Olusturma/Genel/AliciBilgisi/Alici_Bilgisi' located by 'By.xpath: //iframe[@id='customerselectiframe']' in '30' second(s)

2021-11-19 16:56:10 - [MESSAGE][INFO] - Smart Wait Function is triggered

2021-11-19 16:56:10 - [MESSAGE][INFO] - Found 1 web elements with id: 'Object Repository/Olusturma/Genel/AliciBilgisi/Alici_Bilgisi' located by 'By.xpath: //iframe[@id='customerselectiframe']' in '30' second(s)

2021-11-19 16:56:10 - [MESSAGE][INFO] - Switched to iframe: 'Object Repository/Olusturma/Genel/AliciBilgisi/Alici_Bilgisi'

2021-11-19 16:56:10 - [MESSAGE][INFO] - Finding web element from Test Object's properties

2021-11-19 16:56:10 - [MESSAGE][INFO] - Checking timeout

2021-11-19 16:56:10 - [MESSAGE][INFO] - Finding web element with id: 'Object Repository/Olusturma/Genel/AliciBilgisi/Alici_Gir' located by 'By.xpath: //input[@id='GridViewCustomer_DXFREditorcol1_I']' in '30' second(s)

2021-11-19 16:56:10 - [MESSAGE][INFO] - Smart Wait Function is triggered

2021-11-19 16:56:10 - [MESSAGE][INFO] - Found 1 web elements with id: 'Object Repository/Olusturma/Genel/AliciBilgisi/Alici_Gir' located by 'By.xpath: //input[@id='GridViewCustomer_DXFREditorcol1_I']' in '30' second(s)

2021-11-19 16:56:10 - [MESSAGE][INFO] - Clearing text of object 'Object Repository/Olusturma/Genel/AliciBilgisi/Alici_Gir'

2021-11-19 16:56:10 - [MESSAGE][INFO] - Finding web element from Test Object's properties

2021-11-19 16:56:10 - [MESSAGE][INFO] - Checking timeout

2021-11-19 16:56:10 - [MESSAGE][INFO] - Finding web element with id: 'Object Repository/Olusturma/Genel/AliciBilgisi/Alici_Gir' located by 'By.xpath: //input[@id='GridViewCustomer_DXFREditorcol1_I']' in '30' second(s)

2021-11-19 16:56:10 - [MESSAGE][INFO] - Smart Wait Function is triggered

2021-11-19 16:56:10 - [MESSAGE][INFO] - Found 1 web elements with id: 'Object Repository/Olusturma/Genel/AliciBilgisi/Alici_Gir' located by 'By.xpath: //input[@id='GridViewCustomer_DXFREditorcol1_I']' in '30' second(s)

2021-11-19 16:56:10 - [MESSAGE][INFO] - Setting text of object 'Object Repository/Olusturma/Genel/AliciBilgisi/Alici_Gir' to value 'UC0005'

2021-11-19 16:56:10 - [MESSAGE][PASSED] - Text 'UC0005' is set on object 'Object Repository/Olusturma/Genel/AliciBilgisi/Alici_Gir'

2021-11-19 16:56:10 - [MESSAGE][INFO] - Switching to default content

2021-11-19 16:56:10 - [TEST_STEP][PASSED] - waitForElementClickable(findTestObject("Olusturma/Genel/AliciBilgisi/Alici_Adi"), 10): Switching to default content

2021-11-19 16:56:10 - [MESSAGE][INFO] - Finding Test Object 'Object Repository/Olusturma/Genel/AliciBilgisi/Alici_Adi'

2021-11-19 16:56:10 - [MESSAGE][INFO] - Finding Test Object 'Object Repository/Olusturma/Genel/AliciBilgisi/iframe_Alc Bilgisi_customerselectiframe'

2021-11-19 16:56:10 - [MESSAGE][INFO] - Checking object

2021-11-19 16:56:10 - [MESSAGE][INFO] - Checking timeout

2021-11-19 16:56:10 - [MESSAGE][INFO] - Object: 'Object Repository/Olusturma/Genel/AliciBilgisi/Alici_Adi' has parent object(s)

2021-11-19 16:56:10 - [MESSAGE][INFO] - Switching to iframe: 'Object Repository/Olusturma/Genel/AliciBilgisi/iframe_Alc Bilgisi_customerselectiframe'

2021-11-19 16:56:10 - [MESSAGE][INFO] - Finding web element from Test Object's properties

2021-11-19 16:56:10 - [MESSAGE][INFO] - Checking timeout

2021-11-19 16:56:10 - [MESSAGE][INFO] - Finding web element with id: 'Object Repository/Olusturma/Genel/AliciBilgisi/iframe_Alc Bilgisi_customerselectiframe' located by 'By.xpath: //iframe[@id='customerselectiframe']' in '10' second(s)

2021-11-19 16:56:10 - [MESSAGE][INFO] - Smart Wait Function is triggered

2021-11-19 16:56:11 - [MESSAGE][INFO] - Found 1 web elements with id: 'Object Repository/Olusturma/Genel/AliciBilgisi/iframe_Alc Bilgisi_customerselectiframe' located by 'By.xpath: //iframe[@id='customerselectiframe']' in '10' second(s)

2021-11-19 16:56:11 - [MESSAGE][INFO] - Switched to iframe: 'Object Repository/Olusturma/Genel/AliciBilgisi/iframe_Alc Bilgisi_customerselectiframe'

2021-11-19 16:56:11 - [MESSAGE][INFO] - Finding web element from Test Object's properties

2021-11-19 16:56:11 - [MESSAGE][INFO] - Checking timeout

2021-11-19 16:56:11 - [MESSAGE][INFO] - Finding web element with id: 'Object Repository/Olusturma/Genel/AliciBilgisi/Alici_Adi' located by 'By.xpath: //tr[@id='GridViewCustomer_DXDataRow0']/td[2]' in '10' second(s)

2021-11-19 16:56:11 - [MESSAGE][INFO] - Smart Wait Function is triggered

2021-11-19 16:56:11 - [MESSAGE][INFO] - Found 1 web elements with id: 'Object Repository/Olusturma/Genel/AliciBilgisi/Alici_Adi' located by 'By.xpath: //tr[@id='GridViewCustomer_DXDataRow0']/td[2]' in '10' second(s)

2021-11-19 16:56:11 - [MESSAGE][PASSED] - Object 'Object Repository/Olusturma/Genel/AliciBilgisi/Alici_Adi' is clickable

2021-11-19 16:56:11 - [MESSAGE][INFO] - Switching to default content

2021-11-19 16:56:11 - [TEST_STEP][PASSED] - click(findTestObject("Olusturma/Genel/AliciBilgisi/frame")): Switching to default content

2021-11-19 16:56:11 - [MESSAGE][INFO] - Finding Test Object 'Object Repository/Olusturma/Genel/AliciBilgisi/frame'

2021-11-19 16:56:11 - [MESSAGE][INFO] - Finding Test Object 'Object Repository/Olusturma/Genel/AliciBilgisi/iframe_Alc Bilgisi_customerselectiframe'

2021-11-19 16:56:11 - [MESSAGE][INFO] - Checking object

2021-11-19 16:56:11 - [MESSAGE][INFO] - Object: 'Object Repository/Olusturma/Genel/AliciBilgisi/frame' has parent object(s)

2021-11-19 16:56:11 - [MESSAGE][INFO] - Switching to iframe: 'Object Repository/Olusturma/Genel/AliciBilgisi/iframe_Alc Bilgisi_customerselectiframe'

2021-11-19 16:56:11 - [MESSAGE][INFO] - Finding web element from Test Object's properties

2021-11-19 16:56:11 - [MESSAGE][INFO] - Checking timeout

2021-11-19 16:56:11 - [MESSAGE][INFO] - Finding web element with id: 'Object Repository/Olusturma/Genel/AliciBilgisi/iframe_Alc Bilgisi_customerselectiframe' located by 'By.xpath: //iframe[@id='customerselectiframe']' in '30' second(s)

2021-11-19 16:56:11 - [MESSAGE][INFO] - Smart Wait Function is triggered

2021-11-19 16:56:11 - [MESSAGE][INFO] - Found 1 web elements with id: 'Object Repository/Olusturma/Genel/AliciBilgisi/iframe_Alc Bilgisi_customerselectiframe' located by 'By.xpath: //iframe[@id='customerselectiframe']' in '30' second(s)

2021-11-19 16:56:11 - [MESSAGE][INFO] - Switched to iframe: 'Object Repository/Olusturma/Genel/AliciBilgisi/iframe_Alc Bilgisi_customerselectiframe'

2021-11-19 16:56:11 - [MESSAGE][INFO] - Finding web element from Test Object's properties

2021-11-19 16:56:11 - [MESSAGE][INFO] - Checking timeout

2021-11-19 16:56:11 - [MESSAGE][INFO] - Finding web element with id: 'Object Repository/Olusturma/Genel/AliciBilgisi/frame' located by 'By.xpath: //*/text()[normalize-space(.)='']/parent::*' in '30' second(s)

2021-11-19 16:56:11 - [MESSAGE][INFO] - Smart Wait Function is triggered

2021-11-19 16:56:11 - [MESSAGE][INFO] - Found 66 web elements with id: 'Object Repository/Olusturma/Genel/AliciBilgisi/frame' located by 'By.xpath: //*/text()[normalize-space(.)='']/parent::*' in '30' second(s)

2021-11-19 16:56:11 - [MESSAGE][INFO] - Clicking on object: 'Object Repository/Olusturma/Genel/AliciBilgisi/frame'

2021-11-19 16:56:11 - [MESSAGE][PASSED] - Object: 'Object Repository/Olusturma/Genel/AliciBilgisi/frame' is clicked on

2021-11-19 16:56:11 - [MESSAGE][INFO] - Switching to default content

2021-11-19 16:56:11 - [TEST_STEP][PASSED] - click(findTestObject("Olusturma/Genel/AliciBilgisi/Alici_Adi")): Switching to default content

2021-11-19 16:56:11 - [MESSAGE][INFO] - Finding Test Object 'Object Repository/Olusturma/Genel/AliciBilgisi/Alici_Adi'

2021-11-19 16:56:11 - [MESSAGE][INFO] - Finding Test Object 'Object Repository/Olusturma/Genel/AliciBilgisi/iframe_Alc Bilgisi_customerselectiframe'

2021-11-19 16:56:11 - [MESSAGE][INFO] - Checking object

2021-11-19 16:56:11 - [MESSAGE][INFO] - Object: 'Object Repository/Olusturma/Genel/AliciBilgisi/Alici_Adi' has parent object(s)

2021-11-19 16:56:11 - [MESSAGE][INFO] - Switching to iframe: 'Object Repository/Olusturma/Genel/AliciBilgisi/iframe_Alc Bilgisi_customerselectiframe'

2021-11-19 16:56:11 - [MESSAGE][INFO] - Finding web element from Test Object's properties

2021-11-19 16:56:11 - [MESSAGE][INFO] - Checking timeout

2021-11-19 16:56:11 - [MESSAGE][INFO] - Finding web element with id: 'Object Repository/Olusturma/Genel/AliciBilgisi/iframe_Alc Bilgisi_customerselectiframe' located by 'By.xpath: //iframe[@id='customerselectiframe']' in '30' second(s)

2021-11-19 16:56:11 - [MESSAGE][INFO] - Smart Wait Function is triggered

2021-11-19 16:56:12 - [MESSAGE][INFO] - Found 1 web elements with id: 'Object Repository/Olusturma/Genel/AliciBilgisi/iframe_Alc Bilgisi_customerselectiframe' located by 'By.xpath: //iframe[@id='customerselectiframe']' in '30' second(s)

2021-11-19 16:56:12 - [MESSAGE][INFO] - Switched to iframe: 'Object Repository/Olusturma/Genel/AliciBilgisi/iframe_Alc Bilgisi_customerselectiframe'

2021-11-19 16:56:12 - [MESSAGE][INFO] - Finding web element from Test Object's properties

2021-11-19 16:56:12 - [MESSAGE][INFO] - Checking timeout

2021-11-19 16:56:12 - [MESSAGE][INFO] - Finding web element with id: 'Object Repository/Olusturma/Genel/AliciBilgisi/Alici_Adi' located by 'By.xpath: //tr[@id='GridViewCustomer_DXDataRow0']/td[2]' in '30' second(s)

2021-11-19 16:56:12 - [MESSAGE][INFO] - Smart Wait Function is triggered

2021-11-19 16:56:12 - [MESSAGE][INFO] - Found 1 web elements with id: 'Object Repository/Olusturma/Genel/AliciBilgisi/Alici_Adi' located by 'By.xpath: //tr[@id='GridViewCustomer_DXDataRow0']/td[2]' in '30' second(s)

2021-11-19 16:56:12 - [MESSAGE][INFO] - Clicking on object: 'Object Repository/Olusturma/Genel/AliciBilgisi/Alici_Adi'

2021-11-19 16:56:12 - [MESSAGE][PASSED] - Object: 'Object Repository/Olusturma/Genel/AliciBilgisi/Alici_Adi' is clicked on

2021-11-19 16:56:12 - [MESSAGE][INFO] - Switching to default content

2021-11-19 16:56:12 - [TEST_STEP][PASSED] - click(findTestObject("Olusturma/Genel/AliciBilgisi/Tamam_Bosluk")): Switching to default content

2021-11-19 16:56:12 - [MESSAGE][INFO] - Finding Test Object 'Object Repository/Olusturma/Genel/AliciBilgisi/Tamam_Bosluk'

2021-11-19 16:56:12 - [MESSAGE][INFO] - Finding Test Object 'Object Repository/Olusturma/Genel/AliciBilgisi/Alici_Bilgisi'

2021-11-19 16:56:12 - [MESSAGE][INFO] - Checking object

2021-11-19 16:56:12 - [MESSAGE][INFO] - Object: 'Object Repository/Olusturma/Genel/AliciBilgisi/Tamam_Bosluk' has parent object(s)

2021-11-19 16:56:12 - [MESSAGE][INFO] - Switching to iframe: 'Object Repository/Olusturma/Genel/AliciBilgisi/Alici_Bilgisi'

2021-11-19 16:56:12 - [MESSAGE][INFO] - Finding web element from Test Object's properties

2021-11-19 16:56:12 - [MESSAGE][INFO] - Checking timeout

2021-11-19 16:56:12 - [MESSAGE][INFO] - Finding web element with id: 'Object Repository/Olusturma/Genel/AliciBilgisi/Alici_Bilgisi' located by 'By.xpath: //iframe[@id='customerselectiframe']' in '30' second(s)

2021-11-19 16:56:12 - [MESSAGE][INFO] - Smart Wait Function is triggered

2021-11-19 16:56:12 - [MESSAGE][INFO] - Found 1 web elements with id: 'Object Repository/Olusturma/Genel/AliciBilgisi/Alici_Bilgisi' located by 'By.xpath: //iframe[@id='customerselectiframe']' in '30' second(s)

2021-11-19 16:56:12 - [MESSAGE][INFO] - Switched to iframe: 'Object Repository/Olusturma/Genel/AliciBilgisi/Alici_Bilgisi'

2021-11-19 16:56:12 - [MESSAGE][INFO] - Finding web element from Test Object's properties

2021-11-19 16:56:12 - [MESSAGE][INFO] - Checking timeout

2021-11-19 16:56:12 - [MESSAGE][INFO] - Finding web element with id: 'Object Repository/Olusturma/Genel/AliciBilgisi/Tamam_Bosluk' located by 'By.xpath: (.//*[normalize-space(text()) and normalize-space(.)='Sayfa Boyutu:'])[1]/following::div[7]' in '30' second(s)

2021-11-19 16:56:12 - [MESSAGE][INFO] - Smart Wait Function is triggered

2021-11-19 16:56:12 - [MESSAGE][INFO] - Found 1 web elements with id: 'Object Repository/Olusturma/Genel/AliciBilgisi/Tamam_Bosluk' located by 'By.xpath: (.//*[normalize-space(text()) and normalize-space(.)='Sayfa Boyutu:'])[1]/following::div[7]' in '30' second(s)

2021-11-19 16:56:12 - [MESSAGE][INFO] - Clicking on object: 'Object Repository/Olusturma/Genel/AliciBilgisi/Tamam_Bosluk'

2021-11-19 16:56:12 - [MESSAGE][PASSED] - Object: 'Object Repository/Olusturma/Genel/AliciBilgisi/Tamam_Bosluk' is clicked on

2021-11-19 16:56:12 - [MESSAGE][INFO] - Switching to default content

2021-11-19 16:56:12 - [TEST_STEP][PASSED] - waitForElementClickable(findTestObject("Olusturma/Genel/AliciBilgisi/Tamam_Butonu"), 10): Switching to default content

2021-11-19 16:56:12 - [MESSAGE][INFO] - Finding Test Object 'Object Repository/Olusturma/Genel/AliciBilgisi/Tamam_Butonu'

2021-11-19 16:56:13 - [MESSAGE][INFO] - Finding Test Object 'Object Repository/Olusturma/Genel/AliciBilgisi/Alici_Bilgisi'

2021-11-19 16:56:13 - [MESSAGE][INFO] - Checking object

2021-11-19 16:56:13 - [MESSAGE][INFO] - Checking timeout

2021-11-19 16:56:13 - [MESSAGE][INFO] - Object: 'Object Repository/Olusturma/Genel/AliciBilgisi/Tamam_Butonu' has parent object(s)

2021-11-19 16:56:13 - [MESSAGE][INFO] - Switching to iframe: 'Object Repository/Olusturma/Genel/AliciBilgisi/Alici_Bilgisi'

2021-11-19 16:56:13 - [MESSAGE][INFO] - Finding web element from Test Object's properties

2021-11-19 16:56:13 - [MESSAGE][INFO] - Checking timeout

2021-11-19 16:56:13 - [MESSAGE][INFO] - Finding web element with id: 'Object Repository/Olusturma/Genel/AliciBilgisi/Alici_Bilgisi' located by 'By.xpath: //iframe[@id='customerselectiframe']' in '10' second(s)

2021-11-19 16:56:13 - [MESSAGE][INFO] - Smart Wait Function is triggered

2021-11-19 16:56:13 - [MESSAGE][INFO] - Found 1 web elements with id: 'Object Repository/Olusturma/Genel/AliciBilgisi/Alici_Bilgisi' located by 'By.xpath: //iframe[@id='customerselectiframe']' in '10' second(s)

2021-11-19 16:56:13 - [MESSAGE][INFO] - Switched to iframe: 'Object Repository/Olusturma/Genel/AliciBilgisi/Alici_Bilgisi'

2021-11-19 16:56:13 - [MESSAGE][INFO] - Finding web element from Test Object's properties

2021-11-19 16:56:13 - [MESSAGE][INFO] - Checking timeout

2021-11-19 16:56:13 - [MESSAGE][INFO] - Finding web element with id: 'Object Repository/Olusturma/Genel/AliciBilgisi/Tamam_Butonu' located by 'By.xpath: //div[@id='btnSelectCustomer_CD']/span' in '10' second(s)

2021-11-19 16:56:13 - [MESSAGE][INFO] - Smart Wait Function is triggered

2021-11-19 16:56:13 - [MESSAGE][INFO] - Found 1 web elements with id: 'Object Repository/Olusturma/Genel/AliciBilgisi/Tamam_Butonu' located by 'By.xpath: //div[@id='btnSelectCustomer_CD']/span' in '10' second(s)

2021-11-19 16:56:13 - [MESSAGE][PASSED] - Object 'Object Repository/Olusturma/Genel/AliciBilgisi/Tamam_Butonu' is clickable

2021-11-19 16:56:13 - [MESSAGE][INFO] - Switching to default content

2021-11-19 16:56:13 - [TEST_STEP][PASSED] - click(findTestObject("Olusturma/Genel/AliciBilgisi/Tamam_Butonu")): Switching to default content

2021-11-19 16:56:13 - [MESSAGE][INFO] - Finding Test Object 'Object Repository/Olusturma/Genel/AliciBilgisi/Tamam_Butonu'

2021-11-19 16:56:13 - [MESSAGE][INFO] - Finding Test Object 'Object Repository/Olusturma/Genel/AliciBilgisi/Alici_Bilgisi'

2021-11-19 16:56:13 - [MESSAGE][INFO] - Checking object

2021-11-19 16:56:13 - [MESSAGE][INFO] - Object: 'Object Repository/Olusturma/Genel/AliciBilgisi/Tamam_Butonu' has parent object(s)

2021-11-19 16:56:13 - [MESSAGE][INFO] - Switching to iframe: 'Object Repository/Olusturma/Genel/AliciBilgisi/Alici_Bilgisi'

2021-11-19 16:56:13 - [MESSAGE][INFO] - Finding web element from Test Object's properties

2021-11-19 16:56:13 - [MESSAGE][INFO] - Checking timeout

2021-11-19 16:56:13 - [MESSAGE][INFO] - Finding web element with id: 'Object Repository/Olusturma/Genel/AliciBilgisi/Alici_Bilgisi' located by 'By.xpath: //iframe[@id='customerselectiframe']' in '30' second(s)

2021-11-19 16:56:13 - [MESSAGE][INFO] - Smart Wait Function is triggered

2021-11-19 16:56:13 - [MESSAGE][INFO] - Found 1 web elements with id: 'Object Repository/Olusturma/Genel/AliciBilgisi/Alici_Bilgisi' located by 'By.xpath: //iframe[@id='customerselectiframe']' in '30' second(s)

2021-11-19 16:56:14 - [MESSAGE][INFO] - Switched to iframe: 'Object Repository/Olusturma/Genel/AliciBilgisi/Alici_Bilgisi'

2021-11-19 16:56:14 - [MESSAGE][INFO] - Finding web element from Test Object's properties

2021-11-19 16:56:14 - [MESSAGE][INFO] - Checking timeout

2021-11-19 16:56:14 - [MESSAGE][INFO] - Finding web element with id: 'Object Repository/Olusturma/Genel/AliciBilgisi/Tamam_Butonu' located by 'By.xpath: //div[@id='btnSelectCustomer_CD']/span' in '30' second(s)

2021-11-19 16:56:14 - [MESSAGE][INFO] - Smart Wait Function is triggered

2021-11-19 16:56:14 - [MESSAGE][INFO] - Found 1 web elements with id: 'Object Repository/Olusturma/Genel/AliciBilgisi/Tamam_Butonu' located by 'By.xpath: //div[@id='btnSelectCustomer_CD']/span' in '30' second(s)

2021-11-19 16:56:14 - [MESSAGE][INFO] - Clicking on object: 'Object Repository/Olusturma/Genel/AliciBilgisi/Tamam_Butonu'

2021-11-19 16:56:14 - [MESSAGE][PASSED] - Object: 'Object Repository/Olusturma/Genel/AliciBilgisi/Tamam_Butonu' is clicked on

2021-11-19 16:56:14 - [MESSAGE][INFO] - Switching to default content

2021-11-19 16:56:14 - [TEST_STEP][PASSED] - waitForElementPresent(findTestObject("Olusturma/Genel/AliciBilgisi/VKN-TCKN"), 10): Object 'Object Repository/Olusturma/Genel/AliciBilgisi/VKN-TCKN' is present

2021-11-19 16:56:14 - [MESSAGE][INFO] - Finding Test Object 'Object Repository/Olusturma/Genel/AliciBilgisi/VKN-TCKN'

2021-11-19 16:56:14 - [MESSAGE][INFO] - Checking object

2021-11-19 16:56:14 - [MESSAGE][INFO] - Finding web element from Test Object's properties

2021-11-19 16:56:14 - [MESSAGE][INFO] - Checking timeout

2021-11-19 16:56:14 - [MESSAGE][INFO] - Finding web element with id: 'Object Repository/Olusturma/Genel/AliciBilgisi/VKN-TCKN' located by 'By.xpath: //*[@id = 'txtVknTckn_I']' in '10' second(s)

2021-11-19 16:56:14 - [MESSAGE][INFO] - Smart Wait Function is triggered

2021-11-19 16:56:14 - [MESSAGE][INFO] - Found 1 web elements with id: 'Object Repository/Olusturma/Genel/AliciBilgisi/VKN-TCKN' located by 'By.xpath: //*[@id = 'txtVknTckn_I']' in '10' second(s)

2021-11-19 16:56:14 - [MESSAGE][PASSED] - Object 'Object Repository/Olusturma/Genel/AliciBilgisi/VKN-TCKN' is present

2021-11-19 16:56:14 - [TEST_STEP][PASSED] - text = getAttribute(findTestObject("Olusturma/Genel/AliciBilgisi/VKN-TCKN"), "value"): Attribute 'value' of object 'Object Repository/Olusturma/Genel/AliciBilgisi/VKN-TCKN' is: '5324497444'

2021-11-19 16:56:14 - [MESSAGE][INFO] - Finding Test Object 'Object Repository/Olusturma/Genel/AliciBilgisi/VKN-TCKN'

2021-11-19 16:56:14 - [MESSAGE][INFO] - Checking object

2021-11-19 16:56:14 - [MESSAGE][INFO] - Checking attribute

2021-11-19 16:56:14 - [MESSAGE][INFO] - Finding web element from Test Object's properties

2021-11-19 16:56:14 - [MESSAGE][INFO] - Checking timeout

2021-11-19 16:56:14 - [MESSAGE][INFO] - Finding web element with id: 'Object Repository/Olusturma/Genel/AliciBilgisi/VKN-TCKN' located by 'By.xpath: //*[@id = 'txtVknTckn_I']' in '30' second(s)

2021-11-19 16:56:14 - [MESSAGE][INFO] - Smart Wait Function is triggered

2021-11-19 16:56:15 - [MESSAGE][INFO] - Found 1 web elements with id: 'Object Repository/Olusturma/Genel/AliciBilgisi/VKN-TCKN' located by 'By.xpath: //*[@id = 'txtVknTckn_I']' in '30' second(s)

2021-11-19 16:56:15 - [MESSAGE][INFO] - Getting attribute 'value' of object 'Object Repository/Olusturma/Genel/AliciBilgisi/VKN-TCKN'

2021-11-19 16:56:15 - [MESSAGE][PASSED] - Attribute 'value' of object 'Object Repository/Olusturma/Genel/AliciBilgisi/VKN-TCKN' is: '5324497444'

2021-11-19 16:56:15 - [TEST_STEP][PASSED] - if (text.equals("")): null

2021-11-19 16:56:15 - [MESSAGE][PASSED] - Call Test Case 'Test Cases/Olusturma/Genel/AliciSecilir' successfully

2021-11-19 16:56:15 - [MESSAGE][INFO] - Checking called Test Case

2021-11-19 16:56:15 - [MESSAGE][INFO] - Starting to call Test Case 'Test Cases/Olusturma/Genel/GonderimSekliSecilir'

2021-11-19 16:56:15 - [TEST_CASE][PASSED] - Test Cases/Olusturma/Genel/GonderimSekliSecilir: Test Cases/Olusturma/Genel/GonderimSekliSecilir

2021-11-19 16:56:15 - [TEST_STEP][PASSED] - waitForElementClickable(findTestObject("Object Repository/Olusturma/Genel/GonderimSekli/GonderimSekli"), 10): Object 'Object Repository/Olusturma/Genel/GonderimSekli/GonderimSekli' is clickable

2021-11-19 16:56:15 - [MESSAGE][INFO] - Finding Test Object 'Object Repository/Olusturma/Genel/GonderimSekli/GonderimSekli'

2021-11-19 16:56:15 - [MESSAGE][INFO] - Checking object

2021-11-19 16:56:15 - [MESSAGE][INFO] - Checking timeout

2021-11-19 16:56:15 - [MESSAGE][INFO] - Finding web element from Test Object's properties

2021-11-19 16:56:15 - [MESSAGE][INFO] - Checking timeout

2021-11-19 16:56:15 - [MESSAGE][INFO] - Finding web element with id: 'Object Repository/Olusturma/Genel/GonderimSekli/GonderimSekli' located by 'By.xpath: //*[@id = 'txtGonderimSekil_I']' in '10' second(s)

2021-11-19 16:56:15 - [MESSAGE][INFO] - Smart Wait Function is triggered

2021-11-19 16:56:15 - [MESSAGE][INFO] - Found 1 web elements with id: 'Object Repository/Olusturma/Genel/GonderimSekli/GonderimSekli' located by 'By.xpath: //*[@id = 'txtGonderimSekil_I']' in '10' second(s)

2021-11-19 16:56:15 - [MESSAGE][PASSED] - Object 'Object Repository/Olusturma/Genel/GonderimSekli/GonderimSekli' is clickable

2021-11-19 16:56:15 - [TEST_STEP][PASSED] - click(findTestObject("Object Repository/Olusturma/Genel/GonderimSekli/GonderimSekli")): Object: 'Object Repository/Olusturma/Genel/GonderimSekli/GonderimSekli' is clicked on

2021-11-19 16:56:15 - [MESSAGE][INFO] - Finding Test Object 'Object Repository/Olusturma/Genel/GonderimSekli/GonderimSekli'

2021-11-19 16:56:15 - [MESSAGE][INFO] - Checking object

2021-11-19 16:56:15 - [MESSAGE][INFO] - Finding web element from Test Object's properties

2021-11-19 16:56:15 - [MESSAGE][INFO] - Checking timeout

2021-11-19 16:56:15 - [MESSAGE][INFO] - Finding web element with id: 'Object Repository/Olusturma/Genel/GonderimSekli/GonderimSekli' located by 'By.xpath: //*[@id = 'txtGonderimSekil_I']' in '30' second(s)

2021-11-19 16:56:15 - [MESSAGE][INFO] - Smart Wait Function is triggered

2021-11-19 16:56:15 - [MESSAGE][INFO] - Found 1 web elements with id: 'Object Repository/Olusturma/Genel/GonderimSekli/GonderimSekli' located by 'By.xpath: //*[@id = 'txtGonderimSekil_I']' in '30' second(s)

2021-11-19 16:56:15 - [MESSAGE][INFO] - Clicking on object: 'Object Repository/Olusturma/Genel/GonderimSekli/GonderimSekli'

2021-11-19 16:56:16 - [MESSAGE][PASSED] - Object: 'Object Repository/Olusturma/Genel/GonderimSekli/GonderimSekli' is clicked on

2021-11-19 16:56:16 - [TEST_STEP][PASSED] - Method.TextDegerineEsitElementeTikla(findTestObject("Object Repository/Olusturma/Genel/GonderimSekli/GonderimSekliAdi"), GonderimSekli): Method.TextDegerineEsitElementeTikla is PASSED

2021-11-19 16:56:16 - [MESSAGE][INFO] - Finding Test Object 'Object Repository/Olusturma/Genel/GonderimSekli/GonderimSekliAdi'

2021-11-19 16:56:16 - [MESSAGE][INFO] - Checking timeout

2021-11-19 16:56:16 - [MESSAGE][INFO] - Finding web element with id: 'Object Repository/Olusturma/Genel/GonderimSekli/GonderimSekliAdi' located by 'By.cssSelector: #txtGonderimSekil_DDD_L_LBT td' in '10' second(s)

2021-11-19 16:56:16 - [MESSAGE][INFO] - Smart Wait Function is triggered

2021-11-19 16:56:16 - [MESSAGE][INFO] - Found 2 web elements with id: 'Object Repository/Olusturma/Genel/GonderimSekli/GonderimSekliAdi' located by 'By.cssSelector: #txtGonderimSekil_DDD_L_LBT td' in '10' second(s)

2021-11-19 16:56:16 - [MESSAGE][PASSED] - Method.TextDegerineEsitElementeTikla is PASSED

2021-11-19 16:56:16 - [MESSAGE][PASSED] - Call Test Case 'Test Cases/Olusturma/Genel/GonderimSekliSecilir' successfully

2021-11-19 16:56:16 - [MESSAGE][INFO] - Checking called Test Case

2021-11-19 16:56:16 - [MESSAGE][INFO] - Starting to call Test Case 'Test Cases/Olusturma/Genel/TipSecilir'

2021-11-19 16:56:16 - [TEST_CASE][PASSED] - Test Cases/Olusturma/Genel/TipSecilir: Test Cases/Olusturma/Genel/TipSecilir

2021-11-19 16:56:16 - [TEST_STEP][PASSED] - waitForElementClickable(findTestObject("Olusturma/Genel/TipSecilir/Tip"), 10): Object 'Object Repository/Olusturma/Genel/TipSecilir/Tip' is clickable

2021-11-19 16:56:16 - [MESSAGE][INFO] - Finding Test Object 'Object Repository/Olusturma/Genel/TipSecilir/Tip'

2021-11-19 16:56:16 - [MESSAGE][INFO] - Checking object

2021-11-19 16:56:16 - [MESSAGE][INFO] - Checking timeout

2021-11-19 16:56:16 - [MESSAGE][INFO] - Finding web element from Test Object's properties

2021-11-19 16:56:16 - [MESSAGE][INFO] - Checking timeout

2021-11-19 16:56:16 - [MESSAGE][INFO] - Finding web element with id: 'Object Repository/Olusturma/Genel/TipSecilir/Tip' located by 'By.xpath: //*[@id = 'DocumentTypeCode_I']' in '10' second(s)

2021-11-19 16:56:16 - [MESSAGE][INFO] - Smart Wait Function is triggered

2021-11-19 16:56:17 - [MESSAGE][INFO] - Found 1 web elements with id: 'Object Repository/Olusturma/Genel/TipSecilir/Tip' located by 'By.xpath: //*[@id = 'DocumentTypeCode_I']' in '10' second(s)

2021-11-19 16:56:17 - [MESSAGE][PASSED] - Object 'Object Repository/Olusturma/Genel/TipSecilir/Tip' is clickable

2021-11-19 16:56:17 - [TEST_STEP][PASSED] - click(findTestObject("Olusturma/Genel/TipSecilir/Tip")): Object: 'Object Repository/Olusturma/Genel/TipSecilir/Tip' is clicked on

2021-11-19 16:56:17 - [MESSAGE][INFO] - Finding Test Object 'Object Repository/Olusturma/Genel/TipSecilir/Tip'

2021-11-19 16:56:17 - [MESSAGE][INFO] - Checking object

2021-11-19 16:56:17 - [MESSAGE][INFO] - Finding web element from Test Object's properties

2021-11-19 16:56:17 - [MESSAGE][INFO] - Checking timeout

2021-11-19 16:56:17 - [MESSAGE][INFO] - Finding web element with id: 'Object Repository/Olusturma/Genel/TipSecilir/Tip' located by 'By.xpath: //*[@id = 'DocumentTypeCode_I']' in '30' second(s)

2021-11-19 16:56:17 - [MESSAGE][INFO] - Smart Wait Function is triggered

2021-11-19 16:56:17 - [MESSAGE][INFO] - Found 1 web elements with id: 'Object Repository/Olusturma/Genel/TipSecilir/Tip' located by 'By.xpath: //*[@id = 'DocumentTypeCode_I']' in '30' second(s)

2021-11-19 16:56:17 - [MESSAGE][INFO] - Clicking on object: 'Object Repository/Olusturma/Genel/TipSecilir/Tip'

2021-11-19 16:56:17 - [MESSAGE][PASSED] - Object: 'Object Repository/Olusturma/Genel/TipSecilir/Tip' is clicked on

2021-11-19 16:56:17 - [TEST_STEP][PASSED] - Method.TextDegerineEsitElementeTikla(findTestObject("Object Repository/Olusturma/Genel/TipSecilir/Tip_Adi"), Tip): Method.TextDegerineEsitElementeTikla is PASSED

2021-11-19 16:56:17 - [MESSAGE][INFO] - Finding Test Object 'Object Repository/Olusturma/Genel/TipSecilir/Tip_Adi'

2021-11-19 16:56:17 - [MESSAGE][INFO] - Checking timeout

2021-11-19 16:56:17 - [MESSAGE][INFO] - Finding web element with id: 'Object Repository/Olusturma/Genel/TipSecilir/Tip_Adi' located by 'By.cssSelector: #DocumentTypeCode_DDD_L_LBT td' in '10' second(s)

2021-11-19 16:56:17 - [MESSAGE][INFO] - Smart Wait Function is triggered

2021-11-19 16:56:17 - [MESSAGE][INFO] - Found 9 web elements with id: 'Object Repository/Olusturma/Genel/TipSecilir/Tip_Adi' located by 'By.cssSelector: #DocumentTypeCode_DDD_L_LBT td' in '10' second(s)

2021-11-19 16:56:18 - [MESSAGE][PASSED] - Method.TextDegerineEsitElementeTikla is PASSED

2021-11-19 16:56:18 - [MESSAGE][PASSED] - Call Test Case 'Test Cases/Olusturma/Genel/TipSecilir' successfully

2021-11-19 16:56:18 - [MESSAGE][INFO] - Checking called Test Case

2021-11-19 16:56:18 - [MESSAGE][INFO] - Starting to call Test Case 'Test Cases/Olusturma/Genel/DokumanParaBirimiSecilir'

2021-11-19 16:56:18 - [TEST_CASE][PASSED] - Test Cases/Olusturma/Genel/DokumanParaBirimiSecilir: Test Cases/Olusturma/Genel/DokumanParaBirimiSecilir

2021-11-19 16:56:18 - [TEST_STEP][PASSED] - waitForElementClickable(findTestObject("Object Repository/Olusturma/Genel/DokumanParaBirimiSecilir/Para"), 10): Object 'Object Repository/Olusturma/Genel/DokumanParaBirimiSecilir/Para' is clickable

2021-11-19 16:56:18 - [MESSAGE][INFO] - Finding Test Object 'Object Repository/Olusturma/Genel/DokumanParaBirimiSecilir/Para'

2021-11-19 16:56:18 - [MESSAGE][INFO] - Checking object

2021-11-19 16:56:18 - [MESSAGE][INFO] - Checking timeout

2021-11-19 16:56:18 - [MESSAGE][INFO] - Finding web element from Test Object's properties

2021-11-19 16:56:18 - [MESSAGE][INFO] - Checking timeout

2021-11-19 16:56:18 - [MESSAGE][INFO] - Finding web element with id: 'Object Repository/Olusturma/Genel/DokumanParaBirimiSecilir/Para' located by 'By.xpath: //*[@id = 'CurrencyUnit_I']' in '10' second(s)

2021-11-19 16:56:18 - [MESSAGE][INFO] - Smart Wait Function is triggered

2021-11-19 16:56:19 - [MESSAGE][INFO] - Found 1 web elements with id: 'Object Repository/Olusturma/Genel/DokumanParaBirimiSecilir/Para' located by 'By.xpath: //*[@id = 'CurrencyUnit_I']' in '10' second(s)

2021-11-19 16:56:19 - [MESSAGE][PASSED] - Object 'Object Repository/Olusturma/Genel/DokumanParaBirimiSecilir/Para' is clickable

2021-11-19 16:56:19 - [TEST_STEP][PASSED] - click(findTestObject("Object Repository/Olusturma/Genel/DokumanParaBirimiSecilir/Para")): Object: 'Object Repository/Olusturma/Genel/DokumanParaBirimiSecilir/Para' is clicked on

2021-11-19 16:56:19 - [MESSAGE][INFO] - Finding Test Object 'Object Repository/Olusturma/Genel/DokumanParaBirimiSecilir/Para'

2021-11-19 16:56:19 - [MESSAGE][INFO] - Checking object

2021-11-19 16:56:19 - [MESSAGE][INFO] - Finding web element from Test Object's properties

2021-11-19 16:56:19 - [MESSAGE][INFO] - Checking timeout

2021-11-19 16:56:19 - [MESSAGE][INFO] - Finding web element with id: 'Object Repository/Olusturma/Genel/DokumanParaBirimiSecilir/Para' located by 'By.xpath: //*[@id = 'CurrencyUnit_I']' in '30' second(s)

2021-11-19 16:56:19 - [MESSAGE][INFO] - Smart Wait Function is triggered

2021-11-19 16:56:20 - [MESSAGE][INFO] - Found 1 web elements with id: 'Object Repository/Olusturma/Genel/DokumanParaBirimiSecilir/Para' located by 'By.xpath: //*[@id = 'CurrencyUnit_I']' in '30' second(s)

2021-11-19 16:56:20 - [MESSAGE][INFO] - Clicking on object: 'Object Repository/Olusturma/Genel/DokumanParaBirimiSecilir/Para'

2021-11-19 16:56:20 - [MESSAGE][PASSED] - Object: 'Object Repository/Olusturma/Genel/DokumanParaBirimiSecilir/Para' is clicked on

2021-11-19 16:56:20 - [TEST_STEP][PASSED] - Method.TextDegerineEsitElementeTikla(findTestObject("Object Repository/Olusturma/Genel/DokumanParaBirimiSecilir/Para_Adi"), Para): Method.TextDegerineEsitElementeTikla is PASSED

2021-11-19 16:56:20 - [MESSAGE][INFO] - Finding Test Object 'Object Repository/Olusturma/Genel/DokumanParaBirimiSecilir/Para_Adi'

2021-11-19 16:56:20 - [MESSAGE][INFO] - Checking timeout

2021-11-19 16:56:20 - [MESSAGE][INFO] - Finding web element with id: 'Object Repository/Olusturma/Genel/DokumanParaBirimiSecilir/Para_Adi' located by 'By.cssSelector: #CurrencyUnit_DDD_L_LBT td' in '10' second(s)

2021-11-19 16:56:20 - [MESSAGE][INFO] - Smart Wait Function is triggered

2021-11-19 16:56:20 - [MESSAGE][INFO] - Found 203 web elements with id: 'Object Repository/Olusturma/Genel/DokumanParaBirimiSecilir/Para_Adi' located by 'By.cssSelector: #CurrencyUnit_DDD_L_LBT td' in '10' second(s)

2021-11-19 16:56:26 - [MESSAGE][PASSED] - Method.TextDegerineEsitElementeTikla is PASSED

2021-11-19 16:56:26 - [MESSAGE][PASSED] - Call Test Case 'Test Cases/Olusturma/Genel/DokumanParaBirimiSecilir' successfully

2021-11-19 16:56:26 - [MESSAGE][INFO] - Checking called Test Case

2021-11-19 16:56:26 - [MESSAGE][INFO] - Starting to call Test Case 'Test Cases/Olusturma/Genel/OnEkSecilir'

2021-11-19 16:56:26 - [TEST_CASE][PASSED] - Test Cases/Olusturma/Genel/OnEkSecilir: Test Cases/Olusturma/Genel/OnEkSecilir

2021-11-19 16:56:26 - [TEST_STEP][PASSED] - waitForElementClickable(findTestObject("Object Repository/Olusturma/Genel/OnEkSecilir/OnEk"), 10): Object 'Object Repository/Olusturma/Genel/OnEkSecilir/OnEk' is clickable

2021-11-19 16:56:26 - [MESSAGE][INFO] - Finding Test Object 'Object Repository/Olusturma/Genel/OnEkSecilir/OnEk'

2021-11-19 16:56:26 - [MESSAGE][INFO] - Checking object

2021-11-19 16:56:26 - [MESSAGE][INFO] - Checking timeout

2021-11-19 16:56:26 - [MESSAGE][INFO] - Finding web element from Test Object's properties

2021-11-19 16:56:26 - [MESSAGE][INFO] - Checking timeout

2021-11-19 16:56:26 - [MESSAGE][INFO] - Finding web element with id: 'Object Repository/Olusturma/Genel/OnEkSecilir/OnEk' located by 'By.xpath: //*[@id = 'InvoicePrefix_I']' in '10' second(s)

2021-11-19 16:56:26 - [MESSAGE][INFO] - Smart Wait Function is triggered

2021-11-19 16:56:26 - [MESSAGE][INFO] - Found 1 web elements with id: 'Object Repository/Olusturma/Genel/OnEkSecilir/OnEk' located by 'By.xpath: //*[@id = 'InvoicePrefix_I']' in '10' second(s)

2021-11-19 16:56:26 - [MESSAGE][PASSED] - Object 'Object Repository/Olusturma/Genel/OnEkSecilir/OnEk' is clickable

2021-11-19 16:56:26 - [TEST_STEP][PASSED] - click(findTestObject("Object Repository/Olusturma/Genel/OnEkSecilir/OnEk")): Object: 'Object Repository/Olusturma/Genel/OnEkSecilir/OnEk' is clicked on

2021-11-19 16:56:26 - [MESSAGE][INFO] - Finding Test Object 'Object Repository/Olusturma/Genel/OnEkSecilir/OnEk'

2021-11-19 16:56:26 - [MESSAGE][INFO] - Checking object

2021-11-19 16:56:26 - [MESSAGE][INFO] - Finding web element from Test Object's properties

2021-11-19 16:56:26 - [MESSAGE][INFO] - Checking timeout

2021-11-19 16:56:26 - [MESSAGE][INFO] - Finding web element with id: 'Object Repository/Olusturma/Genel/OnEkSecilir/OnEk' located by 'By.xpath: //*[@id = 'InvoicePrefix_I']' in '30' second(s)

2021-11-19 16:56:26 - [MESSAGE][INFO] - Smart Wait Function is triggered

2021-11-19 16:56:27 - [MESSAGE][INFO] - Found 1 web elements with id: 'Object Repository/Olusturma/Genel/OnEkSecilir/OnEk' located by 'By.xpath: //*[@id = 'InvoicePrefix_I']' in '30' second(s)

2021-11-19 16:56:27 - [MESSAGE][INFO] - Clicking on object: 'Object Repository/Olusturma/Genel/OnEkSecilir/OnEk'

2021-11-19 16:56:27 - [MESSAGE][PASSED] - Object: 'Object Repository/Olusturma/Genel/OnEkSecilir/OnEk' is clicked on

2021-11-19 16:56:27 - [TEST_STEP][PASSED] - Method.TextDegerineEsitElementeTiklaEquals(findTestObject("Object Repository/Olusturma/Genel/OnEkSecilir/OnEkAdi"), Ek): Method.TextDegerineEsitElementeTiklaEquals is PASSED

2021-11-19 16:56:27 - [MESSAGE][INFO] - Finding Test Object 'Object Repository/Olusturma/Genel/OnEkSecilir/OnEkAdi'

2021-11-19 16:56:27 - [MESSAGE][INFO] - Checking timeout

2021-11-19 16:56:27 - [MESSAGE][INFO] - Finding web element with id: 'Object Repository/Olusturma/Genel/OnEkSecilir/OnEkAdi' located by 'By.cssSelector: #InvoicePrefix_DDD_L_LBT td' in '10' second(s)

2021-11-19 16:56:27 - [MESSAGE][INFO] - Smart Wait Function is triggered

2021-11-19 16:56:27 - [MESSAGE][INFO] - Found 1 web elements with id: 'Object Repository/Olusturma/Genel/OnEkSecilir/OnEkAdi' located by 'By.cssSelector: #InvoicePrefix_DDD_L_LBT td' in '10' second(s)

2021-11-19 16:56:28 - [MESSAGE][PASSED] - Method.TextDegerineEsitElementeTiklaEquals is PASSED

2021-11-19 16:56:28 - [MESSAGE][PASSED] - Call Test Case 'Test Cases/Olusturma/Genel/OnEkSecilir' successfully

2021-11-19 16:56:28 - [MESSAGE][INFO] - Checking called Test Case

2021-11-19 16:56:28 - [MESSAGE][INFO] - Starting to call Test Case 'Test Cases/Olusturma/Genel/TasarimSecilir'

2021-11-19 16:56:28 - [TEST_CASE][PASSED] - Test Cases/Olusturma/Genel/TasarimSecilir: Test Cases/Olusturma/Genel/TasarimSecilir

2021-11-19 16:56:28 - [TEST_STEP][PASSED] - waitForElementClickable(findTestObject("Object Repository/Olusturma/Genel/TasarimSecilir/Tasarim"), 10): Object 'Object Repository/Olusturma/Genel/TasarimSecilir/Tasarim' is clickable

2021-11-19 16:56:28 - [MESSAGE][INFO] - Finding Test Object 'Object Repository/Olusturma/Genel/TasarimSecilir/Tasarim'

2021-11-19 16:56:28 - [MESSAGE][INFO] - Checking object

2021-11-19 16:56:28 - [MESSAGE][INFO] - Checking timeout

2021-11-19 16:56:28 - [MESSAGE][INFO] - Finding web element from Test Object's properties

2021-11-19 16:56:28 - [MESSAGE][INFO] - Checking timeout

2021-11-19 16:56:28 - [MESSAGE][INFO] - Finding web element with id: 'Object Repository/Olusturma/Genel/TasarimSecilir/Tasarim' located by 'By.xpath: //*[@id = 'DesignId_I']' in '10' second(s)

2021-11-19 16:56:28 - [MESSAGE][INFO] - Smart Wait Function is triggered

2021-11-19 16:56:28 - [MESSAGE][INFO] - Found 1 web elements with id: 'Object Repository/Olusturma/Genel/TasarimSecilir/Tasarim' located by 'By.xpath: //*[@id = 'DesignId_I']' in '10' second(s)

2021-11-19 16:56:28 - [MESSAGE][PASSED] - Object 'Object Repository/Olusturma/Genel/TasarimSecilir/Tasarim' is clickable

2021-11-19 16:56:28 - [TEST_STEP][PASSED] - click(findTestObject("Object Repository/Olusturma/Genel/TasarimSecilir/Tasarim")): Object: 'Object Repository/Olusturma/Genel/TasarimSecilir/Tasarim' is clicked on

2021-11-19 16:56:28 - [MESSAGE][INFO] - Finding Test Object 'Object Repository/Olusturma/Genel/TasarimSecilir/Tasarim'

2021-11-19 16:56:28 - [MESSAGE][INFO] - Checking object

2021-11-19 16:56:28 - [MESSAGE][INFO] - Finding web element from Test Object's properties

2021-11-19 16:56:28 - [MESSAGE][INFO] - Checking timeout

2021-11-19 16:56:28 - [MESSAGE][INFO] - Finding web element with id: 'Object Repository/Olusturma/Genel/TasarimSecilir/Tasarim' located by 'By.xpath: //*[@id = 'DesignId_I']' in '30' second(s)

2021-11-19 16:56:28 - [MESSAGE][INFO] - Smart Wait Function is triggered

2021-11-19 16:56:29 - [MESSAGE][INFO] - Found 1 web elements with id: 'Object Repository/Olusturma/Genel/TasarimSecilir/Tasarim' located by 'By.xpath: //*[@id = 'DesignId_I']' in '30' second(s)

2021-11-19 16:56:29 - [MESSAGE][INFO] - Clicking on object: 'Object Repository/Olusturma/Genel/TasarimSecilir/Tasarim'

2021-11-19 16:56:29 - [MESSAGE][PASSED] - Object: 'Object Repository/Olusturma/Genel/TasarimSecilir/Tasarim' is clicked on

2021-11-19 16:56:29 - [TEST_STEP][PASSED] - Method.TextDegerineEsitElementeTikla(findTestObject("Object Repository/Olusturma/Genel/TasarimSecilir/Tasarim_Adi"), Tasarim): Method.TextDegerineEsitElementeTikla is PASSED

2021-11-19 16:56:29 - [MESSAGE][INFO] - Finding Test Object 'Object Repository/Olusturma/Genel/TasarimSecilir/Tasarim_Adi'

2021-11-19 16:56:29 - [MESSAGE][INFO] - Checking timeout

2021-11-19 16:56:29 - [MESSAGE][INFO] - Finding web element with id: 'Object Repository/Olusturma/Genel/TasarimSecilir/Tasarim_Adi' located by 'By.cssSelector: #DesignId_DDD_L_LBT td' in '10' second(s)

2021-11-19 16:56:29 - [MESSAGE][INFO] - Smart Wait Function is triggered

2021-11-19 16:56:29 - [MESSAGE][INFO] - Found 1 web elements with id: 'Object Repository/Olusturma/Genel/TasarimSecilir/Tasarim_Adi' located by 'By.cssSelector: #DesignId_DDD_L_LBT td' in '10' second(s)

2021-11-19 16:56:29 - [MESSAGE][PASSED] - Method.TextDegerineEsitElementeTikla is PASSED

2021-11-19 16:56:29 - [MESSAGE][PASSED] - Call Test Case 'Test Cases/Olusturma/Genel/TasarimSecilir' successfully

2021-11-19 16:56:29 - [MESSAGE][INFO] - Checking called Test Case

2021-11-19 16:56:29 - [MESSAGE][INFO] - Starting to call Test Case 'Test Cases/Olusturma/Genel/Kutular/SiparisBilgileriGirilir'

2021-11-19 16:56:29 - [TEST_CASE][PASSED] - Test Cases/Olusturma/Genel/Kutular/SiparisBilgileriGirilir: Test Cases/Olusturma/Genel/Kutular/SiparisBilgileriGirilir

2021-11-19 16:56:29 - [TEST_STEP][PASSED] - Method.TextDegerineEsitElementeTikla(findTestObject("Olusturma/Genel/Kutular/KapaliKutular"), "Sipariş Bilgileri"): Method.TextDegerineEsitElementeTikla is PASSED

2021-11-19 16:56:29 - [MESSAGE][INFO] - Finding Test Object 'Object Repository/Olusturma/Genel/Kutular/KapaliKutular'

2021-11-19 16:56:29 - [MESSAGE][INFO] - Checking timeout

2021-11-19 16:56:29 - [MESSAGE][INFO] - Finding web element with id: 'Object Repository/Olusturma/Genel/Kutular/KapaliKutular' located by 'By.cssSelector: .dxnb-headerCollapsed>span' in '10' second(s)

2021-11-19 16:56:29 - [MESSAGE][INFO] - Smart Wait Function is triggered

2021-11-19 16:56:30 - [MESSAGE][INFO] - Found 8 web elements with id: 'Object Repository/Olusturma/Genel/Kutular/KapaliKutular' located by 'By.cssSelector: .dxnb-headerCollapsed>span' in '10' second(s)

2021-11-19 16:56:30 - [MESSAGE][PASSED] - Method.TextDegerineEsitElementeTikla is PASSED

2021-11-19 16:56:30 - [TEST_STEP][PASSED] - waitForElementPresent(findTestObject("Object Repository/Olusturma/Genel/Kutular/SiparisBilgileri/SiparisNo"), 10): Object 'Object Repository/Olusturma/Genel/Kutular/SiparisBilgileri/SiparisNo' is present

2021-11-19 16:56:30 - [MESSAGE][INFO] - Finding Test Object 'Object Repository/Olusturma/Genel/Kutular/SiparisBilgileri/SiparisNo'

2021-11-19 16:56:30 - [MESSAGE][INFO] - Checking object

2021-11-19 16:56:30 - [MESSAGE][INFO] - Finding web element from Test Object's properties

2021-11-19 16:56:30 - [MESSAGE][INFO] - Checking timeout

2021-11-19 16:56:30 - [MESSAGE][INFO] - Finding web element with id: 'Object Repository/Olusturma/Genel/Kutular/SiparisBilgileri/SiparisNo' located by 'By.xpath: //*[@id = 'txtSiparisNo_I']' in '10' second(s)

2021-11-19 16:56:30 - [MESSAGE][INFO] - Smart Wait Function is triggered

2021-11-19 16:56:30 - [MESSAGE][INFO] - Found 1 web elements with id: 'Object Repository/Olusturma/Genel/Kutular/SiparisBilgileri/SiparisNo' located by 'By.xpath: //*[@id = 'txtSiparisNo_I']' in '10' second(s)

2021-11-19 16:56:30 - [MESSAGE][PASSED] - Object 'Object Repository/Olusturma/Genel/Kutular/SiparisBilgileri/SiparisNo' is present

2021-11-19 16:56:30 - [TEST_STEP][PASSED] - clearText(findTestObject("Object Repository/Olusturma/Genel/Kutular/SiparisBilgileri/SiparisNo")): Text of object 'Object Repository/Olusturma/Genel/Kutular/SiparisBilgileri/SiparisNo' is cleared

2021-11-19 16:56:30 - [MESSAGE][INFO] - Finding Test Object 'Object Repository/Olusturma/Genel/Kutular/SiparisBilgileri/SiparisNo'

2021-11-19 16:56:30 - [MESSAGE][INFO] - Checking object

2021-11-19 16:56:30 - [MESSAGE][INFO] - Finding web element from Test Object's properties

2021-11-19 16:56:30 - [MESSAGE][INFO] - Checking timeout

2021-11-19 16:56:30 - [MESSAGE][INFO] - Finding web element with id: 'Object Repository/Olusturma/Genel/Kutular/SiparisBilgileri/SiparisNo' located by 'By.xpath: //*[@id = 'txtSiparisNo_I']' in '30' second(s)

2021-11-19 16:56:30 - [MESSAGE][INFO] - Smart Wait Function is triggered

2021-11-19 16:56:31 - [MESSAGE][INFO] - Found 1 web elements with id: 'Object Repository/Olusturma/Genel/Kutular/SiparisBilgileri/SiparisNo' located by 'By.xpath: //*[@id = 'txtSiparisNo_I']' in '30' second(s)

2021-11-19 16:56:31 - [MESSAGE][INFO] - Clearing text of object 'Object Repository/Olusturma/Genel/Kutular/SiparisBilgileri/SiparisNo'

2021-11-19 16:56:31 - [MESSAGE][PASSED] - Text of object 'Object Repository/Olusturma/Genel/Kutular/SiparisBilgileri/SiparisNo' is cleared

2021-11-19 16:56:31 - [TEST_STEP][PASSED] - sendKeys(findTestObject("Object Repository/Olusturma/Genel/Kutular/SiparisBilgileri/SiparisNo"), SiparisNo): Keys 'UUC-SAT-1200001' sent to object: 'Object Repository/Olusturma/Genel/Kutular/SiparisBilgileri/SiparisNo'

2021-11-19 16:56:31 - [MESSAGE][INFO] - Finding Test Object 'Object Repository/Olusturma/Genel/Kutular/SiparisBilgileri/SiparisNo'

2021-11-19 16:56:31 - [MESSAGE][INFO] - Sending keys 'UUC-SAT-1200001' to object: 'Object Repository/Olusturma/Genel/Kutular/SiparisBilgileri/SiparisNo'

2021-11-19 16:56:31 - [MESSAGE][INFO] - Finding web element from Test Object's properties

2021-11-19 16:56:31 - [MESSAGE][INFO] - Checking timeout

2021-11-19 16:56:31 - [MESSAGE][INFO] - Finding web element with id: 'Object Repository/Olusturma/Genel/Kutular/SiparisBilgileri/SiparisNo' located by 'By.xpath: //*[@id = 'txtSiparisNo_I']' in '30' second(s)

2021-11-19 16:56:31 - [MESSAGE][INFO] - Smart Wait Function is triggered

2021-11-19 16:56:31 - [MESSAGE][INFO] - Found 1 web elements with id: 'Object Repository/Olusturma/Genel/Kutular/SiparisBilgileri/SiparisNo' located by 'By.xpath: //*[@id = 'txtSiparisNo_I']' in '30' second(s)

2021-11-19 16:56:31 - [MESSAGE][PASSED] - Keys 'UUC-SAT-1200001' sent to object: 'Object Repository/Olusturma/Genel/Kutular/SiparisBilgileri/SiparisNo'

2021-11-19 16:56:31 - [TEST_STEP][PASSED] - waitForElementClickable(findTestObject("Object Repository/Olusturma/Genel/Kutular/SiparisBilgileri/SiparisTarihiImage"), 10): Object 'Object Repository/Olusturma/Genel/Kutular/SiparisBilgileri/SiparisTarihiImage' is clickable

2021-11-19 16:56:31 - [MESSAGE][INFO] - Finding Test Object 'Object Repository/Olusturma/Genel/Kutular/SiparisBilgileri/SiparisTarihiImage'

2021-11-19 16:56:32 - [MESSAGE][INFO] - Checking object

2021-11-19 16:56:32 - [MESSAGE][INFO] - Checking timeout

2021-11-19 16:56:32 - [MESSAGE][INFO] - Finding web element from Test Object's properties

2021-11-19 16:56:32 - [MESSAGE][INFO] - Checking timeout

2021-11-19 16:56:32 - [MESSAGE][INFO] - Finding web element with id: 'Object Repository/Olusturma/Genel/Kutular/SiparisBilgileri/SiparisTarihiImage' located by 'By.cssSelector: #dateSiparisTarih img' in '10' second(s)

2021-11-19 16:56:32 - [MESSAGE][INFO] - Smart Wait Function is triggered

2021-11-19 16:56:32 - [MESSAGE][INFO] - Found 1 web elements with id: 'Object Repository/Olusturma/Genel/Kutular/SiparisBilgileri/SiparisTarihiImage' located by 'By.cssSelector: #dateSiparisTarih img' in '10' second(s)

2021-11-19 16:56:32 - [MESSAGE][PASSED] - Object 'Object Repository/Olusturma/Genel/Kutular/SiparisBilgileri/SiparisTarihiImage' is clickable

2021-11-19 16:56:32 - [TEST_STEP][PASSED] - click(findTestObject("Object Repository/Olusturma/Genel/Kutular/SiparisBilgileri/SiparisTarihiImage")): Object: 'Object Repository/Olusturma/Genel/Kutular/SiparisBilgileri/SiparisTarihiImage' is clicked on

2021-11-19 16:56:32 - [MESSAGE][INFO] - Finding Test Object 'Object Repository/Olusturma/Genel/Kutular/SiparisBilgileri/SiparisTarihiImage'

2021-11-19 16:56:32 - [MESSAGE][INFO] - Checking object

2021-11-19 16:56:32 - [MESSAGE][INFO] - Finding web element from Test Object's properties

2021-11-19 16:56:32 - [MESSAGE][INFO] - Checking timeout

2021-11-19 16:56:32 - [MESSAGE][INFO] - Finding web element with id: 'Object Repository/Olusturma/Genel/Kutular/SiparisBilgileri/SiparisTarihiImage' located by 'By.cssSelector: #dateSiparisTarih img' in '30' second(s)

2021-11-19 16:56:32 - [MESSAGE][INFO] - Smart Wait Function is triggered

2021-11-19 16:56:32 - [MESSAGE][INFO] - Found 1 web elements with id: 'Object Repository/Olusturma/Genel/Kutular/SiparisBilgileri/SiparisTarihiImage' located by 'By.cssSelector: #dateSiparisTarih img' in '30' second(s)

2021-11-19 16:56:32 - [MESSAGE][INFO] - Clicking on object: 'Object Repository/Olusturma/Genel/Kutular/SiparisBilgileri/SiparisTarihiImage'

2021-11-19 16:56:32 - [MESSAGE][PASSED] - Object: 'Object Repository/Olusturma/Genel/Kutular/SiparisBilgileri/SiparisTarihiImage' is clicked on

2021-11-19 16:56:32 - [TEST_STEP][PASSED] - waitForElementPresent(findTestObject("Object Repository/Olusturma/Genel/Kutular/SiparisBilgileri/SiparisTarihi"), 10): Object 'Object Repository/Olusturma/Genel/Kutular/SiparisBilgileri/SiparisTarihi' is present

2021-11-19 16:56:32 - [MESSAGE][INFO] - Finding Test Object 'Object Repository/Olusturma/Genel/Kutular/SiparisBilgileri/SiparisTarihi'

2021-11-19 16:56:33 - [MESSAGE][INFO] - Checking object

2021-11-19 16:56:33 - [MESSAGE][INFO] - Finding web element from Test Object's properties

2021-11-19 16:56:33 - [MESSAGE][INFO] - Checking timeout

2021-11-19 16:56:33 - [MESSAGE][INFO] - Finding web element with id: 'Object Repository/Olusturma/Genel/Kutular/SiparisBilgileri/SiparisTarihi' located by 'By.xpath: //*[@id = 'dateSiparisTarih_I']' in '10' second(s)

2021-11-19 16:56:33 - [MESSAGE][INFO] - Smart Wait Function is triggered

2021-11-19 16:56:33 - [MESSAGE][INFO] - Found 1 web elements with id: 'Object Repository/Olusturma/Genel/Kutular/SiparisBilgileri/SiparisTarihi' located by 'By.xpath: //*[@id = 'dateSiparisTarih_I']' in '10' second(s)

2021-11-19 16:56:33 - [MESSAGE][PASSED] - Object 'Object Repository/Olusturma/Genel/Kutular/SiparisBilgileri/SiparisTarihi' is present

2021-11-19 16:56:33 - [TEST_STEP][PASSED] - clearText(findTestObject("Object Repository/Olusturma/Genel/Kutular/SiparisBilgileri/SiparisTarihi")): Text of object 'Object Repository/Olusturma/Genel/Kutular/SiparisBilgileri/SiparisTarihi' is cleared

2021-11-19 16:56:33 - [MESSAGE][INFO] - Finding Test Object 'Object Repository/Olusturma/Genel/Kutular/SiparisBilgileri/SiparisTarihi'

2021-11-19 16:56:33 - [MESSAGE][INFO] - Checking object

2021-11-19 16:56:33 - [MESSAGE][INFO] - Finding web element from Test Object's properties

2021-11-19 16:56:33 - [MESSAGE][INFO] - Checking timeout

2021-11-19 16:56:33 - [MESSAGE][INFO] - Finding web element with id: 'Object Repository/Olusturma/Genel/Kutular/SiparisBilgileri/SiparisTarihi' located by 'By.xpath: //*[@id = 'dateSiparisTarih_I']' in '30' second(s)

2021-11-19 16:56:33 - [MESSAGE][INFO] - Smart Wait Function is triggered

2021-11-19 16:56:33 - [MESSAGE][INFO] - Found 1 web elements with id: 'Object Repository/Olusturma/Genel/Kutular/SiparisBilgileri/SiparisTarihi' located by 'By.xpath: //*[@id = 'dateSiparisTarih_I']' in '30' second(s)

2021-11-19 16:56:33 - [MESSAGE][INFO] - Clearing text of object 'Object Repository/Olusturma/Genel/Kutular/SiparisBilgileri/SiparisTarihi'

2021-11-19 16:56:33 - [MESSAGE][PASSED] - Text of object 'Object Repository/Olusturma/Genel/Kutular/SiparisBilgileri/SiparisTarihi' is cleared

2021-11-19 16:56:33 - [TEST_STEP][PASSED] - sendKeys(findTestObject("Object Repository/Olusturma/Genel/Kutular/SiparisBilgileri/SiparisTarihi"), Tarih): Keys '31.04.2020' sent to object: 'Object Repository/Olusturma/Genel/Kutular/SiparisBilgileri/SiparisTarihi'

2021-11-19 16:56:33 - [MESSAGE][INFO] - Finding Test Object 'Object Repository/Olusturma/Genel/Kutular/SiparisBilgileri/SiparisTarihi'

2021-11-19 16:56:34 - [MESSAGE][INFO] - Sending keys '31.04.2020' to object: 'Object Repository/Olusturma/Genel/Kutular/SiparisBilgileri/SiparisTarihi'

2021-11-19 16:56:34 - [MESSAGE][INFO] - Finding web element from Test Object's properties

2021-11-19 16:56:34 - [MESSAGE][INFO] - Checking timeout

2021-11-19 16:56:34 - [MESSAGE][INFO] - Finding web element with id: 'Object Repository/Olusturma/Genel/Kutular/SiparisBilgileri/SiparisTarihi' located by 'By.xpath: //*[@id = 'dateSiparisTarih_I']' in '30' second(s)

2021-11-19 16:56:34 - [MESSAGE][INFO] - Smart Wait Function is triggered

2021-11-19 16:56:34 - [MESSAGE][INFO] - Found 1 web elements with id: 'Object Repository/Olusturma/Genel/Kutular/SiparisBilgileri/SiparisTarihi' located by 'By.xpath: //*[@id = 'dateSiparisTarih_I']' in '30' second(s)

2021-11-19 16:56:34 - [MESSAGE][PASSED] - Keys '31.04.2020' sent to object: 'Object Repository/Olusturma/Genel/Kutular/SiparisBilgileri/SiparisTarihi'

2021-11-19 16:56:34 - [MESSAGE][PASSED] - Call Test Case 'Test Cases/Olusturma/Genel/Kutular/SiparisBilgileriGirilir' successfully

2021-11-19 16:56:34 - [MESSAGE][INFO] - Checking called Test Case

2021-11-19 16:56:34 - [MESSAGE][INFO] - Starting to call Test Case 'Test Cases/Olusturma/Genel/Kutular/IrsaliyeBilgileri'

2021-11-19 16:56:34 - [TEST_CASE][PASSED] - Test Cases/Olusturma/Genel/Kutular/IrsaliyeBilgileri: Test Cases/Olusturma/Genel/Kutular/IrsaliyeBilgileri

2021-11-19 16:56:34 - [TEST_STEP][PASSED] - Method.TextDegerineEsitElementeTikla(findTestObject("Olusturma/Genel/Kutular/KapaliKutular"), "İrsaliye Bilgileri"): Method.TextDegerineEsitElementeTikla is PASSED

2021-11-19 16:56:34 - [MESSAGE][INFO] - Finding Test Object 'Object Repository/Olusturma/Genel/Kutular/KapaliKutular'

2021-11-19 16:56:34 - [MESSAGE][INFO] - Checking timeout

2021-11-19 16:56:34 - [MESSAGE][INFO] - Finding web element with id: 'Object Repository/Olusturma/Genel/Kutular/KapaliKutular' located by 'By.cssSelector: .dxnb-headerCollapsed>span' in '10' second(s)

2021-11-19 16:56:34 - [MESSAGE][INFO] - Smart Wait Function is triggered

2021-11-19 16:56:34 - [MESSAGE][INFO] - Found 8 web elements with id: 'Object Repository/Olusturma/Genel/Kutular/KapaliKutular' located by 'By.cssSelector: .dxnb-headerCollapsed>span' in '10' second(s)

2021-11-19 16:56:35 - [MESSAGE][PASSED] - Method.TextDegerineEsitElementeTikla is PASSED

2021-11-19 16:56:35 - [TEST_STEP][PASSED] - waitForElementClickable(findTestObject("Olusturma/Genel/Kutular/IrsaliyeBilgileri/Ekle"), 10): Object 'Object Repository/Olusturma/Genel/Kutular/IrsaliyeBilgileri/Ekle' is clickable

2021-11-19 16:56:35 - [MESSAGE][INFO] - Finding Test Object 'Object Repository/Olusturma/Genel/Kutular/IrsaliyeBilgileri/Ekle'

2021-11-19 16:56:35 - [MESSAGE][INFO] - Checking object

2021-11-19 16:56:35 - [MESSAGE][INFO] - Checking timeout

2021-11-19 16:56:35 - [MESSAGE][INFO] - Finding web element from Test Object's properties

2021-11-19 16:56:35 - [MESSAGE][INFO] - Checking timeout

2021-11-19 16:56:35 - [MESSAGE][INFO] - Finding web element with id: 'Object Repository/Olusturma/Genel/Kutular/IrsaliyeBilgileri/Ekle' located by 'By.xpath: //*[@id = 'DXEditorgvUserInvoiceBillsNewRowBtn']' in '10' second(s)

2021-11-19 16:56:35 - [MESSAGE][INFO] - Smart Wait Function is triggered

2021-11-19 16:56:35 - [MESSAGE][INFO] - Found 1 web elements with id: 'Object Repository/Olusturma/Genel/Kutular/IrsaliyeBilgileri/Ekle' located by 'By.xpath: //*[@id = 'DXEditorgvUserInvoiceBillsNewRowBtn']' in '10' second(s)

2021-11-19 16:56:35 - [MESSAGE][PASSED] - Object 'Object Repository/Olusturma/Genel/Kutular/IrsaliyeBilgileri/Ekle' is clickable

2021-11-19 16:56:35 - [TEST_STEP][PASSED] - click(findTestObject("Olusturma/Genel/Kutular/IrsaliyeBilgileri/Ekle")): Object: 'Object Repository/Olusturma/Genel/Kutular/IrsaliyeBilgileri/Ekle' is clicked on

2021-11-19 16:56:35 - [MESSAGE][INFO] - Finding Test Object 'Object Repository/Olusturma/Genel/Kutular/IrsaliyeBilgileri/Ekle'

2021-11-19 16:56:35 - [MESSAGE][INFO] - Checking object

2021-11-19 16:56:35 - [MESSAGE][INFO] - Finding web element from Test Object's properties

2021-11-19 16:56:35 - [MESSAGE][INFO] - Checking timeout

2021-11-19 16:56:35 - [MESSAGE][INFO] - Finding web element with id: 'Object Repository/Olusturma/Genel/Kutular/IrsaliyeBilgileri/Ekle' located by 'By.xpath: //*[@id = 'DXEditorgvUserInvoiceBillsNewRowBtn']' in '30' second(s)

2021-11-19 16:56:35 - [MESSAGE][INFO] - Smart Wait Function is triggered

2021-11-19 16:56:35 - [MESSAGE][INFO] - Found 1 web elements with id: 'Object Repository/Olusturma/Genel/Kutular/IrsaliyeBilgileri/Ekle' located by 'By.xpath: //*[@id = 'DXEditorgvUserInvoiceBillsNewRowBtn']' in '30' second(s)

2021-11-19 16:56:35 - [MESSAGE][INFO] - Clicking on object: 'Object Repository/Olusturma/Genel/Kutular/IrsaliyeBilgileri/Ekle'

2021-11-19 16:56:35 - [MESSAGE][PASSED] - Object: 'Object Repository/Olusturma/Genel/Kutular/IrsaliyeBilgileri/Ekle' is clicked on

2021-11-19 16:56:35 - [TEST_STEP][PASSED] - waitForElementPresent(findTestObject("Object Repository/Olusturma/Genel/Kutular/IrsaliyeBilgileri/IrsaliyeNumarasi"), 10): Object 'Object Repository/Olusturma/Genel/Kutular/IrsaliyeBilgileri/IrsaliyeNumarasi' is present

2021-11-19 16:56:35 - [MESSAGE][INFO] - Finding Test Object 'Object Repository/Olusturma/Genel/Kutular/IrsaliyeBilgileri/IrsaliyeNumarasi'

2021-11-19 16:56:36 - [MESSAGE][INFO] - Checking object

2021-11-19 16:56:36 - [MESSAGE][INFO] - Finding web element from Test Object's properties

2021-11-19 16:56:36 - [MESSAGE][INFO] - Checking timeout

2021-11-19 16:56:36 - [MESSAGE][INFO] - Finding web element with id: 'Object Repository/Olusturma/Genel/Kutular/IrsaliyeBilgileri/IrsaliyeNumarasi' located by 'By.xpath: //*[@id = 'gvUserInvoiceBills_DXEditor1_I']' in '10' second(s)

2021-11-19 16:56:36 - [MESSAGE][INFO] - Smart Wait Function is triggered

2021-11-19 16:56:36 - [MESSAGE][INFO] - Smart Wait Function is triggered

2021-11-19 16:56:37 - [MESSAGE][INFO] - Found 1 web elements with id: 'Object Repository/Olusturma/Genel/Kutular/IrsaliyeBilgileri/IrsaliyeNumarasi' located by 'By.xpath: //*[@id = 'gvUserInvoiceBills_DXEditor1_I']' in '10' second(s)

2021-11-19 16:56:37 - [MESSAGE][PASSED] - Object 'Object Repository/Olusturma/Genel/Kutular/IrsaliyeBilgileri/IrsaliyeNumarasi' is present

2021-11-19 16:56:37 - [TEST_STEP][PASSED] - clearText(findTestObject("Object Repository/Olusturma/Genel/Kutular/IrsaliyeBilgileri/IrsaliyeNumarasi")): Text of object 'Object Repository/Olusturma/Genel/Kutular/IrsaliyeBilgileri/IrsaliyeNumarasi' is cleared

2021-11-19 16:56:37 - [MESSAGE][INFO] - Finding Test Object 'Object Repository/Olusturma/Genel/Kutular/IrsaliyeBilgileri/IrsaliyeNumarasi'

2021-11-19 16:56:37 - [MESSAGE][INFO] - Checking object

2021-11-19 16:56:37 - [MESSAGE][INFO] - Finding web element from Test Object's properties

2021-11-19 16:56:37 - [MESSAGE][INFO] - Checking timeout

2021-11-19 16:56:37 - [MESSAGE][INFO] - Finding web element with id: 'Object Repository/Olusturma/Genel/Kutular/IrsaliyeBilgileri/IrsaliyeNumarasi' located by 'By.xpath: //*[@id = 'gvUserInvoiceBills_DXEditor1_I']' in '30' second(s)

2021-11-19 16:56:37 - [MESSAGE][INFO] - Smart Wait Function is triggered

2021-11-19 16:56:37 - [MESSAGE][INFO] - Found 1 web elements with id: 'Object Repository/Olusturma/Genel/Kutular/IrsaliyeBilgileri/IrsaliyeNumarasi' located by 'By.xpath: //*[@id = 'gvUserInvoiceBills_DXEditor1_I']' in '30' second(s)

2021-11-19 16:56:37 - [MESSAGE][INFO] - Clearing text of object 'Object Repository/Olusturma/Genel/Kutular/IrsaliyeBilgileri/IrsaliyeNumarasi'

2021-11-19 16:56:37 - [MESSAGE][PASSED] - Text of object 'Object Repository/Olusturma/Genel/Kutular/IrsaliyeBilgileri/IrsaliyeNumarasi' is cleared

2021-11-19 16:56:37 - [TEST_STEP][PASSED] - sendKeys(findTestObject("Object Repository/Olusturma/Genel/Kutular/IrsaliyeBilgileri/IrsaliyeNumarasi"), Numara): Keys 'AAAAAAAAAA' sent to object: 'Object Repository/Olusturma/Genel/Kutular/IrsaliyeBilgileri/IrsaliyeNumarasi'

2021-11-19 16:56:37 - [MESSAGE][INFO] - Finding Test Object 'Object Repository/Olusturma/Genel/Kutular/IrsaliyeBilgileri/IrsaliyeNumarasi'

2021-11-19 16:56:38 - [MESSAGE][INFO] - Sending keys 'AAAAAAAAAA' to object: 'Object Repository/Olusturma/Genel/Kutular/IrsaliyeBilgileri/IrsaliyeNumarasi'

2021-11-19 16:56:38 - [MESSAGE][INFO] - Finding web element from Test Object's properties

2021-11-19 16:56:38 - [MESSAGE][INFO] - Checking timeout

2021-11-19 16:56:38 - [MESSAGE][INFO] - Finding web element with id: 'Object Repository/Olusturma/Genel/Kutular/IrsaliyeBilgileri/IrsaliyeNumarasi' located by 'By.xpath: //*[@id = 'gvUserInvoiceBills_DXEditor1_I']' in '30' second(s)

2021-11-19 16:56:38 - [MESSAGE][INFO] - Smart Wait Function is triggered

2021-11-19 16:56:38 - [MESSAGE][INFO] - Found 1 web elements with id: 'Object Repository/Olusturma/Genel/Kutular/IrsaliyeBilgileri/IrsaliyeNumarasi' located by 'By.xpath: //*[@id = 'gvUserInvoiceBills_DXEditor1_I']' in '30' second(s)

2021-11-19 16:56:38 - [MESSAGE][PASSED] - Keys 'AAAAAAAAAA' sent to object: 'Object Repository/Olusturma/Genel/Kutular/IrsaliyeBilgileri/IrsaliyeNumarasi'

2021-11-19 16:56:38 - [TEST_STEP][PASSED] - waitForElementClickable(findTestObject("Object Repository/Olusturma/Genel/Kutular/IrsaliyeBilgileri/IrsaliyeTarihi"), 10): Object 'Object Repository/Olusturma/Genel/Kutular/IrsaliyeBilgileri/IrsaliyeTarihi' is clickable

2021-11-19 16:56:38 - [MESSAGE][INFO] - Finding Test Object 'Object Repository/Olusturma/Genel/Kutular/IrsaliyeBilgileri/IrsaliyeTarihi'

2021-11-19 16:56:38 - [MESSAGE][INFO] - Checking object

2021-11-19 16:56:38 - [MESSAGE][INFO] - Checking timeout

2021-11-19 16:56:38 - [MESSAGE][INFO] - Finding web element from Test Object's properties

2021-11-19 16:56:38 - [MESSAGE][INFO] - Checking timeout

2021-11-19 16:56:38 - [MESSAGE][INFO] - Finding web element with id: 'Object Repository/Olusturma/Genel/Kutular/IrsaliyeBilgileri/IrsaliyeTarihi' located by 'By.xpath: //*[@id = 'gvUserInvoiceBills_DXEditor2_I']' in '10' second(s)

2021-11-19 16:56:38 - [MESSAGE][INFO] - Smart Wait Function is triggered

2021-11-19 16:56:38 - [MESSAGE][INFO] - Found 1 web elements with id: 'Object Repository/Olusturma/Genel/Kutular/IrsaliyeBilgileri/IrsaliyeTarihi' located by 'By.xpath: //*[@id = 'gvUserInvoiceBills_DXEditor2_I']' in '10' second(s)

2021-11-19 16:56:38 - [MESSAGE][PASSED] - Object 'Object Repository/Olusturma/Genel/Kutular/IrsaliyeBilgileri/IrsaliyeTarihi' is clickable

2021-11-19 16:56:38 - [TEST_STEP][PASSED] - click(findTestObject("Object Repository/Olusturma/Genel/Kutular/IrsaliyeBilgileri/IrsaliyeTarihi")): Object: 'Object Repository/Olusturma/Genel/Kutular/IrsaliyeBilgileri/IrsaliyeTarihi' is clicked on

2021-11-19 16:56:38 - [MESSAGE][INFO] - Finding Test Object 'Object Repository/Olusturma/Genel/Kutular/IrsaliyeBilgileri/IrsaliyeTarihi'

2021-11-19 16:56:39 - [MESSAGE][INFO] - Checking object

2021-11-19 16:56:39 - [MESSAGE][INFO] - Finding web element from Test Object's properties

2021-11-19 16:56:39 - [MESSAGE][INFO] - Checking timeout

2021-11-19 16:56:39 - [MESSAGE][INFO] - Finding web element with id: 'Object Repository/Olusturma/Genel/Kutular/IrsaliyeBilgileri/IrsaliyeTarihi' located by 'By.xpath: //*[@id = 'gvUserInvoiceBills_DXEditor2_I']' in '30' second(s)

2021-11-19 16:56:39 - [MESSAGE][INFO] - Smart Wait Function is triggered

2021-11-19 16:56:39 - [MESSAGE][INFO] - Found 1 web elements with id: 'Object Repository/Olusturma/Genel/Kutular/IrsaliyeBilgileri/IrsaliyeTarihi' located by 'By.xpath: //*[@id = 'gvUserInvoiceBills_DXEditor2_I']' in '30' second(s)

2021-11-19 16:56:39 - [MESSAGE][INFO] - Clicking on object: 'Object Repository/Olusturma/Genel/Kutular/IrsaliyeBilgileri/IrsaliyeTarihi'

2021-11-19 16:56:39 - [MESSAGE][PASSED] - Object: 'Object Repository/Olusturma/Genel/Kutular/IrsaliyeBilgileri/IrsaliyeTarihi' is clicked on

2021-11-19 16:56:39 - [TEST_STEP][PASSED] - sendKeys(findTestObject("Object Repository/Olusturma/Genel/Kutular/IrsaliyeBilgileri/IrsaliyeTarihi"), Tarih): Keys '31.04.2020' sent to object: 'Object Repository/Olusturma/Genel/Kutular/IrsaliyeBilgileri/IrsaliyeTarihi'

2021-11-19 16:56:39 - [MESSAGE][INFO] - Finding Test Object 'Object Repository/Olusturma/Genel/Kutular/IrsaliyeBilgileri/IrsaliyeTarihi'

2021-11-19 16:56:39 - [MESSAGE][INFO] - Sending keys '31.04.2020' to object: 'Object Repository/Olusturma/Genel/Kutular/IrsaliyeBilgileri/IrsaliyeTarihi'

2021-11-19 16:56:39 - [MESSAGE][INFO] - Finding web element from Test Object's properties

2021-11-19 16:56:39 - [MESSAGE][INFO] - Checking timeout

2021-11-19 16:56:39 - [MESSAGE][INFO] - Finding web element with id: 'Object Repository/Olusturma/Genel/Kutular/IrsaliyeBilgileri/IrsaliyeTarihi' located by 'By.xpath: //*[@id = 'gvUserInvoiceBills_DXEditor2_I']' in '30' second(s)

2021-11-19 16:56:39 - [MESSAGE][INFO] - Smart Wait Function is triggered

2021-11-19 16:56:39 - [MESSAGE][INFO] - Found 1 web elements with id: 'Object Repository/Olusturma/Genel/Kutular/IrsaliyeBilgileri/IrsaliyeTarihi' located by 'By.xpath: //*[@id = 'gvUserInvoiceBills_DXEditor2_I']' in '30' second(s)

2021-11-19 16:56:39 - [MESSAGE][PASSED] - Keys '31.04.2020' sent to object: 'Object Repository/Olusturma/Genel/Kutular/IrsaliyeBilgileri/IrsaliyeTarihi'

2021-11-19 16:56:39 - [MESSAGE][PASSED] - Call Test Case 'Test Cases/Olusturma/Genel/Kutular/IrsaliyeBilgileri' successfully

2021-11-19 16:56:39 - [MESSAGE][INFO] - Checking called Test Case

2021-11-19 16:56:39 - [MESSAGE][INFO] - Starting to call Test Case 'Test Cases/Olusturma/Genel/EkleButonunaBasilir'

2021-11-19 16:56:39 - [TEST_CASE][PASSED] - Test Cases/Olusturma/Genel/EkleButonunaBasilir: Test Cases/Olusturma/Genel/EkleButonunaBasilir

2021-11-19 16:56:39 - [TEST_STEP][PASSED] - waitForElementClickable(findTestObject("Object Repository/Olusturma/Genel/Olusturma/Ekle"), 10): Object 'Object Repository/Olusturma/Genel/Olusturma/Ekle' is clickable

2021-11-19 16:56:39 - [MESSAGE][INFO] - Finding Test Object 'Object Repository/Olusturma/Genel/Olusturma/Ekle'

2021-11-19 16:56:40 - [MESSAGE][INFO] - Checking object

2021-11-19 16:56:40 - [MESSAGE][INFO] - Checking timeout

2021-11-19 16:56:40 - [MESSAGE][INFO] - Finding web element from Test Object's properties

2021-11-19 16:56:40 - [MESSAGE][INFO] - Checking timeout

2021-11-19 16:56:40 - [MESSAGE][INFO] - Finding web element with id: 'Object Repository/Olusturma/Genel/Olusturma/Ekle' located by 'By.cssSelector: #divmalhizmet i.fa.fa-plus.fa-lg.text-muted' in '10' second(s)

2021-11-19 16:56:40 - [MESSAGE][INFO] - Smart Wait Function is triggered

2021-11-19 16:56:40 - [MESSAGE][INFO] - Found 1 web elements with id: 'Object Repository/Olusturma/Genel/Olusturma/Ekle' located by 'By.cssSelector: #divmalhizmet i.fa.fa-plus.fa-lg.text-muted' in '10' second(s)

2021-11-19 16:56:40 - [MESSAGE][PASSED] - Object 'Object Repository/Olusturma/Genel/Olusturma/Ekle' is clickable

2021-11-19 16:56:40 - [TEST_STEP][PASSED] - click(findTestObject("Object Repository/Olusturma/Genel/Olusturma/Ekle")): Object: 'Object Repository/Olusturma/Genel/Olusturma/Ekle' is clicked on

2021-11-19 16:56:40 - [MESSAGE][INFO] - Finding Test Object 'Object Repository/Olusturma/Genel/Olusturma/Ekle'

2021-11-19 16:56:40 - [MESSAGE][INFO] - Checking object

2021-11-19 16:56:40 - [MESSAGE][INFO] - Finding web element from Test Object's properties

2021-11-19 16:56:40 - [MESSAGE][INFO] - Checking timeout

2021-11-19 16:56:40 - [MESSAGE][INFO] - Finding web element with id: 'Object Repository/Olusturma/Genel/Olusturma/Ekle' located by 'By.cssSelector: #divmalhizmet i.fa.fa-plus.fa-lg.text-muted' in '30' second(s)

2021-11-19 16:56:40 - [MESSAGE][INFO] - Smart Wait Function is triggered

2021-11-19 16:56:40 - [MESSAGE][INFO] - Found 1 web elements with id: 'Object Repository/Olusturma/Genel/Olusturma/Ekle' located by 'By.cssSelector: #divmalhizmet i.fa.fa-plus.fa-lg.text-muted' in '30' second(s)

2021-11-19 16:56:40 - [MESSAGE][INFO] - Clicking on object: 'Object Repository/Olusturma/Genel/Olusturma/Ekle'

2021-11-19 16:56:40 - [MESSAGE][PASSED] - Object: 'Object Repository/Olusturma/Genel/Olusturma/Ekle' is clicked on

2021-11-19 16:56:40 - [TEST_STEP][PASSED] - waitForElementClickable(findTestObject("Olusturma/Genel/Olusturma/EklenenSatirCarpiImage"), 10): Object 'Object Repository/Olusturma/Genel/Olusturma/EklenenSatirCarpiImage' is clickable

2021-11-19 16:56:40 - [MESSAGE][INFO] - Finding Test Object 'Object Repository/Olusturma/Genel/Olusturma/EklenenSatirCarpiImage'

2021-11-19 16:56:41 - [MESSAGE][INFO] - Checking object

2021-11-19 16:56:41 - [MESSAGE][INFO] - Checking timeout

2021-11-19 16:56:41 - [MESSAGE][INFO] - Finding web element from Test Object's properties

2021-11-19 16:56:41 - [MESSAGE][INFO] - Checking timeout

2021-11-19 16:56:41 - [MESSAGE][INFO] - Finding web element with id: 'Object Repository/Olusturma/Genel/Olusturma/EklenenSatirCarpiImage' located by 'By.cssSelector: .fa.fa-times.fa-lg.text-primary' in '10' second(s)

2021-11-19 16:56:41 - [MESSAGE][INFO] - Smart Wait Function is triggered

2021-11-19 16:56:41 - [MESSAGE][INFO] - Found 1 web elements with id: 'Object Repository/Olusturma/Genel/Olusturma/EklenenSatirCarpiImage' located by 'By.cssSelector: .fa.fa-times.fa-lg.text-primary' in '10' second(s)

2021-11-19 16:56:41 - [MESSAGE][PASSED] - Object 'Object Repository/Olusturma/Genel/Olusturma/EklenenSatirCarpiImage' is clickable

2021-11-19 16:56:41 - [MESSAGE][PASSED] - Call Test Case 'Test Cases/Olusturma/Genel/EkleButonunaBasilir' successfully

2021-11-19 16:56:41 - [MESSAGE][INFO] - Checking called Test Case

2021-11-19 16:56:41 - [MESSAGE][INFO] - Starting to call Test Case 'Test Cases/Olusturma/Genel/Olusturma'

2021-11-19 16:56:41 - [TEST_CASE][PASSED] - Test Cases/Olusturma/Genel/Olusturma: Test Cases/Olusturma/Genel/Olusturma

2021-11-19 16:56:41 - [TEST_STEP][PASSED] - driver = getWebDriver(): null

2021-11-19 16:56:41 - [TEST_STEP][PASSED] - action = new org.openqa.selenium.interactions.Actions(driver): null

2021-11-19 16:56:41 - [TEST_STEP][PASSED] - baslikElement = <not implemented yet for class: org.codehaus.groovy.ast.expr.EmptyExpression>: null

2021-11-19 16:56:41 - [TEST_STEP][PASSED] - sonElement = <not implemented yet for class: org.codehaus.groovy.ast.expr.EmptyExpression>: null

2021-11-19 16:56:41 - [TEST_STEP][PASSED] - attr = <not implemented yet for class: org.codehaus.groovy.ast.expr.EmptyExpression>: null

2021-11-19 16:56:41 - [TEST_STEP][PASSED] - a = 0: null

2021-11-19 16:56:41 - [TEST_STEP][PASSED] - elements = findWebElements(findTestObject("Object Repository/Olusturma/Genel/Olusturma/TabloBasliklari"), 10): Found 14 web elements with id: 'Object Repository/Olusturma/Genel/Olusturma/TabloBasliklari' located by 'By.cssSelector: div#divmalhizmet .dxgvTable_LECustomTheme td.dxgvHeader_LECustomTheme tr>td:nth-child(1)' in '10' second(s)

2021-11-19 16:56:41 - [MESSAGE][INFO] - Finding Test Object 'Object Repository/Olusturma/Genel/Olusturma/TabloBasliklari'

2021-11-19 16:56:41 - [MESSAGE][INFO] - Checking timeout

2021-11-19 16:56:41 - [MESSAGE][INFO] - Finding web element with id: 'Object Repository/Olusturma/Genel/Olusturma/TabloBasliklari' located by 'By.cssSelector: div#divmalhizmet .dxgvTable_LECustomTheme td.dxgvHeader_LECustomTheme tr>td:nth-child(1)' in '10' second(s)

2021-11-19 16:56:41 - [MESSAGE][INFO] - Smart Wait Function is triggered

2021-11-19 16:56:42 - [MESSAGE][INFO] - Found 14 web elements with id: 'Object Repository/Olusturma/Genel/Olusturma/TabloBasliklari' located by 'By.cssSelector: div#divmalhizmet .dxgvTable_LECustomTheme td.dxgvHeader_LECustomTheme tr>td:nth-child(1)' in '10' second(s)

2021-11-19 16:56:42 - [TEST_STEP][PASSED] - for (def element : elements): null

2021-11-19 16:56:42 - [TEST_STEP][PASSED] - build().perform(): null

2021-11-19 16:56:42 - [TEST_STEP][PASSED] - if (getText().equals(Baslik)): null

2021-11-19 16:56:42 - [TEST_STEP][PASSED] - baslikElement = element.findElement(By.xpath("../../../..")): Smart Wait Function is triggered

2021-11-19 16:56:42 - [MESSAGE][INFO] - Smart Wait Function is triggered

2021-11-19 16:56:43 - [TEST_STEP][PASSED] - attr = baslikElement.getAttribute("id"): null

2021-11-19 16:56:43 - [TEST_STEP][PASSED] - println("girdi ve idsini aldı = " + attr): null

2021-11-19 16:56:43 - [TEST_STEP][PASSED] - break: null

2021-11-19 16:56:43 - [TEST_STEP][PASSED] - countElement = baslikElement.findElements(By.xpath("../td")): Smart Wait Function is triggered

2021-11-19 16:56:43 - [MESSAGE][INFO] - Smart Wait Function is triggered

2021-11-19 16:56:43 - [TEST_STEP][PASSED] - for (def element : countElement): null

2021-11-19 16:56:43 - [TEST_STEP][PASSED] - if (toString().equals(attr.toString())): null

2021-11-19 16:56:43 - [TEST_STEP][PASSED] - (a++): null

2021-11-19 16:56:43 - [TEST_STEP][PASSED] - if (toString().equals(attr.toString())): null

2021-11-19 16:56:43 - [TEST_STEP][PASSED] - break: null

2021-11-19 16:56:43 - [TEST_STEP][PASSED] - son = findWebElement(findTestObject("Object Repository/Olusturma/Genel/Olusturma/EklenenSatir")).findElement(By.xpath("td[@class='dxgvInlineEditCell_LECustomTheme dxgv'][" + a + "]//td[@class='dxic']/input")): Smart Wait Function is triggered

2021-11-19 16:56:43 - [MESSAGE][INFO] - Finding Test Object 'Object Repository/Olusturma/Genel/Olusturma/EklenenSatir'

2021-11-19 16:56:43 - [MESSAGE][INFO] - Finding web element from Test Object's properties

2021-11-19 16:56:43 - [MESSAGE][INFO] - Checking timeout

2021-11-19 16:56:43 - [MESSAGE][INFO] - Finding web element with id: 'Object Repository/Olusturma/Genel/Olusturma/EklenenSatir' located by 'By.cssSelector: #divmalhizmet .dxgvInlineEditRow_LECustomTheme' in '30' second(s)

2021-11-19 16:56:43 - [MESSAGE][INFO] - Smart Wait Function is triggered

2021-11-19 16:56:44 - [MESSAGE][INFO] - Found 1 web elements with id: 'Object Repository/Olusturma/Genel/Olusturma/EklenenSatir' located by 'By.cssSelector: #divmalhizmet .dxgvInlineEditRow_LECustomTheme' in '30' second(s)

2021-11-19 16:56:44 - [MESSAGE][INFO] - Smart Wait Function is triggered

2021-11-19 16:56:44 - [TEST_STEP][PASSED] - if (!(getAttribute("value").contains("Vkn"))): null

2021-11-19 16:56:44 - [TEST_STEP][PASSED] - son.clear(): null

2021-11-19 16:56:44 - [TEST_STEP][PASSED] - son.sendKeys(Deger): null

2021-11-19 16:56:44 - [MESSAGE][PASSED] - Call Test Case 'Test Cases/Olusturma/Genel/Olusturma' successfully

2021-11-19 16:56:44 - [MESSAGE][INFO] - Checking called Test Case

2021-11-19 16:56:44 - [MESSAGE][INFO] - Starting to call Test Case 'Test Cases/Olusturma/Genel/Olusturma'

2021-11-19 16:56:44 - [TEST_CASE][PASSED] - Test Cases/Olusturma/Genel/Olusturma: Test Cases/Olusturma/Genel/Olusturma

2021-11-19 16:56:44 - [TEST_STEP][PASSED] - driver = getWebDriver(): null

2021-11-19 16:56:44 - [TEST_STEP][PASSED] - action = new org.openqa.selenium.interactions.Actions(driver): null

2021-11-19 16:56:44 - [TEST_STEP][PASSED] - baslikElement = <not implemented yet for class: org.codehaus.groovy.ast.expr.EmptyExpression>: null

2021-11-19 16:56:44 - [TEST_STEP][PASSED] - sonElement = <not implemented yet for class: org.codehaus.groovy.ast.expr.EmptyExpression>: null

2021-11-19 16:56:44 - [TEST_STEP][PASSED] - attr = <not implemented yet for class: org.codehaus.groovy.ast.expr.EmptyExpression>: null

2021-11-19 16:56:44 - [TEST_STEP][PASSED] - a = 0: null

2021-11-19 16:56:44 - [TEST_STEP][PASSED] - elements = findWebElements(findTestObject("Object Repository/Olusturma/Genel/Olusturma/TabloBasliklari"), 10): Found 14 web elements with id: 'Object Repository/Olusturma/Genel/Olusturma/TabloBasliklari' located by 'By.cssSelector: div#divmalhizmet .dxgvTable_LECustomTheme td.dxgvHeader_LECustomTheme tr>td:nth-child(1)' in '10' second(s)

2021-11-19 16:56:44 - [MESSAGE][INFO] - Finding Test Object 'Object Repository/Olusturma/Genel/Olusturma/TabloBasliklari'

2021-11-19 16:56:44 - [MESSAGE][INFO] - Checking timeout

2021-11-19 16:56:44 - [MESSAGE][INFO] - Finding web element with id: 'Object Repository/Olusturma/Genel/Olusturma/TabloBasliklari' located by 'By.cssSelector: div#divmalhizmet .dxgvTable_LECustomTheme td.dxgvHeader_LECustomTheme tr>td:nth-child(1)' in '10' second(s)

2021-11-19 16:56:44 - [MESSAGE][INFO] - Smart Wait Function is triggered

2021-11-19 16:56:45 - [MESSAGE][INFO] - Found 14 web elements with id: 'Object Repository/Olusturma/Genel/Olusturma/TabloBasliklari' located by 'By.cssSelector: div#divmalhizmet .dxgvTable_LECustomTheme td.dxgvHeader_LECustomTheme tr>td:nth-child(1)' in '10' second(s)

2021-11-19 16:56:45 - [TEST_STEP][PASSED] - for (def element : elements): null

2021-11-19 16:56:45 - [TEST_STEP][PASSED] - build().perform(): null

2021-11-19 16:56:45 - [TEST_STEP][PASSED] - if (getText().equals(Baslik)): null

2021-11-19 16:56:45 - [TEST_STEP][PASSED] - build().perform(): null

2021-11-19 16:56:45 - [TEST_STEP][PASSED] - if (getText().equals(Baslik)): null

2021-11-19 16:56:45 - [TEST_STEP][PASSED] - baslikElement = element.findElement(By.xpath("../../../..")): Smart Wait Function is triggered

2021-11-19 16:56:45 - [MESSAGE][INFO] - Smart Wait Function is triggered

2021-11-19 16:56:46 - [TEST_STEP][PASSED] - attr = baslikElement.getAttribute("id"): null

2021-11-19 16:56:46 - [TEST_STEP][PASSED] - println("girdi ve idsini aldı = " + attr): null

2021-11-19 16:56:46 - [TEST_STEP][PASSED] - break: null

2021-11-19 16:56:46 - [TEST_STEP][PASSED] - countElement = baslikElement.findElements(By.xpath("../td")): Smart Wait Function is triggered

2021-11-19 16:56:46 - [MESSAGE][INFO] - Smart Wait Function is triggered

2021-11-19 16:56:46 - [TEST_STEP][PASSED] - for (def element : countElement): null

2021-11-19 16:56:46 - [TEST_STEP][PASSED] - if (toString().equals(attr.toString())): null

2021-11-19 16:56:46 - [TEST_STEP][PASSED] - (a++): null

2021-11-19 16:56:46 - [TEST_STEP][PASSED] - if (toString().equals(attr.toString())): null

2021-11-19 16:56:46 - [TEST_STEP][PASSED] - (a++): null

2021-11-19 16:56:46 - [TEST_STEP][PASSED] - if (toString().equals(attr.toString())): null

2021-11-19 16:56:46 - [TEST_STEP][PASSED] - break: null

2021-11-19 16:56:46 - [TEST_STEP][PASSED] - son = findWebElement(findTestObject("Object Repository/Olusturma/Genel/Olusturma/EklenenSatir")).findElement(By.xpath("td[@class='dxgvInlineEditCell_LECustomTheme dxgv'][" + a + "]//td[@class='dxic']/input")): Smart Wait Function is triggered

2021-11-19 16:56:46 - [MESSAGE][INFO] - Finding Test Object 'Object Repository/Olusturma/Genel/Olusturma/EklenenSatir'

2021-11-19 16:56:46 - [MESSAGE][INFO] - Finding web element from Test Object's properties

2021-11-19 16:56:46 - [MESSAGE][INFO] - Checking timeout

2021-11-19 16:56:46 - [MESSAGE][INFO] - Finding web element with id: 'Object Repository/Olusturma/Genel/Olusturma/EklenenSatir' located by 'By.cssSelector: #divmalhizmet .dxgvInlineEditRow_LECustomTheme' in '30' second(s)

2021-11-19 16:56:46 - [MESSAGE][INFO] - Smart Wait Function is triggered

2021-11-19 16:56:46 - [MESSAGE][INFO] - Found 1 web elements with id: 'Object Repository/Olusturma/Genel/Olusturma/EklenenSatir' located by 'By.cssSelector: #divmalhizmet .dxgvInlineEditRow_LECustomTheme' in '30' second(s)

2021-11-19 16:56:46 - [MESSAGE][INFO] - Smart Wait Function is triggered

2021-11-19 16:56:47 - [TEST_STEP][PASSED] - if (!(getAttribute("value").contains("Vkn"))): null

2021-11-19 16:56:47 - [TEST_STEP][PASSED] - son.clear(): null

2021-11-19 16:56:47 - [TEST_STEP][PASSED] - son.sendKeys(Deger): null

2021-11-19 16:56:47 - [MESSAGE][PASSED] - Call Test Case 'Test Cases/Olusturma/Genel/Olusturma' successfully

2021-11-19 16:56:47 - [MESSAGE][INFO] - Checking called Test Case

2021-11-19 16:56:47 - [MESSAGE][INFO] - Starting to call Test Case 'Test Cases/Olusturma/Genel/Olusturma'

2021-11-19 16:56:47 - [TEST_CASE][PASSED] - Test Cases/Olusturma/Genel/Olusturma: Test Cases/Olusturma/Genel/Olusturma

2021-11-19 16:56:47 - [TEST_STEP][PASSED] - driver = getWebDriver(): null

2021-11-19 16:56:47 - [TEST_STEP][PASSED] - action = new org.openqa.selenium.interactions.Actions(driver): null

2021-11-19 16:56:47 - [TEST_STEP][PASSED] - baslikElement = <not implemented yet for class: org.codehaus.groovy.ast.expr.EmptyExpression>: null

2021-11-19 16:56:47 - [TEST_STEP][PASSED] - sonElement = <not implemented yet for class: org.codehaus.groovy.ast.expr.EmptyExpression>: null

2021-11-19 16:56:47 - [TEST_STEP][PASSED] - attr = <not implemented yet for class: org.codehaus.groovy.ast.expr.EmptyExpression>: null

2021-11-19 16:56:47 - [TEST_STEP][PASSED] - a = 0: null

2021-11-19 16:56:47 - [TEST_STEP][PASSED] - elements = findWebElements(findTestObject("Object Repository/Olusturma/Genel/Olusturma/TabloBasliklari"), 10): Found 14 web elements with id: 'Object Repository/Olusturma/Genel/Olusturma/TabloBasliklari' located by 'By.cssSelector: div#divmalhizmet .dxgvTable_LECustomTheme td.dxgvHeader_LECustomTheme tr>td:nth-child(1)' in '10' second(s)

2021-11-19 16:56:47 - [MESSAGE][INFO] - Finding Test Object 'Object Repository/Olusturma/Genel/Olusturma/TabloBasliklari'

2021-11-19 16:56:47 - [MESSAGE][INFO] - Checking timeout

2021-11-19 16:56:47 - [MESSAGE][INFO] - Finding web element with id: 'Object Repository/Olusturma/Genel/Olusturma/TabloBasliklari' located by 'By.cssSelector: div#divmalhizmet .dxgvTable_LECustomTheme td.dxgvHeader_LECustomTheme tr>td:nth-child(1)' in '10' second(s)

2021-11-19 16:56:47 - [MESSAGE][INFO] - Smart Wait Function is triggered

2021-11-19 16:56:47 - [MESSAGE][INFO] - Found 14 web elements with id: 'Object Repository/Olusturma/Genel/Olusturma/TabloBasliklari' located by 'By.cssSelector: div#divmalhizmet .dxgvTable_LECustomTheme td.dxgvHeader_LECustomTheme tr>td:nth-child(1)' in '10' second(s)

2021-11-19 16:56:47 - [TEST_STEP][PASSED] - for (def element : elements): null

2021-11-19 16:56:47 - [TEST_STEP][PASSED] - build().perform(): null

2021-11-19 16:56:48 - [TEST_STEP][PASSED] - if (getText().equals(Baslik)): null

2021-11-19 16:56:48 - [TEST_STEP][PASSED] - build().perform(): null

2021-11-19 16:56:48 - [TEST_STEP][PASSED] - if (getText().equals(Baslik)): null

2021-11-19 16:56:48 - [TEST_STEP][PASSED] - build().perform(): null

2021-11-19 16:56:48 - [TEST_STEP][PASSED] - if (getText().equals(Baslik)): null

2021-11-19 16:56:48 - [TEST_STEP][PASSED] - build().perform(): null

2021-11-19 16:56:48 - [TEST_STEP][PASSED] - if (getText().equals(Baslik)): null

2021-11-19 16:56:48 - [TEST_STEP][PASSED] - baslikElement = element.findElement(By.xpath("../../../..")): Smart Wait Function is triggered

2021-11-19 16:56:48 - [MESSAGE][INFO] - Smart Wait Function is triggered

2021-11-19 16:56:48 - [TEST_STEP][PASSED] - attr = baslikElement.getAttribute("id"): null

2021-11-19 16:56:48 - [TEST_STEP][PASSED] - println("girdi ve idsini aldı = " + attr): null

2021-11-19 16:56:48 - [TEST_STEP][PASSED] - break: null

2021-11-19 16:56:48 - [TEST_STEP][PASSED] - countElement = baslikElement.findElements(By.xpath("../td")): Smart Wait Function is triggered

2021-11-19 16:56:48 - [MESSAGE][INFO] - Smart Wait Function is triggered

2021-11-19 16:56:49 - [TEST_STEP][PASSED] - for (def element : countElement): null

2021-11-19 16:56:49 - [TEST_STEP][PASSED] - if (toString().equals(attr.toString())): null

2021-11-19 16:56:49 - [TEST_STEP][PASSED] - (a++): null

2021-11-19 16:56:49 - [TEST_STEP][PASSED] - if (toString().equals(attr.toString())): null

2021-11-19 16:56:49 - [TEST_STEP][PASSED] - (a++): null

2021-11-19 16:56:49 - [TEST_STEP][PASSED] - if (toString().equals(attr.toString())): null

2021-11-19 16:56:49 - [TEST_STEP][PASSED] - (a++): null

2021-11-19 16:56:49 - [TEST_STEP][PASSED] - if (toString().equals(attr.toString())): null

2021-11-19 16:56:49 - [TEST_STEP][PASSED] - (a++): null

2021-11-19 16:56:49 - [TEST_STEP][PASSED] - if (toString().equals(attr.toString())): null

2021-11-19 16:56:49 - [TEST_STEP][PASSED] - break: null

2021-11-19 16:56:49 - [TEST_STEP][PASSED] - son = findWebElement(findTestObject("Object Repository/Olusturma/Genel/Olusturma/EklenenSatir")).findElement(By.xpath("td[@class='dxgvInlineEditCell_LECustomTheme dxgv'][" + a + "]//td[@class='dxic']/input")): Smart Wait Function is triggered

2021-11-19 16:56:49 - [MESSAGE][INFO] - Finding Test Object 'Object Repository/Olusturma/Genel/Olusturma/EklenenSatir'

2021-11-19 16:56:49 - [MESSAGE][INFO] - Finding web element from Test Object's properties

2021-11-19 16:56:49 - [MESSAGE][INFO] - Checking timeout

2021-11-19 16:56:49 - [MESSAGE][INFO] - Finding web element with id: 'Object Repository/Olusturma/Genel/Olusturma/EklenenSatir' located by 'By.cssSelector: #divmalhizmet .dxgvInlineEditRow_LECustomTheme' in '30' second(s)

2021-11-19 16:56:49 - [MESSAGE][INFO] - Smart Wait Function is triggered

2021-11-19 16:56:49 - [MESSAGE][INFO] - Found 1 web elements with id: 'Object Repository/Olusturma/Genel/Olusturma/EklenenSatir' located by 'By.cssSelector: #divmalhizmet .dxgvInlineEditRow_LECustomTheme' in '30' second(s)

2021-11-19 16:56:49 - [MESSAGE][INFO] - Smart Wait Function is triggered

2021-11-19 16:56:49 - [TEST_STEP][PASSED] - if (!(getAttribute("value").contains("Vkn"))): null

2021-11-19 16:56:49 - [TEST_STEP][PASSED] - son.clear(): null

2021-11-19 16:56:50 - [TEST_STEP][PASSED] - son.sendKeys(Deger): null

2021-11-19 16:56:50 - [MESSAGE][PASSED] - Call Test Case 'Test Cases/Olusturma/Genel/Olusturma' successfully

2021-11-19 16:56:50 - [MESSAGE][INFO] - Checking called Test Case

2021-11-19 16:56:50 - [MESSAGE][INFO] - Starting to call Test Case 'Test Cases/Olusturma/Genel/Olusturma'

2021-11-19 16:56:50 - [TEST_CASE][PASSED] - Test Cases/Olusturma/Genel/Olusturma: Test Cases/Olusturma/Genel/Olusturma

2021-11-19 16:56:50 - [TEST_STEP][PASSED] - driver = getWebDriver(): null

2021-11-19 16:56:50 - [TEST_STEP][PASSED] - action = new org.openqa.selenium.interactions.Actions(driver): null

2021-11-19 16:56:50 - [TEST_STEP][PASSED] - baslikElement = <not implemented yet for class: org.codehaus.groovy.ast.expr.EmptyExpression>: null

2021-11-19 16:56:50 - [TEST_STEP][PASSED] - sonElement = <not implemented yet for class: org.codehaus.groovy.ast.expr.EmptyExpression>: null

2021-11-19 16:56:50 - [TEST_STEP][PASSED] - attr = <not implemented yet for class: org.codehaus.groovy.ast.expr.EmptyExpression>: null

2021-11-19 16:56:50 - [TEST_STEP][PASSED] - a = 0: null

2021-11-19 16:56:50 - [TEST_STEP][PASSED] - elements = findWebElements(findTestObject("Object Repository/Olusturma/Genel/Olusturma/TabloBasliklari"), 10): Found 14 web elements with id: 'Object Repository/Olusturma/Genel/Olusturma/TabloBasliklari' located by 'By.cssSelector: div#divmalhizmet .dxgvTable_LECustomTheme td.dxgvHeader_LECustomTheme tr>td:nth-child(1)' in '10' second(s)

2021-11-19 16:56:50 - [MESSAGE][INFO] - Finding Test Object 'Object Repository/Olusturma/Genel/Olusturma/TabloBasliklari'

2021-11-19 16:56:50 - [MESSAGE][INFO] - Checking timeout

2021-11-19 16:56:50 - [MESSAGE][INFO] - Finding web element with id: 'Object Repository/Olusturma/Genel/Olusturma/TabloBasliklari' located by 'By.cssSelector: div#divmalhizmet .dxgvTable_LECustomTheme td.dxgvHeader_LECustomTheme tr>td:nth-child(1)' in '10' second(s)

2021-11-19 16:56:50 - [MESSAGE][INFO] - Smart Wait Function is triggered

2021-11-19 16:56:50 - [MESSAGE][INFO] - Found 14 web elements with id: 'Object Repository/Olusturma/Genel/Olusturma/TabloBasliklari' located by 'By.cssSelector: div#divmalhizmet .dxgvTable_LECustomTheme td.dxgvHeader_LECustomTheme tr>td:nth-child(1)' in '10' second(s)

2021-11-19 16:56:50 - [TEST_STEP][PASSED] - for (def element : elements): null

2021-11-19 16:56:50 - [TEST_STEP][PASSED] - build().perform(): null

2021-11-19 16:56:50 - [TEST_STEP][PASSED] - if (getText().equals(Baslik)): null

2021-11-19 16:56:51 - [TEST_STEP][PASSED] - build().perform(): null

2021-11-19 16:56:51 - [TEST_STEP][PASSED] - if (getText().equals(Baslik)): null

2021-11-19 16:56:51 - [TEST_STEP][PASSED] - build().perform(): null

2021-11-19 16:56:51 - [TEST_STEP][PASSED] - if (getText().equals(Baslik)): null

2021-11-19 16:56:51 - [TEST_STEP][PASSED] - build().perform(): null

2021-11-19 16:56:51 - [TEST_STEP][PASSED] - if (getText().equals(Baslik)): null

2021-11-19 16:56:51 - [TEST_STEP][PASSED] - build().perform(): null

2021-11-19 16:56:51 - [TEST_STEP][PASSED] - if (getText().equals(Baslik)): null

2021-11-19 16:56:51 - [TEST_STEP][PASSED] - build().perform(): null

2021-11-19 16:56:51 - [TEST_STEP][PASSED] - if (getText().equals(Baslik)): null

2021-11-19 16:56:51 - [TEST_STEP][PASSED] - baslikElement = element.findElement(By.xpath("../../../..")): Smart Wait Function is triggered

2021-11-19 16:56:51 - [MESSAGE][INFO] - Smart Wait Function is triggered

2021-11-19 16:56:52 - [TEST_STEP][PASSED] - attr = baslikElement.getAttribute("id"): null

2021-11-19 16:56:52 - [TEST_STEP][PASSED] - println("girdi ve idsini aldı = " + attr): null

2021-11-19 16:56:52 - [TEST_STEP][PASSED] - break: null

2021-11-19 16:56:52 - [TEST_STEP][PASSED] - countElement = baslikElement.findElements(By.xpath("../td")): Smart Wait Function is triggered

2021-11-19 16:56:52 - [MESSAGE][INFO] - Smart Wait Function is triggered

2021-11-19 16:56:52 - [TEST_STEP][PASSED] - for (def element : countElement): null

2021-11-19 16:56:52 - [TEST_STEP][PASSED] - if (toString().equals(attr.toString())): null

2021-11-19 16:56:52 - [TEST_STEP][PASSED] - (a++): null

2021-11-19 16:56:52 - [TEST_STEP][PASSED] - if (toString().equals(attr.toString())): null

2021-11-19 16:56:52 - [TEST_STEP][PASSED] - (a++): null

2021-11-19 16:56:52 - [TEST_STEP][PASSED] - if (toString().equals(attr.toString())): null

2021-11-19 16:56:52 - [TEST_STEP][PASSED] - (a++): null

2021-11-19 16:56:52 - [TEST_STEP][PASSED] - if (toString().equals(attr.toString())): null

2021-11-19 16:56:52 - [TEST_STEP][PASSED] - (a++): null

2021-11-19 16:56:52 - [TEST_STEP][PASSED] - if (toString().equals(attr.toString())): null

2021-11-19 16:56:52 - [TEST_STEP][PASSED] - (a++): null

2021-11-19 16:56:52 - [TEST_STEP][PASSED] - if (toString().equals(attr.toString())): null

2021-11-19 16:56:52 - [TEST_STEP][PASSED] - (a++): null

2021-11-19 16:56:52 - [TEST_STEP][PASSED] - if (toString().equals(attr.toString())): null

2021-11-19 16:56:52 - [TEST_STEP][PASSED] - break: null

2021-11-19 16:56:52 - [TEST_STEP][PASSED] - son = findWebElement(findTestObject("Object Repository/Olusturma/Genel/Olusturma/EklenenSatir")).findElement(By.xpath("td[@class='dxgvInlineEditCell_LECustomTheme dxgv'][" + a + "]//td[@class='dxic']/input")): Smart Wait Function is triggered

2021-11-19 16:56:52 - [MESSAGE][INFO] - Finding Test Object 'Object Repository/Olusturma/Genel/Olusturma/EklenenSatir'

2021-11-19 16:56:52 - [MESSAGE][INFO] - Finding web element from Test Object's properties

2021-11-19 16:56:52 - [MESSAGE][INFO] - Checking timeout

2021-11-19 16:56:52 - [MESSAGE][INFO] - Finding web element with id: 'Object Repository/Olusturma/Genel/Olusturma/EklenenSatir' located by 'By.cssSelector: #divmalhizmet .dxgvInlineEditRow_LECustomTheme' in '30' second(s)

2021-11-19 16:56:52 - [MESSAGE][INFO] - Smart Wait Function is triggered

2021-11-19 16:56:52 - [MESSAGE][INFO] - Found 1 web elements with id: 'Object Repository/Olusturma/Genel/Olusturma/EklenenSatir' located by 'By.cssSelector: #divmalhizmet .dxgvInlineEditRow_LECustomTheme' in '30' second(s)

2021-11-19 16:56:52 - [MESSAGE][INFO] - Smart Wait Function is triggered

2021-11-19 16:56:53 - [TEST_STEP][PASSED] - if (!(getAttribute("value").contains("Vkn"))): null

2021-11-19 16:56:53 - [TEST_STEP][PASSED] - son.clear(): null

2021-11-19 16:56:53 - [TEST_STEP][PASSED] - son.sendKeys(Deger): null

2021-11-19 16:56:53 - [MESSAGE][PASSED] - Call Test Case 'Test Cases/Olusturma/Genel/Olusturma' successfully

2021-11-19 16:56:53 - [MESSAGE][INFO] - Checking called Test Case

2021-11-19 16:56:53 - [MESSAGE][INFO] - Starting to call Test Case 'Test Cases/Olusturma/Genel/Olusturma'

2021-11-19 16:56:53 - [TEST_CASE][PASSED] - Test Cases/Olusturma/Genel/Olusturma: Test Cases/Olusturma/Genel/Olusturma

2021-11-19 16:56:53 - [TEST_STEP][PASSED] - driver = getWebDriver(): null

2021-11-19 16:56:53 - [TEST_STEP][PASSED] - action = new org.openqa.selenium.interactions.Actions(driver): null

2021-11-19 16:56:53 - [TEST_STEP][PASSED] - baslikElement = <not implemented yet for class: org.codehaus.groovy.ast.expr.EmptyExpression>: null

2021-11-19 16:56:53 - [TEST_STEP][PASSED] - sonElement = <not implemented yet for class: org.codehaus.groovy.ast.expr.EmptyExpression>: null

2021-11-19 16:56:53 - [TEST_STEP][PASSED] - attr = <not implemented yet for class: org.codehaus.groovy.ast.expr.EmptyExpression>: null

2021-11-19 16:56:53 - [TEST_STEP][PASSED] - a = 0: null

2021-11-19 16:56:53 - [TEST_STEP][PASSED] - elements = findWebElements(findTestObject("Object Repository/Olusturma/Genel/Olusturma/TabloBasliklari"), 10): Found 14 web elements with id: 'Object Repository/Olusturma/Genel/Olusturma/TabloBasliklari' located by 'By.cssSelector: div#divmalhizmet .dxgvTable_LECustomTheme td.dxgvHeader_LECustomTheme tr>td:nth-child(1)' in '10' second(s)

2021-11-19 16:56:53 - [MESSAGE][INFO] - Finding Test Object 'Object Repository/Olusturma/Genel/Olusturma/TabloBasliklari'

2021-11-19 16:56:53 - [MESSAGE][INFO] - Checking timeout

2021-11-19 16:56:53 - [MESSAGE][INFO] - Finding web element with id: 'Object Repository/Olusturma/Genel/Olusturma/TabloBasliklari' located by 'By.cssSelector: div#divmalhizmet .dxgvTable_LECustomTheme td.dxgvHeader_LECustomTheme tr>td:nth-child(1)' in '10' second(s)

2021-11-19 16:56:53 - [MESSAGE][INFO] - Smart Wait Function is triggered

2021-11-19 16:56:54 - [MESSAGE][INFO] - Found 14 web elements with id: 'Object Repository/Olusturma/Genel/Olusturma/TabloBasliklari' located by 'By.cssSelector: div#divmalhizmet .dxgvTable_LECustomTheme td.dxgvHeader_LECustomTheme tr>td:nth-child(1)' in '10' second(s)

2021-11-19 16:56:54 - [TEST_STEP][PASSED] - for (def element : elements): null

2021-11-19 16:56:54 - [TEST_STEP][PASSED] - build().perform(): null

2021-11-19 16:56:54 - [TEST_STEP][PASSED] - if (getText().equals(Baslik)): null

2021-11-19 16:56:54 - [TEST_STEP][PASSED] - build().perform(): null

2021-11-19 16:56:54 - [TEST_STEP][PASSED] - if (getText().equals(Baslik)): null

2021-11-19 16:56:54 - [TEST_STEP][PASSED] - build().perform(): null

2021-11-19 16:56:54 - [TEST_STEP][PASSED] - if (getText().equals(Baslik)): null

2021-11-19 16:56:54 - [TEST_STEP][PASSED] - build().perform(): null

2021-11-19 16:56:54 - [TEST_STEP][PASSED] - if (getText().equals(Baslik)): null

2021-11-19 16:56:54 - [TEST_STEP][PASSED] - build().perform(): null

2021-11-19 16:56:54 - [TEST_STEP][PASSED] - if (getText().equals(Baslik)): null

2021-11-19 16:56:54 - [TEST_STEP][PASSED] - build().perform(): null

2021-11-19 16:56:54 - [TEST_STEP][PASSED] - if (getText().equals(Baslik)): null

2021-11-19 16:56:54 - [TEST_STEP][PASSED] - build().perform(): null

2021-11-19 16:56:54 - [TEST_STEP][PASSED] - if (getText().equals(Baslik)): null

2021-11-19 16:56:54 - [TEST_STEP][PASSED] - baslikElement = element.findElement(By.xpath("../../../..")): Smart Wait Function is triggered

2021-11-19 16:56:54 - [MESSAGE][INFO] - Smart Wait Function is triggered

2021-11-19 16:56:55 - [TEST_STEP][PASSED] - attr = baslikElement.getAttribute("id"): null

2021-11-19 16:56:55 - [TEST_STEP][PASSED] - println("girdi ve idsini aldı = " + attr): null

2021-11-19 16:56:55 - [TEST_STEP][PASSED] - break: null

2021-11-19 16:56:55 - [TEST_STEP][PASSED] - countElement = baslikElement.findElements(By.xpath("../td")): Smart Wait Function is triggered

2021-11-19 16:56:55 - [MESSAGE][INFO] - Smart Wait Function is triggered

2021-11-19 16:56:55 - [TEST_STEP][PASSED] - for (def element : countElement): null

2021-11-19 16:56:55 - [TEST_STEP][PASSED] - if (toString().equals(attr.toString())): null

2021-11-19 16:56:55 - [TEST_STEP][PASSED] - (a++): null

2021-11-19 16:56:55 - [TEST_STEP][PASSED] - if (toString().equals(attr.toString())): null

2021-11-19 16:56:55 - [TEST_STEP][PASSED] - (a++): null

2021-11-19 16:56:55 - [TEST_STEP][PASSED] - if (toString().equals(attr.toString())): null

2021-11-19 16:56:55 - [TEST_STEP][PASSED] - (a++): null

2021-11-19 16:56:55 - [TEST_STEP][PASSED] - if (toString().equals(attr.toString())): null

2021-11-19 16:56:55 - [TEST_STEP][PASSED] - (a++): null

2021-11-19 16:56:55 - [TEST_STEP][PASSED] - if (toString().equals(attr.toString())): null

2021-11-19 16:56:55 - [TEST_STEP][PASSED] - (a++): null

2021-11-19 16:56:55 - [TEST_STEP][PASSED] - if (toString().equals(attr.toString())): null

2021-11-19 16:56:55 - [TEST_STEP][PASSED] - (a++): null

2021-11-19 16:56:55 - [TEST_STEP][PASSED] - if (toString().equals(attr.toString())): null

2021-11-19 16:56:55 - [TEST_STEP][PASSED] - (a++): null

2021-11-19 16:56:55 - [TEST_STEP][PASSED] - if (toString().equals(attr.toString())): null

2021-11-19 16:56:55 - [TEST_STEP][PASSED] - break: null

2021-11-19 16:56:55 - [TEST_STEP][PASSED] - son = findWebElement(findTestObject("Object Repository/Olusturma/Genel/Olusturma/EklenenSatir")).findElement(By.xpath("td[@class='dxgvInlineEditCell_LECustomTheme dxgv'][" + a + "]//td[@class='dxic']/input")): Smart Wait Function is triggered

2021-11-19 16:56:55 - [MESSAGE][INFO] - Finding Test Object 'Object Repository/Olusturma/Genel/Olusturma/EklenenSatir'

2021-11-19 16:56:55 - [MESSAGE][INFO] - Finding web element from Test Object's properties

2021-11-19 16:56:55 - [MESSAGE][INFO] - Checking timeout

2021-11-19 16:56:55 - [MESSAGE][INFO] - Finding web element with id: 'Object Repository/Olusturma/Genel/Olusturma/EklenenSatir' located by 'By.cssSelector: #divmalhizmet .dxgvInlineEditRow_LECustomTheme' in '30' second(s)

2021-11-19 16:56:55 - [MESSAGE][INFO] - Smart Wait Function is triggered

2021-11-19 16:56:56 - [MESSAGE][INFO] - Found 1 web elements with id: 'Object Repository/Olusturma/Genel/Olusturma/EklenenSatir' located by 'By.cssSelector: #divmalhizmet .dxgvInlineEditRow_LECustomTheme' in '30' second(s)

2021-11-19 16:56:56 - [MESSAGE][INFO] - Smart Wait Function is triggered

2021-11-19 16:56:56 - [TEST_STEP][PASSED] - if (!(getAttribute("value").contains("Vkn"))): null

2021-11-19 16:56:56 - [TEST_STEP][PASSED] - son.clear(): null

2021-11-19 16:56:56 - [TEST_STEP][PASSED] - son.sendKeys(Deger): null

2021-11-19 16:56:56 - [MESSAGE][PASSED] - Call Test Case 'Test Cases/Olusturma/Genel/Olusturma' successfully

2021-11-19 16:56:56 - [MESSAGE][INFO] - Checking called Test Case

2021-11-19 16:56:56 - [MESSAGE][INFO] - Starting to call Test Case 'Test Cases/Olusturma/Genel/NotGirilir'

2021-11-19 16:56:56 - [TEST_CASE][PASSED] - Test Cases/Olusturma/Genel/NotGirilir: Test Cases/Olusturma/Genel/NotGirilir

2021-11-19 16:56:56 - [TEST_STEP][PASSED] - i = 0: null

2021-11-19 16:56:56 - [TEST_STEP][PASSED] - waitForElementClickable(findTestObject("Olusturma/Genel/Not/Notlar"), 10): Object 'Object Repository/Olusturma/Genel/Not/Notlar' is clickable

2021-11-19 16:56:56 - [MESSAGE][INFO] - Finding Test Object 'Object Repository/Olusturma/Genel/Not/Notlar'

2021-11-19 16:56:56 - [MESSAGE][INFO] - Checking object

2021-11-19 16:56:56 - [MESSAGE][INFO] - Checking timeout

2021-11-19 16:56:56 - [MESSAGE][INFO] - Finding web element from Test Object's properties

2021-11-19 16:56:56 - [MESSAGE][INFO] - Checking timeout

2021-11-19 16:56:56 - [MESSAGE][INFO] - Finding web element with id: 'Object Repository/Olusturma/Genel/Not/Notlar' located by 'By.xpath: //*[@id = 'txtNote_I']' in '10' second(s)

2021-11-19 16:56:56 - [MESSAGE][INFO] - Smart Wait Function is triggered

2021-11-19 16:56:57 - [MESSAGE][INFO] - Found 1 web elements with id: 'Object Repository/Olusturma/Genel/Not/Notlar' located by 'By.xpath: //*[@id = 'txtNote_I']' in '10' second(s)

2021-11-19 16:56:57 - [MESSAGE][PASSED] - Object 'Object Repository/Olusturma/Genel/Not/Notlar' is clickable

2021-11-19 16:56:57 - [TEST_STEP][PASSED] - clearText(findTestObject("Olusturma/Genel/Not/Notlar")): Text of object 'Object Repository/Olusturma/Genel/Not/Notlar' is cleared

2021-11-19 16:56:57 - [MESSAGE][INFO] - Finding Test Object 'Object Repository/Olusturma/Genel/Not/Notlar'

2021-11-19 16:56:57 - [MESSAGE][INFO] - Checking object

2021-11-19 16:56:57 - [MESSAGE][INFO] - Finding web element from Test Object's properties

2021-11-19 16:56:57 - [MESSAGE][INFO] - Checking timeout

2021-11-19 16:56:57 - [MESSAGE][INFO] - Finding web element with id: 'Object Repository/Olusturma/Genel/Not/Notlar' located by 'By.xpath: //*[@id = 'txtNote_I']' in '30' second(s)

2021-11-19 16:56:57 - [MESSAGE][INFO] - Smart Wait Function is triggered

2021-11-19 16:56:57 - [MESSAGE][INFO] - Found 1 web elements with id: 'Object Repository/Olusturma/Genel/Not/Notlar' located by 'By.xpath: //*[@id = 'txtNote_I']' in '30' second(s)

2021-11-19 16:56:57 - [MESSAGE][INFO] - Clearing text of object 'Object Repository/Olusturma/Genel/Not/Notlar'

2021-11-19 16:56:57 - [MESSAGE][PASSED] - Text of object 'Object Repository/Olusturma/Genel/Not/Notlar' is cleared

2021-11-19 16:56:57 - [TEST_STEP][PASSED] - click(findTestObject("Olusturma/Genel/Not/Notlar")): Object: 'Object Repository/Olusturma/Genel/Not/Notlar' is clicked on

2021-11-19 16:56:57 - [MESSAGE][INFO] - Finding Test Object 'Object Repository/Olusturma/Genel/Not/Notlar'

2021-11-19 16:56:57 - [MESSAGE][INFO] - Checking object

2021-11-19 16:56:57 - [MESSAGE][INFO] - Finding web element from Test Object's properties

2021-11-19 16:56:57 - [MESSAGE][INFO] - Checking timeout

2021-11-19 16:56:57 - [MESSAGE][INFO] - Finding web element with id: 'Object Repository/Olusturma/Genel/Not/Notlar' located by 'By.xpath: //*[@id = 'txtNote_I']' in '30' second(s)

2021-11-19 16:56:57 - [MESSAGE][INFO] - Smart Wait Function is triggered

2021-11-19 16:56:58 - [MESSAGE][INFO] - Found 1 web elements with id: 'Object Repository/Olusturma/Genel/Not/Notlar' located by 'By.xpath: //*[@id = 'txtNote_I']' in '30' second(s)

2021-11-19 16:56:58 - [MESSAGE][INFO] - Clicking on object: 'Object Repository/Olusturma/Genel/Not/Notlar'

2021-11-19 16:56:58 - [MESSAGE][PASSED] - Object: 'Object Repository/Olusturma/Genel/Not/Notlar' is clicked on

2021-11-19 16:56:58 - [TEST_STEP][PASSED] - while (true): null

2021-11-19 16:56:58 - [TEST_STEP][PASSED] - delay(1): Delayed 1 second(s)

2021-11-19 16:56:58 - [MESSAGE][INFO] - Delaying browser in 1 second(s)

2021-11-19 16:56:59 - [MESSAGE][PASSED] - Delayed 1 second(s)

2021-11-19 16:56:59 - [TEST_STEP][PASSED] - ajaxIsComplete = executeJavaScript("return jQuery.active == 0", null): Execute JavaScript 'return jQuery.active == 0' successfully

2021-11-19 16:56:59 - [MESSAGE][PASSED] - Execute JavaScript 'return jQuery.active == 0' successfully

2021-11-19 16:56:59 - [TEST_STEP][PASSED] - if (ajaxIsComplete): null

2021-11-19 16:56:59 - [TEST_STEP][PASSED] - break: null

2021-11-19 16:56:59 - [TEST_STEP][PASSED] - sendKeys(findTestObject("Olusturma/Genel/Not/Notlar"), Not): Keys 'Otomasyon Not' sent to object: 'Object Repository/Olusturma/Genel/Not/Notlar'

2021-11-19 16:56:59 - [MESSAGE][INFO] - Finding Test Object 'Object Repository/Olusturma/Genel/Not/Notlar'

2021-11-19 16:56:59 - [MESSAGE][INFO] - Sending keys 'Otomasyon Not' to object: 'Object Repository/Olusturma/Genel/Not/Notlar'

2021-11-19 16:56:59 - [MESSAGE][INFO] - Finding web element from Test Object's properties

2021-11-19 16:56:59 - [MESSAGE][INFO] - Checking timeout

2021-11-19 16:56:59 - [MESSAGE][INFO] - Finding web element with id: 'Object Repository/Olusturma/Genel/Not/Notlar' located by 'By.xpath: //*[@id = 'txtNote_I']' in '30' second(s)

2021-11-19 16:56:59 - [MESSAGE][INFO] - Smart Wait Function is triggered

2021-11-19 16:56:59 - [MESSAGE][INFO] - Found 1 web elements with id: 'Object Repository/Olusturma/Genel/Not/Notlar' located by 'By.xpath: //*[@id = 'txtNote_I']' in '30' second(s)

2021-11-19 16:56:59 - [MESSAGE][PASSED] - Keys 'Otomasyon Not' sent to object: 'Object Repository/Olusturma/Genel/Not/Notlar'

2021-11-19 16:56:59 - [MESSAGE][PASSED] - Call Test Case 'Test Cases/Olusturma/Genel/NotGirilir' successfully

2021-11-19 16:56:59 - [MESSAGE][INFO] - Checking called Test Case

2021-11-19 16:56:59 - [MESSAGE][INFO] - Starting to call Test Case 'Test Cases/Olusturma/Genel/EttnBilgisiKayitEdilir'

2021-11-19 16:56:59 - [TEST_CASE][PASSED] - Test Cases/Olusturma/Genel/EttnBilgisiKayitEdilir: Test Cases/Olusturma/Genel/EttnBilgisiKayitEdilir

2021-11-19 16:56:59 - [TEST_STEP][PASSED] - verifyElementPresent(findTestObject("Object Repository/Olusturma/Genel/Olusturma/eArsivEttnBilgisi"), 7): Object 'Object Repository/Olusturma/Genel/Olusturma/eArsivEttnBilgisi' is present

2021-11-19 16:56:59 - [MESSAGE][INFO] - Finding Test Object 'Object Repository/Olusturma/Genel/Olusturma/eArsivEttnBilgisi'

2021-11-19 16:56:59 - [MESSAGE][INFO] - Checking object

2021-11-19 16:56:59 - [MESSAGE][INFO] - Finding web element from Test Object's properties

2021-11-19 16:56:59 - [MESSAGE][INFO] - Checking timeout

2021-11-19 16:56:59 - [MESSAGE][INFO] - Finding web element with id: 'Object Repository/Olusturma/Genel/Olusturma/eArsivEttnBilgisi' located by 'By.xpath: //*[@id = 'Uuid_I']' in '7' second(s)

2021-11-19 16:56:59 - [MESSAGE][INFO] - Smart Wait Function is triggered

2021-11-19 16:57:00 - [MESSAGE][INFO] - Found 1 web elements with id: 'Object Repository/Olusturma/Genel/Olusturma/eArsivEttnBilgisi' located by 'By.xpath: //*[@id = 'Uuid_I']' in '7' second(s)

2021-11-19 16:57:00 - [MESSAGE][PASSED] - Object 'Object Repository/Olusturma/Genel/Olusturma/eArsivEttnBilgisi' is present

2021-11-19 16:57:00 - [TEST_STEP][PASSED] - ettn = getAttribute(findTestObject("Object Repository/Olusturma/Genel/Olusturma/eArsivEttnBilgisi"), "value"): Attribute 'value' of object 'Object Repository/Olusturma/Genel/Olusturma/eArsivEttnBilgisi' is: '3a2c44e2-4c88-436e-9753-3141ddeefffa'

2021-11-19 16:57:00 - [MESSAGE][INFO] - Finding Test Object 'Object Repository/Olusturma/Genel/Olusturma/eArsivEttnBilgisi'

2021-11-19 16:57:00 - [MESSAGE][INFO] - Checking object

2021-11-19 16:57:00 - [MESSAGE][INFO] - Checking attribute

2021-11-19 16:57:00 - [MESSAGE][INFO] - Finding web element from Test Object's properties

2021-11-19 16:57:00 - [MESSAGE][INFO] - Checking timeout

2021-11-19 16:57:00 - [MESSAGE][INFO] - Finding web element with id: 'Object Repository/Olusturma/Genel/Olusturma/eArsivEttnBilgisi' located by 'By.xpath: //*[@id = 'Uuid_I']' in '30' second(s)

2021-11-19 16:57:00 - [MESSAGE][INFO] - Smart Wait Function is triggered

2021-11-19 16:57:00 - [MESSAGE][INFO] - Found 1 web elements with id: 'Object Repository/Olusturma/Genel/Olusturma/eArsivEttnBilgisi' located by 'By.xpath: //*[@id = 'Uuid_I']' in '30' second(s)

2021-11-19 16:57:00 - [MESSAGE][INFO] - Getting attribute 'value' of object 'Object Repository/Olusturma/Genel/Olusturma/eArsivEttnBilgisi'

2021-11-19 16:57:00 - [MESSAGE][PASSED] - Attribute 'value' of object 'Object Repository/Olusturma/Genel/Olusturma/eArsivEttnBilgisi' is: '3a2c44e2-4c88-436e-9753-3141ddeefffa'

2021-11-19 16:57:00 - [MESSAGE][PASSED] - Call Test Case 'Test Cases/Olusturma/Genel/EttnBilgisiKayitEdilir' successfully

2021-11-19 16:57:00 - [MESSAGE][INFO] - Checking called Test Case

2021-11-19 16:57:00 - [MESSAGE][INFO] - Starting to call Test Case 'Test Cases/Olusturma/Genel/KaydetButonunaTiklanir'

2021-11-19 16:57:00 - [TEST_CASE][PASSED] - Test Cases/Olusturma/Genel/KaydetButonunaTiklanir: Test Cases/Olusturma/Genel/KaydetButonunaTiklanir

2021-11-19 16:57:00 - [TEST_STEP][PASSED] - i = 0: null

2021-11-19 16:57:00 - [TEST_STEP][PASSED] - waitForElementPresent(findTestObject("Olusturma/Genel/Not/Notlar"), 10): Object 'Object Repository/Olusturma/Genel/Not/Notlar' is present

2021-11-19 16:57:00 - [MESSAGE][INFO] - Finding Test Object 'Object Repository/Olusturma/Genel/Not/Notlar'

2021-11-19 16:57:00 - [MESSAGE][INFO] - Checking object

2021-11-19 16:57:00 - [MESSAGE][INFO] - Finding web element from Test Object's properties

2021-11-19 16:57:00 - [MESSAGE][INFO] - Checking timeout

2021-11-19 16:57:00 - [MESSAGE][INFO] - Finding web element with id: 'Object Repository/Olusturma/Genel/Not/Notlar' located by 'By.xpath: //*[@id = 'txtNote_I']' in '10' second(s)

2021-11-19 16:57:00 - [MESSAGE][INFO] - Smart Wait Function is triggered

2021-11-19 16:57:00 - [MESSAGE][INFO] - Found 1 web elements with id: 'Object Repository/Olusturma/Genel/Not/Notlar' located by 'By.xpath: //*[@id = 'txtNote_I']' in '10' second(s)

2021-11-19 16:57:00 - [MESSAGE][PASSED] - Object 'Object Repository/Olusturma/Genel/Not/Notlar' is present

2021-11-19 16:57:00 - [TEST_STEP][PASSED] - click(findTestObject("Olusturma/Genel/Not/Notlar")): Object: 'Object Repository/Olusturma/Genel/Not/Notlar' is clicked on

2021-11-19 16:57:00 - [MESSAGE][INFO] - Finding Test Object 'Object Repository/Olusturma/Genel/Not/Notlar'

2021-11-19 16:57:00 - [MESSAGE][INFO] - Checking object

2021-11-19 16:57:00 - [MESSAGE][INFO] - Finding web element from Test Object's properties

2021-11-19 16:57:00 - [MESSAGE][INFO] - Checking timeout

2021-11-19 16:57:00 - [MESSAGE][INFO] - Finding web element with id: 'Object Repository/Olusturma/Genel/Not/Notlar' located by 'By.xpath: //*[@id = 'txtNote_I']' in '30' second(s)

2021-11-19 16:57:00 - [MESSAGE][INFO] - Smart Wait Function is triggered

2021-11-19 16:57:01 - [MESSAGE][INFO] - Found 1 web elements with id: 'Object Repository/Olusturma/Genel/Not/Notlar' located by 'By.xpath: //*[@id = 'txtNote_I']' in '30' second(s)

2021-11-19 16:57:01 - [MESSAGE][INFO] - Clicking on object: 'Object Repository/Olusturma/Genel/Not/Notlar'

2021-11-19 16:57:01 - [MESSAGE][PASSED] - Object: 'Object Repository/Olusturma/Genel/Not/Notlar' is clicked on

2021-11-19 16:57:01 - [TEST_STEP][PASSED] - while (true): null

2021-11-19 16:57:01 - [TEST_STEP][PASSED] - delay(1): Delayed 1 second(s)

2021-11-19 16:57:01 - [MESSAGE][INFO] - Delaying browser in 1 second(s)

2021-11-19 16:57:02 - [MESSAGE][PASSED] - Delayed 1 second(s)

2021-11-19 16:57:02 - [TEST_STEP][PASSED] - ajaxIsComplete = executeJavaScript("return jQuery.active == 0", null): Execute JavaScript 'return jQuery.active == 0' successfully

2021-11-19 16:57:02 - [MESSAGE][PASSED] - Execute JavaScript 'return jQuery.active == 0' successfully

2021-11-19 16:57:02 - [TEST_STEP][PASSED] - if (ajaxIsComplete): null

2021-11-19 16:57:02 - [TEST_STEP][PASSED] - break: null

2021-11-19 16:57:02 - [TEST_STEP][PASSED] - waitForElementClickable(findTestObject("Object Repository/Olusturma/Genel/Buton"), 10): Object 'Object Repository/Olusturma/Genel/Buton' is clickable

2021-11-19 16:57:02 - [MESSAGE][INFO] - Finding Test Object 'Object Repository/Olusturma/Genel/Buton'

2021-11-19 16:57:02 - [MESSAGE][INFO] - Checking object

2021-11-19 16:57:02 - [MESSAGE][INFO] - Checking timeout

2021-11-19 16:57:02 - [MESSAGE][INFO] - Finding web element from Test Object's properties

2021-11-19 16:57:02 - [MESSAGE][INFO] - Checking timeout

2021-11-19 16:57:02 - [MESSAGE][INFO] - Finding web element with id: 'Object Repository/Olusturma/Genel/Buton' located by 'By.xpath: //*[@id = 'btnKaydet']' in '10' second(s)

2021-11-19 16:57:02 - [MESSAGE][INFO] - Smart Wait Function is triggered

2021-11-19 16:57:02 - [MESSAGE][INFO] - Found 1 web elements with id: 'Object Repository/Olusturma/Genel/Buton' located by 'By.xpath: //*[@id = 'btnKaydet']' in '10' second(s)

2021-11-19 16:57:02 - [MESSAGE][PASSED] - Object 'Object Repository/Olusturma/Genel/Buton' is clickable

2021-11-19 16:57:02 - [TEST_STEP][PASSED] - click(findTestObject("Object Repository/Olusturma/Genel/Buton")): Object: 'Object Repository/Olusturma/Genel/Buton' is clicked on

2021-11-19 16:57:02 - [MESSAGE][INFO] - Finding Test Object 'Object Repository/Olusturma/Genel/Buton'

2021-11-19 16:57:02 - [MESSAGE][INFO] - Checking object

2021-11-19 16:57:02 - [MESSAGE][INFO] - Finding web element from Test Object's properties

2021-11-19 16:57:02 - [MESSAGE][INFO] - Checking timeout

2021-11-19 16:57:02 - [MESSAGE][INFO] - Finding web element with id: 'Object Repository/Olusturma/Genel/Buton' located by 'By.xpath: //*[@id = 'btnKaydet']' in '30' second(s)

2021-11-19 16:57:02 - [MESSAGE][INFO] - Smart Wait Function is triggered

2021-11-19 16:57:03 - [MESSAGE][INFO] - Found 1 web elements with id: 'Object Repository/Olusturma/Genel/Buton' located by 'By.xpath: //*[@id = 'btnKaydet']' in '30' second(s)

2021-11-19 16:57:03 - [MESSAGE][INFO] - Clicking on object: 'Object Repository/Olusturma/Genel/Buton'

2021-11-19 16:57:05 - [MESSAGE][PASSED] - Object: 'Object Repository/Olusturma/Genel/Buton' is clicked on

2021-11-19 16:57:05 - [MESSAGE][PASSED] - Call Test Case 'Test Cases/Olusturma/Genel/KaydetButonunaTiklanir' successfully

2021-11-19 16:57:05 - [MESSAGE][INFO] - Checking called Test Case

2021-11-19 16:57:05 - [MESSAGE][INFO] - Starting to call Test Case 'Test Cases/Tablo/TablodaEttnliVeriOlusturulduMu'

2021-11-19 16:57:05 - [TEST_CASE][PASSED] - Test Cases/Tablo/TablodaEttnliVeriOlusturulduMu: Test Cases/Tablo/TablodaEttnliVeriOlusturulduMu

2021-11-19 16:57:05 - [TEST_STEP][PASSED] - Method.TextDegerineEsitElementVarMi(findTestObject("Tablo/OlusturulanVeri"), ettn): Method.TextDegerineEsitElementVarMi is PASSED

2021-11-19 16:57:05 - [MESSAGE][INFO] - Finding Test Object 'Object Repository/Tablo/OlusturulanVeri'

2021-11-19 16:57:05 - [MESSAGE][INFO] - Checking timeout

2021-11-19 16:57:05 - [MESSAGE][INFO] - Finding web element with id: 'Object Repository/Tablo/OlusturulanVeri' located by 'By.cssSelector: table.dxgvTable_LECustomTheme>tbody>tr:nth-child(3)>td.dxgv b,table.dxgvTable_LECustomTheme>tbody>tr:nth-child(3)>td.dxgv' in '10' second(s)

2021-11-19 16:57:05 - [MESSAGE][INFO] - Smart Wait Function is triggered

2021-11-19 16:57:06 - [MESSAGE][INFO] - Found 14 web elements with id: 'Object Repository/Tablo/OlusturulanVeri' located by 'By.cssSelector: table.dxgvTable_LECustomTheme>tbody>tr:nth-child(3)>td.dxgv b,table.dxgvTable_LECustomTheme>tbody>tr:nth-child(3)>td.dxgv' in '10' second(s)

2021-11-19 16:57:06 - [MESSAGE][PASSED] - Method.TextDegerineEsitElementVarMi is PASSED

2021-11-19 16:57:06 - [MESSAGE][PASSED] - Call Test Case 'Test Cases/Tablo/TablodaEttnliVeriOlusturulduMu' successfully

2021-11-19 16:57:06 - [MESSAGE][INFO] - Checking called Test Case

2021-11-19 16:57:06 - [MESSAGE][INFO] - Starting to call Test Case 'Test Cases/Tablo/TablodanEttnliVeriSec'

2021-11-19 16:57:06 - [TEST_CASE][PASSED] - Test Cases/Tablo/TablodanEttnliVeriSec: Test Cases/Tablo/TablodanEttnliVeriSec

2021-11-19 16:57:06 - [TEST_STEP][PASSED] - Method.TextDegerineEsitElementinAltindakineTikla(findTestObject("Tablo/Veriler"), findTestObject("Tablo/VerininCheckBoxi"), ettn): Method.TextDegerineEsitElementinAltindakineTikla is PASSED

2021-11-19 16:57:06 - [MESSAGE][INFO] - Finding Test Object 'Object Repository/Tablo/Veriler'

2021-11-19 16:57:06 - [MESSAGE][INFO] - Finding Test Object 'Object Repository/Tablo/VerininCheckBoxi'

2021-11-19 16:57:06 - [MESSAGE][INFO] - Checking timeout

2021-11-19 16:57:06 - [MESSAGE][INFO] - Finding web element with id: 'Object Repository/Tablo/Veriler' located by 'By.cssSelector: td.dxgv b ,td.dxgv' in '10' second(s)

2021-11-19 16:57:06 - [MESSAGE][INFO] - Smart Wait Function is triggered

2021-11-19 16:57:06 - [MESSAGE][INFO] - Found 84 web elements with id: 'Object Repository/Tablo/Veriler' located by 'By.cssSelector: td.dxgv b ,td.dxgv' in '10' second(s)

2021-11-19 16:57:06 - [MESSAGE][INFO] - Smart Wait Function is triggered

2021-11-19 16:57:07 - [MESSAGE][PASSED] - Method.TextDegerineEsitElementinAltindakineTikla is PASSED

2021-11-19 16:57:07 - [MESSAGE][PASSED] - Call Test Case 'Test Cases/Tablo/TablodanEttnliVeriSec' successfully

2021-11-19 16:57:07 - [MESSAGE][INFO] - Checking called Test Case

2021-11-19 16:57:07 - [MESSAGE][INFO] - Starting to call Test Case 'Test Cases/Butonlar/ButonaTikla'

2021-11-19 16:57:07 - [TEST_CASE][PASSED] - Test Cases/Butonlar/ButonaTikla: Test Cases/Butonlar/ButonaTikla

2021-11-19 16:57:07 - [TEST_STEP][PASSED] - Method.TextDegerineEsitElementeTiklaEquals(findTestObject("Butonlar/Butonlar"), Buton_Adi): Method.TextDegerineEsitElementeTiklaEquals is PASSED

2021-11-19 16:57:07 - [MESSAGE][INFO] - Finding Test Object 'Object Repository/Butonlar/Butonlar'

2021-11-19 16:57:07 - [MESSAGE][INFO] - Checking timeout

2021-11-19 16:57:07 - [MESSAGE][INFO] - Finding web element with id: 'Object Repository/Butonlar/Butonlar' located by 'By.cssSelector: .panel.panel-default.text-center.footerPanel .btn,.btn.btn-primary.btnControls' in '10' second(s)

2021-11-19 16:57:07 - [MESSAGE][INFO] - Smart Wait Function is triggered

2021-11-19 16:57:07 - [MESSAGE][INFO] - Found 9 web elements with id: 'Object Repository/Butonlar/Butonlar' located by 'By.cssSelector: .panel.panel-default.text-center.footerPanel .btn,.btn.btn-primary.btnControls' in '10' second(s)

2021-11-19 16:57:08 - [MESSAGE][PASSED] - Method.TextDegerineEsitElementeTiklaEquals is PASSED

2021-11-19 16:57:08 - [MESSAGE][PASSED] - Call Test Case 'Test Cases/Butonlar/ButonaTikla' successfully

2021-11-19 16:57:08 - [MESSAGE][INFO] - Checking called Test Case

2021-11-19 16:57:08 - [MESSAGE][INFO] - Starting to call Test Case 'Test Cases/Popup/PopupMesajiIceriyorMu'

2021-11-19 16:57:08 - [TEST_CASE][PASSED] - Test Cases/Popup/PopupMesajiIceriyorMu: Test Cases/Popup/PopupMesajiIceriyorMu

2021-11-19 16:57:08 - [TEST_STEP][PASSED] - waitForElementVisible(findTestObject("Popup/Popup"), 10): Object 'Object Repository/Popup/Popup' is visible

2021-11-19 16:57:08 - [MESSAGE][INFO] - Finding Test Object 'Object Repository/Popup/Popup'

2021-11-19 16:57:08 - [MESSAGE][INFO] - Checking object

2021-11-19 16:57:08 - [MESSAGE][INFO] - Checking timeout

2021-11-19 16:57:08 - [MESSAGE][INFO] - Finding web element from Test Object's properties

2021-11-19 16:57:08 - [MESSAGE][INFO] - Checking timeout

2021-11-19 16:57:08 - [MESSAGE][INFO] - Finding web element with id: 'Object Repository/Popup/Popup' located by 'By.cssSelector: .bootbox-body' in '10' second(s)

2021-11-19 16:57:08 - [MESSAGE][INFO] - Smart Wait Function is triggered

2021-11-19 16:57:09 - [MESSAGE][INFO] - Found 1 web elements with id: 'Object Repository/Popup/Popup' located by 'By.cssSelector: .bootbox-body' in '10' second(s)

2021-11-19 16:57:09 - [MESSAGE][PASSED] - Object 'Object Repository/Popup/Popup' is visible

2021-11-19 16:57:09 - [TEST_STEP][PASSED] - if (!(getText(findTestObject("Popup/Popup")).contains(Mesaj))): Text of object 'Object Repository/Popup/Popup' is: 'Oluşturulacak fatura numarası : EAR2021000000484 Fatura numarası oluşturulduktan sonra fatura silinemez. Fatura numarası, tarihi ve ön eki değiştirilemez. Devam etmek istiyor musunuz?'

2021-11-19 16:57:09 - [MESSAGE][INFO] - Finding Test Object 'Object Repository/Popup/Popup'

2021-11-19 16:57:09 - [MESSAGE][INFO] - Checking object

2021-11-19 16:57:09 - [MESSAGE][INFO] - Finding web element from Test Object's properties

2021-11-19 16:57:09 - [MESSAGE][INFO] - Checking timeout

2021-11-19 16:57:09 - [MESSAGE][INFO] - Finding web element with id: 'Object Repository/Popup/Popup' located by 'By.cssSelector: .bootbox-body' in '30' second(s)

2021-11-19 16:57:09 - [MESSAGE][INFO] - Smart Wait Function is triggered

2021-11-19 16:57:09 - [MESSAGE][INFO] - Found 1 web elements with id: 'Object Repository/Popup/Popup' located by 'By.cssSelector: .bootbox-body' in '30' second(s)

2021-11-19 16:57:09 - [MESSAGE][INFO] - Getting text of object 'Object Repository/Popup/Popup'

2021-11-19 16:57:09 - [MESSAGE][PASSED] - Text of object 'Object Repository/Popup/Popup' is: 'Oluşturulacak fatura numarası : EAR2021000000484 Fatura numarası oluşturulduktan sonra fatura silinemez. Fatura numarası, tarihi ve ön eki değiştirilemez. Devam etmek istiyor musunuz?'

2021-11-19 16:57:09 - [TEST_STEP][PASSED] - RaporNo = getText(findTestObject("Popup/Popup")).substring(0, 6): Text of object 'Object Repository/Popup/Popup' is: 'Oluşturulacak fatura numarası : EAR2021000000484 Fatura numarası oluşturulduktan sonra fatura silinemez. Fatura numarası, tarihi ve ön eki değiştirilemez. Devam etmek istiyor musunuz?'

2021-11-19 16:57:09 - [MESSAGE][INFO] - Finding Test Object 'Object Repository/Popup/Popup'

2021-11-19 16:57:09 - [MESSAGE][INFO] - Checking object

2021-11-19 16:57:09 - [MESSAGE][INFO] - Finding web element from Test Object's properties

2021-11-19 16:57:09 - [MESSAGE][INFO] - Checking timeout

2021-11-19 16:57:09 - [MESSAGE][INFO] - Finding web element with id: 'Object Repository/Popup/Popup' located by 'By.cssSelector: .bootbox-body' in '30' second(s)

2021-11-19 16:57:09 - [MESSAGE][INFO] - Smart Wait Function is triggered

2021-11-19 16:57:09 - [MESSAGE][INFO] - Found 1 web elements with id: 'Object Repository/Popup/Popup' located by 'By.cssSelector: .bootbox-body' in '30' second(s)

2021-11-19 16:57:09 - [MESSAGE][INFO] - Getting text of object 'Object Repository/Popup/Popup'

2021-11-19 16:57:09 - [MESSAGE][PASSED] - Text of object 'Object Repository/Popup/Popup' is: 'Oluşturulacak fatura numarası : EAR2021000000484 Fatura numarası oluşturulduktan sonra fatura silinemez. Fatura numarası, tarihi ve ön eki değiştirilemez. Devam etmek istiyor musunuz?'

2021-11-19 16:57:09 - [TEST_STEP][PASSED] - Console.println(RaporNo): null

2021-11-19 16:57:09 - [MESSAGE][PASSED] - Call Test Case 'Test Cases/Popup/PopupMesajiIceriyorMu' successfully

2021-11-19 16:57:09 - [MESSAGE][INFO] - Checking called Test Case

2021-11-19 16:57:09 - [MESSAGE][INFO] - Starting to call Test Case 'Test Cases/Popup/PopupButonSecilir'

2021-11-19 16:57:09 - [TEST_CASE][PASSED] - Test Cases/Popup/PopupButonSecilir: Test Cases/Popup/PopupButonSecilir

2021-11-19 16:57:09 - [TEST_STEP][PASSED] - Method.TextDegerineEsitElementeTikla(findTestObject("Popup/Popup_Butons"), Buton): Method.TextDegerineEsitElementeTikla is PASSED

2021-11-19 16:57:09 - [MESSAGE][INFO] - Finding Test Object 'Object Repository/Popup/Popup_Butons'

2021-11-19 16:57:10 - [MESSAGE][INFO] - Checking timeout

2021-11-19 16:57:10 - [MESSAGE][INFO] - Finding web element with id: 'Object Repository/Popup/Popup_Butons' located by 'By.cssSelector: .modal-footer>button' in '10' second(s)

2021-11-19 16:57:10 - [MESSAGE][INFO] - Smart Wait Function is triggered

2021-11-19 16:57:10 - [MESSAGE][INFO] - Found 2 web elements with id: 'Object Repository/Popup/Popup_Butons' located by 'By.cssSelector: .modal-footer>button' in '10' second(s)

2021-11-19 16:57:10 - [MESSAGE][PASSED] - Method.TextDegerineEsitElementeTikla is PASSED

2021-11-19 16:57:10 - [MESSAGE][PASSED] - Call Test Case 'Test Cases/Popup/PopupButonSecilir' successfully

2021-11-19 16:57:10 - [MESSAGE][INFO] - Checking called Test Case

2021-11-19 16:57:10 - [MESSAGE][INFO] - Starting to call Test Case 'Test Cases/Popup/PopupMesajiIceriyorMu'

2021-11-19 16:57:10 - [TEST_CASE][PASSED] - Test Cases/Popup/PopupMesajiIceriyorMu: Test Cases/Popup/PopupMesajiIceriyorMu

2021-11-19 16:57:10 - [TEST_STEP][PASSED] - waitForElementVisible(findTestObject("Popup/Popup"), 10): Object 'Object Repository/Popup/Popup' is visible

2021-11-19 16:57:10 - [MESSAGE][INFO] - Finding Test Object 'Object Repository/Popup/Popup'

2021-11-19 16:57:10 - [MESSAGE][INFO] - Checking object

2021-11-19 16:57:10 - [MESSAGE][INFO] - Checking timeout

2021-11-19 16:57:10 - [MESSAGE][INFO] - Finding web element from Test Object's properties

2021-11-19 16:57:10 - [MESSAGE][INFO] - Checking timeout

2021-11-19 16:57:10 - [MESSAGE][INFO] - Finding web element with id: 'Object Repository/Popup/Popup' located by 'By.cssSelector: .bootbox-body' in '10' second(s)

2021-11-19 16:57:10 - [MESSAGE][INFO] - Smart Wait Function is triggered

2021-11-19 16:57:11 - [MESSAGE][INFO] - Found 1 web elements with id: 'Object Repository/Popup/Popup' located by 'By.cssSelector: .bootbox-body' in '10' second(s)

2021-11-19 16:57:11 - [MESSAGE][PASSED] - Object 'Object Repository/Popup/Popup' is visible

2021-11-19 16:57:11 - [TEST_STEP][PASSED] - if (!(getText(findTestObject("Popup/Popup")).contains(Mesaj))): Text of object 'Object Repository/Popup/Popup' is: 'Fatura numaranız EAR2021000000484 olarak oluşmuştur.'

2021-11-19 16:57:11 - [MESSAGE][INFO] - Finding Test Object 'Object Repository/Popup/Popup'

2021-11-19 16:57:11 - [MESSAGE][INFO] - Checking object

2021-11-19 16:57:11 - [MESSAGE][INFO] - Finding web element from Test Object's properties

2021-11-19 16:57:11 - [MESSAGE][INFO] - Checking timeout

2021-11-19 16:57:11 - [MESSAGE][INFO] - Finding web element with id: 'Object Repository/Popup/Popup' located by 'By.cssSelector: .bootbox-body' in '30' second(s)

2021-11-19 16:57:11 - [MESSAGE][INFO] - Smart Wait Function is triggered

2021-11-19 16:57:11 - [MESSAGE][INFO] - Found 1 web elements with id: 'Object Repository/Popup/Popup' located by 'By.cssSelector: .bootbox-body' in '30' second(s)

2021-11-19 16:57:11 - [MESSAGE][INFO] - Getting text of object 'Object Repository/Popup/Popup'

2021-11-19 16:57:11 - [MESSAGE][PASSED] - Text of object 'Object Repository/Popup/Popup' is: 'Fatura numaranız EAR2021000000484 olarak oluşmuştur.'

2021-11-19 16:57:11 - [TEST_STEP][PASSED] - RaporNo = getText(findTestObject("Popup/Popup")).substring(0, 6): Text of object 'Object Repository/Popup/Popup' is: 'Fatura numaranız EAR2021000000484 olarak oluşmuştur.'

2021-11-19 16:57:11 - [MESSAGE][INFO] - Finding Test Object 'Object Repository/Popup/Popup'

2021-11-19 16:57:12 - [MESSAGE][INFO] - Checking object

2021-11-19 16:57:12 - [MESSAGE][INFO] - Finding web element from Test Object's properties

2021-11-19 16:57:12 - [MESSAGE][INFO] - Checking timeout

2021-11-19 16:57:12 - [MESSAGE][INFO] - Finding web element with id: 'Object Repository/Popup/Popup' located by 'By.cssSelector: .bootbox-body' in '30' second(s)

2021-11-19 16:57:12 - [MESSAGE][INFO] - Smart Wait Function is triggered

2021-11-19 16:57:12 - [MESSAGE][INFO] - Found 1 web elements with id: 'Object Repository/Popup/Popup' located by 'By.cssSelector: .bootbox-body' in '30' second(s)

2021-11-19 16:57:12 - [MESSAGE][INFO] - Getting text of object 'Object Repository/Popup/Popup'

2021-11-19 16:57:12 - [MESSAGE][PASSED] - Text of object 'Object Repository/Popup/Popup' is: 'Fatura numaranız EAR2021000000484 olarak oluşmuştur.'

2021-11-19 16:57:12 - [TEST_STEP][PASSED] - Console.println(RaporNo): null

2021-11-19 16:57:12 - [MESSAGE][PASSED] - Call Test Case 'Test Cases/Popup/PopupMesajiIceriyorMu' successfully

2021-11-19 16:57:12 - [MESSAGE][INFO] - Checking called Test Case

2021-11-19 16:57:12 - [MESSAGE][INFO] - Starting to call Test Case 'Test Cases/Popup/PopupButonSecilir'

2021-11-19 16:57:12 - [TEST_CASE][PASSED] - Test Cases/Popup/PopupButonSecilir: Test Cases/Popup/PopupButonSecilir

2021-11-19 16:57:12 - [TEST_STEP][PASSED] - Method.TextDegerineEsitElementeTikla(findTestObject("Popup/Popup_Butons"), Buton): Method.TextDegerineEsitElementeTikla is PASSED

2021-11-19 16:57:12 - [MESSAGE][INFO] - Finding Test Object 'Object Repository/Popup/Popup_Butons'

2021-11-19 16:57:12 - [MESSAGE][INFO] - Checking timeout

2021-11-19 16:57:12 - [MESSAGE][INFO] - Finding web element with id: 'Object Repository/Popup/Popup_Butons' located by 'By.cssSelector: .modal-footer>button' in '10' second(s)

2021-11-19 16:57:12 - [MESSAGE][INFO] - Smart Wait Function is triggered

2021-11-19 16:57:12 - [MESSAGE][INFO] - Found 1 web elements with id: 'Object Repository/Popup/Popup_Butons' located by 'By.cssSelector: .modal-footer>button' in '10' second(s)

2021-11-19 16:57:13 - [MESSAGE][PASSED] - Method.TextDegerineEsitElementeTikla is PASSED

2021-11-19 16:57:13 - [MESSAGE][PASSED] - Call Test Case 'Test Cases/Popup/PopupButonSecilir' successfully

2021-11-19 16:57:13 - [MESSAGE][INFO] - Checking called Test Case

2021-11-19 16:57:13 - [MESSAGE][INFO] - Starting to call Test Case 'Test Cases/Tablo/TablodanEttnliVeriSec'

2021-11-19 16:57:13 - [TEST_CASE][PASSED] - Test Cases/Tablo/TablodanEttnliVeriSec: Test Cases/Tablo/TablodanEttnliVeriSec

2021-11-19 16:57:13 - [TEST_STEP][PASSED] - Method.TextDegerineEsitElementinAltindakineTikla(findTestObject("Tablo/Veriler"), findTestObject("Tablo/VerininCheckBoxi"), ettn): Method.TextDegerineEsitElementinAltindakineTikla is PASSED

2021-11-19 16:57:13 - [MESSAGE][INFO] - Finding Test Object 'Object Repository/Tablo/Veriler'

2021-11-19 16:57:13 - [MESSAGE][INFO] - Finding Test Object 'Object Repository/Tablo/VerininCheckBoxi'

2021-11-19 16:57:13 - [MESSAGE][INFO] - Checking timeout

2021-11-19 16:57:13 - [MESSAGE][INFO] - Finding web element with id: 'Object Repository/Tablo/Veriler' located by 'By.cssSelector: td.dxgv b ,td.dxgv' in '10' second(s)

2021-11-19 16:57:13 - [MESSAGE][INFO] - Smart Wait Function is triggered

2021-11-19 16:57:13 - [MESSAGE][INFO] - Found 84 web elements with id: 'Object Repository/Tablo/Veriler' located by 'By.cssSelector: td.dxgv b ,td.dxgv' in '10' second(s)

2021-11-19 16:57:14 - [MESSAGE][INFO] - Smart Wait Function is triggered

2021-11-19 16:57:14 - [MESSAGE][PASSED] - Method.TextDegerineEsitElementinAltindakineTikla is PASSED

2021-11-19 16:57:14 - [MESSAGE][PASSED] - Call Test Case 'Test Cases/Tablo/TablodanEttnliVeriSec' successfully

2021-11-19 16:57:14 - [MESSAGE][INFO] - Checking called Test Case

2021-11-19 16:57:14 - [MESSAGE][INFO] - Starting to call Test Case 'Test Cases/Butonlar/ButonaTikla'

2021-11-19 16:57:14 - [TEST_CASE][PASSED] - Test Cases/Butonlar/ButonaTikla: Test Cases/Butonlar/ButonaTikla

2021-11-19 16:57:14 - [TEST_STEP][PASSED] - Method.TextDegerineEsitElementeTiklaEquals(findTestObject("Butonlar/Butonlar"), Buton_Adi): Method.TextDegerineEsitElementeTiklaEquals is PASSED

2021-11-19 16:57:14 - [MESSAGE][INFO] - Finding Test Object 'Object Repository/Butonlar/Butonlar'

2021-11-19 16:57:14 - [MESSAGE][INFO] - Checking timeout

2021-11-19 16:57:14 - [MESSAGE][INFO] - Finding web element with id: 'Object Repository/Butonlar/Butonlar' located by 'By.cssSelector: .panel.panel-default.text-center.footerPanel .btn,.btn.btn-primary.btnControls' in '10' second(s)

2021-11-19 16:57:14 - [MESSAGE][INFO] - Smart Wait Function is triggered

2021-11-19 16:57:14 - [MESSAGE][INFO] - Found 9 web elements with id: 'Object Repository/Butonlar/Butonlar' located by 'By.cssSelector: .panel.panel-default.text-center.footerPanel .btn,.btn.btn-primary.btnControls' in '10' second(s)

2021-11-19 16:57:15 - [MESSAGE][PASSED] - Method.TextDegerineEsitElementeTiklaEquals is PASSED

2021-11-19 16:57:15 - [MESSAGE][PASSED] - Call Test Case 'Test Cases/Butonlar/ButonaTikla' successfully

2021-11-19 16:57:15 - [MESSAGE][INFO] - Checking called Test Case

2021-11-19 16:57:15 - [MESSAGE][INFO] - Starting to call Test Case 'Test Cases/Popup/PopupMesajiIceriyorMu'

2021-11-19 16:57:15 - [TEST_CASE][PASSED] - Test Cases/Popup/PopupMesajiIceriyorMu: Test Cases/Popup/PopupMesajiIceriyorMu

2021-11-19 16:57:15 - [TEST_STEP][PASSED] - waitForElementVisible(findTestObject("Popup/Popup"), 10): Object 'Object Repository/Popup/Popup' is visible

2021-11-19 16:57:15 - [MESSAGE][INFO] - Finding Test Object 'Object Repository/Popup/Popup'

2021-11-19 16:57:15 - [MESSAGE][INFO] - Checking object

2021-11-19 16:57:15 - [MESSAGE][INFO] - Checking timeout

2021-11-19 16:57:15 - [MESSAGE][INFO] - Finding web element from Test Object's properties

2021-11-19 16:57:15 - [MESSAGE][INFO] - Checking timeout

2021-11-19 16:57:15 - [MESSAGE][INFO] - Finding web element with id: 'Object Repository/Popup/Popup' located by 'By.cssSelector: .bootbox-body' in '10' second(s)

2021-11-19 16:57:15 - [MESSAGE][INFO] - Smart Wait Function is triggered

2021-11-19 16:57:16 - [MESSAGE][INFO] - Found 1 web elements with id: 'Object Repository/Popup/Popup' located by 'By.cssSelector: .bootbox-body' in '10' second(s)

2021-11-19 16:57:16 - [MESSAGE][PASSED] - Object 'Object Repository/Popup/Popup' is visible

2021-11-19 16:57:16 - [TEST_STEP][PASSED] - if (!(getText(findTestObject("Popup/Popup")).contains(Mesaj))): Text of object 'Object Repository/Popup/Popup' is: 'EAR serisi için onaylanmamış belge(leri)niz bulunmaktadır.
Devam etmek istiyor musunuz?'

2021-11-19 16:57:16 - [MESSAGE][INFO] - Finding Test Object 'Object Repository/Popup/Popup'

2021-11-19 16:57:16 - [MESSAGE][INFO] - Checking object

2021-11-19 16:57:16 - [MESSAGE][INFO] - Finding web element from Test Object's properties

2021-11-19 16:57:16 - [MESSAGE][INFO] - Checking timeout

2021-11-19 16:57:16 - [MESSAGE][INFO] - Finding web element with id: 'Object Repository/Popup/Popup' located by 'By.cssSelector: .bootbox-body' in '30' second(s)

2021-11-19 16:57:16 - [MESSAGE][INFO] - Smart Wait Function is triggered

2021-11-19 16:57:16 - [MESSAGE][INFO] - Found 1 web elements with id: 'Object Repository/Popup/Popup' located by 'By.cssSelector: .bootbox-body' in '30' second(s)

2021-11-19 16:57:16 - [MESSAGE][INFO] - Getting text of object 'Object Repository/Popup/Popup'

2021-11-19 16:57:16 - [MESSAGE][PASSED] - Text of object 'Object Repository/Popup/Popup' is: 'EAR serisi için onaylanmamış belge(leri)niz bulunmaktadır.
Devam etmek istiyor musunuz?'

2021-11-19 16:57:16 - [TEST_STEP][PASSED] - RaporNo = getText(findTestObject("Popup/Popup")).substring(0, 6): Text of object 'Object Repository/Popup/Popup' is: 'EAR serisi için onaylanmamış belge(leri)niz bulunmaktadır.
Devam etmek istiyor musunuz?'

2021-11-19 16:57:16 - [MESSAGE][INFO] - Finding Test Object 'Object Repository/Popup/Popup'

2021-11-19 16:57:16 - [MESSAGE][INFO] - Checking object

2021-11-19 16:57:16 - [MESSAGE][INFO] - Finding web element from Test Object's properties

2021-11-19 16:57:16 - [MESSAGE][INFO] - Checking timeout

2021-11-19 16:57:16 - [MESSAGE][INFO] - Finding web element with id: 'Object Repository/Popup/Popup' located by 'By.cssSelector: .bootbox-body' in '30' second(s)

2021-11-19 16:57:16 - [MESSAGE][INFO] - Smart Wait Function is triggered

2021-11-19 16:57:16 - [MESSAGE][INFO] - Found 1 web elements with id: 'Object Repository/Popup/Popup' located by 'By.cssSelector: .bootbox-body' in '30' second(s)

2021-11-19 16:57:16 - [MESSAGE][INFO] - Getting text of object 'Object Repository/Popup/Popup'

2021-11-19 16:57:16 - [MESSAGE][PASSED] - Text of object 'Object Repository/Popup/Popup' is: 'EAR serisi için onaylanmamış belge(leri)niz bulunmaktadır.
Devam etmek istiyor musunuz?'

2021-11-19 16:57:16 - [TEST_STEP][PASSED] - Console.println(RaporNo): null

2021-11-19 16:57:16 - [MESSAGE][PASSED] - Call Test Case 'Test Cases/Popup/PopupMesajiIceriyorMu' successfully

2021-11-19 16:57:16 - [MESSAGE][INFO] - Checking called Test Case

2021-11-19 16:57:16 - [MESSAGE][INFO] - Starting to call Test Case 'Test Cases/Popup/PopupButonSecilir'

2021-11-19 16:57:17 - [TEST_CASE][PASSED] - Test Cases/Popup/PopupButonSecilir: Test Cases/Popup/PopupButonSecilir

2021-11-19 16:57:17 - [TEST_STEP][PASSED] - Method.TextDegerineEsitElementeTikla(findTestObject("Popup/Popup_Butons"), Buton): Method.TextDegerineEsitElementeTikla is PASSED

2021-11-19 16:57:17 - [MESSAGE][INFO] - Finding Test Object 'Object Repository/Popup/Popup_Butons'

2021-11-19 16:57:17 - [MESSAGE][INFO] - Checking timeout

2021-11-19 16:57:17 - [MESSAGE][INFO] - Finding web element with id: 'Object Repository/Popup/Popup_Butons' located by 'By.cssSelector: .modal-footer>button' in '10' second(s)

2021-11-19 16:57:17 - [MESSAGE][INFO] - Smart Wait Function is triggered

2021-11-19 16:57:17 - [MESSAGE][INFO] - Found 2 web elements with id: 'Object Repository/Popup/Popup_Butons' located by 'By.cssSelector: .modal-footer>button' in '10' second(s)

2021-11-19 16:57:17 - [MESSAGE][PASSED] - Method.TextDegerineEsitElementeTikla is PASSED

2021-11-19 16:57:17 - [MESSAGE][PASSED] - Call Test Case 'Test Cases/Popup/PopupButonSecilir' successfully

2021-11-19 16:57:17 - [MESSAGE][INFO] - Checking called Test Case

2021-11-19 16:57:17 - [MESSAGE][INFO] - Starting to call Test Case 'Test Cases/Menu/AnaMenuSecimi'

2021-11-19 16:57:17 - [TEST_CASE][PASSED] - Test Cases/Menu/AnaMenuSecimi: Test Cases/Menu/AnaMenuSecimi

2021-11-19 16:57:17 - [TEST_STEP][PASSED] - Method.TextDegerineEsitElementeTikla(findTestObject("Menu/Ana_Menu"), Ana_Menu): Method.TextDegerineEsitElementeTikla is PASSED

2021-11-19 16:57:17 - [MESSAGE][INFO] - Finding Test Object 'Object Repository/Menu/Ana_Menu'

2021-11-19 16:57:17 - [MESSAGE][INFO] - Checking timeout

2021-11-19 16:57:17 - [MESSAGE][INFO] - Finding web element with id: 'Object Repository/Menu/Ana_Menu' located by 'By.xpath: //*[@class = 'dropdown-toggle']' in '10' second(s)

2021-11-19 16:57:17 - [MESSAGE][INFO] - Smart Wait Function is triggered

2021-11-19 16:57:18 - [MESSAGE][INFO] - Found 14 web elements with id: 'Object Repository/Menu/Ana_Menu' located by 'By.xpath: //*[@class = 'dropdown-toggle']' in '10' second(s)

2021-11-19 16:57:18 - [MESSAGE][PASSED] - Method.TextDegerineEsitElementeTikla is PASSED

2021-11-19 16:57:18 - [MESSAGE][PASSED] - Call Test Case 'Test Cases/Menu/AnaMenuSecimi' successfully

2021-11-19 16:57:18 - [MESSAGE][INFO] - Checking called Test Case

2021-11-19 16:57:18 - [MESSAGE][INFO] - Starting to call Test Case 'Test Cases/Menu/BasligaGoreAltMenuSecimi'

2021-11-19 16:57:18 - [TEST_CASE][PASSED] - Test Cases/Menu/BasligaGoreAltMenuSecimi: Test Cases/Menu/BasligaGoreAltMenuSecimi

2021-11-19 16:57:18 - [TEST_STEP][PASSED] - Method.TextDegerineEsitElementinAltindakiTextDegerineEsitOlanaTikla(findTestObject("Menu/Menu_Basligi"), findTestObject("Menu/Basliga_Gore_Alt_Menu"), Baslik, Alt_Menu): Method.TextDegerineEsitElementinAltindakiTextDegerineEsitOlanaTikla is PASSED

2021-11-19 16:57:18 - [MESSAGE][INFO] - Finding Test Object 'Object Repository/Menu/Menu_Basligi'

2021-11-19 16:57:18 - [MESSAGE][INFO] - Finding Test Object 'Object Repository/Menu/Basliga_Gore_Alt_Menu'

2021-11-19 16:57:19 - [MESSAGE][INFO] - Checking timeout

2021-11-19 16:57:19 - [MESSAGE][INFO] - Finding web element with id: 'Object Repository/Menu/Menu_Basligi' located by 'By.xpath: //li[@class='dropdown dropdown-large open']//li[@class='dropdown-header']' in '10' second(s)

2021-11-19 16:57:19 - [MESSAGE][INFO] - Smart Wait Function is triggered

2021-11-19 16:57:19 - [MESSAGE][INFO] - Found 2 web elements with id: 'Object Repository/Menu/Menu_Basligi' located by 'By.xpath: //li[@class='dropdown dropdown-large open']//li[@class='dropdown-header']' in '10' second(s)

2021-11-19 16:57:19 - [MESSAGE][INFO] - Smart Wait Function is triggered

2021-11-19 16:57:20 - [MESSAGE][PASSED] - Method.TextDegerineEsitElementinAltindakiTextDegerineEsitOlanaTikla is PASSED

2021-11-19 16:57:20 - [MESSAGE][PASSED] - Call Test Case 'Test Cases/Menu/BasligaGoreAltMenuSecimi' successfully

2021-11-19 16:57:20 - [MESSAGE][INFO] - Checking called Test Case

2021-11-19 16:57:20 - [MESSAGE][INFO] - Starting to call Test Case 'Test Cases/Filtreler/EttnYaz'

2021-11-19 16:57:20 - [TEST_CASE][PASSED] - Test Cases/Filtreler/EttnYaz: Test Cases/Filtreler/EttnYaz

2021-11-19 16:57:20 - [TEST_STEP][PASSED] - Method.TextDegerineEsitElementinAltindakiTextboxtaYaz(findTestObject("Filtreler/Basliklar"), findTestObject("Filtreler/Basliga_Gore_Textbox"), "ETTN", ettn): Method.TextDegerineEsitElementinAltindakiTextboxtaYaz is PASSED

2021-11-19 16:57:20 - [MESSAGE][INFO] - Finding Test Object 'Object Repository/Filtreler/Basliklar'

2021-11-19 16:57:20 - [MESSAGE][INFO] - Finding Test Object 'Object Repository/Filtreler/Basliga_Gore_Textbox'

2021-11-19 16:57:21 - [MESSAGE][INFO] - Checking timeout

2021-11-19 16:57:21 - [MESSAGE][INFO] - Finding web element with id: 'Object Repository/Filtreler/Basliklar' located by 'By.cssSelector: .control-label.col-sm-4.paddingMarginRLC' in '10' second(s)

2021-11-19 16:57:21 - [MESSAGE][INFO] - Smart Wait Function is triggered

2021-11-19 16:57:21 - [MESSAGE][INFO] - Found 19 web elements with id: 'Object Repository/Filtreler/Basliklar' located by 'By.cssSelector: .control-label.col-sm-4.paddingMarginRLC' in '10' second(s)

2021-11-19 16:57:21 - [MESSAGE][INFO] - Smart Wait Function is triggered

2021-11-19 16:57:21 - [MESSAGE][PASSED] - Method.TextDegerineEsitElementinAltindakiTextboxtaYaz is PASSED

2021-11-19 16:57:21 - [MESSAGE][PASSED] - Call Test Case 'Test Cases/Filtreler/EttnYaz' successfully

2021-11-19 16:57:21 - [MESSAGE][INFO] - Checking called Test Case

2021-11-19 16:57:21 - [MESSAGE][INFO] - Starting to call Test Case 'Test Cases/Filtreler/ButonaTikla'

2021-11-19 16:57:22 - [TEST_CASE][PASSED] - Test Cases/Filtreler/ButonaTikla: Test Cases/Filtreler/ButonaTikla

2021-11-19 16:57:22 - [TEST_STEP][PASSED] - Method.TextDegerineEsitElementeTikla(findTestObject("Filtreler/Butonlar"), Filtre_Buton): Method.TextDegerineEsitElementeTikla is PASSED

2021-11-19 16:57:22 - [MESSAGE][INFO] - Finding Test Object 'Object Repository/Filtreler/Butonlar'

2021-11-19 16:57:22 - [MESSAGE][INFO] - Checking timeout

2021-11-19 16:57:22 - [MESSAGE][INFO] - Finding web element with id: 'Object Repository/Filtreler/Butonlar' located by 'By.cssSelector: .dxb>span' in '10' second(s)

2021-11-19 16:57:22 - [MESSAGE][INFO] - Smart Wait Function is triggered

2021-11-19 16:57:22 - [MESSAGE][INFO] - Found 3 web elements with id: 'Object Repository/Filtreler/Butonlar' located by 'By.cssSelector: .dxb>span' in '10' second(s)

2021-11-19 16:57:22 - [MESSAGE][PASSED] - Method.TextDegerineEsitElementeTikla is PASSED

2021-11-19 16:57:22 - [MESSAGE][PASSED] - Call Test Case 'Test Cases/Filtreler/ButonaTikla' successfully

2021-11-19 16:57:22 - [MESSAGE][INFO] - Checking called Test Case

2021-11-19 16:57:22 - [MESSAGE][INFO] - Starting to call Test Case 'Test Cases/Tablo/TablodaVeriVarMi'

2021-11-19 16:57:22 - [TEST_CASE][PASSED] - Test Cases/Tablo/TablodaVeriVarMi: Test Cases/Tablo/TablodaVeriVarMi

2021-11-19 16:57:22 - [TEST_STEP][PASSED] - verifyTextNotPresent("Görüntülenecek veri yok", true): Text 'Görüntülenecek veri yok' is not present on page using regular expression

2021-11-19 16:57:22 - [MESSAGE][INFO] - Checking text present  using regular expression

2021-11-19 16:57:22 - [MESSAGE][INFO] - Smart Wait Function is triggered

2021-11-19 16:57:23 - [MESSAGE][INFO] - Finding text 'Görüntülenecek veri yok' on page  using regular expression

2021-11-19 16:57:23 - [MESSAGE][PASSED] - Text 'Görüntülenecek veri yok' is not present on page using regular expression

2021-11-19 16:57:23 - [MESSAGE][PASSED] - Call Test Case 'Test Cases/Tablo/TablodaVeriVarMi' successfully

2021-11-19 16:57:23 - [MESSAGE][INFO] - Checking called Test Case

2021-11-19 16:57:23 - [MESSAGE][INFO] - Starting to call Test Case 'Test Cases/Tablo/TablodaVeriBasariliMiArsiv'

2021-11-19 16:57:23 - [TEST_CASE][PASSED] - Test Cases/Tablo/TablodaVeriBasariliMiArsiv: Test Cases/Tablo/TablodaVeriBasariliMiArsiv

2021-11-19 16:57:23 - [TEST_STEP][PASSED] - sayac = 80: null

2021-11-19 16:57:23 - [TEST_STEP][PASSED] - while (verifyElementText(findTestObject("Object Repository/Tablo/DurumBilgisiArsiv"), "Henüz Sonuçlanmadı", OPTIONAL)): Actual text 'Başarılı' and expected text 'Henüz Sonuçlanmadı' of test object 'Object Repository/Tablo/DurumBilgisiArsiv' are NOT matched. (Root cause: com.kms.katalon.core.exception.StepFailedException: Actual text 'Başarılı' and expected text 'Henüz Sonuçlanmadı' of test object 'Object Repository/Tablo/DurumBilgisiArsiv' are NOT matched.
	at com.kms.katalon.core.webui.keyword.internal.WebUIKeywordMain.stepFailed(WebUIKeywordMain.groovy:64)
	at com.kms.katalon.core.webui.keyword.builtin.VerifyElementTextKeyword$_verifyElementText_closure1.doCall(VerifyElementTextKeyword.groovy:57)
	at com.kms.katalon.core.webui.keyword.builtin.VerifyElementTextKeyword$_verifyElementText_closure1.call(VerifyElementTextKeyword.groovy)
	at com.kms.katalon.core.webui.keyword.internal.WebUIKeywordMain.runKeyword(WebUIKeywordMain.groovy:20)
	at com.kms.katalon.core.webui.keyword.builtin.VerifyElementTextKeyword.verifyElementText(VerifyElementTextKeyword.groovy:72)
	at com.kms.katalon.core.webui.keyword.builtin.VerifyElementTextKeyword.execute(VerifyElementTextKeyword.groovy:40)
	at com.kms.katalon.core.keyword.internal.KeywordExecutor.executeKeywordForPlatform(KeywordExecutor.groovy:73)
	at com.kms.katalon.core.webui.keyword.WebUiBuiltInKeywords.verifyElementText(WebUiBuiltInKeywords.groovy:4733)
	at com.kms.katalon.core.webui.keyword.WebUiBuiltInKeywords$verifyElementText$20.call(Unknown Source)
	at TablodaVeriBasariliMiArsiv.run(TablodaVeriBasariliMiArsiv:22)
	at com.kms.katalon.core.main.ScriptEngine.run(ScriptEngine.java:194)
	at com.kms.katalon.core.main.ScriptEngine.runScriptAsRawText(ScriptEngine.java:119)
	at com.kms.katalon.core.main.TestCaseExecutor.runScript(TestCaseExecutor.java:369)
	at com.kms.katalon.core.main.TestCaseExecutor.doExecute(TestCaseExecutor.java:360)
	at com.kms.katalon.core.main.TestCaseExecutor.processExecutionPhase(TestCaseExecutor.java:339)
	at com.kms.katalon.core.main.TestCaseExecutor.accessMainPhase(TestCaseExecutor.java:331)
	at com.kms.katalon.core.main.TestCaseExecutor.execute(TestCaseExecutor.java:248)
	at com.kms.katalon.core.main.TestCaseMain.runTestCase(TestCaseMain.java:138)
	at com.kms.katalon.core.keyword.builtin.CallTestCaseKeyword$_callTestCase_closure1.doCall(CallTestCaseKeyword.groovy:59)
	at com.kms.katalon.core.keyword.builtin.CallTestCaseKeyword$_callTestCase_closure1.call(CallTestCaseKeyword.groovy)
	at com.kms.katalon.core.keyword.internal.KeywordMain.runKeyword(KeywordMain.groovy:68)
	at com.kms.katalon.core.keyword.builtin.CallTestCaseKeyword.callTestCase(CallTestCaseKeyword.groovy:81)
	at com.kms.katalon.core.keyword.builtin.CallTestCaseKeyword.execute(CallTestCaseKeyword.groovy:44)
	at com.kms.katalon.core.keyword.internal.KeywordExecutor.executeKeywordForPlatform(KeywordExecutor.groovy:73)
	at com.kms.katalon.core.keyword.BuiltinKeywords.callTestCase(BuiltinKeywords.groovy:334)
	at tablo.tablo.tablodaVeriBasariliMiArsiv(tablo.groovy:95)
	at cucumber.runtime.Utils$1.call(Utils.java:26)
	at cucumber.runtime.Timeout.timeout(Timeout.java:16)
	at cucumber.runtime.Utils.invoke(Utils.java:20)
	at cucumber.runtime.java.JavaStepDefinition.execute(JavaStepDefinition.java:49)
	at cucumber.runner.PickleStepDefinitionMatch.runStep(PickleStepDefinitionMatch.java:50)
	at cucumber.runner.TestStep.executeStep(TestStep.java:63)
	at cucumber.runner.TestStep.run(TestStep.java:49)
	at cucumber.runner.PickleStepTestStep.run(PickleStepTestStep.java:43)
	at cucumber.runner.TestCase.run(TestCase.java:44)
	at cucumber.runner.Runner.runPickle(Runner.java:40)
	at cucumber.runtime.Runtime$1.run(Runtime.java:84)
	at cucumber.runtime.Runtime$SameThreadExecutorService.execute(Runtime.java:220)
	at cucumber.runtime.Runtime.run(Runtime.java:81)
	at cucumber.api.cli.Main.run(Main.java:26)
	at cucumber.api.cli.Main$run.call(Unknown Source)
	at com.kms.katalon.core.cucumber.keyword.CucumberBuiltinKeywords$_runFeatureFile_closure1.doCall(CucumberBuiltinKeywords.groovy:106)
	at com.kms.katalon.core.cucumber.keyword.CucumberBuiltinKeywords$_runFeatureFile_closure1.doCall(CucumberBuiltinKeywords.groovy)
	at com.kms.katalon.core.keyword.internal.KeywordMain.runKeyword(KeywordMain.groovy:68)
	at com.kms.katalon.core.keyword.internal.KeywordMain$runKeyword.call(Unknown Source)
	at com.kms.katalon.core.cucumber.keyword.CucumberBuiltinKeywords.runFeatureFile(CucumberBuiltinKeywords.groovy:73)
	at com.kms.katalon.core.cucumber.keyword.CucumberBuiltinKeywords$runFeatureFile$0.callStatic(Unknown Source)
	at com.kms.katalon.core.cucumber.keyword.CucumberBuiltinKeywords.runFeatureFile(CucumberBuiltinKeywords.groovy:246)
	at com.kms.katalon.core.cucumber.keyword.CucumberBuiltinKeywords$runFeatureFile.call(Unknown Source)
	at VKN-Elektronik-Istisna.run(VKN-Elektronik-Istisna:19)
	at com.kms.katalon.core.main.ScriptEngine.run(ScriptEngine.java:194)
	at com.kms.katalon.core.main.ScriptEngine.runScriptAsRawText(ScriptEngine.java:119)
	at com.kms.katalon.core.main.TestCaseExecutor.runScript(TestCaseExecutor.java:369)
	at com.kms.katalon.core.main.TestCaseExecutor.doExecute(TestCaseExecutor.java:360)
	at com.kms.katalon.core.main.TestCaseExecutor.processExecutionPhase(TestCaseExecutor.java:339)
	at com.kms.katalon.core.main.TestCaseExecutor.accessMainPhase(TestCaseExecutor.java:331)
	at com.kms.katalon.core.main.TestCaseExecutor.execute(TestCaseExecutor.java:248)
	at com.kms.katalon.core.main.TestSuiteExecutor.accessTestCaseMainPhase(TestSuiteExecutor.java:191)
	at com.kms.katalon.core.main.TestSuiteExecutor.accessTestSuiteMainPhase(TestSuiteExecutor.java:140)
	at com.kms.katalon.core.main.TestSuiteExecutor.execute(TestSuiteExecutor.java:89)
	at com.kms.katalon.core.main.TestCaseMain.startTestSuite(TestCaseMain.java:181)
	at com.kms.katalon.core.main.TestCaseMain$startTestSuite$0.call(Unknown Source)
	at TempTestSuite1637329560940.run(TempTestSuite1637329560940.groovy:39)
)

2021-11-19 16:57:23 - [MESSAGE][INFO] - Finding Test Object 'Object Repository/Tablo/DurumBilgisiArsiv'

2021-11-19 16:57:23 - [MESSAGE][INFO] - Checking object

2021-11-19 16:57:23 - [MESSAGE][INFO] - Finding web element from Test Object's properties

2021-11-19 16:57:23 - [MESSAGE][INFO] - Checking timeout

2021-11-19 16:57:23 - [MESSAGE][INFO] - Finding web element with id: 'Object Repository/Tablo/DurumBilgisiArsiv' located by 'By.xpath: //*[@id = 'GridViewEArchiveInvoices_tccell0_9']' in '30' second(s)

2021-11-19 16:57:23 - [MESSAGE][INFO] - Smart Wait Function is triggered

2021-11-19 16:57:24 - [MESSAGE][INFO] - Found 1 web elements with id: 'Object Repository/Tablo/DurumBilgisiArsiv' located by 'By.xpath: //*[@id = 'GridViewEArchiveInvoices_tccell0_9']' in '30' second(s)

2021-11-19 16:57:24 - [MESSAGE][WARNING] - Actual text 'Başarılı' and expected text 'Henüz Sonuçlanmadı' of test object 'Object Repository/Tablo/DurumBilgisiArsiv' are NOT matched. (Root cause: com.kms.katalon.core.exception.StepFailedException: Actual text 'Başarılı' and expected text 'Henüz Sonuçlanmadı' of test object 'Object Repository/Tablo/DurumBilgisiArsiv' are NOT matched.
	at com.kms.katalon.core.webui.keyword.internal.WebUIKeywordMain.stepFailed(WebUIKeywordMain.groovy:64)
	at com.kms.katalon.core.webui.keyword.builtin.VerifyElementTextKeyword$_verifyElementText_closure1.doCall(VerifyElementTextKeyword.groovy:57)
	at com.kms.katalon.core.webui.keyword.builtin.VerifyElementTextKeyword$_verifyElementText_closure1.call(VerifyElementTextKeyword.groovy)
	at com.kms.katalon.core.webui.keyword.internal.WebUIKeywordMain.runKeyword(WebUIKeywordMain.groovy:20)
	at com.kms.katalon.core.webui.keyword.builtin.VerifyElementTextKeyword.verifyElementText(VerifyElementTextKeyword.groovy:72)
	at com.kms.katalon.core.webui.keyword.builtin.VerifyElementTextKeyword.execute(VerifyElementTextKeyword.groovy:40)
	at com.kms.katalon.core.keyword.internal.KeywordExecutor.executeKeywordForPlatform(KeywordExecutor.groovy:73)
	at com.kms.katalon.core.webui.keyword.WebUiBuiltInKeywords.verifyElementText(WebUiBuiltInKeywords.groovy:4733)
	at com.kms.katalon.core.webui.keyword.WebUiBuiltInKeywords$verifyElementText$20.call(Unknown Source)
	at TablodaVeriBasariliMiArsiv.run(TablodaVeriBasariliMiArsiv:22)
	at com.kms.katalon.core.main.ScriptEngine.run(ScriptEngine.java:194)
	at com.kms.katalon.core.main.ScriptEngine.runScriptAsRawText(ScriptEngine.java:119)
	at com.kms.katalon.core.main.TestCaseExecutor.runScript(TestCaseExecutor.java:369)
	at com.kms.katalon.core.main.TestCaseExecutor.doExecute(TestCaseExecutor.java:360)
	at com.kms.katalon.core.main.TestCaseExecutor.processExecutionPhase(TestCaseExecutor.java:339)
	at com.kms.katalon.core.main.TestCaseExecutor.accessMainPhase(TestCaseExecutor.java:331)
	at com.kms.katalon.core.main.TestCaseExecutor.execute(TestCaseExecutor.java:248)
	at com.kms.katalon.core.main.TestCaseMain.runTestCase(TestCaseMain.java:138)
	at com.kms.katalon.core.keyword.builtin.CallTestCaseKeyword$_callTestCase_closure1.doCall(CallTestCaseKeyword.groovy:59)
	at com.kms.katalon.core.keyword.builtin.CallTestCaseKeyword$_callTestCase_closure1.call(CallTestCaseKeyword.groovy)
	at com.kms.katalon.core.keyword.internal.KeywordMain.runKeyword(KeywordMain.groovy:68)
	at com.kms.katalon.core.keyword.builtin.CallTestCaseKeyword.callTestCase(CallTestCaseKeyword.groovy:81)
	at com.kms.katalon.core.keyword.builtin.CallTestCaseKeyword.execute(CallTestCaseKeyword.groovy:44)
	at com.kms.katalon.core.keyword.internal.KeywordExecutor.executeKeywordForPlatform(KeywordExecutor.groovy:73)
	at com.kms.katalon.core.keyword.BuiltinKeywords.callTestCase(BuiltinKeywords.groovy:334)
	at tablo.tablo.tablodaVeriBasariliMiArsiv(tablo.groovy:95)
	at cucumber.runtime.Utils$1.call(Utils.java:26)
	at cucumber.runtime.Timeout.timeout(Timeout.java:16)
	at cucumber.runtime.Utils.invoke(Utils.java:20)
	at cucumber.runtime.java.JavaStepDefinition.execute(JavaStepDefinition.java:49)
	at cucumber.runner.PickleStepDefinitionMatch.runStep(PickleStepDefinitionMatch.java:50)
	at cucumber.runner.TestStep.executeStep(TestStep.java:63)
	at cucumber.runner.TestStep.run(TestStep.java:49)
	at cucumber.runner.PickleStepTestStep.run(PickleStepTestStep.java:43)
	at cucumber.runner.TestCase.run(TestCase.java:44)
	at cucumber.runner.Runner.runPickle(Runner.java:40)
	at cucumber.runtime.Runtime$1.run(Runtime.java:84)
	at cucumber.runtime.Runtime$SameThreadExecutorService.execute(Runtime.java:220)
	at cucumber.runtime.Runtime.run(Runtime.java:81)
	at cucumber.api.cli.Main.run(Main.java:26)
	at cucumber.api.cli.Main$run.call(Unknown Source)
	at com.kms.katalon.core.cucumber.keyword.CucumberBuiltinKeywords$_runFeatureFile_closure1.doCall(CucumberBuiltinKeywords.groovy:106)
	at com.kms.katalon.core.cucumber.keyword.CucumberBuiltinKeywords$_runFeatureFile_closure1.doCall(CucumberBuiltinKeywords.groovy)
	at com.kms.katalon.core.keyword.internal.KeywordMain.runKeyword(KeywordMain.groovy:68)
	at com.kms.katalon.core.keyword.internal.KeywordMain$runKeyword.call(Unknown Source)
	at com.kms.katalon.core.cucumber.keyword.CucumberBuiltinKeywords.runFeatureFile(CucumberBuiltinKeywords.groovy:73)
	at com.kms.katalon.core.cucumber.keyword.CucumberBuiltinKeywords$runFeatureFile$0.callStatic(Unknown Source)
	at com.kms.katalon.core.cucumber.keyword.CucumberBuiltinKeywords.runFeatureFile(CucumberBuiltinKeywords.groovy:246)
	at com.kms.katalon.core.cucumber.keyword.CucumberBuiltinKeywords$runFeatureFile.call(Unknown Source)
	at VKN-Elektronik-Istisna.run(VKN-Elektronik-Istisna:19)
	at com.kms.katalon.core.main.ScriptEngine.run(ScriptEngine.java:194)
	at com.kms.katalon.core.main.ScriptEngine.runScriptAsRawText(ScriptEngine.java:119)
	at com.kms.katalon.core.main.TestCaseExecutor.runScript(TestCaseExecutor.java:369)
	at com.kms.katalon.core.main.TestCaseExecutor.doExecute(TestCaseExecutor.java:360)
	at com.kms.katalon.core.main.TestCaseExecutor.processExecutionPhase(TestCaseExecutor.java:339)
	at com.kms.katalon.core.main.TestCaseExecutor.accessMainPhase(TestCaseExecutor.java:331)
	at com.kms.katalon.core.main.TestCaseExecutor.execute(TestCaseExecutor.java:248)
	at com.kms.katalon.core.main.TestSuiteExecutor.accessTestCaseMainPhase(TestSuiteExecutor.java:191)
	at com.kms.katalon.core.main.TestSuiteExecutor.accessTestSuiteMainPhase(TestSuiteExecutor.java:140)
	at com.kms.katalon.core.main.TestSuiteExecutor.execute(TestSuiteExecutor.java:89)
	at com.kms.katalon.core.main.TestCaseMain.startTestSuite(TestCaseMain.java:181)
	at com.kms.katalon.core.main.TestCaseMain$startTestSuite$0.call(Unknown Source)
	at TempTestSuite1637329560940.run(TempTestSuite1637329560940.groovy:39)
)

2021-11-19 16:57:24 - [TEST_STEP][PASSED] - Method.TextDegerineEsitElementVarMi(findTestObject("Object Repository/Tablo/DurumBilgisiArsiv"), "Başarılı"): Method.TextDegerineEsitElementVarMi is PASSED

2021-11-19 16:57:24 - [MESSAGE][INFO] - Finding Test Object 'Object Repository/Tablo/DurumBilgisiArsiv'

2021-11-19 16:57:24 - [MESSAGE][INFO] - Checking timeout

2021-11-19 16:57:24 - [MESSAGE][INFO] - Finding web element with id: 'Object Repository/Tablo/DurumBilgisiArsiv' located by 'By.xpath: //*[@id = 'GridViewEArchiveInvoices_tccell0_9']' in '10' second(s)

2021-11-19 16:57:24 - [MESSAGE][INFO] - Smart Wait Function is triggered

2021-11-19 16:57:24 - [MESSAGE][INFO] - Found 1 web elements with id: 'Object Repository/Tablo/DurumBilgisiArsiv' located by 'By.xpath: //*[@id = 'GridViewEArchiveInvoices_tccell0_9']' in '10' second(s)

2021-11-19 16:57:24 - [MESSAGE][PASSED] - Method.TextDegerineEsitElementVarMi is PASSED

2021-11-19 16:57:24 - [MESSAGE][PASSED] - Call Test Case 'Test Cases/Tablo/TablodaVeriBasariliMiArsiv' successfully

2021-11-19 16:57:24 - [MESSAGE][INFO] - Checking called Test Case

2021-11-19 16:57:24 - [MESSAGE][INFO] - Starting to call Test Case 'Test Cases/Kullanici_Islemleri/KullaniciIslemlerindenSecimYapilir'

2021-11-19 16:57:24 - [TEST_CASE][PASSED] - Test Cases/Kullanici_Islemleri/KullaniciIslemlerindenSecimYapilir: Test Cases/Kullanici_Islemleri/KullaniciIslemlerindenSecimYapilir

2021-11-19 16:57:24 - [TEST_STEP][PASSED] - waitForElementClickable(findTestObject("Object Repository/Kullanici_Islemleri/KullaniciIslemleri"), 10): Object 'Object Repository/Kullanici_Islemleri/KullaniciIslemleri' is clickable

2021-11-19 16:57:24 - [MESSAGE][INFO] - Finding Test Object 'Object Repository/Kullanici_Islemleri/KullaniciIslemleri'

2021-11-19 16:57:24 - [MESSAGE][INFO] - Checking object

2021-11-19 16:57:24 - [MESSAGE][INFO] - Checking timeout

2021-11-19 16:57:24 - [MESSAGE][INFO] - Finding web element from Test Object's properties

2021-11-19 16:57:24 - [MESSAGE][INFO] - Checking timeout

2021-11-19 16:57:24 - [MESSAGE][INFO] - Finding web element with id: 'Object Repository/Kullanici_Islemleri/KullaniciIslemleri' located by 'By.cssSelector: .dropdown>a>img' in '10' second(s)

2021-11-19 16:57:24 - [MESSAGE][INFO] - Smart Wait Function is triggered

2021-11-19 16:57:24 - [MESSAGE][INFO] - Found 1 web elements with id: 'Object Repository/Kullanici_Islemleri/KullaniciIslemleri' located by 'By.cssSelector: .dropdown>a>img' in '10' second(s)

2021-11-19 16:57:24 - [MESSAGE][PASSED] - Object 'Object Repository/Kullanici_Islemleri/KullaniciIslemleri' is clickable

2021-11-19 16:57:24 - [TEST_STEP][PASSED] - click(findTestObject("Object Repository/Kullanici_Islemleri/KullaniciIslemleri")): Object: 'Object Repository/Kullanici_Islemleri/KullaniciIslemleri' is clicked on

2021-11-19 16:57:24 - [MESSAGE][INFO] - Finding Test Object 'Object Repository/Kullanici_Islemleri/KullaniciIslemleri'

2021-11-19 16:57:25 - [MESSAGE][INFO] - Checking object

2021-11-19 16:57:25 - [MESSAGE][INFO] - Finding web element from Test Object's properties

2021-11-19 16:57:25 - [MESSAGE][INFO] - Checking timeout

2021-11-19 16:57:25 - [MESSAGE][INFO] - Finding web element with id: 'Object Repository/Kullanici_Islemleri/KullaniciIslemleri' located by 'By.cssSelector: .dropdown>a>img' in '30' second(s)

2021-11-19 16:57:25 - [MESSAGE][INFO] - Smart Wait Function is triggered

2021-11-19 16:57:25 - [MESSAGE][INFO] - Found 1 web elements with id: 'Object Repository/Kullanici_Islemleri/KullaniciIslemleri' located by 'By.cssSelector: .dropdown>a>img' in '30' second(s)

2021-11-19 16:57:25 - [MESSAGE][INFO] - Clicking on object: 'Object Repository/Kullanici_Islemleri/KullaniciIslemleri'

2021-11-19 16:57:25 - [MESSAGE][PASSED] - Object: 'Object Repository/Kullanici_Islemleri/KullaniciIslemleri' is clicked on

2021-11-19 16:57:25 - [TEST_STEP][PASSED] - Method.TextDegerineEsitElementeTikla(findTestObject("Object Repository/Kullanici_Islemleri/Secenekler"), Islem): Method.TextDegerineEsitElementeTikla is PASSED

2021-11-19 16:57:25 - [MESSAGE][INFO] - Finding Test Object 'Object Repository/Kullanici_Islemleri/Secenekler'

2021-11-19 16:57:25 - [MESSAGE][INFO] - Checking timeout

2021-11-19 16:57:25 - [MESSAGE][INFO] - Finding web element with id: 'Object Repository/Kullanici_Islemleri/Secenekler' located by 'By.cssSelector: .nav.navbar-nav.navbar-right li a' in '10' second(s)

2021-11-19 16:57:25 - [MESSAGE][INFO] - Smart Wait Function is triggered

2021-11-19 16:57:25 - [MESSAGE][INFO] - Found 20 web elements with id: 'Object Repository/Kullanici_Islemleri/Secenekler' located by 'By.cssSelector: .nav.navbar-nav.navbar-right li a' in '10' second(s)

2021-11-19 16:57:27 - [MESSAGE][PASSED] - Method.TextDegerineEsitElementeTikla is PASSED

2021-11-19 16:57:27 - [TEST_STEP][PASSED] - verifyElementNotPresent(findTestObject("Object Repository/Kullanici_Islemleri/Secenekler"), 10): Web element with id: 'Object Repository/Kullanici_Islemleri/Secenekler' located by 'By.cssSelector: .nav.navbar-nav.navbar-right li a' is not present after '10' second(s)

2021-11-19 16:57:27 - [MESSAGE][INFO] - Finding Test Object 'Object Repository/Kullanici_Islemleri/Secenekler'

2021-11-19 16:57:27 - [MESSAGE][INFO] - Checking object

2021-11-19 16:57:27 - [MESSAGE][INFO] - Checking timeout

2021-11-19 16:57:27 - [MESSAGE][INFO] - Finding web element with id: 'Object Repository/Kullanici_Islemleri/Secenekler' located by 'By.cssSelector: .nav.navbar-nav.navbar-right li a' in '10' second(s)

2021-11-19 16:57:27 - [MESSAGE][INFO] - Smart Wait Function is triggered

2021-11-19 16:57:28 - [MESSAGE][PASSED] - Web element with id: 'Object Repository/Kullanici_Islemleri/Secenekler' located by 'By.cssSelector: .nav.navbar-nav.navbar-right li a' is not present after '10' second(s)

2021-11-19 16:57:28 - [MESSAGE][PASSED] - Call Test Case 'Test Cases/Kullanici_Islemleri/KullaniciIslemlerindenSecimYapilir' successfully

2021-11-19 16:57:28 - [TEST_CASE][PASSED] - Start Test Case : SCENARIO Gonderim tipi Kagit ve Istisna tipinde e-Arsiv faturasi olusturulmasi: SCENARIO Gonderim tipi Kagit ve Istisna tipinde e-Arsiv faturasi olusturulmasi

2021-11-19 16:57:28 - [TEST_STEP][PASSED] - Kullanıcı adı EARISTISNA ve Şifre test1234 olarak giriş yapılır: Kullanıcı adı EARISTISNA ve Şifre test1234 olarak giriş yapılır

2021-11-19 16:57:28 - [MESSAGE][PASSED] - Kullanıcı adı EARISTISNA ve Şifre test1234 olarak giriş yapılır

2021-11-19 16:57:28 - [TEST_STEP][PASSED] - Ana menüden e-Arşiv seçilir: Ana menüden e-Arşiv seçilir

2021-11-19 16:57:28 - [MESSAGE][PASSED] - Ana menüden e-Arşiv seçilir

2021-11-19 16:57:28 - [TEST_STEP][PASSED] - Alt menü e-Arşiv Araçları başlığı altındaki e-Arşiv Fatura Oluşturma seçilir: Alt menü e-Arşiv Araçları başlığı altındaki e-Arşiv Fatura Oluşturma seçilir

2021-11-19 16:57:28 - [MESSAGE][PASSED] - Alt menü e-Arşiv Araçları başlığı altındaki e-Arşiv Fatura Oluşturma seçilir

2021-11-19 16:57:28 - [TEST_STEP][PASSED] - Tablodaki tüm veriler silinir: Tablodaki tüm veriler silinir

2021-11-19 16:57:28 - [MESSAGE][PASSED] - Tablodaki tüm veriler silinir

2021-11-19 16:57:28 - [TEST_STEP][PASSED] - Butonlardan Ekle isimli butona tıklanır: Butonlardan Ekle isimli butona tıklanır

2021-11-19 16:57:28 - [MESSAGE][PASSED] - Butonlardan Ekle isimli butona tıklanır

2021-11-19 16:57:28 - [TEST_STEP][PASSED] - Görsel tasarım sayfasının e-Arşiv Fatura Bilgileri başlığını içerdiği kontrol edilir: Görsel tasarım sayfasının e-Arşiv Fatura Bilgileri başlığını içerdiği kontrol edilir

2021-11-19 16:57:28 - [MESSAGE][PASSED] - Görsel tasarım sayfasının e-Arşiv Fatura Bilgileri başlığını içerdiği kontrol edilir

2021-11-19 16:57:28 - [TEST_STEP][PASSED] - Alıcı adı alanına UC0005 girilir: Alıcı adı alanına UC0005 girilir

2021-11-19 16:57:28 - [MESSAGE][PASSED] - Alıcı adı alanına UC0005 girilir

2021-11-19 16:57:28 - [TEST_STEP][PASSED] - Gönderim Şekli Elektronik olarak seçilir: Gönderim Şekli Elektronik olarak seçilir

2021-11-19 16:57:28 - [MESSAGE][PASSED] - Gönderim Şekli Elektronik olarak seçilir

2021-11-19 16:57:28 - [TEST_STEP][PASSED] - Tip alanından İstisna seçilir: Tip alanından İstisna seçilir

2021-11-19 16:57:28 - [MESSAGE][PASSED] - Tip alanından İstisna seçilir

2021-11-19 16:57:28 - [TEST_STEP][PASSED] - Döküman Para Birimi alanından Türk Lirası seçilir: Döküman Para Birimi alanından Türk Lirası seçilir

2021-11-19 16:57:28 - [MESSAGE][PASSED] - Döküman Para Birimi alanından Türk Lirası seçilir

2021-11-19 16:57:28 - [TEST_STEP][PASSED] - Ön Ek EAR olarak seçilir: Ön Ek EAR olarak seçilir

2021-11-19 16:57:28 - [MESSAGE][PASSED] - Ön Ek EAR olarak seçilir

2021-11-19 16:57:28 - [TEST_STEP][PASSED] - Tasarım alanından Otomasyon seçilir: Tasarım alanından Otomasyon seçilir

2021-11-19 16:57:28 - [MESSAGE][PASSED] - Tasarım alanından Otomasyon seçilir

2021-11-19 16:57:28 - [TEST_STEP][PASSED] - Sipariş bilgileri UUC-SAT-1200001 ve 31.04.2020 olarak girilir: Sipariş bilgileri UUC-SAT-1200001 ve 31.04.2020 olarak girilir

2021-11-19 16:57:28 - [MESSAGE][PASSED] - Sipariş bilgileri UUC-SAT-1200001 ve 31.04.2020 olarak girilir

2021-11-19 16:57:28 - [TEST_STEP][PASSED] - İrsaliye Bilgileri AAAAAAAAAA,31.04.2020 olarak girilir: İrsaliye Bilgileri AAAAAAAAAA,31.04.2020 olarak girilir

2021-11-19 16:57:28 - [MESSAGE][PASSED] - İrsaliye Bilgileri AAAAAAAAAA,31.04.2020 olarak girilir

2021-11-19 16:57:28 - [TEST_STEP][PASSED] - Ekle butonuna basılır: Ekle butonuna basılır

2021-11-19 16:57:28 - [MESSAGE][PASSED] - Ekle butonuna basılır

2021-11-19 16:57:28 - [TEST_STEP][PASSED] - Ürün ekleme alanında Mal/Hizmet başlığına Otomasyon girilir: Ürün ekleme alanında Mal/Hizmet başlığına Otomasyon girilir

2021-11-19 16:57:28 - [MESSAGE][PASSED] - Ürün ekleme alanında Mal/Hizmet başlığına Otomasyon girilir

2021-11-19 16:57:28 - [TEST_STEP][PASSED] - Ürün ekleme alanında Açıklaması başlığına Virgosol girilir: Ürün ekleme alanında Açıklaması başlığına Virgosol girilir

2021-11-19 16:57:28 - [MESSAGE][PASSED] - Ürün ekleme alanında Açıklaması başlığına Virgosol girilir

2021-11-19 16:57:28 - [TEST_STEP][PASSED] - Ürün ekleme alanında Miktarı başlığına 400 girilir: Ürün ekleme alanında Miktarı başlığına 400 girilir

2021-11-19 16:57:28 - [MESSAGE][PASSED] - Ürün ekleme alanında Miktarı başlığına 400 girilir

2021-11-19 16:57:28 - [TEST_STEP][PASSED] - Ürün ekleme alanında Birim Fiyat başlığına 100 girilir: Ürün ekleme alanında Birim Fiyat başlığına 100 girilir

2021-11-19 16:57:28 - [MESSAGE][PASSED] - Ürün ekleme alanında Birim Fiyat başlığına 100 girilir

2021-11-19 16:57:28 - [TEST_STEP][PASSED] - Ürün ekleme alanında İskonto Oranı % başlığına 10 girilir: Ürün ekleme alanında İskonto Oranı % başlığına 10 girilir

2021-11-19 16:57:28 - [MESSAGE][PASSED] - Ürün ekleme alanında İskonto Oranı % başlığına 10 girilir

2021-11-19 16:57:28 - [TEST_STEP][PASSED] - Notlar alanına Otomasyon Not girilir: Notlar alanına Otomasyon Not girilir

2021-11-19 16:57:28 - [MESSAGE][PASSED] - Notlar alanına Otomasyon Not girilir

2021-11-19 16:57:28 - [TEST_STEP][PASSED] - Ettn bilgisi kayıt edilir: Ettn bilgisi kayıt edilir

2021-11-19 16:57:28 - [MESSAGE][PASSED] - Ettn bilgisi kayıt edilir

2021-11-19 16:57:28 - [TEST_STEP][PASSED] - Kaydet butonu seçilir: Kaydet butonu seçilir

2021-11-19 16:57:28 - [MESSAGE][PASSED] - Kaydet butonu seçilir

2021-11-19 16:57:28 - [TEST_STEP][PASSED] - Tabloda Ettn bilgisi kaydedilen veri oluşturuldu mu: Tabloda Ettn bilgisi kaydedilen veri oluşturuldu mu

2021-11-19 16:57:28 - [MESSAGE][PASSED] - Tabloda Ettn bilgisi kaydedilen veri oluşturuldu mu

2021-11-19 16:57:28 - [TEST_STEP][PASSED] - Tablodan Ettn bilgisi kaydedilen veri seçilir: Tablodan Ettn bilgisi kaydedilen veri seçilir

2021-11-19 16:57:28 - [MESSAGE][PASSED] - Tablodan Ettn bilgisi kaydedilen veri seçilir

2021-11-19 16:57:28 - [TEST_STEP][PASSED] - Butonlardan Numara Oluştur isimli butona tıklanır: Butonlardan Numara Oluştur isimli butona tıklanır

2021-11-19 16:57:28 - [MESSAGE][PASSED] - Butonlardan Numara Oluştur isimli butona tıklanır

2021-11-19 16:57:28 - [TEST_STEP][PASSED] - Popup mesajı Devam etmek istiyor musunuz içeriyor mu: Popup mesajı Devam etmek istiyor musunuz içeriyor mu

2021-11-19 16:57:28 - [MESSAGE][PASSED] - Popup mesajı Devam etmek istiyor musunuz içeriyor mu

2021-11-19 16:57:28 - [TEST_STEP][PASSED] - Yönetim popupında Evet seçilir: Yönetim popupında Evet seçilir

2021-11-19 16:57:28 - [MESSAGE][PASSED] - Yönetim popupında Evet seçilir

2021-11-19 16:57:28 - [TEST_STEP][PASSED] - Popup mesajı oluşmuştur içeriyor mu: Popup mesajı oluşmuştur içeriyor mu

2021-11-19 16:57:28 - [MESSAGE][PASSED] - Popup mesajı oluşmuştur içeriyor mu

2021-11-19 16:57:28 - [TEST_STEP][PASSED] - Yönetim popupında Tamam seçilir: Yönetim popupında Tamam seçilir

2021-11-19 16:57:28 - [MESSAGE][PASSED] - Yönetim popupında Tamam seçilir

2021-11-19 16:57:28 - [TEST_STEP][PASSED] - Tablodan Ettn bilgisi kaydedilen veri seçilir: Tablodan Ettn bilgisi kaydedilen veri seçilir

2021-11-19 16:57:28 - [MESSAGE][PASSED] - Tablodan Ettn bilgisi kaydedilen veri seçilir

2021-11-19 16:57:28 - [TEST_STEP][PASSED] - Butonlardan Gönder isimli butona tıklanır: Butonlardan Gönder isimli butona tıklanır

2021-11-19 16:57:28 - [MESSAGE][PASSED] - Butonlardan Gönder isimli butona tıklanır

2021-11-19 16:57:28 - [TEST_STEP][PASSED] - Popup mesajı Devam etmek istiyor musunuz içeriyor mu: Popup mesajı Devam etmek istiyor musunuz içeriyor mu

2021-11-19 16:57:28 - [MESSAGE][PASSED] - Popup mesajı Devam etmek istiyor musunuz içeriyor mu

2021-11-19 16:57:28 - [TEST_STEP][PASSED] - Yönetim popupında Evet seçilir: Yönetim popupında Evet seçilir

2021-11-19 16:57:28 - [MESSAGE][PASSED] - Yönetim popupında Evet seçilir

2021-11-19 16:57:28 - [TEST_STEP][PASSED] - Ana menüden e-Arşiv seçilir: Ana menüden e-Arşiv seçilir

2021-11-19 16:57:28 - [MESSAGE][PASSED] - Ana menüden e-Arşiv seçilir

2021-11-19 16:57:28 - [TEST_STEP][PASSED] - Alt menü e-Arşiv Hareketleri başlığı altındaki e-Arşiv Faturaları seçilir: Alt menü e-Arşiv Hareketleri başlığı altındaki e-Arşiv Faturaları seçilir

2021-11-19 16:57:28 - [MESSAGE][PASSED] - Alt menü e-Arşiv Hareketleri başlığı altındaki e-Arşiv Faturaları seçilir

2021-11-19 16:57:28 - [TEST_STEP][PASSED] - Filtrelerden Ettn filtresine Ettn bilgisi yaz: Filtrelerden Ettn filtresine Ettn bilgisi yaz

2021-11-19 16:57:28 - [MESSAGE][PASSED] - Filtrelerden Ettn filtresine Ettn bilgisi yaz

2021-11-19 16:57:28 - [TEST_STEP][PASSED] - Filtre butonlarından Listele seçilir: Filtre butonlarından Listele seçilir

2021-11-19 16:57:28 - [MESSAGE][PASSED] - Filtre butonlarından Listele seçilir

2021-11-19 16:57:28 - [TEST_STEP][PASSED] - Tabloda veri var mı kontrol edilir: Tabloda veri var mı kontrol edilir

2021-11-19 16:57:28 - [MESSAGE][PASSED] - Tabloda veri var mı kontrol edilir

2021-11-19 16:57:28 - [TEST_STEP][PASSED] - Tabloda yeni oluşturulan eArsiv verisi başarılı mı: Tabloda yeni oluşturulan eArsiv verisi başarılı mı

2021-11-19 16:57:28 - [MESSAGE][PASSED] - Tabloda yeni oluşturulan eArsiv verisi başarılı mı

2021-11-19 16:57:28 - [TEST_STEP][PASSED] - Kullanıcı işlemlerinden Çıkış seçilir: Kullanıcı işlemlerinden Çıkış seçilir

2021-11-19 16:57:28 - [MESSAGE][PASSED] - Kullanıcı işlemlerinden Çıkış seçilir

2021-11-19 16:57:28 - [MESSAGE][PASSED] - Feature file: 'Include/features/Regresyon/e-Arsiv/VKN-Elektronik-Istisna.feature' was passed

2021-11-19 16:57:28 - [TEST_STEP][PASSED] - Start listener action : sampleAfterTestSuite: Invoke 'com.kms.katalon.core.annotation.AfterTestCase' method: 'Listener.sampleAfterTestSuite(...)' completed.

2021-11-19 16:57:28 - [MESSAGE][INFO] - Starting invoke 'com.kms.katalon.core.annotation.AfterTestCase' method: 'Listener.sampleAfterTestSuite(...)'

2021-11-19 16:57:28 - [TEST_STEP][PASSED] - closeBrowser(): Invoke 'com.kms.katalon.core.annotation.AfterTestCase' method: 'Listener.sampleAfterTestSuite(...)' completed.

2021-11-19 16:57:28 - [MESSAGE][INFO] - Closing browser

2021-11-19 16:57:29 - [MESSAGE][PASSED] - Browser is closed

2021-11-19 16:57:29 - [MESSAGE][INFO] - Invoke 'com.kms.katalon.core.annotation.AfterTestCase' method: 'Listener.sampleAfterTestSuite(...)' completed.]]></system-out>
         <system-err><![CDATA[]]></system-err>
      </testcase>
      <testcase name="Test Cases/Case Repository/Regresyon/e-Arsiv/VKN-Elektronik-Ozel Matrah" time="118.85" classname="Test Cases/Case Repository/Regresyon/e-Arsiv/VKN-Elektronik-Ozel Matrah" status="PASSED">
         <system-out><![CDATA[2021-11-19 16:57:29 - [TEST_CASE][PASSED] - Test Cases/Case Repository/Regresyon/e-Arsiv/VKN-Elektronik-Ozel Matrah: Test Cases/Case Repository/Regresyon/e-Arsiv/VKN-Elektronik-Ozel Matrah

2021-11-19 16:57:29 - [TEST_STEP][PASSED] - Start listener action : sampleBeforeTestSuite: Invoke 'com.kms.katalon.core.annotation.BeforeTestCase' method: 'Listener.sampleBeforeTestSuite(...)' completed.

2021-11-19 16:57:29 - [MESSAGE][INFO] - Starting invoke 'com.kms.katalon.core.annotation.BeforeTestCase' method: 'Listener.sampleBeforeTestSuite(...)'

2021-11-19 16:57:29 - [TEST_STEP][PASSED] - openBrowser(baseUrl): Browser is opened with url: 'https://efatura-stage.elogo.com.tr/'

2021-11-19 16:57:29 - [MESSAGE][INFO] - Opening browser

2021-11-19 16:57:29 - [MESSAGE][INFO] - Starting 'Chrome' driver

2021-11-19 16:57:29 - [MESSAGE][INFO] - User set preference: ['prefs', '{download.default_directory=C:\otomasyondownfiles}']

2021-11-19 16:57:29 - [MESSAGE][INFO] - Action delay is set to 0 milliseconds

2021-11-19 16:57:30 - [MESSAGE][INFO] - Navigating browser to: 'https://efatura-stage.elogo.com.tr/'

2021-11-19 16:57:33 - [MESSAGE][PASSED] - Browser is opened with url: 'https://efatura-stage.elogo.com.tr/'

2021-11-19 16:57:33 - [TEST_STEP][PASSED] - maximizeWindow(): Invoke 'com.kms.katalon.core.annotation.BeforeTestCase' method: 'Listener.sampleBeforeTestSuite(...)' completed.

2021-11-19 16:57:33 - [MESSAGE][INFO] - Maximizing current window

2021-11-19 16:57:33 - [MESSAGE][PASSED] - Current window maximized

2021-11-19 16:57:33 - [MESSAGE][INFO] - Invoke 'com.kms.katalon.core.annotation.BeforeTestCase' method: 'Listener.sampleBeforeTestSuite(...)' completed.

2021-11-19 16:57:33 - [TEST_STEP][PASSED] - runFeatureFile("Include/features/Regresyon/e-Arsiv/VKN-Elektronik-Ozel Matrah.feature"): Feature file: 'Include/features/Regresyon/e-Arsiv/VKN-Elektronik-Ozel Matrah.feature' was passed

2021-11-19 16:57:33 - [MESSAGE][INFO] - Starting run keyword runFeatureFile: 'Include/features/Regresyon/e-Arsiv/VKN-Elektronik-Ozel Matrah.feature' and extract report to folder: 'C:\Users\DELL\Documents\GitHub\EES_KatalonLogo\Reports\20211119_164526\Suite Repository\Regresyon-eArsiv-eMakbuz\20211119_164600/cucumber_report/1637330253766'...

2021-11-19 16:57:33 - [MESSAGE][INFO] - Glue: []

2021-11-19 16:57:35 - [MESSAGE][INFO] - Checking called Test Case

2021-11-19 16:57:35 - [MESSAGE][INFO] - Starting to call Test Case 'Test Cases/Sayfalar/Giris_Sayfasi/Login'

2021-11-19 16:57:35 - [TEST_CASE][PASSED] - Test Cases/Sayfalar/Giris_Sayfasi/Login: Test Cases/Sayfalar/Giris_Sayfasi/Login

2021-11-19 16:57:36 - [TEST_STEP][PASSED] - Sayfa_Basligi = getWindowTitle(): Current window's title is: 'LOGO e-Fatura'

2021-11-19 16:57:36 - [MESSAGE][INFO] - Getting current window's title

2021-11-19 16:57:36 - [MESSAGE][PASSED] - Current window's title is: 'LOGO e-Fatura'

2021-11-19 16:57:36 - [TEST_STEP][PASSED] - verifyMatch(Sayfa_Basligi, "LOGO e-Fatura", false): Actual text 'LOGO e-Fatura' and expected text 'LOGO e-Fatura' are matched 

2021-11-19 16:57:36 - [MESSAGE][INFO] - Matching actual text 'LOGO e-Fatura' with expected text 'LOGO e-Fatura'

2021-11-19 16:57:36 - [MESSAGE][PASSED] - Actual text 'LOGO e-Fatura' and expected text 'LOGO e-Fatura' are matched 

2021-11-19 16:57:36 - [TEST_STEP][PASSED] - sendKeys(findTestObject("Sayfalar/Giris_Sayfasi/Firma_Kodu"), KullaniciAdi): Keys 'EARMATRAH' sent to object: 'Object Repository/Sayfalar/Giris_Sayfasi/Firma_Kodu'

2021-11-19 16:57:36 - [MESSAGE][INFO] - Finding Test Object 'Object Repository/Sayfalar/Giris_Sayfasi/Firma_Kodu'

2021-11-19 16:57:36 - [MESSAGE][INFO] - Sending keys 'EARMATRAH' to object: 'Object Repository/Sayfalar/Giris_Sayfasi/Firma_Kodu'

2021-11-19 16:57:36 - [MESSAGE][INFO] - Finding web element from Test Object's properties

2021-11-19 16:57:36 - [MESSAGE][INFO] - Checking timeout

2021-11-19 16:57:36 - [MESSAGE][INFO] - Finding web element with id: 'Object Repository/Sayfalar/Giris_Sayfasi/Firma_Kodu' located by 'By.xpath: //*[@id = 'AccountName']' in '30' second(s)

2021-11-19 16:57:36 - [MESSAGE][INFO] - Smart Wait Function is triggered

2021-11-19 16:57:36 - [MESSAGE][INFO] - Found 1 web elements with id: 'Object Repository/Sayfalar/Giris_Sayfasi/Firma_Kodu' located by 'By.xpath: //*[@id = 'AccountName']' in '30' second(s)

2021-11-19 16:57:36 - [MESSAGE][PASSED] - Keys 'EARMATRAH' sent to object: 'Object Repository/Sayfalar/Giris_Sayfasi/Firma_Kodu'

2021-11-19 16:57:36 - [TEST_STEP][PASSED] - sendKeys(findTestObject("Sayfalar/Giris_Sayfasi/Sifre"), Sifre): Keys 'test1234' sent to object: 'Object Repository/Sayfalar/Giris_Sayfasi/Sifre'

2021-11-19 16:57:36 - [MESSAGE][INFO] - Finding Test Object 'Object Repository/Sayfalar/Giris_Sayfasi/Sifre'

2021-11-19 16:57:36 - [MESSAGE][INFO] - Sending keys 'test1234' to object: 'Object Repository/Sayfalar/Giris_Sayfasi/Sifre'

2021-11-19 16:57:36 - [MESSAGE][INFO] - Finding web element from Test Object's properties

2021-11-19 16:57:36 - [MESSAGE][INFO] - Checking timeout

2021-11-19 16:57:36 - [MESSAGE][INFO] - Finding web element with id: 'Object Repository/Sayfalar/Giris_Sayfasi/Sifre' located by 'By.xpath: //*[@id = 'Password']' in '30' second(s)

2021-11-19 16:57:36 - [MESSAGE][INFO] - Smart Wait Function is triggered

2021-11-19 16:57:36 - [MESSAGE][INFO] - Found 1 web elements with id: 'Object Repository/Sayfalar/Giris_Sayfasi/Sifre' located by 'By.xpath: //*[@id = 'Password']' in '30' second(s)

2021-11-19 16:57:37 - [MESSAGE][PASSED] - Keys 'test1234' sent to object: 'Object Repository/Sayfalar/Giris_Sayfasi/Sifre'

2021-11-19 16:57:37 - [TEST_STEP][PASSED] - findWebElement(findTestObject("Sayfalar/Giris_Sayfasi/Giris_Butonu")).click(): Found 1 web elements with id: 'Object Repository/Sayfalar/Giris_Sayfasi/Giris_Butonu' located by 'By.cssSelector: #btnLogin' in '30' second(s)

2021-11-19 16:57:37 - [MESSAGE][INFO] - Finding Test Object 'Object Repository/Sayfalar/Giris_Sayfasi/Giris_Butonu'

2021-11-19 16:57:37 - [MESSAGE][INFO] - Finding web element from Test Object's properties

2021-11-19 16:57:37 - [MESSAGE][INFO] - Checking timeout

2021-11-19 16:57:37 - [MESSAGE][INFO] - Finding web element with id: 'Object Repository/Sayfalar/Giris_Sayfasi/Giris_Butonu' located by 'By.cssSelector: #btnLogin' in '30' second(s)

2021-11-19 16:57:37 - [MESSAGE][INFO] - Smart Wait Function is triggered

2021-11-19 16:57:37 - [MESSAGE][INFO] - Found 1 web elements with id: 'Object Repository/Sayfalar/Giris_Sayfasi/Giris_Butonu' located by 'By.cssSelector: #btnLogin' in '30' second(s)

2021-11-19 16:57:39 - [TEST_STEP][PASSED] - if (verifyElementPresent(findTestObject("Object Repository/Sayfalar/Giris_Sayfasi/RetveTamam_Butonu"), 5, OPTIONAL)): null

2021-11-19 16:57:39 - [MESSAGE][INFO] - Finding Test Object 'Object Repository/Sayfalar/Giris_Sayfasi/RetveTamam_Butonu'

2021-11-19 16:57:39 - [MESSAGE][INFO] - Checking object

2021-11-19 16:57:39 - [MESSAGE][INFO] - Finding web element from Test Object's properties

2021-11-19 16:57:39 - [MESSAGE][INFO] - Checking timeout

2021-11-19 16:57:39 - [MESSAGE][INFO] - Finding web element with id: 'Object Repository/Sayfalar/Giris_Sayfasi/RetveTamam_Butonu' located by 'By.xpath: //*[@class = 'btn btn-default']' in '5' second(s)

2021-11-19 16:57:39 - [MESSAGE][INFO] - Smart Wait Function is triggered

2021-11-19 16:57:39 - [MESSAGE][INFO] - Found 1 web elements with id: 'Object Repository/Sayfalar/Giris_Sayfasi/RetveTamam_Butonu' located by 'By.xpath: //*[@class = 'btn btn-default']' in '5' second(s)

2021-11-19 16:57:39 - [MESSAGE][PASSED] - Object 'Object Repository/Sayfalar/Giris_Sayfasi/RetveTamam_Butonu' is present

2021-11-19 16:57:39 - [TEST_STEP][PASSED] - click(findTestObject("Object Repository/Sayfalar/Giris_Sayfasi/RetveTamam_Butonu")): Object: 'Object Repository/Sayfalar/Giris_Sayfasi/RetveTamam_Butonu' is clicked on

2021-11-19 16:57:39 - [MESSAGE][INFO] - Finding Test Object 'Object Repository/Sayfalar/Giris_Sayfasi/RetveTamam_Butonu'

2021-11-19 16:57:39 - [MESSAGE][INFO] - Checking object

2021-11-19 16:57:39 - [MESSAGE][INFO] - Finding web element from Test Object's properties

2021-11-19 16:57:39 - [MESSAGE][INFO] - Checking timeout

2021-11-19 16:57:39 - [MESSAGE][INFO] - Finding web element with id: 'Object Repository/Sayfalar/Giris_Sayfasi/RetveTamam_Butonu' located by 'By.xpath: //*[@class = 'btn btn-default']' in '30' second(s)

2021-11-19 16:57:39 - [MESSAGE][INFO] - Smart Wait Function is triggered

2021-11-19 16:57:39 - [MESSAGE][INFO] - Found 1 web elements with id: 'Object Repository/Sayfalar/Giris_Sayfasi/RetveTamam_Butonu' located by 'By.xpath: //*[@class = 'btn btn-default']' in '30' second(s)

2021-11-19 16:57:39 - [MESSAGE][INFO] - Clicking on object: 'Object Repository/Sayfalar/Giris_Sayfasi/RetveTamam_Butonu'

2021-11-19 16:57:40 - [MESSAGE][PASSED] - Object: 'Object Repository/Sayfalar/Giris_Sayfasi/RetveTamam_Butonu' is clicked on

2021-11-19 16:57:40 - [TEST_STEP][PASSED] - click(findTestObject("Object Repository/Sayfalar/Giris_Sayfasi/RetveTamam_Butonu")): Object: 'Object Repository/Sayfalar/Giris_Sayfasi/RetveTamam_Butonu' is clicked on

2021-11-19 16:57:40 - [MESSAGE][INFO] - Finding Test Object 'Object Repository/Sayfalar/Giris_Sayfasi/RetveTamam_Butonu'

2021-11-19 16:57:40 - [MESSAGE][INFO] - Checking object

2021-11-19 16:57:40 - [MESSAGE][INFO] - Finding web element from Test Object's properties

2021-11-19 16:57:40 - [MESSAGE][INFO] - Checking timeout

2021-11-19 16:57:40 - [MESSAGE][INFO] - Finding web element with id: 'Object Repository/Sayfalar/Giris_Sayfasi/RetveTamam_Butonu' located by 'By.xpath: //*[@class = 'btn btn-default']' in '30' second(s)

2021-11-19 16:57:40 - [MESSAGE][INFO] - Smart Wait Function is triggered

2021-11-19 16:57:46 - [MESSAGE][INFO] - Found 1 web elements with id: 'Object Repository/Sayfalar/Giris_Sayfasi/RetveTamam_Butonu' located by 'By.xpath: //*[@class = 'btn btn-default']' in '30' second(s)

2021-11-19 16:57:46 - [MESSAGE][INFO] - Clicking on object: 'Object Repository/Sayfalar/Giris_Sayfasi/RetveTamam_Butonu'

2021-11-19 16:57:46 - [MESSAGE][PASSED] - Object: 'Object Repository/Sayfalar/Giris_Sayfasi/RetveTamam_Butonu' is clicked on

2021-11-19 16:57:46 - [TEST_STEP][PASSED] - if (verifyElementPresent(findTestObject("Sayfalar/Giris_Sayfasi/PopupOK"), 5, OPTIONAL)): com.kms.katalon.core.webui.exception.WebElementNotFoundException: Web element with id: 'Object Repository/Sayfalar/Giris_Sayfasi/PopupOK' located by '.btn.btn-success' not found (Root cause: com.kms.katalon.core.exception.StepFailedException: com.kms.katalon.core.webui.exception.WebElementNotFoundException: Web element with id: 'Object Repository/Sayfalar/Giris_Sayfasi/PopupOK' located by '.btn.btn-success' not found
	at com.kms.katalon.core.webui.keyword.internal.WebUIKeywordMain.stepFailed(WebUIKeywordMain.groovy:64)
	at com.kms.katalon.core.webui.keyword.builtin.VerifyElementPresentKeyword$_verifyElementPresent_closure1.doCall(VerifyElementPresentKeyword.groovy:85)
	at com.kms.katalon.core.webui.keyword.builtin.VerifyElementPresentKeyword$_verifyElementPresent_closure1.call(VerifyElementPresentKeyword.groovy)
	at com.kms.katalon.core.webui.keyword.internal.WebUIKeywordMain.runKeyword(WebUIKeywordMain.groovy:20)
	at com.kms.katalon.core.webui.keyword.builtin.VerifyElementPresentKeyword.verifyElementPresent(VerifyElementPresentKeyword.groovy:92)
	at com.kms.katalon.core.webui.keyword.builtin.VerifyElementPresentKeyword.execute(VerifyElementPresentKeyword.groovy:68)
	at com.kms.katalon.core.keyword.internal.KeywordExecutor.executeKeywordForPlatform(KeywordExecutor.groovy:73)
	at com.kms.katalon.core.webui.keyword.WebUiBuiltInKeywords.verifyElementPresent(WebUiBuiltInKeywords.groovy:1448)
	at com.kms.katalon.core.webui.keyword.WebUiBuiltInKeywords$verifyElementPresent$4.call(Unknown Source)
	at Login.run(Login:40)
	at com.kms.katalon.core.main.ScriptEngine.run(ScriptEngine.java:194)
	at com.kms.katalon.core.main.ScriptEngine.runScriptAsRawText(ScriptEngine.java:119)
	at com.kms.katalon.core.main.TestCaseExecutor.runScript(TestCaseExecutor.java:369)
	at com.kms.katalon.core.main.TestCaseExecutor.doExecute(TestCaseExecutor.java:360)
	at com.kms.katalon.core.main.TestCaseExecutor.processExecutionPhase(TestCaseExecutor.java:339)
	at com.kms.katalon.core.main.TestCaseExecutor.accessMainPhase(TestCaseExecutor.java:331)
	at com.kms.katalon.core.main.TestCaseExecutor.execute(TestCaseExecutor.java:248)
	at com.kms.katalon.core.main.TestCaseMain.runTestCase(TestCaseMain.java:138)
	at com.kms.katalon.core.keyword.builtin.CallTestCaseKeyword$_callTestCase_closure1.doCall(CallTestCaseKeyword.groovy:59)
	at com.kms.katalon.core.keyword.builtin.CallTestCaseKeyword$_callTestCase_closure1.call(CallTestCaseKeyword.groovy)
	at com.kms.katalon.core.keyword.internal.KeywordMain.runKeyword(KeywordMain.groovy:68)
	at com.kms.katalon.core.keyword.builtin.CallTestCaseKeyword.callTestCase(CallTestCaseKeyword.groovy:81)
	at com.kms.katalon.core.keyword.builtin.CallTestCaseKeyword.execute(CallTestCaseKeyword.groovy:44)
	at com.kms.katalon.core.keyword.internal.KeywordExecutor.executeKeywordForPlatform(KeywordExecutor.groovy:73)
	at com.kms.katalon.core.keyword.BuiltinKeywords.callTestCase(BuiltinKeywords.groovy:334)
	at sayfalar.girisSayfasi.login(girisSayfasi.groovy:50)
	at cucumber.runtime.Utils$1.call(Utils.java:26)
	at cucumber.runtime.Timeout.timeout(Timeout.java:16)
	at cucumber.runtime.Utils.invoke(Utils.java:20)
	at cucumber.runtime.java.JavaStepDefinition.execute(JavaStepDefinition.java:49)
	at cucumber.runner.PickleStepDefinitionMatch.runStep(PickleStepDefinitionMatch.java:50)
	at cucumber.runner.TestStep.executeStep(TestStep.java:63)
	at cucumber.runner.TestStep.run(TestStep.java:49)
	at cucumber.runner.PickleStepTestStep.run(PickleStepTestStep.java:43)
	at cucumber.runner.TestCase.run(TestCase.java:44)
	at cucumber.runner.Runner.runPickle(Runner.java:40)
	at cucumber.runtime.Runtime$1.run(Runtime.java:84)
	at cucumber.runtime.Runtime$SameThreadExecutorService.execute(Runtime.java:220)
	at cucumber.runtime.Runtime.run(Runtime.java:81)
	at cucumber.api.cli.Main.run(Main.java:26)
	at cucumber.api.cli.Main$run.call(Unknown Source)
	at com.kms.katalon.core.cucumber.keyword.CucumberBuiltinKeywords$_runFeatureFile_closure1.doCall(CucumberBuiltinKeywords.groovy:106)
	at com.kms.katalon.core.cucumber.keyword.CucumberBuiltinKeywords$_runFeatureFile_closure1.doCall(CucumberBuiltinKeywords.groovy)
	at com.kms.katalon.core.keyword.internal.KeywordMain.runKeyword(KeywordMain.groovy:68)
	at com.kms.katalon.core.keyword.internal.KeywordMain$runKeyword.call(Unknown Source)
	at com.kms.katalon.core.cucumber.keyword.CucumberBuiltinKeywords.runFeatureFile(CucumberBuiltinKeywords.groovy:73)
	at com.kms.katalon.core.cucumber.keyword.CucumberBuiltinKeywords$runFeatureFile$0.callStatic(Unknown Source)
	at com.kms.katalon.core.cucumber.keyword.CucumberBuiltinKeywords.runFeatureFile(CucumberBuiltinKeywords.groovy:246)
	at com.kms.katalon.core.cucumber.keyword.CucumberBuiltinKeywords$runFeatureFile.call(Unknown Source)
	at VKN-Elektronik-Ozel Matrah.run(VKN-Elektronik-Ozel Matrah:19)
	at com.kms.katalon.core.main.ScriptEngine.run(ScriptEngine.java:194)
	at com.kms.katalon.core.main.ScriptEngine.runScriptAsRawText(ScriptEngine.java:119)
	at com.kms.katalon.core.main.TestCaseExecutor.runScript(TestCaseExecutor.java:369)
	at com.kms.katalon.core.main.TestCaseExecutor.doExecute(TestCaseExecutor.java:360)
	at com.kms.katalon.core.main.TestCaseExecutor.processExecutionPhase(TestCaseExecutor.java:339)
	at com.kms.katalon.core.main.TestCaseExecutor.accessMainPhase(TestCaseExecutor.java:331)
	at com.kms.katalon.core.main.TestCaseExecutor.execute(TestCaseExecutor.java:248)
	at com.kms.katalon.core.main.TestSuiteExecutor.accessTestCaseMainPhase(TestSuiteExecutor.java:191)
	at com.kms.katalon.core.main.TestSuiteExecutor.accessTestSuiteMainPhase(TestSuiteExecutor.java:140)
	at com.kms.katalon.core.main.TestSuiteExecutor.execute(TestSuiteExecutor.java:89)
	at com.kms.katalon.core.main.TestCaseMain.startTestSuite(TestCaseMain.java:181)
	at com.kms.katalon.core.main.TestCaseMain$startTestSuite$0.call(Unknown Source)
	at TempTestSuite1637329560940.run(TempTestSuite1637329560940.groovy:39)
)

2021-11-19 16:57:46 - [MESSAGE][INFO] - Finding Test Object 'Object Repository/Sayfalar/Giris_Sayfasi/PopupOK'

2021-11-19 16:57:46 - [MESSAGE][INFO] - Checking object

2021-11-19 16:57:46 - [MESSAGE][INFO] - Finding web element from Test Object's properties

2021-11-19 16:57:46 - [MESSAGE][INFO] - Checking timeout

2021-11-19 16:57:46 - [MESSAGE][INFO] - Finding web element with id: 'Object Repository/Sayfalar/Giris_Sayfasi/PopupOK' located by 'By.cssSelector: .btn.btn-success' in '5' second(s)

2021-11-19 16:57:46 - [MESSAGE][INFO] - Smart Wait Function is triggered

2021-11-19 16:57:47 - [MESSAGE][INFO] - Smart Wait Function is triggered

2021-11-19 16:57:47 - [MESSAGE][INFO] - Smart Wait Function is triggered

2021-11-19 16:57:48 - [MESSAGE][INFO] - Smart Wait Function is triggered

2021-11-19 16:57:48 - [MESSAGE][INFO] - Smart Wait Function is triggered

2021-11-19 16:57:48 - [MESSAGE][INFO] - Smart Wait Function is triggered

2021-11-19 16:57:48 - [MESSAGE][INFO] - Smart Wait Function is triggered

2021-11-19 16:57:49 - [MESSAGE][INFO] - Smart Wait Function is triggered

2021-11-19 16:57:49 - [MESSAGE][INFO] - Smart Wait Function is triggered

2021-11-19 16:57:49 - [MESSAGE][INFO] - Smart Wait Function is triggered

2021-11-19 16:57:50 - [MESSAGE][INFO] - Smart Wait Function is triggered

2021-11-19 16:57:50 - [MESSAGE][INFO] - Smart Wait Function is triggered

2021-11-19 16:57:50 - [MESSAGE][INFO] - Smart Wait Function is triggered

2021-11-19 16:57:50 - [MESSAGE][INFO] - Smart Wait Function is triggered

2021-11-19 16:57:51 - [MESSAGE][INFO] - Smart Wait Function is triggered

2021-11-19 16:57:51 - [MESSAGE][INFO] - Smart Wait Function is triggered

2021-11-19 16:57:51 - [MESSAGE][INFO] - Smart Wait Function is triggered

2021-11-19 16:57:51 - [MESSAGE][INFO] - Smart Wait Function is triggered

2021-11-19 16:57:52 - [MESSAGE][INFO] - Smart Wait Function is triggered

2021-11-19 16:57:52 - [MESSAGE][INFO] - Smart Wait Function is triggered

2021-11-19 16:57:52 - [MESSAGE][INFO] - Smart Wait Function is triggered

2021-11-19 16:57:52 - [MESSAGE][INFO] - Unable to find the element located by 'By.cssSelector: .btn.btn-success'. Please recheck the objects properties to make sure the desired element is located. 

2021-11-19 16:57:52 - [MESSAGE][WARNING] - com.kms.katalon.core.webui.exception.WebElementNotFoundException: Web element with id: 'Object Repository/Sayfalar/Giris_Sayfasi/PopupOK' located by '.btn.btn-success' not found (Root cause: com.kms.katalon.core.exception.StepFailedException: com.kms.katalon.core.webui.exception.WebElementNotFoundException: Web element with id: 'Object Repository/Sayfalar/Giris_Sayfasi/PopupOK' located by '.btn.btn-success' not found
	at com.kms.katalon.core.webui.keyword.internal.WebUIKeywordMain.stepFailed(WebUIKeywordMain.groovy:64)
	at com.kms.katalon.core.webui.keyword.builtin.VerifyElementPresentKeyword$_verifyElementPresent_closure1.doCall(VerifyElementPresentKeyword.groovy:85)
	at com.kms.katalon.core.webui.keyword.builtin.VerifyElementPresentKeyword$_verifyElementPresent_closure1.call(VerifyElementPresentKeyword.groovy)
	at com.kms.katalon.core.webui.keyword.internal.WebUIKeywordMain.runKeyword(WebUIKeywordMain.groovy:20)
	at com.kms.katalon.core.webui.keyword.builtin.VerifyElementPresentKeyword.verifyElementPresent(VerifyElementPresentKeyword.groovy:92)
	at com.kms.katalon.core.webui.keyword.builtin.VerifyElementPresentKeyword.execute(VerifyElementPresentKeyword.groovy:68)
	at com.kms.katalon.core.keyword.internal.KeywordExecutor.executeKeywordForPlatform(KeywordExecutor.groovy:73)
	at com.kms.katalon.core.webui.keyword.WebUiBuiltInKeywords.verifyElementPresent(WebUiBuiltInKeywords.groovy:1448)
	at com.kms.katalon.core.webui.keyword.WebUiBuiltInKeywords$verifyElementPresent$4.call(Unknown Source)
	at Login.run(Login:40)
	at com.kms.katalon.core.main.ScriptEngine.run(ScriptEngine.java:194)
	at com.kms.katalon.core.main.ScriptEngine.runScriptAsRawText(ScriptEngine.java:119)
	at com.kms.katalon.core.main.TestCaseExecutor.runScript(TestCaseExecutor.java:369)
	at com.kms.katalon.core.main.TestCaseExecutor.doExecute(TestCaseExecutor.java:360)
	at com.kms.katalon.core.main.TestCaseExecutor.processExecutionPhase(TestCaseExecutor.java:339)
	at com.kms.katalon.core.main.TestCaseExecutor.accessMainPhase(TestCaseExecutor.java:331)
	at com.kms.katalon.core.main.TestCaseExecutor.execute(TestCaseExecutor.java:248)
	at com.kms.katalon.core.main.TestCaseMain.runTestCase(TestCaseMain.java:138)
	at com.kms.katalon.core.keyword.builtin.CallTestCaseKeyword$_callTestCase_closure1.doCall(CallTestCaseKeyword.groovy:59)
	at com.kms.katalon.core.keyword.builtin.CallTestCaseKeyword$_callTestCase_closure1.call(CallTestCaseKeyword.groovy)
	at com.kms.katalon.core.keyword.internal.KeywordMain.runKeyword(KeywordMain.groovy:68)
	at com.kms.katalon.core.keyword.builtin.CallTestCaseKeyword.callTestCase(CallTestCaseKeyword.groovy:81)
	at com.kms.katalon.core.keyword.builtin.CallTestCaseKeyword.execute(CallTestCaseKeyword.groovy:44)
	at com.kms.katalon.core.keyword.internal.KeywordExecutor.executeKeywordForPlatform(KeywordExecutor.groovy:73)
	at com.kms.katalon.core.keyword.BuiltinKeywords.callTestCase(BuiltinKeywords.groovy:334)
	at sayfalar.girisSayfasi.login(girisSayfasi.groovy:50)
	at cucumber.runtime.Utils$1.call(Utils.java:26)
	at cucumber.runtime.Timeout.timeout(Timeout.java:16)
	at cucumber.runtime.Utils.invoke(Utils.java:20)
	at cucumber.runtime.java.JavaStepDefinition.execute(JavaStepDefinition.java:49)
	at cucumber.runner.PickleStepDefinitionMatch.runStep(PickleStepDefinitionMatch.java:50)
	at cucumber.runner.TestStep.executeStep(TestStep.java:63)
	at cucumber.runner.TestStep.run(TestStep.java:49)
	at cucumber.runner.PickleStepTestStep.run(PickleStepTestStep.java:43)
	at cucumber.runner.TestCase.run(TestCase.java:44)
	at cucumber.runner.Runner.runPickle(Runner.java:40)
	at cucumber.runtime.Runtime$1.run(Runtime.java:84)
	at cucumber.runtime.Runtime$SameThreadExecutorService.execute(Runtime.java:220)
	at cucumber.runtime.Runtime.run(Runtime.java:81)
	at cucumber.api.cli.Main.run(Main.java:26)
	at cucumber.api.cli.Main$run.call(Unknown Source)
	at com.kms.katalon.core.cucumber.keyword.CucumberBuiltinKeywords$_runFeatureFile_closure1.doCall(CucumberBuiltinKeywords.groovy:106)
	at com.kms.katalon.core.cucumber.keyword.CucumberBuiltinKeywords$_runFeatureFile_closure1.doCall(CucumberBuiltinKeywords.groovy)
	at com.kms.katalon.core.keyword.internal.KeywordMain.runKeyword(KeywordMain.groovy:68)
	at com.kms.katalon.core.keyword.internal.KeywordMain$runKeyword.call(Unknown Source)
	at com.kms.katalon.core.cucumber.keyword.CucumberBuiltinKeywords.runFeatureFile(CucumberBuiltinKeywords.groovy:73)
	at com.kms.katalon.core.cucumber.keyword.CucumberBuiltinKeywords$runFeatureFile$0.callStatic(Unknown Source)
	at com.kms.katalon.core.cucumber.keyword.CucumberBuiltinKeywords.runFeatureFile(CucumberBuiltinKeywords.groovy:246)
	at com.kms.katalon.core.cucumber.keyword.CucumberBuiltinKeywords$runFeatureFile.call(Unknown Source)
	at VKN-Elektronik-Ozel Matrah.run(VKN-Elektronik-Ozel Matrah:19)
	at com.kms.katalon.core.main.ScriptEngine.run(ScriptEngine.java:194)
	at com.kms.katalon.core.main.ScriptEngine.runScriptAsRawText(ScriptEngine.java:119)
	at com.kms.katalon.core.main.TestCaseExecutor.runScript(TestCaseExecutor.java:369)
	at com.kms.katalon.core.main.TestCaseExecutor.doExecute(TestCaseExecutor.java:360)
	at com.kms.katalon.core.main.TestCaseExecutor.processExecutionPhase(TestCaseExecutor.java:339)
	at com.kms.katalon.core.main.TestCaseExecutor.accessMainPhase(TestCaseExecutor.java:331)
	at com.kms.katalon.core.main.TestCaseExecutor.execute(TestCaseExecutor.java:248)
	at com.kms.katalon.core.main.TestSuiteExecutor.accessTestCaseMainPhase(TestSuiteExecutor.java:191)
	at com.kms.katalon.core.main.TestSuiteExecutor.accessTestSuiteMainPhase(TestSuiteExecutor.java:140)
	at com.kms.katalon.core.main.TestSuiteExecutor.execute(TestSuiteExecutor.java:89)
	at com.kms.katalon.core.main.TestCaseMain.startTestSuite(TestCaseMain.java:181)
	at com.kms.katalon.core.main.TestCaseMain$startTestSuite$0.call(Unknown Source)
	at TempTestSuite1637329560940.run(TempTestSuite1637329560940.groovy:39)
)

2021-11-19 16:57:52 - [TEST_STEP][PASSED] - verifyElementVisible(findTestObject("Object Repository/Kullanici_Islemleri/KullaniciIslemleri")): Object 'Object Repository/Kullanici_Islemleri/KullaniciIslemleri' is visible

2021-11-19 16:57:52 - [MESSAGE][INFO] - Finding Test Object 'Object Repository/Kullanici_Islemleri/KullaniciIslemleri'

2021-11-19 16:57:53 - [MESSAGE][INFO] - Checking object

2021-11-19 16:57:53 - [MESSAGE][INFO] - Finding web element from Test Object's properties

2021-11-19 16:57:53 - [MESSAGE][INFO] - Checking timeout

2021-11-19 16:57:53 - [MESSAGE][INFO] - Finding web element with id: 'Object Repository/Kullanici_Islemleri/KullaniciIslemleri' located by 'By.cssSelector: .dropdown>a>img' in '30' second(s)

2021-11-19 16:57:53 - [MESSAGE][INFO] - Smart Wait Function is triggered

2021-11-19 16:57:53 - [MESSAGE][INFO] - Found 1 web elements with id: 'Object Repository/Kullanici_Islemleri/KullaniciIslemleri' located by 'By.cssSelector: .dropdown>a>img' in '30' second(s)

2021-11-19 16:57:53 - [MESSAGE][PASSED] - Object 'Object Repository/Kullanici_Islemleri/KullaniciIslemleri' is visible

2021-11-19 16:57:53 - [MESSAGE][PASSED] - Call Test Case 'Test Cases/Sayfalar/Giris_Sayfasi/Login' successfully

2021-11-19 16:57:53 - [MESSAGE][INFO] - Checking called Test Case

2021-11-19 16:57:53 - [MESSAGE][INFO] - Starting to call Test Case 'Test Cases/Menu/AnaMenuSecimi'

2021-11-19 16:57:53 - [TEST_CASE][PASSED] - Test Cases/Menu/AnaMenuSecimi: Test Cases/Menu/AnaMenuSecimi

2021-11-19 16:57:53 - [TEST_STEP][PASSED] - Method.TextDegerineEsitElementeTikla(findTestObject("Menu/Ana_Menu"), Ana_Menu): Method.TextDegerineEsitElementeTikla is PASSED

2021-11-19 16:57:53 - [MESSAGE][INFO] - Finding Test Object 'Object Repository/Menu/Ana_Menu'

2021-11-19 16:57:53 - [MESSAGE][INFO] - Checking timeout

2021-11-19 16:57:53 - [MESSAGE][INFO] - Finding web element with id: 'Object Repository/Menu/Ana_Menu' located by 'By.xpath: //*[@class = 'dropdown-toggle']' in '10' second(s)

2021-11-19 16:57:53 - [MESSAGE][INFO] - Smart Wait Function is triggered

2021-11-19 16:57:53 - [MESSAGE][INFO] - Found 13 web elements with id: 'Object Repository/Menu/Ana_Menu' located by 'By.xpath: //*[@class = 'dropdown-toggle']' in '10' second(s)

2021-11-19 16:57:53 - [MESSAGE][PASSED] - Method.TextDegerineEsitElementeTikla is PASSED

2021-11-19 16:57:53 - [MESSAGE][PASSED] - Call Test Case 'Test Cases/Menu/AnaMenuSecimi' successfully

2021-11-19 16:57:53 - [MESSAGE][INFO] - Checking called Test Case

2021-11-19 16:57:53 - [MESSAGE][INFO] - Starting to call Test Case 'Test Cases/Menu/BasligaGoreAltMenuSecimi'

2021-11-19 16:57:53 - [TEST_CASE][PASSED] - Test Cases/Menu/BasligaGoreAltMenuSecimi: Test Cases/Menu/BasligaGoreAltMenuSecimi

2021-11-19 16:57:54 - [TEST_STEP][PASSED] - Method.TextDegerineEsitElementinAltindakiTextDegerineEsitOlanaTikla(findTestObject("Menu/Menu_Basligi"), findTestObject("Menu/Basliga_Gore_Alt_Menu"), Baslik, Alt_Menu): Method.TextDegerineEsitElementinAltindakiTextDegerineEsitOlanaTikla is PASSED

2021-11-19 16:57:54 - [MESSAGE][INFO] - Finding Test Object 'Object Repository/Menu/Menu_Basligi'

2021-11-19 16:57:54 - [MESSAGE][INFO] - Finding Test Object 'Object Repository/Menu/Basliga_Gore_Alt_Menu'

2021-11-19 16:57:54 - [MESSAGE][INFO] - Checking timeout

2021-11-19 16:57:54 - [MESSAGE][INFO] - Finding web element with id: 'Object Repository/Menu/Menu_Basligi' located by 'By.xpath: //li[@class='dropdown dropdown-large open']//li[@class='dropdown-header']' in '10' second(s)

2021-11-19 16:57:54 - [MESSAGE][INFO] - Smart Wait Function is triggered

2021-11-19 16:57:54 - [MESSAGE][INFO] - Found 2 web elements with id: 'Object Repository/Menu/Menu_Basligi' located by 'By.xpath: //li[@class='dropdown dropdown-large open']//li[@class='dropdown-header']' in '10' second(s)

2021-11-19 16:57:54 - [MESSAGE][INFO] - Smart Wait Function is triggered

2021-11-19 16:57:56 - [MESSAGE][PASSED] - Method.TextDegerineEsitElementinAltindakiTextDegerineEsitOlanaTikla is PASSED

2021-11-19 16:57:56 - [MESSAGE][PASSED] - Call Test Case 'Test Cases/Menu/BasligaGoreAltMenuSecimi' successfully

2021-11-19 16:57:56 - [MESSAGE][INFO] - Checking called Test Case

2021-11-19 16:57:56 - [MESSAGE][INFO] - Starting to call Test Case 'Test Cases/Tablo/Olusturma Tarihi'

2021-11-19 16:57:56 - [TEST_CASE][PASSED] - Test Cases/Tablo/Olusturma Tarihi: Test Cases/Tablo/Olusturma Tarihi

2021-11-19 16:57:56 - [TEST_STEP][PASSED] - if (verifyTextNotPresent("Görüntülenecek veri yok", true, OPTIONAL)): null

2021-11-19 16:57:56 - [MESSAGE][INFO] - Checking text present  using regular expression

2021-11-19 16:57:56 - [MESSAGE][INFO] - Smart Wait Function is triggered

2021-11-19 16:57:57 - [MESSAGE][INFO] - Finding text 'Görüntülenecek veri yok' on page  using regular expression

2021-11-19 16:57:57 - [MESSAGE][PASSED] - Text 'Görüntülenecek veri yok' is not present on page using regular expression

2021-11-19 16:57:57 - [TEST_STEP][PASSED] - click(findTestObject("Temizle/Olusturma_Tarihi_CheckBox")): Object: 'Object Repository/Temizle/Olusturma_Tarihi_CheckBox' is clicked on

2021-11-19 16:57:57 - [MESSAGE][INFO] - Finding Test Object 'Object Repository/Temizle/Olusturma_Tarihi_CheckBox'

2021-11-19 16:57:57 - [MESSAGE][INFO] - Checking object

2021-11-19 16:57:57 - [MESSAGE][INFO] - Finding web element from Test Object's properties

2021-11-19 16:57:57 - [MESSAGE][INFO] - Checking timeout

2021-11-19 16:57:57 - [MESSAGE][INFO] - Finding web element with id: 'Object Repository/Temizle/Olusturma_Tarihi_CheckBox' located by 'By.xpath: //*[@title = 'Bu sayfadaki tüm satırları Seç']' in '30' second(s)

2021-11-19 16:57:57 - [MESSAGE][INFO] - Smart Wait Function is triggered

2021-11-19 16:57:57 - [MESSAGE][INFO] - Found 1 web elements with id: 'Object Repository/Temizle/Olusturma_Tarihi_CheckBox' located by 'By.xpath: //*[@title = 'Bu sayfadaki tüm satırları Seç']' in '30' second(s)

2021-11-19 16:57:57 - [MESSAGE][INFO] - Clicking on object: 'Object Repository/Temizle/Olusturma_Tarihi_CheckBox'

2021-11-19 16:57:57 - [MESSAGE][PASSED] - Object: 'Object Repository/Temizle/Olusturma_Tarihi_CheckBox' is clicked on

2021-11-19 16:57:57 - [TEST_STEP][PASSED] - Method.TextDegerineEsitElementeTiklaEquals(findTestObject("Butonlar/Butonlar"), "Sil"): Method.TextDegerineEsitElementeTiklaEquals is PASSED

2021-11-19 16:57:57 - [MESSAGE][INFO] - Finding Test Object 'Object Repository/Butonlar/Butonlar'

2021-11-19 16:57:57 - [MESSAGE][INFO] - Checking timeout

2021-11-19 16:57:57 - [MESSAGE][INFO] - Finding web element with id: 'Object Repository/Butonlar/Butonlar' located by 'By.cssSelector: .panel.panel-default.text-center.footerPanel .btn,.btn.btn-primary.btnControls' in '10' second(s)

2021-11-19 16:57:57 - [MESSAGE][INFO] - Smart Wait Function is triggered

2021-11-19 16:57:57 - [MESSAGE][INFO] - Found 9 web elements with id: 'Object Repository/Butonlar/Butonlar' located by 'By.cssSelector: .panel.panel-default.text-center.footerPanel .btn,.btn.btn-primary.btnControls' in '10' second(s)

2021-11-19 16:57:58 - [MESSAGE][PASSED] - Method.TextDegerineEsitElementeTiklaEquals is PASSED

2021-11-19 16:57:58 - [TEST_STEP][PASSED] - Method.TextDegerineEsitElementeTikla(findTestObject("Popup/Popup_Butons"), "Evet"): Method.TextDegerineEsitElementeTikla is PASSED

2021-11-19 16:57:58 - [MESSAGE][INFO] - Finding Test Object 'Object Repository/Popup/Popup_Butons'

2021-11-19 16:57:58 - [MESSAGE][INFO] - Checking timeout

2021-11-19 16:57:58 - [MESSAGE][INFO] - Finding web element with id: 'Object Repository/Popup/Popup_Butons' located by 'By.cssSelector: .modal-footer>button' in '10' second(s)

2021-11-19 16:57:58 - [MESSAGE][INFO] - Smart Wait Function is triggered

2021-11-19 16:57:59 - [MESSAGE][INFO] - Found 2 web elements with id: 'Object Repository/Popup/Popup_Butons' located by 'By.cssSelector: .modal-footer>button' in '10' second(s)

2021-11-19 16:57:59 - [MESSAGE][PASSED] - Method.TextDegerineEsitElementeTikla is PASSED

2021-11-19 16:57:59 - [TEST_STEP][PASSED] - Method.TextDegerineEsitElementeTikla(findTestObject("Popup/Popup_Butons"), "Tamam"): Method.TextDegerineEsitElementeTikla is PASSED

2021-11-19 16:57:59 - [MESSAGE][INFO] - Finding Test Object 'Object Repository/Popup/Popup_Butons'

2021-11-19 16:57:59 - [MESSAGE][INFO] - Checking timeout

2021-11-19 16:57:59 - [MESSAGE][INFO] - Finding web element with id: 'Object Repository/Popup/Popup_Butons' located by 'By.cssSelector: .modal-footer>button' in '10' second(s)

2021-11-19 16:57:59 - [MESSAGE][INFO] - Smart Wait Function is triggered

2021-11-19 16:57:59 - [MESSAGE][INFO] - Found 1 web elements with id: 'Object Repository/Popup/Popup_Butons' located by 'By.cssSelector: .modal-footer>button' in '10' second(s)

2021-11-19 16:58:00 - [MESSAGE][PASSED] - Method.TextDegerineEsitElementeTikla is PASSED

2021-11-19 16:58:00 - [MESSAGE][PASSED] - Call Test Case 'Test Cases/Tablo/Olusturma Tarihi' successfully

2021-11-19 16:58:00 - [MESSAGE][INFO] - Checking called Test Case

2021-11-19 16:58:00 - [MESSAGE][INFO] - Starting to call Test Case 'Test Cases/Butonlar/ButonaTikla'

2021-11-19 16:58:00 - [TEST_CASE][PASSED] - Test Cases/Butonlar/ButonaTikla: Test Cases/Butonlar/ButonaTikla

2021-11-19 16:58:00 - [TEST_STEP][PASSED] - Method.TextDegerineEsitElementeTiklaEquals(findTestObject("Butonlar/Butonlar"), Buton_Adi): Method.TextDegerineEsitElementeTiklaEquals is PASSED

2021-11-19 16:58:00 - [MESSAGE][INFO] - Finding Test Object 'Object Repository/Butonlar/Butonlar'

2021-11-19 16:58:00 - [MESSAGE][INFO] - Checking timeout

2021-11-19 16:58:00 - [MESSAGE][INFO] - Finding web element with id: 'Object Repository/Butonlar/Butonlar' located by 'By.cssSelector: .panel.panel-default.text-center.footerPanel .btn,.btn.btn-primary.btnControls' in '10' second(s)

2021-11-19 16:58:00 - [MESSAGE][INFO] - Smart Wait Function is triggered

2021-11-19 16:58:00 - [MESSAGE][INFO] - Found 9 web elements with id: 'Object Repository/Butonlar/Butonlar' located by 'By.cssSelector: .panel.panel-default.text-center.footerPanel .btn,.btn.btn-primary.btnControls' in '10' second(s)

2021-11-19 16:58:00 - [MESSAGE][PASSED] - Method.TextDegerineEsitElementeTiklaEquals is PASSED

2021-11-19 16:58:00 - [MESSAGE][PASSED] - Call Test Case 'Test Cases/Butonlar/ButonaTikla' successfully

2021-11-19 16:58:00 - [MESSAGE][INFO] - Checking called Test Case

2021-11-19 16:58:00 - [MESSAGE][INFO] - Starting to call Test Case 'Test Cases/Olusturma/Genel/GorselTasarimSayfasıBasligiIceriyorMu'

2021-11-19 16:58:00 - [TEST_CASE][PASSED] - Test Cases/Olusturma/Genel/GorselTasarimSayfasıBasligiIceriyorMu: Test Cases/Olusturma/Genel/GorselTasarimSayfasıBasligiIceriyorMu

2021-11-19 16:58:00 - [TEST_STEP][PASSED] - verifyElementText(findTestObject("Object Repository/Olusturma/Genel/GorselTasarimBaslik"), Baslik): Actual text and expected text of test object 'Object Repository/Olusturma/Genel/GorselTasarimBaslik' are matched.

2021-11-19 16:58:00 - [MESSAGE][INFO] - Finding Test Object 'Object Repository/Olusturma/Genel/GorselTasarimBaslik'

2021-11-19 16:58:01 - [MESSAGE][INFO] - Checking object

2021-11-19 16:58:01 - [MESSAGE][INFO] - Finding web element from Test Object's properties

2021-11-19 16:58:01 - [MESSAGE][INFO] - Checking timeout

2021-11-19 16:58:01 - [MESSAGE][INFO] - Finding web element with id: 'Object Repository/Olusturma/Genel/GorselTasarimBaslik' located by 'By.cssSelector: #flAlici_0>div>span' in '30' second(s)

2021-11-19 16:58:01 - [MESSAGE][INFO] - Smart Wait Function is triggered

2021-11-19 16:58:07 - [MESSAGE][INFO] - Found 1 web elements with id: 'Object Repository/Olusturma/Genel/GorselTasarimBaslik' located by 'By.cssSelector: #flAlici_0>div>span' in '30' second(s)

2021-11-19 16:58:07 - [MESSAGE][PASSED] - Actual text and expected text of test object 'Object Repository/Olusturma/Genel/GorselTasarimBaslik' are matched.

2021-11-19 16:58:07 - [MESSAGE][PASSED] - Call Test Case 'Test Cases/Olusturma/Genel/GorselTasarimSayfasıBasligiIceriyorMu' successfully

2021-11-19 16:58:07 - [MESSAGE][INFO] - Checking called Test Case

2021-11-19 16:58:07 - [MESSAGE][INFO] - Starting to call Test Case 'Test Cases/Olusturma/Genel/AliciSecilir'

2021-11-19 16:58:08 - [TEST_CASE][PASSED] - Test Cases/Olusturma/Genel/AliciSecilir: Test Cases/Olusturma/Genel/AliciSecilir

2021-11-19 16:58:08 - [TEST_STEP][PASSED] - click(findTestObject("Olusturma/Genel/AliciBilgisi/Alici_Ara")): Object: 'Object Repository/Olusturma/Genel/AliciBilgisi/Alici_Ara' is clicked on

2021-11-19 16:58:08 - [MESSAGE][INFO] - Finding Test Object 'Object Repository/Olusturma/Genel/AliciBilgisi/Alici_Ara'

2021-11-19 16:58:08 - [MESSAGE][INFO] - Checking object

2021-11-19 16:58:08 - [MESSAGE][INFO] - Finding web element from Test Object's properties

2021-11-19 16:58:08 - [MESSAGE][INFO] - Checking timeout

2021-11-19 16:58:08 - [MESSAGE][INFO] - Finding web element with id: 'Object Repository/Olusturma/Genel/AliciBilgisi/Alici_Ara' located by 'By.xpath: //td[@id='txtCustomerText_B-1']' in '30' second(s)

2021-11-19 16:58:08 - [MESSAGE][INFO] - Smart Wait Function is triggered

2021-11-19 16:58:08 - [MESSAGE][INFO] - Found 1 web elements with id: 'Object Repository/Olusturma/Genel/AliciBilgisi/Alici_Ara' located by 'By.xpath: //td[@id='txtCustomerText_B-1']' in '30' second(s)

2021-11-19 16:58:08 - [MESSAGE][INFO] - Clicking on object: 'Object Repository/Olusturma/Genel/AliciBilgisi/Alici_Ara'

2021-11-19 16:58:08 - [MESSAGE][PASSED] - Object: 'Object Repository/Olusturma/Genel/AliciBilgisi/Alici_Ara' is clicked on

2021-11-19 16:58:08 - [TEST_STEP][PASSED] - click(findTestObject("Olusturma/Genel/AliciBilgisi/Alici_Bilgisi")): Object: 'Object Repository/Olusturma/Genel/AliciBilgisi/Alici_Bilgisi' is clicked on

2021-11-19 16:58:08 - [MESSAGE][INFO] - Finding Test Object 'Object Repository/Olusturma/Genel/AliciBilgisi/Alici_Bilgisi'

2021-11-19 16:58:08 - [MESSAGE][INFO] - Checking object

2021-11-19 16:58:08 - [MESSAGE][INFO] - Finding web element from Test Object's properties

2021-11-19 16:58:08 - [MESSAGE][INFO] - Checking timeout

2021-11-19 16:58:08 - [MESSAGE][INFO] - Finding web element with id: 'Object Repository/Olusturma/Genel/AliciBilgisi/Alici_Bilgisi' located by 'By.xpath: //iframe[@id='customerselectiframe']' in '30' second(s)

2021-11-19 16:58:08 - [MESSAGE][INFO] - Smart Wait Function is triggered

2021-11-19 16:58:09 - [MESSAGE][INFO] - Found 1 web elements with id: 'Object Repository/Olusturma/Genel/AliciBilgisi/Alici_Bilgisi' located by 'By.xpath: //iframe[@id='customerselectiframe']' in '30' second(s)

2021-11-19 16:58:09 - [MESSAGE][INFO] - Clicking on object: 'Object Repository/Olusturma/Genel/AliciBilgisi/Alici_Bilgisi'

2021-11-19 16:58:09 - [MESSAGE][PASSED] - Object: 'Object Repository/Olusturma/Genel/AliciBilgisi/Alici_Bilgisi' is clicked on

2021-11-19 16:58:09 - [TEST_STEP][PASSED] - setText(findTestObject("Olusturma/Genel/AliciBilgisi/Alici_Gir"), Alici_Adi): Switching to default content

2021-11-19 16:58:09 - [MESSAGE][INFO] - Finding Test Object 'Object Repository/Olusturma/Genel/AliciBilgisi/Alici_Gir'

2021-11-19 16:58:09 - [MESSAGE][INFO] - Finding Test Object 'Object Repository/Olusturma/Genel/AliciBilgisi/Alici_Bilgisi'

2021-11-19 16:58:09 - [MESSAGE][INFO] - Checking object

2021-11-19 16:58:09 - [MESSAGE][INFO] - Checking text

2021-11-19 16:58:09 - [MESSAGE][INFO] - Object: 'Object Repository/Olusturma/Genel/AliciBilgisi/Alici_Gir' has parent object(s)

2021-11-19 16:58:09 - [MESSAGE][INFO] - Switching to iframe: 'Object Repository/Olusturma/Genel/AliciBilgisi/Alici_Bilgisi'

2021-11-19 16:58:09 - [MESSAGE][INFO] - Finding web element from Test Object's properties

2021-11-19 16:58:09 - [MESSAGE][INFO] - Checking timeout

2021-11-19 16:58:09 - [MESSAGE][INFO] - Finding web element with id: 'Object Repository/Olusturma/Genel/AliciBilgisi/Alici_Bilgisi' located by 'By.xpath: //iframe[@id='customerselectiframe']' in '30' second(s)

2021-11-19 16:58:09 - [MESSAGE][INFO] - Smart Wait Function is triggered

2021-11-19 16:58:09 - [MESSAGE][INFO] - Found 1 web elements with id: 'Object Repository/Olusturma/Genel/AliciBilgisi/Alici_Bilgisi' located by 'By.xpath: //iframe[@id='customerselectiframe']' in '30' second(s)

2021-11-19 16:58:09 - [MESSAGE][INFO] - Switched to iframe: 'Object Repository/Olusturma/Genel/AliciBilgisi/Alici_Bilgisi'

2021-11-19 16:58:09 - [MESSAGE][INFO] - Finding web element from Test Object's properties

2021-11-19 16:58:09 - [MESSAGE][INFO] - Checking timeout

2021-11-19 16:58:09 - [MESSAGE][INFO] - Finding web element with id: 'Object Repository/Olusturma/Genel/AliciBilgisi/Alici_Gir' located by 'By.xpath: //input[@id='GridViewCustomer_DXFREditorcol1_I']' in '30' second(s)

2021-11-19 16:58:09 - [MESSAGE][INFO] - Smart Wait Function is triggered

2021-11-19 16:58:09 - [MESSAGE][INFO] - Found 1 web elements with id: 'Object Repository/Olusturma/Genel/AliciBilgisi/Alici_Gir' located by 'By.xpath: //input[@id='GridViewCustomer_DXFREditorcol1_I']' in '30' second(s)

2021-11-19 16:58:09 - [MESSAGE][INFO] - Clearing text of object 'Object Repository/Olusturma/Genel/AliciBilgisi/Alici_Gir'

2021-11-19 16:58:09 - [MESSAGE][INFO] - Finding web element from Test Object's properties

2021-11-19 16:58:09 - [MESSAGE][INFO] - Checking timeout

2021-11-19 16:58:09 - [MESSAGE][INFO] - Finding web element with id: 'Object Repository/Olusturma/Genel/AliciBilgisi/Alici_Gir' located by 'By.xpath: //input[@id='GridViewCustomer_DXFREditorcol1_I']' in '30' second(s)

2021-11-19 16:58:09 - [MESSAGE][INFO] - Smart Wait Function is triggered

2021-11-19 16:58:09 - [MESSAGE][INFO] - Found 1 web elements with id: 'Object Repository/Olusturma/Genel/AliciBilgisi/Alici_Gir' located by 'By.xpath: //input[@id='GridViewCustomer_DXFREditorcol1_I']' in '30' second(s)

2021-11-19 16:58:09 - [MESSAGE][INFO] - Setting text of object 'Object Repository/Olusturma/Genel/AliciBilgisi/Alici_Gir' to value 'UC0006'

2021-11-19 16:58:09 - [MESSAGE][PASSED] - Text 'UC0006' is set on object 'Object Repository/Olusturma/Genel/AliciBilgisi/Alici_Gir'

2021-11-19 16:58:09 - [MESSAGE][INFO] - Switching to default content

2021-11-19 16:58:09 - [TEST_STEP][PASSED] - waitForElementClickable(findTestObject("Olusturma/Genel/AliciBilgisi/Alici_Adi"), 10): Switching to default content

2021-11-19 16:58:09 - [MESSAGE][INFO] - Finding Test Object 'Object Repository/Olusturma/Genel/AliciBilgisi/Alici_Adi'

2021-11-19 16:58:09 - [MESSAGE][INFO] - Finding Test Object 'Object Repository/Olusturma/Genel/AliciBilgisi/iframe_Alc Bilgisi_customerselectiframe'

2021-11-19 16:58:10 - [MESSAGE][INFO] - Checking object

2021-11-19 16:58:10 - [MESSAGE][INFO] - Checking timeout

2021-11-19 16:58:10 - [MESSAGE][INFO] - Object: 'Object Repository/Olusturma/Genel/AliciBilgisi/Alici_Adi' has parent object(s)

2021-11-19 16:58:10 - [MESSAGE][INFO] - Switching to iframe: 'Object Repository/Olusturma/Genel/AliciBilgisi/iframe_Alc Bilgisi_customerselectiframe'

2021-11-19 16:58:10 - [MESSAGE][INFO] - Finding web element from Test Object's properties

2021-11-19 16:58:10 - [MESSAGE][INFO] - Checking timeout

2021-11-19 16:58:10 - [MESSAGE][INFO] - Finding web element with id: 'Object Repository/Olusturma/Genel/AliciBilgisi/iframe_Alc Bilgisi_customerselectiframe' located by 'By.xpath: //iframe[@id='customerselectiframe']' in '10' second(s)

2021-11-19 16:58:10 - [MESSAGE][INFO] - Smart Wait Function is triggered

2021-11-19 16:58:10 - [MESSAGE][INFO] - Found 1 web elements with id: 'Object Repository/Olusturma/Genel/AliciBilgisi/iframe_Alc Bilgisi_customerselectiframe' located by 'By.xpath: //iframe[@id='customerselectiframe']' in '10' second(s)

2021-11-19 16:58:10 - [MESSAGE][INFO] - Switched to iframe: 'Object Repository/Olusturma/Genel/AliciBilgisi/iframe_Alc Bilgisi_customerselectiframe'

2021-11-19 16:58:10 - [MESSAGE][INFO] - Finding web element from Test Object's properties

2021-11-19 16:58:10 - [MESSAGE][INFO] - Checking timeout

2021-11-19 16:58:10 - [MESSAGE][INFO] - Finding web element with id: 'Object Repository/Olusturma/Genel/AliciBilgisi/Alici_Adi' located by 'By.xpath: //tr[@id='GridViewCustomer_DXDataRow0']/td[2]' in '10' second(s)

2021-11-19 16:58:10 - [MESSAGE][INFO] - Smart Wait Function is triggered

2021-11-19 16:58:10 - [MESSAGE][INFO] - Found 1 web elements with id: 'Object Repository/Olusturma/Genel/AliciBilgisi/Alici_Adi' located by 'By.xpath: //tr[@id='GridViewCustomer_DXDataRow0']/td[2]' in '10' second(s)

2021-11-19 16:58:10 - [MESSAGE][PASSED] - Object 'Object Repository/Olusturma/Genel/AliciBilgisi/Alici_Adi' is clickable

2021-11-19 16:58:10 - [MESSAGE][INFO] - Switching to default content

2021-11-19 16:58:10 - [TEST_STEP][PASSED] - click(findTestObject("Olusturma/Genel/AliciBilgisi/frame")): Switching to default content

2021-11-19 16:58:10 - [MESSAGE][INFO] - Finding Test Object 'Object Repository/Olusturma/Genel/AliciBilgisi/frame'

2021-11-19 16:58:10 - [MESSAGE][INFO] - Finding Test Object 'Object Repository/Olusturma/Genel/AliciBilgisi/iframe_Alc Bilgisi_customerselectiframe'

2021-11-19 16:58:10 - [MESSAGE][INFO] - Checking object

2021-11-19 16:58:10 - [MESSAGE][INFO] - Object: 'Object Repository/Olusturma/Genel/AliciBilgisi/frame' has parent object(s)

2021-11-19 16:58:10 - [MESSAGE][INFO] - Switching to iframe: 'Object Repository/Olusturma/Genel/AliciBilgisi/iframe_Alc Bilgisi_customerselectiframe'

2021-11-19 16:58:10 - [MESSAGE][INFO] - Finding web element from Test Object's properties

2021-11-19 16:58:10 - [MESSAGE][INFO] - Checking timeout

2021-11-19 16:58:10 - [MESSAGE][INFO] - Finding web element with id: 'Object Repository/Olusturma/Genel/AliciBilgisi/iframe_Alc Bilgisi_customerselectiframe' located by 'By.xpath: //iframe[@id='customerselectiframe']' in '30' second(s)

2021-11-19 16:58:10 - [MESSAGE][INFO] - Smart Wait Function is triggered

2021-11-19 16:58:10 - [MESSAGE][INFO] - Found 1 web elements with id: 'Object Repository/Olusturma/Genel/AliciBilgisi/iframe_Alc Bilgisi_customerselectiframe' located by 'By.xpath: //iframe[@id='customerselectiframe']' in '30' second(s)

2021-11-19 16:58:10 - [MESSAGE][INFO] - Switched to iframe: 'Object Repository/Olusturma/Genel/AliciBilgisi/iframe_Alc Bilgisi_customerselectiframe'

2021-11-19 16:58:10 - [MESSAGE][INFO] - Finding web element from Test Object's properties

2021-11-19 16:58:10 - [MESSAGE][INFO] - Checking timeout

2021-11-19 16:58:10 - [MESSAGE][INFO] - Finding web element with id: 'Object Repository/Olusturma/Genel/AliciBilgisi/frame' located by 'By.xpath: //*/text()[normalize-space(.)='']/parent::*' in '30' second(s)

2021-11-19 16:58:10 - [MESSAGE][INFO] - Smart Wait Function is triggered

2021-11-19 16:58:10 - [MESSAGE][INFO] - Found 66 web elements with id: 'Object Repository/Olusturma/Genel/AliciBilgisi/frame' located by 'By.xpath: //*/text()[normalize-space(.)='']/parent::*' in '30' second(s)

2021-11-19 16:58:10 - [MESSAGE][INFO] - Clicking on object: 'Object Repository/Olusturma/Genel/AliciBilgisi/frame'

2021-11-19 16:58:11 - [MESSAGE][PASSED] - Object: 'Object Repository/Olusturma/Genel/AliciBilgisi/frame' is clicked on

2021-11-19 16:58:11 - [MESSAGE][INFO] - Switching to default content

2021-11-19 16:58:11 - [TEST_STEP][PASSED] - click(findTestObject("Olusturma/Genel/AliciBilgisi/Alici_Adi")): Switching to default content

2021-11-19 16:58:11 - [MESSAGE][INFO] - Finding Test Object 'Object Repository/Olusturma/Genel/AliciBilgisi/Alici_Adi'

2021-11-19 16:58:11 - [MESSAGE][INFO] - Finding Test Object 'Object Repository/Olusturma/Genel/AliciBilgisi/iframe_Alc Bilgisi_customerselectiframe'

2021-11-19 16:58:11 - [MESSAGE][INFO] - Checking object

2021-11-19 16:58:11 - [MESSAGE][INFO] - Object: 'Object Repository/Olusturma/Genel/AliciBilgisi/Alici_Adi' has parent object(s)

2021-11-19 16:58:11 - [MESSAGE][INFO] - Switching to iframe: 'Object Repository/Olusturma/Genel/AliciBilgisi/iframe_Alc Bilgisi_customerselectiframe'

2021-11-19 16:58:11 - [MESSAGE][INFO] - Finding web element from Test Object's properties

2021-11-19 16:58:11 - [MESSAGE][INFO] - Checking timeout

2021-11-19 16:58:11 - [MESSAGE][INFO] - Finding web element with id: 'Object Repository/Olusturma/Genel/AliciBilgisi/iframe_Alc Bilgisi_customerselectiframe' located by 'By.xpath: //iframe[@id='customerselectiframe']' in '30' second(s)

2021-11-19 16:58:11 - [MESSAGE][INFO] - Smart Wait Function is triggered

2021-11-19 16:58:11 - [MESSAGE][INFO] - Found 1 web elements with id: 'Object Repository/Olusturma/Genel/AliciBilgisi/iframe_Alc Bilgisi_customerselectiframe' located by 'By.xpath: //iframe[@id='customerselectiframe']' in '30' second(s)

2021-11-19 16:58:11 - [MESSAGE][INFO] - Switched to iframe: 'Object Repository/Olusturma/Genel/AliciBilgisi/iframe_Alc Bilgisi_customerselectiframe'

2021-11-19 16:58:11 - [MESSAGE][INFO] - Finding web element from Test Object's properties

2021-11-19 16:58:11 - [MESSAGE][INFO] - Checking timeout

2021-11-19 16:58:11 - [MESSAGE][INFO] - Finding web element with id: 'Object Repository/Olusturma/Genel/AliciBilgisi/Alici_Adi' located by 'By.xpath: //tr[@id='GridViewCustomer_DXDataRow0']/td[2]' in '30' second(s)

2021-11-19 16:58:11 - [MESSAGE][INFO] - Smart Wait Function is triggered

2021-11-19 16:58:11 - [MESSAGE][INFO] - Found 1 web elements with id: 'Object Repository/Olusturma/Genel/AliciBilgisi/Alici_Adi' located by 'By.xpath: //tr[@id='GridViewCustomer_DXDataRow0']/td[2]' in '30' second(s)

2021-11-19 16:58:11 - [MESSAGE][INFO] - Clicking on object: 'Object Repository/Olusturma/Genel/AliciBilgisi/Alici_Adi'

2021-11-19 16:58:11 - [MESSAGE][PASSED] - Object: 'Object Repository/Olusturma/Genel/AliciBilgisi/Alici_Adi' is clicked on

2021-11-19 16:58:11 - [MESSAGE][INFO] - Switching to default content

2021-11-19 16:58:11 - [TEST_STEP][PASSED] - click(findTestObject("Olusturma/Genel/AliciBilgisi/Tamam_Bosluk")): Switching to default content

2021-11-19 16:58:11 - [MESSAGE][INFO] - Finding Test Object 'Object Repository/Olusturma/Genel/AliciBilgisi/Tamam_Bosluk'

2021-11-19 16:58:12 - [MESSAGE][INFO] - Finding Test Object 'Object Repository/Olusturma/Genel/AliciBilgisi/Alici_Bilgisi'

2021-11-19 16:58:12 - [MESSAGE][INFO] - Checking object

2021-11-19 16:58:12 - [MESSAGE][INFO] - Object: 'Object Repository/Olusturma/Genel/AliciBilgisi/Tamam_Bosluk' has parent object(s)

2021-11-19 16:58:12 - [MESSAGE][INFO] - Switching to iframe: 'Object Repository/Olusturma/Genel/AliciBilgisi/Alici_Bilgisi'

2021-11-19 16:58:12 - [MESSAGE][INFO] - Finding web element from Test Object's properties

2021-11-19 16:58:12 - [MESSAGE][INFO] - Checking timeout

2021-11-19 16:58:12 - [MESSAGE][INFO] - Finding web element with id: 'Object Repository/Olusturma/Genel/AliciBilgisi/Alici_Bilgisi' located by 'By.xpath: //iframe[@id='customerselectiframe']' in '30' second(s)

2021-11-19 16:58:12 - [MESSAGE][INFO] - Smart Wait Function is triggered

2021-11-19 16:58:12 - [MESSAGE][INFO] - Found 1 web elements with id: 'Object Repository/Olusturma/Genel/AliciBilgisi/Alici_Bilgisi' located by 'By.xpath: //iframe[@id='customerselectiframe']' in '30' second(s)

2021-11-19 16:58:12 - [MESSAGE][INFO] - Switched to iframe: 'Object Repository/Olusturma/Genel/AliciBilgisi/Alici_Bilgisi'

2021-11-19 16:58:12 - [MESSAGE][INFO] - Finding web element from Test Object's properties

2021-11-19 16:58:12 - [MESSAGE][INFO] - Checking timeout

2021-11-19 16:58:12 - [MESSAGE][INFO] - Finding web element with id: 'Object Repository/Olusturma/Genel/AliciBilgisi/Tamam_Bosluk' located by 'By.xpath: (.//*[normalize-space(text()) and normalize-space(.)='Sayfa Boyutu:'])[1]/following::div[7]' in '30' second(s)

2021-11-19 16:58:12 - [MESSAGE][INFO] - Smart Wait Function is triggered

2021-11-19 16:58:12 - [MESSAGE][INFO] - Found 1 web elements with id: 'Object Repository/Olusturma/Genel/AliciBilgisi/Tamam_Bosluk' located by 'By.xpath: (.//*[normalize-space(text()) and normalize-space(.)='Sayfa Boyutu:'])[1]/following::div[7]' in '30' second(s)

2021-11-19 16:58:12 - [MESSAGE][INFO] - Clicking on object: 'Object Repository/Olusturma/Genel/AliciBilgisi/Tamam_Bosluk'

2021-11-19 16:58:12 - [MESSAGE][PASSED] - Object: 'Object Repository/Olusturma/Genel/AliciBilgisi/Tamam_Bosluk' is clicked on

2021-11-19 16:58:12 - [MESSAGE][INFO] - Switching to default content

2021-11-19 16:58:12 - [TEST_STEP][PASSED] - waitForElementClickable(findTestObject("Olusturma/Genel/AliciBilgisi/Tamam_Butonu"), 10): Switching to default content

2021-11-19 16:58:12 - [MESSAGE][INFO] - Finding Test Object 'Object Repository/Olusturma/Genel/AliciBilgisi/Tamam_Butonu'

2021-11-19 16:58:12 - [MESSAGE][INFO] - Finding Test Object 'Object Repository/Olusturma/Genel/AliciBilgisi/Alici_Bilgisi'

2021-11-19 16:58:12 - [MESSAGE][INFO] - Checking object

2021-11-19 16:58:12 - [MESSAGE][INFO] - Checking timeout

2021-11-19 16:58:12 - [MESSAGE][INFO] - Object: 'Object Repository/Olusturma/Genel/AliciBilgisi/Tamam_Butonu' has parent object(s)

2021-11-19 16:58:12 - [MESSAGE][INFO] - Switching to iframe: 'Object Repository/Olusturma/Genel/AliciBilgisi/Alici_Bilgisi'

2021-11-19 16:58:12 - [MESSAGE][INFO] - Finding web element from Test Object's properties

2021-11-19 16:58:12 - [MESSAGE][INFO] - Checking timeout

2021-11-19 16:58:12 - [MESSAGE][INFO] - Finding web element with id: 'Object Repository/Olusturma/Genel/AliciBilgisi/Alici_Bilgisi' located by 'By.xpath: //iframe[@id='customerselectiframe']' in '10' second(s)

2021-11-19 16:58:12 - [MESSAGE][INFO] - Smart Wait Function is triggered

2021-11-19 16:58:13 - [MESSAGE][INFO] - Found 1 web elements with id: 'Object Repository/Olusturma/Genel/AliciBilgisi/Alici_Bilgisi' located by 'By.xpath: //iframe[@id='customerselectiframe']' in '10' second(s)

2021-11-19 16:58:13 - [MESSAGE][INFO] - Switched to iframe: 'Object Repository/Olusturma/Genel/AliciBilgisi/Alici_Bilgisi'

2021-11-19 16:58:13 - [MESSAGE][INFO] - Finding web element from Test Object's properties

2021-11-19 16:58:13 - [MESSAGE][INFO] - Checking timeout

2021-11-19 16:58:13 - [MESSAGE][INFO] - Finding web element with id: 'Object Repository/Olusturma/Genel/AliciBilgisi/Tamam_Butonu' located by 'By.xpath: //div[@id='btnSelectCustomer_CD']/span' in '10' second(s)

2021-11-19 16:58:13 - [MESSAGE][INFO] - Smart Wait Function is triggered

2021-11-19 16:58:13 - [MESSAGE][INFO] - Found 1 web elements with id: 'Object Repository/Olusturma/Genel/AliciBilgisi/Tamam_Butonu' located by 'By.xpath: //div[@id='btnSelectCustomer_CD']/span' in '10' second(s)

2021-11-19 16:58:13 - [MESSAGE][PASSED] - Object 'Object Repository/Olusturma/Genel/AliciBilgisi/Tamam_Butonu' is clickable

2021-11-19 16:58:13 - [MESSAGE][INFO] - Switching to default content

2021-11-19 16:58:13 - [TEST_STEP][PASSED] - click(findTestObject("Olusturma/Genel/AliciBilgisi/Tamam_Butonu")): Switching to default content

2021-11-19 16:58:13 - [MESSAGE][INFO] - Finding Test Object 'Object Repository/Olusturma/Genel/AliciBilgisi/Tamam_Butonu'

2021-11-19 16:58:13 - [MESSAGE][INFO] - Finding Test Object 'Object Repository/Olusturma/Genel/AliciBilgisi/Alici_Bilgisi'

2021-11-19 16:58:13 - [MESSAGE][INFO] - Checking object

2021-11-19 16:58:13 - [MESSAGE][INFO] - Object: 'Object Repository/Olusturma/Genel/AliciBilgisi/Tamam_Butonu' has parent object(s)

2021-11-19 16:58:13 - [MESSAGE][INFO] - Switching to iframe: 'Object Repository/Olusturma/Genel/AliciBilgisi/Alici_Bilgisi'

2021-11-19 16:58:13 - [MESSAGE][INFO] - Finding web element from Test Object's properties

2021-11-19 16:58:13 - [MESSAGE][INFO] - Checking timeout

2021-11-19 16:58:13 - [MESSAGE][INFO] - Finding web element with id: 'Object Repository/Olusturma/Genel/AliciBilgisi/Alici_Bilgisi' located by 'By.xpath: //iframe[@id='customerselectiframe']' in '30' second(s)

2021-11-19 16:58:13 - [MESSAGE][INFO] - Smart Wait Function is triggered

2021-11-19 16:58:13 - [MESSAGE][INFO] - Found 1 web elements with id: 'Object Repository/Olusturma/Genel/AliciBilgisi/Alici_Bilgisi' located by 'By.xpath: //iframe[@id='customerselectiframe']' in '30' second(s)

2021-11-19 16:58:13 - [MESSAGE][INFO] - Switched to iframe: 'Object Repository/Olusturma/Genel/AliciBilgisi/Alici_Bilgisi'

2021-11-19 16:58:13 - [MESSAGE][INFO] - Finding web element from Test Object's properties

2021-11-19 16:58:13 - [MESSAGE][INFO] - Checking timeout

2021-11-19 16:58:13 - [MESSAGE][INFO] - Finding web element with id: 'Object Repository/Olusturma/Genel/AliciBilgisi/Tamam_Butonu' located by 'By.xpath: //div[@id='btnSelectCustomer_CD']/span' in '30' second(s)

2021-11-19 16:58:13 - [MESSAGE][INFO] - Smart Wait Function is triggered

2021-11-19 16:58:13 - [MESSAGE][INFO] - Found 1 web elements with id: 'Object Repository/Olusturma/Genel/AliciBilgisi/Tamam_Butonu' located by 'By.xpath: //div[@id='btnSelectCustomer_CD']/span' in '30' second(s)

2021-11-19 16:58:13 - [MESSAGE][INFO] - Clicking on object: 'Object Repository/Olusturma/Genel/AliciBilgisi/Tamam_Butonu'

2021-11-19 16:58:13 - [MESSAGE][PASSED] - Object: 'Object Repository/Olusturma/Genel/AliciBilgisi/Tamam_Butonu' is clicked on

2021-11-19 16:58:13 - [MESSAGE][INFO] - Switching to default content

2021-11-19 16:58:13 - [TEST_STEP][PASSED] - waitForElementPresent(findTestObject("Olusturma/Genel/AliciBilgisi/VKN-TCKN"), 10): Object 'Object Repository/Olusturma/Genel/AliciBilgisi/VKN-TCKN' is present

2021-11-19 16:58:13 - [MESSAGE][INFO] - Finding Test Object 'Object Repository/Olusturma/Genel/AliciBilgisi/VKN-TCKN'

2021-11-19 16:58:14 - [MESSAGE][INFO] - Checking object

2021-11-19 16:58:14 - [MESSAGE][INFO] - Finding web element from Test Object's properties

2021-11-19 16:58:14 - [MESSAGE][INFO] - Checking timeout

2021-11-19 16:58:14 - [MESSAGE][INFO] - Finding web element with id: 'Object Repository/Olusturma/Genel/AliciBilgisi/VKN-TCKN' located by 'By.xpath: //*[@id = 'txtVknTckn_I']' in '10' second(s)

2021-11-19 16:58:14 - [MESSAGE][INFO] - Smart Wait Function is triggered

2021-11-19 16:58:14 - [MESSAGE][INFO] - Found 1 web elements with id: 'Object Repository/Olusturma/Genel/AliciBilgisi/VKN-TCKN' located by 'By.xpath: //*[@id = 'txtVknTckn_I']' in '10' second(s)

2021-11-19 16:58:14 - [MESSAGE][PASSED] - Object 'Object Repository/Olusturma/Genel/AliciBilgisi/VKN-TCKN' is present

2021-11-19 16:58:14 - [TEST_STEP][PASSED] - text = getAttribute(findTestObject("Olusturma/Genel/AliciBilgisi/VKN-TCKN"), "value"): Attribute 'value' of object 'Object Repository/Olusturma/Genel/AliciBilgisi/VKN-TCKN' is: '5321181097'

2021-11-19 16:58:14 - [MESSAGE][INFO] - Finding Test Object 'Object Repository/Olusturma/Genel/AliciBilgisi/VKN-TCKN'

2021-11-19 16:58:14 - [MESSAGE][INFO] - Checking object

2021-11-19 16:58:14 - [MESSAGE][INFO] - Checking attribute

2021-11-19 16:58:14 - [MESSAGE][INFO] - Finding web element from Test Object's properties

2021-11-19 16:58:14 - [MESSAGE][INFO] - Checking timeout

2021-11-19 16:58:14 - [MESSAGE][INFO] - Finding web element with id: 'Object Repository/Olusturma/Genel/AliciBilgisi/VKN-TCKN' located by 'By.xpath: //*[@id = 'txtVknTckn_I']' in '30' second(s)

2021-11-19 16:58:14 - [MESSAGE][INFO] - Smart Wait Function is triggered

2021-11-19 16:58:14 - [MESSAGE][INFO] - Found 1 web elements with id: 'Object Repository/Olusturma/Genel/AliciBilgisi/VKN-TCKN' located by 'By.xpath: //*[@id = 'txtVknTckn_I']' in '30' second(s)

2021-11-19 16:58:14 - [MESSAGE][INFO] - Getting attribute 'value' of object 'Object Repository/Olusturma/Genel/AliciBilgisi/VKN-TCKN'

2021-11-19 16:58:14 - [MESSAGE][PASSED] - Attribute 'value' of object 'Object Repository/Olusturma/Genel/AliciBilgisi/VKN-TCKN' is: '5321181097'

2021-11-19 16:58:14 - [TEST_STEP][PASSED] - if (text.equals("")): null

2021-11-19 16:58:14 - [MESSAGE][PASSED] - Call Test Case 'Test Cases/Olusturma/Genel/AliciSecilir' successfully

2021-11-19 16:58:14 - [MESSAGE][INFO] - Checking called Test Case

2021-11-19 16:58:14 - [MESSAGE][INFO] - Starting to call Test Case 'Test Cases/Olusturma/Genel/GonderimSekliSecilir'

2021-11-19 16:58:14 - [TEST_CASE][PASSED] - Test Cases/Olusturma/Genel/GonderimSekliSecilir: Test Cases/Olusturma/Genel/GonderimSekliSecilir

2021-11-19 16:58:14 - [TEST_STEP][PASSED] - waitForElementClickable(findTestObject("Object Repository/Olusturma/Genel/GonderimSekli/GonderimSekli"), 10): Object 'Object Repository/Olusturma/Genel/GonderimSekli/GonderimSekli' is clickable

2021-11-19 16:58:14 - [MESSAGE][INFO] - Finding Test Object 'Object Repository/Olusturma/Genel/GonderimSekli/GonderimSekli'

2021-11-19 16:58:15 - [MESSAGE][INFO] - Checking object

2021-11-19 16:58:15 - [MESSAGE][INFO] - Checking timeout

2021-11-19 16:58:15 - [MESSAGE][INFO] - Finding web element from Test Object's properties

2021-11-19 16:58:15 - [MESSAGE][INFO] - Checking timeout

2021-11-19 16:58:15 - [MESSAGE][INFO] - Finding web element with id: 'Object Repository/Olusturma/Genel/GonderimSekli/GonderimSekli' located by 'By.xpath: //*[@id = 'txtGonderimSekil_I']' in '10' second(s)

2021-11-19 16:58:15 - [MESSAGE][INFO] - Smart Wait Function is triggered

2021-11-19 16:58:15 - [MESSAGE][INFO] - Found 1 web elements with id: 'Object Repository/Olusturma/Genel/GonderimSekli/GonderimSekli' located by 'By.xpath: //*[@id = 'txtGonderimSekil_I']' in '10' second(s)

2021-11-19 16:58:15 - [MESSAGE][PASSED] - Object 'Object Repository/Olusturma/Genel/GonderimSekli/GonderimSekli' is clickable

2021-11-19 16:58:15 - [TEST_STEP][PASSED] - click(findTestObject("Object Repository/Olusturma/Genel/GonderimSekli/GonderimSekli")): Object: 'Object Repository/Olusturma/Genel/GonderimSekli/GonderimSekli' is clicked on

2021-11-19 16:58:15 - [MESSAGE][INFO] - Finding Test Object 'Object Repository/Olusturma/Genel/GonderimSekli/GonderimSekli'

2021-11-19 16:58:15 - [MESSAGE][INFO] - Checking object

2021-11-19 16:58:15 - [MESSAGE][INFO] - Finding web element from Test Object's properties

2021-11-19 16:58:15 - [MESSAGE][INFO] - Checking timeout

2021-11-19 16:58:15 - [MESSAGE][INFO] - Finding web element with id: 'Object Repository/Olusturma/Genel/GonderimSekli/GonderimSekli' located by 'By.xpath: //*[@id = 'txtGonderimSekil_I']' in '30' second(s)

2021-11-19 16:58:15 - [MESSAGE][INFO] - Smart Wait Function is triggered

2021-11-19 16:58:15 - [MESSAGE][INFO] - Found 1 web elements with id: 'Object Repository/Olusturma/Genel/GonderimSekli/GonderimSekli' located by 'By.xpath: //*[@id = 'txtGonderimSekil_I']' in '30' second(s)

2021-11-19 16:58:15 - [MESSAGE][INFO] - Clicking on object: 'Object Repository/Olusturma/Genel/GonderimSekli/GonderimSekli'

2021-11-19 16:58:15 - [MESSAGE][PASSED] - Object: 'Object Repository/Olusturma/Genel/GonderimSekli/GonderimSekli' is clicked on

2021-11-19 16:58:15 - [TEST_STEP][PASSED] - Method.TextDegerineEsitElementeTikla(findTestObject("Object Repository/Olusturma/Genel/GonderimSekli/GonderimSekliAdi"), GonderimSekli): Method.TextDegerineEsitElementeTikla is PASSED

2021-11-19 16:58:15 - [MESSAGE][INFO] - Finding Test Object 'Object Repository/Olusturma/Genel/GonderimSekli/GonderimSekliAdi'

2021-11-19 16:58:16 - [MESSAGE][INFO] - Checking timeout

2021-11-19 16:58:16 - [MESSAGE][INFO] - Finding web element with id: 'Object Repository/Olusturma/Genel/GonderimSekli/GonderimSekliAdi' located by 'By.cssSelector: #txtGonderimSekil_DDD_L_LBT td' in '10' second(s)

2021-11-19 16:58:16 - [MESSAGE][INFO] - Smart Wait Function is triggered

2021-11-19 16:58:16 - [MESSAGE][INFO] - Found 2 web elements with id: 'Object Repository/Olusturma/Genel/GonderimSekli/GonderimSekliAdi' located by 'By.cssSelector: #txtGonderimSekil_DDD_L_LBT td' in '10' second(s)

2021-11-19 16:58:16 - [MESSAGE][PASSED] - Method.TextDegerineEsitElementeTikla is PASSED

2021-11-19 16:58:16 - [MESSAGE][PASSED] - Call Test Case 'Test Cases/Olusturma/Genel/GonderimSekliSecilir' successfully

2021-11-19 16:58:16 - [MESSAGE][INFO] - Checking called Test Case

2021-11-19 16:58:16 - [MESSAGE][INFO] - Starting to call Test Case 'Test Cases/Olusturma/Genel/TipSecilir'

2021-11-19 16:58:16 - [TEST_CASE][PASSED] - Test Cases/Olusturma/Genel/TipSecilir: Test Cases/Olusturma/Genel/TipSecilir

2021-11-19 16:58:16 - [TEST_STEP][PASSED] - waitForElementClickable(findTestObject("Olusturma/Genel/TipSecilir/Tip"), 10): Object 'Object Repository/Olusturma/Genel/TipSecilir/Tip' is clickable

2021-11-19 16:58:16 - [MESSAGE][INFO] - Finding Test Object 'Object Repository/Olusturma/Genel/TipSecilir/Tip'

2021-11-19 16:58:16 - [MESSAGE][INFO] - Checking object

2021-11-19 16:58:16 - [MESSAGE][INFO] - Checking timeout

2021-11-19 16:58:16 - [MESSAGE][INFO] - Finding web element from Test Object's properties

2021-11-19 16:58:16 - [MESSAGE][INFO] - Checking timeout

2021-11-19 16:58:16 - [MESSAGE][INFO] - Finding web element with id: 'Object Repository/Olusturma/Genel/TipSecilir/Tip' located by 'By.xpath: //*[@id = 'DocumentTypeCode_I']' in '10' second(s)

2021-11-19 16:58:16 - [MESSAGE][INFO] - Smart Wait Function is triggered

2021-11-19 16:58:17 - [MESSAGE][INFO] - Found 1 web elements with id: 'Object Repository/Olusturma/Genel/TipSecilir/Tip' located by 'By.xpath: //*[@id = 'DocumentTypeCode_I']' in '10' second(s)

2021-11-19 16:58:17 - [MESSAGE][PASSED] - Object 'Object Repository/Olusturma/Genel/TipSecilir/Tip' is clickable

2021-11-19 16:58:17 - [TEST_STEP][PASSED] - click(findTestObject("Olusturma/Genel/TipSecilir/Tip")): Object: 'Object Repository/Olusturma/Genel/TipSecilir/Tip' is clicked on

2021-11-19 16:58:17 - [MESSAGE][INFO] - Finding Test Object 'Object Repository/Olusturma/Genel/TipSecilir/Tip'

2021-11-19 16:58:17 - [MESSAGE][INFO] - Checking object

2021-11-19 16:58:17 - [MESSAGE][INFO] - Finding web element from Test Object's properties

2021-11-19 16:58:17 - [MESSAGE][INFO] - Checking timeout

2021-11-19 16:58:17 - [MESSAGE][INFO] - Finding web element with id: 'Object Repository/Olusturma/Genel/TipSecilir/Tip' located by 'By.xpath: //*[@id = 'DocumentTypeCode_I']' in '30' second(s)

2021-11-19 16:58:17 - [MESSAGE][INFO] - Smart Wait Function is triggered

2021-11-19 16:58:17 - [MESSAGE][INFO] - Found 1 web elements with id: 'Object Repository/Olusturma/Genel/TipSecilir/Tip' located by 'By.xpath: //*[@id = 'DocumentTypeCode_I']' in '30' second(s)

2021-11-19 16:58:17 - [MESSAGE][INFO] - Clicking on object: 'Object Repository/Olusturma/Genel/TipSecilir/Tip'

2021-11-19 16:58:17 - [MESSAGE][PASSED] - Object: 'Object Repository/Olusturma/Genel/TipSecilir/Tip' is clicked on

2021-11-19 16:58:17 - [TEST_STEP][PASSED] - Method.TextDegerineEsitElementeTikla(findTestObject("Object Repository/Olusturma/Genel/TipSecilir/Tip_Adi"), Tip): Method.TextDegerineEsitElementeTikla is PASSED

2021-11-19 16:58:17 - [MESSAGE][INFO] - Finding Test Object 'Object Repository/Olusturma/Genel/TipSecilir/Tip_Adi'

2021-11-19 16:58:17 - [MESSAGE][INFO] - Checking timeout

2021-11-19 16:58:17 - [MESSAGE][INFO] - Finding web element with id: 'Object Repository/Olusturma/Genel/TipSecilir/Tip_Adi' located by 'By.cssSelector: #DocumentTypeCode_DDD_L_LBT td' in '10' second(s)

2021-11-19 16:58:17 - [MESSAGE][INFO] - Smart Wait Function is triggered

2021-11-19 16:58:17 - [MESSAGE][INFO] - Found 9 web elements with id: 'Object Repository/Olusturma/Genel/TipSecilir/Tip_Adi' located by 'By.cssSelector: #DocumentTypeCode_DDD_L_LBT td' in '10' second(s)

2021-11-19 16:58:18 - [MESSAGE][PASSED] - Method.TextDegerineEsitElementeTikla is PASSED

2021-11-19 16:58:18 - [MESSAGE][PASSED] - Call Test Case 'Test Cases/Olusturma/Genel/TipSecilir' successfully

2021-11-19 16:58:18 - [MESSAGE][INFO] - Checking called Test Case

2021-11-19 16:58:18 - [MESSAGE][INFO] - Starting to call Test Case 'Test Cases/Olusturma/Genel/DokumanParaBirimiSecilir'

2021-11-19 16:58:18 - [TEST_CASE][PASSED] - Test Cases/Olusturma/Genel/DokumanParaBirimiSecilir: Test Cases/Olusturma/Genel/DokumanParaBirimiSecilir

2021-11-19 16:58:18 - [TEST_STEP][PASSED] - waitForElementClickable(findTestObject("Object Repository/Olusturma/Genel/DokumanParaBirimiSecilir/Para"), 10): Object 'Object Repository/Olusturma/Genel/DokumanParaBirimiSecilir/Para' is clickable

2021-11-19 16:58:18 - [MESSAGE][INFO] - Finding Test Object 'Object Repository/Olusturma/Genel/DokumanParaBirimiSecilir/Para'

2021-11-19 16:58:18 - [MESSAGE][INFO] - Checking object

2021-11-19 16:58:18 - [MESSAGE][INFO] - Checking timeout

2021-11-19 16:58:18 - [MESSAGE][INFO] - Finding web element from Test Object's properties

2021-11-19 16:58:18 - [MESSAGE][INFO] - Checking timeout

2021-11-19 16:58:18 - [MESSAGE][INFO] - Finding web element with id: 'Object Repository/Olusturma/Genel/DokumanParaBirimiSecilir/Para' located by 'By.xpath: //*[@id = 'CurrencyUnit_I']' in '10' second(s)

2021-11-19 16:58:18 - [MESSAGE][INFO] - Smart Wait Function is triggered

2021-11-19 16:58:20 - [MESSAGE][INFO] - Found 1 web elements with id: 'Object Repository/Olusturma/Genel/DokumanParaBirimiSecilir/Para' located by 'By.xpath: //*[@id = 'CurrencyUnit_I']' in '10' second(s)

2021-11-19 16:58:20 - [MESSAGE][PASSED] - Object 'Object Repository/Olusturma/Genel/DokumanParaBirimiSecilir/Para' is clickable

2021-11-19 16:58:20 - [TEST_STEP][PASSED] - click(findTestObject("Object Repository/Olusturma/Genel/DokumanParaBirimiSecilir/Para")): Object: 'Object Repository/Olusturma/Genel/DokumanParaBirimiSecilir/Para' is clicked on

2021-11-19 16:58:20 - [MESSAGE][INFO] - Finding Test Object 'Object Repository/Olusturma/Genel/DokumanParaBirimiSecilir/Para'

2021-11-19 16:58:20 - [MESSAGE][INFO] - Checking object

2021-11-19 16:58:20 - [MESSAGE][INFO] - Finding web element from Test Object's properties

2021-11-19 16:58:20 - [MESSAGE][INFO] - Checking timeout

2021-11-19 16:58:20 - [MESSAGE][INFO] - Finding web element with id: 'Object Repository/Olusturma/Genel/DokumanParaBirimiSecilir/Para' located by 'By.xpath: //*[@id = 'CurrencyUnit_I']' in '30' second(s)

2021-11-19 16:58:20 - [MESSAGE][INFO] - Smart Wait Function is triggered

2021-11-19 16:58:20 - [MESSAGE][INFO] - Found 1 web elements with id: 'Object Repository/Olusturma/Genel/DokumanParaBirimiSecilir/Para' located by 'By.xpath: //*[@id = 'CurrencyUnit_I']' in '30' second(s)

2021-11-19 16:58:20 - [MESSAGE][INFO] - Clicking on object: 'Object Repository/Olusturma/Genel/DokumanParaBirimiSecilir/Para'

2021-11-19 16:58:20 - [MESSAGE][PASSED] - Object: 'Object Repository/Olusturma/Genel/DokumanParaBirimiSecilir/Para' is clicked on

2021-11-19 16:58:20 - [TEST_STEP][PASSED] - Method.TextDegerineEsitElementeTikla(findTestObject("Object Repository/Olusturma/Genel/DokumanParaBirimiSecilir/Para_Adi"), Para): Method.TextDegerineEsitElementeTikla is PASSED

2021-11-19 16:58:20 - [MESSAGE][INFO] - Finding Test Object 'Object Repository/Olusturma/Genel/DokumanParaBirimiSecilir/Para_Adi'

2021-11-19 16:58:21 - [MESSAGE][INFO] - Checking timeout

2021-11-19 16:58:21 - [MESSAGE][INFO] - Finding web element with id: 'Object Repository/Olusturma/Genel/DokumanParaBirimiSecilir/Para_Adi' located by 'By.cssSelector: #CurrencyUnit_DDD_L_LBT td' in '10' second(s)

2021-11-19 16:58:21 - [MESSAGE][INFO] - Smart Wait Function is triggered

2021-11-19 16:58:21 - [MESSAGE][INFO] - Found 203 web elements with id: 'Object Repository/Olusturma/Genel/DokumanParaBirimiSecilir/Para_Adi' located by 'By.cssSelector: #CurrencyUnit_DDD_L_LBT td' in '10' second(s)

2021-11-19 16:58:25 - [MESSAGE][PASSED] - Method.TextDegerineEsitElementeTikla is PASSED

2021-11-19 16:58:25 - [MESSAGE][PASSED] - Call Test Case 'Test Cases/Olusturma/Genel/DokumanParaBirimiSecilir' successfully

2021-11-19 16:58:25 - [MESSAGE][INFO] - Checking called Test Case

2021-11-19 16:58:25 - [MESSAGE][INFO] - Starting to call Test Case 'Test Cases/Olusturma/Genel/OnEkSecilir'

2021-11-19 16:58:25 - [TEST_CASE][PASSED] - Test Cases/Olusturma/Genel/OnEkSecilir: Test Cases/Olusturma/Genel/OnEkSecilir

2021-11-19 16:58:25 - [TEST_STEP][PASSED] - waitForElementClickable(findTestObject("Object Repository/Olusturma/Genel/OnEkSecilir/OnEk"), 10): Object 'Object Repository/Olusturma/Genel/OnEkSecilir/OnEk' is clickable

2021-11-19 16:58:25 - [MESSAGE][INFO] - Finding Test Object 'Object Repository/Olusturma/Genel/OnEkSecilir/OnEk'

2021-11-19 16:58:25 - [MESSAGE][INFO] - Checking object

2021-11-19 16:58:25 - [MESSAGE][INFO] - Checking timeout

2021-11-19 16:58:25 - [MESSAGE][INFO] - Finding web element from Test Object's properties

2021-11-19 16:58:25 - [MESSAGE][INFO] - Checking timeout

2021-11-19 16:58:25 - [MESSAGE][INFO] - Finding web element with id: 'Object Repository/Olusturma/Genel/OnEkSecilir/OnEk' located by 'By.xpath: //*[@id = 'InvoicePrefix_I']' in '10' second(s)

2021-11-19 16:58:25 - [MESSAGE][INFO] - Smart Wait Function is triggered

2021-11-19 16:58:26 - [MESSAGE][INFO] - Found 1 web elements with id: 'Object Repository/Olusturma/Genel/OnEkSecilir/OnEk' located by 'By.xpath: //*[@id = 'InvoicePrefix_I']' in '10' second(s)

2021-11-19 16:58:26 - [MESSAGE][PASSED] - Object 'Object Repository/Olusturma/Genel/OnEkSecilir/OnEk' is clickable

2021-11-19 16:58:26 - [TEST_STEP][PASSED] - click(findTestObject("Object Repository/Olusturma/Genel/OnEkSecilir/OnEk")): Object: 'Object Repository/Olusturma/Genel/OnEkSecilir/OnEk' is clicked on

2021-11-19 16:58:26 - [MESSAGE][INFO] - Finding Test Object 'Object Repository/Olusturma/Genel/OnEkSecilir/OnEk'

2021-11-19 16:58:26 - [MESSAGE][INFO] - Checking object

2021-11-19 16:58:26 - [MESSAGE][INFO] - Finding web element from Test Object's properties

2021-11-19 16:58:26 - [MESSAGE][INFO] - Checking timeout

2021-11-19 16:58:26 - [MESSAGE][INFO] - Finding web element with id: 'Object Repository/Olusturma/Genel/OnEkSecilir/OnEk' located by 'By.xpath: //*[@id = 'InvoicePrefix_I']' in '30' second(s)

2021-11-19 16:58:26 - [MESSAGE][INFO] - Smart Wait Function is triggered

2021-11-19 16:58:26 - [MESSAGE][INFO] - Found 1 web elements with id: 'Object Repository/Olusturma/Genel/OnEkSecilir/OnEk' located by 'By.xpath: //*[@id = 'InvoicePrefix_I']' in '30' second(s)

2021-11-19 16:58:26 - [MESSAGE][INFO] - Clicking on object: 'Object Repository/Olusturma/Genel/OnEkSecilir/OnEk'

2021-11-19 16:58:26 - [MESSAGE][PASSED] - Object: 'Object Repository/Olusturma/Genel/OnEkSecilir/OnEk' is clicked on

2021-11-19 16:58:26 - [TEST_STEP][PASSED] - Method.TextDegerineEsitElementeTiklaEquals(findTestObject("Object Repository/Olusturma/Genel/OnEkSecilir/OnEkAdi"), Ek): Method.TextDegerineEsitElementeTiklaEquals is PASSED

2021-11-19 16:58:26 - [MESSAGE][INFO] - Finding Test Object 'Object Repository/Olusturma/Genel/OnEkSecilir/OnEkAdi'

2021-11-19 16:58:26 - [MESSAGE][INFO] - Checking timeout

2021-11-19 16:58:26 - [MESSAGE][INFO] - Finding web element with id: 'Object Repository/Olusturma/Genel/OnEkSecilir/OnEkAdi' located by 'By.cssSelector: #InvoicePrefix_DDD_L_LBT td' in '10' second(s)

2021-11-19 16:58:26 - [MESSAGE][INFO] - Smart Wait Function is triggered

2021-11-19 16:58:27 - [MESSAGE][INFO] - Found 1 web elements with id: 'Object Repository/Olusturma/Genel/OnEkSecilir/OnEkAdi' located by 'By.cssSelector: #InvoicePrefix_DDD_L_LBT td' in '10' second(s)

2021-11-19 16:58:27 - [MESSAGE][PASSED] - Method.TextDegerineEsitElementeTiklaEquals is PASSED

2021-11-19 16:58:27 - [MESSAGE][PASSED] - Call Test Case 'Test Cases/Olusturma/Genel/OnEkSecilir' successfully

2021-11-19 16:58:27 - [MESSAGE][INFO] - Checking called Test Case

2021-11-19 16:58:27 - [MESSAGE][INFO] - Starting to call Test Case 'Test Cases/Olusturma/Genel/TasarimSecilir'

2021-11-19 16:58:27 - [TEST_CASE][PASSED] - Test Cases/Olusturma/Genel/TasarimSecilir: Test Cases/Olusturma/Genel/TasarimSecilir

2021-11-19 16:58:27 - [TEST_STEP][PASSED] - waitForElementClickable(findTestObject("Object Repository/Olusturma/Genel/TasarimSecilir/Tasarim"), 10): Object 'Object Repository/Olusturma/Genel/TasarimSecilir/Tasarim' is clickable

2021-11-19 16:58:27 - [MESSAGE][INFO] - Finding Test Object 'Object Repository/Olusturma/Genel/TasarimSecilir/Tasarim'

2021-11-19 16:58:27 - [MESSAGE][INFO] - Checking object

2021-11-19 16:58:27 - [MESSAGE][INFO] - Checking timeout

2021-11-19 16:58:27 - [MESSAGE][INFO] - Finding web element from Test Object's properties

2021-11-19 16:58:27 - [MESSAGE][INFO] - Checking timeout

2021-11-19 16:58:27 - [MESSAGE][INFO] - Finding web element with id: 'Object Repository/Olusturma/Genel/TasarimSecilir/Tasarim' located by 'By.xpath: //*[@id = 'DesignId_I']' in '10' second(s)

2021-11-19 16:58:27 - [MESSAGE][INFO] - Smart Wait Function is triggered

2021-11-19 16:58:27 - [MESSAGE][INFO] - Found 1 web elements with id: 'Object Repository/Olusturma/Genel/TasarimSecilir/Tasarim' located by 'By.xpath: //*[@id = 'DesignId_I']' in '10' second(s)

2021-11-19 16:58:27 - [MESSAGE][PASSED] - Object 'Object Repository/Olusturma/Genel/TasarimSecilir/Tasarim' is clickable

2021-11-19 16:58:27 - [TEST_STEP][PASSED] - click(findTestObject("Object Repository/Olusturma/Genel/TasarimSecilir/Tasarim")): Object: 'Object Repository/Olusturma/Genel/TasarimSecilir/Tasarim' is clicked on

2021-11-19 16:58:27 - [MESSAGE][INFO] - Finding Test Object 'Object Repository/Olusturma/Genel/TasarimSecilir/Tasarim'

2021-11-19 16:58:27 - [MESSAGE][INFO] - Checking object

2021-11-19 16:58:27 - [MESSAGE][INFO] - Finding web element from Test Object's properties

2021-11-19 16:58:27 - [MESSAGE][INFO] - Checking timeout

2021-11-19 16:58:27 - [MESSAGE][INFO] - Finding web element with id: 'Object Repository/Olusturma/Genel/TasarimSecilir/Tasarim' located by 'By.xpath: //*[@id = 'DesignId_I']' in '30' second(s)

2021-11-19 16:58:27 - [MESSAGE][INFO] - Smart Wait Function is triggered

2021-11-19 16:58:28 - [MESSAGE][INFO] - Found 1 web elements with id: 'Object Repository/Olusturma/Genel/TasarimSecilir/Tasarim' located by 'By.xpath: //*[@id = 'DesignId_I']' in '30' second(s)

2021-11-19 16:58:28 - [MESSAGE][INFO] - Clicking on object: 'Object Repository/Olusturma/Genel/TasarimSecilir/Tasarim'

2021-11-19 16:58:28 - [MESSAGE][PASSED] - Object: 'Object Repository/Olusturma/Genel/TasarimSecilir/Tasarim' is clicked on

2021-11-19 16:58:28 - [TEST_STEP][PASSED] - Method.TextDegerineEsitElementeTikla(findTestObject("Object Repository/Olusturma/Genel/TasarimSecilir/Tasarim_Adi"), Tasarim): Method.TextDegerineEsitElementeTikla is PASSED

2021-11-19 16:58:28 - [MESSAGE][INFO] - Finding Test Object 'Object Repository/Olusturma/Genel/TasarimSecilir/Tasarim_Adi'

2021-11-19 16:58:28 - [MESSAGE][INFO] - Checking timeout

2021-11-19 16:58:28 - [MESSAGE][INFO] - Finding web element with id: 'Object Repository/Olusturma/Genel/TasarimSecilir/Tasarim_Adi' located by 'By.cssSelector: #DesignId_DDD_L_LBT td' in '10' second(s)

2021-11-19 16:58:28 - [MESSAGE][INFO] - Smart Wait Function is triggered

2021-11-19 16:58:28 - [MESSAGE][INFO] - Found 1 web elements with id: 'Object Repository/Olusturma/Genel/TasarimSecilir/Tasarim_Adi' located by 'By.cssSelector: #DesignId_DDD_L_LBT td' in '10' second(s)

2021-11-19 16:58:28 - [MESSAGE][PASSED] - Method.TextDegerineEsitElementeTikla is PASSED

2021-11-19 16:58:28 - [MESSAGE][PASSED] - Call Test Case 'Test Cases/Olusturma/Genel/TasarimSecilir' successfully

2021-11-19 16:58:28 - [MESSAGE][INFO] - Checking called Test Case

2021-11-19 16:58:28 - [MESSAGE][INFO] - Starting to call Test Case 'Test Cases/Olusturma/Genel/Kutular/SiparisBilgileriGirilir'

2021-11-19 16:58:28 - [TEST_CASE][PASSED] - Test Cases/Olusturma/Genel/Kutular/SiparisBilgileriGirilir: Test Cases/Olusturma/Genel/Kutular/SiparisBilgileriGirilir

2021-11-19 16:58:28 - [TEST_STEP][PASSED] - Method.TextDegerineEsitElementeTikla(findTestObject("Olusturma/Genel/Kutular/KapaliKutular"), "Sipariş Bilgileri"): Method.TextDegerineEsitElementeTikla is PASSED

2021-11-19 16:58:28 - [MESSAGE][INFO] - Finding Test Object 'Object Repository/Olusturma/Genel/Kutular/KapaliKutular'

2021-11-19 16:58:28 - [MESSAGE][INFO] - Checking timeout

2021-11-19 16:58:28 - [MESSAGE][INFO] - Finding web element with id: 'Object Repository/Olusturma/Genel/Kutular/KapaliKutular' located by 'By.cssSelector: .dxnb-headerCollapsed>span' in '10' second(s)

2021-11-19 16:58:28 - [MESSAGE][INFO] - Smart Wait Function is triggered

2021-11-19 16:58:29 - [MESSAGE][INFO] - Found 8 web elements with id: 'Object Repository/Olusturma/Genel/Kutular/KapaliKutular' located by 'By.cssSelector: .dxnb-headerCollapsed>span' in '10' second(s)

2021-11-19 16:58:29 - [MESSAGE][PASSED] - Method.TextDegerineEsitElementeTikla is PASSED

2021-11-19 16:58:29 - [TEST_STEP][PASSED] - waitForElementPresent(findTestObject("Object Repository/Olusturma/Genel/Kutular/SiparisBilgileri/SiparisNo"), 10): Object 'Object Repository/Olusturma/Genel/Kutular/SiparisBilgileri/SiparisNo' is present

2021-11-19 16:58:29 - [MESSAGE][INFO] - Finding Test Object 'Object Repository/Olusturma/Genel/Kutular/SiparisBilgileri/SiparisNo'

2021-11-19 16:58:29 - [MESSAGE][INFO] - Checking object

2021-11-19 16:58:29 - [MESSAGE][INFO] - Finding web element from Test Object's properties

2021-11-19 16:58:29 - [MESSAGE][INFO] - Checking timeout

2021-11-19 16:58:29 - [MESSAGE][INFO] - Finding web element with id: 'Object Repository/Olusturma/Genel/Kutular/SiparisBilgileri/SiparisNo' located by 'By.xpath: //*[@id = 'txtSiparisNo_I']' in '10' second(s)

2021-11-19 16:58:29 - [MESSAGE][INFO] - Smart Wait Function is triggered

2021-11-19 16:58:29 - [MESSAGE][INFO] - Found 1 web elements with id: 'Object Repository/Olusturma/Genel/Kutular/SiparisBilgileri/SiparisNo' located by 'By.xpath: //*[@id = 'txtSiparisNo_I']' in '10' second(s)

2021-11-19 16:58:29 - [MESSAGE][PASSED] - Object 'Object Repository/Olusturma/Genel/Kutular/SiparisBilgileri/SiparisNo' is present

2021-11-19 16:58:29 - [TEST_STEP][PASSED] - clearText(findTestObject("Object Repository/Olusturma/Genel/Kutular/SiparisBilgileri/SiparisNo")): Text of object 'Object Repository/Olusturma/Genel/Kutular/SiparisBilgileri/SiparisNo' is cleared

2021-11-19 16:58:29 - [MESSAGE][INFO] - Finding Test Object 'Object Repository/Olusturma/Genel/Kutular/SiparisBilgileri/SiparisNo'

2021-11-19 16:58:29 - [MESSAGE][INFO] - Checking object

2021-11-19 16:58:29 - [MESSAGE][INFO] - Finding web element from Test Object's properties

2021-11-19 16:58:29 - [MESSAGE][INFO] - Checking timeout

2021-11-19 16:58:29 - [MESSAGE][INFO] - Finding web element with id: 'Object Repository/Olusturma/Genel/Kutular/SiparisBilgileri/SiparisNo' located by 'By.xpath: //*[@id = 'txtSiparisNo_I']' in '30' second(s)

2021-11-19 16:58:29 - [MESSAGE][INFO] - Smart Wait Function is triggered

2021-11-19 16:58:29 - [MESSAGE][INFO] - Found 1 web elements with id: 'Object Repository/Olusturma/Genel/Kutular/SiparisBilgileri/SiparisNo' located by 'By.xpath: //*[@id = 'txtSiparisNo_I']' in '30' second(s)

2021-11-19 16:58:29 - [MESSAGE][INFO] - Clearing text of object 'Object Repository/Olusturma/Genel/Kutular/SiparisBilgileri/SiparisNo'

2021-11-19 16:58:30 - [MESSAGE][PASSED] - Text of object 'Object Repository/Olusturma/Genel/Kutular/SiparisBilgileri/SiparisNo' is cleared

2021-11-19 16:58:30 - [TEST_STEP][PASSED] - sendKeys(findTestObject("Object Repository/Olusturma/Genel/Kutular/SiparisBilgileri/SiparisNo"), SiparisNo): Keys 'UUC-SAT-1200001' sent to object: 'Object Repository/Olusturma/Genel/Kutular/SiparisBilgileri/SiparisNo'

2021-11-19 16:58:30 - [MESSAGE][INFO] - Finding Test Object 'Object Repository/Olusturma/Genel/Kutular/SiparisBilgileri/SiparisNo'

2021-11-19 16:58:30 - [MESSAGE][INFO] - Sending keys 'UUC-SAT-1200001' to object: 'Object Repository/Olusturma/Genel/Kutular/SiparisBilgileri/SiparisNo'

2021-11-19 16:58:30 - [MESSAGE][INFO] - Finding web element from Test Object's properties

2021-11-19 16:58:30 - [MESSAGE][INFO] - Checking timeout

2021-11-19 16:58:30 - [MESSAGE][INFO] - Finding web element with id: 'Object Repository/Olusturma/Genel/Kutular/SiparisBilgileri/SiparisNo' located by 'By.xpath: //*[@id = 'txtSiparisNo_I']' in '30' second(s)

2021-11-19 16:58:30 - [MESSAGE][INFO] - Smart Wait Function is triggered

2021-11-19 16:58:30 - [MESSAGE][INFO] - Found 1 web elements with id: 'Object Repository/Olusturma/Genel/Kutular/SiparisBilgileri/SiparisNo' located by 'By.xpath: //*[@id = 'txtSiparisNo_I']' in '30' second(s)

2021-11-19 16:58:30 - [MESSAGE][PASSED] - Keys 'UUC-SAT-1200001' sent to object: 'Object Repository/Olusturma/Genel/Kutular/SiparisBilgileri/SiparisNo'

2021-11-19 16:58:30 - [TEST_STEP][PASSED] - waitForElementClickable(findTestObject("Object Repository/Olusturma/Genel/Kutular/SiparisBilgileri/SiparisTarihiImage"), 10): Object 'Object Repository/Olusturma/Genel/Kutular/SiparisBilgileri/SiparisTarihiImage' is clickable

2021-11-19 16:58:30 - [MESSAGE][INFO] - Finding Test Object 'Object Repository/Olusturma/Genel/Kutular/SiparisBilgileri/SiparisTarihiImage'

2021-11-19 16:58:30 - [MESSAGE][INFO] - Checking object

2021-11-19 16:58:30 - [MESSAGE][INFO] - Checking timeout

2021-11-19 16:58:30 - [MESSAGE][INFO] - Finding web element from Test Object's properties

2021-11-19 16:58:30 - [MESSAGE][INFO] - Checking timeout

2021-11-19 16:58:30 - [MESSAGE][INFO] - Finding web element with id: 'Object Repository/Olusturma/Genel/Kutular/SiparisBilgileri/SiparisTarihiImage' located by 'By.cssSelector: #dateSiparisTarih img' in '10' second(s)

2021-11-19 16:58:30 - [MESSAGE][INFO] - Smart Wait Function is triggered

2021-11-19 16:58:30 - [MESSAGE][INFO] - Found 1 web elements with id: 'Object Repository/Olusturma/Genel/Kutular/SiparisBilgileri/SiparisTarihiImage' located by 'By.cssSelector: #dateSiparisTarih img' in '10' second(s)

2021-11-19 16:58:31 - [MESSAGE][PASSED] - Object 'Object Repository/Olusturma/Genel/Kutular/SiparisBilgileri/SiparisTarihiImage' is clickable

2021-11-19 16:58:31 - [TEST_STEP][PASSED] - click(findTestObject("Object Repository/Olusturma/Genel/Kutular/SiparisBilgileri/SiparisTarihiImage")): Object: 'Object Repository/Olusturma/Genel/Kutular/SiparisBilgileri/SiparisTarihiImage' is clicked on

2021-11-19 16:58:31 - [MESSAGE][INFO] - Finding Test Object 'Object Repository/Olusturma/Genel/Kutular/SiparisBilgileri/SiparisTarihiImage'

2021-11-19 16:58:31 - [MESSAGE][INFO] - Checking object

2021-11-19 16:58:31 - [MESSAGE][INFO] - Finding web element from Test Object's properties

2021-11-19 16:58:31 - [MESSAGE][INFO] - Checking timeout

2021-11-19 16:58:31 - [MESSAGE][INFO] - Finding web element with id: 'Object Repository/Olusturma/Genel/Kutular/SiparisBilgileri/SiparisTarihiImage' located by 'By.cssSelector: #dateSiparisTarih img' in '30' second(s)

2021-11-19 16:58:31 - [MESSAGE][INFO] - Smart Wait Function is triggered

2021-11-19 16:58:31 - [MESSAGE][INFO] - Found 1 web elements with id: 'Object Repository/Olusturma/Genel/Kutular/SiparisBilgileri/SiparisTarihiImage' located by 'By.cssSelector: #dateSiparisTarih img' in '30' second(s)

2021-11-19 16:58:31 - [MESSAGE][INFO] - Clicking on object: 'Object Repository/Olusturma/Genel/Kutular/SiparisBilgileri/SiparisTarihiImage'

2021-11-19 16:58:31 - [MESSAGE][PASSED] - Object: 'Object Repository/Olusturma/Genel/Kutular/SiparisBilgileri/SiparisTarihiImage' is clicked on

2021-11-19 16:58:31 - [TEST_STEP][PASSED] - waitForElementPresent(findTestObject("Object Repository/Olusturma/Genel/Kutular/SiparisBilgileri/SiparisTarihi"), 10): Object 'Object Repository/Olusturma/Genel/Kutular/SiparisBilgileri/SiparisTarihi' is present

2021-11-19 16:58:31 - [MESSAGE][INFO] - Finding Test Object 'Object Repository/Olusturma/Genel/Kutular/SiparisBilgileri/SiparisTarihi'

2021-11-19 16:58:31 - [MESSAGE][INFO] - Checking object

2021-11-19 16:58:31 - [MESSAGE][INFO] - Finding web element from Test Object's properties

2021-11-19 16:58:31 - [MESSAGE][INFO] - Checking timeout

2021-11-19 16:58:31 - [MESSAGE][INFO] - Finding web element with id: 'Object Repository/Olusturma/Genel/Kutular/SiparisBilgileri/SiparisTarihi' located by 'By.xpath: //*[@id = 'dateSiparisTarih_I']' in '10' second(s)

2021-11-19 16:58:31 - [MESSAGE][INFO] - Smart Wait Function is triggered

2021-11-19 16:58:32 - [MESSAGE][INFO] - Found 1 web elements with id: 'Object Repository/Olusturma/Genel/Kutular/SiparisBilgileri/SiparisTarihi' located by 'By.xpath: //*[@id = 'dateSiparisTarih_I']' in '10' second(s)

2021-11-19 16:58:32 - [MESSAGE][PASSED] - Object 'Object Repository/Olusturma/Genel/Kutular/SiparisBilgileri/SiparisTarihi' is present

2021-11-19 16:58:32 - [TEST_STEP][PASSED] - clearText(findTestObject("Object Repository/Olusturma/Genel/Kutular/SiparisBilgileri/SiparisTarihi")): Text of object 'Object Repository/Olusturma/Genel/Kutular/SiparisBilgileri/SiparisTarihi' is cleared

2021-11-19 16:58:32 - [MESSAGE][INFO] - Finding Test Object 'Object Repository/Olusturma/Genel/Kutular/SiparisBilgileri/SiparisTarihi'

2021-11-19 16:58:32 - [MESSAGE][INFO] - Checking object

2021-11-19 16:58:32 - [MESSAGE][INFO] - Finding web element from Test Object's properties

2021-11-19 16:58:32 - [MESSAGE][INFO] - Checking timeout

2021-11-19 16:58:32 - [MESSAGE][INFO] - Finding web element with id: 'Object Repository/Olusturma/Genel/Kutular/SiparisBilgileri/SiparisTarihi' located by 'By.xpath: //*[@id = 'dateSiparisTarih_I']' in '30' second(s)

2021-11-19 16:58:32 - [MESSAGE][INFO] - Smart Wait Function is triggered

2021-11-19 16:58:32 - [MESSAGE][INFO] - Found 1 web elements with id: 'Object Repository/Olusturma/Genel/Kutular/SiparisBilgileri/SiparisTarihi' located by 'By.xpath: //*[@id = 'dateSiparisTarih_I']' in '30' second(s)

2021-11-19 16:58:32 - [MESSAGE][INFO] - Clearing text of object 'Object Repository/Olusturma/Genel/Kutular/SiparisBilgileri/SiparisTarihi'

2021-11-19 16:58:32 - [MESSAGE][PASSED] - Text of object 'Object Repository/Olusturma/Genel/Kutular/SiparisBilgileri/SiparisTarihi' is cleared

2021-11-19 16:58:32 - [TEST_STEP][PASSED] - sendKeys(findTestObject("Object Repository/Olusturma/Genel/Kutular/SiparisBilgileri/SiparisTarihi"), Tarih): Keys '31.04.2020' sent to object: 'Object Repository/Olusturma/Genel/Kutular/SiparisBilgileri/SiparisTarihi'

2021-11-19 16:58:32 - [MESSAGE][INFO] - Finding Test Object 'Object Repository/Olusturma/Genel/Kutular/SiparisBilgileri/SiparisTarihi'

2021-11-19 16:58:32 - [MESSAGE][INFO] - Sending keys '31.04.2020' to object: 'Object Repository/Olusturma/Genel/Kutular/SiparisBilgileri/SiparisTarihi'

2021-11-19 16:58:32 - [MESSAGE][INFO] - Finding web element from Test Object's properties

2021-11-19 16:58:32 - [MESSAGE][INFO] - Checking timeout

2021-11-19 16:58:32 - [MESSAGE][INFO] - Finding web element with id: 'Object Repository/Olusturma/Genel/Kutular/SiparisBilgileri/SiparisTarihi' located by 'By.xpath: //*[@id = 'dateSiparisTarih_I']' in '30' second(s)

2021-11-19 16:58:32 - [MESSAGE][INFO] - Smart Wait Function is triggered

2021-11-19 16:58:32 - [MESSAGE][INFO] - Found 1 web elements with id: 'Object Repository/Olusturma/Genel/Kutular/SiparisBilgileri/SiparisTarihi' located by 'By.xpath: //*[@id = 'dateSiparisTarih_I']' in '30' second(s)

2021-11-19 16:58:33 - [MESSAGE][PASSED] - Keys '31.04.2020' sent to object: 'Object Repository/Olusturma/Genel/Kutular/SiparisBilgileri/SiparisTarihi'

2021-11-19 16:58:33 - [MESSAGE][PASSED] - Call Test Case 'Test Cases/Olusturma/Genel/Kutular/SiparisBilgileriGirilir' successfully

2021-11-19 16:58:33 - [MESSAGE][INFO] - Checking called Test Case

2021-11-19 16:58:33 - [MESSAGE][INFO] - Starting to call Test Case 'Test Cases/Olusturma/Genel/Kutular/IrsaliyeBilgileri'

2021-11-19 16:58:33 - [TEST_CASE][PASSED] - Test Cases/Olusturma/Genel/Kutular/IrsaliyeBilgileri: Test Cases/Olusturma/Genel/Kutular/IrsaliyeBilgileri

2021-11-19 16:58:33 - [TEST_STEP][PASSED] - Method.TextDegerineEsitElementeTikla(findTestObject("Olusturma/Genel/Kutular/KapaliKutular"), "İrsaliye Bilgileri"): Method.TextDegerineEsitElementeTikla is PASSED

2021-11-19 16:58:33 - [MESSAGE][INFO] - Finding Test Object 'Object Repository/Olusturma/Genel/Kutular/KapaliKutular'

2021-11-19 16:58:33 - [MESSAGE][INFO] - Checking timeout

2021-11-19 16:58:33 - [MESSAGE][INFO] - Finding web element with id: 'Object Repository/Olusturma/Genel/Kutular/KapaliKutular' located by 'By.cssSelector: .dxnb-headerCollapsed>span' in '10' second(s)

2021-11-19 16:58:33 - [MESSAGE][INFO] - Smart Wait Function is triggered

2021-11-19 16:58:33 - [MESSAGE][INFO] - Found 8 web elements with id: 'Object Repository/Olusturma/Genel/Kutular/KapaliKutular' located by 'By.cssSelector: .dxnb-headerCollapsed>span' in '10' second(s)

2021-11-19 16:58:33 - [MESSAGE][PASSED] - Method.TextDegerineEsitElementeTikla is PASSED

2021-11-19 16:58:33 - [TEST_STEP][PASSED] - waitForElementClickable(findTestObject("Olusturma/Genel/Kutular/IrsaliyeBilgileri/Ekle"), 10): Object 'Object Repository/Olusturma/Genel/Kutular/IrsaliyeBilgileri/Ekle' is clickable

2021-11-19 16:58:33 - [MESSAGE][INFO] - Finding Test Object 'Object Repository/Olusturma/Genel/Kutular/IrsaliyeBilgileri/Ekle'

2021-11-19 16:58:33 - [MESSAGE][INFO] - Checking object

2021-11-19 16:58:33 - [MESSAGE][INFO] - Checking timeout

2021-11-19 16:58:33 - [MESSAGE][INFO] - Finding web element from Test Object's properties

2021-11-19 16:58:33 - [MESSAGE][INFO] - Checking timeout

2021-11-19 16:58:33 - [MESSAGE][INFO] - Finding web element with id: 'Object Repository/Olusturma/Genel/Kutular/IrsaliyeBilgileri/Ekle' located by 'By.xpath: //*[@id = 'DXEditorgvUserInvoiceBillsNewRowBtn']' in '10' second(s)

2021-11-19 16:58:33 - [MESSAGE][INFO] - Smart Wait Function is triggered

2021-11-19 16:58:34 - [MESSAGE][INFO] - Found 1 web elements with id: 'Object Repository/Olusturma/Genel/Kutular/IrsaliyeBilgileri/Ekle' located by 'By.xpath: //*[@id = 'DXEditorgvUserInvoiceBillsNewRowBtn']' in '10' second(s)

2021-11-19 16:58:34 - [MESSAGE][PASSED] - Object 'Object Repository/Olusturma/Genel/Kutular/IrsaliyeBilgileri/Ekle' is clickable

2021-11-19 16:58:34 - [TEST_STEP][PASSED] - click(findTestObject("Olusturma/Genel/Kutular/IrsaliyeBilgileri/Ekle")): Object: 'Object Repository/Olusturma/Genel/Kutular/IrsaliyeBilgileri/Ekle' is clicked on

2021-11-19 16:58:34 - [MESSAGE][INFO] - Finding Test Object 'Object Repository/Olusturma/Genel/Kutular/IrsaliyeBilgileri/Ekle'

2021-11-19 16:58:34 - [MESSAGE][INFO] - Checking object

2021-11-19 16:58:34 - [MESSAGE][INFO] - Finding web element from Test Object's properties

2021-11-19 16:58:34 - [MESSAGE][INFO] - Checking timeout

2021-11-19 16:58:34 - [MESSAGE][INFO] - Finding web element with id: 'Object Repository/Olusturma/Genel/Kutular/IrsaliyeBilgileri/Ekle' located by 'By.xpath: //*[@id = 'DXEditorgvUserInvoiceBillsNewRowBtn']' in '30' second(s)

2021-11-19 16:58:34 - [MESSAGE][INFO] - Smart Wait Function is triggered

2021-11-19 16:58:34 - [MESSAGE][INFO] - Found 1 web elements with id: 'Object Repository/Olusturma/Genel/Kutular/IrsaliyeBilgileri/Ekle' located by 'By.xpath: //*[@id = 'DXEditorgvUserInvoiceBillsNewRowBtn']' in '30' second(s)

2021-11-19 16:58:34 - [MESSAGE][INFO] - Clicking on object: 'Object Repository/Olusturma/Genel/Kutular/IrsaliyeBilgileri/Ekle'

2021-11-19 16:58:34 - [MESSAGE][PASSED] - Object: 'Object Repository/Olusturma/Genel/Kutular/IrsaliyeBilgileri/Ekle' is clicked on

2021-11-19 16:58:34 - [TEST_STEP][PASSED] - waitForElementPresent(findTestObject("Object Repository/Olusturma/Genel/Kutular/IrsaliyeBilgileri/IrsaliyeNumarasi"), 10): Object 'Object Repository/Olusturma/Genel/Kutular/IrsaliyeBilgileri/IrsaliyeNumarasi' is present

2021-11-19 16:58:34 - [MESSAGE][INFO] - Finding Test Object 'Object Repository/Olusturma/Genel/Kutular/IrsaliyeBilgileri/IrsaliyeNumarasi'

2021-11-19 16:58:34 - [MESSAGE][INFO] - Checking object

2021-11-19 16:58:34 - [MESSAGE][INFO] - Finding web element from Test Object's properties

2021-11-19 16:58:34 - [MESSAGE][INFO] - Checking timeout

2021-11-19 16:58:34 - [MESSAGE][INFO] - Finding web element with id: 'Object Repository/Olusturma/Genel/Kutular/IrsaliyeBilgileri/IrsaliyeNumarasi' located by 'By.xpath: //*[@id = 'gvUserInvoiceBills_DXEditor1_I']' in '10' second(s)

2021-11-19 16:58:34 - [MESSAGE][INFO] - Smart Wait Function is triggered

2021-11-19 16:58:35 - [MESSAGE][INFO] - Smart Wait Function is triggered

2021-11-19 16:58:36 - [MESSAGE][INFO] - Found 1 web elements with id: 'Object Repository/Olusturma/Genel/Kutular/IrsaliyeBilgileri/IrsaliyeNumarasi' located by 'By.xpath: //*[@id = 'gvUserInvoiceBills_DXEditor1_I']' in '10' second(s)

2021-11-19 16:58:36 - [MESSAGE][PASSED] - Object 'Object Repository/Olusturma/Genel/Kutular/IrsaliyeBilgileri/IrsaliyeNumarasi' is present

2021-11-19 16:58:36 - [TEST_STEP][PASSED] - clearText(findTestObject("Object Repository/Olusturma/Genel/Kutular/IrsaliyeBilgileri/IrsaliyeNumarasi")): Text of object 'Object Repository/Olusturma/Genel/Kutular/IrsaliyeBilgileri/IrsaliyeNumarasi' is cleared

2021-11-19 16:58:36 - [MESSAGE][INFO] - Finding Test Object 'Object Repository/Olusturma/Genel/Kutular/IrsaliyeBilgileri/IrsaliyeNumarasi'

2021-11-19 16:58:36 - [MESSAGE][INFO] - Checking object

2021-11-19 16:58:36 - [MESSAGE][INFO] - Finding web element from Test Object's properties

2021-11-19 16:58:36 - [MESSAGE][INFO] - Checking timeout

2021-11-19 16:58:36 - [MESSAGE][INFO] - Finding web element with id: 'Object Repository/Olusturma/Genel/Kutular/IrsaliyeBilgileri/IrsaliyeNumarasi' located by 'By.xpath: //*[@id = 'gvUserInvoiceBills_DXEditor1_I']' in '30' second(s)

2021-11-19 16:58:36 - [MESSAGE][INFO] - Smart Wait Function is triggered

2021-11-19 16:58:36 - [MESSAGE][INFO] - Found 1 web elements with id: 'Object Repository/Olusturma/Genel/Kutular/IrsaliyeBilgileri/IrsaliyeNumarasi' located by 'By.xpath: //*[@id = 'gvUserInvoiceBills_DXEditor1_I']' in '30' second(s)

2021-11-19 16:58:36 - [MESSAGE][INFO] - Clearing text of object 'Object Repository/Olusturma/Genel/Kutular/IrsaliyeBilgileri/IrsaliyeNumarasi'

2021-11-19 16:58:36 - [MESSAGE][PASSED] - Text of object 'Object Repository/Olusturma/Genel/Kutular/IrsaliyeBilgileri/IrsaliyeNumarasi' is cleared

2021-11-19 16:58:36 - [TEST_STEP][PASSED] - sendKeys(findTestObject("Object Repository/Olusturma/Genel/Kutular/IrsaliyeBilgileri/IrsaliyeNumarasi"), Numara): Keys 'AAAAAAAAAA' sent to object: 'Object Repository/Olusturma/Genel/Kutular/IrsaliyeBilgileri/IrsaliyeNumarasi'

2021-11-19 16:58:36 - [MESSAGE][INFO] - Finding Test Object 'Object Repository/Olusturma/Genel/Kutular/IrsaliyeBilgileri/IrsaliyeNumarasi'

2021-11-19 16:58:36 - [MESSAGE][INFO] - Sending keys 'AAAAAAAAAA' to object: 'Object Repository/Olusturma/Genel/Kutular/IrsaliyeBilgileri/IrsaliyeNumarasi'

2021-11-19 16:58:36 - [MESSAGE][INFO] - Finding web element from Test Object's properties

2021-11-19 16:58:36 - [MESSAGE][INFO] - Checking timeout

2021-11-19 16:58:36 - [MESSAGE][INFO] - Finding web element with id: 'Object Repository/Olusturma/Genel/Kutular/IrsaliyeBilgileri/IrsaliyeNumarasi' located by 'By.xpath: //*[@id = 'gvUserInvoiceBills_DXEditor1_I']' in '30' second(s)

2021-11-19 16:58:36 - [MESSAGE][INFO] - Smart Wait Function is triggered

2021-11-19 16:58:36 - [MESSAGE][INFO] - Found 1 web elements with id: 'Object Repository/Olusturma/Genel/Kutular/IrsaliyeBilgileri/IrsaliyeNumarasi' located by 'By.xpath: //*[@id = 'gvUserInvoiceBills_DXEditor1_I']' in '30' second(s)

2021-11-19 16:58:37 - [MESSAGE][PASSED] - Keys 'AAAAAAAAAA' sent to object: 'Object Repository/Olusturma/Genel/Kutular/IrsaliyeBilgileri/IrsaliyeNumarasi'

2021-11-19 16:58:37 - [TEST_STEP][PASSED] - waitForElementClickable(findTestObject("Object Repository/Olusturma/Genel/Kutular/IrsaliyeBilgileri/IrsaliyeTarihi"), 10): Object 'Object Repository/Olusturma/Genel/Kutular/IrsaliyeBilgileri/IrsaliyeTarihi' is clickable

2021-11-19 16:58:37 - [MESSAGE][INFO] - Finding Test Object 'Object Repository/Olusturma/Genel/Kutular/IrsaliyeBilgileri/IrsaliyeTarihi'

2021-11-19 16:58:37 - [MESSAGE][INFO] - Checking object

2021-11-19 16:58:37 - [MESSAGE][INFO] - Checking timeout

2021-11-19 16:58:37 - [MESSAGE][INFO] - Finding web element from Test Object's properties

2021-11-19 16:58:37 - [MESSAGE][INFO] - Checking timeout

2021-11-19 16:58:37 - [MESSAGE][INFO] - Finding web element with id: 'Object Repository/Olusturma/Genel/Kutular/IrsaliyeBilgileri/IrsaliyeTarihi' located by 'By.xpath: //*[@id = 'gvUserInvoiceBills_DXEditor2_I']' in '10' second(s)

2021-11-19 16:58:37 - [MESSAGE][INFO] - Smart Wait Function is triggered

2021-11-19 16:58:37 - [MESSAGE][INFO] - Found 1 web elements with id: 'Object Repository/Olusturma/Genel/Kutular/IrsaliyeBilgileri/IrsaliyeTarihi' located by 'By.xpath: //*[@id = 'gvUserInvoiceBills_DXEditor2_I']' in '10' second(s)

2021-11-19 16:58:37 - [MESSAGE][PASSED] - Object 'Object Repository/Olusturma/Genel/Kutular/IrsaliyeBilgileri/IrsaliyeTarihi' is clickable

2021-11-19 16:58:37 - [TEST_STEP][PASSED] - click(findTestObject("Object Repository/Olusturma/Genel/Kutular/IrsaliyeBilgileri/IrsaliyeTarihi")): Object: 'Object Repository/Olusturma/Genel/Kutular/IrsaliyeBilgileri/IrsaliyeTarihi' is clicked on

2021-11-19 16:58:37 - [MESSAGE][INFO] - Finding Test Object 'Object Repository/Olusturma/Genel/Kutular/IrsaliyeBilgileri/IrsaliyeTarihi'

2021-11-19 16:58:37 - [MESSAGE][INFO] - Checking object

2021-11-19 16:58:37 - [MESSAGE][INFO] - Finding web element from Test Object's properties

2021-11-19 16:58:37 - [MESSAGE][INFO] - Checking timeout

2021-11-19 16:58:37 - [MESSAGE][INFO] - Finding web element with id: 'Object Repository/Olusturma/Genel/Kutular/IrsaliyeBilgileri/IrsaliyeTarihi' located by 'By.xpath: //*[@id = 'gvUserInvoiceBills_DXEditor2_I']' in '30' second(s)

2021-11-19 16:58:37 - [MESSAGE][INFO] - Smart Wait Function is triggered

2021-11-19 16:58:38 - [MESSAGE][INFO] - Found 1 web elements with id: 'Object Repository/Olusturma/Genel/Kutular/IrsaliyeBilgileri/IrsaliyeTarihi' located by 'By.xpath: //*[@id = 'gvUserInvoiceBills_DXEditor2_I']' in '30' second(s)

2021-11-19 16:58:38 - [MESSAGE][INFO] - Clicking on object: 'Object Repository/Olusturma/Genel/Kutular/IrsaliyeBilgileri/IrsaliyeTarihi'

2021-11-19 16:58:38 - [MESSAGE][PASSED] - Object: 'Object Repository/Olusturma/Genel/Kutular/IrsaliyeBilgileri/IrsaliyeTarihi' is clicked on

2021-11-19 16:58:38 - [TEST_STEP][PASSED] - sendKeys(findTestObject("Object Repository/Olusturma/Genel/Kutular/IrsaliyeBilgileri/IrsaliyeTarihi"), Tarih): Keys '31.04.2020' sent to object: 'Object Repository/Olusturma/Genel/Kutular/IrsaliyeBilgileri/IrsaliyeTarihi'

2021-11-19 16:58:38 - [MESSAGE][INFO] - Finding Test Object 'Object Repository/Olusturma/Genel/Kutular/IrsaliyeBilgileri/IrsaliyeTarihi'

2021-11-19 16:58:38 - [MESSAGE][INFO] - Sending keys '31.04.2020' to object: 'Object Repository/Olusturma/Genel/Kutular/IrsaliyeBilgileri/IrsaliyeTarihi'

2021-11-19 16:58:38 - [MESSAGE][INFO] - Finding web element from Test Object's properties

2021-11-19 16:58:38 - [MESSAGE][INFO] - Checking timeout

2021-11-19 16:58:38 - [MESSAGE][INFO] - Finding web element with id: 'Object Repository/Olusturma/Genel/Kutular/IrsaliyeBilgileri/IrsaliyeTarihi' located by 'By.xpath: //*[@id = 'gvUserInvoiceBills_DXEditor2_I']' in '30' second(s)

2021-11-19 16:58:38 - [MESSAGE][INFO] - Smart Wait Function is triggered

2021-11-19 16:58:38 - [MESSAGE][INFO] - Found 1 web elements with id: 'Object Repository/Olusturma/Genel/Kutular/IrsaliyeBilgileri/IrsaliyeTarihi' located by 'By.xpath: //*[@id = 'gvUserInvoiceBills_DXEditor2_I']' in '30' second(s)

2021-11-19 16:58:38 - [MESSAGE][PASSED] - Keys '31.04.2020' sent to object: 'Object Repository/Olusturma/Genel/Kutular/IrsaliyeBilgileri/IrsaliyeTarihi'

2021-11-19 16:58:38 - [MESSAGE][PASSED] - Call Test Case 'Test Cases/Olusturma/Genel/Kutular/IrsaliyeBilgileri' successfully

2021-11-19 16:58:38 - [MESSAGE][INFO] - Checking called Test Case

2021-11-19 16:58:38 - [MESSAGE][INFO] - Starting to call Test Case 'Test Cases/Olusturma/Genel/EkleButonunaBasilir'

2021-11-19 16:58:38 - [TEST_CASE][PASSED] - Test Cases/Olusturma/Genel/EkleButonunaBasilir: Test Cases/Olusturma/Genel/EkleButonunaBasilir

2021-11-19 16:58:38 - [TEST_STEP][PASSED] - waitForElementClickable(findTestObject("Object Repository/Olusturma/Genel/Olusturma/Ekle"), 10): Object 'Object Repository/Olusturma/Genel/Olusturma/Ekle' is clickable

2021-11-19 16:58:38 - [MESSAGE][INFO] - Finding Test Object 'Object Repository/Olusturma/Genel/Olusturma/Ekle'

2021-11-19 16:58:38 - [MESSAGE][INFO] - Checking object

2021-11-19 16:58:38 - [MESSAGE][INFO] - Checking timeout

2021-11-19 16:58:38 - [MESSAGE][INFO] - Finding web element from Test Object's properties

2021-11-19 16:58:38 - [MESSAGE][INFO] - Checking timeout

2021-11-19 16:58:38 - [MESSAGE][INFO] - Finding web element with id: 'Object Repository/Olusturma/Genel/Olusturma/Ekle' located by 'By.cssSelector: #divmalhizmet i.fa.fa-plus.fa-lg.text-muted' in '10' second(s)

2021-11-19 16:58:38 - [MESSAGE][INFO] - Smart Wait Function is triggered

2021-11-19 16:58:39 - [MESSAGE][INFO] - Found 1 web elements with id: 'Object Repository/Olusturma/Genel/Olusturma/Ekle' located by 'By.cssSelector: #divmalhizmet i.fa.fa-plus.fa-lg.text-muted' in '10' second(s)

2021-11-19 16:58:39 - [MESSAGE][PASSED] - Object 'Object Repository/Olusturma/Genel/Olusturma/Ekle' is clickable

2021-11-19 16:58:39 - [TEST_STEP][PASSED] - click(findTestObject("Object Repository/Olusturma/Genel/Olusturma/Ekle")): Object: 'Object Repository/Olusturma/Genel/Olusturma/Ekle' is clicked on

2021-11-19 16:58:39 - [MESSAGE][INFO] - Finding Test Object 'Object Repository/Olusturma/Genel/Olusturma/Ekle'

2021-11-19 16:58:39 - [MESSAGE][INFO] - Checking object

2021-11-19 16:58:39 - [MESSAGE][INFO] - Finding web element from Test Object's properties

2021-11-19 16:58:39 - [MESSAGE][INFO] - Checking timeout

2021-11-19 16:58:39 - [MESSAGE][INFO] - Finding web element with id: 'Object Repository/Olusturma/Genel/Olusturma/Ekle' located by 'By.cssSelector: #divmalhizmet i.fa.fa-plus.fa-lg.text-muted' in '30' second(s)

2021-11-19 16:58:39 - [MESSAGE][INFO] - Smart Wait Function is triggered

2021-11-19 16:58:39 - [MESSAGE][INFO] - Found 1 web elements with id: 'Object Repository/Olusturma/Genel/Olusturma/Ekle' located by 'By.cssSelector: #divmalhizmet i.fa.fa-plus.fa-lg.text-muted' in '30' second(s)

2021-11-19 16:58:39 - [MESSAGE][INFO] - Clicking on object: 'Object Repository/Olusturma/Genel/Olusturma/Ekle'

2021-11-19 16:58:39 - [MESSAGE][PASSED] - Object: 'Object Repository/Olusturma/Genel/Olusturma/Ekle' is clicked on

2021-11-19 16:58:39 - [TEST_STEP][PASSED] - waitForElementClickable(findTestObject("Olusturma/Genel/Olusturma/EklenenSatirCarpiImage"), 10): Object 'Object Repository/Olusturma/Genel/Olusturma/EklenenSatirCarpiImage' is clickable

2021-11-19 16:58:39 - [MESSAGE][INFO] - Finding Test Object 'Object Repository/Olusturma/Genel/Olusturma/EklenenSatirCarpiImage'

2021-11-19 16:58:39 - [MESSAGE][INFO] - Checking object

2021-11-19 16:58:39 - [MESSAGE][INFO] - Checking timeout

2021-11-19 16:58:39 - [MESSAGE][INFO] - Finding web element from Test Object's properties

2021-11-19 16:58:39 - [MESSAGE][INFO] - Checking timeout

2021-11-19 16:58:39 - [MESSAGE][INFO] - Finding web element with id: 'Object Repository/Olusturma/Genel/Olusturma/EklenenSatirCarpiImage' located by 'By.cssSelector: .fa.fa-times.fa-lg.text-primary' in '10' second(s)

2021-11-19 16:58:39 - [MESSAGE][INFO] - Smart Wait Function is triggered

2021-11-19 16:58:39 - [MESSAGE][INFO] - Found 1 web elements with id: 'Object Repository/Olusturma/Genel/Olusturma/EklenenSatirCarpiImage' located by 'By.cssSelector: .fa.fa-times.fa-lg.text-primary' in '10' second(s)

2021-11-19 16:58:39 - [MESSAGE][PASSED] - Object 'Object Repository/Olusturma/Genel/Olusturma/EklenenSatirCarpiImage' is clickable

2021-11-19 16:58:39 - [MESSAGE][PASSED] - Call Test Case 'Test Cases/Olusturma/Genel/EkleButonunaBasilir' successfully

2021-11-19 16:58:39 - [MESSAGE][INFO] - Checking called Test Case

2021-11-19 16:58:39 - [MESSAGE][INFO] - Starting to call Test Case 'Test Cases/Olusturma/Genel/Olusturma'

2021-11-19 16:58:40 - [TEST_CASE][PASSED] - Test Cases/Olusturma/Genel/Olusturma: Test Cases/Olusturma/Genel/Olusturma

2021-11-19 16:58:40 - [TEST_STEP][PASSED] - driver = getWebDriver(): null

2021-11-19 16:58:40 - [TEST_STEP][PASSED] - action = new org.openqa.selenium.interactions.Actions(driver): null

2021-11-19 16:58:40 - [TEST_STEP][PASSED] - baslikElement = <not implemented yet for class: org.codehaus.groovy.ast.expr.EmptyExpression>: null

2021-11-19 16:58:40 - [TEST_STEP][PASSED] - sonElement = <not implemented yet for class: org.codehaus.groovy.ast.expr.EmptyExpression>: null

2021-11-19 16:58:40 - [TEST_STEP][PASSED] - attr = <not implemented yet for class: org.codehaus.groovy.ast.expr.EmptyExpression>: null

2021-11-19 16:58:40 - [TEST_STEP][PASSED] - a = 0: null

2021-11-19 16:58:40 - [TEST_STEP][PASSED] - elements = findWebElements(findTestObject("Object Repository/Olusturma/Genel/Olusturma/TabloBasliklari"), 10): Found 13 web elements with id: 'Object Repository/Olusturma/Genel/Olusturma/TabloBasliklari' located by 'By.cssSelector: div#divmalhizmet .dxgvTable_LECustomTheme td.dxgvHeader_LECustomTheme tr>td:nth-child(1)' in '10' second(s)

2021-11-19 16:58:40 - [MESSAGE][INFO] - Finding Test Object 'Object Repository/Olusturma/Genel/Olusturma/TabloBasliklari'

2021-11-19 16:58:40 - [MESSAGE][INFO] - Checking timeout

2021-11-19 16:58:40 - [MESSAGE][INFO] - Finding web element with id: 'Object Repository/Olusturma/Genel/Olusturma/TabloBasliklari' located by 'By.cssSelector: div#divmalhizmet .dxgvTable_LECustomTheme td.dxgvHeader_LECustomTheme tr>td:nth-child(1)' in '10' second(s)

2021-11-19 16:58:40 - [MESSAGE][INFO] - Smart Wait Function is triggered

2021-11-19 16:58:41 - [MESSAGE][INFO] - Found 13 web elements with id: 'Object Repository/Olusturma/Genel/Olusturma/TabloBasliklari' located by 'By.cssSelector: div#divmalhizmet .dxgvTable_LECustomTheme td.dxgvHeader_LECustomTheme tr>td:nth-child(1)' in '10' second(s)

2021-11-19 16:58:41 - [TEST_STEP][PASSED] - for (def element : elements): null

2021-11-19 16:58:41 - [TEST_STEP][PASSED] - build().perform(): null

2021-11-19 16:58:41 - [TEST_STEP][PASSED] - if (getText().equals(Baslik)): null

2021-11-19 16:58:41 - [TEST_STEP][PASSED] - baslikElement = element.findElement(By.xpath("../../../..")): Smart Wait Function is triggered

2021-11-19 16:58:41 - [MESSAGE][INFO] - Smart Wait Function is triggered

2021-11-19 16:58:41 - [TEST_STEP][PASSED] - attr = baslikElement.getAttribute("id"): null

2021-11-19 16:58:41 - [TEST_STEP][PASSED] - println("girdi ve idsini aldı = " + attr): null

2021-11-19 16:58:41 - [TEST_STEP][PASSED] - break: null

2021-11-19 16:58:41 - [TEST_STEP][PASSED] - countElement = baslikElement.findElements(By.xpath("../td")): Smart Wait Function is triggered

2021-11-19 16:58:41 - [MESSAGE][INFO] - Smart Wait Function is triggered

2021-11-19 16:58:41 - [TEST_STEP][PASSED] - for (def element : countElement): null

2021-11-19 16:58:41 - [TEST_STEP][PASSED] - if (toString().equals(attr.toString())): null

2021-11-19 16:58:41 - [TEST_STEP][PASSED] - (a++): null

2021-11-19 16:58:41 - [TEST_STEP][PASSED] - if (toString().equals(attr.toString())): null

2021-11-19 16:58:41 - [TEST_STEP][PASSED] - break: null

2021-11-19 16:58:41 - [TEST_STEP][PASSED] - son = findWebElement(findTestObject("Object Repository/Olusturma/Genel/Olusturma/EklenenSatir")).findElement(By.xpath("td[@class='dxgvInlineEditCell_LECustomTheme dxgv'][" + a + "]//td[@class='dxic']/input")): Smart Wait Function is triggered

2021-11-19 16:58:41 - [MESSAGE][INFO] - Finding Test Object 'Object Repository/Olusturma/Genel/Olusturma/EklenenSatir'

2021-11-19 16:58:41 - [MESSAGE][INFO] - Finding web element from Test Object's properties

2021-11-19 16:58:41 - [MESSAGE][INFO] - Checking timeout

2021-11-19 16:58:41 - [MESSAGE][INFO] - Finding web element with id: 'Object Repository/Olusturma/Genel/Olusturma/EklenenSatir' located by 'By.cssSelector: #divmalhizmet .dxgvInlineEditRow_LECustomTheme' in '30' second(s)

2021-11-19 16:58:41 - [MESSAGE][INFO] - Smart Wait Function is triggered

2021-11-19 16:58:42 - [MESSAGE][INFO] - Found 1 web elements with id: 'Object Repository/Olusturma/Genel/Olusturma/EklenenSatir' located by 'By.cssSelector: #divmalhizmet .dxgvInlineEditRow_LECustomTheme' in '30' second(s)

2021-11-19 16:58:42 - [MESSAGE][INFO] - Smart Wait Function is triggered

2021-11-19 16:58:42 - [TEST_STEP][PASSED] - if (!(getAttribute("value").contains("Vkn"))): null

2021-11-19 16:58:42 - [TEST_STEP][PASSED] - son.clear(): null

2021-11-19 16:58:42 - [TEST_STEP][PASSED] - son.sendKeys(Deger): null

2021-11-19 16:58:42 - [MESSAGE][PASSED] - Call Test Case 'Test Cases/Olusturma/Genel/Olusturma' successfully

2021-11-19 16:58:42 - [MESSAGE][INFO] - Checking called Test Case

2021-11-19 16:58:42 - [MESSAGE][INFO] - Starting to call Test Case 'Test Cases/Olusturma/Genel/Olusturma'

2021-11-19 16:58:42 - [TEST_CASE][PASSED] - Test Cases/Olusturma/Genel/Olusturma: Test Cases/Olusturma/Genel/Olusturma

2021-11-19 16:58:42 - [TEST_STEP][PASSED] - driver = getWebDriver(): null

2021-11-19 16:58:42 - [TEST_STEP][PASSED] - action = new org.openqa.selenium.interactions.Actions(driver): null

2021-11-19 16:58:42 - [TEST_STEP][PASSED] - baslikElement = <not implemented yet for class: org.codehaus.groovy.ast.expr.EmptyExpression>: null

2021-11-19 16:58:42 - [TEST_STEP][PASSED] - sonElement = <not implemented yet for class: org.codehaus.groovy.ast.expr.EmptyExpression>: null

2021-11-19 16:58:42 - [TEST_STEP][PASSED] - attr = <not implemented yet for class: org.codehaus.groovy.ast.expr.EmptyExpression>: null

2021-11-19 16:58:42 - [TEST_STEP][PASSED] - a = 0: null

2021-11-19 16:58:42 - [TEST_STEP][PASSED] - elements = findWebElements(findTestObject("Object Repository/Olusturma/Genel/Olusturma/TabloBasliklari"), 10): Found 13 web elements with id: 'Object Repository/Olusturma/Genel/Olusturma/TabloBasliklari' located by 'By.cssSelector: div#divmalhizmet .dxgvTable_LECustomTheme td.dxgvHeader_LECustomTheme tr>td:nth-child(1)' in '10' second(s)

2021-11-19 16:58:42 - [MESSAGE][INFO] - Finding Test Object 'Object Repository/Olusturma/Genel/Olusturma/TabloBasliklari'

2021-11-19 16:58:43 - [MESSAGE][INFO] - Checking timeout

2021-11-19 16:58:43 - [MESSAGE][INFO] - Finding web element with id: 'Object Repository/Olusturma/Genel/Olusturma/TabloBasliklari' located by 'By.cssSelector: div#divmalhizmet .dxgvTable_LECustomTheme td.dxgvHeader_LECustomTheme tr>td:nth-child(1)' in '10' second(s)

2021-11-19 16:58:43 - [MESSAGE][INFO] - Smart Wait Function is triggered

2021-11-19 16:58:43 - [MESSAGE][INFO] - Found 13 web elements with id: 'Object Repository/Olusturma/Genel/Olusturma/TabloBasliklari' located by 'By.cssSelector: div#divmalhizmet .dxgvTable_LECustomTheme td.dxgvHeader_LECustomTheme tr>td:nth-child(1)' in '10' second(s)

2021-11-19 16:58:43 - [TEST_STEP][PASSED] - for (def element : elements): null

2021-11-19 16:58:43 - [TEST_STEP][PASSED] - build().perform(): null

2021-11-19 16:58:43 - [TEST_STEP][PASSED] - if (getText().equals(Baslik)): null

2021-11-19 16:58:43 - [TEST_STEP][PASSED] - build().perform(): null

2021-11-19 16:58:43 - [TEST_STEP][PASSED] - if (getText().equals(Baslik)): null

2021-11-19 16:58:43 - [TEST_STEP][PASSED] - baslikElement = element.findElement(By.xpath("../../../..")): Smart Wait Function is triggered

2021-11-19 16:58:43 - [MESSAGE][INFO] - Smart Wait Function is triggered

2021-11-19 16:58:43 - [TEST_STEP][PASSED] - attr = baslikElement.getAttribute("id"): null

2021-11-19 16:58:44 - [TEST_STEP][PASSED] - println("girdi ve idsini aldı = " + attr): null

2021-11-19 16:58:44 - [TEST_STEP][PASSED] - break: null

2021-11-19 16:58:44 - [TEST_STEP][PASSED] - countElement = baslikElement.findElements(By.xpath("../td")): Smart Wait Function is triggered

2021-11-19 16:58:44 - [MESSAGE][INFO] - Smart Wait Function is triggered

2021-11-19 16:58:44 - [TEST_STEP][PASSED] - for (def element : countElement): null

2021-11-19 16:58:44 - [TEST_STEP][PASSED] - if (toString().equals(attr.toString())): null

2021-11-19 16:58:44 - [TEST_STEP][PASSED] - (a++): null

2021-11-19 16:58:44 - [TEST_STEP][PASSED] - if (toString().equals(attr.toString())): null

2021-11-19 16:58:44 - [TEST_STEP][PASSED] - (a++): null

2021-11-19 16:58:44 - [TEST_STEP][PASSED] - if (toString().equals(attr.toString())): null

2021-11-19 16:58:44 - [TEST_STEP][PASSED] - break: null

2021-11-19 16:58:44 - [TEST_STEP][PASSED] - son = findWebElement(findTestObject("Object Repository/Olusturma/Genel/Olusturma/EklenenSatir")).findElement(By.xpath("td[@class='dxgvInlineEditCell_LECustomTheme dxgv'][" + a + "]//td[@class='dxic']/input")): Smart Wait Function is triggered

2021-11-19 16:58:44 - [MESSAGE][INFO] - Finding Test Object 'Object Repository/Olusturma/Genel/Olusturma/EklenenSatir'

2021-11-19 16:58:44 - [MESSAGE][INFO] - Finding web element from Test Object's properties

2021-11-19 16:58:44 - [MESSAGE][INFO] - Checking timeout

2021-11-19 16:58:44 - [MESSAGE][INFO] - Finding web element with id: 'Object Repository/Olusturma/Genel/Olusturma/EklenenSatir' located by 'By.cssSelector: #divmalhizmet .dxgvInlineEditRow_LECustomTheme' in '30' second(s)

2021-11-19 16:58:44 - [MESSAGE][INFO] - Smart Wait Function is triggered

2021-11-19 16:58:44 - [MESSAGE][INFO] - Found 1 web elements with id: 'Object Repository/Olusturma/Genel/Olusturma/EklenenSatir' located by 'By.cssSelector: #divmalhizmet .dxgvInlineEditRow_LECustomTheme' in '30' second(s)

2021-11-19 16:58:44 - [MESSAGE][INFO] - Smart Wait Function is triggered

2021-11-19 16:58:44 - [TEST_STEP][PASSED] - if (!(getAttribute("value").contains("Vkn"))): null

2021-11-19 16:58:44 - [TEST_STEP][PASSED] - son.clear(): null

2021-11-19 16:58:45 - [TEST_STEP][PASSED] - son.sendKeys(Deger): null

2021-11-19 16:58:45 - [MESSAGE][PASSED] - Call Test Case 'Test Cases/Olusturma/Genel/Olusturma' successfully

2021-11-19 16:58:45 - [MESSAGE][INFO] - Checking called Test Case

2021-11-19 16:58:45 - [MESSAGE][INFO] - Starting to call Test Case 'Test Cases/Olusturma/Genel/Olusturma'

2021-11-19 16:58:45 - [TEST_CASE][PASSED] - Test Cases/Olusturma/Genel/Olusturma: Test Cases/Olusturma/Genel/Olusturma

2021-11-19 16:58:45 - [TEST_STEP][PASSED] - driver = getWebDriver(): null

2021-11-19 16:58:45 - [TEST_STEP][PASSED] - action = new org.openqa.selenium.interactions.Actions(driver): null

2021-11-19 16:58:45 - [TEST_STEP][PASSED] - baslikElement = <not implemented yet for class: org.codehaus.groovy.ast.expr.EmptyExpression>: null

2021-11-19 16:58:45 - [TEST_STEP][PASSED] - sonElement = <not implemented yet for class: org.codehaus.groovy.ast.expr.EmptyExpression>: null

2021-11-19 16:58:45 - [TEST_STEP][PASSED] - attr = <not implemented yet for class: org.codehaus.groovy.ast.expr.EmptyExpression>: null

2021-11-19 16:58:45 - [TEST_STEP][PASSED] - a = 0: null

2021-11-19 16:58:45 - [TEST_STEP][PASSED] - elements = findWebElements(findTestObject("Object Repository/Olusturma/Genel/Olusturma/TabloBasliklari"), 10): Found 13 web elements with id: 'Object Repository/Olusturma/Genel/Olusturma/TabloBasliklari' located by 'By.cssSelector: div#divmalhizmet .dxgvTable_LECustomTheme td.dxgvHeader_LECustomTheme tr>td:nth-child(1)' in '10' second(s)

2021-11-19 16:58:45 - [MESSAGE][INFO] - Finding Test Object 'Object Repository/Olusturma/Genel/Olusturma/TabloBasliklari'

2021-11-19 16:58:45 - [MESSAGE][INFO] - Checking timeout

2021-11-19 16:58:45 - [MESSAGE][INFO] - Finding web element with id: 'Object Repository/Olusturma/Genel/Olusturma/TabloBasliklari' located by 'By.cssSelector: div#divmalhizmet .dxgvTable_LECustomTheme td.dxgvHeader_LECustomTheme tr>td:nth-child(1)' in '10' second(s)

2021-11-19 16:58:45 - [MESSAGE][INFO] - Smart Wait Function is triggered

2021-11-19 16:58:45 - [MESSAGE][INFO] - Found 13 web elements with id: 'Object Repository/Olusturma/Genel/Olusturma/TabloBasliklari' located by 'By.cssSelector: div#divmalhizmet .dxgvTable_LECustomTheme td.dxgvHeader_LECustomTheme tr>td:nth-child(1)' in '10' second(s)

2021-11-19 16:58:45 - [TEST_STEP][PASSED] - for (def element : elements): null

2021-11-19 16:58:45 - [TEST_STEP][PASSED] - build().perform(): null

2021-11-19 16:58:45 - [TEST_STEP][PASSED] - if (getText().equals(Baslik)): null

2021-11-19 16:58:45 - [TEST_STEP][PASSED] - build().perform(): null

2021-11-19 16:58:45 - [TEST_STEP][PASSED] - if (getText().equals(Baslik)): null

2021-11-19 16:58:45 - [TEST_STEP][PASSED] - build().perform(): null

2021-11-19 16:58:46 - [TEST_STEP][PASSED] - if (getText().equals(Baslik)): null

2021-11-19 16:58:46 - [TEST_STEP][PASSED] - build().perform(): null

2021-11-19 16:58:46 - [TEST_STEP][PASSED] - if (getText().equals(Baslik)): null

2021-11-19 16:58:46 - [TEST_STEP][PASSED] - baslikElement = element.findElement(By.xpath("../../../..")): Smart Wait Function is triggered

2021-11-19 16:58:46 - [MESSAGE][INFO] - Smart Wait Function is triggered

2021-11-19 16:58:46 - [TEST_STEP][PASSED] - attr = baslikElement.getAttribute("id"): null

2021-11-19 16:58:46 - [TEST_STEP][PASSED] - println("girdi ve idsini aldı = " + attr): null

2021-11-19 16:58:46 - [TEST_STEP][PASSED] - break: null

2021-11-19 16:58:46 - [TEST_STEP][PASSED] - countElement = baslikElement.findElements(By.xpath("../td")): Smart Wait Function is triggered

2021-11-19 16:58:46 - [MESSAGE][INFO] - Smart Wait Function is triggered

2021-11-19 16:58:46 - [TEST_STEP][PASSED] - for (def element : countElement): null

2021-11-19 16:58:46 - [TEST_STEP][PASSED] - if (toString().equals(attr.toString())): null

2021-11-19 16:58:46 - [TEST_STEP][PASSED] - (a++): null

2021-11-19 16:58:46 - [TEST_STEP][PASSED] - if (toString().equals(attr.toString())): null

2021-11-19 16:58:46 - [TEST_STEP][PASSED] - (a++): null

2021-11-19 16:58:46 - [TEST_STEP][PASSED] - if (toString().equals(attr.toString())): null

2021-11-19 16:58:46 - [TEST_STEP][PASSED] - (a++): null

2021-11-19 16:58:46 - [TEST_STEP][PASSED] - if (toString().equals(attr.toString())): null

2021-11-19 16:58:46 - [TEST_STEP][PASSED] - (a++): null

2021-11-19 16:58:46 - [TEST_STEP][PASSED] - if (toString().equals(attr.toString())): null

2021-11-19 16:58:46 - [TEST_STEP][PASSED] - break: null

2021-11-19 16:58:46 - [TEST_STEP][PASSED] - son = findWebElement(findTestObject("Object Repository/Olusturma/Genel/Olusturma/EklenenSatir")).findElement(By.xpath("td[@class='dxgvInlineEditCell_LECustomTheme dxgv'][" + a + "]//td[@class='dxic']/input")): Smart Wait Function is triggered

2021-11-19 16:58:46 - [MESSAGE][INFO] - Finding Test Object 'Object Repository/Olusturma/Genel/Olusturma/EklenenSatir'

2021-11-19 16:58:46 - [MESSAGE][INFO] - Finding web element from Test Object's properties

2021-11-19 16:58:46 - [MESSAGE][INFO] - Checking timeout

2021-11-19 16:58:46 - [MESSAGE][INFO] - Finding web element with id: 'Object Repository/Olusturma/Genel/Olusturma/EklenenSatir' located by 'By.cssSelector: #divmalhizmet .dxgvInlineEditRow_LECustomTheme' in '30' second(s)

2021-11-19 16:58:46 - [MESSAGE][INFO] - Smart Wait Function is triggered

2021-11-19 16:58:47 - [MESSAGE][INFO] - Found 1 web elements with id: 'Object Repository/Olusturma/Genel/Olusturma/EklenenSatir' located by 'By.cssSelector: #divmalhizmet .dxgvInlineEditRow_LECustomTheme' in '30' second(s)

2021-11-19 16:58:47 - [MESSAGE][INFO] - Smart Wait Function is triggered

2021-11-19 16:58:47 - [TEST_STEP][PASSED] - if (!(getAttribute("value").contains("Vkn"))): null

2021-11-19 16:58:47 - [TEST_STEP][PASSED] - son.clear(): null

2021-11-19 16:58:47 - [TEST_STEP][PASSED] - son.sendKeys(Deger): null

2021-11-19 16:58:47 - [MESSAGE][PASSED] - Call Test Case 'Test Cases/Olusturma/Genel/Olusturma' successfully

2021-11-19 16:58:47 - [MESSAGE][INFO] - Checking called Test Case

2021-11-19 16:58:47 - [MESSAGE][INFO] - Starting to call Test Case 'Test Cases/Olusturma/Genel/Olusturma'

2021-11-19 16:58:47 - [TEST_CASE][PASSED] - Test Cases/Olusturma/Genel/Olusturma: Test Cases/Olusturma/Genel/Olusturma

2021-11-19 16:58:47 - [TEST_STEP][PASSED] - driver = getWebDriver(): null

2021-11-19 16:58:47 - [TEST_STEP][PASSED] - action = new org.openqa.selenium.interactions.Actions(driver): null

2021-11-19 16:58:47 - [TEST_STEP][PASSED] - baslikElement = <not implemented yet for class: org.codehaus.groovy.ast.expr.EmptyExpression>: null

2021-11-19 16:58:47 - [TEST_STEP][PASSED] - sonElement = <not implemented yet for class: org.codehaus.groovy.ast.expr.EmptyExpression>: null

2021-11-19 16:58:47 - [TEST_STEP][PASSED] - attr = <not implemented yet for class: org.codehaus.groovy.ast.expr.EmptyExpression>: null

2021-11-19 16:58:47 - [TEST_STEP][PASSED] - a = 0: null

2021-11-19 16:58:47 - [TEST_STEP][PASSED] - elements = findWebElements(findTestObject("Object Repository/Olusturma/Genel/Olusturma/TabloBasliklari"), 10): Found 13 web elements with id: 'Object Repository/Olusturma/Genel/Olusturma/TabloBasliklari' located by 'By.cssSelector: div#divmalhizmet .dxgvTable_LECustomTheme td.dxgvHeader_LECustomTheme tr>td:nth-child(1)' in '10' second(s)

2021-11-19 16:58:47 - [MESSAGE][INFO] - Finding Test Object 'Object Repository/Olusturma/Genel/Olusturma/TabloBasliklari'

2021-11-19 16:58:47 - [MESSAGE][INFO] - Checking timeout

2021-11-19 16:58:47 - [MESSAGE][INFO] - Finding web element with id: 'Object Repository/Olusturma/Genel/Olusturma/TabloBasliklari' located by 'By.cssSelector: div#divmalhizmet .dxgvTable_LECustomTheme td.dxgvHeader_LECustomTheme tr>td:nth-child(1)' in '10' second(s)

2021-11-19 16:58:47 - [MESSAGE][INFO] - Smart Wait Function is triggered

2021-11-19 16:58:48 - [MESSAGE][INFO] - Found 13 web elements with id: 'Object Repository/Olusturma/Genel/Olusturma/TabloBasliklari' located by 'By.cssSelector: div#divmalhizmet .dxgvTable_LECustomTheme td.dxgvHeader_LECustomTheme tr>td:nth-child(1)' in '10' second(s)

2021-11-19 16:58:48 - [TEST_STEP][PASSED] - for (def element : elements): null

2021-11-19 16:58:48 - [TEST_STEP][PASSED] - build().perform(): null

2021-11-19 16:58:48 - [TEST_STEP][PASSED] - if (getText().equals(Baslik)): null

2021-11-19 16:58:48 - [TEST_STEP][PASSED] - build().perform(): null

2021-11-19 16:58:48 - [TEST_STEP][PASSED] - if (getText().equals(Baslik)): null

2021-11-19 16:58:48 - [TEST_STEP][PASSED] - build().perform(): null

2021-11-19 16:58:48 - [TEST_STEP][PASSED] - if (getText().equals(Baslik)): null

2021-11-19 16:58:48 - [TEST_STEP][PASSED] - build().perform(): null

2021-11-19 16:58:48 - [TEST_STEP][PASSED] - if (getText().equals(Baslik)): null

2021-11-19 16:58:48 - [TEST_STEP][PASSED] - build().perform(): null

2021-11-19 16:58:48 - [TEST_STEP][PASSED] - if (getText().equals(Baslik)): null

2021-11-19 16:58:48 - [TEST_STEP][PASSED] - build().perform(): null

2021-11-19 16:58:48 - [TEST_STEP][PASSED] - if (getText().equals(Baslik)): null

2021-11-19 16:58:48 - [TEST_STEP][PASSED] - baslikElement = element.findElement(By.xpath("../../../..")): Smart Wait Function is triggered

2021-11-19 16:58:48 - [MESSAGE][INFO] - Smart Wait Function is triggered

2021-11-19 16:58:49 - [TEST_STEP][PASSED] - attr = baslikElement.getAttribute("id"): null

2021-11-19 16:58:49 - [TEST_STEP][PASSED] - println("girdi ve idsini aldı = " + attr): null

2021-11-19 16:58:49 - [TEST_STEP][PASSED] - break: null

2021-11-19 16:58:49 - [TEST_STEP][PASSED] - countElement = baslikElement.findElements(By.xpath("../td")): Smart Wait Function is triggered

2021-11-19 16:58:49 - [MESSAGE][INFO] - Smart Wait Function is triggered

2021-11-19 16:58:49 - [TEST_STEP][PASSED] - for (def element : countElement): null

2021-11-19 16:58:49 - [TEST_STEP][PASSED] - if (toString().equals(attr.toString())): null

2021-11-19 16:58:49 - [TEST_STEP][PASSED] - (a++): null

2021-11-19 16:58:49 - [TEST_STEP][PASSED] - if (toString().equals(attr.toString())): null

2021-11-19 16:58:49 - [TEST_STEP][PASSED] - (a++): null

2021-11-19 16:58:49 - [TEST_STEP][PASSED] - if (toString().equals(attr.toString())): null

2021-11-19 16:58:49 - [TEST_STEP][PASSED] - (a++): null

2021-11-19 16:58:49 - [TEST_STEP][PASSED] - if (toString().equals(attr.toString())): null

2021-11-19 16:58:49 - [TEST_STEP][PASSED] - (a++): null

2021-11-19 16:58:49 - [TEST_STEP][PASSED] - if (toString().equals(attr.toString())): null

2021-11-19 16:58:49 - [TEST_STEP][PASSED] - (a++): null

2021-11-19 16:58:49 - [TEST_STEP][PASSED] - if (toString().equals(attr.toString())): null

2021-11-19 16:58:49 - [TEST_STEP][PASSED] - (a++): null

2021-11-19 16:58:49 - [TEST_STEP][PASSED] - if (toString().equals(attr.toString())): null

2021-11-19 16:58:49 - [TEST_STEP][PASSED] - break: null

2021-11-19 16:58:49 - [TEST_STEP][PASSED] - son = findWebElement(findTestObject("Object Repository/Olusturma/Genel/Olusturma/EklenenSatir")).findElement(By.xpath("td[@class='dxgvInlineEditCell_LECustomTheme dxgv'][" + a + "]//td[@class='dxic']/input")): Smart Wait Function is triggered

2021-11-19 16:58:49 - [MESSAGE][INFO] - Finding Test Object 'Object Repository/Olusturma/Genel/Olusturma/EklenenSatir'

2021-11-19 16:58:49 - [MESSAGE][INFO] - Finding web element from Test Object's properties

2021-11-19 16:58:49 - [MESSAGE][INFO] - Checking timeout

2021-11-19 16:58:49 - [MESSAGE][INFO] - Finding web element with id: 'Object Repository/Olusturma/Genel/Olusturma/EklenenSatir' located by 'By.cssSelector: #divmalhizmet .dxgvInlineEditRow_LECustomTheme' in '30' second(s)

2021-11-19 16:58:49 - [MESSAGE][INFO] - Smart Wait Function is triggered

2021-11-19 16:58:50 - [MESSAGE][INFO] - Found 1 web elements with id: 'Object Repository/Olusturma/Genel/Olusturma/EklenenSatir' located by 'By.cssSelector: #divmalhizmet .dxgvInlineEditRow_LECustomTheme' in '30' second(s)

2021-11-19 16:58:50 - [MESSAGE][INFO] - Smart Wait Function is triggered

2021-11-19 16:58:50 - [TEST_STEP][PASSED] - if (!(getAttribute("value").contains("Vkn"))): null

2021-11-19 16:58:50 - [TEST_STEP][PASSED] - son.clear(): null

2021-11-19 16:58:50 - [TEST_STEP][PASSED] - son.sendKeys(Deger): null

2021-11-19 16:58:50 - [MESSAGE][PASSED] - Call Test Case 'Test Cases/Olusturma/Genel/Olusturma' successfully

2021-11-19 16:58:50 - [MESSAGE][INFO] - Checking called Test Case

2021-11-19 16:58:50 - [MESSAGE][INFO] - Starting to call Test Case 'Test Cases/Olusturma/Genel/Olusturma'

2021-11-19 16:58:50 - [TEST_CASE][PASSED] - Test Cases/Olusturma/Genel/Olusturma: Test Cases/Olusturma/Genel/Olusturma

2021-11-19 16:58:50 - [TEST_STEP][PASSED] - driver = getWebDriver(): null

2021-11-19 16:58:50 - [TEST_STEP][PASSED] - action = new org.openqa.selenium.interactions.Actions(driver): null

2021-11-19 16:58:50 - [TEST_STEP][PASSED] - baslikElement = <not implemented yet for class: org.codehaus.groovy.ast.expr.EmptyExpression>: null

2021-11-19 16:58:50 - [TEST_STEP][PASSED] - sonElement = <not implemented yet for class: org.codehaus.groovy.ast.expr.EmptyExpression>: null

2021-11-19 16:58:50 - [TEST_STEP][PASSED] - attr = <not implemented yet for class: org.codehaus.groovy.ast.expr.EmptyExpression>: null

2021-11-19 16:58:50 - [TEST_STEP][PASSED] - a = 0: null

2021-11-19 16:58:50 - [TEST_STEP][PASSED] - elements = findWebElements(findTestObject("Object Repository/Olusturma/Genel/Olusturma/TabloBasliklari"), 10): Found 13 web elements with id: 'Object Repository/Olusturma/Genel/Olusturma/TabloBasliklari' located by 'By.cssSelector: div#divmalhizmet .dxgvTable_LECustomTheme td.dxgvHeader_LECustomTheme tr>td:nth-child(1)' in '10' second(s)

2021-11-19 16:58:50 - [MESSAGE][INFO] - Finding Test Object 'Object Repository/Olusturma/Genel/Olusturma/TabloBasliklari'

2021-11-19 16:58:50 - [MESSAGE][INFO] - Checking timeout

2021-11-19 16:58:50 - [MESSAGE][INFO] - Finding web element with id: 'Object Repository/Olusturma/Genel/Olusturma/TabloBasliklari' located by 'By.cssSelector: div#divmalhizmet .dxgvTable_LECustomTheme td.dxgvHeader_LECustomTheme tr>td:nth-child(1)' in '10' second(s)

2021-11-19 16:58:50 - [MESSAGE][INFO] - Smart Wait Function is triggered

2021-11-19 16:58:51 - [MESSAGE][INFO] - Found 13 web elements with id: 'Object Repository/Olusturma/Genel/Olusturma/TabloBasliklari' located by 'By.cssSelector: div#divmalhizmet .dxgvTable_LECustomTheme td.dxgvHeader_LECustomTheme tr>td:nth-child(1)' in '10' second(s)

2021-11-19 16:58:51 - [TEST_STEP][PASSED] - for (def element : elements): null

2021-11-19 16:58:51 - [TEST_STEP][PASSED] - build().perform(): null

2021-11-19 16:58:51 - [TEST_STEP][PASSED] - if (getText().equals(Baslik)): null

2021-11-19 16:58:51 - [TEST_STEP][PASSED] - build().perform(): null

2021-11-19 16:58:51 - [TEST_STEP][PASSED] - if (getText().equals(Baslik)): null

2021-11-19 16:58:51 - [TEST_STEP][PASSED] - build().perform(): null

2021-11-19 16:58:51 - [TEST_STEP][PASSED] - if (getText().equals(Baslik)): null

2021-11-19 16:58:51 - [TEST_STEP][PASSED] - build().perform(): null

2021-11-19 16:58:51 - [TEST_STEP][PASSED] - if (getText().equals(Baslik)): null

2021-11-19 16:58:51 - [TEST_STEP][PASSED] - build().perform(): null

2021-11-19 16:58:51 - [TEST_STEP][PASSED] - if (getText().equals(Baslik)): null

2021-11-19 16:58:52 - [TEST_STEP][PASSED] - build().perform(): null

2021-11-19 16:58:52 - [TEST_STEP][PASSED] - if (getText().equals(Baslik)): null

2021-11-19 16:58:52 - [TEST_STEP][PASSED] - build().perform(): null

2021-11-19 16:58:52 - [TEST_STEP][PASSED] - if (getText().equals(Baslik)): null

2021-11-19 16:58:52 - [TEST_STEP][PASSED] - baslikElement = element.findElement(By.xpath("../../../..")): Smart Wait Function is triggered

2021-11-19 16:58:52 - [MESSAGE][INFO] - Smart Wait Function is triggered

2021-11-19 16:58:52 - [TEST_STEP][PASSED] - attr = baslikElement.getAttribute("id"): null

2021-11-19 16:58:52 - [TEST_STEP][PASSED] - println("girdi ve idsini aldı = " + attr): null

2021-11-19 16:58:52 - [TEST_STEP][PASSED] - break: null

2021-11-19 16:58:52 - [TEST_STEP][PASSED] - countElement = baslikElement.findElements(By.xpath("../td")): Smart Wait Function is triggered

2021-11-19 16:58:52 - [MESSAGE][INFO] - Smart Wait Function is triggered

2021-11-19 16:58:53 - [TEST_STEP][PASSED] - for (def element : countElement): null

2021-11-19 16:58:53 - [TEST_STEP][PASSED] - if (toString().equals(attr.toString())): null

2021-11-19 16:58:53 - [TEST_STEP][PASSED] - (a++): null

2021-11-19 16:58:53 - [TEST_STEP][PASSED] - if (toString().equals(attr.toString())): null

2021-11-19 16:58:53 - [TEST_STEP][PASSED] - (a++): null

2021-11-19 16:58:53 - [TEST_STEP][PASSED] - if (toString().equals(attr.toString())): null

2021-11-19 16:58:53 - [TEST_STEP][PASSED] - (a++): null

2021-11-19 16:58:53 - [TEST_STEP][PASSED] - if (toString().equals(attr.toString())): null

2021-11-19 16:58:53 - [TEST_STEP][PASSED] - (a++): null

2021-11-19 16:58:53 - [TEST_STEP][PASSED] - if (toString().equals(attr.toString())): null

2021-11-19 16:58:53 - [TEST_STEP][PASSED] - (a++): null

2021-11-19 16:58:53 - [TEST_STEP][PASSED] - if (toString().equals(attr.toString())): null

2021-11-19 16:58:53 - [TEST_STEP][PASSED] - (a++): null

2021-11-19 16:58:53 - [TEST_STEP][PASSED] - if (toString().equals(attr.toString())): null

2021-11-19 16:58:53 - [TEST_STEP][PASSED] - (a++): null

2021-11-19 16:58:53 - [TEST_STEP][PASSED] - if (toString().equals(attr.toString())): null

2021-11-19 16:58:53 - [TEST_STEP][PASSED] - break: null

2021-11-19 16:58:53 - [TEST_STEP][PASSED] - son = findWebElement(findTestObject("Object Repository/Olusturma/Genel/Olusturma/EklenenSatir")).findElement(By.xpath("td[@class='dxgvInlineEditCell_LECustomTheme dxgv'][" + a + "]//td[@class='dxic']/input")): Smart Wait Function is triggered

2021-11-19 16:58:53 - [MESSAGE][INFO] - Finding Test Object 'Object Repository/Olusturma/Genel/Olusturma/EklenenSatir'

2021-11-19 16:58:53 - [MESSAGE][INFO] - Finding web element from Test Object's properties

2021-11-19 16:58:53 - [MESSAGE][INFO] - Checking timeout

2021-11-19 16:58:53 - [MESSAGE][INFO] - Finding web element with id: 'Object Repository/Olusturma/Genel/Olusturma/EklenenSatir' located by 'By.cssSelector: #divmalhizmet .dxgvInlineEditRow_LECustomTheme' in '30' second(s)

2021-11-19 16:58:53 - [MESSAGE][INFO] - Smart Wait Function is triggered

2021-11-19 16:58:53 - [MESSAGE][INFO] - Found 1 web elements with id: 'Object Repository/Olusturma/Genel/Olusturma/EklenenSatir' located by 'By.cssSelector: #divmalhizmet .dxgvInlineEditRow_LECustomTheme' in '30' second(s)

2021-11-19 16:58:53 - [MESSAGE][INFO] - Smart Wait Function is triggered

2021-11-19 16:58:54 - [TEST_STEP][PASSED] - if (!(getAttribute("value").contains("Vkn"))): null

2021-11-19 16:58:54 - [TEST_STEP][PASSED] - son.clear(): null

2021-11-19 16:58:54 - [TEST_STEP][PASSED] - son.sendKeys(Deger): null

2021-11-19 16:58:54 - [MESSAGE][PASSED] - Call Test Case 'Test Cases/Olusturma/Genel/Olusturma' successfully

2021-11-19 16:58:54 - [MESSAGE][INFO] - Checking called Test Case

2021-11-19 16:58:54 - [MESSAGE][INFO] - Starting to call Test Case 'Test Cases/Olusturma/Genel/NotGirilir'

2021-11-19 16:58:54 - [TEST_CASE][PASSED] - Test Cases/Olusturma/Genel/NotGirilir: Test Cases/Olusturma/Genel/NotGirilir

2021-11-19 16:58:54 - [TEST_STEP][PASSED] - i = 0: null

2021-11-19 16:58:54 - [TEST_STEP][PASSED] - waitForElementClickable(findTestObject("Olusturma/Genel/Not/Notlar"), 10): Object 'Object Repository/Olusturma/Genel/Not/Notlar' is clickable

2021-11-19 16:58:54 - [MESSAGE][INFO] - Finding Test Object 'Object Repository/Olusturma/Genel/Not/Notlar'

2021-11-19 16:58:54 - [MESSAGE][INFO] - Checking object

2021-11-19 16:58:54 - [MESSAGE][INFO] - Checking timeout

2021-11-19 16:58:54 - [MESSAGE][INFO] - Finding web element from Test Object's properties

2021-11-19 16:58:54 - [MESSAGE][INFO] - Checking timeout

2021-11-19 16:58:54 - [MESSAGE][INFO] - Finding web element with id: 'Object Repository/Olusturma/Genel/Not/Notlar' located by 'By.xpath: //*[@id = 'txtNote_I']' in '10' second(s)

2021-11-19 16:58:54 - [MESSAGE][INFO] - Smart Wait Function is triggered

2021-11-19 16:58:55 - [MESSAGE][INFO] - Found 1 web elements with id: 'Object Repository/Olusturma/Genel/Not/Notlar' located by 'By.xpath: //*[@id = 'txtNote_I']' in '10' second(s)

2021-11-19 16:58:55 - [MESSAGE][PASSED] - Object 'Object Repository/Olusturma/Genel/Not/Notlar' is clickable

2021-11-19 16:58:55 - [TEST_STEP][PASSED] - clearText(findTestObject("Olusturma/Genel/Not/Notlar")): Text of object 'Object Repository/Olusturma/Genel/Not/Notlar' is cleared

2021-11-19 16:58:55 - [MESSAGE][INFO] - Finding Test Object 'Object Repository/Olusturma/Genel/Not/Notlar'

2021-11-19 16:58:55 - [MESSAGE][INFO] - Checking object

2021-11-19 16:58:55 - [MESSAGE][INFO] - Finding web element from Test Object's properties

2021-11-19 16:58:55 - [MESSAGE][INFO] - Checking timeout

2021-11-19 16:58:55 - [MESSAGE][INFO] - Finding web element with id: 'Object Repository/Olusturma/Genel/Not/Notlar' located by 'By.xpath: //*[@id = 'txtNote_I']' in '30' second(s)

2021-11-19 16:58:55 - [MESSAGE][INFO] - Smart Wait Function is triggered

2021-11-19 16:58:55 - [MESSAGE][INFO] - Found 1 web elements with id: 'Object Repository/Olusturma/Genel/Not/Notlar' located by 'By.xpath: //*[@id = 'txtNote_I']' in '30' second(s)

2021-11-19 16:58:55 - [MESSAGE][INFO] - Clearing text of object 'Object Repository/Olusturma/Genel/Not/Notlar'

2021-11-19 16:58:55 - [MESSAGE][PASSED] - Text of object 'Object Repository/Olusturma/Genel/Not/Notlar' is cleared

2021-11-19 16:58:55 - [TEST_STEP][PASSED] - click(findTestObject("Olusturma/Genel/Not/Notlar")): Object: 'Object Repository/Olusturma/Genel/Not/Notlar' is clicked on

2021-11-19 16:58:55 - [MESSAGE][INFO] - Finding Test Object 'Object Repository/Olusturma/Genel/Not/Notlar'

2021-11-19 16:58:55 - [MESSAGE][INFO] - Checking object

2021-11-19 16:58:55 - [MESSAGE][INFO] - Finding web element from Test Object's properties

2021-11-19 16:58:55 - [MESSAGE][INFO] - Checking timeout

2021-11-19 16:58:55 - [MESSAGE][INFO] - Finding web element with id: 'Object Repository/Olusturma/Genel/Not/Notlar' located by 'By.xpath: //*[@id = 'txtNote_I']' in '30' second(s)

2021-11-19 16:58:55 - [MESSAGE][INFO] - Smart Wait Function is triggered

2021-11-19 16:58:56 - [MESSAGE][INFO] - Found 1 web elements with id: 'Object Repository/Olusturma/Genel/Not/Notlar' located by 'By.xpath: //*[@id = 'txtNote_I']' in '30' second(s)

2021-11-19 16:58:56 - [MESSAGE][INFO] - Clicking on object: 'Object Repository/Olusturma/Genel/Not/Notlar'

2021-11-19 16:58:56 - [MESSAGE][PASSED] - Object: 'Object Repository/Olusturma/Genel/Not/Notlar' is clicked on

2021-11-19 16:58:56 - [TEST_STEP][PASSED] - while (true): null

2021-11-19 16:58:56 - [TEST_STEP][PASSED] - delay(1): Delayed 1 second(s)

2021-11-19 16:58:56 - [MESSAGE][INFO] - Delaying browser in 1 second(s)

2021-11-19 16:58:57 - [MESSAGE][PASSED] - Delayed 1 second(s)

2021-11-19 16:58:57 - [TEST_STEP][PASSED] - ajaxIsComplete = executeJavaScript("return jQuery.active == 0", null): Execute JavaScript 'return jQuery.active == 0' successfully

2021-11-19 16:58:57 - [MESSAGE][PASSED] - Execute JavaScript 'return jQuery.active == 0' successfully

2021-11-19 16:58:57 - [TEST_STEP][PASSED] - if (ajaxIsComplete): null

2021-11-19 16:58:57 - [TEST_STEP][PASSED] - break: null

2021-11-19 16:58:57 - [TEST_STEP][PASSED] - sendKeys(findTestObject("Olusturma/Genel/Not/Notlar"), Not): Keys 'Otomasyon Not' sent to object: 'Object Repository/Olusturma/Genel/Not/Notlar'

2021-11-19 16:58:57 - [MESSAGE][INFO] - Finding Test Object 'Object Repository/Olusturma/Genel/Not/Notlar'

2021-11-19 16:58:57 - [MESSAGE][INFO] - Sending keys 'Otomasyon Not' to object: 'Object Repository/Olusturma/Genel/Not/Notlar'

2021-11-19 16:58:57 - [MESSAGE][INFO] - Finding web element from Test Object's properties

2021-11-19 16:58:57 - [MESSAGE][INFO] - Checking timeout

2021-11-19 16:58:57 - [MESSAGE][INFO] - Finding web element with id: 'Object Repository/Olusturma/Genel/Not/Notlar' located by 'By.xpath: //*[@id = 'txtNote_I']' in '30' second(s)

2021-11-19 16:58:57 - [MESSAGE][INFO] - Smart Wait Function is triggered

2021-11-19 16:58:57 - [MESSAGE][INFO] - Found 1 web elements with id: 'Object Repository/Olusturma/Genel/Not/Notlar' located by 'By.xpath: //*[@id = 'txtNote_I']' in '30' second(s)

2021-11-19 16:58:57 - [MESSAGE][PASSED] - Keys 'Otomasyon Not' sent to object: 'Object Repository/Olusturma/Genel/Not/Notlar'

2021-11-19 16:58:57 - [MESSAGE][PASSED] - Call Test Case 'Test Cases/Olusturma/Genel/NotGirilir' successfully

2021-11-19 16:58:57 - [MESSAGE][INFO] - Checking called Test Case

2021-11-19 16:58:57 - [MESSAGE][INFO] - Starting to call Test Case 'Test Cases/Olusturma/Genel/EttnBilgisiKayitEdilir'

2021-11-19 16:58:57 - [TEST_CASE][PASSED] - Test Cases/Olusturma/Genel/EttnBilgisiKayitEdilir: Test Cases/Olusturma/Genel/EttnBilgisiKayitEdilir

2021-11-19 16:58:58 - [TEST_STEP][PASSED] - verifyElementPresent(findTestObject("Object Repository/Olusturma/Genel/Olusturma/eArsivEttnBilgisi"), 7): Object 'Object Repository/Olusturma/Genel/Olusturma/eArsivEttnBilgisi' is present

2021-11-19 16:58:58 - [MESSAGE][INFO] - Finding Test Object 'Object Repository/Olusturma/Genel/Olusturma/eArsivEttnBilgisi'

2021-11-19 16:58:58 - [MESSAGE][INFO] - Checking object

2021-11-19 16:58:58 - [MESSAGE][INFO] - Finding web element from Test Object's properties

2021-11-19 16:58:58 - [MESSAGE][INFO] - Checking timeout

2021-11-19 16:58:58 - [MESSAGE][INFO] - Finding web element with id: 'Object Repository/Olusturma/Genel/Olusturma/eArsivEttnBilgisi' located by 'By.xpath: //*[@id = 'Uuid_I']' in '7' second(s)

2021-11-19 16:58:58 - [MESSAGE][INFO] - Smart Wait Function is triggered

2021-11-19 16:58:58 - [MESSAGE][INFO] - Found 1 web elements with id: 'Object Repository/Olusturma/Genel/Olusturma/eArsivEttnBilgisi' located by 'By.xpath: //*[@id = 'Uuid_I']' in '7' second(s)

2021-11-19 16:58:58 - [MESSAGE][PASSED] - Object 'Object Repository/Olusturma/Genel/Olusturma/eArsivEttnBilgisi' is present

2021-11-19 16:58:58 - [TEST_STEP][PASSED] - ettn = getAttribute(findTestObject("Object Repository/Olusturma/Genel/Olusturma/eArsivEttnBilgisi"), "value"): Attribute 'value' of object 'Object Repository/Olusturma/Genel/Olusturma/eArsivEttnBilgisi' is: 'c85d0841-79ce-40f1-b9c0-870863f98062'

2021-11-19 16:58:58 - [MESSAGE][INFO] - Finding Test Object 'Object Repository/Olusturma/Genel/Olusturma/eArsivEttnBilgisi'

2021-11-19 16:58:58 - [MESSAGE][INFO] - Checking object

2021-11-19 16:58:58 - [MESSAGE][INFO] - Checking attribute

2021-11-19 16:58:58 - [MESSAGE][INFO] - Finding web element from Test Object's properties

2021-11-19 16:58:58 - [MESSAGE][INFO] - Checking timeout

2021-11-19 16:58:58 - [MESSAGE][INFO] - Finding web element with id: 'Object Repository/Olusturma/Genel/Olusturma/eArsivEttnBilgisi' located by 'By.xpath: //*[@id = 'Uuid_I']' in '30' second(s)

2021-11-19 16:58:58 - [MESSAGE][INFO] - Smart Wait Function is triggered

2021-11-19 16:58:59 - [MESSAGE][INFO] - Found 1 web elements with id: 'Object Repository/Olusturma/Genel/Olusturma/eArsivEttnBilgisi' located by 'By.xpath: //*[@id = 'Uuid_I']' in '30' second(s)

2021-11-19 16:58:59 - [MESSAGE][INFO] - Getting attribute 'value' of object 'Object Repository/Olusturma/Genel/Olusturma/eArsivEttnBilgisi'

2021-11-19 16:58:59 - [MESSAGE][PASSED] - Attribute 'value' of object 'Object Repository/Olusturma/Genel/Olusturma/eArsivEttnBilgisi' is: 'c85d0841-79ce-40f1-b9c0-870863f98062'

2021-11-19 16:58:59 - [MESSAGE][PASSED] - Call Test Case 'Test Cases/Olusturma/Genel/EttnBilgisiKayitEdilir' successfully

2021-11-19 16:58:59 - [MESSAGE][INFO] - Checking called Test Case

2021-11-19 16:58:59 - [MESSAGE][INFO] - Starting to call Test Case 'Test Cases/Olusturma/Genel/KaydetButonunaTiklanir'

2021-11-19 16:58:59 - [TEST_CASE][PASSED] - Test Cases/Olusturma/Genel/KaydetButonunaTiklanir: Test Cases/Olusturma/Genel/KaydetButonunaTiklanir

2021-11-19 16:58:59 - [TEST_STEP][PASSED] - i = 0: null

2021-11-19 16:58:59 - [TEST_STEP][PASSED] - waitForElementPresent(findTestObject("Olusturma/Genel/Not/Notlar"), 10): Object 'Object Repository/Olusturma/Genel/Not/Notlar' is present

2021-11-19 16:58:59 - [MESSAGE][INFO] - Finding Test Object 'Object Repository/Olusturma/Genel/Not/Notlar'

2021-11-19 16:58:59 - [MESSAGE][INFO] - Checking object

2021-11-19 16:58:59 - [MESSAGE][INFO] - Finding web element from Test Object's properties

2021-11-19 16:58:59 - [MESSAGE][INFO] - Checking timeout

2021-11-19 16:58:59 - [MESSAGE][INFO] - Finding web element with id: 'Object Repository/Olusturma/Genel/Not/Notlar' located by 'By.xpath: //*[@id = 'txtNote_I']' in '10' second(s)

2021-11-19 16:58:59 - [MESSAGE][INFO] - Smart Wait Function is triggered

2021-11-19 16:58:59 - [MESSAGE][INFO] - Found 1 web elements with id: 'Object Repository/Olusturma/Genel/Not/Notlar' located by 'By.xpath: //*[@id = 'txtNote_I']' in '10' second(s)

2021-11-19 16:58:59 - [MESSAGE][PASSED] - Object 'Object Repository/Olusturma/Genel/Not/Notlar' is present

2021-11-19 16:58:59 - [TEST_STEP][PASSED] - click(findTestObject("Olusturma/Genel/Not/Notlar")): Object: 'Object Repository/Olusturma/Genel/Not/Notlar' is clicked on

2021-11-19 16:58:59 - [MESSAGE][INFO] - Finding Test Object 'Object Repository/Olusturma/Genel/Not/Notlar'

2021-11-19 16:58:59 - [MESSAGE][INFO] - Checking object

2021-11-19 16:58:59 - [MESSAGE][INFO] - Finding web element from Test Object's properties

2021-11-19 16:58:59 - [MESSAGE][INFO] - Checking timeout

2021-11-19 16:58:59 - [MESSAGE][INFO] - Finding web element with id: 'Object Repository/Olusturma/Genel/Not/Notlar' located by 'By.xpath: //*[@id = 'txtNote_I']' in '30' second(s)

2021-11-19 16:58:59 - [MESSAGE][INFO] - Smart Wait Function is triggered

2021-11-19 16:59:00 - [MESSAGE][INFO] - Found 1 web elements with id: 'Object Repository/Olusturma/Genel/Not/Notlar' located by 'By.xpath: //*[@id = 'txtNote_I']' in '30' second(s)

2021-11-19 16:59:00 - [MESSAGE][INFO] - Clicking on object: 'Object Repository/Olusturma/Genel/Not/Notlar'

2021-11-19 16:59:00 - [MESSAGE][PASSED] - Object: 'Object Repository/Olusturma/Genel/Not/Notlar' is clicked on

2021-11-19 16:59:00 - [TEST_STEP][PASSED] - while (true): null

2021-11-19 16:59:00 - [TEST_STEP][PASSED] - delay(1): Delayed 1 second(s)

2021-11-19 16:59:00 - [MESSAGE][INFO] - Delaying browser in 1 second(s)

2021-11-19 16:59:01 - [MESSAGE][PASSED] - Delayed 1 second(s)

2021-11-19 16:59:01 - [TEST_STEP][PASSED] - ajaxIsComplete = executeJavaScript("return jQuery.active == 0", null): Execute JavaScript 'return jQuery.active == 0' successfully

2021-11-19 16:59:01 - [MESSAGE][PASSED] - Execute JavaScript 'return jQuery.active == 0' successfully

2021-11-19 16:59:01 - [TEST_STEP][PASSED] - if (ajaxIsComplete): null

2021-11-19 16:59:01 - [TEST_STEP][PASSED] - break: null

2021-11-19 16:59:01 - [TEST_STEP][PASSED] - waitForElementClickable(findTestObject("Object Repository/Olusturma/Genel/Buton"), 10): Object 'Object Repository/Olusturma/Genel/Buton' is clickable

2021-11-19 16:59:01 - [MESSAGE][INFO] - Finding Test Object 'Object Repository/Olusturma/Genel/Buton'

2021-11-19 16:59:01 - [MESSAGE][INFO] - Checking object

2021-11-19 16:59:01 - [MESSAGE][INFO] - Checking timeout

2021-11-19 16:59:01 - [MESSAGE][INFO] - Finding web element from Test Object's properties

2021-11-19 16:59:01 - [MESSAGE][INFO] - Checking timeout

2021-11-19 16:59:01 - [MESSAGE][INFO] - Finding web element with id: 'Object Repository/Olusturma/Genel/Buton' located by 'By.xpath: //*[@id = 'btnKaydet']' in '10' second(s)

2021-11-19 16:59:01 - [MESSAGE][INFO] - Smart Wait Function is triggered

2021-11-19 16:59:01 - [MESSAGE][INFO] - Found 1 web elements with id: 'Object Repository/Olusturma/Genel/Buton' located by 'By.xpath: //*[@id = 'btnKaydet']' in '10' second(s)

2021-11-19 16:59:01 - [MESSAGE][PASSED] - Object 'Object Repository/Olusturma/Genel/Buton' is clickable

2021-11-19 16:59:01 - [TEST_STEP][PASSED] - click(findTestObject("Object Repository/Olusturma/Genel/Buton")): Object: 'Object Repository/Olusturma/Genel/Buton' is clicked on

2021-11-19 16:59:01 - [MESSAGE][INFO] - Finding Test Object 'Object Repository/Olusturma/Genel/Buton'

2021-11-19 16:59:01 - [MESSAGE][INFO] - Checking object

2021-11-19 16:59:01 - [MESSAGE][INFO] - Finding web element from Test Object's properties

2021-11-19 16:59:01 - [MESSAGE][INFO] - Checking timeout

2021-11-19 16:59:01 - [MESSAGE][INFO] - Finding web element with id: 'Object Repository/Olusturma/Genel/Buton' located by 'By.xpath: //*[@id = 'btnKaydet']' in '30' second(s)

2021-11-19 16:59:01 - [MESSAGE][INFO] - Smart Wait Function is triggered

2021-11-19 16:59:02 - [MESSAGE][INFO] - Found 1 web elements with id: 'Object Repository/Olusturma/Genel/Buton' located by 'By.xpath: //*[@id = 'btnKaydet']' in '30' second(s)

2021-11-19 16:59:02 - [MESSAGE][INFO] - Clicking on object: 'Object Repository/Olusturma/Genel/Buton'

2021-11-19 16:59:05 - [MESSAGE][PASSED] - Object: 'Object Repository/Olusturma/Genel/Buton' is clicked on

2021-11-19 16:59:05 - [MESSAGE][PASSED] - Call Test Case 'Test Cases/Olusturma/Genel/KaydetButonunaTiklanir' successfully

2021-11-19 16:59:05 - [MESSAGE][INFO] - Checking called Test Case

2021-11-19 16:59:05 - [MESSAGE][INFO] - Starting to call Test Case 'Test Cases/Tablo/TablodaEttnliVeriOlusturulduMu'

2021-11-19 16:59:05 - [TEST_CASE][PASSED] - Test Cases/Tablo/TablodaEttnliVeriOlusturulduMu: Test Cases/Tablo/TablodaEttnliVeriOlusturulduMu

2021-11-19 16:59:05 - [TEST_STEP][PASSED] - Method.TextDegerineEsitElementVarMi(findTestObject("Tablo/OlusturulanVeri"), ettn): Method.TextDegerineEsitElementVarMi is PASSED

2021-11-19 16:59:05 - [MESSAGE][INFO] - Finding Test Object 'Object Repository/Tablo/OlusturulanVeri'

2021-11-19 16:59:05 - [MESSAGE][INFO] - Checking timeout

2021-11-19 16:59:05 - [MESSAGE][INFO] - Finding web element with id: 'Object Repository/Tablo/OlusturulanVeri' located by 'By.cssSelector: table.dxgvTable_LECustomTheme>tbody>tr:nth-child(3)>td.dxgv b,table.dxgvTable_LECustomTheme>tbody>tr:nth-child(3)>td.dxgv' in '10' second(s)

2021-11-19 16:59:05 - [MESSAGE][INFO] - Smart Wait Function is triggered

2021-11-19 16:59:06 - [MESSAGE][INFO] - Found 14 web elements with id: 'Object Repository/Tablo/OlusturulanVeri' located by 'By.cssSelector: table.dxgvTable_LECustomTheme>tbody>tr:nth-child(3)>td.dxgv b,table.dxgvTable_LECustomTheme>tbody>tr:nth-child(3)>td.dxgv' in '10' second(s)

2021-11-19 16:59:06 - [MESSAGE][PASSED] - Method.TextDegerineEsitElementVarMi is PASSED

2021-11-19 16:59:06 - [MESSAGE][PASSED] - Call Test Case 'Test Cases/Tablo/TablodaEttnliVeriOlusturulduMu' successfully

2021-11-19 16:59:06 - [MESSAGE][INFO] - Checking called Test Case

2021-11-19 16:59:06 - [MESSAGE][INFO] - Starting to call Test Case 'Test Cases/Tablo/TablodanEttnliVeriSec'

2021-11-19 16:59:06 - [TEST_CASE][PASSED] - Test Cases/Tablo/TablodanEttnliVeriSec: Test Cases/Tablo/TablodanEttnliVeriSec

2021-11-19 16:59:06 - [TEST_STEP][PASSED] - Method.TextDegerineEsitElementinAltindakineTikla(findTestObject("Tablo/Veriler"), findTestObject("Tablo/VerininCheckBoxi"), ettn): Method.TextDegerineEsitElementinAltindakineTikla is PASSED

2021-11-19 16:59:06 - [MESSAGE][INFO] - Finding Test Object 'Object Repository/Tablo/Veriler'

2021-11-19 16:59:06 - [MESSAGE][INFO] - Finding Test Object 'Object Repository/Tablo/VerininCheckBoxi'

2021-11-19 16:59:06 - [MESSAGE][INFO] - Checking timeout

2021-11-19 16:59:06 - [MESSAGE][INFO] - Finding web element with id: 'Object Repository/Tablo/Veriler' located by 'By.cssSelector: td.dxgv b ,td.dxgv' in '10' second(s)

2021-11-19 16:59:06 - [MESSAGE][INFO] - Smart Wait Function is triggered

2021-11-19 16:59:07 - [MESSAGE][INFO] - Found 70 web elements with id: 'Object Repository/Tablo/Veriler' located by 'By.cssSelector: td.dxgv b ,td.dxgv' in '10' second(s)

2021-11-19 16:59:07 - [MESSAGE][INFO] - Smart Wait Function is triggered

2021-11-19 16:59:07 - [MESSAGE][PASSED] - Method.TextDegerineEsitElementinAltindakineTikla is PASSED

2021-11-19 16:59:07 - [MESSAGE][PASSED] - Call Test Case 'Test Cases/Tablo/TablodanEttnliVeriSec' successfully

2021-11-19 16:59:07 - [MESSAGE][INFO] - Checking called Test Case

2021-11-19 16:59:07 - [MESSAGE][INFO] - Starting to call Test Case 'Test Cases/Butonlar/ButonaTikla'

2021-11-19 16:59:07 - [TEST_CASE][PASSED] - Test Cases/Butonlar/ButonaTikla: Test Cases/Butonlar/ButonaTikla

2021-11-19 16:59:07 - [TEST_STEP][PASSED] - Method.TextDegerineEsitElementeTiklaEquals(findTestObject("Butonlar/Butonlar"), Buton_Adi): Method.TextDegerineEsitElementeTiklaEquals is PASSED

2021-11-19 16:59:07 - [MESSAGE][INFO] - Finding Test Object 'Object Repository/Butonlar/Butonlar'

2021-11-19 16:59:07 - [MESSAGE][INFO] - Checking timeout

2021-11-19 16:59:07 - [MESSAGE][INFO] - Finding web element with id: 'Object Repository/Butonlar/Butonlar' located by 'By.cssSelector: .panel.panel-default.text-center.footerPanel .btn,.btn.btn-primary.btnControls' in '10' second(s)

2021-11-19 16:59:07 - [MESSAGE][INFO] - Smart Wait Function is triggered

2021-11-19 16:59:08 - [MESSAGE][INFO] - Found 9 web elements with id: 'Object Repository/Butonlar/Butonlar' located by 'By.cssSelector: .panel.panel-default.text-center.footerPanel .btn,.btn.btn-primary.btnControls' in '10' second(s)

2021-11-19 16:59:08 - [MESSAGE][PASSED] - Method.TextDegerineEsitElementeTiklaEquals is PASSED

2021-11-19 16:59:08 - [MESSAGE][PASSED] - Call Test Case 'Test Cases/Butonlar/ButonaTikla' successfully

2021-11-19 16:59:08 - [MESSAGE][INFO] - Checking called Test Case

2021-11-19 16:59:08 - [MESSAGE][INFO] - Starting to call Test Case 'Test Cases/Popup/PopupMesajiIceriyorMu'

2021-11-19 16:59:08 - [TEST_CASE][PASSED] - Test Cases/Popup/PopupMesajiIceriyorMu: Test Cases/Popup/PopupMesajiIceriyorMu

2021-11-19 16:59:08 - [TEST_STEP][PASSED] - waitForElementVisible(findTestObject("Popup/Popup"), 10): Object 'Object Repository/Popup/Popup' is visible

2021-11-19 16:59:08 - [MESSAGE][INFO] - Finding Test Object 'Object Repository/Popup/Popup'

2021-11-19 16:59:08 - [MESSAGE][INFO] - Checking object

2021-11-19 16:59:08 - [MESSAGE][INFO] - Checking timeout

2021-11-19 16:59:08 - [MESSAGE][INFO] - Finding web element from Test Object's properties

2021-11-19 16:59:08 - [MESSAGE][INFO] - Checking timeout

2021-11-19 16:59:08 - [MESSAGE][INFO] - Finding web element with id: 'Object Repository/Popup/Popup' located by 'By.cssSelector: .bootbox-body' in '10' second(s)

2021-11-19 16:59:08 - [MESSAGE][INFO] - Smart Wait Function is triggered

2021-11-19 16:59:09 - [MESSAGE][INFO] - Found 1 web elements with id: 'Object Repository/Popup/Popup' located by 'By.cssSelector: .bootbox-body' in '10' second(s)

2021-11-19 16:59:09 - [MESSAGE][PASSED] - Object 'Object Repository/Popup/Popup' is visible

2021-11-19 16:59:09 - [TEST_STEP][PASSED] - if (!(getText(findTestObject("Popup/Popup")).contains(Mesaj))): Text of object 'Object Repository/Popup/Popup' is: 'Oluşturulacak fatura numarası : EAR2021000000480 Fatura numarası oluşturulduktan sonra fatura silinemez. Fatura numarası, tarihi ve ön eki değiştirilemez. Devam etmek istiyor musunuz?'

2021-11-19 16:59:09 - [MESSAGE][INFO] - Finding Test Object 'Object Repository/Popup/Popup'

2021-11-19 16:59:09 - [MESSAGE][INFO] - Checking object

2021-11-19 16:59:09 - [MESSAGE][INFO] - Finding web element from Test Object's properties

2021-11-19 16:59:09 - [MESSAGE][INFO] - Checking timeout

2021-11-19 16:59:09 - [MESSAGE][INFO] - Finding web element with id: 'Object Repository/Popup/Popup' located by 'By.cssSelector: .bootbox-body' in '30' second(s)

2021-11-19 16:59:09 - [MESSAGE][INFO] - Smart Wait Function is triggered

2021-11-19 16:59:09 - [MESSAGE][INFO] - Found 1 web elements with id: 'Object Repository/Popup/Popup' located by 'By.cssSelector: .bootbox-body' in '30' second(s)

2021-11-19 16:59:09 - [MESSAGE][INFO] - Getting text of object 'Object Repository/Popup/Popup'

2021-11-19 16:59:09 - [MESSAGE][PASSED] - Text of object 'Object Repository/Popup/Popup' is: 'Oluşturulacak fatura numarası : EAR2021000000480 Fatura numarası oluşturulduktan sonra fatura silinemez. Fatura numarası, tarihi ve ön eki değiştirilemez. Devam etmek istiyor musunuz?'

2021-11-19 16:59:09 - [TEST_STEP][PASSED] - RaporNo = getText(findTestObject("Popup/Popup")).substring(0, 6): Text of object 'Object Repository/Popup/Popup' is: 'Oluşturulacak fatura numarası : EAR2021000000480 Fatura numarası oluşturulduktan sonra fatura silinemez. Fatura numarası, tarihi ve ön eki değiştirilemez. Devam etmek istiyor musunuz?'

2021-11-19 16:59:09 - [MESSAGE][INFO] - Finding Test Object 'Object Repository/Popup/Popup'

2021-11-19 16:59:09 - [MESSAGE][INFO] - Checking object

2021-11-19 16:59:09 - [MESSAGE][INFO] - Finding web element from Test Object's properties

2021-11-19 16:59:09 - [MESSAGE][INFO] - Checking timeout

2021-11-19 16:59:09 - [MESSAGE][INFO] - Finding web element with id: 'Object Repository/Popup/Popup' located by 'By.cssSelector: .bootbox-body' in '30' second(s)

2021-11-19 16:59:09 - [MESSAGE][INFO] - Smart Wait Function is triggered

2021-11-19 16:59:10 - [MESSAGE][INFO] - Found 1 web elements with id: 'Object Repository/Popup/Popup' located by 'By.cssSelector: .bootbox-body' in '30' second(s)

2021-11-19 16:59:10 - [MESSAGE][INFO] - Getting text of object 'Object Repository/Popup/Popup'

2021-11-19 16:59:10 - [MESSAGE][PASSED] - Text of object 'Object Repository/Popup/Popup' is: 'Oluşturulacak fatura numarası : EAR2021000000480 Fatura numarası oluşturulduktan sonra fatura silinemez. Fatura numarası, tarihi ve ön eki değiştirilemez. Devam etmek istiyor musunuz?'

2021-11-19 16:59:10 - [TEST_STEP][PASSED] - Console.println(RaporNo): null

2021-11-19 16:59:10 - [MESSAGE][PASSED] - Call Test Case 'Test Cases/Popup/PopupMesajiIceriyorMu' successfully

2021-11-19 16:59:10 - [MESSAGE][INFO] - Checking called Test Case

2021-11-19 16:59:10 - [MESSAGE][INFO] - Starting to call Test Case 'Test Cases/Popup/PopupButonSecilir'

2021-11-19 16:59:10 - [TEST_CASE][PASSED] - Test Cases/Popup/PopupButonSecilir: Test Cases/Popup/PopupButonSecilir

2021-11-19 16:59:10 - [TEST_STEP][PASSED] - Method.TextDegerineEsitElementeTikla(findTestObject("Popup/Popup_Butons"), Buton): Method.TextDegerineEsitElementeTikla is PASSED

2021-11-19 16:59:10 - [MESSAGE][INFO] - Finding Test Object 'Object Repository/Popup/Popup_Butons'

2021-11-19 16:59:10 - [MESSAGE][INFO] - Checking timeout

2021-11-19 16:59:10 - [MESSAGE][INFO] - Finding web element with id: 'Object Repository/Popup/Popup_Butons' located by 'By.cssSelector: .modal-footer>button' in '10' second(s)

2021-11-19 16:59:10 - [MESSAGE][INFO] - Smart Wait Function is triggered

2021-11-19 16:59:10 - [MESSAGE][INFO] - Found 2 web elements with id: 'Object Repository/Popup/Popup_Butons' located by 'By.cssSelector: .modal-footer>button' in '10' second(s)

2021-11-19 16:59:10 - [MESSAGE][PASSED] - Method.TextDegerineEsitElementeTikla is PASSED

2021-11-19 16:59:10 - [MESSAGE][PASSED] - Call Test Case 'Test Cases/Popup/PopupButonSecilir' successfully

2021-11-19 16:59:10 - [MESSAGE][INFO] - Checking called Test Case

2021-11-19 16:59:10 - [MESSAGE][INFO] - Starting to call Test Case 'Test Cases/Popup/PopupMesajiIceriyorMu'

2021-11-19 16:59:11 - [TEST_CASE][PASSED] - Test Cases/Popup/PopupMesajiIceriyorMu: Test Cases/Popup/PopupMesajiIceriyorMu

2021-11-19 16:59:11 - [TEST_STEP][PASSED] - waitForElementVisible(findTestObject("Popup/Popup"), 10): Object 'Object Repository/Popup/Popup' is visible

2021-11-19 16:59:11 - [MESSAGE][INFO] - Finding Test Object 'Object Repository/Popup/Popup'

2021-11-19 16:59:11 - [MESSAGE][INFO] - Checking object

2021-11-19 16:59:11 - [MESSAGE][INFO] - Checking timeout

2021-11-19 16:59:11 - [MESSAGE][INFO] - Finding web element from Test Object's properties

2021-11-19 16:59:11 - [MESSAGE][INFO] - Checking timeout

2021-11-19 16:59:11 - [MESSAGE][INFO] - Finding web element with id: 'Object Repository/Popup/Popup' located by 'By.cssSelector: .bootbox-body' in '10' second(s)

2021-11-19 16:59:11 - [MESSAGE][INFO] - Smart Wait Function is triggered

2021-11-19 16:59:11 - [MESSAGE][INFO] - Found 1 web elements with id: 'Object Repository/Popup/Popup' located by 'By.cssSelector: .bootbox-body' in '10' second(s)

2021-11-19 16:59:11 - [MESSAGE][PASSED] - Object 'Object Repository/Popup/Popup' is visible

2021-11-19 16:59:11 - [TEST_STEP][PASSED] - if (!(getText(findTestObject("Popup/Popup")).contains(Mesaj))): Text of object 'Object Repository/Popup/Popup' is: 'Fatura numaranız EAR2021000000480 olarak oluşmuştur.'

2021-11-19 16:59:11 - [MESSAGE][INFO] - Finding Test Object 'Object Repository/Popup/Popup'

2021-11-19 16:59:11 - [MESSAGE][INFO] - Checking object

2021-11-19 16:59:11 - [MESSAGE][INFO] - Finding web element from Test Object's properties

2021-11-19 16:59:11 - [MESSAGE][INFO] - Checking timeout

2021-11-19 16:59:11 - [MESSAGE][INFO] - Finding web element with id: 'Object Repository/Popup/Popup' located by 'By.cssSelector: .bootbox-body' in '30' second(s)

2021-11-19 16:59:11 - [MESSAGE][INFO] - Smart Wait Function is triggered

2021-11-19 16:59:12 - [MESSAGE][INFO] - Found 1 web elements with id: 'Object Repository/Popup/Popup' located by 'By.cssSelector: .bootbox-body' in '30' second(s)

2021-11-19 16:59:12 - [MESSAGE][INFO] - Getting text of object 'Object Repository/Popup/Popup'

2021-11-19 16:59:12 - [MESSAGE][PASSED] - Text of object 'Object Repository/Popup/Popup' is: 'Fatura numaranız EAR2021000000480 olarak oluşmuştur.'

2021-11-19 16:59:12 - [TEST_STEP][PASSED] - RaporNo = getText(findTestObject("Popup/Popup")).substring(0, 6): Text of object 'Object Repository/Popup/Popup' is: 'Fatura numaranız EAR2021000000480 olarak oluşmuştur.'

2021-11-19 16:59:12 - [MESSAGE][INFO] - Finding Test Object 'Object Repository/Popup/Popup'

2021-11-19 16:59:12 - [MESSAGE][INFO] - Checking object

2021-11-19 16:59:12 - [MESSAGE][INFO] - Finding web element from Test Object's properties

2021-11-19 16:59:12 - [MESSAGE][INFO] - Checking timeout

2021-11-19 16:59:12 - [MESSAGE][INFO] - Finding web element with id: 'Object Repository/Popup/Popup' located by 'By.cssSelector: .bootbox-body' in '30' second(s)

2021-11-19 16:59:12 - [MESSAGE][INFO] - Smart Wait Function is triggered

2021-11-19 16:59:12 - [MESSAGE][INFO] - Found 1 web elements with id: 'Object Repository/Popup/Popup' located by 'By.cssSelector: .bootbox-body' in '30' second(s)

2021-11-19 16:59:12 - [MESSAGE][INFO] - Getting text of object 'Object Repository/Popup/Popup'

2021-11-19 16:59:12 - [MESSAGE][PASSED] - Text of object 'Object Repository/Popup/Popup' is: 'Fatura numaranız EAR2021000000480 olarak oluşmuştur.'

2021-11-19 16:59:12 - [TEST_STEP][PASSED] - Console.println(RaporNo): null

2021-11-19 16:59:12 - [MESSAGE][PASSED] - Call Test Case 'Test Cases/Popup/PopupMesajiIceriyorMu' successfully

2021-11-19 16:59:12 - [MESSAGE][INFO] - Checking called Test Case

2021-11-19 16:59:12 - [MESSAGE][INFO] - Starting to call Test Case 'Test Cases/Popup/PopupButonSecilir'

2021-11-19 16:59:12 - [TEST_CASE][PASSED] - Test Cases/Popup/PopupButonSecilir: Test Cases/Popup/PopupButonSecilir

2021-11-19 16:59:12 - [TEST_STEP][PASSED] - Method.TextDegerineEsitElementeTikla(findTestObject("Popup/Popup_Butons"), Buton): Method.TextDegerineEsitElementeTikla is PASSED

2021-11-19 16:59:12 - [MESSAGE][INFO] - Finding Test Object 'Object Repository/Popup/Popup_Butons'

2021-11-19 16:59:12 - [MESSAGE][INFO] - Checking timeout

2021-11-19 16:59:12 - [MESSAGE][INFO] - Finding web element with id: 'Object Repository/Popup/Popup_Butons' located by 'By.cssSelector: .modal-footer>button' in '10' second(s)

2021-11-19 16:59:12 - [MESSAGE][INFO] - Smart Wait Function is triggered

2021-11-19 16:59:12 - [MESSAGE][INFO] - Found 1 web elements with id: 'Object Repository/Popup/Popup_Butons' located by 'By.cssSelector: .modal-footer>button' in '10' second(s)

2021-11-19 16:59:13 - [MESSAGE][PASSED] - Method.TextDegerineEsitElementeTikla is PASSED

2021-11-19 16:59:13 - [MESSAGE][PASSED] - Call Test Case 'Test Cases/Popup/PopupButonSecilir' successfully

2021-11-19 16:59:13 - [MESSAGE][INFO] - Checking called Test Case

2021-11-19 16:59:13 - [MESSAGE][INFO] - Starting to call Test Case 'Test Cases/Tablo/TablodanEttnliVeriSec'

2021-11-19 16:59:13 - [TEST_CASE][PASSED] - Test Cases/Tablo/TablodanEttnliVeriSec: Test Cases/Tablo/TablodanEttnliVeriSec

2021-11-19 16:59:13 - [TEST_STEP][PASSED] - Method.TextDegerineEsitElementinAltindakineTikla(findTestObject("Tablo/Veriler"), findTestObject("Tablo/VerininCheckBoxi"), ettn): Method.TextDegerineEsitElementinAltindakineTikla is PASSED

2021-11-19 16:59:13 - [MESSAGE][INFO] - Finding Test Object 'Object Repository/Tablo/Veriler'

2021-11-19 16:59:13 - [MESSAGE][INFO] - Finding Test Object 'Object Repository/Tablo/VerininCheckBoxi'

2021-11-19 16:59:13 - [MESSAGE][INFO] - Checking timeout

2021-11-19 16:59:13 - [MESSAGE][INFO] - Finding web element with id: 'Object Repository/Tablo/Veriler' located by 'By.cssSelector: td.dxgv b ,td.dxgv' in '10' second(s)

2021-11-19 16:59:13 - [MESSAGE][INFO] - Smart Wait Function is triggered

2021-11-19 16:59:13 - [MESSAGE][INFO] - Found 70 web elements with id: 'Object Repository/Tablo/Veriler' located by 'By.cssSelector: td.dxgv b ,td.dxgv' in '10' second(s)

2021-11-19 16:59:14 - [MESSAGE][INFO] - Smart Wait Function is triggered

2021-11-19 16:59:14 - [MESSAGE][PASSED] - Method.TextDegerineEsitElementinAltindakineTikla is PASSED

2021-11-19 16:59:14 - [MESSAGE][PASSED] - Call Test Case 'Test Cases/Tablo/TablodanEttnliVeriSec' successfully

2021-11-19 16:59:14 - [MESSAGE][INFO] - Checking called Test Case

2021-11-19 16:59:14 - [MESSAGE][INFO] - Starting to call Test Case 'Test Cases/Butonlar/ButonaTikla'

2021-11-19 16:59:14 - [TEST_CASE][PASSED] - Test Cases/Butonlar/ButonaTikla: Test Cases/Butonlar/ButonaTikla

2021-11-19 16:59:14 - [TEST_STEP][PASSED] - Method.TextDegerineEsitElementeTiklaEquals(findTestObject("Butonlar/Butonlar"), Buton_Adi): Method.TextDegerineEsitElementeTiklaEquals is PASSED

2021-11-19 16:59:14 - [MESSAGE][INFO] - Finding Test Object 'Object Repository/Butonlar/Butonlar'

2021-11-19 16:59:14 - [MESSAGE][INFO] - Checking timeout

2021-11-19 16:59:14 - [MESSAGE][INFO] - Finding web element with id: 'Object Repository/Butonlar/Butonlar' located by 'By.cssSelector: .panel.panel-default.text-center.footerPanel .btn,.btn.btn-primary.btnControls' in '10' second(s)

2021-11-19 16:59:14 - [MESSAGE][INFO] - Smart Wait Function is triggered

2021-11-19 16:59:15 - [MESSAGE][INFO] - Found 9 web elements with id: 'Object Repository/Butonlar/Butonlar' located by 'By.cssSelector: .panel.panel-default.text-center.footerPanel .btn,.btn.btn-primary.btnControls' in '10' second(s)

2021-11-19 16:59:15 - [MESSAGE][PASSED] - Method.TextDegerineEsitElementeTiklaEquals is PASSED

2021-11-19 16:59:15 - [MESSAGE][PASSED] - Call Test Case 'Test Cases/Butonlar/ButonaTikla' successfully

2021-11-19 16:59:15 - [MESSAGE][INFO] - Checking called Test Case

2021-11-19 16:59:15 - [MESSAGE][INFO] - Starting to call Test Case 'Test Cases/Popup/PopupMesajiIceriyorMu'

2021-11-19 16:59:15 - [TEST_CASE][PASSED] - Test Cases/Popup/PopupMesajiIceriyorMu: Test Cases/Popup/PopupMesajiIceriyorMu

2021-11-19 16:59:15 - [TEST_STEP][PASSED] - waitForElementVisible(findTestObject("Popup/Popup"), 10): Object 'Object Repository/Popup/Popup' is visible

2021-11-19 16:59:15 - [MESSAGE][INFO] - Finding Test Object 'Object Repository/Popup/Popup'

2021-11-19 16:59:15 - [MESSAGE][INFO] - Checking object

2021-11-19 16:59:15 - [MESSAGE][INFO] - Checking timeout

2021-11-19 16:59:15 - [MESSAGE][INFO] - Finding web element from Test Object's properties

2021-11-19 16:59:15 - [MESSAGE][INFO] - Checking timeout

2021-11-19 16:59:15 - [MESSAGE][INFO] - Finding web element with id: 'Object Repository/Popup/Popup' located by 'By.cssSelector: .bootbox-body' in '10' second(s)

2021-11-19 16:59:15 - [MESSAGE][INFO] - Smart Wait Function is triggered

2021-11-19 16:59:16 - [MESSAGE][INFO] - Found 1 web elements with id: 'Object Repository/Popup/Popup' located by 'By.cssSelector: .bootbox-body' in '10' second(s)

2021-11-19 16:59:16 - [MESSAGE][PASSED] - Object 'Object Repository/Popup/Popup' is visible

2021-11-19 16:59:16 - [TEST_STEP][PASSED] - if (!(getText(findTestObject("Popup/Popup")).contains(Mesaj))): Text of object 'Object Repository/Popup/Popup' is: 'Seçilen faturalarınız onaylanacaktır. Onaylanan faturalar üzerinde değişiklik yapılamaz. Devam etmek istiyor musunuz?'

2021-11-19 16:59:16 - [MESSAGE][INFO] - Finding Test Object 'Object Repository/Popup/Popup'

2021-11-19 16:59:16 - [MESSAGE][INFO] - Checking object

2021-11-19 16:59:16 - [MESSAGE][INFO] - Finding web element from Test Object's properties

2021-11-19 16:59:16 - [MESSAGE][INFO] - Checking timeout

2021-11-19 16:59:16 - [MESSAGE][INFO] - Finding web element with id: 'Object Repository/Popup/Popup' located by 'By.cssSelector: .bootbox-body' in '30' second(s)

2021-11-19 16:59:16 - [MESSAGE][INFO] - Smart Wait Function is triggered

2021-11-19 16:59:16 - [MESSAGE][INFO] - Found 1 web elements with id: 'Object Repository/Popup/Popup' located by 'By.cssSelector: .bootbox-body' in '30' second(s)

2021-11-19 16:59:16 - [MESSAGE][INFO] - Getting text of object 'Object Repository/Popup/Popup'

2021-11-19 16:59:16 - [MESSAGE][PASSED] - Text of object 'Object Repository/Popup/Popup' is: 'Seçilen faturalarınız onaylanacaktır. Onaylanan faturalar üzerinde değişiklik yapılamaz. Devam etmek istiyor musunuz?'

2021-11-19 16:59:16 - [TEST_STEP][PASSED] - RaporNo = getText(findTestObject("Popup/Popup")).substring(0, 6): Text of object 'Object Repository/Popup/Popup' is: 'Seçilen faturalarınız onaylanacaktır. Onaylanan faturalar üzerinde değişiklik yapılamaz. Devam etmek istiyor musunuz?'

2021-11-19 16:59:16 - [MESSAGE][INFO] - Finding Test Object 'Object Repository/Popup/Popup'

2021-11-19 16:59:16 - [MESSAGE][INFO] - Checking object

2021-11-19 16:59:16 - [MESSAGE][INFO] - Finding web element from Test Object's properties

2021-11-19 16:59:16 - [MESSAGE][INFO] - Checking timeout

2021-11-19 16:59:16 - [MESSAGE][INFO] - Finding web element with id: 'Object Repository/Popup/Popup' located by 'By.cssSelector: .bootbox-body' in '30' second(s)

2021-11-19 16:59:16 - [MESSAGE][INFO] - Smart Wait Function is triggered

2021-11-19 16:59:16 - [MESSAGE][INFO] - Found 1 web elements with id: 'Object Repository/Popup/Popup' located by 'By.cssSelector: .bootbox-body' in '30' second(s)

2021-11-19 16:59:16 - [MESSAGE][INFO] - Getting text of object 'Object Repository/Popup/Popup'

2021-11-19 16:59:16 - [MESSAGE][PASSED] - Text of object 'Object Repository/Popup/Popup' is: 'Seçilen faturalarınız onaylanacaktır. Onaylanan faturalar üzerinde değişiklik yapılamaz. Devam etmek istiyor musunuz?'

2021-11-19 16:59:16 - [TEST_STEP][PASSED] - Console.println(RaporNo): null

2021-11-19 16:59:16 - [MESSAGE][PASSED] - Call Test Case 'Test Cases/Popup/PopupMesajiIceriyorMu' successfully

2021-11-19 16:59:16 - [MESSAGE][INFO] - Checking called Test Case

2021-11-19 16:59:16 - [MESSAGE][INFO] - Starting to call Test Case 'Test Cases/Popup/PopupButonSecilir'

2021-11-19 16:59:17 - [TEST_CASE][PASSED] - Test Cases/Popup/PopupButonSecilir: Test Cases/Popup/PopupButonSecilir

2021-11-19 16:59:17 - [TEST_STEP][PASSED] - Method.TextDegerineEsitElementeTikla(findTestObject("Popup/Popup_Butons"), Buton): Method.TextDegerineEsitElementeTikla is PASSED

2021-11-19 16:59:17 - [MESSAGE][INFO] - Finding Test Object 'Object Repository/Popup/Popup_Butons'

2021-11-19 16:59:17 - [MESSAGE][INFO] - Checking timeout

2021-11-19 16:59:17 - [MESSAGE][INFO] - Finding web element with id: 'Object Repository/Popup/Popup_Butons' located by 'By.cssSelector: .modal-footer>button' in '10' second(s)

2021-11-19 16:59:17 - [MESSAGE][INFO] - Smart Wait Function is triggered

2021-11-19 16:59:17 - [MESSAGE][INFO] - Found 2 web elements with id: 'Object Repository/Popup/Popup_Butons' located by 'By.cssSelector: .modal-footer>button' in '10' second(s)

2021-11-19 16:59:17 - [MESSAGE][PASSED] - Method.TextDegerineEsitElementeTikla is PASSED

2021-11-19 16:59:17 - [MESSAGE][PASSED] - Call Test Case 'Test Cases/Popup/PopupButonSecilir' successfully

2021-11-19 16:59:17 - [MESSAGE][INFO] - Checking called Test Case

2021-11-19 16:59:17 - [MESSAGE][INFO] - Starting to call Test Case 'Test Cases/Menu/AnaMenuSecimi'

2021-11-19 16:59:17 - [TEST_CASE][PASSED] - Test Cases/Menu/AnaMenuSecimi: Test Cases/Menu/AnaMenuSecimi

2021-11-19 16:59:17 - [TEST_STEP][PASSED] - Method.TextDegerineEsitElementeTikla(findTestObject("Menu/Ana_Menu"), Ana_Menu): Method.TextDegerineEsitElementeTikla is PASSED

2021-11-19 16:59:17 - [MESSAGE][INFO] - Finding Test Object 'Object Repository/Menu/Ana_Menu'

2021-11-19 16:59:17 - [MESSAGE][INFO] - Checking timeout

2021-11-19 16:59:17 - [MESSAGE][INFO] - Finding web element with id: 'Object Repository/Menu/Ana_Menu' located by 'By.xpath: //*[@class = 'dropdown-toggle']' in '10' second(s)

2021-11-19 16:59:17 - [MESSAGE][INFO] - Smart Wait Function is triggered

2021-11-19 16:59:18 - [MESSAGE][INFO] - Found 13 web elements with id: 'Object Repository/Menu/Ana_Menu' located by 'By.xpath: //*[@class = 'dropdown-toggle']' in '10' second(s)

2021-11-19 16:59:18 - [MESSAGE][PASSED] - Method.TextDegerineEsitElementeTikla is PASSED

2021-11-19 16:59:18 - [MESSAGE][PASSED] - Call Test Case 'Test Cases/Menu/AnaMenuSecimi' successfully

2021-11-19 16:59:18 - [MESSAGE][INFO] - Checking called Test Case

2021-11-19 16:59:18 - [MESSAGE][INFO] - Starting to call Test Case 'Test Cases/Menu/BasligaGoreAltMenuSecimi'

2021-11-19 16:59:18 - [TEST_CASE][PASSED] - Test Cases/Menu/BasligaGoreAltMenuSecimi: Test Cases/Menu/BasligaGoreAltMenuSecimi

2021-11-19 16:59:18 - [TEST_STEP][PASSED] - Method.TextDegerineEsitElementinAltindakiTextDegerineEsitOlanaTikla(findTestObject("Menu/Menu_Basligi"), findTestObject("Menu/Basliga_Gore_Alt_Menu"), Baslik, Alt_Menu): Method.TextDegerineEsitElementinAltindakiTextDegerineEsitOlanaTikla is PASSED

2021-11-19 16:59:18 - [MESSAGE][INFO] - Finding Test Object 'Object Repository/Menu/Menu_Basligi'

2021-11-19 16:59:19 - [MESSAGE][INFO] - Finding Test Object 'Object Repository/Menu/Basliga_Gore_Alt_Menu'

2021-11-19 16:59:19 - [MESSAGE][INFO] - Checking timeout

2021-11-19 16:59:19 - [MESSAGE][INFO] - Finding web element with id: 'Object Repository/Menu/Menu_Basligi' located by 'By.xpath: //li[@class='dropdown dropdown-large open']//li[@class='dropdown-header']' in '10' second(s)

2021-11-19 16:59:19 - [MESSAGE][INFO] - Smart Wait Function is triggered

2021-11-19 16:59:19 - [MESSAGE][INFO] - Found 2 web elements with id: 'Object Repository/Menu/Menu_Basligi' located by 'By.xpath: //li[@class='dropdown dropdown-large open']//li[@class='dropdown-header']' in '10' second(s)

2021-11-19 16:59:19 - [MESSAGE][INFO] - Smart Wait Function is triggered

2021-11-19 16:59:20 - [MESSAGE][PASSED] - Method.TextDegerineEsitElementinAltindakiTextDegerineEsitOlanaTikla is PASSED

2021-11-19 16:59:20 - [MESSAGE][PASSED] - Call Test Case 'Test Cases/Menu/BasligaGoreAltMenuSecimi' successfully

2021-11-19 16:59:20 - [MESSAGE][INFO] - Checking called Test Case

2021-11-19 16:59:20 - [MESSAGE][INFO] - Starting to call Test Case 'Test Cases/Filtreler/EttnYaz'

2021-11-19 16:59:20 - [TEST_CASE][PASSED] - Test Cases/Filtreler/EttnYaz: Test Cases/Filtreler/EttnYaz

2021-11-19 16:59:20 - [TEST_STEP][PASSED] - Method.TextDegerineEsitElementinAltindakiTextboxtaYaz(findTestObject("Filtreler/Basliklar"), findTestObject("Filtreler/Basliga_Gore_Textbox"), "ETTN", ettn): Method.TextDegerineEsitElementinAltindakiTextboxtaYaz is PASSED

2021-11-19 16:59:20 - [MESSAGE][INFO] - Finding Test Object 'Object Repository/Filtreler/Basliklar'

2021-11-19 16:59:20 - [MESSAGE][INFO] - Finding Test Object 'Object Repository/Filtreler/Basliga_Gore_Textbox'

2021-11-19 16:59:20 - [MESSAGE][INFO] - Checking timeout

2021-11-19 16:59:20 - [MESSAGE][INFO] - Finding web element with id: 'Object Repository/Filtreler/Basliklar' located by 'By.cssSelector: .control-label.col-sm-4.paddingMarginRLC' in '10' second(s)

2021-11-19 16:59:20 - [MESSAGE][INFO] - Smart Wait Function is triggered

2021-11-19 16:59:21 - [MESSAGE][INFO] - Found 19 web elements with id: 'Object Repository/Filtreler/Basliklar' located by 'By.cssSelector: .control-label.col-sm-4.paddingMarginRLC' in '10' second(s)

2021-11-19 16:59:21 - [MESSAGE][INFO] - Smart Wait Function is triggered

2021-11-19 16:59:22 - [MESSAGE][PASSED] - Method.TextDegerineEsitElementinAltindakiTextboxtaYaz is PASSED

2021-11-19 16:59:22 - [MESSAGE][PASSED] - Call Test Case 'Test Cases/Filtreler/EttnYaz' successfully

2021-11-19 16:59:22 - [MESSAGE][INFO] - Checking called Test Case

2021-11-19 16:59:22 - [MESSAGE][INFO] - Starting to call Test Case 'Test Cases/Filtreler/ButonaTikla'

2021-11-19 16:59:22 - [TEST_CASE][PASSED] - Test Cases/Filtreler/ButonaTikla: Test Cases/Filtreler/ButonaTikla

2021-11-19 16:59:22 - [TEST_STEP][PASSED] - Method.TextDegerineEsitElementeTikla(findTestObject("Filtreler/Butonlar"), Filtre_Buton): Method.TextDegerineEsitElementeTikla is PASSED

2021-11-19 16:59:22 - [MESSAGE][INFO] - Finding Test Object 'Object Repository/Filtreler/Butonlar'

2021-11-19 16:59:22 - [MESSAGE][INFO] - Checking timeout

2021-11-19 16:59:22 - [MESSAGE][INFO] - Finding web element with id: 'Object Repository/Filtreler/Butonlar' located by 'By.cssSelector: .dxb>span' in '10' second(s)

2021-11-19 16:59:22 - [MESSAGE][INFO] - Smart Wait Function is triggered

2021-11-19 16:59:22 - [MESSAGE][INFO] - Found 3 web elements with id: 'Object Repository/Filtreler/Butonlar' located by 'By.cssSelector: .dxb>span' in '10' second(s)

2021-11-19 16:59:22 - [MESSAGE][PASSED] - Method.TextDegerineEsitElementeTikla is PASSED

2021-11-19 16:59:22 - [MESSAGE][PASSED] - Call Test Case 'Test Cases/Filtreler/ButonaTikla' successfully

2021-11-19 16:59:22 - [MESSAGE][INFO] - Checking called Test Case

2021-11-19 16:59:22 - [MESSAGE][INFO] - Starting to call Test Case 'Test Cases/Tablo/TablodaVeriVarMi'

2021-11-19 16:59:22 - [TEST_CASE][PASSED] - Test Cases/Tablo/TablodaVeriVarMi: Test Cases/Tablo/TablodaVeriVarMi

2021-11-19 16:59:22 - [TEST_STEP][PASSED] - verifyTextNotPresent("Görüntülenecek veri yok", true): Text 'Görüntülenecek veri yok' is not present on page using regular expression

2021-11-19 16:59:22 - [MESSAGE][INFO] - Checking text present  using regular expression

2021-11-19 16:59:22 - [MESSAGE][INFO] - Smart Wait Function is triggered

2021-11-19 16:59:23 - [MESSAGE][INFO] - Finding text 'Görüntülenecek veri yok' on page  using regular expression

2021-11-19 16:59:23 - [MESSAGE][PASSED] - Text 'Görüntülenecek veri yok' is not present on page using regular expression

2021-11-19 16:59:23 - [MESSAGE][PASSED] - Call Test Case 'Test Cases/Tablo/TablodaVeriVarMi' successfully

2021-11-19 16:59:23 - [MESSAGE][INFO] - Checking called Test Case

2021-11-19 16:59:23 - [MESSAGE][INFO] - Starting to call Test Case 'Test Cases/Tablo/TablodaVeriBasariliMiArsiv'

2021-11-19 16:59:23 - [TEST_CASE][PASSED] - Test Cases/Tablo/TablodaVeriBasariliMiArsiv: Test Cases/Tablo/TablodaVeriBasariliMiArsiv

2021-11-19 16:59:23 - [TEST_STEP][PASSED] - sayac = 80: null

2021-11-19 16:59:23 - [TEST_STEP][PASSED] - while (verifyElementText(findTestObject("Object Repository/Tablo/DurumBilgisiArsiv"), "Henüz Sonuçlanmadı", OPTIONAL)): Actual text 'Başarılı' and expected text 'Henüz Sonuçlanmadı' of test object 'Object Repository/Tablo/DurumBilgisiArsiv' are NOT matched. (Root cause: com.kms.katalon.core.exception.StepFailedException: Actual text 'Başarılı' and expected text 'Henüz Sonuçlanmadı' of test object 'Object Repository/Tablo/DurumBilgisiArsiv' are NOT matched.
	at com.kms.katalon.core.webui.keyword.internal.WebUIKeywordMain.stepFailed(WebUIKeywordMain.groovy:64)
	at com.kms.katalon.core.webui.keyword.builtin.VerifyElementTextKeyword$_verifyElementText_closure1.doCall(VerifyElementTextKeyword.groovy:57)
	at com.kms.katalon.core.webui.keyword.builtin.VerifyElementTextKeyword$_verifyElementText_closure1.call(VerifyElementTextKeyword.groovy)
	at com.kms.katalon.core.webui.keyword.internal.WebUIKeywordMain.runKeyword(WebUIKeywordMain.groovy:20)
	at com.kms.katalon.core.webui.keyword.builtin.VerifyElementTextKeyword.verifyElementText(VerifyElementTextKeyword.groovy:72)
	at com.kms.katalon.core.webui.keyword.builtin.VerifyElementTextKeyword.execute(VerifyElementTextKeyword.groovy:40)
	at com.kms.katalon.core.keyword.internal.KeywordExecutor.executeKeywordForPlatform(KeywordExecutor.groovy:73)
	at com.kms.katalon.core.webui.keyword.WebUiBuiltInKeywords.verifyElementText(WebUiBuiltInKeywords.groovy:4733)
	at com.kms.katalon.core.webui.keyword.WebUiBuiltInKeywords$verifyElementText$20.call(Unknown Source)
	at TablodaVeriBasariliMiArsiv.run(TablodaVeriBasariliMiArsiv:22)
	at com.kms.katalon.core.main.ScriptEngine.run(ScriptEngine.java:194)
	at com.kms.katalon.core.main.ScriptEngine.runScriptAsRawText(ScriptEngine.java:119)
	at com.kms.katalon.core.main.TestCaseExecutor.runScript(TestCaseExecutor.java:369)
	at com.kms.katalon.core.main.TestCaseExecutor.doExecute(TestCaseExecutor.java:360)
	at com.kms.katalon.core.main.TestCaseExecutor.processExecutionPhase(TestCaseExecutor.java:339)
	at com.kms.katalon.core.main.TestCaseExecutor.accessMainPhase(TestCaseExecutor.java:331)
	at com.kms.katalon.core.main.TestCaseExecutor.execute(TestCaseExecutor.java:248)
	at com.kms.katalon.core.main.TestCaseMain.runTestCase(TestCaseMain.java:138)
	at com.kms.katalon.core.keyword.builtin.CallTestCaseKeyword$_callTestCase_closure1.doCall(CallTestCaseKeyword.groovy:59)
	at com.kms.katalon.core.keyword.builtin.CallTestCaseKeyword$_callTestCase_closure1.call(CallTestCaseKeyword.groovy)
	at com.kms.katalon.core.keyword.internal.KeywordMain.runKeyword(KeywordMain.groovy:68)
	at com.kms.katalon.core.keyword.builtin.CallTestCaseKeyword.callTestCase(CallTestCaseKeyword.groovy:81)
	at com.kms.katalon.core.keyword.builtin.CallTestCaseKeyword.execute(CallTestCaseKeyword.groovy:44)
	at com.kms.katalon.core.keyword.internal.KeywordExecutor.executeKeywordForPlatform(KeywordExecutor.groovy:73)
	at com.kms.katalon.core.keyword.BuiltinKeywords.callTestCase(BuiltinKeywords.groovy:334)
	at tablo.tablo.tablodaVeriBasariliMiArsiv(tablo.groovy:95)
	at cucumber.runtime.Utils$1.call(Utils.java:26)
	at cucumber.runtime.Timeout.timeout(Timeout.java:16)
	at cucumber.runtime.Utils.invoke(Utils.java:20)
	at cucumber.runtime.java.JavaStepDefinition.execute(JavaStepDefinition.java:49)
	at cucumber.runner.PickleStepDefinitionMatch.runStep(PickleStepDefinitionMatch.java:50)
	at cucumber.runner.TestStep.executeStep(TestStep.java:63)
	at cucumber.runner.TestStep.run(TestStep.java:49)
	at cucumber.runner.PickleStepTestStep.run(PickleStepTestStep.java:43)
	at cucumber.runner.TestCase.run(TestCase.java:44)
	at cucumber.runner.Runner.runPickle(Runner.java:40)
	at cucumber.runtime.Runtime$1.run(Runtime.java:84)
	at cucumber.runtime.Runtime$SameThreadExecutorService.execute(Runtime.java:220)
	at cucumber.runtime.Runtime.run(Runtime.java:81)
	at cucumber.api.cli.Main.run(Main.java:26)
	at cucumber.api.cli.Main$run.call(Unknown Source)
	at com.kms.katalon.core.cucumber.keyword.CucumberBuiltinKeywords$_runFeatureFile_closure1.doCall(CucumberBuiltinKeywords.groovy:106)
	at com.kms.katalon.core.cucumber.keyword.CucumberBuiltinKeywords$_runFeatureFile_closure1.doCall(CucumberBuiltinKeywords.groovy)
	at com.kms.katalon.core.keyword.internal.KeywordMain.runKeyword(KeywordMain.groovy:68)
	at com.kms.katalon.core.keyword.internal.KeywordMain$runKeyword.call(Unknown Source)
	at com.kms.katalon.core.cucumber.keyword.CucumberBuiltinKeywords.runFeatureFile(CucumberBuiltinKeywords.groovy:73)
	at com.kms.katalon.core.cucumber.keyword.CucumberBuiltinKeywords$runFeatureFile$0.callStatic(Unknown Source)
	at com.kms.katalon.core.cucumber.keyword.CucumberBuiltinKeywords.runFeatureFile(CucumberBuiltinKeywords.groovy:246)
	at com.kms.katalon.core.cucumber.keyword.CucumberBuiltinKeywords$runFeatureFile.call(Unknown Source)
	at VKN-Elektronik-Ozel Matrah.run(VKN-Elektronik-Ozel Matrah:19)
	at com.kms.katalon.core.main.ScriptEngine.run(ScriptEngine.java:194)
	at com.kms.katalon.core.main.ScriptEngine.runScriptAsRawText(ScriptEngine.java:119)
	at com.kms.katalon.core.main.TestCaseExecutor.runScript(TestCaseExecutor.java:369)
	at com.kms.katalon.core.main.TestCaseExecutor.doExecute(TestCaseExecutor.java:360)
	at com.kms.katalon.core.main.TestCaseExecutor.processExecutionPhase(TestCaseExecutor.java:339)
	at com.kms.katalon.core.main.TestCaseExecutor.accessMainPhase(TestCaseExecutor.java:331)
	at com.kms.katalon.core.main.TestCaseExecutor.execute(TestCaseExecutor.java:248)
	at com.kms.katalon.core.main.TestSuiteExecutor.accessTestCaseMainPhase(TestSuiteExecutor.java:191)
	at com.kms.katalon.core.main.TestSuiteExecutor.accessTestSuiteMainPhase(TestSuiteExecutor.java:140)
	at com.kms.katalon.core.main.TestSuiteExecutor.execute(TestSuiteExecutor.java:89)
	at com.kms.katalon.core.main.TestCaseMain.startTestSuite(TestCaseMain.java:181)
	at com.kms.katalon.core.main.TestCaseMain$startTestSuite$0.call(Unknown Source)
	at TempTestSuite1637329560940.run(TempTestSuite1637329560940.groovy:39)
)

2021-11-19 16:59:23 - [MESSAGE][INFO] - Finding Test Object 'Object Repository/Tablo/DurumBilgisiArsiv'

2021-11-19 16:59:23 - [MESSAGE][INFO] - Checking object

2021-11-19 16:59:23 - [MESSAGE][INFO] - Finding web element from Test Object's properties

2021-11-19 16:59:23 - [MESSAGE][INFO] - Checking timeout

2021-11-19 16:59:23 - [MESSAGE][INFO] - Finding web element with id: 'Object Repository/Tablo/DurumBilgisiArsiv' located by 'By.xpath: //*[@id = 'GridViewEArchiveInvoices_tccell0_9']' in '30' second(s)

2021-11-19 16:59:23 - [MESSAGE][INFO] - Smart Wait Function is triggered

2021-11-19 16:59:24 - [MESSAGE][INFO] - Found 1 web elements with id: 'Object Repository/Tablo/DurumBilgisiArsiv' located by 'By.xpath: //*[@id = 'GridViewEArchiveInvoices_tccell0_9']' in '30' second(s)

2021-11-19 16:59:24 - [MESSAGE][WARNING] - Actual text 'Başarılı' and expected text 'Henüz Sonuçlanmadı' of test object 'Object Repository/Tablo/DurumBilgisiArsiv' are NOT matched. (Root cause: com.kms.katalon.core.exception.StepFailedException: Actual text 'Başarılı' and expected text 'Henüz Sonuçlanmadı' of test object 'Object Repository/Tablo/DurumBilgisiArsiv' are NOT matched.
	at com.kms.katalon.core.webui.keyword.internal.WebUIKeywordMain.stepFailed(WebUIKeywordMain.groovy:64)
	at com.kms.katalon.core.webui.keyword.builtin.VerifyElementTextKeyword$_verifyElementText_closure1.doCall(VerifyElementTextKeyword.groovy:57)
	at com.kms.katalon.core.webui.keyword.builtin.VerifyElementTextKeyword$_verifyElementText_closure1.call(VerifyElementTextKeyword.groovy)
	at com.kms.katalon.core.webui.keyword.internal.WebUIKeywordMain.runKeyword(WebUIKeywordMain.groovy:20)
	at com.kms.katalon.core.webui.keyword.builtin.VerifyElementTextKeyword.verifyElementText(VerifyElementTextKeyword.groovy:72)
	at com.kms.katalon.core.webui.keyword.builtin.VerifyElementTextKeyword.execute(VerifyElementTextKeyword.groovy:40)
	at com.kms.katalon.core.keyword.internal.KeywordExecutor.executeKeywordForPlatform(KeywordExecutor.groovy:73)
	at com.kms.katalon.core.webui.keyword.WebUiBuiltInKeywords.verifyElementText(WebUiBuiltInKeywords.groovy:4733)
	at com.kms.katalon.core.webui.keyword.WebUiBuiltInKeywords$verifyElementText$20.call(Unknown Source)
	at TablodaVeriBasariliMiArsiv.run(TablodaVeriBasariliMiArsiv:22)
	at com.kms.katalon.core.main.ScriptEngine.run(ScriptEngine.java:194)
	at com.kms.katalon.core.main.ScriptEngine.runScriptAsRawText(ScriptEngine.java:119)
	at com.kms.katalon.core.main.TestCaseExecutor.runScript(TestCaseExecutor.java:369)
	at com.kms.katalon.core.main.TestCaseExecutor.doExecute(TestCaseExecutor.java:360)
	at com.kms.katalon.core.main.TestCaseExecutor.processExecutionPhase(TestCaseExecutor.java:339)
	at com.kms.katalon.core.main.TestCaseExecutor.accessMainPhase(TestCaseExecutor.java:331)
	at com.kms.katalon.core.main.TestCaseExecutor.execute(TestCaseExecutor.java:248)
	at com.kms.katalon.core.main.TestCaseMain.runTestCase(TestCaseMain.java:138)
	at com.kms.katalon.core.keyword.builtin.CallTestCaseKeyword$_callTestCase_closure1.doCall(CallTestCaseKeyword.groovy:59)
	at com.kms.katalon.core.keyword.builtin.CallTestCaseKeyword$_callTestCase_closure1.call(CallTestCaseKeyword.groovy)
	at com.kms.katalon.core.keyword.internal.KeywordMain.runKeyword(KeywordMain.groovy:68)
	at com.kms.katalon.core.keyword.builtin.CallTestCaseKeyword.callTestCase(CallTestCaseKeyword.groovy:81)
	at com.kms.katalon.core.keyword.builtin.CallTestCaseKeyword.execute(CallTestCaseKeyword.groovy:44)
	at com.kms.katalon.core.keyword.internal.KeywordExecutor.executeKeywordForPlatform(KeywordExecutor.groovy:73)
	at com.kms.katalon.core.keyword.BuiltinKeywords.callTestCase(BuiltinKeywords.groovy:334)
	at tablo.tablo.tablodaVeriBasariliMiArsiv(tablo.groovy:95)
	at cucumber.runtime.Utils$1.call(Utils.java:26)
	at cucumber.runtime.Timeout.timeout(Timeout.java:16)
	at cucumber.runtime.Utils.invoke(Utils.java:20)
	at cucumber.runtime.java.JavaStepDefinition.execute(JavaStepDefinition.java:49)
	at cucumber.runner.PickleStepDefinitionMatch.runStep(PickleStepDefinitionMatch.java:50)
	at cucumber.runner.TestStep.executeStep(TestStep.java:63)
	at cucumber.runner.TestStep.run(TestStep.java:49)
	at cucumber.runner.PickleStepTestStep.run(PickleStepTestStep.java:43)
	at cucumber.runner.TestCase.run(TestCase.java:44)
	at cucumber.runner.Runner.runPickle(Runner.java:40)
	at cucumber.runtime.Runtime$1.run(Runtime.java:84)
	at cucumber.runtime.Runtime$SameThreadExecutorService.execute(Runtime.java:220)
	at cucumber.runtime.Runtime.run(Runtime.java:81)
	at cucumber.api.cli.Main.run(Main.java:26)
	at cucumber.api.cli.Main$run.call(Unknown Source)
	at com.kms.katalon.core.cucumber.keyword.CucumberBuiltinKeywords$_runFeatureFile_closure1.doCall(CucumberBuiltinKeywords.groovy:106)
	at com.kms.katalon.core.cucumber.keyword.CucumberBuiltinKeywords$_runFeatureFile_closure1.doCall(CucumberBuiltinKeywords.groovy)
	at com.kms.katalon.core.keyword.internal.KeywordMain.runKeyword(KeywordMain.groovy:68)
	at com.kms.katalon.core.keyword.internal.KeywordMain$runKeyword.call(Unknown Source)
	at com.kms.katalon.core.cucumber.keyword.CucumberBuiltinKeywords.runFeatureFile(CucumberBuiltinKeywords.groovy:73)
	at com.kms.katalon.core.cucumber.keyword.CucumberBuiltinKeywords$runFeatureFile$0.callStatic(Unknown Source)
	at com.kms.katalon.core.cucumber.keyword.CucumberBuiltinKeywords.runFeatureFile(CucumberBuiltinKeywords.groovy:246)
	at com.kms.katalon.core.cucumber.keyword.CucumberBuiltinKeywords$runFeatureFile.call(Unknown Source)
	at VKN-Elektronik-Ozel Matrah.run(VKN-Elektronik-Ozel Matrah:19)
	at com.kms.katalon.core.main.ScriptEngine.run(ScriptEngine.java:194)
	at com.kms.katalon.core.main.ScriptEngine.runScriptAsRawText(ScriptEngine.java:119)
	at com.kms.katalon.core.main.TestCaseExecutor.runScript(TestCaseExecutor.java:369)
	at com.kms.katalon.core.main.TestCaseExecutor.doExecute(TestCaseExecutor.java:360)
	at com.kms.katalon.core.main.TestCaseExecutor.processExecutionPhase(TestCaseExecutor.java:339)
	at com.kms.katalon.core.main.TestCaseExecutor.accessMainPhase(TestCaseExecutor.java:331)
	at com.kms.katalon.core.main.TestCaseExecutor.execute(TestCaseExecutor.java:248)
	at com.kms.katalon.core.main.TestSuiteExecutor.accessTestCaseMainPhase(TestSuiteExecutor.java:191)
	at com.kms.katalon.core.main.TestSuiteExecutor.accessTestSuiteMainPhase(TestSuiteExecutor.java:140)
	at com.kms.katalon.core.main.TestSuiteExecutor.execute(TestSuiteExecutor.java:89)
	at com.kms.katalon.core.main.TestCaseMain.startTestSuite(TestCaseMain.java:181)
	at com.kms.katalon.core.main.TestCaseMain$startTestSuite$0.call(Unknown Source)
	at TempTestSuite1637329560940.run(TempTestSuite1637329560940.groovy:39)
)

2021-11-19 16:59:24 - [TEST_STEP][PASSED] - Method.TextDegerineEsitElementVarMi(findTestObject("Object Repository/Tablo/DurumBilgisiArsiv"), "Başarılı"): Method.TextDegerineEsitElementVarMi is PASSED

2021-11-19 16:59:24 - [MESSAGE][INFO] - Finding Test Object 'Object Repository/Tablo/DurumBilgisiArsiv'

2021-11-19 16:59:24 - [MESSAGE][INFO] - Checking timeout

2021-11-19 16:59:24 - [MESSAGE][INFO] - Finding web element with id: 'Object Repository/Tablo/DurumBilgisiArsiv' located by 'By.xpath: //*[@id = 'GridViewEArchiveInvoices_tccell0_9']' in '10' second(s)

2021-11-19 16:59:24 - [MESSAGE][INFO] - Smart Wait Function is triggered

2021-11-19 16:59:24 - [MESSAGE][INFO] - Found 1 web elements with id: 'Object Repository/Tablo/DurumBilgisiArsiv' located by 'By.xpath: //*[@id = 'GridViewEArchiveInvoices_tccell0_9']' in '10' second(s)

2021-11-19 16:59:24 - [MESSAGE][PASSED] - Method.TextDegerineEsitElementVarMi is PASSED

2021-11-19 16:59:24 - [MESSAGE][PASSED] - Call Test Case 'Test Cases/Tablo/TablodaVeriBasariliMiArsiv' successfully

2021-11-19 16:59:24 - [MESSAGE][INFO] - Checking called Test Case

2021-11-19 16:59:24 - [MESSAGE][INFO] - Starting to call Test Case 'Test Cases/Kullanici_Islemleri/KullaniciIslemlerindenSecimYapilir'

2021-11-19 16:59:24 - [TEST_CASE][PASSED] - Test Cases/Kullanici_Islemleri/KullaniciIslemlerindenSecimYapilir: Test Cases/Kullanici_Islemleri/KullaniciIslemlerindenSecimYapilir

2021-11-19 16:59:24 - [TEST_STEP][PASSED] - waitForElementClickable(findTestObject("Object Repository/Kullanici_Islemleri/KullaniciIslemleri"), 10): Object 'Object Repository/Kullanici_Islemleri/KullaniciIslemleri' is clickable

2021-11-19 16:59:24 - [MESSAGE][INFO] - Finding Test Object 'Object Repository/Kullanici_Islemleri/KullaniciIslemleri'

2021-11-19 16:59:24 - [MESSAGE][INFO] - Checking object

2021-11-19 16:59:24 - [MESSAGE][INFO] - Checking timeout

2021-11-19 16:59:24 - [MESSAGE][INFO] - Finding web element from Test Object's properties

2021-11-19 16:59:24 - [MESSAGE][INFO] - Checking timeout

2021-11-19 16:59:24 - [MESSAGE][INFO] - Finding web element with id: 'Object Repository/Kullanici_Islemleri/KullaniciIslemleri' located by 'By.cssSelector: .dropdown>a>img' in '10' second(s)

2021-11-19 16:59:24 - [MESSAGE][INFO] - Smart Wait Function is triggered

2021-11-19 16:59:25 - [MESSAGE][INFO] - Found 1 web elements with id: 'Object Repository/Kullanici_Islemleri/KullaniciIslemleri' located by 'By.cssSelector: .dropdown>a>img' in '10' second(s)

2021-11-19 16:59:25 - [MESSAGE][PASSED] - Object 'Object Repository/Kullanici_Islemleri/KullaniciIslemleri' is clickable

2021-11-19 16:59:25 - [TEST_STEP][PASSED] - click(findTestObject("Object Repository/Kullanici_Islemleri/KullaniciIslemleri")): Object: 'Object Repository/Kullanici_Islemleri/KullaniciIslemleri' is clicked on

2021-11-19 16:59:25 - [MESSAGE][INFO] - Finding Test Object 'Object Repository/Kullanici_Islemleri/KullaniciIslemleri'

2021-11-19 16:59:25 - [MESSAGE][INFO] - Checking object

2021-11-19 16:59:25 - [MESSAGE][INFO] - Finding web element from Test Object's properties

2021-11-19 16:59:25 - [MESSAGE][INFO] - Checking timeout

2021-11-19 16:59:25 - [MESSAGE][INFO] - Finding web element with id: 'Object Repository/Kullanici_Islemleri/KullaniciIslemleri' located by 'By.cssSelector: .dropdown>a>img' in '30' second(s)

2021-11-19 16:59:25 - [MESSAGE][INFO] - Smart Wait Function is triggered

2021-11-19 16:59:25 - [MESSAGE][INFO] - Found 1 web elements with id: 'Object Repository/Kullanici_Islemleri/KullaniciIslemleri' located by 'By.cssSelector: .dropdown>a>img' in '30' second(s)

2021-11-19 16:59:25 - [MESSAGE][INFO] - Clicking on object: 'Object Repository/Kullanici_Islemleri/KullaniciIslemleri'

2021-11-19 16:59:25 - [MESSAGE][PASSED] - Object: 'Object Repository/Kullanici_Islemleri/KullaniciIslemleri' is clicked on

2021-11-19 16:59:25 - [TEST_STEP][PASSED] - Method.TextDegerineEsitElementeTikla(findTestObject("Object Repository/Kullanici_Islemleri/Secenekler"), Islem): Method.TextDegerineEsitElementeTikla is PASSED

2021-11-19 16:59:25 - [MESSAGE][INFO] - Finding Test Object 'Object Repository/Kullanici_Islemleri/Secenekler'

2021-11-19 16:59:25 - [MESSAGE][INFO] - Checking timeout

2021-11-19 16:59:25 - [MESSAGE][INFO] - Finding web element with id: 'Object Repository/Kullanici_Islemleri/Secenekler' located by 'By.cssSelector: .nav.navbar-nav.navbar-right li a' in '10' second(s)

2021-11-19 16:59:25 - [MESSAGE][INFO] - Smart Wait Function is triggered

2021-11-19 16:59:25 - [MESSAGE][INFO] - Found 20 web elements with id: 'Object Repository/Kullanici_Islemleri/Secenekler' located by 'By.cssSelector: .nav.navbar-nav.navbar-right li a' in '10' second(s)

2021-11-19 16:59:26 - [MESSAGE][PASSED] - Method.TextDegerineEsitElementeTikla is PASSED

2021-11-19 16:59:26 - [TEST_STEP][PASSED] - verifyElementNotPresent(findTestObject("Object Repository/Kullanici_Islemleri/Secenekler"), 10): Web element with id: 'Object Repository/Kullanici_Islemleri/Secenekler' located by 'By.cssSelector: .nav.navbar-nav.navbar-right li a' is not present after '10' second(s)

2021-11-19 16:59:26 - [MESSAGE][INFO] - Finding Test Object 'Object Repository/Kullanici_Islemleri/Secenekler'

2021-11-19 16:59:27 - [MESSAGE][INFO] - Checking object

2021-11-19 16:59:27 - [MESSAGE][INFO] - Checking timeout

2021-11-19 16:59:27 - [MESSAGE][INFO] - Finding web element with id: 'Object Repository/Kullanici_Islemleri/Secenekler' located by 'By.cssSelector: .nav.navbar-nav.navbar-right li a' in '10' second(s)

2021-11-19 16:59:27 - [MESSAGE][INFO] - Smart Wait Function is triggered

2021-11-19 16:59:27 - [MESSAGE][PASSED] - Web element with id: 'Object Repository/Kullanici_Islemleri/Secenekler' located by 'By.cssSelector: .nav.navbar-nav.navbar-right li a' is not present after '10' second(s)

2021-11-19 16:59:27 - [MESSAGE][PASSED] - Call Test Case 'Test Cases/Kullanici_Islemleri/KullaniciIslemlerindenSecimYapilir' successfully

2021-11-19 16:59:27 - [TEST_CASE][PASSED] - Start Test Case : SCENARIO Gonderim tipi Kagit ve Ozel Matrah tipinde e-Arsiv faturasi olusturulmasi: SCENARIO Gonderim tipi Kagit ve Ozel Matrah tipinde e-Arsiv faturasi olusturulmasi

2021-11-19 16:59:27 - [TEST_STEP][PASSED] - Kullanıcı adı EARMATRAH ve Şifre test1234 olarak giriş yapılır: Kullanıcı adı EARMATRAH ve Şifre test1234 olarak giriş yapılır

2021-11-19 16:59:27 - [MESSAGE][PASSED] - Kullanıcı adı EARMATRAH ve Şifre test1234 olarak giriş yapılır

2021-11-19 16:59:27 - [TEST_STEP][PASSED] - Ana menüden e-Arşiv seçilir: Ana menüden e-Arşiv seçilir

2021-11-19 16:59:27 - [MESSAGE][PASSED] - Ana menüden e-Arşiv seçilir

2021-11-19 16:59:27 - [TEST_STEP][PASSED] - Alt menü e-Arşiv Araçları başlığı altındaki e-Arşiv Fatura Oluşturma seçilir: Alt menü e-Arşiv Araçları başlığı altındaki e-Arşiv Fatura Oluşturma seçilir

2021-11-19 16:59:27 - [MESSAGE][PASSED] - Alt menü e-Arşiv Araçları başlığı altındaki e-Arşiv Fatura Oluşturma seçilir

2021-11-19 16:59:27 - [TEST_STEP][PASSED] - Tablodaki tüm veriler silinir: Tablodaki tüm veriler silinir

2021-11-19 16:59:27 - [MESSAGE][PASSED] - Tablodaki tüm veriler silinir

2021-11-19 16:59:27 - [TEST_STEP][PASSED] - Butonlardan Ekle isimli butona tıklanır: Butonlardan Ekle isimli butona tıklanır

2021-11-19 16:59:27 - [MESSAGE][PASSED] - Butonlardan Ekle isimli butona tıklanır

2021-11-19 16:59:27 - [TEST_STEP][PASSED] - Görsel tasarım sayfasının e-Arşiv Fatura Bilgileri başlığını içerdiği kontrol edilir: Görsel tasarım sayfasının e-Arşiv Fatura Bilgileri başlığını içerdiği kontrol edilir

2021-11-19 16:59:27 - [MESSAGE][PASSED] - Görsel tasarım sayfasının e-Arşiv Fatura Bilgileri başlığını içerdiği kontrol edilir

2021-11-19 16:59:27 - [TEST_STEP][PASSED] - Alıcı adı alanına UC0006 girilir: Alıcı adı alanına UC0006 girilir

2021-11-19 16:59:27 - [MESSAGE][PASSED] - Alıcı adı alanına UC0006 girilir

2021-11-19 16:59:27 - [TEST_STEP][PASSED] - Gönderim Şekli Elektronik olarak seçilir: Gönderim Şekli Elektronik olarak seçilir

2021-11-19 16:59:27 - [MESSAGE][PASSED] - Gönderim Şekli Elektronik olarak seçilir

2021-11-19 16:59:27 - [TEST_STEP][PASSED] - Tip alanından Özel Matrah seçilir: Tip alanından Özel Matrah seçilir

2021-11-19 16:59:27 - [MESSAGE][PASSED] - Tip alanından Özel Matrah seçilir

2021-11-19 16:59:27 - [TEST_STEP][PASSED] - Döküman Para Birimi alanından Türk Lirası seçilir: Döküman Para Birimi alanından Türk Lirası seçilir

2021-11-19 16:59:27 - [MESSAGE][PASSED] - Döküman Para Birimi alanından Türk Lirası seçilir

2021-11-19 16:59:27 - [TEST_STEP][PASSED] - Ön Ek EAR olarak seçilir: Ön Ek EAR olarak seçilir

2021-11-19 16:59:27 - [MESSAGE][PASSED] - Ön Ek EAR olarak seçilir

2021-11-19 16:59:27 - [TEST_STEP][PASSED] - Tasarım alanından Otomasyon seçilir: Tasarım alanından Otomasyon seçilir

2021-11-19 16:59:27 - [MESSAGE][PASSED] - Tasarım alanından Otomasyon seçilir

2021-11-19 16:59:27 - [TEST_STEP][PASSED] - Sipariş bilgileri UUC-SAT-1200001 ve 31.04.2020 olarak girilir: Sipariş bilgileri UUC-SAT-1200001 ve 31.04.2020 olarak girilir

2021-11-19 16:59:27 - [MESSAGE][PASSED] - Sipariş bilgileri UUC-SAT-1200001 ve 31.04.2020 olarak girilir

2021-11-19 16:59:27 - [TEST_STEP][PASSED] - İrsaliye Bilgileri AAAAAAAAAA,31.04.2020 olarak girilir: İrsaliye Bilgileri AAAAAAAAAA,31.04.2020 olarak girilir

2021-11-19 16:59:27 - [MESSAGE][PASSED] - İrsaliye Bilgileri AAAAAAAAAA,31.04.2020 olarak girilir

2021-11-19 16:59:27 - [TEST_STEP][PASSED] - Ekle butonuna basılır: Ekle butonuna basılır

2021-11-19 16:59:27 - [MESSAGE][PASSED] - Ekle butonuna basılır

2021-11-19 16:59:27 - [TEST_STEP][PASSED] - Ürün ekleme alanında Mal/Hizmet başlığına Otomasyon girilir: Ürün ekleme alanında Mal/Hizmet başlığına Otomasyon girilir

2021-11-19 16:59:27 - [MESSAGE][PASSED] - Ürün ekleme alanında Mal/Hizmet başlığına Otomasyon girilir

2021-11-19 16:59:27 - [TEST_STEP][PASSED] - Ürün ekleme alanında Açıklaması başlığına Virgosol girilir: Ürün ekleme alanında Açıklaması başlığına Virgosol girilir

2021-11-19 16:59:27 - [MESSAGE][PASSED] - Ürün ekleme alanında Açıklaması başlığına Virgosol girilir

2021-11-19 16:59:27 - [TEST_STEP][PASSED] - Ürün ekleme alanında Miktarı başlığına 400 girilir: Ürün ekleme alanında Miktarı başlığına 400 girilir

2021-11-19 16:59:27 - [MESSAGE][PASSED] - Ürün ekleme alanında Miktarı başlığına 400 girilir

2021-11-19 16:59:27 - [TEST_STEP][PASSED] - Ürün ekleme alanında Birim Fiyat başlığına 100 girilir: Ürün ekleme alanında Birim Fiyat başlığına 100 girilir

2021-11-19 16:59:27 - [MESSAGE][PASSED] - Ürün ekleme alanında Birim Fiyat başlığına 100 girilir

2021-11-19 16:59:27 - [TEST_STEP][PASSED] - Ürün ekleme alanında İskonto Oranı % başlığına 10 girilir: Ürün ekleme alanında İskonto Oranı % başlığına 10 girilir

2021-11-19 16:59:27 - [MESSAGE][PASSED] - Ürün ekleme alanında İskonto Oranı % başlığına 10 girilir

2021-11-19 16:59:27 - [TEST_STEP][PASSED] - Notlar alanına Otomasyon Not girilir: Notlar alanına Otomasyon Not girilir

2021-11-19 16:59:27 - [MESSAGE][PASSED] - Notlar alanına Otomasyon Not girilir

2021-11-19 16:59:27 - [TEST_STEP][PASSED] - Ettn bilgisi kayıt edilir: Ettn bilgisi kayıt edilir

2021-11-19 16:59:27 - [MESSAGE][PASSED] - Ettn bilgisi kayıt edilir

2021-11-19 16:59:27 - [TEST_STEP][PASSED] - Kaydet butonu seçilir: Kaydet butonu seçilir

2021-11-19 16:59:27 - [MESSAGE][PASSED] - Kaydet butonu seçilir

2021-11-19 16:59:27 - [TEST_STEP][PASSED] - Tabloda Ettn bilgisi kaydedilen veri oluşturuldu mu: Tabloda Ettn bilgisi kaydedilen veri oluşturuldu mu

2021-11-19 16:59:27 - [MESSAGE][PASSED] - Tabloda Ettn bilgisi kaydedilen veri oluşturuldu mu

2021-11-19 16:59:27 - [TEST_STEP][PASSED] - Tablodan Ettn bilgisi kaydedilen veri seçilir: Tablodan Ettn bilgisi kaydedilen veri seçilir

2021-11-19 16:59:27 - [MESSAGE][PASSED] - Tablodan Ettn bilgisi kaydedilen veri seçilir

2021-11-19 16:59:27 - [TEST_STEP][PASSED] - Butonlardan Numara Oluştur isimli butona tıklanır: Butonlardan Numara Oluştur isimli butona tıklanır

2021-11-19 16:59:27 - [MESSAGE][PASSED] - Butonlardan Numara Oluştur isimli butona tıklanır

2021-11-19 16:59:27 - [TEST_STEP][PASSED] - Popup mesajı Devam etmek istiyor musunuz içeriyor mu: Popup mesajı Devam etmek istiyor musunuz içeriyor mu

2021-11-19 16:59:27 - [MESSAGE][PASSED] - Popup mesajı Devam etmek istiyor musunuz içeriyor mu

2021-11-19 16:59:27 - [TEST_STEP][PASSED] - Yönetim popupında Evet seçilir: Yönetim popupında Evet seçilir

2021-11-19 16:59:27 - [MESSAGE][PASSED] - Yönetim popupında Evet seçilir

2021-11-19 16:59:27 - [TEST_STEP][PASSED] - Popup mesajı oluşmuştur içeriyor mu: Popup mesajı oluşmuştur içeriyor mu

2021-11-19 16:59:27 - [MESSAGE][PASSED] - Popup mesajı oluşmuştur içeriyor mu

2021-11-19 16:59:27 - [TEST_STEP][PASSED] - Yönetim popupında Tamam seçilir: Yönetim popupında Tamam seçilir

2021-11-19 16:59:27 - [MESSAGE][PASSED] - Yönetim popupında Tamam seçilir

2021-11-19 16:59:27 - [TEST_STEP][PASSED] - Tablodan Ettn bilgisi kaydedilen veri seçilir: Tablodan Ettn bilgisi kaydedilen veri seçilir

2021-11-19 16:59:27 - [MESSAGE][PASSED] - Tablodan Ettn bilgisi kaydedilen veri seçilir

2021-11-19 16:59:27 - [TEST_STEP][PASSED] - Butonlardan Gönder isimli butona tıklanır: Butonlardan Gönder isimli butona tıklanır

2021-11-19 16:59:27 - [MESSAGE][PASSED] - Butonlardan Gönder isimli butona tıklanır

2021-11-19 16:59:27 - [TEST_STEP][PASSED] - Popup mesajı Devam etmek istiyor musunuz içeriyor mu: Popup mesajı Devam etmek istiyor musunuz içeriyor mu

2021-11-19 16:59:27 - [MESSAGE][PASSED] - Popup mesajı Devam etmek istiyor musunuz içeriyor mu

2021-11-19 16:59:27 - [TEST_STEP][PASSED] - Yönetim popupında Evet seçilir: Yönetim popupında Evet seçilir

2021-11-19 16:59:27 - [MESSAGE][PASSED] - Yönetim popupında Evet seçilir

2021-11-19 16:59:27 - [TEST_STEP][PASSED] - Ana menüden e-Arşiv seçilir: Ana menüden e-Arşiv seçilir

2021-11-19 16:59:27 - [MESSAGE][PASSED] - Ana menüden e-Arşiv seçilir

2021-11-19 16:59:27 - [TEST_STEP][PASSED] - Alt menü e-Arşiv Hareketleri başlığı altındaki e-Arşiv Faturaları seçilir: Alt menü e-Arşiv Hareketleri başlığı altındaki e-Arşiv Faturaları seçilir

2021-11-19 16:59:27 - [MESSAGE][PASSED] - Alt menü e-Arşiv Hareketleri başlığı altındaki e-Arşiv Faturaları seçilir

2021-11-19 16:59:27 - [TEST_STEP][PASSED] - Filtrelerden Ettn filtresine Ettn bilgisi yaz: Filtrelerden Ettn filtresine Ettn bilgisi yaz

2021-11-19 16:59:27 - [MESSAGE][PASSED] - Filtrelerden Ettn filtresine Ettn bilgisi yaz

2021-11-19 16:59:27 - [TEST_STEP][PASSED] - Filtre butonlarından Listele seçilir: Filtre butonlarından Listele seçilir

2021-11-19 16:59:27 - [MESSAGE][PASSED] - Filtre butonlarından Listele seçilir

2021-11-19 16:59:27 - [TEST_STEP][PASSED] - Tabloda veri var mı kontrol edilir: Tabloda veri var mı kontrol edilir

2021-11-19 16:59:27 - [MESSAGE][PASSED] - Tabloda veri var mı kontrol edilir

2021-11-19 16:59:27 - [TEST_STEP][PASSED] - Tabloda yeni oluşturulan eArsiv verisi başarılı mı: Tabloda yeni oluşturulan eArsiv verisi başarılı mı

2021-11-19 16:59:27 - [MESSAGE][PASSED] - Tabloda yeni oluşturulan eArsiv verisi başarılı mı

2021-11-19 16:59:27 - [TEST_STEP][PASSED] - Kullanıcı işlemlerinden Çıkış seçilir: Kullanıcı işlemlerinden Çıkış seçilir

2021-11-19 16:59:27 - [MESSAGE][PASSED] - Kullanıcı işlemlerinden Çıkış seçilir

2021-11-19 16:59:27 - [MESSAGE][PASSED] - Feature file: 'Include/features/Regresyon/e-Arsiv/VKN-Elektronik-Ozel Matrah.feature' was passed

2021-11-19 16:59:27 - [TEST_STEP][PASSED] - Start listener action : sampleAfterTestSuite: Invoke 'com.kms.katalon.core.annotation.AfterTestCase' method: 'Listener.sampleAfterTestSuite(...)' completed.

2021-11-19 16:59:27 - [MESSAGE][INFO] - Starting invoke 'com.kms.katalon.core.annotation.AfterTestCase' method: 'Listener.sampleAfterTestSuite(...)'

2021-11-19 16:59:27 - [TEST_STEP][PASSED] - closeBrowser(): Invoke 'com.kms.katalon.core.annotation.AfterTestCase' method: 'Listener.sampleAfterTestSuite(...)' completed.

2021-11-19 16:59:27 - [MESSAGE][INFO] - Closing browser

2021-11-19 16:59:28 - [MESSAGE][PASSED] - Browser is closed

2021-11-19 16:59:28 - [MESSAGE][INFO] - Invoke 'com.kms.katalon.core.annotation.AfterTestCase' method: 'Listener.sampleAfterTestSuite(...)' completed.]]></system-out>
         <system-err><![CDATA[]]></system-err>
      </testcase>
      <testcase name="Test Cases/Case Repository/Regresyon/e-Arsiv/VKN-Elektronik-Satis" time="116.854" classname="Test Cases/Case Repository/Regresyon/e-Arsiv/VKN-Elektronik-Satis" status="PASSED">
         <system-out><![CDATA[2021-11-19 16:59:28 - [TEST_CASE][PASSED] - Test Cases/Case Repository/Regresyon/e-Arsiv/VKN-Elektronik-Satis: Test Cases/Case Repository/Regresyon/e-Arsiv/VKN-Elektronik-Satis

2021-11-19 16:59:28 - [TEST_STEP][PASSED] - Start listener action : sampleBeforeTestSuite: Invoke 'com.kms.katalon.core.annotation.BeforeTestCase' method: 'Listener.sampleBeforeTestSuite(...)' completed.

2021-11-19 16:59:28 - [MESSAGE][INFO] - Starting invoke 'com.kms.katalon.core.annotation.BeforeTestCase' method: 'Listener.sampleBeforeTestSuite(...)'

2021-11-19 16:59:28 - [TEST_STEP][PASSED] - openBrowser(baseUrl): Browser is opened with url: 'https://efatura-stage.elogo.com.tr/'

2021-11-19 16:59:28 - [MESSAGE][INFO] - Opening browser

2021-11-19 16:59:28 - [MESSAGE][INFO] - Starting 'Chrome' driver

2021-11-19 16:59:28 - [MESSAGE][INFO] - User set preference: ['prefs', '{download.default_directory=C:\otomasyondownfiles}']

2021-11-19 16:59:28 - [MESSAGE][INFO] - Action delay is set to 0 milliseconds

2021-11-19 16:59:29 - [MESSAGE][INFO] - Navigating browser to: 'https://efatura-stage.elogo.com.tr/'

2021-11-19 16:59:31 - [MESSAGE][PASSED] - Browser is opened with url: 'https://efatura-stage.elogo.com.tr/'

2021-11-19 16:59:31 - [TEST_STEP][PASSED] - maximizeWindow(): Invoke 'com.kms.katalon.core.annotation.BeforeTestCase' method: 'Listener.sampleBeforeTestSuite(...)' completed.

2021-11-19 16:59:31 - [MESSAGE][INFO] - Maximizing current window

2021-11-19 16:59:32 - [MESSAGE][PASSED] - Current window maximized

2021-11-19 16:59:32 - [MESSAGE][INFO] - Invoke 'com.kms.katalon.core.annotation.BeforeTestCase' method: 'Listener.sampleBeforeTestSuite(...)' completed.

2021-11-19 16:59:32 - [TEST_STEP][PASSED] - runFeatureFile("Include/features/Regresyon/e-Arsiv/VKN-Elektronik-Satis.feature"): Feature file: 'Include/features/Regresyon/e-Arsiv/VKN-Elektronik-Satis.feature' was passed

2021-11-19 16:59:32 - [MESSAGE][INFO] - Starting run keyword runFeatureFile: 'Include/features/Regresyon/e-Arsiv/VKN-Elektronik-Satis.feature' and extract report to folder: 'C:\Users\DELL\Documents\GitHub\EES_KatalonLogo\Reports\20211119_164526\Suite Repository\Regresyon-eArsiv-eMakbuz\20211119_164600/cucumber_report/1637330372780'...

2021-11-19 16:59:32 - [MESSAGE][INFO] - Glue: []

2021-11-19 16:59:35 - [MESSAGE][INFO] - Checking called Test Case

2021-11-19 16:59:35 - [MESSAGE][INFO] - Starting to call Test Case 'Test Cases/Sayfalar/Giris_Sayfasi/Login'

2021-11-19 16:59:35 - [TEST_CASE][PASSED] - Test Cases/Sayfalar/Giris_Sayfasi/Login: Test Cases/Sayfalar/Giris_Sayfasi/Login

2021-11-19 16:59:35 - [TEST_STEP][PASSED] - Sayfa_Basligi = getWindowTitle(): Current window's title is: 'LOGO e-Fatura'

2021-11-19 16:59:35 - [MESSAGE][INFO] - Getting current window's title

2021-11-19 16:59:35 - [MESSAGE][PASSED] - Current window's title is: 'LOGO e-Fatura'

2021-11-19 16:59:35 - [TEST_STEP][PASSED] - verifyMatch(Sayfa_Basligi, "LOGO e-Fatura", false): Actual text 'LOGO e-Fatura' and expected text 'LOGO e-Fatura' are matched 

2021-11-19 16:59:35 - [MESSAGE][INFO] - Matching actual text 'LOGO e-Fatura' with expected text 'LOGO e-Fatura'

2021-11-19 16:59:35 - [MESSAGE][PASSED] - Actual text 'LOGO e-Fatura' and expected text 'LOGO e-Fatura' are matched 

2021-11-19 16:59:35 - [TEST_STEP][PASSED] - sendKeys(findTestObject("Sayfalar/Giris_Sayfasi/Firma_Kodu"), KullaniciAdi): Keys 'EARSATIS' sent to object: 'Object Repository/Sayfalar/Giris_Sayfasi/Firma_Kodu'

2021-11-19 16:59:35 - [MESSAGE][INFO] - Finding Test Object 'Object Repository/Sayfalar/Giris_Sayfasi/Firma_Kodu'

2021-11-19 16:59:35 - [MESSAGE][INFO] - Sending keys 'EARSATIS' to object: 'Object Repository/Sayfalar/Giris_Sayfasi/Firma_Kodu'

2021-11-19 16:59:35 - [MESSAGE][INFO] - Finding web element from Test Object's properties

2021-11-19 16:59:35 - [MESSAGE][INFO] - Checking timeout

2021-11-19 16:59:35 - [MESSAGE][INFO] - Finding web element with id: 'Object Repository/Sayfalar/Giris_Sayfasi/Firma_Kodu' located by 'By.xpath: //*[@id = 'AccountName']' in '30' second(s)

2021-11-19 16:59:35 - [MESSAGE][INFO] - Smart Wait Function is triggered

2021-11-19 16:59:36 - [MESSAGE][INFO] - Found 1 web elements with id: 'Object Repository/Sayfalar/Giris_Sayfasi/Firma_Kodu' located by 'By.xpath: //*[@id = 'AccountName']' in '30' second(s)

2021-11-19 16:59:36 - [MESSAGE][PASSED] - Keys 'EARSATIS' sent to object: 'Object Repository/Sayfalar/Giris_Sayfasi/Firma_Kodu'

2021-11-19 16:59:36 - [TEST_STEP][PASSED] - sendKeys(findTestObject("Sayfalar/Giris_Sayfasi/Sifre"), Sifre): Keys 'test1234' sent to object: 'Object Repository/Sayfalar/Giris_Sayfasi/Sifre'

2021-11-19 16:59:36 - [MESSAGE][INFO] - Finding Test Object 'Object Repository/Sayfalar/Giris_Sayfasi/Sifre'

2021-11-19 16:59:36 - [MESSAGE][INFO] - Sending keys 'test1234' to object: 'Object Repository/Sayfalar/Giris_Sayfasi/Sifre'

2021-11-19 16:59:36 - [MESSAGE][INFO] - Finding web element from Test Object's properties

2021-11-19 16:59:36 - [MESSAGE][INFO] - Checking timeout

2021-11-19 16:59:36 - [MESSAGE][INFO] - Finding web element with id: 'Object Repository/Sayfalar/Giris_Sayfasi/Sifre' located by 'By.xpath: //*[@id = 'Password']' in '30' second(s)

2021-11-19 16:59:36 - [MESSAGE][INFO] - Smart Wait Function is triggered

2021-11-19 16:59:36 - [MESSAGE][INFO] - Found 1 web elements with id: 'Object Repository/Sayfalar/Giris_Sayfasi/Sifre' located by 'By.xpath: //*[@id = 'Password']' in '30' second(s)

2021-11-19 16:59:36 - [MESSAGE][PASSED] - Keys 'test1234' sent to object: 'Object Repository/Sayfalar/Giris_Sayfasi/Sifre'

2021-11-19 16:59:36 - [TEST_STEP][PASSED] - findWebElement(findTestObject("Sayfalar/Giris_Sayfasi/Giris_Butonu")).click(): Found 1 web elements with id: 'Object Repository/Sayfalar/Giris_Sayfasi/Giris_Butonu' located by 'By.cssSelector: #btnLogin' in '30' second(s)

2021-11-19 16:59:36 - [MESSAGE][INFO] - Finding Test Object 'Object Repository/Sayfalar/Giris_Sayfasi/Giris_Butonu'

2021-11-19 16:59:36 - [MESSAGE][INFO] - Finding web element from Test Object's properties

2021-11-19 16:59:36 - [MESSAGE][INFO] - Checking timeout

2021-11-19 16:59:36 - [MESSAGE][INFO] - Finding web element with id: 'Object Repository/Sayfalar/Giris_Sayfasi/Giris_Butonu' located by 'By.cssSelector: #btnLogin' in '30' second(s)

2021-11-19 16:59:36 - [MESSAGE][INFO] - Smart Wait Function is triggered

2021-11-19 16:59:37 - [MESSAGE][INFO] - Found 1 web elements with id: 'Object Repository/Sayfalar/Giris_Sayfasi/Giris_Butonu' located by 'By.cssSelector: #btnLogin' in '30' second(s)

2021-11-19 16:59:38 - [TEST_STEP][PASSED] - if (verifyElementPresent(findTestObject("Object Repository/Sayfalar/Giris_Sayfasi/RetveTamam_Butonu"), 5, OPTIONAL)): null

2021-11-19 16:59:38 - [MESSAGE][INFO] - Finding Test Object 'Object Repository/Sayfalar/Giris_Sayfasi/RetveTamam_Butonu'

2021-11-19 16:59:38 - [MESSAGE][INFO] - Checking object

2021-11-19 16:59:38 - [MESSAGE][INFO] - Finding web element from Test Object's properties

2021-11-19 16:59:38 - [MESSAGE][INFO] - Checking timeout

2021-11-19 16:59:38 - [MESSAGE][INFO] - Finding web element with id: 'Object Repository/Sayfalar/Giris_Sayfasi/RetveTamam_Butonu' located by 'By.xpath: //*[@class = 'btn btn-default']' in '5' second(s)

2021-11-19 16:59:38 - [MESSAGE][INFO] - Smart Wait Function is triggered

2021-11-19 16:59:39 - [MESSAGE][INFO] - Found 1 web elements with id: 'Object Repository/Sayfalar/Giris_Sayfasi/RetveTamam_Butonu' located by 'By.xpath: //*[@class = 'btn btn-default']' in '5' second(s)

2021-11-19 16:59:39 - [MESSAGE][PASSED] - Object 'Object Repository/Sayfalar/Giris_Sayfasi/RetveTamam_Butonu' is present

2021-11-19 16:59:39 - [TEST_STEP][PASSED] - click(findTestObject("Object Repository/Sayfalar/Giris_Sayfasi/RetveTamam_Butonu")): Object: 'Object Repository/Sayfalar/Giris_Sayfasi/RetveTamam_Butonu' is clicked on

2021-11-19 16:59:39 - [MESSAGE][INFO] - Finding Test Object 'Object Repository/Sayfalar/Giris_Sayfasi/RetveTamam_Butonu'

2021-11-19 16:59:39 - [MESSAGE][INFO] - Checking object

2021-11-19 16:59:39 - [MESSAGE][INFO] - Finding web element from Test Object's properties

2021-11-19 16:59:39 - [MESSAGE][INFO] - Checking timeout

2021-11-19 16:59:39 - [MESSAGE][INFO] - Finding web element with id: 'Object Repository/Sayfalar/Giris_Sayfasi/RetveTamam_Butonu' located by 'By.xpath: //*[@class = 'btn btn-default']' in '30' second(s)

2021-11-19 16:59:39 - [MESSAGE][INFO] - Smart Wait Function is triggered

2021-11-19 16:59:39 - [MESSAGE][INFO] - Found 1 web elements with id: 'Object Repository/Sayfalar/Giris_Sayfasi/RetveTamam_Butonu' located by 'By.xpath: //*[@class = 'btn btn-default']' in '30' second(s)

2021-11-19 16:59:39 - [MESSAGE][INFO] - Clicking on object: 'Object Repository/Sayfalar/Giris_Sayfasi/RetveTamam_Butonu'

2021-11-19 16:59:39 - [MESSAGE][PASSED] - Object: 'Object Repository/Sayfalar/Giris_Sayfasi/RetveTamam_Butonu' is clicked on

2021-11-19 16:59:39 - [TEST_STEP][PASSED] - click(findTestObject("Object Repository/Sayfalar/Giris_Sayfasi/RetveTamam_Butonu")): Object: 'Object Repository/Sayfalar/Giris_Sayfasi/RetveTamam_Butonu' is clicked on

2021-11-19 16:59:39 - [MESSAGE][INFO] - Finding Test Object 'Object Repository/Sayfalar/Giris_Sayfasi/RetveTamam_Butonu'

2021-11-19 16:59:39 - [MESSAGE][INFO] - Checking object

2021-11-19 16:59:39 - [MESSAGE][INFO] - Finding web element from Test Object's properties

2021-11-19 16:59:39 - [MESSAGE][INFO] - Checking timeout

2021-11-19 16:59:39 - [MESSAGE][INFO] - Finding web element with id: 'Object Repository/Sayfalar/Giris_Sayfasi/RetveTamam_Butonu' located by 'By.xpath: //*[@class = 'btn btn-default']' in '30' second(s)

2021-11-19 16:59:39 - [MESSAGE][INFO] - Smart Wait Function is triggered

2021-11-19 16:59:42 - [MESSAGE][INFO] - Found 1 web elements with id: 'Object Repository/Sayfalar/Giris_Sayfasi/RetveTamam_Butonu' located by 'By.xpath: //*[@class = 'btn btn-default']' in '30' second(s)

2021-11-19 16:59:42 - [MESSAGE][INFO] - Clicking on object: 'Object Repository/Sayfalar/Giris_Sayfasi/RetveTamam_Butonu'

2021-11-19 16:59:42 - [MESSAGE][PASSED] - Object: 'Object Repository/Sayfalar/Giris_Sayfasi/RetveTamam_Butonu' is clicked on

2021-11-19 16:59:42 - [TEST_STEP][PASSED] - if (verifyElementPresent(findTestObject("Sayfalar/Giris_Sayfasi/PopupOK"), 5, OPTIONAL)): com.kms.katalon.core.webui.exception.WebElementNotFoundException: Web element with id: 'Object Repository/Sayfalar/Giris_Sayfasi/PopupOK' located by '.btn.btn-success' not found (Root cause: com.kms.katalon.core.exception.StepFailedException: com.kms.katalon.core.webui.exception.WebElementNotFoundException: Web element with id: 'Object Repository/Sayfalar/Giris_Sayfasi/PopupOK' located by '.btn.btn-success' not found
	at com.kms.katalon.core.webui.keyword.internal.WebUIKeywordMain.stepFailed(WebUIKeywordMain.groovy:64)
	at com.kms.katalon.core.webui.keyword.builtin.VerifyElementPresentKeyword$_verifyElementPresent_closure1.doCall(VerifyElementPresentKeyword.groovy:85)
	at com.kms.katalon.core.webui.keyword.builtin.VerifyElementPresentKeyword$_verifyElementPresent_closure1.call(VerifyElementPresentKeyword.groovy)
	at com.kms.katalon.core.webui.keyword.internal.WebUIKeywordMain.runKeyword(WebUIKeywordMain.groovy:20)
	at com.kms.katalon.core.webui.keyword.builtin.VerifyElementPresentKeyword.verifyElementPresent(VerifyElementPresentKeyword.groovy:92)
	at com.kms.katalon.core.webui.keyword.builtin.VerifyElementPresentKeyword.execute(VerifyElementPresentKeyword.groovy:68)
	at com.kms.katalon.core.keyword.internal.KeywordExecutor.executeKeywordForPlatform(KeywordExecutor.groovy:73)
	at com.kms.katalon.core.webui.keyword.WebUiBuiltInKeywords.verifyElementPresent(WebUiBuiltInKeywords.groovy:1448)
	at com.kms.katalon.core.webui.keyword.WebUiBuiltInKeywords$verifyElementPresent$4.call(Unknown Source)
	at Login.run(Login:40)
	at com.kms.katalon.core.main.ScriptEngine.run(ScriptEngine.java:194)
	at com.kms.katalon.core.main.ScriptEngine.runScriptAsRawText(ScriptEngine.java:119)
	at com.kms.katalon.core.main.TestCaseExecutor.runScript(TestCaseExecutor.java:369)
	at com.kms.katalon.core.main.TestCaseExecutor.doExecute(TestCaseExecutor.java:360)
	at com.kms.katalon.core.main.TestCaseExecutor.processExecutionPhase(TestCaseExecutor.java:339)
	at com.kms.katalon.core.main.TestCaseExecutor.accessMainPhase(TestCaseExecutor.java:331)
	at com.kms.katalon.core.main.TestCaseExecutor.execute(TestCaseExecutor.java:248)
	at com.kms.katalon.core.main.TestCaseMain.runTestCase(TestCaseMain.java:138)
	at com.kms.katalon.core.keyword.builtin.CallTestCaseKeyword$_callTestCase_closure1.doCall(CallTestCaseKeyword.groovy:59)
	at com.kms.katalon.core.keyword.builtin.CallTestCaseKeyword$_callTestCase_closure1.call(CallTestCaseKeyword.groovy)
	at com.kms.katalon.core.keyword.internal.KeywordMain.runKeyword(KeywordMain.groovy:68)
	at com.kms.katalon.core.keyword.builtin.CallTestCaseKeyword.callTestCase(CallTestCaseKeyword.groovy:81)
	at com.kms.katalon.core.keyword.builtin.CallTestCaseKeyword.execute(CallTestCaseKeyword.groovy:44)
	at com.kms.katalon.core.keyword.internal.KeywordExecutor.executeKeywordForPlatform(KeywordExecutor.groovy:73)
	at com.kms.katalon.core.keyword.BuiltinKeywords.callTestCase(BuiltinKeywords.groovy:334)
	at sayfalar.girisSayfasi.login(girisSayfasi.groovy:50)
	at cucumber.runtime.Utils$1.call(Utils.java:26)
	at cucumber.runtime.Timeout.timeout(Timeout.java:16)
	at cucumber.runtime.Utils.invoke(Utils.java:20)
	at cucumber.runtime.java.JavaStepDefinition.execute(JavaStepDefinition.java:49)
	at cucumber.runner.PickleStepDefinitionMatch.runStep(PickleStepDefinitionMatch.java:50)
	at cucumber.runner.TestStep.executeStep(TestStep.java:63)
	at cucumber.runner.TestStep.run(TestStep.java:49)
	at cucumber.runner.PickleStepTestStep.run(PickleStepTestStep.java:43)
	at cucumber.runner.TestCase.run(TestCase.java:44)
	at cucumber.runner.Runner.runPickle(Runner.java:40)
	at cucumber.runtime.Runtime$1.run(Runtime.java:84)
	at cucumber.runtime.Runtime$SameThreadExecutorService.execute(Runtime.java:220)
	at cucumber.runtime.Runtime.run(Runtime.java:81)
	at cucumber.api.cli.Main.run(Main.java:26)
	at cucumber.api.cli.Main$run.call(Unknown Source)
	at com.kms.katalon.core.cucumber.keyword.CucumberBuiltinKeywords$_runFeatureFile_closure1.doCall(CucumberBuiltinKeywords.groovy:106)
	at com.kms.katalon.core.cucumber.keyword.CucumberBuiltinKeywords$_runFeatureFile_closure1.doCall(CucumberBuiltinKeywords.groovy)
	at com.kms.katalon.core.keyword.internal.KeywordMain.runKeyword(KeywordMain.groovy:68)
	at com.kms.katalon.core.keyword.internal.KeywordMain$runKeyword.call(Unknown Source)
	at com.kms.katalon.core.cucumber.keyword.CucumberBuiltinKeywords.runFeatureFile(CucumberBuiltinKeywords.groovy:73)
	at com.kms.katalon.core.cucumber.keyword.CucumberBuiltinKeywords$runFeatureFile$0.callStatic(Unknown Source)
	at com.kms.katalon.core.cucumber.keyword.CucumberBuiltinKeywords.runFeatureFile(CucumberBuiltinKeywords.groovy:246)
	at com.kms.katalon.core.cucumber.keyword.CucumberBuiltinKeywords$runFeatureFile.call(Unknown Source)
	at VKN-Elektronik-Satis.run(VKN-Elektronik-Satis:19)
	at com.kms.katalon.core.main.ScriptEngine.run(ScriptEngine.java:194)
	at com.kms.katalon.core.main.ScriptEngine.runScriptAsRawText(ScriptEngine.java:119)
	at com.kms.katalon.core.main.TestCaseExecutor.runScript(TestCaseExecutor.java:369)
	at com.kms.katalon.core.main.TestCaseExecutor.doExecute(TestCaseExecutor.java:360)
	at com.kms.katalon.core.main.TestCaseExecutor.processExecutionPhase(TestCaseExecutor.java:339)
	at com.kms.katalon.core.main.TestCaseExecutor.accessMainPhase(TestCaseExecutor.java:331)
	at com.kms.katalon.core.main.TestCaseExecutor.execute(TestCaseExecutor.java:248)
	at com.kms.katalon.core.main.TestSuiteExecutor.accessTestCaseMainPhase(TestSuiteExecutor.java:191)
	at com.kms.katalon.core.main.TestSuiteExecutor.accessTestSuiteMainPhase(TestSuiteExecutor.java:140)
	at com.kms.katalon.core.main.TestSuiteExecutor.execute(TestSuiteExecutor.java:89)
	at com.kms.katalon.core.main.TestCaseMain.startTestSuite(TestCaseMain.java:181)
	at com.kms.katalon.core.main.TestCaseMain$startTestSuite$0.call(Unknown Source)
	at TempTestSuite1637329560940.run(TempTestSuite1637329560940.groovy:39)
)

2021-11-19 16:59:42 - [MESSAGE][INFO] - Finding Test Object 'Object Repository/Sayfalar/Giris_Sayfasi/PopupOK'

2021-11-19 16:59:42 - [MESSAGE][INFO] - Checking object

2021-11-19 16:59:42 - [MESSAGE][INFO] - Finding web element from Test Object's properties

2021-11-19 16:59:42 - [MESSAGE][INFO] - Checking timeout

2021-11-19 16:59:42 - [MESSAGE][INFO] - Finding web element with id: 'Object Repository/Sayfalar/Giris_Sayfasi/PopupOK' located by 'By.cssSelector: .btn.btn-success' in '5' second(s)

2021-11-19 16:59:42 - [MESSAGE][INFO] - Smart Wait Function is triggered

2021-11-19 16:59:43 - [MESSAGE][INFO] - Smart Wait Function is triggered

2021-11-19 16:59:43 - [MESSAGE][INFO] - Smart Wait Function is triggered

2021-11-19 16:59:44 - [MESSAGE][INFO] - Smart Wait Function is triggered

2021-11-19 16:59:44 - [MESSAGE][INFO] - Smart Wait Function is triggered

2021-11-19 16:59:44 - [MESSAGE][INFO] - Smart Wait Function is triggered

2021-11-19 16:59:44 - [MESSAGE][INFO] - Smart Wait Function is triggered

2021-11-19 16:59:45 - [MESSAGE][INFO] - Smart Wait Function is triggered

2021-11-19 16:59:45 - [MESSAGE][INFO] - Smart Wait Function is triggered

2021-11-19 16:59:45 - [MESSAGE][INFO] - Smart Wait Function is triggered

2021-11-19 16:59:45 - [MESSAGE][INFO] - Smart Wait Function is triggered

2021-11-19 16:59:46 - [MESSAGE][INFO] - Smart Wait Function is triggered

2021-11-19 16:59:46 - [MESSAGE][INFO] - Smart Wait Function is triggered

2021-11-19 16:59:46 - [MESSAGE][INFO] - Smart Wait Function is triggered

2021-11-19 16:59:46 - [MESSAGE][INFO] - Smart Wait Function is triggered

2021-11-19 16:59:47 - [MESSAGE][INFO] - Smart Wait Function is triggered

2021-11-19 16:59:47 - [MESSAGE][INFO] - Smart Wait Function is triggered

2021-11-19 16:59:47 - [MESSAGE][INFO] - Smart Wait Function is triggered

2021-11-19 16:59:48 - [MESSAGE][INFO] - Smart Wait Function is triggered

2021-11-19 16:59:48 - [MESSAGE][INFO] - Smart Wait Function is triggered

2021-11-19 16:59:48 - [MESSAGE][INFO] - Smart Wait Function is triggered

2021-11-19 16:59:48 - [MESSAGE][INFO] - Unable to find the element located by 'By.cssSelector: .btn.btn-success'. Please recheck the objects properties to make sure the desired element is located. 

2021-11-19 16:59:48 - [MESSAGE][WARNING] - com.kms.katalon.core.webui.exception.WebElementNotFoundException: Web element with id: 'Object Repository/Sayfalar/Giris_Sayfasi/PopupOK' located by '.btn.btn-success' not found (Root cause: com.kms.katalon.core.exception.StepFailedException: com.kms.katalon.core.webui.exception.WebElementNotFoundException: Web element with id: 'Object Repository/Sayfalar/Giris_Sayfasi/PopupOK' located by '.btn.btn-success' not found
	at com.kms.katalon.core.webui.keyword.internal.WebUIKeywordMain.stepFailed(WebUIKeywordMain.groovy:64)
	at com.kms.katalon.core.webui.keyword.builtin.VerifyElementPresentKeyword$_verifyElementPresent_closure1.doCall(VerifyElementPresentKeyword.groovy:85)
	at com.kms.katalon.core.webui.keyword.builtin.VerifyElementPresentKeyword$_verifyElementPresent_closure1.call(VerifyElementPresentKeyword.groovy)
	at com.kms.katalon.core.webui.keyword.internal.WebUIKeywordMain.runKeyword(WebUIKeywordMain.groovy:20)
	at com.kms.katalon.core.webui.keyword.builtin.VerifyElementPresentKeyword.verifyElementPresent(VerifyElementPresentKeyword.groovy:92)
	at com.kms.katalon.core.webui.keyword.builtin.VerifyElementPresentKeyword.execute(VerifyElementPresentKeyword.groovy:68)
	at com.kms.katalon.core.keyword.internal.KeywordExecutor.executeKeywordForPlatform(KeywordExecutor.groovy:73)
	at com.kms.katalon.core.webui.keyword.WebUiBuiltInKeywords.verifyElementPresent(WebUiBuiltInKeywords.groovy:1448)
	at com.kms.katalon.core.webui.keyword.WebUiBuiltInKeywords$verifyElementPresent$4.call(Unknown Source)
	at Login.run(Login:40)
	at com.kms.katalon.core.main.ScriptEngine.run(ScriptEngine.java:194)
	at com.kms.katalon.core.main.ScriptEngine.runScriptAsRawText(ScriptEngine.java:119)
	at com.kms.katalon.core.main.TestCaseExecutor.runScript(TestCaseExecutor.java:369)
	at com.kms.katalon.core.main.TestCaseExecutor.doExecute(TestCaseExecutor.java:360)
	at com.kms.katalon.core.main.TestCaseExecutor.processExecutionPhase(TestCaseExecutor.java:339)
	at com.kms.katalon.core.main.TestCaseExecutor.accessMainPhase(TestCaseExecutor.java:331)
	at com.kms.katalon.core.main.TestCaseExecutor.execute(TestCaseExecutor.java:248)
	at com.kms.katalon.core.main.TestCaseMain.runTestCase(TestCaseMain.java:138)
	at com.kms.katalon.core.keyword.builtin.CallTestCaseKeyword$_callTestCase_closure1.doCall(CallTestCaseKeyword.groovy:59)
	at com.kms.katalon.core.keyword.builtin.CallTestCaseKeyword$_callTestCase_closure1.call(CallTestCaseKeyword.groovy)
	at com.kms.katalon.core.keyword.internal.KeywordMain.runKeyword(KeywordMain.groovy:68)
	at com.kms.katalon.core.keyword.builtin.CallTestCaseKeyword.callTestCase(CallTestCaseKeyword.groovy:81)
	at com.kms.katalon.core.keyword.builtin.CallTestCaseKeyword.execute(CallTestCaseKeyword.groovy:44)
	at com.kms.katalon.core.keyword.internal.KeywordExecutor.executeKeywordForPlatform(KeywordExecutor.groovy:73)
	at com.kms.katalon.core.keyword.BuiltinKeywords.callTestCase(BuiltinKeywords.groovy:334)
	at sayfalar.girisSayfasi.login(girisSayfasi.groovy:50)
	at cucumber.runtime.Utils$1.call(Utils.java:26)
	at cucumber.runtime.Timeout.timeout(Timeout.java:16)
	at cucumber.runtime.Utils.invoke(Utils.java:20)
	at cucumber.runtime.java.JavaStepDefinition.execute(JavaStepDefinition.java:49)
	at cucumber.runner.PickleStepDefinitionMatch.runStep(PickleStepDefinitionMatch.java:50)
	at cucumber.runner.TestStep.executeStep(TestStep.java:63)
	at cucumber.runner.TestStep.run(TestStep.java:49)
	at cucumber.runner.PickleStepTestStep.run(PickleStepTestStep.java:43)
	at cucumber.runner.TestCase.run(TestCase.java:44)
	at cucumber.runner.Runner.runPickle(Runner.java:40)
	at cucumber.runtime.Runtime$1.run(Runtime.java:84)
	at cucumber.runtime.Runtime$SameThreadExecutorService.execute(Runtime.java:220)
	at cucumber.runtime.Runtime.run(Runtime.java:81)
	at cucumber.api.cli.Main.run(Main.java:26)
	at cucumber.api.cli.Main$run.call(Unknown Source)
	at com.kms.katalon.core.cucumber.keyword.CucumberBuiltinKeywords$_runFeatureFile_closure1.doCall(CucumberBuiltinKeywords.groovy:106)
	at com.kms.katalon.core.cucumber.keyword.CucumberBuiltinKeywords$_runFeatureFile_closure1.doCall(CucumberBuiltinKeywords.groovy)
	at com.kms.katalon.core.keyword.internal.KeywordMain.runKeyword(KeywordMain.groovy:68)
	at com.kms.katalon.core.keyword.internal.KeywordMain$runKeyword.call(Unknown Source)
	at com.kms.katalon.core.cucumber.keyword.CucumberBuiltinKeywords.runFeatureFile(CucumberBuiltinKeywords.groovy:73)
	at com.kms.katalon.core.cucumber.keyword.CucumberBuiltinKeywords$runFeatureFile$0.callStatic(Unknown Source)
	at com.kms.katalon.core.cucumber.keyword.CucumberBuiltinKeywords.runFeatureFile(CucumberBuiltinKeywords.groovy:246)
	at com.kms.katalon.core.cucumber.keyword.CucumberBuiltinKeywords$runFeatureFile.call(Unknown Source)
	at VKN-Elektronik-Satis.run(VKN-Elektronik-Satis:19)
	at com.kms.katalon.core.main.ScriptEngine.run(ScriptEngine.java:194)
	at com.kms.katalon.core.main.ScriptEngine.runScriptAsRawText(ScriptEngine.java:119)
	at com.kms.katalon.core.main.TestCaseExecutor.runScript(TestCaseExecutor.java:369)
	at com.kms.katalon.core.main.TestCaseExecutor.doExecute(TestCaseExecutor.java:360)
	at com.kms.katalon.core.main.TestCaseExecutor.processExecutionPhase(TestCaseExecutor.java:339)
	at com.kms.katalon.core.main.TestCaseExecutor.accessMainPhase(TestCaseExecutor.java:331)
	at com.kms.katalon.core.main.TestCaseExecutor.execute(TestCaseExecutor.java:248)
	at com.kms.katalon.core.main.TestSuiteExecutor.accessTestCaseMainPhase(TestSuiteExecutor.java:191)
	at com.kms.katalon.core.main.TestSuiteExecutor.accessTestSuiteMainPhase(TestSuiteExecutor.java:140)
	at com.kms.katalon.core.main.TestSuiteExecutor.execute(TestSuiteExecutor.java:89)
	at com.kms.katalon.core.main.TestCaseMain.startTestSuite(TestCaseMain.java:181)
	at com.kms.katalon.core.main.TestCaseMain$startTestSuite$0.call(Unknown Source)
	at TempTestSuite1637329560940.run(TempTestSuite1637329560940.groovy:39)
)

2021-11-19 16:59:48 - [TEST_STEP][PASSED] - verifyElementVisible(findTestObject("Object Repository/Kullanici_Islemleri/KullaniciIslemleri")): Object 'Object Repository/Kullanici_Islemleri/KullaniciIslemleri' is visible

2021-11-19 16:59:48 - [MESSAGE][INFO] - Finding Test Object 'Object Repository/Kullanici_Islemleri/KullaniciIslemleri'

2021-11-19 16:59:49 - [MESSAGE][INFO] - Checking object

2021-11-19 16:59:49 - [MESSAGE][INFO] - Finding web element from Test Object's properties

2021-11-19 16:59:49 - [MESSAGE][INFO] - Checking timeout

2021-11-19 16:59:49 - [MESSAGE][INFO] - Finding web element with id: 'Object Repository/Kullanici_Islemleri/KullaniciIslemleri' located by 'By.cssSelector: .dropdown>a>img' in '30' second(s)

2021-11-19 16:59:49 - [MESSAGE][INFO] - Smart Wait Function is triggered

2021-11-19 16:59:49 - [MESSAGE][INFO] - Found 1 web elements with id: 'Object Repository/Kullanici_Islemleri/KullaniciIslemleri' located by 'By.cssSelector: .dropdown>a>img' in '30' second(s)

2021-11-19 16:59:49 - [MESSAGE][PASSED] - Object 'Object Repository/Kullanici_Islemleri/KullaniciIslemleri' is visible

2021-11-19 16:59:49 - [MESSAGE][PASSED] - Call Test Case 'Test Cases/Sayfalar/Giris_Sayfasi/Login' successfully

2021-11-19 16:59:49 - [MESSAGE][INFO] - Checking called Test Case

2021-11-19 16:59:49 - [MESSAGE][INFO] - Starting to call Test Case 'Test Cases/Menu/AnaMenuSecimi'

2021-11-19 16:59:49 - [TEST_CASE][PASSED] - Test Cases/Menu/AnaMenuSecimi: Test Cases/Menu/AnaMenuSecimi

2021-11-19 16:59:49 - [TEST_STEP][PASSED] - Method.TextDegerineEsitElementeTikla(findTestObject("Menu/Ana_Menu"), Ana_Menu): Method.TextDegerineEsitElementeTikla is PASSED

2021-11-19 16:59:49 - [MESSAGE][INFO] - Finding Test Object 'Object Repository/Menu/Ana_Menu'

2021-11-19 16:59:49 - [MESSAGE][INFO] - Checking timeout

2021-11-19 16:59:49 - [MESSAGE][INFO] - Finding web element with id: 'Object Repository/Menu/Ana_Menu' located by 'By.xpath: //*[@class = 'dropdown-toggle']' in '10' second(s)

2021-11-19 16:59:49 - [MESSAGE][INFO] - Smart Wait Function is triggered

2021-11-19 16:59:49 - [MESSAGE][INFO] - Found 13 web elements with id: 'Object Repository/Menu/Ana_Menu' located by 'By.xpath: //*[@class = 'dropdown-toggle']' in '10' second(s)

2021-11-19 16:59:49 - [MESSAGE][PASSED] - Method.TextDegerineEsitElementeTikla is PASSED

2021-11-19 16:59:49 - [MESSAGE][PASSED] - Call Test Case 'Test Cases/Menu/AnaMenuSecimi' successfully

2021-11-19 16:59:49 - [MESSAGE][INFO] - Checking called Test Case

2021-11-19 16:59:49 - [MESSAGE][INFO] - Starting to call Test Case 'Test Cases/Menu/BasligaGoreAltMenuSecimi'

2021-11-19 16:59:49 - [TEST_CASE][PASSED] - Test Cases/Menu/BasligaGoreAltMenuSecimi: Test Cases/Menu/BasligaGoreAltMenuSecimi

2021-11-19 16:59:49 - [TEST_STEP][PASSED] - Method.TextDegerineEsitElementinAltindakiTextDegerineEsitOlanaTikla(findTestObject("Menu/Menu_Basligi"), findTestObject("Menu/Basliga_Gore_Alt_Menu"), Baslik, Alt_Menu): Method.TextDegerineEsitElementinAltindakiTextDegerineEsitOlanaTikla is PASSED

2021-11-19 16:59:49 - [MESSAGE][INFO] - Finding Test Object 'Object Repository/Menu/Menu_Basligi'

2021-11-19 16:59:50 - [MESSAGE][INFO] - Finding Test Object 'Object Repository/Menu/Basliga_Gore_Alt_Menu'

2021-11-19 16:59:50 - [MESSAGE][INFO] - Checking timeout

2021-11-19 16:59:50 - [MESSAGE][INFO] - Finding web element with id: 'Object Repository/Menu/Menu_Basligi' located by 'By.xpath: //li[@class='dropdown dropdown-large open']//li[@class='dropdown-header']' in '10' second(s)

2021-11-19 16:59:50 - [MESSAGE][INFO] - Smart Wait Function is triggered

2021-11-19 16:59:50 - [MESSAGE][INFO] - Found 2 web elements with id: 'Object Repository/Menu/Menu_Basligi' located by 'By.xpath: //li[@class='dropdown dropdown-large open']//li[@class='dropdown-header']' in '10' second(s)

2021-11-19 16:59:50 - [MESSAGE][INFO] - Smart Wait Function is triggered

2021-11-19 16:59:52 - [MESSAGE][PASSED] - Method.TextDegerineEsitElementinAltindakiTextDegerineEsitOlanaTikla is PASSED

2021-11-19 16:59:52 - [MESSAGE][PASSED] - Call Test Case 'Test Cases/Menu/BasligaGoreAltMenuSecimi' successfully

2021-11-19 16:59:52 - [MESSAGE][INFO] - Checking called Test Case

2021-11-19 16:59:52 - [MESSAGE][INFO] - Starting to call Test Case 'Test Cases/Tablo/Olusturma Tarihi'

2021-11-19 16:59:52 - [TEST_CASE][PASSED] - Test Cases/Tablo/Olusturma Tarihi: Test Cases/Tablo/Olusturma Tarihi

2021-11-19 16:59:52 - [TEST_STEP][PASSED] - if (verifyTextNotPresent("Görüntülenecek veri yok", true, OPTIONAL)): null

2021-11-19 16:59:52 - [MESSAGE][INFO] - Checking text present  using regular expression

2021-11-19 16:59:52 - [MESSAGE][INFO] - Smart Wait Function is triggered

2021-11-19 16:59:53 - [MESSAGE][INFO] - Finding text 'Görüntülenecek veri yok' on page  using regular expression

2021-11-19 16:59:53 - [MESSAGE][PASSED] - Text 'Görüntülenecek veri yok' is not present on page using regular expression

2021-11-19 16:59:53 - [TEST_STEP][PASSED] - click(findTestObject("Temizle/Olusturma_Tarihi_CheckBox")): Object: 'Object Repository/Temizle/Olusturma_Tarihi_CheckBox' is clicked on

2021-11-19 16:59:53 - [MESSAGE][INFO] - Finding Test Object 'Object Repository/Temizle/Olusturma_Tarihi_CheckBox'

2021-11-19 16:59:53 - [MESSAGE][INFO] - Checking object

2021-11-19 16:59:53 - [MESSAGE][INFO] - Finding web element from Test Object's properties

2021-11-19 16:59:53 - [MESSAGE][INFO] - Checking timeout

2021-11-19 16:59:53 - [MESSAGE][INFO] - Finding web element with id: 'Object Repository/Temizle/Olusturma_Tarihi_CheckBox' located by 'By.xpath: //*[@title = 'Bu sayfadaki tüm satırları Seç']' in '30' second(s)

2021-11-19 16:59:53 - [MESSAGE][INFO] - Smart Wait Function is triggered

2021-11-19 16:59:53 - [MESSAGE][INFO] - Found 1 web elements with id: 'Object Repository/Temizle/Olusturma_Tarihi_CheckBox' located by 'By.xpath: //*[@title = 'Bu sayfadaki tüm satırları Seç']' in '30' second(s)

2021-11-19 16:59:53 - [MESSAGE][INFO] - Clicking on object: 'Object Repository/Temizle/Olusturma_Tarihi_CheckBox'

2021-11-19 16:59:53 - [MESSAGE][PASSED] - Object: 'Object Repository/Temizle/Olusturma_Tarihi_CheckBox' is clicked on

2021-11-19 16:59:53 - [TEST_STEP][PASSED] - Method.TextDegerineEsitElementeTiklaEquals(findTestObject("Butonlar/Butonlar"), "Sil"): Method.TextDegerineEsitElementeTiklaEquals is PASSED

2021-11-19 16:59:53 - [MESSAGE][INFO] - Finding Test Object 'Object Repository/Butonlar/Butonlar'

2021-11-19 16:59:53 - [MESSAGE][INFO] - Checking timeout

2021-11-19 16:59:53 - [MESSAGE][INFO] - Finding web element with id: 'Object Repository/Butonlar/Butonlar' located by 'By.cssSelector: .panel.panel-default.text-center.footerPanel .btn,.btn.btn-primary.btnControls' in '10' second(s)

2021-11-19 16:59:53 - [MESSAGE][INFO] - Smart Wait Function is triggered

2021-11-19 16:59:53 - [MESSAGE][INFO] - Found 9 web elements with id: 'Object Repository/Butonlar/Butonlar' located by 'By.cssSelector: .panel.panel-default.text-center.footerPanel .btn,.btn.btn-primary.btnControls' in '10' second(s)

2021-11-19 16:59:54 - [MESSAGE][PASSED] - Method.TextDegerineEsitElementeTiklaEquals is PASSED

2021-11-19 16:59:54 - [TEST_STEP][PASSED] - Method.TextDegerineEsitElementeTikla(findTestObject("Popup/Popup_Butons"), "Evet"): Method.TextDegerineEsitElementeTikla is PASSED

2021-11-19 16:59:54 - [MESSAGE][INFO] - Finding Test Object 'Object Repository/Popup/Popup_Butons'

2021-11-19 16:59:54 - [MESSAGE][INFO] - Checking timeout

2021-11-19 16:59:54 - [MESSAGE][INFO] - Finding web element with id: 'Object Repository/Popup/Popup_Butons' located by 'By.cssSelector: .modal-footer>button' in '10' second(s)

2021-11-19 16:59:54 - [MESSAGE][INFO] - Smart Wait Function is triggered

2021-11-19 16:59:54 - [MESSAGE][INFO] - Found 2 web elements with id: 'Object Repository/Popup/Popup_Butons' located by 'By.cssSelector: .modal-footer>button' in '10' second(s)

2021-11-19 16:59:55 - [MESSAGE][PASSED] - Method.TextDegerineEsitElementeTikla is PASSED

2021-11-19 16:59:55 - [TEST_STEP][PASSED] - Method.TextDegerineEsitElementeTikla(findTestObject("Popup/Popup_Butons"), "Tamam"): Method.TextDegerineEsitElementeTikla is PASSED

2021-11-19 16:59:55 - [MESSAGE][INFO] - Finding Test Object 'Object Repository/Popup/Popup_Butons'

2021-11-19 16:59:55 - [MESSAGE][INFO] - Checking timeout

2021-11-19 16:59:55 - [MESSAGE][INFO] - Finding web element with id: 'Object Repository/Popup/Popup_Butons' located by 'By.cssSelector: .modal-footer>button' in '10' second(s)

2021-11-19 16:59:55 - [MESSAGE][INFO] - Smart Wait Function is triggered

2021-11-19 16:59:55 - [MESSAGE][INFO] - Found 1 web elements with id: 'Object Repository/Popup/Popup_Butons' located by 'By.cssSelector: .modal-footer>button' in '10' second(s)

2021-11-19 16:59:56 - [MESSAGE][PASSED] - Method.TextDegerineEsitElementeTikla is PASSED

2021-11-19 16:59:56 - [MESSAGE][PASSED] - Call Test Case 'Test Cases/Tablo/Olusturma Tarihi' successfully

2021-11-19 16:59:56 - [MESSAGE][INFO] - Checking called Test Case

2021-11-19 16:59:56 - [MESSAGE][INFO] - Starting to call Test Case 'Test Cases/Butonlar/ButonaTikla'

2021-11-19 16:59:56 - [TEST_CASE][PASSED] - Test Cases/Butonlar/ButonaTikla: Test Cases/Butonlar/ButonaTikla

2021-11-19 16:59:56 - [TEST_STEP][PASSED] - Method.TextDegerineEsitElementeTiklaEquals(findTestObject("Butonlar/Butonlar"), Buton_Adi): Method.TextDegerineEsitElementeTiklaEquals is PASSED

2021-11-19 16:59:56 - [MESSAGE][INFO] - Finding Test Object 'Object Repository/Butonlar/Butonlar'

2021-11-19 16:59:56 - [MESSAGE][INFO] - Checking timeout

2021-11-19 16:59:56 - [MESSAGE][INFO] - Finding web element with id: 'Object Repository/Butonlar/Butonlar' located by 'By.cssSelector: .panel.panel-default.text-center.footerPanel .btn,.btn.btn-primary.btnControls' in '10' second(s)

2021-11-19 16:59:56 - [MESSAGE][INFO] - Smart Wait Function is triggered

2021-11-19 16:59:56 - [MESSAGE][INFO] - Found 9 web elements with id: 'Object Repository/Butonlar/Butonlar' located by 'By.cssSelector: .panel.panel-default.text-center.footerPanel .btn,.btn.btn-primary.btnControls' in '10' second(s)

2021-11-19 16:59:56 - [MESSAGE][PASSED] - Method.TextDegerineEsitElementeTiklaEquals is PASSED

2021-11-19 16:59:56 - [MESSAGE][PASSED] - Call Test Case 'Test Cases/Butonlar/ButonaTikla' successfully

2021-11-19 16:59:56 - [MESSAGE][INFO] - Checking called Test Case

2021-11-19 16:59:56 - [MESSAGE][INFO] - Starting to call Test Case 'Test Cases/Olusturma/Genel/GorselTasarimSayfasıBasligiIceriyorMu'

2021-11-19 16:59:57 - [TEST_CASE][PASSED] - Test Cases/Olusturma/Genel/GorselTasarimSayfasıBasligiIceriyorMu: Test Cases/Olusturma/Genel/GorselTasarimSayfasıBasligiIceriyorMu

2021-11-19 16:59:57 - [TEST_STEP][PASSED] - verifyElementText(findTestObject("Object Repository/Olusturma/Genel/GorselTasarimBaslik"), Baslik): Actual text and expected text of test object 'Object Repository/Olusturma/Genel/GorselTasarimBaslik' are matched.

2021-11-19 16:59:57 - [MESSAGE][INFO] - Finding Test Object 'Object Repository/Olusturma/Genel/GorselTasarimBaslik'

2021-11-19 16:59:57 - [MESSAGE][INFO] - Checking object

2021-11-19 16:59:57 - [MESSAGE][INFO] - Finding web element from Test Object's properties

2021-11-19 16:59:57 - [MESSAGE][INFO] - Checking timeout

2021-11-19 16:59:57 - [MESSAGE][INFO] - Finding web element with id: 'Object Repository/Olusturma/Genel/GorselTasarimBaslik' located by 'By.cssSelector: #flAlici_0>div>span' in '30' second(s)

2021-11-19 16:59:57 - [MESSAGE][INFO] - Smart Wait Function is triggered

2021-11-19 17:00:03 - [MESSAGE][INFO] - Found 1 web elements with id: 'Object Repository/Olusturma/Genel/GorselTasarimBaslik' located by 'By.cssSelector: #flAlici_0>div>span' in '30' second(s)

2021-11-19 17:00:03 - [MESSAGE][PASSED] - Actual text and expected text of test object 'Object Repository/Olusturma/Genel/GorselTasarimBaslik' are matched.

2021-11-19 17:00:03 - [MESSAGE][PASSED] - Call Test Case 'Test Cases/Olusturma/Genel/GorselTasarimSayfasıBasligiIceriyorMu' successfully

2021-11-19 17:00:03 - [MESSAGE][INFO] - Checking called Test Case

2021-11-19 17:00:03 - [MESSAGE][INFO] - Starting to call Test Case 'Test Cases/Olusturma/Genel/AliciSecilir'

2021-11-19 17:00:03 - [TEST_CASE][PASSED] - Test Cases/Olusturma/Genel/AliciSecilir: Test Cases/Olusturma/Genel/AliciSecilir

2021-11-19 17:00:03 - [TEST_STEP][PASSED] - click(findTestObject("Olusturma/Genel/AliciBilgisi/Alici_Ara")): Object: 'Object Repository/Olusturma/Genel/AliciBilgisi/Alici_Ara' is clicked on

2021-11-19 17:00:03 - [MESSAGE][INFO] - Finding Test Object 'Object Repository/Olusturma/Genel/AliciBilgisi/Alici_Ara'

2021-11-19 17:00:03 - [MESSAGE][INFO] - Checking object

2021-11-19 17:00:03 - [MESSAGE][INFO] - Finding web element from Test Object's properties

2021-11-19 17:00:03 - [MESSAGE][INFO] - Checking timeout

2021-11-19 17:00:03 - [MESSAGE][INFO] - Finding web element with id: 'Object Repository/Olusturma/Genel/AliciBilgisi/Alici_Ara' located by 'By.xpath: //td[@id='txtCustomerText_B-1']' in '30' second(s)

2021-11-19 17:00:03 - [MESSAGE][INFO] - Smart Wait Function is triggered

2021-11-19 17:00:04 - [MESSAGE][INFO] - Found 1 web elements with id: 'Object Repository/Olusturma/Genel/AliciBilgisi/Alici_Ara' located by 'By.xpath: //td[@id='txtCustomerText_B-1']' in '30' second(s)

2021-11-19 17:00:04 - [MESSAGE][INFO] - Clicking on object: 'Object Repository/Olusturma/Genel/AliciBilgisi/Alici_Ara'

2021-11-19 17:00:04 - [MESSAGE][PASSED] - Object: 'Object Repository/Olusturma/Genel/AliciBilgisi/Alici_Ara' is clicked on

2021-11-19 17:00:04 - [TEST_STEP][PASSED] - click(findTestObject("Olusturma/Genel/AliciBilgisi/Alici_Bilgisi")): Object: 'Object Repository/Olusturma/Genel/AliciBilgisi/Alici_Bilgisi' is clicked on

2021-11-19 17:00:04 - [MESSAGE][INFO] - Finding Test Object 'Object Repository/Olusturma/Genel/AliciBilgisi/Alici_Bilgisi'

2021-11-19 17:00:04 - [MESSAGE][INFO] - Checking object

2021-11-19 17:00:04 - [MESSAGE][INFO] - Finding web element from Test Object's properties

2021-11-19 17:00:04 - [MESSAGE][INFO] - Checking timeout

2021-11-19 17:00:04 - [MESSAGE][INFO] - Finding web element with id: 'Object Repository/Olusturma/Genel/AliciBilgisi/Alici_Bilgisi' located by 'By.xpath: //iframe[@id='customerselectiframe']' in '30' second(s)

2021-11-19 17:00:04 - [MESSAGE][INFO] - Smart Wait Function is triggered

2021-11-19 17:00:05 - [MESSAGE][INFO] - Found 1 web elements with id: 'Object Repository/Olusturma/Genel/AliciBilgisi/Alici_Bilgisi' located by 'By.xpath: //iframe[@id='customerselectiframe']' in '30' second(s)

2021-11-19 17:00:05 - [MESSAGE][INFO] - Clicking on object: 'Object Repository/Olusturma/Genel/AliciBilgisi/Alici_Bilgisi'

2021-11-19 17:00:05 - [MESSAGE][PASSED] - Object: 'Object Repository/Olusturma/Genel/AliciBilgisi/Alici_Bilgisi' is clicked on

2021-11-19 17:00:05 - [TEST_STEP][PASSED] - setText(findTestObject("Olusturma/Genel/AliciBilgisi/Alici_Gir"), Alici_Adi): Switching to default content

2021-11-19 17:00:05 - [MESSAGE][INFO] - Finding Test Object 'Object Repository/Olusturma/Genel/AliciBilgisi/Alici_Gir'

2021-11-19 17:00:05 - [MESSAGE][INFO] - Finding Test Object 'Object Repository/Olusturma/Genel/AliciBilgisi/Alici_Bilgisi'

2021-11-19 17:00:05 - [MESSAGE][INFO] - Checking object

2021-11-19 17:00:05 - [MESSAGE][INFO] - Checking text

2021-11-19 17:00:05 - [MESSAGE][INFO] - Object: 'Object Repository/Olusturma/Genel/AliciBilgisi/Alici_Gir' has parent object(s)

2021-11-19 17:00:05 - [MESSAGE][INFO] - Switching to iframe: 'Object Repository/Olusturma/Genel/AliciBilgisi/Alici_Bilgisi'

2021-11-19 17:00:05 - [MESSAGE][INFO] - Finding web element from Test Object's properties

2021-11-19 17:00:05 - [MESSAGE][INFO] - Checking timeout

2021-11-19 17:00:05 - [MESSAGE][INFO] - Finding web element with id: 'Object Repository/Olusturma/Genel/AliciBilgisi/Alici_Bilgisi' located by 'By.xpath: //iframe[@id='customerselectiframe']' in '30' second(s)

2021-11-19 17:00:05 - [MESSAGE][INFO] - Smart Wait Function is triggered

2021-11-19 17:00:05 - [MESSAGE][INFO] - Found 1 web elements with id: 'Object Repository/Olusturma/Genel/AliciBilgisi/Alici_Bilgisi' located by 'By.xpath: //iframe[@id='customerselectiframe']' in '30' second(s)

2021-11-19 17:00:05 - [MESSAGE][INFO] - Switched to iframe: 'Object Repository/Olusturma/Genel/AliciBilgisi/Alici_Bilgisi'

2021-11-19 17:00:05 - [MESSAGE][INFO] - Finding web element from Test Object's properties

2021-11-19 17:00:05 - [MESSAGE][INFO] - Checking timeout

2021-11-19 17:00:05 - [MESSAGE][INFO] - Finding web element with id: 'Object Repository/Olusturma/Genel/AliciBilgisi/Alici_Gir' located by 'By.xpath: //input[@id='GridViewCustomer_DXFREditorcol1_I']' in '30' second(s)

2021-11-19 17:00:05 - [MESSAGE][INFO] - Smart Wait Function is triggered

2021-11-19 17:00:05 - [MESSAGE][INFO] - Found 1 web elements with id: 'Object Repository/Olusturma/Genel/AliciBilgisi/Alici_Gir' located by 'By.xpath: //input[@id='GridViewCustomer_DXFREditorcol1_I']' in '30' second(s)

2021-11-19 17:00:05 - [MESSAGE][INFO] - Clearing text of object 'Object Repository/Olusturma/Genel/AliciBilgisi/Alici_Gir'

2021-11-19 17:00:05 - [MESSAGE][INFO] - Finding web element from Test Object's properties

2021-11-19 17:00:05 - [MESSAGE][INFO] - Checking timeout

2021-11-19 17:00:05 - [MESSAGE][INFO] - Finding web element with id: 'Object Repository/Olusturma/Genel/AliciBilgisi/Alici_Gir' located by 'By.xpath: //input[@id='GridViewCustomer_DXFREditorcol1_I']' in '30' second(s)

2021-11-19 17:00:05 - [MESSAGE][INFO] - Smart Wait Function is triggered

2021-11-19 17:00:05 - [MESSAGE][INFO] - Found 1 web elements with id: 'Object Repository/Olusturma/Genel/AliciBilgisi/Alici_Gir' located by 'By.xpath: //input[@id='GridViewCustomer_DXFREditorcol1_I']' in '30' second(s)

2021-11-19 17:00:05 - [MESSAGE][INFO] - Setting text of object 'Object Repository/Olusturma/Genel/AliciBilgisi/Alici_Gir' to value 'UC0007'

2021-11-19 17:00:06 - [MESSAGE][PASSED] - Text 'UC0007' is set on object 'Object Repository/Olusturma/Genel/AliciBilgisi/Alici_Gir'

2021-11-19 17:00:06 - [MESSAGE][INFO] - Switching to default content

2021-11-19 17:00:06 - [TEST_STEP][PASSED] - waitForElementClickable(findTestObject("Olusturma/Genel/AliciBilgisi/Alici_Adi"), 10): Switching to default content

2021-11-19 17:00:06 - [MESSAGE][INFO] - Finding Test Object 'Object Repository/Olusturma/Genel/AliciBilgisi/Alici_Adi'

2021-11-19 17:00:06 - [MESSAGE][INFO] - Finding Test Object 'Object Repository/Olusturma/Genel/AliciBilgisi/iframe_Alc Bilgisi_customerselectiframe'

2021-11-19 17:00:06 - [MESSAGE][INFO] - Checking object

2021-11-19 17:00:06 - [MESSAGE][INFO] - Checking timeout

2021-11-19 17:00:06 - [MESSAGE][INFO] - Object: 'Object Repository/Olusturma/Genel/AliciBilgisi/Alici_Adi' has parent object(s)

2021-11-19 17:00:06 - [MESSAGE][INFO] - Switching to iframe: 'Object Repository/Olusturma/Genel/AliciBilgisi/iframe_Alc Bilgisi_customerselectiframe'

2021-11-19 17:00:06 - [MESSAGE][INFO] - Finding web element from Test Object's properties

2021-11-19 17:00:06 - [MESSAGE][INFO] - Checking timeout

2021-11-19 17:00:06 - [MESSAGE][INFO] - Finding web element with id: 'Object Repository/Olusturma/Genel/AliciBilgisi/iframe_Alc Bilgisi_customerselectiframe' located by 'By.xpath: //iframe[@id='customerselectiframe']' in '10' second(s)

2021-11-19 17:00:06 - [MESSAGE][INFO] - Smart Wait Function is triggered

2021-11-19 17:00:06 - [MESSAGE][INFO] - Found 1 web elements with id: 'Object Repository/Olusturma/Genel/AliciBilgisi/iframe_Alc Bilgisi_customerselectiframe' located by 'By.xpath: //iframe[@id='customerselectiframe']' in '10' second(s)

2021-11-19 17:00:06 - [MESSAGE][INFO] - Switched to iframe: 'Object Repository/Olusturma/Genel/AliciBilgisi/iframe_Alc Bilgisi_customerselectiframe'

2021-11-19 17:00:06 - [MESSAGE][INFO] - Finding web element from Test Object's properties

2021-11-19 17:00:06 - [MESSAGE][INFO] - Checking timeout

2021-11-19 17:00:06 - [MESSAGE][INFO] - Finding web element with id: 'Object Repository/Olusturma/Genel/AliciBilgisi/Alici_Adi' located by 'By.xpath: //tr[@id='GridViewCustomer_DXDataRow0']/td[2]' in '10' second(s)

2021-11-19 17:00:06 - [MESSAGE][INFO] - Smart Wait Function is triggered

2021-11-19 17:00:06 - [MESSAGE][INFO] - Found 1 web elements with id: 'Object Repository/Olusturma/Genel/AliciBilgisi/Alici_Adi' located by 'By.xpath: //tr[@id='GridViewCustomer_DXDataRow0']/td[2]' in '10' second(s)

2021-11-19 17:00:06 - [MESSAGE][PASSED] - Object 'Object Repository/Olusturma/Genel/AliciBilgisi/Alici_Adi' is clickable

2021-11-19 17:00:06 - [MESSAGE][INFO] - Switching to default content

2021-11-19 17:00:06 - [TEST_STEP][PASSED] - click(findTestObject("Olusturma/Genel/AliciBilgisi/frame")): Switching to default content

2021-11-19 17:00:06 - [MESSAGE][INFO] - Finding Test Object 'Object Repository/Olusturma/Genel/AliciBilgisi/frame'

2021-11-19 17:00:06 - [MESSAGE][INFO] - Finding Test Object 'Object Repository/Olusturma/Genel/AliciBilgisi/iframe_Alc Bilgisi_customerselectiframe'

2021-11-19 17:00:06 - [MESSAGE][INFO] - Checking object

2021-11-19 17:00:06 - [MESSAGE][INFO] - Object: 'Object Repository/Olusturma/Genel/AliciBilgisi/frame' has parent object(s)

2021-11-19 17:00:06 - [MESSAGE][INFO] - Switching to iframe: 'Object Repository/Olusturma/Genel/AliciBilgisi/iframe_Alc Bilgisi_customerselectiframe'

2021-11-19 17:00:06 - [MESSAGE][INFO] - Finding web element from Test Object's properties

2021-11-19 17:00:06 - [MESSAGE][INFO] - Checking timeout

2021-11-19 17:00:06 - [MESSAGE][INFO] - Finding web element with id: 'Object Repository/Olusturma/Genel/AliciBilgisi/iframe_Alc Bilgisi_customerselectiframe' located by 'By.xpath: //iframe[@id='customerselectiframe']' in '30' second(s)

2021-11-19 17:00:06 - [MESSAGE][INFO] - Smart Wait Function is triggered

2021-11-19 17:00:07 - [MESSAGE][INFO] - Found 1 web elements with id: 'Object Repository/Olusturma/Genel/AliciBilgisi/iframe_Alc Bilgisi_customerselectiframe' located by 'By.xpath: //iframe[@id='customerselectiframe']' in '30' second(s)

2021-11-19 17:00:07 - [MESSAGE][INFO] - Switched to iframe: 'Object Repository/Olusturma/Genel/AliciBilgisi/iframe_Alc Bilgisi_customerselectiframe'

2021-11-19 17:00:07 - [MESSAGE][INFO] - Finding web element from Test Object's properties

2021-11-19 17:00:07 - [MESSAGE][INFO] - Checking timeout

2021-11-19 17:00:07 - [MESSAGE][INFO] - Finding web element with id: 'Object Repository/Olusturma/Genel/AliciBilgisi/frame' located by 'By.xpath: //*/text()[normalize-space(.)='']/parent::*' in '30' second(s)

2021-11-19 17:00:07 - [MESSAGE][INFO] - Smart Wait Function is triggered

2021-11-19 17:00:07 - [MESSAGE][INFO] - Found 66 web elements with id: 'Object Repository/Olusturma/Genel/AliciBilgisi/frame' located by 'By.xpath: //*/text()[normalize-space(.)='']/parent::*' in '30' second(s)

2021-11-19 17:00:07 - [MESSAGE][INFO] - Clicking on object: 'Object Repository/Olusturma/Genel/AliciBilgisi/frame'

2021-11-19 17:00:07 - [MESSAGE][PASSED] - Object: 'Object Repository/Olusturma/Genel/AliciBilgisi/frame' is clicked on

2021-11-19 17:00:07 - [MESSAGE][INFO] - Switching to default content

2021-11-19 17:00:07 - [TEST_STEP][PASSED] - click(findTestObject("Olusturma/Genel/AliciBilgisi/Alici_Adi")): Switching to default content

2021-11-19 17:00:07 - [MESSAGE][INFO] - Finding Test Object 'Object Repository/Olusturma/Genel/AliciBilgisi/Alici_Adi'

2021-11-19 17:00:07 - [MESSAGE][INFO] - Finding Test Object 'Object Repository/Olusturma/Genel/AliciBilgisi/iframe_Alc Bilgisi_customerselectiframe'

2021-11-19 17:00:07 - [MESSAGE][INFO] - Checking object

2021-11-19 17:00:07 - [MESSAGE][INFO] - Object: 'Object Repository/Olusturma/Genel/AliciBilgisi/Alici_Adi' has parent object(s)

2021-11-19 17:00:07 - [MESSAGE][INFO] - Switching to iframe: 'Object Repository/Olusturma/Genel/AliciBilgisi/iframe_Alc Bilgisi_customerselectiframe'

2021-11-19 17:00:07 - [MESSAGE][INFO] - Finding web element from Test Object's properties

2021-11-19 17:00:07 - [MESSAGE][INFO] - Checking timeout

2021-11-19 17:00:07 - [MESSAGE][INFO] - Finding web element with id: 'Object Repository/Olusturma/Genel/AliciBilgisi/iframe_Alc Bilgisi_customerselectiframe' located by 'By.xpath: //iframe[@id='customerselectiframe']' in '30' second(s)

2021-11-19 17:00:07 - [MESSAGE][INFO] - Smart Wait Function is triggered

2021-11-19 17:00:07 - [MESSAGE][INFO] - Found 1 web elements with id: 'Object Repository/Olusturma/Genel/AliciBilgisi/iframe_Alc Bilgisi_customerselectiframe' located by 'By.xpath: //iframe[@id='customerselectiframe']' in '30' second(s)

2021-11-19 17:00:07 - [MESSAGE][INFO] - Switched to iframe: 'Object Repository/Olusturma/Genel/AliciBilgisi/iframe_Alc Bilgisi_customerselectiframe'

2021-11-19 17:00:07 - [MESSAGE][INFO] - Finding web element from Test Object's properties

2021-11-19 17:00:07 - [MESSAGE][INFO] - Checking timeout

2021-11-19 17:00:07 - [MESSAGE][INFO] - Finding web element with id: 'Object Repository/Olusturma/Genel/AliciBilgisi/Alici_Adi' located by 'By.xpath: //tr[@id='GridViewCustomer_DXDataRow0']/td[2]' in '30' second(s)

2021-11-19 17:00:07 - [MESSAGE][INFO] - Smart Wait Function is triggered

2021-11-19 17:00:07 - [MESSAGE][INFO] - Found 1 web elements with id: 'Object Repository/Olusturma/Genel/AliciBilgisi/Alici_Adi' located by 'By.xpath: //tr[@id='GridViewCustomer_DXDataRow0']/td[2]' in '30' second(s)

2021-11-19 17:00:07 - [MESSAGE][INFO] - Clicking on object: 'Object Repository/Olusturma/Genel/AliciBilgisi/Alici_Adi'

2021-11-19 17:00:08 - [MESSAGE][PASSED] - Object: 'Object Repository/Olusturma/Genel/AliciBilgisi/Alici_Adi' is clicked on

2021-11-19 17:00:08 - [MESSAGE][INFO] - Switching to default content

2021-11-19 17:00:08 - [TEST_STEP][PASSED] - click(findTestObject("Olusturma/Genel/AliciBilgisi/Tamam_Bosluk")): Switching to default content

2021-11-19 17:00:08 - [MESSAGE][INFO] - Finding Test Object 'Object Repository/Olusturma/Genel/AliciBilgisi/Tamam_Bosluk'

2021-11-19 17:00:08 - [MESSAGE][INFO] - Finding Test Object 'Object Repository/Olusturma/Genel/AliciBilgisi/Alici_Bilgisi'

2021-11-19 17:00:08 - [MESSAGE][INFO] - Checking object

2021-11-19 17:00:08 - [MESSAGE][INFO] - Object: 'Object Repository/Olusturma/Genel/AliciBilgisi/Tamam_Bosluk' has parent object(s)

2021-11-19 17:00:08 - [MESSAGE][INFO] - Switching to iframe: 'Object Repository/Olusturma/Genel/AliciBilgisi/Alici_Bilgisi'

2021-11-19 17:00:08 - [MESSAGE][INFO] - Finding web element from Test Object's properties

2021-11-19 17:00:08 - [MESSAGE][INFO] - Checking timeout

2021-11-19 17:00:08 - [MESSAGE][INFO] - Finding web element with id: 'Object Repository/Olusturma/Genel/AliciBilgisi/Alici_Bilgisi' located by 'By.xpath: //iframe[@id='customerselectiframe']' in '30' second(s)

2021-11-19 17:00:08 - [MESSAGE][INFO] - Smart Wait Function is triggered

2021-11-19 17:00:08 - [MESSAGE][INFO] - Found 1 web elements with id: 'Object Repository/Olusturma/Genel/AliciBilgisi/Alici_Bilgisi' located by 'By.xpath: //iframe[@id='customerselectiframe']' in '30' second(s)

2021-11-19 17:00:08 - [MESSAGE][INFO] - Switched to iframe: 'Object Repository/Olusturma/Genel/AliciBilgisi/Alici_Bilgisi'

2021-11-19 17:00:08 - [MESSAGE][INFO] - Finding web element from Test Object's properties

2021-11-19 17:00:08 - [MESSAGE][INFO] - Checking timeout

2021-11-19 17:00:08 - [MESSAGE][INFO] - Finding web element with id: 'Object Repository/Olusturma/Genel/AliciBilgisi/Tamam_Bosluk' located by 'By.xpath: (.//*[normalize-space(text()) and normalize-space(.)='Sayfa Boyutu:'])[1]/following::div[7]' in '30' second(s)

2021-11-19 17:00:08 - [MESSAGE][INFO] - Smart Wait Function is triggered

2021-11-19 17:00:08 - [MESSAGE][INFO] - Found 1 web elements with id: 'Object Repository/Olusturma/Genel/AliciBilgisi/Tamam_Bosluk' located by 'By.xpath: (.//*[normalize-space(text()) and normalize-space(.)='Sayfa Boyutu:'])[1]/following::div[7]' in '30' second(s)

2021-11-19 17:00:08 - [MESSAGE][INFO] - Clicking on object: 'Object Repository/Olusturma/Genel/AliciBilgisi/Tamam_Bosluk'

2021-11-19 17:00:08 - [MESSAGE][PASSED] - Object: 'Object Repository/Olusturma/Genel/AliciBilgisi/Tamam_Bosluk' is clicked on

2021-11-19 17:00:08 - [MESSAGE][INFO] - Switching to default content

2021-11-19 17:00:08 - [TEST_STEP][PASSED] - waitForElementClickable(findTestObject("Olusturma/Genel/AliciBilgisi/Tamam_Butonu"), 10): Switching to default content

2021-11-19 17:00:08 - [MESSAGE][INFO] - Finding Test Object 'Object Repository/Olusturma/Genel/AliciBilgisi/Tamam_Butonu'

2021-11-19 17:00:08 - [MESSAGE][INFO] - Finding Test Object 'Object Repository/Olusturma/Genel/AliciBilgisi/Alici_Bilgisi'

2021-11-19 17:00:09 - [MESSAGE][INFO] - Checking object

2021-11-19 17:00:09 - [MESSAGE][INFO] - Checking timeout

2021-11-19 17:00:09 - [MESSAGE][INFO] - Object: 'Object Repository/Olusturma/Genel/AliciBilgisi/Tamam_Butonu' has parent object(s)

2021-11-19 17:00:09 - [MESSAGE][INFO] - Switching to iframe: 'Object Repository/Olusturma/Genel/AliciBilgisi/Alici_Bilgisi'

2021-11-19 17:00:09 - [MESSAGE][INFO] - Finding web element from Test Object's properties

2021-11-19 17:00:09 - [MESSAGE][INFO] - Checking timeout

2021-11-19 17:00:09 - [MESSAGE][INFO] - Finding web element with id: 'Object Repository/Olusturma/Genel/AliciBilgisi/Alici_Bilgisi' located by 'By.xpath: //iframe[@id='customerselectiframe']' in '10' second(s)

2021-11-19 17:00:09 - [MESSAGE][INFO] - Smart Wait Function is triggered

2021-11-19 17:00:09 - [MESSAGE][INFO] - Found 1 web elements with id: 'Object Repository/Olusturma/Genel/AliciBilgisi/Alici_Bilgisi' located by 'By.xpath: //iframe[@id='customerselectiframe']' in '10' second(s)

2021-11-19 17:00:09 - [MESSAGE][INFO] - Switched to iframe: 'Object Repository/Olusturma/Genel/AliciBilgisi/Alici_Bilgisi'

2021-11-19 17:00:09 - [MESSAGE][INFO] - Finding web element from Test Object's properties

2021-11-19 17:00:09 - [MESSAGE][INFO] - Checking timeout

2021-11-19 17:00:09 - [MESSAGE][INFO] - Finding web element with id: 'Object Repository/Olusturma/Genel/AliciBilgisi/Tamam_Butonu' located by 'By.xpath: //div[@id='btnSelectCustomer_CD']/span' in '10' second(s)

2021-11-19 17:00:09 - [MESSAGE][INFO] - Smart Wait Function is triggered

2021-11-19 17:00:09 - [MESSAGE][INFO] - Found 1 web elements with id: 'Object Repository/Olusturma/Genel/AliciBilgisi/Tamam_Butonu' located by 'By.xpath: //div[@id='btnSelectCustomer_CD']/span' in '10' second(s)

2021-11-19 17:00:09 - [MESSAGE][PASSED] - Object 'Object Repository/Olusturma/Genel/AliciBilgisi/Tamam_Butonu' is clickable

2021-11-19 17:00:09 - [MESSAGE][INFO] - Switching to default content

2021-11-19 17:00:09 - [TEST_STEP][PASSED] - click(findTestObject("Olusturma/Genel/AliciBilgisi/Tamam_Butonu")): Switching to default content

2021-11-19 17:00:09 - [MESSAGE][INFO] - Finding Test Object 'Object Repository/Olusturma/Genel/AliciBilgisi/Tamam_Butonu'

2021-11-19 17:00:09 - [MESSAGE][INFO] - Finding Test Object 'Object Repository/Olusturma/Genel/AliciBilgisi/Alici_Bilgisi'

2021-11-19 17:00:09 - [MESSAGE][INFO] - Checking object

2021-11-19 17:00:09 - [MESSAGE][INFO] - Object: 'Object Repository/Olusturma/Genel/AliciBilgisi/Tamam_Butonu' has parent object(s)

2021-11-19 17:00:09 - [MESSAGE][INFO] - Switching to iframe: 'Object Repository/Olusturma/Genel/AliciBilgisi/Alici_Bilgisi'

2021-11-19 17:00:09 - [MESSAGE][INFO] - Finding web element from Test Object's properties

2021-11-19 17:00:09 - [MESSAGE][INFO] - Checking timeout

2021-11-19 17:00:09 - [MESSAGE][INFO] - Finding web element with id: 'Object Repository/Olusturma/Genel/AliciBilgisi/Alici_Bilgisi' located by 'By.xpath: //iframe[@id='customerselectiframe']' in '30' second(s)

2021-11-19 17:00:09 - [MESSAGE][INFO] - Smart Wait Function is triggered

2021-11-19 17:00:09 - [MESSAGE][INFO] - Found 1 web elements with id: 'Object Repository/Olusturma/Genel/AliciBilgisi/Alici_Bilgisi' located by 'By.xpath: //iframe[@id='customerselectiframe']' in '30' second(s)

2021-11-19 17:00:10 - [MESSAGE][INFO] - Switched to iframe: 'Object Repository/Olusturma/Genel/AliciBilgisi/Alici_Bilgisi'

2021-11-19 17:00:10 - [MESSAGE][INFO] - Finding web element from Test Object's properties

2021-11-19 17:00:10 - [MESSAGE][INFO] - Checking timeout

2021-11-19 17:00:10 - [MESSAGE][INFO] - Finding web element with id: 'Object Repository/Olusturma/Genel/AliciBilgisi/Tamam_Butonu' located by 'By.xpath: //div[@id='btnSelectCustomer_CD']/span' in '30' second(s)

2021-11-19 17:00:10 - [MESSAGE][INFO] - Smart Wait Function is triggered

2021-11-19 17:00:10 - [MESSAGE][INFO] - Found 1 web elements with id: 'Object Repository/Olusturma/Genel/AliciBilgisi/Tamam_Butonu' located by 'By.xpath: //div[@id='btnSelectCustomer_CD']/span' in '30' second(s)

2021-11-19 17:00:10 - [MESSAGE][INFO] - Clicking on object: 'Object Repository/Olusturma/Genel/AliciBilgisi/Tamam_Butonu'

2021-11-19 17:00:10 - [MESSAGE][PASSED] - Object: 'Object Repository/Olusturma/Genel/AliciBilgisi/Tamam_Butonu' is clicked on

2021-11-19 17:00:10 - [MESSAGE][INFO] - Switching to default content

2021-11-19 17:00:10 - [TEST_STEP][PASSED] - waitForElementPresent(findTestObject("Olusturma/Genel/AliciBilgisi/VKN-TCKN"), 10): Object 'Object Repository/Olusturma/Genel/AliciBilgisi/VKN-TCKN' is present

2021-11-19 17:00:10 - [MESSAGE][INFO] - Finding Test Object 'Object Repository/Olusturma/Genel/AliciBilgisi/VKN-TCKN'

2021-11-19 17:00:10 - [MESSAGE][INFO] - Checking object

2021-11-19 17:00:10 - [MESSAGE][INFO] - Finding web element from Test Object's properties

2021-11-19 17:00:10 - [MESSAGE][INFO] - Checking timeout

2021-11-19 17:00:10 - [MESSAGE][INFO] - Finding web element with id: 'Object Repository/Olusturma/Genel/AliciBilgisi/VKN-TCKN' located by 'By.xpath: //*[@id = 'txtVknTckn_I']' in '10' second(s)

2021-11-19 17:00:10 - [MESSAGE][INFO] - Smart Wait Function is triggered

2021-11-19 17:00:11 - [MESSAGE][INFO] - Found 1 web elements with id: 'Object Repository/Olusturma/Genel/AliciBilgisi/VKN-TCKN' located by 'By.xpath: //*[@id = 'txtVknTckn_I']' in '10' second(s)

2021-11-19 17:00:11 - [MESSAGE][PASSED] - Object 'Object Repository/Olusturma/Genel/AliciBilgisi/VKN-TCKN' is present

2021-11-19 17:00:11 - [TEST_STEP][PASSED] - text = getAttribute(findTestObject("Olusturma/Genel/AliciBilgisi/VKN-TCKN"), "value"): Attribute 'value' of object 'Object Repository/Olusturma/Genel/AliciBilgisi/VKN-TCKN' is: '5328391866'

2021-11-19 17:00:11 - [MESSAGE][INFO] - Finding Test Object 'Object Repository/Olusturma/Genel/AliciBilgisi/VKN-TCKN'

2021-11-19 17:00:11 - [MESSAGE][INFO] - Checking object

2021-11-19 17:00:11 - [MESSAGE][INFO] - Checking attribute

2021-11-19 17:00:11 - [MESSAGE][INFO] - Finding web element from Test Object's properties

2021-11-19 17:00:11 - [MESSAGE][INFO] - Checking timeout

2021-11-19 17:00:11 - [MESSAGE][INFO] - Finding web element with id: 'Object Repository/Olusturma/Genel/AliciBilgisi/VKN-TCKN' located by 'By.xpath: //*[@id = 'txtVknTckn_I']' in '30' second(s)

2021-11-19 17:00:11 - [MESSAGE][INFO] - Smart Wait Function is triggered

2021-11-19 17:00:11 - [MESSAGE][INFO] - Found 1 web elements with id: 'Object Repository/Olusturma/Genel/AliciBilgisi/VKN-TCKN' located by 'By.xpath: //*[@id = 'txtVknTckn_I']' in '30' second(s)

2021-11-19 17:00:11 - [MESSAGE][INFO] - Getting attribute 'value' of object 'Object Repository/Olusturma/Genel/AliciBilgisi/VKN-TCKN'

2021-11-19 17:00:11 - [MESSAGE][PASSED] - Attribute 'value' of object 'Object Repository/Olusturma/Genel/AliciBilgisi/VKN-TCKN' is: '5328391866'

2021-11-19 17:00:11 - [TEST_STEP][PASSED] - if (text.equals("")): null

2021-11-19 17:00:11 - [MESSAGE][PASSED] - Call Test Case 'Test Cases/Olusturma/Genel/AliciSecilir' successfully

2021-11-19 17:00:11 - [MESSAGE][INFO] - Checking called Test Case

2021-11-19 17:00:11 - [MESSAGE][INFO] - Starting to call Test Case 'Test Cases/Olusturma/Genel/GonderimSekliSecilir'

2021-11-19 17:00:11 - [TEST_CASE][PASSED] - Test Cases/Olusturma/Genel/GonderimSekliSecilir: Test Cases/Olusturma/Genel/GonderimSekliSecilir

2021-11-19 17:00:11 - [TEST_STEP][PASSED] - waitForElementClickable(findTestObject("Object Repository/Olusturma/Genel/GonderimSekli/GonderimSekli"), 10): Object 'Object Repository/Olusturma/Genel/GonderimSekli/GonderimSekli' is clickable

2021-11-19 17:00:11 - [MESSAGE][INFO] - Finding Test Object 'Object Repository/Olusturma/Genel/GonderimSekli/GonderimSekli'

2021-11-19 17:00:12 - [MESSAGE][INFO] - Checking object

2021-11-19 17:00:12 - [MESSAGE][INFO] - Checking timeout

2021-11-19 17:00:12 - [MESSAGE][INFO] - Finding web element from Test Object's properties

2021-11-19 17:00:12 - [MESSAGE][INFO] - Checking timeout

2021-11-19 17:00:12 - [MESSAGE][INFO] - Finding web element with id: 'Object Repository/Olusturma/Genel/GonderimSekli/GonderimSekli' located by 'By.xpath: //*[@id = 'txtGonderimSekil_I']' in '10' second(s)

2021-11-19 17:00:12 - [MESSAGE][INFO] - Smart Wait Function is triggered

2021-11-19 17:00:12 - [MESSAGE][INFO] - Found 1 web elements with id: 'Object Repository/Olusturma/Genel/GonderimSekli/GonderimSekli' located by 'By.xpath: //*[@id = 'txtGonderimSekil_I']' in '10' second(s)

2021-11-19 17:00:12 - [MESSAGE][PASSED] - Object 'Object Repository/Olusturma/Genel/GonderimSekli/GonderimSekli' is clickable

2021-11-19 17:00:12 - [TEST_STEP][PASSED] - click(findTestObject("Object Repository/Olusturma/Genel/GonderimSekli/GonderimSekli")): Object: 'Object Repository/Olusturma/Genel/GonderimSekli/GonderimSekli' is clicked on

2021-11-19 17:00:12 - [MESSAGE][INFO] - Finding Test Object 'Object Repository/Olusturma/Genel/GonderimSekli/GonderimSekli'

2021-11-19 17:00:12 - [MESSAGE][INFO] - Checking object

2021-11-19 17:00:12 - [MESSAGE][INFO] - Finding web element from Test Object's properties

2021-11-19 17:00:12 - [MESSAGE][INFO] - Checking timeout

2021-11-19 17:00:12 - [MESSAGE][INFO] - Finding web element with id: 'Object Repository/Olusturma/Genel/GonderimSekli/GonderimSekli' located by 'By.xpath: //*[@id = 'txtGonderimSekil_I']' in '30' second(s)

2021-11-19 17:00:12 - [MESSAGE][INFO] - Smart Wait Function is triggered

2021-11-19 17:00:12 - [MESSAGE][INFO] - Found 1 web elements with id: 'Object Repository/Olusturma/Genel/GonderimSekli/GonderimSekli' located by 'By.xpath: //*[@id = 'txtGonderimSekil_I']' in '30' second(s)

2021-11-19 17:00:12 - [MESSAGE][INFO] - Clicking on object: 'Object Repository/Olusturma/Genel/GonderimSekli/GonderimSekli'

2021-11-19 17:00:12 - [MESSAGE][PASSED] - Object: 'Object Repository/Olusturma/Genel/GonderimSekli/GonderimSekli' is clicked on

2021-11-19 17:00:12 - [TEST_STEP][PASSED] - Method.TextDegerineEsitElementeTikla(findTestObject("Object Repository/Olusturma/Genel/GonderimSekli/GonderimSekliAdi"), GonderimSekli): Method.TextDegerineEsitElementeTikla is PASSED

2021-11-19 17:00:12 - [MESSAGE][INFO] - Finding Test Object 'Object Repository/Olusturma/Genel/GonderimSekli/GonderimSekliAdi'

2021-11-19 17:00:12 - [MESSAGE][INFO] - Checking timeout

2021-11-19 17:00:12 - [MESSAGE][INFO] - Finding web element with id: 'Object Repository/Olusturma/Genel/GonderimSekli/GonderimSekliAdi' located by 'By.cssSelector: #txtGonderimSekil_DDD_L_LBT td' in '10' second(s)

2021-11-19 17:00:12 - [MESSAGE][INFO] - Smart Wait Function is triggered

2021-11-19 17:00:13 - [MESSAGE][INFO] - Found 2 web elements with id: 'Object Repository/Olusturma/Genel/GonderimSekli/GonderimSekliAdi' located by 'By.cssSelector: #txtGonderimSekil_DDD_L_LBT td' in '10' second(s)

2021-11-19 17:00:13 - [MESSAGE][PASSED] - Method.TextDegerineEsitElementeTikla is PASSED

2021-11-19 17:00:13 - [MESSAGE][PASSED] - Call Test Case 'Test Cases/Olusturma/Genel/GonderimSekliSecilir' successfully

2021-11-19 17:00:13 - [MESSAGE][INFO] - Checking called Test Case

2021-11-19 17:00:13 - [MESSAGE][INFO] - Starting to call Test Case 'Test Cases/Olusturma/Genel/TipSecilir'

2021-11-19 17:00:13 - [TEST_CASE][PASSED] - Test Cases/Olusturma/Genel/TipSecilir: Test Cases/Olusturma/Genel/TipSecilir

2021-11-19 17:00:13 - [TEST_STEP][PASSED] - waitForElementClickable(findTestObject("Olusturma/Genel/TipSecilir/Tip"), 10): Object 'Object Repository/Olusturma/Genel/TipSecilir/Tip' is clickable

2021-11-19 17:00:13 - [MESSAGE][INFO] - Finding Test Object 'Object Repository/Olusturma/Genel/TipSecilir/Tip'

2021-11-19 17:00:13 - [MESSAGE][INFO] - Checking object

2021-11-19 17:00:13 - [MESSAGE][INFO] - Checking timeout

2021-11-19 17:00:13 - [MESSAGE][INFO] - Finding web element from Test Object's properties

2021-11-19 17:00:13 - [MESSAGE][INFO] - Checking timeout

2021-11-19 17:00:13 - [MESSAGE][INFO] - Finding web element with id: 'Object Repository/Olusturma/Genel/TipSecilir/Tip' located by 'By.xpath: //*[@id = 'DocumentTypeCode_I']' in '10' second(s)

2021-11-19 17:00:13 - [MESSAGE][INFO] - Smart Wait Function is triggered

2021-11-19 17:00:14 - [MESSAGE][INFO] - Found 1 web elements with id: 'Object Repository/Olusturma/Genel/TipSecilir/Tip' located by 'By.xpath: //*[@id = 'DocumentTypeCode_I']' in '10' second(s)

2021-11-19 17:00:14 - [MESSAGE][PASSED] - Object 'Object Repository/Olusturma/Genel/TipSecilir/Tip' is clickable

2021-11-19 17:00:14 - [TEST_STEP][PASSED] - click(findTestObject("Olusturma/Genel/TipSecilir/Tip")): Object: 'Object Repository/Olusturma/Genel/TipSecilir/Tip' is clicked on

2021-11-19 17:00:14 - [MESSAGE][INFO] - Finding Test Object 'Object Repository/Olusturma/Genel/TipSecilir/Tip'

2021-11-19 17:00:14 - [MESSAGE][INFO] - Checking object

2021-11-19 17:00:14 - [MESSAGE][INFO] - Finding web element from Test Object's properties

2021-11-19 17:00:14 - [MESSAGE][INFO] - Checking timeout

2021-11-19 17:00:14 - [MESSAGE][INFO] - Finding web element with id: 'Object Repository/Olusturma/Genel/TipSecilir/Tip' located by 'By.xpath: //*[@id = 'DocumentTypeCode_I']' in '30' second(s)

2021-11-19 17:00:14 - [MESSAGE][INFO] - Smart Wait Function is triggered

2021-11-19 17:00:14 - [MESSAGE][INFO] - Found 1 web elements with id: 'Object Repository/Olusturma/Genel/TipSecilir/Tip' located by 'By.xpath: //*[@id = 'DocumentTypeCode_I']' in '30' second(s)

2021-11-19 17:00:14 - [MESSAGE][INFO] - Clicking on object: 'Object Repository/Olusturma/Genel/TipSecilir/Tip'

2021-11-19 17:00:14 - [MESSAGE][PASSED] - Object: 'Object Repository/Olusturma/Genel/TipSecilir/Tip' is clicked on

2021-11-19 17:00:14 - [TEST_STEP][PASSED] - Method.TextDegerineEsitElementeTikla(findTestObject("Object Repository/Olusturma/Genel/TipSecilir/Tip_Adi"), Tip): Method.TextDegerineEsitElementeTikla is PASSED

2021-11-19 17:00:14 - [MESSAGE][INFO] - Finding Test Object 'Object Repository/Olusturma/Genel/TipSecilir/Tip_Adi'

2021-11-19 17:00:14 - [MESSAGE][INFO] - Checking timeout

2021-11-19 17:00:14 - [MESSAGE][INFO] - Finding web element with id: 'Object Repository/Olusturma/Genel/TipSecilir/Tip_Adi' located by 'By.cssSelector: #DocumentTypeCode_DDD_L_LBT td' in '10' second(s)

2021-11-19 17:00:14 - [MESSAGE][INFO] - Smart Wait Function is triggered

2021-11-19 17:00:15 - [MESSAGE][INFO] - Found 9 web elements with id: 'Object Repository/Olusturma/Genel/TipSecilir/Tip_Adi' located by 'By.cssSelector: #DocumentTypeCode_DDD_L_LBT td' in '10' second(s)

2021-11-19 17:00:15 - [MESSAGE][PASSED] - Method.TextDegerineEsitElementeTikla is PASSED

2021-11-19 17:00:15 - [MESSAGE][PASSED] - Call Test Case 'Test Cases/Olusturma/Genel/TipSecilir' successfully

2021-11-19 17:00:15 - [MESSAGE][INFO] - Checking called Test Case

2021-11-19 17:00:15 - [MESSAGE][INFO] - Starting to call Test Case 'Test Cases/Olusturma/Genel/DokumanParaBirimiSecilir'

2021-11-19 17:00:15 - [TEST_CASE][PASSED] - Test Cases/Olusturma/Genel/DokumanParaBirimiSecilir: Test Cases/Olusturma/Genel/DokumanParaBirimiSecilir

2021-11-19 17:00:15 - [TEST_STEP][PASSED] - waitForElementClickable(findTestObject("Object Repository/Olusturma/Genel/DokumanParaBirimiSecilir/Para"), 10): Object 'Object Repository/Olusturma/Genel/DokumanParaBirimiSecilir/Para' is clickable

2021-11-19 17:00:15 - [MESSAGE][INFO] - Finding Test Object 'Object Repository/Olusturma/Genel/DokumanParaBirimiSecilir/Para'

2021-11-19 17:00:15 - [MESSAGE][INFO] - Checking object

2021-11-19 17:00:15 - [MESSAGE][INFO] - Checking timeout

2021-11-19 17:00:15 - [MESSAGE][INFO] - Finding web element from Test Object's properties

2021-11-19 17:00:15 - [MESSAGE][INFO] - Checking timeout

2021-11-19 17:00:15 - [MESSAGE][INFO] - Finding web element with id: 'Object Repository/Olusturma/Genel/DokumanParaBirimiSecilir/Para' located by 'By.xpath: //*[@id = 'CurrencyUnit_I']' in '10' second(s)

2021-11-19 17:00:15 - [MESSAGE][INFO] - Smart Wait Function is triggered

2021-11-19 17:00:15 - [MESSAGE][INFO] - Found 1 web elements with id: 'Object Repository/Olusturma/Genel/DokumanParaBirimiSecilir/Para' located by 'By.xpath: //*[@id = 'CurrencyUnit_I']' in '10' second(s)

2021-11-19 17:00:15 - [MESSAGE][PASSED] - Object 'Object Repository/Olusturma/Genel/DokumanParaBirimiSecilir/Para' is clickable

2021-11-19 17:00:15 - [TEST_STEP][PASSED] - click(findTestObject("Object Repository/Olusturma/Genel/DokumanParaBirimiSecilir/Para")): Object: 'Object Repository/Olusturma/Genel/DokumanParaBirimiSecilir/Para' is clicked on

2021-11-19 17:00:15 - [MESSAGE][INFO] - Finding Test Object 'Object Repository/Olusturma/Genel/DokumanParaBirimiSecilir/Para'

2021-11-19 17:00:15 - [MESSAGE][INFO] - Checking object

2021-11-19 17:00:15 - [MESSAGE][INFO] - Finding web element from Test Object's properties

2021-11-19 17:00:15 - [MESSAGE][INFO] - Checking timeout

2021-11-19 17:00:15 - [MESSAGE][INFO] - Finding web element with id: 'Object Repository/Olusturma/Genel/DokumanParaBirimiSecilir/Para' located by 'By.xpath: //*[@id = 'CurrencyUnit_I']' in '30' second(s)

2021-11-19 17:00:15 - [MESSAGE][INFO] - Smart Wait Function is triggered

2021-11-19 17:00:15 - [MESSAGE][INFO] - Found 1 web elements with id: 'Object Repository/Olusturma/Genel/DokumanParaBirimiSecilir/Para' located by 'By.xpath: //*[@id = 'CurrencyUnit_I']' in '30' second(s)

2021-11-19 17:00:15 - [MESSAGE][INFO] - Clicking on object: 'Object Repository/Olusturma/Genel/DokumanParaBirimiSecilir/Para'

2021-11-19 17:00:16 - [MESSAGE][PASSED] - Object: 'Object Repository/Olusturma/Genel/DokumanParaBirimiSecilir/Para' is clicked on

2021-11-19 17:00:16 - [TEST_STEP][PASSED] - Method.TextDegerineEsitElementeTikla(findTestObject("Object Repository/Olusturma/Genel/DokumanParaBirimiSecilir/Para_Adi"), Para): Method.TextDegerineEsitElementeTikla is PASSED

2021-11-19 17:00:16 - [MESSAGE][INFO] - Finding Test Object 'Object Repository/Olusturma/Genel/DokumanParaBirimiSecilir/Para_Adi'

2021-11-19 17:00:16 - [MESSAGE][INFO] - Checking timeout

2021-11-19 17:00:16 - [MESSAGE][INFO] - Finding web element with id: 'Object Repository/Olusturma/Genel/DokumanParaBirimiSecilir/Para_Adi' located by 'By.cssSelector: #CurrencyUnit_DDD_L_LBT td' in '10' second(s)

2021-11-19 17:00:16 - [MESSAGE][INFO] - Smart Wait Function is triggered

2021-11-19 17:00:16 - [MESSAGE][INFO] - Found 203 web elements with id: 'Object Repository/Olusturma/Genel/DokumanParaBirimiSecilir/Para_Adi' located by 'By.cssSelector: #CurrencyUnit_DDD_L_LBT td' in '10' second(s)

2021-11-19 17:00:21 - [MESSAGE][PASSED] - Method.TextDegerineEsitElementeTikla is PASSED

2021-11-19 17:00:21 - [MESSAGE][PASSED] - Call Test Case 'Test Cases/Olusturma/Genel/DokumanParaBirimiSecilir' successfully

2021-11-19 17:00:21 - [MESSAGE][INFO] - Checking called Test Case

2021-11-19 17:00:21 - [MESSAGE][INFO] - Starting to call Test Case 'Test Cases/Olusturma/Genel/OnEkSecilir'

2021-11-19 17:00:21 - [TEST_CASE][PASSED] - Test Cases/Olusturma/Genel/OnEkSecilir: Test Cases/Olusturma/Genel/OnEkSecilir

2021-11-19 17:00:21 - [TEST_STEP][PASSED] - waitForElementClickable(findTestObject("Object Repository/Olusturma/Genel/OnEkSecilir/OnEk"), 10): Object 'Object Repository/Olusturma/Genel/OnEkSecilir/OnEk' is clickable

2021-11-19 17:00:21 - [MESSAGE][INFO] - Finding Test Object 'Object Repository/Olusturma/Genel/OnEkSecilir/OnEk'

2021-11-19 17:00:22 - [MESSAGE][INFO] - Checking object

2021-11-19 17:00:22 - [MESSAGE][INFO] - Checking timeout

2021-11-19 17:00:22 - [MESSAGE][INFO] - Finding web element from Test Object's properties

2021-11-19 17:00:22 - [MESSAGE][INFO] - Checking timeout

2021-11-19 17:00:22 - [MESSAGE][INFO] - Finding web element with id: 'Object Repository/Olusturma/Genel/OnEkSecilir/OnEk' located by 'By.xpath: //*[@id = 'InvoicePrefix_I']' in '10' second(s)

2021-11-19 17:00:22 - [MESSAGE][INFO] - Smart Wait Function is triggered

2021-11-19 17:00:22 - [MESSAGE][INFO] - Found 1 web elements with id: 'Object Repository/Olusturma/Genel/OnEkSecilir/OnEk' located by 'By.xpath: //*[@id = 'InvoicePrefix_I']' in '10' second(s)

2021-11-19 17:00:22 - [MESSAGE][PASSED] - Object 'Object Repository/Olusturma/Genel/OnEkSecilir/OnEk' is clickable

2021-11-19 17:00:22 - [TEST_STEP][PASSED] - click(findTestObject("Object Repository/Olusturma/Genel/OnEkSecilir/OnEk")): Object: 'Object Repository/Olusturma/Genel/OnEkSecilir/OnEk' is clicked on

2021-11-19 17:00:22 - [MESSAGE][INFO] - Finding Test Object 'Object Repository/Olusturma/Genel/OnEkSecilir/OnEk'

2021-11-19 17:00:22 - [MESSAGE][INFO] - Checking object

2021-11-19 17:00:22 - [MESSAGE][INFO] - Finding web element from Test Object's properties

2021-11-19 17:00:22 - [MESSAGE][INFO] - Checking timeout

2021-11-19 17:00:22 - [MESSAGE][INFO] - Finding web element with id: 'Object Repository/Olusturma/Genel/OnEkSecilir/OnEk' located by 'By.xpath: //*[@id = 'InvoicePrefix_I']' in '30' second(s)

2021-11-19 17:00:22 - [MESSAGE][INFO] - Smart Wait Function is triggered

2021-11-19 17:00:22 - [MESSAGE][INFO] - Found 1 web elements with id: 'Object Repository/Olusturma/Genel/OnEkSecilir/OnEk' located by 'By.xpath: //*[@id = 'InvoicePrefix_I']' in '30' second(s)

2021-11-19 17:00:22 - [MESSAGE][INFO] - Clicking on object: 'Object Repository/Olusturma/Genel/OnEkSecilir/OnEk'

2021-11-19 17:00:22 - [MESSAGE][PASSED] - Object: 'Object Repository/Olusturma/Genel/OnEkSecilir/OnEk' is clicked on

2021-11-19 17:00:22 - [TEST_STEP][PASSED] - Method.TextDegerineEsitElementeTiklaEquals(findTestObject("Object Repository/Olusturma/Genel/OnEkSecilir/OnEkAdi"), Ek): Method.TextDegerineEsitElementeTiklaEquals is PASSED

2021-11-19 17:00:22 - [MESSAGE][INFO] - Finding Test Object 'Object Repository/Olusturma/Genel/OnEkSecilir/OnEkAdi'

2021-11-19 17:00:23 - [MESSAGE][INFO] - Checking timeout

2021-11-19 17:00:23 - [MESSAGE][INFO] - Finding web element with id: 'Object Repository/Olusturma/Genel/OnEkSecilir/OnEkAdi' located by 'By.cssSelector: #InvoicePrefix_DDD_L_LBT td' in '10' second(s)

2021-11-19 17:00:23 - [MESSAGE][INFO] - Smart Wait Function is triggered

2021-11-19 17:00:23 - [MESSAGE][INFO] - Found 1 web elements with id: 'Object Repository/Olusturma/Genel/OnEkSecilir/OnEkAdi' located by 'By.cssSelector: #InvoicePrefix_DDD_L_LBT td' in '10' second(s)

2021-11-19 17:00:23 - [MESSAGE][PASSED] - Method.TextDegerineEsitElementeTiklaEquals is PASSED

2021-11-19 17:00:23 - [MESSAGE][PASSED] - Call Test Case 'Test Cases/Olusturma/Genel/OnEkSecilir' successfully

2021-11-19 17:00:23 - [MESSAGE][INFO] - Checking called Test Case

2021-11-19 17:00:23 - [MESSAGE][INFO] - Starting to call Test Case 'Test Cases/Olusturma/Genel/TasarimSecilir'

2021-11-19 17:00:23 - [TEST_CASE][PASSED] - Test Cases/Olusturma/Genel/TasarimSecilir: Test Cases/Olusturma/Genel/TasarimSecilir

2021-11-19 17:00:23 - [TEST_STEP][PASSED] - waitForElementClickable(findTestObject("Object Repository/Olusturma/Genel/TasarimSecilir/Tasarim"), 10): Object 'Object Repository/Olusturma/Genel/TasarimSecilir/Tasarim' is clickable

2021-11-19 17:00:23 - [MESSAGE][INFO] - Finding Test Object 'Object Repository/Olusturma/Genel/TasarimSecilir/Tasarim'

2021-11-19 17:00:23 - [MESSAGE][INFO] - Checking object

2021-11-19 17:00:23 - [MESSAGE][INFO] - Checking timeout

2021-11-19 17:00:23 - [MESSAGE][INFO] - Finding web element from Test Object's properties

2021-11-19 17:00:23 - [MESSAGE][INFO] - Checking timeout

2021-11-19 17:00:23 - [MESSAGE][INFO] - Finding web element with id: 'Object Repository/Olusturma/Genel/TasarimSecilir/Tasarim' located by 'By.xpath: //*[@id = 'DesignId_I']' in '10' second(s)

2021-11-19 17:00:23 - [MESSAGE][INFO] - Smart Wait Function is triggered

2021-11-19 17:00:24 - [MESSAGE][INFO] - Found 1 web elements with id: 'Object Repository/Olusturma/Genel/TasarimSecilir/Tasarim' located by 'By.xpath: //*[@id = 'DesignId_I']' in '10' second(s)

2021-11-19 17:00:24 - [MESSAGE][PASSED] - Object 'Object Repository/Olusturma/Genel/TasarimSecilir/Tasarim' is clickable

2021-11-19 17:00:24 - [TEST_STEP][PASSED] - click(findTestObject("Object Repository/Olusturma/Genel/TasarimSecilir/Tasarim")): Object: 'Object Repository/Olusturma/Genel/TasarimSecilir/Tasarim' is clicked on

2021-11-19 17:00:24 - [MESSAGE][INFO] - Finding Test Object 'Object Repository/Olusturma/Genel/TasarimSecilir/Tasarim'

2021-11-19 17:00:24 - [MESSAGE][INFO] - Checking object

2021-11-19 17:00:24 - [MESSAGE][INFO] - Finding web element from Test Object's properties

2021-11-19 17:00:24 - [MESSAGE][INFO] - Checking timeout

2021-11-19 17:00:24 - [MESSAGE][INFO] - Finding web element with id: 'Object Repository/Olusturma/Genel/TasarimSecilir/Tasarim' located by 'By.xpath: //*[@id = 'DesignId_I']' in '30' second(s)

2021-11-19 17:00:24 - [MESSAGE][INFO] - Smart Wait Function is triggered

2021-11-19 17:00:24 - [MESSAGE][INFO] - Found 1 web elements with id: 'Object Repository/Olusturma/Genel/TasarimSecilir/Tasarim' located by 'By.xpath: //*[@id = 'DesignId_I']' in '30' second(s)

2021-11-19 17:00:24 - [MESSAGE][INFO] - Clicking on object: 'Object Repository/Olusturma/Genel/TasarimSecilir/Tasarim'

2021-11-19 17:00:24 - [MESSAGE][PASSED] - Object: 'Object Repository/Olusturma/Genel/TasarimSecilir/Tasarim' is clicked on

2021-11-19 17:00:24 - [TEST_STEP][PASSED] - Method.TextDegerineEsitElementeTikla(findTestObject("Object Repository/Olusturma/Genel/TasarimSecilir/Tasarim_Adi"), Tasarim): Method.TextDegerineEsitElementeTikla is PASSED

2021-11-19 17:00:24 - [MESSAGE][INFO] - Finding Test Object 'Object Repository/Olusturma/Genel/TasarimSecilir/Tasarim_Adi'

2021-11-19 17:00:24 - [MESSAGE][INFO] - Checking timeout

2021-11-19 17:00:24 - [MESSAGE][INFO] - Finding web element with id: 'Object Repository/Olusturma/Genel/TasarimSecilir/Tasarim_Adi' located by 'By.cssSelector: #DesignId_DDD_L_LBT td' in '10' second(s)

2021-11-19 17:00:24 - [MESSAGE][INFO] - Smart Wait Function is triggered

2021-11-19 17:00:24 - [MESSAGE][INFO] - Found 1 web elements with id: 'Object Repository/Olusturma/Genel/TasarimSecilir/Tasarim_Adi' located by 'By.cssSelector: #DesignId_DDD_L_LBT td' in '10' second(s)

2021-11-19 17:00:25 - [MESSAGE][PASSED] - Method.TextDegerineEsitElementeTikla is PASSED

2021-11-19 17:00:25 - [MESSAGE][PASSED] - Call Test Case 'Test Cases/Olusturma/Genel/TasarimSecilir' successfully

2021-11-19 17:00:25 - [MESSAGE][INFO] - Checking called Test Case

2021-11-19 17:00:25 - [MESSAGE][INFO] - Starting to call Test Case 'Test Cases/Olusturma/Genel/Kutular/SiparisBilgileriGirilir'

2021-11-19 17:00:25 - [TEST_CASE][PASSED] - Test Cases/Olusturma/Genel/Kutular/SiparisBilgileriGirilir: Test Cases/Olusturma/Genel/Kutular/SiparisBilgileriGirilir

2021-11-19 17:00:25 - [TEST_STEP][PASSED] - Method.TextDegerineEsitElementeTikla(findTestObject("Olusturma/Genel/Kutular/KapaliKutular"), "Sipariş Bilgileri"): Method.TextDegerineEsitElementeTikla is PASSED

2021-11-19 17:00:25 - [MESSAGE][INFO] - Finding Test Object 'Object Repository/Olusturma/Genel/Kutular/KapaliKutular'

2021-11-19 17:00:25 - [MESSAGE][INFO] - Checking timeout

2021-11-19 17:00:25 - [MESSAGE][INFO] - Finding web element with id: 'Object Repository/Olusturma/Genel/Kutular/KapaliKutular' located by 'By.cssSelector: .dxnb-headerCollapsed>span' in '10' second(s)

2021-11-19 17:00:25 - [MESSAGE][INFO] - Smart Wait Function is triggered

2021-11-19 17:00:25 - [MESSAGE][INFO] - Found 8 web elements with id: 'Object Repository/Olusturma/Genel/Kutular/KapaliKutular' located by 'By.cssSelector: .dxnb-headerCollapsed>span' in '10' second(s)

2021-11-19 17:00:25 - [MESSAGE][PASSED] - Method.TextDegerineEsitElementeTikla is PASSED

2021-11-19 17:00:25 - [TEST_STEP][PASSED] - waitForElementPresent(findTestObject("Object Repository/Olusturma/Genel/Kutular/SiparisBilgileri/SiparisNo"), 10): Object 'Object Repository/Olusturma/Genel/Kutular/SiparisBilgileri/SiparisNo' is present

2021-11-19 17:00:25 - [MESSAGE][INFO] - Finding Test Object 'Object Repository/Olusturma/Genel/Kutular/SiparisBilgileri/SiparisNo'

2021-11-19 17:00:25 - [MESSAGE][INFO] - Checking object

2021-11-19 17:00:25 - [MESSAGE][INFO] - Finding web element from Test Object's properties

2021-11-19 17:00:25 - [MESSAGE][INFO] - Checking timeout

2021-11-19 17:00:25 - [MESSAGE][INFO] - Finding web element with id: 'Object Repository/Olusturma/Genel/Kutular/SiparisBilgileri/SiparisNo' located by 'By.xpath: //*[@id = 'txtSiparisNo_I']' in '10' second(s)

2021-11-19 17:00:25 - [MESSAGE][INFO] - Smart Wait Function is triggered

2021-11-19 17:00:25 - [MESSAGE][INFO] - Found 1 web elements with id: 'Object Repository/Olusturma/Genel/Kutular/SiparisBilgileri/SiparisNo' located by 'By.xpath: //*[@id = 'txtSiparisNo_I']' in '10' second(s)

2021-11-19 17:00:25 - [MESSAGE][PASSED] - Object 'Object Repository/Olusturma/Genel/Kutular/SiparisBilgileri/SiparisNo' is present

2021-11-19 17:00:25 - [TEST_STEP][PASSED] - clearText(findTestObject("Object Repository/Olusturma/Genel/Kutular/SiparisBilgileri/SiparisNo")): Text of object 'Object Repository/Olusturma/Genel/Kutular/SiparisBilgileri/SiparisNo' is cleared

2021-11-19 17:00:25 - [MESSAGE][INFO] - Finding Test Object 'Object Repository/Olusturma/Genel/Kutular/SiparisBilgileri/SiparisNo'

2021-11-19 17:00:26 - [MESSAGE][INFO] - Checking object

2021-11-19 17:00:26 - [MESSAGE][INFO] - Finding web element from Test Object's properties

2021-11-19 17:00:26 - [MESSAGE][INFO] - Checking timeout

2021-11-19 17:00:26 - [MESSAGE][INFO] - Finding web element with id: 'Object Repository/Olusturma/Genel/Kutular/SiparisBilgileri/SiparisNo' located by 'By.xpath: //*[@id = 'txtSiparisNo_I']' in '30' second(s)

2021-11-19 17:00:26 - [MESSAGE][INFO] - Smart Wait Function is triggered

2021-11-19 17:00:26 - [MESSAGE][INFO] - Found 1 web elements with id: 'Object Repository/Olusturma/Genel/Kutular/SiparisBilgileri/SiparisNo' located by 'By.xpath: //*[@id = 'txtSiparisNo_I']' in '30' second(s)

2021-11-19 17:00:26 - [MESSAGE][INFO] - Clearing text of object 'Object Repository/Olusturma/Genel/Kutular/SiparisBilgileri/SiparisNo'

2021-11-19 17:00:26 - [MESSAGE][PASSED] - Text of object 'Object Repository/Olusturma/Genel/Kutular/SiparisBilgileri/SiparisNo' is cleared

2021-11-19 17:00:26 - [TEST_STEP][PASSED] - sendKeys(findTestObject("Object Repository/Olusturma/Genel/Kutular/SiparisBilgileri/SiparisNo"), SiparisNo): Keys 'UUC-SAT-1200001' sent to object: 'Object Repository/Olusturma/Genel/Kutular/SiparisBilgileri/SiparisNo'

2021-11-19 17:00:26 - [MESSAGE][INFO] - Finding Test Object 'Object Repository/Olusturma/Genel/Kutular/SiparisBilgileri/SiparisNo'

2021-11-19 17:00:26 - [MESSAGE][INFO] - Sending keys 'UUC-SAT-1200001' to object: 'Object Repository/Olusturma/Genel/Kutular/SiparisBilgileri/SiparisNo'

2021-11-19 17:00:26 - [MESSAGE][INFO] - Finding web element from Test Object's properties

2021-11-19 17:00:26 - [MESSAGE][INFO] - Checking timeout

2021-11-19 17:00:26 - [MESSAGE][INFO] - Finding web element with id: 'Object Repository/Olusturma/Genel/Kutular/SiparisBilgileri/SiparisNo' located by 'By.xpath: //*[@id = 'txtSiparisNo_I']' in '30' second(s)

2021-11-19 17:00:26 - [MESSAGE][INFO] - Smart Wait Function is triggered

2021-11-19 17:00:26 - [MESSAGE][INFO] - Found 1 web elements with id: 'Object Repository/Olusturma/Genel/Kutular/SiparisBilgileri/SiparisNo' located by 'By.xpath: //*[@id = 'txtSiparisNo_I']' in '30' second(s)

2021-11-19 17:00:26 - [MESSAGE][PASSED] - Keys 'UUC-SAT-1200001' sent to object: 'Object Repository/Olusturma/Genel/Kutular/SiparisBilgileri/SiparisNo'

2021-11-19 17:00:26 - [TEST_STEP][PASSED] - waitForElementClickable(findTestObject("Object Repository/Olusturma/Genel/Kutular/SiparisBilgileri/SiparisTarihiImage"), 10): Object 'Object Repository/Olusturma/Genel/Kutular/SiparisBilgileri/SiparisTarihiImage' is clickable

2021-11-19 17:00:26 - [MESSAGE][INFO] - Finding Test Object 'Object Repository/Olusturma/Genel/Kutular/SiparisBilgileri/SiparisTarihiImage'

2021-11-19 17:00:27 - [MESSAGE][INFO] - Checking object

2021-11-19 17:00:27 - [MESSAGE][INFO] - Checking timeout

2021-11-19 17:00:27 - [MESSAGE][INFO] - Finding web element from Test Object's properties

2021-11-19 17:00:27 - [MESSAGE][INFO] - Checking timeout

2021-11-19 17:00:27 - [MESSAGE][INFO] - Finding web element with id: 'Object Repository/Olusturma/Genel/Kutular/SiparisBilgileri/SiparisTarihiImage' located by 'By.cssSelector: #dateSiparisTarih img' in '10' second(s)

2021-11-19 17:00:27 - [MESSAGE][INFO] - Smart Wait Function is triggered

2021-11-19 17:00:27 - [MESSAGE][INFO] - Found 1 web elements with id: 'Object Repository/Olusturma/Genel/Kutular/SiparisBilgileri/SiparisTarihiImage' located by 'By.cssSelector: #dateSiparisTarih img' in '10' second(s)

2021-11-19 17:00:27 - [MESSAGE][PASSED] - Object 'Object Repository/Olusturma/Genel/Kutular/SiparisBilgileri/SiparisTarihiImage' is clickable

2021-11-19 17:00:27 - [TEST_STEP][PASSED] - click(findTestObject("Object Repository/Olusturma/Genel/Kutular/SiparisBilgileri/SiparisTarihiImage")): Object: 'Object Repository/Olusturma/Genel/Kutular/SiparisBilgileri/SiparisTarihiImage' is clicked on

2021-11-19 17:00:27 - [MESSAGE][INFO] - Finding Test Object 'Object Repository/Olusturma/Genel/Kutular/SiparisBilgileri/SiparisTarihiImage'

2021-11-19 17:00:27 - [MESSAGE][INFO] - Checking object

2021-11-19 17:00:27 - [MESSAGE][INFO] - Finding web element from Test Object's properties

2021-11-19 17:00:27 - [MESSAGE][INFO] - Checking timeout

2021-11-19 17:00:27 - [MESSAGE][INFO] - Finding web element with id: 'Object Repository/Olusturma/Genel/Kutular/SiparisBilgileri/SiparisTarihiImage' located by 'By.cssSelector: #dateSiparisTarih img' in '30' second(s)

2021-11-19 17:00:27 - [MESSAGE][INFO] - Smart Wait Function is triggered

2021-11-19 17:00:27 - [MESSAGE][INFO] - Found 1 web elements with id: 'Object Repository/Olusturma/Genel/Kutular/SiparisBilgileri/SiparisTarihiImage' located by 'By.cssSelector: #dateSiparisTarih img' in '30' second(s)

2021-11-19 17:00:27 - [MESSAGE][INFO] - Clicking on object: 'Object Repository/Olusturma/Genel/Kutular/SiparisBilgileri/SiparisTarihiImage'

2021-11-19 17:00:27 - [MESSAGE][PASSED] - Object: 'Object Repository/Olusturma/Genel/Kutular/SiparisBilgileri/SiparisTarihiImage' is clicked on

2021-11-19 17:00:27 - [TEST_STEP][PASSED] - waitForElementPresent(findTestObject("Object Repository/Olusturma/Genel/Kutular/SiparisBilgileri/SiparisTarihi"), 10): Object 'Object Repository/Olusturma/Genel/Kutular/SiparisBilgileri/SiparisTarihi' is present

2021-11-19 17:00:27 - [MESSAGE][INFO] - Finding Test Object 'Object Repository/Olusturma/Genel/Kutular/SiparisBilgileri/SiparisTarihi'

2021-11-19 17:00:27 - [MESSAGE][INFO] - Checking object

2021-11-19 17:00:27 - [MESSAGE][INFO] - Finding web element from Test Object's properties

2021-11-19 17:00:27 - [MESSAGE][INFO] - Checking timeout

2021-11-19 17:00:27 - [MESSAGE][INFO] - Finding web element with id: 'Object Repository/Olusturma/Genel/Kutular/SiparisBilgileri/SiparisTarihi' located by 'By.xpath: //*[@id = 'dateSiparisTarih_I']' in '10' second(s)

2021-11-19 17:00:27 - [MESSAGE][INFO] - Smart Wait Function is triggered

2021-11-19 17:00:28 - [MESSAGE][INFO] - Found 1 web elements with id: 'Object Repository/Olusturma/Genel/Kutular/SiparisBilgileri/SiparisTarihi' located by 'By.xpath: //*[@id = 'dateSiparisTarih_I']' in '10' second(s)

2021-11-19 17:00:28 - [MESSAGE][PASSED] - Object 'Object Repository/Olusturma/Genel/Kutular/SiparisBilgileri/SiparisTarihi' is present

2021-11-19 17:00:28 - [TEST_STEP][PASSED] - clearText(findTestObject("Object Repository/Olusturma/Genel/Kutular/SiparisBilgileri/SiparisTarihi")): Text of object 'Object Repository/Olusturma/Genel/Kutular/SiparisBilgileri/SiparisTarihi' is cleared

2021-11-19 17:00:28 - [MESSAGE][INFO] - Finding Test Object 'Object Repository/Olusturma/Genel/Kutular/SiparisBilgileri/SiparisTarihi'

2021-11-19 17:00:28 - [MESSAGE][INFO] - Checking object

2021-11-19 17:00:28 - [MESSAGE][INFO] - Finding web element from Test Object's properties

2021-11-19 17:00:28 - [MESSAGE][INFO] - Checking timeout

2021-11-19 17:00:28 - [MESSAGE][INFO] - Finding web element with id: 'Object Repository/Olusturma/Genel/Kutular/SiparisBilgileri/SiparisTarihi' located by 'By.xpath: //*[@id = 'dateSiparisTarih_I']' in '30' second(s)

2021-11-19 17:00:28 - [MESSAGE][INFO] - Smart Wait Function is triggered

2021-11-19 17:00:28 - [MESSAGE][INFO] - Found 1 web elements with id: 'Object Repository/Olusturma/Genel/Kutular/SiparisBilgileri/SiparisTarihi' located by 'By.xpath: //*[@id = 'dateSiparisTarih_I']' in '30' second(s)

2021-11-19 17:00:28 - [MESSAGE][INFO] - Clearing text of object 'Object Repository/Olusturma/Genel/Kutular/SiparisBilgileri/SiparisTarihi'

2021-11-19 17:00:28 - [MESSAGE][PASSED] - Text of object 'Object Repository/Olusturma/Genel/Kutular/SiparisBilgileri/SiparisTarihi' is cleared

2021-11-19 17:00:28 - [TEST_STEP][PASSED] - sendKeys(findTestObject("Object Repository/Olusturma/Genel/Kutular/SiparisBilgileri/SiparisTarihi"), Tarih): Keys '31.04.2020' sent to object: 'Object Repository/Olusturma/Genel/Kutular/SiparisBilgileri/SiparisTarihi'

2021-11-19 17:00:28 - [MESSAGE][INFO] - Finding Test Object 'Object Repository/Olusturma/Genel/Kutular/SiparisBilgileri/SiparisTarihi'

2021-11-19 17:00:28 - [MESSAGE][INFO] - Sending keys '31.04.2020' to object: 'Object Repository/Olusturma/Genel/Kutular/SiparisBilgileri/SiparisTarihi'

2021-11-19 17:00:28 - [MESSAGE][INFO] - Finding web element from Test Object's properties

2021-11-19 17:00:28 - [MESSAGE][INFO] - Checking timeout

2021-11-19 17:00:28 - [MESSAGE][INFO] - Finding web element with id: 'Object Repository/Olusturma/Genel/Kutular/SiparisBilgileri/SiparisTarihi' located by 'By.xpath: //*[@id = 'dateSiparisTarih_I']' in '30' second(s)

2021-11-19 17:00:28 - [MESSAGE][INFO] - Smart Wait Function is triggered

2021-11-19 17:00:29 - [MESSAGE][INFO] - Found 1 web elements with id: 'Object Repository/Olusturma/Genel/Kutular/SiparisBilgileri/SiparisTarihi' located by 'By.xpath: //*[@id = 'dateSiparisTarih_I']' in '30' second(s)

2021-11-19 17:00:29 - [MESSAGE][PASSED] - Keys '31.04.2020' sent to object: 'Object Repository/Olusturma/Genel/Kutular/SiparisBilgileri/SiparisTarihi'

2021-11-19 17:00:29 - [MESSAGE][PASSED] - Call Test Case 'Test Cases/Olusturma/Genel/Kutular/SiparisBilgileriGirilir' successfully

2021-11-19 17:00:29 - [MESSAGE][INFO] - Checking called Test Case

2021-11-19 17:00:29 - [MESSAGE][INFO] - Starting to call Test Case 'Test Cases/Olusturma/Genel/Kutular/IrsaliyeBilgileri'

2021-11-19 17:00:29 - [TEST_CASE][PASSED] - Test Cases/Olusturma/Genel/Kutular/IrsaliyeBilgileri: Test Cases/Olusturma/Genel/Kutular/IrsaliyeBilgileri

2021-11-19 17:00:29 - [TEST_STEP][PASSED] - Method.TextDegerineEsitElementeTikla(findTestObject("Olusturma/Genel/Kutular/KapaliKutular"), "İrsaliye Bilgileri"): Method.TextDegerineEsitElementeTikla is PASSED

2021-11-19 17:00:29 - [MESSAGE][INFO] - Finding Test Object 'Object Repository/Olusturma/Genel/Kutular/KapaliKutular'

2021-11-19 17:00:29 - [MESSAGE][INFO] - Checking timeout

2021-11-19 17:00:29 - [MESSAGE][INFO] - Finding web element with id: 'Object Repository/Olusturma/Genel/Kutular/KapaliKutular' located by 'By.cssSelector: .dxnb-headerCollapsed>span' in '10' second(s)

2021-11-19 17:00:29 - [MESSAGE][INFO] - Smart Wait Function is triggered

2021-11-19 17:00:29 - [MESSAGE][INFO] - Found 8 web elements with id: 'Object Repository/Olusturma/Genel/Kutular/KapaliKutular' located by 'By.cssSelector: .dxnb-headerCollapsed>span' in '10' second(s)

2021-11-19 17:00:29 - [MESSAGE][PASSED] - Method.TextDegerineEsitElementeTikla is PASSED

2021-11-19 17:00:29 - [TEST_STEP][PASSED] - waitForElementClickable(findTestObject("Olusturma/Genel/Kutular/IrsaliyeBilgileri/Ekle"), 10): Object 'Object Repository/Olusturma/Genel/Kutular/IrsaliyeBilgileri/Ekle' is clickable

2021-11-19 17:00:29 - [MESSAGE][INFO] - Finding Test Object 'Object Repository/Olusturma/Genel/Kutular/IrsaliyeBilgileri/Ekle'

2021-11-19 17:00:30 - [MESSAGE][INFO] - Checking object

2021-11-19 17:00:30 - [MESSAGE][INFO] - Checking timeout

2021-11-19 17:00:30 - [MESSAGE][INFO] - Finding web element from Test Object's properties

2021-11-19 17:00:30 - [MESSAGE][INFO] - Checking timeout

2021-11-19 17:00:30 - [MESSAGE][INFO] - Finding web element with id: 'Object Repository/Olusturma/Genel/Kutular/IrsaliyeBilgileri/Ekle' located by 'By.xpath: //*[@id = 'DXEditorgvUserInvoiceBillsNewRowBtn']' in '10' second(s)

2021-11-19 17:00:30 - [MESSAGE][INFO] - Smart Wait Function is triggered

2021-11-19 17:00:30 - [MESSAGE][INFO] - Found 1 web elements with id: 'Object Repository/Olusturma/Genel/Kutular/IrsaliyeBilgileri/Ekle' located by 'By.xpath: //*[@id = 'DXEditorgvUserInvoiceBillsNewRowBtn']' in '10' second(s)

2021-11-19 17:00:30 - [MESSAGE][PASSED] - Object 'Object Repository/Olusturma/Genel/Kutular/IrsaliyeBilgileri/Ekle' is clickable

2021-11-19 17:00:30 - [TEST_STEP][PASSED] - click(findTestObject("Olusturma/Genel/Kutular/IrsaliyeBilgileri/Ekle")): Object: 'Object Repository/Olusturma/Genel/Kutular/IrsaliyeBilgileri/Ekle' is clicked on

2021-11-19 17:00:30 - [MESSAGE][INFO] - Finding Test Object 'Object Repository/Olusturma/Genel/Kutular/IrsaliyeBilgileri/Ekle'

2021-11-19 17:00:30 - [MESSAGE][INFO] - Checking object

2021-11-19 17:00:30 - [MESSAGE][INFO] - Finding web element from Test Object's properties

2021-11-19 17:00:30 - [MESSAGE][INFO] - Checking timeout

2021-11-19 17:00:30 - [MESSAGE][INFO] - Finding web element with id: 'Object Repository/Olusturma/Genel/Kutular/IrsaliyeBilgileri/Ekle' located by 'By.xpath: //*[@id = 'DXEditorgvUserInvoiceBillsNewRowBtn']' in '30' second(s)

2021-11-19 17:00:30 - [MESSAGE][INFO] - Smart Wait Function is triggered

2021-11-19 17:00:30 - [MESSAGE][INFO] - Found 1 web elements with id: 'Object Repository/Olusturma/Genel/Kutular/IrsaliyeBilgileri/Ekle' located by 'By.xpath: //*[@id = 'DXEditorgvUserInvoiceBillsNewRowBtn']' in '30' second(s)

2021-11-19 17:00:30 - [MESSAGE][INFO] - Clicking on object: 'Object Repository/Olusturma/Genel/Kutular/IrsaliyeBilgileri/Ekle'

2021-11-19 17:00:30 - [MESSAGE][PASSED] - Object: 'Object Repository/Olusturma/Genel/Kutular/IrsaliyeBilgileri/Ekle' is clicked on

2021-11-19 17:00:30 - [TEST_STEP][PASSED] - waitForElementPresent(findTestObject("Object Repository/Olusturma/Genel/Kutular/IrsaliyeBilgileri/IrsaliyeNumarasi"), 10): Object 'Object Repository/Olusturma/Genel/Kutular/IrsaliyeBilgileri/IrsaliyeNumarasi' is present

2021-11-19 17:00:30 - [MESSAGE][INFO] - Finding Test Object 'Object Repository/Olusturma/Genel/Kutular/IrsaliyeBilgileri/IrsaliyeNumarasi'

2021-11-19 17:00:31 - [MESSAGE][INFO] - Checking object

2021-11-19 17:00:31 - [MESSAGE][INFO] - Finding web element from Test Object's properties

2021-11-19 17:00:31 - [MESSAGE][INFO] - Checking timeout

2021-11-19 17:00:31 - [MESSAGE][INFO] - Finding web element with id: 'Object Repository/Olusturma/Genel/Kutular/IrsaliyeBilgileri/IrsaliyeNumarasi' located by 'By.xpath: //*[@id = 'gvUserInvoiceBills_DXEditor1_I']' in '10' second(s)

2021-11-19 17:00:31 - [MESSAGE][INFO] - Smart Wait Function is triggered

2021-11-19 17:00:31 - [MESSAGE][INFO] - Smart Wait Function is triggered

2021-11-19 17:00:32 - [MESSAGE][INFO] - Found 1 web elements with id: 'Object Repository/Olusturma/Genel/Kutular/IrsaliyeBilgileri/IrsaliyeNumarasi' located by 'By.xpath: //*[@id = 'gvUserInvoiceBills_DXEditor1_I']' in '10' second(s)

2021-11-19 17:00:32 - [MESSAGE][PASSED] - Object 'Object Repository/Olusturma/Genel/Kutular/IrsaliyeBilgileri/IrsaliyeNumarasi' is present

2021-11-19 17:00:32 - [TEST_STEP][PASSED] - clearText(findTestObject("Object Repository/Olusturma/Genel/Kutular/IrsaliyeBilgileri/IrsaliyeNumarasi")): Text of object 'Object Repository/Olusturma/Genel/Kutular/IrsaliyeBilgileri/IrsaliyeNumarasi' is cleared

2021-11-19 17:00:32 - [MESSAGE][INFO] - Finding Test Object 'Object Repository/Olusturma/Genel/Kutular/IrsaliyeBilgileri/IrsaliyeNumarasi'

2021-11-19 17:00:32 - [MESSAGE][INFO] - Checking object

2021-11-19 17:00:32 - [MESSAGE][INFO] - Finding web element from Test Object's properties

2021-11-19 17:00:32 - [MESSAGE][INFO] - Checking timeout

2021-11-19 17:00:32 - [MESSAGE][INFO] - Finding web element with id: 'Object Repository/Olusturma/Genel/Kutular/IrsaliyeBilgileri/IrsaliyeNumarasi' located by 'By.xpath: //*[@id = 'gvUserInvoiceBills_DXEditor1_I']' in '30' second(s)

2021-11-19 17:00:32 - [MESSAGE][INFO] - Smart Wait Function is triggered

2021-11-19 17:00:32 - [MESSAGE][INFO] - Found 1 web elements with id: 'Object Repository/Olusturma/Genel/Kutular/IrsaliyeBilgileri/IrsaliyeNumarasi' located by 'By.xpath: //*[@id = 'gvUserInvoiceBills_DXEditor1_I']' in '30' second(s)

2021-11-19 17:00:32 - [MESSAGE][INFO] - Clearing text of object 'Object Repository/Olusturma/Genel/Kutular/IrsaliyeBilgileri/IrsaliyeNumarasi'

2021-11-19 17:00:32 - [MESSAGE][PASSED] - Text of object 'Object Repository/Olusturma/Genel/Kutular/IrsaliyeBilgileri/IrsaliyeNumarasi' is cleared

2021-11-19 17:00:32 - [TEST_STEP][PASSED] - sendKeys(findTestObject("Object Repository/Olusturma/Genel/Kutular/IrsaliyeBilgileri/IrsaliyeNumarasi"), Numara): Keys 'AAAAAAAAAA' sent to object: 'Object Repository/Olusturma/Genel/Kutular/IrsaliyeBilgileri/IrsaliyeNumarasi'

2021-11-19 17:00:32 - [MESSAGE][INFO] - Finding Test Object 'Object Repository/Olusturma/Genel/Kutular/IrsaliyeBilgileri/IrsaliyeNumarasi'

2021-11-19 17:00:32 - [MESSAGE][INFO] - Sending keys 'AAAAAAAAAA' to object: 'Object Repository/Olusturma/Genel/Kutular/IrsaliyeBilgileri/IrsaliyeNumarasi'

2021-11-19 17:00:32 - [MESSAGE][INFO] - Finding web element from Test Object's properties

2021-11-19 17:00:32 - [MESSAGE][INFO] - Checking timeout

2021-11-19 17:00:32 - [MESSAGE][INFO] - Finding web element with id: 'Object Repository/Olusturma/Genel/Kutular/IrsaliyeBilgileri/IrsaliyeNumarasi' located by 'By.xpath: //*[@id = 'gvUserInvoiceBills_DXEditor1_I']' in '30' second(s)

2021-11-19 17:00:32 - [MESSAGE][INFO] - Smart Wait Function is triggered

2021-11-19 17:00:32 - [MESSAGE][INFO] - Found 1 web elements with id: 'Object Repository/Olusturma/Genel/Kutular/IrsaliyeBilgileri/IrsaliyeNumarasi' located by 'By.xpath: //*[@id = 'gvUserInvoiceBills_DXEditor1_I']' in '30' second(s)

2021-11-19 17:00:33 - [MESSAGE][PASSED] - Keys 'AAAAAAAAAA' sent to object: 'Object Repository/Olusturma/Genel/Kutular/IrsaliyeBilgileri/IrsaliyeNumarasi'

2021-11-19 17:00:33 - [TEST_STEP][PASSED] - waitForElementClickable(findTestObject("Object Repository/Olusturma/Genel/Kutular/IrsaliyeBilgileri/IrsaliyeTarihi"), 10): Object 'Object Repository/Olusturma/Genel/Kutular/IrsaliyeBilgileri/IrsaliyeTarihi' is clickable

2021-11-19 17:00:33 - [MESSAGE][INFO] - Finding Test Object 'Object Repository/Olusturma/Genel/Kutular/IrsaliyeBilgileri/IrsaliyeTarihi'

2021-11-19 17:00:33 - [MESSAGE][INFO] - Checking object

2021-11-19 17:00:33 - [MESSAGE][INFO] - Checking timeout

2021-11-19 17:00:33 - [MESSAGE][INFO] - Finding web element from Test Object's properties

2021-11-19 17:00:33 - [MESSAGE][INFO] - Checking timeout

2021-11-19 17:00:33 - [MESSAGE][INFO] - Finding web element with id: 'Object Repository/Olusturma/Genel/Kutular/IrsaliyeBilgileri/IrsaliyeTarihi' located by 'By.xpath: //*[@id = 'gvUserInvoiceBills_DXEditor2_I']' in '10' second(s)

2021-11-19 17:00:33 - [MESSAGE][INFO] - Smart Wait Function is triggered

2021-11-19 17:00:33 - [MESSAGE][INFO] - Found 1 web elements with id: 'Object Repository/Olusturma/Genel/Kutular/IrsaliyeBilgileri/IrsaliyeTarihi' located by 'By.xpath: //*[@id = 'gvUserInvoiceBills_DXEditor2_I']' in '10' second(s)

2021-11-19 17:00:33 - [MESSAGE][PASSED] - Object 'Object Repository/Olusturma/Genel/Kutular/IrsaliyeBilgileri/IrsaliyeTarihi' is clickable

2021-11-19 17:00:33 - [TEST_STEP][PASSED] - click(findTestObject("Object Repository/Olusturma/Genel/Kutular/IrsaliyeBilgileri/IrsaliyeTarihi")): Object: 'Object Repository/Olusturma/Genel/Kutular/IrsaliyeBilgileri/IrsaliyeTarihi' is clicked on

2021-11-19 17:00:33 - [MESSAGE][INFO] - Finding Test Object 'Object Repository/Olusturma/Genel/Kutular/IrsaliyeBilgileri/IrsaliyeTarihi'

2021-11-19 17:00:33 - [MESSAGE][INFO] - Checking object

2021-11-19 17:00:33 - [MESSAGE][INFO] - Finding web element from Test Object's properties

2021-11-19 17:00:33 - [MESSAGE][INFO] - Checking timeout

2021-11-19 17:00:33 - [MESSAGE][INFO] - Finding web element with id: 'Object Repository/Olusturma/Genel/Kutular/IrsaliyeBilgileri/IrsaliyeTarihi' located by 'By.xpath: //*[@id = 'gvUserInvoiceBills_DXEditor2_I']' in '30' second(s)

2021-11-19 17:00:33 - [MESSAGE][INFO] - Smart Wait Function is triggered

2021-11-19 17:00:33 - [MESSAGE][INFO] - Found 1 web elements with id: 'Object Repository/Olusturma/Genel/Kutular/IrsaliyeBilgileri/IrsaliyeTarihi' located by 'By.xpath: //*[@id = 'gvUserInvoiceBills_DXEditor2_I']' in '30' second(s)

2021-11-19 17:00:33 - [MESSAGE][INFO] - Clicking on object: 'Object Repository/Olusturma/Genel/Kutular/IrsaliyeBilgileri/IrsaliyeTarihi'

2021-11-19 17:00:34 - [MESSAGE][PASSED] - Object: 'Object Repository/Olusturma/Genel/Kutular/IrsaliyeBilgileri/IrsaliyeTarihi' is clicked on

2021-11-19 17:00:34 - [TEST_STEP][PASSED] - sendKeys(findTestObject("Object Repository/Olusturma/Genel/Kutular/IrsaliyeBilgileri/IrsaliyeTarihi"), Tarih): Keys '31.04.2020' sent to object: 'Object Repository/Olusturma/Genel/Kutular/IrsaliyeBilgileri/IrsaliyeTarihi'

2021-11-19 17:00:34 - [MESSAGE][INFO] - Finding Test Object 'Object Repository/Olusturma/Genel/Kutular/IrsaliyeBilgileri/IrsaliyeTarihi'

2021-11-19 17:00:34 - [MESSAGE][INFO] - Sending keys '31.04.2020' to object: 'Object Repository/Olusturma/Genel/Kutular/IrsaliyeBilgileri/IrsaliyeTarihi'

2021-11-19 17:00:34 - [MESSAGE][INFO] - Finding web element from Test Object's properties

2021-11-19 17:00:34 - [MESSAGE][INFO] - Checking timeout

2021-11-19 17:00:34 - [MESSAGE][INFO] - Finding web element with id: 'Object Repository/Olusturma/Genel/Kutular/IrsaliyeBilgileri/IrsaliyeTarihi' located by 'By.xpath: //*[@id = 'gvUserInvoiceBills_DXEditor2_I']' in '30' second(s)

2021-11-19 17:00:34 - [MESSAGE][INFO] - Smart Wait Function is triggered

2021-11-19 17:00:34 - [MESSAGE][INFO] - Found 1 web elements with id: 'Object Repository/Olusturma/Genel/Kutular/IrsaliyeBilgileri/IrsaliyeTarihi' located by 'By.xpath: //*[@id = 'gvUserInvoiceBills_DXEditor2_I']' in '30' second(s)

2021-11-19 17:00:34 - [MESSAGE][PASSED] - Keys '31.04.2020' sent to object: 'Object Repository/Olusturma/Genel/Kutular/IrsaliyeBilgileri/IrsaliyeTarihi'

2021-11-19 17:00:34 - [MESSAGE][PASSED] - Call Test Case 'Test Cases/Olusturma/Genel/Kutular/IrsaliyeBilgileri' successfully

2021-11-19 17:00:34 - [MESSAGE][INFO] - Checking called Test Case

2021-11-19 17:00:34 - [MESSAGE][INFO] - Starting to call Test Case 'Test Cases/Olusturma/Genel/EkleButonunaBasilir'

2021-11-19 17:00:34 - [TEST_CASE][PASSED] - Test Cases/Olusturma/Genel/EkleButonunaBasilir: Test Cases/Olusturma/Genel/EkleButonunaBasilir

2021-11-19 17:00:34 - [TEST_STEP][PASSED] - waitForElementClickable(findTestObject("Object Repository/Olusturma/Genel/Olusturma/Ekle"), 10): Object 'Object Repository/Olusturma/Genel/Olusturma/Ekle' is clickable

2021-11-19 17:00:34 - [MESSAGE][INFO] - Finding Test Object 'Object Repository/Olusturma/Genel/Olusturma/Ekle'

2021-11-19 17:00:34 - [MESSAGE][INFO] - Checking object

2021-11-19 17:00:34 - [MESSAGE][INFO] - Checking timeout

2021-11-19 17:00:34 - [MESSAGE][INFO] - Finding web element from Test Object's properties

2021-11-19 17:00:34 - [MESSAGE][INFO] - Checking timeout

2021-11-19 17:00:34 - [MESSAGE][INFO] - Finding web element with id: 'Object Repository/Olusturma/Genel/Olusturma/Ekle' located by 'By.cssSelector: #divmalhizmet i.fa.fa-plus.fa-lg.text-muted' in '10' second(s)

2021-11-19 17:00:34 - [MESSAGE][INFO] - Smart Wait Function is triggered

2021-11-19 17:00:35 - [MESSAGE][INFO] - Found 1 web elements with id: 'Object Repository/Olusturma/Genel/Olusturma/Ekle' located by 'By.cssSelector: #divmalhizmet i.fa.fa-plus.fa-lg.text-muted' in '10' second(s)

2021-11-19 17:00:35 - [MESSAGE][PASSED] - Object 'Object Repository/Olusturma/Genel/Olusturma/Ekle' is clickable

2021-11-19 17:00:35 - [TEST_STEP][PASSED] - click(findTestObject("Object Repository/Olusturma/Genel/Olusturma/Ekle")): Object: 'Object Repository/Olusturma/Genel/Olusturma/Ekle' is clicked on

2021-11-19 17:00:35 - [MESSAGE][INFO] - Finding Test Object 'Object Repository/Olusturma/Genel/Olusturma/Ekle'

2021-11-19 17:00:35 - [MESSAGE][INFO] - Checking object

2021-11-19 17:00:35 - [MESSAGE][INFO] - Finding web element from Test Object's properties

2021-11-19 17:00:35 - [MESSAGE][INFO] - Checking timeout

2021-11-19 17:00:35 - [MESSAGE][INFO] - Finding web element with id: 'Object Repository/Olusturma/Genel/Olusturma/Ekle' located by 'By.cssSelector: #divmalhizmet i.fa.fa-plus.fa-lg.text-muted' in '30' second(s)

2021-11-19 17:00:35 - [MESSAGE][INFO] - Smart Wait Function is triggered

2021-11-19 17:00:35 - [MESSAGE][INFO] - Found 1 web elements with id: 'Object Repository/Olusturma/Genel/Olusturma/Ekle' located by 'By.cssSelector: #divmalhizmet i.fa.fa-plus.fa-lg.text-muted' in '30' second(s)

2021-11-19 17:00:35 - [MESSAGE][INFO] - Clicking on object: 'Object Repository/Olusturma/Genel/Olusturma/Ekle'

2021-11-19 17:00:35 - [MESSAGE][PASSED] - Object: 'Object Repository/Olusturma/Genel/Olusturma/Ekle' is clicked on

2021-11-19 17:00:35 - [TEST_STEP][PASSED] - waitForElementClickable(findTestObject("Olusturma/Genel/Olusturma/EklenenSatirCarpiImage"), 10): Object 'Object Repository/Olusturma/Genel/Olusturma/EklenenSatirCarpiImage' is clickable

2021-11-19 17:00:35 - [MESSAGE][INFO] - Finding Test Object 'Object Repository/Olusturma/Genel/Olusturma/EklenenSatirCarpiImage'

2021-11-19 17:00:35 - [MESSAGE][INFO] - Checking object

2021-11-19 17:00:35 - [MESSAGE][INFO] - Checking timeout

2021-11-19 17:00:35 - [MESSAGE][INFO] - Finding web element from Test Object's properties

2021-11-19 17:00:35 - [MESSAGE][INFO] - Checking timeout

2021-11-19 17:00:35 - [MESSAGE][INFO] - Finding web element with id: 'Object Repository/Olusturma/Genel/Olusturma/EklenenSatirCarpiImage' located by 'By.cssSelector: .fa.fa-times.fa-lg.text-primary' in '10' second(s)

2021-11-19 17:00:35 - [MESSAGE][INFO] - Smart Wait Function is triggered

2021-11-19 17:00:36 - [MESSAGE][INFO] - Found 1 web elements with id: 'Object Repository/Olusturma/Genel/Olusturma/EklenenSatirCarpiImage' located by 'By.cssSelector: .fa.fa-times.fa-lg.text-primary' in '10' second(s)

2021-11-19 17:00:36 - [MESSAGE][PASSED] - Object 'Object Repository/Olusturma/Genel/Olusturma/EklenenSatirCarpiImage' is clickable

2021-11-19 17:00:36 - [MESSAGE][PASSED] - Call Test Case 'Test Cases/Olusturma/Genel/EkleButonunaBasilir' successfully

2021-11-19 17:00:36 - [MESSAGE][INFO] - Checking called Test Case

2021-11-19 17:00:36 - [MESSAGE][INFO] - Starting to call Test Case 'Test Cases/Olusturma/Genel/Olusturma'

2021-11-19 17:00:36 - [TEST_CASE][PASSED] - Test Cases/Olusturma/Genel/Olusturma: Test Cases/Olusturma/Genel/Olusturma

2021-11-19 17:00:36 - [TEST_STEP][PASSED] - driver = getWebDriver(): null

2021-11-19 17:00:36 - [TEST_STEP][PASSED] - action = new org.openqa.selenium.interactions.Actions(driver): null

2021-11-19 17:00:36 - [TEST_STEP][PASSED] - baslikElement = <not implemented yet for class: org.codehaus.groovy.ast.expr.EmptyExpression>: null

2021-11-19 17:00:36 - [TEST_STEP][PASSED] - sonElement = <not implemented yet for class: org.codehaus.groovy.ast.expr.EmptyExpression>: null

2021-11-19 17:00:36 - [TEST_STEP][PASSED] - attr = <not implemented yet for class: org.codehaus.groovy.ast.expr.EmptyExpression>: null

2021-11-19 17:00:36 - [TEST_STEP][PASSED] - a = 0: null

2021-11-19 17:00:36 - [TEST_STEP][PASSED] - elements = findWebElements(findTestObject("Object Repository/Olusturma/Genel/Olusturma/TabloBasliklari"), 10): Found 13 web elements with id: 'Object Repository/Olusturma/Genel/Olusturma/TabloBasliklari' located by 'By.cssSelector: div#divmalhizmet .dxgvTable_LECustomTheme td.dxgvHeader_LECustomTheme tr>td:nth-child(1)' in '10' second(s)

2021-11-19 17:00:36 - [MESSAGE][INFO] - Finding Test Object 'Object Repository/Olusturma/Genel/Olusturma/TabloBasliklari'

2021-11-19 17:00:36 - [MESSAGE][INFO] - Checking timeout

2021-11-19 17:00:36 - [MESSAGE][INFO] - Finding web element with id: 'Object Repository/Olusturma/Genel/Olusturma/TabloBasliklari' located by 'By.cssSelector: div#divmalhizmet .dxgvTable_LECustomTheme td.dxgvHeader_LECustomTheme tr>td:nth-child(1)' in '10' second(s)

2021-11-19 17:00:36 - [MESSAGE][INFO] - Smart Wait Function is triggered

2021-11-19 17:00:37 - [MESSAGE][INFO] - Found 13 web elements with id: 'Object Repository/Olusturma/Genel/Olusturma/TabloBasliklari' located by 'By.cssSelector: div#divmalhizmet .dxgvTable_LECustomTheme td.dxgvHeader_LECustomTheme tr>td:nth-child(1)' in '10' second(s)

2021-11-19 17:00:37 - [TEST_STEP][PASSED] - for (def element : elements): null

2021-11-19 17:00:37 - [TEST_STEP][PASSED] - build().perform(): null

2021-11-19 17:00:37 - [TEST_STEP][PASSED] - if (getText().equals(Baslik)): null

2021-11-19 17:00:37 - [TEST_STEP][PASSED] - baslikElement = element.findElement(By.xpath("../../../..")): Smart Wait Function is triggered

2021-11-19 17:00:37 - [MESSAGE][INFO] - Smart Wait Function is triggered

2021-11-19 17:00:37 - [TEST_STEP][PASSED] - attr = baslikElement.getAttribute("id"): null

2021-11-19 17:00:37 - [TEST_STEP][PASSED] - println("girdi ve idsini aldı = " + attr): null

2021-11-19 17:00:37 - [TEST_STEP][PASSED] - break: null

2021-11-19 17:00:37 - [TEST_STEP][PASSED] - countElement = baslikElement.findElements(By.xpath("../td")): Smart Wait Function is triggered

2021-11-19 17:00:37 - [MESSAGE][INFO] - Smart Wait Function is triggered

2021-11-19 17:00:38 - [TEST_STEP][PASSED] - for (def element : countElement): null

2021-11-19 17:00:38 - [TEST_STEP][PASSED] - if (toString().equals(attr.toString())): null

2021-11-19 17:00:38 - [TEST_STEP][PASSED] - (a++): null

2021-11-19 17:00:38 - [TEST_STEP][PASSED] - if (toString().equals(attr.toString())): null

2021-11-19 17:00:38 - [TEST_STEP][PASSED] - break: null

2021-11-19 17:00:38 - [TEST_STEP][PASSED] - son = findWebElement(findTestObject("Object Repository/Olusturma/Genel/Olusturma/EklenenSatir")).findElement(By.xpath("td[@class='dxgvInlineEditCell_LECustomTheme dxgv'][" + a + "]//td[@class='dxic']/input")): Smart Wait Function is triggered

2021-11-19 17:00:38 - [MESSAGE][INFO] - Finding Test Object 'Object Repository/Olusturma/Genel/Olusturma/EklenenSatir'

2021-11-19 17:00:38 - [MESSAGE][INFO] - Finding web element from Test Object's properties

2021-11-19 17:00:38 - [MESSAGE][INFO] - Checking timeout

2021-11-19 17:00:38 - [MESSAGE][INFO] - Finding web element with id: 'Object Repository/Olusturma/Genel/Olusturma/EklenenSatir' located by 'By.cssSelector: #divmalhizmet .dxgvInlineEditRow_LECustomTheme' in '30' second(s)

2021-11-19 17:00:38 - [MESSAGE][INFO] - Smart Wait Function is triggered

2021-11-19 17:00:38 - [MESSAGE][INFO] - Found 1 web elements with id: 'Object Repository/Olusturma/Genel/Olusturma/EklenenSatir' located by 'By.cssSelector: #divmalhizmet .dxgvInlineEditRow_LECustomTheme' in '30' second(s)

2021-11-19 17:00:38 - [MESSAGE][INFO] - Smart Wait Function is triggered

2021-11-19 17:00:38 - [TEST_STEP][PASSED] - if (!(getAttribute("value").contains("Vkn"))): null

2021-11-19 17:00:38 - [TEST_STEP][PASSED] - son.clear(): null

2021-11-19 17:00:38 - [TEST_STEP][PASSED] - son.sendKeys(Deger): null

2021-11-19 17:00:39 - [MESSAGE][PASSED] - Call Test Case 'Test Cases/Olusturma/Genel/Olusturma' successfully

2021-11-19 17:00:39 - [MESSAGE][INFO] - Checking called Test Case

2021-11-19 17:00:39 - [MESSAGE][INFO] - Starting to call Test Case 'Test Cases/Olusturma/Genel/Olusturma'

2021-11-19 17:00:39 - [TEST_CASE][PASSED] - Test Cases/Olusturma/Genel/Olusturma: Test Cases/Olusturma/Genel/Olusturma

2021-11-19 17:00:39 - [TEST_STEP][PASSED] - driver = getWebDriver(): null

2021-11-19 17:00:39 - [TEST_STEP][PASSED] - action = new org.openqa.selenium.interactions.Actions(driver): null

2021-11-19 17:00:39 - [TEST_STEP][PASSED] - baslikElement = <not implemented yet for class: org.codehaus.groovy.ast.expr.EmptyExpression>: null

2021-11-19 17:00:39 - [TEST_STEP][PASSED] - sonElement = <not implemented yet for class: org.codehaus.groovy.ast.expr.EmptyExpression>: null

2021-11-19 17:00:39 - [TEST_STEP][PASSED] - attr = <not implemented yet for class: org.codehaus.groovy.ast.expr.EmptyExpression>: null

2021-11-19 17:00:39 - [TEST_STEP][PASSED] - a = 0: null

2021-11-19 17:00:39 - [TEST_STEP][PASSED] - elements = findWebElements(findTestObject("Object Repository/Olusturma/Genel/Olusturma/TabloBasliklari"), 10): Found 13 web elements with id: 'Object Repository/Olusturma/Genel/Olusturma/TabloBasliklari' located by 'By.cssSelector: div#divmalhizmet .dxgvTable_LECustomTheme td.dxgvHeader_LECustomTheme tr>td:nth-child(1)' in '10' second(s)

2021-11-19 17:00:39 - [MESSAGE][INFO] - Finding Test Object 'Object Repository/Olusturma/Genel/Olusturma/TabloBasliklari'

2021-11-19 17:00:39 - [MESSAGE][INFO] - Checking timeout

2021-11-19 17:00:39 - [MESSAGE][INFO] - Finding web element with id: 'Object Repository/Olusturma/Genel/Olusturma/TabloBasliklari' located by 'By.cssSelector: div#divmalhizmet .dxgvTable_LECustomTheme td.dxgvHeader_LECustomTheme tr>td:nth-child(1)' in '10' second(s)

2021-11-19 17:00:39 - [MESSAGE][INFO] - Smart Wait Function is triggered

2021-11-19 17:00:39 - [MESSAGE][INFO] - Found 13 web elements with id: 'Object Repository/Olusturma/Genel/Olusturma/TabloBasliklari' located by 'By.cssSelector: div#divmalhizmet .dxgvTable_LECustomTheme td.dxgvHeader_LECustomTheme tr>td:nth-child(1)' in '10' second(s)

2021-11-19 17:00:39 - [TEST_STEP][PASSED] - for (def element : elements): null

2021-11-19 17:00:39 - [TEST_STEP][PASSED] - build().perform(): null

2021-11-19 17:00:39 - [TEST_STEP][PASSED] - if (getText().equals(Baslik)): null

2021-11-19 17:00:39 - [TEST_STEP][PASSED] - build().perform(): null

2021-11-19 17:00:39 - [TEST_STEP][PASSED] - if (getText().equals(Baslik)): null

2021-11-19 17:00:39 - [TEST_STEP][PASSED] - baslikElement = element.findElement(By.xpath("../../../..")): Smart Wait Function is triggered

2021-11-19 17:00:39 - [MESSAGE][INFO] - Smart Wait Function is triggered

2021-11-19 17:00:40 - [TEST_STEP][PASSED] - attr = baslikElement.getAttribute("id"): null

2021-11-19 17:00:40 - [TEST_STEP][PASSED] - println("girdi ve idsini aldı = " + attr): null

2021-11-19 17:00:40 - [TEST_STEP][PASSED] - break: null

2021-11-19 17:00:40 - [TEST_STEP][PASSED] - countElement = baslikElement.findElements(By.xpath("../td")): Smart Wait Function is triggered

2021-11-19 17:00:40 - [MESSAGE][INFO] - Smart Wait Function is triggered

2021-11-19 17:00:40 - [TEST_STEP][PASSED] - for (def element : countElement): null

2021-11-19 17:00:40 - [TEST_STEP][PASSED] - if (toString().equals(attr.toString())): null

2021-11-19 17:00:40 - [TEST_STEP][PASSED] - (a++): null

2021-11-19 17:00:40 - [TEST_STEP][PASSED] - if (toString().equals(attr.toString())): null

2021-11-19 17:00:40 - [TEST_STEP][PASSED] - (a++): null

2021-11-19 17:00:40 - [TEST_STEP][PASSED] - if (toString().equals(attr.toString())): null

2021-11-19 17:00:40 - [TEST_STEP][PASSED] - break: null

2021-11-19 17:00:40 - [TEST_STEP][PASSED] - son = findWebElement(findTestObject("Object Repository/Olusturma/Genel/Olusturma/EklenenSatir")).findElement(By.xpath("td[@class='dxgvInlineEditCell_LECustomTheme dxgv'][" + a + "]//td[@class='dxic']/input")): Smart Wait Function is triggered

2021-11-19 17:00:40 - [MESSAGE][INFO] - Finding Test Object 'Object Repository/Olusturma/Genel/Olusturma/EklenenSatir'

2021-11-19 17:00:40 - [MESSAGE][INFO] - Finding web element from Test Object's properties

2021-11-19 17:00:40 - [MESSAGE][INFO] - Checking timeout

2021-11-19 17:00:40 - [MESSAGE][INFO] - Finding web element with id: 'Object Repository/Olusturma/Genel/Olusturma/EklenenSatir' located by 'By.cssSelector: #divmalhizmet .dxgvInlineEditRow_LECustomTheme' in '30' second(s)

2021-11-19 17:00:40 - [MESSAGE][INFO] - Smart Wait Function is triggered

2021-11-19 17:00:40 - [MESSAGE][INFO] - Found 1 web elements with id: 'Object Repository/Olusturma/Genel/Olusturma/EklenenSatir' located by 'By.cssSelector: #divmalhizmet .dxgvInlineEditRow_LECustomTheme' in '30' second(s)

2021-11-19 17:00:40 - [MESSAGE][INFO] - Smart Wait Function is triggered

2021-11-19 17:00:41 - [TEST_STEP][PASSED] - if (!(getAttribute("value").contains("Vkn"))): null

2021-11-19 17:00:41 - [TEST_STEP][PASSED] - son.clear(): null

2021-11-19 17:00:41 - [TEST_STEP][PASSED] - son.sendKeys(Deger): null

2021-11-19 17:00:41 - [MESSAGE][PASSED] - Call Test Case 'Test Cases/Olusturma/Genel/Olusturma' successfully

2021-11-19 17:00:41 - [MESSAGE][INFO] - Checking called Test Case

2021-11-19 17:00:41 - [MESSAGE][INFO] - Starting to call Test Case 'Test Cases/Olusturma/Genel/Olusturma'

2021-11-19 17:00:41 - [TEST_CASE][PASSED] - Test Cases/Olusturma/Genel/Olusturma: Test Cases/Olusturma/Genel/Olusturma

2021-11-19 17:00:41 - [TEST_STEP][PASSED] - driver = getWebDriver(): null

2021-11-19 17:00:41 - [TEST_STEP][PASSED] - action = new org.openqa.selenium.interactions.Actions(driver): null

2021-11-19 17:00:41 - [TEST_STEP][PASSED] - baslikElement = <not implemented yet for class: org.codehaus.groovy.ast.expr.EmptyExpression>: null

2021-11-19 17:00:41 - [TEST_STEP][PASSED] - sonElement = <not implemented yet for class: org.codehaus.groovy.ast.expr.EmptyExpression>: null

2021-11-19 17:00:41 - [TEST_STEP][PASSED] - attr = <not implemented yet for class: org.codehaus.groovy.ast.expr.EmptyExpression>: null

2021-11-19 17:00:41 - [TEST_STEP][PASSED] - a = 0: null

2021-11-19 17:00:41 - [TEST_STEP][PASSED] - elements = findWebElements(findTestObject("Object Repository/Olusturma/Genel/Olusturma/TabloBasliklari"), 10): Found 13 web elements with id: 'Object Repository/Olusturma/Genel/Olusturma/TabloBasliklari' located by 'By.cssSelector: div#divmalhizmet .dxgvTable_LECustomTheme td.dxgvHeader_LECustomTheme tr>td:nth-child(1)' in '10' second(s)

2021-11-19 17:00:41 - [MESSAGE][INFO] - Finding Test Object 'Object Repository/Olusturma/Genel/Olusturma/TabloBasliklari'

2021-11-19 17:00:41 - [MESSAGE][INFO] - Checking timeout

2021-11-19 17:00:41 - [MESSAGE][INFO] - Finding web element with id: 'Object Repository/Olusturma/Genel/Olusturma/TabloBasliklari' located by 'By.cssSelector: div#divmalhizmet .dxgvTable_LECustomTheme td.dxgvHeader_LECustomTheme tr>td:nth-child(1)' in '10' second(s)

2021-11-19 17:00:41 - [MESSAGE][INFO] - Smart Wait Function is triggered

2021-11-19 17:00:42 - [MESSAGE][INFO] - Found 13 web elements with id: 'Object Repository/Olusturma/Genel/Olusturma/TabloBasliklari' located by 'By.cssSelector: div#divmalhizmet .dxgvTable_LECustomTheme td.dxgvHeader_LECustomTheme tr>td:nth-child(1)' in '10' second(s)

2021-11-19 17:00:42 - [TEST_STEP][PASSED] - for (def element : elements): null

2021-11-19 17:00:42 - [TEST_STEP][PASSED] - build().perform(): null

2021-11-19 17:00:42 - [TEST_STEP][PASSED] - if (getText().equals(Baslik)): null

2021-11-19 17:00:42 - [TEST_STEP][PASSED] - build().perform(): null

2021-11-19 17:00:42 - [TEST_STEP][PASSED] - if (getText().equals(Baslik)): null

2021-11-19 17:00:42 - [TEST_STEP][PASSED] - build().perform(): null

2021-11-19 17:00:42 - [TEST_STEP][PASSED] - if (getText().equals(Baslik)): null

2021-11-19 17:00:42 - [TEST_STEP][PASSED] - build().perform(): null

2021-11-19 17:00:42 - [TEST_STEP][PASSED] - if (getText().equals(Baslik)): null

2021-11-19 17:00:42 - [TEST_STEP][PASSED] - baslikElement = element.findElement(By.xpath("../../../..")): Smart Wait Function is triggered

2021-11-19 17:00:42 - [MESSAGE][INFO] - Smart Wait Function is triggered

2021-11-19 17:00:43 - [TEST_STEP][PASSED] - attr = baslikElement.getAttribute("id"): null

2021-11-19 17:00:43 - [TEST_STEP][PASSED] - println("girdi ve idsini aldı = " + attr): null

2021-11-19 17:00:43 - [TEST_STEP][PASSED] - break: null

2021-11-19 17:00:43 - [TEST_STEP][PASSED] - countElement = baslikElement.findElements(By.xpath("../td")): Smart Wait Function is triggered

2021-11-19 17:00:43 - [MESSAGE][INFO] - Smart Wait Function is triggered

2021-11-19 17:00:43 - [TEST_STEP][PASSED] - for (def element : countElement): null

2021-11-19 17:00:43 - [TEST_STEP][PASSED] - if (toString().equals(attr.toString())): null

2021-11-19 17:00:43 - [TEST_STEP][PASSED] - (a++): null

2021-11-19 17:00:43 - [TEST_STEP][PASSED] - if (toString().equals(attr.toString())): null

2021-11-19 17:00:43 - [TEST_STEP][PASSED] - (a++): null

2021-11-19 17:00:43 - [TEST_STEP][PASSED] - if (toString().equals(attr.toString())): null

2021-11-19 17:00:43 - [TEST_STEP][PASSED] - (a++): null

2021-11-19 17:00:43 - [TEST_STEP][PASSED] - if (toString().equals(attr.toString())): null

2021-11-19 17:00:43 - [TEST_STEP][PASSED] - (a++): null

2021-11-19 17:00:43 - [TEST_STEP][PASSED] - if (toString().equals(attr.toString())): null

2021-11-19 17:00:43 - [TEST_STEP][PASSED] - break: null

2021-11-19 17:00:43 - [TEST_STEP][PASSED] - son = findWebElement(findTestObject("Object Repository/Olusturma/Genel/Olusturma/EklenenSatir")).findElement(By.xpath("td[@class='dxgvInlineEditCell_LECustomTheme dxgv'][" + a + "]//td[@class='dxic']/input")): Smart Wait Function is triggered

2021-11-19 17:00:43 - [MESSAGE][INFO] - Finding Test Object 'Object Repository/Olusturma/Genel/Olusturma/EklenenSatir'

2021-11-19 17:00:43 - [MESSAGE][INFO] - Finding web element from Test Object's properties

2021-11-19 17:00:43 - [MESSAGE][INFO] - Checking timeout

2021-11-19 17:00:43 - [MESSAGE][INFO] - Finding web element with id: 'Object Repository/Olusturma/Genel/Olusturma/EklenenSatir' located by 'By.cssSelector: #divmalhizmet .dxgvInlineEditRow_LECustomTheme' in '30' second(s)

2021-11-19 17:00:43 - [MESSAGE][INFO] - Smart Wait Function is triggered

2021-11-19 17:00:43 - [MESSAGE][INFO] - Found 1 web elements with id: 'Object Repository/Olusturma/Genel/Olusturma/EklenenSatir' located by 'By.cssSelector: #divmalhizmet .dxgvInlineEditRow_LECustomTheme' in '30' second(s)

2021-11-19 17:00:43 - [MESSAGE][INFO] - Smart Wait Function is triggered

2021-11-19 17:00:44 - [TEST_STEP][PASSED] - if (!(getAttribute("value").contains("Vkn"))): null

2021-11-19 17:00:44 - [TEST_STEP][PASSED] - son.clear(): null

2021-11-19 17:00:44 - [TEST_STEP][PASSED] - son.sendKeys(Deger): null

2021-11-19 17:00:44 - [MESSAGE][PASSED] - Call Test Case 'Test Cases/Olusturma/Genel/Olusturma' successfully

2021-11-19 17:00:44 - [MESSAGE][INFO] - Checking called Test Case

2021-11-19 17:00:44 - [MESSAGE][INFO] - Starting to call Test Case 'Test Cases/Olusturma/Genel/Olusturma'

2021-11-19 17:00:44 - [TEST_CASE][PASSED] - Test Cases/Olusturma/Genel/Olusturma: Test Cases/Olusturma/Genel/Olusturma

2021-11-19 17:00:44 - [TEST_STEP][PASSED] - driver = getWebDriver(): null

2021-11-19 17:00:44 - [TEST_STEP][PASSED] - action = new org.openqa.selenium.interactions.Actions(driver): null

2021-11-19 17:00:44 - [TEST_STEP][PASSED] - baslikElement = <not implemented yet for class: org.codehaus.groovy.ast.expr.EmptyExpression>: null

2021-11-19 17:00:44 - [TEST_STEP][PASSED] - sonElement = <not implemented yet for class: org.codehaus.groovy.ast.expr.EmptyExpression>: null

2021-11-19 17:00:44 - [TEST_STEP][PASSED] - attr = <not implemented yet for class: org.codehaus.groovy.ast.expr.EmptyExpression>: null

2021-11-19 17:00:44 - [TEST_STEP][PASSED] - a = 0: null

2021-11-19 17:00:44 - [TEST_STEP][PASSED] - elements = findWebElements(findTestObject("Object Repository/Olusturma/Genel/Olusturma/TabloBasliklari"), 10): Found 13 web elements with id: 'Object Repository/Olusturma/Genel/Olusturma/TabloBasliklari' located by 'By.cssSelector: div#divmalhizmet .dxgvTable_LECustomTheme td.dxgvHeader_LECustomTheme tr>td:nth-child(1)' in '10' second(s)

2021-11-19 17:00:44 - [MESSAGE][INFO] - Finding Test Object 'Object Repository/Olusturma/Genel/Olusturma/TabloBasliklari'

2021-11-19 17:00:44 - [MESSAGE][INFO] - Checking timeout

2021-11-19 17:00:44 - [MESSAGE][INFO] - Finding web element with id: 'Object Repository/Olusturma/Genel/Olusturma/TabloBasliklari' located by 'By.cssSelector: div#divmalhizmet .dxgvTable_LECustomTheme td.dxgvHeader_LECustomTheme tr>td:nth-child(1)' in '10' second(s)

2021-11-19 17:00:44 - [MESSAGE][INFO] - Smart Wait Function is triggered

2021-11-19 17:00:44 - [MESSAGE][INFO] - Found 13 web elements with id: 'Object Repository/Olusturma/Genel/Olusturma/TabloBasliklari' located by 'By.cssSelector: div#divmalhizmet .dxgvTable_LECustomTheme td.dxgvHeader_LECustomTheme tr>td:nth-child(1)' in '10' second(s)

2021-11-19 17:00:44 - [TEST_STEP][PASSED] - for (def element : elements): null

2021-11-19 17:00:44 - [TEST_STEP][PASSED] - build().perform(): null

2021-11-19 17:00:45 - [TEST_STEP][PASSED] - if (getText().equals(Baslik)): null

2021-11-19 17:00:45 - [TEST_STEP][PASSED] - build().perform(): null

2021-11-19 17:00:45 - [TEST_STEP][PASSED] - if (getText().equals(Baslik)): null

2021-11-19 17:00:45 - [TEST_STEP][PASSED] - build().perform(): null

2021-11-19 17:00:45 - [TEST_STEP][PASSED] - if (getText().equals(Baslik)): null

2021-11-19 17:00:45 - [TEST_STEP][PASSED] - build().perform(): null

2021-11-19 17:00:45 - [TEST_STEP][PASSED] - if (getText().equals(Baslik)): null

2021-11-19 17:00:45 - [TEST_STEP][PASSED] - build().perform(): null

2021-11-19 17:00:45 - [TEST_STEP][PASSED] - if (getText().equals(Baslik)): null

2021-11-19 17:00:45 - [TEST_STEP][PASSED] - build().perform(): null

2021-11-19 17:00:45 - [TEST_STEP][PASSED] - if (getText().equals(Baslik)): null

2021-11-19 17:00:45 - [TEST_STEP][PASSED] - baslikElement = element.findElement(By.xpath("../../../..")): Smart Wait Function is triggered

2021-11-19 17:00:45 - [MESSAGE][INFO] - Smart Wait Function is triggered

2021-11-19 17:00:46 - [TEST_STEP][PASSED] - attr = baslikElement.getAttribute("id"): null

2021-11-19 17:00:46 - [TEST_STEP][PASSED] - println("girdi ve idsini aldı = " + attr): null

2021-11-19 17:00:46 - [TEST_STEP][PASSED] - break: null

2021-11-19 17:00:46 - [TEST_STEP][PASSED] - countElement = baslikElement.findElements(By.xpath("../td")): Smart Wait Function is triggered

2021-11-19 17:00:46 - [MESSAGE][INFO] - Smart Wait Function is triggered

2021-11-19 17:00:46 - [TEST_STEP][PASSED] - for (def element : countElement): null

2021-11-19 17:00:46 - [TEST_STEP][PASSED] - if (toString().equals(attr.toString())): null

2021-11-19 17:00:46 - [TEST_STEP][PASSED] - (a++): null

2021-11-19 17:00:46 - [TEST_STEP][PASSED] - if (toString().equals(attr.toString())): null

2021-11-19 17:00:46 - [TEST_STEP][PASSED] - (a++): null

2021-11-19 17:00:46 - [TEST_STEP][PASSED] - if (toString().equals(attr.toString())): null

2021-11-19 17:00:46 - [TEST_STEP][PASSED] - (a++): null

2021-11-19 17:00:46 - [TEST_STEP][PASSED] - if (toString().equals(attr.toString())): null

2021-11-19 17:00:46 - [TEST_STEP][PASSED] - (a++): null

2021-11-19 17:00:46 - [TEST_STEP][PASSED] - if (toString().equals(attr.toString())): null

2021-11-19 17:00:46 - [TEST_STEP][PASSED] - (a++): null

2021-11-19 17:00:46 - [TEST_STEP][PASSED] - if (toString().equals(attr.toString())): null

2021-11-19 17:00:46 - [TEST_STEP][PASSED] - (a++): null

2021-11-19 17:00:46 - [TEST_STEP][PASSED] - if (toString().equals(attr.toString())): null

2021-11-19 17:00:46 - [TEST_STEP][PASSED] - break: null

2021-11-19 17:00:46 - [TEST_STEP][PASSED] - son = findWebElement(findTestObject("Object Repository/Olusturma/Genel/Olusturma/EklenenSatir")).findElement(By.xpath("td[@class='dxgvInlineEditCell_LECustomTheme dxgv'][" + a + "]//td[@class='dxic']/input")): Smart Wait Function is triggered

2021-11-19 17:00:46 - [MESSAGE][INFO] - Finding Test Object 'Object Repository/Olusturma/Genel/Olusturma/EklenenSatir'

2021-11-19 17:00:46 - [MESSAGE][INFO] - Finding web element from Test Object's properties

2021-11-19 17:00:46 - [MESSAGE][INFO] - Checking timeout

2021-11-19 17:00:46 - [MESSAGE][INFO] - Finding web element with id: 'Object Repository/Olusturma/Genel/Olusturma/EklenenSatir' located by 'By.cssSelector: #divmalhizmet .dxgvInlineEditRow_LECustomTheme' in '30' second(s)

2021-11-19 17:00:46 - [MESSAGE][INFO] - Smart Wait Function is triggered

2021-11-19 17:00:46 - [MESSAGE][INFO] - Found 1 web elements with id: 'Object Repository/Olusturma/Genel/Olusturma/EklenenSatir' located by 'By.cssSelector: #divmalhizmet .dxgvInlineEditRow_LECustomTheme' in '30' second(s)

2021-11-19 17:00:46 - [MESSAGE][INFO] - Smart Wait Function is triggered

2021-11-19 17:00:47 - [TEST_STEP][PASSED] - if (!(getAttribute("value").contains("Vkn"))): null

2021-11-19 17:00:47 - [TEST_STEP][PASSED] - son.clear(): null

2021-11-19 17:00:47 - [TEST_STEP][PASSED] - son.sendKeys(Deger): null

2021-11-19 17:00:47 - [MESSAGE][PASSED] - Call Test Case 'Test Cases/Olusturma/Genel/Olusturma' successfully

2021-11-19 17:00:47 - [MESSAGE][INFO] - Checking called Test Case

2021-11-19 17:00:47 - [MESSAGE][INFO] - Starting to call Test Case 'Test Cases/Olusturma/Genel/Olusturma'

2021-11-19 17:00:47 - [TEST_CASE][PASSED] - Test Cases/Olusturma/Genel/Olusturma: Test Cases/Olusturma/Genel/Olusturma

2021-11-19 17:00:47 - [TEST_STEP][PASSED] - driver = getWebDriver(): null

2021-11-19 17:00:47 - [TEST_STEP][PASSED] - action = new org.openqa.selenium.interactions.Actions(driver): null

2021-11-19 17:00:47 - [TEST_STEP][PASSED] - baslikElement = <not implemented yet for class: org.codehaus.groovy.ast.expr.EmptyExpression>: null

2021-11-19 17:00:47 - [TEST_STEP][PASSED] - sonElement = <not implemented yet for class: org.codehaus.groovy.ast.expr.EmptyExpression>: null

2021-11-19 17:00:47 - [TEST_STEP][PASSED] - attr = <not implemented yet for class: org.codehaus.groovy.ast.expr.EmptyExpression>: null

2021-11-19 17:00:47 - [TEST_STEP][PASSED] - a = 0: null

2021-11-19 17:00:47 - [TEST_STEP][PASSED] - elements = findWebElements(findTestObject("Object Repository/Olusturma/Genel/Olusturma/TabloBasliklari"), 10): Found 13 web elements with id: 'Object Repository/Olusturma/Genel/Olusturma/TabloBasliklari' located by 'By.cssSelector: div#divmalhizmet .dxgvTable_LECustomTheme td.dxgvHeader_LECustomTheme tr>td:nth-child(1)' in '10' second(s)

2021-11-19 17:00:47 - [MESSAGE][INFO] - Finding Test Object 'Object Repository/Olusturma/Genel/Olusturma/TabloBasliklari'

2021-11-19 17:00:47 - [MESSAGE][INFO] - Checking timeout

2021-11-19 17:00:47 - [MESSAGE][INFO] - Finding web element with id: 'Object Repository/Olusturma/Genel/Olusturma/TabloBasliklari' located by 'By.cssSelector: div#divmalhizmet .dxgvTable_LECustomTheme td.dxgvHeader_LECustomTheme tr>td:nth-child(1)' in '10' second(s)

2021-11-19 17:00:47 - [MESSAGE][INFO] - Smart Wait Function is triggered

2021-11-19 17:00:47 - [MESSAGE][INFO] - Found 13 web elements with id: 'Object Repository/Olusturma/Genel/Olusturma/TabloBasliklari' located by 'By.cssSelector: div#divmalhizmet .dxgvTable_LECustomTheme td.dxgvHeader_LECustomTheme tr>td:nth-child(1)' in '10' second(s)

2021-11-19 17:00:47 - [TEST_STEP][PASSED] - for (def element : elements): null

2021-11-19 17:00:47 - [TEST_STEP][PASSED] - build().perform(): null

2021-11-19 17:00:48 - [TEST_STEP][PASSED] - if (getText().equals(Baslik)): null

2021-11-19 17:00:48 - [TEST_STEP][PASSED] - build().perform(): null

2021-11-19 17:00:48 - [TEST_STEP][PASSED] - if (getText().equals(Baslik)): null

2021-11-19 17:00:48 - [TEST_STEP][PASSED] - build().perform(): null

2021-11-19 17:00:48 - [TEST_STEP][PASSED] - if (getText().equals(Baslik)): null

2021-11-19 17:00:48 - [TEST_STEP][PASSED] - build().perform(): null

2021-11-19 17:00:48 - [TEST_STEP][PASSED] - if (getText().equals(Baslik)): null

2021-11-19 17:00:48 - [TEST_STEP][PASSED] - build().perform(): null

2021-11-19 17:00:48 - [TEST_STEP][PASSED] - if (getText().equals(Baslik)): null

2021-11-19 17:00:48 - [TEST_STEP][PASSED] - build().perform(): null

2021-11-19 17:00:48 - [TEST_STEP][PASSED] - if (getText().equals(Baslik)): null

2021-11-19 17:00:48 - [TEST_STEP][PASSED] - build().perform(): null

2021-11-19 17:00:48 - [TEST_STEP][PASSED] - if (getText().equals(Baslik)): null

2021-11-19 17:00:48 - [TEST_STEP][PASSED] - baslikElement = element.findElement(By.xpath("../../../..")): Smart Wait Function is triggered

2021-11-19 17:00:48 - [MESSAGE][INFO] - Smart Wait Function is triggered

2021-11-19 17:00:49 - [TEST_STEP][PASSED] - attr = baslikElement.getAttribute("id"): null

2021-11-19 17:00:49 - [TEST_STEP][PASSED] - println("girdi ve idsini aldı = " + attr): null

2021-11-19 17:00:49 - [TEST_STEP][PASSED] - break: null

2021-11-19 17:00:49 - [TEST_STEP][PASSED] - countElement = baslikElement.findElements(By.xpath("../td")): Smart Wait Function is triggered

2021-11-19 17:00:49 - [MESSAGE][INFO] - Smart Wait Function is triggered

2021-11-19 17:00:49 - [TEST_STEP][PASSED] - for (def element : countElement): null

2021-11-19 17:00:49 - [TEST_STEP][PASSED] - if (toString().equals(attr.toString())): null

2021-11-19 17:00:49 - [TEST_STEP][PASSED] - (a++): null

2021-11-19 17:00:49 - [TEST_STEP][PASSED] - if (toString().equals(attr.toString())): null

2021-11-19 17:00:49 - [TEST_STEP][PASSED] - (a++): null

2021-11-19 17:00:49 - [TEST_STEP][PASSED] - if (toString().equals(attr.toString())): null

2021-11-19 17:00:49 - [TEST_STEP][PASSED] - (a++): null

2021-11-19 17:00:49 - [TEST_STEP][PASSED] - if (toString().equals(attr.toString())): null

2021-11-19 17:00:49 - [TEST_STEP][PASSED] - (a++): null

2021-11-19 17:00:49 - [TEST_STEP][PASSED] - if (toString().equals(attr.toString())): null

2021-11-19 17:00:49 - [TEST_STEP][PASSED] - (a++): null

2021-11-19 17:00:49 - [TEST_STEP][PASSED] - if (toString().equals(attr.toString())): null

2021-11-19 17:00:49 - [TEST_STEP][PASSED] - (a++): null

2021-11-19 17:00:49 - [TEST_STEP][PASSED] - if (toString().equals(attr.toString())): null

2021-11-19 17:00:49 - [TEST_STEP][PASSED] - (a++): null

2021-11-19 17:00:49 - [TEST_STEP][PASSED] - if (toString().equals(attr.toString())): null

2021-11-19 17:00:49 - [TEST_STEP][PASSED] - break: null

2021-11-19 17:00:49 - [TEST_STEP][PASSED] - son = findWebElement(findTestObject("Object Repository/Olusturma/Genel/Olusturma/EklenenSatir")).findElement(By.xpath("td[@class='dxgvInlineEditCell_LECustomTheme dxgv'][" + a + "]//td[@class='dxic']/input")): Smart Wait Function is triggered

2021-11-19 17:00:49 - [MESSAGE][INFO] - Finding Test Object 'Object Repository/Olusturma/Genel/Olusturma/EklenenSatir'

2021-11-19 17:00:50 - [MESSAGE][INFO] - Finding web element from Test Object's properties

2021-11-19 17:00:50 - [MESSAGE][INFO] - Checking timeout

2021-11-19 17:00:50 - [MESSAGE][INFO] - Finding web element with id: 'Object Repository/Olusturma/Genel/Olusturma/EklenenSatir' located by 'By.cssSelector: #divmalhizmet .dxgvInlineEditRow_LECustomTheme' in '30' second(s)

2021-11-19 17:00:50 - [MESSAGE][INFO] - Smart Wait Function is triggered

2021-11-19 17:00:50 - [MESSAGE][INFO] - Found 1 web elements with id: 'Object Repository/Olusturma/Genel/Olusturma/EklenenSatir' located by 'By.cssSelector: #divmalhizmet .dxgvInlineEditRow_LECustomTheme' in '30' second(s)

2021-11-19 17:00:50 - [MESSAGE][INFO] - Smart Wait Function is triggered

2021-11-19 17:00:50 - [TEST_STEP][PASSED] - if (!(getAttribute("value").contains("Vkn"))): null

2021-11-19 17:00:50 - [TEST_STEP][PASSED] - son.clear(): null

2021-11-19 17:00:50 - [TEST_STEP][PASSED] - son.sendKeys(Deger): null

2021-11-19 17:00:50 - [MESSAGE][PASSED] - Call Test Case 'Test Cases/Olusturma/Genel/Olusturma' successfully

2021-11-19 17:00:50 - [MESSAGE][INFO] - Checking called Test Case

2021-11-19 17:00:50 - [MESSAGE][INFO] - Starting to call Test Case 'Test Cases/Olusturma/Genel/NotGirilir'

2021-11-19 17:00:50 - [TEST_CASE][PASSED] - Test Cases/Olusturma/Genel/NotGirilir: Test Cases/Olusturma/Genel/NotGirilir

2021-11-19 17:00:50 - [TEST_STEP][PASSED] - i = 0: null

2021-11-19 17:00:50 - [TEST_STEP][PASSED] - waitForElementClickable(findTestObject("Olusturma/Genel/Not/Notlar"), 10): Object 'Object Repository/Olusturma/Genel/Not/Notlar' is clickable

2021-11-19 17:00:50 - [MESSAGE][INFO] - Finding Test Object 'Object Repository/Olusturma/Genel/Not/Notlar'

2021-11-19 17:00:51 - [MESSAGE][INFO] - Checking object

2021-11-19 17:00:51 - [MESSAGE][INFO] - Checking timeout

2021-11-19 17:00:51 - [MESSAGE][INFO] - Finding web element from Test Object's properties

2021-11-19 17:00:51 - [MESSAGE][INFO] - Checking timeout

2021-11-19 17:00:51 - [MESSAGE][INFO] - Finding web element with id: 'Object Repository/Olusturma/Genel/Not/Notlar' located by 'By.xpath: //*[@id = 'txtNote_I']' in '10' second(s)

2021-11-19 17:00:51 - [MESSAGE][INFO] - Smart Wait Function is triggered

2021-11-19 17:00:51 - [MESSAGE][INFO] - Found 1 web elements with id: 'Object Repository/Olusturma/Genel/Not/Notlar' located by 'By.xpath: //*[@id = 'txtNote_I']' in '10' second(s)

2021-11-19 17:00:51 - [MESSAGE][PASSED] - Object 'Object Repository/Olusturma/Genel/Not/Notlar' is clickable

2021-11-19 17:00:51 - [TEST_STEP][PASSED] - clearText(findTestObject("Olusturma/Genel/Not/Notlar")): Text of object 'Object Repository/Olusturma/Genel/Not/Notlar' is cleared

2021-11-19 17:00:51 - [MESSAGE][INFO] - Finding Test Object 'Object Repository/Olusturma/Genel/Not/Notlar'

2021-11-19 17:00:51 - [MESSAGE][INFO] - Checking object

2021-11-19 17:00:51 - [MESSAGE][INFO] - Finding web element from Test Object's properties

2021-11-19 17:00:51 - [MESSAGE][INFO] - Checking timeout

2021-11-19 17:00:51 - [MESSAGE][INFO] - Finding web element with id: 'Object Repository/Olusturma/Genel/Not/Notlar' located by 'By.xpath: //*[@id = 'txtNote_I']' in '30' second(s)

2021-11-19 17:00:51 - [MESSAGE][INFO] - Smart Wait Function is triggered

2021-11-19 17:00:51 - [MESSAGE][INFO] - Found 1 web elements with id: 'Object Repository/Olusturma/Genel/Not/Notlar' located by 'By.xpath: //*[@id = 'txtNote_I']' in '30' second(s)

2021-11-19 17:00:51 - [MESSAGE][INFO] - Clearing text of object 'Object Repository/Olusturma/Genel/Not/Notlar'

2021-11-19 17:00:51 - [MESSAGE][PASSED] - Text of object 'Object Repository/Olusturma/Genel/Not/Notlar' is cleared

2021-11-19 17:00:51 - [TEST_STEP][PASSED] - click(findTestObject("Olusturma/Genel/Not/Notlar")): Object: 'Object Repository/Olusturma/Genel/Not/Notlar' is clicked on

2021-11-19 17:00:51 - [MESSAGE][INFO] - Finding Test Object 'Object Repository/Olusturma/Genel/Not/Notlar'

2021-11-19 17:00:51 - [MESSAGE][INFO] - Checking object

2021-11-19 17:00:51 - [MESSAGE][INFO] - Finding web element from Test Object's properties

2021-11-19 17:00:51 - [MESSAGE][INFO] - Checking timeout

2021-11-19 17:00:51 - [MESSAGE][INFO] - Finding web element with id: 'Object Repository/Olusturma/Genel/Not/Notlar' located by 'By.xpath: //*[@id = 'txtNote_I']' in '30' second(s)

2021-11-19 17:00:51 - [MESSAGE][INFO] - Smart Wait Function is triggered

2021-11-19 17:00:52 - [MESSAGE][INFO] - Found 1 web elements with id: 'Object Repository/Olusturma/Genel/Not/Notlar' located by 'By.xpath: //*[@id = 'txtNote_I']' in '30' second(s)

2021-11-19 17:00:52 - [MESSAGE][INFO] - Clicking on object: 'Object Repository/Olusturma/Genel/Not/Notlar'

2021-11-19 17:00:52 - [MESSAGE][PASSED] - Object: 'Object Repository/Olusturma/Genel/Not/Notlar' is clicked on

2021-11-19 17:00:52 - [TEST_STEP][PASSED] - while (true): null

2021-11-19 17:00:52 - [TEST_STEP][PASSED] - delay(1): Delayed 1 second(s)

2021-11-19 17:00:52 - [MESSAGE][INFO] - Delaying browser in 1 second(s)

2021-11-19 17:00:53 - [MESSAGE][PASSED] - Delayed 1 second(s)

2021-11-19 17:00:53 - [TEST_STEP][PASSED] - ajaxIsComplete = executeJavaScript("return jQuery.active == 0", null): Execute JavaScript 'return jQuery.active == 0' successfully

2021-11-19 17:00:53 - [MESSAGE][PASSED] - Execute JavaScript 'return jQuery.active == 0' successfully

2021-11-19 17:00:53 - [TEST_STEP][PASSED] - if (ajaxIsComplete): null

2021-11-19 17:00:53 - [TEST_STEP][PASSED] - if (i > 10): null

2021-11-19 17:00:53 - [TEST_STEP][PASSED] - (i++): null

2021-11-19 17:00:53 - [TEST_STEP][PASSED] - delay(1): Delayed 1 second(s)

2021-11-19 17:00:53 - [MESSAGE][INFO] - Delaying browser in 1 second(s)

2021-11-19 17:00:54 - [MESSAGE][PASSED] - Delayed 1 second(s)

2021-11-19 17:00:54 - [TEST_STEP][PASSED] - ajaxIsComplete = executeJavaScript("return jQuery.active == 0", null): Execute JavaScript 'return jQuery.active == 0' successfully

2021-11-19 17:00:54 - [MESSAGE][PASSED] - Execute JavaScript 'return jQuery.active == 0' successfully

2021-11-19 17:00:54 - [TEST_STEP][PASSED] - if (ajaxIsComplete): null

2021-11-19 17:00:54 - [TEST_STEP][PASSED] - break: null

2021-11-19 17:00:54 - [TEST_STEP][PASSED] - sendKeys(findTestObject("Olusturma/Genel/Not/Notlar"), Not): Keys 'Otomasyon Not' sent to object: 'Object Repository/Olusturma/Genel/Not/Notlar'

2021-11-19 17:00:54 - [MESSAGE][INFO] - Finding Test Object 'Object Repository/Olusturma/Genel/Not/Notlar'

2021-11-19 17:00:54 - [MESSAGE][INFO] - Sending keys 'Otomasyon Not' to object: 'Object Repository/Olusturma/Genel/Not/Notlar'

2021-11-19 17:00:54 - [MESSAGE][INFO] - Finding web element from Test Object's properties

2021-11-19 17:00:54 - [MESSAGE][INFO] - Checking timeout

2021-11-19 17:00:54 - [MESSAGE][INFO] - Finding web element with id: 'Object Repository/Olusturma/Genel/Not/Notlar' located by 'By.xpath: //*[@id = 'txtNote_I']' in '30' second(s)

2021-11-19 17:00:54 - [MESSAGE][INFO] - Smart Wait Function is triggered

2021-11-19 17:00:55 - [MESSAGE][INFO] - Found 1 web elements with id: 'Object Repository/Olusturma/Genel/Not/Notlar' located by 'By.xpath: //*[@id = 'txtNote_I']' in '30' second(s)

2021-11-19 17:00:55 - [MESSAGE][PASSED] - Keys 'Otomasyon Not' sent to object: 'Object Repository/Olusturma/Genel/Not/Notlar'

2021-11-19 17:00:55 - [MESSAGE][PASSED] - Call Test Case 'Test Cases/Olusturma/Genel/NotGirilir' successfully

2021-11-19 17:00:55 - [MESSAGE][INFO] - Checking called Test Case

2021-11-19 17:00:55 - [MESSAGE][INFO] - Starting to call Test Case 'Test Cases/Olusturma/Genel/EttnBilgisiKayitEdilir'

2021-11-19 17:00:55 - [TEST_CASE][PASSED] - Test Cases/Olusturma/Genel/EttnBilgisiKayitEdilir: Test Cases/Olusturma/Genel/EttnBilgisiKayitEdilir

2021-11-19 17:00:55 - [TEST_STEP][PASSED] - verifyElementPresent(findTestObject("Object Repository/Olusturma/Genel/Olusturma/eArsivEttnBilgisi"), 7): Object 'Object Repository/Olusturma/Genel/Olusturma/eArsivEttnBilgisi' is present

2021-11-19 17:00:55 - [MESSAGE][INFO] - Finding Test Object 'Object Repository/Olusturma/Genel/Olusturma/eArsivEttnBilgisi'

2021-11-19 17:00:55 - [MESSAGE][INFO] - Checking object

2021-11-19 17:00:55 - [MESSAGE][INFO] - Finding web element from Test Object's properties

2021-11-19 17:00:55 - [MESSAGE][INFO] - Checking timeout

2021-11-19 17:00:55 - [MESSAGE][INFO] - Finding web element with id: 'Object Repository/Olusturma/Genel/Olusturma/eArsivEttnBilgisi' located by 'By.xpath: //*[@id = 'Uuid_I']' in '7' second(s)

2021-11-19 17:00:55 - [MESSAGE][INFO] - Smart Wait Function is triggered

2021-11-19 17:00:55 - [MESSAGE][INFO] - Found 1 web elements with id: 'Object Repository/Olusturma/Genel/Olusturma/eArsivEttnBilgisi' located by 'By.xpath: //*[@id = 'Uuid_I']' in '7' second(s)

2021-11-19 17:00:55 - [MESSAGE][PASSED] - Object 'Object Repository/Olusturma/Genel/Olusturma/eArsivEttnBilgisi' is present

2021-11-19 17:00:55 - [TEST_STEP][PASSED] - ettn = getAttribute(findTestObject("Object Repository/Olusturma/Genel/Olusturma/eArsivEttnBilgisi"), "value"): Attribute 'value' of object 'Object Repository/Olusturma/Genel/Olusturma/eArsivEttnBilgisi' is: '02f25105-6aa3-4eec-9edb-8491ae47f475'

2021-11-19 17:00:55 - [MESSAGE][INFO] - Finding Test Object 'Object Repository/Olusturma/Genel/Olusturma/eArsivEttnBilgisi'

2021-11-19 17:00:56 - [MESSAGE][INFO] - Checking object

2021-11-19 17:00:56 - [MESSAGE][INFO] - Checking attribute

2021-11-19 17:00:56 - [MESSAGE][INFO] - Finding web element from Test Object's properties

2021-11-19 17:00:56 - [MESSAGE][INFO] - Checking timeout

2021-11-19 17:00:56 - [MESSAGE][INFO] - Finding web element with id: 'Object Repository/Olusturma/Genel/Olusturma/eArsivEttnBilgisi' located by 'By.xpath: //*[@id = 'Uuid_I']' in '30' second(s)

2021-11-19 17:00:56 - [MESSAGE][INFO] - Smart Wait Function is triggered

2021-11-19 17:00:56 - [MESSAGE][INFO] - Found 1 web elements with id: 'Object Repository/Olusturma/Genel/Olusturma/eArsivEttnBilgisi' located by 'By.xpath: //*[@id = 'Uuid_I']' in '30' second(s)

2021-11-19 17:00:56 - [MESSAGE][INFO] - Getting attribute 'value' of object 'Object Repository/Olusturma/Genel/Olusturma/eArsivEttnBilgisi'

2021-11-19 17:00:56 - [MESSAGE][PASSED] - Attribute 'value' of object 'Object Repository/Olusturma/Genel/Olusturma/eArsivEttnBilgisi' is: '02f25105-6aa3-4eec-9edb-8491ae47f475'

2021-11-19 17:00:56 - [MESSAGE][PASSED] - Call Test Case 'Test Cases/Olusturma/Genel/EttnBilgisiKayitEdilir' successfully

2021-11-19 17:00:56 - [MESSAGE][INFO] - Checking called Test Case

2021-11-19 17:00:56 - [MESSAGE][INFO] - Starting to call Test Case 'Test Cases/Olusturma/Genel/KaydetButonunaTiklanir'

2021-11-19 17:00:56 - [TEST_CASE][PASSED] - Test Cases/Olusturma/Genel/KaydetButonunaTiklanir: Test Cases/Olusturma/Genel/KaydetButonunaTiklanir

2021-11-19 17:00:56 - [TEST_STEP][PASSED] - i = 0: null

2021-11-19 17:00:56 - [TEST_STEP][PASSED] - waitForElementPresent(findTestObject("Olusturma/Genel/Not/Notlar"), 10): Object 'Object Repository/Olusturma/Genel/Not/Notlar' is present

2021-11-19 17:00:56 - [MESSAGE][INFO] - Finding Test Object 'Object Repository/Olusturma/Genel/Not/Notlar'

2021-11-19 17:00:56 - [MESSAGE][INFO] - Checking object

2021-11-19 17:00:56 - [MESSAGE][INFO] - Finding web element from Test Object's properties

2021-11-19 17:00:56 - [MESSAGE][INFO] - Checking timeout

2021-11-19 17:00:56 - [MESSAGE][INFO] - Finding web element with id: 'Object Repository/Olusturma/Genel/Not/Notlar' located by 'By.xpath: //*[@id = 'txtNote_I']' in '10' second(s)

2021-11-19 17:00:56 - [MESSAGE][INFO] - Smart Wait Function is triggered

2021-11-19 17:00:56 - [MESSAGE][INFO] - Found 1 web elements with id: 'Object Repository/Olusturma/Genel/Not/Notlar' located by 'By.xpath: //*[@id = 'txtNote_I']' in '10' second(s)

2021-11-19 17:00:56 - [MESSAGE][PASSED] - Object 'Object Repository/Olusturma/Genel/Not/Notlar' is present

2021-11-19 17:00:56 - [TEST_STEP][PASSED] - click(findTestObject("Olusturma/Genel/Not/Notlar")): Object: 'Object Repository/Olusturma/Genel/Not/Notlar' is clicked on

2021-11-19 17:00:56 - [MESSAGE][INFO] - Finding Test Object 'Object Repository/Olusturma/Genel/Not/Notlar'

2021-11-19 17:00:56 - [MESSAGE][INFO] - Checking object

2021-11-19 17:00:56 - [MESSAGE][INFO] - Finding web element from Test Object's properties

2021-11-19 17:00:56 - [MESSAGE][INFO] - Checking timeout

2021-11-19 17:00:56 - [MESSAGE][INFO] - Finding web element with id: 'Object Repository/Olusturma/Genel/Not/Notlar' located by 'By.xpath: //*[@id = 'txtNote_I']' in '30' second(s)

2021-11-19 17:00:56 - [MESSAGE][INFO] - Smart Wait Function is triggered

2021-11-19 17:00:57 - [MESSAGE][INFO] - Found 1 web elements with id: 'Object Repository/Olusturma/Genel/Not/Notlar' located by 'By.xpath: //*[@id = 'txtNote_I']' in '30' second(s)

2021-11-19 17:00:57 - [MESSAGE][INFO] - Clicking on object: 'Object Repository/Olusturma/Genel/Not/Notlar'

2021-11-19 17:00:57 - [MESSAGE][PASSED] - Object: 'Object Repository/Olusturma/Genel/Not/Notlar' is clicked on

2021-11-19 17:00:57 - [TEST_STEP][PASSED] - while (true): null

2021-11-19 17:00:57 - [TEST_STEP][PASSED] - delay(1): Delayed 1 second(s)

2021-11-19 17:00:57 - [MESSAGE][INFO] - Delaying browser in 1 second(s)

2021-11-19 17:00:58 - [MESSAGE][PASSED] - Delayed 1 second(s)

2021-11-19 17:00:58 - [TEST_STEP][PASSED] - ajaxIsComplete = executeJavaScript("return jQuery.active == 0", null): Execute JavaScript 'return jQuery.active == 0' successfully

2021-11-19 17:00:58 - [MESSAGE][PASSED] - Execute JavaScript 'return jQuery.active == 0' successfully

2021-11-19 17:00:58 - [TEST_STEP][PASSED] - if (ajaxIsComplete): null

2021-11-19 17:00:58 - [TEST_STEP][PASSED] - break: null

2021-11-19 17:00:58 - [TEST_STEP][PASSED] - waitForElementClickable(findTestObject("Object Repository/Olusturma/Genel/Buton"), 10): Object 'Object Repository/Olusturma/Genel/Buton' is clickable

2021-11-19 17:00:58 - [MESSAGE][INFO] - Finding Test Object 'Object Repository/Olusturma/Genel/Buton'

2021-11-19 17:00:58 - [MESSAGE][INFO] - Checking object

2021-11-19 17:00:58 - [MESSAGE][INFO] - Checking timeout

2021-11-19 17:00:58 - [MESSAGE][INFO] - Finding web element from Test Object's properties

2021-11-19 17:00:58 - [MESSAGE][INFO] - Checking timeout

2021-11-19 17:00:58 - [MESSAGE][INFO] - Finding web element with id: 'Object Repository/Olusturma/Genel/Buton' located by 'By.xpath: //*[@id = 'btnKaydet']' in '10' second(s)

2021-11-19 17:00:58 - [MESSAGE][INFO] - Smart Wait Function is triggered

2021-11-19 17:00:58 - [MESSAGE][INFO] - Found 1 web elements with id: 'Object Repository/Olusturma/Genel/Buton' located by 'By.xpath: //*[@id = 'btnKaydet']' in '10' second(s)

2021-11-19 17:00:58 - [MESSAGE][PASSED] - Object 'Object Repository/Olusturma/Genel/Buton' is clickable

2021-11-19 17:00:58 - [TEST_STEP][PASSED] - click(findTestObject("Object Repository/Olusturma/Genel/Buton")): Object: 'Object Repository/Olusturma/Genel/Buton' is clicked on

2021-11-19 17:00:58 - [MESSAGE][INFO] - Finding Test Object 'Object Repository/Olusturma/Genel/Buton'

2021-11-19 17:00:58 - [MESSAGE][INFO] - Checking object

2021-11-19 17:00:58 - [MESSAGE][INFO] - Finding web element from Test Object's properties

2021-11-19 17:00:58 - [MESSAGE][INFO] - Checking timeout

2021-11-19 17:00:58 - [MESSAGE][INFO] - Finding web element with id: 'Object Repository/Olusturma/Genel/Buton' located by 'By.xpath: //*[@id = 'btnKaydet']' in '30' second(s)

2021-11-19 17:00:58 - [MESSAGE][INFO] - Smart Wait Function is triggered

2021-11-19 17:00:59 - [MESSAGE][INFO] - Found 1 web elements with id: 'Object Repository/Olusturma/Genel/Buton' located by 'By.xpath: //*[@id = 'btnKaydet']' in '30' second(s)

2021-11-19 17:00:59 - [MESSAGE][INFO] - Clicking on object: 'Object Repository/Olusturma/Genel/Buton'

2021-11-19 17:01:01 - [MESSAGE][PASSED] - Object: 'Object Repository/Olusturma/Genel/Buton' is clicked on

2021-11-19 17:01:01 - [MESSAGE][PASSED] - Call Test Case 'Test Cases/Olusturma/Genel/KaydetButonunaTiklanir' successfully

2021-11-19 17:01:01 - [MESSAGE][INFO] - Checking called Test Case

2021-11-19 17:01:01 - [MESSAGE][INFO] - Starting to call Test Case 'Test Cases/Tablo/TablodaEttnliVeriOlusturulduMu'

2021-11-19 17:01:01 - [TEST_CASE][PASSED] - Test Cases/Tablo/TablodaEttnliVeriOlusturulduMu: Test Cases/Tablo/TablodaEttnliVeriOlusturulduMu

2021-11-19 17:01:01 - [TEST_STEP][PASSED] - Method.TextDegerineEsitElementVarMi(findTestObject("Tablo/OlusturulanVeri"), ettn): Method.TextDegerineEsitElementVarMi is PASSED

2021-11-19 17:01:01 - [MESSAGE][INFO] - Finding Test Object 'Object Repository/Tablo/OlusturulanVeri'

2021-11-19 17:01:02 - [MESSAGE][INFO] - Checking timeout

2021-11-19 17:01:02 - [MESSAGE][INFO] - Finding web element with id: 'Object Repository/Tablo/OlusturulanVeri' located by 'By.cssSelector: table.dxgvTable_LECustomTheme>tbody>tr:nth-child(3)>td.dxgv b,table.dxgvTable_LECustomTheme>tbody>tr:nth-child(3)>td.dxgv' in '10' second(s)

2021-11-19 17:01:02 - [MESSAGE][INFO] - Smart Wait Function is triggered

2021-11-19 17:01:02 - [MESSAGE][INFO] - Found 14 web elements with id: 'Object Repository/Tablo/OlusturulanVeri' located by 'By.cssSelector: table.dxgvTable_LECustomTheme>tbody>tr:nth-child(3)>td.dxgv b,table.dxgvTable_LECustomTheme>tbody>tr:nth-child(3)>td.dxgv' in '10' second(s)

2021-11-19 17:01:02 - [MESSAGE][PASSED] - Method.TextDegerineEsitElementVarMi is PASSED

2021-11-19 17:01:02 - [MESSAGE][PASSED] - Call Test Case 'Test Cases/Tablo/TablodaEttnliVeriOlusturulduMu' successfully

2021-11-19 17:01:02 - [MESSAGE][INFO] - Checking called Test Case

2021-11-19 17:01:02 - [MESSAGE][INFO] - Starting to call Test Case 'Test Cases/Tablo/TablodanEttnliVeriSec'

2021-11-19 17:01:02 - [TEST_CASE][PASSED] - Test Cases/Tablo/TablodanEttnliVeriSec: Test Cases/Tablo/TablodanEttnliVeriSec

2021-11-19 17:01:02 - [TEST_STEP][PASSED] - Method.TextDegerineEsitElementinAltindakineTikla(findTestObject("Tablo/Veriler"), findTestObject("Tablo/VerininCheckBoxi"), ettn): Method.TextDegerineEsitElementinAltindakineTikla is PASSED

2021-11-19 17:01:02 - [MESSAGE][INFO] - Finding Test Object 'Object Repository/Tablo/Veriler'

2021-11-19 17:01:02 - [MESSAGE][INFO] - Finding Test Object 'Object Repository/Tablo/VerininCheckBoxi'

2021-11-19 17:01:02 - [MESSAGE][INFO] - Checking timeout

2021-11-19 17:01:02 - [MESSAGE][INFO] - Finding web element with id: 'Object Repository/Tablo/Veriler' located by 'By.cssSelector: td.dxgv b ,td.dxgv' in '10' second(s)

2021-11-19 17:01:02 - [MESSAGE][INFO] - Smart Wait Function is triggered

2021-11-19 17:01:03 - [MESSAGE][INFO] - Found 70 web elements with id: 'Object Repository/Tablo/Veriler' located by 'By.cssSelector: td.dxgv b ,td.dxgv' in '10' second(s)

2021-11-19 17:01:03 - [MESSAGE][INFO] - Smart Wait Function is triggered

2021-11-19 17:01:03 - [MESSAGE][PASSED] - Method.TextDegerineEsitElementinAltindakineTikla is PASSED

2021-11-19 17:01:03 - [MESSAGE][PASSED] - Call Test Case 'Test Cases/Tablo/TablodanEttnliVeriSec' successfully

2021-11-19 17:01:03 - [MESSAGE][INFO] - Checking called Test Case

2021-11-19 17:01:03 - [MESSAGE][INFO] - Starting to call Test Case 'Test Cases/Butonlar/ButonaTikla'

2021-11-19 17:01:03 - [TEST_CASE][PASSED] - Test Cases/Butonlar/ButonaTikla: Test Cases/Butonlar/ButonaTikla

2021-11-19 17:01:03 - [TEST_STEP][PASSED] - Method.TextDegerineEsitElementeTiklaEquals(findTestObject("Butonlar/Butonlar"), Buton_Adi): Method.TextDegerineEsitElementeTiklaEquals is PASSED

2021-11-19 17:01:03 - [MESSAGE][INFO] - Finding Test Object 'Object Repository/Butonlar/Butonlar'

2021-11-19 17:01:03 - [MESSAGE][INFO] - Checking timeout

2021-11-19 17:01:03 - [MESSAGE][INFO] - Finding web element with id: 'Object Repository/Butonlar/Butonlar' located by 'By.cssSelector: .panel.panel-default.text-center.footerPanel .btn,.btn.btn-primary.btnControls' in '10' second(s)

2021-11-19 17:01:03 - [MESSAGE][INFO] - Smart Wait Function is triggered

2021-11-19 17:01:03 - [MESSAGE][INFO] - Found 9 web elements with id: 'Object Repository/Butonlar/Butonlar' located by 'By.cssSelector: .panel.panel-default.text-center.footerPanel .btn,.btn.btn-primary.btnControls' in '10' second(s)

2021-11-19 17:01:04 - [MESSAGE][PASSED] - Method.TextDegerineEsitElementeTiklaEquals is PASSED

2021-11-19 17:01:04 - [MESSAGE][PASSED] - Call Test Case 'Test Cases/Butonlar/ButonaTikla' successfully

2021-11-19 17:01:04 - [MESSAGE][INFO] - Checking called Test Case

2021-11-19 17:01:04 - [MESSAGE][INFO] - Starting to call Test Case 'Test Cases/Popup/PopupMesajiIceriyorMu'

2021-11-19 17:01:04 - [TEST_CASE][PASSED] - Test Cases/Popup/PopupMesajiIceriyorMu: Test Cases/Popup/PopupMesajiIceriyorMu

2021-11-19 17:01:04 - [TEST_STEP][PASSED] - waitForElementVisible(findTestObject("Popup/Popup"), 10): Object 'Object Repository/Popup/Popup' is visible

2021-11-19 17:01:04 - [MESSAGE][INFO] - Finding Test Object 'Object Repository/Popup/Popup'

2021-11-19 17:01:04 - [MESSAGE][INFO] - Checking object

2021-11-19 17:01:04 - [MESSAGE][INFO] - Checking timeout

2021-11-19 17:01:04 - [MESSAGE][INFO] - Finding web element from Test Object's properties

2021-11-19 17:01:04 - [MESSAGE][INFO] - Checking timeout

2021-11-19 17:01:04 - [MESSAGE][INFO] - Finding web element with id: 'Object Repository/Popup/Popup' located by 'By.cssSelector: .bootbox-body' in '10' second(s)

2021-11-19 17:01:04 - [MESSAGE][INFO] - Smart Wait Function is triggered

2021-11-19 17:01:05 - [MESSAGE][INFO] - Found 1 web elements with id: 'Object Repository/Popup/Popup' located by 'By.cssSelector: .bootbox-body' in '10' second(s)

2021-11-19 17:01:05 - [MESSAGE][PASSED] - Object 'Object Repository/Popup/Popup' is visible

2021-11-19 17:01:05 - [TEST_STEP][PASSED] - if (!(getText(findTestObject("Popup/Popup")).contains(Mesaj))): Text of object 'Object Repository/Popup/Popup' is: 'Oluşturulacak fatura numarası : EAR2021000000477 Fatura numarası oluşturulduktan sonra fatura silinemez. Fatura numarası, tarihi ve ön eki değiştirilemez. Devam etmek istiyor musunuz?'

2021-11-19 17:01:05 - [MESSAGE][INFO] - Finding Test Object 'Object Repository/Popup/Popup'

2021-11-19 17:01:05 - [MESSAGE][INFO] - Checking object

2021-11-19 17:01:05 - [MESSAGE][INFO] - Finding web element from Test Object's properties

2021-11-19 17:01:05 - [MESSAGE][INFO] - Checking timeout

2021-11-19 17:01:05 - [MESSAGE][INFO] - Finding web element with id: 'Object Repository/Popup/Popup' located by 'By.cssSelector: .bootbox-body' in '30' second(s)

2021-11-19 17:01:05 - [MESSAGE][INFO] - Smart Wait Function is triggered

2021-11-19 17:01:05 - [MESSAGE][INFO] - Found 1 web elements with id: 'Object Repository/Popup/Popup' located by 'By.cssSelector: .bootbox-body' in '30' second(s)

2021-11-19 17:01:05 - [MESSAGE][INFO] - Getting text of object 'Object Repository/Popup/Popup'

2021-11-19 17:01:05 - [MESSAGE][PASSED] - Text of object 'Object Repository/Popup/Popup' is: 'Oluşturulacak fatura numarası : EAR2021000000477 Fatura numarası oluşturulduktan sonra fatura silinemez. Fatura numarası, tarihi ve ön eki değiştirilemez. Devam etmek istiyor musunuz?'

2021-11-19 17:01:05 - [TEST_STEP][PASSED] - RaporNo = getText(findTestObject("Popup/Popup")).substring(0, 6): Text of object 'Object Repository/Popup/Popup' is: 'Oluşturulacak fatura numarası : EAR2021000000477 Fatura numarası oluşturulduktan sonra fatura silinemez. Fatura numarası, tarihi ve ön eki değiştirilemez. Devam etmek istiyor musunuz?'

2021-11-19 17:01:05 - [MESSAGE][INFO] - Finding Test Object 'Object Repository/Popup/Popup'

2021-11-19 17:01:05 - [MESSAGE][INFO] - Checking object

2021-11-19 17:01:05 - [MESSAGE][INFO] - Finding web element from Test Object's properties

2021-11-19 17:01:05 - [MESSAGE][INFO] - Checking timeout

2021-11-19 17:01:05 - [MESSAGE][INFO] - Finding web element with id: 'Object Repository/Popup/Popup' located by 'By.cssSelector: .bootbox-body' in '30' second(s)

2021-11-19 17:01:05 - [MESSAGE][INFO] - Smart Wait Function is triggered

2021-11-19 17:01:05 - [MESSAGE][INFO] - Found 1 web elements with id: 'Object Repository/Popup/Popup' located by 'By.cssSelector: .bootbox-body' in '30' second(s)

2021-11-19 17:01:05 - [MESSAGE][INFO] - Getting text of object 'Object Repository/Popup/Popup'

2021-11-19 17:01:05 - [MESSAGE][PASSED] - Text of object 'Object Repository/Popup/Popup' is: 'Oluşturulacak fatura numarası : EAR2021000000477 Fatura numarası oluşturulduktan sonra fatura silinemez. Fatura numarası, tarihi ve ön eki değiştirilemez. Devam etmek istiyor musunuz?'

2021-11-19 17:01:05 - [TEST_STEP][PASSED] - Console.println(RaporNo): null

2021-11-19 17:01:05 - [MESSAGE][PASSED] - Call Test Case 'Test Cases/Popup/PopupMesajiIceriyorMu' successfully

2021-11-19 17:01:05 - [MESSAGE][INFO] - Checking called Test Case

2021-11-19 17:01:05 - [MESSAGE][INFO] - Starting to call Test Case 'Test Cases/Popup/PopupButonSecilir'

2021-11-19 17:01:06 - [TEST_CASE][PASSED] - Test Cases/Popup/PopupButonSecilir: Test Cases/Popup/PopupButonSecilir

2021-11-19 17:01:06 - [TEST_STEP][PASSED] - Method.TextDegerineEsitElementeTikla(findTestObject("Popup/Popup_Butons"), Buton): Method.TextDegerineEsitElementeTikla is PASSED

2021-11-19 17:01:06 - [MESSAGE][INFO] - Finding Test Object 'Object Repository/Popup/Popup_Butons'

2021-11-19 17:01:06 - [MESSAGE][INFO] - Checking timeout

2021-11-19 17:01:06 - [MESSAGE][INFO] - Finding web element with id: 'Object Repository/Popup/Popup_Butons' located by 'By.cssSelector: .modal-footer>button' in '10' second(s)

2021-11-19 17:01:06 - [MESSAGE][INFO] - Smart Wait Function is triggered

2021-11-19 17:01:06 - [MESSAGE][INFO] - Found 2 web elements with id: 'Object Repository/Popup/Popup_Butons' located by 'By.cssSelector: .modal-footer>button' in '10' second(s)

2021-11-19 17:01:06 - [MESSAGE][PASSED] - Method.TextDegerineEsitElementeTikla is PASSED

2021-11-19 17:01:06 - [MESSAGE][PASSED] - Call Test Case 'Test Cases/Popup/PopupButonSecilir' successfully

2021-11-19 17:01:06 - [MESSAGE][INFO] - Checking called Test Case

2021-11-19 17:01:06 - [MESSAGE][INFO] - Starting to call Test Case 'Test Cases/Popup/PopupMesajiIceriyorMu'

2021-11-19 17:01:06 - [TEST_CASE][PASSED] - Test Cases/Popup/PopupMesajiIceriyorMu: Test Cases/Popup/PopupMesajiIceriyorMu

2021-11-19 17:01:06 - [TEST_STEP][PASSED] - waitForElementVisible(findTestObject("Popup/Popup"), 10): Object 'Object Repository/Popup/Popup' is visible

2021-11-19 17:01:06 - [MESSAGE][INFO] - Finding Test Object 'Object Repository/Popup/Popup'

2021-11-19 17:01:07 - [MESSAGE][INFO] - Checking object

2021-11-19 17:01:07 - [MESSAGE][INFO] - Checking timeout

2021-11-19 17:01:07 - [MESSAGE][INFO] - Finding web element from Test Object's properties

2021-11-19 17:01:07 - [MESSAGE][INFO] - Checking timeout

2021-11-19 17:01:07 - [MESSAGE][INFO] - Finding web element with id: 'Object Repository/Popup/Popup' located by 'By.cssSelector: .bootbox-body' in '10' second(s)

2021-11-19 17:01:07 - [MESSAGE][INFO] - Smart Wait Function is triggered

2021-11-19 17:01:07 - [MESSAGE][INFO] - Found 1 web elements with id: 'Object Repository/Popup/Popup' located by 'By.cssSelector: .bootbox-body' in '10' second(s)

2021-11-19 17:01:07 - [MESSAGE][PASSED] - Object 'Object Repository/Popup/Popup' is visible

2021-11-19 17:01:07 - [TEST_STEP][PASSED] - if (!(getText(findTestObject("Popup/Popup")).contains(Mesaj))): Text of object 'Object Repository/Popup/Popup' is: 'Fatura numaranız EAR2021000000477 olarak oluşmuştur.'

2021-11-19 17:01:07 - [MESSAGE][INFO] - Finding Test Object 'Object Repository/Popup/Popup'

2021-11-19 17:01:07 - [MESSAGE][INFO] - Checking object

2021-11-19 17:01:07 - [MESSAGE][INFO] - Finding web element from Test Object's properties

2021-11-19 17:01:07 - [MESSAGE][INFO] - Checking timeout

2021-11-19 17:01:07 - [MESSAGE][INFO] - Finding web element with id: 'Object Repository/Popup/Popup' located by 'By.cssSelector: .bootbox-body' in '30' second(s)

2021-11-19 17:01:07 - [MESSAGE][INFO] - Smart Wait Function is triggered

2021-11-19 17:01:08 - [MESSAGE][INFO] - Found 1 web elements with id: 'Object Repository/Popup/Popup' located by 'By.cssSelector: .bootbox-body' in '30' second(s)

2021-11-19 17:01:08 - [MESSAGE][INFO] - Getting text of object 'Object Repository/Popup/Popup'

2021-11-19 17:01:08 - [MESSAGE][PASSED] - Text of object 'Object Repository/Popup/Popup' is: 'Fatura numaranız EAR2021000000477 olarak oluşmuştur.'

2021-11-19 17:01:08 - [TEST_STEP][PASSED] - RaporNo = getText(findTestObject("Popup/Popup")).substring(0, 6): Text of object 'Object Repository/Popup/Popup' is: 'Fatura numaranız EAR2021000000477 olarak oluşmuştur.'

2021-11-19 17:01:08 - [MESSAGE][INFO] - Finding Test Object 'Object Repository/Popup/Popup'

2021-11-19 17:01:08 - [MESSAGE][INFO] - Checking object

2021-11-19 17:01:08 - [MESSAGE][INFO] - Finding web element from Test Object's properties

2021-11-19 17:01:08 - [MESSAGE][INFO] - Checking timeout

2021-11-19 17:01:08 - [MESSAGE][INFO] - Finding web element with id: 'Object Repository/Popup/Popup' located by 'By.cssSelector: .bootbox-body' in '30' second(s)

2021-11-19 17:01:08 - [MESSAGE][INFO] - Smart Wait Function is triggered

2021-11-19 17:01:08 - [MESSAGE][INFO] - Found 1 web elements with id: 'Object Repository/Popup/Popup' located by 'By.cssSelector: .bootbox-body' in '30' second(s)

2021-11-19 17:01:08 - [MESSAGE][INFO] - Getting text of object 'Object Repository/Popup/Popup'

2021-11-19 17:01:08 - [MESSAGE][PASSED] - Text of object 'Object Repository/Popup/Popup' is: 'Fatura numaranız EAR2021000000477 olarak oluşmuştur.'

2021-11-19 17:01:08 - [TEST_STEP][PASSED] - Console.println(RaporNo): null

2021-11-19 17:01:08 - [MESSAGE][PASSED] - Call Test Case 'Test Cases/Popup/PopupMesajiIceriyorMu' successfully

2021-11-19 17:01:08 - [MESSAGE][INFO] - Checking called Test Case

2021-11-19 17:01:08 - [MESSAGE][INFO] - Starting to call Test Case 'Test Cases/Popup/PopupButonSecilir'

2021-11-19 17:01:08 - [TEST_CASE][PASSED] - Test Cases/Popup/PopupButonSecilir: Test Cases/Popup/PopupButonSecilir

2021-11-19 17:01:08 - [TEST_STEP][PASSED] - Method.TextDegerineEsitElementeTikla(findTestObject("Popup/Popup_Butons"), Buton): Method.TextDegerineEsitElementeTikla is PASSED

2021-11-19 17:01:08 - [MESSAGE][INFO] - Finding Test Object 'Object Repository/Popup/Popup_Butons'

2021-11-19 17:01:08 - [MESSAGE][INFO] - Checking timeout

2021-11-19 17:01:08 - [MESSAGE][INFO] - Finding web element with id: 'Object Repository/Popup/Popup_Butons' located by 'By.cssSelector: .modal-footer>button' in '10' second(s)

2021-11-19 17:01:08 - [MESSAGE][INFO] - Smart Wait Function is triggered

2021-11-19 17:01:08 - [MESSAGE][INFO] - Found 1 web elements with id: 'Object Repository/Popup/Popup_Butons' located by 'By.cssSelector: .modal-footer>button' in '10' second(s)

2021-11-19 17:01:09 - [MESSAGE][PASSED] - Method.TextDegerineEsitElementeTikla is PASSED

2021-11-19 17:01:09 - [MESSAGE][PASSED] - Call Test Case 'Test Cases/Popup/PopupButonSecilir' successfully

2021-11-19 17:01:09 - [MESSAGE][INFO] - Checking called Test Case

2021-11-19 17:01:09 - [MESSAGE][INFO] - Starting to call Test Case 'Test Cases/Tablo/TablodanEttnliVeriSec'

2021-11-19 17:01:09 - [TEST_CASE][PASSED] - Test Cases/Tablo/TablodanEttnliVeriSec: Test Cases/Tablo/TablodanEttnliVeriSec

2021-11-19 17:01:09 - [TEST_STEP][PASSED] - Method.TextDegerineEsitElementinAltindakineTikla(findTestObject("Tablo/Veriler"), findTestObject("Tablo/VerininCheckBoxi"), ettn): Method.TextDegerineEsitElementinAltindakineTikla is PASSED

2021-11-19 17:01:09 - [MESSAGE][INFO] - Finding Test Object 'Object Repository/Tablo/Veriler'

2021-11-19 17:01:09 - [MESSAGE][INFO] - Finding Test Object 'Object Repository/Tablo/VerininCheckBoxi'

2021-11-19 17:01:09 - [MESSAGE][INFO] - Checking timeout

2021-11-19 17:01:09 - [MESSAGE][INFO] - Finding web element with id: 'Object Repository/Tablo/Veriler' located by 'By.cssSelector: td.dxgv b ,td.dxgv' in '10' second(s)

2021-11-19 17:01:09 - [MESSAGE][INFO] - Smart Wait Function is triggered

2021-11-19 17:01:09 - [MESSAGE][INFO] - Found 70 web elements with id: 'Object Repository/Tablo/Veriler' located by 'By.cssSelector: td.dxgv b ,td.dxgv' in '10' second(s)

2021-11-19 17:01:10 - [MESSAGE][INFO] - Smart Wait Function is triggered

2021-11-19 17:01:10 - [MESSAGE][PASSED] - Method.TextDegerineEsitElementinAltindakineTikla is PASSED

2021-11-19 17:01:10 - [MESSAGE][PASSED] - Call Test Case 'Test Cases/Tablo/TablodanEttnliVeriSec' successfully

2021-11-19 17:01:10 - [MESSAGE][INFO] - Checking called Test Case

2021-11-19 17:01:10 - [MESSAGE][INFO] - Starting to call Test Case 'Test Cases/Butonlar/ButonaTikla'

2021-11-19 17:01:10 - [TEST_CASE][PASSED] - Test Cases/Butonlar/ButonaTikla: Test Cases/Butonlar/ButonaTikla

2021-11-19 17:01:10 - [TEST_STEP][PASSED] - Method.TextDegerineEsitElementeTiklaEquals(findTestObject("Butonlar/Butonlar"), Buton_Adi): Method.TextDegerineEsitElementeTiklaEquals is PASSED

2021-11-19 17:01:10 - [MESSAGE][INFO] - Finding Test Object 'Object Repository/Butonlar/Butonlar'

2021-11-19 17:01:10 - [MESSAGE][INFO] - Checking timeout

2021-11-19 17:01:10 - [MESSAGE][INFO] - Finding web element with id: 'Object Repository/Butonlar/Butonlar' located by 'By.cssSelector: .panel.panel-default.text-center.footerPanel .btn,.btn.btn-primary.btnControls' in '10' second(s)

2021-11-19 17:01:10 - [MESSAGE][INFO] - Smart Wait Function is triggered

2021-11-19 17:01:10 - [MESSAGE][INFO] - Found 9 web elements with id: 'Object Repository/Butonlar/Butonlar' located by 'By.cssSelector: .panel.panel-default.text-center.footerPanel .btn,.btn.btn-primary.btnControls' in '10' second(s)

2021-11-19 17:01:11 - [MESSAGE][PASSED] - Method.TextDegerineEsitElementeTiklaEquals is PASSED

2021-11-19 17:01:11 - [MESSAGE][PASSED] - Call Test Case 'Test Cases/Butonlar/ButonaTikla' successfully

2021-11-19 17:01:11 - [MESSAGE][INFO] - Checking called Test Case

2021-11-19 17:01:11 - [MESSAGE][INFO] - Starting to call Test Case 'Test Cases/Popup/PopupMesajiIceriyorMu'

2021-11-19 17:01:11 - [TEST_CASE][PASSED] - Test Cases/Popup/PopupMesajiIceriyorMu: Test Cases/Popup/PopupMesajiIceriyorMu

2021-11-19 17:01:11 - [TEST_STEP][PASSED] - waitForElementVisible(findTestObject("Popup/Popup"), 10): Object 'Object Repository/Popup/Popup' is visible

2021-11-19 17:01:11 - [MESSAGE][INFO] - Finding Test Object 'Object Repository/Popup/Popup'

2021-11-19 17:01:11 - [MESSAGE][INFO] - Checking object

2021-11-19 17:01:11 - [MESSAGE][INFO] - Checking timeout

2021-11-19 17:01:11 - [MESSAGE][INFO] - Finding web element from Test Object's properties

2021-11-19 17:01:11 - [MESSAGE][INFO] - Checking timeout

2021-11-19 17:01:11 - [MESSAGE][INFO] - Finding web element with id: 'Object Repository/Popup/Popup' located by 'By.cssSelector: .bootbox-body' in '10' second(s)

2021-11-19 17:01:11 - [MESSAGE][INFO] - Smart Wait Function is triggered

2021-11-19 17:01:12 - [MESSAGE][INFO] - Found 1 web elements with id: 'Object Repository/Popup/Popup' located by 'By.cssSelector: .bootbox-body' in '10' second(s)

2021-11-19 17:01:12 - [MESSAGE][PASSED] - Object 'Object Repository/Popup/Popup' is visible

2021-11-19 17:01:12 - [TEST_STEP][PASSED] - if (!(getText(findTestObject("Popup/Popup")).contains(Mesaj))): Text of object 'Object Repository/Popup/Popup' is: 'Seçilen faturalarınız onaylanacaktır. Onaylanan faturalar üzerinde değişiklik yapılamaz. Devam etmek istiyor musunuz?'

2021-11-19 17:01:12 - [MESSAGE][INFO] - Finding Test Object 'Object Repository/Popup/Popup'

2021-11-19 17:01:12 - [MESSAGE][INFO] - Checking object

2021-11-19 17:01:12 - [MESSAGE][INFO] - Finding web element from Test Object's properties

2021-11-19 17:01:12 - [MESSAGE][INFO] - Checking timeout

2021-11-19 17:01:12 - [MESSAGE][INFO] - Finding web element with id: 'Object Repository/Popup/Popup' located by 'By.cssSelector: .bootbox-body' in '30' second(s)

2021-11-19 17:01:12 - [MESSAGE][INFO] - Smart Wait Function is triggered

2021-11-19 17:01:12 - [MESSAGE][INFO] - Found 1 web elements with id: 'Object Repository/Popup/Popup' located by 'By.cssSelector: .bootbox-body' in '30' second(s)

2021-11-19 17:01:12 - [MESSAGE][INFO] - Getting text of object 'Object Repository/Popup/Popup'

2021-11-19 17:01:12 - [MESSAGE][PASSED] - Text of object 'Object Repository/Popup/Popup' is: 'Seçilen faturalarınız onaylanacaktır. Onaylanan faturalar üzerinde değişiklik yapılamaz. Devam etmek istiyor musunuz?'

2021-11-19 17:01:12 - [TEST_STEP][PASSED] - RaporNo = getText(findTestObject("Popup/Popup")).substring(0, 6): Text of object 'Object Repository/Popup/Popup' is: 'Seçilen faturalarınız onaylanacaktır. Onaylanan faturalar üzerinde değişiklik yapılamaz. Devam etmek istiyor musunuz?'

2021-11-19 17:01:12 - [MESSAGE][INFO] - Finding Test Object 'Object Repository/Popup/Popup'

2021-11-19 17:01:12 - [MESSAGE][INFO] - Checking object

2021-11-19 17:01:12 - [MESSAGE][INFO] - Finding web element from Test Object's properties

2021-11-19 17:01:12 - [MESSAGE][INFO] - Checking timeout

2021-11-19 17:01:12 - [MESSAGE][INFO] - Finding web element with id: 'Object Repository/Popup/Popup' located by 'By.cssSelector: .bootbox-body' in '30' second(s)

2021-11-19 17:01:12 - [MESSAGE][INFO] - Smart Wait Function is triggered

2021-11-19 17:01:13 - [MESSAGE][INFO] - Found 1 web elements with id: 'Object Repository/Popup/Popup' located by 'By.cssSelector: .bootbox-body' in '30' second(s)

2021-11-19 17:01:13 - [MESSAGE][INFO] - Getting text of object 'Object Repository/Popup/Popup'

2021-11-19 17:01:13 - [MESSAGE][PASSED] - Text of object 'Object Repository/Popup/Popup' is: 'Seçilen faturalarınız onaylanacaktır. Onaylanan faturalar üzerinde değişiklik yapılamaz. Devam etmek istiyor musunuz?'

2021-11-19 17:01:13 - [TEST_STEP][PASSED] - Console.println(RaporNo): null

2021-11-19 17:01:13 - [MESSAGE][PASSED] - Call Test Case 'Test Cases/Popup/PopupMesajiIceriyorMu' successfully

2021-11-19 17:01:13 - [MESSAGE][INFO] - Checking called Test Case

2021-11-19 17:01:13 - [MESSAGE][INFO] - Starting to call Test Case 'Test Cases/Popup/PopupButonSecilir'

2021-11-19 17:01:13 - [TEST_CASE][PASSED] - Test Cases/Popup/PopupButonSecilir: Test Cases/Popup/PopupButonSecilir

2021-11-19 17:01:13 - [TEST_STEP][PASSED] - Method.TextDegerineEsitElementeTikla(findTestObject("Popup/Popup_Butons"), Buton): Method.TextDegerineEsitElementeTikla is PASSED

2021-11-19 17:01:13 - [MESSAGE][INFO] - Finding Test Object 'Object Repository/Popup/Popup_Butons'

2021-11-19 17:01:13 - [MESSAGE][INFO] - Checking timeout

2021-11-19 17:01:13 - [MESSAGE][INFO] - Finding web element with id: 'Object Repository/Popup/Popup_Butons' located by 'By.cssSelector: .modal-footer>button' in '10' second(s)

2021-11-19 17:01:13 - [MESSAGE][INFO] - Smart Wait Function is triggered

2021-11-19 17:01:13 - [MESSAGE][INFO] - Found 2 web elements with id: 'Object Repository/Popup/Popup_Butons' located by 'By.cssSelector: .modal-footer>button' in '10' second(s)

2021-11-19 17:01:13 - [MESSAGE][PASSED] - Method.TextDegerineEsitElementeTikla is PASSED

2021-11-19 17:01:13 - [MESSAGE][PASSED] - Call Test Case 'Test Cases/Popup/PopupButonSecilir' successfully

2021-11-19 17:01:13 - [MESSAGE][INFO] - Checking called Test Case

2021-11-19 17:01:13 - [MESSAGE][INFO] - Starting to call Test Case 'Test Cases/Menu/AnaMenuSecimi'

2021-11-19 17:01:13 - [TEST_CASE][PASSED] - Test Cases/Menu/AnaMenuSecimi: Test Cases/Menu/AnaMenuSecimi

2021-11-19 17:01:13 - [TEST_STEP][PASSED] - Method.TextDegerineEsitElementeTikla(findTestObject("Menu/Ana_Menu"), Ana_Menu): Method.TextDegerineEsitElementeTikla is PASSED

2021-11-19 17:01:13 - [MESSAGE][INFO] - Finding Test Object 'Object Repository/Menu/Ana_Menu'

2021-11-19 17:01:14 - [MESSAGE][INFO] - Checking timeout

2021-11-19 17:01:14 - [MESSAGE][INFO] - Finding web element with id: 'Object Repository/Menu/Ana_Menu' located by 'By.xpath: //*[@class = 'dropdown-toggle']' in '10' second(s)

2021-11-19 17:01:14 - [MESSAGE][INFO] - Smart Wait Function is triggered

2021-11-19 17:01:15 - [MESSAGE][INFO] - Found 13 web elements with id: 'Object Repository/Menu/Ana_Menu' located by 'By.xpath: //*[@class = 'dropdown-toggle']' in '10' second(s)

2021-11-19 17:01:15 - [MESSAGE][PASSED] - Method.TextDegerineEsitElementeTikla is PASSED

2021-11-19 17:01:15 - [MESSAGE][PASSED] - Call Test Case 'Test Cases/Menu/AnaMenuSecimi' successfully

2021-11-19 17:01:15 - [MESSAGE][INFO] - Checking called Test Case

2021-11-19 17:01:15 - [MESSAGE][INFO] - Starting to call Test Case 'Test Cases/Menu/BasligaGoreAltMenuSecimi'

2021-11-19 17:01:15 - [TEST_CASE][PASSED] - Test Cases/Menu/BasligaGoreAltMenuSecimi: Test Cases/Menu/BasligaGoreAltMenuSecimi

2021-11-19 17:01:15 - [TEST_STEP][PASSED] - Method.TextDegerineEsitElementinAltindakiTextDegerineEsitOlanaTikla(findTestObject("Menu/Menu_Basligi"), findTestObject("Menu/Basliga_Gore_Alt_Menu"), Baslik, Alt_Menu): Method.TextDegerineEsitElementinAltindakiTextDegerineEsitOlanaTikla is PASSED

2021-11-19 17:01:15 - [MESSAGE][INFO] - Finding Test Object 'Object Repository/Menu/Menu_Basligi'

2021-11-19 17:01:15 - [MESSAGE][INFO] - Finding Test Object 'Object Repository/Menu/Basliga_Gore_Alt_Menu'

2021-11-19 17:01:15 - [MESSAGE][INFO] - Checking timeout

2021-11-19 17:01:15 - [MESSAGE][INFO] - Finding web element with id: 'Object Repository/Menu/Menu_Basligi' located by 'By.xpath: //li[@class='dropdown dropdown-large open']//li[@class='dropdown-header']' in '10' second(s)

2021-11-19 17:01:15 - [MESSAGE][INFO] - Smart Wait Function is triggered

2021-11-19 17:01:16 - [MESSAGE][INFO] - Found 2 web elements with id: 'Object Repository/Menu/Menu_Basligi' located by 'By.xpath: //li[@class='dropdown dropdown-large open']//li[@class='dropdown-header']' in '10' second(s)

2021-11-19 17:01:16 - [MESSAGE][INFO] - Smart Wait Function is triggered

2021-11-19 17:01:17 - [MESSAGE][PASSED] - Method.TextDegerineEsitElementinAltindakiTextDegerineEsitOlanaTikla is PASSED

2021-11-19 17:01:17 - [MESSAGE][PASSED] - Call Test Case 'Test Cases/Menu/BasligaGoreAltMenuSecimi' successfully

2021-11-19 17:01:17 - [MESSAGE][INFO] - Checking called Test Case

2021-11-19 17:01:17 - [MESSAGE][INFO] - Starting to call Test Case 'Test Cases/Filtreler/EttnYaz'

2021-11-19 17:01:17 - [TEST_CASE][PASSED] - Test Cases/Filtreler/EttnYaz: Test Cases/Filtreler/EttnYaz

2021-11-19 17:01:17 - [TEST_STEP][PASSED] - Method.TextDegerineEsitElementinAltindakiTextboxtaYaz(findTestObject("Filtreler/Basliklar"), findTestObject("Filtreler/Basliga_Gore_Textbox"), "ETTN", ettn): Method.TextDegerineEsitElementinAltindakiTextboxtaYaz is PASSED

2021-11-19 17:01:17 - [MESSAGE][INFO] - Finding Test Object 'Object Repository/Filtreler/Basliklar'

2021-11-19 17:01:17 - [MESSAGE][INFO] - Finding Test Object 'Object Repository/Filtreler/Basliga_Gore_Textbox'

2021-11-19 17:01:17 - [MESSAGE][INFO] - Checking timeout

2021-11-19 17:01:17 - [MESSAGE][INFO] - Finding web element with id: 'Object Repository/Filtreler/Basliklar' located by 'By.cssSelector: .control-label.col-sm-4.paddingMarginRLC' in '10' second(s)

2021-11-19 17:01:17 - [MESSAGE][INFO] - Smart Wait Function is triggered

2021-11-19 17:01:17 - [MESSAGE][INFO] - Found 19 web elements with id: 'Object Repository/Filtreler/Basliklar' located by 'By.cssSelector: .control-label.col-sm-4.paddingMarginRLC' in '10' second(s)

2021-11-19 17:01:18 - [MESSAGE][INFO] - Smart Wait Function is triggered

2021-11-19 17:01:18 - [MESSAGE][PASSED] - Method.TextDegerineEsitElementinAltindakiTextboxtaYaz is PASSED

2021-11-19 17:01:18 - [MESSAGE][PASSED] - Call Test Case 'Test Cases/Filtreler/EttnYaz' successfully

2021-11-19 17:01:18 - [MESSAGE][INFO] - Checking called Test Case

2021-11-19 17:01:18 - [MESSAGE][INFO] - Starting to call Test Case 'Test Cases/Filtreler/ButonaTikla'

2021-11-19 17:01:18 - [TEST_CASE][PASSED] - Test Cases/Filtreler/ButonaTikla: Test Cases/Filtreler/ButonaTikla

2021-11-19 17:01:18 - [TEST_STEP][PASSED] - Method.TextDegerineEsitElementeTikla(findTestObject("Filtreler/Butonlar"), Filtre_Buton): Method.TextDegerineEsitElementeTikla is PASSED

2021-11-19 17:01:18 - [MESSAGE][INFO] - Finding Test Object 'Object Repository/Filtreler/Butonlar'

2021-11-19 17:01:18 - [MESSAGE][INFO] - Checking timeout

2021-11-19 17:01:18 - [MESSAGE][INFO] - Finding web element with id: 'Object Repository/Filtreler/Butonlar' located by 'By.cssSelector: .dxb>span' in '10' second(s)

2021-11-19 17:01:18 - [MESSAGE][INFO] - Smart Wait Function is triggered

2021-11-19 17:01:19 - [MESSAGE][INFO] - Found 3 web elements with id: 'Object Repository/Filtreler/Butonlar' located by 'By.cssSelector: .dxb>span' in '10' second(s)

2021-11-19 17:01:19 - [MESSAGE][PASSED] - Method.TextDegerineEsitElementeTikla is PASSED

2021-11-19 17:01:19 - [MESSAGE][PASSED] - Call Test Case 'Test Cases/Filtreler/ButonaTikla' successfully

2021-11-19 17:01:19 - [MESSAGE][INFO] - Checking called Test Case

2021-11-19 17:01:19 - [MESSAGE][INFO] - Starting to call Test Case 'Test Cases/Tablo/TablodaVeriVarMi'

2021-11-19 17:01:19 - [TEST_CASE][PASSED] - Test Cases/Tablo/TablodaVeriVarMi: Test Cases/Tablo/TablodaVeriVarMi

2021-11-19 17:01:19 - [TEST_STEP][PASSED] - verifyTextNotPresent("Görüntülenecek veri yok", true): Text 'Görüntülenecek veri yok' is not present on page using regular expression

2021-11-19 17:01:19 - [MESSAGE][INFO] - Checking text present  using regular expression

2021-11-19 17:01:19 - [MESSAGE][INFO] - Smart Wait Function is triggered

2021-11-19 17:01:20 - [MESSAGE][INFO] - Finding text 'Görüntülenecek veri yok' on page  using regular expression

2021-11-19 17:01:20 - [MESSAGE][PASSED] - Text 'Görüntülenecek veri yok' is not present on page using regular expression

2021-11-19 17:01:20 - [MESSAGE][PASSED] - Call Test Case 'Test Cases/Tablo/TablodaVeriVarMi' successfully

2021-11-19 17:01:20 - [MESSAGE][INFO] - Checking called Test Case

2021-11-19 17:01:20 - [MESSAGE][INFO] - Starting to call Test Case 'Test Cases/Tablo/TablodaVeriBasariliMiArsiv'

2021-11-19 17:01:20 - [TEST_CASE][PASSED] - Test Cases/Tablo/TablodaVeriBasariliMiArsiv: Test Cases/Tablo/TablodaVeriBasariliMiArsiv

2021-11-19 17:01:20 - [TEST_STEP][PASSED] - sayac = 80: null

2021-11-19 17:01:20 - [TEST_STEP][PASSED] - while (verifyElementText(findTestObject("Object Repository/Tablo/DurumBilgisiArsiv"), "Henüz Sonuçlanmadı", OPTIONAL)): Actual text 'Başarılı' and expected text 'Henüz Sonuçlanmadı' of test object 'Object Repository/Tablo/DurumBilgisiArsiv' are NOT matched. (Root cause: com.kms.katalon.core.exception.StepFailedException: Actual text 'Başarılı' and expected text 'Henüz Sonuçlanmadı' of test object 'Object Repository/Tablo/DurumBilgisiArsiv' are NOT matched.
	at com.kms.katalon.core.webui.keyword.internal.WebUIKeywordMain.stepFailed(WebUIKeywordMain.groovy:64)
	at com.kms.katalon.core.webui.keyword.builtin.VerifyElementTextKeyword$_verifyElementText_closure1.doCall(VerifyElementTextKeyword.groovy:57)
	at com.kms.katalon.core.webui.keyword.builtin.VerifyElementTextKeyword$_verifyElementText_closure1.call(VerifyElementTextKeyword.groovy)
	at com.kms.katalon.core.webui.keyword.internal.WebUIKeywordMain.runKeyword(WebUIKeywordMain.groovy:20)
	at com.kms.katalon.core.webui.keyword.builtin.VerifyElementTextKeyword.verifyElementText(VerifyElementTextKeyword.groovy:72)
	at com.kms.katalon.core.webui.keyword.builtin.VerifyElementTextKeyword.execute(VerifyElementTextKeyword.groovy:40)
	at com.kms.katalon.core.keyword.internal.KeywordExecutor.executeKeywordForPlatform(KeywordExecutor.groovy:73)
	at com.kms.katalon.core.webui.keyword.WebUiBuiltInKeywords.verifyElementText(WebUiBuiltInKeywords.groovy:4733)
	at com.kms.katalon.core.webui.keyword.WebUiBuiltInKeywords$verifyElementText$20.call(Unknown Source)
	at TablodaVeriBasariliMiArsiv.run(TablodaVeriBasariliMiArsiv:22)
	at com.kms.katalon.core.main.ScriptEngine.run(ScriptEngine.java:194)
	at com.kms.katalon.core.main.ScriptEngine.runScriptAsRawText(ScriptEngine.java:119)
	at com.kms.katalon.core.main.TestCaseExecutor.runScript(TestCaseExecutor.java:369)
	at com.kms.katalon.core.main.TestCaseExecutor.doExecute(TestCaseExecutor.java:360)
	at com.kms.katalon.core.main.TestCaseExecutor.processExecutionPhase(TestCaseExecutor.java:339)
	at com.kms.katalon.core.main.TestCaseExecutor.accessMainPhase(TestCaseExecutor.java:331)
	at com.kms.katalon.core.main.TestCaseExecutor.execute(TestCaseExecutor.java:248)
	at com.kms.katalon.core.main.TestCaseMain.runTestCase(TestCaseMain.java:138)
	at com.kms.katalon.core.keyword.builtin.CallTestCaseKeyword$_callTestCase_closure1.doCall(CallTestCaseKeyword.groovy:59)
	at com.kms.katalon.core.keyword.builtin.CallTestCaseKeyword$_callTestCase_closure1.call(CallTestCaseKeyword.groovy)
	at com.kms.katalon.core.keyword.internal.KeywordMain.runKeyword(KeywordMain.groovy:68)
	at com.kms.katalon.core.keyword.builtin.CallTestCaseKeyword.callTestCase(CallTestCaseKeyword.groovy:81)
	at com.kms.katalon.core.keyword.builtin.CallTestCaseKeyword.execute(CallTestCaseKeyword.groovy:44)
	at com.kms.katalon.core.keyword.internal.KeywordExecutor.executeKeywordForPlatform(KeywordExecutor.groovy:73)
	at com.kms.katalon.core.keyword.BuiltinKeywords.callTestCase(BuiltinKeywords.groovy:334)
	at tablo.tablo.tablodaVeriBasariliMiArsiv(tablo.groovy:95)
	at cucumber.runtime.Utils$1.call(Utils.java:26)
	at cucumber.runtime.Timeout.timeout(Timeout.java:16)
	at cucumber.runtime.Utils.invoke(Utils.java:20)
	at cucumber.runtime.java.JavaStepDefinition.execute(JavaStepDefinition.java:49)
	at cucumber.runner.PickleStepDefinitionMatch.runStep(PickleStepDefinitionMatch.java:50)
	at cucumber.runner.TestStep.executeStep(TestStep.java:63)
	at cucumber.runner.TestStep.run(TestStep.java:49)
	at cucumber.runner.PickleStepTestStep.run(PickleStepTestStep.java:43)
	at cucumber.runner.TestCase.run(TestCase.java:44)
	at cucumber.runner.Runner.runPickle(Runner.java:40)
	at cucumber.runtime.Runtime$1.run(Runtime.java:84)
	at cucumber.runtime.Runtime$SameThreadExecutorService.execute(Runtime.java:220)
	at cucumber.runtime.Runtime.run(Runtime.java:81)
	at cucumber.api.cli.Main.run(Main.java:26)
	at cucumber.api.cli.Main$run.call(Unknown Source)
	at com.kms.katalon.core.cucumber.keyword.CucumberBuiltinKeywords$_runFeatureFile_closure1.doCall(CucumberBuiltinKeywords.groovy:106)
	at com.kms.katalon.core.cucumber.keyword.CucumberBuiltinKeywords$_runFeatureFile_closure1.doCall(CucumberBuiltinKeywords.groovy)
	at com.kms.katalon.core.keyword.internal.KeywordMain.runKeyword(KeywordMain.groovy:68)
	at com.kms.katalon.core.keyword.internal.KeywordMain$runKeyword.call(Unknown Source)
	at com.kms.katalon.core.cucumber.keyword.CucumberBuiltinKeywords.runFeatureFile(CucumberBuiltinKeywords.groovy:73)
	at com.kms.katalon.core.cucumber.keyword.CucumberBuiltinKeywords$runFeatureFile$0.callStatic(Unknown Source)
	at com.kms.katalon.core.cucumber.keyword.CucumberBuiltinKeywords.runFeatureFile(CucumberBuiltinKeywords.groovy:246)
	at com.kms.katalon.core.cucumber.keyword.CucumberBuiltinKeywords$runFeatureFile.call(Unknown Source)
	at VKN-Elektronik-Satis.run(VKN-Elektronik-Satis:19)
	at com.kms.katalon.core.main.ScriptEngine.run(ScriptEngine.java:194)
	at com.kms.katalon.core.main.ScriptEngine.runScriptAsRawText(ScriptEngine.java:119)
	at com.kms.katalon.core.main.TestCaseExecutor.runScript(TestCaseExecutor.java:369)
	at com.kms.katalon.core.main.TestCaseExecutor.doExecute(TestCaseExecutor.java:360)
	at com.kms.katalon.core.main.TestCaseExecutor.processExecutionPhase(TestCaseExecutor.java:339)
	at com.kms.katalon.core.main.TestCaseExecutor.accessMainPhase(TestCaseExecutor.java:331)
	at com.kms.katalon.core.main.TestCaseExecutor.execute(TestCaseExecutor.java:248)
	at com.kms.katalon.core.main.TestSuiteExecutor.accessTestCaseMainPhase(TestSuiteExecutor.java:191)
	at com.kms.katalon.core.main.TestSuiteExecutor.accessTestSuiteMainPhase(TestSuiteExecutor.java:140)
	at com.kms.katalon.core.main.TestSuiteExecutor.execute(TestSuiteExecutor.java:89)
	at com.kms.katalon.core.main.TestCaseMain.startTestSuite(TestCaseMain.java:181)
	at com.kms.katalon.core.main.TestCaseMain$startTestSuite$0.call(Unknown Source)
	at TempTestSuite1637329560940.run(TempTestSuite1637329560940.groovy:39)
)

2021-11-19 17:01:20 - [MESSAGE][INFO] - Finding Test Object 'Object Repository/Tablo/DurumBilgisiArsiv'

2021-11-19 17:01:20 - [MESSAGE][INFO] - Checking object

2021-11-19 17:01:20 - [MESSAGE][INFO] - Finding web element from Test Object's properties

2021-11-19 17:01:20 - [MESSAGE][INFO] - Checking timeout

2021-11-19 17:01:20 - [MESSAGE][INFO] - Finding web element with id: 'Object Repository/Tablo/DurumBilgisiArsiv' located by 'By.xpath: //*[@id = 'GridViewEArchiveInvoices_tccell0_9']' in '30' second(s)

2021-11-19 17:01:20 - [MESSAGE][INFO] - Smart Wait Function is triggered

2021-11-19 17:01:20 - [MESSAGE][INFO] - Found 1 web elements with id: 'Object Repository/Tablo/DurumBilgisiArsiv' located by 'By.xpath: //*[@id = 'GridViewEArchiveInvoices_tccell0_9']' in '30' second(s)

2021-11-19 17:01:20 - [MESSAGE][WARNING] - Actual text 'Başarılı' and expected text 'Henüz Sonuçlanmadı' of test object 'Object Repository/Tablo/DurumBilgisiArsiv' are NOT matched. (Root cause: com.kms.katalon.core.exception.StepFailedException: Actual text 'Başarılı' and expected text 'Henüz Sonuçlanmadı' of test object 'Object Repository/Tablo/DurumBilgisiArsiv' are NOT matched.
	at com.kms.katalon.core.webui.keyword.internal.WebUIKeywordMain.stepFailed(WebUIKeywordMain.groovy:64)
	at com.kms.katalon.core.webui.keyword.builtin.VerifyElementTextKeyword$_verifyElementText_closure1.doCall(VerifyElementTextKeyword.groovy:57)
	at com.kms.katalon.core.webui.keyword.builtin.VerifyElementTextKeyword$_verifyElementText_closure1.call(VerifyElementTextKeyword.groovy)
	at com.kms.katalon.core.webui.keyword.internal.WebUIKeywordMain.runKeyword(WebUIKeywordMain.groovy:20)
	at com.kms.katalon.core.webui.keyword.builtin.VerifyElementTextKeyword.verifyElementText(VerifyElementTextKeyword.groovy:72)
	at com.kms.katalon.core.webui.keyword.builtin.VerifyElementTextKeyword.execute(VerifyElementTextKeyword.groovy:40)
	at com.kms.katalon.core.keyword.internal.KeywordExecutor.executeKeywordForPlatform(KeywordExecutor.groovy:73)
	at com.kms.katalon.core.webui.keyword.WebUiBuiltInKeywords.verifyElementText(WebUiBuiltInKeywords.groovy:4733)
	at com.kms.katalon.core.webui.keyword.WebUiBuiltInKeywords$verifyElementText$20.call(Unknown Source)
	at TablodaVeriBasariliMiArsiv.run(TablodaVeriBasariliMiArsiv:22)
	at com.kms.katalon.core.main.ScriptEngine.run(ScriptEngine.java:194)
	at com.kms.katalon.core.main.ScriptEngine.runScriptAsRawText(ScriptEngine.java:119)
	at com.kms.katalon.core.main.TestCaseExecutor.runScript(TestCaseExecutor.java:369)
	at com.kms.katalon.core.main.TestCaseExecutor.doExecute(TestCaseExecutor.java:360)
	at com.kms.katalon.core.main.TestCaseExecutor.processExecutionPhase(TestCaseExecutor.java:339)
	at com.kms.katalon.core.main.TestCaseExecutor.accessMainPhase(TestCaseExecutor.java:331)
	at com.kms.katalon.core.main.TestCaseExecutor.execute(TestCaseExecutor.java:248)
	at com.kms.katalon.core.main.TestCaseMain.runTestCase(TestCaseMain.java:138)
	at com.kms.katalon.core.keyword.builtin.CallTestCaseKeyword$_callTestCase_closure1.doCall(CallTestCaseKeyword.groovy:59)
	at com.kms.katalon.core.keyword.builtin.CallTestCaseKeyword$_callTestCase_closure1.call(CallTestCaseKeyword.groovy)
	at com.kms.katalon.core.keyword.internal.KeywordMain.runKeyword(KeywordMain.groovy:68)
	at com.kms.katalon.core.keyword.builtin.CallTestCaseKeyword.callTestCase(CallTestCaseKeyword.groovy:81)
	at com.kms.katalon.core.keyword.builtin.CallTestCaseKeyword.execute(CallTestCaseKeyword.groovy:44)
	at com.kms.katalon.core.keyword.internal.KeywordExecutor.executeKeywordForPlatform(KeywordExecutor.groovy:73)
	at com.kms.katalon.core.keyword.BuiltinKeywords.callTestCase(BuiltinKeywords.groovy:334)
	at tablo.tablo.tablodaVeriBasariliMiArsiv(tablo.groovy:95)
	at cucumber.runtime.Utils$1.call(Utils.java:26)
	at cucumber.runtime.Timeout.timeout(Timeout.java:16)
	at cucumber.runtime.Utils.invoke(Utils.java:20)
	at cucumber.runtime.java.JavaStepDefinition.execute(JavaStepDefinition.java:49)
	at cucumber.runner.PickleStepDefinitionMatch.runStep(PickleStepDefinitionMatch.java:50)
	at cucumber.runner.TestStep.executeStep(TestStep.java:63)
	at cucumber.runner.TestStep.run(TestStep.java:49)
	at cucumber.runner.PickleStepTestStep.run(PickleStepTestStep.java:43)
	at cucumber.runner.TestCase.run(TestCase.java:44)
	at cucumber.runner.Runner.runPickle(Runner.java:40)
	at cucumber.runtime.Runtime$1.run(Runtime.java:84)
	at cucumber.runtime.Runtime$SameThreadExecutorService.execute(Runtime.java:220)
	at cucumber.runtime.Runtime.run(Runtime.java:81)
	at cucumber.api.cli.Main.run(Main.java:26)
	at cucumber.api.cli.Main$run.call(Unknown Source)
	at com.kms.katalon.core.cucumber.keyword.CucumberBuiltinKeywords$_runFeatureFile_closure1.doCall(CucumberBuiltinKeywords.groovy:106)
	at com.kms.katalon.core.cucumber.keyword.CucumberBuiltinKeywords$_runFeatureFile_closure1.doCall(CucumberBuiltinKeywords.groovy)
	at com.kms.katalon.core.keyword.internal.KeywordMain.runKeyword(KeywordMain.groovy:68)
	at com.kms.katalon.core.keyword.internal.KeywordMain$runKeyword.call(Unknown Source)
	at com.kms.katalon.core.cucumber.keyword.CucumberBuiltinKeywords.runFeatureFile(CucumberBuiltinKeywords.groovy:73)
	at com.kms.katalon.core.cucumber.keyword.CucumberBuiltinKeywords$runFeatureFile$0.callStatic(Unknown Source)
	at com.kms.katalon.core.cucumber.keyword.CucumberBuiltinKeywords.runFeatureFile(CucumberBuiltinKeywords.groovy:246)
	at com.kms.katalon.core.cucumber.keyword.CucumberBuiltinKeywords$runFeatureFile.call(Unknown Source)
	at VKN-Elektronik-Satis.run(VKN-Elektronik-Satis:19)
	at com.kms.katalon.core.main.ScriptEngine.run(ScriptEngine.java:194)
	at com.kms.katalon.core.main.ScriptEngine.runScriptAsRawText(ScriptEngine.java:119)
	at com.kms.katalon.core.main.TestCaseExecutor.runScript(TestCaseExecutor.java:369)
	at com.kms.katalon.core.main.TestCaseExecutor.doExecute(TestCaseExecutor.java:360)
	at com.kms.katalon.core.main.TestCaseExecutor.processExecutionPhase(TestCaseExecutor.java:339)
	at com.kms.katalon.core.main.TestCaseExecutor.accessMainPhase(TestCaseExecutor.java:331)
	at com.kms.katalon.core.main.TestCaseExecutor.execute(TestCaseExecutor.java:248)
	at com.kms.katalon.core.main.TestSuiteExecutor.accessTestCaseMainPhase(TestSuiteExecutor.java:191)
	at com.kms.katalon.core.main.TestSuiteExecutor.accessTestSuiteMainPhase(TestSuiteExecutor.java:140)
	at com.kms.katalon.core.main.TestSuiteExecutor.execute(TestSuiteExecutor.java:89)
	at com.kms.katalon.core.main.TestCaseMain.startTestSuite(TestCaseMain.java:181)
	at com.kms.katalon.core.main.TestCaseMain$startTestSuite$0.call(Unknown Source)
	at TempTestSuite1637329560940.run(TempTestSuite1637329560940.groovy:39)
)

2021-11-19 17:01:20 - [TEST_STEP][PASSED] - Method.TextDegerineEsitElementVarMi(findTestObject("Object Repository/Tablo/DurumBilgisiArsiv"), "Başarılı"): Method.TextDegerineEsitElementVarMi is PASSED

2021-11-19 17:01:20 - [MESSAGE][INFO] - Finding Test Object 'Object Repository/Tablo/DurumBilgisiArsiv'

2021-11-19 17:01:20 - [MESSAGE][INFO] - Checking timeout

2021-11-19 17:01:20 - [MESSAGE][INFO] - Finding web element with id: 'Object Repository/Tablo/DurumBilgisiArsiv' located by 'By.xpath: //*[@id = 'GridViewEArchiveInvoices_tccell0_9']' in '10' second(s)

2021-11-19 17:01:20 - [MESSAGE][INFO] - Smart Wait Function is triggered

2021-11-19 17:01:20 - [MESSAGE][INFO] - Found 1 web elements with id: 'Object Repository/Tablo/DurumBilgisiArsiv' located by 'By.xpath: //*[@id = 'GridViewEArchiveInvoices_tccell0_9']' in '10' second(s)

2021-11-19 17:01:20 - [MESSAGE][PASSED] - Method.TextDegerineEsitElementVarMi is PASSED

2021-11-19 17:01:20 - [MESSAGE][PASSED] - Call Test Case 'Test Cases/Tablo/TablodaVeriBasariliMiArsiv' successfully

2021-11-19 17:01:20 - [MESSAGE][INFO] - Checking called Test Case

2021-11-19 17:01:20 - [MESSAGE][INFO] - Starting to call Test Case 'Test Cases/Kullanici_Islemleri/KullaniciIslemlerindenSecimYapilir'

2021-11-19 17:01:21 - [TEST_CASE][PASSED] - Test Cases/Kullanici_Islemleri/KullaniciIslemlerindenSecimYapilir: Test Cases/Kullanici_Islemleri/KullaniciIslemlerindenSecimYapilir

2021-11-19 17:01:21 - [TEST_STEP][PASSED] - waitForElementClickable(findTestObject("Object Repository/Kullanici_Islemleri/KullaniciIslemleri"), 10): Object 'Object Repository/Kullanici_Islemleri/KullaniciIslemleri' is clickable

2021-11-19 17:01:21 - [MESSAGE][INFO] - Finding Test Object 'Object Repository/Kullanici_Islemleri/KullaniciIslemleri'

2021-11-19 17:01:21 - [MESSAGE][INFO] - Checking object

2021-11-19 17:01:21 - [MESSAGE][INFO] - Checking timeout

2021-11-19 17:01:21 - [MESSAGE][INFO] - Finding web element from Test Object's properties

2021-11-19 17:01:21 - [MESSAGE][INFO] - Checking timeout

2021-11-19 17:01:21 - [MESSAGE][INFO] - Finding web element with id: 'Object Repository/Kullanici_Islemleri/KullaniciIslemleri' located by 'By.cssSelector: .dropdown>a>img' in '10' second(s)

2021-11-19 17:01:21 - [MESSAGE][INFO] - Smart Wait Function is triggered

2021-11-19 17:01:21 - [MESSAGE][INFO] - Found 1 web elements with id: 'Object Repository/Kullanici_Islemleri/KullaniciIslemleri' located by 'By.cssSelector: .dropdown>a>img' in '10' second(s)

2021-11-19 17:01:21 - [MESSAGE][PASSED] - Object 'Object Repository/Kullanici_Islemleri/KullaniciIslemleri' is clickable

2021-11-19 17:01:21 - [TEST_STEP][PASSED] - click(findTestObject("Object Repository/Kullanici_Islemleri/KullaniciIslemleri")): Object: 'Object Repository/Kullanici_Islemleri/KullaniciIslemleri' is clicked on

2021-11-19 17:01:21 - [MESSAGE][INFO] - Finding Test Object 'Object Repository/Kullanici_Islemleri/KullaniciIslemleri'

2021-11-19 17:01:21 - [MESSAGE][INFO] - Checking object

2021-11-19 17:01:21 - [MESSAGE][INFO] - Finding web element from Test Object's properties

2021-11-19 17:01:21 - [MESSAGE][INFO] - Checking timeout

2021-11-19 17:01:21 - [MESSAGE][INFO] - Finding web element with id: 'Object Repository/Kullanici_Islemleri/KullaniciIslemleri' located by 'By.cssSelector: .dropdown>a>img' in '30' second(s)

2021-11-19 17:01:21 - [MESSAGE][INFO] - Smart Wait Function is triggered

2021-11-19 17:01:21 - [MESSAGE][INFO] - Found 1 web elements with id: 'Object Repository/Kullanici_Islemleri/KullaniciIslemleri' located by 'By.cssSelector: .dropdown>a>img' in '30' second(s)

2021-11-19 17:01:21 - [MESSAGE][INFO] - Clicking on object: 'Object Repository/Kullanici_Islemleri/KullaniciIslemleri'

2021-11-19 17:01:21 - [MESSAGE][PASSED] - Object: 'Object Repository/Kullanici_Islemleri/KullaniciIslemleri' is clicked on

2021-11-19 17:01:21 - [TEST_STEP][PASSED] - Method.TextDegerineEsitElementeTikla(findTestObject("Object Repository/Kullanici_Islemleri/Secenekler"), Islem): Method.TextDegerineEsitElementeTikla is PASSED

2021-11-19 17:01:21 - [MESSAGE][INFO] - Finding Test Object 'Object Repository/Kullanici_Islemleri/Secenekler'

2021-11-19 17:01:21 - [MESSAGE][INFO] - Checking timeout

2021-11-19 17:01:21 - [MESSAGE][INFO] - Finding web element with id: 'Object Repository/Kullanici_Islemleri/Secenekler' located by 'By.cssSelector: .nav.navbar-nav.navbar-right li a' in '10' second(s)

2021-11-19 17:01:21 - [MESSAGE][INFO] - Smart Wait Function is triggered

2021-11-19 17:01:22 - [MESSAGE][INFO] - Found 20 web elements with id: 'Object Repository/Kullanici_Islemleri/Secenekler' located by 'By.cssSelector: .nav.navbar-nav.navbar-right li a' in '10' second(s)

2021-11-19 17:01:23 - [MESSAGE][PASSED] - Method.TextDegerineEsitElementeTikla is PASSED

2021-11-19 17:01:23 - [TEST_STEP][PASSED] - verifyElementNotPresent(findTestObject("Object Repository/Kullanici_Islemleri/Secenekler"), 10): Web element with id: 'Object Repository/Kullanici_Islemleri/Secenekler' located by 'By.cssSelector: .nav.navbar-nav.navbar-right li a' is not present after '10' second(s)

2021-11-19 17:01:23 - [MESSAGE][INFO] - Finding Test Object 'Object Repository/Kullanici_Islemleri/Secenekler'

2021-11-19 17:01:23 - [MESSAGE][INFO] - Checking object

2021-11-19 17:01:23 - [MESSAGE][INFO] - Checking timeout

2021-11-19 17:01:23 - [MESSAGE][INFO] - Finding web element with id: 'Object Repository/Kullanici_Islemleri/Secenekler' located by 'By.cssSelector: .nav.navbar-nav.navbar-right li a' in '10' second(s)

2021-11-19 17:01:23 - [MESSAGE][INFO] - Smart Wait Function is triggered

2021-11-19 17:01:24 - [MESSAGE][PASSED] - Web element with id: 'Object Repository/Kullanici_Islemleri/Secenekler' located by 'By.cssSelector: .nav.navbar-nav.navbar-right li a' is not present after '10' second(s)

2021-11-19 17:01:24 - [MESSAGE][PASSED] - Call Test Case 'Test Cases/Kullanici_Islemleri/KullaniciIslemlerindenSecimYapilir' successfully

2021-11-19 17:01:24 - [TEST_CASE][PASSED] - Start Test Case : SCENARIO Gonderim tipi Kagit ve Satis tipinde e-Arsiv faturasi olusturulmasi: SCENARIO Gonderim tipi Kagit ve Satis tipinde e-Arsiv faturasi olusturulmasi

2021-11-19 17:01:24 - [TEST_STEP][PASSED] - Kullanıcı adı EARSATIS ve Şifre test1234 olarak giriş yapılır: Kullanıcı adı EARSATIS ve Şifre test1234 olarak giriş yapılır

2021-11-19 17:01:24 - [MESSAGE][PASSED] - Kullanıcı adı EARSATIS ve Şifre test1234 olarak giriş yapılır

2021-11-19 17:01:24 - [TEST_STEP][PASSED] - Ana menüden e-Arşiv seçilir: Ana menüden e-Arşiv seçilir

2021-11-19 17:01:24 - [MESSAGE][PASSED] - Ana menüden e-Arşiv seçilir

2021-11-19 17:01:24 - [TEST_STEP][PASSED] - Alt menü e-Arşiv Araçları başlığı altındaki e-Arşiv Fatura Oluşturma seçilir: Alt menü e-Arşiv Araçları başlığı altındaki e-Arşiv Fatura Oluşturma seçilir

2021-11-19 17:01:24 - [MESSAGE][PASSED] - Alt menü e-Arşiv Araçları başlığı altındaki e-Arşiv Fatura Oluşturma seçilir

2021-11-19 17:01:24 - [TEST_STEP][PASSED] - Tablodaki tüm veriler silinir: Tablodaki tüm veriler silinir

2021-11-19 17:01:24 - [MESSAGE][PASSED] - Tablodaki tüm veriler silinir

2021-11-19 17:01:24 - [TEST_STEP][PASSED] - Butonlardan Ekle isimli butona tıklanır: Butonlardan Ekle isimli butona tıklanır

2021-11-19 17:01:24 - [MESSAGE][PASSED] - Butonlardan Ekle isimli butona tıklanır

2021-11-19 17:01:24 - [TEST_STEP][PASSED] - Görsel tasarım sayfasının e-Arşiv Fatura Bilgileri başlığını içerdiği kontrol edilir: Görsel tasarım sayfasının e-Arşiv Fatura Bilgileri başlığını içerdiği kontrol edilir

2021-11-19 17:01:24 - [MESSAGE][PASSED] - Görsel tasarım sayfasının e-Arşiv Fatura Bilgileri başlığını içerdiği kontrol edilir

2021-11-19 17:01:24 - [TEST_STEP][PASSED] - Alıcı adı alanına UC0007 girilir: Alıcı adı alanına UC0007 girilir

2021-11-19 17:01:24 - [MESSAGE][PASSED] - Alıcı adı alanına UC0007 girilir

2021-11-19 17:01:24 - [TEST_STEP][PASSED] - Gönderim Şekli Elektronik olarak seçilir: Gönderim Şekli Elektronik olarak seçilir

2021-11-19 17:01:24 - [MESSAGE][PASSED] - Gönderim Şekli Elektronik olarak seçilir

2021-11-19 17:01:24 - [TEST_STEP][PASSED] - Tip alanından Satış seçilir: Tip alanından Satış seçilir

2021-11-19 17:01:24 - [MESSAGE][PASSED] - Tip alanından Satış seçilir

2021-11-19 17:01:24 - [TEST_STEP][PASSED] - Döküman Para Birimi alanından Türk Lirası seçilir: Döküman Para Birimi alanından Türk Lirası seçilir

2021-11-19 17:01:24 - [MESSAGE][PASSED] - Döküman Para Birimi alanından Türk Lirası seçilir

2021-11-19 17:01:24 - [TEST_STEP][PASSED] - Ön Ek EAR olarak seçilir: Ön Ek EAR olarak seçilir

2021-11-19 17:01:24 - [MESSAGE][PASSED] - Ön Ek EAR olarak seçilir

2021-11-19 17:01:24 - [TEST_STEP][PASSED] - Tasarım alanından Otomasyon seçilir: Tasarım alanından Otomasyon seçilir

2021-11-19 17:01:24 - [MESSAGE][PASSED] - Tasarım alanından Otomasyon seçilir

2021-11-19 17:01:24 - [TEST_STEP][PASSED] - Sipariş bilgileri UUC-SAT-1200001 ve 31.04.2020 olarak girilir: Sipariş bilgileri UUC-SAT-1200001 ve 31.04.2020 olarak girilir

2021-11-19 17:01:24 - [MESSAGE][PASSED] - Sipariş bilgileri UUC-SAT-1200001 ve 31.04.2020 olarak girilir

2021-11-19 17:01:24 - [TEST_STEP][PASSED] - İrsaliye Bilgileri AAAAAAAAAA,31.04.2020 olarak girilir: İrsaliye Bilgileri AAAAAAAAAA,31.04.2020 olarak girilir

2021-11-19 17:01:24 - [MESSAGE][PASSED] - İrsaliye Bilgileri AAAAAAAAAA,31.04.2020 olarak girilir

2021-11-19 17:01:24 - [TEST_STEP][PASSED] - Ekle butonuna basılır: Ekle butonuna basılır

2021-11-19 17:01:24 - [MESSAGE][PASSED] - Ekle butonuna basılır

2021-11-19 17:01:24 - [TEST_STEP][PASSED] - Ürün ekleme alanında Mal/Hizmet başlığına Otomasyon girilir: Ürün ekleme alanında Mal/Hizmet başlığına Otomasyon girilir

2021-11-19 17:01:24 - [MESSAGE][PASSED] - Ürün ekleme alanında Mal/Hizmet başlığına Otomasyon girilir

2021-11-19 17:01:24 - [TEST_STEP][PASSED] - Ürün ekleme alanında Açıklaması başlığına Virgosol girilir: Ürün ekleme alanında Açıklaması başlığına Virgosol girilir

2021-11-19 17:01:24 - [MESSAGE][PASSED] - Ürün ekleme alanında Açıklaması başlığına Virgosol girilir

2021-11-19 17:01:24 - [TEST_STEP][PASSED] - Ürün ekleme alanında Miktarı başlığına 400 girilir: Ürün ekleme alanında Miktarı başlığına 400 girilir

2021-11-19 17:01:24 - [MESSAGE][PASSED] - Ürün ekleme alanında Miktarı başlığına 400 girilir

2021-11-19 17:01:24 - [TEST_STEP][PASSED] - Ürün ekleme alanında Birim Fiyat başlığına 100 girilir: Ürün ekleme alanında Birim Fiyat başlığına 100 girilir

2021-11-19 17:01:24 - [MESSAGE][PASSED] - Ürün ekleme alanında Birim Fiyat başlığına 100 girilir

2021-11-19 17:01:24 - [TEST_STEP][PASSED] - Ürün ekleme alanında İskonto Oranı % başlığına 10 girilir: Ürün ekleme alanında İskonto Oranı % başlığına 10 girilir

2021-11-19 17:01:24 - [MESSAGE][PASSED] - Ürün ekleme alanında İskonto Oranı % başlığına 10 girilir

2021-11-19 17:01:24 - [TEST_STEP][PASSED] - Notlar alanına Otomasyon Not girilir: Notlar alanına Otomasyon Not girilir

2021-11-19 17:01:24 - [MESSAGE][PASSED] - Notlar alanına Otomasyon Not girilir

2021-11-19 17:01:24 - [TEST_STEP][PASSED] - Ettn bilgisi kayıt edilir: Ettn bilgisi kayıt edilir

2021-11-19 17:01:24 - [MESSAGE][PASSED] - Ettn bilgisi kayıt edilir

2021-11-19 17:01:24 - [TEST_STEP][PASSED] - Kaydet butonu seçilir: Kaydet butonu seçilir

2021-11-19 17:01:24 - [MESSAGE][PASSED] - Kaydet butonu seçilir

2021-11-19 17:01:24 - [TEST_STEP][PASSED] - Tabloda Ettn bilgisi kaydedilen veri oluşturuldu mu: Tabloda Ettn bilgisi kaydedilen veri oluşturuldu mu

2021-11-19 17:01:24 - [MESSAGE][PASSED] - Tabloda Ettn bilgisi kaydedilen veri oluşturuldu mu

2021-11-19 17:01:24 - [TEST_STEP][PASSED] - Tablodan Ettn bilgisi kaydedilen veri seçilir: Tablodan Ettn bilgisi kaydedilen veri seçilir

2021-11-19 17:01:24 - [MESSAGE][PASSED] - Tablodan Ettn bilgisi kaydedilen veri seçilir

2021-11-19 17:01:24 - [TEST_STEP][PASSED] - Butonlardan Numara Oluştur isimli butona tıklanır: Butonlardan Numara Oluştur isimli butona tıklanır

2021-11-19 17:01:24 - [MESSAGE][PASSED] - Butonlardan Numara Oluştur isimli butona tıklanır

2021-11-19 17:01:24 - [TEST_STEP][PASSED] - Popup mesajı Devam etmek istiyor musunuz içeriyor mu: Popup mesajı Devam etmek istiyor musunuz içeriyor mu

2021-11-19 17:01:24 - [MESSAGE][PASSED] - Popup mesajı Devam etmek istiyor musunuz içeriyor mu

2021-11-19 17:01:24 - [TEST_STEP][PASSED] - Yönetim popupında Evet seçilir: Yönetim popupında Evet seçilir

2021-11-19 17:01:24 - [MESSAGE][PASSED] - Yönetim popupında Evet seçilir

2021-11-19 17:01:24 - [TEST_STEP][PASSED] - Popup mesajı oluşmuştur içeriyor mu: Popup mesajı oluşmuştur içeriyor mu

2021-11-19 17:01:24 - [MESSAGE][PASSED] - Popup mesajı oluşmuştur içeriyor mu

2021-11-19 17:01:24 - [TEST_STEP][PASSED] - Yönetim popupında Tamam seçilir: Yönetim popupında Tamam seçilir

2021-11-19 17:01:24 - [MESSAGE][PASSED] - Yönetim popupında Tamam seçilir

2021-11-19 17:01:24 - [TEST_STEP][PASSED] - Tablodan Ettn bilgisi kaydedilen veri seçilir: Tablodan Ettn bilgisi kaydedilen veri seçilir

2021-11-19 17:01:24 - [MESSAGE][PASSED] - Tablodan Ettn bilgisi kaydedilen veri seçilir

2021-11-19 17:01:24 - [TEST_STEP][PASSED] - Butonlardan Gönder isimli butona tıklanır: Butonlardan Gönder isimli butona tıklanır

2021-11-19 17:01:24 - [MESSAGE][PASSED] - Butonlardan Gönder isimli butona tıklanır

2021-11-19 17:01:24 - [TEST_STEP][PASSED] - Popup mesajı Devam etmek istiyor musunuz içeriyor mu: Popup mesajı Devam etmek istiyor musunuz içeriyor mu

2021-11-19 17:01:24 - [MESSAGE][PASSED] - Popup mesajı Devam etmek istiyor musunuz içeriyor mu

2021-11-19 17:01:24 - [TEST_STEP][PASSED] - Yönetim popupında Evet seçilir: Yönetim popupında Evet seçilir

2021-11-19 17:01:24 - [MESSAGE][PASSED] - Yönetim popupında Evet seçilir

2021-11-19 17:01:24 - [TEST_STEP][PASSED] - Ana menüden e-Arşiv seçilir: Ana menüden e-Arşiv seçilir

2021-11-19 17:01:24 - [MESSAGE][PASSED] - Ana menüden e-Arşiv seçilir

2021-11-19 17:01:24 - [TEST_STEP][PASSED] - Alt menü e-Arşiv Hareketleri başlığı altındaki e-Arşiv Faturaları seçilir: Alt menü e-Arşiv Hareketleri başlığı altındaki e-Arşiv Faturaları seçilir

2021-11-19 17:01:24 - [MESSAGE][PASSED] - Alt menü e-Arşiv Hareketleri başlığı altındaki e-Arşiv Faturaları seçilir

2021-11-19 17:01:24 - [TEST_STEP][PASSED] - Filtrelerden Ettn filtresine Ettn bilgisi yaz: Filtrelerden Ettn filtresine Ettn bilgisi yaz

2021-11-19 17:01:24 - [MESSAGE][PASSED] - Filtrelerden Ettn filtresine Ettn bilgisi yaz

2021-11-19 17:01:24 - [TEST_STEP][PASSED] - Filtre butonlarından Listele seçilir: Filtre butonlarından Listele seçilir

2021-11-19 17:01:24 - [MESSAGE][PASSED] - Filtre butonlarından Listele seçilir

2021-11-19 17:01:24 - [TEST_STEP][PASSED] - Tabloda veri var mı kontrol edilir: Tabloda veri var mı kontrol edilir

2021-11-19 17:01:24 - [MESSAGE][PASSED] - Tabloda veri var mı kontrol edilir

2021-11-19 17:01:24 - [TEST_STEP][PASSED] - Tabloda yeni oluşturulan eArsiv verisi başarılı mı: Tabloda yeni oluşturulan eArsiv verisi başarılı mı

2021-11-19 17:01:24 - [MESSAGE][PASSED] - Tabloda yeni oluşturulan eArsiv verisi başarılı mı

2021-11-19 17:01:24 - [TEST_STEP][PASSED] - Kullanıcı işlemlerinden Çıkış seçilir: Kullanıcı işlemlerinden Çıkış seçilir

2021-11-19 17:01:24 - [MESSAGE][PASSED] - Kullanıcı işlemlerinden Çıkış seçilir

2021-11-19 17:01:24 - [MESSAGE][PASSED] - Feature file: 'Include/features/Regresyon/e-Arsiv/VKN-Elektronik-Satis.feature' was passed

2021-11-19 17:01:24 - [TEST_STEP][PASSED] - Start listener action : sampleAfterTestSuite: Invoke 'com.kms.katalon.core.annotation.AfterTestCase' method: 'Listener.sampleAfterTestSuite(...)' completed.

2021-11-19 17:01:24 - [MESSAGE][INFO] - Starting invoke 'com.kms.katalon.core.annotation.AfterTestCase' method: 'Listener.sampleAfterTestSuite(...)'

2021-11-19 17:01:24 - [TEST_STEP][PASSED] - closeBrowser(): Invoke 'com.kms.katalon.core.annotation.AfterTestCase' method: 'Listener.sampleAfterTestSuite(...)' completed.

2021-11-19 17:01:24 - [MESSAGE][INFO] - Closing browser

2021-11-19 17:01:25 - [MESSAGE][PASSED] - Browser is closed

2021-11-19 17:01:25 - [MESSAGE][INFO] - Invoke 'com.kms.katalon.core.annotation.AfterTestCase' method: 'Listener.sampleAfterTestSuite(...)' completed.]]></system-out>
         <system-err><![CDATA[]]></system-err>
      </testcase>
      <testcase name="Test Cases/Case Repository/Regresyon/e-Arsiv/VKN-Elektronik-Tevkifat" time="123.133" classname="Test Cases/Case Repository/Regresyon/e-Arsiv/VKN-Elektronik-Tevkifat" status="PASSED">
         <system-out><![CDATA[2021-11-19 17:01:25 - [TEST_CASE][PASSED] - Test Cases/Case Repository/Regresyon/e-Arsiv/VKN-Elektronik-Tevkifat: Test Cases/Case Repository/Regresyon/e-Arsiv/VKN-Elektronik-Tevkifat

2021-11-19 17:01:25 - [TEST_STEP][PASSED] - Start listener action : sampleBeforeTestSuite: Invoke 'com.kms.katalon.core.annotation.BeforeTestCase' method: 'Listener.sampleBeforeTestSuite(...)' completed.

2021-11-19 17:01:25 - [MESSAGE][INFO] - Starting invoke 'com.kms.katalon.core.annotation.BeforeTestCase' method: 'Listener.sampleBeforeTestSuite(...)'

2021-11-19 17:01:25 - [TEST_STEP][PASSED] - openBrowser(baseUrl): Browser is opened with url: 'https://efatura-stage.elogo.com.tr/'

2021-11-19 17:01:25 - [MESSAGE][INFO] - Opening browser

2021-11-19 17:01:25 - [MESSAGE][INFO] - Starting 'Chrome' driver

2021-11-19 17:01:25 - [MESSAGE][INFO] - User set preference: ['prefs', '{download.default_directory=C:\otomasyondownfiles}']

2021-11-19 17:01:25 - [MESSAGE][INFO] - Action delay is set to 0 milliseconds

2021-11-19 17:01:26 - [MESSAGE][INFO] - Navigating browser to: 'https://efatura-stage.elogo.com.tr/'

2021-11-19 17:01:28 - [MESSAGE][PASSED] - Browser is opened with url: 'https://efatura-stage.elogo.com.tr/'

2021-11-19 17:01:28 - [TEST_STEP][PASSED] - maximizeWindow(): Invoke 'com.kms.katalon.core.annotation.BeforeTestCase' method: 'Listener.sampleBeforeTestSuite(...)' completed.

2021-11-19 17:01:28 - [MESSAGE][INFO] - Maximizing current window

2021-11-19 17:01:28 - [MESSAGE][PASSED] - Current window maximized

2021-11-19 17:01:28 - [MESSAGE][INFO] - Invoke 'com.kms.katalon.core.annotation.BeforeTestCase' method: 'Listener.sampleBeforeTestSuite(...)' completed.

2021-11-19 17:01:29 - [TEST_STEP][PASSED] - runFeatureFile("Include/features/Regresyon/e-Arsiv/VKN-Elektronik-Tevkifat.feature"): Feature file: 'Include/features/Regresyon/e-Arsiv/VKN-Elektronik-Tevkifat.feature' was passed

2021-11-19 17:01:29 - [MESSAGE][INFO] - Starting run keyword runFeatureFile: 'Include/features/Regresyon/e-Arsiv/VKN-Elektronik-Tevkifat.feature' and extract report to folder: 'C:\Users\DELL\Documents\GitHub\EES_KatalonLogo\Reports\20211119_164526\Suite Repository\Regresyon-eArsiv-eMakbuz\20211119_164600/cucumber_report/1637330489313'...

2021-11-19 17:01:29 - [MESSAGE][INFO] - Glue: []

2021-11-19 17:01:30 - [MESSAGE][INFO] - Checking called Test Case

2021-11-19 17:01:30 - [MESSAGE][INFO] - Starting to call Test Case 'Test Cases/Sayfalar/Giris_Sayfasi/Login'

2021-11-19 17:01:30 - [TEST_CASE][PASSED] - Test Cases/Sayfalar/Giris_Sayfasi/Login: Test Cases/Sayfalar/Giris_Sayfasi/Login

2021-11-19 17:01:30 - [TEST_STEP][PASSED] - Sayfa_Basligi = getWindowTitle(): Current window's title is: 'LOGO e-Fatura'

2021-11-19 17:01:30 - [MESSAGE][INFO] - Getting current window's title

2021-11-19 17:01:30 - [MESSAGE][PASSED] - Current window's title is: 'LOGO e-Fatura'

2021-11-19 17:01:30 - [TEST_STEP][PASSED] - verifyMatch(Sayfa_Basligi, "LOGO e-Fatura", false): Actual text 'LOGO e-Fatura' and expected text 'LOGO e-Fatura' are matched 

2021-11-19 17:01:30 - [MESSAGE][INFO] - Matching actual text 'LOGO e-Fatura' with expected text 'LOGO e-Fatura'

2021-11-19 17:01:30 - [MESSAGE][PASSED] - Actual text 'LOGO e-Fatura' and expected text 'LOGO e-Fatura' are matched 

2021-11-19 17:01:30 - [TEST_STEP][PASSED] - sendKeys(findTestObject("Sayfalar/Giris_Sayfasi/Firma_Kodu"), KullaniciAdi): Keys 'EARTEVKIFAT' sent to object: 'Object Repository/Sayfalar/Giris_Sayfasi/Firma_Kodu'

2021-11-19 17:01:30 - [MESSAGE][INFO] - Finding Test Object 'Object Repository/Sayfalar/Giris_Sayfasi/Firma_Kodu'

2021-11-19 17:01:30 - [MESSAGE][INFO] - Sending keys 'EARTEVKIFAT' to object: 'Object Repository/Sayfalar/Giris_Sayfasi/Firma_Kodu'

2021-11-19 17:01:30 - [MESSAGE][INFO] - Finding web element from Test Object's properties

2021-11-19 17:01:30 - [MESSAGE][INFO] - Checking timeout

2021-11-19 17:01:30 - [MESSAGE][INFO] - Finding web element with id: 'Object Repository/Sayfalar/Giris_Sayfasi/Firma_Kodu' located by 'By.xpath: //*[@id = 'AccountName']' in '30' second(s)

2021-11-19 17:01:30 - [MESSAGE][INFO] - Smart Wait Function is triggered

2021-11-19 17:01:31 - [MESSAGE][INFO] - Found 1 web elements with id: 'Object Repository/Sayfalar/Giris_Sayfasi/Firma_Kodu' located by 'By.xpath: //*[@id = 'AccountName']' in '30' second(s)

2021-11-19 17:01:31 - [MESSAGE][PASSED] - Keys 'EARTEVKIFAT' sent to object: 'Object Repository/Sayfalar/Giris_Sayfasi/Firma_Kodu'

2021-11-19 17:01:31 - [TEST_STEP][PASSED] - sendKeys(findTestObject("Sayfalar/Giris_Sayfasi/Sifre"), Sifre): Keys 'test1234' sent to object: 'Object Repository/Sayfalar/Giris_Sayfasi/Sifre'

2021-11-19 17:01:31 - [MESSAGE][INFO] - Finding Test Object 'Object Repository/Sayfalar/Giris_Sayfasi/Sifre'

2021-11-19 17:01:31 - [MESSAGE][INFO] - Sending keys 'test1234' to object: 'Object Repository/Sayfalar/Giris_Sayfasi/Sifre'

2021-11-19 17:01:31 - [MESSAGE][INFO] - Finding web element from Test Object's properties

2021-11-19 17:01:31 - [MESSAGE][INFO] - Checking timeout

2021-11-19 17:01:31 - [MESSAGE][INFO] - Finding web element with id: 'Object Repository/Sayfalar/Giris_Sayfasi/Sifre' located by 'By.xpath: //*[@id = 'Password']' in '30' second(s)

2021-11-19 17:01:31 - [MESSAGE][INFO] - Smart Wait Function is triggered

2021-11-19 17:01:31 - [MESSAGE][INFO] - Found 1 web elements with id: 'Object Repository/Sayfalar/Giris_Sayfasi/Sifre' located by 'By.xpath: //*[@id = 'Password']' in '30' second(s)

2021-11-19 17:01:31 - [MESSAGE][PASSED] - Keys 'test1234' sent to object: 'Object Repository/Sayfalar/Giris_Sayfasi/Sifre'

2021-11-19 17:01:31 - [TEST_STEP][PASSED] - findWebElement(findTestObject("Sayfalar/Giris_Sayfasi/Giris_Butonu")).click(): Found 1 web elements with id: 'Object Repository/Sayfalar/Giris_Sayfasi/Giris_Butonu' located by 'By.cssSelector: #btnLogin' in '30' second(s)

2021-11-19 17:01:31 - [MESSAGE][INFO] - Finding Test Object 'Object Repository/Sayfalar/Giris_Sayfasi/Giris_Butonu'

2021-11-19 17:01:31 - [MESSAGE][INFO] - Finding web element from Test Object's properties

2021-11-19 17:01:31 - [MESSAGE][INFO] - Checking timeout

2021-11-19 17:01:31 - [MESSAGE][INFO] - Finding web element with id: 'Object Repository/Sayfalar/Giris_Sayfasi/Giris_Butonu' located by 'By.cssSelector: #btnLogin' in '30' second(s)

2021-11-19 17:01:31 - [MESSAGE][INFO] - Smart Wait Function is triggered

2021-11-19 17:01:32 - [MESSAGE][INFO] - Found 1 web elements with id: 'Object Repository/Sayfalar/Giris_Sayfasi/Giris_Butonu' located by 'By.cssSelector: #btnLogin' in '30' second(s)

2021-11-19 17:01:33 - [TEST_STEP][PASSED] - if (verifyElementPresent(findTestObject("Object Repository/Sayfalar/Giris_Sayfasi/RetveTamam_Butonu"), 5, OPTIONAL)): null

2021-11-19 17:01:33 - [MESSAGE][INFO] - Finding Test Object 'Object Repository/Sayfalar/Giris_Sayfasi/RetveTamam_Butonu'

2021-11-19 17:01:33 - [MESSAGE][INFO] - Checking object

2021-11-19 17:01:33 - [MESSAGE][INFO] - Finding web element from Test Object's properties

2021-11-19 17:01:33 - [MESSAGE][INFO] - Checking timeout

2021-11-19 17:01:33 - [MESSAGE][INFO] - Finding web element with id: 'Object Repository/Sayfalar/Giris_Sayfasi/RetveTamam_Butonu' located by 'By.xpath: //*[@class = 'btn btn-default']' in '5' second(s)

2021-11-19 17:01:33 - [MESSAGE][INFO] - Smart Wait Function is triggered

2021-11-19 17:01:34 - [MESSAGE][INFO] - Found 1 web elements with id: 'Object Repository/Sayfalar/Giris_Sayfasi/RetveTamam_Butonu' located by 'By.xpath: //*[@class = 'btn btn-default']' in '5' second(s)

2021-11-19 17:01:34 - [MESSAGE][PASSED] - Object 'Object Repository/Sayfalar/Giris_Sayfasi/RetveTamam_Butonu' is present

2021-11-19 17:01:34 - [TEST_STEP][PASSED] - click(findTestObject("Object Repository/Sayfalar/Giris_Sayfasi/RetveTamam_Butonu")): Object: 'Object Repository/Sayfalar/Giris_Sayfasi/RetveTamam_Butonu' is clicked on

2021-11-19 17:01:34 - [MESSAGE][INFO] - Finding Test Object 'Object Repository/Sayfalar/Giris_Sayfasi/RetveTamam_Butonu'

2021-11-19 17:01:34 - [MESSAGE][INFO] - Checking object

2021-11-19 17:01:34 - [MESSAGE][INFO] - Finding web element from Test Object's properties

2021-11-19 17:01:34 - [MESSAGE][INFO] - Checking timeout

2021-11-19 17:01:34 - [MESSAGE][INFO] - Finding web element with id: 'Object Repository/Sayfalar/Giris_Sayfasi/RetveTamam_Butonu' located by 'By.xpath: //*[@class = 'btn btn-default']' in '30' second(s)

2021-11-19 17:01:34 - [MESSAGE][INFO] - Smart Wait Function is triggered

2021-11-19 17:01:34 - [MESSAGE][INFO] - Found 1 web elements with id: 'Object Repository/Sayfalar/Giris_Sayfasi/RetveTamam_Butonu' located by 'By.xpath: //*[@class = 'btn btn-default']' in '30' second(s)

2021-11-19 17:01:34 - [MESSAGE][INFO] - Clicking on object: 'Object Repository/Sayfalar/Giris_Sayfasi/RetveTamam_Butonu'

2021-11-19 17:01:34 - [MESSAGE][PASSED] - Object: 'Object Repository/Sayfalar/Giris_Sayfasi/RetveTamam_Butonu' is clicked on

2021-11-19 17:01:34 - [TEST_STEP][PASSED] - click(findTestObject("Object Repository/Sayfalar/Giris_Sayfasi/RetveTamam_Butonu")): Object: 'Object Repository/Sayfalar/Giris_Sayfasi/RetveTamam_Butonu' is clicked on

2021-11-19 17:01:34 - [MESSAGE][INFO] - Finding Test Object 'Object Repository/Sayfalar/Giris_Sayfasi/RetveTamam_Butonu'

2021-11-19 17:01:34 - [MESSAGE][INFO] - Checking object

2021-11-19 17:01:34 - [MESSAGE][INFO] - Finding web element from Test Object's properties

2021-11-19 17:01:34 - [MESSAGE][INFO] - Checking timeout

2021-11-19 17:01:34 - [MESSAGE][INFO] - Finding web element with id: 'Object Repository/Sayfalar/Giris_Sayfasi/RetveTamam_Butonu' located by 'By.xpath: //*[@class = 'btn btn-default']' in '30' second(s)

2021-11-19 17:01:34 - [MESSAGE][INFO] - Smart Wait Function is triggered

2021-11-19 17:01:37 - [MESSAGE][INFO] - Found 1 web elements with id: 'Object Repository/Sayfalar/Giris_Sayfasi/RetveTamam_Butonu' located by 'By.xpath: //*[@class = 'btn btn-default']' in '30' second(s)

2021-11-19 17:01:37 - [MESSAGE][INFO] - Clicking on object: 'Object Repository/Sayfalar/Giris_Sayfasi/RetveTamam_Butonu'

2021-11-19 17:01:37 - [MESSAGE][PASSED] - Object: 'Object Repository/Sayfalar/Giris_Sayfasi/RetveTamam_Butonu' is clicked on

2021-11-19 17:01:37 - [TEST_STEP][PASSED] - if (verifyElementPresent(findTestObject("Sayfalar/Giris_Sayfasi/PopupOK"), 5, OPTIONAL)): com.kms.katalon.core.webui.exception.WebElementNotFoundException: Web element with id: 'Object Repository/Sayfalar/Giris_Sayfasi/PopupOK' located by '.btn.btn-success' not found (Root cause: com.kms.katalon.core.exception.StepFailedException: com.kms.katalon.core.webui.exception.WebElementNotFoundException: Web element with id: 'Object Repository/Sayfalar/Giris_Sayfasi/PopupOK' located by '.btn.btn-success' not found
	at com.kms.katalon.core.webui.keyword.internal.WebUIKeywordMain.stepFailed(WebUIKeywordMain.groovy:64)
	at com.kms.katalon.core.webui.keyword.builtin.VerifyElementPresentKeyword$_verifyElementPresent_closure1.doCall(VerifyElementPresentKeyword.groovy:85)
	at com.kms.katalon.core.webui.keyword.builtin.VerifyElementPresentKeyword$_verifyElementPresent_closure1.call(VerifyElementPresentKeyword.groovy)
	at com.kms.katalon.core.webui.keyword.internal.WebUIKeywordMain.runKeyword(WebUIKeywordMain.groovy:20)
	at com.kms.katalon.core.webui.keyword.builtin.VerifyElementPresentKeyword.verifyElementPresent(VerifyElementPresentKeyword.groovy:92)
	at com.kms.katalon.core.webui.keyword.builtin.VerifyElementPresentKeyword.execute(VerifyElementPresentKeyword.groovy:68)
	at com.kms.katalon.core.keyword.internal.KeywordExecutor.executeKeywordForPlatform(KeywordExecutor.groovy:73)
	at com.kms.katalon.core.webui.keyword.WebUiBuiltInKeywords.verifyElementPresent(WebUiBuiltInKeywords.groovy:1448)
	at com.kms.katalon.core.webui.keyword.WebUiBuiltInKeywords$verifyElementPresent$4.call(Unknown Source)
	at Login.run(Login:40)
	at com.kms.katalon.core.main.ScriptEngine.run(ScriptEngine.java:194)
	at com.kms.katalon.core.main.ScriptEngine.runScriptAsRawText(ScriptEngine.java:119)
	at com.kms.katalon.core.main.TestCaseExecutor.runScript(TestCaseExecutor.java:369)
	at com.kms.katalon.core.main.TestCaseExecutor.doExecute(TestCaseExecutor.java:360)
	at com.kms.katalon.core.main.TestCaseExecutor.processExecutionPhase(TestCaseExecutor.java:339)
	at com.kms.katalon.core.main.TestCaseExecutor.accessMainPhase(TestCaseExecutor.java:331)
	at com.kms.katalon.core.main.TestCaseExecutor.execute(TestCaseExecutor.java:248)
	at com.kms.katalon.core.main.TestCaseMain.runTestCase(TestCaseMain.java:138)
	at com.kms.katalon.core.keyword.builtin.CallTestCaseKeyword$_callTestCase_closure1.doCall(CallTestCaseKeyword.groovy:59)
	at com.kms.katalon.core.keyword.builtin.CallTestCaseKeyword$_callTestCase_closure1.call(CallTestCaseKeyword.groovy)
	at com.kms.katalon.core.keyword.internal.KeywordMain.runKeyword(KeywordMain.groovy:68)
	at com.kms.katalon.core.keyword.builtin.CallTestCaseKeyword.callTestCase(CallTestCaseKeyword.groovy:81)
	at com.kms.katalon.core.keyword.builtin.CallTestCaseKeyword.execute(CallTestCaseKeyword.groovy:44)
	at com.kms.katalon.core.keyword.internal.KeywordExecutor.executeKeywordForPlatform(KeywordExecutor.groovy:73)
	at com.kms.katalon.core.keyword.BuiltinKeywords.callTestCase(BuiltinKeywords.groovy:334)
	at sayfalar.girisSayfasi.login(girisSayfasi.groovy:50)
	at cucumber.runtime.Utils$1.call(Utils.java:26)
	at cucumber.runtime.Timeout.timeout(Timeout.java:16)
	at cucumber.runtime.Utils.invoke(Utils.java:20)
	at cucumber.runtime.java.JavaStepDefinition.execute(JavaStepDefinition.java:49)
	at cucumber.runner.PickleStepDefinitionMatch.runStep(PickleStepDefinitionMatch.java:50)
	at cucumber.runner.TestStep.executeStep(TestStep.java:63)
	at cucumber.runner.TestStep.run(TestStep.java:49)
	at cucumber.runner.PickleStepTestStep.run(PickleStepTestStep.java:43)
	at cucumber.runner.TestCase.run(TestCase.java:44)
	at cucumber.runner.Runner.runPickle(Runner.java:40)
	at cucumber.runtime.Runtime$1.run(Runtime.java:84)
	at cucumber.runtime.Runtime$SameThreadExecutorService.execute(Runtime.java:220)
	at cucumber.runtime.Runtime.run(Runtime.java:81)
	at cucumber.api.cli.Main.run(Main.java:26)
	at cucumber.api.cli.Main$run.call(Unknown Source)
	at com.kms.katalon.core.cucumber.keyword.CucumberBuiltinKeywords$_runFeatureFile_closure1.doCall(CucumberBuiltinKeywords.groovy:106)
	at com.kms.katalon.core.cucumber.keyword.CucumberBuiltinKeywords$_runFeatureFile_closure1.doCall(CucumberBuiltinKeywords.groovy)
	at com.kms.katalon.core.keyword.internal.KeywordMain.runKeyword(KeywordMain.groovy:68)
	at com.kms.katalon.core.keyword.internal.KeywordMain$runKeyword.call(Unknown Source)
	at com.kms.katalon.core.cucumber.keyword.CucumberBuiltinKeywords.runFeatureFile(CucumberBuiltinKeywords.groovy:73)
	at com.kms.katalon.core.cucumber.keyword.CucumberBuiltinKeywords$runFeatureFile$0.callStatic(Unknown Source)
	at com.kms.katalon.core.cucumber.keyword.CucumberBuiltinKeywords.runFeatureFile(CucumberBuiltinKeywords.groovy:246)
	at com.kms.katalon.core.cucumber.keyword.CucumberBuiltinKeywords$runFeatureFile.call(Unknown Source)
	at VKN-Elektronik-Tevkifat.run(VKN-Elektronik-Tevkifat:19)
	at com.kms.katalon.core.main.ScriptEngine.run(ScriptEngine.java:194)
	at com.kms.katalon.core.main.ScriptEngine.runScriptAsRawText(ScriptEngine.java:119)
	at com.kms.katalon.core.main.TestCaseExecutor.runScript(TestCaseExecutor.java:369)
	at com.kms.katalon.core.main.TestCaseExecutor.doExecute(TestCaseExecutor.java:360)
	at com.kms.katalon.core.main.TestCaseExecutor.processExecutionPhase(TestCaseExecutor.java:339)
	at com.kms.katalon.core.main.TestCaseExecutor.accessMainPhase(TestCaseExecutor.java:331)
	at com.kms.katalon.core.main.TestCaseExecutor.execute(TestCaseExecutor.java:248)
	at com.kms.katalon.core.main.TestSuiteExecutor.accessTestCaseMainPhase(TestSuiteExecutor.java:191)
	at com.kms.katalon.core.main.TestSuiteExecutor.accessTestSuiteMainPhase(TestSuiteExecutor.java:140)
	at com.kms.katalon.core.main.TestSuiteExecutor.execute(TestSuiteExecutor.java:89)
	at com.kms.katalon.core.main.TestCaseMain.startTestSuite(TestCaseMain.java:181)
	at com.kms.katalon.core.main.TestCaseMain$startTestSuite$0.call(Unknown Source)
	at TempTestSuite1637329560940.run(TempTestSuite1637329560940.groovy:39)
)

2021-11-19 17:01:37 - [MESSAGE][INFO] - Finding Test Object 'Object Repository/Sayfalar/Giris_Sayfasi/PopupOK'

2021-11-19 17:01:37 - [MESSAGE][INFO] - Checking object

2021-11-19 17:01:37 - [MESSAGE][INFO] - Finding web element from Test Object's properties

2021-11-19 17:01:37 - [MESSAGE][INFO] - Checking timeout

2021-11-19 17:01:37 - [MESSAGE][INFO] - Finding web element with id: 'Object Repository/Sayfalar/Giris_Sayfasi/PopupOK' located by 'By.cssSelector: .btn.btn-success' in '5' second(s)

2021-11-19 17:01:37 - [MESSAGE][INFO] - Smart Wait Function is triggered

2021-11-19 17:01:38 - [MESSAGE][INFO] - Smart Wait Function is triggered

2021-11-19 17:01:38 - [MESSAGE][INFO] - Smart Wait Function is triggered

2021-11-19 17:01:39 - [MESSAGE][INFO] - Smart Wait Function is triggered

2021-11-19 17:01:39 - [MESSAGE][INFO] - Smart Wait Function is triggered

2021-11-19 17:01:39 - [MESSAGE][INFO] - Smart Wait Function is triggered

2021-11-19 17:01:39 - [MESSAGE][INFO] - Smart Wait Function is triggered

2021-11-19 17:01:40 - [MESSAGE][INFO] - Smart Wait Function is triggered

2021-11-19 17:01:40 - [MESSAGE][INFO] - Smart Wait Function is triggered

2021-11-19 17:01:40 - [MESSAGE][INFO] - Smart Wait Function is triggered

2021-11-19 17:01:41 - [MESSAGE][INFO] - Smart Wait Function is triggered

2021-11-19 17:01:41 - [MESSAGE][INFO] - Smart Wait Function is triggered

2021-11-19 17:01:41 - [MESSAGE][INFO] - Smart Wait Function is triggered

2021-11-19 17:01:41 - [MESSAGE][INFO] - Smart Wait Function is triggered

2021-11-19 17:01:42 - [MESSAGE][INFO] - Smart Wait Function is triggered

2021-11-19 17:01:42 - [MESSAGE][INFO] - Smart Wait Function is triggered

2021-11-19 17:01:42 - [MESSAGE][INFO] - Smart Wait Function is triggered

2021-11-19 17:01:42 - [MESSAGE][INFO] - Smart Wait Function is triggered

2021-11-19 17:01:43 - [MESSAGE][INFO] - Smart Wait Function is triggered

2021-11-19 17:01:43 - [MESSAGE][INFO] - Smart Wait Function is triggered

2021-11-19 17:01:43 - [MESSAGE][INFO] - Smart Wait Function is triggered

2021-11-19 17:01:44 - [MESSAGE][INFO] - Unable to find the element located by 'By.cssSelector: .btn.btn-success'. Please recheck the objects properties to make sure the desired element is located. 

2021-11-19 17:01:44 - [MESSAGE][WARNING] - com.kms.katalon.core.webui.exception.WebElementNotFoundException: Web element with id: 'Object Repository/Sayfalar/Giris_Sayfasi/PopupOK' located by '.btn.btn-success' not found (Root cause: com.kms.katalon.core.exception.StepFailedException: com.kms.katalon.core.webui.exception.WebElementNotFoundException: Web element with id: 'Object Repository/Sayfalar/Giris_Sayfasi/PopupOK' located by '.btn.btn-success' not found
	at com.kms.katalon.core.webui.keyword.internal.WebUIKeywordMain.stepFailed(WebUIKeywordMain.groovy:64)
	at com.kms.katalon.core.webui.keyword.builtin.VerifyElementPresentKeyword$_verifyElementPresent_closure1.doCall(VerifyElementPresentKeyword.groovy:85)
	at com.kms.katalon.core.webui.keyword.builtin.VerifyElementPresentKeyword$_verifyElementPresent_closure1.call(VerifyElementPresentKeyword.groovy)
	at com.kms.katalon.core.webui.keyword.internal.WebUIKeywordMain.runKeyword(WebUIKeywordMain.groovy:20)
	at com.kms.katalon.core.webui.keyword.builtin.VerifyElementPresentKeyword.verifyElementPresent(VerifyElementPresentKeyword.groovy:92)
	at com.kms.katalon.core.webui.keyword.builtin.VerifyElementPresentKeyword.execute(VerifyElementPresentKeyword.groovy:68)
	at com.kms.katalon.core.keyword.internal.KeywordExecutor.executeKeywordForPlatform(KeywordExecutor.groovy:73)
	at com.kms.katalon.core.webui.keyword.WebUiBuiltInKeywords.verifyElementPresent(WebUiBuiltInKeywords.groovy:1448)
	at com.kms.katalon.core.webui.keyword.WebUiBuiltInKeywords$verifyElementPresent$4.call(Unknown Source)
	at Login.run(Login:40)
	at com.kms.katalon.core.main.ScriptEngine.run(ScriptEngine.java:194)
	at com.kms.katalon.core.main.ScriptEngine.runScriptAsRawText(ScriptEngine.java:119)
	at com.kms.katalon.core.main.TestCaseExecutor.runScript(TestCaseExecutor.java:369)
	at com.kms.katalon.core.main.TestCaseExecutor.doExecute(TestCaseExecutor.java:360)
	at com.kms.katalon.core.main.TestCaseExecutor.processExecutionPhase(TestCaseExecutor.java:339)
	at com.kms.katalon.core.main.TestCaseExecutor.accessMainPhase(TestCaseExecutor.java:331)
	at com.kms.katalon.core.main.TestCaseExecutor.execute(TestCaseExecutor.java:248)
	at com.kms.katalon.core.main.TestCaseMain.runTestCase(TestCaseMain.java:138)
	at com.kms.katalon.core.keyword.builtin.CallTestCaseKeyword$_callTestCase_closure1.doCall(CallTestCaseKeyword.groovy:59)
	at com.kms.katalon.core.keyword.builtin.CallTestCaseKeyword$_callTestCase_closure1.call(CallTestCaseKeyword.groovy)
	at com.kms.katalon.core.keyword.internal.KeywordMain.runKeyword(KeywordMain.groovy:68)
	at com.kms.katalon.core.keyword.builtin.CallTestCaseKeyword.callTestCase(CallTestCaseKeyword.groovy:81)
	at com.kms.katalon.core.keyword.builtin.CallTestCaseKeyword.execute(CallTestCaseKeyword.groovy:44)
	at com.kms.katalon.core.keyword.internal.KeywordExecutor.executeKeywordForPlatform(KeywordExecutor.groovy:73)
	at com.kms.katalon.core.keyword.BuiltinKeywords.callTestCase(BuiltinKeywords.groovy:334)
	at sayfalar.girisSayfasi.login(girisSayfasi.groovy:50)
	at cucumber.runtime.Utils$1.call(Utils.java:26)
	at cucumber.runtime.Timeout.timeout(Timeout.java:16)
	at cucumber.runtime.Utils.invoke(Utils.java:20)
	at cucumber.runtime.java.JavaStepDefinition.execute(JavaStepDefinition.java:49)
	at cucumber.runner.PickleStepDefinitionMatch.runStep(PickleStepDefinitionMatch.java:50)
	at cucumber.runner.TestStep.executeStep(TestStep.java:63)
	at cucumber.runner.TestStep.run(TestStep.java:49)
	at cucumber.runner.PickleStepTestStep.run(PickleStepTestStep.java:43)
	at cucumber.runner.TestCase.run(TestCase.java:44)
	at cucumber.runner.Runner.runPickle(Runner.java:40)
	at cucumber.runtime.Runtime$1.run(Runtime.java:84)
	at cucumber.runtime.Runtime$SameThreadExecutorService.execute(Runtime.java:220)
	at cucumber.runtime.Runtime.run(Runtime.java:81)
	at cucumber.api.cli.Main.run(Main.java:26)
	at cucumber.api.cli.Main$run.call(Unknown Source)
	at com.kms.katalon.core.cucumber.keyword.CucumberBuiltinKeywords$_runFeatureFile_closure1.doCall(CucumberBuiltinKeywords.groovy:106)
	at com.kms.katalon.core.cucumber.keyword.CucumberBuiltinKeywords$_runFeatureFile_closure1.doCall(CucumberBuiltinKeywords.groovy)
	at com.kms.katalon.core.keyword.internal.KeywordMain.runKeyword(KeywordMain.groovy:68)
	at com.kms.katalon.core.keyword.internal.KeywordMain$runKeyword.call(Unknown Source)
	at com.kms.katalon.core.cucumber.keyword.CucumberBuiltinKeywords.runFeatureFile(CucumberBuiltinKeywords.groovy:73)
	at com.kms.katalon.core.cucumber.keyword.CucumberBuiltinKeywords$runFeatureFile$0.callStatic(Unknown Source)
	at com.kms.katalon.core.cucumber.keyword.CucumberBuiltinKeywords.runFeatureFile(CucumberBuiltinKeywords.groovy:246)
	at com.kms.katalon.core.cucumber.keyword.CucumberBuiltinKeywords$runFeatureFile.call(Unknown Source)
	at VKN-Elektronik-Tevkifat.run(VKN-Elektronik-Tevkifat:19)
	at com.kms.katalon.core.main.ScriptEngine.run(ScriptEngine.java:194)
	at com.kms.katalon.core.main.ScriptEngine.runScriptAsRawText(ScriptEngine.java:119)
	at com.kms.katalon.core.main.TestCaseExecutor.runScript(TestCaseExecutor.java:369)
	at com.kms.katalon.core.main.TestCaseExecutor.doExecute(TestCaseExecutor.java:360)
	at com.kms.katalon.core.main.TestCaseExecutor.processExecutionPhase(TestCaseExecutor.java:339)
	at com.kms.katalon.core.main.TestCaseExecutor.accessMainPhase(TestCaseExecutor.java:331)
	at com.kms.katalon.core.main.TestCaseExecutor.execute(TestCaseExecutor.java:248)
	at com.kms.katalon.core.main.TestSuiteExecutor.accessTestCaseMainPhase(TestSuiteExecutor.java:191)
	at com.kms.katalon.core.main.TestSuiteExecutor.accessTestSuiteMainPhase(TestSuiteExecutor.java:140)
	at com.kms.katalon.core.main.TestSuiteExecutor.execute(TestSuiteExecutor.java:89)
	at com.kms.katalon.core.main.TestCaseMain.startTestSuite(TestCaseMain.java:181)
	at com.kms.katalon.core.main.TestCaseMain$startTestSuite$0.call(Unknown Source)
	at TempTestSuite1637329560940.run(TempTestSuite1637329560940.groovy:39)
)

2021-11-19 17:01:44 - [TEST_STEP][PASSED] - verifyElementVisible(findTestObject("Object Repository/Kullanici_Islemleri/KullaniciIslemleri")): Object 'Object Repository/Kullanici_Islemleri/KullaniciIslemleri' is visible

2021-11-19 17:01:44 - [MESSAGE][INFO] - Finding Test Object 'Object Repository/Kullanici_Islemleri/KullaniciIslemleri'

2021-11-19 17:01:44 - [MESSAGE][INFO] - Checking object

2021-11-19 17:01:44 - [MESSAGE][INFO] - Finding web element from Test Object's properties

2021-11-19 17:01:44 - [MESSAGE][INFO] - Checking timeout

2021-11-19 17:01:44 - [MESSAGE][INFO] - Finding web element with id: 'Object Repository/Kullanici_Islemleri/KullaniciIslemleri' located by 'By.cssSelector: .dropdown>a>img' in '30' second(s)

2021-11-19 17:01:44 - [MESSAGE][INFO] - Smart Wait Function is triggered

2021-11-19 17:01:44 - [MESSAGE][INFO] - Found 1 web elements with id: 'Object Repository/Kullanici_Islemleri/KullaniciIslemleri' located by 'By.cssSelector: .dropdown>a>img' in '30' second(s)

2021-11-19 17:01:44 - [MESSAGE][PASSED] - Object 'Object Repository/Kullanici_Islemleri/KullaniciIslemleri' is visible

2021-11-19 17:01:44 - [MESSAGE][PASSED] - Call Test Case 'Test Cases/Sayfalar/Giris_Sayfasi/Login' successfully

2021-11-19 17:01:44 - [MESSAGE][INFO] - Checking called Test Case

2021-11-19 17:01:44 - [MESSAGE][INFO] - Starting to call Test Case 'Test Cases/Menu/AnaMenuSecimi'

2021-11-19 17:01:44 - [TEST_CASE][PASSED] - Test Cases/Menu/AnaMenuSecimi: Test Cases/Menu/AnaMenuSecimi

2021-11-19 17:01:44 - [TEST_STEP][PASSED] - Method.TextDegerineEsitElementeTikla(findTestObject("Menu/Ana_Menu"), Ana_Menu): Method.TextDegerineEsitElementeTikla is PASSED

2021-11-19 17:01:44 - [MESSAGE][INFO] - Finding Test Object 'Object Repository/Menu/Ana_Menu'

2021-11-19 17:01:44 - [MESSAGE][INFO] - Checking timeout

2021-11-19 17:01:44 - [MESSAGE][INFO] - Finding web element with id: 'Object Repository/Menu/Ana_Menu' located by 'By.xpath: //*[@class = 'dropdown-toggle']' in '10' second(s)

2021-11-19 17:01:44 - [MESSAGE][INFO] - Smart Wait Function is triggered

2021-11-19 17:01:45 - [MESSAGE][INFO] - Found 13 web elements with id: 'Object Repository/Menu/Ana_Menu' located by 'By.xpath: //*[@class = 'dropdown-toggle']' in '10' second(s)

2021-11-19 17:01:45 - [MESSAGE][PASSED] - Method.TextDegerineEsitElementeTikla is PASSED

2021-11-19 17:01:45 - [MESSAGE][PASSED] - Call Test Case 'Test Cases/Menu/AnaMenuSecimi' successfully

2021-11-19 17:01:45 - [MESSAGE][INFO] - Checking called Test Case

2021-11-19 17:01:45 - [MESSAGE][INFO] - Starting to call Test Case 'Test Cases/Menu/BasligaGoreAltMenuSecimi'

2021-11-19 17:01:45 - [TEST_CASE][PASSED] - Test Cases/Menu/BasligaGoreAltMenuSecimi: Test Cases/Menu/BasligaGoreAltMenuSecimi

2021-11-19 17:01:45 - [TEST_STEP][PASSED] - Method.TextDegerineEsitElementinAltindakiTextDegerineEsitOlanaTikla(findTestObject("Menu/Menu_Basligi"), findTestObject("Menu/Basliga_Gore_Alt_Menu"), Baslik, Alt_Menu): Method.TextDegerineEsitElementinAltindakiTextDegerineEsitOlanaTikla is PASSED

2021-11-19 17:01:45 - [MESSAGE][INFO] - Finding Test Object 'Object Repository/Menu/Menu_Basligi'

2021-11-19 17:01:45 - [MESSAGE][INFO] - Finding Test Object 'Object Repository/Menu/Basliga_Gore_Alt_Menu'

2021-11-19 17:01:45 - [MESSAGE][INFO] - Checking timeout

2021-11-19 17:01:45 - [MESSAGE][INFO] - Finding web element with id: 'Object Repository/Menu/Menu_Basligi' located by 'By.xpath: //li[@class='dropdown dropdown-large open']//li[@class='dropdown-header']' in '10' second(s)

2021-11-19 17:01:45 - [MESSAGE][INFO] - Smart Wait Function is triggered

2021-11-19 17:01:46 - [MESSAGE][INFO] - Found 2 web elements with id: 'Object Repository/Menu/Menu_Basligi' located by 'By.xpath: //li[@class='dropdown dropdown-large open']//li[@class='dropdown-header']' in '10' second(s)

2021-11-19 17:01:46 - [MESSAGE][INFO] - Smart Wait Function is triggered

2021-11-19 17:01:49 - [MESSAGE][PASSED] - Method.TextDegerineEsitElementinAltindakiTextDegerineEsitOlanaTikla is PASSED

2021-11-19 17:01:49 - [MESSAGE][PASSED] - Call Test Case 'Test Cases/Menu/BasligaGoreAltMenuSecimi' successfully

2021-11-19 17:01:49 - [MESSAGE][INFO] - Checking called Test Case

2021-11-19 17:01:49 - [MESSAGE][INFO] - Starting to call Test Case 'Test Cases/Tablo/Olusturma Tarihi'

2021-11-19 17:01:49 - [TEST_CASE][PASSED] - Test Cases/Tablo/Olusturma Tarihi: Test Cases/Tablo/Olusturma Tarihi

2021-11-19 17:01:49 - [TEST_STEP][PASSED] - if (verifyTextNotPresent("Görüntülenecek veri yok", true, OPTIONAL)): null

2021-11-19 17:01:49 - [MESSAGE][INFO] - Checking text present  using regular expression

2021-11-19 17:01:49 - [MESSAGE][INFO] - Smart Wait Function is triggered

2021-11-19 17:01:50 - [MESSAGE][INFO] - Finding text 'Görüntülenecek veri yok' on page  using regular expression

2021-11-19 17:01:50 - [MESSAGE][PASSED] - Text 'Görüntülenecek veri yok' is not present on page using regular expression

2021-11-19 17:01:50 - [TEST_STEP][PASSED] - click(findTestObject("Temizle/Olusturma_Tarihi_CheckBox")): Object: 'Object Repository/Temizle/Olusturma_Tarihi_CheckBox' is clicked on

2021-11-19 17:01:50 - [MESSAGE][INFO] - Finding Test Object 'Object Repository/Temizle/Olusturma_Tarihi_CheckBox'

2021-11-19 17:01:50 - [MESSAGE][INFO] - Checking object

2021-11-19 17:01:50 - [MESSAGE][INFO] - Finding web element from Test Object's properties

2021-11-19 17:01:50 - [MESSAGE][INFO] - Checking timeout

2021-11-19 17:01:50 - [MESSAGE][INFO] - Finding web element with id: 'Object Repository/Temizle/Olusturma_Tarihi_CheckBox' located by 'By.xpath: //*[@title = 'Bu sayfadaki tüm satırları Seç']' in '30' second(s)

2021-11-19 17:01:50 - [MESSAGE][INFO] - Smart Wait Function is triggered

2021-11-19 17:01:50 - [MESSAGE][INFO] - Found 1 web elements with id: 'Object Repository/Temizle/Olusturma_Tarihi_CheckBox' located by 'By.xpath: //*[@title = 'Bu sayfadaki tüm satırları Seç']' in '30' second(s)

2021-11-19 17:01:50 - [MESSAGE][INFO] - Clicking on object: 'Object Repository/Temizle/Olusturma_Tarihi_CheckBox'

2021-11-19 17:01:50 - [MESSAGE][PASSED] - Object: 'Object Repository/Temizle/Olusturma_Tarihi_CheckBox' is clicked on

2021-11-19 17:01:50 - [TEST_STEP][PASSED] - Method.TextDegerineEsitElementeTiklaEquals(findTestObject("Butonlar/Butonlar"), "Sil"): Method.TextDegerineEsitElementeTiklaEquals is PASSED

2021-11-19 17:01:50 - [MESSAGE][INFO] - Finding Test Object 'Object Repository/Butonlar/Butonlar'

2021-11-19 17:01:50 - [MESSAGE][INFO] - Checking timeout

2021-11-19 17:01:50 - [MESSAGE][INFO] - Finding web element with id: 'Object Repository/Butonlar/Butonlar' located by 'By.cssSelector: .panel.panel-default.text-center.footerPanel .btn,.btn.btn-primary.btnControls' in '10' second(s)

2021-11-19 17:01:50 - [MESSAGE][INFO] - Smart Wait Function is triggered

2021-11-19 17:01:51 - [MESSAGE][INFO] - Found 9 web elements with id: 'Object Repository/Butonlar/Butonlar' located by 'By.cssSelector: .panel.panel-default.text-center.footerPanel .btn,.btn.btn-primary.btnControls' in '10' second(s)

2021-11-19 17:01:51 - [MESSAGE][PASSED] - Method.TextDegerineEsitElementeTiklaEquals is PASSED

2021-11-19 17:01:51 - [TEST_STEP][PASSED] - Method.TextDegerineEsitElementeTikla(findTestObject("Popup/Popup_Butons"), "Evet"): Method.TextDegerineEsitElementeTikla is PASSED

2021-11-19 17:01:51 - [MESSAGE][INFO] - Finding Test Object 'Object Repository/Popup/Popup_Butons'

2021-11-19 17:01:51 - [MESSAGE][INFO] - Checking timeout

2021-11-19 17:01:51 - [MESSAGE][INFO] - Finding web element with id: 'Object Repository/Popup/Popup_Butons' located by 'By.cssSelector: .modal-footer>button' in '10' second(s)

2021-11-19 17:01:51 - [MESSAGE][INFO] - Smart Wait Function is triggered

2021-11-19 17:01:52 - [MESSAGE][INFO] - Found 2 web elements with id: 'Object Repository/Popup/Popup_Butons' located by 'By.cssSelector: .modal-footer>button' in '10' second(s)

2021-11-19 17:01:52 - [MESSAGE][PASSED] - Method.TextDegerineEsitElementeTikla is PASSED

2021-11-19 17:01:52 - [TEST_STEP][PASSED] - Method.TextDegerineEsitElementeTikla(findTestObject("Popup/Popup_Butons"), "Tamam"): Method.TextDegerineEsitElementeTikla is PASSED

2021-11-19 17:01:52 - [MESSAGE][INFO] - Finding Test Object 'Object Repository/Popup/Popup_Butons'

2021-11-19 17:01:52 - [MESSAGE][INFO] - Checking timeout

2021-11-19 17:01:52 - [MESSAGE][INFO] - Finding web element with id: 'Object Repository/Popup/Popup_Butons' located by 'By.cssSelector: .modal-footer>button' in '10' second(s)

2021-11-19 17:01:52 - [MESSAGE][INFO] - Smart Wait Function is triggered

2021-11-19 17:01:53 - [MESSAGE][INFO] - Found 1 web elements with id: 'Object Repository/Popup/Popup_Butons' located by 'By.cssSelector: .modal-footer>button' in '10' second(s)

2021-11-19 17:01:53 - [MESSAGE][PASSED] - Method.TextDegerineEsitElementeTikla is PASSED

2021-11-19 17:01:53 - [MESSAGE][PASSED] - Call Test Case 'Test Cases/Tablo/Olusturma Tarihi' successfully

2021-11-19 17:01:53 - [MESSAGE][INFO] - Checking called Test Case

2021-11-19 17:01:53 - [MESSAGE][INFO] - Starting to call Test Case 'Test Cases/Butonlar/ButonaTikla'

2021-11-19 17:01:53 - [TEST_CASE][PASSED] - Test Cases/Butonlar/ButonaTikla: Test Cases/Butonlar/ButonaTikla

2021-11-19 17:01:53 - [TEST_STEP][PASSED] - Method.TextDegerineEsitElementeTiklaEquals(findTestObject("Butonlar/Butonlar"), Buton_Adi): Method.TextDegerineEsitElementeTiklaEquals is PASSED

2021-11-19 17:01:53 - [MESSAGE][INFO] - Finding Test Object 'Object Repository/Butonlar/Butonlar'

2021-11-19 17:01:53 - [MESSAGE][INFO] - Checking timeout

2021-11-19 17:01:53 - [MESSAGE][INFO] - Finding web element with id: 'Object Repository/Butonlar/Butonlar' located by 'By.cssSelector: .panel.panel-default.text-center.footerPanel .btn,.btn.btn-primary.btnControls' in '10' second(s)

2021-11-19 17:01:53 - [MESSAGE][INFO] - Smart Wait Function is triggered

2021-11-19 17:01:54 - [MESSAGE][INFO] - Found 9 web elements with id: 'Object Repository/Butonlar/Butonlar' located by 'By.cssSelector: .panel.panel-default.text-center.footerPanel .btn,.btn.btn-primary.btnControls' in '10' second(s)

2021-11-19 17:01:54 - [MESSAGE][PASSED] - Method.TextDegerineEsitElementeTiklaEquals is PASSED

2021-11-19 17:01:54 - [MESSAGE][PASSED] - Call Test Case 'Test Cases/Butonlar/ButonaTikla' successfully

2021-11-19 17:01:54 - [MESSAGE][INFO] - Checking called Test Case

2021-11-19 17:01:54 - [MESSAGE][INFO] - Starting to call Test Case 'Test Cases/Olusturma/Genel/GorselTasarimSayfasıBasligiIceriyorMu'

2021-11-19 17:01:54 - [TEST_CASE][PASSED] - Test Cases/Olusturma/Genel/GorselTasarimSayfasıBasligiIceriyorMu: Test Cases/Olusturma/Genel/GorselTasarimSayfasıBasligiIceriyorMu

2021-11-19 17:01:54 - [TEST_STEP][PASSED] - verifyElementText(findTestObject("Object Repository/Olusturma/Genel/GorselTasarimBaslik"), Baslik): Actual text and expected text of test object 'Object Repository/Olusturma/Genel/GorselTasarimBaslik' are matched.

2021-11-19 17:01:54 - [MESSAGE][INFO] - Finding Test Object 'Object Repository/Olusturma/Genel/GorselTasarimBaslik'

2021-11-19 17:01:54 - [MESSAGE][INFO] - Checking object

2021-11-19 17:01:54 - [MESSAGE][INFO] - Finding web element from Test Object's properties

2021-11-19 17:01:54 - [MESSAGE][INFO] - Checking timeout

2021-11-19 17:01:54 - [MESSAGE][INFO] - Finding web element with id: 'Object Repository/Olusturma/Genel/GorselTasarimBaslik' located by 'By.cssSelector: #flAlici_0>div>span' in '30' second(s)

2021-11-19 17:01:54 - [MESSAGE][INFO] - Smart Wait Function is triggered

2021-11-19 17:02:02 - [MESSAGE][INFO] - Found 1 web elements with id: 'Object Repository/Olusturma/Genel/GorselTasarimBaslik' located by 'By.cssSelector: #flAlici_0>div>span' in '30' second(s)

2021-11-19 17:02:03 - [MESSAGE][PASSED] - Actual text and expected text of test object 'Object Repository/Olusturma/Genel/GorselTasarimBaslik' are matched.

2021-11-19 17:02:03 - [MESSAGE][PASSED] - Call Test Case 'Test Cases/Olusturma/Genel/GorselTasarimSayfasıBasligiIceriyorMu' successfully

2021-11-19 17:02:03 - [MESSAGE][INFO] - Checking called Test Case

2021-11-19 17:02:03 - [MESSAGE][INFO] - Starting to call Test Case 'Test Cases/Olusturma/Genel/AliciSecilir'

2021-11-19 17:02:03 - [TEST_CASE][PASSED] - Test Cases/Olusturma/Genel/AliciSecilir: Test Cases/Olusturma/Genel/AliciSecilir

2021-11-19 17:02:03 - [TEST_STEP][PASSED] - click(findTestObject("Olusturma/Genel/AliciBilgisi/Alici_Ara")): Object: 'Object Repository/Olusturma/Genel/AliciBilgisi/Alici_Ara' is clicked on

2021-11-19 17:02:03 - [MESSAGE][INFO] - Finding Test Object 'Object Repository/Olusturma/Genel/AliciBilgisi/Alici_Ara'

2021-11-19 17:02:03 - [MESSAGE][INFO] - Checking object

2021-11-19 17:02:03 - [MESSAGE][INFO] - Finding web element from Test Object's properties

2021-11-19 17:02:03 - [MESSAGE][INFO] - Checking timeout

2021-11-19 17:02:03 - [MESSAGE][INFO] - Finding web element with id: 'Object Repository/Olusturma/Genel/AliciBilgisi/Alici_Ara' located by 'By.xpath: //td[@id='txtCustomerText_B-1']' in '30' second(s)

2021-11-19 17:02:03 - [MESSAGE][INFO] - Smart Wait Function is triggered

2021-11-19 17:02:03 - [MESSAGE][INFO] - Found 1 web elements with id: 'Object Repository/Olusturma/Genel/AliciBilgisi/Alici_Ara' located by 'By.xpath: //td[@id='txtCustomerText_B-1']' in '30' second(s)

2021-11-19 17:02:03 - [MESSAGE][INFO] - Clicking on object: 'Object Repository/Olusturma/Genel/AliciBilgisi/Alici_Ara'

2021-11-19 17:02:03 - [MESSAGE][PASSED] - Object: 'Object Repository/Olusturma/Genel/AliciBilgisi/Alici_Ara' is clicked on

2021-11-19 17:02:03 - [TEST_STEP][PASSED] - click(findTestObject("Olusturma/Genel/AliciBilgisi/Alici_Bilgisi")): Object: 'Object Repository/Olusturma/Genel/AliciBilgisi/Alici_Bilgisi' is clicked on

2021-11-19 17:02:03 - [MESSAGE][INFO] - Finding Test Object 'Object Repository/Olusturma/Genel/AliciBilgisi/Alici_Bilgisi'

2021-11-19 17:02:03 - [MESSAGE][INFO] - Checking object

2021-11-19 17:02:03 - [MESSAGE][INFO] - Finding web element from Test Object's properties

2021-11-19 17:02:03 - [MESSAGE][INFO] - Checking timeout

2021-11-19 17:02:03 - [MESSAGE][INFO] - Finding web element with id: 'Object Repository/Olusturma/Genel/AliciBilgisi/Alici_Bilgisi' located by 'By.xpath: //iframe[@id='customerselectiframe']' in '30' second(s)

2021-11-19 17:02:03 - [MESSAGE][INFO] - Smart Wait Function is triggered

2021-11-19 17:02:04 - [MESSAGE][INFO] - Found 1 web elements with id: 'Object Repository/Olusturma/Genel/AliciBilgisi/Alici_Bilgisi' located by 'By.xpath: //iframe[@id='customerselectiframe']' in '30' second(s)

2021-11-19 17:02:04 - [MESSAGE][INFO] - Clicking on object: 'Object Repository/Olusturma/Genel/AliciBilgisi/Alici_Bilgisi'

2021-11-19 17:02:04 - [MESSAGE][PASSED] - Object: 'Object Repository/Olusturma/Genel/AliciBilgisi/Alici_Bilgisi' is clicked on

2021-11-19 17:02:04 - [TEST_STEP][PASSED] - setText(findTestObject("Olusturma/Genel/AliciBilgisi/Alici_Gir"), Alici_Adi): Switching to default content

2021-11-19 17:02:04 - [MESSAGE][INFO] - Finding Test Object 'Object Repository/Olusturma/Genel/AliciBilgisi/Alici_Gir'

2021-11-19 17:02:04 - [MESSAGE][INFO] - Finding Test Object 'Object Repository/Olusturma/Genel/AliciBilgisi/Alici_Bilgisi'

2021-11-19 17:02:04 - [MESSAGE][INFO] - Checking object

2021-11-19 17:02:04 - [MESSAGE][INFO] - Checking text

2021-11-19 17:02:04 - [MESSAGE][INFO] - Object: 'Object Repository/Olusturma/Genel/AliciBilgisi/Alici_Gir' has parent object(s)

2021-11-19 17:02:04 - [MESSAGE][INFO] - Switching to iframe: 'Object Repository/Olusturma/Genel/AliciBilgisi/Alici_Bilgisi'

2021-11-19 17:02:04 - [MESSAGE][INFO] - Finding web element from Test Object's properties

2021-11-19 17:02:04 - [MESSAGE][INFO] - Checking timeout

2021-11-19 17:02:04 - [MESSAGE][INFO] - Finding web element with id: 'Object Repository/Olusturma/Genel/AliciBilgisi/Alici_Bilgisi' located by 'By.xpath: //iframe[@id='customerselectiframe']' in '30' second(s)

2021-11-19 17:02:04 - [MESSAGE][INFO] - Smart Wait Function is triggered

2021-11-19 17:02:04 - [MESSAGE][INFO] - Found 1 web elements with id: 'Object Repository/Olusturma/Genel/AliciBilgisi/Alici_Bilgisi' located by 'By.xpath: //iframe[@id='customerselectiframe']' in '30' second(s)

2021-11-19 17:02:04 - [MESSAGE][INFO] - Switched to iframe: 'Object Repository/Olusturma/Genel/AliciBilgisi/Alici_Bilgisi'

2021-11-19 17:02:04 - [MESSAGE][INFO] - Finding web element from Test Object's properties

2021-11-19 17:02:04 - [MESSAGE][INFO] - Checking timeout

2021-11-19 17:02:04 - [MESSAGE][INFO] - Finding web element with id: 'Object Repository/Olusturma/Genel/AliciBilgisi/Alici_Gir' located by 'By.xpath: //input[@id='GridViewCustomer_DXFREditorcol1_I']' in '30' second(s)

2021-11-19 17:02:04 - [MESSAGE][INFO] - Smart Wait Function is triggered

2021-11-19 17:02:04 - [MESSAGE][INFO] - Found 1 web elements with id: 'Object Repository/Olusturma/Genel/AliciBilgisi/Alici_Gir' located by 'By.xpath: //input[@id='GridViewCustomer_DXFREditorcol1_I']' in '30' second(s)

2021-11-19 17:02:04 - [MESSAGE][INFO] - Clearing text of object 'Object Repository/Olusturma/Genel/AliciBilgisi/Alici_Gir'

2021-11-19 17:02:04 - [MESSAGE][INFO] - Finding web element from Test Object's properties

2021-11-19 17:02:04 - [MESSAGE][INFO] - Checking timeout

2021-11-19 17:02:04 - [MESSAGE][INFO] - Finding web element with id: 'Object Repository/Olusturma/Genel/AliciBilgisi/Alici_Gir' located by 'By.xpath: //input[@id='GridViewCustomer_DXFREditorcol1_I']' in '30' second(s)

2021-11-19 17:02:04 - [MESSAGE][INFO] - Smart Wait Function is triggered

2021-11-19 17:02:04 - [MESSAGE][INFO] - Found 1 web elements with id: 'Object Repository/Olusturma/Genel/AliciBilgisi/Alici_Gir' located by 'By.xpath: //input[@id='GridViewCustomer_DXFREditorcol1_I']' in '30' second(s)

2021-11-19 17:02:04 - [MESSAGE][INFO] - Setting text of object 'Object Repository/Olusturma/Genel/AliciBilgisi/Alici_Gir' to value 'UC0008'

2021-11-19 17:02:04 - [MESSAGE][PASSED] - Text 'UC0008' is set on object 'Object Repository/Olusturma/Genel/AliciBilgisi/Alici_Gir'

2021-11-19 17:02:04 - [MESSAGE][INFO] - Switching to default content

2021-11-19 17:02:04 - [TEST_STEP][PASSED] - waitForElementClickable(findTestObject("Olusturma/Genel/AliciBilgisi/Alici_Adi"), 10): Switching to default content

2021-11-19 17:02:04 - [MESSAGE][INFO] - Finding Test Object 'Object Repository/Olusturma/Genel/AliciBilgisi/Alici_Adi'

2021-11-19 17:02:04 - [MESSAGE][INFO] - Finding Test Object 'Object Repository/Olusturma/Genel/AliciBilgisi/iframe_Alc Bilgisi_customerselectiframe'

2021-11-19 17:02:04 - [MESSAGE][INFO] - Checking object

2021-11-19 17:02:04 - [MESSAGE][INFO] - Checking timeout

2021-11-19 17:02:04 - [MESSAGE][INFO] - Object: 'Object Repository/Olusturma/Genel/AliciBilgisi/Alici_Adi' has parent object(s)

2021-11-19 17:02:04 - [MESSAGE][INFO] - Switching to iframe: 'Object Repository/Olusturma/Genel/AliciBilgisi/iframe_Alc Bilgisi_customerselectiframe'

2021-11-19 17:02:04 - [MESSAGE][INFO] - Finding web element from Test Object's properties

2021-11-19 17:02:04 - [MESSAGE][INFO] - Checking timeout

2021-11-19 17:02:04 - [MESSAGE][INFO] - Finding web element with id: 'Object Repository/Olusturma/Genel/AliciBilgisi/iframe_Alc Bilgisi_customerselectiframe' located by 'By.xpath: //iframe[@id='customerselectiframe']' in '10' second(s)

2021-11-19 17:02:04 - [MESSAGE][INFO] - Smart Wait Function is triggered

2021-11-19 17:02:05 - [MESSAGE][INFO] - Found 1 web elements with id: 'Object Repository/Olusturma/Genel/AliciBilgisi/iframe_Alc Bilgisi_customerselectiframe' located by 'By.xpath: //iframe[@id='customerselectiframe']' in '10' second(s)

2021-11-19 17:02:05 - [MESSAGE][INFO] - Switched to iframe: 'Object Repository/Olusturma/Genel/AliciBilgisi/iframe_Alc Bilgisi_customerselectiframe'

2021-11-19 17:02:05 - [MESSAGE][INFO] - Finding web element from Test Object's properties

2021-11-19 17:02:05 - [MESSAGE][INFO] - Checking timeout

2021-11-19 17:02:05 - [MESSAGE][INFO] - Finding web element with id: 'Object Repository/Olusturma/Genel/AliciBilgisi/Alici_Adi' located by 'By.xpath: //tr[@id='GridViewCustomer_DXDataRow0']/td[2]' in '10' second(s)

2021-11-19 17:02:05 - [MESSAGE][INFO] - Smart Wait Function is triggered

2021-11-19 17:02:05 - [MESSAGE][INFO] - Found 1 web elements with id: 'Object Repository/Olusturma/Genel/AliciBilgisi/Alici_Adi' located by 'By.xpath: //tr[@id='GridViewCustomer_DXDataRow0']/td[2]' in '10' second(s)

2021-11-19 17:02:05 - [MESSAGE][PASSED] - Object 'Object Repository/Olusturma/Genel/AliciBilgisi/Alici_Adi' is clickable

2021-11-19 17:02:05 - [MESSAGE][INFO] - Switching to default content

2021-11-19 17:02:05 - [TEST_STEP][PASSED] - click(findTestObject("Olusturma/Genel/AliciBilgisi/frame")): Switching to default content

2021-11-19 17:02:05 - [MESSAGE][INFO] - Finding Test Object 'Object Repository/Olusturma/Genel/AliciBilgisi/frame'

2021-11-19 17:02:05 - [MESSAGE][INFO] - Finding Test Object 'Object Repository/Olusturma/Genel/AliciBilgisi/iframe_Alc Bilgisi_customerselectiframe'

2021-11-19 17:02:05 - [MESSAGE][INFO] - Checking object

2021-11-19 17:02:05 - [MESSAGE][INFO] - Object: 'Object Repository/Olusturma/Genel/AliciBilgisi/frame' has parent object(s)

2021-11-19 17:02:05 - [MESSAGE][INFO] - Switching to iframe: 'Object Repository/Olusturma/Genel/AliciBilgisi/iframe_Alc Bilgisi_customerselectiframe'

2021-11-19 17:02:05 - [MESSAGE][INFO] - Finding web element from Test Object's properties

2021-11-19 17:02:05 - [MESSAGE][INFO] - Checking timeout

2021-11-19 17:02:05 - [MESSAGE][INFO] - Finding web element with id: 'Object Repository/Olusturma/Genel/AliciBilgisi/iframe_Alc Bilgisi_customerselectiframe' located by 'By.xpath: //iframe[@id='customerselectiframe']' in '30' second(s)

2021-11-19 17:02:05 - [MESSAGE][INFO] - Smart Wait Function is triggered

2021-11-19 17:02:05 - [MESSAGE][INFO] - Found 1 web elements with id: 'Object Repository/Olusturma/Genel/AliciBilgisi/iframe_Alc Bilgisi_customerselectiframe' located by 'By.xpath: //iframe[@id='customerselectiframe']' in '30' second(s)

2021-11-19 17:02:05 - [MESSAGE][INFO] - Switched to iframe: 'Object Repository/Olusturma/Genel/AliciBilgisi/iframe_Alc Bilgisi_customerselectiframe'

2021-11-19 17:02:05 - [MESSAGE][INFO] - Finding web element from Test Object's properties

2021-11-19 17:02:05 - [MESSAGE][INFO] - Checking timeout

2021-11-19 17:02:05 - [MESSAGE][INFO] - Finding web element with id: 'Object Repository/Olusturma/Genel/AliciBilgisi/frame' located by 'By.xpath: //*/text()[normalize-space(.)='']/parent::*' in '30' second(s)

2021-11-19 17:02:05 - [MESSAGE][INFO] - Smart Wait Function is triggered

2021-11-19 17:02:05 - [MESSAGE][INFO] - Found 66 web elements with id: 'Object Repository/Olusturma/Genel/AliciBilgisi/frame' located by 'By.xpath: //*/text()[normalize-space(.)='']/parent::*' in '30' second(s)

2021-11-19 17:02:05 - [MESSAGE][INFO] - Clicking on object: 'Object Repository/Olusturma/Genel/AliciBilgisi/frame'

2021-11-19 17:02:05 - [MESSAGE][PASSED] - Object: 'Object Repository/Olusturma/Genel/AliciBilgisi/frame' is clicked on

2021-11-19 17:02:05 - [MESSAGE][INFO] - Switching to default content

2021-11-19 17:02:05 - [TEST_STEP][PASSED] - click(findTestObject("Olusturma/Genel/AliciBilgisi/Alici_Adi")): Switching to default content

2021-11-19 17:02:05 - [MESSAGE][INFO] - Finding Test Object 'Object Repository/Olusturma/Genel/AliciBilgisi/Alici_Adi'

2021-11-19 17:02:05 - [MESSAGE][INFO] - Finding Test Object 'Object Repository/Olusturma/Genel/AliciBilgisi/iframe_Alc Bilgisi_customerselectiframe'

2021-11-19 17:02:05 - [MESSAGE][INFO] - Checking object

2021-11-19 17:02:05 - [MESSAGE][INFO] - Object: 'Object Repository/Olusturma/Genel/AliciBilgisi/Alici_Adi' has parent object(s)

2021-11-19 17:02:05 - [MESSAGE][INFO] - Switching to iframe: 'Object Repository/Olusturma/Genel/AliciBilgisi/iframe_Alc Bilgisi_customerselectiframe'

2021-11-19 17:02:05 - [MESSAGE][INFO] - Finding web element from Test Object's properties

2021-11-19 17:02:05 - [MESSAGE][INFO] - Checking timeout

2021-11-19 17:02:05 - [MESSAGE][INFO] - Finding web element with id: 'Object Repository/Olusturma/Genel/AliciBilgisi/iframe_Alc Bilgisi_customerselectiframe' located by 'By.xpath: //iframe[@id='customerselectiframe']' in '30' second(s)

2021-11-19 17:02:05 - [MESSAGE][INFO] - Smart Wait Function is triggered

2021-11-19 17:02:06 - [MESSAGE][INFO] - Found 1 web elements with id: 'Object Repository/Olusturma/Genel/AliciBilgisi/iframe_Alc Bilgisi_customerselectiframe' located by 'By.xpath: //iframe[@id='customerselectiframe']' in '30' second(s)

2021-11-19 17:02:06 - [MESSAGE][INFO] - Switched to iframe: 'Object Repository/Olusturma/Genel/AliciBilgisi/iframe_Alc Bilgisi_customerselectiframe'

2021-11-19 17:02:06 - [MESSAGE][INFO] - Finding web element from Test Object's properties

2021-11-19 17:02:06 - [MESSAGE][INFO] - Checking timeout

2021-11-19 17:02:06 - [MESSAGE][INFO] - Finding web element with id: 'Object Repository/Olusturma/Genel/AliciBilgisi/Alici_Adi' located by 'By.xpath: //tr[@id='GridViewCustomer_DXDataRow0']/td[2]' in '30' second(s)

2021-11-19 17:02:06 - [MESSAGE][INFO] - Smart Wait Function is triggered

2021-11-19 17:02:06 - [MESSAGE][INFO] - Found 1 web elements with id: 'Object Repository/Olusturma/Genel/AliciBilgisi/Alici_Adi' located by 'By.xpath: //tr[@id='GridViewCustomer_DXDataRow0']/td[2]' in '30' second(s)

2021-11-19 17:02:06 - [MESSAGE][INFO] - Clicking on object: 'Object Repository/Olusturma/Genel/AliciBilgisi/Alici_Adi'

2021-11-19 17:02:06 - [MESSAGE][PASSED] - Object: 'Object Repository/Olusturma/Genel/AliciBilgisi/Alici_Adi' is clicked on

2021-11-19 17:02:06 - [MESSAGE][INFO] - Switching to default content

2021-11-19 17:02:06 - [TEST_STEP][PASSED] - click(findTestObject("Olusturma/Genel/AliciBilgisi/Tamam_Bosluk")): Switching to default content

2021-11-19 17:02:06 - [MESSAGE][INFO] - Finding Test Object 'Object Repository/Olusturma/Genel/AliciBilgisi/Tamam_Bosluk'

2021-11-19 17:02:06 - [MESSAGE][INFO] - Finding Test Object 'Object Repository/Olusturma/Genel/AliciBilgisi/Alici_Bilgisi'

2021-11-19 17:02:06 - [MESSAGE][INFO] - Checking object

2021-11-19 17:02:06 - [MESSAGE][INFO] - Object: 'Object Repository/Olusturma/Genel/AliciBilgisi/Tamam_Bosluk' has parent object(s)

2021-11-19 17:02:06 - [MESSAGE][INFO] - Switching to iframe: 'Object Repository/Olusturma/Genel/AliciBilgisi/Alici_Bilgisi'

2021-11-19 17:02:06 - [MESSAGE][INFO] - Finding web element from Test Object's properties

2021-11-19 17:02:06 - [MESSAGE][INFO] - Checking timeout

2021-11-19 17:02:06 - [MESSAGE][INFO] - Finding web element with id: 'Object Repository/Olusturma/Genel/AliciBilgisi/Alici_Bilgisi' located by 'By.xpath: //iframe[@id='customerselectiframe']' in '30' second(s)

2021-11-19 17:02:06 - [MESSAGE][INFO] - Smart Wait Function is triggered

2021-11-19 17:02:06 - [MESSAGE][INFO] - Found 1 web elements with id: 'Object Repository/Olusturma/Genel/AliciBilgisi/Alici_Bilgisi' located by 'By.xpath: //iframe[@id='customerselectiframe']' in '30' second(s)

2021-11-19 17:02:06 - [MESSAGE][INFO] - Switched to iframe: 'Object Repository/Olusturma/Genel/AliciBilgisi/Alici_Bilgisi'

2021-11-19 17:02:06 - [MESSAGE][INFO] - Finding web element from Test Object's properties

2021-11-19 17:02:06 - [MESSAGE][INFO] - Checking timeout

2021-11-19 17:02:06 - [MESSAGE][INFO] - Finding web element with id: 'Object Repository/Olusturma/Genel/AliciBilgisi/Tamam_Bosluk' located by 'By.xpath: (.//*[normalize-space(text()) and normalize-space(.)='Sayfa Boyutu:'])[1]/following::div[7]' in '30' second(s)

2021-11-19 17:02:06 - [MESSAGE][INFO] - Smart Wait Function is triggered

2021-11-19 17:02:06 - [MESSAGE][INFO] - Found 1 web elements with id: 'Object Repository/Olusturma/Genel/AliciBilgisi/Tamam_Bosluk' located by 'By.xpath: (.//*[normalize-space(text()) and normalize-space(.)='Sayfa Boyutu:'])[1]/following::div[7]' in '30' second(s)

2021-11-19 17:02:06 - [MESSAGE][INFO] - Clicking on object: 'Object Repository/Olusturma/Genel/AliciBilgisi/Tamam_Bosluk'

2021-11-19 17:02:06 - [MESSAGE][PASSED] - Object: 'Object Repository/Olusturma/Genel/AliciBilgisi/Tamam_Bosluk' is clicked on

2021-11-19 17:02:06 - [MESSAGE][INFO] - Switching to default content

2021-11-19 17:02:06 - [TEST_STEP][PASSED] - waitForElementClickable(findTestObject("Olusturma/Genel/AliciBilgisi/Tamam_Butonu"), 10): Switching to default content

2021-11-19 17:02:06 - [MESSAGE][INFO] - Finding Test Object 'Object Repository/Olusturma/Genel/AliciBilgisi/Tamam_Butonu'

2021-11-19 17:02:06 - [MESSAGE][INFO] - Finding Test Object 'Object Repository/Olusturma/Genel/AliciBilgisi/Alici_Bilgisi'

2021-11-19 17:02:07 - [MESSAGE][INFO] - Checking object

2021-11-19 17:02:07 - [MESSAGE][INFO] - Checking timeout

2021-11-19 17:02:07 - [MESSAGE][INFO] - Object: 'Object Repository/Olusturma/Genel/AliciBilgisi/Tamam_Butonu' has parent object(s)

2021-11-19 17:02:07 - [MESSAGE][INFO] - Switching to iframe: 'Object Repository/Olusturma/Genel/AliciBilgisi/Alici_Bilgisi'

2021-11-19 17:02:07 - [MESSAGE][INFO] - Finding web element from Test Object's properties

2021-11-19 17:02:07 - [MESSAGE][INFO] - Checking timeout

2021-11-19 17:02:07 - [MESSAGE][INFO] - Finding web element with id: 'Object Repository/Olusturma/Genel/AliciBilgisi/Alici_Bilgisi' located by 'By.xpath: //iframe[@id='customerselectiframe']' in '10' second(s)

2021-11-19 17:02:07 - [MESSAGE][INFO] - Smart Wait Function is triggered

2021-11-19 17:02:07 - [MESSAGE][INFO] - Found 1 web elements with id: 'Object Repository/Olusturma/Genel/AliciBilgisi/Alici_Bilgisi' located by 'By.xpath: //iframe[@id='customerselectiframe']' in '10' second(s)

2021-11-19 17:02:07 - [MESSAGE][INFO] - Switched to iframe: 'Object Repository/Olusturma/Genel/AliciBilgisi/Alici_Bilgisi'

2021-11-19 17:02:07 - [MESSAGE][INFO] - Finding web element from Test Object's properties

2021-11-19 17:02:07 - [MESSAGE][INFO] - Checking timeout

2021-11-19 17:02:07 - [MESSAGE][INFO] - Finding web element with id: 'Object Repository/Olusturma/Genel/AliciBilgisi/Tamam_Butonu' located by 'By.xpath: //div[@id='btnSelectCustomer_CD']/span' in '10' second(s)

2021-11-19 17:02:07 - [MESSAGE][INFO] - Smart Wait Function is triggered

2021-11-19 17:02:07 - [MESSAGE][INFO] - Found 1 web elements with id: 'Object Repository/Olusturma/Genel/AliciBilgisi/Tamam_Butonu' located by 'By.xpath: //div[@id='btnSelectCustomer_CD']/span' in '10' second(s)

2021-11-19 17:02:07 - [MESSAGE][PASSED] - Object 'Object Repository/Olusturma/Genel/AliciBilgisi/Tamam_Butonu' is clickable

2021-11-19 17:02:07 - [MESSAGE][INFO] - Switching to default content

2021-11-19 17:02:07 - [TEST_STEP][PASSED] - click(findTestObject("Olusturma/Genel/AliciBilgisi/Tamam_Butonu")): Switching to default content

2021-11-19 17:02:07 - [MESSAGE][INFO] - Finding Test Object 'Object Repository/Olusturma/Genel/AliciBilgisi/Tamam_Butonu'

2021-11-19 17:02:07 - [MESSAGE][INFO] - Finding Test Object 'Object Repository/Olusturma/Genel/AliciBilgisi/Alici_Bilgisi'

2021-11-19 17:02:07 - [MESSAGE][INFO] - Checking object

2021-11-19 17:02:07 - [MESSAGE][INFO] - Object: 'Object Repository/Olusturma/Genel/AliciBilgisi/Tamam_Butonu' has parent object(s)

2021-11-19 17:02:07 - [MESSAGE][INFO] - Switching to iframe: 'Object Repository/Olusturma/Genel/AliciBilgisi/Alici_Bilgisi'

2021-11-19 17:02:07 - [MESSAGE][INFO] - Finding web element from Test Object's properties

2021-11-19 17:02:07 - [MESSAGE][INFO] - Checking timeout

2021-11-19 17:02:07 - [MESSAGE][INFO] - Finding web element with id: 'Object Repository/Olusturma/Genel/AliciBilgisi/Alici_Bilgisi' located by 'By.xpath: //iframe[@id='customerselectiframe']' in '30' second(s)

2021-11-19 17:02:07 - [MESSAGE][INFO] - Smart Wait Function is triggered

2021-11-19 17:02:07 - [MESSAGE][INFO] - Found 1 web elements with id: 'Object Repository/Olusturma/Genel/AliciBilgisi/Alici_Bilgisi' located by 'By.xpath: //iframe[@id='customerselectiframe']' in '30' second(s)

2021-11-19 17:02:07 - [MESSAGE][INFO] - Switched to iframe: 'Object Repository/Olusturma/Genel/AliciBilgisi/Alici_Bilgisi'

2021-11-19 17:02:07 - [MESSAGE][INFO] - Finding web element from Test Object's properties

2021-11-19 17:02:07 - [MESSAGE][INFO] - Checking timeout

2021-11-19 17:02:07 - [MESSAGE][INFO] - Finding web element with id: 'Object Repository/Olusturma/Genel/AliciBilgisi/Tamam_Butonu' located by 'By.xpath: //div[@id='btnSelectCustomer_CD']/span' in '30' second(s)

2021-11-19 17:02:07 - [MESSAGE][INFO] - Smart Wait Function is triggered

2021-11-19 17:02:07 - [MESSAGE][INFO] - Found 1 web elements with id: 'Object Repository/Olusturma/Genel/AliciBilgisi/Tamam_Butonu' located by 'By.xpath: //div[@id='btnSelectCustomer_CD']/span' in '30' second(s)

2021-11-19 17:02:07 - [MESSAGE][INFO] - Clicking on object: 'Object Repository/Olusturma/Genel/AliciBilgisi/Tamam_Butonu'

2021-11-19 17:02:07 - [MESSAGE][PASSED] - Object: 'Object Repository/Olusturma/Genel/AliciBilgisi/Tamam_Butonu' is clicked on

2021-11-19 17:02:07 - [MESSAGE][INFO] - Switching to default content

2021-11-19 17:02:07 - [TEST_STEP][PASSED] - waitForElementPresent(findTestObject("Olusturma/Genel/AliciBilgisi/VKN-TCKN"), 10): Object 'Object Repository/Olusturma/Genel/AliciBilgisi/VKN-TCKN' is present

2021-11-19 17:02:07 - [MESSAGE][INFO] - Finding Test Object 'Object Repository/Olusturma/Genel/AliciBilgisi/VKN-TCKN'

2021-11-19 17:02:08 - [MESSAGE][INFO] - Checking object

2021-11-19 17:02:08 - [MESSAGE][INFO] - Finding web element from Test Object's properties

2021-11-19 17:02:08 - [MESSAGE][INFO] - Checking timeout

2021-11-19 17:02:08 - [MESSAGE][INFO] - Finding web element with id: 'Object Repository/Olusturma/Genel/AliciBilgisi/VKN-TCKN' located by 'By.xpath: //*[@id = 'txtVknTckn_I']' in '10' second(s)

2021-11-19 17:02:08 - [MESSAGE][INFO] - Smart Wait Function is triggered

2021-11-19 17:02:08 - [MESSAGE][INFO] - Found 1 web elements with id: 'Object Repository/Olusturma/Genel/AliciBilgisi/VKN-TCKN' located by 'By.xpath: //*[@id = 'txtVknTckn_I']' in '10' second(s)

2021-11-19 17:02:08 - [MESSAGE][PASSED] - Object 'Object Repository/Olusturma/Genel/AliciBilgisi/VKN-TCKN' is present

2021-11-19 17:02:08 - [TEST_STEP][PASSED] - text = getAttribute(findTestObject("Olusturma/Genel/AliciBilgisi/VKN-TCKN"), "value"): Attribute 'value' of object 'Object Repository/Olusturma/Genel/AliciBilgisi/VKN-TCKN' is: '5325232699'

2021-11-19 17:02:08 - [MESSAGE][INFO] - Finding Test Object 'Object Repository/Olusturma/Genel/AliciBilgisi/VKN-TCKN'

2021-11-19 17:02:08 - [MESSAGE][INFO] - Checking object

2021-11-19 17:02:08 - [MESSAGE][INFO] - Checking attribute

2021-11-19 17:02:08 - [MESSAGE][INFO] - Finding web element from Test Object's properties

2021-11-19 17:02:08 - [MESSAGE][INFO] - Checking timeout

2021-11-19 17:02:08 - [MESSAGE][INFO] - Finding web element with id: 'Object Repository/Olusturma/Genel/AliciBilgisi/VKN-TCKN' located by 'By.xpath: //*[@id = 'txtVknTckn_I']' in '30' second(s)

2021-11-19 17:02:08 - [MESSAGE][INFO] - Smart Wait Function is triggered

2021-11-19 17:02:08 - [MESSAGE][INFO] - Found 1 web elements with id: 'Object Repository/Olusturma/Genel/AliciBilgisi/VKN-TCKN' located by 'By.xpath: //*[@id = 'txtVknTckn_I']' in '30' second(s)

2021-11-19 17:02:08 - [MESSAGE][INFO] - Getting attribute 'value' of object 'Object Repository/Olusturma/Genel/AliciBilgisi/VKN-TCKN'

2021-11-19 17:02:08 - [MESSAGE][PASSED] - Attribute 'value' of object 'Object Repository/Olusturma/Genel/AliciBilgisi/VKN-TCKN' is: '5325232699'

2021-11-19 17:02:08 - [TEST_STEP][PASSED] - if (text.equals("")): null

2021-11-19 17:02:08 - [MESSAGE][PASSED] - Call Test Case 'Test Cases/Olusturma/Genel/AliciSecilir' successfully

2021-11-19 17:02:08 - [MESSAGE][INFO] - Checking called Test Case

2021-11-19 17:02:08 - [MESSAGE][INFO] - Starting to call Test Case 'Test Cases/Olusturma/Genel/GonderimSekliSecilir'

2021-11-19 17:02:08 - [TEST_CASE][PASSED] - Test Cases/Olusturma/Genel/GonderimSekliSecilir: Test Cases/Olusturma/Genel/GonderimSekliSecilir

2021-11-19 17:02:09 - [TEST_STEP][PASSED] - waitForElementClickable(findTestObject("Object Repository/Olusturma/Genel/GonderimSekli/GonderimSekli"), 10): Object 'Object Repository/Olusturma/Genel/GonderimSekli/GonderimSekli' is clickable

2021-11-19 17:02:09 - [MESSAGE][INFO] - Finding Test Object 'Object Repository/Olusturma/Genel/GonderimSekli/GonderimSekli'

2021-11-19 17:02:09 - [MESSAGE][INFO] - Checking object

2021-11-19 17:02:09 - [MESSAGE][INFO] - Checking timeout

2021-11-19 17:02:09 - [MESSAGE][INFO] - Finding web element from Test Object's properties

2021-11-19 17:02:09 - [MESSAGE][INFO] - Checking timeout

2021-11-19 17:02:09 - [MESSAGE][INFO] - Finding web element with id: 'Object Repository/Olusturma/Genel/GonderimSekli/GonderimSekli' located by 'By.xpath: //*[@id = 'txtGonderimSekil_I']' in '10' second(s)

2021-11-19 17:02:09 - [MESSAGE][INFO] - Smart Wait Function is triggered

2021-11-19 17:02:09 - [MESSAGE][INFO] - Found 1 web elements with id: 'Object Repository/Olusturma/Genel/GonderimSekli/GonderimSekli' located by 'By.xpath: //*[@id = 'txtGonderimSekil_I']' in '10' second(s)

2021-11-19 17:02:09 - [MESSAGE][PASSED] - Object 'Object Repository/Olusturma/Genel/GonderimSekli/GonderimSekli' is clickable

2021-11-19 17:02:09 - [TEST_STEP][PASSED] - click(findTestObject("Object Repository/Olusturma/Genel/GonderimSekli/GonderimSekli")): Object: 'Object Repository/Olusturma/Genel/GonderimSekli/GonderimSekli' is clicked on

2021-11-19 17:02:09 - [MESSAGE][INFO] - Finding Test Object 'Object Repository/Olusturma/Genel/GonderimSekli/GonderimSekli'

2021-11-19 17:02:09 - [MESSAGE][INFO] - Checking object

2021-11-19 17:02:09 - [MESSAGE][INFO] - Finding web element from Test Object's properties

2021-11-19 17:02:09 - [MESSAGE][INFO] - Checking timeout

2021-11-19 17:02:09 - [MESSAGE][INFO] - Finding web element with id: 'Object Repository/Olusturma/Genel/GonderimSekli/GonderimSekli' located by 'By.xpath: //*[@id = 'txtGonderimSekil_I']' in '30' second(s)

2021-11-19 17:02:09 - [MESSAGE][INFO] - Smart Wait Function is triggered

2021-11-19 17:02:09 - [MESSAGE][INFO] - Found 1 web elements with id: 'Object Repository/Olusturma/Genel/GonderimSekli/GonderimSekli' located by 'By.xpath: //*[@id = 'txtGonderimSekil_I']' in '30' second(s)

2021-11-19 17:02:09 - [MESSAGE][INFO] - Clicking on object: 'Object Repository/Olusturma/Genel/GonderimSekli/GonderimSekli'

2021-11-19 17:02:09 - [MESSAGE][PASSED] - Object: 'Object Repository/Olusturma/Genel/GonderimSekli/GonderimSekli' is clicked on

2021-11-19 17:02:09 - [TEST_STEP][PASSED] - Method.TextDegerineEsitElementeTikla(findTestObject("Object Repository/Olusturma/Genel/GonderimSekli/GonderimSekliAdi"), GonderimSekli): Method.TextDegerineEsitElementeTikla is PASSED

2021-11-19 17:02:09 - [MESSAGE][INFO] - Finding Test Object 'Object Repository/Olusturma/Genel/GonderimSekli/GonderimSekliAdi'

2021-11-19 17:02:09 - [MESSAGE][INFO] - Checking timeout

2021-11-19 17:02:09 - [MESSAGE][INFO] - Finding web element with id: 'Object Repository/Olusturma/Genel/GonderimSekli/GonderimSekliAdi' located by 'By.cssSelector: #txtGonderimSekil_DDD_L_LBT td' in '10' second(s)

2021-11-19 17:02:09 - [MESSAGE][INFO] - Smart Wait Function is triggered

2021-11-19 17:02:10 - [MESSAGE][INFO] - Found 2 web elements with id: 'Object Repository/Olusturma/Genel/GonderimSekli/GonderimSekliAdi' located by 'By.cssSelector: #txtGonderimSekil_DDD_L_LBT td' in '10' second(s)

2021-11-19 17:02:10 - [MESSAGE][PASSED] - Method.TextDegerineEsitElementeTikla is PASSED

2021-11-19 17:02:10 - [MESSAGE][PASSED] - Call Test Case 'Test Cases/Olusturma/Genel/GonderimSekliSecilir' successfully

2021-11-19 17:02:10 - [MESSAGE][INFO] - Checking called Test Case

2021-11-19 17:02:10 - [MESSAGE][INFO] - Starting to call Test Case 'Test Cases/Olusturma/Genel/TipSecilir'

2021-11-19 17:02:10 - [TEST_CASE][PASSED] - Test Cases/Olusturma/Genel/TipSecilir: Test Cases/Olusturma/Genel/TipSecilir

2021-11-19 17:02:10 - [TEST_STEP][PASSED] - waitForElementClickable(findTestObject("Olusturma/Genel/TipSecilir/Tip"), 10): Object 'Object Repository/Olusturma/Genel/TipSecilir/Tip' is clickable

2021-11-19 17:02:10 - [MESSAGE][INFO] - Finding Test Object 'Object Repository/Olusturma/Genel/TipSecilir/Tip'

2021-11-19 17:02:10 - [MESSAGE][INFO] - Checking object

2021-11-19 17:02:10 - [MESSAGE][INFO] - Checking timeout

2021-11-19 17:02:10 - [MESSAGE][INFO] - Finding web element from Test Object's properties

2021-11-19 17:02:10 - [MESSAGE][INFO] - Checking timeout

2021-11-19 17:02:10 - [MESSAGE][INFO] - Finding web element with id: 'Object Repository/Olusturma/Genel/TipSecilir/Tip' located by 'By.xpath: //*[@id = 'DocumentTypeCode_I']' in '10' second(s)

2021-11-19 17:02:10 - [MESSAGE][INFO] - Smart Wait Function is triggered

2021-11-19 17:02:10 - [MESSAGE][INFO] - Found 1 web elements with id: 'Object Repository/Olusturma/Genel/TipSecilir/Tip' located by 'By.xpath: //*[@id = 'DocumentTypeCode_I']' in '10' second(s)

2021-11-19 17:02:10 - [MESSAGE][PASSED] - Object 'Object Repository/Olusturma/Genel/TipSecilir/Tip' is clickable

2021-11-19 17:02:10 - [TEST_STEP][PASSED] - click(findTestObject("Olusturma/Genel/TipSecilir/Tip")): Object: 'Object Repository/Olusturma/Genel/TipSecilir/Tip' is clicked on

2021-11-19 17:02:10 - [MESSAGE][INFO] - Finding Test Object 'Object Repository/Olusturma/Genel/TipSecilir/Tip'

2021-11-19 17:02:10 - [MESSAGE][INFO] - Checking object

2021-11-19 17:02:10 - [MESSAGE][INFO] - Finding web element from Test Object's properties

2021-11-19 17:02:10 - [MESSAGE][INFO] - Checking timeout

2021-11-19 17:02:10 - [MESSAGE][INFO] - Finding web element with id: 'Object Repository/Olusturma/Genel/TipSecilir/Tip' located by 'By.xpath: //*[@id = 'DocumentTypeCode_I']' in '30' second(s)

2021-11-19 17:02:10 - [MESSAGE][INFO] - Smart Wait Function is triggered

2021-11-19 17:02:11 - [MESSAGE][INFO] - Found 1 web elements with id: 'Object Repository/Olusturma/Genel/TipSecilir/Tip' located by 'By.xpath: //*[@id = 'DocumentTypeCode_I']' in '30' second(s)

2021-11-19 17:02:11 - [MESSAGE][INFO] - Clicking on object: 'Object Repository/Olusturma/Genel/TipSecilir/Tip'

2021-11-19 17:02:11 - [MESSAGE][PASSED] - Object: 'Object Repository/Olusturma/Genel/TipSecilir/Tip' is clicked on

2021-11-19 17:02:11 - [TEST_STEP][PASSED] - Method.TextDegerineEsitElementeTikla(findTestObject("Object Repository/Olusturma/Genel/TipSecilir/Tip_Adi"), Tip): Method.TextDegerineEsitElementeTikla is PASSED

2021-11-19 17:02:11 - [MESSAGE][INFO] - Finding Test Object 'Object Repository/Olusturma/Genel/TipSecilir/Tip_Adi'

2021-11-19 17:02:11 - [MESSAGE][INFO] - Checking timeout

2021-11-19 17:02:11 - [MESSAGE][INFO] - Finding web element with id: 'Object Repository/Olusturma/Genel/TipSecilir/Tip_Adi' located by 'By.cssSelector: #DocumentTypeCode_DDD_L_LBT td' in '10' second(s)

2021-11-19 17:02:11 - [MESSAGE][INFO] - Smart Wait Function is triggered

2021-11-19 17:02:11 - [MESSAGE][INFO] - Found 9 web elements with id: 'Object Repository/Olusturma/Genel/TipSecilir/Tip_Adi' located by 'By.cssSelector: #DocumentTypeCode_DDD_L_LBT td' in '10' second(s)

2021-11-19 17:02:11 - [MESSAGE][PASSED] - Method.TextDegerineEsitElementeTikla is PASSED

2021-11-19 17:02:11 - [MESSAGE][PASSED] - Call Test Case 'Test Cases/Olusturma/Genel/TipSecilir' successfully

2021-11-19 17:02:11 - [MESSAGE][INFO] - Checking called Test Case

2021-11-19 17:02:11 - [MESSAGE][INFO] - Starting to call Test Case 'Test Cases/Olusturma/Genel/DokumanParaBirimiSecilir'

2021-11-19 17:02:11 - [TEST_CASE][PASSED] - Test Cases/Olusturma/Genel/DokumanParaBirimiSecilir: Test Cases/Olusturma/Genel/DokumanParaBirimiSecilir

2021-11-19 17:02:11 - [TEST_STEP][PASSED] - waitForElementClickable(findTestObject("Object Repository/Olusturma/Genel/DokumanParaBirimiSecilir/Para"), 10): Object 'Object Repository/Olusturma/Genel/DokumanParaBirimiSecilir/Para' is clickable

2021-11-19 17:02:11 - [MESSAGE][INFO] - Finding Test Object 'Object Repository/Olusturma/Genel/DokumanParaBirimiSecilir/Para'

2021-11-19 17:02:12 - [MESSAGE][INFO] - Checking object

2021-11-19 17:02:12 - [MESSAGE][INFO] - Checking timeout

2021-11-19 17:02:12 - [MESSAGE][INFO] - Finding web element from Test Object's properties

2021-11-19 17:02:12 - [MESSAGE][INFO] - Checking timeout

2021-11-19 17:02:12 - [MESSAGE][INFO] - Finding web element with id: 'Object Repository/Olusturma/Genel/DokumanParaBirimiSecilir/Para' located by 'By.xpath: //*[@id = 'CurrencyUnit_I']' in '10' second(s)

2021-11-19 17:02:12 - [MESSAGE][INFO] - Smart Wait Function is triggered

2021-11-19 17:02:13 - [MESSAGE][INFO] - Found 1 web elements with id: 'Object Repository/Olusturma/Genel/DokumanParaBirimiSecilir/Para' located by 'By.xpath: //*[@id = 'CurrencyUnit_I']' in '10' second(s)

2021-11-19 17:02:13 - [MESSAGE][PASSED] - Object 'Object Repository/Olusturma/Genel/DokumanParaBirimiSecilir/Para' is clickable

2021-11-19 17:02:13 - [TEST_STEP][PASSED] - click(findTestObject("Object Repository/Olusturma/Genel/DokumanParaBirimiSecilir/Para")): Object: 'Object Repository/Olusturma/Genel/DokumanParaBirimiSecilir/Para' is clicked on

2021-11-19 17:02:13 - [MESSAGE][INFO] - Finding Test Object 'Object Repository/Olusturma/Genel/DokumanParaBirimiSecilir/Para'

2021-11-19 17:02:13 - [MESSAGE][INFO] - Checking object

2021-11-19 17:02:13 - [MESSAGE][INFO] - Finding web element from Test Object's properties

2021-11-19 17:02:13 - [MESSAGE][INFO] - Checking timeout

2021-11-19 17:02:13 - [MESSAGE][INFO] - Finding web element with id: 'Object Repository/Olusturma/Genel/DokumanParaBirimiSecilir/Para' located by 'By.xpath: //*[@id = 'CurrencyUnit_I']' in '30' second(s)

2021-11-19 17:02:13 - [MESSAGE][INFO] - Smart Wait Function is triggered

2021-11-19 17:02:13 - [MESSAGE][INFO] - Found 1 web elements with id: 'Object Repository/Olusturma/Genel/DokumanParaBirimiSecilir/Para' located by 'By.xpath: //*[@id = 'CurrencyUnit_I']' in '30' second(s)

2021-11-19 17:02:13 - [MESSAGE][INFO] - Clicking on object: 'Object Repository/Olusturma/Genel/DokumanParaBirimiSecilir/Para'

2021-11-19 17:02:13 - [MESSAGE][PASSED] - Object: 'Object Repository/Olusturma/Genel/DokumanParaBirimiSecilir/Para' is clicked on

2021-11-19 17:02:13 - [TEST_STEP][PASSED] - Method.TextDegerineEsitElementeTikla(findTestObject("Object Repository/Olusturma/Genel/DokumanParaBirimiSecilir/Para_Adi"), Para): Method.TextDegerineEsitElementeTikla is PASSED

2021-11-19 17:02:13 - [MESSAGE][INFO] - Finding Test Object 'Object Repository/Olusturma/Genel/DokumanParaBirimiSecilir/Para_Adi'

2021-11-19 17:02:14 - [MESSAGE][INFO] - Checking timeout

2021-11-19 17:02:14 - [MESSAGE][INFO] - Finding web element with id: 'Object Repository/Olusturma/Genel/DokumanParaBirimiSecilir/Para_Adi' located by 'By.cssSelector: #CurrencyUnit_DDD_L_LBT td' in '10' second(s)

2021-11-19 17:02:14 - [MESSAGE][INFO] - Smart Wait Function is triggered

2021-11-19 17:02:14 - [MESSAGE][INFO] - Found 203 web elements with id: 'Object Repository/Olusturma/Genel/DokumanParaBirimiSecilir/Para_Adi' located by 'By.cssSelector: #CurrencyUnit_DDD_L_LBT td' in '10' second(s)

2021-11-19 17:02:17 - [MESSAGE][PASSED] - Method.TextDegerineEsitElementeTikla is PASSED

2021-11-19 17:02:17 - [MESSAGE][PASSED] - Call Test Case 'Test Cases/Olusturma/Genel/DokumanParaBirimiSecilir' successfully

2021-11-19 17:02:17 - [MESSAGE][INFO] - Checking called Test Case

2021-11-19 17:02:17 - [MESSAGE][INFO] - Starting to call Test Case 'Test Cases/Olusturma/Genel/OnEkSecilir'

2021-11-19 17:02:17 - [TEST_CASE][PASSED] - Test Cases/Olusturma/Genel/OnEkSecilir: Test Cases/Olusturma/Genel/OnEkSecilir

2021-11-19 17:02:17 - [TEST_STEP][PASSED] - waitForElementClickable(findTestObject("Object Repository/Olusturma/Genel/OnEkSecilir/OnEk"), 10): Object 'Object Repository/Olusturma/Genel/OnEkSecilir/OnEk' is clickable

2021-11-19 17:02:17 - [MESSAGE][INFO] - Finding Test Object 'Object Repository/Olusturma/Genel/OnEkSecilir/OnEk'

2021-11-19 17:02:17 - [MESSAGE][INFO] - Checking object

2021-11-19 17:02:17 - [MESSAGE][INFO] - Checking timeout

2021-11-19 17:02:17 - [MESSAGE][INFO] - Finding web element from Test Object's properties

2021-11-19 17:02:17 - [MESSAGE][INFO] - Checking timeout

2021-11-19 17:02:17 - [MESSAGE][INFO] - Finding web element with id: 'Object Repository/Olusturma/Genel/OnEkSecilir/OnEk' located by 'By.xpath: //*[@id = 'InvoicePrefix_I']' in '10' second(s)

2021-11-19 17:02:17 - [MESSAGE][INFO] - Smart Wait Function is triggered

2021-11-19 17:02:18 - [MESSAGE][INFO] - Found 1 web elements with id: 'Object Repository/Olusturma/Genel/OnEkSecilir/OnEk' located by 'By.xpath: //*[@id = 'InvoicePrefix_I']' in '10' second(s)

2021-11-19 17:02:18 - [MESSAGE][PASSED] - Object 'Object Repository/Olusturma/Genel/OnEkSecilir/OnEk' is clickable

2021-11-19 17:02:18 - [TEST_STEP][PASSED] - click(findTestObject("Object Repository/Olusturma/Genel/OnEkSecilir/OnEk")): Object: 'Object Repository/Olusturma/Genel/OnEkSecilir/OnEk' is clicked on

2021-11-19 17:02:18 - [MESSAGE][INFO] - Finding Test Object 'Object Repository/Olusturma/Genel/OnEkSecilir/OnEk'

2021-11-19 17:02:18 - [MESSAGE][INFO] - Checking object

2021-11-19 17:02:18 - [MESSAGE][INFO] - Finding web element from Test Object's properties

2021-11-19 17:02:18 - [MESSAGE][INFO] - Checking timeout

2021-11-19 17:02:18 - [MESSAGE][INFO] - Finding web element with id: 'Object Repository/Olusturma/Genel/OnEkSecilir/OnEk' located by 'By.xpath: //*[@id = 'InvoicePrefix_I']' in '30' second(s)

2021-11-19 17:02:18 - [MESSAGE][INFO] - Smart Wait Function is triggered

2021-11-19 17:02:18 - [MESSAGE][INFO] - Found 1 web elements with id: 'Object Repository/Olusturma/Genel/OnEkSecilir/OnEk' located by 'By.xpath: //*[@id = 'InvoicePrefix_I']' in '30' second(s)

2021-11-19 17:02:18 - [MESSAGE][INFO] - Clicking on object: 'Object Repository/Olusturma/Genel/OnEkSecilir/OnEk'

2021-11-19 17:02:18 - [MESSAGE][PASSED] - Object: 'Object Repository/Olusturma/Genel/OnEkSecilir/OnEk' is clicked on

2021-11-19 17:02:18 - [TEST_STEP][PASSED] - Method.TextDegerineEsitElementeTiklaEquals(findTestObject("Object Repository/Olusturma/Genel/OnEkSecilir/OnEkAdi"), Ek): Method.TextDegerineEsitElementeTiklaEquals is PASSED

2021-11-19 17:02:18 - [MESSAGE][INFO] - Finding Test Object 'Object Repository/Olusturma/Genel/OnEkSecilir/OnEkAdi'

2021-11-19 17:02:18 - [MESSAGE][INFO] - Checking timeout

2021-11-19 17:02:18 - [MESSAGE][INFO] - Finding web element with id: 'Object Repository/Olusturma/Genel/OnEkSecilir/OnEkAdi' located by 'By.cssSelector: #InvoicePrefix_DDD_L_LBT td' in '10' second(s)

2021-11-19 17:02:18 - [MESSAGE][INFO] - Smart Wait Function is triggered

2021-11-19 17:02:19 - [MESSAGE][INFO] - Found 1 web elements with id: 'Object Repository/Olusturma/Genel/OnEkSecilir/OnEkAdi' located by 'By.cssSelector: #InvoicePrefix_DDD_L_LBT td' in '10' second(s)

2021-11-19 17:02:19 - [MESSAGE][PASSED] - Method.TextDegerineEsitElementeTiklaEquals is PASSED

2021-11-19 17:02:19 - [MESSAGE][PASSED] - Call Test Case 'Test Cases/Olusturma/Genel/OnEkSecilir' successfully

2021-11-19 17:02:19 - [MESSAGE][INFO] - Checking called Test Case

2021-11-19 17:02:19 - [MESSAGE][INFO] - Starting to call Test Case 'Test Cases/Olusturma/Genel/TasarimSecilir'

2021-11-19 17:02:19 - [TEST_CASE][PASSED] - Test Cases/Olusturma/Genel/TasarimSecilir: Test Cases/Olusturma/Genel/TasarimSecilir

2021-11-19 17:02:19 - [TEST_STEP][PASSED] - waitForElementClickable(findTestObject("Object Repository/Olusturma/Genel/TasarimSecilir/Tasarim"), 10): Object 'Object Repository/Olusturma/Genel/TasarimSecilir/Tasarim' is clickable

2021-11-19 17:02:19 - [MESSAGE][INFO] - Finding Test Object 'Object Repository/Olusturma/Genel/TasarimSecilir/Tasarim'

2021-11-19 17:02:19 - [MESSAGE][INFO] - Checking object

2021-11-19 17:02:19 - [MESSAGE][INFO] - Checking timeout

2021-11-19 17:02:19 - [MESSAGE][INFO] - Finding web element from Test Object's properties

2021-11-19 17:02:19 - [MESSAGE][INFO] - Checking timeout

2021-11-19 17:02:19 - [MESSAGE][INFO] - Finding web element with id: 'Object Repository/Olusturma/Genel/TasarimSecilir/Tasarim' located by 'By.xpath: //*[@id = 'DesignId_I']' in '10' second(s)

2021-11-19 17:02:19 - [MESSAGE][INFO] - Smart Wait Function is triggered

2021-11-19 17:02:19 - [MESSAGE][INFO] - Found 1 web elements with id: 'Object Repository/Olusturma/Genel/TasarimSecilir/Tasarim' located by 'By.xpath: //*[@id = 'DesignId_I']' in '10' second(s)

2021-11-19 17:02:19 - [MESSAGE][PASSED] - Object 'Object Repository/Olusturma/Genel/TasarimSecilir/Tasarim' is clickable

2021-11-19 17:02:19 - [TEST_STEP][PASSED] - click(findTestObject("Object Repository/Olusturma/Genel/TasarimSecilir/Tasarim")): Object: 'Object Repository/Olusturma/Genel/TasarimSecilir/Tasarim' is clicked on

2021-11-19 17:02:19 - [MESSAGE][INFO] - Finding Test Object 'Object Repository/Olusturma/Genel/TasarimSecilir/Tasarim'

2021-11-19 17:02:19 - [MESSAGE][INFO] - Checking object

2021-11-19 17:02:19 - [MESSAGE][INFO] - Finding web element from Test Object's properties

2021-11-19 17:02:19 - [MESSAGE][INFO] - Checking timeout

2021-11-19 17:02:19 - [MESSAGE][INFO] - Finding web element with id: 'Object Repository/Olusturma/Genel/TasarimSecilir/Tasarim' located by 'By.xpath: //*[@id = 'DesignId_I']' in '30' second(s)

2021-11-19 17:02:19 - [MESSAGE][INFO] - Smart Wait Function is triggered

2021-11-19 17:02:19 - [MESSAGE][INFO] - Found 1 web elements with id: 'Object Repository/Olusturma/Genel/TasarimSecilir/Tasarim' located by 'By.xpath: //*[@id = 'DesignId_I']' in '30' second(s)

2021-11-19 17:02:19 - [MESSAGE][INFO] - Clicking on object: 'Object Repository/Olusturma/Genel/TasarimSecilir/Tasarim'

2021-11-19 17:02:20 - [MESSAGE][PASSED] - Object: 'Object Repository/Olusturma/Genel/TasarimSecilir/Tasarim' is clicked on

2021-11-19 17:02:20 - [TEST_STEP][PASSED] - Method.TextDegerineEsitElementeTikla(findTestObject("Object Repository/Olusturma/Genel/TasarimSecilir/Tasarim_Adi"), Tasarim): Method.TextDegerineEsitElementeTikla is PASSED

2021-11-19 17:02:20 - [MESSAGE][INFO] - Finding Test Object 'Object Repository/Olusturma/Genel/TasarimSecilir/Tasarim_Adi'

2021-11-19 17:02:20 - [MESSAGE][INFO] - Checking timeout

2021-11-19 17:02:20 - [MESSAGE][INFO] - Finding web element with id: 'Object Repository/Olusturma/Genel/TasarimSecilir/Tasarim_Adi' located by 'By.cssSelector: #DesignId_DDD_L_LBT td' in '10' second(s)

2021-11-19 17:02:20 - [MESSAGE][INFO] - Smart Wait Function is triggered

2021-11-19 17:02:20 - [MESSAGE][INFO] - Found 1 web elements with id: 'Object Repository/Olusturma/Genel/TasarimSecilir/Tasarim_Adi' located by 'By.cssSelector: #DesignId_DDD_L_LBT td' in '10' second(s)

2021-11-19 17:02:20 - [MESSAGE][PASSED] - Method.TextDegerineEsitElementeTikla is PASSED

2021-11-19 17:02:20 - [MESSAGE][PASSED] - Call Test Case 'Test Cases/Olusturma/Genel/TasarimSecilir' successfully

2021-11-19 17:02:20 - [MESSAGE][INFO] - Checking called Test Case

2021-11-19 17:02:20 - [MESSAGE][INFO] - Starting to call Test Case 'Test Cases/Olusturma/Genel/Kutular/SiparisBilgileriGirilir'

2021-11-19 17:02:20 - [TEST_CASE][PASSED] - Test Cases/Olusturma/Genel/Kutular/SiparisBilgileriGirilir: Test Cases/Olusturma/Genel/Kutular/SiparisBilgileriGirilir

2021-11-19 17:02:20 - [TEST_STEP][PASSED] - Method.TextDegerineEsitElementeTikla(findTestObject("Olusturma/Genel/Kutular/KapaliKutular"), "Sipariş Bilgileri"): Method.TextDegerineEsitElementeTikla is PASSED

2021-11-19 17:02:20 - [MESSAGE][INFO] - Finding Test Object 'Object Repository/Olusturma/Genel/Kutular/KapaliKutular'

2021-11-19 17:02:20 - [MESSAGE][INFO] - Checking timeout

2021-11-19 17:02:20 - [MESSAGE][INFO] - Finding web element with id: 'Object Repository/Olusturma/Genel/Kutular/KapaliKutular' located by 'By.cssSelector: .dxnb-headerCollapsed>span' in '10' second(s)

2021-11-19 17:02:20 - [MESSAGE][INFO] - Smart Wait Function is triggered

2021-11-19 17:02:20 - [MESSAGE][INFO] - Found 8 web elements with id: 'Object Repository/Olusturma/Genel/Kutular/KapaliKutular' located by 'By.cssSelector: .dxnb-headerCollapsed>span' in '10' second(s)

2021-11-19 17:02:21 - [MESSAGE][PASSED] - Method.TextDegerineEsitElementeTikla is PASSED

2021-11-19 17:02:21 - [TEST_STEP][PASSED] - waitForElementPresent(findTestObject("Object Repository/Olusturma/Genel/Kutular/SiparisBilgileri/SiparisNo"), 10): Object 'Object Repository/Olusturma/Genel/Kutular/SiparisBilgileri/SiparisNo' is present

2021-11-19 17:02:21 - [MESSAGE][INFO] - Finding Test Object 'Object Repository/Olusturma/Genel/Kutular/SiparisBilgileri/SiparisNo'

2021-11-19 17:02:21 - [MESSAGE][INFO] - Checking object

2021-11-19 17:02:21 - [MESSAGE][INFO] - Finding web element from Test Object's properties

2021-11-19 17:02:21 - [MESSAGE][INFO] - Checking timeout

2021-11-19 17:02:21 - [MESSAGE][INFO] - Finding web element with id: 'Object Repository/Olusturma/Genel/Kutular/SiparisBilgileri/SiparisNo' located by 'By.xpath: //*[@id = 'txtSiparisNo_I']' in '10' second(s)

2021-11-19 17:02:21 - [MESSAGE][INFO] - Smart Wait Function is triggered

2021-11-19 17:02:21 - [MESSAGE][INFO] - Found 1 web elements with id: 'Object Repository/Olusturma/Genel/Kutular/SiparisBilgileri/SiparisNo' located by 'By.xpath: //*[@id = 'txtSiparisNo_I']' in '10' second(s)

2021-11-19 17:02:21 - [MESSAGE][PASSED] - Object 'Object Repository/Olusturma/Genel/Kutular/SiparisBilgileri/SiparisNo' is present

2021-11-19 17:02:21 - [TEST_STEP][PASSED] - clearText(findTestObject("Object Repository/Olusturma/Genel/Kutular/SiparisBilgileri/SiparisNo")): Text of object 'Object Repository/Olusturma/Genel/Kutular/SiparisBilgileri/SiparisNo' is cleared

2021-11-19 17:02:21 - [MESSAGE][INFO] - Finding Test Object 'Object Repository/Olusturma/Genel/Kutular/SiparisBilgileri/SiparisNo'

2021-11-19 17:02:21 - [MESSAGE][INFO] - Checking object

2021-11-19 17:02:21 - [MESSAGE][INFO] - Finding web element from Test Object's properties

2021-11-19 17:02:21 - [MESSAGE][INFO] - Checking timeout

2021-11-19 17:02:21 - [MESSAGE][INFO] - Finding web element with id: 'Object Repository/Olusturma/Genel/Kutular/SiparisBilgileri/SiparisNo' located by 'By.xpath: //*[@id = 'txtSiparisNo_I']' in '30' second(s)

2021-11-19 17:02:21 - [MESSAGE][INFO] - Smart Wait Function is triggered

2021-11-19 17:02:21 - [MESSAGE][INFO] - Found 1 web elements with id: 'Object Repository/Olusturma/Genel/Kutular/SiparisBilgileri/SiparisNo' located by 'By.xpath: //*[@id = 'txtSiparisNo_I']' in '30' second(s)

2021-11-19 17:02:21 - [MESSAGE][INFO] - Clearing text of object 'Object Repository/Olusturma/Genel/Kutular/SiparisBilgileri/SiparisNo'

2021-11-19 17:02:21 - [MESSAGE][PASSED] - Text of object 'Object Repository/Olusturma/Genel/Kutular/SiparisBilgileri/SiparisNo' is cleared

2021-11-19 17:02:21 - [TEST_STEP][PASSED] - sendKeys(findTestObject("Object Repository/Olusturma/Genel/Kutular/SiparisBilgileri/SiparisNo"), SiparisNo): Keys 'UUC-SAT-1200001' sent to object: 'Object Repository/Olusturma/Genel/Kutular/SiparisBilgileri/SiparisNo'

2021-11-19 17:02:21 - [MESSAGE][INFO] - Finding Test Object 'Object Repository/Olusturma/Genel/Kutular/SiparisBilgileri/SiparisNo'

2021-11-19 17:02:21 - [MESSAGE][INFO] - Sending keys 'UUC-SAT-1200001' to object: 'Object Repository/Olusturma/Genel/Kutular/SiparisBilgileri/SiparisNo'

2021-11-19 17:02:21 - [MESSAGE][INFO] - Finding web element from Test Object's properties

2021-11-19 17:02:21 - [MESSAGE][INFO] - Checking timeout

2021-11-19 17:02:21 - [MESSAGE][INFO] - Finding web element with id: 'Object Repository/Olusturma/Genel/Kutular/SiparisBilgileri/SiparisNo' located by 'By.xpath: //*[@id = 'txtSiparisNo_I']' in '30' second(s)

2021-11-19 17:02:21 - [MESSAGE][INFO] - Smart Wait Function is triggered

2021-11-19 17:02:22 - [MESSAGE][INFO] - Found 1 web elements with id: 'Object Repository/Olusturma/Genel/Kutular/SiparisBilgileri/SiparisNo' located by 'By.xpath: //*[@id = 'txtSiparisNo_I']' in '30' second(s)

2021-11-19 17:02:22 - [MESSAGE][PASSED] - Keys 'UUC-SAT-1200001' sent to object: 'Object Repository/Olusturma/Genel/Kutular/SiparisBilgileri/SiparisNo'

2021-11-19 17:02:22 - [TEST_STEP][PASSED] - waitForElementClickable(findTestObject("Object Repository/Olusturma/Genel/Kutular/SiparisBilgileri/SiparisTarihiImage"), 10): Object 'Object Repository/Olusturma/Genel/Kutular/SiparisBilgileri/SiparisTarihiImage' is clickable

2021-11-19 17:02:22 - [MESSAGE][INFO] - Finding Test Object 'Object Repository/Olusturma/Genel/Kutular/SiparisBilgileri/SiparisTarihiImage'

2021-11-19 17:02:22 - [MESSAGE][INFO] - Checking object

2021-11-19 17:02:22 - [MESSAGE][INFO] - Checking timeout

2021-11-19 17:02:22 - [MESSAGE][INFO] - Finding web element from Test Object's properties

2021-11-19 17:02:22 - [MESSAGE][INFO] - Checking timeout

2021-11-19 17:02:22 - [MESSAGE][INFO] - Finding web element with id: 'Object Repository/Olusturma/Genel/Kutular/SiparisBilgileri/SiparisTarihiImage' located by 'By.cssSelector: #dateSiparisTarih img' in '10' second(s)

2021-11-19 17:02:22 - [MESSAGE][INFO] - Smart Wait Function is triggered

2021-11-19 17:02:22 - [MESSAGE][INFO] - Found 1 web elements with id: 'Object Repository/Olusturma/Genel/Kutular/SiparisBilgileri/SiparisTarihiImage' located by 'By.cssSelector: #dateSiparisTarih img' in '10' second(s)

2021-11-19 17:02:22 - [MESSAGE][PASSED] - Object 'Object Repository/Olusturma/Genel/Kutular/SiparisBilgileri/SiparisTarihiImage' is clickable

2021-11-19 17:02:22 - [TEST_STEP][PASSED] - click(findTestObject("Object Repository/Olusturma/Genel/Kutular/SiparisBilgileri/SiparisTarihiImage")): Object: 'Object Repository/Olusturma/Genel/Kutular/SiparisBilgileri/SiparisTarihiImage' is clicked on

2021-11-19 17:02:22 - [MESSAGE][INFO] - Finding Test Object 'Object Repository/Olusturma/Genel/Kutular/SiparisBilgileri/SiparisTarihiImage'

2021-11-19 17:02:22 - [MESSAGE][INFO] - Checking object

2021-11-19 17:02:22 - [MESSAGE][INFO] - Finding web element from Test Object's properties

2021-11-19 17:02:22 - [MESSAGE][INFO] - Checking timeout

2021-11-19 17:02:22 - [MESSAGE][INFO] - Finding web element with id: 'Object Repository/Olusturma/Genel/Kutular/SiparisBilgileri/SiparisTarihiImage' located by 'By.cssSelector: #dateSiparisTarih img' in '30' second(s)

2021-11-19 17:02:22 - [MESSAGE][INFO] - Smart Wait Function is triggered

2021-11-19 17:02:23 - [MESSAGE][INFO] - Found 1 web elements with id: 'Object Repository/Olusturma/Genel/Kutular/SiparisBilgileri/SiparisTarihiImage' located by 'By.cssSelector: #dateSiparisTarih img' in '30' second(s)

2021-11-19 17:02:23 - [MESSAGE][INFO] - Clicking on object: 'Object Repository/Olusturma/Genel/Kutular/SiparisBilgileri/SiparisTarihiImage'

2021-11-19 17:02:23 - [MESSAGE][PASSED] - Object: 'Object Repository/Olusturma/Genel/Kutular/SiparisBilgileri/SiparisTarihiImage' is clicked on

2021-11-19 17:02:23 - [TEST_STEP][PASSED] - waitForElementPresent(findTestObject("Object Repository/Olusturma/Genel/Kutular/SiparisBilgileri/SiparisTarihi"), 10): Object 'Object Repository/Olusturma/Genel/Kutular/SiparisBilgileri/SiparisTarihi' is present

2021-11-19 17:02:23 - [MESSAGE][INFO] - Finding Test Object 'Object Repository/Olusturma/Genel/Kutular/SiparisBilgileri/SiparisTarihi'

2021-11-19 17:02:23 - [MESSAGE][INFO] - Checking object

2021-11-19 17:02:23 - [MESSAGE][INFO] - Finding web element from Test Object's properties

2021-11-19 17:02:23 - [MESSAGE][INFO] - Checking timeout

2021-11-19 17:02:23 - [MESSAGE][INFO] - Finding web element with id: 'Object Repository/Olusturma/Genel/Kutular/SiparisBilgileri/SiparisTarihi' located by 'By.xpath: //*[@id = 'dateSiparisTarih_I']' in '10' second(s)

2021-11-19 17:02:23 - [MESSAGE][INFO] - Smart Wait Function is triggered

2021-11-19 17:02:23 - [MESSAGE][INFO] - Found 1 web elements with id: 'Object Repository/Olusturma/Genel/Kutular/SiparisBilgileri/SiparisTarihi' located by 'By.xpath: //*[@id = 'dateSiparisTarih_I']' in '10' second(s)

2021-11-19 17:02:23 - [MESSAGE][PASSED] - Object 'Object Repository/Olusturma/Genel/Kutular/SiparisBilgileri/SiparisTarihi' is present

2021-11-19 17:02:23 - [TEST_STEP][PASSED] - clearText(findTestObject("Object Repository/Olusturma/Genel/Kutular/SiparisBilgileri/SiparisTarihi")): Text of object 'Object Repository/Olusturma/Genel/Kutular/SiparisBilgileri/SiparisTarihi' is cleared

2021-11-19 17:02:23 - [MESSAGE][INFO] - Finding Test Object 'Object Repository/Olusturma/Genel/Kutular/SiparisBilgileri/SiparisTarihi'

2021-11-19 17:02:24 - [MESSAGE][INFO] - Checking object

2021-11-19 17:02:24 - [MESSAGE][INFO] - Finding web element from Test Object's properties

2021-11-19 17:02:24 - [MESSAGE][INFO] - Checking timeout

2021-11-19 17:02:24 - [MESSAGE][INFO] - Finding web element with id: 'Object Repository/Olusturma/Genel/Kutular/SiparisBilgileri/SiparisTarihi' located by 'By.xpath: //*[@id = 'dateSiparisTarih_I']' in '30' second(s)

2021-11-19 17:02:24 - [MESSAGE][INFO] - Smart Wait Function is triggered

2021-11-19 17:02:24 - [MESSAGE][INFO] - Found 1 web elements with id: 'Object Repository/Olusturma/Genel/Kutular/SiparisBilgileri/SiparisTarihi' located by 'By.xpath: //*[@id = 'dateSiparisTarih_I']' in '30' second(s)

2021-11-19 17:02:24 - [MESSAGE][INFO] - Clearing text of object 'Object Repository/Olusturma/Genel/Kutular/SiparisBilgileri/SiparisTarihi'

2021-11-19 17:02:24 - [MESSAGE][PASSED] - Text of object 'Object Repository/Olusturma/Genel/Kutular/SiparisBilgileri/SiparisTarihi' is cleared

2021-11-19 17:02:24 - [TEST_STEP][PASSED] - sendKeys(findTestObject("Object Repository/Olusturma/Genel/Kutular/SiparisBilgileri/SiparisTarihi"), Tarih): Keys '31.04.2020' sent to object: 'Object Repository/Olusturma/Genel/Kutular/SiparisBilgileri/SiparisTarihi'

2021-11-19 17:02:24 - [MESSAGE][INFO] - Finding Test Object 'Object Repository/Olusturma/Genel/Kutular/SiparisBilgileri/SiparisTarihi'

2021-11-19 17:02:24 - [MESSAGE][INFO] - Sending keys '31.04.2020' to object: 'Object Repository/Olusturma/Genel/Kutular/SiparisBilgileri/SiparisTarihi'

2021-11-19 17:02:24 - [MESSAGE][INFO] - Finding web element from Test Object's properties

2021-11-19 17:02:24 - [MESSAGE][INFO] - Checking timeout

2021-11-19 17:02:24 - [MESSAGE][INFO] - Finding web element with id: 'Object Repository/Olusturma/Genel/Kutular/SiparisBilgileri/SiparisTarihi' located by 'By.xpath: //*[@id = 'dateSiparisTarih_I']' in '30' second(s)

2021-11-19 17:02:24 - [MESSAGE][INFO] - Smart Wait Function is triggered

2021-11-19 17:02:24 - [MESSAGE][INFO] - Found 1 web elements with id: 'Object Repository/Olusturma/Genel/Kutular/SiparisBilgileri/SiparisTarihi' located by 'By.xpath: //*[@id = 'dateSiparisTarih_I']' in '30' second(s)

2021-11-19 17:02:24 - [MESSAGE][PASSED] - Keys '31.04.2020' sent to object: 'Object Repository/Olusturma/Genel/Kutular/SiparisBilgileri/SiparisTarihi'

2021-11-19 17:02:24 - [MESSAGE][PASSED] - Call Test Case 'Test Cases/Olusturma/Genel/Kutular/SiparisBilgileriGirilir' successfully

2021-11-19 17:02:24 - [MESSAGE][INFO] - Checking called Test Case

2021-11-19 17:02:24 - [MESSAGE][INFO] - Starting to call Test Case 'Test Cases/Olusturma/Genel/Kutular/IrsaliyeBilgileri'

2021-11-19 17:02:24 - [TEST_CASE][PASSED] - Test Cases/Olusturma/Genel/Kutular/IrsaliyeBilgileri: Test Cases/Olusturma/Genel/Kutular/IrsaliyeBilgileri

2021-11-19 17:02:24 - [TEST_STEP][PASSED] - Method.TextDegerineEsitElementeTikla(findTestObject("Olusturma/Genel/Kutular/KapaliKutular"), "İrsaliye Bilgileri"): Method.TextDegerineEsitElementeTikla is PASSED

2021-11-19 17:02:24 - [MESSAGE][INFO] - Finding Test Object 'Object Repository/Olusturma/Genel/Kutular/KapaliKutular'

2021-11-19 17:02:25 - [MESSAGE][INFO] - Checking timeout

2021-11-19 17:02:25 - [MESSAGE][INFO] - Finding web element with id: 'Object Repository/Olusturma/Genel/Kutular/KapaliKutular' located by 'By.cssSelector: .dxnb-headerCollapsed>span' in '10' second(s)

2021-11-19 17:02:25 - [MESSAGE][INFO] - Smart Wait Function is triggered

2021-11-19 17:02:25 - [MESSAGE][INFO] - Found 8 web elements with id: 'Object Repository/Olusturma/Genel/Kutular/KapaliKutular' located by 'By.cssSelector: .dxnb-headerCollapsed>span' in '10' second(s)

2021-11-19 17:02:25 - [MESSAGE][PASSED] - Method.TextDegerineEsitElementeTikla is PASSED

2021-11-19 17:02:25 - [TEST_STEP][PASSED] - waitForElementClickable(findTestObject("Olusturma/Genel/Kutular/IrsaliyeBilgileri/Ekle"), 10): Object 'Object Repository/Olusturma/Genel/Kutular/IrsaliyeBilgileri/Ekle' is clickable

2021-11-19 17:02:25 - [MESSAGE][INFO] - Finding Test Object 'Object Repository/Olusturma/Genel/Kutular/IrsaliyeBilgileri/Ekle'

2021-11-19 17:02:25 - [MESSAGE][INFO] - Checking object

2021-11-19 17:02:25 - [MESSAGE][INFO] - Checking timeout

2021-11-19 17:02:25 - [MESSAGE][INFO] - Finding web element from Test Object's properties

2021-11-19 17:02:25 - [MESSAGE][INFO] - Checking timeout

2021-11-19 17:02:25 - [MESSAGE][INFO] - Finding web element with id: 'Object Repository/Olusturma/Genel/Kutular/IrsaliyeBilgileri/Ekle' located by 'By.xpath: //*[@id = 'DXEditorgvUserInvoiceBillsNewRowBtn']' in '10' second(s)

2021-11-19 17:02:25 - [MESSAGE][INFO] - Smart Wait Function is triggered

2021-11-19 17:02:26 - [MESSAGE][INFO] - Found 1 web elements with id: 'Object Repository/Olusturma/Genel/Kutular/IrsaliyeBilgileri/Ekle' located by 'By.xpath: //*[@id = 'DXEditorgvUserInvoiceBillsNewRowBtn']' in '10' second(s)

2021-11-19 17:02:26 - [MESSAGE][PASSED] - Object 'Object Repository/Olusturma/Genel/Kutular/IrsaliyeBilgileri/Ekle' is clickable

2021-11-19 17:02:26 - [TEST_STEP][PASSED] - click(findTestObject("Olusturma/Genel/Kutular/IrsaliyeBilgileri/Ekle")): Object: 'Object Repository/Olusturma/Genel/Kutular/IrsaliyeBilgileri/Ekle' is clicked on

2021-11-19 17:02:26 - [MESSAGE][INFO] - Finding Test Object 'Object Repository/Olusturma/Genel/Kutular/IrsaliyeBilgileri/Ekle'

2021-11-19 17:02:26 - [MESSAGE][INFO] - Checking object

2021-11-19 17:02:26 - [MESSAGE][INFO] - Finding web element from Test Object's properties

2021-11-19 17:02:26 - [MESSAGE][INFO] - Checking timeout

2021-11-19 17:02:26 - [MESSAGE][INFO] - Finding web element with id: 'Object Repository/Olusturma/Genel/Kutular/IrsaliyeBilgileri/Ekle' located by 'By.xpath: //*[@id = 'DXEditorgvUserInvoiceBillsNewRowBtn']' in '30' second(s)

2021-11-19 17:02:26 - [MESSAGE][INFO] - Smart Wait Function is triggered

2021-11-19 17:02:26 - [MESSAGE][INFO] - Found 1 web elements with id: 'Object Repository/Olusturma/Genel/Kutular/IrsaliyeBilgileri/Ekle' located by 'By.xpath: //*[@id = 'DXEditorgvUserInvoiceBillsNewRowBtn']' in '30' second(s)

2021-11-19 17:02:26 - [MESSAGE][INFO] - Clicking on object: 'Object Repository/Olusturma/Genel/Kutular/IrsaliyeBilgileri/Ekle'

2021-11-19 17:02:26 - [MESSAGE][PASSED] - Object: 'Object Repository/Olusturma/Genel/Kutular/IrsaliyeBilgileri/Ekle' is clicked on

2021-11-19 17:02:26 - [TEST_STEP][PASSED] - waitForElementPresent(findTestObject("Object Repository/Olusturma/Genel/Kutular/IrsaliyeBilgileri/IrsaliyeNumarasi"), 10): Object 'Object Repository/Olusturma/Genel/Kutular/IrsaliyeBilgileri/IrsaliyeNumarasi' is present

2021-11-19 17:02:26 - [MESSAGE][INFO] - Finding Test Object 'Object Repository/Olusturma/Genel/Kutular/IrsaliyeBilgileri/IrsaliyeNumarasi'

2021-11-19 17:02:26 - [MESSAGE][INFO] - Checking object

2021-11-19 17:02:26 - [MESSAGE][INFO] - Finding web element from Test Object's properties

2021-11-19 17:02:26 - [MESSAGE][INFO] - Checking timeout

2021-11-19 17:02:26 - [MESSAGE][INFO] - Finding web element with id: 'Object Repository/Olusturma/Genel/Kutular/IrsaliyeBilgileri/IrsaliyeNumarasi' located by 'By.xpath: //*[@id = 'gvUserInvoiceBills_DXEditor1_I']' in '10' second(s)

2021-11-19 17:02:26 - [MESSAGE][INFO] - Smart Wait Function is triggered

2021-11-19 17:02:27 - [MESSAGE][INFO] - Smart Wait Function is triggered

2021-11-19 17:02:27 - [MESSAGE][INFO] - Found 1 web elements with id: 'Object Repository/Olusturma/Genel/Kutular/IrsaliyeBilgileri/IrsaliyeNumarasi' located by 'By.xpath: //*[@id = 'gvUserInvoiceBills_DXEditor1_I']' in '10' second(s)

2021-11-19 17:02:27 - [MESSAGE][PASSED] - Object 'Object Repository/Olusturma/Genel/Kutular/IrsaliyeBilgileri/IrsaliyeNumarasi' is present

2021-11-19 17:02:27 - [TEST_STEP][PASSED] - clearText(findTestObject("Object Repository/Olusturma/Genel/Kutular/IrsaliyeBilgileri/IrsaliyeNumarasi")): Text of object 'Object Repository/Olusturma/Genel/Kutular/IrsaliyeBilgileri/IrsaliyeNumarasi' is cleared

2021-11-19 17:02:27 - [MESSAGE][INFO] - Finding Test Object 'Object Repository/Olusturma/Genel/Kutular/IrsaliyeBilgileri/IrsaliyeNumarasi'

2021-11-19 17:02:28 - [MESSAGE][INFO] - Checking object

2021-11-19 17:02:28 - [MESSAGE][INFO] - Finding web element from Test Object's properties

2021-11-19 17:02:28 - [MESSAGE][INFO] - Checking timeout

2021-11-19 17:02:28 - [MESSAGE][INFO] - Finding web element with id: 'Object Repository/Olusturma/Genel/Kutular/IrsaliyeBilgileri/IrsaliyeNumarasi' located by 'By.xpath: //*[@id = 'gvUserInvoiceBills_DXEditor1_I']' in '30' second(s)

2021-11-19 17:02:28 - [MESSAGE][INFO] - Smart Wait Function is triggered

2021-11-19 17:02:28 - [MESSAGE][INFO] - Found 1 web elements with id: 'Object Repository/Olusturma/Genel/Kutular/IrsaliyeBilgileri/IrsaliyeNumarasi' located by 'By.xpath: //*[@id = 'gvUserInvoiceBills_DXEditor1_I']' in '30' second(s)

2021-11-19 17:02:28 - [MESSAGE][INFO] - Clearing text of object 'Object Repository/Olusturma/Genel/Kutular/IrsaliyeBilgileri/IrsaliyeNumarasi'

2021-11-19 17:02:28 - [MESSAGE][PASSED] - Text of object 'Object Repository/Olusturma/Genel/Kutular/IrsaliyeBilgileri/IrsaliyeNumarasi' is cleared

2021-11-19 17:02:28 - [TEST_STEP][PASSED] - sendKeys(findTestObject("Object Repository/Olusturma/Genel/Kutular/IrsaliyeBilgileri/IrsaliyeNumarasi"), Numara): Keys 'AAAAAAAAAA' sent to object: 'Object Repository/Olusturma/Genel/Kutular/IrsaliyeBilgileri/IrsaliyeNumarasi'

2021-11-19 17:02:28 - [MESSAGE][INFO] - Finding Test Object 'Object Repository/Olusturma/Genel/Kutular/IrsaliyeBilgileri/IrsaliyeNumarasi'

2021-11-19 17:02:28 - [MESSAGE][INFO] - Sending keys 'AAAAAAAAAA' to object: 'Object Repository/Olusturma/Genel/Kutular/IrsaliyeBilgileri/IrsaliyeNumarasi'

2021-11-19 17:02:28 - [MESSAGE][INFO] - Finding web element from Test Object's properties

2021-11-19 17:02:28 - [MESSAGE][INFO] - Checking timeout

2021-11-19 17:02:28 - [MESSAGE][INFO] - Finding web element with id: 'Object Repository/Olusturma/Genel/Kutular/IrsaliyeBilgileri/IrsaliyeNumarasi' located by 'By.xpath: //*[@id = 'gvUserInvoiceBills_DXEditor1_I']' in '30' second(s)

2021-11-19 17:02:28 - [MESSAGE][INFO] - Smart Wait Function is triggered

2021-11-19 17:02:28 - [MESSAGE][INFO] - Found 1 web elements with id: 'Object Repository/Olusturma/Genel/Kutular/IrsaliyeBilgileri/IrsaliyeNumarasi' located by 'By.xpath: //*[@id = 'gvUserInvoiceBills_DXEditor1_I']' in '30' second(s)

2021-11-19 17:02:29 - [MESSAGE][PASSED] - Keys 'AAAAAAAAAA' sent to object: 'Object Repository/Olusturma/Genel/Kutular/IrsaliyeBilgileri/IrsaliyeNumarasi'

2021-11-19 17:02:29 - [TEST_STEP][PASSED] - waitForElementClickable(findTestObject("Object Repository/Olusturma/Genel/Kutular/IrsaliyeBilgileri/IrsaliyeTarihi"), 10): Object 'Object Repository/Olusturma/Genel/Kutular/IrsaliyeBilgileri/IrsaliyeTarihi' is clickable

2021-11-19 17:02:29 - [MESSAGE][INFO] - Finding Test Object 'Object Repository/Olusturma/Genel/Kutular/IrsaliyeBilgileri/IrsaliyeTarihi'

2021-11-19 17:02:29 - [MESSAGE][INFO] - Checking object

2021-11-19 17:02:29 - [MESSAGE][INFO] - Checking timeout

2021-11-19 17:02:29 - [MESSAGE][INFO] - Finding web element from Test Object's properties

2021-11-19 17:02:29 - [MESSAGE][INFO] - Checking timeout

2021-11-19 17:02:29 - [MESSAGE][INFO] - Finding web element with id: 'Object Repository/Olusturma/Genel/Kutular/IrsaliyeBilgileri/IrsaliyeTarihi' located by 'By.xpath: //*[@id = 'gvUserInvoiceBills_DXEditor2_I']' in '10' second(s)

2021-11-19 17:02:29 - [MESSAGE][INFO] - Smart Wait Function is triggered

2021-11-19 17:02:29 - [MESSAGE][INFO] - Found 1 web elements with id: 'Object Repository/Olusturma/Genel/Kutular/IrsaliyeBilgileri/IrsaliyeTarihi' located by 'By.xpath: //*[@id = 'gvUserInvoiceBills_DXEditor2_I']' in '10' second(s)

2021-11-19 17:02:29 - [MESSAGE][PASSED] - Object 'Object Repository/Olusturma/Genel/Kutular/IrsaliyeBilgileri/IrsaliyeTarihi' is clickable

2021-11-19 17:02:29 - [TEST_STEP][PASSED] - click(findTestObject("Object Repository/Olusturma/Genel/Kutular/IrsaliyeBilgileri/IrsaliyeTarihi")): Object: 'Object Repository/Olusturma/Genel/Kutular/IrsaliyeBilgileri/IrsaliyeTarihi' is clicked on

2021-11-19 17:02:29 - [MESSAGE][INFO] - Finding Test Object 'Object Repository/Olusturma/Genel/Kutular/IrsaliyeBilgileri/IrsaliyeTarihi'

2021-11-19 17:02:29 - [MESSAGE][INFO] - Checking object

2021-11-19 17:02:29 - [MESSAGE][INFO] - Finding web element from Test Object's properties

2021-11-19 17:02:29 - [MESSAGE][INFO] - Checking timeout

2021-11-19 17:02:29 - [MESSAGE][INFO] - Finding web element with id: 'Object Repository/Olusturma/Genel/Kutular/IrsaliyeBilgileri/IrsaliyeTarihi' located by 'By.xpath: //*[@id = 'gvUserInvoiceBills_DXEditor2_I']' in '30' second(s)

2021-11-19 17:02:29 - [MESSAGE][INFO] - Smart Wait Function is triggered

2021-11-19 17:02:30 - [MESSAGE][INFO] - Found 1 web elements with id: 'Object Repository/Olusturma/Genel/Kutular/IrsaliyeBilgileri/IrsaliyeTarihi' located by 'By.xpath: //*[@id = 'gvUserInvoiceBills_DXEditor2_I']' in '30' second(s)

2021-11-19 17:02:30 - [MESSAGE][INFO] - Clicking on object: 'Object Repository/Olusturma/Genel/Kutular/IrsaliyeBilgileri/IrsaliyeTarihi'

2021-11-19 17:02:30 - [MESSAGE][PASSED] - Object: 'Object Repository/Olusturma/Genel/Kutular/IrsaliyeBilgileri/IrsaliyeTarihi' is clicked on

2021-11-19 17:02:30 - [TEST_STEP][PASSED] - sendKeys(findTestObject("Object Repository/Olusturma/Genel/Kutular/IrsaliyeBilgileri/IrsaliyeTarihi"), Tarih): Keys '31.04.2020' sent to object: 'Object Repository/Olusturma/Genel/Kutular/IrsaliyeBilgileri/IrsaliyeTarihi'

2021-11-19 17:02:30 - [MESSAGE][INFO] - Finding Test Object 'Object Repository/Olusturma/Genel/Kutular/IrsaliyeBilgileri/IrsaliyeTarihi'

2021-11-19 17:02:30 - [MESSAGE][INFO] - Sending keys '31.04.2020' to object: 'Object Repository/Olusturma/Genel/Kutular/IrsaliyeBilgileri/IrsaliyeTarihi'

2021-11-19 17:02:30 - [MESSAGE][INFO] - Finding web element from Test Object's properties

2021-11-19 17:02:30 - [MESSAGE][INFO] - Checking timeout

2021-11-19 17:02:30 - [MESSAGE][INFO] - Finding web element with id: 'Object Repository/Olusturma/Genel/Kutular/IrsaliyeBilgileri/IrsaliyeTarihi' located by 'By.xpath: //*[@id = 'gvUserInvoiceBills_DXEditor2_I']' in '30' second(s)

2021-11-19 17:02:30 - [MESSAGE][INFO] - Smart Wait Function is triggered

2021-11-19 17:02:30 - [MESSAGE][INFO] - Found 1 web elements with id: 'Object Repository/Olusturma/Genel/Kutular/IrsaliyeBilgileri/IrsaliyeTarihi' located by 'By.xpath: //*[@id = 'gvUserInvoiceBills_DXEditor2_I']' in '30' second(s)

2021-11-19 17:02:30 - [MESSAGE][PASSED] - Keys '31.04.2020' sent to object: 'Object Repository/Olusturma/Genel/Kutular/IrsaliyeBilgileri/IrsaliyeTarihi'

2021-11-19 17:02:30 - [MESSAGE][PASSED] - Call Test Case 'Test Cases/Olusturma/Genel/Kutular/IrsaliyeBilgileri' successfully

2021-11-19 17:02:30 - [MESSAGE][INFO] - Checking called Test Case

2021-11-19 17:02:30 - [MESSAGE][INFO] - Starting to call Test Case 'Test Cases/Olusturma/Genel/EkleButonunaBasilir'

2021-11-19 17:02:30 - [TEST_CASE][PASSED] - Test Cases/Olusturma/Genel/EkleButonunaBasilir: Test Cases/Olusturma/Genel/EkleButonunaBasilir

2021-11-19 17:02:30 - [TEST_STEP][PASSED] - waitForElementClickable(findTestObject("Object Repository/Olusturma/Genel/Olusturma/Ekle"), 10): Object 'Object Repository/Olusturma/Genel/Olusturma/Ekle' is clickable

2021-11-19 17:02:30 - [MESSAGE][INFO] - Finding Test Object 'Object Repository/Olusturma/Genel/Olusturma/Ekle'

2021-11-19 17:02:31 - [MESSAGE][INFO] - Checking object

2021-11-19 17:02:31 - [MESSAGE][INFO] - Checking timeout

2021-11-19 17:02:31 - [MESSAGE][INFO] - Finding web element from Test Object's properties

2021-11-19 17:02:31 - [MESSAGE][INFO] - Checking timeout

2021-11-19 17:02:31 - [MESSAGE][INFO] - Finding web element with id: 'Object Repository/Olusturma/Genel/Olusturma/Ekle' located by 'By.cssSelector: #divmalhizmet i.fa.fa-plus.fa-lg.text-muted' in '10' second(s)

2021-11-19 17:02:31 - [MESSAGE][INFO] - Smart Wait Function is triggered

2021-11-19 17:02:31 - [MESSAGE][INFO] - Found 1 web elements with id: 'Object Repository/Olusturma/Genel/Olusturma/Ekle' located by 'By.cssSelector: #divmalhizmet i.fa.fa-plus.fa-lg.text-muted' in '10' second(s)

2021-11-19 17:02:31 - [MESSAGE][PASSED] - Object 'Object Repository/Olusturma/Genel/Olusturma/Ekle' is clickable

2021-11-19 17:02:31 - [TEST_STEP][PASSED] - click(findTestObject("Object Repository/Olusturma/Genel/Olusturma/Ekle")): Object: 'Object Repository/Olusturma/Genel/Olusturma/Ekle' is clicked on

2021-11-19 17:02:31 - [MESSAGE][INFO] - Finding Test Object 'Object Repository/Olusturma/Genel/Olusturma/Ekle'

2021-11-19 17:02:31 - [MESSAGE][INFO] - Checking object

2021-11-19 17:02:31 - [MESSAGE][INFO] - Finding web element from Test Object's properties

2021-11-19 17:02:31 - [MESSAGE][INFO] - Checking timeout

2021-11-19 17:02:31 - [MESSAGE][INFO] - Finding web element with id: 'Object Repository/Olusturma/Genel/Olusturma/Ekle' located by 'By.cssSelector: #divmalhizmet i.fa.fa-plus.fa-lg.text-muted' in '30' second(s)

2021-11-19 17:02:31 - [MESSAGE][INFO] - Smart Wait Function is triggered

2021-11-19 17:02:31 - [MESSAGE][INFO] - Found 1 web elements with id: 'Object Repository/Olusturma/Genel/Olusturma/Ekle' located by 'By.cssSelector: #divmalhizmet i.fa.fa-plus.fa-lg.text-muted' in '30' second(s)

2021-11-19 17:02:31 - [MESSAGE][INFO] - Clicking on object: 'Object Repository/Olusturma/Genel/Olusturma/Ekle'

2021-11-19 17:02:31 - [MESSAGE][PASSED] - Object: 'Object Repository/Olusturma/Genel/Olusturma/Ekle' is clicked on

2021-11-19 17:02:31 - [TEST_STEP][PASSED] - waitForElementClickable(findTestObject("Olusturma/Genel/Olusturma/EklenenSatirCarpiImage"), 10): Object 'Object Repository/Olusturma/Genel/Olusturma/EklenenSatirCarpiImage' is clickable

2021-11-19 17:02:31 - [MESSAGE][INFO] - Finding Test Object 'Object Repository/Olusturma/Genel/Olusturma/EklenenSatirCarpiImage'

2021-11-19 17:02:32 - [MESSAGE][INFO] - Checking object

2021-11-19 17:02:32 - [MESSAGE][INFO] - Checking timeout

2021-11-19 17:02:32 - [MESSAGE][INFO] - Finding web element from Test Object's properties

2021-11-19 17:02:32 - [MESSAGE][INFO] - Checking timeout

2021-11-19 17:02:32 - [MESSAGE][INFO] - Finding web element with id: 'Object Repository/Olusturma/Genel/Olusturma/EklenenSatirCarpiImage' located by 'By.cssSelector: .fa.fa-times.fa-lg.text-primary' in '10' second(s)

2021-11-19 17:02:32 - [MESSAGE][INFO] - Smart Wait Function is triggered

2021-11-19 17:02:32 - [MESSAGE][INFO] - Found 1 web elements with id: 'Object Repository/Olusturma/Genel/Olusturma/EklenenSatirCarpiImage' located by 'By.cssSelector: .fa.fa-times.fa-lg.text-primary' in '10' second(s)

2021-11-19 17:02:32 - [MESSAGE][PASSED] - Object 'Object Repository/Olusturma/Genel/Olusturma/EklenenSatirCarpiImage' is clickable

2021-11-19 17:02:32 - [MESSAGE][PASSED] - Call Test Case 'Test Cases/Olusturma/Genel/EkleButonunaBasilir' successfully

2021-11-19 17:02:32 - [MESSAGE][INFO] - Checking called Test Case

2021-11-19 17:02:32 - [MESSAGE][INFO] - Starting to call Test Case 'Test Cases/Olusturma/Genel/Olusturma'

2021-11-19 17:02:32 - [TEST_CASE][PASSED] - Test Cases/Olusturma/Genel/Olusturma: Test Cases/Olusturma/Genel/Olusturma

2021-11-19 17:02:32 - [TEST_STEP][PASSED] - driver = getWebDriver(): null

2021-11-19 17:02:32 - [TEST_STEP][PASSED] - action = new org.openqa.selenium.interactions.Actions(driver): null

2021-11-19 17:02:32 - [TEST_STEP][PASSED] - baslikElement = <not implemented yet for class: org.codehaus.groovy.ast.expr.EmptyExpression>: null

2021-11-19 17:02:32 - [TEST_STEP][PASSED] - sonElement = <not implemented yet for class: org.codehaus.groovy.ast.expr.EmptyExpression>: null

2021-11-19 17:02:32 - [TEST_STEP][PASSED] - attr = <not implemented yet for class: org.codehaus.groovy.ast.expr.EmptyExpression>: null

2021-11-19 17:02:32 - [TEST_STEP][PASSED] - a = 0: null

2021-11-19 17:02:32 - [TEST_STEP][PASSED] - elements = findWebElements(findTestObject("Object Repository/Olusturma/Genel/Olusturma/TabloBasliklari"), 10): Found 17 web elements with id: 'Object Repository/Olusturma/Genel/Olusturma/TabloBasliklari' located by 'By.cssSelector: div#divmalhizmet .dxgvTable_LECustomTheme td.dxgvHeader_LECustomTheme tr>td:nth-child(1)' in '10' second(s)

2021-11-19 17:02:32 - [MESSAGE][INFO] - Finding Test Object 'Object Repository/Olusturma/Genel/Olusturma/TabloBasliklari'

2021-11-19 17:02:32 - [MESSAGE][INFO] - Checking timeout

2021-11-19 17:02:32 - [MESSAGE][INFO] - Finding web element with id: 'Object Repository/Olusturma/Genel/Olusturma/TabloBasliklari' located by 'By.cssSelector: div#divmalhizmet .dxgvTable_LECustomTheme td.dxgvHeader_LECustomTheme tr>td:nth-child(1)' in '10' second(s)

2021-11-19 17:02:32 - [MESSAGE][INFO] - Smart Wait Function is triggered

2021-11-19 17:02:33 - [MESSAGE][INFO] - Found 17 web elements with id: 'Object Repository/Olusturma/Genel/Olusturma/TabloBasliklari' located by 'By.cssSelector: div#divmalhizmet .dxgvTable_LECustomTheme td.dxgvHeader_LECustomTheme tr>td:nth-child(1)' in '10' second(s)

2021-11-19 17:02:33 - [TEST_STEP][PASSED] - for (def element : elements): null

2021-11-19 17:02:33 - [TEST_STEP][PASSED] - build().perform(): null

2021-11-19 17:02:33 - [TEST_STEP][PASSED] - if (getText().equals(Baslik)): null

2021-11-19 17:02:33 - [TEST_STEP][PASSED] - baslikElement = element.findElement(By.xpath("../../../..")): Smart Wait Function is triggered

2021-11-19 17:02:33 - [MESSAGE][INFO] - Smart Wait Function is triggered

2021-11-19 17:02:34 - [TEST_STEP][PASSED] - attr = baslikElement.getAttribute("id"): null

2021-11-19 17:02:34 - [TEST_STEP][PASSED] - println("girdi ve idsini aldı = " + attr): null

2021-11-19 17:02:34 - [TEST_STEP][PASSED] - break: null

2021-11-19 17:02:34 - [TEST_STEP][PASSED] - countElement = baslikElement.findElements(By.xpath("../td")): Smart Wait Function is triggered

2021-11-19 17:02:34 - [MESSAGE][INFO] - Smart Wait Function is triggered

2021-11-19 17:02:34 - [TEST_STEP][PASSED] - for (def element : countElement): null

2021-11-19 17:02:34 - [TEST_STEP][PASSED] - if (toString().equals(attr.toString())): null

2021-11-19 17:02:34 - [TEST_STEP][PASSED] - (a++): null

2021-11-19 17:02:34 - [TEST_STEP][PASSED] - if (toString().equals(attr.toString())): null

2021-11-19 17:02:34 - [TEST_STEP][PASSED] - break: null

2021-11-19 17:02:34 - [TEST_STEP][PASSED] - son = findWebElement(findTestObject("Object Repository/Olusturma/Genel/Olusturma/EklenenSatir")).findElement(By.xpath("td[@class='dxgvInlineEditCell_LECustomTheme dxgv'][" + a + "]//td[@class='dxic']/input")): Smart Wait Function is triggered

2021-11-19 17:02:34 - [MESSAGE][INFO] - Finding Test Object 'Object Repository/Olusturma/Genel/Olusturma/EklenenSatir'

2021-11-19 17:02:34 - [MESSAGE][INFO] - Finding web element from Test Object's properties

2021-11-19 17:02:34 - [MESSAGE][INFO] - Checking timeout

2021-11-19 17:02:34 - [MESSAGE][INFO] - Finding web element with id: 'Object Repository/Olusturma/Genel/Olusturma/EklenenSatir' located by 'By.cssSelector: #divmalhizmet .dxgvInlineEditRow_LECustomTheme' in '30' second(s)

2021-11-19 17:02:34 - [MESSAGE][INFO] - Smart Wait Function is triggered

2021-11-19 17:02:34 - [MESSAGE][INFO] - Found 1 web elements with id: 'Object Repository/Olusturma/Genel/Olusturma/EklenenSatir' located by 'By.cssSelector: #divmalhizmet .dxgvInlineEditRow_LECustomTheme' in '30' second(s)

2021-11-19 17:02:34 - [MESSAGE][INFO] - Smart Wait Function is triggered

2021-11-19 17:02:35 - [TEST_STEP][PASSED] - if (!(getAttribute("value").contains("Vkn"))): null

2021-11-19 17:02:35 - [TEST_STEP][PASSED] - son.clear(): null

2021-11-19 17:02:35 - [TEST_STEP][PASSED] - son.sendKeys(Deger): null

2021-11-19 17:02:35 - [MESSAGE][PASSED] - Call Test Case 'Test Cases/Olusturma/Genel/Olusturma' successfully

2021-11-19 17:02:35 - [MESSAGE][INFO] - Checking called Test Case

2021-11-19 17:02:35 - [MESSAGE][INFO] - Starting to call Test Case 'Test Cases/Olusturma/Genel/Olusturma'

2021-11-19 17:02:35 - [TEST_CASE][PASSED] - Test Cases/Olusturma/Genel/Olusturma: Test Cases/Olusturma/Genel/Olusturma

2021-11-19 17:02:35 - [TEST_STEP][PASSED] - driver = getWebDriver(): null

2021-11-19 17:02:35 - [TEST_STEP][PASSED] - action = new org.openqa.selenium.interactions.Actions(driver): null

2021-11-19 17:02:35 - [TEST_STEP][PASSED] - baslikElement = <not implemented yet for class: org.codehaus.groovy.ast.expr.EmptyExpression>: null

2021-11-19 17:02:35 - [TEST_STEP][PASSED] - sonElement = <not implemented yet for class: org.codehaus.groovy.ast.expr.EmptyExpression>: null

2021-11-19 17:02:35 - [TEST_STEP][PASSED] - attr = <not implemented yet for class: org.codehaus.groovy.ast.expr.EmptyExpression>: null

2021-11-19 17:02:35 - [TEST_STEP][PASSED] - a = 0: null

2021-11-19 17:02:35 - [TEST_STEP][PASSED] - elements = findWebElements(findTestObject("Object Repository/Olusturma/Genel/Olusturma/TabloBasliklari"), 10): Found 17 web elements with id: 'Object Repository/Olusturma/Genel/Olusturma/TabloBasliklari' located by 'By.cssSelector: div#divmalhizmet .dxgvTable_LECustomTheme td.dxgvHeader_LECustomTheme tr>td:nth-child(1)' in '10' second(s)

2021-11-19 17:02:35 - [MESSAGE][INFO] - Finding Test Object 'Object Repository/Olusturma/Genel/Olusturma/TabloBasliklari'

2021-11-19 17:02:35 - [MESSAGE][INFO] - Checking timeout

2021-11-19 17:02:35 - [MESSAGE][INFO] - Finding web element with id: 'Object Repository/Olusturma/Genel/Olusturma/TabloBasliklari' located by 'By.cssSelector: div#divmalhizmet .dxgvTable_LECustomTheme td.dxgvHeader_LECustomTheme tr>td:nth-child(1)' in '10' second(s)

2021-11-19 17:02:35 - [MESSAGE][INFO] - Smart Wait Function is triggered

2021-11-19 17:02:35 - [MESSAGE][INFO] - Found 17 web elements with id: 'Object Repository/Olusturma/Genel/Olusturma/TabloBasliklari' located by 'By.cssSelector: div#divmalhizmet .dxgvTable_LECustomTheme td.dxgvHeader_LECustomTheme tr>td:nth-child(1)' in '10' second(s)

2021-11-19 17:02:35 - [TEST_STEP][PASSED] - for (def element : elements): null

2021-11-19 17:02:35 - [TEST_STEP][PASSED] - build().perform(): null

2021-11-19 17:02:35 - [TEST_STEP][PASSED] - if (getText().equals(Baslik)): null

2021-11-19 17:02:35 - [TEST_STEP][PASSED] - build().perform(): null

2021-11-19 17:02:36 - [TEST_STEP][PASSED] - if (getText().equals(Baslik)): null

2021-11-19 17:02:36 - [TEST_STEP][PASSED] - baslikElement = element.findElement(By.xpath("../../../..")): Smart Wait Function is triggered

2021-11-19 17:02:36 - [MESSAGE][INFO] - Smart Wait Function is triggered

2021-11-19 17:02:36 - [TEST_STEP][PASSED] - attr = baslikElement.getAttribute("id"): null

2021-11-19 17:02:36 - [TEST_STEP][PASSED] - println("girdi ve idsini aldı = " + attr): null

2021-11-19 17:02:36 - [TEST_STEP][PASSED] - break: null

2021-11-19 17:02:36 - [TEST_STEP][PASSED] - countElement = baslikElement.findElements(By.xpath("../td")): Smart Wait Function is triggered

2021-11-19 17:02:36 - [MESSAGE][INFO] - Smart Wait Function is triggered

2021-11-19 17:02:36 - [TEST_STEP][PASSED] - for (def element : countElement): null

2021-11-19 17:02:36 - [TEST_STEP][PASSED] - if (toString().equals(attr.toString())): null

2021-11-19 17:02:36 - [TEST_STEP][PASSED] - (a++): null

2021-11-19 17:02:36 - [TEST_STEP][PASSED] - if (toString().equals(attr.toString())): null

2021-11-19 17:02:36 - [TEST_STEP][PASSED] - (a++): null

2021-11-19 17:02:36 - [TEST_STEP][PASSED] - if (toString().equals(attr.toString())): null

2021-11-19 17:02:36 - [TEST_STEP][PASSED] - break: null

2021-11-19 17:02:36 - [TEST_STEP][PASSED] - son = findWebElement(findTestObject("Object Repository/Olusturma/Genel/Olusturma/EklenenSatir")).findElement(By.xpath("td[@class='dxgvInlineEditCell_LECustomTheme dxgv'][" + a + "]//td[@class='dxic']/input")): Smart Wait Function is triggered

2021-11-19 17:02:36 - [MESSAGE][INFO] - Finding Test Object 'Object Repository/Olusturma/Genel/Olusturma/EklenenSatir'

2021-11-19 17:02:36 - [MESSAGE][INFO] - Finding web element from Test Object's properties

2021-11-19 17:02:36 - [MESSAGE][INFO] - Checking timeout

2021-11-19 17:02:36 - [MESSAGE][INFO] - Finding web element with id: 'Object Repository/Olusturma/Genel/Olusturma/EklenenSatir' located by 'By.cssSelector: #divmalhizmet .dxgvInlineEditRow_LECustomTheme' in '30' second(s)

2021-11-19 17:02:36 - [MESSAGE][INFO] - Smart Wait Function is triggered

2021-11-19 17:02:37 - [MESSAGE][INFO] - Found 1 web elements with id: 'Object Repository/Olusturma/Genel/Olusturma/EklenenSatir' located by 'By.cssSelector: #divmalhizmet .dxgvInlineEditRow_LECustomTheme' in '30' second(s)

2021-11-19 17:02:37 - [MESSAGE][INFO] - Smart Wait Function is triggered

2021-11-19 17:02:37 - [TEST_STEP][PASSED] - if (!(getAttribute("value").contains("Vkn"))): null

2021-11-19 17:02:37 - [TEST_STEP][PASSED] - son.clear(): null

2021-11-19 17:02:37 - [TEST_STEP][PASSED] - son.sendKeys(Deger): null

2021-11-19 17:02:37 - [MESSAGE][PASSED] - Call Test Case 'Test Cases/Olusturma/Genel/Olusturma' successfully

2021-11-19 17:02:37 - [MESSAGE][INFO] - Checking called Test Case

2021-11-19 17:02:37 - [MESSAGE][INFO] - Starting to call Test Case 'Test Cases/Olusturma/Genel/Olusturma'

2021-11-19 17:02:37 - [TEST_CASE][PASSED] - Test Cases/Olusturma/Genel/Olusturma: Test Cases/Olusturma/Genel/Olusturma

2021-11-19 17:02:37 - [TEST_STEP][PASSED] - driver = getWebDriver(): null

2021-11-19 17:02:37 - [TEST_STEP][PASSED] - action = new org.openqa.selenium.interactions.Actions(driver): null

2021-11-19 17:02:37 - [TEST_STEP][PASSED] - baslikElement = <not implemented yet for class: org.codehaus.groovy.ast.expr.EmptyExpression>: null

2021-11-19 17:02:37 - [TEST_STEP][PASSED] - sonElement = <not implemented yet for class: org.codehaus.groovy.ast.expr.EmptyExpression>: null

2021-11-19 17:02:37 - [TEST_STEP][PASSED] - attr = <not implemented yet for class: org.codehaus.groovy.ast.expr.EmptyExpression>: null

2021-11-19 17:02:37 - [TEST_STEP][PASSED] - a = 0: null

2021-11-19 17:02:37 - [TEST_STEP][PASSED] - elements = findWebElements(findTestObject("Object Repository/Olusturma/Genel/Olusturma/TabloBasliklari"), 10): Found 17 web elements with id: 'Object Repository/Olusturma/Genel/Olusturma/TabloBasliklari' located by 'By.cssSelector: div#divmalhizmet .dxgvTable_LECustomTheme td.dxgvHeader_LECustomTheme tr>td:nth-child(1)' in '10' second(s)

2021-11-19 17:02:37 - [MESSAGE][INFO] - Finding Test Object 'Object Repository/Olusturma/Genel/Olusturma/TabloBasliklari'

2021-11-19 17:02:37 - [MESSAGE][INFO] - Checking timeout

2021-11-19 17:02:37 - [MESSAGE][INFO] - Finding web element with id: 'Object Repository/Olusturma/Genel/Olusturma/TabloBasliklari' located by 'By.cssSelector: div#divmalhizmet .dxgvTable_LECustomTheme td.dxgvHeader_LECustomTheme tr>td:nth-child(1)' in '10' second(s)

2021-11-19 17:02:37 - [MESSAGE][INFO] - Smart Wait Function is triggered

2021-11-19 17:02:38 - [MESSAGE][INFO] - Found 17 web elements with id: 'Object Repository/Olusturma/Genel/Olusturma/TabloBasliklari' located by 'By.cssSelector: div#divmalhizmet .dxgvTable_LECustomTheme td.dxgvHeader_LECustomTheme tr>td:nth-child(1)' in '10' second(s)

2021-11-19 17:02:38 - [TEST_STEP][PASSED] - for (def element : elements): null

2021-11-19 17:02:38 - [TEST_STEP][PASSED] - build().perform(): null

2021-11-19 17:02:38 - [TEST_STEP][PASSED] - if (getText().equals(Baslik)): null

2021-11-19 17:02:38 - [TEST_STEP][PASSED] - build().perform(): null

2021-11-19 17:02:38 - [TEST_STEP][PASSED] - if (getText().equals(Baslik)): null

2021-11-19 17:02:38 - [TEST_STEP][PASSED] - build().perform(): null

2021-11-19 17:02:38 - [TEST_STEP][PASSED] - if (getText().equals(Baslik)): null

2021-11-19 17:02:38 - [TEST_STEP][PASSED] - build().perform(): null

2021-11-19 17:02:38 - [TEST_STEP][PASSED] - if (getText().equals(Baslik)): null

2021-11-19 17:02:38 - [TEST_STEP][PASSED] - baslikElement = element.findElement(By.xpath("../../../..")): Smart Wait Function is triggered

2021-11-19 17:02:38 - [MESSAGE][INFO] - Smart Wait Function is triggered

2021-11-19 17:02:39 - [TEST_STEP][PASSED] - attr = baslikElement.getAttribute("id"): null

2021-11-19 17:02:39 - [TEST_STEP][PASSED] - println("girdi ve idsini aldı = " + attr): null

2021-11-19 17:02:39 - [TEST_STEP][PASSED] - break: null

2021-11-19 17:02:39 - [TEST_STEP][PASSED] - countElement = baslikElement.findElements(By.xpath("../td")): Smart Wait Function is triggered

2021-11-19 17:02:39 - [MESSAGE][INFO] - Smart Wait Function is triggered

2021-11-19 17:02:39 - [TEST_STEP][PASSED] - for (def element : countElement): null

2021-11-19 17:02:39 - [TEST_STEP][PASSED] - if (toString().equals(attr.toString())): null

2021-11-19 17:02:39 - [TEST_STEP][PASSED] - (a++): null

2021-11-19 17:02:39 - [TEST_STEP][PASSED] - if (toString().equals(attr.toString())): null

2021-11-19 17:02:39 - [TEST_STEP][PASSED] - (a++): null

2021-11-19 17:02:39 - [TEST_STEP][PASSED] - if (toString().equals(attr.toString())): null

2021-11-19 17:02:39 - [TEST_STEP][PASSED] - (a++): null

2021-11-19 17:02:39 - [TEST_STEP][PASSED] - if (toString().equals(attr.toString())): null

2021-11-19 17:02:39 - [TEST_STEP][PASSED] - (a++): null

2021-11-19 17:02:39 - [TEST_STEP][PASSED] - if (toString().equals(attr.toString())): null

2021-11-19 17:02:39 - [TEST_STEP][PASSED] - break: null

2021-11-19 17:02:39 - [TEST_STEP][PASSED] - son = findWebElement(findTestObject("Object Repository/Olusturma/Genel/Olusturma/EklenenSatir")).findElement(By.xpath("td[@class='dxgvInlineEditCell_LECustomTheme dxgv'][" + a + "]//td[@class='dxic']/input")): Smart Wait Function is triggered

2021-11-19 17:02:39 - [MESSAGE][INFO] - Finding Test Object 'Object Repository/Olusturma/Genel/Olusturma/EklenenSatir'

2021-11-19 17:02:39 - [MESSAGE][INFO] - Finding web element from Test Object's properties

2021-11-19 17:02:39 - [MESSAGE][INFO] - Checking timeout

2021-11-19 17:02:39 - [MESSAGE][INFO] - Finding web element with id: 'Object Repository/Olusturma/Genel/Olusturma/EklenenSatir' located by 'By.cssSelector: #divmalhizmet .dxgvInlineEditRow_LECustomTheme' in '30' second(s)

2021-11-19 17:02:39 - [MESSAGE][INFO] - Smart Wait Function is triggered

2021-11-19 17:02:39 - [MESSAGE][INFO] - Found 1 web elements with id: 'Object Repository/Olusturma/Genel/Olusturma/EklenenSatir' located by 'By.cssSelector: #divmalhizmet .dxgvInlineEditRow_LECustomTheme' in '30' second(s)

2021-11-19 17:02:39 - [MESSAGE][INFO] - Smart Wait Function is triggered

2021-11-19 17:02:40 - [TEST_STEP][PASSED] - if (!(getAttribute("value").contains("Vkn"))): null

2021-11-19 17:02:40 - [TEST_STEP][PASSED] - son.clear(): null

2021-11-19 17:02:40 - [TEST_STEP][PASSED] - son.sendKeys(Deger): null

2021-11-19 17:02:40 - [MESSAGE][PASSED] - Call Test Case 'Test Cases/Olusturma/Genel/Olusturma' successfully

2021-11-19 17:02:40 - [MESSAGE][INFO] - Checking called Test Case

2021-11-19 17:02:40 - [MESSAGE][INFO] - Starting to call Test Case 'Test Cases/Olusturma/Genel/Olusturma'

2021-11-19 17:02:40 - [TEST_CASE][PASSED] - Test Cases/Olusturma/Genel/Olusturma: Test Cases/Olusturma/Genel/Olusturma

2021-11-19 17:02:40 - [TEST_STEP][PASSED] - driver = getWebDriver(): null

2021-11-19 17:02:40 - [TEST_STEP][PASSED] - action = new org.openqa.selenium.interactions.Actions(driver): null

2021-11-19 17:02:40 - [TEST_STEP][PASSED] - baslikElement = <not implemented yet for class: org.codehaus.groovy.ast.expr.EmptyExpression>: null

2021-11-19 17:02:40 - [TEST_STEP][PASSED] - sonElement = <not implemented yet for class: org.codehaus.groovy.ast.expr.EmptyExpression>: null

2021-11-19 17:02:40 - [TEST_STEP][PASSED] - attr = <not implemented yet for class: org.codehaus.groovy.ast.expr.EmptyExpression>: null

2021-11-19 17:02:40 - [TEST_STEP][PASSED] - a = 0: null

2021-11-19 17:02:40 - [TEST_STEP][PASSED] - elements = findWebElements(findTestObject("Object Repository/Olusturma/Genel/Olusturma/TabloBasliklari"), 10): Found 17 web elements with id: 'Object Repository/Olusturma/Genel/Olusturma/TabloBasliklari' located by 'By.cssSelector: div#divmalhizmet .dxgvTable_LECustomTheme td.dxgvHeader_LECustomTheme tr>td:nth-child(1)' in '10' second(s)

2021-11-19 17:02:40 - [MESSAGE][INFO] - Finding Test Object 'Object Repository/Olusturma/Genel/Olusturma/TabloBasliklari'

2021-11-19 17:02:40 - [MESSAGE][INFO] - Checking timeout

2021-11-19 17:02:40 - [MESSAGE][INFO] - Finding web element with id: 'Object Repository/Olusturma/Genel/Olusturma/TabloBasliklari' located by 'By.cssSelector: div#divmalhizmet .dxgvTable_LECustomTheme td.dxgvHeader_LECustomTheme tr>td:nth-child(1)' in '10' second(s)

2021-11-19 17:02:40 - [MESSAGE][INFO] - Smart Wait Function is triggered

2021-11-19 17:02:40 - [MESSAGE][INFO] - Found 17 web elements with id: 'Object Repository/Olusturma/Genel/Olusturma/TabloBasliklari' located by 'By.cssSelector: div#divmalhizmet .dxgvTable_LECustomTheme td.dxgvHeader_LECustomTheme tr>td:nth-child(1)' in '10' second(s)

2021-11-19 17:02:40 - [TEST_STEP][PASSED] - for (def element : elements): null

2021-11-19 17:02:40 - [TEST_STEP][PASSED] - build().perform(): null

2021-11-19 17:02:40 - [TEST_STEP][PASSED] - if (getText().equals(Baslik)): null

2021-11-19 17:02:40 - [TEST_STEP][PASSED] - build().perform(): null

2021-11-19 17:02:41 - [TEST_STEP][PASSED] - if (getText().equals(Baslik)): null

2021-11-19 17:02:41 - [TEST_STEP][PASSED] - build().perform(): null

2021-11-19 17:02:41 - [TEST_STEP][PASSED] - if (getText().equals(Baslik)): null

2021-11-19 17:02:41 - [TEST_STEP][PASSED] - build().perform(): null

2021-11-19 17:02:41 - [TEST_STEP][PASSED] - if (getText().equals(Baslik)): null

2021-11-19 17:02:41 - [TEST_STEP][PASSED] - build().perform(): null

2021-11-19 17:02:41 - [TEST_STEP][PASSED] - if (getText().equals(Baslik)): null

2021-11-19 17:02:41 - [TEST_STEP][PASSED] - build().perform(): null

2021-11-19 17:02:41 - [TEST_STEP][PASSED] - if (getText().equals(Baslik)): null

2021-11-19 17:02:41 - [TEST_STEP][PASSED] - baslikElement = element.findElement(By.xpath("../../../..")): Smart Wait Function is triggered

2021-11-19 17:02:41 - [MESSAGE][INFO] - Smart Wait Function is triggered

2021-11-19 17:02:41 - [TEST_STEP][PASSED] - attr = baslikElement.getAttribute("id"): null

2021-11-19 17:02:41 - [TEST_STEP][PASSED] - println("girdi ve idsini aldı = " + attr): null

2021-11-19 17:02:41 - [TEST_STEP][PASSED] - break: null

2021-11-19 17:02:41 - [TEST_STEP][PASSED] - countElement = baslikElement.findElements(By.xpath("../td")): Smart Wait Function is triggered

2021-11-19 17:02:41 - [MESSAGE][INFO] - Smart Wait Function is triggered

2021-11-19 17:02:42 - [TEST_STEP][PASSED] - for (def element : countElement): null

2021-11-19 17:02:42 - [TEST_STEP][PASSED] - if (toString().equals(attr.toString())): null

2021-11-19 17:02:42 - [TEST_STEP][PASSED] - (a++): null

2021-11-19 17:02:42 - [TEST_STEP][PASSED] - if (toString().equals(attr.toString())): null

2021-11-19 17:02:42 - [TEST_STEP][PASSED] - (a++): null

2021-11-19 17:02:42 - [TEST_STEP][PASSED] - if (toString().equals(attr.toString())): null

2021-11-19 17:02:42 - [TEST_STEP][PASSED] - (a++): null

2021-11-19 17:02:42 - [TEST_STEP][PASSED] - if (toString().equals(attr.toString())): null

2021-11-19 17:02:42 - [TEST_STEP][PASSED] - (a++): null

2021-11-19 17:02:42 - [TEST_STEP][PASSED] - if (toString().equals(attr.toString())): null

2021-11-19 17:02:42 - [TEST_STEP][PASSED] - (a++): null

2021-11-19 17:02:42 - [TEST_STEP][PASSED] - if (toString().equals(attr.toString())): null

2021-11-19 17:02:42 - [TEST_STEP][PASSED] - (a++): null

2021-11-19 17:02:42 - [TEST_STEP][PASSED] - if (toString().equals(attr.toString())): null

2021-11-19 17:02:42 - [TEST_STEP][PASSED] - break: null

2021-11-19 17:02:42 - [TEST_STEP][PASSED] - son = findWebElement(findTestObject("Object Repository/Olusturma/Genel/Olusturma/EklenenSatir")).findElement(By.xpath("td[@class='dxgvInlineEditCell_LECustomTheme dxgv'][" + a + "]//td[@class='dxic']/input")): Smart Wait Function is triggered

2021-11-19 17:02:42 - [MESSAGE][INFO] - Finding Test Object 'Object Repository/Olusturma/Genel/Olusturma/EklenenSatir'

2021-11-19 17:02:42 - [MESSAGE][INFO] - Finding web element from Test Object's properties

2021-11-19 17:02:42 - [MESSAGE][INFO] - Checking timeout

2021-11-19 17:02:42 - [MESSAGE][INFO] - Finding web element with id: 'Object Repository/Olusturma/Genel/Olusturma/EklenenSatir' located by 'By.cssSelector: #divmalhizmet .dxgvInlineEditRow_LECustomTheme' in '30' second(s)

2021-11-19 17:02:42 - [MESSAGE][INFO] - Smart Wait Function is triggered

2021-11-19 17:02:42 - [MESSAGE][INFO] - Found 1 web elements with id: 'Object Repository/Olusturma/Genel/Olusturma/EklenenSatir' located by 'By.cssSelector: #divmalhizmet .dxgvInlineEditRow_LECustomTheme' in '30' second(s)

2021-11-19 17:02:42 - [MESSAGE][INFO] - Smart Wait Function is triggered

2021-11-19 17:02:42 - [TEST_STEP][PASSED] - if (!(getAttribute("value").contains("Vkn"))): null

2021-11-19 17:02:43 - [TEST_STEP][PASSED] - son.clear(): null

2021-11-19 17:02:43 - [TEST_STEP][PASSED] - son.sendKeys(Deger): null

2021-11-19 17:02:43 - [MESSAGE][PASSED] - Call Test Case 'Test Cases/Olusturma/Genel/Olusturma' successfully

2021-11-19 17:02:43 - [MESSAGE][INFO] - Checking called Test Case

2021-11-19 17:02:43 - [MESSAGE][INFO] - Starting to call Test Case 'Test Cases/Olusturma/Genel/Olusturma'

2021-11-19 17:02:43 - [TEST_CASE][PASSED] - Test Cases/Olusturma/Genel/Olusturma: Test Cases/Olusturma/Genel/Olusturma

2021-11-19 17:02:43 - [TEST_STEP][PASSED] - driver = getWebDriver(): null

2021-11-19 17:02:43 - [TEST_STEP][PASSED] - action = new org.openqa.selenium.interactions.Actions(driver): null

2021-11-19 17:02:43 - [TEST_STEP][PASSED] - baslikElement = <not implemented yet for class: org.codehaus.groovy.ast.expr.EmptyExpression>: null

2021-11-19 17:02:43 - [TEST_STEP][PASSED] - sonElement = <not implemented yet for class: org.codehaus.groovy.ast.expr.EmptyExpression>: null

2021-11-19 17:02:43 - [TEST_STEP][PASSED] - attr = <not implemented yet for class: org.codehaus.groovy.ast.expr.EmptyExpression>: null

2021-11-19 17:02:43 - [TEST_STEP][PASSED] - a = 0: null

2021-11-19 17:02:43 - [TEST_STEP][PASSED] - elements = findWebElements(findTestObject("Object Repository/Olusturma/Genel/Olusturma/TabloBasliklari"), 10): Found 17 web elements with id: 'Object Repository/Olusturma/Genel/Olusturma/TabloBasliklari' located by 'By.cssSelector: div#divmalhizmet .dxgvTable_LECustomTheme td.dxgvHeader_LECustomTheme tr>td:nth-child(1)' in '10' second(s)

2021-11-19 17:02:43 - [MESSAGE][INFO] - Finding Test Object 'Object Repository/Olusturma/Genel/Olusturma/TabloBasliklari'

2021-11-19 17:02:43 - [MESSAGE][INFO] - Checking timeout

2021-11-19 17:02:43 - [MESSAGE][INFO] - Finding web element with id: 'Object Repository/Olusturma/Genel/Olusturma/TabloBasliklari' located by 'By.cssSelector: div#divmalhizmet .dxgvTable_LECustomTheme td.dxgvHeader_LECustomTheme tr>td:nth-child(1)' in '10' second(s)

2021-11-19 17:02:43 - [MESSAGE][INFO] - Smart Wait Function is triggered

2021-11-19 17:02:43 - [MESSAGE][INFO] - Found 17 web elements with id: 'Object Repository/Olusturma/Genel/Olusturma/TabloBasliklari' located by 'By.cssSelector: div#divmalhizmet .dxgvTable_LECustomTheme td.dxgvHeader_LECustomTheme tr>td:nth-child(1)' in '10' second(s)

2021-11-19 17:02:43 - [TEST_STEP][PASSED] - for (def element : elements): null

2021-11-19 17:02:43 - [TEST_STEP][PASSED] - build().perform(): null

2021-11-19 17:02:43 - [TEST_STEP][PASSED] - if (getText().equals(Baslik)): null

2021-11-19 17:02:43 - [TEST_STEP][PASSED] - build().perform(): null

2021-11-19 17:02:44 - [TEST_STEP][PASSED] - if (getText().equals(Baslik)): null

2021-11-19 17:02:44 - [TEST_STEP][PASSED] - build().perform(): null

2021-11-19 17:02:44 - [TEST_STEP][PASSED] - if (getText().equals(Baslik)): null

2021-11-19 17:02:44 - [TEST_STEP][PASSED] - build().perform(): null

2021-11-19 17:02:44 - [TEST_STEP][PASSED] - if (getText().equals(Baslik)): null

2021-11-19 17:02:44 - [TEST_STEP][PASSED] - build().perform(): null

2021-11-19 17:02:44 - [TEST_STEP][PASSED] - if (getText().equals(Baslik)): null

2021-11-19 17:02:44 - [TEST_STEP][PASSED] - build().perform(): null

2021-11-19 17:02:44 - [TEST_STEP][PASSED] - if (getText().equals(Baslik)): null

2021-11-19 17:02:44 - [TEST_STEP][PASSED] - build().perform(): null

2021-11-19 17:02:44 - [TEST_STEP][PASSED] - if (getText().equals(Baslik)): null

2021-11-19 17:02:44 - [TEST_STEP][PASSED] - baslikElement = element.findElement(By.xpath("../../../..")): Smart Wait Function is triggered

2021-11-19 17:02:44 - [MESSAGE][INFO] - Smart Wait Function is triggered

2021-11-19 17:02:45 - [TEST_STEP][PASSED] - attr = baslikElement.getAttribute("id"): null

2021-11-19 17:02:45 - [TEST_STEP][PASSED] - println("girdi ve idsini aldı = " + attr): null

2021-11-19 17:02:45 - [TEST_STEP][PASSED] - break: null

2021-11-19 17:02:45 - [TEST_STEP][PASSED] - countElement = baslikElement.findElements(By.xpath("../td")): Smart Wait Function is triggered

2021-11-19 17:02:45 - [MESSAGE][INFO] - Smart Wait Function is triggered

2021-11-19 17:02:45 - [TEST_STEP][PASSED] - for (def element : countElement): null

2021-11-19 17:02:45 - [TEST_STEP][PASSED] - if (toString().equals(attr.toString())): null

2021-11-19 17:02:45 - [TEST_STEP][PASSED] - (a++): null

2021-11-19 17:02:45 - [TEST_STEP][PASSED] - if (toString().equals(attr.toString())): null

2021-11-19 17:02:45 - [TEST_STEP][PASSED] - (a++): null

2021-11-19 17:02:45 - [TEST_STEP][PASSED] - if (toString().equals(attr.toString())): null

2021-11-19 17:02:45 - [TEST_STEP][PASSED] - (a++): null

2021-11-19 17:02:45 - [TEST_STEP][PASSED] - if (toString().equals(attr.toString())): null

2021-11-19 17:02:45 - [TEST_STEP][PASSED] - (a++): null

2021-11-19 17:02:45 - [TEST_STEP][PASSED] - if (toString().equals(attr.toString())): null

2021-11-19 17:02:45 - [TEST_STEP][PASSED] - (a++): null

2021-11-19 17:02:45 - [TEST_STEP][PASSED] - if (toString().equals(attr.toString())): null

2021-11-19 17:02:45 - [TEST_STEP][PASSED] - (a++): null

2021-11-19 17:02:45 - [TEST_STEP][PASSED] - if (toString().equals(attr.toString())): null

2021-11-19 17:02:45 - [TEST_STEP][PASSED] - (a++): null

2021-11-19 17:02:45 - [TEST_STEP][PASSED] - if (toString().equals(attr.toString())): null

2021-11-19 17:02:45 - [TEST_STEP][PASSED] - break: null

2021-11-19 17:02:45 - [TEST_STEP][PASSED] - son = findWebElement(findTestObject("Object Repository/Olusturma/Genel/Olusturma/EklenenSatir")).findElement(By.xpath("td[@class='dxgvInlineEditCell_LECustomTheme dxgv'][" + a + "]//td[@class='dxic']/input")): Smart Wait Function is triggered

2021-11-19 17:02:45 - [MESSAGE][INFO] - Finding Test Object 'Object Repository/Olusturma/Genel/Olusturma/EklenenSatir'

2021-11-19 17:02:45 - [MESSAGE][INFO] - Finding web element from Test Object's properties

2021-11-19 17:02:45 - [MESSAGE][INFO] - Checking timeout

2021-11-19 17:02:45 - [MESSAGE][INFO] - Finding web element with id: 'Object Repository/Olusturma/Genel/Olusturma/EklenenSatir' located by 'By.cssSelector: #divmalhizmet .dxgvInlineEditRow_LECustomTheme' in '30' second(s)

2021-11-19 17:02:45 - [MESSAGE][INFO] - Smart Wait Function is triggered

2021-11-19 17:02:45 - [MESSAGE][INFO] - Found 1 web elements with id: 'Object Repository/Olusturma/Genel/Olusturma/EklenenSatir' located by 'By.cssSelector: #divmalhizmet .dxgvInlineEditRow_LECustomTheme' in '30' second(s)

2021-11-19 17:02:45 - [MESSAGE][INFO] - Smart Wait Function is triggered

2021-11-19 17:02:46 - [TEST_STEP][PASSED] - if (!(getAttribute("value").contains("Vkn"))): null

2021-11-19 17:02:46 - [TEST_STEP][PASSED] - son.clear(): null

2021-11-19 17:02:46 - [TEST_STEP][PASSED] - son.sendKeys(Deger): null

2021-11-19 17:02:46 - [MESSAGE][PASSED] - Call Test Case 'Test Cases/Olusturma/Genel/Olusturma' successfully

2021-11-19 17:02:46 - [MESSAGE][INFO] - Checking called Test Case

2021-11-19 17:02:46 - [MESSAGE][INFO] - Starting to call Test Case 'Test Cases/Olusturma/Genel/Olusturma'

2021-11-19 17:02:46 - [TEST_CASE][PASSED] - Test Cases/Olusturma/Genel/Olusturma: Test Cases/Olusturma/Genel/Olusturma

2021-11-19 17:02:46 - [TEST_STEP][PASSED] - driver = getWebDriver(): null

2021-11-19 17:02:46 - [TEST_STEP][PASSED] - action = new org.openqa.selenium.interactions.Actions(driver): null

2021-11-19 17:02:46 - [TEST_STEP][PASSED] - baslikElement = <not implemented yet for class: org.codehaus.groovy.ast.expr.EmptyExpression>: null

2021-11-19 17:02:46 - [TEST_STEP][PASSED] - sonElement = <not implemented yet for class: org.codehaus.groovy.ast.expr.EmptyExpression>: null

2021-11-19 17:02:46 - [TEST_STEP][PASSED] - attr = <not implemented yet for class: org.codehaus.groovy.ast.expr.EmptyExpression>: null

2021-11-19 17:02:46 - [TEST_STEP][PASSED] - a = 0: null

2021-11-19 17:02:46 - [TEST_STEP][PASSED] - elements = findWebElements(findTestObject("Object Repository/Olusturma/Genel/Olusturma/TabloBasliklari"), 10): Found 17 web elements with id: 'Object Repository/Olusturma/Genel/Olusturma/TabloBasliklari' located by 'By.cssSelector: div#divmalhizmet .dxgvTable_LECustomTheme td.dxgvHeader_LECustomTheme tr>td:nth-child(1)' in '10' second(s)

2021-11-19 17:02:46 - [MESSAGE][INFO] - Finding Test Object 'Object Repository/Olusturma/Genel/Olusturma/TabloBasliklari'

2021-11-19 17:02:46 - [MESSAGE][INFO] - Checking timeout

2021-11-19 17:02:46 - [MESSAGE][INFO] - Finding web element with id: 'Object Repository/Olusturma/Genel/Olusturma/TabloBasliklari' located by 'By.cssSelector: div#divmalhizmet .dxgvTable_LECustomTheme td.dxgvHeader_LECustomTheme tr>td:nth-child(1)' in '10' second(s)

2021-11-19 17:02:46 - [MESSAGE][INFO] - Smart Wait Function is triggered

2021-11-19 17:02:46 - [MESSAGE][INFO] - Found 17 web elements with id: 'Object Repository/Olusturma/Genel/Olusturma/TabloBasliklari' located by 'By.cssSelector: div#divmalhizmet .dxgvTable_LECustomTheme td.dxgvHeader_LECustomTheme tr>td:nth-child(1)' in '10' second(s)

2021-11-19 17:02:46 - [TEST_STEP][PASSED] - for (def element : elements): null

2021-11-19 17:02:46 - [TEST_STEP][PASSED] - build().perform(): null

2021-11-19 17:02:46 - [TEST_STEP][PASSED] - if (getText().equals(Baslik)): null

2021-11-19 17:02:46 - [TEST_STEP][PASSED] - build().perform(): null

2021-11-19 17:02:47 - [TEST_STEP][PASSED] - if (getText().equals(Baslik)): null

2021-11-19 17:02:47 - [TEST_STEP][PASSED] - build().perform(): null

2021-11-19 17:02:47 - [TEST_STEP][PASSED] - if (getText().equals(Baslik)): null

2021-11-19 17:02:47 - [TEST_STEP][PASSED] - build().perform(): null

2021-11-19 17:02:47 - [TEST_STEP][PASSED] - if (getText().equals(Baslik)): null

2021-11-19 17:02:47 - [TEST_STEP][PASSED] - build().perform(): null

2021-11-19 17:02:47 - [TEST_STEP][PASSED] - if (getText().equals(Baslik)): null

2021-11-19 17:02:47 - [TEST_STEP][PASSED] - build().perform(): null

2021-11-19 17:02:47 - [TEST_STEP][PASSED] - if (getText().equals(Baslik)): null

2021-11-19 17:02:47 - [TEST_STEP][PASSED] - build().perform(): null

2021-11-19 17:02:47 - [TEST_STEP][PASSED] - if (getText().equals(Baslik)): null

2021-11-19 17:02:47 - [TEST_STEP][PASSED] - build().perform(): null

2021-11-19 17:02:47 - [TEST_STEP][PASSED] - if (getText().equals(Baslik)): null

2021-11-19 17:02:47 - [TEST_STEP][PASSED] - build().perform(): null

2021-11-19 17:02:48 - [TEST_STEP][PASSED] - if (getText().equals(Baslik)): null

2021-11-19 17:02:48 - [TEST_STEP][PASSED] - build().perform(): null

2021-11-19 17:02:48 - [TEST_STEP][PASSED] - if (getText().equals(Baslik)): null

2021-11-19 17:02:48 - [TEST_STEP][PASSED] - build().perform(): null

2021-11-19 17:02:48 - [TEST_STEP][PASSED] - if (getText().equals(Baslik)): null

2021-11-19 17:02:48 - [TEST_STEP][PASSED] - build().perform(): null

2021-11-19 17:02:48 - [TEST_STEP][PASSED] - if (getText().equals(Baslik)): null

2021-11-19 17:02:48 - [TEST_STEP][PASSED] - build().perform(): null

2021-11-19 17:02:48 - [TEST_STEP][PASSED] - if (getText().equals(Baslik)): null

2021-11-19 17:02:48 - [TEST_STEP][PASSED] - build().perform(): null

2021-11-19 17:02:48 - [TEST_STEP][PASSED] - if (getText().equals(Baslik)): null

2021-11-19 17:02:48 - [TEST_STEP][PASSED] - build().perform(): null

2021-11-19 17:02:49 - [TEST_STEP][PASSED] - if (getText().equals(Baslik)): null

2021-11-19 17:02:49 - [TEST_STEP][PASSED] - build().perform(): null

2021-11-19 17:02:49 - [TEST_STEP][PASSED] - if (getText().equals(Baslik)): null

2021-11-19 17:02:49 - [TEST_STEP][PASSED] - baslikElement = element.findElement(By.xpath("../../../..")): Smart Wait Function is triggered

2021-11-19 17:02:49 - [MESSAGE][INFO] - Smart Wait Function is triggered

2021-11-19 17:02:49 - [TEST_STEP][PASSED] - attr = baslikElement.getAttribute("id"): null

2021-11-19 17:02:49 - [TEST_STEP][PASSED] - println("girdi ve idsini aldı = " + attr): null

2021-11-19 17:02:49 - [TEST_STEP][PASSED] - break: null

2021-11-19 17:02:49 - [TEST_STEP][PASSED] - countElement = baslikElement.findElements(By.xpath("../td")): Smart Wait Function is triggered

2021-11-19 17:02:49 - [MESSAGE][INFO] - Smart Wait Function is triggered

2021-11-19 17:02:49 - [TEST_STEP][PASSED] - for (def element : countElement): null

2021-11-19 17:02:49 - [TEST_STEP][PASSED] - if (toString().equals(attr.toString())): null

2021-11-19 17:02:49 - [TEST_STEP][PASSED] - (a++): null

2021-11-19 17:02:49 - [TEST_STEP][PASSED] - if (toString().equals(attr.toString())): null

2021-11-19 17:02:49 - [TEST_STEP][PASSED] - (a++): null

2021-11-19 17:02:49 - [TEST_STEP][PASSED] - if (toString().equals(attr.toString())): null

2021-11-19 17:02:49 - [TEST_STEP][PASSED] - (a++): null

2021-11-19 17:02:49 - [TEST_STEP][PASSED] - if (toString().equals(attr.toString())): null

2021-11-19 17:02:49 - [TEST_STEP][PASSED] - (a++): null

2021-11-19 17:02:49 - [TEST_STEP][PASSED] - if (toString().equals(attr.toString())): null

2021-11-19 17:02:49 - [TEST_STEP][PASSED] - (a++): null

2021-11-19 17:02:49 - [TEST_STEP][PASSED] - if (toString().equals(attr.toString())): null

2021-11-19 17:02:49 - [TEST_STEP][PASSED] - (a++): null

2021-11-19 17:02:49 - [TEST_STEP][PASSED] - if (toString().equals(attr.toString())): null

2021-11-19 17:02:49 - [TEST_STEP][PASSED] - (a++): null

2021-11-19 17:02:49 - [TEST_STEP][PASSED] - if (toString().equals(attr.toString())): null

2021-11-19 17:02:49 - [TEST_STEP][PASSED] - (a++): null

2021-11-19 17:02:49 - [TEST_STEP][PASSED] - if (toString().equals(attr.toString())): null

2021-11-19 17:02:49 - [TEST_STEP][PASSED] - (a++): null

2021-11-19 17:02:49 - [TEST_STEP][PASSED] - if (toString().equals(attr.toString())): null

2021-11-19 17:02:49 - [TEST_STEP][PASSED] - (a++): null

2021-11-19 17:02:49 - [TEST_STEP][PASSED] - if (toString().equals(attr.toString())): null

2021-11-19 17:02:50 - [TEST_STEP][PASSED] - (a++): null

2021-11-19 17:02:50 - [TEST_STEP][PASSED] - if (toString().equals(attr.toString())): null

2021-11-19 17:02:50 - [TEST_STEP][PASSED] - (a++): null

2021-11-19 17:02:50 - [TEST_STEP][PASSED] - if (toString().equals(attr.toString())): null

2021-11-19 17:02:50 - [TEST_STEP][PASSED] - (a++): null

2021-11-19 17:02:50 - [TEST_STEP][PASSED] - if (toString().equals(attr.toString())): null

2021-11-19 17:02:50 - [TEST_STEP][PASSED] - (a++): null

2021-11-19 17:02:50 - [TEST_STEP][PASSED] - if (toString().equals(attr.toString())): null

2021-11-19 17:02:50 - [TEST_STEP][PASSED] - (a++): null

2021-11-19 17:02:50 - [TEST_STEP][PASSED] - if (toString().equals(attr.toString())): null

2021-11-19 17:02:50 - [TEST_STEP][PASSED] - (a++): null

2021-11-19 17:02:50 - [TEST_STEP][PASSED] - if (toString().equals(attr.toString())): null

2021-11-19 17:02:50 - [TEST_STEP][PASSED] - break: null

2021-11-19 17:02:50 - [TEST_STEP][PASSED] - son = findWebElement(findTestObject("Object Repository/Olusturma/Genel/Olusturma/EklenenSatir")).findElement(By.xpath("td[@class='dxgvInlineEditCell_LECustomTheme dxgv'][" + a + "]//td[@class='dxic']/input")): Smart Wait Function is triggered

2021-11-19 17:02:50 - [MESSAGE][INFO] - Finding Test Object 'Object Repository/Olusturma/Genel/Olusturma/EklenenSatir'

2021-11-19 17:02:50 - [MESSAGE][INFO] - Finding web element from Test Object's properties

2021-11-19 17:02:50 - [MESSAGE][INFO] - Checking timeout

2021-11-19 17:02:50 - [MESSAGE][INFO] - Finding web element with id: 'Object Repository/Olusturma/Genel/Olusturma/EklenenSatir' located by 'By.cssSelector: #divmalhizmet .dxgvInlineEditRow_LECustomTheme' in '30' second(s)

2021-11-19 17:02:50 - [MESSAGE][INFO] - Smart Wait Function is triggered

2021-11-19 17:02:50 - [MESSAGE][INFO] - Found 1 web elements with id: 'Object Repository/Olusturma/Genel/Olusturma/EklenenSatir' located by 'By.cssSelector: #divmalhizmet .dxgvInlineEditRow_LECustomTheme' in '30' second(s)

2021-11-19 17:02:50 - [MESSAGE][INFO] - Smart Wait Function is triggered

2021-11-19 17:02:50 - [TEST_STEP][PASSED] - if (!(getAttribute("value").contains("Vkn"))): null

2021-11-19 17:02:50 - [TEST_STEP][PASSED] - son.clear(): null

2021-11-19 17:02:50 - [TEST_STEP][PASSED] - son.sendKeys(Deger): null

2021-11-19 17:02:50 - [MESSAGE][PASSED] - Call Test Case 'Test Cases/Olusturma/Genel/Olusturma' successfully

2021-11-19 17:02:50 - [MESSAGE][INFO] - Checking called Test Case

2021-11-19 17:02:50 - [MESSAGE][INFO] - Starting to call Test Case 'Test Cases/Olusturma/Genel/NotGirilir'

2021-11-19 17:02:51 - [TEST_CASE][PASSED] - Test Cases/Olusturma/Genel/NotGirilir: Test Cases/Olusturma/Genel/NotGirilir

2021-11-19 17:02:51 - [TEST_STEP][PASSED] - i = 0: null

2021-11-19 17:02:51 - [TEST_STEP][PASSED] - waitForElementClickable(findTestObject("Olusturma/Genel/Not/Notlar"), 10): Object 'Object Repository/Olusturma/Genel/Not/Notlar' is clickable

2021-11-19 17:02:51 - [MESSAGE][INFO] - Finding Test Object 'Object Repository/Olusturma/Genel/Not/Notlar'

2021-11-19 17:02:51 - [MESSAGE][INFO] - Checking object

2021-11-19 17:02:51 - [MESSAGE][INFO] - Checking timeout

2021-11-19 17:02:51 - [MESSAGE][INFO] - Finding web element from Test Object's properties

2021-11-19 17:02:51 - [MESSAGE][INFO] - Checking timeout

2021-11-19 17:02:51 - [MESSAGE][INFO] - Finding web element with id: 'Object Repository/Olusturma/Genel/Not/Notlar' located by 'By.xpath: //*[@id = 'txtNote_I']' in '10' second(s)

2021-11-19 17:02:51 - [MESSAGE][INFO] - Smart Wait Function is triggered

2021-11-19 17:02:51 - [MESSAGE][INFO] - Found 1 web elements with id: 'Object Repository/Olusturma/Genel/Not/Notlar' located by 'By.xpath: //*[@id = 'txtNote_I']' in '10' second(s)

2021-11-19 17:02:51 - [MESSAGE][PASSED] - Object 'Object Repository/Olusturma/Genel/Not/Notlar' is clickable

2021-11-19 17:02:51 - [TEST_STEP][PASSED] - clearText(findTestObject("Olusturma/Genel/Not/Notlar")): Text of object 'Object Repository/Olusturma/Genel/Not/Notlar' is cleared

2021-11-19 17:02:51 - [MESSAGE][INFO] - Finding Test Object 'Object Repository/Olusturma/Genel/Not/Notlar'

2021-11-19 17:02:51 - [MESSAGE][INFO] - Checking object

2021-11-19 17:02:51 - [MESSAGE][INFO] - Finding web element from Test Object's properties

2021-11-19 17:02:51 - [MESSAGE][INFO] - Checking timeout

2021-11-19 17:02:51 - [MESSAGE][INFO] - Finding web element with id: 'Object Repository/Olusturma/Genel/Not/Notlar' located by 'By.xpath: //*[@id = 'txtNote_I']' in '30' second(s)

2021-11-19 17:02:51 - [MESSAGE][INFO] - Smart Wait Function is triggered

2021-11-19 17:02:51 - [MESSAGE][INFO] - Found 1 web elements with id: 'Object Repository/Olusturma/Genel/Not/Notlar' located by 'By.xpath: //*[@id = 'txtNote_I']' in '30' second(s)

2021-11-19 17:02:51 - [MESSAGE][INFO] - Clearing text of object 'Object Repository/Olusturma/Genel/Not/Notlar'

2021-11-19 17:02:52 - [MESSAGE][PASSED] - Text of object 'Object Repository/Olusturma/Genel/Not/Notlar' is cleared

2021-11-19 17:02:52 - [TEST_STEP][PASSED] - click(findTestObject("Olusturma/Genel/Not/Notlar")): Object: 'Object Repository/Olusturma/Genel/Not/Notlar' is clicked on

2021-11-19 17:02:52 - [MESSAGE][INFO] - Finding Test Object 'Object Repository/Olusturma/Genel/Not/Notlar'

2021-11-19 17:02:52 - [MESSAGE][INFO] - Checking object

2021-11-19 17:02:52 - [MESSAGE][INFO] - Finding web element from Test Object's properties

2021-11-19 17:02:52 - [MESSAGE][INFO] - Checking timeout

2021-11-19 17:02:52 - [MESSAGE][INFO] - Finding web element with id: 'Object Repository/Olusturma/Genel/Not/Notlar' located by 'By.xpath: //*[@id = 'txtNote_I']' in '30' second(s)

2021-11-19 17:02:52 - [MESSAGE][INFO] - Smart Wait Function is triggered

2021-11-19 17:02:52 - [MESSAGE][INFO] - Found 1 web elements with id: 'Object Repository/Olusturma/Genel/Not/Notlar' located by 'By.xpath: //*[@id = 'txtNote_I']' in '30' second(s)

2021-11-19 17:02:52 - [MESSAGE][INFO] - Clicking on object: 'Object Repository/Olusturma/Genel/Not/Notlar'

2021-11-19 17:02:52 - [MESSAGE][PASSED] - Object: 'Object Repository/Olusturma/Genel/Not/Notlar' is clicked on

2021-11-19 17:02:52 - [TEST_STEP][PASSED] - while (true): null

2021-11-19 17:02:52 - [TEST_STEP][PASSED] - delay(1): Delayed 1 second(s)

2021-11-19 17:02:52 - [MESSAGE][INFO] - Delaying browser in 1 second(s)

2021-11-19 17:02:53 - [MESSAGE][PASSED] - Delayed 1 second(s)

2021-11-19 17:02:53 - [TEST_STEP][PASSED] - ajaxIsComplete = executeJavaScript("return jQuery.active == 0", null): Execute JavaScript 'return jQuery.active == 0' successfully

2021-11-19 17:02:53 - [MESSAGE][PASSED] - Execute JavaScript 'return jQuery.active == 0' successfully

2021-11-19 17:02:53 - [TEST_STEP][PASSED] - if (ajaxIsComplete): null

2021-11-19 17:02:53 - [TEST_STEP][PASSED] - if (i > 10): null

2021-11-19 17:02:53 - [TEST_STEP][PASSED] - (i++): null

2021-11-19 17:02:53 - [TEST_STEP][PASSED] - delay(1): Delayed 1 second(s)

2021-11-19 17:02:53 - [MESSAGE][INFO] - Delaying browser in 1 second(s)

2021-11-19 17:02:54 - [MESSAGE][PASSED] - Delayed 1 second(s)

2021-11-19 17:02:54 - [TEST_STEP][PASSED] - ajaxIsComplete = executeJavaScript("return jQuery.active == 0", null): Execute JavaScript 'return jQuery.active == 0' successfully

2021-11-19 17:02:54 - [MESSAGE][PASSED] - Execute JavaScript 'return jQuery.active == 0' successfully

2021-11-19 17:02:54 - [TEST_STEP][PASSED] - if (ajaxIsComplete): null

2021-11-19 17:02:54 - [TEST_STEP][PASSED] - break: null

2021-11-19 17:02:54 - [TEST_STEP][PASSED] - sendKeys(findTestObject("Olusturma/Genel/Not/Notlar"), Not): Keys 'Otomasyon Not' sent to object: 'Object Repository/Olusturma/Genel/Not/Notlar'

2021-11-19 17:02:54 - [MESSAGE][INFO] - Finding Test Object 'Object Repository/Olusturma/Genel/Not/Notlar'

2021-11-19 17:02:54 - [MESSAGE][INFO] - Sending keys 'Otomasyon Not' to object: 'Object Repository/Olusturma/Genel/Not/Notlar'

2021-11-19 17:02:54 - [MESSAGE][INFO] - Finding web element from Test Object's properties

2021-11-19 17:02:54 - [MESSAGE][INFO] - Checking timeout

2021-11-19 17:02:54 - [MESSAGE][INFO] - Finding web element with id: 'Object Repository/Olusturma/Genel/Not/Notlar' located by 'By.xpath: //*[@id = 'txtNote_I']' in '30' second(s)

2021-11-19 17:02:54 - [MESSAGE][INFO] - Smart Wait Function is triggered

2021-11-19 17:02:55 - [MESSAGE][INFO] - Found 1 web elements with id: 'Object Repository/Olusturma/Genel/Not/Notlar' located by 'By.xpath: //*[@id = 'txtNote_I']' in '30' second(s)

2021-11-19 17:02:55 - [MESSAGE][PASSED] - Keys 'Otomasyon Not' sent to object: 'Object Repository/Olusturma/Genel/Not/Notlar'

2021-11-19 17:02:55 - [MESSAGE][PASSED] - Call Test Case 'Test Cases/Olusturma/Genel/NotGirilir' successfully

2021-11-19 17:02:55 - [MESSAGE][INFO] - Checking called Test Case

2021-11-19 17:02:55 - [MESSAGE][INFO] - Starting to call Test Case 'Test Cases/Olusturma/Genel/EttnBilgisiKayitEdilir'

2021-11-19 17:02:55 - [TEST_CASE][PASSED] - Test Cases/Olusturma/Genel/EttnBilgisiKayitEdilir: Test Cases/Olusturma/Genel/EttnBilgisiKayitEdilir

2021-11-19 17:02:55 - [TEST_STEP][PASSED] - verifyElementPresent(findTestObject("Object Repository/Olusturma/Genel/Olusturma/eArsivEttnBilgisi"), 7): Object 'Object Repository/Olusturma/Genel/Olusturma/eArsivEttnBilgisi' is present

2021-11-19 17:02:55 - [MESSAGE][INFO] - Finding Test Object 'Object Repository/Olusturma/Genel/Olusturma/eArsivEttnBilgisi'

2021-11-19 17:02:55 - [MESSAGE][INFO] - Checking object

2021-11-19 17:02:55 - [MESSAGE][INFO] - Finding web element from Test Object's properties

2021-11-19 17:02:55 - [MESSAGE][INFO] - Checking timeout

2021-11-19 17:02:55 - [MESSAGE][INFO] - Finding web element with id: 'Object Repository/Olusturma/Genel/Olusturma/eArsivEttnBilgisi' located by 'By.xpath: //*[@id = 'Uuid_I']' in '7' second(s)

2021-11-19 17:02:55 - [MESSAGE][INFO] - Smart Wait Function is triggered

2021-11-19 17:02:55 - [MESSAGE][INFO] - Found 1 web elements with id: 'Object Repository/Olusturma/Genel/Olusturma/eArsivEttnBilgisi' located by 'By.xpath: //*[@id = 'Uuid_I']' in '7' second(s)

2021-11-19 17:02:55 - [MESSAGE][PASSED] - Object 'Object Repository/Olusturma/Genel/Olusturma/eArsivEttnBilgisi' is present

2021-11-19 17:02:55 - [TEST_STEP][PASSED] - ettn = getAttribute(findTestObject("Object Repository/Olusturma/Genel/Olusturma/eArsivEttnBilgisi"), "value"): Attribute 'value' of object 'Object Repository/Olusturma/Genel/Olusturma/eArsivEttnBilgisi' is: '02c68a0d-0431-4393-8d1a-45a471b9722e'

2021-11-19 17:02:55 - [MESSAGE][INFO] - Finding Test Object 'Object Repository/Olusturma/Genel/Olusturma/eArsivEttnBilgisi'

2021-11-19 17:02:55 - [MESSAGE][INFO] - Checking object

2021-11-19 17:02:55 - [MESSAGE][INFO] - Checking attribute

2021-11-19 17:02:55 - [MESSAGE][INFO] - Finding web element from Test Object's properties

2021-11-19 17:02:55 - [MESSAGE][INFO] - Checking timeout

2021-11-19 17:02:55 - [MESSAGE][INFO] - Finding web element with id: 'Object Repository/Olusturma/Genel/Olusturma/eArsivEttnBilgisi' located by 'By.xpath: //*[@id = 'Uuid_I']' in '30' second(s)

2021-11-19 17:02:55 - [MESSAGE][INFO] - Smart Wait Function is triggered

2021-11-19 17:02:55 - [MESSAGE][INFO] - Found 1 web elements with id: 'Object Repository/Olusturma/Genel/Olusturma/eArsivEttnBilgisi' located by 'By.xpath: //*[@id = 'Uuid_I']' in '30' second(s)

2021-11-19 17:02:55 - [MESSAGE][INFO] - Getting attribute 'value' of object 'Object Repository/Olusturma/Genel/Olusturma/eArsivEttnBilgisi'

2021-11-19 17:02:56 - [MESSAGE][PASSED] - Attribute 'value' of object 'Object Repository/Olusturma/Genel/Olusturma/eArsivEttnBilgisi' is: '02c68a0d-0431-4393-8d1a-45a471b9722e'

2021-11-19 17:02:56 - [MESSAGE][PASSED] - Call Test Case 'Test Cases/Olusturma/Genel/EttnBilgisiKayitEdilir' successfully

2021-11-19 17:02:56 - [MESSAGE][INFO] - Checking called Test Case

2021-11-19 17:02:56 - [MESSAGE][INFO] - Starting to call Test Case 'Test Cases/Olusturma/Genel/KaydetButonunaTiklanir'

2021-11-19 17:02:56 - [TEST_CASE][PASSED] - Test Cases/Olusturma/Genel/KaydetButonunaTiklanir: Test Cases/Olusturma/Genel/KaydetButonunaTiklanir

2021-11-19 17:02:56 - [TEST_STEP][PASSED] - i = 0: null

2021-11-19 17:02:56 - [TEST_STEP][PASSED] - waitForElementPresent(findTestObject("Olusturma/Genel/Not/Notlar"), 10): Object 'Object Repository/Olusturma/Genel/Not/Notlar' is present

2021-11-19 17:02:56 - [MESSAGE][INFO] - Finding Test Object 'Object Repository/Olusturma/Genel/Not/Notlar'

2021-11-19 17:02:56 - [MESSAGE][INFO] - Checking object

2021-11-19 17:02:56 - [MESSAGE][INFO] - Finding web element from Test Object's properties

2021-11-19 17:02:56 - [MESSAGE][INFO] - Checking timeout

2021-11-19 17:02:56 - [MESSAGE][INFO] - Finding web element with id: 'Object Repository/Olusturma/Genel/Not/Notlar' located by 'By.xpath: //*[@id = 'txtNote_I']' in '10' second(s)

2021-11-19 17:02:56 - [MESSAGE][INFO] - Smart Wait Function is triggered

2021-11-19 17:02:56 - [MESSAGE][INFO] - Found 1 web elements with id: 'Object Repository/Olusturma/Genel/Not/Notlar' located by 'By.xpath: //*[@id = 'txtNote_I']' in '10' second(s)

2021-11-19 17:02:56 - [MESSAGE][PASSED] - Object 'Object Repository/Olusturma/Genel/Not/Notlar' is present

2021-11-19 17:02:56 - [TEST_STEP][PASSED] - click(findTestObject("Olusturma/Genel/Not/Notlar")): Object: 'Object Repository/Olusturma/Genel/Not/Notlar' is clicked on

2021-11-19 17:02:56 - [MESSAGE][INFO] - Finding Test Object 'Object Repository/Olusturma/Genel/Not/Notlar'

2021-11-19 17:02:56 - [MESSAGE][INFO] - Checking object

2021-11-19 17:02:56 - [MESSAGE][INFO] - Finding web element from Test Object's properties

2021-11-19 17:02:56 - [MESSAGE][INFO] - Checking timeout

2021-11-19 17:02:56 - [MESSAGE][INFO] - Finding web element with id: 'Object Repository/Olusturma/Genel/Not/Notlar' located by 'By.xpath: //*[@id = 'txtNote_I']' in '30' second(s)

2021-11-19 17:02:56 - [MESSAGE][INFO] - Smart Wait Function is triggered

2021-11-19 17:02:56 - [MESSAGE][INFO] - Found 1 web elements with id: 'Object Repository/Olusturma/Genel/Not/Notlar' located by 'By.xpath: //*[@id = 'txtNote_I']' in '30' second(s)

2021-11-19 17:02:56 - [MESSAGE][INFO] - Clicking on object: 'Object Repository/Olusturma/Genel/Not/Notlar'

2021-11-19 17:02:57 - [MESSAGE][PASSED] - Object: 'Object Repository/Olusturma/Genel/Not/Notlar' is clicked on

2021-11-19 17:02:57 - [TEST_STEP][PASSED] - while (true): null

2021-11-19 17:02:57 - [TEST_STEP][PASSED] - delay(1): Delayed 1 second(s)

2021-11-19 17:02:57 - [MESSAGE][INFO] - Delaying browser in 1 second(s)

2021-11-19 17:02:58 - [MESSAGE][PASSED] - Delayed 1 second(s)

2021-11-19 17:02:58 - [TEST_STEP][PASSED] - ajaxIsComplete = executeJavaScript("return jQuery.active == 0", null): Execute JavaScript 'return jQuery.active == 0' successfully

2021-11-19 17:02:58 - [MESSAGE][PASSED] - Execute JavaScript 'return jQuery.active == 0' successfully

2021-11-19 17:02:58 - [TEST_STEP][PASSED] - if (ajaxIsComplete): null

2021-11-19 17:02:58 - [TEST_STEP][PASSED] - break: null

2021-11-19 17:02:58 - [TEST_STEP][PASSED] - waitForElementClickable(findTestObject("Object Repository/Olusturma/Genel/Buton"), 10): Object 'Object Repository/Olusturma/Genel/Buton' is clickable

2021-11-19 17:02:58 - [MESSAGE][INFO] - Finding Test Object 'Object Repository/Olusturma/Genel/Buton'

2021-11-19 17:02:58 - [MESSAGE][INFO] - Checking object

2021-11-19 17:02:58 - [MESSAGE][INFO] - Checking timeout

2021-11-19 17:02:58 - [MESSAGE][INFO] - Finding web element from Test Object's properties

2021-11-19 17:02:58 - [MESSAGE][INFO] - Checking timeout

2021-11-19 17:02:58 - [MESSAGE][INFO] - Finding web element with id: 'Object Repository/Olusturma/Genel/Buton' located by 'By.xpath: //*[@id = 'btnKaydet']' in '10' second(s)

2021-11-19 17:02:58 - [MESSAGE][INFO] - Smart Wait Function is triggered

2021-11-19 17:02:58 - [MESSAGE][INFO] - Found 1 web elements with id: 'Object Repository/Olusturma/Genel/Buton' located by 'By.xpath: //*[@id = 'btnKaydet']' in '10' second(s)

2021-11-19 17:02:58 - [MESSAGE][PASSED] - Object 'Object Repository/Olusturma/Genel/Buton' is clickable

2021-11-19 17:02:58 - [TEST_STEP][PASSED] - click(findTestObject("Object Repository/Olusturma/Genel/Buton")): Object: 'Object Repository/Olusturma/Genel/Buton' is clicked on

2021-11-19 17:02:58 - [MESSAGE][INFO] - Finding Test Object 'Object Repository/Olusturma/Genel/Buton'

2021-11-19 17:02:58 - [MESSAGE][INFO] - Checking object

2021-11-19 17:02:58 - [MESSAGE][INFO] - Finding web element from Test Object's properties

2021-11-19 17:02:58 - [MESSAGE][INFO] - Checking timeout

2021-11-19 17:02:58 - [MESSAGE][INFO] - Finding web element with id: 'Object Repository/Olusturma/Genel/Buton' located by 'By.xpath: //*[@id = 'btnKaydet']' in '30' second(s)

2021-11-19 17:02:58 - [MESSAGE][INFO] - Smart Wait Function is triggered

2021-11-19 17:02:58 - [MESSAGE][INFO] - Found 1 web elements with id: 'Object Repository/Olusturma/Genel/Buton' located by 'By.xpath: //*[@id = 'btnKaydet']' in '30' second(s)

2021-11-19 17:02:58 - [MESSAGE][INFO] - Clicking on object: 'Object Repository/Olusturma/Genel/Buton'

2021-11-19 17:03:02 - [MESSAGE][PASSED] - Object: 'Object Repository/Olusturma/Genel/Buton' is clicked on

2021-11-19 17:03:02 - [MESSAGE][PASSED] - Call Test Case 'Test Cases/Olusturma/Genel/KaydetButonunaTiklanir' successfully

2021-11-19 17:03:02 - [MESSAGE][INFO] - Checking called Test Case

2021-11-19 17:03:02 - [MESSAGE][INFO] - Starting to call Test Case 'Test Cases/Tablo/TablodaEttnliVeriOlusturulduMu'

2021-11-19 17:03:02 - [TEST_CASE][PASSED] - Test Cases/Tablo/TablodaEttnliVeriOlusturulduMu: Test Cases/Tablo/TablodaEttnliVeriOlusturulduMu

2021-11-19 17:03:02 - [TEST_STEP][PASSED] - Method.TextDegerineEsitElementVarMi(findTestObject("Tablo/OlusturulanVeri"), ettn): Method.TextDegerineEsitElementVarMi is PASSED

2021-11-19 17:03:02 - [MESSAGE][INFO] - Finding Test Object 'Object Repository/Tablo/OlusturulanVeri'

2021-11-19 17:03:02 - [MESSAGE][INFO] - Checking timeout

2021-11-19 17:03:02 - [MESSAGE][INFO] - Finding web element with id: 'Object Repository/Tablo/OlusturulanVeri' located by 'By.cssSelector: table.dxgvTable_LECustomTheme>tbody>tr:nth-child(3)>td.dxgv b,table.dxgvTable_LECustomTheme>tbody>tr:nth-child(3)>td.dxgv' in '10' second(s)

2021-11-19 17:03:02 - [MESSAGE][INFO] - Smart Wait Function is triggered

2021-11-19 17:03:03 - [MESSAGE][INFO] - Found 14 web elements with id: 'Object Repository/Tablo/OlusturulanVeri' located by 'By.cssSelector: table.dxgvTable_LECustomTheme>tbody>tr:nth-child(3)>td.dxgv b,table.dxgvTable_LECustomTheme>tbody>tr:nth-child(3)>td.dxgv' in '10' second(s)

2021-11-19 17:03:03 - [MESSAGE][PASSED] - Method.TextDegerineEsitElementVarMi is PASSED

2021-11-19 17:03:03 - [MESSAGE][PASSED] - Call Test Case 'Test Cases/Tablo/TablodaEttnliVeriOlusturulduMu' successfully

2021-11-19 17:03:03 - [MESSAGE][INFO] - Checking called Test Case

2021-11-19 17:03:03 - [MESSAGE][INFO] - Starting to call Test Case 'Test Cases/Tablo/TablodanEttnliVeriSec'

2021-11-19 17:03:03 - [TEST_CASE][PASSED] - Test Cases/Tablo/TablodanEttnliVeriSec: Test Cases/Tablo/TablodanEttnliVeriSec

2021-11-19 17:03:03 - [TEST_STEP][PASSED] - Method.TextDegerineEsitElementinAltindakineTikla(findTestObject("Tablo/Veriler"), findTestObject("Tablo/VerininCheckBoxi"), ettn): Method.TextDegerineEsitElementinAltindakineTikla is PASSED

2021-11-19 17:03:03 - [MESSAGE][INFO] - Finding Test Object 'Object Repository/Tablo/Veriler'

2021-11-19 17:03:03 - [MESSAGE][INFO] - Finding Test Object 'Object Repository/Tablo/VerininCheckBoxi'

2021-11-19 17:03:03 - [MESSAGE][INFO] - Checking timeout

2021-11-19 17:03:03 - [MESSAGE][INFO] - Finding web element with id: 'Object Repository/Tablo/Veriler' located by 'By.cssSelector: td.dxgv b ,td.dxgv' in '10' second(s)

2021-11-19 17:03:03 - [MESSAGE][INFO] - Smart Wait Function is triggered

2021-11-19 17:03:03 - [MESSAGE][INFO] - Found 70 web elements with id: 'Object Repository/Tablo/Veriler' located by 'By.cssSelector: td.dxgv b ,td.dxgv' in '10' second(s)

2021-11-19 17:03:03 - [MESSAGE][INFO] - Smart Wait Function is triggered

2021-11-19 17:03:04 - [MESSAGE][PASSED] - Method.TextDegerineEsitElementinAltindakineTikla is PASSED

2021-11-19 17:03:04 - [MESSAGE][PASSED] - Call Test Case 'Test Cases/Tablo/TablodanEttnliVeriSec' successfully

2021-11-19 17:03:04 - [MESSAGE][INFO] - Checking called Test Case

2021-11-19 17:03:04 - [MESSAGE][INFO] - Starting to call Test Case 'Test Cases/Butonlar/ButonaTikla'

2021-11-19 17:03:04 - [TEST_CASE][PASSED] - Test Cases/Butonlar/ButonaTikla: Test Cases/Butonlar/ButonaTikla

2021-11-19 17:03:04 - [TEST_STEP][PASSED] - Method.TextDegerineEsitElementeTiklaEquals(findTestObject("Butonlar/Butonlar"), Buton_Adi): Method.TextDegerineEsitElementeTiklaEquals is PASSED

2021-11-19 17:03:04 - [MESSAGE][INFO] - Finding Test Object 'Object Repository/Butonlar/Butonlar'

2021-11-19 17:03:04 - [MESSAGE][INFO] - Checking timeout

2021-11-19 17:03:04 - [MESSAGE][INFO] - Finding web element with id: 'Object Repository/Butonlar/Butonlar' located by 'By.cssSelector: .panel.panel-default.text-center.footerPanel .btn,.btn.btn-primary.btnControls' in '10' second(s)

2021-11-19 17:03:04 - [MESSAGE][INFO] - Smart Wait Function is triggered

2021-11-19 17:03:04 - [MESSAGE][INFO] - Found 9 web elements with id: 'Object Repository/Butonlar/Butonlar' located by 'By.cssSelector: .panel.panel-default.text-center.footerPanel .btn,.btn.btn-primary.btnControls' in '10' second(s)

2021-11-19 17:03:05 - [MESSAGE][PASSED] - Method.TextDegerineEsitElementeTiklaEquals is PASSED

2021-11-19 17:03:05 - [MESSAGE][PASSED] - Call Test Case 'Test Cases/Butonlar/ButonaTikla' successfully

2021-11-19 17:03:05 - [MESSAGE][INFO] - Checking called Test Case

2021-11-19 17:03:05 - [MESSAGE][INFO] - Starting to call Test Case 'Test Cases/Popup/PopupMesajiIceriyorMu'

2021-11-19 17:03:05 - [TEST_CASE][PASSED] - Test Cases/Popup/PopupMesajiIceriyorMu: Test Cases/Popup/PopupMesajiIceriyorMu

2021-11-19 17:03:05 - [TEST_STEP][PASSED] - waitForElementVisible(findTestObject("Popup/Popup"), 10): Object 'Object Repository/Popup/Popup' is visible

2021-11-19 17:03:05 - [MESSAGE][INFO] - Finding Test Object 'Object Repository/Popup/Popup'

2021-11-19 17:03:05 - [MESSAGE][INFO] - Checking object

2021-11-19 17:03:05 - [MESSAGE][INFO] - Checking timeout

2021-11-19 17:03:05 - [MESSAGE][INFO] - Finding web element from Test Object's properties

2021-11-19 17:03:05 - [MESSAGE][INFO] - Checking timeout

2021-11-19 17:03:05 - [MESSAGE][INFO] - Finding web element with id: 'Object Repository/Popup/Popup' located by 'By.cssSelector: .bootbox-body' in '10' second(s)

2021-11-19 17:03:05 - [MESSAGE][INFO] - Smart Wait Function is triggered

2021-11-19 17:03:06 - [MESSAGE][INFO] - Found 1 web elements with id: 'Object Repository/Popup/Popup' located by 'By.cssSelector: .bootbox-body' in '10' second(s)

2021-11-19 17:03:06 - [MESSAGE][PASSED] - Object 'Object Repository/Popup/Popup' is visible

2021-11-19 17:03:06 - [TEST_STEP][PASSED] - if (!(getText(findTestObject("Popup/Popup")).contains(Mesaj))): Text of object 'Object Repository/Popup/Popup' is: 'Oluşturulacak fatura numarası : EAR2021000000472 Fatura numarası oluşturulduktan sonra fatura silinemez. Fatura numarası, tarihi ve ön eki değiştirilemez. Devam etmek istiyor musunuz?'

2021-11-19 17:03:06 - [MESSAGE][INFO] - Finding Test Object 'Object Repository/Popup/Popup'

2021-11-19 17:03:06 - [MESSAGE][INFO] - Checking object

2021-11-19 17:03:06 - [MESSAGE][INFO] - Finding web element from Test Object's properties

2021-11-19 17:03:06 - [MESSAGE][INFO] - Checking timeout

2021-11-19 17:03:06 - [MESSAGE][INFO] - Finding web element with id: 'Object Repository/Popup/Popup' located by 'By.cssSelector: .bootbox-body' in '30' second(s)

2021-11-19 17:03:06 - [MESSAGE][INFO] - Smart Wait Function is triggered

2021-11-19 17:03:06 - [MESSAGE][INFO] - Found 1 web elements with id: 'Object Repository/Popup/Popup' located by 'By.cssSelector: .bootbox-body' in '30' second(s)

2021-11-19 17:03:06 - [MESSAGE][INFO] - Getting text of object 'Object Repository/Popup/Popup'

2021-11-19 17:03:06 - [MESSAGE][PASSED] - Text of object 'Object Repository/Popup/Popup' is: 'Oluşturulacak fatura numarası : EAR2021000000472 Fatura numarası oluşturulduktan sonra fatura silinemez. Fatura numarası, tarihi ve ön eki değiştirilemez. Devam etmek istiyor musunuz?'

2021-11-19 17:03:06 - [TEST_STEP][PASSED] - RaporNo = getText(findTestObject("Popup/Popup")).substring(0, 6): Text of object 'Object Repository/Popup/Popup' is: 'Oluşturulacak fatura numarası : EAR2021000000472 Fatura numarası oluşturulduktan sonra fatura silinemez. Fatura numarası, tarihi ve ön eki değiştirilemez. Devam etmek istiyor musunuz?'

2021-11-19 17:03:06 - [MESSAGE][INFO] - Finding Test Object 'Object Repository/Popup/Popup'

2021-11-19 17:03:06 - [MESSAGE][INFO] - Checking object

2021-11-19 17:03:06 - [MESSAGE][INFO] - Finding web element from Test Object's properties

2021-11-19 17:03:06 - [MESSAGE][INFO] - Checking timeout

2021-11-19 17:03:06 - [MESSAGE][INFO] - Finding web element with id: 'Object Repository/Popup/Popup' located by 'By.cssSelector: .bootbox-body' in '30' second(s)

2021-11-19 17:03:06 - [MESSAGE][INFO] - Smart Wait Function is triggered

2021-11-19 17:03:07 - [MESSAGE][INFO] - Found 1 web elements with id: 'Object Repository/Popup/Popup' located by 'By.cssSelector: .bootbox-body' in '30' second(s)

2021-11-19 17:03:07 - [MESSAGE][INFO] - Getting text of object 'Object Repository/Popup/Popup'

2021-11-19 17:03:07 - [MESSAGE][PASSED] - Text of object 'Object Repository/Popup/Popup' is: 'Oluşturulacak fatura numarası : EAR2021000000472 Fatura numarası oluşturulduktan sonra fatura silinemez. Fatura numarası, tarihi ve ön eki değiştirilemez. Devam etmek istiyor musunuz?'

2021-11-19 17:03:07 - [TEST_STEP][PASSED] - Console.println(RaporNo): null

2021-11-19 17:03:07 - [MESSAGE][PASSED] - Call Test Case 'Test Cases/Popup/PopupMesajiIceriyorMu' successfully

2021-11-19 17:03:07 - [MESSAGE][INFO] - Checking called Test Case

2021-11-19 17:03:07 - [MESSAGE][INFO] - Starting to call Test Case 'Test Cases/Popup/PopupButonSecilir'

2021-11-19 17:03:07 - [TEST_CASE][PASSED] - Test Cases/Popup/PopupButonSecilir: Test Cases/Popup/PopupButonSecilir

2021-11-19 17:03:07 - [TEST_STEP][PASSED] - Method.TextDegerineEsitElementeTikla(findTestObject("Popup/Popup_Butons"), Buton): Method.TextDegerineEsitElementeTikla is PASSED

2021-11-19 17:03:07 - [MESSAGE][INFO] - Finding Test Object 'Object Repository/Popup/Popup_Butons'

2021-11-19 17:03:07 - [MESSAGE][INFO] - Checking timeout

2021-11-19 17:03:07 - [MESSAGE][INFO] - Finding web element with id: 'Object Repository/Popup/Popup_Butons' located by 'By.cssSelector: .modal-footer>button' in '10' second(s)

2021-11-19 17:03:07 - [MESSAGE][INFO] - Smart Wait Function is triggered

2021-11-19 17:03:07 - [MESSAGE][INFO] - Found 2 web elements with id: 'Object Repository/Popup/Popup_Butons' located by 'By.cssSelector: .modal-footer>button' in '10' second(s)

2021-11-19 17:03:07 - [MESSAGE][PASSED] - Method.TextDegerineEsitElementeTikla is PASSED

2021-11-19 17:03:07 - [MESSAGE][PASSED] - Call Test Case 'Test Cases/Popup/PopupButonSecilir' successfully

2021-11-19 17:03:07 - [MESSAGE][INFO] - Checking called Test Case

2021-11-19 17:03:07 - [MESSAGE][INFO] - Starting to call Test Case 'Test Cases/Popup/PopupMesajiIceriyorMu'

2021-11-19 17:03:08 - [TEST_CASE][PASSED] - Test Cases/Popup/PopupMesajiIceriyorMu: Test Cases/Popup/PopupMesajiIceriyorMu

2021-11-19 17:03:08 - [TEST_STEP][PASSED] - waitForElementVisible(findTestObject("Popup/Popup"), 10): Object 'Object Repository/Popup/Popup' is visible

2021-11-19 17:03:08 - [MESSAGE][INFO] - Finding Test Object 'Object Repository/Popup/Popup'

2021-11-19 17:03:08 - [MESSAGE][INFO] - Checking object

2021-11-19 17:03:08 - [MESSAGE][INFO] - Checking timeout

2021-11-19 17:03:08 - [MESSAGE][INFO] - Finding web element from Test Object's properties

2021-11-19 17:03:08 - [MESSAGE][INFO] - Checking timeout

2021-11-19 17:03:08 - [MESSAGE][INFO] - Finding web element with id: 'Object Repository/Popup/Popup' located by 'By.cssSelector: .bootbox-body' in '10' second(s)

2021-11-19 17:03:08 - [MESSAGE][INFO] - Smart Wait Function is triggered

2021-11-19 17:03:08 - [MESSAGE][INFO] - Found 1 web elements with id: 'Object Repository/Popup/Popup' located by 'By.cssSelector: .bootbox-body' in '10' second(s)

2021-11-19 17:03:08 - [MESSAGE][PASSED] - Object 'Object Repository/Popup/Popup' is visible

2021-11-19 17:03:08 - [TEST_STEP][PASSED] - if (!(getText(findTestObject("Popup/Popup")).contains(Mesaj))): Text of object 'Object Repository/Popup/Popup' is: 'Fatura numaranız EAR2021000000472 olarak oluşmuştur.'

2021-11-19 17:03:08 - [MESSAGE][INFO] - Finding Test Object 'Object Repository/Popup/Popup'

2021-11-19 17:03:09 - [MESSAGE][INFO] - Checking object

2021-11-19 17:03:09 - [MESSAGE][INFO] - Finding web element from Test Object's properties

2021-11-19 17:03:09 - [MESSAGE][INFO] - Checking timeout

2021-11-19 17:03:09 - [MESSAGE][INFO] - Finding web element with id: 'Object Repository/Popup/Popup' located by 'By.cssSelector: .bootbox-body' in '30' second(s)

2021-11-19 17:03:09 - [MESSAGE][INFO] - Smart Wait Function is triggered

2021-11-19 17:03:09 - [MESSAGE][INFO] - Found 1 web elements with id: 'Object Repository/Popup/Popup' located by 'By.cssSelector: .bootbox-body' in '30' second(s)

2021-11-19 17:03:09 - [MESSAGE][INFO] - Getting text of object 'Object Repository/Popup/Popup'

2021-11-19 17:03:09 - [MESSAGE][PASSED] - Text of object 'Object Repository/Popup/Popup' is: 'Fatura numaranız EAR2021000000472 olarak oluşmuştur.'

2021-11-19 17:03:09 - [TEST_STEP][PASSED] - RaporNo = getText(findTestObject("Popup/Popup")).substring(0, 6): Text of object 'Object Repository/Popup/Popup' is: 'Fatura numaranız EAR2021000000472 olarak oluşmuştur.'

2021-11-19 17:03:09 - [MESSAGE][INFO] - Finding Test Object 'Object Repository/Popup/Popup'

2021-11-19 17:03:09 - [MESSAGE][INFO] - Checking object

2021-11-19 17:03:09 - [MESSAGE][INFO] - Finding web element from Test Object's properties

2021-11-19 17:03:09 - [MESSAGE][INFO] - Checking timeout

2021-11-19 17:03:09 - [MESSAGE][INFO] - Finding web element with id: 'Object Repository/Popup/Popup' located by 'By.cssSelector: .bootbox-body' in '30' second(s)

2021-11-19 17:03:09 - [MESSAGE][INFO] - Smart Wait Function is triggered

2021-11-19 17:03:09 - [MESSAGE][INFO] - Found 1 web elements with id: 'Object Repository/Popup/Popup' located by 'By.cssSelector: .bootbox-body' in '30' second(s)

2021-11-19 17:03:09 - [MESSAGE][INFO] - Getting text of object 'Object Repository/Popup/Popup'

2021-11-19 17:03:09 - [MESSAGE][PASSED] - Text of object 'Object Repository/Popup/Popup' is: 'Fatura numaranız EAR2021000000472 olarak oluşmuştur.'

2021-11-19 17:03:09 - [TEST_STEP][PASSED] - Console.println(RaporNo): null

2021-11-19 17:03:09 - [MESSAGE][PASSED] - Call Test Case 'Test Cases/Popup/PopupMesajiIceriyorMu' successfully

2021-11-19 17:03:09 - [MESSAGE][INFO] - Checking called Test Case

2021-11-19 17:03:09 - [MESSAGE][INFO] - Starting to call Test Case 'Test Cases/Popup/PopupButonSecilir'

2021-11-19 17:03:09 - [TEST_CASE][PASSED] - Test Cases/Popup/PopupButonSecilir: Test Cases/Popup/PopupButonSecilir

2021-11-19 17:03:09 - [TEST_STEP][PASSED] - Method.TextDegerineEsitElementeTikla(findTestObject("Popup/Popup_Butons"), Buton): Method.TextDegerineEsitElementeTikla is PASSED

2021-11-19 17:03:09 - [MESSAGE][INFO] - Finding Test Object 'Object Repository/Popup/Popup_Butons'

2021-11-19 17:03:09 - [MESSAGE][INFO] - Checking timeout

2021-11-19 17:03:09 - [MESSAGE][INFO] - Finding web element with id: 'Object Repository/Popup/Popup_Butons' located by 'By.cssSelector: .modal-footer>button' in '10' second(s)

2021-11-19 17:03:09 - [MESSAGE][INFO] - Smart Wait Function is triggered

2021-11-19 17:03:10 - [MESSAGE][INFO] - Found 1 web elements with id: 'Object Repository/Popup/Popup_Butons' located by 'By.cssSelector: .modal-footer>button' in '10' second(s)

2021-11-19 17:03:10 - [MESSAGE][PASSED] - Method.TextDegerineEsitElementeTikla is PASSED

2021-11-19 17:03:10 - [MESSAGE][PASSED] - Call Test Case 'Test Cases/Popup/PopupButonSecilir' successfully

2021-11-19 17:03:10 - [MESSAGE][INFO] - Checking called Test Case

2021-11-19 17:03:10 - [MESSAGE][INFO] - Starting to call Test Case 'Test Cases/Tablo/TablodanEttnliVeriSec'

2021-11-19 17:03:10 - [TEST_CASE][PASSED] - Test Cases/Tablo/TablodanEttnliVeriSec: Test Cases/Tablo/TablodanEttnliVeriSec

2021-11-19 17:03:10 - [TEST_STEP][PASSED] - Method.TextDegerineEsitElementinAltindakineTikla(findTestObject("Tablo/Veriler"), findTestObject("Tablo/VerininCheckBoxi"), ettn): Method.TextDegerineEsitElementinAltindakineTikla is PASSED

2021-11-19 17:03:10 - [MESSAGE][INFO] - Finding Test Object 'Object Repository/Tablo/Veriler'

2021-11-19 17:03:10 - [MESSAGE][INFO] - Finding Test Object 'Object Repository/Tablo/VerininCheckBoxi'

2021-11-19 17:03:11 - [MESSAGE][INFO] - Checking timeout

2021-11-19 17:03:11 - [MESSAGE][INFO] - Finding web element with id: 'Object Repository/Tablo/Veriler' located by 'By.cssSelector: td.dxgv b ,td.dxgv' in '10' second(s)

2021-11-19 17:03:11 - [MESSAGE][INFO] - Smart Wait Function is triggered

2021-11-19 17:03:11 - [MESSAGE][INFO] - Found 70 web elements with id: 'Object Repository/Tablo/Veriler' located by 'By.cssSelector: td.dxgv b ,td.dxgv' in '10' second(s)

2021-11-19 17:03:11 - [MESSAGE][INFO] - Smart Wait Function is triggered

2021-11-19 17:03:12 - [MESSAGE][PASSED] - Method.TextDegerineEsitElementinAltindakineTikla is PASSED

2021-11-19 17:03:12 - [MESSAGE][PASSED] - Call Test Case 'Test Cases/Tablo/TablodanEttnliVeriSec' successfully

2021-11-19 17:03:12 - [MESSAGE][INFO] - Checking called Test Case

2021-11-19 17:03:12 - [MESSAGE][INFO] - Starting to call Test Case 'Test Cases/Butonlar/ButonaTikla'

2021-11-19 17:03:12 - [TEST_CASE][PASSED] - Test Cases/Butonlar/ButonaTikla: Test Cases/Butonlar/ButonaTikla

2021-11-19 17:03:12 - [TEST_STEP][PASSED] - Method.TextDegerineEsitElementeTiklaEquals(findTestObject("Butonlar/Butonlar"), Buton_Adi): Method.TextDegerineEsitElementeTiklaEquals is PASSED

2021-11-19 17:03:12 - [MESSAGE][INFO] - Finding Test Object 'Object Repository/Butonlar/Butonlar'

2021-11-19 17:03:12 - [MESSAGE][INFO] - Checking timeout

2021-11-19 17:03:12 - [MESSAGE][INFO] - Finding web element with id: 'Object Repository/Butonlar/Butonlar' located by 'By.cssSelector: .panel.panel-default.text-center.footerPanel .btn,.btn.btn-primary.btnControls' in '10' second(s)

2021-11-19 17:03:12 - [MESSAGE][INFO] - Smart Wait Function is triggered

2021-11-19 17:03:12 - [MESSAGE][INFO] - Found 9 web elements with id: 'Object Repository/Butonlar/Butonlar' located by 'By.cssSelector: .panel.panel-default.text-center.footerPanel .btn,.btn.btn-primary.btnControls' in '10' second(s)

2021-11-19 17:03:13 - [MESSAGE][PASSED] - Method.TextDegerineEsitElementeTiklaEquals is PASSED

2021-11-19 17:03:13 - [MESSAGE][PASSED] - Call Test Case 'Test Cases/Butonlar/ButonaTikla' successfully

2021-11-19 17:03:13 - [MESSAGE][INFO] - Checking called Test Case

2021-11-19 17:03:13 - [MESSAGE][INFO] - Starting to call Test Case 'Test Cases/Popup/PopupMesajiIceriyorMu'

2021-11-19 17:03:13 - [TEST_CASE][PASSED] - Test Cases/Popup/PopupMesajiIceriyorMu: Test Cases/Popup/PopupMesajiIceriyorMu

2021-11-19 17:03:13 - [TEST_STEP][PASSED] - waitForElementVisible(findTestObject("Popup/Popup"), 10): Object 'Object Repository/Popup/Popup' is visible

2021-11-19 17:03:13 - [MESSAGE][INFO] - Finding Test Object 'Object Repository/Popup/Popup'

2021-11-19 17:03:13 - [MESSAGE][INFO] - Checking object

2021-11-19 17:03:13 - [MESSAGE][INFO] - Checking timeout

2021-11-19 17:03:13 - [MESSAGE][INFO] - Finding web element from Test Object's properties

2021-11-19 17:03:13 - [MESSAGE][INFO] - Checking timeout

2021-11-19 17:03:13 - [MESSAGE][INFO] - Finding web element with id: 'Object Repository/Popup/Popup' located by 'By.cssSelector: .bootbox-body' in '10' second(s)

2021-11-19 17:03:13 - [MESSAGE][INFO] - Smart Wait Function is triggered

2021-11-19 17:03:14 - [MESSAGE][INFO] - Found 1 web elements with id: 'Object Repository/Popup/Popup' located by 'By.cssSelector: .bootbox-body' in '10' second(s)

2021-11-19 17:03:14 - [MESSAGE][PASSED] - Object 'Object Repository/Popup/Popup' is visible

2021-11-19 17:03:14 - [TEST_STEP][PASSED] - if (!(getText(findTestObject("Popup/Popup")).contains(Mesaj))): Text of object 'Object Repository/Popup/Popup' is: 'Seçilen faturalarınız onaylanacaktır. Onaylanan faturalar üzerinde değişiklik yapılamaz. Devam etmek istiyor musunuz?'

2021-11-19 17:03:14 - [MESSAGE][INFO] - Finding Test Object 'Object Repository/Popup/Popup'

2021-11-19 17:03:14 - [MESSAGE][INFO] - Checking object

2021-11-19 17:03:14 - [MESSAGE][INFO] - Finding web element from Test Object's properties

2021-11-19 17:03:14 - [MESSAGE][INFO] - Checking timeout

2021-11-19 17:03:14 - [MESSAGE][INFO] - Finding web element with id: 'Object Repository/Popup/Popup' located by 'By.cssSelector: .bootbox-body' in '30' second(s)

2021-11-19 17:03:14 - [MESSAGE][INFO] - Smart Wait Function is triggered

2021-11-19 17:03:14 - [MESSAGE][INFO] - Found 1 web elements with id: 'Object Repository/Popup/Popup' located by 'By.cssSelector: .bootbox-body' in '30' second(s)

2021-11-19 17:03:14 - [MESSAGE][INFO] - Getting text of object 'Object Repository/Popup/Popup'

2021-11-19 17:03:14 - [MESSAGE][PASSED] - Text of object 'Object Repository/Popup/Popup' is: 'Seçilen faturalarınız onaylanacaktır. Onaylanan faturalar üzerinde değişiklik yapılamaz. Devam etmek istiyor musunuz?'

2021-11-19 17:03:14 - [TEST_STEP][PASSED] - RaporNo = getText(findTestObject("Popup/Popup")).substring(0, 6): Text of object 'Object Repository/Popup/Popup' is: 'Seçilen faturalarınız onaylanacaktır. Onaylanan faturalar üzerinde değişiklik yapılamaz. Devam etmek istiyor musunuz?'

2021-11-19 17:03:14 - [MESSAGE][INFO] - Finding Test Object 'Object Repository/Popup/Popup'

2021-11-19 17:03:14 - [MESSAGE][INFO] - Checking object

2021-11-19 17:03:14 - [MESSAGE][INFO] - Finding web element from Test Object's properties

2021-11-19 17:03:14 - [MESSAGE][INFO] - Checking timeout

2021-11-19 17:03:14 - [MESSAGE][INFO] - Finding web element with id: 'Object Repository/Popup/Popup' located by 'By.cssSelector: .bootbox-body' in '30' second(s)

2021-11-19 17:03:14 - [MESSAGE][INFO] - Smart Wait Function is triggered

2021-11-19 17:03:14 - [MESSAGE][INFO] - Found 1 web elements with id: 'Object Repository/Popup/Popup' located by 'By.cssSelector: .bootbox-body' in '30' second(s)

2021-11-19 17:03:14 - [MESSAGE][INFO] - Getting text of object 'Object Repository/Popup/Popup'

2021-11-19 17:03:14 - [MESSAGE][PASSED] - Text of object 'Object Repository/Popup/Popup' is: 'Seçilen faturalarınız onaylanacaktır. Onaylanan faturalar üzerinde değişiklik yapılamaz. Devam etmek istiyor musunuz?'

2021-11-19 17:03:14 - [TEST_STEP][PASSED] - Console.println(RaporNo): null

2021-11-19 17:03:14 - [MESSAGE][PASSED] - Call Test Case 'Test Cases/Popup/PopupMesajiIceriyorMu' successfully

2021-11-19 17:03:14 - [MESSAGE][INFO] - Checking called Test Case

2021-11-19 17:03:14 - [MESSAGE][INFO] - Starting to call Test Case 'Test Cases/Popup/PopupButonSecilir'

2021-11-19 17:03:14 - [TEST_CASE][PASSED] - Test Cases/Popup/PopupButonSecilir: Test Cases/Popup/PopupButonSecilir

2021-11-19 17:03:14 - [TEST_STEP][PASSED] - Method.TextDegerineEsitElementeTikla(findTestObject("Popup/Popup_Butons"), Buton): Method.TextDegerineEsitElementeTikla is PASSED

2021-11-19 17:03:14 - [MESSAGE][INFO] - Finding Test Object 'Object Repository/Popup/Popup_Butons'

2021-11-19 17:03:15 - [MESSAGE][INFO] - Checking timeout

2021-11-19 17:03:15 - [MESSAGE][INFO] - Finding web element with id: 'Object Repository/Popup/Popup_Butons' located by 'By.cssSelector: .modal-footer>button' in '10' second(s)

2021-11-19 17:03:15 - [MESSAGE][INFO] - Smart Wait Function is triggered

2021-11-19 17:03:15 - [MESSAGE][INFO] - Found 2 web elements with id: 'Object Repository/Popup/Popup_Butons' located by 'By.cssSelector: .modal-footer>button' in '10' second(s)

2021-11-19 17:03:16 - [MESSAGE][PASSED] - Method.TextDegerineEsitElementeTikla is PASSED

2021-11-19 17:03:16 - [MESSAGE][PASSED] - Call Test Case 'Test Cases/Popup/PopupButonSecilir' successfully

2021-11-19 17:03:16 - [MESSAGE][INFO] - Checking called Test Case

2021-11-19 17:03:16 - [MESSAGE][INFO] - Starting to call Test Case 'Test Cases/Menu/AnaMenuSecimi'

2021-11-19 17:03:16 - [TEST_CASE][PASSED] - Test Cases/Menu/AnaMenuSecimi: Test Cases/Menu/AnaMenuSecimi

2021-11-19 17:03:16 - [TEST_STEP][PASSED] - Method.TextDegerineEsitElementeTikla(findTestObject("Menu/Ana_Menu"), Ana_Menu): Method.TextDegerineEsitElementeTikla is PASSED

2021-11-19 17:03:16 - [MESSAGE][INFO] - Finding Test Object 'Object Repository/Menu/Ana_Menu'

2021-11-19 17:03:16 - [MESSAGE][INFO] - Checking timeout

2021-11-19 17:03:16 - [MESSAGE][INFO] - Finding web element with id: 'Object Repository/Menu/Ana_Menu' located by 'By.xpath: //*[@class = 'dropdown-toggle']' in '10' second(s)

2021-11-19 17:03:16 - [MESSAGE][INFO] - Smart Wait Function is triggered

2021-11-19 17:03:17 - [MESSAGE][INFO] - Found 13 web elements with id: 'Object Repository/Menu/Ana_Menu' located by 'By.xpath: //*[@class = 'dropdown-toggle']' in '10' second(s)

2021-11-19 17:03:17 - [MESSAGE][PASSED] - Method.TextDegerineEsitElementeTikla is PASSED

2021-11-19 17:03:17 - [MESSAGE][PASSED] - Call Test Case 'Test Cases/Menu/AnaMenuSecimi' successfully

2021-11-19 17:03:17 - [MESSAGE][INFO] - Checking called Test Case

2021-11-19 17:03:17 - [MESSAGE][INFO] - Starting to call Test Case 'Test Cases/Menu/BasligaGoreAltMenuSecimi'

2021-11-19 17:03:17 - [TEST_CASE][PASSED] - Test Cases/Menu/BasligaGoreAltMenuSecimi: Test Cases/Menu/BasligaGoreAltMenuSecimi

2021-11-19 17:03:17 - [TEST_STEP][PASSED] - Method.TextDegerineEsitElementinAltindakiTextDegerineEsitOlanaTikla(findTestObject("Menu/Menu_Basligi"), findTestObject("Menu/Basliga_Gore_Alt_Menu"), Baslik, Alt_Menu): Method.TextDegerineEsitElementinAltindakiTextDegerineEsitOlanaTikla is PASSED

2021-11-19 17:03:17 - [MESSAGE][INFO] - Finding Test Object 'Object Repository/Menu/Menu_Basligi'

2021-11-19 17:03:17 - [MESSAGE][INFO] - Finding Test Object 'Object Repository/Menu/Basliga_Gore_Alt_Menu'

2021-11-19 17:03:17 - [MESSAGE][INFO] - Checking timeout

2021-11-19 17:03:17 - [MESSAGE][INFO] - Finding web element with id: 'Object Repository/Menu/Menu_Basligi' located by 'By.xpath: //li[@class='dropdown dropdown-large open']//li[@class='dropdown-header']' in '10' second(s)

2021-11-19 17:03:17 - [MESSAGE][INFO] - Smart Wait Function is triggered

2021-11-19 17:03:17 - [MESSAGE][INFO] - Found 2 web elements with id: 'Object Repository/Menu/Menu_Basligi' located by 'By.xpath: //li[@class='dropdown dropdown-large open']//li[@class='dropdown-header']' in '10' second(s)

2021-11-19 17:03:17 - [MESSAGE][INFO] - Smart Wait Function is triggered

2021-11-19 17:03:19 - [MESSAGE][PASSED] - Method.TextDegerineEsitElementinAltindakiTextDegerineEsitOlanaTikla is PASSED

2021-11-19 17:03:19 - [MESSAGE][PASSED] - Call Test Case 'Test Cases/Menu/BasligaGoreAltMenuSecimi' successfully

2021-11-19 17:03:19 - [MESSAGE][INFO] - Checking called Test Case

2021-11-19 17:03:19 - [MESSAGE][INFO] - Starting to call Test Case 'Test Cases/Filtreler/EttnYaz'

2021-11-19 17:03:19 - [TEST_CASE][PASSED] - Test Cases/Filtreler/EttnYaz: Test Cases/Filtreler/EttnYaz

2021-11-19 17:03:19 - [TEST_STEP][PASSED] - Method.TextDegerineEsitElementinAltindakiTextboxtaYaz(findTestObject("Filtreler/Basliklar"), findTestObject("Filtreler/Basliga_Gore_Textbox"), "ETTN", ettn): Method.TextDegerineEsitElementinAltindakiTextboxtaYaz is PASSED

2021-11-19 17:03:19 - [MESSAGE][INFO] - Finding Test Object 'Object Repository/Filtreler/Basliklar'

2021-11-19 17:03:19 - [MESSAGE][INFO] - Finding Test Object 'Object Repository/Filtreler/Basliga_Gore_Textbox'

2021-11-19 17:03:19 - [MESSAGE][INFO] - Checking timeout

2021-11-19 17:03:19 - [MESSAGE][INFO] - Finding web element with id: 'Object Repository/Filtreler/Basliklar' located by 'By.cssSelector: .control-label.col-sm-4.paddingMarginRLC' in '10' second(s)

2021-11-19 17:03:19 - [MESSAGE][INFO] - Smart Wait Function is triggered

2021-11-19 17:03:20 - [MESSAGE][INFO] - Found 19 web elements with id: 'Object Repository/Filtreler/Basliklar' located by 'By.cssSelector: .control-label.col-sm-4.paddingMarginRLC' in '10' second(s)

2021-11-19 17:03:20 - [MESSAGE][INFO] - Smart Wait Function is triggered

2021-11-19 17:03:20 - [MESSAGE][PASSED] - Method.TextDegerineEsitElementinAltindakiTextboxtaYaz is PASSED

2021-11-19 17:03:20 - [MESSAGE][PASSED] - Call Test Case 'Test Cases/Filtreler/EttnYaz' successfully

2021-11-19 17:03:20 - [MESSAGE][INFO] - Checking called Test Case

2021-11-19 17:03:20 - [MESSAGE][INFO] - Starting to call Test Case 'Test Cases/Filtreler/ButonaTikla'

2021-11-19 17:03:20 - [TEST_CASE][PASSED] - Test Cases/Filtreler/ButonaTikla: Test Cases/Filtreler/ButonaTikla

2021-11-19 17:03:20 - [TEST_STEP][PASSED] - Method.TextDegerineEsitElementeTikla(findTestObject("Filtreler/Butonlar"), Filtre_Buton): Method.TextDegerineEsitElementeTikla is PASSED

2021-11-19 17:03:20 - [MESSAGE][INFO] - Finding Test Object 'Object Repository/Filtreler/Butonlar'

2021-11-19 17:03:20 - [MESSAGE][INFO] - Checking timeout

2021-11-19 17:03:20 - [MESSAGE][INFO] - Finding web element with id: 'Object Repository/Filtreler/Butonlar' located by 'By.cssSelector: .dxb>span' in '10' second(s)

2021-11-19 17:03:20 - [MESSAGE][INFO] - Smart Wait Function is triggered

2021-11-19 17:03:21 - [MESSAGE][INFO] - Found 3 web elements with id: 'Object Repository/Filtreler/Butonlar' located by 'By.cssSelector: .dxb>span' in '10' second(s)

2021-11-19 17:03:21 - [MESSAGE][PASSED] - Method.TextDegerineEsitElementeTikla is PASSED

2021-11-19 17:03:21 - [MESSAGE][PASSED] - Call Test Case 'Test Cases/Filtreler/ButonaTikla' successfully

2021-11-19 17:03:21 - [MESSAGE][INFO] - Checking called Test Case

2021-11-19 17:03:21 - [MESSAGE][INFO] - Starting to call Test Case 'Test Cases/Tablo/TablodaVeriVarMi'

2021-11-19 17:03:21 - [TEST_CASE][PASSED] - Test Cases/Tablo/TablodaVeriVarMi: Test Cases/Tablo/TablodaVeriVarMi

2021-11-19 17:03:21 - [TEST_STEP][PASSED] - verifyTextNotPresent("Görüntülenecek veri yok", true): Text 'Görüntülenecek veri yok' is not present on page using regular expression

2021-11-19 17:03:21 - [MESSAGE][INFO] - Checking text present  using regular expression

2021-11-19 17:03:21 - [MESSAGE][INFO] - Smart Wait Function is triggered

2021-11-19 17:03:22 - [MESSAGE][INFO] - Finding text 'Görüntülenecek veri yok' on page  using regular expression

2021-11-19 17:03:22 - [MESSAGE][PASSED] - Text 'Görüntülenecek veri yok' is not present on page using regular expression

2021-11-19 17:03:22 - [MESSAGE][PASSED] - Call Test Case 'Test Cases/Tablo/TablodaVeriVarMi' successfully

2021-11-19 17:03:22 - [MESSAGE][INFO] - Checking called Test Case

2021-11-19 17:03:22 - [MESSAGE][INFO] - Starting to call Test Case 'Test Cases/Tablo/TablodaVeriBasariliMiArsiv'

2021-11-19 17:03:22 - [TEST_CASE][PASSED] - Test Cases/Tablo/TablodaVeriBasariliMiArsiv: Test Cases/Tablo/TablodaVeriBasariliMiArsiv

2021-11-19 17:03:22 - [TEST_STEP][PASSED] - sayac = 80: null

2021-11-19 17:03:22 - [TEST_STEP][PASSED] - while (verifyElementText(findTestObject("Object Repository/Tablo/DurumBilgisiArsiv"), "Henüz Sonuçlanmadı", OPTIONAL)): Actual text 'Başarılı' and expected text 'Henüz Sonuçlanmadı' of test object 'Object Repository/Tablo/DurumBilgisiArsiv' are NOT matched. (Root cause: com.kms.katalon.core.exception.StepFailedException: Actual text 'Başarılı' and expected text 'Henüz Sonuçlanmadı' of test object 'Object Repository/Tablo/DurumBilgisiArsiv' are NOT matched.
	at com.kms.katalon.core.webui.keyword.internal.WebUIKeywordMain.stepFailed(WebUIKeywordMain.groovy:64)
	at com.kms.katalon.core.webui.keyword.builtin.VerifyElementTextKeyword$_verifyElementText_closure1.doCall(VerifyElementTextKeyword.groovy:57)
	at com.kms.katalon.core.webui.keyword.builtin.VerifyElementTextKeyword$_verifyElementText_closure1.call(VerifyElementTextKeyword.groovy)
	at com.kms.katalon.core.webui.keyword.internal.WebUIKeywordMain.runKeyword(WebUIKeywordMain.groovy:20)
	at com.kms.katalon.core.webui.keyword.builtin.VerifyElementTextKeyword.verifyElementText(VerifyElementTextKeyword.groovy:72)
	at com.kms.katalon.core.webui.keyword.builtin.VerifyElementTextKeyword.execute(VerifyElementTextKeyword.groovy:40)
	at com.kms.katalon.core.keyword.internal.KeywordExecutor.executeKeywordForPlatform(KeywordExecutor.groovy:73)
	at com.kms.katalon.core.webui.keyword.WebUiBuiltInKeywords.verifyElementText(WebUiBuiltInKeywords.groovy:4733)
	at com.kms.katalon.core.webui.keyword.WebUiBuiltInKeywords$verifyElementText$20.call(Unknown Source)
	at TablodaVeriBasariliMiArsiv.run(TablodaVeriBasariliMiArsiv:22)
	at com.kms.katalon.core.main.ScriptEngine.run(ScriptEngine.java:194)
	at com.kms.katalon.core.main.ScriptEngine.runScriptAsRawText(ScriptEngine.java:119)
	at com.kms.katalon.core.main.TestCaseExecutor.runScript(TestCaseExecutor.java:369)
	at com.kms.katalon.core.main.TestCaseExecutor.doExecute(TestCaseExecutor.java:360)
	at com.kms.katalon.core.main.TestCaseExecutor.processExecutionPhase(TestCaseExecutor.java:339)
	at com.kms.katalon.core.main.TestCaseExecutor.accessMainPhase(TestCaseExecutor.java:331)
	at com.kms.katalon.core.main.TestCaseExecutor.execute(TestCaseExecutor.java:248)
	at com.kms.katalon.core.main.TestCaseMain.runTestCase(TestCaseMain.java:138)
	at com.kms.katalon.core.keyword.builtin.CallTestCaseKeyword$_callTestCase_closure1.doCall(CallTestCaseKeyword.groovy:59)
	at com.kms.katalon.core.keyword.builtin.CallTestCaseKeyword$_callTestCase_closure1.call(CallTestCaseKeyword.groovy)
	at com.kms.katalon.core.keyword.internal.KeywordMain.runKeyword(KeywordMain.groovy:68)
	at com.kms.katalon.core.keyword.builtin.CallTestCaseKeyword.callTestCase(CallTestCaseKeyword.groovy:81)
	at com.kms.katalon.core.keyword.builtin.CallTestCaseKeyword.execute(CallTestCaseKeyword.groovy:44)
	at com.kms.katalon.core.keyword.internal.KeywordExecutor.executeKeywordForPlatform(KeywordExecutor.groovy:73)
	at com.kms.katalon.core.keyword.BuiltinKeywords.callTestCase(BuiltinKeywords.groovy:334)
	at tablo.tablo.tablodaVeriBasariliMiArsiv(tablo.groovy:95)
	at cucumber.runtime.Utils$1.call(Utils.java:26)
	at cucumber.runtime.Timeout.timeout(Timeout.java:16)
	at cucumber.runtime.Utils.invoke(Utils.java:20)
	at cucumber.runtime.java.JavaStepDefinition.execute(JavaStepDefinition.java:49)
	at cucumber.runner.PickleStepDefinitionMatch.runStep(PickleStepDefinitionMatch.java:50)
	at cucumber.runner.TestStep.executeStep(TestStep.java:63)
	at cucumber.runner.TestStep.run(TestStep.java:49)
	at cucumber.runner.PickleStepTestStep.run(PickleStepTestStep.java:43)
	at cucumber.runner.TestCase.run(TestCase.java:44)
	at cucumber.runner.Runner.runPickle(Runner.java:40)
	at cucumber.runtime.Runtime$1.run(Runtime.java:84)
	at cucumber.runtime.Runtime$SameThreadExecutorService.execute(Runtime.java:220)
	at cucumber.runtime.Runtime.run(Runtime.java:81)
	at cucumber.api.cli.Main.run(Main.java:26)
	at cucumber.api.cli.Main$run.call(Unknown Source)
	at com.kms.katalon.core.cucumber.keyword.CucumberBuiltinKeywords$_runFeatureFile_closure1.doCall(CucumberBuiltinKeywords.groovy:106)
	at com.kms.katalon.core.cucumber.keyword.CucumberBuiltinKeywords$_runFeatureFile_closure1.doCall(CucumberBuiltinKeywords.groovy)
	at com.kms.katalon.core.keyword.internal.KeywordMain.runKeyword(KeywordMain.groovy:68)
	at com.kms.katalon.core.keyword.internal.KeywordMain$runKeyword.call(Unknown Source)
	at com.kms.katalon.core.cucumber.keyword.CucumberBuiltinKeywords.runFeatureFile(CucumberBuiltinKeywords.groovy:73)
	at com.kms.katalon.core.cucumber.keyword.CucumberBuiltinKeywords$runFeatureFile$0.callStatic(Unknown Source)
	at com.kms.katalon.core.cucumber.keyword.CucumberBuiltinKeywords.runFeatureFile(CucumberBuiltinKeywords.groovy:246)
	at com.kms.katalon.core.cucumber.keyword.CucumberBuiltinKeywords$runFeatureFile.call(Unknown Source)
	at VKN-Elektronik-Tevkifat.run(VKN-Elektronik-Tevkifat:19)
	at com.kms.katalon.core.main.ScriptEngine.run(ScriptEngine.java:194)
	at com.kms.katalon.core.main.ScriptEngine.runScriptAsRawText(ScriptEngine.java:119)
	at com.kms.katalon.core.main.TestCaseExecutor.runScript(TestCaseExecutor.java:369)
	at com.kms.katalon.core.main.TestCaseExecutor.doExecute(TestCaseExecutor.java:360)
	at com.kms.katalon.core.main.TestCaseExecutor.processExecutionPhase(TestCaseExecutor.java:339)
	at com.kms.katalon.core.main.TestCaseExecutor.accessMainPhase(TestCaseExecutor.java:331)
	at com.kms.katalon.core.main.TestCaseExecutor.execute(TestCaseExecutor.java:248)
	at com.kms.katalon.core.main.TestSuiteExecutor.accessTestCaseMainPhase(TestSuiteExecutor.java:191)
	at com.kms.katalon.core.main.TestSuiteExecutor.accessTestSuiteMainPhase(TestSuiteExecutor.java:140)
	at com.kms.katalon.core.main.TestSuiteExecutor.execute(TestSuiteExecutor.java:89)
	at com.kms.katalon.core.main.TestCaseMain.startTestSuite(TestCaseMain.java:181)
	at com.kms.katalon.core.main.TestCaseMain$startTestSuite$0.call(Unknown Source)
	at TempTestSuite1637329560940.run(TempTestSuite1637329560940.groovy:39)
)

2021-11-19 17:03:22 - [MESSAGE][INFO] - Finding Test Object 'Object Repository/Tablo/DurumBilgisiArsiv'

2021-11-19 17:03:22 - [MESSAGE][INFO] - Checking object

2021-11-19 17:03:22 - [MESSAGE][INFO] - Finding web element from Test Object's properties

2021-11-19 17:03:22 - [MESSAGE][INFO] - Checking timeout

2021-11-19 17:03:22 - [MESSAGE][INFO] - Finding web element with id: 'Object Repository/Tablo/DurumBilgisiArsiv' located by 'By.xpath: //*[@id = 'GridViewEArchiveInvoices_tccell0_9']' in '30' second(s)

2021-11-19 17:03:22 - [MESSAGE][INFO] - Smart Wait Function is triggered

2021-11-19 17:03:23 - [MESSAGE][INFO] - Found 1 web elements with id: 'Object Repository/Tablo/DurumBilgisiArsiv' located by 'By.xpath: //*[@id = 'GridViewEArchiveInvoices_tccell0_9']' in '30' second(s)

2021-11-19 17:03:23 - [MESSAGE][WARNING] - Actual text 'Başarılı' and expected text 'Henüz Sonuçlanmadı' of test object 'Object Repository/Tablo/DurumBilgisiArsiv' are NOT matched. (Root cause: com.kms.katalon.core.exception.StepFailedException: Actual text 'Başarılı' and expected text 'Henüz Sonuçlanmadı' of test object 'Object Repository/Tablo/DurumBilgisiArsiv' are NOT matched.
	at com.kms.katalon.core.webui.keyword.internal.WebUIKeywordMain.stepFailed(WebUIKeywordMain.groovy:64)
	at com.kms.katalon.core.webui.keyword.builtin.VerifyElementTextKeyword$_verifyElementText_closure1.doCall(VerifyElementTextKeyword.groovy:57)
	at com.kms.katalon.core.webui.keyword.builtin.VerifyElementTextKeyword$_verifyElementText_closure1.call(VerifyElementTextKeyword.groovy)
	at com.kms.katalon.core.webui.keyword.internal.WebUIKeywordMain.runKeyword(WebUIKeywordMain.groovy:20)
	at com.kms.katalon.core.webui.keyword.builtin.VerifyElementTextKeyword.verifyElementText(VerifyElementTextKeyword.groovy:72)
	at com.kms.katalon.core.webui.keyword.builtin.VerifyElementTextKeyword.execute(VerifyElementTextKeyword.groovy:40)
	at com.kms.katalon.core.keyword.internal.KeywordExecutor.executeKeywordForPlatform(KeywordExecutor.groovy:73)
	at com.kms.katalon.core.webui.keyword.WebUiBuiltInKeywords.verifyElementText(WebUiBuiltInKeywords.groovy:4733)
	at com.kms.katalon.core.webui.keyword.WebUiBuiltInKeywords$verifyElementText$20.call(Unknown Source)
	at TablodaVeriBasariliMiArsiv.run(TablodaVeriBasariliMiArsiv:22)
	at com.kms.katalon.core.main.ScriptEngine.run(ScriptEngine.java:194)
	at com.kms.katalon.core.main.ScriptEngine.runScriptAsRawText(ScriptEngine.java:119)
	at com.kms.katalon.core.main.TestCaseExecutor.runScript(TestCaseExecutor.java:369)
	at com.kms.katalon.core.main.TestCaseExecutor.doExecute(TestCaseExecutor.java:360)
	at com.kms.katalon.core.main.TestCaseExecutor.processExecutionPhase(TestCaseExecutor.java:339)
	at com.kms.katalon.core.main.TestCaseExecutor.accessMainPhase(TestCaseExecutor.java:331)
	at com.kms.katalon.core.main.TestCaseExecutor.execute(TestCaseExecutor.java:248)
	at com.kms.katalon.core.main.TestCaseMain.runTestCase(TestCaseMain.java:138)
	at com.kms.katalon.core.keyword.builtin.CallTestCaseKeyword$_callTestCase_closure1.doCall(CallTestCaseKeyword.groovy:59)
	at com.kms.katalon.core.keyword.builtin.CallTestCaseKeyword$_callTestCase_closure1.call(CallTestCaseKeyword.groovy)
	at com.kms.katalon.core.keyword.internal.KeywordMain.runKeyword(KeywordMain.groovy:68)
	at com.kms.katalon.core.keyword.builtin.CallTestCaseKeyword.callTestCase(CallTestCaseKeyword.groovy:81)
	at com.kms.katalon.core.keyword.builtin.CallTestCaseKeyword.execute(CallTestCaseKeyword.groovy:44)
	at com.kms.katalon.core.keyword.internal.KeywordExecutor.executeKeywordForPlatform(KeywordExecutor.groovy:73)
	at com.kms.katalon.core.keyword.BuiltinKeywords.callTestCase(BuiltinKeywords.groovy:334)
	at tablo.tablo.tablodaVeriBasariliMiArsiv(tablo.groovy:95)
	at cucumber.runtime.Utils$1.call(Utils.java:26)
	at cucumber.runtime.Timeout.timeout(Timeout.java:16)
	at cucumber.runtime.Utils.invoke(Utils.java:20)
	at cucumber.runtime.java.JavaStepDefinition.execute(JavaStepDefinition.java:49)
	at cucumber.runner.PickleStepDefinitionMatch.runStep(PickleStepDefinitionMatch.java:50)
	at cucumber.runner.TestStep.executeStep(TestStep.java:63)
	at cucumber.runner.TestStep.run(TestStep.java:49)
	at cucumber.runner.PickleStepTestStep.run(PickleStepTestStep.java:43)
	at cucumber.runner.TestCase.run(TestCase.java:44)
	at cucumber.runner.Runner.runPickle(Runner.java:40)
	at cucumber.runtime.Runtime$1.run(Runtime.java:84)
	at cucumber.runtime.Runtime$SameThreadExecutorService.execute(Runtime.java:220)
	at cucumber.runtime.Runtime.run(Runtime.java:81)
	at cucumber.api.cli.Main.run(Main.java:26)
	at cucumber.api.cli.Main$run.call(Unknown Source)
	at com.kms.katalon.core.cucumber.keyword.CucumberBuiltinKeywords$_runFeatureFile_closure1.doCall(CucumberBuiltinKeywords.groovy:106)
	at com.kms.katalon.core.cucumber.keyword.CucumberBuiltinKeywords$_runFeatureFile_closure1.doCall(CucumberBuiltinKeywords.groovy)
	at com.kms.katalon.core.keyword.internal.KeywordMain.runKeyword(KeywordMain.groovy:68)
	at com.kms.katalon.core.keyword.internal.KeywordMain$runKeyword.call(Unknown Source)
	at com.kms.katalon.core.cucumber.keyword.CucumberBuiltinKeywords.runFeatureFile(CucumberBuiltinKeywords.groovy:73)
	at com.kms.katalon.core.cucumber.keyword.CucumberBuiltinKeywords$runFeatureFile$0.callStatic(Unknown Source)
	at com.kms.katalon.core.cucumber.keyword.CucumberBuiltinKeywords.runFeatureFile(CucumberBuiltinKeywords.groovy:246)
	at com.kms.katalon.core.cucumber.keyword.CucumberBuiltinKeywords$runFeatureFile.call(Unknown Source)
	at VKN-Elektronik-Tevkifat.run(VKN-Elektronik-Tevkifat:19)
	at com.kms.katalon.core.main.ScriptEngine.run(ScriptEngine.java:194)
	at com.kms.katalon.core.main.ScriptEngine.runScriptAsRawText(ScriptEngine.java:119)
	at com.kms.katalon.core.main.TestCaseExecutor.runScript(TestCaseExecutor.java:369)
	at com.kms.katalon.core.main.TestCaseExecutor.doExecute(TestCaseExecutor.java:360)
	at com.kms.katalon.core.main.TestCaseExecutor.processExecutionPhase(TestCaseExecutor.java:339)
	at com.kms.katalon.core.main.TestCaseExecutor.accessMainPhase(TestCaseExecutor.java:331)
	at com.kms.katalon.core.main.TestCaseExecutor.execute(TestCaseExecutor.java:248)
	at com.kms.katalon.core.main.TestSuiteExecutor.accessTestCaseMainPhase(TestSuiteExecutor.java:191)
	at com.kms.katalon.core.main.TestSuiteExecutor.accessTestSuiteMainPhase(TestSuiteExecutor.java:140)
	at com.kms.katalon.core.main.TestSuiteExecutor.execute(TestSuiteExecutor.java:89)
	at com.kms.katalon.core.main.TestCaseMain.startTestSuite(TestCaseMain.java:181)
	at com.kms.katalon.core.main.TestCaseMain$startTestSuite$0.call(Unknown Source)
	at TempTestSuite1637329560940.run(TempTestSuite1637329560940.groovy:39)
)

2021-11-19 17:03:23 - [TEST_STEP][PASSED] - Method.TextDegerineEsitElementVarMi(findTestObject("Object Repository/Tablo/DurumBilgisiArsiv"), "Başarılı"): Method.TextDegerineEsitElementVarMi is PASSED

2021-11-19 17:03:23 - [MESSAGE][INFO] - Finding Test Object 'Object Repository/Tablo/DurumBilgisiArsiv'

2021-11-19 17:03:23 - [MESSAGE][INFO] - Checking timeout

2021-11-19 17:03:23 - [MESSAGE][INFO] - Finding web element with id: 'Object Repository/Tablo/DurumBilgisiArsiv' located by 'By.xpath: //*[@id = 'GridViewEArchiveInvoices_tccell0_9']' in '10' second(s)

2021-11-19 17:03:23 - [MESSAGE][INFO] - Smart Wait Function is triggered

2021-11-19 17:03:23 - [MESSAGE][INFO] - Found 1 web elements with id: 'Object Repository/Tablo/DurumBilgisiArsiv' located by 'By.xpath: //*[@id = 'GridViewEArchiveInvoices_tccell0_9']' in '10' second(s)

2021-11-19 17:03:23 - [MESSAGE][PASSED] - Method.TextDegerineEsitElementVarMi is PASSED

2021-11-19 17:03:23 - [MESSAGE][PASSED] - Call Test Case 'Test Cases/Tablo/TablodaVeriBasariliMiArsiv' successfully

2021-11-19 17:03:23 - [MESSAGE][INFO] - Checking called Test Case

2021-11-19 17:03:23 - [MESSAGE][INFO] - Starting to call Test Case 'Test Cases/Kullanici_Islemleri/KullaniciIslemlerindenSecimYapilir'

2021-11-19 17:03:23 - [TEST_CASE][PASSED] - Test Cases/Kullanici_Islemleri/KullaniciIslemlerindenSecimYapilir: Test Cases/Kullanici_Islemleri/KullaniciIslemlerindenSecimYapilir

2021-11-19 17:03:23 - [TEST_STEP][PASSED] - waitForElementClickable(findTestObject("Object Repository/Kullanici_Islemleri/KullaniciIslemleri"), 10): Object 'Object Repository/Kullanici_Islemleri/KullaniciIslemleri' is clickable

2021-11-19 17:03:23 - [MESSAGE][INFO] - Finding Test Object 'Object Repository/Kullanici_Islemleri/KullaniciIslemleri'

2021-11-19 17:03:23 - [MESSAGE][INFO] - Checking object

2021-11-19 17:03:23 - [MESSAGE][INFO] - Checking timeout

2021-11-19 17:03:23 - [MESSAGE][INFO] - Finding web element from Test Object's properties

2021-11-19 17:03:23 - [MESSAGE][INFO] - Checking timeout

2021-11-19 17:03:23 - [MESSAGE][INFO] - Finding web element with id: 'Object Repository/Kullanici_Islemleri/KullaniciIslemleri' located by 'By.cssSelector: .dropdown>a>img' in '10' second(s)

2021-11-19 17:03:23 - [MESSAGE][INFO] - Smart Wait Function is triggered

2021-11-19 17:03:24 - [MESSAGE][INFO] - Found 1 web elements with id: 'Object Repository/Kullanici_Islemleri/KullaniciIslemleri' located by 'By.cssSelector: .dropdown>a>img' in '10' second(s)

2021-11-19 17:03:24 - [MESSAGE][PASSED] - Object 'Object Repository/Kullanici_Islemleri/KullaniciIslemleri' is clickable

2021-11-19 17:03:24 - [TEST_STEP][PASSED] - click(findTestObject("Object Repository/Kullanici_Islemleri/KullaniciIslemleri")): Object: 'Object Repository/Kullanici_Islemleri/KullaniciIslemleri' is clicked on

2021-11-19 17:03:24 - [MESSAGE][INFO] - Finding Test Object 'Object Repository/Kullanici_Islemleri/KullaniciIslemleri'

2021-11-19 17:03:24 - [MESSAGE][INFO] - Checking object

2021-11-19 17:03:24 - [MESSAGE][INFO] - Finding web element from Test Object's properties

2021-11-19 17:03:24 - [MESSAGE][INFO] - Checking timeout

2021-11-19 17:03:24 - [MESSAGE][INFO] - Finding web element with id: 'Object Repository/Kullanici_Islemleri/KullaniciIslemleri' located by 'By.cssSelector: .dropdown>a>img' in '30' second(s)

2021-11-19 17:03:24 - [MESSAGE][INFO] - Smart Wait Function is triggered

2021-11-19 17:03:24 - [MESSAGE][INFO] - Found 1 web elements with id: 'Object Repository/Kullanici_Islemleri/KullaniciIslemleri' located by 'By.cssSelector: .dropdown>a>img' in '30' second(s)

2021-11-19 17:03:24 - [MESSAGE][INFO] - Clicking on object: 'Object Repository/Kullanici_Islemleri/KullaniciIslemleri'

2021-11-19 17:03:24 - [MESSAGE][PASSED] - Object: 'Object Repository/Kullanici_Islemleri/KullaniciIslemleri' is clicked on

2021-11-19 17:03:24 - [TEST_STEP][PASSED] - Method.TextDegerineEsitElementeTikla(findTestObject("Object Repository/Kullanici_Islemleri/Secenekler"), Islem): Method.TextDegerineEsitElementeTikla is PASSED

2021-11-19 17:03:24 - [MESSAGE][INFO] - Finding Test Object 'Object Repository/Kullanici_Islemleri/Secenekler'

2021-11-19 17:03:24 - [MESSAGE][INFO] - Checking timeout

2021-11-19 17:03:24 - [MESSAGE][INFO] - Finding web element with id: 'Object Repository/Kullanici_Islemleri/Secenekler' located by 'By.cssSelector: .nav.navbar-nav.navbar-right li a' in '10' second(s)

2021-11-19 17:03:24 - [MESSAGE][INFO] - Smart Wait Function is triggered

2021-11-19 17:03:25 - [MESSAGE][INFO] - Found 20 web elements with id: 'Object Repository/Kullanici_Islemleri/Secenekler' located by 'By.cssSelector: .nav.navbar-nav.navbar-right li a' in '10' second(s)

2021-11-19 17:03:26 - [MESSAGE][PASSED] - Method.TextDegerineEsitElementeTikla is PASSED

2021-11-19 17:03:26 - [TEST_STEP][PASSED] - verifyElementNotPresent(findTestObject("Object Repository/Kullanici_Islemleri/Secenekler"), 10): Web element with id: 'Object Repository/Kullanici_Islemleri/Secenekler' located by 'By.cssSelector: .nav.navbar-nav.navbar-right li a' is not present after '10' second(s)

2021-11-19 17:03:26 - [MESSAGE][INFO] - Finding Test Object 'Object Repository/Kullanici_Islemleri/Secenekler'

2021-11-19 17:03:26 - [MESSAGE][INFO] - Checking object

2021-11-19 17:03:26 - [MESSAGE][INFO] - Checking timeout

2021-11-19 17:03:26 - [MESSAGE][INFO] - Finding web element with id: 'Object Repository/Kullanici_Islemleri/Secenekler' located by 'By.cssSelector: .nav.navbar-nav.navbar-right li a' in '10' second(s)

2021-11-19 17:03:26 - [MESSAGE][INFO] - Smart Wait Function is triggered

2021-11-19 17:03:27 - [MESSAGE][PASSED] - Web element with id: 'Object Repository/Kullanici_Islemleri/Secenekler' located by 'By.cssSelector: .nav.navbar-nav.navbar-right li a' is not present after '10' second(s)

2021-11-19 17:03:27 - [MESSAGE][PASSED] - Call Test Case 'Test Cases/Kullanici_Islemleri/KullaniciIslemlerindenSecimYapilir' successfully

2021-11-19 17:03:27 - [TEST_CASE][PASSED] - Start Test Case : SCENARIO Gonderim tipi Kagit ve Tevkifat tipinde e-Arsiv faturasi olusturulmasi: SCENARIO Gonderim tipi Kagit ve Tevkifat tipinde e-Arsiv faturasi olusturulmasi

2021-11-19 17:03:27 - [TEST_STEP][PASSED] - Kullanıcı adı EARTEVKIFAT ve Şifre test1234 olarak giriş yapılır: Kullanıcı adı EARTEVKIFAT ve Şifre test1234 olarak giriş yapılır

2021-11-19 17:03:27 - [MESSAGE][PASSED] - Kullanıcı adı EARTEVKIFAT ve Şifre test1234 olarak giriş yapılır

2021-11-19 17:03:27 - [TEST_STEP][PASSED] - Ana menüden e-Arşiv seçilir: Ana menüden e-Arşiv seçilir

2021-11-19 17:03:27 - [MESSAGE][PASSED] - Ana menüden e-Arşiv seçilir

2021-11-19 17:03:27 - [TEST_STEP][PASSED] - Alt menü e-Arşiv Araçları başlığı altındaki e-Arşiv Fatura Oluşturma seçilir: Alt menü e-Arşiv Araçları başlığı altındaki e-Arşiv Fatura Oluşturma seçilir

2021-11-19 17:03:27 - [MESSAGE][PASSED] - Alt menü e-Arşiv Araçları başlığı altındaki e-Arşiv Fatura Oluşturma seçilir

2021-11-19 17:03:27 - [TEST_STEP][PASSED] - Tablodaki tüm veriler silinir: Tablodaki tüm veriler silinir

2021-11-19 17:03:27 - [MESSAGE][PASSED] - Tablodaki tüm veriler silinir

2021-11-19 17:03:27 - [TEST_STEP][PASSED] - Butonlardan Ekle isimli butona tıklanır: Butonlardan Ekle isimli butona tıklanır

2021-11-19 17:03:27 - [MESSAGE][PASSED] - Butonlardan Ekle isimli butona tıklanır

2021-11-19 17:03:27 - [TEST_STEP][PASSED] - Görsel tasarım sayfasının e-Arşiv Fatura Bilgileri başlığını içerdiği kontrol edilir: Görsel tasarım sayfasının e-Arşiv Fatura Bilgileri başlığını içerdiği kontrol edilir

2021-11-19 17:03:27 - [MESSAGE][PASSED] - Görsel tasarım sayfasının e-Arşiv Fatura Bilgileri başlığını içerdiği kontrol edilir

2021-11-19 17:03:27 - [TEST_STEP][PASSED] - Alıcı adı alanına UC0008 girilir: Alıcı adı alanına UC0008 girilir

2021-11-19 17:03:27 - [MESSAGE][PASSED] - Alıcı adı alanına UC0008 girilir

2021-11-19 17:03:27 - [TEST_STEP][PASSED] - Gönderim Şekli Elektronik olarak seçilir: Gönderim Şekli Elektronik olarak seçilir

2021-11-19 17:03:27 - [MESSAGE][PASSED] - Gönderim Şekli Elektronik olarak seçilir

2021-11-19 17:03:27 - [TEST_STEP][PASSED] - Tip alanından Tevkifat seçilir: Tip alanından Tevkifat seçilir

2021-11-19 17:03:27 - [MESSAGE][PASSED] - Tip alanından Tevkifat seçilir

2021-11-19 17:03:27 - [TEST_STEP][PASSED] - Döküman Para Birimi alanından Türk Lirası seçilir: Döküman Para Birimi alanından Türk Lirası seçilir

2021-11-19 17:03:27 - [MESSAGE][PASSED] - Döküman Para Birimi alanından Türk Lirası seçilir

2021-11-19 17:03:27 - [TEST_STEP][PASSED] - Ön Ek EAR olarak seçilir: Ön Ek EAR olarak seçilir

2021-11-19 17:03:27 - [MESSAGE][PASSED] - Ön Ek EAR olarak seçilir

2021-11-19 17:03:27 - [TEST_STEP][PASSED] - Tasarım alanından Otomasyon seçilir: Tasarım alanından Otomasyon seçilir

2021-11-19 17:03:27 - [MESSAGE][PASSED] - Tasarım alanından Otomasyon seçilir

2021-11-19 17:03:27 - [TEST_STEP][PASSED] - Sipariş bilgileri UUC-SAT-1200001 ve 31.04.2020 olarak girilir: Sipariş bilgileri UUC-SAT-1200001 ve 31.04.2020 olarak girilir

2021-11-19 17:03:27 - [MESSAGE][PASSED] - Sipariş bilgileri UUC-SAT-1200001 ve 31.04.2020 olarak girilir

2021-11-19 17:03:27 - [TEST_STEP][PASSED] - İrsaliye Bilgileri AAAAAAAAAA,31.04.2020 olarak girilir: İrsaliye Bilgileri AAAAAAAAAA,31.04.2020 olarak girilir

2021-11-19 17:03:27 - [MESSAGE][PASSED] - İrsaliye Bilgileri AAAAAAAAAA,31.04.2020 olarak girilir

2021-11-19 17:03:27 - [TEST_STEP][PASSED] - Ekle butonuna basılır: Ekle butonuna basılır

2021-11-19 17:03:27 - [MESSAGE][PASSED] - Ekle butonuna basılır

2021-11-19 17:03:27 - [TEST_STEP][PASSED] - Ürün ekleme alanında Mal/Hizmet başlığına Otomasyon girilir: Ürün ekleme alanında Mal/Hizmet başlığına Otomasyon girilir

2021-11-19 17:03:27 - [MESSAGE][PASSED] - Ürün ekleme alanında Mal/Hizmet başlığına Otomasyon girilir

2021-11-19 17:03:27 - [TEST_STEP][PASSED] - Ürün ekleme alanında Açıklaması başlığına Virgosol girilir: Ürün ekleme alanında Açıklaması başlığına Virgosol girilir

2021-11-19 17:03:27 - [MESSAGE][PASSED] - Ürün ekleme alanında Açıklaması başlığına Virgosol girilir

2021-11-19 17:03:27 - [TEST_STEP][PASSED] - Ürün ekleme alanında Miktarı başlığına 400 girilir: Ürün ekleme alanında Miktarı başlığına 400 girilir

2021-11-19 17:03:27 - [MESSAGE][PASSED] - Ürün ekleme alanında Miktarı başlığına 400 girilir

2021-11-19 17:03:27 - [TEST_STEP][PASSED] - Ürün ekleme alanında Birim Fiyat başlığına 100 girilir: Ürün ekleme alanında Birim Fiyat başlığına 100 girilir

2021-11-19 17:03:27 - [MESSAGE][PASSED] - Ürün ekleme alanında Birim Fiyat başlığına 100 girilir

2021-11-19 17:03:27 - [TEST_STEP][PASSED] - Ürün ekleme alanında İskonto Oranı % başlığına 10 girilir: Ürün ekleme alanında İskonto Oranı % başlığına 10 girilir

2021-11-19 17:03:27 - [MESSAGE][PASSED] - Ürün ekleme alanında İskonto Oranı % başlığına 10 girilir

2021-11-19 17:03:27 - [TEST_STEP][PASSED] - Ürün ekleme alanında KDV TEVKİFAT Kodu başlığına 604 - YEMEK SERVİS HİZMETİ girilir: Ürün ekleme alanında KDV TEVKİFAT Kodu başlığına 604 - YEMEK SERVİS HİZMETİ girilir

2021-11-19 17:03:27 - [MESSAGE][PASSED] - Ürün ekleme alanında KDV TEVKİFAT Kodu başlığına 604 - YEMEK SERVİS HİZMETİ girilir

2021-11-19 17:03:27 - [TEST_STEP][PASSED] - Notlar alanına Otomasyon Not girilir: Notlar alanına Otomasyon Not girilir

2021-11-19 17:03:27 - [MESSAGE][PASSED] - Notlar alanına Otomasyon Not girilir

2021-11-19 17:03:27 - [TEST_STEP][PASSED] - Ettn bilgisi kayıt edilir: Ettn bilgisi kayıt edilir

2021-11-19 17:03:27 - [MESSAGE][PASSED] - Ettn bilgisi kayıt edilir

2021-11-19 17:03:27 - [TEST_STEP][PASSED] - Kaydet butonu seçilir: Kaydet butonu seçilir

2021-11-19 17:03:27 - [MESSAGE][PASSED] - Kaydet butonu seçilir

2021-11-19 17:03:27 - [TEST_STEP][PASSED] - Tabloda Ettn bilgisi kaydedilen veri oluşturuldu mu: Tabloda Ettn bilgisi kaydedilen veri oluşturuldu mu

2021-11-19 17:03:27 - [MESSAGE][PASSED] - Tabloda Ettn bilgisi kaydedilen veri oluşturuldu mu

2021-11-19 17:03:27 - [TEST_STEP][PASSED] - Tablodan Ettn bilgisi kaydedilen veri seçilir: Tablodan Ettn bilgisi kaydedilen veri seçilir

2021-11-19 17:03:27 - [MESSAGE][PASSED] - Tablodan Ettn bilgisi kaydedilen veri seçilir

2021-11-19 17:03:27 - [TEST_STEP][PASSED] - Butonlardan Numara Oluştur isimli butona tıklanır: Butonlardan Numara Oluştur isimli butona tıklanır

2021-11-19 17:03:27 - [MESSAGE][PASSED] - Butonlardan Numara Oluştur isimli butona tıklanır

2021-11-19 17:03:27 - [TEST_STEP][PASSED] - Popup mesajı Devam etmek istiyor musunuz içeriyor mu: Popup mesajı Devam etmek istiyor musunuz içeriyor mu

2021-11-19 17:03:27 - [MESSAGE][PASSED] - Popup mesajı Devam etmek istiyor musunuz içeriyor mu

2021-11-19 17:03:27 - [TEST_STEP][PASSED] - Yönetim popupında Evet seçilir: Yönetim popupında Evet seçilir

2021-11-19 17:03:27 - [MESSAGE][PASSED] - Yönetim popupında Evet seçilir

2021-11-19 17:03:27 - [TEST_STEP][PASSED] - Popup mesajı oluşmuştur içeriyor mu: Popup mesajı oluşmuştur içeriyor mu

2021-11-19 17:03:27 - [MESSAGE][PASSED] - Popup mesajı oluşmuştur içeriyor mu

2021-11-19 17:03:27 - [TEST_STEP][PASSED] - Yönetim popupında Tamam seçilir: Yönetim popupında Tamam seçilir

2021-11-19 17:03:27 - [MESSAGE][PASSED] - Yönetim popupında Tamam seçilir

2021-11-19 17:03:27 - [TEST_STEP][PASSED] - Tablodan Ettn bilgisi kaydedilen veri seçilir: Tablodan Ettn bilgisi kaydedilen veri seçilir

2021-11-19 17:03:27 - [MESSAGE][PASSED] - Tablodan Ettn bilgisi kaydedilen veri seçilir

2021-11-19 17:03:27 - [TEST_STEP][PASSED] - Butonlardan Gönder isimli butona tıklanır: Butonlardan Gönder isimli butona tıklanır

2021-11-19 17:03:27 - [MESSAGE][PASSED] - Butonlardan Gönder isimli butona tıklanır

2021-11-19 17:03:27 - [TEST_STEP][PASSED] - Popup mesajı Devam etmek istiyor musunuz içeriyor mu: Popup mesajı Devam etmek istiyor musunuz içeriyor mu

2021-11-19 17:03:27 - [MESSAGE][PASSED] - Popup mesajı Devam etmek istiyor musunuz içeriyor mu

2021-11-19 17:03:27 - [TEST_STEP][PASSED] - Yönetim popupında Evet seçilir: Yönetim popupında Evet seçilir

2021-11-19 17:03:27 - [MESSAGE][PASSED] - Yönetim popupında Evet seçilir

2021-11-19 17:03:27 - [TEST_STEP][PASSED] - Ana menüden e-Arşiv seçilir: Ana menüden e-Arşiv seçilir

2021-11-19 17:03:27 - [MESSAGE][PASSED] - Ana menüden e-Arşiv seçilir

2021-11-19 17:03:27 - [TEST_STEP][PASSED] - Alt menü e-Arşiv Hareketleri başlığı altındaki e-Arşiv Faturaları seçilir: Alt menü e-Arşiv Hareketleri başlığı altındaki e-Arşiv Faturaları seçilir

2021-11-19 17:03:27 - [MESSAGE][PASSED] - Alt menü e-Arşiv Hareketleri başlığı altındaki e-Arşiv Faturaları seçilir

2021-11-19 17:03:27 - [TEST_STEP][PASSED] - Filtrelerden Ettn filtresine Ettn bilgisi yaz: Filtrelerden Ettn filtresine Ettn bilgisi yaz

2021-11-19 17:03:27 - [MESSAGE][PASSED] - Filtrelerden Ettn filtresine Ettn bilgisi yaz

2021-11-19 17:03:27 - [TEST_STEP][PASSED] - Filtre butonlarından Listele seçilir: Filtre butonlarından Listele seçilir

2021-11-19 17:03:27 - [MESSAGE][PASSED] - Filtre butonlarından Listele seçilir

2021-11-19 17:03:27 - [TEST_STEP][PASSED] - Tabloda veri var mı kontrol edilir: Tabloda veri var mı kontrol edilir

2021-11-19 17:03:27 - [MESSAGE][PASSED] - Tabloda veri var mı kontrol edilir

2021-11-19 17:03:27 - [TEST_STEP][PASSED] - Tabloda yeni oluşturulan eArsiv verisi başarılı mı: Tabloda yeni oluşturulan eArsiv verisi başarılı mı

2021-11-19 17:03:27 - [MESSAGE][PASSED] - Tabloda yeni oluşturulan eArsiv verisi başarılı mı

2021-11-19 17:03:27 - [TEST_STEP][PASSED] - Kullanıcı işlemlerinden Çıkış seçilir: Kullanıcı işlemlerinden Çıkış seçilir

2021-11-19 17:03:27 - [MESSAGE][PASSED] - Kullanıcı işlemlerinden Çıkış seçilir

2021-11-19 17:03:27 - [MESSAGE][PASSED] - Feature file: 'Include/features/Regresyon/e-Arsiv/VKN-Elektronik-Tevkifat.feature' was passed

2021-11-19 17:03:27 - [TEST_STEP][PASSED] - Start listener action : sampleAfterTestSuite: Invoke 'com.kms.katalon.core.annotation.AfterTestCase' method: 'Listener.sampleAfterTestSuite(...)' completed.

2021-11-19 17:03:27 - [MESSAGE][INFO] - Starting invoke 'com.kms.katalon.core.annotation.AfterTestCase' method: 'Listener.sampleAfterTestSuite(...)'

2021-11-19 17:03:27 - [TEST_STEP][PASSED] - closeBrowser(): Invoke 'com.kms.katalon.core.annotation.AfterTestCase' method: 'Listener.sampleAfterTestSuite(...)' completed.

2021-11-19 17:03:27 - [MESSAGE][INFO] - Closing browser

2021-11-19 17:03:28 - [MESSAGE][PASSED] - Browser is closed

2021-11-19 17:03:28 - [MESSAGE][INFO] - Invoke 'com.kms.katalon.core.annotation.AfterTestCase' method: 'Listener.sampleAfterTestSuite(...)' completed.]]></system-out>
         <system-err><![CDATA[]]></system-err>
      </testcase>
      <testcase name="Test Cases/Case Repository/Regresyon/e-Arsiv/VKN-Internet" time="119.565" classname="Test Cases/Case Repository/Regresyon/e-Arsiv/VKN-Internet" status="PASSED">
         <system-out><![CDATA[2021-11-19 17:03:28 - [TEST_CASE][PASSED] - Test Cases/Case Repository/Regresyon/e-Arsiv/VKN-Internet: Test Cases/Case Repository/Regresyon/e-Arsiv/VKN-Internet

2021-11-19 17:03:28 - [TEST_STEP][PASSED] - Start listener action : sampleBeforeTestSuite: Invoke 'com.kms.katalon.core.annotation.BeforeTestCase' method: 'Listener.sampleBeforeTestSuite(...)' completed.

2021-11-19 17:03:28 - [MESSAGE][INFO] - Starting invoke 'com.kms.katalon.core.annotation.BeforeTestCase' method: 'Listener.sampleBeforeTestSuite(...)'

2021-11-19 17:03:28 - [TEST_STEP][PASSED] - openBrowser(baseUrl): Browser is opened with url: 'https://efatura-stage.elogo.com.tr/'

2021-11-19 17:03:28 - [MESSAGE][INFO] - Opening browser

2021-11-19 17:03:28 - [MESSAGE][INFO] - Starting 'Chrome' driver

2021-11-19 17:03:28 - [MESSAGE][INFO] - User set preference: ['prefs', '{download.default_directory=C:\otomasyondownfiles}']

2021-11-19 17:03:28 - [MESSAGE][INFO] - Action delay is set to 0 milliseconds

2021-11-19 17:03:29 - [MESSAGE][INFO] - Navigating browser to: 'https://efatura-stage.elogo.com.tr/'

2021-11-19 17:03:33 - [MESSAGE][PASSED] - Browser is opened with url: 'https://efatura-stage.elogo.com.tr/'

2021-11-19 17:03:33 - [TEST_STEP][PASSED] - maximizeWindow(): Invoke 'com.kms.katalon.core.annotation.BeforeTestCase' method: 'Listener.sampleBeforeTestSuite(...)' completed.

2021-11-19 17:03:33 - [MESSAGE][INFO] - Maximizing current window

2021-11-19 17:03:33 - [MESSAGE][PASSED] - Current window maximized

2021-11-19 17:03:33 - [MESSAGE][INFO] - Invoke 'com.kms.katalon.core.annotation.BeforeTestCase' method: 'Listener.sampleBeforeTestSuite(...)' completed.

2021-11-19 17:03:33 - [TEST_STEP][PASSED] - runFeatureFile("Include/features/Regresyon/e-Arsiv/VKN-Internet.feature"): Feature file: 'Include/features/Regresyon/e-Arsiv/VKN-Internet.feature' was passed

2021-11-19 17:03:33 - [MESSAGE][INFO] - Starting run keyword runFeatureFile: 'Include/features/Regresyon/e-Arsiv/VKN-Internet.feature' and extract report to folder: 'C:\Users\DELL\Documents\GitHub\EES_KatalonLogo\Reports\20211119_164526\Suite Repository\Regresyon-eArsiv-eMakbuz\20211119_164600/cucumber_report/1637330613682'...

2021-11-19 17:03:33 - [MESSAGE][INFO] - Glue: []

2021-11-19 17:03:35 - [MESSAGE][INFO] - Checking called Test Case

2021-11-19 17:03:35 - [MESSAGE][INFO] - Starting to call Test Case 'Test Cases/Sayfalar/Giris_Sayfasi/Login'

2021-11-19 17:03:35 - [TEST_CASE][PASSED] - Test Cases/Sayfalar/Giris_Sayfasi/Login: Test Cases/Sayfalar/Giris_Sayfasi/Login

2021-11-19 17:03:35 - [TEST_STEP][PASSED] - Sayfa_Basligi = getWindowTitle(): Current window's title is: 'LOGO e-Fatura'

2021-11-19 17:03:35 - [MESSAGE][INFO] - Getting current window's title

2021-11-19 17:03:35 - [MESSAGE][PASSED] - Current window's title is: 'LOGO e-Fatura'

2021-11-19 17:03:35 - [TEST_STEP][PASSED] - verifyMatch(Sayfa_Basligi, "LOGO e-Fatura", false): Actual text 'LOGO e-Fatura' and expected text 'LOGO e-Fatura' are matched 

2021-11-19 17:03:35 - [MESSAGE][INFO] - Matching actual text 'LOGO e-Fatura' with expected text 'LOGO e-Fatura'

2021-11-19 17:03:35 - [MESSAGE][PASSED] - Actual text 'LOGO e-Fatura' and expected text 'LOGO e-Fatura' are matched 

2021-11-19 17:03:35 - [TEST_STEP][PASSED] - sendKeys(findTestObject("Sayfalar/Giris_Sayfasi/Firma_Kodu"), KullaniciAdi): Keys 'ELOGO6' sent to object: 'Object Repository/Sayfalar/Giris_Sayfasi/Firma_Kodu'

2021-11-19 17:03:35 - [MESSAGE][INFO] - Finding Test Object 'Object Repository/Sayfalar/Giris_Sayfasi/Firma_Kodu'

2021-11-19 17:03:35 - [MESSAGE][INFO] - Sending keys 'ELOGO6' to object: 'Object Repository/Sayfalar/Giris_Sayfasi/Firma_Kodu'

2021-11-19 17:03:35 - [MESSAGE][INFO] - Finding web element from Test Object's properties

2021-11-19 17:03:35 - [MESSAGE][INFO] - Checking timeout

2021-11-19 17:03:35 - [MESSAGE][INFO] - Finding web element with id: 'Object Repository/Sayfalar/Giris_Sayfasi/Firma_Kodu' located by 'By.xpath: //*[@id = 'AccountName']' in '30' second(s)

2021-11-19 17:03:35 - [MESSAGE][INFO] - Smart Wait Function is triggered

2021-11-19 17:03:35 - [MESSAGE][INFO] - Found 1 web elements with id: 'Object Repository/Sayfalar/Giris_Sayfasi/Firma_Kodu' located by 'By.xpath: //*[@id = 'AccountName']' in '30' second(s)

2021-11-19 17:03:36 - [MESSAGE][PASSED] - Keys 'ELOGO6' sent to object: 'Object Repository/Sayfalar/Giris_Sayfasi/Firma_Kodu'

2021-11-19 17:03:36 - [TEST_STEP][PASSED] - sendKeys(findTestObject("Sayfalar/Giris_Sayfasi/Sifre"), Sifre): Keys '123456' sent to object: 'Object Repository/Sayfalar/Giris_Sayfasi/Sifre'

2021-11-19 17:03:36 - [MESSAGE][INFO] - Finding Test Object 'Object Repository/Sayfalar/Giris_Sayfasi/Sifre'

2021-11-19 17:03:36 - [MESSAGE][INFO] - Sending keys '123456' to object: 'Object Repository/Sayfalar/Giris_Sayfasi/Sifre'

2021-11-19 17:03:36 - [MESSAGE][INFO] - Finding web element from Test Object's properties

2021-11-19 17:03:36 - [MESSAGE][INFO] - Checking timeout

2021-11-19 17:03:36 - [MESSAGE][INFO] - Finding web element with id: 'Object Repository/Sayfalar/Giris_Sayfasi/Sifre' located by 'By.xpath: //*[@id = 'Password']' in '30' second(s)

2021-11-19 17:03:36 - [MESSAGE][INFO] - Smart Wait Function is triggered

2021-11-19 17:03:36 - [MESSAGE][INFO] - Found 1 web elements with id: 'Object Repository/Sayfalar/Giris_Sayfasi/Sifre' located by 'By.xpath: //*[@id = 'Password']' in '30' second(s)

2021-11-19 17:03:36 - [MESSAGE][PASSED] - Keys '123456' sent to object: 'Object Repository/Sayfalar/Giris_Sayfasi/Sifre'

2021-11-19 17:03:36 - [TEST_STEP][PASSED] - findWebElement(findTestObject("Sayfalar/Giris_Sayfasi/Giris_Butonu")).click(): Found 1 web elements with id: 'Object Repository/Sayfalar/Giris_Sayfasi/Giris_Butonu' located by 'By.cssSelector: #btnLogin' in '30' second(s)

2021-11-19 17:03:36 - [MESSAGE][INFO] - Finding Test Object 'Object Repository/Sayfalar/Giris_Sayfasi/Giris_Butonu'

2021-11-19 17:03:36 - [MESSAGE][INFO] - Finding web element from Test Object's properties

2021-11-19 17:03:36 - [MESSAGE][INFO] - Checking timeout

2021-11-19 17:03:36 - [MESSAGE][INFO] - Finding web element with id: 'Object Repository/Sayfalar/Giris_Sayfasi/Giris_Butonu' located by 'By.cssSelector: #btnLogin' in '30' second(s)

2021-11-19 17:03:36 - [MESSAGE][INFO] - Smart Wait Function is triggered

2021-11-19 17:03:36 - [MESSAGE][INFO] - Found 1 web elements with id: 'Object Repository/Sayfalar/Giris_Sayfasi/Giris_Butonu' located by 'By.cssSelector: #btnLogin' in '30' second(s)

2021-11-19 17:03:39 - [TEST_STEP][PASSED] - if (verifyElementPresent(findTestObject("Object Repository/Sayfalar/Giris_Sayfasi/RetveTamam_Butonu"), 5, OPTIONAL)): null

2021-11-19 17:03:39 - [MESSAGE][INFO] - Finding Test Object 'Object Repository/Sayfalar/Giris_Sayfasi/RetveTamam_Butonu'

2021-11-19 17:03:39 - [MESSAGE][INFO] - Checking object

2021-11-19 17:03:39 - [MESSAGE][INFO] - Finding web element from Test Object's properties

2021-11-19 17:03:39 - [MESSAGE][INFO] - Checking timeout

2021-11-19 17:03:39 - [MESSAGE][INFO] - Finding web element with id: 'Object Repository/Sayfalar/Giris_Sayfasi/RetveTamam_Butonu' located by 'By.xpath: //*[@class = 'btn btn-default']' in '5' second(s)

2021-11-19 17:03:39 - [MESSAGE][INFO] - Smart Wait Function is triggered

2021-11-19 17:03:39 - [MESSAGE][INFO] - Found 1 web elements with id: 'Object Repository/Sayfalar/Giris_Sayfasi/RetveTamam_Butonu' located by 'By.xpath: //*[@class = 'btn btn-default']' in '5' second(s)

2021-11-19 17:03:39 - [MESSAGE][PASSED] - Object 'Object Repository/Sayfalar/Giris_Sayfasi/RetveTamam_Butonu' is present

2021-11-19 17:03:39 - [TEST_STEP][PASSED] - click(findTestObject("Object Repository/Sayfalar/Giris_Sayfasi/RetveTamam_Butonu")): Object: 'Object Repository/Sayfalar/Giris_Sayfasi/RetveTamam_Butonu' is clicked on

2021-11-19 17:03:39 - [MESSAGE][INFO] - Finding Test Object 'Object Repository/Sayfalar/Giris_Sayfasi/RetveTamam_Butonu'

2021-11-19 17:03:39 - [MESSAGE][INFO] - Checking object

2021-11-19 17:03:39 - [MESSAGE][INFO] - Finding web element from Test Object's properties

2021-11-19 17:03:39 - [MESSAGE][INFO] - Checking timeout

2021-11-19 17:03:39 - [MESSAGE][INFO] - Finding web element with id: 'Object Repository/Sayfalar/Giris_Sayfasi/RetveTamam_Butonu' located by 'By.xpath: //*[@class = 'btn btn-default']' in '30' second(s)

2021-11-19 17:03:39 - [MESSAGE][INFO] - Smart Wait Function is triggered

2021-11-19 17:03:40 - [MESSAGE][INFO] - Found 1 web elements with id: 'Object Repository/Sayfalar/Giris_Sayfasi/RetveTamam_Butonu' located by 'By.xpath: //*[@class = 'btn btn-default']' in '30' second(s)

2021-11-19 17:03:40 - [MESSAGE][INFO] - Clicking on object: 'Object Repository/Sayfalar/Giris_Sayfasi/RetveTamam_Butonu'

2021-11-19 17:03:40 - [MESSAGE][PASSED] - Object: 'Object Repository/Sayfalar/Giris_Sayfasi/RetveTamam_Butonu' is clicked on

2021-11-19 17:03:40 - [TEST_STEP][PASSED] - click(findTestObject("Object Repository/Sayfalar/Giris_Sayfasi/RetveTamam_Butonu")): Object: 'Object Repository/Sayfalar/Giris_Sayfasi/RetveTamam_Butonu' is clicked on

2021-11-19 17:03:40 - [MESSAGE][INFO] - Finding Test Object 'Object Repository/Sayfalar/Giris_Sayfasi/RetveTamam_Butonu'

2021-11-19 17:03:40 - [MESSAGE][INFO] - Checking object

2021-11-19 17:03:40 - [MESSAGE][INFO] - Finding web element from Test Object's properties

2021-11-19 17:03:40 - [MESSAGE][INFO] - Checking timeout

2021-11-19 17:03:40 - [MESSAGE][INFO] - Finding web element with id: 'Object Repository/Sayfalar/Giris_Sayfasi/RetveTamam_Butonu' located by 'By.xpath: //*[@class = 'btn btn-default']' in '30' second(s)

2021-11-19 17:03:40 - [MESSAGE][INFO] - Smart Wait Function is triggered

2021-11-19 17:03:43 - [MESSAGE][INFO] - Found 1 web elements with id: 'Object Repository/Sayfalar/Giris_Sayfasi/RetveTamam_Butonu' located by 'By.xpath: //*[@class = 'btn btn-default']' in '30' second(s)

2021-11-19 17:03:43 - [MESSAGE][INFO] - Clicking on object: 'Object Repository/Sayfalar/Giris_Sayfasi/RetveTamam_Butonu'

2021-11-19 17:03:43 - [MESSAGE][PASSED] - Object: 'Object Repository/Sayfalar/Giris_Sayfasi/RetveTamam_Butonu' is clicked on

2021-11-19 17:03:43 - [TEST_STEP][PASSED] - if (verifyElementPresent(findTestObject("Sayfalar/Giris_Sayfasi/PopupOK"), 5, OPTIONAL)): null

2021-11-19 17:03:43 - [MESSAGE][INFO] - Finding Test Object 'Object Repository/Sayfalar/Giris_Sayfasi/PopupOK'

2021-11-19 17:03:43 - [MESSAGE][INFO] - Checking object

2021-11-19 17:03:43 - [MESSAGE][INFO] - Finding web element from Test Object's properties

2021-11-19 17:03:43 - [MESSAGE][INFO] - Checking timeout

2021-11-19 17:03:43 - [MESSAGE][INFO] - Finding web element with id: 'Object Repository/Sayfalar/Giris_Sayfasi/PopupOK' located by 'By.cssSelector: .btn.btn-success' in '5' second(s)

2021-11-19 17:03:43 - [MESSAGE][INFO] - Smart Wait Function is triggered

2021-11-19 17:03:44 - [MESSAGE][INFO] - Found 1 web elements with id: 'Object Repository/Sayfalar/Giris_Sayfasi/PopupOK' located by 'By.cssSelector: .btn.btn-success' in '5' second(s)

2021-11-19 17:03:44 - [MESSAGE][PASSED] - Object 'Object Repository/Sayfalar/Giris_Sayfasi/PopupOK' is present

2021-11-19 17:03:44 - [TEST_STEP][PASSED] - click(findTestObject("Object Repository/Sayfalar/Giris_Sayfasi/PopupCarpiGiris")): Object: 'Object Repository/Sayfalar/Giris_Sayfasi/PopupCarpiGiris' is clicked on

2021-11-19 17:03:44 - [MESSAGE][INFO] - Finding Test Object 'Object Repository/Sayfalar/Giris_Sayfasi/PopupCarpiGiris'

2021-11-19 17:03:44 - [MESSAGE][INFO] - Checking object

2021-11-19 17:03:44 - [MESSAGE][INFO] - Finding web element from Test Object's properties

2021-11-19 17:03:44 - [MESSAGE][INFO] - Checking timeout

2021-11-19 17:03:44 - [MESSAGE][INFO] - Finding web element with id: 'Object Repository/Sayfalar/Giris_Sayfasi/PopupCarpiGiris' located by 'By.cssSelector: .bootbox-close-button.close' in '30' second(s)

2021-11-19 17:03:44 - [MESSAGE][INFO] - Smart Wait Function is triggered

2021-11-19 17:03:44 - [MESSAGE][INFO] - Found 1 web elements with id: 'Object Repository/Sayfalar/Giris_Sayfasi/PopupCarpiGiris' located by 'By.cssSelector: .bootbox-close-button.close' in '30' second(s)

2021-11-19 17:03:44 - [MESSAGE][INFO] - Clicking on object: 'Object Repository/Sayfalar/Giris_Sayfasi/PopupCarpiGiris'

2021-11-19 17:03:44 - [MESSAGE][PASSED] - Object: 'Object Repository/Sayfalar/Giris_Sayfasi/PopupCarpiGiris' is clicked on

2021-11-19 17:03:44 - [TEST_STEP][PASSED] - verifyElementVisible(findTestObject("Object Repository/Kullanici_Islemleri/KullaniciIslemleri")): Object 'Object Repository/Kullanici_Islemleri/KullaniciIslemleri' is visible

2021-11-19 17:03:44 - [MESSAGE][INFO] - Finding Test Object 'Object Repository/Kullanici_Islemleri/KullaniciIslemleri'

2021-11-19 17:03:45 - [MESSAGE][INFO] - Checking object

2021-11-19 17:03:45 - [MESSAGE][INFO] - Finding web element from Test Object's properties

2021-11-19 17:03:45 - [MESSAGE][INFO] - Checking timeout

2021-11-19 17:03:45 - [MESSAGE][INFO] - Finding web element with id: 'Object Repository/Kullanici_Islemleri/KullaniciIslemleri' located by 'By.cssSelector: .dropdown>a>img' in '30' second(s)

2021-11-19 17:03:45 - [MESSAGE][INFO] - Smart Wait Function is triggered

2021-11-19 17:03:45 - [MESSAGE][INFO] - Found 1 web elements with id: 'Object Repository/Kullanici_Islemleri/KullaniciIslemleri' located by 'By.cssSelector: .dropdown>a>img' in '30' second(s)

2021-11-19 17:03:45 - [MESSAGE][PASSED] - Object 'Object Repository/Kullanici_Islemleri/KullaniciIslemleri' is visible

2021-11-19 17:03:45 - [MESSAGE][PASSED] - Call Test Case 'Test Cases/Sayfalar/Giris_Sayfasi/Login' successfully

2021-11-19 17:03:45 - [MESSAGE][INFO] - Checking called Test Case

2021-11-19 17:03:45 - [MESSAGE][INFO] - Starting to call Test Case 'Test Cases/Menu/AnaMenuSecimi'

2021-11-19 17:03:45 - [TEST_CASE][PASSED] - Test Cases/Menu/AnaMenuSecimi: Test Cases/Menu/AnaMenuSecimi

2021-11-19 17:03:45 - [TEST_STEP][PASSED] - Method.TextDegerineEsitElementeTikla(findTestObject("Menu/Ana_Menu"), Ana_Menu): Method.TextDegerineEsitElementeTikla is PASSED

2021-11-19 17:03:45 - [MESSAGE][INFO] - Finding Test Object 'Object Repository/Menu/Ana_Menu'

2021-11-19 17:03:45 - [MESSAGE][INFO] - Checking timeout

2021-11-19 17:03:45 - [MESSAGE][INFO] - Finding web element with id: 'Object Repository/Menu/Ana_Menu' located by 'By.xpath: //*[@class = 'dropdown-toggle']' in '10' second(s)

2021-11-19 17:03:45 - [MESSAGE][INFO] - Smart Wait Function is triggered

2021-11-19 17:03:46 - [MESSAGE][INFO] - Found 14 web elements with id: 'Object Repository/Menu/Ana_Menu' located by 'By.xpath: //*[@class = 'dropdown-toggle']' in '10' second(s)

2021-11-19 17:03:46 - [MESSAGE][PASSED] - Method.TextDegerineEsitElementeTikla is PASSED

2021-11-19 17:03:46 - [MESSAGE][PASSED] - Call Test Case 'Test Cases/Menu/AnaMenuSecimi' successfully

2021-11-19 17:03:46 - [MESSAGE][INFO] - Checking called Test Case

2021-11-19 17:03:46 - [MESSAGE][INFO] - Starting to call Test Case 'Test Cases/Menu/BasligaGoreAltMenuSecimi'

2021-11-19 17:03:46 - [TEST_CASE][PASSED] - Test Cases/Menu/BasligaGoreAltMenuSecimi: Test Cases/Menu/BasligaGoreAltMenuSecimi

2021-11-19 17:03:46 - [TEST_STEP][PASSED] - Method.TextDegerineEsitElementinAltindakiTextDegerineEsitOlanaTikla(findTestObject("Menu/Menu_Basligi"), findTestObject("Menu/Basliga_Gore_Alt_Menu"), Baslik, Alt_Menu): Method.TextDegerineEsitElementinAltindakiTextDegerineEsitOlanaTikla is PASSED

2021-11-19 17:03:46 - [MESSAGE][INFO] - Finding Test Object 'Object Repository/Menu/Menu_Basligi'

2021-11-19 17:03:46 - [MESSAGE][INFO] - Finding Test Object 'Object Repository/Menu/Basliga_Gore_Alt_Menu'

2021-11-19 17:03:46 - [MESSAGE][INFO] - Checking timeout

2021-11-19 17:03:46 - [MESSAGE][INFO] - Finding web element with id: 'Object Repository/Menu/Menu_Basligi' located by 'By.xpath: //li[@class='dropdown dropdown-large open']//li[@class='dropdown-header']' in '10' second(s)

2021-11-19 17:03:46 - [MESSAGE][INFO] - Smart Wait Function is triggered

2021-11-19 17:03:47 - [MESSAGE][INFO] - Found 2 web elements with id: 'Object Repository/Menu/Menu_Basligi' located by 'By.xpath: //li[@class='dropdown dropdown-large open']//li[@class='dropdown-header']' in '10' second(s)

2021-11-19 17:03:47 - [MESSAGE][INFO] - Smart Wait Function is triggered

2021-11-19 17:03:49 - [MESSAGE][PASSED] - Method.TextDegerineEsitElementinAltindakiTextDegerineEsitOlanaTikla is PASSED

2021-11-19 17:03:49 - [MESSAGE][PASSED] - Call Test Case 'Test Cases/Menu/BasligaGoreAltMenuSecimi' successfully

2021-11-19 17:03:49 - [MESSAGE][INFO] - Checking called Test Case

2021-11-19 17:03:49 - [MESSAGE][INFO] - Starting to call Test Case 'Test Cases/Tablo/Olusturma Tarihi'

2021-11-19 17:03:49 - [TEST_CASE][PASSED] - Test Cases/Tablo/Olusturma Tarihi: Test Cases/Tablo/Olusturma Tarihi

2021-11-19 17:03:49 - [TEST_STEP][PASSED] - if (verifyTextNotPresent("Görüntülenecek veri yok", true, OPTIONAL)): null

2021-11-19 17:03:49 - [MESSAGE][INFO] - Checking text present  using regular expression

2021-11-19 17:03:49 - [MESSAGE][INFO] - Smart Wait Function is triggered

2021-11-19 17:03:50 - [MESSAGE][INFO] - Finding text 'Görüntülenecek veri yok' on page  using regular expression

2021-11-19 17:03:50 - [MESSAGE][PASSED] - Text 'Görüntülenecek veri yok' is not present on page using regular expression

2021-11-19 17:03:50 - [TEST_STEP][PASSED] - click(findTestObject("Temizle/Olusturma_Tarihi_CheckBox")): Object: 'Object Repository/Temizle/Olusturma_Tarihi_CheckBox' is clicked on

2021-11-19 17:03:50 - [MESSAGE][INFO] - Finding Test Object 'Object Repository/Temizle/Olusturma_Tarihi_CheckBox'

2021-11-19 17:03:50 - [MESSAGE][INFO] - Checking object

2021-11-19 17:03:50 - [MESSAGE][INFO] - Finding web element from Test Object's properties

2021-11-19 17:03:50 - [MESSAGE][INFO] - Checking timeout

2021-11-19 17:03:50 - [MESSAGE][INFO] - Finding web element with id: 'Object Repository/Temizle/Olusturma_Tarihi_CheckBox' located by 'By.xpath: //*[@title = 'Bu sayfadaki tüm satırları Seç']' in '30' second(s)

2021-11-19 17:03:50 - [MESSAGE][INFO] - Smart Wait Function is triggered

2021-11-19 17:03:50 - [MESSAGE][INFO] - Found 1 web elements with id: 'Object Repository/Temizle/Olusturma_Tarihi_CheckBox' located by 'By.xpath: //*[@title = 'Bu sayfadaki tüm satırları Seç']' in '30' second(s)

2021-11-19 17:03:50 - [MESSAGE][INFO] - Clicking on object: 'Object Repository/Temizle/Olusturma_Tarihi_CheckBox'

2021-11-19 17:03:51 - [MESSAGE][PASSED] - Object: 'Object Repository/Temizle/Olusturma_Tarihi_CheckBox' is clicked on

2021-11-19 17:03:51 - [TEST_STEP][PASSED] - Method.TextDegerineEsitElementeTiklaEquals(findTestObject("Butonlar/Butonlar"), "Sil"): Method.TextDegerineEsitElementeTiklaEquals is PASSED

2021-11-19 17:03:51 - [MESSAGE][INFO] - Finding Test Object 'Object Repository/Butonlar/Butonlar'

2021-11-19 17:03:51 - [MESSAGE][INFO] - Checking timeout

2021-11-19 17:03:51 - [MESSAGE][INFO] - Finding web element with id: 'Object Repository/Butonlar/Butonlar' located by 'By.cssSelector: .panel.panel-default.text-center.footerPanel .btn,.btn.btn-primary.btnControls' in '10' second(s)

2021-11-19 17:03:51 - [MESSAGE][INFO] - Smart Wait Function is triggered

2021-11-19 17:03:51 - [MESSAGE][INFO] - Found 9 web elements with id: 'Object Repository/Butonlar/Butonlar' located by 'By.cssSelector: .panel.panel-default.text-center.footerPanel .btn,.btn.btn-primary.btnControls' in '10' second(s)

2021-11-19 17:03:51 - [MESSAGE][PASSED] - Method.TextDegerineEsitElementeTiklaEquals is PASSED

2021-11-19 17:03:51 - [TEST_STEP][PASSED] - Method.TextDegerineEsitElementeTikla(findTestObject("Popup/Popup_Butons"), "Evet"): Method.TextDegerineEsitElementeTikla is PASSED

2021-11-19 17:03:51 - [MESSAGE][INFO] - Finding Test Object 'Object Repository/Popup/Popup_Butons'

2021-11-19 17:03:51 - [MESSAGE][INFO] - Checking timeout

2021-11-19 17:03:51 - [MESSAGE][INFO] - Finding web element with id: 'Object Repository/Popup/Popup_Butons' located by 'By.cssSelector: .modal-footer>button' in '10' second(s)

2021-11-19 17:03:51 - [MESSAGE][INFO] - Smart Wait Function is triggered

2021-11-19 17:03:52 - [MESSAGE][INFO] - Found 2 web elements with id: 'Object Repository/Popup/Popup_Butons' located by 'By.cssSelector: .modal-footer>button' in '10' second(s)

2021-11-19 17:03:52 - [MESSAGE][PASSED] - Method.TextDegerineEsitElementeTikla is PASSED

2021-11-19 17:03:52 - [TEST_STEP][PASSED] - Method.TextDegerineEsitElementeTikla(findTestObject("Popup/Popup_Butons"), "Tamam"): Method.TextDegerineEsitElementeTikla is PASSED

2021-11-19 17:03:52 - [MESSAGE][INFO] - Finding Test Object 'Object Repository/Popup/Popup_Butons'

2021-11-19 17:03:53 - [MESSAGE][INFO] - Checking timeout

2021-11-19 17:03:53 - [MESSAGE][INFO] - Finding web element with id: 'Object Repository/Popup/Popup_Butons' located by 'By.cssSelector: .modal-footer>button' in '10' second(s)

2021-11-19 17:03:53 - [MESSAGE][INFO] - Smart Wait Function is triggered

2021-11-19 17:03:53 - [MESSAGE][INFO] - Found 1 web elements with id: 'Object Repository/Popup/Popup_Butons' located by 'By.cssSelector: .modal-footer>button' in '10' second(s)

2021-11-19 17:03:53 - [MESSAGE][PASSED] - Method.TextDegerineEsitElementeTikla is PASSED

2021-11-19 17:03:53 - [MESSAGE][PASSED] - Call Test Case 'Test Cases/Tablo/Olusturma Tarihi' successfully

2021-11-19 17:03:53 - [MESSAGE][INFO] - Checking called Test Case

2021-11-19 17:03:53 - [MESSAGE][INFO] - Starting to call Test Case 'Test Cases/Filtreler/faturaTipiSec'

2021-11-19 17:03:53 - [TEST_CASE][PASSED] - Test Cases/Filtreler/faturaTipiSec: Test Cases/Filtreler/faturaTipiSec

2021-11-19 17:03:55 - [TEST_STEP][PASSED] - click(findTestObject("Filtreler/Fatura_Tipi"), STOP_ON_FAILURE): Object: 'Object Repository/Filtreler/Fatura_Tipi' is clicked on

2021-11-19 17:03:55 - [MESSAGE][INFO] - Finding Test Object 'Object Repository/Filtreler/Fatura_Tipi'

2021-11-19 17:03:55 - [MESSAGE][INFO] - Checking object

2021-11-19 17:03:55 - [MESSAGE][INFO] - Finding web element from Test Object's properties

2021-11-19 17:03:55 - [MESSAGE][INFO] - Checking timeout

2021-11-19 17:03:55 - [MESSAGE][INFO] - Finding web element with id: 'Object Repository/Filtreler/Fatura_Tipi' located by 'By.cssSelector: #cmbFaturaTip > option:nth-child(2)' in '30' second(s)

2021-11-19 17:03:55 - [MESSAGE][INFO] - Smart Wait Function is triggered

2021-11-19 17:03:55 - [MESSAGE][INFO] - Found 1 web elements with id: 'Object Repository/Filtreler/Fatura_Tipi' located by 'By.cssSelector: #cmbFaturaTip > option:nth-child(2)' in '30' second(s)

2021-11-19 17:03:55 - [MESSAGE][INFO] - Clicking on object: 'Object Repository/Filtreler/Fatura_Tipi'

2021-11-19 17:03:55 - [MESSAGE][PASSED] - Object: 'Object Repository/Filtreler/Fatura_Tipi' is clicked on

2021-11-19 17:03:55 - [MESSAGE][PASSED] - Call Test Case 'Test Cases/Filtreler/faturaTipiSec' successfully

2021-11-19 17:03:55 - [MESSAGE][INFO] - Checking called Test Case

2021-11-19 17:03:55 - [MESSAGE][INFO] - Starting to call Test Case 'Test Cases/Butonlar/ButonaTikla'

2021-11-19 17:03:55 - [TEST_CASE][PASSED] - Test Cases/Butonlar/ButonaTikla: Test Cases/Butonlar/ButonaTikla

2021-11-19 17:03:55 - [TEST_STEP][PASSED] - Method.TextDegerineEsitElementeTiklaEquals(findTestObject("Butonlar/Butonlar"), Buton_Adi): Method.TextDegerineEsitElementeTiklaEquals is PASSED

2021-11-19 17:03:55 - [MESSAGE][INFO] - Finding Test Object 'Object Repository/Butonlar/Butonlar'

2021-11-19 17:03:55 - [MESSAGE][INFO] - Checking timeout

2021-11-19 17:03:55 - [MESSAGE][INFO] - Finding web element with id: 'Object Repository/Butonlar/Butonlar' located by 'By.cssSelector: .panel.panel-default.text-center.footerPanel .btn,.btn.btn-primary.btnControls' in '10' second(s)

2021-11-19 17:03:55 - [MESSAGE][INFO] - Smart Wait Function is triggered

2021-11-19 17:03:56 - [MESSAGE][INFO] - Found 9 web elements with id: 'Object Repository/Butonlar/Butonlar' located by 'By.cssSelector: .panel.panel-default.text-center.footerPanel .btn,.btn.btn-primary.btnControls' in '10' second(s)

2021-11-19 17:03:56 - [MESSAGE][PASSED] - Method.TextDegerineEsitElementeTiklaEquals is PASSED

2021-11-19 17:03:56 - [MESSAGE][PASSED] - Call Test Case 'Test Cases/Butonlar/ButonaTikla' successfully

2021-11-19 17:03:56 - [MESSAGE][INFO] - Checking called Test Case

2021-11-19 17:03:56 - [MESSAGE][INFO] - Starting to call Test Case 'Test Cases/Olusturma/Genel/GorselTasarimSayfasıBasligiIceriyorMu'

2021-11-19 17:03:56 - [TEST_CASE][PASSED] - Test Cases/Olusturma/Genel/GorselTasarimSayfasıBasligiIceriyorMu: Test Cases/Olusturma/Genel/GorselTasarimSayfasıBasligiIceriyorMu

2021-11-19 17:03:56 - [TEST_STEP][PASSED] - verifyElementText(findTestObject("Object Repository/Olusturma/Genel/GorselTasarimBaslik"), Baslik): Actual text and expected text of test object 'Object Repository/Olusturma/Genel/GorselTasarimBaslik' are matched.

2021-11-19 17:03:56 - [MESSAGE][INFO] - Finding Test Object 'Object Repository/Olusturma/Genel/GorselTasarimBaslik'

2021-11-19 17:03:56 - [MESSAGE][INFO] - Checking object

2021-11-19 17:03:56 - [MESSAGE][INFO] - Finding web element from Test Object's properties

2021-11-19 17:03:56 - [MESSAGE][INFO] - Checking timeout

2021-11-19 17:03:56 - [MESSAGE][INFO] - Finding web element with id: 'Object Repository/Olusturma/Genel/GorselTasarimBaslik' located by 'By.cssSelector: #flAlici_0>div>span' in '30' second(s)

2021-11-19 17:03:56 - [MESSAGE][INFO] - Smart Wait Function is triggered

2021-11-19 17:04:03 - [MESSAGE][INFO] - Found 1 web elements with id: 'Object Repository/Olusturma/Genel/GorselTasarimBaslik' located by 'By.cssSelector: #flAlici_0>div>span' in '30' second(s)

2021-11-19 17:04:03 - [MESSAGE][PASSED] - Actual text and expected text of test object 'Object Repository/Olusturma/Genel/GorselTasarimBaslik' are matched.

2021-11-19 17:04:03 - [MESSAGE][PASSED] - Call Test Case 'Test Cases/Olusturma/Genel/GorselTasarimSayfasıBasligiIceriyorMu' successfully

2021-11-19 17:04:03 - [MESSAGE][INFO] - Checking called Test Case

2021-11-19 17:04:03 - [MESSAGE][INFO] - Starting to call Test Case 'Test Cases/Olusturma/Genel/AliciSecilir'

2021-11-19 17:04:03 - [TEST_CASE][PASSED] - Test Cases/Olusturma/Genel/AliciSecilir: Test Cases/Olusturma/Genel/AliciSecilir

2021-11-19 17:04:03 - [TEST_STEP][PASSED] - click(findTestObject("Olusturma/Genel/AliciBilgisi/Alici_Ara")): Object: 'Object Repository/Olusturma/Genel/AliciBilgisi/Alici_Ara' is clicked on

2021-11-19 17:04:03 - [MESSAGE][INFO] - Finding Test Object 'Object Repository/Olusturma/Genel/AliciBilgisi/Alici_Ara'

2021-11-19 17:04:03 - [MESSAGE][INFO] - Checking object

2021-11-19 17:04:03 - [MESSAGE][INFO] - Finding web element from Test Object's properties

2021-11-19 17:04:03 - [MESSAGE][INFO] - Checking timeout

2021-11-19 17:04:03 - [MESSAGE][INFO] - Finding web element with id: 'Object Repository/Olusturma/Genel/AliciBilgisi/Alici_Ara' located by 'By.xpath: //td[@id='txtCustomerText_B-1']' in '30' second(s)

2021-11-19 17:04:03 - [MESSAGE][INFO] - Smart Wait Function is triggered

2021-11-19 17:04:03 - [MESSAGE][INFO] - Found 1 web elements with id: 'Object Repository/Olusturma/Genel/AliciBilgisi/Alici_Ara' located by 'By.xpath: //td[@id='txtCustomerText_B-1']' in '30' second(s)

2021-11-19 17:04:03 - [MESSAGE][INFO] - Clicking on object: 'Object Repository/Olusturma/Genel/AliciBilgisi/Alici_Ara'

2021-11-19 17:04:03 - [MESSAGE][PASSED] - Object: 'Object Repository/Olusturma/Genel/AliciBilgisi/Alici_Ara' is clicked on

2021-11-19 17:04:03 - [TEST_STEP][PASSED] - click(findTestObject("Olusturma/Genel/AliciBilgisi/Alici_Bilgisi")): Object: 'Object Repository/Olusturma/Genel/AliciBilgisi/Alici_Bilgisi' is clicked on

2021-11-19 17:04:03 - [MESSAGE][INFO] - Finding Test Object 'Object Repository/Olusturma/Genel/AliciBilgisi/Alici_Bilgisi'

2021-11-19 17:04:03 - [MESSAGE][INFO] - Checking object

2021-11-19 17:04:03 - [MESSAGE][INFO] - Finding web element from Test Object's properties

2021-11-19 17:04:03 - [MESSAGE][INFO] - Checking timeout

2021-11-19 17:04:03 - [MESSAGE][INFO] - Finding web element with id: 'Object Repository/Olusturma/Genel/AliciBilgisi/Alici_Bilgisi' located by 'By.xpath: //iframe[@id='customerselectiframe']' in '30' second(s)

2021-11-19 17:04:03 - [MESSAGE][INFO] - Smart Wait Function is triggered

2021-11-19 17:04:04 - [MESSAGE][INFO] - Found 1 web elements with id: 'Object Repository/Olusturma/Genel/AliciBilgisi/Alici_Bilgisi' located by 'By.xpath: //iframe[@id='customerselectiframe']' in '30' second(s)

2021-11-19 17:04:04 - [MESSAGE][INFO] - Clicking on object: 'Object Repository/Olusturma/Genel/AliciBilgisi/Alici_Bilgisi'

2021-11-19 17:04:04 - [MESSAGE][PASSED] - Object: 'Object Repository/Olusturma/Genel/AliciBilgisi/Alici_Bilgisi' is clicked on

2021-11-19 17:04:04 - [TEST_STEP][PASSED] - setText(findTestObject("Olusturma/Genel/AliciBilgisi/Alici_Gir"), Alici_Adi): Switching to default content

2021-11-19 17:04:04 - [MESSAGE][INFO] - Finding Test Object 'Object Repository/Olusturma/Genel/AliciBilgisi/Alici_Gir'

2021-11-19 17:04:04 - [MESSAGE][INFO] - Finding Test Object 'Object Repository/Olusturma/Genel/AliciBilgisi/Alici_Bilgisi'

2021-11-19 17:04:04 - [MESSAGE][INFO] - Checking object

2021-11-19 17:04:04 - [MESSAGE][INFO] - Checking text

2021-11-19 17:04:04 - [MESSAGE][INFO] - Object: 'Object Repository/Olusturma/Genel/AliciBilgisi/Alici_Gir' has parent object(s)

2021-11-19 17:04:04 - [MESSAGE][INFO] - Switching to iframe: 'Object Repository/Olusturma/Genel/AliciBilgisi/Alici_Bilgisi'

2021-11-19 17:04:04 - [MESSAGE][INFO] - Finding web element from Test Object's properties

2021-11-19 17:04:04 - [MESSAGE][INFO] - Checking timeout

2021-11-19 17:04:04 - [MESSAGE][INFO] - Finding web element with id: 'Object Repository/Olusturma/Genel/AliciBilgisi/Alici_Bilgisi' located by 'By.xpath: //iframe[@id='customerselectiframe']' in '30' second(s)

2021-11-19 17:04:04 - [MESSAGE][INFO] - Smart Wait Function is triggered

2021-11-19 17:04:04 - [MESSAGE][INFO] - Found 1 web elements with id: 'Object Repository/Olusturma/Genel/AliciBilgisi/Alici_Bilgisi' located by 'By.xpath: //iframe[@id='customerselectiframe']' in '30' second(s)

2021-11-19 17:04:04 - [MESSAGE][INFO] - Switched to iframe: 'Object Repository/Olusturma/Genel/AliciBilgisi/Alici_Bilgisi'

2021-11-19 17:04:04 - [MESSAGE][INFO] - Finding web element from Test Object's properties

2021-11-19 17:04:04 - [MESSAGE][INFO] - Checking timeout

2021-11-19 17:04:04 - [MESSAGE][INFO] - Finding web element with id: 'Object Repository/Olusturma/Genel/AliciBilgisi/Alici_Gir' located by 'By.xpath: //input[@id='GridViewCustomer_DXFREditorcol1_I']' in '30' second(s)

2021-11-19 17:04:04 - [MESSAGE][INFO] - Smart Wait Function is triggered

2021-11-19 17:04:05 - [MESSAGE][INFO] - Found 1 web elements with id: 'Object Repository/Olusturma/Genel/AliciBilgisi/Alici_Gir' located by 'By.xpath: //input[@id='GridViewCustomer_DXFREditorcol1_I']' in '30' second(s)

2021-11-19 17:04:05 - [MESSAGE][INFO] - Clearing text of object 'Object Repository/Olusturma/Genel/AliciBilgisi/Alici_Gir'

2021-11-19 17:04:05 - [MESSAGE][INFO] - Finding web element from Test Object's properties

2021-11-19 17:04:05 - [MESSAGE][INFO] - Checking timeout

2021-11-19 17:04:05 - [MESSAGE][INFO] - Finding web element with id: 'Object Repository/Olusturma/Genel/AliciBilgisi/Alici_Gir' located by 'By.xpath: //input[@id='GridViewCustomer_DXFREditorcol1_I']' in '30' second(s)

2021-11-19 17:04:05 - [MESSAGE][INFO] - Smart Wait Function is triggered

2021-11-19 17:04:05 - [MESSAGE][INFO] - Found 1 web elements with id: 'Object Repository/Olusturma/Genel/AliciBilgisi/Alici_Gir' located by 'By.xpath: //input[@id='GridViewCustomer_DXFREditorcol1_I']' in '30' second(s)

2021-11-19 17:04:05 - [MESSAGE][INFO] - Setting text of object 'Object Repository/Olusturma/Genel/AliciBilgisi/Alici_Gir' to value 'VirgosolArsivVKN'

2021-11-19 17:04:05 - [MESSAGE][PASSED] - Text 'VirgosolArsivVKN' is set on object 'Object Repository/Olusturma/Genel/AliciBilgisi/Alici_Gir'

2021-11-19 17:04:05 - [MESSAGE][INFO] - Switching to default content

2021-11-19 17:04:05 - [TEST_STEP][PASSED] - waitForElementClickable(findTestObject("Olusturma/Genel/AliciBilgisi/Alici_Adi"), 10): Switching to default content

2021-11-19 17:04:05 - [MESSAGE][INFO] - Finding Test Object 'Object Repository/Olusturma/Genel/AliciBilgisi/Alici_Adi'

2021-11-19 17:04:05 - [MESSAGE][INFO] - Finding Test Object 'Object Repository/Olusturma/Genel/AliciBilgisi/iframe_Alc Bilgisi_customerselectiframe'

2021-11-19 17:04:05 - [MESSAGE][INFO] - Checking object

2021-11-19 17:04:05 - [MESSAGE][INFO] - Checking timeout

2021-11-19 17:04:05 - [MESSAGE][INFO] - Object: 'Object Repository/Olusturma/Genel/AliciBilgisi/Alici_Adi' has parent object(s)

2021-11-19 17:04:05 - [MESSAGE][INFO] - Switching to iframe: 'Object Repository/Olusturma/Genel/AliciBilgisi/iframe_Alc Bilgisi_customerselectiframe'

2021-11-19 17:04:05 - [MESSAGE][INFO] - Finding web element from Test Object's properties

2021-11-19 17:04:05 - [MESSAGE][INFO] - Checking timeout

2021-11-19 17:04:05 - [MESSAGE][INFO] - Finding web element with id: 'Object Repository/Olusturma/Genel/AliciBilgisi/iframe_Alc Bilgisi_customerselectiframe' located by 'By.xpath: //iframe[@id='customerselectiframe']' in '10' second(s)

2021-11-19 17:04:05 - [MESSAGE][INFO] - Smart Wait Function is triggered

2021-11-19 17:04:05 - [MESSAGE][INFO] - Found 1 web elements with id: 'Object Repository/Olusturma/Genel/AliciBilgisi/iframe_Alc Bilgisi_customerselectiframe' located by 'By.xpath: //iframe[@id='customerselectiframe']' in '10' second(s)

2021-11-19 17:04:05 - [MESSAGE][INFO] - Switched to iframe: 'Object Repository/Olusturma/Genel/AliciBilgisi/iframe_Alc Bilgisi_customerselectiframe'

2021-11-19 17:04:05 - [MESSAGE][INFO] - Finding web element from Test Object's properties

2021-11-19 17:04:05 - [MESSAGE][INFO] - Checking timeout

2021-11-19 17:04:05 - [MESSAGE][INFO] - Finding web element with id: 'Object Repository/Olusturma/Genel/AliciBilgisi/Alici_Adi' located by 'By.xpath: //tr[@id='GridViewCustomer_DXDataRow0']/td[2]' in '10' second(s)

2021-11-19 17:04:05 - [MESSAGE][INFO] - Smart Wait Function is triggered

2021-11-19 17:04:05 - [MESSAGE][INFO] - Found 1 web elements with id: 'Object Repository/Olusturma/Genel/AliciBilgisi/Alici_Adi' located by 'By.xpath: //tr[@id='GridViewCustomer_DXDataRow0']/td[2]' in '10' second(s)

2021-11-19 17:04:05 - [MESSAGE][PASSED] - Object 'Object Repository/Olusturma/Genel/AliciBilgisi/Alici_Adi' is clickable

2021-11-19 17:04:05 - [MESSAGE][INFO] - Switching to default content

2021-11-19 17:04:05 - [TEST_STEP][PASSED] - click(findTestObject("Olusturma/Genel/AliciBilgisi/frame")): Switching to default content

2021-11-19 17:04:05 - [MESSAGE][INFO] - Finding Test Object 'Object Repository/Olusturma/Genel/AliciBilgisi/frame'

2021-11-19 17:04:05 - [MESSAGE][INFO] - Finding Test Object 'Object Repository/Olusturma/Genel/AliciBilgisi/iframe_Alc Bilgisi_customerselectiframe'

2021-11-19 17:04:06 - [MESSAGE][INFO] - Checking object

2021-11-19 17:04:06 - [MESSAGE][INFO] - Object: 'Object Repository/Olusturma/Genel/AliciBilgisi/frame' has parent object(s)

2021-11-19 17:04:06 - [MESSAGE][INFO] - Switching to iframe: 'Object Repository/Olusturma/Genel/AliciBilgisi/iframe_Alc Bilgisi_customerselectiframe'

2021-11-19 17:04:06 - [MESSAGE][INFO] - Finding web element from Test Object's properties

2021-11-19 17:04:06 - [MESSAGE][INFO] - Checking timeout

2021-11-19 17:04:06 - [MESSAGE][INFO] - Finding web element with id: 'Object Repository/Olusturma/Genel/AliciBilgisi/iframe_Alc Bilgisi_customerselectiframe' located by 'By.xpath: //iframe[@id='customerselectiframe']' in '30' second(s)

2021-11-19 17:04:06 - [MESSAGE][INFO] - Smart Wait Function is triggered

2021-11-19 17:04:06 - [MESSAGE][INFO] - Found 1 web elements with id: 'Object Repository/Olusturma/Genel/AliciBilgisi/iframe_Alc Bilgisi_customerselectiframe' located by 'By.xpath: //iframe[@id='customerselectiframe']' in '30' second(s)

2021-11-19 17:04:06 - [MESSAGE][INFO] - Switched to iframe: 'Object Repository/Olusturma/Genel/AliciBilgisi/iframe_Alc Bilgisi_customerselectiframe'

2021-11-19 17:04:06 - [MESSAGE][INFO] - Finding web element from Test Object's properties

2021-11-19 17:04:06 - [MESSAGE][INFO] - Checking timeout

2021-11-19 17:04:06 - [MESSAGE][INFO] - Finding web element with id: 'Object Repository/Olusturma/Genel/AliciBilgisi/frame' located by 'By.xpath: //*/text()[normalize-space(.)='']/parent::*' in '30' second(s)

2021-11-19 17:04:06 - [MESSAGE][INFO] - Smart Wait Function is triggered

2021-11-19 17:04:06 - [MESSAGE][INFO] - Found 73 web elements with id: 'Object Repository/Olusturma/Genel/AliciBilgisi/frame' located by 'By.xpath: //*/text()[normalize-space(.)='']/parent::*' in '30' second(s)

2021-11-19 17:04:06 - [MESSAGE][INFO] - Clicking on object: 'Object Repository/Olusturma/Genel/AliciBilgisi/frame'

2021-11-19 17:04:06 - [MESSAGE][PASSED] - Object: 'Object Repository/Olusturma/Genel/AliciBilgisi/frame' is clicked on

2021-11-19 17:04:06 - [MESSAGE][INFO] - Switching to default content

2021-11-19 17:04:06 - [TEST_STEP][PASSED] - click(findTestObject("Olusturma/Genel/AliciBilgisi/Alici_Adi")): Switching to default content

2021-11-19 17:04:06 - [MESSAGE][INFO] - Finding Test Object 'Object Repository/Olusturma/Genel/AliciBilgisi/Alici_Adi'

2021-11-19 17:04:06 - [MESSAGE][INFO] - Finding Test Object 'Object Repository/Olusturma/Genel/AliciBilgisi/iframe_Alc Bilgisi_customerselectiframe'

2021-11-19 17:04:06 - [MESSAGE][INFO] - Checking object

2021-11-19 17:04:06 - [MESSAGE][INFO] - Object: 'Object Repository/Olusturma/Genel/AliciBilgisi/Alici_Adi' has parent object(s)

2021-11-19 17:04:06 - [MESSAGE][INFO] - Switching to iframe: 'Object Repository/Olusturma/Genel/AliciBilgisi/iframe_Alc Bilgisi_customerselectiframe'

2021-11-19 17:04:06 - [MESSAGE][INFO] - Finding web element from Test Object's properties

2021-11-19 17:04:06 - [MESSAGE][INFO] - Checking timeout

2021-11-19 17:04:06 - [MESSAGE][INFO] - Finding web element with id: 'Object Repository/Olusturma/Genel/AliciBilgisi/iframe_Alc Bilgisi_customerselectiframe' located by 'By.xpath: //iframe[@id='customerselectiframe']' in '30' second(s)

2021-11-19 17:04:06 - [MESSAGE][INFO] - Smart Wait Function is triggered

2021-11-19 17:04:06 - [MESSAGE][INFO] - Found 1 web elements with id: 'Object Repository/Olusturma/Genel/AliciBilgisi/iframe_Alc Bilgisi_customerselectiframe' located by 'By.xpath: //iframe[@id='customerselectiframe']' in '30' second(s)

2021-11-19 17:04:06 - [MESSAGE][INFO] - Switched to iframe: 'Object Repository/Olusturma/Genel/AliciBilgisi/iframe_Alc Bilgisi_customerselectiframe'

2021-11-19 17:04:06 - [MESSAGE][INFO] - Finding web element from Test Object's properties

2021-11-19 17:04:06 - [MESSAGE][INFO] - Checking timeout

2021-11-19 17:04:06 - [MESSAGE][INFO] - Finding web element with id: 'Object Repository/Olusturma/Genel/AliciBilgisi/Alici_Adi' located by 'By.xpath: //tr[@id='GridViewCustomer_DXDataRow0']/td[2]' in '30' second(s)

2021-11-19 17:04:06 - [MESSAGE][INFO] - Smart Wait Function is triggered

2021-11-19 17:04:06 - [MESSAGE][INFO] - Found 1 web elements with id: 'Object Repository/Olusturma/Genel/AliciBilgisi/Alici_Adi' located by 'By.xpath: //tr[@id='GridViewCustomer_DXDataRow0']/td[2]' in '30' second(s)

2021-11-19 17:04:06 - [MESSAGE][INFO] - Clicking on object: 'Object Repository/Olusturma/Genel/AliciBilgisi/Alici_Adi'

2021-11-19 17:04:07 - [MESSAGE][PASSED] - Object: 'Object Repository/Olusturma/Genel/AliciBilgisi/Alici_Adi' is clicked on

2021-11-19 17:04:07 - [MESSAGE][INFO] - Switching to default content

2021-11-19 17:04:07 - [TEST_STEP][PASSED] - click(findTestObject("Olusturma/Genel/AliciBilgisi/Tamam_Bosluk")): Switching to default content

2021-11-19 17:04:07 - [MESSAGE][INFO] - Finding Test Object 'Object Repository/Olusturma/Genel/AliciBilgisi/Tamam_Bosluk'

2021-11-19 17:04:07 - [MESSAGE][INFO] - Finding Test Object 'Object Repository/Olusturma/Genel/AliciBilgisi/Alici_Bilgisi'

2021-11-19 17:04:07 - [MESSAGE][INFO] - Checking object

2021-11-19 17:04:07 - [MESSAGE][INFO] - Object: 'Object Repository/Olusturma/Genel/AliciBilgisi/Tamam_Bosluk' has parent object(s)

2021-11-19 17:04:07 - [MESSAGE][INFO] - Switching to iframe: 'Object Repository/Olusturma/Genel/AliciBilgisi/Alici_Bilgisi'

2021-11-19 17:04:07 - [MESSAGE][INFO] - Finding web element from Test Object's properties

2021-11-19 17:04:07 - [MESSAGE][INFO] - Checking timeout

2021-11-19 17:04:07 - [MESSAGE][INFO] - Finding web element with id: 'Object Repository/Olusturma/Genel/AliciBilgisi/Alici_Bilgisi' located by 'By.xpath: //iframe[@id='customerselectiframe']' in '30' second(s)

2021-11-19 17:04:07 - [MESSAGE][INFO] - Smart Wait Function is triggered

2021-11-19 17:04:07 - [MESSAGE][INFO] - Found 1 web elements with id: 'Object Repository/Olusturma/Genel/AliciBilgisi/Alici_Bilgisi' located by 'By.xpath: //iframe[@id='customerselectiframe']' in '30' second(s)

2021-11-19 17:04:07 - [MESSAGE][INFO] - Switched to iframe: 'Object Repository/Olusturma/Genel/AliciBilgisi/Alici_Bilgisi'

2021-11-19 17:04:07 - [MESSAGE][INFO] - Finding web element from Test Object's properties

2021-11-19 17:04:07 - [MESSAGE][INFO] - Checking timeout

2021-11-19 17:04:07 - [MESSAGE][INFO] - Finding web element with id: 'Object Repository/Olusturma/Genel/AliciBilgisi/Tamam_Bosluk' located by 'By.xpath: (.//*[normalize-space(text()) and normalize-space(.)='Sayfa Boyutu:'])[1]/following::div[7]' in '30' second(s)

2021-11-19 17:04:07 - [MESSAGE][INFO] - Smart Wait Function is triggered

2021-11-19 17:04:07 - [MESSAGE][INFO] - Found 1 web elements with id: 'Object Repository/Olusturma/Genel/AliciBilgisi/Tamam_Bosluk' located by 'By.xpath: (.//*[normalize-space(text()) and normalize-space(.)='Sayfa Boyutu:'])[1]/following::div[7]' in '30' second(s)

2021-11-19 17:04:07 - [MESSAGE][INFO] - Clicking on object: 'Object Repository/Olusturma/Genel/AliciBilgisi/Tamam_Bosluk'

2021-11-19 17:04:07 - [MESSAGE][PASSED] - Object: 'Object Repository/Olusturma/Genel/AliciBilgisi/Tamam_Bosluk' is clicked on

2021-11-19 17:04:07 - [MESSAGE][INFO] - Switching to default content

2021-11-19 17:04:07 - [TEST_STEP][PASSED] - waitForElementClickable(findTestObject("Olusturma/Genel/AliciBilgisi/Tamam_Butonu"), 10): Switching to default content

2021-11-19 17:04:07 - [MESSAGE][INFO] - Finding Test Object 'Object Repository/Olusturma/Genel/AliciBilgisi/Tamam_Butonu'

2021-11-19 17:04:07 - [MESSAGE][INFO] - Finding Test Object 'Object Repository/Olusturma/Genel/AliciBilgisi/Alici_Bilgisi'

2021-11-19 17:04:07 - [MESSAGE][INFO] - Checking object

2021-11-19 17:04:07 - [MESSAGE][INFO] - Checking timeout

2021-11-19 17:04:07 - [MESSAGE][INFO] - Object: 'Object Repository/Olusturma/Genel/AliciBilgisi/Tamam_Butonu' has parent object(s)

2021-11-19 17:04:07 - [MESSAGE][INFO] - Switching to iframe: 'Object Repository/Olusturma/Genel/AliciBilgisi/Alici_Bilgisi'

2021-11-19 17:04:07 - [MESSAGE][INFO] - Finding web element from Test Object's properties

2021-11-19 17:04:07 - [MESSAGE][INFO] - Checking timeout

2021-11-19 17:04:07 - [MESSAGE][INFO] - Finding web element with id: 'Object Repository/Olusturma/Genel/AliciBilgisi/Alici_Bilgisi' located by 'By.xpath: //iframe[@id='customerselectiframe']' in '10' second(s)

2021-11-19 17:04:07 - [MESSAGE][INFO] - Smart Wait Function is triggered

2021-11-19 17:04:08 - [MESSAGE][INFO] - Found 1 web elements with id: 'Object Repository/Olusturma/Genel/AliciBilgisi/Alici_Bilgisi' located by 'By.xpath: //iframe[@id='customerselectiframe']' in '10' second(s)

2021-11-19 17:04:08 - [MESSAGE][INFO] - Switched to iframe: 'Object Repository/Olusturma/Genel/AliciBilgisi/Alici_Bilgisi'

2021-11-19 17:04:08 - [MESSAGE][INFO] - Finding web element from Test Object's properties

2021-11-19 17:04:08 - [MESSAGE][INFO] - Checking timeout

2021-11-19 17:04:08 - [MESSAGE][INFO] - Finding web element with id: 'Object Repository/Olusturma/Genel/AliciBilgisi/Tamam_Butonu' located by 'By.xpath: //div[@id='btnSelectCustomer_CD']/span' in '10' second(s)

2021-11-19 17:04:08 - [MESSAGE][INFO] - Smart Wait Function is triggered

2021-11-19 17:04:08 - [MESSAGE][INFO] - Found 1 web elements with id: 'Object Repository/Olusturma/Genel/AliciBilgisi/Tamam_Butonu' located by 'By.xpath: //div[@id='btnSelectCustomer_CD']/span' in '10' second(s)

2021-11-19 17:04:08 - [MESSAGE][PASSED] - Object 'Object Repository/Olusturma/Genel/AliciBilgisi/Tamam_Butonu' is clickable

2021-11-19 17:04:08 - [MESSAGE][INFO] - Switching to default content

2021-11-19 17:04:08 - [TEST_STEP][PASSED] - click(findTestObject("Olusturma/Genel/AliciBilgisi/Tamam_Butonu")): Switching to default content

2021-11-19 17:04:08 - [MESSAGE][INFO] - Finding Test Object 'Object Repository/Olusturma/Genel/AliciBilgisi/Tamam_Butonu'

2021-11-19 17:04:08 - [MESSAGE][INFO] - Finding Test Object 'Object Repository/Olusturma/Genel/AliciBilgisi/Alici_Bilgisi'

2021-11-19 17:04:08 - [MESSAGE][INFO] - Checking object

2021-11-19 17:04:08 - [MESSAGE][INFO] - Object: 'Object Repository/Olusturma/Genel/AliciBilgisi/Tamam_Butonu' has parent object(s)

2021-11-19 17:04:08 - [MESSAGE][INFO] - Switching to iframe: 'Object Repository/Olusturma/Genel/AliciBilgisi/Alici_Bilgisi'

2021-11-19 17:04:08 - [MESSAGE][INFO] - Finding web element from Test Object's properties

2021-11-19 17:04:08 - [MESSAGE][INFO] - Checking timeout

2021-11-19 17:04:08 - [MESSAGE][INFO] - Finding web element with id: 'Object Repository/Olusturma/Genel/AliciBilgisi/Alici_Bilgisi' located by 'By.xpath: //iframe[@id='customerselectiframe']' in '30' second(s)

2021-11-19 17:04:08 - [MESSAGE][INFO] - Smart Wait Function is triggered

2021-11-19 17:04:08 - [MESSAGE][INFO] - Found 1 web elements with id: 'Object Repository/Olusturma/Genel/AliciBilgisi/Alici_Bilgisi' located by 'By.xpath: //iframe[@id='customerselectiframe']' in '30' second(s)

2021-11-19 17:04:08 - [MESSAGE][INFO] - Switched to iframe: 'Object Repository/Olusturma/Genel/AliciBilgisi/Alici_Bilgisi'

2021-11-19 17:04:08 - [MESSAGE][INFO] - Finding web element from Test Object's properties

2021-11-19 17:04:08 - [MESSAGE][INFO] - Checking timeout

2021-11-19 17:04:08 - [MESSAGE][INFO] - Finding web element with id: 'Object Repository/Olusturma/Genel/AliciBilgisi/Tamam_Butonu' located by 'By.xpath: //div[@id='btnSelectCustomer_CD']/span' in '30' second(s)

2021-11-19 17:04:08 - [MESSAGE][INFO] - Smart Wait Function is triggered

2021-11-19 17:04:08 - [MESSAGE][INFO] - Found 1 web elements with id: 'Object Repository/Olusturma/Genel/AliciBilgisi/Tamam_Butonu' located by 'By.xpath: //div[@id='btnSelectCustomer_CD']/span' in '30' second(s)

2021-11-19 17:04:08 - [MESSAGE][INFO] - Clicking on object: 'Object Repository/Olusturma/Genel/AliciBilgisi/Tamam_Butonu'

2021-11-19 17:04:08 - [MESSAGE][PASSED] - Object: 'Object Repository/Olusturma/Genel/AliciBilgisi/Tamam_Butonu' is clicked on

2021-11-19 17:04:08 - [MESSAGE][INFO] - Switching to default content

2021-11-19 17:04:08 - [TEST_STEP][PASSED] - waitForElementPresent(findTestObject("Olusturma/Genel/AliciBilgisi/VKN-TCKN"), 10): Object 'Object Repository/Olusturma/Genel/AliciBilgisi/VKN-TCKN' is present

2021-11-19 17:04:08 - [MESSAGE][INFO] - Finding Test Object 'Object Repository/Olusturma/Genel/AliciBilgisi/VKN-TCKN'

2021-11-19 17:04:08 - [MESSAGE][INFO] - Checking object

2021-11-19 17:04:08 - [MESSAGE][INFO] - Finding web element from Test Object's properties

2021-11-19 17:04:08 - [MESSAGE][INFO] - Checking timeout

2021-11-19 17:04:08 - [MESSAGE][INFO] - Finding web element with id: 'Object Repository/Olusturma/Genel/AliciBilgisi/VKN-TCKN' located by 'By.xpath: //*[@id = 'txtVknTckn_I']' in '10' second(s)

2021-11-19 17:04:08 - [MESSAGE][INFO] - Smart Wait Function is triggered

2021-11-19 17:04:09 - [MESSAGE][INFO] - Found 1 web elements with id: 'Object Repository/Olusturma/Genel/AliciBilgisi/VKN-TCKN' located by 'By.xpath: //*[@id = 'txtVknTckn_I']' in '10' second(s)

2021-11-19 17:04:09 - [MESSAGE][PASSED] - Object 'Object Repository/Olusturma/Genel/AliciBilgisi/VKN-TCKN' is present

2021-11-19 17:04:09 - [TEST_STEP][PASSED] - text = getAttribute(findTestObject("Olusturma/Genel/AliciBilgisi/VKN-TCKN"), "value"): Attribute 'value' of object 'Object Repository/Olusturma/Genel/AliciBilgisi/VKN-TCKN' is: '5422405266'

2021-11-19 17:04:09 - [MESSAGE][INFO] - Finding Test Object 'Object Repository/Olusturma/Genel/AliciBilgisi/VKN-TCKN'

2021-11-19 17:04:09 - [MESSAGE][INFO] - Checking object

2021-11-19 17:04:09 - [MESSAGE][INFO] - Checking attribute

2021-11-19 17:04:09 - [MESSAGE][INFO] - Finding web element from Test Object's properties

2021-11-19 17:04:09 - [MESSAGE][INFO] - Checking timeout

2021-11-19 17:04:09 - [MESSAGE][INFO] - Finding web element with id: 'Object Repository/Olusturma/Genel/AliciBilgisi/VKN-TCKN' located by 'By.xpath: //*[@id = 'txtVknTckn_I']' in '30' second(s)

2021-11-19 17:04:09 - [MESSAGE][INFO] - Smart Wait Function is triggered

2021-11-19 17:04:09 - [MESSAGE][INFO] - Found 1 web elements with id: 'Object Repository/Olusturma/Genel/AliciBilgisi/VKN-TCKN' located by 'By.xpath: //*[@id = 'txtVknTckn_I']' in '30' second(s)

2021-11-19 17:04:09 - [MESSAGE][INFO] - Getting attribute 'value' of object 'Object Repository/Olusturma/Genel/AliciBilgisi/VKN-TCKN'

2021-11-19 17:04:09 - [MESSAGE][PASSED] - Attribute 'value' of object 'Object Repository/Olusturma/Genel/AliciBilgisi/VKN-TCKN' is: '5422405266'

2021-11-19 17:04:09 - [TEST_STEP][PASSED] - if (text.equals("")): null

2021-11-19 17:04:09 - [MESSAGE][PASSED] - Call Test Case 'Test Cases/Olusturma/Genel/AliciSecilir' successfully

2021-11-19 17:04:09 - [MESSAGE][INFO] - Checking called Test Case

2021-11-19 17:04:09 - [MESSAGE][INFO] - Starting to call Test Case 'Test Cases/Olusturma/Genel/OnEkSecilir'

2021-11-19 17:04:09 - [TEST_CASE][PASSED] - Test Cases/Olusturma/Genel/OnEkSecilir: Test Cases/Olusturma/Genel/OnEkSecilir

2021-11-19 17:04:09 - [TEST_STEP][PASSED] - waitForElementClickable(findTestObject("Object Repository/Olusturma/Genel/OnEkSecilir/OnEk"), 10): Object 'Object Repository/Olusturma/Genel/OnEkSecilir/OnEk' is clickable

2021-11-19 17:04:09 - [MESSAGE][INFO] - Finding Test Object 'Object Repository/Olusturma/Genel/OnEkSecilir/OnEk'

2021-11-19 17:04:09 - [MESSAGE][INFO] - Checking object

2021-11-19 17:04:09 - [MESSAGE][INFO] - Checking timeout

2021-11-19 17:04:09 - [MESSAGE][INFO] - Finding web element from Test Object's properties

2021-11-19 17:04:09 - [MESSAGE][INFO] - Checking timeout

2021-11-19 17:04:09 - [MESSAGE][INFO] - Finding web element with id: 'Object Repository/Olusturma/Genel/OnEkSecilir/OnEk' located by 'By.xpath: //*[@id = 'InvoicePrefix_I']' in '10' second(s)

2021-11-19 17:04:09 - [MESSAGE][INFO] - Smart Wait Function is triggered

2021-11-19 17:04:10 - [MESSAGE][INFO] - Found 1 web elements with id: 'Object Repository/Olusturma/Genel/OnEkSecilir/OnEk' located by 'By.xpath: //*[@id = 'InvoicePrefix_I']' in '10' second(s)

2021-11-19 17:04:10 - [MESSAGE][PASSED] - Object 'Object Repository/Olusturma/Genel/OnEkSecilir/OnEk' is clickable

2021-11-19 17:04:10 - [TEST_STEP][PASSED] - click(findTestObject("Object Repository/Olusturma/Genel/OnEkSecilir/OnEk")): Object: 'Object Repository/Olusturma/Genel/OnEkSecilir/OnEk' is clicked on

2021-11-19 17:04:10 - [MESSAGE][INFO] - Finding Test Object 'Object Repository/Olusturma/Genel/OnEkSecilir/OnEk'

2021-11-19 17:04:10 - [MESSAGE][INFO] - Checking object

2021-11-19 17:04:10 - [MESSAGE][INFO] - Finding web element from Test Object's properties

2021-11-19 17:04:10 - [MESSAGE][INFO] - Checking timeout

2021-11-19 17:04:10 - [MESSAGE][INFO] - Finding web element with id: 'Object Repository/Olusturma/Genel/OnEkSecilir/OnEk' located by 'By.xpath: //*[@id = 'InvoicePrefix_I']' in '30' second(s)

2021-11-19 17:04:10 - [MESSAGE][INFO] - Smart Wait Function is triggered

2021-11-19 17:04:10 - [MESSAGE][INFO] - Found 1 web elements with id: 'Object Repository/Olusturma/Genel/OnEkSecilir/OnEk' located by 'By.xpath: //*[@id = 'InvoicePrefix_I']' in '30' second(s)

2021-11-19 17:04:10 - [MESSAGE][INFO] - Clicking on object: 'Object Repository/Olusturma/Genel/OnEkSecilir/OnEk'

2021-11-19 17:04:10 - [MESSAGE][PASSED] - Object: 'Object Repository/Olusturma/Genel/OnEkSecilir/OnEk' is clicked on

2021-11-19 17:04:10 - [TEST_STEP][PASSED] - Method.TextDegerineEsitElementeTiklaEquals(findTestObject("Object Repository/Olusturma/Genel/OnEkSecilir/OnEkAdi"), Ek): Method.TextDegerineEsitElementeTiklaEquals is PASSED

2021-11-19 17:04:10 - [MESSAGE][INFO] - Finding Test Object 'Object Repository/Olusturma/Genel/OnEkSecilir/OnEkAdi'

2021-11-19 17:04:10 - [MESSAGE][INFO] - Checking timeout

2021-11-19 17:04:10 - [MESSAGE][INFO] - Finding web element with id: 'Object Repository/Olusturma/Genel/OnEkSecilir/OnEkAdi' located by 'By.cssSelector: #InvoicePrefix_DDD_L_LBT td' in '10' second(s)

2021-11-19 17:04:10 - [MESSAGE][INFO] - Smart Wait Function is triggered

2021-11-19 17:04:11 - [MESSAGE][INFO] - Found 1 web elements with id: 'Object Repository/Olusturma/Genel/OnEkSecilir/OnEkAdi' located by 'By.cssSelector: #InvoicePrefix_DDD_L_LBT td' in '10' second(s)

2021-11-19 17:04:11 - [MESSAGE][PASSED] - Method.TextDegerineEsitElementeTiklaEquals is PASSED

2021-11-19 17:04:11 - [MESSAGE][PASSED] - Call Test Case 'Test Cases/Olusturma/Genel/OnEkSecilir' successfully

2021-11-19 17:04:11 - [MESSAGE][INFO] - Checking called Test Case

2021-11-19 17:04:11 - [MESSAGE][INFO] - Starting to call Test Case 'Test Cases/Olusturma/Genel/GonderimSekliSecilir'

2021-11-19 17:04:11 - [TEST_CASE][PASSED] - Test Cases/Olusturma/Genel/GonderimSekliSecilir: Test Cases/Olusturma/Genel/GonderimSekliSecilir

2021-11-19 17:04:11 - [TEST_STEP][PASSED] - waitForElementClickable(findTestObject("Object Repository/Olusturma/Genel/GonderimSekli/GonderimSekli"), 10): Object 'Object Repository/Olusturma/Genel/GonderimSekli/GonderimSekli' is clickable

2021-11-19 17:04:11 - [MESSAGE][INFO] - Finding Test Object 'Object Repository/Olusturma/Genel/GonderimSekli/GonderimSekli'

2021-11-19 17:04:11 - [MESSAGE][INFO] - Checking object

2021-11-19 17:04:11 - [MESSAGE][INFO] - Checking timeout

2021-11-19 17:04:11 - [MESSAGE][INFO] - Finding web element from Test Object's properties

2021-11-19 17:04:11 - [MESSAGE][INFO] - Checking timeout

2021-11-19 17:04:11 - [MESSAGE][INFO] - Finding web element with id: 'Object Repository/Olusturma/Genel/GonderimSekli/GonderimSekli' located by 'By.xpath: //*[@id = 'txtGonderimSekil_I']' in '10' second(s)

2021-11-19 17:04:11 - [MESSAGE][INFO] - Smart Wait Function is triggered

2021-11-19 17:04:11 - [MESSAGE][INFO] - Found 1 web elements with id: 'Object Repository/Olusturma/Genel/GonderimSekli/GonderimSekli' located by 'By.xpath: //*[@id = 'txtGonderimSekil_I']' in '10' second(s)

2021-11-19 17:04:11 - [MESSAGE][PASSED] - Object 'Object Repository/Olusturma/Genel/GonderimSekli/GonderimSekli' is clickable

2021-11-19 17:04:11 - [TEST_STEP][PASSED] - click(findTestObject("Object Repository/Olusturma/Genel/GonderimSekli/GonderimSekli")): Object: 'Object Repository/Olusturma/Genel/GonderimSekli/GonderimSekli' is clicked on

2021-11-19 17:04:11 - [MESSAGE][INFO] - Finding Test Object 'Object Repository/Olusturma/Genel/GonderimSekli/GonderimSekli'

2021-11-19 17:04:11 - [MESSAGE][INFO] - Checking object

2021-11-19 17:04:11 - [MESSAGE][INFO] - Finding web element from Test Object's properties

2021-11-19 17:04:11 - [MESSAGE][INFO] - Checking timeout

2021-11-19 17:04:11 - [MESSAGE][INFO] - Finding web element with id: 'Object Repository/Olusturma/Genel/GonderimSekli/GonderimSekli' located by 'By.xpath: //*[@id = 'txtGonderimSekil_I']' in '30' second(s)

2021-11-19 17:04:11 - [MESSAGE][INFO] - Smart Wait Function is triggered

2021-11-19 17:04:12 - [MESSAGE][INFO] - Found 1 web elements with id: 'Object Repository/Olusturma/Genel/GonderimSekli/GonderimSekli' located by 'By.xpath: //*[@id = 'txtGonderimSekil_I']' in '30' second(s)

2021-11-19 17:04:12 - [MESSAGE][INFO] - Clicking on object: 'Object Repository/Olusturma/Genel/GonderimSekli/GonderimSekli'

2021-11-19 17:04:12 - [MESSAGE][PASSED] - Object: 'Object Repository/Olusturma/Genel/GonderimSekli/GonderimSekli' is clicked on

2021-11-19 17:04:12 - [TEST_STEP][PASSED] - Method.TextDegerineEsitElementeTikla(findTestObject("Object Repository/Olusturma/Genel/GonderimSekli/GonderimSekliAdi"), GonderimSekli): Method.TextDegerineEsitElementeTikla is PASSED

2021-11-19 17:04:12 - [MESSAGE][INFO] - Finding Test Object 'Object Repository/Olusturma/Genel/GonderimSekli/GonderimSekliAdi'

2021-11-19 17:04:12 - [MESSAGE][INFO] - Checking timeout

2021-11-19 17:04:12 - [MESSAGE][INFO] - Finding web element with id: 'Object Repository/Olusturma/Genel/GonderimSekli/GonderimSekliAdi' located by 'By.cssSelector: #txtGonderimSekil_DDD_L_LBT td' in '10' second(s)

2021-11-19 17:04:12 - [MESSAGE][INFO] - Smart Wait Function is triggered

2021-11-19 17:04:12 - [MESSAGE][INFO] - Found 2 web elements with id: 'Object Repository/Olusturma/Genel/GonderimSekli/GonderimSekliAdi' located by 'By.cssSelector: #txtGonderimSekil_DDD_L_LBT td' in '10' second(s)

2021-11-19 17:04:12 - [MESSAGE][PASSED] - Method.TextDegerineEsitElementeTikla is PASSED

2021-11-19 17:04:12 - [MESSAGE][PASSED] - Call Test Case 'Test Cases/Olusturma/Genel/GonderimSekliSecilir' successfully

2021-11-19 17:04:12 - [MESSAGE][INFO] - Checking called Test Case

2021-11-19 17:04:12 - [MESSAGE][INFO] - Starting to call Test Case 'Test Cases/Olusturma/Genel/TipSecilir'

2021-11-19 17:04:13 - [TEST_CASE][PASSED] - Test Cases/Olusturma/Genel/TipSecilir: Test Cases/Olusturma/Genel/TipSecilir

2021-11-19 17:04:13 - [TEST_STEP][PASSED] - waitForElementClickable(findTestObject("Olusturma/Genel/TipSecilir/Tip"), 10): Object 'Object Repository/Olusturma/Genel/TipSecilir/Tip' is clickable

2021-11-19 17:04:13 - [MESSAGE][INFO] - Finding Test Object 'Object Repository/Olusturma/Genel/TipSecilir/Tip'

2021-11-19 17:04:13 - [MESSAGE][INFO] - Checking object

2021-11-19 17:04:13 - [MESSAGE][INFO] - Checking timeout

2021-11-19 17:04:13 - [MESSAGE][INFO] - Finding web element from Test Object's properties

2021-11-19 17:04:13 - [MESSAGE][INFO] - Checking timeout

2021-11-19 17:04:13 - [MESSAGE][INFO] - Finding web element with id: 'Object Repository/Olusturma/Genel/TipSecilir/Tip' located by 'By.xpath: //*[@id = 'DocumentTypeCode_I']' in '10' second(s)

2021-11-19 17:04:13 - [MESSAGE][INFO] - Smart Wait Function is triggered

2021-11-19 17:04:13 - [MESSAGE][INFO] - Found 1 web elements with id: 'Object Repository/Olusturma/Genel/TipSecilir/Tip' located by 'By.xpath: //*[@id = 'DocumentTypeCode_I']' in '10' second(s)

2021-11-19 17:04:13 - [MESSAGE][PASSED] - Object 'Object Repository/Olusturma/Genel/TipSecilir/Tip' is clickable

2021-11-19 17:04:13 - [TEST_STEP][PASSED] - click(findTestObject("Olusturma/Genel/TipSecilir/Tip")): Object: 'Object Repository/Olusturma/Genel/TipSecilir/Tip' is clicked on

2021-11-19 17:04:13 - [MESSAGE][INFO] - Finding Test Object 'Object Repository/Olusturma/Genel/TipSecilir/Tip'

2021-11-19 17:04:13 - [MESSAGE][INFO] - Checking object

2021-11-19 17:04:13 - [MESSAGE][INFO] - Finding web element from Test Object's properties

2021-11-19 17:04:13 - [MESSAGE][INFO] - Checking timeout

2021-11-19 17:04:13 - [MESSAGE][INFO] - Finding web element with id: 'Object Repository/Olusturma/Genel/TipSecilir/Tip' located by 'By.xpath: //*[@id = 'DocumentTypeCode_I']' in '30' second(s)

2021-11-19 17:04:13 - [MESSAGE][INFO] - Smart Wait Function is triggered

2021-11-19 17:04:13 - [MESSAGE][INFO] - Found 1 web elements with id: 'Object Repository/Olusturma/Genel/TipSecilir/Tip' located by 'By.xpath: //*[@id = 'DocumentTypeCode_I']' in '30' second(s)

2021-11-19 17:04:13 - [MESSAGE][INFO] - Clicking on object: 'Object Repository/Olusturma/Genel/TipSecilir/Tip'

2021-11-19 17:04:14 - [MESSAGE][PASSED] - Object: 'Object Repository/Olusturma/Genel/TipSecilir/Tip' is clicked on

2021-11-19 17:04:14 - [TEST_STEP][PASSED] - Method.TextDegerineEsitElementeTikla(findTestObject("Object Repository/Olusturma/Genel/TipSecilir/Tip_Adi"), Tip): Method.TextDegerineEsitElementeTikla is PASSED

2021-11-19 17:04:14 - [MESSAGE][INFO] - Finding Test Object 'Object Repository/Olusturma/Genel/TipSecilir/Tip_Adi'

2021-11-19 17:04:14 - [MESSAGE][INFO] - Checking timeout

2021-11-19 17:04:14 - [MESSAGE][INFO] - Finding web element with id: 'Object Repository/Olusturma/Genel/TipSecilir/Tip_Adi' located by 'By.cssSelector: #DocumentTypeCode_DDD_L_LBT td' in '10' second(s)

2021-11-19 17:04:14 - [MESSAGE][INFO] - Smart Wait Function is triggered

2021-11-19 17:04:14 - [MESSAGE][INFO] - Found 7 web elements with id: 'Object Repository/Olusturma/Genel/TipSecilir/Tip_Adi' located by 'By.cssSelector: #DocumentTypeCode_DDD_L_LBT td' in '10' second(s)

2021-11-19 17:04:14 - [MESSAGE][PASSED] - Method.TextDegerineEsitElementeTikla is PASSED

2021-11-19 17:04:14 - [MESSAGE][PASSED] - Call Test Case 'Test Cases/Olusturma/Genel/TipSecilir' successfully

2021-11-19 17:04:14 - [MESSAGE][INFO] - Checking called Test Case

2021-11-19 17:04:14 - [MESSAGE][INFO] - Starting to call Test Case 'Test Cases/Olusturma/Genel/DokumanParaBirimiSecilir'

2021-11-19 17:04:14 - [TEST_CASE][PASSED] - Test Cases/Olusturma/Genel/DokumanParaBirimiSecilir: Test Cases/Olusturma/Genel/DokumanParaBirimiSecilir

2021-11-19 17:04:14 - [TEST_STEP][PASSED] - waitForElementClickable(findTestObject("Object Repository/Olusturma/Genel/DokumanParaBirimiSecilir/Para"), 10): Object 'Object Repository/Olusturma/Genel/DokumanParaBirimiSecilir/Para' is clickable

2021-11-19 17:04:14 - [MESSAGE][INFO] - Finding Test Object 'Object Repository/Olusturma/Genel/DokumanParaBirimiSecilir/Para'

2021-11-19 17:04:14 - [MESSAGE][INFO] - Checking object

2021-11-19 17:04:14 - [MESSAGE][INFO] - Checking timeout

2021-11-19 17:04:14 - [MESSAGE][INFO] - Finding web element from Test Object's properties

2021-11-19 17:04:14 - [MESSAGE][INFO] - Checking timeout

2021-11-19 17:04:14 - [MESSAGE][INFO] - Finding web element with id: 'Object Repository/Olusturma/Genel/DokumanParaBirimiSecilir/Para' located by 'By.xpath: //*[@id = 'CurrencyUnit_I']' in '10' second(s)

2021-11-19 17:04:14 - [MESSAGE][INFO] - Smart Wait Function is triggered

2021-11-19 17:04:15 - [MESSAGE][INFO] - Found 1 web elements with id: 'Object Repository/Olusturma/Genel/DokumanParaBirimiSecilir/Para' located by 'By.xpath: //*[@id = 'CurrencyUnit_I']' in '10' second(s)

2021-11-19 17:04:15 - [MESSAGE][PASSED] - Object 'Object Repository/Olusturma/Genel/DokumanParaBirimiSecilir/Para' is clickable

2021-11-19 17:04:15 - [TEST_STEP][PASSED] - click(findTestObject("Object Repository/Olusturma/Genel/DokumanParaBirimiSecilir/Para")): Object: 'Object Repository/Olusturma/Genel/DokumanParaBirimiSecilir/Para' is clicked on

2021-11-19 17:04:15 - [MESSAGE][INFO] - Finding Test Object 'Object Repository/Olusturma/Genel/DokumanParaBirimiSecilir/Para'

2021-11-19 17:04:15 - [MESSAGE][INFO] - Checking object

2021-11-19 17:04:15 - [MESSAGE][INFO] - Finding web element from Test Object's properties

2021-11-19 17:04:15 - [MESSAGE][INFO] - Checking timeout

2021-11-19 17:04:15 - [MESSAGE][INFO] - Finding web element with id: 'Object Repository/Olusturma/Genel/DokumanParaBirimiSecilir/Para' located by 'By.xpath: //*[@id = 'CurrencyUnit_I']' in '30' second(s)

2021-11-19 17:04:15 - [MESSAGE][INFO] - Smart Wait Function is triggered

2021-11-19 17:04:15 - [MESSAGE][INFO] - Found 1 web elements with id: 'Object Repository/Olusturma/Genel/DokumanParaBirimiSecilir/Para' located by 'By.xpath: //*[@id = 'CurrencyUnit_I']' in '30' second(s)

2021-11-19 17:04:15 - [MESSAGE][INFO] - Clicking on object: 'Object Repository/Olusturma/Genel/DokumanParaBirimiSecilir/Para'

2021-11-19 17:04:15 - [MESSAGE][PASSED] - Object: 'Object Repository/Olusturma/Genel/DokumanParaBirimiSecilir/Para' is clicked on

2021-11-19 17:04:15 - [TEST_STEP][PASSED] - Method.TextDegerineEsitElementeTikla(findTestObject("Object Repository/Olusturma/Genel/DokumanParaBirimiSecilir/Para_Adi"), Para): Method.TextDegerineEsitElementeTikla is PASSED

2021-11-19 17:04:15 - [MESSAGE][INFO] - Finding Test Object 'Object Repository/Olusturma/Genel/DokumanParaBirimiSecilir/Para_Adi'

2021-11-19 17:04:15 - [MESSAGE][INFO] - Checking timeout

2021-11-19 17:04:15 - [MESSAGE][INFO] - Finding web element with id: 'Object Repository/Olusturma/Genel/DokumanParaBirimiSecilir/Para_Adi' located by 'By.cssSelector: #CurrencyUnit_DDD_L_LBT td' in '10' second(s)

2021-11-19 17:04:15 - [MESSAGE][INFO] - Smart Wait Function is triggered

2021-11-19 17:04:16 - [MESSAGE][INFO] - Found 203 web elements with id: 'Object Repository/Olusturma/Genel/DokumanParaBirimiSecilir/Para_Adi' located by 'By.cssSelector: #CurrencyUnit_DDD_L_LBT td' in '10' second(s)

2021-11-19 17:04:19 - [MESSAGE][PASSED] - Method.TextDegerineEsitElementeTikla is PASSED

2021-11-19 17:04:19 - [MESSAGE][PASSED] - Call Test Case 'Test Cases/Olusturma/Genel/DokumanParaBirimiSecilir' successfully

2021-11-19 17:04:19 - [MESSAGE][INFO] - Checking called Test Case

2021-11-19 17:04:19 - [MESSAGE][INFO] - Starting to call Test Case 'Test Cases/Olusturma/Genel/TasarimSecilir'

2021-11-19 17:04:19 - [TEST_CASE][PASSED] - Test Cases/Olusturma/Genel/TasarimSecilir: Test Cases/Olusturma/Genel/TasarimSecilir

2021-11-19 17:04:19 - [TEST_STEP][PASSED] - waitForElementClickable(findTestObject("Object Repository/Olusturma/Genel/TasarimSecilir/Tasarim"), 10): Object 'Object Repository/Olusturma/Genel/TasarimSecilir/Tasarim' is clickable

2021-11-19 17:04:19 - [MESSAGE][INFO] - Finding Test Object 'Object Repository/Olusturma/Genel/TasarimSecilir/Tasarim'

2021-11-19 17:04:19 - [MESSAGE][INFO] - Checking object

2021-11-19 17:04:19 - [MESSAGE][INFO] - Checking timeout

2021-11-19 17:04:19 - [MESSAGE][INFO] - Finding web element from Test Object's properties

2021-11-19 17:04:19 - [MESSAGE][INFO] - Checking timeout

2021-11-19 17:04:19 - [MESSAGE][INFO] - Finding web element with id: 'Object Repository/Olusturma/Genel/TasarimSecilir/Tasarim' located by 'By.xpath: //*[@id = 'DesignId_I']' in '10' second(s)

2021-11-19 17:04:19 - [MESSAGE][INFO] - Smart Wait Function is triggered

2021-11-19 17:04:20 - [MESSAGE][INFO] - Found 1 web elements with id: 'Object Repository/Olusturma/Genel/TasarimSecilir/Tasarim' located by 'By.xpath: //*[@id = 'DesignId_I']' in '10' second(s)

2021-11-19 17:04:20 - [MESSAGE][PASSED] - Object 'Object Repository/Olusturma/Genel/TasarimSecilir/Tasarim' is clickable

2021-11-19 17:04:20 - [TEST_STEP][PASSED] - click(findTestObject("Object Repository/Olusturma/Genel/TasarimSecilir/Tasarim")): Object: 'Object Repository/Olusturma/Genel/TasarimSecilir/Tasarim' is clicked on

2021-11-19 17:04:20 - [MESSAGE][INFO] - Finding Test Object 'Object Repository/Olusturma/Genel/TasarimSecilir/Tasarim'

2021-11-19 17:04:20 - [MESSAGE][INFO] - Checking object

2021-11-19 17:04:20 - [MESSAGE][INFO] - Finding web element from Test Object's properties

2021-11-19 17:04:20 - [MESSAGE][INFO] - Checking timeout

2021-11-19 17:04:20 - [MESSAGE][INFO] - Finding web element with id: 'Object Repository/Olusturma/Genel/TasarimSecilir/Tasarim' located by 'By.xpath: //*[@id = 'DesignId_I']' in '30' second(s)

2021-11-19 17:04:20 - [MESSAGE][INFO] - Smart Wait Function is triggered

2021-11-19 17:04:20 - [MESSAGE][INFO] - Found 1 web elements with id: 'Object Repository/Olusturma/Genel/TasarimSecilir/Tasarim' located by 'By.xpath: //*[@id = 'DesignId_I']' in '30' second(s)

2021-11-19 17:04:20 - [MESSAGE][INFO] - Clicking on object: 'Object Repository/Olusturma/Genel/TasarimSecilir/Tasarim'

2021-11-19 17:04:20 - [MESSAGE][PASSED] - Object: 'Object Repository/Olusturma/Genel/TasarimSecilir/Tasarim' is clicked on

2021-11-19 17:04:20 - [TEST_STEP][PASSED] - Method.TextDegerineEsitElementeTikla(findTestObject("Object Repository/Olusturma/Genel/TasarimSecilir/Tasarim_Adi"), Tasarim): Method.TextDegerineEsitElementeTikla is PASSED

2021-11-19 17:04:20 - [MESSAGE][INFO] - Finding Test Object 'Object Repository/Olusturma/Genel/TasarimSecilir/Tasarim_Adi'

2021-11-19 17:04:20 - [MESSAGE][INFO] - Checking timeout

2021-11-19 17:04:20 - [MESSAGE][INFO] - Finding web element with id: 'Object Repository/Olusturma/Genel/TasarimSecilir/Tasarim_Adi' located by 'By.cssSelector: #DesignId_DDD_L_LBT td' in '10' second(s)

2021-11-19 17:04:20 - [MESSAGE][INFO] - Smart Wait Function is triggered

2021-11-19 17:04:20 - [MESSAGE][INFO] - Found 5 web elements with id: 'Object Repository/Olusturma/Genel/TasarimSecilir/Tasarim_Adi' located by 'By.cssSelector: #DesignId_DDD_L_LBT td' in '10' second(s)

2021-11-19 17:04:21 - [MESSAGE][PASSED] - Method.TextDegerineEsitElementeTikla is PASSED

2021-11-19 17:04:21 - [MESSAGE][PASSED] - Call Test Case 'Test Cases/Olusturma/Genel/TasarimSecilir' successfully

2021-11-19 17:04:21 - [MESSAGE][INFO] - Checking called Test Case

2021-11-19 17:04:21 - [MESSAGE][INFO] - Starting to call Test Case 'Test Cases/Olusturma/Genel/Kutular/SiparisBilgileriGirilir'

2021-11-19 17:04:21 - [TEST_CASE][PASSED] - Test Cases/Olusturma/Genel/Kutular/SiparisBilgileriGirilir: Test Cases/Olusturma/Genel/Kutular/SiparisBilgileriGirilir

2021-11-19 17:04:21 - [TEST_STEP][PASSED] - Method.TextDegerineEsitElementeTikla(findTestObject("Olusturma/Genel/Kutular/KapaliKutular"), "Sipariş Bilgileri"): Method.TextDegerineEsitElementeTikla is PASSED

2021-11-19 17:04:21 - [MESSAGE][INFO] - Finding Test Object 'Object Repository/Olusturma/Genel/Kutular/KapaliKutular'

2021-11-19 17:04:21 - [MESSAGE][INFO] - Checking timeout

2021-11-19 17:04:21 - [MESSAGE][INFO] - Finding web element with id: 'Object Repository/Olusturma/Genel/Kutular/KapaliKutular' located by 'By.cssSelector: .dxnb-headerCollapsed>span' in '10' second(s)

2021-11-19 17:04:21 - [MESSAGE][INFO] - Smart Wait Function is triggered

2021-11-19 17:04:21 - [MESSAGE][INFO] - Found 9 web elements with id: 'Object Repository/Olusturma/Genel/Kutular/KapaliKutular' located by 'By.cssSelector: .dxnb-headerCollapsed>span' in '10' second(s)

2021-11-19 17:04:21 - [MESSAGE][PASSED] - Method.TextDegerineEsitElementeTikla is PASSED

2021-11-19 17:04:21 - [TEST_STEP][PASSED] - waitForElementPresent(findTestObject("Object Repository/Olusturma/Genel/Kutular/SiparisBilgileri/SiparisNo"), 10): Object 'Object Repository/Olusturma/Genel/Kutular/SiparisBilgileri/SiparisNo' is present

2021-11-19 17:04:21 - [MESSAGE][INFO] - Finding Test Object 'Object Repository/Olusturma/Genel/Kutular/SiparisBilgileri/SiparisNo'

2021-11-19 17:04:21 - [MESSAGE][INFO] - Checking object

2021-11-19 17:04:21 - [MESSAGE][INFO] - Finding web element from Test Object's properties

2021-11-19 17:04:21 - [MESSAGE][INFO] - Checking timeout

2021-11-19 17:04:21 - [MESSAGE][INFO] - Finding web element with id: 'Object Repository/Olusturma/Genel/Kutular/SiparisBilgileri/SiparisNo' located by 'By.xpath: //*[@id = 'txtSiparisNo_I']' in '10' second(s)

2021-11-19 17:04:21 - [MESSAGE][INFO] - Smart Wait Function is triggered

2021-11-19 17:04:21 - [MESSAGE][INFO] - Found 1 web elements with id: 'Object Repository/Olusturma/Genel/Kutular/SiparisBilgileri/SiparisNo' located by 'By.xpath: //*[@id = 'txtSiparisNo_I']' in '10' second(s)

2021-11-19 17:04:21 - [MESSAGE][PASSED] - Object 'Object Repository/Olusturma/Genel/Kutular/SiparisBilgileri/SiparisNo' is present

2021-11-19 17:04:21 - [TEST_STEP][PASSED] - clearText(findTestObject("Object Repository/Olusturma/Genel/Kutular/SiparisBilgileri/SiparisNo")): Text of object 'Object Repository/Olusturma/Genel/Kutular/SiparisBilgileri/SiparisNo' is cleared

2021-11-19 17:04:21 - [MESSAGE][INFO] - Finding Test Object 'Object Repository/Olusturma/Genel/Kutular/SiparisBilgileri/SiparisNo'

2021-11-19 17:04:22 - [MESSAGE][INFO] - Checking object

2021-11-19 17:04:22 - [MESSAGE][INFO] - Finding web element from Test Object's properties

2021-11-19 17:04:22 - [MESSAGE][INFO] - Checking timeout

2021-11-19 17:04:22 - [MESSAGE][INFO] - Finding web element with id: 'Object Repository/Olusturma/Genel/Kutular/SiparisBilgileri/SiparisNo' located by 'By.xpath: //*[@id = 'txtSiparisNo_I']' in '30' second(s)

2021-11-19 17:04:22 - [MESSAGE][INFO] - Smart Wait Function is triggered

2021-11-19 17:04:22 - [MESSAGE][INFO] - Found 1 web elements with id: 'Object Repository/Olusturma/Genel/Kutular/SiparisBilgileri/SiparisNo' located by 'By.xpath: //*[@id = 'txtSiparisNo_I']' in '30' second(s)

2021-11-19 17:04:22 - [MESSAGE][INFO] - Clearing text of object 'Object Repository/Olusturma/Genel/Kutular/SiparisBilgileri/SiparisNo'

2021-11-19 17:04:22 - [MESSAGE][PASSED] - Text of object 'Object Repository/Olusturma/Genel/Kutular/SiparisBilgileri/SiparisNo' is cleared

2021-11-19 17:04:22 - [TEST_STEP][PASSED] - sendKeys(findTestObject("Object Repository/Olusturma/Genel/Kutular/SiparisBilgileri/SiparisNo"), SiparisNo): Keys 'UUC-SAT-1200001' sent to object: 'Object Repository/Olusturma/Genel/Kutular/SiparisBilgileri/SiparisNo'

2021-11-19 17:04:22 - [MESSAGE][INFO] - Finding Test Object 'Object Repository/Olusturma/Genel/Kutular/SiparisBilgileri/SiparisNo'

2021-11-19 17:04:22 - [MESSAGE][INFO] - Sending keys 'UUC-SAT-1200001' to object: 'Object Repository/Olusturma/Genel/Kutular/SiparisBilgileri/SiparisNo'

2021-11-19 17:04:22 - [MESSAGE][INFO] - Finding web element from Test Object's properties

2021-11-19 17:04:22 - [MESSAGE][INFO] - Checking timeout

2021-11-19 17:04:22 - [MESSAGE][INFO] - Finding web element with id: 'Object Repository/Olusturma/Genel/Kutular/SiparisBilgileri/SiparisNo' located by 'By.xpath: //*[@id = 'txtSiparisNo_I']' in '30' second(s)

2021-11-19 17:04:22 - [MESSAGE][INFO] - Smart Wait Function is triggered

2021-11-19 17:04:22 - [MESSAGE][INFO] - Found 1 web elements with id: 'Object Repository/Olusturma/Genel/Kutular/SiparisBilgileri/SiparisNo' located by 'By.xpath: //*[@id = 'txtSiparisNo_I']' in '30' second(s)

2021-11-19 17:04:23 - [MESSAGE][PASSED] - Keys 'UUC-SAT-1200001' sent to object: 'Object Repository/Olusturma/Genel/Kutular/SiparisBilgileri/SiparisNo'

2021-11-19 17:04:23 - [TEST_STEP][PASSED] - waitForElementClickable(findTestObject("Object Repository/Olusturma/Genel/Kutular/SiparisBilgileri/SiparisTarihiImage"), 10): Object 'Object Repository/Olusturma/Genel/Kutular/SiparisBilgileri/SiparisTarihiImage' is clickable

2021-11-19 17:04:23 - [MESSAGE][INFO] - Finding Test Object 'Object Repository/Olusturma/Genel/Kutular/SiparisBilgileri/SiparisTarihiImage'

2021-11-19 17:04:23 - [MESSAGE][INFO] - Checking object

2021-11-19 17:04:23 - [MESSAGE][INFO] - Checking timeout

2021-11-19 17:04:23 - [MESSAGE][INFO] - Finding web element from Test Object's properties

2021-11-19 17:04:23 - [MESSAGE][INFO] - Checking timeout

2021-11-19 17:04:23 - [MESSAGE][INFO] - Finding web element with id: 'Object Repository/Olusturma/Genel/Kutular/SiparisBilgileri/SiparisTarihiImage' located by 'By.cssSelector: #dateSiparisTarih img' in '10' second(s)

2021-11-19 17:04:23 - [MESSAGE][INFO] - Smart Wait Function is triggered

2021-11-19 17:04:23 - [MESSAGE][INFO] - Found 1 web elements with id: 'Object Repository/Olusturma/Genel/Kutular/SiparisBilgileri/SiparisTarihiImage' located by 'By.cssSelector: #dateSiparisTarih img' in '10' second(s)

2021-11-19 17:04:23 - [MESSAGE][PASSED] - Object 'Object Repository/Olusturma/Genel/Kutular/SiparisBilgileri/SiparisTarihiImage' is clickable

2021-11-19 17:04:23 - [TEST_STEP][PASSED] - click(findTestObject("Object Repository/Olusturma/Genel/Kutular/SiparisBilgileri/SiparisTarihiImage")): Object: 'Object Repository/Olusturma/Genel/Kutular/SiparisBilgileri/SiparisTarihiImage' is clicked on

2021-11-19 17:04:23 - [MESSAGE][INFO] - Finding Test Object 'Object Repository/Olusturma/Genel/Kutular/SiparisBilgileri/SiparisTarihiImage'

2021-11-19 17:04:23 - [MESSAGE][INFO] - Checking object

2021-11-19 17:04:23 - [MESSAGE][INFO] - Finding web element from Test Object's properties

2021-11-19 17:04:23 - [MESSAGE][INFO] - Checking timeout

2021-11-19 17:04:23 - [MESSAGE][INFO] - Finding web element with id: 'Object Repository/Olusturma/Genel/Kutular/SiparisBilgileri/SiparisTarihiImage' located by 'By.cssSelector: #dateSiparisTarih img' in '30' second(s)

2021-11-19 17:04:23 - [MESSAGE][INFO] - Smart Wait Function is triggered

2021-11-19 17:04:23 - [MESSAGE][INFO] - Found 1 web elements with id: 'Object Repository/Olusturma/Genel/Kutular/SiparisBilgileri/SiparisTarihiImage' located by 'By.cssSelector: #dateSiparisTarih img' in '30' second(s)

2021-11-19 17:04:23 - [MESSAGE][INFO] - Clicking on object: 'Object Repository/Olusturma/Genel/Kutular/SiparisBilgileri/SiparisTarihiImage'

2021-11-19 17:04:23 - [MESSAGE][PASSED] - Object: 'Object Repository/Olusturma/Genel/Kutular/SiparisBilgileri/SiparisTarihiImage' is clicked on

2021-11-19 17:04:23 - [TEST_STEP][PASSED] - waitForElementPresent(findTestObject("Object Repository/Olusturma/Genel/Kutular/SiparisBilgileri/SiparisTarihi"), 10): Object 'Object Repository/Olusturma/Genel/Kutular/SiparisBilgileri/SiparisTarihi' is present

2021-11-19 17:04:23 - [MESSAGE][INFO] - Finding Test Object 'Object Repository/Olusturma/Genel/Kutular/SiparisBilgileri/SiparisTarihi'

2021-11-19 17:04:24 - [MESSAGE][INFO] - Checking object

2021-11-19 17:04:24 - [MESSAGE][INFO] - Finding web element from Test Object's properties

2021-11-19 17:04:24 - [MESSAGE][INFO] - Checking timeout

2021-11-19 17:04:24 - [MESSAGE][INFO] - Finding web element with id: 'Object Repository/Olusturma/Genel/Kutular/SiparisBilgileri/SiparisTarihi' located by 'By.xpath: //*[@id = 'dateSiparisTarih_I']' in '10' second(s)

2021-11-19 17:04:24 - [MESSAGE][INFO] - Smart Wait Function is triggered

2021-11-19 17:04:24 - [MESSAGE][INFO] - Found 1 web elements with id: 'Object Repository/Olusturma/Genel/Kutular/SiparisBilgileri/SiparisTarihi' located by 'By.xpath: //*[@id = 'dateSiparisTarih_I']' in '10' second(s)

2021-11-19 17:04:24 - [MESSAGE][PASSED] - Object 'Object Repository/Olusturma/Genel/Kutular/SiparisBilgileri/SiparisTarihi' is present

2021-11-19 17:04:24 - [TEST_STEP][PASSED] - clearText(findTestObject("Object Repository/Olusturma/Genel/Kutular/SiparisBilgileri/SiparisTarihi")): Text of object 'Object Repository/Olusturma/Genel/Kutular/SiparisBilgileri/SiparisTarihi' is cleared

2021-11-19 17:04:24 - [MESSAGE][INFO] - Finding Test Object 'Object Repository/Olusturma/Genel/Kutular/SiparisBilgileri/SiparisTarihi'

2021-11-19 17:04:24 - [MESSAGE][INFO] - Checking object

2021-11-19 17:04:24 - [MESSAGE][INFO] - Finding web element from Test Object's properties

2021-11-19 17:04:24 - [MESSAGE][INFO] - Checking timeout

2021-11-19 17:04:24 - [MESSAGE][INFO] - Finding web element with id: 'Object Repository/Olusturma/Genel/Kutular/SiparisBilgileri/SiparisTarihi' located by 'By.xpath: //*[@id = 'dateSiparisTarih_I']' in '30' second(s)

2021-11-19 17:04:24 - [MESSAGE][INFO] - Smart Wait Function is triggered

2021-11-19 17:04:24 - [MESSAGE][INFO] - Found 1 web elements with id: 'Object Repository/Olusturma/Genel/Kutular/SiparisBilgileri/SiparisTarihi' located by 'By.xpath: //*[@id = 'dateSiparisTarih_I']' in '30' second(s)

2021-11-19 17:04:24 - [MESSAGE][INFO] - Clearing text of object 'Object Repository/Olusturma/Genel/Kutular/SiparisBilgileri/SiparisTarihi'

2021-11-19 17:04:25 - [MESSAGE][PASSED] - Text of object 'Object Repository/Olusturma/Genel/Kutular/SiparisBilgileri/SiparisTarihi' is cleared

2021-11-19 17:04:25 - [TEST_STEP][PASSED] - sendKeys(findTestObject("Object Repository/Olusturma/Genel/Kutular/SiparisBilgileri/SiparisTarihi"), Tarih): Keys '31.06.2021' sent to object: 'Object Repository/Olusturma/Genel/Kutular/SiparisBilgileri/SiparisTarihi'

2021-11-19 17:04:25 - [MESSAGE][INFO] - Finding Test Object 'Object Repository/Olusturma/Genel/Kutular/SiparisBilgileri/SiparisTarihi'

2021-11-19 17:04:25 - [MESSAGE][INFO] - Sending keys '31.06.2021' to object: 'Object Repository/Olusturma/Genel/Kutular/SiparisBilgileri/SiparisTarihi'

2021-11-19 17:04:25 - [MESSAGE][INFO] - Finding web element from Test Object's properties

2021-11-19 17:04:25 - [MESSAGE][INFO] - Checking timeout

2021-11-19 17:04:25 - [MESSAGE][INFO] - Finding web element with id: 'Object Repository/Olusturma/Genel/Kutular/SiparisBilgileri/SiparisTarihi' located by 'By.xpath: //*[@id = 'dateSiparisTarih_I']' in '30' second(s)

2021-11-19 17:04:25 - [MESSAGE][INFO] - Smart Wait Function is triggered

2021-11-19 17:04:25 - [MESSAGE][INFO] - Found 1 web elements with id: 'Object Repository/Olusturma/Genel/Kutular/SiparisBilgileri/SiparisTarihi' located by 'By.xpath: //*[@id = 'dateSiparisTarih_I']' in '30' second(s)

2021-11-19 17:04:25 - [MESSAGE][PASSED] - Keys '31.06.2021' sent to object: 'Object Repository/Olusturma/Genel/Kutular/SiparisBilgileri/SiparisTarihi'

2021-11-19 17:04:25 - [MESSAGE][PASSED] - Call Test Case 'Test Cases/Olusturma/Genel/Kutular/SiparisBilgileriGirilir' successfully

2021-11-19 17:04:25 - [MESSAGE][INFO] - Checking called Test Case

2021-11-19 17:04:25 - [MESSAGE][INFO] - Starting to call Test Case 'Test Cases/Olusturma/Genel/Kutular/IrsaliyeBilgileri'

2021-11-19 17:04:25 - [TEST_CASE][PASSED] - Test Cases/Olusturma/Genel/Kutular/IrsaliyeBilgileri: Test Cases/Olusturma/Genel/Kutular/IrsaliyeBilgileri

2021-11-19 17:04:25 - [TEST_STEP][PASSED] - Method.TextDegerineEsitElementeTikla(findTestObject("Olusturma/Genel/Kutular/KapaliKutular"), "İrsaliye Bilgileri"): Method.TextDegerineEsitElementeTikla is PASSED

2021-11-19 17:04:25 - [MESSAGE][INFO] - Finding Test Object 'Object Repository/Olusturma/Genel/Kutular/KapaliKutular'

2021-11-19 17:04:25 - [MESSAGE][INFO] - Checking timeout

2021-11-19 17:04:25 - [MESSAGE][INFO] - Finding web element with id: 'Object Repository/Olusturma/Genel/Kutular/KapaliKutular' located by 'By.cssSelector: .dxnb-headerCollapsed>span' in '10' second(s)

2021-11-19 17:04:25 - [MESSAGE][INFO] - Smart Wait Function is triggered

2021-11-19 17:04:26 - [MESSAGE][INFO] - Found 9 web elements with id: 'Object Repository/Olusturma/Genel/Kutular/KapaliKutular' located by 'By.cssSelector: .dxnb-headerCollapsed>span' in '10' second(s)

2021-11-19 17:04:26 - [MESSAGE][PASSED] - Method.TextDegerineEsitElementeTikla is PASSED

2021-11-19 17:04:26 - [TEST_STEP][PASSED] - waitForElementClickable(findTestObject("Olusturma/Genel/Kutular/IrsaliyeBilgileri/Ekle"), 10): Object 'Object Repository/Olusturma/Genel/Kutular/IrsaliyeBilgileri/Ekle' is clickable

2021-11-19 17:04:26 - [MESSAGE][INFO] - Finding Test Object 'Object Repository/Olusturma/Genel/Kutular/IrsaliyeBilgileri/Ekle'

2021-11-19 17:04:26 - [MESSAGE][INFO] - Checking object

2021-11-19 17:04:26 - [MESSAGE][INFO] - Checking timeout

2021-11-19 17:04:26 - [MESSAGE][INFO] - Finding web element from Test Object's properties

2021-11-19 17:04:26 - [MESSAGE][INFO] - Checking timeout

2021-11-19 17:04:26 - [MESSAGE][INFO] - Finding web element with id: 'Object Repository/Olusturma/Genel/Kutular/IrsaliyeBilgileri/Ekle' located by 'By.xpath: //*[@id = 'DXEditorgvUserInvoiceBillsNewRowBtn']' in '10' second(s)

2021-11-19 17:04:26 - [MESSAGE][INFO] - Smart Wait Function is triggered

2021-11-19 17:04:26 - [MESSAGE][INFO] - Found 1 web elements with id: 'Object Repository/Olusturma/Genel/Kutular/IrsaliyeBilgileri/Ekle' located by 'By.xpath: //*[@id = 'DXEditorgvUserInvoiceBillsNewRowBtn']' in '10' second(s)

2021-11-19 17:04:26 - [MESSAGE][PASSED] - Object 'Object Repository/Olusturma/Genel/Kutular/IrsaliyeBilgileri/Ekle' is clickable

2021-11-19 17:04:26 - [TEST_STEP][PASSED] - click(findTestObject("Olusturma/Genel/Kutular/IrsaliyeBilgileri/Ekle")): Object: 'Object Repository/Olusturma/Genel/Kutular/IrsaliyeBilgileri/Ekle' is clicked on

2021-11-19 17:04:26 - [MESSAGE][INFO] - Finding Test Object 'Object Repository/Olusturma/Genel/Kutular/IrsaliyeBilgileri/Ekle'

2021-11-19 17:04:26 - [MESSAGE][INFO] - Checking object

2021-11-19 17:04:26 - [MESSAGE][INFO] - Finding web element from Test Object's properties

2021-11-19 17:04:26 - [MESSAGE][INFO] - Checking timeout

2021-11-19 17:04:26 - [MESSAGE][INFO] - Finding web element with id: 'Object Repository/Olusturma/Genel/Kutular/IrsaliyeBilgileri/Ekle' located by 'By.xpath: //*[@id = 'DXEditorgvUserInvoiceBillsNewRowBtn']' in '30' second(s)

2021-11-19 17:04:26 - [MESSAGE][INFO] - Smart Wait Function is triggered

2021-11-19 17:04:27 - [MESSAGE][INFO] - Found 1 web elements with id: 'Object Repository/Olusturma/Genel/Kutular/IrsaliyeBilgileri/Ekle' located by 'By.xpath: //*[@id = 'DXEditorgvUserInvoiceBillsNewRowBtn']' in '30' second(s)

2021-11-19 17:04:27 - [MESSAGE][INFO] - Clicking on object: 'Object Repository/Olusturma/Genel/Kutular/IrsaliyeBilgileri/Ekle'

2021-11-19 17:04:27 - [MESSAGE][PASSED] - Object: 'Object Repository/Olusturma/Genel/Kutular/IrsaliyeBilgileri/Ekle' is clicked on

2021-11-19 17:04:27 - [TEST_STEP][PASSED] - waitForElementPresent(findTestObject("Object Repository/Olusturma/Genel/Kutular/IrsaliyeBilgileri/IrsaliyeNumarasi"), 10): Object 'Object Repository/Olusturma/Genel/Kutular/IrsaliyeBilgileri/IrsaliyeNumarasi' is present

2021-11-19 17:04:27 - [MESSAGE][INFO] - Finding Test Object 'Object Repository/Olusturma/Genel/Kutular/IrsaliyeBilgileri/IrsaliyeNumarasi'

2021-11-19 17:04:27 - [MESSAGE][INFO] - Checking object

2021-11-19 17:04:27 - [MESSAGE][INFO] - Finding web element from Test Object's properties

2021-11-19 17:04:27 - [MESSAGE][INFO] - Checking timeout

2021-11-19 17:04:27 - [MESSAGE][INFO] - Finding web element with id: 'Object Repository/Olusturma/Genel/Kutular/IrsaliyeBilgileri/IrsaliyeNumarasi' located by 'By.xpath: //*[@id = 'gvUserInvoiceBills_DXEditor1_I']' in '10' second(s)

2021-11-19 17:04:27 - [MESSAGE][INFO] - Smart Wait Function is triggered

2021-11-19 17:04:27 - [MESSAGE][INFO] - Smart Wait Function is triggered

2021-11-19 17:04:28 - [MESSAGE][INFO] - Found 1 web elements with id: 'Object Repository/Olusturma/Genel/Kutular/IrsaliyeBilgileri/IrsaliyeNumarasi' located by 'By.xpath: //*[@id = 'gvUserInvoiceBills_DXEditor1_I']' in '10' second(s)

2021-11-19 17:04:28 - [MESSAGE][PASSED] - Object 'Object Repository/Olusturma/Genel/Kutular/IrsaliyeBilgileri/IrsaliyeNumarasi' is present

2021-11-19 17:04:28 - [TEST_STEP][PASSED] - clearText(findTestObject("Object Repository/Olusturma/Genel/Kutular/IrsaliyeBilgileri/IrsaliyeNumarasi")): Text of object 'Object Repository/Olusturma/Genel/Kutular/IrsaliyeBilgileri/IrsaliyeNumarasi' is cleared

2021-11-19 17:04:28 - [MESSAGE][INFO] - Finding Test Object 'Object Repository/Olusturma/Genel/Kutular/IrsaliyeBilgileri/IrsaliyeNumarasi'

2021-11-19 17:04:28 - [MESSAGE][INFO] - Checking object

2021-11-19 17:04:28 - [MESSAGE][INFO] - Finding web element from Test Object's properties

2021-11-19 17:04:28 - [MESSAGE][INFO] - Checking timeout

2021-11-19 17:04:28 - [MESSAGE][INFO] - Finding web element with id: 'Object Repository/Olusturma/Genel/Kutular/IrsaliyeBilgileri/IrsaliyeNumarasi' located by 'By.xpath: //*[@id = 'gvUserInvoiceBills_DXEditor1_I']' in '30' second(s)

2021-11-19 17:04:28 - [MESSAGE][INFO] - Smart Wait Function is triggered

2021-11-19 17:04:28 - [MESSAGE][INFO] - Found 1 web elements with id: 'Object Repository/Olusturma/Genel/Kutular/IrsaliyeBilgileri/IrsaliyeNumarasi' located by 'By.xpath: //*[@id = 'gvUserInvoiceBills_DXEditor1_I']' in '30' second(s)

2021-11-19 17:04:28 - [MESSAGE][INFO] - Clearing text of object 'Object Repository/Olusturma/Genel/Kutular/IrsaliyeBilgileri/IrsaliyeNumarasi'

2021-11-19 17:04:28 - [MESSAGE][PASSED] - Text of object 'Object Repository/Olusturma/Genel/Kutular/IrsaliyeBilgileri/IrsaliyeNumarasi' is cleared

2021-11-19 17:04:28 - [TEST_STEP][PASSED] - sendKeys(findTestObject("Object Repository/Olusturma/Genel/Kutular/IrsaliyeBilgileri/IrsaliyeNumarasi"), Numara): Keys 'AAAAAAAAAA' sent to object: 'Object Repository/Olusturma/Genel/Kutular/IrsaliyeBilgileri/IrsaliyeNumarasi'

2021-11-19 17:04:28 - [MESSAGE][INFO] - Finding Test Object 'Object Repository/Olusturma/Genel/Kutular/IrsaliyeBilgileri/IrsaliyeNumarasi'

2021-11-19 17:04:28 - [MESSAGE][INFO] - Sending keys 'AAAAAAAAAA' to object: 'Object Repository/Olusturma/Genel/Kutular/IrsaliyeBilgileri/IrsaliyeNumarasi'

2021-11-19 17:04:28 - [MESSAGE][INFO] - Finding web element from Test Object's properties

2021-11-19 17:04:28 - [MESSAGE][INFO] - Checking timeout

2021-11-19 17:04:28 - [MESSAGE][INFO] - Finding web element with id: 'Object Repository/Olusturma/Genel/Kutular/IrsaliyeBilgileri/IrsaliyeNumarasi' located by 'By.xpath: //*[@id = 'gvUserInvoiceBills_DXEditor1_I']' in '30' second(s)

2021-11-19 17:04:28 - [MESSAGE][INFO] - Smart Wait Function is triggered

2021-11-19 17:04:29 - [MESSAGE][INFO] - Found 1 web elements with id: 'Object Repository/Olusturma/Genel/Kutular/IrsaliyeBilgileri/IrsaliyeNumarasi' located by 'By.xpath: //*[@id = 'gvUserInvoiceBills_DXEditor1_I']' in '30' second(s)

2021-11-19 17:04:29 - [MESSAGE][PASSED] - Keys 'AAAAAAAAAA' sent to object: 'Object Repository/Olusturma/Genel/Kutular/IrsaliyeBilgileri/IrsaliyeNumarasi'

2021-11-19 17:04:29 - [TEST_STEP][PASSED] - waitForElementClickable(findTestObject("Object Repository/Olusturma/Genel/Kutular/IrsaliyeBilgileri/IrsaliyeTarihi"), 10): Object 'Object Repository/Olusturma/Genel/Kutular/IrsaliyeBilgileri/IrsaliyeTarihi' is clickable

2021-11-19 17:04:29 - [MESSAGE][INFO] - Finding Test Object 'Object Repository/Olusturma/Genel/Kutular/IrsaliyeBilgileri/IrsaliyeTarihi'

2021-11-19 17:04:29 - [MESSAGE][INFO] - Checking object

2021-11-19 17:04:29 - [MESSAGE][INFO] - Checking timeout

2021-11-19 17:04:29 - [MESSAGE][INFO] - Finding web element from Test Object's properties

2021-11-19 17:04:29 - [MESSAGE][INFO] - Checking timeout

2021-11-19 17:04:29 - [MESSAGE][INFO] - Finding web element with id: 'Object Repository/Olusturma/Genel/Kutular/IrsaliyeBilgileri/IrsaliyeTarihi' located by 'By.xpath: //*[@id = 'gvUserInvoiceBills_DXEditor2_I']' in '10' second(s)

2021-11-19 17:04:29 - [MESSAGE][INFO] - Smart Wait Function is triggered

2021-11-19 17:04:29 - [MESSAGE][INFO] - Found 1 web elements with id: 'Object Repository/Olusturma/Genel/Kutular/IrsaliyeBilgileri/IrsaliyeTarihi' located by 'By.xpath: //*[@id = 'gvUserInvoiceBills_DXEditor2_I']' in '10' second(s)

2021-11-19 17:04:29 - [MESSAGE][PASSED] - Object 'Object Repository/Olusturma/Genel/Kutular/IrsaliyeBilgileri/IrsaliyeTarihi' is clickable

2021-11-19 17:04:29 - [TEST_STEP][PASSED] - click(findTestObject("Object Repository/Olusturma/Genel/Kutular/IrsaliyeBilgileri/IrsaliyeTarihi")): Object: 'Object Repository/Olusturma/Genel/Kutular/IrsaliyeBilgileri/IrsaliyeTarihi' is clicked on

2021-11-19 17:04:29 - [MESSAGE][INFO] - Finding Test Object 'Object Repository/Olusturma/Genel/Kutular/IrsaliyeBilgileri/IrsaliyeTarihi'

2021-11-19 17:04:29 - [MESSAGE][INFO] - Checking object

2021-11-19 17:04:29 - [MESSAGE][INFO] - Finding web element from Test Object's properties

2021-11-19 17:04:29 - [MESSAGE][INFO] - Checking timeout

2021-11-19 17:04:29 - [MESSAGE][INFO] - Finding web element with id: 'Object Repository/Olusturma/Genel/Kutular/IrsaliyeBilgileri/IrsaliyeTarihi' located by 'By.xpath: //*[@id = 'gvUserInvoiceBills_DXEditor2_I']' in '30' second(s)

2021-11-19 17:04:29 - [MESSAGE][INFO] - Smart Wait Function is triggered

2021-11-19 17:04:29 - [MESSAGE][INFO] - Found 1 web elements with id: 'Object Repository/Olusturma/Genel/Kutular/IrsaliyeBilgileri/IrsaliyeTarihi' located by 'By.xpath: //*[@id = 'gvUserInvoiceBills_DXEditor2_I']' in '30' second(s)

2021-11-19 17:04:29 - [MESSAGE][INFO] - Clicking on object: 'Object Repository/Olusturma/Genel/Kutular/IrsaliyeBilgileri/IrsaliyeTarihi'

2021-11-19 17:04:30 - [MESSAGE][PASSED] - Object: 'Object Repository/Olusturma/Genel/Kutular/IrsaliyeBilgileri/IrsaliyeTarihi' is clicked on

2021-11-19 17:04:30 - [TEST_STEP][PASSED] - sendKeys(findTestObject("Object Repository/Olusturma/Genel/Kutular/IrsaliyeBilgileri/IrsaliyeTarihi"), Tarih): Keys '31.06.2021' sent to object: 'Object Repository/Olusturma/Genel/Kutular/IrsaliyeBilgileri/IrsaliyeTarihi'

2021-11-19 17:04:30 - [MESSAGE][INFO] - Finding Test Object 'Object Repository/Olusturma/Genel/Kutular/IrsaliyeBilgileri/IrsaliyeTarihi'

2021-11-19 17:04:30 - [MESSAGE][INFO] - Sending keys '31.06.2021' to object: 'Object Repository/Olusturma/Genel/Kutular/IrsaliyeBilgileri/IrsaliyeTarihi'

2021-11-19 17:04:30 - [MESSAGE][INFO] - Finding web element from Test Object's properties

2021-11-19 17:04:30 - [MESSAGE][INFO] - Checking timeout

2021-11-19 17:04:30 - [MESSAGE][INFO] - Finding web element with id: 'Object Repository/Olusturma/Genel/Kutular/IrsaliyeBilgileri/IrsaliyeTarihi' located by 'By.xpath: //*[@id = 'gvUserInvoiceBills_DXEditor2_I']' in '30' second(s)

2021-11-19 17:04:30 - [MESSAGE][INFO] - Smart Wait Function is triggered

2021-11-19 17:04:30 - [MESSAGE][INFO] - Found 1 web elements with id: 'Object Repository/Olusturma/Genel/Kutular/IrsaliyeBilgileri/IrsaliyeTarihi' located by 'By.xpath: //*[@id = 'gvUserInvoiceBills_DXEditor2_I']' in '30' second(s)

2021-11-19 17:04:30 - [MESSAGE][PASSED] - Keys '31.06.2021' sent to object: 'Object Repository/Olusturma/Genel/Kutular/IrsaliyeBilgileri/IrsaliyeTarihi'

2021-11-19 17:04:30 - [MESSAGE][PASSED] - Call Test Case 'Test Cases/Olusturma/Genel/Kutular/IrsaliyeBilgileri' successfully

2021-11-19 17:04:30 - [MESSAGE][INFO] - Checking called Test Case

2021-11-19 17:04:30 - [MESSAGE][INFO] - Starting to call Test Case 'Test Cases/Olusturma/Genel/Kutular/eArsivInternetBilgileriGirilir'

2021-11-19 17:04:30 - [TEST_CASE][PASSED] - Test Cases/Olusturma/Genel/Kutular/eArsivInternetBilgileriGirilir: Test Cases/Olusturma/Genel/Kutular/eArsivInternetBilgileriGirilir

2021-11-19 17:04:32 - [TEST_STEP][PASSED] - waitForElementPresent(findTestObject("Olusturma/Genel/Kutular/eArsivInternetBilgileri/odemeSekli"), 10): Object 'Object Repository/Olusturma/Genel/Kutular/eArsivInternetBilgileri/odemeSekli' is present

2021-11-19 17:04:32 - [MESSAGE][INFO] - Finding Test Object 'Object Repository/Olusturma/Genel/Kutular/eArsivInternetBilgileri/odemeSekli'

2021-11-19 17:04:32 - [MESSAGE][INFO] - Checking object

2021-11-19 17:04:32 - [MESSAGE][INFO] - Finding web element from Test Object's properties

2021-11-19 17:04:32 - [MESSAGE][INFO] - Checking timeout

2021-11-19 17:04:32 - [MESSAGE][INFO] - Finding web element with id: 'Object Repository/Olusturma/Genel/Kutular/eArsivInternetBilgileri/odemeSekli' located by 'By.xpath: //*[@id = 'cmbEArsivInternetOdemeSekli_I']' in '10' second(s)

2021-11-19 17:04:32 - [MESSAGE][INFO] - Smart Wait Function is triggered

2021-11-19 17:04:32 - [MESSAGE][INFO] - Found 1 web elements with id: 'Object Repository/Olusturma/Genel/Kutular/eArsivInternetBilgileri/odemeSekli' located by 'By.xpath: //*[@id = 'cmbEArsivInternetOdemeSekli_I']' in '10' second(s)

2021-11-19 17:04:32 - [MESSAGE][PASSED] - Object 'Object Repository/Olusturma/Genel/Kutular/eArsivInternetBilgileri/odemeSekli' is present

2021-11-19 17:04:32 - [TEST_STEP][PASSED] - sendKeys(findTestObject("Olusturma/Genel/Kutular/eArsivInternetBilgileri/odemeSekli"), Keys.chord(CONTROL, "a", BACK_SPACE)): Keys 'CONTROL + BACK_SPACE + a' sent to object: 'Object Repository/Olusturma/Genel/Kutular/eArsivInternetBilgileri/odemeSekli'

2021-11-19 17:04:32 - [MESSAGE][INFO] - Finding Test Object 'Object Repository/Olusturma/Genel/Kutular/eArsivInternetBilgileri/odemeSekli'

2021-11-19 17:04:32 - [MESSAGE][INFO] - Sending keys 'CONTROL + BACK_SPACE + a' to object: 'Object Repository/Olusturma/Genel/Kutular/eArsivInternetBilgileri/odemeSekli'

2021-11-19 17:04:32 - [MESSAGE][INFO] - Finding web element from Test Object's properties

2021-11-19 17:04:32 - [MESSAGE][INFO] - Checking timeout

2021-11-19 17:04:32 - [MESSAGE][INFO] - Finding web element with id: 'Object Repository/Olusturma/Genel/Kutular/eArsivInternetBilgileri/odemeSekli' located by 'By.xpath: //*[@id = 'cmbEArsivInternetOdemeSekli_I']' in '30' second(s)

2021-11-19 17:04:32 - [MESSAGE][INFO] - Smart Wait Function is triggered

2021-11-19 17:04:32 - [MESSAGE][INFO] - Found 1 web elements with id: 'Object Repository/Olusturma/Genel/Kutular/eArsivInternetBilgileri/odemeSekli' located by 'By.xpath: //*[@id = 'cmbEArsivInternetOdemeSekli_I']' in '30' second(s)

2021-11-19 17:04:33 - [MESSAGE][PASSED] - Keys 'CONTROL + BACK_SPACE + a' sent to object: 'Object Repository/Olusturma/Genel/Kutular/eArsivInternetBilgileri/odemeSekli'

2021-11-19 17:04:33 - [TEST_STEP][PASSED] - sendKeys(findTestObject("Olusturma/Genel/Kutular/eArsivInternetBilgileri/odemeSekli"), OdemeSekli): Keys 'Kredi Kartı / Banka Kartı' sent to object: 'Object Repository/Olusturma/Genel/Kutular/eArsivInternetBilgileri/odemeSekli'

2021-11-19 17:04:33 - [MESSAGE][INFO] - Finding Test Object 'Object Repository/Olusturma/Genel/Kutular/eArsivInternetBilgileri/odemeSekli'

2021-11-19 17:04:33 - [MESSAGE][INFO] - Sending keys 'Kredi Kartı / Banka Kartı' to object: 'Object Repository/Olusturma/Genel/Kutular/eArsivInternetBilgileri/odemeSekli'

2021-11-19 17:04:33 - [MESSAGE][INFO] - Finding web element from Test Object's properties

2021-11-19 17:04:33 - [MESSAGE][INFO] - Checking timeout

2021-11-19 17:04:33 - [MESSAGE][INFO] - Finding web element with id: 'Object Repository/Olusturma/Genel/Kutular/eArsivInternetBilgileri/odemeSekli' located by 'By.xpath: //*[@id = 'cmbEArsivInternetOdemeSekli_I']' in '30' second(s)

2021-11-19 17:04:33 - [MESSAGE][INFO] - Smart Wait Function is triggered

2021-11-19 17:04:33 - [MESSAGE][INFO] - Found 1 web elements with id: 'Object Repository/Olusturma/Genel/Kutular/eArsivInternetBilgileri/odemeSekli' located by 'By.xpath: //*[@id = 'cmbEArsivInternetOdemeSekli_I']' in '30' second(s)

2021-11-19 17:04:33 - [MESSAGE][PASSED] - Keys 'Kredi Kartı / Banka Kartı' sent to object: 'Object Repository/Olusturma/Genel/Kutular/eArsivInternetBilgileri/odemeSekli'

2021-11-19 17:04:33 - [TEST_STEP][PASSED] - sendKeys(findTestObject("Olusturma/Genel/Kutular/eArsivInternetBilgileri/webAdresi"), WebAdresi): Keys 'www.elogo.com' sent to object: 'Object Repository/Olusturma/Genel/Kutular/eArsivInternetBilgileri/webAdresi'

2021-11-19 17:04:33 - [MESSAGE][INFO] - Finding Test Object 'Object Repository/Olusturma/Genel/Kutular/eArsivInternetBilgileri/webAdresi'

2021-11-19 17:04:33 - [MESSAGE][INFO] - Sending keys 'www.elogo.com' to object: 'Object Repository/Olusturma/Genel/Kutular/eArsivInternetBilgileri/webAdresi'

2021-11-19 17:04:33 - [MESSAGE][INFO] - Finding web element from Test Object's properties

2021-11-19 17:04:33 - [MESSAGE][INFO] - Checking timeout

2021-11-19 17:04:33 - [MESSAGE][INFO] - Finding web element with id: 'Object Repository/Olusturma/Genel/Kutular/eArsivInternetBilgileri/webAdresi' located by 'By.xpath: //*[@id = 'txtEArsivInternetWebAdres_I']' in '30' second(s)

2021-11-19 17:04:33 - [MESSAGE][INFO] - Smart Wait Function is triggered

2021-11-19 17:04:34 - [MESSAGE][INFO] - Found 1 web elements with id: 'Object Repository/Olusturma/Genel/Kutular/eArsivInternetBilgileri/webAdresi' located by 'By.xpath: //*[@id = 'txtEArsivInternetWebAdres_I']' in '30' second(s)

2021-11-19 17:04:34 - [MESSAGE][PASSED] - Keys 'www.elogo.com' sent to object: 'Object Repository/Olusturma/Genel/Kutular/eArsivInternetBilgileri/webAdresi'

2021-11-19 17:04:34 - [TEST_STEP][PASSED] - sendKeys(findTestObject("Olusturma/Genel/Kutular/eArsivInternetBilgileri/TasiyiciVkn"), TasiyiciVkn): Keys '1234567806' sent to object: 'Object Repository/Olusturma/Genel/Kutular/eArsivInternetBilgileri/TasiyiciVkn'

2021-11-19 17:04:34 - [MESSAGE][INFO] - Finding Test Object 'Object Repository/Olusturma/Genel/Kutular/eArsivInternetBilgileri/TasiyiciVkn'

2021-11-19 17:04:34 - [MESSAGE][INFO] - Sending keys '1234567806' to object: 'Object Repository/Olusturma/Genel/Kutular/eArsivInternetBilgileri/TasiyiciVkn'

2021-11-19 17:04:34 - [MESSAGE][INFO] - Finding web element from Test Object's properties

2021-11-19 17:04:34 - [MESSAGE][INFO] - Checking timeout

2021-11-19 17:04:34 - [MESSAGE][INFO] - Finding web element with id: 'Object Repository/Olusturma/Genel/Kutular/eArsivInternetBilgileri/TasiyiciVkn' located by 'By.xpath: //*[@id = 'txtEArsivInternetTasiyiciVknTckn_I']' in '30' second(s)

2021-11-19 17:04:34 - [MESSAGE][INFO] - Smart Wait Function is triggered

2021-11-19 17:04:34 - [MESSAGE][INFO] - Found 1 web elements with id: 'Object Repository/Olusturma/Genel/Kutular/eArsivInternetBilgileri/TasiyiciVkn' located by 'By.xpath: //*[@id = 'txtEArsivInternetTasiyiciVknTckn_I']' in '30' second(s)

2021-11-19 17:04:35 - [MESSAGE][PASSED] - Keys '1234567806' sent to object: 'Object Repository/Olusturma/Genel/Kutular/eArsivInternetBilgileri/TasiyiciVkn'

2021-11-19 17:04:35 - [TEST_STEP][PASSED] - sendKeys(findTestObject("Olusturma/Genel/Kutular/eArsivInternetBilgileri/odemeAracisi"), OdemeAracisi): Keys 'elogo' sent to object: 'Object Repository/Olusturma/Genel/Kutular/eArsivInternetBilgileri/odemeAracisi'

2021-11-19 17:04:35 - [MESSAGE][INFO] - Finding Test Object 'Object Repository/Olusturma/Genel/Kutular/eArsivInternetBilgileri/odemeAracisi'

2021-11-19 17:04:35 - [MESSAGE][INFO] - Sending keys 'elogo' to object: 'Object Repository/Olusturma/Genel/Kutular/eArsivInternetBilgileri/odemeAracisi'

2021-11-19 17:04:35 - [MESSAGE][INFO] - Finding web element from Test Object's properties

2021-11-19 17:04:35 - [MESSAGE][INFO] - Checking timeout

2021-11-19 17:04:35 - [MESSAGE][INFO] - Finding web element with id: 'Object Repository/Olusturma/Genel/Kutular/eArsivInternetBilgileri/odemeAracisi' located by 'By.xpath: //*[@id = 'txtEArsivInternetOdemeAracisi_I']' in '30' second(s)

2021-11-19 17:04:35 - [MESSAGE][INFO] - Smart Wait Function is triggered

2021-11-19 17:04:35 - [MESSAGE][INFO] - Found 1 web elements with id: 'Object Repository/Olusturma/Genel/Kutular/eArsivInternetBilgileri/odemeAracisi' located by 'By.xpath: //*[@id = 'txtEArsivInternetOdemeAracisi_I']' in '30' second(s)

2021-11-19 17:04:35 - [MESSAGE][PASSED] - Keys 'elogo' sent to object: 'Object Repository/Olusturma/Genel/Kutular/eArsivInternetBilgileri/odemeAracisi'

2021-11-19 17:04:35 - [TEST_STEP][PASSED] - sendKeys(findTestObject("Olusturma/Genel/Kutular/eArsivInternetBilgileri/TasiyiciAdi"), TasiyiciAdi): Keys 'Virgosol' sent to object: 'Object Repository/Olusturma/Genel/Kutular/eArsivInternetBilgileri/TasiyiciAdi'

2021-11-19 17:04:35 - [MESSAGE][INFO] - Finding Test Object 'Object Repository/Olusturma/Genel/Kutular/eArsivInternetBilgileri/TasiyiciAdi'

2021-11-19 17:04:35 - [MESSAGE][INFO] - Sending keys 'Virgosol' to object: 'Object Repository/Olusturma/Genel/Kutular/eArsivInternetBilgileri/TasiyiciAdi'

2021-11-19 17:04:35 - [MESSAGE][INFO] - Finding web element from Test Object's properties

2021-11-19 17:04:35 - [MESSAGE][INFO] - Checking timeout

2021-11-19 17:04:35 - [MESSAGE][INFO] - Finding web element with id: 'Object Repository/Olusturma/Genel/Kutular/eArsivInternetBilgileri/TasiyiciAdi' located by 'By.xpath: //*[@id = 'txtEArsivInternetTasiyiciAdSoyad_I']' in '30' second(s)

2021-11-19 17:04:35 - [MESSAGE][INFO] - Smart Wait Function is triggered

2021-11-19 17:04:36 - [MESSAGE][INFO] - Found 1 web elements with id: 'Object Repository/Olusturma/Genel/Kutular/eArsivInternetBilgileri/TasiyiciAdi' located by 'By.xpath: //*[@id = 'txtEArsivInternetTasiyiciAdSoyad_I']' in '30' second(s)

2021-11-19 17:04:36 - [MESSAGE][PASSED] - Keys 'Virgosol' sent to object: 'Object Repository/Olusturma/Genel/Kutular/eArsivInternetBilgileri/TasiyiciAdi'

2021-11-19 17:04:36 - [TEST_STEP][PASSED] - scrollToElement(findTestObject("Olusturma/Genel/Kutular/eArsivInternetBilgileri/GonderimTarihi"), 1, STOP_ON_FAILURE): Scroll to object 'Object Repository/Olusturma/Genel/Kutular/eArsivInternetBilgileri/GonderimTarihi' successfully

2021-11-19 17:04:36 - [MESSAGE][INFO] - Finding Test Object 'Object Repository/Olusturma/Genel/Kutular/eArsivInternetBilgileri/GonderimTarihi'

2021-11-19 17:04:36 - [MESSAGE][INFO] - Checking object

2021-11-19 17:04:36 - [MESSAGE][INFO] - Checking timeout

2021-11-19 17:04:36 - [MESSAGE][INFO] - Finding web element from Test Object's properties

2021-11-19 17:04:36 - [MESSAGE][INFO] - Checking timeout

2021-11-19 17:04:36 - [MESSAGE][INFO] - Finding web element with id: 'Object Repository/Olusturma/Genel/Kutular/eArsivInternetBilgileri/GonderimTarihi' located by 'By.xpath: //*[@id = 'dateEArsivInternetGonderimTarih_B-1Img']' in '30' second(s)

2021-11-19 17:04:36 - [MESSAGE][INFO] - Smart Wait Function is triggered

2021-11-19 17:04:36 - [MESSAGE][INFO] - Found 1 web elements with id: 'Object Repository/Olusturma/Genel/Kutular/eArsivInternetBilgileri/GonderimTarihi' located by 'By.xpath: //*[@id = 'dateEArsivInternetGonderimTarih_B-1Img']' in '30' second(s)

2021-11-19 17:04:36 - [MESSAGE][INFO] - Scrolling to object 'Object Repository/Olusturma/Genel/Kutular/eArsivInternetBilgileri/GonderimTarihi'

2021-11-19 17:04:36 - [MESSAGE][PASSED] - Scroll to object 'Object Repository/Olusturma/Genel/Kutular/eArsivInternetBilgileri/GonderimTarihi' successfully

2021-11-19 17:04:36 - [TEST_STEP][PASSED] - click(findTestObject("Olusturma/Genel/Kutular/eArsivInternetBilgileri/GonderimTarihi"), STOP_ON_FAILURE): Object: 'Object Repository/Olusturma/Genel/Kutular/eArsivInternetBilgileri/GonderimTarihi' is clicked on

2021-11-19 17:04:36 - [MESSAGE][INFO] - Finding Test Object 'Object Repository/Olusturma/Genel/Kutular/eArsivInternetBilgileri/GonderimTarihi'

2021-11-19 17:04:36 - [MESSAGE][INFO] - Checking object

2021-11-19 17:04:36 - [MESSAGE][INFO] - Finding web element from Test Object's properties

2021-11-19 17:04:36 - [MESSAGE][INFO] - Checking timeout

2021-11-19 17:04:36 - [MESSAGE][INFO] - Finding web element with id: 'Object Repository/Olusturma/Genel/Kutular/eArsivInternetBilgileri/GonderimTarihi' located by 'By.xpath: //*[@id = 'dateEArsivInternetGonderimTarih_B-1Img']' in '30' second(s)

2021-11-19 17:04:36 - [MESSAGE][INFO] - Smart Wait Function is triggered

2021-11-19 17:04:37 - [MESSAGE][INFO] - Found 1 web elements with id: 'Object Repository/Olusturma/Genel/Kutular/eArsivInternetBilgileri/GonderimTarihi' located by 'By.xpath: //*[@id = 'dateEArsivInternetGonderimTarih_B-1Img']' in '30' second(s)

2021-11-19 17:04:37 - [MESSAGE][INFO] - Clicking on object: 'Object Repository/Olusturma/Genel/Kutular/eArsivInternetBilgileri/GonderimTarihi'

2021-11-19 17:04:37 - [MESSAGE][PASSED] - Object: 'Object Repository/Olusturma/Genel/Kutular/eArsivInternetBilgileri/GonderimTarihi' is clicked on

2021-11-19 17:04:37 - [TEST_STEP][PASSED] - click(findTestObject("Olusturma/Genel/Kutular/eArsivInternetBilgileri/BugunButonu"), STOP_ON_FAILURE): Object: 'Object Repository/Olusturma/Genel/Kutular/eArsivInternetBilgileri/BugunButonu' is clicked on

2021-11-19 17:04:37 - [MESSAGE][INFO] - Finding Test Object 'Object Repository/Olusturma/Genel/Kutular/eArsivInternetBilgileri/BugunButonu'

2021-11-19 17:04:37 - [MESSAGE][INFO] - Checking object

2021-11-19 17:04:37 - [MESSAGE][INFO] - Finding web element from Test Object's properties

2021-11-19 17:04:37 - [MESSAGE][INFO] - Checking timeout

2021-11-19 17:04:37 - [MESSAGE][INFO] - Finding web element with id: 'Object Repository/Olusturma/Genel/Kutular/eArsivInternetBilgileri/BugunButonu' located by 'By.xpath: //*[@id = 'dateEArsivInternetGonderimTarih_DDD_C_BT']' in '30' second(s)

2021-11-19 17:04:37 - [MESSAGE][INFO] - Smart Wait Function is triggered

2021-11-19 17:04:38 - [MESSAGE][INFO] - Found 1 web elements with id: 'Object Repository/Olusturma/Genel/Kutular/eArsivInternetBilgileri/BugunButonu' located by 'By.xpath: //*[@id = 'dateEArsivInternetGonderimTarih_DDD_C_BT']' in '30' second(s)

2021-11-19 17:04:38 - [MESSAGE][INFO] - Clicking on object: 'Object Repository/Olusturma/Genel/Kutular/eArsivInternetBilgileri/BugunButonu'

2021-11-19 17:04:38 - [MESSAGE][PASSED] - Object: 'Object Repository/Olusturma/Genel/Kutular/eArsivInternetBilgileri/BugunButonu' is clicked on

2021-11-19 17:04:38 - [MESSAGE][PASSED] - Call Test Case 'Test Cases/Olusturma/Genel/Kutular/eArsivInternetBilgileriGirilir' successfully

2021-11-19 17:04:38 - [MESSAGE][INFO] - Checking called Test Case

2021-11-19 17:04:38 - [MESSAGE][INFO] - Starting to call Test Case 'Test Cases/Olusturma/Genel/EkleButonunaBasilir'

2021-11-19 17:04:38 - [TEST_CASE][PASSED] - Test Cases/Olusturma/Genel/EkleButonunaBasilir: Test Cases/Olusturma/Genel/EkleButonunaBasilir

2021-11-19 17:04:38 - [TEST_STEP][PASSED] - waitForElementClickable(findTestObject("Object Repository/Olusturma/Genel/Olusturma/Ekle"), 10): Object 'Object Repository/Olusturma/Genel/Olusturma/Ekle' is clickable

2021-11-19 17:04:38 - [MESSAGE][INFO] - Finding Test Object 'Object Repository/Olusturma/Genel/Olusturma/Ekle'

2021-11-19 17:04:39 - [MESSAGE][INFO] - Checking object

2021-11-19 17:04:39 - [MESSAGE][INFO] - Checking timeout

2021-11-19 17:04:39 - [MESSAGE][INFO] - Finding web element from Test Object's properties

2021-11-19 17:04:39 - [MESSAGE][INFO] - Checking timeout

2021-11-19 17:04:39 - [MESSAGE][INFO] - Finding web element with id: 'Object Repository/Olusturma/Genel/Olusturma/Ekle' located by 'By.cssSelector: #divmalhizmet i.fa.fa-plus.fa-lg.text-muted' in '10' second(s)

2021-11-19 17:04:39 - [MESSAGE][INFO] - Smart Wait Function is triggered

2021-11-19 17:04:39 - [MESSAGE][INFO] - Found 1 web elements with id: 'Object Repository/Olusturma/Genel/Olusturma/Ekle' located by 'By.cssSelector: #divmalhizmet i.fa.fa-plus.fa-lg.text-muted' in '10' second(s)

2021-11-19 17:04:39 - [MESSAGE][PASSED] - Object 'Object Repository/Olusturma/Genel/Olusturma/Ekle' is clickable

2021-11-19 17:04:39 - [TEST_STEP][PASSED] - click(findTestObject("Object Repository/Olusturma/Genel/Olusturma/Ekle")): Object: 'Object Repository/Olusturma/Genel/Olusturma/Ekle' is clicked on

2021-11-19 17:04:39 - [MESSAGE][INFO] - Finding Test Object 'Object Repository/Olusturma/Genel/Olusturma/Ekle'

2021-11-19 17:04:39 - [MESSAGE][INFO] - Checking object

2021-11-19 17:04:39 - [MESSAGE][INFO] - Finding web element from Test Object's properties

2021-11-19 17:04:39 - [MESSAGE][INFO] - Checking timeout

2021-11-19 17:04:39 - [MESSAGE][INFO] - Finding web element with id: 'Object Repository/Olusturma/Genel/Olusturma/Ekle' located by 'By.cssSelector: #divmalhizmet i.fa.fa-plus.fa-lg.text-muted' in '30' second(s)

2021-11-19 17:04:39 - [MESSAGE][INFO] - Smart Wait Function is triggered

2021-11-19 17:04:39 - [MESSAGE][INFO] - Found 1 web elements with id: 'Object Repository/Olusturma/Genel/Olusturma/Ekle' located by 'By.cssSelector: #divmalhizmet i.fa.fa-plus.fa-lg.text-muted' in '30' second(s)

2021-11-19 17:04:39 - [MESSAGE][INFO] - Clicking on object: 'Object Repository/Olusturma/Genel/Olusturma/Ekle'

2021-11-19 17:04:39 - [MESSAGE][PASSED] - Object: 'Object Repository/Olusturma/Genel/Olusturma/Ekle' is clicked on

2021-11-19 17:04:39 - [TEST_STEP][PASSED] - waitForElementClickable(findTestObject("Olusturma/Genel/Olusturma/EklenenSatirCarpiImage"), 10): Object 'Object Repository/Olusturma/Genel/Olusturma/EklenenSatirCarpiImage' is clickable

2021-11-19 17:04:39 - [MESSAGE][INFO] - Finding Test Object 'Object Repository/Olusturma/Genel/Olusturma/EklenenSatirCarpiImage'

2021-11-19 17:04:40 - [MESSAGE][INFO] - Checking object

2021-11-19 17:04:40 - [MESSAGE][INFO] - Checking timeout

2021-11-19 17:04:40 - [MESSAGE][INFO] - Finding web element from Test Object's properties

2021-11-19 17:04:40 - [MESSAGE][INFO] - Checking timeout

2021-11-19 17:04:40 - [MESSAGE][INFO] - Finding web element with id: 'Object Repository/Olusturma/Genel/Olusturma/EklenenSatirCarpiImage' located by 'By.cssSelector: .fa.fa-times.fa-lg.text-primary' in '10' second(s)

2021-11-19 17:04:40 - [MESSAGE][INFO] - Smart Wait Function is triggered

2021-11-19 17:04:40 - [MESSAGE][INFO] - Smart Wait Function is triggered

2021-11-19 17:04:41 - [MESSAGE][INFO] - Found 1 web elements with id: 'Object Repository/Olusturma/Genel/Olusturma/EklenenSatirCarpiImage' located by 'By.cssSelector: .fa.fa-times.fa-lg.text-primary' in '10' second(s)

2021-11-19 17:04:41 - [MESSAGE][PASSED] - Object 'Object Repository/Olusturma/Genel/Olusturma/EklenenSatirCarpiImage' is clickable

2021-11-19 17:04:41 - [MESSAGE][PASSED] - Call Test Case 'Test Cases/Olusturma/Genel/EkleButonunaBasilir' successfully

2021-11-19 17:04:41 - [MESSAGE][INFO] - Checking called Test Case

2021-11-19 17:04:41 - [MESSAGE][INFO] - Starting to call Test Case 'Test Cases/Olusturma/Genel/Olusturma'

2021-11-19 17:04:41 - [TEST_CASE][PASSED] - Test Cases/Olusturma/Genel/Olusturma: Test Cases/Olusturma/Genel/Olusturma

2021-11-19 17:04:41 - [TEST_STEP][PASSED] - driver = getWebDriver(): null

2021-11-19 17:04:41 - [TEST_STEP][PASSED] - action = new org.openqa.selenium.interactions.Actions(driver): null

2021-11-19 17:04:41 - [TEST_STEP][PASSED] - baslikElement = <not implemented yet for class: org.codehaus.groovy.ast.expr.EmptyExpression>: null

2021-11-19 17:04:41 - [TEST_STEP][PASSED] - sonElement = <not implemented yet for class: org.codehaus.groovy.ast.expr.EmptyExpression>: null

2021-11-19 17:04:41 - [TEST_STEP][PASSED] - attr = <not implemented yet for class: org.codehaus.groovy.ast.expr.EmptyExpression>: null

2021-11-19 17:04:41 - [TEST_STEP][PASSED] - a = 0: null

2021-11-19 17:04:41 - [TEST_STEP][PASSED] - elements = findWebElements(findTestObject("Object Repository/Olusturma/Genel/Olusturma/TabloBasliklari"), 10): Found 13 web elements with id: 'Object Repository/Olusturma/Genel/Olusturma/TabloBasliklari' located by 'By.cssSelector: div#divmalhizmet .dxgvTable_LECustomTheme td.dxgvHeader_LECustomTheme tr>td:nth-child(1)' in '10' second(s)

2021-11-19 17:04:41 - [MESSAGE][INFO] - Finding Test Object 'Object Repository/Olusturma/Genel/Olusturma/TabloBasliklari'

2021-11-19 17:04:41 - [MESSAGE][INFO] - Checking timeout

2021-11-19 17:04:41 - [MESSAGE][INFO] - Finding web element with id: 'Object Repository/Olusturma/Genel/Olusturma/TabloBasliklari' located by 'By.cssSelector: div#divmalhizmet .dxgvTable_LECustomTheme td.dxgvHeader_LECustomTheme tr>td:nth-child(1)' in '10' second(s)

2021-11-19 17:04:41 - [MESSAGE][INFO] - Smart Wait Function is triggered

2021-11-19 17:04:42 - [MESSAGE][INFO] - Found 13 web elements with id: 'Object Repository/Olusturma/Genel/Olusturma/TabloBasliklari' located by 'By.cssSelector: div#divmalhizmet .dxgvTable_LECustomTheme td.dxgvHeader_LECustomTheme tr>td:nth-child(1)' in '10' second(s)

2021-11-19 17:04:42 - [TEST_STEP][PASSED] - for (def element : elements): null

2021-11-19 17:04:42 - [TEST_STEP][PASSED] - build().perform(): null

2021-11-19 17:04:42 - [TEST_STEP][PASSED] - if (getText().equals(Baslik)): null

2021-11-19 17:04:42 - [TEST_STEP][PASSED] - baslikElement = element.findElement(By.xpath("../../../..")): Smart Wait Function is triggered

2021-11-19 17:04:42 - [MESSAGE][INFO] - Smart Wait Function is triggered

2021-11-19 17:04:42 - [TEST_STEP][PASSED] - attr = baslikElement.getAttribute("id"): null

2021-11-19 17:04:42 - [TEST_STEP][PASSED] - println("girdi ve idsini aldı = " + attr): null

2021-11-19 17:04:42 - [TEST_STEP][PASSED] - break: null

2021-11-19 17:04:42 - [TEST_STEP][PASSED] - countElement = baslikElement.findElements(By.xpath("../td")): Smart Wait Function is triggered

2021-11-19 17:04:42 - [MESSAGE][INFO] - Smart Wait Function is triggered

2021-11-19 17:04:42 - [TEST_STEP][PASSED] - for (def element : countElement): null

2021-11-19 17:04:42 - [TEST_STEP][PASSED] - if (toString().equals(attr.toString())): null

2021-11-19 17:04:42 - [TEST_STEP][PASSED] - (a++): null

2021-11-19 17:04:42 - [TEST_STEP][PASSED] - if (toString().equals(attr.toString())): null

2021-11-19 17:04:42 - [TEST_STEP][PASSED] - break: null

2021-11-19 17:04:42 - [TEST_STEP][PASSED] - son = findWebElement(findTestObject("Object Repository/Olusturma/Genel/Olusturma/EklenenSatir")).findElement(By.xpath("td[@class='dxgvInlineEditCell_LECustomTheme dxgv'][" + a + "]//td[@class='dxic']/input")): Smart Wait Function is triggered

2021-11-19 17:04:42 - [MESSAGE][INFO] - Finding Test Object 'Object Repository/Olusturma/Genel/Olusturma/EklenenSatir'

2021-11-19 17:04:42 - [MESSAGE][INFO] - Finding web element from Test Object's properties

2021-11-19 17:04:42 - [MESSAGE][INFO] - Checking timeout

2021-11-19 17:04:42 - [MESSAGE][INFO] - Finding web element with id: 'Object Repository/Olusturma/Genel/Olusturma/EklenenSatir' located by 'By.cssSelector: #divmalhizmet .dxgvInlineEditRow_LECustomTheme' in '30' second(s)

2021-11-19 17:04:42 - [MESSAGE][INFO] - Smart Wait Function is triggered

2021-11-19 17:04:43 - [MESSAGE][INFO] - Found 1 web elements with id: 'Object Repository/Olusturma/Genel/Olusturma/EklenenSatir' located by 'By.cssSelector: #divmalhizmet .dxgvInlineEditRow_LECustomTheme' in '30' second(s)

2021-11-19 17:04:43 - [MESSAGE][INFO] - Smart Wait Function is triggered

2021-11-19 17:04:43 - [TEST_STEP][PASSED] - if (!(getAttribute("value").contains("Vkn"))): null

2021-11-19 17:04:43 - [TEST_STEP][PASSED] - son.clear(): null

2021-11-19 17:04:43 - [TEST_STEP][PASSED] - son.sendKeys(Deger): null

2021-11-19 17:04:43 - [MESSAGE][PASSED] - Call Test Case 'Test Cases/Olusturma/Genel/Olusturma' successfully

2021-11-19 17:04:43 - [MESSAGE][INFO] - Checking called Test Case

2021-11-19 17:04:43 - [MESSAGE][INFO] - Starting to call Test Case 'Test Cases/Olusturma/Genel/Olusturma'

2021-11-19 17:04:43 - [TEST_CASE][PASSED] - Test Cases/Olusturma/Genel/Olusturma: Test Cases/Olusturma/Genel/Olusturma

2021-11-19 17:04:43 - [TEST_STEP][PASSED] - driver = getWebDriver(): null

2021-11-19 17:04:43 - [TEST_STEP][PASSED] - action = new org.openqa.selenium.interactions.Actions(driver): null

2021-11-19 17:04:43 - [TEST_STEP][PASSED] - baslikElement = <not implemented yet for class: org.codehaus.groovy.ast.expr.EmptyExpression>: null

2021-11-19 17:04:43 - [TEST_STEP][PASSED] - sonElement = <not implemented yet for class: org.codehaus.groovy.ast.expr.EmptyExpression>: null

2021-11-19 17:04:43 - [TEST_STEP][PASSED] - attr = <not implemented yet for class: org.codehaus.groovy.ast.expr.EmptyExpression>: null

2021-11-19 17:04:43 - [TEST_STEP][PASSED] - a = 0: null

2021-11-19 17:04:43 - [TEST_STEP][PASSED] - elements = findWebElements(findTestObject("Object Repository/Olusturma/Genel/Olusturma/TabloBasliklari"), 10): Found 13 web elements with id: 'Object Repository/Olusturma/Genel/Olusturma/TabloBasliklari' located by 'By.cssSelector: div#divmalhizmet .dxgvTable_LECustomTheme td.dxgvHeader_LECustomTheme tr>td:nth-child(1)' in '10' second(s)

2021-11-19 17:04:43 - [MESSAGE][INFO] - Finding Test Object 'Object Repository/Olusturma/Genel/Olusturma/TabloBasliklari'

2021-11-19 17:04:43 - [MESSAGE][INFO] - Checking timeout

2021-11-19 17:04:43 - [MESSAGE][INFO] - Finding web element with id: 'Object Repository/Olusturma/Genel/Olusturma/TabloBasliklari' located by 'By.cssSelector: div#divmalhizmet .dxgvTable_LECustomTheme td.dxgvHeader_LECustomTheme tr>td:nth-child(1)' in '10' second(s)

2021-11-19 17:04:43 - [MESSAGE][INFO] - Smart Wait Function is triggered

2021-11-19 17:04:44 - [MESSAGE][INFO] - Found 13 web elements with id: 'Object Repository/Olusturma/Genel/Olusturma/TabloBasliklari' located by 'By.cssSelector: div#divmalhizmet .dxgvTable_LECustomTheme td.dxgvHeader_LECustomTheme tr>td:nth-child(1)' in '10' second(s)

2021-11-19 17:04:44 - [TEST_STEP][PASSED] - for (def element : elements): null

2021-11-19 17:04:44 - [TEST_STEP][PASSED] - build().perform(): null

2021-11-19 17:04:44 - [TEST_STEP][PASSED] - if (getText().equals(Baslik)): null

2021-11-19 17:04:44 - [TEST_STEP][PASSED] - build().perform(): null

2021-11-19 17:04:44 - [TEST_STEP][PASSED] - if (getText().equals(Baslik)): null

2021-11-19 17:04:44 - [TEST_STEP][PASSED] - baslikElement = element.findElement(By.xpath("../../../..")): Smart Wait Function is triggered

2021-11-19 17:04:44 - [MESSAGE][INFO] - Smart Wait Function is triggered

2021-11-19 17:04:44 - [TEST_STEP][PASSED] - attr = baslikElement.getAttribute("id"): null

2021-11-19 17:04:44 - [TEST_STEP][PASSED] - println("girdi ve idsini aldı = " + attr): null

2021-11-19 17:04:44 - [TEST_STEP][PASSED] - break: null

2021-11-19 17:04:44 - [TEST_STEP][PASSED] - countElement = baslikElement.findElements(By.xpath("../td")): Smart Wait Function is triggered

2021-11-19 17:04:44 - [MESSAGE][INFO] - Smart Wait Function is triggered

2021-11-19 17:04:45 - [TEST_STEP][PASSED] - for (def element : countElement): null

2021-11-19 17:04:45 - [TEST_STEP][PASSED] - if (toString().equals(attr.toString())): null

2021-11-19 17:04:45 - [TEST_STEP][PASSED] - (a++): null

2021-11-19 17:04:45 - [TEST_STEP][PASSED] - if (toString().equals(attr.toString())): null

2021-11-19 17:04:45 - [TEST_STEP][PASSED] - (a++): null

2021-11-19 17:04:45 - [TEST_STEP][PASSED] - if (toString().equals(attr.toString())): null

2021-11-19 17:04:45 - [TEST_STEP][PASSED] - break: null

2021-11-19 17:04:45 - [TEST_STEP][PASSED] - son = findWebElement(findTestObject("Object Repository/Olusturma/Genel/Olusturma/EklenenSatir")).findElement(By.xpath("td[@class='dxgvInlineEditCell_LECustomTheme dxgv'][" + a + "]//td[@class='dxic']/input")): Smart Wait Function is triggered

2021-11-19 17:04:45 - [MESSAGE][INFO] - Finding Test Object 'Object Repository/Olusturma/Genel/Olusturma/EklenenSatir'

2021-11-19 17:04:45 - [MESSAGE][INFO] - Finding web element from Test Object's properties

2021-11-19 17:04:45 - [MESSAGE][INFO] - Checking timeout

2021-11-19 17:04:45 - [MESSAGE][INFO] - Finding web element with id: 'Object Repository/Olusturma/Genel/Olusturma/EklenenSatir' located by 'By.cssSelector: #divmalhizmet .dxgvInlineEditRow_LECustomTheme' in '30' second(s)

2021-11-19 17:04:45 - [MESSAGE][INFO] - Smart Wait Function is triggered

2021-11-19 17:04:45 - [MESSAGE][INFO] - Found 1 web elements with id: 'Object Repository/Olusturma/Genel/Olusturma/EklenenSatir' located by 'By.cssSelector: #divmalhizmet .dxgvInlineEditRow_LECustomTheme' in '30' second(s)

2021-11-19 17:04:45 - [MESSAGE][INFO] - Smart Wait Function is triggered

2021-11-19 17:04:45 - [TEST_STEP][PASSED] - if (!(getAttribute("value").contains("Vkn"))): null

2021-11-19 17:04:45 - [TEST_STEP][PASSED] - son.clear(): null

2021-11-19 17:04:45 - [TEST_STEP][PASSED] - son.sendKeys(Deger): null

2021-11-19 17:04:45 - [MESSAGE][PASSED] - Call Test Case 'Test Cases/Olusturma/Genel/Olusturma' successfully

2021-11-19 17:04:45 - [MESSAGE][INFO] - Checking called Test Case

2021-11-19 17:04:45 - [MESSAGE][INFO] - Starting to call Test Case 'Test Cases/Olusturma/Genel/Olusturma'

2021-11-19 17:04:45 - [TEST_CASE][PASSED] - Test Cases/Olusturma/Genel/Olusturma: Test Cases/Olusturma/Genel/Olusturma

2021-11-19 17:04:45 - [TEST_STEP][PASSED] - driver = getWebDriver(): null

2021-11-19 17:04:45 - [TEST_STEP][PASSED] - action = new org.openqa.selenium.interactions.Actions(driver): null

2021-11-19 17:04:45 - [TEST_STEP][PASSED] - baslikElement = <not implemented yet for class: org.codehaus.groovy.ast.expr.EmptyExpression>: null

2021-11-19 17:04:45 - [TEST_STEP][PASSED] - sonElement = <not implemented yet for class: org.codehaus.groovy.ast.expr.EmptyExpression>: null

2021-11-19 17:04:45 - [TEST_STEP][PASSED] - attr = <not implemented yet for class: org.codehaus.groovy.ast.expr.EmptyExpression>: null

2021-11-19 17:04:45 - [TEST_STEP][PASSED] - a = 0: null

2021-11-19 17:04:45 - [TEST_STEP][PASSED] - elements = findWebElements(findTestObject("Object Repository/Olusturma/Genel/Olusturma/TabloBasliklari"), 10): Found 13 web elements with id: 'Object Repository/Olusturma/Genel/Olusturma/TabloBasliklari' located by 'By.cssSelector: div#divmalhizmet .dxgvTable_LECustomTheme td.dxgvHeader_LECustomTheme tr>td:nth-child(1)' in '10' second(s)

2021-11-19 17:04:45 - [MESSAGE][INFO] - Finding Test Object 'Object Repository/Olusturma/Genel/Olusturma/TabloBasliklari'

2021-11-19 17:04:46 - [MESSAGE][INFO] - Checking timeout

2021-11-19 17:04:46 - [MESSAGE][INFO] - Finding web element with id: 'Object Repository/Olusturma/Genel/Olusturma/TabloBasliklari' located by 'By.cssSelector: div#divmalhizmet .dxgvTable_LECustomTheme td.dxgvHeader_LECustomTheme tr>td:nth-child(1)' in '10' second(s)

2021-11-19 17:04:46 - [MESSAGE][INFO] - Smart Wait Function is triggered

2021-11-19 17:04:46 - [MESSAGE][INFO] - Found 13 web elements with id: 'Object Repository/Olusturma/Genel/Olusturma/TabloBasliklari' located by 'By.cssSelector: div#divmalhizmet .dxgvTable_LECustomTheme td.dxgvHeader_LECustomTheme tr>td:nth-child(1)' in '10' second(s)

2021-11-19 17:04:46 - [TEST_STEP][PASSED] - for (def element : elements): null

2021-11-19 17:04:46 - [TEST_STEP][PASSED] - build().perform(): null

2021-11-19 17:04:46 - [TEST_STEP][PASSED] - if (getText().equals(Baslik)): null

2021-11-19 17:04:46 - [TEST_STEP][PASSED] - build().perform(): null

2021-11-19 17:04:46 - [TEST_STEP][PASSED] - if (getText().equals(Baslik)): null

2021-11-19 17:04:46 - [TEST_STEP][PASSED] - build().perform(): null

2021-11-19 17:04:46 - [TEST_STEP][PASSED] - if (getText().equals(Baslik)): null

2021-11-19 17:04:46 - [TEST_STEP][PASSED] - build().perform(): null

2021-11-19 17:04:46 - [TEST_STEP][PASSED] - if (getText().equals(Baslik)): null

2021-11-19 17:04:46 - [TEST_STEP][PASSED] - baslikElement = element.findElement(By.xpath("../../../..")): Smart Wait Function is triggered

2021-11-19 17:04:46 - [MESSAGE][INFO] - Smart Wait Function is triggered

2021-11-19 17:04:47 - [TEST_STEP][PASSED] - attr = baslikElement.getAttribute("id"): null

2021-11-19 17:04:47 - [TEST_STEP][PASSED] - println("girdi ve idsini aldı = " + attr): null

2021-11-19 17:04:47 - [TEST_STEP][PASSED] - break: null

2021-11-19 17:04:47 - [TEST_STEP][PASSED] - countElement = baslikElement.findElements(By.xpath("../td")): Smart Wait Function is triggered

2021-11-19 17:04:47 - [MESSAGE][INFO] - Smart Wait Function is triggered

2021-11-19 17:04:47 - [TEST_STEP][PASSED] - for (def element : countElement): null

2021-11-19 17:04:47 - [TEST_STEP][PASSED] - if (toString().equals(attr.toString())): null

2021-11-19 17:04:47 - [TEST_STEP][PASSED] - (a++): null

2021-11-19 17:04:47 - [TEST_STEP][PASSED] - if (toString().equals(attr.toString())): null

2021-11-19 17:04:47 - [TEST_STEP][PASSED] - (a++): null

2021-11-19 17:04:47 - [TEST_STEP][PASSED] - if (toString().equals(attr.toString())): null

2021-11-19 17:04:47 - [TEST_STEP][PASSED] - (a++): null

2021-11-19 17:04:47 - [TEST_STEP][PASSED] - if (toString().equals(attr.toString())): null

2021-11-19 17:04:47 - [TEST_STEP][PASSED] - (a++): null

2021-11-19 17:04:47 - [TEST_STEP][PASSED] - if (toString().equals(attr.toString())): null

2021-11-19 17:04:47 - [TEST_STEP][PASSED] - break: null

2021-11-19 17:04:47 - [TEST_STEP][PASSED] - son = findWebElement(findTestObject("Object Repository/Olusturma/Genel/Olusturma/EklenenSatir")).findElement(By.xpath("td[@class='dxgvInlineEditCell_LECustomTheme dxgv'][" + a + "]//td[@class='dxic']/input")): Smart Wait Function is triggered

2021-11-19 17:04:47 - [MESSAGE][INFO] - Finding Test Object 'Object Repository/Olusturma/Genel/Olusturma/EklenenSatir'

2021-11-19 17:04:47 - [MESSAGE][INFO] - Finding web element from Test Object's properties

2021-11-19 17:04:47 - [MESSAGE][INFO] - Checking timeout

2021-11-19 17:04:47 - [MESSAGE][INFO] - Finding web element with id: 'Object Repository/Olusturma/Genel/Olusturma/EklenenSatir' located by 'By.cssSelector: #divmalhizmet .dxgvInlineEditRow_LECustomTheme' in '30' second(s)

2021-11-19 17:04:47 - [MESSAGE][INFO] - Smart Wait Function is triggered

2021-11-19 17:04:47 - [MESSAGE][INFO] - Found 1 web elements with id: 'Object Repository/Olusturma/Genel/Olusturma/EklenenSatir' located by 'By.cssSelector: #divmalhizmet .dxgvInlineEditRow_LECustomTheme' in '30' second(s)

2021-11-19 17:04:47 - [MESSAGE][INFO] - Smart Wait Function is triggered

2021-11-19 17:04:48 - [TEST_STEP][PASSED] - if (!(getAttribute("value").contains("Vkn"))): null

2021-11-19 17:04:48 - [TEST_STEP][PASSED] - son.clear(): null

2021-11-19 17:04:48 - [TEST_STEP][PASSED] - son.sendKeys(Deger): null

2021-11-19 17:04:48 - [MESSAGE][PASSED] - Call Test Case 'Test Cases/Olusturma/Genel/Olusturma' successfully

2021-11-19 17:04:48 - [MESSAGE][INFO] - Checking called Test Case

2021-11-19 17:04:48 - [MESSAGE][INFO] - Starting to call Test Case 'Test Cases/Olusturma/Genel/Olusturma'

2021-11-19 17:04:48 - [TEST_CASE][PASSED] - Test Cases/Olusturma/Genel/Olusturma: Test Cases/Olusturma/Genel/Olusturma

2021-11-19 17:04:48 - [TEST_STEP][PASSED] - driver = getWebDriver(): null

2021-11-19 17:04:48 - [TEST_STEP][PASSED] - action = new org.openqa.selenium.interactions.Actions(driver): null

2021-11-19 17:04:48 - [TEST_STEP][PASSED] - baslikElement = <not implemented yet for class: org.codehaus.groovy.ast.expr.EmptyExpression>: null

2021-11-19 17:04:48 - [TEST_STEP][PASSED] - sonElement = <not implemented yet for class: org.codehaus.groovy.ast.expr.EmptyExpression>: null

2021-11-19 17:04:48 - [TEST_STEP][PASSED] - attr = <not implemented yet for class: org.codehaus.groovy.ast.expr.EmptyExpression>: null

2021-11-19 17:04:48 - [TEST_STEP][PASSED] - a = 0: null

2021-11-19 17:04:48 - [TEST_STEP][PASSED] - elements = findWebElements(findTestObject("Object Repository/Olusturma/Genel/Olusturma/TabloBasliklari"), 10): Found 13 web elements with id: 'Object Repository/Olusturma/Genel/Olusturma/TabloBasliklari' located by 'By.cssSelector: div#divmalhizmet .dxgvTable_LECustomTheme td.dxgvHeader_LECustomTheme tr>td:nth-child(1)' in '10' second(s)

2021-11-19 17:04:48 - [MESSAGE][INFO] - Finding Test Object 'Object Repository/Olusturma/Genel/Olusturma/TabloBasliklari'

2021-11-19 17:04:48 - [MESSAGE][INFO] - Checking timeout

2021-11-19 17:04:48 - [MESSAGE][INFO] - Finding web element with id: 'Object Repository/Olusturma/Genel/Olusturma/TabloBasliklari' located by 'By.cssSelector: div#divmalhizmet .dxgvTable_LECustomTheme td.dxgvHeader_LECustomTheme tr>td:nth-child(1)' in '10' second(s)

2021-11-19 17:04:48 - [MESSAGE][INFO] - Smart Wait Function is triggered

2021-11-19 17:04:48 - [MESSAGE][INFO] - Found 13 web elements with id: 'Object Repository/Olusturma/Genel/Olusturma/TabloBasliklari' located by 'By.cssSelector: div#divmalhizmet .dxgvTable_LECustomTheme td.dxgvHeader_LECustomTheme tr>td:nth-child(1)' in '10' second(s)

2021-11-19 17:04:48 - [TEST_STEP][PASSED] - for (def element : elements): null

2021-11-19 17:04:48 - [TEST_STEP][PASSED] - build().perform(): null

2021-11-19 17:04:49 - [TEST_STEP][PASSED] - if (getText().equals(Baslik)): null

2021-11-19 17:04:49 - [TEST_STEP][PASSED] - build().perform(): null

2021-11-19 17:04:49 - [TEST_STEP][PASSED] - if (getText().equals(Baslik)): null

2021-11-19 17:04:49 - [TEST_STEP][PASSED] - build().perform(): null

2021-11-19 17:04:49 - [TEST_STEP][PASSED] - if (getText().equals(Baslik)): null

2021-11-19 17:04:49 - [TEST_STEP][PASSED] - build().perform(): null

2021-11-19 17:04:49 - [TEST_STEP][PASSED] - if (getText().equals(Baslik)): null

2021-11-19 17:04:49 - [TEST_STEP][PASSED] - build().perform(): null

2021-11-19 17:04:49 - [TEST_STEP][PASSED] - if (getText().equals(Baslik)): null

2021-11-19 17:04:49 - [TEST_STEP][PASSED] - build().perform(): null

2021-11-19 17:04:49 - [TEST_STEP][PASSED] - if (getText().equals(Baslik)): null

2021-11-19 17:04:49 - [TEST_STEP][PASSED] - baslikElement = element.findElement(By.xpath("../../../..")): Smart Wait Function is triggered

2021-11-19 17:04:49 - [MESSAGE][INFO] - Smart Wait Function is triggered

2021-11-19 17:04:50 - [TEST_STEP][PASSED] - attr = baslikElement.getAttribute("id"): null

2021-11-19 17:04:50 - [TEST_STEP][PASSED] - println("girdi ve idsini aldı = " + attr): null

2021-11-19 17:04:50 - [TEST_STEP][PASSED] - break: null

2021-11-19 17:04:50 - [TEST_STEP][PASSED] - countElement = baslikElement.findElements(By.xpath("../td")): Smart Wait Function is triggered

2021-11-19 17:04:50 - [MESSAGE][INFO] - Smart Wait Function is triggered

2021-11-19 17:04:50 - [TEST_STEP][PASSED] - for (def element : countElement): null

2021-11-19 17:04:50 - [TEST_STEP][PASSED] - if (toString().equals(attr.toString())): null

2021-11-19 17:04:50 - [TEST_STEP][PASSED] - (a++): null

2021-11-19 17:04:50 - [TEST_STEP][PASSED] - if (toString().equals(attr.toString())): null

2021-11-19 17:04:50 - [TEST_STEP][PASSED] - (a++): null

2021-11-19 17:04:50 - [TEST_STEP][PASSED] - if (toString().equals(attr.toString())): null

2021-11-19 17:04:50 - [TEST_STEP][PASSED] - (a++): null

2021-11-19 17:04:50 - [TEST_STEP][PASSED] - if (toString().equals(attr.toString())): null

2021-11-19 17:04:50 - [TEST_STEP][PASSED] - (a++): null

2021-11-19 17:04:50 - [TEST_STEP][PASSED] - if (toString().equals(attr.toString())): null

2021-11-19 17:04:50 - [TEST_STEP][PASSED] - (a++): null

2021-11-19 17:04:50 - [TEST_STEP][PASSED] - if (toString().equals(attr.toString())): null

2021-11-19 17:04:50 - [TEST_STEP][PASSED] - (a++): null

2021-11-19 17:04:50 - [TEST_STEP][PASSED] - if (toString().equals(attr.toString())): null

2021-11-19 17:04:50 - [TEST_STEP][PASSED] - break: null

2021-11-19 17:04:50 - [TEST_STEP][PASSED] - son = findWebElement(findTestObject("Object Repository/Olusturma/Genel/Olusturma/EklenenSatir")).findElement(By.xpath("td[@class='dxgvInlineEditCell_LECustomTheme dxgv'][" + a + "]//td[@class='dxic']/input")): Smart Wait Function is triggered

2021-11-19 17:04:50 - [MESSAGE][INFO] - Finding Test Object 'Object Repository/Olusturma/Genel/Olusturma/EklenenSatir'

2021-11-19 17:04:50 - [MESSAGE][INFO] - Finding web element from Test Object's properties

2021-11-19 17:04:50 - [MESSAGE][INFO] - Checking timeout

2021-11-19 17:04:50 - [MESSAGE][INFO] - Finding web element with id: 'Object Repository/Olusturma/Genel/Olusturma/EklenenSatir' located by 'By.cssSelector: #divmalhizmet .dxgvInlineEditRow_LECustomTheme' in '30' second(s)

2021-11-19 17:04:50 - [MESSAGE][INFO] - Smart Wait Function is triggered

2021-11-19 17:04:51 - [MESSAGE][INFO] - Found 1 web elements with id: 'Object Repository/Olusturma/Genel/Olusturma/EklenenSatir' located by 'By.cssSelector: #divmalhizmet .dxgvInlineEditRow_LECustomTheme' in '30' second(s)

2021-11-19 17:04:51 - [MESSAGE][INFO] - Smart Wait Function is triggered

2021-11-19 17:04:51 - [TEST_STEP][PASSED] - if (!(getAttribute("value").contains("Vkn"))): null

2021-11-19 17:04:51 - [TEST_STEP][PASSED] - son.clear(): null

2021-11-19 17:04:51 - [TEST_STEP][PASSED] - son.sendKeys(Deger): null

2021-11-19 17:04:51 - [MESSAGE][PASSED] - Call Test Case 'Test Cases/Olusturma/Genel/Olusturma' successfully

2021-11-19 17:04:51 - [MESSAGE][INFO] - Checking called Test Case

2021-11-19 17:04:51 - [MESSAGE][INFO] - Starting to call Test Case 'Test Cases/Olusturma/Genel/Olusturma'

2021-11-19 17:04:51 - [TEST_CASE][PASSED] - Test Cases/Olusturma/Genel/Olusturma: Test Cases/Olusturma/Genel/Olusturma

2021-11-19 17:04:51 - [TEST_STEP][PASSED] - driver = getWebDriver(): null

2021-11-19 17:04:51 - [TEST_STEP][PASSED] - action = new org.openqa.selenium.interactions.Actions(driver): null

2021-11-19 17:04:51 - [TEST_STEP][PASSED] - baslikElement = <not implemented yet for class: org.codehaus.groovy.ast.expr.EmptyExpression>: null

2021-11-19 17:04:51 - [TEST_STEP][PASSED] - sonElement = <not implemented yet for class: org.codehaus.groovy.ast.expr.EmptyExpression>: null

2021-11-19 17:04:51 - [TEST_STEP][PASSED] - attr = <not implemented yet for class: org.codehaus.groovy.ast.expr.EmptyExpression>: null

2021-11-19 17:04:51 - [TEST_STEP][PASSED] - a = 0: null

2021-11-19 17:04:51 - [TEST_STEP][PASSED] - elements = findWebElements(findTestObject("Object Repository/Olusturma/Genel/Olusturma/TabloBasliklari"), 10): Found 13 web elements with id: 'Object Repository/Olusturma/Genel/Olusturma/TabloBasliklari' located by 'By.cssSelector: div#divmalhizmet .dxgvTable_LECustomTheme td.dxgvHeader_LECustomTheme tr>td:nth-child(1)' in '10' second(s)

2021-11-19 17:04:51 - [MESSAGE][INFO] - Finding Test Object 'Object Repository/Olusturma/Genel/Olusturma/TabloBasliklari'

2021-11-19 17:04:51 - [MESSAGE][INFO] - Checking timeout

2021-11-19 17:04:51 - [MESSAGE][INFO] - Finding web element with id: 'Object Repository/Olusturma/Genel/Olusturma/TabloBasliklari' located by 'By.cssSelector: div#divmalhizmet .dxgvTable_LECustomTheme td.dxgvHeader_LECustomTheme tr>td:nth-child(1)' in '10' second(s)

2021-11-19 17:04:51 - [MESSAGE][INFO] - Smart Wait Function is triggered

2021-11-19 17:04:52 - [MESSAGE][INFO] - Found 13 web elements with id: 'Object Repository/Olusturma/Genel/Olusturma/TabloBasliklari' located by 'By.cssSelector: div#divmalhizmet .dxgvTable_LECustomTheme td.dxgvHeader_LECustomTheme tr>td:nth-child(1)' in '10' second(s)

2021-11-19 17:04:52 - [TEST_STEP][PASSED] - for (def element : elements): null

2021-11-19 17:04:52 - [TEST_STEP][PASSED] - build().perform(): null

2021-11-19 17:04:52 - [TEST_STEP][PASSED] - if (getText().equals(Baslik)): null

2021-11-19 17:04:52 - [TEST_STEP][PASSED] - build().perform(): null

2021-11-19 17:04:52 - [TEST_STEP][PASSED] - if (getText().equals(Baslik)): null

2021-11-19 17:04:52 - [TEST_STEP][PASSED] - build().perform(): null

2021-11-19 17:04:52 - [TEST_STEP][PASSED] - if (getText().equals(Baslik)): null

2021-11-19 17:04:52 - [TEST_STEP][PASSED] - build().perform(): null

2021-11-19 17:04:52 - [TEST_STEP][PASSED] - if (getText().equals(Baslik)): null

2021-11-19 17:04:52 - [TEST_STEP][PASSED] - build().perform(): null

2021-11-19 17:04:52 - [TEST_STEP][PASSED] - if (getText().equals(Baslik)): null

2021-11-19 17:04:52 - [TEST_STEP][PASSED] - build().perform(): null

2021-11-19 17:04:52 - [TEST_STEP][PASSED] - if (getText().equals(Baslik)): null

2021-11-19 17:04:52 - [TEST_STEP][PASSED] - build().perform(): null

2021-11-19 17:04:53 - [TEST_STEP][PASSED] - if (getText().equals(Baslik)): null

2021-11-19 17:04:53 - [TEST_STEP][PASSED] - baslikElement = element.findElement(By.xpath("../../../..")): Smart Wait Function is triggered

2021-11-19 17:04:53 - [MESSAGE][INFO] - Smart Wait Function is triggered

2021-11-19 17:04:53 - [TEST_STEP][PASSED] - attr = baslikElement.getAttribute("id"): null

2021-11-19 17:04:53 - [TEST_STEP][PASSED] - println("girdi ve idsini aldı = " + attr): null

2021-11-19 17:04:53 - [TEST_STEP][PASSED] - break: null

2021-11-19 17:04:53 - [TEST_STEP][PASSED] - countElement = baslikElement.findElements(By.xpath("../td")): Smart Wait Function is triggered

2021-11-19 17:04:53 - [MESSAGE][INFO] - Smart Wait Function is triggered

2021-11-19 17:04:53 - [TEST_STEP][PASSED] - for (def element : countElement): null

2021-11-19 17:04:53 - [TEST_STEP][PASSED] - if (toString().equals(attr.toString())): null

2021-11-19 17:04:53 - [TEST_STEP][PASSED] - (a++): null

2021-11-19 17:04:53 - [TEST_STEP][PASSED] - if (toString().equals(attr.toString())): null

2021-11-19 17:04:53 - [TEST_STEP][PASSED] - (a++): null

2021-11-19 17:04:53 - [TEST_STEP][PASSED] - if (toString().equals(attr.toString())): null

2021-11-19 17:04:53 - [TEST_STEP][PASSED] - (a++): null

2021-11-19 17:04:53 - [TEST_STEP][PASSED] - if (toString().equals(attr.toString())): null

2021-11-19 17:04:53 - [TEST_STEP][PASSED] - (a++): null

2021-11-19 17:04:53 - [TEST_STEP][PASSED] - if (toString().equals(attr.toString())): null

2021-11-19 17:04:53 - [TEST_STEP][PASSED] - (a++): null

2021-11-19 17:04:53 - [TEST_STEP][PASSED] - if (toString().equals(attr.toString())): null

2021-11-19 17:04:53 - [TEST_STEP][PASSED] - (a++): null

2021-11-19 17:04:53 - [TEST_STEP][PASSED] - if (toString().equals(attr.toString())): null

2021-11-19 17:04:53 - [TEST_STEP][PASSED] - (a++): null

2021-11-19 17:04:53 - [TEST_STEP][PASSED] - if (toString().equals(attr.toString())): null

2021-11-19 17:04:53 - [TEST_STEP][PASSED] - break: null

2021-11-19 17:04:53 - [TEST_STEP][PASSED] - son = findWebElement(findTestObject("Object Repository/Olusturma/Genel/Olusturma/EklenenSatir")).findElement(By.xpath("td[@class='dxgvInlineEditCell_LECustomTheme dxgv'][" + a + "]//td[@class='dxic']/input")): Smart Wait Function is triggered

2021-11-19 17:04:53 - [MESSAGE][INFO] - Finding Test Object 'Object Repository/Olusturma/Genel/Olusturma/EklenenSatir'

2021-11-19 17:04:53 - [MESSAGE][INFO] - Finding web element from Test Object's properties

2021-11-19 17:04:53 - [MESSAGE][INFO] - Checking timeout

2021-11-19 17:04:53 - [MESSAGE][INFO] - Finding web element with id: 'Object Repository/Olusturma/Genel/Olusturma/EklenenSatir' located by 'By.cssSelector: #divmalhizmet .dxgvInlineEditRow_LECustomTheme' in '30' second(s)

2021-11-19 17:04:53 - [MESSAGE][INFO] - Smart Wait Function is triggered

2021-11-19 17:04:54 - [MESSAGE][INFO] - Found 1 web elements with id: 'Object Repository/Olusturma/Genel/Olusturma/EklenenSatir' located by 'By.cssSelector: #divmalhizmet .dxgvInlineEditRow_LECustomTheme' in '30' second(s)

2021-11-19 17:04:54 - [MESSAGE][INFO] - Smart Wait Function is triggered

2021-11-19 17:04:54 - [TEST_STEP][PASSED] - if (!(getAttribute("value").contains("Vkn"))): null

2021-11-19 17:04:54 - [TEST_STEP][PASSED] - son.clear(): null

2021-11-19 17:04:54 - [TEST_STEP][PASSED] - son.sendKeys(Deger): null

2021-11-19 17:04:54 - [MESSAGE][PASSED] - Call Test Case 'Test Cases/Olusturma/Genel/Olusturma' successfully

2021-11-19 17:04:54 - [MESSAGE][INFO] - Checking called Test Case

2021-11-19 17:04:54 - [MESSAGE][INFO] - Starting to call Test Case 'Test Cases/Olusturma/Genel/NotGirilir'

2021-11-19 17:04:54 - [TEST_CASE][PASSED] - Test Cases/Olusturma/Genel/NotGirilir: Test Cases/Olusturma/Genel/NotGirilir

2021-11-19 17:04:54 - [TEST_STEP][PASSED] - i = 0: null

2021-11-19 17:04:54 - [TEST_STEP][PASSED] - waitForElementClickable(findTestObject("Olusturma/Genel/Not/Notlar"), 10): Object 'Object Repository/Olusturma/Genel/Not/Notlar' is clickable

2021-11-19 17:04:54 - [MESSAGE][INFO] - Finding Test Object 'Object Repository/Olusturma/Genel/Not/Notlar'

2021-11-19 17:04:54 - [MESSAGE][INFO] - Checking object

2021-11-19 17:04:54 - [MESSAGE][INFO] - Checking timeout

2021-11-19 17:04:54 - [MESSAGE][INFO] - Finding web element from Test Object's properties

2021-11-19 17:04:54 - [MESSAGE][INFO] - Checking timeout

2021-11-19 17:04:54 - [MESSAGE][INFO] - Finding web element with id: 'Object Repository/Olusturma/Genel/Not/Notlar' located by 'By.xpath: //*[@id = 'txtNote_I']' in '10' second(s)

2021-11-19 17:04:54 - [MESSAGE][INFO] - Smart Wait Function is triggered

2021-11-19 17:04:55 - [MESSAGE][INFO] - Found 1 web elements with id: 'Object Repository/Olusturma/Genel/Not/Notlar' located by 'By.xpath: //*[@id = 'txtNote_I']' in '10' second(s)

2021-11-19 17:04:55 - [MESSAGE][PASSED] - Object 'Object Repository/Olusturma/Genel/Not/Notlar' is clickable

2021-11-19 17:04:55 - [TEST_STEP][PASSED] - clearText(findTestObject("Olusturma/Genel/Not/Notlar")): Text of object 'Object Repository/Olusturma/Genel/Not/Notlar' is cleared

2021-11-19 17:04:55 - [MESSAGE][INFO] - Finding Test Object 'Object Repository/Olusturma/Genel/Not/Notlar'

2021-11-19 17:04:55 - [MESSAGE][INFO] - Checking object

2021-11-19 17:04:55 - [MESSAGE][INFO] - Finding web element from Test Object's properties

2021-11-19 17:04:55 - [MESSAGE][INFO] - Checking timeout

2021-11-19 17:04:55 - [MESSAGE][INFO] - Finding web element with id: 'Object Repository/Olusturma/Genel/Not/Notlar' located by 'By.xpath: //*[@id = 'txtNote_I']' in '30' second(s)

2021-11-19 17:04:55 - [MESSAGE][INFO] - Smart Wait Function is triggered

2021-11-19 17:04:55 - [MESSAGE][INFO] - Found 1 web elements with id: 'Object Repository/Olusturma/Genel/Not/Notlar' located by 'By.xpath: //*[@id = 'txtNote_I']' in '30' second(s)

2021-11-19 17:04:55 - [MESSAGE][INFO] - Clearing text of object 'Object Repository/Olusturma/Genel/Not/Notlar'

2021-11-19 17:04:55 - [MESSAGE][PASSED] - Text of object 'Object Repository/Olusturma/Genel/Not/Notlar' is cleared

2021-11-19 17:04:55 - [TEST_STEP][PASSED] - click(findTestObject("Olusturma/Genel/Not/Notlar")): Object: 'Object Repository/Olusturma/Genel/Not/Notlar' is clicked on

2021-11-19 17:04:55 - [MESSAGE][INFO] - Finding Test Object 'Object Repository/Olusturma/Genel/Not/Notlar'

2021-11-19 17:04:55 - [MESSAGE][INFO] - Checking object

2021-11-19 17:04:55 - [MESSAGE][INFO] - Finding web element from Test Object's properties

2021-11-19 17:04:55 - [MESSAGE][INFO] - Checking timeout

2021-11-19 17:04:55 - [MESSAGE][INFO] - Finding web element with id: 'Object Repository/Olusturma/Genel/Not/Notlar' located by 'By.xpath: //*[@id = 'txtNote_I']' in '30' second(s)

2021-11-19 17:04:55 - [MESSAGE][INFO] - Smart Wait Function is triggered

2021-11-19 17:04:56 - [MESSAGE][INFO] - Found 1 web elements with id: 'Object Repository/Olusturma/Genel/Not/Notlar' located by 'By.xpath: //*[@id = 'txtNote_I']' in '30' second(s)

2021-11-19 17:04:56 - [MESSAGE][INFO] - Clicking on object: 'Object Repository/Olusturma/Genel/Not/Notlar'

2021-11-19 17:04:56 - [MESSAGE][PASSED] - Object: 'Object Repository/Olusturma/Genel/Not/Notlar' is clicked on

2021-11-19 17:04:56 - [TEST_STEP][PASSED] - while (true): null

2021-11-19 17:04:56 - [TEST_STEP][PASSED] - delay(1): Delayed 1 second(s)

2021-11-19 17:04:56 - [MESSAGE][INFO] - Delaying browser in 1 second(s)

2021-11-19 17:04:57 - [MESSAGE][PASSED] - Delayed 1 second(s)

2021-11-19 17:04:57 - [TEST_STEP][PASSED] - ajaxIsComplete = executeJavaScript("return jQuery.active == 0", null): Execute JavaScript 'return jQuery.active == 0' successfully

2021-11-19 17:04:57 - [MESSAGE][PASSED] - Execute JavaScript 'return jQuery.active == 0' successfully

2021-11-19 17:04:57 - [TEST_STEP][PASSED] - if (ajaxIsComplete): null

2021-11-19 17:04:57 - [TEST_STEP][PASSED] - if (i > 10): null

2021-11-19 17:04:57 - [TEST_STEP][PASSED] - (i++): null

2021-11-19 17:04:57 - [TEST_STEP][PASSED] - delay(1): Delayed 1 second(s)

2021-11-19 17:04:57 - [MESSAGE][INFO] - Delaying browser in 1 second(s)

2021-11-19 17:04:58 - [MESSAGE][PASSED] - Delayed 1 second(s)

2021-11-19 17:04:58 - [TEST_STEP][PASSED] - ajaxIsComplete = executeJavaScript("return jQuery.active == 0", null): Execute JavaScript 'return jQuery.active == 0' successfully

2021-11-19 17:04:58 - [MESSAGE][PASSED] - Execute JavaScript 'return jQuery.active == 0' successfully

2021-11-19 17:04:58 - [TEST_STEP][PASSED] - if (ajaxIsComplete): null

2021-11-19 17:04:58 - [TEST_STEP][PASSED] - break: null

2021-11-19 17:04:58 - [TEST_STEP][PASSED] - sendKeys(findTestObject("Olusturma/Genel/Not/Notlar"), Not): Keys 'Otomasyon Not' sent to object: 'Object Repository/Olusturma/Genel/Not/Notlar'

2021-11-19 17:04:58 - [MESSAGE][INFO] - Finding Test Object 'Object Repository/Olusturma/Genel/Not/Notlar'

2021-11-19 17:04:58 - [MESSAGE][INFO] - Sending keys 'Otomasyon Not' to object: 'Object Repository/Olusturma/Genel/Not/Notlar'

2021-11-19 17:04:58 - [MESSAGE][INFO] - Finding web element from Test Object's properties

2021-11-19 17:04:58 - [MESSAGE][INFO] - Checking timeout

2021-11-19 17:04:58 - [MESSAGE][INFO] - Finding web element with id: 'Object Repository/Olusturma/Genel/Not/Notlar' located by 'By.xpath: //*[@id = 'txtNote_I']' in '30' second(s)

2021-11-19 17:04:58 - [MESSAGE][INFO] - Smart Wait Function is triggered

2021-11-19 17:04:58 - [MESSAGE][INFO] - Found 1 web elements with id: 'Object Repository/Olusturma/Genel/Not/Notlar' located by 'By.xpath: //*[@id = 'txtNote_I']' in '30' second(s)

2021-11-19 17:04:59 - [MESSAGE][PASSED] - Keys 'Otomasyon Not' sent to object: 'Object Repository/Olusturma/Genel/Not/Notlar'

2021-11-19 17:04:59 - [MESSAGE][PASSED] - Call Test Case 'Test Cases/Olusturma/Genel/NotGirilir' successfully

2021-11-19 17:04:59 - [MESSAGE][INFO] - Checking called Test Case

2021-11-19 17:04:59 - [MESSAGE][INFO] - Starting to call Test Case 'Test Cases/Olusturma/Genel/EttnBilgisiKayitEdilir'

2021-11-19 17:04:59 - [TEST_CASE][PASSED] - Test Cases/Olusturma/Genel/EttnBilgisiKayitEdilir: Test Cases/Olusturma/Genel/EttnBilgisiKayitEdilir

2021-11-19 17:04:59 - [TEST_STEP][PASSED] - verifyElementPresent(findTestObject("Object Repository/Olusturma/Genel/Olusturma/eArsivEttnBilgisi"), 7): Object 'Object Repository/Olusturma/Genel/Olusturma/eArsivEttnBilgisi' is present

2021-11-19 17:04:59 - [MESSAGE][INFO] - Finding Test Object 'Object Repository/Olusturma/Genel/Olusturma/eArsivEttnBilgisi'

2021-11-19 17:04:59 - [MESSAGE][INFO] - Checking object

2021-11-19 17:04:59 - [MESSAGE][INFO] - Finding web element from Test Object's properties

2021-11-19 17:04:59 - [MESSAGE][INFO] - Checking timeout

2021-11-19 17:04:59 - [MESSAGE][INFO] - Finding web element with id: 'Object Repository/Olusturma/Genel/Olusturma/eArsivEttnBilgisi' located by 'By.xpath: //*[@id = 'Uuid_I']' in '7' second(s)

2021-11-19 17:04:59 - [MESSAGE][INFO] - Smart Wait Function is triggered

2021-11-19 17:04:59 - [MESSAGE][INFO] - Found 1 web elements with id: 'Object Repository/Olusturma/Genel/Olusturma/eArsivEttnBilgisi' located by 'By.xpath: //*[@id = 'Uuid_I']' in '7' second(s)

2021-11-19 17:04:59 - [MESSAGE][PASSED] - Object 'Object Repository/Olusturma/Genel/Olusturma/eArsivEttnBilgisi' is present

2021-11-19 17:04:59 - [TEST_STEP][PASSED] - ettn = getAttribute(findTestObject("Object Repository/Olusturma/Genel/Olusturma/eArsivEttnBilgisi"), "value"): Attribute 'value' of object 'Object Repository/Olusturma/Genel/Olusturma/eArsivEttnBilgisi' is: 'c9ac696b-582e-4b02-9269-41c39c3462bb'

2021-11-19 17:04:59 - [MESSAGE][INFO] - Finding Test Object 'Object Repository/Olusturma/Genel/Olusturma/eArsivEttnBilgisi'

2021-11-19 17:04:59 - [MESSAGE][INFO] - Checking object

2021-11-19 17:04:59 - [MESSAGE][INFO] - Checking attribute

2021-11-19 17:04:59 - [MESSAGE][INFO] - Finding web element from Test Object's properties

2021-11-19 17:04:59 - [MESSAGE][INFO] - Checking timeout

2021-11-19 17:04:59 - [MESSAGE][INFO] - Finding web element with id: 'Object Repository/Olusturma/Genel/Olusturma/eArsivEttnBilgisi' located by 'By.xpath: //*[@id = 'Uuid_I']' in '30' second(s)

2021-11-19 17:04:59 - [MESSAGE][INFO] - Smart Wait Function is triggered

2021-11-19 17:04:59 - [MESSAGE][INFO] - Found 1 web elements with id: 'Object Repository/Olusturma/Genel/Olusturma/eArsivEttnBilgisi' located by 'By.xpath: //*[@id = 'Uuid_I']' in '30' second(s)

2021-11-19 17:04:59 - [MESSAGE][INFO] - Getting attribute 'value' of object 'Object Repository/Olusturma/Genel/Olusturma/eArsivEttnBilgisi'

2021-11-19 17:04:59 - [MESSAGE][PASSED] - Attribute 'value' of object 'Object Repository/Olusturma/Genel/Olusturma/eArsivEttnBilgisi' is: 'c9ac696b-582e-4b02-9269-41c39c3462bb'

2021-11-19 17:04:59 - [MESSAGE][PASSED] - Call Test Case 'Test Cases/Olusturma/Genel/EttnBilgisiKayitEdilir' successfully

2021-11-19 17:04:59 - [MESSAGE][INFO] - Checking called Test Case

2021-11-19 17:04:59 - [MESSAGE][INFO] - Starting to call Test Case 'Test Cases/Olusturma/Genel/KaydetButonunaTiklanir'

2021-11-19 17:05:00 - [TEST_CASE][PASSED] - Test Cases/Olusturma/Genel/KaydetButonunaTiklanir: Test Cases/Olusturma/Genel/KaydetButonunaTiklanir

2021-11-19 17:05:00 - [TEST_STEP][PASSED] - i = 0: null

2021-11-19 17:05:00 - [TEST_STEP][PASSED] - waitForElementPresent(findTestObject("Olusturma/Genel/Not/Notlar"), 10): Object 'Object Repository/Olusturma/Genel/Not/Notlar' is present

2021-11-19 17:05:00 - [MESSAGE][INFO] - Finding Test Object 'Object Repository/Olusturma/Genel/Not/Notlar'

2021-11-19 17:05:00 - [MESSAGE][INFO] - Checking object

2021-11-19 17:05:00 - [MESSAGE][INFO] - Finding web element from Test Object's properties

2021-11-19 17:05:00 - [MESSAGE][INFO] - Checking timeout

2021-11-19 17:05:00 - [MESSAGE][INFO] - Finding web element with id: 'Object Repository/Olusturma/Genel/Not/Notlar' located by 'By.xpath: //*[@id = 'txtNote_I']' in '10' second(s)

2021-11-19 17:05:00 - [MESSAGE][INFO] - Smart Wait Function is triggered

2021-11-19 17:05:00 - [MESSAGE][INFO] - Found 1 web elements with id: 'Object Repository/Olusturma/Genel/Not/Notlar' located by 'By.xpath: //*[@id = 'txtNote_I']' in '10' second(s)

2021-11-19 17:05:00 - [MESSAGE][PASSED] - Object 'Object Repository/Olusturma/Genel/Not/Notlar' is present

2021-11-19 17:05:00 - [TEST_STEP][PASSED] - click(findTestObject("Olusturma/Genel/Not/Notlar")): Object: 'Object Repository/Olusturma/Genel/Not/Notlar' is clicked on

2021-11-19 17:05:00 - [MESSAGE][INFO] - Finding Test Object 'Object Repository/Olusturma/Genel/Not/Notlar'

2021-11-19 17:05:00 - [MESSAGE][INFO] - Checking object

2021-11-19 17:05:00 - [MESSAGE][INFO] - Finding web element from Test Object's properties

2021-11-19 17:05:00 - [MESSAGE][INFO] - Checking timeout

2021-11-19 17:05:00 - [MESSAGE][INFO] - Finding web element with id: 'Object Repository/Olusturma/Genel/Not/Notlar' located by 'By.xpath: //*[@id = 'txtNote_I']' in '30' second(s)

2021-11-19 17:05:00 - [MESSAGE][INFO] - Smart Wait Function is triggered

2021-11-19 17:05:01 - [MESSAGE][INFO] - Found 1 web elements with id: 'Object Repository/Olusturma/Genel/Not/Notlar' located by 'By.xpath: //*[@id = 'txtNote_I']' in '30' second(s)

2021-11-19 17:05:01 - [MESSAGE][INFO] - Clicking on object: 'Object Repository/Olusturma/Genel/Not/Notlar'

2021-11-19 17:05:01 - [MESSAGE][PASSED] - Object: 'Object Repository/Olusturma/Genel/Not/Notlar' is clicked on

2021-11-19 17:05:01 - [TEST_STEP][PASSED] - while (true): null

2021-11-19 17:05:01 - [TEST_STEP][PASSED] - delay(1): Delayed 1 second(s)

2021-11-19 17:05:01 - [MESSAGE][INFO] - Delaying browser in 1 second(s)

2021-11-19 17:05:02 - [MESSAGE][PASSED] - Delayed 1 second(s)

2021-11-19 17:05:02 - [TEST_STEP][PASSED] - ajaxIsComplete = executeJavaScript("return jQuery.active == 0", null): Execute JavaScript 'return jQuery.active == 0' successfully

2021-11-19 17:05:02 - [MESSAGE][PASSED] - Execute JavaScript 'return jQuery.active == 0' successfully

2021-11-19 17:05:02 - [TEST_STEP][PASSED] - if (ajaxIsComplete): null

2021-11-19 17:05:02 - [TEST_STEP][PASSED] - break: null

2021-11-19 17:05:02 - [TEST_STEP][PASSED] - waitForElementClickable(findTestObject("Object Repository/Olusturma/Genel/Buton"), 10): Object 'Object Repository/Olusturma/Genel/Buton' is clickable

2021-11-19 17:05:02 - [MESSAGE][INFO] - Finding Test Object 'Object Repository/Olusturma/Genel/Buton'

2021-11-19 17:05:02 - [MESSAGE][INFO] - Checking object

2021-11-19 17:05:02 - [MESSAGE][INFO] - Checking timeout

2021-11-19 17:05:02 - [MESSAGE][INFO] - Finding web element from Test Object's properties

2021-11-19 17:05:02 - [MESSAGE][INFO] - Checking timeout

2021-11-19 17:05:02 - [MESSAGE][INFO] - Finding web element with id: 'Object Repository/Olusturma/Genel/Buton' located by 'By.xpath: //*[@id = 'btnKaydet']' in '10' second(s)

2021-11-19 17:05:02 - [MESSAGE][INFO] - Smart Wait Function is triggered

2021-11-19 17:05:02 - [MESSAGE][INFO] - Found 1 web elements with id: 'Object Repository/Olusturma/Genel/Buton' located by 'By.xpath: //*[@id = 'btnKaydet']' in '10' second(s)

2021-11-19 17:05:02 - [MESSAGE][PASSED] - Object 'Object Repository/Olusturma/Genel/Buton' is clickable

2021-11-19 17:05:02 - [TEST_STEP][PASSED] - click(findTestObject("Object Repository/Olusturma/Genel/Buton")): Object: 'Object Repository/Olusturma/Genel/Buton' is clicked on

2021-11-19 17:05:02 - [MESSAGE][INFO] - Finding Test Object 'Object Repository/Olusturma/Genel/Buton'

2021-11-19 17:05:02 - [MESSAGE][INFO] - Checking object

2021-11-19 17:05:02 - [MESSAGE][INFO] - Finding web element from Test Object's properties

2021-11-19 17:05:02 - [MESSAGE][INFO] - Checking timeout

2021-11-19 17:05:02 - [MESSAGE][INFO] - Finding web element with id: 'Object Repository/Olusturma/Genel/Buton' located by 'By.xpath: //*[@id = 'btnKaydet']' in '30' second(s)

2021-11-19 17:05:02 - [MESSAGE][INFO] - Smart Wait Function is triggered

2021-11-19 17:05:02 - [MESSAGE][INFO] - Found 1 web elements with id: 'Object Repository/Olusturma/Genel/Buton' located by 'By.xpath: //*[@id = 'btnKaydet']' in '30' second(s)

2021-11-19 17:05:02 - [MESSAGE][INFO] - Clicking on object: 'Object Repository/Olusturma/Genel/Buton'

2021-11-19 17:05:06 - [MESSAGE][PASSED] - Object: 'Object Repository/Olusturma/Genel/Buton' is clicked on

2021-11-19 17:05:06 - [MESSAGE][PASSED] - Call Test Case 'Test Cases/Olusturma/Genel/KaydetButonunaTiklanir' successfully

2021-11-19 17:05:06 - [MESSAGE][INFO] - Checking called Test Case

2021-11-19 17:05:06 - [MESSAGE][INFO] - Starting to call Test Case 'Test Cases/Tablo/TablodaEttnliVeriOlusturulduMu'

2021-11-19 17:05:06 - [TEST_CASE][PASSED] - Test Cases/Tablo/TablodaEttnliVeriOlusturulduMu: Test Cases/Tablo/TablodaEttnliVeriOlusturulduMu

2021-11-19 17:05:06 - [TEST_STEP][PASSED] - Method.TextDegerineEsitElementVarMi(findTestObject("Tablo/OlusturulanVeri"), ettn): Method.TextDegerineEsitElementVarMi is PASSED

2021-11-19 17:05:06 - [MESSAGE][INFO] - Finding Test Object 'Object Repository/Tablo/OlusturulanVeri'

2021-11-19 17:05:06 - [MESSAGE][INFO] - Checking timeout

2021-11-19 17:05:06 - [MESSAGE][INFO] - Finding web element with id: 'Object Repository/Tablo/OlusturulanVeri' located by 'By.cssSelector: table.dxgvTable_LECustomTheme>tbody>tr:nth-child(3)>td.dxgv b,table.dxgvTable_LECustomTheme>tbody>tr:nth-child(3)>td.dxgv' in '10' second(s)

2021-11-19 17:05:06 - [MESSAGE][INFO] - Smart Wait Function is triggered

2021-11-19 17:05:06 - [MESSAGE][INFO] - Found 14 web elements with id: 'Object Repository/Tablo/OlusturulanVeri' located by 'By.cssSelector: table.dxgvTable_LECustomTheme>tbody>tr:nth-child(3)>td.dxgv b,table.dxgvTable_LECustomTheme>tbody>tr:nth-child(3)>td.dxgv' in '10' second(s)

2021-11-19 17:05:06 - [MESSAGE][PASSED] - Method.TextDegerineEsitElementVarMi is PASSED

2021-11-19 17:05:06 - [MESSAGE][PASSED] - Call Test Case 'Test Cases/Tablo/TablodaEttnliVeriOlusturulduMu' successfully

2021-11-19 17:05:06 - [MESSAGE][INFO] - Checking called Test Case

2021-11-19 17:05:06 - [MESSAGE][INFO] - Starting to call Test Case 'Test Cases/Tablo/TablodanEttnliVeriSec'

2021-11-19 17:05:06 - [TEST_CASE][PASSED] - Test Cases/Tablo/TablodanEttnliVeriSec: Test Cases/Tablo/TablodanEttnliVeriSec

2021-11-19 17:05:06 - [TEST_STEP][PASSED] - Method.TextDegerineEsitElementinAltindakineTikla(findTestObject("Tablo/Veriler"), findTestObject("Tablo/VerininCheckBoxi"), ettn): Method.TextDegerineEsitElementinAltindakineTikla is PASSED

2021-11-19 17:05:06 - [MESSAGE][INFO] - Finding Test Object 'Object Repository/Tablo/Veriler'

2021-11-19 17:05:07 - [MESSAGE][INFO] - Finding Test Object 'Object Repository/Tablo/VerininCheckBoxi'

2021-11-19 17:05:07 - [MESSAGE][INFO] - Checking timeout

2021-11-19 17:05:07 - [MESSAGE][INFO] - Finding web element with id: 'Object Repository/Tablo/Veriler' located by 'By.cssSelector: td.dxgv b ,td.dxgv' in '10' second(s)

2021-11-19 17:05:07 - [MESSAGE][INFO] - Smart Wait Function is triggered

2021-11-19 17:05:07 - [MESSAGE][INFO] - Found 140 web elements with id: 'Object Repository/Tablo/Veriler' located by 'By.cssSelector: td.dxgv b ,td.dxgv' in '10' second(s)

2021-11-19 17:05:07 - [MESSAGE][INFO] - Smart Wait Function is triggered

2021-11-19 17:05:07 - [MESSAGE][PASSED] - Method.TextDegerineEsitElementinAltindakineTikla is PASSED

2021-11-19 17:05:07 - [MESSAGE][PASSED] - Call Test Case 'Test Cases/Tablo/TablodanEttnliVeriSec' successfully

2021-11-19 17:05:07 - [MESSAGE][INFO] - Checking called Test Case

2021-11-19 17:05:07 - [MESSAGE][INFO] - Starting to call Test Case 'Test Cases/Butonlar/ButonaTikla'

2021-11-19 17:05:07 - [TEST_CASE][PASSED] - Test Cases/Butonlar/ButonaTikla: Test Cases/Butonlar/ButonaTikla

2021-11-19 17:05:07 - [TEST_STEP][PASSED] - Method.TextDegerineEsitElementeTiklaEquals(findTestObject("Butonlar/Butonlar"), Buton_Adi): Method.TextDegerineEsitElementeTiklaEquals is PASSED

2021-11-19 17:05:07 - [MESSAGE][INFO] - Finding Test Object 'Object Repository/Butonlar/Butonlar'

2021-11-19 17:05:07 - [MESSAGE][INFO] - Checking timeout

2021-11-19 17:05:07 - [MESSAGE][INFO] - Finding web element with id: 'Object Repository/Butonlar/Butonlar' located by 'By.cssSelector: .panel.panel-default.text-center.footerPanel .btn,.btn.btn-primary.btnControls' in '10' second(s)

2021-11-19 17:05:07 - [MESSAGE][INFO] - Smart Wait Function is triggered

2021-11-19 17:05:08 - [MESSAGE][INFO] - Found 9 web elements with id: 'Object Repository/Butonlar/Butonlar' located by 'By.cssSelector: .panel.panel-default.text-center.footerPanel .btn,.btn.btn-primary.btnControls' in '10' second(s)

2021-11-19 17:05:08 - [MESSAGE][PASSED] - Method.TextDegerineEsitElementeTiklaEquals is PASSED

2021-11-19 17:05:08 - [MESSAGE][PASSED] - Call Test Case 'Test Cases/Butonlar/ButonaTikla' successfully

2021-11-19 17:05:08 - [MESSAGE][INFO] - Checking called Test Case

2021-11-19 17:05:08 - [MESSAGE][INFO] - Starting to call Test Case 'Test Cases/Popup/PopupMesajiIceriyorMu'

2021-11-19 17:05:08 - [TEST_CASE][PASSED] - Test Cases/Popup/PopupMesajiIceriyorMu: Test Cases/Popup/PopupMesajiIceriyorMu

2021-11-19 17:05:08 - [TEST_STEP][PASSED] - waitForElementVisible(findTestObject("Popup/Popup"), 10): Object 'Object Repository/Popup/Popup' is visible

2021-11-19 17:05:08 - [MESSAGE][INFO] - Finding Test Object 'Object Repository/Popup/Popup'

2021-11-19 17:05:08 - [MESSAGE][INFO] - Checking object

2021-11-19 17:05:08 - [MESSAGE][INFO] - Checking timeout

2021-11-19 17:05:08 - [MESSAGE][INFO] - Finding web element from Test Object's properties

2021-11-19 17:05:08 - [MESSAGE][INFO] - Checking timeout

2021-11-19 17:05:08 - [MESSAGE][INFO] - Finding web element with id: 'Object Repository/Popup/Popup' located by 'By.cssSelector: .bootbox-body' in '10' second(s)

2021-11-19 17:05:08 - [MESSAGE][INFO] - Smart Wait Function is triggered

2021-11-19 17:05:09 - [MESSAGE][INFO] - Found 1 web elements with id: 'Object Repository/Popup/Popup' located by 'By.cssSelector: .bootbox-body' in '10' second(s)

2021-11-19 17:05:09 - [MESSAGE][PASSED] - Object 'Object Repository/Popup/Popup' is visible

2021-11-19 17:05:09 - [TEST_STEP][PASSED] - if (!(getText(findTestObject("Popup/Popup")).contains(Mesaj))): Text of object 'Object Repository/Popup/Popup' is: 'Oluşturulacak fatura numarası : INT2021000000115 Fatura numarası oluşturulduktan sonra fatura silinemez. Fatura numarası, tarihi ve ön eki değiştirilemez. Devam etmek istiyor musunuz?'

2021-11-19 17:05:09 - [MESSAGE][INFO] - Finding Test Object 'Object Repository/Popup/Popup'

2021-11-19 17:05:09 - [MESSAGE][INFO] - Checking object

2021-11-19 17:05:09 - [MESSAGE][INFO] - Finding web element from Test Object's properties

2021-11-19 17:05:09 - [MESSAGE][INFO] - Checking timeout

2021-11-19 17:05:09 - [MESSAGE][INFO] - Finding web element with id: 'Object Repository/Popup/Popup' located by 'By.cssSelector: .bootbox-body' in '30' second(s)

2021-11-19 17:05:09 - [MESSAGE][INFO] - Smart Wait Function is triggered

2021-11-19 17:05:10 - [MESSAGE][INFO] - Found 1 web elements with id: 'Object Repository/Popup/Popup' located by 'By.cssSelector: .bootbox-body' in '30' second(s)

2021-11-19 17:05:10 - [MESSAGE][INFO] - Getting text of object 'Object Repository/Popup/Popup'

2021-11-19 17:05:10 - [MESSAGE][PASSED] - Text of object 'Object Repository/Popup/Popup' is: 'Oluşturulacak fatura numarası : INT2021000000115 Fatura numarası oluşturulduktan sonra fatura silinemez. Fatura numarası, tarihi ve ön eki değiştirilemez. Devam etmek istiyor musunuz?'

2021-11-19 17:05:10 - [TEST_STEP][PASSED] - RaporNo = getText(findTestObject("Popup/Popup")).substring(0, 6): Text of object 'Object Repository/Popup/Popup' is: 'Oluşturulacak fatura numarası : INT2021000000115 Fatura numarası oluşturulduktan sonra fatura silinemez. Fatura numarası, tarihi ve ön eki değiştirilemez. Devam etmek istiyor musunuz?'

2021-11-19 17:05:10 - [MESSAGE][INFO] - Finding Test Object 'Object Repository/Popup/Popup'

2021-11-19 17:05:10 - [MESSAGE][INFO] - Checking object

2021-11-19 17:05:10 - [MESSAGE][INFO] - Finding web element from Test Object's properties

2021-11-19 17:05:10 - [MESSAGE][INFO] - Checking timeout

2021-11-19 17:05:10 - [MESSAGE][INFO] - Finding web element with id: 'Object Repository/Popup/Popup' located by 'By.cssSelector: .bootbox-body' in '30' second(s)

2021-11-19 17:05:10 - [MESSAGE][INFO] - Smart Wait Function is triggered

2021-11-19 17:05:10 - [MESSAGE][INFO] - Found 1 web elements with id: 'Object Repository/Popup/Popup' located by 'By.cssSelector: .bootbox-body' in '30' second(s)

2021-11-19 17:05:10 - [MESSAGE][INFO] - Getting text of object 'Object Repository/Popup/Popup'

2021-11-19 17:05:10 - [MESSAGE][PASSED] - Text of object 'Object Repository/Popup/Popup' is: 'Oluşturulacak fatura numarası : INT2021000000115 Fatura numarası oluşturulduktan sonra fatura silinemez. Fatura numarası, tarihi ve ön eki değiştirilemez. Devam etmek istiyor musunuz?'

2021-11-19 17:05:10 - [TEST_STEP][PASSED] - Console.println(RaporNo): null

2021-11-19 17:05:10 - [MESSAGE][PASSED] - Call Test Case 'Test Cases/Popup/PopupMesajiIceriyorMu' successfully

2021-11-19 17:05:10 - [MESSAGE][INFO] - Checking called Test Case

2021-11-19 17:05:10 - [MESSAGE][INFO] - Starting to call Test Case 'Test Cases/Popup/PopupButonSecilir'

2021-11-19 17:05:10 - [TEST_CASE][PASSED] - Test Cases/Popup/PopupButonSecilir: Test Cases/Popup/PopupButonSecilir

2021-11-19 17:05:10 - [TEST_STEP][PASSED] - Method.TextDegerineEsitElementeTikla(findTestObject("Popup/Popup_Butons"), Buton): Method.TextDegerineEsitElementeTikla is PASSED

2021-11-19 17:05:10 - [MESSAGE][INFO] - Finding Test Object 'Object Repository/Popup/Popup_Butons'

2021-11-19 17:05:10 - [MESSAGE][INFO] - Checking timeout

2021-11-19 17:05:10 - [MESSAGE][INFO] - Finding web element with id: 'Object Repository/Popup/Popup_Butons' located by 'By.cssSelector: .modal-footer>button' in '10' second(s)

2021-11-19 17:05:10 - [MESSAGE][INFO] - Smart Wait Function is triggered

2021-11-19 17:05:10 - [MESSAGE][INFO] - Found 2 web elements with id: 'Object Repository/Popup/Popup_Butons' located by 'By.cssSelector: .modal-footer>button' in '10' second(s)

2021-11-19 17:05:11 - [MESSAGE][PASSED] - Method.TextDegerineEsitElementeTikla is PASSED

2021-11-19 17:05:11 - [MESSAGE][PASSED] - Call Test Case 'Test Cases/Popup/PopupButonSecilir' successfully

2021-11-19 17:05:11 - [MESSAGE][INFO] - Checking called Test Case

2021-11-19 17:05:11 - [MESSAGE][INFO] - Starting to call Test Case 'Test Cases/Popup/PopupMesajiIceriyorMu'

2021-11-19 17:05:11 - [TEST_CASE][PASSED] - Test Cases/Popup/PopupMesajiIceriyorMu: Test Cases/Popup/PopupMesajiIceriyorMu

2021-11-19 17:05:11 - [TEST_STEP][PASSED] - waitForElementVisible(findTestObject("Popup/Popup"), 10): Object 'Object Repository/Popup/Popup' is visible

2021-11-19 17:05:11 - [MESSAGE][INFO] - Finding Test Object 'Object Repository/Popup/Popup'

2021-11-19 17:05:11 - [MESSAGE][INFO] - Checking object

2021-11-19 17:05:11 - [MESSAGE][INFO] - Checking timeout

2021-11-19 17:05:11 - [MESSAGE][INFO] - Finding web element from Test Object's properties

2021-11-19 17:05:11 - [MESSAGE][INFO] - Checking timeout

2021-11-19 17:05:11 - [MESSAGE][INFO] - Finding web element with id: 'Object Repository/Popup/Popup' located by 'By.cssSelector: .bootbox-body' in '10' second(s)

2021-11-19 17:05:11 - [MESSAGE][INFO] - Smart Wait Function is triggered

2021-11-19 17:05:11 - [MESSAGE][INFO] - Found 1 web elements with id: 'Object Repository/Popup/Popup' located by 'By.cssSelector: .bootbox-body' in '10' second(s)

2021-11-19 17:05:11 - [MESSAGE][PASSED] - Object 'Object Repository/Popup/Popup' is visible

2021-11-19 17:05:11 - [TEST_STEP][PASSED] - if (!(getText(findTestObject("Popup/Popup")).contains(Mesaj))): Text of object 'Object Repository/Popup/Popup' is: 'Fatura numaranız INT2021000000115 olarak oluşmuştur.'

2021-11-19 17:05:11 - [MESSAGE][INFO] - Finding Test Object 'Object Repository/Popup/Popup'

2021-11-19 17:05:12 - [MESSAGE][INFO] - Checking object

2021-11-19 17:05:12 - [MESSAGE][INFO] - Finding web element from Test Object's properties

2021-11-19 17:05:12 - [MESSAGE][INFO] - Checking timeout

2021-11-19 17:05:12 - [MESSAGE][INFO] - Finding web element with id: 'Object Repository/Popup/Popup' located by 'By.cssSelector: .bootbox-body' in '30' second(s)

2021-11-19 17:05:12 - [MESSAGE][INFO] - Smart Wait Function is triggered

2021-11-19 17:05:12 - [MESSAGE][INFO] - Found 1 web elements with id: 'Object Repository/Popup/Popup' located by 'By.cssSelector: .bootbox-body' in '30' second(s)

2021-11-19 17:05:12 - [MESSAGE][INFO] - Getting text of object 'Object Repository/Popup/Popup'

2021-11-19 17:05:12 - [MESSAGE][PASSED] - Text of object 'Object Repository/Popup/Popup' is: 'Fatura numaranız INT2021000000115 olarak oluşmuştur.'

2021-11-19 17:05:12 - [TEST_STEP][PASSED] - RaporNo = getText(findTestObject("Popup/Popup")).substring(0, 6): Text of object 'Object Repository/Popup/Popup' is: 'Fatura numaranız INT2021000000115 olarak oluşmuştur.'

2021-11-19 17:05:12 - [MESSAGE][INFO] - Finding Test Object 'Object Repository/Popup/Popup'

2021-11-19 17:05:12 - [MESSAGE][INFO] - Checking object

2021-11-19 17:05:12 - [MESSAGE][INFO] - Finding web element from Test Object's properties

2021-11-19 17:05:12 - [MESSAGE][INFO] - Checking timeout

2021-11-19 17:05:12 - [MESSAGE][INFO] - Finding web element with id: 'Object Repository/Popup/Popup' located by 'By.cssSelector: .bootbox-body' in '30' second(s)

2021-11-19 17:05:12 - [MESSAGE][INFO] - Smart Wait Function is triggered

2021-11-19 17:05:12 - [MESSAGE][INFO] - Found 1 web elements with id: 'Object Repository/Popup/Popup' located by 'By.cssSelector: .bootbox-body' in '30' second(s)

2021-11-19 17:05:12 - [MESSAGE][INFO] - Getting text of object 'Object Repository/Popup/Popup'

2021-11-19 17:05:12 - [MESSAGE][PASSED] - Text of object 'Object Repository/Popup/Popup' is: 'Fatura numaranız INT2021000000115 olarak oluşmuştur.'

2021-11-19 17:05:12 - [TEST_STEP][PASSED] - Console.println(RaporNo): null

2021-11-19 17:05:12 - [MESSAGE][PASSED] - Call Test Case 'Test Cases/Popup/PopupMesajiIceriyorMu' successfully

2021-11-19 17:05:12 - [MESSAGE][INFO] - Checking called Test Case

2021-11-19 17:05:12 - [MESSAGE][INFO] - Starting to call Test Case 'Test Cases/Popup/PopupButonSecilir'

2021-11-19 17:05:12 - [TEST_CASE][PASSED] - Test Cases/Popup/PopupButonSecilir: Test Cases/Popup/PopupButonSecilir

2021-11-19 17:05:12 - [TEST_STEP][PASSED] - Method.TextDegerineEsitElementeTikla(findTestObject("Popup/Popup_Butons"), Buton): Method.TextDegerineEsitElementeTikla is PASSED

2021-11-19 17:05:12 - [MESSAGE][INFO] - Finding Test Object 'Object Repository/Popup/Popup_Butons'

2021-11-19 17:05:12 - [MESSAGE][INFO] - Checking timeout

2021-11-19 17:05:12 - [MESSAGE][INFO] - Finding web element with id: 'Object Repository/Popup/Popup_Butons' located by 'By.cssSelector: .modal-footer>button' in '10' second(s)

2021-11-19 17:05:12 - [MESSAGE][INFO] - Smart Wait Function is triggered

2021-11-19 17:05:13 - [MESSAGE][INFO] - Found 1 web elements with id: 'Object Repository/Popup/Popup_Butons' located by 'By.cssSelector: .modal-footer>button' in '10' second(s)

2021-11-19 17:05:13 - [MESSAGE][PASSED] - Method.TextDegerineEsitElementeTikla is PASSED

2021-11-19 17:05:13 - [MESSAGE][PASSED] - Call Test Case 'Test Cases/Popup/PopupButonSecilir' successfully

2021-11-19 17:05:13 - [MESSAGE][INFO] - Checking called Test Case

2021-11-19 17:05:13 - [MESSAGE][INFO] - Starting to call Test Case 'Test Cases/Tablo/TablodanEttnliVeriSec'

2021-11-19 17:05:13 - [TEST_CASE][PASSED] - Test Cases/Tablo/TablodanEttnliVeriSec: Test Cases/Tablo/TablodanEttnliVeriSec

2021-11-19 17:05:13 - [TEST_STEP][PASSED] - Method.TextDegerineEsitElementinAltindakineTikla(findTestObject("Tablo/Veriler"), findTestObject("Tablo/VerininCheckBoxi"), ettn): Method.TextDegerineEsitElementinAltindakineTikla is PASSED

2021-11-19 17:05:13 - [MESSAGE][INFO] - Finding Test Object 'Object Repository/Tablo/Veriler'

2021-11-19 17:05:13 - [MESSAGE][INFO] - Finding Test Object 'Object Repository/Tablo/VerininCheckBoxi'

2021-11-19 17:05:13 - [MESSAGE][INFO] - Checking timeout

2021-11-19 17:05:13 - [MESSAGE][INFO] - Finding web element with id: 'Object Repository/Tablo/Veriler' located by 'By.cssSelector: td.dxgv b ,td.dxgv' in '10' second(s)

2021-11-19 17:05:13 - [MESSAGE][INFO] - Smart Wait Function is triggered

2021-11-19 17:05:14 - [MESSAGE][INFO] - Found 140 web elements with id: 'Object Repository/Tablo/Veriler' located by 'By.cssSelector: td.dxgv b ,td.dxgv' in '10' second(s)

2021-11-19 17:05:14 - [MESSAGE][INFO] - Smart Wait Function is triggered

2021-11-19 17:05:14 - [MESSAGE][PASSED] - Method.TextDegerineEsitElementinAltindakineTikla is PASSED

2021-11-19 17:05:14 - [MESSAGE][PASSED] - Call Test Case 'Test Cases/Tablo/TablodanEttnliVeriSec' successfully

2021-11-19 17:05:14 - [MESSAGE][INFO] - Checking called Test Case

2021-11-19 17:05:14 - [MESSAGE][INFO] - Starting to call Test Case 'Test Cases/Butonlar/ButonaTikla'

2021-11-19 17:05:14 - [TEST_CASE][PASSED] - Test Cases/Butonlar/ButonaTikla: Test Cases/Butonlar/ButonaTikla

2021-11-19 17:05:14 - [TEST_STEP][PASSED] - Method.TextDegerineEsitElementeTiklaEquals(findTestObject("Butonlar/Butonlar"), Buton_Adi): Method.TextDegerineEsitElementeTiklaEquals is PASSED

2021-11-19 17:05:14 - [MESSAGE][INFO] - Finding Test Object 'Object Repository/Butonlar/Butonlar'

2021-11-19 17:05:14 - [MESSAGE][INFO] - Checking timeout

2021-11-19 17:05:14 - [MESSAGE][INFO] - Finding web element with id: 'Object Repository/Butonlar/Butonlar' located by 'By.cssSelector: .panel.panel-default.text-center.footerPanel .btn,.btn.btn-primary.btnControls' in '10' second(s)

2021-11-19 17:05:14 - [MESSAGE][INFO] - Smart Wait Function is triggered

2021-11-19 17:05:14 - [MESSAGE][INFO] - Found 9 web elements with id: 'Object Repository/Butonlar/Butonlar' located by 'By.cssSelector: .panel.panel-default.text-center.footerPanel .btn,.btn.btn-primary.btnControls' in '10' second(s)

2021-11-19 17:05:15 - [MESSAGE][PASSED] - Method.TextDegerineEsitElementeTiklaEquals is PASSED

2021-11-19 17:05:15 - [MESSAGE][PASSED] - Call Test Case 'Test Cases/Butonlar/ButonaTikla' successfully

2021-11-19 17:05:15 - [MESSAGE][INFO] - Checking called Test Case

2021-11-19 17:05:15 - [MESSAGE][INFO] - Starting to call Test Case 'Test Cases/Popup/PopupMesajiIceriyorMu'

2021-11-19 17:05:15 - [TEST_CASE][PASSED] - Test Cases/Popup/PopupMesajiIceriyorMu: Test Cases/Popup/PopupMesajiIceriyorMu

2021-11-19 17:05:15 - [TEST_STEP][PASSED] - waitForElementVisible(findTestObject("Popup/Popup"), 10): Object 'Object Repository/Popup/Popup' is visible

2021-11-19 17:05:15 - [MESSAGE][INFO] - Finding Test Object 'Object Repository/Popup/Popup'

2021-11-19 17:05:15 - [MESSAGE][INFO] - Checking object

2021-11-19 17:05:15 - [MESSAGE][INFO] - Checking timeout

2021-11-19 17:05:15 - [MESSAGE][INFO] - Finding web element from Test Object's properties

2021-11-19 17:05:15 - [MESSAGE][INFO] - Checking timeout

2021-11-19 17:05:15 - [MESSAGE][INFO] - Finding web element with id: 'Object Repository/Popup/Popup' located by 'By.cssSelector: .bootbox-body' in '10' second(s)

2021-11-19 17:05:15 - [MESSAGE][INFO] - Smart Wait Function is triggered

2021-11-19 17:05:16 - [MESSAGE][INFO] - Found 1 web elements with id: 'Object Repository/Popup/Popup' located by 'By.cssSelector: .bootbox-body' in '10' second(s)

2021-11-19 17:05:16 - [MESSAGE][PASSED] - Object 'Object Repository/Popup/Popup' is visible

2021-11-19 17:05:16 - [TEST_STEP][PASSED] - if (!(getText(findTestObject("Popup/Popup")).contains(Mesaj))): Text of object 'Object Repository/Popup/Popup' is: 'Seçilen faturalarınız onaylanacaktır. Onaylanan faturalar üzerinde değişiklik yapılamaz. Devam etmek istiyor musunuz?'

2021-11-19 17:05:16 - [MESSAGE][INFO] - Finding Test Object 'Object Repository/Popup/Popup'

2021-11-19 17:05:16 - [MESSAGE][INFO] - Checking object

2021-11-19 17:05:16 - [MESSAGE][INFO] - Finding web element from Test Object's properties

2021-11-19 17:05:16 - [MESSAGE][INFO] - Checking timeout

2021-11-19 17:05:16 - [MESSAGE][INFO] - Finding web element with id: 'Object Repository/Popup/Popup' located by 'By.cssSelector: .bootbox-body' in '30' second(s)

2021-11-19 17:05:16 - [MESSAGE][INFO] - Smart Wait Function is triggered

2021-11-19 17:05:16 - [MESSAGE][INFO] - Found 1 web elements with id: 'Object Repository/Popup/Popup' located by 'By.cssSelector: .bootbox-body' in '30' second(s)

2021-11-19 17:05:16 - [MESSAGE][INFO] - Getting text of object 'Object Repository/Popup/Popup'

2021-11-19 17:05:16 - [MESSAGE][PASSED] - Text of object 'Object Repository/Popup/Popup' is: 'Seçilen faturalarınız onaylanacaktır. Onaylanan faturalar üzerinde değişiklik yapılamaz. Devam etmek istiyor musunuz?'

2021-11-19 17:05:16 - [TEST_STEP][PASSED] - RaporNo = getText(findTestObject("Popup/Popup")).substring(0, 6): Text of object 'Object Repository/Popup/Popup' is: 'Seçilen faturalarınız onaylanacaktır. Onaylanan faturalar üzerinde değişiklik yapılamaz. Devam etmek istiyor musunuz?'

2021-11-19 17:05:16 - [MESSAGE][INFO] - Finding Test Object 'Object Repository/Popup/Popup'

2021-11-19 17:05:16 - [MESSAGE][INFO] - Checking object

2021-11-19 17:05:16 - [MESSAGE][INFO] - Finding web element from Test Object's properties

2021-11-19 17:05:16 - [MESSAGE][INFO] - Checking timeout

2021-11-19 17:05:16 - [MESSAGE][INFO] - Finding web element with id: 'Object Repository/Popup/Popup' located by 'By.cssSelector: .bootbox-body' in '30' second(s)

2021-11-19 17:05:16 - [MESSAGE][INFO] - Smart Wait Function is triggered

2021-11-19 17:05:16 - [MESSAGE][INFO] - Found 1 web elements with id: 'Object Repository/Popup/Popup' located by 'By.cssSelector: .bootbox-body' in '30' second(s)

2021-11-19 17:05:16 - [MESSAGE][INFO] - Getting text of object 'Object Repository/Popup/Popup'

2021-11-19 17:05:16 - [MESSAGE][PASSED] - Text of object 'Object Repository/Popup/Popup' is: 'Seçilen faturalarınız onaylanacaktır. Onaylanan faturalar üzerinde değişiklik yapılamaz. Devam etmek istiyor musunuz?'

2021-11-19 17:05:16 - [TEST_STEP][PASSED] - Console.println(RaporNo): null

2021-11-19 17:05:16 - [MESSAGE][PASSED] - Call Test Case 'Test Cases/Popup/PopupMesajiIceriyorMu' successfully

2021-11-19 17:05:16 - [MESSAGE][INFO] - Checking called Test Case

2021-11-19 17:05:16 - [MESSAGE][INFO] - Starting to call Test Case 'Test Cases/Popup/PopupButonSecilir'

2021-11-19 17:05:16 - [TEST_CASE][PASSED] - Test Cases/Popup/PopupButonSecilir: Test Cases/Popup/PopupButonSecilir

2021-11-19 17:05:16 - [TEST_STEP][PASSED] - Method.TextDegerineEsitElementeTikla(findTestObject("Popup/Popup_Butons"), Buton): Method.TextDegerineEsitElementeTikla is PASSED

2021-11-19 17:05:16 - [MESSAGE][INFO] - Finding Test Object 'Object Repository/Popup/Popup_Butons'

2021-11-19 17:05:17 - [MESSAGE][INFO] - Checking timeout

2021-11-19 17:05:17 - [MESSAGE][INFO] - Finding web element with id: 'Object Repository/Popup/Popup_Butons' located by 'By.cssSelector: .modal-footer>button' in '10' second(s)

2021-11-19 17:05:17 - [MESSAGE][INFO] - Smart Wait Function is triggered

2021-11-19 17:05:17 - [MESSAGE][INFO] - Found 2 web elements with id: 'Object Repository/Popup/Popup_Butons' located by 'By.cssSelector: .modal-footer>button' in '10' second(s)

2021-11-19 17:05:17 - [MESSAGE][PASSED] - Method.TextDegerineEsitElementeTikla is PASSED

2021-11-19 17:05:17 - [MESSAGE][PASSED] - Call Test Case 'Test Cases/Popup/PopupButonSecilir' successfully

2021-11-19 17:05:17 - [MESSAGE][INFO] - Checking called Test Case

2021-11-19 17:05:17 - [MESSAGE][INFO] - Starting to call Test Case 'Test Cases/Menu/AnaMenuSecimi'

2021-11-19 17:05:17 - [TEST_CASE][PASSED] - Test Cases/Menu/AnaMenuSecimi: Test Cases/Menu/AnaMenuSecimi

2021-11-19 17:05:17 - [TEST_STEP][PASSED] - Method.TextDegerineEsitElementeTikla(findTestObject("Menu/Ana_Menu"), Ana_Menu): Method.TextDegerineEsitElementeTikla is PASSED

2021-11-19 17:05:17 - [MESSAGE][INFO] - Finding Test Object 'Object Repository/Menu/Ana_Menu'

2021-11-19 17:05:17 - [MESSAGE][INFO] - Checking timeout

2021-11-19 17:05:17 - [MESSAGE][INFO] - Finding web element with id: 'Object Repository/Menu/Ana_Menu' located by 'By.xpath: //*[@class = 'dropdown-toggle']' in '10' second(s)

2021-11-19 17:05:17 - [MESSAGE][INFO] - Smart Wait Function is triggered

2021-11-19 17:05:18 - [MESSAGE][INFO] - Found 14 web elements with id: 'Object Repository/Menu/Ana_Menu' located by 'By.xpath: //*[@class = 'dropdown-toggle']' in '10' second(s)

2021-11-19 17:05:18 - [MESSAGE][PASSED] - Method.TextDegerineEsitElementeTikla is PASSED

2021-11-19 17:05:18 - [MESSAGE][PASSED] - Call Test Case 'Test Cases/Menu/AnaMenuSecimi' successfully

2021-11-19 17:05:18 - [MESSAGE][INFO] - Checking called Test Case

2021-11-19 17:05:18 - [MESSAGE][INFO] - Starting to call Test Case 'Test Cases/Menu/BasligaGoreAltMenuSecimi'

2021-11-19 17:05:19 - [TEST_CASE][PASSED] - Test Cases/Menu/BasligaGoreAltMenuSecimi: Test Cases/Menu/BasligaGoreAltMenuSecimi

2021-11-19 17:05:19 - [TEST_STEP][PASSED] - Method.TextDegerineEsitElementinAltindakiTextDegerineEsitOlanaTikla(findTestObject("Menu/Menu_Basligi"), findTestObject("Menu/Basliga_Gore_Alt_Menu"), Baslik, Alt_Menu): Method.TextDegerineEsitElementinAltindakiTextDegerineEsitOlanaTikla is PASSED

2021-11-19 17:05:19 - [MESSAGE][INFO] - Finding Test Object 'Object Repository/Menu/Menu_Basligi'

2021-11-19 17:05:19 - [MESSAGE][INFO] - Finding Test Object 'Object Repository/Menu/Basliga_Gore_Alt_Menu'

2021-11-19 17:05:19 - [MESSAGE][INFO] - Checking timeout

2021-11-19 17:05:19 - [MESSAGE][INFO] - Finding web element with id: 'Object Repository/Menu/Menu_Basligi' located by 'By.xpath: //li[@class='dropdown dropdown-large open']//li[@class='dropdown-header']' in '10' second(s)

2021-11-19 17:05:19 - [MESSAGE][INFO] - Smart Wait Function is triggered

2021-11-19 17:05:19 - [MESSAGE][INFO] - Found 2 web elements with id: 'Object Repository/Menu/Menu_Basligi' located by 'By.xpath: //li[@class='dropdown dropdown-large open']//li[@class='dropdown-header']' in '10' second(s)

2021-11-19 17:05:19 - [MESSAGE][INFO] - Smart Wait Function is triggered

2021-11-19 17:05:20 - [MESSAGE][PASSED] - Method.TextDegerineEsitElementinAltindakiTextDegerineEsitOlanaTikla is PASSED

2021-11-19 17:05:20 - [MESSAGE][PASSED] - Call Test Case 'Test Cases/Menu/BasligaGoreAltMenuSecimi' successfully

2021-11-19 17:05:20 - [MESSAGE][INFO] - Checking called Test Case

2021-11-19 17:05:20 - [MESSAGE][INFO] - Starting to call Test Case 'Test Cases/Filtreler/EttnYaz'

2021-11-19 17:05:20 - [TEST_CASE][PASSED] - Test Cases/Filtreler/EttnYaz: Test Cases/Filtreler/EttnYaz

2021-11-19 17:05:20 - [TEST_STEP][PASSED] - Method.TextDegerineEsitElementinAltindakiTextboxtaYaz(findTestObject("Filtreler/Basliklar"), findTestObject("Filtreler/Basliga_Gore_Textbox"), "ETTN", ettn): Method.TextDegerineEsitElementinAltindakiTextboxtaYaz is PASSED

2021-11-19 17:05:20 - [MESSAGE][INFO] - Finding Test Object 'Object Repository/Filtreler/Basliklar'

2021-11-19 17:05:20 - [MESSAGE][INFO] - Finding Test Object 'Object Repository/Filtreler/Basliga_Gore_Textbox'

2021-11-19 17:05:20 - [MESSAGE][INFO] - Checking timeout

2021-11-19 17:05:20 - [MESSAGE][INFO] - Finding web element with id: 'Object Repository/Filtreler/Basliklar' located by 'By.cssSelector: .control-label.col-sm-4.paddingMarginRLC' in '10' second(s)

2021-11-19 17:05:20 - [MESSAGE][INFO] - Smart Wait Function is triggered

2021-11-19 17:05:21 - [MESSAGE][INFO] - Found 19 web elements with id: 'Object Repository/Filtreler/Basliklar' located by 'By.cssSelector: .control-label.col-sm-4.paddingMarginRLC' in '10' second(s)

2021-11-19 17:05:21 - [MESSAGE][INFO] - Smart Wait Function is triggered

2021-11-19 17:05:21 - [MESSAGE][PASSED] - Method.TextDegerineEsitElementinAltindakiTextboxtaYaz is PASSED

2021-11-19 17:05:21 - [MESSAGE][PASSED] - Call Test Case 'Test Cases/Filtreler/EttnYaz' successfully

2021-11-19 17:05:21 - [MESSAGE][INFO] - Checking called Test Case

2021-11-19 17:05:21 - [MESSAGE][INFO] - Starting to call Test Case 'Test Cases/Filtreler/ButonaTikla'

2021-11-19 17:05:21 - [TEST_CASE][PASSED] - Test Cases/Filtreler/ButonaTikla: Test Cases/Filtreler/ButonaTikla

2021-11-19 17:05:21 - [TEST_STEP][PASSED] - Method.TextDegerineEsitElementeTikla(findTestObject("Filtreler/Butonlar"), Filtre_Buton): Method.TextDegerineEsitElementeTikla is PASSED

2021-11-19 17:05:21 - [MESSAGE][INFO] - Finding Test Object 'Object Repository/Filtreler/Butonlar'

2021-11-19 17:05:21 - [MESSAGE][INFO] - Checking timeout

2021-11-19 17:05:21 - [MESSAGE][INFO] - Finding web element with id: 'Object Repository/Filtreler/Butonlar' located by 'By.cssSelector: .dxb>span' in '10' second(s)

2021-11-19 17:05:21 - [MESSAGE][INFO] - Smart Wait Function is triggered

2021-11-19 17:05:22 - [MESSAGE][INFO] - Found 3 web elements with id: 'Object Repository/Filtreler/Butonlar' located by 'By.cssSelector: .dxb>span' in '10' second(s)

2021-11-19 17:05:22 - [MESSAGE][PASSED] - Method.TextDegerineEsitElementeTikla is PASSED

2021-11-19 17:05:22 - [MESSAGE][PASSED] - Call Test Case 'Test Cases/Filtreler/ButonaTikla' successfully

2021-11-19 17:05:22 - [MESSAGE][INFO] - Checking called Test Case

2021-11-19 17:05:22 - [MESSAGE][INFO] - Starting to call Test Case 'Test Cases/Tablo/TablodaVeriVarMi'

2021-11-19 17:05:22 - [TEST_CASE][PASSED] - Test Cases/Tablo/TablodaVeriVarMi: Test Cases/Tablo/TablodaVeriVarMi

2021-11-19 17:05:22 - [TEST_STEP][PASSED] - verifyTextNotPresent("Görüntülenecek veri yok", true): Text 'Görüntülenecek veri yok' is not present on page using regular expression

2021-11-19 17:05:22 - [MESSAGE][INFO] - Checking text present  using regular expression

2021-11-19 17:05:22 - [MESSAGE][INFO] - Smart Wait Function is triggered

2021-11-19 17:05:23 - [MESSAGE][INFO] - Finding text 'Görüntülenecek veri yok' on page  using regular expression

2021-11-19 17:05:23 - [MESSAGE][PASSED] - Text 'Görüntülenecek veri yok' is not present on page using regular expression

2021-11-19 17:05:23 - [MESSAGE][PASSED] - Call Test Case 'Test Cases/Tablo/TablodaVeriVarMi' successfully

2021-11-19 17:05:23 - [MESSAGE][INFO] - Checking called Test Case

2021-11-19 17:05:23 - [MESSAGE][INFO] - Starting to call Test Case 'Test Cases/Tablo/TablodaVeriBasariliMiArsiv'

2021-11-19 17:05:23 - [TEST_CASE][PASSED] - Test Cases/Tablo/TablodaVeriBasariliMiArsiv: Test Cases/Tablo/TablodaVeriBasariliMiArsiv

2021-11-19 17:05:23 - [TEST_STEP][PASSED] - sayac = 80: null

2021-11-19 17:05:23 - [TEST_STEP][PASSED] - while (verifyElementText(findTestObject("Object Repository/Tablo/DurumBilgisiArsiv"), "Henüz Sonuçlanmadı", OPTIONAL)): Actual text 'Başarılı' and expected text 'Henüz Sonuçlanmadı' of test object 'Object Repository/Tablo/DurumBilgisiArsiv' are NOT matched. (Root cause: com.kms.katalon.core.exception.StepFailedException: Actual text 'Başarılı' and expected text 'Henüz Sonuçlanmadı' of test object 'Object Repository/Tablo/DurumBilgisiArsiv' are NOT matched.
	at com.kms.katalon.core.webui.keyword.internal.WebUIKeywordMain.stepFailed(WebUIKeywordMain.groovy:64)
	at com.kms.katalon.core.webui.keyword.builtin.VerifyElementTextKeyword$_verifyElementText_closure1.doCall(VerifyElementTextKeyword.groovy:57)
	at com.kms.katalon.core.webui.keyword.builtin.VerifyElementTextKeyword$_verifyElementText_closure1.call(VerifyElementTextKeyword.groovy)
	at com.kms.katalon.core.webui.keyword.internal.WebUIKeywordMain.runKeyword(WebUIKeywordMain.groovy:20)
	at com.kms.katalon.core.webui.keyword.builtin.VerifyElementTextKeyword.verifyElementText(VerifyElementTextKeyword.groovy:72)
	at com.kms.katalon.core.webui.keyword.builtin.VerifyElementTextKeyword.execute(VerifyElementTextKeyword.groovy:40)
	at com.kms.katalon.core.keyword.internal.KeywordExecutor.executeKeywordForPlatform(KeywordExecutor.groovy:73)
	at com.kms.katalon.core.webui.keyword.WebUiBuiltInKeywords.verifyElementText(WebUiBuiltInKeywords.groovy:4733)
	at com.kms.katalon.core.webui.keyword.WebUiBuiltInKeywords$verifyElementText$20.call(Unknown Source)
	at TablodaVeriBasariliMiArsiv.run(TablodaVeriBasariliMiArsiv:22)
	at com.kms.katalon.core.main.ScriptEngine.run(ScriptEngine.java:194)
	at com.kms.katalon.core.main.ScriptEngine.runScriptAsRawText(ScriptEngine.java:119)
	at com.kms.katalon.core.main.TestCaseExecutor.runScript(TestCaseExecutor.java:369)
	at com.kms.katalon.core.main.TestCaseExecutor.doExecute(TestCaseExecutor.java:360)
	at com.kms.katalon.core.main.TestCaseExecutor.processExecutionPhase(TestCaseExecutor.java:339)
	at com.kms.katalon.core.main.TestCaseExecutor.accessMainPhase(TestCaseExecutor.java:331)
	at com.kms.katalon.core.main.TestCaseExecutor.execute(TestCaseExecutor.java:248)
	at com.kms.katalon.core.main.TestCaseMain.runTestCase(TestCaseMain.java:138)
	at com.kms.katalon.core.keyword.builtin.CallTestCaseKeyword$_callTestCase_closure1.doCall(CallTestCaseKeyword.groovy:59)
	at com.kms.katalon.core.keyword.builtin.CallTestCaseKeyword$_callTestCase_closure1.call(CallTestCaseKeyword.groovy)
	at com.kms.katalon.core.keyword.internal.KeywordMain.runKeyword(KeywordMain.groovy:68)
	at com.kms.katalon.core.keyword.builtin.CallTestCaseKeyword.callTestCase(CallTestCaseKeyword.groovy:81)
	at com.kms.katalon.core.keyword.builtin.CallTestCaseKeyword.execute(CallTestCaseKeyword.groovy:44)
	at com.kms.katalon.core.keyword.internal.KeywordExecutor.executeKeywordForPlatform(KeywordExecutor.groovy:73)
	at com.kms.katalon.core.keyword.BuiltinKeywords.callTestCase(BuiltinKeywords.groovy:334)
	at tablo.tablo.tablodaVeriBasariliMiArsiv(tablo.groovy:95)
	at cucumber.runtime.Utils$1.call(Utils.java:26)
	at cucumber.runtime.Timeout.timeout(Timeout.java:16)
	at cucumber.runtime.Utils.invoke(Utils.java:20)
	at cucumber.runtime.java.JavaStepDefinition.execute(JavaStepDefinition.java:49)
	at cucumber.runner.PickleStepDefinitionMatch.runStep(PickleStepDefinitionMatch.java:50)
	at cucumber.runner.TestStep.executeStep(TestStep.java:63)
	at cucumber.runner.TestStep.run(TestStep.java:49)
	at cucumber.runner.PickleStepTestStep.run(PickleStepTestStep.java:43)
	at cucumber.runner.TestCase.run(TestCase.java:44)
	at cucumber.runner.Runner.runPickle(Runner.java:40)
	at cucumber.runtime.Runtime$1.run(Runtime.java:84)
	at cucumber.runtime.Runtime$SameThreadExecutorService.execute(Runtime.java:220)
	at cucumber.runtime.Runtime.run(Runtime.java:81)
	at cucumber.api.cli.Main.run(Main.java:26)
	at cucumber.api.cli.Main$run.call(Unknown Source)
	at com.kms.katalon.core.cucumber.keyword.CucumberBuiltinKeywords$_runFeatureFile_closure1.doCall(CucumberBuiltinKeywords.groovy:106)
	at com.kms.katalon.core.cucumber.keyword.CucumberBuiltinKeywords$_runFeatureFile_closure1.doCall(CucumberBuiltinKeywords.groovy)
	at com.kms.katalon.core.keyword.internal.KeywordMain.runKeyword(KeywordMain.groovy:68)
	at com.kms.katalon.core.keyword.internal.KeywordMain$runKeyword.call(Unknown Source)
	at com.kms.katalon.core.cucumber.keyword.CucumberBuiltinKeywords.runFeatureFile(CucumberBuiltinKeywords.groovy:73)
	at com.kms.katalon.core.cucumber.keyword.CucumberBuiltinKeywords$runFeatureFile$0.callStatic(Unknown Source)
	at com.kms.katalon.core.cucumber.keyword.CucumberBuiltinKeywords.runFeatureFile(CucumberBuiltinKeywords.groovy:246)
	at com.kms.katalon.core.cucumber.keyword.CucumberBuiltinKeywords$runFeatureFile.call(Unknown Source)
	at VKN-Internet.run(VKN-Internet:20)
	at com.kms.katalon.core.main.ScriptEngine.run(ScriptEngine.java:194)
	at com.kms.katalon.core.main.ScriptEngine.runScriptAsRawText(ScriptEngine.java:119)
	at com.kms.katalon.core.main.TestCaseExecutor.runScript(TestCaseExecutor.java:369)
	at com.kms.katalon.core.main.TestCaseExecutor.doExecute(TestCaseExecutor.java:360)
	at com.kms.katalon.core.main.TestCaseExecutor.processExecutionPhase(TestCaseExecutor.java:339)
	at com.kms.katalon.core.main.TestCaseExecutor.accessMainPhase(TestCaseExecutor.java:331)
	at com.kms.katalon.core.main.TestCaseExecutor.execute(TestCaseExecutor.java:248)
	at com.kms.katalon.core.main.TestSuiteExecutor.accessTestCaseMainPhase(TestSuiteExecutor.java:191)
	at com.kms.katalon.core.main.TestSuiteExecutor.accessTestSuiteMainPhase(TestSuiteExecutor.java:140)
	at com.kms.katalon.core.main.TestSuiteExecutor.execute(TestSuiteExecutor.java:89)
	at com.kms.katalon.core.main.TestCaseMain.startTestSuite(TestCaseMain.java:181)
	at com.kms.katalon.core.main.TestCaseMain$startTestSuite$0.call(Unknown Source)
	at TempTestSuite1637329560940.run(TempTestSuite1637329560940.groovy:39)
)

2021-11-19 17:05:23 - [MESSAGE][INFO] - Finding Test Object 'Object Repository/Tablo/DurumBilgisiArsiv'

2021-11-19 17:05:23 - [MESSAGE][INFO] - Checking object

2021-11-19 17:05:23 - [MESSAGE][INFO] - Finding web element from Test Object's properties

2021-11-19 17:05:23 - [MESSAGE][INFO] - Checking timeout

2021-11-19 17:05:23 - [MESSAGE][INFO] - Finding web element with id: 'Object Repository/Tablo/DurumBilgisiArsiv' located by 'By.xpath: //*[@id = 'GridViewEArchiveInvoices_tccell0_9']' in '30' second(s)

2021-11-19 17:05:23 - [MESSAGE][INFO] - Smart Wait Function is triggered

2021-11-19 17:05:23 - [MESSAGE][INFO] - Found 1 web elements with id: 'Object Repository/Tablo/DurumBilgisiArsiv' located by 'By.xpath: //*[@id = 'GridViewEArchiveInvoices_tccell0_9']' in '30' second(s)

2021-11-19 17:05:23 - [MESSAGE][WARNING] - Actual text 'Başarılı' and expected text 'Henüz Sonuçlanmadı' of test object 'Object Repository/Tablo/DurumBilgisiArsiv' are NOT matched. (Root cause: com.kms.katalon.core.exception.StepFailedException: Actual text 'Başarılı' and expected text 'Henüz Sonuçlanmadı' of test object 'Object Repository/Tablo/DurumBilgisiArsiv' are NOT matched.
	at com.kms.katalon.core.webui.keyword.internal.WebUIKeywordMain.stepFailed(WebUIKeywordMain.groovy:64)
	at com.kms.katalon.core.webui.keyword.builtin.VerifyElementTextKeyword$_verifyElementText_closure1.doCall(VerifyElementTextKeyword.groovy:57)
	at com.kms.katalon.core.webui.keyword.builtin.VerifyElementTextKeyword$_verifyElementText_closure1.call(VerifyElementTextKeyword.groovy)
	at com.kms.katalon.core.webui.keyword.internal.WebUIKeywordMain.runKeyword(WebUIKeywordMain.groovy:20)
	at com.kms.katalon.core.webui.keyword.builtin.VerifyElementTextKeyword.verifyElementText(VerifyElementTextKeyword.groovy:72)
	at com.kms.katalon.core.webui.keyword.builtin.VerifyElementTextKeyword.execute(VerifyElementTextKeyword.groovy:40)
	at com.kms.katalon.core.keyword.internal.KeywordExecutor.executeKeywordForPlatform(KeywordExecutor.groovy:73)
	at com.kms.katalon.core.webui.keyword.WebUiBuiltInKeywords.verifyElementText(WebUiBuiltInKeywords.groovy:4733)
	at com.kms.katalon.core.webui.keyword.WebUiBuiltInKeywords$verifyElementText$20.call(Unknown Source)
	at TablodaVeriBasariliMiArsiv.run(TablodaVeriBasariliMiArsiv:22)
	at com.kms.katalon.core.main.ScriptEngine.run(ScriptEngine.java:194)
	at com.kms.katalon.core.main.ScriptEngine.runScriptAsRawText(ScriptEngine.java:119)
	at com.kms.katalon.core.main.TestCaseExecutor.runScript(TestCaseExecutor.java:369)
	at com.kms.katalon.core.main.TestCaseExecutor.doExecute(TestCaseExecutor.java:360)
	at com.kms.katalon.core.main.TestCaseExecutor.processExecutionPhase(TestCaseExecutor.java:339)
	at com.kms.katalon.core.main.TestCaseExecutor.accessMainPhase(TestCaseExecutor.java:331)
	at com.kms.katalon.core.main.TestCaseExecutor.execute(TestCaseExecutor.java:248)
	at com.kms.katalon.core.main.TestCaseMain.runTestCase(TestCaseMain.java:138)
	at com.kms.katalon.core.keyword.builtin.CallTestCaseKeyword$_callTestCase_closure1.doCall(CallTestCaseKeyword.groovy:59)
	at com.kms.katalon.core.keyword.builtin.CallTestCaseKeyword$_callTestCase_closure1.call(CallTestCaseKeyword.groovy)
	at com.kms.katalon.core.keyword.internal.KeywordMain.runKeyword(KeywordMain.groovy:68)
	at com.kms.katalon.core.keyword.builtin.CallTestCaseKeyword.callTestCase(CallTestCaseKeyword.groovy:81)
	at com.kms.katalon.core.keyword.builtin.CallTestCaseKeyword.execute(CallTestCaseKeyword.groovy:44)
	at com.kms.katalon.core.keyword.internal.KeywordExecutor.executeKeywordForPlatform(KeywordExecutor.groovy:73)
	at com.kms.katalon.core.keyword.BuiltinKeywords.callTestCase(BuiltinKeywords.groovy:334)
	at tablo.tablo.tablodaVeriBasariliMiArsiv(tablo.groovy:95)
	at cucumber.runtime.Utils$1.call(Utils.java:26)
	at cucumber.runtime.Timeout.timeout(Timeout.java:16)
	at cucumber.runtime.Utils.invoke(Utils.java:20)
	at cucumber.runtime.java.JavaStepDefinition.execute(JavaStepDefinition.java:49)
	at cucumber.runner.PickleStepDefinitionMatch.runStep(PickleStepDefinitionMatch.java:50)
	at cucumber.runner.TestStep.executeStep(TestStep.java:63)
	at cucumber.runner.TestStep.run(TestStep.java:49)
	at cucumber.runner.PickleStepTestStep.run(PickleStepTestStep.java:43)
	at cucumber.runner.TestCase.run(TestCase.java:44)
	at cucumber.runner.Runner.runPickle(Runner.java:40)
	at cucumber.runtime.Runtime$1.run(Runtime.java:84)
	at cucumber.runtime.Runtime$SameThreadExecutorService.execute(Runtime.java:220)
	at cucumber.runtime.Runtime.run(Runtime.java:81)
	at cucumber.api.cli.Main.run(Main.java:26)
	at cucumber.api.cli.Main$run.call(Unknown Source)
	at com.kms.katalon.core.cucumber.keyword.CucumberBuiltinKeywords$_runFeatureFile_closure1.doCall(CucumberBuiltinKeywords.groovy:106)
	at com.kms.katalon.core.cucumber.keyword.CucumberBuiltinKeywords$_runFeatureFile_closure1.doCall(CucumberBuiltinKeywords.groovy)
	at com.kms.katalon.core.keyword.internal.KeywordMain.runKeyword(KeywordMain.groovy:68)
	at com.kms.katalon.core.keyword.internal.KeywordMain$runKeyword.call(Unknown Source)
	at com.kms.katalon.core.cucumber.keyword.CucumberBuiltinKeywords.runFeatureFile(CucumberBuiltinKeywords.groovy:73)
	at com.kms.katalon.core.cucumber.keyword.CucumberBuiltinKeywords$runFeatureFile$0.callStatic(Unknown Source)
	at com.kms.katalon.core.cucumber.keyword.CucumberBuiltinKeywords.runFeatureFile(CucumberBuiltinKeywords.groovy:246)
	at com.kms.katalon.core.cucumber.keyword.CucumberBuiltinKeywords$runFeatureFile.call(Unknown Source)
	at VKN-Internet.run(VKN-Internet:20)
	at com.kms.katalon.core.main.ScriptEngine.run(ScriptEngine.java:194)
	at com.kms.katalon.core.main.ScriptEngine.runScriptAsRawText(ScriptEngine.java:119)
	at com.kms.katalon.core.main.TestCaseExecutor.runScript(TestCaseExecutor.java:369)
	at com.kms.katalon.core.main.TestCaseExecutor.doExecute(TestCaseExecutor.java:360)
	at com.kms.katalon.core.main.TestCaseExecutor.processExecutionPhase(TestCaseExecutor.java:339)
	at com.kms.katalon.core.main.TestCaseExecutor.accessMainPhase(TestCaseExecutor.java:331)
	at com.kms.katalon.core.main.TestCaseExecutor.execute(TestCaseExecutor.java:248)
	at com.kms.katalon.core.main.TestSuiteExecutor.accessTestCaseMainPhase(TestSuiteExecutor.java:191)
	at com.kms.katalon.core.main.TestSuiteExecutor.accessTestSuiteMainPhase(TestSuiteExecutor.java:140)
	at com.kms.katalon.core.main.TestSuiteExecutor.execute(TestSuiteExecutor.java:89)
	at com.kms.katalon.core.main.TestCaseMain.startTestSuite(TestCaseMain.java:181)
	at com.kms.katalon.core.main.TestCaseMain$startTestSuite$0.call(Unknown Source)
	at TempTestSuite1637329560940.run(TempTestSuite1637329560940.groovy:39)
)

2021-11-19 17:05:23 - [TEST_STEP][PASSED] - Method.TextDegerineEsitElementVarMi(findTestObject("Object Repository/Tablo/DurumBilgisiArsiv"), "Başarılı"): Method.TextDegerineEsitElementVarMi is PASSED

2021-11-19 17:05:23 - [MESSAGE][INFO] - Finding Test Object 'Object Repository/Tablo/DurumBilgisiArsiv'

2021-11-19 17:05:23 - [MESSAGE][INFO] - Checking timeout

2021-11-19 17:05:23 - [MESSAGE][INFO] - Finding web element with id: 'Object Repository/Tablo/DurumBilgisiArsiv' located by 'By.xpath: //*[@id = 'GridViewEArchiveInvoices_tccell0_9']' in '10' second(s)

2021-11-19 17:05:23 - [MESSAGE][INFO] - Smart Wait Function is triggered

2021-11-19 17:05:23 - [MESSAGE][INFO] - Found 1 web elements with id: 'Object Repository/Tablo/DurumBilgisiArsiv' located by 'By.xpath: //*[@id = 'GridViewEArchiveInvoices_tccell0_9']' in '10' second(s)

2021-11-19 17:05:23 - [MESSAGE][PASSED] - Method.TextDegerineEsitElementVarMi is PASSED

2021-11-19 17:05:23 - [MESSAGE][PASSED] - Call Test Case 'Test Cases/Tablo/TablodaVeriBasariliMiArsiv' successfully

2021-11-19 17:05:23 - [MESSAGE][INFO] - Checking called Test Case

2021-11-19 17:05:23 - [MESSAGE][INFO] - Starting to call Test Case 'Test Cases/Kullanici_Islemleri/KullaniciIslemlerindenSecimYapilir'

2021-11-19 17:05:23 - [TEST_CASE][PASSED] - Test Cases/Kullanici_Islemleri/KullaniciIslemlerindenSecimYapilir: Test Cases/Kullanici_Islemleri/KullaniciIslemlerindenSecimYapilir

2021-11-19 17:05:23 - [TEST_STEP][PASSED] - waitForElementClickable(findTestObject("Object Repository/Kullanici_Islemleri/KullaniciIslemleri"), 10): Object 'Object Repository/Kullanici_Islemleri/KullaniciIslemleri' is clickable

2021-11-19 17:05:23 - [MESSAGE][INFO] - Finding Test Object 'Object Repository/Kullanici_Islemleri/KullaniciIslemleri'

2021-11-19 17:05:24 - [MESSAGE][INFO] - Checking object

2021-11-19 17:05:24 - [MESSAGE][INFO] - Checking timeout

2021-11-19 17:05:24 - [MESSAGE][INFO] - Finding web element from Test Object's properties

2021-11-19 17:05:24 - [MESSAGE][INFO] - Checking timeout

2021-11-19 17:05:24 - [MESSAGE][INFO] - Finding web element with id: 'Object Repository/Kullanici_Islemleri/KullaniciIslemleri' located by 'By.cssSelector: .dropdown>a>img' in '10' second(s)

2021-11-19 17:05:24 - [MESSAGE][INFO] - Smart Wait Function is triggered

2021-11-19 17:05:24 - [MESSAGE][INFO] - Found 1 web elements with id: 'Object Repository/Kullanici_Islemleri/KullaniciIslemleri' located by 'By.cssSelector: .dropdown>a>img' in '10' second(s)

2021-11-19 17:05:24 - [MESSAGE][PASSED] - Object 'Object Repository/Kullanici_Islemleri/KullaniciIslemleri' is clickable

2021-11-19 17:05:24 - [TEST_STEP][PASSED] - click(findTestObject("Object Repository/Kullanici_Islemleri/KullaniciIslemleri")): Object: 'Object Repository/Kullanici_Islemleri/KullaniciIslemleri' is clicked on

2021-11-19 17:05:24 - [MESSAGE][INFO] - Finding Test Object 'Object Repository/Kullanici_Islemleri/KullaniciIslemleri'

2021-11-19 17:05:24 - [MESSAGE][INFO] - Checking object

2021-11-19 17:05:24 - [MESSAGE][INFO] - Finding web element from Test Object's properties

2021-11-19 17:05:24 - [MESSAGE][INFO] - Checking timeout

2021-11-19 17:05:24 - [MESSAGE][INFO] - Finding web element with id: 'Object Repository/Kullanici_Islemleri/KullaniciIslemleri' located by 'By.cssSelector: .dropdown>a>img' in '30' second(s)

2021-11-19 17:05:24 - [MESSAGE][INFO] - Smart Wait Function is triggered

2021-11-19 17:05:24 - [MESSAGE][INFO] - Found 1 web elements with id: 'Object Repository/Kullanici_Islemleri/KullaniciIslemleri' located by 'By.cssSelector: .dropdown>a>img' in '30' second(s)

2021-11-19 17:05:24 - [MESSAGE][INFO] - Clicking on object: 'Object Repository/Kullanici_Islemleri/KullaniciIslemleri'

2021-11-19 17:05:24 - [MESSAGE][PASSED] - Object: 'Object Repository/Kullanici_Islemleri/KullaniciIslemleri' is clicked on

2021-11-19 17:05:24 - [TEST_STEP][PASSED] - Method.TextDegerineEsitElementeTikla(findTestObject("Object Repository/Kullanici_Islemleri/Secenekler"), Islem): Method.TextDegerineEsitElementeTikla is PASSED

2021-11-19 17:05:24 - [MESSAGE][INFO] - Finding Test Object 'Object Repository/Kullanici_Islemleri/Secenekler'

2021-11-19 17:05:24 - [MESSAGE][INFO] - Checking timeout

2021-11-19 17:05:24 - [MESSAGE][INFO] - Finding web element with id: 'Object Repository/Kullanici_Islemleri/Secenekler' located by 'By.cssSelector: .nav.navbar-nav.navbar-right li a' in '10' second(s)

2021-11-19 17:05:24 - [MESSAGE][INFO] - Smart Wait Function is triggered

2021-11-19 17:05:25 - [MESSAGE][INFO] - Found 22 web elements with id: 'Object Repository/Kullanici_Islemleri/Secenekler' located by 'By.cssSelector: .nav.navbar-nav.navbar-right li a' in '10' second(s)

2021-11-19 17:05:26 - [MESSAGE][PASSED] - Method.TextDegerineEsitElementeTikla is PASSED

2021-11-19 17:05:26 - [TEST_STEP][PASSED] - verifyElementNotPresent(findTestObject("Object Repository/Kullanici_Islemleri/Secenekler"), 10): Web element with id: 'Object Repository/Kullanici_Islemleri/Secenekler' located by 'By.cssSelector: .nav.navbar-nav.navbar-right li a' is not present after '10' second(s)

2021-11-19 17:05:26 - [MESSAGE][INFO] - Finding Test Object 'Object Repository/Kullanici_Islemleri/Secenekler'

2021-11-19 17:05:26 - [MESSAGE][INFO] - Checking object

2021-11-19 17:05:26 - [MESSAGE][INFO] - Checking timeout

2021-11-19 17:05:26 - [MESSAGE][INFO] - Finding web element with id: 'Object Repository/Kullanici_Islemleri/Secenekler' located by 'By.cssSelector: .nav.navbar-nav.navbar-right li a' in '10' second(s)

2021-11-19 17:05:26 - [MESSAGE][INFO] - Smart Wait Function is triggered

2021-11-19 17:05:27 - [MESSAGE][PASSED] - Web element with id: 'Object Repository/Kullanici_Islemleri/Secenekler' located by 'By.cssSelector: .nav.navbar-nav.navbar-right li a' is not present after '10' second(s)

2021-11-19 17:05:27 - [MESSAGE][PASSED] - Call Test Case 'Test Cases/Kullanici_Islemleri/KullaniciIslemlerindenSecimYapilir' successfully

2021-11-19 17:05:27 - [TEST_CASE][PASSED] - Start Test Case : SCENARIO Gonderim tipi Internet tipinde e-Arsiv faturasi olusturulmasi: SCENARIO Gonderim tipi Internet tipinde e-Arsiv faturasi olusturulmasi

2021-11-19 17:05:27 - [TEST_STEP][PASSED] - Kullanıcı adı ELOGO6 ve Şifre 123456 olarak giriş yapılır: Kullanıcı adı ELOGO6 ve Şifre 123456 olarak giriş yapılır

2021-11-19 17:05:27 - [MESSAGE][PASSED] - Kullanıcı adı ELOGO6 ve Şifre 123456 olarak giriş yapılır

2021-11-19 17:05:27 - [TEST_STEP][PASSED] - Ana menüden e-Arşiv seçilir: Ana menüden e-Arşiv seçilir

2021-11-19 17:05:27 - [MESSAGE][PASSED] - Ana menüden e-Arşiv seçilir

2021-11-19 17:05:27 - [TEST_STEP][PASSED] - Alt menü e-Arşiv Araçları başlığı altındaki e-Arşiv Fatura Oluşturma seçilir: Alt menü e-Arşiv Araçları başlığı altındaki e-Arşiv Fatura Oluşturma seçilir

2021-11-19 17:05:27 - [MESSAGE][PASSED] - Alt menü e-Arşiv Araçları başlığı altındaki e-Arşiv Fatura Oluşturma seçilir

2021-11-19 17:05:27 - [TEST_STEP][PASSED] - Tablodaki tüm veriler silinir: Tablodaki tüm veriler silinir

2021-11-19 17:05:27 - [MESSAGE][PASSED] - Tablodaki tüm veriler silinir

2021-11-19 17:05:27 - [TEST_STEP][PASSED] - Fatura tipi alanından e-Arşiv İnternet seçilir: Fatura tipi alanından e-Arşiv İnternet seçilir

2021-11-19 17:05:27 - [MESSAGE][PASSED] - Fatura tipi alanından e-Arşiv İnternet seçilir

2021-11-19 17:05:27 - [TEST_STEP][PASSED] - Butonlardan Ekle isimli butona tıklanır: Butonlardan Ekle isimli butona tıklanır

2021-11-19 17:05:27 - [MESSAGE][PASSED] - Butonlardan Ekle isimli butona tıklanır

2021-11-19 17:05:27 - [TEST_STEP][PASSED] - Görsel tasarım sayfasının e-Arşiv Fatura (İnternet) Bilgileri başlığını içerdiği kontrol edilir: Görsel tasarım sayfasının e-Arşiv Fatura (İnternet) Bilgileri başlığını içerdiği kontrol edilir

2021-11-19 17:05:27 - [MESSAGE][PASSED] - Görsel tasarım sayfasının e-Arşiv Fatura (İnternet) Bilgileri başlığını içerdiği kontrol edilir

2021-11-19 17:05:27 - [TEST_STEP][PASSED] - Alıcı adı alanına VirgosolArsivVKN girilir: Alıcı adı alanına VirgosolArsivVKN girilir

2021-11-19 17:05:27 - [MESSAGE][PASSED] - Alıcı adı alanına VirgosolArsivVKN girilir

2021-11-19 17:05:27 - [TEST_STEP][PASSED] - Ön Ek INT olarak seçilir: Ön Ek INT olarak seçilir

2021-11-19 17:05:27 - [MESSAGE][PASSED] - Ön Ek INT olarak seçilir

2021-11-19 17:05:27 - [TEST_STEP][PASSED] - Gönderim Şekli Elektronik olarak seçilir: Gönderim Şekli Elektronik olarak seçilir

2021-11-19 17:05:27 - [MESSAGE][PASSED] - Gönderim Şekli Elektronik olarak seçilir

2021-11-19 17:05:27 - [TEST_STEP][PASSED] - Tip alanından Satış seçilir: Tip alanından Satış seçilir

2021-11-19 17:05:27 - [MESSAGE][PASSED] - Tip alanından Satış seçilir

2021-11-19 17:05:27 - [TEST_STEP][PASSED] - Döküman Para Birimi alanından Türk Lirası seçilir: Döküman Para Birimi alanından Türk Lirası seçilir

2021-11-19 17:05:27 - [MESSAGE][PASSED] - Döküman Para Birimi alanından Türk Lirası seçilir

2021-11-19 17:05:27 - [TEST_STEP][PASSED] - Tasarım alanından e-Arşiv Öndeğer Şablon Tasarım seçilir: Tasarım alanından e-Arşiv Öndeğer Şablon Tasarım seçilir

2021-11-19 17:05:27 - [MESSAGE][PASSED] - Tasarım alanından e-Arşiv Öndeğer Şablon Tasarım seçilir

2021-11-19 17:05:27 - [TEST_STEP][PASSED] - Sipariş bilgileri UUC-SAT-1200001 ve 31.06.2021 olarak girilir: Sipariş bilgileri UUC-SAT-1200001 ve 31.06.2021 olarak girilir

2021-11-19 17:05:27 - [MESSAGE][PASSED] - Sipariş bilgileri UUC-SAT-1200001 ve 31.06.2021 olarak girilir

2021-11-19 17:05:27 - [TEST_STEP][PASSED] - İrsaliye Bilgileri AAAAAAAAAA,31.06.2021 olarak girilir: İrsaliye Bilgileri AAAAAAAAAA,31.06.2021 olarak girilir

2021-11-19 17:05:27 - [MESSAGE][PASSED] - İrsaliye Bilgileri AAAAAAAAAA,31.06.2021 olarak girilir

2021-11-19 17:05:27 - [TEST_STEP][PASSED] - e-Arşiv İnternet Bilgileri Kredi Kartı / Banka Kartı,www.elogo.com,1234567806,elogo,Virgosol olarak girilir: e-Arşiv İnternet Bilgileri Kredi Kartı / Banka Kartı,www.elogo.com,1234567806,elogo,Virgosol olarak girilir

2021-11-19 17:05:27 - [MESSAGE][PASSED] - e-Arşiv İnternet Bilgileri Kredi Kartı / Banka Kartı,www.elogo.com,1234567806,elogo,Virgosol olarak girilir

2021-11-19 17:05:27 - [TEST_STEP][PASSED] - Ekle butonuna basılır: Ekle butonuna basılır

2021-11-19 17:05:27 - [MESSAGE][PASSED] - Ekle butonuna basılır

2021-11-19 17:05:27 - [TEST_STEP][PASSED] - Ürün ekleme alanında Mal/Hizmet başlığına Otomasyon girilir: Ürün ekleme alanında Mal/Hizmet başlığına Otomasyon girilir

2021-11-19 17:05:27 - [MESSAGE][PASSED] - Ürün ekleme alanında Mal/Hizmet başlığına Otomasyon girilir

2021-11-19 17:05:27 - [TEST_STEP][PASSED] - Ürün ekleme alanında Açıklaması başlığına Virgosol girilir: Ürün ekleme alanında Açıklaması başlığına Virgosol girilir

2021-11-19 17:05:27 - [MESSAGE][PASSED] - Ürün ekleme alanında Açıklaması başlığına Virgosol girilir

2021-11-19 17:05:27 - [TEST_STEP][PASSED] - Ürün ekleme alanında Miktarı başlığına 400 girilir: Ürün ekleme alanında Miktarı başlığına 400 girilir

2021-11-19 17:05:27 - [MESSAGE][PASSED] - Ürün ekleme alanında Miktarı başlığına 400 girilir

2021-11-19 17:05:27 - [TEST_STEP][PASSED] - Ürün ekleme alanında Birim Fiyat başlığına 100 girilir: Ürün ekleme alanında Birim Fiyat başlığına 100 girilir

2021-11-19 17:05:27 - [MESSAGE][PASSED] - Ürün ekleme alanında Birim Fiyat başlığına 100 girilir

2021-11-19 17:05:27 - [TEST_STEP][PASSED] - Ürün ekleme alanında İskonto Oranı % başlığına 10 girilir: Ürün ekleme alanında İskonto Oranı % başlığına 10 girilir

2021-11-19 17:05:27 - [MESSAGE][PASSED] - Ürün ekleme alanında İskonto Oranı % başlığına 10 girilir

2021-11-19 17:05:27 - [TEST_STEP][PASSED] - Notlar alanına Otomasyon Not girilir: Notlar alanına Otomasyon Not girilir

2021-11-19 17:05:27 - [MESSAGE][PASSED] - Notlar alanına Otomasyon Not girilir

2021-11-19 17:05:27 - [TEST_STEP][PASSED] - Ettn bilgisi kayıt edilir: Ettn bilgisi kayıt edilir

2021-11-19 17:05:27 - [MESSAGE][PASSED] - Ettn bilgisi kayıt edilir

2021-11-19 17:05:27 - [TEST_STEP][PASSED] - Kaydet butonu seçilir: Kaydet butonu seçilir

2021-11-19 17:05:27 - [MESSAGE][PASSED] - Kaydet butonu seçilir

2021-11-19 17:05:27 - [TEST_STEP][PASSED] - Tabloda Ettn bilgisi kaydedilen veri oluşturuldu mu: Tabloda Ettn bilgisi kaydedilen veri oluşturuldu mu

2021-11-19 17:05:27 - [MESSAGE][PASSED] - Tabloda Ettn bilgisi kaydedilen veri oluşturuldu mu

2021-11-19 17:05:27 - [TEST_STEP][PASSED] - Tablodan Ettn bilgisi kaydedilen veri seçilir: Tablodan Ettn bilgisi kaydedilen veri seçilir

2021-11-19 17:05:27 - [MESSAGE][PASSED] - Tablodan Ettn bilgisi kaydedilen veri seçilir

2021-11-19 17:05:27 - [TEST_STEP][PASSED] - Butonlardan Numara Oluştur isimli butona tıklanır: Butonlardan Numara Oluştur isimli butona tıklanır

2021-11-19 17:05:27 - [MESSAGE][PASSED] - Butonlardan Numara Oluştur isimli butona tıklanır

2021-11-19 17:05:27 - [TEST_STEP][PASSED] - Popup mesajı Devam etmek istiyor musunuz içeriyor mu: Popup mesajı Devam etmek istiyor musunuz içeriyor mu

2021-11-19 17:05:27 - [MESSAGE][PASSED] - Popup mesajı Devam etmek istiyor musunuz içeriyor mu

2021-11-19 17:05:27 - [TEST_STEP][PASSED] - Yönetim popupında Evet seçilir: Yönetim popupında Evet seçilir

2021-11-19 17:05:27 - [MESSAGE][PASSED] - Yönetim popupında Evet seçilir

2021-11-19 17:05:27 - [TEST_STEP][PASSED] - Popup mesajı oluşmuştur içeriyor mu: Popup mesajı oluşmuştur içeriyor mu

2021-11-19 17:05:27 - [MESSAGE][PASSED] - Popup mesajı oluşmuştur içeriyor mu

2021-11-19 17:05:27 - [TEST_STEP][PASSED] - Yönetim popupında Tamam seçilir: Yönetim popupında Tamam seçilir

2021-11-19 17:05:27 - [MESSAGE][PASSED] - Yönetim popupında Tamam seçilir

2021-11-19 17:05:27 - [TEST_STEP][PASSED] - Tablodan Ettn bilgisi kaydedilen veri seçilir: Tablodan Ettn bilgisi kaydedilen veri seçilir

2021-11-19 17:05:27 - [MESSAGE][PASSED] - Tablodan Ettn bilgisi kaydedilen veri seçilir

2021-11-19 17:05:27 - [TEST_STEP][PASSED] - Butonlardan Gönder isimli butona tıklanır: Butonlardan Gönder isimli butona tıklanır

2021-11-19 17:05:27 - [MESSAGE][PASSED] - Butonlardan Gönder isimli butona tıklanır

2021-11-19 17:05:27 - [TEST_STEP][PASSED] - Popup mesajı Devam etmek istiyor musunuz içeriyor mu: Popup mesajı Devam etmek istiyor musunuz içeriyor mu

2021-11-19 17:05:27 - [MESSAGE][PASSED] - Popup mesajı Devam etmek istiyor musunuz içeriyor mu

2021-11-19 17:05:27 - [TEST_STEP][PASSED] - Yönetim popupında Evet seçilir: Yönetim popupında Evet seçilir

2021-11-19 17:05:27 - [MESSAGE][PASSED] - Yönetim popupında Evet seçilir

2021-11-19 17:05:27 - [TEST_STEP][PASSED] - Ana menüden e-Arşiv seçilir: Ana menüden e-Arşiv seçilir

2021-11-19 17:05:27 - [MESSAGE][PASSED] - Ana menüden e-Arşiv seçilir

2021-11-19 17:05:27 - [TEST_STEP][PASSED] - Alt menü e-Arşiv Hareketleri başlığı altındaki e-Arşiv Faturaları seçilir: Alt menü e-Arşiv Hareketleri başlığı altındaki e-Arşiv Faturaları seçilir

2021-11-19 17:05:27 - [MESSAGE][PASSED] - Alt menü e-Arşiv Hareketleri başlığı altındaki e-Arşiv Faturaları seçilir

2021-11-19 17:05:27 - [TEST_STEP][PASSED] - Filtrelerden Ettn filtresine Ettn bilgisi yaz: Filtrelerden Ettn filtresine Ettn bilgisi yaz

2021-11-19 17:05:27 - [MESSAGE][PASSED] - Filtrelerden Ettn filtresine Ettn bilgisi yaz

2021-11-19 17:05:27 - [TEST_STEP][PASSED] - Filtre butonlarından Listele seçilir: Filtre butonlarından Listele seçilir

2021-11-19 17:05:27 - [MESSAGE][PASSED] - Filtre butonlarından Listele seçilir

2021-11-19 17:05:27 - [TEST_STEP][PASSED] - Tabloda veri var mı kontrol edilir: Tabloda veri var mı kontrol edilir

2021-11-19 17:05:27 - [MESSAGE][PASSED] - Tabloda veri var mı kontrol edilir

2021-11-19 17:05:27 - [TEST_STEP][PASSED] - Tabloda yeni oluşturulan eArsiv verisi başarılı mı: Tabloda yeni oluşturulan eArsiv verisi başarılı mı

2021-11-19 17:05:27 - [MESSAGE][PASSED] - Tabloda yeni oluşturulan eArsiv verisi başarılı mı

2021-11-19 17:05:27 - [TEST_STEP][PASSED] - Kullanıcı işlemlerinden Çıkış seçilir: Kullanıcı işlemlerinden Çıkış seçilir

2021-11-19 17:05:27 - [MESSAGE][PASSED] - Kullanıcı işlemlerinden Çıkış seçilir

2021-11-19 17:05:27 - [MESSAGE][PASSED] - Feature file: 'Include/features/Regresyon/e-Arsiv/VKN-Internet.feature' was passed

2021-11-19 17:05:27 - [TEST_STEP][PASSED] - Start listener action : sampleAfterTestSuite: Invoke 'com.kms.katalon.core.annotation.AfterTestCase' method: 'Listener.sampleAfterTestSuite(...)' completed.

2021-11-19 17:05:27 - [MESSAGE][INFO] - Starting invoke 'com.kms.katalon.core.annotation.AfterTestCase' method: 'Listener.sampleAfterTestSuite(...)'

2021-11-19 17:05:27 - [TEST_STEP][PASSED] - closeBrowser(): Invoke 'com.kms.katalon.core.annotation.AfterTestCase' method: 'Listener.sampleAfterTestSuite(...)' completed.

2021-11-19 17:05:27 - [MESSAGE][INFO] - Closing browser

2021-11-19 17:05:27 - [MESSAGE][PASSED] - Browser is closed

2021-11-19 17:05:27 - [MESSAGE][INFO] - Invoke 'com.kms.katalon.core.annotation.AfterTestCase' method: 'Listener.sampleAfterTestSuite(...)' completed.]]></system-out>
         <system-err><![CDATA[]]></system-err>
      </testcase>
      <testcase name="Test Cases/Case Repository/Regresyon/e-Arsiv/VKN-Kagit-Hal Komisyoncu" time="113.894" classname="Test Cases/Case Repository/Regresyon/e-Arsiv/VKN-Kagit-Hal Komisyoncu" status="PASSED">
         <system-out><![CDATA[2021-11-19 17:05:27 - [TEST_CASE][PASSED] - Test Cases/Case Repository/Regresyon/e-Arsiv/VKN-Kagit-Hal Komisyoncu: Test Cases/Case Repository/Regresyon/e-Arsiv/VKN-Kagit-Hal Komisyoncu

2021-11-19 17:05:27 - [TEST_STEP][PASSED] - Start listener action : sampleBeforeTestSuite: Invoke 'com.kms.katalon.core.annotation.BeforeTestCase' method: 'Listener.sampleBeforeTestSuite(...)' completed.

2021-11-19 17:05:27 - [MESSAGE][INFO] - Starting invoke 'com.kms.katalon.core.annotation.BeforeTestCase' method: 'Listener.sampleBeforeTestSuite(...)'

2021-11-19 17:05:27 - [TEST_STEP][PASSED] - openBrowser(baseUrl): Browser is opened with url: 'https://efatura-stage.elogo.com.tr/'

2021-11-19 17:05:27 - [MESSAGE][INFO] - Opening browser

2021-11-19 17:05:27 - [MESSAGE][INFO] - Starting 'Chrome' driver

2021-11-19 17:05:27 - [MESSAGE][INFO] - User set preference: ['prefs', '{download.default_directory=C:\otomasyondownfiles}']

2021-11-19 17:05:27 - [MESSAGE][INFO] - Action delay is set to 0 milliseconds

2021-11-19 17:05:29 - [MESSAGE][INFO] - Navigating browser to: 'https://efatura-stage.elogo.com.tr/'

2021-11-19 17:05:32 - [MESSAGE][PASSED] - Browser is opened with url: 'https://efatura-stage.elogo.com.tr/'

2021-11-19 17:05:32 - [TEST_STEP][PASSED] - maximizeWindow(): Invoke 'com.kms.katalon.core.annotation.BeforeTestCase' method: 'Listener.sampleBeforeTestSuite(...)' completed.

2021-11-19 17:05:32 - [MESSAGE][INFO] - Maximizing current window

2021-11-19 17:05:32 - [MESSAGE][PASSED] - Current window maximized

2021-11-19 17:05:32 - [MESSAGE][INFO] - Invoke 'com.kms.katalon.core.annotation.BeforeTestCase' method: 'Listener.sampleBeforeTestSuite(...)' completed.

2021-11-19 17:05:32 - [TEST_STEP][PASSED] - runFeatureFile("Include/features/Regresyon/e-Arsiv/VKN-Kagit-Hal Komisyoncu.feature"): Feature file: 'Include/features/Regresyon/e-Arsiv/VKN-Kagit-Hal Komisyoncu.feature' was passed

2021-11-19 17:05:32 - [MESSAGE][INFO] - Starting run keyword runFeatureFile: 'Include/features/Regresyon/e-Arsiv/VKN-Kagit-Hal Komisyoncu.feature' and extract report to folder: 'C:\Users\DELL\Documents\GitHub\EES_KatalonLogo\Reports\20211119_164526\Suite Repository\Regresyon-eArsiv-eMakbuz\20211119_164600/cucumber_report/1637330732891'...

2021-11-19 17:05:32 - [MESSAGE][INFO] - Glue: []

2021-11-19 17:05:35 - [MESSAGE][INFO] - Checking called Test Case

2021-11-19 17:05:35 - [MESSAGE][INFO] - Starting to call Test Case 'Test Cases/Sayfalar/Giris_Sayfasi/Login'

2021-11-19 17:05:35 - [TEST_CASE][PASSED] - Test Cases/Sayfalar/Giris_Sayfasi/Login: Test Cases/Sayfalar/Giris_Sayfasi/Login

2021-11-19 17:05:35 - [TEST_STEP][PASSED] - Sayfa_Basligi = getWindowTitle(): Current window's title is: 'LOGO e-Fatura'

2021-11-19 17:05:35 - [MESSAGE][INFO] - Getting current window's title

2021-11-19 17:05:35 - [MESSAGE][PASSED] - Current window's title is: 'LOGO e-Fatura'

2021-11-19 17:05:35 - [TEST_STEP][PASSED] - verifyMatch(Sayfa_Basligi, "LOGO e-Fatura", false): Actual text 'LOGO e-Fatura' and expected text 'LOGO e-Fatura' are matched 

2021-11-19 17:05:35 - [MESSAGE][INFO] - Matching actual text 'LOGO e-Fatura' with expected text 'LOGO e-Fatura'

2021-11-19 17:05:35 - [MESSAGE][PASSED] - Actual text 'LOGO e-Fatura' and expected text 'LOGO e-Fatura' are matched 

2021-11-19 17:05:35 - [TEST_STEP][PASSED] - sendKeys(findTestObject("Sayfalar/Giris_Sayfasi/Firma_Kodu"), KullaniciAdi): Keys 'HALKOMIS' sent to object: 'Object Repository/Sayfalar/Giris_Sayfasi/Firma_Kodu'

2021-11-19 17:05:35 - [MESSAGE][INFO] - Finding Test Object 'Object Repository/Sayfalar/Giris_Sayfasi/Firma_Kodu'

2021-11-19 17:05:35 - [MESSAGE][INFO] - Sending keys 'HALKOMIS' to object: 'Object Repository/Sayfalar/Giris_Sayfasi/Firma_Kodu'

2021-11-19 17:05:35 - [MESSAGE][INFO] - Finding web element from Test Object's properties

2021-11-19 17:05:35 - [MESSAGE][INFO] - Checking timeout

2021-11-19 17:05:35 - [MESSAGE][INFO] - Finding web element with id: 'Object Repository/Sayfalar/Giris_Sayfasi/Firma_Kodu' located by 'By.xpath: //*[@id = 'AccountName']' in '30' second(s)

2021-11-19 17:05:35 - [MESSAGE][INFO] - Smart Wait Function is triggered

2021-11-19 17:05:35 - [MESSAGE][INFO] - Found 1 web elements with id: 'Object Repository/Sayfalar/Giris_Sayfasi/Firma_Kodu' located by 'By.xpath: //*[@id = 'AccountName']' in '30' second(s)

2021-11-19 17:05:35 - [MESSAGE][PASSED] - Keys 'HALKOMIS' sent to object: 'Object Repository/Sayfalar/Giris_Sayfasi/Firma_Kodu'

2021-11-19 17:05:35 - [TEST_STEP][PASSED] - sendKeys(findTestObject("Sayfalar/Giris_Sayfasi/Sifre"), Sifre): Keys 'test1234' sent to object: 'Object Repository/Sayfalar/Giris_Sayfasi/Sifre'

2021-11-19 17:05:35 - [MESSAGE][INFO] - Finding Test Object 'Object Repository/Sayfalar/Giris_Sayfasi/Sifre'

2021-11-19 17:05:35 - [MESSAGE][INFO] - Sending keys 'test1234' to object: 'Object Repository/Sayfalar/Giris_Sayfasi/Sifre'

2021-11-19 17:05:35 - [MESSAGE][INFO] - Finding web element from Test Object's properties

2021-11-19 17:05:35 - [MESSAGE][INFO] - Checking timeout

2021-11-19 17:05:35 - [MESSAGE][INFO] - Finding web element with id: 'Object Repository/Sayfalar/Giris_Sayfasi/Sifre' located by 'By.xpath: //*[@id = 'Password']' in '30' second(s)

2021-11-19 17:05:35 - [MESSAGE][INFO] - Smart Wait Function is triggered

2021-11-19 17:05:36 - [MESSAGE][INFO] - Found 1 web elements with id: 'Object Repository/Sayfalar/Giris_Sayfasi/Sifre' located by 'By.xpath: //*[@id = 'Password']' in '30' second(s)

2021-11-19 17:05:36 - [MESSAGE][PASSED] - Keys 'test1234' sent to object: 'Object Repository/Sayfalar/Giris_Sayfasi/Sifre'

2021-11-19 17:05:36 - [TEST_STEP][PASSED] - findWebElement(findTestObject("Sayfalar/Giris_Sayfasi/Giris_Butonu")).click(): Found 1 web elements with id: 'Object Repository/Sayfalar/Giris_Sayfasi/Giris_Butonu' located by 'By.cssSelector: #btnLogin' in '30' second(s)

2021-11-19 17:05:36 - [MESSAGE][INFO] - Finding Test Object 'Object Repository/Sayfalar/Giris_Sayfasi/Giris_Butonu'

2021-11-19 17:05:36 - [MESSAGE][INFO] - Finding web element from Test Object's properties

2021-11-19 17:05:36 - [MESSAGE][INFO] - Checking timeout

2021-11-19 17:05:36 - [MESSAGE][INFO] - Finding web element with id: 'Object Repository/Sayfalar/Giris_Sayfasi/Giris_Butonu' located by 'By.cssSelector: #btnLogin' in '30' second(s)

2021-11-19 17:05:36 - [MESSAGE][INFO] - Smart Wait Function is triggered

2021-11-19 17:05:36 - [MESSAGE][INFO] - Found 1 web elements with id: 'Object Repository/Sayfalar/Giris_Sayfasi/Giris_Butonu' located by 'By.cssSelector: #btnLogin' in '30' second(s)

2021-11-19 17:05:39 - [TEST_STEP][PASSED] - if (verifyElementPresent(findTestObject("Object Repository/Sayfalar/Giris_Sayfasi/RetveTamam_Butonu"), 5, OPTIONAL)): null

2021-11-19 17:05:39 - [MESSAGE][INFO] - Finding Test Object 'Object Repository/Sayfalar/Giris_Sayfasi/RetveTamam_Butonu'

2021-11-19 17:05:39 - [MESSAGE][INFO] - Checking object

2021-11-19 17:05:39 - [MESSAGE][INFO] - Finding web element from Test Object's properties

2021-11-19 17:05:39 - [MESSAGE][INFO] - Checking timeout

2021-11-19 17:05:39 - [MESSAGE][INFO] - Finding web element with id: 'Object Repository/Sayfalar/Giris_Sayfasi/RetveTamam_Butonu' located by 'By.xpath: //*[@class = 'btn btn-default']' in '5' second(s)

2021-11-19 17:05:39 - [MESSAGE][INFO] - Smart Wait Function is triggered

2021-11-19 17:05:39 - [MESSAGE][INFO] - Found 1 web elements with id: 'Object Repository/Sayfalar/Giris_Sayfasi/RetveTamam_Butonu' located by 'By.xpath: //*[@class = 'btn btn-default']' in '5' second(s)

2021-11-19 17:05:39 - [MESSAGE][PASSED] - Object 'Object Repository/Sayfalar/Giris_Sayfasi/RetveTamam_Butonu' is present

2021-11-19 17:05:39 - [TEST_STEP][PASSED] - click(findTestObject("Object Repository/Sayfalar/Giris_Sayfasi/RetveTamam_Butonu")): Object: 'Object Repository/Sayfalar/Giris_Sayfasi/RetveTamam_Butonu' is clicked on

2021-11-19 17:05:39 - [MESSAGE][INFO] - Finding Test Object 'Object Repository/Sayfalar/Giris_Sayfasi/RetveTamam_Butonu'

2021-11-19 17:05:39 - [MESSAGE][INFO] - Checking object

2021-11-19 17:05:39 - [MESSAGE][INFO] - Finding web element from Test Object's properties

2021-11-19 17:05:39 - [MESSAGE][INFO] - Checking timeout

2021-11-19 17:05:39 - [MESSAGE][INFO] - Finding web element with id: 'Object Repository/Sayfalar/Giris_Sayfasi/RetveTamam_Butonu' located by 'By.xpath: //*[@class = 'btn btn-default']' in '30' second(s)

2021-11-19 17:05:39 - [MESSAGE][INFO] - Smart Wait Function is triggered

2021-11-19 17:05:40 - [MESSAGE][INFO] - Found 1 web elements with id: 'Object Repository/Sayfalar/Giris_Sayfasi/RetveTamam_Butonu' located by 'By.xpath: //*[@class = 'btn btn-default']' in '30' second(s)

2021-11-19 17:05:40 - [MESSAGE][INFO] - Clicking on object: 'Object Repository/Sayfalar/Giris_Sayfasi/RetveTamam_Butonu'

2021-11-19 17:05:40 - [MESSAGE][PASSED] - Object: 'Object Repository/Sayfalar/Giris_Sayfasi/RetveTamam_Butonu' is clicked on

2021-11-19 17:05:40 - [TEST_STEP][PASSED] - click(findTestObject("Object Repository/Sayfalar/Giris_Sayfasi/RetveTamam_Butonu")): Object: 'Object Repository/Sayfalar/Giris_Sayfasi/RetveTamam_Butonu' is clicked on

2021-11-19 17:05:40 - [MESSAGE][INFO] - Finding Test Object 'Object Repository/Sayfalar/Giris_Sayfasi/RetveTamam_Butonu'

2021-11-19 17:05:40 - [MESSAGE][INFO] - Checking object

2021-11-19 17:05:40 - [MESSAGE][INFO] - Finding web element from Test Object's properties

2021-11-19 17:05:40 - [MESSAGE][INFO] - Checking timeout

2021-11-19 17:05:40 - [MESSAGE][INFO] - Finding web element with id: 'Object Repository/Sayfalar/Giris_Sayfasi/RetveTamam_Butonu' located by 'By.xpath: //*[@class = 'btn btn-default']' in '30' second(s)

2021-11-19 17:05:40 - [MESSAGE][INFO] - Smart Wait Function is triggered

2021-11-19 17:05:45 - [MESSAGE][INFO] - Found 1 web elements with id: 'Object Repository/Sayfalar/Giris_Sayfasi/RetveTamam_Butonu' located by 'By.xpath: //*[@class = 'btn btn-default']' in '30' second(s)

2021-11-19 17:05:45 - [MESSAGE][INFO] - Clicking on object: 'Object Repository/Sayfalar/Giris_Sayfasi/RetveTamam_Butonu'

2021-11-19 17:05:45 - [MESSAGE][PASSED] - Object: 'Object Repository/Sayfalar/Giris_Sayfasi/RetveTamam_Butonu' is clicked on

2021-11-19 17:05:45 - [TEST_STEP][PASSED] - if (verifyElementPresent(findTestObject("Sayfalar/Giris_Sayfasi/PopupOK"), 5, OPTIONAL)): null

2021-11-19 17:05:45 - [MESSAGE][INFO] - Finding Test Object 'Object Repository/Sayfalar/Giris_Sayfasi/PopupOK'

2021-11-19 17:05:45 - [MESSAGE][INFO] - Checking object

2021-11-19 17:05:45 - [MESSAGE][INFO] - Finding web element from Test Object's properties

2021-11-19 17:05:45 - [MESSAGE][INFO] - Checking timeout

2021-11-19 17:05:45 - [MESSAGE][INFO] - Finding web element with id: 'Object Repository/Sayfalar/Giris_Sayfasi/PopupOK' located by 'By.cssSelector: .btn.btn-success' in '5' second(s)

2021-11-19 17:05:45 - [MESSAGE][INFO] - Smart Wait Function is triggered

2021-11-19 17:05:46 - [MESSAGE][INFO] - Found 1 web elements with id: 'Object Repository/Sayfalar/Giris_Sayfasi/PopupOK' located by 'By.cssSelector: .btn.btn-success' in '5' second(s)

2021-11-19 17:05:46 - [MESSAGE][PASSED] - Object 'Object Repository/Sayfalar/Giris_Sayfasi/PopupOK' is present

2021-11-19 17:05:46 - [TEST_STEP][PASSED] - click(findTestObject("Object Repository/Sayfalar/Giris_Sayfasi/PopupCarpiGiris")): Object: 'Object Repository/Sayfalar/Giris_Sayfasi/PopupCarpiGiris' is clicked on

2021-11-19 17:05:46 - [MESSAGE][INFO] - Finding Test Object 'Object Repository/Sayfalar/Giris_Sayfasi/PopupCarpiGiris'

2021-11-19 17:05:46 - [MESSAGE][INFO] - Checking object

2021-11-19 17:05:46 - [MESSAGE][INFO] - Finding web element from Test Object's properties

2021-11-19 17:05:46 - [MESSAGE][INFO] - Checking timeout

2021-11-19 17:05:46 - [MESSAGE][INFO] - Finding web element with id: 'Object Repository/Sayfalar/Giris_Sayfasi/PopupCarpiGiris' located by 'By.cssSelector: .bootbox-close-button.close' in '30' second(s)

2021-11-19 17:05:46 - [MESSAGE][INFO] - Smart Wait Function is triggered

2021-11-19 17:05:46 - [MESSAGE][INFO] - Found 1 web elements with id: 'Object Repository/Sayfalar/Giris_Sayfasi/PopupCarpiGiris' located by 'By.cssSelector: .bootbox-close-button.close' in '30' second(s)

2021-11-19 17:05:46 - [MESSAGE][INFO] - Clicking on object: 'Object Repository/Sayfalar/Giris_Sayfasi/PopupCarpiGiris'

2021-11-19 17:05:47 - [MESSAGE][PASSED] - Object: 'Object Repository/Sayfalar/Giris_Sayfasi/PopupCarpiGiris' is clicked on

2021-11-19 17:05:47 - [TEST_STEP][PASSED] - verifyElementVisible(findTestObject("Object Repository/Kullanici_Islemleri/KullaniciIslemleri")): Object 'Object Repository/Kullanici_Islemleri/KullaniciIslemleri' is visible

2021-11-19 17:05:47 - [MESSAGE][INFO] - Finding Test Object 'Object Repository/Kullanici_Islemleri/KullaniciIslemleri'

2021-11-19 17:05:47 - [MESSAGE][INFO] - Checking object

2021-11-19 17:05:47 - [MESSAGE][INFO] - Finding web element from Test Object's properties

2021-11-19 17:05:47 - [MESSAGE][INFO] - Checking timeout

2021-11-19 17:05:47 - [MESSAGE][INFO] - Finding web element with id: 'Object Repository/Kullanici_Islemleri/KullaniciIslemleri' located by 'By.cssSelector: .dropdown>a>img' in '30' second(s)

2021-11-19 17:05:47 - [MESSAGE][INFO] - Smart Wait Function is triggered

2021-11-19 17:05:47 - [MESSAGE][INFO] - Found 1 web elements with id: 'Object Repository/Kullanici_Islemleri/KullaniciIslemleri' located by 'By.cssSelector: .dropdown>a>img' in '30' second(s)

2021-11-19 17:05:47 - [MESSAGE][PASSED] - Object 'Object Repository/Kullanici_Islemleri/KullaniciIslemleri' is visible

2021-11-19 17:05:47 - [MESSAGE][PASSED] - Call Test Case 'Test Cases/Sayfalar/Giris_Sayfasi/Login' successfully

2021-11-19 17:05:47 - [MESSAGE][INFO] - Checking called Test Case

2021-11-19 17:05:47 - [MESSAGE][INFO] - Starting to call Test Case 'Test Cases/Menu/AnaMenuSecimi'

2021-11-19 17:05:47 - [TEST_CASE][PASSED] - Test Cases/Menu/AnaMenuSecimi: Test Cases/Menu/AnaMenuSecimi

2021-11-19 17:05:47 - [TEST_STEP][PASSED] - Method.TextDegerineEsitElementeTikla(findTestObject("Menu/Ana_Menu"), Ana_Menu): Method.TextDegerineEsitElementeTikla is PASSED

2021-11-19 17:05:47 - [MESSAGE][INFO] - Finding Test Object 'Object Repository/Menu/Ana_Menu'

2021-11-19 17:05:47 - [MESSAGE][INFO] - Checking timeout

2021-11-19 17:05:47 - [MESSAGE][INFO] - Finding web element with id: 'Object Repository/Menu/Ana_Menu' located by 'By.xpath: //*[@class = 'dropdown-toggle']' in '10' second(s)

2021-11-19 17:05:47 - [MESSAGE][INFO] - Smart Wait Function is triggered

2021-11-19 17:05:48 - [MESSAGE][INFO] - Found 13 web elements with id: 'Object Repository/Menu/Ana_Menu' located by 'By.xpath: //*[@class = 'dropdown-toggle']' in '10' second(s)

2021-11-19 17:05:48 - [MESSAGE][PASSED] - Method.TextDegerineEsitElementeTikla is PASSED

2021-11-19 17:05:48 - [MESSAGE][PASSED] - Call Test Case 'Test Cases/Menu/AnaMenuSecimi' successfully

2021-11-19 17:05:48 - [MESSAGE][INFO] - Checking called Test Case

2021-11-19 17:05:48 - [MESSAGE][INFO] - Starting to call Test Case 'Test Cases/Menu/BasligaGoreAltMenuSecimi'

2021-11-19 17:05:48 - [TEST_CASE][PASSED] - Test Cases/Menu/BasligaGoreAltMenuSecimi: Test Cases/Menu/BasligaGoreAltMenuSecimi

2021-11-19 17:05:48 - [TEST_STEP][PASSED] - Method.TextDegerineEsitElementinAltindakiTextDegerineEsitOlanaTikla(findTestObject("Menu/Menu_Basligi"), findTestObject("Menu/Basliga_Gore_Alt_Menu"), Baslik, Alt_Menu): Method.TextDegerineEsitElementinAltindakiTextDegerineEsitOlanaTikla is PASSED

2021-11-19 17:05:48 - [MESSAGE][INFO] - Finding Test Object 'Object Repository/Menu/Menu_Basligi'

2021-11-19 17:05:48 - [MESSAGE][INFO] - Finding Test Object 'Object Repository/Menu/Basliga_Gore_Alt_Menu'

2021-11-19 17:05:48 - [MESSAGE][INFO] - Checking timeout

2021-11-19 17:05:48 - [MESSAGE][INFO] - Finding web element with id: 'Object Repository/Menu/Menu_Basligi' located by 'By.xpath: //li[@class='dropdown dropdown-large open']//li[@class='dropdown-header']' in '10' second(s)

2021-11-19 17:05:48 - [MESSAGE][INFO] - Smart Wait Function is triggered

2021-11-19 17:05:49 - [MESSAGE][INFO] - Found 2 web elements with id: 'Object Repository/Menu/Menu_Basligi' located by 'By.xpath: //li[@class='dropdown dropdown-large open']//li[@class='dropdown-header']' in '10' second(s)

2021-11-19 17:05:49 - [MESSAGE][INFO] - Smart Wait Function is triggered

2021-11-19 17:05:51 - [MESSAGE][PASSED] - Method.TextDegerineEsitElementinAltindakiTextDegerineEsitOlanaTikla is PASSED

2021-11-19 17:05:51 - [MESSAGE][PASSED] - Call Test Case 'Test Cases/Menu/BasligaGoreAltMenuSecimi' successfully

2021-11-19 17:05:51 - [MESSAGE][INFO] - Checking called Test Case

2021-11-19 17:05:51 - [MESSAGE][INFO] - Starting to call Test Case 'Test Cases/Tablo/Olusturma Tarihi'

2021-11-19 17:05:51 - [TEST_CASE][PASSED] - Test Cases/Tablo/Olusturma Tarihi: Test Cases/Tablo/Olusturma Tarihi

2021-11-19 17:05:51 - [TEST_STEP][PASSED] - if (verifyTextNotPresent("Görüntülenecek veri yok", true, OPTIONAL)): null

2021-11-19 17:05:51 - [MESSAGE][INFO] - Checking text present  using regular expression

2021-11-19 17:05:51 - [MESSAGE][INFO] - Smart Wait Function is triggered

2021-11-19 17:05:52 - [MESSAGE][INFO] - Finding text 'Görüntülenecek veri yok' on page  using regular expression

2021-11-19 17:05:52 - [MESSAGE][PASSED] - Text 'Görüntülenecek veri yok' is not present on page using regular expression

2021-11-19 17:05:52 - [TEST_STEP][PASSED] - click(findTestObject("Temizle/Olusturma_Tarihi_CheckBox")): Object: 'Object Repository/Temizle/Olusturma_Tarihi_CheckBox' is clicked on

2021-11-19 17:05:52 - [MESSAGE][INFO] - Finding Test Object 'Object Repository/Temizle/Olusturma_Tarihi_CheckBox'

2021-11-19 17:05:52 - [MESSAGE][INFO] - Checking object

2021-11-19 17:05:52 - [MESSAGE][INFO] - Finding web element from Test Object's properties

2021-11-19 17:05:52 - [MESSAGE][INFO] - Checking timeout

2021-11-19 17:05:52 - [MESSAGE][INFO] - Finding web element with id: 'Object Repository/Temizle/Olusturma_Tarihi_CheckBox' located by 'By.xpath: //*[@title = 'Bu sayfadaki tüm satırları Seç']' in '30' second(s)

2021-11-19 17:05:52 - [MESSAGE][INFO] - Smart Wait Function is triggered

2021-11-19 17:05:52 - [MESSAGE][INFO] - Found 1 web elements with id: 'Object Repository/Temizle/Olusturma_Tarihi_CheckBox' located by 'By.xpath: //*[@title = 'Bu sayfadaki tüm satırları Seç']' in '30' second(s)

2021-11-19 17:05:52 - [MESSAGE][INFO] - Clicking on object: 'Object Repository/Temizle/Olusturma_Tarihi_CheckBox'

2021-11-19 17:05:52 - [MESSAGE][PASSED] - Object: 'Object Repository/Temizle/Olusturma_Tarihi_CheckBox' is clicked on

2021-11-19 17:05:52 - [TEST_STEP][PASSED] - Method.TextDegerineEsitElementeTiklaEquals(findTestObject("Butonlar/Butonlar"), "Sil"): Method.TextDegerineEsitElementeTiklaEquals is PASSED

2021-11-19 17:05:52 - [MESSAGE][INFO] - Finding Test Object 'Object Repository/Butonlar/Butonlar'

2021-11-19 17:05:52 - [MESSAGE][INFO] - Checking timeout

2021-11-19 17:05:52 - [MESSAGE][INFO] - Finding web element with id: 'Object Repository/Butonlar/Butonlar' located by 'By.cssSelector: .panel.panel-default.text-center.footerPanel .btn,.btn.btn-primary.btnControls' in '10' second(s)

2021-11-19 17:05:52 - [MESSAGE][INFO] - Smart Wait Function is triggered

2021-11-19 17:05:53 - [MESSAGE][INFO] - Found 9 web elements with id: 'Object Repository/Butonlar/Butonlar' located by 'By.cssSelector: .panel.panel-default.text-center.footerPanel .btn,.btn.btn-primary.btnControls' in '10' second(s)

2021-11-19 17:05:53 - [MESSAGE][PASSED] - Method.TextDegerineEsitElementeTiklaEquals is PASSED

2021-11-19 17:05:53 - [TEST_STEP][PASSED] - Method.TextDegerineEsitElementeTikla(findTestObject("Popup/Popup_Butons"), "Evet"): Method.TextDegerineEsitElementeTikla is PASSED

2021-11-19 17:05:53 - [MESSAGE][INFO] - Finding Test Object 'Object Repository/Popup/Popup_Butons'

2021-11-19 17:05:53 - [MESSAGE][INFO] - Checking timeout

2021-11-19 17:05:53 - [MESSAGE][INFO] - Finding web element with id: 'Object Repository/Popup/Popup_Butons' located by 'By.cssSelector: .modal-footer>button' in '10' second(s)

2021-11-19 17:05:53 - [MESSAGE][INFO] - Smart Wait Function is triggered

2021-11-19 17:05:54 - [MESSAGE][INFO] - Found 2 web elements with id: 'Object Repository/Popup/Popup_Butons' located by 'By.cssSelector: .modal-footer>button' in '10' second(s)

2021-11-19 17:05:54 - [MESSAGE][PASSED] - Method.TextDegerineEsitElementeTikla is PASSED

2021-11-19 17:05:54 - [TEST_STEP][PASSED] - Method.TextDegerineEsitElementeTikla(findTestObject("Popup/Popup_Butons"), "Tamam"): Method.TextDegerineEsitElementeTikla is PASSED

2021-11-19 17:05:54 - [MESSAGE][INFO] - Finding Test Object 'Object Repository/Popup/Popup_Butons'

2021-11-19 17:05:54 - [MESSAGE][INFO] - Checking timeout

2021-11-19 17:05:54 - [MESSAGE][INFO] - Finding web element with id: 'Object Repository/Popup/Popup_Butons' located by 'By.cssSelector: .modal-footer>button' in '10' second(s)

2021-11-19 17:05:54 - [MESSAGE][INFO] - Smart Wait Function is triggered

2021-11-19 17:05:55 - [MESSAGE][INFO] - Found 1 web elements with id: 'Object Repository/Popup/Popup_Butons' located by 'By.cssSelector: .modal-footer>button' in '10' second(s)

2021-11-19 17:05:55 - [MESSAGE][PASSED] - Method.TextDegerineEsitElementeTikla is PASSED

2021-11-19 17:05:55 - [MESSAGE][PASSED] - Call Test Case 'Test Cases/Tablo/Olusturma Tarihi' successfully

2021-11-19 17:05:55 - [MESSAGE][INFO] - Checking called Test Case

2021-11-19 17:05:55 - [MESSAGE][INFO] - Starting to call Test Case 'Test Cases/Butonlar/ButonaTikla'

2021-11-19 17:05:55 - [TEST_CASE][PASSED] - Test Cases/Butonlar/ButonaTikla: Test Cases/Butonlar/ButonaTikla

2021-11-19 17:05:55 - [TEST_STEP][PASSED] - Method.TextDegerineEsitElementeTiklaEquals(findTestObject("Butonlar/Butonlar"), Buton_Adi): Method.TextDegerineEsitElementeTiklaEquals is PASSED

2021-11-19 17:05:55 - [MESSAGE][INFO] - Finding Test Object 'Object Repository/Butonlar/Butonlar'

2021-11-19 17:05:55 - [MESSAGE][INFO] - Checking timeout

2021-11-19 17:05:55 - [MESSAGE][INFO] - Finding web element with id: 'Object Repository/Butonlar/Butonlar' located by 'By.cssSelector: .panel.panel-default.text-center.footerPanel .btn,.btn.btn-primary.btnControls' in '10' second(s)

2021-11-19 17:05:55 - [MESSAGE][INFO] - Smart Wait Function is triggered

2021-11-19 17:05:56 - [MESSAGE][INFO] - Found 9 web elements with id: 'Object Repository/Butonlar/Butonlar' located by 'By.cssSelector: .panel.panel-default.text-center.footerPanel .btn,.btn.btn-primary.btnControls' in '10' second(s)

2021-11-19 17:05:56 - [MESSAGE][PASSED] - Method.TextDegerineEsitElementeTiklaEquals is PASSED

2021-11-19 17:05:56 - [MESSAGE][PASSED] - Call Test Case 'Test Cases/Butonlar/ButonaTikla' successfully

2021-11-19 17:05:56 - [MESSAGE][INFO] - Checking called Test Case

2021-11-19 17:05:56 - [MESSAGE][INFO] - Starting to call Test Case 'Test Cases/Olusturma/Genel/GorselTasarimSayfasıBasligiIceriyorMu'

2021-11-19 17:05:56 - [TEST_CASE][PASSED] - Test Cases/Olusturma/Genel/GorselTasarimSayfasıBasligiIceriyorMu: Test Cases/Olusturma/Genel/GorselTasarimSayfasıBasligiIceriyorMu

2021-11-19 17:05:56 - [TEST_STEP][PASSED] - verifyElementText(findTestObject("Object Repository/Olusturma/Genel/GorselTasarimBaslik"), Baslik): Actual text and expected text of test object 'Object Repository/Olusturma/Genel/GorselTasarimBaslik' are matched.

2021-11-19 17:05:56 - [MESSAGE][INFO] - Finding Test Object 'Object Repository/Olusturma/Genel/GorselTasarimBaslik'

2021-11-19 17:05:56 - [MESSAGE][INFO] - Checking object

2021-11-19 17:05:56 - [MESSAGE][INFO] - Finding web element from Test Object's properties

2021-11-19 17:05:56 - [MESSAGE][INFO] - Checking timeout

2021-11-19 17:05:56 - [MESSAGE][INFO] - Finding web element with id: 'Object Repository/Olusturma/Genel/GorselTasarimBaslik' located by 'By.cssSelector: #flAlici_0>div>span' in '30' second(s)

2021-11-19 17:05:56 - [MESSAGE][INFO] - Smart Wait Function is triggered

2021-11-19 17:06:03 - [MESSAGE][INFO] - Found 1 web elements with id: 'Object Repository/Olusturma/Genel/GorselTasarimBaslik' located by 'By.cssSelector: #flAlici_0>div>span' in '30' second(s)

2021-11-19 17:06:03 - [MESSAGE][PASSED] - Actual text and expected text of test object 'Object Repository/Olusturma/Genel/GorselTasarimBaslik' are matched.

2021-11-19 17:06:03 - [MESSAGE][PASSED] - Call Test Case 'Test Cases/Olusturma/Genel/GorselTasarimSayfasıBasligiIceriyorMu' successfully

2021-11-19 17:06:03 - [MESSAGE][INFO] - Checking called Test Case

2021-11-19 17:06:03 - [MESSAGE][INFO] - Starting to call Test Case 'Test Cases/Olusturma/Genel/AliciSecilir'

2021-11-19 17:06:03 - [TEST_CASE][PASSED] - Test Cases/Olusturma/Genel/AliciSecilir: Test Cases/Olusturma/Genel/AliciSecilir

2021-11-19 17:06:03 - [TEST_STEP][PASSED] - click(findTestObject("Olusturma/Genel/AliciBilgisi/Alici_Ara")): Object: 'Object Repository/Olusturma/Genel/AliciBilgisi/Alici_Ara' is clicked on

2021-11-19 17:06:03 - [MESSAGE][INFO] - Finding Test Object 'Object Repository/Olusturma/Genel/AliciBilgisi/Alici_Ara'

2021-11-19 17:06:03 - [MESSAGE][INFO] - Checking object

2021-11-19 17:06:03 - [MESSAGE][INFO] - Finding web element from Test Object's properties

2021-11-19 17:06:03 - [MESSAGE][INFO] - Checking timeout

2021-11-19 17:06:03 - [MESSAGE][INFO] - Finding web element with id: 'Object Repository/Olusturma/Genel/AliciBilgisi/Alici_Ara' located by 'By.xpath: //td[@id='txtCustomerText_B-1']' in '30' second(s)

2021-11-19 17:06:03 - [MESSAGE][INFO] - Smart Wait Function is triggered

2021-11-19 17:06:03 - [MESSAGE][INFO] - Found 1 web elements with id: 'Object Repository/Olusturma/Genel/AliciBilgisi/Alici_Ara' located by 'By.xpath: //td[@id='txtCustomerText_B-1']' in '30' second(s)

2021-11-19 17:06:03 - [MESSAGE][INFO] - Clicking on object: 'Object Repository/Olusturma/Genel/AliciBilgisi/Alici_Ara'

2021-11-19 17:06:03 - [MESSAGE][PASSED] - Object: 'Object Repository/Olusturma/Genel/AliciBilgisi/Alici_Ara' is clicked on

2021-11-19 17:06:03 - [TEST_STEP][PASSED] - click(findTestObject("Olusturma/Genel/AliciBilgisi/Alici_Bilgisi")): Object: 'Object Repository/Olusturma/Genel/AliciBilgisi/Alici_Bilgisi' is clicked on

2021-11-19 17:06:03 - [MESSAGE][INFO] - Finding Test Object 'Object Repository/Olusturma/Genel/AliciBilgisi/Alici_Bilgisi'

2021-11-19 17:06:03 - [MESSAGE][INFO] - Checking object

2021-11-19 17:06:03 - [MESSAGE][INFO] - Finding web element from Test Object's properties

2021-11-19 17:06:03 - [MESSAGE][INFO] - Checking timeout

2021-11-19 17:06:03 - [MESSAGE][INFO] - Finding web element with id: 'Object Repository/Olusturma/Genel/AliciBilgisi/Alici_Bilgisi' located by 'By.xpath: //iframe[@id='customerselectiframe']' in '30' second(s)

2021-11-19 17:06:03 - [MESSAGE][INFO] - Smart Wait Function is triggered

2021-11-19 17:06:04 - [MESSAGE][INFO] - Found 1 web elements with id: 'Object Repository/Olusturma/Genel/AliciBilgisi/Alici_Bilgisi' located by 'By.xpath: //iframe[@id='customerselectiframe']' in '30' second(s)

2021-11-19 17:06:04 - [MESSAGE][INFO] - Clicking on object: 'Object Repository/Olusturma/Genel/AliciBilgisi/Alici_Bilgisi'

2021-11-19 17:06:04 - [MESSAGE][PASSED] - Object: 'Object Repository/Olusturma/Genel/AliciBilgisi/Alici_Bilgisi' is clicked on

2021-11-19 17:06:04 - [TEST_STEP][PASSED] - setText(findTestObject("Olusturma/Genel/AliciBilgisi/Alici_Gir"), Alici_Adi): Switching to default content

2021-11-19 17:06:04 - [MESSAGE][INFO] - Finding Test Object 'Object Repository/Olusturma/Genel/AliciBilgisi/Alici_Gir'

2021-11-19 17:06:04 - [MESSAGE][INFO] - Finding Test Object 'Object Repository/Olusturma/Genel/AliciBilgisi/Alici_Bilgisi'

2021-11-19 17:06:04 - [MESSAGE][INFO] - Checking object

2021-11-19 17:06:04 - [MESSAGE][INFO] - Checking text

2021-11-19 17:06:04 - [MESSAGE][INFO] - Object: 'Object Repository/Olusturma/Genel/AliciBilgisi/Alici_Gir' has parent object(s)

2021-11-19 17:06:04 - [MESSAGE][INFO] - Switching to iframe: 'Object Repository/Olusturma/Genel/AliciBilgisi/Alici_Bilgisi'

2021-11-19 17:06:04 - [MESSAGE][INFO] - Finding web element from Test Object's properties

2021-11-19 17:06:04 - [MESSAGE][INFO] - Checking timeout

2021-11-19 17:06:04 - [MESSAGE][INFO] - Finding web element with id: 'Object Repository/Olusturma/Genel/AliciBilgisi/Alici_Bilgisi' located by 'By.xpath: //iframe[@id='customerselectiframe']' in '30' second(s)

2021-11-19 17:06:04 - [MESSAGE][INFO] - Smart Wait Function is triggered

2021-11-19 17:06:04 - [MESSAGE][INFO] - Found 1 web elements with id: 'Object Repository/Olusturma/Genel/AliciBilgisi/Alici_Bilgisi' located by 'By.xpath: //iframe[@id='customerselectiframe']' in '30' second(s)

2021-11-19 17:06:04 - [MESSAGE][INFO] - Switched to iframe: 'Object Repository/Olusturma/Genel/AliciBilgisi/Alici_Bilgisi'

2021-11-19 17:06:04 - [MESSAGE][INFO] - Finding web element from Test Object's properties

2021-11-19 17:06:04 - [MESSAGE][INFO] - Checking timeout

2021-11-19 17:06:04 - [MESSAGE][INFO] - Finding web element with id: 'Object Repository/Olusturma/Genel/AliciBilgisi/Alici_Gir' located by 'By.xpath: //input[@id='GridViewCustomer_DXFREditorcol1_I']' in '30' second(s)

2021-11-19 17:06:04 - [MESSAGE][INFO] - Smart Wait Function is triggered

2021-11-19 17:06:04 - [MESSAGE][INFO] - Found 1 web elements with id: 'Object Repository/Olusturma/Genel/AliciBilgisi/Alici_Gir' located by 'By.xpath: //input[@id='GridViewCustomer_DXFREditorcol1_I']' in '30' second(s)

2021-11-19 17:06:04 - [MESSAGE][INFO] - Clearing text of object 'Object Repository/Olusturma/Genel/AliciBilgisi/Alici_Gir'

2021-11-19 17:06:04 - [MESSAGE][INFO] - Finding web element from Test Object's properties

2021-11-19 17:06:04 - [MESSAGE][INFO] - Checking timeout

2021-11-19 17:06:04 - [MESSAGE][INFO] - Finding web element with id: 'Object Repository/Olusturma/Genel/AliciBilgisi/Alici_Gir' located by 'By.xpath: //input[@id='GridViewCustomer_DXFREditorcol1_I']' in '30' second(s)

2021-11-19 17:06:04 - [MESSAGE][INFO] - Smart Wait Function is triggered

2021-11-19 17:06:04 - [MESSAGE][INFO] - Found 1 web elements with id: 'Object Repository/Olusturma/Genel/AliciBilgisi/Alici_Gir' located by 'By.xpath: //input[@id='GridViewCustomer_DXFREditorcol1_I']' in '30' second(s)

2021-11-19 17:06:04 - [MESSAGE][INFO] - Setting text of object 'Object Repository/Olusturma/Genel/AliciBilgisi/Alici_Gir' to value 'UC0009'

2021-11-19 17:06:04 - [MESSAGE][PASSED] - Text 'UC0009' is set on object 'Object Repository/Olusturma/Genel/AliciBilgisi/Alici_Gir'

2021-11-19 17:06:04 - [MESSAGE][INFO] - Switching to default content

2021-11-19 17:06:04 - [TEST_STEP][PASSED] - waitForElementClickable(findTestObject("Olusturma/Genel/AliciBilgisi/Alici_Adi"), 10): Switching to default content

2021-11-19 17:06:04 - [MESSAGE][INFO] - Finding Test Object 'Object Repository/Olusturma/Genel/AliciBilgisi/Alici_Adi'

2021-11-19 17:06:04 - [MESSAGE][INFO] - Finding Test Object 'Object Repository/Olusturma/Genel/AliciBilgisi/iframe_Alc Bilgisi_customerselectiframe'

2021-11-19 17:06:04 - [MESSAGE][INFO] - Checking object

2021-11-19 17:06:04 - [MESSAGE][INFO] - Checking timeout

2021-11-19 17:06:04 - [MESSAGE][INFO] - Object: 'Object Repository/Olusturma/Genel/AliciBilgisi/Alici_Adi' has parent object(s)

2021-11-19 17:06:04 - [MESSAGE][INFO] - Switching to iframe: 'Object Repository/Olusturma/Genel/AliciBilgisi/iframe_Alc Bilgisi_customerselectiframe'

2021-11-19 17:06:04 - [MESSAGE][INFO] - Finding web element from Test Object's properties

2021-11-19 17:06:04 - [MESSAGE][INFO] - Checking timeout

2021-11-19 17:06:04 - [MESSAGE][INFO] - Finding web element with id: 'Object Repository/Olusturma/Genel/AliciBilgisi/iframe_Alc Bilgisi_customerselectiframe' located by 'By.xpath: //iframe[@id='customerselectiframe']' in '10' second(s)

2021-11-19 17:06:04 - [MESSAGE][INFO] - Smart Wait Function is triggered

2021-11-19 17:06:05 - [MESSAGE][INFO] - Found 1 web elements with id: 'Object Repository/Olusturma/Genel/AliciBilgisi/iframe_Alc Bilgisi_customerselectiframe' located by 'By.xpath: //iframe[@id='customerselectiframe']' in '10' second(s)

2021-11-19 17:06:05 - [MESSAGE][INFO] - Switched to iframe: 'Object Repository/Olusturma/Genel/AliciBilgisi/iframe_Alc Bilgisi_customerselectiframe'

2021-11-19 17:06:05 - [MESSAGE][INFO] - Finding web element from Test Object's properties

2021-11-19 17:06:05 - [MESSAGE][INFO] - Checking timeout

2021-11-19 17:06:05 - [MESSAGE][INFO] - Finding web element with id: 'Object Repository/Olusturma/Genel/AliciBilgisi/Alici_Adi' located by 'By.xpath: //tr[@id='GridViewCustomer_DXDataRow0']/td[2]' in '10' second(s)

2021-11-19 17:06:05 - [MESSAGE][INFO] - Smart Wait Function is triggered

2021-11-19 17:06:05 - [MESSAGE][INFO] - Found 1 web elements with id: 'Object Repository/Olusturma/Genel/AliciBilgisi/Alici_Adi' located by 'By.xpath: //tr[@id='GridViewCustomer_DXDataRow0']/td[2]' in '10' second(s)

2021-11-19 17:06:05 - [MESSAGE][PASSED] - Object 'Object Repository/Olusturma/Genel/AliciBilgisi/Alici_Adi' is clickable

2021-11-19 17:06:05 - [MESSAGE][INFO] - Switching to default content

2021-11-19 17:06:05 - [TEST_STEP][PASSED] - click(findTestObject("Olusturma/Genel/AliciBilgisi/frame")): Switching to default content

2021-11-19 17:06:05 - [MESSAGE][INFO] - Finding Test Object 'Object Repository/Olusturma/Genel/AliciBilgisi/frame'

2021-11-19 17:06:05 - [MESSAGE][INFO] - Finding Test Object 'Object Repository/Olusturma/Genel/AliciBilgisi/iframe_Alc Bilgisi_customerselectiframe'

2021-11-19 17:06:05 - [MESSAGE][INFO] - Checking object

2021-11-19 17:06:05 - [MESSAGE][INFO] - Object: 'Object Repository/Olusturma/Genel/AliciBilgisi/frame' has parent object(s)

2021-11-19 17:06:05 - [MESSAGE][INFO] - Switching to iframe: 'Object Repository/Olusturma/Genel/AliciBilgisi/iframe_Alc Bilgisi_customerselectiframe'

2021-11-19 17:06:05 - [MESSAGE][INFO] - Finding web element from Test Object's properties

2021-11-19 17:06:05 - [MESSAGE][INFO] - Checking timeout

2021-11-19 17:06:05 - [MESSAGE][INFO] - Finding web element with id: 'Object Repository/Olusturma/Genel/AliciBilgisi/iframe_Alc Bilgisi_customerselectiframe' located by 'By.xpath: //iframe[@id='customerselectiframe']' in '30' second(s)

2021-11-19 17:06:05 - [MESSAGE][INFO] - Smart Wait Function is triggered

2021-11-19 17:06:05 - [MESSAGE][INFO] - Found 1 web elements with id: 'Object Repository/Olusturma/Genel/AliciBilgisi/iframe_Alc Bilgisi_customerselectiframe' located by 'By.xpath: //iframe[@id='customerselectiframe']' in '30' second(s)

2021-11-19 17:06:05 - [MESSAGE][INFO] - Switched to iframe: 'Object Repository/Olusturma/Genel/AliciBilgisi/iframe_Alc Bilgisi_customerselectiframe'

2021-11-19 17:06:05 - [MESSAGE][INFO] - Finding web element from Test Object's properties

2021-11-19 17:06:05 - [MESSAGE][INFO] - Checking timeout

2021-11-19 17:06:05 - [MESSAGE][INFO] - Finding web element with id: 'Object Repository/Olusturma/Genel/AliciBilgisi/frame' located by 'By.xpath: //*/text()[normalize-space(.)='']/parent::*' in '30' second(s)

2021-11-19 17:06:05 - [MESSAGE][INFO] - Smart Wait Function is triggered

2021-11-19 17:06:05 - [MESSAGE][INFO] - Found 66 web elements with id: 'Object Repository/Olusturma/Genel/AliciBilgisi/frame' located by 'By.xpath: //*/text()[normalize-space(.)='']/parent::*' in '30' second(s)

2021-11-19 17:06:05 - [MESSAGE][INFO] - Clicking on object: 'Object Repository/Olusturma/Genel/AliciBilgisi/frame'

2021-11-19 17:06:05 - [MESSAGE][PASSED] - Object: 'Object Repository/Olusturma/Genel/AliciBilgisi/frame' is clicked on

2021-11-19 17:06:05 - [MESSAGE][INFO] - Switching to default content

2021-11-19 17:06:05 - [TEST_STEP][PASSED] - click(findTestObject("Olusturma/Genel/AliciBilgisi/Alici_Adi")): Switching to default content

2021-11-19 17:06:05 - [MESSAGE][INFO] - Finding Test Object 'Object Repository/Olusturma/Genel/AliciBilgisi/Alici_Adi'

2021-11-19 17:06:06 - [MESSAGE][INFO] - Finding Test Object 'Object Repository/Olusturma/Genel/AliciBilgisi/iframe_Alc Bilgisi_customerselectiframe'

2021-11-19 17:06:06 - [MESSAGE][INFO] - Checking object

2021-11-19 17:06:06 - [MESSAGE][INFO] - Object: 'Object Repository/Olusturma/Genel/AliciBilgisi/Alici_Adi' has parent object(s)

2021-11-19 17:06:06 - [MESSAGE][INFO] - Switching to iframe: 'Object Repository/Olusturma/Genel/AliciBilgisi/iframe_Alc Bilgisi_customerselectiframe'

2021-11-19 17:06:06 - [MESSAGE][INFO] - Finding web element from Test Object's properties

2021-11-19 17:06:06 - [MESSAGE][INFO] - Checking timeout

2021-11-19 17:06:06 - [MESSAGE][INFO] - Finding web element with id: 'Object Repository/Olusturma/Genel/AliciBilgisi/iframe_Alc Bilgisi_customerselectiframe' located by 'By.xpath: //iframe[@id='customerselectiframe']' in '30' second(s)

2021-11-19 17:06:06 - [MESSAGE][INFO] - Smart Wait Function is triggered

2021-11-19 17:06:06 - [MESSAGE][INFO] - Found 1 web elements with id: 'Object Repository/Olusturma/Genel/AliciBilgisi/iframe_Alc Bilgisi_customerselectiframe' located by 'By.xpath: //iframe[@id='customerselectiframe']' in '30' second(s)

2021-11-19 17:06:06 - [MESSAGE][INFO] - Switched to iframe: 'Object Repository/Olusturma/Genel/AliciBilgisi/iframe_Alc Bilgisi_customerselectiframe'

2021-11-19 17:06:06 - [MESSAGE][INFO] - Finding web element from Test Object's properties

2021-11-19 17:06:06 - [MESSAGE][INFO] - Checking timeout

2021-11-19 17:06:06 - [MESSAGE][INFO] - Finding web element with id: 'Object Repository/Olusturma/Genel/AliciBilgisi/Alici_Adi' located by 'By.xpath: //tr[@id='GridViewCustomer_DXDataRow0']/td[2]' in '30' second(s)

2021-11-19 17:06:06 - [MESSAGE][INFO] - Smart Wait Function is triggered

2021-11-19 17:06:06 - [MESSAGE][INFO] - Found 1 web elements with id: 'Object Repository/Olusturma/Genel/AliciBilgisi/Alici_Adi' located by 'By.xpath: //tr[@id='GridViewCustomer_DXDataRow0']/td[2]' in '30' second(s)

2021-11-19 17:06:06 - [MESSAGE][INFO] - Clicking on object: 'Object Repository/Olusturma/Genel/AliciBilgisi/Alici_Adi'

2021-11-19 17:06:06 - [MESSAGE][PASSED] - Object: 'Object Repository/Olusturma/Genel/AliciBilgisi/Alici_Adi' is clicked on

2021-11-19 17:06:06 - [MESSAGE][INFO] - Switching to default content

2021-11-19 17:06:06 - [TEST_STEP][PASSED] - click(findTestObject("Olusturma/Genel/AliciBilgisi/Tamam_Bosluk")): Switching to default content

2021-11-19 17:06:06 - [MESSAGE][INFO] - Finding Test Object 'Object Repository/Olusturma/Genel/AliciBilgisi/Tamam_Bosluk'

2021-11-19 17:06:06 - [MESSAGE][INFO] - Finding Test Object 'Object Repository/Olusturma/Genel/AliciBilgisi/Alici_Bilgisi'

2021-11-19 17:06:06 - [MESSAGE][INFO] - Checking object

2021-11-19 17:06:06 - [MESSAGE][INFO] - Object: 'Object Repository/Olusturma/Genel/AliciBilgisi/Tamam_Bosluk' has parent object(s)

2021-11-19 17:06:06 - [MESSAGE][INFO] - Switching to iframe: 'Object Repository/Olusturma/Genel/AliciBilgisi/Alici_Bilgisi'

2021-11-19 17:06:06 - [MESSAGE][INFO] - Finding web element from Test Object's properties

2021-11-19 17:06:06 - [MESSAGE][INFO] - Checking timeout

2021-11-19 17:06:06 - [MESSAGE][INFO] - Finding web element with id: 'Object Repository/Olusturma/Genel/AliciBilgisi/Alici_Bilgisi' located by 'By.xpath: //iframe[@id='customerselectiframe']' in '30' second(s)

2021-11-19 17:06:06 - [MESSAGE][INFO] - Smart Wait Function is triggered

2021-11-19 17:06:06 - [MESSAGE][INFO] - Found 1 web elements with id: 'Object Repository/Olusturma/Genel/AliciBilgisi/Alici_Bilgisi' located by 'By.xpath: //iframe[@id='customerselectiframe']' in '30' second(s)

2021-11-19 17:06:06 - [MESSAGE][INFO] - Switched to iframe: 'Object Repository/Olusturma/Genel/AliciBilgisi/Alici_Bilgisi'

2021-11-19 17:06:06 - [MESSAGE][INFO] - Finding web element from Test Object's properties

2021-11-19 17:06:06 - [MESSAGE][INFO] - Checking timeout

2021-11-19 17:06:06 - [MESSAGE][INFO] - Finding web element with id: 'Object Repository/Olusturma/Genel/AliciBilgisi/Tamam_Bosluk' located by 'By.xpath: (.//*[normalize-space(text()) and normalize-space(.)='Sayfa Boyutu:'])[1]/following::div[7]' in '30' second(s)

2021-11-19 17:06:06 - [MESSAGE][INFO] - Smart Wait Function is triggered

2021-11-19 17:06:07 - [MESSAGE][INFO] - Found 1 web elements with id: 'Object Repository/Olusturma/Genel/AliciBilgisi/Tamam_Bosluk' located by 'By.xpath: (.//*[normalize-space(text()) and normalize-space(.)='Sayfa Boyutu:'])[1]/following::div[7]' in '30' second(s)

2021-11-19 17:06:07 - [MESSAGE][INFO] - Clicking on object: 'Object Repository/Olusturma/Genel/AliciBilgisi/Tamam_Bosluk'

2021-11-19 17:06:07 - [MESSAGE][PASSED] - Object: 'Object Repository/Olusturma/Genel/AliciBilgisi/Tamam_Bosluk' is clicked on

2021-11-19 17:06:07 - [MESSAGE][INFO] - Switching to default content

2021-11-19 17:06:07 - [TEST_STEP][PASSED] - waitForElementClickable(findTestObject("Olusturma/Genel/AliciBilgisi/Tamam_Butonu"), 10): Switching to default content

2021-11-19 17:06:07 - [MESSAGE][INFO] - Finding Test Object 'Object Repository/Olusturma/Genel/AliciBilgisi/Tamam_Butonu'

2021-11-19 17:06:07 - [MESSAGE][INFO] - Finding Test Object 'Object Repository/Olusturma/Genel/AliciBilgisi/Alici_Bilgisi'

2021-11-19 17:06:07 - [MESSAGE][INFO] - Checking object

2021-11-19 17:06:07 - [MESSAGE][INFO] - Checking timeout

2021-11-19 17:06:07 - [MESSAGE][INFO] - Object: 'Object Repository/Olusturma/Genel/AliciBilgisi/Tamam_Butonu' has parent object(s)

2021-11-19 17:06:07 - [MESSAGE][INFO] - Switching to iframe: 'Object Repository/Olusturma/Genel/AliciBilgisi/Alici_Bilgisi'

2021-11-19 17:06:07 - [MESSAGE][INFO] - Finding web element from Test Object's properties

2021-11-19 17:06:07 - [MESSAGE][INFO] - Checking timeout

2021-11-19 17:06:07 - [MESSAGE][INFO] - Finding web element with id: 'Object Repository/Olusturma/Genel/AliciBilgisi/Alici_Bilgisi' located by 'By.xpath: //iframe[@id='customerselectiframe']' in '10' second(s)

2021-11-19 17:06:07 - [MESSAGE][INFO] - Smart Wait Function is triggered

2021-11-19 17:06:07 - [MESSAGE][INFO] - Found 1 web elements with id: 'Object Repository/Olusturma/Genel/AliciBilgisi/Alici_Bilgisi' located by 'By.xpath: //iframe[@id='customerselectiframe']' in '10' second(s)

2021-11-19 17:06:07 - [MESSAGE][INFO] - Switched to iframe: 'Object Repository/Olusturma/Genel/AliciBilgisi/Alici_Bilgisi'

2021-11-19 17:06:07 - [MESSAGE][INFO] - Finding web element from Test Object's properties

2021-11-19 17:06:07 - [MESSAGE][INFO] - Checking timeout

2021-11-19 17:06:07 - [MESSAGE][INFO] - Finding web element with id: 'Object Repository/Olusturma/Genel/AliciBilgisi/Tamam_Butonu' located by 'By.xpath: //div[@id='btnSelectCustomer_CD']/span' in '10' second(s)

2021-11-19 17:06:07 - [MESSAGE][INFO] - Smart Wait Function is triggered

2021-11-19 17:06:07 - [MESSAGE][INFO] - Found 1 web elements with id: 'Object Repository/Olusturma/Genel/AliciBilgisi/Tamam_Butonu' located by 'By.xpath: //div[@id='btnSelectCustomer_CD']/span' in '10' second(s)

2021-11-19 17:06:07 - [MESSAGE][PASSED] - Object 'Object Repository/Olusturma/Genel/AliciBilgisi/Tamam_Butonu' is clickable

2021-11-19 17:06:07 - [MESSAGE][INFO] - Switching to default content

2021-11-19 17:06:07 - [TEST_STEP][PASSED] - click(findTestObject("Olusturma/Genel/AliciBilgisi/Tamam_Butonu")): Switching to default content

2021-11-19 17:06:07 - [MESSAGE][INFO] - Finding Test Object 'Object Repository/Olusturma/Genel/AliciBilgisi/Tamam_Butonu'

2021-11-19 17:06:07 - [MESSAGE][INFO] - Finding Test Object 'Object Repository/Olusturma/Genel/AliciBilgisi/Alici_Bilgisi'

2021-11-19 17:06:07 - [MESSAGE][INFO] - Checking object

2021-11-19 17:06:07 - [MESSAGE][INFO] - Object: 'Object Repository/Olusturma/Genel/AliciBilgisi/Tamam_Butonu' has parent object(s)

2021-11-19 17:06:07 - [MESSAGE][INFO] - Switching to iframe: 'Object Repository/Olusturma/Genel/AliciBilgisi/Alici_Bilgisi'

2021-11-19 17:06:07 - [MESSAGE][INFO] - Finding web element from Test Object's properties

2021-11-19 17:06:07 - [MESSAGE][INFO] - Checking timeout

2021-11-19 17:06:07 - [MESSAGE][INFO] - Finding web element with id: 'Object Repository/Olusturma/Genel/AliciBilgisi/Alici_Bilgisi' located by 'By.xpath: //iframe[@id='customerselectiframe']' in '30' second(s)

2021-11-19 17:06:07 - [MESSAGE][INFO] - Smart Wait Function is triggered

2021-11-19 17:06:08 - [MESSAGE][INFO] - Found 1 web elements with id: 'Object Repository/Olusturma/Genel/AliciBilgisi/Alici_Bilgisi' located by 'By.xpath: //iframe[@id='customerselectiframe']' in '30' second(s)

2021-11-19 17:06:08 - [MESSAGE][INFO] - Switched to iframe: 'Object Repository/Olusturma/Genel/AliciBilgisi/Alici_Bilgisi'

2021-11-19 17:06:08 - [MESSAGE][INFO] - Finding web element from Test Object's properties

2021-11-19 17:06:08 - [MESSAGE][INFO] - Checking timeout

2021-11-19 17:06:08 - [MESSAGE][INFO] - Finding web element with id: 'Object Repository/Olusturma/Genel/AliciBilgisi/Tamam_Butonu' located by 'By.xpath: //div[@id='btnSelectCustomer_CD']/span' in '30' second(s)

2021-11-19 17:06:08 - [MESSAGE][INFO] - Smart Wait Function is triggered

2021-11-19 17:06:08 - [MESSAGE][INFO] - Found 1 web elements with id: 'Object Repository/Olusturma/Genel/AliciBilgisi/Tamam_Butonu' located by 'By.xpath: //div[@id='btnSelectCustomer_CD']/span' in '30' second(s)

2021-11-19 17:06:08 - [MESSAGE][INFO] - Clicking on object: 'Object Repository/Olusturma/Genel/AliciBilgisi/Tamam_Butonu'

2021-11-19 17:06:08 - [MESSAGE][PASSED] - Object: 'Object Repository/Olusturma/Genel/AliciBilgisi/Tamam_Butonu' is clicked on

2021-11-19 17:06:08 - [MESSAGE][INFO] - Switching to default content

2021-11-19 17:06:08 - [TEST_STEP][PASSED] - waitForElementPresent(findTestObject("Olusturma/Genel/AliciBilgisi/VKN-TCKN"), 10): Object 'Object Repository/Olusturma/Genel/AliciBilgisi/VKN-TCKN' is present

2021-11-19 17:06:08 - [MESSAGE][INFO] - Finding Test Object 'Object Repository/Olusturma/Genel/AliciBilgisi/VKN-TCKN'

2021-11-19 17:06:08 - [MESSAGE][INFO] - Checking object

2021-11-19 17:06:08 - [MESSAGE][INFO] - Finding web element from Test Object's properties

2021-11-19 17:06:08 - [MESSAGE][INFO] - Checking timeout

2021-11-19 17:06:08 - [MESSAGE][INFO] - Finding web element with id: 'Object Repository/Olusturma/Genel/AliciBilgisi/VKN-TCKN' located by 'By.xpath: //*[@id = 'txtVknTckn_I']' in '10' second(s)

2021-11-19 17:06:08 - [MESSAGE][INFO] - Smart Wait Function is triggered

2021-11-19 17:06:08 - [MESSAGE][INFO] - Found 1 web elements with id: 'Object Repository/Olusturma/Genel/AliciBilgisi/VKN-TCKN' located by 'By.xpath: //*[@id = 'txtVknTckn_I']' in '10' second(s)

2021-11-19 17:06:08 - [MESSAGE][PASSED] - Object 'Object Repository/Olusturma/Genel/AliciBilgisi/VKN-TCKN' is present

2021-11-19 17:06:08 - [TEST_STEP][PASSED] - text = getAttribute(findTestObject("Olusturma/Genel/AliciBilgisi/VKN-TCKN"), "value"): Attribute 'value' of object 'Object Repository/Olusturma/Genel/AliciBilgisi/VKN-TCKN' is: '5325011910'

2021-11-19 17:06:08 - [MESSAGE][INFO] - Finding Test Object 'Object Repository/Olusturma/Genel/AliciBilgisi/VKN-TCKN'

2021-11-19 17:06:08 - [MESSAGE][INFO] - Checking object

2021-11-19 17:06:08 - [MESSAGE][INFO] - Checking attribute

2021-11-19 17:06:08 - [MESSAGE][INFO] - Finding web element from Test Object's properties

2021-11-19 17:06:08 - [MESSAGE][INFO] - Checking timeout

2021-11-19 17:06:08 - [MESSAGE][INFO] - Finding web element with id: 'Object Repository/Olusturma/Genel/AliciBilgisi/VKN-TCKN' located by 'By.xpath: //*[@id = 'txtVknTckn_I']' in '30' second(s)

2021-11-19 17:06:08 - [MESSAGE][INFO] - Smart Wait Function is triggered

2021-11-19 17:06:09 - [MESSAGE][INFO] - Found 1 web elements with id: 'Object Repository/Olusturma/Genel/AliciBilgisi/VKN-TCKN' located by 'By.xpath: //*[@id = 'txtVknTckn_I']' in '30' second(s)

2021-11-19 17:06:09 - [MESSAGE][INFO] - Getting attribute 'value' of object 'Object Repository/Olusturma/Genel/AliciBilgisi/VKN-TCKN'

2021-11-19 17:06:09 - [MESSAGE][PASSED] - Attribute 'value' of object 'Object Repository/Olusturma/Genel/AliciBilgisi/VKN-TCKN' is: '5325011910'

2021-11-19 17:06:09 - [TEST_STEP][PASSED] - if (text.equals("")): null

2021-11-19 17:06:09 - [MESSAGE][PASSED] - Call Test Case 'Test Cases/Olusturma/Genel/AliciSecilir' successfully

2021-11-19 17:06:09 - [MESSAGE][INFO] - Checking called Test Case

2021-11-19 17:06:09 - [MESSAGE][INFO] - Starting to call Test Case 'Test Cases/Olusturma/Genel/GonderimSekliSecilir'

2021-11-19 17:06:09 - [TEST_CASE][PASSED] - Test Cases/Olusturma/Genel/GonderimSekliSecilir: Test Cases/Olusturma/Genel/GonderimSekliSecilir

2021-11-19 17:06:09 - [TEST_STEP][PASSED] - waitForElementClickable(findTestObject("Object Repository/Olusturma/Genel/GonderimSekli/GonderimSekli"), 10): Object 'Object Repository/Olusturma/Genel/GonderimSekli/GonderimSekli' is clickable

2021-11-19 17:06:09 - [MESSAGE][INFO] - Finding Test Object 'Object Repository/Olusturma/Genel/GonderimSekli/GonderimSekli'

2021-11-19 17:06:09 - [MESSAGE][INFO] - Checking object

2021-11-19 17:06:09 - [MESSAGE][INFO] - Checking timeout

2021-11-19 17:06:09 - [MESSAGE][INFO] - Finding web element from Test Object's properties

2021-11-19 17:06:09 - [MESSAGE][INFO] - Checking timeout

2021-11-19 17:06:09 - [MESSAGE][INFO] - Finding web element with id: 'Object Repository/Olusturma/Genel/GonderimSekli/GonderimSekli' located by 'By.xpath: //*[@id = 'txtGonderimSekil_I']' in '10' second(s)

2021-11-19 17:06:09 - [MESSAGE][INFO] - Smart Wait Function is triggered

2021-11-19 17:06:09 - [MESSAGE][INFO] - Found 1 web elements with id: 'Object Repository/Olusturma/Genel/GonderimSekli/GonderimSekli' located by 'By.xpath: //*[@id = 'txtGonderimSekil_I']' in '10' second(s)

2021-11-19 17:06:09 - [MESSAGE][PASSED] - Object 'Object Repository/Olusturma/Genel/GonderimSekli/GonderimSekli' is clickable

2021-11-19 17:06:09 - [TEST_STEP][PASSED] - click(findTestObject("Object Repository/Olusturma/Genel/GonderimSekli/GonderimSekli")): Object: 'Object Repository/Olusturma/Genel/GonderimSekli/GonderimSekli' is clicked on

2021-11-19 17:06:09 - [MESSAGE][INFO] - Finding Test Object 'Object Repository/Olusturma/Genel/GonderimSekli/GonderimSekli'

2021-11-19 17:06:09 - [MESSAGE][INFO] - Checking object

2021-11-19 17:06:09 - [MESSAGE][INFO] - Finding web element from Test Object's properties

2021-11-19 17:06:09 - [MESSAGE][INFO] - Checking timeout

2021-11-19 17:06:09 - [MESSAGE][INFO] - Finding web element with id: 'Object Repository/Olusturma/Genel/GonderimSekli/GonderimSekli' located by 'By.xpath: //*[@id = 'txtGonderimSekil_I']' in '30' second(s)

2021-11-19 17:06:09 - [MESSAGE][INFO] - Smart Wait Function is triggered

2021-11-19 17:06:10 - [MESSAGE][INFO] - Found 1 web elements with id: 'Object Repository/Olusturma/Genel/GonderimSekli/GonderimSekli' located by 'By.xpath: //*[@id = 'txtGonderimSekil_I']' in '30' second(s)

2021-11-19 17:06:10 - [MESSAGE][INFO] - Clicking on object: 'Object Repository/Olusturma/Genel/GonderimSekli/GonderimSekli'

2021-11-19 17:06:10 - [MESSAGE][PASSED] - Object: 'Object Repository/Olusturma/Genel/GonderimSekli/GonderimSekli' is clicked on

2021-11-19 17:06:10 - [TEST_STEP][PASSED] - Method.TextDegerineEsitElementeTikla(findTestObject("Object Repository/Olusturma/Genel/GonderimSekli/GonderimSekliAdi"), GonderimSekli): Method.TextDegerineEsitElementeTikla is PASSED

2021-11-19 17:06:10 - [MESSAGE][INFO] - Finding Test Object 'Object Repository/Olusturma/Genel/GonderimSekli/GonderimSekliAdi'

2021-11-19 17:06:10 - [MESSAGE][INFO] - Checking timeout

2021-11-19 17:06:10 - [MESSAGE][INFO] - Finding web element with id: 'Object Repository/Olusturma/Genel/GonderimSekli/GonderimSekliAdi' located by 'By.cssSelector: #txtGonderimSekil_DDD_L_LBT td' in '10' second(s)

2021-11-19 17:06:10 - [MESSAGE][INFO] - Smart Wait Function is triggered

2021-11-19 17:06:10 - [MESSAGE][INFO] - Found 2 web elements with id: 'Object Repository/Olusturma/Genel/GonderimSekli/GonderimSekliAdi' located by 'By.cssSelector: #txtGonderimSekil_DDD_L_LBT td' in '10' second(s)

2021-11-19 17:06:10 - [MESSAGE][PASSED] - Method.TextDegerineEsitElementeTikla is PASSED

2021-11-19 17:06:10 - [MESSAGE][PASSED] - Call Test Case 'Test Cases/Olusturma/Genel/GonderimSekliSecilir' successfully

2021-11-19 17:06:10 - [MESSAGE][INFO] - Checking called Test Case

2021-11-19 17:06:10 - [MESSAGE][INFO] - Starting to call Test Case 'Test Cases/Olusturma/Genel/TipSecilir'

2021-11-19 17:06:10 - [TEST_CASE][PASSED] - Test Cases/Olusturma/Genel/TipSecilir: Test Cases/Olusturma/Genel/TipSecilir

2021-11-19 17:06:10 - [TEST_STEP][PASSED] - waitForElementClickable(findTestObject("Olusturma/Genel/TipSecilir/Tip"), 10): Object 'Object Repository/Olusturma/Genel/TipSecilir/Tip' is clickable

2021-11-19 17:06:10 - [MESSAGE][INFO] - Finding Test Object 'Object Repository/Olusturma/Genel/TipSecilir/Tip'

2021-11-19 17:06:11 - [MESSAGE][INFO] - Checking object

2021-11-19 17:06:11 - [MESSAGE][INFO] - Checking timeout

2021-11-19 17:06:11 - [MESSAGE][INFO] - Finding web element from Test Object's properties

2021-11-19 17:06:11 - [MESSAGE][INFO] - Checking timeout

2021-11-19 17:06:11 - [MESSAGE][INFO] - Finding web element with id: 'Object Repository/Olusturma/Genel/TipSecilir/Tip' located by 'By.xpath: //*[@id = 'DocumentTypeCode_I']' in '10' second(s)

2021-11-19 17:06:11 - [MESSAGE][INFO] - Smart Wait Function is triggered

2021-11-19 17:06:11 - [MESSAGE][INFO] - Found 1 web elements with id: 'Object Repository/Olusturma/Genel/TipSecilir/Tip' located by 'By.xpath: //*[@id = 'DocumentTypeCode_I']' in '10' second(s)

2021-11-19 17:06:11 - [MESSAGE][PASSED] - Object 'Object Repository/Olusturma/Genel/TipSecilir/Tip' is clickable

2021-11-19 17:06:11 - [TEST_STEP][PASSED] - click(findTestObject("Olusturma/Genel/TipSecilir/Tip")): Object: 'Object Repository/Olusturma/Genel/TipSecilir/Tip' is clicked on

2021-11-19 17:06:11 - [MESSAGE][INFO] - Finding Test Object 'Object Repository/Olusturma/Genel/TipSecilir/Tip'

2021-11-19 17:06:11 - [MESSAGE][INFO] - Checking object

2021-11-19 17:06:11 - [MESSAGE][INFO] - Finding web element from Test Object's properties

2021-11-19 17:06:11 - [MESSAGE][INFO] - Checking timeout

2021-11-19 17:06:11 - [MESSAGE][INFO] - Finding web element with id: 'Object Repository/Olusturma/Genel/TipSecilir/Tip' located by 'By.xpath: //*[@id = 'DocumentTypeCode_I']' in '30' second(s)

2021-11-19 17:06:11 - [MESSAGE][INFO] - Smart Wait Function is triggered

2021-11-19 17:06:11 - [MESSAGE][INFO] - Found 1 web elements with id: 'Object Repository/Olusturma/Genel/TipSecilir/Tip' located by 'By.xpath: //*[@id = 'DocumentTypeCode_I']' in '30' second(s)

2021-11-19 17:06:11 - [MESSAGE][INFO] - Clicking on object: 'Object Repository/Olusturma/Genel/TipSecilir/Tip'

2021-11-19 17:06:11 - [MESSAGE][PASSED] - Object: 'Object Repository/Olusturma/Genel/TipSecilir/Tip' is clicked on

2021-11-19 17:06:11 - [TEST_STEP][PASSED] - Method.TextDegerineEsitElementeTikla(findTestObject("Object Repository/Olusturma/Genel/TipSecilir/Tip_Adi"), Tip): Method.TextDegerineEsitElementeTikla is PASSED

2021-11-19 17:06:11 - [MESSAGE][INFO] - Finding Test Object 'Object Repository/Olusturma/Genel/TipSecilir/Tip_Adi'

2021-11-19 17:06:12 - [MESSAGE][INFO] - Checking timeout

2021-11-19 17:06:12 - [MESSAGE][INFO] - Finding web element with id: 'Object Repository/Olusturma/Genel/TipSecilir/Tip_Adi' located by 'By.cssSelector: #DocumentTypeCode_DDD_L_LBT td' in '10' second(s)

2021-11-19 17:06:12 - [MESSAGE][INFO] - Smart Wait Function is triggered

2021-11-19 17:06:12 - [MESSAGE][INFO] - Found 9 web elements with id: 'Object Repository/Olusturma/Genel/TipSecilir/Tip_Adi' located by 'By.cssSelector: #DocumentTypeCode_DDD_L_LBT td' in '10' second(s)

2021-11-19 17:06:12 - [MESSAGE][PASSED] - Method.TextDegerineEsitElementeTikla is PASSED

2021-11-19 17:06:12 - [MESSAGE][PASSED] - Call Test Case 'Test Cases/Olusturma/Genel/TipSecilir' successfully

2021-11-19 17:06:12 - [MESSAGE][INFO] - Checking called Test Case

2021-11-19 17:06:12 - [MESSAGE][INFO] - Starting to call Test Case 'Test Cases/Olusturma/Genel/DokumanParaBirimiSecilir'

2021-11-19 17:06:12 - [TEST_CASE][PASSED] - Test Cases/Olusturma/Genel/DokumanParaBirimiSecilir: Test Cases/Olusturma/Genel/DokumanParaBirimiSecilir

2021-11-19 17:06:12 - [TEST_STEP][PASSED] - waitForElementClickable(findTestObject("Object Repository/Olusturma/Genel/DokumanParaBirimiSecilir/Para"), 10): Object 'Object Repository/Olusturma/Genel/DokumanParaBirimiSecilir/Para' is clickable

2021-11-19 17:06:12 - [MESSAGE][INFO] - Finding Test Object 'Object Repository/Olusturma/Genel/DokumanParaBirimiSecilir/Para'

2021-11-19 17:06:12 - [MESSAGE][INFO] - Checking object

2021-11-19 17:06:12 - [MESSAGE][INFO] - Checking timeout

2021-11-19 17:06:12 - [MESSAGE][INFO] - Finding web element from Test Object's properties

2021-11-19 17:06:12 - [MESSAGE][INFO] - Checking timeout

2021-11-19 17:06:12 - [MESSAGE][INFO] - Finding web element with id: 'Object Repository/Olusturma/Genel/DokumanParaBirimiSecilir/Para' located by 'By.xpath: //*[@id = 'CurrencyUnit_I']' in '10' second(s)

2021-11-19 17:06:12 - [MESSAGE][INFO] - Smart Wait Function is triggered

2021-11-19 17:06:13 - [MESSAGE][INFO] - Found 1 web elements with id: 'Object Repository/Olusturma/Genel/DokumanParaBirimiSecilir/Para' located by 'By.xpath: //*[@id = 'CurrencyUnit_I']' in '10' second(s)

2021-11-19 17:06:13 - [MESSAGE][PASSED] - Object 'Object Repository/Olusturma/Genel/DokumanParaBirimiSecilir/Para' is clickable

2021-11-19 17:06:13 - [TEST_STEP][PASSED] - click(findTestObject("Object Repository/Olusturma/Genel/DokumanParaBirimiSecilir/Para")): Object: 'Object Repository/Olusturma/Genel/DokumanParaBirimiSecilir/Para' is clicked on

2021-11-19 17:06:13 - [MESSAGE][INFO] - Finding Test Object 'Object Repository/Olusturma/Genel/DokumanParaBirimiSecilir/Para'

2021-11-19 17:06:14 - [MESSAGE][INFO] - Checking object

2021-11-19 17:06:14 - [MESSAGE][INFO] - Finding web element from Test Object's properties

2021-11-19 17:06:14 - [MESSAGE][INFO] - Checking timeout

2021-11-19 17:06:14 - [MESSAGE][INFO] - Finding web element with id: 'Object Repository/Olusturma/Genel/DokumanParaBirimiSecilir/Para' located by 'By.xpath: //*[@id = 'CurrencyUnit_I']' in '30' second(s)

2021-11-19 17:06:14 - [MESSAGE][INFO] - Smart Wait Function is triggered

2021-11-19 17:06:14 - [MESSAGE][INFO] - Found 1 web elements with id: 'Object Repository/Olusturma/Genel/DokumanParaBirimiSecilir/Para' located by 'By.xpath: //*[@id = 'CurrencyUnit_I']' in '30' second(s)

2021-11-19 17:06:14 - [MESSAGE][INFO] - Clicking on object: 'Object Repository/Olusturma/Genel/DokumanParaBirimiSecilir/Para'

2021-11-19 17:06:14 - [MESSAGE][PASSED] - Object: 'Object Repository/Olusturma/Genel/DokumanParaBirimiSecilir/Para' is clicked on

2021-11-19 17:06:14 - [TEST_STEP][PASSED] - Method.TextDegerineEsitElementeTikla(findTestObject("Object Repository/Olusturma/Genel/DokumanParaBirimiSecilir/Para_Adi"), Para): Method.TextDegerineEsitElementeTikla is PASSED

2021-11-19 17:06:14 - [MESSAGE][INFO] - Finding Test Object 'Object Repository/Olusturma/Genel/DokumanParaBirimiSecilir/Para_Adi'

2021-11-19 17:06:14 - [MESSAGE][INFO] - Checking timeout

2021-11-19 17:06:14 - [MESSAGE][INFO] - Finding web element with id: 'Object Repository/Olusturma/Genel/DokumanParaBirimiSecilir/Para_Adi' located by 'By.cssSelector: #CurrencyUnit_DDD_L_LBT td' in '10' second(s)

2021-11-19 17:06:14 - [MESSAGE][INFO] - Smart Wait Function is triggered

2021-11-19 17:06:15 - [MESSAGE][INFO] - Found 203 web elements with id: 'Object Repository/Olusturma/Genel/DokumanParaBirimiSecilir/Para_Adi' located by 'By.cssSelector: #CurrencyUnit_DDD_L_LBT td' in '10' second(s)

2021-11-19 17:06:19 - [MESSAGE][PASSED] - Method.TextDegerineEsitElementeTikla is PASSED

2021-11-19 17:06:19 - [MESSAGE][PASSED] - Call Test Case 'Test Cases/Olusturma/Genel/DokumanParaBirimiSecilir' successfully

2021-11-19 17:06:19 - [MESSAGE][INFO] - Checking called Test Case

2021-11-19 17:06:19 - [MESSAGE][INFO] - Starting to call Test Case 'Test Cases/Olusturma/Genel/OnEkSecilir'

2021-11-19 17:06:19 - [TEST_CASE][PASSED] - Test Cases/Olusturma/Genel/OnEkSecilir: Test Cases/Olusturma/Genel/OnEkSecilir

2021-11-19 17:06:19 - [TEST_STEP][PASSED] - waitForElementClickable(findTestObject("Object Repository/Olusturma/Genel/OnEkSecilir/OnEk"), 10): Object 'Object Repository/Olusturma/Genel/OnEkSecilir/OnEk' is clickable

2021-11-19 17:06:19 - [MESSAGE][INFO] - Finding Test Object 'Object Repository/Olusturma/Genel/OnEkSecilir/OnEk'

2021-11-19 17:06:19 - [MESSAGE][INFO] - Checking object

2021-11-19 17:06:19 - [MESSAGE][INFO] - Checking timeout

2021-11-19 17:06:19 - [MESSAGE][INFO] - Finding web element from Test Object's properties

2021-11-19 17:06:19 - [MESSAGE][INFO] - Checking timeout

2021-11-19 17:06:19 - [MESSAGE][INFO] - Finding web element with id: 'Object Repository/Olusturma/Genel/OnEkSecilir/OnEk' located by 'By.xpath: //*[@id = 'InvoicePrefix_I']' in '10' second(s)

2021-11-19 17:06:19 - [MESSAGE][INFO] - Smart Wait Function is triggered

2021-11-19 17:06:19 - [MESSAGE][INFO] - Found 1 web elements with id: 'Object Repository/Olusturma/Genel/OnEkSecilir/OnEk' located by 'By.xpath: //*[@id = 'InvoicePrefix_I']' in '10' second(s)

2021-11-19 17:06:19 - [MESSAGE][PASSED] - Object 'Object Repository/Olusturma/Genel/OnEkSecilir/OnEk' is clickable

2021-11-19 17:06:19 - [TEST_STEP][PASSED] - click(findTestObject("Object Repository/Olusturma/Genel/OnEkSecilir/OnEk")): Object: 'Object Repository/Olusturma/Genel/OnEkSecilir/OnEk' is clicked on

2021-11-19 17:06:19 - [MESSAGE][INFO] - Finding Test Object 'Object Repository/Olusturma/Genel/OnEkSecilir/OnEk'

2021-11-19 17:06:19 - [MESSAGE][INFO] - Checking object

2021-11-19 17:06:19 - [MESSAGE][INFO] - Finding web element from Test Object's properties

2021-11-19 17:06:19 - [MESSAGE][INFO] - Checking timeout

2021-11-19 17:06:19 - [MESSAGE][INFO] - Finding web element with id: 'Object Repository/Olusturma/Genel/OnEkSecilir/OnEk' located by 'By.xpath: //*[@id = 'InvoicePrefix_I']' in '30' second(s)

2021-11-19 17:06:19 - [MESSAGE][INFO] - Smart Wait Function is triggered

2021-11-19 17:06:20 - [MESSAGE][INFO] - Found 1 web elements with id: 'Object Repository/Olusturma/Genel/OnEkSecilir/OnEk' located by 'By.xpath: //*[@id = 'InvoicePrefix_I']' in '30' second(s)

2021-11-19 17:06:20 - [MESSAGE][INFO] - Clicking on object: 'Object Repository/Olusturma/Genel/OnEkSecilir/OnEk'

2021-11-19 17:06:20 - [MESSAGE][PASSED] - Object: 'Object Repository/Olusturma/Genel/OnEkSecilir/OnEk' is clicked on

2021-11-19 17:06:20 - [TEST_STEP][PASSED] - Method.TextDegerineEsitElementeTiklaEquals(findTestObject("Object Repository/Olusturma/Genel/OnEkSecilir/OnEkAdi"), Ek): Method.TextDegerineEsitElementeTiklaEquals is PASSED

2021-11-19 17:06:20 - [MESSAGE][INFO] - Finding Test Object 'Object Repository/Olusturma/Genel/OnEkSecilir/OnEkAdi'

2021-11-19 17:06:20 - [MESSAGE][INFO] - Checking timeout

2021-11-19 17:06:20 - [MESSAGE][INFO] - Finding web element with id: 'Object Repository/Olusturma/Genel/OnEkSecilir/OnEkAdi' located by 'By.cssSelector: #InvoicePrefix_DDD_L_LBT td' in '10' second(s)

2021-11-19 17:06:20 - [MESSAGE][INFO] - Smart Wait Function is triggered

2021-11-19 17:06:20 - [MESSAGE][INFO] - Found 1 web elements with id: 'Object Repository/Olusturma/Genel/OnEkSecilir/OnEkAdi' located by 'By.cssSelector: #InvoicePrefix_DDD_L_LBT td' in '10' second(s)

2021-11-19 17:06:20 - [MESSAGE][PASSED] - Method.TextDegerineEsitElementeTiklaEquals is PASSED

2021-11-19 17:06:20 - [MESSAGE][PASSED] - Call Test Case 'Test Cases/Olusturma/Genel/OnEkSecilir' successfully

2021-11-19 17:06:20 - [MESSAGE][INFO] - Checking called Test Case

2021-11-19 17:06:20 - [MESSAGE][INFO] - Starting to call Test Case 'Test Cases/Olusturma/Genel/TasarimSecilir'

2021-11-19 17:06:20 - [TEST_CASE][PASSED] - Test Cases/Olusturma/Genel/TasarimSecilir: Test Cases/Olusturma/Genel/TasarimSecilir

2021-11-19 17:06:20 - [TEST_STEP][PASSED] - waitForElementClickable(findTestObject("Object Repository/Olusturma/Genel/TasarimSecilir/Tasarim"), 10): Object 'Object Repository/Olusturma/Genel/TasarimSecilir/Tasarim' is clickable

2021-11-19 17:06:20 - [MESSAGE][INFO] - Finding Test Object 'Object Repository/Olusturma/Genel/TasarimSecilir/Tasarim'

2021-11-19 17:06:21 - [MESSAGE][INFO] - Checking object

2021-11-19 17:06:21 - [MESSAGE][INFO] - Checking timeout

2021-11-19 17:06:21 - [MESSAGE][INFO] - Finding web element from Test Object's properties

2021-11-19 17:06:21 - [MESSAGE][INFO] - Checking timeout

2021-11-19 17:06:21 - [MESSAGE][INFO] - Finding web element with id: 'Object Repository/Olusturma/Genel/TasarimSecilir/Tasarim' located by 'By.xpath: //*[@id = 'DesignId_I']' in '10' second(s)

2021-11-19 17:06:21 - [MESSAGE][INFO] - Smart Wait Function is triggered

2021-11-19 17:06:21 - [MESSAGE][INFO] - Found 1 web elements with id: 'Object Repository/Olusturma/Genel/TasarimSecilir/Tasarim' located by 'By.xpath: //*[@id = 'DesignId_I']' in '10' second(s)

2021-11-19 17:06:21 - [MESSAGE][PASSED] - Object 'Object Repository/Olusturma/Genel/TasarimSecilir/Tasarim' is clickable

2021-11-19 17:06:21 - [TEST_STEP][PASSED] - click(findTestObject("Object Repository/Olusturma/Genel/TasarimSecilir/Tasarim")): Object: 'Object Repository/Olusturma/Genel/TasarimSecilir/Tasarim' is clicked on

2021-11-19 17:06:21 - [MESSAGE][INFO] - Finding Test Object 'Object Repository/Olusturma/Genel/TasarimSecilir/Tasarim'

2021-11-19 17:06:21 - [MESSAGE][INFO] - Checking object

2021-11-19 17:06:21 - [MESSAGE][INFO] - Finding web element from Test Object's properties

2021-11-19 17:06:21 - [MESSAGE][INFO] - Checking timeout

2021-11-19 17:06:21 - [MESSAGE][INFO] - Finding web element with id: 'Object Repository/Olusturma/Genel/TasarimSecilir/Tasarim' located by 'By.xpath: //*[@id = 'DesignId_I']' in '30' second(s)

2021-11-19 17:06:21 - [MESSAGE][INFO] - Smart Wait Function is triggered

2021-11-19 17:06:21 - [MESSAGE][INFO] - Found 1 web elements with id: 'Object Repository/Olusturma/Genel/TasarimSecilir/Tasarim' located by 'By.xpath: //*[@id = 'DesignId_I']' in '30' second(s)

2021-11-19 17:06:21 - [MESSAGE][INFO] - Clicking on object: 'Object Repository/Olusturma/Genel/TasarimSecilir/Tasarim'

2021-11-19 17:06:21 - [MESSAGE][PASSED] - Object: 'Object Repository/Olusturma/Genel/TasarimSecilir/Tasarim' is clicked on

2021-11-19 17:06:21 - [TEST_STEP][PASSED] - Method.TextDegerineEsitElementeTikla(findTestObject("Object Repository/Olusturma/Genel/TasarimSecilir/Tasarim_Adi"), Tasarim): Method.TextDegerineEsitElementeTikla is PASSED

2021-11-19 17:06:21 - [MESSAGE][INFO] - Finding Test Object 'Object Repository/Olusturma/Genel/TasarimSecilir/Tasarim_Adi'

2021-11-19 17:06:21 - [MESSAGE][INFO] - Checking timeout

2021-11-19 17:06:21 - [MESSAGE][INFO] - Finding web element with id: 'Object Repository/Olusturma/Genel/TasarimSecilir/Tasarim_Adi' located by 'By.cssSelector: #DesignId_DDD_L_LBT td' in '10' second(s)

2021-11-19 17:06:21 - [MESSAGE][INFO] - Smart Wait Function is triggered

2021-11-19 17:06:22 - [MESSAGE][INFO] - Found 1 web elements with id: 'Object Repository/Olusturma/Genel/TasarimSecilir/Tasarim_Adi' located by 'By.cssSelector: #DesignId_DDD_L_LBT td' in '10' second(s)

2021-11-19 17:06:22 - [MESSAGE][PASSED] - Method.TextDegerineEsitElementeTikla is PASSED

2021-11-19 17:06:22 - [MESSAGE][PASSED] - Call Test Case 'Test Cases/Olusturma/Genel/TasarimSecilir' successfully

2021-11-19 17:06:22 - [MESSAGE][INFO] - Checking called Test Case

2021-11-19 17:06:22 - [MESSAGE][INFO] - Starting to call Test Case 'Test Cases/Olusturma/Genel/Kutular/SiparisBilgileriGirilir'

2021-11-19 17:06:22 - [TEST_CASE][PASSED] - Test Cases/Olusturma/Genel/Kutular/SiparisBilgileriGirilir: Test Cases/Olusturma/Genel/Kutular/SiparisBilgileriGirilir

2021-11-19 17:06:22 - [TEST_STEP][PASSED] - Method.TextDegerineEsitElementeTikla(findTestObject("Olusturma/Genel/Kutular/KapaliKutular"), "Sipariş Bilgileri"): Method.TextDegerineEsitElementeTikla is PASSED

2021-11-19 17:06:22 - [MESSAGE][INFO] - Finding Test Object 'Object Repository/Olusturma/Genel/Kutular/KapaliKutular'

2021-11-19 17:06:22 - [MESSAGE][INFO] - Checking timeout

2021-11-19 17:06:22 - [MESSAGE][INFO] - Finding web element with id: 'Object Repository/Olusturma/Genel/Kutular/KapaliKutular' located by 'By.cssSelector: .dxnb-headerCollapsed>span' in '10' second(s)

2021-11-19 17:06:22 - [MESSAGE][INFO] - Smart Wait Function is triggered

2021-11-19 17:06:22 - [MESSAGE][INFO] - Found 8 web elements with id: 'Object Repository/Olusturma/Genel/Kutular/KapaliKutular' located by 'By.cssSelector: .dxnb-headerCollapsed>span' in '10' second(s)

2021-11-19 17:06:22 - [MESSAGE][PASSED] - Method.TextDegerineEsitElementeTikla is PASSED

2021-11-19 17:06:22 - [TEST_STEP][PASSED] - waitForElementPresent(findTestObject("Object Repository/Olusturma/Genel/Kutular/SiparisBilgileri/SiparisNo"), 10): Object 'Object Repository/Olusturma/Genel/Kutular/SiparisBilgileri/SiparisNo' is present

2021-11-19 17:06:22 - [MESSAGE][INFO] - Finding Test Object 'Object Repository/Olusturma/Genel/Kutular/SiparisBilgileri/SiparisNo'

2021-11-19 17:06:23 - [MESSAGE][INFO] - Checking object

2021-11-19 17:06:23 - [MESSAGE][INFO] - Finding web element from Test Object's properties

2021-11-19 17:06:23 - [MESSAGE][INFO] - Checking timeout

2021-11-19 17:06:23 - [MESSAGE][INFO] - Finding web element with id: 'Object Repository/Olusturma/Genel/Kutular/SiparisBilgileri/SiparisNo' located by 'By.xpath: //*[@id = 'txtSiparisNo_I']' in '10' second(s)

2021-11-19 17:06:23 - [MESSAGE][INFO] - Smart Wait Function is triggered

2021-11-19 17:06:23 - [MESSAGE][INFO] - Found 1 web elements with id: 'Object Repository/Olusturma/Genel/Kutular/SiparisBilgileri/SiparisNo' located by 'By.xpath: //*[@id = 'txtSiparisNo_I']' in '10' second(s)

2021-11-19 17:06:23 - [MESSAGE][PASSED] - Object 'Object Repository/Olusturma/Genel/Kutular/SiparisBilgileri/SiparisNo' is present

2021-11-19 17:06:23 - [TEST_STEP][PASSED] - clearText(findTestObject("Object Repository/Olusturma/Genel/Kutular/SiparisBilgileri/SiparisNo")): Text of object 'Object Repository/Olusturma/Genel/Kutular/SiparisBilgileri/SiparisNo' is cleared

2021-11-19 17:06:23 - [MESSAGE][INFO] - Finding Test Object 'Object Repository/Olusturma/Genel/Kutular/SiparisBilgileri/SiparisNo'

2021-11-19 17:06:23 - [MESSAGE][INFO] - Checking object

2021-11-19 17:06:23 - [MESSAGE][INFO] - Finding web element from Test Object's properties

2021-11-19 17:06:23 - [MESSAGE][INFO] - Checking timeout

2021-11-19 17:06:23 - [MESSAGE][INFO] - Finding web element with id: 'Object Repository/Olusturma/Genel/Kutular/SiparisBilgileri/SiparisNo' located by 'By.xpath: //*[@id = 'txtSiparisNo_I']' in '30' second(s)

2021-11-19 17:06:23 - [MESSAGE][INFO] - Smart Wait Function is triggered

2021-11-19 17:06:23 - [MESSAGE][INFO] - Found 1 web elements with id: 'Object Repository/Olusturma/Genel/Kutular/SiparisBilgileri/SiparisNo' located by 'By.xpath: //*[@id = 'txtSiparisNo_I']' in '30' second(s)

2021-11-19 17:06:23 - [MESSAGE][INFO] - Clearing text of object 'Object Repository/Olusturma/Genel/Kutular/SiparisBilgileri/SiparisNo'

2021-11-19 17:06:23 - [MESSAGE][PASSED] - Text of object 'Object Repository/Olusturma/Genel/Kutular/SiparisBilgileri/SiparisNo' is cleared

2021-11-19 17:06:23 - [TEST_STEP][PASSED] - sendKeys(findTestObject("Object Repository/Olusturma/Genel/Kutular/SiparisBilgileri/SiparisNo"), SiparisNo): Keys 'UUC-SAT-1200001' sent to object: 'Object Repository/Olusturma/Genel/Kutular/SiparisBilgileri/SiparisNo'

2021-11-19 17:06:23 - [MESSAGE][INFO] - Finding Test Object 'Object Repository/Olusturma/Genel/Kutular/SiparisBilgileri/SiparisNo'

2021-11-19 17:06:23 - [MESSAGE][INFO] - Sending keys 'UUC-SAT-1200001' to object: 'Object Repository/Olusturma/Genel/Kutular/SiparisBilgileri/SiparisNo'

2021-11-19 17:06:23 - [MESSAGE][INFO] - Finding web element from Test Object's properties

2021-11-19 17:06:23 - [MESSAGE][INFO] - Checking timeout

2021-11-19 17:06:23 - [MESSAGE][INFO] - Finding web element with id: 'Object Repository/Olusturma/Genel/Kutular/SiparisBilgileri/SiparisNo' located by 'By.xpath: //*[@id = 'txtSiparisNo_I']' in '30' second(s)

2021-11-19 17:06:23 - [MESSAGE][INFO] - Smart Wait Function is triggered

2021-11-19 17:06:24 - [MESSAGE][INFO] - Found 1 web elements with id: 'Object Repository/Olusturma/Genel/Kutular/SiparisBilgileri/SiparisNo' located by 'By.xpath: //*[@id = 'txtSiparisNo_I']' in '30' second(s)

2021-11-19 17:06:24 - [MESSAGE][PASSED] - Keys 'UUC-SAT-1200001' sent to object: 'Object Repository/Olusturma/Genel/Kutular/SiparisBilgileri/SiparisNo'

2021-11-19 17:06:24 - [TEST_STEP][PASSED] - waitForElementClickable(findTestObject("Object Repository/Olusturma/Genel/Kutular/SiparisBilgileri/SiparisTarihiImage"), 10): Object 'Object Repository/Olusturma/Genel/Kutular/SiparisBilgileri/SiparisTarihiImage' is clickable

2021-11-19 17:06:24 - [MESSAGE][INFO] - Finding Test Object 'Object Repository/Olusturma/Genel/Kutular/SiparisBilgileri/SiparisTarihiImage'

2021-11-19 17:06:24 - [MESSAGE][INFO] - Checking object

2021-11-19 17:06:24 - [MESSAGE][INFO] - Checking timeout

2021-11-19 17:06:24 - [MESSAGE][INFO] - Finding web element from Test Object's properties

2021-11-19 17:06:24 - [MESSAGE][INFO] - Checking timeout

2021-11-19 17:06:24 - [MESSAGE][INFO] - Finding web element with id: 'Object Repository/Olusturma/Genel/Kutular/SiparisBilgileri/SiparisTarihiImage' located by 'By.cssSelector: #dateSiparisTarih img' in '10' second(s)

2021-11-19 17:06:24 - [MESSAGE][INFO] - Smart Wait Function is triggered

2021-11-19 17:06:24 - [MESSAGE][INFO] - Found 1 web elements with id: 'Object Repository/Olusturma/Genel/Kutular/SiparisBilgileri/SiparisTarihiImage' located by 'By.cssSelector: #dateSiparisTarih img' in '10' second(s)

2021-11-19 17:06:24 - [MESSAGE][PASSED] - Object 'Object Repository/Olusturma/Genel/Kutular/SiparisBilgileri/SiparisTarihiImage' is clickable

2021-11-19 17:06:24 - [TEST_STEP][PASSED] - click(findTestObject("Object Repository/Olusturma/Genel/Kutular/SiparisBilgileri/SiparisTarihiImage")): Object: 'Object Repository/Olusturma/Genel/Kutular/SiparisBilgileri/SiparisTarihiImage' is clicked on

2021-11-19 17:06:24 - [MESSAGE][INFO] - Finding Test Object 'Object Repository/Olusturma/Genel/Kutular/SiparisBilgileri/SiparisTarihiImage'

2021-11-19 17:06:24 - [MESSAGE][INFO] - Checking object

2021-11-19 17:06:24 - [MESSAGE][INFO] - Finding web element from Test Object's properties

2021-11-19 17:06:24 - [MESSAGE][INFO] - Checking timeout

2021-11-19 17:06:24 - [MESSAGE][INFO] - Finding web element with id: 'Object Repository/Olusturma/Genel/Kutular/SiparisBilgileri/SiparisTarihiImage' located by 'By.cssSelector: #dateSiparisTarih img' in '30' second(s)

2021-11-19 17:06:24 - [MESSAGE][INFO] - Smart Wait Function is triggered

2021-11-19 17:06:25 - [MESSAGE][INFO] - Found 1 web elements with id: 'Object Repository/Olusturma/Genel/Kutular/SiparisBilgileri/SiparisTarihiImage' located by 'By.cssSelector: #dateSiparisTarih img' in '30' second(s)

2021-11-19 17:06:25 - [MESSAGE][INFO] - Clicking on object: 'Object Repository/Olusturma/Genel/Kutular/SiparisBilgileri/SiparisTarihiImage'

2021-11-19 17:06:25 - [MESSAGE][PASSED] - Object: 'Object Repository/Olusturma/Genel/Kutular/SiparisBilgileri/SiparisTarihiImage' is clicked on

2021-11-19 17:06:25 - [TEST_STEP][PASSED] - waitForElementPresent(findTestObject("Object Repository/Olusturma/Genel/Kutular/SiparisBilgileri/SiparisTarihi"), 10): Object 'Object Repository/Olusturma/Genel/Kutular/SiparisBilgileri/SiparisTarihi' is present

2021-11-19 17:06:25 - [MESSAGE][INFO] - Finding Test Object 'Object Repository/Olusturma/Genel/Kutular/SiparisBilgileri/SiparisTarihi'

2021-11-19 17:06:25 - [MESSAGE][INFO] - Checking object

2021-11-19 17:06:25 - [MESSAGE][INFO] - Finding web element from Test Object's properties

2021-11-19 17:06:25 - [MESSAGE][INFO] - Checking timeout

2021-11-19 17:06:25 - [MESSAGE][INFO] - Finding web element with id: 'Object Repository/Olusturma/Genel/Kutular/SiparisBilgileri/SiparisTarihi' located by 'By.xpath: //*[@id = 'dateSiparisTarih_I']' in '10' second(s)

2021-11-19 17:06:25 - [MESSAGE][INFO] - Smart Wait Function is triggered

2021-11-19 17:06:25 - [MESSAGE][INFO] - Found 1 web elements with id: 'Object Repository/Olusturma/Genel/Kutular/SiparisBilgileri/SiparisTarihi' located by 'By.xpath: //*[@id = 'dateSiparisTarih_I']' in '10' second(s)

2021-11-19 17:06:25 - [MESSAGE][PASSED] - Object 'Object Repository/Olusturma/Genel/Kutular/SiparisBilgileri/SiparisTarihi' is present

2021-11-19 17:06:25 - [TEST_STEP][PASSED] - clearText(findTestObject("Object Repository/Olusturma/Genel/Kutular/SiparisBilgileri/SiparisTarihi")): Text of object 'Object Repository/Olusturma/Genel/Kutular/SiparisBilgileri/SiparisTarihi' is cleared

2021-11-19 17:06:25 - [MESSAGE][INFO] - Finding Test Object 'Object Repository/Olusturma/Genel/Kutular/SiparisBilgileri/SiparisTarihi'

2021-11-19 17:06:26 - [MESSAGE][INFO] - Checking object

2021-11-19 17:06:26 - [MESSAGE][INFO] - Finding web element from Test Object's properties

2021-11-19 17:06:26 - [MESSAGE][INFO] - Checking timeout

2021-11-19 17:06:26 - [MESSAGE][INFO] - Finding web element with id: 'Object Repository/Olusturma/Genel/Kutular/SiparisBilgileri/SiparisTarihi' located by 'By.xpath: //*[@id = 'dateSiparisTarih_I']' in '30' second(s)

2021-11-19 17:06:26 - [MESSAGE][INFO] - Smart Wait Function is triggered

2021-11-19 17:06:26 - [MESSAGE][INFO] - Found 1 web elements with id: 'Object Repository/Olusturma/Genel/Kutular/SiparisBilgileri/SiparisTarihi' located by 'By.xpath: //*[@id = 'dateSiparisTarih_I']' in '30' second(s)

2021-11-19 17:06:26 - [MESSAGE][INFO] - Clearing text of object 'Object Repository/Olusturma/Genel/Kutular/SiparisBilgileri/SiparisTarihi'

2021-11-19 17:06:26 - [MESSAGE][PASSED] - Text of object 'Object Repository/Olusturma/Genel/Kutular/SiparisBilgileri/SiparisTarihi' is cleared

2021-11-19 17:06:26 - [TEST_STEP][PASSED] - sendKeys(findTestObject("Object Repository/Olusturma/Genel/Kutular/SiparisBilgileri/SiparisTarihi"), Tarih): Keys '31.04.2020' sent to object: 'Object Repository/Olusturma/Genel/Kutular/SiparisBilgileri/SiparisTarihi'

2021-11-19 17:06:26 - [MESSAGE][INFO] - Finding Test Object 'Object Repository/Olusturma/Genel/Kutular/SiparisBilgileri/SiparisTarihi'

2021-11-19 17:06:26 - [MESSAGE][INFO] - Sending keys '31.04.2020' to object: 'Object Repository/Olusturma/Genel/Kutular/SiparisBilgileri/SiparisTarihi'

2021-11-19 17:06:26 - [MESSAGE][INFO] - Finding web element from Test Object's properties

2021-11-19 17:06:26 - [MESSAGE][INFO] - Checking timeout

2021-11-19 17:06:26 - [MESSAGE][INFO] - Finding web element with id: 'Object Repository/Olusturma/Genel/Kutular/SiparisBilgileri/SiparisTarihi' located by 'By.xpath: //*[@id = 'dateSiparisTarih_I']' in '30' second(s)

2021-11-19 17:06:26 - [MESSAGE][INFO] - Smart Wait Function is triggered

2021-11-19 17:06:26 - [MESSAGE][INFO] - Found 1 web elements with id: 'Object Repository/Olusturma/Genel/Kutular/SiparisBilgileri/SiparisTarihi' located by 'By.xpath: //*[@id = 'dateSiparisTarih_I']' in '30' second(s)

2021-11-19 17:06:27 - [MESSAGE][PASSED] - Keys '31.04.2020' sent to object: 'Object Repository/Olusturma/Genel/Kutular/SiparisBilgileri/SiparisTarihi'

2021-11-19 17:06:27 - [MESSAGE][PASSED] - Call Test Case 'Test Cases/Olusturma/Genel/Kutular/SiparisBilgileriGirilir' successfully

2021-11-19 17:06:27 - [MESSAGE][INFO] - Checking called Test Case

2021-11-19 17:06:27 - [MESSAGE][INFO] - Starting to call Test Case 'Test Cases/Olusturma/Genel/Kutular/IrsaliyeBilgileri'

2021-11-19 17:06:27 - [TEST_CASE][PASSED] - Test Cases/Olusturma/Genel/Kutular/IrsaliyeBilgileri: Test Cases/Olusturma/Genel/Kutular/IrsaliyeBilgileri

2021-11-19 17:06:27 - [TEST_STEP][PASSED] - Method.TextDegerineEsitElementeTikla(findTestObject("Olusturma/Genel/Kutular/KapaliKutular"), "İrsaliye Bilgileri"): Method.TextDegerineEsitElementeTikla is PASSED

2021-11-19 17:06:27 - [MESSAGE][INFO] - Finding Test Object 'Object Repository/Olusturma/Genel/Kutular/KapaliKutular'

2021-11-19 17:06:27 - [MESSAGE][INFO] - Checking timeout

2021-11-19 17:06:27 - [MESSAGE][INFO] - Finding web element with id: 'Object Repository/Olusturma/Genel/Kutular/KapaliKutular' located by 'By.cssSelector: .dxnb-headerCollapsed>span' in '10' second(s)

2021-11-19 17:06:27 - [MESSAGE][INFO] - Smart Wait Function is triggered

2021-11-19 17:06:27 - [MESSAGE][INFO] - Found 8 web elements with id: 'Object Repository/Olusturma/Genel/Kutular/KapaliKutular' located by 'By.cssSelector: .dxnb-headerCollapsed>span' in '10' second(s)

2021-11-19 17:06:27 - [MESSAGE][PASSED] - Method.TextDegerineEsitElementeTikla is PASSED

2021-11-19 17:06:27 - [TEST_STEP][PASSED] - waitForElementClickable(findTestObject("Olusturma/Genel/Kutular/IrsaliyeBilgileri/Ekle"), 10): Object 'Object Repository/Olusturma/Genel/Kutular/IrsaliyeBilgileri/Ekle' is clickable

2021-11-19 17:06:27 - [MESSAGE][INFO] - Finding Test Object 'Object Repository/Olusturma/Genel/Kutular/IrsaliyeBilgileri/Ekle'

2021-11-19 17:06:27 - [MESSAGE][INFO] - Checking object

2021-11-19 17:06:27 - [MESSAGE][INFO] - Checking timeout

2021-11-19 17:06:27 - [MESSAGE][INFO] - Finding web element from Test Object's properties

2021-11-19 17:06:27 - [MESSAGE][INFO] - Checking timeout

2021-11-19 17:06:27 - [MESSAGE][INFO] - Finding web element with id: 'Object Repository/Olusturma/Genel/Kutular/IrsaliyeBilgileri/Ekle' located by 'By.xpath: //*[@id = 'DXEditorgvUserInvoiceBillsNewRowBtn']' in '10' second(s)

2021-11-19 17:06:27 - [MESSAGE][INFO] - Smart Wait Function is triggered

2021-11-19 17:06:28 - [MESSAGE][INFO] - Found 1 web elements with id: 'Object Repository/Olusturma/Genel/Kutular/IrsaliyeBilgileri/Ekle' located by 'By.xpath: //*[@id = 'DXEditorgvUserInvoiceBillsNewRowBtn']' in '10' second(s)

2021-11-19 17:06:28 - [MESSAGE][PASSED] - Object 'Object Repository/Olusturma/Genel/Kutular/IrsaliyeBilgileri/Ekle' is clickable

2021-11-19 17:06:28 - [TEST_STEP][PASSED] - click(findTestObject("Olusturma/Genel/Kutular/IrsaliyeBilgileri/Ekle")): Object: 'Object Repository/Olusturma/Genel/Kutular/IrsaliyeBilgileri/Ekle' is clicked on

2021-11-19 17:06:28 - [MESSAGE][INFO] - Finding Test Object 'Object Repository/Olusturma/Genel/Kutular/IrsaliyeBilgileri/Ekle'

2021-11-19 17:06:28 - [MESSAGE][INFO] - Checking object

2021-11-19 17:06:28 - [MESSAGE][INFO] - Finding web element from Test Object's properties

2021-11-19 17:06:28 - [MESSAGE][INFO] - Checking timeout

2021-11-19 17:06:28 - [MESSAGE][INFO] - Finding web element with id: 'Object Repository/Olusturma/Genel/Kutular/IrsaliyeBilgileri/Ekle' located by 'By.xpath: //*[@id = 'DXEditorgvUserInvoiceBillsNewRowBtn']' in '30' second(s)

2021-11-19 17:06:28 - [MESSAGE][INFO] - Smart Wait Function is triggered

2021-11-19 17:06:28 - [MESSAGE][INFO] - Found 1 web elements with id: 'Object Repository/Olusturma/Genel/Kutular/IrsaliyeBilgileri/Ekle' located by 'By.xpath: //*[@id = 'DXEditorgvUserInvoiceBillsNewRowBtn']' in '30' second(s)

2021-11-19 17:06:28 - [MESSAGE][INFO] - Clicking on object: 'Object Repository/Olusturma/Genel/Kutular/IrsaliyeBilgileri/Ekle'

2021-11-19 17:06:28 - [MESSAGE][PASSED] - Object: 'Object Repository/Olusturma/Genel/Kutular/IrsaliyeBilgileri/Ekle' is clicked on

2021-11-19 17:06:28 - [TEST_STEP][PASSED] - waitForElementPresent(findTestObject("Object Repository/Olusturma/Genel/Kutular/IrsaliyeBilgileri/IrsaliyeNumarasi"), 10): Object 'Object Repository/Olusturma/Genel/Kutular/IrsaliyeBilgileri/IrsaliyeNumarasi' is present

2021-11-19 17:06:28 - [MESSAGE][INFO] - Finding Test Object 'Object Repository/Olusturma/Genel/Kutular/IrsaliyeBilgileri/IrsaliyeNumarasi'

2021-11-19 17:06:28 - [MESSAGE][INFO] - Checking object

2021-11-19 17:06:28 - [MESSAGE][INFO] - Finding web element from Test Object's properties

2021-11-19 17:06:28 - [MESSAGE][INFO] - Checking timeout

2021-11-19 17:06:28 - [MESSAGE][INFO] - Finding web element with id: 'Object Repository/Olusturma/Genel/Kutular/IrsaliyeBilgileri/IrsaliyeNumarasi' located by 'By.xpath: //*[@id = 'gvUserInvoiceBills_DXEditor1_I']' in '10' second(s)

2021-11-19 17:06:28 - [MESSAGE][INFO] - Smart Wait Function is triggered

2021-11-19 17:06:28 - [MESSAGE][INFO] - Smart Wait Function is triggered

2021-11-19 17:06:29 - [MESSAGE][INFO] - Found 1 web elements with id: 'Object Repository/Olusturma/Genel/Kutular/IrsaliyeBilgileri/IrsaliyeNumarasi' located by 'By.xpath: //*[@id = 'gvUserInvoiceBills_DXEditor1_I']' in '10' second(s)

2021-11-19 17:06:29 - [MESSAGE][PASSED] - Object 'Object Repository/Olusturma/Genel/Kutular/IrsaliyeBilgileri/IrsaliyeNumarasi' is present

2021-11-19 17:06:29 - [TEST_STEP][PASSED] - clearText(findTestObject("Object Repository/Olusturma/Genel/Kutular/IrsaliyeBilgileri/IrsaliyeNumarasi")): Text of object 'Object Repository/Olusturma/Genel/Kutular/IrsaliyeBilgileri/IrsaliyeNumarasi' is cleared

2021-11-19 17:06:29 - [MESSAGE][INFO] - Finding Test Object 'Object Repository/Olusturma/Genel/Kutular/IrsaliyeBilgileri/IrsaliyeNumarasi'

2021-11-19 17:06:29 - [MESSAGE][INFO] - Checking object

2021-11-19 17:06:29 - [MESSAGE][INFO] - Finding web element from Test Object's properties

2021-11-19 17:06:29 - [MESSAGE][INFO] - Checking timeout

2021-11-19 17:06:29 - [MESSAGE][INFO] - Finding web element with id: 'Object Repository/Olusturma/Genel/Kutular/IrsaliyeBilgileri/IrsaliyeNumarasi' located by 'By.xpath: //*[@id = 'gvUserInvoiceBills_DXEditor1_I']' in '30' second(s)

2021-11-19 17:06:29 - [MESSAGE][INFO] - Smart Wait Function is triggered

2021-11-19 17:06:30 - [MESSAGE][INFO] - Found 1 web elements with id: 'Object Repository/Olusturma/Genel/Kutular/IrsaliyeBilgileri/IrsaliyeNumarasi' located by 'By.xpath: //*[@id = 'gvUserInvoiceBills_DXEditor1_I']' in '30' second(s)

2021-11-19 17:06:30 - [MESSAGE][INFO] - Clearing text of object 'Object Repository/Olusturma/Genel/Kutular/IrsaliyeBilgileri/IrsaliyeNumarasi'

2021-11-19 17:06:30 - [MESSAGE][PASSED] - Text of object 'Object Repository/Olusturma/Genel/Kutular/IrsaliyeBilgileri/IrsaliyeNumarasi' is cleared

2021-11-19 17:06:30 - [TEST_STEP][PASSED] - sendKeys(findTestObject("Object Repository/Olusturma/Genel/Kutular/IrsaliyeBilgileri/IrsaliyeNumarasi"), Numara): Keys 'AAAAAAAAAA' sent to object: 'Object Repository/Olusturma/Genel/Kutular/IrsaliyeBilgileri/IrsaliyeNumarasi'

2021-11-19 17:06:30 - [MESSAGE][INFO] - Finding Test Object 'Object Repository/Olusturma/Genel/Kutular/IrsaliyeBilgileri/IrsaliyeNumarasi'

2021-11-19 17:06:30 - [MESSAGE][INFO] - Sending keys 'AAAAAAAAAA' to object: 'Object Repository/Olusturma/Genel/Kutular/IrsaliyeBilgileri/IrsaliyeNumarasi'

2021-11-19 17:06:30 - [MESSAGE][INFO] - Finding web element from Test Object's properties

2021-11-19 17:06:30 - [MESSAGE][INFO] - Checking timeout

2021-11-19 17:06:30 - [MESSAGE][INFO] - Finding web element with id: 'Object Repository/Olusturma/Genel/Kutular/IrsaliyeBilgileri/IrsaliyeNumarasi' located by 'By.xpath: //*[@id = 'gvUserInvoiceBills_DXEditor1_I']' in '30' second(s)

2021-11-19 17:06:30 - [MESSAGE][INFO] - Smart Wait Function is triggered

2021-11-19 17:06:30 - [MESSAGE][INFO] - Found 1 web elements with id: 'Object Repository/Olusturma/Genel/Kutular/IrsaliyeBilgileri/IrsaliyeNumarasi' located by 'By.xpath: //*[@id = 'gvUserInvoiceBills_DXEditor1_I']' in '30' second(s)

2021-11-19 17:06:30 - [MESSAGE][PASSED] - Keys 'AAAAAAAAAA' sent to object: 'Object Repository/Olusturma/Genel/Kutular/IrsaliyeBilgileri/IrsaliyeNumarasi'

2021-11-19 17:06:30 - [TEST_STEP][PASSED] - waitForElementClickable(findTestObject("Object Repository/Olusturma/Genel/Kutular/IrsaliyeBilgileri/IrsaliyeTarihi"), 10): Object 'Object Repository/Olusturma/Genel/Kutular/IrsaliyeBilgileri/IrsaliyeTarihi' is clickable

2021-11-19 17:06:30 - [MESSAGE][INFO] - Finding Test Object 'Object Repository/Olusturma/Genel/Kutular/IrsaliyeBilgileri/IrsaliyeTarihi'

2021-11-19 17:06:30 - [MESSAGE][INFO] - Checking object

2021-11-19 17:06:30 - [MESSAGE][INFO] - Checking timeout

2021-11-19 17:06:30 - [MESSAGE][INFO] - Finding web element from Test Object's properties

2021-11-19 17:06:30 - [MESSAGE][INFO] - Checking timeout

2021-11-19 17:06:30 - [MESSAGE][INFO] - Finding web element with id: 'Object Repository/Olusturma/Genel/Kutular/IrsaliyeBilgileri/IrsaliyeTarihi' located by 'By.xpath: //*[@id = 'gvUserInvoiceBills_DXEditor2_I']' in '10' second(s)

2021-11-19 17:06:30 - [MESSAGE][INFO] - Smart Wait Function is triggered

2021-11-19 17:06:31 - [MESSAGE][INFO] - Found 1 web elements with id: 'Object Repository/Olusturma/Genel/Kutular/IrsaliyeBilgileri/IrsaliyeTarihi' located by 'By.xpath: //*[@id = 'gvUserInvoiceBills_DXEditor2_I']' in '10' second(s)

2021-11-19 17:06:31 - [MESSAGE][PASSED] - Object 'Object Repository/Olusturma/Genel/Kutular/IrsaliyeBilgileri/IrsaliyeTarihi' is clickable

2021-11-19 17:06:31 - [TEST_STEP][PASSED] - click(findTestObject("Object Repository/Olusturma/Genel/Kutular/IrsaliyeBilgileri/IrsaliyeTarihi")): Object: 'Object Repository/Olusturma/Genel/Kutular/IrsaliyeBilgileri/IrsaliyeTarihi' is clicked on

2021-11-19 17:06:31 - [MESSAGE][INFO] - Finding Test Object 'Object Repository/Olusturma/Genel/Kutular/IrsaliyeBilgileri/IrsaliyeTarihi'

2021-11-19 17:06:31 - [MESSAGE][INFO] - Checking object

2021-11-19 17:06:31 - [MESSAGE][INFO] - Finding web element from Test Object's properties

2021-11-19 17:06:31 - [MESSAGE][INFO] - Checking timeout

2021-11-19 17:06:31 - [MESSAGE][INFO] - Finding web element with id: 'Object Repository/Olusturma/Genel/Kutular/IrsaliyeBilgileri/IrsaliyeTarihi' located by 'By.xpath: //*[@id = 'gvUserInvoiceBills_DXEditor2_I']' in '30' second(s)

2021-11-19 17:06:31 - [MESSAGE][INFO] - Smart Wait Function is triggered

2021-11-19 17:06:31 - [MESSAGE][INFO] - Found 1 web elements with id: 'Object Repository/Olusturma/Genel/Kutular/IrsaliyeBilgileri/IrsaliyeTarihi' located by 'By.xpath: //*[@id = 'gvUserInvoiceBills_DXEditor2_I']' in '30' second(s)

2021-11-19 17:06:31 - [MESSAGE][INFO] - Clicking on object: 'Object Repository/Olusturma/Genel/Kutular/IrsaliyeBilgileri/IrsaliyeTarihi'

2021-11-19 17:06:31 - [MESSAGE][PASSED] - Object: 'Object Repository/Olusturma/Genel/Kutular/IrsaliyeBilgileri/IrsaliyeTarihi' is clicked on

2021-11-19 17:06:31 - [TEST_STEP][PASSED] - sendKeys(findTestObject("Object Repository/Olusturma/Genel/Kutular/IrsaliyeBilgileri/IrsaliyeTarihi"), Tarih): Keys '31.04.2020' sent to object: 'Object Repository/Olusturma/Genel/Kutular/IrsaliyeBilgileri/IrsaliyeTarihi'

2021-11-19 17:06:31 - [MESSAGE][INFO] - Finding Test Object 'Object Repository/Olusturma/Genel/Kutular/IrsaliyeBilgileri/IrsaliyeTarihi'

2021-11-19 17:06:31 - [MESSAGE][INFO] - Sending keys '31.04.2020' to object: 'Object Repository/Olusturma/Genel/Kutular/IrsaliyeBilgileri/IrsaliyeTarihi'

2021-11-19 17:06:31 - [MESSAGE][INFO] - Finding web element from Test Object's properties

2021-11-19 17:06:31 - [MESSAGE][INFO] - Checking timeout

2021-11-19 17:06:31 - [MESSAGE][INFO] - Finding web element with id: 'Object Repository/Olusturma/Genel/Kutular/IrsaliyeBilgileri/IrsaliyeTarihi' located by 'By.xpath: //*[@id = 'gvUserInvoiceBills_DXEditor2_I']' in '30' second(s)

2021-11-19 17:06:31 - [MESSAGE][INFO] - Smart Wait Function is triggered

2021-11-19 17:06:32 - [MESSAGE][INFO] - Found 1 web elements with id: 'Object Repository/Olusturma/Genel/Kutular/IrsaliyeBilgileri/IrsaliyeTarihi' located by 'By.xpath: //*[@id = 'gvUserInvoiceBills_DXEditor2_I']' in '30' second(s)

2021-11-19 17:06:32 - [MESSAGE][PASSED] - Keys '31.04.2020' sent to object: 'Object Repository/Olusturma/Genel/Kutular/IrsaliyeBilgileri/IrsaliyeTarihi'

2021-11-19 17:06:32 - [MESSAGE][PASSED] - Call Test Case 'Test Cases/Olusturma/Genel/Kutular/IrsaliyeBilgileri' successfully

2021-11-19 17:06:32 - [MESSAGE][INFO] - Checking called Test Case

2021-11-19 17:06:32 - [MESSAGE][INFO] - Starting to call Test Case 'Test Cases/Olusturma/Genel/EkleButonunaBasilir'

2021-11-19 17:06:32 - [TEST_CASE][PASSED] - Test Cases/Olusturma/Genel/EkleButonunaBasilir: Test Cases/Olusturma/Genel/EkleButonunaBasilir

2021-11-19 17:06:32 - [TEST_STEP][PASSED] - waitForElementClickable(findTestObject("Object Repository/Olusturma/Genel/Olusturma/Ekle"), 10): Object 'Object Repository/Olusturma/Genel/Olusturma/Ekle' is clickable

2021-11-19 17:06:32 - [MESSAGE][INFO] - Finding Test Object 'Object Repository/Olusturma/Genel/Olusturma/Ekle'

2021-11-19 17:06:32 - [MESSAGE][INFO] - Checking object

2021-11-19 17:06:32 - [MESSAGE][INFO] - Checking timeout

2021-11-19 17:06:32 - [MESSAGE][INFO] - Finding web element from Test Object's properties

2021-11-19 17:06:32 - [MESSAGE][INFO] - Checking timeout

2021-11-19 17:06:32 - [MESSAGE][INFO] - Finding web element with id: 'Object Repository/Olusturma/Genel/Olusturma/Ekle' located by 'By.cssSelector: #divmalhizmet i.fa.fa-plus.fa-lg.text-muted' in '10' second(s)

2021-11-19 17:06:32 - [MESSAGE][INFO] - Smart Wait Function is triggered

2021-11-19 17:06:32 - [MESSAGE][INFO] - Found 1 web elements with id: 'Object Repository/Olusturma/Genel/Olusturma/Ekle' located by 'By.cssSelector: #divmalhizmet i.fa.fa-plus.fa-lg.text-muted' in '10' second(s)

2021-11-19 17:06:32 - [MESSAGE][PASSED] - Object 'Object Repository/Olusturma/Genel/Olusturma/Ekle' is clickable

2021-11-19 17:06:32 - [TEST_STEP][PASSED] - click(findTestObject("Object Repository/Olusturma/Genel/Olusturma/Ekle")): Object: 'Object Repository/Olusturma/Genel/Olusturma/Ekle' is clicked on

2021-11-19 17:06:32 - [MESSAGE][INFO] - Finding Test Object 'Object Repository/Olusturma/Genel/Olusturma/Ekle'

2021-11-19 17:06:33 - [MESSAGE][INFO] - Checking object

2021-11-19 17:06:33 - [MESSAGE][INFO] - Finding web element from Test Object's properties

2021-11-19 17:06:33 - [MESSAGE][INFO] - Checking timeout

2021-11-19 17:06:33 - [MESSAGE][INFO] - Finding web element with id: 'Object Repository/Olusturma/Genel/Olusturma/Ekle' located by 'By.cssSelector: #divmalhizmet i.fa.fa-plus.fa-lg.text-muted' in '30' second(s)

2021-11-19 17:06:33 - [MESSAGE][INFO] - Smart Wait Function is triggered

2021-11-19 17:06:33 - [MESSAGE][INFO] - Found 1 web elements with id: 'Object Repository/Olusturma/Genel/Olusturma/Ekle' located by 'By.cssSelector: #divmalhizmet i.fa.fa-plus.fa-lg.text-muted' in '30' second(s)

2021-11-19 17:06:33 - [MESSAGE][INFO] - Clicking on object: 'Object Repository/Olusturma/Genel/Olusturma/Ekle'

2021-11-19 17:06:33 - [MESSAGE][PASSED] - Object: 'Object Repository/Olusturma/Genel/Olusturma/Ekle' is clicked on

2021-11-19 17:06:33 - [TEST_STEP][PASSED] - waitForElementClickable(findTestObject("Olusturma/Genel/Olusturma/EklenenSatirCarpiImage"), 10): Object 'Object Repository/Olusturma/Genel/Olusturma/EklenenSatirCarpiImage' is clickable

2021-11-19 17:06:33 - [MESSAGE][INFO] - Finding Test Object 'Object Repository/Olusturma/Genel/Olusturma/EklenenSatirCarpiImage'

2021-11-19 17:06:33 - [MESSAGE][INFO] - Checking object

2021-11-19 17:06:33 - [MESSAGE][INFO] - Checking timeout

2021-11-19 17:06:33 - [MESSAGE][INFO] - Finding web element from Test Object's properties

2021-11-19 17:06:33 - [MESSAGE][INFO] - Checking timeout

2021-11-19 17:06:33 - [MESSAGE][INFO] - Finding web element with id: 'Object Repository/Olusturma/Genel/Olusturma/EklenenSatirCarpiImage' located by 'By.cssSelector: .fa.fa-times.fa-lg.text-primary' in '10' second(s)

2021-11-19 17:06:33 - [MESSAGE][INFO] - Smart Wait Function is triggered

2021-11-19 17:06:33 - [MESSAGE][INFO] - Found 1 web elements with id: 'Object Repository/Olusturma/Genel/Olusturma/EklenenSatirCarpiImage' located by 'By.cssSelector: .fa.fa-times.fa-lg.text-primary' in '10' second(s)

2021-11-19 17:06:33 - [MESSAGE][PASSED] - Object 'Object Repository/Olusturma/Genel/Olusturma/EklenenSatirCarpiImage' is clickable

2021-11-19 17:06:33 - [MESSAGE][PASSED] - Call Test Case 'Test Cases/Olusturma/Genel/EkleButonunaBasilir' successfully

2021-11-19 17:06:33 - [MESSAGE][INFO] - Checking called Test Case

2021-11-19 17:06:33 - [MESSAGE][INFO] - Starting to call Test Case 'Test Cases/Olusturma/Genel/Olusturma'

2021-11-19 17:06:33 - [TEST_CASE][PASSED] - Test Cases/Olusturma/Genel/Olusturma: Test Cases/Olusturma/Genel/Olusturma

2021-11-19 17:06:33 - [TEST_STEP][PASSED] - driver = getWebDriver(): null

2021-11-19 17:06:33 - [TEST_STEP][PASSED] - action = new org.openqa.selenium.interactions.Actions(driver): null

2021-11-19 17:06:33 - [TEST_STEP][PASSED] - baslikElement = <not implemented yet for class: org.codehaus.groovy.ast.expr.EmptyExpression>: null

2021-11-19 17:06:33 - [TEST_STEP][PASSED] - sonElement = <not implemented yet for class: org.codehaus.groovy.ast.expr.EmptyExpression>: null

2021-11-19 17:06:33 - [TEST_STEP][PASSED] - attr = <not implemented yet for class: org.codehaus.groovy.ast.expr.EmptyExpression>: null

2021-11-19 17:06:33 - [TEST_STEP][PASSED] - a = 0: null

2021-11-19 17:06:33 - [TEST_STEP][PASSED] - elements = findWebElements(findTestObject("Object Repository/Olusturma/Genel/Olusturma/TabloBasliklari"), 10): Found 14 web elements with id: 'Object Repository/Olusturma/Genel/Olusturma/TabloBasliklari' located by 'By.cssSelector: div#divmalhizmet .dxgvTable_LECustomTheme td.dxgvHeader_LECustomTheme tr>td:nth-child(1)' in '10' second(s)

2021-11-19 17:06:33 - [MESSAGE][INFO] - Finding Test Object 'Object Repository/Olusturma/Genel/Olusturma/TabloBasliklari'

2021-11-19 17:06:34 - [MESSAGE][INFO] - Checking timeout

2021-11-19 17:06:34 - [MESSAGE][INFO] - Finding web element with id: 'Object Repository/Olusturma/Genel/Olusturma/TabloBasliklari' located by 'By.cssSelector: div#divmalhizmet .dxgvTable_LECustomTheme td.dxgvHeader_LECustomTheme tr>td:nth-child(1)' in '10' second(s)

2021-11-19 17:06:34 - [MESSAGE][INFO] - Smart Wait Function is triggered

2021-11-19 17:06:35 - [MESSAGE][INFO] - Found 14 web elements with id: 'Object Repository/Olusturma/Genel/Olusturma/TabloBasliklari' located by 'By.cssSelector: div#divmalhizmet .dxgvTable_LECustomTheme td.dxgvHeader_LECustomTheme tr>td:nth-child(1)' in '10' second(s)

2021-11-19 17:06:35 - [TEST_STEP][PASSED] - for (def element : elements): null

2021-11-19 17:06:35 - [TEST_STEP][PASSED] - build().perform(): null

2021-11-19 17:06:35 - [TEST_STEP][PASSED] - if (getText().equals(Baslik)): null

2021-11-19 17:06:35 - [TEST_STEP][PASSED] - baslikElement = element.findElement(By.xpath("../../../..")): Smart Wait Function is triggered

2021-11-19 17:06:35 - [MESSAGE][INFO] - Smart Wait Function is triggered

2021-11-19 17:06:35 - [TEST_STEP][PASSED] - attr = baslikElement.getAttribute("id"): null

2021-11-19 17:06:35 - [TEST_STEP][PASSED] - println("girdi ve idsini aldı = " + attr): null

2021-11-19 17:06:35 - [TEST_STEP][PASSED] - break: null

2021-11-19 17:06:35 - [TEST_STEP][PASSED] - countElement = baslikElement.findElements(By.xpath("../td")): Smart Wait Function is triggered

2021-11-19 17:06:35 - [MESSAGE][INFO] - Smart Wait Function is triggered

2021-11-19 17:06:35 - [TEST_STEP][PASSED] - for (def element : countElement): null

2021-11-19 17:06:35 - [TEST_STEP][PASSED] - if (toString().equals(attr.toString())): null

2021-11-19 17:06:35 - [TEST_STEP][PASSED] - (a++): null

2021-11-19 17:06:35 - [TEST_STEP][PASSED] - if (toString().equals(attr.toString())): null

2021-11-19 17:06:35 - [TEST_STEP][PASSED] - break: null

2021-11-19 17:06:35 - [TEST_STEP][PASSED] - son = findWebElement(findTestObject("Object Repository/Olusturma/Genel/Olusturma/EklenenSatir")).findElement(By.xpath("td[@class='dxgvInlineEditCell_LECustomTheme dxgv'][" + a + "]//td[@class='dxic']/input")): Smart Wait Function is triggered

2021-11-19 17:06:35 - [MESSAGE][INFO] - Finding Test Object 'Object Repository/Olusturma/Genel/Olusturma/EklenenSatir'

2021-11-19 17:06:36 - [MESSAGE][INFO] - Finding web element from Test Object's properties

2021-11-19 17:06:36 - [MESSAGE][INFO] - Checking timeout

2021-11-19 17:06:36 - [MESSAGE][INFO] - Finding web element with id: 'Object Repository/Olusturma/Genel/Olusturma/EklenenSatir' located by 'By.cssSelector: #divmalhizmet .dxgvInlineEditRow_LECustomTheme' in '30' second(s)

2021-11-19 17:06:36 - [MESSAGE][INFO] - Smart Wait Function is triggered

2021-11-19 17:06:36 - [MESSAGE][INFO] - Found 1 web elements with id: 'Object Repository/Olusturma/Genel/Olusturma/EklenenSatir' located by 'By.cssSelector: #divmalhizmet .dxgvInlineEditRow_LECustomTheme' in '30' second(s)

2021-11-19 17:06:36 - [MESSAGE][INFO] - Smart Wait Function is triggered

2021-11-19 17:06:36 - [TEST_STEP][PASSED] - if (!(getAttribute("value").contains("Vkn"))): null

2021-11-19 17:06:36 - [TEST_STEP][PASSED] - son.clear(): null

2021-11-19 17:06:36 - [TEST_STEP][PASSED] - son.sendKeys(Deger): null

2021-11-19 17:06:36 - [MESSAGE][PASSED] - Call Test Case 'Test Cases/Olusturma/Genel/Olusturma' successfully

2021-11-19 17:06:36 - [MESSAGE][INFO] - Checking called Test Case

2021-11-19 17:06:36 - [MESSAGE][INFO] - Starting to call Test Case 'Test Cases/Olusturma/Genel/Olusturma'

2021-11-19 17:06:36 - [TEST_CASE][PASSED] - Test Cases/Olusturma/Genel/Olusturma: Test Cases/Olusturma/Genel/Olusturma

2021-11-19 17:06:36 - [TEST_STEP][PASSED] - driver = getWebDriver(): null

2021-11-19 17:06:36 - [TEST_STEP][PASSED] - action = new org.openqa.selenium.interactions.Actions(driver): null

2021-11-19 17:06:36 - [TEST_STEP][PASSED] - baslikElement = <not implemented yet for class: org.codehaus.groovy.ast.expr.EmptyExpression>: null

2021-11-19 17:06:36 - [TEST_STEP][PASSED] - sonElement = <not implemented yet for class: org.codehaus.groovy.ast.expr.EmptyExpression>: null

2021-11-19 17:06:36 - [TEST_STEP][PASSED] - attr = <not implemented yet for class: org.codehaus.groovy.ast.expr.EmptyExpression>: null

2021-11-19 17:06:36 - [TEST_STEP][PASSED] - a = 0: null

2021-11-19 17:06:36 - [TEST_STEP][PASSED] - elements = findWebElements(findTestObject("Object Repository/Olusturma/Genel/Olusturma/TabloBasliklari"), 10): Found 14 web elements with id: 'Object Repository/Olusturma/Genel/Olusturma/TabloBasliklari' located by 'By.cssSelector: div#divmalhizmet .dxgvTable_LECustomTheme td.dxgvHeader_LECustomTheme tr>td:nth-child(1)' in '10' second(s)

2021-11-19 17:06:36 - [MESSAGE][INFO] - Finding Test Object 'Object Repository/Olusturma/Genel/Olusturma/TabloBasliklari'

2021-11-19 17:06:37 - [MESSAGE][INFO] - Checking timeout

2021-11-19 17:06:37 - [MESSAGE][INFO] - Finding web element with id: 'Object Repository/Olusturma/Genel/Olusturma/TabloBasliklari' located by 'By.cssSelector: div#divmalhizmet .dxgvTable_LECustomTheme td.dxgvHeader_LECustomTheme tr>td:nth-child(1)' in '10' second(s)

2021-11-19 17:06:37 - [MESSAGE][INFO] - Smart Wait Function is triggered

2021-11-19 17:06:37 - [MESSAGE][INFO] - Found 14 web elements with id: 'Object Repository/Olusturma/Genel/Olusturma/TabloBasliklari' located by 'By.cssSelector: div#divmalhizmet .dxgvTable_LECustomTheme td.dxgvHeader_LECustomTheme tr>td:nth-child(1)' in '10' second(s)

2021-11-19 17:06:37 - [TEST_STEP][PASSED] - for (def element : elements): null

2021-11-19 17:06:37 - [TEST_STEP][PASSED] - build().perform(): null

2021-11-19 17:06:37 - [TEST_STEP][PASSED] - if (getText().equals(Baslik)): null

2021-11-19 17:06:37 - [TEST_STEP][PASSED] - build().perform(): null

2021-11-19 17:06:37 - [TEST_STEP][PASSED] - if (getText().equals(Baslik)): null

2021-11-19 17:06:37 - [TEST_STEP][PASSED] - baslikElement = element.findElement(By.xpath("../../../..")): Smart Wait Function is triggered

2021-11-19 17:06:37 - [MESSAGE][INFO] - Smart Wait Function is triggered

2021-11-19 17:06:37 - [TEST_STEP][PASSED] - attr = baslikElement.getAttribute("id"): null

2021-11-19 17:06:37 - [TEST_STEP][PASSED] - println("girdi ve idsini aldı = " + attr): null

2021-11-19 17:06:37 - [TEST_STEP][PASSED] - break: null

2021-11-19 17:06:37 - [TEST_STEP][PASSED] - countElement = baslikElement.findElements(By.xpath("../td")): Smart Wait Function is triggered

2021-11-19 17:06:37 - [MESSAGE][INFO] - Smart Wait Function is triggered

2021-11-19 17:06:38 - [TEST_STEP][PASSED] - for (def element : countElement): null

2021-11-19 17:06:38 - [TEST_STEP][PASSED] - if (toString().equals(attr.toString())): null

2021-11-19 17:06:38 - [TEST_STEP][PASSED] - (a++): null

2021-11-19 17:06:38 - [TEST_STEP][PASSED] - if (toString().equals(attr.toString())): null

2021-11-19 17:06:38 - [TEST_STEP][PASSED] - (a++): null

2021-11-19 17:06:38 - [TEST_STEP][PASSED] - if (toString().equals(attr.toString())): null

2021-11-19 17:06:38 - [TEST_STEP][PASSED] - break: null

2021-11-19 17:06:38 - [TEST_STEP][PASSED] - son = findWebElement(findTestObject("Object Repository/Olusturma/Genel/Olusturma/EklenenSatir")).findElement(By.xpath("td[@class='dxgvInlineEditCell_LECustomTheme dxgv'][" + a + "]//td[@class='dxic']/input")): Smart Wait Function is triggered

2021-11-19 17:06:38 - [MESSAGE][INFO] - Finding Test Object 'Object Repository/Olusturma/Genel/Olusturma/EklenenSatir'

2021-11-19 17:06:38 - [MESSAGE][INFO] - Finding web element from Test Object's properties

2021-11-19 17:06:38 - [MESSAGE][INFO] - Checking timeout

2021-11-19 17:06:38 - [MESSAGE][INFO] - Finding web element with id: 'Object Repository/Olusturma/Genel/Olusturma/EklenenSatir' located by 'By.cssSelector: #divmalhizmet .dxgvInlineEditRow_LECustomTheme' in '30' second(s)

2021-11-19 17:06:38 - [MESSAGE][INFO] - Smart Wait Function is triggered

2021-11-19 17:06:38 - [MESSAGE][INFO] - Found 1 web elements with id: 'Object Repository/Olusturma/Genel/Olusturma/EklenenSatir' located by 'By.cssSelector: #divmalhizmet .dxgvInlineEditRow_LECustomTheme' in '30' second(s)

2021-11-19 17:06:38 - [MESSAGE][INFO] - Smart Wait Function is triggered

2021-11-19 17:06:38 - [TEST_STEP][PASSED] - if (!(getAttribute("value").contains("Vkn"))): null

2021-11-19 17:06:39 - [TEST_STEP][PASSED] - son.clear(): null

2021-11-19 17:06:39 - [TEST_STEP][PASSED] - son.sendKeys(Deger): null

2021-11-19 17:06:39 - [MESSAGE][PASSED] - Call Test Case 'Test Cases/Olusturma/Genel/Olusturma' successfully

2021-11-19 17:06:39 - [MESSAGE][INFO] - Checking called Test Case

2021-11-19 17:06:39 - [MESSAGE][INFO] - Starting to call Test Case 'Test Cases/Olusturma/Genel/Olusturma'

2021-11-19 17:06:39 - [TEST_CASE][PASSED] - Test Cases/Olusturma/Genel/Olusturma: Test Cases/Olusturma/Genel/Olusturma

2021-11-19 17:06:39 - [TEST_STEP][PASSED] - driver = getWebDriver(): null

2021-11-19 17:06:39 - [TEST_STEP][PASSED] - action = new org.openqa.selenium.interactions.Actions(driver): null

2021-11-19 17:06:39 - [TEST_STEP][PASSED] - baslikElement = <not implemented yet for class: org.codehaus.groovy.ast.expr.EmptyExpression>: null

2021-11-19 17:06:39 - [TEST_STEP][PASSED] - sonElement = <not implemented yet for class: org.codehaus.groovy.ast.expr.EmptyExpression>: null

2021-11-19 17:06:39 - [TEST_STEP][PASSED] - attr = <not implemented yet for class: org.codehaus.groovy.ast.expr.EmptyExpression>: null

2021-11-19 17:06:39 - [TEST_STEP][PASSED] - a = 0: null

2021-11-19 17:06:39 - [TEST_STEP][PASSED] - elements = findWebElements(findTestObject("Object Repository/Olusturma/Genel/Olusturma/TabloBasliklari"), 10): Found 14 web elements with id: 'Object Repository/Olusturma/Genel/Olusturma/TabloBasliklari' located by 'By.cssSelector: div#divmalhizmet .dxgvTable_LECustomTheme td.dxgvHeader_LECustomTheme tr>td:nth-child(1)' in '10' second(s)

2021-11-19 17:06:39 - [MESSAGE][INFO] - Finding Test Object 'Object Repository/Olusturma/Genel/Olusturma/TabloBasliklari'

2021-11-19 17:06:39 - [MESSAGE][INFO] - Checking timeout

2021-11-19 17:06:39 - [MESSAGE][INFO] - Finding web element with id: 'Object Repository/Olusturma/Genel/Olusturma/TabloBasliklari' located by 'By.cssSelector: div#divmalhizmet .dxgvTable_LECustomTheme td.dxgvHeader_LECustomTheme tr>td:nth-child(1)' in '10' second(s)

2021-11-19 17:06:39 - [MESSAGE][INFO] - Smart Wait Function is triggered

2021-11-19 17:06:39 - [MESSAGE][INFO] - Found 14 web elements with id: 'Object Repository/Olusturma/Genel/Olusturma/TabloBasliklari' located by 'By.cssSelector: div#divmalhizmet .dxgvTable_LECustomTheme td.dxgvHeader_LECustomTheme tr>td:nth-child(1)' in '10' second(s)

2021-11-19 17:06:39 - [TEST_STEP][PASSED] - for (def element : elements): null

2021-11-19 17:06:39 - [TEST_STEP][PASSED] - build().perform(): null

2021-11-19 17:06:39 - [TEST_STEP][PASSED] - if (getText().equals(Baslik)): null

2021-11-19 17:06:39 - [TEST_STEP][PASSED] - build().perform(): null

2021-11-19 17:06:40 - [TEST_STEP][PASSED] - if (getText().equals(Baslik)): null

2021-11-19 17:06:40 - [TEST_STEP][PASSED] - build().perform(): null

2021-11-19 17:06:40 - [TEST_STEP][PASSED] - if (getText().equals(Baslik)): null

2021-11-19 17:06:40 - [TEST_STEP][PASSED] - build().perform(): null

2021-11-19 17:06:40 - [TEST_STEP][PASSED] - if (getText().equals(Baslik)): null

2021-11-19 17:06:40 - [TEST_STEP][PASSED] - baslikElement = element.findElement(By.xpath("../../../..")): Smart Wait Function is triggered

2021-11-19 17:06:40 - [MESSAGE][INFO] - Smart Wait Function is triggered

2021-11-19 17:06:40 - [TEST_STEP][PASSED] - attr = baslikElement.getAttribute("id"): null

2021-11-19 17:06:40 - [TEST_STEP][PASSED] - println("girdi ve idsini aldı = " + attr): null

2021-11-19 17:06:40 - [TEST_STEP][PASSED] - break: null

2021-11-19 17:06:40 - [TEST_STEP][PASSED] - countElement = baslikElement.findElements(By.xpath("../td")): Smart Wait Function is triggered

2021-11-19 17:06:40 - [MESSAGE][INFO] - Smart Wait Function is triggered

2021-11-19 17:06:40 - [TEST_STEP][PASSED] - for (def element : countElement): null

2021-11-19 17:06:40 - [TEST_STEP][PASSED] - if (toString().equals(attr.toString())): null

2021-11-19 17:06:40 - [TEST_STEP][PASSED] - (a++): null

2021-11-19 17:06:40 - [TEST_STEP][PASSED] - if (toString().equals(attr.toString())): null

2021-11-19 17:06:40 - [TEST_STEP][PASSED] - (a++): null

2021-11-19 17:06:40 - [TEST_STEP][PASSED] - if (toString().equals(attr.toString())): null

2021-11-19 17:06:40 - [TEST_STEP][PASSED] - (a++): null

2021-11-19 17:06:40 - [TEST_STEP][PASSED] - if (toString().equals(attr.toString())): null

2021-11-19 17:06:41 - [TEST_STEP][PASSED] - (a++): null

2021-11-19 17:06:41 - [TEST_STEP][PASSED] - if (toString().equals(attr.toString())): null

2021-11-19 17:06:41 - [TEST_STEP][PASSED] - break: null

2021-11-19 17:06:41 - [TEST_STEP][PASSED] - son = findWebElement(findTestObject("Object Repository/Olusturma/Genel/Olusturma/EklenenSatir")).findElement(By.xpath("td[@class='dxgvInlineEditCell_LECustomTheme dxgv'][" + a + "]//td[@class='dxic']/input")): Smart Wait Function is triggered

2021-11-19 17:06:41 - [MESSAGE][INFO] - Finding Test Object 'Object Repository/Olusturma/Genel/Olusturma/EklenenSatir'

2021-11-19 17:06:41 - [MESSAGE][INFO] - Finding web element from Test Object's properties

2021-11-19 17:06:41 - [MESSAGE][INFO] - Checking timeout

2021-11-19 17:06:41 - [MESSAGE][INFO] - Finding web element with id: 'Object Repository/Olusturma/Genel/Olusturma/EklenenSatir' located by 'By.cssSelector: #divmalhizmet .dxgvInlineEditRow_LECustomTheme' in '30' second(s)

2021-11-19 17:06:41 - [MESSAGE][INFO] - Smart Wait Function is triggered

2021-11-19 17:06:41 - [MESSAGE][INFO] - Found 1 web elements with id: 'Object Repository/Olusturma/Genel/Olusturma/EklenenSatir' located by 'By.cssSelector: #divmalhizmet .dxgvInlineEditRow_LECustomTheme' in '30' second(s)

2021-11-19 17:06:41 - [MESSAGE][INFO] - Smart Wait Function is triggered

2021-11-19 17:06:41 - [TEST_STEP][PASSED] - if (!(getAttribute("value").contains("Vkn"))): null

2021-11-19 17:06:41 - [TEST_STEP][PASSED] - son.clear(): null

2021-11-19 17:06:41 - [TEST_STEP][PASSED] - son.sendKeys(Deger): null

2021-11-19 17:06:42 - [MESSAGE][PASSED] - Call Test Case 'Test Cases/Olusturma/Genel/Olusturma' successfully

2021-11-19 17:06:42 - [MESSAGE][INFO] - Checking called Test Case

2021-11-19 17:06:42 - [MESSAGE][INFO] - Starting to call Test Case 'Test Cases/Olusturma/Genel/Olusturma'

2021-11-19 17:06:42 - [TEST_CASE][PASSED] - Test Cases/Olusturma/Genel/Olusturma: Test Cases/Olusturma/Genel/Olusturma

2021-11-19 17:06:42 - [TEST_STEP][PASSED] - driver = getWebDriver(): null

2021-11-19 17:06:42 - [TEST_STEP][PASSED] - action = new org.openqa.selenium.interactions.Actions(driver): null

2021-11-19 17:06:42 - [TEST_STEP][PASSED] - baslikElement = <not implemented yet for class: org.codehaus.groovy.ast.expr.EmptyExpression>: null

2021-11-19 17:06:42 - [TEST_STEP][PASSED] - sonElement = <not implemented yet for class: org.codehaus.groovy.ast.expr.EmptyExpression>: null

2021-11-19 17:06:42 - [TEST_STEP][PASSED] - attr = <not implemented yet for class: org.codehaus.groovy.ast.expr.EmptyExpression>: null

2021-11-19 17:06:42 - [TEST_STEP][PASSED] - a = 0: null

2021-11-19 17:06:42 - [TEST_STEP][PASSED] - elements = findWebElements(findTestObject("Object Repository/Olusturma/Genel/Olusturma/TabloBasliklari"), 10): Found 14 web elements with id: 'Object Repository/Olusturma/Genel/Olusturma/TabloBasliklari' located by 'By.cssSelector: div#divmalhizmet .dxgvTable_LECustomTheme td.dxgvHeader_LECustomTheme tr>td:nth-child(1)' in '10' second(s)

2021-11-19 17:06:42 - [MESSAGE][INFO] - Finding Test Object 'Object Repository/Olusturma/Genel/Olusturma/TabloBasliklari'

2021-11-19 17:06:42 - [MESSAGE][INFO] - Checking timeout

2021-11-19 17:06:42 - [MESSAGE][INFO] - Finding web element with id: 'Object Repository/Olusturma/Genel/Olusturma/TabloBasliklari' located by 'By.cssSelector: div#divmalhizmet .dxgvTable_LECustomTheme td.dxgvHeader_LECustomTheme tr>td:nth-child(1)' in '10' second(s)

2021-11-19 17:06:42 - [MESSAGE][INFO] - Smart Wait Function is triggered

2021-11-19 17:06:42 - [MESSAGE][INFO] - Found 14 web elements with id: 'Object Repository/Olusturma/Genel/Olusturma/TabloBasliklari' located by 'By.cssSelector: div#divmalhizmet .dxgvTable_LECustomTheme td.dxgvHeader_LECustomTheme tr>td:nth-child(1)' in '10' second(s)

2021-11-19 17:06:42 - [TEST_STEP][PASSED] - for (def element : elements): null

2021-11-19 17:06:42 - [TEST_STEP][PASSED] - build().perform(): null

2021-11-19 17:06:42 - [TEST_STEP][PASSED] - if (getText().equals(Baslik)): null

2021-11-19 17:06:42 - [TEST_STEP][PASSED] - build().perform(): null

2021-11-19 17:06:42 - [TEST_STEP][PASSED] - if (getText().equals(Baslik)): null

2021-11-19 17:06:42 - [TEST_STEP][PASSED] - build().perform(): null

2021-11-19 17:06:42 - [TEST_STEP][PASSED] - if (getText().equals(Baslik)): null

2021-11-19 17:06:42 - [TEST_STEP][PASSED] - build().perform(): null

2021-11-19 17:06:43 - [TEST_STEP][PASSED] - if (getText().equals(Baslik)): null

2021-11-19 17:06:43 - [TEST_STEP][PASSED] - build().perform(): null

2021-11-19 17:06:43 - [TEST_STEP][PASSED] - if (getText().equals(Baslik)): null

2021-11-19 17:06:43 - [TEST_STEP][PASSED] - baslikElement = element.findElement(By.xpath("../../../..")): Smart Wait Function is triggered

2021-11-19 17:06:43 - [MESSAGE][INFO] - Smart Wait Function is triggered

2021-11-19 17:06:43 - [TEST_STEP][PASSED] - attr = baslikElement.getAttribute("id"): null

2021-11-19 17:06:43 - [TEST_STEP][PASSED] - println("girdi ve idsini aldı = " + attr): null

2021-11-19 17:06:43 - [TEST_STEP][PASSED] - break: null

2021-11-19 17:06:43 - [TEST_STEP][PASSED] - countElement = baslikElement.findElements(By.xpath("../td")): Smart Wait Function is triggered

2021-11-19 17:06:43 - [MESSAGE][INFO] - Smart Wait Function is triggered

2021-11-19 17:06:43 - [TEST_STEP][PASSED] - for (def element : countElement): null

2021-11-19 17:06:43 - [TEST_STEP][PASSED] - if (toString().equals(attr.toString())): null

2021-11-19 17:06:43 - [TEST_STEP][PASSED] - (a++): null

2021-11-19 17:06:43 - [TEST_STEP][PASSED] - if (toString().equals(attr.toString())): null

2021-11-19 17:06:43 - [TEST_STEP][PASSED] - (a++): null

2021-11-19 17:06:43 - [TEST_STEP][PASSED] - if (toString().equals(attr.toString())): null

2021-11-19 17:06:43 - [TEST_STEP][PASSED] - (a++): null

2021-11-19 17:06:43 - [TEST_STEP][PASSED] - if (toString().equals(attr.toString())): null

2021-11-19 17:06:43 - [TEST_STEP][PASSED] - (a++): null

2021-11-19 17:06:43 - [TEST_STEP][PASSED] - if (toString().equals(attr.toString())): null

2021-11-19 17:06:43 - [TEST_STEP][PASSED] - (a++): null

2021-11-19 17:06:43 - [TEST_STEP][PASSED] - if (toString().equals(attr.toString())): null

2021-11-19 17:06:43 - [TEST_STEP][PASSED] - break: null

2021-11-19 17:06:43 - [TEST_STEP][PASSED] - son = findWebElement(findTestObject("Object Repository/Olusturma/Genel/Olusturma/EklenenSatir")).findElement(By.xpath("td[@class='dxgvInlineEditCell_LECustomTheme dxgv'][" + a + "]//td[@class='dxic']/input")): Smart Wait Function is triggered

2021-11-19 17:06:43 - [MESSAGE][INFO] - Finding Test Object 'Object Repository/Olusturma/Genel/Olusturma/EklenenSatir'

2021-11-19 17:06:43 - [MESSAGE][INFO] - Finding web element from Test Object's properties

2021-11-19 17:06:43 - [MESSAGE][INFO] - Checking timeout

2021-11-19 17:06:43 - [MESSAGE][INFO] - Finding web element with id: 'Object Repository/Olusturma/Genel/Olusturma/EklenenSatir' located by 'By.cssSelector: #divmalhizmet .dxgvInlineEditRow_LECustomTheme' in '30' second(s)

2021-11-19 17:06:43 - [MESSAGE][INFO] - Smart Wait Function is triggered

2021-11-19 17:06:44 - [MESSAGE][INFO] - Found 1 web elements with id: 'Object Repository/Olusturma/Genel/Olusturma/EklenenSatir' located by 'By.cssSelector: #divmalhizmet .dxgvInlineEditRow_LECustomTheme' in '30' second(s)

2021-11-19 17:06:44 - [MESSAGE][INFO] - Smart Wait Function is triggered

2021-11-19 17:06:44 - [TEST_STEP][PASSED] - if (!(getAttribute("value").contains("Vkn"))): null

2021-11-19 17:06:44 - [TEST_STEP][PASSED] - son.clear(): null

2021-11-19 17:06:44 - [TEST_STEP][PASSED] - son.sendKeys(Deger): null

2021-11-19 17:06:44 - [MESSAGE][PASSED] - Call Test Case 'Test Cases/Olusturma/Genel/Olusturma' successfully

2021-11-19 17:06:44 - [MESSAGE][INFO] - Checking called Test Case

2021-11-19 17:06:44 - [MESSAGE][INFO] - Starting to call Test Case 'Test Cases/Olusturma/Genel/Olusturma'

2021-11-19 17:06:44 - [TEST_CASE][PASSED] - Test Cases/Olusturma/Genel/Olusturma: Test Cases/Olusturma/Genel/Olusturma

2021-11-19 17:06:44 - [TEST_STEP][PASSED] - driver = getWebDriver(): null

2021-11-19 17:06:44 - [TEST_STEP][PASSED] - action = new org.openqa.selenium.interactions.Actions(driver): null

2021-11-19 17:06:44 - [TEST_STEP][PASSED] - baslikElement = <not implemented yet for class: org.codehaus.groovy.ast.expr.EmptyExpression>: null

2021-11-19 17:06:44 - [TEST_STEP][PASSED] - sonElement = <not implemented yet for class: org.codehaus.groovy.ast.expr.EmptyExpression>: null

2021-11-19 17:06:44 - [TEST_STEP][PASSED] - attr = <not implemented yet for class: org.codehaus.groovy.ast.expr.EmptyExpression>: null

2021-11-19 17:06:44 - [TEST_STEP][PASSED] - a = 0: null

2021-11-19 17:06:44 - [TEST_STEP][PASSED] - elements = findWebElements(findTestObject("Object Repository/Olusturma/Genel/Olusturma/TabloBasliklari"), 10): Found 14 web elements with id: 'Object Repository/Olusturma/Genel/Olusturma/TabloBasliklari' located by 'By.cssSelector: div#divmalhizmet .dxgvTable_LECustomTheme td.dxgvHeader_LECustomTheme tr>td:nth-child(1)' in '10' second(s)

2021-11-19 17:06:44 - [MESSAGE][INFO] - Finding Test Object 'Object Repository/Olusturma/Genel/Olusturma/TabloBasliklari'

2021-11-19 17:06:44 - [MESSAGE][INFO] - Checking timeout

2021-11-19 17:06:44 - [MESSAGE][INFO] - Finding web element with id: 'Object Repository/Olusturma/Genel/Olusturma/TabloBasliklari' located by 'By.cssSelector: div#divmalhizmet .dxgvTable_LECustomTheme td.dxgvHeader_LECustomTheme tr>td:nth-child(1)' in '10' second(s)

2021-11-19 17:06:44 - [MESSAGE][INFO] - Smart Wait Function is triggered

2021-11-19 17:06:45 - [MESSAGE][INFO] - Found 14 web elements with id: 'Object Repository/Olusturma/Genel/Olusturma/TabloBasliklari' located by 'By.cssSelector: div#divmalhizmet .dxgvTable_LECustomTheme td.dxgvHeader_LECustomTheme tr>td:nth-child(1)' in '10' second(s)

2021-11-19 17:06:45 - [TEST_STEP][PASSED] - for (def element : elements): null

2021-11-19 17:06:45 - [TEST_STEP][PASSED] - build().perform(): null

2021-11-19 17:06:45 - [TEST_STEP][PASSED] - if (getText().equals(Baslik)): null

2021-11-19 17:06:45 - [TEST_STEP][PASSED] - build().perform(): null

2021-11-19 17:06:45 - [TEST_STEP][PASSED] - if (getText().equals(Baslik)): null

2021-11-19 17:06:45 - [TEST_STEP][PASSED] - build().perform(): null

2021-11-19 17:06:45 - [TEST_STEP][PASSED] - if (getText().equals(Baslik)): null

2021-11-19 17:06:45 - [TEST_STEP][PASSED] - build().perform(): null

2021-11-19 17:06:45 - [TEST_STEP][PASSED] - if (getText().equals(Baslik)): null

2021-11-19 17:06:45 - [TEST_STEP][PASSED] - build().perform(): null

2021-11-19 17:06:45 - [TEST_STEP][PASSED] - if (getText().equals(Baslik)): null

2021-11-19 17:06:45 - [TEST_STEP][PASSED] - build().perform(): null

2021-11-19 17:06:46 - [TEST_STEP][PASSED] - if (getText().equals(Baslik)): null

2021-11-19 17:06:46 - [TEST_STEP][PASSED] - build().perform(): null

2021-11-19 17:06:46 - [TEST_STEP][PASSED] - if (getText().equals(Baslik)): null

2021-11-19 17:06:46 - [TEST_STEP][PASSED] - baslikElement = element.findElement(By.xpath("../../../..")): Smart Wait Function is triggered

2021-11-19 17:06:46 - [MESSAGE][INFO] - Smart Wait Function is triggered

2021-11-19 17:06:46 - [TEST_STEP][PASSED] - attr = baslikElement.getAttribute("id"): null

2021-11-19 17:06:46 - [TEST_STEP][PASSED] - println("girdi ve idsini aldı = " + attr): null

2021-11-19 17:06:46 - [TEST_STEP][PASSED] - break: null

2021-11-19 17:06:46 - [TEST_STEP][PASSED] - countElement = baslikElement.findElements(By.xpath("../td")): Smart Wait Function is triggered

2021-11-19 17:06:46 - [MESSAGE][INFO] - Smart Wait Function is triggered

2021-11-19 17:06:46 - [TEST_STEP][PASSED] - for (def element : countElement): null

2021-11-19 17:06:46 - [TEST_STEP][PASSED] - if (toString().equals(attr.toString())): null

2021-11-19 17:06:46 - [TEST_STEP][PASSED] - (a++): null

2021-11-19 17:06:46 - [TEST_STEP][PASSED] - if (toString().equals(attr.toString())): null

2021-11-19 17:06:46 - [TEST_STEP][PASSED] - (a++): null

2021-11-19 17:06:46 - [TEST_STEP][PASSED] - if (toString().equals(attr.toString())): null

2021-11-19 17:06:46 - [TEST_STEP][PASSED] - (a++): null

2021-11-19 17:06:46 - [TEST_STEP][PASSED] - if (toString().equals(attr.toString())): null

2021-11-19 17:06:46 - [TEST_STEP][PASSED] - (a++): null

2021-11-19 17:06:46 - [TEST_STEP][PASSED] - if (toString().equals(attr.toString())): null

2021-11-19 17:06:46 - [TEST_STEP][PASSED] - (a++): null

2021-11-19 17:06:46 - [TEST_STEP][PASSED] - if (toString().equals(attr.toString())): null

2021-11-19 17:06:46 - [TEST_STEP][PASSED] - (a++): null

2021-11-19 17:06:46 - [TEST_STEP][PASSED] - if (toString().equals(attr.toString())): null

2021-11-19 17:06:46 - [TEST_STEP][PASSED] - (a++): null

2021-11-19 17:06:46 - [TEST_STEP][PASSED] - if (toString().equals(attr.toString())): null

2021-11-19 17:06:46 - [TEST_STEP][PASSED] - break: null

2021-11-19 17:06:46 - [TEST_STEP][PASSED] - son = findWebElement(findTestObject("Object Repository/Olusturma/Genel/Olusturma/EklenenSatir")).findElement(By.xpath("td[@class='dxgvInlineEditCell_LECustomTheme dxgv'][" + a + "]//td[@class='dxic']/input")): Smart Wait Function is triggered

2021-11-19 17:06:46 - [MESSAGE][INFO] - Finding Test Object 'Object Repository/Olusturma/Genel/Olusturma/EklenenSatir'

2021-11-19 17:06:47 - [MESSAGE][INFO] - Finding web element from Test Object's properties

2021-11-19 17:06:47 - [MESSAGE][INFO] - Checking timeout

2021-11-19 17:06:47 - [MESSAGE][INFO] - Finding web element with id: 'Object Repository/Olusturma/Genel/Olusturma/EklenenSatir' located by 'By.cssSelector: #divmalhizmet .dxgvInlineEditRow_LECustomTheme' in '30' second(s)

2021-11-19 17:06:47 - [MESSAGE][INFO] - Smart Wait Function is triggered

2021-11-19 17:06:47 - [MESSAGE][INFO] - Found 1 web elements with id: 'Object Repository/Olusturma/Genel/Olusturma/EklenenSatir' located by 'By.cssSelector: #divmalhizmet .dxgvInlineEditRow_LECustomTheme' in '30' second(s)

2021-11-19 17:06:47 - [MESSAGE][INFO] - Smart Wait Function is triggered

2021-11-19 17:06:47 - [TEST_STEP][PASSED] - if (!(getAttribute("value").contains("Vkn"))): null

2021-11-19 17:06:47 - [TEST_STEP][PASSED] - son.clear(): null

2021-11-19 17:06:47 - [TEST_STEP][PASSED] - son.sendKeys(Deger): null

2021-11-19 17:06:47 - [MESSAGE][PASSED] - Call Test Case 'Test Cases/Olusturma/Genel/Olusturma' successfully

2021-11-19 17:06:47 - [MESSAGE][INFO] - Checking called Test Case

2021-11-19 17:06:47 - [MESSAGE][INFO] - Starting to call Test Case 'Test Cases/Olusturma/Genel/Olusturma'

2021-11-19 17:06:47 - [TEST_CASE][PASSED] - Test Cases/Olusturma/Genel/Olusturma: Test Cases/Olusturma/Genel/Olusturma

2021-11-19 17:06:47 - [TEST_STEP][PASSED] - driver = getWebDriver(): null

2021-11-19 17:06:47 - [TEST_STEP][PASSED] - action = new org.openqa.selenium.interactions.Actions(driver): null

2021-11-19 17:06:47 - [TEST_STEP][PASSED] - baslikElement = <not implemented yet for class: org.codehaus.groovy.ast.expr.EmptyExpression>: null

2021-11-19 17:06:47 - [TEST_STEP][PASSED] - sonElement = <not implemented yet for class: org.codehaus.groovy.ast.expr.EmptyExpression>: null

2021-11-19 17:06:47 - [TEST_STEP][PASSED] - attr = <not implemented yet for class: org.codehaus.groovy.ast.expr.EmptyExpression>: null

2021-11-19 17:06:47 - [TEST_STEP][PASSED] - a = 0: null

2021-11-19 17:06:47 - [TEST_STEP][PASSED] - elements = findWebElements(findTestObject("Object Repository/Olusturma/Genel/Olusturma/TabloBasliklari"), 10): Found 14 web elements with id: 'Object Repository/Olusturma/Genel/Olusturma/TabloBasliklari' located by 'By.cssSelector: div#divmalhizmet .dxgvTable_LECustomTheme td.dxgvHeader_LECustomTheme tr>td:nth-child(1)' in '10' second(s)

2021-11-19 17:06:47 - [MESSAGE][INFO] - Finding Test Object 'Object Repository/Olusturma/Genel/Olusturma/TabloBasliklari'

2021-11-19 17:06:48 - [MESSAGE][INFO] - Checking timeout

2021-11-19 17:06:48 - [MESSAGE][INFO] - Finding web element with id: 'Object Repository/Olusturma/Genel/Olusturma/TabloBasliklari' located by 'By.cssSelector: div#divmalhizmet .dxgvTable_LECustomTheme td.dxgvHeader_LECustomTheme tr>td:nth-child(1)' in '10' second(s)

2021-11-19 17:06:48 - [MESSAGE][INFO] - Smart Wait Function is triggered

2021-11-19 17:06:48 - [MESSAGE][INFO] - Found 14 web elements with id: 'Object Repository/Olusturma/Genel/Olusturma/TabloBasliklari' located by 'By.cssSelector: div#divmalhizmet .dxgvTable_LECustomTheme td.dxgvHeader_LECustomTheme tr>td:nth-child(1)' in '10' second(s)

2021-11-19 17:06:48 - [TEST_STEP][PASSED] - for (def element : elements): null

2021-11-19 17:06:48 - [TEST_STEP][PASSED] - build().perform(): null

2021-11-19 17:06:48 - [TEST_STEP][PASSED] - if (getText().equals(Baslik)): null

2021-11-19 17:06:48 - [TEST_STEP][PASSED] - build().perform(): null

2021-11-19 17:06:48 - [TEST_STEP][PASSED] - if (getText().equals(Baslik)): null

2021-11-19 17:06:48 - [TEST_STEP][PASSED] - build().perform(): null

2021-11-19 17:06:48 - [TEST_STEP][PASSED] - if (getText().equals(Baslik)): null

2021-11-19 17:06:48 - [TEST_STEP][PASSED] - build().perform(): null

2021-11-19 17:06:48 - [TEST_STEP][PASSED] - if (getText().equals(Baslik)): null

2021-11-19 17:06:48 - [TEST_STEP][PASSED] - build().perform(): null

2021-11-19 17:06:49 - [TEST_STEP][PASSED] - if (getText().equals(Baslik)): null

2021-11-19 17:06:49 - [TEST_STEP][PASSED] - build().perform(): null

2021-11-19 17:06:49 - [TEST_STEP][PASSED] - if (getText().equals(Baslik)): null

2021-11-19 17:06:49 - [TEST_STEP][PASSED] - build().perform(): null

2021-11-19 17:06:49 - [TEST_STEP][PASSED] - if (getText().equals(Baslik)): null

2021-11-19 17:06:49 - [TEST_STEP][PASSED] - build().perform(): null

2021-11-19 17:06:49 - [TEST_STEP][PASSED] - if (getText().equals(Baslik)): null

2021-11-19 17:06:49 - [TEST_STEP][PASSED] - baslikElement = element.findElement(By.xpath("../../../..")): Smart Wait Function is triggered

2021-11-19 17:06:49 - [MESSAGE][INFO] - Smart Wait Function is triggered

2021-11-19 17:06:49 - [TEST_STEP][PASSED] - attr = baslikElement.getAttribute("id"): null

2021-11-19 17:06:49 - [TEST_STEP][PASSED] - println("girdi ve idsini aldı = " + attr): null

2021-11-19 17:06:49 - [TEST_STEP][PASSED] - break: null

2021-11-19 17:06:49 - [TEST_STEP][PASSED] - countElement = baslikElement.findElements(By.xpath("../td")): Smart Wait Function is triggered

2021-11-19 17:06:49 - [MESSAGE][INFO] - Smart Wait Function is triggered

2021-11-19 17:06:50 - [TEST_STEP][PASSED] - for (def element : countElement): null

2021-11-19 17:06:50 - [TEST_STEP][PASSED] - if (toString().equals(attr.toString())): null

2021-11-19 17:06:50 - [TEST_STEP][PASSED] - (a++): null

2021-11-19 17:06:50 - [TEST_STEP][PASSED] - if (toString().equals(attr.toString())): null

2021-11-19 17:06:50 - [TEST_STEP][PASSED] - (a++): null

2021-11-19 17:06:50 - [TEST_STEP][PASSED] - if (toString().equals(attr.toString())): null

2021-11-19 17:06:50 - [TEST_STEP][PASSED] - (a++): null

2021-11-19 17:06:50 - [TEST_STEP][PASSED] - if (toString().equals(attr.toString())): null

2021-11-19 17:06:50 - [TEST_STEP][PASSED] - (a++): null

2021-11-19 17:06:50 - [TEST_STEP][PASSED] - if (toString().equals(attr.toString())): null

2021-11-19 17:06:50 - [TEST_STEP][PASSED] - (a++): null

2021-11-19 17:06:50 - [TEST_STEP][PASSED] - if (toString().equals(attr.toString())): null

2021-11-19 17:06:50 - [TEST_STEP][PASSED] - (a++): null

2021-11-19 17:06:50 - [TEST_STEP][PASSED] - if (toString().equals(attr.toString())): null

2021-11-19 17:06:50 - [TEST_STEP][PASSED] - (a++): null

2021-11-19 17:06:50 - [TEST_STEP][PASSED] - if (toString().equals(attr.toString())): null

2021-11-19 17:06:50 - [TEST_STEP][PASSED] - (a++): null

2021-11-19 17:06:50 - [TEST_STEP][PASSED] - if (toString().equals(attr.toString())): null

2021-11-19 17:06:50 - [TEST_STEP][PASSED] - break: null

2021-11-19 17:06:50 - [TEST_STEP][PASSED] - son = findWebElement(findTestObject("Object Repository/Olusturma/Genel/Olusturma/EklenenSatir")).findElement(By.xpath("td[@class='dxgvInlineEditCell_LECustomTheme dxgv'][" + a + "]//td[@class='dxic']/input")): Smart Wait Function is triggered

2021-11-19 17:06:50 - [MESSAGE][INFO] - Finding Test Object 'Object Repository/Olusturma/Genel/Olusturma/EklenenSatir'

2021-11-19 17:06:50 - [MESSAGE][INFO] - Finding web element from Test Object's properties

2021-11-19 17:06:50 - [MESSAGE][INFO] - Checking timeout

2021-11-19 17:06:50 - [MESSAGE][INFO] - Finding web element with id: 'Object Repository/Olusturma/Genel/Olusturma/EklenenSatir' located by 'By.cssSelector: #divmalhizmet .dxgvInlineEditRow_LECustomTheme' in '30' second(s)

2021-11-19 17:06:50 - [MESSAGE][INFO] - Smart Wait Function is triggered

2021-11-19 17:06:50 - [MESSAGE][INFO] - Found 1 web elements with id: 'Object Repository/Olusturma/Genel/Olusturma/EklenenSatir' located by 'By.cssSelector: #divmalhizmet .dxgvInlineEditRow_LECustomTheme' in '30' second(s)

2021-11-19 17:06:50 - [MESSAGE][INFO] - Smart Wait Function is triggered

2021-11-19 17:06:50 - [TEST_STEP][PASSED] - if (!(getAttribute("value").contains("Vkn"))): null

2021-11-19 17:06:50 - [TEST_STEP][PASSED] - son.clear(): null

2021-11-19 17:06:50 - [TEST_STEP][PASSED] - son.sendKeys(Deger): null

2021-11-19 17:06:51 - [MESSAGE][PASSED] - Call Test Case 'Test Cases/Olusturma/Genel/Olusturma' successfully

2021-11-19 17:06:51 - [MESSAGE][INFO] - Checking called Test Case

2021-11-19 17:06:51 - [MESSAGE][INFO] - Starting to call Test Case 'Test Cases/Olusturma/Genel/NotGirilir'

2021-11-19 17:06:51 - [TEST_CASE][PASSED] - Test Cases/Olusturma/Genel/NotGirilir: Test Cases/Olusturma/Genel/NotGirilir

2021-11-19 17:06:51 - [TEST_STEP][PASSED] - i = 0: null

2021-11-19 17:06:51 - [TEST_STEP][PASSED] - waitForElementClickable(findTestObject("Olusturma/Genel/Not/Notlar"), 10): Object 'Object Repository/Olusturma/Genel/Not/Notlar' is clickable

2021-11-19 17:06:51 - [MESSAGE][INFO] - Finding Test Object 'Object Repository/Olusturma/Genel/Not/Notlar'

2021-11-19 17:06:51 - [MESSAGE][INFO] - Checking object

2021-11-19 17:06:51 - [MESSAGE][INFO] - Checking timeout

2021-11-19 17:06:51 - [MESSAGE][INFO] - Finding web element from Test Object's properties

2021-11-19 17:06:51 - [MESSAGE][INFO] - Checking timeout

2021-11-19 17:06:51 - [MESSAGE][INFO] - Finding web element with id: 'Object Repository/Olusturma/Genel/Not/Notlar' located by 'By.xpath: //*[@id = 'txtNote_I']' in '10' second(s)

2021-11-19 17:06:51 - [MESSAGE][INFO] - Smart Wait Function is triggered

2021-11-19 17:06:51 - [MESSAGE][INFO] - Found 1 web elements with id: 'Object Repository/Olusturma/Genel/Not/Notlar' located by 'By.xpath: //*[@id = 'txtNote_I']' in '10' second(s)

2021-11-19 17:06:51 - [MESSAGE][PASSED] - Object 'Object Repository/Olusturma/Genel/Not/Notlar' is clickable

2021-11-19 17:06:51 - [TEST_STEP][PASSED] - clearText(findTestObject("Olusturma/Genel/Not/Notlar")): Text of object 'Object Repository/Olusturma/Genel/Not/Notlar' is cleared

2021-11-19 17:06:51 - [MESSAGE][INFO] - Finding Test Object 'Object Repository/Olusturma/Genel/Not/Notlar'

2021-11-19 17:06:51 - [MESSAGE][INFO] - Checking object

2021-11-19 17:06:51 - [MESSAGE][INFO] - Finding web element from Test Object's properties

2021-11-19 17:06:51 - [MESSAGE][INFO] - Checking timeout

2021-11-19 17:06:51 - [MESSAGE][INFO] - Finding web element with id: 'Object Repository/Olusturma/Genel/Not/Notlar' located by 'By.xpath: //*[@id = 'txtNote_I']' in '30' second(s)

2021-11-19 17:06:51 - [MESSAGE][INFO] - Smart Wait Function is triggered

2021-11-19 17:06:51 - [MESSAGE][INFO] - Found 1 web elements with id: 'Object Repository/Olusturma/Genel/Not/Notlar' located by 'By.xpath: //*[@id = 'txtNote_I']' in '30' second(s)

2021-11-19 17:06:51 - [MESSAGE][INFO] - Clearing text of object 'Object Repository/Olusturma/Genel/Not/Notlar'

2021-11-19 17:06:52 - [MESSAGE][PASSED] - Text of object 'Object Repository/Olusturma/Genel/Not/Notlar' is cleared

2021-11-19 17:06:52 - [TEST_STEP][PASSED] - click(findTestObject("Olusturma/Genel/Not/Notlar")): Object: 'Object Repository/Olusturma/Genel/Not/Notlar' is clicked on

2021-11-19 17:06:52 - [MESSAGE][INFO] - Finding Test Object 'Object Repository/Olusturma/Genel/Not/Notlar'

2021-11-19 17:06:52 - [MESSAGE][INFO] - Checking object

2021-11-19 17:06:52 - [MESSAGE][INFO] - Finding web element from Test Object's properties

2021-11-19 17:06:52 - [MESSAGE][INFO] - Checking timeout

2021-11-19 17:06:52 - [MESSAGE][INFO] - Finding web element with id: 'Object Repository/Olusturma/Genel/Not/Notlar' located by 'By.xpath: //*[@id = 'txtNote_I']' in '30' second(s)

2021-11-19 17:06:52 - [MESSAGE][INFO] - Smart Wait Function is triggered

2021-11-19 17:06:52 - [MESSAGE][INFO] - Found 1 web elements with id: 'Object Repository/Olusturma/Genel/Not/Notlar' located by 'By.xpath: //*[@id = 'txtNote_I']' in '30' second(s)

2021-11-19 17:06:52 - [MESSAGE][INFO] - Clicking on object: 'Object Repository/Olusturma/Genel/Not/Notlar'

2021-11-19 17:06:52 - [MESSAGE][PASSED] - Object: 'Object Repository/Olusturma/Genel/Not/Notlar' is clicked on

2021-11-19 17:06:52 - [TEST_STEP][PASSED] - while (true): null

2021-11-19 17:06:52 - [TEST_STEP][PASSED] - delay(1): Delayed 1 second(s)

2021-11-19 17:06:52 - [MESSAGE][INFO] - Delaying browser in 1 second(s)

2021-11-19 17:06:53 - [MESSAGE][PASSED] - Delayed 1 second(s)

2021-11-19 17:06:53 - [TEST_STEP][PASSED] - ajaxIsComplete = executeJavaScript("return jQuery.active == 0", null): Execute JavaScript 'return jQuery.active == 0' successfully

2021-11-19 17:06:53 - [MESSAGE][PASSED] - Execute JavaScript 'return jQuery.active == 0' successfully

2021-11-19 17:06:53 - [TEST_STEP][PASSED] - if (ajaxIsComplete): null

2021-11-19 17:06:53 - [TEST_STEP][PASSED] - break: null

2021-11-19 17:06:53 - [TEST_STEP][PASSED] - sendKeys(findTestObject("Olusturma/Genel/Not/Notlar"), Not): Keys 'Otomasyon Not' sent to object: 'Object Repository/Olusturma/Genel/Not/Notlar'

2021-11-19 17:06:53 - [MESSAGE][INFO] - Finding Test Object 'Object Repository/Olusturma/Genel/Not/Notlar'

2021-11-19 17:06:53 - [MESSAGE][INFO] - Sending keys 'Otomasyon Not' to object: 'Object Repository/Olusturma/Genel/Not/Notlar'

2021-11-19 17:06:53 - [MESSAGE][INFO] - Finding web element from Test Object's properties

2021-11-19 17:06:53 - [MESSAGE][INFO] - Checking timeout

2021-11-19 17:06:53 - [MESSAGE][INFO] - Finding web element with id: 'Object Repository/Olusturma/Genel/Not/Notlar' located by 'By.xpath: //*[@id = 'txtNote_I']' in '30' second(s)

2021-11-19 17:06:53 - [MESSAGE][INFO] - Smart Wait Function is triggered

2021-11-19 17:06:53 - [MESSAGE][INFO] - Found 1 web elements with id: 'Object Repository/Olusturma/Genel/Not/Notlar' located by 'By.xpath: //*[@id = 'txtNote_I']' in '30' second(s)

2021-11-19 17:06:54 - [MESSAGE][PASSED] - Keys 'Otomasyon Not' sent to object: 'Object Repository/Olusturma/Genel/Not/Notlar'

2021-11-19 17:06:54 - [MESSAGE][PASSED] - Call Test Case 'Test Cases/Olusturma/Genel/NotGirilir' successfully

2021-11-19 17:06:54 - [MESSAGE][INFO] - Checking called Test Case

2021-11-19 17:06:54 - [MESSAGE][INFO] - Starting to call Test Case 'Test Cases/Olusturma/Genel/EttnBilgisiKayitEdilir'

2021-11-19 17:06:54 - [TEST_CASE][PASSED] - Test Cases/Olusturma/Genel/EttnBilgisiKayitEdilir: Test Cases/Olusturma/Genel/EttnBilgisiKayitEdilir

2021-11-19 17:06:54 - [TEST_STEP][PASSED] - verifyElementPresent(findTestObject("Object Repository/Olusturma/Genel/Olusturma/eArsivEttnBilgisi"), 7): Object 'Object Repository/Olusturma/Genel/Olusturma/eArsivEttnBilgisi' is present

2021-11-19 17:06:54 - [MESSAGE][INFO] - Finding Test Object 'Object Repository/Olusturma/Genel/Olusturma/eArsivEttnBilgisi'

2021-11-19 17:06:54 - [MESSAGE][INFO] - Checking object

2021-11-19 17:06:54 - [MESSAGE][INFO] - Finding web element from Test Object's properties

2021-11-19 17:06:54 - [MESSAGE][INFO] - Checking timeout

2021-11-19 17:06:54 - [MESSAGE][INFO] - Finding web element with id: 'Object Repository/Olusturma/Genel/Olusturma/eArsivEttnBilgisi' located by 'By.xpath: //*[@id = 'Uuid_I']' in '7' second(s)

2021-11-19 17:06:54 - [MESSAGE][INFO] - Smart Wait Function is triggered

2021-11-19 17:06:54 - [MESSAGE][INFO] - Found 1 web elements with id: 'Object Repository/Olusturma/Genel/Olusturma/eArsivEttnBilgisi' located by 'By.xpath: //*[@id = 'Uuid_I']' in '7' second(s)

2021-11-19 17:06:54 - [MESSAGE][PASSED] - Object 'Object Repository/Olusturma/Genel/Olusturma/eArsivEttnBilgisi' is present

2021-11-19 17:06:54 - [TEST_STEP][PASSED] - ettn = getAttribute(findTestObject("Object Repository/Olusturma/Genel/Olusturma/eArsivEttnBilgisi"), "value"): Attribute 'value' of object 'Object Repository/Olusturma/Genel/Olusturma/eArsivEttnBilgisi' is: '6b7ae8a2-6ccb-4b02-a58e-ef76981f79c3'

2021-11-19 17:06:54 - [MESSAGE][INFO] - Finding Test Object 'Object Repository/Olusturma/Genel/Olusturma/eArsivEttnBilgisi'

2021-11-19 17:06:54 - [MESSAGE][INFO] - Checking object

2021-11-19 17:06:54 - [MESSAGE][INFO] - Checking attribute

2021-11-19 17:06:54 - [MESSAGE][INFO] - Finding web element from Test Object's properties

2021-11-19 17:06:54 - [MESSAGE][INFO] - Checking timeout

2021-11-19 17:06:54 - [MESSAGE][INFO] - Finding web element with id: 'Object Repository/Olusturma/Genel/Olusturma/eArsivEttnBilgisi' located by 'By.xpath: //*[@id = 'Uuid_I']' in '30' second(s)

2021-11-19 17:06:54 - [MESSAGE][INFO] - Smart Wait Function is triggered

2021-11-19 17:06:54 - [MESSAGE][INFO] - Found 1 web elements with id: 'Object Repository/Olusturma/Genel/Olusturma/eArsivEttnBilgisi' located by 'By.xpath: //*[@id = 'Uuid_I']' in '30' second(s)

2021-11-19 17:06:54 - [MESSAGE][INFO] - Getting attribute 'value' of object 'Object Repository/Olusturma/Genel/Olusturma/eArsivEttnBilgisi'

2021-11-19 17:06:54 - [MESSAGE][PASSED] - Attribute 'value' of object 'Object Repository/Olusturma/Genel/Olusturma/eArsivEttnBilgisi' is: '6b7ae8a2-6ccb-4b02-a58e-ef76981f79c3'

2021-11-19 17:06:54 - [MESSAGE][PASSED] - Call Test Case 'Test Cases/Olusturma/Genel/EttnBilgisiKayitEdilir' successfully

2021-11-19 17:06:54 - [MESSAGE][INFO] - Checking called Test Case

2021-11-19 17:06:54 - [MESSAGE][INFO] - Starting to call Test Case 'Test Cases/Olusturma/Genel/KaydetButonunaTiklanir'

2021-11-19 17:06:54 - [TEST_CASE][PASSED] - Test Cases/Olusturma/Genel/KaydetButonunaTiklanir: Test Cases/Olusturma/Genel/KaydetButonunaTiklanir

2021-11-19 17:06:54 - [TEST_STEP][PASSED] - i = 0: null

2021-11-19 17:06:54 - [TEST_STEP][PASSED] - waitForElementPresent(findTestObject("Olusturma/Genel/Not/Notlar"), 10): Object 'Object Repository/Olusturma/Genel/Not/Notlar' is present

2021-11-19 17:06:54 - [MESSAGE][INFO] - Finding Test Object 'Object Repository/Olusturma/Genel/Not/Notlar'

2021-11-19 17:06:54 - [MESSAGE][INFO] - Checking object

2021-11-19 17:06:54 - [MESSAGE][INFO] - Finding web element from Test Object's properties

2021-11-19 17:06:54 - [MESSAGE][INFO] - Checking timeout

2021-11-19 17:06:54 - [MESSAGE][INFO] - Finding web element with id: 'Object Repository/Olusturma/Genel/Not/Notlar' located by 'By.xpath: //*[@id = 'txtNote_I']' in '10' second(s)

2021-11-19 17:06:54 - [MESSAGE][INFO] - Smart Wait Function is triggered

2021-11-19 17:06:55 - [MESSAGE][INFO] - Found 1 web elements with id: 'Object Repository/Olusturma/Genel/Not/Notlar' located by 'By.xpath: //*[@id = 'txtNote_I']' in '10' second(s)

2021-11-19 17:06:55 - [MESSAGE][PASSED] - Object 'Object Repository/Olusturma/Genel/Not/Notlar' is present

2021-11-19 17:06:55 - [TEST_STEP][PASSED] - click(findTestObject("Olusturma/Genel/Not/Notlar")): Object: 'Object Repository/Olusturma/Genel/Not/Notlar' is clicked on

2021-11-19 17:06:55 - [MESSAGE][INFO] - Finding Test Object 'Object Repository/Olusturma/Genel/Not/Notlar'

2021-11-19 17:06:55 - [MESSAGE][INFO] - Checking object

2021-11-19 17:06:55 - [MESSAGE][INFO] - Finding web element from Test Object's properties

2021-11-19 17:06:55 - [MESSAGE][INFO] - Checking timeout

2021-11-19 17:06:55 - [MESSAGE][INFO] - Finding web element with id: 'Object Repository/Olusturma/Genel/Not/Notlar' located by 'By.xpath: //*[@id = 'txtNote_I']' in '30' second(s)

2021-11-19 17:06:55 - [MESSAGE][INFO] - Smart Wait Function is triggered

2021-11-19 17:06:55 - [MESSAGE][INFO] - Found 1 web elements with id: 'Object Repository/Olusturma/Genel/Not/Notlar' located by 'By.xpath: //*[@id = 'txtNote_I']' in '30' second(s)

2021-11-19 17:06:55 - [MESSAGE][INFO] - Clicking on object: 'Object Repository/Olusturma/Genel/Not/Notlar'

2021-11-19 17:06:55 - [MESSAGE][PASSED] - Object: 'Object Repository/Olusturma/Genel/Not/Notlar' is clicked on

2021-11-19 17:06:55 - [TEST_STEP][PASSED] - while (true): null

2021-11-19 17:06:55 - [TEST_STEP][PASSED] - delay(1): Delayed 1 second(s)

2021-11-19 17:06:55 - [MESSAGE][INFO] - Delaying browser in 1 second(s)

2021-11-19 17:06:56 - [MESSAGE][PASSED] - Delayed 1 second(s)

2021-11-19 17:06:56 - [TEST_STEP][PASSED] - ajaxIsComplete = executeJavaScript("return jQuery.active == 0", null): Execute JavaScript 'return jQuery.active == 0' successfully

2021-11-19 17:06:56 - [MESSAGE][PASSED] - Execute JavaScript 'return jQuery.active == 0' successfully

2021-11-19 17:06:56 - [TEST_STEP][PASSED] - if (ajaxIsComplete): null

2021-11-19 17:06:56 - [TEST_STEP][PASSED] - break: null

2021-11-19 17:06:56 - [TEST_STEP][PASSED] - waitForElementClickable(findTestObject("Object Repository/Olusturma/Genel/Buton"), 10): Object 'Object Repository/Olusturma/Genel/Buton' is clickable

2021-11-19 17:06:56 - [MESSAGE][INFO] - Finding Test Object 'Object Repository/Olusturma/Genel/Buton'

2021-11-19 17:06:56 - [MESSAGE][INFO] - Checking object

2021-11-19 17:06:56 - [MESSAGE][INFO] - Checking timeout

2021-11-19 17:06:56 - [MESSAGE][INFO] - Finding web element from Test Object's properties

2021-11-19 17:06:56 - [MESSAGE][INFO] - Checking timeout

2021-11-19 17:06:56 - [MESSAGE][INFO] - Finding web element with id: 'Object Repository/Olusturma/Genel/Buton' located by 'By.xpath: //*[@id = 'btnKaydet']' in '10' second(s)

2021-11-19 17:06:56 - [MESSAGE][INFO] - Smart Wait Function is triggered

2021-11-19 17:06:57 - [MESSAGE][INFO] - Found 1 web elements with id: 'Object Repository/Olusturma/Genel/Buton' located by 'By.xpath: //*[@id = 'btnKaydet']' in '10' second(s)

2021-11-19 17:06:57 - [MESSAGE][PASSED] - Object 'Object Repository/Olusturma/Genel/Buton' is clickable

2021-11-19 17:06:57 - [TEST_STEP][PASSED] - click(findTestObject("Object Repository/Olusturma/Genel/Buton")): Object: 'Object Repository/Olusturma/Genel/Buton' is clicked on

2021-11-19 17:06:57 - [MESSAGE][INFO] - Finding Test Object 'Object Repository/Olusturma/Genel/Buton'

2021-11-19 17:06:57 - [MESSAGE][INFO] - Checking object

2021-11-19 17:06:57 - [MESSAGE][INFO] - Finding web element from Test Object's properties

2021-11-19 17:06:57 - [MESSAGE][INFO] - Checking timeout

2021-11-19 17:06:57 - [MESSAGE][INFO] - Finding web element with id: 'Object Repository/Olusturma/Genel/Buton' located by 'By.xpath: //*[@id = 'btnKaydet']' in '30' second(s)

2021-11-19 17:06:57 - [MESSAGE][INFO] - Smart Wait Function is triggered

2021-11-19 17:06:57 - [MESSAGE][INFO] - Found 1 web elements with id: 'Object Repository/Olusturma/Genel/Buton' located by 'By.xpath: //*[@id = 'btnKaydet']' in '30' second(s)

2021-11-19 17:06:57 - [MESSAGE][INFO] - Clicking on object: 'Object Repository/Olusturma/Genel/Buton'

2021-11-19 17:07:00 - [MESSAGE][PASSED] - Object: 'Object Repository/Olusturma/Genel/Buton' is clicked on

2021-11-19 17:07:00 - [MESSAGE][PASSED] - Call Test Case 'Test Cases/Olusturma/Genel/KaydetButonunaTiklanir' successfully

2021-11-19 17:07:00 - [MESSAGE][INFO] - Checking called Test Case

2021-11-19 17:07:00 - [MESSAGE][INFO] - Starting to call Test Case 'Test Cases/Tablo/TablodaEttnliVeriOlusturulduMu'

2021-11-19 17:07:00 - [TEST_CASE][PASSED] - Test Cases/Tablo/TablodaEttnliVeriOlusturulduMu: Test Cases/Tablo/TablodaEttnliVeriOlusturulduMu

2021-11-19 17:07:00 - [TEST_STEP][PASSED] - Method.TextDegerineEsitElementVarMi(findTestObject("Tablo/OlusturulanVeri"), ettn): Method.TextDegerineEsitElementVarMi is PASSED

2021-11-19 17:07:00 - [MESSAGE][INFO] - Finding Test Object 'Object Repository/Tablo/OlusturulanVeri'

2021-11-19 17:07:00 - [MESSAGE][INFO] - Checking timeout

2021-11-19 17:07:00 - [MESSAGE][INFO] - Finding web element with id: 'Object Repository/Tablo/OlusturulanVeri' located by 'By.cssSelector: table.dxgvTable_LECustomTheme>tbody>tr:nth-child(3)>td.dxgv b,table.dxgvTable_LECustomTheme>tbody>tr:nth-child(3)>td.dxgv' in '10' second(s)

2021-11-19 17:07:00 - [MESSAGE][INFO] - Smart Wait Function is triggered

2021-11-19 17:07:00 - [MESSAGE][INFO] - Found 14 web elements with id: 'Object Repository/Tablo/OlusturulanVeri' located by 'By.cssSelector: table.dxgvTable_LECustomTheme>tbody>tr:nth-child(3)>td.dxgv b,table.dxgvTable_LECustomTheme>tbody>tr:nth-child(3)>td.dxgv' in '10' second(s)

2021-11-19 17:07:00 - [MESSAGE][PASSED] - Method.TextDegerineEsitElementVarMi is PASSED

2021-11-19 17:07:00 - [MESSAGE][PASSED] - Call Test Case 'Test Cases/Tablo/TablodaEttnliVeriOlusturulduMu' successfully

2021-11-19 17:07:00 - [MESSAGE][INFO] - Checking called Test Case

2021-11-19 17:07:00 - [MESSAGE][INFO] - Starting to call Test Case 'Test Cases/Tablo/TablodanEttnliVeriSec'

2021-11-19 17:07:00 - [TEST_CASE][PASSED] - Test Cases/Tablo/TablodanEttnliVeriSec: Test Cases/Tablo/TablodanEttnliVeriSec

2021-11-19 17:07:00 - [TEST_STEP][PASSED] - Method.TextDegerineEsitElementinAltindakineTikla(findTestObject("Tablo/Veriler"), findTestObject("Tablo/VerininCheckBoxi"), ettn): Method.TextDegerineEsitElementinAltindakineTikla is PASSED

2021-11-19 17:07:00 - [MESSAGE][INFO] - Finding Test Object 'Object Repository/Tablo/Veriler'

2021-11-19 17:07:00 - [MESSAGE][INFO] - Finding Test Object 'Object Repository/Tablo/VerininCheckBoxi'

2021-11-19 17:07:00 - [MESSAGE][INFO] - Checking timeout

2021-11-19 17:07:00 - [MESSAGE][INFO] - Finding web element with id: 'Object Repository/Tablo/Veriler' located by 'By.cssSelector: td.dxgv b ,td.dxgv' in '10' second(s)

2021-11-19 17:07:00 - [MESSAGE][INFO] - Smart Wait Function is triggered

2021-11-19 17:07:01 - [MESSAGE][INFO] - Found 70 web elements with id: 'Object Repository/Tablo/Veriler' located by 'By.cssSelector: td.dxgv b ,td.dxgv' in '10' second(s)

2021-11-19 17:07:01 - [MESSAGE][INFO] - Smart Wait Function is triggered

2021-11-19 17:07:01 - [MESSAGE][PASSED] - Method.TextDegerineEsitElementinAltindakineTikla is PASSED

2021-11-19 17:07:01 - [MESSAGE][PASSED] - Call Test Case 'Test Cases/Tablo/TablodanEttnliVeriSec' successfully

2021-11-19 17:07:01 - [MESSAGE][INFO] - Checking called Test Case

2021-11-19 17:07:01 - [MESSAGE][INFO] - Starting to call Test Case 'Test Cases/Butonlar/ButonaTikla'

2021-11-19 17:07:01 - [TEST_CASE][PASSED] - Test Cases/Butonlar/ButonaTikla: Test Cases/Butonlar/ButonaTikla

2021-11-19 17:07:01 - [TEST_STEP][PASSED] - Method.TextDegerineEsitElementeTiklaEquals(findTestObject("Butonlar/Butonlar"), Buton_Adi): Method.TextDegerineEsitElementeTiklaEquals is PASSED

2021-11-19 17:07:01 - [MESSAGE][INFO] - Finding Test Object 'Object Repository/Butonlar/Butonlar'

2021-11-19 17:07:01 - [MESSAGE][INFO] - Checking timeout

2021-11-19 17:07:01 - [MESSAGE][INFO] - Finding web element with id: 'Object Repository/Butonlar/Butonlar' located by 'By.cssSelector: .panel.panel-default.text-center.footerPanel .btn,.btn.btn-primary.btnControls' in '10' second(s)

2021-11-19 17:07:01 - [MESSAGE][INFO] - Smart Wait Function is triggered

2021-11-19 17:07:02 - [MESSAGE][INFO] - Found 9 web elements with id: 'Object Repository/Butonlar/Butonlar' located by 'By.cssSelector: .panel.panel-default.text-center.footerPanel .btn,.btn.btn-primary.btnControls' in '10' second(s)

2021-11-19 17:07:02 - [MESSAGE][PASSED] - Method.TextDegerineEsitElementeTiklaEquals is PASSED

2021-11-19 17:07:02 - [MESSAGE][PASSED] - Call Test Case 'Test Cases/Butonlar/ButonaTikla' successfully

2021-11-19 17:07:02 - [MESSAGE][INFO] - Checking called Test Case

2021-11-19 17:07:02 - [MESSAGE][INFO] - Starting to call Test Case 'Test Cases/Popup/PopupMesajiIceriyorMu'

2021-11-19 17:07:02 - [TEST_CASE][PASSED] - Test Cases/Popup/PopupMesajiIceriyorMu: Test Cases/Popup/PopupMesajiIceriyorMu

2021-11-19 17:07:02 - [TEST_STEP][PASSED] - waitForElementVisible(findTestObject("Popup/Popup"), 10): Object 'Object Repository/Popup/Popup' is visible

2021-11-19 17:07:02 - [MESSAGE][INFO] - Finding Test Object 'Object Repository/Popup/Popup'

2021-11-19 17:07:02 - [MESSAGE][INFO] - Checking object

2021-11-19 17:07:02 - [MESSAGE][INFO] - Checking timeout

2021-11-19 17:07:02 - [MESSAGE][INFO] - Finding web element from Test Object's properties

2021-11-19 17:07:02 - [MESSAGE][INFO] - Checking timeout

2021-11-19 17:07:02 - [MESSAGE][INFO] - Finding web element with id: 'Object Repository/Popup/Popup' located by 'By.cssSelector: .bootbox-body' in '10' second(s)

2021-11-19 17:07:02 - [MESSAGE][INFO] - Smart Wait Function is triggered

2021-11-19 17:07:03 - [MESSAGE][INFO] - Found 1 web elements with id: 'Object Repository/Popup/Popup' located by 'By.cssSelector: .bootbox-body' in '10' second(s)

2021-11-19 17:07:03 - [MESSAGE][PASSED] - Object 'Object Repository/Popup/Popup' is visible

2021-11-19 17:07:03 - [TEST_STEP][PASSED] - if (!(getText(findTestObject("Popup/Popup")).contains(Mesaj))): Text of object 'Object Repository/Popup/Popup' is: 'Oluşturulacak fatura numarası : FGX2021000000506 Fatura numarası oluşturulduktan sonra fatura silinemez. Fatura numarası, tarihi ve ön eki değiştirilemez. Devam etmek istiyor musunuz?'

2021-11-19 17:07:03 - [MESSAGE][INFO] - Finding Test Object 'Object Repository/Popup/Popup'

2021-11-19 17:07:03 - [MESSAGE][INFO] - Checking object

2021-11-19 17:07:03 - [MESSAGE][INFO] - Finding web element from Test Object's properties

2021-11-19 17:07:03 - [MESSAGE][INFO] - Checking timeout

2021-11-19 17:07:03 - [MESSAGE][INFO] - Finding web element with id: 'Object Repository/Popup/Popup' located by 'By.cssSelector: .bootbox-body' in '30' second(s)

2021-11-19 17:07:03 - [MESSAGE][INFO] - Smart Wait Function is triggered

2021-11-19 17:07:03 - [MESSAGE][INFO] - Found 1 web elements with id: 'Object Repository/Popup/Popup' located by 'By.cssSelector: .bootbox-body' in '30' second(s)

2021-11-19 17:07:03 - [MESSAGE][INFO] - Getting text of object 'Object Repository/Popup/Popup'

2021-11-19 17:07:03 - [MESSAGE][PASSED] - Text of object 'Object Repository/Popup/Popup' is: 'Oluşturulacak fatura numarası : FGX2021000000506 Fatura numarası oluşturulduktan sonra fatura silinemez. Fatura numarası, tarihi ve ön eki değiştirilemez. Devam etmek istiyor musunuz?'

2021-11-19 17:07:03 - [TEST_STEP][PASSED] - RaporNo = getText(findTestObject("Popup/Popup")).substring(0, 6): Text of object 'Object Repository/Popup/Popup' is: 'Oluşturulacak fatura numarası : FGX2021000000506 Fatura numarası oluşturulduktan sonra fatura silinemez. Fatura numarası, tarihi ve ön eki değiştirilemez. Devam etmek istiyor musunuz?'

2021-11-19 17:07:03 - [MESSAGE][INFO] - Finding Test Object 'Object Repository/Popup/Popup'

2021-11-19 17:07:03 - [MESSAGE][INFO] - Checking object

2021-11-19 17:07:03 - [MESSAGE][INFO] - Finding web element from Test Object's properties

2021-11-19 17:07:03 - [MESSAGE][INFO] - Checking timeout

2021-11-19 17:07:03 - [MESSAGE][INFO] - Finding web element with id: 'Object Repository/Popup/Popup' located by 'By.cssSelector: .bootbox-body' in '30' second(s)

2021-11-19 17:07:03 - [MESSAGE][INFO] - Smart Wait Function is triggered

2021-11-19 17:07:04 - [MESSAGE][INFO] - Found 1 web elements with id: 'Object Repository/Popup/Popup' located by 'By.cssSelector: .bootbox-body' in '30' second(s)

2021-11-19 17:07:04 - [MESSAGE][INFO] - Getting text of object 'Object Repository/Popup/Popup'

2021-11-19 17:07:04 - [MESSAGE][PASSED] - Text of object 'Object Repository/Popup/Popup' is: 'Oluşturulacak fatura numarası : FGX2021000000506 Fatura numarası oluşturulduktan sonra fatura silinemez. Fatura numarası, tarihi ve ön eki değiştirilemez. Devam etmek istiyor musunuz?'

2021-11-19 17:07:04 - [TEST_STEP][PASSED] - Console.println(RaporNo): null

2021-11-19 17:07:04 - [MESSAGE][PASSED] - Call Test Case 'Test Cases/Popup/PopupMesajiIceriyorMu' successfully

2021-11-19 17:07:04 - [MESSAGE][INFO] - Checking called Test Case

2021-11-19 17:07:04 - [MESSAGE][INFO] - Starting to call Test Case 'Test Cases/Popup/PopupButonSecilir'

2021-11-19 17:07:04 - [TEST_CASE][PASSED] - Test Cases/Popup/PopupButonSecilir: Test Cases/Popup/PopupButonSecilir

2021-11-19 17:07:04 - [TEST_STEP][PASSED] - Method.TextDegerineEsitElementeTikla(findTestObject("Popup/Popup_Butons"), Buton): Method.TextDegerineEsitElementeTikla is PASSED

2021-11-19 17:07:04 - [MESSAGE][INFO] - Finding Test Object 'Object Repository/Popup/Popup_Butons'

2021-11-19 17:07:04 - [MESSAGE][INFO] - Checking timeout

2021-11-19 17:07:04 - [MESSAGE][INFO] - Finding web element with id: 'Object Repository/Popup/Popup_Butons' located by 'By.cssSelector: .modal-footer>button' in '10' second(s)

2021-11-19 17:07:04 - [MESSAGE][INFO] - Smart Wait Function is triggered

2021-11-19 17:07:04 - [MESSAGE][INFO] - Found 2 web elements with id: 'Object Repository/Popup/Popup_Butons' located by 'By.cssSelector: .modal-footer>button' in '10' second(s)

2021-11-19 17:07:04 - [MESSAGE][PASSED] - Method.TextDegerineEsitElementeTikla is PASSED

2021-11-19 17:07:04 - [MESSAGE][PASSED] - Call Test Case 'Test Cases/Popup/PopupButonSecilir' successfully

2021-11-19 17:07:04 - [MESSAGE][INFO] - Checking called Test Case

2021-11-19 17:07:04 - [MESSAGE][INFO] - Starting to call Test Case 'Test Cases/Popup/PopupMesajiIceriyorMu'

2021-11-19 17:07:04 - [TEST_CASE][PASSED] - Test Cases/Popup/PopupMesajiIceriyorMu: Test Cases/Popup/PopupMesajiIceriyorMu

2021-11-19 17:07:04 - [TEST_STEP][PASSED] - waitForElementVisible(findTestObject("Popup/Popup"), 10): Object 'Object Repository/Popup/Popup' is visible

2021-11-19 17:07:04 - [MESSAGE][INFO] - Finding Test Object 'Object Repository/Popup/Popup'

2021-11-19 17:07:05 - [MESSAGE][INFO] - Checking object

2021-11-19 17:07:05 - [MESSAGE][INFO] - Checking timeout

2021-11-19 17:07:05 - [MESSAGE][INFO] - Finding web element from Test Object's properties

2021-11-19 17:07:05 - [MESSAGE][INFO] - Checking timeout

2021-11-19 17:07:05 - [MESSAGE][INFO] - Finding web element with id: 'Object Repository/Popup/Popup' located by 'By.cssSelector: .bootbox-body' in '10' second(s)

2021-11-19 17:07:05 - [MESSAGE][INFO] - Smart Wait Function is triggered

2021-11-19 17:07:05 - [MESSAGE][INFO] - Found 1 web elements with id: 'Object Repository/Popup/Popup' located by 'By.cssSelector: .bootbox-body' in '10' second(s)

2021-11-19 17:07:05 - [MESSAGE][PASSED] - Object 'Object Repository/Popup/Popup' is visible

2021-11-19 17:07:05 - [TEST_STEP][PASSED] - if (!(getText(findTestObject("Popup/Popup")).contains(Mesaj))): Text of object 'Object Repository/Popup/Popup' is: 'Fatura numaranız FGX2021000000506 olarak oluşmuştur.'

2021-11-19 17:07:05 - [MESSAGE][INFO] - Finding Test Object 'Object Repository/Popup/Popup'

2021-11-19 17:07:05 - [MESSAGE][INFO] - Checking object

2021-11-19 17:07:05 - [MESSAGE][INFO] - Finding web element from Test Object's properties

2021-11-19 17:07:05 - [MESSAGE][INFO] - Checking timeout

2021-11-19 17:07:05 - [MESSAGE][INFO] - Finding web element with id: 'Object Repository/Popup/Popup' located by 'By.cssSelector: .bootbox-body' in '30' second(s)

2021-11-19 17:07:05 - [MESSAGE][INFO] - Smart Wait Function is triggered

2021-11-19 17:07:06 - [MESSAGE][INFO] - Found 1 web elements with id: 'Object Repository/Popup/Popup' located by 'By.cssSelector: .bootbox-body' in '30' second(s)

2021-11-19 17:07:06 - [MESSAGE][INFO] - Getting text of object 'Object Repository/Popup/Popup'

2021-11-19 17:07:06 - [MESSAGE][PASSED] - Text of object 'Object Repository/Popup/Popup' is: 'Fatura numaranız FGX2021000000506 olarak oluşmuştur.'

2021-11-19 17:07:06 - [TEST_STEP][PASSED] - RaporNo = getText(findTestObject("Popup/Popup")).substring(0, 6): Text of object 'Object Repository/Popup/Popup' is: 'Fatura numaranız FGX2021000000506 olarak oluşmuştur.'

2021-11-19 17:07:06 - [MESSAGE][INFO] - Finding Test Object 'Object Repository/Popup/Popup'

2021-11-19 17:07:06 - [MESSAGE][INFO] - Checking object

2021-11-19 17:07:06 - [MESSAGE][INFO] - Finding web element from Test Object's properties

2021-11-19 17:07:06 - [MESSAGE][INFO] - Checking timeout

2021-11-19 17:07:06 - [MESSAGE][INFO] - Finding web element with id: 'Object Repository/Popup/Popup' located by 'By.cssSelector: .bootbox-body' in '30' second(s)

2021-11-19 17:07:06 - [MESSAGE][INFO] - Smart Wait Function is triggered

2021-11-19 17:07:06 - [MESSAGE][INFO] - Found 1 web elements with id: 'Object Repository/Popup/Popup' located by 'By.cssSelector: .bootbox-body' in '30' second(s)

2021-11-19 17:07:06 - [MESSAGE][INFO] - Getting text of object 'Object Repository/Popup/Popup'

2021-11-19 17:07:06 - [MESSAGE][PASSED] - Text of object 'Object Repository/Popup/Popup' is: 'Fatura numaranız FGX2021000000506 olarak oluşmuştur.'

2021-11-19 17:07:06 - [TEST_STEP][PASSED] - Console.println(RaporNo): null

2021-11-19 17:07:06 - [MESSAGE][PASSED] - Call Test Case 'Test Cases/Popup/PopupMesajiIceriyorMu' successfully

2021-11-19 17:07:06 - [MESSAGE][INFO] - Checking called Test Case

2021-11-19 17:07:06 - [MESSAGE][INFO] - Starting to call Test Case 'Test Cases/Popup/PopupButonSecilir'

2021-11-19 17:07:06 - [TEST_CASE][PASSED] - Test Cases/Popup/PopupButonSecilir: Test Cases/Popup/PopupButonSecilir

2021-11-19 17:07:06 - [TEST_STEP][PASSED] - Method.TextDegerineEsitElementeTikla(findTestObject("Popup/Popup_Butons"), Buton): Method.TextDegerineEsitElementeTikla is PASSED

2021-11-19 17:07:06 - [MESSAGE][INFO] - Finding Test Object 'Object Repository/Popup/Popup_Butons'

2021-11-19 17:07:06 - [MESSAGE][INFO] - Checking timeout

2021-11-19 17:07:06 - [MESSAGE][INFO] - Finding web element with id: 'Object Repository/Popup/Popup_Butons' located by 'By.cssSelector: .modal-footer>button' in '10' second(s)

2021-11-19 17:07:06 - [MESSAGE][INFO] - Smart Wait Function is triggered

2021-11-19 17:07:06 - [MESSAGE][INFO] - Found 1 web elements with id: 'Object Repository/Popup/Popup_Butons' located by 'By.cssSelector: .modal-footer>button' in '10' second(s)

2021-11-19 17:07:06 - [MESSAGE][PASSED] - Method.TextDegerineEsitElementeTikla is PASSED

2021-11-19 17:07:07 - [MESSAGE][PASSED] - Call Test Case 'Test Cases/Popup/PopupButonSecilir' successfully

2021-11-19 17:07:07 - [MESSAGE][INFO] - Checking called Test Case

2021-11-19 17:07:07 - [MESSAGE][INFO] - Starting to call Test Case 'Test Cases/Tablo/TablodanEttnliVeriSec'

2021-11-19 17:07:07 - [TEST_CASE][PASSED] - Test Cases/Tablo/TablodanEttnliVeriSec: Test Cases/Tablo/TablodanEttnliVeriSec

2021-11-19 17:07:07 - [TEST_STEP][PASSED] - Method.TextDegerineEsitElementinAltindakineTikla(findTestObject("Tablo/Veriler"), findTestObject("Tablo/VerininCheckBoxi"), ettn): Method.TextDegerineEsitElementinAltindakineTikla is PASSED

2021-11-19 17:07:07 - [MESSAGE][INFO] - Finding Test Object 'Object Repository/Tablo/Veriler'

2021-11-19 17:07:07 - [MESSAGE][INFO] - Finding Test Object 'Object Repository/Tablo/VerininCheckBoxi'

2021-11-19 17:07:07 - [MESSAGE][INFO] - Checking timeout

2021-11-19 17:07:07 - [MESSAGE][INFO] - Finding web element with id: 'Object Repository/Tablo/Veriler' located by 'By.cssSelector: td.dxgv b ,td.dxgv' in '10' second(s)

2021-11-19 17:07:07 - [MESSAGE][INFO] - Smart Wait Function is triggered

2021-11-19 17:07:07 - [MESSAGE][INFO] - Found 70 web elements with id: 'Object Repository/Tablo/Veriler' located by 'By.cssSelector: td.dxgv b ,td.dxgv' in '10' second(s)

2021-11-19 17:07:08 - [MESSAGE][INFO] - Smart Wait Function is triggered

2021-11-19 17:07:08 - [MESSAGE][PASSED] - Method.TextDegerineEsitElementinAltindakineTikla is PASSED

2021-11-19 17:07:08 - [MESSAGE][PASSED] - Call Test Case 'Test Cases/Tablo/TablodanEttnliVeriSec' successfully

2021-11-19 17:07:08 - [MESSAGE][INFO] - Checking called Test Case

2021-11-19 17:07:08 - [MESSAGE][INFO] - Starting to call Test Case 'Test Cases/Butonlar/ButonaTikla'

2021-11-19 17:07:08 - [TEST_CASE][PASSED] - Test Cases/Butonlar/ButonaTikla: Test Cases/Butonlar/ButonaTikla

2021-11-19 17:07:08 - [TEST_STEP][PASSED] - Method.TextDegerineEsitElementeTiklaEquals(findTestObject("Butonlar/Butonlar"), Buton_Adi): Method.TextDegerineEsitElementeTiklaEquals is PASSED

2021-11-19 17:07:08 - [MESSAGE][INFO] - Finding Test Object 'Object Repository/Butonlar/Butonlar'

2021-11-19 17:07:08 - [MESSAGE][INFO] - Checking timeout

2021-11-19 17:07:08 - [MESSAGE][INFO] - Finding web element with id: 'Object Repository/Butonlar/Butonlar' located by 'By.cssSelector: .panel.panel-default.text-center.footerPanel .btn,.btn.btn-primary.btnControls' in '10' second(s)

2021-11-19 17:07:08 - [MESSAGE][INFO] - Smart Wait Function is triggered

2021-11-19 17:07:08 - [MESSAGE][INFO] - Found 9 web elements with id: 'Object Repository/Butonlar/Butonlar' located by 'By.cssSelector: .panel.panel-default.text-center.footerPanel .btn,.btn.btn-primary.btnControls' in '10' second(s)

2021-11-19 17:07:09 - [MESSAGE][PASSED] - Method.TextDegerineEsitElementeTiklaEquals is PASSED

2021-11-19 17:07:09 - [MESSAGE][PASSED] - Call Test Case 'Test Cases/Butonlar/ButonaTikla' successfully

2021-11-19 17:07:09 - [MESSAGE][INFO] - Checking called Test Case

2021-11-19 17:07:09 - [MESSAGE][INFO] - Starting to call Test Case 'Test Cases/Popup/PopupMesajiIceriyorMu'

2021-11-19 17:07:09 - [TEST_CASE][PASSED] - Test Cases/Popup/PopupMesajiIceriyorMu: Test Cases/Popup/PopupMesajiIceriyorMu

2021-11-19 17:07:09 - [TEST_STEP][PASSED] - waitForElementVisible(findTestObject("Popup/Popup"), 10): Object 'Object Repository/Popup/Popup' is visible

2021-11-19 17:07:09 - [MESSAGE][INFO] - Finding Test Object 'Object Repository/Popup/Popup'

2021-11-19 17:07:09 - [MESSAGE][INFO] - Checking object

2021-11-19 17:07:09 - [MESSAGE][INFO] - Checking timeout

2021-11-19 17:07:09 - [MESSAGE][INFO] - Finding web element from Test Object's properties

2021-11-19 17:07:09 - [MESSAGE][INFO] - Checking timeout

2021-11-19 17:07:09 - [MESSAGE][INFO] - Finding web element with id: 'Object Repository/Popup/Popup' located by 'By.cssSelector: .bootbox-body' in '10' second(s)

2021-11-19 17:07:09 - [MESSAGE][INFO] - Smart Wait Function is triggered

2021-11-19 17:07:09 - [MESSAGE][INFO] - Found 1 web elements with id: 'Object Repository/Popup/Popup' located by 'By.cssSelector: .bootbox-body' in '10' second(s)

2021-11-19 17:07:09 - [MESSAGE][PASSED] - Object 'Object Repository/Popup/Popup' is visible

2021-11-19 17:07:09 - [TEST_STEP][PASSED] - if (!(getText(findTestObject("Popup/Popup")).contains(Mesaj))): Text of object 'Object Repository/Popup/Popup' is: 'Seçilen faturalarınız onaylanacaktır. Onaylanan faturalar üzerinde değişiklik yapılamaz. Devam etmek istiyor musunuz?'

2021-11-19 17:07:09 - [MESSAGE][INFO] - Finding Test Object 'Object Repository/Popup/Popup'

2021-11-19 17:07:10 - [MESSAGE][INFO] - Checking object

2021-11-19 17:07:10 - [MESSAGE][INFO] - Finding web element from Test Object's properties

2021-11-19 17:07:10 - [MESSAGE][INFO] - Checking timeout

2021-11-19 17:07:10 - [MESSAGE][INFO] - Finding web element with id: 'Object Repository/Popup/Popup' located by 'By.cssSelector: .bootbox-body' in '30' second(s)

2021-11-19 17:07:10 - [MESSAGE][INFO] - Smart Wait Function is triggered

2021-11-19 17:07:10 - [MESSAGE][INFO] - Found 1 web elements with id: 'Object Repository/Popup/Popup' located by 'By.cssSelector: .bootbox-body' in '30' second(s)

2021-11-19 17:07:10 - [MESSAGE][INFO] - Getting text of object 'Object Repository/Popup/Popup'

2021-11-19 17:07:10 - [MESSAGE][PASSED] - Text of object 'Object Repository/Popup/Popup' is: 'Seçilen faturalarınız onaylanacaktır. Onaylanan faturalar üzerinde değişiklik yapılamaz. Devam etmek istiyor musunuz?'

2021-11-19 17:07:10 - [TEST_STEP][PASSED] - RaporNo = getText(findTestObject("Popup/Popup")).substring(0, 6): Text of object 'Object Repository/Popup/Popup' is: 'Seçilen faturalarınız onaylanacaktır. Onaylanan faturalar üzerinde değişiklik yapılamaz. Devam etmek istiyor musunuz?'

2021-11-19 17:07:10 - [MESSAGE][INFO] - Finding Test Object 'Object Repository/Popup/Popup'

2021-11-19 17:07:10 - [MESSAGE][INFO] - Checking object

2021-11-19 17:07:10 - [MESSAGE][INFO] - Finding web element from Test Object's properties

2021-11-19 17:07:10 - [MESSAGE][INFO] - Checking timeout

2021-11-19 17:07:10 - [MESSAGE][INFO] - Finding web element with id: 'Object Repository/Popup/Popup' located by 'By.cssSelector: .bootbox-body' in '30' second(s)

2021-11-19 17:07:10 - [MESSAGE][INFO] - Smart Wait Function is triggered

2021-11-19 17:07:10 - [MESSAGE][INFO] - Found 1 web elements with id: 'Object Repository/Popup/Popup' located by 'By.cssSelector: .bootbox-body' in '30' second(s)

2021-11-19 17:07:10 - [MESSAGE][INFO] - Getting text of object 'Object Repository/Popup/Popup'

2021-11-19 17:07:10 - [MESSAGE][PASSED] - Text of object 'Object Repository/Popup/Popup' is: 'Seçilen faturalarınız onaylanacaktır. Onaylanan faturalar üzerinde değişiklik yapılamaz. Devam etmek istiyor musunuz?'

2021-11-19 17:07:10 - [TEST_STEP][PASSED] - Console.println(RaporNo): null

2021-11-19 17:07:10 - [MESSAGE][PASSED] - Call Test Case 'Test Cases/Popup/PopupMesajiIceriyorMu' successfully

2021-11-19 17:07:10 - [MESSAGE][INFO] - Checking called Test Case

2021-11-19 17:07:10 - [MESSAGE][INFO] - Starting to call Test Case 'Test Cases/Popup/PopupButonSecilir'

2021-11-19 17:07:10 - [TEST_CASE][PASSED] - Test Cases/Popup/PopupButonSecilir: Test Cases/Popup/PopupButonSecilir

2021-11-19 17:07:10 - [TEST_STEP][PASSED] - Method.TextDegerineEsitElementeTikla(findTestObject("Popup/Popup_Butons"), Buton): Method.TextDegerineEsitElementeTikla is PASSED

2021-11-19 17:07:10 - [MESSAGE][INFO] - Finding Test Object 'Object Repository/Popup/Popup_Butons'

2021-11-19 17:07:11 - [MESSAGE][INFO] - Checking timeout

2021-11-19 17:07:11 - [MESSAGE][INFO] - Finding web element with id: 'Object Repository/Popup/Popup_Butons' located by 'By.cssSelector: .modal-footer>button' in '10' second(s)

2021-11-19 17:07:11 - [MESSAGE][INFO] - Smart Wait Function is triggered

2021-11-19 17:07:11 - [MESSAGE][INFO] - Found 2 web elements with id: 'Object Repository/Popup/Popup_Butons' located by 'By.cssSelector: .modal-footer>button' in '10' second(s)

2021-11-19 17:07:11 - [MESSAGE][PASSED] - Method.TextDegerineEsitElementeTikla is PASSED

2021-11-19 17:07:11 - [MESSAGE][PASSED] - Call Test Case 'Test Cases/Popup/PopupButonSecilir' successfully

2021-11-19 17:07:11 - [MESSAGE][INFO] - Checking called Test Case

2021-11-19 17:07:11 - [MESSAGE][INFO] - Starting to call Test Case 'Test Cases/Menu/AnaMenuSecimi'

2021-11-19 17:07:11 - [TEST_CASE][PASSED] - Test Cases/Menu/AnaMenuSecimi: Test Cases/Menu/AnaMenuSecimi

2021-11-19 17:07:11 - [TEST_STEP][PASSED] - Method.TextDegerineEsitElementeTikla(findTestObject("Menu/Ana_Menu"), Ana_Menu): Method.TextDegerineEsitElementeTikla is PASSED

2021-11-19 17:07:11 - [MESSAGE][INFO] - Finding Test Object 'Object Repository/Menu/Ana_Menu'

2021-11-19 17:07:11 - [MESSAGE][INFO] - Checking timeout

2021-11-19 17:07:11 - [MESSAGE][INFO] - Finding web element with id: 'Object Repository/Menu/Ana_Menu' located by 'By.xpath: //*[@class = 'dropdown-toggle']' in '10' second(s)

2021-11-19 17:07:11 - [MESSAGE][INFO] - Smart Wait Function is triggered

2021-11-19 17:07:12 - [MESSAGE][INFO] - Found 13 web elements with id: 'Object Repository/Menu/Ana_Menu' located by 'By.xpath: //*[@class = 'dropdown-toggle']' in '10' second(s)

2021-11-19 17:07:12 - [MESSAGE][PASSED] - Method.TextDegerineEsitElementeTikla is PASSED

2021-11-19 17:07:12 - [MESSAGE][PASSED] - Call Test Case 'Test Cases/Menu/AnaMenuSecimi' successfully

2021-11-19 17:07:12 - [MESSAGE][INFO] - Checking called Test Case

2021-11-19 17:07:12 - [MESSAGE][INFO] - Starting to call Test Case 'Test Cases/Menu/BasligaGoreAltMenuSecimi'

2021-11-19 17:07:12 - [TEST_CASE][PASSED] - Test Cases/Menu/BasligaGoreAltMenuSecimi: Test Cases/Menu/BasligaGoreAltMenuSecimi

2021-11-19 17:07:12 - [TEST_STEP][PASSED] - Method.TextDegerineEsitElementinAltindakiTextDegerineEsitOlanaTikla(findTestObject("Menu/Menu_Basligi"), findTestObject("Menu/Basliga_Gore_Alt_Menu"), Baslik, Alt_Menu): Method.TextDegerineEsitElementinAltindakiTextDegerineEsitOlanaTikla is PASSED

2021-11-19 17:07:12 - [MESSAGE][INFO] - Finding Test Object 'Object Repository/Menu/Menu_Basligi'

2021-11-19 17:07:12 - [MESSAGE][INFO] - Finding Test Object 'Object Repository/Menu/Basliga_Gore_Alt_Menu'

2021-11-19 17:07:12 - [MESSAGE][INFO] - Checking timeout

2021-11-19 17:07:12 - [MESSAGE][INFO] - Finding web element with id: 'Object Repository/Menu/Menu_Basligi' located by 'By.xpath: //li[@class='dropdown dropdown-large open']//li[@class='dropdown-header']' in '10' second(s)

2021-11-19 17:07:12 - [MESSAGE][INFO] - Smart Wait Function is triggered

2021-11-19 17:07:13 - [MESSAGE][INFO] - Found 2 web elements with id: 'Object Repository/Menu/Menu_Basligi' located by 'By.xpath: //li[@class='dropdown dropdown-large open']//li[@class='dropdown-header']' in '10' second(s)

2021-11-19 17:07:13 - [MESSAGE][INFO] - Smart Wait Function is triggered

2021-11-19 17:07:14 - [MESSAGE][PASSED] - Method.TextDegerineEsitElementinAltindakiTextDegerineEsitOlanaTikla is PASSED

2021-11-19 17:07:14 - [MESSAGE][PASSED] - Call Test Case 'Test Cases/Menu/BasligaGoreAltMenuSecimi' successfully

2021-11-19 17:07:14 - [MESSAGE][INFO] - Checking called Test Case

2021-11-19 17:07:14 - [MESSAGE][INFO] - Starting to call Test Case 'Test Cases/Filtreler/EttnYaz'

2021-11-19 17:07:14 - [TEST_CASE][PASSED] - Test Cases/Filtreler/EttnYaz: Test Cases/Filtreler/EttnYaz

2021-11-19 17:07:14 - [TEST_STEP][PASSED] - Method.TextDegerineEsitElementinAltindakiTextboxtaYaz(findTestObject("Filtreler/Basliklar"), findTestObject("Filtreler/Basliga_Gore_Textbox"), "ETTN", ettn): Method.TextDegerineEsitElementinAltindakiTextboxtaYaz is PASSED

2021-11-19 17:07:14 - [MESSAGE][INFO] - Finding Test Object 'Object Repository/Filtreler/Basliklar'

2021-11-19 17:07:14 - [MESSAGE][INFO] - Finding Test Object 'Object Repository/Filtreler/Basliga_Gore_Textbox'

2021-11-19 17:07:14 - [MESSAGE][INFO] - Checking timeout

2021-11-19 17:07:14 - [MESSAGE][INFO] - Finding web element with id: 'Object Repository/Filtreler/Basliklar' located by 'By.cssSelector: .control-label.col-sm-4.paddingMarginRLC' in '10' second(s)

2021-11-19 17:07:14 - [MESSAGE][INFO] - Smart Wait Function is triggered

2021-11-19 17:07:14 - [MESSAGE][INFO] - Found 19 web elements with id: 'Object Repository/Filtreler/Basliklar' located by 'By.cssSelector: .control-label.col-sm-4.paddingMarginRLC' in '10' second(s)

2021-11-19 17:07:14 - [MESSAGE][INFO] - Smart Wait Function is triggered

2021-11-19 17:07:15 - [MESSAGE][PASSED] - Method.TextDegerineEsitElementinAltindakiTextboxtaYaz is PASSED

2021-11-19 17:07:15 - [MESSAGE][PASSED] - Call Test Case 'Test Cases/Filtreler/EttnYaz' successfully

2021-11-19 17:07:15 - [MESSAGE][INFO] - Checking called Test Case

2021-11-19 17:07:15 - [MESSAGE][INFO] - Starting to call Test Case 'Test Cases/Filtreler/ButonaTikla'

2021-11-19 17:07:15 - [TEST_CASE][PASSED] - Test Cases/Filtreler/ButonaTikla: Test Cases/Filtreler/ButonaTikla

2021-11-19 17:07:15 - [TEST_STEP][PASSED] - Method.TextDegerineEsitElementeTikla(findTestObject("Filtreler/Butonlar"), Filtre_Buton): Method.TextDegerineEsitElementeTikla is PASSED

2021-11-19 17:07:15 - [MESSAGE][INFO] - Finding Test Object 'Object Repository/Filtreler/Butonlar'

2021-11-19 17:07:15 - [MESSAGE][INFO] - Checking timeout

2021-11-19 17:07:15 - [MESSAGE][INFO] - Finding web element with id: 'Object Repository/Filtreler/Butonlar' located by 'By.cssSelector: .dxb>span' in '10' second(s)

2021-11-19 17:07:15 - [MESSAGE][INFO] - Smart Wait Function is triggered

2021-11-19 17:07:15 - [MESSAGE][INFO] - Found 3 web elements with id: 'Object Repository/Filtreler/Butonlar' located by 'By.cssSelector: .dxb>span' in '10' second(s)

2021-11-19 17:07:15 - [MESSAGE][PASSED] - Method.TextDegerineEsitElementeTikla is PASSED

2021-11-19 17:07:15 - [MESSAGE][PASSED] - Call Test Case 'Test Cases/Filtreler/ButonaTikla' successfully

2021-11-19 17:07:15 - [MESSAGE][INFO] - Checking called Test Case

2021-11-19 17:07:15 - [MESSAGE][INFO] - Starting to call Test Case 'Test Cases/Tablo/TablodaVeriVarMi'

2021-11-19 17:07:16 - [TEST_CASE][PASSED] - Test Cases/Tablo/TablodaVeriVarMi: Test Cases/Tablo/TablodaVeriVarMi

2021-11-19 17:07:16 - [TEST_STEP][PASSED] - verifyTextNotPresent("Görüntülenecek veri yok", true): Text 'Görüntülenecek veri yok' is not present on page using regular expression

2021-11-19 17:07:16 - [MESSAGE][INFO] - Checking text present  using regular expression

2021-11-19 17:07:16 - [MESSAGE][INFO] - Smart Wait Function is triggered

2021-11-19 17:07:16 - [MESSAGE][INFO] - Finding text 'Görüntülenecek veri yok' on page  using regular expression

2021-11-19 17:07:16 - [MESSAGE][PASSED] - Text 'Görüntülenecek veri yok' is not present on page using regular expression

2021-11-19 17:07:16 - [MESSAGE][PASSED] - Call Test Case 'Test Cases/Tablo/TablodaVeriVarMi' successfully

2021-11-19 17:07:16 - [MESSAGE][INFO] - Checking called Test Case

2021-11-19 17:07:16 - [MESSAGE][INFO] - Starting to call Test Case 'Test Cases/Tablo/TablodaVeriBasariliMiArsiv'

2021-11-19 17:07:16 - [TEST_CASE][PASSED] - Test Cases/Tablo/TablodaVeriBasariliMiArsiv: Test Cases/Tablo/TablodaVeriBasariliMiArsiv

2021-11-19 17:07:16 - [TEST_STEP][PASSED] - sayac = 80: null

2021-11-19 17:07:16 - [TEST_STEP][PASSED] - while (verifyElementText(findTestObject("Object Repository/Tablo/DurumBilgisiArsiv"), "Henüz Sonuçlanmadı", OPTIONAL)): Actual text 'Başarılı' and expected text 'Henüz Sonuçlanmadı' of test object 'Object Repository/Tablo/DurumBilgisiArsiv' are NOT matched. (Root cause: com.kms.katalon.core.exception.StepFailedException: Actual text 'Başarılı' and expected text 'Henüz Sonuçlanmadı' of test object 'Object Repository/Tablo/DurumBilgisiArsiv' are NOT matched.
	at com.kms.katalon.core.webui.keyword.internal.WebUIKeywordMain.stepFailed(WebUIKeywordMain.groovy:64)
	at com.kms.katalon.core.webui.keyword.builtin.VerifyElementTextKeyword$_verifyElementText_closure1.doCall(VerifyElementTextKeyword.groovy:57)
	at com.kms.katalon.core.webui.keyword.builtin.VerifyElementTextKeyword$_verifyElementText_closure1.call(VerifyElementTextKeyword.groovy)
	at com.kms.katalon.core.webui.keyword.internal.WebUIKeywordMain.runKeyword(WebUIKeywordMain.groovy:20)
	at com.kms.katalon.core.webui.keyword.builtin.VerifyElementTextKeyword.verifyElementText(VerifyElementTextKeyword.groovy:72)
	at com.kms.katalon.core.webui.keyword.builtin.VerifyElementTextKeyword.execute(VerifyElementTextKeyword.groovy:40)
	at com.kms.katalon.core.keyword.internal.KeywordExecutor.executeKeywordForPlatform(KeywordExecutor.groovy:73)
	at com.kms.katalon.core.webui.keyword.WebUiBuiltInKeywords.verifyElementText(WebUiBuiltInKeywords.groovy:4733)
	at com.kms.katalon.core.webui.keyword.WebUiBuiltInKeywords$verifyElementText$20.call(Unknown Source)
	at TablodaVeriBasariliMiArsiv.run(TablodaVeriBasariliMiArsiv:22)
	at com.kms.katalon.core.main.ScriptEngine.run(ScriptEngine.java:194)
	at com.kms.katalon.core.main.ScriptEngine.runScriptAsRawText(ScriptEngine.java:119)
	at com.kms.katalon.core.main.TestCaseExecutor.runScript(TestCaseExecutor.java:369)
	at com.kms.katalon.core.main.TestCaseExecutor.doExecute(TestCaseExecutor.java:360)
	at com.kms.katalon.core.main.TestCaseExecutor.processExecutionPhase(TestCaseExecutor.java:339)
	at com.kms.katalon.core.main.TestCaseExecutor.accessMainPhase(TestCaseExecutor.java:331)
	at com.kms.katalon.core.main.TestCaseExecutor.execute(TestCaseExecutor.java:248)
	at com.kms.katalon.core.main.TestCaseMain.runTestCase(TestCaseMain.java:138)
	at com.kms.katalon.core.keyword.builtin.CallTestCaseKeyword$_callTestCase_closure1.doCall(CallTestCaseKeyword.groovy:59)
	at com.kms.katalon.core.keyword.builtin.CallTestCaseKeyword$_callTestCase_closure1.call(CallTestCaseKeyword.groovy)
	at com.kms.katalon.core.keyword.internal.KeywordMain.runKeyword(KeywordMain.groovy:68)
	at com.kms.katalon.core.keyword.builtin.CallTestCaseKeyword.callTestCase(CallTestCaseKeyword.groovy:81)
	at com.kms.katalon.core.keyword.builtin.CallTestCaseKeyword.execute(CallTestCaseKeyword.groovy:44)
	at com.kms.katalon.core.keyword.internal.KeywordExecutor.executeKeywordForPlatform(KeywordExecutor.groovy:73)
	at com.kms.katalon.core.keyword.BuiltinKeywords.callTestCase(BuiltinKeywords.groovy:334)
	at tablo.tablo.tablodaVeriBasariliMiArsiv(tablo.groovy:95)
	at cucumber.runtime.Utils$1.call(Utils.java:26)
	at cucumber.runtime.Timeout.timeout(Timeout.java:16)
	at cucumber.runtime.Utils.invoke(Utils.java:20)
	at cucumber.runtime.java.JavaStepDefinition.execute(JavaStepDefinition.java:49)
	at cucumber.runner.PickleStepDefinitionMatch.runStep(PickleStepDefinitionMatch.java:50)
	at cucumber.runner.TestStep.executeStep(TestStep.java:63)
	at cucumber.runner.TestStep.run(TestStep.java:49)
	at cucumber.runner.PickleStepTestStep.run(PickleStepTestStep.java:43)
	at cucumber.runner.TestCase.run(TestCase.java:44)
	at cucumber.runner.Runner.runPickle(Runner.java:40)
	at cucumber.runtime.Runtime$1.run(Runtime.java:84)
	at cucumber.runtime.Runtime$SameThreadExecutorService.execute(Runtime.java:220)
	at cucumber.runtime.Runtime.run(Runtime.java:81)
	at cucumber.api.cli.Main.run(Main.java:26)
	at cucumber.api.cli.Main$run.call(Unknown Source)
	at com.kms.katalon.core.cucumber.keyword.CucumberBuiltinKeywords$_runFeatureFile_closure1.doCall(CucumberBuiltinKeywords.groovy:106)
	at com.kms.katalon.core.cucumber.keyword.CucumberBuiltinKeywords$_runFeatureFile_closure1.doCall(CucumberBuiltinKeywords.groovy)
	at com.kms.katalon.core.keyword.internal.KeywordMain.runKeyword(KeywordMain.groovy:68)
	at com.kms.katalon.core.keyword.internal.KeywordMain$runKeyword.call(Unknown Source)
	at com.kms.katalon.core.cucumber.keyword.CucumberBuiltinKeywords.runFeatureFile(CucumberBuiltinKeywords.groovy:73)
	at com.kms.katalon.core.cucumber.keyword.CucumberBuiltinKeywords$runFeatureFile$0.callStatic(Unknown Source)
	at com.kms.katalon.core.cucumber.keyword.CucumberBuiltinKeywords.runFeatureFile(CucumberBuiltinKeywords.groovy:246)
	at com.kms.katalon.core.cucumber.keyword.CucumberBuiltinKeywords$runFeatureFile.call(Unknown Source)
	at VKN-Kagit-Hal Komisyoncu.run(VKN-Kagit-Hal Komisyoncu:19)
	at com.kms.katalon.core.main.ScriptEngine.run(ScriptEngine.java:194)
	at com.kms.katalon.core.main.ScriptEngine.runScriptAsRawText(ScriptEngine.java:119)
	at com.kms.katalon.core.main.TestCaseExecutor.runScript(TestCaseExecutor.java:369)
	at com.kms.katalon.core.main.TestCaseExecutor.doExecute(TestCaseExecutor.java:360)
	at com.kms.katalon.core.main.TestCaseExecutor.processExecutionPhase(TestCaseExecutor.java:339)
	at com.kms.katalon.core.main.TestCaseExecutor.accessMainPhase(TestCaseExecutor.java:331)
	at com.kms.katalon.core.main.TestCaseExecutor.execute(TestCaseExecutor.java:248)
	at com.kms.katalon.core.main.TestSuiteExecutor.accessTestCaseMainPhase(TestSuiteExecutor.java:191)
	at com.kms.katalon.core.main.TestSuiteExecutor.accessTestSuiteMainPhase(TestSuiteExecutor.java:140)
	at com.kms.katalon.core.main.TestSuiteExecutor.execute(TestSuiteExecutor.java:89)
	at com.kms.katalon.core.main.TestCaseMain.startTestSuite(TestCaseMain.java:181)
	at com.kms.katalon.core.main.TestCaseMain$startTestSuite$0.call(Unknown Source)
	at TempTestSuite1637329560940.run(TempTestSuite1637329560940.groovy:39)
)

2021-11-19 17:07:16 - [MESSAGE][INFO] - Finding Test Object 'Object Repository/Tablo/DurumBilgisiArsiv'

2021-11-19 17:07:16 - [MESSAGE][INFO] - Checking object

2021-11-19 17:07:16 - [MESSAGE][INFO] - Finding web element from Test Object's properties

2021-11-19 17:07:16 - [MESSAGE][INFO] - Checking timeout

2021-11-19 17:07:16 - [MESSAGE][INFO] - Finding web element with id: 'Object Repository/Tablo/DurumBilgisiArsiv' located by 'By.xpath: //*[@id = 'GridViewEArchiveInvoices_tccell0_9']' in '30' second(s)

2021-11-19 17:07:16 - [MESSAGE][INFO] - Smart Wait Function is triggered

2021-11-19 17:07:17 - [MESSAGE][INFO] - Found 1 web elements with id: 'Object Repository/Tablo/DurumBilgisiArsiv' located by 'By.xpath: //*[@id = 'GridViewEArchiveInvoices_tccell0_9']' in '30' second(s)

2021-11-19 17:07:17 - [MESSAGE][WARNING] - Actual text 'Başarılı' and expected text 'Henüz Sonuçlanmadı' of test object 'Object Repository/Tablo/DurumBilgisiArsiv' are NOT matched. (Root cause: com.kms.katalon.core.exception.StepFailedException: Actual text 'Başarılı' and expected text 'Henüz Sonuçlanmadı' of test object 'Object Repository/Tablo/DurumBilgisiArsiv' are NOT matched.
	at com.kms.katalon.core.webui.keyword.internal.WebUIKeywordMain.stepFailed(WebUIKeywordMain.groovy:64)
	at com.kms.katalon.core.webui.keyword.builtin.VerifyElementTextKeyword$_verifyElementText_closure1.doCall(VerifyElementTextKeyword.groovy:57)
	at com.kms.katalon.core.webui.keyword.builtin.VerifyElementTextKeyword$_verifyElementText_closure1.call(VerifyElementTextKeyword.groovy)
	at com.kms.katalon.core.webui.keyword.internal.WebUIKeywordMain.runKeyword(WebUIKeywordMain.groovy:20)
	at com.kms.katalon.core.webui.keyword.builtin.VerifyElementTextKeyword.verifyElementText(VerifyElementTextKeyword.groovy:72)
	at com.kms.katalon.core.webui.keyword.builtin.VerifyElementTextKeyword.execute(VerifyElementTextKeyword.groovy:40)
	at com.kms.katalon.core.keyword.internal.KeywordExecutor.executeKeywordForPlatform(KeywordExecutor.groovy:73)
	at com.kms.katalon.core.webui.keyword.WebUiBuiltInKeywords.verifyElementText(WebUiBuiltInKeywords.groovy:4733)
	at com.kms.katalon.core.webui.keyword.WebUiBuiltInKeywords$verifyElementText$20.call(Unknown Source)
	at TablodaVeriBasariliMiArsiv.run(TablodaVeriBasariliMiArsiv:22)
	at com.kms.katalon.core.main.ScriptEngine.run(ScriptEngine.java:194)
	at com.kms.katalon.core.main.ScriptEngine.runScriptAsRawText(ScriptEngine.java:119)
	at com.kms.katalon.core.main.TestCaseExecutor.runScript(TestCaseExecutor.java:369)
	at com.kms.katalon.core.main.TestCaseExecutor.doExecute(TestCaseExecutor.java:360)
	at com.kms.katalon.core.main.TestCaseExecutor.processExecutionPhase(TestCaseExecutor.java:339)
	at com.kms.katalon.core.main.TestCaseExecutor.accessMainPhase(TestCaseExecutor.java:331)
	at com.kms.katalon.core.main.TestCaseExecutor.execute(TestCaseExecutor.java:248)
	at com.kms.katalon.core.main.TestCaseMain.runTestCase(TestCaseMain.java:138)
	at com.kms.katalon.core.keyword.builtin.CallTestCaseKeyword$_callTestCase_closure1.doCall(CallTestCaseKeyword.groovy:59)
	at com.kms.katalon.core.keyword.builtin.CallTestCaseKeyword$_callTestCase_closure1.call(CallTestCaseKeyword.groovy)
	at com.kms.katalon.core.keyword.internal.KeywordMain.runKeyword(KeywordMain.groovy:68)
	at com.kms.katalon.core.keyword.builtin.CallTestCaseKeyword.callTestCase(CallTestCaseKeyword.groovy:81)
	at com.kms.katalon.core.keyword.builtin.CallTestCaseKeyword.execute(CallTestCaseKeyword.groovy:44)
	at com.kms.katalon.core.keyword.internal.KeywordExecutor.executeKeywordForPlatform(KeywordExecutor.groovy:73)
	at com.kms.katalon.core.keyword.BuiltinKeywords.callTestCase(BuiltinKeywords.groovy:334)
	at tablo.tablo.tablodaVeriBasariliMiArsiv(tablo.groovy:95)
	at cucumber.runtime.Utils$1.call(Utils.java:26)
	at cucumber.runtime.Timeout.timeout(Timeout.java:16)
	at cucumber.runtime.Utils.invoke(Utils.java:20)
	at cucumber.runtime.java.JavaStepDefinition.execute(JavaStepDefinition.java:49)
	at cucumber.runner.PickleStepDefinitionMatch.runStep(PickleStepDefinitionMatch.java:50)
	at cucumber.runner.TestStep.executeStep(TestStep.java:63)
	at cucumber.runner.TestStep.run(TestStep.java:49)
	at cucumber.runner.PickleStepTestStep.run(PickleStepTestStep.java:43)
	at cucumber.runner.TestCase.run(TestCase.java:44)
	at cucumber.runner.Runner.runPickle(Runner.java:40)
	at cucumber.runtime.Runtime$1.run(Runtime.java:84)
	at cucumber.runtime.Runtime$SameThreadExecutorService.execute(Runtime.java:220)
	at cucumber.runtime.Runtime.run(Runtime.java:81)
	at cucumber.api.cli.Main.run(Main.java:26)
	at cucumber.api.cli.Main$run.call(Unknown Source)
	at com.kms.katalon.core.cucumber.keyword.CucumberBuiltinKeywords$_runFeatureFile_closure1.doCall(CucumberBuiltinKeywords.groovy:106)
	at com.kms.katalon.core.cucumber.keyword.CucumberBuiltinKeywords$_runFeatureFile_closure1.doCall(CucumberBuiltinKeywords.groovy)
	at com.kms.katalon.core.keyword.internal.KeywordMain.runKeyword(KeywordMain.groovy:68)
	at com.kms.katalon.core.keyword.internal.KeywordMain$runKeyword.call(Unknown Source)
	at com.kms.katalon.core.cucumber.keyword.CucumberBuiltinKeywords.runFeatureFile(CucumberBuiltinKeywords.groovy:73)
	at com.kms.katalon.core.cucumber.keyword.CucumberBuiltinKeywords$runFeatureFile$0.callStatic(Unknown Source)
	at com.kms.katalon.core.cucumber.keyword.CucumberBuiltinKeywords.runFeatureFile(CucumberBuiltinKeywords.groovy:246)
	at com.kms.katalon.core.cucumber.keyword.CucumberBuiltinKeywords$runFeatureFile.call(Unknown Source)
	at VKN-Kagit-Hal Komisyoncu.run(VKN-Kagit-Hal Komisyoncu:19)
	at com.kms.katalon.core.main.ScriptEngine.run(ScriptEngine.java:194)
	at com.kms.katalon.core.main.ScriptEngine.runScriptAsRawText(ScriptEngine.java:119)
	at com.kms.katalon.core.main.TestCaseExecutor.runScript(TestCaseExecutor.java:369)
	at com.kms.katalon.core.main.TestCaseExecutor.doExecute(TestCaseExecutor.java:360)
	at com.kms.katalon.core.main.TestCaseExecutor.processExecutionPhase(TestCaseExecutor.java:339)
	at com.kms.katalon.core.main.TestCaseExecutor.accessMainPhase(TestCaseExecutor.java:331)
	at com.kms.katalon.core.main.TestCaseExecutor.execute(TestCaseExecutor.java:248)
	at com.kms.katalon.core.main.TestSuiteExecutor.accessTestCaseMainPhase(TestSuiteExecutor.java:191)
	at com.kms.katalon.core.main.TestSuiteExecutor.accessTestSuiteMainPhase(TestSuiteExecutor.java:140)
	at com.kms.katalon.core.main.TestSuiteExecutor.execute(TestSuiteExecutor.java:89)
	at com.kms.katalon.core.main.TestCaseMain.startTestSuite(TestCaseMain.java:181)
	at com.kms.katalon.core.main.TestCaseMain$startTestSuite$0.call(Unknown Source)
	at TempTestSuite1637329560940.run(TempTestSuite1637329560940.groovy:39)
)

2021-11-19 17:07:17 - [TEST_STEP][PASSED] - Method.TextDegerineEsitElementVarMi(findTestObject("Object Repository/Tablo/DurumBilgisiArsiv"), "Başarılı"): Method.TextDegerineEsitElementVarMi is PASSED

2021-11-19 17:07:17 - [MESSAGE][INFO] - Finding Test Object 'Object Repository/Tablo/DurumBilgisiArsiv'

2021-11-19 17:07:17 - [MESSAGE][INFO] - Checking timeout

2021-11-19 17:07:17 - [MESSAGE][INFO] - Finding web element with id: 'Object Repository/Tablo/DurumBilgisiArsiv' located by 'By.xpath: //*[@id = 'GridViewEArchiveInvoices_tccell0_9']' in '10' second(s)

2021-11-19 17:07:17 - [MESSAGE][INFO] - Smart Wait Function is triggered

2021-11-19 17:07:17 - [MESSAGE][INFO] - Found 1 web elements with id: 'Object Repository/Tablo/DurumBilgisiArsiv' located by 'By.xpath: //*[@id = 'GridViewEArchiveInvoices_tccell0_9']' in '10' second(s)

2021-11-19 17:07:17 - [MESSAGE][PASSED] - Method.TextDegerineEsitElementVarMi is PASSED

2021-11-19 17:07:17 - [MESSAGE][PASSED] - Call Test Case 'Test Cases/Tablo/TablodaVeriBasariliMiArsiv' successfully

2021-11-19 17:07:17 - [MESSAGE][INFO] - Checking called Test Case

2021-11-19 17:07:17 - [MESSAGE][INFO] - Starting to call Test Case 'Test Cases/Kullanici_Islemleri/KullaniciIslemlerindenSecimYapilir'

2021-11-19 17:07:17 - [TEST_CASE][PASSED] - Test Cases/Kullanici_Islemleri/KullaniciIslemlerindenSecimYapilir: Test Cases/Kullanici_Islemleri/KullaniciIslemlerindenSecimYapilir

2021-11-19 17:07:17 - [TEST_STEP][PASSED] - waitForElementClickable(findTestObject("Object Repository/Kullanici_Islemleri/KullaniciIslemleri"), 10): Object 'Object Repository/Kullanici_Islemleri/KullaniciIslemleri' is clickable

2021-11-19 17:07:17 - [MESSAGE][INFO] - Finding Test Object 'Object Repository/Kullanici_Islemleri/KullaniciIslemleri'

2021-11-19 17:07:17 - [MESSAGE][INFO] - Checking object

2021-11-19 17:07:17 - [MESSAGE][INFO] - Checking timeout

2021-11-19 17:07:17 - [MESSAGE][INFO] - Finding web element from Test Object's properties

2021-11-19 17:07:17 - [MESSAGE][INFO] - Checking timeout

2021-11-19 17:07:17 - [MESSAGE][INFO] - Finding web element with id: 'Object Repository/Kullanici_Islemleri/KullaniciIslemleri' located by 'By.cssSelector: .dropdown>a>img' in '10' second(s)

2021-11-19 17:07:17 - [MESSAGE][INFO] - Smart Wait Function is triggered

2021-11-19 17:07:18 - [MESSAGE][INFO] - Found 1 web elements with id: 'Object Repository/Kullanici_Islemleri/KullaniciIslemleri' located by 'By.cssSelector: .dropdown>a>img' in '10' second(s)

2021-11-19 17:07:18 - [MESSAGE][PASSED] - Object 'Object Repository/Kullanici_Islemleri/KullaniciIslemleri' is clickable

2021-11-19 17:07:18 - [TEST_STEP][PASSED] - click(findTestObject("Object Repository/Kullanici_Islemleri/KullaniciIslemleri")): Object: 'Object Repository/Kullanici_Islemleri/KullaniciIslemleri' is clicked on

2021-11-19 17:07:18 - [MESSAGE][INFO] - Finding Test Object 'Object Repository/Kullanici_Islemleri/KullaniciIslemleri'

2021-11-19 17:07:18 - [MESSAGE][INFO] - Checking object

2021-11-19 17:07:18 - [MESSAGE][INFO] - Finding web element from Test Object's properties

2021-11-19 17:07:18 - [MESSAGE][INFO] - Checking timeout

2021-11-19 17:07:18 - [MESSAGE][INFO] - Finding web element with id: 'Object Repository/Kullanici_Islemleri/KullaniciIslemleri' located by 'By.cssSelector: .dropdown>a>img' in '30' second(s)

2021-11-19 17:07:18 - [MESSAGE][INFO] - Smart Wait Function is triggered

2021-11-19 17:07:18 - [MESSAGE][INFO] - Found 1 web elements with id: 'Object Repository/Kullanici_Islemleri/KullaniciIslemleri' located by 'By.cssSelector: .dropdown>a>img' in '30' second(s)

2021-11-19 17:07:18 - [MESSAGE][INFO] - Clicking on object: 'Object Repository/Kullanici_Islemleri/KullaniciIslemleri'

2021-11-19 17:07:18 - [MESSAGE][PASSED] - Object: 'Object Repository/Kullanici_Islemleri/KullaniciIslemleri' is clicked on

2021-11-19 17:07:18 - [TEST_STEP][PASSED] - Method.TextDegerineEsitElementeTikla(findTestObject("Object Repository/Kullanici_Islemleri/Secenekler"), Islem): Method.TextDegerineEsitElementeTikla is PASSED

2021-11-19 17:07:18 - [MESSAGE][INFO] - Finding Test Object 'Object Repository/Kullanici_Islemleri/Secenekler'

2021-11-19 17:07:18 - [MESSAGE][INFO] - Checking timeout

2021-11-19 17:07:18 - [MESSAGE][INFO] - Finding web element with id: 'Object Repository/Kullanici_Islemleri/Secenekler' located by 'By.cssSelector: .nav.navbar-nav.navbar-right li a' in '10' second(s)

2021-11-19 17:07:18 - [MESSAGE][INFO] - Smart Wait Function is triggered

2021-11-19 17:07:18 - [MESSAGE][INFO] - Found 22 web elements with id: 'Object Repository/Kullanici_Islemleri/Secenekler' located by 'By.cssSelector: .nav.navbar-nav.navbar-right li a' in '10' second(s)

2021-11-19 17:07:20 - [MESSAGE][PASSED] - Method.TextDegerineEsitElementeTikla is PASSED

2021-11-19 17:07:20 - [TEST_STEP][PASSED] - verifyElementNotPresent(findTestObject("Object Repository/Kullanici_Islemleri/Secenekler"), 10): Web element with id: 'Object Repository/Kullanici_Islemleri/Secenekler' located by 'By.cssSelector: .nav.navbar-nav.navbar-right li a' is not present after '10' second(s)

2021-11-19 17:07:20 - [MESSAGE][INFO] - Finding Test Object 'Object Repository/Kullanici_Islemleri/Secenekler'

2021-11-19 17:07:20 - [MESSAGE][INFO] - Checking object

2021-11-19 17:07:20 - [MESSAGE][INFO] - Checking timeout

2021-11-19 17:07:20 - [MESSAGE][INFO] - Finding web element with id: 'Object Repository/Kullanici_Islemleri/Secenekler' located by 'By.cssSelector: .nav.navbar-nav.navbar-right li a' in '10' second(s)

2021-11-19 17:07:20 - [MESSAGE][INFO] - Smart Wait Function is triggered

2021-11-19 17:07:20 - [MESSAGE][PASSED] - Web element with id: 'Object Repository/Kullanici_Islemleri/Secenekler' located by 'By.cssSelector: .nav.navbar-nav.navbar-right li a' is not present after '10' second(s)

2021-11-19 17:07:20 - [MESSAGE][PASSED] - Call Test Case 'Test Cases/Kullanici_Islemleri/KullaniciIslemlerindenSecimYapilir' successfully

2021-11-19 17:07:20 - [TEST_CASE][PASSED] - Start Test Case : SCENARIO Gonderim tipi Kagit ve Hal Komisyoncu tipinde e-Arsiv faturasi olusturulmasi: SCENARIO Gonderim tipi Kagit ve Hal Komisyoncu tipinde e-Arsiv faturasi olusturulmasi

2021-11-19 17:07:20 - [TEST_STEP][PASSED] - Kullanıcı adı HALKOMIS ve Şifre test1234 olarak giriş yapılır: Kullanıcı adı HALKOMIS ve Şifre test1234 olarak giriş yapılır

2021-11-19 17:07:20 - [MESSAGE][PASSED] - Kullanıcı adı HALKOMIS ve Şifre test1234 olarak giriş yapılır

2021-11-19 17:07:20 - [TEST_STEP][PASSED] - Ana menüden e-Arşiv seçilir: Ana menüden e-Arşiv seçilir

2021-11-19 17:07:20 - [MESSAGE][PASSED] - Ana menüden e-Arşiv seçilir

2021-11-19 17:07:20 - [TEST_STEP][PASSED] - Alt menü e-Arşiv Araçları başlığı altındaki e-Arşiv Fatura Oluşturma seçilir: Alt menü e-Arşiv Araçları başlığı altındaki e-Arşiv Fatura Oluşturma seçilir

2021-11-19 17:07:20 - [MESSAGE][PASSED] - Alt menü e-Arşiv Araçları başlığı altındaki e-Arşiv Fatura Oluşturma seçilir

2021-11-19 17:07:20 - [TEST_STEP][PASSED] - Tablodaki tüm veriler silinir: Tablodaki tüm veriler silinir

2021-11-19 17:07:20 - [MESSAGE][PASSED] - Tablodaki tüm veriler silinir

2021-11-19 17:07:20 - [TEST_STEP][PASSED] - Butonlardan Ekle isimli butona tıklanır: Butonlardan Ekle isimli butona tıklanır

2021-11-19 17:07:20 - [MESSAGE][PASSED] - Butonlardan Ekle isimli butona tıklanır

2021-11-19 17:07:20 - [TEST_STEP][PASSED] - Görsel tasarım sayfasının e-Arşiv Fatura Bilgileri başlığını içerdiği kontrol edilir: Görsel tasarım sayfasının e-Arşiv Fatura Bilgileri başlığını içerdiği kontrol edilir

2021-11-19 17:07:20 - [MESSAGE][PASSED] - Görsel tasarım sayfasının e-Arşiv Fatura Bilgileri başlığını içerdiği kontrol edilir

2021-11-19 17:07:20 - [TEST_STEP][PASSED] - Alıcı adı alanına UC0009 girilir: Alıcı adı alanına UC0009 girilir

2021-11-19 17:07:20 - [MESSAGE][PASSED] - Alıcı adı alanına UC0009 girilir

2021-11-19 17:07:20 - [TEST_STEP][PASSED] - Gönderim Şekli Kağıt olarak seçilir: Gönderim Şekli Kağıt olarak seçilir

2021-11-19 17:07:20 - [MESSAGE][PASSED] - Gönderim Şekli Kağıt olarak seçilir

2021-11-19 17:07:20 - [TEST_STEP][PASSED] - Tip alanından Hal Komisyoncu seçilir: Tip alanından Hal Komisyoncu seçilir

2021-11-19 17:07:20 - [MESSAGE][PASSED] - Tip alanından Hal Komisyoncu seçilir

2021-11-19 17:07:20 - [TEST_STEP][PASSED] - Döküman Para Birimi alanından Türk Lirası seçilir: Döküman Para Birimi alanından Türk Lirası seçilir

2021-11-19 17:07:20 - [MESSAGE][PASSED] - Döküman Para Birimi alanından Türk Lirası seçilir

2021-11-19 17:07:20 - [TEST_STEP][PASSED] - Ön Ek FGX olarak seçilir: Ön Ek FGX olarak seçilir

2021-11-19 17:07:20 - [MESSAGE][PASSED] - Ön Ek FGX olarak seçilir

2021-11-19 17:07:20 - [TEST_STEP][PASSED] - Tasarım alanından Otomasyon seçilir: Tasarım alanından Otomasyon seçilir

2021-11-19 17:07:20 - [MESSAGE][PASSED] - Tasarım alanından Otomasyon seçilir

2021-11-19 17:07:20 - [TEST_STEP][PASSED] - Sipariş bilgileri UUC-SAT-1200001 ve 31.04.2020 olarak girilir: Sipariş bilgileri UUC-SAT-1200001 ve 31.04.2020 olarak girilir

2021-11-19 17:07:20 - [MESSAGE][PASSED] - Sipariş bilgileri UUC-SAT-1200001 ve 31.04.2020 olarak girilir

2021-11-19 17:07:20 - [TEST_STEP][PASSED] - İrsaliye Bilgileri AAAAAAAAAA,31.04.2020 olarak girilir: İrsaliye Bilgileri AAAAAAAAAA,31.04.2020 olarak girilir

2021-11-19 17:07:20 - [MESSAGE][PASSED] - İrsaliye Bilgileri AAAAAAAAAA,31.04.2020 olarak girilir

2021-11-19 17:07:20 - [TEST_STEP][PASSED] - Ekle butonuna basılır: Ekle butonuna basılır

2021-11-19 17:07:20 - [MESSAGE][PASSED] - Ekle butonuna basılır

2021-11-19 17:07:20 - [TEST_STEP][PASSED] - Ürün ekleme alanında Mal/Hizmet başlığına Otomasyon girilir: Ürün ekleme alanında Mal/Hizmet başlığına Otomasyon girilir

2021-11-19 17:07:20 - [MESSAGE][PASSED] - Ürün ekleme alanında Mal/Hizmet başlığına Otomasyon girilir

2021-11-19 17:07:20 - [TEST_STEP][PASSED] - Ürün ekleme alanında Açıklaması başlığına Virgosol girilir: Ürün ekleme alanında Açıklaması başlığına Virgosol girilir

2021-11-19 17:07:20 - [MESSAGE][PASSED] - Ürün ekleme alanında Açıklaması başlığına Virgosol girilir

2021-11-19 17:07:20 - [TEST_STEP][PASSED] - Ürün ekleme alanında Künye Numarası başlığına 1234567890123456789 girilir: Ürün ekleme alanında Künye Numarası başlığına 1234567890123456789 girilir

2021-11-19 17:07:20 - [MESSAGE][PASSED] - Ürün ekleme alanında Künye Numarası başlığına 1234567890123456789 girilir

2021-11-19 17:07:20 - [TEST_STEP][PASSED] - Ürün ekleme alanında Miktarı başlığına 400 girilir: Ürün ekleme alanında Miktarı başlığına 400 girilir

2021-11-19 17:07:20 - [MESSAGE][PASSED] - Ürün ekleme alanında Miktarı başlığına 400 girilir

2021-11-19 17:07:20 - [TEST_STEP][PASSED] - Ürün ekleme alanında Birim Fiyat başlığına 100 girilir: Ürün ekleme alanında Birim Fiyat başlığına 100 girilir

2021-11-19 17:07:20 - [MESSAGE][PASSED] - Ürün ekleme alanında Birim Fiyat başlığına 100 girilir

2021-11-19 17:07:20 - [TEST_STEP][PASSED] - Ürün ekleme alanında İskonto Oranı % başlığına 10 girilir: Ürün ekleme alanında İskonto Oranı % başlığına 10 girilir

2021-11-19 17:07:20 - [MESSAGE][PASSED] - Ürün ekleme alanında İskonto Oranı % başlığına 10 girilir

2021-11-19 17:07:20 - [TEST_STEP][PASSED] - Notlar alanına Otomasyon Not girilir: Notlar alanına Otomasyon Not girilir

2021-11-19 17:07:20 - [MESSAGE][PASSED] - Notlar alanına Otomasyon Not girilir

2021-11-19 17:07:20 - [TEST_STEP][PASSED] - Ettn bilgisi kayıt edilir: Ettn bilgisi kayıt edilir

2021-11-19 17:07:20 - [MESSAGE][PASSED] - Ettn bilgisi kayıt edilir

2021-11-19 17:07:20 - [TEST_STEP][PASSED] - Kaydet butonu seçilir: Kaydet butonu seçilir

2021-11-19 17:07:20 - [MESSAGE][PASSED] - Kaydet butonu seçilir

2021-11-19 17:07:20 - [TEST_STEP][PASSED] - Tabloda Ettn bilgisi kaydedilen veri oluşturuldu mu: Tabloda Ettn bilgisi kaydedilen veri oluşturuldu mu

2021-11-19 17:07:20 - [MESSAGE][PASSED] - Tabloda Ettn bilgisi kaydedilen veri oluşturuldu mu

2021-11-19 17:07:20 - [TEST_STEP][PASSED] - Tablodan Ettn bilgisi kaydedilen veri seçilir: Tablodan Ettn bilgisi kaydedilen veri seçilir

2021-11-19 17:07:20 - [MESSAGE][PASSED] - Tablodan Ettn bilgisi kaydedilen veri seçilir

2021-11-19 17:07:20 - [TEST_STEP][PASSED] - Butonlardan Numara Oluştur isimli butona tıklanır: Butonlardan Numara Oluştur isimli butona tıklanır

2021-11-19 17:07:20 - [MESSAGE][PASSED] - Butonlardan Numara Oluştur isimli butona tıklanır

2021-11-19 17:07:20 - [TEST_STEP][PASSED] - Popup mesajı Devam etmek istiyor musunuz içeriyor mu: Popup mesajı Devam etmek istiyor musunuz içeriyor mu

2021-11-19 17:07:20 - [MESSAGE][PASSED] - Popup mesajı Devam etmek istiyor musunuz içeriyor mu

2021-11-19 17:07:20 - [TEST_STEP][PASSED] - Yönetim popupında Evet seçilir: Yönetim popupında Evet seçilir

2021-11-19 17:07:20 - [MESSAGE][PASSED] - Yönetim popupında Evet seçilir

2021-11-19 17:07:20 - [TEST_STEP][PASSED] - Popup mesajı oluşmuştur içeriyor mu: Popup mesajı oluşmuştur içeriyor mu

2021-11-19 17:07:20 - [MESSAGE][PASSED] - Popup mesajı oluşmuştur içeriyor mu

2021-11-19 17:07:20 - [TEST_STEP][PASSED] - Yönetim popupında Tamam seçilir: Yönetim popupında Tamam seçilir

2021-11-19 17:07:20 - [MESSAGE][PASSED] - Yönetim popupında Tamam seçilir

2021-11-19 17:07:20 - [TEST_STEP][PASSED] - Tablodan Ettn bilgisi kaydedilen veri seçilir: Tablodan Ettn bilgisi kaydedilen veri seçilir

2021-11-19 17:07:20 - [MESSAGE][PASSED] - Tablodan Ettn bilgisi kaydedilen veri seçilir

2021-11-19 17:07:20 - [TEST_STEP][PASSED] - Butonlardan Gönder isimli butona tıklanır: Butonlardan Gönder isimli butona tıklanır

2021-11-19 17:07:20 - [MESSAGE][PASSED] - Butonlardan Gönder isimli butona tıklanır

2021-11-19 17:07:20 - [TEST_STEP][PASSED] - Popup mesajı Devam etmek istiyor musunuz içeriyor mu: Popup mesajı Devam etmek istiyor musunuz içeriyor mu

2021-11-19 17:07:20 - [MESSAGE][PASSED] - Popup mesajı Devam etmek istiyor musunuz içeriyor mu

2021-11-19 17:07:20 - [TEST_STEP][PASSED] - Yönetim popupında Evet seçilir: Yönetim popupında Evet seçilir

2021-11-19 17:07:20 - [MESSAGE][PASSED] - Yönetim popupında Evet seçilir

2021-11-19 17:07:20 - [TEST_STEP][PASSED] - Ana menüden e-Arşiv seçilir: Ana menüden e-Arşiv seçilir

2021-11-19 17:07:20 - [MESSAGE][PASSED] - Ana menüden e-Arşiv seçilir

2021-11-19 17:07:20 - [TEST_STEP][PASSED] - Alt menü e-Arşiv Hareketleri başlığı altındaki e-Arşiv Faturaları seçilir: Alt menü e-Arşiv Hareketleri başlığı altındaki e-Arşiv Faturaları seçilir

2021-11-19 17:07:20 - [MESSAGE][PASSED] - Alt menü e-Arşiv Hareketleri başlığı altındaki e-Arşiv Faturaları seçilir

2021-11-19 17:07:20 - [TEST_STEP][PASSED] - Filtrelerden Ettn filtresine Ettn bilgisi yaz: Filtrelerden Ettn filtresine Ettn bilgisi yaz

2021-11-19 17:07:20 - [MESSAGE][PASSED] - Filtrelerden Ettn filtresine Ettn bilgisi yaz

2021-11-19 17:07:20 - [TEST_STEP][PASSED] - Filtre butonlarından Listele seçilir: Filtre butonlarından Listele seçilir

2021-11-19 17:07:20 - [MESSAGE][PASSED] - Filtre butonlarından Listele seçilir

2021-11-19 17:07:20 - [TEST_STEP][PASSED] - Tabloda veri var mı kontrol edilir: Tabloda veri var mı kontrol edilir

2021-11-19 17:07:20 - [MESSAGE][PASSED] - Tabloda veri var mı kontrol edilir

2021-11-19 17:07:20 - [TEST_STEP][PASSED] - Tabloda yeni oluşturulan eArsiv verisi başarılı mı: Tabloda yeni oluşturulan eArsiv verisi başarılı mı

2021-11-19 17:07:20 - [MESSAGE][PASSED] - Tabloda yeni oluşturulan eArsiv verisi başarılı mı

2021-11-19 17:07:20 - [TEST_STEP][PASSED] - Kullanıcı işlemlerinden Çıkış seçilir: Kullanıcı işlemlerinden Çıkış seçilir

2021-11-19 17:07:20 - [MESSAGE][PASSED] - Kullanıcı işlemlerinden Çıkış seçilir

2021-11-19 17:07:20 - [MESSAGE][PASSED] - Feature file: 'Include/features/Regresyon/e-Arsiv/VKN-Kagit-Hal Komisyoncu.feature' was passed

2021-11-19 17:07:20 - [TEST_STEP][PASSED] - Start listener action : sampleAfterTestSuite: Invoke 'com.kms.katalon.core.annotation.AfterTestCase' method: 'Listener.sampleAfterTestSuite(...)' completed.

2021-11-19 17:07:20 - [MESSAGE][INFO] - Starting invoke 'com.kms.katalon.core.annotation.AfterTestCase' method: 'Listener.sampleAfterTestSuite(...)'

2021-11-19 17:07:20 - [TEST_STEP][PASSED] - closeBrowser(): Invoke 'com.kms.katalon.core.annotation.AfterTestCase' method: 'Listener.sampleAfterTestSuite(...)' completed.

2021-11-19 17:07:20 - [MESSAGE][INFO] - Closing browser

2021-11-19 17:07:21 - [MESSAGE][PASSED] - Browser is closed

2021-11-19 17:07:21 - [MESSAGE][INFO] - Invoke 'com.kms.katalon.core.annotation.AfterTestCase' method: 'Listener.sampleAfterTestSuite(...)' completed.]]></system-out>
         <system-err><![CDATA[]]></system-err>
      </testcase>
      <testcase name="Test Cases/Case Repository/Regresyon/e-Arsiv/VKN-Kagit-Hal Satis" time="119.48" classname="Test Cases/Case Repository/Regresyon/e-Arsiv/VKN-Kagit-Hal Satis" status="PASSED">
         <system-out><![CDATA[2021-11-19 17:07:21 - [TEST_CASE][PASSED] - Test Cases/Case Repository/Regresyon/e-Arsiv/VKN-Kagit-Hal Satis: Test Cases/Case Repository/Regresyon/e-Arsiv/VKN-Kagit-Hal Satis

2021-11-19 17:07:21 - [TEST_STEP][PASSED] - Start listener action : sampleBeforeTestSuite: Invoke 'com.kms.katalon.core.annotation.BeforeTestCase' method: 'Listener.sampleBeforeTestSuite(...)' completed.

2021-11-19 17:07:21 - [MESSAGE][INFO] - Starting invoke 'com.kms.katalon.core.annotation.BeforeTestCase' method: 'Listener.sampleBeforeTestSuite(...)'

2021-11-19 17:07:21 - [TEST_STEP][PASSED] - openBrowser(baseUrl): Browser is opened with url: 'https://efatura-stage.elogo.com.tr/'

2021-11-19 17:07:21 - [MESSAGE][INFO] - Opening browser

2021-11-19 17:07:21 - [MESSAGE][INFO] - Starting 'Chrome' driver

2021-11-19 17:07:21 - [MESSAGE][INFO] - User set preference: ['prefs', '{download.default_directory=C:\otomasyondownfiles}']

2021-11-19 17:07:21 - [MESSAGE][INFO] - Action delay is set to 0 milliseconds

2021-11-19 17:07:23 - [MESSAGE][INFO] - Navigating browser to: 'https://efatura-stage.elogo.com.tr/'

2021-11-19 17:07:26 - [MESSAGE][PASSED] - Browser is opened with url: 'https://efatura-stage.elogo.com.tr/'

2021-11-19 17:07:26 - [TEST_STEP][PASSED] - maximizeWindow(): Invoke 'com.kms.katalon.core.annotation.BeforeTestCase' method: 'Listener.sampleBeforeTestSuite(...)' completed.

2021-11-19 17:07:26 - [MESSAGE][INFO] - Maximizing current window

2021-11-19 17:07:27 - [MESSAGE][PASSED] - Current window maximized

2021-11-19 17:07:27 - [MESSAGE][INFO] - Invoke 'com.kms.katalon.core.annotation.BeforeTestCase' method: 'Listener.sampleBeforeTestSuite(...)' completed.

2021-11-19 17:07:27 - [TEST_STEP][PASSED] - runFeatureFile("Include/features/Regresyon/e-Arsiv/VKN-Kagit-Hal Satis.feature"): Feature file: 'Include/features/Regresyon/e-Arsiv/VKN-Kagit-Hal Satis.feature' was passed

2021-11-19 17:07:27 - [MESSAGE][INFO] - Starting run keyword runFeatureFile: 'Include/features/Regresyon/e-Arsiv/VKN-Kagit-Hal Satis.feature' and extract report to folder: 'C:\Users\DELL\Documents\GitHub\EES_KatalonLogo\Reports\20211119_164526\Suite Repository\Regresyon-eArsiv-eMakbuz\20211119_164600/cucumber_report/1637330847497'...

2021-11-19 17:07:27 - [MESSAGE][INFO] - Glue: []

2021-11-19 17:07:28 - [MESSAGE][INFO] - Checking called Test Case

2021-11-19 17:07:28 - [MESSAGE][INFO] - Starting to call Test Case 'Test Cases/Sayfalar/Giris_Sayfasi/Login'

2021-11-19 17:07:28 - [TEST_CASE][PASSED] - Test Cases/Sayfalar/Giris_Sayfasi/Login: Test Cases/Sayfalar/Giris_Sayfasi/Login

2021-11-19 17:07:28 - [TEST_STEP][PASSED] - Sayfa_Basligi = getWindowTitle(): Current window's title is: 'LOGO e-Fatura'

2021-11-19 17:07:28 - [MESSAGE][INFO] - Getting current window's title

2021-11-19 17:07:28 - [MESSAGE][PASSED] - Current window's title is: 'LOGO e-Fatura'

2021-11-19 17:07:28 - [TEST_STEP][PASSED] - verifyMatch(Sayfa_Basligi, "LOGO e-Fatura", false): Actual text 'LOGO e-Fatura' and expected text 'LOGO e-Fatura' are matched 

2021-11-19 17:07:28 - [MESSAGE][INFO] - Matching actual text 'LOGO e-Fatura' with expected text 'LOGO e-Fatura'

2021-11-19 17:07:28 - [MESSAGE][PASSED] - Actual text 'LOGO e-Fatura' and expected text 'LOGO e-Fatura' are matched 

2021-11-19 17:07:28 - [TEST_STEP][PASSED] - sendKeys(findTestObject("Sayfalar/Giris_Sayfasi/Firma_Kodu"), KullaniciAdi): Keys 'HALSATIS' sent to object: 'Object Repository/Sayfalar/Giris_Sayfasi/Firma_Kodu'

2021-11-19 17:07:28 - [MESSAGE][INFO] - Finding Test Object 'Object Repository/Sayfalar/Giris_Sayfasi/Firma_Kodu'

2021-11-19 17:07:29 - [MESSAGE][INFO] - Sending keys 'HALSATIS' to object: 'Object Repository/Sayfalar/Giris_Sayfasi/Firma_Kodu'

2021-11-19 17:07:29 - [MESSAGE][INFO] - Finding web element from Test Object's properties

2021-11-19 17:07:29 - [MESSAGE][INFO] - Checking timeout

2021-11-19 17:07:29 - [MESSAGE][INFO] - Finding web element with id: 'Object Repository/Sayfalar/Giris_Sayfasi/Firma_Kodu' located by 'By.xpath: //*[@id = 'AccountName']' in '30' second(s)

2021-11-19 17:07:29 - [MESSAGE][INFO] - Smart Wait Function is triggered

2021-11-19 17:07:29 - [MESSAGE][INFO] - Found 1 web elements with id: 'Object Repository/Sayfalar/Giris_Sayfasi/Firma_Kodu' located by 'By.xpath: //*[@id = 'AccountName']' in '30' second(s)

2021-11-19 17:07:29 - [MESSAGE][PASSED] - Keys 'HALSATIS' sent to object: 'Object Repository/Sayfalar/Giris_Sayfasi/Firma_Kodu'

2021-11-19 17:07:29 - [TEST_STEP][PASSED] - sendKeys(findTestObject("Sayfalar/Giris_Sayfasi/Sifre"), Sifre): Keys 'test1234' sent to object: 'Object Repository/Sayfalar/Giris_Sayfasi/Sifre'

2021-11-19 17:07:29 - [MESSAGE][INFO] - Finding Test Object 'Object Repository/Sayfalar/Giris_Sayfasi/Sifre'

2021-11-19 17:07:29 - [MESSAGE][INFO] - Sending keys 'test1234' to object: 'Object Repository/Sayfalar/Giris_Sayfasi/Sifre'

2021-11-19 17:07:29 - [MESSAGE][INFO] - Finding web element from Test Object's properties

2021-11-19 17:07:29 - [MESSAGE][INFO] - Checking timeout

2021-11-19 17:07:29 - [MESSAGE][INFO] - Finding web element with id: 'Object Repository/Sayfalar/Giris_Sayfasi/Sifre' located by 'By.xpath: //*[@id = 'Password']' in '30' second(s)

2021-11-19 17:07:29 - [MESSAGE][INFO] - Smart Wait Function is triggered

2021-11-19 17:07:29 - [MESSAGE][INFO] - Found 1 web elements with id: 'Object Repository/Sayfalar/Giris_Sayfasi/Sifre' located by 'By.xpath: //*[@id = 'Password']' in '30' second(s)

2021-11-19 17:07:29 - [MESSAGE][PASSED] - Keys 'test1234' sent to object: 'Object Repository/Sayfalar/Giris_Sayfasi/Sifre'

2021-11-19 17:07:29 - [TEST_STEP][PASSED] - findWebElement(findTestObject("Sayfalar/Giris_Sayfasi/Giris_Butonu")).click(): Found 1 web elements with id: 'Object Repository/Sayfalar/Giris_Sayfasi/Giris_Butonu' located by 'By.cssSelector: #btnLogin' in '30' second(s)

2021-11-19 17:07:29 - [MESSAGE][INFO] - Finding Test Object 'Object Repository/Sayfalar/Giris_Sayfasi/Giris_Butonu'

2021-11-19 17:07:29 - [MESSAGE][INFO] - Finding web element from Test Object's properties

2021-11-19 17:07:29 - [MESSAGE][INFO] - Checking timeout

2021-11-19 17:07:29 - [MESSAGE][INFO] - Finding web element with id: 'Object Repository/Sayfalar/Giris_Sayfasi/Giris_Butonu' located by 'By.cssSelector: #btnLogin' in '30' second(s)

2021-11-19 17:07:29 - [MESSAGE][INFO] - Smart Wait Function is triggered

2021-11-19 17:07:30 - [MESSAGE][INFO] - Found 1 web elements with id: 'Object Repository/Sayfalar/Giris_Sayfasi/Giris_Butonu' located by 'By.cssSelector: #btnLogin' in '30' second(s)

2021-11-19 17:07:32 - [TEST_STEP][PASSED] - if (verifyElementPresent(findTestObject("Object Repository/Sayfalar/Giris_Sayfasi/RetveTamam_Butonu"), 5, OPTIONAL)): null

2021-11-19 17:07:32 - [MESSAGE][INFO] - Finding Test Object 'Object Repository/Sayfalar/Giris_Sayfasi/RetveTamam_Butonu'

2021-11-19 17:07:32 - [MESSAGE][INFO] - Checking object

2021-11-19 17:07:32 - [MESSAGE][INFO] - Finding web element from Test Object's properties

2021-11-19 17:07:32 - [MESSAGE][INFO] - Checking timeout

2021-11-19 17:07:32 - [MESSAGE][INFO] - Finding web element with id: 'Object Repository/Sayfalar/Giris_Sayfasi/RetveTamam_Butonu' located by 'By.xpath: //*[@class = 'btn btn-default']' in '5' second(s)

2021-11-19 17:07:32 - [MESSAGE][INFO] - Smart Wait Function is triggered

2021-11-19 17:07:32 - [MESSAGE][INFO] - Found 1 web elements with id: 'Object Repository/Sayfalar/Giris_Sayfasi/RetveTamam_Butonu' located by 'By.xpath: //*[@class = 'btn btn-default']' in '5' second(s)

2021-11-19 17:07:32 - [MESSAGE][PASSED] - Object 'Object Repository/Sayfalar/Giris_Sayfasi/RetveTamam_Butonu' is present

2021-11-19 17:07:32 - [TEST_STEP][PASSED] - click(findTestObject("Object Repository/Sayfalar/Giris_Sayfasi/RetveTamam_Butonu")): Object: 'Object Repository/Sayfalar/Giris_Sayfasi/RetveTamam_Butonu' is clicked on

2021-11-19 17:07:32 - [MESSAGE][INFO] - Finding Test Object 'Object Repository/Sayfalar/Giris_Sayfasi/RetveTamam_Butonu'

2021-11-19 17:07:32 - [MESSAGE][INFO] - Checking object

2021-11-19 17:07:32 - [MESSAGE][INFO] - Finding web element from Test Object's properties

2021-11-19 17:07:32 - [MESSAGE][INFO] - Checking timeout

2021-11-19 17:07:32 - [MESSAGE][INFO] - Finding web element with id: 'Object Repository/Sayfalar/Giris_Sayfasi/RetveTamam_Butonu' located by 'By.xpath: //*[@class = 'btn btn-default']' in '30' second(s)

2021-11-19 17:07:32 - [MESSAGE][INFO] - Smart Wait Function is triggered

2021-11-19 17:07:32 - [MESSAGE][INFO] - Found 1 web elements with id: 'Object Repository/Sayfalar/Giris_Sayfasi/RetveTamam_Butonu' located by 'By.xpath: //*[@class = 'btn btn-default']' in '30' second(s)

2021-11-19 17:07:32 - [MESSAGE][INFO] - Clicking on object: 'Object Repository/Sayfalar/Giris_Sayfasi/RetveTamam_Butonu'

2021-11-19 17:07:32 - [MESSAGE][PASSED] - Object: 'Object Repository/Sayfalar/Giris_Sayfasi/RetveTamam_Butonu' is clicked on

2021-11-19 17:07:32 - [TEST_STEP][PASSED] - click(findTestObject("Object Repository/Sayfalar/Giris_Sayfasi/RetveTamam_Butonu")): Object: 'Object Repository/Sayfalar/Giris_Sayfasi/RetveTamam_Butonu' is clicked on

2021-11-19 17:07:32 - [MESSAGE][INFO] - Finding Test Object 'Object Repository/Sayfalar/Giris_Sayfasi/RetveTamam_Butonu'

2021-11-19 17:07:32 - [MESSAGE][INFO] - Checking object

2021-11-19 17:07:32 - [MESSAGE][INFO] - Finding web element from Test Object's properties

2021-11-19 17:07:32 - [MESSAGE][INFO] - Checking timeout

2021-11-19 17:07:32 - [MESSAGE][INFO] - Finding web element with id: 'Object Repository/Sayfalar/Giris_Sayfasi/RetveTamam_Butonu' located by 'By.xpath: //*[@class = 'btn btn-default']' in '30' second(s)

2021-11-19 17:07:32 - [MESSAGE][INFO] - Smart Wait Function is triggered

2021-11-19 17:07:35 - [MESSAGE][INFO] - Found 1 web elements with id: 'Object Repository/Sayfalar/Giris_Sayfasi/RetveTamam_Butonu' located by 'By.xpath: //*[@class = 'btn btn-default']' in '30' second(s)

2021-11-19 17:07:35 - [MESSAGE][INFO] - Clicking on object: 'Object Repository/Sayfalar/Giris_Sayfasi/RetveTamam_Butonu'

2021-11-19 17:07:35 - [MESSAGE][PASSED] - Object: 'Object Repository/Sayfalar/Giris_Sayfasi/RetveTamam_Butonu' is clicked on

2021-11-19 17:07:35 - [TEST_STEP][PASSED] - if (verifyElementPresent(findTestObject("Sayfalar/Giris_Sayfasi/PopupOK"), 5, OPTIONAL)): null

2021-11-19 17:07:35 - [MESSAGE][INFO] - Finding Test Object 'Object Repository/Sayfalar/Giris_Sayfasi/PopupOK'

2021-11-19 17:07:35 - [MESSAGE][INFO] - Checking object

2021-11-19 17:07:35 - [MESSAGE][INFO] - Finding web element from Test Object's properties

2021-11-19 17:07:35 - [MESSAGE][INFO] - Checking timeout

2021-11-19 17:07:35 - [MESSAGE][INFO] - Finding web element with id: 'Object Repository/Sayfalar/Giris_Sayfasi/PopupOK' located by 'By.cssSelector: .btn.btn-success' in '5' second(s)

2021-11-19 17:07:35 - [MESSAGE][INFO] - Smart Wait Function is triggered

2021-11-19 17:07:36 - [MESSAGE][INFO] - Found 1 web elements with id: 'Object Repository/Sayfalar/Giris_Sayfasi/PopupOK' located by 'By.cssSelector: .btn.btn-success' in '5' second(s)

2021-11-19 17:07:36 - [MESSAGE][PASSED] - Object 'Object Repository/Sayfalar/Giris_Sayfasi/PopupOK' is present

2021-11-19 17:07:36 - [TEST_STEP][PASSED] - click(findTestObject("Object Repository/Sayfalar/Giris_Sayfasi/PopupCarpiGiris")): Object: 'Object Repository/Sayfalar/Giris_Sayfasi/PopupCarpiGiris' is clicked on

2021-11-19 17:07:36 - [MESSAGE][INFO] - Finding Test Object 'Object Repository/Sayfalar/Giris_Sayfasi/PopupCarpiGiris'

2021-11-19 17:07:36 - [MESSAGE][INFO] - Checking object

2021-11-19 17:07:36 - [MESSAGE][INFO] - Finding web element from Test Object's properties

2021-11-19 17:07:36 - [MESSAGE][INFO] - Checking timeout

2021-11-19 17:07:36 - [MESSAGE][INFO] - Finding web element with id: 'Object Repository/Sayfalar/Giris_Sayfasi/PopupCarpiGiris' located by 'By.cssSelector: .bootbox-close-button.close' in '30' second(s)

2021-11-19 17:07:36 - [MESSAGE][INFO] - Smart Wait Function is triggered

2021-11-19 17:07:37 - [MESSAGE][INFO] - Found 1 web elements with id: 'Object Repository/Sayfalar/Giris_Sayfasi/PopupCarpiGiris' located by 'By.cssSelector: .bootbox-close-button.close' in '30' second(s)

2021-11-19 17:07:37 - [MESSAGE][INFO] - Clicking on object: 'Object Repository/Sayfalar/Giris_Sayfasi/PopupCarpiGiris'

2021-11-19 17:07:37 - [MESSAGE][PASSED] - Object: 'Object Repository/Sayfalar/Giris_Sayfasi/PopupCarpiGiris' is clicked on

2021-11-19 17:07:37 - [TEST_STEP][PASSED] - verifyElementVisible(findTestObject("Object Repository/Kullanici_Islemleri/KullaniciIslemleri")): Object 'Object Repository/Kullanici_Islemleri/KullaniciIslemleri' is visible

2021-11-19 17:07:37 - [MESSAGE][INFO] - Finding Test Object 'Object Repository/Kullanici_Islemleri/KullaniciIslemleri'

2021-11-19 17:07:37 - [MESSAGE][INFO] - Checking object

2021-11-19 17:07:37 - [MESSAGE][INFO] - Finding web element from Test Object's properties

2021-11-19 17:07:37 - [MESSAGE][INFO] - Checking timeout

2021-11-19 17:07:37 - [MESSAGE][INFO] - Finding web element with id: 'Object Repository/Kullanici_Islemleri/KullaniciIslemleri' located by 'By.cssSelector: .dropdown>a>img' in '30' second(s)

2021-11-19 17:07:37 - [MESSAGE][INFO] - Smart Wait Function is triggered

2021-11-19 17:07:37 - [MESSAGE][INFO] - Found 1 web elements with id: 'Object Repository/Kullanici_Islemleri/KullaniciIslemleri' located by 'By.cssSelector: .dropdown>a>img' in '30' second(s)

2021-11-19 17:07:37 - [MESSAGE][PASSED] - Object 'Object Repository/Kullanici_Islemleri/KullaniciIslemleri' is visible

2021-11-19 17:07:37 - [MESSAGE][PASSED] - Call Test Case 'Test Cases/Sayfalar/Giris_Sayfasi/Login' successfully

2021-11-19 17:07:37 - [MESSAGE][INFO] - Checking called Test Case

2021-11-19 17:07:37 - [MESSAGE][INFO] - Starting to call Test Case 'Test Cases/Menu/AnaMenuSecimi'

2021-11-19 17:07:38 - [TEST_CASE][PASSED] - Test Cases/Menu/AnaMenuSecimi: Test Cases/Menu/AnaMenuSecimi

2021-11-19 17:07:38 - [TEST_STEP][PASSED] - Method.TextDegerineEsitElementeTikla(findTestObject("Menu/Ana_Menu"), Ana_Menu): Method.TextDegerineEsitElementeTikla is PASSED

2021-11-19 17:07:38 - [MESSAGE][INFO] - Finding Test Object 'Object Repository/Menu/Ana_Menu'

2021-11-19 17:07:38 - [MESSAGE][INFO] - Checking timeout

2021-11-19 17:07:38 - [MESSAGE][INFO] - Finding web element with id: 'Object Repository/Menu/Ana_Menu' located by 'By.xpath: //*[@class = 'dropdown-toggle']' in '10' second(s)

2021-11-19 17:07:38 - [MESSAGE][INFO] - Smart Wait Function is triggered

2021-11-19 17:07:38 - [MESSAGE][INFO] - Found 13 web elements with id: 'Object Repository/Menu/Ana_Menu' located by 'By.xpath: //*[@class = 'dropdown-toggle']' in '10' second(s)

2021-11-19 17:07:38 - [MESSAGE][PASSED] - Method.TextDegerineEsitElementeTikla is PASSED

2021-11-19 17:07:38 - [MESSAGE][PASSED] - Call Test Case 'Test Cases/Menu/AnaMenuSecimi' successfully

2021-11-19 17:07:38 - [MESSAGE][INFO] - Checking called Test Case

2021-11-19 17:07:38 - [MESSAGE][INFO] - Starting to call Test Case 'Test Cases/Menu/BasligaGoreAltMenuSecimi'

2021-11-19 17:07:38 - [TEST_CASE][PASSED] - Test Cases/Menu/BasligaGoreAltMenuSecimi: Test Cases/Menu/BasligaGoreAltMenuSecimi

2021-11-19 17:07:38 - [TEST_STEP][PASSED] - Method.TextDegerineEsitElementinAltindakiTextDegerineEsitOlanaTikla(findTestObject("Menu/Menu_Basligi"), findTestObject("Menu/Basliga_Gore_Alt_Menu"), Baslik, Alt_Menu): Method.TextDegerineEsitElementinAltindakiTextDegerineEsitOlanaTikla is PASSED

2021-11-19 17:07:38 - [MESSAGE][INFO] - Finding Test Object 'Object Repository/Menu/Menu_Basligi'

2021-11-19 17:07:38 - [MESSAGE][INFO] - Finding Test Object 'Object Repository/Menu/Basliga_Gore_Alt_Menu'

2021-11-19 17:07:38 - [MESSAGE][INFO] - Checking timeout

2021-11-19 17:07:38 - [MESSAGE][INFO] - Finding web element with id: 'Object Repository/Menu/Menu_Basligi' located by 'By.xpath: //li[@class='dropdown dropdown-large open']//li[@class='dropdown-header']' in '10' second(s)

2021-11-19 17:07:38 - [MESSAGE][INFO] - Smart Wait Function is triggered

2021-11-19 17:07:39 - [MESSAGE][INFO] - Found 2 web elements with id: 'Object Repository/Menu/Menu_Basligi' located by 'By.xpath: //li[@class='dropdown dropdown-large open']//li[@class='dropdown-header']' in '10' second(s)

2021-11-19 17:07:39 - [MESSAGE][INFO] - Smart Wait Function is triggered

2021-11-19 17:07:41 - [MESSAGE][PASSED] - Method.TextDegerineEsitElementinAltindakiTextDegerineEsitOlanaTikla is PASSED

2021-11-19 17:07:41 - [MESSAGE][PASSED] - Call Test Case 'Test Cases/Menu/BasligaGoreAltMenuSecimi' successfully

2021-11-19 17:07:41 - [MESSAGE][INFO] - Checking called Test Case

2021-11-19 17:07:41 - [MESSAGE][INFO] - Starting to call Test Case 'Test Cases/Tablo/Olusturma Tarihi'

2021-11-19 17:07:41 - [TEST_CASE][PASSED] - Test Cases/Tablo/Olusturma Tarihi: Test Cases/Tablo/Olusturma Tarihi

2021-11-19 17:07:41 - [TEST_STEP][PASSED] - if (verifyTextNotPresent("Görüntülenecek veri yok", true, OPTIONAL)): null

2021-11-19 17:07:41 - [MESSAGE][INFO] - Checking text present  using regular expression

2021-11-19 17:07:41 - [MESSAGE][INFO] - Smart Wait Function is triggered

2021-11-19 17:07:41 - [MESSAGE][INFO] - Finding text 'Görüntülenecek veri yok' on page  using regular expression

2021-11-19 17:07:41 - [MESSAGE][PASSED] - Text 'Görüntülenecek veri yok' is not present on page using regular expression

2021-11-19 17:07:41 - [TEST_STEP][PASSED] - click(findTestObject("Temizle/Olusturma_Tarihi_CheckBox")): Object: 'Object Repository/Temizle/Olusturma_Tarihi_CheckBox' is clicked on

2021-11-19 17:07:41 - [MESSAGE][INFO] - Finding Test Object 'Object Repository/Temizle/Olusturma_Tarihi_CheckBox'

2021-11-19 17:07:41 - [MESSAGE][INFO] - Checking object

2021-11-19 17:07:41 - [MESSAGE][INFO] - Finding web element from Test Object's properties

2021-11-19 17:07:41 - [MESSAGE][INFO] - Checking timeout

2021-11-19 17:07:41 - [MESSAGE][INFO] - Finding web element with id: 'Object Repository/Temizle/Olusturma_Tarihi_CheckBox' located by 'By.xpath: //*[@title = 'Bu sayfadaki tüm satırları Seç']' in '30' second(s)

2021-11-19 17:07:41 - [MESSAGE][INFO] - Smart Wait Function is triggered

2021-11-19 17:07:42 - [MESSAGE][INFO] - Found 1 web elements with id: 'Object Repository/Temizle/Olusturma_Tarihi_CheckBox' located by 'By.xpath: //*[@title = 'Bu sayfadaki tüm satırları Seç']' in '30' second(s)

2021-11-19 17:07:42 - [MESSAGE][INFO] - Clicking on object: 'Object Repository/Temizle/Olusturma_Tarihi_CheckBox'

2021-11-19 17:07:42 - [MESSAGE][PASSED] - Object: 'Object Repository/Temizle/Olusturma_Tarihi_CheckBox' is clicked on

2021-11-19 17:07:42 - [TEST_STEP][PASSED] - Method.TextDegerineEsitElementeTiklaEquals(findTestObject("Butonlar/Butonlar"), "Sil"): Method.TextDegerineEsitElementeTiklaEquals is PASSED

2021-11-19 17:07:42 - [MESSAGE][INFO] - Finding Test Object 'Object Repository/Butonlar/Butonlar'

2021-11-19 17:07:42 - [MESSAGE][INFO] - Checking timeout

2021-11-19 17:07:42 - [MESSAGE][INFO] - Finding web element with id: 'Object Repository/Butonlar/Butonlar' located by 'By.cssSelector: .panel.panel-default.text-center.footerPanel .btn,.btn.btn-primary.btnControls' in '10' second(s)

2021-11-19 17:07:42 - [MESSAGE][INFO] - Smart Wait Function is triggered

2021-11-19 17:07:42 - [MESSAGE][INFO] - Found 9 web elements with id: 'Object Repository/Butonlar/Butonlar' located by 'By.cssSelector: .panel.panel-default.text-center.footerPanel .btn,.btn.btn-primary.btnControls' in '10' second(s)

2021-11-19 17:07:42 - [MESSAGE][PASSED] - Method.TextDegerineEsitElementeTiklaEquals is PASSED

2021-11-19 17:07:42 - [TEST_STEP][PASSED] - Method.TextDegerineEsitElementeTikla(findTestObject("Popup/Popup_Butons"), "Evet"): Method.TextDegerineEsitElementeTikla is PASSED

2021-11-19 17:07:42 - [MESSAGE][INFO] - Finding Test Object 'Object Repository/Popup/Popup_Butons'

2021-11-19 17:07:43 - [MESSAGE][INFO] - Checking timeout

2021-11-19 17:07:43 - [MESSAGE][INFO] - Finding web element with id: 'Object Repository/Popup/Popup_Butons' located by 'By.cssSelector: .modal-footer>button' in '10' second(s)

2021-11-19 17:07:43 - [MESSAGE][INFO] - Smart Wait Function is triggered

2021-11-19 17:07:43 - [MESSAGE][INFO] - Found 2 web elements with id: 'Object Repository/Popup/Popup_Butons' located by 'By.cssSelector: .modal-footer>button' in '10' second(s)

2021-11-19 17:07:44 - [MESSAGE][PASSED] - Method.TextDegerineEsitElementeTikla is PASSED

2021-11-19 17:07:44 - [TEST_STEP][PASSED] - Method.TextDegerineEsitElementeTikla(findTestObject("Popup/Popup_Butons"), "Tamam"): Method.TextDegerineEsitElementeTikla is PASSED

2021-11-19 17:07:44 - [MESSAGE][INFO] - Finding Test Object 'Object Repository/Popup/Popup_Butons'

2021-11-19 17:07:44 - [MESSAGE][INFO] - Checking timeout

2021-11-19 17:07:44 - [MESSAGE][INFO] - Finding web element with id: 'Object Repository/Popup/Popup_Butons' located by 'By.cssSelector: .modal-footer>button' in '10' second(s)

2021-11-19 17:07:44 - [MESSAGE][INFO] - Smart Wait Function is triggered

2021-11-19 17:07:44 - [MESSAGE][INFO] - Found 1 web elements with id: 'Object Repository/Popup/Popup_Butons' located by 'By.cssSelector: .modal-footer>button' in '10' second(s)

2021-11-19 17:07:45 - [MESSAGE][PASSED] - Method.TextDegerineEsitElementeTikla is PASSED

2021-11-19 17:07:45 - [MESSAGE][PASSED] - Call Test Case 'Test Cases/Tablo/Olusturma Tarihi' successfully

2021-11-19 17:07:45 - [MESSAGE][INFO] - Checking called Test Case

2021-11-19 17:07:45 - [MESSAGE][INFO] - Starting to call Test Case 'Test Cases/Butonlar/ButonaTikla'

2021-11-19 17:07:45 - [TEST_CASE][PASSED] - Test Cases/Butonlar/ButonaTikla: Test Cases/Butonlar/ButonaTikla

2021-11-19 17:07:45 - [TEST_STEP][PASSED] - Method.TextDegerineEsitElementeTiklaEquals(findTestObject("Butonlar/Butonlar"), Buton_Adi): Method.TextDegerineEsitElementeTiklaEquals is PASSED

2021-11-19 17:07:45 - [MESSAGE][INFO] - Finding Test Object 'Object Repository/Butonlar/Butonlar'

2021-11-19 17:07:45 - [MESSAGE][INFO] - Checking timeout

2021-11-19 17:07:45 - [MESSAGE][INFO] - Finding web element with id: 'Object Repository/Butonlar/Butonlar' located by 'By.cssSelector: .panel.panel-default.text-center.footerPanel .btn,.btn.btn-primary.btnControls' in '10' second(s)

2021-11-19 17:07:45 - [MESSAGE][INFO] - Smart Wait Function is triggered

2021-11-19 17:07:45 - [MESSAGE][INFO] - Found 9 web elements with id: 'Object Repository/Butonlar/Butonlar' located by 'By.cssSelector: .panel.panel-default.text-center.footerPanel .btn,.btn.btn-primary.btnControls' in '10' second(s)

2021-11-19 17:07:45 - [MESSAGE][PASSED] - Method.TextDegerineEsitElementeTiklaEquals is PASSED

2021-11-19 17:07:45 - [MESSAGE][PASSED] - Call Test Case 'Test Cases/Butonlar/ButonaTikla' successfully

2021-11-19 17:07:45 - [MESSAGE][INFO] - Checking called Test Case

2021-11-19 17:07:45 - [MESSAGE][INFO] - Starting to call Test Case 'Test Cases/Olusturma/Genel/GorselTasarimSayfasıBasligiIceriyorMu'

2021-11-19 17:07:46 - [TEST_CASE][PASSED] - Test Cases/Olusturma/Genel/GorselTasarimSayfasıBasligiIceriyorMu: Test Cases/Olusturma/Genel/GorselTasarimSayfasıBasligiIceriyorMu

2021-11-19 17:07:46 - [TEST_STEP][PASSED] - verifyElementText(findTestObject("Object Repository/Olusturma/Genel/GorselTasarimBaslik"), Baslik): Actual text and expected text of test object 'Object Repository/Olusturma/Genel/GorselTasarimBaslik' are matched.

2021-11-19 17:07:46 - [MESSAGE][INFO] - Finding Test Object 'Object Repository/Olusturma/Genel/GorselTasarimBaslik'

2021-11-19 17:07:46 - [MESSAGE][INFO] - Checking object

2021-11-19 17:07:46 - [MESSAGE][INFO] - Finding web element from Test Object's properties

2021-11-19 17:07:46 - [MESSAGE][INFO] - Checking timeout

2021-11-19 17:07:46 - [MESSAGE][INFO] - Finding web element with id: 'Object Repository/Olusturma/Genel/GorselTasarimBaslik' located by 'By.cssSelector: #flAlici_0>div>span' in '30' second(s)

2021-11-19 17:07:46 - [MESSAGE][INFO] - Smart Wait Function is triggered

2021-11-19 17:07:53 - [MESSAGE][INFO] - Found 1 web elements with id: 'Object Repository/Olusturma/Genel/GorselTasarimBaslik' located by 'By.cssSelector: #flAlici_0>div>span' in '30' second(s)

2021-11-19 17:07:53 - [MESSAGE][PASSED] - Actual text and expected text of test object 'Object Repository/Olusturma/Genel/GorselTasarimBaslik' are matched.

2021-11-19 17:07:53 - [MESSAGE][PASSED] - Call Test Case 'Test Cases/Olusturma/Genel/GorselTasarimSayfasıBasligiIceriyorMu' successfully

2021-11-19 17:07:53 - [MESSAGE][INFO] - Checking called Test Case

2021-11-19 17:07:53 - [MESSAGE][INFO] - Starting to call Test Case 'Test Cases/Olusturma/Genel/AliciSecilir'

2021-11-19 17:07:53 - [TEST_CASE][PASSED] - Test Cases/Olusturma/Genel/AliciSecilir: Test Cases/Olusturma/Genel/AliciSecilir

2021-11-19 17:07:53 - [TEST_STEP][PASSED] - click(findTestObject("Olusturma/Genel/AliciBilgisi/Alici_Ara")): Object: 'Object Repository/Olusturma/Genel/AliciBilgisi/Alici_Ara' is clicked on

2021-11-19 17:07:53 - [MESSAGE][INFO] - Finding Test Object 'Object Repository/Olusturma/Genel/AliciBilgisi/Alici_Ara'

2021-11-19 17:07:53 - [MESSAGE][INFO] - Checking object

2021-11-19 17:07:53 - [MESSAGE][INFO] - Finding web element from Test Object's properties

2021-11-19 17:07:53 - [MESSAGE][INFO] - Checking timeout

2021-11-19 17:07:53 - [MESSAGE][INFO] - Finding web element with id: 'Object Repository/Olusturma/Genel/AliciBilgisi/Alici_Ara' located by 'By.xpath: //td[@id='txtCustomerText_B-1']' in '30' second(s)

2021-11-19 17:07:53 - [MESSAGE][INFO] - Smart Wait Function is triggered

2021-11-19 17:07:53 - [MESSAGE][INFO] - Found 1 web elements with id: 'Object Repository/Olusturma/Genel/AliciBilgisi/Alici_Ara' located by 'By.xpath: //td[@id='txtCustomerText_B-1']' in '30' second(s)

2021-11-19 17:07:53 - [MESSAGE][INFO] - Clicking on object: 'Object Repository/Olusturma/Genel/AliciBilgisi/Alici_Ara'

2021-11-19 17:07:53 - [MESSAGE][PASSED] - Object: 'Object Repository/Olusturma/Genel/AliciBilgisi/Alici_Ara' is clicked on

2021-11-19 17:07:53 - [TEST_STEP][PASSED] - click(findTestObject("Olusturma/Genel/AliciBilgisi/Alici_Bilgisi")): Object: 'Object Repository/Olusturma/Genel/AliciBilgisi/Alici_Bilgisi' is clicked on

2021-11-19 17:07:53 - [MESSAGE][INFO] - Finding Test Object 'Object Repository/Olusturma/Genel/AliciBilgisi/Alici_Bilgisi'

2021-11-19 17:07:54 - [MESSAGE][INFO] - Checking object

2021-11-19 17:07:54 - [MESSAGE][INFO] - Finding web element from Test Object's properties

2021-11-19 17:07:54 - [MESSAGE][INFO] - Checking timeout

2021-11-19 17:07:54 - [MESSAGE][INFO] - Finding web element with id: 'Object Repository/Olusturma/Genel/AliciBilgisi/Alici_Bilgisi' located by 'By.xpath: //iframe[@id='customerselectiframe']' in '30' second(s)

2021-11-19 17:07:54 - [MESSAGE][INFO] - Smart Wait Function is triggered

2021-11-19 17:07:54 - [MESSAGE][INFO] - Found 1 web elements with id: 'Object Repository/Olusturma/Genel/AliciBilgisi/Alici_Bilgisi' located by 'By.xpath: //iframe[@id='customerselectiframe']' in '30' second(s)

2021-11-19 17:07:54 - [MESSAGE][INFO] - Clicking on object: 'Object Repository/Olusturma/Genel/AliciBilgisi/Alici_Bilgisi'

2021-11-19 17:07:54 - [MESSAGE][PASSED] - Object: 'Object Repository/Olusturma/Genel/AliciBilgisi/Alici_Bilgisi' is clicked on

2021-11-19 17:07:54 - [TEST_STEP][PASSED] - setText(findTestObject("Olusturma/Genel/AliciBilgisi/Alici_Gir"), Alici_Adi): Switching to default content

2021-11-19 17:07:54 - [MESSAGE][INFO] - Finding Test Object 'Object Repository/Olusturma/Genel/AliciBilgisi/Alici_Gir'

2021-11-19 17:07:54 - [MESSAGE][INFO] - Finding Test Object 'Object Repository/Olusturma/Genel/AliciBilgisi/Alici_Bilgisi'

2021-11-19 17:07:54 - [MESSAGE][INFO] - Checking object

2021-11-19 17:07:54 - [MESSAGE][INFO] - Checking text

2021-11-19 17:07:54 - [MESSAGE][INFO] - Object: 'Object Repository/Olusturma/Genel/AliciBilgisi/Alici_Gir' has parent object(s)

2021-11-19 17:07:54 - [MESSAGE][INFO] - Switching to iframe: 'Object Repository/Olusturma/Genel/AliciBilgisi/Alici_Bilgisi'

2021-11-19 17:07:54 - [MESSAGE][INFO] - Finding web element from Test Object's properties

2021-11-19 17:07:54 - [MESSAGE][INFO] - Checking timeout

2021-11-19 17:07:54 - [MESSAGE][INFO] - Finding web element with id: 'Object Repository/Olusturma/Genel/AliciBilgisi/Alici_Bilgisi' located by 'By.xpath: //iframe[@id='customerselectiframe']' in '30' second(s)

2021-11-19 17:07:54 - [MESSAGE][INFO] - Smart Wait Function is triggered

2021-11-19 17:07:55 - [MESSAGE][INFO] - Found 1 web elements with id: 'Object Repository/Olusturma/Genel/AliciBilgisi/Alici_Bilgisi' located by 'By.xpath: //iframe[@id='customerselectiframe']' in '30' second(s)

2021-11-19 17:07:55 - [MESSAGE][INFO] - Switched to iframe: 'Object Repository/Olusturma/Genel/AliciBilgisi/Alici_Bilgisi'

2021-11-19 17:07:55 - [MESSAGE][INFO] - Finding web element from Test Object's properties

2021-11-19 17:07:55 - [MESSAGE][INFO] - Checking timeout

2021-11-19 17:07:55 - [MESSAGE][INFO] - Finding web element with id: 'Object Repository/Olusturma/Genel/AliciBilgisi/Alici_Gir' located by 'By.xpath: //input[@id='GridViewCustomer_DXFREditorcol1_I']' in '30' second(s)

2021-11-19 17:07:55 - [MESSAGE][INFO] - Smart Wait Function is triggered

2021-11-19 17:07:55 - [MESSAGE][INFO] - Found 1 web elements with id: 'Object Repository/Olusturma/Genel/AliciBilgisi/Alici_Gir' located by 'By.xpath: //input[@id='GridViewCustomer_DXFREditorcol1_I']' in '30' second(s)

2021-11-19 17:07:55 - [MESSAGE][INFO] - Clearing text of object 'Object Repository/Olusturma/Genel/AliciBilgisi/Alici_Gir'

2021-11-19 17:07:55 - [MESSAGE][INFO] - Finding web element from Test Object's properties

2021-11-19 17:07:55 - [MESSAGE][INFO] - Checking timeout

2021-11-19 17:07:55 - [MESSAGE][INFO] - Finding web element with id: 'Object Repository/Olusturma/Genel/AliciBilgisi/Alici_Gir' located by 'By.xpath: //input[@id='GridViewCustomer_DXFREditorcol1_I']' in '30' second(s)

2021-11-19 17:07:55 - [MESSAGE][INFO] - Smart Wait Function is triggered

2021-11-19 17:07:55 - [MESSAGE][INFO] - Found 1 web elements with id: 'Object Repository/Olusturma/Genel/AliciBilgisi/Alici_Gir' located by 'By.xpath: //input[@id='GridViewCustomer_DXFREditorcol1_I']' in '30' second(s)

2021-11-19 17:07:55 - [MESSAGE][INFO] - Setting text of object 'Object Repository/Olusturma/Genel/AliciBilgisi/Alici_Gir' to value 'UC0010'

2021-11-19 17:07:55 - [MESSAGE][PASSED] - Text 'UC0010' is set on object 'Object Repository/Olusturma/Genel/AliciBilgisi/Alici_Gir'

2021-11-19 17:07:55 - [MESSAGE][INFO] - Switching to default content

2021-11-19 17:07:55 - [TEST_STEP][PASSED] - waitForElementClickable(findTestObject("Olusturma/Genel/AliciBilgisi/Alici_Adi"), 10): Switching to default content

2021-11-19 17:07:55 - [MESSAGE][INFO] - Finding Test Object 'Object Repository/Olusturma/Genel/AliciBilgisi/Alici_Adi'

2021-11-19 17:07:55 - [MESSAGE][INFO] - Finding Test Object 'Object Repository/Olusturma/Genel/AliciBilgisi/iframe_Alc Bilgisi_customerselectiframe'

2021-11-19 17:07:55 - [MESSAGE][INFO] - Checking object

2021-11-19 17:07:55 - [MESSAGE][INFO] - Checking timeout

2021-11-19 17:07:55 - [MESSAGE][INFO] - Object: 'Object Repository/Olusturma/Genel/AliciBilgisi/Alici_Adi' has parent object(s)

2021-11-19 17:07:55 - [MESSAGE][INFO] - Switching to iframe: 'Object Repository/Olusturma/Genel/AliciBilgisi/iframe_Alc Bilgisi_customerselectiframe'

2021-11-19 17:07:55 - [MESSAGE][INFO] - Finding web element from Test Object's properties

2021-11-19 17:07:55 - [MESSAGE][INFO] - Checking timeout

2021-11-19 17:07:55 - [MESSAGE][INFO] - Finding web element with id: 'Object Repository/Olusturma/Genel/AliciBilgisi/iframe_Alc Bilgisi_customerselectiframe' located by 'By.xpath: //iframe[@id='customerselectiframe']' in '10' second(s)

2021-11-19 17:07:55 - [MESSAGE][INFO] - Smart Wait Function is triggered

2021-11-19 17:07:55 - [MESSAGE][INFO] - Found 1 web elements with id: 'Object Repository/Olusturma/Genel/AliciBilgisi/iframe_Alc Bilgisi_customerselectiframe' located by 'By.xpath: //iframe[@id='customerselectiframe']' in '10' second(s)

2021-11-19 17:07:55 - [MESSAGE][INFO] - Switched to iframe: 'Object Repository/Olusturma/Genel/AliciBilgisi/iframe_Alc Bilgisi_customerselectiframe'

2021-11-19 17:07:55 - [MESSAGE][INFO] - Finding web element from Test Object's properties

2021-11-19 17:07:55 - [MESSAGE][INFO] - Checking timeout

2021-11-19 17:07:55 - [MESSAGE][INFO] - Finding web element with id: 'Object Repository/Olusturma/Genel/AliciBilgisi/Alici_Adi' located by 'By.xpath: //tr[@id='GridViewCustomer_DXDataRow0']/td[2]' in '10' second(s)

2021-11-19 17:07:55 - [MESSAGE][INFO] - Smart Wait Function is triggered

2021-11-19 17:07:56 - [MESSAGE][INFO] - Found 1 web elements with id: 'Object Repository/Olusturma/Genel/AliciBilgisi/Alici_Adi' located by 'By.xpath: //tr[@id='GridViewCustomer_DXDataRow0']/td[2]' in '10' second(s)

2021-11-19 17:07:56 - [MESSAGE][PASSED] - Object 'Object Repository/Olusturma/Genel/AliciBilgisi/Alici_Adi' is clickable

2021-11-19 17:07:56 - [MESSAGE][INFO] - Switching to default content

2021-11-19 17:07:56 - [TEST_STEP][PASSED] - click(findTestObject("Olusturma/Genel/AliciBilgisi/frame")): Switching to default content

2021-11-19 17:07:56 - [MESSAGE][INFO] - Finding Test Object 'Object Repository/Olusturma/Genel/AliciBilgisi/frame'

2021-11-19 17:07:56 - [MESSAGE][INFO] - Finding Test Object 'Object Repository/Olusturma/Genel/AliciBilgisi/iframe_Alc Bilgisi_customerselectiframe'

2021-11-19 17:07:56 - [MESSAGE][INFO] - Checking object

2021-11-19 17:07:56 - [MESSAGE][INFO] - Object: 'Object Repository/Olusturma/Genel/AliciBilgisi/frame' has parent object(s)

2021-11-19 17:07:56 - [MESSAGE][INFO] - Switching to iframe: 'Object Repository/Olusturma/Genel/AliciBilgisi/iframe_Alc Bilgisi_customerselectiframe'

2021-11-19 17:07:56 - [MESSAGE][INFO] - Finding web element from Test Object's properties

2021-11-19 17:07:56 - [MESSAGE][INFO] - Checking timeout

2021-11-19 17:07:56 - [MESSAGE][INFO] - Finding web element with id: 'Object Repository/Olusturma/Genel/AliciBilgisi/iframe_Alc Bilgisi_customerselectiframe' located by 'By.xpath: //iframe[@id='customerselectiframe']' in '30' second(s)

2021-11-19 17:07:56 - [MESSAGE][INFO] - Smart Wait Function is triggered

2021-11-19 17:07:56 - [MESSAGE][INFO] - Found 1 web elements with id: 'Object Repository/Olusturma/Genel/AliciBilgisi/iframe_Alc Bilgisi_customerselectiframe' located by 'By.xpath: //iframe[@id='customerselectiframe']' in '30' second(s)

2021-11-19 17:07:56 - [MESSAGE][INFO] - Switched to iframe: 'Object Repository/Olusturma/Genel/AliciBilgisi/iframe_Alc Bilgisi_customerselectiframe'

2021-11-19 17:07:56 - [MESSAGE][INFO] - Finding web element from Test Object's properties

2021-11-19 17:07:56 - [MESSAGE][INFO] - Checking timeout

2021-11-19 17:07:56 - [MESSAGE][INFO] - Finding web element with id: 'Object Repository/Olusturma/Genel/AliciBilgisi/frame' located by 'By.xpath: //*/text()[normalize-space(.)='']/parent::*' in '30' second(s)

2021-11-19 17:07:56 - [MESSAGE][INFO] - Smart Wait Function is triggered

2021-11-19 17:07:56 - [MESSAGE][INFO] - Found 65 web elements with id: 'Object Repository/Olusturma/Genel/AliciBilgisi/frame' located by 'By.xpath: //*/text()[normalize-space(.)='']/parent::*' in '30' second(s)

2021-11-19 17:07:56 - [MESSAGE][INFO] - Clicking on object: 'Object Repository/Olusturma/Genel/AliciBilgisi/frame'

2021-11-19 17:07:56 - [MESSAGE][PASSED] - Object: 'Object Repository/Olusturma/Genel/AliciBilgisi/frame' is clicked on

2021-11-19 17:07:56 - [MESSAGE][INFO] - Switching to default content

2021-11-19 17:07:56 - [TEST_STEP][PASSED] - click(findTestObject("Olusturma/Genel/AliciBilgisi/Alici_Adi")): Switching to default content

2021-11-19 17:07:56 - [MESSAGE][INFO] - Finding Test Object 'Object Repository/Olusturma/Genel/AliciBilgisi/Alici_Adi'

2021-11-19 17:07:56 - [MESSAGE][INFO] - Finding Test Object 'Object Repository/Olusturma/Genel/AliciBilgisi/iframe_Alc Bilgisi_customerselectiframe'

2021-11-19 17:07:56 - [MESSAGE][INFO] - Checking object

2021-11-19 17:07:56 - [MESSAGE][INFO] - Object: 'Object Repository/Olusturma/Genel/AliciBilgisi/Alici_Adi' has parent object(s)

2021-11-19 17:07:56 - [MESSAGE][INFO] - Switching to iframe: 'Object Repository/Olusturma/Genel/AliciBilgisi/iframe_Alc Bilgisi_customerselectiframe'

2021-11-19 17:07:56 - [MESSAGE][INFO] - Finding web element from Test Object's properties

2021-11-19 17:07:56 - [MESSAGE][INFO] - Checking timeout

2021-11-19 17:07:56 - [MESSAGE][INFO] - Finding web element with id: 'Object Repository/Olusturma/Genel/AliciBilgisi/iframe_Alc Bilgisi_customerselectiframe' located by 'By.xpath: //iframe[@id='customerselectiframe']' in '30' second(s)

2021-11-19 17:07:56 - [MESSAGE][INFO] - Smart Wait Function is triggered

2021-11-19 17:07:57 - [MESSAGE][INFO] - Found 1 web elements with id: 'Object Repository/Olusturma/Genel/AliciBilgisi/iframe_Alc Bilgisi_customerselectiframe' located by 'By.xpath: //iframe[@id='customerselectiframe']' in '30' second(s)

2021-11-19 17:07:57 - [MESSAGE][INFO] - Switched to iframe: 'Object Repository/Olusturma/Genel/AliciBilgisi/iframe_Alc Bilgisi_customerselectiframe'

2021-11-19 17:07:57 - [MESSAGE][INFO] - Finding web element from Test Object's properties

2021-11-19 17:07:57 - [MESSAGE][INFO] - Checking timeout

2021-11-19 17:07:57 - [MESSAGE][INFO] - Finding web element with id: 'Object Repository/Olusturma/Genel/AliciBilgisi/Alici_Adi' located by 'By.xpath: //tr[@id='GridViewCustomer_DXDataRow0']/td[2]' in '30' second(s)

2021-11-19 17:07:57 - [MESSAGE][INFO] - Smart Wait Function is triggered

2021-11-19 17:07:57 - [MESSAGE][INFO] - Found 1 web elements with id: 'Object Repository/Olusturma/Genel/AliciBilgisi/Alici_Adi' located by 'By.xpath: //tr[@id='GridViewCustomer_DXDataRow0']/td[2]' in '30' second(s)

2021-11-19 17:07:57 - [MESSAGE][INFO] - Clicking on object: 'Object Repository/Olusturma/Genel/AliciBilgisi/Alici_Adi'

2021-11-19 17:07:57 - [MESSAGE][PASSED] - Object: 'Object Repository/Olusturma/Genel/AliciBilgisi/Alici_Adi' is clicked on

2021-11-19 17:07:57 - [MESSAGE][INFO] - Switching to default content

2021-11-19 17:07:57 - [TEST_STEP][PASSED] - click(findTestObject("Olusturma/Genel/AliciBilgisi/Tamam_Bosluk")): Switching to default content

2021-11-19 17:07:57 - [MESSAGE][INFO] - Finding Test Object 'Object Repository/Olusturma/Genel/AliciBilgisi/Tamam_Bosluk'

2021-11-19 17:07:57 - [MESSAGE][INFO] - Finding Test Object 'Object Repository/Olusturma/Genel/AliciBilgisi/Alici_Bilgisi'

2021-11-19 17:07:57 - [MESSAGE][INFO] - Checking object

2021-11-19 17:07:57 - [MESSAGE][INFO] - Object: 'Object Repository/Olusturma/Genel/AliciBilgisi/Tamam_Bosluk' has parent object(s)

2021-11-19 17:07:57 - [MESSAGE][INFO] - Switching to iframe: 'Object Repository/Olusturma/Genel/AliciBilgisi/Alici_Bilgisi'

2021-11-19 17:07:57 - [MESSAGE][INFO] - Finding web element from Test Object's properties

2021-11-19 17:07:57 - [MESSAGE][INFO] - Checking timeout

2021-11-19 17:07:57 - [MESSAGE][INFO] - Finding web element with id: 'Object Repository/Olusturma/Genel/AliciBilgisi/Alici_Bilgisi' located by 'By.xpath: //iframe[@id='customerselectiframe']' in '30' second(s)

2021-11-19 17:07:57 - [MESSAGE][INFO] - Smart Wait Function is triggered

2021-11-19 17:07:57 - [MESSAGE][INFO] - Found 1 web elements with id: 'Object Repository/Olusturma/Genel/AliciBilgisi/Alici_Bilgisi' located by 'By.xpath: //iframe[@id='customerselectiframe']' in '30' second(s)

2021-11-19 17:07:57 - [MESSAGE][INFO] - Switched to iframe: 'Object Repository/Olusturma/Genel/AliciBilgisi/Alici_Bilgisi'

2021-11-19 17:07:57 - [MESSAGE][INFO] - Finding web element from Test Object's properties

2021-11-19 17:07:57 - [MESSAGE][INFO] - Checking timeout

2021-11-19 17:07:57 - [MESSAGE][INFO] - Finding web element with id: 'Object Repository/Olusturma/Genel/AliciBilgisi/Tamam_Bosluk' located by 'By.xpath: (.//*[normalize-space(text()) and normalize-space(.)='Sayfa Boyutu:'])[1]/following::div[7]' in '30' second(s)

2021-11-19 17:07:57 - [MESSAGE][INFO] - Smart Wait Function is triggered

2021-11-19 17:07:57 - [MESSAGE][INFO] - Found 1 web elements with id: 'Object Repository/Olusturma/Genel/AliciBilgisi/Tamam_Bosluk' located by 'By.xpath: (.//*[normalize-space(text()) and normalize-space(.)='Sayfa Boyutu:'])[1]/following::div[7]' in '30' second(s)

2021-11-19 17:07:57 - [MESSAGE][INFO] - Clicking on object: 'Object Repository/Olusturma/Genel/AliciBilgisi/Tamam_Bosluk'

2021-11-19 17:07:57 - [MESSAGE][PASSED] - Object: 'Object Repository/Olusturma/Genel/AliciBilgisi/Tamam_Bosluk' is clicked on

2021-11-19 17:07:57 - [MESSAGE][INFO] - Switching to default content

2021-11-19 17:07:57 - [TEST_STEP][PASSED] - waitForElementClickable(findTestObject("Olusturma/Genel/AliciBilgisi/Tamam_Butonu"), 10): Switching to default content

2021-11-19 17:07:57 - [MESSAGE][INFO] - Finding Test Object 'Object Repository/Olusturma/Genel/AliciBilgisi/Tamam_Butonu'

2021-11-19 17:07:57 - [MESSAGE][INFO] - Finding Test Object 'Object Repository/Olusturma/Genel/AliciBilgisi/Alici_Bilgisi'

2021-11-19 17:07:57 - [MESSAGE][INFO] - Checking object

2021-11-19 17:07:57 - [MESSAGE][INFO] - Checking timeout

2021-11-19 17:07:57 - [MESSAGE][INFO] - Object: 'Object Repository/Olusturma/Genel/AliciBilgisi/Tamam_Butonu' has parent object(s)

2021-11-19 17:07:57 - [MESSAGE][INFO] - Switching to iframe: 'Object Repository/Olusturma/Genel/AliciBilgisi/Alici_Bilgisi'

2021-11-19 17:07:57 - [MESSAGE][INFO] - Finding web element from Test Object's properties

2021-11-19 17:07:57 - [MESSAGE][INFO] - Checking timeout

2021-11-19 17:07:57 - [MESSAGE][INFO] - Finding web element with id: 'Object Repository/Olusturma/Genel/AliciBilgisi/Alici_Bilgisi' located by 'By.xpath: //iframe[@id='customerselectiframe']' in '10' second(s)

2021-11-19 17:07:57 - [MESSAGE][INFO] - Smart Wait Function is triggered

2021-11-19 17:07:58 - [MESSAGE][INFO] - Found 1 web elements with id: 'Object Repository/Olusturma/Genel/AliciBilgisi/Alici_Bilgisi' located by 'By.xpath: //iframe[@id='customerselectiframe']' in '10' second(s)

2021-11-19 17:07:58 - [MESSAGE][INFO] - Switched to iframe: 'Object Repository/Olusturma/Genel/AliciBilgisi/Alici_Bilgisi'

2021-11-19 17:07:58 - [MESSAGE][INFO] - Finding web element from Test Object's properties

2021-11-19 17:07:58 - [MESSAGE][INFO] - Checking timeout

2021-11-19 17:07:58 - [MESSAGE][INFO] - Finding web element with id: 'Object Repository/Olusturma/Genel/AliciBilgisi/Tamam_Butonu' located by 'By.xpath: //div[@id='btnSelectCustomer_CD']/span' in '10' second(s)

2021-11-19 17:07:58 - [MESSAGE][INFO] - Smart Wait Function is triggered

2021-11-19 17:07:58 - [MESSAGE][INFO] - Found 1 web elements with id: 'Object Repository/Olusturma/Genel/AliciBilgisi/Tamam_Butonu' located by 'By.xpath: //div[@id='btnSelectCustomer_CD']/span' in '10' second(s)

2021-11-19 17:07:58 - [MESSAGE][PASSED] - Object 'Object Repository/Olusturma/Genel/AliciBilgisi/Tamam_Butonu' is clickable

2021-11-19 17:07:58 - [MESSAGE][INFO] - Switching to default content

2021-11-19 17:07:58 - [TEST_STEP][PASSED] - click(findTestObject("Olusturma/Genel/AliciBilgisi/Tamam_Butonu")): Switching to default content

2021-11-19 17:07:58 - [MESSAGE][INFO] - Finding Test Object 'Object Repository/Olusturma/Genel/AliciBilgisi/Tamam_Butonu'

2021-11-19 17:07:58 - [MESSAGE][INFO] - Finding Test Object 'Object Repository/Olusturma/Genel/AliciBilgisi/Alici_Bilgisi'

2021-11-19 17:07:58 - [MESSAGE][INFO] - Checking object

2021-11-19 17:07:58 - [MESSAGE][INFO] - Object: 'Object Repository/Olusturma/Genel/AliciBilgisi/Tamam_Butonu' has parent object(s)

2021-11-19 17:07:58 - [MESSAGE][INFO] - Switching to iframe: 'Object Repository/Olusturma/Genel/AliciBilgisi/Alici_Bilgisi'

2021-11-19 17:07:58 - [MESSAGE][INFO] - Finding web element from Test Object's properties

2021-11-19 17:07:58 - [MESSAGE][INFO] - Checking timeout

2021-11-19 17:07:58 - [MESSAGE][INFO] - Finding web element with id: 'Object Repository/Olusturma/Genel/AliciBilgisi/Alici_Bilgisi' located by 'By.xpath: //iframe[@id='customerselectiframe']' in '30' second(s)

2021-11-19 17:07:58 - [MESSAGE][INFO] - Smart Wait Function is triggered

2021-11-19 17:07:58 - [MESSAGE][INFO] - Found 1 web elements with id: 'Object Repository/Olusturma/Genel/AliciBilgisi/Alici_Bilgisi' located by 'By.xpath: //iframe[@id='customerselectiframe']' in '30' second(s)

2021-11-19 17:07:58 - [MESSAGE][INFO] - Switched to iframe: 'Object Repository/Olusturma/Genel/AliciBilgisi/Alici_Bilgisi'

2021-11-19 17:07:58 - [MESSAGE][INFO] - Finding web element from Test Object's properties

2021-11-19 17:07:58 - [MESSAGE][INFO] - Checking timeout

2021-11-19 17:07:58 - [MESSAGE][INFO] - Finding web element with id: 'Object Repository/Olusturma/Genel/AliciBilgisi/Tamam_Butonu' located by 'By.xpath: //div[@id='btnSelectCustomer_CD']/span' in '30' second(s)

2021-11-19 17:07:58 - [MESSAGE][INFO] - Smart Wait Function is triggered

2021-11-19 17:07:58 - [MESSAGE][INFO] - Found 1 web elements with id: 'Object Repository/Olusturma/Genel/AliciBilgisi/Tamam_Butonu' located by 'By.xpath: //div[@id='btnSelectCustomer_CD']/span' in '30' second(s)

2021-11-19 17:07:58 - [MESSAGE][INFO] - Clicking on object: 'Object Repository/Olusturma/Genel/AliciBilgisi/Tamam_Butonu'

2021-11-19 17:07:58 - [MESSAGE][PASSED] - Object: 'Object Repository/Olusturma/Genel/AliciBilgisi/Tamam_Butonu' is clicked on

2021-11-19 17:07:58 - [MESSAGE][INFO] - Switching to default content

2021-11-19 17:07:58 - [TEST_STEP][PASSED] - waitForElementPresent(findTestObject("Olusturma/Genel/AliciBilgisi/VKN-TCKN"), 10): Object 'Object Repository/Olusturma/Genel/AliciBilgisi/VKN-TCKN' is present

2021-11-19 17:07:58 - [MESSAGE][INFO] - Finding Test Object 'Object Repository/Olusturma/Genel/AliciBilgisi/VKN-TCKN'

2021-11-19 17:07:58 - [MESSAGE][INFO] - Checking object

2021-11-19 17:07:58 - [MESSAGE][INFO] - Finding web element from Test Object's properties

2021-11-19 17:07:58 - [MESSAGE][INFO] - Checking timeout

2021-11-19 17:07:58 - [MESSAGE][INFO] - Finding web element with id: 'Object Repository/Olusturma/Genel/AliciBilgisi/VKN-TCKN' located by 'By.xpath: //*[@id = 'txtVknTckn_I']' in '10' second(s)

2021-11-19 17:07:58 - [MESSAGE][INFO] - Smart Wait Function is triggered

2021-11-19 17:07:59 - [MESSAGE][INFO] - Found 1 web elements with id: 'Object Repository/Olusturma/Genel/AliciBilgisi/VKN-TCKN' located by 'By.xpath: //*[@id = 'txtVknTckn_I']' in '10' second(s)

2021-11-19 17:07:59 - [MESSAGE][PASSED] - Object 'Object Repository/Olusturma/Genel/AliciBilgisi/VKN-TCKN' is present

2021-11-19 17:07:59 - [TEST_STEP][PASSED] - text = getAttribute(findTestObject("Olusturma/Genel/AliciBilgisi/VKN-TCKN"), "value"): Attribute 'value' of object 'Object Repository/Olusturma/Genel/AliciBilgisi/VKN-TCKN' is: '5326376795'

2021-11-19 17:07:59 - [MESSAGE][INFO] - Finding Test Object 'Object Repository/Olusturma/Genel/AliciBilgisi/VKN-TCKN'

2021-11-19 17:07:59 - [MESSAGE][INFO] - Checking object

2021-11-19 17:07:59 - [MESSAGE][INFO] - Checking attribute

2021-11-19 17:07:59 - [MESSAGE][INFO] - Finding web element from Test Object's properties

2021-11-19 17:07:59 - [MESSAGE][INFO] - Checking timeout

2021-11-19 17:07:59 - [MESSAGE][INFO] - Finding web element with id: 'Object Repository/Olusturma/Genel/AliciBilgisi/VKN-TCKN' located by 'By.xpath: //*[@id = 'txtVknTckn_I']' in '30' second(s)

2021-11-19 17:07:59 - [MESSAGE][INFO] - Smart Wait Function is triggered

2021-11-19 17:07:59 - [MESSAGE][INFO] - Found 1 web elements with id: 'Object Repository/Olusturma/Genel/AliciBilgisi/VKN-TCKN' located by 'By.xpath: //*[@id = 'txtVknTckn_I']' in '30' second(s)

2021-11-19 17:07:59 - [MESSAGE][INFO] - Getting attribute 'value' of object 'Object Repository/Olusturma/Genel/AliciBilgisi/VKN-TCKN'

2021-11-19 17:07:59 - [MESSAGE][PASSED] - Attribute 'value' of object 'Object Repository/Olusturma/Genel/AliciBilgisi/VKN-TCKN' is: '5326376795'

2021-11-19 17:07:59 - [TEST_STEP][PASSED] - if (text.equals("")): null

2021-11-19 17:07:59 - [MESSAGE][PASSED] - Call Test Case 'Test Cases/Olusturma/Genel/AliciSecilir' successfully

2021-11-19 17:07:59 - [MESSAGE][INFO] - Checking called Test Case

2021-11-19 17:07:59 - [MESSAGE][INFO] - Starting to call Test Case 'Test Cases/Olusturma/Genel/GonderimSekliSecilir'

2021-11-19 17:07:59 - [TEST_CASE][PASSED] - Test Cases/Olusturma/Genel/GonderimSekliSecilir: Test Cases/Olusturma/Genel/GonderimSekliSecilir

2021-11-19 17:07:59 - [TEST_STEP][PASSED] - waitForElementClickable(findTestObject("Object Repository/Olusturma/Genel/GonderimSekli/GonderimSekli"), 10): Object 'Object Repository/Olusturma/Genel/GonderimSekli/GonderimSekli' is clickable

2021-11-19 17:07:59 - [MESSAGE][INFO] - Finding Test Object 'Object Repository/Olusturma/Genel/GonderimSekli/GonderimSekli'

2021-11-19 17:07:59 - [MESSAGE][INFO] - Checking object

2021-11-19 17:07:59 - [MESSAGE][INFO] - Checking timeout

2021-11-19 17:07:59 - [MESSAGE][INFO] - Finding web element from Test Object's properties

2021-11-19 17:07:59 - [MESSAGE][INFO] - Checking timeout

2021-11-19 17:07:59 - [MESSAGE][INFO] - Finding web element with id: 'Object Repository/Olusturma/Genel/GonderimSekli/GonderimSekli' located by 'By.xpath: //*[@id = 'txtGonderimSekil_I']' in '10' second(s)

2021-11-19 17:07:59 - [MESSAGE][INFO] - Smart Wait Function is triggered

2021-11-19 17:08:00 - [MESSAGE][INFO] - Found 1 web elements with id: 'Object Repository/Olusturma/Genel/GonderimSekli/GonderimSekli' located by 'By.xpath: //*[@id = 'txtGonderimSekil_I']' in '10' second(s)

2021-11-19 17:08:00 - [MESSAGE][PASSED] - Object 'Object Repository/Olusturma/Genel/GonderimSekli/GonderimSekli' is clickable

2021-11-19 17:08:00 - [TEST_STEP][PASSED] - click(findTestObject("Object Repository/Olusturma/Genel/GonderimSekli/GonderimSekli")): Object: 'Object Repository/Olusturma/Genel/GonderimSekli/GonderimSekli' is clicked on

2021-11-19 17:08:00 - [MESSAGE][INFO] - Finding Test Object 'Object Repository/Olusturma/Genel/GonderimSekli/GonderimSekli'

2021-11-19 17:08:00 - [MESSAGE][INFO] - Checking object

2021-11-19 17:08:00 - [MESSAGE][INFO] - Finding web element from Test Object's properties

2021-11-19 17:08:00 - [MESSAGE][INFO] - Checking timeout

2021-11-19 17:08:00 - [MESSAGE][INFO] - Finding web element with id: 'Object Repository/Olusturma/Genel/GonderimSekli/GonderimSekli' located by 'By.xpath: //*[@id = 'txtGonderimSekil_I']' in '30' second(s)

2021-11-19 17:08:00 - [MESSAGE][INFO] - Smart Wait Function is triggered

2021-11-19 17:08:00 - [MESSAGE][INFO] - Found 1 web elements with id: 'Object Repository/Olusturma/Genel/GonderimSekli/GonderimSekli' located by 'By.xpath: //*[@id = 'txtGonderimSekil_I']' in '30' second(s)

2021-11-19 17:08:00 - [MESSAGE][INFO] - Clicking on object: 'Object Repository/Olusturma/Genel/GonderimSekli/GonderimSekli'

2021-11-19 17:08:00 - [MESSAGE][PASSED] - Object: 'Object Repository/Olusturma/Genel/GonderimSekli/GonderimSekli' is clicked on

2021-11-19 17:08:00 - [TEST_STEP][PASSED] - Method.TextDegerineEsitElementeTikla(findTestObject("Object Repository/Olusturma/Genel/GonderimSekli/GonderimSekliAdi"), GonderimSekli): Method.TextDegerineEsitElementeTikla is PASSED

2021-11-19 17:08:00 - [MESSAGE][INFO] - Finding Test Object 'Object Repository/Olusturma/Genel/GonderimSekli/GonderimSekliAdi'

2021-11-19 17:08:00 - [MESSAGE][INFO] - Checking timeout

2021-11-19 17:08:00 - [MESSAGE][INFO] - Finding web element with id: 'Object Repository/Olusturma/Genel/GonderimSekli/GonderimSekliAdi' located by 'By.cssSelector: #txtGonderimSekil_DDD_L_LBT td' in '10' second(s)

2021-11-19 17:08:00 - [MESSAGE][INFO] - Smart Wait Function is triggered

2021-11-19 17:08:01 - [MESSAGE][INFO] - Found 2 web elements with id: 'Object Repository/Olusturma/Genel/GonderimSekli/GonderimSekliAdi' located by 'By.cssSelector: #txtGonderimSekil_DDD_L_LBT td' in '10' second(s)

2021-11-19 17:08:01 - [MESSAGE][PASSED] - Method.TextDegerineEsitElementeTikla is PASSED

2021-11-19 17:08:01 - [MESSAGE][PASSED] - Call Test Case 'Test Cases/Olusturma/Genel/GonderimSekliSecilir' successfully

2021-11-19 17:08:01 - [MESSAGE][INFO] - Checking called Test Case

2021-11-19 17:08:01 - [MESSAGE][INFO] - Starting to call Test Case 'Test Cases/Olusturma/Genel/TipSecilir'

2021-11-19 17:08:01 - [TEST_CASE][PASSED] - Test Cases/Olusturma/Genel/TipSecilir: Test Cases/Olusturma/Genel/TipSecilir

2021-11-19 17:08:01 - [TEST_STEP][PASSED] - waitForElementClickable(findTestObject("Olusturma/Genel/TipSecilir/Tip"), 10): Object 'Object Repository/Olusturma/Genel/TipSecilir/Tip' is clickable

2021-11-19 17:08:01 - [MESSAGE][INFO] - Finding Test Object 'Object Repository/Olusturma/Genel/TipSecilir/Tip'

2021-11-19 17:08:01 - [MESSAGE][INFO] - Checking object

2021-11-19 17:08:01 - [MESSAGE][INFO] - Checking timeout

2021-11-19 17:08:01 - [MESSAGE][INFO] - Finding web element from Test Object's properties

2021-11-19 17:08:01 - [MESSAGE][INFO] - Checking timeout

2021-11-19 17:08:01 - [MESSAGE][INFO] - Finding web element with id: 'Object Repository/Olusturma/Genel/TipSecilir/Tip' located by 'By.xpath: //*[@id = 'DocumentTypeCode_I']' in '10' second(s)

2021-11-19 17:08:01 - [MESSAGE][INFO] - Smart Wait Function is triggered

2021-11-19 17:08:01 - [MESSAGE][INFO] - Found 1 web elements with id: 'Object Repository/Olusturma/Genel/TipSecilir/Tip' located by 'By.xpath: //*[@id = 'DocumentTypeCode_I']' in '10' second(s)

2021-11-19 17:08:01 - [MESSAGE][PASSED] - Object 'Object Repository/Olusturma/Genel/TipSecilir/Tip' is clickable

2021-11-19 17:08:01 - [TEST_STEP][PASSED] - click(findTestObject("Olusturma/Genel/TipSecilir/Tip")): Object: 'Object Repository/Olusturma/Genel/TipSecilir/Tip' is clicked on

2021-11-19 17:08:01 - [MESSAGE][INFO] - Finding Test Object 'Object Repository/Olusturma/Genel/TipSecilir/Tip'

2021-11-19 17:08:01 - [MESSAGE][INFO] - Checking object

2021-11-19 17:08:01 - [MESSAGE][INFO] - Finding web element from Test Object's properties

2021-11-19 17:08:01 - [MESSAGE][INFO] - Checking timeout

2021-11-19 17:08:01 - [MESSAGE][INFO] - Finding web element with id: 'Object Repository/Olusturma/Genel/TipSecilir/Tip' located by 'By.xpath: //*[@id = 'DocumentTypeCode_I']' in '30' second(s)

2021-11-19 17:08:01 - [MESSAGE][INFO] - Smart Wait Function is triggered

2021-11-19 17:08:02 - [MESSAGE][INFO] - Found 1 web elements with id: 'Object Repository/Olusturma/Genel/TipSecilir/Tip' located by 'By.xpath: //*[@id = 'DocumentTypeCode_I']' in '30' second(s)

2021-11-19 17:08:02 - [MESSAGE][INFO] - Clicking on object: 'Object Repository/Olusturma/Genel/TipSecilir/Tip'

2021-11-19 17:08:02 - [MESSAGE][PASSED] - Object: 'Object Repository/Olusturma/Genel/TipSecilir/Tip' is clicked on

2021-11-19 17:08:02 - [TEST_STEP][PASSED] - Method.TextDegerineEsitElementeTikla(findTestObject("Object Repository/Olusturma/Genel/TipSecilir/Tip_Adi"), Tip): Method.TextDegerineEsitElementeTikla is PASSED

2021-11-19 17:08:02 - [MESSAGE][INFO] - Finding Test Object 'Object Repository/Olusturma/Genel/TipSecilir/Tip_Adi'

2021-11-19 17:08:02 - [MESSAGE][INFO] - Checking timeout

2021-11-19 17:08:02 - [MESSAGE][INFO] - Finding web element with id: 'Object Repository/Olusturma/Genel/TipSecilir/Tip_Adi' located by 'By.cssSelector: #DocumentTypeCode_DDD_L_LBT td' in '10' second(s)

2021-11-19 17:08:02 - [MESSAGE][INFO] - Smart Wait Function is triggered

2021-11-19 17:08:02 - [MESSAGE][INFO] - Found 9 web elements with id: 'Object Repository/Olusturma/Genel/TipSecilir/Tip_Adi' located by 'By.cssSelector: #DocumentTypeCode_DDD_L_LBT td' in '10' second(s)

2021-11-19 17:08:03 - [MESSAGE][PASSED] - Method.TextDegerineEsitElementeTikla is PASSED

2021-11-19 17:08:03 - [MESSAGE][PASSED] - Call Test Case 'Test Cases/Olusturma/Genel/TipSecilir' successfully

2021-11-19 17:08:03 - [MESSAGE][INFO] - Checking called Test Case

2021-11-19 17:08:03 - [MESSAGE][INFO] - Starting to call Test Case 'Test Cases/Olusturma/Genel/DokumanParaBirimiSecilir'

2021-11-19 17:08:03 - [TEST_CASE][PASSED] - Test Cases/Olusturma/Genel/DokumanParaBirimiSecilir: Test Cases/Olusturma/Genel/DokumanParaBirimiSecilir

2021-11-19 17:08:03 - [TEST_STEP][PASSED] - waitForElementClickable(findTestObject("Object Repository/Olusturma/Genel/DokumanParaBirimiSecilir/Para"), 10): Object 'Object Repository/Olusturma/Genel/DokumanParaBirimiSecilir/Para' is clickable

2021-11-19 17:08:03 - [MESSAGE][INFO] - Finding Test Object 'Object Repository/Olusturma/Genel/DokumanParaBirimiSecilir/Para'

2021-11-19 17:08:03 - [MESSAGE][INFO] - Checking object

2021-11-19 17:08:03 - [MESSAGE][INFO] - Checking timeout

2021-11-19 17:08:03 - [MESSAGE][INFO] - Finding web element from Test Object's properties

2021-11-19 17:08:03 - [MESSAGE][INFO] - Checking timeout

2021-11-19 17:08:03 - [MESSAGE][INFO] - Finding web element with id: 'Object Repository/Olusturma/Genel/DokumanParaBirimiSecilir/Para' located by 'By.xpath: //*[@id = 'CurrencyUnit_I']' in '10' second(s)

2021-11-19 17:08:03 - [MESSAGE][INFO] - Smart Wait Function is triggered

2021-11-19 17:08:04 - [MESSAGE][INFO] - Found 1 web elements with id: 'Object Repository/Olusturma/Genel/DokumanParaBirimiSecilir/Para' located by 'By.xpath: //*[@id = 'CurrencyUnit_I']' in '10' second(s)

2021-11-19 17:08:05 - [MESSAGE][PASSED] - Object 'Object Repository/Olusturma/Genel/DokumanParaBirimiSecilir/Para' is clickable

2021-11-19 17:08:05 - [TEST_STEP][PASSED] - click(findTestObject("Object Repository/Olusturma/Genel/DokumanParaBirimiSecilir/Para")): Object: 'Object Repository/Olusturma/Genel/DokumanParaBirimiSecilir/Para' is clicked on

2021-11-19 17:08:05 - [MESSAGE][INFO] - Finding Test Object 'Object Repository/Olusturma/Genel/DokumanParaBirimiSecilir/Para'

2021-11-19 17:08:05 - [MESSAGE][INFO] - Checking object

2021-11-19 17:08:05 - [MESSAGE][INFO] - Finding web element from Test Object's properties

2021-11-19 17:08:05 - [MESSAGE][INFO] - Checking timeout

2021-11-19 17:08:05 - [MESSAGE][INFO] - Finding web element with id: 'Object Repository/Olusturma/Genel/DokumanParaBirimiSecilir/Para' located by 'By.xpath: //*[@id = 'CurrencyUnit_I']' in '30' second(s)

2021-11-19 17:08:05 - [MESSAGE][INFO] - Smart Wait Function is triggered

2021-11-19 17:08:05 - [MESSAGE][INFO] - Found 1 web elements with id: 'Object Repository/Olusturma/Genel/DokumanParaBirimiSecilir/Para' located by 'By.xpath: //*[@id = 'CurrencyUnit_I']' in '30' second(s)

2021-11-19 17:08:05 - [MESSAGE][INFO] - Clicking on object: 'Object Repository/Olusturma/Genel/DokumanParaBirimiSecilir/Para'

2021-11-19 17:08:05 - [MESSAGE][PASSED] - Object: 'Object Repository/Olusturma/Genel/DokumanParaBirimiSecilir/Para' is clicked on

2021-11-19 17:08:05 - [TEST_STEP][PASSED] - Method.TextDegerineEsitElementeTikla(findTestObject("Object Repository/Olusturma/Genel/DokumanParaBirimiSecilir/Para_Adi"), Para): Method.TextDegerineEsitElementeTikla is PASSED

2021-11-19 17:08:05 - [MESSAGE][INFO] - Finding Test Object 'Object Repository/Olusturma/Genel/DokumanParaBirimiSecilir/Para_Adi'

2021-11-19 17:08:05 - [MESSAGE][INFO] - Checking timeout

2021-11-19 17:08:05 - [MESSAGE][INFO] - Finding web element with id: 'Object Repository/Olusturma/Genel/DokumanParaBirimiSecilir/Para_Adi' located by 'By.cssSelector: #CurrencyUnit_DDD_L_LBT td' in '10' second(s)

2021-11-19 17:08:05 - [MESSAGE][INFO] - Smart Wait Function is triggered

2021-11-19 17:08:06 - [MESSAGE][INFO] - Found 203 web elements with id: 'Object Repository/Olusturma/Genel/DokumanParaBirimiSecilir/Para_Adi' located by 'By.cssSelector: #CurrencyUnit_DDD_L_LBT td' in '10' second(s)

2021-11-19 17:08:11 - [MESSAGE][PASSED] - Method.TextDegerineEsitElementeTikla is PASSED

2021-11-19 17:08:11 - [MESSAGE][PASSED] - Call Test Case 'Test Cases/Olusturma/Genel/DokumanParaBirimiSecilir' successfully

2021-11-19 17:08:11 - [MESSAGE][INFO] - Checking called Test Case

2021-11-19 17:08:11 - [MESSAGE][INFO] - Starting to call Test Case 'Test Cases/Olusturma/Genel/OnEkSecilir'

2021-11-19 17:08:11 - [TEST_CASE][PASSED] - Test Cases/Olusturma/Genel/OnEkSecilir: Test Cases/Olusturma/Genel/OnEkSecilir

2021-11-19 17:08:11 - [TEST_STEP][PASSED] - waitForElementClickable(findTestObject("Object Repository/Olusturma/Genel/OnEkSecilir/OnEk"), 10): Object 'Object Repository/Olusturma/Genel/OnEkSecilir/OnEk' is clickable

2021-11-19 17:08:11 - [MESSAGE][INFO] - Finding Test Object 'Object Repository/Olusturma/Genel/OnEkSecilir/OnEk'

2021-11-19 17:08:11 - [MESSAGE][INFO] - Checking object

2021-11-19 17:08:11 - [MESSAGE][INFO] - Checking timeout

2021-11-19 17:08:11 - [MESSAGE][INFO] - Finding web element from Test Object's properties

2021-11-19 17:08:11 - [MESSAGE][INFO] - Checking timeout

2021-11-19 17:08:11 - [MESSAGE][INFO] - Finding web element with id: 'Object Repository/Olusturma/Genel/OnEkSecilir/OnEk' located by 'By.xpath: //*[@id = 'InvoicePrefix_I']' in '10' second(s)

2021-11-19 17:08:11 - [MESSAGE][INFO] - Smart Wait Function is triggered

2021-11-19 17:08:11 - [MESSAGE][INFO] - Found 1 web elements with id: 'Object Repository/Olusturma/Genel/OnEkSecilir/OnEk' located by 'By.xpath: //*[@id = 'InvoicePrefix_I']' in '10' second(s)

2021-11-19 17:08:11 - [MESSAGE][PASSED] - Object 'Object Repository/Olusturma/Genel/OnEkSecilir/OnEk' is clickable

2021-11-19 17:08:11 - [TEST_STEP][PASSED] - click(findTestObject("Object Repository/Olusturma/Genel/OnEkSecilir/OnEk")): Object: 'Object Repository/Olusturma/Genel/OnEkSecilir/OnEk' is clicked on

2021-11-19 17:08:11 - [MESSAGE][INFO] - Finding Test Object 'Object Repository/Olusturma/Genel/OnEkSecilir/OnEk'

2021-11-19 17:08:11 - [MESSAGE][INFO] - Checking object

2021-11-19 17:08:11 - [MESSAGE][INFO] - Finding web element from Test Object's properties

2021-11-19 17:08:11 - [MESSAGE][INFO] - Checking timeout

2021-11-19 17:08:11 - [MESSAGE][INFO] - Finding web element with id: 'Object Repository/Olusturma/Genel/OnEkSecilir/OnEk' located by 'By.xpath: //*[@id = 'InvoicePrefix_I']' in '30' second(s)

2021-11-19 17:08:11 - [MESSAGE][INFO] - Smart Wait Function is triggered

2021-11-19 17:08:11 - [MESSAGE][INFO] - Found 1 web elements with id: 'Object Repository/Olusturma/Genel/OnEkSecilir/OnEk' located by 'By.xpath: //*[@id = 'InvoicePrefix_I']' in '30' second(s)

2021-11-19 17:08:11 - [MESSAGE][INFO] - Clicking on object: 'Object Repository/Olusturma/Genel/OnEkSecilir/OnEk'

2021-11-19 17:08:12 - [MESSAGE][PASSED] - Object: 'Object Repository/Olusturma/Genel/OnEkSecilir/OnEk' is clicked on

2021-11-19 17:08:12 - [TEST_STEP][PASSED] - Method.TextDegerineEsitElementeTiklaEquals(findTestObject("Object Repository/Olusturma/Genel/OnEkSecilir/OnEkAdi"), Ek): Method.TextDegerineEsitElementeTiklaEquals is PASSED

2021-11-19 17:08:12 - [MESSAGE][INFO] - Finding Test Object 'Object Repository/Olusturma/Genel/OnEkSecilir/OnEkAdi'

2021-11-19 17:08:12 - [MESSAGE][INFO] - Checking timeout

2021-11-19 17:08:12 - [MESSAGE][INFO] - Finding web element with id: 'Object Repository/Olusturma/Genel/OnEkSecilir/OnEkAdi' located by 'By.cssSelector: #InvoicePrefix_DDD_L_LBT td' in '10' second(s)

2021-11-19 17:08:12 - [MESSAGE][INFO] - Smart Wait Function is triggered

2021-11-19 17:08:12 - [MESSAGE][INFO] - Found 1 web elements with id: 'Object Repository/Olusturma/Genel/OnEkSecilir/OnEkAdi' located by 'By.cssSelector: #InvoicePrefix_DDD_L_LBT td' in '10' second(s)

2021-11-19 17:08:12 - [MESSAGE][PASSED] - Method.TextDegerineEsitElementeTiklaEquals is PASSED

2021-11-19 17:08:12 - [MESSAGE][PASSED] - Call Test Case 'Test Cases/Olusturma/Genel/OnEkSecilir' successfully

2021-11-19 17:08:12 - [MESSAGE][INFO] - Checking called Test Case

2021-11-19 17:08:12 - [MESSAGE][INFO] - Starting to call Test Case 'Test Cases/Olusturma/Genel/TasarimSecilir'

2021-11-19 17:08:12 - [TEST_CASE][PASSED] - Test Cases/Olusturma/Genel/TasarimSecilir: Test Cases/Olusturma/Genel/TasarimSecilir

2021-11-19 17:08:12 - [TEST_STEP][PASSED] - waitForElementClickable(findTestObject("Object Repository/Olusturma/Genel/TasarimSecilir/Tasarim"), 10): Object 'Object Repository/Olusturma/Genel/TasarimSecilir/Tasarim' is clickable

2021-11-19 17:08:12 - [MESSAGE][INFO] - Finding Test Object 'Object Repository/Olusturma/Genel/TasarimSecilir/Tasarim'

2021-11-19 17:08:12 - [MESSAGE][INFO] - Checking object

2021-11-19 17:08:12 - [MESSAGE][INFO] - Checking timeout

2021-11-19 17:08:12 - [MESSAGE][INFO] - Finding web element from Test Object's properties

2021-11-19 17:08:12 - [MESSAGE][INFO] - Checking timeout

2021-11-19 17:08:12 - [MESSAGE][INFO] - Finding web element with id: 'Object Repository/Olusturma/Genel/TasarimSecilir/Tasarim' located by 'By.xpath: //*[@id = 'DesignId_I']' in '10' second(s)

2021-11-19 17:08:12 - [MESSAGE][INFO] - Smart Wait Function is triggered

2021-11-19 17:08:13 - [MESSAGE][INFO] - Found 1 web elements with id: 'Object Repository/Olusturma/Genel/TasarimSecilir/Tasarim' located by 'By.xpath: //*[@id = 'DesignId_I']' in '10' second(s)

2021-11-19 17:08:13 - [MESSAGE][PASSED] - Object 'Object Repository/Olusturma/Genel/TasarimSecilir/Tasarim' is clickable

2021-11-19 17:08:13 - [TEST_STEP][PASSED] - click(findTestObject("Object Repository/Olusturma/Genel/TasarimSecilir/Tasarim")): Object: 'Object Repository/Olusturma/Genel/TasarimSecilir/Tasarim' is clicked on

2021-11-19 17:08:13 - [MESSAGE][INFO] - Finding Test Object 'Object Repository/Olusturma/Genel/TasarimSecilir/Tasarim'

2021-11-19 17:08:13 - [MESSAGE][INFO] - Checking object

2021-11-19 17:08:13 - [MESSAGE][INFO] - Finding web element from Test Object's properties

2021-11-19 17:08:13 - [MESSAGE][INFO] - Checking timeout

2021-11-19 17:08:13 - [MESSAGE][INFO] - Finding web element with id: 'Object Repository/Olusturma/Genel/TasarimSecilir/Tasarim' located by 'By.xpath: //*[@id = 'DesignId_I']' in '30' second(s)

2021-11-19 17:08:13 - [MESSAGE][INFO] - Smart Wait Function is triggered

2021-11-19 17:08:13 - [MESSAGE][INFO] - Found 1 web elements with id: 'Object Repository/Olusturma/Genel/TasarimSecilir/Tasarim' located by 'By.xpath: //*[@id = 'DesignId_I']' in '30' second(s)

2021-11-19 17:08:13 - [MESSAGE][INFO] - Clicking on object: 'Object Repository/Olusturma/Genel/TasarimSecilir/Tasarim'

2021-11-19 17:08:13 - [MESSAGE][PASSED] - Object: 'Object Repository/Olusturma/Genel/TasarimSecilir/Tasarim' is clicked on

2021-11-19 17:08:13 - [TEST_STEP][PASSED] - Method.TextDegerineEsitElementeTikla(findTestObject("Object Repository/Olusturma/Genel/TasarimSecilir/Tasarim_Adi"), Tasarim): Method.TextDegerineEsitElementeTikla is PASSED

2021-11-19 17:08:13 - [MESSAGE][INFO] - Finding Test Object 'Object Repository/Olusturma/Genel/TasarimSecilir/Tasarim_Adi'

2021-11-19 17:08:13 - [MESSAGE][INFO] - Checking timeout

2021-11-19 17:08:13 - [MESSAGE][INFO] - Finding web element with id: 'Object Repository/Olusturma/Genel/TasarimSecilir/Tasarim_Adi' located by 'By.cssSelector: #DesignId_DDD_L_LBT td' in '10' second(s)

2021-11-19 17:08:13 - [MESSAGE][INFO] - Smart Wait Function is triggered

2021-11-19 17:08:13 - [MESSAGE][INFO] - Found 1 web elements with id: 'Object Repository/Olusturma/Genel/TasarimSecilir/Tasarim_Adi' located by 'By.cssSelector: #DesignId_DDD_L_LBT td' in '10' second(s)

2021-11-19 17:08:13 - [MESSAGE][PASSED] - Method.TextDegerineEsitElementeTikla is PASSED

2021-11-19 17:08:13 - [MESSAGE][PASSED] - Call Test Case 'Test Cases/Olusturma/Genel/TasarimSecilir' successfully

2021-11-19 17:08:13 - [MESSAGE][INFO] - Checking called Test Case

2021-11-19 17:08:13 - [MESSAGE][INFO] - Starting to call Test Case 'Test Cases/Olusturma/Genel/Kutular/SiparisBilgileriGirilir'

2021-11-19 17:08:14 - [TEST_CASE][PASSED] - Test Cases/Olusturma/Genel/Kutular/SiparisBilgileriGirilir: Test Cases/Olusturma/Genel/Kutular/SiparisBilgileriGirilir

2021-11-19 17:08:14 - [TEST_STEP][PASSED] - Method.TextDegerineEsitElementeTikla(findTestObject("Olusturma/Genel/Kutular/KapaliKutular"), "Sipariş Bilgileri"): Method.TextDegerineEsitElementeTikla is PASSED

2021-11-19 17:08:14 - [MESSAGE][INFO] - Finding Test Object 'Object Repository/Olusturma/Genel/Kutular/KapaliKutular'

2021-11-19 17:08:14 - [MESSAGE][INFO] - Checking timeout

2021-11-19 17:08:14 - [MESSAGE][INFO] - Finding web element with id: 'Object Repository/Olusturma/Genel/Kutular/KapaliKutular' located by 'By.cssSelector: .dxnb-headerCollapsed>span' in '10' second(s)

2021-11-19 17:08:14 - [MESSAGE][INFO] - Smart Wait Function is triggered

2021-11-19 17:08:14 - [MESSAGE][INFO] - Found 8 web elements with id: 'Object Repository/Olusturma/Genel/Kutular/KapaliKutular' located by 'By.cssSelector: .dxnb-headerCollapsed>span' in '10' second(s)

2021-11-19 17:08:14 - [MESSAGE][PASSED] - Method.TextDegerineEsitElementeTikla is PASSED

2021-11-19 17:08:14 - [TEST_STEP][PASSED] - waitForElementPresent(findTestObject("Object Repository/Olusturma/Genel/Kutular/SiparisBilgileri/SiparisNo"), 10): Object 'Object Repository/Olusturma/Genel/Kutular/SiparisBilgileri/SiparisNo' is present

2021-11-19 17:08:14 - [MESSAGE][INFO] - Finding Test Object 'Object Repository/Olusturma/Genel/Kutular/SiparisBilgileri/SiparisNo'

2021-11-19 17:08:14 - [MESSAGE][INFO] - Checking object

2021-11-19 17:08:14 - [MESSAGE][INFO] - Finding web element from Test Object's properties

2021-11-19 17:08:14 - [MESSAGE][INFO] - Checking timeout

2021-11-19 17:08:14 - [MESSAGE][INFO] - Finding web element with id: 'Object Repository/Olusturma/Genel/Kutular/SiparisBilgileri/SiparisNo' located by 'By.xpath: //*[@id = 'txtSiparisNo_I']' in '10' second(s)

2021-11-19 17:08:14 - [MESSAGE][INFO] - Smart Wait Function is triggered

2021-11-19 17:08:14 - [MESSAGE][INFO] - Found 1 web elements with id: 'Object Repository/Olusturma/Genel/Kutular/SiparisBilgileri/SiparisNo' located by 'By.xpath: //*[@id = 'txtSiparisNo_I']' in '10' second(s)

2021-11-19 17:08:14 - [MESSAGE][PASSED] - Object 'Object Repository/Olusturma/Genel/Kutular/SiparisBilgileri/SiparisNo' is present

2021-11-19 17:08:14 - [TEST_STEP][PASSED] - clearText(findTestObject("Object Repository/Olusturma/Genel/Kutular/SiparisBilgileri/SiparisNo")): Text of object 'Object Repository/Olusturma/Genel/Kutular/SiparisBilgileri/SiparisNo' is cleared

2021-11-19 17:08:14 - [MESSAGE][INFO] - Finding Test Object 'Object Repository/Olusturma/Genel/Kutular/SiparisBilgileri/SiparisNo'

2021-11-19 17:08:14 - [MESSAGE][INFO] - Checking object

2021-11-19 17:08:14 - [MESSAGE][INFO] - Finding web element from Test Object's properties

2021-11-19 17:08:14 - [MESSAGE][INFO] - Checking timeout

2021-11-19 17:08:14 - [MESSAGE][INFO] - Finding web element with id: 'Object Repository/Olusturma/Genel/Kutular/SiparisBilgileri/SiparisNo' located by 'By.xpath: //*[@id = 'txtSiparisNo_I']' in '30' second(s)

2021-11-19 17:08:14 - [MESSAGE][INFO] - Smart Wait Function is triggered

2021-11-19 17:08:15 - [MESSAGE][INFO] - Found 1 web elements with id: 'Object Repository/Olusturma/Genel/Kutular/SiparisBilgileri/SiparisNo' located by 'By.xpath: //*[@id = 'txtSiparisNo_I']' in '30' second(s)

2021-11-19 17:08:15 - [MESSAGE][INFO] - Clearing text of object 'Object Repository/Olusturma/Genel/Kutular/SiparisBilgileri/SiparisNo'

2021-11-19 17:08:15 - [MESSAGE][PASSED] - Text of object 'Object Repository/Olusturma/Genel/Kutular/SiparisBilgileri/SiparisNo' is cleared

2021-11-19 17:08:15 - [TEST_STEP][PASSED] - sendKeys(findTestObject("Object Repository/Olusturma/Genel/Kutular/SiparisBilgileri/SiparisNo"), SiparisNo): Keys 'UUC-SAT-1200001' sent to object: 'Object Repository/Olusturma/Genel/Kutular/SiparisBilgileri/SiparisNo'

2021-11-19 17:08:15 - [MESSAGE][INFO] - Finding Test Object 'Object Repository/Olusturma/Genel/Kutular/SiparisBilgileri/SiparisNo'

2021-11-19 17:08:15 - [MESSAGE][INFO] - Sending keys 'UUC-SAT-1200001' to object: 'Object Repository/Olusturma/Genel/Kutular/SiparisBilgileri/SiparisNo'

2021-11-19 17:08:15 - [MESSAGE][INFO] - Finding web element from Test Object's properties

2021-11-19 17:08:15 - [MESSAGE][INFO] - Checking timeout

2021-11-19 17:08:15 - [MESSAGE][INFO] - Finding web element with id: 'Object Repository/Olusturma/Genel/Kutular/SiparisBilgileri/SiparisNo' located by 'By.xpath: //*[@id = 'txtSiparisNo_I']' in '30' second(s)

2021-11-19 17:08:15 - [MESSAGE][INFO] - Smart Wait Function is triggered

2021-11-19 17:08:15 - [MESSAGE][INFO] - Found 1 web elements with id: 'Object Repository/Olusturma/Genel/Kutular/SiparisBilgileri/SiparisNo' located by 'By.xpath: //*[@id = 'txtSiparisNo_I']' in '30' second(s)

2021-11-19 17:08:15 - [MESSAGE][PASSED] - Keys 'UUC-SAT-1200001' sent to object: 'Object Repository/Olusturma/Genel/Kutular/SiparisBilgileri/SiparisNo'

2021-11-19 17:08:15 - [TEST_STEP][PASSED] - waitForElementClickable(findTestObject("Object Repository/Olusturma/Genel/Kutular/SiparisBilgileri/SiparisTarihiImage"), 10): Object 'Object Repository/Olusturma/Genel/Kutular/SiparisBilgileri/SiparisTarihiImage' is clickable

2021-11-19 17:08:15 - [MESSAGE][INFO] - Finding Test Object 'Object Repository/Olusturma/Genel/Kutular/SiparisBilgileri/SiparisTarihiImage'

2021-11-19 17:08:15 - [MESSAGE][INFO] - Checking object

2021-11-19 17:08:15 - [MESSAGE][INFO] - Checking timeout

2021-11-19 17:08:15 - [MESSAGE][INFO] - Finding web element from Test Object's properties

2021-11-19 17:08:15 - [MESSAGE][INFO] - Checking timeout

2021-11-19 17:08:15 - [MESSAGE][INFO] - Finding web element with id: 'Object Repository/Olusturma/Genel/Kutular/SiparisBilgileri/SiparisTarihiImage' located by 'By.cssSelector: #dateSiparisTarih img' in '10' second(s)

2021-11-19 17:08:15 - [MESSAGE][INFO] - Smart Wait Function is triggered

2021-11-19 17:08:16 - [MESSAGE][INFO] - Found 1 web elements with id: 'Object Repository/Olusturma/Genel/Kutular/SiparisBilgileri/SiparisTarihiImage' located by 'By.cssSelector: #dateSiparisTarih img' in '10' second(s)

2021-11-19 17:08:16 - [MESSAGE][PASSED] - Object 'Object Repository/Olusturma/Genel/Kutular/SiparisBilgileri/SiparisTarihiImage' is clickable

2021-11-19 17:08:16 - [TEST_STEP][PASSED] - click(findTestObject("Object Repository/Olusturma/Genel/Kutular/SiparisBilgileri/SiparisTarihiImage")): Object: 'Object Repository/Olusturma/Genel/Kutular/SiparisBilgileri/SiparisTarihiImage' is clicked on

2021-11-19 17:08:16 - [MESSAGE][INFO] - Finding Test Object 'Object Repository/Olusturma/Genel/Kutular/SiparisBilgileri/SiparisTarihiImage'

2021-11-19 17:08:16 - [MESSAGE][INFO] - Checking object

2021-11-19 17:08:16 - [MESSAGE][INFO] - Finding web element from Test Object's properties

2021-11-19 17:08:16 - [MESSAGE][INFO] - Checking timeout

2021-11-19 17:08:16 - [MESSAGE][INFO] - Finding web element with id: 'Object Repository/Olusturma/Genel/Kutular/SiparisBilgileri/SiparisTarihiImage' located by 'By.cssSelector: #dateSiparisTarih img' in '30' second(s)

2021-11-19 17:08:16 - [MESSAGE][INFO] - Smart Wait Function is triggered

2021-11-19 17:08:16 - [MESSAGE][INFO] - Found 1 web elements with id: 'Object Repository/Olusturma/Genel/Kutular/SiparisBilgileri/SiparisTarihiImage' located by 'By.cssSelector: #dateSiparisTarih img' in '30' second(s)

2021-11-19 17:08:16 - [MESSAGE][INFO] - Clicking on object: 'Object Repository/Olusturma/Genel/Kutular/SiparisBilgileri/SiparisTarihiImage'

2021-11-19 17:08:16 - [MESSAGE][PASSED] - Object: 'Object Repository/Olusturma/Genel/Kutular/SiparisBilgileri/SiparisTarihiImage' is clicked on

2021-11-19 17:08:16 - [TEST_STEP][PASSED] - waitForElementPresent(findTestObject("Object Repository/Olusturma/Genel/Kutular/SiparisBilgileri/SiparisTarihi"), 10): Object 'Object Repository/Olusturma/Genel/Kutular/SiparisBilgileri/SiparisTarihi' is present

2021-11-19 17:08:16 - [MESSAGE][INFO] - Finding Test Object 'Object Repository/Olusturma/Genel/Kutular/SiparisBilgileri/SiparisTarihi'

2021-11-19 17:08:16 - [MESSAGE][INFO] - Checking object

2021-11-19 17:08:16 - [MESSAGE][INFO] - Finding web element from Test Object's properties

2021-11-19 17:08:16 - [MESSAGE][INFO] - Checking timeout

2021-11-19 17:08:16 - [MESSAGE][INFO] - Finding web element with id: 'Object Repository/Olusturma/Genel/Kutular/SiparisBilgileri/SiparisTarihi' located by 'By.xpath: //*[@id = 'dateSiparisTarih_I']' in '10' second(s)

2021-11-19 17:08:16 - [MESSAGE][INFO] - Smart Wait Function is triggered

2021-11-19 17:08:17 - [MESSAGE][INFO] - Found 1 web elements with id: 'Object Repository/Olusturma/Genel/Kutular/SiparisBilgileri/SiparisTarihi' located by 'By.xpath: //*[@id = 'dateSiparisTarih_I']' in '10' second(s)

2021-11-19 17:08:17 - [MESSAGE][PASSED] - Object 'Object Repository/Olusturma/Genel/Kutular/SiparisBilgileri/SiparisTarihi' is present

2021-11-19 17:08:17 - [TEST_STEP][PASSED] - clearText(findTestObject("Object Repository/Olusturma/Genel/Kutular/SiparisBilgileri/SiparisTarihi")): Text of object 'Object Repository/Olusturma/Genel/Kutular/SiparisBilgileri/SiparisTarihi' is cleared

2021-11-19 17:08:17 - [MESSAGE][INFO] - Finding Test Object 'Object Repository/Olusturma/Genel/Kutular/SiparisBilgileri/SiparisTarihi'

2021-11-19 17:08:17 - [MESSAGE][INFO] - Checking object

2021-11-19 17:08:17 - [MESSAGE][INFO] - Finding web element from Test Object's properties

2021-11-19 17:08:17 - [MESSAGE][INFO] - Checking timeout

2021-11-19 17:08:17 - [MESSAGE][INFO] - Finding web element with id: 'Object Repository/Olusturma/Genel/Kutular/SiparisBilgileri/SiparisTarihi' located by 'By.xpath: //*[@id = 'dateSiparisTarih_I']' in '30' second(s)

2021-11-19 17:08:17 - [MESSAGE][INFO] - Smart Wait Function is triggered

2021-11-19 17:08:17 - [MESSAGE][INFO] - Found 1 web elements with id: 'Object Repository/Olusturma/Genel/Kutular/SiparisBilgileri/SiparisTarihi' located by 'By.xpath: //*[@id = 'dateSiparisTarih_I']' in '30' second(s)

2021-11-19 17:08:17 - [MESSAGE][INFO] - Clearing text of object 'Object Repository/Olusturma/Genel/Kutular/SiparisBilgileri/SiparisTarihi'

2021-11-19 17:08:17 - [MESSAGE][PASSED] - Text of object 'Object Repository/Olusturma/Genel/Kutular/SiparisBilgileri/SiparisTarihi' is cleared

2021-11-19 17:08:17 - [TEST_STEP][PASSED] - sendKeys(findTestObject("Object Repository/Olusturma/Genel/Kutular/SiparisBilgileri/SiparisTarihi"), Tarih): Keys '31.04.2020' sent to object: 'Object Repository/Olusturma/Genel/Kutular/SiparisBilgileri/SiparisTarihi'

2021-11-19 17:08:17 - [MESSAGE][INFO] - Finding Test Object 'Object Repository/Olusturma/Genel/Kutular/SiparisBilgileri/SiparisTarihi'

2021-11-19 17:08:17 - [MESSAGE][INFO] - Sending keys '31.04.2020' to object: 'Object Repository/Olusturma/Genel/Kutular/SiparisBilgileri/SiparisTarihi'

2021-11-19 17:08:17 - [MESSAGE][INFO] - Finding web element from Test Object's properties

2021-11-19 17:08:17 - [MESSAGE][INFO] - Checking timeout

2021-11-19 17:08:17 - [MESSAGE][INFO] - Finding web element with id: 'Object Repository/Olusturma/Genel/Kutular/SiparisBilgileri/SiparisTarihi' located by 'By.xpath: //*[@id = 'dateSiparisTarih_I']' in '30' second(s)

2021-11-19 17:08:17 - [MESSAGE][INFO] - Smart Wait Function is triggered

2021-11-19 17:08:18 - [MESSAGE][INFO] - Found 1 web elements with id: 'Object Repository/Olusturma/Genel/Kutular/SiparisBilgileri/SiparisTarihi' located by 'By.xpath: //*[@id = 'dateSiparisTarih_I']' in '30' second(s)

2021-11-19 17:08:18 - [MESSAGE][PASSED] - Keys '31.04.2020' sent to object: 'Object Repository/Olusturma/Genel/Kutular/SiparisBilgileri/SiparisTarihi'

2021-11-19 17:08:18 - [MESSAGE][PASSED] - Call Test Case 'Test Cases/Olusturma/Genel/Kutular/SiparisBilgileriGirilir' successfully

2021-11-19 17:08:18 - [MESSAGE][INFO] - Checking called Test Case

2021-11-19 17:08:18 - [MESSAGE][INFO] - Starting to call Test Case 'Test Cases/Olusturma/Genel/Kutular/IrsaliyeBilgileri'

2021-11-19 17:08:18 - [TEST_CASE][PASSED] - Test Cases/Olusturma/Genel/Kutular/IrsaliyeBilgileri: Test Cases/Olusturma/Genel/Kutular/IrsaliyeBilgileri

2021-11-19 17:08:18 - [TEST_STEP][PASSED] - Method.TextDegerineEsitElementeTikla(findTestObject("Olusturma/Genel/Kutular/KapaliKutular"), "İrsaliye Bilgileri"): Method.TextDegerineEsitElementeTikla is PASSED

2021-11-19 17:08:18 - [MESSAGE][INFO] - Finding Test Object 'Object Repository/Olusturma/Genel/Kutular/KapaliKutular'

2021-11-19 17:08:18 - [MESSAGE][INFO] - Checking timeout

2021-11-19 17:08:18 - [MESSAGE][INFO] - Finding web element with id: 'Object Repository/Olusturma/Genel/Kutular/KapaliKutular' located by 'By.cssSelector: .dxnb-headerCollapsed>span' in '10' second(s)

2021-11-19 17:08:18 - [MESSAGE][INFO] - Smart Wait Function is triggered

2021-11-19 17:08:18 - [MESSAGE][INFO] - Found 8 web elements with id: 'Object Repository/Olusturma/Genel/Kutular/KapaliKutular' located by 'By.cssSelector: .dxnb-headerCollapsed>span' in '10' second(s)

2021-11-19 17:08:18 - [MESSAGE][PASSED] - Method.TextDegerineEsitElementeTikla is PASSED

2021-11-19 17:08:18 - [TEST_STEP][PASSED] - waitForElementClickable(findTestObject("Olusturma/Genel/Kutular/IrsaliyeBilgileri/Ekle"), 10): Object 'Object Repository/Olusturma/Genel/Kutular/IrsaliyeBilgileri/Ekle' is clickable

2021-11-19 17:08:18 - [MESSAGE][INFO] - Finding Test Object 'Object Repository/Olusturma/Genel/Kutular/IrsaliyeBilgileri/Ekle'

2021-11-19 17:08:18 - [MESSAGE][INFO] - Checking object

2021-11-19 17:08:18 - [MESSAGE][INFO] - Checking timeout

2021-11-19 17:08:18 - [MESSAGE][INFO] - Finding web element from Test Object's properties

2021-11-19 17:08:18 - [MESSAGE][INFO] - Checking timeout

2021-11-19 17:08:18 - [MESSAGE][INFO] - Finding web element with id: 'Object Repository/Olusturma/Genel/Kutular/IrsaliyeBilgileri/Ekle' located by 'By.xpath: //*[@id = 'DXEditorgvUserInvoiceBillsNewRowBtn']' in '10' second(s)

2021-11-19 17:08:18 - [MESSAGE][INFO] - Smart Wait Function is triggered

2021-11-19 17:08:19 - [MESSAGE][INFO] - Found 1 web elements with id: 'Object Repository/Olusturma/Genel/Kutular/IrsaliyeBilgileri/Ekle' located by 'By.xpath: //*[@id = 'DXEditorgvUserInvoiceBillsNewRowBtn']' in '10' second(s)

2021-11-19 17:08:19 - [MESSAGE][PASSED] - Object 'Object Repository/Olusturma/Genel/Kutular/IrsaliyeBilgileri/Ekle' is clickable

2021-11-19 17:08:19 - [TEST_STEP][PASSED] - click(findTestObject("Olusturma/Genel/Kutular/IrsaliyeBilgileri/Ekle")): Object: 'Object Repository/Olusturma/Genel/Kutular/IrsaliyeBilgileri/Ekle' is clicked on

2021-11-19 17:08:19 - [MESSAGE][INFO] - Finding Test Object 'Object Repository/Olusturma/Genel/Kutular/IrsaliyeBilgileri/Ekle'

2021-11-19 17:08:19 - [MESSAGE][INFO] - Checking object

2021-11-19 17:08:19 - [MESSAGE][INFO] - Finding web element from Test Object's properties

2021-11-19 17:08:19 - [MESSAGE][INFO] - Checking timeout

2021-11-19 17:08:19 - [MESSAGE][INFO] - Finding web element with id: 'Object Repository/Olusturma/Genel/Kutular/IrsaliyeBilgileri/Ekle' located by 'By.xpath: //*[@id = 'DXEditorgvUserInvoiceBillsNewRowBtn']' in '30' second(s)

2021-11-19 17:08:19 - [MESSAGE][INFO] - Smart Wait Function is triggered

2021-11-19 17:08:19 - [MESSAGE][INFO] - Found 1 web elements with id: 'Object Repository/Olusturma/Genel/Kutular/IrsaliyeBilgileri/Ekle' located by 'By.xpath: //*[@id = 'DXEditorgvUserInvoiceBillsNewRowBtn']' in '30' second(s)

2021-11-19 17:08:19 - [MESSAGE][INFO] - Clicking on object: 'Object Repository/Olusturma/Genel/Kutular/IrsaliyeBilgileri/Ekle'

2021-11-19 17:08:19 - [MESSAGE][PASSED] - Object: 'Object Repository/Olusturma/Genel/Kutular/IrsaliyeBilgileri/Ekle' is clicked on

2021-11-19 17:08:19 - [TEST_STEP][PASSED] - waitForElementPresent(findTestObject("Object Repository/Olusturma/Genel/Kutular/IrsaliyeBilgileri/IrsaliyeNumarasi"), 10): Object 'Object Repository/Olusturma/Genel/Kutular/IrsaliyeBilgileri/IrsaliyeNumarasi' is present

2021-11-19 17:08:19 - [MESSAGE][INFO] - Finding Test Object 'Object Repository/Olusturma/Genel/Kutular/IrsaliyeBilgileri/IrsaliyeNumarasi'

2021-11-19 17:08:19 - [MESSAGE][INFO] - Checking object

2021-11-19 17:08:19 - [MESSAGE][INFO] - Finding web element from Test Object's properties

2021-11-19 17:08:19 - [MESSAGE][INFO] - Checking timeout

2021-11-19 17:08:19 - [MESSAGE][INFO] - Finding web element with id: 'Object Repository/Olusturma/Genel/Kutular/IrsaliyeBilgileri/IrsaliyeNumarasi' located by 'By.xpath: //*[@id = 'gvUserInvoiceBills_DXEditor1_I']' in '10' second(s)

2021-11-19 17:08:19 - [MESSAGE][INFO] - Smart Wait Function is triggered

2021-11-19 17:08:20 - [MESSAGE][INFO] - Smart Wait Function is triggered

2021-11-19 17:08:21 - [MESSAGE][INFO] - Found 1 web elements with id: 'Object Repository/Olusturma/Genel/Kutular/IrsaliyeBilgileri/IrsaliyeNumarasi' located by 'By.xpath: //*[@id = 'gvUserInvoiceBills_DXEditor1_I']' in '10' second(s)

2021-11-19 17:08:21 - [MESSAGE][PASSED] - Object 'Object Repository/Olusturma/Genel/Kutular/IrsaliyeBilgileri/IrsaliyeNumarasi' is present

2021-11-19 17:08:21 - [TEST_STEP][PASSED] - clearText(findTestObject("Object Repository/Olusturma/Genel/Kutular/IrsaliyeBilgileri/IrsaliyeNumarasi")): Text of object 'Object Repository/Olusturma/Genel/Kutular/IrsaliyeBilgileri/IrsaliyeNumarasi' is cleared

2021-11-19 17:08:21 - [MESSAGE][INFO] - Finding Test Object 'Object Repository/Olusturma/Genel/Kutular/IrsaliyeBilgileri/IrsaliyeNumarasi'

2021-11-19 17:08:21 - [MESSAGE][INFO] - Checking object

2021-11-19 17:08:21 - [MESSAGE][INFO] - Finding web element from Test Object's properties

2021-11-19 17:08:21 - [MESSAGE][INFO] - Checking timeout

2021-11-19 17:08:21 - [MESSAGE][INFO] - Finding web element with id: 'Object Repository/Olusturma/Genel/Kutular/IrsaliyeBilgileri/IrsaliyeNumarasi' located by 'By.xpath: //*[@id = 'gvUserInvoiceBills_DXEditor1_I']' in '30' second(s)

2021-11-19 17:08:21 - [MESSAGE][INFO] - Smart Wait Function is triggered

2021-11-19 17:08:21 - [MESSAGE][INFO] - Found 1 web elements with id: 'Object Repository/Olusturma/Genel/Kutular/IrsaliyeBilgileri/IrsaliyeNumarasi' located by 'By.xpath: //*[@id = 'gvUserInvoiceBills_DXEditor1_I']' in '30' second(s)

2021-11-19 17:08:21 - [MESSAGE][INFO] - Clearing text of object 'Object Repository/Olusturma/Genel/Kutular/IrsaliyeBilgileri/IrsaliyeNumarasi'

2021-11-19 17:08:21 - [MESSAGE][PASSED] - Text of object 'Object Repository/Olusturma/Genel/Kutular/IrsaliyeBilgileri/IrsaliyeNumarasi' is cleared

2021-11-19 17:08:21 - [TEST_STEP][PASSED] - sendKeys(findTestObject("Object Repository/Olusturma/Genel/Kutular/IrsaliyeBilgileri/IrsaliyeNumarasi"), Numara): Keys 'AAAAAAAAAA' sent to object: 'Object Repository/Olusturma/Genel/Kutular/IrsaliyeBilgileri/IrsaliyeNumarasi'

2021-11-19 17:08:21 - [MESSAGE][INFO] - Finding Test Object 'Object Repository/Olusturma/Genel/Kutular/IrsaliyeBilgileri/IrsaliyeNumarasi'

2021-11-19 17:08:21 - [MESSAGE][INFO] - Sending keys 'AAAAAAAAAA' to object: 'Object Repository/Olusturma/Genel/Kutular/IrsaliyeBilgileri/IrsaliyeNumarasi'

2021-11-19 17:08:21 - [MESSAGE][INFO] - Finding web element from Test Object's properties

2021-11-19 17:08:21 - [MESSAGE][INFO] - Checking timeout

2021-11-19 17:08:21 - [MESSAGE][INFO] - Finding web element with id: 'Object Repository/Olusturma/Genel/Kutular/IrsaliyeBilgileri/IrsaliyeNumarasi' located by 'By.xpath: //*[@id = 'gvUserInvoiceBills_DXEditor1_I']' in '30' second(s)

2021-11-19 17:08:21 - [MESSAGE][INFO] - Smart Wait Function is triggered

2021-11-19 17:08:21 - [MESSAGE][INFO] - Found 1 web elements with id: 'Object Repository/Olusturma/Genel/Kutular/IrsaliyeBilgileri/IrsaliyeNumarasi' located by 'By.xpath: //*[@id = 'gvUserInvoiceBills_DXEditor1_I']' in '30' second(s)

2021-11-19 17:08:21 - [MESSAGE][PASSED] - Keys 'AAAAAAAAAA' sent to object: 'Object Repository/Olusturma/Genel/Kutular/IrsaliyeBilgileri/IrsaliyeNumarasi'

2021-11-19 17:08:21 - [TEST_STEP][PASSED] - waitForElementClickable(findTestObject("Object Repository/Olusturma/Genel/Kutular/IrsaliyeBilgileri/IrsaliyeTarihi"), 10): Object 'Object Repository/Olusturma/Genel/Kutular/IrsaliyeBilgileri/IrsaliyeTarihi' is clickable

2021-11-19 17:08:21 - [MESSAGE][INFO] - Finding Test Object 'Object Repository/Olusturma/Genel/Kutular/IrsaliyeBilgileri/IrsaliyeTarihi'

2021-11-19 17:08:21 - [MESSAGE][INFO] - Checking object

2021-11-19 17:08:21 - [MESSAGE][INFO] - Checking timeout

2021-11-19 17:08:21 - [MESSAGE][INFO] - Finding web element from Test Object's properties

2021-11-19 17:08:21 - [MESSAGE][INFO] - Checking timeout

2021-11-19 17:08:21 - [MESSAGE][INFO] - Finding web element with id: 'Object Repository/Olusturma/Genel/Kutular/IrsaliyeBilgileri/IrsaliyeTarihi' located by 'By.xpath: //*[@id = 'gvUserInvoiceBills_DXEditor2_I']' in '10' second(s)

2021-11-19 17:08:21 - [MESSAGE][INFO] - Smart Wait Function is triggered

2021-11-19 17:08:22 - [MESSAGE][INFO] - Found 1 web elements with id: 'Object Repository/Olusturma/Genel/Kutular/IrsaliyeBilgileri/IrsaliyeTarihi' located by 'By.xpath: //*[@id = 'gvUserInvoiceBills_DXEditor2_I']' in '10' second(s)

2021-11-19 17:08:22 - [MESSAGE][PASSED] - Object 'Object Repository/Olusturma/Genel/Kutular/IrsaliyeBilgileri/IrsaliyeTarihi' is clickable

2021-11-19 17:08:22 - [TEST_STEP][PASSED] - click(findTestObject("Object Repository/Olusturma/Genel/Kutular/IrsaliyeBilgileri/IrsaliyeTarihi")): Object: 'Object Repository/Olusturma/Genel/Kutular/IrsaliyeBilgileri/IrsaliyeTarihi' is clicked on

2021-11-19 17:08:22 - [MESSAGE][INFO] - Finding Test Object 'Object Repository/Olusturma/Genel/Kutular/IrsaliyeBilgileri/IrsaliyeTarihi'

2021-11-19 17:08:22 - [MESSAGE][INFO] - Checking object

2021-11-19 17:08:22 - [MESSAGE][INFO] - Finding web element from Test Object's properties

2021-11-19 17:08:22 - [MESSAGE][INFO] - Checking timeout

2021-11-19 17:08:22 - [MESSAGE][INFO] - Finding web element with id: 'Object Repository/Olusturma/Genel/Kutular/IrsaliyeBilgileri/IrsaliyeTarihi' located by 'By.xpath: //*[@id = 'gvUserInvoiceBills_DXEditor2_I']' in '30' second(s)

2021-11-19 17:08:22 - [MESSAGE][INFO] - Smart Wait Function is triggered

2021-11-19 17:08:22 - [MESSAGE][INFO] - Found 1 web elements with id: 'Object Repository/Olusturma/Genel/Kutular/IrsaliyeBilgileri/IrsaliyeTarihi' located by 'By.xpath: //*[@id = 'gvUserInvoiceBills_DXEditor2_I']' in '30' second(s)

2021-11-19 17:08:22 - [MESSAGE][INFO] - Clicking on object: 'Object Repository/Olusturma/Genel/Kutular/IrsaliyeBilgileri/IrsaliyeTarihi'

2021-11-19 17:08:22 - [MESSAGE][PASSED] - Object: 'Object Repository/Olusturma/Genel/Kutular/IrsaliyeBilgileri/IrsaliyeTarihi' is clicked on

2021-11-19 17:08:22 - [TEST_STEP][PASSED] - sendKeys(findTestObject("Object Repository/Olusturma/Genel/Kutular/IrsaliyeBilgileri/IrsaliyeTarihi"), Tarih): Keys '31.04.2020' sent to object: 'Object Repository/Olusturma/Genel/Kutular/IrsaliyeBilgileri/IrsaliyeTarihi'

2021-11-19 17:08:22 - [MESSAGE][INFO] - Finding Test Object 'Object Repository/Olusturma/Genel/Kutular/IrsaliyeBilgileri/IrsaliyeTarihi'

2021-11-19 17:08:22 - [MESSAGE][INFO] - Sending keys '31.04.2020' to object: 'Object Repository/Olusturma/Genel/Kutular/IrsaliyeBilgileri/IrsaliyeTarihi'

2021-11-19 17:08:22 - [MESSAGE][INFO] - Finding web element from Test Object's properties

2021-11-19 17:08:22 - [MESSAGE][INFO] - Checking timeout

2021-11-19 17:08:22 - [MESSAGE][INFO] - Finding web element with id: 'Object Repository/Olusturma/Genel/Kutular/IrsaliyeBilgileri/IrsaliyeTarihi' located by 'By.xpath: //*[@id = 'gvUserInvoiceBills_DXEditor2_I']' in '30' second(s)

2021-11-19 17:08:22 - [MESSAGE][INFO] - Smart Wait Function is triggered

2021-11-19 17:08:23 - [MESSAGE][INFO] - Found 1 web elements with id: 'Object Repository/Olusturma/Genel/Kutular/IrsaliyeBilgileri/IrsaliyeTarihi' located by 'By.xpath: //*[@id = 'gvUserInvoiceBills_DXEditor2_I']' in '30' second(s)

2021-11-19 17:08:23 - [MESSAGE][PASSED] - Keys '31.04.2020' sent to object: 'Object Repository/Olusturma/Genel/Kutular/IrsaliyeBilgileri/IrsaliyeTarihi'

2021-11-19 17:08:23 - [MESSAGE][PASSED] - Call Test Case 'Test Cases/Olusturma/Genel/Kutular/IrsaliyeBilgileri' successfully

2021-11-19 17:08:23 - [MESSAGE][INFO] - Checking called Test Case

2021-11-19 17:08:23 - [MESSAGE][INFO] - Starting to call Test Case 'Test Cases/Olusturma/Genel/EkleButonunaBasilir'

2021-11-19 17:08:23 - [TEST_CASE][PASSED] - Test Cases/Olusturma/Genel/EkleButonunaBasilir: Test Cases/Olusturma/Genel/EkleButonunaBasilir

2021-11-19 17:08:23 - [TEST_STEP][PASSED] - waitForElementClickable(findTestObject("Object Repository/Olusturma/Genel/Olusturma/Ekle"), 10): Object 'Object Repository/Olusturma/Genel/Olusturma/Ekle' is clickable

2021-11-19 17:08:23 - [MESSAGE][INFO] - Finding Test Object 'Object Repository/Olusturma/Genel/Olusturma/Ekle'

2021-11-19 17:08:23 - [MESSAGE][INFO] - Checking object

2021-11-19 17:08:23 - [MESSAGE][INFO] - Checking timeout

2021-11-19 17:08:23 - [MESSAGE][INFO] - Finding web element from Test Object's properties

2021-11-19 17:08:23 - [MESSAGE][INFO] - Checking timeout

2021-11-19 17:08:23 - [MESSAGE][INFO] - Finding web element with id: 'Object Repository/Olusturma/Genel/Olusturma/Ekle' located by 'By.cssSelector: #divmalhizmet i.fa.fa-plus.fa-lg.text-muted' in '10' second(s)

2021-11-19 17:08:23 - [MESSAGE][INFO] - Smart Wait Function is triggered

2021-11-19 17:08:23 - [MESSAGE][INFO] - Found 1 web elements with id: 'Object Repository/Olusturma/Genel/Olusturma/Ekle' located by 'By.cssSelector: #divmalhizmet i.fa.fa-plus.fa-lg.text-muted' in '10' second(s)

2021-11-19 17:08:23 - [MESSAGE][PASSED] - Object 'Object Repository/Olusturma/Genel/Olusturma/Ekle' is clickable

2021-11-19 17:08:23 - [TEST_STEP][PASSED] - click(findTestObject("Object Repository/Olusturma/Genel/Olusturma/Ekle")): Object: 'Object Repository/Olusturma/Genel/Olusturma/Ekle' is clicked on

2021-11-19 17:08:23 - [MESSAGE][INFO] - Finding Test Object 'Object Repository/Olusturma/Genel/Olusturma/Ekle'

2021-11-19 17:08:23 - [MESSAGE][INFO] - Checking object

2021-11-19 17:08:23 - [MESSAGE][INFO] - Finding web element from Test Object's properties

2021-11-19 17:08:23 - [MESSAGE][INFO] - Checking timeout

2021-11-19 17:08:23 - [MESSAGE][INFO] - Finding web element with id: 'Object Repository/Olusturma/Genel/Olusturma/Ekle' located by 'By.cssSelector: #divmalhizmet i.fa.fa-plus.fa-lg.text-muted' in '30' second(s)

2021-11-19 17:08:23 - [MESSAGE][INFO] - Smart Wait Function is triggered

2021-11-19 17:08:23 - [MESSAGE][INFO] - Found 1 web elements with id: 'Object Repository/Olusturma/Genel/Olusturma/Ekle' located by 'By.cssSelector: #divmalhizmet i.fa.fa-plus.fa-lg.text-muted' in '30' second(s)

2021-11-19 17:08:23 - [MESSAGE][INFO] - Clicking on object: 'Object Repository/Olusturma/Genel/Olusturma/Ekle'

2021-11-19 17:08:24 - [MESSAGE][PASSED] - Object: 'Object Repository/Olusturma/Genel/Olusturma/Ekle' is clicked on

2021-11-19 17:08:24 - [TEST_STEP][PASSED] - waitForElementClickable(findTestObject("Olusturma/Genel/Olusturma/EklenenSatirCarpiImage"), 10): Object 'Object Repository/Olusturma/Genel/Olusturma/EklenenSatirCarpiImage' is clickable

2021-11-19 17:08:24 - [MESSAGE][INFO] - Finding Test Object 'Object Repository/Olusturma/Genel/Olusturma/EklenenSatirCarpiImage'

2021-11-19 17:08:24 - [MESSAGE][INFO] - Checking object

2021-11-19 17:08:24 - [MESSAGE][INFO] - Checking timeout

2021-11-19 17:08:24 - [MESSAGE][INFO] - Finding web element from Test Object's properties

2021-11-19 17:08:24 - [MESSAGE][INFO] - Checking timeout

2021-11-19 17:08:24 - [MESSAGE][INFO] - Finding web element with id: 'Object Repository/Olusturma/Genel/Olusturma/EklenenSatirCarpiImage' located by 'By.cssSelector: .fa.fa-times.fa-lg.text-primary' in '10' second(s)

2021-11-19 17:08:24 - [MESSAGE][INFO] - Smart Wait Function is triggered

2021-11-19 17:08:24 - [MESSAGE][INFO] - Found 1 web elements with id: 'Object Repository/Olusturma/Genel/Olusturma/EklenenSatirCarpiImage' located by 'By.cssSelector: .fa.fa-times.fa-lg.text-primary' in '10' second(s)

2021-11-19 17:08:24 - [MESSAGE][PASSED] - Object 'Object Repository/Olusturma/Genel/Olusturma/EklenenSatirCarpiImage' is clickable

2021-11-19 17:08:24 - [MESSAGE][PASSED] - Call Test Case 'Test Cases/Olusturma/Genel/EkleButonunaBasilir' successfully

2021-11-19 17:08:24 - [MESSAGE][INFO] - Checking called Test Case

2021-11-19 17:08:24 - [MESSAGE][INFO] - Starting to call Test Case 'Test Cases/Olusturma/Genel/Olusturma'

2021-11-19 17:08:24 - [TEST_CASE][PASSED] - Test Cases/Olusturma/Genel/Olusturma: Test Cases/Olusturma/Genel/Olusturma

2021-11-19 17:08:24 - [TEST_STEP][PASSED] - driver = getWebDriver(): null

2021-11-19 17:08:24 - [TEST_STEP][PASSED] - action = new org.openqa.selenium.interactions.Actions(driver): null

2021-11-19 17:08:24 - [TEST_STEP][PASSED] - baslikElement = <not implemented yet for class: org.codehaus.groovy.ast.expr.EmptyExpression>: null

2021-11-19 17:08:24 - [TEST_STEP][PASSED] - sonElement = <not implemented yet for class: org.codehaus.groovy.ast.expr.EmptyExpression>: null

2021-11-19 17:08:24 - [TEST_STEP][PASSED] - attr = <not implemented yet for class: org.codehaus.groovy.ast.expr.EmptyExpression>: null

2021-11-19 17:08:24 - [TEST_STEP][PASSED] - a = 0: null

2021-11-19 17:08:24 - [TEST_STEP][PASSED] - elements = findWebElements(findTestObject("Object Repository/Olusturma/Genel/Olusturma/TabloBasliklari"), 10): Found 16 web elements with id: 'Object Repository/Olusturma/Genel/Olusturma/TabloBasliklari' located by 'By.cssSelector: div#divmalhizmet .dxgvTable_LECustomTheme td.dxgvHeader_LECustomTheme tr>td:nth-child(1)' in '10' second(s)

2021-11-19 17:08:24 - [MESSAGE][INFO] - Finding Test Object 'Object Repository/Olusturma/Genel/Olusturma/TabloBasliklari'

2021-11-19 17:08:24 - [MESSAGE][INFO] - Checking timeout

2021-11-19 17:08:24 - [MESSAGE][INFO] - Finding web element with id: 'Object Repository/Olusturma/Genel/Olusturma/TabloBasliklari' located by 'By.cssSelector: div#divmalhizmet .dxgvTable_LECustomTheme td.dxgvHeader_LECustomTheme tr>td:nth-child(1)' in '10' second(s)

2021-11-19 17:08:24 - [MESSAGE][INFO] - Smart Wait Function is triggered

2021-11-19 17:08:26 - [MESSAGE][INFO] - Found 16 web elements with id: 'Object Repository/Olusturma/Genel/Olusturma/TabloBasliklari' located by 'By.cssSelector: div#divmalhizmet .dxgvTable_LECustomTheme td.dxgvHeader_LECustomTheme tr>td:nth-child(1)' in '10' second(s)

2021-11-19 17:08:26 - [TEST_STEP][PASSED] - for (def element : elements): null

2021-11-19 17:08:26 - [TEST_STEP][PASSED] - build().perform(): null

2021-11-19 17:08:26 - [TEST_STEP][PASSED] - if (getText().equals(Baslik)): null

2021-11-19 17:08:26 - [TEST_STEP][PASSED] - baslikElement = element.findElement(By.xpath("../../../..")): Smart Wait Function is triggered

2021-11-19 17:08:26 - [MESSAGE][INFO] - Smart Wait Function is triggered

2021-11-19 17:08:26 - [TEST_STEP][PASSED] - attr = baslikElement.getAttribute("id"): null

2021-11-19 17:08:26 - [TEST_STEP][PASSED] - println("girdi ve idsini aldı = " + attr): null

2021-11-19 17:08:26 - [TEST_STEP][PASSED] - break: null

2021-11-19 17:08:26 - [TEST_STEP][PASSED] - countElement = baslikElement.findElements(By.xpath("../td")): Smart Wait Function is triggered

2021-11-19 17:08:26 - [MESSAGE][INFO] - Smart Wait Function is triggered

2021-11-19 17:08:26 - [TEST_STEP][PASSED] - for (def element : countElement): null

2021-11-19 17:08:26 - [TEST_STEP][PASSED] - if (toString().equals(attr.toString())): null

2021-11-19 17:08:26 - [TEST_STEP][PASSED] - (a++): null

2021-11-19 17:08:26 - [TEST_STEP][PASSED] - if (toString().equals(attr.toString())): null

2021-11-19 17:08:26 - [TEST_STEP][PASSED] - break: null

2021-11-19 17:08:26 - [TEST_STEP][PASSED] - son = findWebElement(findTestObject("Object Repository/Olusturma/Genel/Olusturma/EklenenSatir")).findElement(By.xpath("td[@class='dxgvInlineEditCell_LECustomTheme dxgv'][" + a + "]//td[@class='dxic']/input")): Smart Wait Function is triggered

2021-11-19 17:08:26 - [MESSAGE][INFO] - Finding Test Object 'Object Repository/Olusturma/Genel/Olusturma/EklenenSatir'

2021-11-19 17:08:27 - [MESSAGE][INFO] - Finding web element from Test Object's properties

2021-11-19 17:08:27 - [MESSAGE][INFO] - Checking timeout

2021-11-19 17:08:27 - [MESSAGE][INFO] - Finding web element with id: 'Object Repository/Olusturma/Genel/Olusturma/EklenenSatir' located by 'By.cssSelector: #divmalhizmet .dxgvInlineEditRow_LECustomTheme' in '30' second(s)

2021-11-19 17:08:27 - [MESSAGE][INFO] - Smart Wait Function is triggered

2021-11-19 17:08:27 - [MESSAGE][INFO] - Found 1 web elements with id: 'Object Repository/Olusturma/Genel/Olusturma/EklenenSatir' located by 'By.cssSelector: #divmalhizmet .dxgvInlineEditRow_LECustomTheme' in '30' second(s)

2021-11-19 17:08:27 - [MESSAGE][INFO] - Smart Wait Function is triggered

2021-11-19 17:08:27 - [TEST_STEP][PASSED] - if (!(getAttribute("value").contains("Vkn"))): null

2021-11-19 17:08:27 - [TEST_STEP][PASSED] - son.clear(): null

2021-11-19 17:08:27 - [TEST_STEP][PASSED] - son.sendKeys(Deger): null

2021-11-19 17:08:27 - [MESSAGE][PASSED] - Call Test Case 'Test Cases/Olusturma/Genel/Olusturma' successfully

2021-11-19 17:08:27 - [MESSAGE][INFO] - Checking called Test Case

2021-11-19 17:08:27 - [MESSAGE][INFO] - Starting to call Test Case 'Test Cases/Olusturma/Genel/Olusturma'

2021-11-19 17:08:27 - [TEST_CASE][PASSED] - Test Cases/Olusturma/Genel/Olusturma: Test Cases/Olusturma/Genel/Olusturma

2021-11-19 17:08:27 - [TEST_STEP][PASSED] - driver = getWebDriver(): null

2021-11-19 17:08:27 - [TEST_STEP][PASSED] - action = new org.openqa.selenium.interactions.Actions(driver): null

2021-11-19 17:08:27 - [TEST_STEP][PASSED] - baslikElement = <not implemented yet for class: org.codehaus.groovy.ast.expr.EmptyExpression>: null

2021-11-19 17:08:27 - [TEST_STEP][PASSED] - sonElement = <not implemented yet for class: org.codehaus.groovy.ast.expr.EmptyExpression>: null

2021-11-19 17:08:27 - [TEST_STEP][PASSED] - attr = <not implemented yet for class: org.codehaus.groovy.ast.expr.EmptyExpression>: null

2021-11-19 17:08:27 - [TEST_STEP][PASSED] - a = 0: null

2021-11-19 17:08:27 - [TEST_STEP][PASSED] - elements = findWebElements(findTestObject("Object Repository/Olusturma/Genel/Olusturma/TabloBasliklari"), 10): Found 16 web elements with id: 'Object Repository/Olusturma/Genel/Olusturma/TabloBasliklari' located by 'By.cssSelector: div#divmalhizmet .dxgvTable_LECustomTheme td.dxgvHeader_LECustomTheme tr>td:nth-child(1)' in '10' second(s)

2021-11-19 17:08:27 - [MESSAGE][INFO] - Finding Test Object 'Object Repository/Olusturma/Genel/Olusturma/TabloBasliklari'

2021-11-19 17:08:27 - [MESSAGE][INFO] - Checking timeout

2021-11-19 17:08:27 - [MESSAGE][INFO] - Finding web element with id: 'Object Repository/Olusturma/Genel/Olusturma/TabloBasliklari' located by 'By.cssSelector: div#divmalhizmet .dxgvTable_LECustomTheme td.dxgvHeader_LECustomTheme tr>td:nth-child(1)' in '10' second(s)

2021-11-19 17:08:27 - [MESSAGE][INFO] - Smart Wait Function is triggered

2021-11-19 17:08:28 - [MESSAGE][INFO] - Found 16 web elements with id: 'Object Repository/Olusturma/Genel/Olusturma/TabloBasliklari' located by 'By.cssSelector: div#divmalhizmet .dxgvTable_LECustomTheme td.dxgvHeader_LECustomTheme tr>td:nth-child(1)' in '10' second(s)

2021-11-19 17:08:28 - [TEST_STEP][PASSED] - for (def element : elements): null

2021-11-19 17:08:28 - [TEST_STEP][PASSED] - build().perform(): null

2021-11-19 17:08:28 - [TEST_STEP][PASSED] - if (getText().equals(Baslik)): null

2021-11-19 17:08:28 - [TEST_STEP][PASSED] - build().perform(): null

2021-11-19 17:08:28 - [TEST_STEP][PASSED] - if (getText().equals(Baslik)): null

2021-11-19 17:08:28 - [TEST_STEP][PASSED] - baslikElement = element.findElement(By.xpath("../../../..")): Smart Wait Function is triggered

2021-11-19 17:08:28 - [MESSAGE][INFO] - Smart Wait Function is triggered

2021-11-19 17:08:28 - [TEST_STEP][PASSED] - attr = baslikElement.getAttribute("id"): null

2021-11-19 17:08:28 - [TEST_STEP][PASSED] - println("girdi ve idsini aldı = " + attr): null

2021-11-19 17:08:28 - [TEST_STEP][PASSED] - break: null

2021-11-19 17:08:28 - [TEST_STEP][PASSED] - countElement = baslikElement.findElements(By.xpath("../td")): Smart Wait Function is triggered

2021-11-19 17:08:28 - [MESSAGE][INFO] - Smart Wait Function is triggered

2021-11-19 17:08:29 - [TEST_STEP][PASSED] - for (def element : countElement): null

2021-11-19 17:08:29 - [TEST_STEP][PASSED] - if (toString().equals(attr.toString())): null

2021-11-19 17:08:29 - [TEST_STEP][PASSED] - (a++): null

2021-11-19 17:08:29 - [TEST_STEP][PASSED] - if (toString().equals(attr.toString())): null

2021-11-19 17:08:29 - [TEST_STEP][PASSED] - (a++): null

2021-11-19 17:08:29 - [TEST_STEP][PASSED] - if (toString().equals(attr.toString())): null

2021-11-19 17:08:29 - [TEST_STEP][PASSED] - break: null

2021-11-19 17:08:29 - [TEST_STEP][PASSED] - son = findWebElement(findTestObject("Object Repository/Olusturma/Genel/Olusturma/EklenenSatir")).findElement(By.xpath("td[@class='dxgvInlineEditCell_LECustomTheme dxgv'][" + a + "]//td[@class='dxic']/input")): Smart Wait Function is triggered

2021-11-19 17:08:29 - [MESSAGE][INFO] - Finding Test Object 'Object Repository/Olusturma/Genel/Olusturma/EklenenSatir'

2021-11-19 17:08:29 - [MESSAGE][INFO] - Finding web element from Test Object's properties

2021-11-19 17:08:29 - [MESSAGE][INFO] - Checking timeout

2021-11-19 17:08:29 - [MESSAGE][INFO] - Finding web element with id: 'Object Repository/Olusturma/Genel/Olusturma/EklenenSatir' located by 'By.cssSelector: #divmalhizmet .dxgvInlineEditRow_LECustomTheme' in '30' second(s)

2021-11-19 17:08:29 - [MESSAGE][INFO] - Smart Wait Function is triggered

2021-11-19 17:08:29 - [MESSAGE][INFO] - Found 1 web elements with id: 'Object Repository/Olusturma/Genel/Olusturma/EklenenSatir' located by 'By.cssSelector: #divmalhizmet .dxgvInlineEditRow_LECustomTheme' in '30' second(s)

2021-11-19 17:08:29 - [MESSAGE][INFO] - Smart Wait Function is triggered

2021-11-19 17:08:29 - [TEST_STEP][PASSED] - if (!(getAttribute("value").contains("Vkn"))): null

2021-11-19 17:08:29 - [TEST_STEP][PASSED] - son.clear(): null

2021-11-19 17:08:29 - [TEST_STEP][PASSED] - son.sendKeys(Deger): null

2021-11-19 17:08:30 - [MESSAGE][PASSED] - Call Test Case 'Test Cases/Olusturma/Genel/Olusturma' successfully

2021-11-19 17:08:30 - [MESSAGE][INFO] - Checking called Test Case

2021-11-19 17:08:30 - [MESSAGE][INFO] - Starting to call Test Case 'Test Cases/Olusturma/Genel/Olusturma'

2021-11-19 17:08:30 - [TEST_CASE][PASSED] - Test Cases/Olusturma/Genel/Olusturma: Test Cases/Olusturma/Genel/Olusturma

2021-11-19 17:08:30 - [TEST_STEP][PASSED] - driver = getWebDriver(): null

2021-11-19 17:08:30 - [TEST_STEP][PASSED] - action = new org.openqa.selenium.interactions.Actions(driver): null

2021-11-19 17:08:30 - [TEST_STEP][PASSED] - baslikElement = <not implemented yet for class: org.codehaus.groovy.ast.expr.EmptyExpression>: null

2021-11-19 17:08:30 - [TEST_STEP][PASSED] - sonElement = <not implemented yet for class: org.codehaus.groovy.ast.expr.EmptyExpression>: null

2021-11-19 17:08:30 - [TEST_STEP][PASSED] - attr = <not implemented yet for class: org.codehaus.groovy.ast.expr.EmptyExpression>: null

2021-11-19 17:08:30 - [TEST_STEP][PASSED] - a = 0: null

2021-11-19 17:08:30 - [TEST_STEP][PASSED] - elements = findWebElements(findTestObject("Object Repository/Olusturma/Genel/Olusturma/TabloBasliklari"), 10): Found 16 web elements with id: 'Object Repository/Olusturma/Genel/Olusturma/TabloBasliklari' located by 'By.cssSelector: div#divmalhizmet .dxgvTable_LECustomTheme td.dxgvHeader_LECustomTheme tr>td:nth-child(1)' in '10' second(s)

2021-11-19 17:08:30 - [MESSAGE][INFO] - Finding Test Object 'Object Repository/Olusturma/Genel/Olusturma/TabloBasliklari'

2021-11-19 17:08:30 - [MESSAGE][INFO] - Checking timeout

2021-11-19 17:08:30 - [MESSAGE][INFO] - Finding web element with id: 'Object Repository/Olusturma/Genel/Olusturma/TabloBasliklari' located by 'By.cssSelector: div#divmalhizmet .dxgvTable_LECustomTheme td.dxgvHeader_LECustomTheme tr>td:nth-child(1)' in '10' second(s)

2021-11-19 17:08:30 - [MESSAGE][INFO] - Smart Wait Function is triggered

2021-11-19 17:08:30 - [MESSAGE][INFO] - Found 16 web elements with id: 'Object Repository/Olusturma/Genel/Olusturma/TabloBasliklari' located by 'By.cssSelector: div#divmalhizmet .dxgvTable_LECustomTheme td.dxgvHeader_LECustomTheme tr>td:nth-child(1)' in '10' second(s)

2021-11-19 17:08:30 - [TEST_STEP][PASSED] - for (def element : elements): null

2021-11-19 17:08:30 - [TEST_STEP][PASSED] - build().perform(): null

2021-11-19 17:08:30 - [TEST_STEP][PASSED] - if (getText().equals(Baslik)): null

2021-11-19 17:08:30 - [TEST_STEP][PASSED] - build().perform(): null

2021-11-19 17:08:30 - [TEST_STEP][PASSED] - if (getText().equals(Baslik)): null

2021-11-19 17:08:30 - [TEST_STEP][PASSED] - build().perform(): null

2021-11-19 17:08:30 - [TEST_STEP][PASSED] - if (getText().equals(Baslik)): null

2021-11-19 17:08:30 - [TEST_STEP][PASSED] - build().perform(): null

2021-11-19 17:08:31 - [TEST_STEP][PASSED] - if (getText().equals(Baslik)): null

2021-11-19 17:08:31 - [TEST_STEP][PASSED] - baslikElement = element.findElement(By.xpath("../../../..")): Smart Wait Function is triggered

2021-11-19 17:08:31 - [MESSAGE][INFO] - Smart Wait Function is triggered

2021-11-19 17:08:31 - [TEST_STEP][PASSED] - attr = baslikElement.getAttribute("id"): null

2021-11-19 17:08:31 - [TEST_STEP][PASSED] - println("girdi ve idsini aldı = " + attr): null

2021-11-19 17:08:31 - [TEST_STEP][PASSED] - break: null

2021-11-19 17:08:31 - [TEST_STEP][PASSED] - countElement = baslikElement.findElements(By.xpath("../td")): Smart Wait Function is triggered

2021-11-19 17:08:31 - [MESSAGE][INFO] - Smart Wait Function is triggered

2021-11-19 17:08:31 - [TEST_STEP][PASSED] - for (def element : countElement): null

2021-11-19 17:08:31 - [TEST_STEP][PASSED] - if (toString().equals(attr.toString())): null

2021-11-19 17:08:31 - [TEST_STEP][PASSED] - (a++): null

2021-11-19 17:08:31 - [TEST_STEP][PASSED] - if (toString().equals(attr.toString())): null

2021-11-19 17:08:31 - [TEST_STEP][PASSED] - (a++): null

2021-11-19 17:08:31 - [TEST_STEP][PASSED] - if (toString().equals(attr.toString())): null

2021-11-19 17:08:31 - [TEST_STEP][PASSED] - (a++): null

2021-11-19 17:08:31 - [TEST_STEP][PASSED] - if (toString().equals(attr.toString())): null

2021-11-19 17:08:31 - [TEST_STEP][PASSED] - (a++): null

2021-11-19 17:08:31 - [TEST_STEP][PASSED] - if (toString().equals(attr.toString())): null

2021-11-19 17:08:31 - [TEST_STEP][PASSED] - break: null

2021-11-19 17:08:31 - [TEST_STEP][PASSED] - son = findWebElement(findTestObject("Object Repository/Olusturma/Genel/Olusturma/EklenenSatir")).findElement(By.xpath("td[@class='dxgvInlineEditCell_LECustomTheme dxgv'][" + a + "]//td[@class='dxic']/input")): Smart Wait Function is triggered

2021-11-19 17:08:31 - [MESSAGE][INFO] - Finding Test Object 'Object Repository/Olusturma/Genel/Olusturma/EklenenSatir'

2021-11-19 17:08:31 - [MESSAGE][INFO] - Finding web element from Test Object's properties

2021-11-19 17:08:31 - [MESSAGE][INFO] - Checking timeout

2021-11-19 17:08:31 - [MESSAGE][INFO] - Finding web element with id: 'Object Repository/Olusturma/Genel/Olusturma/EklenenSatir' located by 'By.cssSelector: #divmalhizmet .dxgvInlineEditRow_LECustomTheme' in '30' second(s)

2021-11-19 17:08:31 - [MESSAGE][INFO] - Smart Wait Function is triggered

2021-11-19 17:08:32 - [MESSAGE][INFO] - Found 1 web elements with id: 'Object Repository/Olusturma/Genel/Olusturma/EklenenSatir' located by 'By.cssSelector: #divmalhizmet .dxgvInlineEditRow_LECustomTheme' in '30' second(s)

2021-11-19 17:08:32 - [MESSAGE][INFO] - Smart Wait Function is triggered

2021-11-19 17:08:32 - [TEST_STEP][PASSED] - if (!(getAttribute("value").contains("Vkn"))): null

2021-11-19 17:08:32 - [TEST_STEP][PASSED] - son.clear(): null

2021-11-19 17:08:32 - [TEST_STEP][PASSED] - son.sendKeys(Deger): null

2021-11-19 17:08:32 - [MESSAGE][PASSED] - Call Test Case 'Test Cases/Olusturma/Genel/Olusturma' successfully

2021-11-19 17:08:32 - [MESSAGE][INFO] - Checking called Test Case

2021-11-19 17:08:32 - [MESSAGE][INFO] - Starting to call Test Case 'Test Cases/Olusturma/Genel/Olusturma'

2021-11-19 17:08:32 - [TEST_CASE][PASSED] - Test Cases/Olusturma/Genel/Olusturma: Test Cases/Olusturma/Genel/Olusturma

2021-11-19 17:08:32 - [TEST_STEP][PASSED] - driver = getWebDriver(): null

2021-11-19 17:08:32 - [TEST_STEP][PASSED] - action = new org.openqa.selenium.interactions.Actions(driver): null

2021-11-19 17:08:32 - [TEST_STEP][PASSED] - baslikElement = <not implemented yet for class: org.codehaus.groovy.ast.expr.EmptyExpression>: null

2021-11-19 17:08:32 - [TEST_STEP][PASSED] - sonElement = <not implemented yet for class: org.codehaus.groovy.ast.expr.EmptyExpression>: null

2021-11-19 17:08:32 - [TEST_STEP][PASSED] - attr = <not implemented yet for class: org.codehaus.groovy.ast.expr.EmptyExpression>: null

2021-11-19 17:08:32 - [TEST_STEP][PASSED] - a = 0: null

2021-11-19 17:08:32 - [TEST_STEP][PASSED] - elements = findWebElements(findTestObject("Object Repository/Olusturma/Genel/Olusturma/TabloBasliklari"), 10): Found 16 web elements with id: 'Object Repository/Olusturma/Genel/Olusturma/TabloBasliklari' located by 'By.cssSelector: div#divmalhizmet .dxgvTable_LECustomTheme td.dxgvHeader_LECustomTheme tr>td:nth-child(1)' in '10' second(s)

2021-11-19 17:08:32 - [MESSAGE][INFO] - Finding Test Object 'Object Repository/Olusturma/Genel/Olusturma/TabloBasliklari'

2021-11-19 17:08:32 - [MESSAGE][INFO] - Checking timeout

2021-11-19 17:08:32 - [MESSAGE][INFO] - Finding web element with id: 'Object Repository/Olusturma/Genel/Olusturma/TabloBasliklari' located by 'By.cssSelector: div#divmalhizmet .dxgvTable_LECustomTheme td.dxgvHeader_LECustomTheme tr>td:nth-child(1)' in '10' second(s)

2021-11-19 17:08:32 - [MESSAGE][INFO] - Smart Wait Function is triggered

2021-11-19 17:08:33 - [MESSAGE][INFO] - Found 16 web elements with id: 'Object Repository/Olusturma/Genel/Olusturma/TabloBasliklari' located by 'By.cssSelector: div#divmalhizmet .dxgvTable_LECustomTheme td.dxgvHeader_LECustomTheme tr>td:nth-child(1)' in '10' second(s)

2021-11-19 17:08:33 - [TEST_STEP][PASSED] - for (def element : elements): null

2021-11-19 17:08:33 - [TEST_STEP][PASSED] - build().perform(): null

2021-11-19 17:08:33 - [TEST_STEP][PASSED] - if (getText().equals(Baslik)): null

2021-11-19 17:08:33 - [TEST_STEP][PASSED] - build().perform(): null

2021-11-19 17:08:33 - [TEST_STEP][PASSED] - if (getText().equals(Baslik)): null

2021-11-19 17:08:33 - [TEST_STEP][PASSED] - build().perform(): null

2021-11-19 17:08:33 - [TEST_STEP][PASSED] - if (getText().equals(Baslik)): null

2021-11-19 17:08:33 - [TEST_STEP][PASSED] - build().perform(): null

2021-11-19 17:08:33 - [TEST_STEP][PASSED] - if (getText().equals(Baslik)): null

2021-11-19 17:08:33 - [TEST_STEP][PASSED] - build().perform(): null

2021-11-19 17:08:34 - [TEST_STEP][PASSED] - if (getText().equals(Baslik)): null

2021-11-19 17:08:34 - [TEST_STEP][PASSED] - baslikElement = element.findElement(By.xpath("../../../..")): Smart Wait Function is triggered

2021-11-19 17:08:34 - [MESSAGE][INFO] - Smart Wait Function is triggered

2021-11-19 17:08:34 - [TEST_STEP][PASSED] - attr = baslikElement.getAttribute("id"): null

2021-11-19 17:08:34 - [TEST_STEP][PASSED] - println("girdi ve idsini aldı = " + attr): null

2021-11-19 17:08:34 - [TEST_STEP][PASSED] - break: null

2021-11-19 17:08:34 - [TEST_STEP][PASSED] - countElement = baslikElement.findElements(By.xpath("../td")): Smart Wait Function is triggered

2021-11-19 17:08:34 - [MESSAGE][INFO] - Smart Wait Function is triggered

2021-11-19 17:08:34 - [TEST_STEP][PASSED] - for (def element : countElement): null

2021-11-19 17:08:34 - [TEST_STEP][PASSED] - if (toString().equals(attr.toString())): null

2021-11-19 17:08:34 - [TEST_STEP][PASSED] - (a++): null

2021-11-19 17:08:34 - [TEST_STEP][PASSED] - if (toString().equals(attr.toString())): null

2021-11-19 17:08:34 - [TEST_STEP][PASSED] - (a++): null

2021-11-19 17:08:34 - [TEST_STEP][PASSED] - if (toString().equals(attr.toString())): null

2021-11-19 17:08:34 - [TEST_STEP][PASSED] - (a++): null

2021-11-19 17:08:34 - [TEST_STEP][PASSED] - if (toString().equals(attr.toString())): null

2021-11-19 17:08:34 - [TEST_STEP][PASSED] - (a++): null

2021-11-19 17:08:34 - [TEST_STEP][PASSED] - if (toString().equals(attr.toString())): null

2021-11-19 17:08:34 - [TEST_STEP][PASSED] - (a++): null

2021-11-19 17:08:34 - [TEST_STEP][PASSED] - if (toString().equals(attr.toString())): null

2021-11-19 17:08:34 - [TEST_STEP][PASSED] - break: null

2021-11-19 17:08:34 - [TEST_STEP][PASSED] - son = findWebElement(findTestObject("Object Repository/Olusturma/Genel/Olusturma/EklenenSatir")).findElement(By.xpath("td[@class='dxgvInlineEditCell_LECustomTheme dxgv'][" + a + "]//td[@class='dxic']/input")): Smart Wait Function is triggered

2021-11-19 17:08:34 - [MESSAGE][INFO] - Finding Test Object 'Object Repository/Olusturma/Genel/Olusturma/EklenenSatir'

2021-11-19 17:08:34 - [MESSAGE][INFO] - Finding web element from Test Object's properties

2021-11-19 17:08:34 - [MESSAGE][INFO] - Checking timeout

2021-11-19 17:08:34 - [MESSAGE][INFO] - Finding web element with id: 'Object Repository/Olusturma/Genel/Olusturma/EklenenSatir' located by 'By.cssSelector: #divmalhizmet .dxgvInlineEditRow_LECustomTheme' in '30' second(s)

2021-11-19 17:08:34 - [MESSAGE][INFO] - Smart Wait Function is triggered

2021-11-19 17:08:35 - [MESSAGE][INFO] - Found 1 web elements with id: 'Object Repository/Olusturma/Genel/Olusturma/EklenenSatir' located by 'By.cssSelector: #divmalhizmet .dxgvInlineEditRow_LECustomTheme' in '30' second(s)

2021-11-19 17:08:35 - [MESSAGE][INFO] - Smart Wait Function is triggered

2021-11-19 17:08:35 - [TEST_STEP][PASSED] - if (!(getAttribute("value").contains("Vkn"))): null

2021-11-19 17:08:35 - [TEST_STEP][PASSED] - else: null

2021-11-19 17:08:35 - [TEST_STEP][PASSED] - son.click(): null

2021-11-19 17:08:35 - [TEST_STEP][PASSED] - son.sendKeys(Deger): null

2021-11-19 17:08:35 - [MESSAGE][PASSED] - Call Test Case 'Test Cases/Olusturma/Genel/Olusturma' successfully

2021-11-19 17:08:35 - [MESSAGE][INFO] - Checking called Test Case

2021-11-19 17:08:35 - [MESSAGE][INFO] - Starting to call Test Case 'Test Cases/Olusturma/Genel/Olusturma'

2021-11-19 17:08:35 - [TEST_CASE][PASSED] - Test Cases/Olusturma/Genel/Olusturma: Test Cases/Olusturma/Genel/Olusturma

2021-11-19 17:08:35 - [TEST_STEP][PASSED] - driver = getWebDriver(): null

2021-11-19 17:08:35 - [TEST_STEP][PASSED] - action = new org.openqa.selenium.interactions.Actions(driver): null

2021-11-19 17:08:35 - [TEST_STEP][PASSED] - baslikElement = <not implemented yet for class: org.codehaus.groovy.ast.expr.EmptyExpression>: null

2021-11-19 17:08:35 - [TEST_STEP][PASSED] - sonElement = <not implemented yet for class: org.codehaus.groovy.ast.expr.EmptyExpression>: null

2021-11-19 17:08:35 - [TEST_STEP][PASSED] - attr = <not implemented yet for class: org.codehaus.groovy.ast.expr.EmptyExpression>: null

2021-11-19 17:08:35 - [TEST_STEP][PASSED] - a = 0: null

2021-11-19 17:08:35 - [TEST_STEP][PASSED] - elements = findWebElements(findTestObject("Object Repository/Olusturma/Genel/Olusturma/TabloBasliklari"), 10): Found 16 web elements with id: 'Object Repository/Olusturma/Genel/Olusturma/TabloBasliklari' located by 'By.cssSelector: div#divmalhizmet .dxgvTable_LECustomTheme td.dxgvHeader_LECustomTheme tr>td:nth-child(1)' in '10' second(s)

2021-11-19 17:08:35 - [MESSAGE][INFO] - Finding Test Object 'Object Repository/Olusturma/Genel/Olusturma/TabloBasliklari'

2021-11-19 17:08:35 - [MESSAGE][INFO] - Checking timeout

2021-11-19 17:08:35 - [MESSAGE][INFO] - Finding web element with id: 'Object Repository/Olusturma/Genel/Olusturma/TabloBasliklari' located by 'By.cssSelector: div#divmalhizmet .dxgvTable_LECustomTheme td.dxgvHeader_LECustomTheme tr>td:nth-child(1)' in '10' second(s)

2021-11-19 17:08:35 - [MESSAGE][INFO] - Smart Wait Function is triggered

2021-11-19 17:08:36 - [MESSAGE][INFO] - Found 16 web elements with id: 'Object Repository/Olusturma/Genel/Olusturma/TabloBasliklari' located by 'By.cssSelector: div#divmalhizmet .dxgvTable_LECustomTheme td.dxgvHeader_LECustomTheme tr>td:nth-child(1)' in '10' second(s)

2021-11-19 17:08:36 - [TEST_STEP][PASSED] - for (def element : elements): null

2021-11-19 17:08:36 - [TEST_STEP][PASSED] - build().perform(): null

2021-11-19 17:08:36 - [TEST_STEP][PASSED] - if (getText().equals(Baslik)): null

2021-11-19 17:08:36 - [TEST_STEP][PASSED] - build().perform(): null

2021-11-19 17:08:36 - [TEST_STEP][PASSED] - if (getText().equals(Baslik)): null

2021-11-19 17:08:36 - [TEST_STEP][PASSED] - build().perform(): null

2021-11-19 17:08:36 - [TEST_STEP][PASSED] - if (getText().equals(Baslik)): null

2021-11-19 17:08:36 - [TEST_STEP][PASSED] - build().perform(): null

2021-11-19 17:08:36 - [TEST_STEP][PASSED] - if (getText().equals(Baslik)): null

2021-11-19 17:08:36 - [TEST_STEP][PASSED] - build().perform(): null

2021-11-19 17:08:36 - [TEST_STEP][PASSED] - if (getText().equals(Baslik)): null

2021-11-19 17:08:36 - [TEST_STEP][PASSED] - build().perform(): null

2021-11-19 17:08:36 - [TEST_STEP][PASSED] - if (getText().equals(Baslik)): null

2021-11-19 17:08:36 - [TEST_STEP][PASSED] - baslikElement = element.findElement(By.xpath("../../../..")): Smart Wait Function is triggered

2021-11-19 17:08:36 - [MESSAGE][INFO] - Smart Wait Function is triggered

2021-11-19 17:08:37 - [TEST_STEP][PASSED] - attr = baslikElement.getAttribute("id"): null

2021-11-19 17:08:37 - [TEST_STEP][PASSED] - println("girdi ve idsini aldı = " + attr): null

2021-11-19 17:08:37 - [TEST_STEP][PASSED] - break: null

2021-11-19 17:08:37 - [TEST_STEP][PASSED] - countElement = baslikElement.findElements(By.xpath("../td")): Smart Wait Function is triggered

2021-11-19 17:08:37 - [MESSAGE][INFO] - Smart Wait Function is triggered

2021-11-19 17:08:37 - [TEST_STEP][PASSED] - for (def element : countElement): null

2021-11-19 17:08:37 - [TEST_STEP][PASSED] - if (toString().equals(attr.toString())): null

2021-11-19 17:08:37 - [TEST_STEP][PASSED] - (a++): null

2021-11-19 17:08:37 - [TEST_STEP][PASSED] - if (toString().equals(attr.toString())): null

2021-11-19 17:08:37 - [TEST_STEP][PASSED] - (a++): null

2021-11-19 17:08:37 - [TEST_STEP][PASSED] - if (toString().equals(attr.toString())): null

2021-11-19 17:08:37 - [TEST_STEP][PASSED] - (a++): null

2021-11-19 17:08:37 - [TEST_STEP][PASSED] - if (toString().equals(attr.toString())): null

2021-11-19 17:08:37 - [TEST_STEP][PASSED] - (a++): null

2021-11-19 17:08:37 - [TEST_STEP][PASSED] - if (toString().equals(attr.toString())): null

2021-11-19 17:08:37 - [TEST_STEP][PASSED] - (a++): null

2021-11-19 17:08:37 - [TEST_STEP][PASSED] - if (toString().equals(attr.toString())): null

2021-11-19 17:08:37 - [TEST_STEP][PASSED] - (a++): null

2021-11-19 17:08:37 - [TEST_STEP][PASSED] - if (toString().equals(attr.toString())): null

2021-11-19 17:08:37 - [TEST_STEP][PASSED] - break: null

2021-11-19 17:08:37 - [TEST_STEP][PASSED] - son = findWebElement(findTestObject("Object Repository/Olusturma/Genel/Olusturma/EklenenSatir")).findElement(By.xpath("td[@class='dxgvInlineEditCell_LECustomTheme dxgv'][" + a + "]//td[@class='dxic']/input")): Smart Wait Function is triggered

2021-11-19 17:08:37 - [MESSAGE][INFO] - Finding Test Object 'Object Repository/Olusturma/Genel/Olusturma/EklenenSatir'

2021-11-19 17:08:37 - [MESSAGE][INFO] - Finding web element from Test Object's properties

2021-11-19 17:08:37 - [MESSAGE][INFO] - Checking timeout

2021-11-19 17:08:37 - [MESSAGE][INFO] - Finding web element with id: 'Object Repository/Olusturma/Genel/Olusturma/EklenenSatir' located by 'By.cssSelector: #divmalhizmet .dxgvInlineEditRow_LECustomTheme' in '30' second(s)

2021-11-19 17:08:37 - [MESSAGE][INFO] - Smart Wait Function is triggered

2021-11-19 17:08:37 - [MESSAGE][INFO] - Found 1 web elements with id: 'Object Repository/Olusturma/Genel/Olusturma/EklenenSatir' located by 'By.cssSelector: #divmalhizmet .dxgvInlineEditRow_LECustomTheme' in '30' second(s)

2021-11-19 17:08:37 - [MESSAGE][INFO] - Smart Wait Function is triggered

2021-11-19 17:08:38 - [TEST_STEP][PASSED] - if (!(getAttribute("value").contains("Vkn"))): null

2021-11-19 17:08:38 - [TEST_STEP][PASSED] - son.clear(): null

2021-11-19 17:08:38 - [TEST_STEP][PASSED] - son.sendKeys(Deger): null

2021-11-19 17:08:38 - [MESSAGE][PASSED] - Call Test Case 'Test Cases/Olusturma/Genel/Olusturma' successfully

2021-11-19 17:08:38 - [MESSAGE][INFO] - Checking called Test Case

2021-11-19 17:08:38 - [MESSAGE][INFO] - Starting to call Test Case 'Test Cases/Olusturma/Genel/Olusturma'

2021-11-19 17:08:38 - [TEST_CASE][PASSED] - Test Cases/Olusturma/Genel/Olusturma: Test Cases/Olusturma/Genel/Olusturma

2021-11-19 17:08:38 - [TEST_STEP][PASSED] - driver = getWebDriver(): null

2021-11-19 17:08:38 - [TEST_STEP][PASSED] - action = new org.openqa.selenium.interactions.Actions(driver): null

2021-11-19 17:08:38 - [TEST_STEP][PASSED] - baslikElement = <not implemented yet for class: org.codehaus.groovy.ast.expr.EmptyExpression>: null

2021-11-19 17:08:38 - [TEST_STEP][PASSED] - sonElement = <not implemented yet for class: org.codehaus.groovy.ast.expr.EmptyExpression>: null

2021-11-19 17:08:38 - [TEST_STEP][PASSED] - attr = <not implemented yet for class: org.codehaus.groovy.ast.expr.EmptyExpression>: null

2021-11-19 17:08:38 - [TEST_STEP][PASSED] - a = 0: null

2021-11-19 17:08:38 - [TEST_STEP][PASSED] - elements = findWebElements(findTestObject("Object Repository/Olusturma/Genel/Olusturma/TabloBasliklari"), 10): Found 16 web elements with id: 'Object Repository/Olusturma/Genel/Olusturma/TabloBasliklari' located by 'By.cssSelector: div#divmalhizmet .dxgvTable_LECustomTheme td.dxgvHeader_LECustomTheme tr>td:nth-child(1)' in '10' second(s)

2021-11-19 17:08:38 - [MESSAGE][INFO] - Finding Test Object 'Object Repository/Olusturma/Genel/Olusturma/TabloBasliklari'

2021-11-19 17:08:38 - [MESSAGE][INFO] - Checking timeout

2021-11-19 17:08:38 - [MESSAGE][INFO] - Finding web element with id: 'Object Repository/Olusturma/Genel/Olusturma/TabloBasliklari' located by 'By.cssSelector: div#divmalhizmet .dxgvTable_LECustomTheme td.dxgvHeader_LECustomTheme tr>td:nth-child(1)' in '10' second(s)

2021-11-19 17:08:38 - [MESSAGE][INFO] - Smart Wait Function is triggered

2021-11-19 17:08:38 - [MESSAGE][INFO] - Found 16 web elements with id: 'Object Repository/Olusturma/Genel/Olusturma/TabloBasliklari' located by 'By.cssSelector: div#divmalhizmet .dxgvTable_LECustomTheme td.dxgvHeader_LECustomTheme tr>td:nth-child(1)' in '10' second(s)

2021-11-19 17:08:38 - [TEST_STEP][PASSED] - for (def element : elements): null

2021-11-19 17:08:38 - [TEST_STEP][PASSED] - build().perform(): null

2021-11-19 17:08:39 - [TEST_STEP][PASSED] - if (getText().equals(Baslik)): null

2021-11-19 17:08:39 - [TEST_STEP][PASSED] - build().perform(): null

2021-11-19 17:08:39 - [TEST_STEP][PASSED] - if (getText().equals(Baslik)): null

2021-11-19 17:08:39 - [TEST_STEP][PASSED] - build().perform(): null

2021-11-19 17:08:39 - [TEST_STEP][PASSED] - if (getText().equals(Baslik)): null

2021-11-19 17:08:39 - [TEST_STEP][PASSED] - build().perform(): null

2021-11-19 17:08:39 - [TEST_STEP][PASSED] - if (getText().equals(Baslik)): null

2021-11-19 17:08:39 - [TEST_STEP][PASSED] - build().perform(): null

2021-11-19 17:08:39 - [TEST_STEP][PASSED] - if (getText().equals(Baslik)): null

2021-11-19 17:08:39 - [TEST_STEP][PASSED] - build().perform(): null

2021-11-19 17:08:39 - [TEST_STEP][PASSED] - if (getText().equals(Baslik)): null

2021-11-19 17:08:39 - [TEST_STEP][PASSED] - build().perform(): null

2021-11-19 17:08:39 - [TEST_STEP][PASSED] - if (getText().equals(Baslik)): null

2021-11-19 17:08:39 - [TEST_STEP][PASSED] - baslikElement = element.findElement(By.xpath("../../../..")): Smart Wait Function is triggered

2021-11-19 17:08:39 - [MESSAGE][INFO] - Smart Wait Function is triggered

2021-11-19 17:08:40 - [TEST_STEP][PASSED] - attr = baslikElement.getAttribute("id"): null

2021-11-19 17:08:40 - [TEST_STEP][PASSED] - println("girdi ve idsini aldı = " + attr): null

2021-11-19 17:08:40 - [TEST_STEP][PASSED] - break: null

2021-11-19 17:08:40 - [TEST_STEP][PASSED] - countElement = baslikElement.findElements(By.xpath("../td")): Smart Wait Function is triggered

2021-11-19 17:08:40 - [MESSAGE][INFO] - Smart Wait Function is triggered

2021-11-19 17:08:40 - [TEST_STEP][PASSED] - for (def element : countElement): null

2021-11-19 17:08:40 - [TEST_STEP][PASSED] - if (toString().equals(attr.toString())): null

2021-11-19 17:08:40 - [TEST_STEP][PASSED] - (a++): null

2021-11-19 17:08:40 - [TEST_STEP][PASSED] - if (toString().equals(attr.toString())): null

2021-11-19 17:08:40 - [TEST_STEP][PASSED] - (a++): null

2021-11-19 17:08:40 - [TEST_STEP][PASSED] - if (toString().equals(attr.toString())): null

2021-11-19 17:08:40 - [TEST_STEP][PASSED] - (a++): null

2021-11-19 17:08:40 - [TEST_STEP][PASSED] - if (toString().equals(attr.toString())): null

2021-11-19 17:08:40 - [TEST_STEP][PASSED] - (a++): null

2021-11-19 17:08:40 - [TEST_STEP][PASSED] - if (toString().equals(attr.toString())): null

2021-11-19 17:08:40 - [TEST_STEP][PASSED] - (a++): null

2021-11-19 17:08:40 - [TEST_STEP][PASSED] - if (toString().equals(attr.toString())): null

2021-11-19 17:08:40 - [TEST_STEP][PASSED] - (a++): null

2021-11-19 17:08:40 - [TEST_STEP][PASSED] - if (toString().equals(attr.toString())): null

2021-11-19 17:08:40 - [TEST_STEP][PASSED] - (a++): null

2021-11-19 17:08:40 - [TEST_STEP][PASSED] - if (toString().equals(attr.toString())): null

2021-11-19 17:08:40 - [TEST_STEP][PASSED] - break: null

2021-11-19 17:08:40 - [TEST_STEP][PASSED] - son = findWebElement(findTestObject("Object Repository/Olusturma/Genel/Olusturma/EklenenSatir")).findElement(By.xpath("td[@class='dxgvInlineEditCell_LECustomTheme dxgv'][" + a + "]//td[@class='dxic']/input")): Smart Wait Function is triggered

2021-11-19 17:08:40 - [MESSAGE][INFO] - Finding Test Object 'Object Repository/Olusturma/Genel/Olusturma/EklenenSatir'

2021-11-19 17:08:40 - [MESSAGE][INFO] - Finding web element from Test Object's properties

2021-11-19 17:08:40 - [MESSAGE][INFO] - Checking timeout

2021-11-19 17:08:40 - [MESSAGE][INFO] - Finding web element with id: 'Object Repository/Olusturma/Genel/Olusturma/EklenenSatir' located by 'By.cssSelector: #divmalhizmet .dxgvInlineEditRow_LECustomTheme' in '30' second(s)

2021-11-19 17:08:40 - [MESSAGE][INFO] - Smart Wait Function is triggered

2021-11-19 17:08:41 - [MESSAGE][INFO] - Found 1 web elements with id: 'Object Repository/Olusturma/Genel/Olusturma/EklenenSatir' located by 'By.cssSelector: #divmalhizmet .dxgvInlineEditRow_LECustomTheme' in '30' second(s)

2021-11-19 17:08:41 - [MESSAGE][INFO] - Smart Wait Function is triggered

2021-11-19 17:08:41 - [TEST_STEP][PASSED] - if (!(getAttribute("value").contains("Vkn"))): null

2021-11-19 17:08:41 - [TEST_STEP][PASSED] - son.clear(): null

2021-11-19 17:08:41 - [TEST_STEP][PASSED] - son.sendKeys(Deger): null

2021-11-19 17:08:41 - [MESSAGE][PASSED] - Call Test Case 'Test Cases/Olusturma/Genel/Olusturma' successfully

2021-11-19 17:08:41 - [MESSAGE][INFO] - Checking called Test Case

2021-11-19 17:08:41 - [MESSAGE][INFO] - Starting to call Test Case 'Test Cases/Olusturma/Genel/Olusturma'

2021-11-19 17:08:41 - [TEST_CASE][PASSED] - Test Cases/Olusturma/Genel/Olusturma: Test Cases/Olusturma/Genel/Olusturma

2021-11-19 17:08:41 - [TEST_STEP][PASSED] - driver = getWebDriver(): null

2021-11-19 17:08:41 - [TEST_STEP][PASSED] - action = new org.openqa.selenium.interactions.Actions(driver): null

2021-11-19 17:08:41 - [TEST_STEP][PASSED] - baslikElement = <not implemented yet for class: org.codehaus.groovy.ast.expr.EmptyExpression>: null

2021-11-19 17:08:41 - [TEST_STEP][PASSED] - sonElement = <not implemented yet for class: org.codehaus.groovy.ast.expr.EmptyExpression>: null

2021-11-19 17:08:41 - [TEST_STEP][PASSED] - attr = <not implemented yet for class: org.codehaus.groovy.ast.expr.EmptyExpression>: null

2021-11-19 17:08:41 - [TEST_STEP][PASSED] - a = 0: null

2021-11-19 17:08:41 - [TEST_STEP][PASSED] - elements = findWebElements(findTestObject("Object Repository/Olusturma/Genel/Olusturma/TabloBasliklari"), 10): Found 16 web elements with id: 'Object Repository/Olusturma/Genel/Olusturma/TabloBasliklari' located by 'By.cssSelector: div#divmalhizmet .dxgvTable_LECustomTheme td.dxgvHeader_LECustomTheme tr>td:nth-child(1)' in '10' second(s)

2021-11-19 17:08:41 - [MESSAGE][INFO] - Finding Test Object 'Object Repository/Olusturma/Genel/Olusturma/TabloBasliklari'

2021-11-19 17:08:41 - [MESSAGE][INFO] - Checking timeout

2021-11-19 17:08:41 - [MESSAGE][INFO] - Finding web element with id: 'Object Repository/Olusturma/Genel/Olusturma/TabloBasliklari' located by 'By.cssSelector: div#divmalhizmet .dxgvTable_LECustomTheme td.dxgvHeader_LECustomTheme tr>td:nth-child(1)' in '10' second(s)

2021-11-19 17:08:41 - [MESSAGE][INFO] - Smart Wait Function is triggered

2021-11-19 17:08:41 - [MESSAGE][INFO] - Found 16 web elements with id: 'Object Repository/Olusturma/Genel/Olusturma/TabloBasliklari' located by 'By.cssSelector: div#divmalhizmet .dxgvTable_LECustomTheme td.dxgvHeader_LECustomTheme tr>td:nth-child(1)' in '10' second(s)

2021-11-19 17:08:41 - [TEST_STEP][PASSED] - for (def element : elements): null

2021-11-19 17:08:41 - [TEST_STEP][PASSED] - build().perform(): null

2021-11-19 17:08:42 - [TEST_STEP][PASSED] - if (getText().equals(Baslik)): null

2021-11-19 17:08:42 - [TEST_STEP][PASSED] - build().perform(): null

2021-11-19 17:08:42 - [TEST_STEP][PASSED] - if (getText().equals(Baslik)): null

2021-11-19 17:08:42 - [TEST_STEP][PASSED] - build().perform(): null

2021-11-19 17:08:42 - [TEST_STEP][PASSED] - if (getText().equals(Baslik)): null

2021-11-19 17:08:42 - [TEST_STEP][PASSED] - build().perform(): null

2021-11-19 17:08:42 - [TEST_STEP][PASSED] - if (getText().equals(Baslik)): null

2021-11-19 17:08:42 - [TEST_STEP][PASSED] - build().perform(): null

2021-11-19 17:08:42 - [TEST_STEP][PASSED] - if (getText().equals(Baslik)): null

2021-11-19 17:08:42 - [TEST_STEP][PASSED] - build().perform(): null

2021-11-19 17:08:42 - [TEST_STEP][PASSED] - if (getText().equals(Baslik)): null

2021-11-19 17:08:42 - [TEST_STEP][PASSED] - build().perform(): null

2021-11-19 17:08:42 - [TEST_STEP][PASSED] - if (getText().equals(Baslik)): null

2021-11-19 17:08:42 - [TEST_STEP][PASSED] - build().perform(): null

2021-11-19 17:08:43 - [TEST_STEP][PASSED] - if (getText().equals(Baslik)): null

2021-11-19 17:08:43 - [TEST_STEP][PASSED] - build().perform(): null

2021-11-19 17:08:43 - [TEST_STEP][PASSED] - if (getText().equals(Baslik)): null

2021-11-19 17:08:43 - [TEST_STEP][PASSED] - baslikElement = element.findElement(By.xpath("../../../..")): Smart Wait Function is triggered

2021-11-19 17:08:43 - [MESSAGE][INFO] - Smart Wait Function is triggered

2021-11-19 17:08:43 - [TEST_STEP][PASSED] - attr = baslikElement.getAttribute("id"): null

2021-11-19 17:08:43 - [TEST_STEP][PASSED] - println("girdi ve idsini aldı = " + attr): null

2021-11-19 17:08:43 - [TEST_STEP][PASSED] - break: null

2021-11-19 17:08:43 - [TEST_STEP][PASSED] - countElement = baslikElement.findElements(By.xpath("../td")): Smart Wait Function is triggered

2021-11-19 17:08:43 - [MESSAGE][INFO] - Smart Wait Function is triggered

2021-11-19 17:08:43 - [TEST_STEP][PASSED] - for (def element : countElement): null

2021-11-19 17:08:43 - [TEST_STEP][PASSED] - if (toString().equals(attr.toString())): null

2021-11-19 17:08:43 - [TEST_STEP][PASSED] - (a++): null

2021-11-19 17:08:43 - [TEST_STEP][PASSED] - if (toString().equals(attr.toString())): null

2021-11-19 17:08:43 - [TEST_STEP][PASSED] - (a++): null

2021-11-19 17:08:43 - [TEST_STEP][PASSED] - if (toString().equals(attr.toString())): null

2021-11-19 17:08:43 - [TEST_STEP][PASSED] - (a++): null

2021-11-19 17:08:43 - [TEST_STEP][PASSED] - if (toString().equals(attr.toString())): null

2021-11-19 17:08:43 - [TEST_STEP][PASSED] - (a++): null

2021-11-19 17:08:43 - [TEST_STEP][PASSED] - if (toString().equals(attr.toString())): null

2021-11-19 17:08:43 - [TEST_STEP][PASSED] - (a++): null

2021-11-19 17:08:43 - [TEST_STEP][PASSED] - if (toString().equals(attr.toString())): null

2021-11-19 17:08:43 - [TEST_STEP][PASSED] - (a++): null

2021-11-19 17:08:43 - [TEST_STEP][PASSED] - if (toString().equals(attr.toString())): null

2021-11-19 17:08:43 - [TEST_STEP][PASSED] - (a++): null

2021-11-19 17:08:43 - [TEST_STEP][PASSED] - if (toString().equals(attr.toString())): null

2021-11-19 17:08:44 - [TEST_STEP][PASSED] - (a++): null

2021-11-19 17:08:44 - [TEST_STEP][PASSED] - if (toString().equals(attr.toString())): null

2021-11-19 17:08:44 - [TEST_STEP][PASSED] - (a++): null

2021-11-19 17:08:44 - [TEST_STEP][PASSED] - if (toString().equals(attr.toString())): null

2021-11-19 17:08:44 - [TEST_STEP][PASSED] - break: null

2021-11-19 17:08:44 - [TEST_STEP][PASSED] - son = findWebElement(findTestObject("Object Repository/Olusturma/Genel/Olusturma/EklenenSatir")).findElement(By.xpath("td[@class='dxgvInlineEditCell_LECustomTheme dxgv'][" + a + "]//td[@class='dxic']/input")): Smart Wait Function is triggered

2021-11-19 17:08:44 - [MESSAGE][INFO] - Finding Test Object 'Object Repository/Olusturma/Genel/Olusturma/EklenenSatir'

2021-11-19 17:08:44 - [MESSAGE][INFO] - Finding web element from Test Object's properties

2021-11-19 17:08:44 - [MESSAGE][INFO] - Checking timeout

2021-11-19 17:08:44 - [MESSAGE][INFO] - Finding web element with id: 'Object Repository/Olusturma/Genel/Olusturma/EklenenSatir' located by 'By.cssSelector: #divmalhizmet .dxgvInlineEditRow_LECustomTheme' in '30' second(s)

2021-11-19 17:08:44 - [MESSAGE][INFO] - Smart Wait Function is triggered

2021-11-19 17:08:44 - [MESSAGE][INFO] - Found 1 web elements with id: 'Object Repository/Olusturma/Genel/Olusturma/EklenenSatir' located by 'By.cssSelector: #divmalhizmet .dxgvInlineEditRow_LECustomTheme' in '30' second(s)

2021-11-19 17:08:44 - [MESSAGE][INFO] - Smart Wait Function is triggered

2021-11-19 17:08:44 - [TEST_STEP][PASSED] - if (!(getAttribute("value").contains("Vkn"))): null

2021-11-19 17:08:44 - [TEST_STEP][PASSED] - son.clear(): null

2021-11-19 17:08:44 - [TEST_STEP][PASSED] - son.sendKeys(Deger): null

2021-11-19 17:08:45 - [MESSAGE][PASSED] - Call Test Case 'Test Cases/Olusturma/Genel/Olusturma' successfully

2021-11-19 17:08:45 - [MESSAGE][INFO] - Checking called Test Case

2021-11-19 17:08:45 - [MESSAGE][INFO] - Starting to call Test Case 'Test Cases/Olusturma/Genel/Olusturma'

2021-11-19 17:08:45 - [TEST_CASE][PASSED] - Test Cases/Olusturma/Genel/Olusturma: Test Cases/Olusturma/Genel/Olusturma

2021-11-19 17:08:45 - [TEST_STEP][PASSED] - driver = getWebDriver(): null

2021-11-19 17:08:45 - [TEST_STEP][PASSED] - action = new org.openqa.selenium.interactions.Actions(driver): null

2021-11-19 17:08:45 - [TEST_STEP][PASSED] - baslikElement = <not implemented yet for class: org.codehaus.groovy.ast.expr.EmptyExpression>: null

2021-11-19 17:08:45 - [TEST_STEP][PASSED] - sonElement = <not implemented yet for class: org.codehaus.groovy.ast.expr.EmptyExpression>: null

2021-11-19 17:08:45 - [TEST_STEP][PASSED] - attr = <not implemented yet for class: org.codehaus.groovy.ast.expr.EmptyExpression>: null

2021-11-19 17:08:45 - [TEST_STEP][PASSED] - a = 0: null

2021-11-19 17:08:45 - [TEST_STEP][PASSED] - elements = findWebElements(findTestObject("Object Repository/Olusturma/Genel/Olusturma/TabloBasliklari"), 10): Found 16 web elements with id: 'Object Repository/Olusturma/Genel/Olusturma/TabloBasliklari' located by 'By.cssSelector: div#divmalhizmet .dxgvTable_LECustomTheme td.dxgvHeader_LECustomTheme tr>td:nth-child(1)' in '10' second(s)

2021-11-19 17:08:45 - [MESSAGE][INFO] - Finding Test Object 'Object Repository/Olusturma/Genel/Olusturma/TabloBasliklari'

2021-11-19 17:08:45 - [MESSAGE][INFO] - Checking timeout

2021-11-19 17:08:45 - [MESSAGE][INFO] - Finding web element with id: 'Object Repository/Olusturma/Genel/Olusturma/TabloBasliklari' located by 'By.cssSelector: div#divmalhizmet .dxgvTable_LECustomTheme td.dxgvHeader_LECustomTheme tr>td:nth-child(1)' in '10' second(s)

2021-11-19 17:08:45 - [MESSAGE][INFO] - Smart Wait Function is triggered

2021-11-19 17:08:45 - [MESSAGE][INFO] - Found 16 web elements with id: 'Object Repository/Olusturma/Genel/Olusturma/TabloBasliklari' located by 'By.cssSelector: div#divmalhizmet .dxgvTable_LECustomTheme td.dxgvHeader_LECustomTheme tr>td:nth-child(1)' in '10' second(s)

2021-11-19 17:08:45 - [TEST_STEP][PASSED] - for (def element : elements): null

2021-11-19 17:08:45 - [TEST_STEP][PASSED] - build().perform(): null

2021-11-19 17:08:45 - [TEST_STEP][PASSED] - if (getText().equals(Baslik)): null

2021-11-19 17:08:45 - [TEST_STEP][PASSED] - build().perform(): null

2021-11-19 17:08:45 - [TEST_STEP][PASSED] - if (getText().equals(Baslik)): null

2021-11-19 17:08:45 - [TEST_STEP][PASSED] - build().perform(): null

2021-11-19 17:08:45 - [TEST_STEP][PASSED] - if (getText().equals(Baslik)): null

2021-11-19 17:08:45 - [TEST_STEP][PASSED] - build().perform(): null

2021-11-19 17:08:45 - [TEST_STEP][PASSED] - if (getText().equals(Baslik)): null

2021-11-19 17:08:46 - [TEST_STEP][PASSED] - build().perform(): null

2021-11-19 17:08:46 - [TEST_STEP][PASSED] - if (getText().equals(Baslik)): null

2021-11-19 17:08:46 - [TEST_STEP][PASSED] - build().perform(): null

2021-11-19 17:08:46 - [TEST_STEP][PASSED] - if (getText().equals(Baslik)): null

2021-11-19 17:08:46 - [TEST_STEP][PASSED] - build().perform(): null

2021-11-19 17:08:46 - [TEST_STEP][PASSED] - if (getText().equals(Baslik)): null

2021-11-19 17:08:46 - [TEST_STEP][PASSED] - build().perform(): null

2021-11-19 17:08:46 - [TEST_STEP][PASSED] - if (getText().equals(Baslik)): null

2021-11-19 17:08:46 - [TEST_STEP][PASSED] - build().perform(): null

2021-11-19 17:08:46 - [TEST_STEP][PASSED] - if (getText().equals(Baslik)): null

2021-11-19 17:08:46 - [TEST_STEP][PASSED] - build().perform(): null

2021-11-19 17:08:46 - [TEST_STEP][PASSED] - if (getText().equals(Baslik)): null

2021-11-19 17:08:46 - [TEST_STEP][PASSED] - baslikElement = element.findElement(By.xpath("../../../..")): Smart Wait Function is triggered

2021-11-19 17:08:46 - [MESSAGE][INFO] - Smart Wait Function is triggered

2021-11-19 17:08:47 - [TEST_STEP][PASSED] - attr = baslikElement.getAttribute("id"): null

2021-11-19 17:08:47 - [TEST_STEP][PASSED] - println("girdi ve idsini aldı = " + attr): null

2021-11-19 17:08:47 - [TEST_STEP][PASSED] - break: null

2021-11-19 17:08:47 - [TEST_STEP][PASSED] - countElement = baslikElement.findElements(By.xpath("../td")): Smart Wait Function is triggered

2021-11-19 17:08:47 - [MESSAGE][INFO] - Smart Wait Function is triggered

2021-11-19 17:08:47 - [TEST_STEP][PASSED] - for (def element : countElement): null

2021-11-19 17:08:47 - [TEST_STEP][PASSED] - if (toString().equals(attr.toString())): null

2021-11-19 17:08:47 - [TEST_STEP][PASSED] - (a++): null

2021-11-19 17:08:47 - [TEST_STEP][PASSED] - if (toString().equals(attr.toString())): null

2021-11-19 17:08:47 - [TEST_STEP][PASSED] - (a++): null

2021-11-19 17:08:47 - [TEST_STEP][PASSED] - if (toString().equals(attr.toString())): null

2021-11-19 17:08:47 - [TEST_STEP][PASSED] - (a++): null

2021-11-19 17:08:47 - [TEST_STEP][PASSED] - if (toString().equals(attr.toString())): null

2021-11-19 17:08:47 - [TEST_STEP][PASSED] - (a++): null

2021-11-19 17:08:47 - [TEST_STEP][PASSED] - if (toString().equals(attr.toString())): null

2021-11-19 17:08:47 - [TEST_STEP][PASSED] - (a++): null

2021-11-19 17:08:47 - [TEST_STEP][PASSED] - if (toString().equals(attr.toString())): null

2021-11-19 17:08:47 - [TEST_STEP][PASSED] - (a++): null

2021-11-19 17:08:47 - [TEST_STEP][PASSED] - if (toString().equals(attr.toString())): null

2021-11-19 17:08:47 - [TEST_STEP][PASSED] - (a++): null

2021-11-19 17:08:47 - [TEST_STEP][PASSED] - if (toString().equals(attr.toString())): null

2021-11-19 17:08:47 - [TEST_STEP][PASSED] - (a++): null

2021-11-19 17:08:47 - [TEST_STEP][PASSED] - if (toString().equals(attr.toString())): null

2021-11-19 17:08:47 - [TEST_STEP][PASSED] - (a++): null

2021-11-19 17:08:47 - [TEST_STEP][PASSED] - if (toString().equals(attr.toString())): null

2021-11-19 17:08:47 - [TEST_STEP][PASSED] - (a++): null

2021-11-19 17:08:47 - [TEST_STEP][PASSED] - if (toString().equals(attr.toString())): null

2021-11-19 17:08:47 - [TEST_STEP][PASSED] - break: null

2021-11-19 17:08:47 - [TEST_STEP][PASSED] - son = findWebElement(findTestObject("Object Repository/Olusturma/Genel/Olusturma/EklenenSatir")).findElement(By.xpath("td[@class='dxgvInlineEditCell_LECustomTheme dxgv'][" + a + "]//td[@class='dxic']/input")): Smart Wait Function is triggered

2021-11-19 17:08:47 - [MESSAGE][INFO] - Finding Test Object 'Object Repository/Olusturma/Genel/Olusturma/EklenenSatir'

2021-11-19 17:08:47 - [MESSAGE][INFO] - Finding web element from Test Object's properties

2021-11-19 17:08:47 - [MESSAGE][INFO] - Checking timeout

2021-11-19 17:08:47 - [MESSAGE][INFO] - Finding web element with id: 'Object Repository/Olusturma/Genel/Olusturma/EklenenSatir' located by 'By.cssSelector: #divmalhizmet .dxgvInlineEditRow_LECustomTheme' in '30' second(s)

2021-11-19 17:08:47 - [MESSAGE][INFO] - Smart Wait Function is triggered

2021-11-19 17:08:47 - [MESSAGE][INFO] - Found 1 web elements with id: 'Object Repository/Olusturma/Genel/Olusturma/EklenenSatir' located by 'By.cssSelector: #divmalhizmet .dxgvInlineEditRow_LECustomTheme' in '30' second(s)

2021-11-19 17:08:47 - [MESSAGE][INFO] - Smart Wait Function is triggered

2021-11-19 17:08:48 - [TEST_STEP][PASSED] - if (!(getAttribute("value").contains("Vkn"))): null

2021-11-19 17:08:48 - [TEST_STEP][PASSED] - son.clear(): null

2021-11-19 17:08:48 - [TEST_STEP][PASSED] - son.sendKeys(Deger): null

2021-11-19 17:08:48 - [MESSAGE][PASSED] - Call Test Case 'Test Cases/Olusturma/Genel/Olusturma' successfully

2021-11-19 17:08:48 - [MESSAGE][INFO] - Checking called Test Case

2021-11-19 17:08:48 - [MESSAGE][INFO] - Starting to call Test Case 'Test Cases/Olusturma/Genel/NotGirilir'

2021-11-19 17:08:48 - [TEST_CASE][PASSED] - Test Cases/Olusturma/Genel/NotGirilir: Test Cases/Olusturma/Genel/NotGirilir

2021-11-19 17:08:48 - [TEST_STEP][PASSED] - i = 0: null

2021-11-19 17:08:48 - [TEST_STEP][PASSED] - waitForElementClickable(findTestObject("Olusturma/Genel/Not/Notlar"), 10): Object 'Object Repository/Olusturma/Genel/Not/Notlar' is clickable

2021-11-19 17:08:48 - [MESSAGE][INFO] - Finding Test Object 'Object Repository/Olusturma/Genel/Not/Notlar'

2021-11-19 17:08:48 - [MESSAGE][INFO] - Checking object

2021-11-19 17:08:48 - [MESSAGE][INFO] - Checking timeout

2021-11-19 17:08:48 - [MESSAGE][INFO] - Finding web element from Test Object's properties

2021-11-19 17:08:48 - [MESSAGE][INFO] - Checking timeout

2021-11-19 17:08:48 - [MESSAGE][INFO] - Finding web element with id: 'Object Repository/Olusturma/Genel/Not/Notlar' located by 'By.xpath: //*[@id = 'txtNote_I']' in '10' second(s)

2021-11-19 17:08:48 - [MESSAGE][INFO] - Smart Wait Function is triggered

2021-11-19 17:08:48 - [MESSAGE][INFO] - Found 1 web elements with id: 'Object Repository/Olusturma/Genel/Not/Notlar' located by 'By.xpath: //*[@id = 'txtNote_I']' in '10' second(s)

2021-11-19 17:08:48 - [MESSAGE][PASSED] - Object 'Object Repository/Olusturma/Genel/Not/Notlar' is clickable

2021-11-19 17:08:48 - [TEST_STEP][PASSED] - clearText(findTestObject("Olusturma/Genel/Not/Notlar")): Text of object 'Object Repository/Olusturma/Genel/Not/Notlar' is cleared

2021-11-19 17:08:48 - [MESSAGE][INFO] - Finding Test Object 'Object Repository/Olusturma/Genel/Not/Notlar'

2021-11-19 17:08:49 - [MESSAGE][INFO] - Checking object

2021-11-19 17:08:49 - [MESSAGE][INFO] - Finding web element from Test Object's properties

2021-11-19 17:08:49 - [MESSAGE][INFO] - Checking timeout

2021-11-19 17:08:49 - [MESSAGE][INFO] - Finding web element with id: 'Object Repository/Olusturma/Genel/Not/Notlar' located by 'By.xpath: //*[@id = 'txtNote_I']' in '30' second(s)

2021-11-19 17:08:49 - [MESSAGE][INFO] - Smart Wait Function is triggered

2021-11-19 17:08:49 - [MESSAGE][INFO] - Found 1 web elements with id: 'Object Repository/Olusturma/Genel/Not/Notlar' located by 'By.xpath: //*[@id = 'txtNote_I']' in '30' second(s)

2021-11-19 17:08:49 - [MESSAGE][INFO] - Clearing text of object 'Object Repository/Olusturma/Genel/Not/Notlar'

2021-11-19 17:08:49 - [MESSAGE][PASSED] - Text of object 'Object Repository/Olusturma/Genel/Not/Notlar' is cleared

2021-11-19 17:08:49 - [TEST_STEP][PASSED] - click(findTestObject("Olusturma/Genel/Not/Notlar")): Object: 'Object Repository/Olusturma/Genel/Not/Notlar' is clicked on

2021-11-19 17:08:49 - [MESSAGE][INFO] - Finding Test Object 'Object Repository/Olusturma/Genel/Not/Notlar'

2021-11-19 17:08:49 - [MESSAGE][INFO] - Checking object

2021-11-19 17:08:49 - [MESSAGE][INFO] - Finding web element from Test Object's properties

2021-11-19 17:08:49 - [MESSAGE][INFO] - Checking timeout

2021-11-19 17:08:49 - [MESSAGE][INFO] - Finding web element with id: 'Object Repository/Olusturma/Genel/Not/Notlar' located by 'By.xpath: //*[@id = 'txtNote_I']' in '30' second(s)

2021-11-19 17:08:49 - [MESSAGE][INFO] - Smart Wait Function is triggered

2021-11-19 17:08:49 - [MESSAGE][INFO] - Found 1 web elements with id: 'Object Repository/Olusturma/Genel/Not/Notlar' located by 'By.xpath: //*[@id = 'txtNote_I']' in '30' second(s)

2021-11-19 17:08:49 - [MESSAGE][INFO] - Clicking on object: 'Object Repository/Olusturma/Genel/Not/Notlar'

2021-11-19 17:08:49 - [MESSAGE][PASSED] - Object: 'Object Repository/Olusturma/Genel/Not/Notlar' is clicked on

2021-11-19 17:08:49 - [TEST_STEP][PASSED] - while (true): null

2021-11-19 17:08:49 - [TEST_STEP][PASSED] - delay(1): Delayed 1 second(s)

2021-11-19 17:08:49 - [MESSAGE][INFO] - Delaying browser in 1 second(s)

2021-11-19 17:08:50 - [MESSAGE][PASSED] - Delayed 1 second(s)

2021-11-19 17:08:50 - [TEST_STEP][PASSED] - ajaxIsComplete = executeJavaScript("return jQuery.active == 0", null): Execute JavaScript 'return jQuery.active == 0' successfully

2021-11-19 17:08:50 - [MESSAGE][PASSED] - Execute JavaScript 'return jQuery.active == 0' successfully

2021-11-19 17:08:50 - [TEST_STEP][PASSED] - if (ajaxIsComplete): null

2021-11-19 17:08:50 - [TEST_STEP][PASSED] - if (i > 10): null

2021-11-19 17:08:50 - [TEST_STEP][PASSED] - (i++): null

2021-11-19 17:08:50 - [TEST_STEP][PASSED] - delay(1): Delayed 1 second(s)

2021-11-19 17:08:50 - [MESSAGE][INFO] - Delaying browser in 1 second(s)

2021-11-19 17:08:51 - [MESSAGE][PASSED] - Delayed 1 second(s)

2021-11-19 17:08:51 - [TEST_STEP][PASSED] - ajaxIsComplete = executeJavaScript("return jQuery.active == 0", null): Execute JavaScript 'return jQuery.active == 0' successfully

2021-11-19 17:08:51 - [MESSAGE][PASSED] - Execute JavaScript 'return jQuery.active == 0' successfully

2021-11-19 17:08:51 - [TEST_STEP][PASSED] - if (ajaxIsComplete): null

2021-11-19 17:08:51 - [TEST_STEP][PASSED] - break: null

2021-11-19 17:08:51 - [TEST_STEP][PASSED] - sendKeys(findTestObject("Olusturma/Genel/Not/Notlar"), Not): Keys 'Otomasyon Not' sent to object: 'Object Repository/Olusturma/Genel/Not/Notlar'

2021-11-19 17:08:51 - [MESSAGE][INFO] - Finding Test Object 'Object Repository/Olusturma/Genel/Not/Notlar'

2021-11-19 17:08:51 - [MESSAGE][INFO] - Sending keys 'Otomasyon Not' to object: 'Object Repository/Olusturma/Genel/Not/Notlar'

2021-11-19 17:08:51 - [MESSAGE][INFO] - Finding web element from Test Object's properties

2021-11-19 17:08:51 - [MESSAGE][INFO] - Checking timeout

2021-11-19 17:08:51 - [MESSAGE][INFO] - Finding web element with id: 'Object Repository/Olusturma/Genel/Not/Notlar' located by 'By.xpath: //*[@id = 'txtNote_I']' in '30' second(s)

2021-11-19 17:08:51 - [MESSAGE][INFO] - Smart Wait Function is triggered

2021-11-19 17:08:52 - [MESSAGE][INFO] - Found 1 web elements with id: 'Object Repository/Olusturma/Genel/Not/Notlar' located by 'By.xpath: //*[@id = 'txtNote_I']' in '30' second(s)

2021-11-19 17:08:52 - [MESSAGE][PASSED] - Keys 'Otomasyon Not' sent to object: 'Object Repository/Olusturma/Genel/Not/Notlar'

2021-11-19 17:08:52 - [MESSAGE][PASSED] - Call Test Case 'Test Cases/Olusturma/Genel/NotGirilir' successfully

2021-11-19 17:08:52 - [MESSAGE][INFO] - Checking called Test Case

2021-11-19 17:08:52 - [MESSAGE][INFO] - Starting to call Test Case 'Test Cases/Olusturma/Genel/EttnBilgisiKayitEdilir'

2021-11-19 17:08:52 - [TEST_CASE][PASSED] - Test Cases/Olusturma/Genel/EttnBilgisiKayitEdilir: Test Cases/Olusturma/Genel/EttnBilgisiKayitEdilir

2021-11-19 17:08:52 - [TEST_STEP][PASSED] - verifyElementPresent(findTestObject("Object Repository/Olusturma/Genel/Olusturma/eArsivEttnBilgisi"), 7): Object 'Object Repository/Olusturma/Genel/Olusturma/eArsivEttnBilgisi' is present

2021-11-19 17:08:52 - [MESSAGE][INFO] - Finding Test Object 'Object Repository/Olusturma/Genel/Olusturma/eArsivEttnBilgisi'

2021-11-19 17:08:52 - [MESSAGE][INFO] - Checking object

2021-11-19 17:08:52 - [MESSAGE][INFO] - Finding web element from Test Object's properties

2021-11-19 17:08:52 - [MESSAGE][INFO] - Checking timeout

2021-11-19 17:08:52 - [MESSAGE][INFO] - Finding web element with id: 'Object Repository/Olusturma/Genel/Olusturma/eArsivEttnBilgisi' located by 'By.xpath: //*[@id = 'Uuid_I']' in '7' second(s)

2021-11-19 17:08:52 - [MESSAGE][INFO] - Smart Wait Function is triggered

2021-11-19 17:08:52 - [MESSAGE][INFO] - Found 1 web elements with id: 'Object Repository/Olusturma/Genel/Olusturma/eArsivEttnBilgisi' located by 'By.xpath: //*[@id = 'Uuid_I']' in '7' second(s)

2021-11-19 17:08:52 - [MESSAGE][PASSED] - Object 'Object Repository/Olusturma/Genel/Olusturma/eArsivEttnBilgisi' is present

2021-11-19 17:08:52 - [TEST_STEP][PASSED] - ettn = getAttribute(findTestObject("Object Repository/Olusturma/Genel/Olusturma/eArsivEttnBilgisi"), "value"): Attribute 'value' of object 'Object Repository/Olusturma/Genel/Olusturma/eArsivEttnBilgisi' is: '77ba563c-655f-4584-88a6-886c2a520db8'

2021-11-19 17:08:52 - [MESSAGE][INFO] - Finding Test Object 'Object Repository/Olusturma/Genel/Olusturma/eArsivEttnBilgisi'

2021-11-19 17:08:52 - [MESSAGE][INFO] - Checking object

2021-11-19 17:08:52 - [MESSAGE][INFO] - Checking attribute

2021-11-19 17:08:52 - [MESSAGE][INFO] - Finding web element from Test Object's properties

2021-11-19 17:08:52 - [MESSAGE][INFO] - Checking timeout

2021-11-19 17:08:52 - [MESSAGE][INFO] - Finding web element with id: 'Object Repository/Olusturma/Genel/Olusturma/eArsivEttnBilgisi' located by 'By.xpath: //*[@id = 'Uuid_I']' in '30' second(s)

2021-11-19 17:08:52 - [MESSAGE][INFO] - Smart Wait Function is triggered

2021-11-19 17:08:53 - [MESSAGE][INFO] - Found 1 web elements with id: 'Object Repository/Olusturma/Genel/Olusturma/eArsivEttnBilgisi' located by 'By.xpath: //*[@id = 'Uuid_I']' in '30' second(s)

2021-11-19 17:08:53 - [MESSAGE][INFO] - Getting attribute 'value' of object 'Object Repository/Olusturma/Genel/Olusturma/eArsivEttnBilgisi'

2021-11-19 17:08:53 - [MESSAGE][PASSED] - Attribute 'value' of object 'Object Repository/Olusturma/Genel/Olusturma/eArsivEttnBilgisi' is: '77ba563c-655f-4584-88a6-886c2a520db8'

2021-11-19 17:08:53 - [MESSAGE][PASSED] - Call Test Case 'Test Cases/Olusturma/Genel/EttnBilgisiKayitEdilir' successfully

2021-11-19 17:08:53 - [MESSAGE][INFO] - Checking called Test Case

2021-11-19 17:08:53 - [MESSAGE][INFO] - Starting to call Test Case 'Test Cases/Olusturma/Genel/KaydetButonunaTiklanir'

2021-11-19 17:08:53 - [TEST_CASE][PASSED] - Test Cases/Olusturma/Genel/KaydetButonunaTiklanir: Test Cases/Olusturma/Genel/KaydetButonunaTiklanir

2021-11-19 17:08:53 - [TEST_STEP][PASSED] - i = 0: null

2021-11-19 17:08:53 - [TEST_STEP][PASSED] - waitForElementPresent(findTestObject("Olusturma/Genel/Not/Notlar"), 10): Object 'Object Repository/Olusturma/Genel/Not/Notlar' is present

2021-11-19 17:08:53 - [MESSAGE][INFO] - Finding Test Object 'Object Repository/Olusturma/Genel/Not/Notlar'

2021-11-19 17:08:53 - [MESSAGE][INFO] - Checking object

2021-11-19 17:08:53 - [MESSAGE][INFO] - Finding web element from Test Object's properties

2021-11-19 17:08:53 - [MESSAGE][INFO] - Checking timeout

2021-11-19 17:08:53 - [MESSAGE][INFO] - Finding web element with id: 'Object Repository/Olusturma/Genel/Not/Notlar' located by 'By.xpath: //*[@id = 'txtNote_I']' in '10' second(s)

2021-11-19 17:08:53 - [MESSAGE][INFO] - Smart Wait Function is triggered

2021-11-19 17:08:53 - [MESSAGE][INFO] - Found 1 web elements with id: 'Object Repository/Olusturma/Genel/Not/Notlar' located by 'By.xpath: //*[@id = 'txtNote_I']' in '10' second(s)

2021-11-19 17:08:53 - [MESSAGE][PASSED] - Object 'Object Repository/Olusturma/Genel/Not/Notlar' is present

2021-11-19 17:08:53 - [TEST_STEP][PASSED] - click(findTestObject("Olusturma/Genel/Not/Notlar")): Object: 'Object Repository/Olusturma/Genel/Not/Notlar' is clicked on

2021-11-19 17:08:53 - [MESSAGE][INFO] - Finding Test Object 'Object Repository/Olusturma/Genel/Not/Notlar'

2021-11-19 17:08:53 - [MESSAGE][INFO] - Checking object

2021-11-19 17:08:53 - [MESSAGE][INFO] - Finding web element from Test Object's properties

2021-11-19 17:08:53 - [MESSAGE][INFO] - Checking timeout

2021-11-19 17:08:53 - [MESSAGE][INFO] - Finding web element with id: 'Object Repository/Olusturma/Genel/Not/Notlar' located by 'By.xpath: //*[@id = 'txtNote_I']' in '30' second(s)

2021-11-19 17:08:53 - [MESSAGE][INFO] - Smart Wait Function is triggered

2021-11-19 17:08:54 - [MESSAGE][INFO] - Found 1 web elements with id: 'Object Repository/Olusturma/Genel/Not/Notlar' located by 'By.xpath: //*[@id = 'txtNote_I']' in '30' second(s)

2021-11-19 17:08:54 - [MESSAGE][INFO] - Clicking on object: 'Object Repository/Olusturma/Genel/Not/Notlar'

2021-11-19 17:08:54 - [MESSAGE][PASSED] - Object: 'Object Repository/Olusturma/Genel/Not/Notlar' is clicked on

2021-11-19 17:08:54 - [TEST_STEP][PASSED] - while (true): null

2021-11-19 17:08:54 - [TEST_STEP][PASSED] - delay(1): Delayed 1 second(s)

2021-11-19 17:08:54 - [MESSAGE][INFO] - Delaying browser in 1 second(s)

2021-11-19 17:08:55 - [MESSAGE][PASSED] - Delayed 1 second(s)

2021-11-19 17:08:55 - [TEST_STEP][PASSED] - ajaxIsComplete = executeJavaScript("return jQuery.active == 0", null): Execute JavaScript 'return jQuery.active == 0' successfully

2021-11-19 17:08:55 - [MESSAGE][PASSED] - Execute JavaScript 'return jQuery.active == 0' successfully

2021-11-19 17:08:55 - [TEST_STEP][PASSED] - if (ajaxIsComplete): null

2021-11-19 17:08:55 - [TEST_STEP][PASSED] - break: null

2021-11-19 17:08:55 - [TEST_STEP][PASSED] - waitForElementClickable(findTestObject("Object Repository/Olusturma/Genel/Buton"), 10): Object 'Object Repository/Olusturma/Genel/Buton' is clickable

2021-11-19 17:08:55 - [MESSAGE][INFO] - Finding Test Object 'Object Repository/Olusturma/Genel/Buton'

2021-11-19 17:08:55 - [MESSAGE][INFO] - Checking object

2021-11-19 17:08:55 - [MESSAGE][INFO] - Checking timeout

2021-11-19 17:08:55 - [MESSAGE][INFO] - Finding web element from Test Object's properties

2021-11-19 17:08:55 - [MESSAGE][INFO] - Checking timeout

2021-11-19 17:08:55 - [MESSAGE][INFO] - Finding web element with id: 'Object Repository/Olusturma/Genel/Buton' located by 'By.xpath: //*[@id = 'btnKaydet']' in '10' second(s)

2021-11-19 17:08:55 - [MESSAGE][INFO] - Smart Wait Function is triggered

2021-11-19 17:08:56 - [MESSAGE][INFO] - Found 1 web elements with id: 'Object Repository/Olusturma/Genel/Buton' located by 'By.xpath: //*[@id = 'btnKaydet']' in '10' second(s)

2021-11-19 17:08:56 - [MESSAGE][PASSED] - Object 'Object Repository/Olusturma/Genel/Buton' is clickable

2021-11-19 17:08:56 - [TEST_STEP][PASSED] - click(findTestObject("Object Repository/Olusturma/Genel/Buton")): Object: 'Object Repository/Olusturma/Genel/Buton' is clicked on

2021-11-19 17:08:56 - [MESSAGE][INFO] - Finding Test Object 'Object Repository/Olusturma/Genel/Buton'

2021-11-19 17:08:56 - [MESSAGE][INFO] - Checking object

2021-11-19 17:08:56 - [MESSAGE][INFO] - Finding web element from Test Object's properties

2021-11-19 17:08:56 - [MESSAGE][INFO] - Checking timeout

2021-11-19 17:08:56 - [MESSAGE][INFO] - Finding web element with id: 'Object Repository/Olusturma/Genel/Buton' located by 'By.xpath: //*[@id = 'btnKaydet']' in '30' second(s)

2021-11-19 17:08:56 - [MESSAGE][INFO] - Smart Wait Function is triggered

2021-11-19 17:08:56 - [MESSAGE][INFO] - Found 1 web elements with id: 'Object Repository/Olusturma/Genel/Buton' located by 'By.xpath: //*[@id = 'btnKaydet']' in '30' second(s)

2021-11-19 17:08:56 - [MESSAGE][INFO] - Clicking on object: 'Object Repository/Olusturma/Genel/Buton'

2021-11-19 17:08:59 - [MESSAGE][PASSED] - Object: 'Object Repository/Olusturma/Genel/Buton' is clicked on

2021-11-19 17:08:59 - [MESSAGE][PASSED] - Call Test Case 'Test Cases/Olusturma/Genel/KaydetButonunaTiklanir' successfully

2021-11-19 17:08:59 - [MESSAGE][INFO] - Checking called Test Case

2021-11-19 17:08:59 - [MESSAGE][INFO] - Starting to call Test Case 'Test Cases/Tablo/TablodaEttnliVeriOlusturulduMu'

2021-11-19 17:08:59 - [TEST_CASE][PASSED] - Test Cases/Tablo/TablodaEttnliVeriOlusturulduMu: Test Cases/Tablo/TablodaEttnliVeriOlusturulduMu

2021-11-19 17:08:59 - [TEST_STEP][PASSED] - Method.TextDegerineEsitElementVarMi(findTestObject("Tablo/OlusturulanVeri"), ettn): Method.TextDegerineEsitElementVarMi is PASSED

2021-11-19 17:08:59 - [MESSAGE][INFO] - Finding Test Object 'Object Repository/Tablo/OlusturulanVeri'

2021-11-19 17:08:59 - [MESSAGE][INFO] - Checking timeout

2021-11-19 17:08:59 - [MESSAGE][INFO] - Finding web element with id: 'Object Repository/Tablo/OlusturulanVeri' located by 'By.cssSelector: table.dxgvTable_LECustomTheme>tbody>tr:nth-child(3)>td.dxgv b,table.dxgvTable_LECustomTheme>tbody>tr:nth-child(3)>td.dxgv' in '10' second(s)

2021-11-19 17:08:59 - [MESSAGE][INFO] - Smart Wait Function is triggered

2021-11-19 17:08:59 - [MESSAGE][INFO] - Found 14 web elements with id: 'Object Repository/Tablo/OlusturulanVeri' located by 'By.cssSelector: table.dxgvTable_LECustomTheme>tbody>tr:nth-child(3)>td.dxgv b,table.dxgvTable_LECustomTheme>tbody>tr:nth-child(3)>td.dxgv' in '10' second(s)

2021-11-19 17:08:59 - [MESSAGE][PASSED] - Method.TextDegerineEsitElementVarMi is PASSED

2021-11-19 17:08:59 - [MESSAGE][PASSED] - Call Test Case 'Test Cases/Tablo/TablodaEttnliVeriOlusturulduMu' successfully

2021-11-19 17:08:59 - [MESSAGE][INFO] - Checking called Test Case

2021-11-19 17:08:59 - [MESSAGE][INFO] - Starting to call Test Case 'Test Cases/Tablo/TablodanEttnliVeriSec'

2021-11-19 17:09:00 - [TEST_CASE][PASSED] - Test Cases/Tablo/TablodanEttnliVeriSec: Test Cases/Tablo/TablodanEttnliVeriSec

2021-11-19 17:09:00 - [TEST_STEP][PASSED] - Method.TextDegerineEsitElementinAltindakineTikla(findTestObject("Tablo/Veriler"), findTestObject("Tablo/VerininCheckBoxi"), ettn): Method.TextDegerineEsitElementinAltindakineTikla is PASSED

2021-11-19 17:09:00 - [MESSAGE][INFO] - Finding Test Object 'Object Repository/Tablo/Veriler'

2021-11-19 17:09:00 - [MESSAGE][INFO] - Finding Test Object 'Object Repository/Tablo/VerininCheckBoxi'

2021-11-19 17:09:00 - [MESSAGE][INFO] - Checking timeout

2021-11-19 17:09:00 - [MESSAGE][INFO] - Finding web element with id: 'Object Repository/Tablo/Veriler' located by 'By.cssSelector: td.dxgv b ,td.dxgv' in '10' second(s)

2021-11-19 17:09:00 - [MESSAGE][INFO] - Smart Wait Function is triggered

2021-11-19 17:09:00 - [MESSAGE][INFO] - Found 112 web elements with id: 'Object Repository/Tablo/Veriler' located by 'By.cssSelector: td.dxgv b ,td.dxgv' in '10' second(s)

2021-11-19 17:09:00 - [MESSAGE][INFO] - Smart Wait Function is triggered

2021-11-19 17:09:01 - [MESSAGE][PASSED] - Method.TextDegerineEsitElementinAltindakineTikla is PASSED

2021-11-19 17:09:01 - [MESSAGE][PASSED] - Call Test Case 'Test Cases/Tablo/TablodanEttnliVeriSec' successfully

2021-11-19 17:09:01 - [MESSAGE][INFO] - Checking called Test Case

2021-11-19 17:09:01 - [MESSAGE][INFO] - Starting to call Test Case 'Test Cases/Butonlar/ButonaTikla'

2021-11-19 17:09:01 - [TEST_CASE][PASSED] - Test Cases/Butonlar/ButonaTikla: Test Cases/Butonlar/ButonaTikla

2021-11-19 17:09:01 - [TEST_STEP][PASSED] - Method.TextDegerineEsitElementeTiklaEquals(findTestObject("Butonlar/Butonlar"), Buton_Adi): Method.TextDegerineEsitElementeTiklaEquals is PASSED

2021-11-19 17:09:01 - [MESSAGE][INFO] - Finding Test Object 'Object Repository/Butonlar/Butonlar'

2021-11-19 17:09:01 - [MESSAGE][INFO] - Checking timeout

2021-11-19 17:09:01 - [MESSAGE][INFO] - Finding web element with id: 'Object Repository/Butonlar/Butonlar' located by 'By.cssSelector: .panel.panel-default.text-center.footerPanel .btn,.btn.btn-primary.btnControls' in '10' second(s)

2021-11-19 17:09:01 - [MESSAGE][INFO] - Smart Wait Function is triggered

2021-11-19 17:09:01 - [MESSAGE][INFO] - Found 9 web elements with id: 'Object Repository/Butonlar/Butonlar' located by 'By.cssSelector: .panel.panel-default.text-center.footerPanel .btn,.btn.btn-primary.btnControls' in '10' second(s)

2021-11-19 17:09:01 - [MESSAGE][PASSED] - Method.TextDegerineEsitElementeTiklaEquals is PASSED

2021-11-19 17:09:01 - [MESSAGE][PASSED] - Call Test Case 'Test Cases/Butonlar/ButonaTikla' successfully

2021-11-19 17:09:01 - [MESSAGE][INFO] - Checking called Test Case

2021-11-19 17:09:01 - [MESSAGE][INFO] - Starting to call Test Case 'Test Cases/Popup/PopupMesajiIceriyorMu'

2021-11-19 17:09:01 - [TEST_CASE][PASSED] - Test Cases/Popup/PopupMesajiIceriyorMu: Test Cases/Popup/PopupMesajiIceriyorMu

2021-11-19 17:09:02 - [TEST_STEP][PASSED] - waitForElementVisible(findTestObject("Popup/Popup"), 10): Object 'Object Repository/Popup/Popup' is visible

2021-11-19 17:09:02 - [MESSAGE][INFO] - Finding Test Object 'Object Repository/Popup/Popup'

2021-11-19 17:09:02 - [MESSAGE][INFO] - Checking object

2021-11-19 17:09:02 - [MESSAGE][INFO] - Checking timeout

2021-11-19 17:09:02 - [MESSAGE][INFO] - Finding web element from Test Object's properties

2021-11-19 17:09:02 - [MESSAGE][INFO] - Checking timeout

2021-11-19 17:09:02 - [MESSAGE][INFO] - Finding web element with id: 'Object Repository/Popup/Popup' located by 'By.cssSelector: .bootbox-body' in '10' second(s)

2021-11-19 17:09:02 - [MESSAGE][INFO] - Smart Wait Function is triggered

2021-11-19 17:09:02 - [MESSAGE][INFO] - Found 1 web elements with id: 'Object Repository/Popup/Popup' located by 'By.cssSelector: .bootbox-body' in '10' second(s)

2021-11-19 17:09:02 - [MESSAGE][PASSED] - Object 'Object Repository/Popup/Popup' is visible

2021-11-19 17:09:02 - [TEST_STEP][PASSED] - if (!(getText(findTestObject("Popup/Popup")).contains(Mesaj))): Text of object 'Object Repository/Popup/Popup' is: 'Oluşturulacak fatura numarası : YIG2021000000493 Fatura numarası oluşturulduktan sonra fatura silinemez. Fatura numarası, tarihi ve ön eki değiştirilemez. Devam etmek istiyor musunuz?'

2021-11-19 17:09:02 - [MESSAGE][INFO] - Finding Test Object 'Object Repository/Popup/Popup'

2021-11-19 17:09:03 - [MESSAGE][INFO] - Checking object

2021-11-19 17:09:03 - [MESSAGE][INFO] - Finding web element from Test Object's properties

2021-11-19 17:09:03 - [MESSAGE][INFO] - Checking timeout

2021-11-19 17:09:03 - [MESSAGE][INFO] - Finding web element with id: 'Object Repository/Popup/Popup' located by 'By.cssSelector: .bootbox-body' in '30' second(s)

2021-11-19 17:09:03 - [MESSAGE][INFO] - Smart Wait Function is triggered

2021-11-19 17:09:03 - [MESSAGE][INFO] - Found 1 web elements with id: 'Object Repository/Popup/Popup' located by 'By.cssSelector: .bootbox-body' in '30' second(s)

2021-11-19 17:09:03 - [MESSAGE][INFO] - Getting text of object 'Object Repository/Popup/Popup'

2021-11-19 17:09:03 - [MESSAGE][PASSED] - Text of object 'Object Repository/Popup/Popup' is: 'Oluşturulacak fatura numarası : YIG2021000000493 Fatura numarası oluşturulduktan sonra fatura silinemez. Fatura numarası, tarihi ve ön eki değiştirilemez. Devam etmek istiyor musunuz?'

2021-11-19 17:09:03 - [TEST_STEP][PASSED] - RaporNo = getText(findTestObject("Popup/Popup")).substring(0, 6): Text of object 'Object Repository/Popup/Popup' is: 'Oluşturulacak fatura numarası : YIG2021000000493 Fatura numarası oluşturulduktan sonra fatura silinemez. Fatura numarası, tarihi ve ön eki değiştirilemez. Devam etmek istiyor musunuz?'

2021-11-19 17:09:03 - [MESSAGE][INFO] - Finding Test Object 'Object Repository/Popup/Popup'

2021-11-19 17:09:03 - [MESSAGE][INFO] - Checking object

2021-11-19 17:09:03 - [MESSAGE][INFO] - Finding web element from Test Object's properties

2021-11-19 17:09:03 - [MESSAGE][INFO] - Checking timeout

2021-11-19 17:09:03 - [MESSAGE][INFO] - Finding web element with id: 'Object Repository/Popup/Popup' located by 'By.cssSelector: .bootbox-body' in '30' second(s)

2021-11-19 17:09:03 - [MESSAGE][INFO] - Smart Wait Function is triggered

2021-11-19 17:09:04 - [MESSAGE][INFO] - Found 1 web elements with id: 'Object Repository/Popup/Popup' located by 'By.cssSelector: .bootbox-body' in '30' second(s)

2021-11-19 17:09:04 - [MESSAGE][INFO] - Getting text of object 'Object Repository/Popup/Popup'

2021-11-19 17:09:04 - [MESSAGE][PASSED] - Text of object 'Object Repository/Popup/Popup' is: 'Oluşturulacak fatura numarası : YIG2021000000493 Fatura numarası oluşturulduktan sonra fatura silinemez. Fatura numarası, tarihi ve ön eki değiştirilemez. Devam etmek istiyor musunuz?'

2021-11-19 17:09:04 - [TEST_STEP][PASSED] - Console.println(RaporNo): null

2021-11-19 17:09:04 - [MESSAGE][PASSED] - Call Test Case 'Test Cases/Popup/PopupMesajiIceriyorMu' successfully

2021-11-19 17:09:04 - [MESSAGE][INFO] - Checking called Test Case

2021-11-19 17:09:04 - [MESSAGE][INFO] - Starting to call Test Case 'Test Cases/Popup/PopupButonSecilir'

2021-11-19 17:09:04 - [TEST_CASE][PASSED] - Test Cases/Popup/PopupButonSecilir: Test Cases/Popup/PopupButonSecilir

2021-11-19 17:09:04 - [TEST_STEP][PASSED] - Method.TextDegerineEsitElementeTikla(findTestObject("Popup/Popup_Butons"), Buton): Method.TextDegerineEsitElementeTikla is PASSED

2021-11-19 17:09:04 - [MESSAGE][INFO] - Finding Test Object 'Object Repository/Popup/Popup_Butons'

2021-11-19 17:09:04 - [MESSAGE][INFO] - Checking timeout

2021-11-19 17:09:04 - [MESSAGE][INFO] - Finding web element with id: 'Object Repository/Popup/Popup_Butons' located by 'By.cssSelector: .modal-footer>button' in '10' second(s)

2021-11-19 17:09:04 - [MESSAGE][INFO] - Smart Wait Function is triggered

2021-11-19 17:09:04 - [MESSAGE][INFO] - Found 2 web elements with id: 'Object Repository/Popup/Popup_Butons' located by 'By.cssSelector: .modal-footer>button' in '10' second(s)

2021-11-19 17:09:04 - [MESSAGE][PASSED] - Method.TextDegerineEsitElementeTikla is PASSED

2021-11-19 17:09:04 - [MESSAGE][PASSED] - Call Test Case 'Test Cases/Popup/PopupButonSecilir' successfully

2021-11-19 17:09:04 - [MESSAGE][INFO] - Checking called Test Case

2021-11-19 17:09:04 - [MESSAGE][INFO] - Starting to call Test Case 'Test Cases/Popup/PopupMesajiIceriyorMu'

2021-11-19 17:09:04 - [TEST_CASE][PASSED] - Test Cases/Popup/PopupMesajiIceriyorMu: Test Cases/Popup/PopupMesajiIceriyorMu

2021-11-19 17:09:04 - [TEST_STEP][PASSED] - waitForElementVisible(findTestObject("Popup/Popup"), 10): Object 'Object Repository/Popup/Popup' is visible

2021-11-19 17:09:04 - [MESSAGE][INFO] - Finding Test Object 'Object Repository/Popup/Popup'

2021-11-19 17:09:05 - [MESSAGE][INFO] - Checking object

2021-11-19 17:09:05 - [MESSAGE][INFO] - Checking timeout

2021-11-19 17:09:05 - [MESSAGE][INFO] - Finding web element from Test Object's properties

2021-11-19 17:09:05 - [MESSAGE][INFO] - Checking timeout

2021-11-19 17:09:05 - [MESSAGE][INFO] - Finding web element with id: 'Object Repository/Popup/Popup' located by 'By.cssSelector: .bootbox-body' in '10' second(s)

2021-11-19 17:09:05 - [MESSAGE][INFO] - Smart Wait Function is triggered

2021-11-19 17:09:05 - [MESSAGE][INFO] - Found 1 web elements with id: 'Object Repository/Popup/Popup' located by 'By.cssSelector: .bootbox-body' in '10' second(s)

2021-11-19 17:09:05 - [MESSAGE][PASSED] - Object 'Object Repository/Popup/Popup' is visible

2021-11-19 17:09:05 - [TEST_STEP][PASSED] - if (!(getText(findTestObject("Popup/Popup")).contains(Mesaj))): Text of object 'Object Repository/Popup/Popup' is: 'Fatura numaranız YIG2021000000493 olarak oluşmuştur.'

2021-11-19 17:09:05 - [MESSAGE][INFO] - Finding Test Object 'Object Repository/Popup/Popup'

2021-11-19 17:09:05 - [MESSAGE][INFO] - Checking object

2021-11-19 17:09:05 - [MESSAGE][INFO] - Finding web element from Test Object's properties

2021-11-19 17:09:05 - [MESSAGE][INFO] - Checking timeout

2021-11-19 17:09:05 - [MESSAGE][INFO] - Finding web element with id: 'Object Repository/Popup/Popup' located by 'By.cssSelector: .bootbox-body' in '30' second(s)

2021-11-19 17:09:05 - [MESSAGE][INFO] - Smart Wait Function is triggered

2021-11-19 17:09:06 - [MESSAGE][INFO] - Found 1 web elements with id: 'Object Repository/Popup/Popup' located by 'By.cssSelector: .bootbox-body' in '30' second(s)

2021-11-19 17:09:06 - [MESSAGE][INFO] - Getting text of object 'Object Repository/Popup/Popup'

2021-11-19 17:09:06 - [MESSAGE][PASSED] - Text of object 'Object Repository/Popup/Popup' is: 'Fatura numaranız YIG2021000000493 olarak oluşmuştur.'

2021-11-19 17:09:06 - [TEST_STEP][PASSED] - RaporNo = getText(findTestObject("Popup/Popup")).substring(0, 6): Text of object 'Object Repository/Popup/Popup' is: 'Fatura numaranız YIG2021000000493 olarak oluşmuştur.'

2021-11-19 17:09:06 - [MESSAGE][INFO] - Finding Test Object 'Object Repository/Popup/Popup'

2021-11-19 17:09:06 - [MESSAGE][INFO] - Checking object

2021-11-19 17:09:06 - [MESSAGE][INFO] - Finding web element from Test Object's properties

2021-11-19 17:09:06 - [MESSAGE][INFO] - Checking timeout

2021-11-19 17:09:06 - [MESSAGE][INFO] - Finding web element with id: 'Object Repository/Popup/Popup' located by 'By.cssSelector: .bootbox-body' in '30' second(s)

2021-11-19 17:09:06 - [MESSAGE][INFO] - Smart Wait Function is triggered

2021-11-19 17:09:06 - [MESSAGE][INFO] - Found 1 web elements with id: 'Object Repository/Popup/Popup' located by 'By.cssSelector: .bootbox-body' in '30' second(s)

2021-11-19 17:09:06 - [MESSAGE][INFO] - Getting text of object 'Object Repository/Popup/Popup'

2021-11-19 17:09:06 - [MESSAGE][PASSED] - Text of object 'Object Repository/Popup/Popup' is: 'Fatura numaranız YIG2021000000493 olarak oluşmuştur.'

2021-11-19 17:09:06 - [TEST_STEP][PASSED] - Console.println(RaporNo): null

2021-11-19 17:09:06 - [MESSAGE][PASSED] - Call Test Case 'Test Cases/Popup/PopupMesajiIceriyorMu' successfully

2021-11-19 17:09:06 - [MESSAGE][INFO] - Checking called Test Case

2021-11-19 17:09:06 - [MESSAGE][INFO] - Starting to call Test Case 'Test Cases/Popup/PopupButonSecilir'

2021-11-19 17:09:06 - [TEST_CASE][PASSED] - Test Cases/Popup/PopupButonSecilir: Test Cases/Popup/PopupButonSecilir

2021-11-19 17:09:06 - [TEST_STEP][PASSED] - Method.TextDegerineEsitElementeTikla(findTestObject("Popup/Popup_Butons"), Buton): Method.TextDegerineEsitElementeTikla is PASSED

2021-11-19 17:09:06 - [MESSAGE][INFO] - Finding Test Object 'Object Repository/Popup/Popup_Butons'

2021-11-19 17:09:06 - [MESSAGE][INFO] - Checking timeout

2021-11-19 17:09:06 - [MESSAGE][INFO] - Finding web element with id: 'Object Repository/Popup/Popup_Butons' located by 'By.cssSelector: .modal-footer>button' in '10' second(s)

2021-11-19 17:09:06 - [MESSAGE][INFO] - Smart Wait Function is triggered

2021-11-19 17:09:06 - [MESSAGE][INFO] - Found 1 web elements with id: 'Object Repository/Popup/Popup_Butons' located by 'By.cssSelector: .modal-footer>button' in '10' second(s)

2021-11-19 17:09:07 - [MESSAGE][PASSED] - Method.TextDegerineEsitElementeTikla is PASSED

2021-11-19 17:09:07 - [MESSAGE][PASSED] - Call Test Case 'Test Cases/Popup/PopupButonSecilir' successfully

2021-11-19 17:09:07 - [MESSAGE][INFO] - Checking called Test Case

2021-11-19 17:09:07 - [MESSAGE][INFO] - Starting to call Test Case 'Test Cases/Tablo/TablodanEttnliVeriSec'

2021-11-19 17:09:07 - [TEST_CASE][PASSED] - Test Cases/Tablo/TablodanEttnliVeriSec: Test Cases/Tablo/TablodanEttnliVeriSec

2021-11-19 17:09:07 - [TEST_STEP][PASSED] - Method.TextDegerineEsitElementinAltindakineTikla(findTestObject("Tablo/Veriler"), findTestObject("Tablo/VerininCheckBoxi"), ettn): Method.TextDegerineEsitElementinAltindakineTikla is PASSED

2021-11-19 17:09:07 - [MESSAGE][INFO] - Finding Test Object 'Object Repository/Tablo/Veriler'

2021-11-19 17:09:07 - [MESSAGE][INFO] - Finding Test Object 'Object Repository/Tablo/VerininCheckBoxi'

2021-11-19 17:09:07 - [MESSAGE][INFO] - Checking timeout

2021-11-19 17:09:07 - [MESSAGE][INFO] - Finding web element with id: 'Object Repository/Tablo/Veriler' located by 'By.cssSelector: td.dxgv b ,td.dxgv' in '10' second(s)

2021-11-19 17:09:07 - [MESSAGE][INFO] - Smart Wait Function is triggered

2021-11-19 17:09:07 - [MESSAGE][INFO] - Found 112 web elements with id: 'Object Repository/Tablo/Veriler' located by 'By.cssSelector: td.dxgv b ,td.dxgv' in '10' second(s)

2021-11-19 17:09:08 - [MESSAGE][INFO] - Smart Wait Function is triggered

2021-11-19 17:09:08 - [MESSAGE][PASSED] - Method.TextDegerineEsitElementinAltindakineTikla is PASSED

2021-11-19 17:09:08 - [MESSAGE][PASSED] - Call Test Case 'Test Cases/Tablo/TablodanEttnliVeriSec' successfully

2021-11-19 17:09:08 - [MESSAGE][INFO] - Checking called Test Case

2021-11-19 17:09:08 - [MESSAGE][INFO] - Starting to call Test Case 'Test Cases/Butonlar/ButonaTikla'

2021-11-19 17:09:08 - [TEST_CASE][PASSED] - Test Cases/Butonlar/ButonaTikla: Test Cases/Butonlar/ButonaTikla

2021-11-19 17:09:08 - [TEST_STEP][PASSED] - Method.TextDegerineEsitElementeTiklaEquals(findTestObject("Butonlar/Butonlar"), Buton_Adi): Method.TextDegerineEsitElementeTiklaEquals is PASSED

2021-11-19 17:09:08 - [MESSAGE][INFO] - Finding Test Object 'Object Repository/Butonlar/Butonlar'

2021-11-19 17:09:08 - [MESSAGE][INFO] - Checking timeout

2021-11-19 17:09:08 - [MESSAGE][INFO] - Finding web element with id: 'Object Repository/Butonlar/Butonlar' located by 'By.cssSelector: .panel.panel-default.text-center.footerPanel .btn,.btn.btn-primary.btnControls' in '10' second(s)

2021-11-19 17:09:08 - [MESSAGE][INFO] - Smart Wait Function is triggered

2021-11-19 17:09:08 - [MESSAGE][INFO] - Found 9 web elements with id: 'Object Repository/Butonlar/Butonlar' located by 'By.cssSelector: .panel.panel-default.text-center.footerPanel .btn,.btn.btn-primary.btnControls' in '10' second(s)

2021-11-19 17:09:09 - [MESSAGE][PASSED] - Method.TextDegerineEsitElementeTiklaEquals is PASSED

2021-11-19 17:09:09 - [MESSAGE][PASSED] - Call Test Case 'Test Cases/Butonlar/ButonaTikla' successfully

2021-11-19 17:09:09 - [MESSAGE][INFO] - Checking called Test Case

2021-11-19 17:09:09 - [MESSAGE][INFO] - Starting to call Test Case 'Test Cases/Popup/PopupMesajiIceriyorMu'

2021-11-19 17:09:09 - [TEST_CASE][PASSED] - Test Cases/Popup/PopupMesajiIceriyorMu: Test Cases/Popup/PopupMesajiIceriyorMu

2021-11-19 17:09:09 - [TEST_STEP][PASSED] - waitForElementVisible(findTestObject("Popup/Popup"), 10): Object 'Object Repository/Popup/Popup' is visible

2021-11-19 17:09:09 - [MESSAGE][INFO] - Finding Test Object 'Object Repository/Popup/Popup'

2021-11-19 17:09:09 - [MESSAGE][INFO] - Checking object

2021-11-19 17:09:09 - [MESSAGE][INFO] - Checking timeout

2021-11-19 17:09:09 - [MESSAGE][INFO] - Finding web element from Test Object's properties

2021-11-19 17:09:09 - [MESSAGE][INFO] - Checking timeout

2021-11-19 17:09:09 - [MESSAGE][INFO] - Finding web element with id: 'Object Repository/Popup/Popup' located by 'By.cssSelector: .bootbox-body' in '10' second(s)

2021-11-19 17:09:09 - [MESSAGE][INFO] - Smart Wait Function is triggered

2021-11-19 17:09:09 - [MESSAGE][INFO] - Found 1 web elements with id: 'Object Repository/Popup/Popup' located by 'By.cssSelector: .bootbox-body' in '10' second(s)

2021-11-19 17:09:09 - [MESSAGE][PASSED] - Object 'Object Repository/Popup/Popup' is visible

2021-11-19 17:09:09 - [TEST_STEP][PASSED] - if (!(getText(findTestObject("Popup/Popup")).contains(Mesaj))): Text of object 'Object Repository/Popup/Popup' is: 'Seçilen faturalarınız onaylanacaktır. Onaylanan faturalar üzerinde değişiklik yapılamaz. Devam etmek istiyor musunuz?'

2021-11-19 17:09:09 - [MESSAGE][INFO] - Finding Test Object 'Object Repository/Popup/Popup'

2021-11-19 17:09:09 - [MESSAGE][INFO] - Checking object

2021-11-19 17:09:09 - [MESSAGE][INFO] - Finding web element from Test Object's properties

2021-11-19 17:09:09 - [MESSAGE][INFO] - Checking timeout

2021-11-19 17:09:09 - [MESSAGE][INFO] - Finding web element with id: 'Object Repository/Popup/Popup' located by 'By.cssSelector: .bootbox-body' in '30' second(s)

2021-11-19 17:09:09 - [MESSAGE][INFO] - Smart Wait Function is triggered

2021-11-19 17:09:10 - [MESSAGE][INFO] - Found 1 web elements with id: 'Object Repository/Popup/Popup' located by 'By.cssSelector: .bootbox-body' in '30' second(s)

2021-11-19 17:09:10 - [MESSAGE][INFO] - Getting text of object 'Object Repository/Popup/Popup'

2021-11-19 17:09:10 - [MESSAGE][PASSED] - Text of object 'Object Repository/Popup/Popup' is: 'Seçilen faturalarınız onaylanacaktır. Onaylanan faturalar üzerinde değişiklik yapılamaz. Devam etmek istiyor musunuz?'

2021-11-19 17:09:10 - [TEST_STEP][PASSED] - RaporNo = getText(findTestObject("Popup/Popup")).substring(0, 6): Text of object 'Object Repository/Popup/Popup' is: 'Seçilen faturalarınız onaylanacaktır. Onaylanan faturalar üzerinde değişiklik yapılamaz. Devam etmek istiyor musunuz?'

2021-11-19 17:09:10 - [MESSAGE][INFO] - Finding Test Object 'Object Repository/Popup/Popup'

2021-11-19 17:09:10 - [MESSAGE][INFO] - Checking object

2021-11-19 17:09:10 - [MESSAGE][INFO] - Finding web element from Test Object's properties

2021-11-19 17:09:10 - [MESSAGE][INFO] - Checking timeout

2021-11-19 17:09:10 - [MESSAGE][INFO] - Finding web element with id: 'Object Repository/Popup/Popup' located by 'By.cssSelector: .bootbox-body' in '30' second(s)

2021-11-19 17:09:10 - [MESSAGE][INFO] - Smart Wait Function is triggered

2021-11-19 17:09:10 - [MESSAGE][INFO] - Found 1 web elements with id: 'Object Repository/Popup/Popup' located by 'By.cssSelector: .bootbox-body' in '30' second(s)

2021-11-19 17:09:10 - [MESSAGE][INFO] - Getting text of object 'Object Repository/Popup/Popup'

2021-11-19 17:09:10 - [MESSAGE][PASSED] - Text of object 'Object Repository/Popup/Popup' is: 'Seçilen faturalarınız onaylanacaktır. Onaylanan faturalar üzerinde değişiklik yapılamaz. Devam etmek istiyor musunuz?'

2021-11-19 17:09:10 - [TEST_STEP][PASSED] - Console.println(RaporNo): null

2021-11-19 17:09:10 - [MESSAGE][PASSED] - Call Test Case 'Test Cases/Popup/PopupMesajiIceriyorMu' successfully

2021-11-19 17:09:10 - [MESSAGE][INFO] - Checking called Test Case

2021-11-19 17:09:10 - [MESSAGE][INFO] - Starting to call Test Case 'Test Cases/Popup/PopupButonSecilir'

2021-11-19 17:09:10 - [TEST_CASE][PASSED] - Test Cases/Popup/PopupButonSecilir: Test Cases/Popup/PopupButonSecilir

2021-11-19 17:09:10 - [TEST_STEP][PASSED] - Method.TextDegerineEsitElementeTikla(findTestObject("Popup/Popup_Butons"), Buton): Method.TextDegerineEsitElementeTikla is PASSED

2021-11-19 17:09:10 - [MESSAGE][INFO] - Finding Test Object 'Object Repository/Popup/Popup_Butons'

2021-11-19 17:09:10 - [MESSAGE][INFO] - Checking timeout

2021-11-19 17:09:10 - [MESSAGE][INFO] - Finding web element with id: 'Object Repository/Popup/Popup_Butons' located by 'By.cssSelector: .modal-footer>button' in '10' second(s)

2021-11-19 17:09:10 - [MESSAGE][INFO] - Smart Wait Function is triggered

2021-11-19 17:09:11 - [MESSAGE][INFO] - Found 2 web elements with id: 'Object Repository/Popup/Popup_Butons' located by 'By.cssSelector: .modal-footer>button' in '10' second(s)

2021-11-19 17:09:11 - [MESSAGE][PASSED] - Method.TextDegerineEsitElementeTikla is PASSED

2021-11-19 17:09:11 - [MESSAGE][PASSED] - Call Test Case 'Test Cases/Popup/PopupButonSecilir' successfully

2021-11-19 17:09:11 - [MESSAGE][INFO] - Checking called Test Case

2021-11-19 17:09:11 - [MESSAGE][INFO] - Starting to call Test Case 'Test Cases/Menu/AnaMenuSecimi'

2021-11-19 17:09:11 - [TEST_CASE][PASSED] - Test Cases/Menu/AnaMenuSecimi: Test Cases/Menu/AnaMenuSecimi

2021-11-19 17:09:11 - [TEST_STEP][PASSED] - Method.TextDegerineEsitElementeTikla(findTestObject("Menu/Ana_Menu"), Ana_Menu): Method.TextDegerineEsitElementeTikla is PASSED

2021-11-19 17:09:11 - [MESSAGE][INFO] - Finding Test Object 'Object Repository/Menu/Ana_Menu'

2021-11-19 17:09:11 - [MESSAGE][INFO] - Checking timeout

2021-11-19 17:09:11 - [MESSAGE][INFO] - Finding web element with id: 'Object Repository/Menu/Ana_Menu' located by 'By.xpath: //*[@class = 'dropdown-toggle']' in '10' second(s)

2021-11-19 17:09:11 - [MESSAGE][INFO] - Smart Wait Function is triggered

2021-11-19 17:09:12 - [MESSAGE][INFO] - Found 13 web elements with id: 'Object Repository/Menu/Ana_Menu' located by 'By.xpath: //*[@class = 'dropdown-toggle']' in '10' second(s)

2021-11-19 17:09:12 - [MESSAGE][PASSED] - Method.TextDegerineEsitElementeTikla is PASSED

2021-11-19 17:09:12 - [MESSAGE][PASSED] - Call Test Case 'Test Cases/Menu/AnaMenuSecimi' successfully

2021-11-19 17:09:12 - [MESSAGE][INFO] - Checking called Test Case

2021-11-19 17:09:12 - [MESSAGE][INFO] - Starting to call Test Case 'Test Cases/Menu/BasligaGoreAltMenuSecimi'

2021-11-19 17:09:12 - [TEST_CASE][PASSED] - Test Cases/Menu/BasligaGoreAltMenuSecimi: Test Cases/Menu/BasligaGoreAltMenuSecimi

2021-11-19 17:09:12 - [TEST_STEP][PASSED] - Method.TextDegerineEsitElementinAltindakiTextDegerineEsitOlanaTikla(findTestObject("Menu/Menu_Basligi"), findTestObject("Menu/Basliga_Gore_Alt_Menu"), Baslik, Alt_Menu): Method.TextDegerineEsitElementinAltindakiTextDegerineEsitOlanaTikla is PASSED

2021-11-19 17:09:12 - [MESSAGE][INFO] - Finding Test Object 'Object Repository/Menu/Menu_Basligi'

2021-11-19 17:09:12 - [MESSAGE][INFO] - Finding Test Object 'Object Repository/Menu/Basliga_Gore_Alt_Menu'

2021-11-19 17:09:12 - [MESSAGE][INFO] - Checking timeout

2021-11-19 17:09:12 - [MESSAGE][INFO] - Finding web element with id: 'Object Repository/Menu/Menu_Basligi' located by 'By.xpath: //li[@class='dropdown dropdown-large open']//li[@class='dropdown-header']' in '10' second(s)

2021-11-19 17:09:12 - [MESSAGE][INFO] - Smart Wait Function is triggered

2021-11-19 17:09:13 - [MESSAGE][INFO] - Found 2 web elements with id: 'Object Repository/Menu/Menu_Basligi' located by 'By.xpath: //li[@class='dropdown dropdown-large open']//li[@class='dropdown-header']' in '10' second(s)

2021-11-19 17:09:13 - [MESSAGE][INFO] - Smart Wait Function is triggered

2021-11-19 17:09:14 - [MESSAGE][PASSED] - Method.TextDegerineEsitElementinAltindakiTextDegerineEsitOlanaTikla is PASSED

2021-11-19 17:09:14 - [MESSAGE][PASSED] - Call Test Case 'Test Cases/Menu/BasligaGoreAltMenuSecimi' successfully

2021-11-19 17:09:14 - [MESSAGE][INFO] - Checking called Test Case

2021-11-19 17:09:14 - [MESSAGE][INFO] - Starting to call Test Case 'Test Cases/Filtreler/EttnYaz'

2021-11-19 17:09:14 - [TEST_CASE][PASSED] - Test Cases/Filtreler/EttnYaz: Test Cases/Filtreler/EttnYaz

2021-11-19 17:09:14 - [TEST_STEP][PASSED] - Method.TextDegerineEsitElementinAltindakiTextboxtaYaz(findTestObject("Filtreler/Basliklar"), findTestObject("Filtreler/Basliga_Gore_Textbox"), "ETTN", ettn): Method.TextDegerineEsitElementinAltindakiTextboxtaYaz is PASSED

2021-11-19 17:09:14 - [MESSAGE][INFO] - Finding Test Object 'Object Repository/Filtreler/Basliklar'

2021-11-19 17:09:14 - [MESSAGE][INFO] - Finding Test Object 'Object Repository/Filtreler/Basliga_Gore_Textbox'

2021-11-19 17:09:14 - [MESSAGE][INFO] - Checking timeout

2021-11-19 17:09:14 - [MESSAGE][INFO] - Finding web element with id: 'Object Repository/Filtreler/Basliklar' located by 'By.cssSelector: .control-label.col-sm-4.paddingMarginRLC' in '10' second(s)

2021-11-19 17:09:14 - [MESSAGE][INFO] - Smart Wait Function is triggered

2021-11-19 17:09:14 - [MESSAGE][INFO] - Found 19 web elements with id: 'Object Repository/Filtreler/Basliklar' located by 'By.cssSelector: .control-label.col-sm-4.paddingMarginRLC' in '10' second(s)

2021-11-19 17:09:14 - [MESSAGE][INFO] - Smart Wait Function is triggered

2021-11-19 17:09:15 - [MESSAGE][PASSED] - Method.TextDegerineEsitElementinAltindakiTextboxtaYaz is PASSED

2021-11-19 17:09:15 - [MESSAGE][PASSED] - Call Test Case 'Test Cases/Filtreler/EttnYaz' successfully

2021-11-19 17:09:15 - [MESSAGE][INFO] - Checking called Test Case

2021-11-19 17:09:15 - [MESSAGE][INFO] - Starting to call Test Case 'Test Cases/Filtreler/ButonaTikla'

2021-11-19 17:09:15 - [TEST_CASE][PASSED] - Test Cases/Filtreler/ButonaTikla: Test Cases/Filtreler/ButonaTikla

2021-11-19 17:09:15 - [TEST_STEP][PASSED] - Method.TextDegerineEsitElementeTikla(findTestObject("Filtreler/Butonlar"), Filtre_Buton): Method.TextDegerineEsitElementeTikla is PASSED

2021-11-19 17:09:15 - [MESSAGE][INFO] - Finding Test Object 'Object Repository/Filtreler/Butonlar'

2021-11-19 17:09:15 - [MESSAGE][INFO] - Checking timeout

2021-11-19 17:09:15 - [MESSAGE][INFO] - Finding web element with id: 'Object Repository/Filtreler/Butonlar' located by 'By.cssSelector: .dxb>span' in '10' second(s)

2021-11-19 17:09:15 - [MESSAGE][INFO] - Smart Wait Function is triggered

2021-11-19 17:09:15 - [MESSAGE][INFO] - Found 3 web elements with id: 'Object Repository/Filtreler/Butonlar' located by 'By.cssSelector: .dxb>span' in '10' second(s)

2021-11-19 17:09:15 - [MESSAGE][PASSED] - Method.TextDegerineEsitElementeTikla is PASSED

2021-11-19 17:09:15 - [MESSAGE][PASSED] - Call Test Case 'Test Cases/Filtreler/ButonaTikla' successfully

2021-11-19 17:09:15 - [MESSAGE][INFO] - Checking called Test Case

2021-11-19 17:09:15 - [MESSAGE][INFO] - Starting to call Test Case 'Test Cases/Tablo/TablodaVeriVarMi'

2021-11-19 17:09:15 - [TEST_CASE][PASSED] - Test Cases/Tablo/TablodaVeriVarMi: Test Cases/Tablo/TablodaVeriVarMi

2021-11-19 17:09:15 - [TEST_STEP][PASSED] - verifyTextNotPresent("Görüntülenecek veri yok", true): Text 'Görüntülenecek veri yok' is not present on page using regular expression

2021-11-19 17:09:15 - [MESSAGE][INFO] - Checking text present  using regular expression

2021-11-19 17:09:15 - [MESSAGE][INFO] - Smart Wait Function is triggered

2021-11-19 17:09:16 - [MESSAGE][INFO] - Finding text 'Görüntülenecek veri yok' on page  using regular expression

2021-11-19 17:09:16 - [MESSAGE][PASSED] - Text 'Görüntülenecek veri yok' is not present on page using regular expression

2021-11-19 17:09:16 - [MESSAGE][PASSED] - Call Test Case 'Test Cases/Tablo/TablodaVeriVarMi' successfully

2021-11-19 17:09:16 - [MESSAGE][INFO] - Checking called Test Case

2021-11-19 17:09:16 - [MESSAGE][INFO] - Starting to call Test Case 'Test Cases/Tablo/TablodaVeriBasariliMiArsiv'

2021-11-19 17:09:16 - [TEST_CASE][PASSED] - Test Cases/Tablo/TablodaVeriBasariliMiArsiv: Test Cases/Tablo/TablodaVeriBasariliMiArsiv

2021-11-19 17:09:16 - [TEST_STEP][PASSED] - sayac = 80: null

2021-11-19 17:09:16 - [TEST_STEP][PASSED] - while (verifyElementText(findTestObject("Object Repository/Tablo/DurumBilgisiArsiv"), "Henüz Sonuçlanmadı", OPTIONAL)): Actual text 'Başarılı' and expected text 'Henüz Sonuçlanmadı' of test object 'Object Repository/Tablo/DurumBilgisiArsiv' are NOT matched. (Root cause: com.kms.katalon.core.exception.StepFailedException: Actual text 'Başarılı' and expected text 'Henüz Sonuçlanmadı' of test object 'Object Repository/Tablo/DurumBilgisiArsiv' are NOT matched.
	at com.kms.katalon.core.webui.keyword.internal.WebUIKeywordMain.stepFailed(WebUIKeywordMain.groovy:64)
	at com.kms.katalon.core.webui.keyword.builtin.VerifyElementTextKeyword$_verifyElementText_closure1.doCall(VerifyElementTextKeyword.groovy:57)
	at com.kms.katalon.core.webui.keyword.builtin.VerifyElementTextKeyword$_verifyElementText_closure1.call(VerifyElementTextKeyword.groovy)
	at com.kms.katalon.core.webui.keyword.internal.WebUIKeywordMain.runKeyword(WebUIKeywordMain.groovy:20)
	at com.kms.katalon.core.webui.keyword.builtin.VerifyElementTextKeyword.verifyElementText(VerifyElementTextKeyword.groovy:72)
	at com.kms.katalon.core.webui.keyword.builtin.VerifyElementTextKeyword.execute(VerifyElementTextKeyword.groovy:40)
	at com.kms.katalon.core.keyword.internal.KeywordExecutor.executeKeywordForPlatform(KeywordExecutor.groovy:73)
	at com.kms.katalon.core.webui.keyword.WebUiBuiltInKeywords.verifyElementText(WebUiBuiltInKeywords.groovy:4733)
	at com.kms.katalon.core.webui.keyword.WebUiBuiltInKeywords$verifyElementText$20.call(Unknown Source)
	at TablodaVeriBasariliMiArsiv.run(TablodaVeriBasariliMiArsiv:22)
	at com.kms.katalon.core.main.ScriptEngine.run(ScriptEngine.java:194)
	at com.kms.katalon.core.main.ScriptEngine.runScriptAsRawText(ScriptEngine.java:119)
	at com.kms.katalon.core.main.TestCaseExecutor.runScript(TestCaseExecutor.java:369)
	at com.kms.katalon.core.main.TestCaseExecutor.doExecute(TestCaseExecutor.java:360)
	at com.kms.katalon.core.main.TestCaseExecutor.processExecutionPhase(TestCaseExecutor.java:339)
	at com.kms.katalon.core.main.TestCaseExecutor.accessMainPhase(TestCaseExecutor.java:331)
	at com.kms.katalon.core.main.TestCaseExecutor.execute(TestCaseExecutor.java:248)
	at com.kms.katalon.core.main.TestCaseMain.runTestCase(TestCaseMain.java:138)
	at com.kms.katalon.core.keyword.builtin.CallTestCaseKeyword$_callTestCase_closure1.doCall(CallTestCaseKeyword.groovy:59)
	at com.kms.katalon.core.keyword.builtin.CallTestCaseKeyword$_callTestCase_closure1.call(CallTestCaseKeyword.groovy)
	at com.kms.katalon.core.keyword.internal.KeywordMain.runKeyword(KeywordMain.groovy:68)
	at com.kms.katalon.core.keyword.builtin.CallTestCaseKeyword.callTestCase(CallTestCaseKeyword.groovy:81)
	at com.kms.katalon.core.keyword.builtin.CallTestCaseKeyword.execute(CallTestCaseKeyword.groovy:44)
	at com.kms.katalon.core.keyword.internal.KeywordExecutor.executeKeywordForPlatform(KeywordExecutor.groovy:73)
	at com.kms.katalon.core.keyword.BuiltinKeywords.callTestCase(BuiltinKeywords.groovy:334)
	at tablo.tablo.tablodaVeriBasariliMiArsiv(tablo.groovy:95)
	at cucumber.runtime.Utils$1.call(Utils.java:26)
	at cucumber.runtime.Timeout.timeout(Timeout.java:16)
	at cucumber.runtime.Utils.invoke(Utils.java:20)
	at cucumber.runtime.java.JavaStepDefinition.execute(JavaStepDefinition.java:49)
	at cucumber.runner.PickleStepDefinitionMatch.runStep(PickleStepDefinitionMatch.java:50)
	at cucumber.runner.TestStep.executeStep(TestStep.java:63)
	at cucumber.runner.TestStep.run(TestStep.java:49)
	at cucumber.runner.PickleStepTestStep.run(PickleStepTestStep.java:43)
	at cucumber.runner.TestCase.run(TestCase.java:44)
	at cucumber.runner.Runner.runPickle(Runner.java:40)
	at cucumber.runtime.Runtime$1.run(Runtime.java:84)
	at cucumber.runtime.Runtime$SameThreadExecutorService.execute(Runtime.java:220)
	at cucumber.runtime.Runtime.run(Runtime.java:81)
	at cucumber.api.cli.Main.run(Main.java:26)
	at cucumber.api.cli.Main$run.call(Unknown Source)
	at com.kms.katalon.core.cucumber.keyword.CucumberBuiltinKeywords$_runFeatureFile_closure1.doCall(CucumberBuiltinKeywords.groovy:106)
	at com.kms.katalon.core.cucumber.keyword.CucumberBuiltinKeywords$_runFeatureFile_closure1.doCall(CucumberBuiltinKeywords.groovy)
	at com.kms.katalon.core.keyword.internal.KeywordMain.runKeyword(KeywordMain.groovy:68)
	at com.kms.katalon.core.keyword.internal.KeywordMain$runKeyword.call(Unknown Source)
	at com.kms.katalon.core.cucumber.keyword.CucumberBuiltinKeywords.runFeatureFile(CucumberBuiltinKeywords.groovy:73)
	at com.kms.katalon.core.cucumber.keyword.CucumberBuiltinKeywords$runFeatureFile$0.callStatic(Unknown Source)
	at com.kms.katalon.core.cucumber.keyword.CucumberBuiltinKeywords.runFeatureFile(CucumberBuiltinKeywords.groovy:246)
	at com.kms.katalon.core.cucumber.keyword.CucumberBuiltinKeywords$runFeatureFile.call(Unknown Source)
	at VKN-Kagit-Hal Satis.run(VKN-Kagit-Hal Satis:19)
	at com.kms.katalon.core.main.ScriptEngine.run(ScriptEngine.java:194)
	at com.kms.katalon.core.main.ScriptEngine.runScriptAsRawText(ScriptEngine.java:119)
	at com.kms.katalon.core.main.TestCaseExecutor.runScript(TestCaseExecutor.java:369)
	at com.kms.katalon.core.main.TestCaseExecutor.doExecute(TestCaseExecutor.java:360)
	at com.kms.katalon.core.main.TestCaseExecutor.processExecutionPhase(TestCaseExecutor.java:339)
	at com.kms.katalon.core.main.TestCaseExecutor.accessMainPhase(TestCaseExecutor.java:331)
	at com.kms.katalon.core.main.TestCaseExecutor.execute(TestCaseExecutor.java:248)
	at com.kms.katalon.core.main.TestSuiteExecutor.accessTestCaseMainPhase(TestSuiteExecutor.java:191)
	at com.kms.katalon.core.main.TestSuiteExecutor.accessTestSuiteMainPhase(TestSuiteExecutor.java:140)
	at com.kms.katalon.core.main.TestSuiteExecutor.execute(TestSuiteExecutor.java:89)
	at com.kms.katalon.core.main.TestCaseMain.startTestSuite(TestCaseMain.java:181)
	at com.kms.katalon.core.main.TestCaseMain$startTestSuite$0.call(Unknown Source)
	at TempTestSuite1637329560940.run(TempTestSuite1637329560940.groovy:39)
)

2021-11-19 17:09:16 - [MESSAGE][INFO] - Finding Test Object 'Object Repository/Tablo/DurumBilgisiArsiv'

2021-11-19 17:09:16 - [MESSAGE][INFO] - Checking object

2021-11-19 17:09:16 - [MESSAGE][INFO] - Finding web element from Test Object's properties

2021-11-19 17:09:16 - [MESSAGE][INFO] - Checking timeout

2021-11-19 17:09:16 - [MESSAGE][INFO] - Finding web element with id: 'Object Repository/Tablo/DurumBilgisiArsiv' located by 'By.xpath: //*[@id = 'GridViewEArchiveInvoices_tccell0_9']' in '30' second(s)

2021-11-19 17:09:16 - [MESSAGE][INFO] - Smart Wait Function is triggered

2021-11-19 17:09:16 - [MESSAGE][INFO] - Found 1 web elements with id: 'Object Repository/Tablo/DurumBilgisiArsiv' located by 'By.xpath: //*[@id = 'GridViewEArchiveInvoices_tccell0_9']' in '30' second(s)

2021-11-19 17:09:16 - [MESSAGE][WARNING] - Actual text 'Başarılı' and expected text 'Henüz Sonuçlanmadı' of test object 'Object Repository/Tablo/DurumBilgisiArsiv' are NOT matched. (Root cause: com.kms.katalon.core.exception.StepFailedException: Actual text 'Başarılı' and expected text 'Henüz Sonuçlanmadı' of test object 'Object Repository/Tablo/DurumBilgisiArsiv' are NOT matched.
	at com.kms.katalon.core.webui.keyword.internal.WebUIKeywordMain.stepFailed(WebUIKeywordMain.groovy:64)
	at com.kms.katalon.core.webui.keyword.builtin.VerifyElementTextKeyword$_verifyElementText_closure1.doCall(VerifyElementTextKeyword.groovy:57)
	at com.kms.katalon.core.webui.keyword.builtin.VerifyElementTextKeyword$_verifyElementText_closure1.call(VerifyElementTextKeyword.groovy)
	at com.kms.katalon.core.webui.keyword.internal.WebUIKeywordMain.runKeyword(WebUIKeywordMain.groovy:20)
	at com.kms.katalon.core.webui.keyword.builtin.VerifyElementTextKeyword.verifyElementText(VerifyElementTextKeyword.groovy:72)
	at com.kms.katalon.core.webui.keyword.builtin.VerifyElementTextKeyword.execute(VerifyElementTextKeyword.groovy:40)
	at com.kms.katalon.core.keyword.internal.KeywordExecutor.executeKeywordForPlatform(KeywordExecutor.groovy:73)
	at com.kms.katalon.core.webui.keyword.WebUiBuiltInKeywords.verifyElementText(WebUiBuiltInKeywords.groovy:4733)
	at com.kms.katalon.core.webui.keyword.WebUiBuiltInKeywords$verifyElementText$20.call(Unknown Source)
	at TablodaVeriBasariliMiArsiv.run(TablodaVeriBasariliMiArsiv:22)
	at com.kms.katalon.core.main.ScriptEngine.run(ScriptEngine.java:194)
	at com.kms.katalon.core.main.ScriptEngine.runScriptAsRawText(ScriptEngine.java:119)
	at com.kms.katalon.core.main.TestCaseExecutor.runScript(TestCaseExecutor.java:369)
	at com.kms.katalon.core.main.TestCaseExecutor.doExecute(TestCaseExecutor.java:360)
	at com.kms.katalon.core.main.TestCaseExecutor.processExecutionPhase(TestCaseExecutor.java:339)
	at com.kms.katalon.core.main.TestCaseExecutor.accessMainPhase(TestCaseExecutor.java:331)
	at com.kms.katalon.core.main.TestCaseExecutor.execute(TestCaseExecutor.java:248)
	at com.kms.katalon.core.main.TestCaseMain.runTestCase(TestCaseMain.java:138)
	at com.kms.katalon.core.keyword.builtin.CallTestCaseKeyword$_callTestCase_closure1.doCall(CallTestCaseKeyword.groovy:59)
	at com.kms.katalon.core.keyword.builtin.CallTestCaseKeyword$_callTestCase_closure1.call(CallTestCaseKeyword.groovy)
	at com.kms.katalon.core.keyword.internal.KeywordMain.runKeyword(KeywordMain.groovy:68)
	at com.kms.katalon.core.keyword.builtin.CallTestCaseKeyword.callTestCase(CallTestCaseKeyword.groovy:81)
	at com.kms.katalon.core.keyword.builtin.CallTestCaseKeyword.execute(CallTestCaseKeyword.groovy:44)
	at com.kms.katalon.core.keyword.internal.KeywordExecutor.executeKeywordForPlatform(KeywordExecutor.groovy:73)
	at com.kms.katalon.core.keyword.BuiltinKeywords.callTestCase(BuiltinKeywords.groovy:334)
	at tablo.tablo.tablodaVeriBasariliMiArsiv(tablo.groovy:95)
	at cucumber.runtime.Utils$1.call(Utils.java:26)
	at cucumber.runtime.Timeout.timeout(Timeout.java:16)
	at cucumber.runtime.Utils.invoke(Utils.java:20)
	at cucumber.runtime.java.JavaStepDefinition.execute(JavaStepDefinition.java:49)
	at cucumber.runner.PickleStepDefinitionMatch.runStep(PickleStepDefinitionMatch.java:50)
	at cucumber.runner.TestStep.executeStep(TestStep.java:63)
	at cucumber.runner.TestStep.run(TestStep.java:49)
	at cucumber.runner.PickleStepTestStep.run(PickleStepTestStep.java:43)
	at cucumber.runner.TestCase.run(TestCase.java:44)
	at cucumber.runner.Runner.runPickle(Runner.java:40)
	at cucumber.runtime.Runtime$1.run(Runtime.java:84)
	at cucumber.runtime.Runtime$SameThreadExecutorService.execute(Runtime.java:220)
	at cucumber.runtime.Runtime.run(Runtime.java:81)
	at cucumber.api.cli.Main.run(Main.java:26)
	at cucumber.api.cli.Main$run.call(Unknown Source)
	at com.kms.katalon.core.cucumber.keyword.CucumberBuiltinKeywords$_runFeatureFile_closure1.doCall(CucumberBuiltinKeywords.groovy:106)
	at com.kms.katalon.core.cucumber.keyword.CucumberBuiltinKeywords$_runFeatureFile_closure1.doCall(CucumberBuiltinKeywords.groovy)
	at com.kms.katalon.core.keyword.internal.KeywordMain.runKeyword(KeywordMain.groovy:68)
	at com.kms.katalon.core.keyword.internal.KeywordMain$runKeyword.call(Unknown Source)
	at com.kms.katalon.core.cucumber.keyword.CucumberBuiltinKeywords.runFeatureFile(CucumberBuiltinKeywords.groovy:73)
	at com.kms.katalon.core.cucumber.keyword.CucumberBuiltinKeywords$runFeatureFile$0.callStatic(Unknown Source)
	at com.kms.katalon.core.cucumber.keyword.CucumberBuiltinKeywords.runFeatureFile(CucumberBuiltinKeywords.groovy:246)
	at com.kms.katalon.core.cucumber.keyword.CucumberBuiltinKeywords$runFeatureFile.call(Unknown Source)
	at VKN-Kagit-Hal Satis.run(VKN-Kagit-Hal Satis:19)
	at com.kms.katalon.core.main.ScriptEngine.run(ScriptEngine.java:194)
	at com.kms.katalon.core.main.ScriptEngine.runScriptAsRawText(ScriptEngine.java:119)
	at com.kms.katalon.core.main.TestCaseExecutor.runScript(TestCaseExecutor.java:369)
	at com.kms.katalon.core.main.TestCaseExecutor.doExecute(TestCaseExecutor.java:360)
	at com.kms.katalon.core.main.TestCaseExecutor.processExecutionPhase(TestCaseExecutor.java:339)
	at com.kms.katalon.core.main.TestCaseExecutor.accessMainPhase(TestCaseExecutor.java:331)
	at com.kms.katalon.core.main.TestCaseExecutor.execute(TestCaseExecutor.java:248)
	at com.kms.katalon.core.main.TestSuiteExecutor.accessTestCaseMainPhase(TestSuiteExecutor.java:191)
	at com.kms.katalon.core.main.TestSuiteExecutor.accessTestSuiteMainPhase(TestSuiteExecutor.java:140)
	at com.kms.katalon.core.main.TestSuiteExecutor.execute(TestSuiteExecutor.java:89)
	at com.kms.katalon.core.main.TestCaseMain.startTestSuite(TestCaseMain.java:181)
	at com.kms.katalon.core.main.TestCaseMain$startTestSuite$0.call(Unknown Source)
	at TempTestSuite1637329560940.run(TempTestSuite1637329560940.groovy:39)
)

2021-11-19 17:09:16 - [TEST_STEP][PASSED] - Method.TextDegerineEsitElementVarMi(findTestObject("Object Repository/Tablo/DurumBilgisiArsiv"), "Başarılı"): Method.TextDegerineEsitElementVarMi is PASSED

2021-11-19 17:09:16 - [MESSAGE][INFO] - Finding Test Object 'Object Repository/Tablo/DurumBilgisiArsiv'

2021-11-19 17:09:16 - [MESSAGE][INFO] - Checking timeout

2021-11-19 17:09:16 - [MESSAGE][INFO] - Finding web element with id: 'Object Repository/Tablo/DurumBilgisiArsiv' located by 'By.xpath: //*[@id = 'GridViewEArchiveInvoices_tccell0_9']' in '10' second(s)

2021-11-19 17:09:16 - [MESSAGE][INFO] - Smart Wait Function is triggered

2021-11-19 17:09:17 - [MESSAGE][INFO] - Found 1 web elements with id: 'Object Repository/Tablo/DurumBilgisiArsiv' located by 'By.xpath: //*[@id = 'GridViewEArchiveInvoices_tccell0_9']' in '10' second(s)

2021-11-19 17:09:17 - [MESSAGE][PASSED] - Method.TextDegerineEsitElementVarMi is PASSED

2021-11-19 17:09:17 - [MESSAGE][PASSED] - Call Test Case 'Test Cases/Tablo/TablodaVeriBasariliMiArsiv' successfully

2021-11-19 17:09:17 - [MESSAGE][INFO] - Checking called Test Case

2021-11-19 17:09:17 - [MESSAGE][INFO] - Starting to call Test Case 'Test Cases/Kullanici_Islemleri/KullaniciIslemlerindenSecimYapilir'

2021-11-19 17:09:17 - [TEST_CASE][PASSED] - Test Cases/Kullanici_Islemleri/KullaniciIslemlerindenSecimYapilir: Test Cases/Kullanici_Islemleri/KullaniciIslemlerindenSecimYapilir

2021-11-19 17:09:17 - [TEST_STEP][PASSED] - waitForElementClickable(findTestObject("Object Repository/Kullanici_Islemleri/KullaniciIslemleri"), 10): Object 'Object Repository/Kullanici_Islemleri/KullaniciIslemleri' is clickable

2021-11-19 17:09:17 - [MESSAGE][INFO] - Finding Test Object 'Object Repository/Kullanici_Islemleri/KullaniciIslemleri'

2021-11-19 17:09:17 - [MESSAGE][INFO] - Checking object

2021-11-19 17:09:17 - [MESSAGE][INFO] - Checking timeout

2021-11-19 17:09:17 - [MESSAGE][INFO] - Finding web element from Test Object's properties

2021-11-19 17:09:17 - [MESSAGE][INFO] - Checking timeout

2021-11-19 17:09:17 - [MESSAGE][INFO] - Finding web element with id: 'Object Repository/Kullanici_Islemleri/KullaniciIslemleri' located by 'By.cssSelector: .dropdown>a>img' in '10' second(s)

2021-11-19 17:09:17 - [MESSAGE][INFO] - Smart Wait Function is triggered

2021-11-19 17:09:17 - [MESSAGE][INFO] - Found 1 web elements with id: 'Object Repository/Kullanici_Islemleri/KullaniciIslemleri' located by 'By.cssSelector: .dropdown>a>img' in '10' second(s)

2021-11-19 17:09:17 - [MESSAGE][PASSED] - Object 'Object Repository/Kullanici_Islemleri/KullaniciIslemleri' is clickable

2021-11-19 17:09:17 - [TEST_STEP][PASSED] - click(findTestObject("Object Repository/Kullanici_Islemleri/KullaniciIslemleri")): Object: 'Object Repository/Kullanici_Islemleri/KullaniciIslemleri' is clicked on

2021-11-19 17:09:17 - [MESSAGE][INFO] - Finding Test Object 'Object Repository/Kullanici_Islemleri/KullaniciIslemleri'

2021-11-19 17:09:17 - [MESSAGE][INFO] - Checking object

2021-11-19 17:09:17 - [MESSAGE][INFO] - Finding web element from Test Object's properties

2021-11-19 17:09:17 - [MESSAGE][INFO] - Checking timeout

2021-11-19 17:09:17 - [MESSAGE][INFO] - Finding web element with id: 'Object Repository/Kullanici_Islemleri/KullaniciIslemleri' located by 'By.cssSelector: .dropdown>a>img' in '30' second(s)

2021-11-19 17:09:17 - [MESSAGE][INFO] - Smart Wait Function is triggered

2021-11-19 17:09:18 - [MESSAGE][INFO] - Found 1 web elements with id: 'Object Repository/Kullanici_Islemleri/KullaniciIslemleri' located by 'By.cssSelector: .dropdown>a>img' in '30' second(s)

2021-11-19 17:09:18 - [MESSAGE][INFO] - Clicking on object: 'Object Repository/Kullanici_Islemleri/KullaniciIslemleri'

2021-11-19 17:09:18 - [MESSAGE][PASSED] - Object: 'Object Repository/Kullanici_Islemleri/KullaniciIslemleri' is clicked on

2021-11-19 17:09:18 - [TEST_STEP][PASSED] - Method.TextDegerineEsitElementeTikla(findTestObject("Object Repository/Kullanici_Islemleri/Secenekler"), Islem): Method.TextDegerineEsitElementeTikla is PASSED

2021-11-19 17:09:18 - [MESSAGE][INFO] - Finding Test Object 'Object Repository/Kullanici_Islemleri/Secenekler'

2021-11-19 17:09:18 - [MESSAGE][INFO] - Checking timeout

2021-11-19 17:09:18 - [MESSAGE][INFO] - Finding web element with id: 'Object Repository/Kullanici_Islemleri/Secenekler' located by 'By.cssSelector: .nav.navbar-nav.navbar-right li a' in '10' second(s)

2021-11-19 17:09:18 - [MESSAGE][INFO] - Smart Wait Function is triggered

2021-11-19 17:09:18 - [MESSAGE][INFO] - Found 22 web elements with id: 'Object Repository/Kullanici_Islemleri/Secenekler' located by 'By.cssSelector: .nav.navbar-nav.navbar-right li a' in '10' second(s)

2021-11-19 17:09:19 - [MESSAGE][PASSED] - Method.TextDegerineEsitElementeTikla is PASSED

2021-11-19 17:09:19 - [TEST_STEP][PASSED] - verifyElementNotPresent(findTestObject("Object Repository/Kullanici_Islemleri/Secenekler"), 10): Web element with id: 'Object Repository/Kullanici_Islemleri/Secenekler' located by 'By.cssSelector: .nav.navbar-nav.navbar-right li a' is not present after '10' second(s)

2021-11-19 17:09:19 - [MESSAGE][INFO] - Finding Test Object 'Object Repository/Kullanici_Islemleri/Secenekler'

2021-11-19 17:09:19 - [MESSAGE][INFO] - Checking object

2021-11-19 17:09:19 - [MESSAGE][INFO] - Checking timeout

2021-11-19 17:09:19 - [MESSAGE][INFO] - Finding web element with id: 'Object Repository/Kullanici_Islemleri/Secenekler' located by 'By.cssSelector: .nav.navbar-nav.navbar-right li a' in '10' second(s)

2021-11-19 17:09:19 - [MESSAGE][INFO] - Smart Wait Function is triggered

2021-11-19 17:09:20 - [MESSAGE][PASSED] - Web element with id: 'Object Repository/Kullanici_Islemleri/Secenekler' located by 'By.cssSelector: .nav.navbar-nav.navbar-right li a' is not present after '10' second(s)

2021-11-19 17:09:20 - [MESSAGE][PASSED] - Call Test Case 'Test Cases/Kullanici_Islemleri/KullaniciIslemlerindenSecimYapilir' successfully

2021-11-19 17:09:20 - [TEST_CASE][PASSED] - Start Test Case : SCENARIO Gonderim tipi Kagit ve Hal Satis tipinde e-Arsiv faturasi olusturulmasi: SCENARIO Gonderim tipi Kagit ve Hal Satis tipinde e-Arsiv faturasi olusturulmasi

2021-11-19 17:09:20 - [TEST_STEP][PASSED] - Kullanıcı adı HALSATIS ve Şifre test1234 olarak giriş yapılır: Kullanıcı adı HALSATIS ve Şifre test1234 olarak giriş yapılır

2021-11-19 17:09:20 - [MESSAGE][PASSED] - Kullanıcı adı HALSATIS ve Şifre test1234 olarak giriş yapılır

2021-11-19 17:09:20 - [TEST_STEP][PASSED] - Ana menüden e-Arşiv seçilir: Ana menüden e-Arşiv seçilir

2021-11-19 17:09:20 - [MESSAGE][PASSED] - Ana menüden e-Arşiv seçilir

2021-11-19 17:09:20 - [TEST_STEP][PASSED] - Alt menü e-Arşiv Araçları başlığı altındaki e-Arşiv Fatura Oluşturma seçilir: Alt menü e-Arşiv Araçları başlığı altındaki e-Arşiv Fatura Oluşturma seçilir

2021-11-19 17:09:20 - [MESSAGE][PASSED] - Alt menü e-Arşiv Araçları başlığı altındaki e-Arşiv Fatura Oluşturma seçilir

2021-11-19 17:09:20 - [TEST_STEP][PASSED] - Tablodaki tüm veriler silinir: Tablodaki tüm veriler silinir

2021-11-19 17:09:20 - [MESSAGE][PASSED] - Tablodaki tüm veriler silinir

2021-11-19 17:09:20 - [TEST_STEP][PASSED] - Butonlardan Ekle isimli butona tıklanır: Butonlardan Ekle isimli butona tıklanır

2021-11-19 17:09:20 - [MESSAGE][PASSED] - Butonlardan Ekle isimli butona tıklanır

2021-11-19 17:09:20 - [TEST_STEP][PASSED] - Görsel tasarım sayfasının e-Arşiv Fatura Bilgileri başlığını içerdiği kontrol edilir: Görsel tasarım sayfasının e-Arşiv Fatura Bilgileri başlığını içerdiği kontrol edilir

2021-11-19 17:09:20 - [MESSAGE][PASSED] - Görsel tasarım sayfasının e-Arşiv Fatura Bilgileri başlığını içerdiği kontrol edilir

2021-11-19 17:09:20 - [TEST_STEP][PASSED] - Alıcı adı alanına UC0010 girilir: Alıcı adı alanına UC0010 girilir

2021-11-19 17:09:20 - [MESSAGE][PASSED] - Alıcı adı alanına UC0010 girilir

2021-11-19 17:09:20 - [TEST_STEP][PASSED] - Gönderim Şekli Kağıt olarak seçilir: Gönderim Şekli Kağıt olarak seçilir

2021-11-19 17:09:20 - [MESSAGE][PASSED] - Gönderim Şekli Kağıt olarak seçilir

2021-11-19 17:09:20 - [TEST_STEP][PASSED] - Tip alanından Hal Satış seçilir: Tip alanından Hal Satış seçilir

2021-11-19 17:09:20 - [MESSAGE][PASSED] - Tip alanından Hal Satış seçilir

2021-11-19 17:09:20 - [TEST_STEP][PASSED] - Döküman Para Birimi alanından Türk Lirası seçilir: Döküman Para Birimi alanından Türk Lirası seçilir

2021-11-19 17:09:20 - [MESSAGE][PASSED] - Döküman Para Birimi alanından Türk Lirası seçilir

2021-11-19 17:09:20 - [TEST_STEP][PASSED] - Ön Ek YIG olarak seçilir: Ön Ek YIG olarak seçilir

2021-11-19 17:09:20 - [MESSAGE][PASSED] - Ön Ek YIG olarak seçilir

2021-11-19 17:09:20 - [TEST_STEP][PASSED] - Tasarım alanından Otomasyon seçilir: Tasarım alanından Otomasyon seçilir

2021-11-19 17:09:20 - [MESSAGE][PASSED] - Tasarım alanından Otomasyon seçilir

2021-11-19 17:09:20 - [TEST_STEP][PASSED] - Sipariş bilgileri UUC-SAT-1200001 ve 31.04.2020 olarak girilir: Sipariş bilgileri UUC-SAT-1200001 ve 31.04.2020 olarak girilir

2021-11-19 17:09:20 - [MESSAGE][PASSED] - Sipariş bilgileri UUC-SAT-1200001 ve 31.04.2020 olarak girilir

2021-11-19 17:09:20 - [TEST_STEP][PASSED] - İrsaliye Bilgileri AAAAAAAAAA,31.04.2020 olarak girilir: İrsaliye Bilgileri AAAAAAAAAA,31.04.2020 olarak girilir

2021-11-19 17:09:20 - [MESSAGE][PASSED] - İrsaliye Bilgileri AAAAAAAAAA,31.04.2020 olarak girilir

2021-11-19 17:09:20 - [TEST_STEP][PASSED] - Ekle butonuna basılır: Ekle butonuna basılır

2021-11-19 17:09:20 - [MESSAGE][PASSED] - Ekle butonuna basılır

2021-11-19 17:09:20 - [TEST_STEP][PASSED] - Ürün ekleme alanında Mal/Hizmet başlığına Otomasyon girilir: Ürün ekleme alanında Mal/Hizmet başlığına Otomasyon girilir

2021-11-19 17:09:20 - [MESSAGE][PASSED] - Ürün ekleme alanında Mal/Hizmet başlığına Otomasyon girilir

2021-11-19 17:09:20 - [TEST_STEP][PASSED] - Ürün ekleme alanında Açıklaması başlığına Virgosol girilir: Ürün ekleme alanında Açıklaması başlığına Virgosol girilir

2021-11-19 17:09:20 - [MESSAGE][PASSED] - Ürün ekleme alanında Açıklaması başlığına Virgosol girilir

2021-11-19 17:09:20 - [TEST_STEP][PASSED] - Ürün ekleme alanında Künye Numarası başlığına 1234567890123456789 girilir: Ürün ekleme alanında Künye Numarası başlığına 1234567890123456789 girilir

2021-11-19 17:09:20 - [MESSAGE][PASSED] - Ürün ekleme alanında Künye Numarası başlığına 1234567890123456789 girilir

2021-11-19 17:09:20 - [TEST_STEP][PASSED] - Ürün ekleme alanında Vkn/Tckn başlığına 24647325036 girilir: Ürün ekleme alanında Vkn/Tckn başlığına 24647325036 girilir

2021-11-19 17:09:20 - [MESSAGE][PASSED] - Ürün ekleme alanında Vkn/Tckn başlığına 24647325036 girilir

2021-11-19 17:09:20 - [TEST_STEP][PASSED] - Ürün ekleme alanında Mal Sahibi başlığına AAAAAAAAA girilir: Ürün ekleme alanında Mal Sahibi başlığına AAAAAAAAA girilir

2021-11-19 17:09:20 - [MESSAGE][PASSED] - Ürün ekleme alanında Mal Sahibi başlığına AAAAAAAAA girilir

2021-11-19 17:09:20 - [TEST_STEP][PASSED] - Ürün ekleme alanında Miktarı başlığına 400 girilir: Ürün ekleme alanında Miktarı başlığına 400 girilir

2021-11-19 17:09:20 - [MESSAGE][PASSED] - Ürün ekleme alanında Miktarı başlığına 400 girilir

2021-11-19 17:09:20 - [TEST_STEP][PASSED] - Ürün ekleme alanında Birim Fiyat başlığına 100 girilir: Ürün ekleme alanında Birim Fiyat başlığına 100 girilir

2021-11-19 17:09:20 - [MESSAGE][PASSED] - Ürün ekleme alanında Birim Fiyat başlığına 100 girilir

2021-11-19 17:09:20 - [TEST_STEP][PASSED] - Ürün ekleme alanında İskonto Oranı % başlığına 10 girilir: Ürün ekleme alanında İskonto Oranı % başlığına 10 girilir

2021-11-19 17:09:20 - [MESSAGE][PASSED] - Ürün ekleme alanında İskonto Oranı % başlığına 10 girilir

2021-11-19 17:09:20 - [TEST_STEP][PASSED] - Notlar alanına Otomasyon Not girilir: Notlar alanına Otomasyon Not girilir

2021-11-19 17:09:20 - [MESSAGE][PASSED] - Notlar alanına Otomasyon Not girilir

2021-11-19 17:09:20 - [TEST_STEP][PASSED] - Ettn bilgisi kayıt edilir: Ettn bilgisi kayıt edilir

2021-11-19 17:09:20 - [MESSAGE][PASSED] - Ettn bilgisi kayıt edilir

2021-11-19 17:09:20 - [TEST_STEP][PASSED] - Kaydet butonu seçilir: Kaydet butonu seçilir

2021-11-19 17:09:20 - [MESSAGE][PASSED] - Kaydet butonu seçilir

2021-11-19 17:09:20 - [TEST_STEP][PASSED] - Tabloda Ettn bilgisi kaydedilen veri oluşturuldu mu: Tabloda Ettn bilgisi kaydedilen veri oluşturuldu mu

2021-11-19 17:09:20 - [MESSAGE][PASSED] - Tabloda Ettn bilgisi kaydedilen veri oluşturuldu mu

2021-11-19 17:09:20 - [TEST_STEP][PASSED] - Tablodan Ettn bilgisi kaydedilen veri seçilir: Tablodan Ettn bilgisi kaydedilen veri seçilir

2021-11-19 17:09:20 - [MESSAGE][PASSED] - Tablodan Ettn bilgisi kaydedilen veri seçilir

2021-11-19 17:09:20 - [TEST_STEP][PASSED] - Butonlardan Numara Oluştur isimli butona tıklanır: Butonlardan Numara Oluştur isimli butona tıklanır

2021-11-19 17:09:20 - [MESSAGE][PASSED] - Butonlardan Numara Oluştur isimli butona tıklanır

2021-11-19 17:09:20 - [TEST_STEP][PASSED] - Popup mesajı Devam etmek istiyor musunuz içeriyor mu: Popup mesajı Devam etmek istiyor musunuz içeriyor mu

2021-11-19 17:09:20 - [MESSAGE][PASSED] - Popup mesajı Devam etmek istiyor musunuz içeriyor mu

2021-11-19 17:09:20 - [TEST_STEP][PASSED] - Yönetim popupında Evet seçilir: Yönetim popupında Evet seçilir

2021-11-19 17:09:20 - [MESSAGE][PASSED] - Yönetim popupında Evet seçilir

2021-11-19 17:09:20 - [TEST_STEP][PASSED] - Popup mesajı oluşmuştur içeriyor mu: Popup mesajı oluşmuştur içeriyor mu

2021-11-19 17:09:20 - [MESSAGE][PASSED] - Popup mesajı oluşmuştur içeriyor mu

2021-11-19 17:09:20 - [TEST_STEP][PASSED] - Yönetim popupında Tamam seçilir: Yönetim popupında Tamam seçilir

2021-11-19 17:09:20 - [MESSAGE][PASSED] - Yönetim popupında Tamam seçilir

2021-11-19 17:09:20 - [TEST_STEP][PASSED] - Tablodan Ettn bilgisi kaydedilen veri seçilir: Tablodan Ettn bilgisi kaydedilen veri seçilir

2021-11-19 17:09:20 - [MESSAGE][PASSED] - Tablodan Ettn bilgisi kaydedilen veri seçilir

2021-11-19 17:09:20 - [TEST_STEP][PASSED] - Butonlardan Gönder isimli butona tıklanır: Butonlardan Gönder isimli butona tıklanır

2021-11-19 17:09:20 - [MESSAGE][PASSED] - Butonlardan Gönder isimli butona tıklanır

2021-11-19 17:09:20 - [TEST_STEP][PASSED] - Popup mesajı Devam etmek istiyor musunuz içeriyor mu: Popup mesajı Devam etmek istiyor musunuz içeriyor mu

2021-11-19 17:09:20 - [MESSAGE][PASSED] - Popup mesajı Devam etmek istiyor musunuz içeriyor mu

2021-11-19 17:09:20 - [TEST_STEP][PASSED] - Yönetim popupında Evet seçilir: Yönetim popupında Evet seçilir

2021-11-19 17:09:20 - [MESSAGE][PASSED] - Yönetim popupında Evet seçilir

2021-11-19 17:09:20 - [TEST_STEP][PASSED] - Ana menüden e-Arşiv seçilir: Ana menüden e-Arşiv seçilir

2021-11-19 17:09:20 - [MESSAGE][PASSED] - Ana menüden e-Arşiv seçilir

2021-11-19 17:09:20 - [TEST_STEP][PASSED] - Alt menü e-Arşiv Hareketleri başlığı altındaki e-Arşiv Faturaları seçilir: Alt menü e-Arşiv Hareketleri başlığı altındaki e-Arşiv Faturaları seçilir

2021-11-19 17:09:20 - [MESSAGE][PASSED] - Alt menü e-Arşiv Hareketleri başlığı altındaki e-Arşiv Faturaları seçilir

2021-11-19 17:09:20 - [TEST_STEP][PASSED] - Filtrelerden Ettn filtresine Ettn bilgisi yaz: Filtrelerden Ettn filtresine Ettn bilgisi yaz

2021-11-19 17:09:20 - [MESSAGE][PASSED] - Filtrelerden Ettn filtresine Ettn bilgisi yaz

2021-11-19 17:09:20 - [TEST_STEP][PASSED] - Filtre butonlarından Listele seçilir: Filtre butonlarından Listele seçilir

2021-11-19 17:09:20 - [MESSAGE][PASSED] - Filtre butonlarından Listele seçilir

2021-11-19 17:09:20 - [TEST_STEP][PASSED] - Tabloda veri var mı kontrol edilir: Tabloda veri var mı kontrol edilir

2021-11-19 17:09:20 - [MESSAGE][PASSED] - Tabloda veri var mı kontrol edilir

2021-11-19 17:09:20 - [TEST_STEP][PASSED] - Tabloda yeni oluşturulan eArsiv verisi başarılı mı: Tabloda yeni oluşturulan eArsiv verisi başarılı mı

2021-11-19 17:09:20 - [MESSAGE][PASSED] - Tabloda yeni oluşturulan eArsiv verisi başarılı mı

2021-11-19 17:09:20 - [TEST_STEP][PASSED] - Kullanıcı işlemlerinden Çıkış seçilir: Kullanıcı işlemlerinden Çıkış seçilir

2021-11-19 17:09:20 - [MESSAGE][PASSED] - Kullanıcı işlemlerinden Çıkış seçilir

2021-11-19 17:09:20 - [MESSAGE][PASSED] - Feature file: 'Include/features/Regresyon/e-Arsiv/VKN-Kagit-Hal Satis.feature' was passed

2021-11-19 17:09:20 - [TEST_STEP][PASSED] - Start listener action : sampleAfterTestSuite: Invoke 'com.kms.katalon.core.annotation.AfterTestCase' method: 'Listener.sampleAfterTestSuite(...)' completed.

2021-11-19 17:09:20 - [MESSAGE][INFO] - Starting invoke 'com.kms.katalon.core.annotation.AfterTestCase' method: 'Listener.sampleAfterTestSuite(...)'

2021-11-19 17:09:20 - [TEST_STEP][PASSED] - closeBrowser(): Invoke 'com.kms.katalon.core.annotation.AfterTestCase' method: 'Listener.sampleAfterTestSuite(...)' completed.

2021-11-19 17:09:20 - [MESSAGE][INFO] - Closing browser

2021-11-19 17:09:21 - [MESSAGE][PASSED] - Browser is closed

2021-11-19 17:09:21 - [MESSAGE][INFO] - Invoke 'com.kms.katalon.core.annotation.AfterTestCase' method: 'Listener.sampleAfterTestSuite(...)' completed.]]></system-out>
         <system-err><![CDATA[]]></system-err>
      </testcase>
      <testcase name="Test Cases/Case Repository/Regresyon/e-Arsiv/VKN-Kagit-Iade" time="113.595" classname="Test Cases/Case Repository/Regresyon/e-Arsiv/VKN-Kagit-Iade" status="PASSED">
         <system-out><![CDATA[2021-11-19 17:09:21 - [TEST_CASE][PASSED] - Test Cases/Case Repository/Regresyon/e-Arsiv/VKN-Kagit-Iade: Test Cases/Case Repository/Regresyon/e-Arsiv/VKN-Kagit-Iade

2021-11-19 17:09:21 - [TEST_STEP][PASSED] - Start listener action : sampleBeforeTestSuite: Invoke 'com.kms.katalon.core.annotation.BeforeTestCase' method: 'Listener.sampleBeforeTestSuite(...)' completed.

2021-11-19 17:09:21 - [MESSAGE][INFO] - Starting invoke 'com.kms.katalon.core.annotation.BeforeTestCase' method: 'Listener.sampleBeforeTestSuite(...)'

2021-11-19 17:09:21 - [TEST_STEP][PASSED] - openBrowser(baseUrl): Browser is opened with url: 'https://efatura-stage.elogo.com.tr/'

2021-11-19 17:09:21 - [MESSAGE][INFO] - Opening browser

2021-11-19 17:09:21 - [MESSAGE][INFO] - Starting 'Chrome' driver

2021-11-19 17:09:21 - [MESSAGE][INFO] - User set preference: ['prefs', '{download.default_directory=C:\otomasyondownfiles}']

2021-11-19 17:09:21 - [MESSAGE][INFO] - Action delay is set to 0 milliseconds

2021-11-19 17:09:22 - [MESSAGE][INFO] - Navigating browser to: 'https://efatura-stage.elogo.com.tr/'

2021-11-19 17:09:25 - [MESSAGE][PASSED] - Browser is opened with url: 'https://efatura-stage.elogo.com.tr/'

2021-11-19 17:09:25 - [TEST_STEP][PASSED] - maximizeWindow(): Invoke 'com.kms.katalon.core.annotation.BeforeTestCase' method: 'Listener.sampleBeforeTestSuite(...)' completed.

2021-11-19 17:09:25 - [MESSAGE][INFO] - Maximizing current window

2021-11-19 17:09:25 - [MESSAGE][PASSED] - Current window maximized

2021-11-19 17:09:25 - [MESSAGE][INFO] - Invoke 'com.kms.katalon.core.annotation.BeforeTestCase' method: 'Listener.sampleBeforeTestSuite(...)' completed.

2021-11-19 17:09:26 - [TEST_STEP][PASSED] - runFeatureFile("Include/features/Regresyon/e-Arsiv/VKN-Kagit-Iade.feature"): Feature file: 'Include/features/Regresyon/e-Arsiv/VKN-Kagit-Iade.feature' was passed

2021-11-19 17:09:26 - [MESSAGE][INFO] - Starting run keyword runFeatureFile: 'Include/features/Regresyon/e-Arsiv/VKN-Kagit-Iade.feature' and extract report to folder: 'C:\Users\DELL\Documents\GitHub\EES_KatalonLogo\Reports\20211119_164526\Suite Repository\Regresyon-eArsiv-eMakbuz\20211119_164600/cucumber_report/1637330966189'...

2021-11-19 17:09:26 - [MESSAGE][INFO] - Glue: []

2021-11-19 17:09:28 - [MESSAGE][INFO] - Checking called Test Case

2021-11-19 17:09:28 - [MESSAGE][INFO] - Starting to call Test Case 'Test Cases/Sayfalar/Giris_Sayfasi/Login'

2021-11-19 17:09:28 - [TEST_CASE][PASSED] - Test Cases/Sayfalar/Giris_Sayfasi/Login: Test Cases/Sayfalar/Giris_Sayfasi/Login

2021-11-19 17:09:28 - [TEST_STEP][PASSED] - Sayfa_Basligi = getWindowTitle(): Current window's title is: 'LOGO e-Fatura'

2021-11-19 17:09:28 - [MESSAGE][INFO] - Getting current window's title

2021-11-19 17:09:28 - [MESSAGE][PASSED] - Current window's title is: 'LOGO e-Fatura'

2021-11-19 17:09:28 - [TEST_STEP][PASSED] - verifyMatch(Sayfa_Basligi, "LOGO e-Fatura", false): Actual text 'LOGO e-Fatura' and expected text 'LOGO e-Fatura' are matched 

2021-11-19 17:09:28 - [MESSAGE][INFO] - Matching actual text 'LOGO e-Fatura' with expected text 'LOGO e-Fatura'

2021-11-19 17:09:28 - [MESSAGE][PASSED] - Actual text 'LOGO e-Fatura' and expected text 'LOGO e-Fatura' are matched 

2021-11-19 17:09:28 - [TEST_STEP][PASSED] - sendKeys(findTestObject("Sayfalar/Giris_Sayfasi/Firma_Kodu"), KullaniciAdi): Keys 'EARIADE' sent to object: 'Object Repository/Sayfalar/Giris_Sayfasi/Firma_Kodu'

2021-11-19 17:09:28 - [MESSAGE][INFO] - Finding Test Object 'Object Repository/Sayfalar/Giris_Sayfasi/Firma_Kodu'

2021-11-19 17:09:28 - [MESSAGE][INFO] - Sending keys 'EARIADE' to object: 'Object Repository/Sayfalar/Giris_Sayfasi/Firma_Kodu'

2021-11-19 17:09:28 - [MESSAGE][INFO] - Finding web element from Test Object's properties

2021-11-19 17:09:28 - [MESSAGE][INFO] - Checking timeout

2021-11-19 17:09:28 - [MESSAGE][INFO] - Finding web element with id: 'Object Repository/Sayfalar/Giris_Sayfasi/Firma_Kodu' located by 'By.xpath: //*[@id = 'AccountName']' in '30' second(s)

2021-11-19 17:09:28 - [MESSAGE][INFO] - Smart Wait Function is triggered

2021-11-19 17:09:28 - [MESSAGE][INFO] - Found 1 web elements with id: 'Object Repository/Sayfalar/Giris_Sayfasi/Firma_Kodu' located by 'By.xpath: //*[@id = 'AccountName']' in '30' second(s)

2021-11-19 17:09:28 - [MESSAGE][PASSED] - Keys 'EARIADE' sent to object: 'Object Repository/Sayfalar/Giris_Sayfasi/Firma_Kodu'

2021-11-19 17:09:28 - [TEST_STEP][PASSED] - sendKeys(findTestObject("Sayfalar/Giris_Sayfasi/Sifre"), Sifre): Keys 'test1234' sent to object: 'Object Repository/Sayfalar/Giris_Sayfasi/Sifre'

2021-11-19 17:09:28 - [MESSAGE][INFO] - Finding Test Object 'Object Repository/Sayfalar/Giris_Sayfasi/Sifre'

2021-11-19 17:09:28 - [MESSAGE][INFO] - Sending keys 'test1234' to object: 'Object Repository/Sayfalar/Giris_Sayfasi/Sifre'

2021-11-19 17:09:28 - [MESSAGE][INFO] - Finding web element from Test Object's properties

2021-11-19 17:09:28 - [MESSAGE][INFO] - Checking timeout

2021-11-19 17:09:28 - [MESSAGE][INFO] - Finding web element with id: 'Object Repository/Sayfalar/Giris_Sayfasi/Sifre' located by 'By.xpath: //*[@id = 'Password']' in '30' second(s)

2021-11-19 17:09:28 - [MESSAGE][INFO] - Smart Wait Function is triggered

2021-11-19 17:09:29 - [MESSAGE][INFO] - Found 1 web elements with id: 'Object Repository/Sayfalar/Giris_Sayfasi/Sifre' located by 'By.xpath: //*[@id = 'Password']' in '30' second(s)

2021-11-19 17:09:29 - [MESSAGE][PASSED] - Keys 'test1234' sent to object: 'Object Repository/Sayfalar/Giris_Sayfasi/Sifre'

2021-11-19 17:09:29 - [TEST_STEP][PASSED] - findWebElement(findTestObject("Sayfalar/Giris_Sayfasi/Giris_Butonu")).click(): Found 1 web elements with id: 'Object Repository/Sayfalar/Giris_Sayfasi/Giris_Butonu' located by 'By.cssSelector: #btnLogin' in '30' second(s)

2021-11-19 17:09:29 - [MESSAGE][INFO] - Finding Test Object 'Object Repository/Sayfalar/Giris_Sayfasi/Giris_Butonu'

2021-11-19 17:09:29 - [MESSAGE][INFO] - Finding web element from Test Object's properties

2021-11-19 17:09:29 - [MESSAGE][INFO] - Checking timeout

2021-11-19 17:09:29 - [MESSAGE][INFO] - Finding web element with id: 'Object Repository/Sayfalar/Giris_Sayfasi/Giris_Butonu' located by 'By.cssSelector: #btnLogin' in '30' second(s)

2021-11-19 17:09:29 - [MESSAGE][INFO] - Smart Wait Function is triggered

2021-11-19 17:09:29 - [MESSAGE][INFO] - Found 1 web elements with id: 'Object Repository/Sayfalar/Giris_Sayfasi/Giris_Butonu' located by 'By.cssSelector: #btnLogin' in '30' second(s)

2021-11-19 17:09:31 - [TEST_STEP][PASSED] - if (verifyElementPresent(findTestObject("Object Repository/Sayfalar/Giris_Sayfasi/RetveTamam_Butonu"), 5, OPTIONAL)): null

2021-11-19 17:09:31 - [MESSAGE][INFO] - Finding Test Object 'Object Repository/Sayfalar/Giris_Sayfasi/RetveTamam_Butonu'

2021-11-19 17:09:31 - [MESSAGE][INFO] - Checking object

2021-11-19 17:09:31 - [MESSAGE][INFO] - Finding web element from Test Object's properties

2021-11-19 17:09:31 - [MESSAGE][INFO] - Checking timeout

2021-11-19 17:09:31 - [MESSAGE][INFO] - Finding web element with id: 'Object Repository/Sayfalar/Giris_Sayfasi/RetveTamam_Butonu' located by 'By.xpath: //*[@class = 'btn btn-default']' in '5' second(s)

2021-11-19 17:09:31 - [MESSAGE][INFO] - Smart Wait Function is triggered

2021-11-19 17:09:31 - [MESSAGE][INFO] - Found 1 web elements with id: 'Object Repository/Sayfalar/Giris_Sayfasi/RetveTamam_Butonu' located by 'By.xpath: //*[@class = 'btn btn-default']' in '5' second(s)

2021-11-19 17:09:31 - [MESSAGE][PASSED] - Object 'Object Repository/Sayfalar/Giris_Sayfasi/RetveTamam_Butonu' is present

2021-11-19 17:09:31 - [TEST_STEP][PASSED] - click(findTestObject("Object Repository/Sayfalar/Giris_Sayfasi/RetveTamam_Butonu")): Object: 'Object Repository/Sayfalar/Giris_Sayfasi/RetveTamam_Butonu' is clicked on

2021-11-19 17:09:31 - [MESSAGE][INFO] - Finding Test Object 'Object Repository/Sayfalar/Giris_Sayfasi/RetveTamam_Butonu'

2021-11-19 17:09:31 - [MESSAGE][INFO] - Checking object

2021-11-19 17:09:31 - [MESSAGE][INFO] - Finding web element from Test Object's properties

2021-11-19 17:09:31 - [MESSAGE][INFO] - Checking timeout

2021-11-19 17:09:31 - [MESSAGE][INFO] - Finding web element with id: 'Object Repository/Sayfalar/Giris_Sayfasi/RetveTamam_Butonu' located by 'By.xpath: //*[@class = 'btn btn-default']' in '30' second(s)

2021-11-19 17:09:31 - [MESSAGE][INFO] - Smart Wait Function is triggered

2021-11-19 17:09:32 - [MESSAGE][INFO] - Found 1 web elements with id: 'Object Repository/Sayfalar/Giris_Sayfasi/RetveTamam_Butonu' located by 'By.xpath: //*[@class = 'btn btn-default']' in '30' second(s)

2021-11-19 17:09:32 - [MESSAGE][INFO] - Clicking on object: 'Object Repository/Sayfalar/Giris_Sayfasi/RetveTamam_Butonu'

2021-11-19 17:09:32 - [MESSAGE][PASSED] - Object: 'Object Repository/Sayfalar/Giris_Sayfasi/RetveTamam_Butonu' is clicked on

2021-11-19 17:09:32 - [TEST_STEP][PASSED] - click(findTestObject("Object Repository/Sayfalar/Giris_Sayfasi/RetveTamam_Butonu")): Object: 'Object Repository/Sayfalar/Giris_Sayfasi/RetveTamam_Butonu' is clicked on

2021-11-19 17:09:32 - [MESSAGE][INFO] - Finding Test Object 'Object Repository/Sayfalar/Giris_Sayfasi/RetveTamam_Butonu'

2021-11-19 17:09:32 - [MESSAGE][INFO] - Checking object

2021-11-19 17:09:32 - [MESSAGE][INFO] - Finding web element from Test Object's properties

2021-11-19 17:09:32 - [MESSAGE][INFO] - Checking timeout

2021-11-19 17:09:32 - [MESSAGE][INFO] - Finding web element with id: 'Object Repository/Sayfalar/Giris_Sayfasi/RetveTamam_Butonu' located by 'By.xpath: //*[@class = 'btn btn-default']' in '30' second(s)

2021-11-19 17:09:32 - [MESSAGE][INFO] - Smart Wait Function is triggered

2021-11-19 17:09:36 - [MESSAGE][INFO] - Found 1 web elements with id: 'Object Repository/Sayfalar/Giris_Sayfasi/RetveTamam_Butonu' located by 'By.xpath: //*[@class = 'btn btn-default']' in '30' second(s)

2021-11-19 17:09:36 - [MESSAGE][INFO] - Clicking on object: 'Object Repository/Sayfalar/Giris_Sayfasi/RetveTamam_Butonu'

2021-11-19 17:09:36 - [MESSAGE][PASSED] - Object: 'Object Repository/Sayfalar/Giris_Sayfasi/RetveTamam_Butonu' is clicked on

2021-11-19 17:09:36 - [TEST_STEP][PASSED] - if (verifyElementPresent(findTestObject("Sayfalar/Giris_Sayfasi/PopupOK"), 5, OPTIONAL)): com.kms.katalon.core.webui.exception.WebElementNotFoundException: Web element with id: 'Object Repository/Sayfalar/Giris_Sayfasi/PopupOK' located by '.btn.btn-success' not found (Root cause: com.kms.katalon.core.exception.StepFailedException: com.kms.katalon.core.webui.exception.WebElementNotFoundException: Web element with id: 'Object Repository/Sayfalar/Giris_Sayfasi/PopupOK' located by '.btn.btn-success' not found
	at com.kms.katalon.core.webui.keyword.internal.WebUIKeywordMain.stepFailed(WebUIKeywordMain.groovy:64)
	at com.kms.katalon.core.webui.keyword.builtin.VerifyElementPresentKeyword$_verifyElementPresent_closure1.doCall(VerifyElementPresentKeyword.groovy:85)
	at com.kms.katalon.core.webui.keyword.builtin.VerifyElementPresentKeyword$_verifyElementPresent_closure1.call(VerifyElementPresentKeyword.groovy)
	at com.kms.katalon.core.webui.keyword.internal.WebUIKeywordMain.runKeyword(WebUIKeywordMain.groovy:20)
	at com.kms.katalon.core.webui.keyword.builtin.VerifyElementPresentKeyword.verifyElementPresent(VerifyElementPresentKeyword.groovy:92)
	at com.kms.katalon.core.webui.keyword.builtin.VerifyElementPresentKeyword.execute(VerifyElementPresentKeyword.groovy:68)
	at com.kms.katalon.core.keyword.internal.KeywordExecutor.executeKeywordForPlatform(KeywordExecutor.groovy:73)
	at com.kms.katalon.core.webui.keyword.WebUiBuiltInKeywords.verifyElementPresent(WebUiBuiltInKeywords.groovy:1448)
	at com.kms.katalon.core.webui.keyword.WebUiBuiltInKeywords$verifyElementPresent$4.call(Unknown Source)
	at Login.run(Login:40)
	at com.kms.katalon.core.main.ScriptEngine.run(ScriptEngine.java:194)
	at com.kms.katalon.core.main.ScriptEngine.runScriptAsRawText(ScriptEngine.java:119)
	at com.kms.katalon.core.main.TestCaseExecutor.runScript(TestCaseExecutor.java:369)
	at com.kms.katalon.core.main.TestCaseExecutor.doExecute(TestCaseExecutor.java:360)
	at com.kms.katalon.core.main.TestCaseExecutor.processExecutionPhase(TestCaseExecutor.java:339)
	at com.kms.katalon.core.main.TestCaseExecutor.accessMainPhase(TestCaseExecutor.java:331)
	at com.kms.katalon.core.main.TestCaseExecutor.execute(TestCaseExecutor.java:248)
	at com.kms.katalon.core.main.TestCaseMain.runTestCase(TestCaseMain.java:138)
	at com.kms.katalon.core.keyword.builtin.CallTestCaseKeyword$_callTestCase_closure1.doCall(CallTestCaseKeyword.groovy:59)
	at com.kms.katalon.core.keyword.builtin.CallTestCaseKeyword$_callTestCase_closure1.call(CallTestCaseKeyword.groovy)
	at com.kms.katalon.core.keyword.internal.KeywordMain.runKeyword(KeywordMain.groovy:68)
	at com.kms.katalon.core.keyword.builtin.CallTestCaseKeyword.callTestCase(CallTestCaseKeyword.groovy:81)
	at com.kms.katalon.core.keyword.builtin.CallTestCaseKeyword.execute(CallTestCaseKeyword.groovy:44)
	at com.kms.katalon.core.keyword.internal.KeywordExecutor.executeKeywordForPlatform(KeywordExecutor.groovy:73)
	at com.kms.katalon.core.keyword.BuiltinKeywords.callTestCase(BuiltinKeywords.groovy:334)
	at sayfalar.girisSayfasi.login(girisSayfasi.groovy:50)
	at cucumber.runtime.Utils$1.call(Utils.java:26)
	at cucumber.runtime.Timeout.timeout(Timeout.java:16)
	at cucumber.runtime.Utils.invoke(Utils.java:20)
	at cucumber.runtime.java.JavaStepDefinition.execute(JavaStepDefinition.java:49)
	at cucumber.runner.PickleStepDefinitionMatch.runStep(PickleStepDefinitionMatch.java:50)
	at cucumber.runner.TestStep.executeStep(TestStep.java:63)
	at cucumber.runner.TestStep.run(TestStep.java:49)
	at cucumber.runner.PickleStepTestStep.run(PickleStepTestStep.java:43)
	at cucumber.runner.TestCase.run(TestCase.java:44)
	at cucumber.runner.Runner.runPickle(Runner.java:40)
	at cucumber.runtime.Runtime$1.run(Runtime.java:84)
	at cucumber.runtime.Runtime$SameThreadExecutorService.execute(Runtime.java:220)
	at cucumber.runtime.Runtime.run(Runtime.java:81)
	at cucumber.api.cli.Main.run(Main.java:26)
	at cucumber.api.cli.Main$run.call(Unknown Source)
	at com.kms.katalon.core.cucumber.keyword.CucumberBuiltinKeywords$_runFeatureFile_closure1.doCall(CucumberBuiltinKeywords.groovy:106)
	at com.kms.katalon.core.cucumber.keyword.CucumberBuiltinKeywords$_runFeatureFile_closure1.doCall(CucumberBuiltinKeywords.groovy)
	at com.kms.katalon.core.keyword.internal.KeywordMain.runKeyword(KeywordMain.groovy:68)
	at com.kms.katalon.core.keyword.internal.KeywordMain$runKeyword.call(Unknown Source)
	at com.kms.katalon.core.cucumber.keyword.CucumberBuiltinKeywords.runFeatureFile(CucumberBuiltinKeywords.groovy:73)
	at com.kms.katalon.core.cucumber.keyword.CucumberBuiltinKeywords$runFeatureFile$0.callStatic(Unknown Source)
	at com.kms.katalon.core.cucumber.keyword.CucumberBuiltinKeywords.runFeatureFile(CucumberBuiltinKeywords.groovy:246)
	at com.kms.katalon.core.cucumber.keyword.CucumberBuiltinKeywords$runFeatureFile.call(Unknown Source)
	at VKN-Kagit-Iade.run(VKN-Kagit-Iade:19)
	at com.kms.katalon.core.main.ScriptEngine.run(ScriptEngine.java:194)
	at com.kms.katalon.core.main.ScriptEngine.runScriptAsRawText(ScriptEngine.java:119)
	at com.kms.katalon.core.main.TestCaseExecutor.runScript(TestCaseExecutor.java:369)
	at com.kms.katalon.core.main.TestCaseExecutor.doExecute(TestCaseExecutor.java:360)
	at com.kms.katalon.core.main.TestCaseExecutor.processExecutionPhase(TestCaseExecutor.java:339)
	at com.kms.katalon.core.main.TestCaseExecutor.accessMainPhase(TestCaseExecutor.java:331)
	at com.kms.katalon.core.main.TestCaseExecutor.execute(TestCaseExecutor.java:248)
	at com.kms.katalon.core.main.TestSuiteExecutor.accessTestCaseMainPhase(TestSuiteExecutor.java:191)
	at com.kms.katalon.core.main.TestSuiteExecutor.accessTestSuiteMainPhase(TestSuiteExecutor.java:140)
	at com.kms.katalon.core.main.TestSuiteExecutor.execute(TestSuiteExecutor.java:89)
	at com.kms.katalon.core.main.TestCaseMain.startTestSuite(TestCaseMain.java:181)
	at com.kms.katalon.core.main.TestCaseMain$startTestSuite$0.call(Unknown Source)
	at TempTestSuite1637329560940.run(TempTestSuite1637329560940.groovy:39)
)

2021-11-19 17:09:36 - [MESSAGE][INFO] - Finding Test Object 'Object Repository/Sayfalar/Giris_Sayfasi/PopupOK'

2021-11-19 17:09:36 - [MESSAGE][INFO] - Checking object

2021-11-19 17:09:36 - [MESSAGE][INFO] - Finding web element from Test Object's properties

2021-11-19 17:09:36 - [MESSAGE][INFO] - Checking timeout

2021-11-19 17:09:36 - [MESSAGE][INFO] - Finding web element with id: 'Object Repository/Sayfalar/Giris_Sayfasi/PopupOK' located by 'By.cssSelector: .btn.btn-success' in '5' second(s)

2021-11-19 17:09:36 - [MESSAGE][INFO] - Smart Wait Function is triggered

2021-11-19 17:09:37 - [MESSAGE][INFO] - Smart Wait Function is triggered

2021-11-19 17:09:37 - [MESSAGE][INFO] - Smart Wait Function is triggered

2021-11-19 17:09:37 - [MESSAGE][INFO] - Smart Wait Function is triggered

2021-11-19 17:09:37 - [MESSAGE][INFO] - Smart Wait Function is triggered

2021-11-19 17:09:38 - [MESSAGE][INFO] - Smart Wait Function is triggered

2021-11-19 17:09:38 - [MESSAGE][INFO] - Smart Wait Function is triggered

2021-11-19 17:09:38 - [MESSAGE][INFO] - Smart Wait Function is triggered

2021-11-19 17:09:39 - [MESSAGE][INFO] - Smart Wait Function is triggered

2021-11-19 17:09:39 - [MESSAGE][INFO] - Smart Wait Function is triggered

2021-11-19 17:09:39 - [MESSAGE][INFO] - Smart Wait Function is triggered

2021-11-19 17:09:39 - [MESSAGE][INFO] - Smart Wait Function is triggered

2021-11-19 17:09:40 - [MESSAGE][INFO] - Smart Wait Function is triggered

2021-11-19 17:09:40 - [MESSAGE][INFO] - Smart Wait Function is triggered

2021-11-19 17:09:40 - [MESSAGE][INFO] - Smart Wait Function is triggered

2021-11-19 17:09:40 - [MESSAGE][INFO] - Smart Wait Function is triggered

2021-11-19 17:09:41 - [MESSAGE][INFO] - Smart Wait Function is triggered

2021-11-19 17:09:41 - [MESSAGE][INFO] - Smart Wait Function is triggered

2021-11-19 17:09:41 - [MESSAGE][INFO] - Smart Wait Function is triggered

2021-11-19 17:09:42 - [MESSAGE][INFO] - Smart Wait Function is triggered

2021-11-19 17:09:42 - [MESSAGE][INFO] - Smart Wait Function is triggered

2021-11-19 17:09:42 - [MESSAGE][INFO] - Smart Wait Function is triggered

2021-11-19 17:09:42 - [MESSAGE][INFO] - Unable to find the element located by 'By.cssSelector: .btn.btn-success'. Please recheck the objects properties to make sure the desired element is located. 

2021-11-19 17:09:42 - [MESSAGE][WARNING] - com.kms.katalon.core.webui.exception.WebElementNotFoundException: Web element with id: 'Object Repository/Sayfalar/Giris_Sayfasi/PopupOK' located by '.btn.btn-success' not found (Root cause: com.kms.katalon.core.exception.StepFailedException: com.kms.katalon.core.webui.exception.WebElementNotFoundException: Web element with id: 'Object Repository/Sayfalar/Giris_Sayfasi/PopupOK' located by '.btn.btn-success' not found
	at com.kms.katalon.core.webui.keyword.internal.WebUIKeywordMain.stepFailed(WebUIKeywordMain.groovy:64)
	at com.kms.katalon.core.webui.keyword.builtin.VerifyElementPresentKeyword$_verifyElementPresent_closure1.doCall(VerifyElementPresentKeyword.groovy:85)
	at com.kms.katalon.core.webui.keyword.builtin.VerifyElementPresentKeyword$_verifyElementPresent_closure1.call(VerifyElementPresentKeyword.groovy)
	at com.kms.katalon.core.webui.keyword.internal.WebUIKeywordMain.runKeyword(WebUIKeywordMain.groovy:20)
	at com.kms.katalon.core.webui.keyword.builtin.VerifyElementPresentKeyword.verifyElementPresent(VerifyElementPresentKeyword.groovy:92)
	at com.kms.katalon.core.webui.keyword.builtin.VerifyElementPresentKeyword.execute(VerifyElementPresentKeyword.groovy:68)
	at com.kms.katalon.core.keyword.internal.KeywordExecutor.executeKeywordForPlatform(KeywordExecutor.groovy:73)
	at com.kms.katalon.core.webui.keyword.WebUiBuiltInKeywords.verifyElementPresent(WebUiBuiltInKeywords.groovy:1448)
	at com.kms.katalon.core.webui.keyword.WebUiBuiltInKeywords$verifyElementPresent$4.call(Unknown Source)
	at Login.run(Login:40)
	at com.kms.katalon.core.main.ScriptEngine.run(ScriptEngine.java:194)
	at com.kms.katalon.core.main.ScriptEngine.runScriptAsRawText(ScriptEngine.java:119)
	at com.kms.katalon.core.main.TestCaseExecutor.runScript(TestCaseExecutor.java:369)
	at com.kms.katalon.core.main.TestCaseExecutor.doExecute(TestCaseExecutor.java:360)
	at com.kms.katalon.core.main.TestCaseExecutor.processExecutionPhase(TestCaseExecutor.java:339)
	at com.kms.katalon.core.main.TestCaseExecutor.accessMainPhase(TestCaseExecutor.java:331)
	at com.kms.katalon.core.main.TestCaseExecutor.execute(TestCaseExecutor.java:248)
	at com.kms.katalon.core.main.TestCaseMain.runTestCase(TestCaseMain.java:138)
	at com.kms.katalon.core.keyword.builtin.CallTestCaseKeyword$_callTestCase_closure1.doCall(CallTestCaseKeyword.groovy:59)
	at com.kms.katalon.core.keyword.builtin.CallTestCaseKeyword$_callTestCase_closure1.call(CallTestCaseKeyword.groovy)
	at com.kms.katalon.core.keyword.internal.KeywordMain.runKeyword(KeywordMain.groovy:68)
	at com.kms.katalon.core.keyword.builtin.CallTestCaseKeyword.callTestCase(CallTestCaseKeyword.groovy:81)
	at com.kms.katalon.core.keyword.builtin.CallTestCaseKeyword.execute(CallTestCaseKeyword.groovy:44)
	at com.kms.katalon.core.keyword.internal.KeywordExecutor.executeKeywordForPlatform(KeywordExecutor.groovy:73)
	at com.kms.katalon.core.keyword.BuiltinKeywords.callTestCase(BuiltinKeywords.groovy:334)
	at sayfalar.girisSayfasi.login(girisSayfasi.groovy:50)
	at cucumber.runtime.Utils$1.call(Utils.java:26)
	at cucumber.runtime.Timeout.timeout(Timeout.java:16)
	at cucumber.runtime.Utils.invoke(Utils.java:20)
	at cucumber.runtime.java.JavaStepDefinition.execute(JavaStepDefinition.java:49)
	at cucumber.runner.PickleStepDefinitionMatch.runStep(PickleStepDefinitionMatch.java:50)
	at cucumber.runner.TestStep.executeStep(TestStep.java:63)
	at cucumber.runner.TestStep.run(TestStep.java:49)
	at cucumber.runner.PickleStepTestStep.run(PickleStepTestStep.java:43)
	at cucumber.runner.TestCase.run(TestCase.java:44)
	at cucumber.runner.Runner.runPickle(Runner.java:40)
	at cucumber.runtime.Runtime$1.run(Runtime.java:84)
	at cucumber.runtime.Runtime$SameThreadExecutorService.execute(Runtime.java:220)
	at cucumber.runtime.Runtime.run(Runtime.java:81)
	at cucumber.api.cli.Main.run(Main.java:26)
	at cucumber.api.cli.Main$run.call(Unknown Source)
	at com.kms.katalon.core.cucumber.keyword.CucumberBuiltinKeywords$_runFeatureFile_closure1.doCall(CucumberBuiltinKeywords.groovy:106)
	at com.kms.katalon.core.cucumber.keyword.CucumberBuiltinKeywords$_runFeatureFile_closure1.doCall(CucumberBuiltinKeywords.groovy)
	at com.kms.katalon.core.keyword.internal.KeywordMain.runKeyword(KeywordMain.groovy:68)
	at com.kms.katalon.core.keyword.internal.KeywordMain$runKeyword.call(Unknown Source)
	at com.kms.katalon.core.cucumber.keyword.CucumberBuiltinKeywords.runFeatureFile(CucumberBuiltinKeywords.groovy:73)
	at com.kms.katalon.core.cucumber.keyword.CucumberBuiltinKeywords$runFeatureFile$0.callStatic(Unknown Source)
	at com.kms.katalon.core.cucumber.keyword.CucumberBuiltinKeywords.runFeatureFile(CucumberBuiltinKeywords.groovy:246)
	at com.kms.katalon.core.cucumber.keyword.CucumberBuiltinKeywords$runFeatureFile.call(Unknown Source)
	at VKN-Kagit-Iade.run(VKN-Kagit-Iade:19)
	at com.kms.katalon.core.main.ScriptEngine.run(ScriptEngine.java:194)
	at com.kms.katalon.core.main.ScriptEngine.runScriptAsRawText(ScriptEngine.java:119)
	at com.kms.katalon.core.main.TestCaseExecutor.runScript(TestCaseExecutor.java:369)
	at com.kms.katalon.core.main.TestCaseExecutor.doExecute(TestCaseExecutor.java:360)
	at com.kms.katalon.core.main.TestCaseExecutor.processExecutionPhase(TestCaseExecutor.java:339)
	at com.kms.katalon.core.main.TestCaseExecutor.accessMainPhase(TestCaseExecutor.java:331)
	at com.kms.katalon.core.main.TestCaseExecutor.execute(TestCaseExecutor.java:248)
	at com.kms.katalon.core.main.TestSuiteExecutor.accessTestCaseMainPhase(TestSuiteExecutor.java:191)
	at com.kms.katalon.core.main.TestSuiteExecutor.accessTestSuiteMainPhase(TestSuiteExecutor.java:140)
	at com.kms.katalon.core.main.TestSuiteExecutor.execute(TestSuiteExecutor.java:89)
	at com.kms.katalon.core.main.TestCaseMain.startTestSuite(TestCaseMain.java:181)
	at com.kms.katalon.core.main.TestCaseMain$startTestSuite$0.call(Unknown Source)
	at TempTestSuite1637329560940.run(TempTestSuite1637329560940.groovy:39)
)

2021-11-19 17:09:42 - [TEST_STEP][PASSED] - verifyElementVisible(findTestObject("Object Repository/Kullanici_Islemleri/KullaniciIslemleri")): Object 'Object Repository/Kullanici_Islemleri/KullaniciIslemleri' is visible

2021-11-19 17:09:42 - [MESSAGE][INFO] - Finding Test Object 'Object Repository/Kullanici_Islemleri/KullaniciIslemleri'

2021-11-19 17:09:42 - [MESSAGE][INFO] - Checking object

2021-11-19 17:09:42 - [MESSAGE][INFO] - Finding web element from Test Object's properties

2021-11-19 17:09:42 - [MESSAGE][INFO] - Checking timeout

2021-11-19 17:09:42 - [MESSAGE][INFO] - Finding web element with id: 'Object Repository/Kullanici_Islemleri/KullaniciIslemleri' located by 'By.cssSelector: .dropdown>a>img' in '30' second(s)

2021-11-19 17:09:42 - [MESSAGE][INFO] - Smart Wait Function is triggered

2021-11-19 17:09:43 - [MESSAGE][INFO] - Found 1 web elements with id: 'Object Repository/Kullanici_Islemleri/KullaniciIslemleri' located by 'By.cssSelector: .dropdown>a>img' in '30' second(s)

2021-11-19 17:09:43 - [MESSAGE][PASSED] - Object 'Object Repository/Kullanici_Islemleri/KullaniciIslemleri' is visible

2021-11-19 17:09:43 - [MESSAGE][PASSED] - Call Test Case 'Test Cases/Sayfalar/Giris_Sayfasi/Login' successfully

2021-11-19 17:09:43 - [MESSAGE][INFO] - Checking called Test Case

2021-11-19 17:09:43 - [MESSAGE][INFO] - Starting to call Test Case 'Test Cases/Menu/AnaMenuSecimi'

2021-11-19 17:09:43 - [TEST_CASE][PASSED] - Test Cases/Menu/AnaMenuSecimi: Test Cases/Menu/AnaMenuSecimi

2021-11-19 17:09:43 - [TEST_STEP][PASSED] - Method.TextDegerineEsitElementeTikla(findTestObject("Menu/Ana_Menu"), Ana_Menu): Method.TextDegerineEsitElementeTikla is PASSED

2021-11-19 17:09:43 - [MESSAGE][INFO] - Finding Test Object 'Object Repository/Menu/Ana_Menu'

2021-11-19 17:09:43 - [MESSAGE][INFO] - Checking timeout

2021-11-19 17:09:43 - [MESSAGE][INFO] - Finding web element with id: 'Object Repository/Menu/Ana_Menu' located by 'By.xpath: //*[@class = 'dropdown-toggle']' in '10' second(s)

2021-11-19 17:09:43 - [MESSAGE][INFO] - Smart Wait Function is triggered

2021-11-19 17:09:43 - [MESSAGE][INFO] - Found 13 web elements with id: 'Object Repository/Menu/Ana_Menu' located by 'By.xpath: //*[@class = 'dropdown-toggle']' in '10' second(s)

2021-11-19 17:09:43 - [MESSAGE][PASSED] - Method.TextDegerineEsitElementeTikla is PASSED

2021-11-19 17:09:43 - [MESSAGE][PASSED] - Call Test Case 'Test Cases/Menu/AnaMenuSecimi' successfully

2021-11-19 17:09:43 - [MESSAGE][INFO] - Checking called Test Case

2021-11-19 17:09:43 - [MESSAGE][INFO] - Starting to call Test Case 'Test Cases/Menu/BasligaGoreAltMenuSecimi'

2021-11-19 17:09:43 - [TEST_CASE][PASSED] - Test Cases/Menu/BasligaGoreAltMenuSecimi: Test Cases/Menu/BasligaGoreAltMenuSecimi

2021-11-19 17:09:43 - [TEST_STEP][PASSED] - Method.TextDegerineEsitElementinAltindakiTextDegerineEsitOlanaTikla(findTestObject("Menu/Menu_Basligi"), findTestObject("Menu/Basliga_Gore_Alt_Menu"), Baslik, Alt_Menu): Method.TextDegerineEsitElementinAltindakiTextDegerineEsitOlanaTikla is PASSED

2021-11-19 17:09:43 - [MESSAGE][INFO] - Finding Test Object 'Object Repository/Menu/Menu_Basligi'

2021-11-19 17:09:43 - [MESSAGE][INFO] - Finding Test Object 'Object Repository/Menu/Basliga_Gore_Alt_Menu'

2021-11-19 17:09:44 - [MESSAGE][INFO] - Checking timeout

2021-11-19 17:09:44 - [MESSAGE][INFO] - Finding web element with id: 'Object Repository/Menu/Menu_Basligi' located by 'By.xpath: //li[@class='dropdown dropdown-large open']//li[@class='dropdown-header']' in '10' second(s)

2021-11-19 17:09:44 - [MESSAGE][INFO] - Smart Wait Function is triggered

2021-11-19 17:09:44 - [MESSAGE][INFO] - Found 2 web elements with id: 'Object Repository/Menu/Menu_Basligi' located by 'By.xpath: //li[@class='dropdown dropdown-large open']//li[@class='dropdown-header']' in '10' second(s)

2021-11-19 17:09:44 - [MESSAGE][INFO] - Smart Wait Function is triggered

2021-11-19 17:09:46 - [MESSAGE][PASSED] - Method.TextDegerineEsitElementinAltindakiTextDegerineEsitOlanaTikla is PASSED

2021-11-19 17:09:46 - [MESSAGE][PASSED] - Call Test Case 'Test Cases/Menu/BasligaGoreAltMenuSecimi' successfully

2021-11-19 17:09:46 - [MESSAGE][INFO] - Checking called Test Case

2021-11-19 17:09:46 - [MESSAGE][INFO] - Starting to call Test Case 'Test Cases/Tablo/Olusturma Tarihi'

2021-11-19 17:09:46 - [TEST_CASE][PASSED] - Test Cases/Tablo/Olusturma Tarihi: Test Cases/Tablo/Olusturma Tarihi

2021-11-19 17:09:46 - [TEST_STEP][PASSED] - if (verifyTextNotPresent("Görüntülenecek veri yok", true, OPTIONAL)): null

2021-11-19 17:09:46 - [MESSAGE][INFO] - Checking text present  using regular expression

2021-11-19 17:09:46 - [MESSAGE][INFO] - Smart Wait Function is triggered

2021-11-19 17:09:46 - [MESSAGE][INFO] - Finding text 'Görüntülenecek veri yok' on page  using regular expression

2021-11-19 17:09:46 - [MESSAGE][PASSED] - Text 'Görüntülenecek veri yok' is not present on page using regular expression

2021-11-19 17:09:46 - [TEST_STEP][PASSED] - click(findTestObject("Temizle/Olusturma_Tarihi_CheckBox")): Object: 'Object Repository/Temizle/Olusturma_Tarihi_CheckBox' is clicked on

2021-11-19 17:09:46 - [MESSAGE][INFO] - Finding Test Object 'Object Repository/Temizle/Olusturma_Tarihi_CheckBox'

2021-11-19 17:09:46 - [MESSAGE][INFO] - Checking object

2021-11-19 17:09:46 - [MESSAGE][INFO] - Finding web element from Test Object's properties

2021-11-19 17:09:46 - [MESSAGE][INFO] - Checking timeout

2021-11-19 17:09:46 - [MESSAGE][INFO] - Finding web element with id: 'Object Repository/Temizle/Olusturma_Tarihi_CheckBox' located by 'By.xpath: //*[@title = 'Bu sayfadaki tüm satırları Seç']' in '30' second(s)

2021-11-19 17:09:46 - [MESSAGE][INFO] - Smart Wait Function is triggered

2021-11-19 17:09:47 - [MESSAGE][INFO] - Found 1 web elements with id: 'Object Repository/Temizle/Olusturma_Tarihi_CheckBox' located by 'By.xpath: //*[@title = 'Bu sayfadaki tüm satırları Seç']' in '30' second(s)

2021-11-19 17:09:47 - [MESSAGE][INFO] - Clicking on object: 'Object Repository/Temizle/Olusturma_Tarihi_CheckBox'

2021-11-19 17:09:47 - [MESSAGE][PASSED] - Object: 'Object Repository/Temizle/Olusturma_Tarihi_CheckBox' is clicked on

2021-11-19 17:09:47 - [TEST_STEP][PASSED] - Method.TextDegerineEsitElementeTiklaEquals(findTestObject("Butonlar/Butonlar"), "Sil"): Method.TextDegerineEsitElementeTiklaEquals is PASSED

2021-11-19 17:09:47 - [MESSAGE][INFO] - Finding Test Object 'Object Repository/Butonlar/Butonlar'

2021-11-19 17:09:47 - [MESSAGE][INFO] - Checking timeout

2021-11-19 17:09:47 - [MESSAGE][INFO] - Finding web element with id: 'Object Repository/Butonlar/Butonlar' located by 'By.cssSelector: .panel.panel-default.text-center.footerPanel .btn,.btn.btn-primary.btnControls' in '10' second(s)

2021-11-19 17:09:47 - [MESSAGE][INFO] - Smart Wait Function is triggered

2021-11-19 17:09:47 - [MESSAGE][INFO] - Found 9 web elements with id: 'Object Repository/Butonlar/Butonlar' located by 'By.cssSelector: .panel.panel-default.text-center.footerPanel .btn,.btn.btn-primary.btnControls' in '10' second(s)

2021-11-19 17:09:47 - [MESSAGE][PASSED] - Method.TextDegerineEsitElementeTiklaEquals is PASSED

2021-11-19 17:09:47 - [TEST_STEP][PASSED] - Method.TextDegerineEsitElementeTikla(findTestObject("Popup/Popup_Butons"), "Evet"): Method.TextDegerineEsitElementeTikla is PASSED

2021-11-19 17:09:47 - [MESSAGE][INFO] - Finding Test Object 'Object Repository/Popup/Popup_Butons'

2021-11-19 17:09:47 - [MESSAGE][INFO] - Checking timeout

2021-11-19 17:09:47 - [MESSAGE][INFO] - Finding web element with id: 'Object Repository/Popup/Popup_Butons' located by 'By.cssSelector: .modal-footer>button' in '10' second(s)

2021-11-19 17:09:47 - [MESSAGE][INFO] - Smart Wait Function is triggered

2021-11-19 17:09:48 - [MESSAGE][INFO] - Found 2 web elements with id: 'Object Repository/Popup/Popup_Butons' located by 'By.cssSelector: .modal-footer>button' in '10' second(s)

2021-11-19 17:09:48 - [MESSAGE][PASSED] - Method.TextDegerineEsitElementeTikla is PASSED

2021-11-19 17:09:48 - [TEST_STEP][PASSED] - Method.TextDegerineEsitElementeTikla(findTestObject("Popup/Popup_Butons"), "Tamam"): Method.TextDegerineEsitElementeTikla is PASSED

2021-11-19 17:09:48 - [MESSAGE][INFO] - Finding Test Object 'Object Repository/Popup/Popup_Butons'

2021-11-19 17:09:49 - [MESSAGE][INFO] - Checking timeout

2021-11-19 17:09:49 - [MESSAGE][INFO] - Finding web element with id: 'Object Repository/Popup/Popup_Butons' located by 'By.cssSelector: .modal-footer>button' in '10' second(s)

2021-11-19 17:09:49 - [MESSAGE][INFO] - Smart Wait Function is triggered

2021-11-19 17:09:49 - [MESSAGE][INFO] - Found 1 web elements with id: 'Object Repository/Popup/Popup_Butons' located by 'By.cssSelector: .modal-footer>button' in '10' second(s)

2021-11-19 17:09:49 - [MESSAGE][PASSED] - Method.TextDegerineEsitElementeTikla is PASSED

2021-11-19 17:09:49 - [MESSAGE][PASSED] - Call Test Case 'Test Cases/Tablo/Olusturma Tarihi' successfully

2021-11-19 17:09:49 - [MESSAGE][INFO] - Checking called Test Case

2021-11-19 17:09:49 - [MESSAGE][INFO] - Starting to call Test Case 'Test Cases/Butonlar/ButonaTikla'

2021-11-19 17:09:49 - [TEST_CASE][PASSED] - Test Cases/Butonlar/ButonaTikla: Test Cases/Butonlar/ButonaTikla

2021-11-19 17:09:49 - [TEST_STEP][PASSED] - Method.TextDegerineEsitElementeTiklaEquals(findTestObject("Butonlar/Butonlar"), Buton_Adi): Method.TextDegerineEsitElementeTiklaEquals is PASSED

2021-11-19 17:09:49 - [MESSAGE][INFO] - Finding Test Object 'Object Repository/Butonlar/Butonlar'

2021-11-19 17:09:50 - [MESSAGE][INFO] - Checking timeout

2021-11-19 17:09:50 - [MESSAGE][INFO] - Finding web element with id: 'Object Repository/Butonlar/Butonlar' located by 'By.cssSelector: .panel.panel-default.text-center.footerPanel .btn,.btn.btn-primary.btnControls' in '10' second(s)

2021-11-19 17:09:50 - [MESSAGE][INFO] - Smart Wait Function is triggered

2021-11-19 17:09:50 - [MESSAGE][INFO] - Found 9 web elements with id: 'Object Repository/Butonlar/Butonlar' located by 'By.cssSelector: .panel.panel-default.text-center.footerPanel .btn,.btn.btn-primary.btnControls' in '10' second(s)

2021-11-19 17:09:50 - [MESSAGE][PASSED] - Method.TextDegerineEsitElementeTiklaEquals is PASSED

2021-11-19 17:09:50 - [MESSAGE][PASSED] - Call Test Case 'Test Cases/Butonlar/ButonaTikla' successfully

2021-11-19 17:09:50 - [MESSAGE][INFO] - Checking called Test Case

2021-11-19 17:09:50 - [MESSAGE][INFO] - Starting to call Test Case 'Test Cases/Olusturma/Genel/GorselTasarimSayfasıBasligiIceriyorMu'

2021-11-19 17:09:50 - [TEST_CASE][PASSED] - Test Cases/Olusturma/Genel/GorselTasarimSayfasıBasligiIceriyorMu: Test Cases/Olusturma/Genel/GorselTasarimSayfasıBasligiIceriyorMu

2021-11-19 17:09:50 - [TEST_STEP][PASSED] - verifyElementText(findTestObject("Object Repository/Olusturma/Genel/GorselTasarimBaslik"), Baslik): Actual text and expected text of test object 'Object Repository/Olusturma/Genel/GorselTasarimBaslik' are matched.

2021-11-19 17:09:50 - [MESSAGE][INFO] - Finding Test Object 'Object Repository/Olusturma/Genel/GorselTasarimBaslik'

2021-11-19 17:09:50 - [MESSAGE][INFO] - Checking object

2021-11-19 17:09:50 - [MESSAGE][INFO] - Finding web element from Test Object's properties

2021-11-19 17:09:50 - [MESSAGE][INFO] - Checking timeout

2021-11-19 17:09:50 - [MESSAGE][INFO] - Finding web element with id: 'Object Repository/Olusturma/Genel/GorselTasarimBaslik' located by 'By.cssSelector: #flAlici_0>div>span' in '30' second(s)

2021-11-19 17:09:50 - [MESSAGE][INFO] - Smart Wait Function is triggered

2021-11-19 17:09:57 - [MESSAGE][INFO] - Found 1 web elements with id: 'Object Repository/Olusturma/Genel/GorselTasarimBaslik' located by 'By.cssSelector: #flAlici_0>div>span' in '30' second(s)

2021-11-19 17:09:57 - [MESSAGE][PASSED] - Actual text and expected text of test object 'Object Repository/Olusturma/Genel/GorselTasarimBaslik' are matched.

2021-11-19 17:09:57 - [MESSAGE][PASSED] - Call Test Case 'Test Cases/Olusturma/Genel/GorselTasarimSayfasıBasligiIceriyorMu' successfully

2021-11-19 17:09:57 - [MESSAGE][INFO] - Checking called Test Case

2021-11-19 17:09:57 - [MESSAGE][INFO] - Starting to call Test Case 'Test Cases/Olusturma/Genel/AliciSecilir'

2021-11-19 17:09:57 - [TEST_CASE][PASSED] - Test Cases/Olusturma/Genel/AliciSecilir: Test Cases/Olusturma/Genel/AliciSecilir

2021-11-19 17:09:57 - [TEST_STEP][PASSED] - click(findTestObject("Olusturma/Genel/AliciBilgisi/Alici_Ara")): Object: 'Object Repository/Olusturma/Genel/AliciBilgisi/Alici_Ara' is clicked on

2021-11-19 17:09:57 - [MESSAGE][INFO] - Finding Test Object 'Object Repository/Olusturma/Genel/AliciBilgisi/Alici_Ara'

2021-11-19 17:09:57 - [MESSAGE][INFO] - Checking object

2021-11-19 17:09:57 - [MESSAGE][INFO] - Finding web element from Test Object's properties

2021-11-19 17:09:57 - [MESSAGE][INFO] - Checking timeout

2021-11-19 17:09:57 - [MESSAGE][INFO] - Finding web element with id: 'Object Repository/Olusturma/Genel/AliciBilgisi/Alici_Ara' located by 'By.xpath: //td[@id='txtCustomerText_B-1']' in '30' second(s)

2021-11-19 17:09:57 - [MESSAGE][INFO] - Smart Wait Function is triggered

2021-11-19 17:09:57 - [MESSAGE][INFO] - Found 1 web elements with id: 'Object Repository/Olusturma/Genel/AliciBilgisi/Alici_Ara' located by 'By.xpath: //td[@id='txtCustomerText_B-1']' in '30' second(s)

2021-11-19 17:09:57 - [MESSAGE][INFO] - Clicking on object: 'Object Repository/Olusturma/Genel/AliciBilgisi/Alici_Ara'

2021-11-19 17:09:57 - [MESSAGE][PASSED] - Object: 'Object Repository/Olusturma/Genel/AliciBilgisi/Alici_Ara' is clicked on

2021-11-19 17:09:57 - [TEST_STEP][PASSED] - click(findTestObject("Olusturma/Genel/AliciBilgisi/Alici_Bilgisi")): Object: 'Object Repository/Olusturma/Genel/AliciBilgisi/Alici_Bilgisi' is clicked on

2021-11-19 17:09:57 - [MESSAGE][INFO] - Finding Test Object 'Object Repository/Olusturma/Genel/AliciBilgisi/Alici_Bilgisi'

2021-11-19 17:09:57 - [MESSAGE][INFO] - Checking object

2021-11-19 17:09:57 - [MESSAGE][INFO] - Finding web element from Test Object's properties

2021-11-19 17:09:57 - [MESSAGE][INFO] - Checking timeout

2021-11-19 17:09:57 - [MESSAGE][INFO] - Finding web element with id: 'Object Repository/Olusturma/Genel/AliciBilgisi/Alici_Bilgisi' located by 'By.xpath: //iframe[@id='customerselectiframe']' in '30' second(s)

2021-11-19 17:09:57 - [MESSAGE][INFO] - Smart Wait Function is triggered

2021-11-19 17:09:58 - [MESSAGE][INFO] - Found 1 web elements with id: 'Object Repository/Olusturma/Genel/AliciBilgisi/Alici_Bilgisi' located by 'By.xpath: //iframe[@id='customerselectiframe']' in '30' second(s)

2021-11-19 17:09:58 - [MESSAGE][INFO] - Clicking on object: 'Object Repository/Olusturma/Genel/AliciBilgisi/Alici_Bilgisi'

2021-11-19 17:09:58 - [MESSAGE][PASSED] - Object: 'Object Repository/Olusturma/Genel/AliciBilgisi/Alici_Bilgisi' is clicked on

2021-11-19 17:09:58 - [TEST_STEP][PASSED] - setText(findTestObject("Olusturma/Genel/AliciBilgisi/Alici_Gir"), Alici_Adi): Switching to default content

2021-11-19 17:09:58 - [MESSAGE][INFO] - Finding Test Object 'Object Repository/Olusturma/Genel/AliciBilgisi/Alici_Gir'

2021-11-19 17:09:58 - [MESSAGE][INFO] - Finding Test Object 'Object Repository/Olusturma/Genel/AliciBilgisi/Alici_Bilgisi'

2021-11-19 17:09:58 - [MESSAGE][INFO] - Checking object

2021-11-19 17:09:58 - [MESSAGE][INFO] - Checking text

2021-11-19 17:09:58 - [MESSAGE][INFO] - Object: 'Object Repository/Olusturma/Genel/AliciBilgisi/Alici_Gir' has parent object(s)

2021-11-19 17:09:58 - [MESSAGE][INFO] - Switching to iframe: 'Object Repository/Olusturma/Genel/AliciBilgisi/Alici_Bilgisi'

2021-11-19 17:09:58 - [MESSAGE][INFO] - Finding web element from Test Object's properties

2021-11-19 17:09:58 - [MESSAGE][INFO] - Checking timeout

2021-11-19 17:09:58 - [MESSAGE][INFO] - Finding web element with id: 'Object Repository/Olusturma/Genel/AliciBilgisi/Alici_Bilgisi' located by 'By.xpath: //iframe[@id='customerselectiframe']' in '30' second(s)

2021-11-19 17:09:58 - [MESSAGE][INFO] - Smart Wait Function is triggered

2021-11-19 17:09:58 - [MESSAGE][INFO] - Found 1 web elements with id: 'Object Repository/Olusturma/Genel/AliciBilgisi/Alici_Bilgisi' located by 'By.xpath: //iframe[@id='customerselectiframe']' in '30' second(s)

2021-11-19 17:09:58 - [MESSAGE][INFO] - Switched to iframe: 'Object Repository/Olusturma/Genel/AliciBilgisi/Alici_Bilgisi'

2021-11-19 17:09:58 - [MESSAGE][INFO] - Finding web element from Test Object's properties

2021-11-19 17:09:58 - [MESSAGE][INFO] - Checking timeout

2021-11-19 17:09:58 - [MESSAGE][INFO] - Finding web element with id: 'Object Repository/Olusturma/Genel/AliciBilgisi/Alici_Gir' located by 'By.xpath: //input[@id='GridViewCustomer_DXFREditorcol1_I']' in '30' second(s)

2021-11-19 17:09:58 - [MESSAGE][INFO] - Smart Wait Function is triggered

2021-11-19 17:09:58 - [MESSAGE][INFO] - Found 1 web elements with id: 'Object Repository/Olusturma/Genel/AliciBilgisi/Alici_Gir' located by 'By.xpath: //input[@id='GridViewCustomer_DXFREditorcol1_I']' in '30' second(s)

2021-11-19 17:09:58 - [MESSAGE][INFO] - Clearing text of object 'Object Repository/Olusturma/Genel/AliciBilgisi/Alici_Gir'

2021-11-19 17:09:58 - [MESSAGE][INFO] - Finding web element from Test Object's properties

2021-11-19 17:09:58 - [MESSAGE][INFO] - Checking timeout

2021-11-19 17:09:58 - [MESSAGE][INFO] - Finding web element with id: 'Object Repository/Olusturma/Genel/AliciBilgisi/Alici_Gir' located by 'By.xpath: //input[@id='GridViewCustomer_DXFREditorcol1_I']' in '30' second(s)

2021-11-19 17:09:58 - [MESSAGE][INFO] - Smart Wait Function is triggered

2021-11-19 17:09:58 - [MESSAGE][INFO] - Found 1 web elements with id: 'Object Repository/Olusturma/Genel/AliciBilgisi/Alici_Gir' located by 'By.xpath: //input[@id='GridViewCustomer_DXFREditorcol1_I']' in '30' second(s)

2021-11-19 17:09:58 - [MESSAGE][INFO] - Setting text of object 'Object Repository/Olusturma/Genel/AliciBilgisi/Alici_Gir' to value 'UC0011'

2021-11-19 17:09:58 - [MESSAGE][PASSED] - Text 'UC0011' is set on object 'Object Repository/Olusturma/Genel/AliciBilgisi/Alici_Gir'

2021-11-19 17:09:58 - [MESSAGE][INFO] - Switching to default content

2021-11-19 17:09:58 - [TEST_STEP][PASSED] - waitForElementClickable(findTestObject("Olusturma/Genel/AliciBilgisi/Alici_Adi"), 10): Switching to default content

2021-11-19 17:09:58 - [MESSAGE][INFO] - Finding Test Object 'Object Repository/Olusturma/Genel/AliciBilgisi/Alici_Adi'

2021-11-19 17:09:58 - [MESSAGE][INFO] - Finding Test Object 'Object Repository/Olusturma/Genel/AliciBilgisi/iframe_Alc Bilgisi_customerselectiframe'

2021-11-19 17:09:59 - [MESSAGE][INFO] - Checking object

2021-11-19 17:09:59 - [MESSAGE][INFO] - Checking timeout

2021-11-19 17:09:59 - [MESSAGE][INFO] - Object: 'Object Repository/Olusturma/Genel/AliciBilgisi/Alici_Adi' has parent object(s)

2021-11-19 17:09:59 - [MESSAGE][INFO] - Switching to iframe: 'Object Repository/Olusturma/Genel/AliciBilgisi/iframe_Alc Bilgisi_customerselectiframe'

2021-11-19 17:09:59 - [MESSAGE][INFO] - Finding web element from Test Object's properties

2021-11-19 17:09:59 - [MESSAGE][INFO] - Checking timeout

2021-11-19 17:09:59 - [MESSAGE][INFO] - Finding web element with id: 'Object Repository/Olusturma/Genel/AliciBilgisi/iframe_Alc Bilgisi_customerselectiframe' located by 'By.xpath: //iframe[@id='customerselectiframe']' in '10' second(s)

2021-11-19 17:09:59 - [MESSAGE][INFO] - Smart Wait Function is triggered

2021-11-19 17:09:59 - [MESSAGE][INFO] - Found 1 web elements with id: 'Object Repository/Olusturma/Genel/AliciBilgisi/iframe_Alc Bilgisi_customerselectiframe' located by 'By.xpath: //iframe[@id='customerselectiframe']' in '10' second(s)

2021-11-19 17:09:59 - [MESSAGE][INFO] - Switched to iframe: 'Object Repository/Olusturma/Genel/AliciBilgisi/iframe_Alc Bilgisi_customerselectiframe'

2021-11-19 17:09:59 - [MESSAGE][INFO] - Finding web element from Test Object's properties

2021-11-19 17:09:59 - [MESSAGE][INFO] - Checking timeout

2021-11-19 17:09:59 - [MESSAGE][INFO] - Finding web element with id: 'Object Repository/Olusturma/Genel/AliciBilgisi/Alici_Adi' located by 'By.xpath: //tr[@id='GridViewCustomer_DXDataRow0']/td[2]' in '10' second(s)

2021-11-19 17:09:59 - [MESSAGE][INFO] - Smart Wait Function is triggered

2021-11-19 17:09:59 - [MESSAGE][INFO] - Found 1 web elements with id: 'Object Repository/Olusturma/Genel/AliciBilgisi/Alici_Adi' located by 'By.xpath: //tr[@id='GridViewCustomer_DXDataRow0']/td[2]' in '10' second(s)

2021-11-19 17:09:59 - [MESSAGE][PASSED] - Object 'Object Repository/Olusturma/Genel/AliciBilgisi/Alici_Adi' is clickable

2021-11-19 17:09:59 - [MESSAGE][INFO] - Switching to default content

2021-11-19 17:09:59 - [TEST_STEP][PASSED] - click(findTestObject("Olusturma/Genel/AliciBilgisi/frame")): Switching to default content

2021-11-19 17:09:59 - [MESSAGE][INFO] - Finding Test Object 'Object Repository/Olusturma/Genel/AliciBilgisi/frame'

2021-11-19 17:09:59 - [MESSAGE][INFO] - Finding Test Object 'Object Repository/Olusturma/Genel/AliciBilgisi/iframe_Alc Bilgisi_customerselectiframe'

2021-11-19 17:09:59 - [MESSAGE][INFO] - Checking object

2021-11-19 17:09:59 - [MESSAGE][INFO] - Object: 'Object Repository/Olusturma/Genel/AliciBilgisi/frame' has parent object(s)

2021-11-19 17:09:59 - [MESSAGE][INFO] - Switching to iframe: 'Object Repository/Olusturma/Genel/AliciBilgisi/iframe_Alc Bilgisi_customerselectiframe'

2021-11-19 17:09:59 - [MESSAGE][INFO] - Finding web element from Test Object's properties

2021-11-19 17:09:59 - [MESSAGE][INFO] - Checking timeout

2021-11-19 17:09:59 - [MESSAGE][INFO] - Finding web element with id: 'Object Repository/Olusturma/Genel/AliciBilgisi/iframe_Alc Bilgisi_customerselectiframe' located by 'By.xpath: //iframe[@id='customerselectiframe']' in '30' second(s)

2021-11-19 17:09:59 - [MESSAGE][INFO] - Smart Wait Function is triggered

2021-11-19 17:09:59 - [MESSAGE][INFO] - Found 1 web elements with id: 'Object Repository/Olusturma/Genel/AliciBilgisi/iframe_Alc Bilgisi_customerselectiframe' located by 'By.xpath: //iframe[@id='customerselectiframe']' in '30' second(s)

2021-11-19 17:09:59 - [MESSAGE][INFO] - Switched to iframe: 'Object Repository/Olusturma/Genel/AliciBilgisi/iframe_Alc Bilgisi_customerselectiframe'

2021-11-19 17:09:59 - [MESSAGE][INFO] - Finding web element from Test Object's properties

2021-11-19 17:09:59 - [MESSAGE][INFO] - Checking timeout

2021-11-19 17:09:59 - [MESSAGE][INFO] - Finding web element with id: 'Object Repository/Olusturma/Genel/AliciBilgisi/frame' located by 'By.xpath: //*/text()[normalize-space(.)='']/parent::*' in '30' second(s)

2021-11-19 17:09:59 - [MESSAGE][INFO] - Smart Wait Function is triggered

2021-11-19 17:09:59 - [MESSAGE][INFO] - Found 66 web elements with id: 'Object Repository/Olusturma/Genel/AliciBilgisi/frame' located by 'By.xpath: //*/text()[normalize-space(.)='']/parent::*' in '30' second(s)

2021-11-19 17:09:59 - [MESSAGE][INFO] - Clicking on object: 'Object Repository/Olusturma/Genel/AliciBilgisi/frame'

2021-11-19 17:09:59 - [MESSAGE][PASSED] - Object: 'Object Repository/Olusturma/Genel/AliciBilgisi/frame' is clicked on

2021-11-19 17:09:59 - [MESSAGE][INFO] - Switching to default content

2021-11-19 17:10:00 - [TEST_STEP][PASSED] - click(findTestObject("Olusturma/Genel/AliciBilgisi/Alici_Adi")): Switching to default content

2021-11-19 17:10:00 - [MESSAGE][INFO] - Finding Test Object 'Object Repository/Olusturma/Genel/AliciBilgisi/Alici_Adi'

2021-11-19 17:10:00 - [MESSAGE][INFO] - Finding Test Object 'Object Repository/Olusturma/Genel/AliciBilgisi/iframe_Alc Bilgisi_customerselectiframe'

2021-11-19 17:10:00 - [MESSAGE][INFO] - Checking object

2021-11-19 17:10:00 - [MESSAGE][INFO] - Object: 'Object Repository/Olusturma/Genel/AliciBilgisi/Alici_Adi' has parent object(s)

2021-11-19 17:10:00 - [MESSAGE][INFO] - Switching to iframe: 'Object Repository/Olusturma/Genel/AliciBilgisi/iframe_Alc Bilgisi_customerselectiframe'

2021-11-19 17:10:00 - [MESSAGE][INFO] - Finding web element from Test Object's properties

2021-11-19 17:10:00 - [MESSAGE][INFO] - Checking timeout

2021-11-19 17:10:00 - [MESSAGE][INFO] - Finding web element with id: 'Object Repository/Olusturma/Genel/AliciBilgisi/iframe_Alc Bilgisi_customerselectiframe' located by 'By.xpath: //iframe[@id='customerselectiframe']' in '30' second(s)

2021-11-19 17:10:00 - [MESSAGE][INFO] - Smart Wait Function is triggered

2021-11-19 17:10:00 - [MESSAGE][INFO] - Found 1 web elements with id: 'Object Repository/Olusturma/Genel/AliciBilgisi/iframe_Alc Bilgisi_customerselectiframe' located by 'By.xpath: //iframe[@id='customerselectiframe']' in '30' second(s)

2021-11-19 17:10:00 - [MESSAGE][INFO] - Switched to iframe: 'Object Repository/Olusturma/Genel/AliciBilgisi/iframe_Alc Bilgisi_customerselectiframe'

2021-11-19 17:10:00 - [MESSAGE][INFO] - Finding web element from Test Object's properties

2021-11-19 17:10:00 - [MESSAGE][INFO] - Checking timeout

2021-11-19 17:10:00 - [MESSAGE][INFO] - Finding web element with id: 'Object Repository/Olusturma/Genel/AliciBilgisi/Alici_Adi' located by 'By.xpath: //tr[@id='GridViewCustomer_DXDataRow0']/td[2]' in '30' second(s)

2021-11-19 17:10:00 - [MESSAGE][INFO] - Smart Wait Function is triggered

2021-11-19 17:10:00 - [MESSAGE][INFO] - Found 1 web elements with id: 'Object Repository/Olusturma/Genel/AliciBilgisi/Alici_Adi' located by 'By.xpath: //tr[@id='GridViewCustomer_DXDataRow0']/td[2]' in '30' second(s)

2021-11-19 17:10:00 - [MESSAGE][INFO] - Clicking on object: 'Object Repository/Olusturma/Genel/AliciBilgisi/Alici_Adi'

2021-11-19 17:10:00 - [MESSAGE][PASSED] - Object: 'Object Repository/Olusturma/Genel/AliciBilgisi/Alici_Adi' is clicked on

2021-11-19 17:10:00 - [MESSAGE][INFO] - Switching to default content

2021-11-19 17:10:00 - [TEST_STEP][PASSED] - click(findTestObject("Olusturma/Genel/AliciBilgisi/Tamam_Bosluk")): Switching to default content

2021-11-19 17:10:00 - [MESSAGE][INFO] - Finding Test Object 'Object Repository/Olusturma/Genel/AliciBilgisi/Tamam_Bosluk'

2021-11-19 17:10:00 - [MESSAGE][INFO] - Finding Test Object 'Object Repository/Olusturma/Genel/AliciBilgisi/Alici_Bilgisi'

2021-11-19 17:10:00 - [MESSAGE][INFO] - Checking object

2021-11-19 17:10:00 - [MESSAGE][INFO] - Object: 'Object Repository/Olusturma/Genel/AliciBilgisi/Tamam_Bosluk' has parent object(s)

2021-11-19 17:10:00 - [MESSAGE][INFO] - Switching to iframe: 'Object Repository/Olusturma/Genel/AliciBilgisi/Alici_Bilgisi'

2021-11-19 17:10:00 - [MESSAGE][INFO] - Finding web element from Test Object's properties

2021-11-19 17:10:00 - [MESSAGE][INFO] - Checking timeout

2021-11-19 17:10:00 - [MESSAGE][INFO] - Finding web element with id: 'Object Repository/Olusturma/Genel/AliciBilgisi/Alici_Bilgisi' located by 'By.xpath: //iframe[@id='customerselectiframe']' in '30' second(s)

2021-11-19 17:10:00 - [MESSAGE][INFO] - Smart Wait Function is triggered

2021-11-19 17:10:00 - [MESSAGE][INFO] - Found 1 web elements with id: 'Object Repository/Olusturma/Genel/AliciBilgisi/Alici_Bilgisi' located by 'By.xpath: //iframe[@id='customerselectiframe']' in '30' second(s)

2021-11-19 17:10:01 - [MESSAGE][INFO] - Switched to iframe: 'Object Repository/Olusturma/Genel/AliciBilgisi/Alici_Bilgisi'

2021-11-19 17:10:01 - [MESSAGE][INFO] - Finding web element from Test Object's properties

2021-11-19 17:10:01 - [MESSAGE][INFO] - Checking timeout

2021-11-19 17:10:01 - [MESSAGE][INFO] - Finding web element with id: 'Object Repository/Olusturma/Genel/AliciBilgisi/Tamam_Bosluk' located by 'By.xpath: (.//*[normalize-space(text()) and normalize-space(.)='Sayfa Boyutu:'])[1]/following::div[7]' in '30' second(s)

2021-11-19 17:10:01 - [MESSAGE][INFO] - Smart Wait Function is triggered

2021-11-19 17:10:01 - [MESSAGE][INFO] - Found 1 web elements with id: 'Object Repository/Olusturma/Genel/AliciBilgisi/Tamam_Bosluk' located by 'By.xpath: (.//*[normalize-space(text()) and normalize-space(.)='Sayfa Boyutu:'])[1]/following::div[7]' in '30' second(s)

2021-11-19 17:10:01 - [MESSAGE][INFO] - Clicking on object: 'Object Repository/Olusturma/Genel/AliciBilgisi/Tamam_Bosluk'

2021-11-19 17:10:01 - [MESSAGE][PASSED] - Object: 'Object Repository/Olusturma/Genel/AliciBilgisi/Tamam_Bosluk' is clicked on

2021-11-19 17:10:01 - [MESSAGE][INFO] - Switching to default content

2021-11-19 17:10:01 - [TEST_STEP][PASSED] - waitForElementClickable(findTestObject("Olusturma/Genel/AliciBilgisi/Tamam_Butonu"), 10): Switching to default content

2021-11-19 17:10:01 - [MESSAGE][INFO] - Finding Test Object 'Object Repository/Olusturma/Genel/AliciBilgisi/Tamam_Butonu'

2021-11-19 17:10:01 - [MESSAGE][INFO] - Finding Test Object 'Object Repository/Olusturma/Genel/AliciBilgisi/Alici_Bilgisi'

2021-11-19 17:10:01 - [MESSAGE][INFO] - Checking object

2021-11-19 17:10:01 - [MESSAGE][INFO] - Checking timeout

2021-11-19 17:10:01 - [MESSAGE][INFO] - Object: 'Object Repository/Olusturma/Genel/AliciBilgisi/Tamam_Butonu' has parent object(s)

2021-11-19 17:10:01 - [MESSAGE][INFO] - Switching to iframe: 'Object Repository/Olusturma/Genel/AliciBilgisi/Alici_Bilgisi'

2021-11-19 17:10:01 - [MESSAGE][INFO] - Finding web element from Test Object's properties

2021-11-19 17:10:01 - [MESSAGE][INFO] - Checking timeout

2021-11-19 17:10:01 - [MESSAGE][INFO] - Finding web element with id: 'Object Repository/Olusturma/Genel/AliciBilgisi/Alici_Bilgisi' located by 'By.xpath: //iframe[@id='customerselectiframe']' in '10' second(s)

2021-11-19 17:10:01 - [MESSAGE][INFO] - Smart Wait Function is triggered

2021-11-19 17:10:01 - [MESSAGE][INFO] - Found 1 web elements with id: 'Object Repository/Olusturma/Genel/AliciBilgisi/Alici_Bilgisi' located by 'By.xpath: //iframe[@id='customerselectiframe']' in '10' second(s)

2021-11-19 17:10:01 - [MESSAGE][INFO] - Switched to iframe: 'Object Repository/Olusturma/Genel/AliciBilgisi/Alici_Bilgisi'

2021-11-19 17:10:01 - [MESSAGE][INFO] - Finding web element from Test Object's properties

2021-11-19 17:10:01 - [MESSAGE][INFO] - Checking timeout

2021-11-19 17:10:01 - [MESSAGE][INFO] - Finding web element with id: 'Object Repository/Olusturma/Genel/AliciBilgisi/Tamam_Butonu' located by 'By.xpath: //div[@id='btnSelectCustomer_CD']/span' in '10' second(s)

2021-11-19 17:10:01 - [MESSAGE][INFO] - Smart Wait Function is triggered

2021-11-19 17:10:01 - [MESSAGE][INFO] - Found 1 web elements with id: 'Object Repository/Olusturma/Genel/AliciBilgisi/Tamam_Butonu' located by 'By.xpath: //div[@id='btnSelectCustomer_CD']/span' in '10' second(s)

2021-11-19 17:10:01 - [MESSAGE][PASSED] - Object 'Object Repository/Olusturma/Genel/AliciBilgisi/Tamam_Butonu' is clickable

2021-11-19 17:10:01 - [MESSAGE][INFO] - Switching to default content

2021-11-19 17:10:01 - [TEST_STEP][PASSED] - click(findTestObject("Olusturma/Genel/AliciBilgisi/Tamam_Butonu")): Switching to default content

2021-11-19 17:10:01 - [MESSAGE][INFO] - Finding Test Object 'Object Repository/Olusturma/Genel/AliciBilgisi/Tamam_Butonu'

2021-11-19 17:10:01 - [MESSAGE][INFO] - Finding Test Object 'Object Repository/Olusturma/Genel/AliciBilgisi/Alici_Bilgisi'

2021-11-19 17:10:01 - [MESSAGE][INFO] - Checking object

2021-11-19 17:10:01 - [MESSAGE][INFO] - Object: 'Object Repository/Olusturma/Genel/AliciBilgisi/Tamam_Butonu' has parent object(s)

2021-11-19 17:10:01 - [MESSAGE][INFO] - Switching to iframe: 'Object Repository/Olusturma/Genel/AliciBilgisi/Alici_Bilgisi'

2021-11-19 17:10:01 - [MESSAGE][INFO] - Finding web element from Test Object's properties

2021-11-19 17:10:01 - [MESSAGE][INFO] - Checking timeout

2021-11-19 17:10:01 - [MESSAGE][INFO] - Finding web element with id: 'Object Repository/Olusturma/Genel/AliciBilgisi/Alici_Bilgisi' located by 'By.xpath: //iframe[@id='customerselectiframe']' in '30' second(s)

2021-11-19 17:10:01 - [MESSAGE][INFO] - Smart Wait Function is triggered

2021-11-19 17:10:02 - [MESSAGE][INFO] - Found 1 web elements with id: 'Object Repository/Olusturma/Genel/AliciBilgisi/Alici_Bilgisi' located by 'By.xpath: //iframe[@id='customerselectiframe']' in '30' second(s)

2021-11-19 17:10:02 - [MESSAGE][INFO] - Switched to iframe: 'Object Repository/Olusturma/Genel/AliciBilgisi/Alici_Bilgisi'

2021-11-19 17:10:02 - [MESSAGE][INFO] - Finding web element from Test Object's properties

2021-11-19 17:10:02 - [MESSAGE][INFO] - Checking timeout

2021-11-19 17:10:02 - [MESSAGE][INFO] - Finding web element with id: 'Object Repository/Olusturma/Genel/AliciBilgisi/Tamam_Butonu' located by 'By.xpath: //div[@id='btnSelectCustomer_CD']/span' in '30' second(s)

2021-11-19 17:10:02 - [MESSAGE][INFO] - Smart Wait Function is triggered

2021-11-19 17:10:02 - [MESSAGE][INFO] - Found 1 web elements with id: 'Object Repository/Olusturma/Genel/AliciBilgisi/Tamam_Butonu' located by 'By.xpath: //div[@id='btnSelectCustomer_CD']/span' in '30' second(s)

2021-11-19 17:10:02 - [MESSAGE][INFO] - Clicking on object: 'Object Repository/Olusturma/Genel/AliciBilgisi/Tamam_Butonu'

2021-11-19 17:10:02 - [MESSAGE][PASSED] - Object: 'Object Repository/Olusturma/Genel/AliciBilgisi/Tamam_Butonu' is clicked on

2021-11-19 17:10:02 - [MESSAGE][INFO] - Switching to default content

2021-11-19 17:10:02 - [TEST_STEP][PASSED] - waitForElementPresent(findTestObject("Olusturma/Genel/AliciBilgisi/VKN-TCKN"), 10): Object 'Object Repository/Olusturma/Genel/AliciBilgisi/VKN-TCKN' is present

2021-11-19 17:10:02 - [MESSAGE][INFO] - Finding Test Object 'Object Repository/Olusturma/Genel/AliciBilgisi/VKN-TCKN'

2021-11-19 17:10:02 - [MESSAGE][INFO] - Checking object

2021-11-19 17:10:02 - [MESSAGE][INFO] - Finding web element from Test Object's properties

2021-11-19 17:10:02 - [MESSAGE][INFO] - Checking timeout

2021-11-19 17:10:02 - [MESSAGE][INFO] - Finding web element with id: 'Object Repository/Olusturma/Genel/AliciBilgisi/VKN-TCKN' located by 'By.xpath: //*[@id = 'txtVknTckn_I']' in '10' second(s)

2021-11-19 17:10:02 - [MESSAGE][INFO] - Smart Wait Function is triggered

2021-11-19 17:10:03 - [MESSAGE][INFO] - Found 1 web elements with id: 'Object Repository/Olusturma/Genel/AliciBilgisi/VKN-TCKN' located by 'By.xpath: //*[@id = 'txtVknTckn_I']' in '10' second(s)

2021-11-19 17:10:03 - [MESSAGE][PASSED] - Object 'Object Repository/Olusturma/Genel/AliciBilgisi/VKN-TCKN' is present

2021-11-19 17:10:03 - [TEST_STEP][PASSED] - text = getAttribute(findTestObject("Olusturma/Genel/AliciBilgisi/VKN-TCKN"), "value"): Attribute 'value' of object 'Object Repository/Olusturma/Genel/AliciBilgisi/VKN-TCKN' is: '5323383845'

2021-11-19 17:10:03 - [MESSAGE][INFO] - Finding Test Object 'Object Repository/Olusturma/Genel/AliciBilgisi/VKN-TCKN'

2021-11-19 17:10:03 - [MESSAGE][INFO] - Checking object

2021-11-19 17:10:03 - [MESSAGE][INFO] - Checking attribute

2021-11-19 17:10:03 - [MESSAGE][INFO] - Finding web element from Test Object's properties

2021-11-19 17:10:03 - [MESSAGE][INFO] - Checking timeout

2021-11-19 17:10:03 - [MESSAGE][INFO] - Finding web element with id: 'Object Repository/Olusturma/Genel/AliciBilgisi/VKN-TCKN' located by 'By.xpath: //*[@id = 'txtVknTckn_I']' in '30' second(s)

2021-11-19 17:10:03 - [MESSAGE][INFO] - Smart Wait Function is triggered

2021-11-19 17:10:03 - [MESSAGE][INFO] - Found 1 web elements with id: 'Object Repository/Olusturma/Genel/AliciBilgisi/VKN-TCKN' located by 'By.xpath: //*[@id = 'txtVknTckn_I']' in '30' second(s)

2021-11-19 17:10:03 - [MESSAGE][INFO] - Getting attribute 'value' of object 'Object Repository/Olusturma/Genel/AliciBilgisi/VKN-TCKN'

2021-11-19 17:10:03 - [MESSAGE][PASSED] - Attribute 'value' of object 'Object Repository/Olusturma/Genel/AliciBilgisi/VKN-TCKN' is: '5323383845'

2021-11-19 17:10:03 - [TEST_STEP][PASSED] - if (text.equals("")): null

2021-11-19 17:10:03 - [MESSAGE][PASSED] - Call Test Case 'Test Cases/Olusturma/Genel/AliciSecilir' successfully

2021-11-19 17:10:03 - [MESSAGE][INFO] - Checking called Test Case

2021-11-19 17:10:03 - [MESSAGE][INFO] - Starting to call Test Case 'Test Cases/Olusturma/Genel/GonderimSekliSecilir'

2021-11-19 17:10:03 - [TEST_CASE][PASSED] - Test Cases/Olusturma/Genel/GonderimSekliSecilir: Test Cases/Olusturma/Genel/GonderimSekliSecilir

2021-11-19 17:10:03 - [TEST_STEP][PASSED] - waitForElementClickable(findTestObject("Object Repository/Olusturma/Genel/GonderimSekli/GonderimSekli"), 10): Object 'Object Repository/Olusturma/Genel/GonderimSekli/GonderimSekli' is clickable

2021-11-19 17:10:03 - [MESSAGE][INFO] - Finding Test Object 'Object Repository/Olusturma/Genel/GonderimSekli/GonderimSekli'

2021-11-19 17:10:03 - [MESSAGE][INFO] - Checking object

2021-11-19 17:10:03 - [MESSAGE][INFO] - Checking timeout

2021-11-19 17:10:03 - [MESSAGE][INFO] - Finding web element from Test Object's properties

2021-11-19 17:10:03 - [MESSAGE][INFO] - Checking timeout

2021-11-19 17:10:03 - [MESSAGE][INFO] - Finding web element with id: 'Object Repository/Olusturma/Genel/GonderimSekli/GonderimSekli' located by 'By.xpath: //*[@id = 'txtGonderimSekil_I']' in '10' second(s)

2021-11-19 17:10:03 - [MESSAGE][INFO] - Smart Wait Function is triggered

2021-11-19 17:10:03 - [MESSAGE][INFO] - Found 1 web elements with id: 'Object Repository/Olusturma/Genel/GonderimSekli/GonderimSekli' located by 'By.xpath: //*[@id = 'txtGonderimSekil_I']' in '10' second(s)

2021-11-19 17:10:03 - [MESSAGE][PASSED] - Object 'Object Repository/Olusturma/Genel/GonderimSekli/GonderimSekli' is clickable

2021-11-19 17:10:03 - [TEST_STEP][PASSED] - click(findTestObject("Object Repository/Olusturma/Genel/GonderimSekli/GonderimSekli")): Object: 'Object Repository/Olusturma/Genel/GonderimSekli/GonderimSekli' is clicked on

2021-11-19 17:10:03 - [MESSAGE][INFO] - Finding Test Object 'Object Repository/Olusturma/Genel/GonderimSekli/GonderimSekli'

2021-11-19 17:10:03 - [MESSAGE][INFO] - Checking object

2021-11-19 17:10:03 - [MESSAGE][INFO] - Finding web element from Test Object's properties

2021-11-19 17:10:03 - [MESSAGE][INFO] - Checking timeout

2021-11-19 17:10:03 - [MESSAGE][INFO] - Finding web element with id: 'Object Repository/Olusturma/Genel/GonderimSekli/GonderimSekli' located by 'By.xpath: //*[@id = 'txtGonderimSekil_I']' in '30' second(s)

2021-11-19 17:10:03 - [MESSAGE][INFO] - Smart Wait Function is triggered

2021-11-19 17:10:04 - [MESSAGE][INFO] - Found 1 web elements with id: 'Object Repository/Olusturma/Genel/GonderimSekli/GonderimSekli' located by 'By.xpath: //*[@id = 'txtGonderimSekil_I']' in '30' second(s)

2021-11-19 17:10:04 - [MESSAGE][INFO] - Clicking on object: 'Object Repository/Olusturma/Genel/GonderimSekli/GonderimSekli'

2021-11-19 17:10:04 - [MESSAGE][PASSED] - Object: 'Object Repository/Olusturma/Genel/GonderimSekli/GonderimSekli' is clicked on

2021-11-19 17:10:04 - [TEST_STEP][PASSED] - Method.TextDegerineEsitElementeTikla(findTestObject("Object Repository/Olusturma/Genel/GonderimSekli/GonderimSekliAdi"), GonderimSekli): Method.TextDegerineEsitElementeTikla is PASSED

2021-11-19 17:10:04 - [MESSAGE][INFO] - Finding Test Object 'Object Repository/Olusturma/Genel/GonderimSekli/GonderimSekliAdi'

2021-11-19 17:10:04 - [MESSAGE][INFO] - Checking timeout

2021-11-19 17:10:04 - [MESSAGE][INFO] - Finding web element with id: 'Object Repository/Olusturma/Genel/GonderimSekli/GonderimSekliAdi' located by 'By.cssSelector: #txtGonderimSekil_DDD_L_LBT td' in '10' second(s)

2021-11-19 17:10:04 - [MESSAGE][INFO] - Smart Wait Function is triggered

2021-11-19 17:10:04 - [MESSAGE][INFO] - Found 2 web elements with id: 'Object Repository/Olusturma/Genel/GonderimSekli/GonderimSekliAdi' located by 'By.cssSelector: #txtGonderimSekil_DDD_L_LBT td' in '10' second(s)

2021-11-19 17:10:04 - [MESSAGE][PASSED] - Method.TextDegerineEsitElementeTikla is PASSED

2021-11-19 17:10:04 - [MESSAGE][PASSED] - Call Test Case 'Test Cases/Olusturma/Genel/GonderimSekliSecilir' successfully

2021-11-19 17:10:04 - [MESSAGE][INFO] - Checking called Test Case

2021-11-19 17:10:04 - [MESSAGE][INFO] - Starting to call Test Case 'Test Cases/Olusturma/Genel/TipSecilir'

2021-11-19 17:10:04 - [TEST_CASE][PASSED] - Test Cases/Olusturma/Genel/TipSecilir: Test Cases/Olusturma/Genel/TipSecilir

2021-11-19 17:10:04 - [TEST_STEP][PASSED] - waitForElementClickable(findTestObject("Olusturma/Genel/TipSecilir/Tip"), 10): Object 'Object Repository/Olusturma/Genel/TipSecilir/Tip' is clickable

2021-11-19 17:10:04 - [MESSAGE][INFO] - Finding Test Object 'Object Repository/Olusturma/Genel/TipSecilir/Tip'

2021-11-19 17:10:05 - [MESSAGE][INFO] - Checking object

2021-11-19 17:10:05 - [MESSAGE][INFO] - Checking timeout

2021-11-19 17:10:05 - [MESSAGE][INFO] - Finding web element from Test Object's properties

2021-11-19 17:10:05 - [MESSAGE][INFO] - Checking timeout

2021-11-19 17:10:05 - [MESSAGE][INFO] - Finding web element with id: 'Object Repository/Olusturma/Genel/TipSecilir/Tip' located by 'By.xpath: //*[@id = 'DocumentTypeCode_I']' in '10' second(s)

2021-11-19 17:10:05 - [MESSAGE][INFO] - Smart Wait Function is triggered

2021-11-19 17:10:05 - [MESSAGE][INFO] - Found 1 web elements with id: 'Object Repository/Olusturma/Genel/TipSecilir/Tip' located by 'By.xpath: //*[@id = 'DocumentTypeCode_I']' in '10' second(s)

2021-11-19 17:10:05 - [MESSAGE][PASSED] - Object 'Object Repository/Olusturma/Genel/TipSecilir/Tip' is clickable

2021-11-19 17:10:05 - [TEST_STEP][PASSED] - click(findTestObject("Olusturma/Genel/TipSecilir/Tip")): Object: 'Object Repository/Olusturma/Genel/TipSecilir/Tip' is clicked on

2021-11-19 17:10:05 - [MESSAGE][INFO] - Finding Test Object 'Object Repository/Olusturma/Genel/TipSecilir/Tip'

2021-11-19 17:10:05 - [MESSAGE][INFO] - Checking object

2021-11-19 17:10:05 - [MESSAGE][INFO] - Finding web element from Test Object's properties

2021-11-19 17:10:05 - [MESSAGE][INFO] - Checking timeout

2021-11-19 17:10:05 - [MESSAGE][INFO] - Finding web element with id: 'Object Repository/Olusturma/Genel/TipSecilir/Tip' located by 'By.xpath: //*[@id = 'DocumentTypeCode_I']' in '30' second(s)

2021-11-19 17:10:05 - [MESSAGE][INFO] - Smart Wait Function is triggered

2021-11-19 17:10:05 - [MESSAGE][INFO] - Found 1 web elements with id: 'Object Repository/Olusturma/Genel/TipSecilir/Tip' located by 'By.xpath: //*[@id = 'DocumentTypeCode_I']' in '30' second(s)

2021-11-19 17:10:05 - [MESSAGE][INFO] - Clicking on object: 'Object Repository/Olusturma/Genel/TipSecilir/Tip'

2021-11-19 17:10:05 - [MESSAGE][PASSED] - Object: 'Object Repository/Olusturma/Genel/TipSecilir/Tip' is clicked on

2021-11-19 17:10:05 - [TEST_STEP][PASSED] - Method.TextDegerineEsitElementeTikla(findTestObject("Object Repository/Olusturma/Genel/TipSecilir/Tip_Adi"), Tip): Method.TextDegerineEsitElementeTikla is PASSED

2021-11-19 17:10:05 - [MESSAGE][INFO] - Finding Test Object 'Object Repository/Olusturma/Genel/TipSecilir/Tip_Adi'

2021-11-19 17:10:05 - [MESSAGE][INFO] - Checking timeout

2021-11-19 17:10:05 - [MESSAGE][INFO] - Finding web element with id: 'Object Repository/Olusturma/Genel/TipSecilir/Tip_Adi' located by 'By.cssSelector: #DocumentTypeCode_DDD_L_LBT td' in '10' second(s)

2021-11-19 17:10:05 - [MESSAGE][INFO] - Smart Wait Function is triggered

2021-11-19 17:10:06 - [MESSAGE][INFO] - Found 9 web elements with id: 'Object Repository/Olusturma/Genel/TipSecilir/Tip_Adi' located by 'By.cssSelector: #DocumentTypeCode_DDD_L_LBT td' in '10' second(s)

2021-11-19 17:10:06 - [MESSAGE][PASSED] - Method.TextDegerineEsitElementeTikla is PASSED

2021-11-19 17:10:06 - [MESSAGE][PASSED] - Call Test Case 'Test Cases/Olusturma/Genel/TipSecilir' successfully

2021-11-19 17:10:06 - [MESSAGE][INFO] - Checking called Test Case

2021-11-19 17:10:06 - [MESSAGE][INFO] - Starting to call Test Case 'Test Cases/Olusturma/Genel/DokumanParaBirimiSecilir'

2021-11-19 17:10:06 - [TEST_CASE][PASSED] - Test Cases/Olusturma/Genel/DokumanParaBirimiSecilir: Test Cases/Olusturma/Genel/DokumanParaBirimiSecilir

2021-11-19 17:10:06 - [TEST_STEP][PASSED] - waitForElementClickable(findTestObject("Object Repository/Olusturma/Genel/DokumanParaBirimiSecilir/Para"), 10): Object 'Object Repository/Olusturma/Genel/DokumanParaBirimiSecilir/Para' is clickable

2021-11-19 17:10:06 - [MESSAGE][INFO] - Finding Test Object 'Object Repository/Olusturma/Genel/DokumanParaBirimiSecilir/Para'

2021-11-19 17:10:06 - [MESSAGE][INFO] - Checking object

2021-11-19 17:10:06 - [MESSAGE][INFO] - Checking timeout

2021-11-19 17:10:06 - [MESSAGE][INFO] - Finding web element from Test Object's properties

2021-11-19 17:10:06 - [MESSAGE][INFO] - Checking timeout

2021-11-19 17:10:06 - [MESSAGE][INFO] - Finding web element with id: 'Object Repository/Olusturma/Genel/DokumanParaBirimiSecilir/Para' located by 'By.xpath: //*[@id = 'CurrencyUnit_I']' in '10' second(s)

2021-11-19 17:10:06 - [MESSAGE][INFO] - Smart Wait Function is triggered

2021-11-19 17:10:08 - [MESSAGE][INFO] - Found 1 web elements with id: 'Object Repository/Olusturma/Genel/DokumanParaBirimiSecilir/Para' located by 'By.xpath: //*[@id = 'CurrencyUnit_I']' in '10' second(s)

2021-11-19 17:10:08 - [MESSAGE][PASSED] - Object 'Object Repository/Olusturma/Genel/DokumanParaBirimiSecilir/Para' is clickable

2021-11-19 17:10:08 - [TEST_STEP][PASSED] - click(findTestObject("Object Repository/Olusturma/Genel/DokumanParaBirimiSecilir/Para")): Object: 'Object Repository/Olusturma/Genel/DokumanParaBirimiSecilir/Para' is clicked on

2021-11-19 17:10:08 - [MESSAGE][INFO] - Finding Test Object 'Object Repository/Olusturma/Genel/DokumanParaBirimiSecilir/Para'

2021-11-19 17:10:08 - [MESSAGE][INFO] - Checking object

2021-11-19 17:10:08 - [MESSAGE][INFO] - Finding web element from Test Object's properties

2021-11-19 17:10:08 - [MESSAGE][INFO] - Checking timeout

2021-11-19 17:10:08 - [MESSAGE][INFO] - Finding web element with id: 'Object Repository/Olusturma/Genel/DokumanParaBirimiSecilir/Para' located by 'By.xpath: //*[@id = 'CurrencyUnit_I']' in '30' second(s)

2021-11-19 17:10:08 - [MESSAGE][INFO] - Smart Wait Function is triggered

2021-11-19 17:10:08 - [MESSAGE][INFO] - Found 1 web elements with id: 'Object Repository/Olusturma/Genel/DokumanParaBirimiSecilir/Para' located by 'By.xpath: //*[@id = 'CurrencyUnit_I']' in '30' second(s)

2021-11-19 17:10:08 - [MESSAGE][INFO] - Clicking on object: 'Object Repository/Olusturma/Genel/DokumanParaBirimiSecilir/Para'

2021-11-19 17:10:08 - [MESSAGE][PASSED] - Object: 'Object Repository/Olusturma/Genel/DokumanParaBirimiSecilir/Para' is clicked on

2021-11-19 17:10:08 - [TEST_STEP][PASSED] - Method.TextDegerineEsitElementeTikla(findTestObject("Object Repository/Olusturma/Genel/DokumanParaBirimiSecilir/Para_Adi"), Para): Method.TextDegerineEsitElementeTikla is PASSED

2021-11-19 17:10:08 - [MESSAGE][INFO] - Finding Test Object 'Object Repository/Olusturma/Genel/DokumanParaBirimiSecilir/Para_Adi'

2021-11-19 17:10:08 - [MESSAGE][INFO] - Checking timeout

2021-11-19 17:10:08 - [MESSAGE][INFO] - Finding web element with id: 'Object Repository/Olusturma/Genel/DokumanParaBirimiSecilir/Para_Adi' located by 'By.cssSelector: #CurrencyUnit_DDD_L_LBT td' in '10' second(s)

2021-11-19 17:10:08 - [MESSAGE][INFO] - Smart Wait Function is triggered

2021-11-19 17:10:09 - [MESSAGE][INFO] - Found 203 web elements with id: 'Object Repository/Olusturma/Genel/DokumanParaBirimiSecilir/Para_Adi' located by 'By.cssSelector: #CurrencyUnit_DDD_L_LBT td' in '10' second(s)

2021-11-19 17:10:14 - [MESSAGE][PASSED] - Method.TextDegerineEsitElementeTikla is PASSED

2021-11-19 17:10:14 - [MESSAGE][PASSED] - Call Test Case 'Test Cases/Olusturma/Genel/DokumanParaBirimiSecilir' successfully

2021-11-19 17:10:14 - [MESSAGE][INFO] - Checking called Test Case

2021-11-19 17:10:14 - [MESSAGE][INFO] - Starting to call Test Case 'Test Cases/Olusturma/Genel/OnEkSecilir'

2021-11-19 17:10:14 - [TEST_CASE][PASSED] - Test Cases/Olusturma/Genel/OnEkSecilir: Test Cases/Olusturma/Genel/OnEkSecilir

2021-11-19 17:10:14 - [TEST_STEP][PASSED] - waitForElementClickable(findTestObject("Object Repository/Olusturma/Genel/OnEkSecilir/OnEk"), 10): Object 'Object Repository/Olusturma/Genel/OnEkSecilir/OnEk' is clickable

2021-11-19 17:10:14 - [MESSAGE][INFO] - Finding Test Object 'Object Repository/Olusturma/Genel/OnEkSecilir/OnEk'

2021-11-19 17:10:14 - [MESSAGE][INFO] - Checking object

2021-11-19 17:10:14 - [MESSAGE][INFO] - Checking timeout

2021-11-19 17:10:14 - [MESSAGE][INFO] - Finding web element from Test Object's properties

2021-11-19 17:10:14 - [MESSAGE][INFO] - Checking timeout

2021-11-19 17:10:14 - [MESSAGE][INFO] - Finding web element with id: 'Object Repository/Olusturma/Genel/OnEkSecilir/OnEk' located by 'By.xpath: //*[@id = 'InvoicePrefix_I']' in '10' second(s)

2021-11-19 17:10:14 - [MESSAGE][INFO] - Smart Wait Function is triggered

2021-11-19 17:10:15 - [MESSAGE][INFO] - Found 1 web elements with id: 'Object Repository/Olusturma/Genel/OnEkSecilir/OnEk' located by 'By.xpath: //*[@id = 'InvoicePrefix_I']' in '10' second(s)

2021-11-19 17:10:15 - [MESSAGE][PASSED] - Object 'Object Repository/Olusturma/Genel/OnEkSecilir/OnEk' is clickable

2021-11-19 17:10:15 - [TEST_STEP][PASSED] - click(findTestObject("Object Repository/Olusturma/Genel/OnEkSecilir/OnEk")): Object: 'Object Repository/Olusturma/Genel/OnEkSecilir/OnEk' is clicked on

2021-11-19 17:10:15 - [MESSAGE][INFO] - Finding Test Object 'Object Repository/Olusturma/Genel/OnEkSecilir/OnEk'

2021-11-19 17:10:15 - [MESSAGE][INFO] - Checking object

2021-11-19 17:10:15 - [MESSAGE][INFO] - Finding web element from Test Object's properties

2021-11-19 17:10:15 - [MESSAGE][INFO] - Checking timeout

2021-11-19 17:10:15 - [MESSAGE][INFO] - Finding web element with id: 'Object Repository/Olusturma/Genel/OnEkSecilir/OnEk' located by 'By.xpath: //*[@id = 'InvoicePrefix_I']' in '30' second(s)

2021-11-19 17:10:15 - [MESSAGE][INFO] - Smart Wait Function is triggered

2021-11-19 17:10:15 - [MESSAGE][INFO] - Found 1 web elements with id: 'Object Repository/Olusturma/Genel/OnEkSecilir/OnEk' located by 'By.xpath: //*[@id = 'InvoicePrefix_I']' in '30' second(s)

2021-11-19 17:10:15 - [MESSAGE][INFO] - Clicking on object: 'Object Repository/Olusturma/Genel/OnEkSecilir/OnEk'

2021-11-19 17:10:15 - [MESSAGE][PASSED] - Object: 'Object Repository/Olusturma/Genel/OnEkSecilir/OnEk' is clicked on

2021-11-19 17:10:15 - [TEST_STEP][PASSED] - Method.TextDegerineEsitElementeTiklaEquals(findTestObject("Object Repository/Olusturma/Genel/OnEkSecilir/OnEkAdi"), Ek): Method.TextDegerineEsitElementeTiklaEquals is PASSED

2021-11-19 17:10:15 - [MESSAGE][INFO] - Finding Test Object 'Object Repository/Olusturma/Genel/OnEkSecilir/OnEkAdi'

2021-11-19 17:10:15 - [MESSAGE][INFO] - Checking timeout

2021-11-19 17:10:15 - [MESSAGE][INFO] - Finding web element with id: 'Object Repository/Olusturma/Genel/OnEkSecilir/OnEkAdi' located by 'By.cssSelector: #InvoicePrefix_DDD_L_LBT td' in '10' second(s)

2021-11-19 17:10:15 - [MESSAGE][INFO] - Smart Wait Function is triggered

2021-11-19 17:10:16 - [MESSAGE][INFO] - Found 1 web elements with id: 'Object Repository/Olusturma/Genel/OnEkSecilir/OnEkAdi' located by 'By.cssSelector: #InvoicePrefix_DDD_L_LBT td' in '10' second(s)

2021-11-19 17:10:16 - [MESSAGE][PASSED] - Method.TextDegerineEsitElementeTiklaEquals is PASSED

2021-11-19 17:10:16 - [MESSAGE][PASSED] - Call Test Case 'Test Cases/Olusturma/Genel/OnEkSecilir' successfully

2021-11-19 17:10:16 - [MESSAGE][INFO] - Checking called Test Case

2021-11-19 17:10:16 - [MESSAGE][INFO] - Starting to call Test Case 'Test Cases/Olusturma/Genel/TasarimSecilir'

2021-11-19 17:10:16 - [TEST_CASE][PASSED] - Test Cases/Olusturma/Genel/TasarimSecilir: Test Cases/Olusturma/Genel/TasarimSecilir

2021-11-19 17:10:16 - [TEST_STEP][PASSED] - waitForElementClickable(findTestObject("Object Repository/Olusturma/Genel/TasarimSecilir/Tasarim"), 10): Object 'Object Repository/Olusturma/Genel/TasarimSecilir/Tasarim' is clickable

2021-11-19 17:10:16 - [MESSAGE][INFO] - Finding Test Object 'Object Repository/Olusturma/Genel/TasarimSecilir/Tasarim'

2021-11-19 17:10:16 - [MESSAGE][INFO] - Checking object

2021-11-19 17:10:16 - [MESSAGE][INFO] - Checking timeout

2021-11-19 17:10:16 - [MESSAGE][INFO] - Finding web element from Test Object's properties

2021-11-19 17:10:16 - [MESSAGE][INFO] - Checking timeout

2021-11-19 17:10:16 - [MESSAGE][INFO] - Finding web element with id: 'Object Repository/Olusturma/Genel/TasarimSecilir/Tasarim' located by 'By.xpath: //*[@id = 'DesignId_I']' in '10' second(s)

2021-11-19 17:10:16 - [MESSAGE][INFO] - Smart Wait Function is triggered

2021-11-19 17:10:16 - [MESSAGE][INFO] - Found 1 web elements with id: 'Object Repository/Olusturma/Genel/TasarimSecilir/Tasarim' located by 'By.xpath: //*[@id = 'DesignId_I']' in '10' second(s)

2021-11-19 17:10:16 - [MESSAGE][PASSED] - Object 'Object Repository/Olusturma/Genel/TasarimSecilir/Tasarim' is clickable

2021-11-19 17:10:16 - [TEST_STEP][PASSED] - click(findTestObject("Object Repository/Olusturma/Genel/TasarimSecilir/Tasarim")): Object: 'Object Repository/Olusturma/Genel/TasarimSecilir/Tasarim' is clicked on

2021-11-19 17:10:16 - [MESSAGE][INFO] - Finding Test Object 'Object Repository/Olusturma/Genel/TasarimSecilir/Tasarim'

2021-11-19 17:10:16 - [MESSAGE][INFO] - Checking object

2021-11-19 17:10:16 - [MESSAGE][INFO] - Finding web element from Test Object's properties

2021-11-19 17:10:16 - [MESSAGE][INFO] - Checking timeout

2021-11-19 17:10:16 - [MESSAGE][INFO] - Finding web element with id: 'Object Repository/Olusturma/Genel/TasarimSecilir/Tasarim' located by 'By.xpath: //*[@id = 'DesignId_I']' in '30' second(s)

2021-11-19 17:10:16 - [MESSAGE][INFO] - Smart Wait Function is triggered

2021-11-19 17:10:17 - [MESSAGE][INFO] - Found 1 web elements with id: 'Object Repository/Olusturma/Genel/TasarimSecilir/Tasarim' located by 'By.xpath: //*[@id = 'DesignId_I']' in '30' second(s)

2021-11-19 17:10:17 - [MESSAGE][INFO] - Clicking on object: 'Object Repository/Olusturma/Genel/TasarimSecilir/Tasarim'

2021-11-19 17:10:17 - [MESSAGE][PASSED] - Object: 'Object Repository/Olusturma/Genel/TasarimSecilir/Tasarim' is clicked on

2021-11-19 17:10:17 - [TEST_STEP][PASSED] - Method.TextDegerineEsitElementeTikla(findTestObject("Object Repository/Olusturma/Genel/TasarimSecilir/Tasarim_Adi"), Tasarim): Method.TextDegerineEsitElementeTikla is PASSED

2021-11-19 17:10:17 - [MESSAGE][INFO] - Finding Test Object 'Object Repository/Olusturma/Genel/TasarimSecilir/Tasarim_Adi'

2021-11-19 17:10:17 - [MESSAGE][INFO] - Checking timeout

2021-11-19 17:10:17 - [MESSAGE][INFO] - Finding web element with id: 'Object Repository/Olusturma/Genel/TasarimSecilir/Tasarim_Adi' located by 'By.cssSelector: #DesignId_DDD_L_LBT td' in '10' second(s)

2021-11-19 17:10:17 - [MESSAGE][INFO] - Smart Wait Function is triggered

2021-11-19 17:10:17 - [MESSAGE][INFO] - Found 1 web elements with id: 'Object Repository/Olusturma/Genel/TasarimSecilir/Tasarim_Adi' located by 'By.cssSelector: #DesignId_DDD_L_LBT td' in '10' second(s)

2021-11-19 17:10:17 - [MESSAGE][PASSED] - Method.TextDegerineEsitElementeTikla is PASSED

2021-11-19 17:10:17 - [MESSAGE][PASSED] - Call Test Case 'Test Cases/Olusturma/Genel/TasarimSecilir' successfully

2021-11-19 17:10:17 - [MESSAGE][INFO] - Checking called Test Case

2021-11-19 17:10:17 - [MESSAGE][INFO] - Starting to call Test Case 'Test Cases/Olusturma/Genel/Kutular/SiparisBilgileriGirilir'

2021-11-19 17:10:18 - [TEST_CASE][PASSED] - Test Cases/Olusturma/Genel/Kutular/SiparisBilgileriGirilir: Test Cases/Olusturma/Genel/Kutular/SiparisBilgileriGirilir

2021-11-19 17:10:18 - [TEST_STEP][PASSED] - Method.TextDegerineEsitElementeTikla(findTestObject("Olusturma/Genel/Kutular/KapaliKutular"), "Sipariş Bilgileri"): Method.TextDegerineEsitElementeTikla is PASSED

2021-11-19 17:10:18 - [MESSAGE][INFO] - Finding Test Object 'Object Repository/Olusturma/Genel/Kutular/KapaliKutular'

2021-11-19 17:10:18 - [MESSAGE][INFO] - Checking timeout

2021-11-19 17:10:18 - [MESSAGE][INFO] - Finding web element with id: 'Object Repository/Olusturma/Genel/Kutular/KapaliKutular' located by 'By.cssSelector: .dxnb-headerCollapsed>span' in '10' second(s)

2021-11-19 17:10:18 - [MESSAGE][INFO] - Smart Wait Function is triggered

2021-11-19 17:10:18 - [MESSAGE][INFO] - Found 8 web elements with id: 'Object Repository/Olusturma/Genel/Kutular/KapaliKutular' located by 'By.cssSelector: .dxnb-headerCollapsed>span' in '10' second(s)

2021-11-19 17:10:18 - [MESSAGE][PASSED] - Method.TextDegerineEsitElementeTikla is PASSED

2021-11-19 17:10:18 - [TEST_STEP][PASSED] - waitForElementPresent(findTestObject("Object Repository/Olusturma/Genel/Kutular/SiparisBilgileri/SiparisNo"), 10): Object 'Object Repository/Olusturma/Genel/Kutular/SiparisBilgileri/SiparisNo' is present

2021-11-19 17:10:18 - [MESSAGE][INFO] - Finding Test Object 'Object Repository/Olusturma/Genel/Kutular/SiparisBilgileri/SiparisNo'

2021-11-19 17:10:18 - [MESSAGE][INFO] - Checking object

2021-11-19 17:10:18 - [MESSAGE][INFO] - Finding web element from Test Object's properties

2021-11-19 17:10:18 - [MESSAGE][INFO] - Checking timeout

2021-11-19 17:10:18 - [MESSAGE][INFO] - Finding web element with id: 'Object Repository/Olusturma/Genel/Kutular/SiparisBilgileri/SiparisNo' located by 'By.xpath: //*[@id = 'txtSiparisNo_I']' in '10' second(s)

2021-11-19 17:10:18 - [MESSAGE][INFO] - Smart Wait Function is triggered

2021-11-19 17:10:18 - [MESSAGE][INFO] - Found 1 web elements with id: 'Object Repository/Olusturma/Genel/Kutular/SiparisBilgileri/SiparisNo' located by 'By.xpath: //*[@id = 'txtSiparisNo_I']' in '10' second(s)

2021-11-19 17:10:18 - [MESSAGE][PASSED] - Object 'Object Repository/Olusturma/Genel/Kutular/SiparisBilgileri/SiparisNo' is present

2021-11-19 17:10:18 - [TEST_STEP][PASSED] - clearText(findTestObject("Object Repository/Olusturma/Genel/Kutular/SiparisBilgileri/SiparisNo")): Text of object 'Object Repository/Olusturma/Genel/Kutular/SiparisBilgileri/SiparisNo' is cleared

2021-11-19 17:10:18 - [MESSAGE][INFO] - Finding Test Object 'Object Repository/Olusturma/Genel/Kutular/SiparisBilgileri/SiparisNo'

2021-11-19 17:10:19 - [MESSAGE][INFO] - Checking object

2021-11-19 17:10:19 - [MESSAGE][INFO] - Finding web element from Test Object's properties

2021-11-19 17:10:19 - [MESSAGE][INFO] - Checking timeout

2021-11-19 17:10:19 - [MESSAGE][INFO] - Finding web element with id: 'Object Repository/Olusturma/Genel/Kutular/SiparisBilgileri/SiparisNo' located by 'By.xpath: //*[@id = 'txtSiparisNo_I']' in '30' second(s)

2021-11-19 17:10:19 - [MESSAGE][INFO] - Smart Wait Function is triggered

2021-11-19 17:10:19 - [MESSAGE][INFO] - Found 1 web elements with id: 'Object Repository/Olusturma/Genel/Kutular/SiparisBilgileri/SiparisNo' located by 'By.xpath: //*[@id = 'txtSiparisNo_I']' in '30' second(s)

2021-11-19 17:10:19 - [MESSAGE][INFO] - Clearing text of object 'Object Repository/Olusturma/Genel/Kutular/SiparisBilgileri/SiparisNo'

2021-11-19 17:10:19 - [MESSAGE][PASSED] - Text of object 'Object Repository/Olusturma/Genel/Kutular/SiparisBilgileri/SiparisNo' is cleared

2021-11-19 17:10:19 - [TEST_STEP][PASSED] - sendKeys(findTestObject("Object Repository/Olusturma/Genel/Kutular/SiparisBilgileri/SiparisNo"), SiparisNo): Keys 'UUC-SAT-1200001' sent to object: 'Object Repository/Olusturma/Genel/Kutular/SiparisBilgileri/SiparisNo'

2021-11-19 17:10:19 - [MESSAGE][INFO] - Finding Test Object 'Object Repository/Olusturma/Genel/Kutular/SiparisBilgileri/SiparisNo'

2021-11-19 17:10:19 - [MESSAGE][INFO] - Sending keys 'UUC-SAT-1200001' to object: 'Object Repository/Olusturma/Genel/Kutular/SiparisBilgileri/SiparisNo'

2021-11-19 17:10:19 - [MESSAGE][INFO] - Finding web element from Test Object's properties

2021-11-19 17:10:19 - [MESSAGE][INFO] - Checking timeout

2021-11-19 17:10:19 - [MESSAGE][INFO] - Finding web element with id: 'Object Repository/Olusturma/Genel/Kutular/SiparisBilgileri/SiparisNo' located by 'By.xpath: //*[@id = 'txtSiparisNo_I']' in '30' second(s)

2021-11-19 17:10:19 - [MESSAGE][INFO] - Smart Wait Function is triggered

2021-11-19 17:10:19 - [MESSAGE][INFO] - Found 1 web elements with id: 'Object Repository/Olusturma/Genel/Kutular/SiparisBilgileri/SiparisNo' located by 'By.xpath: //*[@id = 'txtSiparisNo_I']' in '30' second(s)

2021-11-19 17:10:19 - [MESSAGE][PASSED] - Keys 'UUC-SAT-1200001' sent to object: 'Object Repository/Olusturma/Genel/Kutular/SiparisBilgileri/SiparisNo'

2021-11-19 17:10:19 - [TEST_STEP][PASSED] - waitForElementClickable(findTestObject("Object Repository/Olusturma/Genel/Kutular/SiparisBilgileri/SiparisTarihiImage"), 10): Object 'Object Repository/Olusturma/Genel/Kutular/SiparisBilgileri/SiparisTarihiImage' is clickable

2021-11-19 17:10:19 - [MESSAGE][INFO] - Finding Test Object 'Object Repository/Olusturma/Genel/Kutular/SiparisBilgileri/SiparisTarihiImage'

2021-11-19 17:10:19 - [MESSAGE][INFO] - Checking object

2021-11-19 17:10:19 - [MESSAGE][INFO] - Checking timeout

2021-11-19 17:10:19 - [MESSAGE][INFO] - Finding web element from Test Object's properties

2021-11-19 17:10:19 - [MESSAGE][INFO] - Checking timeout

2021-11-19 17:10:19 - [MESSAGE][INFO] - Finding web element with id: 'Object Repository/Olusturma/Genel/Kutular/SiparisBilgileri/SiparisTarihiImage' located by 'By.cssSelector: #dateSiparisTarih img' in '10' second(s)

2021-11-19 17:10:19 - [MESSAGE][INFO] - Smart Wait Function is triggered

2021-11-19 17:10:20 - [MESSAGE][INFO] - Found 1 web elements with id: 'Object Repository/Olusturma/Genel/Kutular/SiparisBilgileri/SiparisTarihiImage' located by 'By.cssSelector: #dateSiparisTarih img' in '10' second(s)

2021-11-19 17:10:20 - [MESSAGE][PASSED] - Object 'Object Repository/Olusturma/Genel/Kutular/SiparisBilgileri/SiparisTarihiImage' is clickable

2021-11-19 17:10:20 - [TEST_STEP][PASSED] - click(findTestObject("Object Repository/Olusturma/Genel/Kutular/SiparisBilgileri/SiparisTarihiImage")): Object: 'Object Repository/Olusturma/Genel/Kutular/SiparisBilgileri/SiparisTarihiImage' is clicked on

2021-11-19 17:10:20 - [MESSAGE][INFO] - Finding Test Object 'Object Repository/Olusturma/Genel/Kutular/SiparisBilgileri/SiparisTarihiImage'

2021-11-19 17:10:20 - [MESSAGE][INFO] - Checking object

2021-11-19 17:10:20 - [MESSAGE][INFO] - Finding web element from Test Object's properties

2021-11-19 17:10:20 - [MESSAGE][INFO] - Checking timeout

2021-11-19 17:10:20 - [MESSAGE][INFO] - Finding web element with id: 'Object Repository/Olusturma/Genel/Kutular/SiparisBilgileri/SiparisTarihiImage' located by 'By.cssSelector: #dateSiparisTarih img' in '30' second(s)

2021-11-19 17:10:20 - [MESSAGE][INFO] - Smart Wait Function is triggered

2021-11-19 17:10:20 - [MESSAGE][INFO] - Found 1 web elements with id: 'Object Repository/Olusturma/Genel/Kutular/SiparisBilgileri/SiparisTarihiImage' located by 'By.cssSelector: #dateSiparisTarih img' in '30' second(s)

2021-11-19 17:10:20 - [MESSAGE][INFO] - Clicking on object: 'Object Repository/Olusturma/Genel/Kutular/SiparisBilgileri/SiparisTarihiImage'

2021-11-19 17:10:20 - [MESSAGE][PASSED] - Object: 'Object Repository/Olusturma/Genel/Kutular/SiparisBilgileri/SiparisTarihiImage' is clicked on

2021-11-19 17:10:20 - [TEST_STEP][PASSED] - waitForElementPresent(findTestObject("Object Repository/Olusturma/Genel/Kutular/SiparisBilgileri/SiparisTarihi"), 10): Object 'Object Repository/Olusturma/Genel/Kutular/SiparisBilgileri/SiparisTarihi' is present

2021-11-19 17:10:20 - [MESSAGE][INFO] - Finding Test Object 'Object Repository/Olusturma/Genel/Kutular/SiparisBilgileri/SiparisTarihi'

2021-11-19 17:10:21 - [MESSAGE][INFO] - Checking object

2021-11-19 17:10:21 - [MESSAGE][INFO] - Finding web element from Test Object's properties

2021-11-19 17:10:21 - [MESSAGE][INFO] - Checking timeout

2021-11-19 17:10:21 - [MESSAGE][INFO] - Finding web element with id: 'Object Repository/Olusturma/Genel/Kutular/SiparisBilgileri/SiparisTarihi' located by 'By.xpath: //*[@id = 'dateSiparisTarih_I']' in '10' second(s)

2021-11-19 17:10:21 - [MESSAGE][INFO] - Smart Wait Function is triggered

2021-11-19 17:10:21 - [MESSAGE][INFO] - Found 1 web elements with id: 'Object Repository/Olusturma/Genel/Kutular/SiparisBilgileri/SiparisTarihi' located by 'By.xpath: //*[@id = 'dateSiparisTarih_I']' in '10' second(s)

2021-11-19 17:10:21 - [MESSAGE][PASSED] - Object 'Object Repository/Olusturma/Genel/Kutular/SiparisBilgileri/SiparisTarihi' is present

2021-11-19 17:10:21 - [TEST_STEP][PASSED] - clearText(findTestObject("Object Repository/Olusturma/Genel/Kutular/SiparisBilgileri/SiparisTarihi")): Text of object 'Object Repository/Olusturma/Genel/Kutular/SiparisBilgileri/SiparisTarihi' is cleared

2021-11-19 17:10:21 - [MESSAGE][INFO] - Finding Test Object 'Object Repository/Olusturma/Genel/Kutular/SiparisBilgileri/SiparisTarihi'

2021-11-19 17:10:21 - [MESSAGE][INFO] - Checking object

2021-11-19 17:10:21 - [MESSAGE][INFO] - Finding web element from Test Object's properties

2021-11-19 17:10:21 - [MESSAGE][INFO] - Checking timeout

2021-11-19 17:10:21 - [MESSAGE][INFO] - Finding web element with id: 'Object Repository/Olusturma/Genel/Kutular/SiparisBilgileri/SiparisTarihi' located by 'By.xpath: //*[@id = 'dateSiparisTarih_I']' in '30' second(s)

2021-11-19 17:10:21 - [MESSAGE][INFO] - Smart Wait Function is triggered

2021-11-19 17:10:21 - [MESSAGE][INFO] - Found 1 web elements with id: 'Object Repository/Olusturma/Genel/Kutular/SiparisBilgileri/SiparisTarihi' located by 'By.xpath: //*[@id = 'dateSiparisTarih_I']' in '30' second(s)

2021-11-19 17:10:21 - [MESSAGE][INFO] - Clearing text of object 'Object Repository/Olusturma/Genel/Kutular/SiparisBilgileri/SiparisTarihi'

2021-11-19 17:10:21 - [MESSAGE][PASSED] - Text of object 'Object Repository/Olusturma/Genel/Kutular/SiparisBilgileri/SiparisTarihi' is cleared

2021-11-19 17:10:21 - [TEST_STEP][PASSED] - sendKeys(findTestObject("Object Repository/Olusturma/Genel/Kutular/SiparisBilgileri/SiparisTarihi"), Tarih): Keys '31.04.2020' sent to object: 'Object Repository/Olusturma/Genel/Kutular/SiparisBilgileri/SiparisTarihi'

2021-11-19 17:10:21 - [MESSAGE][INFO] - Finding Test Object 'Object Repository/Olusturma/Genel/Kutular/SiparisBilgileri/SiparisTarihi'

2021-11-19 17:10:22 - [MESSAGE][INFO] - Sending keys '31.04.2020' to object: 'Object Repository/Olusturma/Genel/Kutular/SiparisBilgileri/SiparisTarihi'

2021-11-19 17:10:22 - [MESSAGE][INFO] - Finding web element from Test Object's properties

2021-11-19 17:10:22 - [MESSAGE][INFO] - Checking timeout

2021-11-19 17:10:22 - [MESSAGE][INFO] - Finding web element with id: 'Object Repository/Olusturma/Genel/Kutular/SiparisBilgileri/SiparisTarihi' located by 'By.xpath: //*[@id = 'dateSiparisTarih_I']' in '30' second(s)

2021-11-19 17:10:22 - [MESSAGE][INFO] - Smart Wait Function is triggered

2021-11-19 17:10:22 - [MESSAGE][INFO] - Found 1 web elements with id: 'Object Repository/Olusturma/Genel/Kutular/SiparisBilgileri/SiparisTarihi' located by 'By.xpath: //*[@id = 'dateSiparisTarih_I']' in '30' second(s)

2021-11-19 17:10:22 - [MESSAGE][PASSED] - Keys '31.04.2020' sent to object: 'Object Repository/Olusturma/Genel/Kutular/SiparisBilgileri/SiparisTarihi'

2021-11-19 17:10:22 - [MESSAGE][PASSED] - Call Test Case 'Test Cases/Olusturma/Genel/Kutular/SiparisBilgileriGirilir' successfully

2021-11-19 17:10:22 - [MESSAGE][INFO] - Checking called Test Case

2021-11-19 17:10:22 - [MESSAGE][INFO] - Starting to call Test Case 'Test Cases/Olusturma/Genel/Kutular/IrsaliyeBilgileri'

2021-11-19 17:10:22 - [TEST_CASE][PASSED] - Test Cases/Olusturma/Genel/Kutular/IrsaliyeBilgileri: Test Cases/Olusturma/Genel/Kutular/IrsaliyeBilgileri

2021-11-19 17:10:22 - [TEST_STEP][PASSED] - Method.TextDegerineEsitElementeTikla(findTestObject("Olusturma/Genel/Kutular/KapaliKutular"), "İrsaliye Bilgileri"): Method.TextDegerineEsitElementeTikla is PASSED

2021-11-19 17:10:22 - [MESSAGE][INFO] - Finding Test Object 'Object Repository/Olusturma/Genel/Kutular/KapaliKutular'

2021-11-19 17:10:22 - [MESSAGE][INFO] - Checking timeout

2021-11-19 17:10:22 - [MESSAGE][INFO] - Finding web element with id: 'Object Repository/Olusturma/Genel/Kutular/KapaliKutular' located by 'By.cssSelector: .dxnb-headerCollapsed>span' in '10' second(s)

2021-11-19 17:10:22 - [MESSAGE][INFO] - Smart Wait Function is triggered

2021-11-19 17:10:22 - [MESSAGE][INFO] - Found 8 web elements with id: 'Object Repository/Olusturma/Genel/Kutular/KapaliKutular' located by 'By.cssSelector: .dxnb-headerCollapsed>span' in '10' second(s)

2021-11-19 17:10:23 - [MESSAGE][PASSED] - Method.TextDegerineEsitElementeTikla is PASSED

2021-11-19 17:10:23 - [TEST_STEP][PASSED] - waitForElementClickable(findTestObject("Olusturma/Genel/Kutular/IrsaliyeBilgileri/Ekle"), 10): Object 'Object Repository/Olusturma/Genel/Kutular/IrsaliyeBilgileri/Ekle' is clickable

2021-11-19 17:10:23 - [MESSAGE][INFO] - Finding Test Object 'Object Repository/Olusturma/Genel/Kutular/IrsaliyeBilgileri/Ekle'

2021-11-19 17:10:23 - [MESSAGE][INFO] - Checking object

2021-11-19 17:10:23 - [MESSAGE][INFO] - Checking timeout

2021-11-19 17:10:23 - [MESSAGE][INFO] - Finding web element from Test Object's properties

2021-11-19 17:10:23 - [MESSAGE][INFO] - Checking timeout

2021-11-19 17:10:23 - [MESSAGE][INFO] - Finding web element with id: 'Object Repository/Olusturma/Genel/Kutular/IrsaliyeBilgileri/Ekle' located by 'By.xpath: //*[@id = 'DXEditorgvUserInvoiceBillsNewRowBtn']' in '10' second(s)

2021-11-19 17:10:23 - [MESSAGE][INFO] - Smart Wait Function is triggered

2021-11-19 17:10:23 - [MESSAGE][INFO] - Found 1 web elements with id: 'Object Repository/Olusturma/Genel/Kutular/IrsaliyeBilgileri/Ekle' located by 'By.xpath: //*[@id = 'DXEditorgvUserInvoiceBillsNewRowBtn']' in '10' second(s)

2021-11-19 17:10:23 - [MESSAGE][PASSED] - Object 'Object Repository/Olusturma/Genel/Kutular/IrsaliyeBilgileri/Ekle' is clickable

2021-11-19 17:10:23 - [TEST_STEP][PASSED] - click(findTestObject("Olusturma/Genel/Kutular/IrsaliyeBilgileri/Ekle")): Object: 'Object Repository/Olusturma/Genel/Kutular/IrsaliyeBilgileri/Ekle' is clicked on

2021-11-19 17:10:23 - [MESSAGE][INFO] - Finding Test Object 'Object Repository/Olusturma/Genel/Kutular/IrsaliyeBilgileri/Ekle'

2021-11-19 17:10:23 - [MESSAGE][INFO] - Checking object

2021-11-19 17:10:23 - [MESSAGE][INFO] - Finding web element from Test Object's properties

2021-11-19 17:10:23 - [MESSAGE][INFO] - Checking timeout

2021-11-19 17:10:23 - [MESSAGE][INFO] - Finding web element with id: 'Object Repository/Olusturma/Genel/Kutular/IrsaliyeBilgileri/Ekle' located by 'By.xpath: //*[@id = 'DXEditorgvUserInvoiceBillsNewRowBtn']' in '30' second(s)

2021-11-19 17:10:23 - [MESSAGE][INFO] - Smart Wait Function is triggered

2021-11-19 17:10:23 - [MESSAGE][INFO] - Found 1 web elements with id: 'Object Repository/Olusturma/Genel/Kutular/IrsaliyeBilgileri/Ekle' located by 'By.xpath: //*[@id = 'DXEditorgvUserInvoiceBillsNewRowBtn']' in '30' second(s)

2021-11-19 17:10:23 - [MESSAGE][INFO] - Clicking on object: 'Object Repository/Olusturma/Genel/Kutular/IrsaliyeBilgileri/Ekle'

2021-11-19 17:10:24 - [MESSAGE][PASSED] - Object: 'Object Repository/Olusturma/Genel/Kutular/IrsaliyeBilgileri/Ekle' is clicked on

2021-11-19 17:10:24 - [TEST_STEP][PASSED] - waitForElementPresent(findTestObject("Object Repository/Olusturma/Genel/Kutular/IrsaliyeBilgileri/IrsaliyeNumarasi"), 10): Object 'Object Repository/Olusturma/Genel/Kutular/IrsaliyeBilgileri/IrsaliyeNumarasi' is present

2021-11-19 17:10:24 - [MESSAGE][INFO] - Finding Test Object 'Object Repository/Olusturma/Genel/Kutular/IrsaliyeBilgileri/IrsaliyeNumarasi'

2021-11-19 17:10:24 - [MESSAGE][INFO] - Checking object

2021-11-19 17:10:24 - [MESSAGE][INFO] - Finding web element from Test Object's properties

2021-11-19 17:10:24 - [MESSAGE][INFO] - Checking timeout

2021-11-19 17:10:24 - [MESSAGE][INFO] - Finding web element with id: 'Object Repository/Olusturma/Genel/Kutular/IrsaliyeBilgileri/IrsaliyeNumarasi' located by 'By.xpath: //*[@id = 'gvUserInvoiceBills_DXEditor1_I']' in '10' second(s)

2021-11-19 17:10:24 - [MESSAGE][INFO] - Smart Wait Function is triggered

2021-11-19 17:10:24 - [MESSAGE][INFO] - Smart Wait Function is triggered

2021-11-19 17:10:25 - [MESSAGE][INFO] - Found 1 web elements with id: 'Object Repository/Olusturma/Genel/Kutular/IrsaliyeBilgileri/IrsaliyeNumarasi' located by 'By.xpath: //*[@id = 'gvUserInvoiceBills_DXEditor1_I']' in '10' second(s)

2021-11-19 17:10:25 - [MESSAGE][PASSED] - Object 'Object Repository/Olusturma/Genel/Kutular/IrsaliyeBilgileri/IrsaliyeNumarasi' is present

2021-11-19 17:10:25 - [TEST_STEP][PASSED] - clearText(findTestObject("Object Repository/Olusturma/Genel/Kutular/IrsaliyeBilgileri/IrsaliyeNumarasi")): Text of object 'Object Repository/Olusturma/Genel/Kutular/IrsaliyeBilgileri/IrsaliyeNumarasi' is cleared

2021-11-19 17:10:25 - [MESSAGE][INFO] - Finding Test Object 'Object Repository/Olusturma/Genel/Kutular/IrsaliyeBilgileri/IrsaliyeNumarasi'

2021-11-19 17:10:25 - [MESSAGE][INFO] - Checking object

2021-11-19 17:10:25 - [MESSAGE][INFO] - Finding web element from Test Object's properties

2021-11-19 17:10:25 - [MESSAGE][INFO] - Checking timeout

2021-11-19 17:10:25 - [MESSAGE][INFO] - Finding web element with id: 'Object Repository/Olusturma/Genel/Kutular/IrsaliyeBilgileri/IrsaliyeNumarasi' located by 'By.xpath: //*[@id = 'gvUserInvoiceBills_DXEditor1_I']' in '30' second(s)

2021-11-19 17:10:25 - [MESSAGE][INFO] - Smart Wait Function is triggered

2021-11-19 17:10:25 - [MESSAGE][INFO] - Found 1 web elements with id: 'Object Repository/Olusturma/Genel/Kutular/IrsaliyeBilgileri/IrsaliyeNumarasi' located by 'By.xpath: //*[@id = 'gvUserInvoiceBills_DXEditor1_I']' in '30' second(s)

2021-11-19 17:10:25 - [MESSAGE][INFO] - Clearing text of object 'Object Repository/Olusturma/Genel/Kutular/IrsaliyeBilgileri/IrsaliyeNumarasi'

2021-11-19 17:10:26 - [MESSAGE][PASSED] - Text of object 'Object Repository/Olusturma/Genel/Kutular/IrsaliyeBilgileri/IrsaliyeNumarasi' is cleared

2021-11-19 17:10:26 - [TEST_STEP][PASSED] - sendKeys(findTestObject("Object Repository/Olusturma/Genel/Kutular/IrsaliyeBilgileri/IrsaliyeNumarasi"), Numara): Keys 'AAAAAAAAAA' sent to object: 'Object Repository/Olusturma/Genel/Kutular/IrsaliyeBilgileri/IrsaliyeNumarasi'

2021-11-19 17:10:26 - [MESSAGE][INFO] - Finding Test Object 'Object Repository/Olusturma/Genel/Kutular/IrsaliyeBilgileri/IrsaliyeNumarasi'

2021-11-19 17:10:26 - [MESSAGE][INFO] - Sending keys 'AAAAAAAAAA' to object: 'Object Repository/Olusturma/Genel/Kutular/IrsaliyeBilgileri/IrsaliyeNumarasi'

2021-11-19 17:10:26 - [MESSAGE][INFO] - Finding web element from Test Object's properties

2021-11-19 17:10:26 - [MESSAGE][INFO] - Checking timeout

2021-11-19 17:10:26 - [MESSAGE][INFO] - Finding web element with id: 'Object Repository/Olusturma/Genel/Kutular/IrsaliyeBilgileri/IrsaliyeNumarasi' located by 'By.xpath: //*[@id = 'gvUserInvoiceBills_DXEditor1_I']' in '30' second(s)

2021-11-19 17:10:26 - [MESSAGE][INFO] - Smart Wait Function is triggered

2021-11-19 17:10:26 - [MESSAGE][INFO] - Found 1 web elements with id: 'Object Repository/Olusturma/Genel/Kutular/IrsaliyeBilgileri/IrsaliyeNumarasi' located by 'By.xpath: //*[@id = 'gvUserInvoiceBills_DXEditor1_I']' in '30' second(s)

2021-11-19 17:10:26 - [MESSAGE][PASSED] - Keys 'AAAAAAAAAA' sent to object: 'Object Repository/Olusturma/Genel/Kutular/IrsaliyeBilgileri/IrsaliyeNumarasi'

2021-11-19 17:10:26 - [TEST_STEP][PASSED] - waitForElementClickable(findTestObject("Object Repository/Olusturma/Genel/Kutular/IrsaliyeBilgileri/IrsaliyeTarihi"), 10): Object 'Object Repository/Olusturma/Genel/Kutular/IrsaliyeBilgileri/IrsaliyeTarihi' is clickable

2021-11-19 17:10:26 - [MESSAGE][INFO] - Finding Test Object 'Object Repository/Olusturma/Genel/Kutular/IrsaliyeBilgileri/IrsaliyeTarihi'

2021-11-19 17:10:26 - [MESSAGE][INFO] - Checking object

2021-11-19 17:10:26 - [MESSAGE][INFO] - Checking timeout

2021-11-19 17:10:26 - [MESSAGE][INFO] - Finding web element from Test Object's properties

2021-11-19 17:10:26 - [MESSAGE][INFO] - Checking timeout

2021-11-19 17:10:26 - [MESSAGE][INFO] - Finding web element with id: 'Object Repository/Olusturma/Genel/Kutular/IrsaliyeBilgileri/IrsaliyeTarihi' located by 'By.xpath: //*[@id = 'gvUserInvoiceBills_DXEditor2_I']' in '10' second(s)

2021-11-19 17:10:26 - [MESSAGE][INFO] - Smart Wait Function is triggered

2021-11-19 17:10:26 - [MESSAGE][INFO] - Found 1 web elements with id: 'Object Repository/Olusturma/Genel/Kutular/IrsaliyeBilgileri/IrsaliyeTarihi' located by 'By.xpath: //*[@id = 'gvUserInvoiceBills_DXEditor2_I']' in '10' second(s)

2021-11-19 17:10:26 - [MESSAGE][PASSED] - Object 'Object Repository/Olusturma/Genel/Kutular/IrsaliyeBilgileri/IrsaliyeTarihi' is clickable

2021-11-19 17:10:26 - [TEST_STEP][PASSED] - click(findTestObject("Object Repository/Olusturma/Genel/Kutular/IrsaliyeBilgileri/IrsaliyeTarihi")): Object: 'Object Repository/Olusturma/Genel/Kutular/IrsaliyeBilgileri/IrsaliyeTarihi' is clicked on

2021-11-19 17:10:26 - [MESSAGE][INFO] - Finding Test Object 'Object Repository/Olusturma/Genel/Kutular/IrsaliyeBilgileri/IrsaliyeTarihi'

2021-11-19 17:10:27 - [MESSAGE][INFO] - Checking object

2021-11-19 17:10:27 - [MESSAGE][INFO] - Finding web element from Test Object's properties

2021-11-19 17:10:27 - [MESSAGE][INFO] - Checking timeout

2021-11-19 17:10:27 - [MESSAGE][INFO] - Finding web element with id: 'Object Repository/Olusturma/Genel/Kutular/IrsaliyeBilgileri/IrsaliyeTarihi' located by 'By.xpath: //*[@id = 'gvUserInvoiceBills_DXEditor2_I']' in '30' second(s)

2021-11-19 17:10:27 - [MESSAGE][INFO] - Smart Wait Function is triggered

2021-11-19 17:10:27 - [MESSAGE][INFO] - Found 1 web elements with id: 'Object Repository/Olusturma/Genel/Kutular/IrsaliyeBilgileri/IrsaliyeTarihi' located by 'By.xpath: //*[@id = 'gvUserInvoiceBills_DXEditor2_I']' in '30' second(s)

2021-11-19 17:10:27 - [MESSAGE][INFO] - Clicking on object: 'Object Repository/Olusturma/Genel/Kutular/IrsaliyeBilgileri/IrsaliyeTarihi'

2021-11-19 17:10:27 - [MESSAGE][PASSED] - Object: 'Object Repository/Olusturma/Genel/Kutular/IrsaliyeBilgileri/IrsaliyeTarihi' is clicked on

2021-11-19 17:10:27 - [TEST_STEP][PASSED] - sendKeys(findTestObject("Object Repository/Olusturma/Genel/Kutular/IrsaliyeBilgileri/IrsaliyeTarihi"), Tarih): Keys '31.04.2020' sent to object: 'Object Repository/Olusturma/Genel/Kutular/IrsaliyeBilgileri/IrsaliyeTarihi'

2021-11-19 17:10:27 - [MESSAGE][INFO] - Finding Test Object 'Object Repository/Olusturma/Genel/Kutular/IrsaliyeBilgileri/IrsaliyeTarihi'

2021-11-19 17:10:27 - [MESSAGE][INFO] - Sending keys '31.04.2020' to object: 'Object Repository/Olusturma/Genel/Kutular/IrsaliyeBilgileri/IrsaliyeTarihi'

2021-11-19 17:10:27 - [MESSAGE][INFO] - Finding web element from Test Object's properties

2021-11-19 17:10:27 - [MESSAGE][INFO] - Checking timeout

2021-11-19 17:10:27 - [MESSAGE][INFO] - Finding web element with id: 'Object Repository/Olusturma/Genel/Kutular/IrsaliyeBilgileri/IrsaliyeTarihi' located by 'By.xpath: //*[@id = 'gvUserInvoiceBills_DXEditor2_I']' in '30' second(s)

2021-11-19 17:10:27 - [MESSAGE][INFO] - Smart Wait Function is triggered

2021-11-19 17:10:27 - [MESSAGE][INFO] - Found 1 web elements with id: 'Object Repository/Olusturma/Genel/Kutular/IrsaliyeBilgileri/IrsaliyeTarihi' located by 'By.xpath: //*[@id = 'gvUserInvoiceBills_DXEditor2_I']' in '30' second(s)

2021-11-19 17:10:27 - [MESSAGE][PASSED] - Keys '31.04.2020' sent to object: 'Object Repository/Olusturma/Genel/Kutular/IrsaliyeBilgileri/IrsaliyeTarihi'

2021-11-19 17:10:27 - [MESSAGE][PASSED] - Call Test Case 'Test Cases/Olusturma/Genel/Kutular/IrsaliyeBilgileri' successfully

2021-11-19 17:10:27 - [MESSAGE][INFO] - Checking called Test Case

2021-11-19 17:10:27 - [MESSAGE][INFO] - Starting to call Test Case 'Test Cases/Olusturma/Genel/EkleButonunaBasilir'

2021-11-19 17:10:27 - [TEST_CASE][PASSED] - Test Cases/Olusturma/Genel/EkleButonunaBasilir: Test Cases/Olusturma/Genel/EkleButonunaBasilir

2021-11-19 17:10:27 - [TEST_STEP][PASSED] - waitForElementClickable(findTestObject("Object Repository/Olusturma/Genel/Olusturma/Ekle"), 10): Object 'Object Repository/Olusturma/Genel/Olusturma/Ekle' is clickable

2021-11-19 17:10:27 - [MESSAGE][INFO] - Finding Test Object 'Object Repository/Olusturma/Genel/Olusturma/Ekle'

2021-11-19 17:10:28 - [MESSAGE][INFO] - Checking object

2021-11-19 17:10:28 - [MESSAGE][INFO] - Checking timeout

2021-11-19 17:10:28 - [MESSAGE][INFO] - Finding web element from Test Object's properties

2021-11-19 17:10:28 - [MESSAGE][INFO] - Checking timeout

2021-11-19 17:10:28 - [MESSAGE][INFO] - Finding web element with id: 'Object Repository/Olusturma/Genel/Olusturma/Ekle' located by 'By.cssSelector: #divmalhizmet i.fa.fa-plus.fa-lg.text-muted' in '10' second(s)

2021-11-19 17:10:28 - [MESSAGE][INFO] - Smart Wait Function is triggered

2021-11-19 17:10:28 - [MESSAGE][INFO] - Found 1 web elements with id: 'Object Repository/Olusturma/Genel/Olusturma/Ekle' located by 'By.cssSelector: #divmalhizmet i.fa.fa-plus.fa-lg.text-muted' in '10' second(s)

2021-11-19 17:10:28 - [MESSAGE][PASSED] - Object 'Object Repository/Olusturma/Genel/Olusturma/Ekle' is clickable

2021-11-19 17:10:28 - [TEST_STEP][PASSED] - click(findTestObject("Object Repository/Olusturma/Genel/Olusturma/Ekle")): Object: 'Object Repository/Olusturma/Genel/Olusturma/Ekle' is clicked on

2021-11-19 17:10:28 - [MESSAGE][INFO] - Finding Test Object 'Object Repository/Olusturma/Genel/Olusturma/Ekle'

2021-11-19 17:10:28 - [MESSAGE][INFO] - Checking object

2021-11-19 17:10:28 - [MESSAGE][INFO] - Finding web element from Test Object's properties

2021-11-19 17:10:28 - [MESSAGE][INFO] - Checking timeout

2021-11-19 17:10:28 - [MESSAGE][INFO] - Finding web element with id: 'Object Repository/Olusturma/Genel/Olusturma/Ekle' located by 'By.cssSelector: #divmalhizmet i.fa.fa-plus.fa-lg.text-muted' in '30' second(s)

2021-11-19 17:10:28 - [MESSAGE][INFO] - Smart Wait Function is triggered

2021-11-19 17:10:28 - [MESSAGE][INFO] - Found 1 web elements with id: 'Object Repository/Olusturma/Genel/Olusturma/Ekle' located by 'By.cssSelector: #divmalhizmet i.fa.fa-plus.fa-lg.text-muted' in '30' second(s)

2021-11-19 17:10:28 - [MESSAGE][INFO] - Clicking on object: 'Object Repository/Olusturma/Genel/Olusturma/Ekle'

2021-11-19 17:10:28 - [MESSAGE][PASSED] - Object: 'Object Repository/Olusturma/Genel/Olusturma/Ekle' is clicked on

2021-11-19 17:10:28 - [TEST_STEP][PASSED] - waitForElementClickable(findTestObject("Olusturma/Genel/Olusturma/EklenenSatirCarpiImage"), 10): Object 'Object Repository/Olusturma/Genel/Olusturma/EklenenSatirCarpiImage' is clickable

2021-11-19 17:10:28 - [MESSAGE][INFO] - Finding Test Object 'Object Repository/Olusturma/Genel/Olusturma/EklenenSatirCarpiImage'

2021-11-19 17:10:28 - [MESSAGE][INFO] - Checking object

2021-11-19 17:10:28 - [MESSAGE][INFO] - Checking timeout

2021-11-19 17:10:28 - [MESSAGE][INFO] - Finding web element from Test Object's properties

2021-11-19 17:10:28 - [MESSAGE][INFO] - Checking timeout

2021-11-19 17:10:28 - [MESSAGE][INFO] - Finding web element with id: 'Object Repository/Olusturma/Genel/Olusturma/EklenenSatirCarpiImage' located by 'By.cssSelector: .fa.fa-times.fa-lg.text-primary' in '10' second(s)

2021-11-19 17:10:28 - [MESSAGE][INFO] - Smart Wait Function is triggered

2021-11-19 17:10:29 - [MESSAGE][INFO] - Found 1 web elements with id: 'Object Repository/Olusturma/Genel/Olusturma/EklenenSatirCarpiImage' located by 'By.cssSelector: .fa.fa-times.fa-lg.text-primary' in '10' second(s)

2021-11-19 17:10:29 - [MESSAGE][PASSED] - Object 'Object Repository/Olusturma/Genel/Olusturma/EklenenSatirCarpiImage' is clickable

2021-11-19 17:10:29 - [MESSAGE][PASSED] - Call Test Case 'Test Cases/Olusturma/Genel/EkleButonunaBasilir' successfully

2021-11-19 17:10:29 - [MESSAGE][INFO] - Checking called Test Case

2021-11-19 17:10:29 - [MESSAGE][INFO] - Starting to call Test Case 'Test Cases/Olusturma/Genel/Olusturma'

2021-11-19 17:10:29 - [TEST_CASE][PASSED] - Test Cases/Olusturma/Genel/Olusturma: Test Cases/Olusturma/Genel/Olusturma

2021-11-19 17:10:29 - [TEST_STEP][PASSED] - driver = getWebDriver(): null

2021-11-19 17:10:29 - [TEST_STEP][PASSED] - action = new org.openqa.selenium.interactions.Actions(driver): null

2021-11-19 17:10:29 - [TEST_STEP][PASSED] - baslikElement = <not implemented yet for class: org.codehaus.groovy.ast.expr.EmptyExpression>: null

2021-11-19 17:10:29 - [TEST_STEP][PASSED] - sonElement = <not implemented yet for class: org.codehaus.groovy.ast.expr.EmptyExpression>: null

2021-11-19 17:10:29 - [TEST_STEP][PASSED] - attr = <not implemented yet for class: org.codehaus.groovy.ast.expr.EmptyExpression>: null

2021-11-19 17:10:29 - [TEST_STEP][PASSED] - a = 0: null

2021-11-19 17:10:29 - [TEST_STEP][PASSED] - elements = findWebElements(findTestObject("Object Repository/Olusturma/Genel/Olusturma/TabloBasliklari"), 10): Found 13 web elements with id: 'Object Repository/Olusturma/Genel/Olusturma/TabloBasliklari' located by 'By.cssSelector: div#divmalhizmet .dxgvTable_LECustomTheme td.dxgvHeader_LECustomTheme tr>td:nth-child(1)' in '10' second(s)

2021-11-19 17:10:29 - [MESSAGE][INFO] - Finding Test Object 'Object Repository/Olusturma/Genel/Olusturma/TabloBasliklari'

2021-11-19 17:10:29 - [MESSAGE][INFO] - Checking timeout

2021-11-19 17:10:29 - [MESSAGE][INFO] - Finding web element with id: 'Object Repository/Olusturma/Genel/Olusturma/TabloBasliklari' located by 'By.cssSelector: div#divmalhizmet .dxgvTable_LECustomTheme td.dxgvHeader_LECustomTheme tr>td:nth-child(1)' in '10' second(s)

2021-11-19 17:10:29 - [MESSAGE][INFO] - Smart Wait Function is triggered

2021-11-19 17:10:30 - [MESSAGE][INFO] - Found 13 web elements with id: 'Object Repository/Olusturma/Genel/Olusturma/TabloBasliklari' located by 'By.cssSelector: div#divmalhizmet .dxgvTable_LECustomTheme td.dxgvHeader_LECustomTheme tr>td:nth-child(1)' in '10' second(s)

2021-11-19 17:10:30 - [TEST_STEP][PASSED] - for (def element : elements): null

2021-11-19 17:10:30 - [TEST_STEP][PASSED] - build().perform(): null

2021-11-19 17:10:30 - [TEST_STEP][PASSED] - if (getText().equals(Baslik)): null

2021-11-19 17:10:30 - [TEST_STEP][PASSED] - baslikElement = element.findElement(By.xpath("../../../..")): Smart Wait Function is triggered

2021-11-19 17:10:30 - [MESSAGE][INFO] - Smart Wait Function is triggered

2021-11-19 17:10:31 - [TEST_STEP][PASSED] - attr = baslikElement.getAttribute("id"): null

2021-11-19 17:10:31 - [TEST_STEP][PASSED] - println("girdi ve idsini aldı = " + attr): null

2021-11-19 17:10:31 - [TEST_STEP][PASSED] - break: null

2021-11-19 17:10:31 - [TEST_STEP][PASSED] - countElement = baslikElement.findElements(By.xpath("../td")): Smart Wait Function is triggered

2021-11-19 17:10:31 - [MESSAGE][INFO] - Smart Wait Function is triggered

2021-11-19 17:10:31 - [TEST_STEP][PASSED] - for (def element : countElement): null

2021-11-19 17:10:31 - [TEST_STEP][PASSED] - if (toString().equals(attr.toString())): null

2021-11-19 17:10:31 - [TEST_STEP][PASSED] - (a++): null

2021-11-19 17:10:31 - [TEST_STEP][PASSED] - if (toString().equals(attr.toString())): null

2021-11-19 17:10:31 - [TEST_STEP][PASSED] - break: null

2021-11-19 17:10:31 - [TEST_STEP][PASSED] - son = findWebElement(findTestObject("Object Repository/Olusturma/Genel/Olusturma/EklenenSatir")).findElement(By.xpath("td[@class='dxgvInlineEditCell_LECustomTheme dxgv'][" + a + "]//td[@class='dxic']/input")): Smart Wait Function is triggered

2021-11-19 17:10:31 - [MESSAGE][INFO] - Finding Test Object 'Object Repository/Olusturma/Genel/Olusturma/EklenenSatir'

2021-11-19 17:10:31 - [MESSAGE][INFO] - Finding web element from Test Object's properties

2021-11-19 17:10:31 - [MESSAGE][INFO] - Checking timeout

2021-11-19 17:10:31 - [MESSAGE][INFO] - Finding web element with id: 'Object Repository/Olusturma/Genel/Olusturma/EklenenSatir' located by 'By.cssSelector: #divmalhizmet .dxgvInlineEditRow_LECustomTheme' in '30' second(s)

2021-11-19 17:10:31 - [MESSAGE][INFO] - Smart Wait Function is triggered

2021-11-19 17:10:31 - [MESSAGE][INFO] - Found 1 web elements with id: 'Object Repository/Olusturma/Genel/Olusturma/EklenenSatir' located by 'By.cssSelector: #divmalhizmet .dxgvInlineEditRow_LECustomTheme' in '30' second(s)

2021-11-19 17:10:31 - [MESSAGE][INFO] - Smart Wait Function is triggered

2021-11-19 17:10:32 - [TEST_STEP][PASSED] - if (!(getAttribute("value").contains("Vkn"))): null

2021-11-19 17:10:32 - [TEST_STEP][PASSED] - son.clear(): null

2021-11-19 17:10:32 - [TEST_STEP][PASSED] - son.sendKeys(Deger): null

2021-11-19 17:10:32 - [MESSAGE][PASSED] - Call Test Case 'Test Cases/Olusturma/Genel/Olusturma' successfully

2021-11-19 17:10:32 - [MESSAGE][INFO] - Checking called Test Case

2021-11-19 17:10:32 - [MESSAGE][INFO] - Starting to call Test Case 'Test Cases/Olusturma/Genel/Olusturma'

2021-11-19 17:10:32 - [TEST_CASE][PASSED] - Test Cases/Olusturma/Genel/Olusturma: Test Cases/Olusturma/Genel/Olusturma

2021-11-19 17:10:32 - [TEST_STEP][PASSED] - driver = getWebDriver(): null

2021-11-19 17:10:32 - [TEST_STEP][PASSED] - action = new org.openqa.selenium.interactions.Actions(driver): null

2021-11-19 17:10:32 - [TEST_STEP][PASSED] - baslikElement = <not implemented yet for class: org.codehaus.groovy.ast.expr.EmptyExpression>: null

2021-11-19 17:10:32 - [TEST_STEP][PASSED] - sonElement = <not implemented yet for class: org.codehaus.groovy.ast.expr.EmptyExpression>: null

2021-11-19 17:10:32 - [TEST_STEP][PASSED] - attr = <not implemented yet for class: org.codehaus.groovy.ast.expr.EmptyExpression>: null

2021-11-19 17:10:32 - [TEST_STEP][PASSED] - a = 0: null

2021-11-19 17:10:32 - [TEST_STEP][PASSED] - elements = findWebElements(findTestObject("Object Repository/Olusturma/Genel/Olusturma/TabloBasliklari"), 10): Found 13 web elements with id: 'Object Repository/Olusturma/Genel/Olusturma/TabloBasliklari' located by 'By.cssSelector: div#divmalhizmet .dxgvTable_LECustomTheme td.dxgvHeader_LECustomTheme tr>td:nth-child(1)' in '10' second(s)

2021-11-19 17:10:32 - [MESSAGE][INFO] - Finding Test Object 'Object Repository/Olusturma/Genel/Olusturma/TabloBasliklari'

2021-11-19 17:10:32 - [MESSAGE][INFO] - Checking timeout

2021-11-19 17:10:32 - [MESSAGE][INFO] - Finding web element with id: 'Object Repository/Olusturma/Genel/Olusturma/TabloBasliklari' located by 'By.cssSelector: div#divmalhizmet .dxgvTable_LECustomTheme td.dxgvHeader_LECustomTheme tr>td:nth-child(1)' in '10' second(s)

2021-11-19 17:10:32 - [MESSAGE][INFO] - Smart Wait Function is triggered

2021-11-19 17:10:32 - [MESSAGE][INFO] - Found 13 web elements with id: 'Object Repository/Olusturma/Genel/Olusturma/TabloBasliklari' located by 'By.cssSelector: div#divmalhizmet .dxgvTable_LECustomTheme td.dxgvHeader_LECustomTheme tr>td:nth-child(1)' in '10' second(s)

2021-11-19 17:10:32 - [TEST_STEP][PASSED] - for (def element : elements): null

2021-11-19 17:10:32 - [TEST_STEP][PASSED] - build().perform(): null

2021-11-19 17:10:32 - [TEST_STEP][PASSED] - if (getText().equals(Baslik)): null

2021-11-19 17:10:32 - [TEST_STEP][PASSED] - build().perform(): null

2021-11-19 17:10:32 - [TEST_STEP][PASSED] - if (getText().equals(Baslik)): null

2021-11-19 17:10:32 - [TEST_STEP][PASSED] - baslikElement = element.findElement(By.xpath("../../../..")): Smart Wait Function is triggered

2021-11-19 17:10:32 - [MESSAGE][INFO] - Smart Wait Function is triggered

2021-11-19 17:10:33 - [TEST_STEP][PASSED] - attr = baslikElement.getAttribute("id"): null

2021-11-19 17:10:33 - [TEST_STEP][PASSED] - println("girdi ve idsini aldı = " + attr): null

2021-11-19 17:10:33 - [TEST_STEP][PASSED] - break: null

2021-11-19 17:10:33 - [TEST_STEP][PASSED] - countElement = baslikElement.findElements(By.xpath("../td")): Smart Wait Function is triggered

2021-11-19 17:10:33 - [MESSAGE][INFO] - Smart Wait Function is triggered

2021-11-19 17:10:33 - [TEST_STEP][PASSED] - for (def element : countElement): null

2021-11-19 17:10:33 - [TEST_STEP][PASSED] - if (toString().equals(attr.toString())): null

2021-11-19 17:10:33 - [TEST_STEP][PASSED] - (a++): null

2021-11-19 17:10:33 - [TEST_STEP][PASSED] - if (toString().equals(attr.toString())): null

2021-11-19 17:10:33 - [TEST_STEP][PASSED] - (a++): null

2021-11-19 17:10:33 - [TEST_STEP][PASSED] - if (toString().equals(attr.toString())): null

2021-11-19 17:10:33 - [TEST_STEP][PASSED] - break: null

2021-11-19 17:10:33 - [TEST_STEP][PASSED] - son = findWebElement(findTestObject("Object Repository/Olusturma/Genel/Olusturma/EklenenSatir")).findElement(By.xpath("td[@class='dxgvInlineEditCell_LECustomTheme dxgv'][" + a + "]//td[@class='dxic']/input")): Smart Wait Function is triggered

2021-11-19 17:10:33 - [MESSAGE][INFO] - Finding Test Object 'Object Repository/Olusturma/Genel/Olusturma/EklenenSatir'

2021-11-19 17:10:33 - [MESSAGE][INFO] - Finding web element from Test Object's properties

2021-11-19 17:10:33 - [MESSAGE][INFO] - Checking timeout

2021-11-19 17:10:33 - [MESSAGE][INFO] - Finding web element with id: 'Object Repository/Olusturma/Genel/Olusturma/EklenenSatir' located by 'By.cssSelector: #divmalhizmet .dxgvInlineEditRow_LECustomTheme' in '30' second(s)

2021-11-19 17:10:33 - [MESSAGE][INFO] - Smart Wait Function is triggered

2021-11-19 17:10:33 - [MESSAGE][INFO] - Found 1 web elements with id: 'Object Repository/Olusturma/Genel/Olusturma/EklenenSatir' located by 'By.cssSelector: #divmalhizmet .dxgvInlineEditRow_LECustomTheme' in '30' second(s)

2021-11-19 17:10:33 - [MESSAGE][INFO] - Smart Wait Function is triggered

2021-11-19 17:10:34 - [TEST_STEP][PASSED] - if (!(getAttribute("value").contains("Vkn"))): null

2021-11-19 17:10:34 - [TEST_STEP][PASSED] - son.clear(): null

2021-11-19 17:10:34 - [TEST_STEP][PASSED] - son.sendKeys(Deger): null

2021-11-19 17:10:34 - [MESSAGE][PASSED] - Call Test Case 'Test Cases/Olusturma/Genel/Olusturma' successfully

2021-11-19 17:10:34 - [MESSAGE][INFO] - Checking called Test Case

2021-11-19 17:10:34 - [MESSAGE][INFO] - Starting to call Test Case 'Test Cases/Olusturma/Genel/Olusturma'

2021-11-19 17:10:34 - [TEST_CASE][PASSED] - Test Cases/Olusturma/Genel/Olusturma: Test Cases/Olusturma/Genel/Olusturma

2021-11-19 17:10:34 - [TEST_STEP][PASSED] - driver = getWebDriver(): null

2021-11-19 17:10:34 - [TEST_STEP][PASSED] - action = new org.openqa.selenium.interactions.Actions(driver): null

2021-11-19 17:10:34 - [TEST_STEP][PASSED] - baslikElement = <not implemented yet for class: org.codehaus.groovy.ast.expr.EmptyExpression>: null

2021-11-19 17:10:34 - [TEST_STEP][PASSED] - sonElement = <not implemented yet for class: org.codehaus.groovy.ast.expr.EmptyExpression>: null

2021-11-19 17:10:34 - [TEST_STEP][PASSED] - attr = <not implemented yet for class: org.codehaus.groovy.ast.expr.EmptyExpression>: null

2021-11-19 17:10:34 - [TEST_STEP][PASSED] - a = 0: null

2021-11-19 17:10:34 - [TEST_STEP][PASSED] - elements = findWebElements(findTestObject("Object Repository/Olusturma/Genel/Olusturma/TabloBasliklari"), 10): Found 13 web elements with id: 'Object Repository/Olusturma/Genel/Olusturma/TabloBasliklari' located by 'By.cssSelector: div#divmalhizmet .dxgvTable_LECustomTheme td.dxgvHeader_LECustomTheme tr>td:nth-child(1)' in '10' second(s)

2021-11-19 17:10:34 - [MESSAGE][INFO] - Finding Test Object 'Object Repository/Olusturma/Genel/Olusturma/TabloBasliklari'

2021-11-19 17:10:34 - [MESSAGE][INFO] - Checking timeout

2021-11-19 17:10:34 - [MESSAGE][INFO] - Finding web element with id: 'Object Repository/Olusturma/Genel/Olusturma/TabloBasliklari' located by 'By.cssSelector: div#divmalhizmet .dxgvTable_LECustomTheme td.dxgvHeader_LECustomTheme tr>td:nth-child(1)' in '10' second(s)

2021-11-19 17:10:34 - [MESSAGE][INFO] - Smart Wait Function is triggered

2021-11-19 17:10:34 - [MESSAGE][INFO] - Found 13 web elements with id: 'Object Repository/Olusturma/Genel/Olusturma/TabloBasliklari' located by 'By.cssSelector: div#divmalhizmet .dxgvTable_LECustomTheme td.dxgvHeader_LECustomTheme tr>td:nth-child(1)' in '10' second(s)

2021-11-19 17:10:34 - [TEST_STEP][PASSED] - for (def element : elements): null

2021-11-19 17:10:34 - [TEST_STEP][PASSED] - build().perform(): null

2021-11-19 17:10:34 - [TEST_STEP][PASSED] - if (getText().equals(Baslik)): null

2021-11-19 17:10:35 - [TEST_STEP][PASSED] - build().perform(): null

2021-11-19 17:10:35 - [TEST_STEP][PASSED] - if (getText().equals(Baslik)): null

2021-11-19 17:10:35 - [TEST_STEP][PASSED] - build().perform(): null

2021-11-19 17:10:35 - [TEST_STEP][PASSED] - if (getText().equals(Baslik)): null

2021-11-19 17:10:35 - [TEST_STEP][PASSED] - build().perform(): null

2021-11-19 17:10:35 - [TEST_STEP][PASSED] - if (getText().equals(Baslik)): null

2021-11-19 17:10:35 - [TEST_STEP][PASSED] - baslikElement = element.findElement(By.xpath("../../../..")): Smart Wait Function is triggered

2021-11-19 17:10:35 - [MESSAGE][INFO] - Smart Wait Function is triggered

2021-11-19 17:10:35 - [TEST_STEP][PASSED] - attr = baslikElement.getAttribute("id"): null

2021-11-19 17:10:35 - [TEST_STEP][PASSED] - println("girdi ve idsini aldı = " + attr): null

2021-11-19 17:10:35 - [TEST_STEP][PASSED] - break: null

2021-11-19 17:10:35 - [TEST_STEP][PASSED] - countElement = baslikElement.findElements(By.xpath("../td")): Smart Wait Function is triggered

2021-11-19 17:10:35 - [MESSAGE][INFO] - Smart Wait Function is triggered

2021-11-19 17:10:36 - [TEST_STEP][PASSED] - for (def element : countElement): null

2021-11-19 17:10:36 - [TEST_STEP][PASSED] - if (toString().equals(attr.toString())): null

2021-11-19 17:10:36 - [TEST_STEP][PASSED] - (a++): null

2021-11-19 17:10:36 - [TEST_STEP][PASSED] - if (toString().equals(attr.toString())): null

2021-11-19 17:10:36 - [TEST_STEP][PASSED] - (a++): null

2021-11-19 17:10:36 - [TEST_STEP][PASSED] - if (toString().equals(attr.toString())): null

2021-11-19 17:10:36 - [TEST_STEP][PASSED] - (a++): null

2021-11-19 17:10:36 - [TEST_STEP][PASSED] - if (toString().equals(attr.toString())): null

2021-11-19 17:10:36 - [TEST_STEP][PASSED] - (a++): null

2021-11-19 17:10:36 - [TEST_STEP][PASSED] - if (toString().equals(attr.toString())): null

2021-11-19 17:10:36 - [TEST_STEP][PASSED] - break: null

2021-11-19 17:10:36 - [TEST_STEP][PASSED] - son = findWebElement(findTestObject("Object Repository/Olusturma/Genel/Olusturma/EklenenSatir")).findElement(By.xpath("td[@class='dxgvInlineEditCell_LECustomTheme dxgv'][" + a + "]//td[@class='dxic']/input")): Smart Wait Function is triggered

2021-11-19 17:10:36 - [MESSAGE][INFO] - Finding Test Object 'Object Repository/Olusturma/Genel/Olusturma/EklenenSatir'

2021-11-19 17:10:36 - [MESSAGE][INFO] - Finding web element from Test Object's properties

2021-11-19 17:10:36 - [MESSAGE][INFO] - Checking timeout

2021-11-19 17:10:36 - [MESSAGE][INFO] - Finding web element with id: 'Object Repository/Olusturma/Genel/Olusturma/EklenenSatir' located by 'By.cssSelector: #divmalhizmet .dxgvInlineEditRow_LECustomTheme' in '30' second(s)

2021-11-19 17:10:36 - [MESSAGE][INFO] - Smart Wait Function is triggered

2021-11-19 17:10:36 - [MESSAGE][INFO] - Found 1 web elements with id: 'Object Repository/Olusturma/Genel/Olusturma/EklenenSatir' located by 'By.cssSelector: #divmalhizmet .dxgvInlineEditRow_LECustomTheme' in '30' second(s)

2021-11-19 17:10:36 - [MESSAGE][INFO] - Smart Wait Function is triggered

2021-11-19 17:10:36 - [TEST_STEP][PASSED] - if (!(getAttribute("value").contains("Vkn"))): null

2021-11-19 17:10:36 - [TEST_STEP][PASSED] - son.clear(): null

2021-11-19 17:10:36 - [TEST_STEP][PASSED] - son.sendKeys(Deger): null

2021-11-19 17:10:36 - [MESSAGE][PASSED] - Call Test Case 'Test Cases/Olusturma/Genel/Olusturma' successfully

2021-11-19 17:10:37 - [MESSAGE][INFO] - Checking called Test Case

2021-11-19 17:10:37 - [MESSAGE][INFO] - Starting to call Test Case 'Test Cases/Olusturma/Genel/Olusturma'

2021-11-19 17:10:37 - [TEST_CASE][PASSED] - Test Cases/Olusturma/Genel/Olusturma: Test Cases/Olusturma/Genel/Olusturma

2021-11-19 17:10:37 - [TEST_STEP][PASSED] - driver = getWebDriver(): null

2021-11-19 17:10:37 - [TEST_STEP][PASSED] - action = new org.openqa.selenium.interactions.Actions(driver): null

2021-11-19 17:10:37 - [TEST_STEP][PASSED] - baslikElement = <not implemented yet for class: org.codehaus.groovy.ast.expr.EmptyExpression>: null

2021-11-19 17:10:37 - [TEST_STEP][PASSED] - sonElement = <not implemented yet for class: org.codehaus.groovy.ast.expr.EmptyExpression>: null

2021-11-19 17:10:37 - [TEST_STEP][PASSED] - attr = <not implemented yet for class: org.codehaus.groovy.ast.expr.EmptyExpression>: null

2021-11-19 17:10:37 - [TEST_STEP][PASSED] - a = 0: null

2021-11-19 17:10:37 - [TEST_STEP][PASSED] - elements = findWebElements(findTestObject("Object Repository/Olusturma/Genel/Olusturma/TabloBasliklari"), 10): Found 13 web elements with id: 'Object Repository/Olusturma/Genel/Olusturma/TabloBasliklari' located by 'By.cssSelector: div#divmalhizmet .dxgvTable_LECustomTheme td.dxgvHeader_LECustomTheme tr>td:nth-child(1)' in '10' second(s)

2021-11-19 17:10:37 - [MESSAGE][INFO] - Finding Test Object 'Object Repository/Olusturma/Genel/Olusturma/TabloBasliklari'

2021-11-19 17:10:37 - [MESSAGE][INFO] - Checking timeout

2021-11-19 17:10:37 - [MESSAGE][INFO] - Finding web element with id: 'Object Repository/Olusturma/Genel/Olusturma/TabloBasliklari' located by 'By.cssSelector: div#divmalhizmet .dxgvTable_LECustomTheme td.dxgvHeader_LECustomTheme tr>td:nth-child(1)' in '10' second(s)

2021-11-19 17:10:37 - [MESSAGE][INFO] - Smart Wait Function is triggered

2021-11-19 17:10:37 - [MESSAGE][INFO] - Found 13 web elements with id: 'Object Repository/Olusturma/Genel/Olusturma/TabloBasliklari' located by 'By.cssSelector: div#divmalhizmet .dxgvTable_LECustomTheme td.dxgvHeader_LECustomTheme tr>td:nth-child(1)' in '10' second(s)

2021-11-19 17:10:37 - [TEST_STEP][PASSED] - for (def element : elements): null

2021-11-19 17:10:37 - [TEST_STEP][PASSED] - build().perform(): null

2021-11-19 17:10:37 - [TEST_STEP][PASSED] - if (getText().equals(Baslik)): null

2021-11-19 17:10:37 - [TEST_STEP][PASSED] - build().perform(): null

2021-11-19 17:10:37 - [TEST_STEP][PASSED] - if (getText().equals(Baslik)): null

2021-11-19 17:10:37 - [TEST_STEP][PASSED] - build().perform(): null

2021-11-19 17:10:37 - [TEST_STEP][PASSED] - if (getText().equals(Baslik)): null

2021-11-19 17:10:37 - [TEST_STEP][PASSED] - build().perform(): null

2021-11-19 17:10:37 - [TEST_STEP][PASSED] - if (getText().equals(Baslik)): null

2021-11-19 17:10:37 - [TEST_STEP][PASSED] - build().perform(): null

2021-11-19 17:10:38 - [TEST_STEP][PASSED] - if (getText().equals(Baslik)): null

2021-11-19 17:10:38 - [TEST_STEP][PASSED] - build().perform(): null

2021-11-19 17:10:38 - [TEST_STEP][PASSED] - if (getText().equals(Baslik)): null

2021-11-19 17:10:38 - [TEST_STEP][PASSED] - baslikElement = element.findElement(By.xpath("../../../..")): Smart Wait Function is triggered

2021-11-19 17:10:38 - [MESSAGE][INFO] - Smart Wait Function is triggered

2021-11-19 17:10:38 - [TEST_STEP][PASSED] - attr = baslikElement.getAttribute("id"): null

2021-11-19 17:10:38 - [TEST_STEP][PASSED] - println("girdi ve idsini aldı = " + attr): null

2021-11-19 17:10:38 - [TEST_STEP][PASSED] - break: null

2021-11-19 17:10:38 - [TEST_STEP][PASSED] - countElement = baslikElement.findElements(By.xpath("../td")): Smart Wait Function is triggered

2021-11-19 17:10:38 - [MESSAGE][INFO] - Smart Wait Function is triggered

2021-11-19 17:10:38 - [TEST_STEP][PASSED] - for (def element : countElement): null

2021-11-19 17:10:38 - [TEST_STEP][PASSED] - if (toString().equals(attr.toString())): null

2021-11-19 17:10:38 - [TEST_STEP][PASSED] - (a++): null

2021-11-19 17:10:38 - [TEST_STEP][PASSED] - if (toString().equals(attr.toString())): null

2021-11-19 17:10:38 - [TEST_STEP][PASSED] - (a++): null

2021-11-19 17:10:38 - [TEST_STEP][PASSED] - if (toString().equals(attr.toString())): null

2021-11-19 17:10:38 - [TEST_STEP][PASSED] - (a++): null

2021-11-19 17:10:38 - [TEST_STEP][PASSED] - if (toString().equals(attr.toString())): null

2021-11-19 17:10:38 - [TEST_STEP][PASSED] - (a++): null

2021-11-19 17:10:38 - [TEST_STEP][PASSED] - if (toString().equals(attr.toString())): null

2021-11-19 17:10:39 - [TEST_STEP][PASSED] - (a++): null

2021-11-19 17:10:39 - [TEST_STEP][PASSED] - if (toString().equals(attr.toString())): null

2021-11-19 17:10:39 - [TEST_STEP][PASSED] - (a++): null

2021-11-19 17:10:39 - [TEST_STEP][PASSED] - if (toString().equals(attr.toString())): null

2021-11-19 17:10:39 - [TEST_STEP][PASSED] - break: null

2021-11-19 17:10:39 - [TEST_STEP][PASSED] - son = findWebElement(findTestObject("Object Repository/Olusturma/Genel/Olusturma/EklenenSatir")).findElement(By.xpath("td[@class='dxgvInlineEditCell_LECustomTheme dxgv'][" + a + "]//td[@class='dxic']/input")): Smart Wait Function is triggered

2021-11-19 17:10:39 - [MESSAGE][INFO] - Finding Test Object 'Object Repository/Olusturma/Genel/Olusturma/EklenenSatir'

2021-11-19 17:10:39 - [MESSAGE][INFO] - Finding web element from Test Object's properties

2021-11-19 17:10:39 - [MESSAGE][INFO] - Checking timeout

2021-11-19 17:10:39 - [MESSAGE][INFO] - Finding web element with id: 'Object Repository/Olusturma/Genel/Olusturma/EklenenSatir' located by 'By.cssSelector: #divmalhizmet .dxgvInlineEditRow_LECustomTheme' in '30' second(s)

2021-11-19 17:10:39 - [MESSAGE][INFO] - Smart Wait Function is triggered

2021-11-19 17:10:39 - [MESSAGE][INFO] - Found 1 web elements with id: 'Object Repository/Olusturma/Genel/Olusturma/EklenenSatir' located by 'By.cssSelector: #divmalhizmet .dxgvInlineEditRow_LECustomTheme' in '30' second(s)

2021-11-19 17:10:39 - [MESSAGE][INFO] - Smart Wait Function is triggered

2021-11-19 17:10:39 - [TEST_STEP][PASSED] - if (!(getAttribute("value").contains("Vkn"))): null

2021-11-19 17:10:39 - [TEST_STEP][PASSED] - son.clear(): null

2021-11-19 17:10:39 - [TEST_STEP][PASSED] - son.sendKeys(Deger): null

2021-11-19 17:10:39 - [MESSAGE][PASSED] - Call Test Case 'Test Cases/Olusturma/Genel/Olusturma' successfully

2021-11-19 17:10:39 - [MESSAGE][INFO] - Checking called Test Case

2021-11-19 17:10:39 - [MESSAGE][INFO] - Starting to call Test Case 'Test Cases/Olusturma/Genel/Olusturma'

2021-11-19 17:10:40 - [TEST_CASE][PASSED] - Test Cases/Olusturma/Genel/Olusturma: Test Cases/Olusturma/Genel/Olusturma

2021-11-19 17:10:40 - [TEST_STEP][PASSED] - driver = getWebDriver(): null

2021-11-19 17:10:40 - [TEST_STEP][PASSED] - action = new org.openqa.selenium.interactions.Actions(driver): null

2021-11-19 17:10:40 - [TEST_STEP][PASSED] - baslikElement = <not implemented yet for class: org.codehaus.groovy.ast.expr.EmptyExpression>: null

2021-11-19 17:10:40 - [TEST_STEP][PASSED] - sonElement = <not implemented yet for class: org.codehaus.groovy.ast.expr.EmptyExpression>: null

2021-11-19 17:10:40 - [TEST_STEP][PASSED] - attr = <not implemented yet for class: org.codehaus.groovy.ast.expr.EmptyExpression>: null

2021-11-19 17:10:40 - [TEST_STEP][PASSED] - a = 0: null

2021-11-19 17:10:40 - [TEST_STEP][PASSED] - elements = findWebElements(findTestObject("Object Repository/Olusturma/Genel/Olusturma/TabloBasliklari"), 10): Found 13 web elements with id: 'Object Repository/Olusturma/Genel/Olusturma/TabloBasliklari' located by 'By.cssSelector: div#divmalhizmet .dxgvTable_LECustomTheme td.dxgvHeader_LECustomTheme tr>td:nth-child(1)' in '10' second(s)

2021-11-19 17:10:40 - [MESSAGE][INFO] - Finding Test Object 'Object Repository/Olusturma/Genel/Olusturma/TabloBasliklari'

2021-11-19 17:10:40 - [MESSAGE][INFO] - Checking timeout

2021-11-19 17:10:40 - [MESSAGE][INFO] - Finding web element with id: 'Object Repository/Olusturma/Genel/Olusturma/TabloBasliklari' located by 'By.cssSelector: div#divmalhizmet .dxgvTable_LECustomTheme td.dxgvHeader_LECustomTheme tr>td:nth-child(1)' in '10' second(s)

2021-11-19 17:10:40 - [MESSAGE][INFO] - Smart Wait Function is triggered

2021-11-19 17:10:40 - [MESSAGE][INFO] - Found 13 web elements with id: 'Object Repository/Olusturma/Genel/Olusturma/TabloBasliklari' located by 'By.cssSelector: div#divmalhizmet .dxgvTable_LECustomTheme td.dxgvHeader_LECustomTheme tr>td:nth-child(1)' in '10' second(s)

2021-11-19 17:10:40 - [TEST_STEP][PASSED] - for (def element : elements): null

2021-11-19 17:10:40 - [TEST_STEP][PASSED] - build().perform(): null

2021-11-19 17:10:40 - [TEST_STEP][PASSED] - if (getText().equals(Baslik)): null

2021-11-19 17:10:40 - [TEST_STEP][PASSED] - build().perform(): null

2021-11-19 17:10:40 - [TEST_STEP][PASSED] - if (getText().equals(Baslik)): null

2021-11-19 17:10:40 - [TEST_STEP][PASSED] - build().perform(): null

2021-11-19 17:10:40 - [TEST_STEP][PASSED] - if (getText().equals(Baslik)): null

2021-11-19 17:10:40 - [TEST_STEP][PASSED] - build().perform(): null

2021-11-19 17:10:41 - [TEST_STEP][PASSED] - if (getText().equals(Baslik)): null

2021-11-19 17:10:41 - [TEST_STEP][PASSED] - build().perform(): null

2021-11-19 17:10:41 - [TEST_STEP][PASSED] - if (getText().equals(Baslik)): null

2021-11-19 17:10:41 - [TEST_STEP][PASSED] - build().perform(): null

2021-11-19 17:10:41 - [TEST_STEP][PASSED] - if (getText().equals(Baslik)): null

2021-11-19 17:10:41 - [TEST_STEP][PASSED] - build().perform(): null

2021-11-19 17:10:41 - [TEST_STEP][PASSED] - if (getText().equals(Baslik)): null

2021-11-19 17:10:41 - [TEST_STEP][PASSED] - baslikElement = element.findElement(By.xpath("../../../..")): Smart Wait Function is triggered

2021-11-19 17:10:41 - [MESSAGE][INFO] - Smart Wait Function is triggered

2021-11-19 17:10:41 - [TEST_STEP][PASSED] - attr = baslikElement.getAttribute("id"): null

2021-11-19 17:10:41 - [TEST_STEP][PASSED] - println("girdi ve idsini aldı = " + attr): null

2021-11-19 17:10:41 - [TEST_STEP][PASSED] - break: null

2021-11-19 17:10:41 - [TEST_STEP][PASSED] - countElement = baslikElement.findElements(By.xpath("../td")): Smart Wait Function is triggered

2021-11-19 17:10:41 - [MESSAGE][INFO] - Smart Wait Function is triggered

2021-11-19 17:10:42 - [TEST_STEP][PASSED] - for (def element : countElement): null

2021-11-19 17:10:42 - [TEST_STEP][PASSED] - if (toString().equals(attr.toString())): null

2021-11-19 17:10:42 - [TEST_STEP][PASSED] - (a++): null

2021-11-19 17:10:42 - [TEST_STEP][PASSED] - if (toString().equals(attr.toString())): null

2021-11-19 17:10:42 - [TEST_STEP][PASSED] - (a++): null

2021-11-19 17:10:42 - [TEST_STEP][PASSED] - if (toString().equals(attr.toString())): null

2021-11-19 17:10:42 - [TEST_STEP][PASSED] - (a++): null

2021-11-19 17:10:42 - [TEST_STEP][PASSED] - if (toString().equals(attr.toString())): null

2021-11-19 17:10:42 - [TEST_STEP][PASSED] - (a++): null

2021-11-19 17:10:42 - [TEST_STEP][PASSED] - if (toString().equals(attr.toString())): null

2021-11-19 17:10:42 - [TEST_STEP][PASSED] - (a++): null

2021-11-19 17:10:42 - [TEST_STEP][PASSED] - if (toString().equals(attr.toString())): null

2021-11-19 17:10:42 - [TEST_STEP][PASSED] - (a++): null

2021-11-19 17:10:42 - [TEST_STEP][PASSED] - if (toString().equals(attr.toString())): null

2021-11-19 17:10:42 - [TEST_STEP][PASSED] - (a++): null

2021-11-19 17:10:42 - [TEST_STEP][PASSED] - if (toString().equals(attr.toString())): null

2021-11-19 17:10:42 - [TEST_STEP][PASSED] - break: null

2021-11-19 17:10:42 - [TEST_STEP][PASSED] - son = findWebElement(findTestObject("Object Repository/Olusturma/Genel/Olusturma/EklenenSatir")).findElement(By.xpath("td[@class='dxgvInlineEditCell_LECustomTheme dxgv'][" + a + "]//td[@class='dxic']/input")): Smart Wait Function is triggered

2021-11-19 17:10:42 - [MESSAGE][INFO] - Finding Test Object 'Object Repository/Olusturma/Genel/Olusturma/EklenenSatir'

2021-11-19 17:10:42 - [MESSAGE][INFO] - Finding web element from Test Object's properties

2021-11-19 17:10:42 - [MESSAGE][INFO] - Checking timeout

2021-11-19 17:10:42 - [MESSAGE][INFO] - Finding web element with id: 'Object Repository/Olusturma/Genel/Olusturma/EklenenSatir' located by 'By.cssSelector: #divmalhizmet .dxgvInlineEditRow_LECustomTheme' in '30' second(s)

2021-11-19 17:10:42 - [MESSAGE][INFO] - Smart Wait Function is triggered

2021-11-19 17:10:42 - [MESSAGE][INFO] - Found 1 web elements with id: 'Object Repository/Olusturma/Genel/Olusturma/EklenenSatir' located by 'By.cssSelector: #divmalhizmet .dxgvInlineEditRow_LECustomTheme' in '30' second(s)

2021-11-19 17:10:42 - [MESSAGE][INFO] - Smart Wait Function is triggered

2021-11-19 17:10:42 - [TEST_STEP][PASSED] - if (!(getAttribute("value").contains("Vkn"))): null

2021-11-19 17:10:42 - [TEST_STEP][PASSED] - son.clear(): null

2021-11-19 17:10:42 - [TEST_STEP][PASSED] - son.sendKeys(Deger): null

2021-11-19 17:10:43 - [MESSAGE][PASSED] - Call Test Case 'Test Cases/Olusturma/Genel/Olusturma' successfully

2021-11-19 17:10:43 - [MESSAGE][INFO] - Checking called Test Case

2021-11-19 17:10:43 - [MESSAGE][INFO] - Starting to call Test Case 'Test Cases/Olusturma/Genel/NotGirilir'

2021-11-19 17:10:43 - [TEST_CASE][PASSED] - Test Cases/Olusturma/Genel/NotGirilir: Test Cases/Olusturma/Genel/NotGirilir

2021-11-19 17:10:43 - [TEST_STEP][PASSED] - i = 0: null

2021-11-19 17:10:43 - [TEST_STEP][PASSED] - waitForElementClickable(findTestObject("Olusturma/Genel/Not/Notlar"), 10): Object 'Object Repository/Olusturma/Genel/Not/Notlar' is clickable

2021-11-19 17:10:43 - [MESSAGE][INFO] - Finding Test Object 'Object Repository/Olusturma/Genel/Not/Notlar'

2021-11-19 17:10:43 - [MESSAGE][INFO] - Checking object

2021-11-19 17:10:43 - [MESSAGE][INFO] - Checking timeout

2021-11-19 17:10:43 - [MESSAGE][INFO] - Finding web element from Test Object's properties

2021-11-19 17:10:43 - [MESSAGE][INFO] - Checking timeout

2021-11-19 17:10:43 - [MESSAGE][INFO] - Finding web element with id: 'Object Repository/Olusturma/Genel/Not/Notlar' located by 'By.xpath: //*[@id = 'txtNote_I']' in '10' second(s)

2021-11-19 17:10:43 - [MESSAGE][INFO] - Smart Wait Function is triggered

2021-11-19 17:10:43 - [MESSAGE][INFO] - Found 1 web elements with id: 'Object Repository/Olusturma/Genel/Not/Notlar' located by 'By.xpath: //*[@id = 'txtNote_I']' in '10' second(s)

2021-11-19 17:10:43 - [MESSAGE][PASSED] - Object 'Object Repository/Olusturma/Genel/Not/Notlar' is clickable

2021-11-19 17:10:43 - [TEST_STEP][PASSED] - clearText(findTestObject("Olusturma/Genel/Not/Notlar")): Text of object 'Object Repository/Olusturma/Genel/Not/Notlar' is cleared

2021-11-19 17:10:43 - [MESSAGE][INFO] - Finding Test Object 'Object Repository/Olusturma/Genel/Not/Notlar'

2021-11-19 17:10:43 - [MESSAGE][INFO] - Checking object

2021-11-19 17:10:43 - [MESSAGE][INFO] - Finding web element from Test Object's properties

2021-11-19 17:10:43 - [MESSAGE][INFO] - Checking timeout

2021-11-19 17:10:43 - [MESSAGE][INFO] - Finding web element with id: 'Object Repository/Olusturma/Genel/Not/Notlar' located by 'By.xpath: //*[@id = 'txtNote_I']' in '30' second(s)

2021-11-19 17:10:43 - [MESSAGE][INFO] - Smart Wait Function is triggered

2021-11-19 17:10:43 - [MESSAGE][INFO] - Found 1 web elements with id: 'Object Repository/Olusturma/Genel/Not/Notlar' located by 'By.xpath: //*[@id = 'txtNote_I']' in '30' second(s)

2021-11-19 17:10:43 - [MESSAGE][INFO] - Clearing text of object 'Object Repository/Olusturma/Genel/Not/Notlar'

2021-11-19 17:10:44 - [MESSAGE][PASSED] - Text of object 'Object Repository/Olusturma/Genel/Not/Notlar' is cleared

2021-11-19 17:10:44 - [TEST_STEP][PASSED] - click(findTestObject("Olusturma/Genel/Not/Notlar")): Object: 'Object Repository/Olusturma/Genel/Not/Notlar' is clicked on

2021-11-19 17:10:44 - [MESSAGE][INFO] - Finding Test Object 'Object Repository/Olusturma/Genel/Not/Notlar'

2021-11-19 17:10:44 - [MESSAGE][INFO] - Checking object

2021-11-19 17:10:44 - [MESSAGE][INFO] - Finding web element from Test Object's properties

2021-11-19 17:10:44 - [MESSAGE][INFO] - Checking timeout

2021-11-19 17:10:44 - [MESSAGE][INFO] - Finding web element with id: 'Object Repository/Olusturma/Genel/Not/Notlar' located by 'By.xpath: //*[@id = 'txtNote_I']' in '30' second(s)

2021-11-19 17:10:44 - [MESSAGE][INFO] - Smart Wait Function is triggered

2021-11-19 17:10:44 - [MESSAGE][INFO] - Found 1 web elements with id: 'Object Repository/Olusturma/Genel/Not/Notlar' located by 'By.xpath: //*[@id = 'txtNote_I']' in '30' second(s)

2021-11-19 17:10:44 - [MESSAGE][INFO] - Clicking on object: 'Object Repository/Olusturma/Genel/Not/Notlar'

2021-11-19 17:10:44 - [MESSAGE][PASSED] - Object: 'Object Repository/Olusturma/Genel/Not/Notlar' is clicked on

2021-11-19 17:10:44 - [TEST_STEP][PASSED] - while (true): null

2021-11-19 17:10:44 - [TEST_STEP][PASSED] - delay(1): Delayed 1 second(s)

2021-11-19 17:10:44 - [MESSAGE][INFO] - Delaying browser in 1 second(s)

2021-11-19 17:10:45 - [MESSAGE][PASSED] - Delayed 1 second(s)

2021-11-19 17:10:45 - [TEST_STEP][PASSED] - ajaxIsComplete = executeJavaScript("return jQuery.active == 0", null): Execute JavaScript 'return jQuery.active == 0' successfully

2021-11-19 17:10:45 - [MESSAGE][PASSED] - Execute JavaScript 'return jQuery.active == 0' successfully

2021-11-19 17:10:45 - [TEST_STEP][PASSED] - if (ajaxIsComplete): null

2021-11-19 17:10:45 - [TEST_STEP][PASSED] - if (i > 10): null

2021-11-19 17:10:45 - [TEST_STEP][PASSED] - (i++): null

2021-11-19 17:10:45 - [TEST_STEP][PASSED] - delay(1): Delayed 1 second(s)

2021-11-19 17:10:45 - [MESSAGE][INFO] - Delaying browser in 1 second(s)

2021-11-19 17:10:46 - [MESSAGE][PASSED] - Delayed 1 second(s)

2021-11-19 17:10:46 - [TEST_STEP][PASSED] - ajaxIsComplete = executeJavaScript("return jQuery.active == 0", null): Execute JavaScript 'return jQuery.active == 0' successfully

2021-11-19 17:10:46 - [MESSAGE][PASSED] - Execute JavaScript 'return jQuery.active == 0' successfully

2021-11-19 17:10:46 - [TEST_STEP][PASSED] - if (ajaxIsComplete): null

2021-11-19 17:10:46 - [TEST_STEP][PASSED] - break: null

2021-11-19 17:10:46 - [TEST_STEP][PASSED] - sendKeys(findTestObject("Olusturma/Genel/Not/Notlar"), Not): Keys 'Otomasyon Not' sent to object: 'Object Repository/Olusturma/Genel/Not/Notlar'

2021-11-19 17:10:46 - [MESSAGE][INFO] - Finding Test Object 'Object Repository/Olusturma/Genel/Not/Notlar'

2021-11-19 17:10:46 - [MESSAGE][INFO] - Sending keys 'Otomasyon Not' to object: 'Object Repository/Olusturma/Genel/Not/Notlar'

2021-11-19 17:10:46 - [MESSAGE][INFO] - Finding web element from Test Object's properties

2021-11-19 17:10:46 - [MESSAGE][INFO] - Checking timeout

2021-11-19 17:10:46 - [MESSAGE][INFO] - Finding web element with id: 'Object Repository/Olusturma/Genel/Not/Notlar' located by 'By.xpath: //*[@id = 'txtNote_I']' in '30' second(s)

2021-11-19 17:10:46 - [MESSAGE][INFO] - Smart Wait Function is triggered

2021-11-19 17:10:46 - [MESSAGE][INFO] - Found 1 web elements with id: 'Object Repository/Olusturma/Genel/Not/Notlar' located by 'By.xpath: //*[@id = 'txtNote_I']' in '30' second(s)

2021-11-19 17:10:47 - [MESSAGE][PASSED] - Keys 'Otomasyon Not' sent to object: 'Object Repository/Olusturma/Genel/Not/Notlar'

2021-11-19 17:10:47 - [MESSAGE][PASSED] - Call Test Case 'Test Cases/Olusturma/Genel/NotGirilir' successfully

2021-11-19 17:10:47 - [MESSAGE][INFO] - Checking called Test Case

2021-11-19 17:10:47 - [MESSAGE][INFO] - Starting to call Test Case 'Test Cases/Olusturma/Genel/EttnBilgisiKayitEdilir'

2021-11-19 17:10:47 - [TEST_CASE][PASSED] - Test Cases/Olusturma/Genel/EttnBilgisiKayitEdilir: Test Cases/Olusturma/Genel/EttnBilgisiKayitEdilir

2021-11-19 17:10:47 - [TEST_STEP][PASSED] - verifyElementPresent(findTestObject("Object Repository/Olusturma/Genel/Olusturma/eArsivEttnBilgisi"), 7): Object 'Object Repository/Olusturma/Genel/Olusturma/eArsivEttnBilgisi' is present

2021-11-19 17:10:47 - [MESSAGE][INFO] - Finding Test Object 'Object Repository/Olusturma/Genel/Olusturma/eArsivEttnBilgisi'

2021-11-19 17:10:47 - [MESSAGE][INFO] - Checking object

2021-11-19 17:10:47 - [MESSAGE][INFO] - Finding web element from Test Object's properties

2021-11-19 17:10:47 - [MESSAGE][INFO] - Checking timeout

2021-11-19 17:10:47 - [MESSAGE][INFO] - Finding web element with id: 'Object Repository/Olusturma/Genel/Olusturma/eArsivEttnBilgisi' located by 'By.xpath: //*[@id = 'Uuid_I']' in '7' second(s)

2021-11-19 17:10:47 - [MESSAGE][INFO] - Smart Wait Function is triggered

2021-11-19 17:10:47 - [MESSAGE][INFO] - Found 1 web elements with id: 'Object Repository/Olusturma/Genel/Olusturma/eArsivEttnBilgisi' located by 'By.xpath: //*[@id = 'Uuid_I']' in '7' second(s)

2021-11-19 17:10:47 - [MESSAGE][PASSED] - Object 'Object Repository/Olusturma/Genel/Olusturma/eArsivEttnBilgisi' is present

2021-11-19 17:10:47 - [TEST_STEP][PASSED] - ettn = getAttribute(findTestObject("Object Repository/Olusturma/Genel/Olusturma/eArsivEttnBilgisi"), "value"): Attribute 'value' of object 'Object Repository/Olusturma/Genel/Olusturma/eArsivEttnBilgisi' is: '6e422320-7453-4950-8274-354ffe0eca8c'

2021-11-19 17:10:47 - [MESSAGE][INFO] - Finding Test Object 'Object Repository/Olusturma/Genel/Olusturma/eArsivEttnBilgisi'

2021-11-19 17:10:47 - [MESSAGE][INFO] - Checking object

2021-11-19 17:10:47 - [MESSAGE][INFO] - Checking attribute

2021-11-19 17:10:47 - [MESSAGE][INFO] - Finding web element from Test Object's properties

2021-11-19 17:10:47 - [MESSAGE][INFO] - Checking timeout

2021-11-19 17:10:47 - [MESSAGE][INFO] - Finding web element with id: 'Object Repository/Olusturma/Genel/Olusturma/eArsivEttnBilgisi' located by 'By.xpath: //*[@id = 'Uuid_I']' in '30' second(s)

2021-11-19 17:10:47 - [MESSAGE][INFO] - Smart Wait Function is triggered

2021-11-19 17:10:47 - [MESSAGE][INFO] - Found 1 web elements with id: 'Object Repository/Olusturma/Genel/Olusturma/eArsivEttnBilgisi' located by 'By.xpath: //*[@id = 'Uuid_I']' in '30' second(s)

2021-11-19 17:10:47 - [MESSAGE][INFO] - Getting attribute 'value' of object 'Object Repository/Olusturma/Genel/Olusturma/eArsivEttnBilgisi'

2021-11-19 17:10:47 - [MESSAGE][PASSED] - Attribute 'value' of object 'Object Repository/Olusturma/Genel/Olusturma/eArsivEttnBilgisi' is: '6e422320-7453-4950-8274-354ffe0eca8c'

2021-11-19 17:10:47 - [MESSAGE][PASSED] - Call Test Case 'Test Cases/Olusturma/Genel/EttnBilgisiKayitEdilir' successfully

2021-11-19 17:10:47 - [MESSAGE][INFO] - Checking called Test Case

2021-11-19 17:10:47 - [MESSAGE][INFO] - Starting to call Test Case 'Test Cases/Olusturma/Genel/KaydetButonunaTiklanir'

2021-11-19 17:10:47 - [TEST_CASE][PASSED] - Test Cases/Olusturma/Genel/KaydetButonunaTiklanir: Test Cases/Olusturma/Genel/KaydetButonunaTiklanir

2021-11-19 17:10:47 - [TEST_STEP][PASSED] - i = 0: null

2021-11-19 17:10:47 - [TEST_STEP][PASSED] - waitForElementPresent(findTestObject("Olusturma/Genel/Not/Notlar"), 10): Object 'Object Repository/Olusturma/Genel/Not/Notlar' is present

2021-11-19 17:10:47 - [MESSAGE][INFO] - Finding Test Object 'Object Repository/Olusturma/Genel/Not/Notlar'

2021-11-19 17:10:47 - [MESSAGE][INFO] - Checking object

2021-11-19 17:10:47 - [MESSAGE][INFO] - Finding web element from Test Object's properties

2021-11-19 17:10:47 - [MESSAGE][INFO] - Checking timeout

2021-11-19 17:10:47 - [MESSAGE][INFO] - Finding web element with id: 'Object Repository/Olusturma/Genel/Not/Notlar' located by 'By.xpath: //*[@id = 'txtNote_I']' in '10' second(s)

2021-11-19 17:10:47 - [MESSAGE][INFO] - Smart Wait Function is triggered

2021-11-19 17:10:48 - [MESSAGE][INFO] - Found 1 web elements with id: 'Object Repository/Olusturma/Genel/Not/Notlar' located by 'By.xpath: //*[@id = 'txtNote_I']' in '10' second(s)

2021-11-19 17:10:48 - [MESSAGE][PASSED] - Object 'Object Repository/Olusturma/Genel/Not/Notlar' is present

2021-11-19 17:10:48 - [TEST_STEP][PASSED] - click(findTestObject("Olusturma/Genel/Not/Notlar")): Object: 'Object Repository/Olusturma/Genel/Not/Notlar' is clicked on

2021-11-19 17:10:48 - [MESSAGE][INFO] - Finding Test Object 'Object Repository/Olusturma/Genel/Not/Notlar'

2021-11-19 17:10:48 - [MESSAGE][INFO] - Checking object

2021-11-19 17:10:48 - [MESSAGE][INFO] - Finding web element from Test Object's properties

2021-11-19 17:10:48 - [MESSAGE][INFO] - Checking timeout

2021-11-19 17:10:48 - [MESSAGE][INFO] - Finding web element with id: 'Object Repository/Olusturma/Genel/Not/Notlar' located by 'By.xpath: //*[@id = 'txtNote_I']' in '30' second(s)

2021-11-19 17:10:48 - [MESSAGE][INFO] - Smart Wait Function is triggered

2021-11-19 17:10:48 - [MESSAGE][INFO] - Found 1 web elements with id: 'Object Repository/Olusturma/Genel/Not/Notlar' located by 'By.xpath: //*[@id = 'txtNote_I']' in '30' second(s)

2021-11-19 17:10:48 - [MESSAGE][INFO] - Clicking on object: 'Object Repository/Olusturma/Genel/Not/Notlar'

2021-11-19 17:10:48 - [MESSAGE][PASSED] - Object: 'Object Repository/Olusturma/Genel/Not/Notlar' is clicked on

2021-11-19 17:10:48 - [TEST_STEP][PASSED] - while (true): null

2021-11-19 17:10:48 - [TEST_STEP][PASSED] - delay(1): Delayed 1 second(s)

2021-11-19 17:10:48 - [MESSAGE][INFO] - Delaying browser in 1 second(s)

2021-11-19 17:10:49 - [MESSAGE][PASSED] - Delayed 1 second(s)

2021-11-19 17:10:49 - [TEST_STEP][PASSED] - ajaxIsComplete = executeJavaScript("return jQuery.active == 0", null): Execute JavaScript 'return jQuery.active == 0' successfully

2021-11-19 17:10:49 - [MESSAGE][PASSED] - Execute JavaScript 'return jQuery.active == 0' successfully

2021-11-19 17:10:49 - [TEST_STEP][PASSED] - if (ajaxIsComplete): null

2021-11-19 17:10:49 - [TEST_STEP][PASSED] - break: null

2021-11-19 17:10:49 - [TEST_STEP][PASSED] - waitForElementClickable(findTestObject("Object Repository/Olusturma/Genel/Buton"), 10): Object 'Object Repository/Olusturma/Genel/Buton' is clickable

2021-11-19 17:10:49 - [MESSAGE][INFO] - Finding Test Object 'Object Repository/Olusturma/Genel/Buton'

2021-11-19 17:10:49 - [MESSAGE][INFO] - Checking object

2021-11-19 17:10:49 - [MESSAGE][INFO] - Checking timeout

2021-11-19 17:10:49 - [MESSAGE][INFO] - Finding web element from Test Object's properties

2021-11-19 17:10:49 - [MESSAGE][INFO] - Checking timeout

2021-11-19 17:10:49 - [MESSAGE][INFO] - Finding web element with id: 'Object Repository/Olusturma/Genel/Buton' located by 'By.xpath: //*[@id = 'btnKaydet']' in '10' second(s)

2021-11-19 17:10:49 - [MESSAGE][INFO] - Smart Wait Function is triggered

2021-11-19 17:10:50 - [MESSAGE][INFO] - Found 1 web elements with id: 'Object Repository/Olusturma/Genel/Buton' located by 'By.xpath: //*[@id = 'btnKaydet']' in '10' second(s)

2021-11-19 17:10:50 - [MESSAGE][PASSED] - Object 'Object Repository/Olusturma/Genel/Buton' is clickable

2021-11-19 17:10:50 - [TEST_STEP][PASSED] - click(findTestObject("Object Repository/Olusturma/Genel/Buton")): Object: 'Object Repository/Olusturma/Genel/Buton' is clicked on

2021-11-19 17:10:50 - [MESSAGE][INFO] - Finding Test Object 'Object Repository/Olusturma/Genel/Buton'

2021-11-19 17:10:50 - [MESSAGE][INFO] - Checking object

2021-11-19 17:10:50 - [MESSAGE][INFO] - Finding web element from Test Object's properties

2021-11-19 17:10:50 - [MESSAGE][INFO] - Checking timeout

2021-11-19 17:10:50 - [MESSAGE][INFO] - Finding web element with id: 'Object Repository/Olusturma/Genel/Buton' located by 'By.xpath: //*[@id = 'btnKaydet']' in '30' second(s)

2021-11-19 17:10:50 - [MESSAGE][INFO] - Smart Wait Function is triggered

2021-11-19 17:10:50 - [MESSAGE][INFO] - Found 1 web elements with id: 'Object Repository/Olusturma/Genel/Buton' located by 'By.xpath: //*[@id = 'btnKaydet']' in '30' second(s)

2021-11-19 17:10:50 - [MESSAGE][INFO] - Clicking on object: 'Object Repository/Olusturma/Genel/Buton'

2021-11-19 17:10:53 - [MESSAGE][PASSED] - Object: 'Object Repository/Olusturma/Genel/Buton' is clicked on

2021-11-19 17:10:53 - [MESSAGE][PASSED] - Call Test Case 'Test Cases/Olusturma/Genel/KaydetButonunaTiklanir' successfully

2021-11-19 17:10:53 - [MESSAGE][INFO] - Checking called Test Case

2021-11-19 17:10:53 - [MESSAGE][INFO] - Starting to call Test Case 'Test Cases/Tablo/TablodaEttnliVeriOlusturulduMu'

2021-11-19 17:10:53 - [TEST_CASE][PASSED] - Test Cases/Tablo/TablodaEttnliVeriOlusturulduMu: Test Cases/Tablo/TablodaEttnliVeriOlusturulduMu

2021-11-19 17:10:53 - [TEST_STEP][PASSED] - Method.TextDegerineEsitElementVarMi(findTestObject("Tablo/OlusturulanVeri"), ettn): Method.TextDegerineEsitElementVarMi is PASSED

2021-11-19 17:10:53 - [MESSAGE][INFO] - Finding Test Object 'Object Repository/Tablo/OlusturulanVeri'

2021-11-19 17:10:53 - [MESSAGE][INFO] - Checking timeout

2021-11-19 17:10:53 - [MESSAGE][INFO] - Finding web element with id: 'Object Repository/Tablo/OlusturulanVeri' located by 'By.cssSelector: table.dxgvTable_LECustomTheme>tbody>tr:nth-child(3)>td.dxgv b,table.dxgvTable_LECustomTheme>tbody>tr:nth-child(3)>td.dxgv' in '10' second(s)

2021-11-19 17:10:53 - [MESSAGE][INFO] - Smart Wait Function is triggered

2021-11-19 17:10:53 - [MESSAGE][INFO] - Found 14 web elements with id: 'Object Repository/Tablo/OlusturulanVeri' located by 'By.cssSelector: table.dxgvTable_LECustomTheme>tbody>tr:nth-child(3)>td.dxgv b,table.dxgvTable_LECustomTheme>tbody>tr:nth-child(3)>td.dxgv' in '10' second(s)

2021-11-19 17:10:54 - [MESSAGE][PASSED] - Method.TextDegerineEsitElementVarMi is PASSED

2021-11-19 17:10:54 - [MESSAGE][PASSED] - Call Test Case 'Test Cases/Tablo/TablodaEttnliVeriOlusturulduMu' successfully

2021-11-19 17:10:54 - [MESSAGE][INFO] - Checking called Test Case

2021-11-19 17:10:54 - [MESSAGE][INFO] - Starting to call Test Case 'Test Cases/Tablo/TablodanEttnliVeriSec'

2021-11-19 17:10:54 - [TEST_CASE][PASSED] - Test Cases/Tablo/TablodanEttnliVeriSec: Test Cases/Tablo/TablodanEttnliVeriSec

2021-11-19 17:10:54 - [TEST_STEP][PASSED] - Method.TextDegerineEsitElementinAltindakineTikla(findTestObject("Tablo/Veriler"), findTestObject("Tablo/VerininCheckBoxi"), ettn): Method.TextDegerineEsitElementinAltindakineTikla is PASSED

2021-11-19 17:10:54 - [MESSAGE][INFO] - Finding Test Object 'Object Repository/Tablo/Veriler'

2021-11-19 17:10:54 - [MESSAGE][INFO] - Finding Test Object 'Object Repository/Tablo/VerininCheckBoxi'

2021-11-19 17:10:54 - [MESSAGE][INFO] - Checking timeout

2021-11-19 17:10:54 - [MESSAGE][INFO] - Finding web element with id: 'Object Repository/Tablo/Veriler' located by 'By.cssSelector: td.dxgv b ,td.dxgv' in '10' second(s)

2021-11-19 17:10:54 - [MESSAGE][INFO] - Smart Wait Function is triggered

2021-11-19 17:10:54 - [MESSAGE][INFO] - Found 84 web elements with id: 'Object Repository/Tablo/Veriler' located by 'By.cssSelector: td.dxgv b ,td.dxgv' in '10' second(s)

2021-11-19 17:10:54 - [MESSAGE][INFO] - Smart Wait Function is triggered

2021-11-19 17:10:55 - [MESSAGE][PASSED] - Method.TextDegerineEsitElementinAltindakineTikla is PASSED

2021-11-19 17:10:55 - [MESSAGE][PASSED] - Call Test Case 'Test Cases/Tablo/TablodanEttnliVeriSec' successfully

2021-11-19 17:10:55 - [MESSAGE][INFO] - Checking called Test Case

2021-11-19 17:10:55 - [MESSAGE][INFO] - Starting to call Test Case 'Test Cases/Butonlar/ButonaTikla'

2021-11-19 17:10:55 - [TEST_CASE][PASSED] - Test Cases/Butonlar/ButonaTikla: Test Cases/Butonlar/ButonaTikla

2021-11-19 17:10:55 - [TEST_STEP][PASSED] - Method.TextDegerineEsitElementeTiklaEquals(findTestObject("Butonlar/Butonlar"), Buton_Adi): Method.TextDegerineEsitElementeTiklaEquals is PASSED

2021-11-19 17:10:55 - [MESSAGE][INFO] - Finding Test Object 'Object Repository/Butonlar/Butonlar'

2021-11-19 17:10:55 - [MESSAGE][INFO] - Checking timeout

2021-11-19 17:10:55 - [MESSAGE][INFO] - Finding web element with id: 'Object Repository/Butonlar/Butonlar' located by 'By.cssSelector: .panel.panel-default.text-center.footerPanel .btn,.btn.btn-primary.btnControls' in '10' second(s)

2021-11-19 17:10:55 - [MESSAGE][INFO] - Smart Wait Function is triggered

2021-11-19 17:10:55 - [MESSAGE][INFO] - Found 9 web elements with id: 'Object Repository/Butonlar/Butonlar' located by 'By.cssSelector: .panel.panel-default.text-center.footerPanel .btn,.btn.btn-primary.btnControls' in '10' second(s)

2021-11-19 17:10:55 - [MESSAGE][PASSED] - Method.TextDegerineEsitElementeTiklaEquals is PASSED

2021-11-19 17:10:55 - [MESSAGE][PASSED] - Call Test Case 'Test Cases/Butonlar/ButonaTikla' successfully

2021-11-19 17:10:55 - [MESSAGE][INFO] - Checking called Test Case

2021-11-19 17:10:55 - [MESSAGE][INFO] - Starting to call Test Case 'Test Cases/Popup/PopupMesajiIceriyorMu'

2021-11-19 17:10:55 - [TEST_CASE][PASSED] - Test Cases/Popup/PopupMesajiIceriyorMu: Test Cases/Popup/PopupMesajiIceriyorMu

2021-11-19 17:10:55 - [TEST_STEP][PASSED] - waitForElementVisible(findTestObject("Popup/Popup"), 10): Object 'Object Repository/Popup/Popup' is visible

2021-11-19 17:10:55 - [MESSAGE][INFO] - Finding Test Object 'Object Repository/Popup/Popup'

2021-11-19 17:10:56 - [MESSAGE][INFO] - Checking object

2021-11-19 17:10:56 - [MESSAGE][INFO] - Checking timeout

2021-11-19 17:10:56 - [MESSAGE][INFO] - Finding web element from Test Object's properties

2021-11-19 17:10:56 - [MESSAGE][INFO] - Checking timeout

2021-11-19 17:10:56 - [MESSAGE][INFO] - Finding web element with id: 'Object Repository/Popup/Popup' located by 'By.cssSelector: .bootbox-body' in '10' second(s)

2021-11-19 17:10:56 - [MESSAGE][INFO] - Smart Wait Function is triggered

2021-11-19 17:10:56 - [MESSAGE][INFO] - Found 1 web elements with id: 'Object Repository/Popup/Popup' located by 'By.cssSelector: .bootbox-body' in '10' second(s)

2021-11-19 17:10:56 - [MESSAGE][PASSED] - Object 'Object Repository/Popup/Popup' is visible

2021-11-19 17:10:56 - [TEST_STEP][PASSED] - if (!(getText(findTestObject("Popup/Popup")).contains(Mesaj))): Text of object 'Object Repository/Popup/Popup' is: 'Oluşturulacak fatura numarası : EAR2021000000495 Fatura numarası oluşturulduktan sonra fatura silinemez. Fatura numarası, tarihi ve ön eki değiştirilemez. Devam etmek istiyor musunuz?'

2021-11-19 17:10:56 - [MESSAGE][INFO] - Finding Test Object 'Object Repository/Popup/Popup'

2021-11-19 17:10:57 - [MESSAGE][INFO] - Checking object

2021-11-19 17:10:57 - [MESSAGE][INFO] - Finding web element from Test Object's properties

2021-11-19 17:10:57 - [MESSAGE][INFO] - Checking timeout

2021-11-19 17:10:57 - [MESSAGE][INFO] - Finding web element with id: 'Object Repository/Popup/Popup' located by 'By.cssSelector: .bootbox-body' in '30' second(s)

2021-11-19 17:10:57 - [MESSAGE][INFO] - Smart Wait Function is triggered

2021-11-19 17:10:57 - [MESSAGE][INFO] - Found 1 web elements with id: 'Object Repository/Popup/Popup' located by 'By.cssSelector: .bootbox-body' in '30' second(s)

2021-11-19 17:10:57 - [MESSAGE][INFO] - Getting text of object 'Object Repository/Popup/Popup'

2021-11-19 17:10:57 - [MESSAGE][PASSED] - Text of object 'Object Repository/Popup/Popup' is: 'Oluşturulacak fatura numarası : EAR2021000000495 Fatura numarası oluşturulduktan sonra fatura silinemez. Fatura numarası, tarihi ve ön eki değiştirilemez. Devam etmek istiyor musunuz?'

2021-11-19 17:10:57 - [TEST_STEP][PASSED] - RaporNo = getText(findTestObject("Popup/Popup")).substring(0, 6): Text of object 'Object Repository/Popup/Popup' is: 'Oluşturulacak fatura numarası : EAR2021000000495 Fatura numarası oluşturulduktan sonra fatura silinemez. Fatura numarası, tarihi ve ön eki değiştirilemez. Devam etmek istiyor musunuz?'

2021-11-19 17:10:57 - [MESSAGE][INFO] - Finding Test Object 'Object Repository/Popup/Popup'

2021-11-19 17:10:57 - [MESSAGE][INFO] - Checking object

2021-11-19 17:10:57 - [MESSAGE][INFO] - Finding web element from Test Object's properties

2021-11-19 17:10:57 - [MESSAGE][INFO] - Checking timeout

2021-11-19 17:10:57 - [MESSAGE][INFO] - Finding web element with id: 'Object Repository/Popup/Popup' located by 'By.cssSelector: .bootbox-body' in '30' second(s)

2021-11-19 17:10:57 - [MESSAGE][INFO] - Smart Wait Function is triggered

2021-11-19 17:10:57 - [MESSAGE][INFO] - Found 1 web elements with id: 'Object Repository/Popup/Popup' located by 'By.cssSelector: .bootbox-body' in '30' second(s)

2021-11-19 17:10:57 - [MESSAGE][INFO] - Getting text of object 'Object Repository/Popup/Popup'

2021-11-19 17:10:57 - [MESSAGE][PASSED] - Text of object 'Object Repository/Popup/Popup' is: 'Oluşturulacak fatura numarası : EAR2021000000495 Fatura numarası oluşturulduktan sonra fatura silinemez. Fatura numarası, tarihi ve ön eki değiştirilemez. Devam etmek istiyor musunuz?'

2021-11-19 17:10:57 - [TEST_STEP][PASSED] - Console.println(RaporNo): null

2021-11-19 17:10:57 - [MESSAGE][PASSED] - Call Test Case 'Test Cases/Popup/PopupMesajiIceriyorMu' successfully

2021-11-19 17:10:57 - [MESSAGE][INFO] - Checking called Test Case

2021-11-19 17:10:57 - [MESSAGE][INFO] - Starting to call Test Case 'Test Cases/Popup/PopupButonSecilir'

2021-11-19 17:10:57 - [TEST_CASE][PASSED] - Test Cases/Popup/PopupButonSecilir: Test Cases/Popup/PopupButonSecilir

2021-11-19 17:10:57 - [TEST_STEP][PASSED] - Method.TextDegerineEsitElementeTikla(findTestObject("Popup/Popup_Butons"), Buton): Method.TextDegerineEsitElementeTikla is PASSED

2021-11-19 17:10:57 - [MESSAGE][INFO] - Finding Test Object 'Object Repository/Popup/Popup_Butons'

2021-11-19 17:10:57 - [MESSAGE][INFO] - Checking timeout

2021-11-19 17:10:57 - [MESSAGE][INFO] - Finding web element with id: 'Object Repository/Popup/Popup_Butons' located by 'By.cssSelector: .modal-footer>button' in '10' second(s)

2021-11-19 17:10:57 - [MESSAGE][INFO] - Smart Wait Function is triggered

2021-11-19 17:10:58 - [MESSAGE][INFO] - Found 2 web elements with id: 'Object Repository/Popup/Popup_Butons' located by 'By.cssSelector: .modal-footer>button' in '10' second(s)

2021-11-19 17:10:58 - [MESSAGE][PASSED] - Method.TextDegerineEsitElementeTikla is PASSED

2021-11-19 17:10:58 - [MESSAGE][PASSED] - Call Test Case 'Test Cases/Popup/PopupButonSecilir' successfully

2021-11-19 17:10:58 - [MESSAGE][INFO] - Checking called Test Case

2021-11-19 17:10:58 - [MESSAGE][INFO] - Starting to call Test Case 'Test Cases/Popup/PopupMesajiIceriyorMu'

2021-11-19 17:10:58 - [TEST_CASE][PASSED] - Test Cases/Popup/PopupMesajiIceriyorMu: Test Cases/Popup/PopupMesajiIceriyorMu

2021-11-19 17:10:58 - [TEST_STEP][PASSED] - waitForElementVisible(findTestObject("Popup/Popup"), 10): Object 'Object Repository/Popup/Popup' is visible

2021-11-19 17:10:58 - [MESSAGE][INFO] - Finding Test Object 'Object Repository/Popup/Popup'

2021-11-19 17:10:58 - [MESSAGE][INFO] - Checking object

2021-11-19 17:10:58 - [MESSAGE][INFO] - Checking timeout

2021-11-19 17:10:58 - [MESSAGE][INFO] - Finding web element from Test Object's properties

2021-11-19 17:10:58 - [MESSAGE][INFO] - Checking timeout

2021-11-19 17:10:58 - [MESSAGE][INFO] - Finding web element with id: 'Object Repository/Popup/Popup' located by 'By.cssSelector: .bootbox-body' in '10' second(s)

2021-11-19 17:10:58 - [MESSAGE][INFO] - Smart Wait Function is triggered

2021-11-19 17:10:59 - [MESSAGE][INFO] - Found 1 web elements with id: 'Object Repository/Popup/Popup' located by 'By.cssSelector: .bootbox-body' in '10' second(s)

2021-11-19 17:10:59 - [MESSAGE][PASSED] - Object 'Object Repository/Popup/Popup' is visible

2021-11-19 17:10:59 - [TEST_STEP][PASSED] - if (!(getText(findTestObject("Popup/Popup")).contains(Mesaj))): Text of object 'Object Repository/Popup/Popup' is: 'Fatura numaranız EAR2021000000495 olarak oluşmuştur.'

2021-11-19 17:10:59 - [MESSAGE][INFO] - Finding Test Object 'Object Repository/Popup/Popup'

2021-11-19 17:10:59 - [MESSAGE][INFO] - Checking object

2021-11-19 17:10:59 - [MESSAGE][INFO] - Finding web element from Test Object's properties

2021-11-19 17:10:59 - [MESSAGE][INFO] - Checking timeout

2021-11-19 17:10:59 - [MESSAGE][INFO] - Finding web element with id: 'Object Repository/Popup/Popup' located by 'By.cssSelector: .bootbox-body' in '30' second(s)

2021-11-19 17:10:59 - [MESSAGE][INFO] - Smart Wait Function is triggered

2021-11-19 17:10:59 - [MESSAGE][INFO] - Found 1 web elements with id: 'Object Repository/Popup/Popup' located by 'By.cssSelector: .bootbox-body' in '30' second(s)

2021-11-19 17:10:59 - [MESSAGE][INFO] - Getting text of object 'Object Repository/Popup/Popup'

2021-11-19 17:10:59 - [MESSAGE][PASSED] - Text of object 'Object Repository/Popup/Popup' is: 'Fatura numaranız EAR2021000000495 olarak oluşmuştur.'

2021-11-19 17:10:59 - [TEST_STEP][PASSED] - RaporNo = getText(findTestObject("Popup/Popup")).substring(0, 6): Text of object 'Object Repository/Popup/Popup' is: 'Fatura numaranız EAR2021000000495 olarak oluşmuştur.'

2021-11-19 17:10:59 - [MESSAGE][INFO] - Finding Test Object 'Object Repository/Popup/Popup'

2021-11-19 17:10:59 - [MESSAGE][INFO] - Checking object

2021-11-19 17:10:59 - [MESSAGE][INFO] - Finding web element from Test Object's properties

2021-11-19 17:10:59 - [MESSAGE][INFO] - Checking timeout

2021-11-19 17:10:59 - [MESSAGE][INFO] - Finding web element with id: 'Object Repository/Popup/Popup' located by 'By.cssSelector: .bootbox-body' in '30' second(s)

2021-11-19 17:10:59 - [MESSAGE][INFO] - Smart Wait Function is triggered

2021-11-19 17:11:00 - [MESSAGE][INFO] - Found 1 web elements with id: 'Object Repository/Popup/Popup' located by 'By.cssSelector: .bootbox-body' in '30' second(s)

2021-11-19 17:11:00 - [MESSAGE][INFO] - Getting text of object 'Object Repository/Popup/Popup'

2021-11-19 17:11:00 - [MESSAGE][PASSED] - Text of object 'Object Repository/Popup/Popup' is: 'Fatura numaranız EAR2021000000495 olarak oluşmuştur.'

2021-11-19 17:11:00 - [TEST_STEP][PASSED] - Console.println(RaporNo): null

2021-11-19 17:11:00 - [MESSAGE][PASSED] - Call Test Case 'Test Cases/Popup/PopupMesajiIceriyorMu' successfully

2021-11-19 17:11:00 - [MESSAGE][INFO] - Checking called Test Case

2021-11-19 17:11:00 - [MESSAGE][INFO] - Starting to call Test Case 'Test Cases/Popup/PopupButonSecilir'

2021-11-19 17:11:00 - [TEST_CASE][PASSED] - Test Cases/Popup/PopupButonSecilir: Test Cases/Popup/PopupButonSecilir

2021-11-19 17:11:00 - [TEST_STEP][PASSED] - Method.TextDegerineEsitElementeTikla(findTestObject("Popup/Popup_Butons"), Buton): Method.TextDegerineEsitElementeTikla is PASSED

2021-11-19 17:11:00 - [MESSAGE][INFO] - Finding Test Object 'Object Repository/Popup/Popup_Butons'

2021-11-19 17:11:00 - [MESSAGE][INFO] - Checking timeout

2021-11-19 17:11:00 - [MESSAGE][INFO] - Finding web element with id: 'Object Repository/Popup/Popup_Butons' located by 'By.cssSelector: .modal-footer>button' in '10' second(s)

2021-11-19 17:11:00 - [MESSAGE][INFO] - Smart Wait Function is triggered

2021-11-19 17:11:00 - [MESSAGE][INFO] - Found 1 web elements with id: 'Object Repository/Popup/Popup_Butons' located by 'By.cssSelector: .modal-footer>button' in '10' second(s)

2021-11-19 17:11:00 - [MESSAGE][PASSED] - Method.TextDegerineEsitElementeTikla is PASSED

2021-11-19 17:11:00 - [MESSAGE][PASSED] - Call Test Case 'Test Cases/Popup/PopupButonSecilir' successfully

2021-11-19 17:11:00 - [MESSAGE][INFO] - Checking called Test Case

2021-11-19 17:11:00 - [MESSAGE][INFO] - Starting to call Test Case 'Test Cases/Tablo/TablodanEttnliVeriSec'

2021-11-19 17:11:00 - [TEST_CASE][PASSED] - Test Cases/Tablo/TablodanEttnliVeriSec: Test Cases/Tablo/TablodanEttnliVeriSec

2021-11-19 17:11:00 - [TEST_STEP][PASSED] - Method.TextDegerineEsitElementinAltindakineTikla(findTestObject("Tablo/Veriler"), findTestObject("Tablo/VerininCheckBoxi"), ettn): Method.TextDegerineEsitElementinAltindakineTikla is PASSED

2021-11-19 17:11:00 - [MESSAGE][INFO] - Finding Test Object 'Object Repository/Tablo/Veriler'

2021-11-19 17:11:01 - [MESSAGE][INFO] - Finding Test Object 'Object Repository/Tablo/VerininCheckBoxi'

2021-11-19 17:11:01 - [MESSAGE][INFO] - Checking timeout

2021-11-19 17:11:01 - [MESSAGE][INFO] - Finding web element with id: 'Object Repository/Tablo/Veriler' located by 'By.cssSelector: td.dxgv b ,td.dxgv' in '10' second(s)

2021-11-19 17:11:01 - [MESSAGE][INFO] - Smart Wait Function is triggered

2021-11-19 17:11:01 - [MESSAGE][INFO] - Found 84 web elements with id: 'Object Repository/Tablo/Veriler' located by 'By.cssSelector: td.dxgv b ,td.dxgv' in '10' second(s)

2021-11-19 17:11:01 - [MESSAGE][INFO] - Smart Wait Function is triggered

2021-11-19 17:11:02 - [MESSAGE][PASSED] - Method.TextDegerineEsitElementinAltindakineTikla is PASSED

2021-11-19 17:11:02 - [MESSAGE][PASSED] - Call Test Case 'Test Cases/Tablo/TablodanEttnliVeriSec' successfully

2021-11-19 17:11:02 - [MESSAGE][INFO] - Checking called Test Case

2021-11-19 17:11:02 - [MESSAGE][INFO] - Starting to call Test Case 'Test Cases/Butonlar/ButonaTikla'

2021-11-19 17:11:02 - [TEST_CASE][PASSED] - Test Cases/Butonlar/ButonaTikla: Test Cases/Butonlar/ButonaTikla

2021-11-19 17:11:02 - [TEST_STEP][PASSED] - Method.TextDegerineEsitElementeTiklaEquals(findTestObject("Butonlar/Butonlar"), Buton_Adi): Method.TextDegerineEsitElementeTiklaEquals is PASSED

2021-11-19 17:11:02 - [MESSAGE][INFO] - Finding Test Object 'Object Repository/Butonlar/Butonlar'

2021-11-19 17:11:02 - [MESSAGE][INFO] - Checking timeout

2021-11-19 17:11:02 - [MESSAGE][INFO] - Finding web element with id: 'Object Repository/Butonlar/Butonlar' located by 'By.cssSelector: .panel.panel-default.text-center.footerPanel .btn,.btn.btn-primary.btnControls' in '10' second(s)

2021-11-19 17:11:02 - [MESSAGE][INFO] - Smart Wait Function is triggered

2021-11-19 17:11:02 - [MESSAGE][INFO] - Found 9 web elements with id: 'Object Repository/Butonlar/Butonlar' located by 'By.cssSelector: .panel.panel-default.text-center.footerPanel .btn,.btn.btn-primary.btnControls' in '10' second(s)

2021-11-19 17:11:03 - [MESSAGE][PASSED] - Method.TextDegerineEsitElementeTiklaEquals is PASSED

2021-11-19 17:11:03 - [MESSAGE][PASSED] - Call Test Case 'Test Cases/Butonlar/ButonaTikla' successfully

2021-11-19 17:11:03 - [MESSAGE][INFO] - Checking called Test Case

2021-11-19 17:11:03 - [MESSAGE][INFO] - Starting to call Test Case 'Test Cases/Popup/PopupMesajiIceriyorMu'

2021-11-19 17:11:03 - [TEST_CASE][PASSED] - Test Cases/Popup/PopupMesajiIceriyorMu: Test Cases/Popup/PopupMesajiIceriyorMu

2021-11-19 17:11:03 - [TEST_STEP][PASSED] - waitForElementVisible(findTestObject("Popup/Popup"), 10): Object 'Object Repository/Popup/Popup' is visible

2021-11-19 17:11:03 - [MESSAGE][INFO] - Finding Test Object 'Object Repository/Popup/Popup'

2021-11-19 17:11:03 - [MESSAGE][INFO] - Checking object

2021-11-19 17:11:03 - [MESSAGE][INFO] - Checking timeout

2021-11-19 17:11:03 - [MESSAGE][INFO] - Finding web element from Test Object's properties

2021-11-19 17:11:03 - [MESSAGE][INFO] - Checking timeout

2021-11-19 17:11:03 - [MESSAGE][INFO] - Finding web element with id: 'Object Repository/Popup/Popup' located by 'By.cssSelector: .bootbox-body' in '10' second(s)

2021-11-19 17:11:03 - [MESSAGE][INFO] - Smart Wait Function is triggered

2021-11-19 17:11:03 - [MESSAGE][INFO] - Found 1 web elements with id: 'Object Repository/Popup/Popup' located by 'By.cssSelector: .bootbox-body' in '10' second(s)

2021-11-19 17:11:03 - [MESSAGE][PASSED] - Object 'Object Repository/Popup/Popup' is visible

2021-11-19 17:11:03 - [TEST_STEP][PASSED] - if (!(getText(findTestObject("Popup/Popup")).contains(Mesaj))): Text of object 'Object Repository/Popup/Popup' is: 'EAR serisi için onaylanmamış belge(leri)niz bulunmaktadır.
Devam etmek istiyor musunuz?'

2021-11-19 17:11:03 - [MESSAGE][INFO] - Finding Test Object 'Object Repository/Popup/Popup'

2021-11-19 17:11:03 - [MESSAGE][INFO] - Checking object

2021-11-19 17:11:03 - [MESSAGE][INFO] - Finding web element from Test Object's properties

2021-11-19 17:11:03 - [MESSAGE][INFO] - Checking timeout

2021-11-19 17:11:03 - [MESSAGE][INFO] - Finding web element with id: 'Object Repository/Popup/Popup' located by 'By.cssSelector: .bootbox-body' in '30' second(s)

2021-11-19 17:11:03 - [MESSAGE][INFO] - Smart Wait Function is triggered

2021-11-19 17:11:04 - [MESSAGE][INFO] - Found 1 web elements with id: 'Object Repository/Popup/Popup' located by 'By.cssSelector: .bootbox-body' in '30' second(s)

2021-11-19 17:11:04 - [MESSAGE][INFO] - Getting text of object 'Object Repository/Popup/Popup'

2021-11-19 17:11:04 - [MESSAGE][PASSED] - Text of object 'Object Repository/Popup/Popup' is: 'EAR serisi için onaylanmamış belge(leri)niz bulunmaktadır.
Devam etmek istiyor musunuz?'

2021-11-19 17:11:04 - [TEST_STEP][PASSED] - RaporNo = getText(findTestObject("Popup/Popup")).substring(0, 6): Text of object 'Object Repository/Popup/Popup' is: 'EAR serisi için onaylanmamış belge(leri)niz bulunmaktadır.
Devam etmek istiyor musunuz?'

2021-11-19 17:11:04 - [MESSAGE][INFO] - Finding Test Object 'Object Repository/Popup/Popup'

2021-11-19 17:11:04 - [MESSAGE][INFO] - Checking object

2021-11-19 17:11:04 - [MESSAGE][INFO] - Finding web element from Test Object's properties

2021-11-19 17:11:04 - [MESSAGE][INFO] - Checking timeout

2021-11-19 17:11:04 - [MESSAGE][INFO] - Finding web element with id: 'Object Repository/Popup/Popup' located by 'By.cssSelector: .bootbox-body' in '30' second(s)

2021-11-19 17:11:04 - [MESSAGE][INFO] - Smart Wait Function is triggered

2021-11-19 17:11:04 - [MESSAGE][INFO] - Found 1 web elements with id: 'Object Repository/Popup/Popup' located by 'By.cssSelector: .bootbox-body' in '30' second(s)

2021-11-19 17:11:04 - [MESSAGE][INFO] - Getting text of object 'Object Repository/Popup/Popup'

2021-11-19 17:11:04 - [MESSAGE][PASSED] - Text of object 'Object Repository/Popup/Popup' is: 'EAR serisi için onaylanmamış belge(leri)niz bulunmaktadır.
Devam etmek istiyor musunuz?'

2021-11-19 17:11:04 - [TEST_STEP][PASSED] - Console.println(RaporNo): null

2021-11-19 17:11:04 - [MESSAGE][PASSED] - Call Test Case 'Test Cases/Popup/PopupMesajiIceriyorMu' successfully

2021-11-19 17:11:04 - [MESSAGE][INFO] - Checking called Test Case

2021-11-19 17:11:04 - [MESSAGE][INFO] - Starting to call Test Case 'Test Cases/Popup/PopupButonSecilir'

2021-11-19 17:11:04 - [TEST_CASE][PASSED] - Test Cases/Popup/PopupButonSecilir: Test Cases/Popup/PopupButonSecilir

2021-11-19 17:11:04 - [TEST_STEP][PASSED] - Method.TextDegerineEsitElementeTikla(findTestObject("Popup/Popup_Butons"), Buton): Method.TextDegerineEsitElementeTikla is PASSED

2021-11-19 17:11:04 - [MESSAGE][INFO] - Finding Test Object 'Object Repository/Popup/Popup_Butons'

2021-11-19 17:11:04 - [MESSAGE][INFO] - Checking timeout

2021-11-19 17:11:04 - [MESSAGE][INFO] - Finding web element with id: 'Object Repository/Popup/Popup_Butons' located by 'By.cssSelector: .modal-footer>button' in '10' second(s)

2021-11-19 17:11:04 - [MESSAGE][INFO] - Smart Wait Function is triggered

2021-11-19 17:11:05 - [MESSAGE][INFO] - Found 2 web elements with id: 'Object Repository/Popup/Popup_Butons' located by 'By.cssSelector: .modal-footer>button' in '10' second(s)

2021-11-19 17:11:05 - [MESSAGE][PASSED] - Method.TextDegerineEsitElementeTikla is PASSED

2021-11-19 17:11:05 - [MESSAGE][PASSED] - Call Test Case 'Test Cases/Popup/PopupButonSecilir' successfully

2021-11-19 17:11:05 - [MESSAGE][INFO] - Checking called Test Case

2021-11-19 17:11:05 - [MESSAGE][INFO] - Starting to call Test Case 'Test Cases/Menu/AnaMenuSecimi'

2021-11-19 17:11:05 - [TEST_CASE][PASSED] - Test Cases/Menu/AnaMenuSecimi: Test Cases/Menu/AnaMenuSecimi

2021-11-19 17:11:05 - [TEST_STEP][PASSED] - Method.TextDegerineEsitElementeTikla(findTestObject("Menu/Ana_Menu"), Ana_Menu): Method.TextDegerineEsitElementeTikla is PASSED

2021-11-19 17:11:05 - [MESSAGE][INFO] - Finding Test Object 'Object Repository/Menu/Ana_Menu'

2021-11-19 17:11:05 - [MESSAGE][INFO] - Checking timeout

2021-11-19 17:11:05 - [MESSAGE][INFO] - Finding web element with id: 'Object Repository/Menu/Ana_Menu' located by 'By.xpath: //*[@class = 'dropdown-toggle']' in '10' second(s)

2021-11-19 17:11:05 - [MESSAGE][INFO] - Smart Wait Function is triggered

2021-11-19 17:11:06 - [MESSAGE][INFO] - Found 13 web elements with id: 'Object Repository/Menu/Ana_Menu' located by 'By.xpath: //*[@class = 'dropdown-toggle']' in '10' second(s)

2021-11-19 17:11:06 - [MESSAGE][PASSED] - Method.TextDegerineEsitElementeTikla is PASSED

2021-11-19 17:11:06 - [MESSAGE][PASSED] - Call Test Case 'Test Cases/Menu/AnaMenuSecimi' successfully

2021-11-19 17:11:06 - [MESSAGE][INFO] - Checking called Test Case

2021-11-19 17:11:06 - [MESSAGE][INFO] - Starting to call Test Case 'Test Cases/Menu/BasligaGoreAltMenuSecimi'

2021-11-19 17:11:06 - [TEST_CASE][PASSED] - Test Cases/Menu/BasligaGoreAltMenuSecimi: Test Cases/Menu/BasligaGoreAltMenuSecimi

2021-11-19 17:11:06 - [TEST_STEP][PASSED] - Method.TextDegerineEsitElementinAltindakiTextDegerineEsitOlanaTikla(findTestObject("Menu/Menu_Basligi"), findTestObject("Menu/Basliga_Gore_Alt_Menu"), Baslik, Alt_Menu): Method.TextDegerineEsitElementinAltindakiTextDegerineEsitOlanaTikla is PASSED

2021-11-19 17:11:06 - [MESSAGE][INFO] - Finding Test Object 'Object Repository/Menu/Menu_Basligi'

2021-11-19 17:11:06 - [MESSAGE][INFO] - Finding Test Object 'Object Repository/Menu/Basliga_Gore_Alt_Menu'

2021-11-19 17:11:06 - [MESSAGE][INFO] - Checking timeout

2021-11-19 17:11:06 - [MESSAGE][INFO] - Finding web element with id: 'Object Repository/Menu/Menu_Basligi' located by 'By.xpath: //li[@class='dropdown dropdown-large open']//li[@class='dropdown-header']' in '10' second(s)

2021-11-19 17:11:06 - [MESSAGE][INFO] - Smart Wait Function is triggered

2021-11-19 17:11:06 - [MESSAGE][INFO] - Found 2 web elements with id: 'Object Repository/Menu/Menu_Basligi' located by 'By.xpath: //li[@class='dropdown dropdown-large open']//li[@class='dropdown-header']' in '10' second(s)

2021-11-19 17:11:06 - [MESSAGE][INFO] - Smart Wait Function is triggered

2021-11-19 17:11:07 - [MESSAGE][PASSED] - Method.TextDegerineEsitElementinAltindakiTextDegerineEsitOlanaTikla is PASSED

2021-11-19 17:11:07 - [MESSAGE][PASSED] - Call Test Case 'Test Cases/Menu/BasligaGoreAltMenuSecimi' successfully

2021-11-19 17:11:07 - [MESSAGE][INFO] - Checking called Test Case

2021-11-19 17:11:07 - [MESSAGE][INFO] - Starting to call Test Case 'Test Cases/Filtreler/EttnYaz'

2021-11-19 17:11:07 - [TEST_CASE][PASSED] - Test Cases/Filtreler/EttnYaz: Test Cases/Filtreler/EttnYaz

2021-11-19 17:11:07 - [TEST_STEP][PASSED] - Method.TextDegerineEsitElementinAltindakiTextboxtaYaz(findTestObject("Filtreler/Basliklar"), findTestObject("Filtreler/Basliga_Gore_Textbox"), "ETTN", ettn): Method.TextDegerineEsitElementinAltindakiTextboxtaYaz is PASSED

2021-11-19 17:11:07 - [MESSAGE][INFO] - Finding Test Object 'Object Repository/Filtreler/Basliklar'

2021-11-19 17:11:07 - [MESSAGE][INFO] - Finding Test Object 'Object Repository/Filtreler/Basliga_Gore_Textbox'

2021-11-19 17:11:08 - [MESSAGE][INFO] - Checking timeout

2021-11-19 17:11:08 - [MESSAGE][INFO] - Finding web element with id: 'Object Repository/Filtreler/Basliklar' located by 'By.cssSelector: .control-label.col-sm-4.paddingMarginRLC' in '10' second(s)

2021-11-19 17:11:08 - [MESSAGE][INFO] - Smart Wait Function is triggered

2021-11-19 17:11:08 - [MESSAGE][INFO] - Found 19 web elements with id: 'Object Repository/Filtreler/Basliklar' located by 'By.cssSelector: .control-label.col-sm-4.paddingMarginRLC' in '10' second(s)

2021-11-19 17:11:08 - [MESSAGE][INFO] - Smart Wait Function is triggered

2021-11-19 17:11:08 - [MESSAGE][PASSED] - Method.TextDegerineEsitElementinAltindakiTextboxtaYaz is PASSED

2021-11-19 17:11:08 - [MESSAGE][PASSED] - Call Test Case 'Test Cases/Filtreler/EttnYaz' successfully

2021-11-19 17:11:08 - [MESSAGE][INFO] - Checking called Test Case

2021-11-19 17:11:08 - [MESSAGE][INFO] - Starting to call Test Case 'Test Cases/Filtreler/ButonaTikla'

2021-11-19 17:11:08 - [TEST_CASE][PASSED] - Test Cases/Filtreler/ButonaTikla: Test Cases/Filtreler/ButonaTikla

2021-11-19 17:11:08 - [TEST_STEP][PASSED] - Method.TextDegerineEsitElementeTikla(findTestObject("Filtreler/Butonlar"), Filtre_Buton): Method.TextDegerineEsitElementeTikla is PASSED

2021-11-19 17:11:08 - [MESSAGE][INFO] - Finding Test Object 'Object Repository/Filtreler/Butonlar'

2021-11-19 17:11:08 - [MESSAGE][INFO] - Checking timeout

2021-11-19 17:11:08 - [MESSAGE][INFO] - Finding web element with id: 'Object Repository/Filtreler/Butonlar' located by 'By.cssSelector: .dxb>span' in '10' second(s)

2021-11-19 17:11:08 - [MESSAGE][INFO] - Smart Wait Function is triggered

2021-11-19 17:11:09 - [MESSAGE][INFO] - Found 3 web elements with id: 'Object Repository/Filtreler/Butonlar' located by 'By.cssSelector: .dxb>span' in '10' second(s)

2021-11-19 17:11:09 - [MESSAGE][PASSED] - Method.TextDegerineEsitElementeTikla is PASSED

2021-11-19 17:11:09 - [MESSAGE][PASSED] - Call Test Case 'Test Cases/Filtreler/ButonaTikla' successfully

2021-11-19 17:11:09 - [MESSAGE][INFO] - Checking called Test Case

2021-11-19 17:11:09 - [MESSAGE][INFO] - Starting to call Test Case 'Test Cases/Tablo/TablodaVeriVarMi'

2021-11-19 17:11:09 - [TEST_CASE][PASSED] - Test Cases/Tablo/TablodaVeriVarMi: Test Cases/Tablo/TablodaVeriVarMi

2021-11-19 17:11:09 - [TEST_STEP][PASSED] - verifyTextNotPresent("Görüntülenecek veri yok", true): Text 'Görüntülenecek veri yok' is not present on page using regular expression

2021-11-19 17:11:09 - [MESSAGE][INFO] - Checking text present  using regular expression

2021-11-19 17:11:09 - [MESSAGE][INFO] - Smart Wait Function is triggered

2021-11-19 17:11:10 - [MESSAGE][INFO] - Finding text 'Görüntülenecek veri yok' on page  using regular expression

2021-11-19 17:11:10 - [MESSAGE][PASSED] - Text 'Görüntülenecek veri yok' is not present on page using regular expression

2021-11-19 17:11:10 - [MESSAGE][PASSED] - Call Test Case 'Test Cases/Tablo/TablodaVeriVarMi' successfully

2021-11-19 17:11:10 - [MESSAGE][INFO] - Checking called Test Case

2021-11-19 17:11:10 - [MESSAGE][INFO] - Starting to call Test Case 'Test Cases/Tablo/TablodaVeriBasariliMiArsiv'

2021-11-19 17:11:10 - [TEST_CASE][PASSED] - Test Cases/Tablo/TablodaVeriBasariliMiArsiv: Test Cases/Tablo/TablodaVeriBasariliMiArsiv

2021-11-19 17:11:10 - [TEST_STEP][PASSED] - sayac = 80: null

2021-11-19 17:11:10 - [TEST_STEP][PASSED] - while (verifyElementText(findTestObject("Object Repository/Tablo/DurumBilgisiArsiv"), "Henüz Sonuçlanmadı", OPTIONAL)): Actual text 'Başarılı' and expected text 'Henüz Sonuçlanmadı' of test object 'Object Repository/Tablo/DurumBilgisiArsiv' are NOT matched. (Root cause: com.kms.katalon.core.exception.StepFailedException: Actual text 'Başarılı' and expected text 'Henüz Sonuçlanmadı' of test object 'Object Repository/Tablo/DurumBilgisiArsiv' are NOT matched.
	at com.kms.katalon.core.webui.keyword.internal.WebUIKeywordMain.stepFailed(WebUIKeywordMain.groovy:64)
	at com.kms.katalon.core.webui.keyword.builtin.VerifyElementTextKeyword$_verifyElementText_closure1.doCall(VerifyElementTextKeyword.groovy:57)
	at com.kms.katalon.core.webui.keyword.builtin.VerifyElementTextKeyword$_verifyElementText_closure1.call(VerifyElementTextKeyword.groovy)
	at com.kms.katalon.core.webui.keyword.internal.WebUIKeywordMain.runKeyword(WebUIKeywordMain.groovy:20)
	at com.kms.katalon.core.webui.keyword.builtin.VerifyElementTextKeyword.verifyElementText(VerifyElementTextKeyword.groovy:72)
	at com.kms.katalon.core.webui.keyword.builtin.VerifyElementTextKeyword.execute(VerifyElementTextKeyword.groovy:40)
	at com.kms.katalon.core.keyword.internal.KeywordExecutor.executeKeywordForPlatform(KeywordExecutor.groovy:73)
	at com.kms.katalon.core.webui.keyword.WebUiBuiltInKeywords.verifyElementText(WebUiBuiltInKeywords.groovy:4733)
	at com.kms.katalon.core.webui.keyword.WebUiBuiltInKeywords$verifyElementText$20.call(Unknown Source)
	at TablodaVeriBasariliMiArsiv.run(TablodaVeriBasariliMiArsiv:22)
	at com.kms.katalon.core.main.ScriptEngine.run(ScriptEngine.java:194)
	at com.kms.katalon.core.main.ScriptEngine.runScriptAsRawText(ScriptEngine.java:119)
	at com.kms.katalon.core.main.TestCaseExecutor.runScript(TestCaseExecutor.java:369)
	at com.kms.katalon.core.main.TestCaseExecutor.doExecute(TestCaseExecutor.java:360)
	at com.kms.katalon.core.main.TestCaseExecutor.processExecutionPhase(TestCaseExecutor.java:339)
	at com.kms.katalon.core.main.TestCaseExecutor.accessMainPhase(TestCaseExecutor.java:331)
	at com.kms.katalon.core.main.TestCaseExecutor.execute(TestCaseExecutor.java:248)
	at com.kms.katalon.core.main.TestCaseMain.runTestCase(TestCaseMain.java:138)
	at com.kms.katalon.core.keyword.builtin.CallTestCaseKeyword$_callTestCase_closure1.doCall(CallTestCaseKeyword.groovy:59)
	at com.kms.katalon.core.keyword.builtin.CallTestCaseKeyword$_callTestCase_closure1.call(CallTestCaseKeyword.groovy)
	at com.kms.katalon.core.keyword.internal.KeywordMain.runKeyword(KeywordMain.groovy:68)
	at com.kms.katalon.core.keyword.builtin.CallTestCaseKeyword.callTestCase(CallTestCaseKeyword.groovy:81)
	at com.kms.katalon.core.keyword.builtin.CallTestCaseKeyword.execute(CallTestCaseKeyword.groovy:44)
	at com.kms.katalon.core.keyword.internal.KeywordExecutor.executeKeywordForPlatform(KeywordExecutor.groovy:73)
	at com.kms.katalon.core.keyword.BuiltinKeywords.callTestCase(BuiltinKeywords.groovy:334)
	at tablo.tablo.tablodaVeriBasariliMiArsiv(tablo.groovy:95)
	at cucumber.runtime.Utils$1.call(Utils.java:26)
	at cucumber.runtime.Timeout.timeout(Timeout.java:16)
	at cucumber.runtime.Utils.invoke(Utils.java:20)
	at cucumber.runtime.java.JavaStepDefinition.execute(JavaStepDefinition.java:49)
	at cucumber.runner.PickleStepDefinitionMatch.runStep(PickleStepDefinitionMatch.java:50)
	at cucumber.runner.TestStep.executeStep(TestStep.java:63)
	at cucumber.runner.TestStep.run(TestStep.java:49)
	at cucumber.runner.PickleStepTestStep.run(PickleStepTestStep.java:43)
	at cucumber.runner.TestCase.run(TestCase.java:44)
	at cucumber.runner.Runner.runPickle(Runner.java:40)
	at cucumber.runtime.Runtime$1.run(Runtime.java:84)
	at cucumber.runtime.Runtime$SameThreadExecutorService.execute(Runtime.java:220)
	at cucumber.runtime.Runtime.run(Runtime.java:81)
	at cucumber.api.cli.Main.run(Main.java:26)
	at cucumber.api.cli.Main$run.call(Unknown Source)
	at com.kms.katalon.core.cucumber.keyword.CucumberBuiltinKeywords$_runFeatureFile_closure1.doCall(CucumberBuiltinKeywords.groovy:106)
	at com.kms.katalon.core.cucumber.keyword.CucumberBuiltinKeywords$_runFeatureFile_closure1.doCall(CucumberBuiltinKeywords.groovy)
	at com.kms.katalon.core.keyword.internal.KeywordMain.runKeyword(KeywordMain.groovy:68)
	at com.kms.katalon.core.keyword.internal.KeywordMain$runKeyword.call(Unknown Source)
	at com.kms.katalon.core.cucumber.keyword.CucumberBuiltinKeywords.runFeatureFile(CucumberBuiltinKeywords.groovy:73)
	at com.kms.katalon.core.cucumber.keyword.CucumberBuiltinKeywords$runFeatureFile$0.callStatic(Unknown Source)
	at com.kms.katalon.core.cucumber.keyword.CucumberBuiltinKeywords.runFeatureFile(CucumberBuiltinKeywords.groovy:246)
	at com.kms.katalon.core.cucumber.keyword.CucumberBuiltinKeywords$runFeatureFile.call(Unknown Source)
	at VKN-Kagit-Iade.run(VKN-Kagit-Iade:19)
	at com.kms.katalon.core.main.ScriptEngine.run(ScriptEngine.java:194)
	at com.kms.katalon.core.main.ScriptEngine.runScriptAsRawText(ScriptEngine.java:119)
	at com.kms.katalon.core.main.TestCaseExecutor.runScript(TestCaseExecutor.java:369)
	at com.kms.katalon.core.main.TestCaseExecutor.doExecute(TestCaseExecutor.java:360)
	at com.kms.katalon.core.main.TestCaseExecutor.processExecutionPhase(TestCaseExecutor.java:339)
	at com.kms.katalon.core.main.TestCaseExecutor.accessMainPhase(TestCaseExecutor.java:331)
	at com.kms.katalon.core.main.TestCaseExecutor.execute(TestCaseExecutor.java:248)
	at com.kms.katalon.core.main.TestSuiteExecutor.accessTestCaseMainPhase(TestSuiteExecutor.java:191)
	at com.kms.katalon.core.main.TestSuiteExecutor.accessTestSuiteMainPhase(TestSuiteExecutor.java:140)
	at com.kms.katalon.core.main.TestSuiteExecutor.execute(TestSuiteExecutor.java:89)
	at com.kms.katalon.core.main.TestCaseMain.startTestSuite(TestCaseMain.java:181)
	at com.kms.katalon.core.main.TestCaseMain$startTestSuite$0.call(Unknown Source)
	at TempTestSuite1637329560940.run(TempTestSuite1637329560940.groovy:39)
)

2021-11-19 17:11:10 - [MESSAGE][INFO] - Finding Test Object 'Object Repository/Tablo/DurumBilgisiArsiv'

2021-11-19 17:11:10 - [MESSAGE][INFO] - Checking object

2021-11-19 17:11:10 - [MESSAGE][INFO] - Finding web element from Test Object's properties

2021-11-19 17:11:10 - [MESSAGE][INFO] - Checking timeout

2021-11-19 17:11:10 - [MESSAGE][INFO] - Finding web element with id: 'Object Repository/Tablo/DurumBilgisiArsiv' located by 'By.xpath: //*[@id = 'GridViewEArchiveInvoices_tccell0_9']' in '30' second(s)

2021-11-19 17:11:10 - [MESSAGE][INFO] - Smart Wait Function is triggered

2021-11-19 17:11:10 - [MESSAGE][INFO] - Found 1 web elements with id: 'Object Repository/Tablo/DurumBilgisiArsiv' located by 'By.xpath: //*[@id = 'GridViewEArchiveInvoices_tccell0_9']' in '30' second(s)

2021-11-19 17:11:10 - [MESSAGE][WARNING] - Actual text 'Başarılı' and expected text 'Henüz Sonuçlanmadı' of test object 'Object Repository/Tablo/DurumBilgisiArsiv' are NOT matched. (Root cause: com.kms.katalon.core.exception.StepFailedException: Actual text 'Başarılı' and expected text 'Henüz Sonuçlanmadı' of test object 'Object Repository/Tablo/DurumBilgisiArsiv' are NOT matched.
	at com.kms.katalon.core.webui.keyword.internal.WebUIKeywordMain.stepFailed(WebUIKeywordMain.groovy:64)
	at com.kms.katalon.core.webui.keyword.builtin.VerifyElementTextKeyword$_verifyElementText_closure1.doCall(VerifyElementTextKeyword.groovy:57)
	at com.kms.katalon.core.webui.keyword.builtin.VerifyElementTextKeyword$_verifyElementText_closure1.call(VerifyElementTextKeyword.groovy)
	at com.kms.katalon.core.webui.keyword.internal.WebUIKeywordMain.runKeyword(WebUIKeywordMain.groovy:20)
	at com.kms.katalon.core.webui.keyword.builtin.VerifyElementTextKeyword.verifyElementText(VerifyElementTextKeyword.groovy:72)
	at com.kms.katalon.core.webui.keyword.builtin.VerifyElementTextKeyword.execute(VerifyElementTextKeyword.groovy:40)
	at com.kms.katalon.core.keyword.internal.KeywordExecutor.executeKeywordForPlatform(KeywordExecutor.groovy:73)
	at com.kms.katalon.core.webui.keyword.WebUiBuiltInKeywords.verifyElementText(WebUiBuiltInKeywords.groovy:4733)
	at com.kms.katalon.core.webui.keyword.WebUiBuiltInKeywords$verifyElementText$20.call(Unknown Source)
	at TablodaVeriBasariliMiArsiv.run(TablodaVeriBasariliMiArsiv:22)
	at com.kms.katalon.core.main.ScriptEngine.run(ScriptEngine.java:194)
	at com.kms.katalon.core.main.ScriptEngine.runScriptAsRawText(ScriptEngine.java:119)
	at com.kms.katalon.core.main.TestCaseExecutor.runScript(TestCaseExecutor.java:369)
	at com.kms.katalon.core.main.TestCaseExecutor.doExecute(TestCaseExecutor.java:360)
	at com.kms.katalon.core.main.TestCaseExecutor.processExecutionPhase(TestCaseExecutor.java:339)
	at com.kms.katalon.core.main.TestCaseExecutor.accessMainPhase(TestCaseExecutor.java:331)
	at com.kms.katalon.core.main.TestCaseExecutor.execute(TestCaseExecutor.java:248)
	at com.kms.katalon.core.main.TestCaseMain.runTestCase(TestCaseMain.java:138)
	at com.kms.katalon.core.keyword.builtin.CallTestCaseKeyword$_callTestCase_closure1.doCall(CallTestCaseKeyword.groovy:59)
	at com.kms.katalon.core.keyword.builtin.CallTestCaseKeyword$_callTestCase_closure1.call(CallTestCaseKeyword.groovy)
	at com.kms.katalon.core.keyword.internal.KeywordMain.runKeyword(KeywordMain.groovy:68)
	at com.kms.katalon.core.keyword.builtin.CallTestCaseKeyword.callTestCase(CallTestCaseKeyword.groovy:81)
	at com.kms.katalon.core.keyword.builtin.CallTestCaseKeyword.execute(CallTestCaseKeyword.groovy:44)
	at com.kms.katalon.core.keyword.internal.KeywordExecutor.executeKeywordForPlatform(KeywordExecutor.groovy:73)
	at com.kms.katalon.core.keyword.BuiltinKeywords.callTestCase(BuiltinKeywords.groovy:334)
	at tablo.tablo.tablodaVeriBasariliMiArsiv(tablo.groovy:95)
	at cucumber.runtime.Utils$1.call(Utils.java:26)
	at cucumber.runtime.Timeout.timeout(Timeout.java:16)
	at cucumber.runtime.Utils.invoke(Utils.java:20)
	at cucumber.runtime.java.JavaStepDefinition.execute(JavaStepDefinition.java:49)
	at cucumber.runner.PickleStepDefinitionMatch.runStep(PickleStepDefinitionMatch.java:50)
	at cucumber.runner.TestStep.executeStep(TestStep.java:63)
	at cucumber.runner.TestStep.run(TestStep.java:49)
	at cucumber.runner.PickleStepTestStep.run(PickleStepTestStep.java:43)
	at cucumber.runner.TestCase.run(TestCase.java:44)
	at cucumber.runner.Runner.runPickle(Runner.java:40)
	at cucumber.runtime.Runtime$1.run(Runtime.java:84)
	at cucumber.runtime.Runtime$SameThreadExecutorService.execute(Runtime.java:220)
	at cucumber.runtime.Runtime.run(Runtime.java:81)
	at cucumber.api.cli.Main.run(Main.java:26)
	at cucumber.api.cli.Main$run.call(Unknown Source)
	at com.kms.katalon.core.cucumber.keyword.CucumberBuiltinKeywords$_runFeatureFile_closure1.doCall(CucumberBuiltinKeywords.groovy:106)
	at com.kms.katalon.core.cucumber.keyword.CucumberBuiltinKeywords$_runFeatureFile_closure1.doCall(CucumberBuiltinKeywords.groovy)
	at com.kms.katalon.core.keyword.internal.KeywordMain.runKeyword(KeywordMain.groovy:68)
	at com.kms.katalon.core.keyword.internal.KeywordMain$runKeyword.call(Unknown Source)
	at com.kms.katalon.core.cucumber.keyword.CucumberBuiltinKeywords.runFeatureFile(CucumberBuiltinKeywords.groovy:73)
	at com.kms.katalon.core.cucumber.keyword.CucumberBuiltinKeywords$runFeatureFile$0.callStatic(Unknown Source)
	at com.kms.katalon.core.cucumber.keyword.CucumberBuiltinKeywords.runFeatureFile(CucumberBuiltinKeywords.groovy:246)
	at com.kms.katalon.core.cucumber.keyword.CucumberBuiltinKeywords$runFeatureFile.call(Unknown Source)
	at VKN-Kagit-Iade.run(VKN-Kagit-Iade:19)
	at com.kms.katalon.core.main.ScriptEngine.run(ScriptEngine.java:194)
	at com.kms.katalon.core.main.ScriptEngine.runScriptAsRawText(ScriptEngine.java:119)
	at com.kms.katalon.core.main.TestCaseExecutor.runScript(TestCaseExecutor.java:369)
	at com.kms.katalon.core.main.TestCaseExecutor.doExecute(TestCaseExecutor.java:360)
	at com.kms.katalon.core.main.TestCaseExecutor.processExecutionPhase(TestCaseExecutor.java:339)
	at com.kms.katalon.core.main.TestCaseExecutor.accessMainPhase(TestCaseExecutor.java:331)
	at com.kms.katalon.core.main.TestCaseExecutor.execute(TestCaseExecutor.java:248)
	at com.kms.katalon.core.main.TestSuiteExecutor.accessTestCaseMainPhase(TestSuiteExecutor.java:191)
	at com.kms.katalon.core.main.TestSuiteExecutor.accessTestSuiteMainPhase(TestSuiteExecutor.java:140)
	at com.kms.katalon.core.main.TestSuiteExecutor.execute(TestSuiteExecutor.java:89)
	at com.kms.katalon.core.main.TestCaseMain.startTestSuite(TestCaseMain.java:181)
	at com.kms.katalon.core.main.TestCaseMain$startTestSuite$0.call(Unknown Source)
	at TempTestSuite1637329560940.run(TempTestSuite1637329560940.groovy:39)
)

2021-11-19 17:11:10 - [TEST_STEP][PASSED] - Method.TextDegerineEsitElementVarMi(findTestObject("Object Repository/Tablo/DurumBilgisiArsiv"), "Başarılı"): Method.TextDegerineEsitElementVarMi is PASSED

2021-11-19 17:11:10 - [MESSAGE][INFO] - Finding Test Object 'Object Repository/Tablo/DurumBilgisiArsiv'

2021-11-19 17:11:10 - [MESSAGE][INFO] - Checking timeout

2021-11-19 17:11:10 - [MESSAGE][INFO] - Finding web element with id: 'Object Repository/Tablo/DurumBilgisiArsiv' located by 'By.xpath: //*[@id = 'GridViewEArchiveInvoices_tccell0_9']' in '10' second(s)

2021-11-19 17:11:10 - [MESSAGE][INFO] - Smart Wait Function is triggered

2021-11-19 17:11:10 - [MESSAGE][INFO] - Found 1 web elements with id: 'Object Repository/Tablo/DurumBilgisiArsiv' located by 'By.xpath: //*[@id = 'GridViewEArchiveInvoices_tccell0_9']' in '10' second(s)

2021-11-19 17:11:10 - [MESSAGE][PASSED] - Method.TextDegerineEsitElementVarMi is PASSED

2021-11-19 17:11:10 - [MESSAGE][PASSED] - Call Test Case 'Test Cases/Tablo/TablodaVeriBasariliMiArsiv' successfully

2021-11-19 17:11:10 - [MESSAGE][INFO] - Checking called Test Case

2021-11-19 17:11:10 - [MESSAGE][INFO] - Starting to call Test Case 'Test Cases/Kullanici_Islemleri/KullaniciIslemlerindenSecimYapilir'

2021-11-19 17:11:11 - [TEST_CASE][PASSED] - Test Cases/Kullanici_Islemleri/KullaniciIslemlerindenSecimYapilir: Test Cases/Kullanici_Islemleri/KullaniciIslemlerindenSecimYapilir

2021-11-19 17:11:11 - [TEST_STEP][PASSED] - waitForElementClickable(findTestObject("Object Repository/Kullanici_Islemleri/KullaniciIslemleri"), 10): Object 'Object Repository/Kullanici_Islemleri/KullaniciIslemleri' is clickable

2021-11-19 17:11:11 - [MESSAGE][INFO] - Finding Test Object 'Object Repository/Kullanici_Islemleri/KullaniciIslemleri'

2021-11-19 17:11:11 - [MESSAGE][INFO] - Checking object

2021-11-19 17:11:11 - [MESSAGE][INFO] - Checking timeout

2021-11-19 17:11:11 - [MESSAGE][INFO] - Finding web element from Test Object's properties

2021-11-19 17:11:11 - [MESSAGE][INFO] - Checking timeout

2021-11-19 17:11:11 - [MESSAGE][INFO] - Finding web element with id: 'Object Repository/Kullanici_Islemleri/KullaniciIslemleri' located by 'By.cssSelector: .dropdown>a>img' in '10' second(s)

2021-11-19 17:11:11 - [MESSAGE][INFO] - Smart Wait Function is triggered

2021-11-19 17:11:11 - [MESSAGE][INFO] - Found 1 web elements with id: 'Object Repository/Kullanici_Islemleri/KullaniciIslemleri' located by 'By.cssSelector: .dropdown>a>img' in '10' second(s)

2021-11-19 17:11:11 - [MESSAGE][PASSED] - Object 'Object Repository/Kullanici_Islemleri/KullaniciIslemleri' is clickable

2021-11-19 17:11:11 - [TEST_STEP][PASSED] - click(findTestObject("Object Repository/Kullanici_Islemleri/KullaniciIslemleri")): Object: 'Object Repository/Kullanici_Islemleri/KullaniciIslemleri' is clicked on

2021-11-19 17:11:11 - [MESSAGE][INFO] - Finding Test Object 'Object Repository/Kullanici_Islemleri/KullaniciIslemleri'

2021-11-19 17:11:11 - [MESSAGE][INFO] - Checking object

2021-11-19 17:11:11 - [MESSAGE][INFO] - Finding web element from Test Object's properties

2021-11-19 17:11:11 - [MESSAGE][INFO] - Checking timeout

2021-11-19 17:11:11 - [MESSAGE][INFO] - Finding web element with id: 'Object Repository/Kullanici_Islemleri/KullaniciIslemleri' located by 'By.cssSelector: .dropdown>a>img' in '30' second(s)

2021-11-19 17:11:11 - [MESSAGE][INFO] - Smart Wait Function is triggered

2021-11-19 17:11:11 - [MESSAGE][INFO] - Found 1 web elements with id: 'Object Repository/Kullanici_Islemleri/KullaniciIslemleri' located by 'By.cssSelector: .dropdown>a>img' in '30' second(s)

2021-11-19 17:11:11 - [MESSAGE][INFO] - Clicking on object: 'Object Repository/Kullanici_Islemleri/KullaniciIslemleri'

2021-11-19 17:11:11 - [MESSAGE][PASSED] - Object: 'Object Repository/Kullanici_Islemleri/KullaniciIslemleri' is clicked on

2021-11-19 17:11:11 - [TEST_STEP][PASSED] - Method.TextDegerineEsitElementeTikla(findTestObject("Object Repository/Kullanici_Islemleri/Secenekler"), Islem): Method.TextDegerineEsitElementeTikla is PASSED

2021-11-19 17:11:11 - [MESSAGE][INFO] - Finding Test Object 'Object Repository/Kullanici_Islemleri/Secenekler'

2021-11-19 17:11:11 - [MESSAGE][INFO] - Checking timeout

2021-11-19 17:11:11 - [MESSAGE][INFO] - Finding web element with id: 'Object Repository/Kullanici_Islemleri/Secenekler' located by 'By.cssSelector: .nav.navbar-nav.navbar-right li a' in '10' second(s)

2021-11-19 17:11:11 - [MESSAGE][INFO] - Smart Wait Function is triggered

2021-11-19 17:11:12 - [MESSAGE][INFO] - Found 20 web elements with id: 'Object Repository/Kullanici_Islemleri/Secenekler' located by 'By.cssSelector: .nav.navbar-nav.navbar-right li a' in '10' second(s)

2021-11-19 17:11:13 - [MESSAGE][PASSED] - Method.TextDegerineEsitElementeTikla is PASSED

2021-11-19 17:11:13 - [TEST_STEP][PASSED] - verifyElementNotPresent(findTestObject("Object Repository/Kullanici_Islemleri/Secenekler"), 10): Web element with id: 'Object Repository/Kullanici_Islemleri/Secenekler' located by 'By.cssSelector: .nav.navbar-nav.navbar-right li a' is not present after '10' second(s)

2021-11-19 17:11:13 - [MESSAGE][INFO] - Finding Test Object 'Object Repository/Kullanici_Islemleri/Secenekler'

2021-11-19 17:11:13 - [MESSAGE][INFO] - Checking object

2021-11-19 17:11:13 - [MESSAGE][INFO] - Checking timeout

2021-11-19 17:11:13 - [MESSAGE][INFO] - Finding web element with id: 'Object Repository/Kullanici_Islemleri/Secenekler' located by 'By.cssSelector: .nav.navbar-nav.navbar-right li a' in '10' second(s)

2021-11-19 17:11:13 - [MESSAGE][INFO] - Smart Wait Function is triggered

2021-11-19 17:11:13 - [MESSAGE][PASSED] - Web element with id: 'Object Repository/Kullanici_Islemleri/Secenekler' located by 'By.cssSelector: .nav.navbar-nav.navbar-right li a' is not present after '10' second(s)

2021-11-19 17:11:13 - [MESSAGE][PASSED] - Call Test Case 'Test Cases/Kullanici_Islemleri/KullaniciIslemlerindenSecimYapilir' successfully

2021-11-19 17:11:13 - [TEST_CASE][PASSED] - Start Test Case : SCENARIO Gonderim tipi Kagit ve Iade tipinde e-Arsiv faturasi olusturulmasi: SCENARIO Gonderim tipi Kagit ve Iade tipinde e-Arsiv faturasi olusturulmasi

2021-11-19 17:11:13 - [TEST_STEP][PASSED] - Kullanıcı adı EARIADE ve Şifre test1234 olarak giriş yapılır: Kullanıcı adı EARIADE ve Şifre test1234 olarak giriş yapılır

2021-11-19 17:11:13 - [MESSAGE][PASSED] - Kullanıcı adı EARIADE ve Şifre test1234 olarak giriş yapılır

2021-11-19 17:11:13 - [TEST_STEP][PASSED] - Ana menüden e-Arşiv seçilir: Ana menüden e-Arşiv seçilir

2021-11-19 17:11:13 - [MESSAGE][PASSED] - Ana menüden e-Arşiv seçilir

2021-11-19 17:11:13 - [TEST_STEP][PASSED] - Alt menü e-Arşiv Araçları başlığı altındaki e-Arşiv Fatura Oluşturma seçilir: Alt menü e-Arşiv Araçları başlığı altındaki e-Arşiv Fatura Oluşturma seçilir

2021-11-19 17:11:13 - [MESSAGE][PASSED] - Alt menü e-Arşiv Araçları başlığı altındaki e-Arşiv Fatura Oluşturma seçilir

2021-11-19 17:11:13 - [TEST_STEP][PASSED] - Tablodaki tüm veriler silinir: Tablodaki tüm veriler silinir

2021-11-19 17:11:13 - [MESSAGE][PASSED] - Tablodaki tüm veriler silinir

2021-11-19 17:11:13 - [TEST_STEP][PASSED] - Butonlardan Ekle isimli butona tıklanır: Butonlardan Ekle isimli butona tıklanır

2021-11-19 17:11:14 - [MESSAGE][PASSED] - Butonlardan Ekle isimli butona tıklanır

2021-11-19 17:11:14 - [TEST_STEP][PASSED] - Görsel tasarım sayfasının e-Arşiv Fatura Bilgileri başlığını içerdiği kontrol edilir: Görsel tasarım sayfasının e-Arşiv Fatura Bilgileri başlığını içerdiği kontrol edilir

2021-11-19 17:11:14 - [MESSAGE][PASSED] - Görsel tasarım sayfasının e-Arşiv Fatura Bilgileri başlığını içerdiği kontrol edilir

2021-11-19 17:11:14 - [TEST_STEP][PASSED] - Alıcı adı alanına UC0011 girilir: Alıcı adı alanına UC0011 girilir

2021-11-19 17:11:14 - [MESSAGE][PASSED] - Alıcı adı alanına UC0011 girilir

2021-11-19 17:11:14 - [TEST_STEP][PASSED] - Gönderim Şekli Kağıt olarak seçilir: Gönderim Şekli Kağıt olarak seçilir

2021-11-19 17:11:14 - [MESSAGE][PASSED] - Gönderim Şekli Kağıt olarak seçilir

2021-11-19 17:11:14 - [TEST_STEP][PASSED] - Tip alanından İade seçilir: Tip alanından İade seçilir

2021-11-19 17:11:14 - [MESSAGE][PASSED] - Tip alanından İade seçilir

2021-11-19 17:11:14 - [TEST_STEP][PASSED] - Döküman Para Birimi alanından Türk Lirası seçilir: Döküman Para Birimi alanından Türk Lirası seçilir

2021-11-19 17:11:14 - [MESSAGE][PASSED] - Döküman Para Birimi alanından Türk Lirası seçilir

2021-11-19 17:11:14 - [TEST_STEP][PASSED] - Ön Ek EAR olarak seçilir: Ön Ek EAR olarak seçilir

2021-11-19 17:11:14 - [MESSAGE][PASSED] - Ön Ek EAR olarak seçilir

2021-11-19 17:11:14 - [TEST_STEP][PASSED] - Tasarım alanından Otomasyon seçilir: Tasarım alanından Otomasyon seçilir

2021-11-19 17:11:14 - [MESSAGE][PASSED] - Tasarım alanından Otomasyon seçilir

2021-11-19 17:11:14 - [TEST_STEP][PASSED] - Sipariş bilgileri UUC-SAT-1200001 ve 31.04.2020 olarak girilir: Sipariş bilgileri UUC-SAT-1200001 ve 31.04.2020 olarak girilir

2021-11-19 17:11:14 - [MESSAGE][PASSED] - Sipariş bilgileri UUC-SAT-1200001 ve 31.04.2020 olarak girilir

2021-11-19 17:11:14 - [TEST_STEP][PASSED] - İrsaliye Bilgileri AAAAAAAAAA,31.04.2020 olarak girilir: İrsaliye Bilgileri AAAAAAAAAA,31.04.2020 olarak girilir

2021-11-19 17:11:14 - [MESSAGE][PASSED] - İrsaliye Bilgileri AAAAAAAAAA,31.04.2020 olarak girilir

2021-11-19 17:11:14 - [TEST_STEP][PASSED] - Ekle butonuna basılır: Ekle butonuna basılır

2021-11-19 17:11:14 - [MESSAGE][PASSED] - Ekle butonuna basılır

2021-11-19 17:11:14 - [TEST_STEP][PASSED] - Ürün ekleme alanında Mal/Hizmet başlığına Otomasyon girilir: Ürün ekleme alanında Mal/Hizmet başlığına Otomasyon girilir

2021-11-19 17:11:14 - [MESSAGE][PASSED] - Ürün ekleme alanında Mal/Hizmet başlığına Otomasyon girilir

2021-11-19 17:11:14 - [TEST_STEP][PASSED] - Ürün ekleme alanında Açıklaması başlığına Virgosol girilir: Ürün ekleme alanında Açıklaması başlığına Virgosol girilir

2021-11-19 17:11:14 - [MESSAGE][PASSED] - Ürün ekleme alanında Açıklaması başlığına Virgosol girilir

2021-11-19 17:11:14 - [TEST_STEP][PASSED] - Ürün ekleme alanında Miktarı başlığına 400 girilir: Ürün ekleme alanında Miktarı başlığına 400 girilir

2021-11-19 17:11:14 - [MESSAGE][PASSED] - Ürün ekleme alanında Miktarı başlığına 400 girilir

2021-11-19 17:11:14 - [TEST_STEP][PASSED] - Ürün ekleme alanında Birim Fiyat başlığına 100 girilir: Ürün ekleme alanında Birim Fiyat başlığına 100 girilir

2021-11-19 17:11:14 - [MESSAGE][PASSED] - Ürün ekleme alanında Birim Fiyat başlığına 100 girilir

2021-11-19 17:11:14 - [TEST_STEP][PASSED] - Ürün ekleme alanında İskonto Oranı % başlığına 10 girilir: Ürün ekleme alanında İskonto Oranı % başlığına 10 girilir

2021-11-19 17:11:14 - [MESSAGE][PASSED] - Ürün ekleme alanında İskonto Oranı % başlığına 10 girilir

2021-11-19 17:11:14 - [TEST_STEP][PASSED] - Notlar alanına Otomasyon Not girilir: Notlar alanına Otomasyon Not girilir

2021-11-19 17:11:14 - [MESSAGE][PASSED] - Notlar alanına Otomasyon Not girilir

2021-11-19 17:11:14 - [TEST_STEP][PASSED] - Ettn bilgisi kayıt edilir: Ettn bilgisi kayıt edilir

2021-11-19 17:11:14 - [MESSAGE][PASSED] - Ettn bilgisi kayıt edilir

2021-11-19 17:11:14 - [TEST_STEP][PASSED] - Kaydet butonu seçilir: Kaydet butonu seçilir

2021-11-19 17:11:14 - [MESSAGE][PASSED] - Kaydet butonu seçilir

2021-11-19 17:11:14 - [TEST_STEP][PASSED] - Tabloda Ettn bilgisi kaydedilen veri oluşturuldu mu: Tabloda Ettn bilgisi kaydedilen veri oluşturuldu mu

2021-11-19 17:11:14 - [MESSAGE][PASSED] - Tabloda Ettn bilgisi kaydedilen veri oluşturuldu mu

2021-11-19 17:11:14 - [TEST_STEP][PASSED] - Tablodan Ettn bilgisi kaydedilen veri seçilir: Tablodan Ettn bilgisi kaydedilen veri seçilir

2021-11-19 17:11:14 - [MESSAGE][PASSED] - Tablodan Ettn bilgisi kaydedilen veri seçilir

2021-11-19 17:11:14 - [TEST_STEP][PASSED] - Butonlardan Numara Oluştur isimli butona tıklanır: Butonlardan Numara Oluştur isimli butona tıklanır

2021-11-19 17:11:14 - [MESSAGE][PASSED] - Butonlardan Numara Oluştur isimli butona tıklanır

2021-11-19 17:11:14 - [TEST_STEP][PASSED] - Popup mesajı Devam etmek istiyor musunuz içeriyor mu: Popup mesajı Devam etmek istiyor musunuz içeriyor mu

2021-11-19 17:11:14 - [MESSAGE][PASSED] - Popup mesajı Devam etmek istiyor musunuz içeriyor mu

2021-11-19 17:11:14 - [TEST_STEP][PASSED] - Yönetim popupında Evet seçilir: Yönetim popupında Evet seçilir

2021-11-19 17:11:14 - [MESSAGE][PASSED] - Yönetim popupında Evet seçilir

2021-11-19 17:11:14 - [TEST_STEP][PASSED] - Popup mesajı oluşmuştur içeriyor mu: Popup mesajı oluşmuştur içeriyor mu

2021-11-19 17:11:14 - [MESSAGE][PASSED] - Popup mesajı oluşmuştur içeriyor mu

2021-11-19 17:11:14 - [TEST_STEP][PASSED] - Yönetim popupında Tamam seçilir: Yönetim popupında Tamam seçilir

2021-11-19 17:11:14 - [MESSAGE][PASSED] - Yönetim popupında Tamam seçilir

2021-11-19 17:11:14 - [TEST_STEP][PASSED] - Tablodan Ettn bilgisi kaydedilen veri seçilir: Tablodan Ettn bilgisi kaydedilen veri seçilir

2021-11-19 17:11:14 - [MESSAGE][PASSED] - Tablodan Ettn bilgisi kaydedilen veri seçilir

2021-11-19 17:11:14 - [TEST_STEP][PASSED] - Butonlardan Gönder isimli butona tıklanır: Butonlardan Gönder isimli butona tıklanır

2021-11-19 17:11:14 - [MESSAGE][PASSED] - Butonlardan Gönder isimli butona tıklanır

2021-11-19 17:11:14 - [TEST_STEP][PASSED] - Popup mesajı Devam etmek istiyor musunuz içeriyor mu: Popup mesajı Devam etmek istiyor musunuz içeriyor mu

2021-11-19 17:11:14 - [MESSAGE][PASSED] - Popup mesajı Devam etmek istiyor musunuz içeriyor mu

2021-11-19 17:11:14 - [TEST_STEP][PASSED] - Yönetim popupında Evet seçilir: Yönetim popupında Evet seçilir

2021-11-19 17:11:14 - [MESSAGE][PASSED] - Yönetim popupında Evet seçilir

2021-11-19 17:11:14 - [TEST_STEP][PASSED] - Ana menüden e-Arşiv seçilir: Ana menüden e-Arşiv seçilir

2021-11-19 17:11:14 - [MESSAGE][PASSED] - Ana menüden e-Arşiv seçilir

2021-11-19 17:11:14 - [TEST_STEP][PASSED] - Alt menü e-Arşiv Hareketleri başlığı altındaki e-Arşiv Faturaları seçilir: Alt menü e-Arşiv Hareketleri başlığı altındaki e-Arşiv Faturaları seçilir

2021-11-19 17:11:14 - [MESSAGE][PASSED] - Alt menü e-Arşiv Hareketleri başlığı altındaki e-Arşiv Faturaları seçilir

2021-11-19 17:11:14 - [TEST_STEP][PASSED] - Filtrelerden Ettn filtresine Ettn bilgisi yaz: Filtrelerden Ettn filtresine Ettn bilgisi yaz

2021-11-19 17:11:14 - [MESSAGE][PASSED] - Filtrelerden Ettn filtresine Ettn bilgisi yaz

2021-11-19 17:11:14 - [TEST_STEP][PASSED] - Filtre butonlarından Listele seçilir: Filtre butonlarından Listele seçilir

2021-11-19 17:11:14 - [MESSAGE][PASSED] - Filtre butonlarından Listele seçilir

2021-11-19 17:11:14 - [TEST_STEP][PASSED] - Tabloda veri var mı kontrol edilir: Tabloda veri var mı kontrol edilir

2021-11-19 17:11:14 - [MESSAGE][PASSED] - Tabloda veri var mı kontrol edilir

2021-11-19 17:11:14 - [TEST_STEP][PASSED] - Tabloda yeni oluşturulan eArsiv verisi başarılı mı: Tabloda yeni oluşturulan eArsiv verisi başarılı mı

2021-11-19 17:11:14 - [MESSAGE][PASSED] - Tabloda yeni oluşturulan eArsiv verisi başarılı mı

2021-11-19 17:11:14 - [TEST_STEP][PASSED] - Kullanıcı işlemlerinden Çıkış seçilir: Kullanıcı işlemlerinden Çıkış seçilir

2021-11-19 17:11:14 - [MESSAGE][PASSED] - Kullanıcı işlemlerinden Çıkış seçilir

2021-11-19 17:11:14 - [MESSAGE][PASSED] - Feature file: 'Include/features/Regresyon/e-Arsiv/VKN-Kagit-Iade.feature' was passed

2021-11-19 17:11:14 - [TEST_STEP][PASSED] - Start listener action : sampleAfterTestSuite: Invoke 'com.kms.katalon.core.annotation.AfterTestCase' method: 'Listener.sampleAfterTestSuite(...)' completed.

2021-11-19 17:11:14 - [MESSAGE][INFO] - Starting invoke 'com.kms.katalon.core.annotation.AfterTestCase' method: 'Listener.sampleAfterTestSuite(...)'

2021-11-19 17:11:14 - [TEST_STEP][PASSED] - closeBrowser(): Invoke 'com.kms.katalon.core.annotation.AfterTestCase' method: 'Listener.sampleAfterTestSuite(...)' completed.

2021-11-19 17:11:14 - [MESSAGE][INFO] - Closing browser

2021-11-19 17:11:14 - [MESSAGE][PASSED] - Browser is closed

2021-11-19 17:11:14 - [MESSAGE][INFO] - Invoke 'com.kms.katalon.core.annotation.AfterTestCase' method: 'Listener.sampleAfterTestSuite(...)' completed.]]></system-out>
         <system-err><![CDATA[]]></system-err>
      </testcase>
      <testcase name="Test Cases/Case Repository/Regresyon/e-Arsiv/VKN-Kagit-Ihrac Kayitli" time="120.331" classname="Test Cases/Case Repository/Regresyon/e-Arsiv/VKN-Kagit-Ihrac Kayitli" status="PASSED">
         <system-out><![CDATA[2021-11-19 17:11:14 - [TEST_CASE][PASSED] - Test Cases/Case Repository/Regresyon/e-Arsiv/VKN-Kagit-Ihrac Kayitli: Test Cases/Case Repository/Regresyon/e-Arsiv/VKN-Kagit-Ihrac Kayitli

2021-11-19 17:11:14 - [TEST_STEP][PASSED] - Start listener action : sampleBeforeTestSuite: Invoke 'com.kms.katalon.core.annotation.BeforeTestCase' method: 'Listener.sampleBeforeTestSuite(...)' completed.

2021-11-19 17:11:14 - [MESSAGE][INFO] - Starting invoke 'com.kms.katalon.core.annotation.BeforeTestCase' method: 'Listener.sampleBeforeTestSuite(...)'

2021-11-19 17:11:14 - [TEST_STEP][PASSED] - openBrowser(baseUrl): Browser is opened with url: 'https://efatura-stage.elogo.com.tr/'

2021-11-19 17:11:14 - [MESSAGE][INFO] - Opening browser

2021-11-19 17:11:14 - [MESSAGE][INFO] - Starting 'Chrome' driver

2021-11-19 17:11:14 - [MESSAGE][INFO] - User set preference: ['prefs', '{download.default_directory=C:\otomasyondownfiles}']

2021-11-19 17:11:14 - [MESSAGE][INFO] - Action delay is set to 0 milliseconds

2021-11-19 17:11:16 - [MESSAGE][INFO] - Navigating browser to: 'https://efatura-stage.elogo.com.tr/'

2021-11-19 17:11:19 - [MESSAGE][PASSED] - Browser is opened with url: 'https://efatura-stage.elogo.com.tr/'

2021-11-19 17:11:19 - [TEST_STEP][PASSED] - maximizeWindow(): Invoke 'com.kms.katalon.core.annotation.BeforeTestCase' method: 'Listener.sampleBeforeTestSuite(...)' completed.

2021-11-19 17:11:19 - [MESSAGE][INFO] - Maximizing current window

2021-11-19 17:11:19 - [MESSAGE][PASSED] - Current window maximized

2021-11-19 17:11:19 - [MESSAGE][INFO] - Invoke 'com.kms.katalon.core.annotation.BeforeTestCase' method: 'Listener.sampleBeforeTestSuite(...)' completed.

2021-11-19 17:11:20 - [TEST_STEP][PASSED] - runFeatureFile("Include/features/Regresyon/e-Arsiv/VKN-Kagit-Ihrac Kayitli.feature"): Feature file: 'Include/features/Regresyon/e-Arsiv/VKN-Kagit-Ihrac Kayitli.feature' was passed

2021-11-19 17:11:20 - [MESSAGE][INFO] - Starting run keyword runFeatureFile: 'Include/features/Regresyon/e-Arsiv/VKN-Kagit-Ihrac Kayitli.feature' and extract report to folder: 'C:\Users\DELL\Documents\GitHub\EES_KatalonLogo\Reports\20211119_164526\Suite Repository\Regresyon-eArsiv-eMakbuz\20211119_164600/cucumber_report/1637331080092'...

2021-11-19 17:11:20 - [MESSAGE][INFO] - Glue: []

2021-11-19 17:11:22 - [MESSAGE][INFO] - Checking called Test Case

2021-11-19 17:11:22 - [MESSAGE][INFO] - Starting to call Test Case 'Test Cases/Sayfalar/Giris_Sayfasi/Login'

2021-11-19 17:11:22 - [TEST_CASE][PASSED] - Test Cases/Sayfalar/Giris_Sayfasi/Login: Test Cases/Sayfalar/Giris_Sayfasi/Login

2021-11-19 17:11:22 - [TEST_STEP][PASSED] - Sayfa_Basligi = getWindowTitle(): Current window's title is: 'LOGO e-Fatura'

2021-11-19 17:11:22 - [MESSAGE][INFO] - Getting current window's title

2021-11-19 17:11:23 - [MESSAGE][PASSED] - Current window's title is: 'LOGO e-Fatura'

2021-11-19 17:11:23 - [TEST_STEP][PASSED] - verifyMatch(Sayfa_Basligi, "LOGO e-Fatura", false): Actual text 'LOGO e-Fatura' and expected text 'LOGO e-Fatura' are matched 

2021-11-19 17:11:23 - [MESSAGE][INFO] - Matching actual text 'LOGO e-Fatura' with expected text 'LOGO e-Fatura'

2021-11-19 17:11:23 - [MESSAGE][PASSED] - Actual text 'LOGO e-Fatura' and expected text 'LOGO e-Fatura' are matched 

2021-11-19 17:11:23 - [TEST_STEP][PASSED] - sendKeys(findTestObject("Sayfalar/Giris_Sayfasi/Firma_Kodu"), KullaniciAdi): Keys 'EARIHRAC' sent to object: 'Object Repository/Sayfalar/Giris_Sayfasi/Firma_Kodu'

2021-11-19 17:11:23 - [MESSAGE][INFO] - Finding Test Object 'Object Repository/Sayfalar/Giris_Sayfasi/Firma_Kodu'

2021-11-19 17:11:23 - [MESSAGE][INFO] - Sending keys 'EARIHRAC' to object: 'Object Repository/Sayfalar/Giris_Sayfasi/Firma_Kodu'

2021-11-19 17:11:23 - [MESSAGE][INFO] - Finding web element from Test Object's properties

2021-11-19 17:11:23 - [MESSAGE][INFO] - Checking timeout

2021-11-19 17:11:23 - [MESSAGE][INFO] - Finding web element with id: 'Object Repository/Sayfalar/Giris_Sayfasi/Firma_Kodu' located by 'By.xpath: //*[@id = 'AccountName']' in '30' second(s)

2021-11-19 17:11:23 - [MESSAGE][INFO] - Smart Wait Function is triggered

2021-11-19 17:11:23 - [MESSAGE][INFO] - Found 1 web elements with id: 'Object Repository/Sayfalar/Giris_Sayfasi/Firma_Kodu' located by 'By.xpath: //*[@id = 'AccountName']' in '30' second(s)

2021-11-19 17:11:23 - [MESSAGE][PASSED] - Keys 'EARIHRAC' sent to object: 'Object Repository/Sayfalar/Giris_Sayfasi/Firma_Kodu'

2021-11-19 17:11:23 - [TEST_STEP][PASSED] - sendKeys(findTestObject("Sayfalar/Giris_Sayfasi/Sifre"), Sifre): Keys 'test1234' sent to object: 'Object Repository/Sayfalar/Giris_Sayfasi/Sifre'

2021-11-19 17:11:23 - [MESSAGE][INFO] - Finding Test Object 'Object Repository/Sayfalar/Giris_Sayfasi/Sifre'

2021-11-19 17:11:23 - [MESSAGE][INFO] - Sending keys 'test1234' to object: 'Object Repository/Sayfalar/Giris_Sayfasi/Sifre'

2021-11-19 17:11:23 - [MESSAGE][INFO] - Finding web element from Test Object's properties

2021-11-19 17:11:23 - [MESSAGE][INFO] - Checking timeout

2021-11-19 17:11:23 - [MESSAGE][INFO] - Finding web element with id: 'Object Repository/Sayfalar/Giris_Sayfasi/Sifre' located by 'By.xpath: //*[@id = 'Password']' in '30' second(s)

2021-11-19 17:11:23 - [MESSAGE][INFO] - Smart Wait Function is triggered

2021-11-19 17:11:23 - [MESSAGE][INFO] - Found 1 web elements with id: 'Object Repository/Sayfalar/Giris_Sayfasi/Sifre' located by 'By.xpath: //*[@id = 'Password']' in '30' second(s)

2021-11-19 17:11:24 - [MESSAGE][PASSED] - Keys 'test1234' sent to object: 'Object Repository/Sayfalar/Giris_Sayfasi/Sifre'

2021-11-19 17:11:24 - [TEST_STEP][PASSED] - findWebElement(findTestObject("Sayfalar/Giris_Sayfasi/Giris_Butonu")).click(): Found 1 web elements with id: 'Object Repository/Sayfalar/Giris_Sayfasi/Giris_Butonu' located by 'By.cssSelector: #btnLogin' in '30' second(s)

2021-11-19 17:11:24 - [MESSAGE][INFO] - Finding Test Object 'Object Repository/Sayfalar/Giris_Sayfasi/Giris_Butonu'

2021-11-19 17:11:24 - [MESSAGE][INFO] - Finding web element from Test Object's properties

2021-11-19 17:11:24 - [MESSAGE][INFO] - Checking timeout

2021-11-19 17:11:24 - [MESSAGE][INFO] - Finding web element with id: 'Object Repository/Sayfalar/Giris_Sayfasi/Giris_Butonu' located by 'By.cssSelector: #btnLogin' in '30' second(s)

2021-11-19 17:11:24 - [MESSAGE][INFO] - Smart Wait Function is triggered

2021-11-19 17:11:24 - [MESSAGE][INFO] - Found 1 web elements with id: 'Object Repository/Sayfalar/Giris_Sayfasi/Giris_Butonu' located by 'By.cssSelector: #btnLogin' in '30' second(s)

2021-11-19 17:11:26 - [TEST_STEP][PASSED] - if (verifyElementPresent(findTestObject("Object Repository/Sayfalar/Giris_Sayfasi/RetveTamam_Butonu"), 5, OPTIONAL)): null

2021-11-19 17:11:26 - [MESSAGE][INFO] - Finding Test Object 'Object Repository/Sayfalar/Giris_Sayfasi/RetveTamam_Butonu'

2021-11-19 17:11:26 - [MESSAGE][INFO] - Checking object

2021-11-19 17:11:26 - [MESSAGE][INFO] - Finding web element from Test Object's properties

2021-11-19 17:11:26 - [MESSAGE][INFO] - Checking timeout

2021-11-19 17:11:26 - [MESSAGE][INFO] - Finding web element with id: 'Object Repository/Sayfalar/Giris_Sayfasi/RetveTamam_Butonu' located by 'By.xpath: //*[@class = 'btn btn-default']' in '5' second(s)

2021-11-19 17:11:26 - [MESSAGE][INFO] - Smart Wait Function is triggered

2021-11-19 17:11:26 - [MESSAGE][INFO] - Found 1 web elements with id: 'Object Repository/Sayfalar/Giris_Sayfasi/RetveTamam_Butonu' located by 'By.xpath: //*[@class = 'btn btn-default']' in '5' second(s)

2021-11-19 17:11:26 - [MESSAGE][PASSED] - Object 'Object Repository/Sayfalar/Giris_Sayfasi/RetveTamam_Butonu' is present

2021-11-19 17:11:26 - [TEST_STEP][PASSED] - click(findTestObject("Object Repository/Sayfalar/Giris_Sayfasi/RetveTamam_Butonu")): Object: 'Object Repository/Sayfalar/Giris_Sayfasi/RetveTamam_Butonu' is clicked on

2021-11-19 17:11:26 - [MESSAGE][INFO] - Finding Test Object 'Object Repository/Sayfalar/Giris_Sayfasi/RetveTamam_Butonu'

2021-11-19 17:11:26 - [MESSAGE][INFO] - Checking object

2021-11-19 17:11:26 - [MESSAGE][INFO] - Finding web element from Test Object's properties

2021-11-19 17:11:26 - [MESSAGE][INFO] - Checking timeout

2021-11-19 17:11:26 - [MESSAGE][INFO] - Finding web element with id: 'Object Repository/Sayfalar/Giris_Sayfasi/RetveTamam_Butonu' located by 'By.xpath: //*[@class = 'btn btn-default']' in '30' second(s)

2021-11-19 17:11:26 - [MESSAGE][INFO] - Smart Wait Function is triggered

2021-11-19 17:11:27 - [MESSAGE][INFO] - Found 1 web elements with id: 'Object Repository/Sayfalar/Giris_Sayfasi/RetveTamam_Butonu' located by 'By.xpath: //*[@class = 'btn btn-default']' in '30' second(s)

2021-11-19 17:11:27 - [MESSAGE][INFO] - Clicking on object: 'Object Repository/Sayfalar/Giris_Sayfasi/RetveTamam_Butonu'

2021-11-19 17:11:27 - [MESSAGE][PASSED] - Object: 'Object Repository/Sayfalar/Giris_Sayfasi/RetveTamam_Butonu' is clicked on

2021-11-19 17:11:27 - [TEST_STEP][PASSED] - click(findTestObject("Object Repository/Sayfalar/Giris_Sayfasi/RetveTamam_Butonu")): Object: 'Object Repository/Sayfalar/Giris_Sayfasi/RetveTamam_Butonu' is clicked on

2021-11-19 17:11:27 - [MESSAGE][INFO] - Finding Test Object 'Object Repository/Sayfalar/Giris_Sayfasi/RetveTamam_Butonu'

2021-11-19 17:11:27 - [MESSAGE][INFO] - Checking object

2021-11-19 17:11:27 - [MESSAGE][INFO] - Finding web element from Test Object's properties

2021-11-19 17:11:27 - [MESSAGE][INFO] - Checking timeout

2021-11-19 17:11:27 - [MESSAGE][INFO] - Finding web element with id: 'Object Repository/Sayfalar/Giris_Sayfasi/RetveTamam_Butonu' located by 'By.xpath: //*[@class = 'btn btn-default']' in '30' second(s)

2021-11-19 17:11:27 - [MESSAGE][INFO] - Smart Wait Function is triggered

2021-11-19 17:11:31 - [MESSAGE][INFO] - Found 1 web elements with id: 'Object Repository/Sayfalar/Giris_Sayfasi/RetveTamam_Butonu' located by 'By.xpath: //*[@class = 'btn btn-default']' in '30' second(s)

2021-11-19 17:11:31 - [MESSAGE][INFO] - Clicking on object: 'Object Repository/Sayfalar/Giris_Sayfasi/RetveTamam_Butonu'

2021-11-19 17:11:31 - [MESSAGE][PASSED] - Object: 'Object Repository/Sayfalar/Giris_Sayfasi/RetveTamam_Butonu' is clicked on

2021-11-19 17:11:31 - [TEST_STEP][PASSED] - if (verifyElementPresent(findTestObject("Sayfalar/Giris_Sayfasi/PopupOK"), 5, OPTIONAL)): com.kms.katalon.core.webui.exception.WebElementNotFoundException: Web element with id: 'Object Repository/Sayfalar/Giris_Sayfasi/PopupOK' located by '.btn.btn-success' not found (Root cause: com.kms.katalon.core.exception.StepFailedException: com.kms.katalon.core.webui.exception.WebElementNotFoundException: Web element with id: 'Object Repository/Sayfalar/Giris_Sayfasi/PopupOK' located by '.btn.btn-success' not found
	at com.kms.katalon.core.webui.keyword.internal.WebUIKeywordMain.stepFailed(WebUIKeywordMain.groovy:64)
	at com.kms.katalon.core.webui.keyword.builtin.VerifyElementPresentKeyword$_verifyElementPresent_closure1.doCall(VerifyElementPresentKeyword.groovy:85)
	at com.kms.katalon.core.webui.keyword.builtin.VerifyElementPresentKeyword$_verifyElementPresent_closure1.call(VerifyElementPresentKeyword.groovy)
	at com.kms.katalon.core.webui.keyword.internal.WebUIKeywordMain.runKeyword(WebUIKeywordMain.groovy:20)
	at com.kms.katalon.core.webui.keyword.builtin.VerifyElementPresentKeyword.verifyElementPresent(VerifyElementPresentKeyword.groovy:92)
	at com.kms.katalon.core.webui.keyword.builtin.VerifyElementPresentKeyword.execute(VerifyElementPresentKeyword.groovy:68)
	at com.kms.katalon.core.keyword.internal.KeywordExecutor.executeKeywordForPlatform(KeywordExecutor.groovy:73)
	at com.kms.katalon.core.webui.keyword.WebUiBuiltInKeywords.verifyElementPresent(WebUiBuiltInKeywords.groovy:1448)
	at com.kms.katalon.core.webui.keyword.WebUiBuiltInKeywords$verifyElementPresent$4.call(Unknown Source)
	at Login.run(Login:40)
	at com.kms.katalon.core.main.ScriptEngine.run(ScriptEngine.java:194)
	at com.kms.katalon.core.main.ScriptEngine.runScriptAsRawText(ScriptEngine.java:119)
	at com.kms.katalon.core.main.TestCaseExecutor.runScript(TestCaseExecutor.java:369)
	at com.kms.katalon.core.main.TestCaseExecutor.doExecute(TestCaseExecutor.java:360)
	at com.kms.katalon.core.main.TestCaseExecutor.processExecutionPhase(TestCaseExecutor.java:339)
	at com.kms.katalon.core.main.TestCaseExecutor.accessMainPhase(TestCaseExecutor.java:331)
	at com.kms.katalon.core.main.TestCaseExecutor.execute(TestCaseExecutor.java:248)
	at com.kms.katalon.core.main.TestCaseMain.runTestCase(TestCaseMain.java:138)
	at com.kms.katalon.core.keyword.builtin.CallTestCaseKeyword$_callTestCase_closure1.doCall(CallTestCaseKeyword.groovy:59)
	at com.kms.katalon.core.keyword.builtin.CallTestCaseKeyword$_callTestCase_closure1.call(CallTestCaseKeyword.groovy)
	at com.kms.katalon.core.keyword.internal.KeywordMain.runKeyword(KeywordMain.groovy:68)
	at com.kms.katalon.core.keyword.builtin.CallTestCaseKeyword.callTestCase(CallTestCaseKeyword.groovy:81)
	at com.kms.katalon.core.keyword.builtin.CallTestCaseKeyword.execute(CallTestCaseKeyword.groovy:44)
	at com.kms.katalon.core.keyword.internal.KeywordExecutor.executeKeywordForPlatform(KeywordExecutor.groovy:73)
	at com.kms.katalon.core.keyword.BuiltinKeywords.callTestCase(BuiltinKeywords.groovy:334)
	at sayfalar.girisSayfasi.login(girisSayfasi.groovy:50)
	at cucumber.runtime.Utils$1.call(Utils.java:26)
	at cucumber.runtime.Timeout.timeout(Timeout.java:16)
	at cucumber.runtime.Utils.invoke(Utils.java:20)
	at cucumber.runtime.java.JavaStepDefinition.execute(JavaStepDefinition.java:49)
	at cucumber.runner.PickleStepDefinitionMatch.runStep(PickleStepDefinitionMatch.java:50)
	at cucumber.runner.TestStep.executeStep(TestStep.java:63)
	at cucumber.runner.TestStep.run(TestStep.java:49)
	at cucumber.runner.PickleStepTestStep.run(PickleStepTestStep.java:43)
	at cucumber.runner.TestCase.run(TestCase.java:44)
	at cucumber.runner.Runner.runPickle(Runner.java:40)
	at cucumber.runtime.Runtime$1.run(Runtime.java:84)
	at cucumber.runtime.Runtime$SameThreadExecutorService.execute(Runtime.java:220)
	at cucumber.runtime.Runtime.run(Runtime.java:81)
	at cucumber.api.cli.Main.run(Main.java:26)
	at cucumber.api.cli.Main$run.call(Unknown Source)
	at com.kms.katalon.core.cucumber.keyword.CucumberBuiltinKeywords$_runFeatureFile_closure1.doCall(CucumberBuiltinKeywords.groovy:106)
	at com.kms.katalon.core.cucumber.keyword.CucumberBuiltinKeywords$_runFeatureFile_closure1.doCall(CucumberBuiltinKeywords.groovy)
	at com.kms.katalon.core.keyword.internal.KeywordMain.runKeyword(KeywordMain.groovy:68)
	at com.kms.katalon.core.keyword.internal.KeywordMain$runKeyword.call(Unknown Source)
	at com.kms.katalon.core.cucumber.keyword.CucumberBuiltinKeywords.runFeatureFile(CucumberBuiltinKeywords.groovy:73)
	at com.kms.katalon.core.cucumber.keyword.CucumberBuiltinKeywords$runFeatureFile$0.callStatic(Unknown Source)
	at com.kms.katalon.core.cucumber.keyword.CucumberBuiltinKeywords.runFeatureFile(CucumberBuiltinKeywords.groovy:246)
	at com.kms.katalon.core.cucumber.keyword.CucumberBuiltinKeywords$runFeatureFile.call(Unknown Source)
	at VKN-Kagit-Ihrac Kayitli.run(VKN-Kagit-Ihrac Kayitli:19)
	at com.kms.katalon.core.main.ScriptEngine.run(ScriptEngine.java:194)
	at com.kms.katalon.core.main.ScriptEngine.runScriptAsRawText(ScriptEngine.java:119)
	at com.kms.katalon.core.main.TestCaseExecutor.runScript(TestCaseExecutor.java:369)
	at com.kms.katalon.core.main.TestCaseExecutor.doExecute(TestCaseExecutor.java:360)
	at com.kms.katalon.core.main.TestCaseExecutor.processExecutionPhase(TestCaseExecutor.java:339)
	at com.kms.katalon.core.main.TestCaseExecutor.accessMainPhase(TestCaseExecutor.java:331)
	at com.kms.katalon.core.main.TestCaseExecutor.execute(TestCaseExecutor.java:248)
	at com.kms.katalon.core.main.TestSuiteExecutor.accessTestCaseMainPhase(TestSuiteExecutor.java:191)
	at com.kms.katalon.core.main.TestSuiteExecutor.accessTestSuiteMainPhase(TestSuiteExecutor.java:140)
	at com.kms.katalon.core.main.TestSuiteExecutor.execute(TestSuiteExecutor.java:89)
	at com.kms.katalon.core.main.TestCaseMain.startTestSuite(TestCaseMain.java:181)
	at com.kms.katalon.core.main.TestCaseMain$startTestSuite$0.call(Unknown Source)
	at TempTestSuite1637329560940.run(TempTestSuite1637329560940.groovy:39)
)

2021-11-19 17:11:31 - [MESSAGE][INFO] - Finding Test Object 'Object Repository/Sayfalar/Giris_Sayfasi/PopupOK'

2021-11-19 17:11:32 - [MESSAGE][INFO] - Checking object

2021-11-19 17:11:32 - [MESSAGE][INFO] - Finding web element from Test Object's properties

2021-11-19 17:11:32 - [MESSAGE][INFO] - Checking timeout

2021-11-19 17:11:32 - [MESSAGE][INFO] - Finding web element with id: 'Object Repository/Sayfalar/Giris_Sayfasi/PopupOK' located by 'By.cssSelector: .btn.btn-success' in '5' second(s)

2021-11-19 17:11:32 - [MESSAGE][INFO] - Smart Wait Function is triggered

2021-11-19 17:11:32 - [MESSAGE][INFO] - Smart Wait Function is triggered

2021-11-19 17:11:32 - [MESSAGE][INFO] - Smart Wait Function is triggered

2021-11-19 17:11:33 - [MESSAGE][INFO] - Smart Wait Function is triggered

2021-11-19 17:11:33 - [MESSAGE][INFO] - Smart Wait Function is triggered

2021-11-19 17:11:33 - [MESSAGE][INFO] - Smart Wait Function is triggered

2021-11-19 17:11:34 - [MESSAGE][INFO] - Smart Wait Function is triggered

2021-11-19 17:11:34 - [MESSAGE][INFO] - Smart Wait Function is triggered

2021-11-19 17:11:34 - [MESSAGE][INFO] - Smart Wait Function is triggered

2021-11-19 17:11:34 - [MESSAGE][INFO] - Smart Wait Function is triggered

2021-11-19 17:11:35 - [MESSAGE][INFO] - Smart Wait Function is triggered

2021-11-19 17:11:35 - [MESSAGE][INFO] - Smart Wait Function is triggered

2021-11-19 17:11:35 - [MESSAGE][INFO] - Smart Wait Function is triggered

2021-11-19 17:11:36 - [MESSAGE][INFO] - Smart Wait Function is triggered

2021-11-19 17:11:36 - [MESSAGE][INFO] - Smart Wait Function is triggered

2021-11-19 17:11:36 - [MESSAGE][INFO] - Smart Wait Function is triggered

2021-11-19 17:11:36 - [MESSAGE][INFO] - Smart Wait Function is triggered

2021-11-19 17:11:37 - [MESSAGE][INFO] - Smart Wait Function is triggered

2021-11-19 17:11:37 - [MESSAGE][INFO] - Smart Wait Function is triggered

2021-11-19 17:11:37 - [MESSAGE][INFO] - Smart Wait Function is triggered

2021-11-19 17:11:38 - [MESSAGE][INFO] - Smart Wait Function is triggered

2021-11-19 17:11:38 - [MESSAGE][INFO] - Unable to find the element located by 'By.cssSelector: .btn.btn-success'. Please recheck the objects properties to make sure the desired element is located. 

2021-11-19 17:11:38 - [MESSAGE][WARNING] - com.kms.katalon.core.webui.exception.WebElementNotFoundException: Web element with id: 'Object Repository/Sayfalar/Giris_Sayfasi/PopupOK' located by '.btn.btn-success' not found (Root cause: com.kms.katalon.core.exception.StepFailedException: com.kms.katalon.core.webui.exception.WebElementNotFoundException: Web element with id: 'Object Repository/Sayfalar/Giris_Sayfasi/PopupOK' located by '.btn.btn-success' not found
	at com.kms.katalon.core.webui.keyword.internal.WebUIKeywordMain.stepFailed(WebUIKeywordMain.groovy:64)
	at com.kms.katalon.core.webui.keyword.builtin.VerifyElementPresentKeyword$_verifyElementPresent_closure1.doCall(VerifyElementPresentKeyword.groovy:85)
	at com.kms.katalon.core.webui.keyword.builtin.VerifyElementPresentKeyword$_verifyElementPresent_closure1.call(VerifyElementPresentKeyword.groovy)
	at com.kms.katalon.core.webui.keyword.internal.WebUIKeywordMain.runKeyword(WebUIKeywordMain.groovy:20)
	at com.kms.katalon.core.webui.keyword.builtin.VerifyElementPresentKeyword.verifyElementPresent(VerifyElementPresentKeyword.groovy:92)
	at com.kms.katalon.core.webui.keyword.builtin.VerifyElementPresentKeyword.execute(VerifyElementPresentKeyword.groovy:68)
	at com.kms.katalon.core.keyword.internal.KeywordExecutor.executeKeywordForPlatform(KeywordExecutor.groovy:73)
	at com.kms.katalon.core.webui.keyword.WebUiBuiltInKeywords.verifyElementPresent(WebUiBuiltInKeywords.groovy:1448)
	at com.kms.katalon.core.webui.keyword.WebUiBuiltInKeywords$verifyElementPresent$4.call(Unknown Source)
	at Login.run(Login:40)
	at com.kms.katalon.core.main.ScriptEngine.run(ScriptEngine.java:194)
	at com.kms.katalon.core.main.ScriptEngine.runScriptAsRawText(ScriptEngine.java:119)
	at com.kms.katalon.core.main.TestCaseExecutor.runScript(TestCaseExecutor.java:369)
	at com.kms.katalon.core.main.TestCaseExecutor.doExecute(TestCaseExecutor.java:360)
	at com.kms.katalon.core.main.TestCaseExecutor.processExecutionPhase(TestCaseExecutor.java:339)
	at com.kms.katalon.core.main.TestCaseExecutor.accessMainPhase(TestCaseExecutor.java:331)
	at com.kms.katalon.core.main.TestCaseExecutor.execute(TestCaseExecutor.java:248)
	at com.kms.katalon.core.main.TestCaseMain.runTestCase(TestCaseMain.java:138)
	at com.kms.katalon.core.keyword.builtin.CallTestCaseKeyword$_callTestCase_closure1.doCall(CallTestCaseKeyword.groovy:59)
	at com.kms.katalon.core.keyword.builtin.CallTestCaseKeyword$_callTestCase_closure1.call(CallTestCaseKeyword.groovy)
	at com.kms.katalon.core.keyword.internal.KeywordMain.runKeyword(KeywordMain.groovy:68)
	at com.kms.katalon.core.keyword.builtin.CallTestCaseKeyword.callTestCase(CallTestCaseKeyword.groovy:81)
	at com.kms.katalon.core.keyword.builtin.CallTestCaseKeyword.execute(CallTestCaseKeyword.groovy:44)
	at com.kms.katalon.core.keyword.internal.KeywordExecutor.executeKeywordForPlatform(KeywordExecutor.groovy:73)
	at com.kms.katalon.core.keyword.BuiltinKeywords.callTestCase(BuiltinKeywords.groovy:334)
	at sayfalar.girisSayfasi.login(girisSayfasi.groovy:50)
	at cucumber.runtime.Utils$1.call(Utils.java:26)
	at cucumber.runtime.Timeout.timeout(Timeout.java:16)
	at cucumber.runtime.Utils.invoke(Utils.java:20)
	at cucumber.runtime.java.JavaStepDefinition.execute(JavaStepDefinition.java:49)
	at cucumber.runner.PickleStepDefinitionMatch.runStep(PickleStepDefinitionMatch.java:50)
	at cucumber.runner.TestStep.executeStep(TestStep.java:63)
	at cucumber.runner.TestStep.run(TestStep.java:49)
	at cucumber.runner.PickleStepTestStep.run(PickleStepTestStep.java:43)
	at cucumber.runner.TestCase.run(TestCase.java:44)
	at cucumber.runner.Runner.runPickle(Runner.java:40)
	at cucumber.runtime.Runtime$1.run(Runtime.java:84)
	at cucumber.runtime.Runtime$SameThreadExecutorService.execute(Runtime.java:220)
	at cucumber.runtime.Runtime.run(Runtime.java:81)
	at cucumber.api.cli.Main.run(Main.java:26)
	at cucumber.api.cli.Main$run.call(Unknown Source)
	at com.kms.katalon.core.cucumber.keyword.CucumberBuiltinKeywords$_runFeatureFile_closure1.doCall(CucumberBuiltinKeywords.groovy:106)
	at com.kms.katalon.core.cucumber.keyword.CucumberBuiltinKeywords$_runFeatureFile_closure1.doCall(CucumberBuiltinKeywords.groovy)
	at com.kms.katalon.core.keyword.internal.KeywordMain.runKeyword(KeywordMain.groovy:68)
	at com.kms.katalon.core.keyword.internal.KeywordMain$runKeyword.call(Unknown Source)
	at com.kms.katalon.core.cucumber.keyword.CucumberBuiltinKeywords.runFeatureFile(CucumberBuiltinKeywords.groovy:73)
	at com.kms.katalon.core.cucumber.keyword.CucumberBuiltinKeywords$runFeatureFile$0.callStatic(Unknown Source)
	at com.kms.katalon.core.cucumber.keyword.CucumberBuiltinKeywords.runFeatureFile(CucumberBuiltinKeywords.groovy:246)
	at com.kms.katalon.core.cucumber.keyword.CucumberBuiltinKeywords$runFeatureFile.call(Unknown Source)
	at VKN-Kagit-Ihrac Kayitli.run(VKN-Kagit-Ihrac Kayitli:19)
	at com.kms.katalon.core.main.ScriptEngine.run(ScriptEngine.java:194)
	at com.kms.katalon.core.main.ScriptEngine.runScriptAsRawText(ScriptEngine.java:119)
	at com.kms.katalon.core.main.TestCaseExecutor.runScript(TestCaseExecutor.java:369)
	at com.kms.katalon.core.main.TestCaseExecutor.doExecute(TestCaseExecutor.java:360)
	at com.kms.katalon.core.main.TestCaseExecutor.processExecutionPhase(TestCaseExecutor.java:339)
	at com.kms.katalon.core.main.TestCaseExecutor.accessMainPhase(TestCaseExecutor.java:331)
	at com.kms.katalon.core.main.TestCaseExecutor.execute(TestCaseExecutor.java:248)
	at com.kms.katalon.core.main.TestSuiteExecutor.accessTestCaseMainPhase(TestSuiteExecutor.java:191)
	at com.kms.katalon.core.main.TestSuiteExecutor.accessTestSuiteMainPhase(TestSuiteExecutor.java:140)
	at com.kms.katalon.core.main.TestSuiteExecutor.execute(TestSuiteExecutor.java:89)
	at com.kms.katalon.core.main.TestCaseMain.startTestSuite(TestCaseMain.java:181)
	at com.kms.katalon.core.main.TestCaseMain$startTestSuite$0.call(Unknown Source)
	at TempTestSuite1637329560940.run(TempTestSuite1637329560940.groovy:39)
)

2021-11-19 17:11:38 - [TEST_STEP][PASSED] - verifyElementVisible(findTestObject("Object Repository/Kullanici_Islemleri/KullaniciIslemleri")): Object 'Object Repository/Kullanici_Islemleri/KullaniciIslemleri' is visible

2021-11-19 17:11:38 - [MESSAGE][INFO] - Finding Test Object 'Object Repository/Kullanici_Islemleri/KullaniciIslemleri'

2021-11-19 17:11:38 - [MESSAGE][INFO] - Checking object

2021-11-19 17:11:38 - [MESSAGE][INFO] - Finding web element from Test Object's properties

2021-11-19 17:11:38 - [MESSAGE][INFO] - Checking timeout

2021-11-19 17:11:38 - [MESSAGE][INFO] - Finding web element with id: 'Object Repository/Kullanici_Islemleri/KullaniciIslemleri' located by 'By.cssSelector: .dropdown>a>img' in '30' second(s)

2021-11-19 17:11:38 - [MESSAGE][INFO] - Smart Wait Function is triggered

2021-11-19 17:11:38 - [MESSAGE][INFO] - Found 1 web elements with id: 'Object Repository/Kullanici_Islemleri/KullaniciIslemleri' located by 'By.cssSelector: .dropdown>a>img' in '30' second(s)

2021-11-19 17:11:38 - [MESSAGE][PASSED] - Object 'Object Repository/Kullanici_Islemleri/KullaniciIslemleri' is visible

2021-11-19 17:11:38 - [MESSAGE][PASSED] - Call Test Case 'Test Cases/Sayfalar/Giris_Sayfasi/Login' successfully

2021-11-19 17:11:38 - [MESSAGE][INFO] - Checking called Test Case

2021-11-19 17:11:38 - [MESSAGE][INFO] - Starting to call Test Case 'Test Cases/Menu/AnaMenuSecimi'

2021-11-19 17:11:38 - [TEST_CASE][PASSED] - Test Cases/Menu/AnaMenuSecimi: Test Cases/Menu/AnaMenuSecimi

2021-11-19 17:11:38 - [TEST_STEP][PASSED] - Method.TextDegerineEsitElementeTikla(findTestObject("Menu/Ana_Menu"), Ana_Menu): Method.TextDegerineEsitElementeTikla is PASSED

2021-11-19 17:11:38 - [MESSAGE][INFO] - Finding Test Object 'Object Repository/Menu/Ana_Menu'

2021-11-19 17:11:38 - [MESSAGE][INFO] - Checking timeout

2021-11-19 17:11:38 - [MESSAGE][INFO] - Finding web element with id: 'Object Repository/Menu/Ana_Menu' located by 'By.xpath: //*[@class = 'dropdown-toggle']' in '10' second(s)

2021-11-19 17:11:38 - [MESSAGE][INFO] - Smart Wait Function is triggered

2021-11-19 17:11:39 - [MESSAGE][INFO] - Found 13 web elements with id: 'Object Repository/Menu/Ana_Menu' located by 'By.xpath: //*[@class = 'dropdown-toggle']' in '10' second(s)

2021-11-19 17:11:39 - [MESSAGE][PASSED] - Method.TextDegerineEsitElementeTikla is PASSED

2021-11-19 17:11:39 - [MESSAGE][PASSED] - Call Test Case 'Test Cases/Menu/AnaMenuSecimi' successfully

2021-11-19 17:11:39 - [MESSAGE][INFO] - Checking called Test Case

2021-11-19 17:11:39 - [MESSAGE][INFO] - Starting to call Test Case 'Test Cases/Menu/BasligaGoreAltMenuSecimi'

2021-11-19 17:11:39 - [TEST_CASE][PASSED] - Test Cases/Menu/BasligaGoreAltMenuSecimi: Test Cases/Menu/BasligaGoreAltMenuSecimi

2021-11-19 17:11:39 - [TEST_STEP][PASSED] - Method.TextDegerineEsitElementinAltindakiTextDegerineEsitOlanaTikla(findTestObject("Menu/Menu_Basligi"), findTestObject("Menu/Basliga_Gore_Alt_Menu"), Baslik, Alt_Menu): Method.TextDegerineEsitElementinAltindakiTextDegerineEsitOlanaTikla is PASSED

2021-11-19 17:11:39 - [MESSAGE][INFO] - Finding Test Object 'Object Repository/Menu/Menu_Basligi'

2021-11-19 17:11:39 - [MESSAGE][INFO] - Finding Test Object 'Object Repository/Menu/Basliga_Gore_Alt_Menu'

2021-11-19 17:11:39 - [MESSAGE][INFO] - Checking timeout

2021-11-19 17:11:39 - [MESSAGE][INFO] - Finding web element with id: 'Object Repository/Menu/Menu_Basligi' located by 'By.xpath: //li[@class='dropdown dropdown-large open']//li[@class='dropdown-header']' in '10' second(s)

2021-11-19 17:11:39 - [MESSAGE][INFO] - Smart Wait Function is triggered

2021-11-19 17:11:39 - [MESSAGE][INFO] - Found 2 web elements with id: 'Object Repository/Menu/Menu_Basligi' located by 'By.xpath: //li[@class='dropdown dropdown-large open']//li[@class='dropdown-header']' in '10' second(s)

2021-11-19 17:11:39 - [MESSAGE][INFO] - Smart Wait Function is triggered

2021-11-19 17:11:42 - [MESSAGE][PASSED] - Method.TextDegerineEsitElementinAltindakiTextDegerineEsitOlanaTikla is PASSED

2021-11-19 17:11:42 - [MESSAGE][PASSED] - Call Test Case 'Test Cases/Menu/BasligaGoreAltMenuSecimi' successfully

2021-11-19 17:11:42 - [MESSAGE][INFO] - Checking called Test Case

2021-11-19 17:11:42 - [MESSAGE][INFO] - Starting to call Test Case 'Test Cases/Tablo/Olusturma Tarihi'

2021-11-19 17:11:42 - [TEST_CASE][PASSED] - Test Cases/Tablo/Olusturma Tarihi: Test Cases/Tablo/Olusturma Tarihi

2021-11-19 17:11:42 - [TEST_STEP][PASSED] - if (verifyTextNotPresent("Görüntülenecek veri yok", true, OPTIONAL)): null

2021-11-19 17:11:42 - [MESSAGE][INFO] - Checking text present  using regular expression

2021-11-19 17:11:42 - [MESSAGE][INFO] - Smart Wait Function is triggered

2021-11-19 17:11:42 - [MESSAGE][INFO] - Finding text 'Görüntülenecek veri yok' on page  using regular expression

2021-11-19 17:11:42 - [MESSAGE][PASSED] - Text 'Görüntülenecek veri yok' is not present on page using regular expression

2021-11-19 17:11:42 - [TEST_STEP][PASSED] - click(findTestObject("Temizle/Olusturma_Tarihi_CheckBox")): Object: 'Object Repository/Temizle/Olusturma_Tarihi_CheckBox' is clicked on

2021-11-19 17:11:42 - [MESSAGE][INFO] - Finding Test Object 'Object Repository/Temizle/Olusturma_Tarihi_CheckBox'

2021-11-19 17:11:42 - [MESSAGE][INFO] - Checking object

2021-11-19 17:11:42 - [MESSAGE][INFO] - Finding web element from Test Object's properties

2021-11-19 17:11:42 - [MESSAGE][INFO] - Checking timeout

2021-11-19 17:11:42 - [MESSAGE][INFO] - Finding web element with id: 'Object Repository/Temizle/Olusturma_Tarihi_CheckBox' located by 'By.xpath: //*[@title = 'Bu sayfadaki tüm satırları Seç']' in '30' second(s)

2021-11-19 17:11:42 - [MESSAGE][INFO] - Smart Wait Function is triggered

2021-11-19 17:11:43 - [MESSAGE][INFO] - Found 1 web elements with id: 'Object Repository/Temizle/Olusturma_Tarihi_CheckBox' located by 'By.xpath: //*[@title = 'Bu sayfadaki tüm satırları Seç']' in '30' second(s)

2021-11-19 17:11:43 - [MESSAGE][INFO] - Clicking on object: 'Object Repository/Temizle/Olusturma_Tarihi_CheckBox'

2021-11-19 17:11:43 - [MESSAGE][PASSED] - Object: 'Object Repository/Temizle/Olusturma_Tarihi_CheckBox' is clicked on

2021-11-19 17:11:43 - [TEST_STEP][PASSED] - Method.TextDegerineEsitElementeTiklaEquals(findTestObject("Butonlar/Butonlar"), "Sil"): Method.TextDegerineEsitElementeTiklaEquals is PASSED

2021-11-19 17:11:43 - [MESSAGE][INFO] - Finding Test Object 'Object Repository/Butonlar/Butonlar'

2021-11-19 17:11:43 - [MESSAGE][INFO] - Checking timeout

2021-11-19 17:11:43 - [MESSAGE][INFO] - Finding web element with id: 'Object Repository/Butonlar/Butonlar' located by 'By.cssSelector: .panel.panel-default.text-center.footerPanel .btn,.btn.btn-primary.btnControls' in '10' second(s)

2021-11-19 17:11:43 - [MESSAGE][INFO] - Smart Wait Function is triggered

2021-11-19 17:11:43 - [MESSAGE][INFO] - Found 9 web elements with id: 'Object Repository/Butonlar/Butonlar' located by 'By.cssSelector: .panel.panel-default.text-center.footerPanel .btn,.btn.btn-primary.btnControls' in '10' second(s)

2021-11-19 17:11:43 - [MESSAGE][PASSED] - Method.TextDegerineEsitElementeTiklaEquals is PASSED

2021-11-19 17:11:43 - [TEST_STEP][PASSED] - Method.TextDegerineEsitElementeTikla(findTestObject("Popup/Popup_Butons"), "Evet"): Method.TextDegerineEsitElementeTikla is PASSED

2021-11-19 17:11:43 - [MESSAGE][INFO] - Finding Test Object 'Object Repository/Popup/Popup_Butons'

2021-11-19 17:11:43 - [MESSAGE][INFO] - Checking timeout

2021-11-19 17:11:43 - [MESSAGE][INFO] - Finding web element with id: 'Object Repository/Popup/Popup_Butons' located by 'By.cssSelector: .modal-footer>button' in '10' second(s)

2021-11-19 17:11:43 - [MESSAGE][INFO] - Smart Wait Function is triggered

2021-11-19 17:11:44 - [MESSAGE][INFO] - Found 2 web elements with id: 'Object Repository/Popup/Popup_Butons' located by 'By.cssSelector: .modal-footer>button' in '10' second(s)

2021-11-19 17:11:45 - [MESSAGE][PASSED] - Method.TextDegerineEsitElementeTikla is PASSED

2021-11-19 17:11:45 - [TEST_STEP][PASSED] - Method.TextDegerineEsitElementeTikla(findTestObject("Popup/Popup_Butons"), "Tamam"): Method.TextDegerineEsitElementeTikla is PASSED

2021-11-19 17:11:45 - [MESSAGE][INFO] - Finding Test Object 'Object Repository/Popup/Popup_Butons'

2021-11-19 17:11:45 - [MESSAGE][INFO] - Checking timeout

2021-11-19 17:11:45 - [MESSAGE][INFO] - Finding web element with id: 'Object Repository/Popup/Popup_Butons' located by 'By.cssSelector: .modal-footer>button' in '10' second(s)

2021-11-19 17:11:45 - [MESSAGE][INFO] - Smart Wait Function is triggered

2021-11-19 17:11:45 - [MESSAGE][INFO] - Found 1 web elements with id: 'Object Repository/Popup/Popup_Butons' located by 'By.cssSelector: .modal-footer>button' in '10' second(s)

2021-11-19 17:11:45 - [MESSAGE][PASSED] - Method.TextDegerineEsitElementeTikla is PASSED

2021-11-19 17:11:45 - [MESSAGE][PASSED] - Call Test Case 'Test Cases/Tablo/Olusturma Tarihi' successfully

2021-11-19 17:11:45 - [MESSAGE][INFO] - Checking called Test Case

2021-11-19 17:11:45 - [MESSAGE][INFO] - Starting to call Test Case 'Test Cases/Butonlar/ButonaTikla'

2021-11-19 17:11:46 - [TEST_CASE][PASSED] - Test Cases/Butonlar/ButonaTikla: Test Cases/Butonlar/ButonaTikla

2021-11-19 17:11:46 - [TEST_STEP][PASSED] - Method.TextDegerineEsitElementeTiklaEquals(findTestObject("Butonlar/Butonlar"), Buton_Adi): Method.TextDegerineEsitElementeTiklaEquals is PASSED

2021-11-19 17:11:46 - [MESSAGE][INFO] - Finding Test Object 'Object Repository/Butonlar/Butonlar'

2021-11-19 17:11:46 - [MESSAGE][INFO] - Checking timeout

2021-11-19 17:11:46 - [MESSAGE][INFO] - Finding web element with id: 'Object Repository/Butonlar/Butonlar' located by 'By.cssSelector: .panel.panel-default.text-center.footerPanel .btn,.btn.btn-primary.btnControls' in '10' second(s)

2021-11-19 17:11:46 - [MESSAGE][INFO] - Smart Wait Function is triggered

2021-11-19 17:11:46 - [MESSAGE][INFO] - Found 9 web elements with id: 'Object Repository/Butonlar/Butonlar' located by 'By.cssSelector: .panel.panel-default.text-center.footerPanel .btn,.btn.btn-primary.btnControls' in '10' second(s)

2021-11-19 17:11:46 - [MESSAGE][PASSED] - Method.TextDegerineEsitElementeTiklaEquals is PASSED

2021-11-19 17:11:46 - [MESSAGE][PASSED] - Call Test Case 'Test Cases/Butonlar/ButonaTikla' successfully

2021-11-19 17:11:46 - [MESSAGE][INFO] - Checking called Test Case

2021-11-19 17:11:46 - [MESSAGE][INFO] - Starting to call Test Case 'Test Cases/Olusturma/Genel/GorselTasarimSayfasıBasligiIceriyorMu'

2021-11-19 17:11:46 - [TEST_CASE][PASSED] - Test Cases/Olusturma/Genel/GorselTasarimSayfasıBasligiIceriyorMu: Test Cases/Olusturma/Genel/GorselTasarimSayfasıBasligiIceriyorMu

2021-11-19 17:11:46 - [TEST_STEP][PASSED] - verifyElementText(findTestObject("Object Repository/Olusturma/Genel/GorselTasarimBaslik"), Baslik): Actual text and expected text of test object 'Object Repository/Olusturma/Genel/GorselTasarimBaslik' are matched.

2021-11-19 17:11:46 - [MESSAGE][INFO] - Finding Test Object 'Object Repository/Olusturma/Genel/GorselTasarimBaslik'

2021-11-19 17:11:47 - [MESSAGE][INFO] - Checking object

2021-11-19 17:11:47 - [MESSAGE][INFO] - Finding web element from Test Object's properties

2021-11-19 17:11:47 - [MESSAGE][INFO] - Checking timeout

2021-11-19 17:11:47 - [MESSAGE][INFO] - Finding web element with id: 'Object Repository/Olusturma/Genel/GorselTasarimBaslik' located by 'By.cssSelector: #flAlici_0>div>span' in '30' second(s)

2021-11-19 17:11:47 - [MESSAGE][INFO] - Smart Wait Function is triggered

2021-11-19 17:11:54 - [MESSAGE][INFO] - Found 1 web elements with id: 'Object Repository/Olusturma/Genel/GorselTasarimBaslik' located by 'By.cssSelector: #flAlici_0>div>span' in '30' second(s)

2021-11-19 17:11:54 - [MESSAGE][PASSED] - Actual text and expected text of test object 'Object Repository/Olusturma/Genel/GorselTasarimBaslik' are matched.

2021-11-19 17:11:54 - [MESSAGE][PASSED] - Call Test Case 'Test Cases/Olusturma/Genel/GorselTasarimSayfasıBasligiIceriyorMu' successfully

2021-11-19 17:11:54 - [MESSAGE][INFO] - Checking called Test Case

2021-11-19 17:11:54 - [MESSAGE][INFO] - Starting to call Test Case 'Test Cases/Olusturma/Genel/AliciSecilir'

2021-11-19 17:11:54 - [TEST_CASE][PASSED] - Test Cases/Olusturma/Genel/AliciSecilir: Test Cases/Olusturma/Genel/AliciSecilir

2021-11-19 17:11:54 - [TEST_STEP][PASSED] - click(findTestObject("Olusturma/Genel/AliciBilgisi/Alici_Ara")): Object: 'Object Repository/Olusturma/Genel/AliciBilgisi/Alici_Ara' is clicked on

2021-11-19 17:11:54 - [MESSAGE][INFO] - Finding Test Object 'Object Repository/Olusturma/Genel/AliciBilgisi/Alici_Ara'

2021-11-19 17:11:54 - [MESSAGE][INFO] - Checking object

2021-11-19 17:11:54 - [MESSAGE][INFO] - Finding web element from Test Object's properties

2021-11-19 17:11:54 - [MESSAGE][INFO] - Checking timeout

2021-11-19 17:11:54 - [MESSAGE][INFO] - Finding web element with id: 'Object Repository/Olusturma/Genel/AliciBilgisi/Alici_Ara' located by 'By.xpath: //td[@id='txtCustomerText_B-1']' in '30' second(s)

2021-11-19 17:11:54 - [MESSAGE][INFO] - Smart Wait Function is triggered

2021-11-19 17:11:55 - [MESSAGE][INFO] - Found 1 web elements with id: 'Object Repository/Olusturma/Genel/AliciBilgisi/Alici_Ara' located by 'By.xpath: //td[@id='txtCustomerText_B-1']' in '30' second(s)

2021-11-19 17:11:55 - [MESSAGE][INFO] - Clicking on object: 'Object Repository/Olusturma/Genel/AliciBilgisi/Alici_Ara'

2021-11-19 17:11:55 - [MESSAGE][PASSED] - Object: 'Object Repository/Olusturma/Genel/AliciBilgisi/Alici_Ara' is clicked on

2021-11-19 17:11:55 - [TEST_STEP][PASSED] - click(findTestObject("Olusturma/Genel/AliciBilgisi/Alici_Bilgisi")): Object: 'Object Repository/Olusturma/Genel/AliciBilgisi/Alici_Bilgisi' is clicked on

2021-11-19 17:11:55 - [MESSAGE][INFO] - Finding Test Object 'Object Repository/Olusturma/Genel/AliciBilgisi/Alici_Bilgisi'

2021-11-19 17:11:55 - [MESSAGE][INFO] - Checking object

2021-11-19 17:11:55 - [MESSAGE][INFO] - Finding web element from Test Object's properties

2021-11-19 17:11:55 - [MESSAGE][INFO] - Checking timeout

2021-11-19 17:11:55 - [MESSAGE][INFO] - Finding web element with id: 'Object Repository/Olusturma/Genel/AliciBilgisi/Alici_Bilgisi' located by 'By.xpath: //iframe[@id='customerselectiframe']' in '30' second(s)

2021-11-19 17:11:55 - [MESSAGE][INFO] - Smart Wait Function is triggered

2021-11-19 17:11:56 - [MESSAGE][INFO] - Found 1 web elements with id: 'Object Repository/Olusturma/Genel/AliciBilgisi/Alici_Bilgisi' located by 'By.xpath: //iframe[@id='customerselectiframe']' in '30' second(s)

2021-11-19 17:11:56 - [MESSAGE][INFO] - Clicking on object: 'Object Repository/Olusturma/Genel/AliciBilgisi/Alici_Bilgisi'

2021-11-19 17:11:56 - [MESSAGE][PASSED] - Object: 'Object Repository/Olusturma/Genel/AliciBilgisi/Alici_Bilgisi' is clicked on

2021-11-19 17:11:56 - [TEST_STEP][PASSED] - setText(findTestObject("Olusturma/Genel/AliciBilgisi/Alici_Gir"), Alici_Adi): Switching to default content

2021-11-19 17:11:56 - [MESSAGE][INFO] - Finding Test Object 'Object Repository/Olusturma/Genel/AliciBilgisi/Alici_Gir'

2021-11-19 17:11:56 - [MESSAGE][INFO] - Finding Test Object 'Object Repository/Olusturma/Genel/AliciBilgisi/Alici_Bilgisi'

2021-11-19 17:11:56 - [MESSAGE][INFO] - Checking object

2021-11-19 17:11:56 - [MESSAGE][INFO] - Checking text

2021-11-19 17:11:56 - [MESSAGE][INFO] - Object: 'Object Repository/Olusturma/Genel/AliciBilgisi/Alici_Gir' has parent object(s)

2021-11-19 17:11:56 - [MESSAGE][INFO] - Switching to iframe: 'Object Repository/Olusturma/Genel/AliciBilgisi/Alici_Bilgisi'

2021-11-19 17:11:56 - [MESSAGE][INFO] - Finding web element from Test Object's properties

2021-11-19 17:11:56 - [MESSAGE][INFO] - Checking timeout

2021-11-19 17:11:56 - [MESSAGE][INFO] - Finding web element with id: 'Object Repository/Olusturma/Genel/AliciBilgisi/Alici_Bilgisi' located by 'By.xpath: //iframe[@id='customerselectiframe']' in '30' second(s)

2021-11-19 17:11:56 - [MESSAGE][INFO] - Smart Wait Function is triggered

2021-11-19 17:11:56 - [MESSAGE][INFO] - Found 1 web elements with id: 'Object Repository/Olusturma/Genel/AliciBilgisi/Alici_Bilgisi' located by 'By.xpath: //iframe[@id='customerselectiframe']' in '30' second(s)

2021-11-19 17:11:56 - [MESSAGE][INFO] - Switched to iframe: 'Object Repository/Olusturma/Genel/AliciBilgisi/Alici_Bilgisi'

2021-11-19 17:11:56 - [MESSAGE][INFO] - Finding web element from Test Object's properties

2021-11-19 17:11:56 - [MESSAGE][INFO] - Checking timeout

2021-11-19 17:11:56 - [MESSAGE][INFO] - Finding web element with id: 'Object Repository/Olusturma/Genel/AliciBilgisi/Alici_Gir' located by 'By.xpath: //input[@id='GridViewCustomer_DXFREditorcol1_I']' in '30' second(s)

2021-11-19 17:11:56 - [MESSAGE][INFO] - Smart Wait Function is triggered

2021-11-19 17:11:56 - [MESSAGE][INFO] - Found 1 web elements with id: 'Object Repository/Olusturma/Genel/AliciBilgisi/Alici_Gir' located by 'By.xpath: //input[@id='GridViewCustomer_DXFREditorcol1_I']' in '30' second(s)

2021-11-19 17:11:56 - [MESSAGE][INFO] - Clearing text of object 'Object Repository/Olusturma/Genel/AliciBilgisi/Alici_Gir'

2021-11-19 17:11:56 - [MESSAGE][INFO] - Finding web element from Test Object's properties

2021-11-19 17:11:56 - [MESSAGE][INFO] - Checking timeout

2021-11-19 17:11:56 - [MESSAGE][INFO] - Finding web element with id: 'Object Repository/Olusturma/Genel/AliciBilgisi/Alici_Gir' located by 'By.xpath: //input[@id='GridViewCustomer_DXFREditorcol1_I']' in '30' second(s)

2021-11-19 17:11:56 - [MESSAGE][INFO] - Smart Wait Function is triggered

2021-11-19 17:11:56 - [MESSAGE][INFO] - Found 1 web elements with id: 'Object Repository/Olusturma/Genel/AliciBilgisi/Alici_Gir' located by 'By.xpath: //input[@id='GridViewCustomer_DXFREditorcol1_I']' in '30' second(s)

2021-11-19 17:11:56 - [MESSAGE][INFO] - Setting text of object 'Object Repository/Olusturma/Genel/AliciBilgisi/Alici_Gir' to value 'UC0012'

2021-11-19 17:11:56 - [MESSAGE][PASSED] - Text 'UC0012' is set on object 'Object Repository/Olusturma/Genel/AliciBilgisi/Alici_Gir'

2021-11-19 17:11:57 - [MESSAGE][INFO] - Switching to default content

2021-11-19 17:11:57 - [TEST_STEP][PASSED] - waitForElementClickable(findTestObject("Olusturma/Genel/AliciBilgisi/Alici_Adi"), 10): Switching to default content

2021-11-19 17:11:57 - [MESSAGE][INFO] - Finding Test Object 'Object Repository/Olusturma/Genel/AliciBilgisi/Alici_Adi'

2021-11-19 17:11:57 - [MESSAGE][INFO] - Finding Test Object 'Object Repository/Olusturma/Genel/AliciBilgisi/iframe_Alc Bilgisi_customerselectiframe'

2021-11-19 17:11:57 - [MESSAGE][INFO] - Checking object

2021-11-19 17:11:57 - [MESSAGE][INFO] - Checking timeout

2021-11-19 17:11:57 - [MESSAGE][INFO] - Object: 'Object Repository/Olusturma/Genel/AliciBilgisi/Alici_Adi' has parent object(s)

2021-11-19 17:11:57 - [MESSAGE][INFO] - Switching to iframe: 'Object Repository/Olusturma/Genel/AliciBilgisi/iframe_Alc Bilgisi_customerselectiframe'

2021-11-19 17:11:57 - [MESSAGE][INFO] - Finding web element from Test Object's properties

2021-11-19 17:11:57 - [MESSAGE][INFO] - Checking timeout

2021-11-19 17:11:57 - [MESSAGE][INFO] - Finding web element with id: 'Object Repository/Olusturma/Genel/AliciBilgisi/iframe_Alc Bilgisi_customerselectiframe' located by 'By.xpath: //iframe[@id='customerselectiframe']' in '10' second(s)

2021-11-19 17:11:57 - [MESSAGE][INFO] - Smart Wait Function is triggered

2021-11-19 17:11:57 - [MESSAGE][INFO] - Found 1 web elements with id: 'Object Repository/Olusturma/Genel/AliciBilgisi/iframe_Alc Bilgisi_customerselectiframe' located by 'By.xpath: //iframe[@id='customerselectiframe']' in '10' second(s)

2021-11-19 17:11:57 - [MESSAGE][INFO] - Switched to iframe: 'Object Repository/Olusturma/Genel/AliciBilgisi/iframe_Alc Bilgisi_customerselectiframe'

2021-11-19 17:11:57 - [MESSAGE][INFO] - Finding web element from Test Object's properties

2021-11-19 17:11:57 - [MESSAGE][INFO] - Checking timeout

2021-11-19 17:11:57 - [MESSAGE][INFO] - Finding web element with id: 'Object Repository/Olusturma/Genel/AliciBilgisi/Alici_Adi' located by 'By.xpath: //tr[@id='GridViewCustomer_DXDataRow0']/td[2]' in '10' second(s)

2021-11-19 17:11:57 - [MESSAGE][INFO] - Smart Wait Function is triggered

2021-11-19 17:11:57 - [MESSAGE][INFO] - Found 1 web elements with id: 'Object Repository/Olusturma/Genel/AliciBilgisi/Alici_Adi' located by 'By.xpath: //tr[@id='GridViewCustomer_DXDataRow0']/td[2]' in '10' second(s)

2021-11-19 17:11:57 - [MESSAGE][PASSED] - Object 'Object Repository/Olusturma/Genel/AliciBilgisi/Alici_Adi' is clickable

2021-11-19 17:11:57 - [MESSAGE][INFO] - Switching to default content

2021-11-19 17:11:57 - [TEST_STEP][PASSED] - click(findTestObject("Olusturma/Genel/AliciBilgisi/frame")): Switching to default content

2021-11-19 17:11:57 - [MESSAGE][INFO] - Finding Test Object 'Object Repository/Olusturma/Genel/AliciBilgisi/frame'

2021-11-19 17:11:57 - [MESSAGE][INFO] - Finding Test Object 'Object Repository/Olusturma/Genel/AliciBilgisi/iframe_Alc Bilgisi_customerselectiframe'

2021-11-19 17:11:57 - [MESSAGE][INFO] - Checking object

2021-11-19 17:11:57 - [MESSAGE][INFO] - Object: 'Object Repository/Olusturma/Genel/AliciBilgisi/frame' has parent object(s)

2021-11-19 17:11:57 - [MESSAGE][INFO] - Switching to iframe: 'Object Repository/Olusturma/Genel/AliciBilgisi/iframe_Alc Bilgisi_customerselectiframe'

2021-11-19 17:11:57 - [MESSAGE][INFO] - Finding web element from Test Object's properties

2021-11-19 17:11:57 - [MESSAGE][INFO] - Checking timeout

2021-11-19 17:11:57 - [MESSAGE][INFO] - Finding web element with id: 'Object Repository/Olusturma/Genel/AliciBilgisi/iframe_Alc Bilgisi_customerselectiframe' located by 'By.xpath: //iframe[@id='customerselectiframe']' in '30' second(s)

2021-11-19 17:11:57 - [MESSAGE][INFO] - Smart Wait Function is triggered

2021-11-19 17:11:58 - [MESSAGE][INFO] - Found 1 web elements with id: 'Object Repository/Olusturma/Genel/AliciBilgisi/iframe_Alc Bilgisi_customerselectiframe' located by 'By.xpath: //iframe[@id='customerselectiframe']' in '30' second(s)

2021-11-19 17:11:58 - [MESSAGE][INFO] - Switched to iframe: 'Object Repository/Olusturma/Genel/AliciBilgisi/iframe_Alc Bilgisi_customerselectiframe'

2021-11-19 17:11:58 - [MESSAGE][INFO] - Finding web element from Test Object's properties

2021-11-19 17:11:58 - [MESSAGE][INFO] - Checking timeout

2021-11-19 17:11:58 - [MESSAGE][INFO] - Finding web element with id: 'Object Repository/Olusturma/Genel/AliciBilgisi/frame' located by 'By.xpath: //*/text()[normalize-space(.)='']/parent::*' in '30' second(s)

2021-11-19 17:11:58 - [MESSAGE][INFO] - Smart Wait Function is triggered

2021-11-19 17:11:58 - [MESSAGE][INFO] - Found 66 web elements with id: 'Object Repository/Olusturma/Genel/AliciBilgisi/frame' located by 'By.xpath: //*/text()[normalize-space(.)='']/parent::*' in '30' second(s)

2021-11-19 17:11:58 - [MESSAGE][INFO] - Clicking on object: 'Object Repository/Olusturma/Genel/AliciBilgisi/frame'

2021-11-19 17:11:58 - [MESSAGE][PASSED] - Object: 'Object Repository/Olusturma/Genel/AliciBilgisi/frame' is clicked on

2021-11-19 17:11:58 - [MESSAGE][INFO] - Switching to default content

2021-11-19 17:11:58 - [TEST_STEP][PASSED] - click(findTestObject("Olusturma/Genel/AliciBilgisi/Alici_Adi")): Switching to default content

2021-11-19 17:11:58 - [MESSAGE][INFO] - Finding Test Object 'Object Repository/Olusturma/Genel/AliciBilgisi/Alici_Adi'

2021-11-19 17:11:58 - [MESSAGE][INFO] - Finding Test Object 'Object Repository/Olusturma/Genel/AliciBilgisi/iframe_Alc Bilgisi_customerselectiframe'

2021-11-19 17:11:58 - [MESSAGE][INFO] - Checking object

2021-11-19 17:11:58 - [MESSAGE][INFO] - Object: 'Object Repository/Olusturma/Genel/AliciBilgisi/Alici_Adi' has parent object(s)

2021-11-19 17:11:58 - [MESSAGE][INFO] - Switching to iframe: 'Object Repository/Olusturma/Genel/AliciBilgisi/iframe_Alc Bilgisi_customerselectiframe'

2021-11-19 17:11:58 - [MESSAGE][INFO] - Finding web element from Test Object's properties

2021-11-19 17:11:58 - [MESSAGE][INFO] - Checking timeout

2021-11-19 17:11:58 - [MESSAGE][INFO] - Finding web element with id: 'Object Repository/Olusturma/Genel/AliciBilgisi/iframe_Alc Bilgisi_customerselectiframe' located by 'By.xpath: //iframe[@id='customerselectiframe']' in '30' second(s)

2021-11-19 17:11:58 - [MESSAGE][INFO] - Smart Wait Function is triggered

2021-11-19 17:11:58 - [MESSAGE][INFO] - Found 1 web elements with id: 'Object Repository/Olusturma/Genel/AliciBilgisi/iframe_Alc Bilgisi_customerselectiframe' located by 'By.xpath: //iframe[@id='customerselectiframe']' in '30' second(s)

2021-11-19 17:11:58 - [MESSAGE][INFO] - Switched to iframe: 'Object Repository/Olusturma/Genel/AliciBilgisi/iframe_Alc Bilgisi_customerselectiframe'

2021-11-19 17:11:58 - [MESSAGE][INFO] - Finding web element from Test Object's properties

2021-11-19 17:11:58 - [MESSAGE][INFO] - Checking timeout

2021-11-19 17:11:58 - [MESSAGE][INFO] - Finding web element with id: 'Object Repository/Olusturma/Genel/AliciBilgisi/Alici_Adi' located by 'By.xpath: //tr[@id='GridViewCustomer_DXDataRow0']/td[2]' in '30' second(s)

2021-11-19 17:11:58 - [MESSAGE][INFO] - Smart Wait Function is triggered

2021-11-19 17:11:59 - [MESSAGE][INFO] - Found 1 web elements with id: 'Object Repository/Olusturma/Genel/AliciBilgisi/Alici_Adi' located by 'By.xpath: //tr[@id='GridViewCustomer_DXDataRow0']/td[2]' in '30' second(s)

2021-11-19 17:11:59 - [MESSAGE][INFO] - Clicking on object: 'Object Repository/Olusturma/Genel/AliciBilgisi/Alici_Adi'

2021-11-19 17:11:59 - [MESSAGE][PASSED] - Object: 'Object Repository/Olusturma/Genel/AliciBilgisi/Alici_Adi' is clicked on

2021-11-19 17:11:59 - [MESSAGE][INFO] - Switching to default content

2021-11-19 17:11:59 - [TEST_STEP][PASSED] - click(findTestObject("Olusturma/Genel/AliciBilgisi/Tamam_Bosluk")): Switching to default content

2021-11-19 17:11:59 - [MESSAGE][INFO] - Finding Test Object 'Object Repository/Olusturma/Genel/AliciBilgisi/Tamam_Bosluk'

2021-11-19 17:11:59 - [MESSAGE][INFO] - Finding Test Object 'Object Repository/Olusturma/Genel/AliciBilgisi/Alici_Bilgisi'

2021-11-19 17:11:59 - [MESSAGE][INFO] - Checking object

2021-11-19 17:11:59 - [MESSAGE][INFO] - Object: 'Object Repository/Olusturma/Genel/AliciBilgisi/Tamam_Bosluk' has parent object(s)

2021-11-19 17:11:59 - [MESSAGE][INFO] - Switching to iframe: 'Object Repository/Olusturma/Genel/AliciBilgisi/Alici_Bilgisi'

2021-11-19 17:11:59 - [MESSAGE][INFO] - Finding web element from Test Object's properties

2021-11-19 17:11:59 - [MESSAGE][INFO] - Checking timeout

2021-11-19 17:11:59 - [MESSAGE][INFO] - Finding web element with id: 'Object Repository/Olusturma/Genel/AliciBilgisi/Alici_Bilgisi' located by 'By.xpath: //iframe[@id='customerselectiframe']' in '30' second(s)

2021-11-19 17:11:59 - [MESSAGE][INFO] - Smart Wait Function is triggered

2021-11-19 17:11:59 - [MESSAGE][INFO] - Found 1 web elements with id: 'Object Repository/Olusturma/Genel/AliciBilgisi/Alici_Bilgisi' located by 'By.xpath: //iframe[@id='customerselectiframe']' in '30' second(s)

2021-11-19 17:11:59 - [MESSAGE][INFO] - Switched to iframe: 'Object Repository/Olusturma/Genel/AliciBilgisi/Alici_Bilgisi'

2021-11-19 17:11:59 - [MESSAGE][INFO] - Finding web element from Test Object's properties

2021-11-19 17:11:59 - [MESSAGE][INFO] - Checking timeout

2021-11-19 17:11:59 - [MESSAGE][INFO] - Finding web element with id: 'Object Repository/Olusturma/Genel/AliciBilgisi/Tamam_Bosluk' located by 'By.xpath: (.//*[normalize-space(text()) and normalize-space(.)='Sayfa Boyutu:'])[1]/following::div[7]' in '30' second(s)

2021-11-19 17:11:59 - [MESSAGE][INFO] - Smart Wait Function is triggered

2021-11-19 17:11:59 - [MESSAGE][INFO] - Found 1 web elements with id: 'Object Repository/Olusturma/Genel/AliciBilgisi/Tamam_Bosluk' located by 'By.xpath: (.//*[normalize-space(text()) and normalize-space(.)='Sayfa Boyutu:'])[1]/following::div[7]' in '30' second(s)

2021-11-19 17:11:59 - [MESSAGE][INFO] - Clicking on object: 'Object Repository/Olusturma/Genel/AliciBilgisi/Tamam_Bosluk'

2021-11-19 17:12:00 - [MESSAGE][PASSED] - Object: 'Object Repository/Olusturma/Genel/AliciBilgisi/Tamam_Bosluk' is clicked on

2021-11-19 17:12:00 - [MESSAGE][INFO] - Switching to default content

2021-11-19 17:12:00 - [TEST_STEP][PASSED] - waitForElementClickable(findTestObject("Olusturma/Genel/AliciBilgisi/Tamam_Butonu"), 10): Switching to default content

2021-11-19 17:12:00 - [MESSAGE][INFO] - Finding Test Object 'Object Repository/Olusturma/Genel/AliciBilgisi/Tamam_Butonu'

2021-11-19 17:12:00 - [MESSAGE][INFO] - Finding Test Object 'Object Repository/Olusturma/Genel/AliciBilgisi/Alici_Bilgisi'

2021-11-19 17:12:00 - [MESSAGE][INFO] - Checking object

2021-11-19 17:12:00 - [MESSAGE][INFO] - Checking timeout

2021-11-19 17:12:00 - [MESSAGE][INFO] - Object: 'Object Repository/Olusturma/Genel/AliciBilgisi/Tamam_Butonu' has parent object(s)

2021-11-19 17:12:00 - [MESSAGE][INFO] - Switching to iframe: 'Object Repository/Olusturma/Genel/AliciBilgisi/Alici_Bilgisi'

2021-11-19 17:12:00 - [MESSAGE][INFO] - Finding web element from Test Object's properties

2021-11-19 17:12:00 - [MESSAGE][INFO] - Checking timeout

2021-11-19 17:12:00 - [MESSAGE][INFO] - Finding web element with id: 'Object Repository/Olusturma/Genel/AliciBilgisi/Alici_Bilgisi' located by 'By.xpath: //iframe[@id='customerselectiframe']' in '10' second(s)

2021-11-19 17:12:00 - [MESSAGE][INFO] - Smart Wait Function is triggered

2021-11-19 17:12:00 - [MESSAGE][INFO] - Found 1 web elements with id: 'Object Repository/Olusturma/Genel/AliciBilgisi/Alici_Bilgisi' located by 'By.xpath: //iframe[@id='customerselectiframe']' in '10' second(s)

2021-11-19 17:12:00 - [MESSAGE][INFO] - Switched to iframe: 'Object Repository/Olusturma/Genel/AliciBilgisi/Alici_Bilgisi'

2021-11-19 17:12:00 - [MESSAGE][INFO] - Finding web element from Test Object's properties

2021-11-19 17:12:00 - [MESSAGE][INFO] - Checking timeout

2021-11-19 17:12:00 - [MESSAGE][INFO] - Finding web element with id: 'Object Repository/Olusturma/Genel/AliciBilgisi/Tamam_Butonu' located by 'By.xpath: //div[@id='btnSelectCustomer_CD']/span' in '10' second(s)

2021-11-19 17:12:00 - [MESSAGE][INFO] - Smart Wait Function is triggered

2021-11-19 17:12:00 - [MESSAGE][INFO] - Found 1 web elements with id: 'Object Repository/Olusturma/Genel/AliciBilgisi/Tamam_Butonu' located by 'By.xpath: //div[@id='btnSelectCustomer_CD']/span' in '10' second(s)

2021-11-19 17:12:00 - [MESSAGE][PASSED] - Object 'Object Repository/Olusturma/Genel/AliciBilgisi/Tamam_Butonu' is clickable

2021-11-19 17:12:00 - [MESSAGE][INFO] - Switching to default content

2021-11-19 17:12:00 - [TEST_STEP][PASSED] - click(findTestObject("Olusturma/Genel/AliciBilgisi/Tamam_Butonu")): Switching to default content

2021-11-19 17:12:00 - [MESSAGE][INFO] - Finding Test Object 'Object Repository/Olusturma/Genel/AliciBilgisi/Tamam_Butonu'

2021-11-19 17:12:00 - [MESSAGE][INFO] - Finding Test Object 'Object Repository/Olusturma/Genel/AliciBilgisi/Alici_Bilgisi'

2021-11-19 17:12:01 - [MESSAGE][INFO] - Checking object

2021-11-19 17:12:01 - [MESSAGE][INFO] - Object: 'Object Repository/Olusturma/Genel/AliciBilgisi/Tamam_Butonu' has parent object(s)

2021-11-19 17:12:01 - [MESSAGE][INFO] - Switching to iframe: 'Object Repository/Olusturma/Genel/AliciBilgisi/Alici_Bilgisi'

2021-11-19 17:12:01 - [MESSAGE][INFO] - Finding web element from Test Object's properties

2021-11-19 17:12:01 - [MESSAGE][INFO] - Checking timeout

2021-11-19 17:12:01 - [MESSAGE][INFO] - Finding web element with id: 'Object Repository/Olusturma/Genel/AliciBilgisi/Alici_Bilgisi' located by 'By.xpath: //iframe[@id='customerselectiframe']' in '30' second(s)

2021-11-19 17:12:01 - [MESSAGE][INFO] - Smart Wait Function is triggered

2021-11-19 17:12:01 - [MESSAGE][INFO] - Found 1 web elements with id: 'Object Repository/Olusturma/Genel/AliciBilgisi/Alici_Bilgisi' located by 'By.xpath: //iframe[@id='customerselectiframe']' in '30' second(s)

2021-11-19 17:12:01 - [MESSAGE][INFO] - Switched to iframe: 'Object Repository/Olusturma/Genel/AliciBilgisi/Alici_Bilgisi'

2021-11-19 17:12:01 - [MESSAGE][INFO] - Finding web element from Test Object's properties

2021-11-19 17:12:01 - [MESSAGE][INFO] - Checking timeout

2021-11-19 17:12:01 - [MESSAGE][INFO] - Finding web element with id: 'Object Repository/Olusturma/Genel/AliciBilgisi/Tamam_Butonu' located by 'By.xpath: //div[@id='btnSelectCustomer_CD']/span' in '30' second(s)

2021-11-19 17:12:01 - [MESSAGE][INFO] - Smart Wait Function is triggered

2021-11-19 17:12:02 - [MESSAGE][INFO] - Found 1 web elements with id: 'Object Repository/Olusturma/Genel/AliciBilgisi/Tamam_Butonu' located by 'By.xpath: //div[@id='btnSelectCustomer_CD']/span' in '30' second(s)

2021-11-19 17:12:02 - [MESSAGE][INFO] - Clicking on object: 'Object Repository/Olusturma/Genel/AliciBilgisi/Tamam_Butonu'

2021-11-19 17:12:02 - [MESSAGE][PASSED] - Object: 'Object Repository/Olusturma/Genel/AliciBilgisi/Tamam_Butonu' is clicked on

2021-11-19 17:12:02 - [MESSAGE][INFO] - Switching to default content

2021-11-19 17:12:02 - [TEST_STEP][PASSED] - waitForElementPresent(findTestObject("Olusturma/Genel/AliciBilgisi/VKN-TCKN"), 10): Object 'Object Repository/Olusturma/Genel/AliciBilgisi/VKN-TCKN' is present

2021-11-19 17:12:02 - [MESSAGE][INFO] - Finding Test Object 'Object Repository/Olusturma/Genel/AliciBilgisi/VKN-TCKN'

2021-11-19 17:12:02 - [MESSAGE][INFO] - Checking object

2021-11-19 17:12:02 - [MESSAGE][INFO] - Finding web element from Test Object's properties

2021-11-19 17:12:02 - [MESSAGE][INFO] - Checking timeout

2021-11-19 17:12:02 - [MESSAGE][INFO] - Finding web element with id: 'Object Repository/Olusturma/Genel/AliciBilgisi/VKN-TCKN' located by 'By.xpath: //*[@id = 'txtVknTckn_I']' in '10' second(s)

2021-11-19 17:12:02 - [MESSAGE][INFO] - Smart Wait Function is triggered

2021-11-19 17:12:03 - [MESSAGE][INFO] - Found 1 web elements with id: 'Object Repository/Olusturma/Genel/AliciBilgisi/VKN-TCKN' located by 'By.xpath: //*[@id = 'txtVknTckn_I']' in '10' second(s)

2021-11-19 17:12:03 - [MESSAGE][PASSED] - Object 'Object Repository/Olusturma/Genel/AliciBilgisi/VKN-TCKN' is present

2021-11-19 17:12:03 - [TEST_STEP][PASSED] - text = getAttribute(findTestObject("Olusturma/Genel/AliciBilgisi/VKN-TCKN"), "value"): Attribute 'value' of object 'Object Repository/Olusturma/Genel/AliciBilgisi/VKN-TCKN' is: '5328419252'

2021-11-19 17:12:03 - [MESSAGE][INFO] - Finding Test Object 'Object Repository/Olusturma/Genel/AliciBilgisi/VKN-TCKN'

2021-11-19 17:12:03 - [MESSAGE][INFO] - Checking object

2021-11-19 17:12:03 - [MESSAGE][INFO] - Checking attribute

2021-11-19 17:12:03 - [MESSAGE][INFO] - Finding web element from Test Object's properties

2021-11-19 17:12:03 - [MESSAGE][INFO] - Checking timeout

2021-11-19 17:12:03 - [MESSAGE][INFO] - Finding web element with id: 'Object Repository/Olusturma/Genel/AliciBilgisi/VKN-TCKN' located by 'By.xpath: //*[@id = 'txtVknTckn_I']' in '30' second(s)

2021-11-19 17:12:03 - [MESSAGE][INFO] - Smart Wait Function is triggered

2021-11-19 17:12:03 - [MESSAGE][INFO] - Found 1 web elements with id: 'Object Repository/Olusturma/Genel/AliciBilgisi/VKN-TCKN' located by 'By.xpath: //*[@id = 'txtVknTckn_I']' in '30' second(s)

2021-11-19 17:12:03 - [MESSAGE][INFO] - Getting attribute 'value' of object 'Object Repository/Olusturma/Genel/AliciBilgisi/VKN-TCKN'

2021-11-19 17:12:03 - [MESSAGE][PASSED] - Attribute 'value' of object 'Object Repository/Olusturma/Genel/AliciBilgisi/VKN-TCKN' is: '5328419252'

2021-11-19 17:12:03 - [TEST_STEP][PASSED] - if (text.equals("")): null

2021-11-19 17:12:03 - [MESSAGE][PASSED] - Call Test Case 'Test Cases/Olusturma/Genel/AliciSecilir' successfully

2021-11-19 17:12:03 - [MESSAGE][INFO] - Checking called Test Case

2021-11-19 17:12:03 - [MESSAGE][INFO] - Starting to call Test Case 'Test Cases/Olusturma/Genel/GonderimSekliSecilir'

2021-11-19 17:12:03 - [TEST_CASE][PASSED] - Test Cases/Olusturma/Genel/GonderimSekliSecilir: Test Cases/Olusturma/Genel/GonderimSekliSecilir

2021-11-19 17:12:03 - [TEST_STEP][PASSED] - waitForElementClickable(findTestObject("Object Repository/Olusturma/Genel/GonderimSekli/GonderimSekli"), 10): Object 'Object Repository/Olusturma/Genel/GonderimSekli/GonderimSekli' is clickable

2021-11-19 17:12:03 - [MESSAGE][INFO] - Finding Test Object 'Object Repository/Olusturma/Genel/GonderimSekli/GonderimSekli'

2021-11-19 17:12:04 - [MESSAGE][INFO] - Checking object

2021-11-19 17:12:04 - [MESSAGE][INFO] - Checking timeout

2021-11-19 17:12:04 - [MESSAGE][INFO] - Finding web element from Test Object's properties

2021-11-19 17:12:04 - [MESSAGE][INFO] - Checking timeout

2021-11-19 17:12:04 - [MESSAGE][INFO] - Finding web element with id: 'Object Repository/Olusturma/Genel/GonderimSekli/GonderimSekli' located by 'By.xpath: //*[@id = 'txtGonderimSekil_I']' in '10' second(s)

2021-11-19 17:12:04 - [MESSAGE][INFO] - Smart Wait Function is triggered

2021-11-19 17:12:04 - [MESSAGE][INFO] - Found 1 web elements with id: 'Object Repository/Olusturma/Genel/GonderimSekli/GonderimSekli' located by 'By.xpath: //*[@id = 'txtGonderimSekil_I']' in '10' second(s)

2021-11-19 17:12:04 - [MESSAGE][PASSED] - Object 'Object Repository/Olusturma/Genel/GonderimSekli/GonderimSekli' is clickable

2021-11-19 17:12:04 - [TEST_STEP][PASSED] - click(findTestObject("Object Repository/Olusturma/Genel/GonderimSekli/GonderimSekli")): Object: 'Object Repository/Olusturma/Genel/GonderimSekli/GonderimSekli' is clicked on

2021-11-19 17:12:04 - [MESSAGE][INFO] - Finding Test Object 'Object Repository/Olusturma/Genel/GonderimSekli/GonderimSekli'

2021-11-19 17:12:04 - [MESSAGE][INFO] - Checking object

2021-11-19 17:12:04 - [MESSAGE][INFO] - Finding web element from Test Object's properties

2021-11-19 17:12:04 - [MESSAGE][INFO] - Checking timeout

2021-11-19 17:12:04 - [MESSAGE][INFO] - Finding web element with id: 'Object Repository/Olusturma/Genel/GonderimSekli/GonderimSekli' located by 'By.xpath: //*[@id = 'txtGonderimSekil_I']' in '30' second(s)

2021-11-19 17:12:04 - [MESSAGE][INFO] - Smart Wait Function is triggered

2021-11-19 17:12:05 - [MESSAGE][INFO] - Found 1 web elements with id: 'Object Repository/Olusturma/Genel/GonderimSekli/GonderimSekli' located by 'By.xpath: //*[@id = 'txtGonderimSekil_I']' in '30' second(s)

2021-11-19 17:12:05 - [MESSAGE][INFO] - Clicking on object: 'Object Repository/Olusturma/Genel/GonderimSekli/GonderimSekli'

2021-11-19 17:12:05 - [MESSAGE][PASSED] - Object: 'Object Repository/Olusturma/Genel/GonderimSekli/GonderimSekli' is clicked on

2021-11-19 17:12:05 - [TEST_STEP][PASSED] - Method.TextDegerineEsitElementeTikla(findTestObject("Object Repository/Olusturma/Genel/GonderimSekli/GonderimSekliAdi"), GonderimSekli): Method.TextDegerineEsitElementeTikla is PASSED

2021-11-19 17:12:05 - [MESSAGE][INFO] - Finding Test Object 'Object Repository/Olusturma/Genel/GonderimSekli/GonderimSekliAdi'

2021-11-19 17:12:05 - [MESSAGE][INFO] - Checking timeout

2021-11-19 17:12:05 - [MESSAGE][INFO] - Finding web element with id: 'Object Repository/Olusturma/Genel/GonderimSekli/GonderimSekliAdi' located by 'By.cssSelector: #txtGonderimSekil_DDD_L_LBT td' in '10' second(s)

2021-11-19 17:12:05 - [MESSAGE][INFO] - Smart Wait Function is triggered

2021-11-19 17:12:05 - [MESSAGE][INFO] - Found 2 web elements with id: 'Object Repository/Olusturma/Genel/GonderimSekli/GonderimSekliAdi' located by 'By.cssSelector: #txtGonderimSekil_DDD_L_LBT td' in '10' second(s)

2021-11-19 17:12:05 - [MESSAGE][PASSED] - Method.TextDegerineEsitElementeTikla is PASSED

2021-11-19 17:12:05 - [MESSAGE][PASSED] - Call Test Case 'Test Cases/Olusturma/Genel/GonderimSekliSecilir' successfully

2021-11-19 17:12:05 - [MESSAGE][INFO] - Checking called Test Case

2021-11-19 17:12:05 - [MESSAGE][INFO] - Starting to call Test Case 'Test Cases/Olusturma/Genel/TipSecilir'

2021-11-19 17:12:06 - [TEST_CASE][PASSED] - Test Cases/Olusturma/Genel/TipSecilir: Test Cases/Olusturma/Genel/TipSecilir

2021-11-19 17:12:06 - [TEST_STEP][PASSED] - waitForElementClickable(findTestObject("Olusturma/Genel/TipSecilir/Tip"), 10): Object 'Object Repository/Olusturma/Genel/TipSecilir/Tip' is clickable

2021-11-19 17:12:06 - [MESSAGE][INFO] - Finding Test Object 'Object Repository/Olusturma/Genel/TipSecilir/Tip'

2021-11-19 17:12:06 - [MESSAGE][INFO] - Checking object

2021-11-19 17:12:06 - [MESSAGE][INFO] - Checking timeout

2021-11-19 17:12:06 - [MESSAGE][INFO] - Finding web element from Test Object's properties

2021-11-19 17:12:06 - [MESSAGE][INFO] - Checking timeout

2021-11-19 17:12:06 - [MESSAGE][INFO] - Finding web element with id: 'Object Repository/Olusturma/Genel/TipSecilir/Tip' located by 'By.xpath: //*[@id = 'DocumentTypeCode_I']' in '10' second(s)

2021-11-19 17:12:06 - [MESSAGE][INFO] - Smart Wait Function is triggered

2021-11-19 17:12:06 - [MESSAGE][INFO] - Found 1 web elements with id: 'Object Repository/Olusturma/Genel/TipSecilir/Tip' located by 'By.xpath: //*[@id = 'DocumentTypeCode_I']' in '10' second(s)

2021-11-19 17:12:06 - [MESSAGE][PASSED] - Object 'Object Repository/Olusturma/Genel/TipSecilir/Tip' is clickable

2021-11-19 17:12:06 - [TEST_STEP][PASSED] - click(findTestObject("Olusturma/Genel/TipSecilir/Tip")): Object: 'Object Repository/Olusturma/Genel/TipSecilir/Tip' is clicked on

2021-11-19 17:12:06 - [MESSAGE][INFO] - Finding Test Object 'Object Repository/Olusturma/Genel/TipSecilir/Tip'

2021-11-19 17:12:06 - [MESSAGE][INFO] - Checking object

2021-11-19 17:12:06 - [MESSAGE][INFO] - Finding web element from Test Object's properties

2021-11-19 17:12:06 - [MESSAGE][INFO] - Checking timeout

2021-11-19 17:12:06 - [MESSAGE][INFO] - Finding web element with id: 'Object Repository/Olusturma/Genel/TipSecilir/Tip' located by 'By.xpath: //*[@id = 'DocumentTypeCode_I']' in '30' second(s)

2021-11-19 17:12:06 - [MESSAGE][INFO] - Smart Wait Function is triggered

2021-11-19 17:12:06 - [MESSAGE][INFO] - Found 1 web elements with id: 'Object Repository/Olusturma/Genel/TipSecilir/Tip' located by 'By.xpath: //*[@id = 'DocumentTypeCode_I']' in '30' second(s)

2021-11-19 17:12:06 - [MESSAGE][INFO] - Clicking on object: 'Object Repository/Olusturma/Genel/TipSecilir/Tip'

2021-11-19 17:12:07 - [MESSAGE][PASSED] - Object: 'Object Repository/Olusturma/Genel/TipSecilir/Tip' is clicked on

2021-11-19 17:12:07 - [TEST_STEP][PASSED] - Method.TextDegerineEsitElementeTikla(findTestObject("Object Repository/Olusturma/Genel/TipSecilir/Tip_Adi"), Tip): Method.TextDegerineEsitElementeTikla is PASSED

2021-11-19 17:12:07 - [MESSAGE][INFO] - Finding Test Object 'Object Repository/Olusturma/Genel/TipSecilir/Tip_Adi'

2021-11-19 17:12:07 - [MESSAGE][INFO] - Checking timeout

2021-11-19 17:12:07 - [MESSAGE][INFO] - Finding web element with id: 'Object Repository/Olusturma/Genel/TipSecilir/Tip_Adi' located by 'By.cssSelector: #DocumentTypeCode_DDD_L_LBT td' in '10' second(s)

2021-11-19 17:12:07 - [MESSAGE][INFO] - Smart Wait Function is triggered

2021-11-19 17:12:07 - [MESSAGE][INFO] - Found 9 web elements with id: 'Object Repository/Olusturma/Genel/TipSecilir/Tip_Adi' located by 'By.cssSelector: #DocumentTypeCode_DDD_L_LBT td' in '10' second(s)

2021-11-19 17:12:07 - [MESSAGE][PASSED] - Method.TextDegerineEsitElementeTikla is PASSED

2021-11-19 17:12:07 - [MESSAGE][PASSED] - Call Test Case 'Test Cases/Olusturma/Genel/TipSecilir' successfully

2021-11-19 17:12:07 - [MESSAGE][INFO] - Checking called Test Case

2021-11-19 17:12:07 - [MESSAGE][INFO] - Starting to call Test Case 'Test Cases/Olusturma/Genel/DokumanParaBirimiSecilir'

2021-11-19 17:12:07 - [TEST_CASE][PASSED] - Test Cases/Olusturma/Genel/DokumanParaBirimiSecilir: Test Cases/Olusturma/Genel/DokumanParaBirimiSecilir

2021-11-19 17:12:07 - [TEST_STEP][PASSED] - waitForElementClickable(findTestObject("Object Repository/Olusturma/Genel/DokumanParaBirimiSecilir/Para"), 10): Object 'Object Repository/Olusturma/Genel/DokumanParaBirimiSecilir/Para' is clickable

2021-11-19 17:12:07 - [MESSAGE][INFO] - Finding Test Object 'Object Repository/Olusturma/Genel/DokumanParaBirimiSecilir/Para'

2021-11-19 17:12:07 - [MESSAGE][INFO] - Checking object

2021-11-19 17:12:07 - [MESSAGE][INFO] - Checking timeout

2021-11-19 17:12:07 - [MESSAGE][INFO] - Finding web element from Test Object's properties

2021-11-19 17:12:07 - [MESSAGE][INFO] - Checking timeout

2021-11-19 17:12:07 - [MESSAGE][INFO] - Finding web element with id: 'Object Repository/Olusturma/Genel/DokumanParaBirimiSecilir/Para' located by 'By.xpath: //*[@id = 'CurrencyUnit_I']' in '10' second(s)

2021-11-19 17:12:07 - [MESSAGE][INFO] - Smart Wait Function is triggered

2021-11-19 17:12:09 - [MESSAGE][INFO] - Found 1 web elements with id: 'Object Repository/Olusturma/Genel/DokumanParaBirimiSecilir/Para' located by 'By.xpath: //*[@id = 'CurrencyUnit_I']' in '10' second(s)

2021-11-19 17:12:09 - [MESSAGE][PASSED] - Object 'Object Repository/Olusturma/Genel/DokumanParaBirimiSecilir/Para' is clickable

2021-11-19 17:12:09 - [TEST_STEP][PASSED] - click(findTestObject("Object Repository/Olusturma/Genel/DokumanParaBirimiSecilir/Para")): Object: 'Object Repository/Olusturma/Genel/DokumanParaBirimiSecilir/Para' is clicked on

2021-11-19 17:12:09 - [MESSAGE][INFO] - Finding Test Object 'Object Repository/Olusturma/Genel/DokumanParaBirimiSecilir/Para'

2021-11-19 17:12:09 - [MESSAGE][INFO] - Checking object

2021-11-19 17:12:09 - [MESSAGE][INFO] - Finding web element from Test Object's properties

2021-11-19 17:12:09 - [MESSAGE][INFO] - Checking timeout

2021-11-19 17:12:09 - [MESSAGE][INFO] - Finding web element with id: 'Object Repository/Olusturma/Genel/DokumanParaBirimiSecilir/Para' located by 'By.xpath: //*[@id = 'CurrencyUnit_I']' in '30' second(s)

2021-11-19 17:12:09 - [MESSAGE][INFO] - Smart Wait Function is triggered

2021-11-19 17:12:09 - [MESSAGE][INFO] - Found 1 web elements with id: 'Object Repository/Olusturma/Genel/DokumanParaBirimiSecilir/Para' located by 'By.xpath: //*[@id = 'CurrencyUnit_I']' in '30' second(s)

2021-11-19 17:12:09 - [MESSAGE][INFO] - Clicking on object: 'Object Repository/Olusturma/Genel/DokumanParaBirimiSecilir/Para'

2021-11-19 17:12:10 - [MESSAGE][PASSED] - Object: 'Object Repository/Olusturma/Genel/DokumanParaBirimiSecilir/Para' is clicked on

2021-11-19 17:12:10 - [TEST_STEP][PASSED] - Method.TextDegerineEsitElementeTikla(findTestObject("Object Repository/Olusturma/Genel/DokumanParaBirimiSecilir/Para_Adi"), Para): Method.TextDegerineEsitElementeTikla is PASSED

2021-11-19 17:12:10 - [MESSAGE][INFO] - Finding Test Object 'Object Repository/Olusturma/Genel/DokumanParaBirimiSecilir/Para_Adi'

2021-11-19 17:12:10 - [MESSAGE][INFO] - Checking timeout

2021-11-19 17:12:10 - [MESSAGE][INFO] - Finding web element with id: 'Object Repository/Olusturma/Genel/DokumanParaBirimiSecilir/Para_Adi' located by 'By.cssSelector: #CurrencyUnit_DDD_L_LBT td' in '10' second(s)

2021-11-19 17:12:10 - [MESSAGE][INFO] - Smart Wait Function is triggered

2021-11-19 17:12:10 - [MESSAGE][INFO] - Found 203 web elements with id: 'Object Repository/Olusturma/Genel/DokumanParaBirimiSecilir/Para_Adi' located by 'By.cssSelector: #CurrencyUnit_DDD_L_LBT td' in '10' second(s)

2021-11-19 17:12:14 - [MESSAGE][PASSED] - Method.TextDegerineEsitElementeTikla is PASSED

2021-11-19 17:12:14 - [MESSAGE][PASSED] - Call Test Case 'Test Cases/Olusturma/Genel/DokumanParaBirimiSecilir' successfully

2021-11-19 17:12:14 - [MESSAGE][INFO] - Checking called Test Case

2021-11-19 17:12:14 - [MESSAGE][INFO] - Starting to call Test Case 'Test Cases/Olusturma/Genel/OnEkSecilir'

2021-11-19 17:12:15 - [TEST_CASE][PASSED] - Test Cases/Olusturma/Genel/OnEkSecilir: Test Cases/Olusturma/Genel/OnEkSecilir

2021-11-19 17:12:15 - [TEST_STEP][PASSED] - waitForElementClickable(findTestObject("Object Repository/Olusturma/Genel/OnEkSecilir/OnEk"), 10): Object 'Object Repository/Olusturma/Genel/OnEkSecilir/OnEk' is clickable

2021-11-19 17:12:15 - [MESSAGE][INFO] - Finding Test Object 'Object Repository/Olusturma/Genel/OnEkSecilir/OnEk'

2021-11-19 17:12:15 - [MESSAGE][INFO] - Checking object

2021-11-19 17:12:15 - [MESSAGE][INFO] - Checking timeout

2021-11-19 17:12:15 - [MESSAGE][INFO] - Finding web element from Test Object's properties

2021-11-19 17:12:15 - [MESSAGE][INFO] - Checking timeout

2021-11-19 17:12:15 - [MESSAGE][INFO] - Finding web element with id: 'Object Repository/Olusturma/Genel/OnEkSecilir/OnEk' located by 'By.xpath: //*[@id = 'InvoicePrefix_I']' in '10' second(s)

2021-11-19 17:12:15 - [MESSAGE][INFO] - Smart Wait Function is triggered

2021-11-19 17:12:15 - [MESSAGE][INFO] - Found 1 web elements with id: 'Object Repository/Olusturma/Genel/OnEkSecilir/OnEk' located by 'By.xpath: //*[@id = 'InvoicePrefix_I']' in '10' second(s)

2021-11-19 17:12:15 - [MESSAGE][PASSED] - Object 'Object Repository/Olusturma/Genel/OnEkSecilir/OnEk' is clickable

2021-11-19 17:12:15 - [TEST_STEP][PASSED] - click(findTestObject("Object Repository/Olusturma/Genel/OnEkSecilir/OnEk")): Object: 'Object Repository/Olusturma/Genel/OnEkSecilir/OnEk' is clicked on

2021-11-19 17:12:15 - [MESSAGE][INFO] - Finding Test Object 'Object Repository/Olusturma/Genel/OnEkSecilir/OnEk'

2021-11-19 17:12:15 - [MESSAGE][INFO] - Checking object

2021-11-19 17:12:15 - [MESSAGE][INFO] - Finding web element from Test Object's properties

2021-11-19 17:12:15 - [MESSAGE][INFO] - Checking timeout

2021-11-19 17:12:15 - [MESSAGE][INFO] - Finding web element with id: 'Object Repository/Olusturma/Genel/OnEkSecilir/OnEk' located by 'By.xpath: //*[@id = 'InvoicePrefix_I']' in '30' second(s)

2021-11-19 17:12:15 - [MESSAGE][INFO] - Smart Wait Function is triggered

2021-11-19 17:12:15 - [MESSAGE][INFO] - Found 1 web elements with id: 'Object Repository/Olusturma/Genel/OnEkSecilir/OnEk' located by 'By.xpath: //*[@id = 'InvoicePrefix_I']' in '30' second(s)

2021-11-19 17:12:15 - [MESSAGE][INFO] - Clicking on object: 'Object Repository/Olusturma/Genel/OnEkSecilir/OnEk'

2021-11-19 17:12:16 - [MESSAGE][PASSED] - Object: 'Object Repository/Olusturma/Genel/OnEkSecilir/OnEk' is clicked on

2021-11-19 17:12:16 - [TEST_STEP][PASSED] - Method.TextDegerineEsitElementeTiklaEquals(findTestObject("Object Repository/Olusturma/Genel/OnEkSecilir/OnEkAdi"), Ek): Method.TextDegerineEsitElementeTiklaEquals is PASSED

2021-11-19 17:12:16 - [MESSAGE][INFO] - Finding Test Object 'Object Repository/Olusturma/Genel/OnEkSecilir/OnEkAdi'

2021-11-19 17:12:16 - [MESSAGE][INFO] - Checking timeout

2021-11-19 17:12:16 - [MESSAGE][INFO] - Finding web element with id: 'Object Repository/Olusturma/Genel/OnEkSecilir/OnEkAdi' located by 'By.cssSelector: #InvoicePrefix_DDD_L_LBT td' in '10' second(s)

2021-11-19 17:12:16 - [MESSAGE][INFO] - Smart Wait Function is triggered

2021-11-19 17:12:16 - [MESSAGE][INFO] - Found 1 web elements with id: 'Object Repository/Olusturma/Genel/OnEkSecilir/OnEkAdi' located by 'By.cssSelector: #InvoicePrefix_DDD_L_LBT td' in '10' second(s)

2021-11-19 17:12:16 - [MESSAGE][PASSED] - Method.TextDegerineEsitElementeTiklaEquals is PASSED

2021-11-19 17:12:16 - [MESSAGE][PASSED] - Call Test Case 'Test Cases/Olusturma/Genel/OnEkSecilir' successfully

2021-11-19 17:12:16 - [MESSAGE][INFO] - Checking called Test Case

2021-11-19 17:12:16 - [MESSAGE][INFO] - Starting to call Test Case 'Test Cases/Olusturma/Genel/TasarimSecilir'

2021-11-19 17:12:16 - [TEST_CASE][PASSED] - Test Cases/Olusturma/Genel/TasarimSecilir: Test Cases/Olusturma/Genel/TasarimSecilir

2021-11-19 17:12:16 - [TEST_STEP][PASSED] - waitForElementClickable(findTestObject("Object Repository/Olusturma/Genel/TasarimSecilir/Tasarim"), 10): Object 'Object Repository/Olusturma/Genel/TasarimSecilir/Tasarim' is clickable

2021-11-19 17:12:16 - [MESSAGE][INFO] - Finding Test Object 'Object Repository/Olusturma/Genel/TasarimSecilir/Tasarim'

2021-11-19 17:12:16 - [MESSAGE][INFO] - Checking object

2021-11-19 17:12:16 - [MESSAGE][INFO] - Checking timeout

2021-11-19 17:12:16 - [MESSAGE][INFO] - Finding web element from Test Object's properties

2021-11-19 17:12:16 - [MESSAGE][INFO] - Checking timeout

2021-11-19 17:12:16 - [MESSAGE][INFO] - Finding web element with id: 'Object Repository/Olusturma/Genel/TasarimSecilir/Tasarim' located by 'By.xpath: //*[@id = 'DesignId_I']' in '10' second(s)

2021-11-19 17:12:16 - [MESSAGE][INFO] - Smart Wait Function is triggered

2021-11-19 17:12:16 - [MESSAGE][INFO] - Found 1 web elements with id: 'Object Repository/Olusturma/Genel/TasarimSecilir/Tasarim' located by 'By.xpath: //*[@id = 'DesignId_I']' in '10' second(s)

2021-11-19 17:12:16 - [MESSAGE][PASSED] - Object 'Object Repository/Olusturma/Genel/TasarimSecilir/Tasarim' is clickable

2021-11-19 17:12:16 - [TEST_STEP][PASSED] - click(findTestObject("Object Repository/Olusturma/Genel/TasarimSecilir/Tasarim")): Object: 'Object Repository/Olusturma/Genel/TasarimSecilir/Tasarim' is clicked on

2021-11-19 17:12:16 - [MESSAGE][INFO] - Finding Test Object 'Object Repository/Olusturma/Genel/TasarimSecilir/Tasarim'

2021-11-19 17:12:17 - [MESSAGE][INFO] - Checking object

2021-11-19 17:12:17 - [MESSAGE][INFO] - Finding web element from Test Object's properties

2021-11-19 17:12:17 - [MESSAGE][INFO] - Checking timeout

2021-11-19 17:12:17 - [MESSAGE][INFO] - Finding web element with id: 'Object Repository/Olusturma/Genel/TasarimSecilir/Tasarim' located by 'By.xpath: //*[@id = 'DesignId_I']' in '30' second(s)

2021-11-19 17:12:17 - [MESSAGE][INFO] - Smart Wait Function is triggered

2021-11-19 17:12:17 - [MESSAGE][INFO] - Found 1 web elements with id: 'Object Repository/Olusturma/Genel/TasarimSecilir/Tasarim' located by 'By.xpath: //*[@id = 'DesignId_I']' in '30' second(s)

2021-11-19 17:12:17 - [MESSAGE][INFO] - Clicking on object: 'Object Repository/Olusturma/Genel/TasarimSecilir/Tasarim'

2021-11-19 17:12:17 - [MESSAGE][PASSED] - Object: 'Object Repository/Olusturma/Genel/TasarimSecilir/Tasarim' is clicked on

2021-11-19 17:12:17 - [TEST_STEP][PASSED] - Method.TextDegerineEsitElementeTikla(findTestObject("Object Repository/Olusturma/Genel/TasarimSecilir/Tasarim_Adi"), Tasarim): Method.TextDegerineEsitElementeTikla is PASSED

2021-11-19 17:12:17 - [MESSAGE][INFO] - Finding Test Object 'Object Repository/Olusturma/Genel/TasarimSecilir/Tasarim_Adi'

2021-11-19 17:12:17 - [MESSAGE][INFO] - Checking timeout

2021-11-19 17:12:17 - [MESSAGE][INFO] - Finding web element with id: 'Object Repository/Olusturma/Genel/TasarimSecilir/Tasarim_Adi' located by 'By.cssSelector: #DesignId_DDD_L_LBT td' in '10' second(s)

2021-11-19 17:12:17 - [MESSAGE][INFO] - Smart Wait Function is triggered

2021-11-19 17:12:17 - [MESSAGE][INFO] - Found 1 web elements with id: 'Object Repository/Olusturma/Genel/TasarimSecilir/Tasarim_Adi' located by 'By.cssSelector: #DesignId_DDD_L_LBT td' in '10' second(s)

2021-11-19 17:12:17 - [MESSAGE][PASSED] - Method.TextDegerineEsitElementeTikla is PASSED

2021-11-19 17:12:17 - [MESSAGE][PASSED] - Call Test Case 'Test Cases/Olusturma/Genel/TasarimSecilir' successfully

2021-11-19 17:12:17 - [MESSAGE][INFO] - Checking called Test Case

2021-11-19 17:12:17 - [MESSAGE][INFO] - Starting to call Test Case 'Test Cases/Olusturma/Genel/Kutular/SiparisBilgileriGirilir'

2021-11-19 17:12:18 - [TEST_CASE][PASSED] - Test Cases/Olusturma/Genel/Kutular/SiparisBilgileriGirilir: Test Cases/Olusturma/Genel/Kutular/SiparisBilgileriGirilir

2021-11-19 17:12:18 - [TEST_STEP][PASSED] - Method.TextDegerineEsitElementeTikla(findTestObject("Olusturma/Genel/Kutular/KapaliKutular"), "Sipariş Bilgileri"): Method.TextDegerineEsitElementeTikla is PASSED

2021-11-19 17:12:18 - [MESSAGE][INFO] - Finding Test Object 'Object Repository/Olusturma/Genel/Kutular/KapaliKutular'

2021-11-19 17:12:18 - [MESSAGE][INFO] - Checking timeout

2021-11-19 17:12:18 - [MESSAGE][INFO] - Finding web element with id: 'Object Repository/Olusturma/Genel/Kutular/KapaliKutular' located by 'By.cssSelector: .dxnb-headerCollapsed>span' in '10' second(s)

2021-11-19 17:12:18 - [MESSAGE][INFO] - Smart Wait Function is triggered

2021-11-19 17:12:18 - [MESSAGE][INFO] - Found 8 web elements with id: 'Object Repository/Olusturma/Genel/Kutular/KapaliKutular' located by 'By.cssSelector: .dxnb-headerCollapsed>span' in '10' second(s)

2021-11-19 17:12:18 - [MESSAGE][PASSED] - Method.TextDegerineEsitElementeTikla is PASSED

2021-11-19 17:12:18 - [TEST_STEP][PASSED] - waitForElementPresent(findTestObject("Object Repository/Olusturma/Genel/Kutular/SiparisBilgileri/SiparisNo"), 10): Object 'Object Repository/Olusturma/Genel/Kutular/SiparisBilgileri/SiparisNo' is present

2021-11-19 17:12:18 - [MESSAGE][INFO] - Finding Test Object 'Object Repository/Olusturma/Genel/Kutular/SiparisBilgileri/SiparisNo'

2021-11-19 17:12:18 - [MESSAGE][INFO] - Checking object

2021-11-19 17:12:18 - [MESSAGE][INFO] - Finding web element from Test Object's properties

2021-11-19 17:12:18 - [MESSAGE][INFO] - Checking timeout

2021-11-19 17:12:18 - [MESSAGE][INFO] - Finding web element with id: 'Object Repository/Olusturma/Genel/Kutular/SiparisBilgileri/SiparisNo' located by 'By.xpath: //*[@id = 'txtSiparisNo_I']' in '10' second(s)

2021-11-19 17:12:18 - [MESSAGE][INFO] - Smart Wait Function is triggered

2021-11-19 17:12:18 - [MESSAGE][INFO] - Found 1 web elements with id: 'Object Repository/Olusturma/Genel/Kutular/SiparisBilgileri/SiparisNo' located by 'By.xpath: //*[@id = 'txtSiparisNo_I']' in '10' second(s)

2021-11-19 17:12:18 - [MESSAGE][PASSED] - Object 'Object Repository/Olusturma/Genel/Kutular/SiparisBilgileri/SiparisNo' is present

2021-11-19 17:12:18 - [TEST_STEP][PASSED] - clearText(findTestObject("Object Repository/Olusturma/Genel/Kutular/SiparisBilgileri/SiparisNo")): Text of object 'Object Repository/Olusturma/Genel/Kutular/SiparisBilgileri/SiparisNo' is cleared

2021-11-19 17:12:18 - [MESSAGE][INFO] - Finding Test Object 'Object Repository/Olusturma/Genel/Kutular/SiparisBilgileri/SiparisNo'

2021-11-19 17:12:18 - [MESSAGE][INFO] - Checking object

2021-11-19 17:12:18 - [MESSAGE][INFO] - Finding web element from Test Object's properties

2021-11-19 17:12:18 - [MESSAGE][INFO] - Checking timeout

2021-11-19 17:12:18 - [MESSAGE][INFO] - Finding web element with id: 'Object Repository/Olusturma/Genel/Kutular/SiparisBilgileri/SiparisNo' located by 'By.xpath: //*[@id = 'txtSiparisNo_I']' in '30' second(s)

2021-11-19 17:12:18 - [MESSAGE][INFO] - Smart Wait Function is triggered

2021-11-19 17:12:19 - [MESSAGE][INFO] - Found 1 web elements with id: 'Object Repository/Olusturma/Genel/Kutular/SiparisBilgileri/SiparisNo' located by 'By.xpath: //*[@id = 'txtSiparisNo_I']' in '30' second(s)

2021-11-19 17:12:19 - [MESSAGE][INFO] - Clearing text of object 'Object Repository/Olusturma/Genel/Kutular/SiparisBilgileri/SiparisNo'

2021-11-19 17:12:19 - [MESSAGE][PASSED] - Text of object 'Object Repository/Olusturma/Genel/Kutular/SiparisBilgileri/SiparisNo' is cleared

2021-11-19 17:12:19 - [TEST_STEP][PASSED] - sendKeys(findTestObject("Object Repository/Olusturma/Genel/Kutular/SiparisBilgileri/SiparisNo"), SiparisNo): Keys 'UUC-SAT-1200001' sent to object: 'Object Repository/Olusturma/Genel/Kutular/SiparisBilgileri/SiparisNo'

2021-11-19 17:12:19 - [MESSAGE][INFO] - Finding Test Object 'Object Repository/Olusturma/Genel/Kutular/SiparisBilgileri/SiparisNo'

2021-11-19 17:12:19 - [MESSAGE][INFO] - Sending keys 'UUC-SAT-1200001' to object: 'Object Repository/Olusturma/Genel/Kutular/SiparisBilgileri/SiparisNo'

2021-11-19 17:12:19 - [MESSAGE][INFO] - Finding web element from Test Object's properties

2021-11-19 17:12:19 - [MESSAGE][INFO] - Checking timeout

2021-11-19 17:12:19 - [MESSAGE][INFO] - Finding web element with id: 'Object Repository/Olusturma/Genel/Kutular/SiparisBilgileri/SiparisNo' located by 'By.xpath: //*[@id = 'txtSiparisNo_I']' in '30' second(s)

2021-11-19 17:12:19 - [MESSAGE][INFO] - Smart Wait Function is triggered

2021-11-19 17:12:19 - [MESSAGE][INFO] - Found 1 web elements with id: 'Object Repository/Olusturma/Genel/Kutular/SiparisBilgileri/SiparisNo' located by 'By.xpath: //*[@id = 'txtSiparisNo_I']' in '30' second(s)

2021-11-19 17:12:19 - [MESSAGE][PASSED] - Keys 'UUC-SAT-1200001' sent to object: 'Object Repository/Olusturma/Genel/Kutular/SiparisBilgileri/SiparisNo'

2021-11-19 17:12:19 - [TEST_STEP][PASSED] - waitForElementClickable(findTestObject("Object Repository/Olusturma/Genel/Kutular/SiparisBilgileri/SiparisTarihiImage"), 10): Object 'Object Repository/Olusturma/Genel/Kutular/SiparisBilgileri/SiparisTarihiImage' is clickable

2021-11-19 17:12:19 - [MESSAGE][INFO] - Finding Test Object 'Object Repository/Olusturma/Genel/Kutular/SiparisBilgileri/SiparisTarihiImage'

2021-11-19 17:12:20 - [MESSAGE][INFO] - Checking object

2021-11-19 17:12:20 - [MESSAGE][INFO] - Checking timeout

2021-11-19 17:12:20 - [MESSAGE][INFO] - Finding web element from Test Object's properties

2021-11-19 17:12:20 - [MESSAGE][INFO] - Checking timeout

2021-11-19 17:12:20 - [MESSAGE][INFO] - Finding web element with id: 'Object Repository/Olusturma/Genel/Kutular/SiparisBilgileri/SiparisTarihiImage' located by 'By.cssSelector: #dateSiparisTarih img' in '10' second(s)

2021-11-19 17:12:20 - [MESSAGE][INFO] - Smart Wait Function is triggered

2021-11-19 17:12:20 - [MESSAGE][INFO] - Found 1 web elements with id: 'Object Repository/Olusturma/Genel/Kutular/SiparisBilgileri/SiparisTarihiImage' located by 'By.cssSelector: #dateSiparisTarih img' in '10' second(s)

2021-11-19 17:12:20 - [MESSAGE][PASSED] - Object 'Object Repository/Olusturma/Genel/Kutular/SiparisBilgileri/SiparisTarihiImage' is clickable

2021-11-19 17:12:20 - [TEST_STEP][PASSED] - click(findTestObject("Object Repository/Olusturma/Genel/Kutular/SiparisBilgileri/SiparisTarihiImage")): Object: 'Object Repository/Olusturma/Genel/Kutular/SiparisBilgileri/SiparisTarihiImage' is clicked on

2021-11-19 17:12:20 - [MESSAGE][INFO] - Finding Test Object 'Object Repository/Olusturma/Genel/Kutular/SiparisBilgileri/SiparisTarihiImage'

2021-11-19 17:12:20 - [MESSAGE][INFO] - Checking object

2021-11-19 17:12:20 - [MESSAGE][INFO] - Finding web element from Test Object's properties

2021-11-19 17:12:20 - [MESSAGE][INFO] - Checking timeout

2021-11-19 17:12:20 - [MESSAGE][INFO] - Finding web element with id: 'Object Repository/Olusturma/Genel/Kutular/SiparisBilgileri/SiparisTarihiImage' located by 'By.cssSelector: #dateSiparisTarih img' in '30' second(s)

2021-11-19 17:12:20 - [MESSAGE][INFO] - Smart Wait Function is triggered

2021-11-19 17:12:20 - [MESSAGE][INFO] - Found 1 web elements with id: 'Object Repository/Olusturma/Genel/Kutular/SiparisBilgileri/SiparisTarihiImage' located by 'By.cssSelector: #dateSiparisTarih img' in '30' second(s)

2021-11-19 17:12:20 - [MESSAGE][INFO] - Clicking on object: 'Object Repository/Olusturma/Genel/Kutular/SiparisBilgileri/SiparisTarihiImage'

2021-11-19 17:12:20 - [MESSAGE][PASSED] - Object: 'Object Repository/Olusturma/Genel/Kutular/SiparisBilgileri/SiparisTarihiImage' is clicked on

2021-11-19 17:12:20 - [TEST_STEP][PASSED] - waitForElementPresent(findTestObject("Object Repository/Olusturma/Genel/Kutular/SiparisBilgileri/SiparisTarihi"), 10): Object 'Object Repository/Olusturma/Genel/Kutular/SiparisBilgileri/SiparisTarihi' is present

2021-11-19 17:12:20 - [MESSAGE][INFO] - Finding Test Object 'Object Repository/Olusturma/Genel/Kutular/SiparisBilgileri/SiparisTarihi'

2021-11-19 17:12:21 - [MESSAGE][INFO] - Checking object

2021-11-19 17:12:21 - [MESSAGE][INFO] - Finding web element from Test Object's properties

2021-11-19 17:12:21 - [MESSAGE][INFO] - Checking timeout

2021-11-19 17:12:21 - [MESSAGE][INFO] - Finding web element with id: 'Object Repository/Olusturma/Genel/Kutular/SiparisBilgileri/SiparisTarihi' located by 'By.xpath: //*[@id = 'dateSiparisTarih_I']' in '10' second(s)

2021-11-19 17:12:21 - [MESSAGE][INFO] - Smart Wait Function is triggered

2021-11-19 17:12:21 - [MESSAGE][INFO] - Found 1 web elements with id: 'Object Repository/Olusturma/Genel/Kutular/SiparisBilgileri/SiparisTarihi' located by 'By.xpath: //*[@id = 'dateSiparisTarih_I']' in '10' second(s)

2021-11-19 17:12:21 - [MESSAGE][PASSED] - Object 'Object Repository/Olusturma/Genel/Kutular/SiparisBilgileri/SiparisTarihi' is present

2021-11-19 17:12:21 - [TEST_STEP][PASSED] - clearText(findTestObject("Object Repository/Olusturma/Genel/Kutular/SiparisBilgileri/SiparisTarihi")): Text of object 'Object Repository/Olusturma/Genel/Kutular/SiparisBilgileri/SiparisTarihi' is cleared

2021-11-19 17:12:21 - [MESSAGE][INFO] - Finding Test Object 'Object Repository/Olusturma/Genel/Kutular/SiparisBilgileri/SiparisTarihi'

2021-11-19 17:12:21 - [MESSAGE][INFO] - Checking object

2021-11-19 17:12:21 - [MESSAGE][INFO] - Finding web element from Test Object's properties

2021-11-19 17:12:21 - [MESSAGE][INFO] - Checking timeout

2021-11-19 17:12:21 - [MESSAGE][INFO] - Finding web element with id: 'Object Repository/Olusturma/Genel/Kutular/SiparisBilgileri/SiparisTarihi' located by 'By.xpath: //*[@id = 'dateSiparisTarih_I']' in '30' second(s)

2021-11-19 17:12:21 - [MESSAGE][INFO] - Smart Wait Function is triggered

2021-11-19 17:12:21 - [MESSAGE][INFO] - Found 1 web elements with id: 'Object Repository/Olusturma/Genel/Kutular/SiparisBilgileri/SiparisTarihi' located by 'By.xpath: //*[@id = 'dateSiparisTarih_I']' in '30' second(s)

2021-11-19 17:12:21 - [MESSAGE][INFO] - Clearing text of object 'Object Repository/Olusturma/Genel/Kutular/SiparisBilgileri/SiparisTarihi'

2021-11-19 17:12:21 - [MESSAGE][PASSED] - Text of object 'Object Repository/Olusturma/Genel/Kutular/SiparisBilgileri/SiparisTarihi' is cleared

2021-11-19 17:12:21 - [TEST_STEP][PASSED] - sendKeys(findTestObject("Object Repository/Olusturma/Genel/Kutular/SiparisBilgileri/SiparisTarihi"), Tarih): Keys '31.04.2020' sent to object: 'Object Repository/Olusturma/Genel/Kutular/SiparisBilgileri/SiparisTarihi'

2021-11-19 17:12:21 - [MESSAGE][INFO] - Finding Test Object 'Object Repository/Olusturma/Genel/Kutular/SiparisBilgileri/SiparisTarihi'

2021-11-19 17:12:21 - [MESSAGE][INFO] - Sending keys '31.04.2020' to object: 'Object Repository/Olusturma/Genel/Kutular/SiparisBilgileri/SiparisTarihi'

2021-11-19 17:12:21 - [MESSAGE][INFO] - Finding web element from Test Object's properties

2021-11-19 17:12:21 - [MESSAGE][INFO] - Checking timeout

2021-11-19 17:12:21 - [MESSAGE][INFO] - Finding web element with id: 'Object Repository/Olusturma/Genel/Kutular/SiparisBilgileri/SiparisTarihi' located by 'By.xpath: //*[@id = 'dateSiparisTarih_I']' in '30' second(s)

2021-11-19 17:12:21 - [MESSAGE][INFO] - Smart Wait Function is triggered

2021-11-19 17:12:22 - [MESSAGE][INFO] - Found 1 web elements with id: 'Object Repository/Olusturma/Genel/Kutular/SiparisBilgileri/SiparisTarihi' located by 'By.xpath: //*[@id = 'dateSiparisTarih_I']' in '30' second(s)

2021-11-19 17:12:22 - [MESSAGE][PASSED] - Keys '31.04.2020' sent to object: 'Object Repository/Olusturma/Genel/Kutular/SiparisBilgileri/SiparisTarihi'

2021-11-19 17:12:22 - [MESSAGE][PASSED] - Call Test Case 'Test Cases/Olusturma/Genel/Kutular/SiparisBilgileriGirilir' successfully

2021-11-19 17:12:22 - [MESSAGE][INFO] - Checking called Test Case

2021-11-19 17:12:22 - [MESSAGE][INFO] - Starting to call Test Case 'Test Cases/Olusturma/Genel/Kutular/IrsaliyeBilgileri'

2021-11-19 17:12:22 - [TEST_CASE][PASSED] - Test Cases/Olusturma/Genel/Kutular/IrsaliyeBilgileri: Test Cases/Olusturma/Genel/Kutular/IrsaliyeBilgileri

2021-11-19 17:12:22 - [TEST_STEP][PASSED] - Method.TextDegerineEsitElementeTikla(findTestObject("Olusturma/Genel/Kutular/KapaliKutular"), "İrsaliye Bilgileri"): Method.TextDegerineEsitElementeTikla is PASSED

2021-11-19 17:12:22 - [MESSAGE][INFO] - Finding Test Object 'Object Repository/Olusturma/Genel/Kutular/KapaliKutular'

2021-11-19 17:12:22 - [MESSAGE][INFO] - Checking timeout

2021-11-19 17:12:22 - [MESSAGE][INFO] - Finding web element with id: 'Object Repository/Olusturma/Genel/Kutular/KapaliKutular' located by 'By.cssSelector: .dxnb-headerCollapsed>span' in '10' second(s)

2021-11-19 17:12:22 - [MESSAGE][INFO] - Smart Wait Function is triggered

2021-11-19 17:12:22 - [MESSAGE][INFO] - Found 8 web elements with id: 'Object Repository/Olusturma/Genel/Kutular/KapaliKutular' located by 'By.cssSelector: .dxnb-headerCollapsed>span' in '10' second(s)

2021-11-19 17:12:22 - [MESSAGE][PASSED] - Method.TextDegerineEsitElementeTikla is PASSED

2021-11-19 17:12:22 - [TEST_STEP][PASSED] - waitForElementClickable(findTestObject("Olusturma/Genel/Kutular/IrsaliyeBilgileri/Ekle"), 10): Object 'Object Repository/Olusturma/Genel/Kutular/IrsaliyeBilgileri/Ekle' is clickable

2021-11-19 17:12:22 - [MESSAGE][INFO] - Finding Test Object 'Object Repository/Olusturma/Genel/Kutular/IrsaliyeBilgileri/Ekle'

2021-11-19 17:12:22 - [MESSAGE][INFO] - Checking object

2021-11-19 17:12:22 - [MESSAGE][INFO] - Checking timeout

2021-11-19 17:12:22 - [MESSAGE][INFO] - Finding web element from Test Object's properties

2021-11-19 17:12:22 - [MESSAGE][INFO] - Checking timeout

2021-11-19 17:12:22 - [MESSAGE][INFO] - Finding web element with id: 'Object Repository/Olusturma/Genel/Kutular/IrsaliyeBilgileri/Ekle' located by 'By.xpath: //*[@id = 'DXEditorgvUserInvoiceBillsNewRowBtn']' in '10' second(s)

2021-11-19 17:12:22 - [MESSAGE][INFO] - Smart Wait Function is triggered

2021-11-19 17:12:23 - [MESSAGE][INFO] - Found 1 web elements with id: 'Object Repository/Olusturma/Genel/Kutular/IrsaliyeBilgileri/Ekle' located by 'By.xpath: //*[@id = 'DXEditorgvUserInvoiceBillsNewRowBtn']' in '10' second(s)

2021-11-19 17:12:23 - [MESSAGE][PASSED] - Object 'Object Repository/Olusturma/Genel/Kutular/IrsaliyeBilgileri/Ekle' is clickable

2021-11-19 17:12:23 - [TEST_STEP][PASSED] - click(findTestObject("Olusturma/Genel/Kutular/IrsaliyeBilgileri/Ekle")): Object: 'Object Repository/Olusturma/Genel/Kutular/IrsaliyeBilgileri/Ekle' is clicked on

2021-11-19 17:12:23 - [MESSAGE][INFO] - Finding Test Object 'Object Repository/Olusturma/Genel/Kutular/IrsaliyeBilgileri/Ekle'

2021-11-19 17:12:23 - [MESSAGE][INFO] - Checking object

2021-11-19 17:12:23 - [MESSAGE][INFO] - Finding web element from Test Object's properties

2021-11-19 17:12:23 - [MESSAGE][INFO] - Checking timeout

2021-11-19 17:12:23 - [MESSAGE][INFO] - Finding web element with id: 'Object Repository/Olusturma/Genel/Kutular/IrsaliyeBilgileri/Ekle' located by 'By.xpath: //*[@id = 'DXEditorgvUserInvoiceBillsNewRowBtn']' in '30' second(s)

2021-11-19 17:12:23 - [MESSAGE][INFO] - Smart Wait Function is triggered

2021-11-19 17:12:23 - [MESSAGE][INFO] - Found 1 web elements with id: 'Object Repository/Olusturma/Genel/Kutular/IrsaliyeBilgileri/Ekle' located by 'By.xpath: //*[@id = 'DXEditorgvUserInvoiceBillsNewRowBtn']' in '30' second(s)

2021-11-19 17:12:23 - [MESSAGE][INFO] - Clicking on object: 'Object Repository/Olusturma/Genel/Kutular/IrsaliyeBilgileri/Ekle'

2021-11-19 17:12:23 - [MESSAGE][PASSED] - Object: 'Object Repository/Olusturma/Genel/Kutular/IrsaliyeBilgileri/Ekle' is clicked on

2021-11-19 17:12:23 - [TEST_STEP][PASSED] - waitForElementPresent(findTestObject("Object Repository/Olusturma/Genel/Kutular/IrsaliyeBilgileri/IrsaliyeNumarasi"), 10): Object 'Object Repository/Olusturma/Genel/Kutular/IrsaliyeBilgileri/IrsaliyeNumarasi' is present

2021-11-19 17:12:23 - [MESSAGE][INFO] - Finding Test Object 'Object Repository/Olusturma/Genel/Kutular/IrsaliyeBilgileri/IrsaliyeNumarasi'

2021-11-19 17:12:23 - [MESSAGE][INFO] - Checking object

2021-11-19 17:12:23 - [MESSAGE][INFO] - Finding web element from Test Object's properties

2021-11-19 17:12:23 - [MESSAGE][INFO] - Checking timeout

2021-11-19 17:12:23 - [MESSAGE][INFO] - Finding web element with id: 'Object Repository/Olusturma/Genel/Kutular/IrsaliyeBilgileri/IrsaliyeNumarasi' located by 'By.xpath: //*[@id = 'gvUserInvoiceBills_DXEditor1_I']' in '10' second(s)

2021-11-19 17:12:23 - [MESSAGE][INFO] - Smart Wait Function is triggered

2021-11-19 17:12:24 - [MESSAGE][INFO] - Smart Wait Function is triggered

2021-11-19 17:12:25 - [MESSAGE][INFO] - Found 1 web elements with id: 'Object Repository/Olusturma/Genel/Kutular/IrsaliyeBilgileri/IrsaliyeNumarasi' located by 'By.xpath: //*[@id = 'gvUserInvoiceBills_DXEditor1_I']' in '10' second(s)

2021-11-19 17:12:25 - [MESSAGE][PASSED] - Object 'Object Repository/Olusturma/Genel/Kutular/IrsaliyeBilgileri/IrsaliyeNumarasi' is present

2021-11-19 17:12:25 - [TEST_STEP][PASSED] - clearText(findTestObject("Object Repository/Olusturma/Genel/Kutular/IrsaliyeBilgileri/IrsaliyeNumarasi")): Text of object 'Object Repository/Olusturma/Genel/Kutular/IrsaliyeBilgileri/IrsaliyeNumarasi' is cleared

2021-11-19 17:12:25 - [MESSAGE][INFO] - Finding Test Object 'Object Repository/Olusturma/Genel/Kutular/IrsaliyeBilgileri/IrsaliyeNumarasi'

2021-11-19 17:12:25 - [MESSAGE][INFO] - Checking object

2021-11-19 17:12:25 - [MESSAGE][INFO] - Finding web element from Test Object's properties

2021-11-19 17:12:25 - [MESSAGE][INFO] - Checking timeout

2021-11-19 17:12:25 - [MESSAGE][INFO] - Finding web element with id: 'Object Repository/Olusturma/Genel/Kutular/IrsaliyeBilgileri/IrsaliyeNumarasi' located by 'By.xpath: //*[@id = 'gvUserInvoiceBills_DXEditor1_I']' in '30' second(s)

2021-11-19 17:12:25 - [MESSAGE][INFO] - Smart Wait Function is triggered

2021-11-19 17:12:25 - [MESSAGE][INFO] - Found 1 web elements with id: 'Object Repository/Olusturma/Genel/Kutular/IrsaliyeBilgileri/IrsaliyeNumarasi' located by 'By.xpath: //*[@id = 'gvUserInvoiceBills_DXEditor1_I']' in '30' second(s)

2021-11-19 17:12:25 - [MESSAGE][INFO] - Clearing text of object 'Object Repository/Olusturma/Genel/Kutular/IrsaliyeBilgileri/IrsaliyeNumarasi'

2021-11-19 17:12:25 - [MESSAGE][PASSED] - Text of object 'Object Repository/Olusturma/Genel/Kutular/IrsaliyeBilgileri/IrsaliyeNumarasi' is cleared

2021-11-19 17:12:25 - [TEST_STEP][PASSED] - sendKeys(findTestObject("Object Repository/Olusturma/Genel/Kutular/IrsaliyeBilgileri/IrsaliyeNumarasi"), Numara): Keys 'AAAAAAAAAA' sent to object: 'Object Repository/Olusturma/Genel/Kutular/IrsaliyeBilgileri/IrsaliyeNumarasi'

2021-11-19 17:12:25 - [MESSAGE][INFO] - Finding Test Object 'Object Repository/Olusturma/Genel/Kutular/IrsaliyeBilgileri/IrsaliyeNumarasi'

2021-11-19 17:12:25 - [MESSAGE][INFO] - Sending keys 'AAAAAAAAAA' to object: 'Object Repository/Olusturma/Genel/Kutular/IrsaliyeBilgileri/IrsaliyeNumarasi'

2021-11-19 17:12:25 - [MESSAGE][INFO] - Finding web element from Test Object's properties

2021-11-19 17:12:25 - [MESSAGE][INFO] - Checking timeout

2021-11-19 17:12:25 - [MESSAGE][INFO] - Finding web element with id: 'Object Repository/Olusturma/Genel/Kutular/IrsaliyeBilgileri/IrsaliyeNumarasi' located by 'By.xpath: //*[@id = 'gvUserInvoiceBills_DXEditor1_I']' in '30' second(s)

2021-11-19 17:12:25 - [MESSAGE][INFO] - Smart Wait Function is triggered

2021-11-19 17:12:25 - [MESSAGE][INFO] - Found 1 web elements with id: 'Object Repository/Olusturma/Genel/Kutular/IrsaliyeBilgileri/IrsaliyeNumarasi' located by 'By.xpath: //*[@id = 'gvUserInvoiceBills_DXEditor1_I']' in '30' second(s)

2021-11-19 17:12:25 - [MESSAGE][PASSED] - Keys 'AAAAAAAAAA' sent to object: 'Object Repository/Olusturma/Genel/Kutular/IrsaliyeBilgileri/IrsaliyeNumarasi'

2021-11-19 17:12:25 - [TEST_STEP][PASSED] - waitForElementClickable(findTestObject("Object Repository/Olusturma/Genel/Kutular/IrsaliyeBilgileri/IrsaliyeTarihi"), 10): Object 'Object Repository/Olusturma/Genel/Kutular/IrsaliyeBilgileri/IrsaliyeTarihi' is clickable

2021-11-19 17:12:25 - [MESSAGE][INFO] - Finding Test Object 'Object Repository/Olusturma/Genel/Kutular/IrsaliyeBilgileri/IrsaliyeTarihi'

2021-11-19 17:12:25 - [MESSAGE][INFO] - Checking object

2021-11-19 17:12:25 - [MESSAGE][INFO] - Checking timeout

2021-11-19 17:12:25 - [MESSAGE][INFO] - Finding web element from Test Object's properties

2021-11-19 17:12:25 - [MESSAGE][INFO] - Checking timeout

2021-11-19 17:12:25 - [MESSAGE][INFO] - Finding web element with id: 'Object Repository/Olusturma/Genel/Kutular/IrsaliyeBilgileri/IrsaliyeTarihi' located by 'By.xpath: //*[@id = 'gvUserInvoiceBills_DXEditor2_I']' in '10' second(s)

2021-11-19 17:12:25 - [MESSAGE][INFO] - Smart Wait Function is triggered

2021-11-19 17:12:26 - [MESSAGE][INFO] - Found 1 web elements with id: 'Object Repository/Olusturma/Genel/Kutular/IrsaliyeBilgileri/IrsaliyeTarihi' located by 'By.xpath: //*[@id = 'gvUserInvoiceBills_DXEditor2_I']' in '10' second(s)

2021-11-19 17:12:26 - [MESSAGE][PASSED] - Object 'Object Repository/Olusturma/Genel/Kutular/IrsaliyeBilgileri/IrsaliyeTarihi' is clickable

2021-11-19 17:12:26 - [TEST_STEP][PASSED] - click(findTestObject("Object Repository/Olusturma/Genel/Kutular/IrsaliyeBilgileri/IrsaliyeTarihi")): Object: 'Object Repository/Olusturma/Genel/Kutular/IrsaliyeBilgileri/IrsaliyeTarihi' is clicked on

2021-11-19 17:12:26 - [MESSAGE][INFO] - Finding Test Object 'Object Repository/Olusturma/Genel/Kutular/IrsaliyeBilgileri/IrsaliyeTarihi'

2021-11-19 17:12:26 - [MESSAGE][INFO] - Checking object

2021-11-19 17:12:26 - [MESSAGE][INFO] - Finding web element from Test Object's properties

2021-11-19 17:12:26 - [MESSAGE][INFO] - Checking timeout

2021-11-19 17:12:26 - [MESSAGE][INFO] - Finding web element with id: 'Object Repository/Olusturma/Genel/Kutular/IrsaliyeBilgileri/IrsaliyeTarihi' located by 'By.xpath: //*[@id = 'gvUserInvoiceBills_DXEditor2_I']' in '30' second(s)

2021-11-19 17:12:26 - [MESSAGE][INFO] - Smart Wait Function is triggered

2021-11-19 17:12:26 - [MESSAGE][INFO] - Found 1 web elements with id: 'Object Repository/Olusturma/Genel/Kutular/IrsaliyeBilgileri/IrsaliyeTarihi' located by 'By.xpath: //*[@id = 'gvUserInvoiceBills_DXEditor2_I']' in '30' second(s)

2021-11-19 17:12:26 - [MESSAGE][INFO] - Clicking on object: 'Object Repository/Olusturma/Genel/Kutular/IrsaliyeBilgileri/IrsaliyeTarihi'

2021-11-19 17:12:26 - [MESSAGE][PASSED] - Object: 'Object Repository/Olusturma/Genel/Kutular/IrsaliyeBilgileri/IrsaliyeTarihi' is clicked on

2021-11-19 17:12:26 - [TEST_STEP][PASSED] - sendKeys(findTestObject("Object Repository/Olusturma/Genel/Kutular/IrsaliyeBilgileri/IrsaliyeTarihi"), Tarih): Keys '31.04.2020' sent to object: 'Object Repository/Olusturma/Genel/Kutular/IrsaliyeBilgileri/IrsaliyeTarihi'

2021-11-19 17:12:26 - [MESSAGE][INFO] - Finding Test Object 'Object Repository/Olusturma/Genel/Kutular/IrsaliyeBilgileri/IrsaliyeTarihi'

2021-11-19 17:12:26 - [MESSAGE][INFO] - Sending keys '31.04.2020' to object: 'Object Repository/Olusturma/Genel/Kutular/IrsaliyeBilgileri/IrsaliyeTarihi'

2021-11-19 17:12:26 - [MESSAGE][INFO] - Finding web element from Test Object's properties

2021-11-19 17:12:26 - [MESSAGE][INFO] - Checking timeout

2021-11-19 17:12:26 - [MESSAGE][INFO] - Finding web element with id: 'Object Repository/Olusturma/Genel/Kutular/IrsaliyeBilgileri/IrsaliyeTarihi' located by 'By.xpath: //*[@id = 'gvUserInvoiceBills_DXEditor2_I']' in '30' second(s)

2021-11-19 17:12:26 - [MESSAGE][INFO] - Smart Wait Function is triggered

2021-11-19 17:12:27 - [MESSAGE][INFO] - Found 1 web elements with id: 'Object Repository/Olusturma/Genel/Kutular/IrsaliyeBilgileri/IrsaliyeTarihi' located by 'By.xpath: //*[@id = 'gvUserInvoiceBills_DXEditor2_I']' in '30' second(s)

2021-11-19 17:12:27 - [MESSAGE][PASSED] - Keys '31.04.2020' sent to object: 'Object Repository/Olusturma/Genel/Kutular/IrsaliyeBilgileri/IrsaliyeTarihi'

2021-11-19 17:12:27 - [MESSAGE][PASSED] - Call Test Case 'Test Cases/Olusturma/Genel/Kutular/IrsaliyeBilgileri' successfully

2021-11-19 17:12:27 - [MESSAGE][INFO] - Checking called Test Case

2021-11-19 17:12:27 - [MESSAGE][INFO] - Starting to call Test Case 'Test Cases/Olusturma/Genel/EkleButonunaBasilir'

2021-11-19 17:12:27 - [TEST_CASE][PASSED] - Test Cases/Olusturma/Genel/EkleButonunaBasilir: Test Cases/Olusturma/Genel/EkleButonunaBasilir

2021-11-19 17:12:27 - [TEST_STEP][PASSED] - waitForElementClickable(findTestObject("Object Repository/Olusturma/Genel/Olusturma/Ekle"), 10): Object 'Object Repository/Olusturma/Genel/Olusturma/Ekle' is clickable

2021-11-19 17:12:27 - [MESSAGE][INFO] - Finding Test Object 'Object Repository/Olusturma/Genel/Olusturma/Ekle'

2021-11-19 17:12:27 - [MESSAGE][INFO] - Checking object

2021-11-19 17:12:27 - [MESSAGE][INFO] - Checking timeout

2021-11-19 17:12:27 - [MESSAGE][INFO] - Finding web element from Test Object's properties

2021-11-19 17:12:27 - [MESSAGE][INFO] - Checking timeout

2021-11-19 17:12:27 - [MESSAGE][INFO] - Finding web element with id: 'Object Repository/Olusturma/Genel/Olusturma/Ekle' located by 'By.cssSelector: #divmalhizmet i.fa.fa-plus.fa-lg.text-muted' in '10' second(s)

2021-11-19 17:12:27 - [MESSAGE][INFO] - Smart Wait Function is triggered

2021-11-19 17:12:27 - [MESSAGE][INFO] - Found 1 web elements with id: 'Object Repository/Olusturma/Genel/Olusturma/Ekle' located by 'By.cssSelector: #divmalhizmet i.fa.fa-plus.fa-lg.text-muted' in '10' second(s)

2021-11-19 17:12:27 - [MESSAGE][PASSED] - Object 'Object Repository/Olusturma/Genel/Olusturma/Ekle' is clickable

2021-11-19 17:12:27 - [TEST_STEP][PASSED] - click(findTestObject("Object Repository/Olusturma/Genel/Olusturma/Ekle")): Object: 'Object Repository/Olusturma/Genel/Olusturma/Ekle' is clicked on

2021-11-19 17:12:27 - [MESSAGE][INFO] - Finding Test Object 'Object Repository/Olusturma/Genel/Olusturma/Ekle'

2021-11-19 17:12:27 - [MESSAGE][INFO] - Checking object

2021-11-19 17:12:27 - [MESSAGE][INFO] - Finding web element from Test Object's properties

2021-11-19 17:12:27 - [MESSAGE][INFO] - Checking timeout

2021-11-19 17:12:27 - [MESSAGE][INFO] - Finding web element with id: 'Object Repository/Olusturma/Genel/Olusturma/Ekle' located by 'By.cssSelector: #divmalhizmet i.fa.fa-plus.fa-lg.text-muted' in '30' second(s)

2021-11-19 17:12:27 - [MESSAGE][INFO] - Smart Wait Function is triggered

2021-11-19 17:12:28 - [MESSAGE][INFO] - Found 1 web elements with id: 'Object Repository/Olusturma/Genel/Olusturma/Ekle' located by 'By.cssSelector: #divmalhizmet i.fa.fa-plus.fa-lg.text-muted' in '30' second(s)

2021-11-19 17:12:28 - [MESSAGE][INFO] - Clicking on object: 'Object Repository/Olusturma/Genel/Olusturma/Ekle'

2021-11-19 17:12:28 - [MESSAGE][PASSED] - Object: 'Object Repository/Olusturma/Genel/Olusturma/Ekle' is clicked on

2021-11-19 17:12:28 - [TEST_STEP][PASSED] - waitForElementClickable(findTestObject("Olusturma/Genel/Olusturma/EklenenSatirCarpiImage"), 10): Object 'Object Repository/Olusturma/Genel/Olusturma/EklenenSatirCarpiImage' is clickable

2021-11-19 17:12:28 - [MESSAGE][INFO] - Finding Test Object 'Object Repository/Olusturma/Genel/Olusturma/EklenenSatirCarpiImage'

2021-11-19 17:12:28 - [MESSAGE][INFO] - Checking object

2021-11-19 17:12:28 - [MESSAGE][INFO] - Checking timeout

2021-11-19 17:12:28 - [MESSAGE][INFO] - Finding web element from Test Object's properties

2021-11-19 17:12:28 - [MESSAGE][INFO] - Checking timeout

2021-11-19 17:12:28 - [MESSAGE][INFO] - Finding web element with id: 'Object Repository/Olusturma/Genel/Olusturma/EklenenSatirCarpiImage' located by 'By.cssSelector: .fa.fa-times.fa-lg.text-primary' in '10' second(s)

2021-11-19 17:12:28 - [MESSAGE][INFO] - Smart Wait Function is triggered

2021-11-19 17:12:28 - [MESSAGE][INFO] - Found 1 web elements with id: 'Object Repository/Olusturma/Genel/Olusturma/EklenenSatirCarpiImage' located by 'By.cssSelector: .fa.fa-times.fa-lg.text-primary' in '10' second(s)

2021-11-19 17:12:28 - [MESSAGE][PASSED] - Object 'Object Repository/Olusturma/Genel/Olusturma/EklenenSatirCarpiImage' is clickable

2021-11-19 17:12:28 - [MESSAGE][PASSED] - Call Test Case 'Test Cases/Olusturma/Genel/EkleButonunaBasilir' successfully

2021-11-19 17:12:28 - [MESSAGE][INFO] - Checking called Test Case

2021-11-19 17:12:28 - [MESSAGE][INFO] - Starting to call Test Case 'Test Cases/Olusturma/Genel/Olusturma'

2021-11-19 17:12:28 - [TEST_CASE][PASSED] - Test Cases/Olusturma/Genel/Olusturma: Test Cases/Olusturma/Genel/Olusturma

2021-11-19 17:12:28 - [TEST_STEP][PASSED] - driver = getWebDriver(): null

2021-11-19 17:12:28 - [TEST_STEP][PASSED] - action = new org.openqa.selenium.interactions.Actions(driver): null

2021-11-19 17:12:28 - [TEST_STEP][PASSED] - baslikElement = <not implemented yet for class: org.codehaus.groovy.ast.expr.EmptyExpression>: null

2021-11-19 17:12:28 - [TEST_STEP][PASSED] - sonElement = <not implemented yet for class: org.codehaus.groovy.ast.expr.EmptyExpression>: null

2021-11-19 17:12:28 - [TEST_STEP][PASSED] - attr = <not implemented yet for class: org.codehaus.groovy.ast.expr.EmptyExpression>: null

2021-11-19 17:12:28 - [TEST_STEP][PASSED] - a = 0: null

2021-11-19 17:12:28 - [TEST_STEP][PASSED] - elements = findWebElements(findTestObject("Object Repository/Olusturma/Genel/Olusturma/TabloBasliklari"), 10): Found 13 web elements with id: 'Object Repository/Olusturma/Genel/Olusturma/TabloBasliklari' located by 'By.cssSelector: div#divmalhizmet .dxgvTable_LECustomTheme td.dxgvHeader_LECustomTheme tr>td:nth-child(1)' in '10' second(s)

2021-11-19 17:12:28 - [MESSAGE][INFO] - Finding Test Object 'Object Repository/Olusturma/Genel/Olusturma/TabloBasliklari'

2021-11-19 17:12:28 - [MESSAGE][INFO] - Checking timeout

2021-11-19 17:12:28 - [MESSAGE][INFO] - Finding web element with id: 'Object Repository/Olusturma/Genel/Olusturma/TabloBasliklari' located by 'By.cssSelector: div#divmalhizmet .dxgvTable_LECustomTheme td.dxgvHeader_LECustomTheme tr>td:nth-child(1)' in '10' second(s)

2021-11-19 17:12:28 - [MESSAGE][INFO] - Smart Wait Function is triggered

2021-11-19 17:12:29 - [MESSAGE][INFO] - Found 13 web elements with id: 'Object Repository/Olusturma/Genel/Olusturma/TabloBasliklari' located by 'By.cssSelector: div#divmalhizmet .dxgvTable_LECustomTheme td.dxgvHeader_LECustomTheme tr>td:nth-child(1)' in '10' second(s)

2021-11-19 17:12:29 - [TEST_STEP][PASSED] - for (def element : elements): null

2021-11-19 17:12:29 - [TEST_STEP][PASSED] - build().perform(): null

2021-11-19 17:12:30 - [TEST_STEP][PASSED] - if (getText().equals(Baslik)): null

2021-11-19 17:12:30 - [TEST_STEP][PASSED] - baslikElement = element.findElement(By.xpath("../../../..")): Smart Wait Function is triggered

2021-11-19 17:12:30 - [MESSAGE][INFO] - Smart Wait Function is triggered

2021-11-19 17:12:30 - [TEST_STEP][PASSED] - attr = baslikElement.getAttribute("id"): null

2021-11-19 17:12:30 - [TEST_STEP][PASSED] - println("girdi ve idsini aldı = " + attr): null

2021-11-19 17:12:30 - [TEST_STEP][PASSED] - break: null

2021-11-19 17:12:30 - [TEST_STEP][PASSED] - countElement = baslikElement.findElements(By.xpath("../td")): Smart Wait Function is triggered

2021-11-19 17:12:30 - [MESSAGE][INFO] - Smart Wait Function is triggered

2021-11-19 17:12:30 - [TEST_STEP][PASSED] - for (def element : countElement): null

2021-11-19 17:12:30 - [TEST_STEP][PASSED] - if (toString().equals(attr.toString())): null

2021-11-19 17:12:30 - [TEST_STEP][PASSED] - (a++): null

2021-11-19 17:12:30 - [TEST_STEP][PASSED] - if (toString().equals(attr.toString())): null

2021-11-19 17:12:30 - [TEST_STEP][PASSED] - break: null

2021-11-19 17:12:30 - [TEST_STEP][PASSED] - son = findWebElement(findTestObject("Object Repository/Olusturma/Genel/Olusturma/EklenenSatir")).findElement(By.xpath("td[@class='dxgvInlineEditCell_LECustomTheme dxgv'][" + a + "]//td[@class='dxic']/input")): Smart Wait Function is triggered

2021-11-19 17:12:30 - [MESSAGE][INFO] - Finding Test Object 'Object Repository/Olusturma/Genel/Olusturma/EklenenSatir'

2021-11-19 17:12:30 - [MESSAGE][INFO] - Finding web element from Test Object's properties

2021-11-19 17:12:30 - [MESSAGE][INFO] - Checking timeout

2021-11-19 17:12:30 - [MESSAGE][INFO] - Finding web element with id: 'Object Repository/Olusturma/Genel/Olusturma/EklenenSatir' located by 'By.cssSelector: #divmalhizmet .dxgvInlineEditRow_LECustomTheme' in '30' second(s)

2021-11-19 17:12:30 - [MESSAGE][INFO] - Smart Wait Function is triggered

2021-11-19 17:12:31 - [MESSAGE][INFO] - Found 1 web elements with id: 'Object Repository/Olusturma/Genel/Olusturma/EklenenSatir' located by 'By.cssSelector: #divmalhizmet .dxgvInlineEditRow_LECustomTheme' in '30' second(s)

2021-11-19 17:12:31 - [MESSAGE][INFO] - Smart Wait Function is triggered

2021-11-19 17:12:31 - [TEST_STEP][PASSED] - if (!(getAttribute("value").contains("Vkn"))): null

2021-11-19 17:12:31 - [TEST_STEP][PASSED] - son.clear(): null

2021-11-19 17:12:31 - [TEST_STEP][PASSED] - son.sendKeys(Deger): null

2021-11-19 17:12:31 - [MESSAGE][PASSED] - Call Test Case 'Test Cases/Olusturma/Genel/Olusturma' successfully

2021-11-19 17:12:31 - [MESSAGE][INFO] - Checking called Test Case

2021-11-19 17:12:31 - [MESSAGE][INFO] - Starting to call Test Case 'Test Cases/Olusturma/Genel/Olusturma'

2021-11-19 17:12:31 - [TEST_CASE][PASSED] - Test Cases/Olusturma/Genel/Olusturma: Test Cases/Olusturma/Genel/Olusturma

2021-11-19 17:12:31 - [TEST_STEP][PASSED] - driver = getWebDriver(): null

2021-11-19 17:12:31 - [TEST_STEP][PASSED] - action = new org.openqa.selenium.interactions.Actions(driver): null

2021-11-19 17:12:31 - [TEST_STEP][PASSED] - baslikElement = <not implemented yet for class: org.codehaus.groovy.ast.expr.EmptyExpression>: null

2021-11-19 17:12:31 - [TEST_STEP][PASSED] - sonElement = <not implemented yet for class: org.codehaus.groovy.ast.expr.EmptyExpression>: null

2021-11-19 17:12:31 - [TEST_STEP][PASSED] - attr = <not implemented yet for class: org.codehaus.groovy.ast.expr.EmptyExpression>: null

2021-11-19 17:12:31 - [TEST_STEP][PASSED] - a = 0: null

2021-11-19 17:12:31 - [TEST_STEP][PASSED] - elements = findWebElements(findTestObject("Object Repository/Olusturma/Genel/Olusturma/TabloBasliklari"), 10): Found 13 web elements with id: 'Object Repository/Olusturma/Genel/Olusturma/TabloBasliklari' located by 'By.cssSelector: div#divmalhizmet .dxgvTable_LECustomTheme td.dxgvHeader_LECustomTheme tr>td:nth-child(1)' in '10' second(s)

2021-11-19 17:12:31 - [MESSAGE][INFO] - Finding Test Object 'Object Repository/Olusturma/Genel/Olusturma/TabloBasliklari'

2021-11-19 17:12:31 - [MESSAGE][INFO] - Checking timeout

2021-11-19 17:12:31 - [MESSAGE][INFO] - Finding web element with id: 'Object Repository/Olusturma/Genel/Olusturma/TabloBasliklari' located by 'By.cssSelector: div#divmalhizmet .dxgvTable_LECustomTheme td.dxgvHeader_LECustomTheme tr>td:nth-child(1)' in '10' second(s)

2021-11-19 17:12:31 - [MESSAGE][INFO] - Smart Wait Function is triggered

2021-11-19 17:12:32 - [MESSAGE][INFO] - Found 13 web elements with id: 'Object Repository/Olusturma/Genel/Olusturma/TabloBasliklari' located by 'By.cssSelector: div#divmalhizmet .dxgvTable_LECustomTheme td.dxgvHeader_LECustomTheme tr>td:nth-child(1)' in '10' second(s)

2021-11-19 17:12:32 - [TEST_STEP][PASSED] - for (def element : elements): null

2021-11-19 17:12:32 - [TEST_STEP][PASSED] - build().perform(): null

2021-11-19 17:12:32 - [TEST_STEP][PASSED] - if (getText().equals(Baslik)): null

2021-11-19 17:12:32 - [TEST_STEP][PASSED] - build().perform(): null

2021-11-19 17:12:32 - [TEST_STEP][PASSED] - if (getText().equals(Baslik)): null

2021-11-19 17:12:32 - [TEST_STEP][PASSED] - baslikElement = element.findElement(By.xpath("../../../..")): Smart Wait Function is triggered

2021-11-19 17:12:32 - [MESSAGE][INFO] - Smart Wait Function is triggered

2021-11-19 17:12:32 - [TEST_STEP][PASSED] - attr = baslikElement.getAttribute("id"): null

2021-11-19 17:12:32 - [TEST_STEP][PASSED] - println("girdi ve idsini aldı = " + attr): null

2021-11-19 17:12:32 - [TEST_STEP][PASSED] - break: null

2021-11-19 17:12:32 - [TEST_STEP][PASSED] - countElement = baslikElement.findElements(By.xpath("../td")): Smart Wait Function is triggered

2021-11-19 17:12:32 - [MESSAGE][INFO] - Smart Wait Function is triggered

2021-11-19 17:12:33 - [TEST_STEP][PASSED] - for (def element : countElement): null

2021-11-19 17:12:33 - [TEST_STEP][PASSED] - if (toString().equals(attr.toString())): null

2021-11-19 17:12:33 - [TEST_STEP][PASSED] - (a++): null

2021-11-19 17:12:33 - [TEST_STEP][PASSED] - if (toString().equals(attr.toString())): null

2021-11-19 17:12:33 - [TEST_STEP][PASSED] - (a++): null

2021-11-19 17:12:33 - [TEST_STEP][PASSED] - if (toString().equals(attr.toString())): null

2021-11-19 17:12:33 - [TEST_STEP][PASSED] - break: null

2021-11-19 17:12:33 - [TEST_STEP][PASSED] - son = findWebElement(findTestObject("Object Repository/Olusturma/Genel/Olusturma/EklenenSatir")).findElement(By.xpath("td[@class='dxgvInlineEditCell_LECustomTheme dxgv'][" + a + "]//td[@class='dxic']/input")): Smart Wait Function is triggered

2021-11-19 17:12:33 - [MESSAGE][INFO] - Finding Test Object 'Object Repository/Olusturma/Genel/Olusturma/EklenenSatir'

2021-11-19 17:12:33 - [MESSAGE][INFO] - Finding web element from Test Object's properties

2021-11-19 17:12:33 - [MESSAGE][INFO] - Checking timeout

2021-11-19 17:12:33 - [MESSAGE][INFO] - Finding web element with id: 'Object Repository/Olusturma/Genel/Olusturma/EklenenSatir' located by 'By.cssSelector: #divmalhizmet .dxgvInlineEditRow_LECustomTheme' in '30' second(s)

2021-11-19 17:12:33 - [MESSAGE][INFO] - Smart Wait Function is triggered

2021-11-19 17:12:33 - [MESSAGE][INFO] - Found 1 web elements with id: 'Object Repository/Olusturma/Genel/Olusturma/EklenenSatir' located by 'By.cssSelector: #divmalhizmet .dxgvInlineEditRow_LECustomTheme' in '30' second(s)

2021-11-19 17:12:33 - [MESSAGE][INFO] - Smart Wait Function is triggered

2021-11-19 17:12:33 - [TEST_STEP][PASSED] - if (!(getAttribute("value").contains("Vkn"))): null

2021-11-19 17:12:33 - [TEST_STEP][PASSED] - son.clear(): null

2021-11-19 17:12:33 - [TEST_STEP][PASSED] - son.sendKeys(Deger): null

2021-11-19 17:12:34 - [MESSAGE][PASSED] - Call Test Case 'Test Cases/Olusturma/Genel/Olusturma' successfully

2021-11-19 17:12:34 - [MESSAGE][INFO] - Checking called Test Case

2021-11-19 17:12:34 - [MESSAGE][INFO] - Starting to call Test Case 'Test Cases/Olusturma/Genel/Olusturma'

2021-11-19 17:12:34 - [TEST_CASE][PASSED] - Test Cases/Olusturma/Genel/Olusturma: Test Cases/Olusturma/Genel/Olusturma

2021-11-19 17:12:34 - [TEST_STEP][PASSED] - driver = getWebDriver(): null

2021-11-19 17:12:34 - [TEST_STEP][PASSED] - action = new org.openqa.selenium.interactions.Actions(driver): null

2021-11-19 17:12:34 - [TEST_STEP][PASSED] - baslikElement = <not implemented yet for class: org.codehaus.groovy.ast.expr.EmptyExpression>: null

2021-11-19 17:12:34 - [TEST_STEP][PASSED] - sonElement = <not implemented yet for class: org.codehaus.groovy.ast.expr.EmptyExpression>: null

2021-11-19 17:12:34 - [TEST_STEP][PASSED] - attr = <not implemented yet for class: org.codehaus.groovy.ast.expr.EmptyExpression>: null

2021-11-19 17:12:34 - [TEST_STEP][PASSED] - a = 0: null

2021-11-19 17:12:34 - [TEST_STEP][PASSED] - elements = findWebElements(findTestObject("Object Repository/Olusturma/Genel/Olusturma/TabloBasliklari"), 10): Found 13 web elements with id: 'Object Repository/Olusturma/Genel/Olusturma/TabloBasliklari' located by 'By.cssSelector: div#divmalhizmet .dxgvTable_LECustomTheme td.dxgvHeader_LECustomTheme tr>td:nth-child(1)' in '10' second(s)

2021-11-19 17:12:34 - [MESSAGE][INFO] - Finding Test Object 'Object Repository/Olusturma/Genel/Olusturma/TabloBasliklari'

2021-11-19 17:12:34 - [MESSAGE][INFO] - Checking timeout

2021-11-19 17:12:34 - [MESSAGE][INFO] - Finding web element with id: 'Object Repository/Olusturma/Genel/Olusturma/TabloBasliklari' located by 'By.cssSelector: div#divmalhizmet .dxgvTable_LECustomTheme td.dxgvHeader_LECustomTheme tr>td:nth-child(1)' in '10' second(s)

2021-11-19 17:12:34 - [MESSAGE][INFO] - Smart Wait Function is triggered

2021-11-19 17:12:34 - [MESSAGE][INFO] - Found 13 web elements with id: 'Object Repository/Olusturma/Genel/Olusturma/TabloBasliklari' located by 'By.cssSelector: div#divmalhizmet .dxgvTable_LECustomTheme td.dxgvHeader_LECustomTheme tr>td:nth-child(1)' in '10' second(s)

2021-11-19 17:12:34 - [TEST_STEP][PASSED] - for (def element : elements): null

2021-11-19 17:12:34 - [TEST_STEP][PASSED] - build().perform(): null

2021-11-19 17:12:34 - [TEST_STEP][PASSED] - if (getText().equals(Baslik)): null

2021-11-19 17:12:34 - [TEST_STEP][PASSED] - build().perform(): null

2021-11-19 17:12:34 - [TEST_STEP][PASSED] - if (getText().equals(Baslik)): null

2021-11-19 17:12:34 - [TEST_STEP][PASSED] - build().perform(): null

2021-11-19 17:12:34 - [TEST_STEP][PASSED] - if (getText().equals(Baslik)): null

2021-11-19 17:12:34 - [TEST_STEP][PASSED] - build().perform(): null

2021-11-19 17:12:35 - [TEST_STEP][PASSED] - if (getText().equals(Baslik)): null

2021-11-19 17:12:35 - [TEST_STEP][PASSED] - baslikElement = element.findElement(By.xpath("../../../..")): Smart Wait Function is triggered

2021-11-19 17:12:35 - [MESSAGE][INFO] - Smart Wait Function is triggered

2021-11-19 17:12:35 - [TEST_STEP][PASSED] - attr = baslikElement.getAttribute("id"): null

2021-11-19 17:12:35 - [TEST_STEP][PASSED] - println("girdi ve idsini aldı = " + attr): null

2021-11-19 17:12:35 - [TEST_STEP][PASSED] - break: null

2021-11-19 17:12:35 - [TEST_STEP][PASSED] - countElement = baslikElement.findElements(By.xpath("../td")): Smart Wait Function is triggered

2021-11-19 17:12:35 - [MESSAGE][INFO] - Smart Wait Function is triggered

2021-11-19 17:12:35 - [TEST_STEP][PASSED] - for (def element : countElement): null

2021-11-19 17:12:35 - [TEST_STEP][PASSED] - if (toString().equals(attr.toString())): null

2021-11-19 17:12:35 - [TEST_STEP][PASSED] - (a++): null

2021-11-19 17:12:35 - [TEST_STEP][PASSED] - if (toString().equals(attr.toString())): null

2021-11-19 17:12:35 - [TEST_STEP][PASSED] - (a++): null

2021-11-19 17:12:35 - [TEST_STEP][PASSED] - if (toString().equals(attr.toString())): null

2021-11-19 17:12:35 - [TEST_STEP][PASSED] - (a++): null

2021-11-19 17:12:35 - [TEST_STEP][PASSED] - if (toString().equals(attr.toString())): null

2021-11-19 17:12:35 - [TEST_STEP][PASSED] - (a++): null

2021-11-19 17:12:35 - [TEST_STEP][PASSED] - if (toString().equals(attr.toString())): null

2021-11-19 17:12:35 - [TEST_STEP][PASSED] - break: null

2021-11-19 17:12:35 - [TEST_STEP][PASSED] - son = findWebElement(findTestObject("Object Repository/Olusturma/Genel/Olusturma/EklenenSatir")).findElement(By.xpath("td[@class='dxgvInlineEditCell_LECustomTheme dxgv'][" + a + "]//td[@class='dxic']/input")): Smart Wait Function is triggered

2021-11-19 17:12:35 - [MESSAGE][INFO] - Finding Test Object 'Object Repository/Olusturma/Genel/Olusturma/EklenenSatir'

2021-11-19 17:12:35 - [MESSAGE][INFO] - Finding web element from Test Object's properties

2021-11-19 17:12:35 - [MESSAGE][INFO] - Checking timeout

2021-11-19 17:12:35 - [MESSAGE][INFO] - Finding web element with id: 'Object Repository/Olusturma/Genel/Olusturma/EklenenSatir' located by 'By.cssSelector: #divmalhizmet .dxgvInlineEditRow_LECustomTheme' in '30' second(s)

2021-11-19 17:12:35 - [MESSAGE][INFO] - Smart Wait Function is triggered

2021-11-19 17:12:36 - [MESSAGE][INFO] - Found 1 web elements with id: 'Object Repository/Olusturma/Genel/Olusturma/EklenenSatir' located by 'By.cssSelector: #divmalhizmet .dxgvInlineEditRow_LECustomTheme' in '30' second(s)

2021-11-19 17:12:36 - [MESSAGE][INFO] - Smart Wait Function is triggered

2021-11-19 17:12:36 - [TEST_STEP][PASSED] - if (!(getAttribute("value").contains("Vkn"))): null

2021-11-19 17:12:36 - [TEST_STEP][PASSED] - son.clear(): null

2021-11-19 17:12:36 - [TEST_STEP][PASSED] - son.sendKeys(Deger): null

2021-11-19 17:12:36 - [MESSAGE][PASSED] - Call Test Case 'Test Cases/Olusturma/Genel/Olusturma' successfully

2021-11-19 17:12:36 - [MESSAGE][INFO] - Checking called Test Case

2021-11-19 17:12:36 - [MESSAGE][INFO] - Starting to call Test Case 'Test Cases/Olusturma/Genel/Olusturma'

2021-11-19 17:12:36 - [TEST_CASE][PASSED] - Test Cases/Olusturma/Genel/Olusturma: Test Cases/Olusturma/Genel/Olusturma

2021-11-19 17:12:36 - [TEST_STEP][PASSED] - driver = getWebDriver(): null

2021-11-19 17:12:36 - [TEST_STEP][PASSED] - action = new org.openqa.selenium.interactions.Actions(driver): null

2021-11-19 17:12:36 - [TEST_STEP][PASSED] - baslikElement = <not implemented yet for class: org.codehaus.groovy.ast.expr.EmptyExpression>: null

2021-11-19 17:12:36 - [TEST_STEP][PASSED] - sonElement = <not implemented yet for class: org.codehaus.groovy.ast.expr.EmptyExpression>: null

2021-11-19 17:12:36 - [TEST_STEP][PASSED] - attr = <not implemented yet for class: org.codehaus.groovy.ast.expr.EmptyExpression>: null

2021-11-19 17:12:36 - [TEST_STEP][PASSED] - a = 0: null

2021-11-19 17:12:36 - [TEST_STEP][PASSED] - elements = findWebElements(findTestObject("Object Repository/Olusturma/Genel/Olusturma/TabloBasliklari"), 10): Found 13 web elements with id: 'Object Repository/Olusturma/Genel/Olusturma/TabloBasliklari' located by 'By.cssSelector: div#divmalhizmet .dxgvTable_LECustomTheme td.dxgvHeader_LECustomTheme tr>td:nth-child(1)' in '10' second(s)

2021-11-19 17:12:36 - [MESSAGE][INFO] - Finding Test Object 'Object Repository/Olusturma/Genel/Olusturma/TabloBasliklari'

2021-11-19 17:12:36 - [MESSAGE][INFO] - Checking timeout

2021-11-19 17:12:36 - [MESSAGE][INFO] - Finding web element with id: 'Object Repository/Olusturma/Genel/Olusturma/TabloBasliklari' located by 'By.cssSelector: div#divmalhizmet .dxgvTable_LECustomTheme td.dxgvHeader_LECustomTheme tr>td:nth-child(1)' in '10' second(s)

2021-11-19 17:12:36 - [MESSAGE][INFO] - Smart Wait Function is triggered

2021-11-19 17:12:37 - [MESSAGE][INFO] - Found 13 web elements with id: 'Object Repository/Olusturma/Genel/Olusturma/TabloBasliklari' located by 'By.cssSelector: div#divmalhizmet .dxgvTable_LECustomTheme td.dxgvHeader_LECustomTheme tr>td:nth-child(1)' in '10' second(s)

2021-11-19 17:12:37 - [TEST_STEP][PASSED] - for (def element : elements): null

2021-11-19 17:12:37 - [TEST_STEP][PASSED] - build().perform(): null

2021-11-19 17:12:37 - [TEST_STEP][PASSED] - if (getText().equals(Baslik)): null

2021-11-19 17:12:37 - [TEST_STEP][PASSED] - build().perform(): null

2021-11-19 17:12:37 - [TEST_STEP][PASSED] - if (getText().equals(Baslik)): null

2021-11-19 17:12:37 - [TEST_STEP][PASSED] - build().perform(): null

2021-11-19 17:12:37 - [TEST_STEP][PASSED] - if (getText().equals(Baslik)): null

2021-11-19 17:12:37 - [TEST_STEP][PASSED] - build().perform(): null

2021-11-19 17:12:37 - [TEST_STEP][PASSED] - if (getText().equals(Baslik)): null

2021-11-19 17:12:37 - [TEST_STEP][PASSED] - build().perform(): null

2021-11-19 17:12:37 - [TEST_STEP][PASSED] - if (getText().equals(Baslik)): null

2021-11-19 17:12:37 - [TEST_STEP][PASSED] - build().perform(): null

2021-11-19 17:12:37 - [TEST_STEP][PASSED] - if (getText().equals(Baslik)): null

2021-11-19 17:12:37 - [TEST_STEP][PASSED] - baslikElement = element.findElement(By.xpath("../../../..")): Smart Wait Function is triggered

2021-11-19 17:12:37 - [MESSAGE][INFO] - Smart Wait Function is triggered

2021-11-19 17:12:38 - [TEST_STEP][PASSED] - attr = baslikElement.getAttribute("id"): null

2021-11-19 17:12:38 - [TEST_STEP][PASSED] - println("girdi ve idsini aldı = " + attr): null

2021-11-19 17:12:38 - [TEST_STEP][PASSED] - break: null

2021-11-19 17:12:38 - [TEST_STEP][PASSED] - countElement = baslikElement.findElements(By.xpath("../td")): Smart Wait Function is triggered

2021-11-19 17:12:38 - [MESSAGE][INFO] - Smart Wait Function is triggered

2021-11-19 17:12:38 - [TEST_STEP][PASSED] - for (def element : countElement): null

2021-11-19 17:12:38 - [TEST_STEP][PASSED] - if (toString().equals(attr.toString())): null

2021-11-19 17:12:38 - [TEST_STEP][PASSED] - (a++): null

2021-11-19 17:12:38 - [TEST_STEP][PASSED] - if (toString().equals(attr.toString())): null

2021-11-19 17:12:38 - [TEST_STEP][PASSED] - (a++): null

2021-11-19 17:12:38 - [TEST_STEP][PASSED] - if (toString().equals(attr.toString())): null

2021-11-19 17:12:38 - [TEST_STEP][PASSED] - (a++): null

2021-11-19 17:12:38 - [TEST_STEP][PASSED] - if (toString().equals(attr.toString())): null

2021-11-19 17:12:38 - [TEST_STEP][PASSED] - (a++): null

2021-11-19 17:12:38 - [TEST_STEP][PASSED] - if (toString().equals(attr.toString())): null

2021-11-19 17:12:38 - [TEST_STEP][PASSED] - (a++): null

2021-11-19 17:12:38 - [TEST_STEP][PASSED] - if (toString().equals(attr.toString())): null

2021-11-19 17:12:38 - [TEST_STEP][PASSED] - (a++): null

2021-11-19 17:12:38 - [TEST_STEP][PASSED] - if (toString().equals(attr.toString())): null

2021-11-19 17:12:38 - [TEST_STEP][PASSED] - break: null

2021-11-19 17:12:38 - [TEST_STEP][PASSED] - son = findWebElement(findTestObject("Object Repository/Olusturma/Genel/Olusturma/EklenenSatir")).findElement(By.xpath("td[@class='dxgvInlineEditCell_LECustomTheme dxgv'][" + a + "]//td[@class='dxic']/input")): Smart Wait Function is triggered

2021-11-19 17:12:38 - [MESSAGE][INFO] - Finding Test Object 'Object Repository/Olusturma/Genel/Olusturma/EklenenSatir'

2021-11-19 17:12:38 - [MESSAGE][INFO] - Finding web element from Test Object's properties

2021-11-19 17:12:38 - [MESSAGE][INFO] - Checking timeout

2021-11-19 17:12:38 - [MESSAGE][INFO] - Finding web element with id: 'Object Repository/Olusturma/Genel/Olusturma/EklenenSatir' located by 'By.cssSelector: #divmalhizmet .dxgvInlineEditRow_LECustomTheme' in '30' second(s)

2021-11-19 17:12:38 - [MESSAGE][INFO] - Smart Wait Function is triggered

2021-11-19 17:12:39 - [MESSAGE][INFO] - Found 1 web elements with id: 'Object Repository/Olusturma/Genel/Olusturma/EklenenSatir' located by 'By.cssSelector: #divmalhizmet .dxgvInlineEditRow_LECustomTheme' in '30' second(s)

2021-11-19 17:12:39 - [MESSAGE][INFO] - Smart Wait Function is triggered

2021-11-19 17:12:39 - [TEST_STEP][PASSED] - if (!(getAttribute("value").contains("Vkn"))): null

2021-11-19 17:12:39 - [TEST_STEP][PASSED] - son.clear(): null

2021-11-19 17:12:39 - [TEST_STEP][PASSED] - son.sendKeys(Deger): null

2021-11-19 17:12:39 - [MESSAGE][PASSED] - Call Test Case 'Test Cases/Olusturma/Genel/Olusturma' successfully

2021-11-19 17:12:39 - [MESSAGE][INFO] - Checking called Test Case

2021-11-19 17:12:39 - [MESSAGE][INFO] - Starting to call Test Case 'Test Cases/Olusturma/Genel/Olusturma'

2021-11-19 17:12:39 - [TEST_CASE][PASSED] - Test Cases/Olusturma/Genel/Olusturma: Test Cases/Olusturma/Genel/Olusturma

2021-11-19 17:12:39 - [TEST_STEP][PASSED] - driver = getWebDriver(): null

2021-11-19 17:12:39 - [TEST_STEP][PASSED] - action = new org.openqa.selenium.interactions.Actions(driver): null

2021-11-19 17:12:39 - [TEST_STEP][PASSED] - baslikElement = <not implemented yet for class: org.codehaus.groovy.ast.expr.EmptyExpression>: null

2021-11-19 17:12:39 - [TEST_STEP][PASSED] - sonElement = <not implemented yet for class: org.codehaus.groovy.ast.expr.EmptyExpression>: null

2021-11-19 17:12:39 - [TEST_STEP][PASSED] - attr = <not implemented yet for class: org.codehaus.groovy.ast.expr.EmptyExpression>: null

2021-11-19 17:12:39 - [TEST_STEP][PASSED] - a = 0: null

2021-11-19 17:12:39 - [TEST_STEP][PASSED] - elements = findWebElements(findTestObject("Object Repository/Olusturma/Genel/Olusturma/TabloBasliklari"), 10): Found 13 web elements with id: 'Object Repository/Olusturma/Genel/Olusturma/TabloBasliklari' located by 'By.cssSelector: div#divmalhizmet .dxgvTable_LECustomTheme td.dxgvHeader_LECustomTheme tr>td:nth-child(1)' in '10' second(s)

2021-11-19 17:12:39 - [MESSAGE][INFO] - Finding Test Object 'Object Repository/Olusturma/Genel/Olusturma/TabloBasliklari'

2021-11-19 17:12:39 - [MESSAGE][INFO] - Checking timeout

2021-11-19 17:12:39 - [MESSAGE][INFO] - Finding web element with id: 'Object Repository/Olusturma/Genel/Olusturma/TabloBasliklari' located by 'By.cssSelector: div#divmalhizmet .dxgvTable_LECustomTheme td.dxgvHeader_LECustomTheme tr>td:nth-child(1)' in '10' second(s)

2021-11-19 17:12:39 - [MESSAGE][INFO] - Smart Wait Function is triggered

2021-11-19 17:12:40 - [MESSAGE][INFO] - Found 13 web elements with id: 'Object Repository/Olusturma/Genel/Olusturma/TabloBasliklari' located by 'By.cssSelector: div#divmalhizmet .dxgvTable_LECustomTheme td.dxgvHeader_LECustomTheme tr>td:nth-child(1)' in '10' second(s)

2021-11-19 17:12:40 - [TEST_STEP][PASSED] - for (def element : elements): null

2021-11-19 17:12:40 - [TEST_STEP][PASSED] - build().perform(): null

2021-11-19 17:12:40 - [TEST_STEP][PASSED] - if (getText().equals(Baslik)): null

2021-11-19 17:12:40 - [TEST_STEP][PASSED] - build().perform(): null

2021-11-19 17:12:40 - [TEST_STEP][PASSED] - if (getText().equals(Baslik)): null

2021-11-19 17:12:40 - [TEST_STEP][PASSED] - build().perform(): null

2021-11-19 17:12:40 - [TEST_STEP][PASSED] - if (getText().equals(Baslik)): null

2021-11-19 17:12:40 - [TEST_STEP][PASSED] - build().perform(): null

2021-11-19 17:12:40 - [TEST_STEP][PASSED] - if (getText().equals(Baslik)): null

2021-11-19 17:12:40 - [TEST_STEP][PASSED] - build().perform(): null

2021-11-19 17:12:40 - [TEST_STEP][PASSED] - if (getText().equals(Baslik)): null

2021-11-19 17:12:40 - [TEST_STEP][PASSED] - build().perform(): null

2021-11-19 17:12:41 - [TEST_STEP][PASSED] - if (getText().equals(Baslik)): null

2021-11-19 17:12:41 - [TEST_STEP][PASSED] - build().perform(): null

2021-11-19 17:12:41 - [TEST_STEP][PASSED] - if (getText().equals(Baslik)): null

2021-11-19 17:12:41 - [TEST_STEP][PASSED] - baslikElement = element.findElement(By.xpath("../../../..")): Smart Wait Function is triggered

2021-11-19 17:12:41 - [MESSAGE][INFO] - Smart Wait Function is triggered

2021-11-19 17:12:41 - [TEST_STEP][PASSED] - attr = baslikElement.getAttribute("id"): null

2021-11-19 17:12:41 - [TEST_STEP][PASSED] - println("girdi ve idsini aldı = " + attr): null

2021-11-19 17:12:41 - [TEST_STEP][PASSED] - break: null

2021-11-19 17:12:41 - [TEST_STEP][PASSED] - countElement = baslikElement.findElements(By.xpath("../td")): Smart Wait Function is triggered

2021-11-19 17:12:41 - [MESSAGE][INFO] - Smart Wait Function is triggered

2021-11-19 17:12:41 - [TEST_STEP][PASSED] - for (def element : countElement): null

2021-11-19 17:12:41 - [TEST_STEP][PASSED] - if (toString().equals(attr.toString())): null

2021-11-19 17:12:41 - [TEST_STEP][PASSED] - (a++): null

2021-11-19 17:12:41 - [TEST_STEP][PASSED] - if (toString().equals(attr.toString())): null

2021-11-19 17:12:41 - [TEST_STEP][PASSED] - (a++): null

2021-11-19 17:12:41 - [TEST_STEP][PASSED] - if (toString().equals(attr.toString())): null

2021-11-19 17:12:41 - [TEST_STEP][PASSED] - (a++): null

2021-11-19 17:12:41 - [TEST_STEP][PASSED] - if (toString().equals(attr.toString())): null

2021-11-19 17:12:41 - [TEST_STEP][PASSED] - (a++): null

2021-11-19 17:12:41 - [TEST_STEP][PASSED] - if (toString().equals(attr.toString())): null

2021-11-19 17:12:41 - [TEST_STEP][PASSED] - (a++): null

2021-11-19 17:12:41 - [TEST_STEP][PASSED] - if (toString().equals(attr.toString())): null

2021-11-19 17:12:41 - [TEST_STEP][PASSED] - (a++): null

2021-11-19 17:12:41 - [TEST_STEP][PASSED] - if (toString().equals(attr.toString())): null

2021-11-19 17:12:41 - [TEST_STEP][PASSED] - (a++): null

2021-11-19 17:12:41 - [TEST_STEP][PASSED] - if (toString().equals(attr.toString())): null

2021-11-19 17:12:41 - [TEST_STEP][PASSED] - break: null

2021-11-19 17:12:41 - [TEST_STEP][PASSED] - son = findWebElement(findTestObject("Object Repository/Olusturma/Genel/Olusturma/EklenenSatir")).findElement(By.xpath("td[@class='dxgvInlineEditCell_LECustomTheme dxgv'][" + a + "]//td[@class='dxic']/input")): Smart Wait Function is triggered

2021-11-19 17:12:41 - [MESSAGE][INFO] - Finding Test Object 'Object Repository/Olusturma/Genel/Olusturma/EklenenSatir'

2021-11-19 17:12:42 - [MESSAGE][INFO] - Finding web element from Test Object's properties

2021-11-19 17:12:42 - [MESSAGE][INFO] - Checking timeout

2021-11-19 17:12:42 - [MESSAGE][INFO] - Finding web element with id: 'Object Repository/Olusturma/Genel/Olusturma/EklenenSatir' located by 'By.cssSelector: #divmalhizmet .dxgvInlineEditRow_LECustomTheme' in '30' second(s)

2021-11-19 17:12:42 - [MESSAGE][INFO] - Smart Wait Function is triggered

2021-11-19 17:12:42 - [MESSAGE][INFO] - Found 1 web elements with id: 'Object Repository/Olusturma/Genel/Olusturma/EklenenSatir' located by 'By.cssSelector: #divmalhizmet .dxgvInlineEditRow_LECustomTheme' in '30' second(s)

2021-11-19 17:12:42 - [MESSAGE][INFO] - Smart Wait Function is triggered

2021-11-19 17:12:42 - [TEST_STEP][PASSED] - if (!(getAttribute("value").contains("Vkn"))): null

2021-11-19 17:12:42 - [TEST_STEP][PASSED] - son.clear(): null

2021-11-19 17:12:42 - [TEST_STEP][PASSED] - son.sendKeys(Deger): null

2021-11-19 17:12:42 - [MESSAGE][PASSED] - Call Test Case 'Test Cases/Olusturma/Genel/Olusturma' successfully

2021-11-19 17:12:42 - [MESSAGE][INFO] - Checking called Test Case

2021-11-19 17:12:42 - [MESSAGE][INFO] - Starting to call Test Case 'Test Cases/Olusturma/Genel/NotGirilir'

2021-11-19 17:12:42 - [TEST_CASE][PASSED] - Test Cases/Olusturma/Genel/NotGirilir: Test Cases/Olusturma/Genel/NotGirilir

2021-11-19 17:12:42 - [TEST_STEP][PASSED] - i = 0: null

2021-11-19 17:12:42 - [TEST_STEP][PASSED] - waitForElementClickable(findTestObject("Olusturma/Genel/Not/Notlar"), 10): Object 'Object Repository/Olusturma/Genel/Not/Notlar' is clickable

2021-11-19 17:12:42 - [MESSAGE][INFO] - Finding Test Object 'Object Repository/Olusturma/Genel/Not/Notlar'

2021-11-19 17:12:43 - [MESSAGE][INFO] - Checking object

2021-11-19 17:12:43 - [MESSAGE][INFO] - Checking timeout

2021-11-19 17:12:43 - [MESSAGE][INFO] - Finding web element from Test Object's properties

2021-11-19 17:12:43 - [MESSAGE][INFO] - Checking timeout

2021-11-19 17:12:43 - [MESSAGE][INFO] - Finding web element with id: 'Object Repository/Olusturma/Genel/Not/Notlar' located by 'By.xpath: //*[@id = 'txtNote_I']' in '10' second(s)

2021-11-19 17:12:43 - [MESSAGE][INFO] - Smart Wait Function is triggered

2021-11-19 17:12:43 - [MESSAGE][INFO] - Found 1 web elements with id: 'Object Repository/Olusturma/Genel/Not/Notlar' located by 'By.xpath: //*[@id = 'txtNote_I']' in '10' second(s)

2021-11-19 17:12:43 - [MESSAGE][PASSED] - Object 'Object Repository/Olusturma/Genel/Not/Notlar' is clickable

2021-11-19 17:12:43 - [TEST_STEP][PASSED] - clearText(findTestObject("Olusturma/Genel/Not/Notlar")): Text of object 'Object Repository/Olusturma/Genel/Not/Notlar' is cleared

2021-11-19 17:12:43 - [MESSAGE][INFO] - Finding Test Object 'Object Repository/Olusturma/Genel/Not/Notlar'

2021-11-19 17:12:43 - [MESSAGE][INFO] - Checking object

2021-11-19 17:12:43 - [MESSAGE][INFO] - Finding web element from Test Object's properties

2021-11-19 17:12:43 - [MESSAGE][INFO] - Checking timeout

2021-11-19 17:12:43 - [MESSAGE][INFO] - Finding web element with id: 'Object Repository/Olusturma/Genel/Not/Notlar' located by 'By.xpath: //*[@id = 'txtNote_I']' in '30' second(s)

2021-11-19 17:12:43 - [MESSAGE][INFO] - Smart Wait Function is triggered

2021-11-19 17:12:43 - [MESSAGE][INFO] - Found 1 web elements with id: 'Object Repository/Olusturma/Genel/Not/Notlar' located by 'By.xpath: //*[@id = 'txtNote_I']' in '30' second(s)

2021-11-19 17:12:43 - [MESSAGE][INFO] - Clearing text of object 'Object Repository/Olusturma/Genel/Not/Notlar'

2021-11-19 17:12:43 - [MESSAGE][PASSED] - Text of object 'Object Repository/Olusturma/Genel/Not/Notlar' is cleared

2021-11-19 17:12:43 - [TEST_STEP][PASSED] - click(findTestObject("Olusturma/Genel/Not/Notlar")): Object: 'Object Repository/Olusturma/Genel/Not/Notlar' is clicked on

2021-11-19 17:12:43 - [MESSAGE][INFO] - Finding Test Object 'Object Repository/Olusturma/Genel/Not/Notlar'

2021-11-19 17:12:43 - [MESSAGE][INFO] - Checking object

2021-11-19 17:12:43 - [MESSAGE][INFO] - Finding web element from Test Object's properties

2021-11-19 17:12:43 - [MESSAGE][INFO] - Checking timeout

2021-11-19 17:12:43 - [MESSAGE][INFO] - Finding web element with id: 'Object Repository/Olusturma/Genel/Not/Notlar' located by 'By.xpath: //*[@id = 'txtNote_I']' in '30' second(s)

2021-11-19 17:12:43 - [MESSAGE][INFO] - Smart Wait Function is triggered

2021-11-19 17:12:44 - [MESSAGE][INFO] - Found 1 web elements with id: 'Object Repository/Olusturma/Genel/Not/Notlar' located by 'By.xpath: //*[@id = 'txtNote_I']' in '30' second(s)

2021-11-19 17:12:44 - [MESSAGE][INFO] - Clicking on object: 'Object Repository/Olusturma/Genel/Not/Notlar'

2021-11-19 17:12:44 - [MESSAGE][PASSED] - Object: 'Object Repository/Olusturma/Genel/Not/Notlar' is clicked on

2021-11-19 17:12:44 - [TEST_STEP][PASSED] - while (true): null

2021-11-19 17:12:44 - [TEST_STEP][PASSED] - delay(1): Delayed 1 second(s)

2021-11-19 17:12:44 - [MESSAGE][INFO] - Delaying browser in 1 second(s)

2021-11-19 17:12:45 - [MESSAGE][PASSED] - Delayed 1 second(s)

2021-11-19 17:12:45 - [TEST_STEP][PASSED] - ajaxIsComplete = executeJavaScript("return jQuery.active == 0", null): Execute JavaScript 'return jQuery.active == 0' successfully

2021-11-19 17:12:45 - [MESSAGE][PASSED] - Execute JavaScript 'return jQuery.active == 0' successfully

2021-11-19 17:12:45 - [TEST_STEP][PASSED] - if (ajaxIsComplete): null

2021-11-19 17:12:45 - [TEST_STEP][PASSED] - if (i > 10): null

2021-11-19 17:12:45 - [TEST_STEP][PASSED] - (i++): null

2021-11-19 17:12:45 - [TEST_STEP][PASSED] - delay(1): Delayed 1 second(s)

2021-11-19 17:12:45 - [MESSAGE][INFO] - Delaying browser in 1 second(s)

2021-11-19 17:12:46 - [MESSAGE][PASSED] - Delayed 1 second(s)

2021-11-19 17:12:46 - [TEST_STEP][PASSED] - ajaxIsComplete = executeJavaScript("return jQuery.active == 0", null): Execute JavaScript 'return jQuery.active == 0' successfully

2021-11-19 17:12:46 - [MESSAGE][PASSED] - Execute JavaScript 'return jQuery.active == 0' successfully

2021-11-19 17:12:46 - [TEST_STEP][PASSED] - if (ajaxIsComplete): null

2021-11-19 17:12:46 - [TEST_STEP][PASSED] - break: null

2021-11-19 17:12:46 - [TEST_STEP][PASSED] - sendKeys(findTestObject("Olusturma/Genel/Not/Notlar"), Not): Keys 'Otomasyon Not' sent to object: 'Object Repository/Olusturma/Genel/Not/Notlar'

2021-11-19 17:12:46 - [MESSAGE][INFO] - Finding Test Object 'Object Repository/Olusturma/Genel/Not/Notlar'

2021-11-19 17:12:46 - [MESSAGE][INFO] - Sending keys 'Otomasyon Not' to object: 'Object Repository/Olusturma/Genel/Not/Notlar'

2021-11-19 17:12:46 - [MESSAGE][INFO] - Finding web element from Test Object's properties

2021-11-19 17:12:46 - [MESSAGE][INFO] - Checking timeout

2021-11-19 17:12:46 - [MESSAGE][INFO] - Finding web element with id: 'Object Repository/Olusturma/Genel/Not/Notlar' located by 'By.xpath: //*[@id = 'txtNote_I']' in '30' second(s)

2021-11-19 17:12:46 - [MESSAGE][INFO] - Smart Wait Function is triggered

2021-11-19 17:12:46 - [MESSAGE][INFO] - Found 1 web elements with id: 'Object Repository/Olusturma/Genel/Not/Notlar' located by 'By.xpath: //*[@id = 'txtNote_I']' in '30' second(s)

2021-11-19 17:12:46 - [MESSAGE][PASSED] - Keys 'Otomasyon Not' sent to object: 'Object Repository/Olusturma/Genel/Not/Notlar'

2021-11-19 17:12:46 - [MESSAGE][PASSED] - Call Test Case 'Test Cases/Olusturma/Genel/NotGirilir' successfully

2021-11-19 17:12:46 - [MESSAGE][INFO] - Checking called Test Case

2021-11-19 17:12:46 - [MESSAGE][INFO] - Starting to call Test Case 'Test Cases/Olusturma/Genel/EttnBilgisiKayitEdilir'

2021-11-19 17:12:46 - [TEST_CASE][PASSED] - Test Cases/Olusturma/Genel/EttnBilgisiKayitEdilir: Test Cases/Olusturma/Genel/EttnBilgisiKayitEdilir

2021-11-19 17:12:46 - [TEST_STEP][PASSED] - verifyElementPresent(findTestObject("Object Repository/Olusturma/Genel/Olusturma/eArsivEttnBilgisi"), 7): Object 'Object Repository/Olusturma/Genel/Olusturma/eArsivEttnBilgisi' is present

2021-11-19 17:12:46 - [MESSAGE][INFO] - Finding Test Object 'Object Repository/Olusturma/Genel/Olusturma/eArsivEttnBilgisi'

2021-11-19 17:12:46 - [MESSAGE][INFO] - Checking object

2021-11-19 17:12:46 - [MESSAGE][INFO] - Finding web element from Test Object's properties

2021-11-19 17:12:46 - [MESSAGE][INFO] - Checking timeout

2021-11-19 17:12:46 - [MESSAGE][INFO] - Finding web element with id: 'Object Repository/Olusturma/Genel/Olusturma/eArsivEttnBilgisi' located by 'By.xpath: //*[@id = 'Uuid_I']' in '7' second(s)

2021-11-19 17:12:46 - [MESSAGE][INFO] - Smart Wait Function is triggered

2021-11-19 17:12:47 - [MESSAGE][INFO] - Found 1 web elements with id: 'Object Repository/Olusturma/Genel/Olusturma/eArsivEttnBilgisi' located by 'By.xpath: //*[@id = 'Uuid_I']' in '7' second(s)

2021-11-19 17:12:47 - [MESSAGE][PASSED] - Object 'Object Repository/Olusturma/Genel/Olusturma/eArsivEttnBilgisi' is present

2021-11-19 17:12:47 - [TEST_STEP][PASSED] - ettn = getAttribute(findTestObject("Object Repository/Olusturma/Genel/Olusturma/eArsivEttnBilgisi"), "value"): Attribute 'value' of object 'Object Repository/Olusturma/Genel/Olusturma/eArsivEttnBilgisi' is: 'bda60223-d787-4e88-97ff-9c004d3095c4'

2021-11-19 17:12:47 - [MESSAGE][INFO] - Finding Test Object 'Object Repository/Olusturma/Genel/Olusturma/eArsivEttnBilgisi'

2021-11-19 17:12:47 - [MESSAGE][INFO] - Checking object

2021-11-19 17:12:47 - [MESSAGE][INFO] - Checking attribute

2021-11-19 17:12:47 - [MESSAGE][INFO] - Finding web element from Test Object's properties

2021-11-19 17:12:47 - [MESSAGE][INFO] - Checking timeout

2021-11-19 17:12:47 - [MESSAGE][INFO] - Finding web element with id: 'Object Repository/Olusturma/Genel/Olusturma/eArsivEttnBilgisi' located by 'By.xpath: //*[@id = 'Uuid_I']' in '30' second(s)

2021-11-19 17:12:47 - [MESSAGE][INFO] - Smart Wait Function is triggered

2021-11-19 17:12:47 - [MESSAGE][INFO] - Found 1 web elements with id: 'Object Repository/Olusturma/Genel/Olusturma/eArsivEttnBilgisi' located by 'By.xpath: //*[@id = 'Uuid_I']' in '30' second(s)

2021-11-19 17:12:47 - [MESSAGE][INFO] - Getting attribute 'value' of object 'Object Repository/Olusturma/Genel/Olusturma/eArsivEttnBilgisi'

2021-11-19 17:12:47 - [MESSAGE][PASSED] - Attribute 'value' of object 'Object Repository/Olusturma/Genel/Olusturma/eArsivEttnBilgisi' is: 'bda60223-d787-4e88-97ff-9c004d3095c4'

2021-11-19 17:12:47 - [MESSAGE][PASSED] - Call Test Case 'Test Cases/Olusturma/Genel/EttnBilgisiKayitEdilir' successfully

2021-11-19 17:12:47 - [MESSAGE][INFO] - Checking called Test Case

2021-11-19 17:12:47 - [MESSAGE][INFO] - Starting to call Test Case 'Test Cases/Olusturma/Genel/KaydetButonunaTiklanir'

2021-11-19 17:12:47 - [TEST_CASE][PASSED] - Test Cases/Olusturma/Genel/KaydetButonunaTiklanir: Test Cases/Olusturma/Genel/KaydetButonunaTiklanir

2021-11-19 17:12:47 - [TEST_STEP][PASSED] - i = 0: null

2021-11-19 17:12:47 - [TEST_STEP][PASSED] - waitForElementPresent(findTestObject("Olusturma/Genel/Not/Notlar"), 10): Object 'Object Repository/Olusturma/Genel/Not/Notlar' is present

2021-11-19 17:12:47 - [MESSAGE][INFO] - Finding Test Object 'Object Repository/Olusturma/Genel/Not/Notlar'

2021-11-19 17:12:47 - [MESSAGE][INFO] - Checking object

2021-11-19 17:12:47 - [MESSAGE][INFO] - Finding web element from Test Object's properties

2021-11-19 17:12:47 - [MESSAGE][INFO] - Checking timeout

2021-11-19 17:12:47 - [MESSAGE][INFO] - Finding web element with id: 'Object Repository/Olusturma/Genel/Not/Notlar' located by 'By.xpath: //*[@id = 'txtNote_I']' in '10' second(s)

2021-11-19 17:12:47 - [MESSAGE][INFO] - Smart Wait Function is triggered

2021-11-19 17:12:48 - [MESSAGE][INFO] - Found 1 web elements with id: 'Object Repository/Olusturma/Genel/Not/Notlar' located by 'By.xpath: //*[@id = 'txtNote_I']' in '10' second(s)

2021-11-19 17:12:48 - [MESSAGE][PASSED] - Object 'Object Repository/Olusturma/Genel/Not/Notlar' is present

2021-11-19 17:12:48 - [TEST_STEP][PASSED] - click(findTestObject("Olusturma/Genel/Not/Notlar")): Object: 'Object Repository/Olusturma/Genel/Not/Notlar' is clicked on

2021-11-19 17:12:48 - [MESSAGE][INFO] - Finding Test Object 'Object Repository/Olusturma/Genel/Not/Notlar'

2021-11-19 17:12:48 - [MESSAGE][INFO] - Checking object

2021-11-19 17:12:48 - [MESSAGE][INFO] - Finding web element from Test Object's properties

2021-11-19 17:12:48 - [MESSAGE][INFO] - Checking timeout

2021-11-19 17:12:48 - [MESSAGE][INFO] - Finding web element with id: 'Object Repository/Olusturma/Genel/Not/Notlar' located by 'By.xpath: //*[@id = 'txtNote_I']' in '30' second(s)

2021-11-19 17:12:48 - [MESSAGE][INFO] - Smart Wait Function is triggered

2021-11-19 17:12:48 - [MESSAGE][INFO] - Found 1 web elements with id: 'Object Repository/Olusturma/Genel/Not/Notlar' located by 'By.xpath: //*[@id = 'txtNote_I']' in '30' second(s)

2021-11-19 17:12:48 - [MESSAGE][INFO] - Clicking on object: 'Object Repository/Olusturma/Genel/Not/Notlar'

2021-11-19 17:12:48 - [MESSAGE][PASSED] - Object: 'Object Repository/Olusturma/Genel/Not/Notlar' is clicked on

2021-11-19 17:12:48 - [TEST_STEP][PASSED] - while (true): null

2021-11-19 17:12:48 - [TEST_STEP][PASSED] - delay(1): Delayed 1 second(s)

2021-11-19 17:12:48 - [MESSAGE][INFO] - Delaying browser in 1 second(s)

2021-11-19 17:12:49 - [MESSAGE][PASSED] - Delayed 1 second(s)

2021-11-19 17:12:49 - [TEST_STEP][PASSED] - ajaxIsComplete = executeJavaScript("return jQuery.active == 0", null): Execute JavaScript 'return jQuery.active == 0' successfully

2021-11-19 17:12:49 - [MESSAGE][PASSED] - Execute JavaScript 'return jQuery.active == 0' successfully

2021-11-19 17:12:49 - [TEST_STEP][PASSED] - if (ajaxIsComplete): null

2021-11-19 17:12:49 - [TEST_STEP][PASSED] - break: null

2021-11-19 17:12:49 - [TEST_STEP][PASSED] - waitForElementClickable(findTestObject("Object Repository/Olusturma/Genel/Buton"), 10): Object 'Object Repository/Olusturma/Genel/Buton' is clickable

2021-11-19 17:12:49 - [MESSAGE][INFO] - Finding Test Object 'Object Repository/Olusturma/Genel/Buton'

2021-11-19 17:12:50 - [MESSAGE][INFO] - Checking object

2021-11-19 17:12:50 - [MESSAGE][INFO] - Checking timeout

2021-11-19 17:12:50 - [MESSAGE][INFO] - Finding web element from Test Object's properties

2021-11-19 17:12:50 - [MESSAGE][INFO] - Checking timeout

2021-11-19 17:12:50 - [MESSAGE][INFO] - Finding web element with id: 'Object Repository/Olusturma/Genel/Buton' located by 'By.xpath: //*[@id = 'btnKaydet']' in '10' second(s)

2021-11-19 17:12:50 - [MESSAGE][INFO] - Smart Wait Function is triggered

2021-11-19 17:12:50 - [MESSAGE][INFO] - Found 1 web elements with id: 'Object Repository/Olusturma/Genel/Buton' located by 'By.xpath: //*[@id = 'btnKaydet']' in '10' second(s)

2021-11-19 17:12:50 - [MESSAGE][PASSED] - Object 'Object Repository/Olusturma/Genel/Buton' is clickable

2021-11-19 17:12:50 - [TEST_STEP][PASSED] - click(findTestObject("Object Repository/Olusturma/Genel/Buton")): Object: 'Object Repository/Olusturma/Genel/Buton' is clicked on

2021-11-19 17:12:50 - [MESSAGE][INFO] - Finding Test Object 'Object Repository/Olusturma/Genel/Buton'

2021-11-19 17:12:50 - [MESSAGE][INFO] - Checking object

2021-11-19 17:12:50 - [MESSAGE][INFO] - Finding web element from Test Object's properties

2021-11-19 17:12:50 - [MESSAGE][INFO] - Checking timeout

2021-11-19 17:12:50 - [MESSAGE][INFO] - Finding web element with id: 'Object Repository/Olusturma/Genel/Buton' located by 'By.xpath: //*[@id = 'btnKaydet']' in '30' second(s)

2021-11-19 17:12:50 - [MESSAGE][INFO] - Smart Wait Function is triggered

2021-11-19 17:12:50 - [MESSAGE][INFO] - Found 1 web elements with id: 'Object Repository/Olusturma/Genel/Buton' located by 'By.xpath: //*[@id = 'btnKaydet']' in '30' second(s)

2021-11-19 17:12:50 - [MESSAGE][INFO] - Clicking on object: 'Object Repository/Olusturma/Genel/Buton'

2021-11-19 17:12:53 - [MESSAGE][PASSED] - Object: 'Object Repository/Olusturma/Genel/Buton' is clicked on

2021-11-19 17:12:53 - [MESSAGE][PASSED] - Call Test Case 'Test Cases/Olusturma/Genel/KaydetButonunaTiklanir' successfully

2021-11-19 17:12:53 - [MESSAGE][INFO] - Checking called Test Case

2021-11-19 17:12:53 - [MESSAGE][INFO] - Starting to call Test Case 'Test Cases/Tablo/TablodaEttnliVeriOlusturulduMu'

2021-11-19 17:12:53 - [TEST_CASE][PASSED] - Test Cases/Tablo/TablodaEttnliVeriOlusturulduMu: Test Cases/Tablo/TablodaEttnliVeriOlusturulduMu

2021-11-19 17:12:53 - [TEST_STEP][PASSED] - Method.TextDegerineEsitElementVarMi(findTestObject("Tablo/OlusturulanVeri"), ettn): Method.TextDegerineEsitElementVarMi is PASSED

2021-11-19 17:12:53 - [MESSAGE][INFO] - Finding Test Object 'Object Repository/Tablo/OlusturulanVeri'

2021-11-19 17:12:53 - [MESSAGE][INFO] - Checking timeout

2021-11-19 17:12:53 - [MESSAGE][INFO] - Finding web element with id: 'Object Repository/Tablo/OlusturulanVeri' located by 'By.cssSelector: table.dxgvTable_LECustomTheme>tbody>tr:nth-child(3)>td.dxgv b,table.dxgvTable_LECustomTheme>tbody>tr:nth-child(3)>td.dxgv' in '10' second(s)

2021-11-19 17:12:53 - [MESSAGE][INFO] - Smart Wait Function is triggered

2021-11-19 17:12:54 - [MESSAGE][INFO] - Found 14 web elements with id: 'Object Repository/Tablo/OlusturulanVeri' located by 'By.cssSelector: table.dxgvTable_LECustomTheme>tbody>tr:nth-child(3)>td.dxgv b,table.dxgvTable_LECustomTheme>tbody>tr:nth-child(3)>td.dxgv' in '10' second(s)

2021-11-19 17:12:54 - [MESSAGE][PASSED] - Method.TextDegerineEsitElementVarMi is PASSED

2021-11-19 17:12:54 - [MESSAGE][PASSED] - Call Test Case 'Test Cases/Tablo/TablodaEttnliVeriOlusturulduMu' successfully

2021-11-19 17:12:54 - [MESSAGE][INFO] - Checking called Test Case

2021-11-19 17:12:54 - [MESSAGE][INFO] - Starting to call Test Case 'Test Cases/Tablo/TablodanEttnliVeriSec'

2021-11-19 17:12:54 - [TEST_CASE][PASSED] - Test Cases/Tablo/TablodanEttnliVeriSec: Test Cases/Tablo/TablodanEttnliVeriSec

2021-11-19 17:12:54 - [TEST_STEP][PASSED] - Method.TextDegerineEsitElementinAltindakineTikla(findTestObject("Tablo/Veriler"), findTestObject("Tablo/VerininCheckBoxi"), ettn): Method.TextDegerineEsitElementinAltindakineTikla is PASSED

2021-11-19 17:12:54 - [MESSAGE][INFO] - Finding Test Object 'Object Repository/Tablo/Veriler'

2021-11-19 17:12:54 - [MESSAGE][INFO] - Finding Test Object 'Object Repository/Tablo/VerininCheckBoxi'

2021-11-19 17:12:54 - [MESSAGE][INFO] - Checking timeout

2021-11-19 17:12:54 - [MESSAGE][INFO] - Finding web element with id: 'Object Repository/Tablo/Veriler' located by 'By.cssSelector: td.dxgv b ,td.dxgv' in '10' second(s)

2021-11-19 17:12:54 - [MESSAGE][INFO] - Smart Wait Function is triggered

2021-11-19 17:12:55 - [MESSAGE][INFO] - Found 70 web elements with id: 'Object Repository/Tablo/Veriler' located by 'By.cssSelector: td.dxgv b ,td.dxgv' in '10' second(s)

2021-11-19 17:12:55 - [MESSAGE][INFO] - Smart Wait Function is triggered

2021-11-19 17:12:55 - [MESSAGE][PASSED] - Method.TextDegerineEsitElementinAltindakineTikla is PASSED

2021-11-19 17:12:55 - [MESSAGE][PASSED] - Call Test Case 'Test Cases/Tablo/TablodanEttnliVeriSec' successfully

2021-11-19 17:12:55 - [MESSAGE][INFO] - Checking called Test Case

2021-11-19 17:12:55 - [MESSAGE][INFO] - Starting to call Test Case 'Test Cases/Butonlar/ButonaTikla'

2021-11-19 17:12:55 - [TEST_CASE][PASSED] - Test Cases/Butonlar/ButonaTikla: Test Cases/Butonlar/ButonaTikla

2021-11-19 17:12:55 - [TEST_STEP][PASSED] - Method.TextDegerineEsitElementeTiklaEquals(findTestObject("Butonlar/Butonlar"), Buton_Adi): Method.TextDegerineEsitElementeTiklaEquals is PASSED

2021-11-19 17:12:55 - [MESSAGE][INFO] - Finding Test Object 'Object Repository/Butonlar/Butonlar'

2021-11-19 17:12:55 - [MESSAGE][INFO] - Checking timeout

2021-11-19 17:12:55 - [MESSAGE][INFO] - Finding web element with id: 'Object Repository/Butonlar/Butonlar' located by 'By.cssSelector: .panel.panel-default.text-center.footerPanel .btn,.btn.btn-primary.btnControls' in '10' second(s)

2021-11-19 17:12:55 - [MESSAGE][INFO] - Smart Wait Function is triggered

2021-11-19 17:12:55 - [MESSAGE][INFO] - Found 9 web elements with id: 'Object Repository/Butonlar/Butonlar' located by 'By.cssSelector: .panel.panel-default.text-center.footerPanel .btn,.btn.btn-primary.btnControls' in '10' second(s)

2021-11-19 17:12:56 - [MESSAGE][PASSED] - Method.TextDegerineEsitElementeTiklaEquals is PASSED

2021-11-19 17:12:56 - [MESSAGE][PASSED] - Call Test Case 'Test Cases/Butonlar/ButonaTikla' successfully

2021-11-19 17:12:56 - [MESSAGE][INFO] - Checking called Test Case

2021-11-19 17:12:56 - [MESSAGE][INFO] - Starting to call Test Case 'Test Cases/Popup/PopupMesajiIceriyorMu'

2021-11-19 17:12:56 - [TEST_CASE][PASSED] - Test Cases/Popup/PopupMesajiIceriyorMu: Test Cases/Popup/PopupMesajiIceriyorMu

2021-11-19 17:12:56 - [TEST_STEP][PASSED] - waitForElementVisible(findTestObject("Popup/Popup"), 10): Object 'Object Repository/Popup/Popup' is visible

2021-11-19 17:12:56 - [MESSAGE][INFO] - Finding Test Object 'Object Repository/Popup/Popup'

2021-11-19 17:12:56 - [MESSAGE][INFO] - Checking object

2021-11-19 17:12:56 - [MESSAGE][INFO] - Checking timeout

2021-11-19 17:12:56 - [MESSAGE][INFO] - Finding web element from Test Object's properties

2021-11-19 17:12:56 - [MESSAGE][INFO] - Checking timeout

2021-11-19 17:12:56 - [MESSAGE][INFO] - Finding web element with id: 'Object Repository/Popup/Popup' located by 'By.cssSelector: .bootbox-body' in '10' second(s)

2021-11-19 17:12:56 - [MESSAGE][INFO] - Smart Wait Function is triggered

2021-11-19 17:12:57 - [MESSAGE][INFO] - Found 1 web elements with id: 'Object Repository/Popup/Popup' located by 'By.cssSelector: .bootbox-body' in '10' second(s)

2021-11-19 17:12:57 - [MESSAGE][PASSED] - Object 'Object Repository/Popup/Popup' is visible

2021-11-19 17:12:57 - [TEST_STEP][PASSED] - if (!(getText(findTestObject("Popup/Popup")).contains(Mesaj))): Text of object 'Object Repository/Popup/Popup' is: 'Oluşturulacak fatura numarası : EAR2021000000484 Fatura numarası oluşturulduktan sonra fatura silinemez. Fatura numarası, tarihi ve ön eki değiştirilemez. Devam etmek istiyor musunuz?'

2021-11-19 17:12:57 - [MESSAGE][INFO] - Finding Test Object 'Object Repository/Popup/Popup'

2021-11-19 17:12:57 - [MESSAGE][INFO] - Checking object

2021-11-19 17:12:57 - [MESSAGE][INFO] - Finding web element from Test Object's properties

2021-11-19 17:12:57 - [MESSAGE][INFO] - Checking timeout

2021-11-19 17:12:57 - [MESSAGE][INFO] - Finding web element with id: 'Object Repository/Popup/Popup' located by 'By.cssSelector: .bootbox-body' in '30' second(s)

2021-11-19 17:12:57 - [MESSAGE][INFO] - Smart Wait Function is triggered

2021-11-19 17:12:57 - [MESSAGE][INFO] - Found 1 web elements with id: 'Object Repository/Popup/Popup' located by 'By.cssSelector: .bootbox-body' in '30' second(s)

2021-11-19 17:12:57 - [MESSAGE][INFO] - Getting text of object 'Object Repository/Popup/Popup'

2021-11-19 17:12:57 - [MESSAGE][PASSED] - Text of object 'Object Repository/Popup/Popup' is: 'Oluşturulacak fatura numarası : EAR2021000000484 Fatura numarası oluşturulduktan sonra fatura silinemez. Fatura numarası, tarihi ve ön eki değiştirilemez. Devam etmek istiyor musunuz?'

2021-11-19 17:12:57 - [TEST_STEP][PASSED] - RaporNo = getText(findTestObject("Popup/Popup")).substring(0, 6): Text of object 'Object Repository/Popup/Popup' is: 'Oluşturulacak fatura numarası : EAR2021000000484 Fatura numarası oluşturulduktan sonra fatura silinemez. Fatura numarası, tarihi ve ön eki değiştirilemez. Devam etmek istiyor musunuz?'

2021-11-19 17:12:57 - [MESSAGE][INFO] - Finding Test Object 'Object Repository/Popup/Popup'

2021-11-19 17:12:57 - [MESSAGE][INFO] - Checking object

2021-11-19 17:12:57 - [MESSAGE][INFO] - Finding web element from Test Object's properties

2021-11-19 17:12:57 - [MESSAGE][INFO] - Checking timeout

2021-11-19 17:12:57 - [MESSAGE][INFO] - Finding web element with id: 'Object Repository/Popup/Popup' located by 'By.cssSelector: .bootbox-body' in '30' second(s)

2021-11-19 17:12:57 - [MESSAGE][INFO] - Smart Wait Function is triggered

2021-11-19 17:12:57 - [MESSAGE][INFO] - Found 1 web elements with id: 'Object Repository/Popup/Popup' located by 'By.cssSelector: .bootbox-body' in '30' second(s)

2021-11-19 17:12:57 - [MESSAGE][INFO] - Getting text of object 'Object Repository/Popup/Popup'

2021-11-19 17:12:57 - [MESSAGE][PASSED] - Text of object 'Object Repository/Popup/Popup' is: 'Oluşturulacak fatura numarası : EAR2021000000484 Fatura numarası oluşturulduktan sonra fatura silinemez. Fatura numarası, tarihi ve ön eki değiştirilemez. Devam etmek istiyor musunuz?'

2021-11-19 17:12:57 - [TEST_STEP][PASSED] - Console.println(RaporNo): null

2021-11-19 17:12:57 - [MESSAGE][PASSED] - Call Test Case 'Test Cases/Popup/PopupMesajiIceriyorMu' successfully

2021-11-19 17:12:57 - [MESSAGE][INFO] - Checking called Test Case

2021-11-19 17:12:57 - [MESSAGE][INFO] - Starting to call Test Case 'Test Cases/Popup/PopupButonSecilir'

2021-11-19 17:12:58 - [TEST_CASE][PASSED] - Test Cases/Popup/PopupButonSecilir: Test Cases/Popup/PopupButonSecilir

2021-11-19 17:12:58 - [TEST_STEP][PASSED] - Method.TextDegerineEsitElementeTikla(findTestObject("Popup/Popup_Butons"), Buton): Method.TextDegerineEsitElementeTikla is PASSED

2021-11-19 17:12:58 - [MESSAGE][INFO] - Finding Test Object 'Object Repository/Popup/Popup_Butons'

2021-11-19 17:12:58 - [MESSAGE][INFO] - Checking timeout

2021-11-19 17:12:58 - [MESSAGE][INFO] - Finding web element with id: 'Object Repository/Popup/Popup_Butons' located by 'By.cssSelector: .modal-footer>button' in '10' second(s)

2021-11-19 17:12:58 - [MESSAGE][INFO] - Smart Wait Function is triggered

2021-11-19 17:12:58 - [MESSAGE][INFO] - Found 2 web elements with id: 'Object Repository/Popup/Popup_Butons' located by 'By.cssSelector: .modal-footer>button' in '10' second(s)

2021-11-19 17:12:58 - [MESSAGE][PASSED] - Method.TextDegerineEsitElementeTikla is PASSED

2021-11-19 17:12:58 - [MESSAGE][PASSED] - Call Test Case 'Test Cases/Popup/PopupButonSecilir' successfully

2021-11-19 17:12:58 - [MESSAGE][INFO] - Checking called Test Case

2021-11-19 17:12:58 - [MESSAGE][INFO] - Starting to call Test Case 'Test Cases/Popup/PopupMesajiIceriyorMu'

2021-11-19 17:12:58 - [TEST_CASE][PASSED] - Test Cases/Popup/PopupMesajiIceriyorMu: Test Cases/Popup/PopupMesajiIceriyorMu

2021-11-19 17:12:58 - [TEST_STEP][PASSED] - waitForElementVisible(findTestObject("Popup/Popup"), 10): Object 'Object Repository/Popup/Popup' is visible

2021-11-19 17:12:58 - [MESSAGE][INFO] - Finding Test Object 'Object Repository/Popup/Popup'

2021-11-19 17:12:58 - [MESSAGE][INFO] - Checking object

2021-11-19 17:12:58 - [MESSAGE][INFO] - Checking timeout

2021-11-19 17:12:58 - [MESSAGE][INFO] - Finding web element from Test Object's properties

2021-11-19 17:12:58 - [MESSAGE][INFO] - Checking timeout

2021-11-19 17:12:58 - [MESSAGE][INFO] - Finding web element with id: 'Object Repository/Popup/Popup' located by 'By.cssSelector: .bootbox-body' in '10' second(s)

2021-11-19 17:12:58 - [MESSAGE][INFO] - Smart Wait Function is triggered

2021-11-19 17:12:59 - [MESSAGE][INFO] - Found 1 web elements with id: 'Object Repository/Popup/Popup' located by 'By.cssSelector: .bootbox-body' in '10' second(s)

2021-11-19 17:12:59 - [MESSAGE][PASSED] - Object 'Object Repository/Popup/Popup' is visible

2021-11-19 17:12:59 - [TEST_STEP][PASSED] - if (!(getText(findTestObject("Popup/Popup")).contains(Mesaj))): Text of object 'Object Repository/Popup/Popup' is: 'Fatura numaranız EAR2021000000484 olarak oluşmuştur.'

2021-11-19 17:12:59 - [MESSAGE][INFO] - Finding Test Object 'Object Repository/Popup/Popup'

2021-11-19 17:12:59 - [MESSAGE][INFO] - Checking object

2021-11-19 17:12:59 - [MESSAGE][INFO] - Finding web element from Test Object's properties

2021-11-19 17:12:59 - [MESSAGE][INFO] - Checking timeout

2021-11-19 17:12:59 - [MESSAGE][INFO] - Finding web element with id: 'Object Repository/Popup/Popup' located by 'By.cssSelector: .bootbox-body' in '30' second(s)

2021-11-19 17:12:59 - [MESSAGE][INFO] - Smart Wait Function is triggered

2021-11-19 17:12:59 - [MESSAGE][INFO] - Found 1 web elements with id: 'Object Repository/Popup/Popup' located by 'By.cssSelector: .bootbox-body' in '30' second(s)

2021-11-19 17:12:59 - [MESSAGE][INFO] - Getting text of object 'Object Repository/Popup/Popup'

2021-11-19 17:12:59 - [MESSAGE][PASSED] - Text of object 'Object Repository/Popup/Popup' is: 'Fatura numaranız EAR2021000000484 olarak oluşmuştur.'

2021-11-19 17:12:59 - [TEST_STEP][PASSED] - RaporNo = getText(findTestObject("Popup/Popup")).substring(0, 6): Text of object 'Object Repository/Popup/Popup' is: 'Fatura numaranız EAR2021000000484 olarak oluşmuştur.'

2021-11-19 17:12:59 - [MESSAGE][INFO] - Finding Test Object 'Object Repository/Popup/Popup'

2021-11-19 17:13:00 - [MESSAGE][INFO] - Checking object

2021-11-19 17:13:00 - [MESSAGE][INFO] - Finding web element from Test Object's properties

2021-11-19 17:13:00 - [MESSAGE][INFO] - Checking timeout

2021-11-19 17:13:00 - [MESSAGE][INFO] - Finding web element with id: 'Object Repository/Popup/Popup' located by 'By.cssSelector: .bootbox-body' in '30' second(s)

2021-11-19 17:13:00 - [MESSAGE][INFO] - Smart Wait Function is triggered

2021-11-19 17:13:00 - [MESSAGE][INFO] - Found 1 web elements with id: 'Object Repository/Popup/Popup' located by 'By.cssSelector: .bootbox-body' in '30' second(s)

2021-11-19 17:13:00 - [MESSAGE][INFO] - Getting text of object 'Object Repository/Popup/Popup'

2021-11-19 17:13:00 - [MESSAGE][PASSED] - Text of object 'Object Repository/Popup/Popup' is: 'Fatura numaranız EAR2021000000484 olarak oluşmuştur.'

2021-11-19 17:13:00 - [TEST_STEP][PASSED] - Console.println(RaporNo): null

2021-11-19 17:13:00 - [MESSAGE][PASSED] - Call Test Case 'Test Cases/Popup/PopupMesajiIceriyorMu' successfully

2021-11-19 17:13:00 - [MESSAGE][INFO] - Checking called Test Case

2021-11-19 17:13:00 - [MESSAGE][INFO] - Starting to call Test Case 'Test Cases/Popup/PopupButonSecilir'

2021-11-19 17:13:00 - [TEST_CASE][PASSED] - Test Cases/Popup/PopupButonSecilir: Test Cases/Popup/PopupButonSecilir

2021-11-19 17:13:00 - [TEST_STEP][PASSED] - Method.TextDegerineEsitElementeTikla(findTestObject("Popup/Popup_Butons"), Buton): Method.TextDegerineEsitElementeTikla is PASSED

2021-11-19 17:13:00 - [MESSAGE][INFO] - Finding Test Object 'Object Repository/Popup/Popup_Butons'

2021-11-19 17:13:00 - [MESSAGE][INFO] - Checking timeout

2021-11-19 17:13:00 - [MESSAGE][INFO] - Finding web element with id: 'Object Repository/Popup/Popup_Butons' located by 'By.cssSelector: .modal-footer>button' in '10' second(s)

2021-11-19 17:13:00 - [MESSAGE][INFO] - Smart Wait Function is triggered

2021-11-19 17:13:00 - [MESSAGE][INFO] - Found 1 web elements with id: 'Object Repository/Popup/Popup_Butons' located by 'By.cssSelector: .modal-footer>button' in '10' second(s)

2021-11-19 17:13:00 - [MESSAGE][PASSED] - Method.TextDegerineEsitElementeTikla is PASSED

2021-11-19 17:13:00 - [MESSAGE][PASSED] - Call Test Case 'Test Cases/Popup/PopupButonSecilir' successfully

2021-11-19 17:13:00 - [MESSAGE][INFO] - Checking called Test Case

2021-11-19 17:13:00 - [MESSAGE][INFO] - Starting to call Test Case 'Test Cases/Tablo/TablodanEttnliVeriSec'

2021-11-19 17:13:00 - [TEST_CASE][PASSED] - Test Cases/Tablo/TablodanEttnliVeriSec: Test Cases/Tablo/TablodanEttnliVeriSec

2021-11-19 17:13:00 - [TEST_STEP][PASSED] - Method.TextDegerineEsitElementinAltindakineTikla(findTestObject("Tablo/Veriler"), findTestObject("Tablo/VerininCheckBoxi"), ettn): Method.TextDegerineEsitElementinAltindakineTikla is PASSED

2021-11-19 17:13:00 - [MESSAGE][INFO] - Finding Test Object 'Object Repository/Tablo/Veriler'

2021-11-19 17:13:01 - [MESSAGE][INFO] - Finding Test Object 'Object Repository/Tablo/VerininCheckBoxi'

2021-11-19 17:13:01 - [MESSAGE][INFO] - Checking timeout

2021-11-19 17:13:01 - [MESSAGE][INFO] - Finding web element with id: 'Object Repository/Tablo/Veriler' located by 'By.cssSelector: td.dxgv b ,td.dxgv' in '10' second(s)

2021-11-19 17:13:01 - [MESSAGE][INFO] - Smart Wait Function is triggered

2021-11-19 17:13:01 - [MESSAGE][INFO] - Found 70 web elements with id: 'Object Repository/Tablo/Veriler' located by 'By.cssSelector: td.dxgv b ,td.dxgv' in '10' second(s)

2021-11-19 17:13:01 - [MESSAGE][INFO] - Smart Wait Function is triggered

2021-11-19 17:13:02 - [MESSAGE][PASSED] - Method.TextDegerineEsitElementinAltindakineTikla is PASSED

2021-11-19 17:13:02 - [MESSAGE][PASSED] - Call Test Case 'Test Cases/Tablo/TablodanEttnliVeriSec' successfully

2021-11-19 17:13:02 - [MESSAGE][INFO] - Checking called Test Case

2021-11-19 17:13:02 - [MESSAGE][INFO] - Starting to call Test Case 'Test Cases/Butonlar/ButonaTikla'

2021-11-19 17:13:02 - [TEST_CASE][PASSED] - Test Cases/Butonlar/ButonaTikla: Test Cases/Butonlar/ButonaTikla

2021-11-19 17:13:02 - [TEST_STEP][PASSED] - Method.TextDegerineEsitElementeTiklaEquals(findTestObject("Butonlar/Butonlar"), Buton_Adi): Method.TextDegerineEsitElementeTiklaEquals is PASSED

2021-11-19 17:13:02 - [MESSAGE][INFO] - Finding Test Object 'Object Repository/Butonlar/Butonlar'

2021-11-19 17:13:02 - [MESSAGE][INFO] - Checking timeout

2021-11-19 17:13:02 - [MESSAGE][INFO] - Finding web element with id: 'Object Repository/Butonlar/Butonlar' located by 'By.cssSelector: .panel.panel-default.text-center.footerPanel .btn,.btn.btn-primary.btnControls' in '10' second(s)

2021-11-19 17:13:02 - [MESSAGE][INFO] - Smart Wait Function is triggered

2021-11-19 17:13:02 - [MESSAGE][INFO] - Found 9 web elements with id: 'Object Repository/Butonlar/Butonlar' located by 'By.cssSelector: .panel.panel-default.text-center.footerPanel .btn,.btn.btn-primary.btnControls' in '10' second(s)

2021-11-19 17:13:03 - [MESSAGE][PASSED] - Method.TextDegerineEsitElementeTiklaEquals is PASSED

2021-11-19 17:13:03 - [MESSAGE][PASSED] - Call Test Case 'Test Cases/Butonlar/ButonaTikla' successfully

2021-11-19 17:13:03 - [MESSAGE][INFO] - Checking called Test Case

2021-11-19 17:13:03 - [MESSAGE][INFO] - Starting to call Test Case 'Test Cases/Popup/PopupMesajiIceriyorMu'

2021-11-19 17:13:03 - [TEST_CASE][PASSED] - Test Cases/Popup/PopupMesajiIceriyorMu: Test Cases/Popup/PopupMesajiIceriyorMu

2021-11-19 17:13:03 - [TEST_STEP][PASSED] - waitForElementVisible(findTestObject("Popup/Popup"), 10): Object 'Object Repository/Popup/Popup' is visible

2021-11-19 17:13:03 - [MESSAGE][INFO] - Finding Test Object 'Object Repository/Popup/Popup'

2021-11-19 17:13:03 - [MESSAGE][INFO] - Checking object

2021-11-19 17:13:03 - [MESSAGE][INFO] - Checking timeout

2021-11-19 17:13:03 - [MESSAGE][INFO] - Finding web element from Test Object's properties

2021-11-19 17:13:03 - [MESSAGE][INFO] - Checking timeout

2021-11-19 17:13:03 - [MESSAGE][INFO] - Finding web element with id: 'Object Repository/Popup/Popup' located by 'By.cssSelector: .bootbox-body' in '10' second(s)

2021-11-19 17:13:03 - [MESSAGE][INFO] - Smart Wait Function is triggered

2021-11-19 17:13:03 - [MESSAGE][INFO] - Found 1 web elements with id: 'Object Repository/Popup/Popup' located by 'By.cssSelector: .bootbox-body' in '10' second(s)

2021-11-19 17:13:03 - [MESSAGE][PASSED] - Object 'Object Repository/Popup/Popup' is visible

2021-11-19 17:13:03 - [TEST_STEP][PASSED] - if (!(getText(findTestObject("Popup/Popup")).contains(Mesaj))): Text of object 'Object Repository/Popup/Popup' is: 'Seçilen faturalarınız onaylanacaktır. Onaylanan faturalar üzerinde değişiklik yapılamaz. Devam etmek istiyor musunuz?'

2021-11-19 17:13:03 - [MESSAGE][INFO] - Finding Test Object 'Object Repository/Popup/Popup'

2021-11-19 17:13:03 - [MESSAGE][INFO] - Checking object

2021-11-19 17:13:03 - [MESSAGE][INFO] - Finding web element from Test Object's properties

2021-11-19 17:13:03 - [MESSAGE][INFO] - Checking timeout

2021-11-19 17:13:03 - [MESSAGE][INFO] - Finding web element with id: 'Object Repository/Popup/Popup' located by 'By.cssSelector: .bootbox-body' in '30' second(s)

2021-11-19 17:13:03 - [MESSAGE][INFO] - Smart Wait Function is triggered

2021-11-19 17:13:04 - [MESSAGE][INFO] - Found 1 web elements with id: 'Object Repository/Popup/Popup' located by 'By.cssSelector: .bootbox-body' in '30' second(s)

2021-11-19 17:13:04 - [MESSAGE][INFO] - Getting text of object 'Object Repository/Popup/Popup'

2021-11-19 17:13:04 - [MESSAGE][PASSED] - Text of object 'Object Repository/Popup/Popup' is: 'Seçilen faturalarınız onaylanacaktır. Onaylanan faturalar üzerinde değişiklik yapılamaz. Devam etmek istiyor musunuz?'

2021-11-19 17:13:04 - [TEST_STEP][PASSED] - RaporNo = getText(findTestObject("Popup/Popup")).substring(0, 6): Text of object 'Object Repository/Popup/Popup' is: 'Seçilen faturalarınız onaylanacaktır. Onaylanan faturalar üzerinde değişiklik yapılamaz. Devam etmek istiyor musunuz?'

2021-11-19 17:13:04 - [MESSAGE][INFO] - Finding Test Object 'Object Repository/Popup/Popup'

2021-11-19 17:13:04 - [MESSAGE][INFO] - Checking object

2021-11-19 17:13:04 - [MESSAGE][INFO] - Finding web element from Test Object's properties

2021-11-19 17:13:04 - [MESSAGE][INFO] - Checking timeout

2021-11-19 17:13:04 - [MESSAGE][INFO] - Finding web element with id: 'Object Repository/Popup/Popup' located by 'By.cssSelector: .bootbox-body' in '30' second(s)

2021-11-19 17:13:04 - [MESSAGE][INFO] - Smart Wait Function is triggered

2021-11-19 17:13:04 - [MESSAGE][INFO] - Found 1 web elements with id: 'Object Repository/Popup/Popup' located by 'By.cssSelector: .bootbox-body' in '30' second(s)

2021-11-19 17:13:04 - [MESSAGE][INFO] - Getting text of object 'Object Repository/Popup/Popup'

2021-11-19 17:13:04 - [MESSAGE][PASSED] - Text of object 'Object Repository/Popup/Popup' is: 'Seçilen faturalarınız onaylanacaktır. Onaylanan faturalar üzerinde değişiklik yapılamaz. Devam etmek istiyor musunuz?'

2021-11-19 17:13:04 - [TEST_STEP][PASSED] - Console.println(RaporNo): null

2021-11-19 17:13:04 - [MESSAGE][PASSED] - Call Test Case 'Test Cases/Popup/PopupMesajiIceriyorMu' successfully

2021-11-19 17:13:04 - [MESSAGE][INFO] - Checking called Test Case

2021-11-19 17:13:04 - [MESSAGE][INFO] - Starting to call Test Case 'Test Cases/Popup/PopupButonSecilir'

2021-11-19 17:13:04 - [TEST_CASE][PASSED] - Test Cases/Popup/PopupButonSecilir: Test Cases/Popup/PopupButonSecilir

2021-11-19 17:13:04 - [TEST_STEP][PASSED] - Method.TextDegerineEsitElementeTikla(findTestObject("Popup/Popup_Butons"), Buton): Method.TextDegerineEsitElementeTikla is PASSED

2021-11-19 17:13:04 - [MESSAGE][INFO] - Finding Test Object 'Object Repository/Popup/Popup_Butons'

2021-11-19 17:13:04 - [MESSAGE][INFO] - Checking timeout

2021-11-19 17:13:04 - [MESSAGE][INFO] - Finding web element with id: 'Object Repository/Popup/Popup_Butons' located by 'By.cssSelector: .modal-footer>button' in '10' second(s)

2021-11-19 17:13:04 - [MESSAGE][INFO] - Smart Wait Function is triggered

2021-11-19 17:13:04 - [MESSAGE][INFO] - Found 2 web elements with id: 'Object Repository/Popup/Popup_Butons' located by 'By.cssSelector: .modal-footer>button' in '10' second(s)

2021-11-19 17:13:05 - [MESSAGE][PASSED] - Method.TextDegerineEsitElementeTikla is PASSED

2021-11-19 17:13:05 - [MESSAGE][PASSED] - Call Test Case 'Test Cases/Popup/PopupButonSecilir' successfully

2021-11-19 17:13:05 - [MESSAGE][INFO] - Checking called Test Case

2021-11-19 17:13:05 - [MESSAGE][INFO] - Starting to call Test Case 'Test Cases/Menu/AnaMenuSecimi'

2021-11-19 17:13:05 - [TEST_CASE][PASSED] - Test Cases/Menu/AnaMenuSecimi: Test Cases/Menu/AnaMenuSecimi

2021-11-19 17:13:05 - [TEST_STEP][PASSED] - Method.TextDegerineEsitElementeTikla(findTestObject("Menu/Ana_Menu"), Ana_Menu): Method.TextDegerineEsitElementeTikla is PASSED

2021-11-19 17:13:05 - [MESSAGE][INFO] - Finding Test Object 'Object Repository/Menu/Ana_Menu'

2021-11-19 17:13:05 - [MESSAGE][INFO] - Checking timeout

2021-11-19 17:13:05 - [MESSAGE][INFO] - Finding web element with id: 'Object Repository/Menu/Ana_Menu' located by 'By.xpath: //*[@class = 'dropdown-toggle']' in '10' second(s)

2021-11-19 17:13:05 - [MESSAGE][INFO] - Smart Wait Function is triggered

2021-11-19 17:13:06 - [MESSAGE][INFO] - Found 13 web elements with id: 'Object Repository/Menu/Ana_Menu' located by 'By.xpath: //*[@class = 'dropdown-toggle']' in '10' second(s)

2021-11-19 17:13:06 - [MESSAGE][PASSED] - Method.TextDegerineEsitElementeTikla is PASSED

2021-11-19 17:13:06 - [MESSAGE][PASSED] - Call Test Case 'Test Cases/Menu/AnaMenuSecimi' successfully

2021-11-19 17:13:06 - [MESSAGE][INFO] - Checking called Test Case

2021-11-19 17:13:06 - [MESSAGE][INFO] - Starting to call Test Case 'Test Cases/Menu/BasligaGoreAltMenuSecimi'

2021-11-19 17:13:06 - [TEST_CASE][PASSED] - Test Cases/Menu/BasligaGoreAltMenuSecimi: Test Cases/Menu/BasligaGoreAltMenuSecimi

2021-11-19 17:13:06 - [TEST_STEP][PASSED] - Method.TextDegerineEsitElementinAltindakiTextDegerineEsitOlanaTikla(findTestObject("Menu/Menu_Basligi"), findTestObject("Menu/Basliga_Gore_Alt_Menu"), Baslik, Alt_Menu): Method.TextDegerineEsitElementinAltindakiTextDegerineEsitOlanaTikla is PASSED

2021-11-19 17:13:06 - [MESSAGE][INFO] - Finding Test Object 'Object Repository/Menu/Menu_Basligi'

2021-11-19 17:13:06 - [MESSAGE][INFO] - Finding Test Object 'Object Repository/Menu/Basliga_Gore_Alt_Menu'

2021-11-19 17:13:06 - [MESSAGE][INFO] - Checking timeout

2021-11-19 17:13:06 - [MESSAGE][INFO] - Finding web element with id: 'Object Repository/Menu/Menu_Basligi' located by 'By.xpath: //li[@class='dropdown dropdown-large open']//li[@class='dropdown-header']' in '10' second(s)

2021-11-19 17:13:06 - [MESSAGE][INFO] - Smart Wait Function is triggered

2021-11-19 17:13:06 - [MESSAGE][INFO] - Found 2 web elements with id: 'Object Repository/Menu/Menu_Basligi' located by 'By.xpath: //li[@class='dropdown dropdown-large open']//li[@class='dropdown-header']' in '10' second(s)

2021-11-19 17:13:06 - [MESSAGE][INFO] - Smart Wait Function is triggered

2021-11-19 17:13:07 - [MESSAGE][PASSED] - Method.TextDegerineEsitElementinAltindakiTextDegerineEsitOlanaTikla is PASSED

2021-11-19 17:13:07 - [MESSAGE][PASSED] - Call Test Case 'Test Cases/Menu/BasligaGoreAltMenuSecimi' successfully

2021-11-19 17:13:07 - [MESSAGE][INFO] - Checking called Test Case

2021-11-19 17:13:07 - [MESSAGE][INFO] - Starting to call Test Case 'Test Cases/Filtreler/EttnYaz'

2021-11-19 17:13:08 - [TEST_CASE][PASSED] - Test Cases/Filtreler/EttnYaz: Test Cases/Filtreler/EttnYaz

2021-11-19 17:13:08 - [TEST_STEP][PASSED] - Method.TextDegerineEsitElementinAltindakiTextboxtaYaz(findTestObject("Filtreler/Basliklar"), findTestObject("Filtreler/Basliga_Gore_Textbox"), "ETTN", ettn): Method.TextDegerineEsitElementinAltindakiTextboxtaYaz is PASSED

2021-11-19 17:13:08 - [MESSAGE][INFO] - Finding Test Object 'Object Repository/Filtreler/Basliklar'

2021-11-19 17:13:08 - [MESSAGE][INFO] - Finding Test Object 'Object Repository/Filtreler/Basliga_Gore_Textbox'

2021-11-19 17:13:08 - [MESSAGE][INFO] - Checking timeout

2021-11-19 17:13:08 - [MESSAGE][INFO] - Finding web element with id: 'Object Repository/Filtreler/Basliklar' located by 'By.cssSelector: .control-label.col-sm-4.paddingMarginRLC' in '10' second(s)

2021-11-19 17:13:08 - [MESSAGE][INFO] - Smart Wait Function is triggered

2021-11-19 17:13:08 - [MESSAGE][INFO] - Found 19 web elements with id: 'Object Repository/Filtreler/Basliklar' located by 'By.cssSelector: .control-label.col-sm-4.paddingMarginRLC' in '10' second(s)

2021-11-19 17:13:08 - [MESSAGE][INFO] - Smart Wait Function is triggered

2021-11-19 17:13:08 - [MESSAGE][PASSED] - Method.TextDegerineEsitElementinAltindakiTextboxtaYaz is PASSED

2021-11-19 17:13:08 - [MESSAGE][PASSED] - Call Test Case 'Test Cases/Filtreler/EttnYaz' successfully

2021-11-19 17:13:08 - [MESSAGE][INFO] - Checking called Test Case

2021-11-19 17:13:08 - [MESSAGE][INFO] - Starting to call Test Case 'Test Cases/Filtreler/ButonaTikla'

2021-11-19 17:13:09 - [TEST_CASE][PASSED] - Test Cases/Filtreler/ButonaTikla: Test Cases/Filtreler/ButonaTikla

2021-11-19 17:13:09 - [TEST_STEP][PASSED] - Method.TextDegerineEsitElementeTikla(findTestObject("Filtreler/Butonlar"), Filtre_Buton): Method.TextDegerineEsitElementeTikla is PASSED

2021-11-19 17:13:09 - [MESSAGE][INFO] - Finding Test Object 'Object Repository/Filtreler/Butonlar'

2021-11-19 17:13:09 - [MESSAGE][INFO] - Checking timeout

2021-11-19 17:13:09 - [MESSAGE][INFO] - Finding web element with id: 'Object Repository/Filtreler/Butonlar' located by 'By.cssSelector: .dxb>span' in '10' second(s)

2021-11-19 17:13:09 - [MESSAGE][INFO] - Smart Wait Function is triggered

2021-11-19 17:13:09 - [MESSAGE][INFO] - Found 3 web elements with id: 'Object Repository/Filtreler/Butonlar' located by 'By.cssSelector: .dxb>span' in '10' second(s)

2021-11-19 17:13:09 - [MESSAGE][PASSED] - Method.TextDegerineEsitElementeTikla is PASSED

2021-11-19 17:13:09 - [MESSAGE][PASSED] - Call Test Case 'Test Cases/Filtreler/ButonaTikla' successfully

2021-11-19 17:13:09 - [MESSAGE][INFO] - Checking called Test Case

2021-11-19 17:13:09 - [MESSAGE][INFO] - Starting to call Test Case 'Test Cases/Tablo/TablodaVeriVarMi'

2021-11-19 17:13:09 - [TEST_CASE][PASSED] - Test Cases/Tablo/TablodaVeriVarMi: Test Cases/Tablo/TablodaVeriVarMi

2021-11-19 17:13:09 - [TEST_STEP][PASSED] - verifyTextNotPresent("Görüntülenecek veri yok", true): Text 'Görüntülenecek veri yok' is not present on page using regular expression

2021-11-19 17:13:09 - [MESSAGE][INFO] - Checking text present  using regular expression

2021-11-19 17:13:09 - [MESSAGE][INFO] - Smart Wait Function is triggered

2021-11-19 17:13:10 - [MESSAGE][INFO] - Finding text 'Görüntülenecek veri yok' on page  using regular expression

2021-11-19 17:13:10 - [MESSAGE][PASSED] - Text 'Görüntülenecek veri yok' is not present on page using regular expression

2021-11-19 17:13:10 - [MESSAGE][PASSED] - Call Test Case 'Test Cases/Tablo/TablodaVeriVarMi' successfully

2021-11-19 17:13:10 - [MESSAGE][INFO] - Checking called Test Case

2021-11-19 17:13:10 - [MESSAGE][INFO] - Starting to call Test Case 'Test Cases/Tablo/TablodaVeriBasariliMiArsiv'

2021-11-19 17:13:10 - [TEST_CASE][PASSED] - Test Cases/Tablo/TablodaVeriBasariliMiArsiv: Test Cases/Tablo/TablodaVeriBasariliMiArsiv

2021-11-19 17:13:10 - [TEST_STEP][PASSED] - sayac = 80: null

2021-11-19 17:13:10 - [TEST_STEP][PASSED] - while (verifyElementText(findTestObject("Object Repository/Tablo/DurumBilgisiArsiv"), "Henüz Sonuçlanmadı", OPTIONAL)): Actual text 'Başarılı' and expected text 'Henüz Sonuçlanmadı' of test object 'Object Repository/Tablo/DurumBilgisiArsiv' are NOT matched. (Root cause: com.kms.katalon.core.exception.StepFailedException: Actual text 'Başarılı' and expected text 'Henüz Sonuçlanmadı' of test object 'Object Repository/Tablo/DurumBilgisiArsiv' are NOT matched.
	at com.kms.katalon.core.webui.keyword.internal.WebUIKeywordMain.stepFailed(WebUIKeywordMain.groovy:64)
	at com.kms.katalon.core.webui.keyword.builtin.VerifyElementTextKeyword$_verifyElementText_closure1.doCall(VerifyElementTextKeyword.groovy:57)
	at com.kms.katalon.core.webui.keyword.builtin.VerifyElementTextKeyword$_verifyElementText_closure1.call(VerifyElementTextKeyword.groovy)
	at com.kms.katalon.core.webui.keyword.internal.WebUIKeywordMain.runKeyword(WebUIKeywordMain.groovy:20)
	at com.kms.katalon.core.webui.keyword.builtin.VerifyElementTextKeyword.verifyElementText(VerifyElementTextKeyword.groovy:72)
	at com.kms.katalon.core.webui.keyword.builtin.VerifyElementTextKeyword.execute(VerifyElementTextKeyword.groovy:40)
	at com.kms.katalon.core.keyword.internal.KeywordExecutor.executeKeywordForPlatform(KeywordExecutor.groovy:73)
	at com.kms.katalon.core.webui.keyword.WebUiBuiltInKeywords.verifyElementText(WebUiBuiltInKeywords.groovy:4733)
	at com.kms.katalon.core.webui.keyword.WebUiBuiltInKeywords$verifyElementText$20.call(Unknown Source)
	at TablodaVeriBasariliMiArsiv.run(TablodaVeriBasariliMiArsiv:22)
	at com.kms.katalon.core.main.ScriptEngine.run(ScriptEngine.java:194)
	at com.kms.katalon.core.main.ScriptEngine.runScriptAsRawText(ScriptEngine.java:119)
	at com.kms.katalon.core.main.TestCaseExecutor.runScript(TestCaseExecutor.java:369)
	at com.kms.katalon.core.main.TestCaseExecutor.doExecute(TestCaseExecutor.java:360)
	at com.kms.katalon.core.main.TestCaseExecutor.processExecutionPhase(TestCaseExecutor.java:339)
	at com.kms.katalon.core.main.TestCaseExecutor.accessMainPhase(TestCaseExecutor.java:331)
	at com.kms.katalon.core.main.TestCaseExecutor.execute(TestCaseExecutor.java:248)
	at com.kms.katalon.core.main.TestCaseMain.runTestCase(TestCaseMain.java:138)
	at com.kms.katalon.core.keyword.builtin.CallTestCaseKeyword$_callTestCase_closure1.doCall(CallTestCaseKeyword.groovy:59)
	at com.kms.katalon.core.keyword.builtin.CallTestCaseKeyword$_callTestCase_closure1.call(CallTestCaseKeyword.groovy)
	at com.kms.katalon.core.keyword.internal.KeywordMain.runKeyword(KeywordMain.groovy:68)
	at com.kms.katalon.core.keyword.builtin.CallTestCaseKeyword.callTestCase(CallTestCaseKeyword.groovy:81)
	at com.kms.katalon.core.keyword.builtin.CallTestCaseKeyword.execute(CallTestCaseKeyword.groovy:44)
	at com.kms.katalon.core.keyword.internal.KeywordExecutor.executeKeywordForPlatform(KeywordExecutor.groovy:73)
	at com.kms.katalon.core.keyword.BuiltinKeywords.callTestCase(BuiltinKeywords.groovy:334)
	at tablo.tablo.tablodaVeriBasariliMiArsiv(tablo.groovy:95)
	at cucumber.runtime.Utils$1.call(Utils.java:26)
	at cucumber.runtime.Timeout.timeout(Timeout.java:16)
	at cucumber.runtime.Utils.invoke(Utils.java:20)
	at cucumber.runtime.java.JavaStepDefinition.execute(JavaStepDefinition.java:49)
	at cucumber.runner.PickleStepDefinitionMatch.runStep(PickleStepDefinitionMatch.java:50)
	at cucumber.runner.TestStep.executeStep(TestStep.java:63)
	at cucumber.runner.TestStep.run(TestStep.java:49)
	at cucumber.runner.PickleStepTestStep.run(PickleStepTestStep.java:43)
	at cucumber.runner.TestCase.run(TestCase.java:44)
	at cucumber.runner.Runner.runPickle(Runner.java:40)
	at cucumber.runtime.Runtime$1.run(Runtime.java:84)
	at cucumber.runtime.Runtime$SameThreadExecutorService.execute(Runtime.java:220)
	at cucumber.runtime.Runtime.run(Runtime.java:81)
	at cucumber.api.cli.Main.run(Main.java:26)
	at cucumber.api.cli.Main$run.call(Unknown Source)
	at com.kms.katalon.core.cucumber.keyword.CucumberBuiltinKeywords$_runFeatureFile_closure1.doCall(CucumberBuiltinKeywords.groovy:106)
	at com.kms.katalon.core.cucumber.keyword.CucumberBuiltinKeywords$_runFeatureFile_closure1.doCall(CucumberBuiltinKeywords.groovy)
	at com.kms.katalon.core.keyword.internal.KeywordMain.runKeyword(KeywordMain.groovy:68)
	at com.kms.katalon.core.keyword.internal.KeywordMain$runKeyword.call(Unknown Source)
	at com.kms.katalon.core.cucumber.keyword.CucumberBuiltinKeywords.runFeatureFile(CucumberBuiltinKeywords.groovy:73)
	at com.kms.katalon.core.cucumber.keyword.CucumberBuiltinKeywords$runFeatureFile$0.callStatic(Unknown Source)
	at com.kms.katalon.core.cucumber.keyword.CucumberBuiltinKeywords.runFeatureFile(CucumberBuiltinKeywords.groovy:246)
	at com.kms.katalon.core.cucumber.keyword.CucumberBuiltinKeywords$runFeatureFile.call(Unknown Source)
	at VKN-Kagit-Ihrac Kayitli.run(VKN-Kagit-Ihrac Kayitli:19)
	at com.kms.katalon.core.main.ScriptEngine.run(ScriptEngine.java:194)
	at com.kms.katalon.core.main.ScriptEngine.runScriptAsRawText(ScriptEngine.java:119)
	at com.kms.katalon.core.main.TestCaseExecutor.runScript(TestCaseExecutor.java:369)
	at com.kms.katalon.core.main.TestCaseExecutor.doExecute(TestCaseExecutor.java:360)
	at com.kms.katalon.core.main.TestCaseExecutor.processExecutionPhase(TestCaseExecutor.java:339)
	at com.kms.katalon.core.main.TestCaseExecutor.accessMainPhase(TestCaseExecutor.java:331)
	at com.kms.katalon.core.main.TestCaseExecutor.execute(TestCaseExecutor.java:248)
	at com.kms.katalon.core.main.TestSuiteExecutor.accessTestCaseMainPhase(TestSuiteExecutor.java:191)
	at com.kms.katalon.core.main.TestSuiteExecutor.accessTestSuiteMainPhase(TestSuiteExecutor.java:140)
	at com.kms.katalon.core.main.TestSuiteExecutor.execute(TestSuiteExecutor.java:89)
	at com.kms.katalon.core.main.TestCaseMain.startTestSuite(TestCaseMain.java:181)
	at com.kms.katalon.core.main.TestCaseMain$startTestSuite$0.call(Unknown Source)
	at TempTestSuite1637329560940.run(TempTestSuite1637329560940.groovy:39)
)

2021-11-19 17:13:10 - [MESSAGE][INFO] - Finding Test Object 'Object Repository/Tablo/DurumBilgisiArsiv'

2021-11-19 17:13:10 - [MESSAGE][INFO] - Checking object

2021-11-19 17:13:10 - [MESSAGE][INFO] - Finding web element from Test Object's properties

2021-11-19 17:13:10 - [MESSAGE][INFO] - Checking timeout

2021-11-19 17:13:10 - [MESSAGE][INFO] - Finding web element with id: 'Object Repository/Tablo/DurumBilgisiArsiv' located by 'By.xpath: //*[@id = 'GridViewEArchiveInvoices_tccell0_9']' in '30' second(s)

2021-11-19 17:13:10 - [MESSAGE][INFO] - Smart Wait Function is triggered

2021-11-19 17:13:10 - [MESSAGE][INFO] - Found 1 web elements with id: 'Object Repository/Tablo/DurumBilgisiArsiv' located by 'By.xpath: //*[@id = 'GridViewEArchiveInvoices_tccell0_9']' in '30' second(s)

2021-11-19 17:13:10 - [MESSAGE][WARNING] - Actual text 'Başarılı' and expected text 'Henüz Sonuçlanmadı' of test object 'Object Repository/Tablo/DurumBilgisiArsiv' are NOT matched. (Root cause: com.kms.katalon.core.exception.StepFailedException: Actual text 'Başarılı' and expected text 'Henüz Sonuçlanmadı' of test object 'Object Repository/Tablo/DurumBilgisiArsiv' are NOT matched.
	at com.kms.katalon.core.webui.keyword.internal.WebUIKeywordMain.stepFailed(WebUIKeywordMain.groovy:64)
	at com.kms.katalon.core.webui.keyword.builtin.VerifyElementTextKeyword$_verifyElementText_closure1.doCall(VerifyElementTextKeyword.groovy:57)
	at com.kms.katalon.core.webui.keyword.builtin.VerifyElementTextKeyword$_verifyElementText_closure1.call(VerifyElementTextKeyword.groovy)
	at com.kms.katalon.core.webui.keyword.internal.WebUIKeywordMain.runKeyword(WebUIKeywordMain.groovy:20)
	at com.kms.katalon.core.webui.keyword.builtin.VerifyElementTextKeyword.verifyElementText(VerifyElementTextKeyword.groovy:72)
	at com.kms.katalon.core.webui.keyword.builtin.VerifyElementTextKeyword.execute(VerifyElementTextKeyword.groovy:40)
	at com.kms.katalon.core.keyword.internal.KeywordExecutor.executeKeywordForPlatform(KeywordExecutor.groovy:73)
	at com.kms.katalon.core.webui.keyword.WebUiBuiltInKeywords.verifyElementText(WebUiBuiltInKeywords.groovy:4733)
	at com.kms.katalon.core.webui.keyword.WebUiBuiltInKeywords$verifyElementText$20.call(Unknown Source)
	at TablodaVeriBasariliMiArsiv.run(TablodaVeriBasariliMiArsiv:22)
	at com.kms.katalon.core.main.ScriptEngine.run(ScriptEngine.java:194)
	at com.kms.katalon.core.main.ScriptEngine.runScriptAsRawText(ScriptEngine.java:119)
	at com.kms.katalon.core.main.TestCaseExecutor.runScript(TestCaseExecutor.java:369)
	at com.kms.katalon.core.main.TestCaseExecutor.doExecute(TestCaseExecutor.java:360)
	at com.kms.katalon.core.main.TestCaseExecutor.processExecutionPhase(TestCaseExecutor.java:339)
	at com.kms.katalon.core.main.TestCaseExecutor.accessMainPhase(TestCaseExecutor.java:331)
	at com.kms.katalon.core.main.TestCaseExecutor.execute(TestCaseExecutor.java:248)
	at com.kms.katalon.core.main.TestCaseMain.runTestCase(TestCaseMain.java:138)
	at com.kms.katalon.core.keyword.builtin.CallTestCaseKeyword$_callTestCase_closure1.doCall(CallTestCaseKeyword.groovy:59)
	at com.kms.katalon.core.keyword.builtin.CallTestCaseKeyword$_callTestCase_closure1.call(CallTestCaseKeyword.groovy)
	at com.kms.katalon.core.keyword.internal.KeywordMain.runKeyword(KeywordMain.groovy:68)
	at com.kms.katalon.core.keyword.builtin.CallTestCaseKeyword.callTestCase(CallTestCaseKeyword.groovy:81)
	at com.kms.katalon.core.keyword.builtin.CallTestCaseKeyword.execute(CallTestCaseKeyword.groovy:44)
	at com.kms.katalon.core.keyword.internal.KeywordExecutor.executeKeywordForPlatform(KeywordExecutor.groovy:73)
	at com.kms.katalon.core.keyword.BuiltinKeywords.callTestCase(BuiltinKeywords.groovy:334)
	at tablo.tablo.tablodaVeriBasariliMiArsiv(tablo.groovy:95)
	at cucumber.runtime.Utils$1.call(Utils.java:26)
	at cucumber.runtime.Timeout.timeout(Timeout.java:16)
	at cucumber.runtime.Utils.invoke(Utils.java:20)
	at cucumber.runtime.java.JavaStepDefinition.execute(JavaStepDefinition.java:49)
	at cucumber.runner.PickleStepDefinitionMatch.runStep(PickleStepDefinitionMatch.java:50)
	at cucumber.runner.TestStep.executeStep(TestStep.java:63)
	at cucumber.runner.TestStep.run(TestStep.java:49)
	at cucumber.runner.PickleStepTestStep.run(PickleStepTestStep.java:43)
	at cucumber.runner.TestCase.run(TestCase.java:44)
	at cucumber.runner.Runner.runPickle(Runner.java:40)
	at cucumber.runtime.Runtime$1.run(Runtime.java:84)
	at cucumber.runtime.Runtime$SameThreadExecutorService.execute(Runtime.java:220)
	at cucumber.runtime.Runtime.run(Runtime.java:81)
	at cucumber.api.cli.Main.run(Main.java:26)
	at cucumber.api.cli.Main$run.call(Unknown Source)
	at com.kms.katalon.core.cucumber.keyword.CucumberBuiltinKeywords$_runFeatureFile_closure1.doCall(CucumberBuiltinKeywords.groovy:106)
	at com.kms.katalon.core.cucumber.keyword.CucumberBuiltinKeywords$_runFeatureFile_closure1.doCall(CucumberBuiltinKeywords.groovy)
	at com.kms.katalon.core.keyword.internal.KeywordMain.runKeyword(KeywordMain.groovy:68)
	at com.kms.katalon.core.keyword.internal.KeywordMain$runKeyword.call(Unknown Source)
	at com.kms.katalon.core.cucumber.keyword.CucumberBuiltinKeywords.runFeatureFile(CucumberBuiltinKeywords.groovy:73)
	at com.kms.katalon.core.cucumber.keyword.CucumberBuiltinKeywords$runFeatureFile$0.callStatic(Unknown Source)
	at com.kms.katalon.core.cucumber.keyword.CucumberBuiltinKeywords.runFeatureFile(CucumberBuiltinKeywords.groovy:246)
	at com.kms.katalon.core.cucumber.keyword.CucumberBuiltinKeywords$runFeatureFile.call(Unknown Source)
	at VKN-Kagit-Ihrac Kayitli.run(VKN-Kagit-Ihrac Kayitli:19)
	at com.kms.katalon.core.main.ScriptEngine.run(ScriptEngine.java:194)
	at com.kms.katalon.core.main.ScriptEngine.runScriptAsRawText(ScriptEngine.java:119)
	at com.kms.katalon.core.main.TestCaseExecutor.runScript(TestCaseExecutor.java:369)
	at com.kms.katalon.core.main.TestCaseExecutor.doExecute(TestCaseExecutor.java:360)
	at com.kms.katalon.core.main.TestCaseExecutor.processExecutionPhase(TestCaseExecutor.java:339)
	at com.kms.katalon.core.main.TestCaseExecutor.accessMainPhase(TestCaseExecutor.java:331)
	at com.kms.katalon.core.main.TestCaseExecutor.execute(TestCaseExecutor.java:248)
	at com.kms.katalon.core.main.TestSuiteExecutor.accessTestCaseMainPhase(TestSuiteExecutor.java:191)
	at com.kms.katalon.core.main.TestSuiteExecutor.accessTestSuiteMainPhase(TestSuiteExecutor.java:140)
	at com.kms.katalon.core.main.TestSuiteExecutor.execute(TestSuiteExecutor.java:89)
	at com.kms.katalon.core.main.TestCaseMain.startTestSuite(TestCaseMain.java:181)
	at com.kms.katalon.core.main.TestCaseMain$startTestSuite$0.call(Unknown Source)
	at TempTestSuite1637329560940.run(TempTestSuite1637329560940.groovy:39)
)

2021-11-19 17:13:10 - [TEST_STEP][PASSED] - Method.TextDegerineEsitElementVarMi(findTestObject("Object Repository/Tablo/DurumBilgisiArsiv"), "Başarılı"): Method.TextDegerineEsitElementVarMi is PASSED

2021-11-19 17:13:10 - [MESSAGE][INFO] - Finding Test Object 'Object Repository/Tablo/DurumBilgisiArsiv'

2021-11-19 17:13:11 - [MESSAGE][INFO] - Checking timeout

2021-11-19 17:13:11 - [MESSAGE][INFO] - Finding web element with id: 'Object Repository/Tablo/DurumBilgisiArsiv' located by 'By.xpath: //*[@id = 'GridViewEArchiveInvoices_tccell0_9']' in '10' second(s)

2021-11-19 17:13:11 - [MESSAGE][INFO] - Smart Wait Function is triggered

2021-11-19 17:13:11 - [MESSAGE][INFO] - Found 1 web elements with id: 'Object Repository/Tablo/DurumBilgisiArsiv' located by 'By.xpath: //*[@id = 'GridViewEArchiveInvoices_tccell0_9']' in '10' second(s)

2021-11-19 17:13:11 - [MESSAGE][PASSED] - Method.TextDegerineEsitElementVarMi is PASSED

2021-11-19 17:13:11 - [MESSAGE][PASSED] - Call Test Case 'Test Cases/Tablo/TablodaVeriBasariliMiArsiv' successfully

2021-11-19 17:13:11 - [MESSAGE][INFO] - Checking called Test Case

2021-11-19 17:13:11 - [MESSAGE][INFO] - Starting to call Test Case 'Test Cases/Kullanici_Islemleri/KullaniciIslemlerindenSecimYapilir'

2021-11-19 17:13:11 - [TEST_CASE][PASSED] - Test Cases/Kullanici_Islemleri/KullaniciIslemlerindenSecimYapilir: Test Cases/Kullanici_Islemleri/KullaniciIslemlerindenSecimYapilir

2021-11-19 17:13:11 - [TEST_STEP][PASSED] - waitForElementClickable(findTestObject("Object Repository/Kullanici_Islemleri/KullaniciIslemleri"), 10): Object 'Object Repository/Kullanici_Islemleri/KullaniciIslemleri' is clickable

2021-11-19 17:13:11 - [MESSAGE][INFO] - Finding Test Object 'Object Repository/Kullanici_Islemleri/KullaniciIslemleri'

2021-11-19 17:13:11 - [MESSAGE][INFO] - Checking object

2021-11-19 17:13:11 - [MESSAGE][INFO] - Checking timeout

2021-11-19 17:13:11 - [MESSAGE][INFO] - Finding web element from Test Object's properties

2021-11-19 17:13:11 - [MESSAGE][INFO] - Checking timeout

2021-11-19 17:13:11 - [MESSAGE][INFO] - Finding web element with id: 'Object Repository/Kullanici_Islemleri/KullaniciIslemleri' located by 'By.cssSelector: .dropdown>a>img' in '10' second(s)

2021-11-19 17:13:11 - [MESSAGE][INFO] - Smart Wait Function is triggered

2021-11-19 17:13:11 - [MESSAGE][INFO] - Found 1 web elements with id: 'Object Repository/Kullanici_Islemleri/KullaniciIslemleri' located by 'By.cssSelector: .dropdown>a>img' in '10' second(s)

2021-11-19 17:13:11 - [MESSAGE][PASSED] - Object 'Object Repository/Kullanici_Islemleri/KullaniciIslemleri' is clickable

2021-11-19 17:13:11 - [TEST_STEP][PASSED] - click(findTestObject("Object Repository/Kullanici_Islemleri/KullaniciIslemleri")): Object: 'Object Repository/Kullanici_Islemleri/KullaniciIslemleri' is clicked on

2021-11-19 17:13:11 - [MESSAGE][INFO] - Finding Test Object 'Object Repository/Kullanici_Islemleri/KullaniciIslemleri'

2021-11-19 17:13:11 - [MESSAGE][INFO] - Checking object

2021-11-19 17:13:11 - [MESSAGE][INFO] - Finding web element from Test Object's properties

2021-11-19 17:13:11 - [MESSAGE][INFO] - Checking timeout

2021-11-19 17:13:11 - [MESSAGE][INFO] - Finding web element with id: 'Object Repository/Kullanici_Islemleri/KullaniciIslemleri' located by 'By.cssSelector: .dropdown>a>img' in '30' second(s)

2021-11-19 17:13:11 - [MESSAGE][INFO] - Smart Wait Function is triggered

2021-11-19 17:13:12 - [MESSAGE][INFO] - Found 1 web elements with id: 'Object Repository/Kullanici_Islemleri/KullaniciIslemleri' located by 'By.cssSelector: .dropdown>a>img' in '30' second(s)

2021-11-19 17:13:12 - [MESSAGE][INFO] - Clicking on object: 'Object Repository/Kullanici_Islemleri/KullaniciIslemleri'

2021-11-19 17:13:12 - [MESSAGE][PASSED] - Object: 'Object Repository/Kullanici_Islemleri/KullaniciIslemleri' is clicked on

2021-11-19 17:13:12 - [TEST_STEP][PASSED] - Method.TextDegerineEsitElementeTikla(findTestObject("Object Repository/Kullanici_Islemleri/Secenekler"), Islem): Method.TextDegerineEsitElementeTikla is PASSED

2021-11-19 17:13:12 - [MESSAGE][INFO] - Finding Test Object 'Object Repository/Kullanici_Islemleri/Secenekler'

2021-11-19 17:13:12 - [MESSAGE][INFO] - Checking timeout

2021-11-19 17:13:12 - [MESSAGE][INFO] - Finding web element with id: 'Object Repository/Kullanici_Islemleri/Secenekler' located by 'By.cssSelector: .nav.navbar-nav.navbar-right li a' in '10' second(s)

2021-11-19 17:13:12 - [MESSAGE][INFO] - Smart Wait Function is triggered

2021-11-19 17:13:12 - [MESSAGE][INFO] - Found 20 web elements with id: 'Object Repository/Kullanici_Islemleri/Secenekler' located by 'By.cssSelector: .nav.navbar-nav.navbar-right li a' in '10' second(s)

2021-11-19 17:13:13 - [MESSAGE][PASSED] - Method.TextDegerineEsitElementeTikla is PASSED

2021-11-19 17:13:13 - [TEST_STEP][PASSED] - verifyElementNotPresent(findTestObject("Object Repository/Kullanici_Islemleri/Secenekler"), 10): Web element with id: 'Object Repository/Kullanici_Islemleri/Secenekler' located by 'By.cssSelector: .nav.navbar-nav.navbar-right li a' is not present after '10' second(s)

2021-11-19 17:13:13 - [MESSAGE][INFO] - Finding Test Object 'Object Repository/Kullanici_Islemleri/Secenekler'

2021-11-19 17:13:14 - [MESSAGE][INFO] - Checking object

2021-11-19 17:13:14 - [MESSAGE][INFO] - Checking timeout

2021-11-19 17:13:14 - [MESSAGE][INFO] - Finding web element with id: 'Object Repository/Kullanici_Islemleri/Secenekler' located by 'By.cssSelector: .nav.navbar-nav.navbar-right li a' in '10' second(s)

2021-11-19 17:13:14 - [MESSAGE][INFO] - Smart Wait Function is triggered

2021-11-19 17:13:14 - [MESSAGE][PASSED] - Web element with id: 'Object Repository/Kullanici_Islemleri/Secenekler' located by 'By.cssSelector: .nav.navbar-nav.navbar-right li a' is not present after '10' second(s)

2021-11-19 17:13:14 - [MESSAGE][PASSED] - Call Test Case 'Test Cases/Kullanici_Islemleri/KullaniciIslemlerindenSecimYapilir' successfully

2021-11-19 17:13:14 - [TEST_CASE][PASSED] - Start Test Case : SCENARIO Gonderim tipi Kagit ve Ihrac Kayitli tipinde e-Arsiv faturasi olusturulmasi: SCENARIO Gonderim tipi Kagit ve Ihrac Kayitli tipinde e-Arsiv faturasi olusturulmasi

2021-11-19 17:13:14 - [TEST_STEP][PASSED] - Kullanıcı adı EARIHRAC ve Şifre test1234 olarak giriş yapılır: Kullanıcı adı EARIHRAC ve Şifre test1234 olarak giriş yapılır

2021-11-19 17:13:14 - [MESSAGE][PASSED] - Kullanıcı adı EARIHRAC ve Şifre test1234 olarak giriş yapılır

2021-11-19 17:13:14 - [TEST_STEP][PASSED] - Ana menüden e-Arşiv seçilir: Ana menüden e-Arşiv seçilir

2021-11-19 17:13:14 - [MESSAGE][PASSED] - Ana menüden e-Arşiv seçilir

2021-11-19 17:13:14 - [TEST_STEP][PASSED] - Alt menü e-Arşiv Araçları başlığı altındaki e-Arşiv Fatura Oluşturma seçilir: Alt menü e-Arşiv Araçları başlığı altındaki e-Arşiv Fatura Oluşturma seçilir

2021-11-19 17:13:14 - [MESSAGE][PASSED] - Alt menü e-Arşiv Araçları başlığı altındaki e-Arşiv Fatura Oluşturma seçilir

2021-11-19 17:13:14 - [TEST_STEP][PASSED] - Tablodaki tüm veriler silinir: Tablodaki tüm veriler silinir

2021-11-19 17:13:14 - [MESSAGE][PASSED] - Tablodaki tüm veriler silinir

2021-11-19 17:13:14 - [TEST_STEP][PASSED] - Butonlardan Ekle isimli butona tıklanır: Butonlardan Ekle isimli butona tıklanır

2021-11-19 17:13:14 - [MESSAGE][PASSED] - Butonlardan Ekle isimli butona tıklanır

2021-11-19 17:13:14 - [TEST_STEP][PASSED] - Görsel tasarım sayfasının e-Arşiv Fatura Bilgileri başlığını içerdiği kontrol edilir: Görsel tasarım sayfasının e-Arşiv Fatura Bilgileri başlığını içerdiği kontrol edilir

2021-11-19 17:13:14 - [MESSAGE][PASSED] - Görsel tasarım sayfasının e-Arşiv Fatura Bilgileri başlığını içerdiği kontrol edilir

2021-11-19 17:13:14 - [TEST_STEP][PASSED] - Alıcı adı alanına UC0012 girilir: Alıcı adı alanına UC0012 girilir

2021-11-19 17:13:14 - [MESSAGE][PASSED] - Alıcı adı alanına UC0012 girilir

2021-11-19 17:13:14 - [TEST_STEP][PASSED] - Gönderim Şekli Kağıt olarak seçilir: Gönderim Şekli Kağıt olarak seçilir

2021-11-19 17:13:14 - [MESSAGE][PASSED] - Gönderim Şekli Kağıt olarak seçilir

2021-11-19 17:13:14 - [TEST_STEP][PASSED] - Tip alanından İhraç Kayıtlı seçilir: Tip alanından İhraç Kayıtlı seçilir

2021-11-19 17:13:14 - [MESSAGE][PASSED] - Tip alanından İhraç Kayıtlı seçilir

2021-11-19 17:13:14 - [TEST_STEP][PASSED] - Döküman Para Birimi alanından Türk Lirası seçilir: Döküman Para Birimi alanından Türk Lirası seçilir

2021-11-19 17:13:14 - [MESSAGE][PASSED] - Döküman Para Birimi alanından Türk Lirası seçilir

2021-11-19 17:13:14 - [TEST_STEP][PASSED] - Ön Ek EAR olarak seçilir: Ön Ek EAR olarak seçilir

2021-11-19 17:13:14 - [MESSAGE][PASSED] - Ön Ek EAR olarak seçilir

2021-11-19 17:13:14 - [TEST_STEP][PASSED] - Tasarım alanından Otomasyon seçilir: Tasarım alanından Otomasyon seçilir

2021-11-19 17:13:14 - [MESSAGE][PASSED] - Tasarım alanından Otomasyon seçilir

2021-11-19 17:13:14 - [TEST_STEP][PASSED] - Sipariş bilgileri UUC-SAT-1200001 ve 31.04.2020 olarak girilir: Sipariş bilgileri UUC-SAT-1200001 ve 31.04.2020 olarak girilir

2021-11-19 17:13:14 - [MESSAGE][PASSED] - Sipariş bilgileri UUC-SAT-1200001 ve 31.04.2020 olarak girilir

2021-11-19 17:13:14 - [TEST_STEP][PASSED] - İrsaliye Bilgileri AAAAAAAAAA,31.04.2020 olarak girilir: İrsaliye Bilgileri AAAAAAAAAA,31.04.2020 olarak girilir

2021-11-19 17:13:14 - [MESSAGE][PASSED] - İrsaliye Bilgileri AAAAAAAAAA,31.04.2020 olarak girilir

2021-11-19 17:13:14 - [TEST_STEP][PASSED] - Ekle butonuna basılır: Ekle butonuna basılır

2021-11-19 17:13:14 - [MESSAGE][PASSED] - Ekle butonuna basılır

2021-11-19 17:13:14 - [TEST_STEP][PASSED] - Ürün ekleme alanında Mal/Hizmet başlığına Otomasyon girilir: Ürün ekleme alanında Mal/Hizmet başlığına Otomasyon girilir

2021-11-19 17:13:14 - [MESSAGE][PASSED] - Ürün ekleme alanında Mal/Hizmet başlığına Otomasyon girilir

2021-11-19 17:13:14 - [TEST_STEP][PASSED] - Ürün ekleme alanında Açıklaması başlığına Virgosol girilir: Ürün ekleme alanında Açıklaması başlığına Virgosol girilir

2021-11-19 17:13:14 - [MESSAGE][PASSED] - Ürün ekleme alanında Açıklaması başlığına Virgosol girilir

2021-11-19 17:13:14 - [TEST_STEP][PASSED] - Ürün ekleme alanında Miktarı başlığına 400 girilir: Ürün ekleme alanında Miktarı başlığına 400 girilir

2021-11-19 17:13:14 - [MESSAGE][PASSED] - Ürün ekleme alanında Miktarı başlığına 400 girilir

2021-11-19 17:13:14 - [TEST_STEP][PASSED] - Ürün ekleme alanında Birim Fiyat başlığına 100 girilir: Ürün ekleme alanında Birim Fiyat başlığına 100 girilir

2021-11-19 17:13:14 - [MESSAGE][PASSED] - Ürün ekleme alanında Birim Fiyat başlığına 100 girilir

2021-11-19 17:13:14 - [TEST_STEP][PASSED] - Ürün ekleme alanında İskonto Oranı % başlığına 10 girilir: Ürün ekleme alanında İskonto Oranı % başlığına 10 girilir

2021-11-19 17:13:14 - [MESSAGE][PASSED] - Ürün ekleme alanında İskonto Oranı % başlığına 10 girilir

2021-11-19 17:13:14 - [TEST_STEP][PASSED] - Notlar alanına Otomasyon Not girilir: Notlar alanına Otomasyon Not girilir

2021-11-19 17:13:14 - [MESSAGE][PASSED] - Notlar alanına Otomasyon Not girilir

2021-11-19 17:13:14 - [TEST_STEP][PASSED] - Ettn bilgisi kayıt edilir: Ettn bilgisi kayıt edilir

2021-11-19 17:13:14 - [MESSAGE][PASSED] - Ettn bilgisi kayıt edilir

2021-11-19 17:13:14 - [TEST_STEP][PASSED] - Kaydet butonu seçilir: Kaydet butonu seçilir

2021-11-19 17:13:14 - [MESSAGE][PASSED] - Kaydet butonu seçilir

2021-11-19 17:13:14 - [TEST_STEP][PASSED] - Tabloda Ettn bilgisi kaydedilen veri oluşturuldu mu: Tabloda Ettn bilgisi kaydedilen veri oluşturuldu mu

2021-11-19 17:13:14 - [MESSAGE][PASSED] - Tabloda Ettn bilgisi kaydedilen veri oluşturuldu mu

2021-11-19 17:13:14 - [TEST_STEP][PASSED] - Tablodan Ettn bilgisi kaydedilen veri seçilir: Tablodan Ettn bilgisi kaydedilen veri seçilir

2021-11-19 17:13:14 - [MESSAGE][PASSED] - Tablodan Ettn bilgisi kaydedilen veri seçilir

2021-11-19 17:13:14 - [TEST_STEP][PASSED] - Butonlardan Numara Oluştur isimli butona tıklanır: Butonlardan Numara Oluştur isimli butona tıklanır

2021-11-19 17:13:14 - [MESSAGE][PASSED] - Butonlardan Numara Oluştur isimli butona tıklanır

2021-11-19 17:13:14 - [TEST_STEP][PASSED] - Popup mesajı Devam etmek istiyor musunuz içeriyor mu: Popup mesajı Devam etmek istiyor musunuz içeriyor mu

2021-11-19 17:13:14 - [MESSAGE][PASSED] - Popup mesajı Devam etmek istiyor musunuz içeriyor mu

2021-11-19 17:13:14 - [TEST_STEP][PASSED] - Yönetim popupında Evet seçilir: Yönetim popupında Evet seçilir

2021-11-19 17:13:14 - [MESSAGE][PASSED] - Yönetim popupında Evet seçilir

2021-11-19 17:13:14 - [TEST_STEP][PASSED] - Popup mesajı oluşmuştur içeriyor mu: Popup mesajı oluşmuştur içeriyor mu

2021-11-19 17:13:14 - [MESSAGE][PASSED] - Popup mesajı oluşmuştur içeriyor mu

2021-11-19 17:13:14 - [TEST_STEP][PASSED] - Yönetim popupında Tamam seçilir: Yönetim popupında Tamam seçilir

2021-11-19 17:13:14 - [MESSAGE][PASSED] - Yönetim popupında Tamam seçilir

2021-11-19 17:13:14 - [TEST_STEP][PASSED] - Tablodan Ettn bilgisi kaydedilen veri seçilir: Tablodan Ettn bilgisi kaydedilen veri seçilir

2021-11-19 17:13:14 - [MESSAGE][PASSED] - Tablodan Ettn bilgisi kaydedilen veri seçilir

2021-11-19 17:13:14 - [TEST_STEP][PASSED] - Butonlardan Gönder isimli butona tıklanır: Butonlardan Gönder isimli butona tıklanır

2021-11-19 17:13:14 - [MESSAGE][PASSED] - Butonlardan Gönder isimli butona tıklanır

2021-11-19 17:13:14 - [TEST_STEP][PASSED] - Popup mesajı Devam etmek istiyor musunuz içeriyor mu: Popup mesajı Devam etmek istiyor musunuz içeriyor mu

2021-11-19 17:13:14 - [MESSAGE][PASSED] - Popup mesajı Devam etmek istiyor musunuz içeriyor mu

2021-11-19 17:13:14 - [TEST_STEP][PASSED] - Yönetim popupında Evet seçilir: Yönetim popupında Evet seçilir

2021-11-19 17:13:14 - [MESSAGE][PASSED] - Yönetim popupında Evet seçilir

2021-11-19 17:13:14 - [TEST_STEP][PASSED] - Ana menüden e-Arşiv seçilir: Ana menüden e-Arşiv seçilir

2021-11-19 17:13:14 - [MESSAGE][PASSED] - Ana menüden e-Arşiv seçilir

2021-11-19 17:13:14 - [TEST_STEP][PASSED] - Alt menü e-Arşiv Hareketleri başlığı altındaki e-Arşiv Faturaları seçilir: Alt menü e-Arşiv Hareketleri başlığı altındaki e-Arşiv Faturaları seçilir

2021-11-19 17:13:14 - [MESSAGE][PASSED] - Alt menü e-Arşiv Hareketleri başlığı altındaki e-Arşiv Faturaları seçilir

2021-11-19 17:13:14 - [TEST_STEP][PASSED] - Filtrelerden Ettn filtresine Ettn bilgisi yaz: Filtrelerden Ettn filtresine Ettn bilgisi yaz

2021-11-19 17:13:14 - [MESSAGE][PASSED] - Filtrelerden Ettn filtresine Ettn bilgisi yaz

2021-11-19 17:13:14 - [TEST_STEP][PASSED] - Filtre butonlarından Listele seçilir: Filtre butonlarından Listele seçilir

2021-11-19 17:13:14 - [MESSAGE][PASSED] - Filtre butonlarından Listele seçilir

2021-11-19 17:13:14 - [TEST_STEP][PASSED] - Tabloda veri var mı kontrol edilir: Tabloda veri var mı kontrol edilir

2021-11-19 17:13:14 - [MESSAGE][PASSED] - Tabloda veri var mı kontrol edilir

2021-11-19 17:13:14 - [TEST_STEP][PASSED] - Tabloda yeni oluşturulan eArsiv verisi başarılı mı: Tabloda yeni oluşturulan eArsiv verisi başarılı mı

2021-11-19 17:13:14 - [MESSAGE][PASSED] - Tabloda yeni oluşturulan eArsiv verisi başarılı mı

2021-11-19 17:13:14 - [TEST_STEP][PASSED] - Kullanıcı işlemlerinden Çıkış seçilir: Kullanıcı işlemlerinden Çıkış seçilir

2021-11-19 17:13:14 - [MESSAGE][PASSED] - Kullanıcı işlemlerinden Çıkış seçilir

2021-11-19 17:13:14 - [MESSAGE][PASSED] - Feature file: 'Include/features/Regresyon/e-Arsiv/VKN-Kagit-Ihrac Kayitli.feature' was passed

2021-11-19 17:13:14 - [TEST_STEP][PASSED] - Start listener action : sampleAfterTestSuite: Invoke 'com.kms.katalon.core.annotation.AfterTestCase' method: 'Listener.sampleAfterTestSuite(...)' completed.

2021-11-19 17:13:14 - [MESSAGE][INFO] - Starting invoke 'com.kms.katalon.core.annotation.AfterTestCase' method: 'Listener.sampleAfterTestSuite(...)'

2021-11-19 17:13:14 - [TEST_STEP][PASSED] - closeBrowser(): Invoke 'com.kms.katalon.core.annotation.AfterTestCase' method: 'Listener.sampleAfterTestSuite(...)' completed.

2021-11-19 17:13:14 - [MESSAGE][INFO] - Closing browser

2021-11-19 17:13:15 - [MESSAGE][PASSED] - Browser is closed

2021-11-19 17:13:15 - [MESSAGE][INFO] - Invoke 'com.kms.katalon.core.annotation.AfterTestCase' method: 'Listener.sampleAfterTestSuite(...)' completed.]]></system-out>
         <system-err><![CDATA[]]></system-err>
      </testcase>
      <testcase name="Test Cases/Case Repository/Regresyon/e-Arsiv/VKN-Kagit-Istisna" time="118.319" classname="Test Cases/Case Repository/Regresyon/e-Arsiv/VKN-Kagit-Istisna" status="PASSED">
         <system-out><![CDATA[2021-11-19 17:13:15 - [TEST_CASE][PASSED] - Test Cases/Case Repository/Regresyon/e-Arsiv/VKN-Kagit-Istisna: Test Cases/Case Repository/Regresyon/e-Arsiv/VKN-Kagit-Istisna

2021-11-19 17:13:15 - [TEST_STEP][PASSED] - Start listener action : sampleBeforeTestSuite: Invoke 'com.kms.katalon.core.annotation.BeforeTestCase' method: 'Listener.sampleBeforeTestSuite(...)' completed.

2021-11-19 17:13:15 - [MESSAGE][INFO] - Starting invoke 'com.kms.katalon.core.annotation.BeforeTestCase' method: 'Listener.sampleBeforeTestSuite(...)'

2021-11-19 17:13:15 - [TEST_STEP][PASSED] - openBrowser(baseUrl): Browser is opened with url: 'https://efatura-stage.elogo.com.tr/'

2021-11-19 17:13:15 - [MESSAGE][INFO] - Opening browser

2021-11-19 17:13:15 - [MESSAGE][INFO] - Starting 'Chrome' driver

2021-11-19 17:13:15 - [MESSAGE][INFO] - User set preference: ['prefs', '{download.default_directory=C:\otomasyondownfiles}']

2021-11-19 17:13:15 - [MESSAGE][INFO] - Action delay is set to 0 milliseconds

2021-11-19 17:13:16 - [MESSAGE][INFO] - Navigating browser to: 'https://efatura-stage.elogo.com.tr/'

2021-11-19 17:13:19 - [MESSAGE][PASSED] - Browser is opened with url: 'https://efatura-stage.elogo.com.tr/'

2021-11-19 17:13:19 - [TEST_STEP][PASSED] - maximizeWindow(): Invoke 'com.kms.katalon.core.annotation.BeforeTestCase' method: 'Listener.sampleBeforeTestSuite(...)' completed.

2021-11-19 17:13:19 - [MESSAGE][INFO] - Maximizing current window

2021-11-19 17:13:19 - [MESSAGE][PASSED] - Current window maximized

2021-11-19 17:13:19 - [MESSAGE][INFO] - Invoke 'com.kms.katalon.core.annotation.BeforeTestCase' method: 'Listener.sampleBeforeTestSuite(...)' completed.

2021-11-19 17:13:19 - [TEST_STEP][PASSED] - runFeatureFile("Include/features/Regresyon/e-Arsiv/VKN-Kagit-Istisna.feature"): Feature file: 'Include/features/Regresyon/e-Arsiv/VKN-Kagit-Istisna.feature' was passed

2021-11-19 17:13:19 - [MESSAGE][INFO] - Starting run keyword runFeatureFile: 'Include/features/Regresyon/e-Arsiv/VKN-Kagit-Istisna.feature' and extract report to folder: 'C:\Users\DELL\Documents\GitHub\EES_KatalonLogo\Reports\20211119_164526\Suite Repository\Regresyon-eArsiv-eMakbuz\20211119_164600/cucumber_report/1637331199928'...

2021-11-19 17:13:19 - [MESSAGE][INFO] - Glue: []

2021-11-19 17:13:21 - [MESSAGE][INFO] - Checking called Test Case

2021-11-19 17:13:21 - [MESSAGE][INFO] - Starting to call Test Case 'Test Cases/Sayfalar/Giris_Sayfasi/Login'

2021-11-19 17:13:21 - [TEST_CASE][PASSED] - Test Cases/Sayfalar/Giris_Sayfasi/Login: Test Cases/Sayfalar/Giris_Sayfasi/Login

2021-11-19 17:13:21 - [TEST_STEP][PASSED] - Sayfa_Basligi = getWindowTitle(): Current window's title is: 'LOGO e-Fatura'

2021-11-19 17:13:21 - [MESSAGE][INFO] - Getting current window's title

2021-11-19 17:13:21 - [MESSAGE][PASSED] - Current window's title is: 'LOGO e-Fatura'

2021-11-19 17:13:21 - [TEST_STEP][PASSED] - verifyMatch(Sayfa_Basligi, "LOGO e-Fatura", false): Actual text 'LOGO e-Fatura' and expected text 'LOGO e-Fatura' are matched 

2021-11-19 17:13:21 - [MESSAGE][INFO] - Matching actual text 'LOGO e-Fatura' with expected text 'LOGO e-Fatura'

2021-11-19 17:13:21 - [MESSAGE][PASSED] - Actual text 'LOGO e-Fatura' and expected text 'LOGO e-Fatura' are matched 

2021-11-19 17:13:21 - [TEST_STEP][PASSED] - sendKeys(findTestObject("Sayfalar/Giris_Sayfasi/Firma_Kodu"), KullaniciAdi): Keys 'EARISTISNA' sent to object: 'Object Repository/Sayfalar/Giris_Sayfasi/Firma_Kodu'

2021-11-19 17:13:21 - [MESSAGE][INFO] - Finding Test Object 'Object Repository/Sayfalar/Giris_Sayfasi/Firma_Kodu'

2021-11-19 17:13:21 - [MESSAGE][INFO] - Sending keys 'EARISTISNA' to object: 'Object Repository/Sayfalar/Giris_Sayfasi/Firma_Kodu'

2021-11-19 17:13:21 - [MESSAGE][INFO] - Finding web element from Test Object's properties

2021-11-19 17:13:21 - [MESSAGE][INFO] - Checking timeout

2021-11-19 17:13:21 - [MESSAGE][INFO] - Finding web element with id: 'Object Repository/Sayfalar/Giris_Sayfasi/Firma_Kodu' located by 'By.xpath: //*[@id = 'AccountName']' in '30' second(s)

2021-11-19 17:13:21 - [MESSAGE][INFO] - Smart Wait Function is triggered

2021-11-19 17:13:22 - [MESSAGE][INFO] - Found 1 web elements with id: 'Object Repository/Sayfalar/Giris_Sayfasi/Firma_Kodu' located by 'By.xpath: //*[@id = 'AccountName']' in '30' second(s)

2021-11-19 17:13:22 - [MESSAGE][PASSED] - Keys 'EARISTISNA' sent to object: 'Object Repository/Sayfalar/Giris_Sayfasi/Firma_Kodu'

2021-11-19 17:13:22 - [TEST_STEP][PASSED] - sendKeys(findTestObject("Sayfalar/Giris_Sayfasi/Sifre"), Sifre): Keys 'test1234' sent to object: 'Object Repository/Sayfalar/Giris_Sayfasi/Sifre'

2021-11-19 17:13:22 - [MESSAGE][INFO] - Finding Test Object 'Object Repository/Sayfalar/Giris_Sayfasi/Sifre'

2021-11-19 17:13:22 - [MESSAGE][INFO] - Sending keys 'test1234' to object: 'Object Repository/Sayfalar/Giris_Sayfasi/Sifre'

2021-11-19 17:13:22 - [MESSAGE][INFO] - Finding web element from Test Object's properties

2021-11-19 17:13:22 - [MESSAGE][INFO] - Checking timeout

2021-11-19 17:13:22 - [MESSAGE][INFO] - Finding web element with id: 'Object Repository/Sayfalar/Giris_Sayfasi/Sifre' located by 'By.xpath: //*[@id = 'Password']' in '30' second(s)

2021-11-19 17:13:22 - [MESSAGE][INFO] - Smart Wait Function is triggered

2021-11-19 17:13:22 - [MESSAGE][INFO] - Found 1 web elements with id: 'Object Repository/Sayfalar/Giris_Sayfasi/Sifre' located by 'By.xpath: //*[@id = 'Password']' in '30' second(s)

2021-11-19 17:13:22 - [MESSAGE][PASSED] - Keys 'test1234' sent to object: 'Object Repository/Sayfalar/Giris_Sayfasi/Sifre'

2021-11-19 17:13:22 - [TEST_STEP][PASSED] - findWebElement(findTestObject("Sayfalar/Giris_Sayfasi/Giris_Butonu")).click(): Found 1 web elements with id: 'Object Repository/Sayfalar/Giris_Sayfasi/Giris_Butonu' located by 'By.cssSelector: #btnLogin' in '30' second(s)

2021-11-19 17:13:22 - [MESSAGE][INFO] - Finding Test Object 'Object Repository/Sayfalar/Giris_Sayfasi/Giris_Butonu'

2021-11-19 17:13:22 - [MESSAGE][INFO] - Finding web element from Test Object's properties

2021-11-19 17:13:22 - [MESSAGE][INFO] - Checking timeout

2021-11-19 17:13:22 - [MESSAGE][INFO] - Finding web element with id: 'Object Repository/Sayfalar/Giris_Sayfasi/Giris_Butonu' located by 'By.cssSelector: #btnLogin' in '30' second(s)

2021-11-19 17:13:22 - [MESSAGE][INFO] - Smart Wait Function is triggered

2021-11-19 17:13:23 - [MESSAGE][INFO] - Found 1 web elements with id: 'Object Repository/Sayfalar/Giris_Sayfasi/Giris_Butonu' located by 'By.cssSelector: #btnLogin' in '30' second(s)

2021-11-19 17:13:24 - [TEST_STEP][PASSED] - if (verifyElementPresent(findTestObject("Object Repository/Sayfalar/Giris_Sayfasi/RetveTamam_Butonu"), 5, OPTIONAL)): null

2021-11-19 17:13:24 - [MESSAGE][INFO] - Finding Test Object 'Object Repository/Sayfalar/Giris_Sayfasi/RetveTamam_Butonu'

2021-11-19 17:13:24 - [MESSAGE][INFO] - Checking object

2021-11-19 17:13:24 - [MESSAGE][INFO] - Finding web element from Test Object's properties

2021-11-19 17:13:24 - [MESSAGE][INFO] - Checking timeout

2021-11-19 17:13:24 - [MESSAGE][INFO] - Finding web element with id: 'Object Repository/Sayfalar/Giris_Sayfasi/RetveTamam_Butonu' located by 'By.xpath: //*[@class = 'btn btn-default']' in '5' second(s)

2021-11-19 17:13:24 - [MESSAGE][INFO] - Smart Wait Function is triggered

2021-11-19 17:13:25 - [MESSAGE][INFO] - Found 1 web elements with id: 'Object Repository/Sayfalar/Giris_Sayfasi/RetveTamam_Butonu' located by 'By.xpath: //*[@class = 'btn btn-default']' in '5' second(s)

2021-11-19 17:13:25 - [MESSAGE][PASSED] - Object 'Object Repository/Sayfalar/Giris_Sayfasi/RetveTamam_Butonu' is present

2021-11-19 17:13:25 - [TEST_STEP][PASSED] - click(findTestObject("Object Repository/Sayfalar/Giris_Sayfasi/RetveTamam_Butonu")): Object: 'Object Repository/Sayfalar/Giris_Sayfasi/RetveTamam_Butonu' is clicked on

2021-11-19 17:13:25 - [MESSAGE][INFO] - Finding Test Object 'Object Repository/Sayfalar/Giris_Sayfasi/RetveTamam_Butonu'

2021-11-19 17:13:25 - [MESSAGE][INFO] - Checking object

2021-11-19 17:13:25 - [MESSAGE][INFO] - Finding web element from Test Object's properties

2021-11-19 17:13:25 - [MESSAGE][INFO] - Checking timeout

2021-11-19 17:13:25 - [MESSAGE][INFO] - Finding web element with id: 'Object Repository/Sayfalar/Giris_Sayfasi/RetveTamam_Butonu' located by 'By.xpath: //*[@class = 'btn btn-default']' in '30' second(s)

2021-11-19 17:13:25 - [MESSAGE][INFO] - Smart Wait Function is triggered

2021-11-19 17:13:25 - [MESSAGE][INFO] - Found 1 web elements with id: 'Object Repository/Sayfalar/Giris_Sayfasi/RetveTamam_Butonu' located by 'By.xpath: //*[@class = 'btn btn-default']' in '30' second(s)

2021-11-19 17:13:25 - [MESSAGE][INFO] - Clicking on object: 'Object Repository/Sayfalar/Giris_Sayfasi/RetveTamam_Butonu'

2021-11-19 17:13:25 - [MESSAGE][PASSED] - Object: 'Object Repository/Sayfalar/Giris_Sayfasi/RetveTamam_Butonu' is clicked on

2021-11-19 17:13:25 - [TEST_STEP][PASSED] - click(findTestObject("Object Repository/Sayfalar/Giris_Sayfasi/RetveTamam_Butonu")): Object: 'Object Repository/Sayfalar/Giris_Sayfasi/RetveTamam_Butonu' is clicked on

2021-11-19 17:13:25 - [MESSAGE][INFO] - Finding Test Object 'Object Repository/Sayfalar/Giris_Sayfasi/RetveTamam_Butonu'

2021-11-19 17:13:25 - [MESSAGE][INFO] - Checking object

2021-11-19 17:13:25 - [MESSAGE][INFO] - Finding web element from Test Object's properties

2021-11-19 17:13:25 - [MESSAGE][INFO] - Checking timeout

2021-11-19 17:13:25 - [MESSAGE][INFO] - Finding web element with id: 'Object Repository/Sayfalar/Giris_Sayfasi/RetveTamam_Butonu' located by 'By.xpath: //*[@class = 'btn btn-default']' in '30' second(s)

2021-11-19 17:13:25 - [MESSAGE][INFO] - Smart Wait Function is triggered

2021-11-19 17:13:29 - [MESSAGE][INFO] - Found 1 web elements with id: 'Object Repository/Sayfalar/Giris_Sayfasi/RetveTamam_Butonu' located by 'By.xpath: //*[@class = 'btn btn-default']' in '30' second(s)

2021-11-19 17:13:29 - [MESSAGE][INFO] - Clicking on object: 'Object Repository/Sayfalar/Giris_Sayfasi/RetveTamam_Butonu'

2021-11-19 17:13:29 - [MESSAGE][PASSED] - Object: 'Object Repository/Sayfalar/Giris_Sayfasi/RetveTamam_Butonu' is clicked on

2021-11-19 17:13:29 - [TEST_STEP][PASSED] - if (verifyElementPresent(findTestObject("Sayfalar/Giris_Sayfasi/PopupOK"), 5, OPTIONAL)): com.kms.katalon.core.webui.exception.WebElementNotFoundException: Web element with id: 'Object Repository/Sayfalar/Giris_Sayfasi/PopupOK' located by '.btn.btn-success' not found (Root cause: com.kms.katalon.core.exception.StepFailedException: com.kms.katalon.core.webui.exception.WebElementNotFoundException: Web element with id: 'Object Repository/Sayfalar/Giris_Sayfasi/PopupOK' located by '.btn.btn-success' not found
	at com.kms.katalon.core.webui.keyword.internal.WebUIKeywordMain.stepFailed(WebUIKeywordMain.groovy:64)
	at com.kms.katalon.core.webui.keyword.builtin.VerifyElementPresentKeyword$_verifyElementPresent_closure1.doCall(VerifyElementPresentKeyword.groovy:85)
	at com.kms.katalon.core.webui.keyword.builtin.VerifyElementPresentKeyword$_verifyElementPresent_closure1.call(VerifyElementPresentKeyword.groovy)
	at com.kms.katalon.core.webui.keyword.internal.WebUIKeywordMain.runKeyword(WebUIKeywordMain.groovy:20)
	at com.kms.katalon.core.webui.keyword.builtin.VerifyElementPresentKeyword.verifyElementPresent(VerifyElementPresentKeyword.groovy:92)
	at com.kms.katalon.core.webui.keyword.builtin.VerifyElementPresentKeyword.execute(VerifyElementPresentKeyword.groovy:68)
	at com.kms.katalon.core.keyword.internal.KeywordExecutor.executeKeywordForPlatform(KeywordExecutor.groovy:73)
	at com.kms.katalon.core.webui.keyword.WebUiBuiltInKeywords.verifyElementPresent(WebUiBuiltInKeywords.groovy:1448)
	at com.kms.katalon.core.webui.keyword.WebUiBuiltInKeywords$verifyElementPresent$4.call(Unknown Source)
	at Login.run(Login:40)
	at com.kms.katalon.core.main.ScriptEngine.run(ScriptEngine.java:194)
	at com.kms.katalon.core.main.ScriptEngine.runScriptAsRawText(ScriptEngine.java:119)
	at com.kms.katalon.core.main.TestCaseExecutor.runScript(TestCaseExecutor.java:369)
	at com.kms.katalon.core.main.TestCaseExecutor.doExecute(TestCaseExecutor.java:360)
	at com.kms.katalon.core.main.TestCaseExecutor.processExecutionPhase(TestCaseExecutor.java:339)
	at com.kms.katalon.core.main.TestCaseExecutor.accessMainPhase(TestCaseExecutor.java:331)
	at com.kms.katalon.core.main.TestCaseExecutor.execute(TestCaseExecutor.java:248)
	at com.kms.katalon.core.main.TestCaseMain.runTestCase(TestCaseMain.java:138)
	at com.kms.katalon.core.keyword.builtin.CallTestCaseKeyword$_callTestCase_closure1.doCall(CallTestCaseKeyword.groovy:59)
	at com.kms.katalon.core.keyword.builtin.CallTestCaseKeyword$_callTestCase_closure1.call(CallTestCaseKeyword.groovy)
	at com.kms.katalon.core.keyword.internal.KeywordMain.runKeyword(KeywordMain.groovy:68)
	at com.kms.katalon.core.keyword.builtin.CallTestCaseKeyword.callTestCase(CallTestCaseKeyword.groovy:81)
	at com.kms.katalon.core.keyword.builtin.CallTestCaseKeyword.execute(CallTestCaseKeyword.groovy:44)
	at com.kms.katalon.core.keyword.internal.KeywordExecutor.executeKeywordForPlatform(KeywordExecutor.groovy:73)
	at com.kms.katalon.core.keyword.BuiltinKeywords.callTestCase(BuiltinKeywords.groovy:334)
	at sayfalar.girisSayfasi.login(girisSayfasi.groovy:50)
	at cucumber.runtime.Utils$1.call(Utils.java:26)
	at cucumber.runtime.Timeout.timeout(Timeout.java:16)
	at cucumber.runtime.Utils.invoke(Utils.java:20)
	at cucumber.runtime.java.JavaStepDefinition.execute(JavaStepDefinition.java:49)
	at cucumber.runner.PickleStepDefinitionMatch.runStep(PickleStepDefinitionMatch.java:50)
	at cucumber.runner.TestStep.executeStep(TestStep.java:63)
	at cucumber.runner.TestStep.run(TestStep.java:49)
	at cucumber.runner.PickleStepTestStep.run(PickleStepTestStep.java:43)
	at cucumber.runner.TestCase.run(TestCase.java:44)
	at cucumber.runner.Runner.runPickle(Runner.java:40)
	at cucumber.runtime.Runtime$1.run(Runtime.java:84)
	at cucumber.runtime.Runtime$SameThreadExecutorService.execute(Runtime.java:220)
	at cucumber.runtime.Runtime.run(Runtime.java:81)
	at cucumber.api.cli.Main.run(Main.java:26)
	at cucumber.api.cli.Main$run.call(Unknown Source)
	at com.kms.katalon.core.cucumber.keyword.CucumberBuiltinKeywords$_runFeatureFile_closure1.doCall(CucumberBuiltinKeywords.groovy:106)
	at com.kms.katalon.core.cucumber.keyword.CucumberBuiltinKeywords$_runFeatureFile_closure1.doCall(CucumberBuiltinKeywords.groovy)
	at com.kms.katalon.core.keyword.internal.KeywordMain.runKeyword(KeywordMain.groovy:68)
	at com.kms.katalon.core.keyword.internal.KeywordMain$runKeyword.call(Unknown Source)
	at com.kms.katalon.core.cucumber.keyword.CucumberBuiltinKeywords.runFeatureFile(CucumberBuiltinKeywords.groovy:73)
	at com.kms.katalon.core.cucumber.keyword.CucumberBuiltinKeywords$runFeatureFile$0.callStatic(Unknown Source)
	at com.kms.katalon.core.cucumber.keyword.CucumberBuiltinKeywords.runFeatureFile(CucumberBuiltinKeywords.groovy:246)
	at com.kms.katalon.core.cucumber.keyword.CucumberBuiltinKeywords$runFeatureFile.call(Unknown Source)
	at VKN-Kagit-Istisna.run(VKN-Kagit-Istisna:19)
	at com.kms.katalon.core.main.ScriptEngine.run(ScriptEngine.java:194)
	at com.kms.katalon.core.main.ScriptEngine.runScriptAsRawText(ScriptEngine.java:119)
	at com.kms.katalon.core.main.TestCaseExecutor.runScript(TestCaseExecutor.java:369)
	at com.kms.katalon.core.main.TestCaseExecutor.doExecute(TestCaseExecutor.java:360)
	at com.kms.katalon.core.main.TestCaseExecutor.processExecutionPhase(TestCaseExecutor.java:339)
	at com.kms.katalon.core.main.TestCaseExecutor.accessMainPhase(TestCaseExecutor.java:331)
	at com.kms.katalon.core.main.TestCaseExecutor.execute(TestCaseExecutor.java:248)
	at com.kms.katalon.core.main.TestSuiteExecutor.accessTestCaseMainPhase(TestSuiteExecutor.java:191)
	at com.kms.katalon.core.main.TestSuiteExecutor.accessTestSuiteMainPhase(TestSuiteExecutor.java:140)
	at com.kms.katalon.core.main.TestSuiteExecutor.execute(TestSuiteExecutor.java:89)
	at com.kms.katalon.core.main.TestCaseMain.startTestSuite(TestCaseMain.java:181)
	at com.kms.katalon.core.main.TestCaseMain$startTestSuite$0.call(Unknown Source)
	at TempTestSuite1637329560940.run(TempTestSuite1637329560940.groovy:39)
)

2021-11-19 17:13:29 - [MESSAGE][INFO] - Finding Test Object 'Object Repository/Sayfalar/Giris_Sayfasi/PopupOK'

2021-11-19 17:13:29 - [MESSAGE][INFO] - Checking object

2021-11-19 17:13:29 - [MESSAGE][INFO] - Finding web element from Test Object's properties

2021-11-19 17:13:29 - [MESSAGE][INFO] - Checking timeout

2021-11-19 17:13:29 - [MESSAGE][INFO] - Finding web element with id: 'Object Repository/Sayfalar/Giris_Sayfasi/PopupOK' located by 'By.cssSelector: .btn.btn-success' in '5' second(s)

2021-11-19 17:13:29 - [MESSAGE][INFO] - Smart Wait Function is triggered

2021-11-19 17:13:30 - [MESSAGE][INFO] - Smart Wait Function is triggered

2021-11-19 17:13:30 - [MESSAGE][INFO] - Smart Wait Function is triggered

2021-11-19 17:13:31 - [MESSAGE][INFO] - Smart Wait Function is triggered

2021-11-19 17:13:31 - [MESSAGE][INFO] - Smart Wait Function is triggered

2021-11-19 17:13:31 - [MESSAGE][INFO] - Smart Wait Function is triggered

2021-11-19 17:13:32 - [MESSAGE][INFO] - Smart Wait Function is triggered

2021-11-19 17:13:32 - [MESSAGE][INFO] - Smart Wait Function is triggered

2021-11-19 17:13:32 - [MESSAGE][INFO] - Smart Wait Function is triggered

2021-11-19 17:13:32 - [MESSAGE][INFO] - Smart Wait Function is triggered

2021-11-19 17:13:33 - [MESSAGE][INFO] - Smart Wait Function is triggered

2021-11-19 17:13:33 - [MESSAGE][INFO] - Smart Wait Function is triggered

2021-11-19 17:13:33 - [MESSAGE][INFO] - Smart Wait Function is triggered

2021-11-19 17:13:33 - [MESSAGE][INFO] - Smart Wait Function is triggered

2021-11-19 17:13:34 - [MESSAGE][INFO] - Smart Wait Function is triggered

2021-11-19 17:13:34 - [MESSAGE][INFO] - Smart Wait Function is triggered

2021-11-19 17:13:34 - [MESSAGE][INFO] - Smart Wait Function is triggered

2021-11-19 17:13:34 - [MESSAGE][INFO] - Smart Wait Function is triggered

2021-11-19 17:13:35 - [MESSAGE][INFO] - Smart Wait Function is triggered

2021-11-19 17:13:35 - [MESSAGE][INFO] - Smart Wait Function is triggered

2021-11-19 17:13:35 - [MESSAGE][INFO] - Smart Wait Function is triggered

2021-11-19 17:13:36 - [MESSAGE][INFO] - Unable to find the element located by 'By.cssSelector: .btn.btn-success'. Please recheck the objects properties to make sure the desired element is located. 

2021-11-19 17:13:36 - [MESSAGE][WARNING] - com.kms.katalon.core.webui.exception.WebElementNotFoundException: Web element with id: 'Object Repository/Sayfalar/Giris_Sayfasi/PopupOK' located by '.btn.btn-success' not found (Root cause: com.kms.katalon.core.exception.StepFailedException: com.kms.katalon.core.webui.exception.WebElementNotFoundException: Web element with id: 'Object Repository/Sayfalar/Giris_Sayfasi/PopupOK' located by '.btn.btn-success' not found
	at com.kms.katalon.core.webui.keyword.internal.WebUIKeywordMain.stepFailed(WebUIKeywordMain.groovy:64)
	at com.kms.katalon.core.webui.keyword.builtin.VerifyElementPresentKeyword$_verifyElementPresent_closure1.doCall(VerifyElementPresentKeyword.groovy:85)
	at com.kms.katalon.core.webui.keyword.builtin.VerifyElementPresentKeyword$_verifyElementPresent_closure1.call(VerifyElementPresentKeyword.groovy)
	at com.kms.katalon.core.webui.keyword.internal.WebUIKeywordMain.runKeyword(WebUIKeywordMain.groovy:20)
	at com.kms.katalon.core.webui.keyword.builtin.VerifyElementPresentKeyword.verifyElementPresent(VerifyElementPresentKeyword.groovy:92)
	at com.kms.katalon.core.webui.keyword.builtin.VerifyElementPresentKeyword.execute(VerifyElementPresentKeyword.groovy:68)
	at com.kms.katalon.core.keyword.internal.KeywordExecutor.executeKeywordForPlatform(KeywordExecutor.groovy:73)
	at com.kms.katalon.core.webui.keyword.WebUiBuiltInKeywords.verifyElementPresent(WebUiBuiltInKeywords.groovy:1448)
	at com.kms.katalon.core.webui.keyword.WebUiBuiltInKeywords$verifyElementPresent$4.call(Unknown Source)
	at Login.run(Login:40)
	at com.kms.katalon.core.main.ScriptEngine.run(ScriptEngine.java:194)
	at com.kms.katalon.core.main.ScriptEngine.runScriptAsRawText(ScriptEngine.java:119)
	at com.kms.katalon.core.main.TestCaseExecutor.runScript(TestCaseExecutor.java:369)
	at com.kms.katalon.core.main.TestCaseExecutor.doExecute(TestCaseExecutor.java:360)
	at com.kms.katalon.core.main.TestCaseExecutor.processExecutionPhase(TestCaseExecutor.java:339)
	at com.kms.katalon.core.main.TestCaseExecutor.accessMainPhase(TestCaseExecutor.java:331)
	at com.kms.katalon.core.main.TestCaseExecutor.execute(TestCaseExecutor.java:248)
	at com.kms.katalon.core.main.TestCaseMain.runTestCase(TestCaseMain.java:138)
	at com.kms.katalon.core.keyword.builtin.CallTestCaseKeyword$_callTestCase_closure1.doCall(CallTestCaseKeyword.groovy:59)
	at com.kms.katalon.core.keyword.builtin.CallTestCaseKeyword$_callTestCase_closure1.call(CallTestCaseKeyword.groovy)
	at com.kms.katalon.core.keyword.internal.KeywordMain.runKeyword(KeywordMain.groovy:68)
	at com.kms.katalon.core.keyword.builtin.CallTestCaseKeyword.callTestCase(CallTestCaseKeyword.groovy:81)
	at com.kms.katalon.core.keyword.builtin.CallTestCaseKeyword.execute(CallTestCaseKeyword.groovy:44)
	at com.kms.katalon.core.keyword.internal.KeywordExecutor.executeKeywordForPlatform(KeywordExecutor.groovy:73)
	at com.kms.katalon.core.keyword.BuiltinKeywords.callTestCase(BuiltinKeywords.groovy:334)
	at sayfalar.girisSayfasi.login(girisSayfasi.groovy:50)
	at cucumber.runtime.Utils$1.call(Utils.java:26)
	at cucumber.runtime.Timeout.timeout(Timeout.java:16)
	at cucumber.runtime.Utils.invoke(Utils.java:20)
	at cucumber.runtime.java.JavaStepDefinition.execute(JavaStepDefinition.java:49)
	at cucumber.runner.PickleStepDefinitionMatch.runStep(PickleStepDefinitionMatch.java:50)
	at cucumber.runner.TestStep.executeStep(TestStep.java:63)
	at cucumber.runner.TestStep.run(TestStep.java:49)
	at cucumber.runner.PickleStepTestStep.run(PickleStepTestStep.java:43)
	at cucumber.runner.TestCase.run(TestCase.java:44)
	at cucumber.runner.Runner.runPickle(Runner.java:40)
	at cucumber.runtime.Runtime$1.run(Runtime.java:84)
	at cucumber.runtime.Runtime$SameThreadExecutorService.execute(Runtime.java:220)
	at cucumber.runtime.Runtime.run(Runtime.java:81)
	at cucumber.api.cli.Main.run(Main.java:26)
	at cucumber.api.cli.Main$run.call(Unknown Source)
	at com.kms.katalon.core.cucumber.keyword.CucumberBuiltinKeywords$_runFeatureFile_closure1.doCall(CucumberBuiltinKeywords.groovy:106)
	at com.kms.katalon.core.cucumber.keyword.CucumberBuiltinKeywords$_runFeatureFile_closure1.doCall(CucumberBuiltinKeywords.groovy)
	at com.kms.katalon.core.keyword.internal.KeywordMain.runKeyword(KeywordMain.groovy:68)
	at com.kms.katalon.core.keyword.internal.KeywordMain$runKeyword.call(Unknown Source)
	at com.kms.katalon.core.cucumber.keyword.CucumberBuiltinKeywords.runFeatureFile(CucumberBuiltinKeywords.groovy:73)
	at com.kms.katalon.core.cucumber.keyword.CucumberBuiltinKeywords$runFeatureFile$0.callStatic(Unknown Source)
	at com.kms.katalon.core.cucumber.keyword.CucumberBuiltinKeywords.runFeatureFile(CucumberBuiltinKeywords.groovy:246)
	at com.kms.katalon.core.cucumber.keyword.CucumberBuiltinKeywords$runFeatureFile.call(Unknown Source)
	at VKN-Kagit-Istisna.run(VKN-Kagit-Istisna:19)
	at com.kms.katalon.core.main.ScriptEngine.run(ScriptEngine.java:194)
	at com.kms.katalon.core.main.ScriptEngine.runScriptAsRawText(ScriptEngine.java:119)
	at com.kms.katalon.core.main.TestCaseExecutor.runScript(TestCaseExecutor.java:369)
	at com.kms.katalon.core.main.TestCaseExecutor.doExecute(TestCaseExecutor.java:360)
	at com.kms.katalon.core.main.TestCaseExecutor.processExecutionPhase(TestCaseExecutor.java:339)
	at com.kms.katalon.core.main.TestCaseExecutor.accessMainPhase(TestCaseExecutor.java:331)
	at com.kms.katalon.core.main.TestCaseExecutor.execute(TestCaseExecutor.java:248)
	at com.kms.katalon.core.main.TestSuiteExecutor.accessTestCaseMainPhase(TestSuiteExecutor.java:191)
	at com.kms.katalon.core.main.TestSuiteExecutor.accessTestSuiteMainPhase(TestSuiteExecutor.java:140)
	at com.kms.katalon.core.main.TestSuiteExecutor.execute(TestSuiteExecutor.java:89)
	at com.kms.katalon.core.main.TestCaseMain.startTestSuite(TestCaseMain.java:181)
	at com.kms.katalon.core.main.TestCaseMain$startTestSuite$0.call(Unknown Source)
	at TempTestSuite1637329560940.run(TempTestSuite1637329560940.groovy:39)
)

2021-11-19 17:13:36 - [TEST_STEP][PASSED] - verifyElementVisible(findTestObject("Object Repository/Kullanici_Islemleri/KullaniciIslemleri")): Object 'Object Repository/Kullanici_Islemleri/KullaniciIslemleri' is visible

2021-11-19 17:13:36 - [MESSAGE][INFO] - Finding Test Object 'Object Repository/Kullanici_Islemleri/KullaniciIslemleri'

2021-11-19 17:13:36 - [MESSAGE][INFO] - Checking object

2021-11-19 17:13:36 - [MESSAGE][INFO] - Finding web element from Test Object's properties

2021-11-19 17:13:36 - [MESSAGE][INFO] - Checking timeout

2021-11-19 17:13:36 - [MESSAGE][INFO] - Finding web element with id: 'Object Repository/Kullanici_Islemleri/KullaniciIslemleri' located by 'By.cssSelector: .dropdown>a>img' in '30' second(s)

2021-11-19 17:13:36 - [MESSAGE][INFO] - Smart Wait Function is triggered

2021-11-19 17:13:36 - [MESSAGE][INFO] - Found 1 web elements with id: 'Object Repository/Kullanici_Islemleri/KullaniciIslemleri' located by 'By.cssSelector: .dropdown>a>img' in '30' second(s)

2021-11-19 17:13:36 - [MESSAGE][PASSED] - Object 'Object Repository/Kullanici_Islemleri/KullaniciIslemleri' is visible

2021-11-19 17:13:36 - [MESSAGE][PASSED] - Call Test Case 'Test Cases/Sayfalar/Giris_Sayfasi/Login' successfully

2021-11-19 17:13:36 - [MESSAGE][INFO] - Checking called Test Case

2021-11-19 17:13:36 - [MESSAGE][INFO] - Starting to call Test Case 'Test Cases/Menu/AnaMenuSecimi'

2021-11-19 17:13:36 - [TEST_CASE][PASSED] - Test Cases/Menu/AnaMenuSecimi: Test Cases/Menu/AnaMenuSecimi

2021-11-19 17:13:36 - [TEST_STEP][PASSED] - Method.TextDegerineEsitElementeTikla(findTestObject("Menu/Ana_Menu"), Ana_Menu): Method.TextDegerineEsitElementeTikla is PASSED

2021-11-19 17:13:36 - [MESSAGE][INFO] - Finding Test Object 'Object Repository/Menu/Ana_Menu'

2021-11-19 17:13:36 - [MESSAGE][INFO] - Checking timeout

2021-11-19 17:13:36 - [MESSAGE][INFO] - Finding web element with id: 'Object Repository/Menu/Ana_Menu' located by 'By.xpath: //*[@class = 'dropdown-toggle']' in '10' second(s)

2021-11-19 17:13:36 - [MESSAGE][INFO] - Smart Wait Function is triggered

2021-11-19 17:13:37 - [MESSAGE][INFO] - Found 14 web elements with id: 'Object Repository/Menu/Ana_Menu' located by 'By.xpath: //*[@class = 'dropdown-toggle']' in '10' second(s)

2021-11-19 17:13:37 - [MESSAGE][PASSED] - Method.TextDegerineEsitElementeTikla is PASSED

2021-11-19 17:13:37 - [MESSAGE][PASSED] - Call Test Case 'Test Cases/Menu/AnaMenuSecimi' successfully

2021-11-19 17:13:37 - [MESSAGE][INFO] - Checking called Test Case

2021-11-19 17:13:37 - [MESSAGE][INFO] - Starting to call Test Case 'Test Cases/Menu/BasligaGoreAltMenuSecimi'

2021-11-19 17:13:37 - [TEST_CASE][PASSED] - Test Cases/Menu/BasligaGoreAltMenuSecimi: Test Cases/Menu/BasligaGoreAltMenuSecimi

2021-11-19 17:13:37 - [TEST_STEP][PASSED] - Method.TextDegerineEsitElementinAltindakiTextDegerineEsitOlanaTikla(findTestObject("Menu/Menu_Basligi"), findTestObject("Menu/Basliga_Gore_Alt_Menu"), Baslik, Alt_Menu): Method.TextDegerineEsitElementinAltindakiTextDegerineEsitOlanaTikla is PASSED

2021-11-19 17:13:37 - [MESSAGE][INFO] - Finding Test Object 'Object Repository/Menu/Menu_Basligi'

2021-11-19 17:13:37 - [MESSAGE][INFO] - Finding Test Object 'Object Repository/Menu/Basliga_Gore_Alt_Menu'

2021-11-19 17:13:37 - [MESSAGE][INFO] - Checking timeout

2021-11-19 17:13:37 - [MESSAGE][INFO] - Finding web element with id: 'Object Repository/Menu/Menu_Basligi' located by 'By.xpath: //li[@class='dropdown dropdown-large open']//li[@class='dropdown-header']' in '10' second(s)

2021-11-19 17:13:37 - [MESSAGE][INFO] - Smart Wait Function is triggered

2021-11-19 17:13:37 - [MESSAGE][INFO] - Found 2 web elements with id: 'Object Repository/Menu/Menu_Basligi' located by 'By.xpath: //li[@class='dropdown dropdown-large open']//li[@class='dropdown-header']' in '10' second(s)

2021-11-19 17:13:37 - [MESSAGE][INFO] - Smart Wait Function is triggered

2021-11-19 17:13:39 - [MESSAGE][PASSED] - Method.TextDegerineEsitElementinAltindakiTextDegerineEsitOlanaTikla is PASSED

2021-11-19 17:13:39 - [MESSAGE][PASSED] - Call Test Case 'Test Cases/Menu/BasligaGoreAltMenuSecimi' successfully

2021-11-19 17:13:39 - [MESSAGE][INFO] - Checking called Test Case

2021-11-19 17:13:39 - [MESSAGE][INFO] - Starting to call Test Case 'Test Cases/Tablo/Olusturma Tarihi'

2021-11-19 17:13:39 - [TEST_CASE][PASSED] - Test Cases/Tablo/Olusturma Tarihi: Test Cases/Tablo/Olusturma Tarihi

2021-11-19 17:13:39 - [TEST_STEP][PASSED] - if (verifyTextNotPresent("Görüntülenecek veri yok", true, OPTIONAL)): null

2021-11-19 17:13:39 - [MESSAGE][INFO] - Checking text present  using regular expression

2021-11-19 17:13:39 - [MESSAGE][INFO] - Smart Wait Function is triggered

2021-11-19 17:13:40 - [MESSAGE][INFO] - Finding text 'Görüntülenecek veri yok' on page  using regular expression

2021-11-19 17:13:40 - [MESSAGE][PASSED] - Text 'Görüntülenecek veri yok' is not present on page using regular expression

2021-11-19 17:13:40 - [TEST_STEP][PASSED] - click(findTestObject("Temizle/Olusturma_Tarihi_CheckBox")): Object: 'Object Repository/Temizle/Olusturma_Tarihi_CheckBox' is clicked on

2021-11-19 17:13:40 - [MESSAGE][INFO] - Finding Test Object 'Object Repository/Temizle/Olusturma_Tarihi_CheckBox'

2021-11-19 17:13:40 - [MESSAGE][INFO] - Checking object

2021-11-19 17:13:40 - [MESSAGE][INFO] - Finding web element from Test Object's properties

2021-11-19 17:13:40 - [MESSAGE][INFO] - Checking timeout

2021-11-19 17:13:40 - [MESSAGE][INFO] - Finding web element with id: 'Object Repository/Temizle/Olusturma_Tarihi_CheckBox' located by 'By.xpath: //*[@title = 'Bu sayfadaki tüm satırları Seç']' in '30' second(s)

2021-11-19 17:13:40 - [MESSAGE][INFO] - Smart Wait Function is triggered

2021-11-19 17:13:40 - [MESSAGE][INFO] - Found 1 web elements with id: 'Object Repository/Temizle/Olusturma_Tarihi_CheckBox' located by 'By.xpath: //*[@title = 'Bu sayfadaki tüm satırları Seç']' in '30' second(s)

2021-11-19 17:13:40 - [MESSAGE][INFO] - Clicking on object: 'Object Repository/Temizle/Olusturma_Tarihi_CheckBox'

2021-11-19 17:13:40 - [MESSAGE][PASSED] - Object: 'Object Repository/Temizle/Olusturma_Tarihi_CheckBox' is clicked on

2021-11-19 17:13:40 - [TEST_STEP][PASSED] - Method.TextDegerineEsitElementeTiklaEquals(findTestObject("Butonlar/Butonlar"), "Sil"): Method.TextDegerineEsitElementeTiklaEquals is PASSED

2021-11-19 17:13:40 - [MESSAGE][INFO] - Finding Test Object 'Object Repository/Butonlar/Butonlar'

2021-11-19 17:13:40 - [MESSAGE][INFO] - Checking timeout

2021-11-19 17:13:40 - [MESSAGE][INFO] - Finding web element with id: 'Object Repository/Butonlar/Butonlar' located by 'By.cssSelector: .panel.panel-default.text-center.footerPanel .btn,.btn.btn-primary.btnControls' in '10' second(s)

2021-11-19 17:13:40 - [MESSAGE][INFO] - Smart Wait Function is triggered

2021-11-19 17:13:41 - [MESSAGE][INFO] - Found 9 web elements with id: 'Object Repository/Butonlar/Butonlar' located by 'By.cssSelector: .panel.panel-default.text-center.footerPanel .btn,.btn.btn-primary.btnControls' in '10' second(s)

2021-11-19 17:13:41 - [MESSAGE][PASSED] - Method.TextDegerineEsitElementeTiklaEquals is PASSED

2021-11-19 17:13:41 - [TEST_STEP][PASSED] - Method.TextDegerineEsitElementeTikla(findTestObject("Popup/Popup_Butons"), "Evet"): Method.TextDegerineEsitElementeTikla is PASSED

2021-11-19 17:13:41 - [MESSAGE][INFO] - Finding Test Object 'Object Repository/Popup/Popup_Butons'

2021-11-19 17:13:41 - [MESSAGE][INFO] - Checking timeout

2021-11-19 17:13:41 - [MESSAGE][INFO] - Finding web element with id: 'Object Repository/Popup/Popup_Butons' located by 'By.cssSelector: .modal-footer>button' in '10' second(s)

2021-11-19 17:13:41 - [MESSAGE][INFO] - Smart Wait Function is triggered

2021-11-19 17:13:42 - [MESSAGE][INFO] - Found 2 web elements with id: 'Object Repository/Popup/Popup_Butons' located by 'By.cssSelector: .modal-footer>button' in '10' second(s)

2021-11-19 17:13:42 - [MESSAGE][PASSED] - Method.TextDegerineEsitElementeTikla is PASSED

2021-11-19 17:13:42 - [TEST_STEP][PASSED] - Method.TextDegerineEsitElementeTikla(findTestObject("Popup/Popup_Butons"), "Tamam"): Method.TextDegerineEsitElementeTikla is PASSED

2021-11-19 17:13:42 - [MESSAGE][INFO] - Finding Test Object 'Object Repository/Popup/Popup_Butons'

2021-11-19 17:13:42 - [MESSAGE][INFO] - Checking timeout

2021-11-19 17:13:42 - [MESSAGE][INFO] - Finding web element with id: 'Object Repository/Popup/Popup_Butons' located by 'By.cssSelector: .modal-footer>button' in '10' second(s)

2021-11-19 17:13:42 - [MESSAGE][INFO] - Smart Wait Function is triggered

2021-11-19 17:13:43 - [MESSAGE][INFO] - Found 1 web elements with id: 'Object Repository/Popup/Popup_Butons' located by 'By.cssSelector: .modal-footer>button' in '10' second(s)

2021-11-19 17:13:43 - [MESSAGE][PASSED] - Method.TextDegerineEsitElementeTikla is PASSED

2021-11-19 17:13:43 - [MESSAGE][PASSED] - Call Test Case 'Test Cases/Tablo/Olusturma Tarihi' successfully

2021-11-19 17:13:43 - [MESSAGE][INFO] - Checking called Test Case

2021-11-19 17:13:43 - [MESSAGE][INFO] - Starting to call Test Case 'Test Cases/Butonlar/ButonaTikla'

2021-11-19 17:13:43 - [TEST_CASE][PASSED] - Test Cases/Butonlar/ButonaTikla: Test Cases/Butonlar/ButonaTikla

2021-11-19 17:13:43 - [TEST_STEP][PASSED] - Method.TextDegerineEsitElementeTiklaEquals(findTestObject("Butonlar/Butonlar"), Buton_Adi): Method.TextDegerineEsitElementeTiklaEquals is PASSED

2021-11-19 17:13:43 - [MESSAGE][INFO] - Finding Test Object 'Object Repository/Butonlar/Butonlar'

2021-11-19 17:13:43 - [MESSAGE][INFO] - Checking timeout

2021-11-19 17:13:43 - [MESSAGE][INFO] - Finding web element with id: 'Object Repository/Butonlar/Butonlar' located by 'By.cssSelector: .panel.panel-default.text-center.footerPanel .btn,.btn.btn-primary.btnControls' in '10' second(s)

2021-11-19 17:13:43 - [MESSAGE][INFO] - Smart Wait Function is triggered

2021-11-19 17:13:44 - [MESSAGE][INFO] - Found 9 web elements with id: 'Object Repository/Butonlar/Butonlar' located by 'By.cssSelector: .panel.panel-default.text-center.footerPanel .btn,.btn.btn-primary.btnControls' in '10' second(s)

2021-11-19 17:13:44 - [MESSAGE][PASSED] - Method.TextDegerineEsitElementeTiklaEquals is PASSED

2021-11-19 17:13:44 - [MESSAGE][PASSED] - Call Test Case 'Test Cases/Butonlar/ButonaTikla' successfully

2021-11-19 17:13:44 - [MESSAGE][INFO] - Checking called Test Case

2021-11-19 17:13:44 - [MESSAGE][INFO] - Starting to call Test Case 'Test Cases/Olusturma/Genel/GorselTasarimSayfasıBasligiIceriyorMu'

2021-11-19 17:13:44 - [TEST_CASE][PASSED] - Test Cases/Olusturma/Genel/GorselTasarimSayfasıBasligiIceriyorMu: Test Cases/Olusturma/Genel/GorselTasarimSayfasıBasligiIceriyorMu

2021-11-19 17:13:44 - [TEST_STEP][PASSED] - verifyElementText(findTestObject("Object Repository/Olusturma/Genel/GorselTasarimBaslik"), Baslik): Actual text and expected text of test object 'Object Repository/Olusturma/Genel/GorselTasarimBaslik' are matched.

2021-11-19 17:13:44 - [MESSAGE][INFO] - Finding Test Object 'Object Repository/Olusturma/Genel/GorselTasarimBaslik'

2021-11-19 17:13:44 - [MESSAGE][INFO] - Checking object

2021-11-19 17:13:44 - [MESSAGE][INFO] - Finding web element from Test Object's properties

2021-11-19 17:13:44 - [MESSAGE][INFO] - Checking timeout

2021-11-19 17:13:44 - [MESSAGE][INFO] - Finding web element with id: 'Object Repository/Olusturma/Genel/GorselTasarimBaslik' located by 'By.cssSelector: #flAlici_0>div>span' in '30' second(s)

2021-11-19 17:13:44 - [MESSAGE][INFO] - Smart Wait Function is triggered

2021-11-19 17:13:51 - [MESSAGE][INFO] - Found 1 web elements with id: 'Object Repository/Olusturma/Genel/GorselTasarimBaslik' located by 'By.cssSelector: #flAlici_0>div>span' in '30' second(s)

2021-11-19 17:13:51 - [MESSAGE][PASSED] - Actual text and expected text of test object 'Object Repository/Olusturma/Genel/GorselTasarimBaslik' are matched.

2021-11-19 17:13:51 - [MESSAGE][PASSED] - Call Test Case 'Test Cases/Olusturma/Genel/GorselTasarimSayfasıBasligiIceriyorMu' successfully

2021-11-19 17:13:51 - [MESSAGE][INFO] - Checking called Test Case

2021-11-19 17:13:51 - [MESSAGE][INFO] - Starting to call Test Case 'Test Cases/Olusturma/Genel/AliciSecilir'

2021-11-19 17:13:51 - [TEST_CASE][PASSED] - Test Cases/Olusturma/Genel/AliciSecilir: Test Cases/Olusturma/Genel/AliciSecilir

2021-11-19 17:13:51 - [TEST_STEP][PASSED] - click(findTestObject("Olusturma/Genel/AliciBilgisi/Alici_Ara")): Object: 'Object Repository/Olusturma/Genel/AliciBilgisi/Alici_Ara' is clicked on

2021-11-19 17:13:51 - [MESSAGE][INFO] - Finding Test Object 'Object Repository/Olusturma/Genel/AliciBilgisi/Alici_Ara'

2021-11-19 17:13:51 - [MESSAGE][INFO] - Checking object

2021-11-19 17:13:51 - [MESSAGE][INFO] - Finding web element from Test Object's properties

2021-11-19 17:13:51 - [MESSAGE][INFO] - Checking timeout

2021-11-19 17:13:51 - [MESSAGE][INFO] - Finding web element with id: 'Object Repository/Olusturma/Genel/AliciBilgisi/Alici_Ara' located by 'By.xpath: //td[@id='txtCustomerText_B-1']' in '30' second(s)

2021-11-19 17:13:51 - [MESSAGE][INFO] - Smart Wait Function is triggered

2021-11-19 17:13:52 - [MESSAGE][INFO] - Found 1 web elements with id: 'Object Repository/Olusturma/Genel/AliciBilgisi/Alici_Ara' located by 'By.xpath: //td[@id='txtCustomerText_B-1']' in '30' second(s)

2021-11-19 17:13:52 - [MESSAGE][INFO] - Clicking on object: 'Object Repository/Olusturma/Genel/AliciBilgisi/Alici_Ara'

2021-11-19 17:13:52 - [MESSAGE][PASSED] - Object: 'Object Repository/Olusturma/Genel/AliciBilgisi/Alici_Ara' is clicked on

2021-11-19 17:13:52 - [TEST_STEP][PASSED] - click(findTestObject("Olusturma/Genel/AliciBilgisi/Alici_Bilgisi")): Object: 'Object Repository/Olusturma/Genel/AliciBilgisi/Alici_Bilgisi' is clicked on

2021-11-19 17:13:52 - [MESSAGE][INFO] - Finding Test Object 'Object Repository/Olusturma/Genel/AliciBilgisi/Alici_Bilgisi'

2021-11-19 17:13:52 - [MESSAGE][INFO] - Checking object

2021-11-19 17:13:52 - [MESSAGE][INFO] - Finding web element from Test Object's properties

2021-11-19 17:13:52 - [MESSAGE][INFO] - Checking timeout

2021-11-19 17:13:52 - [MESSAGE][INFO] - Finding web element with id: 'Object Repository/Olusturma/Genel/AliciBilgisi/Alici_Bilgisi' located by 'By.xpath: //iframe[@id='customerselectiframe']' in '30' second(s)

2021-11-19 17:13:52 - [MESSAGE][INFO] - Smart Wait Function is triggered

2021-11-19 17:13:52 - [MESSAGE][INFO] - Found 1 web elements with id: 'Object Repository/Olusturma/Genel/AliciBilgisi/Alici_Bilgisi' located by 'By.xpath: //iframe[@id='customerselectiframe']' in '30' second(s)

2021-11-19 17:13:52 - [MESSAGE][INFO] - Clicking on object: 'Object Repository/Olusturma/Genel/AliciBilgisi/Alici_Bilgisi'

2021-11-19 17:13:52 - [MESSAGE][PASSED] - Object: 'Object Repository/Olusturma/Genel/AliciBilgisi/Alici_Bilgisi' is clicked on

2021-11-19 17:13:52 - [TEST_STEP][PASSED] - setText(findTestObject("Olusturma/Genel/AliciBilgisi/Alici_Gir"), Alici_Adi): Switching to default content

2021-11-19 17:13:52 - [MESSAGE][INFO] - Finding Test Object 'Object Repository/Olusturma/Genel/AliciBilgisi/Alici_Gir'

2021-11-19 17:13:53 - [MESSAGE][INFO] - Finding Test Object 'Object Repository/Olusturma/Genel/AliciBilgisi/Alici_Bilgisi'

2021-11-19 17:13:53 - [MESSAGE][INFO] - Checking object

2021-11-19 17:13:53 - [MESSAGE][INFO] - Checking text

2021-11-19 17:13:53 - [MESSAGE][INFO] - Object: 'Object Repository/Olusturma/Genel/AliciBilgisi/Alici_Gir' has parent object(s)

2021-11-19 17:13:53 - [MESSAGE][INFO] - Switching to iframe: 'Object Repository/Olusturma/Genel/AliciBilgisi/Alici_Bilgisi'

2021-11-19 17:13:53 - [MESSAGE][INFO] - Finding web element from Test Object's properties

2021-11-19 17:13:53 - [MESSAGE][INFO] - Checking timeout

2021-11-19 17:13:53 - [MESSAGE][INFO] - Finding web element with id: 'Object Repository/Olusturma/Genel/AliciBilgisi/Alici_Bilgisi' located by 'By.xpath: //iframe[@id='customerselectiframe']' in '30' second(s)

2021-11-19 17:13:53 - [MESSAGE][INFO] - Smart Wait Function is triggered

2021-11-19 17:13:53 - [MESSAGE][INFO] - Found 1 web elements with id: 'Object Repository/Olusturma/Genel/AliciBilgisi/Alici_Bilgisi' located by 'By.xpath: //iframe[@id='customerselectiframe']' in '30' second(s)

2021-11-19 17:13:53 - [MESSAGE][INFO] - Switched to iframe: 'Object Repository/Olusturma/Genel/AliciBilgisi/Alici_Bilgisi'

2021-11-19 17:13:53 - [MESSAGE][INFO] - Finding web element from Test Object's properties

2021-11-19 17:13:53 - [MESSAGE][INFO] - Checking timeout

2021-11-19 17:13:53 - [MESSAGE][INFO] - Finding web element with id: 'Object Repository/Olusturma/Genel/AliciBilgisi/Alici_Gir' located by 'By.xpath: //input[@id='GridViewCustomer_DXFREditorcol1_I']' in '30' second(s)

2021-11-19 17:13:53 - [MESSAGE][INFO] - Smart Wait Function is triggered

2021-11-19 17:13:53 - [MESSAGE][INFO] - Found 1 web elements with id: 'Object Repository/Olusturma/Genel/AliciBilgisi/Alici_Gir' located by 'By.xpath: //input[@id='GridViewCustomer_DXFREditorcol1_I']' in '30' second(s)

2021-11-19 17:13:53 - [MESSAGE][INFO] - Clearing text of object 'Object Repository/Olusturma/Genel/AliciBilgisi/Alici_Gir'

2021-11-19 17:13:53 - [MESSAGE][INFO] - Finding web element from Test Object's properties

2021-11-19 17:13:53 - [MESSAGE][INFO] - Checking timeout

2021-11-19 17:13:53 - [MESSAGE][INFO] - Finding web element with id: 'Object Repository/Olusturma/Genel/AliciBilgisi/Alici_Gir' located by 'By.xpath: //input[@id='GridViewCustomer_DXFREditorcol1_I']' in '30' second(s)

2021-11-19 17:13:53 - [MESSAGE][INFO] - Smart Wait Function is triggered

2021-11-19 17:13:53 - [MESSAGE][INFO] - Found 1 web elements with id: 'Object Repository/Olusturma/Genel/AliciBilgisi/Alici_Gir' located by 'By.xpath: //input[@id='GridViewCustomer_DXFREditorcol1_I']' in '30' second(s)

2021-11-19 17:13:53 - [MESSAGE][INFO] - Setting text of object 'Object Repository/Olusturma/Genel/AliciBilgisi/Alici_Gir' to value 'UC0013'

2021-11-19 17:13:53 - [MESSAGE][PASSED] - Text 'UC0013' is set on object 'Object Repository/Olusturma/Genel/AliciBilgisi/Alici_Gir'

2021-11-19 17:13:53 - [MESSAGE][INFO] - Switching to default content

2021-11-19 17:13:53 - [TEST_STEP][PASSED] - waitForElementClickable(findTestObject("Olusturma/Genel/AliciBilgisi/Alici_Adi"), 10): Switching to default content

2021-11-19 17:13:53 - [MESSAGE][INFO] - Finding Test Object 'Object Repository/Olusturma/Genel/AliciBilgisi/Alici_Adi'

2021-11-19 17:13:53 - [MESSAGE][INFO] - Finding Test Object 'Object Repository/Olusturma/Genel/AliciBilgisi/iframe_Alc Bilgisi_customerselectiframe'

2021-11-19 17:13:54 - [MESSAGE][INFO] - Checking object

2021-11-19 17:13:54 - [MESSAGE][INFO] - Checking timeout

2021-11-19 17:13:54 - [MESSAGE][INFO] - Object: 'Object Repository/Olusturma/Genel/AliciBilgisi/Alici_Adi' has parent object(s)

2021-11-19 17:13:54 - [MESSAGE][INFO] - Switching to iframe: 'Object Repository/Olusturma/Genel/AliciBilgisi/iframe_Alc Bilgisi_customerselectiframe'

2021-11-19 17:13:54 - [MESSAGE][INFO] - Finding web element from Test Object's properties

2021-11-19 17:13:54 - [MESSAGE][INFO] - Checking timeout

2021-11-19 17:13:54 - [MESSAGE][INFO] - Finding web element with id: 'Object Repository/Olusturma/Genel/AliciBilgisi/iframe_Alc Bilgisi_customerselectiframe' located by 'By.xpath: //iframe[@id='customerselectiframe']' in '10' second(s)

2021-11-19 17:13:54 - [MESSAGE][INFO] - Smart Wait Function is triggered

2021-11-19 17:13:54 - [MESSAGE][INFO] - Found 1 web elements with id: 'Object Repository/Olusturma/Genel/AliciBilgisi/iframe_Alc Bilgisi_customerselectiframe' located by 'By.xpath: //iframe[@id='customerselectiframe']' in '10' second(s)

2021-11-19 17:13:54 - [MESSAGE][INFO] - Switched to iframe: 'Object Repository/Olusturma/Genel/AliciBilgisi/iframe_Alc Bilgisi_customerselectiframe'

2021-11-19 17:13:54 - [MESSAGE][INFO] - Finding web element from Test Object's properties

2021-11-19 17:13:54 - [MESSAGE][INFO] - Checking timeout

2021-11-19 17:13:54 - [MESSAGE][INFO] - Finding web element with id: 'Object Repository/Olusturma/Genel/AliciBilgisi/Alici_Adi' located by 'By.xpath: //tr[@id='GridViewCustomer_DXDataRow0']/td[2]' in '10' second(s)

2021-11-19 17:13:54 - [MESSAGE][INFO] - Smart Wait Function is triggered

2021-11-19 17:13:54 - [MESSAGE][INFO] - Found 1 web elements with id: 'Object Repository/Olusturma/Genel/AliciBilgisi/Alici_Adi' located by 'By.xpath: //tr[@id='GridViewCustomer_DXDataRow0']/td[2]' in '10' second(s)

2021-11-19 17:13:54 - [MESSAGE][PASSED] - Object 'Object Repository/Olusturma/Genel/AliciBilgisi/Alici_Adi' is clickable

2021-11-19 17:13:54 - [MESSAGE][INFO] - Switching to default content

2021-11-19 17:13:54 - [TEST_STEP][PASSED] - click(findTestObject("Olusturma/Genel/AliciBilgisi/frame")): Switching to default content

2021-11-19 17:13:54 - [MESSAGE][INFO] - Finding Test Object 'Object Repository/Olusturma/Genel/AliciBilgisi/frame'

2021-11-19 17:13:54 - [MESSAGE][INFO] - Finding Test Object 'Object Repository/Olusturma/Genel/AliciBilgisi/iframe_Alc Bilgisi_customerselectiframe'

2021-11-19 17:13:54 - [MESSAGE][INFO] - Checking object

2021-11-19 17:13:54 - [MESSAGE][INFO] - Object: 'Object Repository/Olusturma/Genel/AliciBilgisi/frame' has parent object(s)

2021-11-19 17:13:54 - [MESSAGE][INFO] - Switching to iframe: 'Object Repository/Olusturma/Genel/AliciBilgisi/iframe_Alc Bilgisi_customerselectiframe'

2021-11-19 17:13:54 - [MESSAGE][INFO] - Finding web element from Test Object's properties

2021-11-19 17:13:54 - [MESSAGE][INFO] - Checking timeout

2021-11-19 17:13:54 - [MESSAGE][INFO] - Finding web element with id: 'Object Repository/Olusturma/Genel/AliciBilgisi/iframe_Alc Bilgisi_customerselectiframe' located by 'By.xpath: //iframe[@id='customerselectiframe']' in '30' second(s)

2021-11-19 17:13:54 - [MESSAGE][INFO] - Smart Wait Function is triggered

2021-11-19 17:13:55 - [MESSAGE][INFO] - Found 1 web elements with id: 'Object Repository/Olusturma/Genel/AliciBilgisi/iframe_Alc Bilgisi_customerselectiframe' located by 'By.xpath: //iframe[@id='customerselectiframe']' in '30' second(s)

2021-11-19 17:13:55 - [MESSAGE][INFO] - Switched to iframe: 'Object Repository/Olusturma/Genel/AliciBilgisi/iframe_Alc Bilgisi_customerselectiframe'

2021-11-19 17:13:55 - [MESSAGE][INFO] - Finding web element from Test Object's properties

2021-11-19 17:13:55 - [MESSAGE][INFO] - Checking timeout

2021-11-19 17:13:55 - [MESSAGE][INFO] - Finding web element with id: 'Object Repository/Olusturma/Genel/AliciBilgisi/frame' located by 'By.xpath: //*/text()[normalize-space(.)='']/parent::*' in '30' second(s)

2021-11-19 17:13:55 - [MESSAGE][INFO] - Smart Wait Function is triggered

2021-11-19 17:13:55 - [MESSAGE][INFO] - Found 64 web elements with id: 'Object Repository/Olusturma/Genel/AliciBilgisi/frame' located by 'By.xpath: //*/text()[normalize-space(.)='']/parent::*' in '30' second(s)

2021-11-19 17:13:55 - [MESSAGE][INFO] - Clicking on object: 'Object Repository/Olusturma/Genel/AliciBilgisi/frame'

2021-11-19 17:13:55 - [MESSAGE][PASSED] - Object: 'Object Repository/Olusturma/Genel/AliciBilgisi/frame' is clicked on

2021-11-19 17:13:55 - [MESSAGE][INFO] - Switching to default content

2021-11-19 17:13:55 - [TEST_STEP][PASSED] - click(findTestObject("Olusturma/Genel/AliciBilgisi/Alici_Adi")): Switching to default content

2021-11-19 17:13:55 - [MESSAGE][INFO] - Finding Test Object 'Object Repository/Olusturma/Genel/AliciBilgisi/Alici_Adi'

2021-11-19 17:13:55 - [MESSAGE][INFO] - Finding Test Object 'Object Repository/Olusturma/Genel/AliciBilgisi/iframe_Alc Bilgisi_customerselectiframe'

2021-11-19 17:13:55 - [MESSAGE][INFO] - Checking object

2021-11-19 17:13:55 - [MESSAGE][INFO] - Object: 'Object Repository/Olusturma/Genel/AliciBilgisi/Alici_Adi' has parent object(s)

2021-11-19 17:13:55 - [MESSAGE][INFO] - Switching to iframe: 'Object Repository/Olusturma/Genel/AliciBilgisi/iframe_Alc Bilgisi_customerselectiframe'

2021-11-19 17:13:55 - [MESSAGE][INFO] - Finding web element from Test Object's properties

2021-11-19 17:13:55 - [MESSAGE][INFO] - Checking timeout

2021-11-19 17:13:55 - [MESSAGE][INFO] - Finding web element with id: 'Object Repository/Olusturma/Genel/AliciBilgisi/iframe_Alc Bilgisi_customerselectiframe' located by 'By.xpath: //iframe[@id='customerselectiframe']' in '30' second(s)

2021-11-19 17:13:55 - [MESSAGE][INFO] - Smart Wait Function is triggered

2021-11-19 17:13:55 - [MESSAGE][INFO] - Found 1 web elements with id: 'Object Repository/Olusturma/Genel/AliciBilgisi/iframe_Alc Bilgisi_customerselectiframe' located by 'By.xpath: //iframe[@id='customerselectiframe']' in '30' second(s)

2021-11-19 17:13:56 - [MESSAGE][INFO] - Switched to iframe: 'Object Repository/Olusturma/Genel/AliciBilgisi/iframe_Alc Bilgisi_customerselectiframe'

2021-11-19 17:13:56 - [MESSAGE][INFO] - Finding web element from Test Object's properties

2021-11-19 17:13:56 - [MESSAGE][INFO] - Checking timeout

2021-11-19 17:13:56 - [MESSAGE][INFO] - Finding web element with id: 'Object Repository/Olusturma/Genel/AliciBilgisi/Alici_Adi' located by 'By.xpath: //tr[@id='GridViewCustomer_DXDataRow0']/td[2]' in '30' second(s)

2021-11-19 17:13:56 - [MESSAGE][INFO] - Smart Wait Function is triggered

2021-11-19 17:13:56 - [MESSAGE][INFO] - Found 1 web elements with id: 'Object Repository/Olusturma/Genel/AliciBilgisi/Alici_Adi' located by 'By.xpath: //tr[@id='GridViewCustomer_DXDataRow0']/td[2]' in '30' second(s)

2021-11-19 17:13:56 - [MESSAGE][INFO] - Clicking on object: 'Object Repository/Olusturma/Genel/AliciBilgisi/Alici_Adi'

2021-11-19 17:13:56 - [MESSAGE][PASSED] - Object: 'Object Repository/Olusturma/Genel/AliciBilgisi/Alici_Adi' is clicked on

2021-11-19 17:13:56 - [MESSAGE][INFO] - Switching to default content

2021-11-19 17:13:56 - [TEST_STEP][PASSED] - click(findTestObject("Olusturma/Genel/AliciBilgisi/Tamam_Bosluk")): Switching to default content

2021-11-19 17:13:56 - [MESSAGE][INFO] - Finding Test Object 'Object Repository/Olusturma/Genel/AliciBilgisi/Tamam_Bosluk'

2021-11-19 17:13:56 - [MESSAGE][INFO] - Finding Test Object 'Object Repository/Olusturma/Genel/AliciBilgisi/Alici_Bilgisi'

2021-11-19 17:13:56 - [MESSAGE][INFO] - Checking object

2021-11-19 17:13:56 - [MESSAGE][INFO] - Object: 'Object Repository/Olusturma/Genel/AliciBilgisi/Tamam_Bosluk' has parent object(s)

2021-11-19 17:13:56 - [MESSAGE][INFO] - Switching to iframe: 'Object Repository/Olusturma/Genel/AliciBilgisi/Alici_Bilgisi'

2021-11-19 17:13:56 - [MESSAGE][INFO] - Finding web element from Test Object's properties

2021-11-19 17:13:56 - [MESSAGE][INFO] - Checking timeout

2021-11-19 17:13:56 - [MESSAGE][INFO] - Finding web element with id: 'Object Repository/Olusturma/Genel/AliciBilgisi/Alici_Bilgisi' located by 'By.xpath: //iframe[@id='customerselectiframe']' in '30' second(s)

2021-11-19 17:13:56 - [MESSAGE][INFO] - Smart Wait Function is triggered

2021-11-19 17:13:56 - [MESSAGE][INFO] - Found 1 web elements with id: 'Object Repository/Olusturma/Genel/AliciBilgisi/Alici_Bilgisi' located by 'By.xpath: //iframe[@id='customerselectiframe']' in '30' second(s)

2021-11-19 17:13:56 - [MESSAGE][INFO] - Switched to iframe: 'Object Repository/Olusturma/Genel/AliciBilgisi/Alici_Bilgisi'

2021-11-19 17:13:56 - [MESSAGE][INFO] - Finding web element from Test Object's properties

2021-11-19 17:13:56 - [MESSAGE][INFO] - Checking timeout

2021-11-19 17:13:56 - [MESSAGE][INFO] - Finding web element with id: 'Object Repository/Olusturma/Genel/AliciBilgisi/Tamam_Bosluk' located by 'By.xpath: (.//*[normalize-space(text()) and normalize-space(.)='Sayfa Boyutu:'])[1]/following::div[7]' in '30' second(s)

2021-11-19 17:13:56 - [MESSAGE][INFO] - Smart Wait Function is triggered

2021-11-19 17:13:56 - [MESSAGE][INFO] - Found 1 web elements with id: 'Object Repository/Olusturma/Genel/AliciBilgisi/Tamam_Bosluk' located by 'By.xpath: (.//*[normalize-space(text()) and normalize-space(.)='Sayfa Boyutu:'])[1]/following::div[7]' in '30' second(s)

2021-11-19 17:13:56 - [MESSAGE][INFO] - Clicking on object: 'Object Repository/Olusturma/Genel/AliciBilgisi/Tamam_Bosluk'

2021-11-19 17:13:56 - [MESSAGE][PASSED] - Object: 'Object Repository/Olusturma/Genel/AliciBilgisi/Tamam_Bosluk' is clicked on

2021-11-19 17:13:56 - [MESSAGE][INFO] - Switching to default content

2021-11-19 17:13:56 - [TEST_STEP][PASSED] - waitForElementClickable(findTestObject("Olusturma/Genel/AliciBilgisi/Tamam_Butonu"), 10): Switching to default content

2021-11-19 17:13:56 - [MESSAGE][INFO] - Finding Test Object 'Object Repository/Olusturma/Genel/AliciBilgisi/Tamam_Butonu'

2021-11-19 17:13:57 - [MESSAGE][INFO] - Finding Test Object 'Object Repository/Olusturma/Genel/AliciBilgisi/Alici_Bilgisi'

2021-11-19 17:13:57 - [MESSAGE][INFO] - Checking object

2021-11-19 17:13:57 - [MESSAGE][INFO] - Checking timeout

2021-11-19 17:13:57 - [MESSAGE][INFO] - Object: 'Object Repository/Olusturma/Genel/AliciBilgisi/Tamam_Butonu' has parent object(s)

2021-11-19 17:13:57 - [MESSAGE][INFO] - Switching to iframe: 'Object Repository/Olusturma/Genel/AliciBilgisi/Alici_Bilgisi'

2021-11-19 17:13:57 - [MESSAGE][INFO] - Finding web element from Test Object's properties

2021-11-19 17:13:57 - [MESSAGE][INFO] - Checking timeout

2021-11-19 17:13:57 - [MESSAGE][INFO] - Finding web element with id: 'Object Repository/Olusturma/Genel/AliciBilgisi/Alici_Bilgisi' located by 'By.xpath: //iframe[@id='customerselectiframe']' in '10' second(s)

2021-11-19 17:13:57 - [MESSAGE][INFO] - Smart Wait Function is triggered

2021-11-19 17:13:57 - [MESSAGE][INFO] - Found 1 web elements with id: 'Object Repository/Olusturma/Genel/AliciBilgisi/Alici_Bilgisi' located by 'By.xpath: //iframe[@id='customerselectiframe']' in '10' second(s)

2021-11-19 17:13:57 - [MESSAGE][INFO] - Switched to iframe: 'Object Repository/Olusturma/Genel/AliciBilgisi/Alici_Bilgisi'

2021-11-19 17:13:57 - [MESSAGE][INFO] - Finding web element from Test Object's properties

2021-11-19 17:13:57 - [MESSAGE][INFO] - Checking timeout

2021-11-19 17:13:57 - [MESSAGE][INFO] - Finding web element with id: 'Object Repository/Olusturma/Genel/AliciBilgisi/Tamam_Butonu' located by 'By.xpath: //div[@id='btnSelectCustomer_CD']/span' in '10' second(s)

2021-11-19 17:13:57 - [MESSAGE][INFO] - Smart Wait Function is triggered

2021-11-19 17:13:57 - [MESSAGE][INFO] - Found 1 web elements with id: 'Object Repository/Olusturma/Genel/AliciBilgisi/Tamam_Butonu' located by 'By.xpath: //div[@id='btnSelectCustomer_CD']/span' in '10' second(s)

2021-11-19 17:13:57 - [MESSAGE][PASSED] - Object 'Object Repository/Olusturma/Genel/AliciBilgisi/Tamam_Butonu' is clickable

2021-11-19 17:13:57 - [MESSAGE][INFO] - Switching to default content

2021-11-19 17:13:57 - [TEST_STEP][PASSED] - click(findTestObject("Olusturma/Genel/AliciBilgisi/Tamam_Butonu")): Switching to default content

2021-11-19 17:13:57 - [MESSAGE][INFO] - Finding Test Object 'Object Repository/Olusturma/Genel/AliciBilgisi/Tamam_Butonu'

2021-11-19 17:13:57 - [MESSAGE][INFO] - Finding Test Object 'Object Repository/Olusturma/Genel/AliciBilgisi/Alici_Bilgisi'

2021-11-19 17:13:57 - [MESSAGE][INFO] - Checking object

2021-11-19 17:13:57 - [MESSAGE][INFO] - Object: 'Object Repository/Olusturma/Genel/AliciBilgisi/Tamam_Butonu' has parent object(s)

2021-11-19 17:13:57 - [MESSAGE][INFO] - Switching to iframe: 'Object Repository/Olusturma/Genel/AliciBilgisi/Alici_Bilgisi'

2021-11-19 17:13:57 - [MESSAGE][INFO] - Finding web element from Test Object's properties

2021-11-19 17:13:57 - [MESSAGE][INFO] - Checking timeout

2021-11-19 17:13:57 - [MESSAGE][INFO] - Finding web element with id: 'Object Repository/Olusturma/Genel/AliciBilgisi/Alici_Bilgisi' located by 'By.xpath: //iframe[@id='customerselectiframe']' in '30' second(s)

2021-11-19 17:13:57 - [MESSAGE][INFO] - Smart Wait Function is triggered

2021-11-19 17:13:57 - [MESSAGE][INFO] - Found 1 web elements with id: 'Object Repository/Olusturma/Genel/AliciBilgisi/Alici_Bilgisi' located by 'By.xpath: //iframe[@id='customerselectiframe']' in '30' second(s)

2021-11-19 17:13:58 - [MESSAGE][INFO] - Switched to iframe: 'Object Repository/Olusturma/Genel/AliciBilgisi/Alici_Bilgisi'

2021-11-19 17:13:58 - [MESSAGE][INFO] - Finding web element from Test Object's properties

2021-11-19 17:13:58 - [MESSAGE][INFO] - Checking timeout

2021-11-19 17:13:58 - [MESSAGE][INFO] - Finding web element with id: 'Object Repository/Olusturma/Genel/AliciBilgisi/Tamam_Butonu' located by 'By.xpath: //div[@id='btnSelectCustomer_CD']/span' in '30' second(s)

2021-11-19 17:13:58 - [MESSAGE][INFO] - Smart Wait Function is triggered

2021-11-19 17:13:58 - [MESSAGE][INFO] - Found 1 web elements with id: 'Object Repository/Olusturma/Genel/AliciBilgisi/Tamam_Butonu' located by 'By.xpath: //div[@id='btnSelectCustomer_CD']/span' in '30' second(s)

2021-11-19 17:13:58 - [MESSAGE][INFO] - Clicking on object: 'Object Repository/Olusturma/Genel/AliciBilgisi/Tamam_Butonu'

2021-11-19 17:13:58 - [MESSAGE][PASSED] - Object: 'Object Repository/Olusturma/Genel/AliciBilgisi/Tamam_Butonu' is clicked on

2021-11-19 17:13:58 - [MESSAGE][INFO] - Switching to default content

2021-11-19 17:13:58 - [TEST_STEP][PASSED] - waitForElementPresent(findTestObject("Olusturma/Genel/AliciBilgisi/VKN-TCKN"), 10): Object 'Object Repository/Olusturma/Genel/AliciBilgisi/VKN-TCKN' is present

2021-11-19 17:13:58 - [MESSAGE][INFO] - Finding Test Object 'Object Repository/Olusturma/Genel/AliciBilgisi/VKN-TCKN'

2021-11-19 17:13:58 - [MESSAGE][INFO] - Checking object

2021-11-19 17:13:58 - [MESSAGE][INFO] - Finding web element from Test Object's properties

2021-11-19 17:13:58 - [MESSAGE][INFO] - Checking timeout

2021-11-19 17:13:58 - [MESSAGE][INFO] - Finding web element with id: 'Object Repository/Olusturma/Genel/AliciBilgisi/VKN-TCKN' located by 'By.xpath: //*[@id = 'txtVknTckn_I']' in '10' second(s)

2021-11-19 17:13:58 - [MESSAGE][INFO] - Smart Wait Function is triggered

2021-11-19 17:13:58 - [MESSAGE][INFO] - Found 1 web elements with id: 'Object Repository/Olusturma/Genel/AliciBilgisi/VKN-TCKN' located by 'By.xpath: //*[@id = 'txtVknTckn_I']' in '10' second(s)

2021-11-19 17:13:58 - [MESSAGE][PASSED] - Object 'Object Repository/Olusturma/Genel/AliciBilgisi/VKN-TCKN' is present

2021-11-19 17:13:58 - [TEST_STEP][PASSED] - text = getAttribute(findTestObject("Olusturma/Genel/AliciBilgisi/VKN-TCKN"), "value"): Attribute 'value' of object 'Object Repository/Olusturma/Genel/AliciBilgisi/VKN-TCKN' is: '5328440227'

2021-11-19 17:13:58 - [MESSAGE][INFO] - Finding Test Object 'Object Repository/Olusturma/Genel/AliciBilgisi/VKN-TCKN'

2021-11-19 17:13:58 - [MESSAGE][INFO] - Checking object

2021-11-19 17:13:58 - [MESSAGE][INFO] - Checking attribute

2021-11-19 17:13:58 - [MESSAGE][INFO] - Finding web element from Test Object's properties

2021-11-19 17:13:58 - [MESSAGE][INFO] - Checking timeout

2021-11-19 17:13:58 - [MESSAGE][INFO] - Finding web element with id: 'Object Repository/Olusturma/Genel/AliciBilgisi/VKN-TCKN' located by 'By.xpath: //*[@id = 'txtVknTckn_I']' in '30' second(s)

2021-11-19 17:13:58 - [MESSAGE][INFO] - Smart Wait Function is triggered

2021-11-19 17:13:59 - [MESSAGE][INFO] - Found 1 web elements with id: 'Object Repository/Olusturma/Genel/AliciBilgisi/VKN-TCKN' located by 'By.xpath: //*[@id = 'txtVknTckn_I']' in '30' second(s)

2021-11-19 17:13:59 - [MESSAGE][INFO] - Getting attribute 'value' of object 'Object Repository/Olusturma/Genel/AliciBilgisi/VKN-TCKN'

2021-11-19 17:13:59 - [MESSAGE][PASSED] - Attribute 'value' of object 'Object Repository/Olusturma/Genel/AliciBilgisi/VKN-TCKN' is: '5328440227'

2021-11-19 17:13:59 - [TEST_STEP][PASSED] - if (text.equals("")): null

2021-11-19 17:13:59 - [MESSAGE][PASSED] - Call Test Case 'Test Cases/Olusturma/Genel/AliciSecilir' successfully

2021-11-19 17:13:59 - [MESSAGE][INFO] - Checking called Test Case

2021-11-19 17:13:59 - [MESSAGE][INFO] - Starting to call Test Case 'Test Cases/Olusturma/Genel/GonderimSekliSecilir'

2021-11-19 17:13:59 - [TEST_CASE][PASSED] - Test Cases/Olusturma/Genel/GonderimSekliSecilir: Test Cases/Olusturma/Genel/GonderimSekliSecilir

2021-11-19 17:13:59 - [TEST_STEP][PASSED] - waitForElementClickable(findTestObject("Object Repository/Olusturma/Genel/GonderimSekli/GonderimSekli"), 10): Object 'Object Repository/Olusturma/Genel/GonderimSekli/GonderimSekli' is clickable

2021-11-19 17:13:59 - [MESSAGE][INFO] - Finding Test Object 'Object Repository/Olusturma/Genel/GonderimSekli/GonderimSekli'

2021-11-19 17:13:59 - [MESSAGE][INFO] - Checking object

2021-11-19 17:13:59 - [MESSAGE][INFO] - Checking timeout

2021-11-19 17:13:59 - [MESSAGE][INFO] - Finding web element from Test Object's properties

2021-11-19 17:13:59 - [MESSAGE][INFO] - Checking timeout

2021-11-19 17:13:59 - [MESSAGE][INFO] - Finding web element with id: 'Object Repository/Olusturma/Genel/GonderimSekli/GonderimSekli' located by 'By.xpath: //*[@id = 'txtGonderimSekil_I']' in '10' second(s)

2021-11-19 17:13:59 - [MESSAGE][INFO] - Smart Wait Function is triggered

2021-11-19 17:13:59 - [MESSAGE][INFO] - Found 1 web elements with id: 'Object Repository/Olusturma/Genel/GonderimSekli/GonderimSekli' located by 'By.xpath: //*[@id = 'txtGonderimSekil_I']' in '10' second(s)

2021-11-19 17:13:59 - [MESSAGE][PASSED] - Object 'Object Repository/Olusturma/Genel/GonderimSekli/GonderimSekli' is clickable

2021-11-19 17:13:59 - [TEST_STEP][PASSED] - click(findTestObject("Object Repository/Olusturma/Genel/GonderimSekli/GonderimSekli")): Object: 'Object Repository/Olusturma/Genel/GonderimSekli/GonderimSekli' is clicked on

2021-11-19 17:13:59 - [MESSAGE][INFO] - Finding Test Object 'Object Repository/Olusturma/Genel/GonderimSekli/GonderimSekli'

2021-11-19 17:13:59 - [MESSAGE][INFO] - Checking object

2021-11-19 17:13:59 - [MESSAGE][INFO] - Finding web element from Test Object's properties

2021-11-19 17:13:59 - [MESSAGE][INFO] - Checking timeout

2021-11-19 17:13:59 - [MESSAGE][INFO] - Finding web element with id: 'Object Repository/Olusturma/Genel/GonderimSekli/GonderimSekli' located by 'By.xpath: //*[@id = 'txtGonderimSekil_I']' in '30' second(s)

2021-11-19 17:13:59 - [MESSAGE][INFO] - Smart Wait Function is triggered

2021-11-19 17:14:00 - [MESSAGE][INFO] - Found 1 web elements with id: 'Object Repository/Olusturma/Genel/GonderimSekli/GonderimSekli' located by 'By.xpath: //*[@id = 'txtGonderimSekil_I']' in '30' second(s)

2021-11-19 17:14:00 - [MESSAGE][INFO] - Clicking on object: 'Object Repository/Olusturma/Genel/GonderimSekli/GonderimSekli'

2021-11-19 17:14:00 - [MESSAGE][PASSED] - Object: 'Object Repository/Olusturma/Genel/GonderimSekli/GonderimSekli' is clicked on

2021-11-19 17:14:00 - [TEST_STEP][PASSED] - Method.TextDegerineEsitElementeTikla(findTestObject("Object Repository/Olusturma/Genel/GonderimSekli/GonderimSekliAdi"), GonderimSekli): Method.TextDegerineEsitElementeTikla is PASSED

2021-11-19 17:14:00 - [MESSAGE][INFO] - Finding Test Object 'Object Repository/Olusturma/Genel/GonderimSekli/GonderimSekliAdi'

2021-11-19 17:14:00 - [MESSAGE][INFO] - Checking timeout

2021-11-19 17:14:00 - [MESSAGE][INFO] - Finding web element with id: 'Object Repository/Olusturma/Genel/GonderimSekli/GonderimSekliAdi' located by 'By.cssSelector: #txtGonderimSekil_DDD_L_LBT td' in '10' second(s)

2021-11-19 17:14:00 - [MESSAGE][INFO] - Smart Wait Function is triggered

2021-11-19 17:14:00 - [MESSAGE][INFO] - Found 2 web elements with id: 'Object Repository/Olusturma/Genel/GonderimSekli/GonderimSekliAdi' located by 'By.cssSelector: #txtGonderimSekil_DDD_L_LBT td' in '10' second(s)

2021-11-19 17:14:00 - [MESSAGE][PASSED] - Method.TextDegerineEsitElementeTikla is PASSED

2021-11-19 17:14:00 - [MESSAGE][PASSED] - Call Test Case 'Test Cases/Olusturma/Genel/GonderimSekliSecilir' successfully

2021-11-19 17:14:00 - [MESSAGE][INFO] - Checking called Test Case

2021-11-19 17:14:00 - [MESSAGE][INFO] - Starting to call Test Case 'Test Cases/Olusturma/Genel/TipSecilir'

2021-11-19 17:14:00 - [TEST_CASE][PASSED] - Test Cases/Olusturma/Genel/TipSecilir: Test Cases/Olusturma/Genel/TipSecilir

2021-11-19 17:14:00 - [TEST_STEP][PASSED] - waitForElementClickable(findTestObject("Olusturma/Genel/TipSecilir/Tip"), 10): Object 'Object Repository/Olusturma/Genel/TipSecilir/Tip' is clickable

2021-11-19 17:14:00 - [MESSAGE][INFO] - Finding Test Object 'Object Repository/Olusturma/Genel/TipSecilir/Tip'

2021-11-19 17:14:01 - [MESSAGE][INFO] - Checking object

2021-11-19 17:14:01 - [MESSAGE][INFO] - Checking timeout

2021-11-19 17:14:01 - [MESSAGE][INFO] - Finding web element from Test Object's properties

2021-11-19 17:14:01 - [MESSAGE][INFO] - Checking timeout

2021-11-19 17:14:01 - [MESSAGE][INFO] - Finding web element with id: 'Object Repository/Olusturma/Genel/TipSecilir/Tip' located by 'By.xpath: //*[@id = 'DocumentTypeCode_I']' in '10' second(s)

2021-11-19 17:14:01 - [MESSAGE][INFO] - Smart Wait Function is triggered

2021-11-19 17:14:01 - [MESSAGE][INFO] - Found 1 web elements with id: 'Object Repository/Olusturma/Genel/TipSecilir/Tip' located by 'By.xpath: //*[@id = 'DocumentTypeCode_I']' in '10' second(s)

2021-11-19 17:14:01 - [MESSAGE][PASSED] - Object 'Object Repository/Olusturma/Genel/TipSecilir/Tip' is clickable

2021-11-19 17:14:01 - [TEST_STEP][PASSED] - click(findTestObject("Olusturma/Genel/TipSecilir/Tip")): Object: 'Object Repository/Olusturma/Genel/TipSecilir/Tip' is clicked on

2021-11-19 17:14:01 - [MESSAGE][INFO] - Finding Test Object 'Object Repository/Olusturma/Genel/TipSecilir/Tip'

2021-11-19 17:14:01 - [MESSAGE][INFO] - Checking object

2021-11-19 17:14:01 - [MESSAGE][INFO] - Finding web element from Test Object's properties

2021-11-19 17:14:01 - [MESSAGE][INFO] - Checking timeout

2021-11-19 17:14:01 - [MESSAGE][INFO] - Finding web element with id: 'Object Repository/Olusturma/Genel/TipSecilir/Tip' located by 'By.xpath: //*[@id = 'DocumentTypeCode_I']' in '30' second(s)

2021-11-19 17:14:01 - [MESSAGE][INFO] - Smart Wait Function is triggered

2021-11-19 17:14:01 - [MESSAGE][INFO] - Found 1 web elements with id: 'Object Repository/Olusturma/Genel/TipSecilir/Tip' located by 'By.xpath: //*[@id = 'DocumentTypeCode_I']' in '30' second(s)

2021-11-19 17:14:01 - [MESSAGE][INFO] - Clicking on object: 'Object Repository/Olusturma/Genel/TipSecilir/Tip'

2021-11-19 17:14:01 - [MESSAGE][PASSED] - Object: 'Object Repository/Olusturma/Genel/TipSecilir/Tip' is clicked on

2021-11-19 17:14:01 - [TEST_STEP][PASSED] - Method.TextDegerineEsitElementeTikla(findTestObject("Object Repository/Olusturma/Genel/TipSecilir/Tip_Adi"), Tip): Method.TextDegerineEsitElementeTikla is PASSED

2021-11-19 17:14:01 - [MESSAGE][INFO] - Finding Test Object 'Object Repository/Olusturma/Genel/TipSecilir/Tip_Adi'

2021-11-19 17:14:02 - [MESSAGE][INFO] - Checking timeout

2021-11-19 17:14:02 - [MESSAGE][INFO] - Finding web element with id: 'Object Repository/Olusturma/Genel/TipSecilir/Tip_Adi' located by 'By.cssSelector: #DocumentTypeCode_DDD_L_LBT td' in '10' second(s)

2021-11-19 17:14:02 - [MESSAGE][INFO] - Smart Wait Function is triggered

2021-11-19 17:14:02 - [MESSAGE][INFO] - Found 9 web elements with id: 'Object Repository/Olusturma/Genel/TipSecilir/Tip_Adi' located by 'By.cssSelector: #DocumentTypeCode_DDD_L_LBT td' in '10' second(s)

2021-11-19 17:14:02 - [MESSAGE][PASSED] - Method.TextDegerineEsitElementeTikla is PASSED

2021-11-19 17:14:02 - [MESSAGE][PASSED] - Call Test Case 'Test Cases/Olusturma/Genel/TipSecilir' successfully

2021-11-19 17:14:02 - [MESSAGE][INFO] - Checking called Test Case

2021-11-19 17:14:02 - [MESSAGE][INFO] - Starting to call Test Case 'Test Cases/Olusturma/Genel/DokumanParaBirimiSecilir'

2021-11-19 17:14:02 - [TEST_CASE][PASSED] - Test Cases/Olusturma/Genel/DokumanParaBirimiSecilir: Test Cases/Olusturma/Genel/DokumanParaBirimiSecilir

2021-11-19 17:14:02 - [TEST_STEP][PASSED] - waitForElementClickable(findTestObject("Object Repository/Olusturma/Genel/DokumanParaBirimiSecilir/Para"), 10): Object 'Object Repository/Olusturma/Genel/DokumanParaBirimiSecilir/Para' is clickable

2021-11-19 17:14:02 - [MESSAGE][INFO] - Finding Test Object 'Object Repository/Olusturma/Genel/DokumanParaBirimiSecilir/Para'

2021-11-19 17:14:02 - [MESSAGE][INFO] - Checking object

2021-11-19 17:14:02 - [MESSAGE][INFO] - Checking timeout

2021-11-19 17:14:02 - [MESSAGE][INFO] - Finding web element from Test Object's properties

2021-11-19 17:14:02 - [MESSAGE][INFO] - Checking timeout

2021-11-19 17:14:02 - [MESSAGE][INFO] - Finding web element with id: 'Object Repository/Olusturma/Genel/DokumanParaBirimiSecilir/Para' located by 'By.xpath: //*[@id = 'CurrencyUnit_I']' in '10' second(s)

2021-11-19 17:14:02 - [MESSAGE][INFO] - Smart Wait Function is triggered

2021-11-19 17:14:04 - [MESSAGE][INFO] - Found 1 web elements with id: 'Object Repository/Olusturma/Genel/DokumanParaBirimiSecilir/Para' located by 'By.xpath: //*[@id = 'CurrencyUnit_I']' in '10' second(s)

2021-11-19 17:14:04 - [MESSAGE][PASSED] - Object 'Object Repository/Olusturma/Genel/DokumanParaBirimiSecilir/Para' is clickable

2021-11-19 17:14:04 - [TEST_STEP][PASSED] - click(findTestObject("Object Repository/Olusturma/Genel/DokumanParaBirimiSecilir/Para")): Object: 'Object Repository/Olusturma/Genel/DokumanParaBirimiSecilir/Para' is clicked on

2021-11-19 17:14:04 - [MESSAGE][INFO] - Finding Test Object 'Object Repository/Olusturma/Genel/DokumanParaBirimiSecilir/Para'

2021-11-19 17:14:04 - [MESSAGE][INFO] - Checking object

2021-11-19 17:14:04 - [MESSAGE][INFO] - Finding web element from Test Object's properties

2021-11-19 17:14:04 - [MESSAGE][INFO] - Checking timeout

2021-11-19 17:14:04 - [MESSAGE][INFO] - Finding web element with id: 'Object Repository/Olusturma/Genel/DokumanParaBirimiSecilir/Para' located by 'By.xpath: //*[@id = 'CurrencyUnit_I']' in '30' second(s)

2021-11-19 17:14:04 - [MESSAGE][INFO] - Smart Wait Function is triggered

2021-11-19 17:14:04 - [MESSAGE][INFO] - Found 1 web elements with id: 'Object Repository/Olusturma/Genel/DokumanParaBirimiSecilir/Para' located by 'By.xpath: //*[@id = 'CurrencyUnit_I']' in '30' second(s)

2021-11-19 17:14:04 - [MESSAGE][INFO] - Clicking on object: 'Object Repository/Olusturma/Genel/DokumanParaBirimiSecilir/Para'

2021-11-19 17:14:04 - [MESSAGE][PASSED] - Object: 'Object Repository/Olusturma/Genel/DokumanParaBirimiSecilir/Para' is clicked on

2021-11-19 17:14:04 - [TEST_STEP][PASSED] - Method.TextDegerineEsitElementeTikla(findTestObject("Object Repository/Olusturma/Genel/DokumanParaBirimiSecilir/Para_Adi"), Para): Method.TextDegerineEsitElementeTikla is PASSED

2021-11-19 17:14:04 - [MESSAGE][INFO] - Finding Test Object 'Object Repository/Olusturma/Genel/DokumanParaBirimiSecilir/Para_Adi'

2021-11-19 17:14:05 - [MESSAGE][INFO] - Checking timeout

2021-11-19 17:14:05 - [MESSAGE][INFO] - Finding web element with id: 'Object Repository/Olusturma/Genel/DokumanParaBirimiSecilir/Para_Adi' located by 'By.cssSelector: #CurrencyUnit_DDD_L_LBT td' in '10' second(s)

2021-11-19 17:14:05 - [MESSAGE][INFO] - Smart Wait Function is triggered

2021-11-19 17:14:05 - [MESSAGE][INFO] - Found 203 web elements with id: 'Object Repository/Olusturma/Genel/DokumanParaBirimiSecilir/Para_Adi' located by 'By.cssSelector: #CurrencyUnit_DDD_L_LBT td' in '10' second(s)

2021-11-19 17:14:10 - [MESSAGE][PASSED] - Method.TextDegerineEsitElementeTikla is PASSED

2021-11-19 17:14:10 - [MESSAGE][PASSED] - Call Test Case 'Test Cases/Olusturma/Genel/DokumanParaBirimiSecilir' successfully

2021-11-19 17:14:10 - [MESSAGE][INFO] - Checking called Test Case

2021-11-19 17:14:10 - [MESSAGE][INFO] - Starting to call Test Case 'Test Cases/Olusturma/Genel/OnEkSecilir'

2021-11-19 17:14:11 - [TEST_CASE][PASSED] - Test Cases/Olusturma/Genel/OnEkSecilir: Test Cases/Olusturma/Genel/OnEkSecilir

2021-11-19 17:14:11 - [TEST_STEP][PASSED] - waitForElementClickable(findTestObject("Object Repository/Olusturma/Genel/OnEkSecilir/OnEk"), 10): Object 'Object Repository/Olusturma/Genel/OnEkSecilir/OnEk' is clickable

2021-11-19 17:14:11 - [MESSAGE][INFO] - Finding Test Object 'Object Repository/Olusturma/Genel/OnEkSecilir/OnEk'

2021-11-19 17:14:11 - [MESSAGE][INFO] - Checking object

2021-11-19 17:14:11 - [MESSAGE][INFO] - Checking timeout

2021-11-19 17:14:11 - [MESSAGE][INFO] - Finding web element from Test Object's properties

2021-11-19 17:14:11 - [MESSAGE][INFO] - Checking timeout

2021-11-19 17:14:11 - [MESSAGE][INFO] - Finding web element with id: 'Object Repository/Olusturma/Genel/OnEkSecilir/OnEk' located by 'By.xpath: //*[@id = 'InvoicePrefix_I']' in '10' second(s)

2021-11-19 17:14:11 - [MESSAGE][INFO] - Smart Wait Function is triggered

2021-11-19 17:14:11 - [MESSAGE][INFO] - Found 1 web elements with id: 'Object Repository/Olusturma/Genel/OnEkSecilir/OnEk' located by 'By.xpath: //*[@id = 'InvoicePrefix_I']' in '10' second(s)

2021-11-19 17:14:11 - [MESSAGE][PASSED] - Object 'Object Repository/Olusturma/Genel/OnEkSecilir/OnEk' is clickable

2021-11-19 17:14:11 - [TEST_STEP][PASSED] - click(findTestObject("Object Repository/Olusturma/Genel/OnEkSecilir/OnEk")): Object: 'Object Repository/Olusturma/Genel/OnEkSecilir/OnEk' is clicked on

2021-11-19 17:14:11 - [MESSAGE][INFO] - Finding Test Object 'Object Repository/Olusturma/Genel/OnEkSecilir/OnEk'

2021-11-19 17:14:11 - [MESSAGE][INFO] - Checking object

2021-11-19 17:14:11 - [MESSAGE][INFO] - Finding web element from Test Object's properties

2021-11-19 17:14:11 - [MESSAGE][INFO] - Checking timeout

2021-11-19 17:14:11 - [MESSAGE][INFO] - Finding web element with id: 'Object Repository/Olusturma/Genel/OnEkSecilir/OnEk' located by 'By.xpath: //*[@id = 'InvoicePrefix_I']' in '30' second(s)

2021-11-19 17:14:11 - [MESSAGE][INFO] - Smart Wait Function is triggered

2021-11-19 17:14:11 - [MESSAGE][INFO] - Found 1 web elements with id: 'Object Repository/Olusturma/Genel/OnEkSecilir/OnEk' located by 'By.xpath: //*[@id = 'InvoicePrefix_I']' in '30' second(s)

2021-11-19 17:14:11 - [MESSAGE][INFO] - Clicking on object: 'Object Repository/Olusturma/Genel/OnEkSecilir/OnEk'

2021-11-19 17:14:12 - [MESSAGE][PASSED] - Object: 'Object Repository/Olusturma/Genel/OnEkSecilir/OnEk' is clicked on

2021-11-19 17:14:12 - [TEST_STEP][PASSED] - Method.TextDegerineEsitElementeTiklaEquals(findTestObject("Object Repository/Olusturma/Genel/OnEkSecilir/OnEkAdi"), Ek): Method.TextDegerineEsitElementeTiklaEquals is PASSED

2021-11-19 17:14:12 - [MESSAGE][INFO] - Finding Test Object 'Object Repository/Olusturma/Genel/OnEkSecilir/OnEkAdi'

2021-11-19 17:14:12 - [MESSAGE][INFO] - Checking timeout

2021-11-19 17:14:12 - [MESSAGE][INFO] - Finding web element with id: 'Object Repository/Olusturma/Genel/OnEkSecilir/OnEkAdi' located by 'By.cssSelector: #InvoicePrefix_DDD_L_LBT td' in '10' second(s)

2021-11-19 17:14:12 - [MESSAGE][INFO] - Smart Wait Function is triggered

2021-11-19 17:14:12 - [MESSAGE][INFO] - Found 1 web elements with id: 'Object Repository/Olusturma/Genel/OnEkSecilir/OnEkAdi' located by 'By.cssSelector: #InvoicePrefix_DDD_L_LBT td' in '10' second(s)

2021-11-19 17:14:12 - [MESSAGE][PASSED] - Method.TextDegerineEsitElementeTiklaEquals is PASSED

2021-11-19 17:14:12 - [MESSAGE][PASSED] - Call Test Case 'Test Cases/Olusturma/Genel/OnEkSecilir' successfully

2021-11-19 17:14:12 - [MESSAGE][INFO] - Checking called Test Case

2021-11-19 17:14:12 - [MESSAGE][INFO] - Starting to call Test Case 'Test Cases/Olusturma/Genel/TasarimSecilir'

2021-11-19 17:14:12 - [TEST_CASE][PASSED] - Test Cases/Olusturma/Genel/TasarimSecilir: Test Cases/Olusturma/Genel/TasarimSecilir

2021-11-19 17:14:12 - [TEST_STEP][PASSED] - waitForElementClickable(findTestObject("Object Repository/Olusturma/Genel/TasarimSecilir/Tasarim"), 10): Object 'Object Repository/Olusturma/Genel/TasarimSecilir/Tasarim' is clickable

2021-11-19 17:14:12 - [MESSAGE][INFO] - Finding Test Object 'Object Repository/Olusturma/Genel/TasarimSecilir/Tasarim'

2021-11-19 17:14:12 - [MESSAGE][INFO] - Checking object

2021-11-19 17:14:12 - [MESSAGE][INFO] - Checking timeout

2021-11-19 17:14:12 - [MESSAGE][INFO] - Finding web element from Test Object's properties

2021-11-19 17:14:12 - [MESSAGE][INFO] - Checking timeout

2021-11-19 17:14:12 - [MESSAGE][INFO] - Finding web element with id: 'Object Repository/Olusturma/Genel/TasarimSecilir/Tasarim' located by 'By.xpath: //*[@id = 'DesignId_I']' in '10' second(s)

2021-11-19 17:14:12 - [MESSAGE][INFO] - Smart Wait Function is triggered

2021-11-19 17:14:13 - [MESSAGE][INFO] - Found 1 web elements with id: 'Object Repository/Olusturma/Genel/TasarimSecilir/Tasarim' located by 'By.xpath: //*[@id = 'DesignId_I']' in '10' second(s)

2021-11-19 17:14:13 - [MESSAGE][PASSED] - Object 'Object Repository/Olusturma/Genel/TasarimSecilir/Tasarim' is clickable

2021-11-19 17:14:13 - [TEST_STEP][PASSED] - click(findTestObject("Object Repository/Olusturma/Genel/TasarimSecilir/Tasarim")): Object: 'Object Repository/Olusturma/Genel/TasarimSecilir/Tasarim' is clicked on

2021-11-19 17:14:13 - [MESSAGE][INFO] - Finding Test Object 'Object Repository/Olusturma/Genel/TasarimSecilir/Tasarim'

2021-11-19 17:14:13 - [MESSAGE][INFO] - Checking object

2021-11-19 17:14:13 - [MESSAGE][INFO] - Finding web element from Test Object's properties

2021-11-19 17:14:13 - [MESSAGE][INFO] - Checking timeout

2021-11-19 17:14:13 - [MESSAGE][INFO] - Finding web element with id: 'Object Repository/Olusturma/Genel/TasarimSecilir/Tasarim' located by 'By.xpath: //*[@id = 'DesignId_I']' in '30' second(s)

2021-11-19 17:14:13 - [MESSAGE][INFO] - Smart Wait Function is triggered

2021-11-19 17:14:13 - [MESSAGE][INFO] - Found 1 web elements with id: 'Object Repository/Olusturma/Genel/TasarimSecilir/Tasarim' located by 'By.xpath: //*[@id = 'DesignId_I']' in '30' second(s)

2021-11-19 17:14:13 - [MESSAGE][INFO] - Clicking on object: 'Object Repository/Olusturma/Genel/TasarimSecilir/Tasarim'

2021-11-19 17:14:13 - [MESSAGE][PASSED] - Object: 'Object Repository/Olusturma/Genel/TasarimSecilir/Tasarim' is clicked on

2021-11-19 17:14:13 - [TEST_STEP][PASSED] - Method.TextDegerineEsitElementeTikla(findTestObject("Object Repository/Olusturma/Genel/TasarimSecilir/Tasarim_Adi"), Tasarim): Method.TextDegerineEsitElementeTikla is PASSED

2021-11-19 17:14:13 - [MESSAGE][INFO] - Finding Test Object 'Object Repository/Olusturma/Genel/TasarimSecilir/Tasarim_Adi'

2021-11-19 17:14:13 - [MESSAGE][INFO] - Checking timeout

2021-11-19 17:14:13 - [MESSAGE][INFO] - Finding web element with id: 'Object Repository/Olusturma/Genel/TasarimSecilir/Tasarim_Adi' located by 'By.cssSelector: #DesignId_DDD_L_LBT td' in '10' second(s)

2021-11-19 17:14:13 - [MESSAGE][INFO] - Smart Wait Function is triggered

2021-11-19 17:14:14 - [MESSAGE][INFO] - Found 1 web elements with id: 'Object Repository/Olusturma/Genel/TasarimSecilir/Tasarim_Adi' located by 'By.cssSelector: #DesignId_DDD_L_LBT td' in '10' second(s)

2021-11-19 17:14:14 - [MESSAGE][PASSED] - Method.TextDegerineEsitElementeTikla is PASSED

2021-11-19 17:14:14 - [MESSAGE][PASSED] - Call Test Case 'Test Cases/Olusturma/Genel/TasarimSecilir' successfully

2021-11-19 17:14:14 - [MESSAGE][INFO] - Checking called Test Case

2021-11-19 17:14:14 - [MESSAGE][INFO] - Starting to call Test Case 'Test Cases/Olusturma/Genel/Kutular/SiparisBilgileriGirilir'

2021-11-19 17:14:14 - [TEST_CASE][PASSED] - Test Cases/Olusturma/Genel/Kutular/SiparisBilgileriGirilir: Test Cases/Olusturma/Genel/Kutular/SiparisBilgileriGirilir

2021-11-19 17:14:14 - [TEST_STEP][PASSED] - Method.TextDegerineEsitElementeTikla(findTestObject("Olusturma/Genel/Kutular/KapaliKutular"), "Sipariş Bilgileri"): Method.TextDegerineEsitElementeTikla is PASSED

2021-11-19 17:14:14 - [MESSAGE][INFO] - Finding Test Object 'Object Repository/Olusturma/Genel/Kutular/KapaliKutular'

2021-11-19 17:14:14 - [MESSAGE][INFO] - Checking timeout

2021-11-19 17:14:14 - [MESSAGE][INFO] - Finding web element with id: 'Object Repository/Olusturma/Genel/Kutular/KapaliKutular' located by 'By.cssSelector: .dxnb-headerCollapsed>span' in '10' second(s)

2021-11-19 17:14:14 - [MESSAGE][INFO] - Smart Wait Function is triggered

2021-11-19 17:14:14 - [MESSAGE][INFO] - Found 8 web elements with id: 'Object Repository/Olusturma/Genel/Kutular/KapaliKutular' located by 'By.cssSelector: .dxnb-headerCollapsed>span' in '10' second(s)

2021-11-19 17:14:14 - [MESSAGE][PASSED] - Method.TextDegerineEsitElementeTikla is PASSED

2021-11-19 17:14:14 - [TEST_STEP][PASSED] - waitForElementPresent(findTestObject("Object Repository/Olusturma/Genel/Kutular/SiparisBilgileri/SiparisNo"), 10): Object 'Object Repository/Olusturma/Genel/Kutular/SiparisBilgileri/SiparisNo' is present

2021-11-19 17:14:14 - [MESSAGE][INFO] - Finding Test Object 'Object Repository/Olusturma/Genel/Kutular/SiparisBilgileri/SiparisNo'

2021-11-19 17:14:14 - [MESSAGE][INFO] - Checking object

2021-11-19 17:14:14 - [MESSAGE][INFO] - Finding web element from Test Object's properties

2021-11-19 17:14:14 - [MESSAGE][INFO] - Checking timeout

2021-11-19 17:14:14 - [MESSAGE][INFO] - Finding web element with id: 'Object Repository/Olusturma/Genel/Kutular/SiparisBilgileri/SiparisNo' located by 'By.xpath: //*[@id = 'txtSiparisNo_I']' in '10' second(s)

2021-11-19 17:14:14 - [MESSAGE][INFO] - Smart Wait Function is triggered

2021-11-19 17:14:15 - [MESSAGE][INFO] - Found 1 web elements with id: 'Object Repository/Olusturma/Genel/Kutular/SiparisBilgileri/SiparisNo' located by 'By.xpath: //*[@id = 'txtSiparisNo_I']' in '10' second(s)

2021-11-19 17:14:15 - [MESSAGE][PASSED] - Object 'Object Repository/Olusturma/Genel/Kutular/SiparisBilgileri/SiparisNo' is present

2021-11-19 17:14:15 - [TEST_STEP][PASSED] - clearText(findTestObject("Object Repository/Olusturma/Genel/Kutular/SiparisBilgileri/SiparisNo")): Text of object 'Object Repository/Olusturma/Genel/Kutular/SiparisBilgileri/SiparisNo' is cleared

2021-11-19 17:14:15 - [MESSAGE][INFO] - Finding Test Object 'Object Repository/Olusturma/Genel/Kutular/SiparisBilgileri/SiparisNo'

2021-11-19 17:14:15 - [MESSAGE][INFO] - Checking object

2021-11-19 17:14:15 - [MESSAGE][INFO] - Finding web element from Test Object's properties

2021-11-19 17:14:15 - [MESSAGE][INFO] - Checking timeout

2021-11-19 17:14:15 - [MESSAGE][INFO] - Finding web element with id: 'Object Repository/Olusturma/Genel/Kutular/SiparisBilgileri/SiparisNo' located by 'By.xpath: //*[@id = 'txtSiparisNo_I']' in '30' second(s)

2021-11-19 17:14:15 - [MESSAGE][INFO] - Smart Wait Function is triggered

2021-11-19 17:14:15 - [MESSAGE][INFO] - Found 1 web elements with id: 'Object Repository/Olusturma/Genel/Kutular/SiparisBilgileri/SiparisNo' located by 'By.xpath: //*[@id = 'txtSiparisNo_I']' in '30' second(s)

2021-11-19 17:14:15 - [MESSAGE][INFO] - Clearing text of object 'Object Repository/Olusturma/Genel/Kutular/SiparisBilgileri/SiparisNo'

2021-11-19 17:14:15 - [MESSAGE][PASSED] - Text of object 'Object Repository/Olusturma/Genel/Kutular/SiparisBilgileri/SiparisNo' is cleared

2021-11-19 17:14:15 - [TEST_STEP][PASSED] - sendKeys(findTestObject("Object Repository/Olusturma/Genel/Kutular/SiparisBilgileri/SiparisNo"), SiparisNo): Keys 'UUC-SAT-1200001' sent to object: 'Object Repository/Olusturma/Genel/Kutular/SiparisBilgileri/SiparisNo'

2021-11-19 17:14:15 - [MESSAGE][INFO] - Finding Test Object 'Object Repository/Olusturma/Genel/Kutular/SiparisBilgileri/SiparisNo'

2021-11-19 17:14:15 - [MESSAGE][INFO] - Sending keys 'UUC-SAT-1200001' to object: 'Object Repository/Olusturma/Genel/Kutular/SiparisBilgileri/SiparisNo'

2021-11-19 17:14:15 - [MESSAGE][INFO] - Finding web element from Test Object's properties

2021-11-19 17:14:15 - [MESSAGE][INFO] - Checking timeout

2021-11-19 17:14:15 - [MESSAGE][INFO] - Finding web element with id: 'Object Repository/Olusturma/Genel/Kutular/SiparisBilgileri/SiparisNo' located by 'By.xpath: //*[@id = 'txtSiparisNo_I']' in '30' second(s)

2021-11-19 17:14:15 - [MESSAGE][INFO] - Smart Wait Function is triggered

2021-11-19 17:14:16 - [MESSAGE][INFO] - Found 1 web elements with id: 'Object Repository/Olusturma/Genel/Kutular/SiparisBilgileri/SiparisNo' located by 'By.xpath: //*[@id = 'txtSiparisNo_I']' in '30' second(s)

2021-11-19 17:14:16 - [MESSAGE][PASSED] - Keys 'UUC-SAT-1200001' sent to object: 'Object Repository/Olusturma/Genel/Kutular/SiparisBilgileri/SiparisNo'

2021-11-19 17:14:16 - [TEST_STEP][PASSED] - waitForElementClickable(findTestObject("Object Repository/Olusturma/Genel/Kutular/SiparisBilgileri/SiparisTarihiImage"), 10): Object 'Object Repository/Olusturma/Genel/Kutular/SiparisBilgileri/SiparisTarihiImage' is clickable

2021-11-19 17:14:16 - [MESSAGE][INFO] - Finding Test Object 'Object Repository/Olusturma/Genel/Kutular/SiparisBilgileri/SiparisTarihiImage'

2021-11-19 17:14:16 - [MESSAGE][INFO] - Checking object

2021-11-19 17:14:16 - [MESSAGE][INFO] - Checking timeout

2021-11-19 17:14:16 - [MESSAGE][INFO] - Finding web element from Test Object's properties

2021-11-19 17:14:16 - [MESSAGE][INFO] - Checking timeout

2021-11-19 17:14:16 - [MESSAGE][INFO] - Finding web element with id: 'Object Repository/Olusturma/Genel/Kutular/SiparisBilgileri/SiparisTarihiImage' located by 'By.cssSelector: #dateSiparisTarih img' in '10' second(s)

2021-11-19 17:14:16 - [MESSAGE][INFO] - Smart Wait Function is triggered

2021-11-19 17:14:16 - [MESSAGE][INFO] - Found 1 web elements with id: 'Object Repository/Olusturma/Genel/Kutular/SiparisBilgileri/SiparisTarihiImage' located by 'By.cssSelector: #dateSiparisTarih img' in '10' second(s)

2021-11-19 17:14:16 - [MESSAGE][PASSED] - Object 'Object Repository/Olusturma/Genel/Kutular/SiparisBilgileri/SiparisTarihiImage' is clickable

2021-11-19 17:14:16 - [TEST_STEP][PASSED] - click(findTestObject("Object Repository/Olusturma/Genel/Kutular/SiparisBilgileri/SiparisTarihiImage")): Object: 'Object Repository/Olusturma/Genel/Kutular/SiparisBilgileri/SiparisTarihiImage' is clicked on

2021-11-19 17:14:16 - [MESSAGE][INFO] - Finding Test Object 'Object Repository/Olusturma/Genel/Kutular/SiparisBilgileri/SiparisTarihiImage'

2021-11-19 17:14:16 - [MESSAGE][INFO] - Checking object

2021-11-19 17:14:16 - [MESSAGE][INFO] - Finding web element from Test Object's properties

2021-11-19 17:14:16 - [MESSAGE][INFO] - Checking timeout

2021-11-19 17:14:16 - [MESSAGE][INFO] - Finding web element with id: 'Object Repository/Olusturma/Genel/Kutular/SiparisBilgileri/SiparisTarihiImage' located by 'By.cssSelector: #dateSiparisTarih img' in '30' second(s)

2021-11-19 17:14:16 - [MESSAGE][INFO] - Smart Wait Function is triggered

2021-11-19 17:14:17 - [MESSAGE][INFO] - Found 1 web elements with id: 'Object Repository/Olusturma/Genel/Kutular/SiparisBilgileri/SiparisTarihiImage' located by 'By.cssSelector: #dateSiparisTarih img' in '30' second(s)

2021-11-19 17:14:17 - [MESSAGE][INFO] - Clicking on object: 'Object Repository/Olusturma/Genel/Kutular/SiparisBilgileri/SiparisTarihiImage'

2021-11-19 17:14:17 - [MESSAGE][PASSED] - Object: 'Object Repository/Olusturma/Genel/Kutular/SiparisBilgileri/SiparisTarihiImage' is clicked on

2021-11-19 17:14:17 - [TEST_STEP][PASSED] - waitForElementPresent(findTestObject("Object Repository/Olusturma/Genel/Kutular/SiparisBilgileri/SiparisTarihi"), 10): Object 'Object Repository/Olusturma/Genel/Kutular/SiparisBilgileri/SiparisTarihi' is present

2021-11-19 17:14:17 - [MESSAGE][INFO] - Finding Test Object 'Object Repository/Olusturma/Genel/Kutular/SiparisBilgileri/SiparisTarihi'

2021-11-19 17:14:17 - [MESSAGE][INFO] - Checking object

2021-11-19 17:14:17 - [MESSAGE][INFO] - Finding web element from Test Object's properties

2021-11-19 17:14:17 - [MESSAGE][INFO] - Checking timeout

2021-11-19 17:14:17 - [MESSAGE][INFO] - Finding web element with id: 'Object Repository/Olusturma/Genel/Kutular/SiparisBilgileri/SiparisTarihi' located by 'By.xpath: //*[@id = 'dateSiparisTarih_I']' in '10' second(s)

2021-11-19 17:14:17 - [MESSAGE][INFO] - Smart Wait Function is triggered

2021-11-19 17:14:17 - [MESSAGE][INFO] - Found 1 web elements with id: 'Object Repository/Olusturma/Genel/Kutular/SiparisBilgileri/SiparisTarihi' located by 'By.xpath: //*[@id = 'dateSiparisTarih_I']' in '10' second(s)

2021-11-19 17:14:17 - [MESSAGE][PASSED] - Object 'Object Repository/Olusturma/Genel/Kutular/SiparisBilgileri/SiparisTarihi' is present

2021-11-19 17:14:17 - [TEST_STEP][PASSED] - clearText(findTestObject("Object Repository/Olusturma/Genel/Kutular/SiparisBilgileri/SiparisTarihi")): Text of object 'Object Repository/Olusturma/Genel/Kutular/SiparisBilgileri/SiparisTarihi' is cleared

2021-11-19 17:14:17 - [MESSAGE][INFO] - Finding Test Object 'Object Repository/Olusturma/Genel/Kutular/SiparisBilgileri/SiparisTarihi'

2021-11-19 17:14:17 - [MESSAGE][INFO] - Checking object

2021-11-19 17:14:17 - [MESSAGE][INFO] - Finding web element from Test Object's properties

2021-11-19 17:14:17 - [MESSAGE][INFO] - Checking timeout

2021-11-19 17:14:17 - [MESSAGE][INFO] - Finding web element with id: 'Object Repository/Olusturma/Genel/Kutular/SiparisBilgileri/SiparisTarihi' located by 'By.xpath: //*[@id = 'dateSiparisTarih_I']' in '30' second(s)

2021-11-19 17:14:17 - [MESSAGE][INFO] - Smart Wait Function is triggered

2021-11-19 17:14:18 - [MESSAGE][INFO] - Found 1 web elements with id: 'Object Repository/Olusturma/Genel/Kutular/SiparisBilgileri/SiparisTarihi' located by 'By.xpath: //*[@id = 'dateSiparisTarih_I']' in '30' second(s)

2021-11-19 17:14:18 - [MESSAGE][INFO] - Clearing text of object 'Object Repository/Olusturma/Genel/Kutular/SiparisBilgileri/SiparisTarihi'

2021-11-19 17:14:18 - [MESSAGE][PASSED] - Text of object 'Object Repository/Olusturma/Genel/Kutular/SiparisBilgileri/SiparisTarihi' is cleared

2021-11-19 17:14:18 - [TEST_STEP][PASSED] - sendKeys(findTestObject("Object Repository/Olusturma/Genel/Kutular/SiparisBilgileri/SiparisTarihi"), Tarih): Keys '31.04.2020' sent to object: 'Object Repository/Olusturma/Genel/Kutular/SiparisBilgileri/SiparisTarihi'

2021-11-19 17:14:18 - [MESSAGE][INFO] - Finding Test Object 'Object Repository/Olusturma/Genel/Kutular/SiparisBilgileri/SiparisTarihi'

2021-11-19 17:14:18 - [MESSAGE][INFO] - Sending keys '31.04.2020' to object: 'Object Repository/Olusturma/Genel/Kutular/SiparisBilgileri/SiparisTarihi'

2021-11-19 17:14:18 - [MESSAGE][INFO] - Finding web element from Test Object's properties

2021-11-19 17:14:18 - [MESSAGE][INFO] - Checking timeout

2021-11-19 17:14:18 - [MESSAGE][INFO] - Finding web element with id: 'Object Repository/Olusturma/Genel/Kutular/SiparisBilgileri/SiparisTarihi' located by 'By.xpath: //*[@id = 'dateSiparisTarih_I']' in '30' second(s)

2021-11-19 17:14:18 - [MESSAGE][INFO] - Smart Wait Function is triggered

2021-11-19 17:14:18 - [MESSAGE][INFO] - Found 1 web elements with id: 'Object Repository/Olusturma/Genel/Kutular/SiparisBilgileri/SiparisTarihi' located by 'By.xpath: //*[@id = 'dateSiparisTarih_I']' in '30' second(s)

2021-11-19 17:14:18 - [MESSAGE][PASSED] - Keys '31.04.2020' sent to object: 'Object Repository/Olusturma/Genel/Kutular/SiparisBilgileri/SiparisTarihi'

2021-11-19 17:14:18 - [MESSAGE][PASSED] - Call Test Case 'Test Cases/Olusturma/Genel/Kutular/SiparisBilgileriGirilir' successfully

2021-11-19 17:14:18 - [MESSAGE][INFO] - Checking called Test Case

2021-11-19 17:14:18 - [MESSAGE][INFO] - Starting to call Test Case 'Test Cases/Olusturma/Genel/Kutular/IrsaliyeBilgileri'

2021-11-19 17:14:18 - [TEST_CASE][PASSED] - Test Cases/Olusturma/Genel/Kutular/IrsaliyeBilgileri: Test Cases/Olusturma/Genel/Kutular/IrsaliyeBilgileri

2021-11-19 17:14:18 - [TEST_STEP][PASSED] - Method.TextDegerineEsitElementeTikla(findTestObject("Olusturma/Genel/Kutular/KapaliKutular"), "İrsaliye Bilgileri"): Method.TextDegerineEsitElementeTikla is PASSED

2021-11-19 17:14:18 - [MESSAGE][INFO] - Finding Test Object 'Object Repository/Olusturma/Genel/Kutular/KapaliKutular'

2021-11-19 17:14:18 - [MESSAGE][INFO] - Checking timeout

2021-11-19 17:14:18 - [MESSAGE][INFO] - Finding web element with id: 'Object Repository/Olusturma/Genel/Kutular/KapaliKutular' located by 'By.cssSelector: .dxnb-headerCollapsed>span' in '10' second(s)

2021-11-19 17:14:18 - [MESSAGE][INFO] - Smart Wait Function is triggered

2021-11-19 17:14:18 - [MESSAGE][INFO] - Found 8 web elements with id: 'Object Repository/Olusturma/Genel/Kutular/KapaliKutular' located by 'By.cssSelector: .dxnb-headerCollapsed>span' in '10' second(s)

2021-11-19 17:14:19 - [MESSAGE][PASSED] - Method.TextDegerineEsitElementeTikla is PASSED

2021-11-19 17:14:19 - [TEST_STEP][PASSED] - waitForElementClickable(findTestObject("Olusturma/Genel/Kutular/IrsaliyeBilgileri/Ekle"), 10): Object 'Object Repository/Olusturma/Genel/Kutular/IrsaliyeBilgileri/Ekle' is clickable

2021-11-19 17:14:19 - [MESSAGE][INFO] - Finding Test Object 'Object Repository/Olusturma/Genel/Kutular/IrsaliyeBilgileri/Ekle'

2021-11-19 17:14:19 - [MESSAGE][INFO] - Checking object

2021-11-19 17:14:19 - [MESSAGE][INFO] - Checking timeout

2021-11-19 17:14:19 - [MESSAGE][INFO] - Finding web element from Test Object's properties

2021-11-19 17:14:19 - [MESSAGE][INFO] - Checking timeout

2021-11-19 17:14:19 - [MESSAGE][INFO] - Finding web element with id: 'Object Repository/Olusturma/Genel/Kutular/IrsaliyeBilgileri/Ekle' located by 'By.xpath: //*[@id = 'DXEditorgvUserInvoiceBillsNewRowBtn']' in '10' second(s)

2021-11-19 17:14:19 - [MESSAGE][INFO] - Smart Wait Function is triggered

2021-11-19 17:14:19 - [MESSAGE][INFO] - Found 1 web elements with id: 'Object Repository/Olusturma/Genel/Kutular/IrsaliyeBilgileri/Ekle' located by 'By.xpath: //*[@id = 'DXEditorgvUserInvoiceBillsNewRowBtn']' in '10' second(s)

2021-11-19 17:14:19 - [MESSAGE][PASSED] - Object 'Object Repository/Olusturma/Genel/Kutular/IrsaliyeBilgileri/Ekle' is clickable

2021-11-19 17:14:19 - [TEST_STEP][PASSED] - click(findTestObject("Olusturma/Genel/Kutular/IrsaliyeBilgileri/Ekle")): Object: 'Object Repository/Olusturma/Genel/Kutular/IrsaliyeBilgileri/Ekle' is clicked on

2021-11-19 17:14:19 - [MESSAGE][INFO] - Finding Test Object 'Object Repository/Olusturma/Genel/Kutular/IrsaliyeBilgileri/Ekle'

2021-11-19 17:14:19 - [MESSAGE][INFO] - Checking object

2021-11-19 17:14:19 - [MESSAGE][INFO] - Finding web element from Test Object's properties

2021-11-19 17:14:19 - [MESSAGE][INFO] - Checking timeout

2021-11-19 17:14:19 - [MESSAGE][INFO] - Finding web element with id: 'Object Repository/Olusturma/Genel/Kutular/IrsaliyeBilgileri/Ekle' located by 'By.xpath: //*[@id = 'DXEditorgvUserInvoiceBillsNewRowBtn']' in '30' second(s)

2021-11-19 17:14:19 - [MESSAGE][INFO] - Smart Wait Function is triggered

2021-11-19 17:14:19 - [MESSAGE][INFO] - Found 1 web elements with id: 'Object Repository/Olusturma/Genel/Kutular/IrsaliyeBilgileri/Ekle' located by 'By.xpath: //*[@id = 'DXEditorgvUserInvoiceBillsNewRowBtn']' in '30' second(s)

2021-11-19 17:14:19 - [MESSAGE][INFO] - Clicking on object: 'Object Repository/Olusturma/Genel/Kutular/IrsaliyeBilgileri/Ekle'

2021-11-19 17:14:19 - [MESSAGE][PASSED] - Object: 'Object Repository/Olusturma/Genel/Kutular/IrsaliyeBilgileri/Ekle' is clicked on

2021-11-19 17:14:19 - [TEST_STEP][PASSED] - waitForElementPresent(findTestObject("Object Repository/Olusturma/Genel/Kutular/IrsaliyeBilgileri/IrsaliyeNumarasi"), 10): Object 'Object Repository/Olusturma/Genel/Kutular/IrsaliyeBilgileri/IrsaliyeNumarasi' is present

2021-11-19 17:14:19 - [MESSAGE][INFO] - Finding Test Object 'Object Repository/Olusturma/Genel/Kutular/IrsaliyeBilgileri/IrsaliyeNumarasi'

2021-11-19 17:14:20 - [MESSAGE][INFO] - Checking object

2021-11-19 17:14:20 - [MESSAGE][INFO] - Finding web element from Test Object's properties

2021-11-19 17:14:20 - [MESSAGE][INFO] - Checking timeout

2021-11-19 17:14:20 - [MESSAGE][INFO] - Finding web element with id: 'Object Repository/Olusturma/Genel/Kutular/IrsaliyeBilgileri/IrsaliyeNumarasi' located by 'By.xpath: //*[@id = 'gvUserInvoiceBills_DXEditor1_I']' in '10' second(s)

2021-11-19 17:14:20 - [MESSAGE][INFO] - Smart Wait Function is triggered

2021-11-19 17:14:20 - [MESSAGE][INFO] - Smart Wait Function is triggered

2021-11-19 17:14:21 - [MESSAGE][INFO] - Found 1 web elements with id: 'Object Repository/Olusturma/Genel/Kutular/IrsaliyeBilgileri/IrsaliyeNumarasi' located by 'By.xpath: //*[@id = 'gvUserInvoiceBills_DXEditor1_I']' in '10' second(s)

2021-11-19 17:14:21 - [MESSAGE][PASSED] - Object 'Object Repository/Olusturma/Genel/Kutular/IrsaliyeBilgileri/IrsaliyeNumarasi' is present

2021-11-19 17:14:21 - [TEST_STEP][PASSED] - clearText(findTestObject("Object Repository/Olusturma/Genel/Kutular/IrsaliyeBilgileri/IrsaliyeNumarasi")): Text of object 'Object Repository/Olusturma/Genel/Kutular/IrsaliyeBilgileri/IrsaliyeNumarasi' is cleared

2021-11-19 17:14:21 - [MESSAGE][INFO] - Finding Test Object 'Object Repository/Olusturma/Genel/Kutular/IrsaliyeBilgileri/IrsaliyeNumarasi'

2021-11-19 17:14:21 - [MESSAGE][INFO] - Checking object

2021-11-19 17:14:21 - [MESSAGE][INFO] - Finding web element from Test Object's properties

2021-11-19 17:14:21 - [MESSAGE][INFO] - Checking timeout

2021-11-19 17:14:21 - [MESSAGE][INFO] - Finding web element with id: 'Object Repository/Olusturma/Genel/Kutular/IrsaliyeBilgileri/IrsaliyeNumarasi' located by 'By.xpath: //*[@id = 'gvUserInvoiceBills_DXEditor1_I']' in '30' second(s)

2021-11-19 17:14:21 - [MESSAGE][INFO] - Smart Wait Function is triggered

2021-11-19 17:14:21 - [MESSAGE][INFO] - Found 1 web elements with id: 'Object Repository/Olusturma/Genel/Kutular/IrsaliyeBilgileri/IrsaliyeNumarasi' located by 'By.xpath: //*[@id = 'gvUserInvoiceBills_DXEditor1_I']' in '30' second(s)

2021-11-19 17:14:21 - [MESSAGE][INFO] - Clearing text of object 'Object Repository/Olusturma/Genel/Kutular/IrsaliyeBilgileri/IrsaliyeNumarasi'

2021-11-19 17:14:21 - [MESSAGE][PASSED] - Text of object 'Object Repository/Olusturma/Genel/Kutular/IrsaliyeBilgileri/IrsaliyeNumarasi' is cleared

2021-11-19 17:14:21 - [TEST_STEP][PASSED] - sendKeys(findTestObject("Object Repository/Olusturma/Genel/Kutular/IrsaliyeBilgileri/IrsaliyeNumarasi"), Numara): Keys 'AAAAAAAAAA' sent to object: 'Object Repository/Olusturma/Genel/Kutular/IrsaliyeBilgileri/IrsaliyeNumarasi'

2021-11-19 17:14:21 - [MESSAGE][INFO] - Finding Test Object 'Object Repository/Olusturma/Genel/Kutular/IrsaliyeBilgileri/IrsaliyeNumarasi'

2021-11-19 17:14:21 - [MESSAGE][INFO] - Sending keys 'AAAAAAAAAA' to object: 'Object Repository/Olusturma/Genel/Kutular/IrsaliyeBilgileri/IrsaliyeNumarasi'

2021-11-19 17:14:21 - [MESSAGE][INFO] - Finding web element from Test Object's properties

2021-11-19 17:14:21 - [MESSAGE][INFO] - Checking timeout

2021-11-19 17:14:21 - [MESSAGE][INFO] - Finding web element with id: 'Object Repository/Olusturma/Genel/Kutular/IrsaliyeBilgileri/IrsaliyeNumarasi' located by 'By.xpath: //*[@id = 'gvUserInvoiceBills_DXEditor1_I']' in '30' second(s)

2021-11-19 17:14:21 - [MESSAGE][INFO] - Smart Wait Function is triggered

2021-11-19 17:14:21 - [MESSAGE][INFO] - Found 1 web elements with id: 'Object Repository/Olusturma/Genel/Kutular/IrsaliyeBilgileri/IrsaliyeNumarasi' located by 'By.xpath: //*[@id = 'gvUserInvoiceBills_DXEditor1_I']' in '30' second(s)

2021-11-19 17:14:22 - [MESSAGE][PASSED] - Keys 'AAAAAAAAAA' sent to object: 'Object Repository/Olusturma/Genel/Kutular/IrsaliyeBilgileri/IrsaliyeNumarasi'

2021-11-19 17:14:22 - [TEST_STEP][PASSED] - waitForElementClickable(findTestObject("Object Repository/Olusturma/Genel/Kutular/IrsaliyeBilgileri/IrsaliyeTarihi"), 10): Object 'Object Repository/Olusturma/Genel/Kutular/IrsaliyeBilgileri/IrsaliyeTarihi' is clickable

2021-11-19 17:14:22 - [MESSAGE][INFO] - Finding Test Object 'Object Repository/Olusturma/Genel/Kutular/IrsaliyeBilgileri/IrsaliyeTarihi'

2021-11-19 17:14:22 - [MESSAGE][INFO] - Checking object

2021-11-19 17:14:22 - [MESSAGE][INFO] - Checking timeout

2021-11-19 17:14:22 - [MESSAGE][INFO] - Finding web element from Test Object's properties

2021-11-19 17:14:22 - [MESSAGE][INFO] - Checking timeout

2021-11-19 17:14:22 - [MESSAGE][INFO] - Finding web element with id: 'Object Repository/Olusturma/Genel/Kutular/IrsaliyeBilgileri/IrsaliyeTarihi' located by 'By.xpath: //*[@id = 'gvUserInvoiceBills_DXEditor2_I']' in '10' second(s)

2021-11-19 17:14:22 - [MESSAGE][INFO] - Smart Wait Function is triggered

2021-11-19 17:14:22 - [MESSAGE][INFO] - Found 1 web elements with id: 'Object Repository/Olusturma/Genel/Kutular/IrsaliyeBilgileri/IrsaliyeTarihi' located by 'By.xpath: //*[@id = 'gvUserInvoiceBills_DXEditor2_I']' in '10' second(s)

2021-11-19 17:14:22 - [MESSAGE][PASSED] - Object 'Object Repository/Olusturma/Genel/Kutular/IrsaliyeBilgileri/IrsaliyeTarihi' is clickable

2021-11-19 17:14:22 - [TEST_STEP][PASSED] - click(findTestObject("Object Repository/Olusturma/Genel/Kutular/IrsaliyeBilgileri/IrsaliyeTarihi")): Object: 'Object Repository/Olusturma/Genel/Kutular/IrsaliyeBilgileri/IrsaliyeTarihi' is clicked on

2021-11-19 17:14:22 - [MESSAGE][INFO] - Finding Test Object 'Object Repository/Olusturma/Genel/Kutular/IrsaliyeBilgileri/IrsaliyeTarihi'

2021-11-19 17:14:22 - [MESSAGE][INFO] - Checking object

2021-11-19 17:14:22 - [MESSAGE][INFO] - Finding web element from Test Object's properties

2021-11-19 17:14:22 - [MESSAGE][INFO] - Checking timeout

2021-11-19 17:14:22 - [MESSAGE][INFO] - Finding web element with id: 'Object Repository/Olusturma/Genel/Kutular/IrsaliyeBilgileri/IrsaliyeTarihi' located by 'By.xpath: //*[@id = 'gvUserInvoiceBills_DXEditor2_I']' in '30' second(s)

2021-11-19 17:14:22 - [MESSAGE][INFO] - Smart Wait Function is triggered

2021-11-19 17:14:22 - [MESSAGE][INFO] - Found 1 web elements with id: 'Object Repository/Olusturma/Genel/Kutular/IrsaliyeBilgileri/IrsaliyeTarihi' located by 'By.xpath: //*[@id = 'gvUserInvoiceBills_DXEditor2_I']' in '30' second(s)

2021-11-19 17:14:22 - [MESSAGE][INFO] - Clicking on object: 'Object Repository/Olusturma/Genel/Kutular/IrsaliyeBilgileri/IrsaliyeTarihi'

2021-11-19 17:14:22 - [MESSAGE][PASSED] - Object: 'Object Repository/Olusturma/Genel/Kutular/IrsaliyeBilgileri/IrsaliyeTarihi' is clicked on

2021-11-19 17:14:22 - [TEST_STEP][PASSED] - sendKeys(findTestObject("Object Repository/Olusturma/Genel/Kutular/IrsaliyeBilgileri/IrsaliyeTarihi"), Tarih): Keys '31.04.2020' sent to object: 'Object Repository/Olusturma/Genel/Kutular/IrsaliyeBilgileri/IrsaliyeTarihi'

2021-11-19 17:14:22 - [MESSAGE][INFO] - Finding Test Object 'Object Repository/Olusturma/Genel/Kutular/IrsaliyeBilgileri/IrsaliyeTarihi'

2021-11-19 17:14:23 - [MESSAGE][INFO] - Sending keys '31.04.2020' to object: 'Object Repository/Olusturma/Genel/Kutular/IrsaliyeBilgileri/IrsaliyeTarihi'

2021-11-19 17:14:23 - [MESSAGE][INFO] - Finding web element from Test Object's properties

2021-11-19 17:14:23 - [MESSAGE][INFO] - Checking timeout

2021-11-19 17:14:23 - [MESSAGE][INFO] - Finding web element with id: 'Object Repository/Olusturma/Genel/Kutular/IrsaliyeBilgileri/IrsaliyeTarihi' located by 'By.xpath: //*[@id = 'gvUserInvoiceBills_DXEditor2_I']' in '30' second(s)

2021-11-19 17:14:23 - [MESSAGE][INFO] - Smart Wait Function is triggered

2021-11-19 17:14:23 - [MESSAGE][INFO] - Found 1 web elements with id: 'Object Repository/Olusturma/Genel/Kutular/IrsaliyeBilgileri/IrsaliyeTarihi' located by 'By.xpath: //*[@id = 'gvUserInvoiceBills_DXEditor2_I']' in '30' second(s)

2021-11-19 17:14:23 - [MESSAGE][PASSED] - Keys '31.04.2020' sent to object: 'Object Repository/Olusturma/Genel/Kutular/IrsaliyeBilgileri/IrsaliyeTarihi'

2021-11-19 17:14:23 - [MESSAGE][PASSED] - Call Test Case 'Test Cases/Olusturma/Genel/Kutular/IrsaliyeBilgileri' successfully

2021-11-19 17:14:23 - [MESSAGE][INFO] - Checking called Test Case

2021-11-19 17:14:23 - [MESSAGE][INFO] - Starting to call Test Case 'Test Cases/Olusturma/Genel/EkleButonunaBasilir'

2021-11-19 17:14:23 - [TEST_CASE][PASSED] - Test Cases/Olusturma/Genel/EkleButonunaBasilir: Test Cases/Olusturma/Genel/EkleButonunaBasilir

2021-11-19 17:14:23 - [TEST_STEP][PASSED] - waitForElementClickable(findTestObject("Object Repository/Olusturma/Genel/Olusturma/Ekle"), 10): Object 'Object Repository/Olusturma/Genel/Olusturma/Ekle' is clickable

2021-11-19 17:14:23 - [MESSAGE][INFO] - Finding Test Object 'Object Repository/Olusturma/Genel/Olusturma/Ekle'

2021-11-19 17:14:23 - [MESSAGE][INFO] - Checking object

2021-11-19 17:14:23 - [MESSAGE][INFO] - Checking timeout

2021-11-19 17:14:23 - [MESSAGE][INFO] - Finding web element from Test Object's properties

2021-11-19 17:14:23 - [MESSAGE][INFO] - Checking timeout

2021-11-19 17:14:23 - [MESSAGE][INFO] - Finding web element with id: 'Object Repository/Olusturma/Genel/Olusturma/Ekle' located by 'By.cssSelector: #divmalhizmet i.fa.fa-plus.fa-lg.text-muted' in '10' second(s)

2021-11-19 17:14:23 - [MESSAGE][INFO] - Smart Wait Function is triggered

2021-11-19 17:14:23 - [MESSAGE][INFO] - Found 1 web elements with id: 'Object Repository/Olusturma/Genel/Olusturma/Ekle' located by 'By.cssSelector: #divmalhizmet i.fa.fa-plus.fa-lg.text-muted' in '10' second(s)

2021-11-19 17:14:23 - [MESSAGE][PASSED] - Object 'Object Repository/Olusturma/Genel/Olusturma/Ekle' is clickable

2021-11-19 17:14:23 - [TEST_STEP][PASSED] - click(findTestObject("Object Repository/Olusturma/Genel/Olusturma/Ekle")): Object: 'Object Repository/Olusturma/Genel/Olusturma/Ekle' is clicked on

2021-11-19 17:14:23 - [MESSAGE][INFO] - Finding Test Object 'Object Repository/Olusturma/Genel/Olusturma/Ekle'

2021-11-19 17:14:23 - [MESSAGE][INFO] - Checking object

2021-11-19 17:14:23 - [MESSAGE][INFO] - Finding web element from Test Object's properties

2021-11-19 17:14:23 - [MESSAGE][INFO] - Checking timeout

2021-11-19 17:14:23 - [MESSAGE][INFO] - Finding web element with id: 'Object Repository/Olusturma/Genel/Olusturma/Ekle' located by 'By.cssSelector: #divmalhizmet i.fa.fa-plus.fa-lg.text-muted' in '30' second(s)

2021-11-19 17:14:23 - [MESSAGE][INFO] - Smart Wait Function is triggered

2021-11-19 17:14:24 - [MESSAGE][INFO] - Found 1 web elements with id: 'Object Repository/Olusturma/Genel/Olusturma/Ekle' located by 'By.cssSelector: #divmalhizmet i.fa.fa-plus.fa-lg.text-muted' in '30' second(s)

2021-11-19 17:14:24 - [MESSAGE][INFO] - Clicking on object: 'Object Repository/Olusturma/Genel/Olusturma/Ekle'

2021-11-19 17:14:24 - [MESSAGE][PASSED] - Object: 'Object Repository/Olusturma/Genel/Olusturma/Ekle' is clicked on

2021-11-19 17:14:24 - [TEST_STEP][PASSED] - waitForElementClickable(findTestObject("Olusturma/Genel/Olusturma/EklenenSatirCarpiImage"), 10): Object 'Object Repository/Olusturma/Genel/Olusturma/EklenenSatirCarpiImage' is clickable

2021-11-19 17:14:24 - [MESSAGE][INFO] - Finding Test Object 'Object Repository/Olusturma/Genel/Olusturma/EklenenSatirCarpiImage'

2021-11-19 17:14:24 - [MESSAGE][INFO] - Checking object

2021-11-19 17:14:24 - [MESSAGE][INFO] - Checking timeout

2021-11-19 17:14:24 - [MESSAGE][INFO] - Finding web element from Test Object's properties

2021-11-19 17:14:24 - [MESSAGE][INFO] - Checking timeout

2021-11-19 17:14:24 - [MESSAGE][INFO] - Finding web element with id: 'Object Repository/Olusturma/Genel/Olusturma/EklenenSatirCarpiImage' located by 'By.cssSelector: .fa.fa-times.fa-lg.text-primary' in '10' second(s)

2021-11-19 17:14:24 - [MESSAGE][INFO] - Smart Wait Function is triggered

2021-11-19 17:14:24 - [MESSAGE][INFO] - Found 1 web elements with id: 'Object Repository/Olusturma/Genel/Olusturma/EklenenSatirCarpiImage' located by 'By.cssSelector: .fa.fa-times.fa-lg.text-primary' in '10' second(s)

2021-11-19 17:14:24 - [MESSAGE][PASSED] - Object 'Object Repository/Olusturma/Genel/Olusturma/EklenenSatirCarpiImage' is clickable

2021-11-19 17:14:24 - [MESSAGE][PASSED] - Call Test Case 'Test Cases/Olusturma/Genel/EkleButonunaBasilir' successfully

2021-11-19 17:14:24 - [MESSAGE][INFO] - Checking called Test Case

2021-11-19 17:14:24 - [MESSAGE][INFO] - Starting to call Test Case 'Test Cases/Olusturma/Genel/Olusturma'

2021-11-19 17:14:24 - [TEST_CASE][PASSED] - Test Cases/Olusturma/Genel/Olusturma: Test Cases/Olusturma/Genel/Olusturma

2021-11-19 17:14:24 - [TEST_STEP][PASSED] - driver = getWebDriver(): null

2021-11-19 17:14:24 - [TEST_STEP][PASSED] - action = new org.openqa.selenium.interactions.Actions(driver): null

2021-11-19 17:14:24 - [TEST_STEP][PASSED] - baslikElement = <not implemented yet for class: org.codehaus.groovy.ast.expr.EmptyExpression>: null

2021-11-19 17:14:24 - [TEST_STEP][PASSED] - sonElement = <not implemented yet for class: org.codehaus.groovy.ast.expr.EmptyExpression>: null

2021-11-19 17:14:24 - [TEST_STEP][PASSED] - attr = <not implemented yet for class: org.codehaus.groovy.ast.expr.EmptyExpression>: null

2021-11-19 17:14:24 - [TEST_STEP][PASSED] - a = 0: null

2021-11-19 17:14:24 - [TEST_STEP][PASSED] - elements = findWebElements(findTestObject("Object Repository/Olusturma/Genel/Olusturma/TabloBasliklari"), 10): Found 14 web elements with id: 'Object Repository/Olusturma/Genel/Olusturma/TabloBasliklari' located by 'By.cssSelector: div#divmalhizmet .dxgvTable_LECustomTheme td.dxgvHeader_LECustomTheme tr>td:nth-child(1)' in '10' second(s)

2021-11-19 17:14:24 - [MESSAGE][INFO] - Finding Test Object 'Object Repository/Olusturma/Genel/Olusturma/TabloBasliklari'

2021-11-19 17:14:24 - [MESSAGE][INFO] - Checking timeout

2021-11-19 17:14:24 - [MESSAGE][INFO] - Finding web element with id: 'Object Repository/Olusturma/Genel/Olusturma/TabloBasliklari' located by 'By.cssSelector: div#divmalhizmet .dxgvTable_LECustomTheme td.dxgvHeader_LECustomTheme tr>td:nth-child(1)' in '10' second(s)

2021-11-19 17:14:24 - [MESSAGE][INFO] - Smart Wait Function is triggered

2021-11-19 17:14:25 - [MESSAGE][INFO] - Found 14 web elements with id: 'Object Repository/Olusturma/Genel/Olusturma/TabloBasliklari' located by 'By.cssSelector: div#divmalhizmet .dxgvTable_LECustomTheme td.dxgvHeader_LECustomTheme tr>td:nth-child(1)' in '10' second(s)

2021-11-19 17:14:25 - [TEST_STEP][PASSED] - for (def element : elements): null

2021-11-19 17:14:25 - [TEST_STEP][PASSED] - build().perform(): null

2021-11-19 17:14:26 - [TEST_STEP][PASSED] - if (getText().equals(Baslik)): null

2021-11-19 17:14:26 - [TEST_STEP][PASSED] - baslikElement = element.findElement(By.xpath("../../../..")): Smart Wait Function is triggered

2021-11-19 17:14:26 - [MESSAGE][INFO] - Smart Wait Function is triggered

2021-11-19 17:14:26 - [TEST_STEP][PASSED] - attr = baslikElement.getAttribute("id"): null

2021-11-19 17:14:26 - [TEST_STEP][PASSED] - println("girdi ve idsini aldı = " + attr): null

2021-11-19 17:14:26 - [TEST_STEP][PASSED] - break: null

2021-11-19 17:14:26 - [TEST_STEP][PASSED] - countElement = baslikElement.findElements(By.xpath("../td")): Smart Wait Function is triggered

2021-11-19 17:14:26 - [MESSAGE][INFO] - Smart Wait Function is triggered

2021-11-19 17:14:26 - [TEST_STEP][PASSED] - for (def element : countElement): null

2021-11-19 17:14:26 - [TEST_STEP][PASSED] - if (toString().equals(attr.toString())): null

2021-11-19 17:14:26 - [TEST_STEP][PASSED] - (a++): null

2021-11-19 17:14:26 - [TEST_STEP][PASSED] - if (toString().equals(attr.toString())): null

2021-11-19 17:14:26 - [TEST_STEP][PASSED] - break: null

2021-11-19 17:14:26 - [TEST_STEP][PASSED] - son = findWebElement(findTestObject("Object Repository/Olusturma/Genel/Olusturma/EklenenSatir")).findElement(By.xpath("td[@class='dxgvInlineEditCell_LECustomTheme dxgv'][" + a + "]//td[@class='dxic']/input")): Smart Wait Function is triggered

2021-11-19 17:14:26 - [MESSAGE][INFO] - Finding Test Object 'Object Repository/Olusturma/Genel/Olusturma/EklenenSatir'

2021-11-19 17:14:26 - [MESSAGE][INFO] - Finding web element from Test Object's properties

2021-11-19 17:14:26 - [MESSAGE][INFO] - Checking timeout

2021-11-19 17:14:26 - [MESSAGE][INFO] - Finding web element with id: 'Object Repository/Olusturma/Genel/Olusturma/EklenenSatir' located by 'By.cssSelector: #divmalhizmet .dxgvInlineEditRow_LECustomTheme' in '30' second(s)

2021-11-19 17:14:26 - [MESSAGE][INFO] - Smart Wait Function is triggered

2021-11-19 17:14:27 - [MESSAGE][INFO] - Found 1 web elements with id: 'Object Repository/Olusturma/Genel/Olusturma/EklenenSatir' located by 'By.cssSelector: #divmalhizmet .dxgvInlineEditRow_LECustomTheme' in '30' second(s)

2021-11-19 17:14:27 - [MESSAGE][INFO] - Smart Wait Function is triggered

2021-11-19 17:14:27 - [TEST_STEP][PASSED] - if (!(getAttribute("value").contains("Vkn"))): null

2021-11-19 17:14:27 - [TEST_STEP][PASSED] - son.clear(): null

2021-11-19 17:14:27 - [TEST_STEP][PASSED] - son.sendKeys(Deger): null

2021-11-19 17:14:27 - [MESSAGE][PASSED] - Call Test Case 'Test Cases/Olusturma/Genel/Olusturma' successfully

2021-11-19 17:14:27 - [MESSAGE][INFO] - Checking called Test Case

2021-11-19 17:14:27 - [MESSAGE][INFO] - Starting to call Test Case 'Test Cases/Olusturma/Genel/Olusturma'

2021-11-19 17:14:27 - [TEST_CASE][PASSED] - Test Cases/Olusturma/Genel/Olusturma: Test Cases/Olusturma/Genel/Olusturma

2021-11-19 17:14:27 - [TEST_STEP][PASSED] - driver = getWebDriver(): null

2021-11-19 17:14:27 - [TEST_STEP][PASSED] - action = new org.openqa.selenium.interactions.Actions(driver): null

2021-11-19 17:14:27 - [TEST_STEP][PASSED] - baslikElement = <not implemented yet for class: org.codehaus.groovy.ast.expr.EmptyExpression>: null

2021-11-19 17:14:27 - [TEST_STEP][PASSED] - sonElement = <not implemented yet for class: org.codehaus.groovy.ast.expr.EmptyExpression>: null

2021-11-19 17:14:27 - [TEST_STEP][PASSED] - attr = <not implemented yet for class: org.codehaus.groovy.ast.expr.EmptyExpression>: null

2021-11-19 17:14:27 - [TEST_STEP][PASSED] - a = 0: null

2021-11-19 17:14:27 - [TEST_STEP][PASSED] - elements = findWebElements(findTestObject("Object Repository/Olusturma/Genel/Olusturma/TabloBasliklari"), 10): Found 14 web elements with id: 'Object Repository/Olusturma/Genel/Olusturma/TabloBasliklari' located by 'By.cssSelector: div#divmalhizmet .dxgvTable_LECustomTheme td.dxgvHeader_LECustomTheme tr>td:nth-child(1)' in '10' second(s)

2021-11-19 17:14:27 - [MESSAGE][INFO] - Finding Test Object 'Object Repository/Olusturma/Genel/Olusturma/TabloBasliklari'

2021-11-19 17:14:27 - [MESSAGE][INFO] - Checking timeout

2021-11-19 17:14:27 - [MESSAGE][INFO] - Finding web element with id: 'Object Repository/Olusturma/Genel/Olusturma/TabloBasliklari' located by 'By.cssSelector: div#divmalhizmet .dxgvTable_LECustomTheme td.dxgvHeader_LECustomTheme tr>td:nth-child(1)' in '10' second(s)

2021-11-19 17:14:27 - [MESSAGE][INFO] - Smart Wait Function is triggered

2021-11-19 17:14:27 - [MESSAGE][INFO] - Found 14 web elements with id: 'Object Repository/Olusturma/Genel/Olusturma/TabloBasliklari' located by 'By.cssSelector: div#divmalhizmet .dxgvTable_LECustomTheme td.dxgvHeader_LECustomTheme tr>td:nth-child(1)' in '10' second(s)

2021-11-19 17:14:27 - [TEST_STEP][PASSED] - for (def element : elements): null

2021-11-19 17:14:27 - [TEST_STEP][PASSED] - build().perform(): null

2021-11-19 17:14:28 - [TEST_STEP][PASSED] - if (getText().equals(Baslik)): null

2021-11-19 17:14:28 - [TEST_STEP][PASSED] - build().perform(): null

2021-11-19 17:14:28 - [TEST_STEP][PASSED] - if (getText().equals(Baslik)): null

2021-11-19 17:14:28 - [TEST_STEP][PASSED] - baslikElement = element.findElement(By.xpath("../../../..")): Smart Wait Function is triggered

2021-11-19 17:14:28 - [MESSAGE][INFO] - Smart Wait Function is triggered

2021-11-19 17:14:28 - [TEST_STEP][PASSED] - attr = baslikElement.getAttribute("id"): null

2021-11-19 17:14:28 - [TEST_STEP][PASSED] - println("girdi ve idsini aldı = " + attr): null

2021-11-19 17:14:28 - [TEST_STEP][PASSED] - break: null

2021-11-19 17:14:28 - [TEST_STEP][PASSED] - countElement = baslikElement.findElements(By.xpath("../td")): Smart Wait Function is triggered

2021-11-19 17:14:28 - [MESSAGE][INFO] - Smart Wait Function is triggered

2021-11-19 17:14:28 - [TEST_STEP][PASSED] - for (def element : countElement): null

2021-11-19 17:14:28 - [TEST_STEP][PASSED] - if (toString().equals(attr.toString())): null

2021-11-19 17:14:28 - [TEST_STEP][PASSED] - (a++): null

2021-11-19 17:14:28 - [TEST_STEP][PASSED] - if (toString().equals(attr.toString())): null

2021-11-19 17:14:28 - [TEST_STEP][PASSED] - (a++): null

2021-11-19 17:14:28 - [TEST_STEP][PASSED] - if (toString().equals(attr.toString())): null

2021-11-19 17:14:28 - [TEST_STEP][PASSED] - break: null

2021-11-19 17:14:28 - [TEST_STEP][PASSED] - son = findWebElement(findTestObject("Object Repository/Olusturma/Genel/Olusturma/EklenenSatir")).findElement(By.xpath("td[@class='dxgvInlineEditCell_LECustomTheme dxgv'][" + a + "]//td[@class='dxic']/input")): Smart Wait Function is triggered

2021-11-19 17:14:28 - [MESSAGE][INFO] - Finding Test Object 'Object Repository/Olusturma/Genel/Olusturma/EklenenSatir'

2021-11-19 17:14:28 - [MESSAGE][INFO] - Finding web element from Test Object's properties

2021-11-19 17:14:28 - [MESSAGE][INFO] - Checking timeout

2021-11-19 17:14:28 - [MESSAGE][INFO] - Finding web element with id: 'Object Repository/Olusturma/Genel/Olusturma/EklenenSatir' located by 'By.cssSelector: #divmalhizmet .dxgvInlineEditRow_LECustomTheme' in '30' second(s)

2021-11-19 17:14:28 - [MESSAGE][INFO] - Smart Wait Function is triggered

2021-11-19 17:14:29 - [MESSAGE][INFO] - Found 1 web elements with id: 'Object Repository/Olusturma/Genel/Olusturma/EklenenSatir' located by 'By.cssSelector: #divmalhizmet .dxgvInlineEditRow_LECustomTheme' in '30' second(s)

2021-11-19 17:14:29 - [MESSAGE][INFO] - Smart Wait Function is triggered

2021-11-19 17:14:29 - [TEST_STEP][PASSED] - if (!(getAttribute("value").contains("Vkn"))): null

2021-11-19 17:14:29 - [TEST_STEP][PASSED] - son.clear(): null

2021-11-19 17:14:29 - [TEST_STEP][PASSED] - son.sendKeys(Deger): null

2021-11-19 17:14:29 - [MESSAGE][PASSED] - Call Test Case 'Test Cases/Olusturma/Genel/Olusturma' successfully

2021-11-19 17:14:29 - [MESSAGE][INFO] - Checking called Test Case

2021-11-19 17:14:29 - [MESSAGE][INFO] - Starting to call Test Case 'Test Cases/Olusturma/Genel/Olusturma'

2021-11-19 17:14:29 - [TEST_CASE][PASSED] - Test Cases/Olusturma/Genel/Olusturma: Test Cases/Olusturma/Genel/Olusturma

2021-11-19 17:14:29 - [TEST_STEP][PASSED] - driver = getWebDriver(): null

2021-11-19 17:14:29 - [TEST_STEP][PASSED] - action = new org.openqa.selenium.interactions.Actions(driver): null

2021-11-19 17:14:29 - [TEST_STEP][PASSED] - baslikElement = <not implemented yet for class: org.codehaus.groovy.ast.expr.EmptyExpression>: null

2021-11-19 17:14:29 - [TEST_STEP][PASSED] - sonElement = <not implemented yet for class: org.codehaus.groovy.ast.expr.EmptyExpression>: null

2021-11-19 17:14:29 - [TEST_STEP][PASSED] - attr = <not implemented yet for class: org.codehaus.groovy.ast.expr.EmptyExpression>: null

2021-11-19 17:14:29 - [TEST_STEP][PASSED] - a = 0: null

2021-11-19 17:14:29 - [TEST_STEP][PASSED] - elements = findWebElements(findTestObject("Object Repository/Olusturma/Genel/Olusturma/TabloBasliklari"), 10): Found 14 web elements with id: 'Object Repository/Olusturma/Genel/Olusturma/TabloBasliklari' located by 'By.cssSelector: div#divmalhizmet .dxgvTable_LECustomTheme td.dxgvHeader_LECustomTheme tr>td:nth-child(1)' in '10' second(s)

2021-11-19 17:14:29 - [MESSAGE][INFO] - Finding Test Object 'Object Repository/Olusturma/Genel/Olusturma/TabloBasliklari'

2021-11-19 17:14:29 - [MESSAGE][INFO] - Checking timeout

2021-11-19 17:14:29 - [MESSAGE][INFO] - Finding web element with id: 'Object Repository/Olusturma/Genel/Olusturma/TabloBasliklari' located by 'By.cssSelector: div#divmalhizmet .dxgvTable_LECustomTheme td.dxgvHeader_LECustomTheme tr>td:nth-child(1)' in '10' second(s)

2021-11-19 17:14:29 - [MESSAGE][INFO] - Smart Wait Function is triggered

2021-11-19 17:14:30 - [MESSAGE][INFO] - Found 14 web elements with id: 'Object Repository/Olusturma/Genel/Olusturma/TabloBasliklari' located by 'By.cssSelector: div#divmalhizmet .dxgvTable_LECustomTheme td.dxgvHeader_LECustomTheme tr>td:nth-child(1)' in '10' second(s)

2021-11-19 17:14:30 - [TEST_STEP][PASSED] - for (def element : elements): null

2021-11-19 17:14:30 - [TEST_STEP][PASSED] - build().perform(): null

2021-11-19 17:14:30 - [TEST_STEP][PASSED] - if (getText().equals(Baslik)): null

2021-11-19 17:14:30 - [TEST_STEP][PASSED] - build().perform(): null

2021-11-19 17:14:30 - [TEST_STEP][PASSED] - if (getText().equals(Baslik)): null

2021-11-19 17:14:30 - [TEST_STEP][PASSED] - build().perform(): null

2021-11-19 17:14:30 - [TEST_STEP][PASSED] - if (getText().equals(Baslik)): null

2021-11-19 17:14:30 - [TEST_STEP][PASSED] - build().perform(): null

2021-11-19 17:14:30 - [TEST_STEP][PASSED] - if (getText().equals(Baslik)): null

2021-11-19 17:14:30 - [TEST_STEP][PASSED] - baslikElement = element.findElement(By.xpath("../../../..")): Smart Wait Function is triggered

2021-11-19 17:14:30 - [MESSAGE][INFO] - Smart Wait Function is triggered

2021-11-19 17:14:31 - [TEST_STEP][PASSED] - attr = baslikElement.getAttribute("id"): null

2021-11-19 17:14:31 - [TEST_STEP][PASSED] - println("girdi ve idsini aldı = " + attr): null

2021-11-19 17:14:31 - [TEST_STEP][PASSED] - break: null

2021-11-19 17:14:31 - [TEST_STEP][PASSED] - countElement = baslikElement.findElements(By.xpath("../td")): Smart Wait Function is triggered

2021-11-19 17:14:31 - [MESSAGE][INFO] - Smart Wait Function is triggered

2021-11-19 17:14:31 - [TEST_STEP][PASSED] - for (def element : countElement): null

2021-11-19 17:14:31 - [TEST_STEP][PASSED] - if (toString().equals(attr.toString())): null

2021-11-19 17:14:31 - [TEST_STEP][PASSED] - (a++): null

2021-11-19 17:14:31 - [TEST_STEP][PASSED] - if (toString().equals(attr.toString())): null

2021-11-19 17:14:31 - [TEST_STEP][PASSED] - (a++): null

2021-11-19 17:14:31 - [TEST_STEP][PASSED] - if (toString().equals(attr.toString())): null

2021-11-19 17:14:31 - [TEST_STEP][PASSED] - (a++): null

2021-11-19 17:14:31 - [TEST_STEP][PASSED] - if (toString().equals(attr.toString())): null

2021-11-19 17:14:31 - [TEST_STEP][PASSED] - (a++): null

2021-11-19 17:14:31 - [TEST_STEP][PASSED] - if (toString().equals(attr.toString())): null

2021-11-19 17:14:31 - [TEST_STEP][PASSED] - break: null

2021-11-19 17:14:31 - [TEST_STEP][PASSED] - son = findWebElement(findTestObject("Object Repository/Olusturma/Genel/Olusturma/EklenenSatir")).findElement(By.xpath("td[@class='dxgvInlineEditCell_LECustomTheme dxgv'][" + a + "]//td[@class='dxic']/input")): Smart Wait Function is triggered

2021-11-19 17:14:31 - [MESSAGE][INFO] - Finding Test Object 'Object Repository/Olusturma/Genel/Olusturma/EklenenSatir'

2021-11-19 17:14:31 - [MESSAGE][INFO] - Finding web element from Test Object's properties

2021-11-19 17:14:31 - [MESSAGE][INFO] - Checking timeout

2021-11-19 17:14:31 - [MESSAGE][INFO] - Finding web element with id: 'Object Repository/Olusturma/Genel/Olusturma/EklenenSatir' located by 'By.cssSelector: #divmalhizmet .dxgvInlineEditRow_LECustomTheme' in '30' second(s)

2021-11-19 17:14:31 - [MESSAGE][INFO] - Smart Wait Function is triggered

2021-11-19 17:14:31 - [MESSAGE][INFO] - Found 1 web elements with id: 'Object Repository/Olusturma/Genel/Olusturma/EklenenSatir' located by 'By.cssSelector: #divmalhizmet .dxgvInlineEditRow_LECustomTheme' in '30' second(s)

2021-11-19 17:14:31 - [MESSAGE][INFO] - Smart Wait Function is triggered

2021-11-19 17:14:32 - [TEST_STEP][PASSED] - if (!(getAttribute("value").contains("Vkn"))): null

2021-11-19 17:14:32 - [TEST_STEP][PASSED] - son.clear(): null

2021-11-19 17:14:32 - [TEST_STEP][PASSED] - son.sendKeys(Deger): null

2021-11-19 17:14:32 - [MESSAGE][PASSED] - Call Test Case 'Test Cases/Olusturma/Genel/Olusturma' successfully

2021-11-19 17:14:32 - [MESSAGE][INFO] - Checking called Test Case

2021-11-19 17:14:32 - [MESSAGE][INFO] - Starting to call Test Case 'Test Cases/Olusturma/Genel/Olusturma'

2021-11-19 17:14:32 - [TEST_CASE][PASSED] - Test Cases/Olusturma/Genel/Olusturma: Test Cases/Olusturma/Genel/Olusturma

2021-11-19 17:14:32 - [TEST_STEP][PASSED] - driver = getWebDriver(): null

2021-11-19 17:14:32 - [TEST_STEP][PASSED] - action = new org.openqa.selenium.interactions.Actions(driver): null

2021-11-19 17:14:32 - [TEST_STEP][PASSED] - baslikElement = <not implemented yet for class: org.codehaus.groovy.ast.expr.EmptyExpression>: null

2021-11-19 17:14:32 - [TEST_STEP][PASSED] - sonElement = <not implemented yet for class: org.codehaus.groovy.ast.expr.EmptyExpression>: null

2021-11-19 17:14:32 - [TEST_STEP][PASSED] - attr = <not implemented yet for class: org.codehaus.groovy.ast.expr.EmptyExpression>: null

2021-11-19 17:14:32 - [TEST_STEP][PASSED] - a = 0: null

2021-11-19 17:14:32 - [TEST_STEP][PASSED] - elements = findWebElements(findTestObject("Object Repository/Olusturma/Genel/Olusturma/TabloBasliklari"), 10): Found 14 web elements with id: 'Object Repository/Olusturma/Genel/Olusturma/TabloBasliklari' located by 'By.cssSelector: div#divmalhizmet .dxgvTable_LECustomTheme td.dxgvHeader_LECustomTheme tr>td:nth-child(1)' in '10' second(s)

2021-11-19 17:14:32 - [MESSAGE][INFO] - Finding Test Object 'Object Repository/Olusturma/Genel/Olusturma/TabloBasliklari'

2021-11-19 17:14:32 - [MESSAGE][INFO] - Checking timeout

2021-11-19 17:14:32 - [MESSAGE][INFO] - Finding web element with id: 'Object Repository/Olusturma/Genel/Olusturma/TabloBasliklari' located by 'By.cssSelector: div#divmalhizmet .dxgvTable_LECustomTheme td.dxgvHeader_LECustomTheme tr>td:nth-child(1)' in '10' second(s)

2021-11-19 17:14:32 - [MESSAGE][INFO] - Smart Wait Function is triggered

2021-11-19 17:14:32 - [MESSAGE][INFO] - Found 14 web elements with id: 'Object Repository/Olusturma/Genel/Olusturma/TabloBasliklari' located by 'By.cssSelector: div#divmalhizmet .dxgvTable_LECustomTheme td.dxgvHeader_LECustomTheme tr>td:nth-child(1)' in '10' second(s)

2021-11-19 17:14:32 - [TEST_STEP][PASSED] - for (def element : elements): null

2021-11-19 17:14:32 - [TEST_STEP][PASSED] - build().perform(): null

2021-11-19 17:14:33 - [TEST_STEP][PASSED] - if (getText().equals(Baslik)): null

2021-11-19 17:14:33 - [TEST_STEP][PASSED] - build().perform(): null

2021-11-19 17:14:33 - [TEST_STEP][PASSED] - if (getText().equals(Baslik)): null

2021-11-19 17:14:33 - [TEST_STEP][PASSED] - build().perform(): null

2021-11-19 17:14:33 - [TEST_STEP][PASSED] - if (getText().equals(Baslik)): null

2021-11-19 17:14:33 - [TEST_STEP][PASSED] - build().perform(): null

2021-11-19 17:14:33 - [TEST_STEP][PASSED] - if (getText().equals(Baslik)): null

2021-11-19 17:14:33 - [TEST_STEP][PASSED] - build().perform(): null

2021-11-19 17:14:33 - [TEST_STEP][PASSED] - if (getText().equals(Baslik)): null

2021-11-19 17:14:33 - [TEST_STEP][PASSED] - build().perform(): null

2021-11-19 17:14:33 - [TEST_STEP][PASSED] - if (getText().equals(Baslik)): null

2021-11-19 17:14:33 - [TEST_STEP][PASSED] - baslikElement = element.findElement(By.xpath("../../../..")): Smart Wait Function is triggered

2021-11-19 17:14:33 - [MESSAGE][INFO] - Smart Wait Function is triggered

2021-11-19 17:14:34 - [TEST_STEP][PASSED] - attr = baslikElement.getAttribute("id"): null

2021-11-19 17:14:34 - [TEST_STEP][PASSED] - println("girdi ve idsini aldı = " + attr): null

2021-11-19 17:14:34 - [TEST_STEP][PASSED] - break: null

2021-11-19 17:14:34 - [TEST_STEP][PASSED] - countElement = baslikElement.findElements(By.xpath("../td")): Smart Wait Function is triggered

2021-11-19 17:14:34 - [MESSAGE][INFO] - Smart Wait Function is triggered

2021-11-19 17:14:34 - [TEST_STEP][PASSED] - for (def element : countElement): null

2021-11-19 17:14:34 - [TEST_STEP][PASSED] - if (toString().equals(attr.toString())): null

2021-11-19 17:14:34 - [TEST_STEP][PASSED] - (a++): null

2021-11-19 17:14:34 - [TEST_STEP][PASSED] - if (toString().equals(attr.toString())): null

2021-11-19 17:14:34 - [TEST_STEP][PASSED] - (a++): null

2021-11-19 17:14:34 - [TEST_STEP][PASSED] - if (toString().equals(attr.toString())): null

2021-11-19 17:14:34 - [TEST_STEP][PASSED] - (a++): null

2021-11-19 17:14:34 - [TEST_STEP][PASSED] - if (toString().equals(attr.toString())): null

2021-11-19 17:14:34 - [TEST_STEP][PASSED] - (a++): null

2021-11-19 17:14:34 - [TEST_STEP][PASSED] - if (toString().equals(attr.toString())): null

2021-11-19 17:14:34 - [TEST_STEP][PASSED] - (a++): null

2021-11-19 17:14:34 - [TEST_STEP][PASSED] - if (toString().equals(attr.toString())): null

2021-11-19 17:14:34 - [TEST_STEP][PASSED] - (a++): null

2021-11-19 17:14:34 - [TEST_STEP][PASSED] - if (toString().equals(attr.toString())): null

2021-11-19 17:14:34 - [TEST_STEP][PASSED] - break: null

2021-11-19 17:14:34 - [TEST_STEP][PASSED] - son = findWebElement(findTestObject("Object Repository/Olusturma/Genel/Olusturma/EklenenSatir")).findElement(By.xpath("td[@class='dxgvInlineEditCell_LECustomTheme dxgv'][" + a + "]//td[@class='dxic']/input")): Smart Wait Function is triggered

2021-11-19 17:14:34 - [MESSAGE][INFO] - Finding Test Object 'Object Repository/Olusturma/Genel/Olusturma/EklenenSatir'

2021-11-19 17:14:34 - [MESSAGE][INFO] - Finding web element from Test Object's properties

2021-11-19 17:14:34 - [MESSAGE][INFO] - Checking timeout

2021-11-19 17:14:34 - [MESSAGE][INFO] - Finding web element with id: 'Object Repository/Olusturma/Genel/Olusturma/EklenenSatir' located by 'By.cssSelector: #divmalhizmet .dxgvInlineEditRow_LECustomTheme' in '30' second(s)

2021-11-19 17:14:34 - [MESSAGE][INFO] - Smart Wait Function is triggered

2021-11-19 17:14:35 - [MESSAGE][INFO] - Found 1 web elements with id: 'Object Repository/Olusturma/Genel/Olusturma/EklenenSatir' located by 'By.cssSelector: #divmalhizmet .dxgvInlineEditRow_LECustomTheme' in '30' second(s)

2021-11-19 17:14:35 - [MESSAGE][INFO] - Smart Wait Function is triggered

2021-11-19 17:14:35 - [TEST_STEP][PASSED] - if (!(getAttribute("value").contains("Vkn"))): null

2021-11-19 17:14:35 - [TEST_STEP][PASSED] - son.clear(): null

2021-11-19 17:14:35 - [TEST_STEP][PASSED] - son.sendKeys(Deger): null

2021-11-19 17:14:35 - [MESSAGE][PASSED] - Call Test Case 'Test Cases/Olusturma/Genel/Olusturma' successfully

2021-11-19 17:14:35 - [MESSAGE][INFO] - Checking called Test Case

2021-11-19 17:14:35 - [MESSAGE][INFO] - Starting to call Test Case 'Test Cases/Olusturma/Genel/Olusturma'

2021-11-19 17:14:35 - [TEST_CASE][PASSED] - Test Cases/Olusturma/Genel/Olusturma: Test Cases/Olusturma/Genel/Olusturma

2021-11-19 17:14:35 - [TEST_STEP][PASSED] - driver = getWebDriver(): null

2021-11-19 17:14:35 - [TEST_STEP][PASSED] - action = new org.openqa.selenium.interactions.Actions(driver): null

2021-11-19 17:14:35 - [TEST_STEP][PASSED] - baslikElement = <not implemented yet for class: org.codehaus.groovy.ast.expr.EmptyExpression>: null

2021-11-19 17:14:35 - [TEST_STEP][PASSED] - sonElement = <not implemented yet for class: org.codehaus.groovy.ast.expr.EmptyExpression>: null

2021-11-19 17:14:35 - [TEST_STEP][PASSED] - attr = <not implemented yet for class: org.codehaus.groovy.ast.expr.EmptyExpression>: null

2021-11-19 17:14:35 - [TEST_STEP][PASSED] - a = 0: null

2021-11-19 17:14:35 - [TEST_STEP][PASSED] - elements = findWebElements(findTestObject("Object Repository/Olusturma/Genel/Olusturma/TabloBasliklari"), 10): Found 14 web elements with id: 'Object Repository/Olusturma/Genel/Olusturma/TabloBasliklari' located by 'By.cssSelector: div#divmalhizmet .dxgvTable_LECustomTheme td.dxgvHeader_LECustomTheme tr>td:nth-child(1)' in '10' second(s)

2021-11-19 17:14:35 - [MESSAGE][INFO] - Finding Test Object 'Object Repository/Olusturma/Genel/Olusturma/TabloBasliklari'

2021-11-19 17:14:35 - [MESSAGE][INFO] - Checking timeout

2021-11-19 17:14:35 - [MESSAGE][INFO] - Finding web element with id: 'Object Repository/Olusturma/Genel/Olusturma/TabloBasliklari' located by 'By.cssSelector: div#divmalhizmet .dxgvTable_LECustomTheme td.dxgvHeader_LECustomTheme tr>td:nth-child(1)' in '10' second(s)

2021-11-19 17:14:35 - [MESSAGE][INFO] - Smart Wait Function is triggered

2021-11-19 17:14:36 - [MESSAGE][INFO] - Found 14 web elements with id: 'Object Repository/Olusturma/Genel/Olusturma/TabloBasliklari' located by 'By.cssSelector: div#divmalhizmet .dxgvTable_LECustomTheme td.dxgvHeader_LECustomTheme tr>td:nth-child(1)' in '10' second(s)

2021-11-19 17:14:36 - [TEST_STEP][PASSED] - for (def element : elements): null

2021-11-19 17:14:36 - [TEST_STEP][PASSED] - build().perform(): null

2021-11-19 17:14:36 - [TEST_STEP][PASSED] - if (getText().equals(Baslik)): null

2021-11-19 17:14:36 - [TEST_STEP][PASSED] - build().perform(): null

2021-11-19 17:14:36 - [TEST_STEP][PASSED] - if (getText().equals(Baslik)): null

2021-11-19 17:14:36 - [TEST_STEP][PASSED] - build().perform(): null

2021-11-19 17:14:37 - [TEST_STEP][PASSED] - if (getText().equals(Baslik)): null

2021-11-19 17:14:37 - [TEST_STEP][PASSED] - build().perform(): null

2021-11-19 17:14:37 - [TEST_STEP][PASSED] - if (getText().equals(Baslik)): null

2021-11-19 17:14:37 - [TEST_STEP][PASSED] - build().perform(): null

2021-11-19 17:14:37 - [TEST_STEP][PASSED] - if (getText().equals(Baslik)): null

2021-11-19 17:14:37 - [TEST_STEP][PASSED] - build().perform(): null

2021-11-19 17:14:37 - [TEST_STEP][PASSED] - if (getText().equals(Baslik)): null

2021-11-19 17:14:37 - [TEST_STEP][PASSED] - build().perform(): null

2021-11-19 17:14:38 - [TEST_STEP][PASSED] - if (getText().equals(Baslik)): null

2021-11-19 17:14:38 - [TEST_STEP][PASSED] - baslikElement = element.findElement(By.xpath("../../../..")): Smart Wait Function is triggered

2021-11-19 17:14:38 - [MESSAGE][INFO] - Smart Wait Function is triggered

2021-11-19 17:14:38 - [TEST_STEP][PASSED] - attr = baslikElement.getAttribute("id"): null

2021-11-19 17:14:38 - [TEST_STEP][PASSED] - println("girdi ve idsini aldı = " + attr): null

2021-11-19 17:14:38 - [TEST_STEP][PASSED] - break: null

2021-11-19 17:14:38 - [TEST_STEP][PASSED] - countElement = baslikElement.findElements(By.xpath("../td")): Smart Wait Function is triggered

2021-11-19 17:14:38 - [MESSAGE][INFO] - Smart Wait Function is triggered

2021-11-19 17:14:38 - [TEST_STEP][PASSED] - for (def element : countElement): null

2021-11-19 17:14:38 - [TEST_STEP][PASSED] - if (toString().equals(attr.toString())): null

2021-11-19 17:14:38 - [TEST_STEP][PASSED] - (a++): null

2021-11-19 17:14:38 - [TEST_STEP][PASSED] - if (toString().equals(attr.toString())): null

2021-11-19 17:14:38 - [TEST_STEP][PASSED] - (a++): null

2021-11-19 17:14:38 - [TEST_STEP][PASSED] - if (toString().equals(attr.toString())): null

2021-11-19 17:14:38 - [TEST_STEP][PASSED] - (a++): null

2021-11-19 17:14:38 - [TEST_STEP][PASSED] - if (toString().equals(attr.toString())): null

2021-11-19 17:14:38 - [TEST_STEP][PASSED] - (a++): null

2021-11-19 17:14:38 - [TEST_STEP][PASSED] - if (toString().equals(attr.toString())): null

2021-11-19 17:14:38 - [TEST_STEP][PASSED] - (a++): null

2021-11-19 17:14:38 - [TEST_STEP][PASSED] - if (toString().equals(attr.toString())): null

2021-11-19 17:14:38 - [TEST_STEP][PASSED] - (a++): null

2021-11-19 17:14:38 - [TEST_STEP][PASSED] - if (toString().equals(attr.toString())): null

2021-11-19 17:14:38 - [TEST_STEP][PASSED] - (a++): null

2021-11-19 17:14:38 - [TEST_STEP][PASSED] - if (toString().equals(attr.toString())): null

2021-11-19 17:14:38 - [TEST_STEP][PASSED] - break: null

2021-11-19 17:14:38 - [TEST_STEP][PASSED] - son = findWebElement(findTestObject("Object Repository/Olusturma/Genel/Olusturma/EklenenSatir")).findElement(By.xpath("td[@class='dxgvInlineEditCell_LECustomTheme dxgv'][" + a + "]//td[@class='dxic']/input")): Smart Wait Function is triggered

2021-11-19 17:14:38 - [MESSAGE][INFO] - Finding Test Object 'Object Repository/Olusturma/Genel/Olusturma/EklenenSatir'

2021-11-19 17:14:38 - [MESSAGE][INFO] - Finding web element from Test Object's properties

2021-11-19 17:14:38 - [MESSAGE][INFO] - Checking timeout

2021-11-19 17:14:38 - [MESSAGE][INFO] - Finding web element with id: 'Object Repository/Olusturma/Genel/Olusturma/EklenenSatir' located by 'By.cssSelector: #divmalhizmet .dxgvInlineEditRow_LECustomTheme' in '30' second(s)

2021-11-19 17:14:38 - [MESSAGE][INFO] - Smart Wait Function is triggered

2021-11-19 17:14:39 - [MESSAGE][INFO] - Found 1 web elements with id: 'Object Repository/Olusturma/Genel/Olusturma/EklenenSatir' located by 'By.cssSelector: #divmalhizmet .dxgvInlineEditRow_LECustomTheme' in '30' second(s)

2021-11-19 17:14:39 - [MESSAGE][INFO] - Smart Wait Function is triggered

2021-11-19 17:14:39 - [TEST_STEP][PASSED] - if (!(getAttribute("value").contains("Vkn"))): null

2021-11-19 17:14:39 - [TEST_STEP][PASSED] - son.clear(): null

2021-11-19 17:14:39 - [TEST_STEP][PASSED] - son.sendKeys(Deger): null

2021-11-19 17:14:39 - [MESSAGE][PASSED] - Call Test Case 'Test Cases/Olusturma/Genel/Olusturma' successfully

2021-11-19 17:14:39 - [MESSAGE][INFO] - Checking called Test Case

2021-11-19 17:14:39 - [MESSAGE][INFO] - Starting to call Test Case 'Test Cases/Olusturma/Genel/NotGirilir'

2021-11-19 17:14:39 - [TEST_CASE][PASSED] - Test Cases/Olusturma/Genel/NotGirilir: Test Cases/Olusturma/Genel/NotGirilir

2021-11-19 17:14:39 - [TEST_STEP][PASSED] - i = 0: null

2021-11-19 17:14:39 - [TEST_STEP][PASSED] - waitForElementClickable(findTestObject("Olusturma/Genel/Not/Notlar"), 10): Object 'Object Repository/Olusturma/Genel/Not/Notlar' is clickable

2021-11-19 17:14:39 - [MESSAGE][INFO] - Finding Test Object 'Object Repository/Olusturma/Genel/Not/Notlar'

2021-11-19 17:14:40 - [MESSAGE][INFO] - Checking object

2021-11-19 17:14:40 - [MESSAGE][INFO] - Checking timeout

2021-11-19 17:14:40 - [MESSAGE][INFO] - Finding web element from Test Object's properties

2021-11-19 17:14:40 - [MESSAGE][INFO] - Checking timeout

2021-11-19 17:14:40 - [MESSAGE][INFO] - Finding web element with id: 'Object Repository/Olusturma/Genel/Not/Notlar' located by 'By.xpath: //*[@id = 'txtNote_I']' in '10' second(s)

2021-11-19 17:14:40 - [MESSAGE][INFO] - Smart Wait Function is triggered

2021-11-19 17:14:40 - [MESSAGE][INFO] - Found 1 web elements with id: 'Object Repository/Olusturma/Genel/Not/Notlar' located by 'By.xpath: //*[@id = 'txtNote_I']' in '10' second(s)

2021-11-19 17:14:40 - [MESSAGE][PASSED] - Object 'Object Repository/Olusturma/Genel/Not/Notlar' is clickable

2021-11-19 17:14:40 - [TEST_STEP][PASSED] - clearText(findTestObject("Olusturma/Genel/Not/Notlar")): Text of object 'Object Repository/Olusturma/Genel/Not/Notlar' is cleared

2021-11-19 17:14:40 - [MESSAGE][INFO] - Finding Test Object 'Object Repository/Olusturma/Genel/Not/Notlar'

2021-11-19 17:14:40 - [MESSAGE][INFO] - Checking object

2021-11-19 17:14:40 - [MESSAGE][INFO] - Finding web element from Test Object's properties

2021-11-19 17:14:40 - [MESSAGE][INFO] - Checking timeout

2021-11-19 17:14:40 - [MESSAGE][INFO] - Finding web element with id: 'Object Repository/Olusturma/Genel/Not/Notlar' located by 'By.xpath: //*[@id = 'txtNote_I']' in '30' second(s)

2021-11-19 17:14:40 - [MESSAGE][INFO] - Smart Wait Function is triggered

2021-11-19 17:14:40 - [MESSAGE][INFO] - Found 1 web elements with id: 'Object Repository/Olusturma/Genel/Not/Notlar' located by 'By.xpath: //*[@id = 'txtNote_I']' in '30' second(s)

2021-11-19 17:14:40 - [MESSAGE][INFO] - Clearing text of object 'Object Repository/Olusturma/Genel/Not/Notlar'

2021-11-19 17:14:40 - [MESSAGE][PASSED] - Text of object 'Object Repository/Olusturma/Genel/Not/Notlar' is cleared

2021-11-19 17:14:40 - [TEST_STEP][PASSED] - click(findTestObject("Olusturma/Genel/Not/Notlar")): Object: 'Object Repository/Olusturma/Genel/Not/Notlar' is clicked on

2021-11-19 17:14:40 - [MESSAGE][INFO] - Finding Test Object 'Object Repository/Olusturma/Genel/Not/Notlar'

2021-11-19 17:14:40 - [MESSAGE][INFO] - Checking object

2021-11-19 17:14:40 - [MESSAGE][INFO] - Finding web element from Test Object's properties

2021-11-19 17:14:40 - [MESSAGE][INFO] - Checking timeout

2021-11-19 17:14:40 - [MESSAGE][INFO] - Finding web element with id: 'Object Repository/Olusturma/Genel/Not/Notlar' located by 'By.xpath: //*[@id = 'txtNote_I']' in '30' second(s)

2021-11-19 17:14:40 - [MESSAGE][INFO] - Smart Wait Function is triggered

2021-11-19 17:14:41 - [MESSAGE][INFO] - Found 1 web elements with id: 'Object Repository/Olusturma/Genel/Not/Notlar' located by 'By.xpath: //*[@id = 'txtNote_I']' in '30' second(s)

2021-11-19 17:14:41 - [MESSAGE][INFO] - Clicking on object: 'Object Repository/Olusturma/Genel/Not/Notlar'

2021-11-19 17:14:41 - [MESSAGE][PASSED] - Object: 'Object Repository/Olusturma/Genel/Not/Notlar' is clicked on

2021-11-19 17:14:41 - [TEST_STEP][PASSED] - while (true): null

2021-11-19 17:14:41 - [TEST_STEP][PASSED] - delay(1): Delayed 1 second(s)

2021-11-19 17:14:41 - [MESSAGE][INFO] - Delaying browser in 1 second(s)

2021-11-19 17:14:42 - [MESSAGE][PASSED] - Delayed 1 second(s)

2021-11-19 17:14:42 - [TEST_STEP][PASSED] - ajaxIsComplete = executeJavaScript("return jQuery.active == 0", null): Execute JavaScript 'return jQuery.active == 0' successfully

2021-11-19 17:14:42 - [MESSAGE][PASSED] - Execute JavaScript 'return jQuery.active == 0' successfully

2021-11-19 17:14:42 - [TEST_STEP][PASSED] - if (ajaxIsComplete): null

2021-11-19 17:14:42 - [TEST_STEP][PASSED] - if (i > 10): null

2021-11-19 17:14:42 - [TEST_STEP][PASSED] - (i++): null

2021-11-19 17:14:42 - [TEST_STEP][PASSED] - delay(1): Delayed 1 second(s)

2021-11-19 17:14:42 - [MESSAGE][INFO] - Delaying browser in 1 second(s)

2021-11-19 17:14:43 - [MESSAGE][PASSED] - Delayed 1 second(s)

2021-11-19 17:14:43 - [TEST_STEP][PASSED] - ajaxIsComplete = executeJavaScript("return jQuery.active == 0", null): Execute JavaScript 'return jQuery.active == 0' successfully

2021-11-19 17:14:43 - [MESSAGE][PASSED] - Execute JavaScript 'return jQuery.active == 0' successfully

2021-11-19 17:14:43 - [TEST_STEP][PASSED] - if (ajaxIsComplete): null

2021-11-19 17:14:43 - [TEST_STEP][PASSED] - break: null

2021-11-19 17:14:43 - [TEST_STEP][PASSED] - sendKeys(findTestObject("Olusturma/Genel/Not/Notlar"), Not): Keys 'Otomasyon Not' sent to object: 'Object Repository/Olusturma/Genel/Not/Notlar'

2021-11-19 17:14:43 - [MESSAGE][INFO] - Finding Test Object 'Object Repository/Olusturma/Genel/Not/Notlar'

2021-11-19 17:14:43 - [MESSAGE][INFO] - Sending keys 'Otomasyon Not' to object: 'Object Repository/Olusturma/Genel/Not/Notlar'

2021-11-19 17:14:43 - [MESSAGE][INFO] - Finding web element from Test Object's properties

2021-11-19 17:14:43 - [MESSAGE][INFO] - Checking timeout

2021-11-19 17:14:43 - [MESSAGE][INFO] - Finding web element with id: 'Object Repository/Olusturma/Genel/Not/Notlar' located by 'By.xpath: //*[@id = 'txtNote_I']' in '30' second(s)

2021-11-19 17:14:43 - [MESSAGE][INFO] - Smart Wait Function is triggered

2021-11-19 17:14:43 - [MESSAGE][INFO] - Found 1 web elements with id: 'Object Repository/Olusturma/Genel/Not/Notlar' located by 'By.xpath: //*[@id = 'txtNote_I']' in '30' second(s)

2021-11-19 17:14:44 - [MESSAGE][PASSED] - Keys 'Otomasyon Not' sent to object: 'Object Repository/Olusturma/Genel/Not/Notlar'

2021-11-19 17:14:44 - [MESSAGE][PASSED] - Call Test Case 'Test Cases/Olusturma/Genel/NotGirilir' successfully

2021-11-19 17:14:44 - [MESSAGE][INFO] - Checking called Test Case

2021-11-19 17:14:44 - [MESSAGE][INFO] - Starting to call Test Case 'Test Cases/Olusturma/Genel/EttnBilgisiKayitEdilir'

2021-11-19 17:14:44 - [TEST_CASE][PASSED] - Test Cases/Olusturma/Genel/EttnBilgisiKayitEdilir: Test Cases/Olusturma/Genel/EttnBilgisiKayitEdilir

2021-11-19 17:14:44 - [TEST_STEP][PASSED] - verifyElementPresent(findTestObject("Object Repository/Olusturma/Genel/Olusturma/eArsivEttnBilgisi"), 7): Object 'Object Repository/Olusturma/Genel/Olusturma/eArsivEttnBilgisi' is present

2021-11-19 17:14:44 - [MESSAGE][INFO] - Finding Test Object 'Object Repository/Olusturma/Genel/Olusturma/eArsivEttnBilgisi'

2021-11-19 17:14:44 - [MESSAGE][INFO] - Checking object

2021-11-19 17:14:44 - [MESSAGE][INFO] - Finding web element from Test Object's properties

2021-11-19 17:14:44 - [MESSAGE][INFO] - Checking timeout

2021-11-19 17:14:44 - [MESSAGE][INFO] - Finding web element with id: 'Object Repository/Olusturma/Genel/Olusturma/eArsivEttnBilgisi' located by 'By.xpath: //*[@id = 'Uuid_I']' in '7' second(s)

2021-11-19 17:14:44 - [MESSAGE][INFO] - Smart Wait Function is triggered

2021-11-19 17:14:44 - [MESSAGE][INFO] - Found 1 web elements with id: 'Object Repository/Olusturma/Genel/Olusturma/eArsivEttnBilgisi' located by 'By.xpath: //*[@id = 'Uuid_I']' in '7' second(s)

2021-11-19 17:14:44 - [MESSAGE][PASSED] - Object 'Object Repository/Olusturma/Genel/Olusturma/eArsivEttnBilgisi' is present

2021-11-19 17:14:44 - [TEST_STEP][PASSED] - ettn = getAttribute(findTestObject("Object Repository/Olusturma/Genel/Olusturma/eArsivEttnBilgisi"), "value"): Attribute 'value' of object 'Object Repository/Olusturma/Genel/Olusturma/eArsivEttnBilgisi' is: 'aef7f2c3-0f66-4d44-9139-51554293fbf4'

2021-11-19 17:14:44 - [MESSAGE][INFO] - Finding Test Object 'Object Repository/Olusturma/Genel/Olusturma/eArsivEttnBilgisi'

2021-11-19 17:14:45 - [MESSAGE][INFO] - Checking object

2021-11-19 17:14:45 - [MESSAGE][INFO] - Checking attribute

2021-11-19 17:14:45 - [MESSAGE][INFO] - Finding web element from Test Object's properties

2021-11-19 17:14:45 - [MESSAGE][INFO] - Checking timeout

2021-11-19 17:14:45 - [MESSAGE][INFO] - Finding web element with id: 'Object Repository/Olusturma/Genel/Olusturma/eArsivEttnBilgisi' located by 'By.xpath: //*[@id = 'Uuid_I']' in '30' second(s)

2021-11-19 17:14:45 - [MESSAGE][INFO] - Smart Wait Function is triggered

2021-11-19 17:14:45 - [MESSAGE][INFO] - Found 1 web elements with id: 'Object Repository/Olusturma/Genel/Olusturma/eArsivEttnBilgisi' located by 'By.xpath: //*[@id = 'Uuid_I']' in '30' second(s)

2021-11-19 17:14:45 - [MESSAGE][INFO] - Getting attribute 'value' of object 'Object Repository/Olusturma/Genel/Olusturma/eArsivEttnBilgisi'

2021-11-19 17:14:45 - [MESSAGE][PASSED] - Attribute 'value' of object 'Object Repository/Olusturma/Genel/Olusturma/eArsivEttnBilgisi' is: 'aef7f2c3-0f66-4d44-9139-51554293fbf4'

2021-11-19 17:14:45 - [MESSAGE][PASSED] - Call Test Case 'Test Cases/Olusturma/Genel/EttnBilgisiKayitEdilir' successfully

2021-11-19 17:14:45 - [MESSAGE][INFO] - Checking called Test Case

2021-11-19 17:14:45 - [MESSAGE][INFO] - Starting to call Test Case 'Test Cases/Olusturma/Genel/KaydetButonunaTiklanir'

2021-11-19 17:14:45 - [TEST_CASE][PASSED] - Test Cases/Olusturma/Genel/KaydetButonunaTiklanir: Test Cases/Olusturma/Genel/KaydetButonunaTiklanir

2021-11-19 17:14:45 - [TEST_STEP][PASSED] - i = 0: null

2021-11-19 17:14:45 - [TEST_STEP][PASSED] - waitForElementPresent(findTestObject("Olusturma/Genel/Not/Notlar"), 10): Object 'Object Repository/Olusturma/Genel/Not/Notlar' is present

2021-11-19 17:14:45 - [MESSAGE][INFO] - Finding Test Object 'Object Repository/Olusturma/Genel/Not/Notlar'

2021-11-19 17:14:45 - [MESSAGE][INFO] - Checking object

2021-11-19 17:14:45 - [MESSAGE][INFO] - Finding web element from Test Object's properties

2021-11-19 17:14:45 - [MESSAGE][INFO] - Checking timeout

2021-11-19 17:14:45 - [MESSAGE][INFO] - Finding web element with id: 'Object Repository/Olusturma/Genel/Not/Notlar' located by 'By.xpath: //*[@id = 'txtNote_I']' in '10' second(s)

2021-11-19 17:14:45 - [MESSAGE][INFO] - Smart Wait Function is triggered

2021-11-19 17:14:46 - [MESSAGE][INFO] - Found 1 web elements with id: 'Object Repository/Olusturma/Genel/Not/Notlar' located by 'By.xpath: //*[@id = 'txtNote_I']' in '10' second(s)

2021-11-19 17:14:46 - [MESSAGE][PASSED] - Object 'Object Repository/Olusturma/Genel/Not/Notlar' is present

2021-11-19 17:14:46 - [TEST_STEP][PASSED] - click(findTestObject("Olusturma/Genel/Not/Notlar")): Object: 'Object Repository/Olusturma/Genel/Not/Notlar' is clicked on

2021-11-19 17:14:46 - [MESSAGE][INFO] - Finding Test Object 'Object Repository/Olusturma/Genel/Not/Notlar'

2021-11-19 17:14:46 - [MESSAGE][INFO] - Checking object

2021-11-19 17:14:46 - [MESSAGE][INFO] - Finding web element from Test Object's properties

2021-11-19 17:14:46 - [MESSAGE][INFO] - Checking timeout

2021-11-19 17:14:46 - [MESSAGE][INFO] - Finding web element with id: 'Object Repository/Olusturma/Genel/Not/Notlar' located by 'By.xpath: //*[@id = 'txtNote_I']' in '30' second(s)

2021-11-19 17:14:46 - [MESSAGE][INFO] - Smart Wait Function is triggered

2021-11-19 17:14:46 - [MESSAGE][INFO] - Found 1 web elements with id: 'Object Repository/Olusturma/Genel/Not/Notlar' located by 'By.xpath: //*[@id = 'txtNote_I']' in '30' second(s)

2021-11-19 17:14:46 - [MESSAGE][INFO] - Clicking on object: 'Object Repository/Olusturma/Genel/Not/Notlar'

2021-11-19 17:14:46 - [MESSAGE][PASSED] - Object: 'Object Repository/Olusturma/Genel/Not/Notlar' is clicked on

2021-11-19 17:14:46 - [TEST_STEP][PASSED] - while (true): null

2021-11-19 17:14:46 - [TEST_STEP][PASSED] - delay(1): Delayed 1 second(s)

2021-11-19 17:14:46 - [MESSAGE][INFO] - Delaying browser in 1 second(s)

2021-11-19 17:14:47 - [MESSAGE][PASSED] - Delayed 1 second(s)

2021-11-19 17:14:47 - [TEST_STEP][PASSED] - ajaxIsComplete = executeJavaScript("return jQuery.active == 0", null): Execute JavaScript 'return jQuery.active == 0' successfully

2021-11-19 17:14:47 - [MESSAGE][PASSED] - Execute JavaScript 'return jQuery.active == 0' successfully

2021-11-19 17:14:47 - [TEST_STEP][PASSED] - if (ajaxIsComplete): null

2021-11-19 17:14:47 - [TEST_STEP][PASSED] - break: null

2021-11-19 17:14:47 - [TEST_STEP][PASSED] - waitForElementClickable(findTestObject("Object Repository/Olusturma/Genel/Buton"), 10): Object 'Object Repository/Olusturma/Genel/Buton' is clickable

2021-11-19 17:14:47 - [MESSAGE][INFO] - Finding Test Object 'Object Repository/Olusturma/Genel/Buton'

2021-11-19 17:14:47 - [MESSAGE][INFO] - Checking object

2021-11-19 17:14:47 - [MESSAGE][INFO] - Checking timeout

2021-11-19 17:14:47 - [MESSAGE][INFO] - Finding web element from Test Object's properties

2021-11-19 17:14:47 - [MESSAGE][INFO] - Checking timeout

2021-11-19 17:14:47 - [MESSAGE][INFO] - Finding web element with id: 'Object Repository/Olusturma/Genel/Buton' located by 'By.xpath: //*[@id = 'btnKaydet']' in '10' second(s)

2021-11-19 17:14:47 - [MESSAGE][INFO] - Smart Wait Function is triggered

2021-11-19 17:14:48 - [MESSAGE][INFO] - Found 1 web elements with id: 'Object Repository/Olusturma/Genel/Buton' located by 'By.xpath: //*[@id = 'btnKaydet']' in '10' second(s)

2021-11-19 17:14:48 - [MESSAGE][PASSED] - Object 'Object Repository/Olusturma/Genel/Buton' is clickable

2021-11-19 17:14:48 - [TEST_STEP][PASSED] - click(findTestObject("Object Repository/Olusturma/Genel/Buton")): Object: 'Object Repository/Olusturma/Genel/Buton' is clicked on

2021-11-19 17:14:48 - [MESSAGE][INFO] - Finding Test Object 'Object Repository/Olusturma/Genel/Buton'

2021-11-19 17:14:48 - [MESSAGE][INFO] - Checking object

2021-11-19 17:14:48 - [MESSAGE][INFO] - Finding web element from Test Object's properties

2021-11-19 17:14:48 - [MESSAGE][INFO] - Checking timeout

2021-11-19 17:14:48 - [MESSAGE][INFO] - Finding web element with id: 'Object Repository/Olusturma/Genel/Buton' located by 'By.xpath: //*[@id = 'btnKaydet']' in '30' second(s)

2021-11-19 17:14:48 - [MESSAGE][INFO] - Smart Wait Function is triggered

2021-11-19 17:14:48 - [MESSAGE][INFO] - Found 1 web elements with id: 'Object Repository/Olusturma/Genel/Buton' located by 'By.xpath: //*[@id = 'btnKaydet']' in '30' second(s)

2021-11-19 17:14:48 - [MESSAGE][INFO] - Clicking on object: 'Object Repository/Olusturma/Genel/Buton'

2021-11-19 17:14:51 - [MESSAGE][PASSED] - Object: 'Object Repository/Olusturma/Genel/Buton' is clicked on

2021-11-19 17:14:51 - [MESSAGE][PASSED] - Call Test Case 'Test Cases/Olusturma/Genel/KaydetButonunaTiklanir' successfully

2021-11-19 17:14:51 - [MESSAGE][INFO] - Checking called Test Case

2021-11-19 17:14:51 - [MESSAGE][INFO] - Starting to call Test Case 'Test Cases/Tablo/TablodaEttnliVeriOlusturulduMu'

2021-11-19 17:14:51 - [TEST_CASE][PASSED] - Test Cases/Tablo/TablodaEttnliVeriOlusturulduMu: Test Cases/Tablo/TablodaEttnliVeriOlusturulduMu

2021-11-19 17:14:51 - [TEST_STEP][PASSED] - Method.TextDegerineEsitElementVarMi(findTestObject("Tablo/OlusturulanVeri"), ettn): Method.TextDegerineEsitElementVarMi is PASSED

2021-11-19 17:14:51 - [MESSAGE][INFO] - Finding Test Object 'Object Repository/Tablo/OlusturulanVeri'

2021-11-19 17:14:51 - [MESSAGE][INFO] - Checking timeout

2021-11-19 17:14:51 - [MESSAGE][INFO] - Finding web element with id: 'Object Repository/Tablo/OlusturulanVeri' located by 'By.cssSelector: table.dxgvTable_LECustomTheme>tbody>tr:nth-child(3)>td.dxgv b,table.dxgvTable_LECustomTheme>tbody>tr:nth-child(3)>td.dxgv' in '10' second(s)

2021-11-19 17:14:51 - [MESSAGE][INFO] - Smart Wait Function is triggered

2021-11-19 17:14:52 - [MESSAGE][INFO] - Found 14 web elements with id: 'Object Repository/Tablo/OlusturulanVeri' located by 'By.cssSelector: table.dxgvTable_LECustomTheme>tbody>tr:nth-child(3)>td.dxgv b,table.dxgvTable_LECustomTheme>tbody>tr:nth-child(3)>td.dxgv' in '10' second(s)

2021-11-19 17:14:52 - [MESSAGE][PASSED] - Method.TextDegerineEsitElementVarMi is PASSED

2021-11-19 17:14:52 - [MESSAGE][PASSED] - Call Test Case 'Test Cases/Tablo/TablodaEttnliVeriOlusturulduMu' successfully

2021-11-19 17:14:52 - [MESSAGE][INFO] - Checking called Test Case

2021-11-19 17:14:52 - [MESSAGE][INFO] - Starting to call Test Case 'Test Cases/Tablo/TablodanEttnliVeriSec'

2021-11-19 17:14:52 - [TEST_CASE][PASSED] - Test Cases/Tablo/TablodanEttnliVeriSec: Test Cases/Tablo/TablodanEttnliVeriSec

2021-11-19 17:14:52 - [TEST_STEP][PASSED] - Method.TextDegerineEsitElementinAltindakineTikla(findTestObject("Tablo/Veriler"), findTestObject("Tablo/VerininCheckBoxi"), ettn): Method.TextDegerineEsitElementinAltindakineTikla is PASSED

2021-11-19 17:14:52 - [MESSAGE][INFO] - Finding Test Object 'Object Repository/Tablo/Veriler'

2021-11-19 17:14:52 - [MESSAGE][INFO] - Finding Test Object 'Object Repository/Tablo/VerininCheckBoxi'

2021-11-19 17:14:52 - [MESSAGE][INFO] - Checking timeout

2021-11-19 17:14:52 - [MESSAGE][INFO] - Finding web element with id: 'Object Repository/Tablo/Veriler' located by 'By.cssSelector: td.dxgv b ,td.dxgv' in '10' second(s)

2021-11-19 17:14:52 - [MESSAGE][INFO] - Smart Wait Function is triggered

2021-11-19 17:14:52 - [MESSAGE][INFO] - Found 84 web elements with id: 'Object Repository/Tablo/Veriler' located by 'By.cssSelector: td.dxgv b ,td.dxgv' in '10' second(s)

2021-11-19 17:14:53 - [MESSAGE][INFO] - Smart Wait Function is triggered

2021-11-19 17:14:53 - [MESSAGE][PASSED] - Method.TextDegerineEsitElementinAltindakineTikla is PASSED

2021-11-19 17:14:53 - [MESSAGE][PASSED] - Call Test Case 'Test Cases/Tablo/TablodanEttnliVeriSec' successfully

2021-11-19 17:14:53 - [MESSAGE][INFO] - Checking called Test Case

2021-11-19 17:14:53 - [MESSAGE][INFO] - Starting to call Test Case 'Test Cases/Butonlar/ButonaTikla'

2021-11-19 17:14:53 - [TEST_CASE][PASSED] - Test Cases/Butonlar/ButonaTikla: Test Cases/Butonlar/ButonaTikla

2021-11-19 17:14:53 - [TEST_STEP][PASSED] - Method.TextDegerineEsitElementeTiklaEquals(findTestObject("Butonlar/Butonlar"), Buton_Adi): Method.TextDegerineEsitElementeTiklaEquals is PASSED

2021-11-19 17:14:53 - [MESSAGE][INFO] - Finding Test Object 'Object Repository/Butonlar/Butonlar'

2021-11-19 17:14:53 - [MESSAGE][INFO] - Checking timeout

2021-11-19 17:14:53 - [MESSAGE][INFO] - Finding web element with id: 'Object Repository/Butonlar/Butonlar' located by 'By.cssSelector: .panel.panel-default.text-center.footerPanel .btn,.btn.btn-primary.btnControls' in '10' second(s)

2021-11-19 17:14:53 - [MESSAGE][INFO] - Smart Wait Function is triggered

2021-11-19 17:14:53 - [MESSAGE][INFO] - Found 9 web elements with id: 'Object Repository/Butonlar/Butonlar' located by 'By.cssSelector: .panel.panel-default.text-center.footerPanel .btn,.btn.btn-primary.btnControls' in '10' second(s)

2021-11-19 17:14:54 - [MESSAGE][PASSED] - Method.TextDegerineEsitElementeTiklaEquals is PASSED

2021-11-19 17:14:54 - [MESSAGE][PASSED] - Call Test Case 'Test Cases/Butonlar/ButonaTikla' successfully

2021-11-19 17:14:54 - [MESSAGE][INFO] - Checking called Test Case

2021-11-19 17:14:54 - [MESSAGE][INFO] - Starting to call Test Case 'Test Cases/Popup/PopupMesajiIceriyorMu'

2021-11-19 17:14:54 - [TEST_CASE][PASSED] - Test Cases/Popup/PopupMesajiIceriyorMu: Test Cases/Popup/PopupMesajiIceriyorMu

2021-11-19 17:14:54 - [TEST_STEP][PASSED] - waitForElementVisible(findTestObject("Popup/Popup"), 10): Object 'Object Repository/Popup/Popup' is visible

2021-11-19 17:14:54 - [MESSAGE][INFO] - Finding Test Object 'Object Repository/Popup/Popup'

2021-11-19 17:14:54 - [MESSAGE][INFO] - Checking object

2021-11-19 17:14:54 - [MESSAGE][INFO] - Checking timeout

2021-11-19 17:14:54 - [MESSAGE][INFO] - Finding web element from Test Object's properties

2021-11-19 17:14:54 - [MESSAGE][INFO] - Checking timeout

2021-11-19 17:14:54 - [MESSAGE][INFO] - Finding web element with id: 'Object Repository/Popup/Popup' located by 'By.cssSelector: .bootbox-body' in '10' second(s)

2021-11-19 17:14:54 - [MESSAGE][INFO] - Smart Wait Function is triggered

2021-11-19 17:14:55 - [MESSAGE][INFO] - Found 1 web elements with id: 'Object Repository/Popup/Popup' located by 'By.cssSelector: .bootbox-body' in '10' second(s)

2021-11-19 17:14:55 - [MESSAGE][PASSED] - Object 'Object Repository/Popup/Popup' is visible

2021-11-19 17:14:55 - [TEST_STEP][PASSED] - if (!(getText(findTestObject("Popup/Popup")).contains(Mesaj))): Text of object 'Object Repository/Popup/Popup' is: 'Oluşturulacak fatura numarası : EAR2021000000485 Fatura numarası oluşturulduktan sonra fatura silinemez. Fatura numarası, tarihi ve ön eki değiştirilemez. Devam etmek istiyor musunuz?'

2021-11-19 17:14:55 - [MESSAGE][INFO] - Finding Test Object 'Object Repository/Popup/Popup'

2021-11-19 17:14:55 - [MESSAGE][INFO] - Checking object

2021-11-19 17:14:55 - [MESSAGE][INFO] - Finding web element from Test Object's properties

2021-11-19 17:14:55 - [MESSAGE][INFO] - Checking timeout

2021-11-19 17:14:55 - [MESSAGE][INFO] - Finding web element with id: 'Object Repository/Popup/Popup' located by 'By.cssSelector: .bootbox-body' in '30' second(s)

2021-11-19 17:14:55 - [MESSAGE][INFO] - Smart Wait Function is triggered

2021-11-19 17:14:55 - [MESSAGE][INFO] - Found 1 web elements with id: 'Object Repository/Popup/Popup' located by 'By.cssSelector: .bootbox-body' in '30' second(s)

2021-11-19 17:14:55 - [MESSAGE][INFO] - Getting text of object 'Object Repository/Popup/Popup'

2021-11-19 17:14:55 - [MESSAGE][PASSED] - Text of object 'Object Repository/Popup/Popup' is: 'Oluşturulacak fatura numarası : EAR2021000000485 Fatura numarası oluşturulduktan sonra fatura silinemez. Fatura numarası, tarihi ve ön eki değiştirilemez. Devam etmek istiyor musunuz?'

2021-11-19 17:14:55 - [TEST_STEP][PASSED] - RaporNo = getText(findTestObject("Popup/Popup")).substring(0, 6): Text of object 'Object Repository/Popup/Popup' is: 'Oluşturulacak fatura numarası : EAR2021000000485 Fatura numarası oluşturulduktan sonra fatura silinemez. Fatura numarası, tarihi ve ön eki değiştirilemez. Devam etmek istiyor musunuz?'

2021-11-19 17:14:55 - [MESSAGE][INFO] - Finding Test Object 'Object Repository/Popup/Popup'

2021-11-19 17:14:55 - [MESSAGE][INFO] - Checking object

2021-11-19 17:14:55 - [MESSAGE][INFO] - Finding web element from Test Object's properties

2021-11-19 17:14:55 - [MESSAGE][INFO] - Checking timeout

2021-11-19 17:14:55 - [MESSAGE][INFO] - Finding web element with id: 'Object Repository/Popup/Popup' located by 'By.cssSelector: .bootbox-body' in '30' second(s)

2021-11-19 17:14:55 - [MESSAGE][INFO] - Smart Wait Function is triggered

2021-11-19 17:14:55 - [MESSAGE][INFO] - Found 1 web elements with id: 'Object Repository/Popup/Popup' located by 'By.cssSelector: .bootbox-body' in '30' second(s)

2021-11-19 17:14:55 - [MESSAGE][INFO] - Getting text of object 'Object Repository/Popup/Popup'

2021-11-19 17:14:55 - [MESSAGE][PASSED] - Text of object 'Object Repository/Popup/Popup' is: 'Oluşturulacak fatura numarası : EAR2021000000485 Fatura numarası oluşturulduktan sonra fatura silinemez. Fatura numarası, tarihi ve ön eki değiştirilemez. Devam etmek istiyor musunuz?'

2021-11-19 17:14:55 - [TEST_STEP][PASSED] - Console.println(RaporNo): null

2021-11-19 17:14:55 - [MESSAGE][PASSED] - Call Test Case 'Test Cases/Popup/PopupMesajiIceriyorMu' successfully

2021-11-19 17:14:55 - [MESSAGE][INFO] - Checking called Test Case

2021-11-19 17:14:55 - [MESSAGE][INFO] - Starting to call Test Case 'Test Cases/Popup/PopupButonSecilir'

2021-11-19 17:14:55 - [TEST_CASE][PASSED] - Test Cases/Popup/PopupButonSecilir: Test Cases/Popup/PopupButonSecilir

2021-11-19 17:14:55 - [TEST_STEP][PASSED] - Method.TextDegerineEsitElementeTikla(findTestObject("Popup/Popup_Butons"), Buton): Method.TextDegerineEsitElementeTikla is PASSED

2021-11-19 17:14:55 - [MESSAGE][INFO] - Finding Test Object 'Object Repository/Popup/Popup_Butons'

2021-11-19 17:14:56 - [MESSAGE][INFO] - Checking timeout

2021-11-19 17:14:56 - [MESSAGE][INFO] - Finding web element with id: 'Object Repository/Popup/Popup_Butons' located by 'By.cssSelector: .modal-footer>button' in '10' second(s)

2021-11-19 17:14:56 - [MESSAGE][INFO] - Smart Wait Function is triggered

2021-11-19 17:14:56 - [MESSAGE][INFO] - Found 2 web elements with id: 'Object Repository/Popup/Popup_Butons' located by 'By.cssSelector: .modal-footer>button' in '10' second(s)

2021-11-19 17:14:56 - [MESSAGE][PASSED] - Method.TextDegerineEsitElementeTikla is PASSED

2021-11-19 17:14:56 - [MESSAGE][PASSED] - Call Test Case 'Test Cases/Popup/PopupButonSecilir' successfully

2021-11-19 17:14:56 - [MESSAGE][INFO] - Checking called Test Case

2021-11-19 17:14:56 - [MESSAGE][INFO] - Starting to call Test Case 'Test Cases/Popup/PopupMesajiIceriyorMu'

2021-11-19 17:14:56 - [TEST_CASE][PASSED] - Test Cases/Popup/PopupMesajiIceriyorMu: Test Cases/Popup/PopupMesajiIceriyorMu

2021-11-19 17:14:56 - [TEST_STEP][PASSED] - waitForElementVisible(findTestObject("Popup/Popup"), 10): Object 'Object Repository/Popup/Popup' is visible

2021-11-19 17:14:56 - [MESSAGE][INFO] - Finding Test Object 'Object Repository/Popup/Popup'

2021-11-19 17:14:57 - [MESSAGE][INFO] - Checking object

2021-11-19 17:14:57 - [MESSAGE][INFO] - Checking timeout

2021-11-19 17:14:57 - [MESSAGE][INFO] - Finding web element from Test Object's properties

2021-11-19 17:14:57 - [MESSAGE][INFO] - Checking timeout

2021-11-19 17:14:57 - [MESSAGE][INFO] - Finding web element with id: 'Object Repository/Popup/Popup' located by 'By.cssSelector: .bootbox-body' in '10' second(s)

2021-11-19 17:14:57 - [MESSAGE][INFO] - Smart Wait Function is triggered

2021-11-19 17:14:57 - [MESSAGE][INFO] - Found 1 web elements with id: 'Object Repository/Popup/Popup' located by 'By.cssSelector: .bootbox-body' in '10' second(s)

2021-11-19 17:14:57 - [MESSAGE][PASSED] - Object 'Object Repository/Popup/Popup' is visible

2021-11-19 17:14:57 - [TEST_STEP][PASSED] - if (!(getText(findTestObject("Popup/Popup")).contains(Mesaj))): Text of object 'Object Repository/Popup/Popup' is: 'Fatura numaranız EAR2021000000485 olarak oluşmuştur.'

2021-11-19 17:14:57 - [MESSAGE][INFO] - Finding Test Object 'Object Repository/Popup/Popup'

2021-11-19 17:14:57 - [MESSAGE][INFO] - Checking object

2021-11-19 17:14:57 - [MESSAGE][INFO] - Finding web element from Test Object's properties

2021-11-19 17:14:57 - [MESSAGE][INFO] - Checking timeout

2021-11-19 17:14:57 - [MESSAGE][INFO] - Finding web element with id: 'Object Repository/Popup/Popup' located by 'By.cssSelector: .bootbox-body' in '30' second(s)

2021-11-19 17:14:57 - [MESSAGE][INFO] - Smart Wait Function is triggered

2021-11-19 17:14:58 - [MESSAGE][INFO] - Found 1 web elements with id: 'Object Repository/Popup/Popup' located by 'By.cssSelector: .bootbox-body' in '30' second(s)

2021-11-19 17:14:58 - [MESSAGE][INFO] - Getting text of object 'Object Repository/Popup/Popup'

2021-11-19 17:14:58 - [MESSAGE][PASSED] - Text of object 'Object Repository/Popup/Popup' is: 'Fatura numaranız EAR2021000000485 olarak oluşmuştur.'

2021-11-19 17:14:58 - [TEST_STEP][PASSED] - RaporNo = getText(findTestObject("Popup/Popup")).substring(0, 6): Text of object 'Object Repository/Popup/Popup' is: 'Fatura numaranız EAR2021000000485 olarak oluşmuştur.'

2021-11-19 17:14:58 - [MESSAGE][INFO] - Finding Test Object 'Object Repository/Popup/Popup'

2021-11-19 17:14:58 - [MESSAGE][INFO] - Checking object

2021-11-19 17:14:58 - [MESSAGE][INFO] - Finding web element from Test Object's properties

2021-11-19 17:14:58 - [MESSAGE][INFO] - Checking timeout

2021-11-19 17:14:58 - [MESSAGE][INFO] - Finding web element with id: 'Object Repository/Popup/Popup' located by 'By.cssSelector: .bootbox-body' in '30' second(s)

2021-11-19 17:14:58 - [MESSAGE][INFO] - Smart Wait Function is triggered

2021-11-19 17:14:58 - [MESSAGE][INFO] - Found 1 web elements with id: 'Object Repository/Popup/Popup' located by 'By.cssSelector: .bootbox-body' in '30' second(s)

2021-11-19 17:14:58 - [MESSAGE][INFO] - Getting text of object 'Object Repository/Popup/Popup'

2021-11-19 17:14:58 - [MESSAGE][PASSED] - Text of object 'Object Repository/Popup/Popup' is: 'Fatura numaranız EAR2021000000485 olarak oluşmuştur.'

2021-11-19 17:14:58 - [TEST_STEP][PASSED] - Console.println(RaporNo): null

2021-11-19 17:14:58 - [MESSAGE][PASSED] - Call Test Case 'Test Cases/Popup/PopupMesajiIceriyorMu' successfully

2021-11-19 17:14:58 - [MESSAGE][INFO] - Checking called Test Case

2021-11-19 17:14:58 - [MESSAGE][INFO] - Starting to call Test Case 'Test Cases/Popup/PopupButonSecilir'

2021-11-19 17:14:58 - [TEST_CASE][PASSED] - Test Cases/Popup/PopupButonSecilir: Test Cases/Popup/PopupButonSecilir

2021-11-19 17:14:58 - [TEST_STEP][PASSED] - Method.TextDegerineEsitElementeTikla(findTestObject("Popup/Popup_Butons"), Buton): Method.TextDegerineEsitElementeTikla is PASSED

2021-11-19 17:14:58 - [MESSAGE][INFO] - Finding Test Object 'Object Repository/Popup/Popup_Butons'

2021-11-19 17:14:58 - [MESSAGE][INFO] - Checking timeout

2021-11-19 17:14:58 - [MESSAGE][INFO] - Finding web element with id: 'Object Repository/Popup/Popup_Butons' located by 'By.cssSelector: .modal-footer>button' in '10' second(s)

2021-11-19 17:14:58 - [MESSAGE][INFO] - Smart Wait Function is triggered

2021-11-19 17:14:58 - [MESSAGE][INFO] - Found 1 web elements with id: 'Object Repository/Popup/Popup_Butons' located by 'By.cssSelector: .modal-footer>button' in '10' second(s)

2021-11-19 17:14:58 - [MESSAGE][PASSED] - Method.TextDegerineEsitElementeTikla is PASSED

2021-11-19 17:14:58 - [MESSAGE][PASSED] - Call Test Case 'Test Cases/Popup/PopupButonSecilir' successfully

2021-11-19 17:14:58 - [MESSAGE][INFO] - Checking called Test Case

2021-11-19 17:14:58 - [MESSAGE][INFO] - Starting to call Test Case 'Test Cases/Tablo/TablodanEttnliVeriSec'

2021-11-19 17:14:59 - [TEST_CASE][PASSED] - Test Cases/Tablo/TablodanEttnliVeriSec: Test Cases/Tablo/TablodanEttnliVeriSec

2021-11-19 17:14:59 - [TEST_STEP][PASSED] - Method.TextDegerineEsitElementinAltindakineTikla(findTestObject("Tablo/Veriler"), findTestObject("Tablo/VerininCheckBoxi"), ettn): Method.TextDegerineEsitElementinAltindakineTikla is PASSED

2021-11-19 17:14:59 - [MESSAGE][INFO] - Finding Test Object 'Object Repository/Tablo/Veriler'

2021-11-19 17:14:59 - [MESSAGE][INFO] - Finding Test Object 'Object Repository/Tablo/VerininCheckBoxi'

2021-11-19 17:14:59 - [MESSAGE][INFO] - Checking timeout

2021-11-19 17:14:59 - [MESSAGE][INFO] - Finding web element with id: 'Object Repository/Tablo/Veriler' located by 'By.cssSelector: td.dxgv b ,td.dxgv' in '10' second(s)

2021-11-19 17:14:59 - [MESSAGE][INFO] - Smart Wait Function is triggered

2021-11-19 17:14:59 - [MESSAGE][INFO] - Found 84 web elements with id: 'Object Repository/Tablo/Veriler' located by 'By.cssSelector: td.dxgv b ,td.dxgv' in '10' second(s)

2021-11-19 17:14:59 - [MESSAGE][INFO] - Smart Wait Function is triggered

2021-11-19 17:15:00 - [MESSAGE][PASSED] - Method.TextDegerineEsitElementinAltindakineTikla is PASSED

2021-11-19 17:15:00 - [MESSAGE][PASSED] - Call Test Case 'Test Cases/Tablo/TablodanEttnliVeriSec' successfully

2021-11-19 17:15:00 - [MESSAGE][INFO] - Checking called Test Case

2021-11-19 17:15:00 - [MESSAGE][INFO] - Starting to call Test Case 'Test Cases/Butonlar/ButonaTikla'

2021-11-19 17:15:00 - [TEST_CASE][PASSED] - Test Cases/Butonlar/ButonaTikla: Test Cases/Butonlar/ButonaTikla

2021-11-19 17:15:00 - [TEST_STEP][PASSED] - Method.TextDegerineEsitElementeTiklaEquals(findTestObject("Butonlar/Butonlar"), Buton_Adi): Method.TextDegerineEsitElementeTiklaEquals is PASSED

2021-11-19 17:15:00 - [MESSAGE][INFO] - Finding Test Object 'Object Repository/Butonlar/Butonlar'

2021-11-19 17:15:00 - [MESSAGE][INFO] - Checking timeout

2021-11-19 17:15:00 - [MESSAGE][INFO] - Finding web element with id: 'Object Repository/Butonlar/Butonlar' located by 'By.cssSelector: .panel.panel-default.text-center.footerPanel .btn,.btn.btn-primary.btnControls' in '10' second(s)

2021-11-19 17:15:00 - [MESSAGE][INFO] - Smart Wait Function is triggered

2021-11-19 17:15:00 - [MESSAGE][INFO] - Found 9 web elements with id: 'Object Repository/Butonlar/Butonlar' located by 'By.cssSelector: .panel.panel-default.text-center.footerPanel .btn,.btn.btn-primary.btnControls' in '10' second(s)

2021-11-19 17:15:01 - [MESSAGE][PASSED] - Method.TextDegerineEsitElementeTiklaEquals is PASSED

2021-11-19 17:15:01 - [MESSAGE][PASSED] - Call Test Case 'Test Cases/Butonlar/ButonaTikla' successfully

2021-11-19 17:15:01 - [MESSAGE][INFO] - Checking called Test Case

2021-11-19 17:15:01 - [MESSAGE][INFO] - Starting to call Test Case 'Test Cases/Popup/PopupMesajiIceriyorMu'

2021-11-19 17:15:01 - [TEST_CASE][PASSED] - Test Cases/Popup/PopupMesajiIceriyorMu: Test Cases/Popup/PopupMesajiIceriyorMu

2021-11-19 17:15:01 - [TEST_STEP][PASSED] - waitForElementVisible(findTestObject("Popup/Popup"), 10): Object 'Object Repository/Popup/Popup' is visible

2021-11-19 17:15:01 - [MESSAGE][INFO] - Finding Test Object 'Object Repository/Popup/Popup'

2021-11-19 17:15:01 - [MESSAGE][INFO] - Checking object

2021-11-19 17:15:01 - [MESSAGE][INFO] - Checking timeout

2021-11-19 17:15:01 - [MESSAGE][INFO] - Finding web element from Test Object's properties

2021-11-19 17:15:01 - [MESSAGE][INFO] - Checking timeout

2021-11-19 17:15:01 - [MESSAGE][INFO] - Finding web element with id: 'Object Repository/Popup/Popup' located by 'By.cssSelector: .bootbox-body' in '10' second(s)

2021-11-19 17:15:01 - [MESSAGE][INFO] - Smart Wait Function is triggered

2021-11-19 17:15:01 - [MESSAGE][INFO] - Found 1 web elements with id: 'Object Repository/Popup/Popup' located by 'By.cssSelector: .bootbox-body' in '10' second(s)

2021-11-19 17:15:01 - [MESSAGE][PASSED] - Object 'Object Repository/Popup/Popup' is visible

2021-11-19 17:15:01 - [TEST_STEP][PASSED] - if (!(getText(findTestObject("Popup/Popup")).contains(Mesaj))): Text of object 'Object Repository/Popup/Popup' is: 'EAR serisi için onaylanmamış belge(leri)niz bulunmaktadır.
Devam etmek istiyor musunuz?'

2021-11-19 17:15:01 - [MESSAGE][INFO] - Finding Test Object 'Object Repository/Popup/Popup'

2021-11-19 17:15:01 - [MESSAGE][INFO] - Checking object

2021-11-19 17:15:01 - [MESSAGE][INFO] - Finding web element from Test Object's properties

2021-11-19 17:15:01 - [MESSAGE][INFO] - Checking timeout

2021-11-19 17:15:01 - [MESSAGE][INFO] - Finding web element with id: 'Object Repository/Popup/Popup' located by 'By.cssSelector: .bootbox-body' in '30' second(s)

2021-11-19 17:15:01 - [MESSAGE][INFO] - Smart Wait Function is triggered

2021-11-19 17:15:02 - [MESSAGE][INFO] - Found 1 web elements with id: 'Object Repository/Popup/Popup' located by 'By.cssSelector: .bootbox-body' in '30' second(s)

2021-11-19 17:15:02 - [MESSAGE][INFO] - Getting text of object 'Object Repository/Popup/Popup'

2021-11-19 17:15:02 - [MESSAGE][PASSED] - Text of object 'Object Repository/Popup/Popup' is: 'EAR serisi için onaylanmamış belge(leri)niz bulunmaktadır.
Devam etmek istiyor musunuz?'

2021-11-19 17:15:02 - [TEST_STEP][PASSED] - RaporNo = getText(findTestObject("Popup/Popup")).substring(0, 6): Text of object 'Object Repository/Popup/Popup' is: 'EAR serisi için onaylanmamış belge(leri)niz bulunmaktadır.
Devam etmek istiyor musunuz?'

2021-11-19 17:15:02 - [MESSAGE][INFO] - Finding Test Object 'Object Repository/Popup/Popup'

2021-11-19 17:15:02 - [MESSAGE][INFO] - Checking object

2021-11-19 17:15:02 - [MESSAGE][INFO] - Finding web element from Test Object's properties

2021-11-19 17:15:02 - [MESSAGE][INFO] - Checking timeout

2021-11-19 17:15:02 - [MESSAGE][INFO] - Finding web element with id: 'Object Repository/Popup/Popup' located by 'By.cssSelector: .bootbox-body' in '30' second(s)

2021-11-19 17:15:02 - [MESSAGE][INFO] - Smart Wait Function is triggered

2021-11-19 17:15:02 - [MESSAGE][INFO] - Found 1 web elements with id: 'Object Repository/Popup/Popup' located by 'By.cssSelector: .bootbox-body' in '30' second(s)

2021-11-19 17:15:02 - [MESSAGE][INFO] - Getting text of object 'Object Repository/Popup/Popup'

2021-11-19 17:15:02 - [MESSAGE][PASSED] - Text of object 'Object Repository/Popup/Popup' is: 'EAR serisi için onaylanmamış belge(leri)niz bulunmaktadır.
Devam etmek istiyor musunuz?'

2021-11-19 17:15:02 - [TEST_STEP][PASSED] - Console.println(RaporNo): null

2021-11-19 17:15:02 - [MESSAGE][PASSED] - Call Test Case 'Test Cases/Popup/PopupMesajiIceriyorMu' successfully

2021-11-19 17:15:02 - [MESSAGE][INFO] - Checking called Test Case

2021-11-19 17:15:02 - [MESSAGE][INFO] - Starting to call Test Case 'Test Cases/Popup/PopupButonSecilir'

2021-11-19 17:15:02 - [TEST_CASE][PASSED] - Test Cases/Popup/PopupButonSecilir: Test Cases/Popup/PopupButonSecilir

2021-11-19 17:15:02 - [TEST_STEP][PASSED] - Method.TextDegerineEsitElementeTikla(findTestObject("Popup/Popup_Butons"), Buton): Method.TextDegerineEsitElementeTikla is PASSED

2021-11-19 17:15:02 - [MESSAGE][INFO] - Finding Test Object 'Object Repository/Popup/Popup_Butons'

2021-11-19 17:15:02 - [MESSAGE][INFO] - Checking timeout

2021-11-19 17:15:02 - [MESSAGE][INFO] - Finding web element with id: 'Object Repository/Popup/Popup_Butons' located by 'By.cssSelector: .modal-footer>button' in '10' second(s)

2021-11-19 17:15:02 - [MESSAGE][INFO] - Smart Wait Function is triggered

2021-11-19 17:15:02 - [MESSAGE][INFO] - Found 2 web elements with id: 'Object Repository/Popup/Popup_Butons' located by 'By.cssSelector: .modal-footer>button' in '10' second(s)

2021-11-19 17:15:02 - [MESSAGE][PASSED] - Method.TextDegerineEsitElementeTikla is PASSED

2021-11-19 17:15:03 - [MESSAGE][PASSED] - Call Test Case 'Test Cases/Popup/PopupButonSecilir' successfully

2021-11-19 17:15:03 - [MESSAGE][INFO] - Checking called Test Case

2021-11-19 17:15:03 - [MESSAGE][INFO] - Starting to call Test Case 'Test Cases/Menu/AnaMenuSecimi'

2021-11-19 17:15:03 - [TEST_CASE][PASSED] - Test Cases/Menu/AnaMenuSecimi: Test Cases/Menu/AnaMenuSecimi

2021-11-19 17:15:03 - [TEST_STEP][PASSED] - Method.TextDegerineEsitElementeTikla(findTestObject("Menu/Ana_Menu"), Ana_Menu): Method.TextDegerineEsitElementeTikla is PASSED

2021-11-19 17:15:03 - [MESSAGE][INFO] - Finding Test Object 'Object Repository/Menu/Ana_Menu'

2021-11-19 17:15:03 - [MESSAGE][INFO] - Checking timeout

2021-11-19 17:15:03 - [MESSAGE][INFO] - Finding web element with id: 'Object Repository/Menu/Ana_Menu' located by 'By.xpath: //*[@class = 'dropdown-toggle']' in '10' second(s)

2021-11-19 17:15:03 - [MESSAGE][INFO] - Smart Wait Function is triggered

2021-11-19 17:15:03 - [MESSAGE][INFO] - Found 14 web elements with id: 'Object Repository/Menu/Ana_Menu' located by 'By.xpath: //*[@class = 'dropdown-toggle']' in '10' second(s)

2021-11-19 17:15:04 - [MESSAGE][PASSED] - Method.TextDegerineEsitElementeTikla is PASSED

2021-11-19 17:15:04 - [MESSAGE][PASSED] - Call Test Case 'Test Cases/Menu/AnaMenuSecimi' successfully

2021-11-19 17:15:04 - [MESSAGE][INFO] - Checking called Test Case

2021-11-19 17:15:04 - [MESSAGE][INFO] - Starting to call Test Case 'Test Cases/Menu/BasligaGoreAltMenuSecimi'

2021-11-19 17:15:04 - [TEST_CASE][PASSED] - Test Cases/Menu/BasligaGoreAltMenuSecimi: Test Cases/Menu/BasligaGoreAltMenuSecimi

2021-11-19 17:15:04 - [TEST_STEP][PASSED] - Method.TextDegerineEsitElementinAltindakiTextDegerineEsitOlanaTikla(findTestObject("Menu/Menu_Basligi"), findTestObject("Menu/Basliga_Gore_Alt_Menu"), Baslik, Alt_Menu): Method.TextDegerineEsitElementinAltindakiTextDegerineEsitOlanaTikla is PASSED

2021-11-19 17:15:04 - [MESSAGE][INFO] - Finding Test Object 'Object Repository/Menu/Menu_Basligi'

2021-11-19 17:15:04 - [MESSAGE][INFO] - Finding Test Object 'Object Repository/Menu/Basliga_Gore_Alt_Menu'

2021-11-19 17:15:04 - [MESSAGE][INFO] - Checking timeout

2021-11-19 17:15:04 - [MESSAGE][INFO] - Finding web element with id: 'Object Repository/Menu/Menu_Basligi' located by 'By.xpath: //li[@class='dropdown dropdown-large open']//li[@class='dropdown-header']' in '10' second(s)

2021-11-19 17:15:04 - [MESSAGE][INFO] - Smart Wait Function is triggered

2021-11-19 17:15:04 - [MESSAGE][INFO] - Found 2 web elements with id: 'Object Repository/Menu/Menu_Basligi' located by 'By.xpath: //li[@class='dropdown dropdown-large open']//li[@class='dropdown-header']' in '10' second(s)

2021-11-19 17:15:04 - [MESSAGE][INFO] - Smart Wait Function is triggered

2021-11-19 17:15:05 - [MESSAGE][PASSED] - Method.TextDegerineEsitElementinAltindakiTextDegerineEsitOlanaTikla is PASSED

2021-11-19 17:15:05 - [MESSAGE][PASSED] - Call Test Case 'Test Cases/Menu/BasligaGoreAltMenuSecimi' successfully

2021-11-19 17:15:05 - [MESSAGE][INFO] - Checking called Test Case

2021-11-19 17:15:05 - [MESSAGE][INFO] - Starting to call Test Case 'Test Cases/Filtreler/EttnYaz'

2021-11-19 17:15:06 - [TEST_CASE][PASSED] - Test Cases/Filtreler/EttnYaz: Test Cases/Filtreler/EttnYaz

2021-11-19 17:15:06 - [TEST_STEP][PASSED] - Method.TextDegerineEsitElementinAltindakiTextboxtaYaz(findTestObject("Filtreler/Basliklar"), findTestObject("Filtreler/Basliga_Gore_Textbox"), "ETTN", ettn): Method.TextDegerineEsitElementinAltindakiTextboxtaYaz is PASSED

2021-11-19 17:15:06 - [MESSAGE][INFO] - Finding Test Object 'Object Repository/Filtreler/Basliklar'

2021-11-19 17:15:06 - [MESSAGE][INFO] - Finding Test Object 'Object Repository/Filtreler/Basliga_Gore_Textbox'

2021-11-19 17:15:06 - [MESSAGE][INFO] - Checking timeout

2021-11-19 17:15:06 - [MESSAGE][INFO] - Finding web element with id: 'Object Repository/Filtreler/Basliklar' located by 'By.cssSelector: .control-label.col-sm-4.paddingMarginRLC' in '10' second(s)

2021-11-19 17:15:06 - [MESSAGE][INFO] - Smart Wait Function is triggered

2021-11-19 17:15:06 - [MESSAGE][INFO] - Found 19 web elements with id: 'Object Repository/Filtreler/Basliklar' located by 'By.cssSelector: .control-label.col-sm-4.paddingMarginRLC' in '10' second(s)

2021-11-19 17:15:06 - [MESSAGE][INFO] - Smart Wait Function is triggered

2021-11-19 17:15:07 - [MESSAGE][PASSED] - Method.TextDegerineEsitElementinAltindakiTextboxtaYaz is PASSED

2021-11-19 17:15:07 - [MESSAGE][PASSED] - Call Test Case 'Test Cases/Filtreler/EttnYaz' successfully

2021-11-19 17:15:07 - [MESSAGE][INFO] - Checking called Test Case

2021-11-19 17:15:07 - [MESSAGE][INFO] - Starting to call Test Case 'Test Cases/Filtreler/ButonaTikla'

2021-11-19 17:15:07 - [TEST_CASE][PASSED] - Test Cases/Filtreler/ButonaTikla: Test Cases/Filtreler/ButonaTikla

2021-11-19 17:15:07 - [TEST_STEP][PASSED] - Method.TextDegerineEsitElementeTikla(findTestObject("Filtreler/Butonlar"), Filtre_Buton): Method.TextDegerineEsitElementeTikla is PASSED

2021-11-19 17:15:07 - [MESSAGE][INFO] - Finding Test Object 'Object Repository/Filtreler/Butonlar'

2021-11-19 17:15:07 - [MESSAGE][INFO] - Checking timeout

2021-11-19 17:15:07 - [MESSAGE][INFO] - Finding web element with id: 'Object Repository/Filtreler/Butonlar' located by 'By.cssSelector: .dxb>span' in '10' second(s)

2021-11-19 17:15:07 - [MESSAGE][INFO] - Smart Wait Function is triggered

2021-11-19 17:15:07 - [MESSAGE][INFO] - Found 3 web elements with id: 'Object Repository/Filtreler/Butonlar' located by 'By.cssSelector: .dxb>span' in '10' second(s)

2021-11-19 17:15:07 - [MESSAGE][PASSED] - Method.TextDegerineEsitElementeTikla is PASSED

2021-11-19 17:15:07 - [MESSAGE][PASSED] - Call Test Case 'Test Cases/Filtreler/ButonaTikla' successfully

2021-11-19 17:15:07 - [MESSAGE][INFO] - Checking called Test Case

2021-11-19 17:15:07 - [MESSAGE][INFO] - Starting to call Test Case 'Test Cases/Tablo/TablodaVeriVarMi'

2021-11-19 17:15:07 - [TEST_CASE][PASSED] - Test Cases/Tablo/TablodaVeriVarMi: Test Cases/Tablo/TablodaVeriVarMi

2021-11-19 17:15:07 - [TEST_STEP][PASSED] - verifyTextNotPresent("Görüntülenecek veri yok", true): Text 'Görüntülenecek veri yok' is not present on page using regular expression

2021-11-19 17:15:07 - [MESSAGE][INFO] - Checking text present  using regular expression

2021-11-19 17:15:07 - [MESSAGE][INFO] - Smart Wait Function is triggered

2021-11-19 17:15:08 - [MESSAGE][INFO] - Finding text 'Görüntülenecek veri yok' on page  using regular expression

2021-11-19 17:15:08 - [MESSAGE][PASSED] - Text 'Görüntülenecek veri yok' is not present on page using regular expression

2021-11-19 17:15:08 - [MESSAGE][PASSED] - Call Test Case 'Test Cases/Tablo/TablodaVeriVarMi' successfully

2021-11-19 17:15:08 - [MESSAGE][INFO] - Checking called Test Case

2021-11-19 17:15:08 - [MESSAGE][INFO] - Starting to call Test Case 'Test Cases/Tablo/TablodaVeriBasariliMiArsiv'

2021-11-19 17:15:08 - [TEST_CASE][PASSED] - Test Cases/Tablo/TablodaVeriBasariliMiArsiv: Test Cases/Tablo/TablodaVeriBasariliMiArsiv

2021-11-19 17:15:08 - [TEST_STEP][PASSED] - sayac = 80: null

2021-11-19 17:15:08 - [TEST_STEP][PASSED] - while (verifyElementText(findTestObject("Object Repository/Tablo/DurumBilgisiArsiv"), "Henüz Sonuçlanmadı", OPTIONAL)): Actual text 'Başarılı' and expected text 'Henüz Sonuçlanmadı' of test object 'Object Repository/Tablo/DurumBilgisiArsiv' are NOT matched. (Root cause: com.kms.katalon.core.exception.StepFailedException: Actual text 'Başarılı' and expected text 'Henüz Sonuçlanmadı' of test object 'Object Repository/Tablo/DurumBilgisiArsiv' are NOT matched.
	at com.kms.katalon.core.webui.keyword.internal.WebUIKeywordMain.stepFailed(WebUIKeywordMain.groovy:64)
	at com.kms.katalon.core.webui.keyword.builtin.VerifyElementTextKeyword$_verifyElementText_closure1.doCall(VerifyElementTextKeyword.groovy:57)
	at com.kms.katalon.core.webui.keyword.builtin.VerifyElementTextKeyword$_verifyElementText_closure1.call(VerifyElementTextKeyword.groovy)
	at com.kms.katalon.core.webui.keyword.internal.WebUIKeywordMain.runKeyword(WebUIKeywordMain.groovy:20)
	at com.kms.katalon.core.webui.keyword.builtin.VerifyElementTextKeyword.verifyElementText(VerifyElementTextKeyword.groovy:72)
	at com.kms.katalon.core.webui.keyword.builtin.VerifyElementTextKeyword.execute(VerifyElementTextKeyword.groovy:40)
	at com.kms.katalon.core.keyword.internal.KeywordExecutor.executeKeywordForPlatform(KeywordExecutor.groovy:73)
	at com.kms.katalon.core.webui.keyword.WebUiBuiltInKeywords.verifyElementText(WebUiBuiltInKeywords.groovy:4733)
	at com.kms.katalon.core.webui.keyword.WebUiBuiltInKeywords$verifyElementText$20.call(Unknown Source)
	at TablodaVeriBasariliMiArsiv.run(TablodaVeriBasariliMiArsiv:22)
	at com.kms.katalon.core.main.ScriptEngine.run(ScriptEngine.java:194)
	at com.kms.katalon.core.main.ScriptEngine.runScriptAsRawText(ScriptEngine.java:119)
	at com.kms.katalon.core.main.TestCaseExecutor.runScript(TestCaseExecutor.java:369)
	at com.kms.katalon.core.main.TestCaseExecutor.doExecute(TestCaseExecutor.java:360)
	at com.kms.katalon.core.main.TestCaseExecutor.processExecutionPhase(TestCaseExecutor.java:339)
	at com.kms.katalon.core.main.TestCaseExecutor.accessMainPhase(TestCaseExecutor.java:331)
	at com.kms.katalon.core.main.TestCaseExecutor.execute(TestCaseExecutor.java:248)
	at com.kms.katalon.core.main.TestCaseMain.runTestCase(TestCaseMain.java:138)
	at com.kms.katalon.core.keyword.builtin.CallTestCaseKeyword$_callTestCase_closure1.doCall(CallTestCaseKeyword.groovy:59)
	at com.kms.katalon.core.keyword.builtin.CallTestCaseKeyword$_callTestCase_closure1.call(CallTestCaseKeyword.groovy)
	at com.kms.katalon.core.keyword.internal.KeywordMain.runKeyword(KeywordMain.groovy:68)
	at com.kms.katalon.core.keyword.builtin.CallTestCaseKeyword.callTestCase(CallTestCaseKeyword.groovy:81)
	at com.kms.katalon.core.keyword.builtin.CallTestCaseKeyword.execute(CallTestCaseKeyword.groovy:44)
	at com.kms.katalon.core.keyword.internal.KeywordExecutor.executeKeywordForPlatform(KeywordExecutor.groovy:73)
	at com.kms.katalon.core.keyword.BuiltinKeywords.callTestCase(BuiltinKeywords.groovy:334)
	at tablo.tablo.tablodaVeriBasariliMiArsiv(tablo.groovy:95)
	at cucumber.runtime.Utils$1.call(Utils.java:26)
	at cucumber.runtime.Timeout.timeout(Timeout.java:16)
	at cucumber.runtime.Utils.invoke(Utils.java:20)
	at cucumber.runtime.java.JavaStepDefinition.execute(JavaStepDefinition.java:49)
	at cucumber.runner.PickleStepDefinitionMatch.runStep(PickleStepDefinitionMatch.java:50)
	at cucumber.runner.TestStep.executeStep(TestStep.java:63)
	at cucumber.runner.TestStep.run(TestStep.java:49)
	at cucumber.runner.PickleStepTestStep.run(PickleStepTestStep.java:43)
	at cucumber.runner.TestCase.run(TestCase.java:44)
	at cucumber.runner.Runner.runPickle(Runner.java:40)
	at cucumber.runtime.Runtime$1.run(Runtime.java:84)
	at cucumber.runtime.Runtime$SameThreadExecutorService.execute(Runtime.java:220)
	at cucumber.runtime.Runtime.run(Runtime.java:81)
	at cucumber.api.cli.Main.run(Main.java:26)
	at cucumber.api.cli.Main$run.call(Unknown Source)
	at com.kms.katalon.core.cucumber.keyword.CucumberBuiltinKeywords$_runFeatureFile_closure1.doCall(CucumberBuiltinKeywords.groovy:106)
	at com.kms.katalon.core.cucumber.keyword.CucumberBuiltinKeywords$_runFeatureFile_closure1.doCall(CucumberBuiltinKeywords.groovy)
	at com.kms.katalon.core.keyword.internal.KeywordMain.runKeyword(KeywordMain.groovy:68)
	at com.kms.katalon.core.keyword.internal.KeywordMain$runKeyword.call(Unknown Source)
	at com.kms.katalon.core.cucumber.keyword.CucumberBuiltinKeywords.runFeatureFile(CucumberBuiltinKeywords.groovy:73)
	at com.kms.katalon.core.cucumber.keyword.CucumberBuiltinKeywords$runFeatureFile$0.callStatic(Unknown Source)
	at com.kms.katalon.core.cucumber.keyword.CucumberBuiltinKeywords.runFeatureFile(CucumberBuiltinKeywords.groovy:246)
	at com.kms.katalon.core.cucumber.keyword.CucumberBuiltinKeywords$runFeatureFile.call(Unknown Source)
	at VKN-Kagit-Istisna.run(VKN-Kagit-Istisna:19)
	at com.kms.katalon.core.main.ScriptEngine.run(ScriptEngine.java:194)
	at com.kms.katalon.core.main.ScriptEngine.runScriptAsRawText(ScriptEngine.java:119)
	at com.kms.katalon.core.main.TestCaseExecutor.runScript(TestCaseExecutor.java:369)
	at com.kms.katalon.core.main.TestCaseExecutor.doExecute(TestCaseExecutor.java:360)
	at com.kms.katalon.core.main.TestCaseExecutor.processExecutionPhase(TestCaseExecutor.java:339)
	at com.kms.katalon.core.main.TestCaseExecutor.accessMainPhase(TestCaseExecutor.java:331)
	at com.kms.katalon.core.main.TestCaseExecutor.execute(TestCaseExecutor.java:248)
	at com.kms.katalon.core.main.TestSuiteExecutor.accessTestCaseMainPhase(TestSuiteExecutor.java:191)
	at com.kms.katalon.core.main.TestSuiteExecutor.accessTestSuiteMainPhase(TestSuiteExecutor.java:140)
	at com.kms.katalon.core.main.TestSuiteExecutor.execute(TestSuiteExecutor.java:89)
	at com.kms.katalon.core.main.TestCaseMain.startTestSuite(TestCaseMain.java:181)
	at com.kms.katalon.core.main.TestCaseMain$startTestSuite$0.call(Unknown Source)
	at TempTestSuite1637329560940.run(TempTestSuite1637329560940.groovy:39)
)

2021-11-19 17:15:08 - [MESSAGE][INFO] - Finding Test Object 'Object Repository/Tablo/DurumBilgisiArsiv'

2021-11-19 17:15:08 - [MESSAGE][INFO] - Checking object

2021-11-19 17:15:08 - [MESSAGE][INFO] - Finding web element from Test Object's properties

2021-11-19 17:15:08 - [MESSAGE][INFO] - Checking timeout

2021-11-19 17:15:08 - [MESSAGE][INFO] - Finding web element with id: 'Object Repository/Tablo/DurumBilgisiArsiv' located by 'By.xpath: //*[@id = 'GridViewEArchiveInvoices_tccell0_9']' in '30' second(s)

2021-11-19 17:15:08 - [MESSAGE][INFO] - Smart Wait Function is triggered

2021-11-19 17:15:09 - [MESSAGE][INFO] - Found 1 web elements with id: 'Object Repository/Tablo/DurumBilgisiArsiv' located by 'By.xpath: //*[@id = 'GridViewEArchiveInvoices_tccell0_9']' in '30' second(s)

2021-11-19 17:15:09 - [MESSAGE][WARNING] - Actual text 'Başarılı' and expected text 'Henüz Sonuçlanmadı' of test object 'Object Repository/Tablo/DurumBilgisiArsiv' are NOT matched. (Root cause: com.kms.katalon.core.exception.StepFailedException: Actual text 'Başarılı' and expected text 'Henüz Sonuçlanmadı' of test object 'Object Repository/Tablo/DurumBilgisiArsiv' are NOT matched.
	at com.kms.katalon.core.webui.keyword.internal.WebUIKeywordMain.stepFailed(WebUIKeywordMain.groovy:64)
	at com.kms.katalon.core.webui.keyword.builtin.VerifyElementTextKeyword$_verifyElementText_closure1.doCall(VerifyElementTextKeyword.groovy:57)
	at com.kms.katalon.core.webui.keyword.builtin.VerifyElementTextKeyword$_verifyElementText_closure1.call(VerifyElementTextKeyword.groovy)
	at com.kms.katalon.core.webui.keyword.internal.WebUIKeywordMain.runKeyword(WebUIKeywordMain.groovy:20)
	at com.kms.katalon.core.webui.keyword.builtin.VerifyElementTextKeyword.verifyElementText(VerifyElementTextKeyword.groovy:72)
	at com.kms.katalon.core.webui.keyword.builtin.VerifyElementTextKeyword.execute(VerifyElementTextKeyword.groovy:40)
	at com.kms.katalon.core.keyword.internal.KeywordExecutor.executeKeywordForPlatform(KeywordExecutor.groovy:73)
	at com.kms.katalon.core.webui.keyword.WebUiBuiltInKeywords.verifyElementText(WebUiBuiltInKeywords.groovy:4733)
	at com.kms.katalon.core.webui.keyword.WebUiBuiltInKeywords$verifyElementText$20.call(Unknown Source)
	at TablodaVeriBasariliMiArsiv.run(TablodaVeriBasariliMiArsiv:22)
	at com.kms.katalon.core.main.ScriptEngine.run(ScriptEngine.java:194)
	at com.kms.katalon.core.main.ScriptEngine.runScriptAsRawText(ScriptEngine.java:119)
	at com.kms.katalon.core.main.TestCaseExecutor.runScript(TestCaseExecutor.java:369)
	at com.kms.katalon.core.main.TestCaseExecutor.doExecute(TestCaseExecutor.java:360)
	at com.kms.katalon.core.main.TestCaseExecutor.processExecutionPhase(TestCaseExecutor.java:339)
	at com.kms.katalon.core.main.TestCaseExecutor.accessMainPhase(TestCaseExecutor.java:331)
	at com.kms.katalon.core.main.TestCaseExecutor.execute(TestCaseExecutor.java:248)
	at com.kms.katalon.core.main.TestCaseMain.runTestCase(TestCaseMain.java:138)
	at com.kms.katalon.core.keyword.builtin.CallTestCaseKeyword$_callTestCase_closure1.doCall(CallTestCaseKeyword.groovy:59)
	at com.kms.katalon.core.keyword.builtin.CallTestCaseKeyword$_callTestCase_closure1.call(CallTestCaseKeyword.groovy)
	at com.kms.katalon.core.keyword.internal.KeywordMain.runKeyword(KeywordMain.groovy:68)
	at com.kms.katalon.core.keyword.builtin.CallTestCaseKeyword.callTestCase(CallTestCaseKeyword.groovy:81)
	at com.kms.katalon.core.keyword.builtin.CallTestCaseKeyword.execute(CallTestCaseKeyword.groovy:44)
	at com.kms.katalon.core.keyword.internal.KeywordExecutor.executeKeywordForPlatform(KeywordExecutor.groovy:73)
	at com.kms.katalon.core.keyword.BuiltinKeywords.callTestCase(BuiltinKeywords.groovy:334)
	at tablo.tablo.tablodaVeriBasariliMiArsiv(tablo.groovy:95)
	at cucumber.runtime.Utils$1.call(Utils.java:26)
	at cucumber.runtime.Timeout.timeout(Timeout.java:16)
	at cucumber.runtime.Utils.invoke(Utils.java:20)
	at cucumber.runtime.java.JavaStepDefinition.execute(JavaStepDefinition.java:49)
	at cucumber.runner.PickleStepDefinitionMatch.runStep(PickleStepDefinitionMatch.java:50)
	at cucumber.runner.TestStep.executeStep(TestStep.java:63)
	at cucumber.runner.TestStep.run(TestStep.java:49)
	at cucumber.runner.PickleStepTestStep.run(PickleStepTestStep.java:43)
	at cucumber.runner.TestCase.run(TestCase.java:44)
	at cucumber.runner.Runner.runPickle(Runner.java:40)
	at cucumber.runtime.Runtime$1.run(Runtime.java:84)
	at cucumber.runtime.Runtime$SameThreadExecutorService.execute(Runtime.java:220)
	at cucumber.runtime.Runtime.run(Runtime.java:81)
	at cucumber.api.cli.Main.run(Main.java:26)
	at cucumber.api.cli.Main$run.call(Unknown Source)
	at com.kms.katalon.core.cucumber.keyword.CucumberBuiltinKeywords$_runFeatureFile_closure1.doCall(CucumberBuiltinKeywords.groovy:106)
	at com.kms.katalon.core.cucumber.keyword.CucumberBuiltinKeywords$_runFeatureFile_closure1.doCall(CucumberBuiltinKeywords.groovy)
	at com.kms.katalon.core.keyword.internal.KeywordMain.runKeyword(KeywordMain.groovy:68)
	at com.kms.katalon.core.keyword.internal.KeywordMain$runKeyword.call(Unknown Source)
	at com.kms.katalon.core.cucumber.keyword.CucumberBuiltinKeywords.runFeatureFile(CucumberBuiltinKeywords.groovy:73)
	at com.kms.katalon.core.cucumber.keyword.CucumberBuiltinKeywords$runFeatureFile$0.callStatic(Unknown Source)
	at com.kms.katalon.core.cucumber.keyword.CucumberBuiltinKeywords.runFeatureFile(CucumberBuiltinKeywords.groovy:246)
	at com.kms.katalon.core.cucumber.keyword.CucumberBuiltinKeywords$runFeatureFile.call(Unknown Source)
	at VKN-Kagit-Istisna.run(VKN-Kagit-Istisna:19)
	at com.kms.katalon.core.main.ScriptEngine.run(ScriptEngine.java:194)
	at com.kms.katalon.core.main.ScriptEngine.runScriptAsRawText(ScriptEngine.java:119)
	at com.kms.katalon.core.main.TestCaseExecutor.runScript(TestCaseExecutor.java:369)
	at com.kms.katalon.core.main.TestCaseExecutor.doExecute(TestCaseExecutor.java:360)
	at com.kms.katalon.core.main.TestCaseExecutor.processExecutionPhase(TestCaseExecutor.java:339)
	at com.kms.katalon.core.main.TestCaseExecutor.accessMainPhase(TestCaseExecutor.java:331)
	at com.kms.katalon.core.main.TestCaseExecutor.execute(TestCaseExecutor.java:248)
	at com.kms.katalon.core.main.TestSuiteExecutor.accessTestCaseMainPhase(TestSuiteExecutor.java:191)
	at com.kms.katalon.core.main.TestSuiteExecutor.accessTestSuiteMainPhase(TestSuiteExecutor.java:140)
	at com.kms.katalon.core.main.TestSuiteExecutor.execute(TestSuiteExecutor.java:89)
	at com.kms.katalon.core.main.TestCaseMain.startTestSuite(TestCaseMain.java:181)
	at com.kms.katalon.core.main.TestCaseMain$startTestSuite$0.call(Unknown Source)
	at TempTestSuite1637329560940.run(TempTestSuite1637329560940.groovy:39)
)

2021-11-19 17:15:09 - [TEST_STEP][PASSED] - Method.TextDegerineEsitElementVarMi(findTestObject("Object Repository/Tablo/DurumBilgisiArsiv"), "Başarılı"): Method.TextDegerineEsitElementVarMi is PASSED

2021-11-19 17:15:09 - [MESSAGE][INFO] - Finding Test Object 'Object Repository/Tablo/DurumBilgisiArsiv'

2021-11-19 17:15:09 - [MESSAGE][INFO] - Checking timeout

2021-11-19 17:15:09 - [MESSAGE][INFO] - Finding web element with id: 'Object Repository/Tablo/DurumBilgisiArsiv' located by 'By.xpath: //*[@id = 'GridViewEArchiveInvoices_tccell0_9']' in '10' second(s)

2021-11-19 17:15:09 - [MESSAGE][INFO] - Smart Wait Function is triggered

2021-11-19 17:15:09 - [MESSAGE][INFO] - Found 1 web elements with id: 'Object Repository/Tablo/DurumBilgisiArsiv' located by 'By.xpath: //*[@id = 'GridViewEArchiveInvoices_tccell0_9']' in '10' second(s)

2021-11-19 17:15:09 - [MESSAGE][PASSED] - Method.TextDegerineEsitElementVarMi is PASSED

2021-11-19 17:15:09 - [MESSAGE][PASSED] - Call Test Case 'Test Cases/Tablo/TablodaVeriBasariliMiArsiv' successfully

2021-11-19 17:15:09 - [MESSAGE][INFO] - Checking called Test Case

2021-11-19 17:15:09 - [MESSAGE][INFO] - Starting to call Test Case 'Test Cases/Kullanici_Islemleri/KullaniciIslemlerindenSecimYapilir'

2021-11-19 17:15:09 - [TEST_CASE][PASSED] - Test Cases/Kullanici_Islemleri/KullaniciIslemlerindenSecimYapilir: Test Cases/Kullanici_Islemleri/KullaniciIslemlerindenSecimYapilir

2021-11-19 17:15:09 - [TEST_STEP][PASSED] - waitForElementClickable(findTestObject("Object Repository/Kullanici_Islemleri/KullaniciIslemleri"), 10): Object 'Object Repository/Kullanici_Islemleri/KullaniciIslemleri' is clickable

2021-11-19 17:15:09 - [MESSAGE][INFO] - Finding Test Object 'Object Repository/Kullanici_Islemleri/KullaniciIslemleri'

2021-11-19 17:15:09 - [MESSAGE][INFO] - Checking object

2021-11-19 17:15:09 - [MESSAGE][INFO] - Checking timeout

2021-11-19 17:15:09 - [MESSAGE][INFO] - Finding web element from Test Object's properties

2021-11-19 17:15:09 - [MESSAGE][INFO] - Checking timeout

2021-11-19 17:15:09 - [MESSAGE][INFO] - Finding web element with id: 'Object Repository/Kullanici_Islemleri/KullaniciIslemleri' located by 'By.cssSelector: .dropdown>a>img' in '10' second(s)

2021-11-19 17:15:09 - [MESSAGE][INFO] - Smart Wait Function is triggered

2021-11-19 17:15:09 - [MESSAGE][INFO] - Found 1 web elements with id: 'Object Repository/Kullanici_Islemleri/KullaniciIslemleri' located by 'By.cssSelector: .dropdown>a>img' in '10' second(s)

2021-11-19 17:15:09 - [MESSAGE][PASSED] - Object 'Object Repository/Kullanici_Islemleri/KullaniciIslemleri' is clickable

2021-11-19 17:15:09 - [TEST_STEP][PASSED] - click(findTestObject("Object Repository/Kullanici_Islemleri/KullaniciIslemleri")): Object: 'Object Repository/Kullanici_Islemleri/KullaniciIslemleri' is clicked on

2021-11-19 17:15:09 - [MESSAGE][INFO] - Finding Test Object 'Object Repository/Kullanici_Islemleri/KullaniciIslemleri'

2021-11-19 17:15:09 - [MESSAGE][INFO] - Checking object

2021-11-19 17:15:09 - [MESSAGE][INFO] - Finding web element from Test Object's properties

2021-11-19 17:15:09 - [MESSAGE][INFO] - Checking timeout

2021-11-19 17:15:09 - [MESSAGE][INFO] - Finding web element with id: 'Object Repository/Kullanici_Islemleri/KullaniciIslemleri' located by 'By.cssSelector: .dropdown>a>img' in '30' second(s)

2021-11-19 17:15:09 - [MESSAGE][INFO] - Smart Wait Function is triggered

2021-11-19 17:15:10 - [MESSAGE][INFO] - Found 1 web elements with id: 'Object Repository/Kullanici_Islemleri/KullaniciIslemleri' located by 'By.cssSelector: .dropdown>a>img' in '30' second(s)

2021-11-19 17:15:10 - [MESSAGE][INFO] - Clicking on object: 'Object Repository/Kullanici_Islemleri/KullaniciIslemleri'

2021-11-19 17:15:10 - [MESSAGE][PASSED] - Object: 'Object Repository/Kullanici_Islemleri/KullaniciIslemleri' is clicked on

2021-11-19 17:15:10 - [TEST_STEP][PASSED] - Method.TextDegerineEsitElementeTikla(findTestObject("Object Repository/Kullanici_Islemleri/Secenekler"), Islem): Method.TextDegerineEsitElementeTikla is PASSED

2021-11-19 17:15:10 - [MESSAGE][INFO] - Finding Test Object 'Object Repository/Kullanici_Islemleri/Secenekler'

2021-11-19 17:15:10 - [MESSAGE][INFO] - Checking timeout

2021-11-19 17:15:10 - [MESSAGE][INFO] - Finding web element with id: 'Object Repository/Kullanici_Islemleri/Secenekler' located by 'By.cssSelector: .nav.navbar-nav.navbar-right li a' in '10' second(s)

2021-11-19 17:15:10 - [MESSAGE][INFO] - Smart Wait Function is triggered

2021-11-19 17:15:10 - [MESSAGE][INFO] - Found 20 web elements with id: 'Object Repository/Kullanici_Islemleri/Secenekler' located by 'By.cssSelector: .nav.navbar-nav.navbar-right li a' in '10' second(s)

2021-11-19 17:15:12 - [MESSAGE][PASSED] - Method.TextDegerineEsitElementeTikla is PASSED

2021-11-19 17:15:12 - [TEST_STEP][PASSED] - verifyElementNotPresent(findTestObject("Object Repository/Kullanici_Islemleri/Secenekler"), 10): Web element with id: 'Object Repository/Kullanici_Islemleri/Secenekler' located by 'By.cssSelector: .nav.navbar-nav.navbar-right li a' is not present after '10' second(s)

2021-11-19 17:15:12 - [MESSAGE][INFO] - Finding Test Object 'Object Repository/Kullanici_Islemleri/Secenekler'

2021-11-19 17:15:12 - [MESSAGE][INFO] - Checking object

2021-11-19 17:15:12 - [MESSAGE][INFO] - Checking timeout

2021-11-19 17:15:12 - [MESSAGE][INFO] - Finding web element with id: 'Object Repository/Kullanici_Islemleri/Secenekler' located by 'By.cssSelector: .nav.navbar-nav.navbar-right li a' in '10' second(s)

2021-11-19 17:15:12 - [MESSAGE][INFO] - Smart Wait Function is triggered

2021-11-19 17:15:12 - [MESSAGE][PASSED] - Web element with id: 'Object Repository/Kullanici_Islemleri/Secenekler' located by 'By.cssSelector: .nav.navbar-nav.navbar-right li a' is not present after '10' second(s)

2021-11-19 17:15:12 - [MESSAGE][PASSED] - Call Test Case 'Test Cases/Kullanici_Islemleri/KullaniciIslemlerindenSecimYapilir' successfully

2021-11-19 17:15:12 - [TEST_CASE][PASSED] - Start Test Case : SCENARIO Gonderim tipi Kagit ve Istisna tipinde e-Arsiv faturasi olusturulmasi: SCENARIO Gonderim tipi Kagit ve Istisna tipinde e-Arsiv faturasi olusturulmasi

2021-11-19 17:15:12 - [TEST_STEP][PASSED] - Kullanıcı adı EARISTISNA ve Şifre test1234 olarak giriş yapılır: Kullanıcı adı EARISTISNA ve Şifre test1234 olarak giriş yapılır

2021-11-19 17:15:12 - [MESSAGE][PASSED] - Kullanıcı adı EARISTISNA ve Şifre test1234 olarak giriş yapılır

2021-11-19 17:15:12 - [TEST_STEP][PASSED] - Ana menüden e-Arşiv seçilir: Ana menüden e-Arşiv seçilir

2021-11-19 17:15:12 - [MESSAGE][PASSED] - Ana menüden e-Arşiv seçilir

2021-11-19 17:15:12 - [TEST_STEP][PASSED] - Alt menü e-Arşiv Araçları başlığı altındaki e-Arşiv Fatura Oluşturma seçilir: Alt menü e-Arşiv Araçları başlığı altındaki e-Arşiv Fatura Oluşturma seçilir

2021-11-19 17:15:12 - [MESSAGE][PASSED] - Alt menü e-Arşiv Araçları başlığı altındaki e-Arşiv Fatura Oluşturma seçilir

2021-11-19 17:15:12 - [TEST_STEP][PASSED] - Tablodaki tüm veriler silinir: Tablodaki tüm veriler silinir

2021-11-19 17:15:12 - [MESSAGE][PASSED] - Tablodaki tüm veriler silinir

2021-11-19 17:15:12 - [TEST_STEP][PASSED] - Butonlardan Ekle isimli butona tıklanır: Butonlardan Ekle isimli butona tıklanır

2021-11-19 17:15:12 - [MESSAGE][PASSED] - Butonlardan Ekle isimli butona tıklanır

2021-11-19 17:15:12 - [TEST_STEP][PASSED] - Görsel tasarım sayfasının e-Arşiv Fatura Bilgileri başlığını içerdiği kontrol edilir: Görsel tasarım sayfasının e-Arşiv Fatura Bilgileri başlığını içerdiği kontrol edilir

2021-11-19 17:15:12 - [MESSAGE][PASSED] - Görsel tasarım sayfasının e-Arşiv Fatura Bilgileri başlığını içerdiği kontrol edilir

2021-11-19 17:15:12 - [TEST_STEP][PASSED] - Alıcı adı alanına UC0013 girilir: Alıcı adı alanına UC0013 girilir

2021-11-19 17:15:12 - [MESSAGE][PASSED] - Alıcı adı alanına UC0013 girilir

2021-11-19 17:15:12 - [TEST_STEP][PASSED] - Gönderim Şekli Kağıt olarak seçilir: Gönderim Şekli Kağıt olarak seçilir

2021-11-19 17:15:12 - [MESSAGE][PASSED] - Gönderim Şekli Kağıt olarak seçilir

2021-11-19 17:15:12 - [TEST_STEP][PASSED] - Tip alanından İstisna seçilir: Tip alanından İstisna seçilir

2021-11-19 17:15:12 - [MESSAGE][PASSED] - Tip alanından İstisna seçilir

2021-11-19 17:15:12 - [TEST_STEP][PASSED] - Döküman Para Birimi alanından Türk Lirası seçilir: Döküman Para Birimi alanından Türk Lirası seçilir

2021-11-19 17:15:12 - [MESSAGE][PASSED] - Döküman Para Birimi alanından Türk Lirası seçilir

2021-11-19 17:15:12 - [TEST_STEP][PASSED] - Ön Ek EAR olarak seçilir: Ön Ek EAR olarak seçilir

2021-11-19 17:15:12 - [MESSAGE][PASSED] - Ön Ek EAR olarak seçilir

2021-11-19 17:15:12 - [TEST_STEP][PASSED] - Tasarım alanından Otomasyon seçilir: Tasarım alanından Otomasyon seçilir

2021-11-19 17:15:12 - [MESSAGE][PASSED] - Tasarım alanından Otomasyon seçilir

2021-11-19 17:15:12 - [TEST_STEP][PASSED] - Sipariş bilgileri UUC-SAT-1200001 ve 31.04.2020 olarak girilir: Sipariş bilgileri UUC-SAT-1200001 ve 31.04.2020 olarak girilir

2021-11-19 17:15:12 - [MESSAGE][PASSED] - Sipariş bilgileri UUC-SAT-1200001 ve 31.04.2020 olarak girilir

2021-11-19 17:15:12 - [TEST_STEP][PASSED] - İrsaliye Bilgileri AAAAAAAAAA,31.04.2020 olarak girilir: İrsaliye Bilgileri AAAAAAAAAA,31.04.2020 olarak girilir

2021-11-19 17:15:12 - [MESSAGE][PASSED] - İrsaliye Bilgileri AAAAAAAAAA,31.04.2020 olarak girilir

2021-11-19 17:15:12 - [TEST_STEP][PASSED] - Ekle butonuna basılır: Ekle butonuna basılır

2021-11-19 17:15:12 - [MESSAGE][PASSED] - Ekle butonuna basılır

2021-11-19 17:15:12 - [TEST_STEP][PASSED] - Ürün ekleme alanında Mal/Hizmet başlığına Otomasyon girilir: Ürün ekleme alanında Mal/Hizmet başlığına Otomasyon girilir

2021-11-19 17:15:12 - [MESSAGE][PASSED] - Ürün ekleme alanında Mal/Hizmet başlığına Otomasyon girilir

2021-11-19 17:15:12 - [TEST_STEP][PASSED] - Ürün ekleme alanında Açıklaması başlığına Virgosol girilir: Ürün ekleme alanında Açıklaması başlığına Virgosol girilir

2021-11-19 17:15:12 - [MESSAGE][PASSED] - Ürün ekleme alanında Açıklaması başlığına Virgosol girilir

2021-11-19 17:15:12 - [TEST_STEP][PASSED] - Ürün ekleme alanında Miktarı başlığına 400 girilir: Ürün ekleme alanında Miktarı başlığına 400 girilir

2021-11-19 17:15:12 - [MESSAGE][PASSED] - Ürün ekleme alanında Miktarı başlığına 400 girilir

2021-11-19 17:15:12 - [TEST_STEP][PASSED] - Ürün ekleme alanında Birim Fiyat başlığına 100 girilir: Ürün ekleme alanında Birim Fiyat başlığına 100 girilir

2021-11-19 17:15:12 - [MESSAGE][PASSED] - Ürün ekleme alanında Birim Fiyat başlığına 100 girilir

2021-11-19 17:15:12 - [TEST_STEP][PASSED] - Ürün ekleme alanında İskonto Oranı % başlığına 10 girilir: Ürün ekleme alanında İskonto Oranı % başlığına 10 girilir

2021-11-19 17:15:12 - [MESSAGE][PASSED] - Ürün ekleme alanında İskonto Oranı % başlığına 10 girilir

2021-11-19 17:15:12 - [TEST_STEP][PASSED] - Notlar alanına Otomasyon Not girilir: Notlar alanına Otomasyon Not girilir

2021-11-19 17:15:12 - [MESSAGE][PASSED] - Notlar alanına Otomasyon Not girilir

2021-11-19 17:15:12 - [TEST_STEP][PASSED] - Ettn bilgisi kayıt edilir: Ettn bilgisi kayıt edilir

2021-11-19 17:15:12 - [MESSAGE][PASSED] - Ettn bilgisi kayıt edilir

2021-11-19 17:15:12 - [TEST_STEP][PASSED] - Kaydet butonu seçilir: Kaydet butonu seçilir

2021-11-19 17:15:12 - [MESSAGE][PASSED] - Kaydet butonu seçilir

2021-11-19 17:15:12 - [TEST_STEP][PASSED] - Tabloda Ettn bilgisi kaydedilen veri oluşturuldu mu: Tabloda Ettn bilgisi kaydedilen veri oluşturuldu mu

2021-11-19 17:15:12 - [MESSAGE][PASSED] - Tabloda Ettn bilgisi kaydedilen veri oluşturuldu mu

2021-11-19 17:15:12 - [TEST_STEP][PASSED] - Tablodan Ettn bilgisi kaydedilen veri seçilir: Tablodan Ettn bilgisi kaydedilen veri seçilir

2021-11-19 17:15:12 - [MESSAGE][PASSED] - Tablodan Ettn bilgisi kaydedilen veri seçilir

2021-11-19 17:15:12 - [TEST_STEP][PASSED] - Butonlardan Numara Oluştur isimli butona tıklanır: Butonlardan Numara Oluştur isimli butona tıklanır

2021-11-19 17:15:12 - [MESSAGE][PASSED] - Butonlardan Numara Oluştur isimli butona tıklanır

2021-11-19 17:15:12 - [TEST_STEP][PASSED] - Popup mesajı Devam etmek istiyor musunuz içeriyor mu: Popup mesajı Devam etmek istiyor musunuz içeriyor mu

2021-11-19 17:15:12 - [MESSAGE][PASSED] - Popup mesajı Devam etmek istiyor musunuz içeriyor mu

2021-11-19 17:15:12 - [TEST_STEP][PASSED] - Yönetim popupında Evet seçilir: Yönetim popupında Evet seçilir

2021-11-19 17:15:12 - [MESSAGE][PASSED] - Yönetim popupında Evet seçilir

2021-11-19 17:15:12 - [TEST_STEP][PASSED] - Popup mesajı oluşmuştur içeriyor mu: Popup mesajı oluşmuştur içeriyor mu

2021-11-19 17:15:12 - [MESSAGE][PASSED] - Popup mesajı oluşmuştur içeriyor mu

2021-11-19 17:15:12 - [TEST_STEP][PASSED] - Yönetim popupında Tamam seçilir: Yönetim popupında Tamam seçilir

2021-11-19 17:15:12 - [MESSAGE][PASSED] - Yönetim popupında Tamam seçilir

2021-11-19 17:15:12 - [TEST_STEP][PASSED] - Tablodan Ettn bilgisi kaydedilen veri seçilir: Tablodan Ettn bilgisi kaydedilen veri seçilir

2021-11-19 17:15:12 - [MESSAGE][PASSED] - Tablodan Ettn bilgisi kaydedilen veri seçilir

2021-11-19 17:15:12 - [TEST_STEP][PASSED] - Butonlardan Gönder isimli butona tıklanır: Butonlardan Gönder isimli butona tıklanır

2021-11-19 17:15:12 - [MESSAGE][PASSED] - Butonlardan Gönder isimli butona tıklanır

2021-11-19 17:15:12 - [TEST_STEP][PASSED] - Popup mesajı Devam etmek istiyor musunuz içeriyor mu: Popup mesajı Devam etmek istiyor musunuz içeriyor mu

2021-11-19 17:15:12 - [MESSAGE][PASSED] - Popup mesajı Devam etmek istiyor musunuz içeriyor mu

2021-11-19 17:15:12 - [TEST_STEP][PASSED] - Yönetim popupında Evet seçilir: Yönetim popupında Evet seçilir

2021-11-19 17:15:12 - [MESSAGE][PASSED] - Yönetim popupında Evet seçilir

2021-11-19 17:15:12 - [TEST_STEP][PASSED] - Ana menüden e-Arşiv seçilir: Ana menüden e-Arşiv seçilir

2021-11-19 17:15:12 - [MESSAGE][PASSED] - Ana menüden e-Arşiv seçilir

2021-11-19 17:15:12 - [TEST_STEP][PASSED] - Alt menü e-Arşiv Hareketleri başlığı altındaki e-Arşiv Faturaları seçilir: Alt menü e-Arşiv Hareketleri başlığı altındaki e-Arşiv Faturaları seçilir

2021-11-19 17:15:12 - [MESSAGE][PASSED] - Alt menü e-Arşiv Hareketleri başlığı altındaki e-Arşiv Faturaları seçilir

2021-11-19 17:15:12 - [TEST_STEP][PASSED] - Filtrelerden Ettn filtresine Ettn bilgisi yaz: Filtrelerden Ettn filtresine Ettn bilgisi yaz

2021-11-19 17:15:12 - [MESSAGE][PASSED] - Filtrelerden Ettn filtresine Ettn bilgisi yaz

2021-11-19 17:15:12 - [TEST_STEP][PASSED] - Filtre butonlarından Listele seçilir: Filtre butonlarından Listele seçilir

2021-11-19 17:15:12 - [MESSAGE][PASSED] - Filtre butonlarından Listele seçilir

2021-11-19 17:15:12 - [TEST_STEP][PASSED] - Tabloda veri var mı kontrol edilir: Tabloda veri var mı kontrol edilir

2021-11-19 17:15:12 - [MESSAGE][PASSED] - Tabloda veri var mı kontrol edilir

2021-11-19 17:15:12 - [TEST_STEP][PASSED] - Tabloda yeni oluşturulan eArsiv verisi başarılı mı: Tabloda yeni oluşturulan eArsiv verisi başarılı mı

2021-11-19 17:15:12 - [MESSAGE][PASSED] - Tabloda yeni oluşturulan eArsiv verisi başarılı mı

2021-11-19 17:15:12 - [TEST_STEP][PASSED] - Kullanıcı işlemlerinden Çıkış seçilir: Kullanıcı işlemlerinden Çıkış seçilir

2021-11-19 17:15:12 - [MESSAGE][PASSED] - Kullanıcı işlemlerinden Çıkış seçilir

2021-11-19 17:15:12 - [MESSAGE][PASSED] - Feature file: 'Include/features/Regresyon/e-Arsiv/VKN-Kagit-Istisna.feature' was passed

2021-11-19 17:15:12 - [TEST_STEP][PASSED] - Start listener action : sampleAfterTestSuite: Invoke 'com.kms.katalon.core.annotation.AfterTestCase' method: 'Listener.sampleAfterTestSuite(...)' completed.

2021-11-19 17:15:12 - [MESSAGE][INFO] - Starting invoke 'com.kms.katalon.core.annotation.AfterTestCase' method: 'Listener.sampleAfterTestSuite(...)'

2021-11-19 17:15:12 - [TEST_STEP][PASSED] - closeBrowser(): Invoke 'com.kms.katalon.core.annotation.AfterTestCase' method: 'Listener.sampleAfterTestSuite(...)' completed.

2021-11-19 17:15:12 - [MESSAGE][INFO] - Closing browser

2021-11-19 17:15:13 - [MESSAGE][PASSED] - Browser is closed

2021-11-19 17:15:13 - [MESSAGE][INFO] - Invoke 'com.kms.katalon.core.annotation.AfterTestCase' method: 'Listener.sampleAfterTestSuite(...)' completed.]]></system-out>
         <system-err><![CDATA[]]></system-err>
      </testcase>
      <testcase name="Test Cases/Case Repository/Regresyon/e-Arsiv/VKN-Kagit-Ozel Matrah" time="115.981" classname="Test Cases/Case Repository/Regresyon/e-Arsiv/VKN-Kagit-Ozel Matrah" status="PASSED">
         <system-out><![CDATA[2021-11-19 17:15:13 - [TEST_CASE][PASSED] - Test Cases/Case Repository/Regresyon/e-Arsiv/VKN-Kagit-Ozel Matrah: Test Cases/Case Repository/Regresyon/e-Arsiv/VKN-Kagit-Ozel Matrah

2021-11-19 17:15:13 - [TEST_STEP][PASSED] - Start listener action : sampleBeforeTestSuite: Invoke 'com.kms.katalon.core.annotation.BeforeTestCase' method: 'Listener.sampleBeforeTestSuite(...)' completed.

2021-11-19 17:15:13 - [MESSAGE][INFO] - Starting invoke 'com.kms.katalon.core.annotation.BeforeTestCase' method: 'Listener.sampleBeforeTestSuite(...)'

2021-11-19 17:15:13 - [TEST_STEP][PASSED] - openBrowser(baseUrl): Browser is opened with url: 'https://efatura-stage.elogo.com.tr/'

2021-11-19 17:15:13 - [MESSAGE][INFO] - Opening browser

2021-11-19 17:15:13 - [MESSAGE][INFO] - Starting 'Chrome' driver

2021-11-19 17:15:13 - [MESSAGE][INFO] - User set preference: ['prefs', '{download.default_directory=C:\otomasyondownfiles}']

2021-11-19 17:15:13 - [MESSAGE][INFO] - Action delay is set to 0 milliseconds

2021-11-19 17:15:14 - [MESSAGE][INFO] - Navigating browser to: 'https://efatura-stage.elogo.com.tr/'

2021-11-19 17:15:17 - [MESSAGE][PASSED] - Browser is opened with url: 'https://efatura-stage.elogo.com.tr/'

2021-11-19 17:15:17 - [TEST_STEP][PASSED] - maximizeWindow(): Invoke 'com.kms.katalon.core.annotation.BeforeTestCase' method: 'Listener.sampleBeforeTestSuite(...)' completed.

2021-11-19 17:15:17 - [MESSAGE][INFO] - Maximizing current window

2021-11-19 17:15:17 - [MESSAGE][PASSED] - Current window maximized

2021-11-19 17:15:17 - [MESSAGE][INFO] - Invoke 'com.kms.katalon.core.annotation.BeforeTestCase' method: 'Listener.sampleBeforeTestSuite(...)' completed.

2021-11-19 17:15:18 - [TEST_STEP][PASSED] - runFeatureFile("Include/features/Regresyon/e-Arsiv/VKN-Kagit-Ozel Matrah.feature"): Feature file: 'Include/features/Regresyon/e-Arsiv/VKN-Kagit-Ozel Matrah.feature' was passed

2021-11-19 17:15:18 - [MESSAGE][INFO] - Starting run keyword runFeatureFile: 'Include/features/Regresyon/e-Arsiv/VKN-Kagit-Ozel Matrah.feature' and extract report to folder: 'C:\Users\DELL\Documents\GitHub\EES_KatalonLogo\Reports\20211119_164526\Suite Repository\Regresyon-eArsiv-eMakbuz\20211119_164600/cucumber_report/1637331318091'...

2021-11-19 17:15:18 - [MESSAGE][INFO] - Glue: []

2021-11-19 17:15:20 - [MESSAGE][INFO] - Checking called Test Case

2021-11-19 17:15:20 - [MESSAGE][INFO] - Starting to call Test Case 'Test Cases/Sayfalar/Giris_Sayfasi/Login'

2021-11-19 17:15:20 - [TEST_CASE][PASSED] - Test Cases/Sayfalar/Giris_Sayfasi/Login: Test Cases/Sayfalar/Giris_Sayfasi/Login

2021-11-19 17:15:20 - [TEST_STEP][PASSED] - Sayfa_Basligi = getWindowTitle(): Current window's title is: 'LOGO e-Fatura'

2021-11-19 17:15:20 - [MESSAGE][INFO] - Getting current window's title

2021-11-19 17:15:20 - [MESSAGE][PASSED] - Current window's title is: 'LOGO e-Fatura'

2021-11-19 17:15:20 - [TEST_STEP][PASSED] - verifyMatch(Sayfa_Basligi, "LOGO e-Fatura", false): Actual text 'LOGO e-Fatura' and expected text 'LOGO e-Fatura' are matched 

2021-11-19 17:15:20 - [MESSAGE][INFO] - Matching actual text 'LOGO e-Fatura' with expected text 'LOGO e-Fatura'

2021-11-19 17:15:20 - [MESSAGE][PASSED] - Actual text 'LOGO e-Fatura' and expected text 'LOGO e-Fatura' are matched 

2021-11-19 17:15:20 - [TEST_STEP][PASSED] - sendKeys(findTestObject("Sayfalar/Giris_Sayfasi/Firma_Kodu"), KullaniciAdi): Keys 'EARMATRAH' sent to object: 'Object Repository/Sayfalar/Giris_Sayfasi/Firma_Kodu'

2021-11-19 17:15:20 - [MESSAGE][INFO] - Finding Test Object 'Object Repository/Sayfalar/Giris_Sayfasi/Firma_Kodu'

2021-11-19 17:15:20 - [MESSAGE][INFO] - Sending keys 'EARMATRAH' to object: 'Object Repository/Sayfalar/Giris_Sayfasi/Firma_Kodu'

2021-11-19 17:15:20 - [MESSAGE][INFO] - Finding web element from Test Object's properties

2021-11-19 17:15:20 - [MESSAGE][INFO] - Checking timeout

2021-11-19 17:15:20 - [MESSAGE][INFO] - Finding web element with id: 'Object Repository/Sayfalar/Giris_Sayfasi/Firma_Kodu' located by 'By.xpath: //*[@id = 'AccountName']' in '30' second(s)

2021-11-19 17:15:20 - [MESSAGE][INFO] - Smart Wait Function is triggered

2021-11-19 17:15:20 - [MESSAGE][INFO] - Found 1 web elements with id: 'Object Repository/Sayfalar/Giris_Sayfasi/Firma_Kodu' located by 'By.xpath: //*[@id = 'AccountName']' in '30' second(s)

2021-11-19 17:15:20 - [MESSAGE][PASSED] - Keys 'EARMATRAH' sent to object: 'Object Repository/Sayfalar/Giris_Sayfasi/Firma_Kodu'

2021-11-19 17:15:20 - [TEST_STEP][PASSED] - sendKeys(findTestObject("Sayfalar/Giris_Sayfasi/Sifre"), Sifre): Keys 'test1234' sent to object: 'Object Repository/Sayfalar/Giris_Sayfasi/Sifre'

2021-11-19 17:15:20 - [MESSAGE][INFO] - Finding Test Object 'Object Repository/Sayfalar/Giris_Sayfasi/Sifre'

2021-11-19 17:15:20 - [MESSAGE][INFO] - Sending keys 'test1234' to object: 'Object Repository/Sayfalar/Giris_Sayfasi/Sifre'

2021-11-19 17:15:20 - [MESSAGE][INFO] - Finding web element from Test Object's properties

2021-11-19 17:15:20 - [MESSAGE][INFO] - Checking timeout

2021-11-19 17:15:20 - [MESSAGE][INFO] - Finding web element with id: 'Object Repository/Sayfalar/Giris_Sayfasi/Sifre' located by 'By.xpath: //*[@id = 'Password']' in '30' second(s)

2021-11-19 17:15:20 - [MESSAGE][INFO] - Smart Wait Function is triggered

2021-11-19 17:15:21 - [MESSAGE][INFO] - Found 1 web elements with id: 'Object Repository/Sayfalar/Giris_Sayfasi/Sifre' located by 'By.xpath: //*[@id = 'Password']' in '30' second(s)

2021-11-19 17:15:21 - [MESSAGE][PASSED] - Keys 'test1234' sent to object: 'Object Repository/Sayfalar/Giris_Sayfasi/Sifre'

2021-11-19 17:15:21 - [TEST_STEP][PASSED] - findWebElement(findTestObject("Sayfalar/Giris_Sayfasi/Giris_Butonu")).click(): Found 1 web elements with id: 'Object Repository/Sayfalar/Giris_Sayfasi/Giris_Butonu' located by 'By.cssSelector: #btnLogin' in '30' second(s)

2021-11-19 17:15:21 - [MESSAGE][INFO] - Finding Test Object 'Object Repository/Sayfalar/Giris_Sayfasi/Giris_Butonu'

2021-11-19 17:15:21 - [MESSAGE][INFO] - Finding web element from Test Object's properties

2021-11-19 17:15:21 - [MESSAGE][INFO] - Checking timeout

2021-11-19 17:15:21 - [MESSAGE][INFO] - Finding web element with id: 'Object Repository/Sayfalar/Giris_Sayfasi/Giris_Butonu' located by 'By.cssSelector: #btnLogin' in '30' second(s)

2021-11-19 17:15:21 - [MESSAGE][INFO] - Smart Wait Function is triggered

2021-11-19 17:15:21 - [MESSAGE][INFO] - Found 1 web elements with id: 'Object Repository/Sayfalar/Giris_Sayfasi/Giris_Butonu' located by 'By.cssSelector: #btnLogin' in '30' second(s)

2021-11-19 17:15:23 - [TEST_STEP][PASSED] - if (verifyElementPresent(findTestObject("Object Repository/Sayfalar/Giris_Sayfasi/RetveTamam_Butonu"), 5, OPTIONAL)): null

2021-11-19 17:15:23 - [MESSAGE][INFO] - Finding Test Object 'Object Repository/Sayfalar/Giris_Sayfasi/RetveTamam_Butonu'

2021-11-19 17:15:23 - [MESSAGE][INFO] - Checking object

2021-11-19 17:15:23 - [MESSAGE][INFO] - Finding web element from Test Object's properties

2021-11-19 17:15:23 - [MESSAGE][INFO] - Checking timeout

2021-11-19 17:15:23 - [MESSAGE][INFO] - Finding web element with id: 'Object Repository/Sayfalar/Giris_Sayfasi/RetveTamam_Butonu' located by 'By.xpath: //*[@class = 'btn btn-default']' in '5' second(s)

2021-11-19 17:15:23 - [MESSAGE][INFO] - Smart Wait Function is triggered

2021-11-19 17:15:23 - [MESSAGE][INFO] - Found 1 web elements with id: 'Object Repository/Sayfalar/Giris_Sayfasi/RetveTamam_Butonu' located by 'By.xpath: //*[@class = 'btn btn-default']' in '5' second(s)

2021-11-19 17:15:23 - [MESSAGE][PASSED] - Object 'Object Repository/Sayfalar/Giris_Sayfasi/RetveTamam_Butonu' is present

2021-11-19 17:15:23 - [TEST_STEP][PASSED] - click(findTestObject("Object Repository/Sayfalar/Giris_Sayfasi/RetveTamam_Butonu")): Object: 'Object Repository/Sayfalar/Giris_Sayfasi/RetveTamam_Butonu' is clicked on

2021-11-19 17:15:23 - [MESSAGE][INFO] - Finding Test Object 'Object Repository/Sayfalar/Giris_Sayfasi/RetveTamam_Butonu'

2021-11-19 17:15:24 - [MESSAGE][INFO] - Checking object

2021-11-19 17:15:24 - [MESSAGE][INFO] - Finding web element from Test Object's properties

2021-11-19 17:15:24 - [MESSAGE][INFO] - Checking timeout

2021-11-19 17:15:24 - [MESSAGE][INFO] - Finding web element with id: 'Object Repository/Sayfalar/Giris_Sayfasi/RetveTamam_Butonu' located by 'By.xpath: //*[@class = 'btn btn-default']' in '30' second(s)

2021-11-19 17:15:24 - [MESSAGE][INFO] - Smart Wait Function is triggered

2021-11-19 17:15:24 - [MESSAGE][INFO] - Found 1 web elements with id: 'Object Repository/Sayfalar/Giris_Sayfasi/RetveTamam_Butonu' located by 'By.xpath: //*[@class = 'btn btn-default']' in '30' second(s)

2021-11-19 17:15:24 - [MESSAGE][INFO] - Clicking on object: 'Object Repository/Sayfalar/Giris_Sayfasi/RetveTamam_Butonu'

2021-11-19 17:15:24 - [MESSAGE][PASSED] - Object: 'Object Repository/Sayfalar/Giris_Sayfasi/RetveTamam_Butonu' is clicked on

2021-11-19 17:15:24 - [TEST_STEP][PASSED] - click(findTestObject("Object Repository/Sayfalar/Giris_Sayfasi/RetveTamam_Butonu")): Object: 'Object Repository/Sayfalar/Giris_Sayfasi/RetveTamam_Butonu' is clicked on

2021-11-19 17:15:24 - [MESSAGE][INFO] - Finding Test Object 'Object Repository/Sayfalar/Giris_Sayfasi/RetveTamam_Butonu'

2021-11-19 17:15:24 - [MESSAGE][INFO] - Checking object

2021-11-19 17:15:24 - [MESSAGE][INFO] - Finding web element from Test Object's properties

2021-11-19 17:15:24 - [MESSAGE][INFO] - Checking timeout

2021-11-19 17:15:24 - [MESSAGE][INFO] - Finding web element with id: 'Object Repository/Sayfalar/Giris_Sayfasi/RetveTamam_Butonu' located by 'By.xpath: //*[@class = 'btn btn-default']' in '30' second(s)

2021-11-19 17:15:24 - [MESSAGE][INFO] - Smart Wait Function is triggered

2021-11-19 17:15:28 - [MESSAGE][INFO] - Found 1 web elements with id: 'Object Repository/Sayfalar/Giris_Sayfasi/RetveTamam_Butonu' located by 'By.xpath: //*[@class = 'btn btn-default']' in '30' second(s)

2021-11-19 17:15:28 - [MESSAGE][INFO] - Clicking on object: 'Object Repository/Sayfalar/Giris_Sayfasi/RetveTamam_Butonu'

2021-11-19 17:15:28 - [MESSAGE][PASSED] - Object: 'Object Repository/Sayfalar/Giris_Sayfasi/RetveTamam_Butonu' is clicked on

2021-11-19 17:15:28 - [TEST_STEP][PASSED] - if (verifyElementPresent(findTestObject("Sayfalar/Giris_Sayfasi/PopupOK"), 5, OPTIONAL)): com.kms.katalon.core.webui.exception.WebElementNotFoundException: Web element with id: 'Object Repository/Sayfalar/Giris_Sayfasi/PopupOK' located by '.btn.btn-success' not found (Root cause: com.kms.katalon.core.exception.StepFailedException: com.kms.katalon.core.webui.exception.WebElementNotFoundException: Web element with id: 'Object Repository/Sayfalar/Giris_Sayfasi/PopupOK' located by '.btn.btn-success' not found
	at com.kms.katalon.core.webui.keyword.internal.WebUIKeywordMain.stepFailed(WebUIKeywordMain.groovy:64)
	at com.kms.katalon.core.webui.keyword.builtin.VerifyElementPresentKeyword$_verifyElementPresent_closure1.doCall(VerifyElementPresentKeyword.groovy:85)
	at com.kms.katalon.core.webui.keyword.builtin.VerifyElementPresentKeyword$_verifyElementPresent_closure1.call(VerifyElementPresentKeyword.groovy)
	at com.kms.katalon.core.webui.keyword.internal.WebUIKeywordMain.runKeyword(WebUIKeywordMain.groovy:20)
	at com.kms.katalon.core.webui.keyword.builtin.VerifyElementPresentKeyword.verifyElementPresent(VerifyElementPresentKeyword.groovy:92)
	at com.kms.katalon.core.webui.keyword.builtin.VerifyElementPresentKeyword.execute(VerifyElementPresentKeyword.groovy:68)
	at com.kms.katalon.core.keyword.internal.KeywordExecutor.executeKeywordForPlatform(KeywordExecutor.groovy:73)
	at com.kms.katalon.core.webui.keyword.WebUiBuiltInKeywords.verifyElementPresent(WebUiBuiltInKeywords.groovy:1448)
	at com.kms.katalon.core.webui.keyword.WebUiBuiltInKeywords$verifyElementPresent$4.call(Unknown Source)
	at Login.run(Login:40)
	at com.kms.katalon.core.main.ScriptEngine.run(ScriptEngine.java:194)
	at com.kms.katalon.core.main.ScriptEngine.runScriptAsRawText(ScriptEngine.java:119)
	at com.kms.katalon.core.main.TestCaseExecutor.runScript(TestCaseExecutor.java:369)
	at com.kms.katalon.core.main.TestCaseExecutor.doExecute(TestCaseExecutor.java:360)
	at com.kms.katalon.core.main.TestCaseExecutor.processExecutionPhase(TestCaseExecutor.java:339)
	at com.kms.katalon.core.main.TestCaseExecutor.accessMainPhase(TestCaseExecutor.java:331)
	at com.kms.katalon.core.main.TestCaseExecutor.execute(TestCaseExecutor.java:248)
	at com.kms.katalon.core.main.TestCaseMain.runTestCase(TestCaseMain.java:138)
	at com.kms.katalon.core.keyword.builtin.CallTestCaseKeyword$_callTestCase_closure1.doCall(CallTestCaseKeyword.groovy:59)
	at com.kms.katalon.core.keyword.builtin.CallTestCaseKeyword$_callTestCase_closure1.call(CallTestCaseKeyword.groovy)
	at com.kms.katalon.core.keyword.internal.KeywordMain.runKeyword(KeywordMain.groovy:68)
	at com.kms.katalon.core.keyword.builtin.CallTestCaseKeyword.callTestCase(CallTestCaseKeyword.groovy:81)
	at com.kms.katalon.core.keyword.builtin.CallTestCaseKeyword.execute(CallTestCaseKeyword.groovy:44)
	at com.kms.katalon.core.keyword.internal.KeywordExecutor.executeKeywordForPlatform(KeywordExecutor.groovy:73)
	at com.kms.katalon.core.keyword.BuiltinKeywords.callTestCase(BuiltinKeywords.groovy:334)
	at sayfalar.girisSayfasi.login(girisSayfasi.groovy:50)
	at cucumber.runtime.Utils$1.call(Utils.java:26)
	at cucumber.runtime.Timeout.timeout(Timeout.java:16)
	at cucumber.runtime.Utils.invoke(Utils.java:20)
	at cucumber.runtime.java.JavaStepDefinition.execute(JavaStepDefinition.java:49)
	at cucumber.runner.PickleStepDefinitionMatch.runStep(PickleStepDefinitionMatch.java:50)
	at cucumber.runner.TestStep.executeStep(TestStep.java:63)
	at cucumber.runner.TestStep.run(TestStep.java:49)
	at cucumber.runner.PickleStepTestStep.run(PickleStepTestStep.java:43)
	at cucumber.runner.TestCase.run(TestCase.java:44)
	at cucumber.runner.Runner.runPickle(Runner.java:40)
	at cucumber.runtime.Runtime$1.run(Runtime.java:84)
	at cucumber.runtime.Runtime$SameThreadExecutorService.execute(Runtime.java:220)
	at cucumber.runtime.Runtime.run(Runtime.java:81)
	at cucumber.api.cli.Main.run(Main.java:26)
	at cucumber.api.cli.Main$run.call(Unknown Source)
	at com.kms.katalon.core.cucumber.keyword.CucumberBuiltinKeywords$_runFeatureFile_closure1.doCall(CucumberBuiltinKeywords.groovy:106)
	at com.kms.katalon.core.cucumber.keyword.CucumberBuiltinKeywords$_runFeatureFile_closure1.doCall(CucumberBuiltinKeywords.groovy)
	at com.kms.katalon.core.keyword.internal.KeywordMain.runKeyword(KeywordMain.groovy:68)
	at com.kms.katalon.core.keyword.internal.KeywordMain$runKeyword.call(Unknown Source)
	at com.kms.katalon.core.cucumber.keyword.CucumberBuiltinKeywords.runFeatureFile(CucumberBuiltinKeywords.groovy:73)
	at com.kms.katalon.core.cucumber.keyword.CucumberBuiltinKeywords$runFeatureFile$0.callStatic(Unknown Source)
	at com.kms.katalon.core.cucumber.keyword.CucumberBuiltinKeywords.runFeatureFile(CucumberBuiltinKeywords.groovy:246)
	at com.kms.katalon.core.cucumber.keyword.CucumberBuiltinKeywords$runFeatureFile.call(Unknown Source)
	at VKN-Kagit-Ozel Matrah.run(VKN-Kagit-Ozel Matrah:19)
	at com.kms.katalon.core.main.ScriptEngine.run(ScriptEngine.java:194)
	at com.kms.katalon.core.main.ScriptEngine.runScriptAsRawText(ScriptEngine.java:119)
	at com.kms.katalon.core.main.TestCaseExecutor.runScript(TestCaseExecutor.java:369)
	at com.kms.katalon.core.main.TestCaseExecutor.doExecute(TestCaseExecutor.java:360)
	at com.kms.katalon.core.main.TestCaseExecutor.processExecutionPhase(TestCaseExecutor.java:339)
	at com.kms.katalon.core.main.TestCaseExecutor.accessMainPhase(TestCaseExecutor.java:331)
	at com.kms.katalon.core.main.TestCaseExecutor.execute(TestCaseExecutor.java:248)
	at com.kms.katalon.core.main.TestSuiteExecutor.accessTestCaseMainPhase(TestSuiteExecutor.java:191)
	at com.kms.katalon.core.main.TestSuiteExecutor.accessTestSuiteMainPhase(TestSuiteExecutor.java:140)
	at com.kms.katalon.core.main.TestSuiteExecutor.execute(TestSuiteExecutor.java:89)
	at com.kms.katalon.core.main.TestCaseMain.startTestSuite(TestCaseMain.java:181)
	at com.kms.katalon.core.main.TestCaseMain$startTestSuite$0.call(Unknown Source)
	at TempTestSuite1637329560940.run(TempTestSuite1637329560940.groovy:39)
)

2021-11-19 17:15:28 - [MESSAGE][INFO] - Finding Test Object 'Object Repository/Sayfalar/Giris_Sayfasi/PopupOK'

2021-11-19 17:15:28 - [MESSAGE][INFO] - Checking object

2021-11-19 17:15:28 - [MESSAGE][INFO] - Finding web element from Test Object's properties

2021-11-19 17:15:28 - [MESSAGE][INFO] - Checking timeout

2021-11-19 17:15:28 - [MESSAGE][INFO] - Finding web element with id: 'Object Repository/Sayfalar/Giris_Sayfasi/PopupOK' located by 'By.cssSelector: .btn.btn-success' in '5' second(s)

2021-11-19 17:15:28 - [MESSAGE][INFO] - Smart Wait Function is triggered

2021-11-19 17:15:29 - [MESSAGE][INFO] - Smart Wait Function is triggered

2021-11-19 17:15:29 - [MESSAGE][INFO] - Smart Wait Function is triggered

2021-11-19 17:15:29 - [MESSAGE][INFO] - Smart Wait Function is triggered

2021-11-19 17:15:30 - [MESSAGE][INFO] - Smart Wait Function is triggered

2021-11-19 17:15:30 - [MESSAGE][INFO] - Smart Wait Function is triggered

2021-11-19 17:15:30 - [MESSAGE][INFO] - Smart Wait Function is triggered

2021-11-19 17:15:31 - [MESSAGE][INFO] - Smart Wait Function is triggered

2021-11-19 17:15:31 - [MESSAGE][INFO] - Smart Wait Function is triggered

2021-11-19 17:15:31 - [MESSAGE][INFO] - Smart Wait Function is triggered

2021-11-19 17:15:31 - [MESSAGE][INFO] - Smart Wait Function is triggered

2021-11-19 17:15:32 - [MESSAGE][INFO] - Smart Wait Function is triggered

2021-11-19 17:15:32 - [MESSAGE][INFO] - Smart Wait Function is triggered

2021-11-19 17:15:32 - [MESSAGE][INFO] - Smart Wait Function is triggered

2021-11-19 17:15:32 - [MESSAGE][INFO] - Smart Wait Function is triggered

2021-11-19 17:15:33 - [MESSAGE][INFO] - Smart Wait Function is triggered

2021-11-19 17:15:33 - [MESSAGE][INFO] - Smart Wait Function is triggered

2021-11-19 17:15:33 - [MESSAGE][INFO] - Smart Wait Function is triggered

2021-11-19 17:15:34 - [MESSAGE][INFO] - Smart Wait Function is triggered

2021-11-19 17:15:34 - [MESSAGE][INFO] - Smart Wait Function is triggered

2021-11-19 17:15:34 - [MESSAGE][INFO] - Smart Wait Function is triggered

2021-11-19 17:15:34 - [MESSAGE][INFO] - Unable to find the element located by 'By.cssSelector: .btn.btn-success'. Please recheck the objects properties to make sure the desired element is located. 

2021-11-19 17:15:34 - [MESSAGE][WARNING] - com.kms.katalon.core.webui.exception.WebElementNotFoundException: Web element with id: 'Object Repository/Sayfalar/Giris_Sayfasi/PopupOK' located by '.btn.btn-success' not found (Root cause: com.kms.katalon.core.exception.StepFailedException: com.kms.katalon.core.webui.exception.WebElementNotFoundException: Web element with id: 'Object Repository/Sayfalar/Giris_Sayfasi/PopupOK' located by '.btn.btn-success' not found
	at com.kms.katalon.core.webui.keyword.internal.WebUIKeywordMain.stepFailed(WebUIKeywordMain.groovy:64)
	at com.kms.katalon.core.webui.keyword.builtin.VerifyElementPresentKeyword$_verifyElementPresent_closure1.doCall(VerifyElementPresentKeyword.groovy:85)
	at com.kms.katalon.core.webui.keyword.builtin.VerifyElementPresentKeyword$_verifyElementPresent_closure1.call(VerifyElementPresentKeyword.groovy)
	at com.kms.katalon.core.webui.keyword.internal.WebUIKeywordMain.runKeyword(WebUIKeywordMain.groovy:20)
	at com.kms.katalon.core.webui.keyword.builtin.VerifyElementPresentKeyword.verifyElementPresent(VerifyElementPresentKeyword.groovy:92)
	at com.kms.katalon.core.webui.keyword.builtin.VerifyElementPresentKeyword.execute(VerifyElementPresentKeyword.groovy:68)
	at com.kms.katalon.core.keyword.internal.KeywordExecutor.executeKeywordForPlatform(KeywordExecutor.groovy:73)
	at com.kms.katalon.core.webui.keyword.WebUiBuiltInKeywords.verifyElementPresent(WebUiBuiltInKeywords.groovy:1448)
	at com.kms.katalon.core.webui.keyword.WebUiBuiltInKeywords$verifyElementPresent$4.call(Unknown Source)
	at Login.run(Login:40)
	at com.kms.katalon.core.main.ScriptEngine.run(ScriptEngine.java:194)
	at com.kms.katalon.core.main.ScriptEngine.runScriptAsRawText(ScriptEngine.java:119)
	at com.kms.katalon.core.main.TestCaseExecutor.runScript(TestCaseExecutor.java:369)
	at com.kms.katalon.core.main.TestCaseExecutor.doExecute(TestCaseExecutor.java:360)
	at com.kms.katalon.core.main.TestCaseExecutor.processExecutionPhase(TestCaseExecutor.java:339)
	at com.kms.katalon.core.main.TestCaseExecutor.accessMainPhase(TestCaseExecutor.java:331)
	at com.kms.katalon.core.main.TestCaseExecutor.execute(TestCaseExecutor.java:248)
	at com.kms.katalon.core.main.TestCaseMain.runTestCase(TestCaseMain.java:138)
	at com.kms.katalon.core.keyword.builtin.CallTestCaseKeyword$_callTestCase_closure1.doCall(CallTestCaseKeyword.groovy:59)
	at com.kms.katalon.core.keyword.builtin.CallTestCaseKeyword$_callTestCase_closure1.call(CallTestCaseKeyword.groovy)
	at com.kms.katalon.core.keyword.internal.KeywordMain.runKeyword(KeywordMain.groovy:68)
	at com.kms.katalon.core.keyword.builtin.CallTestCaseKeyword.callTestCase(CallTestCaseKeyword.groovy:81)
	at com.kms.katalon.core.keyword.builtin.CallTestCaseKeyword.execute(CallTestCaseKeyword.groovy:44)
	at com.kms.katalon.core.keyword.internal.KeywordExecutor.executeKeywordForPlatform(KeywordExecutor.groovy:73)
	at com.kms.katalon.core.keyword.BuiltinKeywords.callTestCase(BuiltinKeywords.groovy:334)
	at sayfalar.girisSayfasi.login(girisSayfasi.groovy:50)
	at cucumber.runtime.Utils$1.call(Utils.java:26)
	at cucumber.runtime.Timeout.timeout(Timeout.java:16)
	at cucumber.runtime.Utils.invoke(Utils.java:20)
	at cucumber.runtime.java.JavaStepDefinition.execute(JavaStepDefinition.java:49)
	at cucumber.runner.PickleStepDefinitionMatch.runStep(PickleStepDefinitionMatch.java:50)
	at cucumber.runner.TestStep.executeStep(TestStep.java:63)
	at cucumber.runner.TestStep.run(TestStep.java:49)
	at cucumber.runner.PickleStepTestStep.run(PickleStepTestStep.java:43)
	at cucumber.runner.TestCase.run(TestCase.java:44)
	at cucumber.runner.Runner.runPickle(Runner.java:40)
	at cucumber.runtime.Runtime$1.run(Runtime.java:84)
	at cucumber.runtime.Runtime$SameThreadExecutorService.execute(Runtime.java:220)
	at cucumber.runtime.Runtime.run(Runtime.java:81)
	at cucumber.api.cli.Main.run(Main.java:26)
	at cucumber.api.cli.Main$run.call(Unknown Source)
	at com.kms.katalon.core.cucumber.keyword.CucumberBuiltinKeywords$_runFeatureFile_closure1.doCall(CucumberBuiltinKeywords.groovy:106)
	at com.kms.katalon.core.cucumber.keyword.CucumberBuiltinKeywords$_runFeatureFile_closure1.doCall(CucumberBuiltinKeywords.groovy)
	at com.kms.katalon.core.keyword.internal.KeywordMain.runKeyword(KeywordMain.groovy:68)
	at com.kms.katalon.core.keyword.internal.KeywordMain$runKeyword.call(Unknown Source)
	at com.kms.katalon.core.cucumber.keyword.CucumberBuiltinKeywords.runFeatureFile(CucumberBuiltinKeywords.groovy:73)
	at com.kms.katalon.core.cucumber.keyword.CucumberBuiltinKeywords$runFeatureFile$0.callStatic(Unknown Source)
	at com.kms.katalon.core.cucumber.keyword.CucumberBuiltinKeywords.runFeatureFile(CucumberBuiltinKeywords.groovy:246)
	at com.kms.katalon.core.cucumber.keyword.CucumberBuiltinKeywords$runFeatureFile.call(Unknown Source)
	at VKN-Kagit-Ozel Matrah.run(VKN-Kagit-Ozel Matrah:19)
	at com.kms.katalon.core.main.ScriptEngine.run(ScriptEngine.java:194)
	at com.kms.katalon.core.main.ScriptEngine.runScriptAsRawText(ScriptEngine.java:119)
	at com.kms.katalon.core.main.TestCaseExecutor.runScript(TestCaseExecutor.java:369)
	at com.kms.katalon.core.main.TestCaseExecutor.doExecute(TestCaseExecutor.java:360)
	at com.kms.katalon.core.main.TestCaseExecutor.processExecutionPhase(TestCaseExecutor.java:339)
	at com.kms.katalon.core.main.TestCaseExecutor.accessMainPhase(TestCaseExecutor.java:331)
	at com.kms.katalon.core.main.TestCaseExecutor.execute(TestCaseExecutor.java:248)
	at com.kms.katalon.core.main.TestSuiteExecutor.accessTestCaseMainPhase(TestSuiteExecutor.java:191)
	at com.kms.katalon.core.main.TestSuiteExecutor.accessTestSuiteMainPhase(TestSuiteExecutor.java:140)
	at com.kms.katalon.core.main.TestSuiteExecutor.execute(TestSuiteExecutor.java:89)
	at com.kms.katalon.core.main.TestCaseMain.startTestSuite(TestCaseMain.java:181)
	at com.kms.katalon.core.main.TestCaseMain$startTestSuite$0.call(Unknown Source)
	at TempTestSuite1637329560940.run(TempTestSuite1637329560940.groovy:39)
)

2021-11-19 17:15:34 - [TEST_STEP][PASSED] - verifyElementVisible(findTestObject("Object Repository/Kullanici_Islemleri/KullaniciIslemleri")): Object 'Object Repository/Kullanici_Islemleri/KullaniciIslemleri' is visible

2021-11-19 17:15:34 - [MESSAGE][INFO] - Finding Test Object 'Object Repository/Kullanici_Islemleri/KullaniciIslemleri'

2021-11-19 17:15:35 - [MESSAGE][INFO] - Checking object

2021-11-19 17:15:35 - [MESSAGE][INFO] - Finding web element from Test Object's properties

2021-11-19 17:15:35 - [MESSAGE][INFO] - Checking timeout

2021-11-19 17:15:35 - [MESSAGE][INFO] - Finding web element with id: 'Object Repository/Kullanici_Islemleri/KullaniciIslemleri' located by 'By.cssSelector: .dropdown>a>img' in '30' second(s)

2021-11-19 17:15:35 - [MESSAGE][INFO] - Smart Wait Function is triggered

2021-11-19 17:15:35 - [MESSAGE][INFO] - Found 1 web elements with id: 'Object Repository/Kullanici_Islemleri/KullaniciIslemleri' located by 'By.cssSelector: .dropdown>a>img' in '30' second(s)

2021-11-19 17:15:35 - [MESSAGE][PASSED] - Object 'Object Repository/Kullanici_Islemleri/KullaniciIslemleri' is visible

2021-11-19 17:15:35 - [MESSAGE][PASSED] - Call Test Case 'Test Cases/Sayfalar/Giris_Sayfasi/Login' successfully

2021-11-19 17:15:35 - [MESSAGE][INFO] - Checking called Test Case

2021-11-19 17:15:35 - [MESSAGE][INFO] - Starting to call Test Case 'Test Cases/Menu/AnaMenuSecimi'

2021-11-19 17:15:35 - [TEST_CASE][PASSED] - Test Cases/Menu/AnaMenuSecimi: Test Cases/Menu/AnaMenuSecimi

2021-11-19 17:15:35 - [TEST_STEP][PASSED] - Method.TextDegerineEsitElementeTikla(findTestObject("Menu/Ana_Menu"), Ana_Menu): Method.TextDegerineEsitElementeTikla is PASSED

2021-11-19 17:15:35 - [MESSAGE][INFO] - Finding Test Object 'Object Repository/Menu/Ana_Menu'

2021-11-19 17:15:35 - [MESSAGE][INFO] - Checking timeout

2021-11-19 17:15:35 - [MESSAGE][INFO] - Finding web element with id: 'Object Repository/Menu/Ana_Menu' located by 'By.xpath: //*[@class = 'dropdown-toggle']' in '10' second(s)

2021-11-19 17:15:35 - [MESSAGE][INFO] - Smart Wait Function is triggered

2021-11-19 17:15:35 - [MESSAGE][INFO] - Found 13 web elements with id: 'Object Repository/Menu/Ana_Menu' located by 'By.xpath: //*[@class = 'dropdown-toggle']' in '10' second(s)

2021-11-19 17:15:35 - [MESSAGE][PASSED] - Method.TextDegerineEsitElementeTikla is PASSED

2021-11-19 17:15:35 - [MESSAGE][PASSED] - Call Test Case 'Test Cases/Menu/AnaMenuSecimi' successfully

2021-11-19 17:15:35 - [MESSAGE][INFO] - Checking called Test Case

2021-11-19 17:15:35 - [MESSAGE][INFO] - Starting to call Test Case 'Test Cases/Menu/BasligaGoreAltMenuSecimi'

2021-11-19 17:15:36 - [TEST_CASE][PASSED] - Test Cases/Menu/BasligaGoreAltMenuSecimi: Test Cases/Menu/BasligaGoreAltMenuSecimi

2021-11-19 17:15:36 - [TEST_STEP][PASSED] - Method.TextDegerineEsitElementinAltindakiTextDegerineEsitOlanaTikla(findTestObject("Menu/Menu_Basligi"), findTestObject("Menu/Basliga_Gore_Alt_Menu"), Baslik, Alt_Menu): Method.TextDegerineEsitElementinAltindakiTextDegerineEsitOlanaTikla is PASSED

2021-11-19 17:15:36 - [MESSAGE][INFO] - Finding Test Object 'Object Repository/Menu/Menu_Basligi'

2021-11-19 17:15:36 - [MESSAGE][INFO] - Finding Test Object 'Object Repository/Menu/Basliga_Gore_Alt_Menu'

2021-11-19 17:15:36 - [MESSAGE][INFO] - Checking timeout

2021-11-19 17:15:36 - [MESSAGE][INFO] - Finding web element with id: 'Object Repository/Menu/Menu_Basligi' located by 'By.xpath: //li[@class='dropdown dropdown-large open']//li[@class='dropdown-header']' in '10' second(s)

2021-11-19 17:15:36 - [MESSAGE][INFO] - Smart Wait Function is triggered

2021-11-19 17:15:36 - [MESSAGE][INFO] - Found 2 web elements with id: 'Object Repository/Menu/Menu_Basligi' located by 'By.xpath: //li[@class='dropdown dropdown-large open']//li[@class='dropdown-header']' in '10' second(s)

2021-11-19 17:15:36 - [MESSAGE][INFO] - Smart Wait Function is triggered

2021-11-19 17:15:40 - [MESSAGE][PASSED] - Method.TextDegerineEsitElementinAltindakiTextDegerineEsitOlanaTikla is PASSED

2021-11-19 17:15:40 - [MESSAGE][PASSED] - Call Test Case 'Test Cases/Menu/BasligaGoreAltMenuSecimi' successfully

2021-11-19 17:15:40 - [MESSAGE][INFO] - Checking called Test Case

2021-11-19 17:15:40 - [MESSAGE][INFO] - Starting to call Test Case 'Test Cases/Tablo/Olusturma Tarihi'

2021-11-19 17:15:40 - [TEST_CASE][PASSED] - Test Cases/Tablo/Olusturma Tarihi: Test Cases/Tablo/Olusturma Tarihi

2021-11-19 17:15:40 - [TEST_STEP][PASSED] - if (verifyTextNotPresent("Görüntülenecek veri yok", true, OPTIONAL)): null

2021-11-19 17:15:40 - [MESSAGE][INFO] - Checking text present  using regular expression

2021-11-19 17:15:40 - [MESSAGE][INFO] - Smart Wait Function is triggered

2021-11-19 17:15:41 - [MESSAGE][INFO] - Finding text 'Görüntülenecek veri yok' on page  using regular expression

2021-11-19 17:15:41 - [MESSAGE][PASSED] - Text 'Görüntülenecek veri yok' is not present on page using regular expression

2021-11-19 17:15:41 - [TEST_STEP][PASSED] - click(findTestObject("Temizle/Olusturma_Tarihi_CheckBox")): Object: 'Object Repository/Temizle/Olusturma_Tarihi_CheckBox' is clicked on

2021-11-19 17:15:41 - [MESSAGE][INFO] - Finding Test Object 'Object Repository/Temizle/Olusturma_Tarihi_CheckBox'

2021-11-19 17:15:41 - [MESSAGE][INFO] - Checking object

2021-11-19 17:15:41 - [MESSAGE][INFO] - Finding web element from Test Object's properties

2021-11-19 17:15:41 - [MESSAGE][INFO] - Checking timeout

2021-11-19 17:15:41 - [MESSAGE][INFO] - Finding web element with id: 'Object Repository/Temizle/Olusturma_Tarihi_CheckBox' located by 'By.xpath: //*[@title = 'Bu sayfadaki tüm satırları Seç']' in '30' second(s)

2021-11-19 17:15:41 - [MESSAGE][INFO] - Smart Wait Function is triggered

2021-11-19 17:15:41 - [MESSAGE][INFO] - Found 1 web elements with id: 'Object Repository/Temizle/Olusturma_Tarihi_CheckBox' located by 'By.xpath: //*[@title = 'Bu sayfadaki tüm satırları Seç']' in '30' second(s)

2021-11-19 17:15:41 - [MESSAGE][INFO] - Clicking on object: 'Object Repository/Temizle/Olusturma_Tarihi_CheckBox'

2021-11-19 17:15:41 - [MESSAGE][PASSED] - Object: 'Object Repository/Temizle/Olusturma_Tarihi_CheckBox' is clicked on

2021-11-19 17:15:41 - [TEST_STEP][PASSED] - Method.TextDegerineEsitElementeTiklaEquals(findTestObject("Butonlar/Butonlar"), "Sil"): Method.TextDegerineEsitElementeTiklaEquals is PASSED

2021-11-19 17:15:41 - [MESSAGE][INFO] - Finding Test Object 'Object Repository/Butonlar/Butonlar'

2021-11-19 17:15:41 - [MESSAGE][INFO] - Checking timeout

2021-11-19 17:15:41 - [MESSAGE][INFO] - Finding web element with id: 'Object Repository/Butonlar/Butonlar' located by 'By.cssSelector: .panel.panel-default.text-center.footerPanel .btn,.btn.btn-primary.btnControls' in '10' second(s)

2021-11-19 17:15:41 - [MESSAGE][INFO] - Smart Wait Function is triggered

2021-11-19 17:15:42 - [MESSAGE][INFO] - Found 9 web elements with id: 'Object Repository/Butonlar/Butonlar' located by 'By.cssSelector: .panel.panel-default.text-center.footerPanel .btn,.btn.btn-primary.btnControls' in '10' second(s)

2021-11-19 17:15:42 - [MESSAGE][PASSED] - Method.TextDegerineEsitElementeTiklaEquals is PASSED

2021-11-19 17:15:42 - [TEST_STEP][PASSED] - Method.TextDegerineEsitElementeTikla(findTestObject("Popup/Popup_Butons"), "Evet"): Method.TextDegerineEsitElementeTikla is PASSED

2021-11-19 17:15:42 - [MESSAGE][INFO] - Finding Test Object 'Object Repository/Popup/Popup_Butons'

2021-11-19 17:15:42 - [MESSAGE][INFO] - Checking timeout

2021-11-19 17:15:42 - [MESSAGE][INFO] - Finding web element with id: 'Object Repository/Popup/Popup_Butons' located by 'By.cssSelector: .modal-footer>button' in '10' second(s)

2021-11-19 17:15:42 - [MESSAGE][INFO] - Smart Wait Function is triggered

2021-11-19 17:15:43 - [MESSAGE][INFO] - Found 2 web elements with id: 'Object Repository/Popup/Popup_Butons' located by 'By.cssSelector: .modal-footer>button' in '10' second(s)

2021-11-19 17:15:43 - [MESSAGE][PASSED] - Method.TextDegerineEsitElementeTikla is PASSED

2021-11-19 17:15:43 - [TEST_STEP][PASSED] - Method.TextDegerineEsitElementeTikla(findTestObject("Popup/Popup_Butons"), "Tamam"): Method.TextDegerineEsitElementeTikla is PASSED

2021-11-19 17:15:43 - [MESSAGE][INFO] - Finding Test Object 'Object Repository/Popup/Popup_Butons'

2021-11-19 17:15:43 - [MESSAGE][INFO] - Checking timeout

2021-11-19 17:15:43 - [MESSAGE][INFO] - Finding web element with id: 'Object Repository/Popup/Popup_Butons' located by 'By.cssSelector: .modal-footer>button' in '10' second(s)

2021-11-19 17:15:43 - [MESSAGE][INFO] - Smart Wait Function is triggered

2021-11-19 17:15:44 - [MESSAGE][INFO] - Found 1 web elements with id: 'Object Repository/Popup/Popup_Butons' located by 'By.cssSelector: .modal-footer>button' in '10' second(s)

2021-11-19 17:15:44 - [MESSAGE][PASSED] - Method.TextDegerineEsitElementeTikla is PASSED

2021-11-19 17:15:44 - [MESSAGE][PASSED] - Call Test Case 'Test Cases/Tablo/Olusturma Tarihi' successfully

2021-11-19 17:15:44 - [MESSAGE][INFO] - Checking called Test Case

2021-11-19 17:15:44 - [MESSAGE][INFO] - Starting to call Test Case 'Test Cases/Butonlar/ButonaTikla'

2021-11-19 17:15:44 - [TEST_CASE][PASSED] - Test Cases/Butonlar/ButonaTikla: Test Cases/Butonlar/ButonaTikla

2021-11-19 17:15:44 - [TEST_STEP][PASSED] - Method.TextDegerineEsitElementeTiklaEquals(findTestObject("Butonlar/Butonlar"), Buton_Adi): Method.TextDegerineEsitElementeTiklaEquals is PASSED

2021-11-19 17:15:44 - [MESSAGE][INFO] - Finding Test Object 'Object Repository/Butonlar/Butonlar'

2021-11-19 17:15:44 - [MESSAGE][INFO] - Checking timeout

2021-11-19 17:15:44 - [MESSAGE][INFO] - Finding web element with id: 'Object Repository/Butonlar/Butonlar' located by 'By.cssSelector: .panel.panel-default.text-center.footerPanel .btn,.btn.btn-primary.btnControls' in '10' second(s)

2021-11-19 17:15:44 - [MESSAGE][INFO] - Smart Wait Function is triggered

2021-11-19 17:15:45 - [MESSAGE][INFO] - Found 9 web elements with id: 'Object Repository/Butonlar/Butonlar' located by 'By.cssSelector: .panel.panel-default.text-center.footerPanel .btn,.btn.btn-primary.btnControls' in '10' second(s)

2021-11-19 17:15:45 - [MESSAGE][PASSED] - Method.TextDegerineEsitElementeTiklaEquals is PASSED

2021-11-19 17:15:45 - [MESSAGE][PASSED] - Call Test Case 'Test Cases/Butonlar/ButonaTikla' successfully

2021-11-19 17:15:45 - [MESSAGE][INFO] - Checking called Test Case

2021-11-19 17:15:45 - [MESSAGE][INFO] - Starting to call Test Case 'Test Cases/Olusturma/Genel/GorselTasarimSayfasıBasligiIceriyorMu'

2021-11-19 17:15:45 - [TEST_CASE][PASSED] - Test Cases/Olusturma/Genel/GorselTasarimSayfasıBasligiIceriyorMu: Test Cases/Olusturma/Genel/GorselTasarimSayfasıBasligiIceriyorMu

2021-11-19 17:15:45 - [TEST_STEP][PASSED] - verifyElementText(findTestObject("Object Repository/Olusturma/Genel/GorselTasarimBaslik"), Baslik): Actual text and expected text of test object 'Object Repository/Olusturma/Genel/GorselTasarimBaslik' are matched.

2021-11-19 17:15:45 - [MESSAGE][INFO] - Finding Test Object 'Object Repository/Olusturma/Genel/GorselTasarimBaslik'

2021-11-19 17:15:45 - [MESSAGE][INFO] - Checking object

2021-11-19 17:15:45 - [MESSAGE][INFO] - Finding web element from Test Object's properties

2021-11-19 17:15:45 - [MESSAGE][INFO] - Checking timeout

2021-11-19 17:15:45 - [MESSAGE][INFO] - Finding web element with id: 'Object Repository/Olusturma/Genel/GorselTasarimBaslik' located by 'By.cssSelector: #flAlici_0>div>span' in '30' second(s)

2021-11-19 17:15:45 - [MESSAGE][INFO] - Smart Wait Function is triggered

2021-11-19 17:15:51 - [MESSAGE][INFO] - Found 1 web elements with id: 'Object Repository/Olusturma/Genel/GorselTasarimBaslik' located by 'By.cssSelector: #flAlici_0>div>span' in '30' second(s)

2021-11-19 17:15:51 - [MESSAGE][PASSED] - Actual text and expected text of test object 'Object Repository/Olusturma/Genel/GorselTasarimBaslik' are matched.

2021-11-19 17:15:51 - [MESSAGE][PASSED] - Call Test Case 'Test Cases/Olusturma/Genel/GorselTasarimSayfasıBasligiIceriyorMu' successfully

2021-11-19 17:15:52 - [MESSAGE][INFO] - Checking called Test Case

2021-11-19 17:15:52 - [MESSAGE][INFO] - Starting to call Test Case 'Test Cases/Olusturma/Genel/AliciSecilir'

2021-11-19 17:15:52 - [TEST_CASE][PASSED] - Test Cases/Olusturma/Genel/AliciSecilir: Test Cases/Olusturma/Genel/AliciSecilir

2021-11-19 17:15:52 - [TEST_STEP][PASSED] - click(findTestObject("Olusturma/Genel/AliciBilgisi/Alici_Ara")): Object: 'Object Repository/Olusturma/Genel/AliciBilgisi/Alici_Ara' is clicked on

2021-11-19 17:15:52 - [MESSAGE][INFO] - Finding Test Object 'Object Repository/Olusturma/Genel/AliciBilgisi/Alici_Ara'

2021-11-19 17:15:52 - [MESSAGE][INFO] - Checking object

2021-11-19 17:15:52 - [MESSAGE][INFO] - Finding web element from Test Object's properties

2021-11-19 17:15:52 - [MESSAGE][INFO] - Checking timeout

2021-11-19 17:15:52 - [MESSAGE][INFO] - Finding web element with id: 'Object Repository/Olusturma/Genel/AliciBilgisi/Alici_Ara' located by 'By.xpath: //td[@id='txtCustomerText_B-1']' in '30' second(s)

2021-11-19 17:15:52 - [MESSAGE][INFO] - Smart Wait Function is triggered

2021-11-19 17:15:52 - [MESSAGE][INFO] - Found 1 web elements with id: 'Object Repository/Olusturma/Genel/AliciBilgisi/Alici_Ara' located by 'By.xpath: //td[@id='txtCustomerText_B-1']' in '30' second(s)

2021-11-19 17:15:52 - [MESSAGE][INFO] - Clicking on object: 'Object Repository/Olusturma/Genel/AliciBilgisi/Alici_Ara'

2021-11-19 17:15:52 - [MESSAGE][PASSED] - Object: 'Object Repository/Olusturma/Genel/AliciBilgisi/Alici_Ara' is clicked on

2021-11-19 17:15:52 - [TEST_STEP][PASSED] - click(findTestObject("Olusturma/Genel/AliciBilgisi/Alici_Bilgisi")): Object: 'Object Repository/Olusturma/Genel/AliciBilgisi/Alici_Bilgisi' is clicked on

2021-11-19 17:15:52 - [MESSAGE][INFO] - Finding Test Object 'Object Repository/Olusturma/Genel/AliciBilgisi/Alici_Bilgisi'

2021-11-19 17:15:52 - [MESSAGE][INFO] - Checking object

2021-11-19 17:15:52 - [MESSAGE][INFO] - Finding web element from Test Object's properties

2021-11-19 17:15:52 - [MESSAGE][INFO] - Checking timeout

2021-11-19 17:15:52 - [MESSAGE][INFO] - Finding web element with id: 'Object Repository/Olusturma/Genel/AliciBilgisi/Alici_Bilgisi' located by 'By.xpath: //iframe[@id='customerselectiframe']' in '30' second(s)

2021-11-19 17:15:52 - [MESSAGE][INFO] - Smart Wait Function is triggered

2021-11-19 17:15:53 - [MESSAGE][INFO] - Found 1 web elements with id: 'Object Repository/Olusturma/Genel/AliciBilgisi/Alici_Bilgisi' located by 'By.xpath: //iframe[@id='customerselectiframe']' in '30' second(s)

2021-11-19 17:15:53 - [MESSAGE][INFO] - Clicking on object: 'Object Repository/Olusturma/Genel/AliciBilgisi/Alici_Bilgisi'

2021-11-19 17:15:53 - [MESSAGE][PASSED] - Object: 'Object Repository/Olusturma/Genel/AliciBilgisi/Alici_Bilgisi' is clicked on

2021-11-19 17:15:53 - [TEST_STEP][PASSED] - setText(findTestObject("Olusturma/Genel/AliciBilgisi/Alici_Gir"), Alici_Adi): Switching to default content

2021-11-19 17:15:53 - [MESSAGE][INFO] - Finding Test Object 'Object Repository/Olusturma/Genel/AliciBilgisi/Alici_Gir'

2021-11-19 17:15:53 - [MESSAGE][INFO] - Finding Test Object 'Object Repository/Olusturma/Genel/AliciBilgisi/Alici_Bilgisi'

2021-11-19 17:15:53 - [MESSAGE][INFO] - Checking object

2021-11-19 17:15:53 - [MESSAGE][INFO] - Checking text

2021-11-19 17:15:53 - [MESSAGE][INFO] - Object: 'Object Repository/Olusturma/Genel/AliciBilgisi/Alici_Gir' has parent object(s)

2021-11-19 17:15:53 - [MESSAGE][INFO] - Switching to iframe: 'Object Repository/Olusturma/Genel/AliciBilgisi/Alici_Bilgisi'

2021-11-19 17:15:53 - [MESSAGE][INFO] - Finding web element from Test Object's properties

2021-11-19 17:15:53 - [MESSAGE][INFO] - Checking timeout

2021-11-19 17:15:53 - [MESSAGE][INFO] - Finding web element with id: 'Object Repository/Olusturma/Genel/AliciBilgisi/Alici_Bilgisi' located by 'By.xpath: //iframe[@id='customerselectiframe']' in '30' second(s)

2021-11-19 17:15:53 - [MESSAGE][INFO] - Smart Wait Function is triggered

2021-11-19 17:15:53 - [MESSAGE][INFO] - Found 1 web elements with id: 'Object Repository/Olusturma/Genel/AliciBilgisi/Alici_Bilgisi' located by 'By.xpath: //iframe[@id='customerselectiframe']' in '30' second(s)

2021-11-19 17:15:53 - [MESSAGE][INFO] - Switched to iframe: 'Object Repository/Olusturma/Genel/AliciBilgisi/Alici_Bilgisi'

2021-11-19 17:15:53 - [MESSAGE][INFO] - Finding web element from Test Object's properties

2021-11-19 17:15:53 - [MESSAGE][INFO] - Checking timeout

2021-11-19 17:15:53 - [MESSAGE][INFO] - Finding web element with id: 'Object Repository/Olusturma/Genel/AliciBilgisi/Alici_Gir' located by 'By.xpath: //input[@id='GridViewCustomer_DXFREditorcol1_I']' in '30' second(s)

2021-11-19 17:15:53 - [MESSAGE][INFO] - Smart Wait Function is triggered

2021-11-19 17:15:53 - [MESSAGE][INFO] - Found 1 web elements with id: 'Object Repository/Olusturma/Genel/AliciBilgisi/Alici_Gir' located by 'By.xpath: //input[@id='GridViewCustomer_DXFREditorcol1_I']' in '30' second(s)

2021-11-19 17:15:53 - [MESSAGE][INFO] - Clearing text of object 'Object Repository/Olusturma/Genel/AliciBilgisi/Alici_Gir'

2021-11-19 17:15:53 - [MESSAGE][INFO] - Finding web element from Test Object's properties

2021-11-19 17:15:53 - [MESSAGE][INFO] - Checking timeout

2021-11-19 17:15:53 - [MESSAGE][INFO] - Finding web element with id: 'Object Repository/Olusturma/Genel/AliciBilgisi/Alici_Gir' located by 'By.xpath: //input[@id='GridViewCustomer_DXFREditorcol1_I']' in '30' second(s)

2021-11-19 17:15:53 - [MESSAGE][INFO] - Smart Wait Function is triggered

2021-11-19 17:15:53 - [MESSAGE][INFO] - Found 1 web elements with id: 'Object Repository/Olusturma/Genel/AliciBilgisi/Alici_Gir' located by 'By.xpath: //input[@id='GridViewCustomer_DXFREditorcol1_I']' in '30' second(s)

2021-11-19 17:15:53 - [MESSAGE][INFO] - Setting text of object 'Object Repository/Olusturma/Genel/AliciBilgisi/Alici_Gir' to value 'UC0014'

2021-11-19 17:15:53 - [MESSAGE][PASSED] - Text 'UC0014' is set on object 'Object Repository/Olusturma/Genel/AliciBilgisi/Alici_Gir'

2021-11-19 17:15:53 - [MESSAGE][INFO] - Switching to default content

2021-11-19 17:15:53 - [TEST_STEP][PASSED] - waitForElementClickable(findTestObject("Olusturma/Genel/AliciBilgisi/Alici_Adi"), 10): Switching to default content

2021-11-19 17:15:53 - [MESSAGE][INFO] - Finding Test Object 'Object Repository/Olusturma/Genel/AliciBilgisi/Alici_Adi'

2021-11-19 17:15:53 - [MESSAGE][INFO] - Finding Test Object 'Object Repository/Olusturma/Genel/AliciBilgisi/iframe_Alc Bilgisi_customerselectiframe'

2021-11-19 17:15:53 - [MESSAGE][INFO] - Checking object

2021-11-19 17:15:53 - [MESSAGE][INFO] - Checking timeout

2021-11-19 17:15:53 - [MESSAGE][INFO] - Object: 'Object Repository/Olusturma/Genel/AliciBilgisi/Alici_Adi' has parent object(s)

2021-11-19 17:15:53 - [MESSAGE][INFO] - Switching to iframe: 'Object Repository/Olusturma/Genel/AliciBilgisi/iframe_Alc Bilgisi_customerselectiframe'

2021-11-19 17:15:53 - [MESSAGE][INFO] - Finding web element from Test Object's properties

2021-11-19 17:15:53 - [MESSAGE][INFO] - Checking timeout

2021-11-19 17:15:53 - [MESSAGE][INFO] - Finding web element with id: 'Object Repository/Olusturma/Genel/AliciBilgisi/iframe_Alc Bilgisi_customerselectiframe' located by 'By.xpath: //iframe[@id='customerselectiframe']' in '10' second(s)

2021-11-19 17:15:53 - [MESSAGE][INFO] - Smart Wait Function is triggered

2021-11-19 17:15:54 - [MESSAGE][INFO] - Found 1 web elements with id: 'Object Repository/Olusturma/Genel/AliciBilgisi/iframe_Alc Bilgisi_customerselectiframe' located by 'By.xpath: //iframe[@id='customerselectiframe']' in '10' second(s)

2021-11-19 17:15:54 - [MESSAGE][INFO] - Switched to iframe: 'Object Repository/Olusturma/Genel/AliciBilgisi/iframe_Alc Bilgisi_customerselectiframe'

2021-11-19 17:15:54 - [MESSAGE][INFO] - Finding web element from Test Object's properties

2021-11-19 17:15:54 - [MESSAGE][INFO] - Checking timeout

2021-11-19 17:15:54 - [MESSAGE][INFO] - Finding web element with id: 'Object Repository/Olusturma/Genel/AliciBilgisi/Alici_Adi' located by 'By.xpath: //tr[@id='GridViewCustomer_DXDataRow0']/td[2]' in '10' second(s)

2021-11-19 17:15:54 - [MESSAGE][INFO] - Smart Wait Function is triggered

2021-11-19 17:15:54 - [MESSAGE][INFO] - Found 1 web elements with id: 'Object Repository/Olusturma/Genel/AliciBilgisi/Alici_Adi' located by 'By.xpath: //tr[@id='GridViewCustomer_DXDataRow0']/td[2]' in '10' second(s)

2021-11-19 17:15:54 - [MESSAGE][PASSED] - Object 'Object Repository/Olusturma/Genel/AliciBilgisi/Alici_Adi' is clickable

2021-11-19 17:15:54 - [MESSAGE][INFO] - Switching to default content

2021-11-19 17:15:54 - [TEST_STEP][PASSED] - click(findTestObject("Olusturma/Genel/AliciBilgisi/frame")): Switching to default content

2021-11-19 17:15:54 - [MESSAGE][INFO] - Finding Test Object 'Object Repository/Olusturma/Genel/AliciBilgisi/frame'

2021-11-19 17:15:54 - [MESSAGE][INFO] - Finding Test Object 'Object Repository/Olusturma/Genel/AliciBilgisi/iframe_Alc Bilgisi_customerselectiframe'

2021-11-19 17:15:54 - [MESSAGE][INFO] - Checking object

2021-11-19 17:15:54 - [MESSAGE][INFO] - Object: 'Object Repository/Olusturma/Genel/AliciBilgisi/frame' has parent object(s)

2021-11-19 17:15:54 - [MESSAGE][INFO] - Switching to iframe: 'Object Repository/Olusturma/Genel/AliciBilgisi/iframe_Alc Bilgisi_customerselectiframe'

2021-11-19 17:15:54 - [MESSAGE][INFO] - Finding web element from Test Object's properties

2021-11-19 17:15:54 - [MESSAGE][INFO] - Checking timeout

2021-11-19 17:15:54 - [MESSAGE][INFO] - Finding web element with id: 'Object Repository/Olusturma/Genel/AliciBilgisi/iframe_Alc Bilgisi_customerselectiframe' located by 'By.xpath: //iframe[@id='customerselectiframe']' in '30' second(s)

2021-11-19 17:15:54 - [MESSAGE][INFO] - Smart Wait Function is triggered

2021-11-19 17:15:54 - [MESSAGE][INFO] - Found 1 web elements with id: 'Object Repository/Olusturma/Genel/AliciBilgisi/iframe_Alc Bilgisi_customerselectiframe' located by 'By.xpath: //iframe[@id='customerselectiframe']' in '30' second(s)

2021-11-19 17:15:54 - [MESSAGE][INFO] - Switched to iframe: 'Object Repository/Olusturma/Genel/AliciBilgisi/iframe_Alc Bilgisi_customerselectiframe'

2021-11-19 17:15:54 - [MESSAGE][INFO] - Finding web element from Test Object's properties

2021-11-19 17:15:54 - [MESSAGE][INFO] - Checking timeout

2021-11-19 17:15:54 - [MESSAGE][INFO] - Finding web element with id: 'Object Repository/Olusturma/Genel/AliciBilgisi/frame' located by 'By.xpath: //*/text()[normalize-space(.)='']/parent::*' in '30' second(s)

2021-11-19 17:15:54 - [MESSAGE][INFO] - Smart Wait Function is triggered

2021-11-19 17:15:54 - [MESSAGE][INFO] - Found 66 web elements with id: 'Object Repository/Olusturma/Genel/AliciBilgisi/frame' located by 'By.xpath: //*/text()[normalize-space(.)='']/parent::*' in '30' second(s)

2021-11-19 17:15:54 - [MESSAGE][INFO] - Clicking on object: 'Object Repository/Olusturma/Genel/AliciBilgisi/frame'

2021-11-19 17:15:55 - [MESSAGE][PASSED] - Object: 'Object Repository/Olusturma/Genel/AliciBilgisi/frame' is clicked on

2021-11-19 17:15:55 - [MESSAGE][INFO] - Switching to default content

2021-11-19 17:15:55 - [TEST_STEP][PASSED] - click(findTestObject("Olusturma/Genel/AliciBilgisi/Alici_Adi")): Switching to default content

2021-11-19 17:15:55 - [MESSAGE][INFO] - Finding Test Object 'Object Repository/Olusturma/Genel/AliciBilgisi/Alici_Adi'

2021-11-19 17:15:55 - [MESSAGE][INFO] - Finding Test Object 'Object Repository/Olusturma/Genel/AliciBilgisi/iframe_Alc Bilgisi_customerselectiframe'

2021-11-19 17:15:55 - [MESSAGE][INFO] - Checking object

2021-11-19 17:15:55 - [MESSAGE][INFO] - Object: 'Object Repository/Olusturma/Genel/AliciBilgisi/Alici_Adi' has parent object(s)

2021-11-19 17:15:55 - [MESSAGE][INFO] - Switching to iframe: 'Object Repository/Olusturma/Genel/AliciBilgisi/iframe_Alc Bilgisi_customerselectiframe'

2021-11-19 17:15:55 - [MESSAGE][INFO] - Finding web element from Test Object's properties

2021-11-19 17:15:55 - [MESSAGE][INFO] - Checking timeout

2021-11-19 17:15:55 - [MESSAGE][INFO] - Finding web element with id: 'Object Repository/Olusturma/Genel/AliciBilgisi/iframe_Alc Bilgisi_customerselectiframe' located by 'By.xpath: //iframe[@id='customerselectiframe']' in '30' second(s)

2021-11-19 17:15:55 - [MESSAGE][INFO] - Smart Wait Function is triggered

2021-11-19 17:15:55 - [MESSAGE][INFO] - Found 1 web elements with id: 'Object Repository/Olusturma/Genel/AliciBilgisi/iframe_Alc Bilgisi_customerselectiframe' located by 'By.xpath: //iframe[@id='customerselectiframe']' in '30' second(s)

2021-11-19 17:15:55 - [MESSAGE][INFO] - Switched to iframe: 'Object Repository/Olusturma/Genel/AliciBilgisi/iframe_Alc Bilgisi_customerselectiframe'

2021-11-19 17:15:55 - [MESSAGE][INFO] - Finding web element from Test Object's properties

2021-11-19 17:15:55 - [MESSAGE][INFO] - Checking timeout

2021-11-19 17:15:55 - [MESSAGE][INFO] - Finding web element with id: 'Object Repository/Olusturma/Genel/AliciBilgisi/Alici_Adi' located by 'By.xpath: //tr[@id='GridViewCustomer_DXDataRow0']/td[2]' in '30' second(s)

2021-11-19 17:15:55 - [MESSAGE][INFO] - Smart Wait Function is triggered

2021-11-19 17:15:55 - [MESSAGE][INFO] - Found 1 web elements with id: 'Object Repository/Olusturma/Genel/AliciBilgisi/Alici_Adi' located by 'By.xpath: //tr[@id='GridViewCustomer_DXDataRow0']/td[2]' in '30' second(s)

2021-11-19 17:15:55 - [MESSAGE][INFO] - Clicking on object: 'Object Repository/Olusturma/Genel/AliciBilgisi/Alici_Adi'

2021-11-19 17:15:55 - [MESSAGE][PASSED] - Object: 'Object Repository/Olusturma/Genel/AliciBilgisi/Alici_Adi' is clicked on

2021-11-19 17:15:55 - [MESSAGE][INFO] - Switching to default content

2021-11-19 17:15:55 - [TEST_STEP][PASSED] - click(findTestObject("Olusturma/Genel/AliciBilgisi/Tamam_Bosluk")): Switching to default content

2021-11-19 17:15:55 - [MESSAGE][INFO] - Finding Test Object 'Object Repository/Olusturma/Genel/AliciBilgisi/Tamam_Bosluk'

2021-11-19 17:15:55 - [MESSAGE][INFO] - Finding Test Object 'Object Repository/Olusturma/Genel/AliciBilgisi/Alici_Bilgisi'

2021-11-19 17:15:55 - [MESSAGE][INFO] - Checking object

2021-11-19 17:15:55 - [MESSAGE][INFO] - Object: 'Object Repository/Olusturma/Genel/AliciBilgisi/Tamam_Bosluk' has parent object(s)

2021-11-19 17:15:55 - [MESSAGE][INFO] - Switching to iframe: 'Object Repository/Olusturma/Genel/AliciBilgisi/Alici_Bilgisi'

2021-11-19 17:15:55 - [MESSAGE][INFO] - Finding web element from Test Object's properties

2021-11-19 17:15:55 - [MESSAGE][INFO] - Checking timeout

2021-11-19 17:15:55 - [MESSAGE][INFO] - Finding web element with id: 'Object Repository/Olusturma/Genel/AliciBilgisi/Alici_Bilgisi' located by 'By.xpath: //iframe[@id='customerselectiframe']' in '30' second(s)

2021-11-19 17:15:55 - [MESSAGE][INFO] - Smart Wait Function is triggered

2021-11-19 17:15:56 - [MESSAGE][INFO] - Found 1 web elements with id: 'Object Repository/Olusturma/Genel/AliciBilgisi/Alici_Bilgisi' located by 'By.xpath: //iframe[@id='customerselectiframe']' in '30' second(s)

2021-11-19 17:15:56 - [MESSAGE][INFO] - Switched to iframe: 'Object Repository/Olusturma/Genel/AliciBilgisi/Alici_Bilgisi'

2021-11-19 17:15:56 - [MESSAGE][INFO] - Finding web element from Test Object's properties

2021-11-19 17:15:56 - [MESSAGE][INFO] - Checking timeout

2021-11-19 17:15:56 - [MESSAGE][INFO] - Finding web element with id: 'Object Repository/Olusturma/Genel/AliciBilgisi/Tamam_Bosluk' located by 'By.xpath: (.//*[normalize-space(text()) and normalize-space(.)='Sayfa Boyutu:'])[1]/following::div[7]' in '30' second(s)

2021-11-19 17:15:56 - [MESSAGE][INFO] - Smart Wait Function is triggered

2021-11-19 17:15:56 - [MESSAGE][INFO] - Found 1 web elements with id: 'Object Repository/Olusturma/Genel/AliciBilgisi/Tamam_Bosluk' located by 'By.xpath: (.//*[normalize-space(text()) and normalize-space(.)='Sayfa Boyutu:'])[1]/following::div[7]' in '30' second(s)

2021-11-19 17:15:56 - [MESSAGE][INFO] - Clicking on object: 'Object Repository/Olusturma/Genel/AliciBilgisi/Tamam_Bosluk'

2021-11-19 17:15:56 - [MESSAGE][PASSED] - Object: 'Object Repository/Olusturma/Genel/AliciBilgisi/Tamam_Bosluk' is clicked on

2021-11-19 17:15:56 - [MESSAGE][INFO] - Switching to default content

2021-11-19 17:15:56 - [TEST_STEP][PASSED] - waitForElementClickable(findTestObject("Olusturma/Genel/AliciBilgisi/Tamam_Butonu"), 10): Switching to default content

2021-11-19 17:15:56 - [MESSAGE][INFO] - Finding Test Object 'Object Repository/Olusturma/Genel/AliciBilgisi/Tamam_Butonu'

2021-11-19 17:15:56 - [MESSAGE][INFO] - Finding Test Object 'Object Repository/Olusturma/Genel/AliciBilgisi/Alici_Bilgisi'

2021-11-19 17:15:56 - [MESSAGE][INFO] - Checking object

2021-11-19 17:15:56 - [MESSAGE][INFO] - Checking timeout

2021-11-19 17:15:56 - [MESSAGE][INFO] - Object: 'Object Repository/Olusturma/Genel/AliciBilgisi/Tamam_Butonu' has parent object(s)

2021-11-19 17:15:56 - [MESSAGE][INFO] - Switching to iframe: 'Object Repository/Olusturma/Genel/AliciBilgisi/Alici_Bilgisi'

2021-11-19 17:15:56 - [MESSAGE][INFO] - Finding web element from Test Object's properties

2021-11-19 17:15:56 - [MESSAGE][INFO] - Checking timeout

2021-11-19 17:15:56 - [MESSAGE][INFO] - Finding web element with id: 'Object Repository/Olusturma/Genel/AliciBilgisi/Alici_Bilgisi' located by 'By.xpath: //iframe[@id='customerselectiframe']' in '10' second(s)

2021-11-19 17:15:56 - [MESSAGE][INFO] - Smart Wait Function is triggered

2021-11-19 17:15:56 - [MESSAGE][INFO] - Found 1 web elements with id: 'Object Repository/Olusturma/Genel/AliciBilgisi/Alici_Bilgisi' located by 'By.xpath: //iframe[@id='customerselectiframe']' in '10' second(s)

2021-11-19 17:15:56 - [MESSAGE][INFO] - Switched to iframe: 'Object Repository/Olusturma/Genel/AliciBilgisi/Alici_Bilgisi'

2021-11-19 17:15:56 - [MESSAGE][INFO] - Finding web element from Test Object's properties

2021-11-19 17:15:56 - [MESSAGE][INFO] - Checking timeout

2021-11-19 17:15:56 - [MESSAGE][INFO] - Finding web element with id: 'Object Repository/Olusturma/Genel/AliciBilgisi/Tamam_Butonu' located by 'By.xpath: //div[@id='btnSelectCustomer_CD']/span' in '10' second(s)

2021-11-19 17:15:56 - [MESSAGE][INFO] - Smart Wait Function is triggered

2021-11-19 17:15:56 - [MESSAGE][INFO] - Found 1 web elements with id: 'Object Repository/Olusturma/Genel/AliciBilgisi/Tamam_Butonu' located by 'By.xpath: //div[@id='btnSelectCustomer_CD']/span' in '10' second(s)

2021-11-19 17:15:56 - [MESSAGE][PASSED] - Object 'Object Repository/Olusturma/Genel/AliciBilgisi/Tamam_Butonu' is clickable

2021-11-19 17:15:56 - [MESSAGE][INFO] - Switching to default content

2021-11-19 17:15:56 - [TEST_STEP][PASSED] - click(findTestObject("Olusturma/Genel/AliciBilgisi/Tamam_Butonu")): Switching to default content

2021-11-19 17:15:56 - [MESSAGE][INFO] - Finding Test Object 'Object Repository/Olusturma/Genel/AliciBilgisi/Tamam_Butonu'

2021-11-19 17:15:56 - [MESSAGE][INFO] - Finding Test Object 'Object Repository/Olusturma/Genel/AliciBilgisi/Alici_Bilgisi'

2021-11-19 17:15:57 - [MESSAGE][INFO] - Checking object

2021-11-19 17:15:57 - [MESSAGE][INFO] - Object: 'Object Repository/Olusturma/Genel/AliciBilgisi/Tamam_Butonu' has parent object(s)

2021-11-19 17:15:57 - [MESSAGE][INFO] - Switching to iframe: 'Object Repository/Olusturma/Genel/AliciBilgisi/Alici_Bilgisi'

2021-11-19 17:15:57 - [MESSAGE][INFO] - Finding web element from Test Object's properties

2021-11-19 17:15:57 - [MESSAGE][INFO] - Checking timeout

2021-11-19 17:15:57 - [MESSAGE][INFO] - Finding web element with id: 'Object Repository/Olusturma/Genel/AliciBilgisi/Alici_Bilgisi' located by 'By.xpath: //iframe[@id='customerselectiframe']' in '30' second(s)

2021-11-19 17:15:57 - [MESSAGE][INFO] - Smart Wait Function is triggered

2021-11-19 17:15:57 - [MESSAGE][INFO] - Found 1 web elements with id: 'Object Repository/Olusturma/Genel/AliciBilgisi/Alici_Bilgisi' located by 'By.xpath: //iframe[@id='customerselectiframe']' in '30' second(s)

2021-11-19 17:15:57 - [MESSAGE][INFO] - Switched to iframe: 'Object Repository/Olusturma/Genel/AliciBilgisi/Alici_Bilgisi'

2021-11-19 17:15:57 - [MESSAGE][INFO] - Finding web element from Test Object's properties

2021-11-19 17:15:57 - [MESSAGE][INFO] - Checking timeout

2021-11-19 17:15:57 - [MESSAGE][INFO] - Finding web element with id: 'Object Repository/Olusturma/Genel/AliciBilgisi/Tamam_Butonu' located by 'By.xpath: //div[@id='btnSelectCustomer_CD']/span' in '30' second(s)

2021-11-19 17:15:57 - [MESSAGE][INFO] - Smart Wait Function is triggered

2021-11-19 17:15:57 - [MESSAGE][INFO] - Found 1 web elements with id: 'Object Repository/Olusturma/Genel/AliciBilgisi/Tamam_Butonu' located by 'By.xpath: //div[@id='btnSelectCustomer_CD']/span' in '30' second(s)

2021-11-19 17:15:57 - [MESSAGE][INFO] - Clicking on object: 'Object Repository/Olusturma/Genel/AliciBilgisi/Tamam_Butonu'

2021-11-19 17:15:57 - [MESSAGE][PASSED] - Object: 'Object Repository/Olusturma/Genel/AliciBilgisi/Tamam_Butonu' is clicked on

2021-11-19 17:15:57 - [MESSAGE][INFO] - Switching to default content

2021-11-19 17:15:57 - [TEST_STEP][PASSED] - waitForElementPresent(findTestObject("Olusturma/Genel/AliciBilgisi/VKN-TCKN"), 10): Object 'Object Repository/Olusturma/Genel/AliciBilgisi/VKN-TCKN' is present

2021-11-19 17:15:57 - [MESSAGE][INFO] - Finding Test Object 'Object Repository/Olusturma/Genel/AliciBilgisi/VKN-TCKN'

2021-11-19 17:15:57 - [MESSAGE][INFO] - Checking object

2021-11-19 17:15:57 - [MESSAGE][INFO] - Finding web element from Test Object's properties

2021-11-19 17:15:57 - [MESSAGE][INFO] - Checking timeout

2021-11-19 17:15:57 - [MESSAGE][INFO] - Finding web element with id: 'Object Repository/Olusturma/Genel/AliciBilgisi/VKN-TCKN' located by 'By.xpath: //*[@id = 'txtVknTckn_I']' in '10' second(s)

2021-11-19 17:15:57 - [MESSAGE][INFO] - Smart Wait Function is triggered

2021-11-19 17:15:57 - [MESSAGE][INFO] - Found 1 web elements with id: 'Object Repository/Olusturma/Genel/AliciBilgisi/VKN-TCKN' located by 'By.xpath: //*[@id = 'txtVknTckn_I']' in '10' second(s)

2021-11-19 17:15:57 - [MESSAGE][PASSED] - Object 'Object Repository/Olusturma/Genel/AliciBilgisi/VKN-TCKN' is present

2021-11-19 17:15:57 - [TEST_STEP][PASSED] - text = getAttribute(findTestObject("Olusturma/Genel/AliciBilgisi/VKN-TCKN"), "value"): Attribute 'value' of object 'Object Repository/Olusturma/Genel/AliciBilgisi/VKN-TCKN' is: '5323285392'

2021-11-19 17:15:57 - [MESSAGE][INFO] - Finding Test Object 'Object Repository/Olusturma/Genel/AliciBilgisi/VKN-TCKN'

2021-11-19 17:15:58 - [MESSAGE][INFO] - Checking object

2021-11-19 17:15:58 - [MESSAGE][INFO] - Checking attribute

2021-11-19 17:15:58 - [MESSAGE][INFO] - Finding web element from Test Object's properties

2021-11-19 17:15:58 - [MESSAGE][INFO] - Checking timeout

2021-11-19 17:15:58 - [MESSAGE][INFO] - Finding web element with id: 'Object Repository/Olusturma/Genel/AliciBilgisi/VKN-TCKN' located by 'By.xpath: //*[@id = 'txtVknTckn_I']' in '30' second(s)

2021-11-19 17:15:58 - [MESSAGE][INFO] - Smart Wait Function is triggered

2021-11-19 17:15:58 - [MESSAGE][INFO] - Found 1 web elements with id: 'Object Repository/Olusturma/Genel/AliciBilgisi/VKN-TCKN' located by 'By.xpath: //*[@id = 'txtVknTckn_I']' in '30' second(s)

2021-11-19 17:15:58 - [MESSAGE][INFO] - Getting attribute 'value' of object 'Object Repository/Olusturma/Genel/AliciBilgisi/VKN-TCKN'

2021-11-19 17:15:58 - [MESSAGE][PASSED] - Attribute 'value' of object 'Object Repository/Olusturma/Genel/AliciBilgisi/VKN-TCKN' is: '5323285392'

2021-11-19 17:15:58 - [TEST_STEP][PASSED] - if (text.equals("")): null

2021-11-19 17:15:58 - [MESSAGE][PASSED] - Call Test Case 'Test Cases/Olusturma/Genel/AliciSecilir' successfully

2021-11-19 17:15:58 - [MESSAGE][INFO] - Checking called Test Case

2021-11-19 17:15:58 - [MESSAGE][INFO] - Starting to call Test Case 'Test Cases/Olusturma/Genel/GonderimSekliSecilir'

2021-11-19 17:15:58 - [TEST_CASE][PASSED] - Test Cases/Olusturma/Genel/GonderimSekliSecilir: Test Cases/Olusturma/Genel/GonderimSekliSecilir

2021-11-19 17:15:58 - [TEST_STEP][PASSED] - waitForElementClickable(findTestObject("Object Repository/Olusturma/Genel/GonderimSekli/GonderimSekli"), 10): Object 'Object Repository/Olusturma/Genel/GonderimSekli/GonderimSekli' is clickable

2021-11-19 17:15:58 - [MESSAGE][INFO] - Finding Test Object 'Object Repository/Olusturma/Genel/GonderimSekli/GonderimSekli'

2021-11-19 17:15:58 - [MESSAGE][INFO] - Checking object

2021-11-19 17:15:58 - [MESSAGE][INFO] - Checking timeout

2021-11-19 17:15:58 - [MESSAGE][INFO] - Finding web element from Test Object's properties

2021-11-19 17:15:58 - [MESSAGE][INFO] - Checking timeout

2021-11-19 17:15:58 - [MESSAGE][INFO] - Finding web element with id: 'Object Repository/Olusturma/Genel/GonderimSekli/GonderimSekli' located by 'By.xpath: //*[@id = 'txtGonderimSekil_I']' in '10' second(s)

2021-11-19 17:15:58 - [MESSAGE][INFO] - Smart Wait Function is triggered

2021-11-19 17:15:58 - [MESSAGE][INFO] - Found 1 web elements with id: 'Object Repository/Olusturma/Genel/GonderimSekli/GonderimSekli' located by 'By.xpath: //*[@id = 'txtGonderimSekil_I']' in '10' second(s)

2021-11-19 17:15:58 - [MESSAGE][PASSED] - Object 'Object Repository/Olusturma/Genel/GonderimSekli/GonderimSekli' is clickable

2021-11-19 17:15:58 - [TEST_STEP][PASSED] - click(findTestObject("Object Repository/Olusturma/Genel/GonderimSekli/GonderimSekli")): Object: 'Object Repository/Olusturma/Genel/GonderimSekli/GonderimSekli' is clicked on

2021-11-19 17:15:58 - [MESSAGE][INFO] - Finding Test Object 'Object Repository/Olusturma/Genel/GonderimSekli/GonderimSekli'

2021-11-19 17:15:58 - [MESSAGE][INFO] - Checking object

2021-11-19 17:15:58 - [MESSAGE][INFO] - Finding web element from Test Object's properties

2021-11-19 17:15:58 - [MESSAGE][INFO] - Checking timeout

2021-11-19 17:15:58 - [MESSAGE][INFO] - Finding web element with id: 'Object Repository/Olusturma/Genel/GonderimSekli/GonderimSekli' located by 'By.xpath: //*[@id = 'txtGonderimSekil_I']' in '30' second(s)

2021-11-19 17:15:58 - [MESSAGE][INFO] - Smart Wait Function is triggered

2021-11-19 17:15:59 - [MESSAGE][INFO] - Found 1 web elements with id: 'Object Repository/Olusturma/Genel/GonderimSekli/GonderimSekli' located by 'By.xpath: //*[@id = 'txtGonderimSekil_I']' in '30' second(s)

2021-11-19 17:15:59 - [MESSAGE][INFO] - Clicking on object: 'Object Repository/Olusturma/Genel/GonderimSekli/GonderimSekli'

2021-11-19 17:15:59 - [MESSAGE][PASSED] - Object: 'Object Repository/Olusturma/Genel/GonderimSekli/GonderimSekli' is clicked on

2021-11-19 17:15:59 - [TEST_STEP][PASSED] - Method.TextDegerineEsitElementeTikla(findTestObject("Object Repository/Olusturma/Genel/GonderimSekli/GonderimSekliAdi"), GonderimSekli): Method.TextDegerineEsitElementeTikla is PASSED

2021-11-19 17:15:59 - [MESSAGE][INFO] - Finding Test Object 'Object Repository/Olusturma/Genel/GonderimSekli/GonderimSekliAdi'

2021-11-19 17:15:59 - [MESSAGE][INFO] - Checking timeout

2021-11-19 17:15:59 - [MESSAGE][INFO] - Finding web element with id: 'Object Repository/Olusturma/Genel/GonderimSekli/GonderimSekliAdi' located by 'By.cssSelector: #txtGonderimSekil_DDD_L_LBT td' in '10' second(s)

2021-11-19 17:15:59 - [MESSAGE][INFO] - Smart Wait Function is triggered

2021-11-19 17:15:59 - [MESSAGE][INFO] - Found 2 web elements with id: 'Object Repository/Olusturma/Genel/GonderimSekli/GonderimSekliAdi' located by 'By.cssSelector: #txtGonderimSekil_DDD_L_LBT td' in '10' second(s)

2021-11-19 17:15:59 - [MESSAGE][PASSED] - Method.TextDegerineEsitElementeTikla is PASSED

2021-11-19 17:15:59 - [MESSAGE][PASSED] - Call Test Case 'Test Cases/Olusturma/Genel/GonderimSekliSecilir' successfully

2021-11-19 17:15:59 - [MESSAGE][INFO] - Checking called Test Case

2021-11-19 17:15:59 - [MESSAGE][INFO] - Starting to call Test Case 'Test Cases/Olusturma/Genel/TipSecilir'

2021-11-19 17:16:00 - [TEST_CASE][PASSED] - Test Cases/Olusturma/Genel/TipSecilir: Test Cases/Olusturma/Genel/TipSecilir

2021-11-19 17:16:00 - [TEST_STEP][PASSED] - waitForElementClickable(findTestObject("Olusturma/Genel/TipSecilir/Tip"), 10): Object 'Object Repository/Olusturma/Genel/TipSecilir/Tip' is clickable

2021-11-19 17:16:00 - [MESSAGE][INFO] - Finding Test Object 'Object Repository/Olusturma/Genel/TipSecilir/Tip'

2021-11-19 17:16:00 - [MESSAGE][INFO] - Checking object

2021-11-19 17:16:00 - [MESSAGE][INFO] - Checking timeout

2021-11-19 17:16:00 - [MESSAGE][INFO] - Finding web element from Test Object's properties

2021-11-19 17:16:00 - [MESSAGE][INFO] - Checking timeout

2021-11-19 17:16:00 - [MESSAGE][INFO] - Finding web element with id: 'Object Repository/Olusturma/Genel/TipSecilir/Tip' located by 'By.xpath: //*[@id = 'DocumentTypeCode_I']' in '10' second(s)

2021-11-19 17:16:00 - [MESSAGE][INFO] - Smart Wait Function is triggered

2021-11-19 17:16:00 - [MESSAGE][INFO] - Found 1 web elements with id: 'Object Repository/Olusturma/Genel/TipSecilir/Tip' located by 'By.xpath: //*[@id = 'DocumentTypeCode_I']' in '10' second(s)

2021-11-19 17:16:00 - [MESSAGE][PASSED] - Object 'Object Repository/Olusturma/Genel/TipSecilir/Tip' is clickable

2021-11-19 17:16:00 - [TEST_STEP][PASSED] - click(findTestObject("Olusturma/Genel/TipSecilir/Tip")): Object: 'Object Repository/Olusturma/Genel/TipSecilir/Tip' is clicked on

2021-11-19 17:16:00 - [MESSAGE][INFO] - Finding Test Object 'Object Repository/Olusturma/Genel/TipSecilir/Tip'

2021-11-19 17:16:00 - [MESSAGE][INFO] - Checking object

2021-11-19 17:16:00 - [MESSAGE][INFO] - Finding web element from Test Object's properties

2021-11-19 17:16:00 - [MESSAGE][INFO] - Checking timeout

2021-11-19 17:16:00 - [MESSAGE][INFO] - Finding web element with id: 'Object Repository/Olusturma/Genel/TipSecilir/Tip' located by 'By.xpath: //*[@id = 'DocumentTypeCode_I']' in '30' second(s)

2021-11-19 17:16:00 - [MESSAGE][INFO] - Smart Wait Function is triggered

2021-11-19 17:16:00 - [MESSAGE][INFO] - Found 1 web elements with id: 'Object Repository/Olusturma/Genel/TipSecilir/Tip' located by 'By.xpath: //*[@id = 'DocumentTypeCode_I']' in '30' second(s)

2021-11-19 17:16:00 - [MESSAGE][INFO] - Clicking on object: 'Object Repository/Olusturma/Genel/TipSecilir/Tip'

2021-11-19 17:16:01 - [MESSAGE][PASSED] - Object: 'Object Repository/Olusturma/Genel/TipSecilir/Tip' is clicked on

2021-11-19 17:16:01 - [TEST_STEP][PASSED] - Method.TextDegerineEsitElementeTikla(findTestObject("Object Repository/Olusturma/Genel/TipSecilir/Tip_Adi"), Tip): Method.TextDegerineEsitElementeTikla is PASSED

2021-11-19 17:16:01 - [MESSAGE][INFO] - Finding Test Object 'Object Repository/Olusturma/Genel/TipSecilir/Tip_Adi'

2021-11-19 17:16:01 - [MESSAGE][INFO] - Checking timeout

2021-11-19 17:16:01 - [MESSAGE][INFO] - Finding web element with id: 'Object Repository/Olusturma/Genel/TipSecilir/Tip_Adi' located by 'By.cssSelector: #DocumentTypeCode_DDD_L_LBT td' in '10' second(s)

2021-11-19 17:16:01 - [MESSAGE][INFO] - Smart Wait Function is triggered

2021-11-19 17:16:01 - [MESSAGE][INFO] - Found 9 web elements with id: 'Object Repository/Olusturma/Genel/TipSecilir/Tip_Adi' located by 'By.cssSelector: #DocumentTypeCode_DDD_L_LBT td' in '10' second(s)

2021-11-19 17:16:01 - [MESSAGE][PASSED] - Method.TextDegerineEsitElementeTikla is PASSED

2021-11-19 17:16:01 - [MESSAGE][PASSED] - Call Test Case 'Test Cases/Olusturma/Genel/TipSecilir' successfully

2021-11-19 17:16:01 - [MESSAGE][INFO] - Checking called Test Case

2021-11-19 17:16:01 - [MESSAGE][INFO] - Starting to call Test Case 'Test Cases/Olusturma/Genel/DokumanParaBirimiSecilir'

2021-11-19 17:16:01 - [TEST_CASE][PASSED] - Test Cases/Olusturma/Genel/DokumanParaBirimiSecilir: Test Cases/Olusturma/Genel/DokumanParaBirimiSecilir

2021-11-19 17:16:01 - [TEST_STEP][PASSED] - waitForElementClickable(findTestObject("Object Repository/Olusturma/Genel/DokumanParaBirimiSecilir/Para"), 10): Object 'Object Repository/Olusturma/Genel/DokumanParaBirimiSecilir/Para' is clickable

2021-11-19 17:16:01 - [MESSAGE][INFO] - Finding Test Object 'Object Repository/Olusturma/Genel/DokumanParaBirimiSecilir/Para'

2021-11-19 17:16:01 - [MESSAGE][INFO] - Checking object

2021-11-19 17:16:01 - [MESSAGE][INFO] - Checking timeout

2021-11-19 17:16:01 - [MESSAGE][INFO] - Finding web element from Test Object's properties

2021-11-19 17:16:01 - [MESSAGE][INFO] - Checking timeout

2021-11-19 17:16:01 - [MESSAGE][INFO] - Finding web element with id: 'Object Repository/Olusturma/Genel/DokumanParaBirimiSecilir/Para' located by 'By.xpath: //*[@id = 'CurrencyUnit_I']' in '10' second(s)

2021-11-19 17:16:01 - [MESSAGE][INFO] - Smart Wait Function is triggered

2021-11-19 17:16:03 - [MESSAGE][INFO] - Found 1 web elements with id: 'Object Repository/Olusturma/Genel/DokumanParaBirimiSecilir/Para' located by 'By.xpath: //*[@id = 'CurrencyUnit_I']' in '10' second(s)

2021-11-19 17:16:03 - [MESSAGE][PASSED] - Object 'Object Repository/Olusturma/Genel/DokumanParaBirimiSecilir/Para' is clickable

2021-11-19 17:16:03 - [TEST_STEP][PASSED] - click(findTestObject("Object Repository/Olusturma/Genel/DokumanParaBirimiSecilir/Para")): Object: 'Object Repository/Olusturma/Genel/DokumanParaBirimiSecilir/Para' is clicked on

2021-11-19 17:16:03 - [MESSAGE][INFO] - Finding Test Object 'Object Repository/Olusturma/Genel/DokumanParaBirimiSecilir/Para'

2021-11-19 17:16:03 - [MESSAGE][INFO] - Checking object

2021-11-19 17:16:03 - [MESSAGE][INFO] - Finding web element from Test Object's properties

2021-11-19 17:16:03 - [MESSAGE][INFO] - Checking timeout

2021-11-19 17:16:03 - [MESSAGE][INFO] - Finding web element with id: 'Object Repository/Olusturma/Genel/DokumanParaBirimiSecilir/Para' located by 'By.xpath: //*[@id = 'CurrencyUnit_I']' in '30' second(s)

2021-11-19 17:16:03 - [MESSAGE][INFO] - Smart Wait Function is triggered

2021-11-19 17:16:03 - [MESSAGE][INFO] - Found 1 web elements with id: 'Object Repository/Olusturma/Genel/DokumanParaBirimiSecilir/Para' located by 'By.xpath: //*[@id = 'CurrencyUnit_I']' in '30' second(s)

2021-11-19 17:16:03 - [MESSAGE][INFO] - Clicking on object: 'Object Repository/Olusturma/Genel/DokumanParaBirimiSecilir/Para'

2021-11-19 17:16:04 - [MESSAGE][PASSED] - Object: 'Object Repository/Olusturma/Genel/DokumanParaBirimiSecilir/Para' is clicked on

2021-11-19 17:16:04 - [TEST_STEP][PASSED] - Method.TextDegerineEsitElementeTikla(findTestObject("Object Repository/Olusturma/Genel/DokumanParaBirimiSecilir/Para_Adi"), Para): Method.TextDegerineEsitElementeTikla is PASSED

2021-11-19 17:16:04 - [MESSAGE][INFO] - Finding Test Object 'Object Repository/Olusturma/Genel/DokumanParaBirimiSecilir/Para_Adi'

2021-11-19 17:16:04 - [MESSAGE][INFO] - Checking timeout

2021-11-19 17:16:04 - [MESSAGE][INFO] - Finding web element with id: 'Object Repository/Olusturma/Genel/DokumanParaBirimiSecilir/Para_Adi' located by 'By.cssSelector: #CurrencyUnit_DDD_L_LBT td' in '10' second(s)

2021-11-19 17:16:04 - [MESSAGE][INFO] - Smart Wait Function is triggered

2021-11-19 17:16:04 - [MESSAGE][INFO] - Found 203 web elements with id: 'Object Repository/Olusturma/Genel/DokumanParaBirimiSecilir/Para_Adi' located by 'By.cssSelector: #CurrencyUnit_DDD_L_LBT td' in '10' second(s)

2021-11-19 17:16:09 - [MESSAGE][PASSED] - Method.TextDegerineEsitElementeTikla is PASSED

2021-11-19 17:16:09 - [MESSAGE][PASSED] - Call Test Case 'Test Cases/Olusturma/Genel/DokumanParaBirimiSecilir' successfully

2021-11-19 17:16:09 - [MESSAGE][INFO] - Checking called Test Case

2021-11-19 17:16:09 - [MESSAGE][INFO] - Starting to call Test Case 'Test Cases/Olusturma/Genel/OnEkSecilir'

2021-11-19 17:16:09 - [TEST_CASE][PASSED] - Test Cases/Olusturma/Genel/OnEkSecilir: Test Cases/Olusturma/Genel/OnEkSecilir

2021-11-19 17:16:09 - [TEST_STEP][PASSED] - waitForElementClickable(findTestObject("Object Repository/Olusturma/Genel/OnEkSecilir/OnEk"), 10): Object 'Object Repository/Olusturma/Genel/OnEkSecilir/OnEk' is clickable

2021-11-19 17:16:09 - [MESSAGE][INFO] - Finding Test Object 'Object Repository/Olusturma/Genel/OnEkSecilir/OnEk'

2021-11-19 17:16:09 - [MESSAGE][INFO] - Checking object

2021-11-19 17:16:09 - [MESSAGE][INFO] - Checking timeout

2021-11-19 17:16:09 - [MESSAGE][INFO] - Finding web element from Test Object's properties

2021-11-19 17:16:09 - [MESSAGE][INFO] - Checking timeout

2021-11-19 17:16:09 - [MESSAGE][INFO] - Finding web element with id: 'Object Repository/Olusturma/Genel/OnEkSecilir/OnEk' located by 'By.xpath: //*[@id = 'InvoicePrefix_I']' in '10' second(s)

2021-11-19 17:16:09 - [MESSAGE][INFO] - Smart Wait Function is triggered

2021-11-19 17:16:10 - [MESSAGE][INFO] - Found 1 web elements with id: 'Object Repository/Olusturma/Genel/OnEkSecilir/OnEk' located by 'By.xpath: //*[@id = 'InvoicePrefix_I']' in '10' second(s)

2021-11-19 17:16:10 - [MESSAGE][PASSED] - Object 'Object Repository/Olusturma/Genel/OnEkSecilir/OnEk' is clickable

2021-11-19 17:16:10 - [TEST_STEP][PASSED] - click(findTestObject("Object Repository/Olusturma/Genel/OnEkSecilir/OnEk")): Object: 'Object Repository/Olusturma/Genel/OnEkSecilir/OnEk' is clicked on

2021-11-19 17:16:10 - [MESSAGE][INFO] - Finding Test Object 'Object Repository/Olusturma/Genel/OnEkSecilir/OnEk'

2021-11-19 17:16:10 - [MESSAGE][INFO] - Checking object

2021-11-19 17:16:10 - [MESSAGE][INFO] - Finding web element from Test Object's properties

2021-11-19 17:16:10 - [MESSAGE][INFO] - Checking timeout

2021-11-19 17:16:10 - [MESSAGE][INFO] - Finding web element with id: 'Object Repository/Olusturma/Genel/OnEkSecilir/OnEk' located by 'By.xpath: //*[@id = 'InvoicePrefix_I']' in '30' second(s)

2021-11-19 17:16:10 - [MESSAGE][INFO] - Smart Wait Function is triggered

2021-11-19 17:16:10 - [MESSAGE][INFO] - Found 1 web elements with id: 'Object Repository/Olusturma/Genel/OnEkSecilir/OnEk' located by 'By.xpath: //*[@id = 'InvoicePrefix_I']' in '30' second(s)

2021-11-19 17:16:10 - [MESSAGE][INFO] - Clicking on object: 'Object Repository/Olusturma/Genel/OnEkSecilir/OnEk'

2021-11-19 17:16:10 - [MESSAGE][PASSED] - Object: 'Object Repository/Olusturma/Genel/OnEkSecilir/OnEk' is clicked on

2021-11-19 17:16:10 - [TEST_STEP][PASSED] - Method.TextDegerineEsitElementeTiklaEquals(findTestObject("Object Repository/Olusturma/Genel/OnEkSecilir/OnEkAdi"), Ek): Method.TextDegerineEsitElementeTiklaEquals is PASSED

2021-11-19 17:16:10 - [MESSAGE][INFO] - Finding Test Object 'Object Repository/Olusturma/Genel/OnEkSecilir/OnEkAdi'

2021-11-19 17:16:10 - [MESSAGE][INFO] - Checking timeout

2021-11-19 17:16:10 - [MESSAGE][INFO] - Finding web element with id: 'Object Repository/Olusturma/Genel/OnEkSecilir/OnEkAdi' located by 'By.cssSelector: #InvoicePrefix_DDD_L_LBT td' in '10' second(s)

2021-11-19 17:16:10 - [MESSAGE][INFO] - Smart Wait Function is triggered

2021-11-19 17:16:11 - [MESSAGE][INFO] - Found 1 web elements with id: 'Object Repository/Olusturma/Genel/OnEkSecilir/OnEkAdi' located by 'By.cssSelector: #InvoicePrefix_DDD_L_LBT td' in '10' second(s)

2021-11-19 17:16:11 - [MESSAGE][PASSED] - Method.TextDegerineEsitElementeTiklaEquals is PASSED

2021-11-19 17:16:11 - [MESSAGE][PASSED] - Call Test Case 'Test Cases/Olusturma/Genel/OnEkSecilir' successfully

2021-11-19 17:16:11 - [MESSAGE][INFO] - Checking called Test Case

2021-11-19 17:16:11 - [MESSAGE][INFO] - Starting to call Test Case 'Test Cases/Olusturma/Genel/TasarimSecilir'

2021-11-19 17:16:11 - [TEST_CASE][PASSED] - Test Cases/Olusturma/Genel/TasarimSecilir: Test Cases/Olusturma/Genel/TasarimSecilir

2021-11-19 17:16:11 - [TEST_STEP][PASSED] - waitForElementClickable(findTestObject("Object Repository/Olusturma/Genel/TasarimSecilir/Tasarim"), 10): Object 'Object Repository/Olusturma/Genel/TasarimSecilir/Tasarim' is clickable

2021-11-19 17:16:11 - [MESSAGE][INFO] - Finding Test Object 'Object Repository/Olusturma/Genel/TasarimSecilir/Tasarim'

2021-11-19 17:16:11 - [MESSAGE][INFO] - Checking object

2021-11-19 17:16:11 - [MESSAGE][INFO] - Checking timeout

2021-11-19 17:16:11 - [MESSAGE][INFO] - Finding web element from Test Object's properties

2021-11-19 17:16:11 - [MESSAGE][INFO] - Checking timeout

2021-11-19 17:16:11 - [MESSAGE][INFO] - Finding web element with id: 'Object Repository/Olusturma/Genel/TasarimSecilir/Tasarim' located by 'By.xpath: //*[@id = 'DesignId_I']' in '10' second(s)

2021-11-19 17:16:11 - [MESSAGE][INFO] - Smart Wait Function is triggered

2021-11-19 17:16:11 - [MESSAGE][INFO] - Found 1 web elements with id: 'Object Repository/Olusturma/Genel/TasarimSecilir/Tasarim' located by 'By.xpath: //*[@id = 'DesignId_I']' in '10' second(s)

2021-11-19 17:16:11 - [MESSAGE][PASSED] - Object 'Object Repository/Olusturma/Genel/TasarimSecilir/Tasarim' is clickable

2021-11-19 17:16:11 - [TEST_STEP][PASSED] - click(findTestObject("Object Repository/Olusturma/Genel/TasarimSecilir/Tasarim")): Object: 'Object Repository/Olusturma/Genel/TasarimSecilir/Tasarim' is clicked on

2021-11-19 17:16:11 - [MESSAGE][INFO] - Finding Test Object 'Object Repository/Olusturma/Genel/TasarimSecilir/Tasarim'

2021-11-19 17:16:12 - [MESSAGE][INFO] - Checking object

2021-11-19 17:16:12 - [MESSAGE][INFO] - Finding web element from Test Object's properties

2021-11-19 17:16:12 - [MESSAGE][INFO] - Checking timeout

2021-11-19 17:16:12 - [MESSAGE][INFO] - Finding web element with id: 'Object Repository/Olusturma/Genel/TasarimSecilir/Tasarim' located by 'By.xpath: //*[@id = 'DesignId_I']' in '30' second(s)

2021-11-19 17:16:12 - [MESSAGE][INFO] - Smart Wait Function is triggered

2021-11-19 17:16:12 - [MESSAGE][INFO] - Found 1 web elements with id: 'Object Repository/Olusturma/Genel/TasarimSecilir/Tasarim' located by 'By.xpath: //*[@id = 'DesignId_I']' in '30' second(s)

2021-11-19 17:16:12 - [MESSAGE][INFO] - Clicking on object: 'Object Repository/Olusturma/Genel/TasarimSecilir/Tasarim'

2021-11-19 17:16:12 - [MESSAGE][PASSED] - Object: 'Object Repository/Olusturma/Genel/TasarimSecilir/Tasarim' is clicked on

2021-11-19 17:16:12 - [TEST_STEP][PASSED] - Method.TextDegerineEsitElementeTikla(findTestObject("Object Repository/Olusturma/Genel/TasarimSecilir/Tasarim_Adi"), Tasarim): Method.TextDegerineEsitElementeTikla is PASSED

2021-11-19 17:16:12 - [MESSAGE][INFO] - Finding Test Object 'Object Repository/Olusturma/Genel/TasarimSecilir/Tasarim_Adi'

2021-11-19 17:16:12 - [MESSAGE][INFO] - Checking timeout

2021-11-19 17:16:12 - [MESSAGE][INFO] - Finding web element with id: 'Object Repository/Olusturma/Genel/TasarimSecilir/Tasarim_Adi' located by 'By.cssSelector: #DesignId_DDD_L_LBT td' in '10' second(s)

2021-11-19 17:16:12 - [MESSAGE][INFO] - Smart Wait Function is triggered

2021-11-19 17:16:12 - [MESSAGE][INFO] - Found 1 web elements with id: 'Object Repository/Olusturma/Genel/TasarimSecilir/Tasarim_Adi' located by 'By.cssSelector: #DesignId_DDD_L_LBT td' in '10' second(s)

2021-11-19 17:16:13 - [MESSAGE][PASSED] - Method.TextDegerineEsitElementeTikla is PASSED

2021-11-19 17:16:13 - [MESSAGE][PASSED] - Call Test Case 'Test Cases/Olusturma/Genel/TasarimSecilir' successfully

2021-11-19 17:16:13 - [MESSAGE][INFO] - Checking called Test Case

2021-11-19 17:16:13 - [MESSAGE][INFO] - Starting to call Test Case 'Test Cases/Olusturma/Genel/Kutular/SiparisBilgileriGirilir'

2021-11-19 17:16:13 - [TEST_CASE][PASSED] - Test Cases/Olusturma/Genel/Kutular/SiparisBilgileriGirilir: Test Cases/Olusturma/Genel/Kutular/SiparisBilgileriGirilir

2021-11-19 17:16:13 - [TEST_STEP][PASSED] - Method.TextDegerineEsitElementeTikla(findTestObject("Olusturma/Genel/Kutular/KapaliKutular"), "Sipariş Bilgileri"): Method.TextDegerineEsitElementeTikla is PASSED

2021-11-19 17:16:13 - [MESSAGE][INFO] - Finding Test Object 'Object Repository/Olusturma/Genel/Kutular/KapaliKutular'

2021-11-19 17:16:13 - [MESSAGE][INFO] - Checking timeout

2021-11-19 17:16:13 - [MESSAGE][INFO] - Finding web element with id: 'Object Repository/Olusturma/Genel/Kutular/KapaliKutular' located by 'By.cssSelector: .dxnb-headerCollapsed>span' in '10' second(s)

2021-11-19 17:16:13 - [MESSAGE][INFO] - Smart Wait Function is triggered

2021-11-19 17:16:13 - [MESSAGE][INFO] - Found 8 web elements with id: 'Object Repository/Olusturma/Genel/Kutular/KapaliKutular' located by 'By.cssSelector: .dxnb-headerCollapsed>span' in '10' second(s)

2021-11-19 17:16:13 - [MESSAGE][PASSED] - Method.TextDegerineEsitElementeTikla is PASSED

2021-11-19 17:16:13 - [TEST_STEP][PASSED] - waitForElementPresent(findTestObject("Object Repository/Olusturma/Genel/Kutular/SiparisBilgileri/SiparisNo"), 10): Object 'Object Repository/Olusturma/Genel/Kutular/SiparisBilgileri/SiparisNo' is present

2021-11-19 17:16:13 - [MESSAGE][INFO] - Finding Test Object 'Object Repository/Olusturma/Genel/Kutular/SiparisBilgileri/SiparisNo'

2021-11-19 17:16:13 - [MESSAGE][INFO] - Checking object

2021-11-19 17:16:13 - [MESSAGE][INFO] - Finding web element from Test Object's properties

2021-11-19 17:16:13 - [MESSAGE][INFO] - Checking timeout

2021-11-19 17:16:13 - [MESSAGE][INFO] - Finding web element with id: 'Object Repository/Olusturma/Genel/Kutular/SiparisBilgileri/SiparisNo' located by 'By.xpath: //*[@id = 'txtSiparisNo_I']' in '10' second(s)

2021-11-19 17:16:13 - [MESSAGE][INFO] - Smart Wait Function is triggered

2021-11-19 17:16:14 - [MESSAGE][INFO] - Found 1 web elements with id: 'Object Repository/Olusturma/Genel/Kutular/SiparisBilgileri/SiparisNo' located by 'By.xpath: //*[@id = 'txtSiparisNo_I']' in '10' second(s)

2021-11-19 17:16:14 - [MESSAGE][PASSED] - Object 'Object Repository/Olusturma/Genel/Kutular/SiparisBilgileri/SiparisNo' is present

2021-11-19 17:16:14 - [TEST_STEP][PASSED] - clearText(findTestObject("Object Repository/Olusturma/Genel/Kutular/SiparisBilgileri/SiparisNo")): Text of object 'Object Repository/Olusturma/Genel/Kutular/SiparisBilgileri/SiparisNo' is cleared

2021-11-19 17:16:14 - [MESSAGE][INFO] - Finding Test Object 'Object Repository/Olusturma/Genel/Kutular/SiparisBilgileri/SiparisNo'

2021-11-19 17:16:14 - [MESSAGE][INFO] - Checking object

2021-11-19 17:16:14 - [MESSAGE][INFO] - Finding web element from Test Object's properties

2021-11-19 17:16:14 - [MESSAGE][INFO] - Checking timeout

2021-11-19 17:16:14 - [MESSAGE][INFO] - Finding web element with id: 'Object Repository/Olusturma/Genel/Kutular/SiparisBilgileri/SiparisNo' located by 'By.xpath: //*[@id = 'txtSiparisNo_I']' in '30' second(s)

2021-11-19 17:16:14 - [MESSAGE][INFO] - Smart Wait Function is triggered

2021-11-19 17:16:14 - [MESSAGE][INFO] - Found 1 web elements with id: 'Object Repository/Olusturma/Genel/Kutular/SiparisBilgileri/SiparisNo' located by 'By.xpath: //*[@id = 'txtSiparisNo_I']' in '30' second(s)

2021-11-19 17:16:14 - [MESSAGE][INFO] - Clearing text of object 'Object Repository/Olusturma/Genel/Kutular/SiparisBilgileri/SiparisNo'

2021-11-19 17:16:14 - [MESSAGE][PASSED] - Text of object 'Object Repository/Olusturma/Genel/Kutular/SiparisBilgileri/SiparisNo' is cleared

2021-11-19 17:16:14 - [TEST_STEP][PASSED] - sendKeys(findTestObject("Object Repository/Olusturma/Genel/Kutular/SiparisBilgileri/SiparisNo"), SiparisNo): Keys 'UUC-SAT-1200001' sent to object: 'Object Repository/Olusturma/Genel/Kutular/SiparisBilgileri/SiparisNo'

2021-11-19 17:16:14 - [MESSAGE][INFO] - Finding Test Object 'Object Repository/Olusturma/Genel/Kutular/SiparisBilgileri/SiparisNo'

2021-11-19 17:16:14 - [MESSAGE][INFO] - Sending keys 'UUC-SAT-1200001' to object: 'Object Repository/Olusturma/Genel/Kutular/SiparisBilgileri/SiparisNo'

2021-11-19 17:16:14 - [MESSAGE][INFO] - Finding web element from Test Object's properties

2021-11-19 17:16:14 - [MESSAGE][INFO] - Checking timeout

2021-11-19 17:16:14 - [MESSAGE][INFO] - Finding web element with id: 'Object Repository/Olusturma/Genel/Kutular/SiparisBilgileri/SiparisNo' located by 'By.xpath: //*[@id = 'txtSiparisNo_I']' in '30' second(s)

2021-11-19 17:16:14 - [MESSAGE][INFO] - Smart Wait Function is triggered

2021-11-19 17:16:15 - [MESSAGE][INFO] - Found 1 web elements with id: 'Object Repository/Olusturma/Genel/Kutular/SiparisBilgileri/SiparisNo' located by 'By.xpath: //*[@id = 'txtSiparisNo_I']' in '30' second(s)

2021-11-19 17:16:15 - [MESSAGE][PASSED] - Keys 'UUC-SAT-1200001' sent to object: 'Object Repository/Olusturma/Genel/Kutular/SiparisBilgileri/SiparisNo'

2021-11-19 17:16:15 - [TEST_STEP][PASSED] - waitForElementClickable(findTestObject("Object Repository/Olusturma/Genel/Kutular/SiparisBilgileri/SiparisTarihiImage"), 10): Object 'Object Repository/Olusturma/Genel/Kutular/SiparisBilgileri/SiparisTarihiImage' is clickable

2021-11-19 17:16:15 - [MESSAGE][INFO] - Finding Test Object 'Object Repository/Olusturma/Genel/Kutular/SiparisBilgileri/SiparisTarihiImage'

2021-11-19 17:16:15 - [MESSAGE][INFO] - Checking object

2021-11-19 17:16:15 - [MESSAGE][INFO] - Checking timeout

2021-11-19 17:16:15 - [MESSAGE][INFO] - Finding web element from Test Object's properties

2021-11-19 17:16:15 - [MESSAGE][INFO] - Checking timeout

2021-11-19 17:16:15 - [MESSAGE][INFO] - Finding web element with id: 'Object Repository/Olusturma/Genel/Kutular/SiparisBilgileri/SiparisTarihiImage' located by 'By.cssSelector: #dateSiparisTarih img' in '10' second(s)

2021-11-19 17:16:15 - [MESSAGE][INFO] - Smart Wait Function is triggered

2021-11-19 17:16:15 - [MESSAGE][INFO] - Found 1 web elements with id: 'Object Repository/Olusturma/Genel/Kutular/SiparisBilgileri/SiparisTarihiImage' located by 'By.cssSelector: #dateSiparisTarih img' in '10' second(s)

2021-11-19 17:16:15 - [MESSAGE][PASSED] - Object 'Object Repository/Olusturma/Genel/Kutular/SiparisBilgileri/SiparisTarihiImage' is clickable

2021-11-19 17:16:15 - [TEST_STEP][PASSED] - click(findTestObject("Object Repository/Olusturma/Genel/Kutular/SiparisBilgileri/SiparisTarihiImage")): Object: 'Object Repository/Olusturma/Genel/Kutular/SiparisBilgileri/SiparisTarihiImage' is clicked on

2021-11-19 17:16:15 - [MESSAGE][INFO] - Finding Test Object 'Object Repository/Olusturma/Genel/Kutular/SiparisBilgileri/SiparisTarihiImage'

2021-11-19 17:16:15 - [MESSAGE][INFO] - Checking object

2021-11-19 17:16:15 - [MESSAGE][INFO] - Finding web element from Test Object's properties

2021-11-19 17:16:15 - [MESSAGE][INFO] - Checking timeout

2021-11-19 17:16:15 - [MESSAGE][INFO] - Finding web element with id: 'Object Repository/Olusturma/Genel/Kutular/SiparisBilgileri/SiparisTarihiImage' located by 'By.cssSelector: #dateSiparisTarih img' in '30' second(s)

2021-11-19 17:16:15 - [MESSAGE][INFO] - Smart Wait Function is triggered

2021-11-19 17:16:16 - [MESSAGE][INFO] - Found 1 web elements with id: 'Object Repository/Olusturma/Genel/Kutular/SiparisBilgileri/SiparisTarihiImage' located by 'By.cssSelector: #dateSiparisTarih img' in '30' second(s)

2021-11-19 17:16:16 - [MESSAGE][INFO] - Clicking on object: 'Object Repository/Olusturma/Genel/Kutular/SiparisBilgileri/SiparisTarihiImage'

2021-11-19 17:16:16 - [MESSAGE][PASSED] - Object: 'Object Repository/Olusturma/Genel/Kutular/SiparisBilgileri/SiparisTarihiImage' is clicked on

2021-11-19 17:16:16 - [TEST_STEP][PASSED] - waitForElementPresent(findTestObject("Object Repository/Olusturma/Genel/Kutular/SiparisBilgileri/SiparisTarihi"), 10): Object 'Object Repository/Olusturma/Genel/Kutular/SiparisBilgileri/SiparisTarihi' is present

2021-11-19 17:16:16 - [MESSAGE][INFO] - Finding Test Object 'Object Repository/Olusturma/Genel/Kutular/SiparisBilgileri/SiparisTarihi'

2021-11-19 17:16:16 - [MESSAGE][INFO] - Checking object

2021-11-19 17:16:16 - [MESSAGE][INFO] - Finding web element from Test Object's properties

2021-11-19 17:16:16 - [MESSAGE][INFO] - Checking timeout

2021-11-19 17:16:16 - [MESSAGE][INFO] - Finding web element with id: 'Object Repository/Olusturma/Genel/Kutular/SiparisBilgileri/SiparisTarihi' located by 'By.xpath: //*[@id = 'dateSiparisTarih_I']' in '10' second(s)

2021-11-19 17:16:16 - [MESSAGE][INFO] - Smart Wait Function is triggered

2021-11-19 17:16:16 - [MESSAGE][INFO] - Found 1 web elements with id: 'Object Repository/Olusturma/Genel/Kutular/SiparisBilgileri/SiparisTarihi' located by 'By.xpath: //*[@id = 'dateSiparisTarih_I']' in '10' second(s)

2021-11-19 17:16:16 - [MESSAGE][PASSED] - Object 'Object Repository/Olusturma/Genel/Kutular/SiparisBilgileri/SiparisTarihi' is present

2021-11-19 17:16:16 - [TEST_STEP][PASSED] - clearText(findTestObject("Object Repository/Olusturma/Genel/Kutular/SiparisBilgileri/SiparisTarihi")): Text of object 'Object Repository/Olusturma/Genel/Kutular/SiparisBilgileri/SiparisTarihi' is cleared

2021-11-19 17:16:16 - [MESSAGE][INFO] - Finding Test Object 'Object Repository/Olusturma/Genel/Kutular/SiparisBilgileri/SiparisTarihi'

2021-11-19 17:16:16 - [MESSAGE][INFO] - Checking object

2021-11-19 17:16:16 - [MESSAGE][INFO] - Finding web element from Test Object's properties

2021-11-19 17:16:16 - [MESSAGE][INFO] - Checking timeout

2021-11-19 17:16:16 - [MESSAGE][INFO] - Finding web element with id: 'Object Repository/Olusturma/Genel/Kutular/SiparisBilgileri/SiparisTarihi' located by 'By.xpath: //*[@id = 'dateSiparisTarih_I']' in '30' second(s)

2021-11-19 17:16:16 - [MESSAGE][INFO] - Smart Wait Function is triggered

2021-11-19 17:16:17 - [MESSAGE][INFO] - Found 1 web elements with id: 'Object Repository/Olusturma/Genel/Kutular/SiparisBilgileri/SiparisTarihi' located by 'By.xpath: //*[@id = 'dateSiparisTarih_I']' in '30' second(s)

2021-11-19 17:16:17 - [MESSAGE][INFO] - Clearing text of object 'Object Repository/Olusturma/Genel/Kutular/SiparisBilgileri/SiparisTarihi'

2021-11-19 17:16:17 - [MESSAGE][PASSED] - Text of object 'Object Repository/Olusturma/Genel/Kutular/SiparisBilgileri/SiparisTarihi' is cleared

2021-11-19 17:16:17 - [TEST_STEP][PASSED] - sendKeys(findTestObject("Object Repository/Olusturma/Genel/Kutular/SiparisBilgileri/SiparisTarihi"), Tarih): Keys '31.04.2020' sent to object: 'Object Repository/Olusturma/Genel/Kutular/SiparisBilgileri/SiparisTarihi'

2021-11-19 17:16:17 - [MESSAGE][INFO] - Finding Test Object 'Object Repository/Olusturma/Genel/Kutular/SiparisBilgileri/SiparisTarihi'

2021-11-19 17:16:17 - [MESSAGE][INFO] - Sending keys '31.04.2020' to object: 'Object Repository/Olusturma/Genel/Kutular/SiparisBilgileri/SiparisTarihi'

2021-11-19 17:16:17 - [MESSAGE][INFO] - Finding web element from Test Object's properties

2021-11-19 17:16:17 - [MESSAGE][INFO] - Checking timeout

2021-11-19 17:16:17 - [MESSAGE][INFO] - Finding web element with id: 'Object Repository/Olusturma/Genel/Kutular/SiparisBilgileri/SiparisTarihi' located by 'By.xpath: //*[@id = 'dateSiparisTarih_I']' in '30' second(s)

2021-11-19 17:16:17 - [MESSAGE][INFO] - Smart Wait Function is triggered

2021-11-19 17:16:17 - [MESSAGE][INFO] - Found 1 web elements with id: 'Object Repository/Olusturma/Genel/Kutular/SiparisBilgileri/SiparisTarihi' located by 'By.xpath: //*[@id = 'dateSiparisTarih_I']' in '30' second(s)

2021-11-19 17:16:17 - [MESSAGE][PASSED] - Keys '31.04.2020' sent to object: 'Object Repository/Olusturma/Genel/Kutular/SiparisBilgileri/SiparisTarihi'

2021-11-19 17:16:17 - [MESSAGE][PASSED] - Call Test Case 'Test Cases/Olusturma/Genel/Kutular/SiparisBilgileriGirilir' successfully

2021-11-19 17:16:17 - [MESSAGE][INFO] - Checking called Test Case

2021-11-19 17:16:17 - [MESSAGE][INFO] - Starting to call Test Case 'Test Cases/Olusturma/Genel/Kutular/IrsaliyeBilgileri'

2021-11-19 17:16:17 - [TEST_CASE][PASSED] - Test Cases/Olusturma/Genel/Kutular/IrsaliyeBilgileri: Test Cases/Olusturma/Genel/Kutular/IrsaliyeBilgileri

2021-11-19 17:16:17 - [TEST_STEP][PASSED] - Method.TextDegerineEsitElementeTikla(findTestObject("Olusturma/Genel/Kutular/KapaliKutular"), "İrsaliye Bilgileri"): Method.TextDegerineEsitElementeTikla is PASSED

2021-11-19 17:16:17 - [MESSAGE][INFO] - Finding Test Object 'Object Repository/Olusturma/Genel/Kutular/KapaliKutular'

2021-11-19 17:16:17 - [MESSAGE][INFO] - Checking timeout

2021-11-19 17:16:17 - [MESSAGE][INFO] - Finding web element with id: 'Object Repository/Olusturma/Genel/Kutular/KapaliKutular' located by 'By.cssSelector: .dxnb-headerCollapsed>span' in '10' second(s)

2021-11-19 17:16:17 - [MESSAGE][INFO] - Smart Wait Function is triggered

2021-11-19 17:16:18 - [MESSAGE][INFO] - Found 8 web elements with id: 'Object Repository/Olusturma/Genel/Kutular/KapaliKutular' located by 'By.cssSelector: .dxnb-headerCollapsed>span' in '10' second(s)

2021-11-19 17:16:18 - [MESSAGE][PASSED] - Method.TextDegerineEsitElementeTikla is PASSED

2021-11-19 17:16:18 - [TEST_STEP][PASSED] - waitForElementClickable(findTestObject("Olusturma/Genel/Kutular/IrsaliyeBilgileri/Ekle"), 10): Object 'Object Repository/Olusturma/Genel/Kutular/IrsaliyeBilgileri/Ekle' is clickable

2021-11-19 17:16:18 - [MESSAGE][INFO] - Finding Test Object 'Object Repository/Olusturma/Genel/Kutular/IrsaliyeBilgileri/Ekle'

2021-11-19 17:16:18 - [MESSAGE][INFO] - Checking object

2021-11-19 17:16:18 - [MESSAGE][INFO] - Checking timeout

2021-11-19 17:16:18 - [MESSAGE][INFO] - Finding web element from Test Object's properties

2021-11-19 17:16:18 - [MESSAGE][INFO] - Checking timeout

2021-11-19 17:16:18 - [MESSAGE][INFO] - Finding web element with id: 'Object Repository/Olusturma/Genel/Kutular/IrsaliyeBilgileri/Ekle' located by 'By.xpath: //*[@id = 'DXEditorgvUserInvoiceBillsNewRowBtn']' in '10' second(s)

2021-11-19 17:16:18 - [MESSAGE][INFO] - Smart Wait Function is triggered

2021-11-19 17:16:18 - [MESSAGE][INFO] - Found 1 web elements with id: 'Object Repository/Olusturma/Genel/Kutular/IrsaliyeBilgileri/Ekle' located by 'By.xpath: //*[@id = 'DXEditorgvUserInvoiceBillsNewRowBtn']' in '10' second(s)

2021-11-19 17:16:18 - [MESSAGE][PASSED] - Object 'Object Repository/Olusturma/Genel/Kutular/IrsaliyeBilgileri/Ekle' is clickable

2021-11-19 17:16:18 - [TEST_STEP][PASSED] - click(findTestObject("Olusturma/Genel/Kutular/IrsaliyeBilgileri/Ekle")): Object: 'Object Repository/Olusturma/Genel/Kutular/IrsaliyeBilgileri/Ekle' is clicked on

2021-11-19 17:16:18 - [MESSAGE][INFO] - Finding Test Object 'Object Repository/Olusturma/Genel/Kutular/IrsaliyeBilgileri/Ekle'

2021-11-19 17:16:19 - [MESSAGE][INFO] - Checking object

2021-11-19 17:16:19 - [MESSAGE][INFO] - Finding web element from Test Object's properties

2021-11-19 17:16:19 - [MESSAGE][INFO] - Checking timeout

2021-11-19 17:16:19 - [MESSAGE][INFO] - Finding web element with id: 'Object Repository/Olusturma/Genel/Kutular/IrsaliyeBilgileri/Ekle' located by 'By.xpath: //*[@id = 'DXEditorgvUserInvoiceBillsNewRowBtn']' in '30' second(s)

2021-11-19 17:16:19 - [MESSAGE][INFO] - Smart Wait Function is triggered

2021-11-19 17:16:19 - [MESSAGE][INFO] - Found 1 web elements with id: 'Object Repository/Olusturma/Genel/Kutular/IrsaliyeBilgileri/Ekle' located by 'By.xpath: //*[@id = 'DXEditorgvUserInvoiceBillsNewRowBtn']' in '30' second(s)

2021-11-19 17:16:19 - [MESSAGE][INFO] - Clicking on object: 'Object Repository/Olusturma/Genel/Kutular/IrsaliyeBilgileri/Ekle'

2021-11-19 17:16:19 - [MESSAGE][PASSED] - Object: 'Object Repository/Olusturma/Genel/Kutular/IrsaliyeBilgileri/Ekle' is clicked on

2021-11-19 17:16:19 - [TEST_STEP][PASSED] - waitForElementPresent(findTestObject("Object Repository/Olusturma/Genel/Kutular/IrsaliyeBilgileri/IrsaliyeNumarasi"), 10): Object 'Object Repository/Olusturma/Genel/Kutular/IrsaliyeBilgileri/IrsaliyeNumarasi' is present

2021-11-19 17:16:19 - [MESSAGE][INFO] - Finding Test Object 'Object Repository/Olusturma/Genel/Kutular/IrsaliyeBilgileri/IrsaliyeNumarasi'

2021-11-19 17:16:19 - [MESSAGE][INFO] - Checking object

2021-11-19 17:16:19 - [MESSAGE][INFO] - Finding web element from Test Object's properties

2021-11-19 17:16:19 - [MESSAGE][INFO] - Checking timeout

2021-11-19 17:16:19 - [MESSAGE][INFO] - Finding web element with id: 'Object Repository/Olusturma/Genel/Kutular/IrsaliyeBilgileri/IrsaliyeNumarasi' located by 'By.xpath: //*[@id = 'gvUserInvoiceBills_DXEditor1_I']' in '10' second(s)

2021-11-19 17:16:19 - [MESSAGE][INFO] - Smart Wait Function is triggered

2021-11-19 17:16:19 - [MESSAGE][INFO] - Smart Wait Function is triggered

2021-11-19 17:16:20 - [MESSAGE][INFO] - Found 1 web elements with id: 'Object Repository/Olusturma/Genel/Kutular/IrsaliyeBilgileri/IrsaliyeNumarasi' located by 'By.xpath: //*[@id = 'gvUserInvoiceBills_DXEditor1_I']' in '10' second(s)

2021-11-19 17:16:20 - [MESSAGE][PASSED] - Object 'Object Repository/Olusturma/Genel/Kutular/IrsaliyeBilgileri/IrsaliyeNumarasi' is present

2021-11-19 17:16:20 - [TEST_STEP][PASSED] - clearText(findTestObject("Object Repository/Olusturma/Genel/Kutular/IrsaliyeBilgileri/IrsaliyeNumarasi")): Text of object 'Object Repository/Olusturma/Genel/Kutular/IrsaliyeBilgileri/IrsaliyeNumarasi' is cleared

2021-11-19 17:16:20 - [MESSAGE][INFO] - Finding Test Object 'Object Repository/Olusturma/Genel/Kutular/IrsaliyeBilgileri/IrsaliyeNumarasi'

2021-11-19 17:16:20 - [MESSAGE][INFO] - Checking object

2021-11-19 17:16:20 - [MESSAGE][INFO] - Finding web element from Test Object's properties

2021-11-19 17:16:20 - [MESSAGE][INFO] - Checking timeout

2021-11-19 17:16:20 - [MESSAGE][INFO] - Finding web element with id: 'Object Repository/Olusturma/Genel/Kutular/IrsaliyeBilgileri/IrsaliyeNumarasi' located by 'By.xpath: //*[@id = 'gvUserInvoiceBills_DXEditor1_I']' in '30' second(s)

2021-11-19 17:16:20 - [MESSAGE][INFO] - Smart Wait Function is triggered

2021-11-19 17:16:21 - [MESSAGE][INFO] - Found 1 web elements with id: 'Object Repository/Olusturma/Genel/Kutular/IrsaliyeBilgileri/IrsaliyeNumarasi' located by 'By.xpath: //*[@id = 'gvUserInvoiceBills_DXEditor1_I']' in '30' second(s)

2021-11-19 17:16:21 - [MESSAGE][INFO] - Clearing text of object 'Object Repository/Olusturma/Genel/Kutular/IrsaliyeBilgileri/IrsaliyeNumarasi'

2021-11-19 17:16:21 - [MESSAGE][PASSED] - Text of object 'Object Repository/Olusturma/Genel/Kutular/IrsaliyeBilgileri/IrsaliyeNumarasi' is cleared

2021-11-19 17:16:21 - [TEST_STEP][PASSED] - sendKeys(findTestObject("Object Repository/Olusturma/Genel/Kutular/IrsaliyeBilgileri/IrsaliyeNumarasi"), Numara): Keys 'AAAAAAAAAA' sent to object: 'Object Repository/Olusturma/Genel/Kutular/IrsaliyeBilgileri/IrsaliyeNumarasi'

2021-11-19 17:16:21 - [MESSAGE][INFO] - Finding Test Object 'Object Repository/Olusturma/Genel/Kutular/IrsaliyeBilgileri/IrsaliyeNumarasi'

2021-11-19 17:16:21 - [MESSAGE][INFO] - Sending keys 'AAAAAAAAAA' to object: 'Object Repository/Olusturma/Genel/Kutular/IrsaliyeBilgileri/IrsaliyeNumarasi'

2021-11-19 17:16:21 - [MESSAGE][INFO] - Finding web element from Test Object's properties

2021-11-19 17:16:21 - [MESSAGE][INFO] - Checking timeout

2021-11-19 17:16:21 - [MESSAGE][INFO] - Finding web element with id: 'Object Repository/Olusturma/Genel/Kutular/IrsaliyeBilgileri/IrsaliyeNumarasi' located by 'By.xpath: //*[@id = 'gvUserInvoiceBills_DXEditor1_I']' in '30' second(s)

2021-11-19 17:16:21 - [MESSAGE][INFO] - Smart Wait Function is triggered

2021-11-19 17:16:21 - [MESSAGE][INFO] - Found 1 web elements with id: 'Object Repository/Olusturma/Genel/Kutular/IrsaliyeBilgileri/IrsaliyeNumarasi' located by 'By.xpath: //*[@id = 'gvUserInvoiceBills_DXEditor1_I']' in '30' second(s)

2021-11-19 17:16:21 - [MESSAGE][PASSED] - Keys 'AAAAAAAAAA' sent to object: 'Object Repository/Olusturma/Genel/Kutular/IrsaliyeBilgileri/IrsaliyeNumarasi'

2021-11-19 17:16:21 - [TEST_STEP][PASSED] - waitForElementClickable(findTestObject("Object Repository/Olusturma/Genel/Kutular/IrsaliyeBilgileri/IrsaliyeTarihi"), 10): Object 'Object Repository/Olusturma/Genel/Kutular/IrsaliyeBilgileri/IrsaliyeTarihi' is clickable

2021-11-19 17:16:21 - [MESSAGE][INFO] - Finding Test Object 'Object Repository/Olusturma/Genel/Kutular/IrsaliyeBilgileri/IrsaliyeTarihi'

2021-11-19 17:16:21 - [MESSAGE][INFO] - Checking object

2021-11-19 17:16:21 - [MESSAGE][INFO] - Checking timeout

2021-11-19 17:16:21 - [MESSAGE][INFO] - Finding web element from Test Object's properties

2021-11-19 17:16:21 - [MESSAGE][INFO] - Checking timeout

2021-11-19 17:16:21 - [MESSAGE][INFO] - Finding web element with id: 'Object Repository/Olusturma/Genel/Kutular/IrsaliyeBilgileri/IrsaliyeTarihi' located by 'By.xpath: //*[@id = 'gvUserInvoiceBills_DXEditor2_I']' in '10' second(s)

2021-11-19 17:16:21 - [MESSAGE][INFO] - Smart Wait Function is triggered

2021-11-19 17:16:21 - [MESSAGE][INFO] - Found 1 web elements with id: 'Object Repository/Olusturma/Genel/Kutular/IrsaliyeBilgileri/IrsaliyeTarihi' located by 'By.xpath: //*[@id = 'gvUserInvoiceBills_DXEditor2_I']' in '10' second(s)

2021-11-19 17:16:21 - [MESSAGE][PASSED] - Object 'Object Repository/Olusturma/Genel/Kutular/IrsaliyeBilgileri/IrsaliyeTarihi' is clickable

2021-11-19 17:16:21 - [TEST_STEP][PASSED] - click(findTestObject("Object Repository/Olusturma/Genel/Kutular/IrsaliyeBilgileri/IrsaliyeTarihi")): Object: 'Object Repository/Olusturma/Genel/Kutular/IrsaliyeBilgileri/IrsaliyeTarihi' is clicked on

2021-11-19 17:16:21 - [MESSAGE][INFO] - Finding Test Object 'Object Repository/Olusturma/Genel/Kutular/IrsaliyeBilgileri/IrsaliyeTarihi'

2021-11-19 17:16:22 - [MESSAGE][INFO] - Checking object

2021-11-19 17:16:22 - [MESSAGE][INFO] - Finding web element from Test Object's properties

2021-11-19 17:16:22 - [MESSAGE][INFO] - Checking timeout

2021-11-19 17:16:22 - [MESSAGE][INFO] - Finding web element with id: 'Object Repository/Olusturma/Genel/Kutular/IrsaliyeBilgileri/IrsaliyeTarihi' located by 'By.xpath: //*[@id = 'gvUserInvoiceBills_DXEditor2_I']' in '30' second(s)

2021-11-19 17:16:22 - [MESSAGE][INFO] - Smart Wait Function is triggered

2021-11-19 17:16:22 - [MESSAGE][INFO] - Found 1 web elements with id: 'Object Repository/Olusturma/Genel/Kutular/IrsaliyeBilgileri/IrsaliyeTarihi' located by 'By.xpath: //*[@id = 'gvUserInvoiceBills_DXEditor2_I']' in '30' second(s)

2021-11-19 17:16:22 - [MESSAGE][INFO] - Clicking on object: 'Object Repository/Olusturma/Genel/Kutular/IrsaliyeBilgileri/IrsaliyeTarihi'

2021-11-19 17:16:22 - [MESSAGE][PASSED] - Object: 'Object Repository/Olusturma/Genel/Kutular/IrsaliyeBilgileri/IrsaliyeTarihi' is clicked on

2021-11-19 17:16:22 - [TEST_STEP][PASSED] - sendKeys(findTestObject("Object Repository/Olusturma/Genel/Kutular/IrsaliyeBilgileri/IrsaliyeTarihi"), Tarih): Keys '31.04.2020' sent to object: 'Object Repository/Olusturma/Genel/Kutular/IrsaliyeBilgileri/IrsaliyeTarihi'

2021-11-19 17:16:22 - [MESSAGE][INFO] - Finding Test Object 'Object Repository/Olusturma/Genel/Kutular/IrsaliyeBilgileri/IrsaliyeTarihi'

2021-11-19 17:16:22 - [MESSAGE][INFO] - Sending keys '31.04.2020' to object: 'Object Repository/Olusturma/Genel/Kutular/IrsaliyeBilgileri/IrsaliyeTarihi'

2021-11-19 17:16:22 - [MESSAGE][INFO] - Finding web element from Test Object's properties

2021-11-19 17:16:22 - [MESSAGE][INFO] - Checking timeout

2021-11-19 17:16:22 - [MESSAGE][INFO] - Finding web element with id: 'Object Repository/Olusturma/Genel/Kutular/IrsaliyeBilgileri/IrsaliyeTarihi' located by 'By.xpath: //*[@id = 'gvUserInvoiceBills_DXEditor2_I']' in '30' second(s)

2021-11-19 17:16:22 - [MESSAGE][INFO] - Smart Wait Function is triggered

2021-11-19 17:16:22 - [MESSAGE][INFO] - Found 1 web elements with id: 'Object Repository/Olusturma/Genel/Kutular/IrsaliyeBilgileri/IrsaliyeTarihi' located by 'By.xpath: //*[@id = 'gvUserInvoiceBills_DXEditor2_I']' in '30' second(s)

2021-11-19 17:16:22 - [MESSAGE][PASSED] - Keys '31.04.2020' sent to object: 'Object Repository/Olusturma/Genel/Kutular/IrsaliyeBilgileri/IrsaliyeTarihi'

2021-11-19 17:16:22 - [MESSAGE][PASSED] - Call Test Case 'Test Cases/Olusturma/Genel/Kutular/IrsaliyeBilgileri' successfully

2021-11-19 17:16:22 - [MESSAGE][INFO] - Checking called Test Case

2021-11-19 17:16:22 - [MESSAGE][INFO] - Starting to call Test Case 'Test Cases/Olusturma/Genel/EkleButonunaBasilir'

2021-11-19 17:16:23 - [TEST_CASE][PASSED] - Test Cases/Olusturma/Genel/EkleButonunaBasilir: Test Cases/Olusturma/Genel/EkleButonunaBasilir

2021-11-19 17:16:23 - [TEST_STEP][PASSED] - waitForElementClickable(findTestObject("Object Repository/Olusturma/Genel/Olusturma/Ekle"), 10): Object 'Object Repository/Olusturma/Genel/Olusturma/Ekle' is clickable

2021-11-19 17:16:23 - [MESSAGE][INFO] - Finding Test Object 'Object Repository/Olusturma/Genel/Olusturma/Ekle'

2021-11-19 17:16:23 - [MESSAGE][INFO] - Checking object

2021-11-19 17:16:23 - [MESSAGE][INFO] - Checking timeout

2021-11-19 17:16:23 - [MESSAGE][INFO] - Finding web element from Test Object's properties

2021-11-19 17:16:23 - [MESSAGE][INFO] - Checking timeout

2021-11-19 17:16:23 - [MESSAGE][INFO] - Finding web element with id: 'Object Repository/Olusturma/Genel/Olusturma/Ekle' located by 'By.cssSelector: #divmalhizmet i.fa.fa-plus.fa-lg.text-muted' in '10' second(s)

2021-11-19 17:16:23 - [MESSAGE][INFO] - Smart Wait Function is triggered

2021-11-19 17:16:23 - [MESSAGE][INFO] - Found 1 web elements with id: 'Object Repository/Olusturma/Genel/Olusturma/Ekle' located by 'By.cssSelector: #divmalhizmet i.fa.fa-plus.fa-lg.text-muted' in '10' second(s)

2021-11-19 17:16:23 - [MESSAGE][PASSED] - Object 'Object Repository/Olusturma/Genel/Olusturma/Ekle' is clickable

2021-11-19 17:16:23 - [TEST_STEP][PASSED] - click(findTestObject("Object Repository/Olusturma/Genel/Olusturma/Ekle")): Object: 'Object Repository/Olusturma/Genel/Olusturma/Ekle' is clicked on

2021-11-19 17:16:23 - [MESSAGE][INFO] - Finding Test Object 'Object Repository/Olusturma/Genel/Olusturma/Ekle'

2021-11-19 17:16:23 - [MESSAGE][INFO] - Checking object

2021-11-19 17:16:23 - [MESSAGE][INFO] - Finding web element from Test Object's properties

2021-11-19 17:16:23 - [MESSAGE][INFO] - Checking timeout

2021-11-19 17:16:23 - [MESSAGE][INFO] - Finding web element with id: 'Object Repository/Olusturma/Genel/Olusturma/Ekle' located by 'By.cssSelector: #divmalhizmet i.fa.fa-plus.fa-lg.text-muted' in '30' second(s)

2021-11-19 17:16:23 - [MESSAGE][INFO] - Smart Wait Function is triggered

2021-11-19 17:16:23 - [MESSAGE][INFO] - Found 1 web elements with id: 'Object Repository/Olusturma/Genel/Olusturma/Ekle' located by 'By.cssSelector: #divmalhizmet i.fa.fa-plus.fa-lg.text-muted' in '30' second(s)

2021-11-19 17:16:23 - [MESSAGE][INFO] - Clicking on object: 'Object Repository/Olusturma/Genel/Olusturma/Ekle'

2021-11-19 17:16:23 - [MESSAGE][PASSED] - Object: 'Object Repository/Olusturma/Genel/Olusturma/Ekle' is clicked on

2021-11-19 17:16:23 - [TEST_STEP][PASSED] - waitForElementClickable(findTestObject("Olusturma/Genel/Olusturma/EklenenSatirCarpiImage"), 10): Object 'Object Repository/Olusturma/Genel/Olusturma/EklenenSatirCarpiImage' is clickable

2021-11-19 17:16:23 - [MESSAGE][INFO] - Finding Test Object 'Object Repository/Olusturma/Genel/Olusturma/EklenenSatirCarpiImage'

2021-11-19 17:16:23 - [MESSAGE][INFO] - Checking object

2021-11-19 17:16:23 - [MESSAGE][INFO] - Checking timeout

2021-11-19 17:16:23 - [MESSAGE][INFO] - Finding web element from Test Object's properties

2021-11-19 17:16:23 - [MESSAGE][INFO] - Checking timeout

2021-11-19 17:16:23 - [MESSAGE][INFO] - Finding web element with id: 'Object Repository/Olusturma/Genel/Olusturma/EklenenSatirCarpiImage' located by 'By.cssSelector: .fa.fa-times.fa-lg.text-primary' in '10' second(s)

2021-11-19 17:16:23 - [MESSAGE][INFO] - Smart Wait Function is triggered

2021-11-19 17:16:24 - [MESSAGE][INFO] - Found 1 web elements with id: 'Object Repository/Olusturma/Genel/Olusturma/EklenenSatirCarpiImage' located by 'By.cssSelector: .fa.fa-times.fa-lg.text-primary' in '10' second(s)

2021-11-19 17:16:24 - [MESSAGE][PASSED] - Object 'Object Repository/Olusturma/Genel/Olusturma/EklenenSatirCarpiImage' is clickable

2021-11-19 17:16:24 - [MESSAGE][PASSED] - Call Test Case 'Test Cases/Olusturma/Genel/EkleButonunaBasilir' successfully

2021-11-19 17:16:24 - [MESSAGE][INFO] - Checking called Test Case

2021-11-19 17:16:24 - [MESSAGE][INFO] - Starting to call Test Case 'Test Cases/Olusturma/Genel/Olusturma'

2021-11-19 17:16:24 - [TEST_CASE][PASSED] - Test Cases/Olusturma/Genel/Olusturma: Test Cases/Olusturma/Genel/Olusturma

2021-11-19 17:16:24 - [TEST_STEP][PASSED] - driver = getWebDriver(): null

2021-11-19 17:16:24 - [TEST_STEP][PASSED] - action = new org.openqa.selenium.interactions.Actions(driver): null

2021-11-19 17:16:24 - [TEST_STEP][PASSED] - baslikElement = <not implemented yet for class: org.codehaus.groovy.ast.expr.EmptyExpression>: null

2021-11-19 17:16:24 - [TEST_STEP][PASSED] - sonElement = <not implemented yet for class: org.codehaus.groovy.ast.expr.EmptyExpression>: null

2021-11-19 17:16:24 - [TEST_STEP][PASSED] - attr = <not implemented yet for class: org.codehaus.groovy.ast.expr.EmptyExpression>: null

2021-11-19 17:16:24 - [TEST_STEP][PASSED] - a = 0: null

2021-11-19 17:16:24 - [TEST_STEP][PASSED] - elements = findWebElements(findTestObject("Object Repository/Olusturma/Genel/Olusturma/TabloBasliklari"), 10): Found 13 web elements with id: 'Object Repository/Olusturma/Genel/Olusturma/TabloBasliklari' located by 'By.cssSelector: div#divmalhizmet .dxgvTable_LECustomTheme td.dxgvHeader_LECustomTheme tr>td:nth-child(1)' in '10' second(s)

2021-11-19 17:16:24 - [MESSAGE][INFO] - Finding Test Object 'Object Repository/Olusturma/Genel/Olusturma/TabloBasliklari'

2021-11-19 17:16:24 - [MESSAGE][INFO] - Checking timeout

2021-11-19 17:16:24 - [MESSAGE][INFO] - Finding web element with id: 'Object Repository/Olusturma/Genel/Olusturma/TabloBasliklari' located by 'By.cssSelector: div#divmalhizmet .dxgvTable_LECustomTheme td.dxgvHeader_LECustomTheme tr>td:nth-child(1)' in '10' second(s)

2021-11-19 17:16:24 - [MESSAGE][INFO] - Smart Wait Function is triggered

2021-11-19 17:16:25 - [MESSAGE][INFO] - Found 13 web elements with id: 'Object Repository/Olusturma/Genel/Olusturma/TabloBasliklari' located by 'By.cssSelector: div#divmalhizmet .dxgvTable_LECustomTheme td.dxgvHeader_LECustomTheme tr>td:nth-child(1)' in '10' second(s)

2021-11-19 17:16:25 - [TEST_STEP][PASSED] - for (def element : elements): null

2021-11-19 17:16:25 - [TEST_STEP][PASSED] - build().perform(): null

2021-11-19 17:16:25 - [TEST_STEP][PASSED] - if (getText().equals(Baslik)): null

2021-11-19 17:16:25 - [TEST_STEP][PASSED] - baslikElement = element.findElement(By.xpath("../../../..")): Smart Wait Function is triggered

2021-11-19 17:16:25 - [MESSAGE][INFO] - Smart Wait Function is triggered

2021-11-19 17:16:26 - [TEST_STEP][PASSED] - attr = baslikElement.getAttribute("id"): null

2021-11-19 17:16:26 - [TEST_STEP][PASSED] - println("girdi ve idsini aldı = " + attr): null

2021-11-19 17:16:26 - [TEST_STEP][PASSED] - break: null

2021-11-19 17:16:26 - [TEST_STEP][PASSED] - countElement = baslikElement.findElements(By.xpath("../td")): Smart Wait Function is triggered

2021-11-19 17:16:26 - [MESSAGE][INFO] - Smart Wait Function is triggered

2021-11-19 17:16:26 - [TEST_STEP][PASSED] - for (def element : countElement): null

2021-11-19 17:16:26 - [TEST_STEP][PASSED] - if (toString().equals(attr.toString())): null

2021-11-19 17:16:26 - [TEST_STEP][PASSED] - (a++): null

2021-11-19 17:16:26 - [TEST_STEP][PASSED] - if (toString().equals(attr.toString())): null

2021-11-19 17:16:26 - [TEST_STEP][PASSED] - break: null

2021-11-19 17:16:26 - [TEST_STEP][PASSED] - son = findWebElement(findTestObject("Object Repository/Olusturma/Genel/Olusturma/EklenenSatir")).findElement(By.xpath("td[@class='dxgvInlineEditCell_LECustomTheme dxgv'][" + a + "]//td[@class='dxic']/input")): Smart Wait Function is triggered

2021-11-19 17:16:26 - [MESSAGE][INFO] - Finding Test Object 'Object Repository/Olusturma/Genel/Olusturma/EklenenSatir'

2021-11-19 17:16:26 - [MESSAGE][INFO] - Finding web element from Test Object's properties

2021-11-19 17:16:26 - [MESSAGE][INFO] - Checking timeout

2021-11-19 17:16:26 - [MESSAGE][INFO] - Finding web element with id: 'Object Repository/Olusturma/Genel/Olusturma/EklenenSatir' located by 'By.cssSelector: #divmalhizmet .dxgvInlineEditRow_LECustomTheme' in '30' second(s)

2021-11-19 17:16:26 - [MESSAGE][INFO] - Smart Wait Function is triggered

2021-11-19 17:16:26 - [MESSAGE][INFO] - Found 1 web elements with id: 'Object Repository/Olusturma/Genel/Olusturma/EklenenSatir' located by 'By.cssSelector: #divmalhizmet .dxgvInlineEditRow_LECustomTheme' in '30' second(s)

2021-11-19 17:16:26 - [MESSAGE][INFO] - Smart Wait Function is triggered

2021-11-19 17:16:27 - [TEST_STEP][PASSED] - if (!(getAttribute("value").contains("Vkn"))): null

2021-11-19 17:16:27 - [TEST_STEP][PASSED] - son.clear(): null

2021-11-19 17:16:27 - [TEST_STEP][PASSED] - son.sendKeys(Deger): null

2021-11-19 17:16:27 - [MESSAGE][PASSED] - Call Test Case 'Test Cases/Olusturma/Genel/Olusturma' successfully

2021-11-19 17:16:27 - [MESSAGE][INFO] - Checking called Test Case

2021-11-19 17:16:27 - [MESSAGE][INFO] - Starting to call Test Case 'Test Cases/Olusturma/Genel/Olusturma'

2021-11-19 17:16:27 - [TEST_CASE][PASSED] - Test Cases/Olusturma/Genel/Olusturma: Test Cases/Olusturma/Genel/Olusturma

2021-11-19 17:16:27 - [TEST_STEP][PASSED] - driver = getWebDriver(): null

2021-11-19 17:16:27 - [TEST_STEP][PASSED] - action = new org.openqa.selenium.interactions.Actions(driver): null

2021-11-19 17:16:27 - [TEST_STEP][PASSED] - baslikElement = <not implemented yet for class: org.codehaus.groovy.ast.expr.EmptyExpression>: null

2021-11-19 17:16:27 - [TEST_STEP][PASSED] - sonElement = <not implemented yet for class: org.codehaus.groovy.ast.expr.EmptyExpression>: null

2021-11-19 17:16:27 - [TEST_STEP][PASSED] - attr = <not implemented yet for class: org.codehaus.groovy.ast.expr.EmptyExpression>: null

2021-11-19 17:16:27 - [TEST_STEP][PASSED] - a = 0: null

2021-11-19 17:16:27 - [TEST_STEP][PASSED] - elements = findWebElements(findTestObject("Object Repository/Olusturma/Genel/Olusturma/TabloBasliklari"), 10): Found 13 web elements with id: 'Object Repository/Olusturma/Genel/Olusturma/TabloBasliklari' located by 'By.cssSelector: div#divmalhizmet .dxgvTable_LECustomTheme td.dxgvHeader_LECustomTheme tr>td:nth-child(1)' in '10' second(s)

2021-11-19 17:16:27 - [MESSAGE][INFO] - Finding Test Object 'Object Repository/Olusturma/Genel/Olusturma/TabloBasliklari'

2021-11-19 17:16:27 - [MESSAGE][INFO] - Checking timeout

2021-11-19 17:16:27 - [MESSAGE][INFO] - Finding web element with id: 'Object Repository/Olusturma/Genel/Olusturma/TabloBasliklari' located by 'By.cssSelector: div#divmalhizmet .dxgvTable_LECustomTheme td.dxgvHeader_LECustomTheme tr>td:nth-child(1)' in '10' second(s)

2021-11-19 17:16:27 - [MESSAGE][INFO] - Smart Wait Function is triggered

2021-11-19 17:16:27 - [MESSAGE][INFO] - Found 13 web elements with id: 'Object Repository/Olusturma/Genel/Olusturma/TabloBasliklari' located by 'By.cssSelector: div#divmalhizmet .dxgvTable_LECustomTheme td.dxgvHeader_LECustomTheme tr>td:nth-child(1)' in '10' second(s)

2021-11-19 17:16:27 - [TEST_STEP][PASSED] - for (def element : elements): null

2021-11-19 17:16:27 - [TEST_STEP][PASSED] - build().perform(): null

2021-11-19 17:16:27 - [TEST_STEP][PASSED] - if (getText().equals(Baslik)): null

2021-11-19 17:16:27 - [TEST_STEP][PASSED] - build().perform(): null

2021-11-19 17:16:28 - [TEST_STEP][PASSED] - if (getText().equals(Baslik)): null

2021-11-19 17:16:28 - [TEST_STEP][PASSED] - baslikElement = element.findElement(By.xpath("../../../..")): Smart Wait Function is triggered

2021-11-19 17:16:28 - [MESSAGE][INFO] - Smart Wait Function is triggered

2021-11-19 17:16:28 - [TEST_STEP][PASSED] - attr = baslikElement.getAttribute("id"): null

2021-11-19 17:16:28 - [TEST_STEP][PASSED] - println("girdi ve idsini aldı = " + attr): null

2021-11-19 17:16:28 - [TEST_STEP][PASSED] - break: null

2021-11-19 17:16:28 - [TEST_STEP][PASSED] - countElement = baslikElement.findElements(By.xpath("../td")): Smart Wait Function is triggered

2021-11-19 17:16:28 - [MESSAGE][INFO] - Smart Wait Function is triggered

2021-11-19 17:16:28 - [TEST_STEP][PASSED] - for (def element : countElement): null

2021-11-19 17:16:28 - [TEST_STEP][PASSED] - if (toString().equals(attr.toString())): null

2021-11-19 17:16:28 - [TEST_STEP][PASSED] - (a++): null

2021-11-19 17:16:28 - [TEST_STEP][PASSED] - if (toString().equals(attr.toString())): null

2021-11-19 17:16:28 - [TEST_STEP][PASSED] - (a++): null

2021-11-19 17:16:28 - [TEST_STEP][PASSED] - if (toString().equals(attr.toString())): null

2021-11-19 17:16:28 - [TEST_STEP][PASSED] - break: null

2021-11-19 17:16:28 - [TEST_STEP][PASSED] - son = findWebElement(findTestObject("Object Repository/Olusturma/Genel/Olusturma/EklenenSatir")).findElement(By.xpath("td[@class='dxgvInlineEditCell_LECustomTheme dxgv'][" + a + "]//td[@class='dxic']/input")): Smart Wait Function is triggered

2021-11-19 17:16:28 - [MESSAGE][INFO] - Finding Test Object 'Object Repository/Olusturma/Genel/Olusturma/EklenenSatir'

2021-11-19 17:16:28 - [MESSAGE][INFO] - Finding web element from Test Object's properties

2021-11-19 17:16:28 - [MESSAGE][INFO] - Checking timeout

2021-11-19 17:16:28 - [MESSAGE][INFO] - Finding web element with id: 'Object Repository/Olusturma/Genel/Olusturma/EklenenSatir' located by 'By.cssSelector: #divmalhizmet .dxgvInlineEditRow_LECustomTheme' in '30' second(s)

2021-11-19 17:16:28 - [MESSAGE][INFO] - Smart Wait Function is triggered

2021-11-19 17:16:29 - [MESSAGE][INFO] - Found 1 web elements with id: 'Object Repository/Olusturma/Genel/Olusturma/EklenenSatir' located by 'By.cssSelector: #divmalhizmet .dxgvInlineEditRow_LECustomTheme' in '30' second(s)

2021-11-19 17:16:29 - [MESSAGE][INFO] - Smart Wait Function is triggered

2021-11-19 17:16:29 - [TEST_STEP][PASSED] - if (!(getAttribute("value").contains("Vkn"))): null

2021-11-19 17:16:29 - [TEST_STEP][PASSED] - son.clear(): null

2021-11-19 17:16:29 - [TEST_STEP][PASSED] - son.sendKeys(Deger): null

2021-11-19 17:16:29 - [MESSAGE][PASSED] - Call Test Case 'Test Cases/Olusturma/Genel/Olusturma' successfully

2021-11-19 17:16:29 - [MESSAGE][INFO] - Checking called Test Case

2021-11-19 17:16:29 - [MESSAGE][INFO] - Starting to call Test Case 'Test Cases/Olusturma/Genel/Olusturma'

2021-11-19 17:16:29 - [TEST_CASE][PASSED] - Test Cases/Olusturma/Genel/Olusturma: Test Cases/Olusturma/Genel/Olusturma

2021-11-19 17:16:29 - [TEST_STEP][PASSED] - driver = getWebDriver(): null

2021-11-19 17:16:29 - [TEST_STEP][PASSED] - action = new org.openqa.selenium.interactions.Actions(driver): null

2021-11-19 17:16:29 - [TEST_STEP][PASSED] - baslikElement = <not implemented yet for class: org.codehaus.groovy.ast.expr.EmptyExpression>: null

2021-11-19 17:16:29 - [TEST_STEP][PASSED] - sonElement = <not implemented yet for class: org.codehaus.groovy.ast.expr.EmptyExpression>: null

2021-11-19 17:16:29 - [TEST_STEP][PASSED] - attr = <not implemented yet for class: org.codehaus.groovy.ast.expr.EmptyExpression>: null

2021-11-19 17:16:29 - [TEST_STEP][PASSED] - a = 0: null

2021-11-19 17:16:29 - [TEST_STEP][PASSED] - elements = findWebElements(findTestObject("Object Repository/Olusturma/Genel/Olusturma/TabloBasliklari"), 10): Found 13 web elements with id: 'Object Repository/Olusturma/Genel/Olusturma/TabloBasliklari' located by 'By.cssSelector: div#divmalhizmet .dxgvTable_LECustomTheme td.dxgvHeader_LECustomTheme tr>td:nth-child(1)' in '10' second(s)

2021-11-19 17:16:29 - [MESSAGE][INFO] - Finding Test Object 'Object Repository/Olusturma/Genel/Olusturma/TabloBasliklari'

2021-11-19 17:16:29 - [MESSAGE][INFO] - Checking timeout

2021-11-19 17:16:29 - [MESSAGE][INFO] - Finding web element with id: 'Object Repository/Olusturma/Genel/Olusturma/TabloBasliklari' located by 'By.cssSelector: div#divmalhizmet .dxgvTable_LECustomTheme td.dxgvHeader_LECustomTheme tr>td:nth-child(1)' in '10' second(s)

2021-11-19 17:16:29 - [MESSAGE][INFO] - Smart Wait Function is triggered

2021-11-19 17:16:30 - [MESSAGE][INFO] - Found 13 web elements with id: 'Object Repository/Olusturma/Genel/Olusturma/TabloBasliklari' located by 'By.cssSelector: div#divmalhizmet .dxgvTable_LECustomTheme td.dxgvHeader_LECustomTheme tr>td:nth-child(1)' in '10' second(s)

2021-11-19 17:16:30 - [TEST_STEP][PASSED] - for (def element : elements): null

2021-11-19 17:16:30 - [TEST_STEP][PASSED] - build().perform(): null

2021-11-19 17:16:30 - [TEST_STEP][PASSED] - if (getText().equals(Baslik)): null

2021-11-19 17:16:30 - [TEST_STEP][PASSED] - build().perform(): null

2021-11-19 17:16:30 - [TEST_STEP][PASSED] - if (getText().equals(Baslik)): null

2021-11-19 17:16:30 - [TEST_STEP][PASSED] - build().perform(): null

2021-11-19 17:16:30 - [TEST_STEP][PASSED] - if (getText().equals(Baslik)): null

2021-11-19 17:16:30 - [TEST_STEP][PASSED] - build().perform(): null

2021-11-19 17:16:30 - [TEST_STEP][PASSED] - if (getText().equals(Baslik)): null

2021-11-19 17:16:30 - [TEST_STEP][PASSED] - baslikElement = element.findElement(By.xpath("../../../..")): Smart Wait Function is triggered

2021-11-19 17:16:30 - [MESSAGE][INFO] - Smart Wait Function is triggered

2021-11-19 17:16:30 - [TEST_STEP][PASSED] - attr = baslikElement.getAttribute("id"): null

2021-11-19 17:16:30 - [TEST_STEP][PASSED] - println("girdi ve idsini aldı = " + attr): null

2021-11-19 17:16:30 - [TEST_STEP][PASSED] - break: null

2021-11-19 17:16:30 - [TEST_STEP][PASSED] - countElement = baslikElement.findElements(By.xpath("../td")): Smart Wait Function is triggered

2021-11-19 17:16:30 - [MESSAGE][INFO] - Smart Wait Function is triggered

2021-11-19 17:16:31 - [TEST_STEP][PASSED] - for (def element : countElement): null

2021-11-19 17:16:31 - [TEST_STEP][PASSED] - if (toString().equals(attr.toString())): null

2021-11-19 17:16:31 - [TEST_STEP][PASSED] - (a++): null

2021-11-19 17:16:31 - [TEST_STEP][PASSED] - if (toString().equals(attr.toString())): null

2021-11-19 17:16:31 - [TEST_STEP][PASSED] - (a++): null

2021-11-19 17:16:31 - [TEST_STEP][PASSED] - if (toString().equals(attr.toString())): null

2021-11-19 17:16:31 - [TEST_STEP][PASSED] - (a++): null

2021-11-19 17:16:31 - [TEST_STEP][PASSED] - if (toString().equals(attr.toString())): null

2021-11-19 17:16:31 - [TEST_STEP][PASSED] - (a++): null

2021-11-19 17:16:31 - [TEST_STEP][PASSED] - if (toString().equals(attr.toString())): null

2021-11-19 17:16:31 - [TEST_STEP][PASSED] - break: null

2021-11-19 17:16:31 - [TEST_STEP][PASSED] - son = findWebElement(findTestObject("Object Repository/Olusturma/Genel/Olusturma/EklenenSatir")).findElement(By.xpath("td[@class='dxgvInlineEditCell_LECustomTheme dxgv'][" + a + "]//td[@class='dxic']/input")): Smart Wait Function is triggered

2021-11-19 17:16:31 - [MESSAGE][INFO] - Finding Test Object 'Object Repository/Olusturma/Genel/Olusturma/EklenenSatir'

2021-11-19 17:16:31 - [MESSAGE][INFO] - Finding web element from Test Object's properties

2021-11-19 17:16:31 - [MESSAGE][INFO] - Checking timeout

2021-11-19 17:16:31 - [MESSAGE][INFO] - Finding web element with id: 'Object Repository/Olusturma/Genel/Olusturma/EklenenSatir' located by 'By.cssSelector: #divmalhizmet .dxgvInlineEditRow_LECustomTheme' in '30' second(s)

2021-11-19 17:16:31 - [MESSAGE][INFO] - Smart Wait Function is triggered

2021-11-19 17:16:31 - [MESSAGE][INFO] - Found 1 web elements with id: 'Object Repository/Olusturma/Genel/Olusturma/EklenenSatir' located by 'By.cssSelector: #divmalhizmet .dxgvInlineEditRow_LECustomTheme' in '30' second(s)

2021-11-19 17:16:31 - [MESSAGE][INFO] - Smart Wait Function is triggered

2021-11-19 17:16:31 - [TEST_STEP][PASSED] - if (!(getAttribute("value").contains("Vkn"))): null

2021-11-19 17:16:31 - [TEST_STEP][PASSED] - son.clear(): null

2021-11-19 17:16:32 - [TEST_STEP][PASSED] - son.sendKeys(Deger): null

2021-11-19 17:16:32 - [MESSAGE][PASSED] - Call Test Case 'Test Cases/Olusturma/Genel/Olusturma' successfully

2021-11-19 17:16:32 - [MESSAGE][INFO] - Checking called Test Case

2021-11-19 17:16:32 - [MESSAGE][INFO] - Starting to call Test Case 'Test Cases/Olusturma/Genel/Olusturma'

2021-11-19 17:16:32 - [TEST_CASE][PASSED] - Test Cases/Olusturma/Genel/Olusturma: Test Cases/Olusturma/Genel/Olusturma

2021-11-19 17:16:32 - [TEST_STEP][PASSED] - driver = getWebDriver(): null

2021-11-19 17:16:32 - [TEST_STEP][PASSED] - action = new org.openqa.selenium.interactions.Actions(driver): null

2021-11-19 17:16:32 - [TEST_STEP][PASSED] - baslikElement = <not implemented yet for class: org.codehaus.groovy.ast.expr.EmptyExpression>: null

2021-11-19 17:16:32 - [TEST_STEP][PASSED] - sonElement = <not implemented yet for class: org.codehaus.groovy.ast.expr.EmptyExpression>: null

2021-11-19 17:16:32 - [TEST_STEP][PASSED] - attr = <not implemented yet for class: org.codehaus.groovy.ast.expr.EmptyExpression>: null

2021-11-19 17:16:32 - [TEST_STEP][PASSED] - a = 0: null

2021-11-19 17:16:32 - [TEST_STEP][PASSED] - elements = findWebElements(findTestObject("Object Repository/Olusturma/Genel/Olusturma/TabloBasliklari"), 10): Found 13 web elements with id: 'Object Repository/Olusturma/Genel/Olusturma/TabloBasliklari' located by 'By.cssSelector: div#divmalhizmet .dxgvTable_LECustomTheme td.dxgvHeader_LECustomTheme tr>td:nth-child(1)' in '10' second(s)

2021-11-19 17:16:32 - [MESSAGE][INFO] - Finding Test Object 'Object Repository/Olusturma/Genel/Olusturma/TabloBasliklari'

2021-11-19 17:16:32 - [MESSAGE][INFO] - Checking timeout

2021-11-19 17:16:32 - [MESSAGE][INFO] - Finding web element with id: 'Object Repository/Olusturma/Genel/Olusturma/TabloBasliklari' located by 'By.cssSelector: div#divmalhizmet .dxgvTable_LECustomTheme td.dxgvHeader_LECustomTheme tr>td:nth-child(1)' in '10' second(s)

2021-11-19 17:16:32 - [MESSAGE][INFO] - Smart Wait Function is triggered

2021-11-19 17:16:32 - [MESSAGE][INFO] - Found 13 web elements with id: 'Object Repository/Olusturma/Genel/Olusturma/TabloBasliklari' located by 'By.cssSelector: div#divmalhizmet .dxgvTable_LECustomTheme td.dxgvHeader_LECustomTheme tr>td:nth-child(1)' in '10' second(s)

2021-11-19 17:16:32 - [TEST_STEP][PASSED] - for (def element : elements): null

2021-11-19 17:16:32 - [TEST_STEP][PASSED] - build().perform(): null

2021-11-19 17:16:32 - [TEST_STEP][PASSED] - if (getText().equals(Baslik)): null

2021-11-19 17:16:32 - [TEST_STEP][PASSED] - build().perform(): null

2021-11-19 17:16:32 - [TEST_STEP][PASSED] - if (getText().equals(Baslik)): null

2021-11-19 17:16:32 - [TEST_STEP][PASSED] - build().perform(): null

2021-11-19 17:16:33 - [TEST_STEP][PASSED] - if (getText().equals(Baslik)): null

2021-11-19 17:16:33 - [TEST_STEP][PASSED] - build().perform(): null

2021-11-19 17:16:33 - [TEST_STEP][PASSED] - if (getText().equals(Baslik)): null

2021-11-19 17:16:33 - [TEST_STEP][PASSED] - build().perform(): null

2021-11-19 17:16:33 - [TEST_STEP][PASSED] - if (getText().equals(Baslik)): null

2021-11-19 17:16:33 - [TEST_STEP][PASSED] - build().perform(): null

2021-11-19 17:16:33 - [TEST_STEP][PASSED] - if (getText().equals(Baslik)): null

2021-11-19 17:16:33 - [TEST_STEP][PASSED] - baslikElement = element.findElement(By.xpath("../../../..")): Smart Wait Function is triggered

2021-11-19 17:16:33 - [MESSAGE][INFO] - Smart Wait Function is triggered

2021-11-19 17:16:33 - [TEST_STEP][PASSED] - attr = baslikElement.getAttribute("id"): null

2021-11-19 17:16:33 - [TEST_STEP][PASSED] - println("girdi ve idsini aldı = " + attr): null

2021-11-19 17:16:33 - [TEST_STEP][PASSED] - break: null

2021-11-19 17:16:33 - [TEST_STEP][PASSED] - countElement = baslikElement.findElements(By.xpath("../td")): Smart Wait Function is triggered

2021-11-19 17:16:33 - [MESSAGE][INFO] - Smart Wait Function is triggered

2021-11-19 17:16:34 - [TEST_STEP][PASSED] - for (def element : countElement): null

2021-11-19 17:16:34 - [TEST_STEP][PASSED] - if (toString().equals(attr.toString())): null

2021-11-19 17:16:34 - [TEST_STEP][PASSED] - (a++): null

2021-11-19 17:16:34 - [TEST_STEP][PASSED] - if (toString().equals(attr.toString())): null

2021-11-19 17:16:34 - [TEST_STEP][PASSED] - (a++): null

2021-11-19 17:16:34 - [TEST_STEP][PASSED] - if (toString().equals(attr.toString())): null

2021-11-19 17:16:34 - [TEST_STEP][PASSED] - (a++): null

2021-11-19 17:16:34 - [TEST_STEP][PASSED] - if (toString().equals(attr.toString())): null

2021-11-19 17:16:34 - [TEST_STEP][PASSED] - (a++): null

2021-11-19 17:16:34 - [TEST_STEP][PASSED] - if (toString().equals(attr.toString())): null

2021-11-19 17:16:34 - [TEST_STEP][PASSED] - (a++): null

2021-11-19 17:16:34 - [TEST_STEP][PASSED] - if (toString().equals(attr.toString())): null

2021-11-19 17:16:34 - [TEST_STEP][PASSED] - (a++): null

2021-11-19 17:16:34 - [TEST_STEP][PASSED] - if (toString().equals(attr.toString())): null

2021-11-19 17:16:34 - [TEST_STEP][PASSED] - break: null

2021-11-19 17:16:34 - [TEST_STEP][PASSED] - son = findWebElement(findTestObject("Object Repository/Olusturma/Genel/Olusturma/EklenenSatir")).findElement(By.xpath("td[@class='dxgvInlineEditCell_LECustomTheme dxgv'][" + a + "]//td[@class='dxic']/input")): Smart Wait Function is triggered

2021-11-19 17:16:34 - [MESSAGE][INFO] - Finding Test Object 'Object Repository/Olusturma/Genel/Olusturma/EklenenSatir'

2021-11-19 17:16:34 - [MESSAGE][INFO] - Finding web element from Test Object's properties

2021-11-19 17:16:34 - [MESSAGE][INFO] - Checking timeout

2021-11-19 17:16:34 - [MESSAGE][INFO] - Finding web element with id: 'Object Repository/Olusturma/Genel/Olusturma/EklenenSatir' located by 'By.cssSelector: #divmalhizmet .dxgvInlineEditRow_LECustomTheme' in '30' second(s)

2021-11-19 17:16:34 - [MESSAGE][INFO] - Smart Wait Function is triggered

2021-11-19 17:16:34 - [MESSAGE][INFO] - Found 1 web elements with id: 'Object Repository/Olusturma/Genel/Olusturma/EklenenSatir' located by 'By.cssSelector: #divmalhizmet .dxgvInlineEditRow_LECustomTheme' in '30' second(s)

2021-11-19 17:16:34 - [MESSAGE][INFO] - Smart Wait Function is triggered

2021-11-19 17:16:35 - [TEST_STEP][PASSED] - if (!(getAttribute("value").contains("Vkn"))): null

2021-11-19 17:16:35 - [TEST_STEP][PASSED] - son.clear(): null

2021-11-19 17:16:35 - [TEST_STEP][PASSED] - son.sendKeys(Deger): null

2021-11-19 17:16:35 - [MESSAGE][PASSED] - Call Test Case 'Test Cases/Olusturma/Genel/Olusturma' successfully

2021-11-19 17:16:35 - [MESSAGE][INFO] - Checking called Test Case

2021-11-19 17:16:35 - [MESSAGE][INFO] - Starting to call Test Case 'Test Cases/Olusturma/Genel/Olusturma'

2021-11-19 17:16:35 - [TEST_CASE][PASSED] - Test Cases/Olusturma/Genel/Olusturma: Test Cases/Olusturma/Genel/Olusturma

2021-11-19 17:16:35 - [TEST_STEP][PASSED] - driver = getWebDriver(): null

2021-11-19 17:16:35 - [TEST_STEP][PASSED] - action = new org.openqa.selenium.interactions.Actions(driver): null

2021-11-19 17:16:35 - [TEST_STEP][PASSED] - baslikElement = <not implemented yet for class: org.codehaus.groovy.ast.expr.EmptyExpression>: null

2021-11-19 17:16:35 - [TEST_STEP][PASSED] - sonElement = <not implemented yet for class: org.codehaus.groovy.ast.expr.EmptyExpression>: null

2021-11-19 17:16:35 - [TEST_STEP][PASSED] - attr = <not implemented yet for class: org.codehaus.groovy.ast.expr.EmptyExpression>: null

2021-11-19 17:16:35 - [TEST_STEP][PASSED] - a = 0: null

2021-11-19 17:16:35 - [TEST_STEP][PASSED] - elements = findWebElements(findTestObject("Object Repository/Olusturma/Genel/Olusturma/TabloBasliklari"), 10): Found 13 web elements with id: 'Object Repository/Olusturma/Genel/Olusturma/TabloBasliklari' located by 'By.cssSelector: div#divmalhizmet .dxgvTable_LECustomTheme td.dxgvHeader_LECustomTheme tr>td:nth-child(1)' in '10' second(s)

2021-11-19 17:16:35 - [MESSAGE][INFO] - Finding Test Object 'Object Repository/Olusturma/Genel/Olusturma/TabloBasliklari'

2021-11-19 17:16:35 - [MESSAGE][INFO] - Checking timeout

2021-11-19 17:16:35 - [MESSAGE][INFO] - Finding web element with id: 'Object Repository/Olusturma/Genel/Olusturma/TabloBasliklari' located by 'By.cssSelector: div#divmalhizmet .dxgvTable_LECustomTheme td.dxgvHeader_LECustomTheme tr>td:nth-child(1)' in '10' second(s)

2021-11-19 17:16:35 - [MESSAGE][INFO] - Smart Wait Function is triggered

2021-11-19 17:16:35 - [MESSAGE][INFO] - Found 13 web elements with id: 'Object Repository/Olusturma/Genel/Olusturma/TabloBasliklari' located by 'By.cssSelector: div#divmalhizmet .dxgvTable_LECustomTheme td.dxgvHeader_LECustomTheme tr>td:nth-child(1)' in '10' second(s)

2021-11-19 17:16:35 - [TEST_STEP][PASSED] - for (def element : elements): null

2021-11-19 17:16:35 - [TEST_STEP][PASSED] - build().perform(): null

2021-11-19 17:16:36 - [TEST_STEP][PASSED] - if (getText().equals(Baslik)): null

2021-11-19 17:16:36 - [TEST_STEP][PASSED] - build().perform(): null

2021-11-19 17:16:36 - [TEST_STEP][PASSED] - if (getText().equals(Baslik)): null

2021-11-19 17:16:36 - [TEST_STEP][PASSED] - build().perform(): null

2021-11-19 17:16:36 - [TEST_STEP][PASSED] - if (getText().equals(Baslik)): null

2021-11-19 17:16:36 - [TEST_STEP][PASSED] - build().perform(): null

2021-11-19 17:16:36 - [TEST_STEP][PASSED] - if (getText().equals(Baslik)): null

2021-11-19 17:16:36 - [TEST_STEP][PASSED] - build().perform(): null

2021-11-19 17:16:36 - [TEST_STEP][PASSED] - if (getText().equals(Baslik)): null

2021-11-19 17:16:36 - [TEST_STEP][PASSED] - build().perform(): null

2021-11-19 17:16:36 - [TEST_STEP][PASSED] - if (getText().equals(Baslik)): null

2021-11-19 17:16:36 - [TEST_STEP][PASSED] - build().perform(): null

2021-11-19 17:16:36 - [TEST_STEP][PASSED] - if (getText().equals(Baslik)): null

2021-11-19 17:16:36 - [TEST_STEP][PASSED] - baslikElement = element.findElement(By.xpath("../../../..")): Smart Wait Function is triggered

2021-11-19 17:16:36 - [MESSAGE][INFO] - Smart Wait Function is triggered

2021-11-19 17:16:37 - [TEST_STEP][PASSED] - attr = baslikElement.getAttribute("id"): null

2021-11-19 17:16:37 - [TEST_STEP][PASSED] - println("girdi ve idsini aldı = " + attr): null

2021-11-19 17:16:37 - [TEST_STEP][PASSED] - break: null

2021-11-19 17:16:37 - [TEST_STEP][PASSED] - countElement = baslikElement.findElements(By.xpath("../td")): Smart Wait Function is triggered

2021-11-19 17:16:37 - [MESSAGE][INFO] - Smart Wait Function is triggered

2021-11-19 17:16:37 - [TEST_STEP][PASSED] - for (def element : countElement): null

2021-11-19 17:16:37 - [TEST_STEP][PASSED] - if (toString().equals(attr.toString())): null

2021-11-19 17:16:37 - [TEST_STEP][PASSED] - (a++): null

2021-11-19 17:16:37 - [TEST_STEP][PASSED] - if (toString().equals(attr.toString())): null

2021-11-19 17:16:37 - [TEST_STEP][PASSED] - (a++): null

2021-11-19 17:16:37 - [TEST_STEP][PASSED] - if (toString().equals(attr.toString())): null

2021-11-19 17:16:38 - [TEST_STEP][PASSED] - (a++): null

2021-11-19 17:16:38 - [TEST_STEP][PASSED] - if (toString().equals(attr.toString())): null

2021-11-19 17:16:38 - [TEST_STEP][PASSED] - (a++): null

2021-11-19 17:16:38 - [TEST_STEP][PASSED] - if (toString().equals(attr.toString())): null

2021-11-19 17:16:38 - [TEST_STEP][PASSED] - (a++): null

2021-11-19 17:16:38 - [TEST_STEP][PASSED] - if (toString().equals(attr.toString())): null

2021-11-19 17:16:38 - [TEST_STEP][PASSED] - (a++): null

2021-11-19 17:16:38 - [TEST_STEP][PASSED] - if (toString().equals(attr.toString())): null

2021-11-19 17:16:38 - [TEST_STEP][PASSED] - (a++): null

2021-11-19 17:16:38 - [TEST_STEP][PASSED] - if (toString().equals(attr.toString())): null

2021-11-19 17:16:38 - [TEST_STEP][PASSED] - break: null

2021-11-19 17:16:38 - [TEST_STEP][PASSED] - son = findWebElement(findTestObject("Object Repository/Olusturma/Genel/Olusturma/EklenenSatir")).findElement(By.xpath("td[@class='dxgvInlineEditCell_LECustomTheme dxgv'][" + a + "]//td[@class='dxic']/input")): Smart Wait Function is triggered

2021-11-19 17:16:38 - [MESSAGE][INFO] - Finding Test Object 'Object Repository/Olusturma/Genel/Olusturma/EklenenSatir'

2021-11-19 17:16:38 - [MESSAGE][INFO] - Finding web element from Test Object's properties

2021-11-19 17:16:38 - [MESSAGE][INFO] - Checking timeout

2021-11-19 17:16:38 - [MESSAGE][INFO] - Finding web element with id: 'Object Repository/Olusturma/Genel/Olusturma/EklenenSatir' located by 'By.cssSelector: #divmalhizmet .dxgvInlineEditRow_LECustomTheme' in '30' second(s)

2021-11-19 17:16:38 - [MESSAGE][INFO] - Smart Wait Function is triggered

2021-11-19 17:16:38 - [MESSAGE][INFO] - Found 1 web elements with id: 'Object Repository/Olusturma/Genel/Olusturma/EklenenSatir' located by 'By.cssSelector: #divmalhizmet .dxgvInlineEditRow_LECustomTheme' in '30' second(s)

2021-11-19 17:16:38 - [MESSAGE][INFO] - Smart Wait Function is triggered

2021-11-19 17:16:38 - [TEST_STEP][PASSED] - if (!(getAttribute("value").contains("Vkn"))): null

2021-11-19 17:16:38 - [TEST_STEP][PASSED] - son.clear(): null

2021-11-19 17:16:38 - [TEST_STEP][PASSED] - son.sendKeys(Deger): null

2021-11-19 17:16:39 - [MESSAGE][PASSED] - Call Test Case 'Test Cases/Olusturma/Genel/Olusturma' successfully

2021-11-19 17:16:39 - [MESSAGE][INFO] - Checking called Test Case

2021-11-19 17:16:39 - [MESSAGE][INFO] - Starting to call Test Case 'Test Cases/Olusturma/Genel/NotGirilir'

2021-11-19 17:16:39 - [TEST_CASE][PASSED] - Test Cases/Olusturma/Genel/NotGirilir: Test Cases/Olusturma/Genel/NotGirilir

2021-11-19 17:16:39 - [TEST_STEP][PASSED] - i = 0: null

2021-11-19 17:16:39 - [TEST_STEP][PASSED] - waitForElementClickable(findTestObject("Olusturma/Genel/Not/Notlar"), 10): Object 'Object Repository/Olusturma/Genel/Not/Notlar' is clickable

2021-11-19 17:16:39 - [MESSAGE][INFO] - Finding Test Object 'Object Repository/Olusturma/Genel/Not/Notlar'

2021-11-19 17:16:39 - [MESSAGE][INFO] - Checking object

2021-11-19 17:16:39 - [MESSAGE][INFO] - Checking timeout

2021-11-19 17:16:39 - [MESSAGE][INFO] - Finding web element from Test Object's properties

2021-11-19 17:16:39 - [MESSAGE][INFO] - Checking timeout

2021-11-19 17:16:39 - [MESSAGE][INFO] - Finding web element with id: 'Object Repository/Olusturma/Genel/Not/Notlar' located by 'By.xpath: //*[@id = 'txtNote_I']' in '10' second(s)

2021-11-19 17:16:39 - [MESSAGE][INFO] - Smart Wait Function is triggered

2021-11-19 17:16:39 - [MESSAGE][INFO] - Found 1 web elements with id: 'Object Repository/Olusturma/Genel/Not/Notlar' located by 'By.xpath: //*[@id = 'txtNote_I']' in '10' second(s)

2021-11-19 17:16:39 - [MESSAGE][PASSED] - Object 'Object Repository/Olusturma/Genel/Not/Notlar' is clickable

2021-11-19 17:16:39 - [TEST_STEP][PASSED] - clearText(findTestObject("Olusturma/Genel/Not/Notlar")): Text of object 'Object Repository/Olusturma/Genel/Not/Notlar' is cleared

2021-11-19 17:16:39 - [MESSAGE][INFO] - Finding Test Object 'Object Repository/Olusturma/Genel/Not/Notlar'

2021-11-19 17:16:39 - [MESSAGE][INFO] - Checking object

2021-11-19 17:16:39 - [MESSAGE][INFO] - Finding web element from Test Object's properties

2021-11-19 17:16:39 - [MESSAGE][INFO] - Checking timeout

2021-11-19 17:16:39 - [MESSAGE][INFO] - Finding web element with id: 'Object Repository/Olusturma/Genel/Not/Notlar' located by 'By.xpath: //*[@id = 'txtNote_I']' in '30' second(s)

2021-11-19 17:16:39 - [MESSAGE][INFO] - Smart Wait Function is triggered

2021-11-19 17:16:39 - [MESSAGE][INFO] - Found 1 web elements with id: 'Object Repository/Olusturma/Genel/Not/Notlar' located by 'By.xpath: //*[@id = 'txtNote_I']' in '30' second(s)

2021-11-19 17:16:39 - [MESSAGE][INFO] - Clearing text of object 'Object Repository/Olusturma/Genel/Not/Notlar'

2021-11-19 17:16:40 - [MESSAGE][PASSED] - Text of object 'Object Repository/Olusturma/Genel/Not/Notlar' is cleared

2021-11-19 17:16:40 - [TEST_STEP][PASSED] - click(findTestObject("Olusturma/Genel/Not/Notlar")): Object: 'Object Repository/Olusturma/Genel/Not/Notlar' is clicked on

2021-11-19 17:16:40 - [MESSAGE][INFO] - Finding Test Object 'Object Repository/Olusturma/Genel/Not/Notlar'

2021-11-19 17:16:40 - [MESSAGE][INFO] - Checking object

2021-11-19 17:16:40 - [MESSAGE][INFO] - Finding web element from Test Object's properties

2021-11-19 17:16:40 - [MESSAGE][INFO] - Checking timeout

2021-11-19 17:16:40 - [MESSAGE][INFO] - Finding web element with id: 'Object Repository/Olusturma/Genel/Not/Notlar' located by 'By.xpath: //*[@id = 'txtNote_I']' in '30' second(s)

2021-11-19 17:16:40 - [MESSAGE][INFO] - Smart Wait Function is triggered

2021-11-19 17:16:40 - [MESSAGE][INFO] - Found 1 web elements with id: 'Object Repository/Olusturma/Genel/Not/Notlar' located by 'By.xpath: //*[@id = 'txtNote_I']' in '30' second(s)

2021-11-19 17:16:40 - [MESSAGE][INFO] - Clicking on object: 'Object Repository/Olusturma/Genel/Not/Notlar'

2021-11-19 17:16:40 - [MESSAGE][PASSED] - Object: 'Object Repository/Olusturma/Genel/Not/Notlar' is clicked on

2021-11-19 17:16:40 - [TEST_STEP][PASSED] - while (true): null

2021-11-19 17:16:40 - [TEST_STEP][PASSED] - delay(1): Delayed 1 second(s)

2021-11-19 17:16:40 - [MESSAGE][INFO] - Delaying browser in 1 second(s)

2021-11-19 17:16:41 - [MESSAGE][PASSED] - Delayed 1 second(s)

2021-11-19 17:16:41 - [TEST_STEP][PASSED] - ajaxIsComplete = executeJavaScript("return jQuery.active == 0", null): Execute JavaScript 'return jQuery.active == 0' successfully

2021-11-19 17:16:41 - [MESSAGE][PASSED] - Execute JavaScript 'return jQuery.active == 0' successfully

2021-11-19 17:16:41 - [TEST_STEP][PASSED] - if (ajaxIsComplete): null

2021-11-19 17:16:41 - [TEST_STEP][PASSED] - break: null

2021-11-19 17:16:41 - [TEST_STEP][PASSED] - sendKeys(findTestObject("Olusturma/Genel/Not/Notlar"), Not): Keys 'Otomasyon Not' sent to object: 'Object Repository/Olusturma/Genel/Not/Notlar'

2021-11-19 17:16:41 - [MESSAGE][INFO] - Finding Test Object 'Object Repository/Olusturma/Genel/Not/Notlar'

2021-11-19 17:16:41 - [MESSAGE][INFO] - Sending keys 'Otomasyon Not' to object: 'Object Repository/Olusturma/Genel/Not/Notlar'

2021-11-19 17:16:41 - [MESSAGE][INFO] - Finding web element from Test Object's properties

2021-11-19 17:16:41 - [MESSAGE][INFO] - Checking timeout

2021-11-19 17:16:41 - [MESSAGE][INFO] - Finding web element with id: 'Object Repository/Olusturma/Genel/Not/Notlar' located by 'By.xpath: //*[@id = 'txtNote_I']' in '30' second(s)

2021-11-19 17:16:41 - [MESSAGE][INFO] - Smart Wait Function is triggered

2021-11-19 17:16:42 - [MESSAGE][INFO] - Found 1 web elements with id: 'Object Repository/Olusturma/Genel/Not/Notlar' located by 'By.xpath: //*[@id = 'txtNote_I']' in '30' second(s)

2021-11-19 17:16:42 - [MESSAGE][PASSED] - Keys 'Otomasyon Not' sent to object: 'Object Repository/Olusturma/Genel/Not/Notlar'

2021-11-19 17:16:42 - [MESSAGE][PASSED] - Call Test Case 'Test Cases/Olusturma/Genel/NotGirilir' successfully

2021-11-19 17:16:42 - [MESSAGE][INFO] - Checking called Test Case

2021-11-19 17:16:42 - [MESSAGE][INFO] - Starting to call Test Case 'Test Cases/Olusturma/Genel/EttnBilgisiKayitEdilir'

2021-11-19 17:16:42 - [TEST_CASE][PASSED] - Test Cases/Olusturma/Genel/EttnBilgisiKayitEdilir: Test Cases/Olusturma/Genel/EttnBilgisiKayitEdilir

2021-11-19 17:16:42 - [TEST_STEP][PASSED] - verifyElementPresent(findTestObject("Object Repository/Olusturma/Genel/Olusturma/eArsivEttnBilgisi"), 7): Object 'Object Repository/Olusturma/Genel/Olusturma/eArsivEttnBilgisi' is present

2021-11-19 17:16:42 - [MESSAGE][INFO] - Finding Test Object 'Object Repository/Olusturma/Genel/Olusturma/eArsivEttnBilgisi'

2021-11-19 17:16:42 - [MESSAGE][INFO] - Checking object

2021-11-19 17:16:42 - [MESSAGE][INFO] - Finding web element from Test Object's properties

2021-11-19 17:16:42 - [MESSAGE][INFO] - Checking timeout

2021-11-19 17:16:42 - [MESSAGE][INFO] - Finding web element with id: 'Object Repository/Olusturma/Genel/Olusturma/eArsivEttnBilgisi' located by 'By.xpath: //*[@id = 'Uuid_I']' in '7' second(s)

2021-11-19 17:16:42 - [MESSAGE][INFO] - Smart Wait Function is triggered

2021-11-19 17:16:42 - [MESSAGE][INFO] - Found 1 web elements with id: 'Object Repository/Olusturma/Genel/Olusturma/eArsivEttnBilgisi' located by 'By.xpath: //*[@id = 'Uuid_I']' in '7' second(s)

2021-11-19 17:16:42 - [MESSAGE][PASSED] - Object 'Object Repository/Olusturma/Genel/Olusturma/eArsivEttnBilgisi' is present

2021-11-19 17:16:42 - [TEST_STEP][PASSED] - ettn = getAttribute(findTestObject("Object Repository/Olusturma/Genel/Olusturma/eArsivEttnBilgisi"), "value"): Attribute 'value' of object 'Object Repository/Olusturma/Genel/Olusturma/eArsivEttnBilgisi' is: 'b83e719e-7bb8-4636-8c6e-eaaad578c5b5'

2021-11-19 17:16:42 - [MESSAGE][INFO] - Finding Test Object 'Object Repository/Olusturma/Genel/Olusturma/eArsivEttnBilgisi'

2021-11-19 17:16:42 - [MESSAGE][INFO] - Checking object

2021-11-19 17:16:42 - [MESSAGE][INFO] - Checking attribute

2021-11-19 17:16:42 - [MESSAGE][INFO] - Finding web element from Test Object's properties

2021-11-19 17:16:42 - [MESSAGE][INFO] - Checking timeout

2021-11-19 17:16:42 - [MESSAGE][INFO] - Finding web element with id: 'Object Repository/Olusturma/Genel/Olusturma/eArsivEttnBilgisi' located by 'By.xpath: //*[@id = 'Uuid_I']' in '30' second(s)

2021-11-19 17:16:42 - [MESSAGE][INFO] - Smart Wait Function is triggered

2021-11-19 17:16:42 - [MESSAGE][INFO] - Found 1 web elements with id: 'Object Repository/Olusturma/Genel/Olusturma/eArsivEttnBilgisi' located by 'By.xpath: //*[@id = 'Uuid_I']' in '30' second(s)

2021-11-19 17:16:42 - [MESSAGE][INFO] - Getting attribute 'value' of object 'Object Repository/Olusturma/Genel/Olusturma/eArsivEttnBilgisi'

2021-11-19 17:16:42 - [MESSAGE][PASSED] - Attribute 'value' of object 'Object Repository/Olusturma/Genel/Olusturma/eArsivEttnBilgisi' is: 'b83e719e-7bb8-4636-8c6e-eaaad578c5b5'

2021-11-19 17:16:42 - [MESSAGE][PASSED] - Call Test Case 'Test Cases/Olusturma/Genel/EttnBilgisiKayitEdilir' successfully

2021-11-19 17:16:42 - [MESSAGE][INFO] - Checking called Test Case

2021-11-19 17:16:42 - [MESSAGE][INFO] - Starting to call Test Case 'Test Cases/Olusturma/Genel/KaydetButonunaTiklanir'

2021-11-19 17:16:43 - [TEST_CASE][PASSED] - Test Cases/Olusturma/Genel/KaydetButonunaTiklanir: Test Cases/Olusturma/Genel/KaydetButonunaTiklanir

2021-11-19 17:16:43 - [TEST_STEP][PASSED] - i = 0: null

2021-11-19 17:16:43 - [TEST_STEP][PASSED] - waitForElementPresent(findTestObject("Olusturma/Genel/Not/Notlar"), 10): Object 'Object Repository/Olusturma/Genel/Not/Notlar' is present

2021-11-19 17:16:43 - [MESSAGE][INFO] - Finding Test Object 'Object Repository/Olusturma/Genel/Not/Notlar'

2021-11-19 17:16:43 - [MESSAGE][INFO] - Checking object

2021-11-19 17:16:43 - [MESSAGE][INFO] - Finding web element from Test Object's properties

2021-11-19 17:16:43 - [MESSAGE][INFO] - Checking timeout

2021-11-19 17:16:43 - [MESSAGE][INFO] - Finding web element with id: 'Object Repository/Olusturma/Genel/Not/Notlar' located by 'By.xpath: //*[@id = 'txtNote_I']' in '10' second(s)

2021-11-19 17:16:43 - [MESSAGE][INFO] - Smart Wait Function is triggered

2021-11-19 17:16:43 - [MESSAGE][INFO] - Found 1 web elements with id: 'Object Repository/Olusturma/Genel/Not/Notlar' located by 'By.xpath: //*[@id = 'txtNote_I']' in '10' second(s)

2021-11-19 17:16:43 - [MESSAGE][PASSED] - Object 'Object Repository/Olusturma/Genel/Not/Notlar' is present

2021-11-19 17:16:43 - [TEST_STEP][PASSED] - click(findTestObject("Olusturma/Genel/Not/Notlar")): Object: 'Object Repository/Olusturma/Genel/Not/Notlar' is clicked on

2021-11-19 17:16:43 - [MESSAGE][INFO] - Finding Test Object 'Object Repository/Olusturma/Genel/Not/Notlar'

2021-11-19 17:16:43 - [MESSAGE][INFO] - Checking object

2021-11-19 17:16:43 - [MESSAGE][INFO] - Finding web element from Test Object's properties

2021-11-19 17:16:43 - [MESSAGE][INFO] - Checking timeout

2021-11-19 17:16:43 - [MESSAGE][INFO] - Finding web element with id: 'Object Repository/Olusturma/Genel/Not/Notlar' located by 'By.xpath: //*[@id = 'txtNote_I']' in '30' second(s)

2021-11-19 17:16:43 - [MESSAGE][INFO] - Smart Wait Function is triggered

2021-11-19 17:16:43 - [MESSAGE][INFO] - Found 1 web elements with id: 'Object Repository/Olusturma/Genel/Not/Notlar' located by 'By.xpath: //*[@id = 'txtNote_I']' in '30' second(s)

2021-11-19 17:16:43 - [MESSAGE][INFO] - Clicking on object: 'Object Repository/Olusturma/Genel/Not/Notlar'

2021-11-19 17:16:43 - [MESSAGE][PASSED] - Object: 'Object Repository/Olusturma/Genel/Not/Notlar' is clicked on

2021-11-19 17:16:43 - [TEST_STEP][PASSED] - while (true): null

2021-11-19 17:16:43 - [TEST_STEP][PASSED] - delay(1): Delayed 1 second(s)

2021-11-19 17:16:43 - [MESSAGE][INFO] - Delaying browser in 1 second(s)

2021-11-19 17:16:44 - [MESSAGE][PASSED] - Delayed 1 second(s)

2021-11-19 17:16:44 - [TEST_STEP][PASSED] - ajaxIsComplete = executeJavaScript("return jQuery.active == 0", null): Execute JavaScript 'return jQuery.active == 0' successfully

2021-11-19 17:16:44 - [MESSAGE][PASSED] - Execute JavaScript 'return jQuery.active == 0' successfully

2021-11-19 17:16:44 - [TEST_STEP][PASSED] - if (ajaxIsComplete): null

2021-11-19 17:16:44 - [TEST_STEP][PASSED] - break: null

2021-11-19 17:16:44 - [TEST_STEP][PASSED] - waitForElementClickable(findTestObject("Object Repository/Olusturma/Genel/Buton"), 10): Object 'Object Repository/Olusturma/Genel/Buton' is clickable

2021-11-19 17:16:44 - [MESSAGE][INFO] - Finding Test Object 'Object Repository/Olusturma/Genel/Buton'

2021-11-19 17:16:45 - [MESSAGE][INFO] - Checking object

2021-11-19 17:16:45 - [MESSAGE][INFO] - Checking timeout

2021-11-19 17:16:45 - [MESSAGE][INFO] - Finding web element from Test Object's properties

2021-11-19 17:16:45 - [MESSAGE][INFO] - Checking timeout

2021-11-19 17:16:45 - [MESSAGE][INFO] - Finding web element with id: 'Object Repository/Olusturma/Genel/Buton' located by 'By.xpath: //*[@id = 'btnKaydet']' in '10' second(s)

2021-11-19 17:16:45 - [MESSAGE][INFO] - Smart Wait Function is triggered

2021-11-19 17:16:45 - [MESSAGE][INFO] - Found 1 web elements with id: 'Object Repository/Olusturma/Genel/Buton' located by 'By.xpath: //*[@id = 'btnKaydet']' in '10' second(s)

2021-11-19 17:16:45 - [MESSAGE][PASSED] - Object 'Object Repository/Olusturma/Genel/Buton' is clickable

2021-11-19 17:16:45 - [TEST_STEP][PASSED] - click(findTestObject("Object Repository/Olusturma/Genel/Buton")): Object: 'Object Repository/Olusturma/Genel/Buton' is clicked on

2021-11-19 17:16:45 - [MESSAGE][INFO] - Finding Test Object 'Object Repository/Olusturma/Genel/Buton'

2021-11-19 17:16:45 - [MESSAGE][INFO] - Checking object

2021-11-19 17:16:45 - [MESSAGE][INFO] - Finding web element from Test Object's properties

2021-11-19 17:16:45 - [MESSAGE][INFO] - Checking timeout

2021-11-19 17:16:45 - [MESSAGE][INFO] - Finding web element with id: 'Object Repository/Olusturma/Genel/Buton' located by 'By.xpath: //*[@id = 'btnKaydet']' in '30' second(s)

2021-11-19 17:16:45 - [MESSAGE][INFO] - Smart Wait Function is triggered

2021-11-19 17:16:45 - [MESSAGE][INFO] - Found 1 web elements with id: 'Object Repository/Olusturma/Genel/Buton' located by 'By.xpath: //*[@id = 'btnKaydet']' in '30' second(s)

2021-11-19 17:16:45 - [MESSAGE][INFO] - Clicking on object: 'Object Repository/Olusturma/Genel/Buton'

2021-11-19 17:16:48 - [MESSAGE][PASSED] - Object: 'Object Repository/Olusturma/Genel/Buton' is clicked on

2021-11-19 17:16:48 - [MESSAGE][PASSED] - Call Test Case 'Test Cases/Olusturma/Genel/KaydetButonunaTiklanir' successfully

2021-11-19 17:16:48 - [MESSAGE][INFO] - Checking called Test Case

2021-11-19 17:16:48 - [MESSAGE][INFO] - Starting to call Test Case 'Test Cases/Tablo/TablodaEttnliVeriOlusturulduMu'

2021-11-19 17:16:48 - [TEST_CASE][PASSED] - Test Cases/Tablo/TablodaEttnliVeriOlusturulduMu: Test Cases/Tablo/TablodaEttnliVeriOlusturulduMu

2021-11-19 17:16:48 - [TEST_STEP][PASSED] - Method.TextDegerineEsitElementVarMi(findTestObject("Tablo/OlusturulanVeri"), ettn): Method.TextDegerineEsitElementVarMi is PASSED

2021-11-19 17:16:48 - [MESSAGE][INFO] - Finding Test Object 'Object Repository/Tablo/OlusturulanVeri'

2021-11-19 17:16:48 - [MESSAGE][INFO] - Checking timeout

2021-11-19 17:16:48 - [MESSAGE][INFO] - Finding web element with id: 'Object Repository/Tablo/OlusturulanVeri' located by 'By.cssSelector: table.dxgvTable_LECustomTheme>tbody>tr:nth-child(3)>td.dxgv b,table.dxgvTable_LECustomTheme>tbody>tr:nth-child(3)>td.dxgv' in '10' second(s)

2021-11-19 17:16:48 - [MESSAGE][INFO] - Smart Wait Function is triggered

2021-11-19 17:16:48 - [MESSAGE][INFO] - Found 14 web elements with id: 'Object Repository/Tablo/OlusturulanVeri' located by 'By.cssSelector: table.dxgvTable_LECustomTheme>tbody>tr:nth-child(3)>td.dxgv b,table.dxgvTable_LECustomTheme>tbody>tr:nth-child(3)>td.dxgv' in '10' second(s)

2021-11-19 17:16:49 - [MESSAGE][PASSED] - Method.TextDegerineEsitElementVarMi is PASSED

2021-11-19 17:16:49 - [MESSAGE][PASSED] - Call Test Case 'Test Cases/Tablo/TablodaEttnliVeriOlusturulduMu' successfully

2021-11-19 17:16:49 - [MESSAGE][INFO] - Checking called Test Case

2021-11-19 17:16:49 - [MESSAGE][INFO] - Starting to call Test Case 'Test Cases/Tablo/TablodanEttnliVeriSec'

2021-11-19 17:16:49 - [TEST_CASE][PASSED] - Test Cases/Tablo/TablodanEttnliVeriSec: Test Cases/Tablo/TablodanEttnliVeriSec

2021-11-19 17:16:49 - [TEST_STEP][PASSED] - Method.TextDegerineEsitElementinAltindakineTikla(findTestObject("Tablo/Veriler"), findTestObject("Tablo/VerininCheckBoxi"), ettn): Method.TextDegerineEsitElementinAltindakineTikla is PASSED

2021-11-19 17:16:49 - [MESSAGE][INFO] - Finding Test Object 'Object Repository/Tablo/Veriler'

2021-11-19 17:16:49 - [MESSAGE][INFO] - Finding Test Object 'Object Repository/Tablo/VerininCheckBoxi'

2021-11-19 17:16:49 - [MESSAGE][INFO] - Checking timeout

2021-11-19 17:16:49 - [MESSAGE][INFO] - Finding web element with id: 'Object Repository/Tablo/Veriler' located by 'By.cssSelector: td.dxgv b ,td.dxgv' in '10' second(s)

2021-11-19 17:16:49 - [MESSAGE][INFO] - Smart Wait Function is triggered

2021-11-19 17:16:49 - [MESSAGE][INFO] - Found 70 web elements with id: 'Object Repository/Tablo/Veriler' located by 'By.cssSelector: td.dxgv b ,td.dxgv' in '10' second(s)

2021-11-19 17:16:49 - [MESSAGE][INFO] - Smart Wait Function is triggered

2021-11-19 17:16:49 - [MESSAGE][PASSED] - Method.TextDegerineEsitElementinAltindakineTikla is PASSED

2021-11-19 17:16:49 - [MESSAGE][PASSED] - Call Test Case 'Test Cases/Tablo/TablodanEttnliVeriSec' successfully

2021-11-19 17:16:49 - [MESSAGE][INFO] - Checking called Test Case

2021-11-19 17:16:49 - [MESSAGE][INFO] - Starting to call Test Case 'Test Cases/Butonlar/ButonaTikla'

2021-11-19 17:16:49 - [TEST_CASE][PASSED] - Test Cases/Butonlar/ButonaTikla: Test Cases/Butonlar/ButonaTikla

2021-11-19 17:16:49 - [TEST_STEP][PASSED] - Method.TextDegerineEsitElementeTiklaEquals(findTestObject("Butonlar/Butonlar"), Buton_Adi): Method.TextDegerineEsitElementeTiklaEquals is PASSED

2021-11-19 17:16:49 - [MESSAGE][INFO] - Finding Test Object 'Object Repository/Butonlar/Butonlar'

2021-11-19 17:16:50 - [MESSAGE][INFO] - Checking timeout

2021-11-19 17:16:50 - [MESSAGE][INFO] - Finding web element with id: 'Object Repository/Butonlar/Butonlar' located by 'By.cssSelector: .panel.panel-default.text-center.footerPanel .btn,.btn.btn-primary.btnControls' in '10' second(s)

2021-11-19 17:16:50 - [MESSAGE][INFO] - Smart Wait Function is triggered

2021-11-19 17:16:50 - [MESSAGE][INFO] - Found 9 web elements with id: 'Object Repository/Butonlar/Butonlar' located by 'By.cssSelector: .panel.panel-default.text-center.footerPanel .btn,.btn.btn-primary.btnControls' in '10' second(s)

2021-11-19 17:16:50 - [MESSAGE][PASSED] - Method.TextDegerineEsitElementeTiklaEquals is PASSED

2021-11-19 17:16:50 - [MESSAGE][PASSED] - Call Test Case 'Test Cases/Butonlar/ButonaTikla' successfully

2021-11-19 17:16:50 - [MESSAGE][INFO] - Checking called Test Case

2021-11-19 17:16:50 - [MESSAGE][INFO] - Starting to call Test Case 'Test Cases/Popup/PopupMesajiIceriyorMu'

2021-11-19 17:16:50 - [TEST_CASE][PASSED] - Test Cases/Popup/PopupMesajiIceriyorMu: Test Cases/Popup/PopupMesajiIceriyorMu

2021-11-19 17:16:50 - [TEST_STEP][PASSED] - waitForElementVisible(findTestObject("Popup/Popup"), 10): Object 'Object Repository/Popup/Popup' is visible

2021-11-19 17:16:50 - [MESSAGE][INFO] - Finding Test Object 'Object Repository/Popup/Popup'

2021-11-19 17:16:50 - [MESSAGE][INFO] - Checking object

2021-11-19 17:16:50 - [MESSAGE][INFO] - Checking timeout

2021-11-19 17:16:50 - [MESSAGE][INFO] - Finding web element from Test Object's properties

2021-11-19 17:16:50 - [MESSAGE][INFO] - Checking timeout

2021-11-19 17:16:50 - [MESSAGE][INFO] - Finding web element with id: 'Object Repository/Popup/Popup' located by 'By.cssSelector: .bootbox-body' in '10' second(s)

2021-11-19 17:16:50 - [MESSAGE][INFO] - Smart Wait Function is triggered

2021-11-19 17:16:51 - [MESSAGE][INFO] - Found 1 web elements with id: 'Object Repository/Popup/Popup' located by 'By.cssSelector: .bootbox-body' in '10' second(s)

2021-11-19 17:16:51 - [MESSAGE][PASSED] - Object 'Object Repository/Popup/Popup' is visible

2021-11-19 17:16:51 - [TEST_STEP][PASSED] - if (!(getText(findTestObject("Popup/Popup")).contains(Mesaj))): Text of object 'Object Repository/Popup/Popup' is: 'Oluşturulacak fatura numarası : EAR2021000000481 Fatura numarası oluşturulduktan sonra fatura silinemez. Fatura numarası, tarihi ve ön eki değiştirilemez. Devam etmek istiyor musunuz?'

2021-11-19 17:16:51 - [MESSAGE][INFO] - Finding Test Object 'Object Repository/Popup/Popup'

2021-11-19 17:16:51 - [MESSAGE][INFO] - Checking object

2021-11-19 17:16:51 - [MESSAGE][INFO] - Finding web element from Test Object's properties

2021-11-19 17:16:51 - [MESSAGE][INFO] - Checking timeout

2021-11-19 17:16:51 - [MESSAGE][INFO] - Finding web element with id: 'Object Repository/Popup/Popup' located by 'By.cssSelector: .bootbox-body' in '30' second(s)

2021-11-19 17:16:51 - [MESSAGE][INFO] - Smart Wait Function is triggered

2021-11-19 17:16:51 - [MESSAGE][INFO] - Found 1 web elements with id: 'Object Repository/Popup/Popup' located by 'By.cssSelector: .bootbox-body' in '30' second(s)

2021-11-19 17:16:51 - [MESSAGE][INFO] - Getting text of object 'Object Repository/Popup/Popup'

2021-11-19 17:16:51 - [MESSAGE][PASSED] - Text of object 'Object Repository/Popup/Popup' is: 'Oluşturulacak fatura numarası : EAR2021000000481 Fatura numarası oluşturulduktan sonra fatura silinemez. Fatura numarası, tarihi ve ön eki değiştirilemez. Devam etmek istiyor musunuz?'

2021-11-19 17:16:51 - [TEST_STEP][PASSED] - RaporNo = getText(findTestObject("Popup/Popup")).substring(0, 6): Text of object 'Object Repository/Popup/Popup' is: 'Oluşturulacak fatura numarası : EAR2021000000481 Fatura numarası oluşturulduktan sonra fatura silinemez. Fatura numarası, tarihi ve ön eki değiştirilemez. Devam etmek istiyor musunuz?'

2021-11-19 17:16:51 - [MESSAGE][INFO] - Finding Test Object 'Object Repository/Popup/Popup'

2021-11-19 17:16:52 - [MESSAGE][INFO] - Checking object

2021-11-19 17:16:52 - [MESSAGE][INFO] - Finding web element from Test Object's properties

2021-11-19 17:16:52 - [MESSAGE][INFO] - Checking timeout

2021-11-19 17:16:52 - [MESSAGE][INFO] - Finding web element with id: 'Object Repository/Popup/Popup' located by 'By.cssSelector: .bootbox-body' in '30' second(s)

2021-11-19 17:16:52 - [MESSAGE][INFO] - Smart Wait Function is triggered

2021-11-19 17:16:52 - [MESSAGE][INFO] - Found 1 web elements with id: 'Object Repository/Popup/Popup' located by 'By.cssSelector: .bootbox-body' in '30' second(s)

2021-11-19 17:16:52 - [MESSAGE][INFO] - Getting text of object 'Object Repository/Popup/Popup'

2021-11-19 17:16:52 - [MESSAGE][PASSED] - Text of object 'Object Repository/Popup/Popup' is: 'Oluşturulacak fatura numarası : EAR2021000000481 Fatura numarası oluşturulduktan sonra fatura silinemez. Fatura numarası, tarihi ve ön eki değiştirilemez. Devam etmek istiyor musunuz?'

2021-11-19 17:16:52 - [TEST_STEP][PASSED] - Console.println(RaporNo): null

2021-11-19 17:16:52 - [MESSAGE][PASSED] - Call Test Case 'Test Cases/Popup/PopupMesajiIceriyorMu' successfully

2021-11-19 17:16:52 - [MESSAGE][INFO] - Checking called Test Case

2021-11-19 17:16:52 - [MESSAGE][INFO] - Starting to call Test Case 'Test Cases/Popup/PopupButonSecilir'

2021-11-19 17:16:52 - [TEST_CASE][PASSED] - Test Cases/Popup/PopupButonSecilir: Test Cases/Popup/PopupButonSecilir

2021-11-19 17:16:52 - [TEST_STEP][PASSED] - Method.TextDegerineEsitElementeTikla(findTestObject("Popup/Popup_Butons"), Buton): Method.TextDegerineEsitElementeTikla is PASSED

2021-11-19 17:16:52 - [MESSAGE][INFO] - Finding Test Object 'Object Repository/Popup/Popup_Butons'

2021-11-19 17:16:52 - [MESSAGE][INFO] - Checking timeout

2021-11-19 17:16:52 - [MESSAGE][INFO] - Finding web element with id: 'Object Repository/Popup/Popup_Butons' located by 'By.cssSelector: .modal-footer>button' in '10' second(s)

2021-11-19 17:16:52 - [MESSAGE][INFO] - Smart Wait Function is triggered

2021-11-19 17:16:52 - [MESSAGE][INFO] - Found 2 web elements with id: 'Object Repository/Popup/Popup_Butons' located by 'By.cssSelector: .modal-footer>button' in '10' second(s)

2021-11-19 17:16:53 - [MESSAGE][PASSED] - Method.TextDegerineEsitElementeTikla is PASSED

2021-11-19 17:16:53 - [MESSAGE][PASSED] - Call Test Case 'Test Cases/Popup/PopupButonSecilir' successfully

2021-11-19 17:16:53 - [MESSAGE][INFO] - Checking called Test Case

2021-11-19 17:16:53 - [MESSAGE][INFO] - Starting to call Test Case 'Test Cases/Popup/PopupMesajiIceriyorMu'

2021-11-19 17:16:53 - [TEST_CASE][PASSED] - Test Cases/Popup/PopupMesajiIceriyorMu: Test Cases/Popup/PopupMesajiIceriyorMu

2021-11-19 17:16:53 - [TEST_STEP][PASSED] - waitForElementVisible(findTestObject("Popup/Popup"), 10): Object 'Object Repository/Popup/Popup' is visible

2021-11-19 17:16:53 - [MESSAGE][INFO] - Finding Test Object 'Object Repository/Popup/Popup'

2021-11-19 17:16:53 - [MESSAGE][INFO] - Checking object

2021-11-19 17:16:53 - [MESSAGE][INFO] - Checking timeout

2021-11-19 17:16:53 - [MESSAGE][INFO] - Finding web element from Test Object's properties

2021-11-19 17:16:53 - [MESSAGE][INFO] - Checking timeout

2021-11-19 17:16:53 - [MESSAGE][INFO] - Finding web element with id: 'Object Repository/Popup/Popup' located by 'By.cssSelector: .bootbox-body' in '10' second(s)

2021-11-19 17:16:53 - [MESSAGE][INFO] - Smart Wait Function is triggered

2021-11-19 17:16:53 - [MESSAGE][INFO] - Found 1 web elements with id: 'Object Repository/Popup/Popup' located by 'By.cssSelector: .bootbox-body' in '10' second(s)

2021-11-19 17:16:53 - [MESSAGE][PASSED] - Object 'Object Repository/Popup/Popup' is visible

2021-11-19 17:16:53 - [TEST_STEP][PASSED] - if (!(getText(findTestObject("Popup/Popup")).contains(Mesaj))): Text of object 'Object Repository/Popup/Popup' is: 'Fatura numaranız EAR2021000000481 olarak oluşmuştur.'

2021-11-19 17:16:53 - [MESSAGE][INFO] - Finding Test Object 'Object Repository/Popup/Popup'

2021-11-19 17:16:53 - [MESSAGE][INFO] - Checking object

2021-11-19 17:16:53 - [MESSAGE][INFO] - Finding web element from Test Object's properties

2021-11-19 17:16:53 - [MESSAGE][INFO] - Checking timeout

2021-11-19 17:16:53 - [MESSAGE][INFO] - Finding web element with id: 'Object Repository/Popup/Popup' located by 'By.cssSelector: .bootbox-body' in '30' second(s)

2021-11-19 17:16:53 - [MESSAGE][INFO] - Smart Wait Function is triggered

2021-11-19 17:16:54 - [MESSAGE][INFO] - Found 1 web elements with id: 'Object Repository/Popup/Popup' located by 'By.cssSelector: .bootbox-body' in '30' second(s)

2021-11-19 17:16:54 - [MESSAGE][INFO] - Getting text of object 'Object Repository/Popup/Popup'

2021-11-19 17:16:54 - [MESSAGE][PASSED] - Text of object 'Object Repository/Popup/Popup' is: 'Fatura numaranız EAR2021000000481 olarak oluşmuştur.'

2021-11-19 17:16:54 - [TEST_STEP][PASSED] - RaporNo = getText(findTestObject("Popup/Popup")).substring(0, 6): Text of object 'Object Repository/Popup/Popup' is: 'Fatura numaranız EAR2021000000481 olarak oluşmuştur.'

2021-11-19 17:16:54 - [MESSAGE][INFO] - Finding Test Object 'Object Repository/Popup/Popup'

2021-11-19 17:16:54 - [MESSAGE][INFO] - Checking object

2021-11-19 17:16:54 - [MESSAGE][INFO] - Finding web element from Test Object's properties

2021-11-19 17:16:54 - [MESSAGE][INFO] - Checking timeout

2021-11-19 17:16:54 - [MESSAGE][INFO] - Finding web element with id: 'Object Repository/Popup/Popup' located by 'By.cssSelector: .bootbox-body' in '30' second(s)

2021-11-19 17:16:54 - [MESSAGE][INFO] - Smart Wait Function is triggered

2021-11-19 17:16:54 - [MESSAGE][INFO] - Found 1 web elements with id: 'Object Repository/Popup/Popup' located by 'By.cssSelector: .bootbox-body' in '30' second(s)

2021-11-19 17:16:54 - [MESSAGE][INFO] - Getting text of object 'Object Repository/Popup/Popup'

2021-11-19 17:16:54 - [MESSAGE][PASSED] - Text of object 'Object Repository/Popup/Popup' is: 'Fatura numaranız EAR2021000000481 olarak oluşmuştur.'

2021-11-19 17:16:54 - [TEST_STEP][PASSED] - Console.println(RaporNo): null

2021-11-19 17:16:54 - [MESSAGE][PASSED] - Call Test Case 'Test Cases/Popup/PopupMesajiIceriyorMu' successfully

2021-11-19 17:16:54 - [MESSAGE][INFO] - Checking called Test Case

2021-11-19 17:16:54 - [MESSAGE][INFO] - Starting to call Test Case 'Test Cases/Popup/PopupButonSecilir'

2021-11-19 17:16:54 - [TEST_CASE][PASSED] - Test Cases/Popup/PopupButonSecilir: Test Cases/Popup/PopupButonSecilir

2021-11-19 17:16:54 - [TEST_STEP][PASSED] - Method.TextDegerineEsitElementeTikla(findTestObject("Popup/Popup_Butons"), Buton): Method.TextDegerineEsitElementeTikla is PASSED

2021-11-19 17:16:54 - [MESSAGE][INFO] - Finding Test Object 'Object Repository/Popup/Popup_Butons'

2021-11-19 17:16:54 - [MESSAGE][INFO] - Checking timeout

2021-11-19 17:16:54 - [MESSAGE][INFO] - Finding web element with id: 'Object Repository/Popup/Popup_Butons' located by 'By.cssSelector: .modal-footer>button' in '10' second(s)

2021-11-19 17:16:54 - [MESSAGE][INFO] - Smart Wait Function is triggered

2021-11-19 17:16:54 - [MESSAGE][INFO] - Found 1 web elements with id: 'Object Repository/Popup/Popup_Butons' located by 'By.cssSelector: .modal-footer>button' in '10' second(s)

2021-11-19 17:16:55 - [MESSAGE][PASSED] - Method.TextDegerineEsitElementeTikla is PASSED

2021-11-19 17:16:55 - [MESSAGE][PASSED] - Call Test Case 'Test Cases/Popup/PopupButonSecilir' successfully

2021-11-19 17:16:55 - [MESSAGE][INFO] - Checking called Test Case

2021-11-19 17:16:55 - [MESSAGE][INFO] - Starting to call Test Case 'Test Cases/Tablo/TablodanEttnliVeriSec'

2021-11-19 17:16:55 - [TEST_CASE][PASSED] - Test Cases/Tablo/TablodanEttnliVeriSec: Test Cases/Tablo/TablodanEttnliVeriSec

2021-11-19 17:16:55 - [TEST_STEP][PASSED] - Method.TextDegerineEsitElementinAltindakineTikla(findTestObject("Tablo/Veriler"), findTestObject("Tablo/VerininCheckBoxi"), ettn): Method.TextDegerineEsitElementinAltindakineTikla is PASSED

2021-11-19 17:16:55 - [MESSAGE][INFO] - Finding Test Object 'Object Repository/Tablo/Veriler'

2021-11-19 17:16:55 - [MESSAGE][INFO] - Finding Test Object 'Object Repository/Tablo/VerininCheckBoxi'

2021-11-19 17:16:55 - [MESSAGE][INFO] - Checking timeout

2021-11-19 17:16:55 - [MESSAGE][INFO] - Finding web element with id: 'Object Repository/Tablo/Veriler' located by 'By.cssSelector: td.dxgv b ,td.dxgv' in '10' second(s)

2021-11-19 17:16:55 - [MESSAGE][INFO] - Smart Wait Function is triggered

2021-11-19 17:16:55 - [MESSAGE][INFO] - Found 70 web elements with id: 'Object Repository/Tablo/Veriler' located by 'By.cssSelector: td.dxgv b ,td.dxgv' in '10' second(s)

2021-11-19 17:16:55 - [MESSAGE][INFO] - Smart Wait Function is triggered

2021-11-19 17:16:56 - [MESSAGE][PASSED] - Method.TextDegerineEsitElementinAltindakineTikla is PASSED

2021-11-19 17:16:56 - [MESSAGE][PASSED] - Call Test Case 'Test Cases/Tablo/TablodanEttnliVeriSec' successfully

2021-11-19 17:16:56 - [MESSAGE][INFO] - Checking called Test Case

2021-11-19 17:16:56 - [MESSAGE][INFO] - Starting to call Test Case 'Test Cases/Butonlar/ButonaTikla'

2021-11-19 17:16:56 - [TEST_CASE][PASSED] - Test Cases/Butonlar/ButonaTikla: Test Cases/Butonlar/ButonaTikla

2021-11-19 17:16:56 - [TEST_STEP][PASSED] - Method.TextDegerineEsitElementeTiklaEquals(findTestObject("Butonlar/Butonlar"), Buton_Adi): Method.TextDegerineEsitElementeTiklaEquals is PASSED

2021-11-19 17:16:56 - [MESSAGE][INFO] - Finding Test Object 'Object Repository/Butonlar/Butonlar'

2021-11-19 17:16:56 - [MESSAGE][INFO] - Checking timeout

2021-11-19 17:16:56 - [MESSAGE][INFO] - Finding web element with id: 'Object Repository/Butonlar/Butonlar' located by 'By.cssSelector: .panel.panel-default.text-center.footerPanel .btn,.btn.btn-primary.btnControls' in '10' second(s)

2021-11-19 17:16:56 - [MESSAGE][INFO] - Smart Wait Function is triggered

2021-11-19 17:16:56 - [MESSAGE][INFO] - Found 9 web elements with id: 'Object Repository/Butonlar/Butonlar' located by 'By.cssSelector: .panel.panel-default.text-center.footerPanel .btn,.btn.btn-primary.btnControls' in '10' second(s)

2021-11-19 17:16:57 - [MESSAGE][PASSED] - Method.TextDegerineEsitElementeTiklaEquals is PASSED

2021-11-19 17:16:57 - [MESSAGE][PASSED] - Call Test Case 'Test Cases/Butonlar/ButonaTikla' successfully

2021-11-19 17:16:57 - [MESSAGE][INFO] - Checking called Test Case

2021-11-19 17:16:57 - [MESSAGE][INFO] - Starting to call Test Case 'Test Cases/Popup/PopupMesajiIceriyorMu'

2021-11-19 17:16:57 - [TEST_CASE][PASSED] - Test Cases/Popup/PopupMesajiIceriyorMu: Test Cases/Popup/PopupMesajiIceriyorMu

2021-11-19 17:16:57 - [TEST_STEP][PASSED] - waitForElementVisible(findTestObject("Popup/Popup"), 10): Object 'Object Repository/Popup/Popup' is visible

2021-11-19 17:16:57 - [MESSAGE][INFO] - Finding Test Object 'Object Repository/Popup/Popup'

2021-11-19 17:16:57 - [MESSAGE][INFO] - Checking object

2021-11-19 17:16:57 - [MESSAGE][INFO] - Checking timeout

2021-11-19 17:16:57 - [MESSAGE][INFO] - Finding web element from Test Object's properties

2021-11-19 17:16:57 - [MESSAGE][INFO] - Checking timeout

2021-11-19 17:16:57 - [MESSAGE][INFO] - Finding web element with id: 'Object Repository/Popup/Popup' located by 'By.cssSelector: .bootbox-body' in '10' second(s)

2021-11-19 17:16:57 - [MESSAGE][INFO] - Smart Wait Function is triggered

2021-11-19 17:16:57 - [MESSAGE][INFO] - Found 1 web elements with id: 'Object Repository/Popup/Popup' located by 'By.cssSelector: .bootbox-body' in '10' second(s)

2021-11-19 17:16:57 - [MESSAGE][PASSED] - Object 'Object Repository/Popup/Popup' is visible

2021-11-19 17:16:57 - [TEST_STEP][PASSED] - if (!(getText(findTestObject("Popup/Popup")).contains(Mesaj))): Text of object 'Object Repository/Popup/Popup' is: 'Seçilen faturalarınız onaylanacaktır. Onaylanan faturalar üzerinde değişiklik yapılamaz. Devam etmek istiyor musunuz?'

2021-11-19 17:16:57 - [MESSAGE][INFO] - Finding Test Object 'Object Repository/Popup/Popup'

2021-11-19 17:16:57 - [MESSAGE][INFO] - Checking object

2021-11-19 17:16:57 - [MESSAGE][INFO] - Finding web element from Test Object's properties

2021-11-19 17:16:57 - [MESSAGE][INFO] - Checking timeout

2021-11-19 17:16:57 - [MESSAGE][INFO] - Finding web element with id: 'Object Repository/Popup/Popup' located by 'By.cssSelector: .bootbox-body' in '30' second(s)

2021-11-19 17:16:57 - [MESSAGE][INFO] - Smart Wait Function is triggered

2021-11-19 17:16:58 - [MESSAGE][INFO] - Found 1 web elements with id: 'Object Repository/Popup/Popup' located by 'By.cssSelector: .bootbox-body' in '30' second(s)

2021-11-19 17:16:58 - [MESSAGE][INFO] - Getting text of object 'Object Repository/Popup/Popup'

2021-11-19 17:16:58 - [MESSAGE][PASSED] - Text of object 'Object Repository/Popup/Popup' is: 'Seçilen faturalarınız onaylanacaktır. Onaylanan faturalar üzerinde değişiklik yapılamaz. Devam etmek istiyor musunuz?'

2021-11-19 17:16:58 - [TEST_STEP][PASSED] - RaporNo = getText(findTestObject("Popup/Popup")).substring(0, 6): Text of object 'Object Repository/Popup/Popup' is: 'Seçilen faturalarınız onaylanacaktır. Onaylanan faturalar üzerinde değişiklik yapılamaz. Devam etmek istiyor musunuz?'

2021-11-19 17:16:58 - [MESSAGE][INFO] - Finding Test Object 'Object Repository/Popup/Popup'

2021-11-19 17:16:58 - [MESSAGE][INFO] - Checking object

2021-11-19 17:16:58 - [MESSAGE][INFO] - Finding web element from Test Object's properties

2021-11-19 17:16:58 - [MESSAGE][INFO] - Checking timeout

2021-11-19 17:16:58 - [MESSAGE][INFO] - Finding web element with id: 'Object Repository/Popup/Popup' located by 'By.cssSelector: .bootbox-body' in '30' second(s)

2021-11-19 17:16:58 - [MESSAGE][INFO] - Smart Wait Function is triggered

2021-11-19 17:16:58 - [MESSAGE][INFO] - Found 1 web elements with id: 'Object Repository/Popup/Popup' located by 'By.cssSelector: .bootbox-body' in '30' second(s)

2021-11-19 17:16:58 - [MESSAGE][INFO] - Getting text of object 'Object Repository/Popup/Popup'

2021-11-19 17:16:58 - [MESSAGE][PASSED] - Text of object 'Object Repository/Popup/Popup' is: 'Seçilen faturalarınız onaylanacaktır. Onaylanan faturalar üzerinde değişiklik yapılamaz. Devam etmek istiyor musunuz?'

2021-11-19 17:16:58 - [TEST_STEP][PASSED] - Console.println(RaporNo): null

2021-11-19 17:16:58 - [MESSAGE][PASSED] - Call Test Case 'Test Cases/Popup/PopupMesajiIceriyorMu' successfully

2021-11-19 17:16:58 - [MESSAGE][INFO] - Checking called Test Case

2021-11-19 17:16:58 - [MESSAGE][INFO] - Starting to call Test Case 'Test Cases/Popup/PopupButonSecilir'

2021-11-19 17:16:58 - [TEST_CASE][PASSED] - Test Cases/Popup/PopupButonSecilir: Test Cases/Popup/PopupButonSecilir

2021-11-19 17:16:58 - [TEST_STEP][PASSED] - Method.TextDegerineEsitElementeTikla(findTestObject("Popup/Popup_Butons"), Buton): Method.TextDegerineEsitElementeTikla is PASSED

2021-11-19 17:16:58 - [MESSAGE][INFO] - Finding Test Object 'Object Repository/Popup/Popup_Butons'

2021-11-19 17:16:58 - [MESSAGE][INFO] - Checking timeout

2021-11-19 17:16:58 - [MESSAGE][INFO] - Finding web element with id: 'Object Repository/Popup/Popup_Butons' located by 'By.cssSelector: .modal-footer>button' in '10' second(s)

2021-11-19 17:16:58 - [MESSAGE][INFO] - Smart Wait Function is triggered

2021-11-19 17:16:58 - [MESSAGE][INFO] - Found 2 web elements with id: 'Object Repository/Popup/Popup_Butons' located by 'By.cssSelector: .modal-footer>button' in '10' second(s)

2021-11-19 17:16:58 - [MESSAGE][PASSED] - Method.TextDegerineEsitElementeTikla is PASSED

2021-11-19 17:16:58 - [MESSAGE][PASSED] - Call Test Case 'Test Cases/Popup/PopupButonSecilir' successfully

2021-11-19 17:16:59 - [MESSAGE][INFO] - Checking called Test Case

2021-11-19 17:16:59 - [MESSAGE][INFO] - Starting to call Test Case 'Test Cases/Menu/AnaMenuSecimi'

2021-11-19 17:16:59 - [TEST_CASE][PASSED] - Test Cases/Menu/AnaMenuSecimi: Test Cases/Menu/AnaMenuSecimi

2021-11-19 17:16:59 - [TEST_STEP][PASSED] - Method.TextDegerineEsitElementeTikla(findTestObject("Menu/Ana_Menu"), Ana_Menu): Method.TextDegerineEsitElementeTikla is PASSED

2021-11-19 17:16:59 - [MESSAGE][INFO] - Finding Test Object 'Object Repository/Menu/Ana_Menu'

2021-11-19 17:16:59 - [MESSAGE][INFO] - Checking timeout

2021-11-19 17:16:59 - [MESSAGE][INFO] - Finding web element with id: 'Object Repository/Menu/Ana_Menu' located by 'By.xpath: //*[@class = 'dropdown-toggle']' in '10' second(s)

2021-11-19 17:16:59 - [MESSAGE][INFO] - Smart Wait Function is triggered

2021-11-19 17:17:00 - [MESSAGE][INFO] - Found 13 web elements with id: 'Object Repository/Menu/Ana_Menu' located by 'By.xpath: //*[@class = 'dropdown-toggle']' in '10' second(s)

2021-11-19 17:17:00 - [MESSAGE][PASSED] - Method.TextDegerineEsitElementeTikla is PASSED

2021-11-19 17:17:00 - [MESSAGE][PASSED] - Call Test Case 'Test Cases/Menu/AnaMenuSecimi' successfully

2021-11-19 17:17:00 - [MESSAGE][INFO] - Checking called Test Case

2021-11-19 17:17:00 - [MESSAGE][INFO] - Starting to call Test Case 'Test Cases/Menu/BasligaGoreAltMenuSecimi'

2021-11-19 17:17:00 - [TEST_CASE][PASSED] - Test Cases/Menu/BasligaGoreAltMenuSecimi: Test Cases/Menu/BasligaGoreAltMenuSecimi

2021-11-19 17:17:00 - [TEST_STEP][PASSED] - Method.TextDegerineEsitElementinAltindakiTextDegerineEsitOlanaTikla(findTestObject("Menu/Menu_Basligi"), findTestObject("Menu/Basliga_Gore_Alt_Menu"), Baslik, Alt_Menu): Method.TextDegerineEsitElementinAltindakiTextDegerineEsitOlanaTikla is PASSED

2021-11-19 17:17:00 - [MESSAGE][INFO] - Finding Test Object 'Object Repository/Menu/Menu_Basligi'

2021-11-19 17:17:00 - [MESSAGE][INFO] - Finding Test Object 'Object Repository/Menu/Basliga_Gore_Alt_Menu'

2021-11-19 17:17:00 - [MESSAGE][INFO] - Checking timeout

2021-11-19 17:17:00 - [MESSAGE][INFO] - Finding web element with id: 'Object Repository/Menu/Menu_Basligi' located by 'By.xpath: //li[@class='dropdown dropdown-large open']//li[@class='dropdown-header']' in '10' second(s)

2021-11-19 17:17:00 - [MESSAGE][INFO] - Smart Wait Function is triggered

2021-11-19 17:17:00 - [MESSAGE][INFO] - Found 2 web elements with id: 'Object Repository/Menu/Menu_Basligi' located by 'By.xpath: //li[@class='dropdown dropdown-large open']//li[@class='dropdown-header']' in '10' second(s)

2021-11-19 17:17:00 - [MESSAGE][INFO] - Smart Wait Function is triggered

2021-11-19 17:17:01 - [MESSAGE][PASSED] - Method.TextDegerineEsitElementinAltindakiTextDegerineEsitOlanaTikla is PASSED

2021-11-19 17:17:01 - [MESSAGE][PASSED] - Call Test Case 'Test Cases/Menu/BasligaGoreAltMenuSecimi' successfully

2021-11-19 17:17:01 - [MESSAGE][INFO] - Checking called Test Case

2021-11-19 17:17:01 - [MESSAGE][INFO] - Starting to call Test Case 'Test Cases/Filtreler/EttnYaz'

2021-11-19 17:17:02 - [TEST_CASE][PASSED] - Test Cases/Filtreler/EttnYaz: Test Cases/Filtreler/EttnYaz

2021-11-19 17:17:02 - [TEST_STEP][PASSED] - Method.TextDegerineEsitElementinAltindakiTextboxtaYaz(findTestObject("Filtreler/Basliklar"), findTestObject("Filtreler/Basliga_Gore_Textbox"), "ETTN", ettn): Method.TextDegerineEsitElementinAltindakiTextboxtaYaz is PASSED

2021-11-19 17:17:02 - [MESSAGE][INFO] - Finding Test Object 'Object Repository/Filtreler/Basliklar'

2021-11-19 17:17:02 - [MESSAGE][INFO] - Finding Test Object 'Object Repository/Filtreler/Basliga_Gore_Textbox'

2021-11-19 17:17:02 - [MESSAGE][INFO] - Checking timeout

2021-11-19 17:17:02 - [MESSAGE][INFO] - Finding web element with id: 'Object Repository/Filtreler/Basliklar' located by 'By.cssSelector: .control-label.col-sm-4.paddingMarginRLC' in '10' second(s)

2021-11-19 17:17:02 - [MESSAGE][INFO] - Smart Wait Function is triggered

2021-11-19 17:17:02 - [MESSAGE][INFO] - Found 19 web elements with id: 'Object Repository/Filtreler/Basliklar' located by 'By.cssSelector: .control-label.col-sm-4.paddingMarginRLC' in '10' second(s)

2021-11-19 17:17:02 - [MESSAGE][INFO] - Smart Wait Function is triggered

2021-11-19 17:17:03 - [MESSAGE][PASSED] - Method.TextDegerineEsitElementinAltindakiTextboxtaYaz is PASSED

2021-11-19 17:17:03 - [MESSAGE][PASSED] - Call Test Case 'Test Cases/Filtreler/EttnYaz' successfully

2021-11-19 17:17:03 - [MESSAGE][INFO] - Checking called Test Case

2021-11-19 17:17:03 - [MESSAGE][INFO] - Starting to call Test Case 'Test Cases/Filtreler/ButonaTikla'

2021-11-19 17:17:03 - [TEST_CASE][PASSED] - Test Cases/Filtreler/ButonaTikla: Test Cases/Filtreler/ButonaTikla

2021-11-19 17:17:03 - [TEST_STEP][PASSED] - Method.TextDegerineEsitElementeTikla(findTestObject("Filtreler/Butonlar"), Filtre_Buton): Method.TextDegerineEsitElementeTikla is PASSED

2021-11-19 17:17:03 - [MESSAGE][INFO] - Finding Test Object 'Object Repository/Filtreler/Butonlar'

2021-11-19 17:17:03 - [MESSAGE][INFO] - Checking timeout

2021-11-19 17:17:03 - [MESSAGE][INFO] - Finding web element with id: 'Object Repository/Filtreler/Butonlar' located by 'By.cssSelector: .dxb>span' in '10' second(s)

2021-11-19 17:17:03 - [MESSAGE][INFO] - Smart Wait Function is triggered

2021-11-19 17:17:03 - [MESSAGE][INFO] - Found 3 web elements with id: 'Object Repository/Filtreler/Butonlar' located by 'By.cssSelector: .dxb>span' in '10' second(s)

2021-11-19 17:17:03 - [MESSAGE][PASSED] - Method.TextDegerineEsitElementeTikla is PASSED

2021-11-19 17:17:03 - [MESSAGE][PASSED] - Call Test Case 'Test Cases/Filtreler/ButonaTikla' successfully

2021-11-19 17:17:03 - [MESSAGE][INFO] - Checking called Test Case

2021-11-19 17:17:03 - [MESSAGE][INFO] - Starting to call Test Case 'Test Cases/Tablo/TablodaVeriVarMi'

2021-11-19 17:17:03 - [TEST_CASE][PASSED] - Test Cases/Tablo/TablodaVeriVarMi: Test Cases/Tablo/TablodaVeriVarMi

2021-11-19 17:17:03 - [TEST_STEP][PASSED] - verifyTextNotPresent("Görüntülenecek veri yok", true): Text 'Görüntülenecek veri yok' is not present on page using regular expression

2021-11-19 17:17:03 - [MESSAGE][INFO] - Checking text present  using regular expression

2021-11-19 17:17:03 - [MESSAGE][INFO] - Smart Wait Function is triggered

2021-11-19 17:17:04 - [MESSAGE][INFO] - Finding text 'Görüntülenecek veri yok' on page  using regular expression

2021-11-19 17:17:04 - [MESSAGE][PASSED] - Text 'Görüntülenecek veri yok' is not present on page using regular expression

2021-11-19 17:17:04 - [MESSAGE][PASSED] - Call Test Case 'Test Cases/Tablo/TablodaVeriVarMi' successfully

2021-11-19 17:17:04 - [MESSAGE][INFO] - Checking called Test Case

2021-11-19 17:17:04 - [MESSAGE][INFO] - Starting to call Test Case 'Test Cases/Tablo/TablodaVeriBasariliMiArsiv'

2021-11-19 17:17:04 - [TEST_CASE][PASSED] - Test Cases/Tablo/TablodaVeriBasariliMiArsiv: Test Cases/Tablo/TablodaVeriBasariliMiArsiv

2021-11-19 17:17:04 - [TEST_STEP][PASSED] - sayac = 80: null

2021-11-19 17:17:04 - [TEST_STEP][PASSED] - while (verifyElementText(findTestObject("Object Repository/Tablo/DurumBilgisiArsiv"), "Henüz Sonuçlanmadı", OPTIONAL)): Actual text 'Başarılı' and expected text 'Henüz Sonuçlanmadı' of test object 'Object Repository/Tablo/DurumBilgisiArsiv' are NOT matched. (Root cause: com.kms.katalon.core.exception.StepFailedException: Actual text 'Başarılı' and expected text 'Henüz Sonuçlanmadı' of test object 'Object Repository/Tablo/DurumBilgisiArsiv' are NOT matched.
	at com.kms.katalon.core.webui.keyword.internal.WebUIKeywordMain.stepFailed(WebUIKeywordMain.groovy:64)
	at com.kms.katalon.core.webui.keyword.builtin.VerifyElementTextKeyword$_verifyElementText_closure1.doCall(VerifyElementTextKeyword.groovy:57)
	at com.kms.katalon.core.webui.keyword.builtin.VerifyElementTextKeyword$_verifyElementText_closure1.call(VerifyElementTextKeyword.groovy)
	at com.kms.katalon.core.webui.keyword.internal.WebUIKeywordMain.runKeyword(WebUIKeywordMain.groovy:20)
	at com.kms.katalon.core.webui.keyword.builtin.VerifyElementTextKeyword.verifyElementText(VerifyElementTextKeyword.groovy:72)
	at com.kms.katalon.core.webui.keyword.builtin.VerifyElementTextKeyword.execute(VerifyElementTextKeyword.groovy:40)
	at com.kms.katalon.core.keyword.internal.KeywordExecutor.executeKeywordForPlatform(KeywordExecutor.groovy:73)
	at com.kms.katalon.core.webui.keyword.WebUiBuiltInKeywords.verifyElementText(WebUiBuiltInKeywords.groovy:4733)
	at com.kms.katalon.core.webui.keyword.WebUiBuiltInKeywords$verifyElementText$20.call(Unknown Source)
	at TablodaVeriBasariliMiArsiv.run(TablodaVeriBasariliMiArsiv:22)
	at com.kms.katalon.core.main.ScriptEngine.run(ScriptEngine.java:194)
	at com.kms.katalon.core.main.ScriptEngine.runScriptAsRawText(ScriptEngine.java:119)
	at com.kms.katalon.core.main.TestCaseExecutor.runScript(TestCaseExecutor.java:369)
	at com.kms.katalon.core.main.TestCaseExecutor.doExecute(TestCaseExecutor.java:360)
	at com.kms.katalon.core.main.TestCaseExecutor.processExecutionPhase(TestCaseExecutor.java:339)
	at com.kms.katalon.core.main.TestCaseExecutor.accessMainPhase(TestCaseExecutor.java:331)
	at com.kms.katalon.core.main.TestCaseExecutor.execute(TestCaseExecutor.java:248)
	at com.kms.katalon.core.main.TestCaseMain.runTestCase(TestCaseMain.java:138)
	at com.kms.katalon.core.keyword.builtin.CallTestCaseKeyword$_callTestCase_closure1.doCall(CallTestCaseKeyword.groovy:59)
	at com.kms.katalon.core.keyword.builtin.CallTestCaseKeyword$_callTestCase_closure1.call(CallTestCaseKeyword.groovy)
	at com.kms.katalon.core.keyword.internal.KeywordMain.runKeyword(KeywordMain.groovy:68)
	at com.kms.katalon.core.keyword.builtin.CallTestCaseKeyword.callTestCase(CallTestCaseKeyword.groovy:81)
	at com.kms.katalon.core.keyword.builtin.CallTestCaseKeyword.execute(CallTestCaseKeyword.groovy:44)
	at com.kms.katalon.core.keyword.internal.KeywordExecutor.executeKeywordForPlatform(KeywordExecutor.groovy:73)
	at com.kms.katalon.core.keyword.BuiltinKeywords.callTestCase(BuiltinKeywords.groovy:334)
	at tablo.tablo.tablodaVeriBasariliMiArsiv(tablo.groovy:95)
	at cucumber.runtime.Utils$1.call(Utils.java:26)
	at cucumber.runtime.Timeout.timeout(Timeout.java:16)
	at cucumber.runtime.Utils.invoke(Utils.java:20)
	at cucumber.runtime.java.JavaStepDefinition.execute(JavaStepDefinition.java:49)
	at cucumber.runner.PickleStepDefinitionMatch.runStep(PickleStepDefinitionMatch.java:50)
	at cucumber.runner.TestStep.executeStep(TestStep.java:63)
	at cucumber.runner.TestStep.run(TestStep.java:49)
	at cucumber.runner.PickleStepTestStep.run(PickleStepTestStep.java:43)
	at cucumber.runner.TestCase.run(TestCase.java:44)
	at cucumber.runner.Runner.runPickle(Runner.java:40)
	at cucumber.runtime.Runtime$1.run(Runtime.java:84)
	at cucumber.runtime.Runtime$SameThreadExecutorService.execute(Runtime.java:220)
	at cucumber.runtime.Runtime.run(Runtime.java:81)
	at cucumber.api.cli.Main.run(Main.java:26)
	at cucumber.api.cli.Main$run.call(Unknown Source)
	at com.kms.katalon.core.cucumber.keyword.CucumberBuiltinKeywords$_runFeatureFile_closure1.doCall(CucumberBuiltinKeywords.groovy:106)
	at com.kms.katalon.core.cucumber.keyword.CucumberBuiltinKeywords$_runFeatureFile_closure1.doCall(CucumberBuiltinKeywords.groovy)
	at com.kms.katalon.core.keyword.internal.KeywordMain.runKeyword(KeywordMain.groovy:68)
	at com.kms.katalon.core.keyword.internal.KeywordMain$runKeyword.call(Unknown Source)
	at com.kms.katalon.core.cucumber.keyword.CucumberBuiltinKeywords.runFeatureFile(CucumberBuiltinKeywords.groovy:73)
	at com.kms.katalon.core.cucumber.keyword.CucumberBuiltinKeywords$runFeatureFile$0.callStatic(Unknown Source)
	at com.kms.katalon.core.cucumber.keyword.CucumberBuiltinKeywords.runFeatureFile(CucumberBuiltinKeywords.groovy:246)
	at com.kms.katalon.core.cucumber.keyword.CucumberBuiltinKeywords$runFeatureFile.call(Unknown Source)
	at VKN-Kagit-Ozel Matrah.run(VKN-Kagit-Ozel Matrah:19)
	at com.kms.katalon.core.main.ScriptEngine.run(ScriptEngine.java:194)
	at com.kms.katalon.core.main.ScriptEngine.runScriptAsRawText(ScriptEngine.java:119)
	at com.kms.katalon.core.main.TestCaseExecutor.runScript(TestCaseExecutor.java:369)
	at com.kms.katalon.core.main.TestCaseExecutor.doExecute(TestCaseExecutor.java:360)
	at com.kms.katalon.core.main.TestCaseExecutor.processExecutionPhase(TestCaseExecutor.java:339)
	at com.kms.katalon.core.main.TestCaseExecutor.accessMainPhase(TestCaseExecutor.java:331)
	at com.kms.katalon.core.main.TestCaseExecutor.execute(TestCaseExecutor.java:248)
	at com.kms.katalon.core.main.TestSuiteExecutor.accessTestCaseMainPhase(TestSuiteExecutor.java:191)
	at com.kms.katalon.core.main.TestSuiteExecutor.accessTestSuiteMainPhase(TestSuiteExecutor.java:140)
	at com.kms.katalon.core.main.TestSuiteExecutor.execute(TestSuiteExecutor.java:89)
	at com.kms.katalon.core.main.TestCaseMain.startTestSuite(TestCaseMain.java:181)
	at com.kms.katalon.core.main.TestCaseMain$startTestSuite$0.call(Unknown Source)
	at TempTestSuite1637329560940.run(TempTestSuite1637329560940.groovy:39)
)

2021-11-19 17:17:04 - [MESSAGE][INFO] - Finding Test Object 'Object Repository/Tablo/DurumBilgisiArsiv'

2021-11-19 17:17:04 - [MESSAGE][INFO] - Checking object

2021-11-19 17:17:04 - [MESSAGE][INFO] - Finding web element from Test Object's properties

2021-11-19 17:17:04 - [MESSAGE][INFO] - Checking timeout

2021-11-19 17:17:04 - [MESSAGE][INFO] - Finding web element with id: 'Object Repository/Tablo/DurumBilgisiArsiv' located by 'By.xpath: //*[@id = 'GridViewEArchiveInvoices_tccell0_9']' in '30' second(s)

2021-11-19 17:17:04 - [MESSAGE][INFO] - Smart Wait Function is triggered

2021-11-19 17:17:05 - [MESSAGE][INFO] - Found 1 web elements with id: 'Object Repository/Tablo/DurumBilgisiArsiv' located by 'By.xpath: //*[@id = 'GridViewEArchiveInvoices_tccell0_9']' in '30' second(s)

2021-11-19 17:17:05 - [MESSAGE][WARNING] - Actual text 'Başarılı' and expected text 'Henüz Sonuçlanmadı' of test object 'Object Repository/Tablo/DurumBilgisiArsiv' are NOT matched. (Root cause: com.kms.katalon.core.exception.StepFailedException: Actual text 'Başarılı' and expected text 'Henüz Sonuçlanmadı' of test object 'Object Repository/Tablo/DurumBilgisiArsiv' are NOT matched.
	at com.kms.katalon.core.webui.keyword.internal.WebUIKeywordMain.stepFailed(WebUIKeywordMain.groovy:64)
	at com.kms.katalon.core.webui.keyword.builtin.VerifyElementTextKeyword$_verifyElementText_closure1.doCall(VerifyElementTextKeyword.groovy:57)
	at com.kms.katalon.core.webui.keyword.builtin.VerifyElementTextKeyword$_verifyElementText_closure1.call(VerifyElementTextKeyword.groovy)
	at com.kms.katalon.core.webui.keyword.internal.WebUIKeywordMain.runKeyword(WebUIKeywordMain.groovy:20)
	at com.kms.katalon.core.webui.keyword.builtin.VerifyElementTextKeyword.verifyElementText(VerifyElementTextKeyword.groovy:72)
	at com.kms.katalon.core.webui.keyword.builtin.VerifyElementTextKeyword.execute(VerifyElementTextKeyword.groovy:40)
	at com.kms.katalon.core.keyword.internal.KeywordExecutor.executeKeywordForPlatform(KeywordExecutor.groovy:73)
	at com.kms.katalon.core.webui.keyword.WebUiBuiltInKeywords.verifyElementText(WebUiBuiltInKeywords.groovy:4733)
	at com.kms.katalon.core.webui.keyword.WebUiBuiltInKeywords$verifyElementText$20.call(Unknown Source)
	at TablodaVeriBasariliMiArsiv.run(TablodaVeriBasariliMiArsiv:22)
	at com.kms.katalon.core.main.ScriptEngine.run(ScriptEngine.java:194)
	at com.kms.katalon.core.main.ScriptEngine.runScriptAsRawText(ScriptEngine.java:119)
	at com.kms.katalon.core.main.TestCaseExecutor.runScript(TestCaseExecutor.java:369)
	at com.kms.katalon.core.main.TestCaseExecutor.doExecute(TestCaseExecutor.java:360)
	at com.kms.katalon.core.main.TestCaseExecutor.processExecutionPhase(TestCaseExecutor.java:339)
	at com.kms.katalon.core.main.TestCaseExecutor.accessMainPhase(TestCaseExecutor.java:331)
	at com.kms.katalon.core.main.TestCaseExecutor.execute(TestCaseExecutor.java:248)
	at com.kms.katalon.core.main.TestCaseMain.runTestCase(TestCaseMain.java:138)
	at com.kms.katalon.core.keyword.builtin.CallTestCaseKeyword$_callTestCase_closure1.doCall(CallTestCaseKeyword.groovy:59)
	at com.kms.katalon.core.keyword.builtin.CallTestCaseKeyword$_callTestCase_closure1.call(CallTestCaseKeyword.groovy)
	at com.kms.katalon.core.keyword.internal.KeywordMain.runKeyword(KeywordMain.groovy:68)
	at com.kms.katalon.core.keyword.builtin.CallTestCaseKeyword.callTestCase(CallTestCaseKeyword.groovy:81)
	at com.kms.katalon.core.keyword.builtin.CallTestCaseKeyword.execute(CallTestCaseKeyword.groovy:44)
	at com.kms.katalon.core.keyword.internal.KeywordExecutor.executeKeywordForPlatform(KeywordExecutor.groovy:73)
	at com.kms.katalon.core.keyword.BuiltinKeywords.callTestCase(BuiltinKeywords.groovy:334)
	at tablo.tablo.tablodaVeriBasariliMiArsiv(tablo.groovy:95)
	at cucumber.runtime.Utils$1.call(Utils.java:26)
	at cucumber.runtime.Timeout.timeout(Timeout.java:16)
	at cucumber.runtime.Utils.invoke(Utils.java:20)
	at cucumber.runtime.java.JavaStepDefinition.execute(JavaStepDefinition.java:49)
	at cucumber.runner.PickleStepDefinitionMatch.runStep(PickleStepDefinitionMatch.java:50)
	at cucumber.runner.TestStep.executeStep(TestStep.java:63)
	at cucumber.runner.TestStep.run(TestStep.java:49)
	at cucumber.runner.PickleStepTestStep.run(PickleStepTestStep.java:43)
	at cucumber.runner.TestCase.run(TestCase.java:44)
	at cucumber.runner.Runner.runPickle(Runner.java:40)
	at cucumber.runtime.Runtime$1.run(Runtime.java:84)
	at cucumber.runtime.Runtime$SameThreadExecutorService.execute(Runtime.java:220)
	at cucumber.runtime.Runtime.run(Runtime.java:81)
	at cucumber.api.cli.Main.run(Main.java:26)
	at cucumber.api.cli.Main$run.call(Unknown Source)
	at com.kms.katalon.core.cucumber.keyword.CucumberBuiltinKeywords$_runFeatureFile_closure1.doCall(CucumberBuiltinKeywords.groovy:106)
	at com.kms.katalon.core.cucumber.keyword.CucumberBuiltinKeywords$_runFeatureFile_closure1.doCall(CucumberBuiltinKeywords.groovy)
	at com.kms.katalon.core.keyword.internal.KeywordMain.runKeyword(KeywordMain.groovy:68)
	at com.kms.katalon.core.keyword.internal.KeywordMain$runKeyword.call(Unknown Source)
	at com.kms.katalon.core.cucumber.keyword.CucumberBuiltinKeywords.runFeatureFile(CucumberBuiltinKeywords.groovy:73)
	at com.kms.katalon.core.cucumber.keyword.CucumberBuiltinKeywords$runFeatureFile$0.callStatic(Unknown Source)
	at com.kms.katalon.core.cucumber.keyword.CucumberBuiltinKeywords.runFeatureFile(CucumberBuiltinKeywords.groovy:246)
	at com.kms.katalon.core.cucumber.keyword.CucumberBuiltinKeywords$runFeatureFile.call(Unknown Source)
	at VKN-Kagit-Ozel Matrah.run(VKN-Kagit-Ozel Matrah:19)
	at com.kms.katalon.core.main.ScriptEngine.run(ScriptEngine.java:194)
	at com.kms.katalon.core.main.ScriptEngine.runScriptAsRawText(ScriptEngine.java:119)
	at com.kms.katalon.core.main.TestCaseExecutor.runScript(TestCaseExecutor.java:369)
	at com.kms.katalon.core.main.TestCaseExecutor.doExecute(TestCaseExecutor.java:360)
	at com.kms.katalon.core.main.TestCaseExecutor.processExecutionPhase(TestCaseExecutor.java:339)
	at com.kms.katalon.core.main.TestCaseExecutor.accessMainPhase(TestCaseExecutor.java:331)
	at com.kms.katalon.core.main.TestCaseExecutor.execute(TestCaseExecutor.java:248)
	at com.kms.katalon.core.main.TestSuiteExecutor.accessTestCaseMainPhase(TestSuiteExecutor.java:191)
	at com.kms.katalon.core.main.TestSuiteExecutor.accessTestSuiteMainPhase(TestSuiteExecutor.java:140)
	at com.kms.katalon.core.main.TestSuiteExecutor.execute(TestSuiteExecutor.java:89)
	at com.kms.katalon.core.main.TestCaseMain.startTestSuite(TestCaseMain.java:181)
	at com.kms.katalon.core.main.TestCaseMain$startTestSuite$0.call(Unknown Source)
	at TempTestSuite1637329560940.run(TempTestSuite1637329560940.groovy:39)
)

2021-11-19 17:17:05 - [TEST_STEP][PASSED] - Method.TextDegerineEsitElementVarMi(findTestObject("Object Repository/Tablo/DurumBilgisiArsiv"), "Başarılı"): Method.TextDegerineEsitElementVarMi is PASSED

2021-11-19 17:17:05 - [MESSAGE][INFO] - Finding Test Object 'Object Repository/Tablo/DurumBilgisiArsiv'

2021-11-19 17:17:05 - [MESSAGE][INFO] - Checking timeout

2021-11-19 17:17:05 - [MESSAGE][INFO] - Finding web element with id: 'Object Repository/Tablo/DurumBilgisiArsiv' located by 'By.xpath: //*[@id = 'GridViewEArchiveInvoices_tccell0_9']' in '10' second(s)

2021-11-19 17:17:05 - [MESSAGE][INFO] - Smart Wait Function is triggered

2021-11-19 17:17:05 - [MESSAGE][INFO] - Found 1 web elements with id: 'Object Repository/Tablo/DurumBilgisiArsiv' located by 'By.xpath: //*[@id = 'GridViewEArchiveInvoices_tccell0_9']' in '10' second(s)

2021-11-19 17:17:05 - [MESSAGE][PASSED] - Method.TextDegerineEsitElementVarMi is PASSED

2021-11-19 17:17:05 - [MESSAGE][PASSED] - Call Test Case 'Test Cases/Tablo/TablodaVeriBasariliMiArsiv' successfully

2021-11-19 17:17:05 - [MESSAGE][INFO] - Checking called Test Case

2021-11-19 17:17:05 - [MESSAGE][INFO] - Starting to call Test Case 'Test Cases/Kullanici_Islemleri/KullaniciIslemlerindenSecimYapilir'

2021-11-19 17:17:05 - [TEST_CASE][PASSED] - Test Cases/Kullanici_Islemleri/KullaniciIslemlerindenSecimYapilir: Test Cases/Kullanici_Islemleri/KullaniciIslemlerindenSecimYapilir

2021-11-19 17:17:05 - [TEST_STEP][PASSED] - waitForElementClickable(findTestObject("Object Repository/Kullanici_Islemleri/KullaniciIslemleri"), 10): Object 'Object Repository/Kullanici_Islemleri/KullaniciIslemleri' is clickable

2021-11-19 17:17:05 - [MESSAGE][INFO] - Finding Test Object 'Object Repository/Kullanici_Islemleri/KullaniciIslemleri'

2021-11-19 17:17:05 - [MESSAGE][INFO] - Checking object

2021-11-19 17:17:05 - [MESSAGE][INFO] - Checking timeout

2021-11-19 17:17:05 - [MESSAGE][INFO] - Finding web element from Test Object's properties

2021-11-19 17:17:05 - [MESSAGE][INFO] - Checking timeout

2021-11-19 17:17:05 - [MESSAGE][INFO] - Finding web element with id: 'Object Repository/Kullanici_Islemleri/KullaniciIslemleri' located by 'By.cssSelector: .dropdown>a>img' in '10' second(s)

2021-11-19 17:17:05 - [MESSAGE][INFO] - Smart Wait Function is triggered

2021-11-19 17:17:05 - [MESSAGE][INFO] - Found 1 web elements with id: 'Object Repository/Kullanici_Islemleri/KullaniciIslemleri' located by 'By.cssSelector: .dropdown>a>img' in '10' second(s)

2021-11-19 17:17:05 - [MESSAGE][PASSED] - Object 'Object Repository/Kullanici_Islemleri/KullaniciIslemleri' is clickable

2021-11-19 17:17:05 - [TEST_STEP][PASSED] - click(findTestObject("Object Repository/Kullanici_Islemleri/KullaniciIslemleri")): Object: 'Object Repository/Kullanici_Islemleri/KullaniciIslemleri' is clicked on

2021-11-19 17:17:05 - [MESSAGE][INFO] - Finding Test Object 'Object Repository/Kullanici_Islemleri/KullaniciIslemleri'

2021-11-19 17:17:06 - [MESSAGE][INFO] - Checking object

2021-11-19 17:17:06 - [MESSAGE][INFO] - Finding web element from Test Object's properties

2021-11-19 17:17:06 - [MESSAGE][INFO] - Checking timeout

2021-11-19 17:17:06 - [MESSAGE][INFO] - Finding web element with id: 'Object Repository/Kullanici_Islemleri/KullaniciIslemleri' located by 'By.cssSelector: .dropdown>a>img' in '30' second(s)

2021-11-19 17:17:06 - [MESSAGE][INFO] - Smart Wait Function is triggered

2021-11-19 17:17:06 - [MESSAGE][INFO] - Found 1 web elements with id: 'Object Repository/Kullanici_Islemleri/KullaniciIslemleri' located by 'By.cssSelector: .dropdown>a>img' in '30' second(s)

2021-11-19 17:17:06 - [MESSAGE][INFO] - Clicking on object: 'Object Repository/Kullanici_Islemleri/KullaniciIslemleri'

2021-11-19 17:17:06 - [MESSAGE][PASSED] - Object: 'Object Repository/Kullanici_Islemleri/KullaniciIslemleri' is clicked on

2021-11-19 17:17:06 - [TEST_STEP][PASSED] - Method.TextDegerineEsitElementeTikla(findTestObject("Object Repository/Kullanici_Islemleri/Secenekler"), Islem): Method.TextDegerineEsitElementeTikla is PASSED

2021-11-19 17:17:06 - [MESSAGE][INFO] - Finding Test Object 'Object Repository/Kullanici_Islemleri/Secenekler'

2021-11-19 17:17:06 - [MESSAGE][INFO] - Checking timeout

2021-11-19 17:17:06 - [MESSAGE][INFO] - Finding web element with id: 'Object Repository/Kullanici_Islemleri/Secenekler' located by 'By.cssSelector: .nav.navbar-nav.navbar-right li a' in '10' second(s)

2021-11-19 17:17:06 - [MESSAGE][INFO] - Smart Wait Function is triggered

2021-11-19 17:17:06 - [MESSAGE][INFO] - Found 20 web elements with id: 'Object Repository/Kullanici_Islemleri/Secenekler' located by 'By.cssSelector: .nav.navbar-nav.navbar-right li a' in '10' second(s)

2021-11-19 17:17:08 - [MESSAGE][PASSED] - Method.TextDegerineEsitElementeTikla is PASSED

2021-11-19 17:17:08 - [TEST_STEP][PASSED] - verifyElementNotPresent(findTestObject("Object Repository/Kullanici_Islemleri/Secenekler"), 10): Web element with id: 'Object Repository/Kullanici_Islemleri/Secenekler' located by 'By.cssSelector: .nav.navbar-nav.navbar-right li a' is not present after '10' second(s)

2021-11-19 17:17:08 - [MESSAGE][INFO] - Finding Test Object 'Object Repository/Kullanici_Islemleri/Secenekler'

2021-11-19 17:17:08 - [MESSAGE][INFO] - Checking object

2021-11-19 17:17:08 - [MESSAGE][INFO] - Checking timeout

2021-11-19 17:17:08 - [MESSAGE][INFO] - Finding web element with id: 'Object Repository/Kullanici_Islemleri/Secenekler' located by 'By.cssSelector: .nav.navbar-nav.navbar-right li a' in '10' second(s)

2021-11-19 17:17:08 - [MESSAGE][INFO] - Smart Wait Function is triggered

2021-11-19 17:17:08 - [MESSAGE][PASSED] - Web element with id: 'Object Repository/Kullanici_Islemleri/Secenekler' located by 'By.cssSelector: .nav.navbar-nav.navbar-right li a' is not present after '10' second(s)

2021-11-19 17:17:08 - [MESSAGE][PASSED] - Call Test Case 'Test Cases/Kullanici_Islemleri/KullaniciIslemlerindenSecimYapilir' successfully

2021-11-19 17:17:08 - [TEST_CASE][PASSED] - Start Test Case : SCENARIO Gonderim tipi Kagit ve Ozel Matrah tipinde e-Arsiv faturasi olusturulmasi: SCENARIO Gonderim tipi Kagit ve Ozel Matrah tipinde e-Arsiv faturasi olusturulmasi

2021-11-19 17:17:08 - [TEST_STEP][PASSED] - Kullanıcı adı EARMATRAH ve Şifre test1234 olarak giriş yapılır: Kullanıcı adı EARMATRAH ve Şifre test1234 olarak giriş yapılır

2021-11-19 17:17:08 - [MESSAGE][PASSED] - Kullanıcı adı EARMATRAH ve Şifre test1234 olarak giriş yapılır

2021-11-19 17:17:08 - [TEST_STEP][PASSED] - Ana menüden e-Arşiv seçilir: Ana menüden e-Arşiv seçilir

2021-11-19 17:17:08 - [MESSAGE][PASSED] - Ana menüden e-Arşiv seçilir

2021-11-19 17:17:08 - [TEST_STEP][PASSED] - Alt menü e-Arşiv Araçları başlığı altındaki e-Arşiv Fatura Oluşturma seçilir: Alt menü e-Arşiv Araçları başlığı altındaki e-Arşiv Fatura Oluşturma seçilir

2021-11-19 17:17:08 - [MESSAGE][PASSED] - Alt menü e-Arşiv Araçları başlığı altındaki e-Arşiv Fatura Oluşturma seçilir

2021-11-19 17:17:08 - [TEST_STEP][PASSED] - Tablodaki tüm veriler silinir: Tablodaki tüm veriler silinir

2021-11-19 17:17:08 - [MESSAGE][PASSED] - Tablodaki tüm veriler silinir

2021-11-19 17:17:08 - [TEST_STEP][PASSED] - Butonlardan Ekle isimli butona tıklanır: Butonlardan Ekle isimli butona tıklanır

2021-11-19 17:17:08 - [MESSAGE][PASSED] - Butonlardan Ekle isimli butona tıklanır

2021-11-19 17:17:08 - [TEST_STEP][PASSED] - Görsel tasarım sayfasının e-Arşiv Fatura Bilgileri başlığını içerdiği kontrol edilir: Görsel tasarım sayfasının e-Arşiv Fatura Bilgileri başlığını içerdiği kontrol edilir

2021-11-19 17:17:08 - [MESSAGE][PASSED] - Görsel tasarım sayfasının e-Arşiv Fatura Bilgileri başlığını içerdiği kontrol edilir

2021-11-19 17:17:08 - [TEST_STEP][PASSED] - Alıcı adı alanına UC0014 girilir: Alıcı adı alanına UC0014 girilir

2021-11-19 17:17:08 - [MESSAGE][PASSED] - Alıcı adı alanına UC0014 girilir

2021-11-19 17:17:08 - [TEST_STEP][PASSED] - Gönderim Şekli Kağıt olarak seçilir: Gönderim Şekli Kağıt olarak seçilir

2021-11-19 17:17:08 - [MESSAGE][PASSED] - Gönderim Şekli Kağıt olarak seçilir

2021-11-19 17:17:08 - [TEST_STEP][PASSED] - Tip alanından Özel Matrah seçilir: Tip alanından Özel Matrah seçilir

2021-11-19 17:17:08 - [MESSAGE][PASSED] - Tip alanından Özel Matrah seçilir

2021-11-19 17:17:08 - [TEST_STEP][PASSED] - Döküman Para Birimi alanından Türk Lirası seçilir: Döküman Para Birimi alanından Türk Lirası seçilir

2021-11-19 17:17:08 - [MESSAGE][PASSED] - Döküman Para Birimi alanından Türk Lirası seçilir

2021-11-19 17:17:08 - [TEST_STEP][PASSED] - Ön Ek EAR olarak seçilir: Ön Ek EAR olarak seçilir

2021-11-19 17:17:08 - [MESSAGE][PASSED] - Ön Ek EAR olarak seçilir

2021-11-19 17:17:08 - [TEST_STEP][PASSED] - Tasarım alanından Otomasyon seçilir: Tasarım alanından Otomasyon seçilir

2021-11-19 17:17:08 - [MESSAGE][PASSED] - Tasarım alanından Otomasyon seçilir

2021-11-19 17:17:08 - [TEST_STEP][PASSED] - Sipariş bilgileri UUC-SAT-1200001 ve 31.04.2020 olarak girilir: Sipariş bilgileri UUC-SAT-1200001 ve 31.04.2020 olarak girilir

2021-11-19 17:17:08 - [MESSAGE][PASSED] - Sipariş bilgileri UUC-SAT-1200001 ve 31.04.2020 olarak girilir

2021-11-19 17:17:08 - [TEST_STEP][PASSED] - İrsaliye Bilgileri AAAAAAAAAA,31.04.2020 olarak girilir: İrsaliye Bilgileri AAAAAAAAAA,31.04.2020 olarak girilir

2021-11-19 17:17:08 - [MESSAGE][PASSED] - İrsaliye Bilgileri AAAAAAAAAA,31.04.2020 olarak girilir

2021-11-19 17:17:08 - [TEST_STEP][PASSED] - Ekle butonuna basılır: Ekle butonuna basılır

2021-11-19 17:17:08 - [MESSAGE][PASSED] - Ekle butonuna basılır

2021-11-19 17:17:08 - [TEST_STEP][PASSED] - Ürün ekleme alanında Mal/Hizmet başlığına Otomasyon girilir: Ürün ekleme alanında Mal/Hizmet başlığına Otomasyon girilir

2021-11-19 17:17:08 - [MESSAGE][PASSED] - Ürün ekleme alanında Mal/Hizmet başlığına Otomasyon girilir

2021-11-19 17:17:08 - [TEST_STEP][PASSED] - Ürün ekleme alanında Açıklaması başlığına Virgosol girilir: Ürün ekleme alanında Açıklaması başlığına Virgosol girilir

2021-11-19 17:17:08 - [MESSAGE][PASSED] - Ürün ekleme alanında Açıklaması başlığına Virgosol girilir

2021-11-19 17:17:08 - [TEST_STEP][PASSED] - Ürün ekleme alanında Miktarı başlığına 400 girilir: Ürün ekleme alanında Miktarı başlığına 400 girilir

2021-11-19 17:17:08 - [MESSAGE][PASSED] - Ürün ekleme alanında Miktarı başlığına 400 girilir

2021-11-19 17:17:08 - [TEST_STEP][PASSED] - Ürün ekleme alanında Birim Fiyat başlığına 100 girilir: Ürün ekleme alanında Birim Fiyat başlığına 100 girilir

2021-11-19 17:17:08 - [MESSAGE][PASSED] - Ürün ekleme alanında Birim Fiyat başlığına 100 girilir

2021-11-19 17:17:08 - [TEST_STEP][PASSED] - Ürün ekleme alanında İskonto Oranı % başlığına 10 girilir: Ürün ekleme alanında İskonto Oranı % başlığına 10 girilir

2021-11-19 17:17:08 - [MESSAGE][PASSED] - Ürün ekleme alanında İskonto Oranı % başlığına 10 girilir

2021-11-19 17:17:08 - [TEST_STEP][PASSED] - Notlar alanına Otomasyon Not girilir: Notlar alanına Otomasyon Not girilir

2021-11-19 17:17:08 - [MESSAGE][PASSED] - Notlar alanına Otomasyon Not girilir

2021-11-19 17:17:08 - [TEST_STEP][PASSED] - Ettn bilgisi kayıt edilir: Ettn bilgisi kayıt edilir

2021-11-19 17:17:08 - [MESSAGE][PASSED] - Ettn bilgisi kayıt edilir

2021-11-19 17:17:08 - [TEST_STEP][PASSED] - Kaydet butonu seçilir: Kaydet butonu seçilir

2021-11-19 17:17:08 - [MESSAGE][PASSED] - Kaydet butonu seçilir

2021-11-19 17:17:08 - [TEST_STEP][PASSED] - Tabloda Ettn bilgisi kaydedilen veri oluşturuldu mu: Tabloda Ettn bilgisi kaydedilen veri oluşturuldu mu

2021-11-19 17:17:08 - [MESSAGE][PASSED] - Tabloda Ettn bilgisi kaydedilen veri oluşturuldu mu

2021-11-19 17:17:08 - [TEST_STEP][PASSED] - Tablodan Ettn bilgisi kaydedilen veri seçilir: Tablodan Ettn bilgisi kaydedilen veri seçilir

2021-11-19 17:17:08 - [MESSAGE][PASSED] - Tablodan Ettn bilgisi kaydedilen veri seçilir

2021-11-19 17:17:08 - [TEST_STEP][PASSED] - Butonlardan Numara Oluştur isimli butona tıklanır: Butonlardan Numara Oluştur isimli butona tıklanır

2021-11-19 17:17:08 - [MESSAGE][PASSED] - Butonlardan Numara Oluştur isimli butona tıklanır

2021-11-19 17:17:08 - [TEST_STEP][PASSED] - Popup mesajı Devam etmek istiyor musunuz içeriyor mu: Popup mesajı Devam etmek istiyor musunuz içeriyor mu

2021-11-19 17:17:08 - [MESSAGE][PASSED] - Popup mesajı Devam etmek istiyor musunuz içeriyor mu

2021-11-19 17:17:08 - [TEST_STEP][PASSED] - Yönetim popupında Evet seçilir: Yönetim popupında Evet seçilir

2021-11-19 17:17:08 - [MESSAGE][PASSED] - Yönetim popupında Evet seçilir

2021-11-19 17:17:08 - [TEST_STEP][PASSED] - Popup mesajı oluşmuştur içeriyor mu: Popup mesajı oluşmuştur içeriyor mu

2021-11-19 17:17:08 - [MESSAGE][PASSED] - Popup mesajı oluşmuştur içeriyor mu

2021-11-19 17:17:08 - [TEST_STEP][PASSED] - Yönetim popupında Tamam seçilir: Yönetim popupında Tamam seçilir

2021-11-19 17:17:08 - [MESSAGE][PASSED] - Yönetim popupında Tamam seçilir

2021-11-19 17:17:08 - [TEST_STEP][PASSED] - Tablodan Ettn bilgisi kaydedilen veri seçilir: Tablodan Ettn bilgisi kaydedilen veri seçilir

2021-11-19 17:17:08 - [MESSAGE][PASSED] - Tablodan Ettn bilgisi kaydedilen veri seçilir

2021-11-19 17:17:08 - [TEST_STEP][PASSED] - Butonlardan Gönder isimli butona tıklanır: Butonlardan Gönder isimli butona tıklanır

2021-11-19 17:17:08 - [MESSAGE][PASSED] - Butonlardan Gönder isimli butona tıklanır

2021-11-19 17:17:08 - [TEST_STEP][PASSED] - Popup mesajı Devam etmek istiyor musunuz içeriyor mu: Popup mesajı Devam etmek istiyor musunuz içeriyor mu

2021-11-19 17:17:08 - [MESSAGE][PASSED] - Popup mesajı Devam etmek istiyor musunuz içeriyor mu

2021-11-19 17:17:08 - [TEST_STEP][PASSED] - Yönetim popupında Evet seçilir: Yönetim popupında Evet seçilir

2021-11-19 17:17:08 - [MESSAGE][PASSED] - Yönetim popupında Evet seçilir

2021-11-19 17:17:08 - [TEST_STEP][PASSED] - Ana menüden e-Arşiv seçilir: Ana menüden e-Arşiv seçilir

2021-11-19 17:17:08 - [MESSAGE][PASSED] - Ana menüden e-Arşiv seçilir

2021-11-19 17:17:08 - [TEST_STEP][PASSED] - Alt menü e-Arşiv Hareketleri başlığı altındaki e-Arşiv Faturaları seçilir: Alt menü e-Arşiv Hareketleri başlığı altındaki e-Arşiv Faturaları seçilir

2021-11-19 17:17:08 - [MESSAGE][PASSED] - Alt menü e-Arşiv Hareketleri başlığı altındaki e-Arşiv Faturaları seçilir

2021-11-19 17:17:08 - [TEST_STEP][PASSED] - Filtrelerden Ettn filtresine Ettn bilgisi yaz: Filtrelerden Ettn filtresine Ettn bilgisi yaz

2021-11-19 17:17:08 - [MESSAGE][PASSED] - Filtrelerden Ettn filtresine Ettn bilgisi yaz

2021-11-19 17:17:08 - [TEST_STEP][PASSED] - Filtre butonlarından Listele seçilir: Filtre butonlarından Listele seçilir

2021-11-19 17:17:08 - [MESSAGE][PASSED] - Filtre butonlarından Listele seçilir

2021-11-19 17:17:08 - [TEST_STEP][PASSED] - Tabloda veri var mı kontrol edilir: Tabloda veri var mı kontrol edilir

2021-11-19 17:17:08 - [MESSAGE][PASSED] - Tabloda veri var mı kontrol edilir

2021-11-19 17:17:08 - [TEST_STEP][PASSED] - Tabloda yeni oluşturulan eArsiv verisi başarılı mı: Tabloda yeni oluşturulan eArsiv verisi başarılı mı

2021-11-19 17:17:08 - [MESSAGE][PASSED] - Tabloda yeni oluşturulan eArsiv verisi başarılı mı

2021-11-19 17:17:08 - [TEST_STEP][PASSED] - Kullanıcı işlemlerinden Çıkış seçilir: Kullanıcı işlemlerinden Çıkış seçilir

2021-11-19 17:17:08 - [MESSAGE][PASSED] - Kullanıcı işlemlerinden Çıkış seçilir

2021-11-19 17:17:08 - [MESSAGE][PASSED] - Feature file: 'Include/features/Regresyon/e-Arsiv/VKN-Kagit-Ozel Matrah.feature' was passed

2021-11-19 17:17:08 - [TEST_STEP][PASSED] - Start listener action : sampleAfterTestSuite: Invoke 'com.kms.katalon.core.annotation.AfterTestCase' method: 'Listener.sampleAfterTestSuite(...)' completed.

2021-11-19 17:17:08 - [MESSAGE][INFO] - Starting invoke 'com.kms.katalon.core.annotation.AfterTestCase' method: 'Listener.sampleAfterTestSuite(...)'

2021-11-19 17:17:08 - [TEST_STEP][PASSED] - closeBrowser(): Invoke 'com.kms.katalon.core.annotation.AfterTestCase' method: 'Listener.sampleAfterTestSuite(...)' completed.

2021-11-19 17:17:08 - [MESSAGE][INFO] - Closing browser

2021-11-19 17:17:09 - [MESSAGE][PASSED] - Browser is closed

2021-11-19 17:17:09 - [MESSAGE][INFO] - Invoke 'com.kms.katalon.core.annotation.AfterTestCase' method: 'Listener.sampleAfterTestSuite(...)' completed.]]></system-out>
         <system-err><![CDATA[]]></system-err>
      </testcase>
      <testcase name="Test Cases/Case Repository/Regresyon/e-Arsiv/VKN-Kagit-Satis" time="115.4" classname="Test Cases/Case Repository/Regresyon/e-Arsiv/VKN-Kagit-Satis" status="PASSED">
         <system-out><![CDATA[2021-11-19 17:17:09 - [TEST_CASE][PASSED] - Test Cases/Case Repository/Regresyon/e-Arsiv/VKN-Kagit-Satis: Test Cases/Case Repository/Regresyon/e-Arsiv/VKN-Kagit-Satis

2021-11-19 17:17:09 - [TEST_STEP][PASSED] - Start listener action : sampleBeforeTestSuite: Invoke 'com.kms.katalon.core.annotation.BeforeTestCase' method: 'Listener.sampleBeforeTestSuite(...)' completed.

2021-11-19 17:17:09 - [MESSAGE][INFO] - Starting invoke 'com.kms.katalon.core.annotation.BeforeTestCase' method: 'Listener.sampleBeforeTestSuite(...)'

2021-11-19 17:17:09 - [TEST_STEP][PASSED] - openBrowser(baseUrl): Browser is opened with url: 'https://efatura-stage.elogo.com.tr/'

2021-11-19 17:17:09 - [MESSAGE][INFO] - Opening browser

2021-11-19 17:17:09 - [MESSAGE][INFO] - Starting 'Chrome' driver

2021-11-19 17:17:09 - [MESSAGE][INFO] - User set preference: ['prefs', '{download.default_directory=C:\otomasyondownfiles}']

2021-11-19 17:17:09 - [MESSAGE][INFO] - Action delay is set to 0 milliseconds

2021-11-19 17:17:10 - [MESSAGE][INFO] - Navigating browser to: 'https://efatura-stage.elogo.com.tr/'

2021-11-19 17:17:15 - [MESSAGE][PASSED] - Browser is opened with url: 'https://efatura-stage.elogo.com.tr/'

2021-11-19 17:17:15 - [TEST_STEP][PASSED] - maximizeWindow(): Invoke 'com.kms.katalon.core.annotation.BeforeTestCase' method: 'Listener.sampleBeforeTestSuite(...)' completed.

2021-11-19 17:17:15 - [MESSAGE][INFO] - Maximizing current window

2021-11-19 17:17:15 - [MESSAGE][PASSED] - Current window maximized

2021-11-19 17:17:15 - [MESSAGE][INFO] - Invoke 'com.kms.katalon.core.annotation.BeforeTestCase' method: 'Listener.sampleBeforeTestSuite(...)' completed.

2021-11-19 17:17:16 - [TEST_STEP][PASSED] - runFeatureFile("Include/features/Regresyon/e-Arsiv/VKN-Kagit-Satis.feature"): Feature file: 'Include/features/Regresyon/e-Arsiv/VKN-Kagit-Satis.feature' was passed

2021-11-19 17:17:16 - [MESSAGE][INFO] - Starting run keyword runFeatureFile: 'Include/features/Regresyon/e-Arsiv/VKN-Kagit-Satis.feature' and extract report to folder: 'C:\Users\DELL\Documents\GitHub\EES_KatalonLogo\Reports\20211119_164526\Suite Repository\Regresyon-eArsiv-eMakbuz\20211119_164600/cucumber_report/1637331436146'...

2021-11-19 17:17:16 - [MESSAGE][INFO] - Glue: []

2021-11-19 17:17:17 - [MESSAGE][INFO] - Checking called Test Case

2021-11-19 17:17:17 - [MESSAGE][INFO] - Starting to call Test Case 'Test Cases/Sayfalar/Giris_Sayfasi/Login'

2021-11-19 17:17:17 - [TEST_CASE][PASSED] - Test Cases/Sayfalar/Giris_Sayfasi/Login: Test Cases/Sayfalar/Giris_Sayfasi/Login

2021-11-19 17:17:17 - [TEST_STEP][PASSED] - Sayfa_Basligi = getWindowTitle(): Current window's title is: 'LOGO e-Fatura'

2021-11-19 17:17:17 - [MESSAGE][INFO] - Getting current window's title

2021-11-19 17:17:17 - [MESSAGE][PASSED] - Current window's title is: 'LOGO e-Fatura'

2021-11-19 17:17:17 - [TEST_STEP][PASSED] - verifyMatch(Sayfa_Basligi, "LOGO e-Fatura", false): Actual text 'LOGO e-Fatura' and expected text 'LOGO e-Fatura' are matched 

2021-11-19 17:17:17 - [MESSAGE][INFO] - Matching actual text 'LOGO e-Fatura' with expected text 'LOGO e-Fatura'

2021-11-19 17:17:17 - [MESSAGE][PASSED] - Actual text 'LOGO e-Fatura' and expected text 'LOGO e-Fatura' are matched 

2021-11-19 17:17:17 - [TEST_STEP][PASSED] - sendKeys(findTestObject("Sayfalar/Giris_Sayfasi/Firma_Kodu"), KullaniciAdi): Keys 'EARSATIS' sent to object: 'Object Repository/Sayfalar/Giris_Sayfasi/Firma_Kodu'

2021-11-19 17:17:17 - [MESSAGE][INFO] - Finding Test Object 'Object Repository/Sayfalar/Giris_Sayfasi/Firma_Kodu'

2021-11-19 17:17:17 - [MESSAGE][INFO] - Sending keys 'EARSATIS' to object: 'Object Repository/Sayfalar/Giris_Sayfasi/Firma_Kodu'

2021-11-19 17:17:17 - [MESSAGE][INFO] - Finding web element from Test Object's properties

2021-11-19 17:17:17 - [MESSAGE][INFO] - Checking timeout

2021-11-19 17:17:17 - [MESSAGE][INFO] - Finding web element with id: 'Object Repository/Sayfalar/Giris_Sayfasi/Firma_Kodu' located by 'By.xpath: //*[@id = 'AccountName']' in '30' second(s)

2021-11-19 17:17:17 - [MESSAGE][INFO] - Smart Wait Function is triggered

2021-11-19 17:17:18 - [MESSAGE][INFO] - Found 1 web elements with id: 'Object Repository/Sayfalar/Giris_Sayfasi/Firma_Kodu' located by 'By.xpath: //*[@id = 'AccountName']' in '30' second(s)

2021-11-19 17:17:18 - [MESSAGE][PASSED] - Keys 'EARSATIS' sent to object: 'Object Repository/Sayfalar/Giris_Sayfasi/Firma_Kodu'

2021-11-19 17:17:18 - [TEST_STEP][PASSED] - sendKeys(findTestObject("Sayfalar/Giris_Sayfasi/Sifre"), Sifre): Keys 'test1234' sent to object: 'Object Repository/Sayfalar/Giris_Sayfasi/Sifre'

2021-11-19 17:17:18 - [MESSAGE][INFO] - Finding Test Object 'Object Repository/Sayfalar/Giris_Sayfasi/Sifre'

2021-11-19 17:17:18 - [MESSAGE][INFO] - Sending keys 'test1234' to object: 'Object Repository/Sayfalar/Giris_Sayfasi/Sifre'

2021-11-19 17:17:18 - [MESSAGE][INFO] - Finding web element from Test Object's properties

2021-11-19 17:17:18 - [MESSAGE][INFO] - Checking timeout

2021-11-19 17:17:18 - [MESSAGE][INFO] - Finding web element with id: 'Object Repository/Sayfalar/Giris_Sayfasi/Sifre' located by 'By.xpath: //*[@id = 'Password']' in '30' second(s)

2021-11-19 17:17:18 - [MESSAGE][INFO] - Smart Wait Function is triggered

2021-11-19 17:17:18 - [MESSAGE][INFO] - Found 1 web elements with id: 'Object Repository/Sayfalar/Giris_Sayfasi/Sifre' located by 'By.xpath: //*[@id = 'Password']' in '30' second(s)

2021-11-19 17:17:18 - [MESSAGE][PASSED] - Keys 'test1234' sent to object: 'Object Repository/Sayfalar/Giris_Sayfasi/Sifre'

2021-11-19 17:17:18 - [TEST_STEP][PASSED] - findWebElement(findTestObject("Sayfalar/Giris_Sayfasi/Giris_Butonu")).click(): Found 1 web elements with id: 'Object Repository/Sayfalar/Giris_Sayfasi/Giris_Butonu' located by 'By.cssSelector: #btnLogin' in '30' second(s)

2021-11-19 17:17:18 - [MESSAGE][INFO] - Finding Test Object 'Object Repository/Sayfalar/Giris_Sayfasi/Giris_Butonu'

2021-11-19 17:17:18 - [MESSAGE][INFO] - Finding web element from Test Object's properties

2021-11-19 17:17:18 - [MESSAGE][INFO] - Checking timeout

2021-11-19 17:17:18 - [MESSAGE][INFO] - Finding web element with id: 'Object Repository/Sayfalar/Giris_Sayfasi/Giris_Butonu' located by 'By.cssSelector: #btnLogin' in '30' second(s)

2021-11-19 17:17:18 - [MESSAGE][INFO] - Smart Wait Function is triggered

2021-11-19 17:17:19 - [MESSAGE][INFO] - Found 1 web elements with id: 'Object Repository/Sayfalar/Giris_Sayfasi/Giris_Butonu' located by 'By.cssSelector: #btnLogin' in '30' second(s)

2021-11-19 17:17:20 - [TEST_STEP][PASSED] - if (verifyElementPresent(findTestObject("Object Repository/Sayfalar/Giris_Sayfasi/RetveTamam_Butonu"), 5, OPTIONAL)): null

2021-11-19 17:17:20 - [MESSAGE][INFO] - Finding Test Object 'Object Repository/Sayfalar/Giris_Sayfasi/RetveTamam_Butonu'

2021-11-19 17:17:20 - [MESSAGE][INFO] - Checking object

2021-11-19 17:17:20 - [MESSAGE][INFO] - Finding web element from Test Object's properties

2021-11-19 17:17:20 - [MESSAGE][INFO] - Checking timeout

2021-11-19 17:17:20 - [MESSAGE][INFO] - Finding web element with id: 'Object Repository/Sayfalar/Giris_Sayfasi/RetveTamam_Butonu' located by 'By.xpath: //*[@class = 'btn btn-default']' in '5' second(s)

2021-11-19 17:17:20 - [MESSAGE][INFO] - Smart Wait Function is triggered

2021-11-19 17:17:21 - [MESSAGE][INFO] - Found 1 web elements with id: 'Object Repository/Sayfalar/Giris_Sayfasi/RetveTamam_Butonu' located by 'By.xpath: //*[@class = 'btn btn-default']' in '5' second(s)

2021-11-19 17:17:21 - [MESSAGE][PASSED] - Object 'Object Repository/Sayfalar/Giris_Sayfasi/RetveTamam_Butonu' is present

2021-11-19 17:17:21 - [TEST_STEP][PASSED] - click(findTestObject("Object Repository/Sayfalar/Giris_Sayfasi/RetveTamam_Butonu")): Object: 'Object Repository/Sayfalar/Giris_Sayfasi/RetveTamam_Butonu' is clicked on

2021-11-19 17:17:21 - [MESSAGE][INFO] - Finding Test Object 'Object Repository/Sayfalar/Giris_Sayfasi/RetveTamam_Butonu'

2021-11-19 17:17:21 - [MESSAGE][INFO] - Checking object

2021-11-19 17:17:21 - [MESSAGE][INFO] - Finding web element from Test Object's properties

2021-11-19 17:17:21 - [MESSAGE][INFO] - Checking timeout

2021-11-19 17:17:21 - [MESSAGE][INFO] - Finding web element with id: 'Object Repository/Sayfalar/Giris_Sayfasi/RetveTamam_Butonu' located by 'By.xpath: //*[@class = 'btn btn-default']' in '30' second(s)

2021-11-19 17:17:21 - [MESSAGE][INFO] - Smart Wait Function is triggered

2021-11-19 17:17:21 - [MESSAGE][INFO] - Found 1 web elements with id: 'Object Repository/Sayfalar/Giris_Sayfasi/RetveTamam_Butonu' located by 'By.xpath: //*[@class = 'btn btn-default']' in '30' second(s)

2021-11-19 17:17:21 - [MESSAGE][INFO] - Clicking on object: 'Object Repository/Sayfalar/Giris_Sayfasi/RetveTamam_Butonu'

2021-11-19 17:17:21 - [MESSAGE][PASSED] - Object: 'Object Repository/Sayfalar/Giris_Sayfasi/RetveTamam_Butonu' is clicked on

2021-11-19 17:17:21 - [TEST_STEP][PASSED] - click(findTestObject("Object Repository/Sayfalar/Giris_Sayfasi/RetveTamam_Butonu")): Object: 'Object Repository/Sayfalar/Giris_Sayfasi/RetveTamam_Butonu' is clicked on

2021-11-19 17:17:21 - [MESSAGE][INFO] - Finding Test Object 'Object Repository/Sayfalar/Giris_Sayfasi/RetveTamam_Butonu'

2021-11-19 17:17:21 - [MESSAGE][INFO] - Checking object

2021-11-19 17:17:21 - [MESSAGE][INFO] - Finding web element from Test Object's properties

2021-11-19 17:17:21 - [MESSAGE][INFO] - Checking timeout

2021-11-19 17:17:21 - [MESSAGE][INFO] - Finding web element with id: 'Object Repository/Sayfalar/Giris_Sayfasi/RetveTamam_Butonu' located by 'By.xpath: //*[@class = 'btn btn-default']' in '30' second(s)

2021-11-19 17:17:21 - [MESSAGE][INFO] - Smart Wait Function is triggered

2021-11-19 17:17:25 - [MESSAGE][INFO] - Found 1 web elements with id: 'Object Repository/Sayfalar/Giris_Sayfasi/RetveTamam_Butonu' located by 'By.xpath: //*[@class = 'btn btn-default']' in '30' second(s)

2021-11-19 17:17:25 - [MESSAGE][INFO] - Clicking on object: 'Object Repository/Sayfalar/Giris_Sayfasi/RetveTamam_Butonu'

2021-11-19 17:17:25 - [MESSAGE][PASSED] - Object: 'Object Repository/Sayfalar/Giris_Sayfasi/RetveTamam_Butonu' is clicked on

2021-11-19 17:17:25 - [TEST_STEP][PASSED] - if (verifyElementPresent(findTestObject("Sayfalar/Giris_Sayfasi/PopupOK"), 5, OPTIONAL)): com.kms.katalon.core.webui.exception.WebElementNotFoundException: Web element with id: 'Object Repository/Sayfalar/Giris_Sayfasi/PopupOK' located by '.btn.btn-success' not found (Root cause: com.kms.katalon.core.exception.StepFailedException: com.kms.katalon.core.webui.exception.WebElementNotFoundException: Web element with id: 'Object Repository/Sayfalar/Giris_Sayfasi/PopupOK' located by '.btn.btn-success' not found
	at com.kms.katalon.core.webui.keyword.internal.WebUIKeywordMain.stepFailed(WebUIKeywordMain.groovy:64)
	at com.kms.katalon.core.webui.keyword.builtin.VerifyElementPresentKeyword$_verifyElementPresent_closure1.doCall(VerifyElementPresentKeyword.groovy:85)
	at com.kms.katalon.core.webui.keyword.builtin.VerifyElementPresentKeyword$_verifyElementPresent_closure1.call(VerifyElementPresentKeyword.groovy)
	at com.kms.katalon.core.webui.keyword.internal.WebUIKeywordMain.runKeyword(WebUIKeywordMain.groovy:20)
	at com.kms.katalon.core.webui.keyword.builtin.VerifyElementPresentKeyword.verifyElementPresent(VerifyElementPresentKeyword.groovy:92)
	at com.kms.katalon.core.webui.keyword.builtin.VerifyElementPresentKeyword.execute(VerifyElementPresentKeyword.groovy:68)
	at com.kms.katalon.core.keyword.internal.KeywordExecutor.executeKeywordForPlatform(KeywordExecutor.groovy:73)
	at com.kms.katalon.core.webui.keyword.WebUiBuiltInKeywords.verifyElementPresent(WebUiBuiltInKeywords.groovy:1448)
	at com.kms.katalon.core.webui.keyword.WebUiBuiltInKeywords$verifyElementPresent$4.call(Unknown Source)
	at Login.run(Login:40)
	at com.kms.katalon.core.main.ScriptEngine.run(ScriptEngine.java:194)
	at com.kms.katalon.core.main.ScriptEngine.runScriptAsRawText(ScriptEngine.java:119)
	at com.kms.katalon.core.main.TestCaseExecutor.runScript(TestCaseExecutor.java:369)
	at com.kms.katalon.core.main.TestCaseExecutor.doExecute(TestCaseExecutor.java:360)
	at com.kms.katalon.core.main.TestCaseExecutor.processExecutionPhase(TestCaseExecutor.java:339)
	at com.kms.katalon.core.main.TestCaseExecutor.accessMainPhase(TestCaseExecutor.java:331)
	at com.kms.katalon.core.main.TestCaseExecutor.execute(TestCaseExecutor.java:248)
	at com.kms.katalon.core.main.TestCaseMain.runTestCase(TestCaseMain.java:138)
	at com.kms.katalon.core.keyword.builtin.CallTestCaseKeyword$_callTestCase_closure1.doCall(CallTestCaseKeyword.groovy:59)
	at com.kms.katalon.core.keyword.builtin.CallTestCaseKeyword$_callTestCase_closure1.call(CallTestCaseKeyword.groovy)
	at com.kms.katalon.core.keyword.internal.KeywordMain.runKeyword(KeywordMain.groovy:68)
	at com.kms.katalon.core.keyword.builtin.CallTestCaseKeyword.callTestCase(CallTestCaseKeyword.groovy:81)
	at com.kms.katalon.core.keyword.builtin.CallTestCaseKeyword.execute(CallTestCaseKeyword.groovy:44)
	at com.kms.katalon.core.keyword.internal.KeywordExecutor.executeKeywordForPlatform(KeywordExecutor.groovy:73)
	at com.kms.katalon.core.keyword.BuiltinKeywords.callTestCase(BuiltinKeywords.groovy:334)
	at sayfalar.girisSayfasi.login(girisSayfasi.groovy:50)
	at cucumber.runtime.Utils$1.call(Utils.java:26)
	at cucumber.runtime.Timeout.timeout(Timeout.java:16)
	at cucumber.runtime.Utils.invoke(Utils.java:20)
	at cucumber.runtime.java.JavaStepDefinition.execute(JavaStepDefinition.java:49)
	at cucumber.runner.PickleStepDefinitionMatch.runStep(PickleStepDefinitionMatch.java:50)
	at cucumber.runner.TestStep.executeStep(TestStep.java:63)
	at cucumber.runner.TestStep.run(TestStep.java:49)
	at cucumber.runner.PickleStepTestStep.run(PickleStepTestStep.java:43)
	at cucumber.runner.TestCase.run(TestCase.java:44)
	at cucumber.runner.Runner.runPickle(Runner.java:40)
	at cucumber.runtime.Runtime$1.run(Runtime.java:84)
	at cucumber.runtime.Runtime$SameThreadExecutorService.execute(Runtime.java:220)
	at cucumber.runtime.Runtime.run(Runtime.java:81)
	at cucumber.api.cli.Main.run(Main.java:26)
	at cucumber.api.cli.Main$run.call(Unknown Source)
	at com.kms.katalon.core.cucumber.keyword.CucumberBuiltinKeywords$_runFeatureFile_closure1.doCall(CucumberBuiltinKeywords.groovy:106)
	at com.kms.katalon.core.cucumber.keyword.CucumberBuiltinKeywords$_runFeatureFile_closure1.doCall(CucumberBuiltinKeywords.groovy)
	at com.kms.katalon.core.keyword.internal.KeywordMain.runKeyword(KeywordMain.groovy:68)
	at com.kms.katalon.core.keyword.internal.KeywordMain$runKeyword.call(Unknown Source)
	at com.kms.katalon.core.cucumber.keyword.CucumberBuiltinKeywords.runFeatureFile(CucumberBuiltinKeywords.groovy:73)
	at com.kms.katalon.core.cucumber.keyword.CucumberBuiltinKeywords$runFeatureFile$0.callStatic(Unknown Source)
	at com.kms.katalon.core.cucumber.keyword.CucumberBuiltinKeywords.runFeatureFile(CucumberBuiltinKeywords.groovy:246)
	at com.kms.katalon.core.cucumber.keyword.CucumberBuiltinKeywords$runFeatureFile.call(Unknown Source)
	at VKN-Kagit-Satis.run(VKN-Kagit-Satis:19)
	at com.kms.katalon.core.main.ScriptEngine.run(ScriptEngine.java:194)
	at com.kms.katalon.core.main.ScriptEngine.runScriptAsRawText(ScriptEngine.java:119)
	at com.kms.katalon.core.main.TestCaseExecutor.runScript(TestCaseExecutor.java:369)
	at com.kms.katalon.core.main.TestCaseExecutor.doExecute(TestCaseExecutor.java:360)
	at com.kms.katalon.core.main.TestCaseExecutor.processExecutionPhase(TestCaseExecutor.java:339)
	at com.kms.katalon.core.main.TestCaseExecutor.accessMainPhase(TestCaseExecutor.java:331)
	at com.kms.katalon.core.main.TestCaseExecutor.execute(TestCaseExecutor.java:248)
	at com.kms.katalon.core.main.TestSuiteExecutor.accessTestCaseMainPhase(TestSuiteExecutor.java:191)
	at com.kms.katalon.core.main.TestSuiteExecutor.accessTestSuiteMainPhase(TestSuiteExecutor.java:140)
	at com.kms.katalon.core.main.TestSuiteExecutor.execute(TestSuiteExecutor.java:89)
	at com.kms.katalon.core.main.TestCaseMain.startTestSuite(TestCaseMain.java:181)
	at com.kms.katalon.core.main.TestCaseMain$startTestSuite$0.call(Unknown Source)
	at TempTestSuite1637329560940.run(TempTestSuite1637329560940.groovy:39)
)

2021-11-19 17:17:25 - [MESSAGE][INFO] - Finding Test Object 'Object Repository/Sayfalar/Giris_Sayfasi/PopupOK'

2021-11-19 17:17:25 - [MESSAGE][INFO] - Checking object

2021-11-19 17:17:25 - [MESSAGE][INFO] - Finding web element from Test Object's properties

2021-11-19 17:17:25 - [MESSAGE][INFO] - Checking timeout

2021-11-19 17:17:25 - [MESSAGE][INFO] - Finding web element with id: 'Object Repository/Sayfalar/Giris_Sayfasi/PopupOK' located by 'By.cssSelector: .btn.btn-success' in '5' second(s)

2021-11-19 17:17:25 - [MESSAGE][INFO] - Smart Wait Function is triggered

2021-11-19 17:17:26 - [MESSAGE][INFO] - Smart Wait Function is triggered

2021-11-19 17:17:26 - [MESSAGE][INFO] - Smart Wait Function is triggered

2021-11-19 17:17:27 - [MESSAGE][INFO] - Smart Wait Function is triggered

2021-11-19 17:17:27 - [MESSAGE][INFO] - Smart Wait Function is triggered

2021-11-19 17:17:27 - [MESSAGE][INFO] - Smart Wait Function is triggered

2021-11-19 17:17:27 - [MESSAGE][INFO] - Smart Wait Function is triggered

2021-11-19 17:17:28 - [MESSAGE][INFO] - Smart Wait Function is triggered

2021-11-19 17:17:28 - [MESSAGE][INFO] - Smart Wait Function is triggered

2021-11-19 17:17:28 - [MESSAGE][INFO] - Smart Wait Function is triggered

2021-11-19 17:17:29 - [MESSAGE][INFO] - Smart Wait Function is triggered

2021-11-19 17:17:29 - [MESSAGE][INFO] - Smart Wait Function is triggered

2021-11-19 17:17:29 - [MESSAGE][INFO] - Smart Wait Function is triggered

2021-11-19 17:17:29 - [MESSAGE][INFO] - Smart Wait Function is triggered

2021-11-19 17:17:30 - [MESSAGE][INFO] - Smart Wait Function is triggered

2021-11-19 17:17:30 - [MESSAGE][INFO] - Smart Wait Function is triggered

2021-11-19 17:17:30 - [MESSAGE][INFO] - Smart Wait Function is triggered

2021-11-19 17:17:30 - [MESSAGE][INFO] - Smart Wait Function is triggered

2021-11-19 17:17:31 - [MESSAGE][INFO] - Smart Wait Function is triggered

2021-11-19 17:17:31 - [MESSAGE][INFO] - Smart Wait Function is triggered

2021-11-19 17:17:31 - [MESSAGE][INFO] - Smart Wait Function is triggered

2021-11-19 17:17:31 - [MESSAGE][INFO] - Unable to find the element located by 'By.cssSelector: .btn.btn-success'. Please recheck the objects properties to make sure the desired element is located. 

2021-11-19 17:17:31 - [MESSAGE][WARNING] - com.kms.katalon.core.webui.exception.WebElementNotFoundException: Web element with id: 'Object Repository/Sayfalar/Giris_Sayfasi/PopupOK' located by '.btn.btn-success' not found (Root cause: com.kms.katalon.core.exception.StepFailedException: com.kms.katalon.core.webui.exception.WebElementNotFoundException: Web element with id: 'Object Repository/Sayfalar/Giris_Sayfasi/PopupOK' located by '.btn.btn-success' not found
	at com.kms.katalon.core.webui.keyword.internal.WebUIKeywordMain.stepFailed(WebUIKeywordMain.groovy:64)
	at com.kms.katalon.core.webui.keyword.builtin.VerifyElementPresentKeyword$_verifyElementPresent_closure1.doCall(VerifyElementPresentKeyword.groovy:85)
	at com.kms.katalon.core.webui.keyword.builtin.VerifyElementPresentKeyword$_verifyElementPresent_closure1.call(VerifyElementPresentKeyword.groovy)
	at com.kms.katalon.core.webui.keyword.internal.WebUIKeywordMain.runKeyword(WebUIKeywordMain.groovy:20)
	at com.kms.katalon.core.webui.keyword.builtin.VerifyElementPresentKeyword.verifyElementPresent(VerifyElementPresentKeyword.groovy:92)
	at com.kms.katalon.core.webui.keyword.builtin.VerifyElementPresentKeyword.execute(VerifyElementPresentKeyword.groovy:68)
	at com.kms.katalon.core.keyword.internal.KeywordExecutor.executeKeywordForPlatform(KeywordExecutor.groovy:73)
	at com.kms.katalon.core.webui.keyword.WebUiBuiltInKeywords.verifyElementPresent(WebUiBuiltInKeywords.groovy:1448)
	at com.kms.katalon.core.webui.keyword.WebUiBuiltInKeywords$verifyElementPresent$4.call(Unknown Source)
	at Login.run(Login:40)
	at com.kms.katalon.core.main.ScriptEngine.run(ScriptEngine.java:194)
	at com.kms.katalon.core.main.ScriptEngine.runScriptAsRawText(ScriptEngine.java:119)
	at com.kms.katalon.core.main.TestCaseExecutor.runScript(TestCaseExecutor.java:369)
	at com.kms.katalon.core.main.TestCaseExecutor.doExecute(TestCaseExecutor.java:360)
	at com.kms.katalon.core.main.TestCaseExecutor.processExecutionPhase(TestCaseExecutor.java:339)
	at com.kms.katalon.core.main.TestCaseExecutor.accessMainPhase(TestCaseExecutor.java:331)
	at com.kms.katalon.core.main.TestCaseExecutor.execute(TestCaseExecutor.java:248)
	at com.kms.katalon.core.main.TestCaseMain.runTestCase(TestCaseMain.java:138)
	at com.kms.katalon.core.keyword.builtin.CallTestCaseKeyword$_callTestCase_closure1.doCall(CallTestCaseKeyword.groovy:59)
	at com.kms.katalon.core.keyword.builtin.CallTestCaseKeyword$_callTestCase_closure1.call(CallTestCaseKeyword.groovy)
	at com.kms.katalon.core.keyword.internal.KeywordMain.runKeyword(KeywordMain.groovy:68)
	at com.kms.katalon.core.keyword.builtin.CallTestCaseKeyword.callTestCase(CallTestCaseKeyword.groovy:81)
	at com.kms.katalon.core.keyword.builtin.CallTestCaseKeyword.execute(CallTestCaseKeyword.groovy:44)
	at com.kms.katalon.core.keyword.internal.KeywordExecutor.executeKeywordForPlatform(KeywordExecutor.groovy:73)
	at com.kms.katalon.core.keyword.BuiltinKeywords.callTestCase(BuiltinKeywords.groovy:334)
	at sayfalar.girisSayfasi.login(girisSayfasi.groovy:50)
	at cucumber.runtime.Utils$1.call(Utils.java:26)
	at cucumber.runtime.Timeout.timeout(Timeout.java:16)
	at cucumber.runtime.Utils.invoke(Utils.java:20)
	at cucumber.runtime.java.JavaStepDefinition.execute(JavaStepDefinition.java:49)
	at cucumber.runner.PickleStepDefinitionMatch.runStep(PickleStepDefinitionMatch.java:50)
	at cucumber.runner.TestStep.executeStep(TestStep.java:63)
	at cucumber.runner.TestStep.run(TestStep.java:49)
	at cucumber.runner.PickleStepTestStep.run(PickleStepTestStep.java:43)
	at cucumber.runner.TestCase.run(TestCase.java:44)
	at cucumber.runner.Runner.runPickle(Runner.java:40)
	at cucumber.runtime.Runtime$1.run(Runtime.java:84)
	at cucumber.runtime.Runtime$SameThreadExecutorService.execute(Runtime.java:220)
	at cucumber.runtime.Runtime.run(Runtime.java:81)
	at cucumber.api.cli.Main.run(Main.java:26)
	at cucumber.api.cli.Main$run.call(Unknown Source)
	at com.kms.katalon.core.cucumber.keyword.CucumberBuiltinKeywords$_runFeatureFile_closure1.doCall(CucumberBuiltinKeywords.groovy:106)
	at com.kms.katalon.core.cucumber.keyword.CucumberBuiltinKeywords$_runFeatureFile_closure1.doCall(CucumberBuiltinKeywords.groovy)
	at com.kms.katalon.core.keyword.internal.KeywordMain.runKeyword(KeywordMain.groovy:68)
	at com.kms.katalon.core.keyword.internal.KeywordMain$runKeyword.call(Unknown Source)
	at com.kms.katalon.core.cucumber.keyword.CucumberBuiltinKeywords.runFeatureFile(CucumberBuiltinKeywords.groovy:73)
	at com.kms.katalon.core.cucumber.keyword.CucumberBuiltinKeywords$runFeatureFile$0.callStatic(Unknown Source)
	at com.kms.katalon.core.cucumber.keyword.CucumberBuiltinKeywords.runFeatureFile(CucumberBuiltinKeywords.groovy:246)
	at com.kms.katalon.core.cucumber.keyword.CucumberBuiltinKeywords$runFeatureFile.call(Unknown Source)
	at VKN-Kagit-Satis.run(VKN-Kagit-Satis:19)
	at com.kms.katalon.core.main.ScriptEngine.run(ScriptEngine.java:194)
	at com.kms.katalon.core.main.ScriptEngine.runScriptAsRawText(ScriptEngine.java:119)
	at com.kms.katalon.core.main.TestCaseExecutor.runScript(TestCaseExecutor.java:369)
	at com.kms.katalon.core.main.TestCaseExecutor.doExecute(TestCaseExecutor.java:360)
	at com.kms.katalon.core.main.TestCaseExecutor.processExecutionPhase(TestCaseExecutor.java:339)
	at com.kms.katalon.core.main.TestCaseExecutor.accessMainPhase(TestCaseExecutor.java:331)
	at com.kms.katalon.core.main.TestCaseExecutor.execute(TestCaseExecutor.java:248)
	at com.kms.katalon.core.main.TestSuiteExecutor.accessTestCaseMainPhase(TestSuiteExecutor.java:191)
	at com.kms.katalon.core.main.TestSuiteExecutor.accessTestSuiteMainPhase(TestSuiteExecutor.java:140)
	at com.kms.katalon.core.main.TestSuiteExecutor.execute(TestSuiteExecutor.java:89)
	at com.kms.katalon.core.main.TestCaseMain.startTestSuite(TestCaseMain.java:181)
	at com.kms.katalon.core.main.TestCaseMain$startTestSuite$0.call(Unknown Source)
	at TempTestSuite1637329560940.run(TempTestSuite1637329560940.groovy:39)
)

2021-11-19 17:17:31 - [TEST_STEP][PASSED] - verifyElementVisible(findTestObject("Object Repository/Kullanici_Islemleri/KullaniciIslemleri")): Object 'Object Repository/Kullanici_Islemleri/KullaniciIslemleri' is visible

2021-11-19 17:17:31 - [MESSAGE][INFO] - Finding Test Object 'Object Repository/Kullanici_Islemleri/KullaniciIslemleri'

2021-11-19 17:17:32 - [MESSAGE][INFO] - Checking object

2021-11-19 17:17:32 - [MESSAGE][INFO] - Finding web element from Test Object's properties

2021-11-19 17:17:32 - [MESSAGE][INFO] - Checking timeout

2021-11-19 17:17:32 - [MESSAGE][INFO] - Finding web element with id: 'Object Repository/Kullanici_Islemleri/KullaniciIslemleri' located by 'By.cssSelector: .dropdown>a>img' in '30' second(s)

2021-11-19 17:17:32 - [MESSAGE][INFO] - Smart Wait Function is triggered

2021-11-19 17:17:32 - [MESSAGE][INFO] - Found 1 web elements with id: 'Object Repository/Kullanici_Islemleri/KullaniciIslemleri' located by 'By.cssSelector: .dropdown>a>img' in '30' second(s)

2021-11-19 17:17:32 - [MESSAGE][PASSED] - Object 'Object Repository/Kullanici_Islemleri/KullaniciIslemleri' is visible

2021-11-19 17:17:32 - [MESSAGE][PASSED] - Call Test Case 'Test Cases/Sayfalar/Giris_Sayfasi/Login' successfully

2021-11-19 17:17:32 - [MESSAGE][INFO] - Checking called Test Case

2021-11-19 17:17:32 - [MESSAGE][INFO] - Starting to call Test Case 'Test Cases/Menu/AnaMenuSecimi'

2021-11-19 17:17:32 - [TEST_CASE][PASSED] - Test Cases/Menu/AnaMenuSecimi: Test Cases/Menu/AnaMenuSecimi

2021-11-19 17:17:32 - [TEST_STEP][PASSED] - Method.TextDegerineEsitElementeTikla(findTestObject("Menu/Ana_Menu"), Ana_Menu): Method.TextDegerineEsitElementeTikla is PASSED

2021-11-19 17:17:32 - [MESSAGE][INFO] - Finding Test Object 'Object Repository/Menu/Ana_Menu'

2021-11-19 17:17:32 - [MESSAGE][INFO] - Checking timeout

2021-11-19 17:17:32 - [MESSAGE][INFO] - Finding web element with id: 'Object Repository/Menu/Ana_Menu' located by 'By.xpath: //*[@class = 'dropdown-toggle']' in '10' second(s)

2021-11-19 17:17:32 - [MESSAGE][INFO] - Smart Wait Function is triggered

2021-11-19 17:17:32 - [MESSAGE][INFO] - Found 13 web elements with id: 'Object Repository/Menu/Ana_Menu' located by 'By.xpath: //*[@class = 'dropdown-toggle']' in '10' second(s)

2021-11-19 17:17:32 - [MESSAGE][PASSED] - Method.TextDegerineEsitElementeTikla is PASSED

2021-11-19 17:17:32 - [MESSAGE][PASSED] - Call Test Case 'Test Cases/Menu/AnaMenuSecimi' successfully

2021-11-19 17:17:32 - [MESSAGE][INFO] - Checking called Test Case

2021-11-19 17:17:32 - [MESSAGE][INFO] - Starting to call Test Case 'Test Cases/Menu/BasligaGoreAltMenuSecimi'

2021-11-19 17:17:32 - [TEST_CASE][PASSED] - Test Cases/Menu/BasligaGoreAltMenuSecimi: Test Cases/Menu/BasligaGoreAltMenuSecimi

2021-11-19 17:17:33 - [TEST_STEP][PASSED] - Method.TextDegerineEsitElementinAltindakiTextDegerineEsitOlanaTikla(findTestObject("Menu/Menu_Basligi"), findTestObject("Menu/Basliga_Gore_Alt_Menu"), Baslik, Alt_Menu): Method.TextDegerineEsitElementinAltindakiTextDegerineEsitOlanaTikla is PASSED

2021-11-19 17:17:33 - [MESSAGE][INFO] - Finding Test Object 'Object Repository/Menu/Menu_Basligi'

2021-11-19 17:17:33 - [MESSAGE][INFO] - Finding Test Object 'Object Repository/Menu/Basliga_Gore_Alt_Menu'

2021-11-19 17:17:33 - [MESSAGE][INFO] - Checking timeout

2021-11-19 17:17:33 - [MESSAGE][INFO] - Finding web element with id: 'Object Repository/Menu/Menu_Basligi' located by 'By.xpath: //li[@class='dropdown dropdown-large open']//li[@class='dropdown-header']' in '10' second(s)

2021-11-19 17:17:33 - [MESSAGE][INFO] - Smart Wait Function is triggered

2021-11-19 17:17:33 - [MESSAGE][INFO] - Found 2 web elements with id: 'Object Repository/Menu/Menu_Basligi' located by 'By.xpath: //li[@class='dropdown dropdown-large open']//li[@class='dropdown-header']' in '10' second(s)

2021-11-19 17:17:33 - [MESSAGE][INFO] - Smart Wait Function is triggered

2021-11-19 17:17:35 - [MESSAGE][PASSED] - Method.TextDegerineEsitElementinAltindakiTextDegerineEsitOlanaTikla is PASSED

2021-11-19 17:17:35 - [MESSAGE][PASSED] - Call Test Case 'Test Cases/Menu/BasligaGoreAltMenuSecimi' successfully

2021-11-19 17:17:35 - [MESSAGE][INFO] - Checking called Test Case

2021-11-19 17:17:35 - [MESSAGE][INFO] - Starting to call Test Case 'Test Cases/Tablo/Olusturma Tarihi'

2021-11-19 17:17:35 - [TEST_CASE][PASSED] - Test Cases/Tablo/Olusturma Tarihi: Test Cases/Tablo/Olusturma Tarihi

2021-11-19 17:17:35 - [TEST_STEP][PASSED] - if (verifyTextNotPresent("Görüntülenecek veri yok", true, OPTIONAL)): null

2021-11-19 17:17:35 - [MESSAGE][INFO] - Checking text present  using regular expression

2021-11-19 17:17:35 - [MESSAGE][INFO] - Smart Wait Function is triggered

2021-11-19 17:17:36 - [MESSAGE][INFO] - Finding text 'Görüntülenecek veri yok' on page  using regular expression

2021-11-19 17:17:36 - [MESSAGE][PASSED] - Text 'Görüntülenecek veri yok' is not present on page using regular expression

2021-11-19 17:17:36 - [TEST_STEP][PASSED] - click(findTestObject("Temizle/Olusturma_Tarihi_CheckBox")): Object: 'Object Repository/Temizle/Olusturma_Tarihi_CheckBox' is clicked on

2021-11-19 17:17:36 - [MESSAGE][INFO] - Finding Test Object 'Object Repository/Temizle/Olusturma_Tarihi_CheckBox'

2021-11-19 17:17:36 - [MESSAGE][INFO] - Checking object

2021-11-19 17:17:36 - [MESSAGE][INFO] - Finding web element from Test Object's properties

2021-11-19 17:17:36 - [MESSAGE][INFO] - Checking timeout

2021-11-19 17:17:36 - [MESSAGE][INFO] - Finding web element with id: 'Object Repository/Temizle/Olusturma_Tarihi_CheckBox' located by 'By.xpath: //*[@title = 'Bu sayfadaki tüm satırları Seç']' in '30' second(s)

2021-11-19 17:17:36 - [MESSAGE][INFO] - Smart Wait Function is triggered

2021-11-19 17:17:36 - [MESSAGE][INFO] - Found 1 web elements with id: 'Object Repository/Temizle/Olusturma_Tarihi_CheckBox' located by 'By.xpath: //*[@title = 'Bu sayfadaki tüm satırları Seç']' in '30' second(s)

2021-11-19 17:17:36 - [MESSAGE][INFO] - Clicking on object: 'Object Repository/Temizle/Olusturma_Tarihi_CheckBox'

2021-11-19 17:17:36 - [MESSAGE][PASSED] - Object: 'Object Repository/Temizle/Olusturma_Tarihi_CheckBox' is clicked on

2021-11-19 17:17:36 - [TEST_STEP][PASSED] - Method.TextDegerineEsitElementeTiklaEquals(findTestObject("Butonlar/Butonlar"), "Sil"): Method.TextDegerineEsitElementeTiklaEquals is PASSED

2021-11-19 17:17:36 - [MESSAGE][INFO] - Finding Test Object 'Object Repository/Butonlar/Butonlar'

2021-11-19 17:17:36 - [MESSAGE][INFO] - Checking timeout

2021-11-19 17:17:36 - [MESSAGE][INFO] - Finding web element with id: 'Object Repository/Butonlar/Butonlar' located by 'By.cssSelector: .panel.panel-default.text-center.footerPanel .btn,.btn.btn-primary.btnControls' in '10' second(s)

2021-11-19 17:17:36 - [MESSAGE][INFO] - Smart Wait Function is triggered

2021-11-19 17:17:36 - [MESSAGE][INFO] - Found 9 web elements with id: 'Object Repository/Butonlar/Butonlar' located by 'By.cssSelector: .panel.panel-default.text-center.footerPanel .btn,.btn.btn-primary.btnControls' in '10' second(s)

2021-11-19 17:17:37 - [MESSAGE][PASSED] - Method.TextDegerineEsitElementeTiklaEquals is PASSED

2021-11-19 17:17:37 - [TEST_STEP][PASSED] - Method.TextDegerineEsitElementeTikla(findTestObject("Popup/Popup_Butons"), "Evet"): Method.TextDegerineEsitElementeTikla is PASSED

2021-11-19 17:17:37 - [MESSAGE][INFO] - Finding Test Object 'Object Repository/Popup/Popup_Butons'

2021-11-19 17:17:37 - [MESSAGE][INFO] - Checking timeout

2021-11-19 17:17:37 - [MESSAGE][INFO] - Finding web element with id: 'Object Repository/Popup/Popup_Butons' located by 'By.cssSelector: .modal-footer>button' in '10' second(s)

2021-11-19 17:17:37 - [MESSAGE][INFO] - Smart Wait Function is triggered

2021-11-19 17:17:38 - [MESSAGE][INFO] - Found 2 web elements with id: 'Object Repository/Popup/Popup_Butons' located by 'By.cssSelector: .modal-footer>button' in '10' second(s)

2021-11-19 17:17:38 - [MESSAGE][PASSED] - Method.TextDegerineEsitElementeTikla is PASSED

2021-11-19 17:17:38 - [TEST_STEP][PASSED] - Method.TextDegerineEsitElementeTikla(findTestObject("Popup/Popup_Butons"), "Tamam"): Method.TextDegerineEsitElementeTikla is PASSED

2021-11-19 17:17:38 - [MESSAGE][INFO] - Finding Test Object 'Object Repository/Popup/Popup_Butons'

2021-11-19 17:17:38 - [MESSAGE][INFO] - Checking timeout

2021-11-19 17:17:38 - [MESSAGE][INFO] - Finding web element with id: 'Object Repository/Popup/Popup_Butons' located by 'By.cssSelector: .modal-footer>button' in '10' second(s)

2021-11-19 17:17:38 - [MESSAGE][INFO] - Smart Wait Function is triggered

2021-11-19 17:17:39 - [MESSAGE][INFO] - Found 1 web elements with id: 'Object Repository/Popup/Popup_Butons' located by 'By.cssSelector: .modal-footer>button' in '10' second(s)

2021-11-19 17:17:39 - [MESSAGE][PASSED] - Method.TextDegerineEsitElementeTikla is PASSED

2021-11-19 17:17:39 - [MESSAGE][PASSED] - Call Test Case 'Test Cases/Tablo/Olusturma Tarihi' successfully

2021-11-19 17:17:39 - [MESSAGE][INFO] - Checking called Test Case

2021-11-19 17:17:39 - [MESSAGE][INFO] - Starting to call Test Case 'Test Cases/Butonlar/ButonaTikla'

2021-11-19 17:17:39 - [TEST_CASE][PASSED] - Test Cases/Butonlar/ButonaTikla: Test Cases/Butonlar/ButonaTikla

2021-11-19 17:17:39 - [TEST_STEP][PASSED] - Method.TextDegerineEsitElementeTiklaEquals(findTestObject("Butonlar/Butonlar"), Buton_Adi): Method.TextDegerineEsitElementeTiklaEquals is PASSED

2021-11-19 17:17:39 - [MESSAGE][INFO] - Finding Test Object 'Object Repository/Butonlar/Butonlar'

2021-11-19 17:17:39 - [MESSAGE][INFO] - Checking timeout

2021-11-19 17:17:39 - [MESSAGE][INFO] - Finding web element with id: 'Object Repository/Butonlar/Butonlar' located by 'By.cssSelector: .panel.panel-default.text-center.footerPanel .btn,.btn.btn-primary.btnControls' in '10' second(s)

2021-11-19 17:17:39 - [MESSAGE][INFO] - Smart Wait Function is triggered

2021-11-19 17:17:40 - [MESSAGE][INFO] - Found 9 web elements with id: 'Object Repository/Butonlar/Butonlar' located by 'By.cssSelector: .panel.panel-default.text-center.footerPanel .btn,.btn.btn-primary.btnControls' in '10' second(s)

2021-11-19 17:17:40 - [MESSAGE][PASSED] - Method.TextDegerineEsitElementeTiklaEquals is PASSED

2021-11-19 17:17:40 - [MESSAGE][PASSED] - Call Test Case 'Test Cases/Butonlar/ButonaTikla' successfully

2021-11-19 17:17:40 - [MESSAGE][INFO] - Checking called Test Case

2021-11-19 17:17:40 - [MESSAGE][INFO] - Starting to call Test Case 'Test Cases/Olusturma/Genel/GorselTasarimSayfasıBasligiIceriyorMu'

2021-11-19 17:17:40 - [TEST_CASE][PASSED] - Test Cases/Olusturma/Genel/GorselTasarimSayfasıBasligiIceriyorMu: Test Cases/Olusturma/Genel/GorselTasarimSayfasıBasligiIceriyorMu

2021-11-19 17:17:40 - [TEST_STEP][PASSED] - verifyElementText(findTestObject("Object Repository/Olusturma/Genel/GorselTasarimBaslik"), Baslik): Actual text and expected text of test object 'Object Repository/Olusturma/Genel/GorselTasarimBaslik' are matched.

2021-11-19 17:17:40 - [MESSAGE][INFO] - Finding Test Object 'Object Repository/Olusturma/Genel/GorselTasarimBaslik'

2021-11-19 17:17:40 - [MESSAGE][INFO] - Checking object

2021-11-19 17:17:40 - [MESSAGE][INFO] - Finding web element from Test Object's properties

2021-11-19 17:17:40 - [MESSAGE][INFO] - Checking timeout

2021-11-19 17:17:40 - [MESSAGE][INFO] - Finding web element with id: 'Object Repository/Olusturma/Genel/GorselTasarimBaslik' located by 'By.cssSelector: #flAlici_0>div>span' in '30' second(s)

2021-11-19 17:17:40 - [MESSAGE][INFO] - Smart Wait Function is triggered

2021-11-19 17:17:47 - [MESSAGE][INFO] - Found 1 web elements with id: 'Object Repository/Olusturma/Genel/GorselTasarimBaslik' located by 'By.cssSelector: #flAlici_0>div>span' in '30' second(s)

2021-11-19 17:17:47 - [MESSAGE][PASSED] - Actual text and expected text of test object 'Object Repository/Olusturma/Genel/GorselTasarimBaslik' are matched.

2021-11-19 17:17:47 - [MESSAGE][PASSED] - Call Test Case 'Test Cases/Olusturma/Genel/GorselTasarimSayfasıBasligiIceriyorMu' successfully

2021-11-19 17:17:47 - [MESSAGE][INFO] - Checking called Test Case

2021-11-19 17:17:47 - [MESSAGE][INFO] - Starting to call Test Case 'Test Cases/Olusturma/Genel/AliciSecilir'

2021-11-19 17:17:47 - [TEST_CASE][PASSED] - Test Cases/Olusturma/Genel/AliciSecilir: Test Cases/Olusturma/Genel/AliciSecilir

2021-11-19 17:17:47 - [TEST_STEP][PASSED] - click(findTestObject("Olusturma/Genel/AliciBilgisi/Alici_Ara")): Object: 'Object Repository/Olusturma/Genel/AliciBilgisi/Alici_Ara' is clicked on

2021-11-19 17:17:47 - [MESSAGE][INFO] - Finding Test Object 'Object Repository/Olusturma/Genel/AliciBilgisi/Alici_Ara'

2021-11-19 17:17:47 - [MESSAGE][INFO] - Checking object

2021-11-19 17:17:47 - [MESSAGE][INFO] - Finding web element from Test Object's properties

2021-11-19 17:17:47 - [MESSAGE][INFO] - Checking timeout

2021-11-19 17:17:47 - [MESSAGE][INFO] - Finding web element with id: 'Object Repository/Olusturma/Genel/AliciBilgisi/Alici_Ara' located by 'By.xpath: //td[@id='txtCustomerText_B-1']' in '30' second(s)

2021-11-19 17:17:47 - [MESSAGE][INFO] - Smart Wait Function is triggered

2021-11-19 17:17:47 - [MESSAGE][INFO] - Found 1 web elements with id: 'Object Repository/Olusturma/Genel/AliciBilgisi/Alici_Ara' located by 'By.xpath: //td[@id='txtCustomerText_B-1']' in '30' second(s)

2021-11-19 17:17:47 - [MESSAGE][INFO] - Clicking on object: 'Object Repository/Olusturma/Genel/AliciBilgisi/Alici_Ara'

2021-11-19 17:17:47 - [MESSAGE][PASSED] - Object: 'Object Repository/Olusturma/Genel/AliciBilgisi/Alici_Ara' is clicked on

2021-11-19 17:17:47 - [TEST_STEP][PASSED] - click(findTestObject("Olusturma/Genel/AliciBilgisi/Alici_Bilgisi")): Object: 'Object Repository/Olusturma/Genel/AliciBilgisi/Alici_Bilgisi' is clicked on

2021-11-19 17:17:47 - [MESSAGE][INFO] - Finding Test Object 'Object Repository/Olusturma/Genel/AliciBilgisi/Alici_Bilgisi'

2021-11-19 17:17:47 - [MESSAGE][INFO] - Checking object

2021-11-19 17:17:47 - [MESSAGE][INFO] - Finding web element from Test Object's properties

2021-11-19 17:17:47 - [MESSAGE][INFO] - Checking timeout

2021-11-19 17:17:47 - [MESSAGE][INFO] - Finding web element with id: 'Object Repository/Olusturma/Genel/AliciBilgisi/Alici_Bilgisi' located by 'By.xpath: //iframe[@id='customerselectiframe']' in '30' second(s)

2021-11-19 17:17:47 - [MESSAGE][INFO] - Smart Wait Function is triggered

2021-11-19 17:17:48 - [MESSAGE][INFO] - Found 1 web elements with id: 'Object Repository/Olusturma/Genel/AliciBilgisi/Alici_Bilgisi' located by 'By.xpath: //iframe[@id='customerselectiframe']' in '30' second(s)

2021-11-19 17:17:48 - [MESSAGE][INFO] - Clicking on object: 'Object Repository/Olusturma/Genel/AliciBilgisi/Alici_Bilgisi'

2021-11-19 17:17:48 - [MESSAGE][PASSED] - Object: 'Object Repository/Olusturma/Genel/AliciBilgisi/Alici_Bilgisi' is clicked on

2021-11-19 17:17:48 - [TEST_STEP][PASSED] - setText(findTestObject("Olusturma/Genel/AliciBilgisi/Alici_Gir"), Alici_Adi): Switching to default content

2021-11-19 17:17:48 - [MESSAGE][INFO] - Finding Test Object 'Object Repository/Olusturma/Genel/AliciBilgisi/Alici_Gir'

2021-11-19 17:17:48 - [MESSAGE][INFO] - Finding Test Object 'Object Repository/Olusturma/Genel/AliciBilgisi/Alici_Bilgisi'

2021-11-19 17:17:48 - [MESSAGE][INFO] - Checking object

2021-11-19 17:17:48 - [MESSAGE][INFO] - Checking text

2021-11-19 17:17:48 - [MESSAGE][INFO] - Object: 'Object Repository/Olusturma/Genel/AliciBilgisi/Alici_Gir' has parent object(s)

2021-11-19 17:17:48 - [MESSAGE][INFO] - Switching to iframe: 'Object Repository/Olusturma/Genel/AliciBilgisi/Alici_Bilgisi'

2021-11-19 17:17:48 - [MESSAGE][INFO] - Finding web element from Test Object's properties

2021-11-19 17:17:48 - [MESSAGE][INFO] - Checking timeout

2021-11-19 17:17:48 - [MESSAGE][INFO] - Finding web element with id: 'Object Repository/Olusturma/Genel/AliciBilgisi/Alici_Bilgisi' located by 'By.xpath: //iframe[@id='customerselectiframe']' in '30' second(s)

2021-11-19 17:17:48 - [MESSAGE][INFO] - Smart Wait Function is triggered

2021-11-19 17:17:48 - [MESSAGE][INFO] - Found 1 web elements with id: 'Object Repository/Olusturma/Genel/AliciBilgisi/Alici_Bilgisi' located by 'By.xpath: //iframe[@id='customerselectiframe']' in '30' second(s)

2021-11-19 17:17:48 - [MESSAGE][INFO] - Switched to iframe: 'Object Repository/Olusturma/Genel/AliciBilgisi/Alici_Bilgisi'

2021-11-19 17:17:48 - [MESSAGE][INFO] - Finding web element from Test Object's properties

2021-11-19 17:17:48 - [MESSAGE][INFO] - Checking timeout

2021-11-19 17:17:48 - [MESSAGE][INFO] - Finding web element with id: 'Object Repository/Olusturma/Genel/AliciBilgisi/Alici_Gir' located by 'By.xpath: //input[@id='GridViewCustomer_DXFREditorcol1_I']' in '30' second(s)

2021-11-19 17:17:48 - [MESSAGE][INFO] - Smart Wait Function is triggered

2021-11-19 17:17:48 - [MESSAGE][INFO] - Found 1 web elements with id: 'Object Repository/Olusturma/Genel/AliciBilgisi/Alici_Gir' located by 'By.xpath: //input[@id='GridViewCustomer_DXFREditorcol1_I']' in '30' second(s)

2021-11-19 17:17:48 - [MESSAGE][INFO] - Clearing text of object 'Object Repository/Olusturma/Genel/AliciBilgisi/Alici_Gir'

2021-11-19 17:17:48 - [MESSAGE][INFO] - Finding web element from Test Object's properties

2021-11-19 17:17:48 - [MESSAGE][INFO] - Checking timeout

2021-11-19 17:17:48 - [MESSAGE][INFO] - Finding web element with id: 'Object Repository/Olusturma/Genel/AliciBilgisi/Alici_Gir' located by 'By.xpath: //input[@id='GridViewCustomer_DXFREditorcol1_I']' in '30' second(s)

2021-11-19 17:17:48 - [MESSAGE][INFO] - Smart Wait Function is triggered

2021-11-19 17:17:48 - [MESSAGE][INFO] - Found 1 web elements with id: 'Object Repository/Olusturma/Genel/AliciBilgisi/Alici_Gir' located by 'By.xpath: //input[@id='GridViewCustomer_DXFREditorcol1_I']' in '30' second(s)

2021-11-19 17:17:48 - [MESSAGE][INFO] - Setting text of object 'Object Repository/Olusturma/Genel/AliciBilgisi/Alici_Gir' to value 'UC0015'

2021-11-19 17:17:48 - [MESSAGE][PASSED] - Text 'UC0015' is set on object 'Object Repository/Olusturma/Genel/AliciBilgisi/Alici_Gir'

2021-11-19 17:17:48 - [MESSAGE][INFO] - Switching to default content

2021-11-19 17:17:48 - [TEST_STEP][PASSED] - waitForElementClickable(findTestObject("Olusturma/Genel/AliciBilgisi/Alici_Adi"), 10): Switching to default content

2021-11-19 17:17:48 - [MESSAGE][INFO] - Finding Test Object 'Object Repository/Olusturma/Genel/AliciBilgisi/Alici_Adi'

2021-11-19 17:17:49 - [MESSAGE][INFO] - Finding Test Object 'Object Repository/Olusturma/Genel/AliciBilgisi/iframe_Alc Bilgisi_customerselectiframe'

2021-11-19 17:17:49 - [MESSAGE][INFO] - Checking object

2021-11-19 17:17:49 - [MESSAGE][INFO] - Checking timeout

2021-11-19 17:17:49 - [MESSAGE][INFO] - Object: 'Object Repository/Olusturma/Genel/AliciBilgisi/Alici_Adi' has parent object(s)

2021-11-19 17:17:49 - [MESSAGE][INFO] - Switching to iframe: 'Object Repository/Olusturma/Genel/AliciBilgisi/iframe_Alc Bilgisi_customerselectiframe'

2021-11-19 17:17:49 - [MESSAGE][INFO] - Finding web element from Test Object's properties

2021-11-19 17:17:49 - [MESSAGE][INFO] - Checking timeout

2021-11-19 17:17:49 - [MESSAGE][INFO] - Finding web element with id: 'Object Repository/Olusturma/Genel/AliciBilgisi/iframe_Alc Bilgisi_customerselectiframe' located by 'By.xpath: //iframe[@id='customerselectiframe']' in '10' second(s)

2021-11-19 17:17:49 - [MESSAGE][INFO] - Smart Wait Function is triggered

2021-11-19 17:17:49 - [MESSAGE][INFO] - Found 1 web elements with id: 'Object Repository/Olusturma/Genel/AliciBilgisi/iframe_Alc Bilgisi_customerselectiframe' located by 'By.xpath: //iframe[@id='customerselectiframe']' in '10' second(s)

2021-11-19 17:17:49 - [MESSAGE][INFO] - Switched to iframe: 'Object Repository/Olusturma/Genel/AliciBilgisi/iframe_Alc Bilgisi_customerselectiframe'

2021-11-19 17:17:49 - [MESSAGE][INFO] - Finding web element from Test Object's properties

2021-11-19 17:17:49 - [MESSAGE][INFO] - Checking timeout

2021-11-19 17:17:49 - [MESSAGE][INFO] - Finding web element with id: 'Object Repository/Olusturma/Genel/AliciBilgisi/Alici_Adi' located by 'By.xpath: //tr[@id='GridViewCustomer_DXDataRow0']/td[2]' in '10' second(s)

2021-11-19 17:17:49 - [MESSAGE][INFO] - Smart Wait Function is triggered

2021-11-19 17:17:49 - [MESSAGE][INFO] - Found 1 web elements with id: 'Object Repository/Olusturma/Genel/AliciBilgisi/Alici_Adi' located by 'By.xpath: //tr[@id='GridViewCustomer_DXDataRow0']/td[2]' in '10' second(s)

2021-11-19 17:17:49 - [MESSAGE][PASSED] - Object 'Object Repository/Olusturma/Genel/AliciBilgisi/Alici_Adi' is clickable

2021-11-19 17:17:49 - [MESSAGE][INFO] - Switching to default content

2021-11-19 17:17:49 - [TEST_STEP][PASSED] - click(findTestObject("Olusturma/Genel/AliciBilgisi/frame")): Switching to default content

2021-11-19 17:17:49 - [MESSAGE][INFO] - Finding Test Object 'Object Repository/Olusturma/Genel/AliciBilgisi/frame'

2021-11-19 17:17:49 - [MESSAGE][INFO] - Finding Test Object 'Object Repository/Olusturma/Genel/AliciBilgisi/iframe_Alc Bilgisi_customerselectiframe'

2021-11-19 17:17:49 - [MESSAGE][INFO] - Checking object

2021-11-19 17:17:49 - [MESSAGE][INFO] - Object: 'Object Repository/Olusturma/Genel/AliciBilgisi/frame' has parent object(s)

2021-11-19 17:17:49 - [MESSAGE][INFO] - Switching to iframe: 'Object Repository/Olusturma/Genel/AliciBilgisi/iframe_Alc Bilgisi_customerselectiframe'

2021-11-19 17:17:49 - [MESSAGE][INFO] - Finding web element from Test Object's properties

2021-11-19 17:17:49 - [MESSAGE][INFO] - Checking timeout

2021-11-19 17:17:49 - [MESSAGE][INFO] - Finding web element with id: 'Object Repository/Olusturma/Genel/AliciBilgisi/iframe_Alc Bilgisi_customerselectiframe' located by 'By.xpath: //iframe[@id='customerselectiframe']' in '30' second(s)

2021-11-19 17:17:49 - [MESSAGE][INFO] - Smart Wait Function is triggered

2021-11-19 17:17:50 - [MESSAGE][INFO] - Found 1 web elements with id: 'Object Repository/Olusturma/Genel/AliciBilgisi/iframe_Alc Bilgisi_customerselectiframe' located by 'By.xpath: //iframe[@id='customerselectiframe']' in '30' second(s)

2021-11-19 17:17:50 - [MESSAGE][INFO] - Switched to iframe: 'Object Repository/Olusturma/Genel/AliciBilgisi/iframe_Alc Bilgisi_customerselectiframe'

2021-11-19 17:17:50 - [MESSAGE][INFO] - Finding web element from Test Object's properties

2021-11-19 17:17:50 - [MESSAGE][INFO] - Checking timeout

2021-11-19 17:17:50 - [MESSAGE][INFO] - Finding web element with id: 'Object Repository/Olusturma/Genel/AliciBilgisi/frame' located by 'By.xpath: //*/text()[normalize-space(.)='']/parent::*' in '30' second(s)

2021-11-19 17:17:50 - [MESSAGE][INFO] - Smart Wait Function is triggered

2021-11-19 17:17:50 - [MESSAGE][INFO] - Found 66 web elements with id: 'Object Repository/Olusturma/Genel/AliciBilgisi/frame' located by 'By.xpath: //*/text()[normalize-space(.)='']/parent::*' in '30' second(s)

2021-11-19 17:17:50 - [MESSAGE][INFO] - Clicking on object: 'Object Repository/Olusturma/Genel/AliciBilgisi/frame'

2021-11-19 17:17:50 - [MESSAGE][PASSED] - Object: 'Object Repository/Olusturma/Genel/AliciBilgisi/frame' is clicked on

2021-11-19 17:17:50 - [MESSAGE][INFO] - Switching to default content

2021-11-19 17:17:50 - [TEST_STEP][PASSED] - click(findTestObject("Olusturma/Genel/AliciBilgisi/Alici_Adi")): Switching to default content

2021-11-19 17:17:50 - [MESSAGE][INFO] - Finding Test Object 'Object Repository/Olusturma/Genel/AliciBilgisi/Alici_Adi'

2021-11-19 17:17:50 - [MESSAGE][INFO] - Finding Test Object 'Object Repository/Olusturma/Genel/AliciBilgisi/iframe_Alc Bilgisi_customerselectiframe'

2021-11-19 17:17:50 - [MESSAGE][INFO] - Checking object

2021-11-19 17:17:50 - [MESSAGE][INFO] - Object: 'Object Repository/Olusturma/Genel/AliciBilgisi/Alici_Adi' has parent object(s)

2021-11-19 17:17:50 - [MESSAGE][INFO] - Switching to iframe: 'Object Repository/Olusturma/Genel/AliciBilgisi/iframe_Alc Bilgisi_customerselectiframe'

2021-11-19 17:17:50 - [MESSAGE][INFO] - Finding web element from Test Object's properties

2021-11-19 17:17:50 - [MESSAGE][INFO] - Checking timeout

2021-11-19 17:17:50 - [MESSAGE][INFO] - Finding web element with id: 'Object Repository/Olusturma/Genel/AliciBilgisi/iframe_Alc Bilgisi_customerselectiframe' located by 'By.xpath: //iframe[@id='customerselectiframe']' in '30' second(s)

2021-11-19 17:17:50 - [MESSAGE][INFO] - Smart Wait Function is triggered

2021-11-19 17:17:50 - [MESSAGE][INFO] - Found 1 web elements with id: 'Object Repository/Olusturma/Genel/AliciBilgisi/iframe_Alc Bilgisi_customerselectiframe' located by 'By.xpath: //iframe[@id='customerselectiframe']' in '30' second(s)

2021-11-19 17:17:50 - [MESSAGE][INFO] - Switched to iframe: 'Object Repository/Olusturma/Genel/AliciBilgisi/iframe_Alc Bilgisi_customerselectiframe'

2021-11-19 17:17:50 - [MESSAGE][INFO] - Finding web element from Test Object's properties

2021-11-19 17:17:50 - [MESSAGE][INFO] - Checking timeout

2021-11-19 17:17:50 - [MESSAGE][INFO] - Finding web element with id: 'Object Repository/Olusturma/Genel/AliciBilgisi/Alici_Adi' located by 'By.xpath: //tr[@id='GridViewCustomer_DXDataRow0']/td[2]' in '30' second(s)

2021-11-19 17:17:50 - [MESSAGE][INFO] - Smart Wait Function is triggered

2021-11-19 17:17:50 - [MESSAGE][INFO] - Found 1 web elements with id: 'Object Repository/Olusturma/Genel/AliciBilgisi/Alici_Adi' located by 'By.xpath: //tr[@id='GridViewCustomer_DXDataRow0']/td[2]' in '30' second(s)

2021-11-19 17:17:50 - [MESSAGE][INFO] - Clicking on object: 'Object Repository/Olusturma/Genel/AliciBilgisi/Alici_Adi'

2021-11-19 17:17:50 - [MESSAGE][PASSED] - Object: 'Object Repository/Olusturma/Genel/AliciBilgisi/Alici_Adi' is clicked on

2021-11-19 17:17:50 - [MESSAGE][INFO] - Switching to default content

2021-11-19 17:17:51 - [TEST_STEP][PASSED] - click(findTestObject("Olusturma/Genel/AliciBilgisi/Tamam_Bosluk")): Switching to default content

2021-11-19 17:17:51 - [MESSAGE][INFO] - Finding Test Object 'Object Repository/Olusturma/Genel/AliciBilgisi/Tamam_Bosluk'

2021-11-19 17:17:51 - [MESSAGE][INFO] - Finding Test Object 'Object Repository/Olusturma/Genel/AliciBilgisi/Alici_Bilgisi'

2021-11-19 17:17:51 - [MESSAGE][INFO] - Checking object

2021-11-19 17:17:51 - [MESSAGE][INFO] - Object: 'Object Repository/Olusturma/Genel/AliciBilgisi/Tamam_Bosluk' has parent object(s)

2021-11-19 17:17:51 - [MESSAGE][INFO] - Switching to iframe: 'Object Repository/Olusturma/Genel/AliciBilgisi/Alici_Bilgisi'

2021-11-19 17:17:51 - [MESSAGE][INFO] - Finding web element from Test Object's properties

2021-11-19 17:17:51 - [MESSAGE][INFO] - Checking timeout

2021-11-19 17:17:51 - [MESSAGE][INFO] - Finding web element with id: 'Object Repository/Olusturma/Genel/AliciBilgisi/Alici_Bilgisi' located by 'By.xpath: //iframe[@id='customerselectiframe']' in '30' second(s)

2021-11-19 17:17:51 - [MESSAGE][INFO] - Smart Wait Function is triggered

2021-11-19 17:17:51 - [MESSAGE][INFO] - Found 1 web elements with id: 'Object Repository/Olusturma/Genel/AliciBilgisi/Alici_Bilgisi' located by 'By.xpath: //iframe[@id='customerselectiframe']' in '30' second(s)

2021-11-19 17:17:51 - [MESSAGE][INFO] - Switched to iframe: 'Object Repository/Olusturma/Genel/AliciBilgisi/Alici_Bilgisi'

2021-11-19 17:17:51 - [MESSAGE][INFO] - Finding web element from Test Object's properties

2021-11-19 17:17:51 - [MESSAGE][INFO] - Checking timeout

2021-11-19 17:17:51 - [MESSAGE][INFO] - Finding web element with id: 'Object Repository/Olusturma/Genel/AliciBilgisi/Tamam_Bosluk' located by 'By.xpath: (.//*[normalize-space(text()) and normalize-space(.)='Sayfa Boyutu:'])[1]/following::div[7]' in '30' second(s)

2021-11-19 17:17:51 - [MESSAGE][INFO] - Smart Wait Function is triggered

2021-11-19 17:17:51 - [MESSAGE][INFO] - Found 1 web elements with id: 'Object Repository/Olusturma/Genel/AliciBilgisi/Tamam_Bosluk' located by 'By.xpath: (.//*[normalize-space(text()) and normalize-space(.)='Sayfa Boyutu:'])[1]/following::div[7]' in '30' second(s)

2021-11-19 17:17:51 - [MESSAGE][INFO] - Clicking on object: 'Object Repository/Olusturma/Genel/AliciBilgisi/Tamam_Bosluk'

2021-11-19 17:17:51 - [MESSAGE][PASSED] - Object: 'Object Repository/Olusturma/Genel/AliciBilgisi/Tamam_Bosluk' is clicked on

2021-11-19 17:17:51 - [MESSAGE][INFO] - Switching to default content

2021-11-19 17:17:51 - [TEST_STEP][PASSED] - waitForElementClickable(findTestObject("Olusturma/Genel/AliciBilgisi/Tamam_Butonu"), 10): Switching to default content

2021-11-19 17:17:51 - [MESSAGE][INFO] - Finding Test Object 'Object Repository/Olusturma/Genel/AliciBilgisi/Tamam_Butonu'

2021-11-19 17:17:51 - [MESSAGE][INFO] - Finding Test Object 'Object Repository/Olusturma/Genel/AliciBilgisi/Alici_Bilgisi'

2021-11-19 17:17:52 - [MESSAGE][INFO] - Checking object

2021-11-19 17:17:52 - [MESSAGE][INFO] - Checking timeout

2021-11-19 17:17:52 - [MESSAGE][INFO] - Object: 'Object Repository/Olusturma/Genel/AliciBilgisi/Tamam_Butonu' has parent object(s)

2021-11-19 17:17:52 - [MESSAGE][INFO] - Switching to iframe: 'Object Repository/Olusturma/Genel/AliciBilgisi/Alici_Bilgisi'

2021-11-19 17:17:52 - [MESSAGE][INFO] - Finding web element from Test Object's properties

2021-11-19 17:17:52 - [MESSAGE][INFO] - Checking timeout

2021-11-19 17:17:52 - [MESSAGE][INFO] - Finding web element with id: 'Object Repository/Olusturma/Genel/AliciBilgisi/Alici_Bilgisi' located by 'By.xpath: //iframe[@id='customerselectiframe']' in '10' second(s)

2021-11-19 17:17:52 - [MESSAGE][INFO] - Smart Wait Function is triggered

2021-11-19 17:17:52 - [MESSAGE][INFO] - Found 1 web elements with id: 'Object Repository/Olusturma/Genel/AliciBilgisi/Alici_Bilgisi' located by 'By.xpath: //iframe[@id='customerselectiframe']' in '10' second(s)

2021-11-19 17:17:52 - [MESSAGE][INFO] - Switched to iframe: 'Object Repository/Olusturma/Genel/AliciBilgisi/Alici_Bilgisi'

2021-11-19 17:17:52 - [MESSAGE][INFO] - Finding web element from Test Object's properties

2021-11-19 17:17:52 - [MESSAGE][INFO] - Checking timeout

2021-11-19 17:17:52 - [MESSAGE][INFO] - Finding web element with id: 'Object Repository/Olusturma/Genel/AliciBilgisi/Tamam_Butonu' located by 'By.xpath: //div[@id='btnSelectCustomer_CD']/span' in '10' second(s)

2021-11-19 17:17:52 - [MESSAGE][INFO] - Smart Wait Function is triggered

2021-11-19 17:17:52 - [MESSAGE][INFO] - Found 1 web elements with id: 'Object Repository/Olusturma/Genel/AliciBilgisi/Tamam_Butonu' located by 'By.xpath: //div[@id='btnSelectCustomer_CD']/span' in '10' second(s)

2021-11-19 17:17:52 - [MESSAGE][PASSED] - Object 'Object Repository/Olusturma/Genel/AliciBilgisi/Tamam_Butonu' is clickable

2021-11-19 17:17:52 - [MESSAGE][INFO] - Switching to default content

2021-11-19 17:17:52 - [TEST_STEP][PASSED] - click(findTestObject("Olusturma/Genel/AliciBilgisi/Tamam_Butonu")): Switching to default content

2021-11-19 17:17:52 - [MESSAGE][INFO] - Finding Test Object 'Object Repository/Olusturma/Genel/AliciBilgisi/Tamam_Butonu'

2021-11-19 17:17:52 - [MESSAGE][INFO] - Finding Test Object 'Object Repository/Olusturma/Genel/AliciBilgisi/Alici_Bilgisi'

2021-11-19 17:17:52 - [MESSAGE][INFO] - Checking object

2021-11-19 17:17:52 - [MESSAGE][INFO] - Object: 'Object Repository/Olusturma/Genel/AliciBilgisi/Tamam_Butonu' has parent object(s)

2021-11-19 17:17:52 - [MESSAGE][INFO] - Switching to iframe: 'Object Repository/Olusturma/Genel/AliciBilgisi/Alici_Bilgisi'

2021-11-19 17:17:52 - [MESSAGE][INFO] - Finding web element from Test Object's properties

2021-11-19 17:17:52 - [MESSAGE][INFO] - Checking timeout

2021-11-19 17:17:52 - [MESSAGE][INFO] - Finding web element with id: 'Object Repository/Olusturma/Genel/AliciBilgisi/Alici_Bilgisi' located by 'By.xpath: //iframe[@id='customerselectiframe']' in '30' second(s)

2021-11-19 17:17:52 - [MESSAGE][INFO] - Smart Wait Function is triggered

2021-11-19 17:17:53 - [MESSAGE][INFO] - Found 1 web elements with id: 'Object Repository/Olusturma/Genel/AliciBilgisi/Alici_Bilgisi' located by 'By.xpath: //iframe[@id='customerselectiframe']' in '30' second(s)

2021-11-19 17:17:53 - [MESSAGE][INFO] - Switched to iframe: 'Object Repository/Olusturma/Genel/AliciBilgisi/Alici_Bilgisi'

2021-11-19 17:17:53 - [MESSAGE][INFO] - Finding web element from Test Object's properties

2021-11-19 17:17:53 - [MESSAGE][INFO] - Checking timeout

2021-11-19 17:17:53 - [MESSAGE][INFO] - Finding web element with id: 'Object Repository/Olusturma/Genel/AliciBilgisi/Tamam_Butonu' located by 'By.xpath: //div[@id='btnSelectCustomer_CD']/span' in '30' second(s)

2021-11-19 17:17:53 - [MESSAGE][INFO] - Smart Wait Function is triggered

2021-11-19 17:17:53 - [MESSAGE][INFO] - Found 1 web elements with id: 'Object Repository/Olusturma/Genel/AliciBilgisi/Tamam_Butonu' located by 'By.xpath: //div[@id='btnSelectCustomer_CD']/span' in '30' second(s)

2021-11-19 17:17:53 - [MESSAGE][INFO] - Clicking on object: 'Object Repository/Olusturma/Genel/AliciBilgisi/Tamam_Butonu'

2021-11-19 17:17:53 - [MESSAGE][PASSED] - Object: 'Object Repository/Olusturma/Genel/AliciBilgisi/Tamam_Butonu' is clicked on

2021-11-19 17:17:53 - [MESSAGE][INFO] - Switching to default content

2021-11-19 17:17:53 - [TEST_STEP][PASSED] - waitForElementPresent(findTestObject("Olusturma/Genel/AliciBilgisi/VKN-TCKN"), 10): Object 'Object Repository/Olusturma/Genel/AliciBilgisi/VKN-TCKN' is present

2021-11-19 17:17:53 - [MESSAGE][INFO] - Finding Test Object 'Object Repository/Olusturma/Genel/AliciBilgisi/VKN-TCKN'

2021-11-19 17:17:53 - [MESSAGE][INFO] - Checking object

2021-11-19 17:17:53 - [MESSAGE][INFO] - Finding web element from Test Object's properties

2021-11-19 17:17:53 - [MESSAGE][INFO] - Checking timeout

2021-11-19 17:17:53 - [MESSAGE][INFO] - Finding web element with id: 'Object Repository/Olusturma/Genel/AliciBilgisi/VKN-TCKN' located by 'By.xpath: //*[@id = 'txtVknTckn_I']' in '10' second(s)

2021-11-19 17:17:53 - [MESSAGE][INFO] - Smart Wait Function is triggered

2021-11-19 17:17:53 - [MESSAGE][INFO] - Found 1 web elements with id: 'Object Repository/Olusturma/Genel/AliciBilgisi/VKN-TCKN' located by 'By.xpath: //*[@id = 'txtVknTckn_I']' in '10' second(s)

2021-11-19 17:17:53 - [MESSAGE][PASSED] - Object 'Object Repository/Olusturma/Genel/AliciBilgisi/VKN-TCKN' is present

2021-11-19 17:17:53 - [TEST_STEP][PASSED] - text = getAttribute(findTestObject("Olusturma/Genel/AliciBilgisi/VKN-TCKN"), "value"): Attribute 'value' of object 'Object Repository/Olusturma/Genel/AliciBilgisi/VKN-TCKN' is: '5329805376'

2021-11-19 17:17:53 - [MESSAGE][INFO] - Finding Test Object 'Object Repository/Olusturma/Genel/AliciBilgisi/VKN-TCKN'

2021-11-19 17:17:53 - [MESSAGE][INFO] - Checking object

2021-11-19 17:17:53 - [MESSAGE][INFO] - Checking attribute

2021-11-19 17:17:53 - [MESSAGE][INFO] - Finding web element from Test Object's properties

2021-11-19 17:17:53 - [MESSAGE][INFO] - Checking timeout

2021-11-19 17:17:53 - [MESSAGE][INFO] - Finding web element with id: 'Object Repository/Olusturma/Genel/AliciBilgisi/VKN-TCKN' located by 'By.xpath: //*[@id = 'txtVknTckn_I']' in '30' second(s)

2021-11-19 17:17:53 - [MESSAGE][INFO] - Smart Wait Function is triggered

2021-11-19 17:17:54 - [MESSAGE][INFO] - Found 1 web elements with id: 'Object Repository/Olusturma/Genel/AliciBilgisi/VKN-TCKN' located by 'By.xpath: //*[@id = 'txtVknTckn_I']' in '30' second(s)

2021-11-19 17:17:54 - [MESSAGE][INFO] - Getting attribute 'value' of object 'Object Repository/Olusturma/Genel/AliciBilgisi/VKN-TCKN'

2021-11-19 17:17:54 - [MESSAGE][PASSED] - Attribute 'value' of object 'Object Repository/Olusturma/Genel/AliciBilgisi/VKN-TCKN' is: '5329805376'

2021-11-19 17:17:54 - [TEST_STEP][PASSED] - if (text.equals("")): null

2021-11-19 17:17:54 - [MESSAGE][PASSED] - Call Test Case 'Test Cases/Olusturma/Genel/AliciSecilir' successfully

2021-11-19 17:17:54 - [MESSAGE][INFO] - Checking called Test Case

2021-11-19 17:17:54 - [MESSAGE][INFO] - Starting to call Test Case 'Test Cases/Olusturma/Genel/GonderimSekliSecilir'

2021-11-19 17:17:54 - [TEST_CASE][PASSED] - Test Cases/Olusturma/Genel/GonderimSekliSecilir: Test Cases/Olusturma/Genel/GonderimSekliSecilir

2021-11-19 17:17:54 - [TEST_STEP][PASSED] - waitForElementClickable(findTestObject("Object Repository/Olusturma/Genel/GonderimSekli/GonderimSekli"), 10): Object 'Object Repository/Olusturma/Genel/GonderimSekli/GonderimSekli' is clickable

2021-11-19 17:17:54 - [MESSAGE][INFO] - Finding Test Object 'Object Repository/Olusturma/Genel/GonderimSekli/GonderimSekli'

2021-11-19 17:17:54 - [MESSAGE][INFO] - Checking object

2021-11-19 17:17:54 - [MESSAGE][INFO] - Checking timeout

2021-11-19 17:17:54 - [MESSAGE][INFO] - Finding web element from Test Object's properties

2021-11-19 17:17:54 - [MESSAGE][INFO] - Checking timeout

2021-11-19 17:17:54 - [MESSAGE][INFO] - Finding web element with id: 'Object Repository/Olusturma/Genel/GonderimSekli/GonderimSekli' located by 'By.xpath: //*[@id = 'txtGonderimSekil_I']' in '10' second(s)

2021-11-19 17:17:54 - [MESSAGE][INFO] - Smart Wait Function is triggered

2021-11-19 17:17:54 - [MESSAGE][INFO] - Found 1 web elements with id: 'Object Repository/Olusturma/Genel/GonderimSekli/GonderimSekli' located by 'By.xpath: //*[@id = 'txtGonderimSekil_I']' in '10' second(s)

2021-11-19 17:17:54 - [MESSAGE][PASSED] - Object 'Object Repository/Olusturma/Genel/GonderimSekli/GonderimSekli' is clickable

2021-11-19 17:17:54 - [TEST_STEP][PASSED] - click(findTestObject("Object Repository/Olusturma/Genel/GonderimSekli/GonderimSekli")): Object: 'Object Repository/Olusturma/Genel/GonderimSekli/GonderimSekli' is clicked on

2021-11-19 17:17:54 - [MESSAGE][INFO] - Finding Test Object 'Object Repository/Olusturma/Genel/GonderimSekli/GonderimSekli'

2021-11-19 17:17:54 - [MESSAGE][INFO] - Checking object

2021-11-19 17:17:54 - [MESSAGE][INFO] - Finding web element from Test Object's properties

2021-11-19 17:17:54 - [MESSAGE][INFO] - Checking timeout

2021-11-19 17:17:54 - [MESSAGE][INFO] - Finding web element with id: 'Object Repository/Olusturma/Genel/GonderimSekli/GonderimSekli' located by 'By.xpath: //*[@id = 'txtGonderimSekil_I']' in '30' second(s)

2021-11-19 17:17:54 - [MESSAGE][INFO] - Smart Wait Function is triggered

2021-11-19 17:17:55 - [MESSAGE][INFO] - Found 1 web elements with id: 'Object Repository/Olusturma/Genel/GonderimSekli/GonderimSekli' located by 'By.xpath: //*[@id = 'txtGonderimSekil_I']' in '30' second(s)

2021-11-19 17:17:55 - [MESSAGE][INFO] - Clicking on object: 'Object Repository/Olusturma/Genel/GonderimSekli/GonderimSekli'

2021-11-19 17:17:55 - [MESSAGE][PASSED] - Object: 'Object Repository/Olusturma/Genel/GonderimSekli/GonderimSekli' is clicked on

2021-11-19 17:17:55 - [TEST_STEP][PASSED] - Method.TextDegerineEsitElementeTikla(findTestObject("Object Repository/Olusturma/Genel/GonderimSekli/GonderimSekliAdi"), GonderimSekli): Method.TextDegerineEsitElementeTikla is PASSED

2021-11-19 17:17:55 - [MESSAGE][INFO] - Finding Test Object 'Object Repository/Olusturma/Genel/GonderimSekli/GonderimSekliAdi'

2021-11-19 17:17:55 - [MESSAGE][INFO] - Checking timeout

2021-11-19 17:17:55 - [MESSAGE][INFO] - Finding web element with id: 'Object Repository/Olusturma/Genel/GonderimSekli/GonderimSekliAdi' located by 'By.cssSelector: #txtGonderimSekil_DDD_L_LBT td' in '10' second(s)

2021-11-19 17:17:55 - [MESSAGE][INFO] - Smart Wait Function is triggered

2021-11-19 17:17:55 - [MESSAGE][INFO] - Found 2 web elements with id: 'Object Repository/Olusturma/Genel/GonderimSekli/GonderimSekliAdi' located by 'By.cssSelector: #txtGonderimSekil_DDD_L_LBT td' in '10' second(s)

2021-11-19 17:17:55 - [MESSAGE][PASSED] - Method.TextDegerineEsitElementeTikla is PASSED

2021-11-19 17:17:55 - [MESSAGE][PASSED] - Call Test Case 'Test Cases/Olusturma/Genel/GonderimSekliSecilir' successfully

2021-11-19 17:17:55 - [MESSAGE][INFO] - Checking called Test Case

2021-11-19 17:17:55 - [MESSAGE][INFO] - Starting to call Test Case 'Test Cases/Olusturma/Genel/TipSecilir'

2021-11-19 17:17:55 - [TEST_CASE][PASSED] - Test Cases/Olusturma/Genel/TipSecilir: Test Cases/Olusturma/Genel/TipSecilir

2021-11-19 17:17:55 - [TEST_STEP][PASSED] - waitForElementClickable(findTestObject("Olusturma/Genel/TipSecilir/Tip"), 10): Object 'Object Repository/Olusturma/Genel/TipSecilir/Tip' is clickable

2021-11-19 17:17:55 - [MESSAGE][INFO] - Finding Test Object 'Object Repository/Olusturma/Genel/TipSecilir/Tip'

2021-11-19 17:17:55 - [MESSAGE][INFO] - Checking object

2021-11-19 17:17:55 - [MESSAGE][INFO] - Checking timeout

2021-11-19 17:17:55 - [MESSAGE][INFO] - Finding web element from Test Object's properties

2021-11-19 17:17:55 - [MESSAGE][INFO] - Checking timeout

2021-11-19 17:17:55 - [MESSAGE][INFO] - Finding web element with id: 'Object Repository/Olusturma/Genel/TipSecilir/Tip' located by 'By.xpath: //*[@id = 'DocumentTypeCode_I']' in '10' second(s)

2021-11-19 17:17:55 - [MESSAGE][INFO] - Smart Wait Function is triggered

2021-11-19 17:17:56 - [MESSAGE][INFO] - Found 1 web elements with id: 'Object Repository/Olusturma/Genel/TipSecilir/Tip' located by 'By.xpath: //*[@id = 'DocumentTypeCode_I']' in '10' second(s)

2021-11-19 17:17:56 - [MESSAGE][PASSED] - Object 'Object Repository/Olusturma/Genel/TipSecilir/Tip' is clickable

2021-11-19 17:17:56 - [TEST_STEP][PASSED] - click(findTestObject("Olusturma/Genel/TipSecilir/Tip")): Object: 'Object Repository/Olusturma/Genel/TipSecilir/Tip' is clicked on

2021-11-19 17:17:56 - [MESSAGE][INFO] - Finding Test Object 'Object Repository/Olusturma/Genel/TipSecilir/Tip'

2021-11-19 17:17:56 - [MESSAGE][INFO] - Checking object

2021-11-19 17:17:56 - [MESSAGE][INFO] - Finding web element from Test Object's properties

2021-11-19 17:17:56 - [MESSAGE][INFO] - Checking timeout

2021-11-19 17:17:56 - [MESSAGE][INFO] - Finding web element with id: 'Object Repository/Olusturma/Genel/TipSecilir/Tip' located by 'By.xpath: //*[@id = 'DocumentTypeCode_I']' in '30' second(s)

2021-11-19 17:17:56 - [MESSAGE][INFO] - Smart Wait Function is triggered

2021-11-19 17:17:56 - [MESSAGE][INFO] - Found 1 web elements with id: 'Object Repository/Olusturma/Genel/TipSecilir/Tip' located by 'By.xpath: //*[@id = 'DocumentTypeCode_I']' in '30' second(s)

2021-11-19 17:17:56 - [MESSAGE][INFO] - Clicking on object: 'Object Repository/Olusturma/Genel/TipSecilir/Tip'

2021-11-19 17:17:56 - [MESSAGE][PASSED] - Object: 'Object Repository/Olusturma/Genel/TipSecilir/Tip' is clicked on

2021-11-19 17:17:56 - [TEST_STEP][PASSED] - Method.TextDegerineEsitElementeTikla(findTestObject("Object Repository/Olusturma/Genel/TipSecilir/Tip_Adi"), Tip): Method.TextDegerineEsitElementeTikla is PASSED

2021-11-19 17:17:56 - [MESSAGE][INFO] - Finding Test Object 'Object Repository/Olusturma/Genel/TipSecilir/Tip_Adi'

2021-11-19 17:17:56 - [MESSAGE][INFO] - Checking timeout

2021-11-19 17:17:56 - [MESSAGE][INFO] - Finding web element with id: 'Object Repository/Olusturma/Genel/TipSecilir/Tip_Adi' located by 'By.cssSelector: #DocumentTypeCode_DDD_L_LBT td' in '10' second(s)

2021-11-19 17:17:56 - [MESSAGE][INFO] - Smart Wait Function is triggered

2021-11-19 17:17:57 - [MESSAGE][INFO] - Found 9 web elements with id: 'Object Repository/Olusturma/Genel/TipSecilir/Tip_Adi' located by 'By.cssSelector: #DocumentTypeCode_DDD_L_LBT td' in '10' second(s)

2021-11-19 17:17:57 - [MESSAGE][PASSED] - Method.TextDegerineEsitElementeTikla is PASSED

2021-11-19 17:17:57 - [MESSAGE][PASSED] - Call Test Case 'Test Cases/Olusturma/Genel/TipSecilir' successfully

2021-11-19 17:17:57 - [MESSAGE][INFO] - Checking called Test Case

2021-11-19 17:17:57 - [MESSAGE][INFO] - Starting to call Test Case 'Test Cases/Olusturma/Genel/DokumanParaBirimiSecilir'

2021-11-19 17:17:57 - [TEST_CASE][PASSED] - Test Cases/Olusturma/Genel/DokumanParaBirimiSecilir: Test Cases/Olusturma/Genel/DokumanParaBirimiSecilir

2021-11-19 17:17:57 - [TEST_STEP][PASSED] - waitForElementClickable(findTestObject("Object Repository/Olusturma/Genel/DokumanParaBirimiSecilir/Para"), 10): Object 'Object Repository/Olusturma/Genel/DokumanParaBirimiSecilir/Para' is clickable

2021-11-19 17:17:57 - [MESSAGE][INFO] - Finding Test Object 'Object Repository/Olusturma/Genel/DokumanParaBirimiSecilir/Para'

2021-11-19 17:17:57 - [MESSAGE][INFO] - Checking object

2021-11-19 17:17:57 - [MESSAGE][INFO] - Checking timeout

2021-11-19 17:17:57 - [MESSAGE][INFO] - Finding web element from Test Object's properties

2021-11-19 17:17:57 - [MESSAGE][INFO] - Checking timeout

2021-11-19 17:17:57 - [MESSAGE][INFO] - Finding web element with id: 'Object Repository/Olusturma/Genel/DokumanParaBirimiSecilir/Para' located by 'By.xpath: //*[@id = 'CurrencyUnit_I']' in '10' second(s)

2021-11-19 17:17:57 - [MESSAGE][INFO] - Smart Wait Function is triggered

2021-11-19 17:17:57 - [MESSAGE][INFO] - Found 1 web elements with id: 'Object Repository/Olusturma/Genel/DokumanParaBirimiSecilir/Para' located by 'By.xpath: //*[@id = 'CurrencyUnit_I']' in '10' second(s)

2021-11-19 17:17:57 - [MESSAGE][PASSED] - Object 'Object Repository/Olusturma/Genel/DokumanParaBirimiSecilir/Para' is clickable

2021-11-19 17:17:57 - [TEST_STEP][PASSED] - click(findTestObject("Object Repository/Olusturma/Genel/DokumanParaBirimiSecilir/Para")): Object: 'Object Repository/Olusturma/Genel/DokumanParaBirimiSecilir/Para' is clicked on

2021-11-19 17:17:57 - [MESSAGE][INFO] - Finding Test Object 'Object Repository/Olusturma/Genel/DokumanParaBirimiSecilir/Para'

2021-11-19 17:17:57 - [MESSAGE][INFO] - Checking object

2021-11-19 17:17:57 - [MESSAGE][INFO] - Finding web element from Test Object's properties

2021-11-19 17:17:57 - [MESSAGE][INFO] - Checking timeout

2021-11-19 17:17:57 - [MESSAGE][INFO] - Finding web element with id: 'Object Repository/Olusturma/Genel/DokumanParaBirimiSecilir/Para' located by 'By.xpath: //*[@id = 'CurrencyUnit_I']' in '30' second(s)

2021-11-19 17:17:57 - [MESSAGE][INFO] - Smart Wait Function is triggered

2021-11-19 17:17:58 - [MESSAGE][INFO] - Found 1 web elements with id: 'Object Repository/Olusturma/Genel/DokumanParaBirimiSecilir/Para' located by 'By.xpath: //*[@id = 'CurrencyUnit_I']' in '30' second(s)

2021-11-19 17:17:58 - [MESSAGE][INFO] - Clicking on object: 'Object Repository/Olusturma/Genel/DokumanParaBirimiSecilir/Para'

2021-11-19 17:17:58 - [MESSAGE][PASSED] - Object: 'Object Repository/Olusturma/Genel/DokumanParaBirimiSecilir/Para' is clicked on

2021-11-19 17:17:58 - [TEST_STEP][PASSED] - Method.TextDegerineEsitElementeTikla(findTestObject("Object Repository/Olusturma/Genel/DokumanParaBirimiSecilir/Para_Adi"), Para): Method.TextDegerineEsitElementeTikla is PASSED

2021-11-19 17:17:58 - [MESSAGE][INFO] - Finding Test Object 'Object Repository/Olusturma/Genel/DokumanParaBirimiSecilir/Para_Adi'

2021-11-19 17:17:58 - [MESSAGE][INFO] - Checking timeout

2021-11-19 17:17:58 - [MESSAGE][INFO] - Finding web element with id: 'Object Repository/Olusturma/Genel/DokumanParaBirimiSecilir/Para_Adi' located by 'By.cssSelector: #CurrencyUnit_DDD_L_LBT td' in '10' second(s)

2021-11-19 17:17:58 - [MESSAGE][INFO] - Smart Wait Function is triggered

2021-11-19 17:17:58 - [MESSAGE][INFO] - Found 203 web elements with id: 'Object Repository/Olusturma/Genel/DokumanParaBirimiSecilir/Para_Adi' located by 'By.cssSelector: #CurrencyUnit_DDD_L_LBT td' in '10' second(s)

2021-11-19 17:18:02 - [MESSAGE][PASSED] - Method.TextDegerineEsitElementeTikla is PASSED

2021-11-19 17:18:02 - [MESSAGE][PASSED] - Call Test Case 'Test Cases/Olusturma/Genel/DokumanParaBirimiSecilir' successfully

2021-11-19 17:18:02 - [MESSAGE][INFO] - Checking called Test Case

2021-11-19 17:18:02 - [MESSAGE][INFO] - Starting to call Test Case 'Test Cases/Olusturma/Genel/OnEkSecilir'

2021-11-19 17:18:02 - [TEST_CASE][PASSED] - Test Cases/Olusturma/Genel/OnEkSecilir: Test Cases/Olusturma/Genel/OnEkSecilir

2021-11-19 17:18:02 - [TEST_STEP][PASSED] - waitForElementClickable(findTestObject("Object Repository/Olusturma/Genel/OnEkSecilir/OnEk"), 10): Object 'Object Repository/Olusturma/Genel/OnEkSecilir/OnEk' is clickable

2021-11-19 17:18:02 - [MESSAGE][INFO] - Finding Test Object 'Object Repository/Olusturma/Genel/OnEkSecilir/OnEk'

2021-11-19 17:18:02 - [MESSAGE][INFO] - Checking object

2021-11-19 17:18:02 - [MESSAGE][INFO] - Checking timeout

2021-11-19 17:18:02 - [MESSAGE][INFO] - Finding web element from Test Object's properties

2021-11-19 17:18:02 - [MESSAGE][INFO] - Checking timeout

2021-11-19 17:18:02 - [MESSAGE][INFO] - Finding web element with id: 'Object Repository/Olusturma/Genel/OnEkSecilir/OnEk' located by 'By.xpath: //*[@id = 'InvoicePrefix_I']' in '10' second(s)

2021-11-19 17:18:02 - [MESSAGE][INFO] - Smart Wait Function is triggered

2021-11-19 17:18:03 - [MESSAGE][INFO] - Found 1 web elements with id: 'Object Repository/Olusturma/Genel/OnEkSecilir/OnEk' located by 'By.xpath: //*[@id = 'InvoicePrefix_I']' in '10' second(s)

2021-11-19 17:18:03 - [MESSAGE][PASSED] - Object 'Object Repository/Olusturma/Genel/OnEkSecilir/OnEk' is clickable

2021-11-19 17:18:03 - [TEST_STEP][PASSED] - click(findTestObject("Object Repository/Olusturma/Genel/OnEkSecilir/OnEk")): Object: 'Object Repository/Olusturma/Genel/OnEkSecilir/OnEk' is clicked on

2021-11-19 17:18:03 - [MESSAGE][INFO] - Finding Test Object 'Object Repository/Olusturma/Genel/OnEkSecilir/OnEk'

2021-11-19 17:18:03 - [MESSAGE][INFO] - Checking object

2021-11-19 17:18:03 - [MESSAGE][INFO] - Finding web element from Test Object's properties

2021-11-19 17:18:03 - [MESSAGE][INFO] - Checking timeout

2021-11-19 17:18:03 - [MESSAGE][INFO] - Finding web element with id: 'Object Repository/Olusturma/Genel/OnEkSecilir/OnEk' located by 'By.xpath: //*[@id = 'InvoicePrefix_I']' in '30' second(s)

2021-11-19 17:18:03 - [MESSAGE][INFO] - Smart Wait Function is triggered

2021-11-19 17:18:03 - [MESSAGE][INFO] - Found 1 web elements with id: 'Object Repository/Olusturma/Genel/OnEkSecilir/OnEk' located by 'By.xpath: //*[@id = 'InvoicePrefix_I']' in '30' second(s)

2021-11-19 17:18:03 - [MESSAGE][INFO] - Clicking on object: 'Object Repository/Olusturma/Genel/OnEkSecilir/OnEk'

2021-11-19 17:18:03 - [MESSAGE][PASSED] - Object: 'Object Repository/Olusturma/Genel/OnEkSecilir/OnEk' is clicked on

2021-11-19 17:18:03 - [TEST_STEP][PASSED] - Method.TextDegerineEsitElementeTiklaEquals(findTestObject("Object Repository/Olusturma/Genel/OnEkSecilir/OnEkAdi"), Ek): Method.TextDegerineEsitElementeTiklaEquals is PASSED

2021-11-19 17:18:03 - [MESSAGE][INFO] - Finding Test Object 'Object Repository/Olusturma/Genel/OnEkSecilir/OnEkAdi'

2021-11-19 17:18:03 - [MESSAGE][INFO] - Checking timeout

2021-11-19 17:18:03 - [MESSAGE][INFO] - Finding web element with id: 'Object Repository/Olusturma/Genel/OnEkSecilir/OnEkAdi' located by 'By.cssSelector: #InvoicePrefix_DDD_L_LBT td' in '10' second(s)

2021-11-19 17:18:03 - [MESSAGE][INFO] - Smart Wait Function is triggered

2021-11-19 17:18:04 - [MESSAGE][INFO] - Found 1 web elements with id: 'Object Repository/Olusturma/Genel/OnEkSecilir/OnEkAdi' located by 'By.cssSelector: #InvoicePrefix_DDD_L_LBT td' in '10' second(s)

2021-11-19 17:18:04 - [MESSAGE][PASSED] - Method.TextDegerineEsitElementeTiklaEquals is PASSED

2021-11-19 17:18:04 - [MESSAGE][PASSED] - Call Test Case 'Test Cases/Olusturma/Genel/OnEkSecilir' successfully

2021-11-19 17:18:04 - [MESSAGE][INFO] - Checking called Test Case

2021-11-19 17:18:04 - [MESSAGE][INFO] - Starting to call Test Case 'Test Cases/Olusturma/Genel/TasarimSecilir'

2021-11-19 17:18:04 - [TEST_CASE][PASSED] - Test Cases/Olusturma/Genel/TasarimSecilir: Test Cases/Olusturma/Genel/TasarimSecilir

2021-11-19 17:18:04 - [TEST_STEP][PASSED] - waitForElementClickable(findTestObject("Object Repository/Olusturma/Genel/TasarimSecilir/Tasarim"), 10): Object 'Object Repository/Olusturma/Genel/TasarimSecilir/Tasarim' is clickable

2021-11-19 17:18:04 - [MESSAGE][INFO] - Finding Test Object 'Object Repository/Olusturma/Genel/TasarimSecilir/Tasarim'

2021-11-19 17:18:04 - [MESSAGE][INFO] - Checking object

2021-11-19 17:18:04 - [MESSAGE][INFO] - Checking timeout

2021-11-19 17:18:04 - [MESSAGE][INFO] - Finding web element from Test Object's properties

2021-11-19 17:18:04 - [MESSAGE][INFO] - Checking timeout

2021-11-19 17:18:04 - [MESSAGE][INFO] - Finding web element with id: 'Object Repository/Olusturma/Genel/TasarimSecilir/Tasarim' located by 'By.xpath: //*[@id = 'DesignId_I']' in '10' second(s)

2021-11-19 17:18:04 - [MESSAGE][INFO] - Smart Wait Function is triggered

2021-11-19 17:18:04 - [MESSAGE][INFO] - Found 1 web elements with id: 'Object Repository/Olusturma/Genel/TasarimSecilir/Tasarim' located by 'By.xpath: //*[@id = 'DesignId_I']' in '10' second(s)

2021-11-19 17:18:05 - [MESSAGE][PASSED] - Object 'Object Repository/Olusturma/Genel/TasarimSecilir/Tasarim' is clickable

2021-11-19 17:18:05 - [TEST_STEP][PASSED] - click(findTestObject("Object Repository/Olusturma/Genel/TasarimSecilir/Tasarim")): Object: 'Object Repository/Olusturma/Genel/TasarimSecilir/Tasarim' is clicked on

2021-11-19 17:18:05 - [MESSAGE][INFO] - Finding Test Object 'Object Repository/Olusturma/Genel/TasarimSecilir/Tasarim'

2021-11-19 17:18:05 - [MESSAGE][INFO] - Checking object

2021-11-19 17:18:05 - [MESSAGE][INFO] - Finding web element from Test Object's properties

2021-11-19 17:18:05 - [MESSAGE][INFO] - Checking timeout

2021-11-19 17:18:05 - [MESSAGE][INFO] - Finding web element with id: 'Object Repository/Olusturma/Genel/TasarimSecilir/Tasarim' located by 'By.xpath: //*[@id = 'DesignId_I']' in '30' second(s)

2021-11-19 17:18:05 - [MESSAGE][INFO] - Smart Wait Function is triggered

2021-11-19 17:18:05 - [MESSAGE][INFO] - Found 1 web elements with id: 'Object Repository/Olusturma/Genel/TasarimSecilir/Tasarim' located by 'By.xpath: //*[@id = 'DesignId_I']' in '30' second(s)

2021-11-19 17:18:05 - [MESSAGE][INFO] - Clicking on object: 'Object Repository/Olusturma/Genel/TasarimSecilir/Tasarim'

2021-11-19 17:18:05 - [MESSAGE][PASSED] - Object: 'Object Repository/Olusturma/Genel/TasarimSecilir/Tasarim' is clicked on

2021-11-19 17:18:05 - [TEST_STEP][PASSED] - Method.TextDegerineEsitElementeTikla(findTestObject("Object Repository/Olusturma/Genel/TasarimSecilir/Tasarim_Adi"), Tasarim): Method.TextDegerineEsitElementeTikla is PASSED

2021-11-19 17:18:05 - [MESSAGE][INFO] - Finding Test Object 'Object Repository/Olusturma/Genel/TasarimSecilir/Tasarim_Adi'

2021-11-19 17:18:05 - [MESSAGE][INFO] - Checking timeout

2021-11-19 17:18:05 - [MESSAGE][INFO] - Finding web element with id: 'Object Repository/Olusturma/Genel/TasarimSecilir/Tasarim_Adi' located by 'By.cssSelector: #DesignId_DDD_L_LBT td' in '10' second(s)

2021-11-19 17:18:05 - [MESSAGE][INFO] - Smart Wait Function is triggered

2021-11-19 17:18:05 - [MESSAGE][INFO] - Found 1 web elements with id: 'Object Repository/Olusturma/Genel/TasarimSecilir/Tasarim_Adi' located by 'By.cssSelector: #DesignId_DDD_L_LBT td' in '10' second(s)

2021-11-19 17:18:06 - [MESSAGE][PASSED] - Method.TextDegerineEsitElementeTikla is PASSED

2021-11-19 17:18:06 - [MESSAGE][PASSED] - Call Test Case 'Test Cases/Olusturma/Genel/TasarimSecilir' successfully

2021-11-19 17:18:06 - [MESSAGE][INFO] - Checking called Test Case

2021-11-19 17:18:06 - [MESSAGE][INFO] - Starting to call Test Case 'Test Cases/Olusturma/Genel/Kutular/SiparisBilgileriGirilir'

2021-11-19 17:18:06 - [TEST_CASE][PASSED] - Test Cases/Olusturma/Genel/Kutular/SiparisBilgileriGirilir: Test Cases/Olusturma/Genel/Kutular/SiparisBilgileriGirilir

2021-11-19 17:18:06 - [TEST_STEP][PASSED] - Method.TextDegerineEsitElementeTikla(findTestObject("Olusturma/Genel/Kutular/KapaliKutular"), "Sipariş Bilgileri"): Method.TextDegerineEsitElementeTikla is PASSED

2021-11-19 17:18:06 - [MESSAGE][INFO] - Finding Test Object 'Object Repository/Olusturma/Genel/Kutular/KapaliKutular'

2021-11-19 17:18:06 - [MESSAGE][INFO] - Checking timeout

2021-11-19 17:18:06 - [MESSAGE][INFO] - Finding web element with id: 'Object Repository/Olusturma/Genel/Kutular/KapaliKutular' located by 'By.cssSelector: .dxnb-headerCollapsed>span' in '10' second(s)

2021-11-19 17:18:06 - [MESSAGE][INFO] - Smart Wait Function is triggered

2021-11-19 17:18:06 - [MESSAGE][INFO] - Found 8 web elements with id: 'Object Repository/Olusturma/Genel/Kutular/KapaliKutular' located by 'By.cssSelector: .dxnb-headerCollapsed>span' in '10' second(s)

2021-11-19 17:18:06 - [MESSAGE][PASSED] - Method.TextDegerineEsitElementeTikla is PASSED

2021-11-19 17:18:06 - [TEST_STEP][PASSED] - waitForElementPresent(findTestObject("Object Repository/Olusturma/Genel/Kutular/SiparisBilgileri/SiparisNo"), 10): Object 'Object Repository/Olusturma/Genel/Kutular/SiparisBilgileri/SiparisNo' is present

2021-11-19 17:18:06 - [MESSAGE][INFO] - Finding Test Object 'Object Repository/Olusturma/Genel/Kutular/SiparisBilgileri/SiparisNo'

2021-11-19 17:18:06 - [MESSAGE][INFO] - Checking object

2021-11-19 17:18:06 - [MESSAGE][INFO] - Finding web element from Test Object's properties

2021-11-19 17:18:06 - [MESSAGE][INFO] - Checking timeout

2021-11-19 17:18:06 - [MESSAGE][INFO] - Finding web element with id: 'Object Repository/Olusturma/Genel/Kutular/SiparisBilgileri/SiparisNo' located by 'By.xpath: //*[@id = 'txtSiparisNo_I']' in '10' second(s)

2021-11-19 17:18:06 - [MESSAGE][INFO] - Smart Wait Function is triggered

2021-11-19 17:18:07 - [MESSAGE][INFO] - Found 1 web elements with id: 'Object Repository/Olusturma/Genel/Kutular/SiparisBilgileri/SiparisNo' located by 'By.xpath: //*[@id = 'txtSiparisNo_I']' in '10' second(s)

2021-11-19 17:18:07 - [MESSAGE][PASSED] - Object 'Object Repository/Olusturma/Genel/Kutular/SiparisBilgileri/SiparisNo' is present

2021-11-19 17:18:07 - [TEST_STEP][PASSED] - clearText(findTestObject("Object Repository/Olusturma/Genel/Kutular/SiparisBilgileri/SiparisNo")): Text of object 'Object Repository/Olusturma/Genel/Kutular/SiparisBilgileri/SiparisNo' is cleared

2021-11-19 17:18:07 - [MESSAGE][INFO] - Finding Test Object 'Object Repository/Olusturma/Genel/Kutular/SiparisBilgileri/SiparisNo'

2021-11-19 17:18:07 - [MESSAGE][INFO] - Checking object

2021-11-19 17:18:07 - [MESSAGE][INFO] - Finding web element from Test Object's properties

2021-11-19 17:18:07 - [MESSAGE][INFO] - Checking timeout

2021-11-19 17:18:07 - [MESSAGE][INFO] - Finding web element with id: 'Object Repository/Olusturma/Genel/Kutular/SiparisBilgileri/SiparisNo' located by 'By.xpath: //*[@id = 'txtSiparisNo_I']' in '30' second(s)

2021-11-19 17:18:07 - [MESSAGE][INFO] - Smart Wait Function is triggered

2021-11-19 17:18:07 - [MESSAGE][INFO] - Found 1 web elements with id: 'Object Repository/Olusturma/Genel/Kutular/SiparisBilgileri/SiparisNo' located by 'By.xpath: //*[@id = 'txtSiparisNo_I']' in '30' second(s)

2021-11-19 17:18:07 - [MESSAGE][INFO] - Clearing text of object 'Object Repository/Olusturma/Genel/Kutular/SiparisBilgileri/SiparisNo'

2021-11-19 17:18:07 - [MESSAGE][PASSED] - Text of object 'Object Repository/Olusturma/Genel/Kutular/SiparisBilgileri/SiparisNo' is cleared

2021-11-19 17:18:07 - [TEST_STEP][PASSED] - sendKeys(findTestObject("Object Repository/Olusturma/Genel/Kutular/SiparisBilgileri/SiparisNo"), SiparisNo): Keys 'UUC-SAT-1200001' sent to object: 'Object Repository/Olusturma/Genel/Kutular/SiparisBilgileri/SiparisNo'

2021-11-19 17:18:07 - [MESSAGE][INFO] - Finding Test Object 'Object Repository/Olusturma/Genel/Kutular/SiparisBilgileri/SiparisNo'

2021-11-19 17:18:07 - [MESSAGE][INFO] - Sending keys 'UUC-SAT-1200001' to object: 'Object Repository/Olusturma/Genel/Kutular/SiparisBilgileri/SiparisNo'

2021-11-19 17:18:07 - [MESSAGE][INFO] - Finding web element from Test Object's properties

2021-11-19 17:18:07 - [MESSAGE][INFO] - Checking timeout

2021-11-19 17:18:07 - [MESSAGE][INFO] - Finding web element with id: 'Object Repository/Olusturma/Genel/Kutular/SiparisBilgileri/SiparisNo' located by 'By.xpath: //*[@id = 'txtSiparisNo_I']' in '30' second(s)

2021-11-19 17:18:07 - [MESSAGE][INFO] - Smart Wait Function is triggered

2021-11-19 17:18:07 - [MESSAGE][INFO] - Found 1 web elements with id: 'Object Repository/Olusturma/Genel/Kutular/SiparisBilgileri/SiparisNo' located by 'By.xpath: //*[@id = 'txtSiparisNo_I']' in '30' second(s)

2021-11-19 17:18:08 - [MESSAGE][PASSED] - Keys 'UUC-SAT-1200001' sent to object: 'Object Repository/Olusturma/Genel/Kutular/SiparisBilgileri/SiparisNo'

2021-11-19 17:18:08 - [TEST_STEP][PASSED] - waitForElementClickable(findTestObject("Object Repository/Olusturma/Genel/Kutular/SiparisBilgileri/SiparisTarihiImage"), 10): Object 'Object Repository/Olusturma/Genel/Kutular/SiparisBilgileri/SiparisTarihiImage' is clickable

2021-11-19 17:18:08 - [MESSAGE][INFO] - Finding Test Object 'Object Repository/Olusturma/Genel/Kutular/SiparisBilgileri/SiparisTarihiImage'

2021-11-19 17:18:08 - [MESSAGE][INFO] - Checking object

2021-11-19 17:18:08 - [MESSAGE][INFO] - Checking timeout

2021-11-19 17:18:08 - [MESSAGE][INFO] - Finding web element from Test Object's properties

2021-11-19 17:18:08 - [MESSAGE][INFO] - Checking timeout

2021-11-19 17:18:08 - [MESSAGE][INFO] - Finding web element with id: 'Object Repository/Olusturma/Genel/Kutular/SiparisBilgileri/SiparisTarihiImage' located by 'By.cssSelector: #dateSiparisTarih img' in '10' second(s)

2021-11-19 17:18:08 - [MESSAGE][INFO] - Smart Wait Function is triggered

2021-11-19 17:18:08 - [MESSAGE][INFO] - Found 1 web elements with id: 'Object Repository/Olusturma/Genel/Kutular/SiparisBilgileri/SiparisTarihiImage' located by 'By.cssSelector: #dateSiparisTarih img' in '10' second(s)

2021-11-19 17:18:08 - [MESSAGE][PASSED] - Object 'Object Repository/Olusturma/Genel/Kutular/SiparisBilgileri/SiparisTarihiImage' is clickable

2021-11-19 17:18:08 - [TEST_STEP][PASSED] - click(findTestObject("Object Repository/Olusturma/Genel/Kutular/SiparisBilgileri/SiparisTarihiImage")): Object: 'Object Repository/Olusturma/Genel/Kutular/SiparisBilgileri/SiparisTarihiImage' is clicked on

2021-11-19 17:18:08 - [MESSAGE][INFO] - Finding Test Object 'Object Repository/Olusturma/Genel/Kutular/SiparisBilgileri/SiparisTarihiImage'

2021-11-19 17:18:08 - [MESSAGE][INFO] - Checking object

2021-11-19 17:18:08 - [MESSAGE][INFO] - Finding web element from Test Object's properties

2021-11-19 17:18:08 - [MESSAGE][INFO] - Checking timeout

2021-11-19 17:18:08 - [MESSAGE][INFO] - Finding web element with id: 'Object Repository/Olusturma/Genel/Kutular/SiparisBilgileri/SiparisTarihiImage' located by 'By.cssSelector: #dateSiparisTarih img' in '30' second(s)

2021-11-19 17:18:08 - [MESSAGE][INFO] - Smart Wait Function is triggered

2021-11-19 17:18:09 - [MESSAGE][INFO] - Found 1 web elements with id: 'Object Repository/Olusturma/Genel/Kutular/SiparisBilgileri/SiparisTarihiImage' located by 'By.cssSelector: #dateSiparisTarih img' in '30' second(s)

2021-11-19 17:18:09 - [MESSAGE][INFO] - Clicking on object: 'Object Repository/Olusturma/Genel/Kutular/SiparisBilgileri/SiparisTarihiImage'

2021-11-19 17:18:09 - [MESSAGE][PASSED] - Object: 'Object Repository/Olusturma/Genel/Kutular/SiparisBilgileri/SiparisTarihiImage' is clicked on

2021-11-19 17:18:09 - [TEST_STEP][PASSED] - waitForElementPresent(findTestObject("Object Repository/Olusturma/Genel/Kutular/SiparisBilgileri/SiparisTarihi"), 10): Object 'Object Repository/Olusturma/Genel/Kutular/SiparisBilgileri/SiparisTarihi' is present

2021-11-19 17:18:09 - [MESSAGE][INFO] - Finding Test Object 'Object Repository/Olusturma/Genel/Kutular/SiparisBilgileri/SiparisTarihi'

2021-11-19 17:18:09 - [MESSAGE][INFO] - Checking object

2021-11-19 17:18:09 - [MESSAGE][INFO] - Finding web element from Test Object's properties

2021-11-19 17:18:09 - [MESSAGE][INFO] - Checking timeout

2021-11-19 17:18:09 - [MESSAGE][INFO] - Finding web element with id: 'Object Repository/Olusturma/Genel/Kutular/SiparisBilgileri/SiparisTarihi' located by 'By.xpath: //*[@id = 'dateSiparisTarih_I']' in '10' second(s)

2021-11-19 17:18:09 - [MESSAGE][INFO] - Smart Wait Function is triggered

2021-11-19 17:18:09 - [MESSAGE][INFO] - Found 1 web elements with id: 'Object Repository/Olusturma/Genel/Kutular/SiparisBilgileri/SiparisTarihi' located by 'By.xpath: //*[@id = 'dateSiparisTarih_I']' in '10' second(s)

2021-11-19 17:18:09 - [MESSAGE][PASSED] - Object 'Object Repository/Olusturma/Genel/Kutular/SiparisBilgileri/SiparisTarihi' is present

2021-11-19 17:18:09 - [TEST_STEP][PASSED] - clearText(findTestObject("Object Repository/Olusturma/Genel/Kutular/SiparisBilgileri/SiparisTarihi")): Text of object 'Object Repository/Olusturma/Genel/Kutular/SiparisBilgileri/SiparisTarihi' is cleared

2021-11-19 17:18:09 - [MESSAGE][INFO] - Finding Test Object 'Object Repository/Olusturma/Genel/Kutular/SiparisBilgileri/SiparisTarihi'

2021-11-19 17:18:09 - [MESSAGE][INFO] - Checking object

2021-11-19 17:18:09 - [MESSAGE][INFO] - Finding web element from Test Object's properties

2021-11-19 17:18:09 - [MESSAGE][INFO] - Checking timeout

2021-11-19 17:18:09 - [MESSAGE][INFO] - Finding web element with id: 'Object Repository/Olusturma/Genel/Kutular/SiparisBilgileri/SiparisTarihi' located by 'By.xpath: //*[@id = 'dateSiparisTarih_I']' in '30' second(s)

2021-11-19 17:18:09 - [MESSAGE][INFO] - Smart Wait Function is triggered

2021-11-19 17:18:10 - [MESSAGE][INFO] - Found 1 web elements with id: 'Object Repository/Olusturma/Genel/Kutular/SiparisBilgileri/SiparisTarihi' located by 'By.xpath: //*[@id = 'dateSiparisTarih_I']' in '30' second(s)

2021-11-19 17:18:10 - [MESSAGE][INFO] - Clearing text of object 'Object Repository/Olusturma/Genel/Kutular/SiparisBilgileri/SiparisTarihi'

2021-11-19 17:18:10 - [MESSAGE][PASSED] - Text of object 'Object Repository/Olusturma/Genel/Kutular/SiparisBilgileri/SiparisTarihi' is cleared

2021-11-19 17:18:10 - [TEST_STEP][PASSED] - sendKeys(findTestObject("Object Repository/Olusturma/Genel/Kutular/SiparisBilgileri/SiparisTarihi"), Tarih): Keys '31.04.2020' sent to object: 'Object Repository/Olusturma/Genel/Kutular/SiparisBilgileri/SiparisTarihi'

2021-11-19 17:18:10 - [MESSAGE][INFO] - Finding Test Object 'Object Repository/Olusturma/Genel/Kutular/SiparisBilgileri/SiparisTarihi'

2021-11-19 17:18:10 - [MESSAGE][INFO] - Sending keys '31.04.2020' to object: 'Object Repository/Olusturma/Genel/Kutular/SiparisBilgileri/SiparisTarihi'

2021-11-19 17:18:10 - [MESSAGE][INFO] - Finding web element from Test Object's properties

2021-11-19 17:18:10 - [MESSAGE][INFO] - Checking timeout

2021-11-19 17:18:10 - [MESSAGE][INFO] - Finding web element with id: 'Object Repository/Olusturma/Genel/Kutular/SiparisBilgileri/SiparisTarihi' located by 'By.xpath: //*[@id = 'dateSiparisTarih_I']' in '30' second(s)

2021-11-19 17:18:10 - [MESSAGE][INFO] - Smart Wait Function is triggered

2021-11-19 17:18:10 - [MESSAGE][INFO] - Found 1 web elements with id: 'Object Repository/Olusturma/Genel/Kutular/SiparisBilgileri/SiparisTarihi' located by 'By.xpath: //*[@id = 'dateSiparisTarih_I']' in '30' second(s)

2021-11-19 17:18:10 - [MESSAGE][PASSED] - Keys '31.04.2020' sent to object: 'Object Repository/Olusturma/Genel/Kutular/SiparisBilgileri/SiparisTarihi'

2021-11-19 17:18:10 - [MESSAGE][PASSED] - Call Test Case 'Test Cases/Olusturma/Genel/Kutular/SiparisBilgileriGirilir' successfully

2021-11-19 17:18:10 - [MESSAGE][INFO] - Checking called Test Case

2021-11-19 17:18:10 - [MESSAGE][INFO] - Starting to call Test Case 'Test Cases/Olusturma/Genel/Kutular/IrsaliyeBilgileri'

2021-11-19 17:18:10 - [TEST_CASE][PASSED] - Test Cases/Olusturma/Genel/Kutular/IrsaliyeBilgileri: Test Cases/Olusturma/Genel/Kutular/IrsaliyeBilgileri

2021-11-19 17:18:10 - [TEST_STEP][PASSED] - Method.TextDegerineEsitElementeTikla(findTestObject("Olusturma/Genel/Kutular/KapaliKutular"), "İrsaliye Bilgileri"): Method.TextDegerineEsitElementeTikla is PASSED

2021-11-19 17:18:10 - [MESSAGE][INFO] - Finding Test Object 'Object Repository/Olusturma/Genel/Kutular/KapaliKutular'

2021-11-19 17:18:10 - [MESSAGE][INFO] - Checking timeout

2021-11-19 17:18:10 - [MESSAGE][INFO] - Finding web element with id: 'Object Repository/Olusturma/Genel/Kutular/KapaliKutular' located by 'By.cssSelector: .dxnb-headerCollapsed>span' in '10' second(s)

2021-11-19 17:18:10 - [MESSAGE][INFO] - Smart Wait Function is triggered

2021-11-19 17:18:11 - [MESSAGE][INFO] - Found 8 web elements with id: 'Object Repository/Olusturma/Genel/Kutular/KapaliKutular' located by 'By.cssSelector: .dxnb-headerCollapsed>span' in '10' second(s)

2021-11-19 17:18:11 - [MESSAGE][PASSED] - Method.TextDegerineEsitElementeTikla is PASSED

2021-11-19 17:18:11 - [TEST_STEP][PASSED] - waitForElementClickable(findTestObject("Olusturma/Genel/Kutular/IrsaliyeBilgileri/Ekle"), 10): Object 'Object Repository/Olusturma/Genel/Kutular/IrsaliyeBilgileri/Ekle' is clickable

2021-11-19 17:18:11 - [MESSAGE][INFO] - Finding Test Object 'Object Repository/Olusturma/Genel/Kutular/IrsaliyeBilgileri/Ekle'

2021-11-19 17:18:11 - [MESSAGE][INFO] - Checking object

2021-11-19 17:18:11 - [MESSAGE][INFO] - Checking timeout

2021-11-19 17:18:11 - [MESSAGE][INFO] - Finding web element from Test Object's properties

2021-11-19 17:18:11 - [MESSAGE][INFO] - Checking timeout

2021-11-19 17:18:11 - [MESSAGE][INFO] - Finding web element with id: 'Object Repository/Olusturma/Genel/Kutular/IrsaliyeBilgileri/Ekle' located by 'By.xpath: //*[@id = 'DXEditorgvUserInvoiceBillsNewRowBtn']' in '10' second(s)

2021-11-19 17:18:11 - [MESSAGE][INFO] - Smart Wait Function is triggered

2021-11-19 17:18:12 - [MESSAGE][INFO] - Found 1 web elements with id: 'Object Repository/Olusturma/Genel/Kutular/IrsaliyeBilgileri/Ekle' located by 'By.xpath: //*[@id = 'DXEditorgvUserInvoiceBillsNewRowBtn']' in '10' second(s)

2021-11-19 17:18:12 - [MESSAGE][PASSED] - Object 'Object Repository/Olusturma/Genel/Kutular/IrsaliyeBilgileri/Ekle' is clickable

2021-11-19 17:18:12 - [TEST_STEP][PASSED] - click(findTestObject("Olusturma/Genel/Kutular/IrsaliyeBilgileri/Ekle")): Object: 'Object Repository/Olusturma/Genel/Kutular/IrsaliyeBilgileri/Ekle' is clicked on

2021-11-19 17:18:12 - [MESSAGE][INFO] - Finding Test Object 'Object Repository/Olusturma/Genel/Kutular/IrsaliyeBilgileri/Ekle'

2021-11-19 17:18:12 - [MESSAGE][INFO] - Checking object

2021-11-19 17:18:12 - [MESSAGE][INFO] - Finding web element from Test Object's properties

2021-11-19 17:18:12 - [MESSAGE][INFO] - Checking timeout

2021-11-19 17:18:12 - [MESSAGE][INFO] - Finding web element with id: 'Object Repository/Olusturma/Genel/Kutular/IrsaliyeBilgileri/Ekle' located by 'By.xpath: //*[@id = 'DXEditorgvUserInvoiceBillsNewRowBtn']' in '30' second(s)

2021-11-19 17:18:12 - [MESSAGE][INFO] - Smart Wait Function is triggered

2021-11-19 17:18:12 - [MESSAGE][INFO] - Found 1 web elements with id: 'Object Repository/Olusturma/Genel/Kutular/IrsaliyeBilgileri/Ekle' located by 'By.xpath: //*[@id = 'DXEditorgvUserInvoiceBillsNewRowBtn']' in '30' second(s)

2021-11-19 17:18:12 - [MESSAGE][INFO] - Clicking on object: 'Object Repository/Olusturma/Genel/Kutular/IrsaliyeBilgileri/Ekle'

2021-11-19 17:18:12 - [MESSAGE][PASSED] - Object: 'Object Repository/Olusturma/Genel/Kutular/IrsaliyeBilgileri/Ekle' is clicked on

2021-11-19 17:18:12 - [TEST_STEP][PASSED] - waitForElementPresent(findTestObject("Object Repository/Olusturma/Genel/Kutular/IrsaliyeBilgileri/IrsaliyeNumarasi"), 10): Object 'Object Repository/Olusturma/Genel/Kutular/IrsaliyeBilgileri/IrsaliyeNumarasi' is present

2021-11-19 17:18:12 - [MESSAGE][INFO] - Finding Test Object 'Object Repository/Olusturma/Genel/Kutular/IrsaliyeBilgileri/IrsaliyeNumarasi'

2021-11-19 17:18:13 - [MESSAGE][INFO] - Checking object

2021-11-19 17:18:13 - [MESSAGE][INFO] - Finding web element from Test Object's properties

2021-11-19 17:18:13 - [MESSAGE][INFO] - Checking timeout

2021-11-19 17:18:13 - [MESSAGE][INFO] - Finding web element with id: 'Object Repository/Olusturma/Genel/Kutular/IrsaliyeBilgileri/IrsaliyeNumarasi' located by 'By.xpath: //*[@id = 'gvUserInvoiceBills_DXEditor1_I']' in '10' second(s)

2021-11-19 17:18:13 - [MESSAGE][INFO] - Smart Wait Function is triggered

2021-11-19 17:18:13 - [MESSAGE][INFO] - Smart Wait Function is triggered

2021-11-19 17:18:14 - [MESSAGE][INFO] - Found 1 web elements with id: 'Object Repository/Olusturma/Genel/Kutular/IrsaliyeBilgileri/IrsaliyeNumarasi' located by 'By.xpath: //*[@id = 'gvUserInvoiceBills_DXEditor1_I']' in '10' second(s)

2021-11-19 17:18:14 - [MESSAGE][PASSED] - Object 'Object Repository/Olusturma/Genel/Kutular/IrsaliyeBilgileri/IrsaliyeNumarasi' is present

2021-11-19 17:18:14 - [TEST_STEP][PASSED] - clearText(findTestObject("Object Repository/Olusturma/Genel/Kutular/IrsaliyeBilgileri/IrsaliyeNumarasi")): Text of object 'Object Repository/Olusturma/Genel/Kutular/IrsaliyeBilgileri/IrsaliyeNumarasi' is cleared

2021-11-19 17:18:14 - [MESSAGE][INFO] - Finding Test Object 'Object Repository/Olusturma/Genel/Kutular/IrsaliyeBilgileri/IrsaliyeNumarasi'

2021-11-19 17:18:14 - [MESSAGE][INFO] - Checking object

2021-11-19 17:18:14 - [MESSAGE][INFO] - Finding web element from Test Object's properties

2021-11-19 17:18:14 - [MESSAGE][INFO] - Checking timeout

2021-11-19 17:18:14 - [MESSAGE][INFO] - Finding web element with id: 'Object Repository/Olusturma/Genel/Kutular/IrsaliyeBilgileri/IrsaliyeNumarasi' located by 'By.xpath: //*[@id = 'gvUserInvoiceBills_DXEditor1_I']' in '30' second(s)

2021-11-19 17:18:14 - [MESSAGE][INFO] - Smart Wait Function is triggered

2021-11-19 17:18:14 - [MESSAGE][INFO] - Found 1 web elements with id: 'Object Repository/Olusturma/Genel/Kutular/IrsaliyeBilgileri/IrsaliyeNumarasi' located by 'By.xpath: //*[@id = 'gvUserInvoiceBills_DXEditor1_I']' in '30' second(s)

2021-11-19 17:18:14 - [MESSAGE][INFO] - Clearing text of object 'Object Repository/Olusturma/Genel/Kutular/IrsaliyeBilgileri/IrsaliyeNumarasi'

2021-11-19 17:18:14 - [MESSAGE][PASSED] - Text of object 'Object Repository/Olusturma/Genel/Kutular/IrsaliyeBilgileri/IrsaliyeNumarasi' is cleared

2021-11-19 17:18:14 - [TEST_STEP][PASSED] - sendKeys(findTestObject("Object Repository/Olusturma/Genel/Kutular/IrsaliyeBilgileri/IrsaliyeNumarasi"), Numara): Keys 'AAAAAAAAAA' sent to object: 'Object Repository/Olusturma/Genel/Kutular/IrsaliyeBilgileri/IrsaliyeNumarasi'

2021-11-19 17:18:14 - [MESSAGE][INFO] - Finding Test Object 'Object Repository/Olusturma/Genel/Kutular/IrsaliyeBilgileri/IrsaliyeNumarasi'

2021-11-19 17:18:14 - [MESSAGE][INFO] - Sending keys 'AAAAAAAAAA' to object: 'Object Repository/Olusturma/Genel/Kutular/IrsaliyeBilgileri/IrsaliyeNumarasi'

2021-11-19 17:18:14 - [MESSAGE][INFO] - Finding web element from Test Object's properties

2021-11-19 17:18:14 - [MESSAGE][INFO] - Checking timeout

2021-11-19 17:18:14 - [MESSAGE][INFO] - Finding web element with id: 'Object Repository/Olusturma/Genel/Kutular/IrsaliyeBilgileri/IrsaliyeNumarasi' located by 'By.xpath: //*[@id = 'gvUserInvoiceBills_DXEditor1_I']' in '30' second(s)

2021-11-19 17:18:14 - [MESSAGE][INFO] - Smart Wait Function is triggered

2021-11-19 17:18:15 - [MESSAGE][INFO] - Found 1 web elements with id: 'Object Repository/Olusturma/Genel/Kutular/IrsaliyeBilgileri/IrsaliyeNumarasi' located by 'By.xpath: //*[@id = 'gvUserInvoiceBills_DXEditor1_I']' in '30' second(s)

2021-11-19 17:18:15 - [MESSAGE][PASSED] - Keys 'AAAAAAAAAA' sent to object: 'Object Repository/Olusturma/Genel/Kutular/IrsaliyeBilgileri/IrsaliyeNumarasi'

2021-11-19 17:18:15 - [TEST_STEP][PASSED] - waitForElementClickable(findTestObject("Object Repository/Olusturma/Genel/Kutular/IrsaliyeBilgileri/IrsaliyeTarihi"), 10): Object 'Object Repository/Olusturma/Genel/Kutular/IrsaliyeBilgileri/IrsaliyeTarihi' is clickable

2021-11-19 17:18:15 - [MESSAGE][INFO] - Finding Test Object 'Object Repository/Olusturma/Genel/Kutular/IrsaliyeBilgileri/IrsaliyeTarihi'

2021-11-19 17:18:15 - [MESSAGE][INFO] - Checking object

2021-11-19 17:18:15 - [MESSAGE][INFO] - Checking timeout

2021-11-19 17:18:15 - [MESSAGE][INFO] - Finding web element from Test Object's properties

2021-11-19 17:18:15 - [MESSAGE][INFO] - Checking timeout

2021-11-19 17:18:15 - [MESSAGE][INFO] - Finding web element with id: 'Object Repository/Olusturma/Genel/Kutular/IrsaliyeBilgileri/IrsaliyeTarihi' located by 'By.xpath: //*[@id = 'gvUserInvoiceBills_DXEditor2_I']' in '10' second(s)

2021-11-19 17:18:15 - [MESSAGE][INFO] - Smart Wait Function is triggered

2021-11-19 17:18:16 - [MESSAGE][INFO] - Found 1 web elements with id: 'Object Repository/Olusturma/Genel/Kutular/IrsaliyeBilgileri/IrsaliyeTarihi' located by 'By.xpath: //*[@id = 'gvUserInvoiceBills_DXEditor2_I']' in '10' second(s)

2021-11-19 17:18:16 - [MESSAGE][PASSED] - Object 'Object Repository/Olusturma/Genel/Kutular/IrsaliyeBilgileri/IrsaliyeTarihi' is clickable

2021-11-19 17:18:16 - [TEST_STEP][PASSED] - click(findTestObject("Object Repository/Olusturma/Genel/Kutular/IrsaliyeBilgileri/IrsaliyeTarihi")): Object: 'Object Repository/Olusturma/Genel/Kutular/IrsaliyeBilgileri/IrsaliyeTarihi' is clicked on

2021-11-19 17:18:16 - [MESSAGE][INFO] - Finding Test Object 'Object Repository/Olusturma/Genel/Kutular/IrsaliyeBilgileri/IrsaliyeTarihi'

2021-11-19 17:18:16 - [MESSAGE][INFO] - Checking object

2021-11-19 17:18:16 - [MESSAGE][INFO] - Finding web element from Test Object's properties

2021-11-19 17:18:16 - [MESSAGE][INFO] - Checking timeout

2021-11-19 17:18:16 - [MESSAGE][INFO] - Finding web element with id: 'Object Repository/Olusturma/Genel/Kutular/IrsaliyeBilgileri/IrsaliyeTarihi' located by 'By.xpath: //*[@id = 'gvUserInvoiceBills_DXEditor2_I']' in '30' second(s)

2021-11-19 17:18:16 - [MESSAGE][INFO] - Smart Wait Function is triggered

2021-11-19 17:18:16 - [MESSAGE][INFO] - Found 1 web elements with id: 'Object Repository/Olusturma/Genel/Kutular/IrsaliyeBilgileri/IrsaliyeTarihi' located by 'By.xpath: //*[@id = 'gvUserInvoiceBills_DXEditor2_I']' in '30' second(s)

2021-11-19 17:18:16 - [MESSAGE][INFO] - Clicking on object: 'Object Repository/Olusturma/Genel/Kutular/IrsaliyeBilgileri/IrsaliyeTarihi'

2021-11-19 17:18:16 - [MESSAGE][PASSED] - Object: 'Object Repository/Olusturma/Genel/Kutular/IrsaliyeBilgileri/IrsaliyeTarihi' is clicked on

2021-11-19 17:18:16 - [TEST_STEP][PASSED] - sendKeys(findTestObject("Object Repository/Olusturma/Genel/Kutular/IrsaliyeBilgileri/IrsaliyeTarihi"), Tarih): Keys '31.04.2020' sent to object: 'Object Repository/Olusturma/Genel/Kutular/IrsaliyeBilgileri/IrsaliyeTarihi'

2021-11-19 17:18:16 - [MESSAGE][INFO] - Finding Test Object 'Object Repository/Olusturma/Genel/Kutular/IrsaliyeBilgileri/IrsaliyeTarihi'

2021-11-19 17:18:16 - [MESSAGE][INFO] - Sending keys '31.04.2020' to object: 'Object Repository/Olusturma/Genel/Kutular/IrsaliyeBilgileri/IrsaliyeTarihi'

2021-11-19 17:18:16 - [MESSAGE][INFO] - Finding web element from Test Object's properties

2021-11-19 17:18:16 - [MESSAGE][INFO] - Checking timeout

2021-11-19 17:18:16 - [MESSAGE][INFO] - Finding web element with id: 'Object Repository/Olusturma/Genel/Kutular/IrsaliyeBilgileri/IrsaliyeTarihi' located by 'By.xpath: //*[@id = 'gvUserInvoiceBills_DXEditor2_I']' in '30' second(s)

2021-11-19 17:18:16 - [MESSAGE][INFO] - Smart Wait Function is triggered

2021-11-19 17:18:17 - [MESSAGE][INFO] - Found 1 web elements with id: 'Object Repository/Olusturma/Genel/Kutular/IrsaliyeBilgileri/IrsaliyeTarihi' located by 'By.xpath: //*[@id = 'gvUserInvoiceBills_DXEditor2_I']' in '30' second(s)

2021-11-19 17:18:17 - [MESSAGE][PASSED] - Keys '31.04.2020' sent to object: 'Object Repository/Olusturma/Genel/Kutular/IrsaliyeBilgileri/IrsaliyeTarihi'

2021-11-19 17:18:17 - [MESSAGE][PASSED] - Call Test Case 'Test Cases/Olusturma/Genel/Kutular/IrsaliyeBilgileri' successfully

2021-11-19 17:18:17 - [MESSAGE][INFO] - Checking called Test Case

2021-11-19 17:18:17 - [MESSAGE][INFO] - Starting to call Test Case 'Test Cases/Olusturma/Genel/EkleButonunaBasilir'

2021-11-19 17:18:17 - [TEST_CASE][PASSED] - Test Cases/Olusturma/Genel/EkleButonunaBasilir: Test Cases/Olusturma/Genel/EkleButonunaBasilir

2021-11-19 17:18:17 - [TEST_STEP][PASSED] - waitForElementClickable(findTestObject("Object Repository/Olusturma/Genel/Olusturma/Ekle"), 10): Object 'Object Repository/Olusturma/Genel/Olusturma/Ekle' is clickable

2021-11-19 17:18:17 - [MESSAGE][INFO] - Finding Test Object 'Object Repository/Olusturma/Genel/Olusturma/Ekle'

2021-11-19 17:18:17 - [MESSAGE][INFO] - Checking object

2021-11-19 17:18:17 - [MESSAGE][INFO] - Checking timeout

2021-11-19 17:18:17 - [MESSAGE][INFO] - Finding web element from Test Object's properties

2021-11-19 17:18:17 - [MESSAGE][INFO] - Checking timeout

2021-11-19 17:18:17 - [MESSAGE][INFO] - Finding web element with id: 'Object Repository/Olusturma/Genel/Olusturma/Ekle' located by 'By.cssSelector: #divmalhizmet i.fa.fa-plus.fa-lg.text-muted' in '10' second(s)

2021-11-19 17:18:17 - [MESSAGE][INFO] - Smart Wait Function is triggered

2021-11-19 17:18:17 - [MESSAGE][INFO] - Found 1 web elements with id: 'Object Repository/Olusturma/Genel/Olusturma/Ekle' located by 'By.cssSelector: #divmalhizmet i.fa.fa-plus.fa-lg.text-muted' in '10' second(s)

2021-11-19 17:18:17 - [MESSAGE][PASSED] - Object 'Object Repository/Olusturma/Genel/Olusturma/Ekle' is clickable

2021-11-19 17:18:17 - [TEST_STEP][PASSED] - click(findTestObject("Object Repository/Olusturma/Genel/Olusturma/Ekle")): Object: 'Object Repository/Olusturma/Genel/Olusturma/Ekle' is clicked on

2021-11-19 17:18:17 - [MESSAGE][INFO] - Finding Test Object 'Object Repository/Olusturma/Genel/Olusturma/Ekle'

2021-11-19 17:18:17 - [MESSAGE][INFO] - Checking object

2021-11-19 17:18:17 - [MESSAGE][INFO] - Finding web element from Test Object's properties

2021-11-19 17:18:17 - [MESSAGE][INFO] - Checking timeout

2021-11-19 17:18:17 - [MESSAGE][INFO] - Finding web element with id: 'Object Repository/Olusturma/Genel/Olusturma/Ekle' located by 'By.cssSelector: #divmalhizmet i.fa.fa-plus.fa-lg.text-muted' in '30' second(s)

2021-11-19 17:18:17 - [MESSAGE][INFO] - Smart Wait Function is triggered

2021-11-19 17:18:18 - [MESSAGE][INFO] - Found 1 web elements with id: 'Object Repository/Olusturma/Genel/Olusturma/Ekle' located by 'By.cssSelector: #divmalhizmet i.fa.fa-plus.fa-lg.text-muted' in '30' second(s)

2021-11-19 17:18:18 - [MESSAGE][INFO] - Clicking on object: 'Object Repository/Olusturma/Genel/Olusturma/Ekle'

2021-11-19 17:18:18 - [MESSAGE][PASSED] - Object: 'Object Repository/Olusturma/Genel/Olusturma/Ekle' is clicked on

2021-11-19 17:18:18 - [TEST_STEP][PASSED] - waitForElementClickable(findTestObject("Olusturma/Genel/Olusturma/EklenenSatirCarpiImage"), 10): Object 'Object Repository/Olusturma/Genel/Olusturma/EklenenSatirCarpiImage' is clickable

2021-11-19 17:18:18 - [MESSAGE][INFO] - Finding Test Object 'Object Repository/Olusturma/Genel/Olusturma/EklenenSatirCarpiImage'

2021-11-19 17:18:18 - [MESSAGE][INFO] - Checking object

2021-11-19 17:18:18 - [MESSAGE][INFO] - Checking timeout

2021-11-19 17:18:18 - [MESSAGE][INFO] - Finding web element from Test Object's properties

2021-11-19 17:18:18 - [MESSAGE][INFO] - Checking timeout

2021-11-19 17:18:18 - [MESSAGE][INFO] - Finding web element with id: 'Object Repository/Olusturma/Genel/Olusturma/EklenenSatirCarpiImage' located by 'By.cssSelector: .fa.fa-times.fa-lg.text-primary' in '10' second(s)

2021-11-19 17:18:18 - [MESSAGE][INFO] - Smart Wait Function is triggered

2021-11-19 17:18:18 - [MESSAGE][INFO] - Found 1 web elements with id: 'Object Repository/Olusturma/Genel/Olusturma/EklenenSatirCarpiImage' located by 'By.cssSelector: .fa.fa-times.fa-lg.text-primary' in '10' second(s)

2021-11-19 17:18:18 - [MESSAGE][PASSED] - Object 'Object Repository/Olusturma/Genel/Olusturma/EklenenSatirCarpiImage' is clickable

2021-11-19 17:18:18 - [MESSAGE][PASSED] - Call Test Case 'Test Cases/Olusturma/Genel/EkleButonunaBasilir' successfully

2021-11-19 17:18:18 - [MESSAGE][INFO] - Checking called Test Case

2021-11-19 17:18:18 - [MESSAGE][INFO] - Starting to call Test Case 'Test Cases/Olusturma/Genel/Olusturma'

2021-11-19 17:18:18 - [TEST_CASE][PASSED] - Test Cases/Olusturma/Genel/Olusturma: Test Cases/Olusturma/Genel/Olusturma

2021-11-19 17:18:18 - [TEST_STEP][PASSED] - driver = getWebDriver(): null

2021-11-19 17:18:18 - [TEST_STEP][PASSED] - action = new org.openqa.selenium.interactions.Actions(driver): null

2021-11-19 17:18:18 - [TEST_STEP][PASSED] - baslikElement = <not implemented yet for class: org.codehaus.groovy.ast.expr.EmptyExpression>: null

2021-11-19 17:18:18 - [TEST_STEP][PASSED] - sonElement = <not implemented yet for class: org.codehaus.groovy.ast.expr.EmptyExpression>: null

2021-11-19 17:18:18 - [TEST_STEP][PASSED] - attr = <not implemented yet for class: org.codehaus.groovy.ast.expr.EmptyExpression>: null

2021-11-19 17:18:18 - [TEST_STEP][PASSED] - a = 0: null

2021-11-19 17:18:18 - [TEST_STEP][PASSED] - elements = findWebElements(findTestObject("Object Repository/Olusturma/Genel/Olusturma/TabloBasliklari"), 10): Found 13 web elements with id: 'Object Repository/Olusturma/Genel/Olusturma/TabloBasliklari' located by 'By.cssSelector: div#divmalhizmet .dxgvTable_LECustomTheme td.dxgvHeader_LECustomTheme tr>td:nth-child(1)' in '10' second(s)

2021-11-19 17:18:18 - [MESSAGE][INFO] - Finding Test Object 'Object Repository/Olusturma/Genel/Olusturma/TabloBasliklari'

2021-11-19 17:18:19 - [MESSAGE][INFO] - Checking timeout

2021-11-19 17:18:19 - [MESSAGE][INFO] - Finding web element with id: 'Object Repository/Olusturma/Genel/Olusturma/TabloBasliklari' located by 'By.cssSelector: div#divmalhizmet .dxgvTable_LECustomTheme td.dxgvHeader_LECustomTheme tr>td:nth-child(1)' in '10' second(s)

2021-11-19 17:18:19 - [MESSAGE][INFO] - Smart Wait Function is triggered

2021-11-19 17:18:19 - [MESSAGE][INFO] - Found 13 web elements with id: 'Object Repository/Olusturma/Genel/Olusturma/TabloBasliklari' located by 'By.cssSelector: div#divmalhizmet .dxgvTable_LECustomTheme td.dxgvHeader_LECustomTheme tr>td:nth-child(1)' in '10' second(s)

2021-11-19 17:18:19 - [TEST_STEP][PASSED] - for (def element : elements): null

2021-11-19 17:18:19 - [TEST_STEP][PASSED] - build().perform(): null

2021-11-19 17:18:20 - [TEST_STEP][PASSED] - if (getText().equals(Baslik)): null

2021-11-19 17:18:20 - [TEST_STEP][PASSED] - baslikElement = element.findElement(By.xpath("../../../..")): Smart Wait Function is triggered

2021-11-19 17:18:20 - [MESSAGE][INFO] - Smart Wait Function is triggered

2021-11-19 17:18:20 - [TEST_STEP][PASSED] - attr = baslikElement.getAttribute("id"): null

2021-11-19 17:18:20 - [TEST_STEP][PASSED] - println("girdi ve idsini aldı = " + attr): null

2021-11-19 17:18:20 - [TEST_STEP][PASSED] - break: null

2021-11-19 17:18:20 - [TEST_STEP][PASSED] - countElement = baslikElement.findElements(By.xpath("../td")): Smart Wait Function is triggered

2021-11-19 17:18:20 - [MESSAGE][INFO] - Smart Wait Function is triggered

2021-11-19 17:18:20 - [TEST_STEP][PASSED] - for (def element : countElement): null

2021-11-19 17:18:20 - [TEST_STEP][PASSED] - if (toString().equals(attr.toString())): null

2021-11-19 17:18:20 - [TEST_STEP][PASSED] - (a++): null

2021-11-19 17:18:20 - [TEST_STEP][PASSED] - if (toString().equals(attr.toString())): null

2021-11-19 17:18:20 - [TEST_STEP][PASSED] - break: null

2021-11-19 17:18:20 - [TEST_STEP][PASSED] - son = findWebElement(findTestObject("Object Repository/Olusturma/Genel/Olusturma/EklenenSatir")).findElement(By.xpath("td[@class='dxgvInlineEditCell_LECustomTheme dxgv'][" + a + "]//td[@class='dxic']/input")): Smart Wait Function is triggered

2021-11-19 17:18:20 - [MESSAGE][INFO] - Finding Test Object 'Object Repository/Olusturma/Genel/Olusturma/EklenenSatir'

2021-11-19 17:18:21 - [MESSAGE][INFO] - Finding web element from Test Object's properties

2021-11-19 17:18:21 - [MESSAGE][INFO] - Checking timeout

2021-11-19 17:18:21 - [MESSAGE][INFO] - Finding web element with id: 'Object Repository/Olusturma/Genel/Olusturma/EklenenSatir' located by 'By.cssSelector: #divmalhizmet .dxgvInlineEditRow_LECustomTheme' in '30' second(s)

2021-11-19 17:18:21 - [MESSAGE][INFO] - Smart Wait Function is triggered

2021-11-19 17:18:21 - [MESSAGE][INFO] - Found 1 web elements with id: 'Object Repository/Olusturma/Genel/Olusturma/EklenenSatir' located by 'By.cssSelector: #divmalhizmet .dxgvInlineEditRow_LECustomTheme' in '30' second(s)

2021-11-19 17:18:21 - [MESSAGE][INFO] - Smart Wait Function is triggered

2021-11-19 17:18:21 - [TEST_STEP][PASSED] - if (!(getAttribute("value").contains("Vkn"))): null

2021-11-19 17:18:21 - [TEST_STEP][PASSED] - son.clear(): null

2021-11-19 17:18:21 - [TEST_STEP][PASSED] - son.sendKeys(Deger): null

2021-11-19 17:18:21 - [MESSAGE][PASSED] - Call Test Case 'Test Cases/Olusturma/Genel/Olusturma' successfully

2021-11-19 17:18:21 - [MESSAGE][INFO] - Checking called Test Case

2021-11-19 17:18:21 - [MESSAGE][INFO] - Starting to call Test Case 'Test Cases/Olusturma/Genel/Olusturma'

2021-11-19 17:18:21 - [TEST_CASE][PASSED] - Test Cases/Olusturma/Genel/Olusturma: Test Cases/Olusturma/Genel/Olusturma

2021-11-19 17:18:21 - [TEST_STEP][PASSED] - driver = getWebDriver(): null

2021-11-19 17:18:21 - [TEST_STEP][PASSED] - action = new org.openqa.selenium.interactions.Actions(driver): null

2021-11-19 17:18:21 - [TEST_STEP][PASSED] - baslikElement = <not implemented yet for class: org.codehaus.groovy.ast.expr.EmptyExpression>: null

2021-11-19 17:18:21 - [TEST_STEP][PASSED] - sonElement = <not implemented yet for class: org.codehaus.groovy.ast.expr.EmptyExpression>: null

2021-11-19 17:18:21 - [TEST_STEP][PASSED] - attr = <not implemented yet for class: org.codehaus.groovy.ast.expr.EmptyExpression>: null

2021-11-19 17:18:21 - [TEST_STEP][PASSED] - a = 0: null

2021-11-19 17:18:21 - [TEST_STEP][PASSED] - elements = findWebElements(findTestObject("Object Repository/Olusturma/Genel/Olusturma/TabloBasliklari"), 10): Found 13 web elements with id: 'Object Repository/Olusturma/Genel/Olusturma/TabloBasliklari' located by 'By.cssSelector: div#divmalhizmet .dxgvTable_LECustomTheme td.dxgvHeader_LECustomTheme tr>td:nth-child(1)' in '10' second(s)

2021-11-19 17:18:21 - [MESSAGE][INFO] - Finding Test Object 'Object Repository/Olusturma/Genel/Olusturma/TabloBasliklari'

2021-11-19 17:18:22 - [MESSAGE][INFO] - Checking timeout

2021-11-19 17:18:22 - [MESSAGE][INFO] - Finding web element with id: 'Object Repository/Olusturma/Genel/Olusturma/TabloBasliklari' located by 'By.cssSelector: div#divmalhizmet .dxgvTable_LECustomTheme td.dxgvHeader_LECustomTheme tr>td:nth-child(1)' in '10' second(s)

2021-11-19 17:18:22 - [MESSAGE][INFO] - Smart Wait Function is triggered

2021-11-19 17:18:22 - [MESSAGE][INFO] - Found 13 web elements with id: 'Object Repository/Olusturma/Genel/Olusturma/TabloBasliklari' located by 'By.cssSelector: div#divmalhizmet .dxgvTable_LECustomTheme td.dxgvHeader_LECustomTheme tr>td:nth-child(1)' in '10' second(s)

2021-11-19 17:18:22 - [TEST_STEP][PASSED] - for (def element : elements): null

2021-11-19 17:18:22 - [TEST_STEP][PASSED] - build().perform(): null

2021-11-19 17:18:22 - [TEST_STEP][PASSED] - if (getText().equals(Baslik)): null

2021-11-19 17:18:22 - [TEST_STEP][PASSED] - build().perform(): null

2021-11-19 17:18:22 - [TEST_STEP][PASSED] - if (getText().equals(Baslik)): null

2021-11-19 17:18:22 - [TEST_STEP][PASSED] - baslikElement = element.findElement(By.xpath("../../../..")): Smart Wait Function is triggered

2021-11-19 17:18:22 - [MESSAGE][INFO] - Smart Wait Function is triggered

2021-11-19 17:18:22 - [TEST_STEP][PASSED] - attr = baslikElement.getAttribute("id"): null

2021-11-19 17:18:22 - [TEST_STEP][PASSED] - println("girdi ve idsini aldı = " + attr): null

2021-11-19 17:18:22 - [TEST_STEP][PASSED] - break: null

2021-11-19 17:18:22 - [TEST_STEP][PASSED] - countElement = baslikElement.findElements(By.xpath("../td")): Smart Wait Function is triggered

2021-11-19 17:18:22 - [MESSAGE][INFO] - Smart Wait Function is triggered

2021-11-19 17:18:23 - [TEST_STEP][PASSED] - for (def element : countElement): null

2021-11-19 17:18:23 - [TEST_STEP][PASSED] - if (toString().equals(attr.toString())): null

2021-11-19 17:18:23 - [TEST_STEP][PASSED] - (a++): null

2021-11-19 17:18:23 - [TEST_STEP][PASSED] - if (toString().equals(attr.toString())): null

2021-11-19 17:18:23 - [TEST_STEP][PASSED] - (a++): null

2021-11-19 17:18:23 - [TEST_STEP][PASSED] - if (toString().equals(attr.toString())): null

2021-11-19 17:18:23 - [TEST_STEP][PASSED] - break: null

2021-11-19 17:18:23 - [TEST_STEP][PASSED] - son = findWebElement(findTestObject("Object Repository/Olusturma/Genel/Olusturma/EklenenSatir")).findElement(By.xpath("td[@class='dxgvInlineEditCell_LECustomTheme dxgv'][" + a + "]//td[@class='dxic']/input")): Smart Wait Function is triggered

2021-11-19 17:18:23 - [MESSAGE][INFO] - Finding Test Object 'Object Repository/Olusturma/Genel/Olusturma/EklenenSatir'

2021-11-19 17:18:23 - [MESSAGE][INFO] - Finding web element from Test Object's properties

2021-11-19 17:18:23 - [MESSAGE][INFO] - Checking timeout

2021-11-19 17:18:23 - [MESSAGE][INFO] - Finding web element with id: 'Object Repository/Olusturma/Genel/Olusturma/EklenenSatir' located by 'By.cssSelector: #divmalhizmet .dxgvInlineEditRow_LECustomTheme' in '30' second(s)

2021-11-19 17:18:23 - [MESSAGE][INFO] - Smart Wait Function is triggered

2021-11-19 17:18:23 - [MESSAGE][INFO] - Found 1 web elements with id: 'Object Repository/Olusturma/Genel/Olusturma/EklenenSatir' located by 'By.cssSelector: #divmalhizmet .dxgvInlineEditRow_LECustomTheme' in '30' second(s)

2021-11-19 17:18:23 - [MESSAGE][INFO] - Smart Wait Function is triggered

2021-11-19 17:18:23 - [TEST_STEP][PASSED] - if (!(getAttribute("value").contains("Vkn"))): null

2021-11-19 17:18:23 - [TEST_STEP][PASSED] - son.clear(): null

2021-11-19 17:18:24 - [TEST_STEP][PASSED] - son.sendKeys(Deger): null

2021-11-19 17:18:24 - [MESSAGE][PASSED] - Call Test Case 'Test Cases/Olusturma/Genel/Olusturma' successfully

2021-11-19 17:18:24 - [MESSAGE][INFO] - Checking called Test Case

2021-11-19 17:18:24 - [MESSAGE][INFO] - Starting to call Test Case 'Test Cases/Olusturma/Genel/Olusturma'

2021-11-19 17:18:24 - [TEST_CASE][PASSED] - Test Cases/Olusturma/Genel/Olusturma: Test Cases/Olusturma/Genel/Olusturma

2021-11-19 17:18:24 - [TEST_STEP][PASSED] - driver = getWebDriver(): null

2021-11-19 17:18:24 - [TEST_STEP][PASSED] - action = new org.openqa.selenium.interactions.Actions(driver): null

2021-11-19 17:18:24 - [TEST_STEP][PASSED] - baslikElement = <not implemented yet for class: org.codehaus.groovy.ast.expr.EmptyExpression>: null

2021-11-19 17:18:24 - [TEST_STEP][PASSED] - sonElement = <not implemented yet for class: org.codehaus.groovy.ast.expr.EmptyExpression>: null

2021-11-19 17:18:24 - [TEST_STEP][PASSED] - attr = <not implemented yet for class: org.codehaus.groovy.ast.expr.EmptyExpression>: null

2021-11-19 17:18:24 - [TEST_STEP][PASSED] - a = 0: null

2021-11-19 17:18:24 - [TEST_STEP][PASSED] - elements = findWebElements(findTestObject("Object Repository/Olusturma/Genel/Olusturma/TabloBasliklari"), 10): Found 13 web elements with id: 'Object Repository/Olusturma/Genel/Olusturma/TabloBasliklari' located by 'By.cssSelector: div#divmalhizmet .dxgvTable_LECustomTheme td.dxgvHeader_LECustomTheme tr>td:nth-child(1)' in '10' second(s)

2021-11-19 17:18:24 - [MESSAGE][INFO] - Finding Test Object 'Object Repository/Olusturma/Genel/Olusturma/TabloBasliklari'

2021-11-19 17:18:24 - [MESSAGE][INFO] - Checking timeout

2021-11-19 17:18:24 - [MESSAGE][INFO] - Finding web element with id: 'Object Repository/Olusturma/Genel/Olusturma/TabloBasliklari' located by 'By.cssSelector: div#divmalhizmet .dxgvTable_LECustomTheme td.dxgvHeader_LECustomTheme tr>td:nth-child(1)' in '10' second(s)

2021-11-19 17:18:24 - [MESSAGE][INFO] - Smart Wait Function is triggered

2021-11-19 17:18:24 - [MESSAGE][INFO] - Found 13 web elements with id: 'Object Repository/Olusturma/Genel/Olusturma/TabloBasliklari' located by 'By.cssSelector: div#divmalhizmet .dxgvTable_LECustomTheme td.dxgvHeader_LECustomTheme tr>td:nth-child(1)' in '10' second(s)

2021-11-19 17:18:24 - [TEST_STEP][PASSED] - for (def element : elements): null

2021-11-19 17:18:24 - [TEST_STEP][PASSED] - build().perform(): null

2021-11-19 17:18:24 - [TEST_STEP][PASSED] - if (getText().equals(Baslik)): null

2021-11-19 17:18:24 - [TEST_STEP][PASSED] - build().perform(): null

2021-11-19 17:18:25 - [TEST_STEP][PASSED] - if (getText().equals(Baslik)): null

2021-11-19 17:18:25 - [TEST_STEP][PASSED] - build().perform(): null

2021-11-19 17:18:25 - [TEST_STEP][PASSED] - if (getText().equals(Baslik)): null

2021-11-19 17:18:25 - [TEST_STEP][PASSED] - build().perform(): null

2021-11-19 17:18:25 - [TEST_STEP][PASSED] - if (getText().equals(Baslik)): null

2021-11-19 17:18:25 - [TEST_STEP][PASSED] - baslikElement = element.findElement(By.xpath("../../../..")): Smart Wait Function is triggered

2021-11-19 17:18:25 - [MESSAGE][INFO] - Smart Wait Function is triggered

2021-11-19 17:18:25 - [TEST_STEP][PASSED] - attr = baslikElement.getAttribute("id"): null

2021-11-19 17:18:25 - [TEST_STEP][PASSED] - println("girdi ve idsini aldı = " + attr): null

2021-11-19 17:18:25 - [TEST_STEP][PASSED] - break: null

2021-11-19 17:18:25 - [TEST_STEP][PASSED] - countElement = baslikElement.findElements(By.xpath("../td")): Smart Wait Function is triggered

2021-11-19 17:18:25 - [MESSAGE][INFO] - Smart Wait Function is triggered

2021-11-19 17:18:25 - [TEST_STEP][PASSED] - for (def element : countElement): null

2021-11-19 17:18:25 - [TEST_STEP][PASSED] - if (toString().equals(attr.toString())): null

2021-11-19 17:18:25 - [TEST_STEP][PASSED] - (a++): null

2021-11-19 17:18:25 - [TEST_STEP][PASSED] - if (toString().equals(attr.toString())): null

2021-11-19 17:18:25 - [TEST_STEP][PASSED] - (a++): null

2021-11-19 17:18:25 - [TEST_STEP][PASSED] - if (toString().equals(attr.toString())): null

2021-11-19 17:18:25 - [TEST_STEP][PASSED] - (a++): null

2021-11-19 17:18:25 - [TEST_STEP][PASSED] - if (toString().equals(attr.toString())): null

2021-11-19 17:18:26 - [TEST_STEP][PASSED] - (a++): null

2021-11-19 17:18:26 - [TEST_STEP][PASSED] - if (toString().equals(attr.toString())): null

2021-11-19 17:18:26 - [TEST_STEP][PASSED] - break: null

2021-11-19 17:18:26 - [TEST_STEP][PASSED] - son = findWebElement(findTestObject("Object Repository/Olusturma/Genel/Olusturma/EklenenSatir")).findElement(By.xpath("td[@class='dxgvInlineEditCell_LECustomTheme dxgv'][" + a + "]//td[@class='dxic']/input")): Smart Wait Function is triggered

2021-11-19 17:18:26 - [MESSAGE][INFO] - Finding Test Object 'Object Repository/Olusturma/Genel/Olusturma/EklenenSatir'

2021-11-19 17:18:26 - [MESSAGE][INFO] - Finding web element from Test Object's properties

2021-11-19 17:18:26 - [MESSAGE][INFO] - Checking timeout

2021-11-19 17:18:26 - [MESSAGE][INFO] - Finding web element with id: 'Object Repository/Olusturma/Genel/Olusturma/EklenenSatir' located by 'By.cssSelector: #divmalhizmet .dxgvInlineEditRow_LECustomTheme' in '30' second(s)

2021-11-19 17:18:26 - [MESSAGE][INFO] - Smart Wait Function is triggered

2021-11-19 17:18:26 - [MESSAGE][INFO] - Found 1 web elements with id: 'Object Repository/Olusturma/Genel/Olusturma/EklenenSatir' located by 'By.cssSelector: #divmalhizmet .dxgvInlineEditRow_LECustomTheme' in '30' second(s)

2021-11-19 17:18:26 - [MESSAGE][INFO] - Smart Wait Function is triggered

2021-11-19 17:18:26 - [TEST_STEP][PASSED] - if (!(getAttribute("value").contains("Vkn"))): null

2021-11-19 17:18:26 - [TEST_STEP][PASSED] - son.clear(): null

2021-11-19 17:18:26 - [TEST_STEP][PASSED] - son.sendKeys(Deger): null

2021-11-19 17:18:26 - [MESSAGE][PASSED] - Call Test Case 'Test Cases/Olusturma/Genel/Olusturma' successfully

2021-11-19 17:18:27 - [MESSAGE][INFO] - Checking called Test Case

2021-11-19 17:18:27 - [MESSAGE][INFO] - Starting to call Test Case 'Test Cases/Olusturma/Genel/Olusturma'

2021-11-19 17:18:27 - [TEST_CASE][PASSED] - Test Cases/Olusturma/Genel/Olusturma: Test Cases/Olusturma/Genel/Olusturma

2021-11-19 17:18:27 - [TEST_STEP][PASSED] - driver = getWebDriver(): null

2021-11-19 17:18:27 - [TEST_STEP][PASSED] - action = new org.openqa.selenium.interactions.Actions(driver): null

2021-11-19 17:18:27 - [TEST_STEP][PASSED] - baslikElement = <not implemented yet for class: org.codehaus.groovy.ast.expr.EmptyExpression>: null

2021-11-19 17:18:27 - [TEST_STEP][PASSED] - sonElement = <not implemented yet for class: org.codehaus.groovy.ast.expr.EmptyExpression>: null

2021-11-19 17:18:27 - [TEST_STEP][PASSED] - attr = <not implemented yet for class: org.codehaus.groovy.ast.expr.EmptyExpression>: null

2021-11-19 17:18:27 - [TEST_STEP][PASSED] - a = 0: null

2021-11-19 17:18:27 - [TEST_STEP][PASSED] - elements = findWebElements(findTestObject("Object Repository/Olusturma/Genel/Olusturma/TabloBasliklari"), 10): Found 13 web elements with id: 'Object Repository/Olusturma/Genel/Olusturma/TabloBasliklari' located by 'By.cssSelector: div#divmalhizmet .dxgvTable_LECustomTheme td.dxgvHeader_LECustomTheme tr>td:nth-child(1)' in '10' second(s)

2021-11-19 17:18:27 - [MESSAGE][INFO] - Finding Test Object 'Object Repository/Olusturma/Genel/Olusturma/TabloBasliklari'

2021-11-19 17:18:27 - [MESSAGE][INFO] - Checking timeout

2021-11-19 17:18:27 - [MESSAGE][INFO] - Finding web element with id: 'Object Repository/Olusturma/Genel/Olusturma/TabloBasliklari' located by 'By.cssSelector: div#divmalhizmet .dxgvTable_LECustomTheme td.dxgvHeader_LECustomTheme tr>td:nth-child(1)' in '10' second(s)

2021-11-19 17:18:27 - [MESSAGE][INFO] - Smart Wait Function is triggered

2021-11-19 17:18:27 - [MESSAGE][INFO] - Found 13 web elements with id: 'Object Repository/Olusturma/Genel/Olusturma/TabloBasliklari' located by 'By.cssSelector: div#divmalhizmet .dxgvTable_LECustomTheme td.dxgvHeader_LECustomTheme tr>td:nth-child(1)' in '10' second(s)

2021-11-19 17:18:27 - [TEST_STEP][PASSED] - for (def element : elements): null

2021-11-19 17:18:27 - [TEST_STEP][PASSED] - build().perform(): null

2021-11-19 17:18:27 - [TEST_STEP][PASSED] - if (getText().equals(Baslik)): null

2021-11-19 17:18:27 - [TEST_STEP][PASSED] - build().perform(): null

2021-11-19 17:18:27 - [TEST_STEP][PASSED] - if (getText().equals(Baslik)): null

2021-11-19 17:18:27 - [TEST_STEP][PASSED] - build().perform(): null

2021-11-19 17:18:27 - [TEST_STEP][PASSED] - if (getText().equals(Baslik)): null

2021-11-19 17:18:27 - [TEST_STEP][PASSED] - build().perform(): null

2021-11-19 17:18:28 - [TEST_STEP][PASSED] - if (getText().equals(Baslik)): null

2021-11-19 17:18:28 - [TEST_STEP][PASSED] - build().perform(): null

2021-11-19 17:18:28 - [TEST_STEP][PASSED] - if (getText().equals(Baslik)): null

2021-11-19 17:18:28 - [TEST_STEP][PASSED] - build().perform(): null

2021-11-19 17:18:28 - [TEST_STEP][PASSED] - if (getText().equals(Baslik)): null

2021-11-19 17:18:28 - [TEST_STEP][PASSED] - baslikElement = element.findElement(By.xpath("../../../..")): Smart Wait Function is triggered

2021-11-19 17:18:28 - [MESSAGE][INFO] - Smart Wait Function is triggered

2021-11-19 17:18:28 - [TEST_STEP][PASSED] - attr = baslikElement.getAttribute("id"): null

2021-11-19 17:18:28 - [TEST_STEP][PASSED] - println("girdi ve idsini aldı = " + attr): null

2021-11-19 17:18:28 - [TEST_STEP][PASSED] - break: null

2021-11-19 17:18:28 - [TEST_STEP][PASSED] - countElement = baslikElement.findElements(By.xpath("../td")): Smart Wait Function is triggered

2021-11-19 17:18:28 - [MESSAGE][INFO] - Smart Wait Function is triggered

2021-11-19 17:18:29 - [TEST_STEP][PASSED] - for (def element : countElement): null

2021-11-19 17:18:29 - [TEST_STEP][PASSED] - if (toString().equals(attr.toString())): null

2021-11-19 17:18:29 - [TEST_STEP][PASSED] - (a++): null

2021-11-19 17:18:29 - [TEST_STEP][PASSED] - if (toString().equals(attr.toString())): null

2021-11-19 17:18:29 - [TEST_STEP][PASSED] - (a++): null

2021-11-19 17:18:29 - [TEST_STEP][PASSED] - if (toString().equals(attr.toString())): null

2021-11-19 17:18:29 - [TEST_STEP][PASSED] - (a++): null

2021-11-19 17:18:29 - [TEST_STEP][PASSED] - if (toString().equals(attr.toString())): null

2021-11-19 17:18:29 - [TEST_STEP][PASSED] - (a++): null

2021-11-19 17:18:29 - [TEST_STEP][PASSED] - if (toString().equals(attr.toString())): null

2021-11-19 17:18:29 - [TEST_STEP][PASSED] - (a++): null

2021-11-19 17:18:29 - [TEST_STEP][PASSED] - if (toString().equals(attr.toString())): null

2021-11-19 17:18:29 - [TEST_STEP][PASSED] - (a++): null

2021-11-19 17:18:29 - [TEST_STEP][PASSED] - if (toString().equals(attr.toString())): null

2021-11-19 17:18:29 - [TEST_STEP][PASSED] - break: null

2021-11-19 17:18:29 - [TEST_STEP][PASSED] - son = findWebElement(findTestObject("Object Repository/Olusturma/Genel/Olusturma/EklenenSatir")).findElement(By.xpath("td[@class='dxgvInlineEditCell_LECustomTheme dxgv'][" + a + "]//td[@class='dxic']/input")): Smart Wait Function is triggered

2021-11-19 17:18:29 - [MESSAGE][INFO] - Finding Test Object 'Object Repository/Olusturma/Genel/Olusturma/EklenenSatir'

2021-11-19 17:18:29 - [MESSAGE][INFO] - Finding web element from Test Object's properties

2021-11-19 17:18:29 - [MESSAGE][INFO] - Checking timeout

2021-11-19 17:18:29 - [MESSAGE][INFO] - Finding web element with id: 'Object Repository/Olusturma/Genel/Olusturma/EklenenSatir' located by 'By.cssSelector: #divmalhizmet .dxgvInlineEditRow_LECustomTheme' in '30' second(s)

2021-11-19 17:18:29 - [MESSAGE][INFO] - Smart Wait Function is triggered

2021-11-19 17:18:29 - [MESSAGE][INFO] - Found 1 web elements with id: 'Object Repository/Olusturma/Genel/Olusturma/EklenenSatir' located by 'By.cssSelector: #divmalhizmet .dxgvInlineEditRow_LECustomTheme' in '30' second(s)

2021-11-19 17:18:29 - [MESSAGE][INFO] - Smart Wait Function is triggered

2021-11-19 17:18:30 - [TEST_STEP][PASSED] - if (!(getAttribute("value").contains("Vkn"))): null

2021-11-19 17:18:30 - [TEST_STEP][PASSED] - son.clear(): null

2021-11-19 17:18:30 - [TEST_STEP][PASSED] - son.sendKeys(Deger): null

2021-11-19 17:18:30 - [MESSAGE][PASSED] - Call Test Case 'Test Cases/Olusturma/Genel/Olusturma' successfully

2021-11-19 17:18:30 - [MESSAGE][INFO] - Checking called Test Case

2021-11-19 17:18:30 - [MESSAGE][INFO] - Starting to call Test Case 'Test Cases/Olusturma/Genel/Olusturma'

2021-11-19 17:18:30 - [TEST_CASE][PASSED] - Test Cases/Olusturma/Genel/Olusturma: Test Cases/Olusturma/Genel/Olusturma

2021-11-19 17:18:30 - [TEST_STEP][PASSED] - driver = getWebDriver(): null

2021-11-19 17:18:30 - [TEST_STEP][PASSED] - action = new org.openqa.selenium.interactions.Actions(driver): null

2021-11-19 17:18:30 - [TEST_STEP][PASSED] - baslikElement = <not implemented yet for class: org.codehaus.groovy.ast.expr.EmptyExpression>: null

2021-11-19 17:18:30 - [TEST_STEP][PASSED] - sonElement = <not implemented yet for class: org.codehaus.groovy.ast.expr.EmptyExpression>: null

2021-11-19 17:18:30 - [TEST_STEP][PASSED] - attr = <not implemented yet for class: org.codehaus.groovy.ast.expr.EmptyExpression>: null

2021-11-19 17:18:30 - [TEST_STEP][PASSED] - a = 0: null

2021-11-19 17:18:30 - [TEST_STEP][PASSED] - elements = findWebElements(findTestObject("Object Repository/Olusturma/Genel/Olusturma/TabloBasliklari"), 10): Found 13 web elements with id: 'Object Repository/Olusturma/Genel/Olusturma/TabloBasliklari' located by 'By.cssSelector: div#divmalhizmet .dxgvTable_LECustomTheme td.dxgvHeader_LECustomTheme tr>td:nth-child(1)' in '10' second(s)

2021-11-19 17:18:30 - [MESSAGE][INFO] - Finding Test Object 'Object Repository/Olusturma/Genel/Olusturma/TabloBasliklari'

2021-11-19 17:18:30 - [MESSAGE][INFO] - Checking timeout

2021-11-19 17:18:30 - [MESSAGE][INFO] - Finding web element with id: 'Object Repository/Olusturma/Genel/Olusturma/TabloBasliklari' located by 'By.cssSelector: div#divmalhizmet .dxgvTable_LECustomTheme td.dxgvHeader_LECustomTheme tr>td:nth-child(1)' in '10' second(s)

2021-11-19 17:18:30 - [MESSAGE][INFO] - Smart Wait Function is triggered

2021-11-19 17:18:31 - [MESSAGE][INFO] - Found 13 web elements with id: 'Object Repository/Olusturma/Genel/Olusturma/TabloBasliklari' located by 'By.cssSelector: div#divmalhizmet .dxgvTable_LECustomTheme td.dxgvHeader_LECustomTheme tr>td:nth-child(1)' in '10' second(s)

2021-11-19 17:18:31 - [TEST_STEP][PASSED] - for (def element : elements): null

2021-11-19 17:18:31 - [TEST_STEP][PASSED] - build().perform(): null

2021-11-19 17:18:31 - [TEST_STEP][PASSED] - if (getText().equals(Baslik)): null

2021-11-19 17:18:31 - [TEST_STEP][PASSED] - build().perform(): null

2021-11-19 17:18:31 - [TEST_STEP][PASSED] - if (getText().equals(Baslik)): null

2021-11-19 17:18:31 - [TEST_STEP][PASSED] - build().perform(): null

2021-11-19 17:18:31 - [TEST_STEP][PASSED] - if (getText().equals(Baslik)): null

2021-11-19 17:18:31 - [TEST_STEP][PASSED] - build().perform(): null

2021-11-19 17:18:31 - [TEST_STEP][PASSED] - if (getText().equals(Baslik)): null

2021-11-19 17:18:31 - [TEST_STEP][PASSED] - build().perform(): null

2021-11-19 17:18:32 - [TEST_STEP][PASSED] - if (getText().equals(Baslik)): null

2021-11-19 17:18:32 - [TEST_STEP][PASSED] - build().perform(): null

2021-11-19 17:18:32 - [TEST_STEP][PASSED] - if (getText().equals(Baslik)): null

2021-11-19 17:18:32 - [TEST_STEP][PASSED] - build().perform(): null

2021-11-19 17:18:32 - [TEST_STEP][PASSED] - if (getText().equals(Baslik)): null

2021-11-19 17:18:32 - [TEST_STEP][PASSED] - baslikElement = element.findElement(By.xpath("../../../..")): Smart Wait Function is triggered

2021-11-19 17:18:32 - [MESSAGE][INFO] - Smart Wait Function is triggered

2021-11-19 17:18:32 - [TEST_STEP][PASSED] - attr = baslikElement.getAttribute("id"): null

2021-11-19 17:18:32 - [TEST_STEP][PASSED] - println("girdi ve idsini aldı = " + attr): null

2021-11-19 17:18:32 - [TEST_STEP][PASSED] - break: null

2021-11-19 17:18:32 - [TEST_STEP][PASSED] - countElement = baslikElement.findElements(By.xpath("../td")): Smart Wait Function is triggered

2021-11-19 17:18:32 - [MESSAGE][INFO] - Smart Wait Function is triggered

2021-11-19 17:18:32 - [TEST_STEP][PASSED] - for (def element : countElement): null

2021-11-19 17:18:32 - [TEST_STEP][PASSED] - if (toString().equals(attr.toString())): null

2021-11-19 17:18:32 - [TEST_STEP][PASSED] - (a++): null

2021-11-19 17:18:32 - [TEST_STEP][PASSED] - if (toString().equals(attr.toString())): null

2021-11-19 17:18:32 - [TEST_STEP][PASSED] - (a++): null

2021-11-19 17:18:32 - [TEST_STEP][PASSED] - if (toString().equals(attr.toString())): null

2021-11-19 17:18:32 - [TEST_STEP][PASSED] - (a++): null

2021-11-19 17:18:32 - [TEST_STEP][PASSED] - if (toString().equals(attr.toString())): null

2021-11-19 17:18:32 - [TEST_STEP][PASSED] - (a++): null

2021-11-19 17:18:32 - [TEST_STEP][PASSED] - if (toString().equals(attr.toString())): null

2021-11-19 17:18:33 - [TEST_STEP][PASSED] - (a++): null

2021-11-19 17:18:33 - [TEST_STEP][PASSED] - if (toString().equals(attr.toString())): null

2021-11-19 17:18:33 - [TEST_STEP][PASSED] - (a++): null

2021-11-19 17:18:33 - [TEST_STEP][PASSED] - if (toString().equals(attr.toString())): null

2021-11-19 17:18:33 - [TEST_STEP][PASSED] - (a++): null

2021-11-19 17:18:33 - [TEST_STEP][PASSED] - if (toString().equals(attr.toString())): null

2021-11-19 17:18:33 - [TEST_STEP][PASSED] - break: null

2021-11-19 17:18:33 - [TEST_STEP][PASSED] - son = findWebElement(findTestObject("Object Repository/Olusturma/Genel/Olusturma/EklenenSatir")).findElement(By.xpath("td[@class='dxgvInlineEditCell_LECustomTheme dxgv'][" + a + "]//td[@class='dxic']/input")): Smart Wait Function is triggered

2021-11-19 17:18:33 - [MESSAGE][INFO] - Finding Test Object 'Object Repository/Olusturma/Genel/Olusturma/EklenenSatir'

2021-11-19 17:18:33 - [MESSAGE][INFO] - Finding web element from Test Object's properties

2021-11-19 17:18:33 - [MESSAGE][INFO] - Checking timeout

2021-11-19 17:18:33 - [MESSAGE][INFO] - Finding web element with id: 'Object Repository/Olusturma/Genel/Olusturma/EklenenSatir' located by 'By.cssSelector: #divmalhizmet .dxgvInlineEditRow_LECustomTheme' in '30' second(s)

2021-11-19 17:18:33 - [MESSAGE][INFO] - Smart Wait Function is triggered

2021-11-19 17:18:33 - [MESSAGE][INFO] - Found 1 web elements with id: 'Object Repository/Olusturma/Genel/Olusturma/EklenenSatir' located by 'By.cssSelector: #divmalhizmet .dxgvInlineEditRow_LECustomTheme' in '30' second(s)

2021-11-19 17:18:33 - [MESSAGE][INFO] - Smart Wait Function is triggered

2021-11-19 17:18:33 - [TEST_STEP][PASSED] - if (!(getAttribute("value").contains("Vkn"))): null

2021-11-19 17:18:33 - [TEST_STEP][PASSED] - son.clear(): null

2021-11-19 17:18:33 - [TEST_STEP][PASSED] - son.sendKeys(Deger): null

2021-11-19 17:18:34 - [MESSAGE][PASSED] - Call Test Case 'Test Cases/Olusturma/Genel/Olusturma' successfully

2021-11-19 17:18:34 - [MESSAGE][INFO] - Checking called Test Case

2021-11-19 17:18:34 - [MESSAGE][INFO] - Starting to call Test Case 'Test Cases/Olusturma/Genel/NotGirilir'

2021-11-19 17:18:34 - [TEST_CASE][PASSED] - Test Cases/Olusturma/Genel/NotGirilir: Test Cases/Olusturma/Genel/NotGirilir

2021-11-19 17:18:34 - [TEST_STEP][PASSED] - i = 0: null

2021-11-19 17:18:34 - [TEST_STEP][PASSED] - waitForElementClickable(findTestObject("Olusturma/Genel/Not/Notlar"), 10): Object 'Object Repository/Olusturma/Genel/Not/Notlar' is clickable

2021-11-19 17:18:34 - [MESSAGE][INFO] - Finding Test Object 'Object Repository/Olusturma/Genel/Not/Notlar'

2021-11-19 17:18:34 - [MESSAGE][INFO] - Checking object

2021-11-19 17:18:34 - [MESSAGE][INFO] - Checking timeout

2021-11-19 17:18:34 - [MESSAGE][INFO] - Finding web element from Test Object's properties

2021-11-19 17:18:34 - [MESSAGE][INFO] - Checking timeout

2021-11-19 17:18:34 - [MESSAGE][INFO] - Finding web element with id: 'Object Repository/Olusturma/Genel/Not/Notlar' located by 'By.xpath: //*[@id = 'txtNote_I']' in '10' second(s)

2021-11-19 17:18:34 - [MESSAGE][INFO] - Smart Wait Function is triggered

2021-11-19 17:18:34 - [MESSAGE][INFO] - Found 1 web elements with id: 'Object Repository/Olusturma/Genel/Not/Notlar' located by 'By.xpath: //*[@id = 'txtNote_I']' in '10' second(s)

2021-11-19 17:18:34 - [MESSAGE][PASSED] - Object 'Object Repository/Olusturma/Genel/Not/Notlar' is clickable

2021-11-19 17:18:34 - [TEST_STEP][PASSED] - clearText(findTestObject("Olusturma/Genel/Not/Notlar")): Text of object 'Object Repository/Olusturma/Genel/Not/Notlar' is cleared

2021-11-19 17:18:34 - [MESSAGE][INFO] - Finding Test Object 'Object Repository/Olusturma/Genel/Not/Notlar'

2021-11-19 17:18:34 - [MESSAGE][INFO] - Checking object

2021-11-19 17:18:34 - [MESSAGE][INFO] - Finding web element from Test Object's properties

2021-11-19 17:18:34 - [MESSAGE][INFO] - Checking timeout

2021-11-19 17:18:34 - [MESSAGE][INFO] - Finding web element with id: 'Object Repository/Olusturma/Genel/Not/Notlar' located by 'By.xpath: //*[@id = 'txtNote_I']' in '30' second(s)

2021-11-19 17:18:34 - [MESSAGE][INFO] - Smart Wait Function is triggered

2021-11-19 17:18:35 - [MESSAGE][INFO] - Found 1 web elements with id: 'Object Repository/Olusturma/Genel/Not/Notlar' located by 'By.xpath: //*[@id = 'txtNote_I']' in '30' second(s)

2021-11-19 17:18:35 - [MESSAGE][INFO] - Clearing text of object 'Object Repository/Olusturma/Genel/Not/Notlar'

2021-11-19 17:18:35 - [MESSAGE][PASSED] - Text of object 'Object Repository/Olusturma/Genel/Not/Notlar' is cleared

2021-11-19 17:18:35 - [TEST_STEP][PASSED] - click(findTestObject("Olusturma/Genel/Not/Notlar")): Object: 'Object Repository/Olusturma/Genel/Not/Notlar' is clicked on

2021-11-19 17:18:35 - [MESSAGE][INFO] - Finding Test Object 'Object Repository/Olusturma/Genel/Not/Notlar'

2021-11-19 17:18:35 - [MESSAGE][INFO] - Checking object

2021-11-19 17:18:35 - [MESSAGE][INFO] - Finding web element from Test Object's properties

2021-11-19 17:18:35 - [MESSAGE][INFO] - Checking timeout

2021-11-19 17:18:35 - [MESSAGE][INFO] - Finding web element with id: 'Object Repository/Olusturma/Genel/Not/Notlar' located by 'By.xpath: //*[@id = 'txtNote_I']' in '30' second(s)

2021-11-19 17:18:35 - [MESSAGE][INFO] - Smart Wait Function is triggered

2021-11-19 17:18:35 - [MESSAGE][INFO] - Found 1 web elements with id: 'Object Repository/Olusturma/Genel/Not/Notlar' located by 'By.xpath: //*[@id = 'txtNote_I']' in '30' second(s)

2021-11-19 17:18:35 - [MESSAGE][INFO] - Clicking on object: 'Object Repository/Olusturma/Genel/Not/Notlar'

2021-11-19 17:18:35 - [MESSAGE][PASSED] - Object: 'Object Repository/Olusturma/Genel/Not/Notlar' is clicked on

2021-11-19 17:18:35 - [TEST_STEP][PASSED] - while (true): null

2021-11-19 17:18:35 - [TEST_STEP][PASSED] - delay(1): Delayed 1 second(s)

2021-11-19 17:18:35 - [MESSAGE][INFO] - Delaying browser in 1 second(s)

2021-11-19 17:18:36 - [MESSAGE][PASSED] - Delayed 1 second(s)

2021-11-19 17:18:36 - [TEST_STEP][PASSED] - ajaxIsComplete = executeJavaScript("return jQuery.active == 0", null): Execute JavaScript 'return jQuery.active == 0' successfully

2021-11-19 17:18:36 - [MESSAGE][PASSED] - Execute JavaScript 'return jQuery.active == 0' successfully

2021-11-19 17:18:36 - [TEST_STEP][PASSED] - if (ajaxIsComplete): null

2021-11-19 17:18:36 - [TEST_STEP][PASSED] - break: null

2021-11-19 17:18:36 - [TEST_STEP][PASSED] - sendKeys(findTestObject("Olusturma/Genel/Not/Notlar"), Not): Keys 'Otomasyon Not' sent to object: 'Object Repository/Olusturma/Genel/Not/Notlar'

2021-11-19 17:18:36 - [MESSAGE][INFO] - Finding Test Object 'Object Repository/Olusturma/Genel/Not/Notlar'

2021-11-19 17:18:37 - [MESSAGE][INFO] - Sending keys 'Otomasyon Not' to object: 'Object Repository/Olusturma/Genel/Not/Notlar'

2021-11-19 17:18:37 - [MESSAGE][INFO] - Finding web element from Test Object's properties

2021-11-19 17:18:37 - [MESSAGE][INFO] - Checking timeout

2021-11-19 17:18:37 - [MESSAGE][INFO] - Finding web element with id: 'Object Repository/Olusturma/Genel/Not/Notlar' located by 'By.xpath: //*[@id = 'txtNote_I']' in '30' second(s)

2021-11-19 17:18:37 - [MESSAGE][INFO] - Smart Wait Function is triggered

2021-11-19 17:18:37 - [MESSAGE][INFO] - Found 1 web elements with id: 'Object Repository/Olusturma/Genel/Not/Notlar' located by 'By.xpath: //*[@id = 'txtNote_I']' in '30' second(s)

2021-11-19 17:18:37 - [MESSAGE][PASSED] - Keys 'Otomasyon Not' sent to object: 'Object Repository/Olusturma/Genel/Not/Notlar'

2021-11-19 17:18:37 - [MESSAGE][PASSED] - Call Test Case 'Test Cases/Olusturma/Genel/NotGirilir' successfully

2021-11-19 17:18:37 - [MESSAGE][INFO] - Checking called Test Case

2021-11-19 17:18:37 - [MESSAGE][INFO] - Starting to call Test Case 'Test Cases/Olusturma/Genel/EttnBilgisiKayitEdilir'

2021-11-19 17:18:37 - [TEST_CASE][PASSED] - Test Cases/Olusturma/Genel/EttnBilgisiKayitEdilir: Test Cases/Olusturma/Genel/EttnBilgisiKayitEdilir

2021-11-19 17:18:37 - [TEST_STEP][PASSED] - verifyElementPresent(findTestObject("Object Repository/Olusturma/Genel/Olusturma/eArsivEttnBilgisi"), 7): Object 'Object Repository/Olusturma/Genel/Olusturma/eArsivEttnBilgisi' is present

2021-11-19 17:18:37 - [MESSAGE][INFO] - Finding Test Object 'Object Repository/Olusturma/Genel/Olusturma/eArsivEttnBilgisi'

2021-11-19 17:18:37 - [MESSAGE][INFO] - Checking object

2021-11-19 17:18:37 - [MESSAGE][INFO] - Finding web element from Test Object's properties

2021-11-19 17:18:37 - [MESSAGE][INFO] - Checking timeout

2021-11-19 17:18:37 - [MESSAGE][INFO] - Finding web element with id: 'Object Repository/Olusturma/Genel/Olusturma/eArsivEttnBilgisi' located by 'By.xpath: //*[@id = 'Uuid_I']' in '7' second(s)

2021-11-19 17:18:37 - [MESSAGE][INFO] - Smart Wait Function is triggered

2021-11-19 17:18:37 - [MESSAGE][INFO] - Found 1 web elements with id: 'Object Repository/Olusturma/Genel/Olusturma/eArsivEttnBilgisi' located by 'By.xpath: //*[@id = 'Uuid_I']' in '7' second(s)

2021-11-19 17:18:37 - [MESSAGE][PASSED] - Object 'Object Repository/Olusturma/Genel/Olusturma/eArsivEttnBilgisi' is present

2021-11-19 17:18:37 - [TEST_STEP][PASSED] - ettn = getAttribute(findTestObject("Object Repository/Olusturma/Genel/Olusturma/eArsivEttnBilgisi"), "value"): Attribute 'value' of object 'Object Repository/Olusturma/Genel/Olusturma/eArsivEttnBilgisi' is: '5dbb1f8d-835c-42ca-8507-d2369d37f9e9'

2021-11-19 17:18:37 - [MESSAGE][INFO] - Finding Test Object 'Object Repository/Olusturma/Genel/Olusturma/eArsivEttnBilgisi'

2021-11-19 17:18:37 - [MESSAGE][INFO] - Checking object

2021-11-19 17:18:37 - [MESSAGE][INFO] - Checking attribute

2021-11-19 17:18:37 - [MESSAGE][INFO] - Finding web element from Test Object's properties

2021-11-19 17:18:37 - [MESSAGE][INFO] - Checking timeout

2021-11-19 17:18:37 - [MESSAGE][INFO] - Finding web element with id: 'Object Repository/Olusturma/Genel/Olusturma/eArsivEttnBilgisi' located by 'By.xpath: //*[@id = 'Uuid_I']' in '30' second(s)

2021-11-19 17:18:37 - [MESSAGE][INFO] - Smart Wait Function is triggered

2021-11-19 17:18:38 - [MESSAGE][INFO] - Found 1 web elements with id: 'Object Repository/Olusturma/Genel/Olusturma/eArsivEttnBilgisi' located by 'By.xpath: //*[@id = 'Uuid_I']' in '30' second(s)

2021-11-19 17:18:38 - [MESSAGE][INFO] - Getting attribute 'value' of object 'Object Repository/Olusturma/Genel/Olusturma/eArsivEttnBilgisi'

2021-11-19 17:18:38 - [MESSAGE][PASSED] - Attribute 'value' of object 'Object Repository/Olusturma/Genel/Olusturma/eArsivEttnBilgisi' is: '5dbb1f8d-835c-42ca-8507-d2369d37f9e9'

2021-11-19 17:18:38 - [MESSAGE][PASSED] - Call Test Case 'Test Cases/Olusturma/Genel/EttnBilgisiKayitEdilir' successfully

2021-11-19 17:18:38 - [MESSAGE][INFO] - Checking called Test Case

2021-11-19 17:18:38 - [MESSAGE][INFO] - Starting to call Test Case 'Test Cases/Olusturma/Genel/KaydetButonunaTiklanir'

2021-11-19 17:18:38 - [TEST_CASE][PASSED] - Test Cases/Olusturma/Genel/KaydetButonunaTiklanir: Test Cases/Olusturma/Genel/KaydetButonunaTiklanir

2021-11-19 17:18:38 - [TEST_STEP][PASSED] - i = 0: null

2021-11-19 17:18:38 - [TEST_STEP][PASSED] - waitForElementPresent(findTestObject("Olusturma/Genel/Not/Notlar"), 10): Object 'Object Repository/Olusturma/Genel/Not/Notlar' is present

2021-11-19 17:18:38 - [MESSAGE][INFO] - Finding Test Object 'Object Repository/Olusturma/Genel/Not/Notlar'

2021-11-19 17:18:38 - [MESSAGE][INFO] - Checking object

2021-11-19 17:18:38 - [MESSAGE][INFO] - Finding web element from Test Object's properties

2021-11-19 17:18:38 - [MESSAGE][INFO] - Checking timeout

2021-11-19 17:18:38 - [MESSAGE][INFO] - Finding web element with id: 'Object Repository/Olusturma/Genel/Not/Notlar' located by 'By.xpath: //*[@id = 'txtNote_I']' in '10' second(s)

2021-11-19 17:18:38 - [MESSAGE][INFO] - Smart Wait Function is triggered

2021-11-19 17:18:38 - [MESSAGE][INFO] - Found 1 web elements with id: 'Object Repository/Olusturma/Genel/Not/Notlar' located by 'By.xpath: //*[@id = 'txtNote_I']' in '10' second(s)

2021-11-19 17:18:38 - [MESSAGE][PASSED] - Object 'Object Repository/Olusturma/Genel/Not/Notlar' is present

2021-11-19 17:18:38 - [TEST_STEP][PASSED] - click(findTestObject("Olusturma/Genel/Not/Notlar")): Object: 'Object Repository/Olusturma/Genel/Not/Notlar' is clicked on

2021-11-19 17:18:38 - [MESSAGE][INFO] - Finding Test Object 'Object Repository/Olusturma/Genel/Not/Notlar'

2021-11-19 17:18:38 - [MESSAGE][INFO] - Checking object

2021-11-19 17:18:38 - [MESSAGE][INFO] - Finding web element from Test Object's properties

2021-11-19 17:18:38 - [MESSAGE][INFO] - Checking timeout

2021-11-19 17:18:38 - [MESSAGE][INFO] - Finding web element with id: 'Object Repository/Olusturma/Genel/Not/Notlar' located by 'By.xpath: //*[@id = 'txtNote_I']' in '30' second(s)

2021-11-19 17:18:38 - [MESSAGE][INFO] - Smart Wait Function is triggered

2021-11-19 17:18:39 - [MESSAGE][INFO] - Found 1 web elements with id: 'Object Repository/Olusturma/Genel/Not/Notlar' located by 'By.xpath: //*[@id = 'txtNote_I']' in '30' second(s)

2021-11-19 17:18:39 - [MESSAGE][INFO] - Clicking on object: 'Object Repository/Olusturma/Genel/Not/Notlar'

2021-11-19 17:18:39 - [MESSAGE][PASSED] - Object: 'Object Repository/Olusturma/Genel/Not/Notlar' is clicked on

2021-11-19 17:18:39 - [TEST_STEP][PASSED] - while (true): null

2021-11-19 17:18:39 - [TEST_STEP][PASSED] - delay(1): Delayed 1 second(s)

2021-11-19 17:18:39 - [MESSAGE][INFO] - Delaying browser in 1 second(s)

2021-11-19 17:18:40 - [MESSAGE][PASSED] - Delayed 1 second(s)

2021-11-19 17:18:40 - [TEST_STEP][PASSED] - ajaxIsComplete = executeJavaScript("return jQuery.active == 0", null): Execute JavaScript 'return jQuery.active == 0' successfully

2021-11-19 17:18:40 - [MESSAGE][PASSED] - Execute JavaScript 'return jQuery.active == 0' successfully

2021-11-19 17:18:40 - [TEST_STEP][PASSED] - if (ajaxIsComplete): null

2021-11-19 17:18:40 - [TEST_STEP][PASSED] - break: null

2021-11-19 17:18:40 - [TEST_STEP][PASSED] - waitForElementClickable(findTestObject("Object Repository/Olusturma/Genel/Buton"), 10): Object 'Object Repository/Olusturma/Genel/Buton' is clickable

2021-11-19 17:18:40 - [MESSAGE][INFO] - Finding Test Object 'Object Repository/Olusturma/Genel/Buton'

2021-11-19 17:18:40 - [MESSAGE][INFO] - Checking object

2021-11-19 17:18:40 - [MESSAGE][INFO] - Checking timeout

2021-11-19 17:18:40 - [MESSAGE][INFO] - Finding web element from Test Object's properties

2021-11-19 17:18:40 - [MESSAGE][INFO] - Checking timeout

2021-11-19 17:18:40 - [MESSAGE][INFO] - Finding web element with id: 'Object Repository/Olusturma/Genel/Buton' located by 'By.xpath: //*[@id = 'btnKaydet']' in '10' second(s)

2021-11-19 17:18:40 - [MESSAGE][INFO] - Smart Wait Function is triggered

2021-11-19 17:18:40 - [MESSAGE][INFO] - Found 1 web elements with id: 'Object Repository/Olusturma/Genel/Buton' located by 'By.xpath: //*[@id = 'btnKaydet']' in '10' second(s)

2021-11-19 17:18:40 - [MESSAGE][PASSED] - Object 'Object Repository/Olusturma/Genel/Buton' is clickable

2021-11-19 17:18:40 - [TEST_STEP][PASSED] - click(findTestObject("Object Repository/Olusturma/Genel/Buton")): Object: 'Object Repository/Olusturma/Genel/Buton' is clicked on

2021-11-19 17:18:40 - [MESSAGE][INFO] - Finding Test Object 'Object Repository/Olusturma/Genel/Buton'

2021-11-19 17:18:40 - [MESSAGE][INFO] - Checking object

2021-11-19 17:18:40 - [MESSAGE][INFO] - Finding web element from Test Object's properties

2021-11-19 17:18:40 - [MESSAGE][INFO] - Checking timeout

2021-11-19 17:18:40 - [MESSAGE][INFO] - Finding web element with id: 'Object Repository/Olusturma/Genel/Buton' located by 'By.xpath: //*[@id = 'btnKaydet']' in '30' second(s)

2021-11-19 17:18:40 - [MESSAGE][INFO] - Smart Wait Function is triggered

2021-11-19 17:18:41 - [MESSAGE][INFO] - Found 1 web elements with id: 'Object Repository/Olusturma/Genel/Buton' located by 'By.xpath: //*[@id = 'btnKaydet']' in '30' second(s)

2021-11-19 17:18:41 - [MESSAGE][INFO] - Clicking on object: 'Object Repository/Olusturma/Genel/Buton'

2021-11-19 17:18:43 - [MESSAGE][PASSED] - Object: 'Object Repository/Olusturma/Genel/Buton' is clicked on

2021-11-19 17:18:43 - [MESSAGE][PASSED] - Call Test Case 'Test Cases/Olusturma/Genel/KaydetButonunaTiklanir' successfully

2021-11-19 17:18:43 - [MESSAGE][INFO] - Checking called Test Case

2021-11-19 17:18:43 - [MESSAGE][INFO] - Starting to call Test Case 'Test Cases/Tablo/TablodaEttnliVeriOlusturulduMu'

2021-11-19 17:18:43 - [TEST_CASE][PASSED] - Test Cases/Tablo/TablodaEttnliVeriOlusturulduMu: Test Cases/Tablo/TablodaEttnliVeriOlusturulduMu

2021-11-19 17:18:43 - [TEST_STEP][PASSED] - Method.TextDegerineEsitElementVarMi(findTestObject("Tablo/OlusturulanVeri"), ettn): Method.TextDegerineEsitElementVarMi is PASSED

2021-11-19 17:18:43 - [MESSAGE][INFO] - Finding Test Object 'Object Repository/Tablo/OlusturulanVeri'

2021-11-19 17:18:43 - [MESSAGE][INFO] - Checking timeout

2021-11-19 17:18:43 - [MESSAGE][INFO] - Finding web element with id: 'Object Repository/Tablo/OlusturulanVeri' located by 'By.cssSelector: table.dxgvTable_LECustomTheme>tbody>tr:nth-child(3)>td.dxgv b,table.dxgvTable_LECustomTheme>tbody>tr:nth-child(3)>td.dxgv' in '10' second(s)

2021-11-19 17:18:43 - [MESSAGE][INFO] - Smart Wait Function is triggered

2021-11-19 17:18:43 - [MESSAGE][INFO] - Found 14 web elements with id: 'Object Repository/Tablo/OlusturulanVeri' located by 'By.cssSelector: table.dxgvTable_LECustomTheme>tbody>tr:nth-child(3)>td.dxgv b,table.dxgvTable_LECustomTheme>tbody>tr:nth-child(3)>td.dxgv' in '10' second(s)

2021-11-19 17:18:43 - [MESSAGE][PASSED] - Method.TextDegerineEsitElementVarMi is PASSED

2021-11-19 17:18:43 - [MESSAGE][PASSED] - Call Test Case 'Test Cases/Tablo/TablodaEttnliVeriOlusturulduMu' successfully

2021-11-19 17:18:43 - [MESSAGE][INFO] - Checking called Test Case

2021-11-19 17:18:43 - [MESSAGE][INFO] - Starting to call Test Case 'Test Cases/Tablo/TablodanEttnliVeriSec'

2021-11-19 17:18:44 - [TEST_CASE][PASSED] - Test Cases/Tablo/TablodanEttnliVeriSec: Test Cases/Tablo/TablodanEttnliVeriSec

2021-11-19 17:18:44 - [TEST_STEP][PASSED] - Method.TextDegerineEsitElementinAltindakineTikla(findTestObject("Tablo/Veriler"), findTestObject("Tablo/VerininCheckBoxi"), ettn): Method.TextDegerineEsitElementinAltindakineTikla is PASSED

2021-11-19 17:18:44 - [MESSAGE][INFO] - Finding Test Object 'Object Repository/Tablo/Veriler'

2021-11-19 17:18:44 - [MESSAGE][INFO] - Finding Test Object 'Object Repository/Tablo/VerininCheckBoxi'

2021-11-19 17:18:44 - [MESSAGE][INFO] - Checking timeout

2021-11-19 17:18:44 - [MESSAGE][INFO] - Finding web element with id: 'Object Repository/Tablo/Veriler' located by 'By.cssSelector: td.dxgv b ,td.dxgv' in '10' second(s)

2021-11-19 17:18:44 - [MESSAGE][INFO] - Smart Wait Function is triggered

2021-11-19 17:18:44 - [MESSAGE][INFO] - Found 70 web elements with id: 'Object Repository/Tablo/Veriler' located by 'By.cssSelector: td.dxgv b ,td.dxgv' in '10' second(s)

2021-11-19 17:18:44 - [MESSAGE][INFO] - Smart Wait Function is triggered

2021-11-19 17:18:44 - [MESSAGE][PASSED] - Method.TextDegerineEsitElementinAltindakineTikla is PASSED

2021-11-19 17:18:44 - [MESSAGE][PASSED] - Call Test Case 'Test Cases/Tablo/TablodanEttnliVeriSec' successfully

2021-11-19 17:18:44 - [MESSAGE][INFO] - Checking called Test Case

2021-11-19 17:18:44 - [MESSAGE][INFO] - Starting to call Test Case 'Test Cases/Butonlar/ButonaTikla'

2021-11-19 17:18:44 - [TEST_CASE][PASSED] - Test Cases/Butonlar/ButonaTikla: Test Cases/Butonlar/ButonaTikla

2021-11-19 17:18:44 - [TEST_STEP][PASSED] - Method.TextDegerineEsitElementeTiklaEquals(findTestObject("Butonlar/Butonlar"), Buton_Adi): Method.TextDegerineEsitElementeTiklaEquals is PASSED

2021-11-19 17:18:44 - [MESSAGE][INFO] - Finding Test Object 'Object Repository/Butonlar/Butonlar'

2021-11-19 17:18:45 - [MESSAGE][INFO] - Checking timeout

2021-11-19 17:18:45 - [MESSAGE][INFO] - Finding web element with id: 'Object Repository/Butonlar/Butonlar' located by 'By.cssSelector: .panel.panel-default.text-center.footerPanel .btn,.btn.btn-primary.btnControls' in '10' second(s)

2021-11-19 17:18:45 - [MESSAGE][INFO] - Smart Wait Function is triggered

2021-11-19 17:18:45 - [MESSAGE][INFO] - Found 9 web elements with id: 'Object Repository/Butonlar/Butonlar' located by 'By.cssSelector: .panel.panel-default.text-center.footerPanel .btn,.btn.btn-primary.btnControls' in '10' second(s)

2021-11-19 17:18:45 - [MESSAGE][PASSED] - Method.TextDegerineEsitElementeTiklaEquals is PASSED

2021-11-19 17:18:45 - [MESSAGE][PASSED] - Call Test Case 'Test Cases/Butonlar/ButonaTikla' successfully

2021-11-19 17:18:45 - [MESSAGE][INFO] - Checking called Test Case

2021-11-19 17:18:45 - [MESSAGE][INFO] - Starting to call Test Case 'Test Cases/Popup/PopupMesajiIceriyorMu'

2021-11-19 17:18:45 - [TEST_CASE][PASSED] - Test Cases/Popup/PopupMesajiIceriyorMu: Test Cases/Popup/PopupMesajiIceriyorMu

2021-11-19 17:18:45 - [TEST_STEP][PASSED] - waitForElementVisible(findTestObject("Popup/Popup"), 10): Object 'Object Repository/Popup/Popup' is visible

2021-11-19 17:18:45 - [MESSAGE][INFO] - Finding Test Object 'Object Repository/Popup/Popup'

2021-11-19 17:18:45 - [MESSAGE][INFO] - Checking object

2021-11-19 17:18:45 - [MESSAGE][INFO] - Checking timeout

2021-11-19 17:18:45 - [MESSAGE][INFO] - Finding web element from Test Object's properties

2021-11-19 17:18:45 - [MESSAGE][INFO] - Checking timeout

2021-11-19 17:18:45 - [MESSAGE][INFO] - Finding web element with id: 'Object Repository/Popup/Popup' located by 'By.cssSelector: .bootbox-body' in '10' second(s)

2021-11-19 17:18:45 - [MESSAGE][INFO] - Smart Wait Function is triggered

2021-11-19 17:18:46 - [MESSAGE][INFO] - Found 1 web elements with id: 'Object Repository/Popup/Popup' located by 'By.cssSelector: .bootbox-body' in '10' second(s)

2021-11-19 17:18:46 - [MESSAGE][PASSED] - Object 'Object Repository/Popup/Popup' is visible

2021-11-19 17:18:46 - [TEST_STEP][PASSED] - if (!(getText(findTestObject("Popup/Popup")).contains(Mesaj))): Text of object 'Object Repository/Popup/Popup' is: 'Oluşturulacak fatura numarası : EAR2021000000478 Fatura numarası oluşturulduktan sonra fatura silinemez. Fatura numarası, tarihi ve ön eki değiştirilemez. Devam etmek istiyor musunuz?'

2021-11-19 17:18:46 - [MESSAGE][INFO] - Finding Test Object 'Object Repository/Popup/Popup'

2021-11-19 17:18:46 - [MESSAGE][INFO] - Checking object

2021-11-19 17:18:46 - [MESSAGE][INFO] - Finding web element from Test Object's properties

2021-11-19 17:18:46 - [MESSAGE][INFO] - Checking timeout

2021-11-19 17:18:46 - [MESSAGE][INFO] - Finding web element with id: 'Object Repository/Popup/Popup' located by 'By.cssSelector: .bootbox-body' in '30' second(s)

2021-11-19 17:18:46 - [MESSAGE][INFO] - Smart Wait Function is triggered

2021-11-19 17:18:46 - [MESSAGE][INFO] - Found 1 web elements with id: 'Object Repository/Popup/Popup' located by 'By.cssSelector: .bootbox-body' in '30' second(s)

2021-11-19 17:18:46 - [MESSAGE][INFO] - Getting text of object 'Object Repository/Popup/Popup'

2021-11-19 17:18:46 - [MESSAGE][PASSED] - Text of object 'Object Repository/Popup/Popup' is: 'Oluşturulacak fatura numarası : EAR2021000000478 Fatura numarası oluşturulduktan sonra fatura silinemez. Fatura numarası, tarihi ve ön eki değiştirilemez. Devam etmek istiyor musunuz?'

2021-11-19 17:18:46 - [TEST_STEP][PASSED] - RaporNo = getText(findTestObject("Popup/Popup")).substring(0, 6): Text of object 'Object Repository/Popup/Popup' is: 'Oluşturulacak fatura numarası : EAR2021000000478 Fatura numarası oluşturulduktan sonra fatura silinemez. Fatura numarası, tarihi ve ön eki değiştirilemez. Devam etmek istiyor musunuz?'

2021-11-19 17:18:46 - [MESSAGE][INFO] - Finding Test Object 'Object Repository/Popup/Popup'

2021-11-19 17:18:47 - [MESSAGE][INFO] - Checking object

2021-11-19 17:18:47 - [MESSAGE][INFO] - Finding web element from Test Object's properties

2021-11-19 17:18:47 - [MESSAGE][INFO] - Checking timeout

2021-11-19 17:18:47 - [MESSAGE][INFO] - Finding web element with id: 'Object Repository/Popup/Popup' located by 'By.cssSelector: .bootbox-body' in '30' second(s)

2021-11-19 17:18:47 - [MESSAGE][INFO] - Smart Wait Function is triggered

2021-11-19 17:18:47 - [MESSAGE][INFO] - Found 1 web elements with id: 'Object Repository/Popup/Popup' located by 'By.cssSelector: .bootbox-body' in '30' second(s)

2021-11-19 17:18:47 - [MESSAGE][INFO] - Getting text of object 'Object Repository/Popup/Popup'

2021-11-19 17:18:47 - [MESSAGE][PASSED] - Text of object 'Object Repository/Popup/Popup' is: 'Oluşturulacak fatura numarası : EAR2021000000478 Fatura numarası oluşturulduktan sonra fatura silinemez. Fatura numarası, tarihi ve ön eki değiştirilemez. Devam etmek istiyor musunuz?'

2021-11-19 17:18:47 - [TEST_STEP][PASSED] - Console.println(RaporNo): null

2021-11-19 17:18:47 - [MESSAGE][PASSED] - Call Test Case 'Test Cases/Popup/PopupMesajiIceriyorMu' successfully

2021-11-19 17:18:47 - [MESSAGE][INFO] - Checking called Test Case

2021-11-19 17:18:47 - [MESSAGE][INFO] - Starting to call Test Case 'Test Cases/Popup/PopupButonSecilir'

2021-11-19 17:18:47 - [TEST_CASE][PASSED] - Test Cases/Popup/PopupButonSecilir: Test Cases/Popup/PopupButonSecilir

2021-11-19 17:18:47 - [TEST_STEP][PASSED] - Method.TextDegerineEsitElementeTikla(findTestObject("Popup/Popup_Butons"), Buton): Method.TextDegerineEsitElementeTikla is PASSED

2021-11-19 17:18:47 - [MESSAGE][INFO] - Finding Test Object 'Object Repository/Popup/Popup_Butons'

2021-11-19 17:18:47 - [MESSAGE][INFO] - Checking timeout

2021-11-19 17:18:47 - [MESSAGE][INFO] - Finding web element with id: 'Object Repository/Popup/Popup_Butons' located by 'By.cssSelector: .modal-footer>button' in '10' second(s)

2021-11-19 17:18:47 - [MESSAGE][INFO] - Smart Wait Function is triggered

2021-11-19 17:18:47 - [MESSAGE][INFO] - Found 2 web elements with id: 'Object Repository/Popup/Popup_Butons' located by 'By.cssSelector: .modal-footer>button' in '10' second(s)

2021-11-19 17:18:47 - [MESSAGE][PASSED] - Method.TextDegerineEsitElementeTikla is PASSED

2021-11-19 17:18:47 - [MESSAGE][PASSED] - Call Test Case 'Test Cases/Popup/PopupButonSecilir' successfully

2021-11-19 17:18:47 - [MESSAGE][INFO] - Checking called Test Case

2021-11-19 17:18:47 - [MESSAGE][INFO] - Starting to call Test Case 'Test Cases/Popup/PopupMesajiIceriyorMu'

2021-11-19 17:18:48 - [TEST_CASE][PASSED] - Test Cases/Popup/PopupMesajiIceriyorMu: Test Cases/Popup/PopupMesajiIceriyorMu

2021-11-19 17:18:48 - [TEST_STEP][PASSED] - waitForElementVisible(findTestObject("Popup/Popup"), 10): Object 'Object Repository/Popup/Popup' is visible

2021-11-19 17:18:48 - [MESSAGE][INFO] - Finding Test Object 'Object Repository/Popup/Popup'

2021-11-19 17:18:48 - [MESSAGE][INFO] - Checking object

2021-11-19 17:18:48 - [MESSAGE][INFO] - Checking timeout

2021-11-19 17:18:48 - [MESSAGE][INFO] - Finding web element from Test Object's properties

2021-11-19 17:18:48 - [MESSAGE][INFO] - Checking timeout

2021-11-19 17:18:48 - [MESSAGE][INFO] - Finding web element with id: 'Object Repository/Popup/Popup' located by 'By.cssSelector: .bootbox-body' in '10' second(s)

2021-11-19 17:18:48 - [MESSAGE][INFO] - Smart Wait Function is triggered

2021-11-19 17:18:48 - [MESSAGE][INFO] - Found 1 web elements with id: 'Object Repository/Popup/Popup' located by 'By.cssSelector: .bootbox-body' in '10' second(s)

2021-11-19 17:18:48 - [MESSAGE][PASSED] - Object 'Object Repository/Popup/Popup' is visible

2021-11-19 17:18:48 - [TEST_STEP][PASSED] - if (!(getText(findTestObject("Popup/Popup")).contains(Mesaj))): Text of object 'Object Repository/Popup/Popup' is: 'Fatura numaranız EAR2021000000478 olarak oluşmuştur.'

2021-11-19 17:18:48 - [MESSAGE][INFO] - Finding Test Object 'Object Repository/Popup/Popup'

2021-11-19 17:18:48 - [MESSAGE][INFO] - Checking object

2021-11-19 17:18:48 - [MESSAGE][INFO] - Finding web element from Test Object's properties

2021-11-19 17:18:48 - [MESSAGE][INFO] - Checking timeout

2021-11-19 17:18:48 - [MESSAGE][INFO] - Finding web element with id: 'Object Repository/Popup/Popup' located by 'By.cssSelector: .bootbox-body' in '30' second(s)

2021-11-19 17:18:48 - [MESSAGE][INFO] - Smart Wait Function is triggered

2021-11-19 17:18:49 - [MESSAGE][INFO] - Found 1 web elements with id: 'Object Repository/Popup/Popup' located by 'By.cssSelector: .bootbox-body' in '30' second(s)

2021-11-19 17:18:49 - [MESSAGE][INFO] - Getting text of object 'Object Repository/Popup/Popup'

2021-11-19 17:18:49 - [MESSAGE][PASSED] - Text of object 'Object Repository/Popup/Popup' is: 'Fatura numaranız EAR2021000000478 olarak oluşmuştur.'

2021-11-19 17:18:49 - [TEST_STEP][PASSED] - RaporNo = getText(findTestObject("Popup/Popup")).substring(0, 6): Text of object 'Object Repository/Popup/Popup' is: 'Fatura numaranız EAR2021000000478 olarak oluşmuştur.'

2021-11-19 17:18:49 - [MESSAGE][INFO] - Finding Test Object 'Object Repository/Popup/Popup'

2021-11-19 17:18:49 - [MESSAGE][INFO] - Checking object

2021-11-19 17:18:49 - [MESSAGE][INFO] - Finding web element from Test Object's properties

2021-11-19 17:18:49 - [MESSAGE][INFO] - Checking timeout

2021-11-19 17:18:49 - [MESSAGE][INFO] - Finding web element with id: 'Object Repository/Popup/Popup' located by 'By.cssSelector: .bootbox-body' in '30' second(s)

2021-11-19 17:18:49 - [MESSAGE][INFO] - Smart Wait Function is triggered

2021-11-19 17:18:49 - [MESSAGE][INFO] - Found 1 web elements with id: 'Object Repository/Popup/Popup' located by 'By.cssSelector: .bootbox-body' in '30' second(s)

2021-11-19 17:18:49 - [MESSAGE][INFO] - Getting text of object 'Object Repository/Popup/Popup'

2021-11-19 17:18:49 - [MESSAGE][PASSED] - Text of object 'Object Repository/Popup/Popup' is: 'Fatura numaranız EAR2021000000478 olarak oluşmuştur.'

2021-11-19 17:18:49 - [TEST_STEP][PASSED] - Console.println(RaporNo): null

2021-11-19 17:18:49 - [MESSAGE][PASSED] - Call Test Case 'Test Cases/Popup/PopupMesajiIceriyorMu' successfully

2021-11-19 17:18:49 - [MESSAGE][INFO] - Checking called Test Case

2021-11-19 17:18:49 - [MESSAGE][INFO] - Starting to call Test Case 'Test Cases/Popup/PopupButonSecilir'

2021-11-19 17:18:49 - [TEST_CASE][PASSED] - Test Cases/Popup/PopupButonSecilir: Test Cases/Popup/PopupButonSecilir

2021-11-19 17:18:49 - [TEST_STEP][PASSED] - Method.TextDegerineEsitElementeTikla(findTestObject("Popup/Popup_Butons"), Buton): Method.TextDegerineEsitElementeTikla is PASSED

2021-11-19 17:18:49 - [MESSAGE][INFO] - Finding Test Object 'Object Repository/Popup/Popup_Butons'

2021-11-19 17:18:49 - [MESSAGE][INFO] - Checking timeout

2021-11-19 17:18:49 - [MESSAGE][INFO] - Finding web element with id: 'Object Repository/Popup/Popup_Butons' located by 'By.cssSelector: .modal-footer>button' in '10' second(s)

2021-11-19 17:18:49 - [MESSAGE][INFO] - Smart Wait Function is triggered

2021-11-19 17:18:50 - [MESSAGE][INFO] - Found 1 web elements with id: 'Object Repository/Popup/Popup_Butons' located by 'By.cssSelector: .modal-footer>button' in '10' second(s)

2021-11-19 17:18:50 - [MESSAGE][PASSED] - Method.TextDegerineEsitElementeTikla is PASSED

2021-11-19 17:18:50 - [MESSAGE][PASSED] - Call Test Case 'Test Cases/Popup/PopupButonSecilir' successfully

2021-11-19 17:18:50 - [MESSAGE][INFO] - Checking called Test Case

2021-11-19 17:18:50 - [MESSAGE][INFO] - Starting to call Test Case 'Test Cases/Tablo/TablodanEttnliVeriSec'

2021-11-19 17:18:50 - [TEST_CASE][PASSED] - Test Cases/Tablo/TablodanEttnliVeriSec: Test Cases/Tablo/TablodanEttnliVeriSec

2021-11-19 17:18:50 - [TEST_STEP][PASSED] - Method.TextDegerineEsitElementinAltindakineTikla(findTestObject("Tablo/Veriler"), findTestObject("Tablo/VerininCheckBoxi"), ettn): Method.TextDegerineEsitElementinAltindakineTikla is PASSED

2021-11-19 17:18:50 - [MESSAGE][INFO] - Finding Test Object 'Object Repository/Tablo/Veriler'

2021-11-19 17:18:50 - [MESSAGE][INFO] - Finding Test Object 'Object Repository/Tablo/VerininCheckBoxi'

2021-11-19 17:18:50 - [MESSAGE][INFO] - Checking timeout

2021-11-19 17:18:50 - [MESSAGE][INFO] - Finding web element with id: 'Object Repository/Tablo/Veriler' located by 'By.cssSelector: td.dxgv b ,td.dxgv' in '10' second(s)

2021-11-19 17:18:50 - [MESSAGE][INFO] - Smart Wait Function is triggered

2021-11-19 17:18:50 - [MESSAGE][INFO] - Found 70 web elements with id: 'Object Repository/Tablo/Veriler' located by 'By.cssSelector: td.dxgv b ,td.dxgv' in '10' second(s)

2021-11-19 17:18:51 - [MESSAGE][INFO] - Smart Wait Function is triggered

2021-11-19 17:18:51 - [MESSAGE][PASSED] - Method.TextDegerineEsitElementinAltindakineTikla is PASSED

2021-11-19 17:18:51 - [MESSAGE][PASSED] - Call Test Case 'Test Cases/Tablo/TablodanEttnliVeriSec' successfully

2021-11-19 17:18:51 - [MESSAGE][INFO] - Checking called Test Case

2021-11-19 17:18:51 - [MESSAGE][INFO] - Starting to call Test Case 'Test Cases/Butonlar/ButonaTikla'

2021-11-19 17:18:51 - [TEST_CASE][PASSED] - Test Cases/Butonlar/ButonaTikla: Test Cases/Butonlar/ButonaTikla

2021-11-19 17:18:51 - [TEST_STEP][PASSED] - Method.TextDegerineEsitElementeTiklaEquals(findTestObject("Butonlar/Butonlar"), Buton_Adi): Method.TextDegerineEsitElementeTiklaEquals is PASSED

2021-11-19 17:18:51 - [MESSAGE][INFO] - Finding Test Object 'Object Repository/Butonlar/Butonlar'

2021-11-19 17:18:51 - [MESSAGE][INFO] - Checking timeout

2021-11-19 17:18:51 - [MESSAGE][INFO] - Finding web element with id: 'Object Repository/Butonlar/Butonlar' located by 'By.cssSelector: .panel.panel-default.text-center.footerPanel .btn,.btn.btn-primary.btnControls' in '10' second(s)

2021-11-19 17:18:51 - [MESSAGE][INFO] - Smart Wait Function is triggered

2021-11-19 17:18:52 - [MESSAGE][INFO] - Found 9 web elements with id: 'Object Repository/Butonlar/Butonlar' located by 'By.cssSelector: .panel.panel-default.text-center.footerPanel .btn,.btn.btn-primary.btnControls' in '10' second(s)

2021-11-19 17:18:52 - [MESSAGE][PASSED] - Method.TextDegerineEsitElementeTiklaEquals is PASSED

2021-11-19 17:18:52 - [MESSAGE][PASSED] - Call Test Case 'Test Cases/Butonlar/ButonaTikla' successfully

2021-11-19 17:18:52 - [MESSAGE][INFO] - Checking called Test Case

2021-11-19 17:18:52 - [MESSAGE][INFO] - Starting to call Test Case 'Test Cases/Popup/PopupMesajiIceriyorMu'

2021-11-19 17:18:52 - [TEST_CASE][PASSED] - Test Cases/Popup/PopupMesajiIceriyorMu: Test Cases/Popup/PopupMesajiIceriyorMu

2021-11-19 17:18:52 - [TEST_STEP][PASSED] - waitForElementVisible(findTestObject("Popup/Popup"), 10): Object 'Object Repository/Popup/Popup' is visible

2021-11-19 17:18:52 - [MESSAGE][INFO] - Finding Test Object 'Object Repository/Popup/Popup'

2021-11-19 17:18:53 - [MESSAGE][INFO] - Checking object

2021-11-19 17:18:53 - [MESSAGE][INFO] - Checking timeout

2021-11-19 17:18:53 - [MESSAGE][INFO] - Finding web element from Test Object's properties

2021-11-19 17:18:53 - [MESSAGE][INFO] - Checking timeout

2021-11-19 17:18:53 - [MESSAGE][INFO] - Finding web element with id: 'Object Repository/Popup/Popup' located by 'By.cssSelector: .bootbox-body' in '10' second(s)

2021-11-19 17:18:53 - [MESSAGE][INFO] - Smart Wait Function is triggered

2021-11-19 17:18:53 - [MESSAGE][INFO] - Found 1 web elements with id: 'Object Repository/Popup/Popup' located by 'By.cssSelector: .bootbox-body' in '10' second(s)

2021-11-19 17:18:53 - [MESSAGE][PASSED] - Object 'Object Repository/Popup/Popup' is visible

2021-11-19 17:18:53 - [TEST_STEP][PASSED] - if (!(getText(findTestObject("Popup/Popup")).contains(Mesaj))): Text of object 'Object Repository/Popup/Popup' is: 'Seçilen faturalarınız onaylanacaktır. Onaylanan faturalar üzerinde değişiklik yapılamaz. Devam etmek istiyor musunuz?'

2021-11-19 17:18:53 - [MESSAGE][INFO] - Finding Test Object 'Object Repository/Popup/Popup'

2021-11-19 17:18:53 - [MESSAGE][INFO] - Checking object

2021-11-19 17:18:53 - [MESSAGE][INFO] - Finding web element from Test Object's properties

2021-11-19 17:18:53 - [MESSAGE][INFO] - Checking timeout

2021-11-19 17:18:53 - [MESSAGE][INFO] - Finding web element with id: 'Object Repository/Popup/Popup' located by 'By.cssSelector: .bootbox-body' in '30' second(s)

2021-11-19 17:18:53 - [MESSAGE][INFO] - Smart Wait Function is triggered

2021-11-19 17:18:53 - [MESSAGE][INFO] - Found 1 web elements with id: 'Object Repository/Popup/Popup' located by 'By.cssSelector: .bootbox-body' in '30' second(s)

2021-11-19 17:18:53 - [MESSAGE][INFO] - Getting text of object 'Object Repository/Popup/Popup'

2021-11-19 17:18:53 - [MESSAGE][PASSED] - Text of object 'Object Repository/Popup/Popup' is: 'Seçilen faturalarınız onaylanacaktır. Onaylanan faturalar üzerinde değişiklik yapılamaz. Devam etmek istiyor musunuz?'

2021-11-19 17:18:53 - [TEST_STEP][PASSED] - RaporNo = getText(findTestObject("Popup/Popup")).substring(0, 6): Text of object 'Object Repository/Popup/Popup' is: 'Seçilen faturalarınız onaylanacaktır. Onaylanan faturalar üzerinde değişiklik yapılamaz. Devam etmek istiyor musunuz?'

2021-11-19 17:18:53 - [MESSAGE][INFO] - Finding Test Object 'Object Repository/Popup/Popup'

2021-11-19 17:18:53 - [MESSAGE][INFO] - Checking object

2021-11-19 17:18:53 - [MESSAGE][INFO] - Finding web element from Test Object's properties

2021-11-19 17:18:53 - [MESSAGE][INFO] - Checking timeout

2021-11-19 17:18:53 - [MESSAGE][INFO] - Finding web element with id: 'Object Repository/Popup/Popup' located by 'By.cssSelector: .bootbox-body' in '30' second(s)

2021-11-19 17:18:53 - [MESSAGE][INFO] - Smart Wait Function is triggered

2021-11-19 17:18:54 - [MESSAGE][INFO] - Found 1 web elements with id: 'Object Repository/Popup/Popup' located by 'By.cssSelector: .bootbox-body' in '30' second(s)

2021-11-19 17:18:54 - [MESSAGE][INFO] - Getting text of object 'Object Repository/Popup/Popup'

2021-11-19 17:18:54 - [MESSAGE][PASSED] - Text of object 'Object Repository/Popup/Popup' is: 'Seçilen faturalarınız onaylanacaktır. Onaylanan faturalar üzerinde değişiklik yapılamaz. Devam etmek istiyor musunuz?'

2021-11-19 17:18:54 - [TEST_STEP][PASSED] - Console.println(RaporNo): null

2021-11-19 17:18:54 - [MESSAGE][PASSED] - Call Test Case 'Test Cases/Popup/PopupMesajiIceriyorMu' successfully

2021-11-19 17:18:54 - [MESSAGE][INFO] - Checking called Test Case

2021-11-19 17:18:54 - [MESSAGE][INFO] - Starting to call Test Case 'Test Cases/Popup/PopupButonSecilir'

2021-11-19 17:18:54 - [TEST_CASE][PASSED] - Test Cases/Popup/PopupButonSecilir: Test Cases/Popup/PopupButonSecilir

2021-11-19 17:18:54 - [TEST_STEP][PASSED] - Method.TextDegerineEsitElementeTikla(findTestObject("Popup/Popup_Butons"), Buton): Method.TextDegerineEsitElementeTikla is PASSED

2021-11-19 17:18:54 - [MESSAGE][INFO] - Finding Test Object 'Object Repository/Popup/Popup_Butons'

2021-11-19 17:18:54 - [MESSAGE][INFO] - Checking timeout

2021-11-19 17:18:54 - [MESSAGE][INFO] - Finding web element with id: 'Object Repository/Popup/Popup_Butons' located by 'By.cssSelector: .modal-footer>button' in '10' second(s)

2021-11-19 17:18:54 - [MESSAGE][INFO] - Smart Wait Function is triggered

2021-11-19 17:18:54 - [MESSAGE][INFO] - Found 2 web elements with id: 'Object Repository/Popup/Popup_Butons' located by 'By.cssSelector: .modal-footer>button' in '10' second(s)

2021-11-19 17:18:54 - [MESSAGE][PASSED] - Method.TextDegerineEsitElementeTikla is PASSED

2021-11-19 17:18:54 - [MESSAGE][PASSED] - Call Test Case 'Test Cases/Popup/PopupButonSecilir' successfully

2021-11-19 17:18:54 - [MESSAGE][INFO] - Checking called Test Case

2021-11-19 17:18:54 - [MESSAGE][INFO] - Starting to call Test Case 'Test Cases/Menu/AnaMenuSecimi'

2021-11-19 17:18:54 - [TEST_CASE][PASSED] - Test Cases/Menu/AnaMenuSecimi: Test Cases/Menu/AnaMenuSecimi

2021-11-19 17:18:54 - [TEST_STEP][PASSED] - Method.TextDegerineEsitElementeTikla(findTestObject("Menu/Ana_Menu"), Ana_Menu): Method.TextDegerineEsitElementeTikla is PASSED

2021-11-19 17:18:54 - [MESSAGE][INFO] - Finding Test Object 'Object Repository/Menu/Ana_Menu'

2021-11-19 17:18:54 - [MESSAGE][INFO] - Checking timeout

2021-11-19 17:18:54 - [MESSAGE][INFO] - Finding web element with id: 'Object Repository/Menu/Ana_Menu' located by 'By.xpath: //*[@class = 'dropdown-toggle']' in '10' second(s)

2021-11-19 17:18:54 - [MESSAGE][INFO] - Smart Wait Function is triggered

2021-11-19 17:18:55 - [MESSAGE][INFO] - Found 13 web elements with id: 'Object Repository/Menu/Ana_Menu' located by 'By.xpath: //*[@class = 'dropdown-toggle']' in '10' second(s)

2021-11-19 17:18:55 - [MESSAGE][PASSED] - Method.TextDegerineEsitElementeTikla is PASSED

2021-11-19 17:18:55 - [MESSAGE][PASSED] - Call Test Case 'Test Cases/Menu/AnaMenuSecimi' successfully

2021-11-19 17:18:55 - [MESSAGE][INFO] - Checking called Test Case

2021-11-19 17:18:55 - [MESSAGE][INFO] - Starting to call Test Case 'Test Cases/Menu/BasligaGoreAltMenuSecimi'

2021-11-19 17:18:55 - [TEST_CASE][PASSED] - Test Cases/Menu/BasligaGoreAltMenuSecimi: Test Cases/Menu/BasligaGoreAltMenuSecimi

2021-11-19 17:18:55 - [TEST_STEP][PASSED] - Method.TextDegerineEsitElementinAltindakiTextDegerineEsitOlanaTikla(findTestObject("Menu/Menu_Basligi"), findTestObject("Menu/Basliga_Gore_Alt_Menu"), Baslik, Alt_Menu): Method.TextDegerineEsitElementinAltindakiTextDegerineEsitOlanaTikla is PASSED

2021-11-19 17:18:55 - [MESSAGE][INFO] - Finding Test Object 'Object Repository/Menu/Menu_Basligi'

2021-11-19 17:18:55 - [MESSAGE][INFO] - Finding Test Object 'Object Repository/Menu/Basliga_Gore_Alt_Menu'

2021-11-19 17:18:55 - [MESSAGE][INFO] - Checking timeout

2021-11-19 17:18:55 - [MESSAGE][INFO] - Finding web element with id: 'Object Repository/Menu/Menu_Basligi' located by 'By.xpath: //li[@class='dropdown dropdown-large open']//li[@class='dropdown-header']' in '10' second(s)

2021-11-19 17:18:55 - [MESSAGE][INFO] - Smart Wait Function is triggered

2021-11-19 17:18:56 - [MESSAGE][INFO] - Found 2 web elements with id: 'Object Repository/Menu/Menu_Basligi' located by 'By.xpath: //li[@class='dropdown dropdown-large open']//li[@class='dropdown-header']' in '10' second(s)

2021-11-19 17:18:56 - [MESSAGE][INFO] - Smart Wait Function is triggered

2021-11-19 17:18:57 - [MESSAGE][PASSED] - Method.TextDegerineEsitElementinAltindakiTextDegerineEsitOlanaTikla is PASSED

2021-11-19 17:18:57 - [MESSAGE][PASSED] - Call Test Case 'Test Cases/Menu/BasligaGoreAltMenuSecimi' successfully

2021-11-19 17:18:57 - [MESSAGE][INFO] - Checking called Test Case

2021-11-19 17:18:57 - [MESSAGE][INFO] - Starting to call Test Case 'Test Cases/Filtreler/EttnYaz'

2021-11-19 17:18:57 - [TEST_CASE][PASSED] - Test Cases/Filtreler/EttnYaz: Test Cases/Filtreler/EttnYaz

2021-11-19 17:18:57 - [TEST_STEP][PASSED] - Method.TextDegerineEsitElementinAltindakiTextboxtaYaz(findTestObject("Filtreler/Basliklar"), findTestObject("Filtreler/Basliga_Gore_Textbox"), "ETTN", ettn): Method.TextDegerineEsitElementinAltindakiTextboxtaYaz is PASSED

2021-11-19 17:18:57 - [MESSAGE][INFO] - Finding Test Object 'Object Repository/Filtreler/Basliklar'

2021-11-19 17:18:57 - [MESSAGE][INFO] - Finding Test Object 'Object Repository/Filtreler/Basliga_Gore_Textbox'

2021-11-19 17:18:57 - [MESSAGE][INFO] - Checking timeout

2021-11-19 17:18:57 - [MESSAGE][INFO] - Finding web element with id: 'Object Repository/Filtreler/Basliklar' located by 'By.cssSelector: .control-label.col-sm-4.paddingMarginRLC' in '10' second(s)

2021-11-19 17:18:57 - [MESSAGE][INFO] - Smart Wait Function is triggered

2021-11-19 17:18:57 - [MESSAGE][INFO] - Found 19 web elements with id: 'Object Repository/Filtreler/Basliklar' located by 'By.cssSelector: .control-label.col-sm-4.paddingMarginRLC' in '10' second(s)

2021-11-19 17:18:57 - [MESSAGE][INFO] - Smart Wait Function is triggered

2021-11-19 17:18:58 - [MESSAGE][PASSED] - Method.TextDegerineEsitElementinAltindakiTextboxtaYaz is PASSED

2021-11-19 17:18:58 - [MESSAGE][PASSED] - Call Test Case 'Test Cases/Filtreler/EttnYaz' successfully

2021-11-19 17:18:58 - [MESSAGE][INFO] - Checking called Test Case

2021-11-19 17:18:58 - [MESSAGE][INFO] - Starting to call Test Case 'Test Cases/Filtreler/ButonaTikla'

2021-11-19 17:18:58 - [TEST_CASE][PASSED] - Test Cases/Filtreler/ButonaTikla: Test Cases/Filtreler/ButonaTikla

2021-11-19 17:18:58 - [TEST_STEP][PASSED] - Method.TextDegerineEsitElementeTikla(findTestObject("Filtreler/Butonlar"), Filtre_Buton): Method.TextDegerineEsitElementeTikla is PASSED

2021-11-19 17:18:58 - [MESSAGE][INFO] - Finding Test Object 'Object Repository/Filtreler/Butonlar'

2021-11-19 17:18:58 - [MESSAGE][INFO] - Checking timeout

2021-11-19 17:18:58 - [MESSAGE][INFO] - Finding web element with id: 'Object Repository/Filtreler/Butonlar' located by 'By.cssSelector: .dxb>span' in '10' second(s)

2021-11-19 17:18:58 - [MESSAGE][INFO] - Smart Wait Function is triggered

2021-11-19 17:18:58 - [MESSAGE][INFO] - Found 3 web elements with id: 'Object Repository/Filtreler/Butonlar' located by 'By.cssSelector: .dxb>span' in '10' second(s)

2021-11-19 17:18:58 - [MESSAGE][PASSED] - Method.TextDegerineEsitElementeTikla is PASSED

2021-11-19 17:18:58 - [MESSAGE][PASSED] - Call Test Case 'Test Cases/Filtreler/ButonaTikla' successfully

2021-11-19 17:18:58 - [MESSAGE][INFO] - Checking called Test Case

2021-11-19 17:18:58 - [MESSAGE][INFO] - Starting to call Test Case 'Test Cases/Tablo/TablodaVeriVarMi'

2021-11-19 17:18:59 - [TEST_CASE][PASSED] - Test Cases/Tablo/TablodaVeriVarMi: Test Cases/Tablo/TablodaVeriVarMi

2021-11-19 17:18:59 - [TEST_STEP][PASSED] - verifyTextNotPresent("Görüntülenecek veri yok", true): Text 'Görüntülenecek veri yok' is not present on page using regular expression

2021-11-19 17:18:59 - [MESSAGE][INFO] - Checking text present  using regular expression

2021-11-19 17:18:59 - [MESSAGE][INFO] - Smart Wait Function is triggered

2021-11-19 17:18:59 - [MESSAGE][INFO] - Finding text 'Görüntülenecek veri yok' on page  using regular expression

2021-11-19 17:18:59 - [MESSAGE][PASSED] - Text 'Görüntülenecek veri yok' is not present on page using regular expression

2021-11-19 17:18:59 - [MESSAGE][PASSED] - Call Test Case 'Test Cases/Tablo/TablodaVeriVarMi' successfully

2021-11-19 17:18:59 - [MESSAGE][INFO] - Checking called Test Case

2021-11-19 17:18:59 - [MESSAGE][INFO] - Starting to call Test Case 'Test Cases/Tablo/TablodaVeriBasariliMiArsiv'

2021-11-19 17:18:59 - [TEST_CASE][PASSED] - Test Cases/Tablo/TablodaVeriBasariliMiArsiv: Test Cases/Tablo/TablodaVeriBasariliMiArsiv

2021-11-19 17:18:59 - [TEST_STEP][PASSED] - sayac = 80: null

2021-11-19 17:18:59 - [TEST_STEP][PASSED] - while (verifyElementText(findTestObject("Object Repository/Tablo/DurumBilgisiArsiv"), "Henüz Sonuçlanmadı", OPTIONAL)): Actual text 'Başarılı' and expected text 'Henüz Sonuçlanmadı' of test object 'Object Repository/Tablo/DurumBilgisiArsiv' are NOT matched. (Root cause: com.kms.katalon.core.exception.StepFailedException: Actual text 'Başarılı' and expected text 'Henüz Sonuçlanmadı' of test object 'Object Repository/Tablo/DurumBilgisiArsiv' are NOT matched.
	at com.kms.katalon.core.webui.keyword.internal.WebUIKeywordMain.stepFailed(WebUIKeywordMain.groovy:64)
	at com.kms.katalon.core.webui.keyword.builtin.VerifyElementTextKeyword$_verifyElementText_closure1.doCall(VerifyElementTextKeyword.groovy:57)
	at com.kms.katalon.core.webui.keyword.builtin.VerifyElementTextKeyword$_verifyElementText_closure1.call(VerifyElementTextKeyword.groovy)
	at com.kms.katalon.core.webui.keyword.internal.WebUIKeywordMain.runKeyword(WebUIKeywordMain.groovy:20)
	at com.kms.katalon.core.webui.keyword.builtin.VerifyElementTextKeyword.verifyElementText(VerifyElementTextKeyword.groovy:72)
	at com.kms.katalon.core.webui.keyword.builtin.VerifyElementTextKeyword.execute(VerifyElementTextKeyword.groovy:40)
	at com.kms.katalon.core.keyword.internal.KeywordExecutor.executeKeywordForPlatform(KeywordExecutor.groovy:73)
	at com.kms.katalon.core.webui.keyword.WebUiBuiltInKeywords.verifyElementText(WebUiBuiltInKeywords.groovy:4733)
	at com.kms.katalon.core.webui.keyword.WebUiBuiltInKeywords$verifyElementText$20.call(Unknown Source)
	at TablodaVeriBasariliMiArsiv.run(TablodaVeriBasariliMiArsiv:22)
	at com.kms.katalon.core.main.ScriptEngine.run(ScriptEngine.java:194)
	at com.kms.katalon.core.main.ScriptEngine.runScriptAsRawText(ScriptEngine.java:119)
	at com.kms.katalon.core.main.TestCaseExecutor.runScript(TestCaseExecutor.java:369)
	at com.kms.katalon.core.main.TestCaseExecutor.doExecute(TestCaseExecutor.java:360)
	at com.kms.katalon.core.main.TestCaseExecutor.processExecutionPhase(TestCaseExecutor.java:339)
	at com.kms.katalon.core.main.TestCaseExecutor.accessMainPhase(TestCaseExecutor.java:331)
	at com.kms.katalon.core.main.TestCaseExecutor.execute(TestCaseExecutor.java:248)
	at com.kms.katalon.core.main.TestCaseMain.runTestCase(TestCaseMain.java:138)
	at com.kms.katalon.core.keyword.builtin.CallTestCaseKeyword$_callTestCase_closure1.doCall(CallTestCaseKeyword.groovy:59)
	at com.kms.katalon.core.keyword.builtin.CallTestCaseKeyword$_callTestCase_closure1.call(CallTestCaseKeyword.groovy)
	at com.kms.katalon.core.keyword.internal.KeywordMain.runKeyword(KeywordMain.groovy:68)
	at com.kms.katalon.core.keyword.builtin.CallTestCaseKeyword.callTestCase(CallTestCaseKeyword.groovy:81)
	at com.kms.katalon.core.keyword.builtin.CallTestCaseKeyword.execute(CallTestCaseKeyword.groovy:44)
	at com.kms.katalon.core.keyword.internal.KeywordExecutor.executeKeywordForPlatform(KeywordExecutor.groovy:73)
	at com.kms.katalon.core.keyword.BuiltinKeywords.callTestCase(BuiltinKeywords.groovy:334)
	at tablo.tablo.tablodaVeriBasariliMiArsiv(tablo.groovy:95)
	at cucumber.runtime.Utils$1.call(Utils.java:26)
	at cucumber.runtime.Timeout.timeout(Timeout.java:16)
	at cucumber.runtime.Utils.invoke(Utils.java:20)
	at cucumber.runtime.java.JavaStepDefinition.execute(JavaStepDefinition.java:49)
	at cucumber.runner.PickleStepDefinitionMatch.runStep(PickleStepDefinitionMatch.java:50)
	at cucumber.runner.TestStep.executeStep(TestStep.java:63)
	at cucumber.runner.TestStep.run(TestStep.java:49)
	at cucumber.runner.PickleStepTestStep.run(PickleStepTestStep.java:43)
	at cucumber.runner.TestCase.run(TestCase.java:44)
	at cucumber.runner.Runner.runPickle(Runner.java:40)
	at cucumber.runtime.Runtime$1.run(Runtime.java:84)
	at cucumber.runtime.Runtime$SameThreadExecutorService.execute(Runtime.java:220)
	at cucumber.runtime.Runtime.run(Runtime.java:81)
	at cucumber.api.cli.Main.run(Main.java:26)
	at cucumber.api.cli.Main$run.call(Unknown Source)
	at com.kms.katalon.core.cucumber.keyword.CucumberBuiltinKeywords$_runFeatureFile_closure1.doCall(CucumberBuiltinKeywords.groovy:106)
	at com.kms.katalon.core.cucumber.keyword.CucumberBuiltinKeywords$_runFeatureFile_closure1.doCall(CucumberBuiltinKeywords.groovy)
	at com.kms.katalon.core.keyword.internal.KeywordMain.runKeyword(KeywordMain.groovy:68)
	at com.kms.katalon.core.keyword.internal.KeywordMain$runKeyword.call(Unknown Source)
	at com.kms.katalon.core.cucumber.keyword.CucumberBuiltinKeywords.runFeatureFile(CucumberBuiltinKeywords.groovy:73)
	at com.kms.katalon.core.cucumber.keyword.CucumberBuiltinKeywords$runFeatureFile$0.callStatic(Unknown Source)
	at com.kms.katalon.core.cucumber.keyword.CucumberBuiltinKeywords.runFeatureFile(CucumberBuiltinKeywords.groovy:246)
	at com.kms.katalon.core.cucumber.keyword.CucumberBuiltinKeywords$runFeatureFile.call(Unknown Source)
	at VKN-Kagit-Satis.run(VKN-Kagit-Satis:19)
	at com.kms.katalon.core.main.ScriptEngine.run(ScriptEngine.java:194)
	at com.kms.katalon.core.main.ScriptEngine.runScriptAsRawText(ScriptEngine.java:119)
	at com.kms.katalon.core.main.TestCaseExecutor.runScript(TestCaseExecutor.java:369)
	at com.kms.katalon.core.main.TestCaseExecutor.doExecute(TestCaseExecutor.java:360)
	at com.kms.katalon.core.main.TestCaseExecutor.processExecutionPhase(TestCaseExecutor.java:339)
	at com.kms.katalon.core.main.TestCaseExecutor.accessMainPhase(TestCaseExecutor.java:331)
	at com.kms.katalon.core.main.TestCaseExecutor.execute(TestCaseExecutor.java:248)
	at com.kms.katalon.core.main.TestSuiteExecutor.accessTestCaseMainPhase(TestSuiteExecutor.java:191)
	at com.kms.katalon.core.main.TestSuiteExecutor.accessTestSuiteMainPhase(TestSuiteExecutor.java:140)
	at com.kms.katalon.core.main.TestSuiteExecutor.execute(TestSuiteExecutor.java:89)
	at com.kms.katalon.core.main.TestCaseMain.startTestSuite(TestCaseMain.java:181)
	at com.kms.katalon.core.main.TestCaseMain$startTestSuite$0.call(Unknown Source)
	at TempTestSuite1637329560940.run(TempTestSuite1637329560940.groovy:39)
)

2021-11-19 17:18:59 - [MESSAGE][INFO] - Finding Test Object 'Object Repository/Tablo/DurumBilgisiArsiv'

2021-11-19 17:19:00 - [MESSAGE][INFO] - Checking object

2021-11-19 17:19:00 - [MESSAGE][INFO] - Finding web element from Test Object's properties

2021-11-19 17:19:00 - [MESSAGE][INFO] - Checking timeout

2021-11-19 17:19:00 - [MESSAGE][INFO] - Finding web element with id: 'Object Repository/Tablo/DurumBilgisiArsiv' located by 'By.xpath: //*[@id = 'GridViewEArchiveInvoices_tccell0_9']' in '30' second(s)

2021-11-19 17:19:00 - [MESSAGE][INFO] - Smart Wait Function is triggered

2021-11-19 17:19:00 - [MESSAGE][INFO] - Found 1 web elements with id: 'Object Repository/Tablo/DurumBilgisiArsiv' located by 'By.xpath: //*[@id = 'GridViewEArchiveInvoices_tccell0_9']' in '30' second(s)

2021-11-19 17:19:00 - [MESSAGE][WARNING] - Actual text 'Başarılı' and expected text 'Henüz Sonuçlanmadı' of test object 'Object Repository/Tablo/DurumBilgisiArsiv' are NOT matched. (Root cause: com.kms.katalon.core.exception.StepFailedException: Actual text 'Başarılı' and expected text 'Henüz Sonuçlanmadı' of test object 'Object Repository/Tablo/DurumBilgisiArsiv' are NOT matched.
	at com.kms.katalon.core.webui.keyword.internal.WebUIKeywordMain.stepFailed(WebUIKeywordMain.groovy:64)
	at com.kms.katalon.core.webui.keyword.builtin.VerifyElementTextKeyword$_verifyElementText_closure1.doCall(VerifyElementTextKeyword.groovy:57)
	at com.kms.katalon.core.webui.keyword.builtin.VerifyElementTextKeyword$_verifyElementText_closure1.call(VerifyElementTextKeyword.groovy)
	at com.kms.katalon.core.webui.keyword.internal.WebUIKeywordMain.runKeyword(WebUIKeywordMain.groovy:20)
	at com.kms.katalon.core.webui.keyword.builtin.VerifyElementTextKeyword.verifyElementText(VerifyElementTextKeyword.groovy:72)
	at com.kms.katalon.core.webui.keyword.builtin.VerifyElementTextKeyword.execute(VerifyElementTextKeyword.groovy:40)
	at com.kms.katalon.core.keyword.internal.KeywordExecutor.executeKeywordForPlatform(KeywordExecutor.groovy:73)
	at com.kms.katalon.core.webui.keyword.WebUiBuiltInKeywords.verifyElementText(WebUiBuiltInKeywords.groovy:4733)
	at com.kms.katalon.core.webui.keyword.WebUiBuiltInKeywords$verifyElementText$20.call(Unknown Source)
	at TablodaVeriBasariliMiArsiv.run(TablodaVeriBasariliMiArsiv:22)
	at com.kms.katalon.core.main.ScriptEngine.run(ScriptEngine.java:194)
	at com.kms.katalon.core.main.ScriptEngine.runScriptAsRawText(ScriptEngine.java:119)
	at com.kms.katalon.core.main.TestCaseExecutor.runScript(TestCaseExecutor.java:369)
	at com.kms.katalon.core.main.TestCaseExecutor.doExecute(TestCaseExecutor.java:360)
	at com.kms.katalon.core.main.TestCaseExecutor.processExecutionPhase(TestCaseExecutor.java:339)
	at com.kms.katalon.core.main.TestCaseExecutor.accessMainPhase(TestCaseExecutor.java:331)
	at com.kms.katalon.core.main.TestCaseExecutor.execute(TestCaseExecutor.java:248)
	at com.kms.katalon.core.main.TestCaseMain.runTestCase(TestCaseMain.java:138)
	at com.kms.katalon.core.keyword.builtin.CallTestCaseKeyword$_callTestCase_closure1.doCall(CallTestCaseKeyword.groovy:59)
	at com.kms.katalon.core.keyword.builtin.CallTestCaseKeyword$_callTestCase_closure1.call(CallTestCaseKeyword.groovy)
	at com.kms.katalon.core.keyword.internal.KeywordMain.runKeyword(KeywordMain.groovy:68)
	at com.kms.katalon.core.keyword.builtin.CallTestCaseKeyword.callTestCase(CallTestCaseKeyword.groovy:81)
	at com.kms.katalon.core.keyword.builtin.CallTestCaseKeyword.execute(CallTestCaseKeyword.groovy:44)
	at com.kms.katalon.core.keyword.internal.KeywordExecutor.executeKeywordForPlatform(KeywordExecutor.groovy:73)
	at com.kms.katalon.core.keyword.BuiltinKeywords.callTestCase(BuiltinKeywords.groovy:334)
	at tablo.tablo.tablodaVeriBasariliMiArsiv(tablo.groovy:95)
	at cucumber.runtime.Utils$1.call(Utils.java:26)
	at cucumber.runtime.Timeout.timeout(Timeout.java:16)
	at cucumber.runtime.Utils.invoke(Utils.java:20)
	at cucumber.runtime.java.JavaStepDefinition.execute(JavaStepDefinition.java:49)
	at cucumber.runner.PickleStepDefinitionMatch.runStep(PickleStepDefinitionMatch.java:50)
	at cucumber.runner.TestStep.executeStep(TestStep.java:63)
	at cucumber.runner.TestStep.run(TestStep.java:49)
	at cucumber.runner.PickleStepTestStep.run(PickleStepTestStep.java:43)
	at cucumber.runner.TestCase.run(TestCase.java:44)
	at cucumber.runner.Runner.runPickle(Runner.java:40)
	at cucumber.runtime.Runtime$1.run(Runtime.java:84)
	at cucumber.runtime.Runtime$SameThreadExecutorService.execute(Runtime.java:220)
	at cucumber.runtime.Runtime.run(Runtime.java:81)
	at cucumber.api.cli.Main.run(Main.java:26)
	at cucumber.api.cli.Main$run.call(Unknown Source)
	at com.kms.katalon.core.cucumber.keyword.CucumberBuiltinKeywords$_runFeatureFile_closure1.doCall(CucumberBuiltinKeywords.groovy:106)
	at com.kms.katalon.core.cucumber.keyword.CucumberBuiltinKeywords$_runFeatureFile_closure1.doCall(CucumberBuiltinKeywords.groovy)
	at com.kms.katalon.core.keyword.internal.KeywordMain.runKeyword(KeywordMain.groovy:68)
	at com.kms.katalon.core.keyword.internal.KeywordMain$runKeyword.call(Unknown Source)
	at com.kms.katalon.core.cucumber.keyword.CucumberBuiltinKeywords.runFeatureFile(CucumberBuiltinKeywords.groovy:73)
	at com.kms.katalon.core.cucumber.keyword.CucumberBuiltinKeywords$runFeatureFile$0.callStatic(Unknown Source)
	at com.kms.katalon.core.cucumber.keyword.CucumberBuiltinKeywords.runFeatureFile(CucumberBuiltinKeywords.groovy:246)
	at com.kms.katalon.core.cucumber.keyword.CucumberBuiltinKeywords$runFeatureFile.call(Unknown Source)
	at VKN-Kagit-Satis.run(VKN-Kagit-Satis:19)
	at com.kms.katalon.core.main.ScriptEngine.run(ScriptEngine.java:194)
	at com.kms.katalon.core.main.ScriptEngine.runScriptAsRawText(ScriptEngine.java:119)
	at com.kms.katalon.core.main.TestCaseExecutor.runScript(TestCaseExecutor.java:369)
	at com.kms.katalon.core.main.TestCaseExecutor.doExecute(TestCaseExecutor.java:360)
	at com.kms.katalon.core.main.TestCaseExecutor.processExecutionPhase(TestCaseExecutor.java:339)
	at com.kms.katalon.core.main.TestCaseExecutor.accessMainPhase(TestCaseExecutor.java:331)
	at com.kms.katalon.core.main.TestCaseExecutor.execute(TestCaseExecutor.java:248)
	at com.kms.katalon.core.main.TestSuiteExecutor.accessTestCaseMainPhase(TestSuiteExecutor.java:191)
	at com.kms.katalon.core.main.TestSuiteExecutor.accessTestSuiteMainPhase(TestSuiteExecutor.java:140)
	at com.kms.katalon.core.main.TestSuiteExecutor.execute(TestSuiteExecutor.java:89)
	at com.kms.katalon.core.main.TestCaseMain.startTestSuite(TestCaseMain.java:181)
	at com.kms.katalon.core.main.TestCaseMain$startTestSuite$0.call(Unknown Source)
	at TempTestSuite1637329560940.run(TempTestSuite1637329560940.groovy:39)
)

2021-11-19 17:19:00 - [TEST_STEP][PASSED] - Method.TextDegerineEsitElementVarMi(findTestObject("Object Repository/Tablo/DurumBilgisiArsiv"), "Başarılı"): Method.TextDegerineEsitElementVarMi is PASSED

2021-11-19 17:19:00 - [MESSAGE][INFO] - Finding Test Object 'Object Repository/Tablo/DurumBilgisiArsiv'

2021-11-19 17:19:00 - [MESSAGE][INFO] - Checking timeout

2021-11-19 17:19:00 - [MESSAGE][INFO] - Finding web element with id: 'Object Repository/Tablo/DurumBilgisiArsiv' located by 'By.xpath: //*[@id = 'GridViewEArchiveInvoices_tccell0_9']' in '10' second(s)

2021-11-19 17:19:00 - [MESSAGE][INFO] - Smart Wait Function is triggered

2021-11-19 17:19:00 - [MESSAGE][INFO] - Found 1 web elements with id: 'Object Repository/Tablo/DurumBilgisiArsiv' located by 'By.xpath: //*[@id = 'GridViewEArchiveInvoices_tccell0_9']' in '10' second(s)

2021-11-19 17:19:00 - [MESSAGE][PASSED] - Method.TextDegerineEsitElementVarMi is PASSED

2021-11-19 17:19:00 - [MESSAGE][PASSED] - Call Test Case 'Test Cases/Tablo/TablodaVeriBasariliMiArsiv' successfully

2021-11-19 17:19:00 - [MESSAGE][INFO] - Checking called Test Case

2021-11-19 17:19:00 - [MESSAGE][INFO] - Starting to call Test Case 'Test Cases/Kullanici_Islemleri/KullaniciIslemlerindenSecimYapilir'

2021-11-19 17:19:00 - [TEST_CASE][PASSED] - Test Cases/Kullanici_Islemleri/KullaniciIslemlerindenSecimYapilir: Test Cases/Kullanici_Islemleri/KullaniciIslemlerindenSecimYapilir

2021-11-19 17:19:00 - [TEST_STEP][PASSED] - waitForElementClickable(findTestObject("Object Repository/Kullanici_Islemleri/KullaniciIslemleri"), 10): Object 'Object Repository/Kullanici_Islemleri/KullaniciIslemleri' is clickable

2021-11-19 17:19:00 - [MESSAGE][INFO] - Finding Test Object 'Object Repository/Kullanici_Islemleri/KullaniciIslemleri'

2021-11-19 17:19:00 - [MESSAGE][INFO] - Checking object

2021-11-19 17:19:00 - [MESSAGE][INFO] - Checking timeout

2021-11-19 17:19:00 - [MESSAGE][INFO] - Finding web element from Test Object's properties

2021-11-19 17:19:00 - [MESSAGE][INFO] - Checking timeout

2021-11-19 17:19:00 - [MESSAGE][INFO] - Finding web element with id: 'Object Repository/Kullanici_Islemleri/KullaniciIslemleri' located by 'By.cssSelector: .dropdown>a>img' in '10' second(s)

2021-11-19 17:19:00 - [MESSAGE][INFO] - Smart Wait Function is triggered

2021-11-19 17:19:01 - [MESSAGE][INFO] - Found 1 web elements with id: 'Object Repository/Kullanici_Islemleri/KullaniciIslemleri' located by 'By.cssSelector: .dropdown>a>img' in '10' second(s)

2021-11-19 17:19:01 - [MESSAGE][PASSED] - Object 'Object Repository/Kullanici_Islemleri/KullaniciIslemleri' is clickable

2021-11-19 17:19:01 - [TEST_STEP][PASSED] - click(findTestObject("Object Repository/Kullanici_Islemleri/KullaniciIslemleri")): Object: 'Object Repository/Kullanici_Islemleri/KullaniciIslemleri' is clicked on

2021-11-19 17:19:01 - [MESSAGE][INFO] - Finding Test Object 'Object Repository/Kullanici_Islemleri/KullaniciIslemleri'

2021-11-19 17:19:01 - [MESSAGE][INFO] - Checking object

2021-11-19 17:19:01 - [MESSAGE][INFO] - Finding web element from Test Object's properties

2021-11-19 17:19:01 - [MESSAGE][INFO] - Checking timeout

2021-11-19 17:19:01 - [MESSAGE][INFO] - Finding web element with id: 'Object Repository/Kullanici_Islemleri/KullaniciIslemleri' located by 'By.cssSelector: .dropdown>a>img' in '30' second(s)

2021-11-19 17:19:01 - [MESSAGE][INFO] - Smart Wait Function is triggered

2021-11-19 17:19:01 - [MESSAGE][INFO] - Found 1 web elements with id: 'Object Repository/Kullanici_Islemleri/KullaniciIslemleri' located by 'By.cssSelector: .dropdown>a>img' in '30' second(s)

2021-11-19 17:19:01 - [MESSAGE][INFO] - Clicking on object: 'Object Repository/Kullanici_Islemleri/KullaniciIslemleri'

2021-11-19 17:19:01 - [MESSAGE][PASSED] - Object: 'Object Repository/Kullanici_Islemleri/KullaniciIslemleri' is clicked on

2021-11-19 17:19:01 - [TEST_STEP][PASSED] - Method.TextDegerineEsitElementeTikla(findTestObject("Object Repository/Kullanici_Islemleri/Secenekler"), Islem): Method.TextDegerineEsitElementeTikla is PASSED

2021-11-19 17:19:01 - [MESSAGE][INFO] - Finding Test Object 'Object Repository/Kullanici_Islemleri/Secenekler'

2021-11-19 17:19:01 - [MESSAGE][INFO] - Checking timeout

2021-11-19 17:19:01 - [MESSAGE][INFO] - Finding web element with id: 'Object Repository/Kullanici_Islemleri/Secenekler' located by 'By.cssSelector: .nav.navbar-nav.navbar-right li a' in '10' second(s)

2021-11-19 17:19:01 - [MESSAGE][INFO] - Smart Wait Function is triggered

2021-11-19 17:19:02 - [MESSAGE][INFO] - Found 20 web elements with id: 'Object Repository/Kullanici_Islemleri/Secenekler' located by 'By.cssSelector: .nav.navbar-nav.navbar-right li a' in '10' second(s)

2021-11-19 17:19:03 - [MESSAGE][PASSED] - Method.TextDegerineEsitElementeTikla is PASSED

2021-11-19 17:19:03 - [TEST_STEP][PASSED] - verifyElementNotPresent(findTestObject("Object Repository/Kullanici_Islemleri/Secenekler"), 10): Web element with id: 'Object Repository/Kullanici_Islemleri/Secenekler' located by 'By.cssSelector: .nav.navbar-nav.navbar-right li a' is not present after '10' second(s)

2021-11-19 17:19:03 - [MESSAGE][INFO] - Finding Test Object 'Object Repository/Kullanici_Islemleri/Secenekler'

2021-11-19 17:19:03 - [MESSAGE][INFO] - Checking object

2021-11-19 17:19:03 - [MESSAGE][INFO] - Checking timeout

2021-11-19 17:19:03 - [MESSAGE][INFO] - Finding web element with id: 'Object Repository/Kullanici_Islemleri/Secenekler' located by 'By.cssSelector: .nav.navbar-nav.navbar-right li a' in '10' second(s)

2021-11-19 17:19:03 - [MESSAGE][INFO] - Smart Wait Function is triggered

2021-11-19 17:19:04 - [MESSAGE][PASSED] - Web element with id: 'Object Repository/Kullanici_Islemleri/Secenekler' located by 'By.cssSelector: .nav.navbar-nav.navbar-right li a' is not present after '10' second(s)

2021-11-19 17:19:04 - [MESSAGE][PASSED] - Call Test Case 'Test Cases/Kullanici_Islemleri/KullaniciIslemlerindenSecimYapilir' successfully

2021-11-19 17:19:04 - [TEST_CASE][PASSED] - Start Test Case : SCENARIO Gonderim tipi Kagit ve Satis tipinde e-Arsiv faturasi olusturulmasi: SCENARIO Gonderim tipi Kagit ve Satis tipinde e-Arsiv faturasi olusturulmasi

2021-11-19 17:19:04 - [TEST_STEP][PASSED] - Kullanıcı adı EARSATIS ve Şifre test1234 olarak giriş yapılır: Kullanıcı adı EARSATIS ve Şifre test1234 olarak giriş yapılır

2021-11-19 17:19:04 - [MESSAGE][PASSED] - Kullanıcı adı EARSATIS ve Şifre test1234 olarak giriş yapılır

2021-11-19 17:19:04 - [TEST_STEP][PASSED] - Ana menüden e-Arşiv seçilir: Ana menüden e-Arşiv seçilir

2021-11-19 17:19:04 - [MESSAGE][PASSED] - Ana menüden e-Arşiv seçilir

2021-11-19 17:19:04 - [TEST_STEP][PASSED] - Alt menü e-Arşiv Araçları başlığı altındaki e-Arşiv Fatura Oluşturma seçilir: Alt menü e-Arşiv Araçları başlığı altındaki e-Arşiv Fatura Oluşturma seçilir

2021-11-19 17:19:04 - [MESSAGE][PASSED] - Alt menü e-Arşiv Araçları başlığı altındaki e-Arşiv Fatura Oluşturma seçilir

2021-11-19 17:19:04 - [TEST_STEP][PASSED] - Tablodaki tüm veriler silinir: Tablodaki tüm veriler silinir

2021-11-19 17:19:04 - [MESSAGE][PASSED] - Tablodaki tüm veriler silinir

2021-11-19 17:19:04 - [TEST_STEP][PASSED] - Butonlardan Ekle isimli butona tıklanır: Butonlardan Ekle isimli butona tıklanır

2021-11-19 17:19:04 - [MESSAGE][PASSED] - Butonlardan Ekle isimli butona tıklanır

2021-11-19 17:19:04 - [TEST_STEP][PASSED] - Görsel tasarım sayfasının e-Arşiv Fatura Bilgileri başlığını içerdiği kontrol edilir: Görsel tasarım sayfasının e-Arşiv Fatura Bilgileri başlığını içerdiği kontrol edilir

2021-11-19 17:19:04 - [MESSAGE][PASSED] - Görsel tasarım sayfasının e-Arşiv Fatura Bilgileri başlığını içerdiği kontrol edilir

2021-11-19 17:19:04 - [TEST_STEP][PASSED] - Alıcı adı alanına UC0015 girilir: Alıcı adı alanına UC0015 girilir

2021-11-19 17:19:04 - [MESSAGE][PASSED] - Alıcı adı alanına UC0015 girilir

2021-11-19 17:19:04 - [TEST_STEP][PASSED] - Gönderim Şekli Kağıt olarak seçilir: Gönderim Şekli Kağıt olarak seçilir

2021-11-19 17:19:04 - [MESSAGE][PASSED] - Gönderim Şekli Kağıt olarak seçilir

2021-11-19 17:19:04 - [TEST_STEP][PASSED] - Tip alanından Satış seçilir: Tip alanından Satış seçilir

2021-11-19 17:19:04 - [MESSAGE][PASSED] - Tip alanından Satış seçilir

2021-11-19 17:19:04 - [TEST_STEP][PASSED] - Döküman Para Birimi alanından Türk Lirası seçilir: Döküman Para Birimi alanından Türk Lirası seçilir

2021-11-19 17:19:04 - [MESSAGE][PASSED] - Döküman Para Birimi alanından Türk Lirası seçilir

2021-11-19 17:19:04 - [TEST_STEP][PASSED] - Ön Ek EAR olarak seçilir: Ön Ek EAR olarak seçilir

2021-11-19 17:19:04 - [MESSAGE][PASSED] - Ön Ek EAR olarak seçilir

2021-11-19 17:19:04 - [TEST_STEP][PASSED] - Tasarım alanından Otomasyon seçilir: Tasarım alanından Otomasyon seçilir

2021-11-19 17:19:04 - [MESSAGE][PASSED] - Tasarım alanından Otomasyon seçilir

2021-11-19 17:19:04 - [TEST_STEP][PASSED] - Sipariş bilgileri UUC-SAT-1200001 ve 31.04.2020 olarak girilir: Sipariş bilgileri UUC-SAT-1200001 ve 31.04.2020 olarak girilir

2021-11-19 17:19:04 - [MESSAGE][PASSED] - Sipariş bilgileri UUC-SAT-1200001 ve 31.04.2020 olarak girilir

2021-11-19 17:19:04 - [TEST_STEP][PASSED] - İrsaliye Bilgileri AAAAAAAAAA,31.04.2020 olarak girilir: İrsaliye Bilgileri AAAAAAAAAA,31.04.2020 olarak girilir

2021-11-19 17:19:04 - [MESSAGE][PASSED] - İrsaliye Bilgileri AAAAAAAAAA,31.04.2020 olarak girilir

2021-11-19 17:19:04 - [TEST_STEP][PASSED] - Ekle butonuna basılır: Ekle butonuna basılır

2021-11-19 17:19:04 - [MESSAGE][PASSED] - Ekle butonuna basılır

2021-11-19 17:19:04 - [TEST_STEP][PASSED] - Ürün ekleme alanında Mal/Hizmet başlığına Otomasyon girilir: Ürün ekleme alanında Mal/Hizmet başlığına Otomasyon girilir

2021-11-19 17:19:04 - [MESSAGE][PASSED] - Ürün ekleme alanında Mal/Hizmet başlığına Otomasyon girilir

2021-11-19 17:19:04 - [TEST_STEP][PASSED] - Ürün ekleme alanında Açıklaması başlığına Virgosol girilir: Ürün ekleme alanında Açıklaması başlığına Virgosol girilir

2021-11-19 17:19:04 - [MESSAGE][PASSED] - Ürün ekleme alanında Açıklaması başlığına Virgosol girilir

2021-11-19 17:19:04 - [TEST_STEP][PASSED] - Ürün ekleme alanında Miktarı başlığına 400 girilir: Ürün ekleme alanında Miktarı başlığına 400 girilir

2021-11-19 17:19:04 - [MESSAGE][PASSED] - Ürün ekleme alanında Miktarı başlığına 400 girilir

2021-11-19 17:19:04 - [TEST_STEP][PASSED] - Ürün ekleme alanında Birim Fiyat başlığına 100 girilir: Ürün ekleme alanında Birim Fiyat başlığına 100 girilir

2021-11-19 17:19:04 - [MESSAGE][PASSED] - Ürün ekleme alanında Birim Fiyat başlığına 100 girilir

2021-11-19 17:19:04 - [TEST_STEP][PASSED] - Ürün ekleme alanında İskonto Oranı % başlığına 10 girilir: Ürün ekleme alanında İskonto Oranı % başlığına 10 girilir

2021-11-19 17:19:04 - [MESSAGE][PASSED] - Ürün ekleme alanında İskonto Oranı % başlığına 10 girilir

2021-11-19 17:19:04 - [TEST_STEP][PASSED] - Notlar alanına Otomasyon Not girilir: Notlar alanına Otomasyon Not girilir

2021-11-19 17:19:04 - [MESSAGE][PASSED] - Notlar alanına Otomasyon Not girilir

2021-11-19 17:19:04 - [TEST_STEP][PASSED] - Ettn bilgisi kayıt edilir: Ettn bilgisi kayıt edilir

2021-11-19 17:19:04 - [MESSAGE][PASSED] - Ettn bilgisi kayıt edilir

2021-11-19 17:19:04 - [TEST_STEP][PASSED] - Kaydet butonu seçilir: Kaydet butonu seçilir

2021-11-19 17:19:04 - [MESSAGE][PASSED] - Kaydet butonu seçilir

2021-11-19 17:19:04 - [TEST_STEP][PASSED] - Tabloda Ettn bilgisi kaydedilen veri oluşturuldu mu: Tabloda Ettn bilgisi kaydedilen veri oluşturuldu mu

2021-11-19 17:19:04 - [MESSAGE][PASSED] - Tabloda Ettn bilgisi kaydedilen veri oluşturuldu mu

2021-11-19 17:19:04 - [TEST_STEP][PASSED] - Tablodan Ettn bilgisi kaydedilen veri seçilir: Tablodan Ettn bilgisi kaydedilen veri seçilir

2021-11-19 17:19:04 - [MESSAGE][PASSED] - Tablodan Ettn bilgisi kaydedilen veri seçilir

2021-11-19 17:19:04 - [TEST_STEP][PASSED] - Butonlardan Numara Oluştur isimli butona tıklanır: Butonlardan Numara Oluştur isimli butona tıklanır

2021-11-19 17:19:04 - [MESSAGE][PASSED] - Butonlardan Numara Oluştur isimli butona tıklanır

2021-11-19 17:19:04 - [TEST_STEP][PASSED] - Popup mesajı Devam etmek istiyor musunuz içeriyor mu: Popup mesajı Devam etmek istiyor musunuz içeriyor mu

2021-11-19 17:19:04 - [MESSAGE][PASSED] - Popup mesajı Devam etmek istiyor musunuz içeriyor mu

2021-11-19 17:19:04 - [TEST_STEP][PASSED] - Yönetim popupında Evet seçilir: Yönetim popupında Evet seçilir

2021-11-19 17:19:04 - [MESSAGE][PASSED] - Yönetim popupında Evet seçilir

2021-11-19 17:19:04 - [TEST_STEP][PASSED] - Popup mesajı oluşmuştur içeriyor mu: Popup mesajı oluşmuştur içeriyor mu

2021-11-19 17:19:04 - [MESSAGE][PASSED] - Popup mesajı oluşmuştur içeriyor mu

2021-11-19 17:19:04 - [TEST_STEP][PASSED] - Yönetim popupında Tamam seçilir: Yönetim popupında Tamam seçilir

2021-11-19 17:19:04 - [MESSAGE][PASSED] - Yönetim popupında Tamam seçilir

2021-11-19 17:19:04 - [TEST_STEP][PASSED] - Tablodan Ettn bilgisi kaydedilen veri seçilir: Tablodan Ettn bilgisi kaydedilen veri seçilir

2021-11-19 17:19:04 - [MESSAGE][PASSED] - Tablodan Ettn bilgisi kaydedilen veri seçilir

2021-11-19 17:19:04 - [TEST_STEP][PASSED] - Butonlardan Gönder isimli butona tıklanır: Butonlardan Gönder isimli butona tıklanır

2021-11-19 17:19:04 - [MESSAGE][PASSED] - Butonlardan Gönder isimli butona tıklanır

2021-11-19 17:19:04 - [TEST_STEP][PASSED] - Popup mesajı Devam etmek istiyor musunuz içeriyor mu: Popup mesajı Devam etmek istiyor musunuz içeriyor mu

2021-11-19 17:19:04 - [MESSAGE][PASSED] - Popup mesajı Devam etmek istiyor musunuz içeriyor mu

2021-11-19 17:19:04 - [TEST_STEP][PASSED] - Yönetim popupında Evet seçilir: Yönetim popupında Evet seçilir

2021-11-19 17:19:04 - [MESSAGE][PASSED] - Yönetim popupında Evet seçilir

2021-11-19 17:19:04 - [TEST_STEP][PASSED] - Ana menüden e-Arşiv seçilir: Ana menüden e-Arşiv seçilir

2021-11-19 17:19:04 - [MESSAGE][PASSED] - Ana menüden e-Arşiv seçilir

2021-11-19 17:19:04 - [TEST_STEP][PASSED] - Alt menü e-Arşiv Hareketleri başlığı altındaki e-Arşiv Faturaları seçilir: Alt menü e-Arşiv Hareketleri başlığı altındaki e-Arşiv Faturaları seçilir

2021-11-19 17:19:04 - [MESSAGE][PASSED] - Alt menü e-Arşiv Hareketleri başlığı altındaki e-Arşiv Faturaları seçilir

2021-11-19 17:19:04 - [TEST_STEP][PASSED] - Filtrelerden Ettn filtresine Ettn bilgisi yaz: Filtrelerden Ettn filtresine Ettn bilgisi yaz

2021-11-19 17:19:04 - [MESSAGE][PASSED] - Filtrelerden Ettn filtresine Ettn bilgisi yaz

2021-11-19 17:19:04 - [TEST_STEP][PASSED] - Filtre butonlarından Listele seçilir: Filtre butonlarından Listele seçilir

2021-11-19 17:19:04 - [MESSAGE][PASSED] - Filtre butonlarından Listele seçilir

2021-11-19 17:19:04 - [TEST_STEP][PASSED] - Tabloda veri var mı kontrol edilir: Tabloda veri var mı kontrol edilir

2021-11-19 17:19:04 - [MESSAGE][PASSED] - Tabloda veri var mı kontrol edilir

2021-11-19 17:19:04 - [TEST_STEP][PASSED] - Tabloda yeni oluşturulan eArsiv verisi başarılı mı: Tabloda yeni oluşturulan eArsiv verisi başarılı mı

2021-11-19 17:19:04 - [MESSAGE][PASSED] - Tabloda yeni oluşturulan eArsiv verisi başarılı mı

2021-11-19 17:19:04 - [TEST_STEP][PASSED] - Kullanıcı işlemlerinden Çıkış seçilir: Kullanıcı işlemlerinden Çıkış seçilir

2021-11-19 17:19:04 - [MESSAGE][PASSED] - Kullanıcı işlemlerinden Çıkış seçilir

2021-11-19 17:19:04 - [MESSAGE][PASSED] - Feature file: 'Include/features/Regresyon/e-Arsiv/VKN-Kagit-Satis.feature' was passed

2021-11-19 17:19:04 - [TEST_STEP][PASSED] - Start listener action : sampleAfterTestSuite: Invoke 'com.kms.katalon.core.annotation.AfterTestCase' method: 'Listener.sampleAfterTestSuite(...)' completed.

2021-11-19 17:19:04 - [MESSAGE][INFO] - Starting invoke 'com.kms.katalon.core.annotation.AfterTestCase' method: 'Listener.sampleAfterTestSuite(...)'

2021-11-19 17:19:04 - [TEST_STEP][PASSED] - closeBrowser(): Invoke 'com.kms.katalon.core.annotation.AfterTestCase' method: 'Listener.sampleAfterTestSuite(...)' completed.

2021-11-19 17:19:04 - [MESSAGE][INFO] - Closing browser

2021-11-19 17:19:04 - [MESSAGE][PASSED] - Browser is closed

2021-11-19 17:19:04 - [MESSAGE][INFO] - Invoke 'com.kms.katalon.core.annotation.AfterTestCase' method: 'Listener.sampleAfterTestSuite(...)' completed.]]></system-out>
         <system-err><![CDATA[]]></system-err>
      </testcase>
      <testcase name="Test Cases/Case Repository/Regresyon/e-Arsiv/VKN-Kagit-Tevkifat" time="118.599" classname="Test Cases/Case Repository/Regresyon/e-Arsiv/VKN-Kagit-Tevkifat" status="PASSED">
         <system-out><![CDATA[2021-11-19 17:19:04 - [TEST_CASE][PASSED] - Test Cases/Case Repository/Regresyon/e-Arsiv/VKN-Kagit-Tevkifat: Test Cases/Case Repository/Regresyon/e-Arsiv/VKN-Kagit-Tevkifat

2021-11-19 17:19:04 - [TEST_STEP][PASSED] - Start listener action : sampleBeforeTestSuite: Invoke 'com.kms.katalon.core.annotation.BeforeTestCase' method: 'Listener.sampleBeforeTestSuite(...)' completed.

2021-11-19 17:19:04 - [MESSAGE][INFO] - Starting invoke 'com.kms.katalon.core.annotation.BeforeTestCase' method: 'Listener.sampleBeforeTestSuite(...)'

2021-11-19 17:19:04 - [TEST_STEP][PASSED] - openBrowser(baseUrl): Browser is opened with url: 'https://efatura-stage.elogo.com.tr/'

2021-11-19 17:19:04 - [MESSAGE][INFO] - Opening browser

2021-11-19 17:19:04 - [MESSAGE][INFO] - Starting 'Chrome' driver

2021-11-19 17:19:04 - [MESSAGE][INFO] - User set preference: ['prefs', '{download.default_directory=C:\otomasyondownfiles}']

2021-11-19 17:19:04 - [MESSAGE][INFO] - Action delay is set to 0 milliseconds

2021-11-19 17:19:06 - [MESSAGE][INFO] - Navigating browser to: 'https://efatura-stage.elogo.com.tr/'

2021-11-19 17:19:09 - [MESSAGE][PASSED] - Browser is opened with url: 'https://efatura-stage.elogo.com.tr/'

2021-11-19 17:19:09 - [TEST_STEP][PASSED] - maximizeWindow(): Invoke 'com.kms.katalon.core.annotation.BeforeTestCase' method: 'Listener.sampleBeforeTestSuite(...)' completed.

2021-11-19 17:19:09 - [MESSAGE][INFO] - Maximizing current window

2021-11-19 17:19:09 - [MESSAGE][PASSED] - Current window maximized

2021-11-19 17:19:09 - [MESSAGE][INFO] - Invoke 'com.kms.katalon.core.annotation.BeforeTestCase' method: 'Listener.sampleBeforeTestSuite(...)' completed.

2021-11-19 17:19:10 - [TEST_STEP][PASSED] - runFeatureFile("Include/features/Regresyon/e-Arsiv/VKN-Kagit-Tevkifat.feature"): Feature file: 'Include/features/Regresyon/e-Arsiv/VKN-Kagit-Tevkifat.feature' was passed

2021-11-19 17:19:10 - [MESSAGE][INFO] - Starting run keyword runFeatureFile: 'Include/features/Regresyon/e-Arsiv/VKN-Kagit-Tevkifat.feature' and extract report to folder: 'C:\Users\DELL\Documents\GitHub\EES_KatalonLogo\Reports\20211119_164526\Suite Repository\Regresyon-eArsiv-eMakbuz\20211119_164600/cucumber_report/1637331550227'...

2021-11-19 17:19:10 - [MESSAGE][INFO] - Glue: []

2021-11-19 17:19:11 - [MESSAGE][INFO] - Checking called Test Case

2021-11-19 17:19:11 - [MESSAGE][INFO] - Starting to call Test Case 'Test Cases/Sayfalar/Giris_Sayfasi/Login'

2021-11-19 17:19:11 - [TEST_CASE][PASSED] - Test Cases/Sayfalar/Giris_Sayfasi/Login: Test Cases/Sayfalar/Giris_Sayfasi/Login

2021-11-19 17:19:11 - [TEST_STEP][PASSED] - Sayfa_Basligi = getWindowTitle(): Current window's title is: 'LOGO e-Fatura'

2021-11-19 17:19:11 - [MESSAGE][INFO] - Getting current window's title

2021-11-19 17:19:12 - [MESSAGE][PASSED] - Current window's title is: 'LOGO e-Fatura'

2021-11-19 17:19:12 - [TEST_STEP][PASSED] - verifyMatch(Sayfa_Basligi, "LOGO e-Fatura", false): Actual text 'LOGO e-Fatura' and expected text 'LOGO e-Fatura' are matched 

2021-11-19 17:19:12 - [MESSAGE][INFO] - Matching actual text 'LOGO e-Fatura' with expected text 'LOGO e-Fatura'

2021-11-19 17:19:12 - [MESSAGE][PASSED] - Actual text 'LOGO e-Fatura' and expected text 'LOGO e-Fatura' are matched 

2021-11-19 17:19:12 - [TEST_STEP][PASSED] - sendKeys(findTestObject("Sayfalar/Giris_Sayfasi/Firma_Kodu"), KullaniciAdi): Keys 'EARTEVKIFAT' sent to object: 'Object Repository/Sayfalar/Giris_Sayfasi/Firma_Kodu'

2021-11-19 17:19:12 - [MESSAGE][INFO] - Finding Test Object 'Object Repository/Sayfalar/Giris_Sayfasi/Firma_Kodu'

2021-11-19 17:19:12 - [MESSAGE][INFO] - Sending keys 'EARTEVKIFAT' to object: 'Object Repository/Sayfalar/Giris_Sayfasi/Firma_Kodu'

2021-11-19 17:19:12 - [MESSAGE][INFO] - Finding web element from Test Object's properties

2021-11-19 17:19:12 - [MESSAGE][INFO] - Checking timeout

2021-11-19 17:19:12 - [MESSAGE][INFO] - Finding web element with id: 'Object Repository/Sayfalar/Giris_Sayfasi/Firma_Kodu' located by 'By.xpath: //*[@id = 'AccountName']' in '30' second(s)

2021-11-19 17:19:12 - [MESSAGE][INFO] - Smart Wait Function is triggered

2021-11-19 17:19:12 - [MESSAGE][INFO] - Found 1 web elements with id: 'Object Repository/Sayfalar/Giris_Sayfasi/Firma_Kodu' located by 'By.xpath: //*[@id = 'AccountName']' in '30' second(s)

2021-11-19 17:19:12 - [MESSAGE][PASSED] - Keys 'EARTEVKIFAT' sent to object: 'Object Repository/Sayfalar/Giris_Sayfasi/Firma_Kodu'

2021-11-19 17:19:12 - [TEST_STEP][PASSED] - sendKeys(findTestObject("Sayfalar/Giris_Sayfasi/Sifre"), Sifre): Keys 'test1234' sent to object: 'Object Repository/Sayfalar/Giris_Sayfasi/Sifre'

2021-11-19 17:19:12 - [MESSAGE][INFO] - Finding Test Object 'Object Repository/Sayfalar/Giris_Sayfasi/Sifre'

2021-11-19 17:19:12 - [MESSAGE][INFO] - Sending keys 'test1234' to object: 'Object Repository/Sayfalar/Giris_Sayfasi/Sifre'

2021-11-19 17:19:12 - [MESSAGE][INFO] - Finding web element from Test Object's properties

2021-11-19 17:19:12 - [MESSAGE][INFO] - Checking timeout

2021-11-19 17:19:12 - [MESSAGE][INFO] - Finding web element with id: 'Object Repository/Sayfalar/Giris_Sayfasi/Sifre' located by 'By.xpath: //*[@id = 'Password']' in '30' second(s)

2021-11-19 17:19:12 - [MESSAGE][INFO] - Smart Wait Function is triggered

2021-11-19 17:19:12 - [MESSAGE][INFO] - Found 1 web elements with id: 'Object Repository/Sayfalar/Giris_Sayfasi/Sifre' located by 'By.xpath: //*[@id = 'Password']' in '30' second(s)

2021-11-19 17:19:12 - [MESSAGE][PASSED] - Keys 'test1234' sent to object: 'Object Repository/Sayfalar/Giris_Sayfasi/Sifre'

2021-11-19 17:19:12 - [TEST_STEP][PASSED] - findWebElement(findTestObject("Sayfalar/Giris_Sayfasi/Giris_Butonu")).click(): Found 1 web elements with id: 'Object Repository/Sayfalar/Giris_Sayfasi/Giris_Butonu' located by 'By.cssSelector: #btnLogin' in '30' second(s)

2021-11-19 17:19:12 - [MESSAGE][INFO] - Finding Test Object 'Object Repository/Sayfalar/Giris_Sayfasi/Giris_Butonu'

2021-11-19 17:19:13 - [MESSAGE][INFO] - Finding web element from Test Object's properties

2021-11-19 17:19:13 - [MESSAGE][INFO] - Checking timeout

2021-11-19 17:19:13 - [MESSAGE][INFO] - Finding web element with id: 'Object Repository/Sayfalar/Giris_Sayfasi/Giris_Butonu' located by 'By.cssSelector: #btnLogin' in '30' second(s)

2021-11-19 17:19:13 - [MESSAGE][INFO] - Smart Wait Function is triggered

2021-11-19 17:19:13 - [MESSAGE][INFO] - Found 1 web elements with id: 'Object Repository/Sayfalar/Giris_Sayfasi/Giris_Butonu' located by 'By.cssSelector: #btnLogin' in '30' second(s)

2021-11-19 17:19:14 - [TEST_STEP][PASSED] - if (verifyElementPresent(findTestObject("Object Repository/Sayfalar/Giris_Sayfasi/RetveTamam_Butonu"), 5, OPTIONAL)): null

2021-11-19 17:19:14 - [MESSAGE][INFO] - Finding Test Object 'Object Repository/Sayfalar/Giris_Sayfasi/RetveTamam_Butonu'

2021-11-19 17:19:15 - [MESSAGE][INFO] - Checking object

2021-11-19 17:19:15 - [MESSAGE][INFO] - Finding web element from Test Object's properties

2021-11-19 17:19:15 - [MESSAGE][INFO] - Checking timeout

2021-11-19 17:19:15 - [MESSAGE][INFO] - Finding web element with id: 'Object Repository/Sayfalar/Giris_Sayfasi/RetveTamam_Butonu' located by 'By.xpath: //*[@class = 'btn btn-default']' in '5' second(s)

2021-11-19 17:19:15 - [MESSAGE][INFO] - Smart Wait Function is triggered

2021-11-19 17:19:15 - [MESSAGE][INFO] - Found 1 web elements with id: 'Object Repository/Sayfalar/Giris_Sayfasi/RetveTamam_Butonu' located by 'By.xpath: //*[@class = 'btn btn-default']' in '5' second(s)

2021-11-19 17:19:15 - [MESSAGE][PASSED] - Object 'Object Repository/Sayfalar/Giris_Sayfasi/RetveTamam_Butonu' is present

2021-11-19 17:19:15 - [TEST_STEP][PASSED] - click(findTestObject("Object Repository/Sayfalar/Giris_Sayfasi/RetveTamam_Butonu")): Object: 'Object Repository/Sayfalar/Giris_Sayfasi/RetveTamam_Butonu' is clicked on

2021-11-19 17:19:15 - [MESSAGE][INFO] - Finding Test Object 'Object Repository/Sayfalar/Giris_Sayfasi/RetveTamam_Butonu'

2021-11-19 17:19:15 - [MESSAGE][INFO] - Checking object

2021-11-19 17:19:15 - [MESSAGE][INFO] - Finding web element from Test Object's properties

2021-11-19 17:19:15 - [MESSAGE][INFO] - Checking timeout

2021-11-19 17:19:15 - [MESSAGE][INFO] - Finding web element with id: 'Object Repository/Sayfalar/Giris_Sayfasi/RetveTamam_Butonu' located by 'By.xpath: //*[@class = 'btn btn-default']' in '30' second(s)

2021-11-19 17:19:15 - [MESSAGE][INFO] - Smart Wait Function is triggered

2021-11-19 17:19:15 - [MESSAGE][INFO] - Found 1 web elements with id: 'Object Repository/Sayfalar/Giris_Sayfasi/RetveTamam_Butonu' located by 'By.xpath: //*[@class = 'btn btn-default']' in '30' second(s)

2021-11-19 17:19:15 - [MESSAGE][INFO] - Clicking on object: 'Object Repository/Sayfalar/Giris_Sayfasi/RetveTamam_Butonu'

2021-11-19 17:19:15 - [MESSAGE][PASSED] - Object: 'Object Repository/Sayfalar/Giris_Sayfasi/RetveTamam_Butonu' is clicked on

2021-11-19 17:19:15 - [TEST_STEP][PASSED] - click(findTestObject("Object Repository/Sayfalar/Giris_Sayfasi/RetveTamam_Butonu")): Object: 'Object Repository/Sayfalar/Giris_Sayfasi/RetveTamam_Butonu' is clicked on

2021-11-19 17:19:15 - [MESSAGE][INFO] - Finding Test Object 'Object Repository/Sayfalar/Giris_Sayfasi/RetveTamam_Butonu'

2021-11-19 17:19:15 - [MESSAGE][INFO] - Checking object

2021-11-19 17:19:15 - [MESSAGE][INFO] - Finding web element from Test Object's properties

2021-11-19 17:19:15 - [MESSAGE][INFO] - Checking timeout

2021-11-19 17:19:15 - [MESSAGE][INFO] - Finding web element with id: 'Object Repository/Sayfalar/Giris_Sayfasi/RetveTamam_Butonu' located by 'By.xpath: //*[@class = 'btn btn-default']' in '30' second(s)

2021-11-19 17:19:15 - [MESSAGE][INFO] - Smart Wait Function is triggered

2021-11-19 17:19:19 - [MESSAGE][INFO] - Found 1 web elements with id: 'Object Repository/Sayfalar/Giris_Sayfasi/RetveTamam_Butonu' located by 'By.xpath: //*[@class = 'btn btn-default']' in '30' second(s)

2021-11-19 17:19:19 - [MESSAGE][INFO] - Clicking on object: 'Object Repository/Sayfalar/Giris_Sayfasi/RetveTamam_Butonu'

2021-11-19 17:19:20 - [MESSAGE][PASSED] - Object: 'Object Repository/Sayfalar/Giris_Sayfasi/RetveTamam_Butonu' is clicked on

2021-11-19 17:19:20 - [TEST_STEP][PASSED] - if (verifyElementPresent(findTestObject("Sayfalar/Giris_Sayfasi/PopupOK"), 5, OPTIONAL)): com.kms.katalon.core.webui.exception.WebElementNotFoundException: Web element with id: 'Object Repository/Sayfalar/Giris_Sayfasi/PopupOK' located by '.btn.btn-success' not found (Root cause: com.kms.katalon.core.exception.StepFailedException: com.kms.katalon.core.webui.exception.WebElementNotFoundException: Web element with id: 'Object Repository/Sayfalar/Giris_Sayfasi/PopupOK' located by '.btn.btn-success' not found
	at com.kms.katalon.core.webui.keyword.internal.WebUIKeywordMain.stepFailed(WebUIKeywordMain.groovy:64)
	at com.kms.katalon.core.webui.keyword.builtin.VerifyElementPresentKeyword$_verifyElementPresent_closure1.doCall(VerifyElementPresentKeyword.groovy:85)
	at com.kms.katalon.core.webui.keyword.builtin.VerifyElementPresentKeyword$_verifyElementPresent_closure1.call(VerifyElementPresentKeyword.groovy)
	at com.kms.katalon.core.webui.keyword.internal.WebUIKeywordMain.runKeyword(WebUIKeywordMain.groovy:20)
	at com.kms.katalon.core.webui.keyword.builtin.VerifyElementPresentKeyword.verifyElementPresent(VerifyElementPresentKeyword.groovy:92)
	at com.kms.katalon.core.webui.keyword.builtin.VerifyElementPresentKeyword.execute(VerifyElementPresentKeyword.groovy:68)
	at com.kms.katalon.core.keyword.internal.KeywordExecutor.executeKeywordForPlatform(KeywordExecutor.groovy:73)
	at com.kms.katalon.core.webui.keyword.WebUiBuiltInKeywords.verifyElementPresent(WebUiBuiltInKeywords.groovy:1448)
	at com.kms.katalon.core.webui.keyword.WebUiBuiltInKeywords$verifyElementPresent$4.call(Unknown Source)
	at Login.run(Login:40)
	at com.kms.katalon.core.main.ScriptEngine.run(ScriptEngine.java:194)
	at com.kms.katalon.core.main.ScriptEngine.runScriptAsRawText(ScriptEngine.java:119)
	at com.kms.katalon.core.main.TestCaseExecutor.runScript(TestCaseExecutor.java:369)
	at com.kms.katalon.core.main.TestCaseExecutor.doExecute(TestCaseExecutor.java:360)
	at com.kms.katalon.core.main.TestCaseExecutor.processExecutionPhase(TestCaseExecutor.java:339)
	at com.kms.katalon.core.main.TestCaseExecutor.accessMainPhase(TestCaseExecutor.java:331)
	at com.kms.katalon.core.main.TestCaseExecutor.execute(TestCaseExecutor.java:248)
	at com.kms.katalon.core.main.TestCaseMain.runTestCase(TestCaseMain.java:138)
	at com.kms.katalon.core.keyword.builtin.CallTestCaseKeyword$_callTestCase_closure1.doCall(CallTestCaseKeyword.groovy:59)
	at com.kms.katalon.core.keyword.builtin.CallTestCaseKeyword$_callTestCase_closure1.call(CallTestCaseKeyword.groovy)
	at com.kms.katalon.core.keyword.internal.KeywordMain.runKeyword(KeywordMain.groovy:68)
	at com.kms.katalon.core.keyword.builtin.CallTestCaseKeyword.callTestCase(CallTestCaseKeyword.groovy:81)
	at com.kms.katalon.core.keyword.builtin.CallTestCaseKeyword.execute(CallTestCaseKeyword.groovy:44)
	at com.kms.katalon.core.keyword.internal.KeywordExecutor.executeKeywordForPlatform(KeywordExecutor.groovy:73)
	at com.kms.katalon.core.keyword.BuiltinKeywords.callTestCase(BuiltinKeywords.groovy:334)
	at sayfalar.girisSayfasi.login(girisSayfasi.groovy:50)
	at cucumber.runtime.Utils$1.call(Utils.java:26)
	at cucumber.runtime.Timeout.timeout(Timeout.java:16)
	at cucumber.runtime.Utils.invoke(Utils.java:20)
	at cucumber.runtime.java.JavaStepDefinition.execute(JavaStepDefinition.java:49)
	at cucumber.runner.PickleStepDefinitionMatch.runStep(PickleStepDefinitionMatch.java:50)
	at cucumber.runner.TestStep.executeStep(TestStep.java:63)
	at cucumber.runner.TestStep.run(TestStep.java:49)
	at cucumber.runner.PickleStepTestStep.run(PickleStepTestStep.java:43)
	at cucumber.runner.TestCase.run(TestCase.java:44)
	at cucumber.runner.Runner.runPickle(Runner.java:40)
	at cucumber.runtime.Runtime$1.run(Runtime.java:84)
	at cucumber.runtime.Runtime$SameThreadExecutorService.execute(Runtime.java:220)
	at cucumber.runtime.Runtime.run(Runtime.java:81)
	at cucumber.api.cli.Main.run(Main.java:26)
	at cucumber.api.cli.Main$run.call(Unknown Source)
	at com.kms.katalon.core.cucumber.keyword.CucumberBuiltinKeywords$_runFeatureFile_closure1.doCall(CucumberBuiltinKeywords.groovy:106)
	at com.kms.katalon.core.cucumber.keyword.CucumberBuiltinKeywords$_runFeatureFile_closure1.doCall(CucumberBuiltinKeywords.groovy)
	at com.kms.katalon.core.keyword.internal.KeywordMain.runKeyword(KeywordMain.groovy:68)
	at com.kms.katalon.core.keyword.internal.KeywordMain$runKeyword.call(Unknown Source)
	at com.kms.katalon.core.cucumber.keyword.CucumberBuiltinKeywords.runFeatureFile(CucumberBuiltinKeywords.groovy:73)
	at com.kms.katalon.core.cucumber.keyword.CucumberBuiltinKeywords$runFeatureFile$0.callStatic(Unknown Source)
	at com.kms.katalon.core.cucumber.keyword.CucumberBuiltinKeywords.runFeatureFile(CucumberBuiltinKeywords.groovy:246)
	at com.kms.katalon.core.cucumber.keyword.CucumberBuiltinKeywords$runFeatureFile.call(Unknown Source)
	at VKN-Kagit-Tevkifat.run(VKN-Kagit-Tevkifat:19)
	at com.kms.katalon.core.main.ScriptEngine.run(ScriptEngine.java:194)
	at com.kms.katalon.core.main.ScriptEngine.runScriptAsRawText(ScriptEngine.java:119)
	at com.kms.katalon.core.main.TestCaseExecutor.runScript(TestCaseExecutor.java:369)
	at com.kms.katalon.core.main.TestCaseExecutor.doExecute(TestCaseExecutor.java:360)
	at com.kms.katalon.core.main.TestCaseExecutor.processExecutionPhase(TestCaseExecutor.java:339)
	at com.kms.katalon.core.main.TestCaseExecutor.accessMainPhase(TestCaseExecutor.java:331)
	at com.kms.katalon.core.main.TestCaseExecutor.execute(TestCaseExecutor.java:248)
	at com.kms.katalon.core.main.TestSuiteExecutor.accessTestCaseMainPhase(TestSuiteExecutor.java:191)
	at com.kms.katalon.core.main.TestSuiteExecutor.accessTestSuiteMainPhase(TestSuiteExecutor.java:140)
	at com.kms.katalon.core.main.TestSuiteExecutor.execute(TestSuiteExecutor.java:89)
	at com.kms.katalon.core.main.TestCaseMain.startTestSuite(TestCaseMain.java:181)
	at com.kms.katalon.core.main.TestCaseMain$startTestSuite$0.call(Unknown Source)
	at TempTestSuite1637329560940.run(TempTestSuite1637329560940.groovy:39)
)

2021-11-19 17:19:20 - [MESSAGE][INFO] - Finding Test Object 'Object Repository/Sayfalar/Giris_Sayfasi/PopupOK'

2021-11-19 17:19:20 - [MESSAGE][INFO] - Checking object

2021-11-19 17:19:20 - [MESSAGE][INFO] - Finding web element from Test Object's properties

2021-11-19 17:19:20 - [MESSAGE][INFO] - Checking timeout

2021-11-19 17:19:20 - [MESSAGE][INFO] - Finding web element with id: 'Object Repository/Sayfalar/Giris_Sayfasi/PopupOK' located by 'By.cssSelector: .btn.btn-success' in '5' second(s)

2021-11-19 17:19:20 - [MESSAGE][INFO] - Smart Wait Function is triggered

2021-11-19 17:19:20 - [MESSAGE][INFO] - Smart Wait Function is triggered

2021-11-19 17:19:21 - [MESSAGE][INFO] - Smart Wait Function is triggered

2021-11-19 17:19:21 - [MESSAGE][INFO] - Smart Wait Function is triggered

2021-11-19 17:19:21 - [MESSAGE][INFO] - Smart Wait Function is triggered

2021-11-19 17:19:21 - [MESSAGE][INFO] - Smart Wait Function is triggered

2021-11-19 17:19:22 - [MESSAGE][INFO] - Smart Wait Function is triggered

2021-11-19 17:19:22 - [MESSAGE][INFO] - Smart Wait Function is triggered

2021-11-19 17:19:22 - [MESSAGE][INFO] - Smart Wait Function is triggered

2021-11-19 17:19:22 - [MESSAGE][INFO] - Smart Wait Function is triggered

2021-11-19 17:19:23 - [MESSAGE][INFO] - Smart Wait Function is triggered

2021-11-19 17:19:23 - [MESSAGE][INFO] - Smart Wait Function is triggered

2021-11-19 17:19:23 - [MESSAGE][INFO] - Smart Wait Function is triggered

2021-11-19 17:19:24 - [MESSAGE][INFO] - Smart Wait Function is triggered

2021-11-19 17:19:24 - [MESSAGE][INFO] - Smart Wait Function is triggered

2021-11-19 17:19:24 - [MESSAGE][INFO] - Smart Wait Function is triggered

2021-11-19 17:19:24 - [MESSAGE][INFO] - Smart Wait Function is triggered

2021-11-19 17:19:25 - [MESSAGE][INFO] - Smart Wait Function is triggered

2021-11-19 17:19:25 - [MESSAGE][INFO] - Smart Wait Function is triggered

2021-11-19 17:19:25 - [MESSAGE][INFO] - Smart Wait Function is triggered

2021-11-19 17:19:25 - [MESSAGE][INFO] - Smart Wait Function is triggered

2021-11-19 17:19:26 - [MESSAGE][INFO] - Unable to find the element located by 'By.cssSelector: .btn.btn-success'. Please recheck the objects properties to make sure the desired element is located. 

2021-11-19 17:19:26 - [MESSAGE][WARNING] - com.kms.katalon.core.webui.exception.WebElementNotFoundException: Web element with id: 'Object Repository/Sayfalar/Giris_Sayfasi/PopupOK' located by '.btn.btn-success' not found (Root cause: com.kms.katalon.core.exception.StepFailedException: com.kms.katalon.core.webui.exception.WebElementNotFoundException: Web element with id: 'Object Repository/Sayfalar/Giris_Sayfasi/PopupOK' located by '.btn.btn-success' not found
	at com.kms.katalon.core.webui.keyword.internal.WebUIKeywordMain.stepFailed(WebUIKeywordMain.groovy:64)
	at com.kms.katalon.core.webui.keyword.builtin.VerifyElementPresentKeyword$_verifyElementPresent_closure1.doCall(VerifyElementPresentKeyword.groovy:85)
	at com.kms.katalon.core.webui.keyword.builtin.VerifyElementPresentKeyword$_verifyElementPresent_closure1.call(VerifyElementPresentKeyword.groovy)
	at com.kms.katalon.core.webui.keyword.internal.WebUIKeywordMain.runKeyword(WebUIKeywordMain.groovy:20)
	at com.kms.katalon.core.webui.keyword.builtin.VerifyElementPresentKeyword.verifyElementPresent(VerifyElementPresentKeyword.groovy:92)
	at com.kms.katalon.core.webui.keyword.builtin.VerifyElementPresentKeyword.execute(VerifyElementPresentKeyword.groovy:68)
	at com.kms.katalon.core.keyword.internal.KeywordExecutor.executeKeywordForPlatform(KeywordExecutor.groovy:73)
	at com.kms.katalon.core.webui.keyword.WebUiBuiltInKeywords.verifyElementPresent(WebUiBuiltInKeywords.groovy:1448)
	at com.kms.katalon.core.webui.keyword.WebUiBuiltInKeywords$verifyElementPresent$4.call(Unknown Source)
	at Login.run(Login:40)
	at com.kms.katalon.core.main.ScriptEngine.run(ScriptEngine.java:194)
	at com.kms.katalon.core.main.ScriptEngine.runScriptAsRawText(ScriptEngine.java:119)
	at com.kms.katalon.core.main.TestCaseExecutor.runScript(TestCaseExecutor.java:369)
	at com.kms.katalon.core.main.TestCaseExecutor.doExecute(TestCaseExecutor.java:360)
	at com.kms.katalon.core.main.TestCaseExecutor.processExecutionPhase(TestCaseExecutor.java:339)
	at com.kms.katalon.core.main.TestCaseExecutor.accessMainPhase(TestCaseExecutor.java:331)
	at com.kms.katalon.core.main.TestCaseExecutor.execute(TestCaseExecutor.java:248)
	at com.kms.katalon.core.main.TestCaseMain.runTestCase(TestCaseMain.java:138)
	at com.kms.katalon.core.keyword.builtin.CallTestCaseKeyword$_callTestCase_closure1.doCall(CallTestCaseKeyword.groovy:59)
	at com.kms.katalon.core.keyword.builtin.CallTestCaseKeyword$_callTestCase_closure1.call(CallTestCaseKeyword.groovy)
	at com.kms.katalon.core.keyword.internal.KeywordMain.runKeyword(KeywordMain.groovy:68)
	at com.kms.katalon.core.keyword.builtin.CallTestCaseKeyword.callTestCase(CallTestCaseKeyword.groovy:81)
	at com.kms.katalon.core.keyword.builtin.CallTestCaseKeyword.execute(CallTestCaseKeyword.groovy:44)
	at com.kms.katalon.core.keyword.internal.KeywordExecutor.executeKeywordForPlatform(KeywordExecutor.groovy:73)
	at com.kms.katalon.core.keyword.BuiltinKeywords.callTestCase(BuiltinKeywords.groovy:334)
	at sayfalar.girisSayfasi.login(girisSayfasi.groovy:50)
	at cucumber.runtime.Utils$1.call(Utils.java:26)
	at cucumber.runtime.Timeout.timeout(Timeout.java:16)
	at cucumber.runtime.Utils.invoke(Utils.java:20)
	at cucumber.runtime.java.JavaStepDefinition.execute(JavaStepDefinition.java:49)
	at cucumber.runner.PickleStepDefinitionMatch.runStep(PickleStepDefinitionMatch.java:50)
	at cucumber.runner.TestStep.executeStep(TestStep.java:63)
	at cucumber.runner.TestStep.run(TestStep.java:49)
	at cucumber.runner.PickleStepTestStep.run(PickleStepTestStep.java:43)
	at cucumber.runner.TestCase.run(TestCase.java:44)
	at cucumber.runner.Runner.runPickle(Runner.java:40)
	at cucumber.runtime.Runtime$1.run(Runtime.java:84)
	at cucumber.runtime.Runtime$SameThreadExecutorService.execute(Runtime.java:220)
	at cucumber.runtime.Runtime.run(Runtime.java:81)
	at cucumber.api.cli.Main.run(Main.java:26)
	at cucumber.api.cli.Main$run.call(Unknown Source)
	at com.kms.katalon.core.cucumber.keyword.CucumberBuiltinKeywords$_runFeatureFile_closure1.doCall(CucumberBuiltinKeywords.groovy:106)
	at com.kms.katalon.core.cucumber.keyword.CucumberBuiltinKeywords$_runFeatureFile_closure1.doCall(CucumberBuiltinKeywords.groovy)
	at com.kms.katalon.core.keyword.internal.KeywordMain.runKeyword(KeywordMain.groovy:68)
	at com.kms.katalon.core.keyword.internal.KeywordMain$runKeyword.call(Unknown Source)
	at com.kms.katalon.core.cucumber.keyword.CucumberBuiltinKeywords.runFeatureFile(CucumberBuiltinKeywords.groovy:73)
	at com.kms.katalon.core.cucumber.keyword.CucumberBuiltinKeywords$runFeatureFile$0.callStatic(Unknown Source)
	at com.kms.katalon.core.cucumber.keyword.CucumberBuiltinKeywords.runFeatureFile(CucumberBuiltinKeywords.groovy:246)
	at com.kms.katalon.core.cucumber.keyword.CucumberBuiltinKeywords$runFeatureFile.call(Unknown Source)
	at VKN-Kagit-Tevkifat.run(VKN-Kagit-Tevkifat:19)
	at com.kms.katalon.core.main.ScriptEngine.run(ScriptEngine.java:194)
	at com.kms.katalon.core.main.ScriptEngine.runScriptAsRawText(ScriptEngine.java:119)
	at com.kms.katalon.core.main.TestCaseExecutor.runScript(TestCaseExecutor.java:369)
	at com.kms.katalon.core.main.TestCaseExecutor.doExecute(TestCaseExecutor.java:360)
	at com.kms.katalon.core.main.TestCaseExecutor.processExecutionPhase(TestCaseExecutor.java:339)
	at com.kms.katalon.core.main.TestCaseExecutor.accessMainPhase(TestCaseExecutor.java:331)
	at com.kms.katalon.core.main.TestCaseExecutor.execute(TestCaseExecutor.java:248)
	at com.kms.katalon.core.main.TestSuiteExecutor.accessTestCaseMainPhase(TestSuiteExecutor.java:191)
	at com.kms.katalon.core.main.TestSuiteExecutor.accessTestSuiteMainPhase(TestSuiteExecutor.java:140)
	at com.kms.katalon.core.main.TestSuiteExecutor.execute(TestSuiteExecutor.java:89)
	at com.kms.katalon.core.main.TestCaseMain.startTestSuite(TestCaseMain.java:181)
	at com.kms.katalon.core.main.TestCaseMain$startTestSuite$0.call(Unknown Source)
	at TempTestSuite1637329560940.run(TempTestSuite1637329560940.groovy:39)
)

2021-11-19 17:19:26 - [TEST_STEP][PASSED] - verifyElementVisible(findTestObject("Object Repository/Kullanici_Islemleri/KullaniciIslemleri")): Object 'Object Repository/Kullanici_Islemleri/KullaniciIslemleri' is visible

2021-11-19 17:19:26 - [MESSAGE][INFO] - Finding Test Object 'Object Repository/Kullanici_Islemleri/KullaniciIslemleri'

2021-11-19 17:19:26 - [MESSAGE][INFO] - Checking object

2021-11-19 17:19:26 - [MESSAGE][INFO] - Finding web element from Test Object's properties

2021-11-19 17:19:26 - [MESSAGE][INFO] - Checking timeout

2021-11-19 17:19:26 - [MESSAGE][INFO] - Finding web element with id: 'Object Repository/Kullanici_Islemleri/KullaniciIslemleri' located by 'By.cssSelector: .dropdown>a>img' in '30' second(s)

2021-11-19 17:19:26 - [MESSAGE][INFO] - Smart Wait Function is triggered

2021-11-19 17:19:26 - [MESSAGE][INFO] - Found 1 web elements with id: 'Object Repository/Kullanici_Islemleri/KullaniciIslemleri' located by 'By.cssSelector: .dropdown>a>img' in '30' second(s)

2021-11-19 17:19:26 - [MESSAGE][PASSED] - Object 'Object Repository/Kullanici_Islemleri/KullaniciIslemleri' is visible

2021-11-19 17:19:26 - [MESSAGE][PASSED] - Call Test Case 'Test Cases/Sayfalar/Giris_Sayfasi/Login' successfully

2021-11-19 17:19:26 - [MESSAGE][INFO] - Checking called Test Case

2021-11-19 17:19:26 - [MESSAGE][INFO] - Starting to call Test Case 'Test Cases/Menu/AnaMenuSecimi'

2021-11-19 17:19:26 - [TEST_CASE][PASSED] - Test Cases/Menu/AnaMenuSecimi: Test Cases/Menu/AnaMenuSecimi

2021-11-19 17:19:26 - [TEST_STEP][PASSED] - Method.TextDegerineEsitElementeTikla(findTestObject("Menu/Ana_Menu"), Ana_Menu): Method.TextDegerineEsitElementeTikla is PASSED

2021-11-19 17:19:26 - [MESSAGE][INFO] - Finding Test Object 'Object Repository/Menu/Ana_Menu'

2021-11-19 17:19:26 - [MESSAGE][INFO] - Checking timeout

2021-11-19 17:19:26 - [MESSAGE][INFO] - Finding web element with id: 'Object Repository/Menu/Ana_Menu' located by 'By.xpath: //*[@class = 'dropdown-toggle']' in '10' second(s)

2021-11-19 17:19:26 - [MESSAGE][INFO] - Smart Wait Function is triggered

2021-11-19 17:19:27 - [MESSAGE][INFO] - Found 13 web elements with id: 'Object Repository/Menu/Ana_Menu' located by 'By.xpath: //*[@class = 'dropdown-toggle']' in '10' second(s)

2021-11-19 17:19:27 - [MESSAGE][PASSED] - Method.TextDegerineEsitElementeTikla is PASSED

2021-11-19 17:19:27 - [MESSAGE][PASSED] - Call Test Case 'Test Cases/Menu/AnaMenuSecimi' successfully

2021-11-19 17:19:27 - [MESSAGE][INFO] - Checking called Test Case

2021-11-19 17:19:27 - [MESSAGE][INFO] - Starting to call Test Case 'Test Cases/Menu/BasligaGoreAltMenuSecimi'

2021-11-19 17:19:27 - [TEST_CASE][PASSED] - Test Cases/Menu/BasligaGoreAltMenuSecimi: Test Cases/Menu/BasligaGoreAltMenuSecimi

2021-11-19 17:19:27 - [TEST_STEP][PASSED] - Method.TextDegerineEsitElementinAltindakiTextDegerineEsitOlanaTikla(findTestObject("Menu/Menu_Basligi"), findTestObject("Menu/Basliga_Gore_Alt_Menu"), Baslik, Alt_Menu): Method.TextDegerineEsitElementinAltindakiTextDegerineEsitOlanaTikla is PASSED

2021-11-19 17:19:27 - [MESSAGE][INFO] - Finding Test Object 'Object Repository/Menu/Menu_Basligi'

2021-11-19 17:19:27 - [MESSAGE][INFO] - Finding Test Object 'Object Repository/Menu/Basliga_Gore_Alt_Menu'

2021-11-19 17:19:27 - [MESSAGE][INFO] - Checking timeout

2021-11-19 17:19:27 - [MESSAGE][INFO] - Finding web element with id: 'Object Repository/Menu/Menu_Basligi' located by 'By.xpath: //li[@class='dropdown dropdown-large open']//li[@class='dropdown-header']' in '10' second(s)

2021-11-19 17:19:27 - [MESSAGE][INFO] - Smart Wait Function is triggered

2021-11-19 17:19:27 - [MESSAGE][INFO] - Found 2 web elements with id: 'Object Repository/Menu/Menu_Basligi' located by 'By.xpath: //li[@class='dropdown dropdown-large open']//li[@class='dropdown-header']' in '10' second(s)

2021-11-19 17:19:27 - [MESSAGE][INFO] - Smart Wait Function is triggered

2021-11-19 17:19:29 - [MESSAGE][PASSED] - Method.TextDegerineEsitElementinAltindakiTextDegerineEsitOlanaTikla is PASSED

2021-11-19 17:19:29 - [MESSAGE][PASSED] - Call Test Case 'Test Cases/Menu/BasligaGoreAltMenuSecimi' successfully

2021-11-19 17:19:29 - [MESSAGE][INFO] - Checking called Test Case

2021-11-19 17:19:29 - [MESSAGE][INFO] - Starting to call Test Case 'Test Cases/Tablo/Olusturma Tarihi'

2021-11-19 17:19:29 - [TEST_CASE][PASSED] - Test Cases/Tablo/Olusturma Tarihi: Test Cases/Tablo/Olusturma Tarihi

2021-11-19 17:19:29 - [TEST_STEP][PASSED] - if (verifyTextNotPresent("Görüntülenecek veri yok", true, OPTIONAL)): null

2021-11-19 17:19:29 - [MESSAGE][INFO] - Checking text present  using regular expression

2021-11-19 17:19:29 - [MESSAGE][INFO] - Smart Wait Function is triggered

2021-11-19 17:19:30 - [MESSAGE][INFO] - Finding text 'Görüntülenecek veri yok' on page  using regular expression

2021-11-19 17:19:30 - [MESSAGE][PASSED] - Text 'Görüntülenecek veri yok' is not present on page using regular expression

2021-11-19 17:19:30 - [TEST_STEP][PASSED] - click(findTestObject("Temizle/Olusturma_Tarihi_CheckBox")): Object: 'Object Repository/Temizle/Olusturma_Tarihi_CheckBox' is clicked on

2021-11-19 17:19:30 - [MESSAGE][INFO] - Finding Test Object 'Object Repository/Temizle/Olusturma_Tarihi_CheckBox'

2021-11-19 17:19:30 - [MESSAGE][INFO] - Checking object

2021-11-19 17:19:30 - [MESSAGE][INFO] - Finding web element from Test Object's properties

2021-11-19 17:19:30 - [MESSAGE][INFO] - Checking timeout

2021-11-19 17:19:30 - [MESSAGE][INFO] - Finding web element with id: 'Object Repository/Temizle/Olusturma_Tarihi_CheckBox' located by 'By.xpath: //*[@title = 'Bu sayfadaki tüm satırları Seç']' in '30' second(s)

2021-11-19 17:19:30 - [MESSAGE][INFO] - Smart Wait Function is triggered

2021-11-19 17:19:30 - [MESSAGE][INFO] - Found 1 web elements with id: 'Object Repository/Temizle/Olusturma_Tarihi_CheckBox' located by 'By.xpath: //*[@title = 'Bu sayfadaki tüm satırları Seç']' in '30' second(s)

2021-11-19 17:19:30 - [MESSAGE][INFO] - Clicking on object: 'Object Repository/Temizle/Olusturma_Tarihi_CheckBox'

2021-11-19 17:19:30 - [MESSAGE][PASSED] - Object: 'Object Repository/Temizle/Olusturma_Tarihi_CheckBox' is clicked on

2021-11-19 17:19:30 - [TEST_STEP][PASSED] - Method.TextDegerineEsitElementeTiklaEquals(findTestObject("Butonlar/Butonlar"), "Sil"): Method.TextDegerineEsitElementeTiklaEquals is PASSED

2021-11-19 17:19:30 - [MESSAGE][INFO] - Finding Test Object 'Object Repository/Butonlar/Butonlar'

2021-11-19 17:19:30 - [MESSAGE][INFO] - Checking timeout

2021-11-19 17:19:30 - [MESSAGE][INFO] - Finding web element with id: 'Object Repository/Butonlar/Butonlar' located by 'By.cssSelector: .panel.panel-default.text-center.footerPanel .btn,.btn.btn-primary.btnControls' in '10' second(s)

2021-11-19 17:19:30 - [MESSAGE][INFO] - Smart Wait Function is triggered

2021-11-19 17:19:31 - [MESSAGE][INFO] - Found 9 web elements with id: 'Object Repository/Butonlar/Butonlar' located by 'By.cssSelector: .panel.panel-default.text-center.footerPanel .btn,.btn.btn-primary.btnControls' in '10' second(s)

2021-11-19 17:19:31 - [MESSAGE][PASSED] - Method.TextDegerineEsitElementeTiklaEquals is PASSED

2021-11-19 17:19:31 - [TEST_STEP][PASSED] - Method.TextDegerineEsitElementeTikla(findTestObject("Popup/Popup_Butons"), "Evet"): Method.TextDegerineEsitElementeTikla is PASSED

2021-11-19 17:19:31 - [MESSAGE][INFO] - Finding Test Object 'Object Repository/Popup/Popup_Butons'

2021-11-19 17:19:31 - [MESSAGE][INFO] - Checking timeout

2021-11-19 17:19:31 - [MESSAGE][INFO] - Finding web element with id: 'Object Repository/Popup/Popup_Butons' located by 'By.cssSelector: .modal-footer>button' in '10' second(s)

2021-11-19 17:19:31 - [MESSAGE][INFO] - Smart Wait Function is triggered

2021-11-19 17:19:32 - [MESSAGE][INFO] - Found 2 web elements with id: 'Object Repository/Popup/Popup_Butons' located by 'By.cssSelector: .modal-footer>button' in '10' second(s)

2021-11-19 17:19:32 - [MESSAGE][PASSED] - Method.TextDegerineEsitElementeTikla is PASSED

2021-11-19 17:19:32 - [TEST_STEP][PASSED] - Method.TextDegerineEsitElementeTikla(findTestObject("Popup/Popup_Butons"), "Tamam"): Method.TextDegerineEsitElementeTikla is PASSED

2021-11-19 17:19:32 - [MESSAGE][INFO] - Finding Test Object 'Object Repository/Popup/Popup_Butons'

2021-11-19 17:19:32 - [MESSAGE][INFO] - Checking timeout

2021-11-19 17:19:32 - [MESSAGE][INFO] - Finding web element with id: 'Object Repository/Popup/Popup_Butons' located by 'By.cssSelector: .modal-footer>button' in '10' second(s)

2021-11-19 17:19:32 - [MESSAGE][INFO] - Smart Wait Function is triggered

2021-11-19 17:19:33 - [MESSAGE][INFO] - Found 1 web elements with id: 'Object Repository/Popup/Popup_Butons' located by 'By.cssSelector: .modal-footer>button' in '10' second(s)

2021-11-19 17:19:33 - [MESSAGE][PASSED] - Method.TextDegerineEsitElementeTikla is PASSED

2021-11-19 17:19:33 - [MESSAGE][PASSED] - Call Test Case 'Test Cases/Tablo/Olusturma Tarihi' successfully

2021-11-19 17:19:33 - [MESSAGE][INFO] - Checking called Test Case

2021-11-19 17:19:33 - [MESSAGE][INFO] - Starting to call Test Case 'Test Cases/Butonlar/ButonaTikla'

2021-11-19 17:19:33 - [TEST_CASE][PASSED] - Test Cases/Butonlar/ButonaTikla: Test Cases/Butonlar/ButonaTikla

2021-11-19 17:19:33 - [TEST_STEP][PASSED] - Method.TextDegerineEsitElementeTiklaEquals(findTestObject("Butonlar/Butonlar"), Buton_Adi): Method.TextDegerineEsitElementeTiklaEquals is PASSED

2021-11-19 17:19:33 - [MESSAGE][INFO] - Finding Test Object 'Object Repository/Butonlar/Butonlar'

2021-11-19 17:19:33 - [MESSAGE][INFO] - Checking timeout

2021-11-19 17:19:33 - [MESSAGE][INFO] - Finding web element with id: 'Object Repository/Butonlar/Butonlar' located by 'By.cssSelector: .panel.panel-default.text-center.footerPanel .btn,.btn.btn-primary.btnControls' in '10' second(s)

2021-11-19 17:19:33 - [MESSAGE][INFO] - Smart Wait Function is triggered

2021-11-19 17:19:34 - [MESSAGE][INFO] - Found 9 web elements with id: 'Object Repository/Butonlar/Butonlar' located by 'By.cssSelector: .panel.panel-default.text-center.footerPanel .btn,.btn.btn-primary.btnControls' in '10' second(s)

2021-11-19 17:19:34 - [MESSAGE][PASSED] - Method.TextDegerineEsitElementeTiklaEquals is PASSED

2021-11-19 17:19:34 - [MESSAGE][PASSED] - Call Test Case 'Test Cases/Butonlar/ButonaTikla' successfully

2021-11-19 17:19:34 - [MESSAGE][INFO] - Checking called Test Case

2021-11-19 17:19:34 - [MESSAGE][INFO] - Starting to call Test Case 'Test Cases/Olusturma/Genel/GorselTasarimSayfasıBasligiIceriyorMu'

2021-11-19 17:19:34 - [TEST_CASE][PASSED] - Test Cases/Olusturma/Genel/GorselTasarimSayfasıBasligiIceriyorMu: Test Cases/Olusturma/Genel/GorselTasarimSayfasıBasligiIceriyorMu

2021-11-19 17:19:34 - [TEST_STEP][PASSED] - verifyElementText(findTestObject("Object Repository/Olusturma/Genel/GorselTasarimBaslik"), Baslik): Actual text and expected text of test object 'Object Repository/Olusturma/Genel/GorselTasarimBaslik' are matched.

2021-11-19 17:19:34 - [MESSAGE][INFO] - Finding Test Object 'Object Repository/Olusturma/Genel/GorselTasarimBaslik'

2021-11-19 17:19:34 - [MESSAGE][INFO] - Checking object

2021-11-19 17:19:34 - [MESSAGE][INFO] - Finding web element from Test Object's properties

2021-11-19 17:19:34 - [MESSAGE][INFO] - Checking timeout

2021-11-19 17:19:34 - [MESSAGE][INFO] - Finding web element with id: 'Object Repository/Olusturma/Genel/GorselTasarimBaslik' located by 'By.cssSelector: #flAlici_0>div>span' in '30' second(s)

2021-11-19 17:19:34 - [MESSAGE][INFO] - Smart Wait Function is triggered

2021-11-19 17:19:41 - [MESSAGE][INFO] - Found 1 web elements with id: 'Object Repository/Olusturma/Genel/GorselTasarimBaslik' located by 'By.cssSelector: #flAlici_0>div>span' in '30' second(s)

2021-11-19 17:19:41 - [MESSAGE][PASSED] - Actual text and expected text of test object 'Object Repository/Olusturma/Genel/GorselTasarimBaslik' are matched.

2021-11-19 17:19:41 - [MESSAGE][PASSED] - Call Test Case 'Test Cases/Olusturma/Genel/GorselTasarimSayfasıBasligiIceriyorMu' successfully

2021-11-19 17:19:41 - [MESSAGE][INFO] - Checking called Test Case

2021-11-19 17:19:41 - [MESSAGE][INFO] - Starting to call Test Case 'Test Cases/Olusturma/Genel/AliciSecilir'

2021-11-19 17:19:41 - [TEST_CASE][PASSED] - Test Cases/Olusturma/Genel/AliciSecilir: Test Cases/Olusturma/Genel/AliciSecilir

2021-11-19 17:19:41 - [TEST_STEP][PASSED] - click(findTestObject("Olusturma/Genel/AliciBilgisi/Alici_Ara")): Object: 'Object Repository/Olusturma/Genel/AliciBilgisi/Alici_Ara' is clicked on

2021-11-19 17:19:41 - [MESSAGE][INFO] - Finding Test Object 'Object Repository/Olusturma/Genel/AliciBilgisi/Alici_Ara'

2021-11-19 17:19:41 - [MESSAGE][INFO] - Checking object

2021-11-19 17:19:41 - [MESSAGE][INFO] - Finding web element from Test Object's properties

2021-11-19 17:19:41 - [MESSAGE][INFO] - Checking timeout

2021-11-19 17:19:41 - [MESSAGE][INFO] - Finding web element with id: 'Object Repository/Olusturma/Genel/AliciBilgisi/Alici_Ara' located by 'By.xpath: //td[@id='txtCustomerText_B-1']' in '30' second(s)

2021-11-19 17:19:41 - [MESSAGE][INFO] - Smart Wait Function is triggered

2021-11-19 17:19:42 - [MESSAGE][INFO] - Found 1 web elements with id: 'Object Repository/Olusturma/Genel/AliciBilgisi/Alici_Ara' located by 'By.xpath: //td[@id='txtCustomerText_B-1']' in '30' second(s)

2021-11-19 17:19:42 - [MESSAGE][INFO] - Clicking on object: 'Object Repository/Olusturma/Genel/AliciBilgisi/Alici_Ara'

2021-11-19 17:19:42 - [MESSAGE][PASSED] - Object: 'Object Repository/Olusturma/Genel/AliciBilgisi/Alici_Ara' is clicked on

2021-11-19 17:19:42 - [TEST_STEP][PASSED] - click(findTestObject("Olusturma/Genel/AliciBilgisi/Alici_Bilgisi")): Object: 'Object Repository/Olusturma/Genel/AliciBilgisi/Alici_Bilgisi' is clicked on

2021-11-19 17:19:42 - [MESSAGE][INFO] - Finding Test Object 'Object Repository/Olusturma/Genel/AliciBilgisi/Alici_Bilgisi'

2021-11-19 17:19:42 - [MESSAGE][INFO] - Checking object

2021-11-19 17:19:42 - [MESSAGE][INFO] - Finding web element from Test Object's properties

2021-11-19 17:19:42 - [MESSAGE][INFO] - Checking timeout

2021-11-19 17:19:42 - [MESSAGE][INFO] - Finding web element with id: 'Object Repository/Olusturma/Genel/AliciBilgisi/Alici_Bilgisi' located by 'By.xpath: //iframe[@id='customerselectiframe']' in '30' second(s)

2021-11-19 17:19:42 - [MESSAGE][INFO] - Smart Wait Function is triggered

2021-11-19 17:19:42 - [MESSAGE][INFO] - Found 1 web elements with id: 'Object Repository/Olusturma/Genel/AliciBilgisi/Alici_Bilgisi' located by 'By.xpath: //iframe[@id='customerselectiframe']' in '30' second(s)

2021-11-19 17:19:42 - [MESSAGE][INFO] - Clicking on object: 'Object Repository/Olusturma/Genel/AliciBilgisi/Alici_Bilgisi'

2021-11-19 17:19:42 - [MESSAGE][PASSED] - Object: 'Object Repository/Olusturma/Genel/AliciBilgisi/Alici_Bilgisi' is clicked on

2021-11-19 17:19:42 - [TEST_STEP][PASSED] - setText(findTestObject("Olusturma/Genel/AliciBilgisi/Alici_Gir"), Alici_Adi): Switching to default content

2021-11-19 17:19:42 - [MESSAGE][INFO] - Finding Test Object 'Object Repository/Olusturma/Genel/AliciBilgisi/Alici_Gir'

2021-11-19 17:19:42 - [MESSAGE][INFO] - Finding Test Object 'Object Repository/Olusturma/Genel/AliciBilgisi/Alici_Bilgisi'

2021-11-19 17:19:42 - [MESSAGE][INFO] - Checking object

2021-11-19 17:19:42 - [MESSAGE][INFO] - Checking text

2021-11-19 17:19:42 - [MESSAGE][INFO] - Object: 'Object Repository/Olusturma/Genel/AliciBilgisi/Alici_Gir' has parent object(s)

2021-11-19 17:19:42 - [MESSAGE][INFO] - Switching to iframe: 'Object Repository/Olusturma/Genel/AliciBilgisi/Alici_Bilgisi'

2021-11-19 17:19:42 - [MESSAGE][INFO] - Finding web element from Test Object's properties

2021-11-19 17:19:42 - [MESSAGE][INFO] - Checking timeout

2021-11-19 17:19:42 - [MESSAGE][INFO] - Finding web element with id: 'Object Repository/Olusturma/Genel/AliciBilgisi/Alici_Bilgisi' located by 'By.xpath: //iframe[@id='customerselectiframe']' in '30' second(s)

2021-11-19 17:19:42 - [MESSAGE][INFO] - Smart Wait Function is triggered

2021-11-19 17:19:43 - [MESSAGE][INFO] - Found 1 web elements with id: 'Object Repository/Olusturma/Genel/AliciBilgisi/Alici_Bilgisi' located by 'By.xpath: //iframe[@id='customerselectiframe']' in '30' second(s)

2021-11-19 17:19:43 - [MESSAGE][INFO] - Switched to iframe: 'Object Repository/Olusturma/Genel/AliciBilgisi/Alici_Bilgisi'

2021-11-19 17:19:43 - [MESSAGE][INFO] - Finding web element from Test Object's properties

2021-11-19 17:19:43 - [MESSAGE][INFO] - Checking timeout

2021-11-19 17:19:43 - [MESSAGE][INFO] - Finding web element with id: 'Object Repository/Olusturma/Genel/AliciBilgisi/Alici_Gir' located by 'By.xpath: //input[@id='GridViewCustomer_DXFREditorcol1_I']' in '30' second(s)

2021-11-19 17:19:43 - [MESSAGE][INFO] - Smart Wait Function is triggered

2021-11-19 17:19:43 - [MESSAGE][INFO] - Found 1 web elements with id: 'Object Repository/Olusturma/Genel/AliciBilgisi/Alici_Gir' located by 'By.xpath: //input[@id='GridViewCustomer_DXFREditorcol1_I']' in '30' second(s)

2021-11-19 17:19:43 - [MESSAGE][INFO] - Clearing text of object 'Object Repository/Olusturma/Genel/AliciBilgisi/Alici_Gir'

2021-11-19 17:19:43 - [MESSAGE][INFO] - Finding web element from Test Object's properties

2021-11-19 17:19:43 - [MESSAGE][INFO] - Checking timeout

2021-11-19 17:19:43 - [MESSAGE][INFO] - Finding web element with id: 'Object Repository/Olusturma/Genel/AliciBilgisi/Alici_Gir' located by 'By.xpath: //input[@id='GridViewCustomer_DXFREditorcol1_I']' in '30' second(s)

2021-11-19 17:19:43 - [MESSAGE][INFO] - Smart Wait Function is triggered

2021-11-19 17:19:43 - [MESSAGE][INFO] - Found 1 web elements with id: 'Object Repository/Olusturma/Genel/AliciBilgisi/Alici_Gir' located by 'By.xpath: //input[@id='GridViewCustomer_DXFREditorcol1_I']' in '30' second(s)

2021-11-19 17:19:43 - [MESSAGE][INFO] - Setting text of object 'Object Repository/Olusturma/Genel/AliciBilgisi/Alici_Gir' to value 'UC0016'

2021-11-19 17:19:43 - [MESSAGE][PASSED] - Text 'UC0016' is set on object 'Object Repository/Olusturma/Genel/AliciBilgisi/Alici_Gir'

2021-11-19 17:19:43 - [MESSAGE][INFO] - Switching to default content

2021-11-19 17:19:43 - [TEST_STEP][PASSED] - waitForElementClickable(findTestObject("Olusturma/Genel/AliciBilgisi/Alici_Adi"), 10): Switching to default content

2021-11-19 17:19:43 - [MESSAGE][INFO] - Finding Test Object 'Object Repository/Olusturma/Genel/AliciBilgisi/Alici_Adi'

2021-11-19 17:19:43 - [MESSAGE][INFO] - Finding Test Object 'Object Repository/Olusturma/Genel/AliciBilgisi/iframe_Alc Bilgisi_customerselectiframe'

2021-11-19 17:19:43 - [MESSAGE][INFO] - Checking object

2021-11-19 17:19:43 - [MESSAGE][INFO] - Checking timeout

2021-11-19 17:19:43 - [MESSAGE][INFO] - Object: 'Object Repository/Olusturma/Genel/AliciBilgisi/Alici_Adi' has parent object(s)

2021-11-19 17:19:43 - [MESSAGE][INFO] - Switching to iframe: 'Object Repository/Olusturma/Genel/AliciBilgisi/iframe_Alc Bilgisi_customerselectiframe'

2021-11-19 17:19:43 - [MESSAGE][INFO] - Finding web element from Test Object's properties

2021-11-19 17:19:43 - [MESSAGE][INFO] - Checking timeout

2021-11-19 17:19:43 - [MESSAGE][INFO] - Finding web element with id: 'Object Repository/Olusturma/Genel/AliciBilgisi/iframe_Alc Bilgisi_customerselectiframe' located by 'By.xpath: //iframe[@id='customerselectiframe']' in '10' second(s)

2021-11-19 17:19:43 - [MESSAGE][INFO] - Smart Wait Function is triggered

2021-11-19 17:19:43 - [MESSAGE][INFO] - Found 1 web elements with id: 'Object Repository/Olusturma/Genel/AliciBilgisi/iframe_Alc Bilgisi_customerselectiframe' located by 'By.xpath: //iframe[@id='customerselectiframe']' in '10' second(s)

2021-11-19 17:19:43 - [MESSAGE][INFO] - Switched to iframe: 'Object Repository/Olusturma/Genel/AliciBilgisi/iframe_Alc Bilgisi_customerselectiframe'

2021-11-19 17:19:43 - [MESSAGE][INFO] - Finding web element from Test Object's properties

2021-11-19 17:19:43 - [MESSAGE][INFO] - Checking timeout

2021-11-19 17:19:43 - [MESSAGE][INFO] - Finding web element with id: 'Object Repository/Olusturma/Genel/AliciBilgisi/Alici_Adi' located by 'By.xpath: //tr[@id='GridViewCustomer_DXDataRow0']/td[2]' in '10' second(s)

2021-11-19 17:19:43 - [MESSAGE][INFO] - Smart Wait Function is triggered

2021-11-19 17:19:43 - [MESSAGE][INFO] - Found 1 web elements with id: 'Object Repository/Olusturma/Genel/AliciBilgisi/Alici_Adi' located by 'By.xpath: //tr[@id='GridViewCustomer_DXDataRow0']/td[2]' in '10' second(s)

2021-11-19 17:19:43 - [MESSAGE][PASSED] - Object 'Object Repository/Olusturma/Genel/AliciBilgisi/Alici_Adi' is clickable

2021-11-19 17:19:43 - [MESSAGE][INFO] - Switching to default content

2021-11-19 17:19:43 - [TEST_STEP][PASSED] - click(findTestObject("Olusturma/Genel/AliciBilgisi/frame")): Switching to default content

2021-11-19 17:19:43 - [MESSAGE][INFO] - Finding Test Object 'Object Repository/Olusturma/Genel/AliciBilgisi/frame'

2021-11-19 17:19:43 - [MESSAGE][INFO] - Finding Test Object 'Object Repository/Olusturma/Genel/AliciBilgisi/iframe_Alc Bilgisi_customerselectiframe'

2021-11-19 17:19:43 - [MESSAGE][INFO] - Checking object

2021-11-19 17:19:43 - [MESSAGE][INFO] - Object: 'Object Repository/Olusturma/Genel/AliciBilgisi/frame' has parent object(s)

2021-11-19 17:19:43 - [MESSAGE][INFO] - Switching to iframe: 'Object Repository/Olusturma/Genel/AliciBilgisi/iframe_Alc Bilgisi_customerselectiframe'

2021-11-19 17:19:43 - [MESSAGE][INFO] - Finding web element from Test Object's properties

2021-11-19 17:19:43 - [MESSAGE][INFO] - Checking timeout

2021-11-19 17:19:43 - [MESSAGE][INFO] - Finding web element with id: 'Object Repository/Olusturma/Genel/AliciBilgisi/iframe_Alc Bilgisi_customerselectiframe' located by 'By.xpath: //iframe[@id='customerselectiframe']' in '30' second(s)

2021-11-19 17:19:43 - [MESSAGE][INFO] - Smart Wait Function is triggered

2021-11-19 17:19:44 - [MESSAGE][INFO] - Found 1 web elements with id: 'Object Repository/Olusturma/Genel/AliciBilgisi/iframe_Alc Bilgisi_customerselectiframe' located by 'By.xpath: //iframe[@id='customerselectiframe']' in '30' second(s)

2021-11-19 17:19:44 - [MESSAGE][INFO] - Switched to iframe: 'Object Repository/Olusturma/Genel/AliciBilgisi/iframe_Alc Bilgisi_customerselectiframe'

2021-11-19 17:19:44 - [MESSAGE][INFO] - Finding web element from Test Object's properties

2021-11-19 17:19:44 - [MESSAGE][INFO] - Checking timeout

2021-11-19 17:19:44 - [MESSAGE][INFO] - Finding web element with id: 'Object Repository/Olusturma/Genel/AliciBilgisi/frame' located by 'By.xpath: //*/text()[normalize-space(.)='']/parent::*' in '30' second(s)

2021-11-19 17:19:44 - [MESSAGE][INFO] - Smart Wait Function is triggered

2021-11-19 17:19:44 - [MESSAGE][INFO] - Found 66 web elements with id: 'Object Repository/Olusturma/Genel/AliciBilgisi/frame' located by 'By.xpath: //*/text()[normalize-space(.)='']/parent::*' in '30' second(s)

2021-11-19 17:19:44 - [MESSAGE][INFO] - Clicking on object: 'Object Repository/Olusturma/Genel/AliciBilgisi/frame'

2021-11-19 17:19:44 - [MESSAGE][PASSED] - Object: 'Object Repository/Olusturma/Genel/AliciBilgisi/frame' is clicked on

2021-11-19 17:19:44 - [MESSAGE][INFO] - Switching to default content

2021-11-19 17:19:44 - [TEST_STEP][PASSED] - click(findTestObject("Olusturma/Genel/AliciBilgisi/Alici_Adi")): Switching to default content

2021-11-19 17:19:44 - [MESSAGE][INFO] - Finding Test Object 'Object Repository/Olusturma/Genel/AliciBilgisi/Alici_Adi'

2021-11-19 17:19:44 - [MESSAGE][INFO] - Finding Test Object 'Object Repository/Olusturma/Genel/AliciBilgisi/iframe_Alc Bilgisi_customerselectiframe'

2021-11-19 17:19:44 - [MESSAGE][INFO] - Checking object

2021-11-19 17:19:44 - [MESSAGE][INFO] - Object: 'Object Repository/Olusturma/Genel/AliciBilgisi/Alici_Adi' has parent object(s)

2021-11-19 17:19:44 - [MESSAGE][INFO] - Switching to iframe: 'Object Repository/Olusturma/Genel/AliciBilgisi/iframe_Alc Bilgisi_customerselectiframe'

2021-11-19 17:19:44 - [MESSAGE][INFO] - Finding web element from Test Object's properties

2021-11-19 17:19:44 - [MESSAGE][INFO] - Checking timeout

2021-11-19 17:19:44 - [MESSAGE][INFO] - Finding web element with id: 'Object Repository/Olusturma/Genel/AliciBilgisi/iframe_Alc Bilgisi_customerselectiframe' located by 'By.xpath: //iframe[@id='customerselectiframe']' in '30' second(s)

2021-11-19 17:19:44 - [MESSAGE][INFO] - Smart Wait Function is triggered

2021-11-19 17:19:44 - [MESSAGE][INFO] - Found 1 web elements with id: 'Object Repository/Olusturma/Genel/AliciBilgisi/iframe_Alc Bilgisi_customerselectiframe' located by 'By.xpath: //iframe[@id='customerselectiframe']' in '30' second(s)

2021-11-19 17:19:44 - [MESSAGE][INFO] - Switched to iframe: 'Object Repository/Olusturma/Genel/AliciBilgisi/iframe_Alc Bilgisi_customerselectiframe'

2021-11-19 17:19:44 - [MESSAGE][INFO] - Finding web element from Test Object's properties

2021-11-19 17:19:44 - [MESSAGE][INFO] - Checking timeout

2021-11-19 17:19:44 - [MESSAGE][INFO] - Finding web element with id: 'Object Repository/Olusturma/Genel/AliciBilgisi/Alici_Adi' located by 'By.xpath: //tr[@id='GridViewCustomer_DXDataRow0']/td[2]' in '30' second(s)

2021-11-19 17:19:44 - [MESSAGE][INFO] - Smart Wait Function is triggered

2021-11-19 17:19:44 - [MESSAGE][INFO] - Found 1 web elements with id: 'Object Repository/Olusturma/Genel/AliciBilgisi/Alici_Adi' located by 'By.xpath: //tr[@id='GridViewCustomer_DXDataRow0']/td[2]' in '30' second(s)

2021-11-19 17:19:44 - [MESSAGE][INFO] - Clicking on object: 'Object Repository/Olusturma/Genel/AliciBilgisi/Alici_Adi'

2021-11-19 17:19:45 - [MESSAGE][PASSED] - Object: 'Object Repository/Olusturma/Genel/AliciBilgisi/Alici_Adi' is clicked on

2021-11-19 17:19:45 - [MESSAGE][INFO] - Switching to default content

2021-11-19 17:19:45 - [TEST_STEP][PASSED] - click(findTestObject("Olusturma/Genel/AliciBilgisi/Tamam_Bosluk")): Switching to default content

2021-11-19 17:19:45 - [MESSAGE][INFO] - Finding Test Object 'Object Repository/Olusturma/Genel/AliciBilgisi/Tamam_Bosluk'

2021-11-19 17:19:45 - [MESSAGE][INFO] - Finding Test Object 'Object Repository/Olusturma/Genel/AliciBilgisi/Alici_Bilgisi'

2021-11-19 17:19:45 - [MESSAGE][INFO] - Checking object

2021-11-19 17:19:45 - [MESSAGE][INFO] - Object: 'Object Repository/Olusturma/Genel/AliciBilgisi/Tamam_Bosluk' has parent object(s)

2021-11-19 17:19:45 - [MESSAGE][INFO] - Switching to iframe: 'Object Repository/Olusturma/Genel/AliciBilgisi/Alici_Bilgisi'

2021-11-19 17:19:45 - [MESSAGE][INFO] - Finding web element from Test Object's properties

2021-11-19 17:19:45 - [MESSAGE][INFO] - Checking timeout

2021-11-19 17:19:45 - [MESSAGE][INFO] - Finding web element with id: 'Object Repository/Olusturma/Genel/AliciBilgisi/Alici_Bilgisi' located by 'By.xpath: //iframe[@id='customerselectiframe']' in '30' second(s)

2021-11-19 17:19:45 - [MESSAGE][INFO] - Smart Wait Function is triggered

2021-11-19 17:19:45 - [MESSAGE][INFO] - Found 1 web elements with id: 'Object Repository/Olusturma/Genel/AliciBilgisi/Alici_Bilgisi' located by 'By.xpath: //iframe[@id='customerselectiframe']' in '30' second(s)

2021-11-19 17:19:45 - [MESSAGE][INFO] - Switched to iframe: 'Object Repository/Olusturma/Genel/AliciBilgisi/Alici_Bilgisi'

2021-11-19 17:19:45 - [MESSAGE][INFO] - Finding web element from Test Object's properties

2021-11-19 17:19:45 - [MESSAGE][INFO] - Checking timeout

2021-11-19 17:19:45 - [MESSAGE][INFO] - Finding web element with id: 'Object Repository/Olusturma/Genel/AliciBilgisi/Tamam_Bosluk' located by 'By.xpath: (.//*[normalize-space(text()) and normalize-space(.)='Sayfa Boyutu:'])[1]/following::div[7]' in '30' second(s)

2021-11-19 17:19:45 - [MESSAGE][INFO] - Smart Wait Function is triggered

2021-11-19 17:19:45 - [MESSAGE][INFO] - Found 1 web elements with id: 'Object Repository/Olusturma/Genel/AliciBilgisi/Tamam_Bosluk' located by 'By.xpath: (.//*[normalize-space(text()) and normalize-space(.)='Sayfa Boyutu:'])[1]/following::div[7]' in '30' second(s)

2021-11-19 17:19:45 - [MESSAGE][INFO] - Clicking on object: 'Object Repository/Olusturma/Genel/AliciBilgisi/Tamam_Bosluk'

2021-11-19 17:19:45 - [MESSAGE][PASSED] - Object: 'Object Repository/Olusturma/Genel/AliciBilgisi/Tamam_Bosluk' is clicked on

2021-11-19 17:19:45 - [MESSAGE][INFO] - Switching to default content

2021-11-19 17:19:45 - [TEST_STEP][PASSED] - waitForElementClickable(findTestObject("Olusturma/Genel/AliciBilgisi/Tamam_Butonu"), 10): Switching to default content

2021-11-19 17:19:45 - [MESSAGE][INFO] - Finding Test Object 'Object Repository/Olusturma/Genel/AliciBilgisi/Tamam_Butonu'

2021-11-19 17:19:45 - [MESSAGE][INFO] - Finding Test Object 'Object Repository/Olusturma/Genel/AliciBilgisi/Alici_Bilgisi'

2021-11-19 17:19:45 - [MESSAGE][INFO] - Checking object

2021-11-19 17:19:45 - [MESSAGE][INFO] - Checking timeout

2021-11-19 17:19:45 - [MESSAGE][INFO] - Object: 'Object Repository/Olusturma/Genel/AliciBilgisi/Tamam_Butonu' has parent object(s)

2021-11-19 17:19:45 - [MESSAGE][INFO] - Switching to iframe: 'Object Repository/Olusturma/Genel/AliciBilgisi/Alici_Bilgisi'

2021-11-19 17:19:45 - [MESSAGE][INFO] - Finding web element from Test Object's properties

2021-11-19 17:19:45 - [MESSAGE][INFO] - Checking timeout

2021-11-19 17:19:45 - [MESSAGE][INFO] - Finding web element with id: 'Object Repository/Olusturma/Genel/AliciBilgisi/Alici_Bilgisi' located by 'By.xpath: //iframe[@id='customerselectiframe']' in '10' second(s)

2021-11-19 17:19:45 - [MESSAGE][INFO] - Smart Wait Function is triggered

2021-11-19 17:19:46 - [MESSAGE][INFO] - Found 1 web elements with id: 'Object Repository/Olusturma/Genel/AliciBilgisi/Alici_Bilgisi' located by 'By.xpath: //iframe[@id='customerselectiframe']' in '10' second(s)

2021-11-19 17:19:46 - [MESSAGE][INFO] - Switched to iframe: 'Object Repository/Olusturma/Genel/AliciBilgisi/Alici_Bilgisi'

2021-11-19 17:19:46 - [MESSAGE][INFO] - Finding web element from Test Object's properties

2021-11-19 17:19:46 - [MESSAGE][INFO] - Checking timeout

2021-11-19 17:19:46 - [MESSAGE][INFO] - Finding web element with id: 'Object Repository/Olusturma/Genel/AliciBilgisi/Tamam_Butonu' located by 'By.xpath: //div[@id='btnSelectCustomer_CD']/span' in '10' second(s)

2021-11-19 17:19:46 - [MESSAGE][INFO] - Smart Wait Function is triggered

2021-11-19 17:19:46 - [MESSAGE][INFO] - Found 1 web elements with id: 'Object Repository/Olusturma/Genel/AliciBilgisi/Tamam_Butonu' located by 'By.xpath: //div[@id='btnSelectCustomer_CD']/span' in '10' second(s)

2021-11-19 17:19:46 - [MESSAGE][PASSED] - Object 'Object Repository/Olusturma/Genel/AliciBilgisi/Tamam_Butonu' is clickable

2021-11-19 17:19:46 - [MESSAGE][INFO] - Switching to default content

2021-11-19 17:19:46 - [TEST_STEP][PASSED] - click(findTestObject("Olusturma/Genel/AliciBilgisi/Tamam_Butonu")): Switching to default content

2021-11-19 17:19:46 - [MESSAGE][INFO] - Finding Test Object 'Object Repository/Olusturma/Genel/AliciBilgisi/Tamam_Butonu'

2021-11-19 17:19:46 - [MESSAGE][INFO] - Finding Test Object 'Object Repository/Olusturma/Genel/AliciBilgisi/Alici_Bilgisi'

2021-11-19 17:19:46 - [MESSAGE][INFO] - Checking object

2021-11-19 17:19:46 - [MESSAGE][INFO] - Object: 'Object Repository/Olusturma/Genel/AliciBilgisi/Tamam_Butonu' has parent object(s)

2021-11-19 17:19:46 - [MESSAGE][INFO] - Switching to iframe: 'Object Repository/Olusturma/Genel/AliciBilgisi/Alici_Bilgisi'

2021-11-19 17:19:46 - [MESSAGE][INFO] - Finding web element from Test Object's properties

2021-11-19 17:19:46 - [MESSAGE][INFO] - Checking timeout

2021-11-19 17:19:46 - [MESSAGE][INFO] - Finding web element with id: 'Object Repository/Olusturma/Genel/AliciBilgisi/Alici_Bilgisi' located by 'By.xpath: //iframe[@id='customerselectiframe']' in '30' second(s)

2021-11-19 17:19:46 - [MESSAGE][INFO] - Smart Wait Function is triggered

2021-11-19 17:19:46 - [MESSAGE][INFO] - Found 1 web elements with id: 'Object Repository/Olusturma/Genel/AliciBilgisi/Alici_Bilgisi' located by 'By.xpath: //iframe[@id='customerselectiframe']' in '30' second(s)

2021-11-19 17:19:46 - [MESSAGE][INFO] - Switched to iframe: 'Object Repository/Olusturma/Genel/AliciBilgisi/Alici_Bilgisi'

2021-11-19 17:19:46 - [MESSAGE][INFO] - Finding web element from Test Object's properties

2021-11-19 17:19:46 - [MESSAGE][INFO] - Checking timeout

2021-11-19 17:19:46 - [MESSAGE][INFO] - Finding web element with id: 'Object Repository/Olusturma/Genel/AliciBilgisi/Tamam_Butonu' located by 'By.xpath: //div[@id='btnSelectCustomer_CD']/span' in '30' second(s)

2021-11-19 17:19:46 - [MESSAGE][INFO] - Smart Wait Function is triggered

2021-11-19 17:19:46 - [MESSAGE][INFO] - Found 1 web elements with id: 'Object Repository/Olusturma/Genel/AliciBilgisi/Tamam_Butonu' located by 'By.xpath: //div[@id='btnSelectCustomer_CD']/span' in '30' second(s)

2021-11-19 17:19:46 - [MESSAGE][INFO] - Clicking on object: 'Object Repository/Olusturma/Genel/AliciBilgisi/Tamam_Butonu'

2021-11-19 17:19:46 - [MESSAGE][PASSED] - Object: 'Object Repository/Olusturma/Genel/AliciBilgisi/Tamam_Butonu' is clicked on

2021-11-19 17:19:46 - [MESSAGE][INFO] - Switching to default content

2021-11-19 17:19:46 - [TEST_STEP][PASSED] - waitForElementPresent(findTestObject("Olusturma/Genel/AliciBilgisi/VKN-TCKN"), 10): Object 'Object Repository/Olusturma/Genel/AliciBilgisi/VKN-TCKN' is present

2021-11-19 17:19:46 - [MESSAGE][INFO] - Finding Test Object 'Object Repository/Olusturma/Genel/AliciBilgisi/VKN-TCKN'

2021-11-19 17:19:46 - [MESSAGE][INFO] - Checking object

2021-11-19 17:19:46 - [MESSAGE][INFO] - Finding web element from Test Object's properties

2021-11-19 17:19:46 - [MESSAGE][INFO] - Checking timeout

2021-11-19 17:19:46 - [MESSAGE][INFO] - Finding web element with id: 'Object Repository/Olusturma/Genel/AliciBilgisi/VKN-TCKN' located by 'By.xpath: //*[@id = 'txtVknTckn_I']' in '10' second(s)

2021-11-19 17:19:46 - [MESSAGE][INFO] - Smart Wait Function is triggered

2021-11-19 17:19:47 - [MESSAGE][INFO] - Found 1 web elements with id: 'Object Repository/Olusturma/Genel/AliciBilgisi/VKN-TCKN' located by 'By.xpath: //*[@id = 'txtVknTckn_I']' in '10' second(s)

2021-11-19 17:19:47 - [MESSAGE][PASSED] - Object 'Object Repository/Olusturma/Genel/AliciBilgisi/VKN-TCKN' is present

2021-11-19 17:19:47 - [TEST_STEP][PASSED] - text = getAttribute(findTestObject("Olusturma/Genel/AliciBilgisi/VKN-TCKN"), "value"): Attribute 'value' of object 'Object Repository/Olusturma/Genel/AliciBilgisi/VKN-TCKN' is: '5324398537'

2021-11-19 17:19:47 - [MESSAGE][INFO] - Finding Test Object 'Object Repository/Olusturma/Genel/AliciBilgisi/VKN-TCKN'

2021-11-19 17:19:47 - [MESSAGE][INFO] - Checking object

2021-11-19 17:19:47 - [MESSAGE][INFO] - Checking attribute

2021-11-19 17:19:47 - [MESSAGE][INFO] - Finding web element from Test Object's properties

2021-11-19 17:19:47 - [MESSAGE][INFO] - Checking timeout

2021-11-19 17:19:47 - [MESSAGE][INFO] - Finding web element with id: 'Object Repository/Olusturma/Genel/AliciBilgisi/VKN-TCKN' located by 'By.xpath: //*[@id = 'txtVknTckn_I']' in '30' second(s)

2021-11-19 17:19:47 - [MESSAGE][INFO] - Smart Wait Function is triggered

2021-11-19 17:19:47 - [MESSAGE][INFO] - Found 1 web elements with id: 'Object Repository/Olusturma/Genel/AliciBilgisi/VKN-TCKN' located by 'By.xpath: //*[@id = 'txtVknTckn_I']' in '30' second(s)

2021-11-19 17:19:47 - [MESSAGE][INFO] - Getting attribute 'value' of object 'Object Repository/Olusturma/Genel/AliciBilgisi/VKN-TCKN'

2021-11-19 17:19:47 - [MESSAGE][PASSED] - Attribute 'value' of object 'Object Repository/Olusturma/Genel/AliciBilgisi/VKN-TCKN' is: '5324398537'

2021-11-19 17:19:47 - [TEST_STEP][PASSED] - if (text.equals("")): null

2021-11-19 17:19:47 - [MESSAGE][PASSED] - Call Test Case 'Test Cases/Olusturma/Genel/AliciSecilir' successfully

2021-11-19 17:19:47 - [MESSAGE][INFO] - Checking called Test Case

2021-11-19 17:19:47 - [MESSAGE][INFO] - Starting to call Test Case 'Test Cases/Olusturma/Genel/GonderimSekliSecilir'

2021-11-19 17:19:47 - [TEST_CASE][PASSED] - Test Cases/Olusturma/Genel/GonderimSekliSecilir: Test Cases/Olusturma/Genel/GonderimSekliSecilir

2021-11-19 17:19:47 - [TEST_STEP][PASSED] - waitForElementClickable(findTestObject("Object Repository/Olusturma/Genel/GonderimSekli/GonderimSekli"), 10): Object 'Object Repository/Olusturma/Genel/GonderimSekli/GonderimSekli' is clickable

2021-11-19 17:19:47 - [MESSAGE][INFO] - Finding Test Object 'Object Repository/Olusturma/Genel/GonderimSekli/GonderimSekli'

2021-11-19 17:19:47 - [MESSAGE][INFO] - Checking object

2021-11-19 17:19:47 - [MESSAGE][INFO] - Checking timeout

2021-11-19 17:19:47 - [MESSAGE][INFO] - Finding web element from Test Object's properties

2021-11-19 17:19:47 - [MESSAGE][INFO] - Checking timeout

2021-11-19 17:19:47 - [MESSAGE][INFO] - Finding web element with id: 'Object Repository/Olusturma/Genel/GonderimSekli/GonderimSekli' located by 'By.xpath: //*[@id = 'txtGonderimSekil_I']' in '10' second(s)

2021-11-19 17:19:47 - [MESSAGE][INFO] - Smart Wait Function is triggered

2021-11-19 17:19:48 - [MESSAGE][INFO] - Found 1 web elements with id: 'Object Repository/Olusturma/Genel/GonderimSekli/GonderimSekli' located by 'By.xpath: //*[@id = 'txtGonderimSekil_I']' in '10' second(s)

2021-11-19 17:19:48 - [MESSAGE][PASSED] - Object 'Object Repository/Olusturma/Genel/GonderimSekli/GonderimSekli' is clickable

2021-11-19 17:19:48 - [TEST_STEP][PASSED] - click(findTestObject("Object Repository/Olusturma/Genel/GonderimSekli/GonderimSekli")): Object: 'Object Repository/Olusturma/Genel/GonderimSekli/GonderimSekli' is clicked on

2021-11-19 17:19:48 - [MESSAGE][INFO] - Finding Test Object 'Object Repository/Olusturma/Genel/GonderimSekli/GonderimSekli'

2021-11-19 17:19:48 - [MESSAGE][INFO] - Checking object

2021-11-19 17:19:48 - [MESSAGE][INFO] - Finding web element from Test Object's properties

2021-11-19 17:19:48 - [MESSAGE][INFO] - Checking timeout

2021-11-19 17:19:48 - [MESSAGE][INFO] - Finding web element with id: 'Object Repository/Olusturma/Genel/GonderimSekli/GonderimSekli' located by 'By.xpath: //*[@id = 'txtGonderimSekil_I']' in '30' second(s)

2021-11-19 17:19:48 - [MESSAGE][INFO] - Smart Wait Function is triggered

2021-11-19 17:19:48 - [MESSAGE][INFO] - Found 1 web elements with id: 'Object Repository/Olusturma/Genel/GonderimSekli/GonderimSekli' located by 'By.xpath: //*[@id = 'txtGonderimSekil_I']' in '30' second(s)

2021-11-19 17:19:48 - [MESSAGE][INFO] - Clicking on object: 'Object Repository/Olusturma/Genel/GonderimSekli/GonderimSekli'

2021-11-19 17:19:48 - [MESSAGE][PASSED] - Object: 'Object Repository/Olusturma/Genel/GonderimSekli/GonderimSekli' is clicked on

2021-11-19 17:19:48 - [TEST_STEP][PASSED] - Method.TextDegerineEsitElementeTikla(findTestObject("Object Repository/Olusturma/Genel/GonderimSekli/GonderimSekliAdi"), GonderimSekli): Method.TextDegerineEsitElementeTikla is PASSED

2021-11-19 17:19:48 - [MESSAGE][INFO] - Finding Test Object 'Object Repository/Olusturma/Genel/GonderimSekli/GonderimSekliAdi'

2021-11-19 17:19:48 - [MESSAGE][INFO] - Checking timeout

2021-11-19 17:19:48 - [MESSAGE][INFO] - Finding web element with id: 'Object Repository/Olusturma/Genel/GonderimSekli/GonderimSekliAdi' located by 'By.cssSelector: #txtGonderimSekil_DDD_L_LBT td' in '10' second(s)

2021-11-19 17:19:48 - [MESSAGE][INFO] - Smart Wait Function is triggered

2021-11-19 17:19:48 - [MESSAGE][INFO] - Found 2 web elements with id: 'Object Repository/Olusturma/Genel/GonderimSekli/GonderimSekliAdi' located by 'By.cssSelector: #txtGonderimSekil_DDD_L_LBT td' in '10' second(s)

2021-11-19 17:19:49 - [MESSAGE][PASSED] - Method.TextDegerineEsitElementeTikla is PASSED

2021-11-19 17:19:49 - [MESSAGE][PASSED] - Call Test Case 'Test Cases/Olusturma/Genel/GonderimSekliSecilir' successfully

2021-11-19 17:19:49 - [MESSAGE][INFO] - Checking called Test Case

2021-11-19 17:19:49 - [MESSAGE][INFO] - Starting to call Test Case 'Test Cases/Olusturma/Genel/TipSecilir'

2021-11-19 17:19:49 - [TEST_CASE][PASSED] - Test Cases/Olusturma/Genel/TipSecilir: Test Cases/Olusturma/Genel/TipSecilir

2021-11-19 17:19:49 - [TEST_STEP][PASSED] - waitForElementClickable(findTestObject("Olusturma/Genel/TipSecilir/Tip"), 10): Object 'Object Repository/Olusturma/Genel/TipSecilir/Tip' is clickable

2021-11-19 17:19:49 - [MESSAGE][INFO] - Finding Test Object 'Object Repository/Olusturma/Genel/TipSecilir/Tip'

2021-11-19 17:19:49 - [MESSAGE][INFO] - Checking object

2021-11-19 17:19:49 - [MESSAGE][INFO] - Checking timeout

2021-11-19 17:19:49 - [MESSAGE][INFO] - Finding web element from Test Object's properties

2021-11-19 17:19:49 - [MESSAGE][INFO] - Checking timeout

2021-11-19 17:19:49 - [MESSAGE][INFO] - Finding web element with id: 'Object Repository/Olusturma/Genel/TipSecilir/Tip' located by 'By.xpath: //*[@id = 'DocumentTypeCode_I']' in '10' second(s)

2021-11-19 17:19:49 - [MESSAGE][INFO] - Smart Wait Function is triggered

2021-11-19 17:19:49 - [MESSAGE][INFO] - Found 1 web elements with id: 'Object Repository/Olusturma/Genel/TipSecilir/Tip' located by 'By.xpath: //*[@id = 'DocumentTypeCode_I']' in '10' second(s)

2021-11-19 17:19:49 - [MESSAGE][PASSED] - Object 'Object Repository/Olusturma/Genel/TipSecilir/Tip' is clickable

2021-11-19 17:19:49 - [TEST_STEP][PASSED] - click(findTestObject("Olusturma/Genel/TipSecilir/Tip")): Object: 'Object Repository/Olusturma/Genel/TipSecilir/Tip' is clicked on

2021-11-19 17:19:49 - [MESSAGE][INFO] - Finding Test Object 'Object Repository/Olusturma/Genel/TipSecilir/Tip'

2021-11-19 17:19:49 - [MESSAGE][INFO] - Checking object

2021-11-19 17:19:49 - [MESSAGE][INFO] - Finding web element from Test Object's properties

2021-11-19 17:19:49 - [MESSAGE][INFO] - Checking timeout

2021-11-19 17:19:49 - [MESSAGE][INFO] - Finding web element with id: 'Object Repository/Olusturma/Genel/TipSecilir/Tip' located by 'By.xpath: //*[@id = 'DocumentTypeCode_I']' in '30' second(s)

2021-11-19 17:19:49 - [MESSAGE][INFO] - Smart Wait Function is triggered

2021-11-19 17:19:49 - [MESSAGE][INFO] - Found 1 web elements with id: 'Object Repository/Olusturma/Genel/TipSecilir/Tip' located by 'By.xpath: //*[@id = 'DocumentTypeCode_I']' in '30' second(s)

2021-11-19 17:19:49 - [MESSAGE][INFO] - Clicking on object: 'Object Repository/Olusturma/Genel/TipSecilir/Tip'

2021-11-19 17:19:49 - [MESSAGE][PASSED] - Object: 'Object Repository/Olusturma/Genel/TipSecilir/Tip' is clicked on

2021-11-19 17:19:49 - [TEST_STEP][PASSED] - Method.TextDegerineEsitElementeTikla(findTestObject("Object Repository/Olusturma/Genel/TipSecilir/Tip_Adi"), Tip): Method.TextDegerineEsitElementeTikla is PASSED

2021-11-19 17:19:49 - [MESSAGE][INFO] - Finding Test Object 'Object Repository/Olusturma/Genel/TipSecilir/Tip_Adi'

2021-11-19 17:19:50 - [MESSAGE][INFO] - Checking timeout

2021-11-19 17:19:50 - [MESSAGE][INFO] - Finding web element with id: 'Object Repository/Olusturma/Genel/TipSecilir/Tip_Adi' located by 'By.cssSelector: #DocumentTypeCode_DDD_L_LBT td' in '10' second(s)

2021-11-19 17:19:50 - [MESSAGE][INFO] - Smart Wait Function is triggered

2021-11-19 17:19:50 - [MESSAGE][INFO] - Found 9 web elements with id: 'Object Repository/Olusturma/Genel/TipSecilir/Tip_Adi' located by 'By.cssSelector: #DocumentTypeCode_DDD_L_LBT td' in '10' second(s)

2021-11-19 17:19:50 - [MESSAGE][PASSED] - Method.TextDegerineEsitElementeTikla is PASSED

2021-11-19 17:19:50 - [MESSAGE][PASSED] - Call Test Case 'Test Cases/Olusturma/Genel/TipSecilir' successfully

2021-11-19 17:19:50 - [MESSAGE][INFO] - Checking called Test Case

2021-11-19 17:19:50 - [MESSAGE][INFO] - Starting to call Test Case 'Test Cases/Olusturma/Genel/DokumanParaBirimiSecilir'

2021-11-19 17:19:50 - [TEST_CASE][PASSED] - Test Cases/Olusturma/Genel/DokumanParaBirimiSecilir: Test Cases/Olusturma/Genel/DokumanParaBirimiSecilir

2021-11-19 17:19:50 - [TEST_STEP][PASSED] - waitForElementClickable(findTestObject("Object Repository/Olusturma/Genel/DokumanParaBirimiSecilir/Para"), 10): Object 'Object Repository/Olusturma/Genel/DokumanParaBirimiSecilir/Para' is clickable

2021-11-19 17:19:50 - [MESSAGE][INFO] - Finding Test Object 'Object Repository/Olusturma/Genel/DokumanParaBirimiSecilir/Para'

2021-11-19 17:19:50 - [MESSAGE][INFO] - Checking object

2021-11-19 17:19:50 - [MESSAGE][INFO] - Checking timeout

2021-11-19 17:19:50 - [MESSAGE][INFO] - Finding web element from Test Object's properties

2021-11-19 17:19:50 - [MESSAGE][INFO] - Checking timeout

2021-11-19 17:19:50 - [MESSAGE][INFO] - Finding web element with id: 'Object Repository/Olusturma/Genel/DokumanParaBirimiSecilir/Para' located by 'By.xpath: //*[@id = 'CurrencyUnit_I']' in '10' second(s)

2021-11-19 17:19:50 - [MESSAGE][INFO] - Smart Wait Function is triggered

2021-11-19 17:19:52 - [MESSAGE][INFO] - Found 1 web elements with id: 'Object Repository/Olusturma/Genel/DokumanParaBirimiSecilir/Para' located by 'By.xpath: //*[@id = 'CurrencyUnit_I']' in '10' second(s)

2021-11-19 17:19:52 - [MESSAGE][PASSED] - Object 'Object Repository/Olusturma/Genel/DokumanParaBirimiSecilir/Para' is clickable

2021-11-19 17:19:52 - [TEST_STEP][PASSED] - click(findTestObject("Object Repository/Olusturma/Genel/DokumanParaBirimiSecilir/Para")): Object: 'Object Repository/Olusturma/Genel/DokumanParaBirimiSecilir/Para' is clicked on

2021-11-19 17:19:52 - [MESSAGE][INFO] - Finding Test Object 'Object Repository/Olusturma/Genel/DokumanParaBirimiSecilir/Para'

2021-11-19 17:19:52 - [MESSAGE][INFO] - Checking object

2021-11-19 17:19:52 - [MESSAGE][INFO] - Finding web element from Test Object's properties

2021-11-19 17:19:52 - [MESSAGE][INFO] - Checking timeout

2021-11-19 17:19:52 - [MESSAGE][INFO] - Finding web element with id: 'Object Repository/Olusturma/Genel/DokumanParaBirimiSecilir/Para' located by 'By.xpath: //*[@id = 'CurrencyUnit_I']' in '30' second(s)

2021-11-19 17:19:52 - [MESSAGE][INFO] - Smart Wait Function is triggered

2021-11-19 17:19:52 - [MESSAGE][INFO] - Found 1 web elements with id: 'Object Repository/Olusturma/Genel/DokumanParaBirimiSecilir/Para' located by 'By.xpath: //*[@id = 'CurrencyUnit_I']' in '30' second(s)

2021-11-19 17:19:52 - [MESSAGE][INFO] - Clicking on object: 'Object Repository/Olusturma/Genel/DokumanParaBirimiSecilir/Para'

2021-11-19 17:19:52 - [MESSAGE][PASSED] - Object: 'Object Repository/Olusturma/Genel/DokumanParaBirimiSecilir/Para' is clicked on

2021-11-19 17:19:52 - [TEST_STEP][PASSED] - Method.TextDegerineEsitElementeTikla(findTestObject("Object Repository/Olusturma/Genel/DokumanParaBirimiSecilir/Para_Adi"), Para): Method.TextDegerineEsitElementeTikla is PASSED

2021-11-19 17:19:52 - [MESSAGE][INFO] - Finding Test Object 'Object Repository/Olusturma/Genel/DokumanParaBirimiSecilir/Para_Adi'

2021-11-19 17:19:52 - [MESSAGE][INFO] - Checking timeout

2021-11-19 17:19:52 - [MESSAGE][INFO] - Finding web element with id: 'Object Repository/Olusturma/Genel/DokumanParaBirimiSecilir/Para_Adi' located by 'By.cssSelector: #CurrencyUnit_DDD_L_LBT td' in '10' second(s)

2021-11-19 17:19:52 - [MESSAGE][INFO] - Smart Wait Function is triggered

2021-11-19 17:19:53 - [MESSAGE][INFO] - Found 203 web elements with id: 'Object Repository/Olusturma/Genel/DokumanParaBirimiSecilir/Para_Adi' located by 'By.cssSelector: #CurrencyUnit_DDD_L_LBT td' in '10' second(s)

2021-11-19 17:19:57 - [MESSAGE][PASSED] - Method.TextDegerineEsitElementeTikla is PASSED

2021-11-19 17:19:57 - [MESSAGE][PASSED] - Call Test Case 'Test Cases/Olusturma/Genel/DokumanParaBirimiSecilir' successfully

2021-11-19 17:19:57 - [MESSAGE][INFO] - Checking called Test Case

2021-11-19 17:19:57 - [MESSAGE][INFO] - Starting to call Test Case 'Test Cases/Olusturma/Genel/OnEkSecilir'

2021-11-19 17:19:57 - [TEST_CASE][PASSED] - Test Cases/Olusturma/Genel/OnEkSecilir: Test Cases/Olusturma/Genel/OnEkSecilir

2021-11-19 17:19:57 - [TEST_STEP][PASSED] - waitForElementClickable(findTestObject("Object Repository/Olusturma/Genel/OnEkSecilir/OnEk"), 10): Object 'Object Repository/Olusturma/Genel/OnEkSecilir/OnEk' is clickable

2021-11-19 17:19:57 - [MESSAGE][INFO] - Finding Test Object 'Object Repository/Olusturma/Genel/OnEkSecilir/OnEk'

2021-11-19 17:19:57 - [MESSAGE][INFO] - Checking object

2021-11-19 17:19:57 - [MESSAGE][INFO] - Checking timeout

2021-11-19 17:19:57 - [MESSAGE][INFO] - Finding web element from Test Object's properties

2021-11-19 17:19:57 - [MESSAGE][INFO] - Checking timeout

2021-11-19 17:19:57 - [MESSAGE][INFO] - Finding web element with id: 'Object Repository/Olusturma/Genel/OnEkSecilir/OnEk' located by 'By.xpath: //*[@id = 'InvoicePrefix_I']' in '10' second(s)

2021-11-19 17:19:57 - [MESSAGE][INFO] - Smart Wait Function is triggered

2021-11-19 17:19:57 - [MESSAGE][INFO] - Found 1 web elements with id: 'Object Repository/Olusturma/Genel/OnEkSecilir/OnEk' located by 'By.xpath: //*[@id = 'InvoicePrefix_I']' in '10' second(s)

2021-11-19 17:19:57 - [MESSAGE][PASSED] - Object 'Object Repository/Olusturma/Genel/OnEkSecilir/OnEk' is clickable

2021-11-19 17:19:57 - [TEST_STEP][PASSED] - click(findTestObject("Object Repository/Olusturma/Genel/OnEkSecilir/OnEk")): Object: 'Object Repository/Olusturma/Genel/OnEkSecilir/OnEk' is clicked on

2021-11-19 17:19:57 - [MESSAGE][INFO] - Finding Test Object 'Object Repository/Olusturma/Genel/OnEkSecilir/OnEk'

2021-11-19 17:19:57 - [MESSAGE][INFO] - Checking object

2021-11-19 17:19:57 - [MESSAGE][INFO] - Finding web element from Test Object's properties

2021-11-19 17:19:57 - [MESSAGE][INFO] - Checking timeout

2021-11-19 17:19:57 - [MESSAGE][INFO] - Finding web element with id: 'Object Repository/Olusturma/Genel/OnEkSecilir/OnEk' located by 'By.xpath: //*[@id = 'InvoicePrefix_I']' in '30' second(s)

2021-11-19 17:19:57 - [MESSAGE][INFO] - Smart Wait Function is triggered

2021-11-19 17:19:57 - [MESSAGE][INFO] - Found 1 web elements with id: 'Object Repository/Olusturma/Genel/OnEkSecilir/OnEk' located by 'By.xpath: //*[@id = 'InvoicePrefix_I']' in '30' second(s)

2021-11-19 17:19:57 - [MESSAGE][INFO] - Clicking on object: 'Object Repository/Olusturma/Genel/OnEkSecilir/OnEk'

2021-11-19 17:19:57 - [MESSAGE][PASSED] - Object: 'Object Repository/Olusturma/Genel/OnEkSecilir/OnEk' is clicked on

2021-11-19 17:19:57 - [TEST_STEP][PASSED] - Method.TextDegerineEsitElementeTiklaEquals(findTestObject("Object Repository/Olusturma/Genel/OnEkSecilir/OnEkAdi"), Ek): Method.TextDegerineEsitElementeTiklaEquals is PASSED

2021-11-19 17:19:57 - [MESSAGE][INFO] - Finding Test Object 'Object Repository/Olusturma/Genel/OnEkSecilir/OnEkAdi'

2021-11-19 17:19:58 - [MESSAGE][INFO] - Checking timeout

2021-11-19 17:19:58 - [MESSAGE][INFO] - Finding web element with id: 'Object Repository/Olusturma/Genel/OnEkSecilir/OnEkAdi' located by 'By.cssSelector: #InvoicePrefix_DDD_L_LBT td' in '10' second(s)

2021-11-19 17:19:58 - [MESSAGE][INFO] - Smart Wait Function is triggered

2021-11-19 17:19:58 - [MESSAGE][INFO] - Found 1 web elements with id: 'Object Repository/Olusturma/Genel/OnEkSecilir/OnEkAdi' located by 'By.cssSelector: #InvoicePrefix_DDD_L_LBT td' in '10' second(s)

2021-11-19 17:19:58 - [MESSAGE][PASSED] - Method.TextDegerineEsitElementeTiklaEquals is PASSED

2021-11-19 17:19:58 - [MESSAGE][PASSED] - Call Test Case 'Test Cases/Olusturma/Genel/OnEkSecilir' successfully

2021-11-19 17:19:58 - [MESSAGE][INFO] - Checking called Test Case

2021-11-19 17:19:58 - [MESSAGE][INFO] - Starting to call Test Case 'Test Cases/Olusturma/Genel/TasarimSecilir'

2021-11-19 17:19:58 - [TEST_CASE][PASSED] - Test Cases/Olusturma/Genel/TasarimSecilir: Test Cases/Olusturma/Genel/TasarimSecilir

2021-11-19 17:19:58 - [TEST_STEP][PASSED] - waitForElementClickable(findTestObject("Object Repository/Olusturma/Genel/TasarimSecilir/Tasarim"), 10): Object 'Object Repository/Olusturma/Genel/TasarimSecilir/Tasarim' is clickable

2021-11-19 17:19:58 - [MESSAGE][INFO] - Finding Test Object 'Object Repository/Olusturma/Genel/TasarimSecilir/Tasarim'

2021-11-19 17:19:58 - [MESSAGE][INFO] - Checking object

2021-11-19 17:19:58 - [MESSAGE][INFO] - Checking timeout

2021-11-19 17:19:58 - [MESSAGE][INFO] - Finding web element from Test Object's properties

2021-11-19 17:19:58 - [MESSAGE][INFO] - Checking timeout

2021-11-19 17:19:58 - [MESSAGE][INFO] - Finding web element with id: 'Object Repository/Olusturma/Genel/TasarimSecilir/Tasarim' located by 'By.xpath: //*[@id = 'DesignId_I']' in '10' second(s)

2021-11-19 17:19:58 - [MESSAGE][INFO] - Smart Wait Function is triggered

2021-11-19 17:19:58 - [MESSAGE][INFO] - Found 1 web elements with id: 'Object Repository/Olusturma/Genel/TasarimSecilir/Tasarim' located by 'By.xpath: //*[@id = 'DesignId_I']' in '10' second(s)

2021-11-19 17:19:58 - [MESSAGE][PASSED] - Object 'Object Repository/Olusturma/Genel/TasarimSecilir/Tasarim' is clickable

2021-11-19 17:19:58 - [TEST_STEP][PASSED] - click(findTestObject("Object Repository/Olusturma/Genel/TasarimSecilir/Tasarim")): Object: 'Object Repository/Olusturma/Genel/TasarimSecilir/Tasarim' is clicked on

2021-11-19 17:19:58 - [MESSAGE][INFO] - Finding Test Object 'Object Repository/Olusturma/Genel/TasarimSecilir/Tasarim'

2021-11-19 17:19:58 - [MESSAGE][INFO] - Checking object

2021-11-19 17:19:58 - [MESSAGE][INFO] - Finding web element from Test Object's properties

2021-11-19 17:19:58 - [MESSAGE][INFO] - Checking timeout

2021-11-19 17:19:58 - [MESSAGE][INFO] - Finding web element with id: 'Object Repository/Olusturma/Genel/TasarimSecilir/Tasarim' located by 'By.xpath: //*[@id = 'DesignId_I']' in '30' second(s)

2021-11-19 17:19:58 - [MESSAGE][INFO] - Smart Wait Function is triggered

2021-11-19 17:19:59 - [MESSAGE][INFO] - Found 1 web elements with id: 'Object Repository/Olusturma/Genel/TasarimSecilir/Tasarim' located by 'By.xpath: //*[@id = 'DesignId_I']' in '30' second(s)

2021-11-19 17:19:59 - [MESSAGE][INFO] - Clicking on object: 'Object Repository/Olusturma/Genel/TasarimSecilir/Tasarim'

2021-11-19 17:19:59 - [MESSAGE][PASSED] - Object: 'Object Repository/Olusturma/Genel/TasarimSecilir/Tasarim' is clicked on

2021-11-19 17:19:59 - [TEST_STEP][PASSED] - Method.TextDegerineEsitElementeTikla(findTestObject("Object Repository/Olusturma/Genel/TasarimSecilir/Tasarim_Adi"), Tasarim): Method.TextDegerineEsitElementeTikla is PASSED

2021-11-19 17:19:59 - [MESSAGE][INFO] - Finding Test Object 'Object Repository/Olusturma/Genel/TasarimSecilir/Tasarim_Adi'

2021-11-19 17:19:59 - [MESSAGE][INFO] - Checking timeout

2021-11-19 17:19:59 - [MESSAGE][INFO] - Finding web element with id: 'Object Repository/Olusturma/Genel/TasarimSecilir/Tasarim_Adi' located by 'By.cssSelector: #DesignId_DDD_L_LBT td' in '10' second(s)

2021-11-19 17:19:59 - [MESSAGE][INFO] - Smart Wait Function is triggered

2021-11-19 17:19:59 - [MESSAGE][INFO] - Found 1 web elements with id: 'Object Repository/Olusturma/Genel/TasarimSecilir/Tasarim_Adi' located by 'By.cssSelector: #DesignId_DDD_L_LBT td' in '10' second(s)

2021-11-19 17:19:59 - [MESSAGE][PASSED] - Method.TextDegerineEsitElementeTikla is PASSED

2021-11-19 17:19:59 - [MESSAGE][PASSED] - Call Test Case 'Test Cases/Olusturma/Genel/TasarimSecilir' successfully

2021-11-19 17:19:59 - [MESSAGE][INFO] - Checking called Test Case

2021-11-19 17:19:59 - [MESSAGE][INFO] - Starting to call Test Case 'Test Cases/Olusturma/Genel/Kutular/SiparisBilgileriGirilir'

2021-11-19 17:19:59 - [TEST_CASE][PASSED] - Test Cases/Olusturma/Genel/Kutular/SiparisBilgileriGirilir: Test Cases/Olusturma/Genel/Kutular/SiparisBilgileriGirilir

2021-11-19 17:19:59 - [TEST_STEP][PASSED] - Method.TextDegerineEsitElementeTikla(findTestObject("Olusturma/Genel/Kutular/KapaliKutular"), "Sipariş Bilgileri"): Method.TextDegerineEsitElementeTikla is PASSED

2021-11-19 17:19:59 - [MESSAGE][INFO] - Finding Test Object 'Object Repository/Olusturma/Genel/Kutular/KapaliKutular'

2021-11-19 17:19:59 - [MESSAGE][INFO] - Checking timeout

2021-11-19 17:19:59 - [MESSAGE][INFO] - Finding web element with id: 'Object Repository/Olusturma/Genel/Kutular/KapaliKutular' located by 'By.cssSelector: .dxnb-headerCollapsed>span' in '10' second(s)

2021-11-19 17:19:59 - [MESSAGE][INFO] - Smart Wait Function is triggered

2021-11-19 17:20:00 - [MESSAGE][INFO] - Found 8 web elements with id: 'Object Repository/Olusturma/Genel/Kutular/KapaliKutular' located by 'By.cssSelector: .dxnb-headerCollapsed>span' in '10' second(s)

2021-11-19 17:20:00 - [MESSAGE][PASSED] - Method.TextDegerineEsitElementeTikla is PASSED

2021-11-19 17:20:00 - [TEST_STEP][PASSED] - waitForElementPresent(findTestObject("Object Repository/Olusturma/Genel/Kutular/SiparisBilgileri/SiparisNo"), 10): Object 'Object Repository/Olusturma/Genel/Kutular/SiparisBilgileri/SiparisNo' is present

2021-11-19 17:20:00 - [MESSAGE][INFO] - Finding Test Object 'Object Repository/Olusturma/Genel/Kutular/SiparisBilgileri/SiparisNo'

2021-11-19 17:20:00 - [MESSAGE][INFO] - Checking object

2021-11-19 17:20:00 - [MESSAGE][INFO] - Finding web element from Test Object's properties

2021-11-19 17:20:00 - [MESSAGE][INFO] - Checking timeout

2021-11-19 17:20:00 - [MESSAGE][INFO] - Finding web element with id: 'Object Repository/Olusturma/Genel/Kutular/SiparisBilgileri/SiparisNo' located by 'By.xpath: //*[@id = 'txtSiparisNo_I']' in '10' second(s)

2021-11-19 17:20:00 - [MESSAGE][INFO] - Smart Wait Function is triggered

2021-11-19 17:20:00 - [MESSAGE][INFO] - Found 1 web elements with id: 'Object Repository/Olusturma/Genel/Kutular/SiparisBilgileri/SiparisNo' located by 'By.xpath: //*[@id = 'txtSiparisNo_I']' in '10' second(s)

2021-11-19 17:20:00 - [MESSAGE][PASSED] - Object 'Object Repository/Olusturma/Genel/Kutular/SiparisBilgileri/SiparisNo' is present

2021-11-19 17:20:00 - [TEST_STEP][PASSED] - clearText(findTestObject("Object Repository/Olusturma/Genel/Kutular/SiparisBilgileri/SiparisNo")): Text of object 'Object Repository/Olusturma/Genel/Kutular/SiparisBilgileri/SiparisNo' is cleared

2021-11-19 17:20:00 - [MESSAGE][INFO] - Finding Test Object 'Object Repository/Olusturma/Genel/Kutular/SiparisBilgileri/SiparisNo'

2021-11-19 17:20:00 - [MESSAGE][INFO] - Checking object

2021-11-19 17:20:00 - [MESSAGE][INFO] - Finding web element from Test Object's properties

2021-11-19 17:20:00 - [MESSAGE][INFO] - Checking timeout

2021-11-19 17:20:00 - [MESSAGE][INFO] - Finding web element with id: 'Object Repository/Olusturma/Genel/Kutular/SiparisBilgileri/SiparisNo' located by 'By.xpath: //*[@id = 'txtSiparisNo_I']' in '30' second(s)

2021-11-19 17:20:00 - [MESSAGE][INFO] - Smart Wait Function is triggered

2021-11-19 17:20:00 - [MESSAGE][INFO] - Found 1 web elements with id: 'Object Repository/Olusturma/Genel/Kutular/SiparisBilgileri/SiparisNo' located by 'By.xpath: //*[@id = 'txtSiparisNo_I']' in '30' second(s)

2021-11-19 17:20:00 - [MESSAGE][INFO] - Clearing text of object 'Object Repository/Olusturma/Genel/Kutular/SiparisBilgileri/SiparisNo'

2021-11-19 17:20:01 - [MESSAGE][PASSED] - Text of object 'Object Repository/Olusturma/Genel/Kutular/SiparisBilgileri/SiparisNo' is cleared

2021-11-19 17:20:01 - [TEST_STEP][PASSED] - sendKeys(findTestObject("Object Repository/Olusturma/Genel/Kutular/SiparisBilgileri/SiparisNo"), SiparisNo): Keys 'UUC-SAT-1200001' sent to object: 'Object Repository/Olusturma/Genel/Kutular/SiparisBilgileri/SiparisNo'

2021-11-19 17:20:01 - [MESSAGE][INFO] - Finding Test Object 'Object Repository/Olusturma/Genel/Kutular/SiparisBilgileri/SiparisNo'

2021-11-19 17:20:01 - [MESSAGE][INFO] - Sending keys 'UUC-SAT-1200001' to object: 'Object Repository/Olusturma/Genel/Kutular/SiparisBilgileri/SiparisNo'

2021-11-19 17:20:01 - [MESSAGE][INFO] - Finding web element from Test Object's properties

2021-11-19 17:20:01 - [MESSAGE][INFO] - Checking timeout

2021-11-19 17:20:01 - [MESSAGE][INFO] - Finding web element with id: 'Object Repository/Olusturma/Genel/Kutular/SiparisBilgileri/SiparisNo' located by 'By.xpath: //*[@id = 'txtSiparisNo_I']' in '30' second(s)

2021-11-19 17:20:01 - [MESSAGE][INFO] - Smart Wait Function is triggered

2021-11-19 17:20:01 - [MESSAGE][INFO] - Found 1 web elements with id: 'Object Repository/Olusturma/Genel/Kutular/SiparisBilgileri/SiparisNo' located by 'By.xpath: //*[@id = 'txtSiparisNo_I']' in '30' second(s)

2021-11-19 17:20:01 - [MESSAGE][PASSED] - Keys 'UUC-SAT-1200001' sent to object: 'Object Repository/Olusturma/Genel/Kutular/SiparisBilgileri/SiparisNo'

2021-11-19 17:20:01 - [TEST_STEP][PASSED] - waitForElementClickable(findTestObject("Object Repository/Olusturma/Genel/Kutular/SiparisBilgileri/SiparisTarihiImage"), 10): Object 'Object Repository/Olusturma/Genel/Kutular/SiparisBilgileri/SiparisTarihiImage' is clickable

2021-11-19 17:20:01 - [MESSAGE][INFO] - Finding Test Object 'Object Repository/Olusturma/Genel/Kutular/SiparisBilgileri/SiparisTarihiImage'

2021-11-19 17:20:01 - [MESSAGE][INFO] - Checking object

2021-11-19 17:20:01 - [MESSAGE][INFO] - Checking timeout

2021-11-19 17:20:01 - [MESSAGE][INFO] - Finding web element from Test Object's properties

2021-11-19 17:20:01 - [MESSAGE][INFO] - Checking timeout

2021-11-19 17:20:01 - [MESSAGE][INFO] - Finding web element with id: 'Object Repository/Olusturma/Genel/Kutular/SiparisBilgileri/SiparisTarihiImage' located by 'By.cssSelector: #dateSiparisTarih img' in '10' second(s)

2021-11-19 17:20:01 - [MESSAGE][INFO] - Smart Wait Function is triggered

2021-11-19 17:20:02 - [MESSAGE][INFO] - Found 1 web elements with id: 'Object Repository/Olusturma/Genel/Kutular/SiparisBilgileri/SiparisTarihiImage' located by 'By.cssSelector: #dateSiparisTarih img' in '10' second(s)

2021-11-19 17:20:02 - [MESSAGE][PASSED] - Object 'Object Repository/Olusturma/Genel/Kutular/SiparisBilgileri/SiparisTarihiImage' is clickable

2021-11-19 17:20:02 - [TEST_STEP][PASSED] - click(findTestObject("Object Repository/Olusturma/Genel/Kutular/SiparisBilgileri/SiparisTarihiImage")): Object: 'Object Repository/Olusturma/Genel/Kutular/SiparisBilgileri/SiparisTarihiImage' is clicked on

2021-11-19 17:20:02 - [MESSAGE][INFO] - Finding Test Object 'Object Repository/Olusturma/Genel/Kutular/SiparisBilgileri/SiparisTarihiImage'

2021-11-19 17:20:02 - [MESSAGE][INFO] - Checking object

2021-11-19 17:20:02 - [MESSAGE][INFO] - Finding web element from Test Object's properties

2021-11-19 17:20:02 - [MESSAGE][INFO] - Checking timeout

2021-11-19 17:20:02 - [MESSAGE][INFO] - Finding web element with id: 'Object Repository/Olusturma/Genel/Kutular/SiparisBilgileri/SiparisTarihiImage' located by 'By.cssSelector: #dateSiparisTarih img' in '30' second(s)

2021-11-19 17:20:02 - [MESSAGE][INFO] - Smart Wait Function is triggered

2021-11-19 17:20:02 - [MESSAGE][INFO] - Found 1 web elements with id: 'Object Repository/Olusturma/Genel/Kutular/SiparisBilgileri/SiparisTarihiImage' located by 'By.cssSelector: #dateSiparisTarih img' in '30' second(s)

2021-11-19 17:20:02 - [MESSAGE][INFO] - Clicking on object: 'Object Repository/Olusturma/Genel/Kutular/SiparisBilgileri/SiparisTarihiImage'

2021-11-19 17:20:02 - [MESSAGE][PASSED] - Object: 'Object Repository/Olusturma/Genel/Kutular/SiparisBilgileri/SiparisTarihiImage' is clicked on

2021-11-19 17:20:02 - [TEST_STEP][PASSED] - waitForElementPresent(findTestObject("Object Repository/Olusturma/Genel/Kutular/SiparisBilgileri/SiparisTarihi"), 10): Object 'Object Repository/Olusturma/Genel/Kutular/SiparisBilgileri/SiparisTarihi' is present

2021-11-19 17:20:02 - [MESSAGE][INFO] - Finding Test Object 'Object Repository/Olusturma/Genel/Kutular/SiparisBilgileri/SiparisTarihi'

2021-11-19 17:20:02 - [MESSAGE][INFO] - Checking object

2021-11-19 17:20:02 - [MESSAGE][INFO] - Finding web element from Test Object's properties

2021-11-19 17:20:02 - [MESSAGE][INFO] - Checking timeout

2021-11-19 17:20:02 - [MESSAGE][INFO] - Finding web element with id: 'Object Repository/Olusturma/Genel/Kutular/SiparisBilgileri/SiparisTarihi' located by 'By.xpath: //*[@id = 'dateSiparisTarih_I']' in '10' second(s)

2021-11-19 17:20:02 - [MESSAGE][INFO] - Smart Wait Function is triggered

2021-11-19 17:20:03 - [MESSAGE][INFO] - Found 1 web elements with id: 'Object Repository/Olusturma/Genel/Kutular/SiparisBilgileri/SiparisTarihi' located by 'By.xpath: //*[@id = 'dateSiparisTarih_I']' in '10' second(s)

2021-11-19 17:20:03 - [MESSAGE][PASSED] - Object 'Object Repository/Olusturma/Genel/Kutular/SiparisBilgileri/SiparisTarihi' is present

2021-11-19 17:20:03 - [TEST_STEP][PASSED] - clearText(findTestObject("Object Repository/Olusturma/Genel/Kutular/SiparisBilgileri/SiparisTarihi")): Text of object 'Object Repository/Olusturma/Genel/Kutular/SiparisBilgileri/SiparisTarihi' is cleared

2021-11-19 17:20:03 - [MESSAGE][INFO] - Finding Test Object 'Object Repository/Olusturma/Genel/Kutular/SiparisBilgileri/SiparisTarihi'

2021-11-19 17:20:03 - [MESSAGE][INFO] - Checking object

2021-11-19 17:20:03 - [MESSAGE][INFO] - Finding web element from Test Object's properties

2021-11-19 17:20:03 - [MESSAGE][INFO] - Checking timeout

2021-11-19 17:20:03 - [MESSAGE][INFO] - Finding web element with id: 'Object Repository/Olusturma/Genel/Kutular/SiparisBilgileri/SiparisTarihi' located by 'By.xpath: //*[@id = 'dateSiparisTarih_I']' in '30' second(s)

2021-11-19 17:20:03 - [MESSAGE][INFO] - Smart Wait Function is triggered

2021-11-19 17:20:03 - [MESSAGE][INFO] - Found 1 web elements with id: 'Object Repository/Olusturma/Genel/Kutular/SiparisBilgileri/SiparisTarihi' located by 'By.xpath: //*[@id = 'dateSiparisTarih_I']' in '30' second(s)

2021-11-19 17:20:03 - [MESSAGE][INFO] - Clearing text of object 'Object Repository/Olusturma/Genel/Kutular/SiparisBilgileri/SiparisTarihi'

2021-11-19 17:20:03 - [MESSAGE][PASSED] - Text of object 'Object Repository/Olusturma/Genel/Kutular/SiparisBilgileri/SiparisTarihi' is cleared

2021-11-19 17:20:03 - [TEST_STEP][PASSED] - sendKeys(findTestObject("Object Repository/Olusturma/Genel/Kutular/SiparisBilgileri/SiparisTarihi"), Tarih): Keys '31.04.2020' sent to object: 'Object Repository/Olusturma/Genel/Kutular/SiparisBilgileri/SiparisTarihi'

2021-11-19 17:20:03 - [MESSAGE][INFO] - Finding Test Object 'Object Repository/Olusturma/Genel/Kutular/SiparisBilgileri/SiparisTarihi'

2021-11-19 17:20:03 - [MESSAGE][INFO] - Sending keys '31.04.2020' to object: 'Object Repository/Olusturma/Genel/Kutular/SiparisBilgileri/SiparisTarihi'

2021-11-19 17:20:03 - [MESSAGE][INFO] - Finding web element from Test Object's properties

2021-11-19 17:20:03 - [MESSAGE][INFO] - Checking timeout

2021-11-19 17:20:03 - [MESSAGE][INFO] - Finding web element with id: 'Object Repository/Olusturma/Genel/Kutular/SiparisBilgileri/SiparisTarihi' located by 'By.xpath: //*[@id = 'dateSiparisTarih_I']' in '30' second(s)

2021-11-19 17:20:03 - [MESSAGE][INFO] - Smart Wait Function is triggered

2021-11-19 17:20:03 - [MESSAGE][INFO] - Found 1 web elements with id: 'Object Repository/Olusturma/Genel/Kutular/SiparisBilgileri/SiparisTarihi' located by 'By.xpath: //*[@id = 'dateSiparisTarih_I']' in '30' second(s)

2021-11-19 17:20:03 - [MESSAGE][PASSED] - Keys '31.04.2020' sent to object: 'Object Repository/Olusturma/Genel/Kutular/SiparisBilgileri/SiparisTarihi'

2021-11-19 17:20:03 - [MESSAGE][PASSED] - Call Test Case 'Test Cases/Olusturma/Genel/Kutular/SiparisBilgileriGirilir' successfully

2021-11-19 17:20:03 - [MESSAGE][INFO] - Checking called Test Case

2021-11-19 17:20:03 - [MESSAGE][INFO] - Starting to call Test Case 'Test Cases/Olusturma/Genel/Kutular/IrsaliyeBilgileri'

2021-11-19 17:20:03 - [TEST_CASE][PASSED] - Test Cases/Olusturma/Genel/Kutular/IrsaliyeBilgileri: Test Cases/Olusturma/Genel/Kutular/IrsaliyeBilgileri

2021-11-19 17:20:03 - [TEST_STEP][PASSED] - Method.TextDegerineEsitElementeTikla(findTestObject("Olusturma/Genel/Kutular/KapaliKutular"), "İrsaliye Bilgileri"): Method.TextDegerineEsitElementeTikla is PASSED

2021-11-19 17:20:03 - [MESSAGE][INFO] - Finding Test Object 'Object Repository/Olusturma/Genel/Kutular/KapaliKutular'

2021-11-19 17:20:03 - [MESSAGE][INFO] - Checking timeout

2021-11-19 17:20:03 - [MESSAGE][INFO] - Finding web element with id: 'Object Repository/Olusturma/Genel/Kutular/KapaliKutular' located by 'By.cssSelector: .dxnb-headerCollapsed>span' in '10' second(s)

2021-11-19 17:20:03 - [MESSAGE][INFO] - Smart Wait Function is triggered

2021-11-19 17:20:04 - [MESSAGE][INFO] - Found 8 web elements with id: 'Object Repository/Olusturma/Genel/Kutular/KapaliKutular' located by 'By.cssSelector: .dxnb-headerCollapsed>span' in '10' second(s)

2021-11-19 17:20:04 - [MESSAGE][PASSED] - Method.TextDegerineEsitElementeTikla is PASSED

2021-11-19 17:20:04 - [TEST_STEP][PASSED] - waitForElementClickable(findTestObject("Olusturma/Genel/Kutular/IrsaliyeBilgileri/Ekle"), 10): Object 'Object Repository/Olusturma/Genel/Kutular/IrsaliyeBilgileri/Ekle' is clickable

2021-11-19 17:20:04 - [MESSAGE][INFO] - Finding Test Object 'Object Repository/Olusturma/Genel/Kutular/IrsaliyeBilgileri/Ekle'

2021-11-19 17:20:04 - [MESSAGE][INFO] - Checking object

2021-11-19 17:20:04 - [MESSAGE][INFO] - Checking timeout

2021-11-19 17:20:04 - [MESSAGE][INFO] - Finding web element from Test Object's properties

2021-11-19 17:20:04 - [MESSAGE][INFO] - Checking timeout

2021-11-19 17:20:04 - [MESSAGE][INFO] - Finding web element with id: 'Object Repository/Olusturma/Genel/Kutular/IrsaliyeBilgileri/Ekle' located by 'By.xpath: //*[@id = 'DXEditorgvUserInvoiceBillsNewRowBtn']' in '10' second(s)

2021-11-19 17:20:04 - [MESSAGE][INFO] - Smart Wait Function is triggered

2021-11-19 17:20:04 - [MESSAGE][INFO] - Found 1 web elements with id: 'Object Repository/Olusturma/Genel/Kutular/IrsaliyeBilgileri/Ekle' located by 'By.xpath: //*[@id = 'DXEditorgvUserInvoiceBillsNewRowBtn']' in '10' second(s)

2021-11-19 17:20:04 - [MESSAGE][PASSED] - Object 'Object Repository/Olusturma/Genel/Kutular/IrsaliyeBilgileri/Ekle' is clickable

2021-11-19 17:20:04 - [TEST_STEP][PASSED] - click(findTestObject("Olusturma/Genel/Kutular/IrsaliyeBilgileri/Ekle")): Object: 'Object Repository/Olusturma/Genel/Kutular/IrsaliyeBilgileri/Ekle' is clicked on

2021-11-19 17:20:04 - [MESSAGE][INFO] - Finding Test Object 'Object Repository/Olusturma/Genel/Kutular/IrsaliyeBilgileri/Ekle'

2021-11-19 17:20:04 - [MESSAGE][INFO] - Checking object

2021-11-19 17:20:04 - [MESSAGE][INFO] - Finding web element from Test Object's properties

2021-11-19 17:20:04 - [MESSAGE][INFO] - Checking timeout

2021-11-19 17:20:04 - [MESSAGE][INFO] - Finding web element with id: 'Object Repository/Olusturma/Genel/Kutular/IrsaliyeBilgileri/Ekle' located by 'By.xpath: //*[@id = 'DXEditorgvUserInvoiceBillsNewRowBtn']' in '30' second(s)

2021-11-19 17:20:04 - [MESSAGE][INFO] - Smart Wait Function is triggered

2021-11-19 17:20:05 - [MESSAGE][INFO] - Found 1 web elements with id: 'Object Repository/Olusturma/Genel/Kutular/IrsaliyeBilgileri/Ekle' located by 'By.xpath: //*[@id = 'DXEditorgvUserInvoiceBillsNewRowBtn']' in '30' second(s)

2021-11-19 17:20:05 - [MESSAGE][INFO] - Clicking on object: 'Object Repository/Olusturma/Genel/Kutular/IrsaliyeBilgileri/Ekle'

2021-11-19 17:20:05 - [MESSAGE][PASSED] - Object: 'Object Repository/Olusturma/Genel/Kutular/IrsaliyeBilgileri/Ekle' is clicked on

2021-11-19 17:20:05 - [TEST_STEP][PASSED] - waitForElementPresent(findTestObject("Object Repository/Olusturma/Genel/Kutular/IrsaliyeBilgileri/IrsaliyeNumarasi"), 10): Object 'Object Repository/Olusturma/Genel/Kutular/IrsaliyeBilgileri/IrsaliyeNumarasi' is present

2021-11-19 17:20:05 - [MESSAGE][INFO] - Finding Test Object 'Object Repository/Olusturma/Genel/Kutular/IrsaliyeBilgileri/IrsaliyeNumarasi'

2021-11-19 17:20:05 - [MESSAGE][INFO] - Checking object

2021-11-19 17:20:05 - [MESSAGE][INFO] - Finding web element from Test Object's properties

2021-11-19 17:20:05 - [MESSAGE][INFO] - Checking timeout

2021-11-19 17:20:05 - [MESSAGE][INFO] - Finding web element with id: 'Object Repository/Olusturma/Genel/Kutular/IrsaliyeBilgileri/IrsaliyeNumarasi' located by 'By.xpath: //*[@id = 'gvUserInvoiceBills_DXEditor1_I']' in '10' second(s)

2021-11-19 17:20:05 - [MESSAGE][INFO] - Smart Wait Function is triggered

2021-11-19 17:20:05 - [MESSAGE][INFO] - Smart Wait Function is triggered

2021-11-19 17:20:06 - [MESSAGE][INFO] - Found 1 web elements with id: 'Object Repository/Olusturma/Genel/Kutular/IrsaliyeBilgileri/IrsaliyeNumarasi' located by 'By.xpath: //*[@id = 'gvUserInvoiceBills_DXEditor1_I']' in '10' second(s)

2021-11-19 17:20:06 - [MESSAGE][PASSED] - Object 'Object Repository/Olusturma/Genel/Kutular/IrsaliyeBilgileri/IrsaliyeNumarasi' is present

2021-11-19 17:20:06 - [TEST_STEP][PASSED] - clearText(findTestObject("Object Repository/Olusturma/Genel/Kutular/IrsaliyeBilgileri/IrsaliyeNumarasi")): Text of object 'Object Repository/Olusturma/Genel/Kutular/IrsaliyeBilgileri/IrsaliyeNumarasi' is cleared

2021-11-19 17:20:06 - [MESSAGE][INFO] - Finding Test Object 'Object Repository/Olusturma/Genel/Kutular/IrsaliyeBilgileri/IrsaliyeNumarasi'

2021-11-19 17:20:06 - [MESSAGE][INFO] - Checking object

2021-11-19 17:20:06 - [MESSAGE][INFO] - Finding web element from Test Object's properties

2021-11-19 17:20:06 - [MESSAGE][INFO] - Checking timeout

2021-11-19 17:20:06 - [MESSAGE][INFO] - Finding web element with id: 'Object Repository/Olusturma/Genel/Kutular/IrsaliyeBilgileri/IrsaliyeNumarasi' located by 'By.xpath: //*[@id = 'gvUserInvoiceBills_DXEditor1_I']' in '30' second(s)

2021-11-19 17:20:06 - [MESSAGE][INFO] - Smart Wait Function is triggered

2021-11-19 17:20:06 - [MESSAGE][INFO] - Found 1 web elements with id: 'Object Repository/Olusturma/Genel/Kutular/IrsaliyeBilgileri/IrsaliyeNumarasi' located by 'By.xpath: //*[@id = 'gvUserInvoiceBills_DXEditor1_I']' in '30' second(s)

2021-11-19 17:20:06 - [MESSAGE][INFO] - Clearing text of object 'Object Repository/Olusturma/Genel/Kutular/IrsaliyeBilgileri/IrsaliyeNumarasi'

2021-11-19 17:20:06 - [MESSAGE][PASSED] - Text of object 'Object Repository/Olusturma/Genel/Kutular/IrsaliyeBilgileri/IrsaliyeNumarasi' is cleared

2021-11-19 17:20:06 - [TEST_STEP][PASSED] - sendKeys(findTestObject("Object Repository/Olusturma/Genel/Kutular/IrsaliyeBilgileri/IrsaliyeNumarasi"), Numara): Keys 'AAAAAAAAAA' sent to object: 'Object Repository/Olusturma/Genel/Kutular/IrsaliyeBilgileri/IrsaliyeNumarasi'

2021-11-19 17:20:06 - [MESSAGE][INFO] - Finding Test Object 'Object Repository/Olusturma/Genel/Kutular/IrsaliyeBilgileri/IrsaliyeNumarasi'

2021-11-19 17:20:07 - [MESSAGE][INFO] - Sending keys 'AAAAAAAAAA' to object: 'Object Repository/Olusturma/Genel/Kutular/IrsaliyeBilgileri/IrsaliyeNumarasi'

2021-11-19 17:20:07 - [MESSAGE][INFO] - Finding web element from Test Object's properties

2021-11-19 17:20:07 - [MESSAGE][INFO] - Checking timeout

2021-11-19 17:20:07 - [MESSAGE][INFO] - Finding web element with id: 'Object Repository/Olusturma/Genel/Kutular/IrsaliyeBilgileri/IrsaliyeNumarasi' located by 'By.xpath: //*[@id = 'gvUserInvoiceBills_DXEditor1_I']' in '30' second(s)

2021-11-19 17:20:07 - [MESSAGE][INFO] - Smart Wait Function is triggered

2021-11-19 17:20:07 - [MESSAGE][INFO] - Found 1 web elements with id: 'Object Repository/Olusturma/Genel/Kutular/IrsaliyeBilgileri/IrsaliyeNumarasi' located by 'By.xpath: //*[@id = 'gvUserInvoiceBills_DXEditor1_I']' in '30' second(s)

2021-11-19 17:20:07 - [MESSAGE][PASSED] - Keys 'AAAAAAAAAA' sent to object: 'Object Repository/Olusturma/Genel/Kutular/IrsaliyeBilgileri/IrsaliyeNumarasi'

2021-11-19 17:20:07 - [TEST_STEP][PASSED] - waitForElementClickable(findTestObject("Object Repository/Olusturma/Genel/Kutular/IrsaliyeBilgileri/IrsaliyeTarihi"), 10): Object 'Object Repository/Olusturma/Genel/Kutular/IrsaliyeBilgileri/IrsaliyeTarihi' is clickable

2021-11-19 17:20:07 - [MESSAGE][INFO] - Finding Test Object 'Object Repository/Olusturma/Genel/Kutular/IrsaliyeBilgileri/IrsaliyeTarihi'

2021-11-19 17:20:07 - [MESSAGE][INFO] - Checking object

2021-11-19 17:20:07 - [MESSAGE][INFO] - Checking timeout

2021-11-19 17:20:07 - [MESSAGE][INFO] - Finding web element from Test Object's properties

2021-11-19 17:20:07 - [MESSAGE][INFO] - Checking timeout

2021-11-19 17:20:07 - [MESSAGE][INFO] - Finding web element with id: 'Object Repository/Olusturma/Genel/Kutular/IrsaliyeBilgileri/IrsaliyeTarihi' located by 'By.xpath: //*[@id = 'gvUserInvoiceBills_DXEditor2_I']' in '10' second(s)

2021-11-19 17:20:07 - [MESSAGE][INFO] - Smart Wait Function is triggered

2021-11-19 17:20:07 - [MESSAGE][INFO] - Found 1 web elements with id: 'Object Repository/Olusturma/Genel/Kutular/IrsaliyeBilgileri/IrsaliyeTarihi' located by 'By.xpath: //*[@id = 'gvUserInvoiceBills_DXEditor2_I']' in '10' second(s)

2021-11-19 17:20:07 - [MESSAGE][PASSED] - Object 'Object Repository/Olusturma/Genel/Kutular/IrsaliyeBilgileri/IrsaliyeTarihi' is clickable

2021-11-19 17:20:07 - [TEST_STEP][PASSED] - click(findTestObject("Object Repository/Olusturma/Genel/Kutular/IrsaliyeBilgileri/IrsaliyeTarihi")): Object: 'Object Repository/Olusturma/Genel/Kutular/IrsaliyeBilgileri/IrsaliyeTarihi' is clicked on

2021-11-19 17:20:07 - [MESSAGE][INFO] - Finding Test Object 'Object Repository/Olusturma/Genel/Kutular/IrsaliyeBilgileri/IrsaliyeTarihi'

2021-11-19 17:20:08 - [MESSAGE][INFO] - Checking object

2021-11-19 17:20:08 - [MESSAGE][INFO] - Finding web element from Test Object's properties

2021-11-19 17:20:08 - [MESSAGE][INFO] - Checking timeout

2021-11-19 17:20:08 - [MESSAGE][INFO] - Finding web element with id: 'Object Repository/Olusturma/Genel/Kutular/IrsaliyeBilgileri/IrsaliyeTarihi' located by 'By.xpath: //*[@id = 'gvUserInvoiceBills_DXEditor2_I']' in '30' second(s)

2021-11-19 17:20:08 - [MESSAGE][INFO] - Smart Wait Function is triggered

2021-11-19 17:20:08 - [MESSAGE][INFO] - Found 1 web elements with id: 'Object Repository/Olusturma/Genel/Kutular/IrsaliyeBilgileri/IrsaliyeTarihi' located by 'By.xpath: //*[@id = 'gvUserInvoiceBills_DXEditor2_I']' in '30' second(s)

2021-11-19 17:20:08 - [MESSAGE][INFO] - Clicking on object: 'Object Repository/Olusturma/Genel/Kutular/IrsaliyeBilgileri/IrsaliyeTarihi'

2021-11-19 17:20:08 - [MESSAGE][PASSED] - Object: 'Object Repository/Olusturma/Genel/Kutular/IrsaliyeBilgileri/IrsaliyeTarihi' is clicked on

2021-11-19 17:20:08 - [TEST_STEP][PASSED] - sendKeys(findTestObject("Object Repository/Olusturma/Genel/Kutular/IrsaliyeBilgileri/IrsaliyeTarihi"), Tarih): Keys '31.04.2020' sent to object: 'Object Repository/Olusturma/Genel/Kutular/IrsaliyeBilgileri/IrsaliyeTarihi'

2021-11-19 17:20:08 - [MESSAGE][INFO] - Finding Test Object 'Object Repository/Olusturma/Genel/Kutular/IrsaliyeBilgileri/IrsaliyeTarihi'

2021-11-19 17:20:08 - [MESSAGE][INFO] - Sending keys '31.04.2020' to object: 'Object Repository/Olusturma/Genel/Kutular/IrsaliyeBilgileri/IrsaliyeTarihi'

2021-11-19 17:20:08 - [MESSAGE][INFO] - Finding web element from Test Object's properties

2021-11-19 17:20:08 - [MESSAGE][INFO] - Checking timeout

2021-11-19 17:20:08 - [MESSAGE][INFO] - Finding web element with id: 'Object Repository/Olusturma/Genel/Kutular/IrsaliyeBilgileri/IrsaliyeTarihi' located by 'By.xpath: //*[@id = 'gvUserInvoiceBills_DXEditor2_I']' in '30' second(s)

2021-11-19 17:20:08 - [MESSAGE][INFO] - Smart Wait Function is triggered

2021-11-19 17:20:08 - [MESSAGE][INFO] - Found 1 web elements with id: 'Object Repository/Olusturma/Genel/Kutular/IrsaliyeBilgileri/IrsaliyeTarihi' located by 'By.xpath: //*[@id = 'gvUserInvoiceBills_DXEditor2_I']' in '30' second(s)

2021-11-19 17:20:09 - [MESSAGE][PASSED] - Keys '31.04.2020' sent to object: 'Object Repository/Olusturma/Genel/Kutular/IrsaliyeBilgileri/IrsaliyeTarihi'

2021-11-19 17:20:09 - [MESSAGE][PASSED] - Call Test Case 'Test Cases/Olusturma/Genel/Kutular/IrsaliyeBilgileri' successfully

2021-11-19 17:20:09 - [MESSAGE][INFO] - Checking called Test Case

2021-11-19 17:20:09 - [MESSAGE][INFO] - Starting to call Test Case 'Test Cases/Olusturma/Genel/EkleButonunaBasilir'

2021-11-19 17:20:09 - [TEST_CASE][PASSED] - Test Cases/Olusturma/Genel/EkleButonunaBasilir: Test Cases/Olusturma/Genel/EkleButonunaBasilir

2021-11-19 17:20:09 - [TEST_STEP][PASSED] - waitForElementClickable(findTestObject("Object Repository/Olusturma/Genel/Olusturma/Ekle"), 10): Object 'Object Repository/Olusturma/Genel/Olusturma/Ekle' is clickable

2021-11-19 17:20:09 - [MESSAGE][INFO] - Finding Test Object 'Object Repository/Olusturma/Genel/Olusturma/Ekle'

2021-11-19 17:20:09 - [MESSAGE][INFO] - Checking object

2021-11-19 17:20:09 - [MESSAGE][INFO] - Checking timeout

2021-11-19 17:20:09 - [MESSAGE][INFO] - Finding web element from Test Object's properties

2021-11-19 17:20:09 - [MESSAGE][INFO] - Checking timeout

2021-11-19 17:20:09 - [MESSAGE][INFO] - Finding web element with id: 'Object Repository/Olusturma/Genel/Olusturma/Ekle' located by 'By.cssSelector: #divmalhizmet i.fa.fa-plus.fa-lg.text-muted' in '10' second(s)

2021-11-19 17:20:09 - [MESSAGE][INFO] - Smart Wait Function is triggered

2021-11-19 17:20:09 - [MESSAGE][INFO] - Found 1 web elements with id: 'Object Repository/Olusturma/Genel/Olusturma/Ekle' located by 'By.cssSelector: #divmalhizmet i.fa.fa-plus.fa-lg.text-muted' in '10' second(s)

2021-11-19 17:20:09 - [MESSAGE][PASSED] - Object 'Object Repository/Olusturma/Genel/Olusturma/Ekle' is clickable

2021-11-19 17:20:09 - [TEST_STEP][PASSED] - click(findTestObject("Object Repository/Olusturma/Genel/Olusturma/Ekle")): Object: 'Object Repository/Olusturma/Genel/Olusturma/Ekle' is clicked on

2021-11-19 17:20:09 - [MESSAGE][INFO] - Finding Test Object 'Object Repository/Olusturma/Genel/Olusturma/Ekle'

2021-11-19 17:20:09 - [MESSAGE][INFO] - Checking object

2021-11-19 17:20:09 - [MESSAGE][INFO] - Finding web element from Test Object's properties

2021-11-19 17:20:09 - [MESSAGE][INFO] - Checking timeout

2021-11-19 17:20:09 - [MESSAGE][INFO] - Finding web element with id: 'Object Repository/Olusturma/Genel/Olusturma/Ekle' located by 'By.cssSelector: #divmalhizmet i.fa.fa-plus.fa-lg.text-muted' in '30' second(s)

2021-11-19 17:20:09 - [MESSAGE][INFO] - Smart Wait Function is triggered

2021-11-19 17:20:09 - [MESSAGE][INFO] - Found 1 web elements with id: 'Object Repository/Olusturma/Genel/Olusturma/Ekle' located by 'By.cssSelector: #divmalhizmet i.fa.fa-plus.fa-lg.text-muted' in '30' second(s)

2021-11-19 17:20:09 - [MESSAGE][INFO] - Clicking on object: 'Object Repository/Olusturma/Genel/Olusturma/Ekle'

2021-11-19 17:20:10 - [MESSAGE][PASSED] - Object: 'Object Repository/Olusturma/Genel/Olusturma/Ekle' is clicked on

2021-11-19 17:20:10 - [TEST_STEP][PASSED] - waitForElementClickable(findTestObject("Olusturma/Genel/Olusturma/EklenenSatirCarpiImage"), 10): Object 'Object Repository/Olusturma/Genel/Olusturma/EklenenSatirCarpiImage' is clickable

2021-11-19 17:20:10 - [MESSAGE][INFO] - Finding Test Object 'Object Repository/Olusturma/Genel/Olusturma/EklenenSatirCarpiImage'

2021-11-19 17:20:10 - [MESSAGE][INFO] - Checking object

2021-11-19 17:20:10 - [MESSAGE][INFO] - Checking timeout

2021-11-19 17:20:10 - [MESSAGE][INFO] - Finding web element from Test Object's properties

2021-11-19 17:20:10 - [MESSAGE][INFO] - Checking timeout

2021-11-19 17:20:10 - [MESSAGE][INFO] - Finding web element with id: 'Object Repository/Olusturma/Genel/Olusturma/EklenenSatirCarpiImage' located by 'By.cssSelector: .fa.fa-times.fa-lg.text-primary' in '10' second(s)

2021-11-19 17:20:10 - [MESSAGE][INFO] - Smart Wait Function is triggered

2021-11-19 17:20:10 - [MESSAGE][INFO] - Found 1 web elements with id: 'Object Repository/Olusturma/Genel/Olusturma/EklenenSatirCarpiImage' located by 'By.cssSelector: .fa.fa-times.fa-lg.text-primary' in '10' second(s)

2021-11-19 17:20:10 - [MESSAGE][PASSED] - Object 'Object Repository/Olusturma/Genel/Olusturma/EklenenSatirCarpiImage' is clickable

2021-11-19 17:20:10 - [MESSAGE][PASSED] - Call Test Case 'Test Cases/Olusturma/Genel/EkleButonunaBasilir' successfully

2021-11-19 17:20:10 - [MESSAGE][INFO] - Checking called Test Case

2021-11-19 17:20:10 - [MESSAGE][INFO] - Starting to call Test Case 'Test Cases/Olusturma/Genel/Olusturma'

2021-11-19 17:20:10 - [TEST_CASE][PASSED] - Test Cases/Olusturma/Genel/Olusturma: Test Cases/Olusturma/Genel/Olusturma

2021-11-19 17:20:10 - [TEST_STEP][PASSED] - driver = getWebDriver(): null

2021-11-19 17:20:10 - [TEST_STEP][PASSED] - action = new org.openqa.selenium.interactions.Actions(driver): null

2021-11-19 17:20:10 - [TEST_STEP][PASSED] - baslikElement = <not implemented yet for class: org.codehaus.groovy.ast.expr.EmptyExpression>: null

2021-11-19 17:20:10 - [TEST_STEP][PASSED] - sonElement = <not implemented yet for class: org.codehaus.groovy.ast.expr.EmptyExpression>: null

2021-11-19 17:20:10 - [TEST_STEP][PASSED] - attr = <not implemented yet for class: org.codehaus.groovy.ast.expr.EmptyExpression>: null

2021-11-19 17:20:10 - [TEST_STEP][PASSED] - a = 0: null

2021-11-19 17:20:10 - [TEST_STEP][PASSED] - elements = findWebElements(findTestObject("Object Repository/Olusturma/Genel/Olusturma/TabloBasliklari"), 10): Found 17 web elements with id: 'Object Repository/Olusturma/Genel/Olusturma/TabloBasliklari' located by 'By.cssSelector: div#divmalhizmet .dxgvTable_LECustomTheme td.dxgvHeader_LECustomTheme tr>td:nth-child(1)' in '10' second(s)

2021-11-19 17:20:10 - [MESSAGE][INFO] - Finding Test Object 'Object Repository/Olusturma/Genel/Olusturma/TabloBasliklari'

2021-11-19 17:20:10 - [MESSAGE][INFO] - Checking timeout

2021-11-19 17:20:10 - [MESSAGE][INFO] - Finding web element with id: 'Object Repository/Olusturma/Genel/Olusturma/TabloBasliklari' located by 'By.cssSelector: div#divmalhizmet .dxgvTable_LECustomTheme td.dxgvHeader_LECustomTheme tr>td:nth-child(1)' in '10' second(s)

2021-11-19 17:20:10 - [MESSAGE][INFO] - Smart Wait Function is triggered

2021-11-19 17:20:11 - [MESSAGE][INFO] - Found 17 web elements with id: 'Object Repository/Olusturma/Genel/Olusturma/TabloBasliklari' located by 'By.cssSelector: div#divmalhizmet .dxgvTable_LECustomTheme td.dxgvHeader_LECustomTheme tr>td:nth-child(1)' in '10' second(s)

2021-11-19 17:20:11 - [TEST_STEP][PASSED] - for (def element : elements): null

2021-11-19 17:20:11 - [TEST_STEP][PASSED] - build().perform(): null

2021-11-19 17:20:11 - [TEST_STEP][PASSED] - if (getText().equals(Baslik)): null

2021-11-19 17:20:11 - [TEST_STEP][PASSED] - baslikElement = element.findElement(By.xpath("../../../..")): Smart Wait Function is triggered

2021-11-19 17:20:11 - [MESSAGE][INFO] - Smart Wait Function is triggered

2021-11-19 17:20:12 - [TEST_STEP][PASSED] - attr = baslikElement.getAttribute("id"): null

2021-11-19 17:20:12 - [TEST_STEP][PASSED] - println("girdi ve idsini aldı = " + attr): null

2021-11-19 17:20:12 - [TEST_STEP][PASSED] - break: null

2021-11-19 17:20:12 - [TEST_STEP][PASSED] - countElement = baslikElement.findElements(By.xpath("../td")): Smart Wait Function is triggered

2021-11-19 17:20:12 - [MESSAGE][INFO] - Smart Wait Function is triggered

2021-11-19 17:20:12 - [TEST_STEP][PASSED] - for (def element : countElement): null

2021-11-19 17:20:12 - [TEST_STEP][PASSED] - if (toString().equals(attr.toString())): null

2021-11-19 17:20:12 - [TEST_STEP][PASSED] - (a++): null

2021-11-19 17:20:12 - [TEST_STEP][PASSED] - if (toString().equals(attr.toString())): null

2021-11-19 17:20:12 - [TEST_STEP][PASSED] - break: null

2021-11-19 17:20:12 - [TEST_STEP][PASSED] - son = findWebElement(findTestObject("Object Repository/Olusturma/Genel/Olusturma/EklenenSatir")).findElement(By.xpath("td[@class='dxgvInlineEditCell_LECustomTheme dxgv'][" + a + "]//td[@class='dxic']/input")): Smart Wait Function is triggered

2021-11-19 17:20:12 - [MESSAGE][INFO] - Finding Test Object 'Object Repository/Olusturma/Genel/Olusturma/EklenenSatir'

2021-11-19 17:20:12 - [MESSAGE][INFO] - Finding web element from Test Object's properties

2021-11-19 17:20:12 - [MESSAGE][INFO] - Checking timeout

2021-11-19 17:20:12 - [MESSAGE][INFO] - Finding web element with id: 'Object Repository/Olusturma/Genel/Olusturma/EklenenSatir' located by 'By.cssSelector: #divmalhizmet .dxgvInlineEditRow_LECustomTheme' in '30' second(s)

2021-11-19 17:20:12 - [MESSAGE][INFO] - Smart Wait Function is triggered

2021-11-19 17:20:12 - [MESSAGE][INFO] - Found 1 web elements with id: 'Object Repository/Olusturma/Genel/Olusturma/EklenenSatir' located by 'By.cssSelector: #divmalhizmet .dxgvInlineEditRow_LECustomTheme' in '30' second(s)

2021-11-19 17:20:12 - [MESSAGE][INFO] - Smart Wait Function is triggered

2021-11-19 17:20:13 - [TEST_STEP][PASSED] - if (!(getAttribute("value").contains("Vkn"))): null

2021-11-19 17:20:13 - [TEST_STEP][PASSED] - son.clear(): null

2021-11-19 17:20:13 - [TEST_STEP][PASSED] - son.sendKeys(Deger): null

2021-11-19 17:20:13 - [MESSAGE][PASSED] - Call Test Case 'Test Cases/Olusturma/Genel/Olusturma' successfully

2021-11-19 17:20:13 - [MESSAGE][INFO] - Checking called Test Case

2021-11-19 17:20:13 - [MESSAGE][INFO] - Starting to call Test Case 'Test Cases/Olusturma/Genel/Olusturma'

2021-11-19 17:20:13 - [TEST_CASE][PASSED] - Test Cases/Olusturma/Genel/Olusturma: Test Cases/Olusturma/Genel/Olusturma

2021-11-19 17:20:13 - [TEST_STEP][PASSED] - driver = getWebDriver(): null

2021-11-19 17:20:13 - [TEST_STEP][PASSED] - action = new org.openqa.selenium.interactions.Actions(driver): null

2021-11-19 17:20:13 - [TEST_STEP][PASSED] - baslikElement = <not implemented yet for class: org.codehaus.groovy.ast.expr.EmptyExpression>: null

2021-11-19 17:20:13 - [TEST_STEP][PASSED] - sonElement = <not implemented yet for class: org.codehaus.groovy.ast.expr.EmptyExpression>: null

2021-11-19 17:20:13 - [TEST_STEP][PASSED] - attr = <not implemented yet for class: org.codehaus.groovy.ast.expr.EmptyExpression>: null

2021-11-19 17:20:13 - [TEST_STEP][PASSED] - a = 0: null

2021-11-19 17:20:13 - [TEST_STEP][PASSED] - elements = findWebElements(findTestObject("Object Repository/Olusturma/Genel/Olusturma/TabloBasliklari"), 10): Found 17 web elements with id: 'Object Repository/Olusturma/Genel/Olusturma/TabloBasliklari' located by 'By.cssSelector: div#divmalhizmet .dxgvTable_LECustomTheme td.dxgvHeader_LECustomTheme tr>td:nth-child(1)' in '10' second(s)

2021-11-19 17:20:13 - [MESSAGE][INFO] - Finding Test Object 'Object Repository/Olusturma/Genel/Olusturma/TabloBasliklari'

2021-11-19 17:20:13 - [MESSAGE][INFO] - Checking timeout

2021-11-19 17:20:13 - [MESSAGE][INFO] - Finding web element with id: 'Object Repository/Olusturma/Genel/Olusturma/TabloBasliklari' located by 'By.cssSelector: div#divmalhizmet .dxgvTable_LECustomTheme td.dxgvHeader_LECustomTheme tr>td:nth-child(1)' in '10' second(s)

2021-11-19 17:20:13 - [MESSAGE][INFO] - Smart Wait Function is triggered

2021-11-19 17:20:13 - [MESSAGE][INFO] - Found 17 web elements with id: 'Object Repository/Olusturma/Genel/Olusturma/TabloBasliklari' located by 'By.cssSelector: div#divmalhizmet .dxgvTable_LECustomTheme td.dxgvHeader_LECustomTheme tr>td:nth-child(1)' in '10' second(s)

2021-11-19 17:20:13 - [TEST_STEP][PASSED] - for (def element : elements): null

2021-11-19 17:20:13 - [TEST_STEP][PASSED] - build().perform(): null

2021-11-19 17:20:14 - [TEST_STEP][PASSED] - if (getText().equals(Baslik)): null

2021-11-19 17:20:14 - [TEST_STEP][PASSED] - build().perform(): null

2021-11-19 17:20:14 - [TEST_STEP][PASSED] - if (getText().equals(Baslik)): null

2021-11-19 17:20:14 - [TEST_STEP][PASSED] - baslikElement = element.findElement(By.xpath("../../../..")): Smart Wait Function is triggered

2021-11-19 17:20:14 - [MESSAGE][INFO] - Smart Wait Function is triggered

2021-11-19 17:20:14 - [TEST_STEP][PASSED] - attr = baslikElement.getAttribute("id"): null

2021-11-19 17:20:14 - [TEST_STEP][PASSED] - println("girdi ve idsini aldı = " + attr): null

2021-11-19 17:20:14 - [TEST_STEP][PASSED] - break: null

2021-11-19 17:20:14 - [TEST_STEP][PASSED] - countElement = baslikElement.findElements(By.xpath("../td")): Smart Wait Function is triggered

2021-11-19 17:20:14 - [MESSAGE][INFO] - Smart Wait Function is triggered

2021-11-19 17:20:15 - [TEST_STEP][PASSED] - for (def element : countElement): null

2021-11-19 17:20:15 - [TEST_STEP][PASSED] - if (toString().equals(attr.toString())): null

2021-11-19 17:20:15 - [TEST_STEP][PASSED] - (a++): null

2021-11-19 17:20:15 - [TEST_STEP][PASSED] - if (toString().equals(attr.toString())): null

2021-11-19 17:20:15 - [TEST_STEP][PASSED] - (a++): null

2021-11-19 17:20:15 - [TEST_STEP][PASSED] - if (toString().equals(attr.toString())): null

2021-11-19 17:20:15 - [TEST_STEP][PASSED] - break: null

2021-11-19 17:20:15 - [TEST_STEP][PASSED] - son = findWebElement(findTestObject("Object Repository/Olusturma/Genel/Olusturma/EklenenSatir")).findElement(By.xpath("td[@class='dxgvInlineEditCell_LECustomTheme dxgv'][" + a + "]//td[@class='dxic']/input")): Smart Wait Function is triggered

2021-11-19 17:20:15 - [MESSAGE][INFO] - Finding Test Object 'Object Repository/Olusturma/Genel/Olusturma/EklenenSatir'

2021-11-19 17:20:15 - [MESSAGE][INFO] - Finding web element from Test Object's properties

2021-11-19 17:20:15 - [MESSAGE][INFO] - Checking timeout

2021-11-19 17:20:15 - [MESSAGE][INFO] - Finding web element with id: 'Object Repository/Olusturma/Genel/Olusturma/EklenenSatir' located by 'By.cssSelector: #divmalhizmet .dxgvInlineEditRow_LECustomTheme' in '30' second(s)

2021-11-19 17:20:15 - [MESSAGE][INFO] - Smart Wait Function is triggered

2021-11-19 17:20:15 - [MESSAGE][INFO] - Found 1 web elements with id: 'Object Repository/Olusturma/Genel/Olusturma/EklenenSatir' located by 'By.cssSelector: #divmalhizmet .dxgvInlineEditRow_LECustomTheme' in '30' second(s)

2021-11-19 17:20:15 - [MESSAGE][INFO] - Smart Wait Function is triggered

2021-11-19 17:20:15 - [TEST_STEP][PASSED] - if (!(getAttribute("value").contains("Vkn"))): null

2021-11-19 17:20:15 - [TEST_STEP][PASSED] - son.clear(): null

2021-11-19 17:20:15 - [TEST_STEP][PASSED] - son.sendKeys(Deger): null

2021-11-19 17:20:16 - [MESSAGE][PASSED] - Call Test Case 'Test Cases/Olusturma/Genel/Olusturma' successfully

2021-11-19 17:20:16 - [MESSAGE][INFO] - Checking called Test Case

2021-11-19 17:20:16 - [MESSAGE][INFO] - Starting to call Test Case 'Test Cases/Olusturma/Genel/Olusturma'

2021-11-19 17:20:16 - [TEST_CASE][PASSED] - Test Cases/Olusturma/Genel/Olusturma: Test Cases/Olusturma/Genel/Olusturma

2021-11-19 17:20:16 - [TEST_STEP][PASSED] - driver = getWebDriver(): null

2021-11-19 17:20:16 - [TEST_STEP][PASSED] - action = new org.openqa.selenium.interactions.Actions(driver): null

2021-11-19 17:20:16 - [TEST_STEP][PASSED] - baslikElement = <not implemented yet for class: org.codehaus.groovy.ast.expr.EmptyExpression>: null

2021-11-19 17:20:16 - [TEST_STEP][PASSED] - sonElement = <not implemented yet for class: org.codehaus.groovy.ast.expr.EmptyExpression>: null

2021-11-19 17:20:16 - [TEST_STEP][PASSED] - attr = <not implemented yet for class: org.codehaus.groovy.ast.expr.EmptyExpression>: null

2021-11-19 17:20:16 - [TEST_STEP][PASSED] - a = 0: null

2021-11-19 17:20:16 - [TEST_STEP][PASSED] - elements = findWebElements(findTestObject("Object Repository/Olusturma/Genel/Olusturma/TabloBasliklari"), 10): Found 17 web elements with id: 'Object Repository/Olusturma/Genel/Olusturma/TabloBasliklari' located by 'By.cssSelector: div#divmalhizmet .dxgvTable_LECustomTheme td.dxgvHeader_LECustomTheme tr>td:nth-child(1)' in '10' second(s)

2021-11-19 17:20:16 - [MESSAGE][INFO] - Finding Test Object 'Object Repository/Olusturma/Genel/Olusturma/TabloBasliklari'

2021-11-19 17:20:16 - [MESSAGE][INFO] - Checking timeout

2021-11-19 17:20:16 - [MESSAGE][INFO] - Finding web element with id: 'Object Repository/Olusturma/Genel/Olusturma/TabloBasliklari' located by 'By.cssSelector: div#divmalhizmet .dxgvTable_LECustomTheme td.dxgvHeader_LECustomTheme tr>td:nth-child(1)' in '10' second(s)

2021-11-19 17:20:16 - [MESSAGE][INFO] - Smart Wait Function is triggered

2021-11-19 17:20:16 - [MESSAGE][INFO] - Found 17 web elements with id: 'Object Repository/Olusturma/Genel/Olusturma/TabloBasliklari' located by 'By.cssSelector: div#divmalhizmet .dxgvTable_LECustomTheme td.dxgvHeader_LECustomTheme tr>td:nth-child(1)' in '10' second(s)

2021-11-19 17:20:16 - [TEST_STEP][PASSED] - for (def element : elements): null

2021-11-19 17:20:16 - [TEST_STEP][PASSED] - build().perform(): null

2021-11-19 17:20:16 - [TEST_STEP][PASSED] - if (getText().equals(Baslik)): null

2021-11-19 17:20:16 - [TEST_STEP][PASSED] - build().perform(): null

2021-11-19 17:20:16 - [TEST_STEP][PASSED] - if (getText().equals(Baslik)): null

2021-11-19 17:20:16 - [TEST_STEP][PASSED] - build().perform(): null

2021-11-19 17:20:17 - [TEST_STEP][PASSED] - if (getText().equals(Baslik)): null

2021-11-19 17:20:17 - [TEST_STEP][PASSED] - build().perform(): null

2021-11-19 17:20:17 - [TEST_STEP][PASSED] - if (getText().equals(Baslik)): null

2021-11-19 17:20:17 - [TEST_STEP][PASSED] - baslikElement = element.findElement(By.xpath("../../../..")): Smart Wait Function is triggered

2021-11-19 17:20:17 - [MESSAGE][INFO] - Smart Wait Function is triggered

2021-11-19 17:20:17 - [TEST_STEP][PASSED] - attr = baslikElement.getAttribute("id"): null

2021-11-19 17:20:17 - [TEST_STEP][PASSED] - println("girdi ve idsini aldı = " + attr): null

2021-11-19 17:20:17 - [TEST_STEP][PASSED] - break: null

2021-11-19 17:20:17 - [TEST_STEP][PASSED] - countElement = baslikElement.findElements(By.xpath("../td")): Smart Wait Function is triggered

2021-11-19 17:20:17 - [MESSAGE][INFO] - Smart Wait Function is triggered

2021-11-19 17:20:17 - [TEST_STEP][PASSED] - for (def element : countElement): null

2021-11-19 17:20:17 - [TEST_STEP][PASSED] - if (toString().equals(attr.toString())): null

2021-11-19 17:20:17 - [TEST_STEP][PASSED] - (a++): null

2021-11-19 17:20:17 - [TEST_STEP][PASSED] - if (toString().equals(attr.toString())): null

2021-11-19 17:20:17 - [TEST_STEP][PASSED] - (a++): null

2021-11-19 17:20:17 - [TEST_STEP][PASSED] - if (toString().equals(attr.toString())): null

2021-11-19 17:20:17 - [TEST_STEP][PASSED] - (a++): null

2021-11-19 17:20:17 - [TEST_STEP][PASSED] - if (toString().equals(attr.toString())): null

2021-11-19 17:20:17 - [TEST_STEP][PASSED] - (a++): null

2021-11-19 17:20:17 - [TEST_STEP][PASSED] - if (toString().equals(attr.toString())): null

2021-11-19 17:20:17 - [TEST_STEP][PASSED] - break: null

2021-11-19 17:20:17 - [TEST_STEP][PASSED] - son = findWebElement(findTestObject("Object Repository/Olusturma/Genel/Olusturma/EklenenSatir")).findElement(By.xpath("td[@class='dxgvInlineEditCell_LECustomTheme dxgv'][" + a + "]//td[@class='dxic']/input")): Smart Wait Function is triggered

2021-11-19 17:20:17 - [MESSAGE][INFO] - Finding Test Object 'Object Repository/Olusturma/Genel/Olusturma/EklenenSatir'

2021-11-19 17:20:18 - [MESSAGE][INFO] - Finding web element from Test Object's properties

2021-11-19 17:20:18 - [MESSAGE][INFO] - Checking timeout

2021-11-19 17:20:18 - [MESSAGE][INFO] - Finding web element with id: 'Object Repository/Olusturma/Genel/Olusturma/EklenenSatir' located by 'By.cssSelector: #divmalhizmet .dxgvInlineEditRow_LECustomTheme' in '30' second(s)

2021-11-19 17:20:18 - [MESSAGE][INFO] - Smart Wait Function is triggered

2021-11-19 17:20:18 - [MESSAGE][INFO] - Found 1 web elements with id: 'Object Repository/Olusturma/Genel/Olusturma/EklenenSatir' located by 'By.cssSelector: #divmalhizmet .dxgvInlineEditRow_LECustomTheme' in '30' second(s)

2021-11-19 17:20:18 - [MESSAGE][INFO] - Smart Wait Function is triggered

2021-11-19 17:20:18 - [TEST_STEP][PASSED] - if (!(getAttribute("value").contains("Vkn"))): null

2021-11-19 17:20:18 - [TEST_STEP][PASSED] - son.clear(): null

2021-11-19 17:20:18 - [TEST_STEP][PASSED] - son.sendKeys(Deger): null

2021-11-19 17:20:18 - [MESSAGE][PASSED] - Call Test Case 'Test Cases/Olusturma/Genel/Olusturma' successfully

2021-11-19 17:20:18 - [MESSAGE][INFO] - Checking called Test Case

2021-11-19 17:20:18 - [MESSAGE][INFO] - Starting to call Test Case 'Test Cases/Olusturma/Genel/Olusturma'

2021-11-19 17:20:18 - [TEST_CASE][PASSED] - Test Cases/Olusturma/Genel/Olusturma: Test Cases/Olusturma/Genel/Olusturma

2021-11-19 17:20:18 - [TEST_STEP][PASSED] - driver = getWebDriver(): null

2021-11-19 17:20:18 - [TEST_STEP][PASSED] - action = new org.openqa.selenium.interactions.Actions(driver): null

2021-11-19 17:20:18 - [TEST_STEP][PASSED] - baslikElement = <not implemented yet for class: org.codehaus.groovy.ast.expr.EmptyExpression>: null

2021-11-19 17:20:18 - [TEST_STEP][PASSED] - sonElement = <not implemented yet for class: org.codehaus.groovy.ast.expr.EmptyExpression>: null

2021-11-19 17:20:18 - [TEST_STEP][PASSED] - attr = <not implemented yet for class: org.codehaus.groovy.ast.expr.EmptyExpression>: null

2021-11-19 17:20:18 - [TEST_STEP][PASSED] - a = 0: null

2021-11-19 17:20:18 - [TEST_STEP][PASSED] - elements = findWebElements(findTestObject("Object Repository/Olusturma/Genel/Olusturma/TabloBasliklari"), 10): Found 17 web elements with id: 'Object Repository/Olusturma/Genel/Olusturma/TabloBasliklari' located by 'By.cssSelector: div#divmalhizmet .dxgvTable_LECustomTheme td.dxgvHeader_LECustomTheme tr>td:nth-child(1)' in '10' second(s)

2021-11-19 17:20:18 - [MESSAGE][INFO] - Finding Test Object 'Object Repository/Olusturma/Genel/Olusturma/TabloBasliklari'

2021-11-19 17:20:19 - [MESSAGE][INFO] - Checking timeout

2021-11-19 17:20:19 - [MESSAGE][INFO] - Finding web element with id: 'Object Repository/Olusturma/Genel/Olusturma/TabloBasliklari' located by 'By.cssSelector: div#divmalhizmet .dxgvTable_LECustomTheme td.dxgvHeader_LECustomTheme tr>td:nth-child(1)' in '10' second(s)

2021-11-19 17:20:19 - [MESSAGE][INFO] - Smart Wait Function is triggered

2021-11-19 17:20:19 - [MESSAGE][INFO] - Found 17 web elements with id: 'Object Repository/Olusturma/Genel/Olusturma/TabloBasliklari' located by 'By.cssSelector: div#divmalhizmet .dxgvTable_LECustomTheme td.dxgvHeader_LECustomTheme tr>td:nth-child(1)' in '10' second(s)

2021-11-19 17:20:19 - [TEST_STEP][PASSED] - for (def element : elements): null

2021-11-19 17:20:19 - [TEST_STEP][PASSED] - build().perform(): null

2021-11-19 17:20:19 - [TEST_STEP][PASSED] - if (getText().equals(Baslik)): null

2021-11-19 17:20:19 - [TEST_STEP][PASSED] - build().perform(): null

2021-11-19 17:20:19 - [TEST_STEP][PASSED] - if (getText().equals(Baslik)): null

2021-11-19 17:20:19 - [TEST_STEP][PASSED] - build().perform(): null

2021-11-19 17:20:19 - [TEST_STEP][PASSED] - if (getText().equals(Baslik)): null

2021-11-19 17:20:19 - [TEST_STEP][PASSED] - build().perform(): null

2021-11-19 17:20:19 - [TEST_STEP][PASSED] - if (getText().equals(Baslik)): null

2021-11-19 17:20:19 - [TEST_STEP][PASSED] - build().perform(): null

2021-11-19 17:20:19 - [TEST_STEP][PASSED] - if (getText().equals(Baslik)): null

2021-11-19 17:20:19 - [TEST_STEP][PASSED] - build().perform(): null

2021-11-19 17:20:20 - [TEST_STEP][PASSED] - if (getText().equals(Baslik)): null

2021-11-19 17:20:20 - [TEST_STEP][PASSED] - baslikElement = element.findElement(By.xpath("../../../..")): Smart Wait Function is triggered

2021-11-19 17:20:20 - [MESSAGE][INFO] - Smart Wait Function is triggered

2021-11-19 17:20:20 - [TEST_STEP][PASSED] - attr = baslikElement.getAttribute("id"): null

2021-11-19 17:20:20 - [TEST_STEP][PASSED] - println("girdi ve idsini aldı = " + attr): null

2021-11-19 17:20:20 - [TEST_STEP][PASSED] - break: null

2021-11-19 17:20:20 - [TEST_STEP][PASSED] - countElement = baslikElement.findElements(By.xpath("../td")): Smart Wait Function is triggered

2021-11-19 17:20:20 - [MESSAGE][INFO] - Smart Wait Function is triggered

2021-11-19 17:20:20 - [TEST_STEP][PASSED] - for (def element : countElement): null

2021-11-19 17:20:20 - [TEST_STEP][PASSED] - if (toString().equals(attr.toString())): null

2021-11-19 17:20:20 - [TEST_STEP][PASSED] - (a++): null

2021-11-19 17:20:20 - [TEST_STEP][PASSED] - if (toString().equals(attr.toString())): null

2021-11-19 17:20:20 - [TEST_STEP][PASSED] - (a++): null

2021-11-19 17:20:20 - [TEST_STEP][PASSED] - if (toString().equals(attr.toString())): null

2021-11-19 17:20:20 - [TEST_STEP][PASSED] - (a++): null

2021-11-19 17:20:20 - [TEST_STEP][PASSED] - if (toString().equals(attr.toString())): null

2021-11-19 17:20:20 - [TEST_STEP][PASSED] - (a++): null

2021-11-19 17:20:20 - [TEST_STEP][PASSED] - if (toString().equals(attr.toString())): null

2021-11-19 17:20:20 - [TEST_STEP][PASSED] - (a++): null

2021-11-19 17:20:20 - [TEST_STEP][PASSED] - if (toString().equals(attr.toString())): null

2021-11-19 17:20:20 - [TEST_STEP][PASSED] - (a++): null

2021-11-19 17:20:20 - [TEST_STEP][PASSED] - if (toString().equals(attr.toString())): null

2021-11-19 17:20:20 - [TEST_STEP][PASSED] - break: null

2021-11-19 17:20:20 - [TEST_STEP][PASSED] - son = findWebElement(findTestObject("Object Repository/Olusturma/Genel/Olusturma/EklenenSatir")).findElement(By.xpath("td[@class='dxgvInlineEditCell_LECustomTheme dxgv'][" + a + "]//td[@class='dxic']/input")): Smart Wait Function is triggered

2021-11-19 17:20:20 - [MESSAGE][INFO] - Finding Test Object 'Object Repository/Olusturma/Genel/Olusturma/EklenenSatir'

2021-11-19 17:20:20 - [MESSAGE][INFO] - Finding web element from Test Object's properties

2021-11-19 17:20:20 - [MESSAGE][INFO] - Checking timeout

2021-11-19 17:20:20 - [MESSAGE][INFO] - Finding web element with id: 'Object Repository/Olusturma/Genel/Olusturma/EklenenSatir' located by 'By.cssSelector: #divmalhizmet .dxgvInlineEditRow_LECustomTheme' in '30' second(s)

2021-11-19 17:20:20 - [MESSAGE][INFO] - Smart Wait Function is triggered

2021-11-19 17:20:21 - [MESSAGE][INFO] - Found 1 web elements with id: 'Object Repository/Olusturma/Genel/Olusturma/EklenenSatir' located by 'By.cssSelector: #divmalhizmet .dxgvInlineEditRow_LECustomTheme' in '30' second(s)

2021-11-19 17:20:21 - [MESSAGE][INFO] - Smart Wait Function is triggered

2021-11-19 17:20:21 - [TEST_STEP][PASSED] - if (!(getAttribute("value").contains("Vkn"))): null

2021-11-19 17:20:21 - [TEST_STEP][PASSED] - son.clear(): null

2021-11-19 17:20:21 - [TEST_STEP][PASSED] - son.sendKeys(Deger): null

2021-11-19 17:20:21 - [MESSAGE][PASSED] - Call Test Case 'Test Cases/Olusturma/Genel/Olusturma' successfully

2021-11-19 17:20:21 - [MESSAGE][INFO] - Checking called Test Case

2021-11-19 17:20:21 - [MESSAGE][INFO] - Starting to call Test Case 'Test Cases/Olusturma/Genel/Olusturma'

2021-11-19 17:20:21 - [TEST_CASE][PASSED] - Test Cases/Olusturma/Genel/Olusturma: Test Cases/Olusturma/Genel/Olusturma

2021-11-19 17:20:21 - [TEST_STEP][PASSED] - driver = getWebDriver(): null

2021-11-19 17:20:21 - [TEST_STEP][PASSED] - action = new org.openqa.selenium.interactions.Actions(driver): null

2021-11-19 17:20:21 - [TEST_STEP][PASSED] - baslikElement = <not implemented yet for class: org.codehaus.groovy.ast.expr.EmptyExpression>: null

2021-11-19 17:20:21 - [TEST_STEP][PASSED] - sonElement = <not implemented yet for class: org.codehaus.groovy.ast.expr.EmptyExpression>: null

2021-11-19 17:20:21 - [TEST_STEP][PASSED] - attr = <not implemented yet for class: org.codehaus.groovy.ast.expr.EmptyExpression>: null

2021-11-19 17:20:21 - [TEST_STEP][PASSED] - a = 0: null

2021-11-19 17:20:21 - [TEST_STEP][PASSED] - elements = findWebElements(findTestObject("Object Repository/Olusturma/Genel/Olusturma/TabloBasliklari"), 10): Found 17 web elements with id: 'Object Repository/Olusturma/Genel/Olusturma/TabloBasliklari' located by 'By.cssSelector: div#divmalhizmet .dxgvTable_LECustomTheme td.dxgvHeader_LECustomTheme tr>td:nth-child(1)' in '10' second(s)

2021-11-19 17:20:21 - [MESSAGE][INFO] - Finding Test Object 'Object Repository/Olusturma/Genel/Olusturma/TabloBasliklari'

2021-11-19 17:20:21 - [MESSAGE][INFO] - Checking timeout

2021-11-19 17:20:21 - [MESSAGE][INFO] - Finding web element with id: 'Object Repository/Olusturma/Genel/Olusturma/TabloBasliklari' located by 'By.cssSelector: div#divmalhizmet .dxgvTable_LECustomTheme td.dxgvHeader_LECustomTheme tr>td:nth-child(1)' in '10' second(s)

2021-11-19 17:20:21 - [MESSAGE][INFO] - Smart Wait Function is triggered

2021-11-19 17:20:22 - [MESSAGE][INFO] - Found 17 web elements with id: 'Object Repository/Olusturma/Genel/Olusturma/TabloBasliklari' located by 'By.cssSelector: div#divmalhizmet .dxgvTable_LECustomTheme td.dxgvHeader_LECustomTheme tr>td:nth-child(1)' in '10' second(s)

2021-11-19 17:20:22 - [TEST_STEP][PASSED] - for (def element : elements): null

2021-11-19 17:20:22 - [TEST_STEP][PASSED] - build().perform(): null

2021-11-19 17:20:22 - [TEST_STEP][PASSED] - if (getText().equals(Baslik)): null

2021-11-19 17:20:22 - [TEST_STEP][PASSED] - build().perform(): null

2021-11-19 17:20:22 - [TEST_STEP][PASSED] - if (getText().equals(Baslik)): null

2021-11-19 17:20:22 - [TEST_STEP][PASSED] - build().perform(): null

2021-11-19 17:20:22 - [TEST_STEP][PASSED] - if (getText().equals(Baslik)): null

2021-11-19 17:20:22 - [TEST_STEP][PASSED] - build().perform(): null

2021-11-19 17:20:22 - [TEST_STEP][PASSED] - if (getText().equals(Baslik)): null

2021-11-19 17:20:22 - [TEST_STEP][PASSED] - build().perform(): null

2021-11-19 17:20:22 - [TEST_STEP][PASSED] - if (getText().equals(Baslik)): null

2021-11-19 17:20:22 - [TEST_STEP][PASSED] - build().perform(): null

2021-11-19 17:20:22 - [TEST_STEP][PASSED] - if (getText().equals(Baslik)): null

2021-11-19 17:20:22 - [TEST_STEP][PASSED] - build().perform(): null

2021-11-19 17:20:23 - [TEST_STEP][PASSED] - if (getText().equals(Baslik)): null

2021-11-19 17:20:23 - [TEST_STEP][PASSED] - baslikElement = element.findElement(By.xpath("../../../..")): Smart Wait Function is triggered

2021-11-19 17:20:23 - [MESSAGE][INFO] - Smart Wait Function is triggered

2021-11-19 17:20:23 - [TEST_STEP][PASSED] - attr = baslikElement.getAttribute("id"): null

2021-11-19 17:20:23 - [TEST_STEP][PASSED] - println("girdi ve idsini aldı = " + attr): null

2021-11-19 17:20:23 - [TEST_STEP][PASSED] - break: null

2021-11-19 17:20:23 - [TEST_STEP][PASSED] - countElement = baslikElement.findElements(By.xpath("../td")): Smart Wait Function is triggered

2021-11-19 17:20:23 - [MESSAGE][INFO] - Smart Wait Function is triggered

2021-11-19 17:20:23 - [TEST_STEP][PASSED] - for (def element : countElement): null

2021-11-19 17:20:23 - [TEST_STEP][PASSED] - if (toString().equals(attr.toString())): null

2021-11-19 17:20:23 - [TEST_STEP][PASSED] - (a++): null

2021-11-19 17:20:23 - [TEST_STEP][PASSED] - if (toString().equals(attr.toString())): null

2021-11-19 17:20:23 - [TEST_STEP][PASSED] - (a++): null

2021-11-19 17:20:23 - [TEST_STEP][PASSED] - if (toString().equals(attr.toString())): null

2021-11-19 17:20:23 - [TEST_STEP][PASSED] - (a++): null

2021-11-19 17:20:23 - [TEST_STEP][PASSED] - if (toString().equals(attr.toString())): null

2021-11-19 17:20:23 - [TEST_STEP][PASSED] - (a++): null

2021-11-19 17:20:23 - [TEST_STEP][PASSED] - if (toString().equals(attr.toString())): null

2021-11-19 17:20:23 - [TEST_STEP][PASSED] - (a++): null

2021-11-19 17:20:23 - [TEST_STEP][PASSED] - if (toString().equals(attr.toString())): null

2021-11-19 17:20:23 - [TEST_STEP][PASSED] - (a++): null

2021-11-19 17:20:23 - [TEST_STEP][PASSED] - if (toString().equals(attr.toString())): null

2021-11-19 17:20:23 - [TEST_STEP][PASSED] - (a++): null

2021-11-19 17:20:23 - [TEST_STEP][PASSED] - if (toString().equals(attr.toString())): null

2021-11-19 17:20:23 - [TEST_STEP][PASSED] - break: null

2021-11-19 17:20:23 - [TEST_STEP][PASSED] - son = findWebElement(findTestObject("Object Repository/Olusturma/Genel/Olusturma/EklenenSatir")).findElement(By.xpath("td[@class='dxgvInlineEditCell_LECustomTheme dxgv'][" + a + "]//td[@class='dxic']/input")): Smart Wait Function is triggered

2021-11-19 17:20:23 - [MESSAGE][INFO] - Finding Test Object 'Object Repository/Olusturma/Genel/Olusturma/EklenenSatir'

2021-11-19 17:20:23 - [MESSAGE][INFO] - Finding web element from Test Object's properties

2021-11-19 17:20:23 - [MESSAGE][INFO] - Checking timeout

2021-11-19 17:20:23 - [MESSAGE][INFO] - Finding web element with id: 'Object Repository/Olusturma/Genel/Olusturma/EklenenSatir' located by 'By.cssSelector: #divmalhizmet .dxgvInlineEditRow_LECustomTheme' in '30' second(s)

2021-11-19 17:20:23 - [MESSAGE][INFO] - Smart Wait Function is triggered

2021-11-19 17:20:24 - [MESSAGE][INFO] - Found 1 web elements with id: 'Object Repository/Olusturma/Genel/Olusturma/EklenenSatir' located by 'By.cssSelector: #divmalhizmet .dxgvInlineEditRow_LECustomTheme' in '30' second(s)

2021-11-19 17:20:24 - [MESSAGE][INFO] - Smart Wait Function is triggered

2021-11-19 17:20:24 - [TEST_STEP][PASSED] - if (!(getAttribute("value").contains("Vkn"))): null

2021-11-19 17:20:24 - [TEST_STEP][PASSED] - son.clear(): null

2021-11-19 17:20:24 - [TEST_STEP][PASSED] - son.sendKeys(Deger): null

2021-11-19 17:20:24 - [MESSAGE][PASSED] - Call Test Case 'Test Cases/Olusturma/Genel/Olusturma' successfully

2021-11-19 17:20:24 - [MESSAGE][INFO] - Checking called Test Case

2021-11-19 17:20:24 - [MESSAGE][INFO] - Starting to call Test Case 'Test Cases/Olusturma/Genel/Olusturma'

2021-11-19 17:20:24 - [TEST_CASE][PASSED] - Test Cases/Olusturma/Genel/Olusturma: Test Cases/Olusturma/Genel/Olusturma

2021-11-19 17:20:24 - [TEST_STEP][PASSED] - driver = getWebDriver(): null

2021-11-19 17:20:24 - [TEST_STEP][PASSED] - action = new org.openqa.selenium.interactions.Actions(driver): null

2021-11-19 17:20:24 - [TEST_STEP][PASSED] - baslikElement = <not implemented yet for class: org.codehaus.groovy.ast.expr.EmptyExpression>: null

2021-11-19 17:20:24 - [TEST_STEP][PASSED] - sonElement = <not implemented yet for class: org.codehaus.groovy.ast.expr.EmptyExpression>: null

2021-11-19 17:20:24 - [TEST_STEP][PASSED] - attr = <not implemented yet for class: org.codehaus.groovy.ast.expr.EmptyExpression>: null

2021-11-19 17:20:24 - [TEST_STEP][PASSED] - a = 0: null

2021-11-19 17:20:24 - [TEST_STEP][PASSED] - elements = findWebElements(findTestObject("Object Repository/Olusturma/Genel/Olusturma/TabloBasliklari"), 10): Found 17 web elements with id: 'Object Repository/Olusturma/Genel/Olusturma/TabloBasliklari' located by 'By.cssSelector: div#divmalhizmet .dxgvTable_LECustomTheme td.dxgvHeader_LECustomTheme tr>td:nth-child(1)' in '10' second(s)

2021-11-19 17:20:24 - [MESSAGE][INFO] - Finding Test Object 'Object Repository/Olusturma/Genel/Olusturma/TabloBasliklari'

2021-11-19 17:20:24 - [MESSAGE][INFO] - Checking timeout

2021-11-19 17:20:24 - [MESSAGE][INFO] - Finding web element with id: 'Object Repository/Olusturma/Genel/Olusturma/TabloBasliklari' located by 'By.cssSelector: div#divmalhizmet .dxgvTable_LECustomTheme td.dxgvHeader_LECustomTheme tr>td:nth-child(1)' in '10' second(s)

2021-11-19 17:20:24 - [MESSAGE][INFO] - Smart Wait Function is triggered

2021-11-19 17:20:25 - [MESSAGE][INFO] - Found 17 web elements with id: 'Object Repository/Olusturma/Genel/Olusturma/TabloBasliklari' located by 'By.cssSelector: div#divmalhizmet .dxgvTable_LECustomTheme td.dxgvHeader_LECustomTheme tr>td:nth-child(1)' in '10' second(s)

2021-11-19 17:20:25 - [TEST_STEP][PASSED] - for (def element : elements): null

2021-11-19 17:20:25 - [TEST_STEP][PASSED] - build().perform(): null

2021-11-19 17:20:25 - [TEST_STEP][PASSED] - if (getText().equals(Baslik)): null

2021-11-19 17:20:25 - [TEST_STEP][PASSED] - build().perform(): null

2021-11-19 17:20:25 - [TEST_STEP][PASSED] - if (getText().equals(Baslik)): null

2021-11-19 17:20:25 - [TEST_STEP][PASSED] - build().perform(): null

2021-11-19 17:20:25 - [TEST_STEP][PASSED] - if (getText().equals(Baslik)): null

2021-11-19 17:20:25 - [TEST_STEP][PASSED] - build().perform(): null

2021-11-19 17:20:25 - [TEST_STEP][PASSED] - if (getText().equals(Baslik)): null

2021-11-19 17:20:25 - [TEST_STEP][PASSED] - build().perform(): null

2021-11-19 17:20:25 - [TEST_STEP][PASSED] - if (getText().equals(Baslik)): null

2021-11-19 17:20:26 - [TEST_STEP][PASSED] - build().perform(): null

2021-11-19 17:20:26 - [TEST_STEP][PASSED] - if (getText().equals(Baslik)): null

2021-11-19 17:20:26 - [TEST_STEP][PASSED] - build().perform(): null

2021-11-19 17:20:26 - [TEST_STEP][PASSED] - if (getText().equals(Baslik)): null

2021-11-19 17:20:26 - [TEST_STEP][PASSED] - build().perform(): null

2021-11-19 17:20:26 - [TEST_STEP][PASSED] - if (getText().equals(Baslik)): null

2021-11-19 17:20:26 - [TEST_STEP][PASSED] - build().perform(): null

2021-11-19 17:20:26 - [TEST_STEP][PASSED] - if (getText().equals(Baslik)): null

2021-11-19 17:20:26 - [TEST_STEP][PASSED] - build().perform(): null

2021-11-19 17:20:26 - [TEST_STEP][PASSED] - if (getText().equals(Baslik)): null

2021-11-19 17:20:26 - [TEST_STEP][PASSED] - build().perform(): null

2021-11-19 17:20:26 - [TEST_STEP][PASSED] - if (getText().equals(Baslik)): null

2021-11-19 17:20:26 - [TEST_STEP][PASSED] - build().perform(): null

2021-11-19 17:20:27 - [TEST_STEP][PASSED] - if (getText().equals(Baslik)): null

2021-11-19 17:20:27 - [TEST_STEP][PASSED] - build().perform(): null

2021-11-19 17:20:27 - [TEST_STEP][PASSED] - if (getText().equals(Baslik)): null

2021-11-19 17:20:27 - [TEST_STEP][PASSED] - build().perform(): null

2021-11-19 17:20:27 - [TEST_STEP][PASSED] - if (getText().equals(Baslik)): null

2021-11-19 17:20:27 - [TEST_STEP][PASSED] - build().perform(): null

2021-11-19 17:20:27 - [TEST_STEP][PASSED] - if (getText().equals(Baslik)): null

2021-11-19 17:20:27 - [TEST_STEP][PASSED] - build().perform(): null

2021-11-19 17:20:27 - [TEST_STEP][PASSED] - if (getText().equals(Baslik)): null

2021-11-19 17:20:27 - [TEST_STEP][PASSED] - baslikElement = element.findElement(By.xpath("../../../..")): Smart Wait Function is triggered

2021-11-19 17:20:27 - [MESSAGE][INFO] - Smart Wait Function is triggered

2021-11-19 17:20:27 - [TEST_STEP][PASSED] - attr = baslikElement.getAttribute("id"): null

2021-11-19 17:20:28 - [TEST_STEP][PASSED] - println("girdi ve idsini aldı = " + attr): null

2021-11-19 17:20:28 - [TEST_STEP][PASSED] - break: null

2021-11-19 17:20:28 - [TEST_STEP][PASSED] - countElement = baslikElement.findElements(By.xpath("../td")): Smart Wait Function is triggered

2021-11-19 17:20:28 - [MESSAGE][INFO] - Smart Wait Function is triggered

2021-11-19 17:20:28 - [TEST_STEP][PASSED] - for (def element : countElement): null

2021-11-19 17:20:28 - [TEST_STEP][PASSED] - if (toString().equals(attr.toString())): null

2021-11-19 17:20:28 - [TEST_STEP][PASSED] - (a++): null

2021-11-19 17:20:28 - [TEST_STEP][PASSED] - if (toString().equals(attr.toString())): null

2021-11-19 17:20:28 - [TEST_STEP][PASSED] - (a++): null

2021-11-19 17:20:28 - [TEST_STEP][PASSED] - if (toString().equals(attr.toString())): null

2021-11-19 17:20:28 - [TEST_STEP][PASSED] - (a++): null

2021-11-19 17:20:28 - [TEST_STEP][PASSED] - if (toString().equals(attr.toString())): null

2021-11-19 17:20:28 - [TEST_STEP][PASSED] - (a++): null

2021-11-19 17:20:28 - [TEST_STEP][PASSED] - if (toString().equals(attr.toString())): null

2021-11-19 17:20:28 - [TEST_STEP][PASSED] - (a++): null

2021-11-19 17:20:28 - [TEST_STEP][PASSED] - if (toString().equals(attr.toString())): null

2021-11-19 17:20:28 - [TEST_STEP][PASSED] - (a++): null

2021-11-19 17:20:28 - [TEST_STEP][PASSED] - if (toString().equals(attr.toString())): null

2021-11-19 17:20:28 - [TEST_STEP][PASSED] - (a++): null

2021-11-19 17:20:28 - [TEST_STEP][PASSED] - if (toString().equals(attr.toString())): null

2021-11-19 17:20:28 - [TEST_STEP][PASSED] - (a++): null

2021-11-19 17:20:28 - [TEST_STEP][PASSED] - if (toString().equals(attr.toString())): null

2021-11-19 17:20:28 - [TEST_STEP][PASSED] - (a++): null

2021-11-19 17:20:28 - [TEST_STEP][PASSED] - if (toString().equals(attr.toString())): null

2021-11-19 17:20:28 - [TEST_STEP][PASSED] - (a++): null

2021-11-19 17:20:28 - [TEST_STEP][PASSED] - if (toString().equals(attr.toString())): null

2021-11-19 17:20:28 - [TEST_STEP][PASSED] - (a++): null

2021-11-19 17:20:28 - [TEST_STEP][PASSED] - if (toString().equals(attr.toString())): null

2021-11-19 17:20:28 - [TEST_STEP][PASSED] - (a++): null

2021-11-19 17:20:28 - [TEST_STEP][PASSED] - if (toString().equals(attr.toString())): null

2021-11-19 17:20:28 - [TEST_STEP][PASSED] - (a++): null

2021-11-19 17:20:28 - [TEST_STEP][PASSED] - if (toString().equals(attr.toString())): null

2021-11-19 17:20:28 - [TEST_STEP][PASSED] - (a++): null

2021-11-19 17:20:28 - [TEST_STEP][PASSED] - if (toString().equals(attr.toString())): null

2021-11-19 17:20:28 - [TEST_STEP][PASSED] - (a++): null

2021-11-19 17:20:28 - [TEST_STEP][PASSED] - if (toString().equals(attr.toString())): null

2021-11-19 17:20:28 - [TEST_STEP][PASSED] - (a++): null

2021-11-19 17:20:28 - [TEST_STEP][PASSED] - if (toString().equals(attr.toString())): null

2021-11-19 17:20:28 - [TEST_STEP][PASSED] - break: null

2021-11-19 17:20:28 - [TEST_STEP][PASSED] - son = findWebElement(findTestObject("Object Repository/Olusturma/Genel/Olusturma/EklenenSatir")).findElement(By.xpath("td[@class='dxgvInlineEditCell_LECustomTheme dxgv'][" + a + "]//td[@class='dxic']/input")): Smart Wait Function is triggered

2021-11-19 17:20:28 - [MESSAGE][INFO] - Finding Test Object 'Object Repository/Olusturma/Genel/Olusturma/EklenenSatir'

2021-11-19 17:20:28 - [MESSAGE][INFO] - Finding web element from Test Object's properties

2021-11-19 17:20:28 - [MESSAGE][INFO] - Checking timeout

2021-11-19 17:20:28 - [MESSAGE][INFO] - Finding web element with id: 'Object Repository/Olusturma/Genel/Olusturma/EklenenSatir' located by 'By.cssSelector: #divmalhizmet .dxgvInlineEditRow_LECustomTheme' in '30' second(s)

2021-11-19 17:20:28 - [MESSAGE][INFO] - Smart Wait Function is triggered

2021-11-19 17:20:28 - [MESSAGE][INFO] - Found 1 web elements with id: 'Object Repository/Olusturma/Genel/Olusturma/EklenenSatir' located by 'By.cssSelector: #divmalhizmet .dxgvInlineEditRow_LECustomTheme' in '30' second(s)

2021-11-19 17:20:28 - [MESSAGE][INFO] - Smart Wait Function is triggered

2021-11-19 17:20:29 - [TEST_STEP][PASSED] - if (!(getAttribute("value").contains("Vkn"))): null

2021-11-19 17:20:29 - [TEST_STEP][PASSED] - son.clear(): null

2021-11-19 17:20:29 - [TEST_STEP][PASSED] - son.sendKeys(Deger): null

2021-11-19 17:20:29 - [MESSAGE][PASSED] - Call Test Case 'Test Cases/Olusturma/Genel/Olusturma' successfully

2021-11-19 17:20:29 - [MESSAGE][INFO] - Checking called Test Case

2021-11-19 17:20:29 - [MESSAGE][INFO] - Starting to call Test Case 'Test Cases/Olusturma/Genel/NotGirilir'

2021-11-19 17:20:29 - [TEST_CASE][PASSED] - Test Cases/Olusturma/Genel/NotGirilir: Test Cases/Olusturma/Genel/NotGirilir

2021-11-19 17:20:29 - [TEST_STEP][PASSED] - i = 0: null

2021-11-19 17:20:29 - [TEST_STEP][PASSED] - waitForElementClickable(findTestObject("Olusturma/Genel/Not/Notlar"), 10): Object 'Object Repository/Olusturma/Genel/Not/Notlar' is clickable

2021-11-19 17:20:29 - [MESSAGE][INFO] - Finding Test Object 'Object Repository/Olusturma/Genel/Not/Notlar'

2021-11-19 17:20:29 - [MESSAGE][INFO] - Checking object

2021-11-19 17:20:29 - [MESSAGE][INFO] - Checking timeout

2021-11-19 17:20:29 - [MESSAGE][INFO] - Finding web element from Test Object's properties

2021-11-19 17:20:29 - [MESSAGE][INFO] - Checking timeout

2021-11-19 17:20:29 - [MESSAGE][INFO] - Finding web element with id: 'Object Repository/Olusturma/Genel/Not/Notlar' located by 'By.xpath: //*[@id = 'txtNote_I']' in '10' second(s)

2021-11-19 17:20:29 - [MESSAGE][INFO] - Smart Wait Function is triggered

2021-11-19 17:20:29 - [MESSAGE][INFO] - Found 1 web elements with id: 'Object Repository/Olusturma/Genel/Not/Notlar' located by 'By.xpath: //*[@id = 'txtNote_I']' in '10' second(s)

2021-11-19 17:20:29 - [MESSAGE][PASSED] - Object 'Object Repository/Olusturma/Genel/Not/Notlar' is clickable

2021-11-19 17:20:29 - [TEST_STEP][PASSED] - clearText(findTestObject("Olusturma/Genel/Not/Notlar")): Text of object 'Object Repository/Olusturma/Genel/Not/Notlar' is cleared

2021-11-19 17:20:29 - [MESSAGE][INFO] - Finding Test Object 'Object Repository/Olusturma/Genel/Not/Notlar'

2021-11-19 17:20:30 - [MESSAGE][INFO] - Checking object

2021-11-19 17:20:30 - [MESSAGE][INFO] - Finding web element from Test Object's properties

2021-11-19 17:20:30 - [MESSAGE][INFO] - Checking timeout

2021-11-19 17:20:30 - [MESSAGE][INFO] - Finding web element with id: 'Object Repository/Olusturma/Genel/Not/Notlar' located by 'By.xpath: //*[@id = 'txtNote_I']' in '30' second(s)

2021-11-19 17:20:30 - [MESSAGE][INFO] - Smart Wait Function is triggered

2021-11-19 17:20:30 - [MESSAGE][INFO] - Found 1 web elements with id: 'Object Repository/Olusturma/Genel/Not/Notlar' located by 'By.xpath: //*[@id = 'txtNote_I']' in '30' second(s)

2021-11-19 17:20:30 - [MESSAGE][INFO] - Clearing text of object 'Object Repository/Olusturma/Genel/Not/Notlar'

2021-11-19 17:20:30 - [MESSAGE][PASSED] - Text of object 'Object Repository/Olusturma/Genel/Not/Notlar' is cleared

2021-11-19 17:20:30 - [TEST_STEP][PASSED] - click(findTestObject("Olusturma/Genel/Not/Notlar")): Object: 'Object Repository/Olusturma/Genel/Not/Notlar' is clicked on

2021-11-19 17:20:30 - [MESSAGE][INFO] - Finding Test Object 'Object Repository/Olusturma/Genel/Not/Notlar'

2021-11-19 17:20:30 - [MESSAGE][INFO] - Checking object

2021-11-19 17:20:30 - [MESSAGE][INFO] - Finding web element from Test Object's properties

2021-11-19 17:20:30 - [MESSAGE][INFO] - Checking timeout

2021-11-19 17:20:30 - [MESSAGE][INFO] - Finding web element with id: 'Object Repository/Olusturma/Genel/Not/Notlar' located by 'By.xpath: //*[@id = 'txtNote_I']' in '30' second(s)

2021-11-19 17:20:30 - [MESSAGE][INFO] - Smart Wait Function is triggered

2021-11-19 17:20:30 - [MESSAGE][INFO] - Found 1 web elements with id: 'Object Repository/Olusturma/Genel/Not/Notlar' located by 'By.xpath: //*[@id = 'txtNote_I']' in '30' second(s)

2021-11-19 17:20:30 - [MESSAGE][INFO] - Clicking on object: 'Object Repository/Olusturma/Genel/Not/Notlar'

2021-11-19 17:20:30 - [MESSAGE][PASSED] - Object: 'Object Repository/Olusturma/Genel/Not/Notlar' is clicked on

2021-11-19 17:20:30 - [TEST_STEP][PASSED] - while (true): null

2021-11-19 17:20:30 - [TEST_STEP][PASSED] - delay(1): Delayed 1 second(s)

2021-11-19 17:20:30 - [MESSAGE][INFO] - Delaying browser in 1 second(s)

2021-11-19 17:20:31 - [MESSAGE][PASSED] - Delayed 1 second(s)

2021-11-19 17:20:31 - [TEST_STEP][PASSED] - ajaxIsComplete = executeJavaScript("return jQuery.active == 0", null): Execute JavaScript 'return jQuery.active == 0' successfully

2021-11-19 17:20:31 - [MESSAGE][PASSED] - Execute JavaScript 'return jQuery.active == 0' successfully

2021-11-19 17:20:31 - [TEST_STEP][PASSED] - if (ajaxIsComplete): null

2021-11-19 17:20:31 - [TEST_STEP][PASSED] - if (i > 10): null

2021-11-19 17:20:31 - [TEST_STEP][PASSED] - (i++): null

2021-11-19 17:20:31 - [TEST_STEP][PASSED] - delay(1): Delayed 1 second(s)

2021-11-19 17:20:31 - [MESSAGE][INFO] - Delaying browser in 1 second(s)

2021-11-19 17:20:32 - [MESSAGE][PASSED] - Delayed 1 second(s)

2021-11-19 17:20:32 - [TEST_STEP][PASSED] - ajaxIsComplete = executeJavaScript("return jQuery.active == 0", null): Execute JavaScript 'return jQuery.active == 0' successfully

2021-11-19 17:20:32 - [MESSAGE][PASSED] - Execute JavaScript 'return jQuery.active == 0' successfully

2021-11-19 17:20:32 - [TEST_STEP][PASSED] - if (ajaxIsComplete): null

2021-11-19 17:20:32 - [TEST_STEP][PASSED] - break: null

2021-11-19 17:20:32 - [TEST_STEP][PASSED] - sendKeys(findTestObject("Olusturma/Genel/Not/Notlar"), Not): Keys 'Otomasyon Not' sent to object: 'Object Repository/Olusturma/Genel/Not/Notlar'

2021-11-19 17:20:32 - [MESSAGE][INFO] - Finding Test Object 'Object Repository/Olusturma/Genel/Not/Notlar'

2021-11-19 17:20:33 - [MESSAGE][INFO] - Sending keys 'Otomasyon Not' to object: 'Object Repository/Olusturma/Genel/Not/Notlar'

2021-11-19 17:20:33 - [MESSAGE][INFO] - Finding web element from Test Object's properties

2021-11-19 17:20:33 - [MESSAGE][INFO] - Checking timeout

2021-11-19 17:20:33 - [MESSAGE][INFO] - Finding web element with id: 'Object Repository/Olusturma/Genel/Not/Notlar' located by 'By.xpath: //*[@id = 'txtNote_I']' in '30' second(s)

2021-11-19 17:20:33 - [MESSAGE][INFO] - Smart Wait Function is triggered

2021-11-19 17:20:33 - [MESSAGE][INFO] - Found 1 web elements with id: 'Object Repository/Olusturma/Genel/Not/Notlar' located by 'By.xpath: //*[@id = 'txtNote_I']' in '30' second(s)

2021-11-19 17:20:33 - [MESSAGE][PASSED] - Keys 'Otomasyon Not' sent to object: 'Object Repository/Olusturma/Genel/Not/Notlar'

2021-11-19 17:20:33 - [MESSAGE][PASSED] - Call Test Case 'Test Cases/Olusturma/Genel/NotGirilir' successfully

2021-11-19 17:20:33 - [MESSAGE][INFO] - Checking called Test Case

2021-11-19 17:20:33 - [MESSAGE][INFO] - Starting to call Test Case 'Test Cases/Olusturma/Genel/EttnBilgisiKayitEdilir'

2021-11-19 17:20:33 - [TEST_CASE][PASSED] - Test Cases/Olusturma/Genel/EttnBilgisiKayitEdilir: Test Cases/Olusturma/Genel/EttnBilgisiKayitEdilir

2021-11-19 17:20:33 - [TEST_STEP][PASSED] - verifyElementPresent(findTestObject("Object Repository/Olusturma/Genel/Olusturma/eArsivEttnBilgisi"), 7): Object 'Object Repository/Olusturma/Genel/Olusturma/eArsivEttnBilgisi' is present

2021-11-19 17:20:33 - [MESSAGE][INFO] - Finding Test Object 'Object Repository/Olusturma/Genel/Olusturma/eArsivEttnBilgisi'

2021-11-19 17:20:33 - [MESSAGE][INFO] - Checking object

2021-11-19 17:20:33 - [MESSAGE][INFO] - Finding web element from Test Object's properties

2021-11-19 17:20:33 - [MESSAGE][INFO] - Checking timeout

2021-11-19 17:20:33 - [MESSAGE][INFO] - Finding web element with id: 'Object Repository/Olusturma/Genel/Olusturma/eArsivEttnBilgisi' located by 'By.xpath: //*[@id = 'Uuid_I']' in '7' second(s)

2021-11-19 17:20:33 - [MESSAGE][INFO] - Smart Wait Function is triggered

2021-11-19 17:20:33 - [MESSAGE][INFO] - Found 1 web elements with id: 'Object Repository/Olusturma/Genel/Olusturma/eArsivEttnBilgisi' located by 'By.xpath: //*[@id = 'Uuid_I']' in '7' second(s)

2021-11-19 17:20:33 - [MESSAGE][PASSED] - Object 'Object Repository/Olusturma/Genel/Olusturma/eArsivEttnBilgisi' is present

2021-11-19 17:20:33 - [TEST_STEP][PASSED] - ettn = getAttribute(findTestObject("Object Repository/Olusturma/Genel/Olusturma/eArsivEttnBilgisi"), "value"): Attribute 'value' of object 'Object Repository/Olusturma/Genel/Olusturma/eArsivEttnBilgisi' is: 'ff9ef8f7-de02-4950-9842-cfed6e7cec39'

2021-11-19 17:20:33 - [MESSAGE][INFO] - Finding Test Object 'Object Repository/Olusturma/Genel/Olusturma/eArsivEttnBilgisi'

2021-11-19 17:20:34 - [MESSAGE][INFO] - Checking object

2021-11-19 17:20:34 - [MESSAGE][INFO] - Checking attribute

2021-11-19 17:20:34 - [MESSAGE][INFO] - Finding web element from Test Object's properties

2021-11-19 17:20:34 - [MESSAGE][INFO] - Checking timeout

2021-11-19 17:20:34 - [MESSAGE][INFO] - Finding web element with id: 'Object Repository/Olusturma/Genel/Olusturma/eArsivEttnBilgisi' located by 'By.xpath: //*[@id = 'Uuid_I']' in '30' second(s)

2021-11-19 17:20:34 - [MESSAGE][INFO] - Smart Wait Function is triggered

2021-11-19 17:20:34 - [MESSAGE][INFO] - Found 1 web elements with id: 'Object Repository/Olusturma/Genel/Olusturma/eArsivEttnBilgisi' located by 'By.xpath: //*[@id = 'Uuid_I']' in '30' second(s)

2021-11-19 17:20:34 - [MESSAGE][INFO] - Getting attribute 'value' of object 'Object Repository/Olusturma/Genel/Olusturma/eArsivEttnBilgisi'

2021-11-19 17:20:34 - [MESSAGE][PASSED] - Attribute 'value' of object 'Object Repository/Olusturma/Genel/Olusturma/eArsivEttnBilgisi' is: 'ff9ef8f7-de02-4950-9842-cfed6e7cec39'

2021-11-19 17:20:34 - [MESSAGE][PASSED] - Call Test Case 'Test Cases/Olusturma/Genel/EttnBilgisiKayitEdilir' successfully

2021-11-19 17:20:34 - [MESSAGE][INFO] - Checking called Test Case

2021-11-19 17:20:34 - [MESSAGE][INFO] - Starting to call Test Case 'Test Cases/Olusturma/Genel/KaydetButonunaTiklanir'

2021-11-19 17:20:34 - [TEST_CASE][PASSED] - Test Cases/Olusturma/Genel/KaydetButonunaTiklanir: Test Cases/Olusturma/Genel/KaydetButonunaTiklanir

2021-11-19 17:20:34 - [TEST_STEP][PASSED] - i = 0: null

2021-11-19 17:20:34 - [TEST_STEP][PASSED] - waitForElementPresent(findTestObject("Olusturma/Genel/Not/Notlar"), 10): Object 'Object Repository/Olusturma/Genel/Not/Notlar' is present

2021-11-19 17:20:34 - [MESSAGE][INFO] - Finding Test Object 'Object Repository/Olusturma/Genel/Not/Notlar'

2021-11-19 17:20:34 - [MESSAGE][INFO] - Checking object

2021-11-19 17:20:34 - [MESSAGE][INFO] - Finding web element from Test Object's properties

2021-11-19 17:20:34 - [MESSAGE][INFO] - Checking timeout

2021-11-19 17:20:34 - [MESSAGE][INFO] - Finding web element with id: 'Object Repository/Olusturma/Genel/Not/Notlar' located by 'By.xpath: //*[@id = 'txtNote_I']' in '10' second(s)

2021-11-19 17:20:34 - [MESSAGE][INFO] - Smart Wait Function is triggered

2021-11-19 17:20:34 - [MESSAGE][INFO] - Found 1 web elements with id: 'Object Repository/Olusturma/Genel/Not/Notlar' located by 'By.xpath: //*[@id = 'txtNote_I']' in '10' second(s)

2021-11-19 17:20:34 - [MESSAGE][PASSED] - Object 'Object Repository/Olusturma/Genel/Not/Notlar' is present

2021-11-19 17:20:34 - [TEST_STEP][PASSED] - click(findTestObject("Olusturma/Genel/Not/Notlar")): Object: 'Object Repository/Olusturma/Genel/Not/Notlar' is clicked on

2021-11-19 17:20:34 - [MESSAGE][INFO] - Finding Test Object 'Object Repository/Olusturma/Genel/Not/Notlar'

2021-11-19 17:20:34 - [MESSAGE][INFO] - Checking object

2021-11-19 17:20:34 - [MESSAGE][INFO] - Finding web element from Test Object's properties

2021-11-19 17:20:34 - [MESSAGE][INFO] - Checking timeout

2021-11-19 17:20:34 - [MESSAGE][INFO] - Finding web element with id: 'Object Repository/Olusturma/Genel/Not/Notlar' located by 'By.xpath: //*[@id = 'txtNote_I']' in '30' second(s)

2021-11-19 17:20:34 - [MESSAGE][INFO] - Smart Wait Function is triggered

2021-11-19 17:20:35 - [MESSAGE][INFO] - Found 1 web elements with id: 'Object Repository/Olusturma/Genel/Not/Notlar' located by 'By.xpath: //*[@id = 'txtNote_I']' in '30' second(s)

2021-11-19 17:20:35 - [MESSAGE][INFO] - Clicking on object: 'Object Repository/Olusturma/Genel/Not/Notlar'

2021-11-19 17:20:35 - [MESSAGE][PASSED] - Object: 'Object Repository/Olusturma/Genel/Not/Notlar' is clicked on

2021-11-19 17:20:35 - [TEST_STEP][PASSED] - while (true): null

2021-11-19 17:20:35 - [TEST_STEP][PASSED] - delay(1): Delayed 1 second(s)

2021-11-19 17:20:35 - [MESSAGE][INFO] - Delaying browser in 1 second(s)

2021-11-19 17:20:36 - [MESSAGE][PASSED] - Delayed 1 second(s)

2021-11-19 17:20:36 - [TEST_STEP][PASSED] - ajaxIsComplete = executeJavaScript("return jQuery.active == 0", null): Execute JavaScript 'return jQuery.active == 0' successfully

2021-11-19 17:20:36 - [MESSAGE][PASSED] - Execute JavaScript 'return jQuery.active == 0' successfully

2021-11-19 17:20:36 - [TEST_STEP][PASSED] - if (ajaxIsComplete): null

2021-11-19 17:20:36 - [TEST_STEP][PASSED] - break: null

2021-11-19 17:20:36 - [TEST_STEP][PASSED] - waitForElementClickable(findTestObject("Object Repository/Olusturma/Genel/Buton"), 10): Object 'Object Repository/Olusturma/Genel/Buton' is clickable

2021-11-19 17:20:36 - [MESSAGE][INFO] - Finding Test Object 'Object Repository/Olusturma/Genel/Buton'

2021-11-19 17:20:36 - [MESSAGE][INFO] - Checking object

2021-11-19 17:20:36 - [MESSAGE][INFO] - Checking timeout

2021-11-19 17:20:36 - [MESSAGE][INFO] - Finding web element from Test Object's properties

2021-11-19 17:20:36 - [MESSAGE][INFO] - Checking timeout

2021-11-19 17:20:36 - [MESSAGE][INFO] - Finding web element with id: 'Object Repository/Olusturma/Genel/Buton' located by 'By.xpath: //*[@id = 'btnKaydet']' in '10' second(s)

2021-11-19 17:20:36 - [MESSAGE][INFO] - Smart Wait Function is triggered

2021-11-19 17:20:36 - [MESSAGE][INFO] - Found 1 web elements with id: 'Object Repository/Olusturma/Genel/Buton' located by 'By.xpath: //*[@id = 'btnKaydet']' in '10' second(s)

2021-11-19 17:20:36 - [MESSAGE][PASSED] - Object 'Object Repository/Olusturma/Genel/Buton' is clickable

2021-11-19 17:20:36 - [TEST_STEP][PASSED] - click(findTestObject("Object Repository/Olusturma/Genel/Buton")): Object: 'Object Repository/Olusturma/Genel/Buton' is clicked on

2021-11-19 17:20:36 - [MESSAGE][INFO] - Finding Test Object 'Object Repository/Olusturma/Genel/Buton'

2021-11-19 17:20:36 - [MESSAGE][INFO] - Checking object

2021-11-19 17:20:36 - [MESSAGE][INFO] - Finding web element from Test Object's properties

2021-11-19 17:20:36 - [MESSAGE][INFO] - Checking timeout

2021-11-19 17:20:36 - [MESSAGE][INFO] - Finding web element with id: 'Object Repository/Olusturma/Genel/Buton' located by 'By.xpath: //*[@id = 'btnKaydet']' in '30' second(s)

2021-11-19 17:20:36 - [MESSAGE][INFO] - Smart Wait Function is triggered

2021-11-19 17:20:37 - [MESSAGE][INFO] - Found 1 web elements with id: 'Object Repository/Olusturma/Genel/Buton' located by 'By.xpath: //*[@id = 'btnKaydet']' in '30' second(s)

2021-11-19 17:20:37 - [MESSAGE][INFO] - Clicking on object: 'Object Repository/Olusturma/Genel/Buton'

2021-11-19 17:20:40 - [MESSAGE][PASSED] - Object: 'Object Repository/Olusturma/Genel/Buton' is clicked on

2021-11-19 17:20:40 - [MESSAGE][PASSED] - Call Test Case 'Test Cases/Olusturma/Genel/KaydetButonunaTiklanir' successfully

2021-11-19 17:20:40 - [MESSAGE][INFO] - Checking called Test Case

2021-11-19 17:20:40 - [MESSAGE][INFO] - Starting to call Test Case 'Test Cases/Tablo/TablodaEttnliVeriOlusturulduMu'

2021-11-19 17:20:40 - [TEST_CASE][PASSED] - Test Cases/Tablo/TablodaEttnliVeriOlusturulduMu: Test Cases/Tablo/TablodaEttnliVeriOlusturulduMu

2021-11-19 17:20:40 - [TEST_STEP][PASSED] - Method.TextDegerineEsitElementVarMi(findTestObject("Tablo/OlusturulanVeri"), ettn): Method.TextDegerineEsitElementVarMi is PASSED

2021-11-19 17:20:40 - [MESSAGE][INFO] - Finding Test Object 'Object Repository/Tablo/OlusturulanVeri'

2021-11-19 17:20:40 - [MESSAGE][INFO] - Checking timeout

2021-11-19 17:20:40 - [MESSAGE][INFO] - Finding web element with id: 'Object Repository/Tablo/OlusturulanVeri' located by 'By.cssSelector: table.dxgvTable_LECustomTheme>tbody>tr:nth-child(3)>td.dxgv b,table.dxgvTable_LECustomTheme>tbody>tr:nth-child(3)>td.dxgv' in '10' second(s)

2021-11-19 17:20:40 - [MESSAGE][INFO] - Smart Wait Function is triggered

2021-11-19 17:20:40 - [MESSAGE][INFO] - Found 14 web elements with id: 'Object Repository/Tablo/OlusturulanVeri' located by 'By.cssSelector: table.dxgvTable_LECustomTheme>tbody>tr:nth-child(3)>td.dxgv b,table.dxgvTable_LECustomTheme>tbody>tr:nth-child(3)>td.dxgv' in '10' second(s)

2021-11-19 17:20:41 - [MESSAGE][PASSED] - Method.TextDegerineEsitElementVarMi is PASSED

2021-11-19 17:20:41 - [MESSAGE][PASSED] - Call Test Case 'Test Cases/Tablo/TablodaEttnliVeriOlusturulduMu' successfully

2021-11-19 17:20:41 - [MESSAGE][INFO] - Checking called Test Case

2021-11-19 17:20:41 - [MESSAGE][INFO] - Starting to call Test Case 'Test Cases/Tablo/TablodanEttnliVeriSec'

2021-11-19 17:20:41 - [TEST_CASE][PASSED] - Test Cases/Tablo/TablodanEttnliVeriSec: Test Cases/Tablo/TablodanEttnliVeriSec

2021-11-19 17:20:41 - [TEST_STEP][PASSED] - Method.TextDegerineEsitElementinAltindakineTikla(findTestObject("Tablo/Veriler"), findTestObject("Tablo/VerininCheckBoxi"), ettn): Method.TextDegerineEsitElementinAltindakineTikla is PASSED

2021-11-19 17:20:41 - [MESSAGE][INFO] - Finding Test Object 'Object Repository/Tablo/Veriler'

2021-11-19 17:20:41 - [MESSAGE][INFO] - Finding Test Object 'Object Repository/Tablo/VerininCheckBoxi'

2021-11-19 17:20:41 - [MESSAGE][INFO] - Checking timeout

2021-11-19 17:20:41 - [MESSAGE][INFO] - Finding web element with id: 'Object Repository/Tablo/Veriler' located by 'By.cssSelector: td.dxgv b ,td.dxgv' in '10' second(s)

2021-11-19 17:20:41 - [MESSAGE][INFO] - Smart Wait Function is triggered

2021-11-19 17:20:41 - [MESSAGE][INFO] - Found 70 web elements with id: 'Object Repository/Tablo/Veriler' located by 'By.cssSelector: td.dxgv b ,td.dxgv' in '10' second(s)

2021-11-19 17:20:41 - [MESSAGE][INFO] - Smart Wait Function is triggered

2021-11-19 17:20:42 - [MESSAGE][PASSED] - Method.TextDegerineEsitElementinAltindakineTikla is PASSED

2021-11-19 17:20:42 - [MESSAGE][PASSED] - Call Test Case 'Test Cases/Tablo/TablodanEttnliVeriSec' successfully

2021-11-19 17:20:42 - [MESSAGE][INFO] - Checking called Test Case

2021-11-19 17:20:42 - [MESSAGE][INFO] - Starting to call Test Case 'Test Cases/Butonlar/ButonaTikla'

2021-11-19 17:20:42 - [TEST_CASE][PASSED] - Test Cases/Butonlar/ButonaTikla: Test Cases/Butonlar/ButonaTikla

2021-11-19 17:20:42 - [TEST_STEP][PASSED] - Method.TextDegerineEsitElementeTiklaEquals(findTestObject("Butonlar/Butonlar"), Buton_Adi): Method.TextDegerineEsitElementeTiklaEquals is PASSED

2021-11-19 17:20:42 - [MESSAGE][INFO] - Finding Test Object 'Object Repository/Butonlar/Butonlar'

2021-11-19 17:20:42 - [MESSAGE][INFO] - Checking timeout

2021-11-19 17:20:42 - [MESSAGE][INFO] - Finding web element with id: 'Object Repository/Butonlar/Butonlar' located by 'By.cssSelector: .panel.panel-default.text-center.footerPanel .btn,.btn.btn-primary.btnControls' in '10' second(s)

2021-11-19 17:20:42 - [MESSAGE][INFO] - Smart Wait Function is triggered

2021-11-19 17:20:42 - [MESSAGE][INFO] - Found 9 web elements with id: 'Object Repository/Butonlar/Butonlar' located by 'By.cssSelector: .panel.panel-default.text-center.footerPanel .btn,.btn.btn-primary.btnControls' in '10' second(s)

2021-11-19 17:20:42 - [MESSAGE][PASSED] - Method.TextDegerineEsitElementeTiklaEquals is PASSED

2021-11-19 17:20:42 - [MESSAGE][PASSED] - Call Test Case 'Test Cases/Butonlar/ButonaTikla' successfully

2021-11-19 17:20:42 - [MESSAGE][INFO] - Checking called Test Case

2021-11-19 17:20:42 - [MESSAGE][INFO] - Starting to call Test Case 'Test Cases/Popup/PopupMesajiIceriyorMu'

2021-11-19 17:20:43 - [TEST_CASE][PASSED] - Test Cases/Popup/PopupMesajiIceriyorMu: Test Cases/Popup/PopupMesajiIceriyorMu

2021-11-19 17:20:43 - [TEST_STEP][PASSED] - waitForElementVisible(findTestObject("Popup/Popup"), 10): Object 'Object Repository/Popup/Popup' is visible

2021-11-19 17:20:43 - [MESSAGE][INFO] - Finding Test Object 'Object Repository/Popup/Popup'

2021-11-19 17:20:43 - [MESSAGE][INFO] - Checking object

2021-11-19 17:20:43 - [MESSAGE][INFO] - Checking timeout

2021-11-19 17:20:43 - [MESSAGE][INFO] - Finding web element from Test Object's properties

2021-11-19 17:20:43 - [MESSAGE][INFO] - Checking timeout

2021-11-19 17:20:43 - [MESSAGE][INFO] - Finding web element with id: 'Object Repository/Popup/Popup' located by 'By.cssSelector: .bootbox-body' in '10' second(s)

2021-11-19 17:20:43 - [MESSAGE][INFO] - Smart Wait Function is triggered

2021-11-19 17:20:43 - [MESSAGE][INFO] - Found 1 web elements with id: 'Object Repository/Popup/Popup' located by 'By.cssSelector: .bootbox-body' in '10' second(s)

2021-11-19 17:20:43 - [MESSAGE][PASSED] - Object 'Object Repository/Popup/Popup' is visible

2021-11-19 17:20:43 - [TEST_STEP][PASSED] - if (!(getText(findTestObject("Popup/Popup")).contains(Mesaj))): Text of object 'Object Repository/Popup/Popup' is: 'Oluşturulacak fatura numarası : EAR2021000000473 Fatura numarası oluşturulduktan sonra fatura silinemez. Fatura numarası, tarihi ve ön eki değiştirilemez. Devam etmek istiyor musunuz?'

2021-11-19 17:20:43 - [MESSAGE][INFO] - Finding Test Object 'Object Repository/Popup/Popup'

2021-11-19 17:20:44 - [MESSAGE][INFO] - Checking object

2021-11-19 17:20:44 - [MESSAGE][INFO] - Finding web element from Test Object's properties

2021-11-19 17:20:44 - [MESSAGE][INFO] - Checking timeout

2021-11-19 17:20:44 - [MESSAGE][INFO] - Finding web element with id: 'Object Repository/Popup/Popup' located by 'By.cssSelector: .bootbox-body' in '30' second(s)

2021-11-19 17:20:44 - [MESSAGE][INFO] - Smart Wait Function is triggered

2021-11-19 17:20:44 - [MESSAGE][INFO] - Found 1 web elements with id: 'Object Repository/Popup/Popup' located by 'By.cssSelector: .bootbox-body' in '30' second(s)

2021-11-19 17:20:44 - [MESSAGE][INFO] - Getting text of object 'Object Repository/Popup/Popup'

2021-11-19 17:20:44 - [MESSAGE][PASSED] - Text of object 'Object Repository/Popup/Popup' is: 'Oluşturulacak fatura numarası : EAR2021000000473 Fatura numarası oluşturulduktan sonra fatura silinemez. Fatura numarası, tarihi ve ön eki değiştirilemez. Devam etmek istiyor musunuz?'

2021-11-19 17:20:44 - [TEST_STEP][PASSED] - RaporNo = getText(findTestObject("Popup/Popup")).substring(0, 6): Text of object 'Object Repository/Popup/Popup' is: 'Oluşturulacak fatura numarası : EAR2021000000473 Fatura numarası oluşturulduktan sonra fatura silinemez. Fatura numarası, tarihi ve ön eki değiştirilemez. Devam etmek istiyor musunuz?'

2021-11-19 17:20:44 - [MESSAGE][INFO] - Finding Test Object 'Object Repository/Popup/Popup'

2021-11-19 17:20:44 - [MESSAGE][INFO] - Checking object

2021-11-19 17:20:44 - [MESSAGE][INFO] - Finding web element from Test Object's properties

2021-11-19 17:20:44 - [MESSAGE][INFO] - Checking timeout

2021-11-19 17:20:44 - [MESSAGE][INFO] - Finding web element with id: 'Object Repository/Popup/Popup' located by 'By.cssSelector: .bootbox-body' in '30' second(s)

2021-11-19 17:20:44 - [MESSAGE][INFO] - Smart Wait Function is triggered

2021-11-19 17:20:44 - [MESSAGE][INFO] - Found 1 web elements with id: 'Object Repository/Popup/Popup' located by 'By.cssSelector: .bootbox-body' in '30' second(s)

2021-11-19 17:20:44 - [MESSAGE][INFO] - Getting text of object 'Object Repository/Popup/Popup'

2021-11-19 17:20:44 - [MESSAGE][PASSED] - Text of object 'Object Repository/Popup/Popup' is: 'Oluşturulacak fatura numarası : EAR2021000000473 Fatura numarası oluşturulduktan sonra fatura silinemez. Fatura numarası, tarihi ve ön eki değiştirilemez. Devam etmek istiyor musunuz?'

2021-11-19 17:20:44 - [TEST_STEP][PASSED] - Console.println(RaporNo): null

2021-11-19 17:20:44 - [MESSAGE][PASSED] - Call Test Case 'Test Cases/Popup/PopupMesajiIceriyorMu' successfully

2021-11-19 17:20:44 - [MESSAGE][INFO] - Checking called Test Case

2021-11-19 17:20:44 - [MESSAGE][INFO] - Starting to call Test Case 'Test Cases/Popup/PopupButonSecilir'

2021-11-19 17:20:44 - [TEST_CASE][PASSED] - Test Cases/Popup/PopupButonSecilir: Test Cases/Popup/PopupButonSecilir

2021-11-19 17:20:44 - [TEST_STEP][PASSED] - Method.TextDegerineEsitElementeTikla(findTestObject("Popup/Popup_Butons"), Buton): Method.TextDegerineEsitElementeTikla is PASSED

2021-11-19 17:20:44 - [MESSAGE][INFO] - Finding Test Object 'Object Repository/Popup/Popup_Butons'

2021-11-19 17:20:44 - [MESSAGE][INFO] - Checking timeout

2021-11-19 17:20:44 - [MESSAGE][INFO] - Finding web element with id: 'Object Repository/Popup/Popup_Butons' located by 'By.cssSelector: .modal-footer>button' in '10' second(s)

2021-11-19 17:20:44 - [MESSAGE][INFO] - Smart Wait Function is triggered

2021-11-19 17:20:45 - [MESSAGE][INFO] - Found 2 web elements with id: 'Object Repository/Popup/Popup_Butons' located by 'By.cssSelector: .modal-footer>button' in '10' second(s)

2021-11-19 17:20:45 - [MESSAGE][PASSED] - Method.TextDegerineEsitElementeTikla is PASSED

2021-11-19 17:20:45 - [MESSAGE][PASSED] - Call Test Case 'Test Cases/Popup/PopupButonSecilir' successfully

2021-11-19 17:20:45 - [MESSAGE][INFO] - Checking called Test Case

2021-11-19 17:20:45 - [MESSAGE][INFO] - Starting to call Test Case 'Test Cases/Popup/PopupMesajiIceriyorMu'

2021-11-19 17:20:45 - [TEST_CASE][PASSED] - Test Cases/Popup/PopupMesajiIceriyorMu: Test Cases/Popup/PopupMesajiIceriyorMu

2021-11-19 17:20:45 - [TEST_STEP][PASSED] - waitForElementVisible(findTestObject("Popup/Popup"), 10): Object 'Object Repository/Popup/Popup' is visible

2021-11-19 17:20:45 - [MESSAGE][INFO] - Finding Test Object 'Object Repository/Popup/Popup'

2021-11-19 17:20:45 - [MESSAGE][INFO] - Checking object

2021-11-19 17:20:45 - [MESSAGE][INFO] - Checking timeout

2021-11-19 17:20:45 - [MESSAGE][INFO] - Finding web element from Test Object's properties

2021-11-19 17:20:45 - [MESSAGE][INFO] - Checking timeout

2021-11-19 17:20:45 - [MESSAGE][INFO] - Finding web element with id: 'Object Repository/Popup/Popup' located by 'By.cssSelector: .bootbox-body' in '10' second(s)

2021-11-19 17:20:45 - [MESSAGE][INFO] - Smart Wait Function is triggered

2021-11-19 17:20:46 - [MESSAGE][INFO] - Found 1 web elements with id: 'Object Repository/Popup/Popup' located by 'By.cssSelector: .bootbox-body' in '10' second(s)

2021-11-19 17:20:46 - [MESSAGE][PASSED] - Object 'Object Repository/Popup/Popup' is visible

2021-11-19 17:20:46 - [TEST_STEP][PASSED] - if (!(getText(findTestObject("Popup/Popup")).contains(Mesaj))): Text of object 'Object Repository/Popup/Popup' is: 'Fatura numaranız EAR2021000000473 olarak oluşmuştur.'

2021-11-19 17:20:46 - [MESSAGE][INFO] - Finding Test Object 'Object Repository/Popup/Popup'

2021-11-19 17:20:46 - [MESSAGE][INFO] - Checking object

2021-11-19 17:20:46 - [MESSAGE][INFO] - Finding web element from Test Object's properties

2021-11-19 17:20:46 - [MESSAGE][INFO] - Checking timeout

2021-11-19 17:20:46 - [MESSAGE][INFO] - Finding web element with id: 'Object Repository/Popup/Popup' located by 'By.cssSelector: .bootbox-body' in '30' second(s)

2021-11-19 17:20:46 - [MESSAGE][INFO] - Smart Wait Function is triggered

2021-11-19 17:20:46 - [MESSAGE][INFO] - Found 1 web elements with id: 'Object Repository/Popup/Popup' located by 'By.cssSelector: .bootbox-body' in '30' second(s)

2021-11-19 17:20:46 - [MESSAGE][INFO] - Getting text of object 'Object Repository/Popup/Popup'

2021-11-19 17:20:46 - [MESSAGE][PASSED] - Text of object 'Object Repository/Popup/Popup' is: 'Fatura numaranız EAR2021000000473 olarak oluşmuştur.'

2021-11-19 17:20:46 - [TEST_STEP][PASSED] - RaporNo = getText(findTestObject("Popup/Popup")).substring(0, 6): Text of object 'Object Repository/Popup/Popup' is: 'Fatura numaranız EAR2021000000473 olarak oluşmuştur.'

2021-11-19 17:20:46 - [MESSAGE][INFO] - Finding Test Object 'Object Repository/Popup/Popup'

2021-11-19 17:20:46 - [MESSAGE][INFO] - Checking object

2021-11-19 17:20:46 - [MESSAGE][INFO] - Finding web element from Test Object's properties

2021-11-19 17:20:46 - [MESSAGE][INFO] - Checking timeout

2021-11-19 17:20:46 - [MESSAGE][INFO] - Finding web element with id: 'Object Repository/Popup/Popup' located by 'By.cssSelector: .bootbox-body' in '30' second(s)

2021-11-19 17:20:46 - [MESSAGE][INFO] - Smart Wait Function is triggered

2021-11-19 17:20:47 - [MESSAGE][INFO] - Found 1 web elements with id: 'Object Repository/Popup/Popup' located by 'By.cssSelector: .bootbox-body' in '30' second(s)

2021-11-19 17:20:47 - [MESSAGE][INFO] - Getting text of object 'Object Repository/Popup/Popup'

2021-11-19 17:20:47 - [MESSAGE][PASSED] - Text of object 'Object Repository/Popup/Popup' is: 'Fatura numaranız EAR2021000000473 olarak oluşmuştur.'

2021-11-19 17:20:47 - [TEST_STEP][PASSED] - Console.println(RaporNo): null

2021-11-19 17:20:47 - [MESSAGE][PASSED] - Call Test Case 'Test Cases/Popup/PopupMesajiIceriyorMu' successfully

2021-11-19 17:20:47 - [MESSAGE][INFO] - Checking called Test Case

2021-11-19 17:20:47 - [MESSAGE][INFO] - Starting to call Test Case 'Test Cases/Popup/PopupButonSecilir'

2021-11-19 17:20:47 - [TEST_CASE][PASSED] - Test Cases/Popup/PopupButonSecilir: Test Cases/Popup/PopupButonSecilir

2021-11-19 17:20:47 - [TEST_STEP][PASSED] - Method.TextDegerineEsitElementeTikla(findTestObject("Popup/Popup_Butons"), Buton): Method.TextDegerineEsitElementeTikla is PASSED

2021-11-19 17:20:47 - [MESSAGE][INFO] - Finding Test Object 'Object Repository/Popup/Popup_Butons'

2021-11-19 17:20:47 - [MESSAGE][INFO] - Checking timeout

2021-11-19 17:20:47 - [MESSAGE][INFO] - Finding web element with id: 'Object Repository/Popup/Popup_Butons' located by 'By.cssSelector: .modal-footer>button' in '10' second(s)

2021-11-19 17:20:47 - [MESSAGE][INFO] - Smart Wait Function is triggered

2021-11-19 17:20:47 - [MESSAGE][INFO] - Found 1 web elements with id: 'Object Repository/Popup/Popup_Butons' located by 'By.cssSelector: .modal-footer>button' in '10' second(s)

2021-11-19 17:20:47 - [MESSAGE][PASSED] - Method.TextDegerineEsitElementeTikla is PASSED

2021-11-19 17:20:47 - [MESSAGE][PASSED] - Call Test Case 'Test Cases/Popup/PopupButonSecilir' successfully

2021-11-19 17:20:47 - [MESSAGE][INFO] - Checking called Test Case

2021-11-19 17:20:47 - [MESSAGE][INFO] - Starting to call Test Case 'Test Cases/Tablo/TablodanEttnliVeriSec'

2021-11-19 17:20:47 - [TEST_CASE][PASSED] - Test Cases/Tablo/TablodanEttnliVeriSec: Test Cases/Tablo/TablodanEttnliVeriSec

2021-11-19 17:20:47 - [TEST_STEP][PASSED] - Method.TextDegerineEsitElementinAltindakineTikla(findTestObject("Tablo/Veriler"), findTestObject("Tablo/VerininCheckBoxi"), ettn): Method.TextDegerineEsitElementinAltindakineTikla is PASSED

2021-11-19 17:20:47 - [MESSAGE][INFO] - Finding Test Object 'Object Repository/Tablo/Veriler'

2021-11-19 17:20:47 - [MESSAGE][INFO] - Finding Test Object 'Object Repository/Tablo/VerininCheckBoxi'

2021-11-19 17:20:48 - [MESSAGE][INFO] - Checking timeout

2021-11-19 17:20:48 - [MESSAGE][INFO] - Finding web element with id: 'Object Repository/Tablo/Veriler' located by 'By.cssSelector: td.dxgv b ,td.dxgv' in '10' second(s)

2021-11-19 17:20:48 - [MESSAGE][INFO] - Smart Wait Function is triggered

2021-11-19 17:20:48 - [MESSAGE][INFO] - Found 70 web elements with id: 'Object Repository/Tablo/Veriler' located by 'By.cssSelector: td.dxgv b ,td.dxgv' in '10' second(s)

2021-11-19 17:20:48 - [MESSAGE][INFO] - Smart Wait Function is triggered

2021-11-19 17:20:49 - [MESSAGE][PASSED] - Method.TextDegerineEsitElementinAltindakineTikla is PASSED

2021-11-19 17:20:49 - [MESSAGE][PASSED] - Call Test Case 'Test Cases/Tablo/TablodanEttnliVeriSec' successfully

2021-11-19 17:20:49 - [MESSAGE][INFO] - Checking called Test Case

2021-11-19 17:20:49 - [MESSAGE][INFO] - Starting to call Test Case 'Test Cases/Butonlar/ButonaTikla'

2021-11-19 17:20:49 - [TEST_CASE][PASSED] - Test Cases/Butonlar/ButonaTikla: Test Cases/Butonlar/ButonaTikla

2021-11-19 17:20:49 - [TEST_STEP][PASSED] - Method.TextDegerineEsitElementeTiklaEquals(findTestObject("Butonlar/Butonlar"), Buton_Adi): Method.TextDegerineEsitElementeTiklaEquals is PASSED

2021-11-19 17:20:49 - [MESSAGE][INFO] - Finding Test Object 'Object Repository/Butonlar/Butonlar'

2021-11-19 17:20:49 - [MESSAGE][INFO] - Checking timeout

2021-11-19 17:20:49 - [MESSAGE][INFO] - Finding web element with id: 'Object Repository/Butonlar/Butonlar' located by 'By.cssSelector: .panel.panel-default.text-center.footerPanel .btn,.btn.btn-primary.btnControls' in '10' second(s)

2021-11-19 17:20:49 - [MESSAGE][INFO] - Smart Wait Function is triggered

2021-11-19 17:20:49 - [MESSAGE][INFO] - Found 9 web elements with id: 'Object Repository/Butonlar/Butonlar' located by 'By.cssSelector: .panel.panel-default.text-center.footerPanel .btn,.btn.btn-primary.btnControls' in '10' second(s)

2021-11-19 17:20:50 - [MESSAGE][PASSED] - Method.TextDegerineEsitElementeTiklaEquals is PASSED

2021-11-19 17:20:50 - [MESSAGE][PASSED] - Call Test Case 'Test Cases/Butonlar/ButonaTikla' successfully

2021-11-19 17:20:50 - [MESSAGE][INFO] - Checking called Test Case

2021-11-19 17:20:50 - [MESSAGE][INFO] - Starting to call Test Case 'Test Cases/Popup/PopupMesajiIceriyorMu'

2021-11-19 17:20:50 - [TEST_CASE][PASSED] - Test Cases/Popup/PopupMesajiIceriyorMu: Test Cases/Popup/PopupMesajiIceriyorMu

2021-11-19 17:20:50 - [TEST_STEP][PASSED] - waitForElementVisible(findTestObject("Popup/Popup"), 10): Object 'Object Repository/Popup/Popup' is visible

2021-11-19 17:20:50 - [MESSAGE][INFO] - Finding Test Object 'Object Repository/Popup/Popup'

2021-11-19 17:20:50 - [MESSAGE][INFO] - Checking object

2021-11-19 17:20:50 - [MESSAGE][INFO] - Checking timeout

2021-11-19 17:20:50 - [MESSAGE][INFO] - Finding web element from Test Object's properties

2021-11-19 17:20:50 - [MESSAGE][INFO] - Checking timeout

2021-11-19 17:20:50 - [MESSAGE][INFO] - Finding web element with id: 'Object Repository/Popup/Popup' located by 'By.cssSelector: .bootbox-body' in '10' second(s)

2021-11-19 17:20:50 - [MESSAGE][INFO] - Smart Wait Function is triggered

2021-11-19 17:20:51 - [MESSAGE][INFO] - Found 1 web elements with id: 'Object Repository/Popup/Popup' located by 'By.cssSelector: .bootbox-body' in '10' second(s)

2021-11-19 17:20:51 - [MESSAGE][PASSED] - Object 'Object Repository/Popup/Popup' is visible

2021-11-19 17:20:51 - [TEST_STEP][PASSED] - if (!(getText(findTestObject("Popup/Popup")).contains(Mesaj))): Text of object 'Object Repository/Popup/Popup' is: 'Seçilen faturalarınız onaylanacaktır. Onaylanan faturalar üzerinde değişiklik yapılamaz. Devam etmek istiyor musunuz?'

2021-11-19 17:20:51 - [MESSAGE][INFO] - Finding Test Object 'Object Repository/Popup/Popup'

2021-11-19 17:20:51 - [MESSAGE][INFO] - Checking object

2021-11-19 17:20:51 - [MESSAGE][INFO] - Finding web element from Test Object's properties

2021-11-19 17:20:51 - [MESSAGE][INFO] - Checking timeout

2021-11-19 17:20:51 - [MESSAGE][INFO] - Finding web element with id: 'Object Repository/Popup/Popup' located by 'By.cssSelector: .bootbox-body' in '30' second(s)

2021-11-19 17:20:51 - [MESSAGE][INFO] - Smart Wait Function is triggered

2021-11-19 17:20:51 - [MESSAGE][INFO] - Found 1 web elements with id: 'Object Repository/Popup/Popup' located by 'By.cssSelector: .bootbox-body' in '30' second(s)

2021-11-19 17:20:51 - [MESSAGE][INFO] - Getting text of object 'Object Repository/Popup/Popup'

2021-11-19 17:20:51 - [MESSAGE][PASSED] - Text of object 'Object Repository/Popup/Popup' is: 'Seçilen faturalarınız onaylanacaktır. Onaylanan faturalar üzerinde değişiklik yapılamaz. Devam etmek istiyor musunuz?'

2021-11-19 17:20:51 - [TEST_STEP][PASSED] - RaporNo = getText(findTestObject("Popup/Popup")).substring(0, 6): Text of object 'Object Repository/Popup/Popup' is: 'Seçilen faturalarınız onaylanacaktır. Onaylanan faturalar üzerinde değişiklik yapılamaz. Devam etmek istiyor musunuz?'

2021-11-19 17:20:51 - [MESSAGE][INFO] - Finding Test Object 'Object Repository/Popup/Popup'

2021-11-19 17:20:51 - [MESSAGE][INFO] - Checking object

2021-11-19 17:20:51 - [MESSAGE][INFO] - Finding web element from Test Object's properties

2021-11-19 17:20:51 - [MESSAGE][INFO] - Checking timeout

2021-11-19 17:20:51 - [MESSAGE][INFO] - Finding web element with id: 'Object Repository/Popup/Popup' located by 'By.cssSelector: .bootbox-body' in '30' second(s)

2021-11-19 17:20:51 - [MESSAGE][INFO] - Smart Wait Function is triggered

2021-11-19 17:20:51 - [MESSAGE][INFO] - Found 1 web elements with id: 'Object Repository/Popup/Popup' located by 'By.cssSelector: .bootbox-body' in '30' second(s)

2021-11-19 17:20:51 - [MESSAGE][INFO] - Getting text of object 'Object Repository/Popup/Popup'

2021-11-19 17:20:51 - [MESSAGE][PASSED] - Text of object 'Object Repository/Popup/Popup' is: 'Seçilen faturalarınız onaylanacaktır. Onaylanan faturalar üzerinde değişiklik yapılamaz. Devam etmek istiyor musunuz?'

2021-11-19 17:20:51 - [TEST_STEP][PASSED] - Console.println(RaporNo): null

2021-11-19 17:20:51 - [MESSAGE][PASSED] - Call Test Case 'Test Cases/Popup/PopupMesajiIceriyorMu' successfully

2021-11-19 17:20:51 - [MESSAGE][INFO] - Checking called Test Case

2021-11-19 17:20:51 - [MESSAGE][INFO] - Starting to call Test Case 'Test Cases/Popup/PopupButonSecilir'

2021-11-19 17:20:51 - [TEST_CASE][PASSED] - Test Cases/Popup/PopupButonSecilir: Test Cases/Popup/PopupButonSecilir

2021-11-19 17:20:51 - [TEST_STEP][PASSED] - Method.TextDegerineEsitElementeTikla(findTestObject("Popup/Popup_Butons"), Buton): Method.TextDegerineEsitElementeTikla is PASSED

2021-11-19 17:20:51 - [MESSAGE][INFO] - Finding Test Object 'Object Repository/Popup/Popup_Butons'

2021-11-19 17:20:52 - [MESSAGE][INFO] - Checking timeout

2021-11-19 17:20:52 - [MESSAGE][INFO] - Finding web element with id: 'Object Repository/Popup/Popup_Butons' located by 'By.cssSelector: .modal-footer>button' in '10' second(s)

2021-11-19 17:20:52 - [MESSAGE][INFO] - Smart Wait Function is triggered

2021-11-19 17:20:52 - [MESSAGE][INFO] - Found 2 web elements with id: 'Object Repository/Popup/Popup_Butons' located by 'By.cssSelector: .modal-footer>button' in '10' second(s)

2021-11-19 17:20:52 - [MESSAGE][PASSED] - Method.TextDegerineEsitElementeTikla is PASSED

2021-11-19 17:20:52 - [MESSAGE][PASSED] - Call Test Case 'Test Cases/Popup/PopupButonSecilir' successfully

2021-11-19 17:20:52 - [MESSAGE][INFO] - Checking called Test Case

2021-11-19 17:20:52 - [MESSAGE][INFO] - Starting to call Test Case 'Test Cases/Menu/AnaMenuSecimi'

2021-11-19 17:20:52 - [TEST_CASE][PASSED] - Test Cases/Menu/AnaMenuSecimi: Test Cases/Menu/AnaMenuSecimi

2021-11-19 17:20:52 - [TEST_STEP][PASSED] - Method.TextDegerineEsitElementeTikla(findTestObject("Menu/Ana_Menu"), Ana_Menu): Method.TextDegerineEsitElementeTikla is PASSED

2021-11-19 17:20:52 - [MESSAGE][INFO] - Finding Test Object 'Object Repository/Menu/Ana_Menu'

2021-11-19 17:20:52 - [MESSAGE][INFO] - Checking timeout

2021-11-19 17:20:52 - [MESSAGE][INFO] - Finding web element with id: 'Object Repository/Menu/Ana_Menu' located by 'By.xpath: //*[@class = 'dropdown-toggle']' in '10' second(s)

2021-11-19 17:20:52 - [MESSAGE][INFO] - Smart Wait Function is triggered

2021-11-19 17:20:53 - [MESSAGE][INFO] - Found 13 web elements with id: 'Object Repository/Menu/Ana_Menu' located by 'By.xpath: //*[@class = 'dropdown-toggle']' in '10' second(s)

2021-11-19 17:20:53 - [MESSAGE][PASSED] - Method.TextDegerineEsitElementeTikla is PASSED

2021-11-19 17:20:53 - [MESSAGE][PASSED] - Call Test Case 'Test Cases/Menu/AnaMenuSecimi' successfully

2021-11-19 17:20:53 - [MESSAGE][INFO] - Checking called Test Case

2021-11-19 17:20:53 - [MESSAGE][INFO] - Starting to call Test Case 'Test Cases/Menu/BasligaGoreAltMenuSecimi'

2021-11-19 17:20:53 - [TEST_CASE][PASSED] - Test Cases/Menu/BasligaGoreAltMenuSecimi: Test Cases/Menu/BasligaGoreAltMenuSecimi

2021-11-19 17:20:53 - [TEST_STEP][PASSED] - Method.TextDegerineEsitElementinAltindakiTextDegerineEsitOlanaTikla(findTestObject("Menu/Menu_Basligi"), findTestObject("Menu/Basliga_Gore_Alt_Menu"), Baslik, Alt_Menu): Method.TextDegerineEsitElementinAltindakiTextDegerineEsitOlanaTikla is PASSED

2021-11-19 17:20:53 - [MESSAGE][INFO] - Finding Test Object 'Object Repository/Menu/Menu_Basligi'

2021-11-19 17:20:53 - [MESSAGE][INFO] - Finding Test Object 'Object Repository/Menu/Basliga_Gore_Alt_Menu'

2021-11-19 17:20:54 - [MESSAGE][INFO] - Checking timeout

2021-11-19 17:20:54 - [MESSAGE][INFO] - Finding web element with id: 'Object Repository/Menu/Menu_Basligi' located by 'By.xpath: //li[@class='dropdown dropdown-large open']//li[@class='dropdown-header']' in '10' second(s)

2021-11-19 17:20:54 - [MESSAGE][INFO] - Smart Wait Function is triggered

2021-11-19 17:20:54 - [MESSAGE][INFO] - Found 2 web elements with id: 'Object Repository/Menu/Menu_Basligi' located by 'By.xpath: //li[@class='dropdown dropdown-large open']//li[@class='dropdown-header']' in '10' second(s)

2021-11-19 17:20:54 - [MESSAGE][INFO] - Smart Wait Function is triggered

2021-11-19 17:20:55 - [MESSAGE][PASSED] - Method.TextDegerineEsitElementinAltindakiTextDegerineEsitOlanaTikla is PASSED

2021-11-19 17:20:55 - [MESSAGE][PASSED] - Call Test Case 'Test Cases/Menu/BasligaGoreAltMenuSecimi' successfully

2021-11-19 17:20:55 - [MESSAGE][INFO] - Checking called Test Case

2021-11-19 17:20:55 - [MESSAGE][INFO] - Starting to call Test Case 'Test Cases/Filtreler/EttnYaz'

2021-11-19 17:20:55 - [TEST_CASE][PASSED] - Test Cases/Filtreler/EttnYaz: Test Cases/Filtreler/EttnYaz

2021-11-19 17:20:55 - [TEST_STEP][PASSED] - Method.TextDegerineEsitElementinAltindakiTextboxtaYaz(findTestObject("Filtreler/Basliklar"), findTestObject("Filtreler/Basliga_Gore_Textbox"), "ETTN", ettn): Method.TextDegerineEsitElementinAltindakiTextboxtaYaz is PASSED

2021-11-19 17:20:55 - [MESSAGE][INFO] - Finding Test Object 'Object Repository/Filtreler/Basliklar'

2021-11-19 17:20:56 - [MESSAGE][INFO] - Finding Test Object 'Object Repository/Filtreler/Basliga_Gore_Textbox'

2021-11-19 17:20:56 - [MESSAGE][INFO] - Checking timeout

2021-11-19 17:20:56 - [MESSAGE][INFO] - Finding web element with id: 'Object Repository/Filtreler/Basliklar' located by 'By.cssSelector: .control-label.col-sm-4.paddingMarginRLC' in '10' second(s)

2021-11-19 17:20:56 - [MESSAGE][INFO] - Smart Wait Function is triggered

2021-11-19 17:20:56 - [MESSAGE][INFO] - Found 19 web elements with id: 'Object Repository/Filtreler/Basliklar' located by 'By.cssSelector: .control-label.col-sm-4.paddingMarginRLC' in '10' second(s)

2021-11-19 17:20:56 - [MESSAGE][INFO] - Smart Wait Function is triggered

2021-11-19 17:20:57 - [MESSAGE][PASSED] - Method.TextDegerineEsitElementinAltindakiTextboxtaYaz is PASSED

2021-11-19 17:20:57 - [MESSAGE][PASSED] - Call Test Case 'Test Cases/Filtreler/EttnYaz' successfully

2021-11-19 17:20:57 - [MESSAGE][INFO] - Checking called Test Case

2021-11-19 17:20:57 - [MESSAGE][INFO] - Starting to call Test Case 'Test Cases/Filtreler/ButonaTikla'

2021-11-19 17:20:57 - [TEST_CASE][PASSED] - Test Cases/Filtreler/ButonaTikla: Test Cases/Filtreler/ButonaTikla

2021-11-19 17:20:57 - [TEST_STEP][PASSED] - Method.TextDegerineEsitElementeTikla(findTestObject("Filtreler/Butonlar"), Filtre_Buton): Method.TextDegerineEsitElementeTikla is PASSED

2021-11-19 17:20:57 - [MESSAGE][INFO] - Finding Test Object 'Object Repository/Filtreler/Butonlar'

2021-11-19 17:20:57 - [MESSAGE][INFO] - Checking timeout

2021-11-19 17:20:57 - [MESSAGE][INFO] - Finding web element with id: 'Object Repository/Filtreler/Butonlar' located by 'By.cssSelector: .dxb>span' in '10' second(s)

2021-11-19 17:20:57 - [MESSAGE][INFO] - Smart Wait Function is triggered

2021-11-19 17:20:57 - [MESSAGE][INFO] - Found 3 web elements with id: 'Object Repository/Filtreler/Butonlar' located by 'By.cssSelector: .dxb>span' in '10' second(s)

2021-11-19 17:20:57 - [MESSAGE][PASSED] - Method.TextDegerineEsitElementeTikla is PASSED

2021-11-19 17:20:57 - [MESSAGE][PASSED] - Call Test Case 'Test Cases/Filtreler/ButonaTikla' successfully

2021-11-19 17:20:57 - [MESSAGE][INFO] - Checking called Test Case

2021-11-19 17:20:57 - [MESSAGE][INFO] - Starting to call Test Case 'Test Cases/Tablo/TablodaVeriVarMi'

2021-11-19 17:20:57 - [TEST_CASE][PASSED] - Test Cases/Tablo/TablodaVeriVarMi: Test Cases/Tablo/TablodaVeriVarMi

2021-11-19 17:20:57 - [TEST_STEP][PASSED] - verifyTextNotPresent("Görüntülenecek veri yok", true): Text 'Görüntülenecek veri yok' is not present on page using regular expression

2021-11-19 17:20:57 - [MESSAGE][INFO] - Checking text present  using regular expression

2021-11-19 17:20:57 - [MESSAGE][INFO] - Smart Wait Function is triggered

2021-11-19 17:20:58 - [MESSAGE][INFO] - Finding text 'Görüntülenecek veri yok' on page  using regular expression

2021-11-19 17:20:58 - [MESSAGE][PASSED] - Text 'Görüntülenecek veri yok' is not present on page using regular expression

2021-11-19 17:20:58 - [MESSAGE][PASSED] - Call Test Case 'Test Cases/Tablo/TablodaVeriVarMi' successfully

2021-11-19 17:20:58 - [MESSAGE][INFO] - Checking called Test Case

2021-11-19 17:20:58 - [MESSAGE][INFO] - Starting to call Test Case 'Test Cases/Tablo/TablodaVeriBasariliMiArsiv'

2021-11-19 17:20:58 - [TEST_CASE][PASSED] - Test Cases/Tablo/TablodaVeriBasariliMiArsiv: Test Cases/Tablo/TablodaVeriBasariliMiArsiv

2021-11-19 17:20:58 - [TEST_STEP][PASSED] - sayac = 80: null

2021-11-19 17:20:58 - [TEST_STEP][PASSED] - while (verifyElementText(findTestObject("Object Repository/Tablo/DurumBilgisiArsiv"), "Henüz Sonuçlanmadı", OPTIONAL)): Actual text 'Başarılı' and expected text 'Henüz Sonuçlanmadı' of test object 'Object Repository/Tablo/DurumBilgisiArsiv' are NOT matched. (Root cause: com.kms.katalon.core.exception.StepFailedException: Actual text 'Başarılı' and expected text 'Henüz Sonuçlanmadı' of test object 'Object Repository/Tablo/DurumBilgisiArsiv' are NOT matched.
	at com.kms.katalon.core.webui.keyword.internal.WebUIKeywordMain.stepFailed(WebUIKeywordMain.groovy:64)
	at com.kms.katalon.core.webui.keyword.builtin.VerifyElementTextKeyword$_verifyElementText_closure1.doCall(VerifyElementTextKeyword.groovy:57)
	at com.kms.katalon.core.webui.keyword.builtin.VerifyElementTextKeyword$_verifyElementText_closure1.call(VerifyElementTextKeyword.groovy)
	at com.kms.katalon.core.webui.keyword.internal.WebUIKeywordMain.runKeyword(WebUIKeywordMain.groovy:20)
	at com.kms.katalon.core.webui.keyword.builtin.VerifyElementTextKeyword.verifyElementText(VerifyElementTextKeyword.groovy:72)
	at com.kms.katalon.core.webui.keyword.builtin.VerifyElementTextKeyword.execute(VerifyElementTextKeyword.groovy:40)
	at com.kms.katalon.core.keyword.internal.KeywordExecutor.executeKeywordForPlatform(KeywordExecutor.groovy:73)
	at com.kms.katalon.core.webui.keyword.WebUiBuiltInKeywords.verifyElementText(WebUiBuiltInKeywords.groovy:4733)
	at com.kms.katalon.core.webui.keyword.WebUiBuiltInKeywords$verifyElementText$20.call(Unknown Source)
	at TablodaVeriBasariliMiArsiv.run(TablodaVeriBasariliMiArsiv:22)
	at com.kms.katalon.core.main.ScriptEngine.run(ScriptEngine.java:194)
	at com.kms.katalon.core.main.ScriptEngine.runScriptAsRawText(ScriptEngine.java:119)
	at com.kms.katalon.core.main.TestCaseExecutor.runScript(TestCaseExecutor.java:369)
	at com.kms.katalon.core.main.TestCaseExecutor.doExecute(TestCaseExecutor.java:360)
	at com.kms.katalon.core.main.TestCaseExecutor.processExecutionPhase(TestCaseExecutor.java:339)
	at com.kms.katalon.core.main.TestCaseExecutor.accessMainPhase(TestCaseExecutor.java:331)
	at com.kms.katalon.core.main.TestCaseExecutor.execute(TestCaseExecutor.java:248)
	at com.kms.katalon.core.main.TestCaseMain.runTestCase(TestCaseMain.java:138)
	at com.kms.katalon.core.keyword.builtin.CallTestCaseKeyword$_callTestCase_closure1.doCall(CallTestCaseKeyword.groovy:59)
	at com.kms.katalon.core.keyword.builtin.CallTestCaseKeyword$_callTestCase_closure1.call(CallTestCaseKeyword.groovy)
	at com.kms.katalon.core.keyword.internal.KeywordMain.runKeyword(KeywordMain.groovy:68)
	at com.kms.katalon.core.keyword.builtin.CallTestCaseKeyword.callTestCase(CallTestCaseKeyword.groovy:81)
	at com.kms.katalon.core.keyword.builtin.CallTestCaseKeyword.execute(CallTestCaseKeyword.groovy:44)
	at com.kms.katalon.core.keyword.internal.KeywordExecutor.executeKeywordForPlatform(KeywordExecutor.groovy:73)
	at com.kms.katalon.core.keyword.BuiltinKeywords.callTestCase(BuiltinKeywords.groovy:334)
	at tablo.tablo.tablodaVeriBasariliMiArsiv(tablo.groovy:95)
	at cucumber.runtime.Utils$1.call(Utils.java:26)
	at cucumber.runtime.Timeout.timeout(Timeout.java:16)
	at cucumber.runtime.Utils.invoke(Utils.java:20)
	at cucumber.runtime.java.JavaStepDefinition.execute(JavaStepDefinition.java:49)
	at cucumber.runner.PickleStepDefinitionMatch.runStep(PickleStepDefinitionMatch.java:50)
	at cucumber.runner.TestStep.executeStep(TestStep.java:63)
	at cucumber.runner.TestStep.run(TestStep.java:49)
	at cucumber.runner.PickleStepTestStep.run(PickleStepTestStep.java:43)
	at cucumber.runner.TestCase.run(TestCase.java:44)
	at cucumber.runner.Runner.runPickle(Runner.java:40)
	at cucumber.runtime.Runtime$1.run(Runtime.java:84)
	at cucumber.runtime.Runtime$SameThreadExecutorService.execute(Runtime.java:220)
	at cucumber.runtime.Runtime.run(Runtime.java:81)
	at cucumber.api.cli.Main.run(Main.java:26)
	at cucumber.api.cli.Main$run.call(Unknown Source)
	at com.kms.katalon.core.cucumber.keyword.CucumberBuiltinKeywords$_runFeatureFile_closure1.doCall(CucumberBuiltinKeywords.groovy:106)
	at com.kms.katalon.core.cucumber.keyword.CucumberBuiltinKeywords$_runFeatureFile_closure1.doCall(CucumberBuiltinKeywords.groovy)
	at com.kms.katalon.core.keyword.internal.KeywordMain.runKeyword(KeywordMain.groovy:68)
	at com.kms.katalon.core.keyword.internal.KeywordMain$runKeyword.call(Unknown Source)
	at com.kms.katalon.core.cucumber.keyword.CucumberBuiltinKeywords.runFeatureFile(CucumberBuiltinKeywords.groovy:73)
	at com.kms.katalon.core.cucumber.keyword.CucumberBuiltinKeywords$runFeatureFile$0.callStatic(Unknown Source)
	at com.kms.katalon.core.cucumber.keyword.CucumberBuiltinKeywords.runFeatureFile(CucumberBuiltinKeywords.groovy:246)
	at com.kms.katalon.core.cucumber.keyword.CucumberBuiltinKeywords$runFeatureFile.call(Unknown Source)
	at VKN-Kagit-Tevkifat.run(VKN-Kagit-Tevkifat:19)
	at com.kms.katalon.core.main.ScriptEngine.run(ScriptEngine.java:194)
	at com.kms.katalon.core.main.ScriptEngine.runScriptAsRawText(ScriptEngine.java:119)
	at com.kms.katalon.core.main.TestCaseExecutor.runScript(TestCaseExecutor.java:369)
	at com.kms.katalon.core.main.TestCaseExecutor.doExecute(TestCaseExecutor.java:360)
	at com.kms.katalon.core.main.TestCaseExecutor.processExecutionPhase(TestCaseExecutor.java:339)
	at com.kms.katalon.core.main.TestCaseExecutor.accessMainPhase(TestCaseExecutor.java:331)
	at com.kms.katalon.core.main.TestCaseExecutor.execute(TestCaseExecutor.java:248)
	at com.kms.katalon.core.main.TestSuiteExecutor.accessTestCaseMainPhase(TestSuiteExecutor.java:191)
	at com.kms.katalon.core.main.TestSuiteExecutor.accessTestSuiteMainPhase(TestSuiteExecutor.java:140)
	at com.kms.katalon.core.main.TestSuiteExecutor.execute(TestSuiteExecutor.java:89)
	at com.kms.katalon.core.main.TestCaseMain.startTestSuite(TestCaseMain.java:181)
	at com.kms.katalon.core.main.TestCaseMain$startTestSuite$0.call(Unknown Source)
	at TempTestSuite1637329560940.run(TempTestSuite1637329560940.groovy:39)
)

2021-11-19 17:20:58 - [MESSAGE][INFO] - Finding Test Object 'Object Repository/Tablo/DurumBilgisiArsiv'

2021-11-19 17:20:58 - [MESSAGE][INFO] - Checking object

2021-11-19 17:20:58 - [MESSAGE][INFO] - Finding web element from Test Object's properties

2021-11-19 17:20:58 - [MESSAGE][INFO] - Checking timeout

2021-11-19 17:20:58 - [MESSAGE][INFO] - Finding web element with id: 'Object Repository/Tablo/DurumBilgisiArsiv' located by 'By.xpath: //*[@id = 'GridViewEArchiveInvoices_tccell0_9']' in '30' second(s)

2021-11-19 17:20:58 - [MESSAGE][INFO] - Smart Wait Function is triggered

2021-11-19 17:20:58 - [MESSAGE][INFO] - Found 1 web elements with id: 'Object Repository/Tablo/DurumBilgisiArsiv' located by 'By.xpath: //*[@id = 'GridViewEArchiveInvoices_tccell0_9']' in '30' second(s)

2021-11-19 17:20:58 - [MESSAGE][WARNING] - Actual text 'Başarılı' and expected text 'Henüz Sonuçlanmadı' of test object 'Object Repository/Tablo/DurumBilgisiArsiv' are NOT matched. (Root cause: com.kms.katalon.core.exception.StepFailedException: Actual text 'Başarılı' and expected text 'Henüz Sonuçlanmadı' of test object 'Object Repository/Tablo/DurumBilgisiArsiv' are NOT matched.
	at com.kms.katalon.core.webui.keyword.internal.WebUIKeywordMain.stepFailed(WebUIKeywordMain.groovy:64)
	at com.kms.katalon.core.webui.keyword.builtin.VerifyElementTextKeyword$_verifyElementText_closure1.doCall(VerifyElementTextKeyword.groovy:57)
	at com.kms.katalon.core.webui.keyword.builtin.VerifyElementTextKeyword$_verifyElementText_closure1.call(VerifyElementTextKeyword.groovy)
	at com.kms.katalon.core.webui.keyword.internal.WebUIKeywordMain.runKeyword(WebUIKeywordMain.groovy:20)
	at com.kms.katalon.core.webui.keyword.builtin.VerifyElementTextKeyword.verifyElementText(VerifyElementTextKeyword.groovy:72)
	at com.kms.katalon.core.webui.keyword.builtin.VerifyElementTextKeyword.execute(VerifyElementTextKeyword.groovy:40)
	at com.kms.katalon.core.keyword.internal.KeywordExecutor.executeKeywordForPlatform(KeywordExecutor.groovy:73)
	at com.kms.katalon.core.webui.keyword.WebUiBuiltInKeywords.verifyElementText(WebUiBuiltInKeywords.groovy:4733)
	at com.kms.katalon.core.webui.keyword.WebUiBuiltInKeywords$verifyElementText$20.call(Unknown Source)
	at TablodaVeriBasariliMiArsiv.run(TablodaVeriBasariliMiArsiv:22)
	at com.kms.katalon.core.main.ScriptEngine.run(ScriptEngine.java:194)
	at com.kms.katalon.core.main.ScriptEngine.runScriptAsRawText(ScriptEngine.java:119)
	at com.kms.katalon.core.main.TestCaseExecutor.runScript(TestCaseExecutor.java:369)
	at com.kms.katalon.core.main.TestCaseExecutor.doExecute(TestCaseExecutor.java:360)
	at com.kms.katalon.core.main.TestCaseExecutor.processExecutionPhase(TestCaseExecutor.java:339)
	at com.kms.katalon.core.main.TestCaseExecutor.accessMainPhase(TestCaseExecutor.java:331)
	at com.kms.katalon.core.main.TestCaseExecutor.execute(TestCaseExecutor.java:248)
	at com.kms.katalon.core.main.TestCaseMain.runTestCase(TestCaseMain.java:138)
	at com.kms.katalon.core.keyword.builtin.CallTestCaseKeyword$_callTestCase_closure1.doCall(CallTestCaseKeyword.groovy:59)
	at com.kms.katalon.core.keyword.builtin.CallTestCaseKeyword$_callTestCase_closure1.call(CallTestCaseKeyword.groovy)
	at com.kms.katalon.core.keyword.internal.KeywordMain.runKeyword(KeywordMain.groovy:68)
	at com.kms.katalon.core.keyword.builtin.CallTestCaseKeyword.callTestCase(CallTestCaseKeyword.groovy:81)
	at com.kms.katalon.core.keyword.builtin.CallTestCaseKeyword.execute(CallTestCaseKeyword.groovy:44)
	at com.kms.katalon.core.keyword.internal.KeywordExecutor.executeKeywordForPlatform(KeywordExecutor.groovy:73)
	at com.kms.katalon.core.keyword.BuiltinKeywords.callTestCase(BuiltinKeywords.groovy:334)
	at tablo.tablo.tablodaVeriBasariliMiArsiv(tablo.groovy:95)
	at cucumber.runtime.Utils$1.call(Utils.java:26)
	at cucumber.runtime.Timeout.timeout(Timeout.java:16)
	at cucumber.runtime.Utils.invoke(Utils.java:20)
	at cucumber.runtime.java.JavaStepDefinition.execute(JavaStepDefinition.java:49)
	at cucumber.runner.PickleStepDefinitionMatch.runStep(PickleStepDefinitionMatch.java:50)
	at cucumber.runner.TestStep.executeStep(TestStep.java:63)
	at cucumber.runner.TestStep.run(TestStep.java:49)
	at cucumber.runner.PickleStepTestStep.run(PickleStepTestStep.java:43)
	at cucumber.runner.TestCase.run(TestCase.java:44)
	at cucumber.runner.Runner.runPickle(Runner.java:40)
	at cucumber.runtime.Runtime$1.run(Runtime.java:84)
	at cucumber.runtime.Runtime$SameThreadExecutorService.execute(Runtime.java:220)
	at cucumber.runtime.Runtime.run(Runtime.java:81)
	at cucumber.api.cli.Main.run(Main.java:26)
	at cucumber.api.cli.Main$run.call(Unknown Source)
	at com.kms.katalon.core.cucumber.keyword.CucumberBuiltinKeywords$_runFeatureFile_closure1.doCall(CucumberBuiltinKeywords.groovy:106)
	at com.kms.katalon.core.cucumber.keyword.CucumberBuiltinKeywords$_runFeatureFile_closure1.doCall(CucumberBuiltinKeywords.groovy)
	at com.kms.katalon.core.keyword.internal.KeywordMain.runKeyword(KeywordMain.groovy:68)
	at com.kms.katalon.core.keyword.internal.KeywordMain$runKeyword.call(Unknown Source)
	at com.kms.katalon.core.cucumber.keyword.CucumberBuiltinKeywords.runFeatureFile(CucumberBuiltinKeywords.groovy:73)
	at com.kms.katalon.core.cucumber.keyword.CucumberBuiltinKeywords$runFeatureFile$0.callStatic(Unknown Source)
	at com.kms.katalon.core.cucumber.keyword.CucumberBuiltinKeywords.runFeatureFile(CucumberBuiltinKeywords.groovy:246)
	at com.kms.katalon.core.cucumber.keyword.CucumberBuiltinKeywords$runFeatureFile.call(Unknown Source)
	at VKN-Kagit-Tevkifat.run(VKN-Kagit-Tevkifat:19)
	at com.kms.katalon.core.main.ScriptEngine.run(ScriptEngine.java:194)
	at com.kms.katalon.core.main.ScriptEngine.runScriptAsRawText(ScriptEngine.java:119)
	at com.kms.katalon.core.main.TestCaseExecutor.runScript(TestCaseExecutor.java:369)
	at com.kms.katalon.core.main.TestCaseExecutor.doExecute(TestCaseExecutor.java:360)
	at com.kms.katalon.core.main.TestCaseExecutor.processExecutionPhase(TestCaseExecutor.java:339)
	at com.kms.katalon.core.main.TestCaseExecutor.accessMainPhase(TestCaseExecutor.java:331)
	at com.kms.katalon.core.main.TestCaseExecutor.execute(TestCaseExecutor.java:248)
	at com.kms.katalon.core.main.TestSuiteExecutor.accessTestCaseMainPhase(TestSuiteExecutor.java:191)
	at com.kms.katalon.core.main.TestSuiteExecutor.accessTestSuiteMainPhase(TestSuiteExecutor.java:140)
	at com.kms.katalon.core.main.TestSuiteExecutor.execute(TestSuiteExecutor.java:89)
	at com.kms.katalon.core.main.TestCaseMain.startTestSuite(TestCaseMain.java:181)
	at com.kms.katalon.core.main.TestCaseMain$startTestSuite$0.call(Unknown Source)
	at TempTestSuite1637329560940.run(TempTestSuite1637329560940.groovy:39)
)

2021-11-19 17:20:58 - [TEST_STEP][PASSED] - Method.TextDegerineEsitElementVarMi(findTestObject("Object Repository/Tablo/DurumBilgisiArsiv"), "Başarılı"): Method.TextDegerineEsitElementVarMi is PASSED

2021-11-19 17:20:58 - [MESSAGE][INFO] - Finding Test Object 'Object Repository/Tablo/DurumBilgisiArsiv'

2021-11-19 17:20:59 - [MESSAGE][INFO] - Checking timeout

2021-11-19 17:20:59 - [MESSAGE][INFO] - Finding web element with id: 'Object Repository/Tablo/DurumBilgisiArsiv' located by 'By.xpath: //*[@id = 'GridViewEArchiveInvoices_tccell0_9']' in '10' second(s)

2021-11-19 17:20:59 - [MESSAGE][INFO] - Smart Wait Function is triggered

2021-11-19 17:20:59 - [MESSAGE][INFO] - Found 1 web elements with id: 'Object Repository/Tablo/DurumBilgisiArsiv' located by 'By.xpath: //*[@id = 'GridViewEArchiveInvoices_tccell0_9']' in '10' second(s)

2021-11-19 17:20:59 - [MESSAGE][PASSED] - Method.TextDegerineEsitElementVarMi is PASSED

2021-11-19 17:20:59 - [MESSAGE][PASSED] - Call Test Case 'Test Cases/Tablo/TablodaVeriBasariliMiArsiv' successfully

2021-11-19 17:20:59 - [MESSAGE][INFO] - Checking called Test Case

2021-11-19 17:20:59 - [MESSAGE][INFO] - Starting to call Test Case 'Test Cases/Kullanici_Islemleri/KullaniciIslemlerindenSecimYapilir'

2021-11-19 17:20:59 - [TEST_CASE][PASSED] - Test Cases/Kullanici_Islemleri/KullaniciIslemlerindenSecimYapilir: Test Cases/Kullanici_Islemleri/KullaniciIslemlerindenSecimYapilir

2021-11-19 17:20:59 - [TEST_STEP][PASSED] - waitForElementClickable(findTestObject("Object Repository/Kullanici_Islemleri/KullaniciIslemleri"), 10): Object 'Object Repository/Kullanici_Islemleri/KullaniciIslemleri' is clickable

2021-11-19 17:20:59 - [MESSAGE][INFO] - Finding Test Object 'Object Repository/Kullanici_Islemleri/KullaniciIslemleri'

2021-11-19 17:20:59 - [MESSAGE][INFO] - Checking object

2021-11-19 17:20:59 - [MESSAGE][INFO] - Checking timeout

2021-11-19 17:20:59 - [MESSAGE][INFO] - Finding web element from Test Object's properties

2021-11-19 17:20:59 - [MESSAGE][INFO] - Checking timeout

2021-11-19 17:20:59 - [MESSAGE][INFO] - Finding web element with id: 'Object Repository/Kullanici_Islemleri/KullaniciIslemleri' located by 'By.cssSelector: .dropdown>a>img' in '10' second(s)

2021-11-19 17:20:59 - [MESSAGE][INFO] - Smart Wait Function is triggered

2021-11-19 17:20:59 - [MESSAGE][INFO] - Found 1 web elements with id: 'Object Repository/Kullanici_Islemleri/KullaniciIslemleri' located by 'By.cssSelector: .dropdown>a>img' in '10' second(s)

2021-11-19 17:20:59 - [MESSAGE][PASSED] - Object 'Object Repository/Kullanici_Islemleri/KullaniciIslemleri' is clickable

2021-11-19 17:20:59 - [TEST_STEP][PASSED] - click(findTestObject("Object Repository/Kullanici_Islemleri/KullaniciIslemleri")): Object: 'Object Repository/Kullanici_Islemleri/KullaniciIslemleri' is clicked on

2021-11-19 17:20:59 - [MESSAGE][INFO] - Finding Test Object 'Object Repository/Kullanici_Islemleri/KullaniciIslemleri'

2021-11-19 17:20:59 - [MESSAGE][INFO] - Checking object

2021-11-19 17:20:59 - [MESSAGE][INFO] - Finding web element from Test Object's properties

2021-11-19 17:20:59 - [MESSAGE][INFO] - Checking timeout

2021-11-19 17:20:59 - [MESSAGE][INFO] - Finding web element with id: 'Object Repository/Kullanici_Islemleri/KullaniciIslemleri' located by 'By.cssSelector: .dropdown>a>img' in '30' second(s)

2021-11-19 17:20:59 - [MESSAGE][INFO] - Smart Wait Function is triggered

2021-11-19 17:21:00 - [MESSAGE][INFO] - Found 1 web elements with id: 'Object Repository/Kullanici_Islemleri/KullaniciIslemleri' located by 'By.cssSelector: .dropdown>a>img' in '30' second(s)

2021-11-19 17:21:00 - [MESSAGE][INFO] - Clicking on object: 'Object Repository/Kullanici_Islemleri/KullaniciIslemleri'

2021-11-19 17:21:00 - [MESSAGE][PASSED] - Object: 'Object Repository/Kullanici_Islemleri/KullaniciIslemleri' is clicked on

2021-11-19 17:21:00 - [TEST_STEP][PASSED] - Method.TextDegerineEsitElementeTikla(findTestObject("Object Repository/Kullanici_Islemleri/Secenekler"), Islem): Method.TextDegerineEsitElementeTikla is PASSED

2021-11-19 17:21:00 - [MESSAGE][INFO] - Finding Test Object 'Object Repository/Kullanici_Islemleri/Secenekler'

2021-11-19 17:21:00 - [MESSAGE][INFO] - Checking timeout

2021-11-19 17:21:00 - [MESSAGE][INFO] - Finding web element with id: 'Object Repository/Kullanici_Islemleri/Secenekler' located by 'By.cssSelector: .nav.navbar-nav.navbar-right li a' in '10' second(s)

2021-11-19 17:21:00 - [MESSAGE][INFO] - Smart Wait Function is triggered

2021-11-19 17:21:00 - [MESSAGE][INFO] - Found 20 web elements with id: 'Object Repository/Kullanici_Islemleri/Secenekler' located by 'By.cssSelector: .nav.navbar-nav.navbar-right li a' in '10' second(s)

2021-11-19 17:21:02 - [MESSAGE][PASSED] - Method.TextDegerineEsitElementeTikla is PASSED

2021-11-19 17:21:02 - [TEST_STEP][PASSED] - verifyElementNotPresent(findTestObject("Object Repository/Kullanici_Islemleri/Secenekler"), 10): Web element with id: 'Object Repository/Kullanici_Islemleri/Secenekler' located by 'By.cssSelector: .nav.navbar-nav.navbar-right li a' is not present after '10' second(s)

2021-11-19 17:21:02 - [MESSAGE][INFO] - Finding Test Object 'Object Repository/Kullanici_Islemleri/Secenekler'

2021-11-19 17:21:02 - [MESSAGE][INFO] - Checking object

2021-11-19 17:21:02 - [MESSAGE][INFO] - Checking timeout

2021-11-19 17:21:02 - [MESSAGE][INFO] - Finding web element with id: 'Object Repository/Kullanici_Islemleri/Secenekler' located by 'By.cssSelector: .nav.navbar-nav.navbar-right li a' in '10' second(s)

2021-11-19 17:21:02 - [MESSAGE][INFO] - Smart Wait Function is triggered

2021-11-19 17:21:02 - [MESSAGE][PASSED] - Web element with id: 'Object Repository/Kullanici_Islemleri/Secenekler' located by 'By.cssSelector: .nav.navbar-nav.navbar-right li a' is not present after '10' second(s)

2021-11-19 17:21:02 - [MESSAGE][PASSED] - Call Test Case 'Test Cases/Kullanici_Islemleri/KullaniciIslemlerindenSecimYapilir' successfully

2021-11-19 17:21:02 - [TEST_CASE][PASSED] - Start Test Case : SCENARIO Gonderim tipi Kagit ve Tevkifat tipinde e-Arsiv faturasi olusturulmasi: SCENARIO Gonderim tipi Kagit ve Tevkifat tipinde e-Arsiv faturasi olusturulmasi

2021-11-19 17:21:02 - [TEST_STEP][PASSED] - Kullanıcı adı EARTEVKIFAT ve Şifre test1234 olarak giriş yapılır: Kullanıcı adı EARTEVKIFAT ve Şifre test1234 olarak giriş yapılır

2021-11-19 17:21:02 - [MESSAGE][PASSED] - Kullanıcı adı EARTEVKIFAT ve Şifre test1234 olarak giriş yapılır

2021-11-19 17:21:02 - [TEST_STEP][PASSED] - Ana menüden e-Arşiv seçilir: Ana menüden e-Arşiv seçilir

2021-11-19 17:21:02 - [MESSAGE][PASSED] - Ana menüden e-Arşiv seçilir

2021-11-19 17:21:02 - [TEST_STEP][PASSED] - Alt menü e-Arşiv Araçları başlığı altındaki e-Arşiv Fatura Oluşturma seçilir: Alt menü e-Arşiv Araçları başlığı altındaki e-Arşiv Fatura Oluşturma seçilir

2021-11-19 17:21:02 - [MESSAGE][PASSED] - Alt menü e-Arşiv Araçları başlığı altındaki e-Arşiv Fatura Oluşturma seçilir

2021-11-19 17:21:02 - [TEST_STEP][PASSED] - Tablodaki tüm veriler silinir: Tablodaki tüm veriler silinir

2021-11-19 17:21:02 - [MESSAGE][PASSED] - Tablodaki tüm veriler silinir

2021-11-19 17:21:02 - [TEST_STEP][PASSED] - Butonlardan Ekle isimli butona tıklanır: Butonlardan Ekle isimli butona tıklanır

2021-11-19 17:21:02 - [MESSAGE][PASSED] - Butonlardan Ekle isimli butona tıklanır

2021-11-19 17:21:02 - [TEST_STEP][PASSED] - Görsel tasarım sayfasının e-Arşiv Fatura Bilgileri başlığını içerdiği kontrol edilir: Görsel tasarım sayfasının e-Arşiv Fatura Bilgileri başlığını içerdiği kontrol edilir

2021-11-19 17:21:02 - [MESSAGE][PASSED] - Görsel tasarım sayfasının e-Arşiv Fatura Bilgileri başlığını içerdiği kontrol edilir

2021-11-19 17:21:02 - [TEST_STEP][PASSED] - Alıcı adı alanına UC0016 girilir: Alıcı adı alanına UC0016 girilir

2021-11-19 17:21:02 - [MESSAGE][PASSED] - Alıcı adı alanına UC0016 girilir

2021-11-19 17:21:02 - [TEST_STEP][PASSED] - Gönderim Şekli Kağıt olarak seçilir: Gönderim Şekli Kağıt olarak seçilir

2021-11-19 17:21:02 - [MESSAGE][PASSED] - Gönderim Şekli Kağıt olarak seçilir

2021-11-19 17:21:02 - [TEST_STEP][PASSED] - Tip alanından Tevkifat seçilir: Tip alanından Tevkifat seçilir

2021-11-19 17:21:02 - [MESSAGE][PASSED] - Tip alanından Tevkifat seçilir

2021-11-19 17:21:02 - [TEST_STEP][PASSED] - Döküman Para Birimi alanından Türk Lirası seçilir: Döküman Para Birimi alanından Türk Lirası seçilir

2021-11-19 17:21:02 - [MESSAGE][PASSED] - Döküman Para Birimi alanından Türk Lirası seçilir

2021-11-19 17:21:02 - [TEST_STEP][PASSED] - Ön Ek EAR olarak seçilir: Ön Ek EAR olarak seçilir

2021-11-19 17:21:02 - [MESSAGE][PASSED] - Ön Ek EAR olarak seçilir

2021-11-19 17:21:02 - [TEST_STEP][PASSED] - Tasarım alanından Otomasyon seçilir: Tasarım alanından Otomasyon seçilir

2021-11-19 17:21:02 - [MESSAGE][PASSED] - Tasarım alanından Otomasyon seçilir

2021-11-19 17:21:02 - [TEST_STEP][PASSED] - Sipariş bilgileri UUC-SAT-1200001 ve 31.04.2020 olarak girilir: Sipariş bilgileri UUC-SAT-1200001 ve 31.04.2020 olarak girilir

2021-11-19 17:21:02 - [MESSAGE][PASSED] - Sipariş bilgileri UUC-SAT-1200001 ve 31.04.2020 olarak girilir

2021-11-19 17:21:02 - [TEST_STEP][PASSED] - İrsaliye Bilgileri AAAAAAAAAA,31.04.2020 olarak girilir: İrsaliye Bilgileri AAAAAAAAAA,31.04.2020 olarak girilir

2021-11-19 17:21:02 - [MESSAGE][PASSED] - İrsaliye Bilgileri AAAAAAAAAA,31.04.2020 olarak girilir

2021-11-19 17:21:02 - [TEST_STEP][PASSED] - Ekle butonuna basılır: Ekle butonuna basılır

2021-11-19 17:21:02 - [MESSAGE][PASSED] - Ekle butonuna basılır

2021-11-19 17:21:02 - [TEST_STEP][PASSED] - Ürün ekleme alanında Mal/Hizmet başlığına Otomasyon girilir: Ürün ekleme alanında Mal/Hizmet başlığına Otomasyon girilir

2021-11-19 17:21:02 - [MESSAGE][PASSED] - Ürün ekleme alanında Mal/Hizmet başlığına Otomasyon girilir

2021-11-19 17:21:02 - [TEST_STEP][PASSED] - Ürün ekleme alanında Açıklaması başlığına Virgosol girilir: Ürün ekleme alanında Açıklaması başlığına Virgosol girilir

2021-11-19 17:21:02 - [MESSAGE][PASSED] - Ürün ekleme alanında Açıklaması başlığına Virgosol girilir

2021-11-19 17:21:02 - [TEST_STEP][PASSED] - Ürün ekleme alanında Miktarı başlığına 400 girilir: Ürün ekleme alanında Miktarı başlığına 400 girilir

2021-11-19 17:21:02 - [MESSAGE][PASSED] - Ürün ekleme alanında Miktarı başlığına 400 girilir

2021-11-19 17:21:02 - [TEST_STEP][PASSED] - Ürün ekleme alanında Birim Fiyat başlığına 100 girilir: Ürün ekleme alanında Birim Fiyat başlığına 100 girilir

2021-11-19 17:21:02 - [MESSAGE][PASSED] - Ürün ekleme alanında Birim Fiyat başlığına 100 girilir

2021-11-19 17:21:02 - [TEST_STEP][PASSED] - Ürün ekleme alanında İskonto Oranı % başlığına 10 girilir: Ürün ekleme alanında İskonto Oranı % başlığına 10 girilir

2021-11-19 17:21:02 - [MESSAGE][PASSED] - Ürün ekleme alanında İskonto Oranı % başlığına 10 girilir

2021-11-19 17:21:02 - [TEST_STEP][PASSED] - Ürün ekleme alanında KDV TEVKİFAT Kodu başlığına 604 - YEMEK SERVİS HİZMETİ girilir: Ürün ekleme alanında KDV TEVKİFAT Kodu başlığına 604 - YEMEK SERVİS HİZMETİ girilir

2021-11-19 17:21:02 - [MESSAGE][PASSED] - Ürün ekleme alanında KDV TEVKİFAT Kodu başlığına 604 - YEMEK SERVİS HİZMETİ girilir

2021-11-19 17:21:02 - [TEST_STEP][PASSED] - Notlar alanına Otomasyon Not girilir: Notlar alanına Otomasyon Not girilir

2021-11-19 17:21:02 - [MESSAGE][PASSED] - Notlar alanına Otomasyon Not girilir

2021-11-19 17:21:02 - [TEST_STEP][PASSED] - Ettn bilgisi kayıt edilir: Ettn bilgisi kayıt edilir

2021-11-19 17:21:02 - [MESSAGE][PASSED] - Ettn bilgisi kayıt edilir

2021-11-19 17:21:02 - [TEST_STEP][PASSED] - Kaydet butonu seçilir: Kaydet butonu seçilir

2021-11-19 17:21:02 - [MESSAGE][PASSED] - Kaydet butonu seçilir

2021-11-19 17:21:02 - [TEST_STEP][PASSED] - Tabloda Ettn bilgisi kaydedilen veri oluşturuldu mu: Tabloda Ettn bilgisi kaydedilen veri oluşturuldu mu

2021-11-19 17:21:02 - [MESSAGE][PASSED] - Tabloda Ettn bilgisi kaydedilen veri oluşturuldu mu

2021-11-19 17:21:02 - [TEST_STEP][PASSED] - Tablodan Ettn bilgisi kaydedilen veri seçilir: Tablodan Ettn bilgisi kaydedilen veri seçilir

2021-11-19 17:21:02 - [MESSAGE][PASSED] - Tablodan Ettn bilgisi kaydedilen veri seçilir

2021-11-19 17:21:02 - [TEST_STEP][PASSED] - Butonlardan Numara Oluştur isimli butona tıklanır: Butonlardan Numara Oluştur isimli butona tıklanır

2021-11-19 17:21:02 - [MESSAGE][PASSED] - Butonlardan Numara Oluştur isimli butona tıklanır

2021-11-19 17:21:02 - [TEST_STEP][PASSED] - Popup mesajı Devam etmek istiyor musunuz içeriyor mu: Popup mesajı Devam etmek istiyor musunuz içeriyor mu

2021-11-19 17:21:02 - [MESSAGE][PASSED] - Popup mesajı Devam etmek istiyor musunuz içeriyor mu

2021-11-19 17:21:02 - [TEST_STEP][PASSED] - Yönetim popupında Evet seçilir: Yönetim popupında Evet seçilir

2021-11-19 17:21:02 - [MESSAGE][PASSED] - Yönetim popupında Evet seçilir

2021-11-19 17:21:02 - [TEST_STEP][PASSED] - Popup mesajı oluşmuştur içeriyor mu: Popup mesajı oluşmuştur içeriyor mu

2021-11-19 17:21:02 - [MESSAGE][PASSED] - Popup mesajı oluşmuştur içeriyor mu

2021-11-19 17:21:02 - [TEST_STEP][PASSED] - Yönetim popupında Tamam seçilir: Yönetim popupında Tamam seçilir

2021-11-19 17:21:02 - [MESSAGE][PASSED] - Yönetim popupında Tamam seçilir

2021-11-19 17:21:02 - [TEST_STEP][PASSED] - Tablodan Ettn bilgisi kaydedilen veri seçilir: Tablodan Ettn bilgisi kaydedilen veri seçilir

2021-11-19 17:21:02 - [MESSAGE][PASSED] - Tablodan Ettn bilgisi kaydedilen veri seçilir

2021-11-19 17:21:02 - [TEST_STEP][PASSED] - Butonlardan Gönder isimli butona tıklanır: Butonlardan Gönder isimli butona tıklanır

2021-11-19 17:21:02 - [MESSAGE][PASSED] - Butonlardan Gönder isimli butona tıklanır

2021-11-19 17:21:02 - [TEST_STEP][PASSED] - Popup mesajı Devam etmek istiyor musunuz içeriyor mu: Popup mesajı Devam etmek istiyor musunuz içeriyor mu

2021-11-19 17:21:02 - [MESSAGE][PASSED] - Popup mesajı Devam etmek istiyor musunuz içeriyor mu

2021-11-19 17:21:02 - [TEST_STEP][PASSED] - Yönetim popupında Evet seçilir: Yönetim popupında Evet seçilir

2021-11-19 17:21:02 - [MESSAGE][PASSED] - Yönetim popupında Evet seçilir

2021-11-19 17:21:02 - [TEST_STEP][PASSED] - Ana menüden e-Arşiv seçilir: Ana menüden e-Arşiv seçilir

2021-11-19 17:21:02 - [MESSAGE][PASSED] - Ana menüden e-Arşiv seçilir

2021-11-19 17:21:02 - [TEST_STEP][PASSED] - Alt menü e-Arşiv Hareketleri başlığı altındaki e-Arşiv Faturaları seçilir: Alt menü e-Arşiv Hareketleri başlığı altındaki e-Arşiv Faturaları seçilir

2021-11-19 17:21:02 - [MESSAGE][PASSED] - Alt menü e-Arşiv Hareketleri başlığı altındaki e-Arşiv Faturaları seçilir

2021-11-19 17:21:02 - [TEST_STEP][PASSED] - Filtrelerden Ettn filtresine Ettn bilgisi yaz: Filtrelerden Ettn filtresine Ettn bilgisi yaz

2021-11-19 17:21:02 - [MESSAGE][PASSED] - Filtrelerden Ettn filtresine Ettn bilgisi yaz

2021-11-19 17:21:02 - [TEST_STEP][PASSED] - Filtre butonlarından Listele seçilir: Filtre butonlarından Listele seçilir

2021-11-19 17:21:02 - [MESSAGE][PASSED] - Filtre butonlarından Listele seçilir

2021-11-19 17:21:02 - [TEST_STEP][PASSED] - Tabloda veri var mı kontrol edilir: Tabloda veri var mı kontrol edilir

2021-11-19 17:21:02 - [MESSAGE][PASSED] - Tabloda veri var mı kontrol edilir

2021-11-19 17:21:02 - [TEST_STEP][PASSED] - Tabloda yeni oluşturulan eArsiv verisi başarılı mı: Tabloda yeni oluşturulan eArsiv verisi başarılı mı

2021-11-19 17:21:02 - [MESSAGE][PASSED] - Tabloda yeni oluşturulan eArsiv verisi başarılı mı

2021-11-19 17:21:02 - [TEST_STEP][PASSED] - Kullanıcı işlemlerinden Çıkış seçilir: Kullanıcı işlemlerinden Çıkış seçilir

2021-11-19 17:21:02 - [MESSAGE][PASSED] - Kullanıcı işlemlerinden Çıkış seçilir

2021-11-19 17:21:02 - [MESSAGE][PASSED] - Feature file: 'Include/features/Regresyon/e-Arsiv/VKN-Kagit-Tevkifat.feature' was passed

2021-11-19 17:21:02 - [TEST_STEP][PASSED] - Start listener action : sampleAfterTestSuite: Invoke 'com.kms.katalon.core.annotation.AfterTestCase' method: 'Listener.sampleAfterTestSuite(...)' completed.

2021-11-19 17:21:02 - [MESSAGE][INFO] - Starting invoke 'com.kms.katalon.core.annotation.AfterTestCase' method: 'Listener.sampleAfterTestSuite(...)'

2021-11-19 17:21:02 - [TEST_STEP][PASSED] - closeBrowser(): Invoke 'com.kms.katalon.core.annotation.AfterTestCase' method: 'Listener.sampleAfterTestSuite(...)' completed.

2021-11-19 17:21:02 - [MESSAGE][INFO] - Closing browser

2021-11-19 17:21:03 - [MESSAGE][PASSED] - Browser is closed

2021-11-19 17:21:03 - [MESSAGE][INFO] - Invoke 'com.kms.katalon.core.annotation.AfterTestCase' method: 'Listener.sampleAfterTestSuite(...)' completed.]]></system-out>
         <system-err><![CDATA[]]></system-err>
      </testcase>
      <testcase name="Test Cases/Case Repository/Regresyon/e-Mustahsil Makbuz/TCKN-e-Mustahsil Makbuz" time="76.666" classname="Test Cases/Case Repository/Regresyon/e-Mustahsil Makbuz/TCKN-e-Mustahsil Makbuz" status="PASSED">
         <system-out><![CDATA[2021-11-19 17:21:03 - [TEST_CASE][PASSED] - Test Cases/Case Repository/Regresyon/e-Mustahsil Makbuz/TCKN-e-Mustahsil Makbuz: Test Cases/Case Repository/Regresyon/e-Mustahsil Makbuz/TCKN-e-Mustahsil Makbuz

2021-11-19 17:21:03 - [TEST_STEP][PASSED] - Start listener action : sampleBeforeTestSuite: Invoke 'com.kms.katalon.core.annotation.BeforeTestCase' method: 'Listener.sampleBeforeTestSuite(...)' completed.

2021-11-19 17:21:03 - [MESSAGE][INFO] - Starting invoke 'com.kms.katalon.core.annotation.BeforeTestCase' method: 'Listener.sampleBeforeTestSuite(...)'

2021-11-19 17:21:03 - [TEST_STEP][PASSED] - openBrowser(baseUrl): Browser is opened with url: 'https://efatura-stage.elogo.com.tr/'

2021-11-19 17:21:03 - [MESSAGE][INFO] - Opening browser

2021-11-19 17:21:03 - [MESSAGE][INFO] - Starting 'Chrome' driver

2021-11-19 17:21:03 - [MESSAGE][INFO] - User set preference: ['prefs', '{download.default_directory=C:\otomasyondownfiles}']

2021-11-19 17:21:03 - [MESSAGE][INFO] - Action delay is set to 0 milliseconds

2021-11-19 17:21:04 - [MESSAGE][INFO] - Navigating browser to: 'https://efatura-stage.elogo.com.tr/'

2021-11-19 17:21:06 - [MESSAGE][PASSED] - Browser is opened with url: 'https://efatura-stage.elogo.com.tr/'

2021-11-19 17:21:06 - [TEST_STEP][PASSED] - maximizeWindow(): Invoke 'com.kms.katalon.core.annotation.BeforeTestCase' method: 'Listener.sampleBeforeTestSuite(...)' completed.

2021-11-19 17:21:06 - [MESSAGE][INFO] - Maximizing current window

2021-11-19 17:21:07 - [MESSAGE][PASSED] - Current window maximized

2021-11-19 17:21:07 - [MESSAGE][INFO] - Invoke 'com.kms.katalon.core.annotation.BeforeTestCase' method: 'Listener.sampleBeforeTestSuite(...)' completed.

2021-11-19 17:21:07 - [TEST_STEP][PASSED] - runFeatureFile("Include/features/Regresyon/e-Mustahsil Makbuz/TCKN-e-Mustahsil Makbuz.feature"): Feature file: 'Include/features/Regresyon/e-Mustahsil Makbuz/TCKN-e-Mustahsil Makbuz.feature' was passed

2021-11-19 17:21:07 - [MESSAGE][INFO] - Starting run keyword runFeatureFile: 'Include/features/Regresyon/e-Mustahsil Makbuz/TCKN-e-Mustahsil Makbuz.feature' and extract report to folder: 'C:\Users\DELL\Documents\GitHub\EES_KatalonLogo\Reports\20211119_164526\Suite Repository\Regresyon-eArsiv-eMakbuz\20211119_164600/cucumber_report/1637331667728'...

2021-11-19 17:21:07 - [MESSAGE][INFO] - Glue: []

2021-11-19 17:21:09 - [MESSAGE][INFO] - Checking called Test Case

2021-11-19 17:21:09 - [MESSAGE][INFO] - Starting to call Test Case 'Test Cases/Sayfalar/Giris_Sayfasi/Login'

2021-11-19 17:21:09 - [TEST_CASE][PASSED] - Test Cases/Sayfalar/Giris_Sayfasi/Login: Test Cases/Sayfalar/Giris_Sayfasi/Login

2021-11-19 17:21:09 - [TEST_STEP][PASSED] - Sayfa_Basligi = getWindowTitle(): Current window's title is: 'LOGO e-Fatura'

2021-11-19 17:21:09 - [MESSAGE][INFO] - Getting current window's title

2021-11-19 17:21:09 - [MESSAGE][PASSED] - Current window's title is: 'LOGO e-Fatura'

2021-11-19 17:21:09 - [TEST_STEP][PASSED] - verifyMatch(Sayfa_Basligi, "LOGO e-Fatura", false): Actual text 'LOGO e-Fatura' and expected text 'LOGO e-Fatura' are matched 

2021-11-19 17:21:09 - [MESSAGE][INFO] - Matching actual text 'LOGO e-Fatura' with expected text 'LOGO e-Fatura'

2021-11-19 17:21:09 - [MESSAGE][PASSED] - Actual text 'LOGO e-Fatura' and expected text 'LOGO e-Fatura' are matched 

2021-11-19 17:21:09 - [TEST_STEP][PASSED] - sendKeys(findTestObject("Sayfalar/Giris_Sayfasi/Firma_Kodu"), KullaniciAdi): Keys 'ELOGO6' sent to object: 'Object Repository/Sayfalar/Giris_Sayfasi/Firma_Kodu'

2021-11-19 17:21:09 - [MESSAGE][INFO] - Finding Test Object 'Object Repository/Sayfalar/Giris_Sayfasi/Firma_Kodu'

2021-11-19 17:21:09 - [MESSAGE][INFO] - Sending keys 'ELOGO6' to object: 'Object Repository/Sayfalar/Giris_Sayfasi/Firma_Kodu'

2021-11-19 17:21:09 - [MESSAGE][INFO] - Finding web element from Test Object's properties

2021-11-19 17:21:09 - [MESSAGE][INFO] - Checking timeout

2021-11-19 17:21:09 - [MESSAGE][INFO] - Finding web element with id: 'Object Repository/Sayfalar/Giris_Sayfasi/Firma_Kodu' located by 'By.xpath: //*[@id = 'AccountName']' in '30' second(s)

2021-11-19 17:21:09 - [MESSAGE][INFO] - Smart Wait Function is triggered

2021-11-19 17:21:10 - [MESSAGE][INFO] - Found 1 web elements with id: 'Object Repository/Sayfalar/Giris_Sayfasi/Firma_Kodu' located by 'By.xpath: //*[@id = 'AccountName']' in '30' second(s)

2021-11-19 17:21:10 - [MESSAGE][PASSED] - Keys 'ELOGO6' sent to object: 'Object Repository/Sayfalar/Giris_Sayfasi/Firma_Kodu'

2021-11-19 17:21:10 - [TEST_STEP][PASSED] - sendKeys(findTestObject("Sayfalar/Giris_Sayfasi/Sifre"), Sifre): Keys '123456' sent to object: 'Object Repository/Sayfalar/Giris_Sayfasi/Sifre'

2021-11-19 17:21:10 - [MESSAGE][INFO] - Finding Test Object 'Object Repository/Sayfalar/Giris_Sayfasi/Sifre'

2021-11-19 17:21:10 - [MESSAGE][INFO] - Sending keys '123456' to object: 'Object Repository/Sayfalar/Giris_Sayfasi/Sifre'

2021-11-19 17:21:10 - [MESSAGE][INFO] - Finding web element from Test Object's properties

2021-11-19 17:21:10 - [MESSAGE][INFO] - Checking timeout

2021-11-19 17:21:10 - [MESSAGE][INFO] - Finding web element with id: 'Object Repository/Sayfalar/Giris_Sayfasi/Sifre' located by 'By.xpath: //*[@id = 'Password']' in '30' second(s)

2021-11-19 17:21:10 - [MESSAGE][INFO] - Smart Wait Function is triggered

2021-11-19 17:21:10 - [MESSAGE][INFO] - Found 1 web elements with id: 'Object Repository/Sayfalar/Giris_Sayfasi/Sifre' located by 'By.xpath: //*[@id = 'Password']' in '30' second(s)

2021-11-19 17:21:10 - [MESSAGE][PASSED] - Keys '123456' sent to object: 'Object Repository/Sayfalar/Giris_Sayfasi/Sifre'

2021-11-19 17:21:10 - [TEST_STEP][PASSED] - findWebElement(findTestObject("Sayfalar/Giris_Sayfasi/Giris_Butonu")).click(): Found 1 web elements with id: 'Object Repository/Sayfalar/Giris_Sayfasi/Giris_Butonu' located by 'By.cssSelector: #btnLogin' in '30' second(s)

2021-11-19 17:21:10 - [MESSAGE][INFO] - Finding Test Object 'Object Repository/Sayfalar/Giris_Sayfasi/Giris_Butonu'

2021-11-19 17:21:10 - [MESSAGE][INFO] - Finding web element from Test Object's properties

2021-11-19 17:21:10 - [MESSAGE][INFO] - Checking timeout

2021-11-19 17:21:10 - [MESSAGE][INFO] - Finding web element with id: 'Object Repository/Sayfalar/Giris_Sayfasi/Giris_Butonu' located by 'By.cssSelector: #btnLogin' in '30' second(s)

2021-11-19 17:21:10 - [MESSAGE][INFO] - Smart Wait Function is triggered

2021-11-19 17:21:11 - [MESSAGE][INFO] - Found 1 web elements with id: 'Object Repository/Sayfalar/Giris_Sayfasi/Giris_Butonu' located by 'By.cssSelector: #btnLogin' in '30' second(s)

2021-11-19 17:21:13 - [TEST_STEP][PASSED] - if (verifyElementPresent(findTestObject("Object Repository/Sayfalar/Giris_Sayfasi/RetveTamam_Butonu"), 5, OPTIONAL)): null

2021-11-19 17:21:13 - [MESSAGE][INFO] - Finding Test Object 'Object Repository/Sayfalar/Giris_Sayfasi/RetveTamam_Butonu'

2021-11-19 17:21:13 - [MESSAGE][INFO] - Checking object

2021-11-19 17:21:13 - [MESSAGE][INFO] - Finding web element from Test Object's properties

2021-11-19 17:21:13 - [MESSAGE][INFO] - Checking timeout

2021-11-19 17:21:13 - [MESSAGE][INFO] - Finding web element with id: 'Object Repository/Sayfalar/Giris_Sayfasi/RetveTamam_Butonu' located by 'By.xpath: //*[@class = 'btn btn-default']' in '5' second(s)

2021-11-19 17:21:13 - [MESSAGE][INFO] - Smart Wait Function is triggered

2021-11-19 17:21:14 - [MESSAGE][INFO] - Found 1 web elements with id: 'Object Repository/Sayfalar/Giris_Sayfasi/RetveTamam_Butonu' located by 'By.xpath: //*[@class = 'btn btn-default']' in '5' second(s)

2021-11-19 17:21:14 - [MESSAGE][PASSED] - Object 'Object Repository/Sayfalar/Giris_Sayfasi/RetveTamam_Butonu' is present

2021-11-19 17:21:14 - [TEST_STEP][PASSED] - click(findTestObject("Object Repository/Sayfalar/Giris_Sayfasi/RetveTamam_Butonu")): Object: 'Object Repository/Sayfalar/Giris_Sayfasi/RetveTamam_Butonu' is clicked on

2021-11-19 17:21:14 - [MESSAGE][INFO] - Finding Test Object 'Object Repository/Sayfalar/Giris_Sayfasi/RetveTamam_Butonu'

2021-11-19 17:21:14 - [MESSAGE][INFO] - Checking object

2021-11-19 17:21:14 - [MESSAGE][INFO] - Finding web element from Test Object's properties

2021-11-19 17:21:14 - [MESSAGE][INFO] - Checking timeout

2021-11-19 17:21:14 - [MESSAGE][INFO] - Finding web element with id: 'Object Repository/Sayfalar/Giris_Sayfasi/RetveTamam_Butonu' located by 'By.xpath: //*[@class = 'btn btn-default']' in '30' second(s)

2021-11-19 17:21:14 - [MESSAGE][INFO] - Smart Wait Function is triggered

2021-11-19 17:21:14 - [MESSAGE][INFO] - Found 1 web elements with id: 'Object Repository/Sayfalar/Giris_Sayfasi/RetveTamam_Butonu' located by 'By.xpath: //*[@class = 'btn btn-default']' in '30' second(s)

2021-11-19 17:21:14 - [MESSAGE][INFO] - Clicking on object: 'Object Repository/Sayfalar/Giris_Sayfasi/RetveTamam_Butonu'

2021-11-19 17:21:14 - [MESSAGE][PASSED] - Object: 'Object Repository/Sayfalar/Giris_Sayfasi/RetveTamam_Butonu' is clicked on

2021-11-19 17:21:14 - [TEST_STEP][PASSED] - click(findTestObject("Object Repository/Sayfalar/Giris_Sayfasi/RetveTamam_Butonu")): Object: 'Object Repository/Sayfalar/Giris_Sayfasi/RetveTamam_Butonu' is clicked on

2021-11-19 17:21:14 - [MESSAGE][INFO] - Finding Test Object 'Object Repository/Sayfalar/Giris_Sayfasi/RetveTamam_Butonu'

2021-11-19 17:21:14 - [MESSAGE][INFO] - Checking object

2021-11-19 17:21:14 - [MESSAGE][INFO] - Finding web element from Test Object's properties

2021-11-19 17:21:14 - [MESSAGE][INFO] - Checking timeout

2021-11-19 17:21:14 - [MESSAGE][INFO] - Finding web element with id: 'Object Repository/Sayfalar/Giris_Sayfasi/RetveTamam_Butonu' located by 'By.xpath: //*[@class = 'btn btn-default']' in '30' second(s)

2021-11-19 17:21:14 - [MESSAGE][INFO] - Smart Wait Function is triggered

2021-11-19 17:21:17 - [MESSAGE][INFO] - Found 1 web elements with id: 'Object Repository/Sayfalar/Giris_Sayfasi/RetveTamam_Butonu' located by 'By.xpath: //*[@class = 'btn btn-default']' in '30' second(s)

2021-11-19 17:21:17 - [MESSAGE][INFO] - Clicking on object: 'Object Repository/Sayfalar/Giris_Sayfasi/RetveTamam_Butonu'

2021-11-19 17:21:18 - [MESSAGE][PASSED] - Object: 'Object Repository/Sayfalar/Giris_Sayfasi/RetveTamam_Butonu' is clicked on

2021-11-19 17:21:18 - [TEST_STEP][PASSED] - if (verifyElementPresent(findTestObject("Sayfalar/Giris_Sayfasi/PopupOK"), 5, OPTIONAL)): null

2021-11-19 17:21:18 - [MESSAGE][INFO] - Finding Test Object 'Object Repository/Sayfalar/Giris_Sayfasi/PopupOK'

2021-11-19 17:21:18 - [MESSAGE][INFO] - Checking object

2021-11-19 17:21:18 - [MESSAGE][INFO] - Finding web element from Test Object's properties

2021-11-19 17:21:18 - [MESSAGE][INFO] - Checking timeout

2021-11-19 17:21:18 - [MESSAGE][INFO] - Finding web element with id: 'Object Repository/Sayfalar/Giris_Sayfasi/PopupOK' located by 'By.cssSelector: .btn.btn-success' in '5' second(s)

2021-11-19 17:21:18 - [MESSAGE][INFO] - Smart Wait Function is triggered

2021-11-19 17:21:18 - [MESSAGE][INFO] - Found 1 web elements with id: 'Object Repository/Sayfalar/Giris_Sayfasi/PopupOK' located by 'By.cssSelector: .btn.btn-success' in '5' second(s)

2021-11-19 17:21:18 - [MESSAGE][PASSED] - Object 'Object Repository/Sayfalar/Giris_Sayfasi/PopupOK' is present

2021-11-19 17:21:18 - [TEST_STEP][PASSED] - click(findTestObject("Object Repository/Sayfalar/Giris_Sayfasi/PopupCarpiGiris")): Object: 'Object Repository/Sayfalar/Giris_Sayfasi/PopupCarpiGiris' is clicked on

2021-11-19 17:21:18 - [MESSAGE][INFO] - Finding Test Object 'Object Repository/Sayfalar/Giris_Sayfasi/PopupCarpiGiris'

2021-11-19 17:21:18 - [MESSAGE][INFO] - Checking object

2021-11-19 17:21:18 - [MESSAGE][INFO] - Finding web element from Test Object's properties

2021-11-19 17:21:18 - [MESSAGE][INFO] - Checking timeout

2021-11-19 17:21:18 - [MESSAGE][INFO] - Finding web element with id: 'Object Repository/Sayfalar/Giris_Sayfasi/PopupCarpiGiris' located by 'By.cssSelector: .bootbox-close-button.close' in '30' second(s)

2021-11-19 17:21:18 - [MESSAGE][INFO] - Smart Wait Function is triggered

2021-11-19 17:21:19 - [MESSAGE][INFO] - Found 1 web elements with id: 'Object Repository/Sayfalar/Giris_Sayfasi/PopupCarpiGiris' located by 'By.cssSelector: .bootbox-close-button.close' in '30' second(s)

2021-11-19 17:21:19 - [MESSAGE][INFO] - Clicking on object: 'Object Repository/Sayfalar/Giris_Sayfasi/PopupCarpiGiris'

2021-11-19 17:21:19 - [MESSAGE][PASSED] - Object: 'Object Repository/Sayfalar/Giris_Sayfasi/PopupCarpiGiris' is clicked on

2021-11-19 17:21:19 - [TEST_STEP][PASSED] - verifyElementVisible(findTestObject("Object Repository/Kullanici_Islemleri/KullaniciIslemleri")): Object 'Object Repository/Kullanici_Islemleri/KullaniciIslemleri' is visible

2021-11-19 17:21:19 - [MESSAGE][INFO] - Finding Test Object 'Object Repository/Kullanici_Islemleri/KullaniciIslemleri'

2021-11-19 17:21:19 - [MESSAGE][INFO] - Checking object

2021-11-19 17:21:19 - [MESSAGE][INFO] - Finding web element from Test Object's properties

2021-11-19 17:21:19 - [MESSAGE][INFO] - Checking timeout

2021-11-19 17:21:19 - [MESSAGE][INFO] - Finding web element with id: 'Object Repository/Kullanici_Islemleri/KullaniciIslemleri' located by 'By.cssSelector: .dropdown>a>img' in '30' second(s)

2021-11-19 17:21:19 - [MESSAGE][INFO] - Smart Wait Function is triggered

2021-11-19 17:21:20 - [MESSAGE][INFO] - Found 1 web elements with id: 'Object Repository/Kullanici_Islemleri/KullaniciIslemleri' located by 'By.cssSelector: .dropdown>a>img' in '30' second(s)

2021-11-19 17:21:20 - [MESSAGE][PASSED] - Object 'Object Repository/Kullanici_Islemleri/KullaniciIslemleri' is visible

2021-11-19 17:21:20 - [MESSAGE][PASSED] - Call Test Case 'Test Cases/Sayfalar/Giris_Sayfasi/Login' successfully

2021-11-19 17:21:20 - [MESSAGE][INFO] - Checking called Test Case

2021-11-19 17:21:20 - [MESSAGE][INFO] - Starting to call Test Case 'Test Cases/Menu/AnaMenuSecimi'

2021-11-19 17:21:20 - [TEST_CASE][PASSED] - Test Cases/Menu/AnaMenuSecimi: Test Cases/Menu/AnaMenuSecimi

2021-11-19 17:21:20 - [TEST_STEP][PASSED] - Method.TextDegerineEsitElementeTikla(findTestObject("Menu/Ana_Menu"), Ana_Menu): Method.TextDegerineEsitElementeTikla is PASSED

2021-11-19 17:21:20 - [MESSAGE][INFO] - Finding Test Object 'Object Repository/Menu/Ana_Menu'

2021-11-19 17:21:20 - [MESSAGE][INFO] - Checking timeout

2021-11-19 17:21:20 - [MESSAGE][INFO] - Finding web element with id: 'Object Repository/Menu/Ana_Menu' located by 'By.xpath: //*[@class = 'dropdown-toggle']' in '10' second(s)

2021-11-19 17:21:20 - [MESSAGE][INFO] - Smart Wait Function is triggered

2021-11-19 17:21:20 - [MESSAGE][INFO] - Found 14 web elements with id: 'Object Repository/Menu/Ana_Menu' located by 'By.xpath: //*[@class = 'dropdown-toggle']' in '10' second(s)

2021-11-19 17:21:20 - [MESSAGE][PASSED] - Method.TextDegerineEsitElementeTikla is PASSED

2021-11-19 17:21:20 - [MESSAGE][PASSED] - Call Test Case 'Test Cases/Menu/AnaMenuSecimi' successfully

2021-11-19 17:21:20 - [MESSAGE][INFO] - Checking called Test Case

2021-11-19 17:21:20 - [MESSAGE][INFO] - Starting to call Test Case 'Test Cases/Menu/BasligaGoreAltMenuSecimi'

2021-11-19 17:21:20 - [TEST_CASE][PASSED] - Test Cases/Menu/BasligaGoreAltMenuSecimi: Test Cases/Menu/BasligaGoreAltMenuSecimi

2021-11-19 17:21:20 - [TEST_STEP][PASSED] - Method.TextDegerineEsitElementinAltindakiTextDegerineEsitOlanaTikla(findTestObject("Menu/Menu_Basligi"), findTestObject("Menu/Basliga_Gore_Alt_Menu"), Baslik, Alt_Menu): Method.TextDegerineEsitElementinAltindakiTextDegerineEsitOlanaTikla is PASSED

2021-11-19 17:21:20 - [MESSAGE][INFO] - Finding Test Object 'Object Repository/Menu/Menu_Basligi'

2021-11-19 17:21:21 - [MESSAGE][INFO] - Finding Test Object 'Object Repository/Menu/Basliga_Gore_Alt_Menu'

2021-11-19 17:21:21 - [MESSAGE][INFO] - Checking timeout

2021-11-19 17:21:21 - [MESSAGE][INFO] - Finding web element with id: 'Object Repository/Menu/Menu_Basligi' located by 'By.xpath: //li[@class='dropdown dropdown-large open']//li[@class='dropdown-header']' in '10' second(s)

2021-11-19 17:21:21 - [MESSAGE][INFO] - Smart Wait Function is triggered

2021-11-19 17:21:21 - [MESSAGE][INFO] - Found 2 web elements with id: 'Object Repository/Menu/Menu_Basligi' located by 'By.xpath: //li[@class='dropdown dropdown-large open']//li[@class='dropdown-header']' in '10' second(s)

2021-11-19 17:21:21 - [MESSAGE][INFO] - Smart Wait Function is triggered

2021-11-19 17:21:23 - [MESSAGE][PASSED] - Method.TextDegerineEsitElementinAltindakiTextDegerineEsitOlanaTikla is PASSED

2021-11-19 17:21:23 - [MESSAGE][PASSED] - Call Test Case 'Test Cases/Menu/BasligaGoreAltMenuSecimi' successfully

2021-11-19 17:21:23 - [MESSAGE][INFO] - Checking called Test Case

2021-11-19 17:21:23 - [MESSAGE][INFO] - Starting to call Test Case 'Test Cases/Tablo/Olusturma Tarihi'

2021-11-19 17:21:24 - [TEST_CASE][PASSED] - Test Cases/Tablo/Olusturma Tarihi: Test Cases/Tablo/Olusturma Tarihi

2021-11-19 17:21:24 - [TEST_STEP][PASSED] - if (verifyTextNotPresent("Görüntülenecek veri yok", true, OPTIONAL)): null

2021-11-19 17:21:24 - [MESSAGE][INFO] - Checking text present  using regular expression

2021-11-19 17:21:24 - [MESSAGE][INFO] - Smart Wait Function is triggered

2021-11-19 17:21:24 - [MESSAGE][INFO] - Finding text 'Görüntülenecek veri yok' on page  using regular expression

2021-11-19 17:21:24 - [MESSAGE][PASSED] - Text 'Görüntülenecek veri yok' is not present on page using regular expression

2021-11-19 17:21:24 - [TEST_STEP][PASSED] - click(findTestObject("Temizle/Olusturma_Tarihi_CheckBox")): Object: 'Object Repository/Temizle/Olusturma_Tarihi_CheckBox' is clicked on

2021-11-19 17:21:24 - [MESSAGE][INFO] - Finding Test Object 'Object Repository/Temizle/Olusturma_Tarihi_CheckBox'

2021-11-19 17:21:24 - [MESSAGE][INFO] - Checking object

2021-11-19 17:21:24 - [MESSAGE][INFO] - Finding web element from Test Object's properties

2021-11-19 17:21:24 - [MESSAGE][INFO] - Checking timeout

2021-11-19 17:21:24 - [MESSAGE][INFO] - Finding web element with id: 'Object Repository/Temizle/Olusturma_Tarihi_CheckBox' located by 'By.xpath: //*[@title = 'Bu sayfadaki tüm satırları Seç']' in '30' second(s)

2021-11-19 17:21:24 - [MESSAGE][INFO] - Smart Wait Function is triggered

2021-11-19 17:21:25 - [MESSAGE][INFO] - Found 1 web elements with id: 'Object Repository/Temizle/Olusturma_Tarihi_CheckBox' located by 'By.xpath: //*[@title = 'Bu sayfadaki tüm satırları Seç']' in '30' second(s)

2021-11-19 17:21:25 - [MESSAGE][INFO] - Clicking on object: 'Object Repository/Temizle/Olusturma_Tarihi_CheckBox'

2021-11-19 17:21:25 - [MESSAGE][PASSED] - Object: 'Object Repository/Temizle/Olusturma_Tarihi_CheckBox' is clicked on

2021-11-19 17:21:25 - [TEST_STEP][PASSED] - Method.TextDegerineEsitElementeTiklaEquals(findTestObject("Butonlar/Butonlar"), "Sil"): Method.TextDegerineEsitElementeTiklaEquals is PASSED

2021-11-19 17:21:25 - [MESSAGE][INFO] - Finding Test Object 'Object Repository/Butonlar/Butonlar'

2021-11-19 17:21:25 - [MESSAGE][INFO] - Checking timeout

2021-11-19 17:21:25 - [MESSAGE][INFO] - Finding web element with id: 'Object Repository/Butonlar/Butonlar' located by 'By.cssSelector: .panel.panel-default.text-center.footerPanel .btn,.btn.btn-primary.btnControls' in '10' second(s)

2021-11-19 17:21:25 - [MESSAGE][INFO] - Smart Wait Function is triggered

2021-11-19 17:21:25 - [MESSAGE][INFO] - Found 7 web elements with id: 'Object Repository/Butonlar/Butonlar' located by 'By.cssSelector: .panel.panel-default.text-center.footerPanel .btn,.btn.btn-primary.btnControls' in '10' second(s)

2021-11-19 17:21:25 - [MESSAGE][PASSED] - Method.TextDegerineEsitElementeTiklaEquals is PASSED

2021-11-19 17:21:25 - [TEST_STEP][PASSED] - Method.TextDegerineEsitElementeTikla(findTestObject("Popup/Popup_Butons"), "Evet"): Method.TextDegerineEsitElementeTikla is PASSED

2021-11-19 17:21:25 - [MESSAGE][INFO] - Finding Test Object 'Object Repository/Popup/Popup_Butons'

2021-11-19 17:21:26 - [MESSAGE][INFO] - Checking timeout

2021-11-19 17:21:26 - [MESSAGE][INFO] - Finding web element with id: 'Object Repository/Popup/Popup_Butons' located by 'By.cssSelector: .modal-footer>button' in '10' second(s)

2021-11-19 17:21:26 - [MESSAGE][INFO] - Smart Wait Function is triggered

2021-11-19 17:21:26 - [MESSAGE][INFO] - Found 2 web elements with id: 'Object Repository/Popup/Popup_Butons' located by 'By.cssSelector: .modal-footer>button' in '10' second(s)

2021-11-19 17:21:27 - [MESSAGE][PASSED] - Method.TextDegerineEsitElementeTikla is PASSED

2021-11-19 17:21:27 - [TEST_STEP][PASSED] - Method.TextDegerineEsitElementeTikla(findTestObject("Popup/Popup_Butons"), "Tamam"): Method.TextDegerineEsitElementeTikla is PASSED

2021-11-19 17:21:27 - [MESSAGE][INFO] - Finding Test Object 'Object Repository/Popup/Popup_Butons'

2021-11-19 17:21:27 - [MESSAGE][INFO] - Checking timeout

2021-11-19 17:21:27 - [MESSAGE][INFO] - Finding web element with id: 'Object Repository/Popup/Popup_Butons' located by 'By.cssSelector: .modal-footer>button' in '10' second(s)

2021-11-19 17:21:27 - [MESSAGE][INFO] - Smart Wait Function is triggered

2021-11-19 17:21:27 - [MESSAGE][INFO] - Found 1 web elements with id: 'Object Repository/Popup/Popup_Butons' located by 'By.cssSelector: .modal-footer>button' in '10' second(s)

2021-11-19 17:21:28 - [MESSAGE][PASSED] - Method.TextDegerineEsitElementeTikla is PASSED

2021-11-19 17:21:28 - [MESSAGE][PASSED] - Call Test Case 'Test Cases/Tablo/Olusturma Tarihi' successfully

2021-11-19 17:21:28 - [MESSAGE][INFO] - Checking called Test Case

2021-11-19 17:21:28 - [MESSAGE][INFO] - Starting to call Test Case 'Test Cases/Butonlar/ButonaTikla'

2021-11-19 17:21:28 - [TEST_CASE][PASSED] - Test Cases/Butonlar/ButonaTikla: Test Cases/Butonlar/ButonaTikla

2021-11-19 17:21:28 - [TEST_STEP][PASSED] - Method.TextDegerineEsitElementeTiklaEquals(findTestObject("Butonlar/Butonlar"), Buton_Adi): Method.TextDegerineEsitElementeTiklaEquals is PASSED

2021-11-19 17:21:28 - [MESSAGE][INFO] - Finding Test Object 'Object Repository/Butonlar/Butonlar'

2021-11-19 17:21:28 - [MESSAGE][INFO] - Checking timeout

2021-11-19 17:21:28 - [MESSAGE][INFO] - Finding web element with id: 'Object Repository/Butonlar/Butonlar' located by 'By.cssSelector: .panel.panel-default.text-center.footerPanel .btn,.btn.btn-primary.btnControls' in '10' second(s)

2021-11-19 17:21:28 - [MESSAGE][INFO] - Smart Wait Function is triggered

2021-11-19 17:21:28 - [MESSAGE][INFO] - Found 7 web elements with id: 'Object Repository/Butonlar/Butonlar' located by 'By.cssSelector: .panel.panel-default.text-center.footerPanel .btn,.btn.btn-primary.btnControls' in '10' second(s)

2021-11-19 17:21:28 - [MESSAGE][PASSED] - Method.TextDegerineEsitElementeTiklaEquals is PASSED

2021-11-19 17:21:28 - [MESSAGE][PASSED] - Call Test Case 'Test Cases/Butonlar/ButonaTikla' successfully

2021-11-19 17:21:29 - [MESSAGE][INFO] - Checking called Test Case

2021-11-19 17:21:29 - [MESSAGE][INFO] - Starting to call Test Case 'Test Cases/Olusturma/Genel/GorselTasarimSayfasıBasligiIceriyorMu'

2021-11-19 17:21:29 - [TEST_CASE][PASSED] - Test Cases/Olusturma/Genel/GorselTasarimSayfasıBasligiIceriyorMu: Test Cases/Olusturma/Genel/GorselTasarimSayfasıBasligiIceriyorMu

2021-11-19 17:21:29 - [TEST_STEP][PASSED] - verifyElementText(findTestObject("Object Repository/Olusturma/Genel/GorselTasarimBaslik"), Baslik): Actual text and expected text of test object 'Object Repository/Olusturma/Genel/GorselTasarimBaslik' are matched.

2021-11-19 17:21:29 - [MESSAGE][INFO] - Finding Test Object 'Object Repository/Olusturma/Genel/GorselTasarimBaslik'

2021-11-19 17:21:29 - [MESSAGE][INFO] - Checking object

2021-11-19 17:21:29 - [MESSAGE][INFO] - Finding web element from Test Object's properties

2021-11-19 17:21:29 - [MESSAGE][INFO] - Checking timeout

2021-11-19 17:21:29 - [MESSAGE][INFO] - Finding web element with id: 'Object Repository/Olusturma/Genel/GorselTasarimBaslik' located by 'By.cssSelector: #flAlici_0>div>span' in '30' second(s)

2021-11-19 17:21:29 - [MESSAGE][INFO] - Smart Wait Function is triggered

2021-11-19 17:21:31 - [MESSAGE][INFO] - Found 1 web elements with id: 'Object Repository/Olusturma/Genel/GorselTasarimBaslik' located by 'By.cssSelector: #flAlici_0>div>span' in '30' second(s)

2021-11-19 17:21:31 - [MESSAGE][PASSED] - Actual text and expected text of test object 'Object Repository/Olusturma/Genel/GorselTasarimBaslik' are matched.

2021-11-19 17:21:31 - [MESSAGE][PASSED] - Call Test Case 'Test Cases/Olusturma/Genel/GorselTasarimSayfasıBasligiIceriyorMu' successfully

2021-11-19 17:21:31 - [MESSAGE][INFO] - Checking called Test Case

2021-11-19 17:21:31 - [MESSAGE][INFO] - Starting to call Test Case 'Test Cases/Olusturma/Genel/AliciSecilir'

2021-11-19 17:21:31 - [TEST_CASE][PASSED] - Test Cases/Olusturma/Genel/AliciSecilir: Test Cases/Olusturma/Genel/AliciSecilir

2021-11-19 17:21:31 - [TEST_STEP][PASSED] - click(findTestObject("Olusturma/Genel/AliciBilgisi/Alici_Ara")): Object: 'Object Repository/Olusturma/Genel/AliciBilgisi/Alici_Ara' is clicked on

2021-11-19 17:21:31 - [MESSAGE][INFO] - Finding Test Object 'Object Repository/Olusturma/Genel/AliciBilgisi/Alici_Ara'

2021-11-19 17:21:31 - [MESSAGE][INFO] - Checking object

2021-11-19 17:21:31 - [MESSAGE][INFO] - Finding web element from Test Object's properties

2021-11-19 17:21:31 - [MESSAGE][INFO] - Checking timeout

2021-11-19 17:21:31 - [MESSAGE][INFO] - Finding web element with id: 'Object Repository/Olusturma/Genel/AliciBilgisi/Alici_Ara' located by 'By.xpath: //td[@id='txtCustomerText_B-1']' in '30' second(s)

2021-11-19 17:21:31 - [MESSAGE][INFO] - Smart Wait Function is triggered

2021-11-19 17:21:31 - [MESSAGE][INFO] - Found 1 web elements with id: 'Object Repository/Olusturma/Genel/AliciBilgisi/Alici_Ara' located by 'By.xpath: //td[@id='txtCustomerText_B-1']' in '30' second(s)

2021-11-19 17:21:31 - [MESSAGE][INFO] - Clicking on object: 'Object Repository/Olusturma/Genel/AliciBilgisi/Alici_Ara'

2021-11-19 17:21:31 - [MESSAGE][PASSED] - Object: 'Object Repository/Olusturma/Genel/AliciBilgisi/Alici_Ara' is clicked on

2021-11-19 17:21:31 - [TEST_STEP][PASSED] - click(findTestObject("Olusturma/Genel/AliciBilgisi/Alici_Bilgisi")): Object: 'Object Repository/Olusturma/Genel/AliciBilgisi/Alici_Bilgisi' is clicked on

2021-11-19 17:21:31 - [MESSAGE][INFO] - Finding Test Object 'Object Repository/Olusturma/Genel/AliciBilgisi/Alici_Bilgisi'

2021-11-19 17:21:32 - [MESSAGE][INFO] - Checking object

2021-11-19 17:21:32 - [MESSAGE][INFO] - Finding web element from Test Object's properties

2021-11-19 17:21:32 - [MESSAGE][INFO] - Checking timeout

2021-11-19 17:21:32 - [MESSAGE][INFO] - Finding web element with id: 'Object Repository/Olusturma/Genel/AliciBilgisi/Alici_Bilgisi' located by 'By.xpath: //iframe[@id='customerselectiframe']' in '30' second(s)

2021-11-19 17:21:32 - [MESSAGE][INFO] - Smart Wait Function is triggered

2021-11-19 17:21:32 - [MESSAGE][INFO] - Found 1 web elements with id: 'Object Repository/Olusturma/Genel/AliciBilgisi/Alici_Bilgisi' located by 'By.xpath: //iframe[@id='customerselectiframe']' in '30' second(s)

2021-11-19 17:21:32 - [MESSAGE][INFO] - Clicking on object: 'Object Repository/Olusturma/Genel/AliciBilgisi/Alici_Bilgisi'

2021-11-19 17:21:32 - [MESSAGE][PASSED] - Object: 'Object Repository/Olusturma/Genel/AliciBilgisi/Alici_Bilgisi' is clicked on

2021-11-19 17:21:32 - [TEST_STEP][PASSED] - setText(findTestObject("Olusturma/Genel/AliciBilgisi/Alici_Gir"), Alici_Adi): Switching to default content

2021-11-19 17:21:32 - [MESSAGE][INFO] - Finding Test Object 'Object Repository/Olusturma/Genel/AliciBilgisi/Alici_Gir'

2021-11-19 17:21:32 - [MESSAGE][INFO] - Finding Test Object 'Object Repository/Olusturma/Genel/AliciBilgisi/Alici_Bilgisi'

2021-11-19 17:21:32 - [MESSAGE][INFO] - Checking object

2021-11-19 17:21:32 - [MESSAGE][INFO] - Checking text

2021-11-19 17:21:32 - [MESSAGE][INFO] - Object: 'Object Repository/Olusturma/Genel/AliciBilgisi/Alici_Gir' has parent object(s)

2021-11-19 17:21:32 - [MESSAGE][INFO] - Switching to iframe: 'Object Repository/Olusturma/Genel/AliciBilgisi/Alici_Bilgisi'

2021-11-19 17:21:32 - [MESSAGE][INFO] - Finding web element from Test Object's properties

2021-11-19 17:21:32 - [MESSAGE][INFO] - Checking timeout

2021-11-19 17:21:32 - [MESSAGE][INFO] - Finding web element with id: 'Object Repository/Olusturma/Genel/AliciBilgisi/Alici_Bilgisi' located by 'By.xpath: //iframe[@id='customerselectiframe']' in '30' second(s)

2021-11-19 17:21:32 - [MESSAGE][INFO] - Smart Wait Function is triggered

2021-11-19 17:21:33 - [MESSAGE][INFO] - Found 1 web elements with id: 'Object Repository/Olusturma/Genel/AliciBilgisi/Alici_Bilgisi' located by 'By.xpath: //iframe[@id='customerselectiframe']' in '30' second(s)

2021-11-19 17:21:33 - [MESSAGE][INFO] - Switched to iframe: 'Object Repository/Olusturma/Genel/AliciBilgisi/Alici_Bilgisi'

2021-11-19 17:21:33 - [MESSAGE][INFO] - Finding web element from Test Object's properties

2021-11-19 17:21:33 - [MESSAGE][INFO] - Checking timeout

2021-11-19 17:21:33 - [MESSAGE][INFO] - Finding web element with id: 'Object Repository/Olusturma/Genel/AliciBilgisi/Alici_Gir' located by 'By.xpath: //input[@id='GridViewCustomer_DXFREditorcol1_I']' in '30' second(s)

2021-11-19 17:21:33 - [MESSAGE][INFO] - Smart Wait Function is triggered

2021-11-19 17:21:33 - [MESSAGE][INFO] - Found 1 web elements with id: 'Object Repository/Olusturma/Genel/AliciBilgisi/Alici_Gir' located by 'By.xpath: //input[@id='GridViewCustomer_DXFREditorcol1_I']' in '30' second(s)

2021-11-19 17:21:33 - [MESSAGE][INFO] - Clearing text of object 'Object Repository/Olusturma/Genel/AliciBilgisi/Alici_Gir'

2021-11-19 17:21:33 - [MESSAGE][INFO] - Finding web element from Test Object's properties

2021-11-19 17:21:33 - [MESSAGE][INFO] - Checking timeout

2021-11-19 17:21:33 - [MESSAGE][INFO] - Finding web element with id: 'Object Repository/Olusturma/Genel/AliciBilgisi/Alici_Gir' located by 'By.xpath: //input[@id='GridViewCustomer_DXFREditorcol1_I']' in '30' second(s)

2021-11-19 17:21:33 - [MESSAGE][INFO] - Smart Wait Function is triggered

2021-11-19 17:21:33 - [MESSAGE][INFO] - Found 1 web elements with id: 'Object Repository/Olusturma/Genel/AliciBilgisi/Alici_Gir' located by 'By.xpath: //input[@id='GridViewCustomer_DXFREditorcol1_I']' in '30' second(s)

2021-11-19 17:21:33 - [MESSAGE][INFO] - Setting text of object 'Object Repository/Olusturma/Genel/AliciBilgisi/Alici_Gir' to value 'UC0038'

2021-11-19 17:21:33 - [MESSAGE][PASSED] - Text 'UC0038' is set on object 'Object Repository/Olusturma/Genel/AliciBilgisi/Alici_Gir'

2021-11-19 17:21:33 - [MESSAGE][INFO] - Switching to default content

2021-11-19 17:21:33 - [TEST_STEP][PASSED] - waitForElementClickable(findTestObject("Olusturma/Genel/AliciBilgisi/Alici_Adi"), 10): Switching to default content

2021-11-19 17:21:33 - [MESSAGE][INFO] - Finding Test Object 'Object Repository/Olusturma/Genel/AliciBilgisi/Alici_Adi'

2021-11-19 17:21:33 - [MESSAGE][INFO] - Finding Test Object 'Object Repository/Olusturma/Genel/AliciBilgisi/iframe_Alc Bilgisi_customerselectiframe'

2021-11-19 17:21:33 - [MESSAGE][INFO] - Checking object

2021-11-19 17:21:33 - [MESSAGE][INFO] - Checking timeout

2021-11-19 17:21:33 - [MESSAGE][INFO] - Object: 'Object Repository/Olusturma/Genel/AliciBilgisi/Alici_Adi' has parent object(s)

2021-11-19 17:21:33 - [MESSAGE][INFO] - Switching to iframe: 'Object Repository/Olusturma/Genel/AliciBilgisi/iframe_Alc Bilgisi_customerselectiframe'

2021-11-19 17:21:33 - [MESSAGE][INFO] - Finding web element from Test Object's properties

2021-11-19 17:21:33 - [MESSAGE][INFO] - Checking timeout

2021-11-19 17:21:33 - [MESSAGE][INFO] - Finding web element with id: 'Object Repository/Olusturma/Genel/AliciBilgisi/iframe_Alc Bilgisi_customerselectiframe' located by 'By.xpath: //iframe[@id='customerselectiframe']' in '10' second(s)

2021-11-19 17:21:33 - [MESSAGE][INFO] - Smart Wait Function is triggered

2021-11-19 17:21:33 - [MESSAGE][INFO] - Found 1 web elements with id: 'Object Repository/Olusturma/Genel/AliciBilgisi/iframe_Alc Bilgisi_customerselectiframe' located by 'By.xpath: //iframe[@id='customerselectiframe']' in '10' second(s)

2021-11-19 17:21:33 - [MESSAGE][INFO] - Switched to iframe: 'Object Repository/Olusturma/Genel/AliciBilgisi/iframe_Alc Bilgisi_customerselectiframe'

2021-11-19 17:21:33 - [MESSAGE][INFO] - Finding web element from Test Object's properties

2021-11-19 17:21:33 - [MESSAGE][INFO] - Checking timeout

2021-11-19 17:21:33 - [MESSAGE][INFO] - Finding web element with id: 'Object Repository/Olusturma/Genel/AliciBilgisi/Alici_Adi' located by 'By.xpath: //tr[@id='GridViewCustomer_DXDataRow0']/td[2]' in '10' second(s)

2021-11-19 17:21:33 - [MESSAGE][INFO] - Smart Wait Function is triggered

2021-11-19 17:21:33 - [MESSAGE][INFO] - Found 1 web elements with id: 'Object Repository/Olusturma/Genel/AliciBilgisi/Alici_Adi' located by 'By.xpath: //tr[@id='GridViewCustomer_DXDataRow0']/td[2]' in '10' second(s)

2021-11-19 17:21:33 - [MESSAGE][PASSED] - Object 'Object Repository/Olusturma/Genel/AliciBilgisi/Alici_Adi' is clickable

2021-11-19 17:21:33 - [MESSAGE][INFO] - Switching to default content

2021-11-19 17:21:33 - [TEST_STEP][PASSED] - click(findTestObject("Olusturma/Genel/AliciBilgisi/frame")): Switching to default content

2021-11-19 17:21:33 - [MESSAGE][INFO] - Finding Test Object 'Object Repository/Olusturma/Genel/AliciBilgisi/frame'

2021-11-19 17:21:34 - [MESSAGE][INFO] - Finding Test Object 'Object Repository/Olusturma/Genel/AliciBilgisi/iframe_Alc Bilgisi_customerselectiframe'

2021-11-19 17:21:34 - [MESSAGE][INFO] - Checking object

2021-11-19 17:21:34 - [MESSAGE][INFO] - Object: 'Object Repository/Olusturma/Genel/AliciBilgisi/frame' has parent object(s)

2021-11-19 17:21:34 - [MESSAGE][INFO] - Switching to iframe: 'Object Repository/Olusturma/Genel/AliciBilgisi/iframe_Alc Bilgisi_customerselectiframe'

2021-11-19 17:21:34 - [MESSAGE][INFO] - Finding web element from Test Object's properties

2021-11-19 17:21:34 - [MESSAGE][INFO] - Checking timeout

2021-11-19 17:21:34 - [MESSAGE][INFO] - Finding web element with id: 'Object Repository/Olusturma/Genel/AliciBilgisi/iframe_Alc Bilgisi_customerselectiframe' located by 'By.xpath: //iframe[@id='customerselectiframe']' in '30' second(s)

2021-11-19 17:21:34 - [MESSAGE][INFO] - Smart Wait Function is triggered

2021-11-19 17:21:34 - [MESSAGE][INFO] - Found 1 web elements with id: 'Object Repository/Olusturma/Genel/AliciBilgisi/iframe_Alc Bilgisi_customerselectiframe' located by 'By.xpath: //iframe[@id='customerselectiframe']' in '30' second(s)

2021-11-19 17:21:34 - [MESSAGE][INFO] - Switched to iframe: 'Object Repository/Olusturma/Genel/AliciBilgisi/iframe_Alc Bilgisi_customerselectiframe'

2021-11-19 17:21:34 - [MESSAGE][INFO] - Finding web element from Test Object's properties

2021-11-19 17:21:34 - [MESSAGE][INFO] - Checking timeout

2021-11-19 17:21:34 - [MESSAGE][INFO] - Finding web element with id: 'Object Repository/Olusturma/Genel/AliciBilgisi/frame' located by 'By.xpath: //*/text()[normalize-space(.)='']/parent::*' in '30' second(s)

2021-11-19 17:21:34 - [MESSAGE][INFO] - Smart Wait Function is triggered

2021-11-19 17:21:34 - [MESSAGE][INFO] - Found 73 web elements with id: 'Object Repository/Olusturma/Genel/AliciBilgisi/frame' located by 'By.xpath: //*/text()[normalize-space(.)='']/parent::*' in '30' second(s)

2021-11-19 17:21:34 - [MESSAGE][INFO] - Clicking on object: 'Object Repository/Olusturma/Genel/AliciBilgisi/frame'

2021-11-19 17:21:34 - [MESSAGE][PASSED] - Object: 'Object Repository/Olusturma/Genel/AliciBilgisi/frame' is clicked on

2021-11-19 17:21:34 - [MESSAGE][INFO] - Switching to default content

2021-11-19 17:21:34 - [TEST_STEP][PASSED] - click(findTestObject("Olusturma/Genel/AliciBilgisi/Alici_Adi")): Switching to default content

2021-11-19 17:21:34 - [MESSAGE][INFO] - Finding Test Object 'Object Repository/Olusturma/Genel/AliciBilgisi/Alici_Adi'

2021-11-19 17:21:34 - [MESSAGE][INFO] - Finding Test Object 'Object Repository/Olusturma/Genel/AliciBilgisi/iframe_Alc Bilgisi_customerselectiframe'

2021-11-19 17:21:35 - [MESSAGE][INFO] - Checking object

2021-11-19 17:21:35 - [MESSAGE][INFO] - Object: 'Object Repository/Olusturma/Genel/AliciBilgisi/Alici_Adi' has parent object(s)

2021-11-19 17:21:35 - [MESSAGE][INFO] - Switching to iframe: 'Object Repository/Olusturma/Genel/AliciBilgisi/iframe_Alc Bilgisi_customerselectiframe'

2021-11-19 17:21:35 - [MESSAGE][INFO] - Finding web element from Test Object's properties

2021-11-19 17:21:35 - [MESSAGE][INFO] - Checking timeout

2021-11-19 17:21:35 - [MESSAGE][INFO] - Finding web element with id: 'Object Repository/Olusturma/Genel/AliciBilgisi/iframe_Alc Bilgisi_customerselectiframe' located by 'By.xpath: //iframe[@id='customerselectiframe']' in '30' second(s)

2021-11-19 17:21:35 - [MESSAGE][INFO] - Smart Wait Function is triggered

2021-11-19 17:21:35 - [MESSAGE][INFO] - Found 1 web elements with id: 'Object Repository/Olusturma/Genel/AliciBilgisi/iframe_Alc Bilgisi_customerselectiframe' located by 'By.xpath: //iframe[@id='customerselectiframe']' in '30' second(s)

2021-11-19 17:21:35 - [MESSAGE][INFO] - Switched to iframe: 'Object Repository/Olusturma/Genel/AliciBilgisi/iframe_Alc Bilgisi_customerselectiframe'

2021-11-19 17:21:35 - [MESSAGE][INFO] - Finding web element from Test Object's properties

2021-11-19 17:21:35 - [MESSAGE][INFO] - Checking timeout

2021-11-19 17:21:35 - [MESSAGE][INFO] - Finding web element with id: 'Object Repository/Olusturma/Genel/AliciBilgisi/Alici_Adi' located by 'By.xpath: //tr[@id='GridViewCustomer_DXDataRow0']/td[2]' in '30' second(s)

2021-11-19 17:21:35 - [MESSAGE][INFO] - Smart Wait Function is triggered

2021-11-19 17:21:35 - [MESSAGE][INFO] - Found 1 web elements with id: 'Object Repository/Olusturma/Genel/AliciBilgisi/Alici_Adi' located by 'By.xpath: //tr[@id='GridViewCustomer_DXDataRow0']/td[2]' in '30' second(s)

2021-11-19 17:21:35 - [MESSAGE][INFO] - Clicking on object: 'Object Repository/Olusturma/Genel/AliciBilgisi/Alici_Adi'

2021-11-19 17:21:35 - [MESSAGE][PASSED] - Object: 'Object Repository/Olusturma/Genel/AliciBilgisi/Alici_Adi' is clicked on

2021-11-19 17:21:35 - [MESSAGE][INFO] - Switching to default content

2021-11-19 17:21:35 - [TEST_STEP][PASSED] - click(findTestObject("Olusturma/Genel/AliciBilgisi/Tamam_Bosluk")): Switching to default content

2021-11-19 17:21:35 - [MESSAGE][INFO] - Finding Test Object 'Object Repository/Olusturma/Genel/AliciBilgisi/Tamam_Bosluk'

2021-11-19 17:21:35 - [MESSAGE][INFO] - Finding Test Object 'Object Repository/Olusturma/Genel/AliciBilgisi/Alici_Bilgisi'

2021-11-19 17:21:35 - [MESSAGE][INFO] - Checking object

2021-11-19 17:21:35 - [MESSAGE][INFO] - Object: 'Object Repository/Olusturma/Genel/AliciBilgisi/Tamam_Bosluk' has parent object(s)

2021-11-19 17:21:35 - [MESSAGE][INFO] - Switching to iframe: 'Object Repository/Olusturma/Genel/AliciBilgisi/Alici_Bilgisi'

2021-11-19 17:21:35 - [MESSAGE][INFO] - Finding web element from Test Object's properties

2021-11-19 17:21:35 - [MESSAGE][INFO] - Checking timeout

2021-11-19 17:21:35 - [MESSAGE][INFO] - Finding web element with id: 'Object Repository/Olusturma/Genel/AliciBilgisi/Alici_Bilgisi' located by 'By.xpath: //iframe[@id='customerselectiframe']' in '30' second(s)

2021-11-19 17:21:35 - [MESSAGE][INFO] - Smart Wait Function is triggered

2021-11-19 17:21:35 - [MESSAGE][INFO] - Found 1 web elements with id: 'Object Repository/Olusturma/Genel/AliciBilgisi/Alici_Bilgisi' located by 'By.xpath: //iframe[@id='customerselectiframe']' in '30' second(s)

2021-11-19 17:21:36 - [MESSAGE][INFO] - Switched to iframe: 'Object Repository/Olusturma/Genel/AliciBilgisi/Alici_Bilgisi'

2021-11-19 17:21:36 - [MESSAGE][INFO] - Finding web element from Test Object's properties

2021-11-19 17:21:36 - [MESSAGE][INFO] - Checking timeout

2021-11-19 17:21:36 - [MESSAGE][INFO] - Finding web element with id: 'Object Repository/Olusturma/Genel/AliciBilgisi/Tamam_Bosluk' located by 'By.xpath: (.//*[normalize-space(text()) and normalize-space(.)='Sayfa Boyutu:'])[1]/following::div[7]' in '30' second(s)

2021-11-19 17:21:36 - [MESSAGE][INFO] - Smart Wait Function is triggered

2021-11-19 17:21:36 - [MESSAGE][INFO] - Found 1 web elements with id: 'Object Repository/Olusturma/Genel/AliciBilgisi/Tamam_Bosluk' located by 'By.xpath: (.//*[normalize-space(text()) and normalize-space(.)='Sayfa Boyutu:'])[1]/following::div[7]' in '30' second(s)

2021-11-19 17:21:36 - [MESSAGE][INFO] - Clicking on object: 'Object Repository/Olusturma/Genel/AliciBilgisi/Tamam_Bosluk'

2021-11-19 17:21:36 - [MESSAGE][PASSED] - Object: 'Object Repository/Olusturma/Genel/AliciBilgisi/Tamam_Bosluk' is clicked on

2021-11-19 17:21:36 - [MESSAGE][INFO] - Switching to default content

2021-11-19 17:21:36 - [TEST_STEP][PASSED] - waitForElementClickable(findTestObject("Olusturma/Genel/AliciBilgisi/Tamam_Butonu"), 10): Switching to default content

2021-11-19 17:21:36 - [MESSAGE][INFO] - Finding Test Object 'Object Repository/Olusturma/Genel/AliciBilgisi/Tamam_Butonu'

2021-11-19 17:21:36 - [MESSAGE][INFO] - Finding Test Object 'Object Repository/Olusturma/Genel/AliciBilgisi/Alici_Bilgisi'

2021-11-19 17:21:36 - [MESSAGE][INFO] - Checking object

2021-11-19 17:21:36 - [MESSAGE][INFO] - Checking timeout

2021-11-19 17:21:36 - [MESSAGE][INFO] - Object: 'Object Repository/Olusturma/Genel/AliciBilgisi/Tamam_Butonu' has parent object(s)

2021-11-19 17:21:36 - [MESSAGE][INFO] - Switching to iframe: 'Object Repository/Olusturma/Genel/AliciBilgisi/Alici_Bilgisi'

2021-11-19 17:21:36 - [MESSAGE][INFO] - Finding web element from Test Object's properties

2021-11-19 17:21:36 - [MESSAGE][INFO] - Checking timeout

2021-11-19 17:21:36 - [MESSAGE][INFO] - Finding web element with id: 'Object Repository/Olusturma/Genel/AliciBilgisi/Alici_Bilgisi' located by 'By.xpath: //iframe[@id='customerselectiframe']' in '10' second(s)

2021-11-19 17:21:36 - [MESSAGE][INFO] - Smart Wait Function is triggered

2021-11-19 17:21:36 - [MESSAGE][INFO] - Found 1 web elements with id: 'Object Repository/Olusturma/Genel/AliciBilgisi/Alici_Bilgisi' located by 'By.xpath: //iframe[@id='customerselectiframe']' in '10' second(s)

2021-11-19 17:21:36 - [MESSAGE][INFO] - Switched to iframe: 'Object Repository/Olusturma/Genel/AliciBilgisi/Alici_Bilgisi'

2021-11-19 17:21:36 - [MESSAGE][INFO] - Finding web element from Test Object's properties

2021-11-19 17:21:36 - [MESSAGE][INFO] - Checking timeout

2021-11-19 17:21:36 - [MESSAGE][INFO] - Finding web element with id: 'Object Repository/Olusturma/Genel/AliciBilgisi/Tamam_Butonu' located by 'By.xpath: //div[@id='btnSelectCustomer_CD']/span' in '10' second(s)

2021-11-19 17:21:36 - [MESSAGE][INFO] - Smart Wait Function is triggered

2021-11-19 17:21:36 - [MESSAGE][INFO] - Found 1 web elements with id: 'Object Repository/Olusturma/Genel/AliciBilgisi/Tamam_Butonu' located by 'By.xpath: //div[@id='btnSelectCustomer_CD']/span' in '10' second(s)

2021-11-19 17:21:36 - [MESSAGE][PASSED] - Object 'Object Repository/Olusturma/Genel/AliciBilgisi/Tamam_Butonu' is clickable

2021-11-19 17:21:36 - [MESSAGE][INFO] - Switching to default content

2021-11-19 17:21:36 - [TEST_STEP][PASSED] - click(findTestObject("Olusturma/Genel/AliciBilgisi/Tamam_Butonu")): Switching to default content

2021-11-19 17:21:36 - [MESSAGE][INFO] - Finding Test Object 'Object Repository/Olusturma/Genel/AliciBilgisi/Tamam_Butonu'

2021-11-19 17:21:36 - [MESSAGE][INFO] - Finding Test Object 'Object Repository/Olusturma/Genel/AliciBilgisi/Alici_Bilgisi'

2021-11-19 17:21:36 - [MESSAGE][INFO] - Checking object

2021-11-19 17:21:36 - [MESSAGE][INFO] - Object: 'Object Repository/Olusturma/Genel/AliciBilgisi/Tamam_Butonu' has parent object(s)

2021-11-19 17:21:36 - [MESSAGE][INFO] - Switching to iframe: 'Object Repository/Olusturma/Genel/AliciBilgisi/Alici_Bilgisi'

2021-11-19 17:21:36 - [MESSAGE][INFO] - Finding web element from Test Object's properties

2021-11-19 17:21:36 - [MESSAGE][INFO] - Checking timeout

2021-11-19 17:21:36 - [MESSAGE][INFO] - Finding web element with id: 'Object Repository/Olusturma/Genel/AliciBilgisi/Alici_Bilgisi' located by 'By.xpath: //iframe[@id='customerselectiframe']' in '30' second(s)

2021-11-19 17:21:36 - [MESSAGE][INFO] - Smart Wait Function is triggered

2021-11-19 17:21:37 - [MESSAGE][INFO] - Found 1 web elements with id: 'Object Repository/Olusturma/Genel/AliciBilgisi/Alici_Bilgisi' located by 'By.xpath: //iframe[@id='customerselectiframe']' in '30' second(s)

2021-11-19 17:21:37 - [MESSAGE][INFO] - Switched to iframe: 'Object Repository/Olusturma/Genel/AliciBilgisi/Alici_Bilgisi'

2021-11-19 17:21:37 - [MESSAGE][INFO] - Finding web element from Test Object's properties

2021-11-19 17:21:37 - [MESSAGE][INFO] - Checking timeout

2021-11-19 17:21:37 - [MESSAGE][INFO] - Finding web element with id: 'Object Repository/Olusturma/Genel/AliciBilgisi/Tamam_Butonu' located by 'By.xpath: //div[@id='btnSelectCustomer_CD']/span' in '30' second(s)

2021-11-19 17:21:37 - [MESSAGE][INFO] - Smart Wait Function is triggered

2021-11-19 17:21:37 - [MESSAGE][INFO] - Found 1 web elements with id: 'Object Repository/Olusturma/Genel/AliciBilgisi/Tamam_Butonu' located by 'By.xpath: //div[@id='btnSelectCustomer_CD']/span' in '30' second(s)

2021-11-19 17:21:37 - [MESSAGE][INFO] - Clicking on object: 'Object Repository/Olusturma/Genel/AliciBilgisi/Tamam_Butonu'

2021-11-19 17:21:37 - [MESSAGE][PASSED] - Object: 'Object Repository/Olusturma/Genel/AliciBilgisi/Tamam_Butonu' is clicked on

2021-11-19 17:21:37 - [MESSAGE][INFO] - Switching to default content

2021-11-19 17:21:37 - [TEST_STEP][PASSED] - waitForElementPresent(findTestObject("Olusturma/Genel/AliciBilgisi/VKN-TCKN"), 10): Object 'Object Repository/Olusturma/Genel/AliciBilgisi/VKN-TCKN' is present

2021-11-19 17:21:37 - [MESSAGE][INFO] - Finding Test Object 'Object Repository/Olusturma/Genel/AliciBilgisi/VKN-TCKN'

2021-11-19 17:21:37 - [MESSAGE][INFO] - Checking object

2021-11-19 17:21:37 - [MESSAGE][INFO] - Finding web element from Test Object's properties

2021-11-19 17:21:37 - [MESSAGE][INFO] - Checking timeout

2021-11-19 17:21:37 - [MESSAGE][INFO] - Finding web element with id: 'Object Repository/Olusturma/Genel/AliciBilgisi/VKN-TCKN' located by 'By.xpath: //*[@id = 'txtVknTckn_I']' in '10' second(s)

2021-11-19 17:21:37 - [MESSAGE][INFO] - Smart Wait Function is triggered

2021-11-19 17:21:37 - [MESSAGE][INFO] - Found 1 web elements with id: 'Object Repository/Olusturma/Genel/AliciBilgisi/VKN-TCKN' located by 'By.xpath: //*[@id = 'txtVknTckn_I']' in '10' second(s)

2021-11-19 17:21:37 - [MESSAGE][PASSED] - Object 'Object Repository/Olusturma/Genel/AliciBilgisi/VKN-TCKN' is present

2021-11-19 17:21:37 - [TEST_STEP][PASSED] - text = getAttribute(findTestObject("Olusturma/Genel/AliciBilgisi/VKN-TCKN"), "value"): Attribute 'value' of object 'Object Repository/Olusturma/Genel/AliciBilgisi/VKN-TCKN' is: '5324269312'

2021-11-19 17:21:37 - [MESSAGE][INFO] - Finding Test Object 'Object Repository/Olusturma/Genel/AliciBilgisi/VKN-TCKN'

2021-11-19 17:21:37 - [MESSAGE][INFO] - Checking object

2021-11-19 17:21:37 - [MESSAGE][INFO] - Checking attribute

2021-11-19 17:21:37 - [MESSAGE][INFO] - Finding web element from Test Object's properties

2021-11-19 17:21:37 - [MESSAGE][INFO] - Checking timeout

2021-11-19 17:21:37 - [MESSAGE][INFO] - Finding web element with id: 'Object Repository/Olusturma/Genel/AliciBilgisi/VKN-TCKN' located by 'By.xpath: //*[@id = 'txtVknTckn_I']' in '30' second(s)

2021-11-19 17:21:37 - [MESSAGE][INFO] - Smart Wait Function is triggered

2021-11-19 17:21:38 - [MESSAGE][INFO] - Found 1 web elements with id: 'Object Repository/Olusturma/Genel/AliciBilgisi/VKN-TCKN' located by 'By.xpath: //*[@id = 'txtVknTckn_I']' in '30' second(s)

2021-11-19 17:21:38 - [MESSAGE][INFO] - Getting attribute 'value' of object 'Object Repository/Olusturma/Genel/AliciBilgisi/VKN-TCKN'

2021-11-19 17:21:38 - [MESSAGE][PASSED] - Attribute 'value' of object 'Object Repository/Olusturma/Genel/AliciBilgisi/VKN-TCKN' is: '5324269312'

2021-11-19 17:21:38 - [TEST_STEP][PASSED] - if (text.equals("")): null

2021-11-19 17:21:38 - [MESSAGE][PASSED] - Call Test Case 'Test Cases/Olusturma/Genel/AliciSecilir' successfully

2021-11-19 17:21:38 - [MESSAGE][INFO] - Checking called Test Case

2021-11-19 17:21:38 - [MESSAGE][INFO] - Starting to call Test Case 'Test Cases/Olusturma/Genel/EkleButonunaBasilir'

2021-11-19 17:21:38 - [TEST_CASE][PASSED] - Test Cases/Olusturma/Genel/EkleButonunaBasilir: Test Cases/Olusturma/Genel/EkleButonunaBasilir

2021-11-19 17:21:38 - [TEST_STEP][PASSED] - waitForElementClickable(findTestObject("Object Repository/Olusturma/Genel/Olusturma/Ekle"), 10): Object 'Object Repository/Olusturma/Genel/Olusturma/Ekle' is clickable

2021-11-19 17:21:38 - [MESSAGE][INFO] - Finding Test Object 'Object Repository/Olusturma/Genel/Olusturma/Ekle'

2021-11-19 17:21:38 - [MESSAGE][INFO] - Checking object

2021-11-19 17:21:38 - [MESSAGE][INFO] - Checking timeout

2021-11-19 17:21:38 - [MESSAGE][INFO] - Finding web element from Test Object's properties

2021-11-19 17:21:38 - [MESSAGE][INFO] - Checking timeout

2021-11-19 17:21:38 - [MESSAGE][INFO] - Finding web element with id: 'Object Repository/Olusturma/Genel/Olusturma/Ekle' located by 'By.cssSelector: #divmalhizmet i.fa.fa-plus.fa-lg.text-muted' in '10' second(s)

2021-11-19 17:21:38 - [MESSAGE][INFO] - Smart Wait Function is triggered

2021-11-19 17:21:38 - [MESSAGE][INFO] - Found 1 web elements with id: 'Object Repository/Olusturma/Genel/Olusturma/Ekle' located by 'By.cssSelector: #divmalhizmet i.fa.fa-plus.fa-lg.text-muted' in '10' second(s)

2021-11-19 17:21:38 - [MESSAGE][PASSED] - Object 'Object Repository/Olusturma/Genel/Olusturma/Ekle' is clickable

2021-11-19 17:21:38 - [TEST_STEP][PASSED] - click(findTestObject("Object Repository/Olusturma/Genel/Olusturma/Ekle")): Object: 'Object Repository/Olusturma/Genel/Olusturma/Ekle' is clicked on

2021-11-19 17:21:38 - [MESSAGE][INFO] - Finding Test Object 'Object Repository/Olusturma/Genel/Olusturma/Ekle'

2021-11-19 17:21:38 - [MESSAGE][INFO] - Checking object

2021-11-19 17:21:38 - [MESSAGE][INFO] - Finding web element from Test Object's properties

2021-11-19 17:21:38 - [MESSAGE][INFO] - Checking timeout

2021-11-19 17:21:38 - [MESSAGE][INFO] - Finding web element with id: 'Object Repository/Olusturma/Genel/Olusturma/Ekle' located by 'By.cssSelector: #divmalhizmet i.fa.fa-plus.fa-lg.text-muted' in '30' second(s)

2021-11-19 17:21:38 - [MESSAGE][INFO] - Smart Wait Function is triggered

2021-11-19 17:21:38 - [MESSAGE][INFO] - Found 1 web elements with id: 'Object Repository/Olusturma/Genel/Olusturma/Ekle' located by 'By.cssSelector: #divmalhizmet i.fa.fa-plus.fa-lg.text-muted' in '30' second(s)

2021-11-19 17:21:38 - [MESSAGE][INFO] - Clicking on object: 'Object Repository/Olusturma/Genel/Olusturma/Ekle'

2021-11-19 17:21:38 - [MESSAGE][PASSED] - Object: 'Object Repository/Olusturma/Genel/Olusturma/Ekle' is clicked on

2021-11-19 17:21:38 - [TEST_STEP][PASSED] - waitForElementClickable(findTestObject("Olusturma/Genel/Olusturma/EklenenSatirCarpiImage"), 10): Object 'Object Repository/Olusturma/Genel/Olusturma/EklenenSatirCarpiImage' is clickable

2021-11-19 17:21:38 - [MESSAGE][INFO] - Finding Test Object 'Object Repository/Olusturma/Genel/Olusturma/EklenenSatirCarpiImage'

2021-11-19 17:21:39 - [MESSAGE][INFO] - Checking object

2021-11-19 17:21:39 - [MESSAGE][INFO] - Checking timeout

2021-11-19 17:21:39 - [MESSAGE][INFO] - Finding web element from Test Object's properties

2021-11-19 17:21:39 - [MESSAGE][INFO] - Checking timeout

2021-11-19 17:21:39 - [MESSAGE][INFO] - Finding web element with id: 'Object Repository/Olusturma/Genel/Olusturma/EklenenSatirCarpiImage' located by 'By.cssSelector: .fa.fa-times.fa-lg.text-primary' in '10' second(s)

2021-11-19 17:21:39 - [MESSAGE][INFO] - Smart Wait Function is triggered

2021-11-19 17:21:39 - [MESSAGE][INFO] - Smart Wait Function is triggered

2021-11-19 17:21:40 - [MESSAGE][INFO] - Found 1 web elements with id: 'Object Repository/Olusturma/Genel/Olusturma/EklenenSatirCarpiImage' located by 'By.cssSelector: .fa.fa-times.fa-lg.text-primary' in '10' second(s)

2021-11-19 17:21:40 - [MESSAGE][PASSED] - Object 'Object Repository/Olusturma/Genel/Olusturma/EklenenSatirCarpiImage' is clickable

2021-11-19 17:21:40 - [MESSAGE][PASSED] - Call Test Case 'Test Cases/Olusturma/Genel/EkleButonunaBasilir' successfully

2021-11-19 17:21:40 - [MESSAGE][INFO] - Checking called Test Case

2021-11-19 17:21:40 - [MESSAGE][INFO] - Starting to call Test Case 'Test Cases/Olusturma/Genel/Olusturma'

2021-11-19 17:21:40 - [TEST_CASE][PASSED] - Test Cases/Olusturma/Genel/Olusturma: Test Cases/Olusturma/Genel/Olusturma

2021-11-19 17:21:40 - [TEST_STEP][PASSED] - driver = getWebDriver(): null

2021-11-19 17:21:40 - [TEST_STEP][PASSED] - action = new org.openqa.selenium.interactions.Actions(driver): null

2021-11-19 17:21:40 - [TEST_STEP][PASSED] - baslikElement = <not implemented yet for class: org.codehaus.groovy.ast.expr.EmptyExpression>: null

2021-11-19 17:21:40 - [TEST_STEP][PASSED] - sonElement = <not implemented yet for class: org.codehaus.groovy.ast.expr.EmptyExpression>: null

2021-11-19 17:21:40 - [TEST_STEP][PASSED] - attr = <not implemented yet for class: org.codehaus.groovy.ast.expr.EmptyExpression>: null

2021-11-19 17:21:40 - [TEST_STEP][PASSED] - a = 0: null

2021-11-19 17:21:40 - [TEST_STEP][PASSED] - elements = findWebElements(findTestObject("Object Repository/Olusturma/Genel/Olusturma/TabloBasliklari"), 10): Found 7 web elements with id: 'Object Repository/Olusturma/Genel/Olusturma/TabloBasliklari' located by 'By.cssSelector: div#divmalhizmet .dxgvTable_LECustomTheme td.dxgvHeader_LECustomTheme tr>td:nth-child(1)' in '10' second(s)

2021-11-19 17:21:40 - [MESSAGE][INFO] - Finding Test Object 'Object Repository/Olusturma/Genel/Olusturma/TabloBasliklari'

2021-11-19 17:21:40 - [MESSAGE][INFO] - Checking timeout

2021-11-19 17:21:40 - [MESSAGE][INFO] - Finding web element with id: 'Object Repository/Olusturma/Genel/Olusturma/TabloBasliklari' located by 'By.cssSelector: div#divmalhizmet .dxgvTable_LECustomTheme td.dxgvHeader_LECustomTheme tr>td:nth-child(1)' in '10' second(s)

2021-11-19 17:21:40 - [MESSAGE][INFO] - Smart Wait Function is triggered

2021-11-19 17:21:40 - [MESSAGE][INFO] - Found 7 web elements with id: 'Object Repository/Olusturma/Genel/Olusturma/TabloBasliklari' located by 'By.cssSelector: div#divmalhizmet .dxgvTable_LECustomTheme td.dxgvHeader_LECustomTheme tr>td:nth-child(1)' in '10' second(s)

2021-11-19 17:21:40 - [TEST_STEP][PASSED] - for (def element : elements): null

2021-11-19 17:21:40 - [TEST_STEP][PASSED] - build().perform(): null

2021-11-19 17:21:41 - [TEST_STEP][PASSED] - if (getText().equals(Baslik)): null

2021-11-19 17:21:41 - [TEST_STEP][PASSED] - baslikElement = element.findElement(By.xpath("../../../..")): Smart Wait Function is triggered

2021-11-19 17:21:41 - [MESSAGE][INFO] - Smart Wait Function is triggered

2021-11-19 17:21:41 - [TEST_STEP][PASSED] - attr = baslikElement.getAttribute("id"): null

2021-11-19 17:21:41 - [TEST_STEP][PASSED] - println("girdi ve idsini aldı = " + attr): null

2021-11-19 17:21:41 - [TEST_STEP][PASSED] - break: null

2021-11-19 17:21:41 - [TEST_STEP][PASSED] - countElement = baslikElement.findElements(By.xpath("../td")): Smart Wait Function is triggered

2021-11-19 17:21:41 - [MESSAGE][INFO] - Smart Wait Function is triggered

2021-11-19 17:21:41 - [TEST_STEP][PASSED] - for (def element : countElement): null

2021-11-19 17:21:41 - [TEST_STEP][PASSED] - if (toString().equals(attr.toString())): null

2021-11-19 17:21:41 - [TEST_STEP][PASSED] - (a++): null

2021-11-19 17:21:41 - [TEST_STEP][PASSED] - if (toString().equals(attr.toString())): null

2021-11-19 17:21:41 - [TEST_STEP][PASSED] - break: null

2021-11-19 17:21:41 - [TEST_STEP][PASSED] - son = findWebElement(findTestObject("Object Repository/Olusturma/Genel/Olusturma/EklenenSatir")).findElement(By.xpath("td[@class='dxgvInlineEditCell_LECustomTheme dxgv'][" + a + "]//td[@class='dxic']/input")): Smart Wait Function is triggered

2021-11-19 17:21:41 - [MESSAGE][INFO] - Finding Test Object 'Object Repository/Olusturma/Genel/Olusturma/EklenenSatir'

2021-11-19 17:21:41 - [MESSAGE][INFO] - Finding web element from Test Object's properties

2021-11-19 17:21:41 - [MESSAGE][INFO] - Checking timeout

2021-11-19 17:21:41 - [MESSAGE][INFO] - Finding web element with id: 'Object Repository/Olusturma/Genel/Olusturma/EklenenSatir' located by 'By.cssSelector: #divmalhizmet .dxgvInlineEditRow_LECustomTheme' in '30' second(s)

2021-11-19 17:21:41 - [MESSAGE][INFO] - Smart Wait Function is triggered

2021-11-19 17:21:41 - [MESSAGE][INFO] - Found 1 web elements with id: 'Object Repository/Olusturma/Genel/Olusturma/EklenenSatir' located by 'By.cssSelector: #divmalhizmet .dxgvInlineEditRow_LECustomTheme' in '30' second(s)

2021-11-19 17:21:41 - [MESSAGE][INFO] - Smart Wait Function is triggered

2021-11-19 17:21:42 - [TEST_STEP][PASSED] - if (!(getAttribute("value").contains("Vkn"))): null

2021-11-19 17:21:42 - [TEST_STEP][PASSED] - son.clear(): null

2021-11-19 17:21:42 - [TEST_STEP][PASSED] - son.sendKeys(Deger): null

2021-11-19 17:21:42 - [MESSAGE][PASSED] - Call Test Case 'Test Cases/Olusturma/Genel/Olusturma' successfully

2021-11-19 17:21:42 - [MESSAGE][INFO] - Checking called Test Case

2021-11-19 17:21:42 - [MESSAGE][INFO] - Starting to call Test Case 'Test Cases/Olusturma/Genel/Olusturma'

2021-11-19 17:21:42 - [TEST_CASE][PASSED] - Test Cases/Olusturma/Genel/Olusturma: Test Cases/Olusturma/Genel/Olusturma

2021-11-19 17:21:42 - [TEST_STEP][PASSED] - driver = getWebDriver(): null

2021-11-19 17:21:42 - [TEST_STEP][PASSED] - action = new org.openqa.selenium.interactions.Actions(driver): null

2021-11-19 17:21:42 - [TEST_STEP][PASSED] - baslikElement = <not implemented yet for class: org.codehaus.groovy.ast.expr.EmptyExpression>: null

2021-11-19 17:21:42 - [TEST_STEP][PASSED] - sonElement = <not implemented yet for class: org.codehaus.groovy.ast.expr.EmptyExpression>: null

2021-11-19 17:21:42 - [TEST_STEP][PASSED] - attr = <not implemented yet for class: org.codehaus.groovy.ast.expr.EmptyExpression>: null

2021-11-19 17:21:42 - [TEST_STEP][PASSED] - a = 0: null

2021-11-19 17:21:42 - [TEST_STEP][PASSED] - elements = findWebElements(findTestObject("Object Repository/Olusturma/Genel/Olusturma/TabloBasliklari"), 10): Found 7 web elements with id: 'Object Repository/Olusturma/Genel/Olusturma/TabloBasliklari' located by 'By.cssSelector: div#divmalhizmet .dxgvTable_LECustomTheme td.dxgvHeader_LECustomTheme tr>td:nth-child(1)' in '10' second(s)

2021-11-19 17:21:42 - [MESSAGE][INFO] - Finding Test Object 'Object Repository/Olusturma/Genel/Olusturma/TabloBasliklari'

2021-11-19 17:21:42 - [MESSAGE][INFO] - Checking timeout

2021-11-19 17:21:42 - [MESSAGE][INFO] - Finding web element with id: 'Object Repository/Olusturma/Genel/Olusturma/TabloBasliklari' located by 'By.cssSelector: div#divmalhizmet .dxgvTable_LECustomTheme td.dxgvHeader_LECustomTheme tr>td:nth-child(1)' in '10' second(s)

2021-11-19 17:21:42 - [MESSAGE][INFO] - Smart Wait Function is triggered

2021-11-19 17:21:42 - [MESSAGE][INFO] - Found 7 web elements with id: 'Object Repository/Olusturma/Genel/Olusturma/TabloBasliklari' located by 'By.cssSelector: div#divmalhizmet .dxgvTable_LECustomTheme td.dxgvHeader_LECustomTheme tr>td:nth-child(1)' in '10' second(s)

2021-11-19 17:21:42 - [TEST_STEP][PASSED] - for (def element : elements): null

2021-11-19 17:21:42 - [TEST_STEP][PASSED] - build().perform(): null

2021-11-19 17:21:42 - [TEST_STEP][PASSED] - if (getText().equals(Baslik)): null

2021-11-19 17:21:42 - [TEST_STEP][PASSED] - build().perform(): null

2021-11-19 17:21:43 - [TEST_STEP][PASSED] - if (getText().equals(Baslik)): null

2021-11-19 17:21:43 - [TEST_STEP][PASSED] - baslikElement = element.findElement(By.xpath("../../../..")): Smart Wait Function is triggered

2021-11-19 17:21:43 - [MESSAGE][INFO] - Smart Wait Function is triggered

2021-11-19 17:21:43 - [TEST_STEP][PASSED] - attr = baslikElement.getAttribute("id"): null

2021-11-19 17:21:43 - [TEST_STEP][PASSED] - println("girdi ve idsini aldı = " + attr): null

2021-11-19 17:21:43 - [TEST_STEP][PASSED] - break: null

2021-11-19 17:21:43 - [TEST_STEP][PASSED] - countElement = baslikElement.findElements(By.xpath("../td")): Smart Wait Function is triggered

2021-11-19 17:21:43 - [MESSAGE][INFO] - Smart Wait Function is triggered

2021-11-19 17:21:43 - [TEST_STEP][PASSED] - for (def element : countElement): null

2021-11-19 17:21:43 - [TEST_STEP][PASSED] - if (toString().equals(attr.toString())): null

2021-11-19 17:21:43 - [TEST_STEP][PASSED] - (a++): null

2021-11-19 17:21:43 - [TEST_STEP][PASSED] - if (toString().equals(attr.toString())): null

2021-11-19 17:21:43 - [TEST_STEP][PASSED] - (a++): null

2021-11-19 17:21:43 - [TEST_STEP][PASSED] - if (toString().equals(attr.toString())): null

2021-11-19 17:21:43 - [TEST_STEP][PASSED] - break: null

2021-11-19 17:21:43 - [TEST_STEP][PASSED] - son = findWebElement(findTestObject("Object Repository/Olusturma/Genel/Olusturma/EklenenSatir")).findElement(By.xpath("td[@class='dxgvInlineEditCell_LECustomTheme dxgv'][" + a + "]//td[@class='dxic']/input")): Smart Wait Function is triggered

2021-11-19 17:21:43 - [MESSAGE][INFO] - Finding Test Object 'Object Repository/Olusturma/Genel/Olusturma/EklenenSatir'

2021-11-19 17:21:43 - [MESSAGE][INFO] - Finding web element from Test Object's properties

2021-11-19 17:21:43 - [MESSAGE][INFO] - Checking timeout

2021-11-19 17:21:43 - [MESSAGE][INFO] - Finding web element with id: 'Object Repository/Olusturma/Genel/Olusturma/EklenenSatir' located by 'By.cssSelector: #divmalhizmet .dxgvInlineEditRow_LECustomTheme' in '30' second(s)

2021-11-19 17:21:43 - [MESSAGE][INFO] - Smart Wait Function is triggered

2021-11-19 17:21:44 - [MESSAGE][INFO] - Found 1 web elements with id: 'Object Repository/Olusturma/Genel/Olusturma/EklenenSatir' located by 'By.cssSelector: #divmalhizmet .dxgvInlineEditRow_LECustomTheme' in '30' second(s)

2021-11-19 17:21:44 - [MESSAGE][INFO] - Smart Wait Function is triggered

2021-11-19 17:21:44 - [TEST_STEP][PASSED] - if (!(getAttribute("value").contains("Vkn"))): null

2021-11-19 17:21:44 - [TEST_STEP][PASSED] - son.clear(): null

2021-11-19 17:21:44 - [TEST_STEP][PASSED] - son.sendKeys(Deger): null

2021-11-19 17:21:44 - [MESSAGE][PASSED] - Call Test Case 'Test Cases/Olusturma/Genel/Olusturma' successfully

2021-11-19 17:21:44 - [MESSAGE][INFO] - Checking called Test Case

2021-11-19 17:21:44 - [MESSAGE][INFO] - Starting to call Test Case 'Test Cases/Olusturma/Genel/Olusturma'

2021-11-19 17:21:44 - [TEST_CASE][PASSED] - Test Cases/Olusturma/Genel/Olusturma: Test Cases/Olusturma/Genel/Olusturma

2021-11-19 17:21:44 - [TEST_STEP][PASSED] - driver = getWebDriver(): null

2021-11-19 17:21:44 - [TEST_STEP][PASSED] - action = new org.openqa.selenium.interactions.Actions(driver): null

2021-11-19 17:21:44 - [TEST_STEP][PASSED] - baslikElement = <not implemented yet for class: org.codehaus.groovy.ast.expr.EmptyExpression>: null

2021-11-19 17:21:44 - [TEST_STEP][PASSED] - sonElement = <not implemented yet for class: org.codehaus.groovy.ast.expr.EmptyExpression>: null

2021-11-19 17:21:44 - [TEST_STEP][PASSED] - attr = <not implemented yet for class: org.codehaus.groovy.ast.expr.EmptyExpression>: null

2021-11-19 17:21:44 - [TEST_STEP][PASSED] - a = 0: null

2021-11-19 17:21:44 - [TEST_STEP][PASSED] - elements = findWebElements(findTestObject("Object Repository/Olusturma/Genel/Olusturma/TabloBasliklari"), 10): Found 7 web elements with id: 'Object Repository/Olusturma/Genel/Olusturma/TabloBasliklari' located by 'By.cssSelector: div#divmalhizmet .dxgvTable_LECustomTheme td.dxgvHeader_LECustomTheme tr>td:nth-child(1)' in '10' second(s)

2021-11-19 17:21:44 - [MESSAGE][INFO] - Finding Test Object 'Object Repository/Olusturma/Genel/Olusturma/TabloBasliklari'

2021-11-19 17:21:44 - [MESSAGE][INFO] - Checking timeout

2021-11-19 17:21:44 - [MESSAGE][INFO] - Finding web element with id: 'Object Repository/Olusturma/Genel/Olusturma/TabloBasliklari' located by 'By.cssSelector: div#divmalhizmet .dxgvTable_LECustomTheme td.dxgvHeader_LECustomTheme tr>td:nth-child(1)' in '10' second(s)

2021-11-19 17:21:44 - [MESSAGE][INFO] - Smart Wait Function is triggered

2021-11-19 17:21:45 - [MESSAGE][INFO] - Found 7 web elements with id: 'Object Repository/Olusturma/Genel/Olusturma/TabloBasliklari' located by 'By.cssSelector: div#divmalhizmet .dxgvTable_LECustomTheme td.dxgvHeader_LECustomTheme tr>td:nth-child(1)' in '10' second(s)

2021-11-19 17:21:45 - [TEST_STEP][PASSED] - for (def element : elements): null

2021-11-19 17:21:45 - [TEST_STEP][PASSED] - build().perform(): null

2021-11-19 17:21:45 - [TEST_STEP][PASSED] - if (getText().equals(Baslik)): null

2021-11-19 17:21:45 - [TEST_STEP][PASSED] - build().perform(): null

2021-11-19 17:21:45 - [TEST_STEP][PASSED] - if (getText().equals(Baslik)): null

2021-11-19 17:21:45 - [TEST_STEP][PASSED] - build().perform(): null

2021-11-19 17:21:45 - [TEST_STEP][PASSED] - if (getText().equals(Baslik)): null

2021-11-19 17:21:45 - [TEST_STEP][PASSED] - build().perform(): null

2021-11-19 17:21:45 - [TEST_STEP][PASSED] - if (getText().equals(Baslik)): null

2021-11-19 17:21:45 - [TEST_STEP][PASSED] - baslikElement = element.findElement(By.xpath("../../../..")): Smart Wait Function is triggered

2021-11-19 17:21:45 - [MESSAGE][INFO] - Smart Wait Function is triggered

2021-11-19 17:21:45 - [TEST_STEP][PASSED] - attr = baslikElement.getAttribute("id"): null

2021-11-19 17:21:45 - [TEST_STEP][PASSED] - println("girdi ve idsini aldı = " + attr): null

2021-11-19 17:21:45 - [TEST_STEP][PASSED] - break: null

2021-11-19 17:21:45 - [TEST_STEP][PASSED] - countElement = baslikElement.findElements(By.xpath("../td")): Smart Wait Function is triggered

2021-11-19 17:21:45 - [MESSAGE][INFO] - Smart Wait Function is triggered

2021-11-19 17:21:46 - [TEST_STEP][PASSED] - for (def element : countElement): null

2021-11-19 17:21:46 - [TEST_STEP][PASSED] - if (toString().equals(attr.toString())): null

2021-11-19 17:21:46 - [TEST_STEP][PASSED] - (a++): null

2021-11-19 17:21:46 - [TEST_STEP][PASSED] - if (toString().equals(attr.toString())): null

2021-11-19 17:21:46 - [TEST_STEP][PASSED] - (a++): null

2021-11-19 17:21:46 - [TEST_STEP][PASSED] - if (toString().equals(attr.toString())): null

2021-11-19 17:21:46 - [TEST_STEP][PASSED] - (a++): null

2021-11-19 17:21:46 - [TEST_STEP][PASSED] - if (toString().equals(attr.toString())): null

2021-11-19 17:21:46 - [TEST_STEP][PASSED] - (a++): null

2021-11-19 17:21:46 - [TEST_STEP][PASSED] - if (toString().equals(attr.toString())): null

2021-11-19 17:21:46 - [TEST_STEP][PASSED] - break: null

2021-11-19 17:21:46 - [TEST_STEP][PASSED] - son = findWebElement(findTestObject("Object Repository/Olusturma/Genel/Olusturma/EklenenSatir")).findElement(By.xpath("td[@class='dxgvInlineEditCell_LECustomTheme dxgv'][" + a + "]//td[@class='dxic']/input")): Smart Wait Function is triggered

2021-11-19 17:21:46 - [MESSAGE][INFO] - Finding Test Object 'Object Repository/Olusturma/Genel/Olusturma/EklenenSatir'

2021-11-19 17:21:46 - [MESSAGE][INFO] - Finding web element from Test Object's properties

2021-11-19 17:21:46 - [MESSAGE][INFO] - Checking timeout

2021-11-19 17:21:46 - [MESSAGE][INFO] - Finding web element with id: 'Object Repository/Olusturma/Genel/Olusturma/EklenenSatir' located by 'By.cssSelector: #divmalhizmet .dxgvInlineEditRow_LECustomTheme' in '30' second(s)

2021-11-19 17:21:46 - [MESSAGE][INFO] - Smart Wait Function is triggered

2021-11-19 17:21:46 - [MESSAGE][INFO] - Found 1 web elements with id: 'Object Repository/Olusturma/Genel/Olusturma/EklenenSatir' located by 'By.cssSelector: #divmalhizmet .dxgvInlineEditRow_LECustomTheme' in '30' second(s)

2021-11-19 17:21:46 - [MESSAGE][INFO] - Smart Wait Function is triggered

2021-11-19 17:21:46 - [TEST_STEP][PASSED] - if (!(getAttribute("value").contains("Vkn"))): null

2021-11-19 17:21:46 - [TEST_STEP][PASSED] - son.clear(): null

2021-11-19 17:21:47 - [TEST_STEP][PASSED] - son.sendKeys(Deger): null

2021-11-19 17:21:47 - [MESSAGE][PASSED] - Call Test Case 'Test Cases/Olusturma/Genel/Olusturma' successfully

2021-11-19 17:21:47 - [MESSAGE][INFO] - Checking called Test Case

2021-11-19 17:21:47 - [MESSAGE][INFO] - Starting to call Test Case 'Test Cases/Olusturma/Genel/Olusturma'

2021-11-19 17:21:47 - [TEST_CASE][PASSED] - Test Cases/Olusturma/Genel/Olusturma: Test Cases/Olusturma/Genel/Olusturma

2021-11-19 17:21:47 - [TEST_STEP][PASSED] - driver = getWebDriver(): null

2021-11-19 17:21:47 - [TEST_STEP][PASSED] - action = new org.openqa.selenium.interactions.Actions(driver): null

2021-11-19 17:21:47 - [TEST_STEP][PASSED] - baslikElement = <not implemented yet for class: org.codehaus.groovy.ast.expr.EmptyExpression>: null

2021-11-19 17:21:47 - [TEST_STEP][PASSED] - sonElement = <not implemented yet for class: org.codehaus.groovy.ast.expr.EmptyExpression>: null

2021-11-19 17:21:47 - [TEST_STEP][PASSED] - attr = <not implemented yet for class: org.codehaus.groovy.ast.expr.EmptyExpression>: null

2021-11-19 17:21:47 - [TEST_STEP][PASSED] - a = 0: null

2021-11-19 17:21:47 - [TEST_STEP][PASSED] - elements = findWebElements(findTestObject("Object Repository/Olusturma/Genel/Olusturma/TabloBasliklari"), 10): Found 7 web elements with id: 'Object Repository/Olusturma/Genel/Olusturma/TabloBasliklari' located by 'By.cssSelector: div#divmalhizmet .dxgvTable_LECustomTheme td.dxgvHeader_LECustomTheme tr>td:nth-child(1)' in '10' second(s)

2021-11-19 17:21:47 - [MESSAGE][INFO] - Finding Test Object 'Object Repository/Olusturma/Genel/Olusturma/TabloBasliklari'

2021-11-19 17:21:47 - [MESSAGE][INFO] - Checking timeout

2021-11-19 17:21:47 - [MESSAGE][INFO] - Finding web element with id: 'Object Repository/Olusturma/Genel/Olusturma/TabloBasliklari' located by 'By.cssSelector: div#divmalhizmet .dxgvTable_LECustomTheme td.dxgvHeader_LECustomTheme tr>td:nth-child(1)' in '10' second(s)

2021-11-19 17:21:47 - [MESSAGE][INFO] - Smart Wait Function is triggered

2021-11-19 17:21:47 - [MESSAGE][INFO] - Found 7 web elements with id: 'Object Repository/Olusturma/Genel/Olusturma/TabloBasliklari' located by 'By.cssSelector: div#divmalhizmet .dxgvTable_LECustomTheme td.dxgvHeader_LECustomTheme tr>td:nth-child(1)' in '10' second(s)

2021-11-19 17:21:47 - [TEST_STEP][PASSED] - for (def element : elements): null

2021-11-19 17:21:47 - [TEST_STEP][PASSED] - build().perform(): null

2021-11-19 17:21:47 - [TEST_STEP][PASSED] - if (getText().equals(Baslik)): null

2021-11-19 17:21:47 - [TEST_STEP][PASSED] - build().perform(): null

2021-11-19 17:21:47 - [TEST_STEP][PASSED] - if (getText().equals(Baslik)): null

2021-11-19 17:21:47 - [TEST_STEP][PASSED] - build().perform(): null

2021-11-19 17:21:47 - [TEST_STEP][PASSED] - if (getText().equals(Baslik)): null

2021-11-19 17:21:47 - [TEST_STEP][PASSED] - build().perform(): null

2021-11-19 17:21:48 - [TEST_STEP][PASSED] - if (getText().equals(Baslik)): null

2021-11-19 17:21:48 - [TEST_STEP][PASSED] - build().perform(): null

2021-11-19 17:21:48 - [TEST_STEP][PASSED] - if (getText().equals(Baslik)): null

2021-11-19 17:21:48 - [TEST_STEP][PASSED] - build().perform(): null

2021-11-19 17:21:48 - [TEST_STEP][PASSED] - if (getText().equals(Baslik)): null

2021-11-19 17:21:48 - [TEST_STEP][PASSED] - baslikElement = element.findElement(By.xpath("../../../..")): Smart Wait Function is triggered

2021-11-19 17:21:48 - [MESSAGE][INFO] - Smart Wait Function is triggered

2021-11-19 17:21:48 - [TEST_STEP][PASSED] - attr = baslikElement.getAttribute("id"): null

2021-11-19 17:21:48 - [TEST_STEP][PASSED] - println("girdi ve idsini aldı = " + attr): null

2021-11-19 17:21:48 - [TEST_STEP][PASSED] - break: null

2021-11-19 17:21:48 - [TEST_STEP][PASSED] - countElement = baslikElement.findElements(By.xpath("../td")): Smart Wait Function is triggered

2021-11-19 17:21:48 - [MESSAGE][INFO] - Smart Wait Function is triggered

2021-11-19 17:21:48 - [TEST_STEP][PASSED] - for (def element : countElement): null

2021-11-19 17:21:48 - [TEST_STEP][PASSED] - if (toString().equals(attr.toString())): null

2021-11-19 17:21:48 - [TEST_STEP][PASSED] - (a++): null

2021-11-19 17:21:48 - [TEST_STEP][PASSED] - if (toString().equals(attr.toString())): null

2021-11-19 17:21:48 - [TEST_STEP][PASSED] - (a++): null

2021-11-19 17:21:48 - [TEST_STEP][PASSED] - if (toString().equals(attr.toString())): null

2021-11-19 17:21:48 - [TEST_STEP][PASSED] - (a++): null

2021-11-19 17:21:48 - [TEST_STEP][PASSED] - if (toString().equals(attr.toString())): null

2021-11-19 17:21:48 - [TEST_STEP][PASSED] - (a++): null

2021-11-19 17:21:48 - [TEST_STEP][PASSED] - if (toString().equals(attr.toString())): null

2021-11-19 17:21:48 - [TEST_STEP][PASSED] - (a++): null

2021-11-19 17:21:48 - [TEST_STEP][PASSED] - if (toString().equals(attr.toString())): null

2021-11-19 17:21:48 - [TEST_STEP][PASSED] - (a++): null

2021-11-19 17:21:48 - [TEST_STEP][PASSED] - if (toString().equals(attr.toString())): null

2021-11-19 17:21:49 - [TEST_STEP][PASSED] - break: null

2021-11-19 17:21:49 - [TEST_STEP][PASSED] - son = findWebElement(findTestObject("Object Repository/Olusturma/Genel/Olusturma/EklenenSatir")).findElement(By.xpath("td[@class='dxgvInlineEditCell_LECustomTheme dxgv'][" + a + "]//td[@class='dxic']/input")): Smart Wait Function is triggered

2021-11-19 17:21:49 - [MESSAGE][INFO] - Finding Test Object 'Object Repository/Olusturma/Genel/Olusturma/EklenenSatir'

2021-11-19 17:21:49 - [MESSAGE][INFO] - Finding web element from Test Object's properties

2021-11-19 17:21:49 - [MESSAGE][INFO] - Checking timeout

2021-11-19 17:21:49 - [MESSAGE][INFO] - Finding web element with id: 'Object Repository/Olusturma/Genel/Olusturma/EklenenSatir' located by 'By.cssSelector: #divmalhizmet .dxgvInlineEditRow_LECustomTheme' in '30' second(s)

2021-11-19 17:21:49 - [MESSAGE][INFO] - Smart Wait Function is triggered

2021-11-19 17:21:49 - [MESSAGE][INFO] - Found 1 web elements with id: 'Object Repository/Olusturma/Genel/Olusturma/EklenenSatir' located by 'By.cssSelector: #divmalhizmet .dxgvInlineEditRow_LECustomTheme' in '30' second(s)

2021-11-19 17:21:49 - [MESSAGE][INFO] - Smart Wait Function is triggered

2021-11-19 17:21:49 - [TEST_STEP][PASSED] - if (!(getAttribute("value").contains("Vkn"))): null

2021-11-19 17:21:49 - [TEST_STEP][PASSED] - son.clear(): null

2021-11-19 17:21:49 - [TEST_STEP][PASSED] - son.sendKeys(Deger): null

2021-11-19 17:21:49 - [MESSAGE][PASSED] - Call Test Case 'Test Cases/Olusturma/Genel/Olusturma' successfully

2021-11-19 17:21:49 - [MESSAGE][INFO] - Checking called Test Case

2021-11-19 17:21:49 - [MESSAGE][INFO] - Starting to call Test Case 'Test Cases/Olusturma/Genel/NotGirilir'

2021-11-19 17:21:49 - [TEST_CASE][PASSED] - Test Cases/Olusturma/Genel/NotGirilir: Test Cases/Olusturma/Genel/NotGirilir

2021-11-19 17:21:49 - [TEST_STEP][PASSED] - i = 0: null

2021-11-19 17:21:49 - [TEST_STEP][PASSED] - waitForElementClickable(findTestObject("Olusturma/Genel/Not/Notlar"), 10): Object 'Object Repository/Olusturma/Genel/Not/Notlar' is clickable

2021-11-19 17:21:49 - [MESSAGE][INFO] - Finding Test Object 'Object Repository/Olusturma/Genel/Not/Notlar'

2021-11-19 17:21:49 - [MESSAGE][INFO] - Checking object

2021-11-19 17:21:49 - [MESSAGE][INFO] - Checking timeout

2021-11-19 17:21:49 - [MESSAGE][INFO] - Finding web element from Test Object's properties

2021-11-19 17:21:49 - [MESSAGE][INFO] - Checking timeout

2021-11-19 17:21:49 - [MESSAGE][INFO] - Finding web element with id: 'Object Repository/Olusturma/Genel/Not/Notlar' located by 'By.xpath: //*[@id = 'txtNote_I']' in '10' second(s)

2021-11-19 17:21:49 - [MESSAGE][INFO] - Smart Wait Function is triggered

2021-11-19 17:21:50 - [MESSAGE][INFO] - Found 1 web elements with id: 'Object Repository/Olusturma/Genel/Not/Notlar' located by 'By.xpath: //*[@id = 'txtNote_I']' in '10' second(s)

2021-11-19 17:21:50 - [MESSAGE][PASSED] - Object 'Object Repository/Olusturma/Genel/Not/Notlar' is clickable

2021-11-19 17:21:50 - [TEST_STEP][PASSED] - clearText(findTestObject("Olusturma/Genel/Not/Notlar")): Text of object 'Object Repository/Olusturma/Genel/Not/Notlar' is cleared

2021-11-19 17:21:50 - [MESSAGE][INFO] - Finding Test Object 'Object Repository/Olusturma/Genel/Not/Notlar'

2021-11-19 17:21:50 - [MESSAGE][INFO] - Checking object

2021-11-19 17:21:50 - [MESSAGE][INFO] - Finding web element from Test Object's properties

2021-11-19 17:21:50 - [MESSAGE][INFO] - Checking timeout

2021-11-19 17:21:50 - [MESSAGE][INFO] - Finding web element with id: 'Object Repository/Olusturma/Genel/Not/Notlar' located by 'By.xpath: //*[@id = 'txtNote_I']' in '30' second(s)

2021-11-19 17:21:50 - [MESSAGE][INFO] - Smart Wait Function is triggered

2021-11-19 17:21:50 - [MESSAGE][INFO] - Found 1 web elements with id: 'Object Repository/Olusturma/Genel/Not/Notlar' located by 'By.xpath: //*[@id = 'txtNote_I']' in '30' second(s)

2021-11-19 17:21:50 - [MESSAGE][INFO] - Clearing text of object 'Object Repository/Olusturma/Genel/Not/Notlar'

2021-11-19 17:21:50 - [MESSAGE][PASSED] - Text of object 'Object Repository/Olusturma/Genel/Not/Notlar' is cleared

2021-11-19 17:21:50 - [TEST_STEP][PASSED] - click(findTestObject("Olusturma/Genel/Not/Notlar")): Object: 'Object Repository/Olusturma/Genel/Not/Notlar' is clicked on

2021-11-19 17:21:50 - [MESSAGE][INFO] - Finding Test Object 'Object Repository/Olusturma/Genel/Not/Notlar'

2021-11-19 17:21:50 - [MESSAGE][INFO] - Checking object

2021-11-19 17:21:50 - [MESSAGE][INFO] - Finding web element from Test Object's properties

2021-11-19 17:21:50 - [MESSAGE][INFO] - Checking timeout

2021-11-19 17:21:50 - [MESSAGE][INFO] - Finding web element with id: 'Object Repository/Olusturma/Genel/Not/Notlar' located by 'By.xpath: //*[@id = 'txtNote_I']' in '30' second(s)

2021-11-19 17:21:50 - [MESSAGE][INFO] - Smart Wait Function is triggered

2021-11-19 17:21:51 - [MESSAGE][INFO] - Found 1 web elements with id: 'Object Repository/Olusturma/Genel/Not/Notlar' located by 'By.xpath: //*[@id = 'txtNote_I']' in '30' second(s)

2021-11-19 17:21:51 - [MESSAGE][INFO] - Clicking on object: 'Object Repository/Olusturma/Genel/Not/Notlar'

2021-11-19 17:21:51 - [MESSAGE][PASSED] - Object: 'Object Repository/Olusturma/Genel/Not/Notlar' is clicked on

2021-11-19 17:21:51 - [TEST_STEP][PASSED] - while (true): null

2021-11-19 17:21:51 - [TEST_STEP][PASSED] - delay(1): Delayed 1 second(s)

2021-11-19 17:21:51 - [MESSAGE][INFO] - Delaying browser in 1 second(s)

2021-11-19 17:21:52 - [MESSAGE][PASSED] - Delayed 1 second(s)

2021-11-19 17:21:52 - [TEST_STEP][PASSED] - ajaxIsComplete = executeJavaScript("return jQuery.active == 0", null): Execute JavaScript 'return jQuery.active == 0' successfully

2021-11-19 17:21:52 - [MESSAGE][PASSED] - Execute JavaScript 'return jQuery.active == 0' successfully

2021-11-19 17:21:52 - [TEST_STEP][PASSED] - if (ajaxIsComplete): null

2021-11-19 17:21:52 - [TEST_STEP][PASSED] - break: null

2021-11-19 17:21:52 - [TEST_STEP][PASSED] - sendKeys(findTestObject("Olusturma/Genel/Not/Notlar"), Not): Keys 'Otomasyon Not' sent to object: 'Object Repository/Olusturma/Genel/Not/Notlar'

2021-11-19 17:21:52 - [MESSAGE][INFO] - Finding Test Object 'Object Repository/Olusturma/Genel/Not/Notlar'

2021-11-19 17:21:52 - [MESSAGE][INFO] - Sending keys 'Otomasyon Not' to object: 'Object Repository/Olusturma/Genel/Not/Notlar'

2021-11-19 17:21:52 - [MESSAGE][INFO] - Finding web element from Test Object's properties

2021-11-19 17:21:52 - [MESSAGE][INFO] - Checking timeout

2021-11-19 17:21:52 - [MESSAGE][INFO] - Finding web element with id: 'Object Repository/Olusturma/Genel/Not/Notlar' located by 'By.xpath: //*[@id = 'txtNote_I']' in '30' second(s)

2021-11-19 17:21:52 - [MESSAGE][INFO] - Smart Wait Function is triggered

2021-11-19 17:21:52 - [MESSAGE][INFO] - Found 1 web elements with id: 'Object Repository/Olusturma/Genel/Not/Notlar' located by 'By.xpath: //*[@id = 'txtNote_I']' in '30' second(s)

2021-11-19 17:21:52 - [MESSAGE][PASSED] - Keys 'Otomasyon Not' sent to object: 'Object Repository/Olusturma/Genel/Not/Notlar'

2021-11-19 17:21:52 - [MESSAGE][PASSED] - Call Test Case 'Test Cases/Olusturma/Genel/NotGirilir' successfully

2021-11-19 17:21:52 - [MESSAGE][INFO] - Checking called Test Case

2021-11-19 17:21:52 - [MESSAGE][INFO] - Starting to call Test Case 'Test Cases/Olusturma/Genel/EttnBilgisiKayitEdilir'

2021-11-19 17:21:52 - [TEST_CASE][PASSED] - Test Cases/Olusturma/Genel/EttnBilgisiKayitEdilir: Test Cases/Olusturma/Genel/EttnBilgisiKayitEdilir

2021-11-19 17:21:52 - [TEST_STEP][PASSED] - verifyElementPresent(findTestObject("Object Repository/Olusturma/Genel/Olusturma/eArsivEttnBilgisi"), 7): Object 'Object Repository/Olusturma/Genel/Olusturma/eArsivEttnBilgisi' is present

2021-11-19 17:21:52 - [MESSAGE][INFO] - Finding Test Object 'Object Repository/Olusturma/Genel/Olusturma/eArsivEttnBilgisi'

2021-11-19 17:21:52 - [MESSAGE][INFO] - Checking object

2021-11-19 17:21:52 - [MESSAGE][INFO] - Finding web element from Test Object's properties

2021-11-19 17:21:52 - [MESSAGE][INFO] - Checking timeout

2021-11-19 17:21:52 - [MESSAGE][INFO] - Finding web element with id: 'Object Repository/Olusturma/Genel/Olusturma/eArsivEttnBilgisi' located by 'By.xpath: //*[@id = 'Uuid_I']' in '7' second(s)

2021-11-19 17:21:52 - [MESSAGE][INFO] - Smart Wait Function is triggered

2021-11-19 17:21:52 - [MESSAGE][INFO] - Found 1 web elements with id: 'Object Repository/Olusturma/Genel/Olusturma/eArsivEttnBilgisi' located by 'By.xpath: //*[@id = 'Uuid_I']' in '7' second(s)

2021-11-19 17:21:52 - [MESSAGE][PASSED] - Object 'Object Repository/Olusturma/Genel/Olusturma/eArsivEttnBilgisi' is present

2021-11-19 17:21:52 - [TEST_STEP][PASSED] - ettn = getAttribute(findTestObject("Object Repository/Olusturma/Genel/Olusturma/eArsivEttnBilgisi"), "value"): Attribute 'value' of object 'Object Repository/Olusturma/Genel/Olusturma/eArsivEttnBilgisi' is: '211a5697-9ae8-4bc2-9dc8-d567e3aa67ab'

2021-11-19 17:21:52 - [MESSAGE][INFO] - Finding Test Object 'Object Repository/Olusturma/Genel/Olusturma/eArsivEttnBilgisi'

2021-11-19 17:21:53 - [MESSAGE][INFO] - Checking object

2021-11-19 17:21:53 - [MESSAGE][INFO] - Checking attribute

2021-11-19 17:21:53 - [MESSAGE][INFO] - Finding web element from Test Object's properties

2021-11-19 17:21:53 - [MESSAGE][INFO] - Checking timeout

2021-11-19 17:21:53 - [MESSAGE][INFO] - Finding web element with id: 'Object Repository/Olusturma/Genel/Olusturma/eArsivEttnBilgisi' located by 'By.xpath: //*[@id = 'Uuid_I']' in '30' second(s)

2021-11-19 17:21:53 - [MESSAGE][INFO] - Smart Wait Function is triggered

2021-11-19 17:21:53 - [MESSAGE][INFO] - Found 1 web elements with id: 'Object Repository/Olusturma/Genel/Olusturma/eArsivEttnBilgisi' located by 'By.xpath: //*[@id = 'Uuid_I']' in '30' second(s)

2021-11-19 17:21:53 - [MESSAGE][INFO] - Getting attribute 'value' of object 'Object Repository/Olusturma/Genel/Olusturma/eArsivEttnBilgisi'

2021-11-19 17:21:53 - [MESSAGE][PASSED] - Attribute 'value' of object 'Object Repository/Olusturma/Genel/Olusturma/eArsivEttnBilgisi' is: '211a5697-9ae8-4bc2-9dc8-d567e3aa67ab'

2021-11-19 17:21:53 - [MESSAGE][PASSED] - Call Test Case 'Test Cases/Olusturma/Genel/EttnBilgisiKayitEdilir' successfully

2021-11-19 17:21:53 - [MESSAGE][INFO] - Checking called Test Case

2021-11-19 17:21:53 - [MESSAGE][INFO] - Starting to call Test Case 'Test Cases/Olusturma/Genel/KaydetButonunaTiklanir'

2021-11-19 17:21:53 - [TEST_CASE][PASSED] - Test Cases/Olusturma/Genel/KaydetButonunaTiklanir: Test Cases/Olusturma/Genel/KaydetButonunaTiklanir

2021-11-19 17:21:53 - [TEST_STEP][PASSED] - i = 0: null

2021-11-19 17:21:53 - [TEST_STEP][PASSED] - waitForElementPresent(findTestObject("Olusturma/Genel/Not/Notlar"), 10): Object 'Object Repository/Olusturma/Genel/Not/Notlar' is present

2021-11-19 17:21:53 - [MESSAGE][INFO] - Finding Test Object 'Object Repository/Olusturma/Genel/Not/Notlar'

2021-11-19 17:21:53 - [MESSAGE][INFO] - Checking object

2021-11-19 17:21:53 - [MESSAGE][INFO] - Finding web element from Test Object's properties

2021-11-19 17:21:53 - [MESSAGE][INFO] - Checking timeout

2021-11-19 17:21:53 - [MESSAGE][INFO] - Finding web element with id: 'Object Repository/Olusturma/Genel/Not/Notlar' located by 'By.xpath: //*[@id = 'txtNote_I']' in '10' second(s)

2021-11-19 17:21:53 - [MESSAGE][INFO] - Smart Wait Function is triggered

2021-11-19 17:21:53 - [MESSAGE][INFO] - Found 1 web elements with id: 'Object Repository/Olusturma/Genel/Not/Notlar' located by 'By.xpath: //*[@id = 'txtNote_I']' in '10' second(s)

2021-11-19 17:21:53 - [MESSAGE][PASSED] - Object 'Object Repository/Olusturma/Genel/Not/Notlar' is present

2021-11-19 17:21:53 - [TEST_STEP][PASSED] - click(findTestObject("Olusturma/Genel/Not/Notlar")): Object: 'Object Repository/Olusturma/Genel/Not/Notlar' is clicked on

2021-11-19 17:21:53 - [MESSAGE][INFO] - Finding Test Object 'Object Repository/Olusturma/Genel/Not/Notlar'

2021-11-19 17:21:53 - [MESSAGE][INFO] - Checking object

2021-11-19 17:21:53 - [MESSAGE][INFO] - Finding web element from Test Object's properties

2021-11-19 17:21:53 - [MESSAGE][INFO] - Checking timeout

2021-11-19 17:21:53 - [MESSAGE][INFO] - Finding web element with id: 'Object Repository/Olusturma/Genel/Not/Notlar' located by 'By.xpath: //*[@id = 'txtNote_I']' in '30' second(s)

2021-11-19 17:21:53 - [MESSAGE][INFO] - Smart Wait Function is triggered

2021-11-19 17:21:54 - [MESSAGE][INFO] - Found 1 web elements with id: 'Object Repository/Olusturma/Genel/Not/Notlar' located by 'By.xpath: //*[@id = 'txtNote_I']' in '30' second(s)

2021-11-19 17:21:54 - [MESSAGE][INFO] - Clicking on object: 'Object Repository/Olusturma/Genel/Not/Notlar'

2021-11-19 17:21:54 - [MESSAGE][PASSED] - Object: 'Object Repository/Olusturma/Genel/Not/Notlar' is clicked on

2021-11-19 17:21:54 - [TEST_STEP][PASSED] - while (true): null

2021-11-19 17:21:54 - [TEST_STEP][PASSED] - delay(1): Delayed 1 second(s)

2021-11-19 17:21:54 - [MESSAGE][INFO] - Delaying browser in 1 second(s)

2021-11-19 17:21:55 - [MESSAGE][PASSED] - Delayed 1 second(s)

2021-11-19 17:21:55 - [TEST_STEP][PASSED] - ajaxIsComplete = executeJavaScript("return jQuery.active == 0", null): Execute JavaScript 'return jQuery.active == 0' successfully

2021-11-19 17:21:55 - [MESSAGE][PASSED] - Execute JavaScript 'return jQuery.active == 0' successfully

2021-11-19 17:21:55 - [TEST_STEP][PASSED] - if (ajaxIsComplete): null

2021-11-19 17:21:55 - [TEST_STEP][PASSED] - break: null

2021-11-19 17:21:55 - [TEST_STEP][PASSED] - waitForElementClickable(findTestObject("Object Repository/Olusturma/Genel/Buton"), 10): Object 'Object Repository/Olusturma/Genel/Buton' is clickable

2021-11-19 17:21:55 - [MESSAGE][INFO] - Finding Test Object 'Object Repository/Olusturma/Genel/Buton'

2021-11-19 17:21:55 - [MESSAGE][INFO] - Checking object

2021-11-19 17:21:55 - [MESSAGE][INFO] - Checking timeout

2021-11-19 17:21:55 - [MESSAGE][INFO] - Finding web element from Test Object's properties

2021-11-19 17:21:55 - [MESSAGE][INFO] - Checking timeout

2021-11-19 17:21:55 - [MESSAGE][INFO] - Finding web element with id: 'Object Repository/Olusturma/Genel/Buton' located by 'By.xpath: //*[@id = 'btnKaydet']' in '10' second(s)

2021-11-19 17:21:55 - [MESSAGE][INFO] - Smart Wait Function is triggered

2021-11-19 17:21:55 - [MESSAGE][INFO] - Found 1 web elements with id: 'Object Repository/Olusturma/Genel/Buton' located by 'By.xpath: //*[@id = 'btnKaydet']' in '10' second(s)

2021-11-19 17:21:55 - [MESSAGE][PASSED] - Object 'Object Repository/Olusturma/Genel/Buton' is clickable

2021-11-19 17:21:55 - [TEST_STEP][PASSED] - click(findTestObject("Object Repository/Olusturma/Genel/Buton")): Object: 'Object Repository/Olusturma/Genel/Buton' is clicked on

2021-11-19 17:21:55 - [MESSAGE][INFO] - Finding Test Object 'Object Repository/Olusturma/Genel/Buton'

2021-11-19 17:21:55 - [MESSAGE][INFO] - Checking object

2021-11-19 17:21:55 - [MESSAGE][INFO] - Finding web element from Test Object's properties

2021-11-19 17:21:55 - [MESSAGE][INFO] - Checking timeout

2021-11-19 17:21:55 - [MESSAGE][INFO] - Finding web element with id: 'Object Repository/Olusturma/Genel/Buton' located by 'By.xpath: //*[@id = 'btnKaydet']' in '30' second(s)

2021-11-19 17:21:55 - [MESSAGE][INFO] - Smart Wait Function is triggered

2021-11-19 17:21:55 - [MESSAGE][INFO] - Found 1 web elements with id: 'Object Repository/Olusturma/Genel/Buton' located by 'By.xpath: //*[@id = 'btnKaydet']' in '30' second(s)

2021-11-19 17:21:55 - [MESSAGE][INFO] - Clicking on object: 'Object Repository/Olusturma/Genel/Buton'

2021-11-19 17:21:57 - [MESSAGE][PASSED] - Object: 'Object Repository/Olusturma/Genel/Buton' is clicked on

2021-11-19 17:21:57 - [MESSAGE][PASSED] - Call Test Case 'Test Cases/Olusturma/Genel/KaydetButonunaTiklanir' successfully

2021-11-19 17:21:57 - [MESSAGE][INFO] - Checking called Test Case

2021-11-19 17:21:57 - [MESSAGE][INFO] - Starting to call Test Case 'Test Cases/Tablo/TablodaEttnliVeriOlusturulduMu'

2021-11-19 17:21:57 - [TEST_CASE][PASSED] - Test Cases/Tablo/TablodaEttnliVeriOlusturulduMu: Test Cases/Tablo/TablodaEttnliVeriOlusturulduMu

2021-11-19 17:21:57 - [TEST_STEP][PASSED] - Method.TextDegerineEsitElementVarMi(findTestObject("Tablo/OlusturulanVeri"), ettn): Method.TextDegerineEsitElementVarMi is PASSED

2021-11-19 17:21:57 - [MESSAGE][INFO] - Finding Test Object 'Object Repository/Tablo/OlusturulanVeri'

2021-11-19 17:21:57 - [MESSAGE][INFO] - Checking timeout

2021-11-19 17:21:57 - [MESSAGE][INFO] - Finding web element with id: 'Object Repository/Tablo/OlusturulanVeri' located by 'By.cssSelector: table.dxgvTable_LECustomTheme>tbody>tr:nth-child(3)>td.dxgv b,table.dxgvTable_LECustomTheme>tbody>tr:nth-child(3)>td.dxgv' in '10' second(s)

2021-11-19 17:21:57 - [MESSAGE][INFO] - Smart Wait Function is triggered

2021-11-19 17:21:57 - [MESSAGE][INFO] - Found 10 web elements with id: 'Object Repository/Tablo/OlusturulanVeri' located by 'By.cssSelector: table.dxgvTable_LECustomTheme>tbody>tr:nth-child(3)>td.dxgv b,table.dxgvTable_LECustomTheme>tbody>tr:nth-child(3)>td.dxgv' in '10' second(s)

2021-11-19 17:21:57 - [MESSAGE][PASSED] - Method.TextDegerineEsitElementVarMi is PASSED

2021-11-19 17:21:57 - [MESSAGE][PASSED] - Call Test Case 'Test Cases/Tablo/TablodaEttnliVeriOlusturulduMu' successfully

2021-11-19 17:21:57 - [MESSAGE][INFO] - Checking called Test Case

2021-11-19 17:21:57 - [MESSAGE][INFO] - Starting to call Test Case 'Test Cases/Tablo/TablodanEttnliVeriSec'

2021-11-19 17:21:57 - [TEST_CASE][PASSED] - Test Cases/Tablo/TablodanEttnliVeriSec: Test Cases/Tablo/TablodanEttnliVeriSec

2021-11-19 17:21:57 - [TEST_STEP][PASSED] - Method.TextDegerineEsitElementinAltindakineTikla(findTestObject("Tablo/Veriler"), findTestObject("Tablo/VerininCheckBoxi"), ettn): Method.TextDegerineEsitElementinAltindakineTikla is PASSED

2021-11-19 17:21:57 - [MESSAGE][INFO] - Finding Test Object 'Object Repository/Tablo/Veriler'

2021-11-19 17:21:57 - [MESSAGE][INFO] - Finding Test Object 'Object Repository/Tablo/VerininCheckBoxi'

2021-11-19 17:21:57 - [MESSAGE][INFO] - Checking timeout

2021-11-19 17:21:57 - [MESSAGE][INFO] - Finding web element with id: 'Object Repository/Tablo/Veriler' located by 'By.cssSelector: td.dxgv b ,td.dxgv' in '10' second(s)

2021-11-19 17:21:57 - [MESSAGE][INFO] - Smart Wait Function is triggered

2021-11-19 17:21:58 - [MESSAGE][INFO] - Found 30 web elements with id: 'Object Repository/Tablo/Veriler' located by 'By.cssSelector: td.dxgv b ,td.dxgv' in '10' second(s)

2021-11-19 17:21:58 - [MESSAGE][INFO] - Smart Wait Function is triggered

2021-11-19 17:21:58 - [MESSAGE][PASSED] - Method.TextDegerineEsitElementinAltindakineTikla is PASSED

2021-11-19 17:21:58 - [MESSAGE][PASSED] - Call Test Case 'Test Cases/Tablo/TablodanEttnliVeriSec' successfully

2021-11-19 17:21:58 - [MESSAGE][INFO] - Checking called Test Case

2021-11-19 17:21:58 - [MESSAGE][INFO] - Starting to call Test Case 'Test Cases/Butonlar/ButonaTikla'

2021-11-19 17:21:58 - [TEST_CASE][PASSED] - Test Cases/Butonlar/ButonaTikla: Test Cases/Butonlar/ButonaTikla

2021-11-19 17:21:58 - [TEST_STEP][PASSED] - Method.TextDegerineEsitElementeTiklaEquals(findTestObject("Butonlar/Butonlar"), Buton_Adi): Method.TextDegerineEsitElementeTiklaEquals is PASSED

2021-11-19 17:21:58 - [MESSAGE][INFO] - Finding Test Object 'Object Repository/Butonlar/Butonlar'

2021-11-19 17:21:58 - [MESSAGE][INFO] - Checking timeout

2021-11-19 17:21:58 - [MESSAGE][INFO] - Finding web element with id: 'Object Repository/Butonlar/Butonlar' located by 'By.cssSelector: .panel.panel-default.text-center.footerPanel .btn,.btn.btn-primary.btnControls' in '10' second(s)

2021-11-19 17:21:58 - [MESSAGE][INFO] - Smart Wait Function is triggered

2021-11-19 17:21:58 - [MESSAGE][INFO] - Found 7 web elements with id: 'Object Repository/Butonlar/Butonlar' located by 'By.cssSelector: .panel.panel-default.text-center.footerPanel .btn,.btn.btn-primary.btnControls' in '10' second(s)

2021-11-19 17:21:59 - [MESSAGE][PASSED] - Method.TextDegerineEsitElementeTiklaEquals is PASSED

2021-11-19 17:21:59 - [MESSAGE][PASSED] - Call Test Case 'Test Cases/Butonlar/ButonaTikla' successfully

2021-11-19 17:21:59 - [MESSAGE][INFO] - Checking called Test Case

2021-11-19 17:21:59 - [MESSAGE][INFO] - Starting to call Test Case 'Test Cases/Popup/PopupMesajiIceriyorMu'

2021-11-19 17:21:59 - [TEST_CASE][PASSED] - Test Cases/Popup/PopupMesajiIceriyorMu: Test Cases/Popup/PopupMesajiIceriyorMu

2021-11-19 17:21:59 - [TEST_STEP][PASSED] - waitForElementVisible(findTestObject("Popup/Popup"), 10): Object 'Object Repository/Popup/Popup' is visible

2021-11-19 17:21:59 - [MESSAGE][INFO] - Finding Test Object 'Object Repository/Popup/Popup'

2021-11-19 17:21:59 - [MESSAGE][INFO] - Checking object

2021-11-19 17:21:59 - [MESSAGE][INFO] - Checking timeout

2021-11-19 17:21:59 - [MESSAGE][INFO] - Finding web element from Test Object's properties

2021-11-19 17:21:59 - [MESSAGE][INFO] - Checking timeout

2021-11-19 17:21:59 - [MESSAGE][INFO] - Finding web element with id: 'Object Repository/Popup/Popup' located by 'By.cssSelector: .bootbox-body' in '10' second(s)

2021-11-19 17:21:59 - [MESSAGE][INFO] - Smart Wait Function is triggered

2021-11-19 17:22:00 - [MESSAGE][INFO] - Found 1 web elements with id: 'Object Repository/Popup/Popup' located by 'By.cssSelector: .bootbox-body' in '10' second(s)

2021-11-19 17:22:00 - [MESSAGE][PASSED] - Object 'Object Repository/Popup/Popup' is visible

2021-11-19 17:22:00 - [TEST_STEP][PASSED] - if (!(getText(findTestObject("Popup/Popup")).contains(Mesaj))): Text of object 'Object Repository/Popup/Popup' is: 'Oluşturulacak makbuz numarası : EMM2021000000464 Makbuz numarası oluşturulduktan sonra makbuz silinemez. Makbuz numarası, tarihi ve ön eki değiştirilemez. Devam etmek istiyor musunuz?'

2021-11-19 17:22:00 - [MESSAGE][INFO] - Finding Test Object 'Object Repository/Popup/Popup'

2021-11-19 17:22:00 - [MESSAGE][INFO] - Checking object

2021-11-19 17:22:00 - [MESSAGE][INFO] - Finding web element from Test Object's properties

2021-11-19 17:22:00 - [MESSAGE][INFO] - Checking timeout

2021-11-19 17:22:00 - [MESSAGE][INFO] - Finding web element with id: 'Object Repository/Popup/Popup' located by 'By.cssSelector: .bootbox-body' in '30' second(s)

2021-11-19 17:22:00 - [MESSAGE][INFO] - Smart Wait Function is triggered

2021-11-19 17:22:00 - [MESSAGE][INFO] - Found 1 web elements with id: 'Object Repository/Popup/Popup' located by 'By.cssSelector: .bootbox-body' in '30' second(s)

2021-11-19 17:22:00 - [MESSAGE][INFO] - Getting text of object 'Object Repository/Popup/Popup'

2021-11-19 17:22:00 - [MESSAGE][PASSED] - Text of object 'Object Repository/Popup/Popup' is: 'Oluşturulacak makbuz numarası : EMM2021000000464 Makbuz numarası oluşturulduktan sonra makbuz silinemez. Makbuz numarası, tarihi ve ön eki değiştirilemez. Devam etmek istiyor musunuz?'

2021-11-19 17:22:00 - [TEST_STEP][PASSED] - RaporNo = getText(findTestObject("Popup/Popup")).substring(0, 6): Text of object 'Object Repository/Popup/Popup' is: 'Oluşturulacak makbuz numarası : EMM2021000000464 Makbuz numarası oluşturulduktan sonra makbuz silinemez. Makbuz numarası, tarihi ve ön eki değiştirilemez. Devam etmek istiyor musunuz?'

2021-11-19 17:22:00 - [MESSAGE][INFO] - Finding Test Object 'Object Repository/Popup/Popup'

2021-11-19 17:22:00 - [MESSAGE][INFO] - Checking object

2021-11-19 17:22:00 - [MESSAGE][INFO] - Finding web element from Test Object's properties

2021-11-19 17:22:00 - [MESSAGE][INFO] - Checking timeout

2021-11-19 17:22:00 - [MESSAGE][INFO] - Finding web element with id: 'Object Repository/Popup/Popup' located by 'By.cssSelector: .bootbox-body' in '30' second(s)

2021-11-19 17:22:00 - [MESSAGE][INFO] - Smart Wait Function is triggered

2021-11-19 17:22:01 - [MESSAGE][INFO] - Found 1 web elements with id: 'Object Repository/Popup/Popup' located by 'By.cssSelector: .bootbox-body' in '30' second(s)

2021-11-19 17:22:01 - [MESSAGE][INFO] - Getting text of object 'Object Repository/Popup/Popup'

2021-11-19 17:22:01 - [MESSAGE][PASSED] - Text of object 'Object Repository/Popup/Popup' is: 'Oluşturulacak makbuz numarası : EMM2021000000464 Makbuz numarası oluşturulduktan sonra makbuz silinemez. Makbuz numarası, tarihi ve ön eki değiştirilemez. Devam etmek istiyor musunuz?'

2021-11-19 17:22:01 - [TEST_STEP][PASSED] - Console.println(RaporNo): null

2021-11-19 17:22:01 - [MESSAGE][PASSED] - Call Test Case 'Test Cases/Popup/PopupMesajiIceriyorMu' successfully

2021-11-19 17:22:01 - [MESSAGE][INFO] - Checking called Test Case

2021-11-19 17:22:01 - [MESSAGE][INFO] - Starting to call Test Case 'Test Cases/Popup/PopupButonSecilir'

2021-11-19 17:22:01 - [TEST_CASE][PASSED] - Test Cases/Popup/PopupButonSecilir: Test Cases/Popup/PopupButonSecilir

2021-11-19 17:22:01 - [TEST_STEP][PASSED] - Method.TextDegerineEsitElementeTikla(findTestObject("Popup/Popup_Butons"), Buton): Method.TextDegerineEsitElementeTikla is PASSED

2021-11-19 17:22:01 - [MESSAGE][INFO] - Finding Test Object 'Object Repository/Popup/Popup_Butons'

2021-11-19 17:22:01 - [MESSAGE][INFO] - Checking timeout

2021-11-19 17:22:01 - [MESSAGE][INFO] - Finding web element with id: 'Object Repository/Popup/Popup_Butons' located by 'By.cssSelector: .modal-footer>button' in '10' second(s)

2021-11-19 17:22:01 - [MESSAGE][INFO] - Smart Wait Function is triggered

2021-11-19 17:22:01 - [MESSAGE][INFO] - Found 2 web elements with id: 'Object Repository/Popup/Popup_Butons' located by 'By.cssSelector: .modal-footer>button' in '10' second(s)

2021-11-19 17:22:01 - [MESSAGE][PASSED] - Method.TextDegerineEsitElementeTikla is PASSED

2021-11-19 17:22:01 - [MESSAGE][PASSED] - Call Test Case 'Test Cases/Popup/PopupButonSecilir' successfully

2021-11-19 17:22:01 - [MESSAGE][INFO] - Checking called Test Case

2021-11-19 17:22:01 - [MESSAGE][INFO] - Starting to call Test Case 'Test Cases/Popup/PopupMesajiIceriyorMu'

2021-11-19 17:22:01 - [TEST_CASE][PASSED] - Test Cases/Popup/PopupMesajiIceriyorMu: Test Cases/Popup/PopupMesajiIceriyorMu

2021-11-19 17:22:01 - [TEST_STEP][PASSED] - waitForElementVisible(findTestObject("Popup/Popup"), 10): Object 'Object Repository/Popup/Popup' is visible

2021-11-19 17:22:01 - [MESSAGE][INFO] - Finding Test Object 'Object Repository/Popup/Popup'

2021-11-19 17:22:02 - [MESSAGE][INFO] - Checking object

2021-11-19 17:22:02 - [MESSAGE][INFO] - Checking timeout

2021-11-19 17:22:02 - [MESSAGE][INFO] - Finding web element from Test Object's properties

2021-11-19 17:22:02 - [MESSAGE][INFO] - Checking timeout

2021-11-19 17:22:02 - [MESSAGE][INFO] - Finding web element with id: 'Object Repository/Popup/Popup' located by 'By.cssSelector: .bootbox-body' in '10' second(s)

2021-11-19 17:22:02 - [MESSAGE][INFO] - Smart Wait Function is triggered

2021-11-19 17:22:02 - [MESSAGE][INFO] - Found 1 web elements with id: 'Object Repository/Popup/Popup' located by 'By.cssSelector: .bootbox-body' in '10' second(s)

2021-11-19 17:22:02 - [MESSAGE][PASSED] - Object 'Object Repository/Popup/Popup' is visible

2021-11-19 17:22:02 - [TEST_STEP][PASSED] - if (!(getText(findTestObject("Popup/Popup")).contains(Mesaj))): Text of object 'Object Repository/Popup/Popup' is: 'Makbuz numaranız EMM2021000000464 olarak oluşmuştur.'

2021-11-19 17:22:02 - [MESSAGE][INFO] - Finding Test Object 'Object Repository/Popup/Popup'

2021-11-19 17:22:02 - [MESSAGE][INFO] - Checking object

2021-11-19 17:22:02 - [MESSAGE][INFO] - Finding web element from Test Object's properties

2021-11-19 17:22:02 - [MESSAGE][INFO] - Checking timeout

2021-11-19 17:22:02 - [MESSAGE][INFO] - Finding web element with id: 'Object Repository/Popup/Popup' located by 'By.cssSelector: .bootbox-body' in '30' second(s)

2021-11-19 17:22:02 - [MESSAGE][INFO] - Smart Wait Function is triggered

2021-11-19 17:22:02 - [MESSAGE][INFO] - Found 1 web elements with id: 'Object Repository/Popup/Popup' located by 'By.cssSelector: .bootbox-body' in '30' second(s)

2021-11-19 17:22:02 - [MESSAGE][INFO] - Getting text of object 'Object Repository/Popup/Popup'

2021-11-19 17:22:02 - [MESSAGE][PASSED] - Text of object 'Object Repository/Popup/Popup' is: 'Makbuz numaranız EMM2021000000464 olarak oluşmuştur.'

2021-11-19 17:22:02 - [TEST_STEP][PASSED] - RaporNo = getText(findTestObject("Popup/Popup")).substring(0, 6): Text of object 'Object Repository/Popup/Popup' is: 'Makbuz numaranız EMM2021000000464 olarak oluşmuştur.'

2021-11-19 17:22:02 - [MESSAGE][INFO] - Finding Test Object 'Object Repository/Popup/Popup'

2021-11-19 17:22:03 - [MESSAGE][INFO] - Checking object

2021-11-19 17:22:03 - [MESSAGE][INFO] - Finding web element from Test Object's properties

2021-11-19 17:22:03 - [MESSAGE][INFO] - Checking timeout

2021-11-19 17:22:03 - [MESSAGE][INFO] - Finding web element with id: 'Object Repository/Popup/Popup' located by 'By.cssSelector: .bootbox-body' in '30' second(s)

2021-11-19 17:22:03 - [MESSAGE][INFO] - Smart Wait Function is triggered

2021-11-19 17:22:03 - [MESSAGE][INFO] - Found 1 web elements with id: 'Object Repository/Popup/Popup' located by 'By.cssSelector: .bootbox-body' in '30' second(s)

2021-11-19 17:22:03 - [MESSAGE][INFO] - Getting text of object 'Object Repository/Popup/Popup'

2021-11-19 17:22:03 - [MESSAGE][PASSED] - Text of object 'Object Repository/Popup/Popup' is: 'Makbuz numaranız EMM2021000000464 olarak oluşmuştur.'

2021-11-19 17:22:03 - [TEST_STEP][PASSED] - Console.println(RaporNo): null

2021-11-19 17:22:03 - [MESSAGE][PASSED] - Call Test Case 'Test Cases/Popup/PopupMesajiIceriyorMu' successfully

2021-11-19 17:22:03 - [MESSAGE][INFO] - Checking called Test Case

2021-11-19 17:22:03 - [MESSAGE][INFO] - Starting to call Test Case 'Test Cases/Popup/PopupButonSecilir'

2021-11-19 17:22:03 - [TEST_CASE][PASSED] - Test Cases/Popup/PopupButonSecilir: Test Cases/Popup/PopupButonSecilir

2021-11-19 17:22:03 - [TEST_STEP][PASSED] - Method.TextDegerineEsitElementeTikla(findTestObject("Popup/Popup_Butons"), Buton): Method.TextDegerineEsitElementeTikla is PASSED

2021-11-19 17:22:03 - [MESSAGE][INFO] - Finding Test Object 'Object Repository/Popup/Popup_Butons'

2021-11-19 17:22:03 - [MESSAGE][INFO] - Checking timeout

2021-11-19 17:22:03 - [MESSAGE][INFO] - Finding web element with id: 'Object Repository/Popup/Popup_Butons' located by 'By.cssSelector: .modal-footer>button' in '10' second(s)

2021-11-19 17:22:03 - [MESSAGE][INFO] - Smart Wait Function is triggered

2021-11-19 17:22:03 - [MESSAGE][INFO] - Found 1 web elements with id: 'Object Repository/Popup/Popup_Butons' located by 'By.cssSelector: .modal-footer>button' in '10' second(s)

2021-11-19 17:22:03 - [MESSAGE][PASSED] - Method.TextDegerineEsitElementeTikla is PASSED

2021-11-19 17:22:03 - [MESSAGE][PASSED] - Call Test Case 'Test Cases/Popup/PopupButonSecilir' successfully

2021-11-19 17:22:03 - [MESSAGE][INFO] - Checking called Test Case

2021-11-19 17:22:03 - [MESSAGE][INFO] - Starting to call Test Case 'Test Cases/Tablo/TablodanEttnliVeriSec'

2021-11-19 17:22:03 - [TEST_CASE][PASSED] - Test Cases/Tablo/TablodanEttnliVeriSec: Test Cases/Tablo/TablodanEttnliVeriSec

2021-11-19 17:22:03 - [TEST_STEP][PASSED] - Method.TextDegerineEsitElementinAltindakineTikla(findTestObject("Tablo/Veriler"), findTestObject("Tablo/VerininCheckBoxi"), ettn): Method.TextDegerineEsitElementinAltindakineTikla is PASSED

2021-11-19 17:22:03 - [MESSAGE][INFO] - Finding Test Object 'Object Repository/Tablo/Veriler'

2021-11-19 17:22:04 - [MESSAGE][INFO] - Finding Test Object 'Object Repository/Tablo/VerininCheckBoxi'

2021-11-19 17:22:04 - [MESSAGE][INFO] - Checking timeout

2021-11-19 17:22:04 - [MESSAGE][INFO] - Finding web element with id: 'Object Repository/Tablo/Veriler' located by 'By.cssSelector: td.dxgv b ,td.dxgv' in '10' second(s)

2021-11-19 17:22:04 - [MESSAGE][INFO] - Smart Wait Function is triggered

2021-11-19 17:22:04 - [MESSAGE][INFO] - Found 30 web elements with id: 'Object Repository/Tablo/Veriler' located by 'By.cssSelector: td.dxgv b ,td.dxgv' in '10' second(s)

2021-11-19 17:22:04 - [MESSAGE][INFO] - Smart Wait Function is triggered

2021-11-19 17:22:05 - [MESSAGE][PASSED] - Method.TextDegerineEsitElementinAltindakineTikla is PASSED

2021-11-19 17:22:05 - [MESSAGE][PASSED] - Call Test Case 'Test Cases/Tablo/TablodanEttnliVeriSec' successfully

2021-11-19 17:22:05 - [MESSAGE][INFO] - Checking called Test Case

2021-11-19 17:22:05 - [MESSAGE][INFO] - Starting to call Test Case 'Test Cases/Butonlar/ButonaTikla'

2021-11-19 17:22:05 - [TEST_CASE][PASSED] - Test Cases/Butonlar/ButonaTikla: Test Cases/Butonlar/ButonaTikla

2021-11-19 17:22:05 - [TEST_STEP][PASSED] - Method.TextDegerineEsitElementeTiklaEquals(findTestObject("Butonlar/Butonlar"), Buton_Adi): Method.TextDegerineEsitElementeTiklaEquals is PASSED

2021-11-19 17:22:05 - [MESSAGE][INFO] - Finding Test Object 'Object Repository/Butonlar/Butonlar'

2021-11-19 17:22:05 - [MESSAGE][INFO] - Checking timeout

2021-11-19 17:22:05 - [MESSAGE][INFO] - Finding web element with id: 'Object Repository/Butonlar/Butonlar' located by 'By.cssSelector: .panel.panel-default.text-center.footerPanel .btn,.btn.btn-primary.btnControls' in '10' second(s)

2021-11-19 17:22:05 - [MESSAGE][INFO] - Smart Wait Function is triggered

2021-11-19 17:22:05 - [MESSAGE][INFO] - Found 7 web elements with id: 'Object Repository/Butonlar/Butonlar' located by 'By.cssSelector: .panel.panel-default.text-center.footerPanel .btn,.btn.btn-primary.btnControls' in '10' second(s)

2021-11-19 17:22:06 - [MESSAGE][PASSED] - Method.TextDegerineEsitElementeTiklaEquals is PASSED

2021-11-19 17:22:06 - [MESSAGE][PASSED] - Call Test Case 'Test Cases/Butonlar/ButonaTikla' successfully

2021-11-19 17:22:06 - [MESSAGE][INFO] - Checking called Test Case

2021-11-19 17:22:06 - [MESSAGE][INFO] - Starting to call Test Case 'Test Cases/Popup/PopupMesajiIceriyorMu'

2021-11-19 17:22:06 - [TEST_CASE][PASSED] - Test Cases/Popup/PopupMesajiIceriyorMu: Test Cases/Popup/PopupMesajiIceriyorMu

2021-11-19 17:22:06 - [TEST_STEP][PASSED] - waitForElementVisible(findTestObject("Popup/Popup"), 10): Object 'Object Repository/Popup/Popup' is visible

2021-11-19 17:22:06 - [MESSAGE][INFO] - Finding Test Object 'Object Repository/Popup/Popup'

2021-11-19 17:22:06 - [MESSAGE][INFO] - Checking object

2021-11-19 17:22:06 - [MESSAGE][INFO] - Checking timeout

2021-11-19 17:22:06 - [MESSAGE][INFO] - Finding web element from Test Object's properties

2021-11-19 17:22:06 - [MESSAGE][INFO] - Checking timeout

2021-11-19 17:22:06 - [MESSAGE][INFO] - Finding web element with id: 'Object Repository/Popup/Popup' located by 'By.cssSelector: .bootbox-body' in '10' second(s)

2021-11-19 17:22:06 - [MESSAGE][INFO] - Smart Wait Function is triggered

2021-11-19 17:22:06 - [MESSAGE][INFO] - Found 1 web elements with id: 'Object Repository/Popup/Popup' located by 'By.cssSelector: .bootbox-body' in '10' second(s)

2021-11-19 17:22:06 - [MESSAGE][PASSED] - Object 'Object Repository/Popup/Popup' is visible

2021-11-19 17:22:06 - [TEST_STEP][PASSED] - if (!(getText(findTestObject("Popup/Popup")).contains(Mesaj))): Text of object 'Object Repository/Popup/Popup' is: 'EMM serisi için onaylanmamış belge(leri)niz bulunmaktadır.
Devam etmek istiyor musunuz?'

2021-11-19 17:22:06 - [MESSAGE][INFO] - Finding Test Object 'Object Repository/Popup/Popup'

2021-11-19 17:22:06 - [MESSAGE][INFO] - Checking object

2021-11-19 17:22:06 - [MESSAGE][INFO] - Finding web element from Test Object's properties

2021-11-19 17:22:06 - [MESSAGE][INFO] - Checking timeout

2021-11-19 17:22:06 - [MESSAGE][INFO] - Finding web element with id: 'Object Repository/Popup/Popup' located by 'By.cssSelector: .bootbox-body' in '30' second(s)

2021-11-19 17:22:06 - [MESSAGE][INFO] - Smart Wait Function is triggered

2021-11-19 17:22:07 - [MESSAGE][INFO] - Found 1 web elements with id: 'Object Repository/Popup/Popup' located by 'By.cssSelector: .bootbox-body' in '30' second(s)

2021-11-19 17:22:07 - [MESSAGE][INFO] - Getting text of object 'Object Repository/Popup/Popup'

2021-11-19 17:22:07 - [MESSAGE][PASSED] - Text of object 'Object Repository/Popup/Popup' is: 'EMM serisi için onaylanmamış belge(leri)niz bulunmaktadır.
Devam etmek istiyor musunuz?'

2021-11-19 17:22:07 - [TEST_STEP][PASSED] - RaporNo = getText(findTestObject("Popup/Popup")).substring(0, 6): Text of object 'Object Repository/Popup/Popup' is: 'EMM serisi için onaylanmamış belge(leri)niz bulunmaktadır.
Devam etmek istiyor musunuz?'

2021-11-19 17:22:07 - [MESSAGE][INFO] - Finding Test Object 'Object Repository/Popup/Popup'

2021-11-19 17:22:07 - [MESSAGE][INFO] - Checking object

2021-11-19 17:22:07 - [MESSAGE][INFO] - Finding web element from Test Object's properties

2021-11-19 17:22:07 - [MESSAGE][INFO] - Checking timeout

2021-11-19 17:22:07 - [MESSAGE][INFO] - Finding web element with id: 'Object Repository/Popup/Popup' located by 'By.cssSelector: .bootbox-body' in '30' second(s)

2021-11-19 17:22:07 - [MESSAGE][INFO] - Smart Wait Function is triggered

2021-11-19 17:22:07 - [MESSAGE][INFO] - Found 1 web elements with id: 'Object Repository/Popup/Popup' located by 'By.cssSelector: .bootbox-body' in '30' second(s)

2021-11-19 17:22:07 - [MESSAGE][INFO] - Getting text of object 'Object Repository/Popup/Popup'

2021-11-19 17:22:07 - [MESSAGE][PASSED] - Text of object 'Object Repository/Popup/Popup' is: 'EMM serisi için onaylanmamış belge(leri)niz bulunmaktadır.
Devam etmek istiyor musunuz?'

2021-11-19 17:22:07 - [TEST_STEP][PASSED] - Console.println(RaporNo): null

2021-11-19 17:22:07 - [MESSAGE][PASSED] - Call Test Case 'Test Cases/Popup/PopupMesajiIceriyorMu' successfully

2021-11-19 17:22:07 - [MESSAGE][INFO] - Checking called Test Case

2021-11-19 17:22:07 - [MESSAGE][INFO] - Starting to call Test Case 'Test Cases/Popup/PopupButonSecilir'

2021-11-19 17:22:07 - [TEST_CASE][PASSED] - Test Cases/Popup/PopupButonSecilir: Test Cases/Popup/PopupButonSecilir

2021-11-19 17:22:07 - [TEST_STEP][PASSED] - Method.TextDegerineEsitElementeTikla(findTestObject("Popup/Popup_Butons"), Buton): Method.TextDegerineEsitElementeTikla is PASSED

2021-11-19 17:22:07 - [MESSAGE][INFO] - Finding Test Object 'Object Repository/Popup/Popup_Butons'

2021-11-19 17:22:07 - [MESSAGE][INFO] - Checking timeout

2021-11-19 17:22:07 - [MESSAGE][INFO] - Finding web element with id: 'Object Repository/Popup/Popup_Butons' located by 'By.cssSelector: .modal-footer>button' in '10' second(s)

2021-11-19 17:22:07 - [MESSAGE][INFO] - Smart Wait Function is triggered

2021-11-19 17:22:08 - [MESSAGE][INFO] - Found 2 web elements with id: 'Object Repository/Popup/Popup_Butons' located by 'By.cssSelector: .modal-footer>button' in '10' second(s)

2021-11-19 17:22:08 - [MESSAGE][PASSED] - Method.TextDegerineEsitElementeTikla is PASSED

2021-11-19 17:22:08 - [MESSAGE][PASSED] - Call Test Case 'Test Cases/Popup/PopupButonSecilir' successfully

2021-11-19 17:22:08 - [MESSAGE][INFO] - Checking called Test Case

2021-11-19 17:22:08 - [MESSAGE][INFO] - Starting to call Test Case 'Test Cases/Menu/AnaMenuSecimi'

2021-11-19 17:22:08 - [TEST_CASE][PASSED] - Test Cases/Menu/AnaMenuSecimi: Test Cases/Menu/AnaMenuSecimi

2021-11-19 17:22:08 - [TEST_STEP][PASSED] - Method.TextDegerineEsitElementeTikla(findTestObject("Menu/Ana_Menu"), Ana_Menu): Method.TextDegerineEsitElementeTikla is PASSED

2021-11-19 17:22:08 - [MESSAGE][INFO] - Finding Test Object 'Object Repository/Menu/Ana_Menu'

2021-11-19 17:22:08 - [MESSAGE][INFO] - Checking timeout

2021-11-19 17:22:08 - [MESSAGE][INFO] - Finding web element with id: 'Object Repository/Menu/Ana_Menu' located by 'By.xpath: //*[@class = 'dropdown-toggle']' in '10' second(s)

2021-11-19 17:22:08 - [MESSAGE][INFO] - Smart Wait Function is triggered

2021-11-19 17:22:09 - [MESSAGE][INFO] - Found 14 web elements with id: 'Object Repository/Menu/Ana_Menu' located by 'By.xpath: //*[@class = 'dropdown-toggle']' in '10' second(s)

2021-11-19 17:22:09 - [MESSAGE][PASSED] - Method.TextDegerineEsitElementeTikla is PASSED

2021-11-19 17:22:09 - [MESSAGE][PASSED] - Call Test Case 'Test Cases/Menu/AnaMenuSecimi' successfully

2021-11-19 17:22:09 - [MESSAGE][INFO] - Checking called Test Case

2021-11-19 17:22:09 - [MESSAGE][INFO] - Starting to call Test Case 'Test Cases/Menu/BasligaGoreAltMenuSecimi'

2021-11-19 17:22:09 - [TEST_CASE][PASSED] - Test Cases/Menu/BasligaGoreAltMenuSecimi: Test Cases/Menu/BasligaGoreAltMenuSecimi

2021-11-19 17:22:09 - [TEST_STEP][PASSED] - Method.TextDegerineEsitElementinAltindakiTextDegerineEsitOlanaTikla(findTestObject("Menu/Menu_Basligi"), findTestObject("Menu/Basliga_Gore_Alt_Menu"), Baslik, Alt_Menu): Method.TextDegerineEsitElementinAltindakiTextDegerineEsitOlanaTikla is PASSED

2021-11-19 17:22:09 - [MESSAGE][INFO] - Finding Test Object 'Object Repository/Menu/Menu_Basligi'

2021-11-19 17:22:09 - [MESSAGE][INFO] - Finding Test Object 'Object Repository/Menu/Basliga_Gore_Alt_Menu'

2021-11-19 17:22:10 - [MESSAGE][INFO] - Checking timeout

2021-11-19 17:22:10 - [MESSAGE][INFO] - Finding web element with id: 'Object Repository/Menu/Menu_Basligi' located by 'By.xpath: //li[@class='dropdown dropdown-large open']//li[@class='dropdown-header']' in '10' second(s)

2021-11-19 17:22:10 - [MESSAGE][INFO] - Smart Wait Function is triggered

2021-11-19 17:22:10 - [MESSAGE][INFO] - Found 2 web elements with id: 'Object Repository/Menu/Menu_Basligi' located by 'By.xpath: //li[@class='dropdown dropdown-large open']//li[@class='dropdown-header']' in '10' second(s)

2021-11-19 17:22:10 - [MESSAGE][INFO] - Smart Wait Function is triggered

2021-11-19 17:22:11 - [MESSAGE][PASSED] - Method.TextDegerineEsitElementinAltindakiTextDegerineEsitOlanaTikla is PASSED

2021-11-19 17:22:11 - [MESSAGE][PASSED] - Call Test Case 'Test Cases/Menu/BasligaGoreAltMenuSecimi' successfully

2021-11-19 17:22:11 - [MESSAGE][INFO] - Checking called Test Case

2021-11-19 17:22:11 - [MESSAGE][INFO] - Starting to call Test Case 'Test Cases/Filtreler/EttnYaz'

2021-11-19 17:22:11 - [TEST_CASE][PASSED] - Test Cases/Filtreler/EttnYaz: Test Cases/Filtreler/EttnYaz

2021-11-19 17:22:11 - [TEST_STEP][PASSED] - Method.TextDegerineEsitElementinAltindakiTextboxtaYaz(findTestObject("Filtreler/Basliklar"), findTestObject("Filtreler/Basliga_Gore_Textbox"), "ETTN", ettn): Method.TextDegerineEsitElementinAltindakiTextboxtaYaz is PASSED

2021-11-19 17:22:11 - [MESSAGE][INFO] - Finding Test Object 'Object Repository/Filtreler/Basliklar'

2021-11-19 17:22:11 - [MESSAGE][INFO] - Finding Test Object 'Object Repository/Filtreler/Basliga_Gore_Textbox'

2021-11-19 17:22:11 - [MESSAGE][INFO] - Checking timeout

2021-11-19 17:22:11 - [MESSAGE][INFO] - Finding web element with id: 'Object Repository/Filtreler/Basliklar' located by 'By.cssSelector: .control-label.col-sm-4.paddingMarginRLC' in '10' second(s)

2021-11-19 17:22:11 - [MESSAGE][INFO] - Smart Wait Function is triggered

2021-11-19 17:22:12 - [MESSAGE][INFO] - Found 14 web elements with id: 'Object Repository/Filtreler/Basliklar' located by 'By.cssSelector: .control-label.col-sm-4.paddingMarginRLC' in '10' second(s)

2021-11-19 17:22:12 - [MESSAGE][INFO] - Smart Wait Function is triggered

2021-11-19 17:22:12 - [MESSAGE][PASSED] - Method.TextDegerineEsitElementinAltindakiTextboxtaYaz is PASSED

2021-11-19 17:22:12 - [MESSAGE][PASSED] - Call Test Case 'Test Cases/Filtreler/EttnYaz' successfully

2021-11-19 17:22:12 - [MESSAGE][INFO] - Checking called Test Case

2021-11-19 17:22:12 - [MESSAGE][INFO] - Starting to call Test Case 'Test Cases/Filtreler/ButonaTikla'

2021-11-19 17:22:12 - [TEST_CASE][PASSED] - Test Cases/Filtreler/ButonaTikla: Test Cases/Filtreler/ButonaTikla

2021-11-19 17:22:12 - [TEST_STEP][PASSED] - Method.TextDegerineEsitElementeTikla(findTestObject("Filtreler/Butonlar"), Filtre_Buton): Method.TextDegerineEsitElementeTikla is PASSED

2021-11-19 17:22:12 - [MESSAGE][INFO] - Finding Test Object 'Object Repository/Filtreler/Butonlar'

2021-11-19 17:22:13 - [MESSAGE][INFO] - Checking timeout

2021-11-19 17:22:13 - [MESSAGE][INFO] - Finding web element with id: 'Object Repository/Filtreler/Butonlar' located by 'By.cssSelector: .dxb>span' in '10' second(s)

2021-11-19 17:22:13 - [MESSAGE][INFO] - Smart Wait Function is triggered

2021-11-19 17:22:13 - [MESSAGE][INFO] - Found 3 web elements with id: 'Object Repository/Filtreler/Butonlar' located by 'By.cssSelector: .dxb>span' in '10' second(s)

2021-11-19 17:22:13 - [MESSAGE][PASSED] - Method.TextDegerineEsitElementeTikla is PASSED

2021-11-19 17:22:13 - [MESSAGE][PASSED] - Call Test Case 'Test Cases/Filtreler/ButonaTikla' successfully

2021-11-19 17:22:13 - [MESSAGE][INFO] - Checking called Test Case

2021-11-19 17:22:13 - [MESSAGE][INFO] - Starting to call Test Case 'Test Cases/Tablo/TablodaVeriVarMi'

2021-11-19 17:22:13 - [TEST_CASE][PASSED] - Test Cases/Tablo/TablodaVeriVarMi: Test Cases/Tablo/TablodaVeriVarMi

2021-11-19 17:22:13 - [TEST_STEP][PASSED] - verifyTextNotPresent("Görüntülenecek veri yok", true): Text 'Görüntülenecek veri yok' is not present on page using regular expression

2021-11-19 17:22:13 - [MESSAGE][INFO] - Checking text present  using regular expression

2021-11-19 17:22:13 - [MESSAGE][INFO] - Smart Wait Function is triggered

2021-11-19 17:22:14 - [MESSAGE][INFO] - Finding text 'Görüntülenecek veri yok' on page  using regular expression

2021-11-19 17:22:14 - [MESSAGE][PASSED] - Text 'Görüntülenecek veri yok' is not present on page using regular expression

2021-11-19 17:22:14 - [MESSAGE][PASSED] - Call Test Case 'Test Cases/Tablo/TablodaVeriVarMi' successfully

2021-11-19 17:22:14 - [MESSAGE][INFO] - Checking called Test Case

2021-11-19 17:22:14 - [MESSAGE][INFO] - Starting to call Test Case 'Test Cases/Tablo/TablodaVeriBasariliMiEmm'

2021-11-19 17:22:14 - [TEST_CASE][PASSED] - Test Cases/Tablo/TablodaVeriBasariliMiEmm: Test Cases/Tablo/TablodaVeriBasariliMiEmm

2021-11-19 17:22:15 - [TEST_STEP][PASSED] - sayac = 80: null

2021-11-19 17:22:15 - [TEST_STEP][PASSED] - while (verifyElementText(findTestObject("Object Repository/Tablo/DurumBilgisiEmm"), "Henüz Sonuçlanmadı", OPTIONAL)): Actual text 'Başarılı' and expected text 'Henüz Sonuçlanmadı' of test object 'Object Repository/Tablo/DurumBilgisiEmm' are NOT matched. (Root cause: com.kms.katalon.core.exception.StepFailedException: Actual text 'Başarılı' and expected text 'Henüz Sonuçlanmadı' of test object 'Object Repository/Tablo/DurumBilgisiEmm' are NOT matched.
	at com.kms.katalon.core.webui.keyword.internal.WebUIKeywordMain.stepFailed(WebUIKeywordMain.groovy:64)
	at com.kms.katalon.core.webui.keyword.builtin.VerifyElementTextKeyword$_verifyElementText_closure1.doCall(VerifyElementTextKeyword.groovy:57)
	at com.kms.katalon.core.webui.keyword.builtin.VerifyElementTextKeyword$_verifyElementText_closure1.call(VerifyElementTextKeyword.groovy)
	at com.kms.katalon.core.webui.keyword.internal.WebUIKeywordMain.runKeyword(WebUIKeywordMain.groovy:20)
	at com.kms.katalon.core.webui.keyword.builtin.VerifyElementTextKeyword.verifyElementText(VerifyElementTextKeyword.groovy:72)
	at com.kms.katalon.core.webui.keyword.builtin.VerifyElementTextKeyword.execute(VerifyElementTextKeyword.groovy:40)
	at com.kms.katalon.core.keyword.internal.KeywordExecutor.executeKeywordForPlatform(KeywordExecutor.groovy:73)
	at com.kms.katalon.core.webui.keyword.WebUiBuiltInKeywords.verifyElementText(WebUiBuiltInKeywords.groovy:4733)
	at com.kms.katalon.core.webui.keyword.WebUiBuiltInKeywords$verifyElementText$20.call(Unknown Source)
	at TablodaVeriBasariliMiEmm.run(TablodaVeriBasariliMiEmm:22)
	at com.kms.katalon.core.main.ScriptEngine.run(ScriptEngine.java:194)
	at com.kms.katalon.core.main.ScriptEngine.runScriptAsRawText(ScriptEngine.java:119)
	at com.kms.katalon.core.main.TestCaseExecutor.runScript(TestCaseExecutor.java:369)
	at com.kms.katalon.core.main.TestCaseExecutor.doExecute(TestCaseExecutor.java:360)
	at com.kms.katalon.core.main.TestCaseExecutor.processExecutionPhase(TestCaseExecutor.java:339)
	at com.kms.katalon.core.main.TestCaseExecutor.accessMainPhase(TestCaseExecutor.java:331)
	at com.kms.katalon.core.main.TestCaseExecutor.execute(TestCaseExecutor.java:248)
	at com.kms.katalon.core.main.TestCaseMain.runTestCase(TestCaseMain.java:138)
	at com.kms.katalon.core.keyword.builtin.CallTestCaseKeyword$_callTestCase_closure1.doCall(CallTestCaseKeyword.groovy:59)
	at com.kms.katalon.core.keyword.builtin.CallTestCaseKeyword$_callTestCase_closure1.call(CallTestCaseKeyword.groovy)
	at com.kms.katalon.core.keyword.internal.KeywordMain.runKeyword(KeywordMain.groovy:68)
	at com.kms.katalon.core.keyword.builtin.CallTestCaseKeyword.callTestCase(CallTestCaseKeyword.groovy:81)
	at com.kms.katalon.core.keyword.builtin.CallTestCaseKeyword.execute(CallTestCaseKeyword.groovy:44)
	at com.kms.katalon.core.keyword.internal.KeywordExecutor.executeKeywordForPlatform(KeywordExecutor.groovy:73)
	at com.kms.katalon.core.keyword.BuiltinKeywords.callTestCase(BuiltinKeywords.groovy:334)
	at tablo.tablo.tablodaVeriBasariliMiEmm(tablo.groovy:100)
	at cucumber.runtime.Utils$1.call(Utils.java:26)
	at cucumber.runtime.Timeout.timeout(Timeout.java:16)
	at cucumber.runtime.Utils.invoke(Utils.java:20)
	at cucumber.runtime.java.JavaStepDefinition.execute(JavaStepDefinition.java:49)
	at cucumber.runner.PickleStepDefinitionMatch.runStep(PickleStepDefinitionMatch.java:50)
	at cucumber.runner.TestStep.executeStep(TestStep.java:63)
	at cucumber.runner.TestStep.run(TestStep.java:49)
	at cucumber.runner.PickleStepTestStep.run(PickleStepTestStep.java:43)
	at cucumber.runner.TestCase.run(TestCase.java:44)
	at cucumber.runner.Runner.runPickle(Runner.java:40)
	at cucumber.runtime.Runtime$1.run(Runtime.java:84)
	at cucumber.runtime.Runtime$SameThreadExecutorService.execute(Runtime.java:220)
	at cucumber.runtime.Runtime.run(Runtime.java:81)
	at cucumber.api.cli.Main.run(Main.java:26)
	at cucumber.api.cli.Main$run.call(Unknown Source)
	at com.kms.katalon.core.cucumber.keyword.CucumberBuiltinKeywords$_runFeatureFile_closure1.doCall(CucumberBuiltinKeywords.groovy:106)
	at com.kms.katalon.core.cucumber.keyword.CucumberBuiltinKeywords$_runFeatureFile_closure1.doCall(CucumberBuiltinKeywords.groovy)
	at com.kms.katalon.core.keyword.internal.KeywordMain.runKeyword(KeywordMain.groovy:68)
	at com.kms.katalon.core.keyword.internal.KeywordMain$runKeyword.call(Unknown Source)
	at com.kms.katalon.core.cucumber.keyword.CucumberBuiltinKeywords.runFeatureFile(CucumberBuiltinKeywords.groovy:73)
	at com.kms.katalon.core.cucumber.keyword.CucumberBuiltinKeywords$runFeatureFile$0.callStatic(Unknown Source)
	at com.kms.katalon.core.cucumber.keyword.CucumberBuiltinKeywords.runFeatureFile(CucumberBuiltinKeywords.groovy:246)
	at com.kms.katalon.core.cucumber.keyword.CucumberBuiltinKeywords$runFeatureFile.call(Unknown Source)
	at TCKN-e-Mustahsil Makbuz.run(TCKN-e-Mustahsil Makbuz:19)
	at com.kms.katalon.core.main.ScriptEngine.run(ScriptEngine.java:194)
	at com.kms.katalon.core.main.ScriptEngine.runScriptAsRawText(ScriptEngine.java:119)
	at com.kms.katalon.core.main.TestCaseExecutor.runScript(TestCaseExecutor.java:369)
	at com.kms.katalon.core.main.TestCaseExecutor.doExecute(TestCaseExecutor.java:360)
	at com.kms.katalon.core.main.TestCaseExecutor.processExecutionPhase(TestCaseExecutor.java:339)
	at com.kms.katalon.core.main.TestCaseExecutor.accessMainPhase(TestCaseExecutor.java:331)
	at com.kms.katalon.core.main.TestCaseExecutor.execute(TestCaseExecutor.java:248)
	at com.kms.katalon.core.main.TestSuiteExecutor.accessTestCaseMainPhase(TestSuiteExecutor.java:191)
	at com.kms.katalon.core.main.TestSuiteExecutor.accessTestSuiteMainPhase(TestSuiteExecutor.java:140)
	at com.kms.katalon.core.main.TestSuiteExecutor.execute(TestSuiteExecutor.java:89)
	at com.kms.katalon.core.main.TestCaseMain.startTestSuite(TestCaseMain.java:181)
	at com.kms.katalon.core.main.TestCaseMain$startTestSuite$0.call(Unknown Source)
	at TempTestSuite1637329560940.run(TempTestSuite1637329560940.groovy:39)
)

2021-11-19 17:22:15 - [MESSAGE][INFO] - Finding Test Object 'Object Repository/Tablo/DurumBilgisiEmm'

2021-11-19 17:22:15 - [MESSAGE][INFO] - Checking object

2021-11-19 17:22:15 - [MESSAGE][INFO] - Finding web element from Test Object's properties

2021-11-19 17:22:15 - [MESSAGE][INFO] - Checking timeout

2021-11-19 17:22:15 - [MESSAGE][INFO] - Finding web element with id: 'Object Repository/Tablo/DurumBilgisiEmm' located by 'By.xpath: //*[@id = 'GridViewEPReceipt_tccell0_10']' in '30' second(s)

2021-11-19 17:22:15 - [MESSAGE][INFO] - Smart Wait Function is triggered

2021-11-19 17:22:15 - [MESSAGE][INFO] - Found 1 web elements with id: 'Object Repository/Tablo/DurumBilgisiEmm' located by 'By.xpath: //*[@id = 'GridViewEPReceipt_tccell0_10']' in '30' second(s)

2021-11-19 17:22:15 - [MESSAGE][WARNING] - Actual text 'Başarılı' and expected text 'Henüz Sonuçlanmadı' of test object 'Object Repository/Tablo/DurumBilgisiEmm' are NOT matched. (Root cause: com.kms.katalon.core.exception.StepFailedException: Actual text 'Başarılı' and expected text 'Henüz Sonuçlanmadı' of test object 'Object Repository/Tablo/DurumBilgisiEmm' are NOT matched.
	at com.kms.katalon.core.webui.keyword.internal.WebUIKeywordMain.stepFailed(WebUIKeywordMain.groovy:64)
	at com.kms.katalon.core.webui.keyword.builtin.VerifyElementTextKeyword$_verifyElementText_closure1.doCall(VerifyElementTextKeyword.groovy:57)
	at com.kms.katalon.core.webui.keyword.builtin.VerifyElementTextKeyword$_verifyElementText_closure1.call(VerifyElementTextKeyword.groovy)
	at com.kms.katalon.core.webui.keyword.internal.WebUIKeywordMain.runKeyword(WebUIKeywordMain.groovy:20)
	at com.kms.katalon.core.webui.keyword.builtin.VerifyElementTextKeyword.verifyElementText(VerifyElementTextKeyword.groovy:72)
	at com.kms.katalon.core.webui.keyword.builtin.VerifyElementTextKeyword.execute(VerifyElementTextKeyword.groovy:40)
	at com.kms.katalon.core.keyword.internal.KeywordExecutor.executeKeywordForPlatform(KeywordExecutor.groovy:73)
	at com.kms.katalon.core.webui.keyword.WebUiBuiltInKeywords.verifyElementText(WebUiBuiltInKeywords.groovy:4733)
	at com.kms.katalon.core.webui.keyword.WebUiBuiltInKeywords$verifyElementText$20.call(Unknown Source)
	at TablodaVeriBasariliMiEmm.run(TablodaVeriBasariliMiEmm:22)
	at com.kms.katalon.core.main.ScriptEngine.run(ScriptEngine.java:194)
	at com.kms.katalon.core.main.ScriptEngine.runScriptAsRawText(ScriptEngine.java:119)
	at com.kms.katalon.core.main.TestCaseExecutor.runScript(TestCaseExecutor.java:369)
	at com.kms.katalon.core.main.TestCaseExecutor.doExecute(TestCaseExecutor.java:360)
	at com.kms.katalon.core.main.TestCaseExecutor.processExecutionPhase(TestCaseExecutor.java:339)
	at com.kms.katalon.core.main.TestCaseExecutor.accessMainPhase(TestCaseExecutor.java:331)
	at com.kms.katalon.core.main.TestCaseExecutor.execute(TestCaseExecutor.java:248)
	at com.kms.katalon.core.main.TestCaseMain.runTestCase(TestCaseMain.java:138)
	at com.kms.katalon.core.keyword.builtin.CallTestCaseKeyword$_callTestCase_closure1.doCall(CallTestCaseKeyword.groovy:59)
	at com.kms.katalon.core.keyword.builtin.CallTestCaseKeyword$_callTestCase_closure1.call(CallTestCaseKeyword.groovy)
	at com.kms.katalon.core.keyword.internal.KeywordMain.runKeyword(KeywordMain.groovy:68)
	at com.kms.katalon.core.keyword.builtin.CallTestCaseKeyword.callTestCase(CallTestCaseKeyword.groovy:81)
	at com.kms.katalon.core.keyword.builtin.CallTestCaseKeyword.execute(CallTestCaseKeyword.groovy:44)
	at com.kms.katalon.core.keyword.internal.KeywordExecutor.executeKeywordForPlatform(KeywordExecutor.groovy:73)
	at com.kms.katalon.core.keyword.BuiltinKeywords.callTestCase(BuiltinKeywords.groovy:334)
	at tablo.tablo.tablodaVeriBasariliMiEmm(tablo.groovy:100)
	at cucumber.runtime.Utils$1.call(Utils.java:26)
	at cucumber.runtime.Timeout.timeout(Timeout.java:16)
	at cucumber.runtime.Utils.invoke(Utils.java:20)
	at cucumber.runtime.java.JavaStepDefinition.execute(JavaStepDefinition.java:49)
	at cucumber.runner.PickleStepDefinitionMatch.runStep(PickleStepDefinitionMatch.java:50)
	at cucumber.runner.TestStep.executeStep(TestStep.java:63)
	at cucumber.runner.TestStep.run(TestStep.java:49)
	at cucumber.runner.PickleStepTestStep.run(PickleStepTestStep.java:43)
	at cucumber.runner.TestCase.run(TestCase.java:44)
	at cucumber.runner.Runner.runPickle(Runner.java:40)
	at cucumber.runtime.Runtime$1.run(Runtime.java:84)
	at cucumber.runtime.Runtime$SameThreadExecutorService.execute(Runtime.java:220)
	at cucumber.runtime.Runtime.run(Runtime.java:81)
	at cucumber.api.cli.Main.run(Main.java:26)
	at cucumber.api.cli.Main$run.call(Unknown Source)
	at com.kms.katalon.core.cucumber.keyword.CucumberBuiltinKeywords$_runFeatureFile_closure1.doCall(CucumberBuiltinKeywords.groovy:106)
	at com.kms.katalon.core.cucumber.keyword.CucumberBuiltinKeywords$_runFeatureFile_closure1.doCall(CucumberBuiltinKeywords.groovy)
	at com.kms.katalon.core.keyword.internal.KeywordMain.runKeyword(KeywordMain.groovy:68)
	at com.kms.katalon.core.keyword.internal.KeywordMain$runKeyword.call(Unknown Source)
	at com.kms.katalon.core.cucumber.keyword.CucumberBuiltinKeywords.runFeatureFile(CucumberBuiltinKeywords.groovy:73)
	at com.kms.katalon.core.cucumber.keyword.CucumberBuiltinKeywords$runFeatureFile$0.callStatic(Unknown Source)
	at com.kms.katalon.core.cucumber.keyword.CucumberBuiltinKeywords.runFeatureFile(CucumberBuiltinKeywords.groovy:246)
	at com.kms.katalon.core.cucumber.keyword.CucumberBuiltinKeywords$runFeatureFile.call(Unknown Source)
	at TCKN-e-Mustahsil Makbuz.run(TCKN-e-Mustahsil Makbuz:19)
	at com.kms.katalon.core.main.ScriptEngine.run(ScriptEngine.java:194)
	at com.kms.katalon.core.main.ScriptEngine.runScriptAsRawText(ScriptEngine.java:119)
	at com.kms.katalon.core.main.TestCaseExecutor.runScript(TestCaseExecutor.java:369)
	at com.kms.katalon.core.main.TestCaseExecutor.doExecute(TestCaseExecutor.java:360)
	at com.kms.katalon.core.main.TestCaseExecutor.processExecutionPhase(TestCaseExecutor.java:339)
	at com.kms.katalon.core.main.TestCaseExecutor.accessMainPhase(TestCaseExecutor.java:331)
	at com.kms.katalon.core.main.TestCaseExecutor.execute(TestCaseExecutor.java:248)
	at com.kms.katalon.core.main.TestSuiteExecutor.accessTestCaseMainPhase(TestSuiteExecutor.java:191)
	at com.kms.katalon.core.main.TestSuiteExecutor.accessTestSuiteMainPhase(TestSuiteExecutor.java:140)
	at com.kms.katalon.core.main.TestSuiteExecutor.execute(TestSuiteExecutor.java:89)
	at com.kms.katalon.core.main.TestCaseMain.startTestSuite(TestCaseMain.java:181)
	at com.kms.katalon.core.main.TestCaseMain$startTestSuite$0.call(Unknown Source)
	at TempTestSuite1637329560940.run(TempTestSuite1637329560940.groovy:39)
)

2021-11-19 17:22:15 - [TEST_STEP][PASSED] - Method.TextDegerineEsitElementVarMi(findTestObject("Object Repository/Tablo/DurumBilgisiEmm"), "Başarılı"): Method.TextDegerineEsitElementVarMi is PASSED

2021-11-19 17:22:15 - [MESSAGE][INFO] - Finding Test Object 'Object Repository/Tablo/DurumBilgisiEmm'

2021-11-19 17:22:15 - [MESSAGE][INFO] - Checking timeout

2021-11-19 17:22:15 - [MESSAGE][INFO] - Finding web element with id: 'Object Repository/Tablo/DurumBilgisiEmm' located by 'By.xpath: //*[@id = 'GridViewEPReceipt_tccell0_10']' in '10' second(s)

2021-11-19 17:22:15 - [MESSAGE][INFO] - Smart Wait Function is triggered

2021-11-19 17:22:15 - [MESSAGE][INFO] - Found 1 web elements with id: 'Object Repository/Tablo/DurumBilgisiEmm' located by 'By.xpath: //*[@id = 'GridViewEPReceipt_tccell0_10']' in '10' second(s)

2021-11-19 17:22:15 - [MESSAGE][PASSED] - Method.TextDegerineEsitElementVarMi is PASSED

2021-11-19 17:22:15 - [MESSAGE][PASSED] - Call Test Case 'Test Cases/Tablo/TablodaVeriBasariliMiEmm' successfully

2021-11-19 17:22:15 - [MESSAGE][INFO] - Checking called Test Case

2021-11-19 17:22:15 - [MESSAGE][INFO] - Starting to call Test Case 'Test Cases/Kullanici_Islemleri/KullaniciIslemlerindenSecimYapilir'

2021-11-19 17:22:15 - [TEST_CASE][PASSED] - Test Cases/Kullanici_Islemleri/KullaniciIslemlerindenSecimYapilir: Test Cases/Kullanici_Islemleri/KullaniciIslemlerindenSecimYapilir

2021-11-19 17:22:15 - [TEST_STEP][PASSED] - waitForElementClickable(findTestObject("Object Repository/Kullanici_Islemleri/KullaniciIslemleri"), 10): Object 'Object Repository/Kullanici_Islemleri/KullaniciIslemleri' is clickable

2021-11-19 17:22:15 - [MESSAGE][INFO] - Finding Test Object 'Object Repository/Kullanici_Islemleri/KullaniciIslemleri'

2021-11-19 17:22:16 - [MESSAGE][INFO] - Checking object

2021-11-19 17:22:16 - [MESSAGE][INFO] - Checking timeout

2021-11-19 17:22:16 - [MESSAGE][INFO] - Finding web element from Test Object's properties

2021-11-19 17:22:16 - [MESSAGE][INFO] - Checking timeout

2021-11-19 17:22:16 - [MESSAGE][INFO] - Finding web element with id: 'Object Repository/Kullanici_Islemleri/KullaniciIslemleri' located by 'By.cssSelector: .dropdown>a>img' in '10' second(s)

2021-11-19 17:22:16 - [MESSAGE][INFO] - Smart Wait Function is triggered

2021-11-19 17:22:16 - [MESSAGE][INFO] - Found 1 web elements with id: 'Object Repository/Kullanici_Islemleri/KullaniciIslemleri' located by 'By.cssSelector: .dropdown>a>img' in '10' second(s)

2021-11-19 17:22:16 - [MESSAGE][PASSED] - Object 'Object Repository/Kullanici_Islemleri/KullaniciIslemleri' is clickable

2021-11-19 17:22:16 - [TEST_STEP][PASSED] - click(findTestObject("Object Repository/Kullanici_Islemleri/KullaniciIslemleri")): Object: 'Object Repository/Kullanici_Islemleri/KullaniciIslemleri' is clicked on

2021-11-19 17:22:16 - [MESSAGE][INFO] - Finding Test Object 'Object Repository/Kullanici_Islemleri/KullaniciIslemleri'

2021-11-19 17:22:16 - [MESSAGE][INFO] - Checking object

2021-11-19 17:22:16 - [MESSAGE][INFO] - Finding web element from Test Object's properties

2021-11-19 17:22:16 - [MESSAGE][INFO] - Checking timeout

2021-11-19 17:22:16 - [MESSAGE][INFO] - Finding web element with id: 'Object Repository/Kullanici_Islemleri/KullaniciIslemleri' located by 'By.cssSelector: .dropdown>a>img' in '30' second(s)

2021-11-19 17:22:16 - [MESSAGE][INFO] - Smart Wait Function is triggered

2021-11-19 17:22:16 - [MESSAGE][INFO] - Found 1 web elements with id: 'Object Repository/Kullanici_Islemleri/KullaniciIslemleri' located by 'By.cssSelector: .dropdown>a>img' in '30' second(s)

2021-11-19 17:22:16 - [MESSAGE][INFO] - Clicking on object: 'Object Repository/Kullanici_Islemleri/KullaniciIslemleri'

2021-11-19 17:22:16 - [MESSAGE][PASSED] - Object: 'Object Repository/Kullanici_Islemleri/KullaniciIslemleri' is clicked on

2021-11-19 17:22:16 - [TEST_STEP][PASSED] - Method.TextDegerineEsitElementeTikla(findTestObject("Object Repository/Kullanici_Islemleri/Secenekler"), Islem): Method.TextDegerineEsitElementeTikla is PASSED

2021-11-19 17:22:16 - [MESSAGE][INFO] - Finding Test Object 'Object Repository/Kullanici_Islemleri/Secenekler'

2021-11-19 17:22:16 - [MESSAGE][INFO] - Checking timeout

2021-11-19 17:22:16 - [MESSAGE][INFO] - Finding web element with id: 'Object Repository/Kullanici_Islemleri/Secenekler' located by 'By.cssSelector: .nav.navbar-nav.navbar-right li a' in '10' second(s)

2021-11-19 17:22:16 - [MESSAGE][INFO] - Smart Wait Function is triggered

2021-11-19 17:22:17 - [MESSAGE][INFO] - Found 22 web elements with id: 'Object Repository/Kullanici_Islemleri/Secenekler' located by 'By.cssSelector: .nav.navbar-nav.navbar-right li a' in '10' second(s)

2021-11-19 17:22:18 - [MESSAGE][PASSED] - Method.TextDegerineEsitElementeTikla is PASSED

2021-11-19 17:22:18 - [TEST_STEP][PASSED] - verifyElementNotPresent(findTestObject("Object Repository/Kullanici_Islemleri/Secenekler"), 10): Web element with id: 'Object Repository/Kullanici_Islemleri/Secenekler' located by 'By.cssSelector: .nav.navbar-nav.navbar-right li a' is not present after '10' second(s)

2021-11-19 17:22:18 - [MESSAGE][INFO] - Finding Test Object 'Object Repository/Kullanici_Islemleri/Secenekler'

2021-11-19 17:22:19 - [MESSAGE][INFO] - Checking object

2021-11-19 17:22:19 - [MESSAGE][INFO] - Checking timeout

2021-11-19 17:22:19 - [MESSAGE][INFO] - Finding web element with id: 'Object Repository/Kullanici_Islemleri/Secenekler' located by 'By.cssSelector: .nav.navbar-nav.navbar-right li a' in '10' second(s)

2021-11-19 17:22:19 - [MESSAGE][INFO] - Smart Wait Function is triggered

2021-11-19 17:22:19 - [MESSAGE][PASSED] - Web element with id: 'Object Repository/Kullanici_Islemleri/Secenekler' located by 'By.cssSelector: .nav.navbar-nav.navbar-right li a' is not present after '10' second(s)

2021-11-19 17:22:19 - [MESSAGE][PASSED] - Call Test Case 'Test Cases/Kullanici_Islemleri/KullaniciIslemlerindenSecimYapilir' successfully

2021-11-19 17:22:19 - [TEST_CASE][PASSED] - Start Test Case : SCENARIO TCKNo ile e-Mustahsil Makbuzu Olusturmasi ve Excele aktarilmasi: SCENARIO TCKNo ile e-Mustahsil Makbuzu Olusturmasi ve Excele aktarilmasi

2021-11-19 17:22:19 - [TEST_STEP][PASSED] - Kullanıcı adı ELOGO6 ve Şifre 123456 olarak giriş yapılır: Kullanıcı adı ELOGO6 ve Şifre 123456 olarak giriş yapılır

2021-11-19 17:22:19 - [MESSAGE][PASSED] - Kullanıcı adı ELOGO6 ve Şifre 123456 olarak giriş yapılır

2021-11-19 17:22:19 - [TEST_STEP][PASSED] - Ana menüden e-Makbuz seçilir: Ana menüden e-Makbuz seçilir

2021-11-19 17:22:19 - [MESSAGE][PASSED] - Ana menüden e-Makbuz seçilir

2021-11-19 17:22:19 - [TEST_STEP][PASSED] - Alt menü e-Müstahsil Uygulaması başlığı altındaki e-Müstahsil Makbuzu Oluşturma seçilir: Alt menü e-Müstahsil Uygulaması başlığı altındaki e-Müstahsil Makbuzu Oluşturma seçilir

2021-11-19 17:22:19 - [MESSAGE][PASSED] - Alt menü e-Müstahsil Uygulaması başlığı altındaki e-Müstahsil Makbuzu Oluşturma seçilir

2021-11-19 17:22:19 - [TEST_STEP][PASSED] - Tablodaki tüm veriler silinir: Tablodaki tüm veriler silinir

2021-11-19 17:22:19 - [MESSAGE][PASSED] - Tablodaki tüm veriler silinir

2021-11-19 17:22:19 - [TEST_STEP][PASSED] - Butonlardan Ekle isimli butona tıklanır: Butonlardan Ekle isimli butona tıklanır

2021-11-19 17:22:19 - [MESSAGE][PASSED] - Butonlardan Ekle isimli butona tıklanır

2021-11-19 17:22:19 - [TEST_STEP][PASSED] - Görsel tasarım sayfasının Makbuz Bilgileri başlığını içerdiği kontrol edilir: Görsel tasarım sayfasının Makbuz Bilgileri başlığını içerdiği kontrol edilir

2021-11-19 17:22:19 - [MESSAGE][PASSED] - Görsel tasarım sayfasının Makbuz Bilgileri başlığını içerdiği kontrol edilir

2021-11-19 17:22:19 - [TEST_STEP][PASSED] - Alıcı adı alanına UC0038 girilir: Alıcı adı alanına UC0038 girilir

2021-11-19 17:22:19 - [MESSAGE][PASSED] - Alıcı adı alanına UC0038 girilir

2021-11-19 17:22:19 - [TEST_STEP][PASSED] - Ekle butonuna basılır: Ekle butonuna basılır

2021-11-19 17:22:19 - [MESSAGE][PASSED] - Ekle butonuna basılır

2021-11-19 17:22:19 - [TEST_STEP][PASSED] - Ürün ekleme alanında Mal/Hizmet başlığına Otomasyon girilir: Ürün ekleme alanında Mal/Hizmet başlığına Otomasyon girilir

2021-11-19 17:22:19 - [MESSAGE][PASSED] - Ürün ekleme alanında Mal/Hizmet başlığına Otomasyon girilir

2021-11-19 17:22:19 - [TEST_STEP][PASSED] - Ürün ekleme alanında Miktarı başlığına 400 girilir: Ürün ekleme alanında Miktarı başlığına 400 girilir

2021-11-19 17:22:19 - [MESSAGE][PASSED] - Ürün ekleme alanında Miktarı başlığına 400 girilir

2021-11-19 17:22:19 - [TEST_STEP][PASSED] - Ürün ekleme alanında Birim Fiyat başlığına 100 girilir: Ürün ekleme alanında Birim Fiyat başlığına 100 girilir

2021-11-19 17:22:19 - [MESSAGE][PASSED] - Ürün ekleme alanında Birim Fiyat başlığına 100 girilir

2021-11-19 17:22:19 - [TEST_STEP][PASSED] - Ürün ekleme alanında G.V Stopaj Oranı% başlığına 10 girilir: Ürün ekleme alanında G.V Stopaj Oranı% başlığına 10 girilir

2021-11-19 17:22:19 - [MESSAGE][PASSED] - Ürün ekleme alanında G.V Stopaj Oranı% başlığına 10 girilir

2021-11-19 17:22:19 - [TEST_STEP][PASSED] - Notlar alanına Otomasyon Not girilir: Notlar alanına Otomasyon Not girilir

2021-11-19 17:22:19 - [MESSAGE][PASSED] - Notlar alanına Otomasyon Not girilir

2021-11-19 17:22:19 - [TEST_STEP][PASSED] - Ettn bilgisi kayıt edilir: Ettn bilgisi kayıt edilir

2021-11-19 17:22:19 - [MESSAGE][PASSED] - Ettn bilgisi kayıt edilir

2021-11-19 17:22:19 - [TEST_STEP][PASSED] - Kaydet butonu seçilir: Kaydet butonu seçilir

2021-11-19 17:22:19 - [MESSAGE][PASSED] - Kaydet butonu seçilir

2021-11-19 17:22:19 - [TEST_STEP][PASSED] - Tabloda Ettn bilgisi kaydedilen veri oluşturuldu mu: Tabloda Ettn bilgisi kaydedilen veri oluşturuldu mu

2021-11-19 17:22:19 - [MESSAGE][PASSED] - Tabloda Ettn bilgisi kaydedilen veri oluşturuldu mu

2021-11-19 17:22:19 - [TEST_STEP][PASSED] - Tablodan Ettn bilgisi kaydedilen veri seçilir: Tablodan Ettn bilgisi kaydedilen veri seçilir

2021-11-19 17:22:19 - [MESSAGE][PASSED] - Tablodan Ettn bilgisi kaydedilen veri seçilir

2021-11-19 17:22:19 - [TEST_STEP][PASSED] - Butonlardan Numara Oluştur isimli butona tıklanır: Butonlardan Numara Oluştur isimli butona tıklanır

2021-11-19 17:22:19 - [MESSAGE][PASSED] - Butonlardan Numara Oluştur isimli butona tıklanır

2021-11-19 17:22:19 - [TEST_STEP][PASSED] - Popup mesajı Devam etmek istiyor musunuz içeriyor mu: Popup mesajı Devam etmek istiyor musunuz içeriyor mu

2021-11-19 17:22:19 - [MESSAGE][PASSED] - Popup mesajı Devam etmek istiyor musunuz içeriyor mu

2021-11-19 17:22:19 - [TEST_STEP][PASSED] - Yönetim popupında Evet seçilir: Yönetim popupında Evet seçilir

2021-11-19 17:22:19 - [MESSAGE][PASSED] - Yönetim popupında Evet seçilir

2021-11-19 17:22:19 - [TEST_STEP][PASSED] - Popup mesajı oluşmuştur içeriyor mu: Popup mesajı oluşmuştur içeriyor mu

2021-11-19 17:22:19 - [MESSAGE][PASSED] - Popup mesajı oluşmuştur içeriyor mu

2021-11-19 17:22:19 - [TEST_STEP][PASSED] - Yönetim popupında Tamam seçilir: Yönetim popupında Tamam seçilir

2021-11-19 17:22:19 - [MESSAGE][PASSED] - Yönetim popupında Tamam seçilir

2021-11-19 17:22:19 - [TEST_STEP][PASSED] - Tablodan Ettn bilgisi kaydedilen veri seçilir: Tablodan Ettn bilgisi kaydedilen veri seçilir

2021-11-19 17:22:19 - [MESSAGE][PASSED] - Tablodan Ettn bilgisi kaydedilen veri seçilir

2021-11-19 17:22:19 - [TEST_STEP][PASSED] - Butonlardan Gönder isimli butona tıklanır: Butonlardan Gönder isimli butona tıklanır

2021-11-19 17:22:19 - [MESSAGE][PASSED] - Butonlardan Gönder isimli butona tıklanır

2021-11-19 17:22:19 - [TEST_STEP][PASSED] - Popup mesajı Devam etmek istiyor musunuz içeriyor mu: Popup mesajı Devam etmek istiyor musunuz içeriyor mu

2021-11-19 17:22:19 - [MESSAGE][PASSED] - Popup mesajı Devam etmek istiyor musunuz içeriyor mu

2021-11-19 17:22:19 - [TEST_STEP][PASSED] - Yönetim popupında Evet seçilir: Yönetim popupında Evet seçilir

2021-11-19 17:22:19 - [MESSAGE][PASSED] - Yönetim popupında Evet seçilir

2021-11-19 17:22:19 - [TEST_STEP][PASSED] - Ana menüden e-Makbuz seçilir: Ana menüden e-Makbuz seçilir

2021-11-19 17:22:19 - [MESSAGE][PASSED] - Ana menüden e-Makbuz seçilir

2021-11-19 17:22:19 - [TEST_STEP][PASSED] - Alt menü e-Müstahsil Uygulaması başlığı altındaki e-Müstahsil Makbuzları seçilir: Alt menü e-Müstahsil Uygulaması başlığı altındaki e-Müstahsil Makbuzları seçilir

2021-11-19 17:22:19 - [MESSAGE][PASSED] - Alt menü e-Müstahsil Uygulaması başlığı altındaki e-Müstahsil Makbuzları seçilir

2021-11-19 17:22:19 - [TEST_STEP][PASSED] - Filtrelerden Ettn filtresine Ettn bilgisi yaz: Filtrelerden Ettn filtresine Ettn bilgisi yaz

2021-11-19 17:22:19 - [MESSAGE][PASSED] - Filtrelerden Ettn filtresine Ettn bilgisi yaz

2021-11-19 17:22:19 - [TEST_STEP][PASSED] - Filtre butonlarından Listele seçilir: Filtre butonlarından Listele seçilir

2021-11-19 17:22:19 - [MESSAGE][PASSED] - Filtre butonlarından Listele seçilir

2021-11-19 17:22:19 - [TEST_STEP][PASSED] - Tabloda veri var mı kontrol edilir: Tabloda veri var mı kontrol edilir

2021-11-19 17:22:19 - [MESSAGE][PASSED] - Tabloda veri var mı kontrol edilir

2021-11-19 17:22:19 - [TEST_STEP][PASSED] - Tabloda yeni oluşturulan emm verisi başarılı mı: Tabloda yeni oluşturulan emm verisi başarılı mı

2021-11-19 17:22:19 - [MESSAGE][PASSED] - Tabloda yeni oluşturulan emm verisi başarılı mı

2021-11-19 17:22:19 - [TEST_STEP][PASSED] - Kullanıcı işlemlerinden Çıkış seçilir: Kullanıcı işlemlerinden Çıkış seçilir

2021-11-19 17:22:19 - [MESSAGE][PASSED] - Kullanıcı işlemlerinden Çıkış seçilir

2021-11-19 17:22:19 - [MESSAGE][PASSED] - Feature file: 'Include/features/Regresyon/e-Mustahsil Makbuz/TCKN-e-Mustahsil Makbuz.feature' was passed

2021-11-19 17:22:19 - [TEST_STEP][PASSED] - Start listener action : sampleAfterTestSuite: Invoke 'com.kms.katalon.core.annotation.AfterTestCase' method: 'Listener.sampleAfterTestSuite(...)' completed.

2021-11-19 17:22:19 - [MESSAGE][INFO] - Starting invoke 'com.kms.katalon.core.annotation.AfterTestCase' method: 'Listener.sampleAfterTestSuite(...)'

2021-11-19 17:22:19 - [TEST_STEP][PASSED] - closeBrowser(): Invoke 'com.kms.katalon.core.annotation.AfterTestCase' method: 'Listener.sampleAfterTestSuite(...)' completed.

2021-11-19 17:22:19 - [MESSAGE][INFO] - Closing browser

2021-11-19 17:22:20 - [MESSAGE][PASSED] - Browser is closed

2021-11-19 17:22:20 - [MESSAGE][INFO] - Invoke 'com.kms.katalon.core.annotation.AfterTestCase' method: 'Listener.sampleAfterTestSuite(...)' completed.]]></system-out>
         <system-err><![CDATA[]]></system-err>
      </testcase>
      <testcase name="Test Cases/Case Repository/Regresyon/e-Serbest Meslek Makbuzu/VKN-e-Serbest Meslek Makbuzu-Elektronik" time="89.266" classname="Test Cases/Case Repository/Regresyon/e-Serbest Meslek Makbuzu/VKN-e-Serbest Meslek Makbuzu-Elektronik" status="PASSED">
         <system-out><![CDATA[2021-11-19 17:22:20 - [TEST_CASE][PASSED] - Test Cases/Case Repository/Regresyon/e-Serbest Meslek Makbuzu/VKN-e-Serbest Meslek Makbuzu-Elektronik: Test Cases/Case Repository/Regresyon/e-Serbest Meslek Makbuzu/VKN-e-Serbest Meslek Makbuzu-Elektronik

2021-11-19 17:22:20 - [TEST_STEP][PASSED] - Start listener action : sampleBeforeTestSuite: Invoke 'com.kms.katalon.core.annotation.BeforeTestCase' method: 'Listener.sampleBeforeTestSuite(...)' completed.

2021-11-19 17:22:20 - [MESSAGE][INFO] - Starting invoke 'com.kms.katalon.core.annotation.BeforeTestCase' method: 'Listener.sampleBeforeTestSuite(...)'

2021-11-19 17:22:20 - [TEST_STEP][PASSED] - openBrowser(baseUrl): Browser is opened with url: 'https://efatura-stage.elogo.com.tr/'

2021-11-19 17:22:20 - [MESSAGE][INFO] - Opening browser

2021-11-19 17:22:20 - [MESSAGE][INFO] - Starting 'Chrome' driver

2021-11-19 17:22:20 - [MESSAGE][INFO] - User set preference: ['prefs', '{download.default_directory=C:\otomasyondownfiles}']

2021-11-19 17:22:20 - [MESSAGE][INFO] - Action delay is set to 0 milliseconds

2021-11-19 17:22:21 - [MESSAGE][INFO] - Navigating browser to: 'https://efatura-stage.elogo.com.tr/'

2021-11-19 17:22:24 - [MESSAGE][PASSED] - Browser is opened with url: 'https://efatura-stage.elogo.com.tr/'

2021-11-19 17:22:24 - [TEST_STEP][PASSED] - maximizeWindow(): Invoke 'com.kms.katalon.core.annotation.BeforeTestCase' method: 'Listener.sampleBeforeTestSuite(...)' completed.

2021-11-19 17:22:24 - [MESSAGE][INFO] - Maximizing current window

2021-11-19 17:22:24 - [MESSAGE][PASSED] - Current window maximized

2021-11-19 17:22:24 - [MESSAGE][INFO] - Invoke 'com.kms.katalon.core.annotation.BeforeTestCase' method: 'Listener.sampleBeforeTestSuite(...)' completed.

2021-11-19 17:22:24 - [TEST_STEP][PASSED] - runFeatureFile("Include/features/Regresyon/e-Serbest Meslek Makbuzu/VKN-e-Serbest Meslek Makbuzu-Elektronik.feature"): Feature file: 'Include/features/Regresyon/e-Serbest Meslek Makbuzu/VKN-e-Serbest Meslek Makbuzu-Elektronik.feature' was passed

2021-11-19 17:22:24 - [MESSAGE][INFO] - Starting run keyword runFeatureFile: 'Include/features/Regresyon/e-Serbest Meslek Makbuzu/VKN-e-Serbest Meslek Makbuzu-Elektronik.feature' and extract report to folder: 'C:\Users\DELL\Documents\GitHub\EES_KatalonLogo\Reports\20211119_164526\Suite Repository\Regresyon-eArsiv-eMakbuz\20211119_164600/cucumber_report/1637331744836'...

2021-11-19 17:22:24 - [MESSAGE][INFO] - Glue: []

2021-11-19 17:22:26 - [MESSAGE][INFO] - Checking called Test Case

2021-11-19 17:22:26 - [MESSAGE][INFO] - Starting to call Test Case 'Test Cases/Sayfalar/Giris_Sayfasi/Login'

2021-11-19 17:22:26 - [TEST_CASE][PASSED] - Test Cases/Sayfalar/Giris_Sayfasi/Login: Test Cases/Sayfalar/Giris_Sayfasi/Login

2021-11-19 17:22:26 - [TEST_STEP][PASSED] - Sayfa_Basligi = getWindowTitle(): Current window's title is: 'LOGO e-Fatura'

2021-11-19 17:22:26 - [MESSAGE][INFO] - Getting current window's title

2021-11-19 17:22:26 - [MESSAGE][PASSED] - Current window's title is: 'LOGO e-Fatura'

2021-11-19 17:22:26 - [TEST_STEP][PASSED] - verifyMatch(Sayfa_Basligi, "LOGO e-Fatura", false): Actual text 'LOGO e-Fatura' and expected text 'LOGO e-Fatura' are matched 

2021-11-19 17:22:26 - [MESSAGE][INFO] - Matching actual text 'LOGO e-Fatura' with expected text 'LOGO e-Fatura'

2021-11-19 17:22:26 - [MESSAGE][PASSED] - Actual text 'LOGO e-Fatura' and expected text 'LOGO e-Fatura' are matched 

2021-11-19 17:22:26 - [TEST_STEP][PASSED] - sendKeys(findTestObject("Sayfalar/Giris_Sayfasi/Firma_Kodu"), KullaniciAdi): Keys 'ELOGOGIB' sent to object: 'Object Repository/Sayfalar/Giris_Sayfasi/Firma_Kodu'

2021-11-19 17:22:26 - [MESSAGE][INFO] - Finding Test Object 'Object Repository/Sayfalar/Giris_Sayfasi/Firma_Kodu'

2021-11-19 17:22:26 - [MESSAGE][INFO] - Sending keys 'ELOGOGIB' to object: 'Object Repository/Sayfalar/Giris_Sayfasi/Firma_Kodu'

2021-11-19 17:22:26 - [MESSAGE][INFO] - Finding web element from Test Object's properties

2021-11-19 17:22:26 - [MESSAGE][INFO] - Checking timeout

2021-11-19 17:22:26 - [MESSAGE][INFO] - Finding web element with id: 'Object Repository/Sayfalar/Giris_Sayfasi/Firma_Kodu' located by 'By.xpath: //*[@id = 'AccountName']' in '30' second(s)

2021-11-19 17:22:26 - [MESSAGE][INFO] - Smart Wait Function is triggered

2021-11-19 17:22:27 - [MESSAGE][INFO] - Found 1 web elements with id: 'Object Repository/Sayfalar/Giris_Sayfasi/Firma_Kodu' located by 'By.xpath: //*[@id = 'AccountName']' in '30' second(s)

2021-11-19 17:22:27 - [MESSAGE][PASSED] - Keys 'ELOGOGIB' sent to object: 'Object Repository/Sayfalar/Giris_Sayfasi/Firma_Kodu'

2021-11-19 17:22:27 - [TEST_STEP][PASSED] - sendKeys(findTestObject("Sayfalar/Giris_Sayfasi/Sifre"), Sifre): Keys '123456' sent to object: 'Object Repository/Sayfalar/Giris_Sayfasi/Sifre'

2021-11-19 17:22:27 - [MESSAGE][INFO] - Finding Test Object 'Object Repository/Sayfalar/Giris_Sayfasi/Sifre'

2021-11-19 17:22:27 - [MESSAGE][INFO] - Sending keys '123456' to object: 'Object Repository/Sayfalar/Giris_Sayfasi/Sifre'

2021-11-19 17:22:27 - [MESSAGE][INFO] - Finding web element from Test Object's properties

2021-11-19 17:22:27 - [MESSAGE][INFO] - Checking timeout

2021-11-19 17:22:27 - [MESSAGE][INFO] - Finding web element with id: 'Object Repository/Sayfalar/Giris_Sayfasi/Sifre' located by 'By.xpath: //*[@id = 'Password']' in '30' second(s)

2021-11-19 17:22:27 - [MESSAGE][INFO] - Smart Wait Function is triggered

2021-11-19 17:22:27 - [MESSAGE][INFO] - Found 1 web elements with id: 'Object Repository/Sayfalar/Giris_Sayfasi/Sifre' located by 'By.xpath: //*[@id = 'Password']' in '30' second(s)

2021-11-19 17:22:27 - [MESSAGE][PASSED] - Keys '123456' sent to object: 'Object Repository/Sayfalar/Giris_Sayfasi/Sifre'

2021-11-19 17:22:27 - [TEST_STEP][PASSED] - findWebElement(findTestObject("Sayfalar/Giris_Sayfasi/Giris_Butonu")).click(): Found 1 web elements with id: 'Object Repository/Sayfalar/Giris_Sayfasi/Giris_Butonu' located by 'By.cssSelector: #btnLogin' in '30' second(s)

2021-11-19 17:22:27 - [MESSAGE][INFO] - Finding Test Object 'Object Repository/Sayfalar/Giris_Sayfasi/Giris_Butonu'

2021-11-19 17:22:27 - [MESSAGE][INFO] - Finding web element from Test Object's properties

2021-11-19 17:22:27 - [MESSAGE][INFO] - Checking timeout

2021-11-19 17:22:27 - [MESSAGE][INFO] - Finding web element with id: 'Object Repository/Sayfalar/Giris_Sayfasi/Giris_Butonu' located by 'By.cssSelector: #btnLogin' in '30' second(s)

2021-11-19 17:22:27 - [MESSAGE][INFO] - Smart Wait Function is triggered

2021-11-19 17:22:28 - [MESSAGE][INFO] - Found 1 web elements with id: 'Object Repository/Sayfalar/Giris_Sayfasi/Giris_Butonu' located by 'By.cssSelector: #btnLogin' in '30' second(s)

2021-11-19 17:22:30 - [TEST_STEP][PASSED] - if (verifyElementPresent(findTestObject("Object Repository/Sayfalar/Giris_Sayfasi/RetveTamam_Butonu"), 5, OPTIONAL)): null

2021-11-19 17:22:30 - [MESSAGE][INFO] - Finding Test Object 'Object Repository/Sayfalar/Giris_Sayfasi/RetveTamam_Butonu'

2021-11-19 17:22:30 - [MESSAGE][INFO] - Checking object

2021-11-19 17:22:30 - [MESSAGE][INFO] - Finding web element from Test Object's properties

2021-11-19 17:22:30 - [MESSAGE][INFO] - Checking timeout

2021-11-19 17:22:30 - [MESSAGE][INFO] - Finding web element with id: 'Object Repository/Sayfalar/Giris_Sayfasi/RetveTamam_Butonu' located by 'By.xpath: //*[@class = 'btn btn-default']' in '5' second(s)

2021-11-19 17:22:30 - [MESSAGE][INFO] - Smart Wait Function is triggered

2021-11-19 17:22:30 - [MESSAGE][INFO] - Found 1 web elements with id: 'Object Repository/Sayfalar/Giris_Sayfasi/RetveTamam_Butonu' located by 'By.xpath: //*[@class = 'btn btn-default']' in '5' second(s)

2021-11-19 17:22:30 - [MESSAGE][PASSED] - Object 'Object Repository/Sayfalar/Giris_Sayfasi/RetveTamam_Butonu' is present

2021-11-19 17:22:30 - [TEST_STEP][PASSED] - click(findTestObject("Object Repository/Sayfalar/Giris_Sayfasi/RetveTamam_Butonu")): Object: 'Object Repository/Sayfalar/Giris_Sayfasi/RetveTamam_Butonu' is clicked on

2021-11-19 17:22:30 - [MESSAGE][INFO] - Finding Test Object 'Object Repository/Sayfalar/Giris_Sayfasi/RetveTamam_Butonu'

2021-11-19 17:22:30 - [MESSAGE][INFO] - Checking object

2021-11-19 17:22:30 - [MESSAGE][INFO] - Finding web element from Test Object's properties

2021-11-19 17:22:30 - [MESSAGE][INFO] - Checking timeout

2021-11-19 17:22:30 - [MESSAGE][INFO] - Finding web element with id: 'Object Repository/Sayfalar/Giris_Sayfasi/RetveTamam_Butonu' located by 'By.xpath: //*[@class = 'btn btn-default']' in '30' second(s)

2021-11-19 17:22:30 - [MESSAGE][INFO] - Smart Wait Function is triggered

2021-11-19 17:22:31 - [MESSAGE][INFO] - Found 1 web elements with id: 'Object Repository/Sayfalar/Giris_Sayfasi/RetveTamam_Butonu' located by 'By.xpath: //*[@class = 'btn btn-default']' in '30' second(s)

2021-11-19 17:22:31 - [MESSAGE][INFO] - Clicking on object: 'Object Repository/Sayfalar/Giris_Sayfasi/RetveTamam_Butonu'

2021-11-19 17:22:31 - [MESSAGE][PASSED] - Object: 'Object Repository/Sayfalar/Giris_Sayfasi/RetveTamam_Butonu' is clicked on

2021-11-19 17:22:31 - [TEST_STEP][PASSED] - click(findTestObject("Object Repository/Sayfalar/Giris_Sayfasi/RetveTamam_Butonu")): Object: 'Object Repository/Sayfalar/Giris_Sayfasi/RetveTamam_Butonu' is clicked on

2021-11-19 17:22:31 - [MESSAGE][INFO] - Finding Test Object 'Object Repository/Sayfalar/Giris_Sayfasi/RetveTamam_Butonu'

2021-11-19 17:22:31 - [MESSAGE][INFO] - Checking object

2021-11-19 17:22:31 - [MESSAGE][INFO] - Finding web element from Test Object's properties

2021-11-19 17:22:31 - [MESSAGE][INFO] - Checking timeout

2021-11-19 17:22:31 - [MESSAGE][INFO] - Finding web element with id: 'Object Repository/Sayfalar/Giris_Sayfasi/RetveTamam_Butonu' located by 'By.xpath: //*[@class = 'btn btn-default']' in '30' second(s)

2021-11-19 17:22:31 - [MESSAGE][INFO] - Smart Wait Function is triggered

2021-11-19 17:22:36 - [MESSAGE][INFO] - Found 1 web elements with id: 'Object Repository/Sayfalar/Giris_Sayfasi/RetveTamam_Butonu' located by 'By.xpath: //*[@class = 'btn btn-default']' in '30' second(s)

2021-11-19 17:22:36 - [MESSAGE][INFO] - Clicking on object: 'Object Repository/Sayfalar/Giris_Sayfasi/RetveTamam_Butonu'

2021-11-19 17:22:36 - [MESSAGE][PASSED] - Object: 'Object Repository/Sayfalar/Giris_Sayfasi/RetveTamam_Butonu' is clicked on

2021-11-19 17:22:36 - [TEST_STEP][PASSED] - if (verifyElementPresent(findTestObject("Sayfalar/Giris_Sayfasi/PopupOK"), 5, OPTIONAL)): null

2021-11-19 17:22:36 - [MESSAGE][INFO] - Finding Test Object 'Object Repository/Sayfalar/Giris_Sayfasi/PopupOK'

2021-11-19 17:22:36 - [MESSAGE][INFO] - Checking object

2021-11-19 17:22:36 - [MESSAGE][INFO] - Finding web element from Test Object's properties

2021-11-19 17:22:36 - [MESSAGE][INFO] - Checking timeout

2021-11-19 17:22:36 - [MESSAGE][INFO] - Finding web element with id: 'Object Repository/Sayfalar/Giris_Sayfasi/PopupOK' located by 'By.cssSelector: .btn.btn-success' in '5' second(s)

2021-11-19 17:22:36 - [MESSAGE][INFO] - Smart Wait Function is triggered

2021-11-19 17:22:37 - [MESSAGE][INFO] - Found 1 web elements with id: 'Object Repository/Sayfalar/Giris_Sayfasi/PopupOK' located by 'By.cssSelector: .btn.btn-success' in '5' second(s)

2021-11-19 17:22:37 - [MESSAGE][PASSED] - Object 'Object Repository/Sayfalar/Giris_Sayfasi/PopupOK' is present

2021-11-19 17:22:37 - [TEST_STEP][PASSED] - click(findTestObject("Object Repository/Sayfalar/Giris_Sayfasi/PopupCarpiGiris")): Object: 'Object Repository/Sayfalar/Giris_Sayfasi/PopupCarpiGiris' is clicked on

2021-11-19 17:22:37 - [MESSAGE][INFO] - Finding Test Object 'Object Repository/Sayfalar/Giris_Sayfasi/PopupCarpiGiris'

2021-11-19 17:22:37 - [MESSAGE][INFO] - Checking object

2021-11-19 17:22:37 - [MESSAGE][INFO] - Finding web element from Test Object's properties

2021-11-19 17:22:37 - [MESSAGE][INFO] - Checking timeout

2021-11-19 17:22:37 - [MESSAGE][INFO] - Finding web element with id: 'Object Repository/Sayfalar/Giris_Sayfasi/PopupCarpiGiris' located by 'By.cssSelector: .bootbox-close-button.close' in '30' second(s)

2021-11-19 17:22:37 - [MESSAGE][INFO] - Smart Wait Function is triggered

2021-11-19 17:22:37 - [MESSAGE][INFO] - Found 1 web elements with id: 'Object Repository/Sayfalar/Giris_Sayfasi/PopupCarpiGiris' located by 'By.cssSelector: .bootbox-close-button.close' in '30' second(s)

2021-11-19 17:22:37 - [MESSAGE][INFO] - Clicking on object: 'Object Repository/Sayfalar/Giris_Sayfasi/PopupCarpiGiris'

2021-11-19 17:22:38 - [MESSAGE][PASSED] - Object: 'Object Repository/Sayfalar/Giris_Sayfasi/PopupCarpiGiris' is clicked on

2021-11-19 17:22:38 - [TEST_STEP][PASSED] - verifyElementVisible(findTestObject("Object Repository/Kullanici_Islemleri/KullaniciIslemleri")): Object 'Object Repository/Kullanici_Islemleri/KullaniciIslemleri' is visible

2021-11-19 17:22:38 - [MESSAGE][INFO] - Finding Test Object 'Object Repository/Kullanici_Islemleri/KullaniciIslemleri'

2021-11-19 17:22:38 - [MESSAGE][INFO] - Checking object

2021-11-19 17:22:38 - [MESSAGE][INFO] - Finding web element from Test Object's properties

2021-11-19 17:22:38 - [MESSAGE][INFO] - Checking timeout

2021-11-19 17:22:38 - [MESSAGE][INFO] - Finding web element with id: 'Object Repository/Kullanici_Islemleri/KullaniciIslemleri' located by 'By.cssSelector: .dropdown>a>img' in '30' second(s)

2021-11-19 17:22:38 - [MESSAGE][INFO] - Smart Wait Function is triggered

2021-11-19 17:22:38 - [MESSAGE][INFO] - Found 1 web elements with id: 'Object Repository/Kullanici_Islemleri/KullaniciIslemleri' located by 'By.cssSelector: .dropdown>a>img' in '30' second(s)

2021-11-19 17:22:38 - [MESSAGE][PASSED] - Object 'Object Repository/Kullanici_Islemleri/KullaniciIslemleri' is visible

2021-11-19 17:22:38 - [MESSAGE][PASSED] - Call Test Case 'Test Cases/Sayfalar/Giris_Sayfasi/Login' successfully

2021-11-19 17:22:38 - [MESSAGE][INFO] - Checking called Test Case

2021-11-19 17:22:38 - [MESSAGE][INFO] - Starting to call Test Case 'Test Cases/Menu/AnaMenuSecimi'

2021-11-19 17:22:38 - [TEST_CASE][PASSED] - Test Cases/Menu/AnaMenuSecimi: Test Cases/Menu/AnaMenuSecimi

2021-11-19 17:22:38 - [TEST_STEP][PASSED] - Method.TextDegerineEsitElementeTikla(findTestObject("Menu/Ana_Menu"), Ana_Menu): Method.TextDegerineEsitElementeTikla is PASSED

2021-11-19 17:22:38 - [MESSAGE][INFO] - Finding Test Object 'Object Repository/Menu/Ana_Menu'

2021-11-19 17:22:38 - [MESSAGE][INFO] - Checking timeout

2021-11-19 17:22:38 - [MESSAGE][INFO] - Finding web element with id: 'Object Repository/Menu/Ana_Menu' located by 'By.xpath: //*[@class = 'dropdown-toggle']' in '10' second(s)

2021-11-19 17:22:38 - [MESSAGE][INFO] - Smart Wait Function is triggered

2021-11-19 17:22:39 - [MESSAGE][INFO] - Found 14 web elements with id: 'Object Repository/Menu/Ana_Menu' located by 'By.xpath: //*[@class = 'dropdown-toggle']' in '10' second(s)

2021-11-19 17:22:39 - [MESSAGE][PASSED] - Method.TextDegerineEsitElementeTikla is PASSED

2021-11-19 17:22:39 - [MESSAGE][PASSED] - Call Test Case 'Test Cases/Menu/AnaMenuSecimi' successfully

2021-11-19 17:22:39 - [MESSAGE][INFO] - Checking called Test Case

2021-11-19 17:22:39 - [MESSAGE][INFO] - Starting to call Test Case 'Test Cases/Menu/BasligaGoreAltMenuSecimi'

2021-11-19 17:22:39 - [TEST_CASE][PASSED] - Test Cases/Menu/BasligaGoreAltMenuSecimi: Test Cases/Menu/BasligaGoreAltMenuSecimi

2021-11-19 17:22:39 - [TEST_STEP][PASSED] - Method.TextDegerineEsitElementinAltindakiTextDegerineEsitOlanaTikla(findTestObject("Menu/Menu_Basligi"), findTestObject("Menu/Basliga_Gore_Alt_Menu"), Baslik, Alt_Menu): Method.TextDegerineEsitElementinAltindakiTextDegerineEsitOlanaTikla is PASSED

2021-11-19 17:22:39 - [MESSAGE][INFO] - Finding Test Object 'Object Repository/Menu/Menu_Basligi'

2021-11-19 17:22:39 - [MESSAGE][INFO] - Finding Test Object 'Object Repository/Menu/Basliga_Gore_Alt_Menu'

2021-11-19 17:22:39 - [MESSAGE][INFO] - Checking timeout

2021-11-19 17:22:39 - [MESSAGE][INFO] - Finding web element with id: 'Object Repository/Menu/Menu_Basligi' located by 'By.xpath: //li[@class='dropdown dropdown-large open']//li[@class='dropdown-header']' in '10' second(s)

2021-11-19 17:22:39 - [MESSAGE][INFO] - Smart Wait Function is triggered

2021-11-19 17:22:39 - [MESSAGE][INFO] - Found 2 web elements with id: 'Object Repository/Menu/Menu_Basligi' located by 'By.xpath: //li[@class='dropdown dropdown-large open']//li[@class='dropdown-header']' in '10' second(s)

2021-11-19 17:22:39 - [MESSAGE][INFO] - Smart Wait Function is triggered

2021-11-19 17:22:41 - [MESSAGE][PASSED] - Method.TextDegerineEsitElementinAltindakiTextDegerineEsitOlanaTikla is PASSED

2021-11-19 17:22:41 - [MESSAGE][PASSED] - Call Test Case 'Test Cases/Menu/BasligaGoreAltMenuSecimi' successfully

2021-11-19 17:22:41 - [MESSAGE][INFO] - Checking called Test Case

2021-11-19 17:22:41 - [MESSAGE][INFO] - Starting to call Test Case 'Test Cases/Tablo/Olusturma Tarihi'

2021-11-19 17:22:42 - [TEST_CASE][PASSED] - Test Cases/Tablo/Olusturma Tarihi: Test Cases/Tablo/Olusturma Tarihi

2021-11-19 17:22:42 - [TEST_STEP][PASSED] - if (verifyTextNotPresent("Görüntülenecek veri yok", true, OPTIONAL)): null

2021-11-19 17:22:42 - [MESSAGE][INFO] - Checking text present  using regular expression

2021-11-19 17:22:42 - [MESSAGE][INFO] - Smart Wait Function is triggered

2021-11-19 17:22:42 - [MESSAGE][INFO] - Finding text 'Görüntülenecek veri yok' on page  using regular expression

2021-11-19 17:22:42 - [MESSAGE][PASSED] - Text 'Görüntülenecek veri yok' is not present on page using regular expression

2021-11-19 17:22:42 - [TEST_STEP][PASSED] - click(findTestObject("Temizle/Olusturma_Tarihi_CheckBox")): Object: 'Object Repository/Temizle/Olusturma_Tarihi_CheckBox' is clicked on

2021-11-19 17:22:42 - [MESSAGE][INFO] - Finding Test Object 'Object Repository/Temizle/Olusturma_Tarihi_CheckBox'

2021-11-19 17:22:42 - [MESSAGE][INFO] - Checking object

2021-11-19 17:22:42 - [MESSAGE][INFO] - Finding web element from Test Object's properties

2021-11-19 17:22:42 - [MESSAGE][INFO] - Checking timeout

2021-11-19 17:22:42 - [MESSAGE][INFO] - Finding web element with id: 'Object Repository/Temizle/Olusturma_Tarihi_CheckBox' located by 'By.xpath: //*[@title = 'Bu sayfadaki tüm satırları Seç']' in '30' second(s)

2021-11-19 17:22:42 - [MESSAGE][INFO] - Smart Wait Function is triggered

2021-11-19 17:22:43 - [MESSAGE][INFO] - Found 1 web elements with id: 'Object Repository/Temizle/Olusturma_Tarihi_CheckBox' located by 'By.xpath: //*[@title = 'Bu sayfadaki tüm satırları Seç']' in '30' second(s)

2021-11-19 17:22:43 - [MESSAGE][INFO] - Clicking on object: 'Object Repository/Temizle/Olusturma_Tarihi_CheckBox'

2021-11-19 17:22:43 - [MESSAGE][PASSED] - Object: 'Object Repository/Temizle/Olusturma_Tarihi_CheckBox' is clicked on

2021-11-19 17:22:43 - [TEST_STEP][PASSED] - Method.TextDegerineEsitElementeTiklaEquals(findTestObject("Butonlar/Butonlar"), "Sil"): Method.TextDegerineEsitElementeTiklaEquals is PASSED

2021-11-19 17:22:43 - [MESSAGE][INFO] - Finding Test Object 'Object Repository/Butonlar/Butonlar'

2021-11-19 17:22:43 - [MESSAGE][INFO] - Checking timeout

2021-11-19 17:22:43 - [MESSAGE][INFO] - Finding web element with id: 'Object Repository/Butonlar/Butonlar' located by 'By.cssSelector: .panel.panel-default.text-center.footerPanel .btn,.btn.btn-primary.btnControls' in '10' second(s)

2021-11-19 17:22:43 - [MESSAGE][INFO] - Smart Wait Function is triggered

2021-11-19 17:22:43 - [MESSAGE][INFO] - Found 7 web elements with id: 'Object Repository/Butonlar/Butonlar' located by 'By.cssSelector: .panel.panel-default.text-center.footerPanel .btn,.btn.btn-primary.btnControls' in '10' second(s)

2021-11-19 17:22:43 - [MESSAGE][PASSED] - Method.TextDegerineEsitElementeTiklaEquals is PASSED

2021-11-19 17:22:43 - [TEST_STEP][PASSED] - Method.TextDegerineEsitElementeTikla(findTestObject("Popup/Popup_Butons"), "Evet"): Method.TextDegerineEsitElementeTikla is PASSED

2021-11-19 17:22:43 - [MESSAGE][INFO] - Finding Test Object 'Object Repository/Popup/Popup_Butons'

2021-11-19 17:22:43 - [MESSAGE][INFO] - Checking timeout

2021-11-19 17:22:43 - [MESSAGE][INFO] - Finding web element with id: 'Object Repository/Popup/Popup_Butons' located by 'By.cssSelector: .modal-footer>button' in '10' second(s)

2021-11-19 17:22:43 - [MESSAGE][INFO] - Smart Wait Function is triggered

2021-11-19 17:22:44 - [MESSAGE][INFO] - Found 2 web elements with id: 'Object Repository/Popup/Popup_Butons' located by 'By.cssSelector: .modal-footer>button' in '10' second(s)

2021-11-19 17:22:45 - [MESSAGE][PASSED] - Method.TextDegerineEsitElementeTikla is PASSED

2021-11-19 17:22:45 - [TEST_STEP][PASSED] - Method.TextDegerineEsitElementeTikla(findTestObject("Popup/Popup_Butons"), "Tamam"): Method.TextDegerineEsitElementeTikla is PASSED

2021-11-19 17:22:45 - [MESSAGE][INFO] - Finding Test Object 'Object Repository/Popup/Popup_Butons'

2021-11-19 17:22:45 - [MESSAGE][INFO] - Checking timeout

2021-11-19 17:22:45 - [MESSAGE][INFO] - Finding web element with id: 'Object Repository/Popup/Popup_Butons' located by 'By.cssSelector: .modal-footer>button' in '10' second(s)

2021-11-19 17:22:45 - [MESSAGE][INFO] - Smart Wait Function is triggered

2021-11-19 17:22:45 - [MESSAGE][INFO] - Found 1 web elements with id: 'Object Repository/Popup/Popup_Butons' located by 'By.cssSelector: .modal-footer>button' in '10' second(s)

2021-11-19 17:22:46 - [MESSAGE][PASSED] - Method.TextDegerineEsitElementeTikla is PASSED

2021-11-19 17:22:46 - [MESSAGE][PASSED] - Call Test Case 'Test Cases/Tablo/Olusturma Tarihi' successfully

2021-11-19 17:22:46 - [MESSAGE][INFO] - Checking called Test Case

2021-11-19 17:22:46 - [MESSAGE][INFO] - Starting to call Test Case 'Test Cases/Butonlar/ButonaTikla'

2021-11-19 17:22:46 - [TEST_CASE][PASSED] - Test Cases/Butonlar/ButonaTikla: Test Cases/Butonlar/ButonaTikla

2021-11-19 17:22:46 - [TEST_STEP][PASSED] - Method.TextDegerineEsitElementeTiklaEquals(findTestObject("Butonlar/Butonlar"), Buton_Adi): Method.TextDegerineEsitElementeTiklaEquals is PASSED

2021-11-19 17:22:46 - [MESSAGE][INFO] - Finding Test Object 'Object Repository/Butonlar/Butonlar'

2021-11-19 17:22:46 - [MESSAGE][INFO] - Checking timeout

2021-11-19 17:22:46 - [MESSAGE][INFO] - Finding web element with id: 'Object Repository/Butonlar/Butonlar' located by 'By.cssSelector: .panel.panel-default.text-center.footerPanel .btn,.btn.btn-primary.btnControls' in '10' second(s)

2021-11-19 17:22:46 - [MESSAGE][INFO] - Smart Wait Function is triggered

2021-11-19 17:22:46 - [MESSAGE][INFO] - Found 7 web elements with id: 'Object Repository/Butonlar/Butonlar' located by 'By.cssSelector: .panel.panel-default.text-center.footerPanel .btn,.btn.btn-primary.btnControls' in '10' second(s)

2021-11-19 17:22:46 - [MESSAGE][PASSED] - Method.TextDegerineEsitElementeTiklaEquals is PASSED

2021-11-19 17:22:46 - [MESSAGE][PASSED] - Call Test Case 'Test Cases/Butonlar/ButonaTikla' successfully

2021-11-19 17:22:46 - [MESSAGE][INFO] - Checking called Test Case

2021-11-19 17:22:46 - [MESSAGE][INFO] - Starting to call Test Case 'Test Cases/Olusturma/Genel/GorselTasarimSayfasıBasligiIceriyorMu'

2021-11-19 17:22:46 - [TEST_CASE][PASSED] - Test Cases/Olusturma/Genel/GorselTasarimSayfasıBasligiIceriyorMu: Test Cases/Olusturma/Genel/GorselTasarimSayfasıBasligiIceriyorMu

2021-11-19 17:22:46 - [TEST_STEP][PASSED] - verifyElementText(findTestObject("Object Repository/Olusturma/Genel/GorselTasarimBaslik"), Baslik): Actual text and expected text of test object 'Object Repository/Olusturma/Genel/GorselTasarimBaslik' are matched.

2021-11-19 17:22:46 - [MESSAGE][INFO] - Finding Test Object 'Object Repository/Olusturma/Genel/GorselTasarimBaslik'

2021-11-19 17:22:47 - [MESSAGE][INFO] - Checking object

2021-11-19 17:22:47 - [MESSAGE][INFO] - Finding web element from Test Object's properties

2021-11-19 17:22:47 - [MESSAGE][INFO] - Checking timeout

2021-11-19 17:22:47 - [MESSAGE][INFO] - Finding web element with id: 'Object Repository/Olusturma/Genel/GorselTasarimBaslik' located by 'By.cssSelector: #flAlici_0>div>span' in '30' second(s)

2021-11-19 17:22:47 - [MESSAGE][INFO] - Smart Wait Function is triggered

2021-11-19 17:22:49 - [MESSAGE][INFO] - Found 1 web elements with id: 'Object Repository/Olusturma/Genel/GorselTasarimBaslik' located by 'By.cssSelector: #flAlici_0>div>span' in '30' second(s)

2021-11-19 17:22:49 - [MESSAGE][PASSED] - Actual text and expected text of test object 'Object Repository/Olusturma/Genel/GorselTasarimBaslik' are matched.

2021-11-19 17:22:49 - [MESSAGE][PASSED] - Call Test Case 'Test Cases/Olusturma/Genel/GorselTasarimSayfasıBasligiIceriyorMu' successfully

2021-11-19 17:22:49 - [MESSAGE][INFO] - Checking called Test Case

2021-11-19 17:22:49 - [MESSAGE][INFO] - Starting to call Test Case 'Test Cases/Olusturma/Genel/AliciSecilir'

2021-11-19 17:22:49 - [TEST_CASE][PASSED] - Test Cases/Olusturma/Genel/AliciSecilir: Test Cases/Olusturma/Genel/AliciSecilir

2021-11-19 17:22:49 - [TEST_STEP][PASSED] - click(findTestObject("Olusturma/Genel/AliciBilgisi/Alici_Ara")): Object: 'Object Repository/Olusturma/Genel/AliciBilgisi/Alici_Ara' is clicked on

2021-11-19 17:22:49 - [MESSAGE][INFO] - Finding Test Object 'Object Repository/Olusturma/Genel/AliciBilgisi/Alici_Ara'

2021-11-19 17:22:49 - [MESSAGE][INFO] - Checking object

2021-11-19 17:22:49 - [MESSAGE][INFO] - Finding web element from Test Object's properties

2021-11-19 17:22:49 - [MESSAGE][INFO] - Checking timeout

2021-11-19 17:22:49 - [MESSAGE][INFO] - Finding web element with id: 'Object Repository/Olusturma/Genel/AliciBilgisi/Alici_Ara' located by 'By.xpath: //td[@id='txtCustomerText_B-1']' in '30' second(s)

2021-11-19 17:22:49 - [MESSAGE][INFO] - Smart Wait Function is triggered

2021-11-19 17:22:49 - [MESSAGE][INFO] - Found 1 web elements with id: 'Object Repository/Olusturma/Genel/AliciBilgisi/Alici_Ara' located by 'By.xpath: //td[@id='txtCustomerText_B-1']' in '30' second(s)

2021-11-19 17:22:49 - [MESSAGE][INFO] - Clicking on object: 'Object Repository/Olusturma/Genel/AliciBilgisi/Alici_Ara'

2021-11-19 17:22:49 - [MESSAGE][PASSED] - Object: 'Object Repository/Olusturma/Genel/AliciBilgisi/Alici_Ara' is clicked on

2021-11-19 17:22:49 - [TEST_STEP][PASSED] - click(findTestObject("Olusturma/Genel/AliciBilgisi/Alici_Bilgisi")): Object: 'Object Repository/Olusturma/Genel/AliciBilgisi/Alici_Bilgisi' is clicked on

2021-11-19 17:22:49 - [MESSAGE][INFO] - Finding Test Object 'Object Repository/Olusturma/Genel/AliciBilgisi/Alici_Bilgisi'

2021-11-19 17:22:50 - [MESSAGE][INFO] - Checking object

2021-11-19 17:22:50 - [MESSAGE][INFO] - Finding web element from Test Object's properties

2021-11-19 17:22:50 - [MESSAGE][INFO] - Checking timeout

2021-11-19 17:22:50 - [MESSAGE][INFO] - Finding web element with id: 'Object Repository/Olusturma/Genel/AliciBilgisi/Alici_Bilgisi' located by 'By.xpath: //iframe[@id='customerselectiframe']' in '30' second(s)

2021-11-19 17:22:50 - [MESSAGE][INFO] - Smart Wait Function is triggered

2021-11-19 17:22:50 - [MESSAGE][INFO] - Found 1 web elements with id: 'Object Repository/Olusturma/Genel/AliciBilgisi/Alici_Bilgisi' located by 'By.xpath: //iframe[@id='customerselectiframe']' in '30' second(s)

2021-11-19 17:22:50 - [MESSAGE][INFO] - Clicking on object: 'Object Repository/Olusturma/Genel/AliciBilgisi/Alici_Bilgisi'

2021-11-19 17:22:50 - [MESSAGE][PASSED] - Object: 'Object Repository/Olusturma/Genel/AliciBilgisi/Alici_Bilgisi' is clicked on

2021-11-19 17:22:50 - [TEST_STEP][PASSED] - setText(findTestObject("Olusturma/Genel/AliciBilgisi/Alici_Gir"), Alici_Adi): Switching to default content

2021-11-19 17:22:50 - [MESSAGE][INFO] - Finding Test Object 'Object Repository/Olusturma/Genel/AliciBilgisi/Alici_Gir'

2021-11-19 17:22:50 - [MESSAGE][INFO] - Finding Test Object 'Object Repository/Olusturma/Genel/AliciBilgisi/Alici_Bilgisi'

2021-11-19 17:22:50 - [MESSAGE][INFO] - Checking object

2021-11-19 17:22:50 - [MESSAGE][INFO] - Checking text

2021-11-19 17:22:50 - [MESSAGE][INFO] - Object: 'Object Repository/Olusturma/Genel/AliciBilgisi/Alici_Gir' has parent object(s)

2021-11-19 17:22:50 - [MESSAGE][INFO] - Switching to iframe: 'Object Repository/Olusturma/Genel/AliciBilgisi/Alici_Bilgisi'

2021-11-19 17:22:50 - [MESSAGE][INFO] - Finding web element from Test Object's properties

2021-11-19 17:22:50 - [MESSAGE][INFO] - Checking timeout

2021-11-19 17:22:50 - [MESSAGE][INFO] - Finding web element with id: 'Object Repository/Olusturma/Genel/AliciBilgisi/Alici_Bilgisi' located by 'By.xpath: //iframe[@id='customerselectiframe']' in '30' second(s)

2021-11-19 17:22:50 - [MESSAGE][INFO] - Smart Wait Function is triggered

2021-11-19 17:22:50 - [MESSAGE][INFO] - Found 1 web elements with id: 'Object Repository/Olusturma/Genel/AliciBilgisi/Alici_Bilgisi' located by 'By.xpath: //iframe[@id='customerselectiframe']' in '30' second(s)

2021-11-19 17:22:50 - [MESSAGE][INFO] - Switched to iframe: 'Object Repository/Olusturma/Genel/AliciBilgisi/Alici_Bilgisi'

2021-11-19 17:22:50 - [MESSAGE][INFO] - Finding web element from Test Object's properties

2021-11-19 17:22:50 - [MESSAGE][INFO] - Checking timeout

2021-11-19 17:22:50 - [MESSAGE][INFO] - Finding web element with id: 'Object Repository/Olusturma/Genel/AliciBilgisi/Alici_Gir' located by 'By.xpath: //input[@id='GridViewCustomer_DXFREditorcol1_I']' in '30' second(s)

2021-11-19 17:22:50 - [MESSAGE][INFO] - Smart Wait Function is triggered

2021-11-19 17:22:50 - [MESSAGE][INFO] - Found 1 web elements with id: 'Object Repository/Olusturma/Genel/AliciBilgisi/Alici_Gir' located by 'By.xpath: //input[@id='GridViewCustomer_DXFREditorcol1_I']' in '30' second(s)

2021-11-19 17:22:50 - [MESSAGE][INFO] - Clearing text of object 'Object Repository/Olusturma/Genel/AliciBilgisi/Alici_Gir'

2021-11-19 17:22:50 - [MESSAGE][INFO] - Finding web element from Test Object's properties

2021-11-19 17:22:50 - [MESSAGE][INFO] - Checking timeout

2021-11-19 17:22:50 - [MESSAGE][INFO] - Finding web element with id: 'Object Repository/Olusturma/Genel/AliciBilgisi/Alici_Gir' located by 'By.xpath: //input[@id='GridViewCustomer_DXFREditorcol1_I']' in '30' second(s)

2021-11-19 17:22:50 - [MESSAGE][INFO] - Smart Wait Function is triggered

2021-11-19 17:22:50 - [MESSAGE][INFO] - Found 1 web elements with id: 'Object Repository/Olusturma/Genel/AliciBilgisi/Alici_Gir' located by 'By.xpath: //input[@id='GridViewCustomer_DXFREditorcol1_I']' in '30' second(s)

2021-11-19 17:22:50 - [MESSAGE][INFO] - Setting text of object 'Object Repository/Olusturma/Genel/AliciBilgisi/Alici_Gir' to value 'VirgosolSerbestMeslekVKN'

2021-11-19 17:22:51 - [MESSAGE][PASSED] - Text 'VirgosolSerbestMeslekVKN' is set on object 'Object Repository/Olusturma/Genel/AliciBilgisi/Alici_Gir'

2021-11-19 17:22:51 - [MESSAGE][INFO] - Switching to default content

2021-11-19 17:22:51 - [TEST_STEP][PASSED] - waitForElementClickable(findTestObject("Olusturma/Genel/AliciBilgisi/Alici_Adi"), 10): Switching to default content

2021-11-19 17:22:51 - [MESSAGE][INFO] - Finding Test Object 'Object Repository/Olusturma/Genel/AliciBilgisi/Alici_Adi'

2021-11-19 17:22:51 - [MESSAGE][INFO] - Finding Test Object 'Object Repository/Olusturma/Genel/AliciBilgisi/iframe_Alc Bilgisi_customerselectiframe'

2021-11-19 17:22:51 - [MESSAGE][INFO] - Checking object

2021-11-19 17:22:51 - [MESSAGE][INFO] - Checking timeout

2021-11-19 17:22:51 - [MESSAGE][INFO] - Object: 'Object Repository/Olusturma/Genel/AliciBilgisi/Alici_Adi' has parent object(s)

2021-11-19 17:22:51 - [MESSAGE][INFO] - Switching to iframe: 'Object Repository/Olusturma/Genel/AliciBilgisi/iframe_Alc Bilgisi_customerselectiframe'

2021-11-19 17:22:51 - [MESSAGE][INFO] - Finding web element from Test Object's properties

2021-11-19 17:22:51 - [MESSAGE][INFO] - Checking timeout

2021-11-19 17:22:51 - [MESSAGE][INFO] - Finding web element with id: 'Object Repository/Olusturma/Genel/AliciBilgisi/iframe_Alc Bilgisi_customerselectiframe' located by 'By.xpath: //iframe[@id='customerselectiframe']' in '10' second(s)

2021-11-19 17:22:51 - [MESSAGE][INFO] - Smart Wait Function is triggered

2021-11-19 17:22:51 - [MESSAGE][INFO] - Found 1 web elements with id: 'Object Repository/Olusturma/Genel/AliciBilgisi/iframe_Alc Bilgisi_customerselectiframe' located by 'By.xpath: //iframe[@id='customerselectiframe']' in '10' second(s)

2021-11-19 17:22:51 - [MESSAGE][INFO] - Switched to iframe: 'Object Repository/Olusturma/Genel/AliciBilgisi/iframe_Alc Bilgisi_customerselectiframe'

2021-11-19 17:22:51 - [MESSAGE][INFO] - Finding web element from Test Object's properties

2021-11-19 17:22:51 - [MESSAGE][INFO] - Checking timeout

2021-11-19 17:22:51 - [MESSAGE][INFO] - Finding web element with id: 'Object Repository/Olusturma/Genel/AliciBilgisi/Alici_Adi' located by 'By.xpath: //tr[@id='GridViewCustomer_DXDataRow0']/td[2]' in '10' second(s)

2021-11-19 17:22:51 - [MESSAGE][INFO] - Smart Wait Function is triggered

2021-11-19 17:22:51 - [MESSAGE][INFO] - Found 1 web elements with id: 'Object Repository/Olusturma/Genel/AliciBilgisi/Alici_Adi' located by 'By.xpath: //tr[@id='GridViewCustomer_DXDataRow0']/td[2]' in '10' second(s)

2021-11-19 17:22:51 - [MESSAGE][PASSED] - Object 'Object Repository/Olusturma/Genel/AliciBilgisi/Alici_Adi' is clickable

2021-11-19 17:22:51 - [MESSAGE][INFO] - Switching to default content

2021-11-19 17:22:51 - [TEST_STEP][PASSED] - click(findTestObject("Olusturma/Genel/AliciBilgisi/frame")): Switching to default content

2021-11-19 17:22:51 - [MESSAGE][INFO] - Finding Test Object 'Object Repository/Olusturma/Genel/AliciBilgisi/frame'

2021-11-19 17:22:51 - [MESSAGE][INFO] - Finding Test Object 'Object Repository/Olusturma/Genel/AliciBilgisi/iframe_Alc Bilgisi_customerselectiframe'

2021-11-19 17:22:51 - [MESSAGE][INFO] - Checking object

2021-11-19 17:22:51 - [MESSAGE][INFO] - Object: 'Object Repository/Olusturma/Genel/AliciBilgisi/frame' has parent object(s)

2021-11-19 17:22:51 - [MESSAGE][INFO] - Switching to iframe: 'Object Repository/Olusturma/Genel/AliciBilgisi/iframe_Alc Bilgisi_customerselectiframe'

2021-11-19 17:22:51 - [MESSAGE][INFO] - Finding web element from Test Object's properties

2021-11-19 17:22:51 - [MESSAGE][INFO] - Checking timeout

2021-11-19 17:22:51 - [MESSAGE][INFO] - Finding web element with id: 'Object Repository/Olusturma/Genel/AliciBilgisi/iframe_Alc Bilgisi_customerselectiframe' located by 'By.xpath: //iframe[@id='customerselectiframe']' in '30' second(s)

2021-11-19 17:22:51 - [MESSAGE][INFO] - Smart Wait Function is triggered

2021-11-19 17:22:52 - [MESSAGE][INFO] - Found 1 web elements with id: 'Object Repository/Olusturma/Genel/AliciBilgisi/iframe_Alc Bilgisi_customerselectiframe' located by 'By.xpath: //iframe[@id='customerselectiframe']' in '30' second(s)

2021-11-19 17:22:52 - [MESSAGE][INFO] - Switched to iframe: 'Object Repository/Olusturma/Genel/AliciBilgisi/iframe_Alc Bilgisi_customerselectiframe'

2021-11-19 17:22:52 - [MESSAGE][INFO] - Finding web element from Test Object's properties

2021-11-19 17:22:52 - [MESSAGE][INFO] - Checking timeout

2021-11-19 17:22:52 - [MESSAGE][INFO] - Finding web element with id: 'Object Repository/Olusturma/Genel/AliciBilgisi/frame' located by 'By.xpath: //*/text()[normalize-space(.)='']/parent::*' in '30' second(s)

2021-11-19 17:22:52 - [MESSAGE][INFO] - Smart Wait Function is triggered

2021-11-19 17:22:52 - [MESSAGE][INFO] - Found 73 web elements with id: 'Object Repository/Olusturma/Genel/AliciBilgisi/frame' located by 'By.xpath: //*/text()[normalize-space(.)='']/parent::*' in '30' second(s)

2021-11-19 17:22:52 - [MESSAGE][INFO] - Clicking on object: 'Object Repository/Olusturma/Genel/AliciBilgisi/frame'

2021-11-19 17:22:52 - [MESSAGE][PASSED] - Object: 'Object Repository/Olusturma/Genel/AliciBilgisi/frame' is clicked on

2021-11-19 17:22:52 - [MESSAGE][INFO] - Switching to default content

2021-11-19 17:22:52 - [TEST_STEP][PASSED] - click(findTestObject("Olusturma/Genel/AliciBilgisi/Alici_Adi")): Switching to default content

2021-11-19 17:22:52 - [MESSAGE][INFO] - Finding Test Object 'Object Repository/Olusturma/Genel/AliciBilgisi/Alici_Adi'

2021-11-19 17:22:52 - [MESSAGE][INFO] - Finding Test Object 'Object Repository/Olusturma/Genel/AliciBilgisi/iframe_Alc Bilgisi_customerselectiframe'

2021-11-19 17:22:52 - [MESSAGE][INFO] - Checking object

2021-11-19 17:22:52 - [MESSAGE][INFO] - Object: 'Object Repository/Olusturma/Genel/AliciBilgisi/Alici_Adi' has parent object(s)

2021-11-19 17:22:52 - [MESSAGE][INFO] - Switching to iframe: 'Object Repository/Olusturma/Genel/AliciBilgisi/iframe_Alc Bilgisi_customerselectiframe'

2021-11-19 17:22:52 - [MESSAGE][INFO] - Finding web element from Test Object's properties

2021-11-19 17:22:52 - [MESSAGE][INFO] - Checking timeout

2021-11-19 17:22:52 - [MESSAGE][INFO] - Finding web element with id: 'Object Repository/Olusturma/Genel/AliciBilgisi/iframe_Alc Bilgisi_customerselectiframe' located by 'By.xpath: //iframe[@id='customerselectiframe']' in '30' second(s)

2021-11-19 17:22:52 - [MESSAGE][INFO] - Smart Wait Function is triggered

2021-11-19 17:22:52 - [MESSAGE][INFO] - Found 1 web elements with id: 'Object Repository/Olusturma/Genel/AliciBilgisi/iframe_Alc Bilgisi_customerselectiframe' located by 'By.xpath: //iframe[@id='customerselectiframe']' in '30' second(s)

2021-11-19 17:22:52 - [MESSAGE][INFO] - Switched to iframe: 'Object Repository/Olusturma/Genel/AliciBilgisi/iframe_Alc Bilgisi_customerselectiframe'

2021-11-19 17:22:52 - [MESSAGE][INFO] - Finding web element from Test Object's properties

2021-11-19 17:22:52 - [MESSAGE][INFO] - Checking timeout

2021-11-19 17:22:52 - [MESSAGE][INFO] - Finding web element with id: 'Object Repository/Olusturma/Genel/AliciBilgisi/Alici_Adi' located by 'By.xpath: //tr[@id='GridViewCustomer_DXDataRow0']/td[2]' in '30' second(s)

2021-11-19 17:22:52 - [MESSAGE][INFO] - Smart Wait Function is triggered

2021-11-19 17:22:52 - [MESSAGE][INFO] - Found 1 web elements with id: 'Object Repository/Olusturma/Genel/AliciBilgisi/Alici_Adi' located by 'By.xpath: //tr[@id='GridViewCustomer_DXDataRow0']/td[2]' in '30' second(s)

2021-11-19 17:22:52 - [MESSAGE][INFO] - Clicking on object: 'Object Repository/Olusturma/Genel/AliciBilgisi/Alici_Adi'

2021-11-19 17:22:52 - [MESSAGE][PASSED] - Object: 'Object Repository/Olusturma/Genel/AliciBilgisi/Alici_Adi' is clicked on

2021-11-19 17:22:52 - [MESSAGE][INFO] - Switching to default content

2021-11-19 17:22:52 - [TEST_STEP][PASSED] - click(findTestObject("Olusturma/Genel/AliciBilgisi/Tamam_Bosluk")): Switching to default content

2021-11-19 17:22:52 - [MESSAGE][INFO] - Finding Test Object 'Object Repository/Olusturma/Genel/AliciBilgisi/Tamam_Bosluk'

2021-11-19 17:22:52 - [MESSAGE][INFO] - Finding Test Object 'Object Repository/Olusturma/Genel/AliciBilgisi/Alici_Bilgisi'

2021-11-19 17:22:52 - [MESSAGE][INFO] - Checking object

2021-11-19 17:22:52 - [MESSAGE][INFO] - Object: 'Object Repository/Olusturma/Genel/AliciBilgisi/Tamam_Bosluk' has parent object(s)

2021-11-19 17:22:52 - [MESSAGE][INFO] - Switching to iframe: 'Object Repository/Olusturma/Genel/AliciBilgisi/Alici_Bilgisi'

2021-11-19 17:22:52 - [MESSAGE][INFO] - Finding web element from Test Object's properties

2021-11-19 17:22:52 - [MESSAGE][INFO] - Checking timeout

2021-11-19 17:22:52 - [MESSAGE][INFO] - Finding web element with id: 'Object Repository/Olusturma/Genel/AliciBilgisi/Alici_Bilgisi' located by 'By.xpath: //iframe[@id='customerselectiframe']' in '30' second(s)

2021-11-19 17:22:52 - [MESSAGE][INFO] - Smart Wait Function is triggered

2021-11-19 17:22:53 - [MESSAGE][INFO] - Found 1 web elements with id: 'Object Repository/Olusturma/Genel/AliciBilgisi/Alici_Bilgisi' located by 'By.xpath: //iframe[@id='customerselectiframe']' in '30' second(s)

2021-11-19 17:22:53 - [MESSAGE][INFO] - Switched to iframe: 'Object Repository/Olusturma/Genel/AliciBilgisi/Alici_Bilgisi'

2021-11-19 17:22:53 - [MESSAGE][INFO] - Finding web element from Test Object's properties

2021-11-19 17:22:53 - [MESSAGE][INFO] - Checking timeout

2021-11-19 17:22:53 - [MESSAGE][INFO] - Finding web element with id: 'Object Repository/Olusturma/Genel/AliciBilgisi/Tamam_Bosluk' located by 'By.xpath: (.//*[normalize-space(text()) and normalize-space(.)='Sayfa Boyutu:'])[1]/following::div[7]' in '30' second(s)

2021-11-19 17:22:53 - [MESSAGE][INFO] - Smart Wait Function is triggered

2021-11-19 17:22:53 - [MESSAGE][INFO] - Found 1 web elements with id: 'Object Repository/Olusturma/Genel/AliciBilgisi/Tamam_Bosluk' located by 'By.xpath: (.//*[normalize-space(text()) and normalize-space(.)='Sayfa Boyutu:'])[1]/following::div[7]' in '30' second(s)

2021-11-19 17:22:53 - [MESSAGE][INFO] - Clicking on object: 'Object Repository/Olusturma/Genel/AliciBilgisi/Tamam_Bosluk'

2021-11-19 17:22:53 - [MESSAGE][PASSED] - Object: 'Object Repository/Olusturma/Genel/AliciBilgisi/Tamam_Bosluk' is clicked on

2021-11-19 17:22:53 - [MESSAGE][INFO] - Switching to default content

2021-11-19 17:22:53 - [TEST_STEP][PASSED] - waitForElementClickable(findTestObject("Olusturma/Genel/AliciBilgisi/Tamam_Butonu"), 10): Switching to default content

2021-11-19 17:22:53 - [MESSAGE][INFO] - Finding Test Object 'Object Repository/Olusturma/Genel/AliciBilgisi/Tamam_Butonu'

2021-11-19 17:22:53 - [MESSAGE][INFO] - Finding Test Object 'Object Repository/Olusturma/Genel/AliciBilgisi/Alici_Bilgisi'

2021-11-19 17:22:53 - [MESSAGE][INFO] - Checking object

2021-11-19 17:22:53 - [MESSAGE][INFO] - Checking timeout

2021-11-19 17:22:53 - [MESSAGE][INFO] - Object: 'Object Repository/Olusturma/Genel/AliciBilgisi/Tamam_Butonu' has parent object(s)

2021-11-19 17:22:53 - [MESSAGE][INFO] - Switching to iframe: 'Object Repository/Olusturma/Genel/AliciBilgisi/Alici_Bilgisi'

2021-11-19 17:22:53 - [MESSAGE][INFO] - Finding web element from Test Object's properties

2021-11-19 17:22:53 - [MESSAGE][INFO] - Checking timeout

2021-11-19 17:22:53 - [MESSAGE][INFO] - Finding web element with id: 'Object Repository/Olusturma/Genel/AliciBilgisi/Alici_Bilgisi' located by 'By.xpath: //iframe[@id='customerselectiframe']' in '10' second(s)

2021-11-19 17:22:53 - [MESSAGE][INFO] - Smart Wait Function is triggered

2021-11-19 17:22:53 - [MESSAGE][INFO] - Found 1 web elements with id: 'Object Repository/Olusturma/Genel/AliciBilgisi/Alici_Bilgisi' located by 'By.xpath: //iframe[@id='customerselectiframe']' in '10' second(s)

2021-11-19 17:22:53 - [MESSAGE][INFO] - Switched to iframe: 'Object Repository/Olusturma/Genel/AliciBilgisi/Alici_Bilgisi'

2021-11-19 17:22:53 - [MESSAGE][INFO] - Finding web element from Test Object's properties

2021-11-19 17:22:53 - [MESSAGE][INFO] - Checking timeout

2021-11-19 17:22:53 - [MESSAGE][INFO] - Finding web element with id: 'Object Repository/Olusturma/Genel/AliciBilgisi/Tamam_Butonu' located by 'By.xpath: //div[@id='btnSelectCustomer_CD']/span' in '10' second(s)

2021-11-19 17:22:53 - [MESSAGE][INFO] - Smart Wait Function is triggered

2021-11-19 17:22:53 - [MESSAGE][INFO] - Found 1 web elements with id: 'Object Repository/Olusturma/Genel/AliciBilgisi/Tamam_Butonu' located by 'By.xpath: //div[@id='btnSelectCustomer_CD']/span' in '10' second(s)

2021-11-19 17:22:53 - [MESSAGE][PASSED] - Object 'Object Repository/Olusturma/Genel/AliciBilgisi/Tamam_Butonu' is clickable

2021-11-19 17:22:53 - [MESSAGE][INFO] - Switching to default content

2021-11-19 17:22:53 - [TEST_STEP][PASSED] - click(findTestObject("Olusturma/Genel/AliciBilgisi/Tamam_Butonu")): Switching to default content

2021-11-19 17:22:53 - [MESSAGE][INFO] - Finding Test Object 'Object Repository/Olusturma/Genel/AliciBilgisi/Tamam_Butonu'

2021-11-19 17:22:54 - [MESSAGE][INFO] - Finding Test Object 'Object Repository/Olusturma/Genel/AliciBilgisi/Alici_Bilgisi'

2021-11-19 17:22:54 - [MESSAGE][INFO] - Checking object

2021-11-19 17:22:54 - [MESSAGE][INFO] - Object: 'Object Repository/Olusturma/Genel/AliciBilgisi/Tamam_Butonu' has parent object(s)

2021-11-19 17:22:54 - [MESSAGE][INFO] - Switching to iframe: 'Object Repository/Olusturma/Genel/AliciBilgisi/Alici_Bilgisi'

2021-11-19 17:22:54 - [MESSAGE][INFO] - Finding web element from Test Object's properties

2021-11-19 17:22:54 - [MESSAGE][INFO] - Checking timeout

2021-11-19 17:22:54 - [MESSAGE][INFO] - Finding web element with id: 'Object Repository/Olusturma/Genel/AliciBilgisi/Alici_Bilgisi' located by 'By.xpath: //iframe[@id='customerselectiframe']' in '30' second(s)

2021-11-19 17:22:54 - [MESSAGE][INFO] - Smart Wait Function is triggered

2021-11-19 17:22:54 - [MESSAGE][INFO] - Found 1 web elements with id: 'Object Repository/Olusturma/Genel/AliciBilgisi/Alici_Bilgisi' located by 'By.xpath: //iframe[@id='customerselectiframe']' in '30' second(s)

2021-11-19 17:22:54 - [MESSAGE][INFO] - Switched to iframe: 'Object Repository/Olusturma/Genel/AliciBilgisi/Alici_Bilgisi'

2021-11-19 17:22:54 - [MESSAGE][INFO] - Finding web element from Test Object's properties

2021-11-19 17:22:54 - [MESSAGE][INFO] - Checking timeout

2021-11-19 17:22:54 - [MESSAGE][INFO] - Finding web element with id: 'Object Repository/Olusturma/Genel/AliciBilgisi/Tamam_Butonu' located by 'By.xpath: //div[@id='btnSelectCustomer_CD']/span' in '30' second(s)

2021-11-19 17:22:54 - [MESSAGE][INFO] - Smart Wait Function is triggered

2021-11-19 17:22:54 - [MESSAGE][INFO] - Found 1 web elements with id: 'Object Repository/Olusturma/Genel/AliciBilgisi/Tamam_Butonu' located by 'By.xpath: //div[@id='btnSelectCustomer_CD']/span' in '30' second(s)

2021-11-19 17:22:54 - [MESSAGE][INFO] - Clicking on object: 'Object Repository/Olusturma/Genel/AliciBilgisi/Tamam_Butonu'

2021-11-19 17:22:54 - [MESSAGE][PASSED] - Object: 'Object Repository/Olusturma/Genel/AliciBilgisi/Tamam_Butonu' is clicked on

2021-11-19 17:22:54 - [MESSAGE][INFO] - Switching to default content

2021-11-19 17:22:54 - [TEST_STEP][PASSED] - waitForElementPresent(findTestObject("Olusturma/Genel/AliciBilgisi/VKN-TCKN"), 10): Object 'Object Repository/Olusturma/Genel/AliciBilgisi/VKN-TCKN' is present

2021-11-19 17:22:54 - [MESSAGE][INFO] - Finding Test Object 'Object Repository/Olusturma/Genel/AliciBilgisi/VKN-TCKN'

2021-11-19 17:22:54 - [MESSAGE][INFO] - Checking object

2021-11-19 17:22:54 - [MESSAGE][INFO] - Finding web element from Test Object's properties

2021-11-19 17:22:54 - [MESSAGE][INFO] - Checking timeout

2021-11-19 17:22:54 - [MESSAGE][INFO] - Finding web element with id: 'Object Repository/Olusturma/Genel/AliciBilgisi/VKN-TCKN' located by 'By.xpath: //*[@id = 'txtVknTckn_I']' in '10' second(s)

2021-11-19 17:22:54 - [MESSAGE][INFO] - Smart Wait Function is triggered

2021-11-19 17:22:55 - [MESSAGE][INFO] - Found 1 web elements with id: 'Object Repository/Olusturma/Genel/AliciBilgisi/VKN-TCKN' located by 'By.xpath: //*[@id = 'txtVknTckn_I']' in '10' second(s)

2021-11-19 17:22:55 - [MESSAGE][PASSED] - Object 'Object Repository/Olusturma/Genel/AliciBilgisi/VKN-TCKN' is present

2021-11-19 17:22:55 - [TEST_STEP][PASSED] - text = getAttribute(findTestObject("Olusturma/Genel/AliciBilgisi/VKN-TCKN"), "value"): Attribute 'value' of object 'Object Repository/Olusturma/Genel/AliciBilgisi/VKN-TCKN' is: '6090408038'

2021-11-19 17:22:55 - [MESSAGE][INFO] - Finding Test Object 'Object Repository/Olusturma/Genel/AliciBilgisi/VKN-TCKN'

2021-11-19 17:22:55 - [MESSAGE][INFO] - Checking object

2021-11-19 17:22:55 - [MESSAGE][INFO] - Checking attribute

2021-11-19 17:22:55 - [MESSAGE][INFO] - Finding web element from Test Object's properties

2021-11-19 17:22:55 - [MESSAGE][INFO] - Checking timeout

2021-11-19 17:22:55 - [MESSAGE][INFO] - Finding web element with id: 'Object Repository/Olusturma/Genel/AliciBilgisi/VKN-TCKN' located by 'By.xpath: //*[@id = 'txtVknTckn_I']' in '30' second(s)

2021-11-19 17:22:55 - [MESSAGE][INFO] - Smart Wait Function is triggered

2021-11-19 17:22:55 - [MESSAGE][INFO] - Found 1 web elements with id: 'Object Repository/Olusturma/Genel/AliciBilgisi/VKN-TCKN' located by 'By.xpath: //*[@id = 'txtVknTckn_I']' in '30' second(s)

2021-11-19 17:22:55 - [MESSAGE][INFO] - Getting attribute 'value' of object 'Object Repository/Olusturma/Genel/AliciBilgisi/VKN-TCKN'

2021-11-19 17:22:55 - [MESSAGE][PASSED] - Attribute 'value' of object 'Object Repository/Olusturma/Genel/AliciBilgisi/VKN-TCKN' is: '6090408038'

2021-11-19 17:22:55 - [TEST_STEP][PASSED] - if (text.equals("")): null

2021-11-19 17:22:55 - [MESSAGE][PASSED] - Call Test Case 'Test Cases/Olusturma/Genel/AliciSecilir' successfully

2021-11-19 17:22:55 - [MESSAGE][INFO] - Checking called Test Case

2021-11-19 17:22:55 - [MESSAGE][INFO] - Starting to call Test Case 'Test Cases/Olusturma/Genel/GonderimSekliSecilir'

2021-11-19 17:22:55 - [TEST_CASE][PASSED] - Test Cases/Olusturma/Genel/GonderimSekliSecilir: Test Cases/Olusturma/Genel/GonderimSekliSecilir

2021-11-19 17:22:55 - [TEST_STEP][PASSED] - waitForElementClickable(findTestObject("Object Repository/Olusturma/Genel/GonderimSekli/GonderimSekli"), 10): Object 'Object Repository/Olusturma/Genel/GonderimSekli/GonderimSekli' is clickable

2021-11-19 17:22:55 - [MESSAGE][INFO] - Finding Test Object 'Object Repository/Olusturma/Genel/GonderimSekli/GonderimSekli'

2021-11-19 17:22:56 - [MESSAGE][INFO] - Checking object

2021-11-19 17:22:56 - [MESSAGE][INFO] - Checking timeout

2021-11-19 17:22:56 - [MESSAGE][INFO] - Finding web element from Test Object's properties

2021-11-19 17:22:56 - [MESSAGE][INFO] - Checking timeout

2021-11-19 17:22:56 - [MESSAGE][INFO] - Finding web element with id: 'Object Repository/Olusturma/Genel/GonderimSekli/GonderimSekli' located by 'By.xpath: //*[@id = 'txtGonderimSekil_I']' in '10' second(s)

2021-11-19 17:22:56 - [MESSAGE][INFO] - Smart Wait Function is triggered

2021-11-19 17:22:56 - [MESSAGE][INFO] - Found 1 web elements with id: 'Object Repository/Olusturma/Genel/GonderimSekli/GonderimSekli' located by 'By.xpath: //*[@id = 'txtGonderimSekil_I']' in '10' second(s)

2021-11-19 17:22:56 - [MESSAGE][PASSED] - Object 'Object Repository/Olusturma/Genel/GonderimSekli/GonderimSekli' is clickable

2021-11-19 17:22:56 - [TEST_STEP][PASSED] - click(findTestObject("Object Repository/Olusturma/Genel/GonderimSekli/GonderimSekli")): Object: 'Object Repository/Olusturma/Genel/GonderimSekli/GonderimSekli' is clicked on

2021-11-19 17:22:56 - [MESSAGE][INFO] - Finding Test Object 'Object Repository/Olusturma/Genel/GonderimSekli/GonderimSekli'

2021-11-19 17:22:56 - [MESSAGE][INFO] - Checking object

2021-11-19 17:22:56 - [MESSAGE][INFO] - Finding web element from Test Object's properties

2021-11-19 17:22:56 - [MESSAGE][INFO] - Checking timeout

2021-11-19 17:22:56 - [MESSAGE][INFO] - Finding web element with id: 'Object Repository/Olusturma/Genel/GonderimSekli/GonderimSekli' located by 'By.xpath: //*[@id = 'txtGonderimSekil_I']' in '30' second(s)

2021-11-19 17:22:56 - [MESSAGE][INFO] - Smart Wait Function is triggered

2021-11-19 17:22:56 - [MESSAGE][INFO] - Found 1 web elements with id: 'Object Repository/Olusturma/Genel/GonderimSekli/GonderimSekli' located by 'By.xpath: //*[@id = 'txtGonderimSekil_I']' in '30' second(s)

2021-11-19 17:22:56 - [MESSAGE][INFO] - Clicking on object: 'Object Repository/Olusturma/Genel/GonderimSekli/GonderimSekli'

2021-11-19 17:22:56 - [MESSAGE][PASSED] - Object: 'Object Repository/Olusturma/Genel/GonderimSekli/GonderimSekli' is clicked on

2021-11-19 17:22:56 - [TEST_STEP][PASSED] - Method.TextDegerineEsitElementeTikla(findTestObject("Object Repository/Olusturma/Genel/GonderimSekli/GonderimSekliAdi"), GonderimSekli): Method.TextDegerineEsitElementeTikla is PASSED

2021-11-19 17:22:56 - [MESSAGE][INFO] - Finding Test Object 'Object Repository/Olusturma/Genel/GonderimSekli/GonderimSekliAdi'

2021-11-19 17:22:57 - [MESSAGE][INFO] - Checking timeout

2021-11-19 17:22:57 - [MESSAGE][INFO] - Finding web element with id: 'Object Repository/Olusturma/Genel/GonderimSekli/GonderimSekliAdi' located by 'By.cssSelector: #txtGonderimSekil_DDD_L_LBT td' in '10' second(s)

2021-11-19 17:22:57 - [MESSAGE][INFO] - Smart Wait Function is triggered

2021-11-19 17:22:57 - [MESSAGE][INFO] - Found 2 web elements with id: 'Object Repository/Olusturma/Genel/GonderimSekli/GonderimSekliAdi' located by 'By.cssSelector: #txtGonderimSekil_DDD_L_LBT td' in '10' second(s)

2021-11-19 17:22:57 - [MESSAGE][PASSED] - Method.TextDegerineEsitElementeTikla is PASSED

2021-11-19 17:22:57 - [MESSAGE][PASSED] - Call Test Case 'Test Cases/Olusturma/Genel/GonderimSekliSecilir' successfully

2021-11-19 17:22:57 - [MESSAGE][INFO] - Checking called Test Case

2021-11-19 17:22:57 - [MESSAGE][INFO] - Starting to call Test Case 'Test Cases/Olusturma/Genel/DokumanParaBirimiSecilir'

2021-11-19 17:22:57 - [TEST_CASE][PASSED] - Test Cases/Olusturma/Genel/DokumanParaBirimiSecilir: Test Cases/Olusturma/Genel/DokumanParaBirimiSecilir

2021-11-19 17:22:57 - [TEST_STEP][PASSED] - waitForElementClickable(findTestObject("Object Repository/Olusturma/Genel/DokumanParaBirimiSecilir/Para"), 10): Object 'Object Repository/Olusturma/Genel/DokumanParaBirimiSecilir/Para' is clickable

2021-11-19 17:22:57 - [MESSAGE][INFO] - Finding Test Object 'Object Repository/Olusturma/Genel/DokumanParaBirimiSecilir/Para'

2021-11-19 17:22:57 - [MESSAGE][INFO] - Checking object

2021-11-19 17:22:57 - [MESSAGE][INFO] - Checking timeout

2021-11-19 17:22:57 - [MESSAGE][INFO] - Finding web element from Test Object's properties

2021-11-19 17:22:57 - [MESSAGE][INFO] - Checking timeout

2021-11-19 17:22:57 - [MESSAGE][INFO] - Finding web element with id: 'Object Repository/Olusturma/Genel/DokumanParaBirimiSecilir/Para' located by 'By.xpath: //*[@id = 'CurrencyUnit_I']' in '10' second(s)

2021-11-19 17:22:57 - [MESSAGE][INFO] - Smart Wait Function is triggered

2021-11-19 17:22:57 - [MESSAGE][INFO] - Found 1 web elements with id: 'Object Repository/Olusturma/Genel/DokumanParaBirimiSecilir/Para' located by 'By.xpath: //*[@id = 'CurrencyUnit_I']' in '10' second(s)

2021-11-19 17:22:57 - [MESSAGE][PASSED] - Object 'Object Repository/Olusturma/Genel/DokumanParaBirimiSecilir/Para' is clickable

2021-11-19 17:22:57 - [TEST_STEP][PASSED] - click(findTestObject("Object Repository/Olusturma/Genel/DokumanParaBirimiSecilir/Para")): Object: 'Object Repository/Olusturma/Genel/DokumanParaBirimiSecilir/Para' is clicked on

2021-11-19 17:22:57 - [MESSAGE][INFO] - Finding Test Object 'Object Repository/Olusturma/Genel/DokumanParaBirimiSecilir/Para'

2021-11-19 17:22:58 - [MESSAGE][INFO] - Checking object

2021-11-19 17:22:58 - [MESSAGE][INFO] - Finding web element from Test Object's properties

2021-11-19 17:22:58 - [MESSAGE][INFO] - Checking timeout

2021-11-19 17:22:58 - [MESSAGE][INFO] - Finding web element with id: 'Object Repository/Olusturma/Genel/DokumanParaBirimiSecilir/Para' located by 'By.xpath: //*[@id = 'CurrencyUnit_I']' in '30' second(s)

2021-11-19 17:22:58 - [MESSAGE][INFO] - Smart Wait Function is triggered

2021-11-19 17:22:58 - [MESSAGE][INFO] - Found 1 web elements with id: 'Object Repository/Olusturma/Genel/DokumanParaBirimiSecilir/Para' located by 'By.xpath: //*[@id = 'CurrencyUnit_I']' in '30' second(s)

2021-11-19 17:22:58 - [MESSAGE][INFO] - Clicking on object: 'Object Repository/Olusturma/Genel/DokumanParaBirimiSecilir/Para'

2021-11-19 17:22:58 - [MESSAGE][PASSED] - Object: 'Object Repository/Olusturma/Genel/DokumanParaBirimiSecilir/Para' is clicked on

2021-11-19 17:22:58 - [TEST_STEP][PASSED] - Method.TextDegerineEsitElementeTikla(findTestObject("Object Repository/Olusturma/Genel/DokumanParaBirimiSecilir/Para_Adi"), Para): Method.TextDegerineEsitElementeTikla is PASSED

2021-11-19 17:22:58 - [MESSAGE][INFO] - Finding Test Object 'Object Repository/Olusturma/Genel/DokumanParaBirimiSecilir/Para_Adi'

2021-11-19 17:22:58 - [MESSAGE][INFO] - Checking timeout

2021-11-19 17:22:58 - [MESSAGE][INFO] - Finding web element with id: 'Object Repository/Olusturma/Genel/DokumanParaBirimiSecilir/Para_Adi' located by 'By.cssSelector: #CurrencyUnit_DDD_L_LBT td' in '10' second(s)

2021-11-19 17:22:58 - [MESSAGE][INFO] - Smart Wait Function is triggered

2021-11-19 17:22:58 - [MESSAGE][INFO] - Found 203 web elements with id: 'Object Repository/Olusturma/Genel/DokumanParaBirimiSecilir/Para_Adi' located by 'By.cssSelector: #CurrencyUnit_DDD_L_LBT td' in '10' second(s)

2021-11-19 17:23:04 - [MESSAGE][PASSED] - Method.TextDegerineEsitElementeTikla is PASSED

2021-11-19 17:23:04 - [MESSAGE][PASSED] - Call Test Case 'Test Cases/Olusturma/Genel/DokumanParaBirimiSecilir' successfully

2021-11-19 17:23:04 - [MESSAGE][INFO] - Checking called Test Case

2021-11-19 17:23:04 - [MESSAGE][INFO] - Starting to call Test Case 'Test Cases/Olusturma/Genel/TasarimSecilir'

2021-11-19 17:23:04 - [TEST_CASE][PASSED] - Test Cases/Olusturma/Genel/TasarimSecilir: Test Cases/Olusturma/Genel/TasarimSecilir

2021-11-19 17:23:04 - [TEST_STEP][PASSED] - waitForElementClickable(findTestObject("Object Repository/Olusturma/Genel/TasarimSecilir/Tasarim"), 10): Object 'Object Repository/Olusturma/Genel/TasarimSecilir/Tasarim' is clickable

2021-11-19 17:23:04 - [MESSAGE][INFO] - Finding Test Object 'Object Repository/Olusturma/Genel/TasarimSecilir/Tasarim'

2021-11-19 17:23:05 - [MESSAGE][INFO] - Checking object

2021-11-19 17:23:05 - [MESSAGE][INFO] - Checking timeout

2021-11-19 17:23:05 - [MESSAGE][INFO] - Finding web element from Test Object's properties

2021-11-19 17:23:05 - [MESSAGE][INFO] - Checking timeout

2021-11-19 17:23:05 - [MESSAGE][INFO] - Finding web element with id: 'Object Repository/Olusturma/Genel/TasarimSecilir/Tasarim' located by 'By.xpath: //*[@id = 'DesignId_I']' in '10' second(s)

2021-11-19 17:23:05 - [MESSAGE][INFO] - Smart Wait Function is triggered

2021-11-19 17:23:05 - [MESSAGE][INFO] - Found 1 web elements with id: 'Object Repository/Olusturma/Genel/TasarimSecilir/Tasarim' located by 'By.xpath: //*[@id = 'DesignId_I']' in '10' second(s)

2021-11-19 17:23:05 - [MESSAGE][PASSED] - Object 'Object Repository/Olusturma/Genel/TasarimSecilir/Tasarim' is clickable

2021-11-19 17:23:05 - [TEST_STEP][PASSED] - click(findTestObject("Object Repository/Olusturma/Genel/TasarimSecilir/Tasarim")): Object: 'Object Repository/Olusturma/Genel/TasarimSecilir/Tasarim' is clicked on

2021-11-19 17:23:05 - [MESSAGE][INFO] - Finding Test Object 'Object Repository/Olusturma/Genel/TasarimSecilir/Tasarim'

2021-11-19 17:23:05 - [MESSAGE][INFO] - Checking object

2021-11-19 17:23:05 - [MESSAGE][INFO] - Finding web element from Test Object's properties

2021-11-19 17:23:05 - [MESSAGE][INFO] - Checking timeout

2021-11-19 17:23:05 - [MESSAGE][INFO] - Finding web element with id: 'Object Repository/Olusturma/Genel/TasarimSecilir/Tasarim' located by 'By.xpath: //*[@id = 'DesignId_I']' in '30' second(s)

2021-11-19 17:23:05 - [MESSAGE][INFO] - Smart Wait Function is triggered

2021-11-19 17:23:05 - [MESSAGE][INFO] - Found 1 web elements with id: 'Object Repository/Olusturma/Genel/TasarimSecilir/Tasarim' located by 'By.xpath: //*[@id = 'DesignId_I']' in '30' second(s)

2021-11-19 17:23:05 - [MESSAGE][INFO] - Clicking on object: 'Object Repository/Olusturma/Genel/TasarimSecilir/Tasarim'

2021-11-19 17:23:05 - [MESSAGE][PASSED] - Object: 'Object Repository/Olusturma/Genel/TasarimSecilir/Tasarim' is clicked on

2021-11-19 17:23:05 - [TEST_STEP][PASSED] - Method.TextDegerineEsitElementeTikla(findTestObject("Object Repository/Olusturma/Genel/TasarimSecilir/Tasarim_Adi"), Tasarim): Method.TextDegerineEsitElementeTikla is PASSED

2021-11-19 17:23:05 - [MESSAGE][INFO] - Finding Test Object 'Object Repository/Olusturma/Genel/TasarimSecilir/Tasarim_Adi'

2021-11-19 17:23:05 - [MESSAGE][INFO] - Checking timeout

2021-11-19 17:23:05 - [MESSAGE][INFO] - Finding web element with id: 'Object Repository/Olusturma/Genel/TasarimSecilir/Tasarim_Adi' located by 'By.cssSelector: #DesignId_DDD_L_LBT td' in '10' second(s)

2021-11-19 17:23:05 - [MESSAGE][INFO] - Smart Wait Function is triggered

2021-11-19 17:23:06 - [MESSAGE][INFO] - Found 3 web elements with id: 'Object Repository/Olusturma/Genel/TasarimSecilir/Tasarim_Adi' located by 'By.cssSelector: #DesignId_DDD_L_LBT td' in '10' second(s)

2021-11-19 17:23:06 - [MESSAGE][PASSED] - Method.TextDegerineEsitElementeTikla is PASSED

2021-11-19 17:23:06 - [MESSAGE][PASSED] - Call Test Case 'Test Cases/Olusturma/Genel/TasarimSecilir' successfully

2021-11-19 17:23:06 - [MESSAGE][INFO] - Checking called Test Case

2021-11-19 17:23:06 - [MESSAGE][INFO] - Starting to call Test Case 'Test Cases/Olusturma/Genel/EkleButonunaBasilir'

2021-11-19 17:23:06 - [TEST_CASE][PASSED] - Test Cases/Olusturma/Genel/EkleButonunaBasilir: Test Cases/Olusturma/Genel/EkleButonunaBasilir

2021-11-19 17:23:06 - [TEST_STEP][PASSED] - waitForElementClickable(findTestObject("Object Repository/Olusturma/Genel/Olusturma/Ekle"), 10): Object 'Object Repository/Olusturma/Genel/Olusturma/Ekle' is clickable

2021-11-19 17:23:06 - [MESSAGE][INFO] - Finding Test Object 'Object Repository/Olusturma/Genel/Olusturma/Ekle'

2021-11-19 17:23:06 - [MESSAGE][INFO] - Checking object

2021-11-19 17:23:06 - [MESSAGE][INFO] - Checking timeout

2021-11-19 17:23:06 - [MESSAGE][INFO] - Finding web element from Test Object's properties

2021-11-19 17:23:06 - [MESSAGE][INFO] - Checking timeout

2021-11-19 17:23:06 - [MESSAGE][INFO] - Finding web element with id: 'Object Repository/Olusturma/Genel/Olusturma/Ekle' located by 'By.cssSelector: #divmalhizmet i.fa.fa-plus.fa-lg.text-muted' in '10' second(s)

2021-11-19 17:23:06 - [MESSAGE][INFO] - Smart Wait Function is triggered

2021-11-19 17:23:07 - [MESSAGE][INFO] - Found 1 web elements with id: 'Object Repository/Olusturma/Genel/Olusturma/Ekle' located by 'By.cssSelector: #divmalhizmet i.fa.fa-plus.fa-lg.text-muted' in '10' second(s)

2021-11-19 17:23:07 - [MESSAGE][PASSED] - Object 'Object Repository/Olusturma/Genel/Olusturma/Ekle' is clickable

2021-11-19 17:23:07 - [TEST_STEP][PASSED] - click(findTestObject("Object Repository/Olusturma/Genel/Olusturma/Ekle")): Object: 'Object Repository/Olusturma/Genel/Olusturma/Ekle' is clicked on

2021-11-19 17:23:07 - [MESSAGE][INFO] - Finding Test Object 'Object Repository/Olusturma/Genel/Olusturma/Ekle'

2021-11-19 17:23:07 - [MESSAGE][INFO] - Checking object

2021-11-19 17:23:07 - [MESSAGE][INFO] - Finding web element from Test Object's properties

2021-11-19 17:23:07 - [MESSAGE][INFO] - Checking timeout

2021-11-19 17:23:07 - [MESSAGE][INFO] - Finding web element with id: 'Object Repository/Olusturma/Genel/Olusturma/Ekle' located by 'By.cssSelector: #divmalhizmet i.fa.fa-plus.fa-lg.text-muted' in '30' second(s)

2021-11-19 17:23:07 - [MESSAGE][INFO] - Smart Wait Function is triggered

2021-11-19 17:23:07 - [MESSAGE][INFO] - Found 1 web elements with id: 'Object Repository/Olusturma/Genel/Olusturma/Ekle' located by 'By.cssSelector: #divmalhizmet i.fa.fa-plus.fa-lg.text-muted' in '30' second(s)

2021-11-19 17:23:07 - [MESSAGE][INFO] - Clicking on object: 'Object Repository/Olusturma/Genel/Olusturma/Ekle'

2021-11-19 17:23:07 - [MESSAGE][PASSED] - Object: 'Object Repository/Olusturma/Genel/Olusturma/Ekle' is clicked on

2021-11-19 17:23:07 - [TEST_STEP][PASSED] - waitForElementClickable(findTestObject("Olusturma/Genel/Olusturma/EklenenSatirCarpiImage"), 10): Object 'Object Repository/Olusturma/Genel/Olusturma/EklenenSatirCarpiImage' is clickable

2021-11-19 17:23:07 - [MESSAGE][INFO] - Finding Test Object 'Object Repository/Olusturma/Genel/Olusturma/EklenenSatirCarpiImage'

2021-11-19 17:23:07 - [MESSAGE][INFO] - Checking object

2021-11-19 17:23:07 - [MESSAGE][INFO] - Checking timeout

2021-11-19 17:23:07 - [MESSAGE][INFO] - Finding web element from Test Object's properties

2021-11-19 17:23:07 - [MESSAGE][INFO] - Checking timeout

2021-11-19 17:23:07 - [MESSAGE][INFO] - Finding web element with id: 'Object Repository/Olusturma/Genel/Olusturma/EklenenSatirCarpiImage' located by 'By.cssSelector: .fa.fa-times.fa-lg.text-primary' in '10' second(s)

2021-11-19 17:23:07 - [MESSAGE][INFO] - Smart Wait Function is triggered

2021-11-19 17:23:08 - [MESSAGE][INFO] - Smart Wait Function is triggered

2021-11-19 17:23:09 - [MESSAGE][INFO] - Found 1 web elements with id: 'Object Repository/Olusturma/Genel/Olusturma/EklenenSatirCarpiImage' located by 'By.cssSelector: .fa.fa-times.fa-lg.text-primary' in '10' second(s)

2021-11-19 17:23:09 - [MESSAGE][PASSED] - Object 'Object Repository/Olusturma/Genel/Olusturma/EklenenSatirCarpiImage' is clickable

2021-11-19 17:23:09 - [MESSAGE][PASSED] - Call Test Case 'Test Cases/Olusturma/Genel/EkleButonunaBasilir' successfully

2021-11-19 17:23:09 - [MESSAGE][INFO] - Checking called Test Case

2021-11-19 17:23:09 - [MESSAGE][INFO] - Starting to call Test Case 'Test Cases/Olusturma/Genel/Olusturma'

2021-11-19 17:23:09 - [TEST_CASE][PASSED] - Test Cases/Olusturma/Genel/Olusturma: Test Cases/Olusturma/Genel/Olusturma

2021-11-19 17:23:09 - [TEST_STEP][PASSED] - driver = getWebDriver(): null

2021-11-19 17:23:09 - [TEST_STEP][PASSED] - action = new org.openqa.selenium.interactions.Actions(driver): null

2021-11-19 17:23:09 - [TEST_STEP][PASSED] - baslikElement = <not implemented yet for class: org.codehaus.groovy.ast.expr.EmptyExpression>: null

2021-11-19 17:23:09 - [TEST_STEP][PASSED] - sonElement = <not implemented yet for class: org.codehaus.groovy.ast.expr.EmptyExpression>: null

2021-11-19 17:23:09 - [TEST_STEP][PASSED] - attr = <not implemented yet for class: org.codehaus.groovy.ast.expr.EmptyExpression>: null

2021-11-19 17:23:09 - [TEST_STEP][PASSED] - a = 0: null

2021-11-19 17:23:09 - [TEST_STEP][PASSED] - elements = findWebElements(findTestObject("Object Repository/Olusturma/Genel/Olusturma/TabloBasliklari"), 10): Found 12 web elements with id: 'Object Repository/Olusturma/Genel/Olusturma/TabloBasliklari' located by 'By.cssSelector: div#divmalhizmet .dxgvTable_LECustomTheme td.dxgvHeader_LECustomTheme tr>td:nth-child(1)' in '10' second(s)

2021-11-19 17:23:09 - [MESSAGE][INFO] - Finding Test Object 'Object Repository/Olusturma/Genel/Olusturma/TabloBasliklari'

2021-11-19 17:23:09 - [MESSAGE][INFO] - Checking timeout

2021-11-19 17:23:09 - [MESSAGE][INFO] - Finding web element with id: 'Object Repository/Olusturma/Genel/Olusturma/TabloBasliklari' located by 'By.cssSelector: div#divmalhizmet .dxgvTable_LECustomTheme td.dxgvHeader_LECustomTheme tr>td:nth-child(1)' in '10' second(s)

2021-11-19 17:23:09 - [MESSAGE][INFO] - Smart Wait Function is triggered

2021-11-19 17:23:09 - [MESSAGE][INFO] - Found 12 web elements with id: 'Object Repository/Olusturma/Genel/Olusturma/TabloBasliklari' located by 'By.cssSelector: div#divmalhizmet .dxgvTable_LECustomTheme td.dxgvHeader_LECustomTheme tr>td:nth-child(1)' in '10' second(s)

2021-11-19 17:23:09 - [TEST_STEP][PASSED] - for (def element : elements): null

2021-11-19 17:23:09 - [TEST_STEP][PASSED] - build().perform(): null

2021-11-19 17:23:10 - [TEST_STEP][PASSED] - if (getText().equals(Baslik)): null

2021-11-19 17:23:10 - [TEST_STEP][PASSED] - baslikElement = element.findElement(By.xpath("../../../..")): Smart Wait Function is triggered

2021-11-19 17:23:10 - [MESSAGE][INFO] - Smart Wait Function is triggered

2021-11-19 17:23:10 - [TEST_STEP][PASSED] - attr = baslikElement.getAttribute("id"): null

2021-11-19 17:23:10 - [TEST_STEP][PASSED] - println("girdi ve idsini aldı = " + attr): null

2021-11-19 17:23:10 - [TEST_STEP][PASSED] - break: null

2021-11-19 17:23:10 - [TEST_STEP][PASSED] - countElement = baslikElement.findElements(By.xpath("../td")): Smart Wait Function is triggered

2021-11-19 17:23:10 - [MESSAGE][INFO] - Smart Wait Function is triggered

2021-11-19 17:23:10 - [TEST_STEP][PASSED] - for (def element : countElement): null

2021-11-19 17:23:10 - [TEST_STEP][PASSED] - if (toString().equals(attr.toString())): null

2021-11-19 17:23:10 - [TEST_STEP][PASSED] - (a++): null

2021-11-19 17:23:10 - [TEST_STEP][PASSED] - if (toString().equals(attr.toString())): null

2021-11-19 17:23:10 - [TEST_STEP][PASSED] - break: null

2021-11-19 17:23:10 - [TEST_STEP][PASSED] - son = findWebElement(findTestObject("Object Repository/Olusturma/Genel/Olusturma/EklenenSatir")).findElement(By.xpath("td[@class='dxgvInlineEditCell_LECustomTheme dxgv'][" + a + "]//td[@class='dxic']/input")): Smart Wait Function is triggered

2021-11-19 17:23:10 - [MESSAGE][INFO] - Finding Test Object 'Object Repository/Olusturma/Genel/Olusturma/EklenenSatir'

2021-11-19 17:23:10 - [MESSAGE][INFO] - Finding web element from Test Object's properties

2021-11-19 17:23:10 - [MESSAGE][INFO] - Checking timeout

2021-11-19 17:23:10 - [MESSAGE][INFO] - Finding web element with id: 'Object Repository/Olusturma/Genel/Olusturma/EklenenSatir' located by 'By.cssSelector: #divmalhizmet .dxgvInlineEditRow_LECustomTheme' in '30' second(s)

2021-11-19 17:23:10 - [MESSAGE][INFO] - Smart Wait Function is triggered

2021-11-19 17:23:11 - [MESSAGE][INFO] - Found 1 web elements with id: 'Object Repository/Olusturma/Genel/Olusturma/EklenenSatir' located by 'By.cssSelector: #divmalhizmet .dxgvInlineEditRow_LECustomTheme' in '30' second(s)

2021-11-19 17:23:11 - [MESSAGE][INFO] - Smart Wait Function is triggered

2021-11-19 17:23:11 - [TEST_STEP][PASSED] - if (!(getAttribute("value").contains("Vkn"))): null

2021-11-19 17:23:11 - [TEST_STEP][PASSED] - son.clear(): null

2021-11-19 17:23:11 - [TEST_STEP][PASSED] - son.sendKeys(Deger): null

2021-11-19 17:23:11 - [MESSAGE][PASSED] - Call Test Case 'Test Cases/Olusturma/Genel/Olusturma' successfully

2021-11-19 17:23:11 - [MESSAGE][INFO] - Checking called Test Case

2021-11-19 17:23:11 - [MESSAGE][INFO] - Starting to call Test Case 'Test Cases/Olusturma/Genel/Olusturma'

2021-11-19 17:23:11 - [TEST_CASE][PASSED] - Test Cases/Olusturma/Genel/Olusturma: Test Cases/Olusturma/Genel/Olusturma

2021-11-19 17:23:11 - [TEST_STEP][PASSED] - driver = getWebDriver(): null

2021-11-19 17:23:11 - [TEST_STEP][PASSED] - action = new org.openqa.selenium.interactions.Actions(driver): null

2021-11-19 17:23:11 - [TEST_STEP][PASSED] - baslikElement = <not implemented yet for class: org.codehaus.groovy.ast.expr.EmptyExpression>: null

2021-11-19 17:23:11 - [TEST_STEP][PASSED] - sonElement = <not implemented yet for class: org.codehaus.groovy.ast.expr.EmptyExpression>: null

2021-11-19 17:23:11 - [TEST_STEP][PASSED] - attr = <not implemented yet for class: org.codehaus.groovy.ast.expr.EmptyExpression>: null

2021-11-19 17:23:11 - [TEST_STEP][PASSED] - a = 0: null

2021-11-19 17:23:11 - [TEST_STEP][PASSED] - elements = findWebElements(findTestObject("Object Repository/Olusturma/Genel/Olusturma/TabloBasliklari"), 10): Found 12 web elements with id: 'Object Repository/Olusturma/Genel/Olusturma/TabloBasliklari' located by 'By.cssSelector: div#divmalhizmet .dxgvTable_LECustomTheme td.dxgvHeader_LECustomTheme tr>td:nth-child(1)' in '10' second(s)

2021-11-19 17:23:11 - [MESSAGE][INFO] - Finding Test Object 'Object Repository/Olusturma/Genel/Olusturma/TabloBasliklari'

2021-11-19 17:23:11 - [MESSAGE][INFO] - Checking timeout

2021-11-19 17:23:11 - [MESSAGE][INFO] - Finding web element with id: 'Object Repository/Olusturma/Genel/Olusturma/TabloBasliklari' located by 'By.cssSelector: div#divmalhizmet .dxgvTable_LECustomTheme td.dxgvHeader_LECustomTheme tr>td:nth-child(1)' in '10' second(s)

2021-11-19 17:23:11 - [MESSAGE][INFO] - Smart Wait Function is triggered

2021-11-19 17:23:12 - [MESSAGE][INFO] - Found 12 web elements with id: 'Object Repository/Olusturma/Genel/Olusturma/TabloBasliklari' located by 'By.cssSelector: div#divmalhizmet .dxgvTable_LECustomTheme td.dxgvHeader_LECustomTheme tr>td:nth-child(1)' in '10' second(s)

2021-11-19 17:23:12 - [TEST_STEP][PASSED] - for (def element : elements): null

2021-11-19 17:23:12 - [TEST_STEP][PASSED] - build().perform(): null

2021-11-19 17:23:12 - [TEST_STEP][PASSED] - if (getText().equals(Baslik)): null

2021-11-19 17:23:12 - [TEST_STEP][PASSED] - build().perform(): null

2021-11-19 17:23:12 - [TEST_STEP][PASSED] - if (getText().equals(Baslik)): null

2021-11-19 17:23:12 - [TEST_STEP][PASSED] - baslikElement = element.findElement(By.xpath("../../../..")): Smart Wait Function is triggered

2021-11-19 17:23:12 - [MESSAGE][INFO] - Smart Wait Function is triggered

2021-11-19 17:23:12 - [TEST_STEP][PASSED] - attr = baslikElement.getAttribute("id"): null

2021-11-19 17:23:12 - [TEST_STEP][PASSED] - println("girdi ve idsini aldı = " + attr): null

2021-11-19 17:23:12 - [TEST_STEP][PASSED] - break: null

2021-11-19 17:23:12 - [TEST_STEP][PASSED] - countElement = baslikElement.findElements(By.xpath("../td")): Smart Wait Function is triggered

2021-11-19 17:23:12 - [MESSAGE][INFO] - Smart Wait Function is triggered

2021-11-19 17:23:13 - [TEST_STEP][PASSED] - for (def element : countElement): null

2021-11-19 17:23:13 - [TEST_STEP][PASSED] - if (toString().equals(attr.toString())): null

2021-11-19 17:23:13 - [TEST_STEP][PASSED] - (a++): null

2021-11-19 17:23:13 - [TEST_STEP][PASSED] - if (toString().equals(attr.toString())): null

2021-11-19 17:23:13 - [TEST_STEP][PASSED] - (a++): null

2021-11-19 17:23:13 - [TEST_STEP][PASSED] - if (toString().equals(attr.toString())): null

2021-11-19 17:23:13 - [TEST_STEP][PASSED] - break: null

2021-11-19 17:23:13 - [TEST_STEP][PASSED] - son = findWebElement(findTestObject("Object Repository/Olusturma/Genel/Olusturma/EklenenSatir")).findElement(By.xpath("td[@class='dxgvInlineEditCell_LECustomTheme dxgv'][" + a + "]//td[@class='dxic']/input")): Smart Wait Function is triggered

2021-11-19 17:23:13 - [MESSAGE][INFO] - Finding Test Object 'Object Repository/Olusturma/Genel/Olusturma/EklenenSatir'

2021-11-19 17:23:13 - [MESSAGE][INFO] - Finding web element from Test Object's properties

2021-11-19 17:23:13 - [MESSAGE][INFO] - Checking timeout

2021-11-19 17:23:13 - [MESSAGE][INFO] - Finding web element with id: 'Object Repository/Olusturma/Genel/Olusturma/EklenenSatir' located by 'By.cssSelector: #divmalhizmet .dxgvInlineEditRow_LECustomTheme' in '30' second(s)

2021-11-19 17:23:13 - [MESSAGE][INFO] - Smart Wait Function is triggered

2021-11-19 17:23:13 - [MESSAGE][INFO] - Found 1 web elements with id: 'Object Repository/Olusturma/Genel/Olusturma/EklenenSatir' located by 'By.cssSelector: #divmalhizmet .dxgvInlineEditRow_LECustomTheme' in '30' second(s)

2021-11-19 17:23:13 - [MESSAGE][INFO] - Smart Wait Function is triggered

2021-11-19 17:23:13 - [TEST_STEP][PASSED] - if (!(getAttribute("value").contains("Vkn"))): null

2021-11-19 17:23:13 - [TEST_STEP][PASSED] - son.clear(): null

2021-11-19 17:23:13 - [TEST_STEP][PASSED] - son.sendKeys(Deger): null

2021-11-19 17:23:13 - [MESSAGE][PASSED] - Call Test Case 'Test Cases/Olusturma/Genel/Olusturma' successfully

2021-11-19 17:23:13 - [MESSAGE][INFO] - Checking called Test Case

2021-11-19 17:23:13 - [MESSAGE][INFO] - Starting to call Test Case 'Test Cases/Olusturma/Genel/Olusturma'

2021-11-19 17:23:13 - [TEST_CASE][PASSED] - Test Cases/Olusturma/Genel/Olusturma: Test Cases/Olusturma/Genel/Olusturma

2021-11-19 17:23:13 - [TEST_STEP][PASSED] - driver = getWebDriver(): null

2021-11-19 17:23:13 - [TEST_STEP][PASSED] - action = new org.openqa.selenium.interactions.Actions(driver): null

2021-11-19 17:23:13 - [TEST_STEP][PASSED] - baslikElement = <not implemented yet for class: org.codehaus.groovy.ast.expr.EmptyExpression>: null

2021-11-19 17:23:13 - [TEST_STEP][PASSED] - sonElement = <not implemented yet for class: org.codehaus.groovy.ast.expr.EmptyExpression>: null

2021-11-19 17:23:13 - [TEST_STEP][PASSED] - attr = <not implemented yet for class: org.codehaus.groovy.ast.expr.EmptyExpression>: null

2021-11-19 17:23:13 - [TEST_STEP][PASSED] - a = 0: null

2021-11-19 17:23:13 - [TEST_STEP][PASSED] - elements = findWebElements(findTestObject("Object Repository/Olusturma/Genel/Olusturma/TabloBasliklari"), 10): Found 12 web elements with id: 'Object Repository/Olusturma/Genel/Olusturma/TabloBasliklari' located by 'By.cssSelector: div#divmalhizmet .dxgvTable_LECustomTheme td.dxgvHeader_LECustomTheme tr>td:nth-child(1)' in '10' second(s)

2021-11-19 17:23:13 - [MESSAGE][INFO] - Finding Test Object 'Object Repository/Olusturma/Genel/Olusturma/TabloBasliklari'

2021-11-19 17:23:14 - [MESSAGE][INFO] - Checking timeout

2021-11-19 17:23:14 - [MESSAGE][INFO] - Finding web element with id: 'Object Repository/Olusturma/Genel/Olusturma/TabloBasliklari' located by 'By.cssSelector: div#divmalhizmet .dxgvTable_LECustomTheme td.dxgvHeader_LECustomTheme tr>td:nth-child(1)' in '10' second(s)

2021-11-19 17:23:14 - [MESSAGE][INFO] - Smart Wait Function is triggered

2021-11-19 17:23:14 - [MESSAGE][INFO] - Found 12 web elements with id: 'Object Repository/Olusturma/Genel/Olusturma/TabloBasliklari' located by 'By.cssSelector: div#divmalhizmet .dxgvTable_LECustomTheme td.dxgvHeader_LECustomTheme tr>td:nth-child(1)' in '10' second(s)

2021-11-19 17:23:14 - [TEST_STEP][PASSED] - for (def element : elements): null

2021-11-19 17:23:14 - [TEST_STEP][PASSED] - build().perform(): null

2021-11-19 17:23:14 - [TEST_STEP][PASSED] - if (getText().equals(Baslik)): null

2021-11-19 17:23:14 - [TEST_STEP][PASSED] - build().perform(): null

2021-11-19 17:23:14 - [TEST_STEP][PASSED] - if (getText().equals(Baslik)): null

2021-11-19 17:23:14 - [TEST_STEP][PASSED] - build().perform(): null

2021-11-19 17:23:14 - [TEST_STEP][PASSED] - if (getText().equals(Baslik)): null

2021-11-19 17:23:14 - [TEST_STEP][PASSED] - baslikElement = element.findElement(By.xpath("../../../..")): Smart Wait Function is triggered

2021-11-19 17:23:14 - [MESSAGE][INFO] - Smart Wait Function is triggered

2021-11-19 17:23:15 - [TEST_STEP][PASSED] - attr = baslikElement.getAttribute("id"): null

2021-11-19 17:23:15 - [TEST_STEP][PASSED] - println("girdi ve idsini aldı = " + attr): null

2021-11-19 17:23:15 - [TEST_STEP][PASSED] - break: null

2021-11-19 17:23:15 - [TEST_STEP][PASSED] - countElement = baslikElement.findElements(By.xpath("../td")): Smart Wait Function is triggered

2021-11-19 17:23:15 - [MESSAGE][INFO] - Smart Wait Function is triggered

2021-11-19 17:23:15 - [TEST_STEP][PASSED] - for (def element : countElement): null

2021-11-19 17:23:15 - [TEST_STEP][PASSED] - if (toString().equals(attr.toString())): null

2021-11-19 17:23:15 - [TEST_STEP][PASSED] - (a++): null

2021-11-19 17:23:15 - [TEST_STEP][PASSED] - if (toString().equals(attr.toString())): null

2021-11-19 17:23:15 - [TEST_STEP][PASSED] - (a++): null

2021-11-19 17:23:15 - [TEST_STEP][PASSED] - if (toString().equals(attr.toString())): null

2021-11-19 17:23:15 - [TEST_STEP][PASSED] - (a++): null

2021-11-19 17:23:15 - [TEST_STEP][PASSED] - if (toString().equals(attr.toString())): null

2021-11-19 17:23:15 - [TEST_STEP][PASSED] - break: null

2021-11-19 17:23:15 - [TEST_STEP][PASSED] - son = findWebElement(findTestObject("Object Repository/Olusturma/Genel/Olusturma/EklenenSatir")).findElement(By.xpath("td[@class='dxgvInlineEditCell_LECustomTheme dxgv'][" + a + "]//td[@class='dxic']/input")): Smart Wait Function is triggered

2021-11-19 17:23:15 - [MESSAGE][INFO] - Finding Test Object 'Object Repository/Olusturma/Genel/Olusturma/EklenenSatir'

2021-11-19 17:23:15 - [MESSAGE][INFO] - Finding web element from Test Object's properties

2021-11-19 17:23:15 - [MESSAGE][INFO] - Checking timeout

2021-11-19 17:23:15 - [MESSAGE][INFO] - Finding web element with id: 'Object Repository/Olusturma/Genel/Olusturma/EklenenSatir' located by 'By.cssSelector: #divmalhizmet .dxgvInlineEditRow_LECustomTheme' in '30' second(s)

2021-11-19 17:23:15 - [MESSAGE][INFO] - Smart Wait Function is triggered

2021-11-19 17:23:15 - [MESSAGE][INFO] - Found 1 web elements with id: 'Object Repository/Olusturma/Genel/Olusturma/EklenenSatir' located by 'By.cssSelector: #divmalhizmet .dxgvInlineEditRow_LECustomTheme' in '30' second(s)

2021-11-19 17:23:15 - [MESSAGE][INFO] - Smart Wait Function is triggered

2021-11-19 17:23:15 - [TEST_STEP][PASSED] - if (!(getAttribute("value").contains("Vkn"))): null

2021-11-19 17:23:15 - [TEST_STEP][PASSED] - son.clear(): null

2021-11-19 17:23:15 - [TEST_STEP][PASSED] - son.sendKeys(Deger): null

2021-11-19 17:23:16 - [MESSAGE][PASSED] - Call Test Case 'Test Cases/Olusturma/Genel/Olusturma' successfully

2021-11-19 17:23:16 - [MESSAGE][INFO] - Checking called Test Case

2021-11-19 17:23:16 - [MESSAGE][INFO] - Starting to call Test Case 'Test Cases/Olusturma/Genel/NotGirilir'

2021-11-19 17:23:16 - [TEST_CASE][PASSED] - Test Cases/Olusturma/Genel/NotGirilir: Test Cases/Olusturma/Genel/NotGirilir

2021-11-19 17:23:16 - [TEST_STEP][PASSED] - i = 0: null

2021-11-19 17:23:16 - [TEST_STEP][PASSED] - waitForElementClickable(findTestObject("Olusturma/Genel/Not/Notlar"), 10): Object 'Object Repository/Olusturma/Genel/Not/Notlar' is clickable

2021-11-19 17:23:16 - [MESSAGE][INFO] - Finding Test Object 'Object Repository/Olusturma/Genel/Not/Notlar'

2021-11-19 17:23:16 - [MESSAGE][INFO] - Checking object

2021-11-19 17:23:16 - [MESSAGE][INFO] - Checking timeout

2021-11-19 17:23:16 - [MESSAGE][INFO] - Finding web element from Test Object's properties

2021-11-19 17:23:16 - [MESSAGE][INFO] - Checking timeout

2021-11-19 17:23:16 - [MESSAGE][INFO] - Finding web element with id: 'Object Repository/Olusturma/Genel/Not/Notlar' located by 'By.xpath: //*[@id = 'txtNote_I']' in '10' second(s)

2021-11-19 17:23:16 - [MESSAGE][INFO] - Smart Wait Function is triggered

2021-11-19 17:23:16 - [MESSAGE][INFO] - Found 1 web elements with id: 'Object Repository/Olusturma/Genel/Not/Notlar' located by 'By.xpath: //*[@id = 'txtNote_I']' in '10' second(s)

2021-11-19 17:23:16 - [MESSAGE][PASSED] - Object 'Object Repository/Olusturma/Genel/Not/Notlar' is clickable

2021-11-19 17:23:16 - [TEST_STEP][PASSED] - clearText(findTestObject("Olusturma/Genel/Not/Notlar")): Text of object 'Object Repository/Olusturma/Genel/Not/Notlar' is cleared

2021-11-19 17:23:16 - [MESSAGE][INFO] - Finding Test Object 'Object Repository/Olusturma/Genel/Not/Notlar'

2021-11-19 17:23:16 - [MESSAGE][INFO] - Checking object

2021-11-19 17:23:16 - [MESSAGE][INFO] - Finding web element from Test Object's properties

2021-11-19 17:23:16 - [MESSAGE][INFO] - Checking timeout

2021-11-19 17:23:16 - [MESSAGE][INFO] - Finding web element with id: 'Object Repository/Olusturma/Genel/Not/Notlar' located by 'By.xpath: //*[@id = 'txtNote_I']' in '30' second(s)

2021-11-19 17:23:16 - [MESSAGE][INFO] - Smart Wait Function is triggered

2021-11-19 17:23:16 - [MESSAGE][INFO] - Found 1 web elements with id: 'Object Repository/Olusturma/Genel/Not/Notlar' located by 'By.xpath: //*[@id = 'txtNote_I']' in '30' second(s)

2021-11-19 17:23:16 - [MESSAGE][INFO] - Clearing text of object 'Object Repository/Olusturma/Genel/Not/Notlar'

2021-11-19 17:23:16 - [MESSAGE][PASSED] - Text of object 'Object Repository/Olusturma/Genel/Not/Notlar' is cleared

2021-11-19 17:23:16 - [TEST_STEP][PASSED] - click(findTestObject("Olusturma/Genel/Not/Notlar")): Object: 'Object Repository/Olusturma/Genel/Not/Notlar' is clicked on

2021-11-19 17:23:16 - [MESSAGE][INFO] - Finding Test Object 'Object Repository/Olusturma/Genel/Not/Notlar'

2021-11-19 17:23:16 - [MESSAGE][INFO] - Checking object

2021-11-19 17:23:16 - [MESSAGE][INFO] - Finding web element from Test Object's properties

2021-11-19 17:23:16 - [MESSAGE][INFO] - Checking timeout

2021-11-19 17:23:16 - [MESSAGE][INFO] - Finding web element with id: 'Object Repository/Olusturma/Genel/Not/Notlar' located by 'By.xpath: //*[@id = 'txtNote_I']' in '30' second(s)

2021-11-19 17:23:16 - [MESSAGE][INFO] - Smart Wait Function is triggered

2021-11-19 17:23:17 - [MESSAGE][INFO] - Found 1 web elements with id: 'Object Repository/Olusturma/Genel/Not/Notlar' located by 'By.xpath: //*[@id = 'txtNote_I']' in '30' second(s)

2021-11-19 17:23:17 - [MESSAGE][INFO] - Clicking on object: 'Object Repository/Olusturma/Genel/Not/Notlar'

2021-11-19 17:23:17 - [MESSAGE][PASSED] - Object: 'Object Repository/Olusturma/Genel/Not/Notlar' is clicked on

2021-11-19 17:23:17 - [TEST_STEP][PASSED] - while (true): null

2021-11-19 17:23:17 - [TEST_STEP][PASSED] - delay(1): Delayed 1 second(s)

2021-11-19 17:23:17 - [MESSAGE][INFO] - Delaying browser in 1 second(s)

2021-11-19 17:23:18 - [MESSAGE][PASSED] - Delayed 1 second(s)

2021-11-19 17:23:18 - [TEST_STEP][PASSED] - ajaxIsComplete = executeJavaScript("return jQuery.active == 0", null): Execute JavaScript 'return jQuery.active == 0' successfully

2021-11-19 17:23:18 - [MESSAGE][PASSED] - Execute JavaScript 'return jQuery.active == 0' successfully

2021-11-19 17:23:18 - [TEST_STEP][PASSED] - if (ajaxIsComplete): null

2021-11-19 17:23:18 - [TEST_STEP][PASSED] - break: null

2021-11-19 17:23:18 - [TEST_STEP][PASSED] - sendKeys(findTestObject("Olusturma/Genel/Not/Notlar"), Not): Keys 'Otomasyon Not' sent to object: 'Object Repository/Olusturma/Genel/Not/Notlar'

2021-11-19 17:23:18 - [MESSAGE][INFO] - Finding Test Object 'Object Repository/Olusturma/Genel/Not/Notlar'

2021-11-19 17:23:18 - [MESSAGE][INFO] - Sending keys 'Otomasyon Not' to object: 'Object Repository/Olusturma/Genel/Not/Notlar'

2021-11-19 17:23:18 - [MESSAGE][INFO] - Finding web element from Test Object's properties

2021-11-19 17:23:18 - [MESSAGE][INFO] - Checking timeout

2021-11-19 17:23:18 - [MESSAGE][INFO] - Finding web element with id: 'Object Repository/Olusturma/Genel/Not/Notlar' located by 'By.xpath: //*[@id = 'txtNote_I']' in '30' second(s)

2021-11-19 17:23:18 - [MESSAGE][INFO] - Smart Wait Function is triggered

2021-11-19 17:23:18 - [MESSAGE][INFO] - Found 1 web elements with id: 'Object Repository/Olusturma/Genel/Not/Notlar' located by 'By.xpath: //*[@id = 'txtNote_I']' in '30' second(s)

2021-11-19 17:23:18 - [MESSAGE][PASSED] - Keys 'Otomasyon Not' sent to object: 'Object Repository/Olusturma/Genel/Not/Notlar'

2021-11-19 17:23:18 - [MESSAGE][PASSED] - Call Test Case 'Test Cases/Olusturma/Genel/NotGirilir' successfully

2021-11-19 17:23:18 - [MESSAGE][INFO] - Checking called Test Case

2021-11-19 17:23:18 - [MESSAGE][INFO] - Starting to call Test Case 'Test Cases/Olusturma/Genel/EttnBilgisiKayitEdilir'

2021-11-19 17:23:18 - [TEST_CASE][PASSED] - Test Cases/Olusturma/Genel/EttnBilgisiKayitEdilir: Test Cases/Olusturma/Genel/EttnBilgisiKayitEdilir

2021-11-19 17:23:18 - [TEST_STEP][PASSED] - verifyElementPresent(findTestObject("Object Repository/Olusturma/Genel/Olusturma/eArsivEttnBilgisi"), 7): Object 'Object Repository/Olusturma/Genel/Olusturma/eArsivEttnBilgisi' is present

2021-11-19 17:23:18 - [MESSAGE][INFO] - Finding Test Object 'Object Repository/Olusturma/Genel/Olusturma/eArsivEttnBilgisi'

2021-11-19 17:23:18 - [MESSAGE][INFO] - Checking object

2021-11-19 17:23:18 - [MESSAGE][INFO] - Finding web element from Test Object's properties

2021-11-19 17:23:18 - [MESSAGE][INFO] - Checking timeout

2021-11-19 17:23:18 - [MESSAGE][INFO] - Finding web element with id: 'Object Repository/Olusturma/Genel/Olusturma/eArsivEttnBilgisi' located by 'By.xpath: //*[@id = 'Uuid_I']' in '7' second(s)

2021-11-19 17:23:18 - [MESSAGE][INFO] - Smart Wait Function is triggered

2021-11-19 17:23:19 - [MESSAGE][INFO] - Found 1 web elements with id: 'Object Repository/Olusturma/Genel/Olusturma/eArsivEttnBilgisi' located by 'By.xpath: //*[@id = 'Uuid_I']' in '7' second(s)

2021-11-19 17:23:19 - [MESSAGE][PASSED] - Object 'Object Repository/Olusturma/Genel/Olusturma/eArsivEttnBilgisi' is present

2021-11-19 17:23:19 - [TEST_STEP][PASSED] - ettn = getAttribute(findTestObject("Object Repository/Olusturma/Genel/Olusturma/eArsivEttnBilgisi"), "value"): Attribute 'value' of object 'Object Repository/Olusturma/Genel/Olusturma/eArsivEttnBilgisi' is: '14489da0-926d-44ca-8ad3-c58cdb406acf'

2021-11-19 17:23:19 - [MESSAGE][INFO] - Finding Test Object 'Object Repository/Olusturma/Genel/Olusturma/eArsivEttnBilgisi'

2021-11-19 17:23:19 - [MESSAGE][INFO] - Checking object

2021-11-19 17:23:19 - [MESSAGE][INFO] - Checking attribute

2021-11-19 17:23:19 - [MESSAGE][INFO] - Finding web element from Test Object's properties

2021-11-19 17:23:19 - [MESSAGE][INFO] - Checking timeout

2021-11-19 17:23:19 - [MESSAGE][INFO] - Finding web element with id: 'Object Repository/Olusturma/Genel/Olusturma/eArsivEttnBilgisi' located by 'By.xpath: //*[@id = 'Uuid_I']' in '30' second(s)

2021-11-19 17:23:19 - [MESSAGE][INFO] - Smart Wait Function is triggered

2021-11-19 17:23:19 - [MESSAGE][INFO] - Found 1 web elements with id: 'Object Repository/Olusturma/Genel/Olusturma/eArsivEttnBilgisi' located by 'By.xpath: //*[@id = 'Uuid_I']' in '30' second(s)

2021-11-19 17:23:19 - [MESSAGE][INFO] - Getting attribute 'value' of object 'Object Repository/Olusturma/Genel/Olusturma/eArsivEttnBilgisi'

2021-11-19 17:23:19 - [MESSAGE][PASSED] - Attribute 'value' of object 'Object Repository/Olusturma/Genel/Olusturma/eArsivEttnBilgisi' is: '14489da0-926d-44ca-8ad3-c58cdb406acf'

2021-11-19 17:23:19 - [MESSAGE][PASSED] - Call Test Case 'Test Cases/Olusturma/Genel/EttnBilgisiKayitEdilir' successfully

2021-11-19 17:23:19 - [MESSAGE][INFO] - Checking called Test Case

2021-11-19 17:23:19 - [MESSAGE][INFO] - Starting to call Test Case 'Test Cases/Olusturma/Genel/KaydetButonunaTiklanir'

2021-11-19 17:23:19 - [TEST_CASE][PASSED] - Test Cases/Olusturma/Genel/KaydetButonunaTiklanir: Test Cases/Olusturma/Genel/KaydetButonunaTiklanir

2021-11-19 17:23:19 - [TEST_STEP][PASSED] - i = 0: null

2021-11-19 17:23:19 - [TEST_STEP][PASSED] - waitForElementPresent(findTestObject("Olusturma/Genel/Not/Notlar"), 10): Object 'Object Repository/Olusturma/Genel/Not/Notlar' is present

2021-11-19 17:23:19 - [MESSAGE][INFO] - Finding Test Object 'Object Repository/Olusturma/Genel/Not/Notlar'

2021-11-19 17:23:19 - [MESSAGE][INFO] - Checking object

2021-11-19 17:23:19 - [MESSAGE][INFO] - Finding web element from Test Object's properties

2021-11-19 17:23:19 - [MESSAGE][INFO] - Checking timeout

2021-11-19 17:23:19 - [MESSAGE][INFO] - Finding web element with id: 'Object Repository/Olusturma/Genel/Not/Notlar' located by 'By.xpath: //*[@id = 'txtNote_I']' in '10' second(s)

2021-11-19 17:23:19 - [MESSAGE][INFO] - Smart Wait Function is triggered

2021-11-19 17:23:19 - [MESSAGE][INFO] - Found 1 web elements with id: 'Object Repository/Olusturma/Genel/Not/Notlar' located by 'By.xpath: //*[@id = 'txtNote_I']' in '10' second(s)

2021-11-19 17:23:19 - [MESSAGE][PASSED] - Object 'Object Repository/Olusturma/Genel/Not/Notlar' is present

2021-11-19 17:23:19 - [TEST_STEP][PASSED] - click(findTestObject("Olusturma/Genel/Not/Notlar")): Object: 'Object Repository/Olusturma/Genel/Not/Notlar' is clicked on

2021-11-19 17:23:19 - [MESSAGE][INFO] - Finding Test Object 'Object Repository/Olusturma/Genel/Not/Notlar'

2021-11-19 17:23:20 - [MESSAGE][INFO] - Checking object

2021-11-19 17:23:20 - [MESSAGE][INFO] - Finding web element from Test Object's properties

2021-11-19 17:23:20 - [MESSAGE][INFO] - Checking timeout

2021-11-19 17:23:20 - [MESSAGE][INFO] - Finding web element with id: 'Object Repository/Olusturma/Genel/Not/Notlar' located by 'By.xpath: //*[@id = 'txtNote_I']' in '30' second(s)

2021-11-19 17:23:20 - [MESSAGE][INFO] - Smart Wait Function is triggered

2021-11-19 17:23:20 - [MESSAGE][INFO] - Found 1 web elements with id: 'Object Repository/Olusturma/Genel/Not/Notlar' located by 'By.xpath: //*[@id = 'txtNote_I']' in '30' second(s)

2021-11-19 17:23:20 - [MESSAGE][INFO] - Clicking on object: 'Object Repository/Olusturma/Genel/Not/Notlar'

2021-11-19 17:23:20 - [MESSAGE][PASSED] - Object: 'Object Repository/Olusturma/Genel/Not/Notlar' is clicked on

2021-11-19 17:23:20 - [TEST_STEP][PASSED] - while (true): null

2021-11-19 17:23:20 - [TEST_STEP][PASSED] - delay(1): Delayed 1 second(s)

2021-11-19 17:23:20 - [MESSAGE][INFO] - Delaying browser in 1 second(s)

2021-11-19 17:23:21 - [MESSAGE][PASSED] - Delayed 1 second(s)

2021-11-19 17:23:21 - [TEST_STEP][PASSED] - ajaxIsComplete = executeJavaScript("return jQuery.active == 0", null): Execute JavaScript 'return jQuery.active == 0' successfully

2021-11-19 17:23:21 - [MESSAGE][PASSED] - Execute JavaScript 'return jQuery.active == 0' successfully

2021-11-19 17:23:21 - [TEST_STEP][PASSED] - if (ajaxIsComplete): null

2021-11-19 17:23:21 - [TEST_STEP][PASSED] - break: null

2021-11-19 17:23:21 - [TEST_STEP][PASSED] - waitForElementClickable(findTestObject("Object Repository/Olusturma/Genel/Buton"), 10): Object 'Object Repository/Olusturma/Genel/Buton' is clickable

2021-11-19 17:23:21 - [MESSAGE][INFO] - Finding Test Object 'Object Repository/Olusturma/Genel/Buton'

2021-11-19 17:23:21 - [MESSAGE][INFO] - Checking object

2021-11-19 17:23:21 - [MESSAGE][INFO] - Checking timeout

2021-11-19 17:23:21 - [MESSAGE][INFO] - Finding web element from Test Object's properties

2021-11-19 17:23:21 - [MESSAGE][INFO] - Checking timeout

2021-11-19 17:23:21 - [MESSAGE][INFO] - Finding web element with id: 'Object Repository/Olusturma/Genel/Buton' located by 'By.xpath: //*[@id = 'btnKaydet']' in '10' second(s)

2021-11-19 17:23:21 - [MESSAGE][INFO] - Smart Wait Function is triggered

2021-11-19 17:23:21 - [MESSAGE][INFO] - Found 1 web elements with id: 'Object Repository/Olusturma/Genel/Buton' located by 'By.xpath: //*[@id = 'btnKaydet']' in '10' second(s)

2021-11-19 17:23:21 - [MESSAGE][PASSED] - Object 'Object Repository/Olusturma/Genel/Buton' is clickable

2021-11-19 17:23:21 - [TEST_STEP][PASSED] - click(findTestObject("Object Repository/Olusturma/Genel/Buton")): Object: 'Object Repository/Olusturma/Genel/Buton' is clicked on

2021-11-19 17:23:21 - [MESSAGE][INFO] - Finding Test Object 'Object Repository/Olusturma/Genel/Buton'

2021-11-19 17:23:21 - [MESSAGE][INFO] - Checking object

2021-11-19 17:23:21 - [MESSAGE][INFO] - Finding web element from Test Object's properties

2021-11-19 17:23:21 - [MESSAGE][INFO] - Checking timeout

2021-11-19 17:23:21 - [MESSAGE][INFO] - Finding web element with id: 'Object Repository/Olusturma/Genel/Buton' located by 'By.xpath: //*[@id = 'btnKaydet']' in '30' second(s)

2021-11-19 17:23:21 - [MESSAGE][INFO] - Smart Wait Function is triggered

2021-11-19 17:23:22 - [MESSAGE][INFO] - Found 1 web elements with id: 'Object Repository/Olusturma/Genel/Buton' located by 'By.xpath: //*[@id = 'btnKaydet']' in '30' second(s)

2021-11-19 17:23:22 - [MESSAGE][INFO] - Clicking on object: 'Object Repository/Olusturma/Genel/Buton'

2021-11-19 17:23:23 - [MESSAGE][PASSED] - Object: 'Object Repository/Olusturma/Genel/Buton' is clicked on

2021-11-19 17:23:23 - [MESSAGE][PASSED] - Call Test Case 'Test Cases/Olusturma/Genel/KaydetButonunaTiklanir' successfully

2021-11-19 17:23:23 - [MESSAGE][INFO] - Checking called Test Case

2021-11-19 17:23:23 - [MESSAGE][INFO] - Starting to call Test Case 'Test Cases/Tablo/TablodaEttnliVeriOlusturulduMu'

2021-11-19 17:23:23 - [TEST_CASE][PASSED] - Test Cases/Tablo/TablodaEttnliVeriOlusturulduMu: Test Cases/Tablo/TablodaEttnliVeriOlusturulduMu

2021-11-19 17:23:23 - [TEST_STEP][PASSED] - Method.TextDegerineEsitElementVarMi(findTestObject("Tablo/OlusturulanVeri"), ettn): Method.TextDegerineEsitElementVarMi is PASSED

2021-11-19 17:23:23 - [MESSAGE][INFO] - Finding Test Object 'Object Repository/Tablo/OlusturulanVeri'

2021-11-19 17:23:23 - [MESSAGE][INFO] - Checking timeout

2021-11-19 17:23:23 - [MESSAGE][INFO] - Finding web element with id: 'Object Repository/Tablo/OlusturulanVeri' located by 'By.cssSelector: table.dxgvTable_LECustomTheme>tbody>tr:nth-child(3)>td.dxgv b,table.dxgvTable_LECustomTheme>tbody>tr:nth-child(3)>td.dxgv' in '10' second(s)

2021-11-19 17:23:23 - [MESSAGE][INFO] - Smart Wait Function is triggered

2021-11-19 17:23:24 - [MESSAGE][INFO] - Found 11 web elements with id: 'Object Repository/Tablo/OlusturulanVeri' located by 'By.cssSelector: table.dxgvTable_LECustomTheme>tbody>tr:nth-child(3)>td.dxgv b,table.dxgvTable_LECustomTheme>tbody>tr:nth-child(3)>td.dxgv' in '10' second(s)

2021-11-19 17:23:24 - [MESSAGE][PASSED] - Method.TextDegerineEsitElementVarMi is PASSED

2021-11-19 17:23:24 - [MESSAGE][PASSED] - Call Test Case 'Test Cases/Tablo/TablodaEttnliVeriOlusturulduMu' successfully

2021-11-19 17:23:24 - [MESSAGE][INFO] - Checking called Test Case

2021-11-19 17:23:24 - [MESSAGE][INFO] - Starting to call Test Case 'Test Cases/Tablo/TablodanEttnliVeriSec'

2021-11-19 17:23:24 - [TEST_CASE][PASSED] - Test Cases/Tablo/TablodanEttnliVeriSec: Test Cases/Tablo/TablodanEttnliVeriSec

2021-11-19 17:23:24 - [TEST_STEP][PASSED] - Method.TextDegerineEsitElementinAltindakineTikla(findTestObject("Tablo/Veriler"), findTestObject("Tablo/VerininCheckBoxi"), ettn): Method.TextDegerineEsitElementinAltindakineTikla is PASSED

2021-11-19 17:23:24 - [MESSAGE][INFO] - Finding Test Object 'Object Repository/Tablo/Veriler'

2021-11-19 17:23:24 - [MESSAGE][INFO] - Finding Test Object 'Object Repository/Tablo/VerininCheckBoxi'

2021-11-19 17:23:24 - [MESSAGE][INFO] - Checking timeout

2021-11-19 17:23:24 - [MESSAGE][INFO] - Finding web element with id: 'Object Repository/Tablo/Veriler' located by 'By.cssSelector: td.dxgv b ,td.dxgv' in '10' second(s)

2021-11-19 17:23:24 - [MESSAGE][INFO] - Smart Wait Function is triggered

2021-11-19 17:23:24 - [MESSAGE][INFO] - Found 110 web elements with id: 'Object Repository/Tablo/Veriler' located by 'By.cssSelector: td.dxgv b ,td.dxgv' in '10' second(s)

2021-11-19 17:23:24 - [MESSAGE][INFO] - Smart Wait Function is triggered

2021-11-19 17:23:25 - [MESSAGE][PASSED] - Method.TextDegerineEsitElementinAltindakineTikla is PASSED

2021-11-19 17:23:25 - [MESSAGE][PASSED] - Call Test Case 'Test Cases/Tablo/TablodanEttnliVeriSec' successfully

2021-11-19 17:23:25 - [MESSAGE][INFO] - Checking called Test Case

2021-11-19 17:23:25 - [MESSAGE][INFO] - Starting to call Test Case 'Test Cases/Butonlar/ButonaTikla'

2021-11-19 17:23:25 - [TEST_CASE][PASSED] - Test Cases/Butonlar/ButonaTikla: Test Cases/Butonlar/ButonaTikla

2021-11-19 17:23:25 - [TEST_STEP][PASSED] - Method.TextDegerineEsitElementeTiklaEquals(findTestObject("Butonlar/Butonlar"), Buton_Adi): Method.TextDegerineEsitElementeTiklaEquals is PASSED

2021-11-19 17:23:25 - [MESSAGE][INFO] - Finding Test Object 'Object Repository/Butonlar/Butonlar'

2021-11-19 17:23:25 - [MESSAGE][INFO] - Checking timeout

2021-11-19 17:23:25 - [MESSAGE][INFO] - Finding web element with id: 'Object Repository/Butonlar/Butonlar' located by 'By.cssSelector: .panel.panel-default.text-center.footerPanel .btn,.btn.btn-primary.btnControls' in '10' second(s)

2021-11-19 17:23:25 - [MESSAGE][INFO] - Smart Wait Function is triggered

2021-11-19 17:23:25 - [MESSAGE][INFO] - Found 7 web elements with id: 'Object Repository/Butonlar/Butonlar' located by 'By.cssSelector: .panel.panel-default.text-center.footerPanel .btn,.btn.btn-primary.btnControls' in '10' second(s)

2021-11-19 17:23:25 - [MESSAGE][PASSED] - Method.TextDegerineEsitElementeTiklaEquals is PASSED

2021-11-19 17:23:25 - [MESSAGE][PASSED] - Call Test Case 'Test Cases/Butonlar/ButonaTikla' successfully

2021-11-19 17:23:25 - [MESSAGE][INFO] - Checking called Test Case

2021-11-19 17:23:25 - [MESSAGE][INFO] - Starting to call Test Case 'Test Cases/Popup/PopupMesajiIceriyorMu'

2021-11-19 17:23:25 - [TEST_CASE][PASSED] - Test Cases/Popup/PopupMesajiIceriyorMu: Test Cases/Popup/PopupMesajiIceriyorMu

2021-11-19 17:23:25 - [TEST_STEP][PASSED] - waitForElementVisible(findTestObject("Popup/Popup"), 10): Object 'Object Repository/Popup/Popup' is visible

2021-11-19 17:23:25 - [MESSAGE][INFO] - Finding Test Object 'Object Repository/Popup/Popup'

2021-11-19 17:23:26 - [MESSAGE][INFO] - Checking object

2021-11-19 17:23:26 - [MESSAGE][INFO] - Checking timeout

2021-11-19 17:23:26 - [MESSAGE][INFO] - Finding web element from Test Object's properties

2021-11-19 17:23:26 - [MESSAGE][INFO] - Checking timeout

2021-11-19 17:23:26 - [MESSAGE][INFO] - Finding web element with id: 'Object Repository/Popup/Popup' located by 'By.cssSelector: .bootbox-body' in '10' second(s)

2021-11-19 17:23:26 - [MESSAGE][INFO] - Smart Wait Function is triggered

2021-11-19 17:23:26 - [MESSAGE][INFO] - Found 1 web elements with id: 'Object Repository/Popup/Popup' located by 'By.cssSelector: .bootbox-body' in '10' second(s)

2021-11-19 17:23:26 - [MESSAGE][PASSED] - Object 'Object Repository/Popup/Popup' is visible

2021-11-19 17:23:26 - [TEST_STEP][PASSED] - if (!(getText(findTestObject("Popup/Popup")).contains(Mesaj))): Text of object 'Object Repository/Popup/Popup' is: 'Oluşturulacak makbuz numarası : FYS2021000000475 Makbuz numarası oluşturulduktan sonra makbuz silinemez. Makbuz numarası, tarihi ve ön eki değiştirilemez. Devam etmek istiyor musunuz?'

2021-11-19 17:23:26 - [MESSAGE][INFO] - Finding Test Object 'Object Repository/Popup/Popup'

2021-11-19 17:23:26 - [MESSAGE][INFO] - Checking object

2021-11-19 17:23:26 - [MESSAGE][INFO] - Finding web element from Test Object's properties

2021-11-19 17:23:26 - [MESSAGE][INFO] - Checking timeout

2021-11-19 17:23:26 - [MESSAGE][INFO] - Finding web element with id: 'Object Repository/Popup/Popup' located by 'By.cssSelector: .bootbox-body' in '30' second(s)

2021-11-19 17:23:26 - [MESSAGE][INFO] - Smart Wait Function is triggered

2021-11-19 17:23:27 - [MESSAGE][INFO] - Found 1 web elements with id: 'Object Repository/Popup/Popup' located by 'By.cssSelector: .bootbox-body' in '30' second(s)

2021-11-19 17:23:27 - [MESSAGE][INFO] - Getting text of object 'Object Repository/Popup/Popup'

2021-11-19 17:23:27 - [MESSAGE][PASSED] - Text of object 'Object Repository/Popup/Popup' is: 'Oluşturulacak makbuz numarası : FYS2021000000475 Makbuz numarası oluşturulduktan sonra makbuz silinemez. Makbuz numarası, tarihi ve ön eki değiştirilemez. Devam etmek istiyor musunuz?'

2021-11-19 17:23:27 - [TEST_STEP][PASSED] - RaporNo = getText(findTestObject("Popup/Popup")).substring(0, 6): Text of object 'Object Repository/Popup/Popup' is: 'Oluşturulacak makbuz numarası : FYS2021000000475 Makbuz numarası oluşturulduktan sonra makbuz silinemez. Makbuz numarası, tarihi ve ön eki değiştirilemez. Devam etmek istiyor musunuz?'

2021-11-19 17:23:27 - [MESSAGE][INFO] - Finding Test Object 'Object Repository/Popup/Popup'

2021-11-19 17:23:27 - [MESSAGE][INFO] - Checking object

2021-11-19 17:23:27 - [MESSAGE][INFO] - Finding web element from Test Object's properties

2021-11-19 17:23:27 - [MESSAGE][INFO] - Checking timeout

2021-11-19 17:23:27 - [MESSAGE][INFO] - Finding web element with id: 'Object Repository/Popup/Popup' located by 'By.cssSelector: .bootbox-body' in '30' second(s)

2021-11-19 17:23:27 - [MESSAGE][INFO] - Smart Wait Function is triggered

2021-11-19 17:23:27 - [MESSAGE][INFO] - Found 1 web elements with id: 'Object Repository/Popup/Popup' located by 'By.cssSelector: .bootbox-body' in '30' second(s)

2021-11-19 17:23:27 - [MESSAGE][INFO] - Getting text of object 'Object Repository/Popup/Popup'

2021-11-19 17:23:27 - [MESSAGE][PASSED] - Text of object 'Object Repository/Popup/Popup' is: 'Oluşturulacak makbuz numarası : FYS2021000000475 Makbuz numarası oluşturulduktan sonra makbuz silinemez. Makbuz numarası, tarihi ve ön eki değiştirilemez. Devam etmek istiyor musunuz?'

2021-11-19 17:23:27 - [TEST_STEP][PASSED] - Console.println(RaporNo): null

2021-11-19 17:23:27 - [MESSAGE][PASSED] - Call Test Case 'Test Cases/Popup/PopupMesajiIceriyorMu' successfully

2021-11-19 17:23:27 - [MESSAGE][INFO] - Checking called Test Case

2021-11-19 17:23:27 - [MESSAGE][INFO] - Starting to call Test Case 'Test Cases/Popup/PopupButonSecilir'

2021-11-19 17:23:27 - [TEST_CASE][PASSED] - Test Cases/Popup/PopupButonSecilir: Test Cases/Popup/PopupButonSecilir

2021-11-19 17:23:27 - [TEST_STEP][PASSED] - Method.TextDegerineEsitElementeTikla(findTestObject("Popup/Popup_Butons"), Buton): Method.TextDegerineEsitElementeTikla is PASSED

2021-11-19 17:23:27 - [MESSAGE][INFO] - Finding Test Object 'Object Repository/Popup/Popup_Butons'

2021-11-19 17:23:27 - [MESSAGE][INFO] - Checking timeout

2021-11-19 17:23:27 - [MESSAGE][INFO] - Finding web element with id: 'Object Repository/Popup/Popup_Butons' located by 'By.cssSelector: .modal-footer>button' in '10' second(s)

2021-11-19 17:23:27 - [MESSAGE][INFO] - Smart Wait Function is triggered

2021-11-19 17:23:27 - [MESSAGE][INFO] - Found 2 web elements with id: 'Object Repository/Popup/Popup_Butons' located by 'By.cssSelector: .modal-footer>button' in '10' second(s)

2021-11-19 17:23:28 - [MESSAGE][PASSED] - Method.TextDegerineEsitElementeTikla is PASSED

2021-11-19 17:23:28 - [MESSAGE][PASSED] - Call Test Case 'Test Cases/Popup/PopupButonSecilir' successfully

2021-11-19 17:23:28 - [MESSAGE][INFO] - Checking called Test Case

2021-11-19 17:23:28 - [MESSAGE][INFO] - Starting to call Test Case 'Test Cases/Popup/PopupMesajiIceriyorMu'

2021-11-19 17:23:28 - [TEST_CASE][PASSED] - Test Cases/Popup/PopupMesajiIceriyorMu: Test Cases/Popup/PopupMesajiIceriyorMu

2021-11-19 17:23:28 - [TEST_STEP][PASSED] - waitForElementVisible(findTestObject("Popup/Popup"), 10): Object 'Object Repository/Popup/Popup' is visible

2021-11-19 17:23:28 - [MESSAGE][INFO] - Finding Test Object 'Object Repository/Popup/Popup'

2021-11-19 17:23:28 - [MESSAGE][INFO] - Checking object

2021-11-19 17:23:28 - [MESSAGE][INFO] - Checking timeout

2021-11-19 17:23:28 - [MESSAGE][INFO] - Finding web element from Test Object's properties

2021-11-19 17:23:28 - [MESSAGE][INFO] - Checking timeout

2021-11-19 17:23:28 - [MESSAGE][INFO] - Finding web element with id: 'Object Repository/Popup/Popup' located by 'By.cssSelector: .bootbox-body' in '10' second(s)

2021-11-19 17:23:28 - [MESSAGE][INFO] - Smart Wait Function is triggered

2021-11-19 17:23:28 - [MESSAGE][INFO] - Found 1 web elements with id: 'Object Repository/Popup/Popup' located by 'By.cssSelector: .bootbox-body' in '10' second(s)

2021-11-19 17:23:28 - [MESSAGE][PASSED] - Object 'Object Repository/Popup/Popup' is visible

2021-11-19 17:23:28 - [TEST_STEP][PASSED] - if (!(getText(findTestObject("Popup/Popup")).contains(Mesaj))): Text of object 'Object Repository/Popup/Popup' is: 'Makbuz numaranız FYS2021000000475 olarak oluşmuştur.'

2021-11-19 17:23:28 - [MESSAGE][INFO] - Finding Test Object 'Object Repository/Popup/Popup'

2021-11-19 17:23:29 - [MESSAGE][INFO] - Checking object

2021-11-19 17:23:29 - [MESSAGE][INFO] - Finding web element from Test Object's properties

2021-11-19 17:23:29 - [MESSAGE][INFO] - Checking timeout

2021-11-19 17:23:29 - [MESSAGE][INFO] - Finding web element with id: 'Object Repository/Popup/Popup' located by 'By.cssSelector: .bootbox-body' in '30' second(s)

2021-11-19 17:23:29 - [MESSAGE][INFO] - Smart Wait Function is triggered

2021-11-19 17:23:29 - [MESSAGE][INFO] - Found 1 web elements with id: 'Object Repository/Popup/Popup' located by 'By.cssSelector: .bootbox-body' in '30' second(s)

2021-11-19 17:23:29 - [MESSAGE][INFO] - Getting text of object 'Object Repository/Popup/Popup'

2021-11-19 17:23:29 - [MESSAGE][PASSED] - Text of object 'Object Repository/Popup/Popup' is: 'Makbuz numaranız FYS2021000000475 olarak oluşmuştur.'

2021-11-19 17:23:29 - [TEST_STEP][PASSED] - RaporNo = getText(findTestObject("Popup/Popup")).substring(0, 6): Text of object 'Object Repository/Popup/Popup' is: 'Makbuz numaranız FYS2021000000475 olarak oluşmuştur.'

2021-11-19 17:23:29 - [MESSAGE][INFO] - Finding Test Object 'Object Repository/Popup/Popup'

2021-11-19 17:23:29 - [MESSAGE][INFO] - Checking object

2021-11-19 17:23:29 - [MESSAGE][INFO] - Finding web element from Test Object's properties

2021-11-19 17:23:29 - [MESSAGE][INFO] - Checking timeout

2021-11-19 17:23:29 - [MESSAGE][INFO] - Finding web element with id: 'Object Repository/Popup/Popup' located by 'By.cssSelector: .bootbox-body' in '30' second(s)

2021-11-19 17:23:29 - [MESSAGE][INFO] - Smart Wait Function is triggered

2021-11-19 17:23:29 - [MESSAGE][INFO] - Found 1 web elements with id: 'Object Repository/Popup/Popup' located by 'By.cssSelector: .bootbox-body' in '30' second(s)

2021-11-19 17:23:29 - [MESSAGE][INFO] - Getting text of object 'Object Repository/Popup/Popup'

2021-11-19 17:23:29 - [MESSAGE][PASSED] - Text of object 'Object Repository/Popup/Popup' is: 'Makbuz numaranız FYS2021000000475 olarak oluşmuştur.'

2021-11-19 17:23:29 - [TEST_STEP][PASSED] - Console.println(RaporNo): null

2021-11-19 17:23:29 - [MESSAGE][PASSED] - Call Test Case 'Test Cases/Popup/PopupMesajiIceriyorMu' successfully

2021-11-19 17:23:29 - [MESSAGE][INFO] - Checking called Test Case

2021-11-19 17:23:29 - [MESSAGE][INFO] - Starting to call Test Case 'Test Cases/Popup/PopupButonSecilir'

2021-11-19 17:23:29 - [TEST_CASE][PASSED] - Test Cases/Popup/PopupButonSecilir: Test Cases/Popup/PopupButonSecilir

2021-11-19 17:23:29 - [TEST_STEP][PASSED] - Method.TextDegerineEsitElementeTikla(findTestObject("Popup/Popup_Butons"), Buton): Method.TextDegerineEsitElementeTikla is PASSED

2021-11-19 17:23:29 - [MESSAGE][INFO] - Finding Test Object 'Object Repository/Popup/Popup_Butons'

2021-11-19 17:23:29 - [MESSAGE][INFO] - Checking timeout

2021-11-19 17:23:29 - [MESSAGE][INFO] - Finding web element with id: 'Object Repository/Popup/Popup_Butons' located by 'By.cssSelector: .modal-footer>button' in '10' second(s)

2021-11-19 17:23:29 - [MESSAGE][INFO] - Smart Wait Function is triggered

2021-11-19 17:23:30 - [MESSAGE][INFO] - Found 1 web elements with id: 'Object Repository/Popup/Popup_Butons' located by 'By.cssSelector: .modal-footer>button' in '10' second(s)

2021-11-19 17:23:30 - [MESSAGE][PASSED] - Method.TextDegerineEsitElementeTikla is PASSED

2021-11-19 17:23:30 - [MESSAGE][PASSED] - Call Test Case 'Test Cases/Popup/PopupButonSecilir' successfully

2021-11-19 17:23:30 - [MESSAGE][INFO] - Checking called Test Case

2021-11-19 17:23:30 - [MESSAGE][INFO] - Starting to call Test Case 'Test Cases/Tablo/TablodanEttnliVeriSec'

2021-11-19 17:23:30 - [TEST_CASE][PASSED] - Test Cases/Tablo/TablodanEttnliVeriSec: Test Cases/Tablo/TablodanEttnliVeriSec

2021-11-19 17:23:30 - [TEST_STEP][PASSED] - Method.TextDegerineEsitElementinAltindakineTikla(findTestObject("Tablo/Veriler"), findTestObject("Tablo/VerininCheckBoxi"), ettn): Method.TextDegerineEsitElementinAltindakineTikla is PASSED

2021-11-19 17:23:30 - [MESSAGE][INFO] - Finding Test Object 'Object Repository/Tablo/Veriler'

2021-11-19 17:23:30 - [MESSAGE][INFO] - Finding Test Object 'Object Repository/Tablo/VerininCheckBoxi'

2021-11-19 17:23:30 - [MESSAGE][INFO] - Checking timeout

2021-11-19 17:23:30 - [MESSAGE][INFO] - Finding web element with id: 'Object Repository/Tablo/Veriler' located by 'By.cssSelector: td.dxgv b ,td.dxgv' in '10' second(s)

2021-11-19 17:23:30 - [MESSAGE][INFO] - Smart Wait Function is triggered

2021-11-19 17:23:30 - [MESSAGE][INFO] - Found 110 web elements with id: 'Object Repository/Tablo/Veriler' located by 'By.cssSelector: td.dxgv b ,td.dxgv' in '10' second(s)

2021-11-19 17:23:31 - [MESSAGE][INFO] - Smart Wait Function is triggered

2021-11-19 17:23:31 - [MESSAGE][PASSED] - Method.TextDegerineEsitElementinAltindakineTikla is PASSED

2021-11-19 17:23:31 - [MESSAGE][PASSED] - Call Test Case 'Test Cases/Tablo/TablodanEttnliVeriSec' successfully

2021-11-19 17:23:31 - [MESSAGE][INFO] - Checking called Test Case

2021-11-19 17:23:31 - [MESSAGE][INFO] - Starting to call Test Case 'Test Cases/Butonlar/ButonaTikla'

2021-11-19 17:23:31 - [TEST_CASE][PASSED] - Test Cases/Butonlar/ButonaTikla: Test Cases/Butonlar/ButonaTikla

2021-11-19 17:23:31 - [TEST_STEP][PASSED] - Method.TextDegerineEsitElementeTiklaEquals(findTestObject("Butonlar/Butonlar"), Buton_Adi): Method.TextDegerineEsitElementeTiklaEquals is PASSED

2021-11-19 17:23:31 - [MESSAGE][INFO] - Finding Test Object 'Object Repository/Butonlar/Butonlar'

2021-11-19 17:23:31 - [MESSAGE][INFO] - Checking timeout

2021-11-19 17:23:31 - [MESSAGE][INFO] - Finding web element with id: 'Object Repository/Butonlar/Butonlar' located by 'By.cssSelector: .panel.panel-default.text-center.footerPanel .btn,.btn.btn-primary.btnControls' in '10' second(s)

2021-11-19 17:23:31 - [MESSAGE][INFO] - Smart Wait Function is triggered

2021-11-19 17:23:31 - [MESSAGE][INFO] - Found 7 web elements with id: 'Object Repository/Butonlar/Butonlar' located by 'By.cssSelector: .panel.panel-default.text-center.footerPanel .btn,.btn.btn-primary.btnControls' in '10' second(s)

2021-11-19 17:23:32 - [MESSAGE][PASSED] - Method.TextDegerineEsitElementeTiklaEquals is PASSED

2021-11-19 17:23:32 - [MESSAGE][PASSED] - Call Test Case 'Test Cases/Butonlar/ButonaTikla' successfully

2021-11-19 17:23:32 - [MESSAGE][INFO] - Checking called Test Case

2021-11-19 17:23:32 - [MESSAGE][INFO] - Starting to call Test Case 'Test Cases/Popup/PopupMesajiIceriyorMu'

2021-11-19 17:23:32 - [TEST_CASE][PASSED] - Test Cases/Popup/PopupMesajiIceriyorMu: Test Cases/Popup/PopupMesajiIceriyorMu

2021-11-19 17:23:32 - [TEST_STEP][PASSED] - waitForElementVisible(findTestObject("Popup/Popup"), 10): Object 'Object Repository/Popup/Popup' is visible

2021-11-19 17:23:32 - [MESSAGE][INFO] - Finding Test Object 'Object Repository/Popup/Popup'

2021-11-19 17:23:32 - [MESSAGE][INFO] - Checking object

2021-11-19 17:23:32 - [MESSAGE][INFO] - Checking timeout

2021-11-19 17:23:32 - [MESSAGE][INFO] - Finding web element from Test Object's properties

2021-11-19 17:23:32 - [MESSAGE][INFO] - Checking timeout

2021-11-19 17:23:32 - [MESSAGE][INFO] - Finding web element with id: 'Object Repository/Popup/Popup' located by 'By.cssSelector: .bootbox-body' in '10' second(s)

2021-11-19 17:23:32 - [MESSAGE][INFO] - Smart Wait Function is triggered

2021-11-19 17:23:32 - [MESSAGE][INFO] - Found 1 web elements with id: 'Object Repository/Popup/Popup' located by 'By.cssSelector: .bootbox-body' in '10' second(s)

2021-11-19 17:23:32 - [MESSAGE][PASSED] - Object 'Object Repository/Popup/Popup' is visible

2021-11-19 17:23:32 - [TEST_STEP][PASSED] - if (!(getText(findTestObject("Popup/Popup")).contains(Mesaj))): Text of object 'Object Repository/Popup/Popup' is: 'FYS serisi için onaylanmamış belge(leri)niz bulunmaktadır.
Devam etmek istiyor musunuz?'

2021-11-19 17:23:32 - [MESSAGE][INFO] - Finding Test Object 'Object Repository/Popup/Popup'

2021-11-19 17:23:32 - [MESSAGE][INFO] - Checking object

2021-11-19 17:23:32 - [MESSAGE][INFO] - Finding web element from Test Object's properties

2021-11-19 17:23:32 - [MESSAGE][INFO] - Checking timeout

2021-11-19 17:23:32 - [MESSAGE][INFO] - Finding web element with id: 'Object Repository/Popup/Popup' located by 'By.cssSelector: .bootbox-body' in '30' second(s)

2021-11-19 17:23:32 - [MESSAGE][INFO] - Smart Wait Function is triggered

2021-11-19 17:23:32 - [MESSAGE][INFO] - Found 1 web elements with id: 'Object Repository/Popup/Popup' located by 'By.cssSelector: .bootbox-body' in '30' second(s)

2021-11-19 17:23:32 - [MESSAGE][INFO] - Getting text of object 'Object Repository/Popup/Popup'

2021-11-19 17:23:32 - [MESSAGE][PASSED] - Text of object 'Object Repository/Popup/Popup' is: 'FYS serisi için onaylanmamış belge(leri)niz bulunmaktadır.
Devam etmek istiyor musunuz?'

2021-11-19 17:23:32 - [TEST_STEP][PASSED] - RaporNo = getText(findTestObject("Popup/Popup")).substring(0, 6): Text of object 'Object Repository/Popup/Popup' is: 'FYS serisi için onaylanmamış belge(leri)niz bulunmaktadır.
Devam etmek istiyor musunuz?'

2021-11-19 17:23:32 - [MESSAGE][INFO] - Finding Test Object 'Object Repository/Popup/Popup'

2021-11-19 17:23:33 - [MESSAGE][INFO] - Checking object

2021-11-19 17:23:33 - [MESSAGE][INFO] - Finding web element from Test Object's properties

2021-11-19 17:23:33 - [MESSAGE][INFO] - Checking timeout

2021-11-19 17:23:33 - [MESSAGE][INFO] - Finding web element with id: 'Object Repository/Popup/Popup' located by 'By.cssSelector: .bootbox-body' in '30' second(s)

2021-11-19 17:23:33 - [MESSAGE][INFO] - Smart Wait Function is triggered

2021-11-19 17:23:33 - [MESSAGE][INFO] - Found 1 web elements with id: 'Object Repository/Popup/Popup' located by 'By.cssSelector: .bootbox-body' in '30' second(s)

2021-11-19 17:23:33 - [MESSAGE][INFO] - Getting text of object 'Object Repository/Popup/Popup'

2021-11-19 17:23:33 - [MESSAGE][PASSED] - Text of object 'Object Repository/Popup/Popup' is: 'FYS serisi için onaylanmamış belge(leri)niz bulunmaktadır.
Devam etmek istiyor musunuz?'

2021-11-19 17:23:33 - [TEST_STEP][PASSED] - Console.println(RaporNo): null

2021-11-19 17:23:33 - [MESSAGE][PASSED] - Call Test Case 'Test Cases/Popup/PopupMesajiIceriyorMu' successfully

2021-11-19 17:23:33 - [MESSAGE][INFO] - Checking called Test Case

2021-11-19 17:23:33 - [MESSAGE][INFO] - Starting to call Test Case 'Test Cases/Popup/PopupButonSecilir'

2021-11-19 17:23:33 - [TEST_CASE][PASSED] - Test Cases/Popup/PopupButonSecilir: Test Cases/Popup/PopupButonSecilir

2021-11-19 17:23:33 - [TEST_STEP][PASSED] - Method.TextDegerineEsitElementeTikla(findTestObject("Popup/Popup_Butons"), Buton): Method.TextDegerineEsitElementeTikla is PASSED

2021-11-19 17:23:33 - [MESSAGE][INFO] - Finding Test Object 'Object Repository/Popup/Popup_Butons'

2021-11-19 17:23:33 - [MESSAGE][INFO] - Checking timeout

2021-11-19 17:23:33 - [MESSAGE][INFO] - Finding web element with id: 'Object Repository/Popup/Popup_Butons' located by 'By.cssSelector: .modal-footer>button' in '10' second(s)

2021-11-19 17:23:33 - [MESSAGE][INFO] - Smart Wait Function is triggered

2021-11-19 17:23:33 - [MESSAGE][INFO] - Found 2 web elements with id: 'Object Repository/Popup/Popup_Butons' located by 'By.cssSelector: .modal-footer>button' in '10' second(s)

2021-11-19 17:23:33 - [MESSAGE][PASSED] - Method.TextDegerineEsitElementeTikla is PASSED

2021-11-19 17:23:33 - [MESSAGE][PASSED] - Call Test Case 'Test Cases/Popup/PopupButonSecilir' successfully

2021-11-19 17:23:33 - [MESSAGE][INFO] - Checking called Test Case

2021-11-19 17:23:33 - [MESSAGE][INFO] - Starting to call Test Case 'Test Cases/Menu/AnaMenuSecimi'

2021-11-19 17:23:33 - [TEST_CASE][PASSED] - Test Cases/Menu/AnaMenuSecimi: Test Cases/Menu/AnaMenuSecimi

2021-11-19 17:23:33 - [TEST_STEP][PASSED] - Method.TextDegerineEsitElementeTikla(findTestObject("Menu/Ana_Menu"), Ana_Menu): Method.TextDegerineEsitElementeTikla is PASSED

2021-11-19 17:23:33 - [MESSAGE][INFO] - Finding Test Object 'Object Repository/Menu/Ana_Menu'

2021-11-19 17:23:33 - [MESSAGE][INFO] - Checking timeout

2021-11-19 17:23:33 - [MESSAGE][INFO] - Finding web element with id: 'Object Repository/Menu/Ana_Menu' located by 'By.xpath: //*[@class = 'dropdown-toggle']' in '10' second(s)

2021-11-19 17:23:33 - [MESSAGE][INFO] - Smart Wait Function is triggered

2021-11-19 17:23:39 - [MESSAGE][INFO] - Found 14 web elements with id: 'Object Repository/Menu/Ana_Menu' located by 'By.xpath: //*[@class = 'dropdown-toggle']' in '10' second(s)

2021-11-19 17:23:39 - [MESSAGE][PASSED] - Method.TextDegerineEsitElementeTikla is PASSED

2021-11-19 17:23:39 - [MESSAGE][PASSED] - Call Test Case 'Test Cases/Menu/AnaMenuSecimi' successfully

2021-11-19 17:23:40 - [MESSAGE][INFO] - Checking called Test Case

2021-11-19 17:23:40 - [MESSAGE][INFO] - Starting to call Test Case 'Test Cases/Menu/BasligaGoreAltMenuSecimi'

2021-11-19 17:23:40 - [TEST_CASE][PASSED] - Test Cases/Menu/BasligaGoreAltMenuSecimi: Test Cases/Menu/BasligaGoreAltMenuSecimi

2021-11-19 17:23:40 - [TEST_STEP][PASSED] - Method.TextDegerineEsitElementinAltindakiTextDegerineEsitOlanaTikla(findTestObject("Menu/Menu_Basligi"), findTestObject("Menu/Basliga_Gore_Alt_Menu"), Baslik, Alt_Menu): Method.TextDegerineEsitElementinAltindakiTextDegerineEsitOlanaTikla is PASSED

2021-11-19 17:23:40 - [MESSAGE][INFO] - Finding Test Object 'Object Repository/Menu/Menu_Basligi'

2021-11-19 17:23:40 - [MESSAGE][INFO] - Finding Test Object 'Object Repository/Menu/Basliga_Gore_Alt_Menu'

2021-11-19 17:23:40 - [MESSAGE][INFO] - Checking timeout

2021-11-19 17:23:40 - [MESSAGE][INFO] - Finding web element with id: 'Object Repository/Menu/Menu_Basligi' located by 'By.xpath: //li[@class='dropdown dropdown-large open']//li[@class='dropdown-header']' in '10' second(s)

2021-11-19 17:23:40 - [MESSAGE][INFO] - Smart Wait Function is triggered

2021-11-19 17:23:40 - [MESSAGE][INFO] - Found 2 web elements with id: 'Object Repository/Menu/Menu_Basligi' located by 'By.xpath: //li[@class='dropdown dropdown-large open']//li[@class='dropdown-header']' in '10' second(s)

2021-11-19 17:23:40 - [MESSAGE][INFO] - Smart Wait Function is triggered

2021-11-19 17:23:41 - [MESSAGE][PASSED] - Method.TextDegerineEsitElementinAltindakiTextDegerineEsitOlanaTikla is PASSED

2021-11-19 17:23:41 - [MESSAGE][PASSED] - Call Test Case 'Test Cases/Menu/BasligaGoreAltMenuSecimi' successfully

2021-11-19 17:23:41 - [MESSAGE][INFO] - Checking called Test Case

2021-11-19 17:23:41 - [MESSAGE][INFO] - Starting to call Test Case 'Test Cases/Filtreler/EttnYaz'

2021-11-19 17:23:41 - [TEST_CASE][PASSED] - Test Cases/Filtreler/EttnYaz: Test Cases/Filtreler/EttnYaz

2021-11-19 17:23:41 - [TEST_STEP][PASSED] - Method.TextDegerineEsitElementinAltindakiTextboxtaYaz(findTestObject("Filtreler/Basliklar"), findTestObject("Filtreler/Basliga_Gore_Textbox"), "ETTN", ettn): Method.TextDegerineEsitElementinAltindakiTextboxtaYaz is PASSED

2021-11-19 17:23:41 - [MESSAGE][INFO] - Finding Test Object 'Object Repository/Filtreler/Basliklar'

2021-11-19 17:23:41 - [MESSAGE][INFO] - Finding Test Object 'Object Repository/Filtreler/Basliga_Gore_Textbox'

2021-11-19 17:23:41 - [MESSAGE][INFO] - Checking timeout

2021-11-19 17:23:41 - [MESSAGE][INFO] - Finding web element with id: 'Object Repository/Filtreler/Basliklar' located by 'By.cssSelector: .control-label.col-sm-4.paddingMarginRLC' in '10' second(s)

2021-11-19 17:23:41 - [MESSAGE][INFO] - Smart Wait Function is triggered

2021-11-19 17:23:42 - [MESSAGE][INFO] - Found 13 web elements with id: 'Object Repository/Filtreler/Basliklar' located by 'By.cssSelector: .control-label.col-sm-4.paddingMarginRLC' in '10' second(s)

2021-11-19 17:23:42 - [MESSAGE][INFO] - Smart Wait Function is triggered

2021-11-19 17:23:42 - [MESSAGE][PASSED] - Method.TextDegerineEsitElementinAltindakiTextboxtaYaz is PASSED

2021-11-19 17:23:42 - [MESSAGE][PASSED] - Call Test Case 'Test Cases/Filtreler/EttnYaz' successfully

2021-11-19 17:23:42 - [MESSAGE][INFO] - Checking called Test Case

2021-11-19 17:23:42 - [MESSAGE][INFO] - Starting to call Test Case 'Test Cases/Filtreler/ButonaTikla'

2021-11-19 17:23:42 - [TEST_CASE][PASSED] - Test Cases/Filtreler/ButonaTikla: Test Cases/Filtreler/ButonaTikla

2021-11-19 17:23:42 - [TEST_STEP][PASSED] - Method.TextDegerineEsitElementeTikla(findTestObject("Filtreler/Butonlar"), Filtre_Buton): Method.TextDegerineEsitElementeTikla is PASSED

2021-11-19 17:23:42 - [MESSAGE][INFO] - Finding Test Object 'Object Repository/Filtreler/Butonlar'

2021-11-19 17:23:42 - [MESSAGE][INFO] - Checking timeout

2021-11-19 17:23:42 - [MESSAGE][INFO] - Finding web element with id: 'Object Repository/Filtreler/Butonlar' located by 'By.cssSelector: .dxb>span' in '10' second(s)

2021-11-19 17:23:42 - [MESSAGE][INFO] - Smart Wait Function is triggered

2021-11-19 17:23:43 - [MESSAGE][INFO] - Found 3 web elements with id: 'Object Repository/Filtreler/Butonlar' located by 'By.cssSelector: .dxb>span' in '10' second(s)

2021-11-19 17:23:43 - [MESSAGE][PASSED] - Method.TextDegerineEsitElementeTikla is PASSED

2021-11-19 17:23:43 - [MESSAGE][PASSED] - Call Test Case 'Test Cases/Filtreler/ButonaTikla' successfully

2021-11-19 17:23:43 - [MESSAGE][INFO] - Checking called Test Case

2021-11-19 17:23:43 - [MESSAGE][INFO] - Starting to call Test Case 'Test Cases/Tablo/TablodaVeriVarMi'

2021-11-19 17:23:43 - [TEST_CASE][PASSED] - Test Cases/Tablo/TablodaVeriVarMi: Test Cases/Tablo/TablodaVeriVarMi

2021-11-19 17:23:43 - [TEST_STEP][PASSED] - verifyTextNotPresent("Görüntülenecek veri yok", true): Text 'Görüntülenecek veri yok' is not present on page using regular expression

2021-11-19 17:23:43 - [MESSAGE][INFO] - Checking text present  using regular expression

2021-11-19 17:23:43 - [MESSAGE][INFO] - Smart Wait Function is triggered

2021-11-19 17:23:43 - [MESSAGE][INFO] - Finding text 'Görüntülenecek veri yok' on page  using regular expression

2021-11-19 17:23:43 - [MESSAGE][PASSED] - Text 'Görüntülenecek veri yok' is not present on page using regular expression

2021-11-19 17:23:43 - [MESSAGE][PASSED] - Call Test Case 'Test Cases/Tablo/TablodaVeriVarMi' successfully

2021-11-19 17:23:43 - [MESSAGE][INFO] - Checking called Test Case

2021-11-19 17:23:43 - [MESSAGE][INFO] - Starting to call Test Case 'Test Cases/Tablo/TablodaVeriBasariliMiSmm'

2021-11-19 17:23:44 - [TEST_CASE][PASSED] - Test Cases/Tablo/TablodaVeriBasariliMiSmm: Test Cases/Tablo/TablodaVeriBasariliMiSmm

2021-11-19 17:23:44 - [TEST_STEP][PASSED] - sayac = 80: null

2021-11-19 17:23:44 - [TEST_STEP][PASSED] - while (verifyElementText(findTestObject("Tablo/DurumBilgisiSmm"), "Henüz Sonuçlanmadı", OPTIONAL)): Actual text 'Başarılı' and expected text 'Henüz Sonuçlanmadı' of test object 'Object Repository/Tablo/DurumBilgisiSmm' are NOT matched. (Root cause: com.kms.katalon.core.exception.StepFailedException: Actual text 'Başarılı' and expected text 'Henüz Sonuçlanmadı' of test object 'Object Repository/Tablo/DurumBilgisiSmm' are NOT matched.
	at com.kms.katalon.core.webui.keyword.internal.WebUIKeywordMain.stepFailed(WebUIKeywordMain.groovy:64)
	at com.kms.katalon.core.webui.keyword.builtin.VerifyElementTextKeyword$_verifyElementText_closure1.doCall(VerifyElementTextKeyword.groovy:57)
	at com.kms.katalon.core.webui.keyword.builtin.VerifyElementTextKeyword$_verifyElementText_closure1.call(VerifyElementTextKeyword.groovy)
	at com.kms.katalon.core.webui.keyword.internal.WebUIKeywordMain.runKeyword(WebUIKeywordMain.groovy:20)
	at com.kms.katalon.core.webui.keyword.builtin.VerifyElementTextKeyword.verifyElementText(VerifyElementTextKeyword.groovy:72)
	at com.kms.katalon.core.webui.keyword.builtin.VerifyElementTextKeyword.execute(VerifyElementTextKeyword.groovy:40)
	at com.kms.katalon.core.keyword.internal.KeywordExecutor.executeKeywordForPlatform(KeywordExecutor.groovy:73)
	at com.kms.katalon.core.webui.keyword.WebUiBuiltInKeywords.verifyElementText(WebUiBuiltInKeywords.groovy:4733)
	at com.kms.katalon.core.webui.keyword.WebUiBuiltInKeywords$verifyElementText$20.call(Unknown Source)
	at TablodaVeriBasariliMiSmm.run(TablodaVeriBasariliMiSmm:22)
	at com.kms.katalon.core.main.ScriptEngine.run(ScriptEngine.java:194)
	at com.kms.katalon.core.main.ScriptEngine.runScriptAsRawText(ScriptEngine.java:119)
	at com.kms.katalon.core.main.TestCaseExecutor.runScript(TestCaseExecutor.java:369)
	at com.kms.katalon.core.main.TestCaseExecutor.doExecute(TestCaseExecutor.java:360)
	at com.kms.katalon.core.main.TestCaseExecutor.processExecutionPhase(TestCaseExecutor.java:339)
	at com.kms.katalon.core.main.TestCaseExecutor.accessMainPhase(TestCaseExecutor.java:331)
	at com.kms.katalon.core.main.TestCaseExecutor.execute(TestCaseExecutor.java:248)
	at com.kms.katalon.core.main.TestCaseMain.runTestCase(TestCaseMain.java:138)
	at com.kms.katalon.core.keyword.builtin.CallTestCaseKeyword$_callTestCase_closure1.doCall(CallTestCaseKeyword.groovy:59)
	at com.kms.katalon.core.keyword.builtin.CallTestCaseKeyword$_callTestCase_closure1.call(CallTestCaseKeyword.groovy)
	at com.kms.katalon.core.keyword.internal.KeywordMain.runKeyword(KeywordMain.groovy:68)
	at com.kms.katalon.core.keyword.builtin.CallTestCaseKeyword.callTestCase(CallTestCaseKeyword.groovy:81)
	at com.kms.katalon.core.keyword.builtin.CallTestCaseKeyword.execute(CallTestCaseKeyword.groovy:44)
	at com.kms.katalon.core.keyword.internal.KeywordExecutor.executeKeywordForPlatform(KeywordExecutor.groovy:73)
	at com.kms.katalon.core.keyword.BuiltinKeywords.callTestCase(BuiltinKeywords.groovy:334)
	at tablo.tablo.tablodaVeriBasariliMiSmm(tablo.groovy:105)
	at cucumber.runtime.Utils$1.call(Utils.java:26)
	at cucumber.runtime.Timeout.timeout(Timeout.java:16)
	at cucumber.runtime.Utils.invoke(Utils.java:20)
	at cucumber.runtime.java.JavaStepDefinition.execute(JavaStepDefinition.java:49)
	at cucumber.runner.PickleStepDefinitionMatch.runStep(PickleStepDefinitionMatch.java:50)
	at cucumber.runner.TestStep.executeStep(TestStep.java:63)
	at cucumber.runner.TestStep.run(TestStep.java:49)
	at cucumber.runner.PickleStepTestStep.run(PickleStepTestStep.java:43)
	at cucumber.runner.TestCase.run(TestCase.java:44)
	at cucumber.runner.Runner.runPickle(Runner.java:40)
	at cucumber.runtime.Runtime$1.run(Runtime.java:84)
	at cucumber.runtime.Runtime$SameThreadExecutorService.execute(Runtime.java:220)
	at cucumber.runtime.Runtime.run(Runtime.java:81)
	at cucumber.api.cli.Main.run(Main.java:26)
	at cucumber.api.cli.Main$run.call(Unknown Source)
	at com.kms.katalon.core.cucumber.keyword.CucumberBuiltinKeywords$_runFeatureFile_closure1.doCall(CucumberBuiltinKeywords.groovy:106)
	at com.kms.katalon.core.cucumber.keyword.CucumberBuiltinKeywords$_runFeatureFile_closure1.doCall(CucumberBuiltinKeywords.groovy)
	at com.kms.katalon.core.keyword.internal.KeywordMain.runKeyword(KeywordMain.groovy:68)
	at com.kms.katalon.core.keyword.internal.KeywordMain$runKeyword.call(Unknown Source)
	at com.kms.katalon.core.cucumber.keyword.CucumberBuiltinKeywords.runFeatureFile(CucumberBuiltinKeywords.groovy:73)
	at com.kms.katalon.core.cucumber.keyword.CucumberBuiltinKeywords$runFeatureFile$0.callStatic(Unknown Source)
	at com.kms.katalon.core.cucumber.keyword.CucumberBuiltinKeywords.runFeatureFile(CucumberBuiltinKeywords.groovy:246)
	at com.kms.katalon.core.cucumber.keyword.CucumberBuiltinKeywords$runFeatureFile.call(Unknown Source)
	at VKN-e-Serbest Meslek Makbuzu-Elektronik.run(VKN-e-Serbest Meslek Makbuzu-Elektronik:19)
	at com.kms.katalon.core.main.ScriptEngine.run(ScriptEngine.java:194)
	at com.kms.katalon.core.main.ScriptEngine.runScriptAsRawText(ScriptEngine.java:119)
	at com.kms.katalon.core.main.TestCaseExecutor.runScript(TestCaseExecutor.java:369)
	at com.kms.katalon.core.main.TestCaseExecutor.doExecute(TestCaseExecutor.java:360)
	at com.kms.katalon.core.main.TestCaseExecutor.processExecutionPhase(TestCaseExecutor.java:339)
	at com.kms.katalon.core.main.TestCaseExecutor.accessMainPhase(TestCaseExecutor.java:331)
	at com.kms.katalon.core.main.TestCaseExecutor.execute(TestCaseExecutor.java:248)
	at com.kms.katalon.core.main.TestSuiteExecutor.accessTestCaseMainPhase(TestSuiteExecutor.java:191)
	at com.kms.katalon.core.main.TestSuiteExecutor.accessTestSuiteMainPhase(TestSuiteExecutor.java:140)
	at com.kms.katalon.core.main.TestSuiteExecutor.execute(TestSuiteExecutor.java:89)
	at com.kms.katalon.core.main.TestCaseMain.startTestSuite(TestCaseMain.java:181)
	at com.kms.katalon.core.main.TestCaseMain$startTestSuite$0.call(Unknown Source)
	at TempTestSuite1637329560940.run(TempTestSuite1637329560940.groovy:39)
)

2021-11-19 17:23:44 - [MESSAGE][INFO] - Finding Test Object 'Object Repository/Tablo/DurumBilgisiSmm'

2021-11-19 17:23:44 - [MESSAGE][INFO] - Checking object

2021-11-19 17:23:44 - [MESSAGE][INFO] - Finding web element from Test Object's properties

2021-11-19 17:23:44 - [MESSAGE][INFO] - Checking timeout

2021-11-19 17:23:44 - [MESSAGE][INFO] - Finding web element with id: 'Object Repository/Tablo/DurumBilgisiSmm' located by 'By.xpath: //*[@id = 'GridViewSEReceipt_tccell0_10']' in '30' second(s)

2021-11-19 17:23:44 - [MESSAGE][INFO] - Smart Wait Function is triggered

2021-11-19 17:23:44 - [MESSAGE][INFO] - Found 1 web elements with id: 'Object Repository/Tablo/DurumBilgisiSmm' located by 'By.xpath: //*[@id = 'GridViewSEReceipt_tccell0_10']' in '30' second(s)

2021-11-19 17:23:44 - [MESSAGE][WARNING] - Actual text 'Başarılı' and expected text 'Henüz Sonuçlanmadı' of test object 'Object Repository/Tablo/DurumBilgisiSmm' are NOT matched. (Root cause: com.kms.katalon.core.exception.StepFailedException: Actual text 'Başarılı' and expected text 'Henüz Sonuçlanmadı' of test object 'Object Repository/Tablo/DurumBilgisiSmm' are NOT matched.
	at com.kms.katalon.core.webui.keyword.internal.WebUIKeywordMain.stepFailed(WebUIKeywordMain.groovy:64)
	at com.kms.katalon.core.webui.keyword.builtin.VerifyElementTextKeyword$_verifyElementText_closure1.doCall(VerifyElementTextKeyword.groovy:57)
	at com.kms.katalon.core.webui.keyword.builtin.VerifyElementTextKeyword$_verifyElementText_closure1.call(VerifyElementTextKeyword.groovy)
	at com.kms.katalon.core.webui.keyword.internal.WebUIKeywordMain.runKeyword(WebUIKeywordMain.groovy:20)
	at com.kms.katalon.core.webui.keyword.builtin.VerifyElementTextKeyword.verifyElementText(VerifyElementTextKeyword.groovy:72)
	at com.kms.katalon.core.webui.keyword.builtin.VerifyElementTextKeyword.execute(VerifyElementTextKeyword.groovy:40)
	at com.kms.katalon.core.keyword.internal.KeywordExecutor.executeKeywordForPlatform(KeywordExecutor.groovy:73)
	at com.kms.katalon.core.webui.keyword.WebUiBuiltInKeywords.verifyElementText(WebUiBuiltInKeywords.groovy:4733)
	at com.kms.katalon.core.webui.keyword.WebUiBuiltInKeywords$verifyElementText$20.call(Unknown Source)
	at TablodaVeriBasariliMiSmm.run(TablodaVeriBasariliMiSmm:22)
	at com.kms.katalon.core.main.ScriptEngine.run(ScriptEngine.java:194)
	at com.kms.katalon.core.main.ScriptEngine.runScriptAsRawText(ScriptEngine.java:119)
	at com.kms.katalon.core.main.TestCaseExecutor.runScript(TestCaseExecutor.java:369)
	at com.kms.katalon.core.main.TestCaseExecutor.doExecute(TestCaseExecutor.java:360)
	at com.kms.katalon.core.main.TestCaseExecutor.processExecutionPhase(TestCaseExecutor.java:339)
	at com.kms.katalon.core.main.TestCaseExecutor.accessMainPhase(TestCaseExecutor.java:331)
	at com.kms.katalon.core.main.TestCaseExecutor.execute(TestCaseExecutor.java:248)
	at com.kms.katalon.core.main.TestCaseMain.runTestCase(TestCaseMain.java:138)
	at com.kms.katalon.core.keyword.builtin.CallTestCaseKeyword$_callTestCase_closure1.doCall(CallTestCaseKeyword.groovy:59)
	at com.kms.katalon.core.keyword.builtin.CallTestCaseKeyword$_callTestCase_closure1.call(CallTestCaseKeyword.groovy)
	at com.kms.katalon.core.keyword.internal.KeywordMain.runKeyword(KeywordMain.groovy:68)
	at com.kms.katalon.core.keyword.builtin.CallTestCaseKeyword.callTestCase(CallTestCaseKeyword.groovy:81)
	at com.kms.katalon.core.keyword.builtin.CallTestCaseKeyword.execute(CallTestCaseKeyword.groovy:44)
	at com.kms.katalon.core.keyword.internal.KeywordExecutor.executeKeywordForPlatform(KeywordExecutor.groovy:73)
	at com.kms.katalon.core.keyword.BuiltinKeywords.callTestCase(BuiltinKeywords.groovy:334)
	at tablo.tablo.tablodaVeriBasariliMiSmm(tablo.groovy:105)
	at cucumber.runtime.Utils$1.call(Utils.java:26)
	at cucumber.runtime.Timeout.timeout(Timeout.java:16)
	at cucumber.runtime.Utils.invoke(Utils.java:20)
	at cucumber.runtime.java.JavaStepDefinition.execute(JavaStepDefinition.java:49)
	at cucumber.runner.PickleStepDefinitionMatch.runStep(PickleStepDefinitionMatch.java:50)
	at cucumber.runner.TestStep.executeStep(TestStep.java:63)
	at cucumber.runner.TestStep.run(TestStep.java:49)
	at cucumber.runner.PickleStepTestStep.run(PickleStepTestStep.java:43)
	at cucumber.runner.TestCase.run(TestCase.java:44)
	at cucumber.runner.Runner.runPickle(Runner.java:40)
	at cucumber.runtime.Runtime$1.run(Runtime.java:84)
	at cucumber.runtime.Runtime$SameThreadExecutorService.execute(Runtime.java:220)
	at cucumber.runtime.Runtime.run(Runtime.java:81)
	at cucumber.api.cli.Main.run(Main.java:26)
	at cucumber.api.cli.Main$run.call(Unknown Source)
	at com.kms.katalon.core.cucumber.keyword.CucumberBuiltinKeywords$_runFeatureFile_closure1.doCall(CucumberBuiltinKeywords.groovy:106)
	at com.kms.katalon.core.cucumber.keyword.CucumberBuiltinKeywords$_runFeatureFile_closure1.doCall(CucumberBuiltinKeywords.groovy)
	at com.kms.katalon.core.keyword.internal.KeywordMain.runKeyword(KeywordMain.groovy:68)
	at com.kms.katalon.core.keyword.internal.KeywordMain$runKeyword.call(Unknown Source)
	at com.kms.katalon.core.cucumber.keyword.CucumberBuiltinKeywords.runFeatureFile(CucumberBuiltinKeywords.groovy:73)
	at com.kms.katalon.core.cucumber.keyword.CucumberBuiltinKeywords$runFeatureFile$0.callStatic(Unknown Source)
	at com.kms.katalon.core.cucumber.keyword.CucumberBuiltinKeywords.runFeatureFile(CucumberBuiltinKeywords.groovy:246)
	at com.kms.katalon.core.cucumber.keyword.CucumberBuiltinKeywords$runFeatureFile.call(Unknown Source)
	at VKN-e-Serbest Meslek Makbuzu-Elektronik.run(VKN-e-Serbest Meslek Makbuzu-Elektronik:19)
	at com.kms.katalon.core.main.ScriptEngine.run(ScriptEngine.java:194)
	at com.kms.katalon.core.main.ScriptEngine.runScriptAsRawText(ScriptEngine.java:119)
	at com.kms.katalon.core.main.TestCaseExecutor.runScript(TestCaseExecutor.java:369)
	at com.kms.katalon.core.main.TestCaseExecutor.doExecute(TestCaseExecutor.java:360)
	at com.kms.katalon.core.main.TestCaseExecutor.processExecutionPhase(TestCaseExecutor.java:339)
	at com.kms.katalon.core.main.TestCaseExecutor.accessMainPhase(TestCaseExecutor.java:331)
	at com.kms.katalon.core.main.TestCaseExecutor.execute(TestCaseExecutor.java:248)
	at com.kms.katalon.core.main.TestSuiteExecutor.accessTestCaseMainPhase(TestSuiteExecutor.java:191)
	at com.kms.katalon.core.main.TestSuiteExecutor.accessTestSuiteMainPhase(TestSuiteExecutor.java:140)
	at com.kms.katalon.core.main.TestSuiteExecutor.execute(TestSuiteExecutor.java:89)
	at com.kms.katalon.core.main.TestCaseMain.startTestSuite(TestCaseMain.java:181)
	at com.kms.katalon.core.main.TestCaseMain$startTestSuite$0.call(Unknown Source)
	at TempTestSuite1637329560940.run(TempTestSuite1637329560940.groovy:39)
)

2021-11-19 17:23:44 - [TEST_STEP][PASSED] - Method.TextDegerineEsitElementVarMi(findTestObject("Tablo/DurumBilgisiSmm"), "Başarılı"): Method.TextDegerineEsitElementVarMi is PASSED

2021-11-19 17:23:44 - [MESSAGE][INFO] - Finding Test Object 'Object Repository/Tablo/DurumBilgisiSmm'

2021-11-19 17:23:44 - [MESSAGE][INFO] - Checking timeout

2021-11-19 17:23:44 - [MESSAGE][INFO] - Finding web element with id: 'Object Repository/Tablo/DurumBilgisiSmm' located by 'By.xpath: //*[@id = 'GridViewSEReceipt_tccell0_10']' in '10' second(s)

2021-11-19 17:23:44 - [MESSAGE][INFO] - Smart Wait Function is triggered

2021-11-19 17:23:45 - [MESSAGE][INFO] - Found 1 web elements with id: 'Object Repository/Tablo/DurumBilgisiSmm' located by 'By.xpath: //*[@id = 'GridViewSEReceipt_tccell0_10']' in '10' second(s)

2021-11-19 17:23:45 - [MESSAGE][PASSED] - Method.TextDegerineEsitElementVarMi is PASSED

2021-11-19 17:23:45 - [MESSAGE][PASSED] - Call Test Case 'Test Cases/Tablo/TablodaVeriBasariliMiSmm' successfully

2021-11-19 17:23:45 - [MESSAGE][INFO] - Checking called Test Case

2021-11-19 17:23:45 - [MESSAGE][INFO] - Starting to call Test Case 'Test Cases/Kullanici_Islemleri/KullaniciIslemlerindenSecimYapilir'

2021-11-19 17:23:45 - [TEST_CASE][PASSED] - Test Cases/Kullanici_Islemleri/KullaniciIslemlerindenSecimYapilir: Test Cases/Kullanici_Islemleri/KullaniciIslemlerindenSecimYapilir

2021-11-19 17:23:45 - [TEST_STEP][PASSED] - waitForElementClickable(findTestObject("Object Repository/Kullanici_Islemleri/KullaniciIslemleri"), 10): Object 'Object Repository/Kullanici_Islemleri/KullaniciIslemleri' is clickable

2021-11-19 17:23:45 - [MESSAGE][INFO] - Finding Test Object 'Object Repository/Kullanici_Islemleri/KullaniciIslemleri'

2021-11-19 17:23:45 - [MESSAGE][INFO] - Checking object

2021-11-19 17:23:45 - [MESSAGE][INFO] - Checking timeout

2021-11-19 17:23:45 - [MESSAGE][INFO] - Finding web element from Test Object's properties

2021-11-19 17:23:45 - [MESSAGE][INFO] - Checking timeout

2021-11-19 17:23:45 - [MESSAGE][INFO] - Finding web element with id: 'Object Repository/Kullanici_Islemleri/KullaniciIslemleri' located by 'By.cssSelector: .dropdown>a>img' in '10' second(s)

2021-11-19 17:23:45 - [MESSAGE][INFO] - Smart Wait Function is triggered

2021-11-19 17:23:45 - [MESSAGE][INFO] - Found 1 web elements with id: 'Object Repository/Kullanici_Islemleri/KullaniciIslemleri' located by 'By.cssSelector: .dropdown>a>img' in '10' second(s)

2021-11-19 17:23:45 - [MESSAGE][PASSED] - Object 'Object Repository/Kullanici_Islemleri/KullaniciIslemleri' is clickable

2021-11-19 17:23:45 - [TEST_STEP][PASSED] - click(findTestObject("Object Repository/Kullanici_Islemleri/KullaniciIslemleri")): Object: 'Object Repository/Kullanici_Islemleri/KullaniciIslemleri' is clicked on

2021-11-19 17:23:45 - [MESSAGE][INFO] - Finding Test Object 'Object Repository/Kullanici_Islemleri/KullaniciIslemleri'

2021-11-19 17:23:45 - [MESSAGE][INFO] - Checking object

2021-11-19 17:23:45 - [MESSAGE][INFO] - Finding web element from Test Object's properties

2021-11-19 17:23:45 - [MESSAGE][INFO] - Checking timeout

2021-11-19 17:23:45 - [MESSAGE][INFO] - Finding web element with id: 'Object Repository/Kullanici_Islemleri/KullaniciIslemleri' located by 'By.cssSelector: .dropdown>a>img' in '30' second(s)

2021-11-19 17:23:45 - [MESSAGE][INFO] - Smart Wait Function is triggered

2021-11-19 17:23:46 - [MESSAGE][INFO] - Found 1 web elements with id: 'Object Repository/Kullanici_Islemleri/KullaniciIslemleri' located by 'By.cssSelector: .dropdown>a>img' in '30' second(s)

2021-11-19 17:23:46 - [MESSAGE][INFO] - Clicking on object: 'Object Repository/Kullanici_Islemleri/KullaniciIslemleri'

2021-11-19 17:23:46 - [MESSAGE][PASSED] - Object: 'Object Repository/Kullanici_Islemleri/KullaniciIslemleri' is clicked on

2021-11-19 17:23:46 - [TEST_STEP][PASSED] - Method.TextDegerineEsitElementeTikla(findTestObject("Object Repository/Kullanici_Islemleri/Secenekler"), Islem): Method.TextDegerineEsitElementeTikla is PASSED

2021-11-19 17:23:46 - [MESSAGE][INFO] - Finding Test Object 'Object Repository/Kullanici_Islemleri/Secenekler'

2021-11-19 17:23:46 - [MESSAGE][INFO] - Checking timeout

2021-11-19 17:23:46 - [MESSAGE][INFO] - Finding web element with id: 'Object Repository/Kullanici_Islemleri/Secenekler' located by 'By.cssSelector: .nav.navbar-nav.navbar-right li a' in '10' second(s)

2021-11-19 17:23:46 - [MESSAGE][INFO] - Smart Wait Function is triggered

2021-11-19 17:23:46 - [MESSAGE][INFO] - Found 22 web elements with id: 'Object Repository/Kullanici_Islemleri/Secenekler' located by 'By.cssSelector: .nav.navbar-nav.navbar-right li a' in '10' second(s)

2021-11-19 17:23:48 - [MESSAGE][PASSED] - Method.TextDegerineEsitElementeTikla is PASSED

2021-11-19 17:23:48 - [TEST_STEP][PASSED] - verifyElementNotPresent(findTestObject("Object Repository/Kullanici_Islemleri/Secenekler"), 10): Web element with id: 'Object Repository/Kullanici_Islemleri/Secenekler' located by 'By.cssSelector: .nav.navbar-nav.navbar-right li a' is not present after '10' second(s)

2021-11-19 17:23:48 - [MESSAGE][INFO] - Finding Test Object 'Object Repository/Kullanici_Islemleri/Secenekler'

2021-11-19 17:23:48 - [MESSAGE][INFO] - Checking object

2021-11-19 17:23:48 - [MESSAGE][INFO] - Checking timeout

2021-11-19 17:23:48 - [MESSAGE][INFO] - Finding web element with id: 'Object Repository/Kullanici_Islemleri/Secenekler' located by 'By.cssSelector: .nav.navbar-nav.navbar-right li a' in '10' second(s)

2021-11-19 17:23:48 - [MESSAGE][INFO] - Smart Wait Function is triggered

2021-11-19 17:23:48 - [MESSAGE][PASSED] - Web element with id: 'Object Repository/Kullanici_Islemleri/Secenekler' located by 'By.cssSelector: .nav.navbar-nav.navbar-right li a' is not present after '10' second(s)

2021-11-19 17:23:48 - [MESSAGE][PASSED] - Call Test Case 'Test Cases/Kullanici_Islemleri/KullaniciIslemlerindenSecimYapilir' successfully

2021-11-19 17:23:48 - [TEST_CASE][PASSED] - Start Test Case : SCENARIO VKN ile e-Serbest Meslek Makbuzu Olusturulmasi ve Excele aktarilmasi: SCENARIO VKN ile e-Serbest Meslek Makbuzu Olusturulmasi ve Excele aktarilmasi

2021-11-19 17:23:48 - [TEST_STEP][PASSED] - Giriş yapılır: Giriş yapılır

2021-11-19 17:23:48 - [MESSAGE][PASSED] - Giriş yapılır

2021-11-19 17:23:48 - [TEST_STEP][PASSED] - Ana menüden e-Makbuz seçilir: Ana menüden e-Makbuz seçilir

2021-11-19 17:23:48 - [MESSAGE][PASSED] - Ana menüden e-Makbuz seçilir

2021-11-19 17:23:48 - [TEST_STEP][PASSED] - Alt menü e-Serbest Meslek Uygulaması başlığı altındaki e-Serbest Meslek Makbuzu Oluşturma seçilir: Alt menü e-Serbest Meslek Uygulaması başlığı altındaki e-Serbest Meslek Makbuzu Oluşturma seçilir

2021-11-19 17:23:48 - [MESSAGE][PASSED] - Alt menü e-Serbest Meslek Uygulaması başlığı altındaki e-Serbest Meslek Makbuzu Oluşturma seçilir

2021-11-19 17:23:48 - [TEST_STEP][PASSED] - Tablodaki tüm veriler silinir: Tablodaki tüm veriler silinir

2021-11-19 17:23:48 - [MESSAGE][PASSED] - Tablodaki tüm veriler silinir

2021-11-19 17:23:48 - [TEST_STEP][PASSED] - Butonlardan Ekle isimli butona tıklanır: Butonlardan Ekle isimli butona tıklanır

2021-11-19 17:23:48 - [MESSAGE][PASSED] - Butonlardan Ekle isimli butona tıklanır

2021-11-19 17:23:48 - [TEST_STEP][PASSED] - Görsel tasarım sayfasının Makbuz Bilgileri başlığını içerdiği kontrol edilir: Görsel tasarım sayfasının Makbuz Bilgileri başlığını içerdiği kontrol edilir

2021-11-19 17:23:48 - [MESSAGE][PASSED] - Görsel tasarım sayfasının Makbuz Bilgileri başlığını içerdiği kontrol edilir

2021-11-19 17:23:48 - [TEST_STEP][PASSED] - Alıcı adı alanına VirgosolSerbestMeslekVKN girilir: Alıcı adı alanına VirgosolSerbestMeslekVKN girilir

2021-11-19 17:23:48 - [MESSAGE][PASSED] - Alıcı adı alanına VirgosolSerbestMeslekVKN girilir

2021-11-19 17:23:48 - [TEST_STEP][PASSED] - Gönderim Şekli Elektronik olarak seçilir: Gönderim Şekli Elektronik olarak seçilir

2021-11-19 17:23:48 - [MESSAGE][PASSED] - Gönderim Şekli Elektronik olarak seçilir

2021-11-19 17:23:48 - [TEST_STEP][PASSED] - Döküman Para Birimi alanından Türk Lirası seçilir: Döküman Para Birimi alanından Türk Lirası seçilir

2021-11-19 17:23:48 - [MESSAGE][PASSED] - Döküman Para Birimi alanından Türk Lirası seçilir

2021-11-19 17:23:48 - [TEST_STEP][PASSED] - Tasarım alanından e-Serbest Meslek Makbuz Öndeger Sablon Tasarim.xslt- seçilir: Tasarım alanından e-Serbest Meslek Makbuz Öndeger Sablon Tasarim.xslt- seçilir

2021-11-19 17:23:48 - [MESSAGE][PASSED] - Tasarım alanından e-Serbest Meslek Makbuz Öndeger Sablon Tasarim.xslt- seçilir

2021-11-19 17:23:48 - [TEST_STEP][PASSED] - Ekle butonuna basılır: Ekle butonuna basılır

2021-11-19 17:23:48 - [MESSAGE][PASSED] - Ekle butonuna basılır

2021-11-19 17:23:48 - [TEST_STEP][PASSED] - Ürün ekleme alanında Ücretin Ne İçin Alındığı başlığına Otomasyon girilir: Ürün ekleme alanında Ücretin Ne İçin Alındığı başlığına Otomasyon girilir

2021-11-19 17:23:48 - [MESSAGE][PASSED] - Ürün ekleme alanında Ücretin Ne İçin Alındığı başlığına Otomasyon girilir

2021-11-19 17:23:48 - [TEST_STEP][PASSED] - Ürün ekleme alanında Brüt Ücret başlığına 400 girilir: Ürün ekleme alanında Brüt Ücret başlığına 400 girilir

2021-11-19 17:23:48 - [MESSAGE][PASSED] - Ürün ekleme alanında Brüt Ücret başlığına 400 girilir

2021-11-19 17:23:48 - [TEST_STEP][PASSED] - Ürün ekleme alanında G.V Stopaj Oranı% başlığına 10 girilir: Ürün ekleme alanında G.V Stopaj Oranı% başlığına 10 girilir

2021-11-19 17:23:48 - [MESSAGE][PASSED] - Ürün ekleme alanında G.V Stopaj Oranı% başlığına 10 girilir

2021-11-19 17:23:48 - [TEST_STEP][PASSED] - Notlar alanına Otomasyon Not girilir: Notlar alanına Otomasyon Not girilir

2021-11-19 17:23:48 - [MESSAGE][PASSED] - Notlar alanına Otomasyon Not girilir

2021-11-19 17:23:48 - [TEST_STEP][PASSED] - Ettn bilgisi kayıt edilir: Ettn bilgisi kayıt edilir

2021-11-19 17:23:48 - [MESSAGE][PASSED] - Ettn bilgisi kayıt edilir

2021-11-19 17:23:48 - [TEST_STEP][PASSED] - Kaydet butonu seçilir: Kaydet butonu seçilir

2021-11-19 17:23:48 - [MESSAGE][PASSED] - Kaydet butonu seçilir

2021-11-19 17:23:48 - [TEST_STEP][PASSED] - Tabloda Ettn bilgisi kaydedilen veri oluşturuldu mu: Tabloda Ettn bilgisi kaydedilen veri oluşturuldu mu

2021-11-19 17:23:48 - [MESSAGE][PASSED] - Tabloda Ettn bilgisi kaydedilen veri oluşturuldu mu

2021-11-19 17:23:48 - [TEST_STEP][PASSED] - Tablodan Ettn bilgisi kaydedilen veri seçilir: Tablodan Ettn bilgisi kaydedilen veri seçilir

2021-11-19 17:23:48 - [MESSAGE][PASSED] - Tablodan Ettn bilgisi kaydedilen veri seçilir

2021-11-19 17:23:48 - [TEST_STEP][PASSED] - Butonlardan Numara Oluştur isimli butona tıklanır: Butonlardan Numara Oluştur isimli butona tıklanır

2021-11-19 17:23:48 - [MESSAGE][PASSED] - Butonlardan Numara Oluştur isimli butona tıklanır

2021-11-19 17:23:48 - [TEST_STEP][PASSED] - Popup mesajı Devam etmek istiyor musunuz içeriyor mu: Popup mesajı Devam etmek istiyor musunuz içeriyor mu

2021-11-19 17:23:48 - [MESSAGE][PASSED] - Popup mesajı Devam etmek istiyor musunuz içeriyor mu

2021-11-19 17:23:48 - [TEST_STEP][PASSED] - Yönetim popupında Evet seçilir: Yönetim popupında Evet seçilir

2021-11-19 17:23:48 - [MESSAGE][PASSED] - Yönetim popupında Evet seçilir

2021-11-19 17:23:48 - [TEST_STEP][PASSED] - Popup mesajı oluşmuştur içeriyor mu: Popup mesajı oluşmuştur içeriyor mu

2021-11-19 17:23:48 - [MESSAGE][PASSED] - Popup mesajı oluşmuştur içeriyor mu

2021-11-19 17:23:48 - [TEST_STEP][PASSED] - Yönetim popupında Tamam seçilir: Yönetim popupında Tamam seçilir

2021-11-19 17:23:48 - [MESSAGE][PASSED] - Yönetim popupında Tamam seçilir

2021-11-19 17:23:48 - [TEST_STEP][PASSED] - Tablodan Ettn bilgisi kaydedilen veri seçilir: Tablodan Ettn bilgisi kaydedilen veri seçilir

2021-11-19 17:23:48 - [MESSAGE][PASSED] - Tablodan Ettn bilgisi kaydedilen veri seçilir

2021-11-19 17:23:48 - [TEST_STEP][PASSED] - Butonlardan Gönder isimli butona tıklanır: Butonlardan Gönder isimli butona tıklanır

2021-11-19 17:23:48 - [MESSAGE][PASSED] - Butonlardan Gönder isimli butona tıklanır

2021-11-19 17:23:48 - [TEST_STEP][PASSED] - Popup mesajı Devam etmek istiyor musunuz içeriyor mu: Popup mesajı Devam etmek istiyor musunuz içeriyor mu

2021-11-19 17:23:48 - [MESSAGE][PASSED] - Popup mesajı Devam etmek istiyor musunuz içeriyor mu

2021-11-19 17:23:48 - [TEST_STEP][PASSED] - Yönetim popupında Evet seçilir: Yönetim popupında Evet seçilir

2021-11-19 17:23:48 - [MESSAGE][PASSED] - Yönetim popupında Evet seçilir

2021-11-19 17:23:48 - [TEST_STEP][PASSED] - Ana menüden e-Makbuz seçilir: Ana menüden e-Makbuz seçilir

2021-11-19 17:23:48 - [MESSAGE][PASSED] - Ana menüden e-Makbuz seçilir

2021-11-19 17:23:48 - [TEST_STEP][PASSED] - Alt menü e-Serbest Meslek Uygulaması başlığı altındaki e-Serbest Meslek Makbuzları seçilir: Alt menü e-Serbest Meslek Uygulaması başlığı altındaki e-Serbest Meslek Makbuzları seçilir

2021-11-19 17:23:48 - [MESSAGE][PASSED] - Alt menü e-Serbest Meslek Uygulaması başlığı altındaki e-Serbest Meslek Makbuzları seçilir

2021-11-19 17:23:48 - [TEST_STEP][PASSED] - Filtrelerden Ettn filtresine Ettn bilgisi yaz: Filtrelerden Ettn filtresine Ettn bilgisi yaz

2021-11-19 17:23:48 - [MESSAGE][PASSED] - Filtrelerden Ettn filtresine Ettn bilgisi yaz

2021-11-19 17:23:48 - [TEST_STEP][PASSED] - Filtre butonlarından Listele seçilir: Filtre butonlarından Listele seçilir

2021-11-19 17:23:48 - [MESSAGE][PASSED] - Filtre butonlarından Listele seçilir

2021-11-19 17:23:48 - [TEST_STEP][PASSED] - Tabloda veri var mı kontrol edilir: Tabloda veri var mı kontrol edilir

2021-11-19 17:23:48 - [MESSAGE][PASSED] - Tabloda veri var mı kontrol edilir

2021-11-19 17:23:48 - [TEST_STEP][PASSED] - Tabloda yeni oluşturulan smm verisi başarılı mı: Tabloda yeni oluşturulan smm verisi başarılı mı

2021-11-19 17:23:48 - [MESSAGE][PASSED] - Tabloda yeni oluşturulan smm verisi başarılı mı

2021-11-19 17:23:48 - [TEST_STEP][PASSED] - Kullanıcı işlemlerinden Çıkış seçilir: Kullanıcı işlemlerinden Çıkış seçilir

2021-11-19 17:23:48 - [MESSAGE][PASSED] - Kullanıcı işlemlerinden Çıkış seçilir

2021-11-19 17:23:48 - [MESSAGE][PASSED] - Feature file: 'Include/features/Regresyon/e-Serbest Meslek Makbuzu/VKN-e-Serbest Meslek Makbuzu-Elektronik.feature' was passed

2021-11-19 17:23:48 - [TEST_STEP][PASSED] - Start listener action : sampleAfterTestSuite: Invoke 'com.kms.katalon.core.annotation.AfterTestCase' method: 'Listener.sampleAfterTestSuite(...)' completed.

2021-11-19 17:23:48 - [MESSAGE][INFO] - Starting invoke 'com.kms.katalon.core.annotation.AfterTestCase' method: 'Listener.sampleAfterTestSuite(...)'

2021-11-19 17:23:48 - [TEST_STEP][PASSED] - closeBrowser(): Invoke 'com.kms.katalon.core.annotation.AfterTestCase' method: 'Listener.sampleAfterTestSuite(...)' completed.

2021-11-19 17:23:48 - [MESSAGE][INFO] - Closing browser

2021-11-19 17:23:49 - [MESSAGE][PASSED] - Browser is closed

2021-11-19 17:23:49 - [MESSAGE][INFO] - Invoke 'com.kms.katalon.core.annotation.AfterTestCase' method: 'Listener.sampleAfterTestSuite(...)' completed.]]></system-out>
         <system-err><![CDATA[]]></system-err>
      </testcase>
      <testcase name="Test Cases/Case Repository/Regresyon/e-Serbest Meslek Makbuzu/VKN-e-Serbest Meslek Makbuzu-Kagit" time="95.768" classname="Test Cases/Case Repository/Regresyon/e-Serbest Meslek Makbuzu/VKN-e-Serbest Meslek Makbuzu-Kagit" status="PASSED">
         <system-out><![CDATA[2021-11-19 17:23:49 - [TEST_CASE][PASSED] - Test Cases/Case Repository/Regresyon/e-Serbest Meslek Makbuzu/VKN-e-Serbest Meslek Makbuzu-Kagit: Test Cases/Case Repository/Regresyon/e-Serbest Meslek Makbuzu/VKN-e-Serbest Meslek Makbuzu-Kagit

2021-11-19 17:23:49 - [TEST_STEP][PASSED] - Start listener action : sampleBeforeTestSuite: Invoke 'com.kms.katalon.core.annotation.BeforeTestCase' method: 'Listener.sampleBeforeTestSuite(...)' completed.

2021-11-19 17:23:49 - [MESSAGE][INFO] - Starting invoke 'com.kms.katalon.core.annotation.BeforeTestCase' method: 'Listener.sampleBeforeTestSuite(...)'

2021-11-19 17:23:49 - [TEST_STEP][PASSED] - openBrowser(baseUrl): Browser is opened with url: 'https://efatura-stage.elogo.com.tr/'

2021-11-19 17:23:49 - [MESSAGE][INFO] - Opening browser

2021-11-19 17:23:49 - [MESSAGE][INFO] - Starting 'Chrome' driver

2021-11-19 17:23:49 - [MESSAGE][INFO] - User set preference: ['prefs', '{download.default_directory=C:\otomasyondownfiles}']

2021-11-19 17:23:49 - [MESSAGE][INFO] - Action delay is set to 0 milliseconds

2021-11-19 17:23:50 - [MESSAGE][INFO] - Navigating browser to: 'https://efatura-stage.elogo.com.tr/'

2021-11-19 17:23:53 - [MESSAGE][PASSED] - Browser is opened with url: 'https://efatura-stage.elogo.com.tr/'

2021-11-19 17:23:53 - [TEST_STEP][PASSED] - maximizeWindow(): Invoke 'com.kms.katalon.core.annotation.BeforeTestCase' method: 'Listener.sampleBeforeTestSuite(...)' completed.

2021-11-19 17:23:53 - [MESSAGE][INFO] - Maximizing current window

2021-11-19 17:23:53 - [MESSAGE][PASSED] - Current window maximized

2021-11-19 17:23:53 - [MESSAGE][INFO] - Invoke 'com.kms.katalon.core.annotation.BeforeTestCase' method: 'Listener.sampleBeforeTestSuite(...)' completed.

2021-11-19 17:23:53 - [TEST_STEP][PASSED] - runFeatureFile("Include/features/Regresyon/e-Serbest Meslek Makbuzu/VKN-e-Serbest Meslek Makbuzu-Kagit.feature"): Feature file: 'Include/features/Regresyon/e-Serbest Meslek Makbuzu/VKN-e-Serbest Meslek Makbuzu-Kagit.feature' was passed

2021-11-19 17:23:53 - [MESSAGE][INFO] - Starting run keyword runFeatureFile: 'Include/features/Regresyon/e-Serbest Meslek Makbuzu/VKN-e-Serbest Meslek Makbuzu-Kagit.feature' and extract report to folder: 'C:\Users\DELL\Documents\GitHub\EES_KatalonLogo\Reports\20211119_164526\Suite Repository\Regresyon-eArsiv-eMakbuz\20211119_164600/cucumber_report/1637331833804'...

2021-11-19 17:23:53 - [MESSAGE][INFO] - Glue: []

2021-11-19 17:23:55 - [MESSAGE][INFO] - Checking called Test Case

2021-11-19 17:23:55 - [MESSAGE][INFO] - Starting to call Test Case 'Test Cases/Sayfalar/Giris_Sayfasi/Login'

2021-11-19 17:23:55 - [TEST_CASE][PASSED] - Test Cases/Sayfalar/Giris_Sayfasi/Login: Test Cases/Sayfalar/Giris_Sayfasi/Login

2021-11-19 17:23:55 - [TEST_STEP][PASSED] - Sayfa_Basligi = getWindowTitle(): Current window's title is: 'LOGO e-Fatura'

2021-11-19 17:23:55 - [MESSAGE][INFO] - Getting current window's title

2021-11-19 17:23:55 - [MESSAGE][PASSED] - Current window's title is: 'LOGO e-Fatura'

2021-11-19 17:23:55 - [TEST_STEP][PASSED] - verifyMatch(Sayfa_Basligi, "LOGO e-Fatura", false): Actual text 'LOGO e-Fatura' and expected text 'LOGO e-Fatura' are matched 

2021-11-19 17:23:55 - [MESSAGE][INFO] - Matching actual text 'LOGO e-Fatura' with expected text 'LOGO e-Fatura'

2021-11-19 17:23:55 - [MESSAGE][PASSED] - Actual text 'LOGO e-Fatura' and expected text 'LOGO e-Fatura' are matched 

2021-11-19 17:23:55 - [TEST_STEP][PASSED] - sendKeys(findTestObject("Sayfalar/Giris_Sayfasi/Firma_Kodu"), KullaniciAdi): Keys 'ELOGOGIB' sent to object: 'Object Repository/Sayfalar/Giris_Sayfasi/Firma_Kodu'

2021-11-19 17:23:55 - [MESSAGE][INFO] - Finding Test Object 'Object Repository/Sayfalar/Giris_Sayfasi/Firma_Kodu'

2021-11-19 17:23:55 - [MESSAGE][INFO] - Sending keys 'ELOGOGIB' to object: 'Object Repository/Sayfalar/Giris_Sayfasi/Firma_Kodu'

2021-11-19 17:23:55 - [MESSAGE][INFO] - Finding web element from Test Object's properties

2021-11-19 17:23:55 - [MESSAGE][INFO] - Checking timeout

2021-11-19 17:23:55 - [MESSAGE][INFO] - Finding web element with id: 'Object Repository/Sayfalar/Giris_Sayfasi/Firma_Kodu' located by 'By.xpath: //*[@id = 'AccountName']' in '30' second(s)

2021-11-19 17:23:55 - [MESSAGE][INFO] - Smart Wait Function is triggered

2021-11-19 17:23:55 - [MESSAGE][INFO] - Found 1 web elements with id: 'Object Repository/Sayfalar/Giris_Sayfasi/Firma_Kodu' located by 'By.xpath: //*[@id = 'AccountName']' in '30' second(s)

2021-11-19 17:23:55 - [MESSAGE][PASSED] - Keys 'ELOGOGIB' sent to object: 'Object Repository/Sayfalar/Giris_Sayfasi/Firma_Kodu'

2021-11-19 17:23:55 - [TEST_STEP][PASSED] - sendKeys(findTestObject("Sayfalar/Giris_Sayfasi/Sifre"), Sifre): Keys '123456' sent to object: 'Object Repository/Sayfalar/Giris_Sayfasi/Sifre'

2021-11-19 17:23:55 - [MESSAGE][INFO] - Finding Test Object 'Object Repository/Sayfalar/Giris_Sayfasi/Sifre'

2021-11-19 17:23:55 - [MESSAGE][INFO] - Sending keys '123456' to object: 'Object Repository/Sayfalar/Giris_Sayfasi/Sifre'

2021-11-19 17:23:55 - [MESSAGE][INFO] - Finding web element from Test Object's properties

2021-11-19 17:23:55 - [MESSAGE][INFO] - Checking timeout

2021-11-19 17:23:55 - [MESSAGE][INFO] - Finding web element with id: 'Object Repository/Sayfalar/Giris_Sayfasi/Sifre' located by 'By.xpath: //*[@id = 'Password']' in '30' second(s)

2021-11-19 17:23:55 - [MESSAGE][INFO] - Smart Wait Function is triggered

2021-11-19 17:23:56 - [MESSAGE][INFO] - Found 1 web elements with id: 'Object Repository/Sayfalar/Giris_Sayfasi/Sifre' located by 'By.xpath: //*[@id = 'Password']' in '30' second(s)

2021-11-19 17:23:56 - [MESSAGE][PASSED] - Keys '123456' sent to object: 'Object Repository/Sayfalar/Giris_Sayfasi/Sifre'

2021-11-19 17:23:56 - [TEST_STEP][PASSED] - findWebElement(findTestObject("Sayfalar/Giris_Sayfasi/Giris_Butonu")).click(): Found 1 web elements with id: 'Object Repository/Sayfalar/Giris_Sayfasi/Giris_Butonu' located by 'By.cssSelector: #btnLogin' in '30' second(s)

2021-11-19 17:23:56 - [MESSAGE][INFO] - Finding Test Object 'Object Repository/Sayfalar/Giris_Sayfasi/Giris_Butonu'

2021-11-19 17:23:56 - [MESSAGE][INFO] - Finding web element from Test Object's properties

2021-11-19 17:23:56 - [MESSAGE][INFO] - Checking timeout

2021-11-19 17:23:56 - [MESSAGE][INFO] - Finding web element with id: 'Object Repository/Sayfalar/Giris_Sayfasi/Giris_Butonu' located by 'By.cssSelector: #btnLogin' in '30' second(s)

2021-11-19 17:23:56 - [MESSAGE][INFO] - Smart Wait Function is triggered

2021-11-19 17:23:56 - [MESSAGE][INFO] - Found 1 web elements with id: 'Object Repository/Sayfalar/Giris_Sayfasi/Giris_Butonu' located by 'By.cssSelector: #btnLogin' in '30' second(s)

2021-11-19 17:23:58 - [TEST_STEP][PASSED] - if (verifyElementPresent(findTestObject("Object Repository/Sayfalar/Giris_Sayfasi/RetveTamam_Butonu"), 5, OPTIONAL)): null

2021-11-19 17:23:58 - [MESSAGE][INFO] - Finding Test Object 'Object Repository/Sayfalar/Giris_Sayfasi/RetveTamam_Butonu'

2021-11-19 17:23:58 - [MESSAGE][INFO] - Checking object

2021-11-19 17:23:58 - [MESSAGE][INFO] - Finding web element from Test Object's properties

2021-11-19 17:23:58 - [MESSAGE][INFO] - Checking timeout

2021-11-19 17:23:58 - [MESSAGE][INFO] - Finding web element with id: 'Object Repository/Sayfalar/Giris_Sayfasi/RetveTamam_Butonu' located by 'By.xpath: //*[@class = 'btn btn-default']' in '5' second(s)

2021-11-19 17:23:58 - [MESSAGE][INFO] - Smart Wait Function is triggered

2021-11-19 17:23:58 - [MESSAGE][INFO] - Found 1 web elements with id: 'Object Repository/Sayfalar/Giris_Sayfasi/RetveTamam_Butonu' located by 'By.xpath: //*[@class = 'btn btn-default']' in '5' second(s)

2021-11-19 17:23:58 - [MESSAGE][PASSED] - Object 'Object Repository/Sayfalar/Giris_Sayfasi/RetveTamam_Butonu' is present

2021-11-19 17:23:58 - [TEST_STEP][PASSED] - click(findTestObject("Object Repository/Sayfalar/Giris_Sayfasi/RetveTamam_Butonu")): Object: 'Object Repository/Sayfalar/Giris_Sayfasi/RetveTamam_Butonu' is clicked on

2021-11-19 17:23:58 - [MESSAGE][INFO] - Finding Test Object 'Object Repository/Sayfalar/Giris_Sayfasi/RetveTamam_Butonu'

2021-11-19 17:23:58 - [MESSAGE][INFO] - Checking object

2021-11-19 17:23:58 - [MESSAGE][INFO] - Finding web element from Test Object's properties

2021-11-19 17:23:58 - [MESSAGE][INFO] - Checking timeout

2021-11-19 17:23:58 - [MESSAGE][INFO] - Finding web element with id: 'Object Repository/Sayfalar/Giris_Sayfasi/RetveTamam_Butonu' located by 'By.xpath: //*[@class = 'btn btn-default']' in '30' second(s)

2021-11-19 17:23:58 - [MESSAGE][INFO] - Smart Wait Function is triggered

2021-11-19 17:23:59 - [MESSAGE][INFO] - Found 1 web elements with id: 'Object Repository/Sayfalar/Giris_Sayfasi/RetveTamam_Butonu' located by 'By.xpath: //*[@class = 'btn btn-default']' in '30' second(s)

2021-11-19 17:23:59 - [MESSAGE][INFO] - Clicking on object: 'Object Repository/Sayfalar/Giris_Sayfasi/RetveTamam_Butonu'

2021-11-19 17:23:59 - [MESSAGE][PASSED] - Object: 'Object Repository/Sayfalar/Giris_Sayfasi/RetveTamam_Butonu' is clicked on

2021-11-19 17:23:59 - [TEST_STEP][PASSED] - click(findTestObject("Object Repository/Sayfalar/Giris_Sayfasi/RetveTamam_Butonu")): Object: 'Object Repository/Sayfalar/Giris_Sayfasi/RetveTamam_Butonu' is clicked on

2021-11-19 17:23:59 - [MESSAGE][INFO] - Finding Test Object 'Object Repository/Sayfalar/Giris_Sayfasi/RetveTamam_Butonu'

2021-11-19 17:23:59 - [MESSAGE][INFO] - Checking object

2021-11-19 17:23:59 - [MESSAGE][INFO] - Finding web element from Test Object's properties

2021-11-19 17:23:59 - [MESSAGE][INFO] - Checking timeout

2021-11-19 17:23:59 - [MESSAGE][INFO] - Finding web element with id: 'Object Repository/Sayfalar/Giris_Sayfasi/RetveTamam_Butonu' located by 'By.xpath: //*[@class = 'btn btn-default']' in '30' second(s)

2021-11-19 17:23:59 - [MESSAGE][INFO] - Smart Wait Function is triggered

2021-11-19 17:24:03 - [MESSAGE][INFO] - Found 1 web elements with id: 'Object Repository/Sayfalar/Giris_Sayfasi/RetveTamam_Butonu' located by 'By.xpath: //*[@class = 'btn btn-default']' in '30' second(s)

2021-11-19 17:24:03 - [MESSAGE][INFO] - Clicking on object: 'Object Repository/Sayfalar/Giris_Sayfasi/RetveTamam_Butonu'

2021-11-19 17:24:03 - [MESSAGE][PASSED] - Object: 'Object Repository/Sayfalar/Giris_Sayfasi/RetveTamam_Butonu' is clicked on

2021-11-19 17:24:03 - [TEST_STEP][PASSED] - if (verifyElementPresent(findTestObject("Sayfalar/Giris_Sayfasi/PopupOK"), 5, OPTIONAL)): null

2021-11-19 17:24:03 - [MESSAGE][INFO] - Finding Test Object 'Object Repository/Sayfalar/Giris_Sayfasi/PopupOK'

2021-11-19 17:24:03 - [MESSAGE][INFO] - Checking object

2021-11-19 17:24:03 - [MESSAGE][INFO] - Finding web element from Test Object's properties

2021-11-19 17:24:03 - [MESSAGE][INFO] - Checking timeout

2021-11-19 17:24:03 - [MESSAGE][INFO] - Finding web element with id: 'Object Repository/Sayfalar/Giris_Sayfasi/PopupOK' located by 'By.cssSelector: .btn.btn-success' in '5' second(s)

2021-11-19 17:24:03 - [MESSAGE][INFO] - Smart Wait Function is triggered

2021-11-19 17:24:04 - [MESSAGE][INFO] - Found 1 web elements with id: 'Object Repository/Sayfalar/Giris_Sayfasi/PopupOK' located by 'By.cssSelector: .btn.btn-success' in '5' second(s)

2021-11-19 17:24:04 - [MESSAGE][PASSED] - Object 'Object Repository/Sayfalar/Giris_Sayfasi/PopupOK' is present

2021-11-19 17:24:04 - [TEST_STEP][PASSED] - click(findTestObject("Object Repository/Sayfalar/Giris_Sayfasi/PopupCarpiGiris")): Object: 'Object Repository/Sayfalar/Giris_Sayfasi/PopupCarpiGiris' is clicked on

2021-11-19 17:24:04 - [MESSAGE][INFO] - Finding Test Object 'Object Repository/Sayfalar/Giris_Sayfasi/PopupCarpiGiris'

2021-11-19 17:24:04 - [MESSAGE][INFO] - Checking object

2021-11-19 17:24:04 - [MESSAGE][INFO] - Finding web element from Test Object's properties

2021-11-19 17:24:04 - [MESSAGE][INFO] - Checking timeout

2021-11-19 17:24:04 - [MESSAGE][INFO] - Finding web element with id: 'Object Repository/Sayfalar/Giris_Sayfasi/PopupCarpiGiris' located by 'By.cssSelector: .bootbox-close-button.close' in '30' second(s)

2021-11-19 17:24:04 - [MESSAGE][INFO] - Smart Wait Function is triggered

2021-11-19 17:24:04 - [MESSAGE][INFO] - Found 1 web elements with id: 'Object Repository/Sayfalar/Giris_Sayfasi/PopupCarpiGiris' located by 'By.cssSelector: .bootbox-close-button.close' in '30' second(s)

2021-11-19 17:24:04 - [MESSAGE][INFO] - Clicking on object: 'Object Repository/Sayfalar/Giris_Sayfasi/PopupCarpiGiris'

2021-11-19 17:24:04 - [MESSAGE][PASSED] - Object: 'Object Repository/Sayfalar/Giris_Sayfasi/PopupCarpiGiris' is clicked on

2021-11-19 17:24:04 - [TEST_STEP][PASSED] - verifyElementVisible(findTestObject("Object Repository/Kullanici_Islemleri/KullaniciIslemleri")): Object 'Object Repository/Kullanici_Islemleri/KullaniciIslemleri' is visible

2021-11-19 17:24:04 - [MESSAGE][INFO] - Finding Test Object 'Object Repository/Kullanici_Islemleri/KullaniciIslemleri'

2021-11-19 17:24:04 - [MESSAGE][INFO] - Checking object

2021-11-19 17:24:04 - [MESSAGE][INFO] - Finding web element from Test Object's properties

2021-11-19 17:24:04 - [MESSAGE][INFO] - Checking timeout

2021-11-19 17:24:04 - [MESSAGE][INFO] - Finding web element with id: 'Object Repository/Kullanici_Islemleri/KullaniciIslemleri' located by 'By.cssSelector: .dropdown>a>img' in '30' second(s)

2021-11-19 17:24:04 - [MESSAGE][INFO] - Smart Wait Function is triggered

2021-11-19 17:24:05 - [MESSAGE][INFO] - Found 1 web elements with id: 'Object Repository/Kullanici_Islemleri/KullaniciIslemleri' located by 'By.cssSelector: .dropdown>a>img' in '30' second(s)

2021-11-19 17:24:05 - [MESSAGE][PASSED] - Object 'Object Repository/Kullanici_Islemleri/KullaniciIslemleri' is visible

2021-11-19 17:24:05 - [MESSAGE][PASSED] - Call Test Case 'Test Cases/Sayfalar/Giris_Sayfasi/Login' successfully

2021-11-19 17:24:05 - [MESSAGE][INFO] - Checking called Test Case

2021-11-19 17:24:05 - [MESSAGE][INFO] - Starting to call Test Case 'Test Cases/Menu/AnaMenuSecimi'

2021-11-19 17:24:05 - [TEST_CASE][PASSED] - Test Cases/Menu/AnaMenuSecimi: Test Cases/Menu/AnaMenuSecimi

2021-11-19 17:24:05 - [TEST_STEP][PASSED] - Method.TextDegerineEsitElementeTikla(findTestObject("Menu/Ana_Menu"), Ana_Menu): Method.TextDegerineEsitElementeTikla is PASSED

2021-11-19 17:24:05 - [MESSAGE][INFO] - Finding Test Object 'Object Repository/Menu/Ana_Menu'

2021-11-19 17:24:05 - [MESSAGE][INFO] - Checking timeout

2021-11-19 17:24:05 - [MESSAGE][INFO] - Finding web element with id: 'Object Repository/Menu/Ana_Menu' located by 'By.xpath: //*[@class = 'dropdown-toggle']' in '10' second(s)

2021-11-19 17:24:05 - [MESSAGE][INFO] - Smart Wait Function is triggered

2021-11-19 17:24:05 - [MESSAGE][INFO] - Found 14 web elements with id: 'Object Repository/Menu/Ana_Menu' located by 'By.xpath: //*[@class = 'dropdown-toggle']' in '10' second(s)

2021-11-19 17:24:06 - [MESSAGE][PASSED] - Method.TextDegerineEsitElementeTikla is PASSED

2021-11-19 17:24:06 - [MESSAGE][PASSED] - Call Test Case 'Test Cases/Menu/AnaMenuSecimi' successfully

2021-11-19 17:24:06 - [MESSAGE][INFO] - Checking called Test Case

2021-11-19 17:24:06 - [MESSAGE][INFO] - Starting to call Test Case 'Test Cases/Menu/BasligaGoreAltMenuSecimi'

2021-11-19 17:24:06 - [TEST_CASE][PASSED] - Test Cases/Menu/BasligaGoreAltMenuSecimi: Test Cases/Menu/BasligaGoreAltMenuSecimi

2021-11-19 17:24:06 - [TEST_STEP][PASSED] - Method.TextDegerineEsitElementinAltindakiTextDegerineEsitOlanaTikla(findTestObject("Menu/Menu_Basligi"), findTestObject("Menu/Basliga_Gore_Alt_Menu"), Baslik, Alt_Menu): Method.TextDegerineEsitElementinAltindakiTextDegerineEsitOlanaTikla is PASSED

2021-11-19 17:24:06 - [MESSAGE][INFO] - Finding Test Object 'Object Repository/Menu/Menu_Basligi'

2021-11-19 17:24:06 - [MESSAGE][INFO] - Finding Test Object 'Object Repository/Menu/Basliga_Gore_Alt_Menu'

2021-11-19 17:24:06 - [MESSAGE][INFO] - Checking timeout

2021-11-19 17:24:06 - [MESSAGE][INFO] - Finding web element with id: 'Object Repository/Menu/Menu_Basligi' located by 'By.xpath: //li[@class='dropdown dropdown-large open']//li[@class='dropdown-header']' in '10' second(s)

2021-11-19 17:24:06 - [MESSAGE][INFO] - Smart Wait Function is triggered

2021-11-19 17:24:06 - [MESSAGE][INFO] - Found 2 web elements with id: 'Object Repository/Menu/Menu_Basligi' located by 'By.xpath: //li[@class='dropdown dropdown-large open']//li[@class='dropdown-header']' in '10' second(s)

2021-11-19 17:24:06 - [MESSAGE][INFO] - Smart Wait Function is triggered

2021-11-19 17:24:08 - [MESSAGE][PASSED] - Method.TextDegerineEsitElementinAltindakiTextDegerineEsitOlanaTikla is PASSED

2021-11-19 17:24:08 - [MESSAGE][PASSED] - Call Test Case 'Test Cases/Menu/BasligaGoreAltMenuSecimi' successfully

2021-11-19 17:24:08 - [MESSAGE][INFO] - Checking called Test Case

2021-11-19 17:24:08 - [MESSAGE][INFO] - Starting to call Test Case 'Test Cases/Tablo/Olusturma Tarihi'

2021-11-19 17:24:08 - [TEST_CASE][PASSED] - Test Cases/Tablo/Olusturma Tarihi: Test Cases/Tablo/Olusturma Tarihi

2021-11-19 17:24:08 - [TEST_STEP][PASSED] - if (verifyTextNotPresent("Görüntülenecek veri yok", true, OPTIONAL)): null

2021-11-19 17:24:08 - [MESSAGE][INFO] - Checking text present  using regular expression

2021-11-19 17:24:08 - [MESSAGE][INFO] - Smart Wait Function is triggered

2021-11-19 17:24:09 - [MESSAGE][INFO] - Finding text 'Görüntülenecek veri yok' on page  using regular expression

2021-11-19 17:24:09 - [MESSAGE][PASSED] - Text 'Görüntülenecek veri yok' is not present on page using regular expression

2021-11-19 17:24:09 - [TEST_STEP][PASSED] - click(findTestObject("Temizle/Olusturma_Tarihi_CheckBox")): Object: 'Object Repository/Temizle/Olusturma_Tarihi_CheckBox' is clicked on

2021-11-19 17:24:09 - [MESSAGE][INFO] - Finding Test Object 'Object Repository/Temizle/Olusturma_Tarihi_CheckBox'

2021-11-19 17:24:09 - [MESSAGE][INFO] - Checking object

2021-11-19 17:24:09 - [MESSAGE][INFO] - Finding web element from Test Object's properties

2021-11-19 17:24:09 - [MESSAGE][INFO] - Checking timeout

2021-11-19 17:24:09 - [MESSAGE][INFO] - Finding web element with id: 'Object Repository/Temizle/Olusturma_Tarihi_CheckBox' located by 'By.xpath: //*[@title = 'Bu sayfadaki tüm satırları Seç']' in '30' second(s)

2021-11-19 17:24:09 - [MESSAGE][INFO] - Smart Wait Function is triggered

2021-11-19 17:24:09 - [MESSAGE][INFO] - Found 1 web elements with id: 'Object Repository/Temizle/Olusturma_Tarihi_CheckBox' located by 'By.xpath: //*[@title = 'Bu sayfadaki tüm satırları Seç']' in '30' second(s)

2021-11-19 17:24:09 - [MESSAGE][INFO] - Clicking on object: 'Object Repository/Temizle/Olusturma_Tarihi_CheckBox'

2021-11-19 17:24:09 - [MESSAGE][PASSED] - Object: 'Object Repository/Temizle/Olusturma_Tarihi_CheckBox' is clicked on

2021-11-19 17:24:09 - [TEST_STEP][PASSED] - Method.TextDegerineEsitElementeTiklaEquals(findTestObject("Butonlar/Butonlar"), "Sil"): Method.TextDegerineEsitElementeTiklaEquals is PASSED

2021-11-19 17:24:09 - [MESSAGE][INFO] - Finding Test Object 'Object Repository/Butonlar/Butonlar'

2021-11-19 17:24:10 - [MESSAGE][INFO] - Checking timeout

2021-11-19 17:24:10 - [MESSAGE][INFO] - Finding web element with id: 'Object Repository/Butonlar/Butonlar' located by 'By.cssSelector: .panel.panel-default.text-center.footerPanel .btn,.btn.btn-primary.btnControls' in '10' second(s)

2021-11-19 17:24:10 - [MESSAGE][INFO] - Smart Wait Function is triggered

2021-11-19 17:24:10 - [MESSAGE][INFO] - Found 7 web elements with id: 'Object Repository/Butonlar/Butonlar' located by 'By.cssSelector: .panel.panel-default.text-center.footerPanel .btn,.btn.btn-primary.btnControls' in '10' second(s)

2021-11-19 17:24:10 - [MESSAGE][PASSED] - Method.TextDegerineEsitElementeTiklaEquals is PASSED

2021-11-19 17:24:10 - [TEST_STEP][PASSED] - Method.TextDegerineEsitElementeTikla(findTestObject("Popup/Popup_Butons"), "Evet"): Method.TextDegerineEsitElementeTikla is PASSED

2021-11-19 17:24:10 - [MESSAGE][INFO] - Finding Test Object 'Object Repository/Popup/Popup_Butons'

2021-11-19 17:24:10 - [MESSAGE][INFO] - Checking timeout

2021-11-19 17:24:10 - [MESSAGE][INFO] - Finding web element with id: 'Object Repository/Popup/Popup_Butons' located by 'By.cssSelector: .modal-footer>button' in '10' second(s)

2021-11-19 17:24:10 - [MESSAGE][INFO] - Smart Wait Function is triggered

2021-11-19 17:24:11 - [MESSAGE][INFO] - Found 2 web elements with id: 'Object Repository/Popup/Popup_Butons' located by 'By.cssSelector: .modal-footer>button' in '10' second(s)

2021-11-19 17:24:11 - [MESSAGE][PASSED] - Method.TextDegerineEsitElementeTikla is PASSED

2021-11-19 17:24:11 - [TEST_STEP][PASSED] - Method.TextDegerineEsitElementeTikla(findTestObject("Popup/Popup_Butons"), "Tamam"): Method.TextDegerineEsitElementeTikla is PASSED

2021-11-19 17:24:11 - [MESSAGE][INFO] - Finding Test Object 'Object Repository/Popup/Popup_Butons'

2021-11-19 17:24:11 - [MESSAGE][INFO] - Checking timeout

2021-11-19 17:24:11 - [MESSAGE][INFO] - Finding web element with id: 'Object Repository/Popup/Popup_Butons' located by 'By.cssSelector: .modal-footer>button' in '10' second(s)

2021-11-19 17:24:11 - [MESSAGE][INFO] - Smart Wait Function is triggered

2021-11-19 17:24:12 - [MESSAGE][INFO] - Found 1 web elements with id: 'Object Repository/Popup/Popup_Butons' located by 'By.cssSelector: .modal-footer>button' in '10' second(s)

2021-11-19 17:24:12 - [MESSAGE][PASSED] - Method.TextDegerineEsitElementeTikla is PASSED

2021-11-19 17:24:12 - [MESSAGE][PASSED] - Call Test Case 'Test Cases/Tablo/Olusturma Tarihi' successfully

2021-11-19 17:24:12 - [MESSAGE][INFO] - Checking called Test Case

2021-11-19 17:24:12 - [MESSAGE][INFO] - Starting to call Test Case 'Test Cases/Butonlar/ButonaTikla'

2021-11-19 17:24:12 - [TEST_CASE][PASSED] - Test Cases/Butonlar/ButonaTikla: Test Cases/Butonlar/ButonaTikla

2021-11-19 17:24:12 - [TEST_STEP][PASSED] - Method.TextDegerineEsitElementeTiklaEquals(findTestObject("Butonlar/Butonlar"), Buton_Adi): Method.TextDegerineEsitElementeTiklaEquals is PASSED

2021-11-19 17:24:12 - [MESSAGE][INFO] - Finding Test Object 'Object Repository/Butonlar/Butonlar'

2021-11-19 17:24:12 - [MESSAGE][INFO] - Checking timeout

2021-11-19 17:24:12 - [MESSAGE][INFO] - Finding web element with id: 'Object Repository/Butonlar/Butonlar' located by 'By.cssSelector: .panel.panel-default.text-center.footerPanel .btn,.btn.btn-primary.btnControls' in '10' second(s)

2021-11-19 17:24:12 - [MESSAGE][INFO] - Smart Wait Function is triggered

2021-11-19 17:24:13 - [MESSAGE][INFO] - Found 7 web elements with id: 'Object Repository/Butonlar/Butonlar' located by 'By.cssSelector: .panel.panel-default.text-center.footerPanel .btn,.btn.btn-primary.btnControls' in '10' second(s)

2021-11-19 17:24:13 - [MESSAGE][PASSED] - Method.TextDegerineEsitElementeTiklaEquals is PASSED

2021-11-19 17:24:13 - [MESSAGE][PASSED] - Call Test Case 'Test Cases/Butonlar/ButonaTikla' successfully

2021-11-19 17:24:13 - [MESSAGE][INFO] - Checking called Test Case

2021-11-19 17:24:13 - [MESSAGE][INFO] - Starting to call Test Case 'Test Cases/Olusturma/Genel/GorselTasarimSayfasıBasligiIceriyorMu'

2021-11-19 17:24:13 - [TEST_CASE][PASSED] - Test Cases/Olusturma/Genel/GorselTasarimSayfasıBasligiIceriyorMu: Test Cases/Olusturma/Genel/GorselTasarimSayfasıBasligiIceriyorMu

2021-11-19 17:24:13 - [TEST_STEP][PASSED] - verifyElementText(findTestObject("Object Repository/Olusturma/Genel/GorselTasarimBaslik"), Baslik): Actual text and expected text of test object 'Object Repository/Olusturma/Genel/GorselTasarimBaslik' are matched.

2021-11-19 17:24:13 - [MESSAGE][INFO] - Finding Test Object 'Object Repository/Olusturma/Genel/GorselTasarimBaslik'

2021-11-19 17:24:13 - [MESSAGE][INFO] - Checking object

2021-11-19 17:24:13 - [MESSAGE][INFO] - Finding web element from Test Object's properties

2021-11-19 17:24:13 - [MESSAGE][INFO] - Checking timeout

2021-11-19 17:24:13 - [MESSAGE][INFO] - Finding web element with id: 'Object Repository/Olusturma/Genel/GorselTasarimBaslik' located by 'By.cssSelector: #flAlici_0>div>span' in '30' second(s)

2021-11-19 17:24:13 - [MESSAGE][INFO] - Smart Wait Function is triggered

2021-11-19 17:24:16 - [MESSAGE][INFO] - Found 1 web elements with id: 'Object Repository/Olusturma/Genel/GorselTasarimBaslik' located by 'By.cssSelector: #flAlici_0>div>span' in '30' second(s)

2021-11-19 17:24:16 - [MESSAGE][PASSED] - Actual text and expected text of test object 'Object Repository/Olusturma/Genel/GorselTasarimBaslik' are matched.

2021-11-19 17:24:16 - [MESSAGE][PASSED] - Call Test Case 'Test Cases/Olusturma/Genel/GorselTasarimSayfasıBasligiIceriyorMu' successfully

2021-11-19 17:24:16 - [MESSAGE][INFO] - Checking called Test Case

2021-11-19 17:24:16 - [MESSAGE][INFO] - Starting to call Test Case 'Test Cases/Olusturma/Genel/AliciSecilir'

2021-11-19 17:24:16 - [TEST_CASE][PASSED] - Test Cases/Olusturma/Genel/AliciSecilir: Test Cases/Olusturma/Genel/AliciSecilir

2021-11-19 17:24:16 - [TEST_STEP][PASSED] - click(findTestObject("Olusturma/Genel/AliciBilgisi/Alici_Ara")): Object: 'Object Repository/Olusturma/Genel/AliciBilgisi/Alici_Ara' is clicked on

2021-11-19 17:24:16 - [MESSAGE][INFO] - Finding Test Object 'Object Repository/Olusturma/Genel/AliciBilgisi/Alici_Ara'

2021-11-19 17:24:16 - [MESSAGE][INFO] - Checking object

2021-11-19 17:24:16 - [MESSAGE][INFO] - Finding web element from Test Object's properties

2021-11-19 17:24:16 - [MESSAGE][INFO] - Checking timeout

2021-11-19 17:24:16 - [MESSAGE][INFO] - Finding web element with id: 'Object Repository/Olusturma/Genel/AliciBilgisi/Alici_Ara' located by 'By.xpath: //td[@id='txtCustomerText_B-1']' in '30' second(s)

2021-11-19 17:24:16 - [MESSAGE][INFO] - Smart Wait Function is triggered

2021-11-19 17:24:16 - [MESSAGE][INFO] - Found 1 web elements with id: 'Object Repository/Olusturma/Genel/AliciBilgisi/Alici_Ara' located by 'By.xpath: //td[@id='txtCustomerText_B-1']' in '30' second(s)

2021-11-19 17:24:16 - [MESSAGE][INFO] - Clicking on object: 'Object Repository/Olusturma/Genel/AliciBilgisi/Alici_Ara'

2021-11-19 17:24:16 - [MESSAGE][PASSED] - Object: 'Object Repository/Olusturma/Genel/AliciBilgisi/Alici_Ara' is clicked on

2021-11-19 17:24:16 - [TEST_STEP][PASSED] - click(findTestObject("Olusturma/Genel/AliciBilgisi/Alici_Bilgisi")): Object: 'Object Repository/Olusturma/Genel/AliciBilgisi/Alici_Bilgisi' is clicked on

2021-11-19 17:24:16 - [MESSAGE][INFO] - Finding Test Object 'Object Repository/Olusturma/Genel/AliciBilgisi/Alici_Bilgisi'

2021-11-19 17:24:16 - [MESSAGE][INFO] - Checking object

2021-11-19 17:24:16 - [MESSAGE][INFO] - Finding web element from Test Object's properties

2021-11-19 17:24:16 - [MESSAGE][INFO] - Checking timeout

2021-11-19 17:24:16 - [MESSAGE][INFO] - Finding web element with id: 'Object Repository/Olusturma/Genel/AliciBilgisi/Alici_Bilgisi' located by 'By.xpath: //iframe[@id='customerselectiframe']' in '30' second(s)

2021-11-19 17:24:16 - [MESSAGE][INFO] - Smart Wait Function is triggered

2021-11-19 17:24:17 - [MESSAGE][INFO] - Found 1 web elements with id: 'Object Repository/Olusturma/Genel/AliciBilgisi/Alici_Bilgisi' located by 'By.xpath: //iframe[@id='customerselectiframe']' in '30' second(s)

2021-11-19 17:24:17 - [MESSAGE][INFO] - Clicking on object: 'Object Repository/Olusturma/Genel/AliciBilgisi/Alici_Bilgisi'

2021-11-19 17:24:17 - [MESSAGE][PASSED] - Object: 'Object Repository/Olusturma/Genel/AliciBilgisi/Alici_Bilgisi' is clicked on

2021-11-19 17:24:17 - [TEST_STEP][PASSED] - setText(findTestObject("Olusturma/Genel/AliciBilgisi/Alici_Gir"), Alici_Adi): Switching to default content

2021-11-19 17:24:17 - [MESSAGE][INFO] - Finding Test Object 'Object Repository/Olusturma/Genel/AliciBilgisi/Alici_Gir'

2021-11-19 17:24:17 - [MESSAGE][INFO] - Finding Test Object 'Object Repository/Olusturma/Genel/AliciBilgisi/Alici_Bilgisi'

2021-11-19 17:24:17 - [MESSAGE][INFO] - Checking object

2021-11-19 17:24:17 - [MESSAGE][INFO] - Checking text

2021-11-19 17:24:17 - [MESSAGE][INFO] - Object: 'Object Repository/Olusturma/Genel/AliciBilgisi/Alici_Gir' has parent object(s)

2021-11-19 17:24:17 - [MESSAGE][INFO] - Switching to iframe: 'Object Repository/Olusturma/Genel/AliciBilgisi/Alici_Bilgisi'

2021-11-19 17:24:17 - [MESSAGE][INFO] - Finding web element from Test Object's properties

2021-11-19 17:24:17 - [MESSAGE][INFO] - Checking timeout

2021-11-19 17:24:17 - [MESSAGE][INFO] - Finding web element with id: 'Object Repository/Olusturma/Genel/AliciBilgisi/Alici_Bilgisi' located by 'By.xpath: //iframe[@id='customerselectiframe']' in '30' second(s)

2021-11-19 17:24:17 - [MESSAGE][INFO] - Smart Wait Function is triggered

2021-11-19 17:24:17 - [MESSAGE][INFO] - Found 1 web elements with id: 'Object Repository/Olusturma/Genel/AliciBilgisi/Alici_Bilgisi' located by 'By.xpath: //iframe[@id='customerselectiframe']' in '30' second(s)

2021-11-19 17:24:17 - [MESSAGE][INFO] - Switched to iframe: 'Object Repository/Olusturma/Genel/AliciBilgisi/Alici_Bilgisi'

2021-11-19 17:24:17 - [MESSAGE][INFO] - Finding web element from Test Object's properties

2021-11-19 17:24:17 - [MESSAGE][INFO] - Checking timeout

2021-11-19 17:24:17 - [MESSAGE][INFO] - Finding web element with id: 'Object Repository/Olusturma/Genel/AliciBilgisi/Alici_Gir' located by 'By.xpath: //input[@id='GridViewCustomer_DXFREditorcol1_I']' in '30' second(s)

2021-11-19 17:24:17 - [MESSAGE][INFO] - Smart Wait Function is triggered

2021-11-19 17:24:17 - [MESSAGE][INFO] - Found 1 web elements with id: 'Object Repository/Olusturma/Genel/AliciBilgisi/Alici_Gir' located by 'By.xpath: //input[@id='GridViewCustomer_DXFREditorcol1_I']' in '30' second(s)

2021-11-19 17:24:17 - [MESSAGE][INFO] - Clearing text of object 'Object Repository/Olusturma/Genel/AliciBilgisi/Alici_Gir'

2021-11-19 17:24:17 - [MESSAGE][INFO] - Finding web element from Test Object's properties

2021-11-19 17:24:17 - [MESSAGE][INFO] - Checking timeout

2021-11-19 17:24:17 - [MESSAGE][INFO] - Finding web element with id: 'Object Repository/Olusturma/Genel/AliciBilgisi/Alici_Gir' located by 'By.xpath: //input[@id='GridViewCustomer_DXFREditorcol1_I']' in '30' second(s)

2021-11-19 17:24:17 - [MESSAGE][INFO] - Smart Wait Function is triggered

2021-11-19 17:24:17 - [MESSAGE][INFO] - Found 1 web elements with id: 'Object Repository/Olusturma/Genel/AliciBilgisi/Alici_Gir' located by 'By.xpath: //input[@id='GridViewCustomer_DXFREditorcol1_I']' in '30' second(s)

2021-11-19 17:24:17 - [MESSAGE][INFO] - Setting text of object 'Object Repository/Olusturma/Genel/AliciBilgisi/Alici_Gir' to value 'VirgosolSerbestMeslekVKN'

2021-11-19 17:24:17 - [MESSAGE][PASSED] - Text 'VirgosolSerbestMeslekVKN' is set on object 'Object Repository/Olusturma/Genel/AliciBilgisi/Alici_Gir'

2021-11-19 17:24:17 - [MESSAGE][INFO] - Switching to default content

2021-11-19 17:24:17 - [TEST_STEP][PASSED] - waitForElementClickable(findTestObject("Olusturma/Genel/AliciBilgisi/Alici_Adi"), 10): Switching to default content

2021-11-19 17:24:17 - [MESSAGE][INFO] - Finding Test Object 'Object Repository/Olusturma/Genel/AliciBilgisi/Alici_Adi'

2021-11-19 17:24:17 - [MESSAGE][INFO] - Finding Test Object 'Object Repository/Olusturma/Genel/AliciBilgisi/iframe_Alc Bilgisi_customerselectiframe'

2021-11-19 17:24:17 - [MESSAGE][INFO] - Checking object

2021-11-19 17:24:17 - [MESSAGE][INFO] - Checking timeout

2021-11-19 17:24:17 - [MESSAGE][INFO] - Object: 'Object Repository/Olusturma/Genel/AliciBilgisi/Alici_Adi' has parent object(s)

2021-11-19 17:24:17 - [MESSAGE][INFO] - Switching to iframe: 'Object Repository/Olusturma/Genel/AliciBilgisi/iframe_Alc Bilgisi_customerselectiframe'

2021-11-19 17:24:17 - [MESSAGE][INFO] - Finding web element from Test Object's properties

2021-11-19 17:24:17 - [MESSAGE][INFO] - Checking timeout

2021-11-19 17:24:17 - [MESSAGE][INFO] - Finding web element with id: 'Object Repository/Olusturma/Genel/AliciBilgisi/iframe_Alc Bilgisi_customerselectiframe' located by 'By.xpath: //iframe[@id='customerselectiframe']' in '10' second(s)

2021-11-19 17:24:17 - [MESSAGE][INFO] - Smart Wait Function is triggered

2021-11-19 17:24:18 - [MESSAGE][INFO] - Found 1 web elements with id: 'Object Repository/Olusturma/Genel/AliciBilgisi/iframe_Alc Bilgisi_customerselectiframe' located by 'By.xpath: //iframe[@id='customerselectiframe']' in '10' second(s)

2021-11-19 17:24:18 - [MESSAGE][INFO] - Switched to iframe: 'Object Repository/Olusturma/Genel/AliciBilgisi/iframe_Alc Bilgisi_customerselectiframe'

2021-11-19 17:24:18 - [MESSAGE][INFO] - Finding web element from Test Object's properties

2021-11-19 17:24:18 - [MESSAGE][INFO] - Checking timeout

2021-11-19 17:24:18 - [MESSAGE][INFO] - Finding web element with id: 'Object Repository/Olusturma/Genel/AliciBilgisi/Alici_Adi' located by 'By.xpath: //tr[@id='GridViewCustomer_DXDataRow0']/td[2]' in '10' second(s)

2021-11-19 17:24:18 - [MESSAGE][INFO] - Smart Wait Function is triggered

2021-11-19 17:24:18 - [MESSAGE][INFO] - Found 1 web elements with id: 'Object Repository/Olusturma/Genel/AliciBilgisi/Alici_Adi' located by 'By.xpath: //tr[@id='GridViewCustomer_DXDataRow0']/td[2]' in '10' second(s)

2021-11-19 17:24:18 - [MESSAGE][PASSED] - Object 'Object Repository/Olusturma/Genel/AliciBilgisi/Alici_Adi' is clickable

2021-11-19 17:24:18 - [MESSAGE][INFO] - Switching to default content

2021-11-19 17:24:18 - [TEST_STEP][PASSED] - click(findTestObject("Olusturma/Genel/AliciBilgisi/frame")): Switching to default content

2021-11-19 17:24:18 - [MESSAGE][INFO] - Finding Test Object 'Object Repository/Olusturma/Genel/AliciBilgisi/frame'

2021-11-19 17:24:18 - [MESSAGE][INFO] - Finding Test Object 'Object Repository/Olusturma/Genel/AliciBilgisi/iframe_Alc Bilgisi_customerselectiframe'

2021-11-19 17:24:18 - [MESSAGE][INFO] - Checking object

2021-11-19 17:24:18 - [MESSAGE][INFO] - Object: 'Object Repository/Olusturma/Genel/AliciBilgisi/frame' has parent object(s)

2021-11-19 17:24:18 - [MESSAGE][INFO] - Switching to iframe: 'Object Repository/Olusturma/Genel/AliciBilgisi/iframe_Alc Bilgisi_customerselectiframe'

2021-11-19 17:24:18 - [MESSAGE][INFO] - Finding web element from Test Object's properties

2021-11-19 17:24:18 - [MESSAGE][INFO] - Checking timeout

2021-11-19 17:24:18 - [MESSAGE][INFO] - Finding web element with id: 'Object Repository/Olusturma/Genel/AliciBilgisi/iframe_Alc Bilgisi_customerselectiframe' located by 'By.xpath: //iframe[@id='customerselectiframe']' in '30' second(s)

2021-11-19 17:24:18 - [MESSAGE][INFO] - Smart Wait Function is triggered

2021-11-19 17:24:18 - [MESSAGE][INFO] - Found 1 web elements with id: 'Object Repository/Olusturma/Genel/AliciBilgisi/iframe_Alc Bilgisi_customerselectiframe' located by 'By.xpath: //iframe[@id='customerselectiframe']' in '30' second(s)

2021-11-19 17:24:18 - [MESSAGE][INFO] - Switched to iframe: 'Object Repository/Olusturma/Genel/AliciBilgisi/iframe_Alc Bilgisi_customerselectiframe'

2021-11-19 17:24:18 - [MESSAGE][INFO] - Finding web element from Test Object's properties

2021-11-19 17:24:18 - [MESSAGE][INFO] - Checking timeout

2021-11-19 17:24:18 - [MESSAGE][INFO] - Finding web element with id: 'Object Repository/Olusturma/Genel/AliciBilgisi/frame' located by 'By.xpath: //*/text()[normalize-space(.)='']/parent::*' in '30' second(s)

2021-11-19 17:24:18 - [MESSAGE][INFO] - Smart Wait Function is triggered

2021-11-19 17:24:18 - [MESSAGE][INFO] - Found 73 web elements with id: 'Object Repository/Olusturma/Genel/AliciBilgisi/frame' located by 'By.xpath: //*/text()[normalize-space(.)='']/parent::*' in '30' second(s)

2021-11-19 17:24:18 - [MESSAGE][INFO] - Clicking on object: 'Object Repository/Olusturma/Genel/AliciBilgisi/frame'

2021-11-19 17:24:19 - [MESSAGE][PASSED] - Object: 'Object Repository/Olusturma/Genel/AliciBilgisi/frame' is clicked on

2021-11-19 17:24:19 - [MESSAGE][INFO] - Switching to default content

2021-11-19 17:24:19 - [TEST_STEP][PASSED] - click(findTestObject("Olusturma/Genel/AliciBilgisi/Alici_Adi")): Switching to default content

2021-11-19 17:24:19 - [MESSAGE][INFO] - Finding Test Object 'Object Repository/Olusturma/Genel/AliciBilgisi/Alici_Adi'

2021-11-19 17:24:19 - [MESSAGE][INFO] - Finding Test Object 'Object Repository/Olusturma/Genel/AliciBilgisi/iframe_Alc Bilgisi_customerselectiframe'

2021-11-19 17:24:19 - [MESSAGE][INFO] - Checking object

2021-11-19 17:24:19 - [MESSAGE][INFO] - Object: 'Object Repository/Olusturma/Genel/AliciBilgisi/Alici_Adi' has parent object(s)

2021-11-19 17:24:19 - [MESSAGE][INFO] - Switching to iframe: 'Object Repository/Olusturma/Genel/AliciBilgisi/iframe_Alc Bilgisi_customerselectiframe'

2021-11-19 17:24:19 - [MESSAGE][INFO] - Finding web element from Test Object's properties

2021-11-19 17:24:19 - [MESSAGE][INFO] - Checking timeout

2021-11-19 17:24:19 - [MESSAGE][INFO] - Finding web element with id: 'Object Repository/Olusturma/Genel/AliciBilgisi/iframe_Alc Bilgisi_customerselectiframe' located by 'By.xpath: //iframe[@id='customerselectiframe']' in '30' second(s)

2021-11-19 17:24:19 - [MESSAGE][INFO] - Smart Wait Function is triggered

2021-11-19 17:24:19 - [MESSAGE][INFO] - Found 1 web elements with id: 'Object Repository/Olusturma/Genel/AliciBilgisi/iframe_Alc Bilgisi_customerselectiframe' located by 'By.xpath: //iframe[@id='customerselectiframe']' in '30' second(s)

2021-11-19 17:24:19 - [MESSAGE][INFO] - Switched to iframe: 'Object Repository/Olusturma/Genel/AliciBilgisi/iframe_Alc Bilgisi_customerselectiframe'

2021-11-19 17:24:19 - [MESSAGE][INFO] - Finding web element from Test Object's properties

2021-11-19 17:24:19 - [MESSAGE][INFO] - Checking timeout

2021-11-19 17:24:19 - [MESSAGE][INFO] - Finding web element with id: 'Object Repository/Olusturma/Genel/AliciBilgisi/Alici_Adi' located by 'By.xpath: //tr[@id='GridViewCustomer_DXDataRow0']/td[2]' in '30' second(s)

2021-11-19 17:24:19 - [MESSAGE][INFO] - Smart Wait Function is triggered

2021-11-19 17:24:19 - [MESSAGE][INFO] - Found 1 web elements with id: 'Object Repository/Olusturma/Genel/AliciBilgisi/Alici_Adi' located by 'By.xpath: //tr[@id='GridViewCustomer_DXDataRow0']/td[2]' in '30' second(s)

2021-11-19 17:24:19 - [MESSAGE][INFO] - Clicking on object: 'Object Repository/Olusturma/Genel/AliciBilgisi/Alici_Adi'

2021-11-19 17:24:19 - [MESSAGE][PASSED] - Object: 'Object Repository/Olusturma/Genel/AliciBilgisi/Alici_Adi' is clicked on

2021-11-19 17:24:19 - [MESSAGE][INFO] - Switching to default content

2021-11-19 17:24:19 - [TEST_STEP][PASSED] - click(findTestObject("Olusturma/Genel/AliciBilgisi/Tamam_Bosluk")): Switching to default content

2021-11-19 17:24:19 - [MESSAGE][INFO] - Finding Test Object 'Object Repository/Olusturma/Genel/AliciBilgisi/Tamam_Bosluk'

2021-11-19 17:24:19 - [MESSAGE][INFO] - Finding Test Object 'Object Repository/Olusturma/Genel/AliciBilgisi/Alici_Bilgisi'

2021-11-19 17:24:20 - [MESSAGE][INFO] - Checking object

2021-11-19 17:24:20 - [MESSAGE][INFO] - Object: 'Object Repository/Olusturma/Genel/AliciBilgisi/Tamam_Bosluk' has parent object(s)

2021-11-19 17:24:20 - [MESSAGE][INFO] - Switching to iframe: 'Object Repository/Olusturma/Genel/AliciBilgisi/Alici_Bilgisi'

2021-11-19 17:24:20 - [MESSAGE][INFO] - Finding web element from Test Object's properties

2021-11-19 17:24:20 - [MESSAGE][INFO] - Checking timeout

2021-11-19 17:24:20 - [MESSAGE][INFO] - Finding web element with id: 'Object Repository/Olusturma/Genel/AliciBilgisi/Alici_Bilgisi' located by 'By.xpath: //iframe[@id='customerselectiframe']' in '30' second(s)

2021-11-19 17:24:20 - [MESSAGE][INFO] - Smart Wait Function is triggered

2021-11-19 17:24:20 - [MESSAGE][INFO] - Found 1 web elements with id: 'Object Repository/Olusturma/Genel/AliciBilgisi/Alici_Bilgisi' located by 'By.xpath: //iframe[@id='customerselectiframe']' in '30' second(s)

2021-11-19 17:24:20 - [MESSAGE][INFO] - Switched to iframe: 'Object Repository/Olusturma/Genel/AliciBilgisi/Alici_Bilgisi'

2021-11-19 17:24:20 - [MESSAGE][INFO] - Finding web element from Test Object's properties

2021-11-19 17:24:20 - [MESSAGE][INFO] - Checking timeout

2021-11-19 17:24:20 - [MESSAGE][INFO] - Finding web element with id: 'Object Repository/Olusturma/Genel/AliciBilgisi/Tamam_Bosluk' located by 'By.xpath: (.//*[normalize-space(text()) and normalize-space(.)='Sayfa Boyutu:'])[1]/following::div[7]' in '30' second(s)

2021-11-19 17:24:20 - [MESSAGE][INFO] - Smart Wait Function is triggered

2021-11-19 17:24:20 - [MESSAGE][INFO] - Found 1 web elements with id: 'Object Repository/Olusturma/Genel/AliciBilgisi/Tamam_Bosluk' located by 'By.xpath: (.//*[normalize-space(text()) and normalize-space(.)='Sayfa Boyutu:'])[1]/following::div[7]' in '30' second(s)

2021-11-19 17:24:20 - [MESSAGE][INFO] - Clicking on object: 'Object Repository/Olusturma/Genel/AliciBilgisi/Tamam_Bosluk'

2021-11-19 17:24:20 - [MESSAGE][PASSED] - Object: 'Object Repository/Olusturma/Genel/AliciBilgisi/Tamam_Bosluk' is clicked on

2021-11-19 17:24:20 - [MESSAGE][INFO] - Switching to default content

2021-11-19 17:24:20 - [TEST_STEP][PASSED] - waitForElementClickable(findTestObject("Olusturma/Genel/AliciBilgisi/Tamam_Butonu"), 10): Switching to default content

2021-11-19 17:24:20 - [MESSAGE][INFO] - Finding Test Object 'Object Repository/Olusturma/Genel/AliciBilgisi/Tamam_Butonu'

2021-11-19 17:24:20 - [MESSAGE][INFO] - Finding Test Object 'Object Repository/Olusturma/Genel/AliciBilgisi/Alici_Bilgisi'

2021-11-19 17:24:20 - [MESSAGE][INFO] - Checking object

2021-11-19 17:24:20 - [MESSAGE][INFO] - Checking timeout

2021-11-19 17:24:20 - [MESSAGE][INFO] - Object: 'Object Repository/Olusturma/Genel/AliciBilgisi/Tamam_Butonu' has parent object(s)

2021-11-19 17:24:20 - [MESSAGE][INFO] - Switching to iframe: 'Object Repository/Olusturma/Genel/AliciBilgisi/Alici_Bilgisi'

2021-11-19 17:24:20 - [MESSAGE][INFO] - Finding web element from Test Object's properties

2021-11-19 17:24:20 - [MESSAGE][INFO] - Checking timeout

2021-11-19 17:24:20 - [MESSAGE][INFO] - Finding web element with id: 'Object Repository/Olusturma/Genel/AliciBilgisi/Alici_Bilgisi' located by 'By.xpath: //iframe[@id='customerselectiframe']' in '10' second(s)

2021-11-19 17:24:20 - [MESSAGE][INFO] - Smart Wait Function is triggered

2021-11-19 17:24:21 - [MESSAGE][INFO] - Found 1 web elements with id: 'Object Repository/Olusturma/Genel/AliciBilgisi/Alici_Bilgisi' located by 'By.xpath: //iframe[@id='customerselectiframe']' in '10' second(s)

2021-11-19 17:24:21 - [MESSAGE][INFO] - Switched to iframe: 'Object Repository/Olusturma/Genel/AliciBilgisi/Alici_Bilgisi'

2021-11-19 17:24:21 - [MESSAGE][INFO] - Finding web element from Test Object's properties

2021-11-19 17:24:21 - [MESSAGE][INFO] - Checking timeout

2021-11-19 17:24:21 - [MESSAGE][INFO] - Finding web element with id: 'Object Repository/Olusturma/Genel/AliciBilgisi/Tamam_Butonu' located by 'By.xpath: //div[@id='btnSelectCustomer_CD']/span' in '10' second(s)

2021-11-19 17:24:21 - [MESSAGE][INFO] - Smart Wait Function is triggered

2021-11-19 17:24:21 - [MESSAGE][INFO] - Found 1 web elements with id: 'Object Repository/Olusturma/Genel/AliciBilgisi/Tamam_Butonu' located by 'By.xpath: //div[@id='btnSelectCustomer_CD']/span' in '10' second(s)

2021-11-19 17:24:21 - [MESSAGE][PASSED] - Object 'Object Repository/Olusturma/Genel/AliciBilgisi/Tamam_Butonu' is clickable

2021-11-19 17:24:21 - [MESSAGE][INFO] - Switching to default content

2021-11-19 17:24:21 - [TEST_STEP][PASSED] - click(findTestObject("Olusturma/Genel/AliciBilgisi/Tamam_Butonu")): Switching to default content

2021-11-19 17:24:21 - [MESSAGE][INFO] - Finding Test Object 'Object Repository/Olusturma/Genel/AliciBilgisi/Tamam_Butonu'

2021-11-19 17:24:21 - [MESSAGE][INFO] - Finding Test Object 'Object Repository/Olusturma/Genel/AliciBilgisi/Alici_Bilgisi'

2021-11-19 17:24:21 - [MESSAGE][INFO] - Checking object

2021-11-19 17:24:21 - [MESSAGE][INFO] - Object: 'Object Repository/Olusturma/Genel/AliciBilgisi/Tamam_Butonu' has parent object(s)

2021-11-19 17:24:21 - [MESSAGE][INFO] - Switching to iframe: 'Object Repository/Olusturma/Genel/AliciBilgisi/Alici_Bilgisi'

2021-11-19 17:24:21 - [MESSAGE][INFO] - Finding web element from Test Object's properties

2021-11-19 17:24:21 - [MESSAGE][INFO] - Checking timeout

2021-11-19 17:24:21 - [MESSAGE][INFO] - Finding web element with id: 'Object Repository/Olusturma/Genel/AliciBilgisi/Alici_Bilgisi' located by 'By.xpath: //iframe[@id='customerselectiframe']' in '30' second(s)

2021-11-19 17:24:21 - [MESSAGE][INFO] - Smart Wait Function is triggered

2021-11-19 17:24:21 - [MESSAGE][INFO] - Found 1 web elements with id: 'Object Repository/Olusturma/Genel/AliciBilgisi/Alici_Bilgisi' located by 'By.xpath: //iframe[@id='customerselectiframe']' in '30' second(s)

2021-11-19 17:24:21 - [MESSAGE][INFO] - Switched to iframe: 'Object Repository/Olusturma/Genel/AliciBilgisi/Alici_Bilgisi'

2021-11-19 17:24:21 - [MESSAGE][INFO] - Finding web element from Test Object's properties

2021-11-19 17:24:21 - [MESSAGE][INFO] - Checking timeout

2021-11-19 17:24:21 - [MESSAGE][INFO] - Finding web element with id: 'Object Repository/Olusturma/Genel/AliciBilgisi/Tamam_Butonu' located by 'By.xpath: //div[@id='btnSelectCustomer_CD']/span' in '30' second(s)

2021-11-19 17:24:21 - [MESSAGE][INFO] - Smart Wait Function is triggered

2021-11-19 17:24:21 - [MESSAGE][INFO] - Found 1 web elements with id: 'Object Repository/Olusturma/Genel/AliciBilgisi/Tamam_Butonu' located by 'By.xpath: //div[@id='btnSelectCustomer_CD']/span' in '30' second(s)

2021-11-19 17:24:21 - [MESSAGE][INFO] - Clicking on object: 'Object Repository/Olusturma/Genel/AliciBilgisi/Tamam_Butonu'

2021-11-19 17:24:21 - [MESSAGE][PASSED] - Object: 'Object Repository/Olusturma/Genel/AliciBilgisi/Tamam_Butonu' is clicked on

2021-11-19 17:24:21 - [MESSAGE][INFO] - Switching to default content

2021-11-19 17:24:21 - [TEST_STEP][PASSED] - waitForElementPresent(findTestObject("Olusturma/Genel/AliciBilgisi/VKN-TCKN"), 10): Object 'Object Repository/Olusturma/Genel/AliciBilgisi/VKN-TCKN' is present

2021-11-19 17:24:21 - [MESSAGE][INFO] - Finding Test Object 'Object Repository/Olusturma/Genel/AliciBilgisi/VKN-TCKN'

2021-11-19 17:24:21 - [MESSAGE][INFO] - Checking object

2021-11-19 17:24:21 - [MESSAGE][INFO] - Finding web element from Test Object's properties

2021-11-19 17:24:21 - [MESSAGE][INFO] - Checking timeout

2021-11-19 17:24:21 - [MESSAGE][INFO] - Finding web element with id: 'Object Repository/Olusturma/Genel/AliciBilgisi/VKN-TCKN' located by 'By.xpath: //*[@id = 'txtVknTckn_I']' in '10' second(s)

2021-11-19 17:24:21 - [MESSAGE][INFO] - Smart Wait Function is triggered

2021-11-19 17:24:22 - [MESSAGE][INFO] - Found 1 web elements with id: 'Object Repository/Olusturma/Genel/AliciBilgisi/VKN-TCKN' located by 'By.xpath: //*[@id = 'txtVknTckn_I']' in '10' second(s)

2021-11-19 17:24:22 - [MESSAGE][PASSED] - Object 'Object Repository/Olusturma/Genel/AliciBilgisi/VKN-TCKN' is present

2021-11-19 17:24:22 - [TEST_STEP][PASSED] - text = getAttribute(findTestObject("Olusturma/Genel/AliciBilgisi/VKN-TCKN"), "value"): Attribute 'value' of object 'Object Repository/Olusturma/Genel/AliciBilgisi/VKN-TCKN' is: '6090408038'

2021-11-19 17:24:22 - [MESSAGE][INFO] - Finding Test Object 'Object Repository/Olusturma/Genel/AliciBilgisi/VKN-TCKN'

2021-11-19 17:24:22 - [MESSAGE][INFO] - Checking object

2021-11-19 17:24:22 - [MESSAGE][INFO] - Checking attribute

2021-11-19 17:24:22 - [MESSAGE][INFO] - Finding web element from Test Object's properties

2021-11-19 17:24:22 - [MESSAGE][INFO] - Checking timeout

2021-11-19 17:24:22 - [MESSAGE][INFO] - Finding web element with id: 'Object Repository/Olusturma/Genel/AliciBilgisi/VKN-TCKN' located by 'By.xpath: //*[@id = 'txtVknTckn_I']' in '30' second(s)

2021-11-19 17:24:22 - [MESSAGE][INFO] - Smart Wait Function is triggered

2021-11-19 17:24:22 - [MESSAGE][INFO] - Found 1 web elements with id: 'Object Repository/Olusturma/Genel/AliciBilgisi/VKN-TCKN' located by 'By.xpath: //*[@id = 'txtVknTckn_I']' in '30' second(s)

2021-11-19 17:24:22 - [MESSAGE][INFO] - Getting attribute 'value' of object 'Object Repository/Olusturma/Genel/AliciBilgisi/VKN-TCKN'

2021-11-19 17:24:22 - [MESSAGE][PASSED] - Attribute 'value' of object 'Object Repository/Olusturma/Genel/AliciBilgisi/VKN-TCKN' is: '6090408038'

2021-11-19 17:24:22 - [TEST_STEP][PASSED] - if (text.equals("")): null

2021-11-19 17:24:22 - [MESSAGE][PASSED] - Call Test Case 'Test Cases/Olusturma/Genel/AliciSecilir' successfully

2021-11-19 17:24:22 - [MESSAGE][INFO] - Checking called Test Case

2021-11-19 17:24:22 - [MESSAGE][INFO] - Starting to call Test Case 'Test Cases/Olusturma/Genel/GonderimSekliSecilir'

2021-11-19 17:24:22 - [TEST_CASE][PASSED] - Test Cases/Olusturma/Genel/GonderimSekliSecilir: Test Cases/Olusturma/Genel/GonderimSekliSecilir

2021-11-19 17:24:22 - [TEST_STEP][PASSED] - waitForElementClickable(findTestObject("Object Repository/Olusturma/Genel/GonderimSekli/GonderimSekli"), 10): Object 'Object Repository/Olusturma/Genel/GonderimSekli/GonderimSekli' is clickable

2021-11-19 17:24:22 - [MESSAGE][INFO] - Finding Test Object 'Object Repository/Olusturma/Genel/GonderimSekli/GonderimSekli'

2021-11-19 17:24:22 - [MESSAGE][INFO] - Checking object

2021-11-19 17:24:22 - [MESSAGE][INFO] - Checking timeout

2021-11-19 17:24:22 - [MESSAGE][INFO] - Finding web element from Test Object's properties

2021-11-19 17:24:22 - [MESSAGE][INFO] - Checking timeout

2021-11-19 17:24:22 - [MESSAGE][INFO] - Finding web element with id: 'Object Repository/Olusturma/Genel/GonderimSekli/GonderimSekli' located by 'By.xpath: //*[@id = 'txtGonderimSekil_I']' in '10' second(s)

2021-11-19 17:24:22 - [MESSAGE][INFO] - Smart Wait Function is triggered

2021-11-19 17:24:23 - [MESSAGE][INFO] - Found 1 web elements with id: 'Object Repository/Olusturma/Genel/GonderimSekli/GonderimSekli' located by 'By.xpath: //*[@id = 'txtGonderimSekil_I']' in '10' second(s)

2021-11-19 17:24:23 - [MESSAGE][PASSED] - Object 'Object Repository/Olusturma/Genel/GonderimSekli/GonderimSekli' is clickable

2021-11-19 17:24:23 - [TEST_STEP][PASSED] - click(findTestObject("Object Repository/Olusturma/Genel/GonderimSekli/GonderimSekli")): Object: 'Object Repository/Olusturma/Genel/GonderimSekli/GonderimSekli' is clicked on

2021-11-19 17:24:23 - [MESSAGE][INFO] - Finding Test Object 'Object Repository/Olusturma/Genel/GonderimSekli/GonderimSekli'

2021-11-19 17:24:23 - [MESSAGE][INFO] - Checking object

2021-11-19 17:24:23 - [MESSAGE][INFO] - Finding web element from Test Object's properties

2021-11-19 17:24:23 - [MESSAGE][INFO] - Checking timeout

2021-11-19 17:24:23 - [MESSAGE][INFO] - Finding web element with id: 'Object Repository/Olusturma/Genel/GonderimSekli/GonderimSekli' located by 'By.xpath: //*[@id = 'txtGonderimSekil_I']' in '30' second(s)

2021-11-19 17:24:23 - [MESSAGE][INFO] - Smart Wait Function is triggered

2021-11-19 17:24:23 - [MESSAGE][INFO] - Found 1 web elements with id: 'Object Repository/Olusturma/Genel/GonderimSekli/GonderimSekli' located by 'By.xpath: //*[@id = 'txtGonderimSekil_I']' in '30' second(s)

2021-11-19 17:24:23 - [MESSAGE][INFO] - Clicking on object: 'Object Repository/Olusturma/Genel/GonderimSekli/GonderimSekli'

2021-11-19 17:24:23 - [MESSAGE][PASSED] - Object: 'Object Repository/Olusturma/Genel/GonderimSekli/GonderimSekli' is clicked on

2021-11-19 17:24:23 - [TEST_STEP][PASSED] - Method.TextDegerineEsitElementeTikla(findTestObject("Object Repository/Olusturma/Genel/GonderimSekli/GonderimSekliAdi"), GonderimSekli): Method.TextDegerineEsitElementeTikla is PASSED

2021-11-19 17:24:23 - [MESSAGE][INFO] - Finding Test Object 'Object Repository/Olusturma/Genel/GonderimSekli/GonderimSekliAdi'

2021-11-19 17:24:23 - [MESSAGE][INFO] - Checking timeout

2021-11-19 17:24:23 - [MESSAGE][INFO] - Finding web element with id: 'Object Repository/Olusturma/Genel/GonderimSekli/GonderimSekliAdi' located by 'By.cssSelector: #txtGonderimSekil_DDD_L_LBT td' in '10' second(s)

2021-11-19 17:24:23 - [MESSAGE][INFO] - Smart Wait Function is triggered

2021-11-19 17:24:24 - [MESSAGE][INFO] - Found 2 web elements with id: 'Object Repository/Olusturma/Genel/GonderimSekli/GonderimSekliAdi' located by 'By.cssSelector: #txtGonderimSekil_DDD_L_LBT td' in '10' second(s)

2021-11-19 17:24:24 - [MESSAGE][PASSED] - Method.TextDegerineEsitElementeTikla is PASSED

2021-11-19 17:24:24 - [MESSAGE][PASSED] - Call Test Case 'Test Cases/Olusturma/Genel/GonderimSekliSecilir' successfully

2021-11-19 17:24:24 - [MESSAGE][INFO] - Checking called Test Case

2021-11-19 17:24:24 - [MESSAGE][INFO] - Starting to call Test Case 'Test Cases/Olusturma/Genel/DokumanParaBirimiSecilir'

2021-11-19 17:24:24 - [TEST_CASE][PASSED] - Test Cases/Olusturma/Genel/DokumanParaBirimiSecilir: Test Cases/Olusturma/Genel/DokumanParaBirimiSecilir

2021-11-19 17:24:24 - [TEST_STEP][PASSED] - waitForElementClickable(findTestObject("Object Repository/Olusturma/Genel/DokumanParaBirimiSecilir/Para"), 10): Object 'Object Repository/Olusturma/Genel/DokumanParaBirimiSecilir/Para' is clickable

2021-11-19 17:24:24 - [MESSAGE][INFO] - Finding Test Object 'Object Repository/Olusturma/Genel/DokumanParaBirimiSecilir/Para'

2021-11-19 17:24:24 - [MESSAGE][INFO] - Checking object

2021-11-19 17:24:24 - [MESSAGE][INFO] - Checking timeout

2021-11-19 17:24:24 - [MESSAGE][INFO] - Finding web element from Test Object's properties

2021-11-19 17:24:24 - [MESSAGE][INFO] - Checking timeout

2021-11-19 17:24:24 - [MESSAGE][INFO] - Finding web element with id: 'Object Repository/Olusturma/Genel/DokumanParaBirimiSecilir/Para' located by 'By.xpath: //*[@id = 'CurrencyUnit_I']' in '10' second(s)

2021-11-19 17:24:24 - [MESSAGE][INFO] - Smart Wait Function is triggered

2021-11-19 17:24:24 - [MESSAGE][INFO] - Found 1 web elements with id: 'Object Repository/Olusturma/Genel/DokumanParaBirimiSecilir/Para' located by 'By.xpath: //*[@id = 'CurrencyUnit_I']' in '10' second(s)

2021-11-19 17:24:24 - [MESSAGE][PASSED] - Object 'Object Repository/Olusturma/Genel/DokumanParaBirimiSecilir/Para' is clickable

2021-11-19 17:24:24 - [TEST_STEP][PASSED] - click(findTestObject("Object Repository/Olusturma/Genel/DokumanParaBirimiSecilir/Para")): Object: 'Object Repository/Olusturma/Genel/DokumanParaBirimiSecilir/Para' is clicked on

2021-11-19 17:24:24 - [MESSAGE][INFO] - Finding Test Object 'Object Repository/Olusturma/Genel/DokumanParaBirimiSecilir/Para'

2021-11-19 17:24:24 - [MESSAGE][INFO] - Checking object

2021-11-19 17:24:24 - [MESSAGE][INFO] - Finding web element from Test Object's properties

2021-11-19 17:24:24 - [MESSAGE][INFO] - Checking timeout

2021-11-19 17:24:24 - [MESSAGE][INFO] - Finding web element with id: 'Object Repository/Olusturma/Genel/DokumanParaBirimiSecilir/Para' located by 'By.xpath: //*[@id = 'CurrencyUnit_I']' in '30' second(s)

2021-11-19 17:24:24 - [MESSAGE][INFO] - Smart Wait Function is triggered

2021-11-19 17:24:25 - [MESSAGE][INFO] - Found 1 web elements with id: 'Object Repository/Olusturma/Genel/DokumanParaBirimiSecilir/Para' located by 'By.xpath: //*[@id = 'CurrencyUnit_I']' in '30' second(s)

2021-11-19 17:24:25 - [MESSAGE][INFO] - Clicking on object: 'Object Repository/Olusturma/Genel/DokumanParaBirimiSecilir/Para'

2021-11-19 17:24:25 - [MESSAGE][PASSED] - Object: 'Object Repository/Olusturma/Genel/DokumanParaBirimiSecilir/Para' is clicked on

2021-11-19 17:24:25 - [TEST_STEP][PASSED] - Method.TextDegerineEsitElementeTikla(findTestObject("Object Repository/Olusturma/Genel/DokumanParaBirimiSecilir/Para_Adi"), Para): Method.TextDegerineEsitElementeTikla is PASSED

2021-11-19 17:24:25 - [MESSAGE][INFO] - Finding Test Object 'Object Repository/Olusturma/Genel/DokumanParaBirimiSecilir/Para_Adi'

2021-11-19 17:24:25 - [MESSAGE][INFO] - Checking timeout

2021-11-19 17:24:25 - [MESSAGE][INFO] - Finding web element with id: 'Object Repository/Olusturma/Genel/DokumanParaBirimiSecilir/Para_Adi' located by 'By.cssSelector: #CurrencyUnit_DDD_L_LBT td' in '10' second(s)

2021-11-19 17:24:25 - [MESSAGE][INFO] - Smart Wait Function is triggered

2021-11-19 17:24:26 - [MESSAGE][INFO] - Found 203 web elements with id: 'Object Repository/Olusturma/Genel/DokumanParaBirimiSecilir/Para_Adi' located by 'By.cssSelector: #CurrencyUnit_DDD_L_LBT td' in '10' second(s)

2021-11-19 17:24:31 - [MESSAGE][PASSED] - Method.TextDegerineEsitElementeTikla is PASSED

2021-11-19 17:24:31 - [MESSAGE][PASSED] - Call Test Case 'Test Cases/Olusturma/Genel/DokumanParaBirimiSecilir' successfully

2021-11-19 17:24:31 - [MESSAGE][INFO] - Checking called Test Case

2021-11-19 17:24:31 - [MESSAGE][INFO] - Starting to call Test Case 'Test Cases/Olusturma/Genel/TasarimSecilir'

2021-11-19 17:24:32 - [TEST_CASE][PASSED] - Test Cases/Olusturma/Genel/TasarimSecilir: Test Cases/Olusturma/Genel/TasarimSecilir

2021-11-19 17:24:32 - [TEST_STEP][PASSED] - waitForElementClickable(findTestObject("Object Repository/Olusturma/Genel/TasarimSecilir/Tasarim"), 10): Object 'Object Repository/Olusturma/Genel/TasarimSecilir/Tasarim' is clickable

2021-11-19 17:24:32 - [MESSAGE][INFO] - Finding Test Object 'Object Repository/Olusturma/Genel/TasarimSecilir/Tasarim'

2021-11-19 17:24:32 - [MESSAGE][INFO] - Checking object

2021-11-19 17:24:32 - [MESSAGE][INFO] - Checking timeout

2021-11-19 17:24:32 - [MESSAGE][INFO] - Finding web element from Test Object's properties

2021-11-19 17:24:32 - [MESSAGE][INFO] - Checking timeout

2021-11-19 17:24:32 - [MESSAGE][INFO] - Finding web element with id: 'Object Repository/Olusturma/Genel/TasarimSecilir/Tasarim' located by 'By.xpath: //*[@id = 'DesignId_I']' in '10' second(s)

2021-11-19 17:24:32 - [MESSAGE][INFO] - Smart Wait Function is triggered

2021-11-19 17:24:32 - [MESSAGE][INFO] - Found 1 web elements with id: 'Object Repository/Olusturma/Genel/TasarimSecilir/Tasarim' located by 'By.xpath: //*[@id = 'DesignId_I']' in '10' second(s)

2021-11-19 17:24:32 - [MESSAGE][PASSED] - Object 'Object Repository/Olusturma/Genel/TasarimSecilir/Tasarim' is clickable

2021-11-19 17:24:32 - [TEST_STEP][PASSED] - click(findTestObject("Object Repository/Olusturma/Genel/TasarimSecilir/Tasarim")): Object: 'Object Repository/Olusturma/Genel/TasarimSecilir/Tasarim' is clicked on

2021-11-19 17:24:32 - [MESSAGE][INFO] - Finding Test Object 'Object Repository/Olusturma/Genel/TasarimSecilir/Tasarim'

2021-11-19 17:24:32 - [MESSAGE][INFO] - Checking object

2021-11-19 17:24:32 - [MESSAGE][INFO] - Finding web element from Test Object's properties

2021-11-19 17:24:32 - [MESSAGE][INFO] - Checking timeout

2021-11-19 17:24:32 - [MESSAGE][INFO] - Finding web element with id: 'Object Repository/Olusturma/Genel/TasarimSecilir/Tasarim' located by 'By.xpath: //*[@id = 'DesignId_I']' in '30' second(s)

2021-11-19 17:24:32 - [MESSAGE][INFO] - Smart Wait Function is triggered

2021-11-19 17:24:33 - [MESSAGE][INFO] - Found 1 web elements with id: 'Object Repository/Olusturma/Genel/TasarimSecilir/Tasarim' located by 'By.xpath: //*[@id = 'DesignId_I']' in '30' second(s)

2021-11-19 17:24:33 - [MESSAGE][INFO] - Clicking on object: 'Object Repository/Olusturma/Genel/TasarimSecilir/Tasarim'

2021-11-19 17:24:33 - [MESSAGE][PASSED] - Object: 'Object Repository/Olusturma/Genel/TasarimSecilir/Tasarim' is clicked on

2021-11-19 17:24:33 - [TEST_STEP][PASSED] - Method.TextDegerineEsitElementeTikla(findTestObject("Object Repository/Olusturma/Genel/TasarimSecilir/Tasarim_Adi"), Tasarim): Method.TextDegerineEsitElementeTikla is PASSED

2021-11-19 17:24:33 - [MESSAGE][INFO] - Finding Test Object 'Object Repository/Olusturma/Genel/TasarimSecilir/Tasarim_Adi'

2021-11-19 17:24:33 - [MESSAGE][INFO] - Checking timeout

2021-11-19 17:24:33 - [MESSAGE][INFO] - Finding web element with id: 'Object Repository/Olusturma/Genel/TasarimSecilir/Tasarim_Adi' located by 'By.cssSelector: #DesignId_DDD_L_LBT td' in '10' second(s)

2021-11-19 17:24:33 - [MESSAGE][INFO] - Smart Wait Function is triggered

2021-11-19 17:24:33 - [MESSAGE][INFO] - Found 3 web elements with id: 'Object Repository/Olusturma/Genel/TasarimSecilir/Tasarim_Adi' located by 'By.cssSelector: #DesignId_DDD_L_LBT td' in '10' second(s)

2021-11-19 17:24:33 - [MESSAGE][PASSED] - Method.TextDegerineEsitElementeTikla is PASSED

2021-11-19 17:24:33 - [MESSAGE][PASSED] - Call Test Case 'Test Cases/Olusturma/Genel/TasarimSecilir' successfully

2021-11-19 17:24:33 - [MESSAGE][INFO] - Checking called Test Case

2021-11-19 17:24:33 - [MESSAGE][INFO] - Starting to call Test Case 'Test Cases/Olusturma/Genel/EkleButonunaBasilir'

2021-11-19 17:24:34 - [TEST_CASE][PASSED] - Test Cases/Olusturma/Genel/EkleButonunaBasilir: Test Cases/Olusturma/Genel/EkleButonunaBasilir

2021-11-19 17:24:34 - [TEST_STEP][PASSED] - waitForElementClickable(findTestObject("Object Repository/Olusturma/Genel/Olusturma/Ekle"), 10): Object 'Object Repository/Olusturma/Genel/Olusturma/Ekle' is clickable

2021-11-19 17:24:34 - [MESSAGE][INFO] - Finding Test Object 'Object Repository/Olusturma/Genel/Olusturma/Ekle'

2021-11-19 17:24:34 - [MESSAGE][INFO] - Checking object

2021-11-19 17:24:34 - [MESSAGE][INFO] - Checking timeout

2021-11-19 17:24:34 - [MESSAGE][INFO] - Finding web element from Test Object's properties

2021-11-19 17:24:34 - [MESSAGE][INFO] - Checking timeout

2021-11-19 17:24:34 - [MESSAGE][INFO] - Finding web element with id: 'Object Repository/Olusturma/Genel/Olusturma/Ekle' located by 'By.cssSelector: #divmalhizmet i.fa.fa-plus.fa-lg.text-muted' in '10' second(s)

2021-11-19 17:24:34 - [MESSAGE][INFO] - Smart Wait Function is triggered

2021-11-19 17:24:34 - [MESSAGE][INFO] - Found 1 web elements with id: 'Object Repository/Olusturma/Genel/Olusturma/Ekle' located by 'By.cssSelector: #divmalhizmet i.fa.fa-plus.fa-lg.text-muted' in '10' second(s)

2021-11-19 17:24:34 - [MESSAGE][PASSED] - Object 'Object Repository/Olusturma/Genel/Olusturma/Ekle' is clickable

2021-11-19 17:24:34 - [TEST_STEP][PASSED] - click(findTestObject("Object Repository/Olusturma/Genel/Olusturma/Ekle")): Object: 'Object Repository/Olusturma/Genel/Olusturma/Ekle' is clicked on

2021-11-19 17:24:34 - [MESSAGE][INFO] - Finding Test Object 'Object Repository/Olusturma/Genel/Olusturma/Ekle'

2021-11-19 17:24:34 - [MESSAGE][INFO] - Checking object

2021-11-19 17:24:34 - [MESSAGE][INFO] - Finding web element from Test Object's properties

2021-11-19 17:24:34 - [MESSAGE][INFO] - Checking timeout

2021-11-19 17:24:34 - [MESSAGE][INFO] - Finding web element with id: 'Object Repository/Olusturma/Genel/Olusturma/Ekle' located by 'By.cssSelector: #divmalhizmet i.fa.fa-plus.fa-lg.text-muted' in '30' second(s)

2021-11-19 17:24:34 - [MESSAGE][INFO] - Smart Wait Function is triggered

2021-11-19 17:24:34 - [MESSAGE][INFO] - Found 1 web elements with id: 'Object Repository/Olusturma/Genel/Olusturma/Ekle' located by 'By.cssSelector: #divmalhizmet i.fa.fa-plus.fa-lg.text-muted' in '30' second(s)

2021-11-19 17:24:34 - [MESSAGE][INFO] - Clicking on object: 'Object Repository/Olusturma/Genel/Olusturma/Ekle'

2021-11-19 17:24:34 - [MESSAGE][PASSED] - Object: 'Object Repository/Olusturma/Genel/Olusturma/Ekle' is clicked on

2021-11-19 17:24:34 - [TEST_STEP][PASSED] - waitForElementClickable(findTestObject("Olusturma/Genel/Olusturma/EklenenSatirCarpiImage"), 10): Object 'Object Repository/Olusturma/Genel/Olusturma/EklenenSatirCarpiImage' is clickable

2021-11-19 17:24:34 - [MESSAGE][INFO] - Finding Test Object 'Object Repository/Olusturma/Genel/Olusturma/EklenenSatirCarpiImage'

2021-11-19 17:24:35 - [MESSAGE][INFO] - Checking object

2021-11-19 17:24:35 - [MESSAGE][INFO] - Checking timeout

2021-11-19 17:24:35 - [MESSAGE][INFO] - Finding web element from Test Object's properties

2021-11-19 17:24:35 - [MESSAGE][INFO] - Checking timeout

2021-11-19 17:24:35 - [MESSAGE][INFO] - Finding web element with id: 'Object Repository/Olusturma/Genel/Olusturma/EklenenSatirCarpiImage' located by 'By.cssSelector: .fa.fa-times.fa-lg.text-primary' in '10' second(s)

2021-11-19 17:24:35 - [MESSAGE][INFO] - Smart Wait Function is triggered

2021-11-19 17:24:35 - [MESSAGE][INFO] - Smart Wait Function is triggered

2021-11-19 17:24:36 - [MESSAGE][INFO] - Found 1 web elements with id: 'Object Repository/Olusturma/Genel/Olusturma/EklenenSatirCarpiImage' located by 'By.cssSelector: .fa.fa-times.fa-lg.text-primary' in '10' second(s)

2021-11-19 17:24:36 - [MESSAGE][PASSED] - Object 'Object Repository/Olusturma/Genel/Olusturma/EklenenSatirCarpiImage' is clickable

2021-11-19 17:24:36 - [MESSAGE][PASSED] - Call Test Case 'Test Cases/Olusturma/Genel/EkleButonunaBasilir' successfully

2021-11-19 17:24:36 - [MESSAGE][INFO] - Checking called Test Case

2021-11-19 17:24:36 - [MESSAGE][INFO] - Starting to call Test Case 'Test Cases/Olusturma/Genel/Olusturma'

2021-11-19 17:24:36 - [TEST_CASE][PASSED] - Test Cases/Olusturma/Genel/Olusturma: Test Cases/Olusturma/Genel/Olusturma

2021-11-19 17:24:36 - [TEST_STEP][PASSED] - driver = getWebDriver(): null

2021-11-19 17:24:36 - [TEST_STEP][PASSED] - action = new org.openqa.selenium.interactions.Actions(driver): null

2021-11-19 17:24:36 - [TEST_STEP][PASSED] - baslikElement = <not implemented yet for class: org.codehaus.groovy.ast.expr.EmptyExpression>: null

2021-11-19 17:24:36 - [TEST_STEP][PASSED] - sonElement = <not implemented yet for class: org.codehaus.groovy.ast.expr.EmptyExpression>: null

2021-11-19 17:24:36 - [TEST_STEP][PASSED] - attr = <not implemented yet for class: org.codehaus.groovy.ast.expr.EmptyExpression>: null

2021-11-19 17:24:36 - [TEST_STEP][PASSED] - a = 0: null

2021-11-19 17:24:36 - [TEST_STEP][PASSED] - elements = findWebElements(findTestObject("Object Repository/Olusturma/Genel/Olusturma/TabloBasliklari"), 10): Found 12 web elements with id: 'Object Repository/Olusturma/Genel/Olusturma/TabloBasliklari' located by 'By.cssSelector: div#divmalhizmet .dxgvTable_LECustomTheme td.dxgvHeader_LECustomTheme tr>td:nth-child(1)' in '10' second(s)

2021-11-19 17:24:36 - [MESSAGE][INFO] - Finding Test Object 'Object Repository/Olusturma/Genel/Olusturma/TabloBasliklari'

2021-11-19 17:24:36 - [MESSAGE][INFO] - Checking timeout

2021-11-19 17:24:36 - [MESSAGE][INFO] - Finding web element with id: 'Object Repository/Olusturma/Genel/Olusturma/TabloBasliklari' located by 'By.cssSelector: div#divmalhizmet .dxgvTable_LECustomTheme td.dxgvHeader_LECustomTheme tr>td:nth-child(1)' in '10' second(s)

2021-11-19 17:24:36 - [MESSAGE][INFO] - Smart Wait Function is triggered

2021-11-19 17:24:36 - [MESSAGE][INFO] - Found 12 web elements with id: 'Object Repository/Olusturma/Genel/Olusturma/TabloBasliklari' located by 'By.cssSelector: div#divmalhizmet .dxgvTable_LECustomTheme td.dxgvHeader_LECustomTheme tr>td:nth-child(1)' in '10' second(s)

2021-11-19 17:24:36 - [TEST_STEP][PASSED] - for (def element : elements): null

2021-11-19 17:24:36 - [TEST_STEP][PASSED] - build().perform(): null

2021-11-19 17:24:37 - [TEST_STEP][PASSED] - if (getText().equals(Baslik)): null

2021-11-19 17:24:37 - [TEST_STEP][PASSED] - baslikElement = element.findElement(By.xpath("../../../..")): Smart Wait Function is triggered

2021-11-19 17:24:37 - [MESSAGE][INFO] - Smart Wait Function is triggered

2021-11-19 17:24:37 - [TEST_STEP][PASSED] - attr = baslikElement.getAttribute("id"): null

2021-11-19 17:24:37 - [TEST_STEP][PASSED] - println("girdi ve idsini aldı = " + attr): null

2021-11-19 17:24:37 - [TEST_STEP][PASSED] - break: null

2021-11-19 17:24:37 - [TEST_STEP][PASSED] - countElement = baslikElement.findElements(By.xpath("../td")): Smart Wait Function is triggered

2021-11-19 17:24:37 - [MESSAGE][INFO] - Smart Wait Function is triggered

2021-11-19 17:24:37 - [TEST_STEP][PASSED] - for (def element : countElement): null

2021-11-19 17:24:37 - [TEST_STEP][PASSED] - if (toString().equals(attr.toString())): null

2021-11-19 17:24:37 - [TEST_STEP][PASSED] - (a++): null

2021-11-19 17:24:37 - [TEST_STEP][PASSED] - if (toString().equals(attr.toString())): null

2021-11-19 17:24:37 - [TEST_STEP][PASSED] - break: null

2021-11-19 17:24:37 - [TEST_STEP][PASSED] - son = findWebElement(findTestObject("Object Repository/Olusturma/Genel/Olusturma/EklenenSatir")).findElement(By.xpath("td[@class='dxgvInlineEditCell_LECustomTheme dxgv'][" + a + "]//td[@class='dxic']/input")): Smart Wait Function is triggered

2021-11-19 17:24:37 - [MESSAGE][INFO] - Finding Test Object 'Object Repository/Olusturma/Genel/Olusturma/EklenenSatir'

2021-11-19 17:24:37 - [MESSAGE][INFO] - Finding web element from Test Object's properties

2021-11-19 17:24:37 - [MESSAGE][INFO] - Checking timeout

2021-11-19 17:24:37 - [MESSAGE][INFO] - Finding web element with id: 'Object Repository/Olusturma/Genel/Olusturma/EklenenSatir' located by 'By.cssSelector: #divmalhizmet .dxgvInlineEditRow_LECustomTheme' in '30' second(s)

2021-11-19 17:24:37 - [MESSAGE][INFO] - Smart Wait Function is triggered

2021-11-19 17:24:38 - [MESSAGE][INFO] - Found 1 web elements with id: 'Object Repository/Olusturma/Genel/Olusturma/EklenenSatir' located by 'By.cssSelector: #divmalhizmet .dxgvInlineEditRow_LECustomTheme' in '30' second(s)

2021-11-19 17:24:38 - [MESSAGE][INFO] - Smart Wait Function is triggered

2021-11-19 17:24:38 - [TEST_STEP][PASSED] - if (!(getAttribute("value").contains("Vkn"))): null

2021-11-19 17:24:38 - [TEST_STEP][PASSED] - son.clear(): null

2021-11-19 17:24:38 - [TEST_STEP][PASSED] - son.sendKeys(Deger): null

2021-11-19 17:24:39 - [MESSAGE][PASSED] - Call Test Case 'Test Cases/Olusturma/Genel/Olusturma' successfully

2021-11-19 17:24:39 - [MESSAGE][INFO] - Checking called Test Case

2021-11-19 17:24:39 - [MESSAGE][INFO] - Starting to call Test Case 'Test Cases/Olusturma/Genel/Olusturma'

2021-11-19 17:24:39 - [TEST_CASE][PASSED] - Test Cases/Olusturma/Genel/Olusturma: Test Cases/Olusturma/Genel/Olusturma

2021-11-19 17:24:39 - [TEST_STEP][PASSED] - driver = getWebDriver(): null

2021-11-19 17:24:39 - [TEST_STEP][PASSED] - action = new org.openqa.selenium.interactions.Actions(driver): null

2021-11-19 17:24:39 - [TEST_STEP][PASSED] - baslikElement = <not implemented yet for class: org.codehaus.groovy.ast.expr.EmptyExpression>: null

2021-11-19 17:24:39 - [TEST_STEP][PASSED] - sonElement = <not implemented yet for class: org.codehaus.groovy.ast.expr.EmptyExpression>: null

2021-11-19 17:24:39 - [TEST_STEP][PASSED] - attr = <not implemented yet for class: org.codehaus.groovy.ast.expr.EmptyExpression>: null

2021-11-19 17:24:39 - [TEST_STEP][PASSED] - a = 0: null

2021-11-19 17:24:39 - [TEST_STEP][PASSED] - elements = findWebElements(findTestObject("Object Repository/Olusturma/Genel/Olusturma/TabloBasliklari"), 10): Found 12 web elements with id: 'Object Repository/Olusturma/Genel/Olusturma/TabloBasliklari' located by 'By.cssSelector: div#divmalhizmet .dxgvTable_LECustomTheme td.dxgvHeader_LECustomTheme tr>td:nth-child(1)' in '10' second(s)

2021-11-19 17:24:39 - [MESSAGE][INFO] - Finding Test Object 'Object Repository/Olusturma/Genel/Olusturma/TabloBasliklari'

2021-11-19 17:24:39 - [MESSAGE][INFO] - Checking timeout

2021-11-19 17:24:39 - [MESSAGE][INFO] - Finding web element with id: 'Object Repository/Olusturma/Genel/Olusturma/TabloBasliklari' located by 'By.cssSelector: div#divmalhizmet .dxgvTable_LECustomTheme td.dxgvHeader_LECustomTheme tr>td:nth-child(1)' in '10' second(s)

2021-11-19 17:24:39 - [MESSAGE][INFO] - Smart Wait Function is triggered

2021-11-19 17:24:39 - [MESSAGE][INFO] - Found 12 web elements with id: 'Object Repository/Olusturma/Genel/Olusturma/TabloBasliklari' located by 'By.cssSelector: div#divmalhizmet .dxgvTable_LECustomTheme td.dxgvHeader_LECustomTheme tr>td:nth-child(1)' in '10' second(s)

2021-11-19 17:24:39 - [TEST_STEP][PASSED] - for (def element : elements): null

2021-11-19 17:24:39 - [TEST_STEP][PASSED] - build().perform(): null

2021-11-19 17:24:39 - [TEST_STEP][PASSED] - if (getText().equals(Baslik)): null

2021-11-19 17:24:39 - [TEST_STEP][PASSED] - build().perform(): null

2021-11-19 17:24:39 - [TEST_STEP][PASSED] - if (getText().equals(Baslik)): null

2021-11-19 17:24:39 - [TEST_STEP][PASSED] - baslikElement = element.findElement(By.xpath("../../../..")): Smart Wait Function is triggered

2021-11-19 17:24:39 - [MESSAGE][INFO] - Smart Wait Function is triggered

2021-11-19 17:24:40 - [TEST_STEP][PASSED] - attr = baslikElement.getAttribute("id"): null

2021-11-19 17:24:40 - [TEST_STEP][PASSED] - println("girdi ve idsini aldı = " + attr): null

2021-11-19 17:24:40 - [TEST_STEP][PASSED] - break: null

2021-11-19 17:24:40 - [TEST_STEP][PASSED] - countElement = baslikElement.findElements(By.xpath("../td")): Smart Wait Function is triggered

2021-11-19 17:24:40 - [MESSAGE][INFO] - Smart Wait Function is triggered

2021-11-19 17:24:40 - [TEST_STEP][PASSED] - for (def element : countElement): null

2021-11-19 17:24:40 - [TEST_STEP][PASSED] - if (toString().equals(attr.toString())): null

2021-11-19 17:24:40 - [TEST_STEP][PASSED] - (a++): null

2021-11-19 17:24:40 - [TEST_STEP][PASSED] - if (toString().equals(attr.toString())): null

2021-11-19 17:24:40 - [TEST_STEP][PASSED] - (a++): null

2021-11-19 17:24:40 - [TEST_STEP][PASSED] - if (toString().equals(attr.toString())): null

2021-11-19 17:24:40 - [TEST_STEP][PASSED] - break: null

2021-11-19 17:24:40 - [TEST_STEP][PASSED] - son = findWebElement(findTestObject("Object Repository/Olusturma/Genel/Olusturma/EklenenSatir")).findElement(By.xpath("td[@class='dxgvInlineEditCell_LECustomTheme dxgv'][" + a + "]//td[@class='dxic']/input")): Smart Wait Function is triggered

2021-11-19 17:24:40 - [MESSAGE][INFO] - Finding Test Object 'Object Repository/Olusturma/Genel/Olusturma/EklenenSatir'

2021-11-19 17:24:40 - [MESSAGE][INFO] - Finding web element from Test Object's properties

2021-11-19 17:24:40 - [MESSAGE][INFO] - Checking timeout

2021-11-19 17:24:40 - [MESSAGE][INFO] - Finding web element with id: 'Object Repository/Olusturma/Genel/Olusturma/EklenenSatir' located by 'By.cssSelector: #divmalhizmet .dxgvInlineEditRow_LECustomTheme' in '30' second(s)

2021-11-19 17:24:40 - [MESSAGE][INFO] - Smart Wait Function is triggered

2021-11-19 17:24:40 - [MESSAGE][INFO] - Found 1 web elements with id: 'Object Repository/Olusturma/Genel/Olusturma/EklenenSatir' located by 'By.cssSelector: #divmalhizmet .dxgvInlineEditRow_LECustomTheme' in '30' second(s)

2021-11-19 17:24:40 - [MESSAGE][INFO] - Smart Wait Function is triggered

2021-11-19 17:24:41 - [TEST_STEP][PASSED] - if (!(getAttribute("value").contains("Vkn"))): null

2021-11-19 17:24:41 - [TEST_STEP][PASSED] - son.clear(): null

2021-11-19 17:24:41 - [TEST_STEP][PASSED] - son.sendKeys(Deger): null

2021-11-19 17:24:41 - [MESSAGE][PASSED] - Call Test Case 'Test Cases/Olusturma/Genel/Olusturma' successfully

2021-11-19 17:24:41 - [MESSAGE][INFO] - Checking called Test Case

2021-11-19 17:24:41 - [MESSAGE][INFO] - Starting to call Test Case 'Test Cases/Olusturma/Genel/Olusturma'

2021-11-19 17:24:41 - [TEST_CASE][PASSED] - Test Cases/Olusturma/Genel/Olusturma: Test Cases/Olusturma/Genel/Olusturma

2021-11-19 17:24:41 - [TEST_STEP][PASSED] - driver = getWebDriver(): null

2021-11-19 17:24:41 - [TEST_STEP][PASSED] - action = new org.openqa.selenium.interactions.Actions(driver): null

2021-11-19 17:24:41 - [TEST_STEP][PASSED] - baslikElement = <not implemented yet for class: org.codehaus.groovy.ast.expr.EmptyExpression>: null

2021-11-19 17:24:41 - [TEST_STEP][PASSED] - sonElement = <not implemented yet for class: org.codehaus.groovy.ast.expr.EmptyExpression>: null

2021-11-19 17:24:41 - [TEST_STEP][PASSED] - attr = <not implemented yet for class: org.codehaus.groovy.ast.expr.EmptyExpression>: null

2021-11-19 17:24:41 - [TEST_STEP][PASSED] - a = 0: null

2021-11-19 17:24:41 - [TEST_STEP][PASSED] - elements = findWebElements(findTestObject("Object Repository/Olusturma/Genel/Olusturma/TabloBasliklari"), 10): Found 12 web elements with id: 'Object Repository/Olusturma/Genel/Olusturma/TabloBasliklari' located by 'By.cssSelector: div#divmalhizmet .dxgvTable_LECustomTheme td.dxgvHeader_LECustomTheme tr>td:nth-child(1)' in '10' second(s)

2021-11-19 17:24:41 - [MESSAGE][INFO] - Finding Test Object 'Object Repository/Olusturma/Genel/Olusturma/TabloBasliklari'

2021-11-19 17:24:41 - [MESSAGE][INFO] - Checking timeout

2021-11-19 17:24:41 - [MESSAGE][INFO] - Finding web element with id: 'Object Repository/Olusturma/Genel/Olusturma/TabloBasliklari' located by 'By.cssSelector: div#divmalhizmet .dxgvTable_LECustomTheme td.dxgvHeader_LECustomTheme tr>td:nth-child(1)' in '10' second(s)

2021-11-19 17:24:41 - [MESSAGE][INFO] - Smart Wait Function is triggered

2021-11-19 17:24:41 - [MESSAGE][INFO] - Found 12 web elements with id: 'Object Repository/Olusturma/Genel/Olusturma/TabloBasliklari' located by 'By.cssSelector: div#divmalhizmet .dxgvTable_LECustomTheme td.dxgvHeader_LECustomTheme tr>td:nth-child(1)' in '10' second(s)

2021-11-19 17:24:41 - [TEST_STEP][PASSED] - for (def element : elements): null

2021-11-19 17:24:41 - [TEST_STEP][PASSED] - build().perform(): null

2021-11-19 17:24:42 - [TEST_STEP][PASSED] - if (getText().equals(Baslik)): null

2021-11-19 17:24:42 - [TEST_STEP][PASSED] - build().perform(): null

2021-11-19 17:24:42 - [TEST_STEP][PASSED] - if (getText().equals(Baslik)): null

2021-11-19 17:24:42 - [TEST_STEP][PASSED] - build().perform(): null

2021-11-19 17:24:42 - [TEST_STEP][PASSED] - if (getText().equals(Baslik)): null

2021-11-19 17:24:42 - [TEST_STEP][PASSED] - baslikElement = element.findElement(By.xpath("../../../..")): Smart Wait Function is triggered

2021-11-19 17:24:42 - [MESSAGE][INFO] - Smart Wait Function is triggered

2021-11-19 17:24:42 - [TEST_STEP][PASSED] - attr = baslikElement.getAttribute("id"): null

2021-11-19 17:24:42 - [TEST_STEP][PASSED] - println("girdi ve idsini aldı = " + attr): null

2021-11-19 17:24:42 - [TEST_STEP][PASSED] - break: null

2021-11-19 17:24:42 - [TEST_STEP][PASSED] - countElement = baslikElement.findElements(By.xpath("../td")): Smart Wait Function is triggered

2021-11-19 17:24:42 - [MESSAGE][INFO] - Smart Wait Function is triggered

2021-11-19 17:24:43 - [TEST_STEP][PASSED] - for (def element : countElement): null

2021-11-19 17:24:43 - [TEST_STEP][PASSED] - if (toString().equals(attr.toString())): null

2021-11-19 17:24:43 - [TEST_STEP][PASSED] - (a++): null

2021-11-19 17:24:43 - [TEST_STEP][PASSED] - if (toString().equals(attr.toString())): null

2021-11-19 17:24:43 - [TEST_STEP][PASSED] - (a++): null

2021-11-19 17:24:43 - [TEST_STEP][PASSED] - if (toString().equals(attr.toString())): null

2021-11-19 17:24:43 - [TEST_STEP][PASSED] - (a++): null

2021-11-19 17:24:43 - [TEST_STEP][PASSED] - if (toString().equals(attr.toString())): null

2021-11-19 17:24:43 - [TEST_STEP][PASSED] - break: null

2021-11-19 17:24:43 - [TEST_STEP][PASSED] - son = findWebElement(findTestObject("Object Repository/Olusturma/Genel/Olusturma/EklenenSatir")).findElement(By.xpath("td[@class='dxgvInlineEditCell_LECustomTheme dxgv'][" + a + "]//td[@class='dxic']/input")): Smart Wait Function is triggered

2021-11-19 17:24:43 - [MESSAGE][INFO] - Finding Test Object 'Object Repository/Olusturma/Genel/Olusturma/EklenenSatir'

2021-11-19 17:24:43 - [MESSAGE][INFO] - Finding web element from Test Object's properties

2021-11-19 17:24:43 - [MESSAGE][INFO] - Checking timeout

2021-11-19 17:24:43 - [MESSAGE][INFO] - Finding web element with id: 'Object Repository/Olusturma/Genel/Olusturma/EklenenSatir' located by 'By.cssSelector: #divmalhizmet .dxgvInlineEditRow_LECustomTheme' in '30' second(s)

2021-11-19 17:24:43 - [MESSAGE][INFO] - Smart Wait Function is triggered

2021-11-19 17:24:43 - [MESSAGE][INFO] - Found 1 web elements with id: 'Object Repository/Olusturma/Genel/Olusturma/EklenenSatir' located by 'By.cssSelector: #divmalhizmet .dxgvInlineEditRow_LECustomTheme' in '30' second(s)

2021-11-19 17:24:43 - [MESSAGE][INFO] - Smart Wait Function is triggered

2021-11-19 17:24:43 - [TEST_STEP][PASSED] - if (!(getAttribute("value").contains("Vkn"))): null

2021-11-19 17:24:43 - [TEST_STEP][PASSED] - son.clear(): null

2021-11-19 17:24:44 - [TEST_STEP][PASSED] - son.sendKeys(Deger): null

2021-11-19 17:24:44 - [MESSAGE][PASSED] - Call Test Case 'Test Cases/Olusturma/Genel/Olusturma' successfully

2021-11-19 17:24:44 - [MESSAGE][INFO] - Checking called Test Case

2021-11-19 17:24:44 - [MESSAGE][INFO] - Starting to call Test Case 'Test Cases/Olusturma/Genel/NotGirilir'

2021-11-19 17:24:44 - [TEST_CASE][PASSED] - Test Cases/Olusturma/Genel/NotGirilir: Test Cases/Olusturma/Genel/NotGirilir

2021-11-19 17:24:44 - [TEST_STEP][PASSED] - i = 0: null

2021-11-19 17:24:44 - [TEST_STEP][PASSED] - waitForElementClickable(findTestObject("Olusturma/Genel/Not/Notlar"), 10): Object 'Object Repository/Olusturma/Genel/Not/Notlar' is clickable

2021-11-19 17:24:44 - [MESSAGE][INFO] - Finding Test Object 'Object Repository/Olusturma/Genel/Not/Notlar'

2021-11-19 17:24:44 - [MESSAGE][INFO] - Checking object

2021-11-19 17:24:44 - [MESSAGE][INFO] - Checking timeout

2021-11-19 17:24:44 - [MESSAGE][INFO] - Finding web element from Test Object's properties

2021-11-19 17:24:44 - [MESSAGE][INFO] - Checking timeout

2021-11-19 17:24:44 - [MESSAGE][INFO] - Finding web element with id: 'Object Repository/Olusturma/Genel/Not/Notlar' located by 'By.xpath: //*[@id = 'txtNote_I']' in '10' second(s)

2021-11-19 17:24:44 - [MESSAGE][INFO] - Smart Wait Function is triggered

2021-11-19 17:24:44 - [MESSAGE][INFO] - Found 1 web elements with id: 'Object Repository/Olusturma/Genel/Not/Notlar' located by 'By.xpath: //*[@id = 'txtNote_I']' in '10' second(s)

2021-11-19 17:24:44 - [MESSAGE][PASSED] - Object 'Object Repository/Olusturma/Genel/Not/Notlar' is clickable

2021-11-19 17:24:44 - [TEST_STEP][PASSED] - clearText(findTestObject("Olusturma/Genel/Not/Notlar")): Text of object 'Object Repository/Olusturma/Genel/Not/Notlar' is cleared

2021-11-19 17:24:44 - [MESSAGE][INFO] - Finding Test Object 'Object Repository/Olusturma/Genel/Not/Notlar'

2021-11-19 17:24:44 - [MESSAGE][INFO] - Checking object

2021-11-19 17:24:44 - [MESSAGE][INFO] - Finding web element from Test Object's properties

2021-11-19 17:24:44 - [MESSAGE][INFO] - Checking timeout

2021-11-19 17:24:44 - [MESSAGE][INFO] - Finding web element with id: 'Object Repository/Olusturma/Genel/Not/Notlar' located by 'By.xpath: //*[@id = 'txtNote_I']' in '30' second(s)

2021-11-19 17:24:44 - [MESSAGE][INFO] - Smart Wait Function is triggered

2021-11-19 17:24:44 - [MESSAGE][INFO] - Found 1 web elements with id: 'Object Repository/Olusturma/Genel/Not/Notlar' located by 'By.xpath: //*[@id = 'txtNote_I']' in '30' second(s)

2021-11-19 17:24:44 - [MESSAGE][INFO] - Clearing text of object 'Object Repository/Olusturma/Genel/Not/Notlar'

2021-11-19 17:24:44 - [MESSAGE][PASSED] - Text of object 'Object Repository/Olusturma/Genel/Not/Notlar' is cleared

2021-11-19 17:24:44 - [TEST_STEP][PASSED] - click(findTestObject("Olusturma/Genel/Not/Notlar")): Object: 'Object Repository/Olusturma/Genel/Not/Notlar' is clicked on

2021-11-19 17:24:44 - [MESSAGE][INFO] - Finding Test Object 'Object Repository/Olusturma/Genel/Not/Notlar'

2021-11-19 17:24:45 - [MESSAGE][INFO] - Checking object

2021-11-19 17:24:45 - [MESSAGE][INFO] - Finding web element from Test Object's properties

2021-11-19 17:24:45 - [MESSAGE][INFO] - Checking timeout

2021-11-19 17:24:45 - [MESSAGE][INFO] - Finding web element with id: 'Object Repository/Olusturma/Genel/Not/Notlar' located by 'By.xpath: //*[@id = 'txtNote_I']' in '30' second(s)

2021-11-19 17:24:45 - [MESSAGE][INFO] - Smart Wait Function is triggered

2021-11-19 17:24:45 - [MESSAGE][INFO] - Found 1 web elements with id: 'Object Repository/Olusturma/Genel/Not/Notlar' located by 'By.xpath: //*[@id = 'txtNote_I']' in '30' second(s)

2021-11-19 17:24:45 - [MESSAGE][INFO] - Clicking on object: 'Object Repository/Olusturma/Genel/Not/Notlar'

2021-11-19 17:24:45 - [MESSAGE][PASSED] - Object: 'Object Repository/Olusturma/Genel/Not/Notlar' is clicked on

2021-11-19 17:24:45 - [TEST_STEP][PASSED] - while (true): null

2021-11-19 17:24:45 - [TEST_STEP][PASSED] - delay(1): Delayed 1 second(s)

2021-11-19 17:24:45 - [MESSAGE][INFO] - Delaying browser in 1 second(s)

2021-11-19 17:24:46 - [MESSAGE][PASSED] - Delayed 1 second(s)

2021-11-19 17:24:46 - [TEST_STEP][PASSED] - ajaxIsComplete = executeJavaScript("return jQuery.active == 0", null): Execute JavaScript 'return jQuery.active == 0' successfully

2021-11-19 17:24:46 - [MESSAGE][PASSED] - Execute JavaScript 'return jQuery.active == 0' successfully

2021-11-19 17:24:46 - [TEST_STEP][PASSED] - if (ajaxIsComplete): null

2021-11-19 17:24:46 - [TEST_STEP][PASSED] - break: null

2021-11-19 17:24:46 - [TEST_STEP][PASSED] - sendKeys(findTestObject("Olusturma/Genel/Not/Notlar"), Not): Keys 'Otomasyon Not' sent to object: 'Object Repository/Olusturma/Genel/Not/Notlar'

2021-11-19 17:24:46 - [MESSAGE][INFO] - Finding Test Object 'Object Repository/Olusturma/Genel/Not/Notlar'

2021-11-19 17:24:46 - [MESSAGE][INFO] - Sending keys 'Otomasyon Not' to object: 'Object Repository/Olusturma/Genel/Not/Notlar'

2021-11-19 17:24:46 - [MESSAGE][INFO] - Finding web element from Test Object's properties

2021-11-19 17:24:46 - [MESSAGE][INFO] - Checking timeout

2021-11-19 17:24:46 - [MESSAGE][INFO] - Finding web element with id: 'Object Repository/Olusturma/Genel/Not/Notlar' located by 'By.xpath: //*[@id = 'txtNote_I']' in '30' second(s)

2021-11-19 17:24:46 - [MESSAGE][INFO] - Smart Wait Function is triggered

2021-11-19 17:24:46 - [MESSAGE][INFO] - Found 1 web elements with id: 'Object Repository/Olusturma/Genel/Not/Notlar' located by 'By.xpath: //*[@id = 'txtNote_I']' in '30' second(s)

2021-11-19 17:24:47 - [MESSAGE][PASSED] - Keys 'Otomasyon Not' sent to object: 'Object Repository/Olusturma/Genel/Not/Notlar'

2021-11-19 17:24:47 - [MESSAGE][PASSED] - Call Test Case 'Test Cases/Olusturma/Genel/NotGirilir' successfully

2021-11-19 17:24:47 - [MESSAGE][INFO] - Checking called Test Case

2021-11-19 17:24:47 - [MESSAGE][INFO] - Starting to call Test Case 'Test Cases/Olusturma/Genel/EttnBilgisiKayitEdilir'

2021-11-19 17:24:47 - [TEST_CASE][PASSED] - Test Cases/Olusturma/Genel/EttnBilgisiKayitEdilir: Test Cases/Olusturma/Genel/EttnBilgisiKayitEdilir

2021-11-19 17:24:47 - [TEST_STEP][PASSED] - verifyElementPresent(findTestObject("Object Repository/Olusturma/Genel/Olusturma/eArsivEttnBilgisi"), 7): Object 'Object Repository/Olusturma/Genel/Olusturma/eArsivEttnBilgisi' is present

2021-11-19 17:24:47 - [MESSAGE][INFO] - Finding Test Object 'Object Repository/Olusturma/Genel/Olusturma/eArsivEttnBilgisi'

2021-11-19 17:24:47 - [MESSAGE][INFO] - Checking object

2021-11-19 17:24:47 - [MESSAGE][INFO] - Finding web element from Test Object's properties

2021-11-19 17:24:47 - [MESSAGE][INFO] - Checking timeout

2021-11-19 17:24:47 - [MESSAGE][INFO] - Finding web element with id: 'Object Repository/Olusturma/Genel/Olusturma/eArsivEttnBilgisi' located by 'By.xpath: //*[@id = 'Uuid_I']' in '7' second(s)

2021-11-19 17:24:47 - [MESSAGE][INFO] - Smart Wait Function is triggered

2021-11-19 17:24:47 - [MESSAGE][INFO] - Found 1 web elements with id: 'Object Repository/Olusturma/Genel/Olusturma/eArsivEttnBilgisi' located by 'By.xpath: //*[@id = 'Uuid_I']' in '7' second(s)

2021-11-19 17:24:47 - [MESSAGE][PASSED] - Object 'Object Repository/Olusturma/Genel/Olusturma/eArsivEttnBilgisi' is present

2021-11-19 17:24:47 - [TEST_STEP][PASSED] - ettn = getAttribute(findTestObject("Object Repository/Olusturma/Genel/Olusturma/eArsivEttnBilgisi"), "value"): Attribute 'value' of object 'Object Repository/Olusturma/Genel/Olusturma/eArsivEttnBilgisi' is: '0bd7ca89-59fe-4367-b107-0388ae0e5901'

2021-11-19 17:24:47 - [MESSAGE][INFO] - Finding Test Object 'Object Repository/Olusturma/Genel/Olusturma/eArsivEttnBilgisi'

2021-11-19 17:24:47 - [MESSAGE][INFO] - Checking object

2021-11-19 17:24:47 - [MESSAGE][INFO] - Checking attribute

2021-11-19 17:24:47 - [MESSAGE][INFO] - Finding web element from Test Object's properties

2021-11-19 17:24:47 - [MESSAGE][INFO] - Checking timeout

2021-11-19 17:24:47 - [MESSAGE][INFO] - Finding web element with id: 'Object Repository/Olusturma/Genel/Olusturma/eArsivEttnBilgisi' located by 'By.xpath: //*[@id = 'Uuid_I']' in '30' second(s)

2021-11-19 17:24:47 - [MESSAGE][INFO] - Smart Wait Function is triggered

2021-11-19 17:24:47 - [MESSAGE][INFO] - Found 1 web elements with id: 'Object Repository/Olusturma/Genel/Olusturma/eArsivEttnBilgisi' located by 'By.xpath: //*[@id = 'Uuid_I']' in '30' second(s)

2021-11-19 17:24:47 - [MESSAGE][INFO] - Getting attribute 'value' of object 'Object Repository/Olusturma/Genel/Olusturma/eArsivEttnBilgisi'

2021-11-19 17:24:47 - [MESSAGE][PASSED] - Attribute 'value' of object 'Object Repository/Olusturma/Genel/Olusturma/eArsivEttnBilgisi' is: '0bd7ca89-59fe-4367-b107-0388ae0e5901'

2021-11-19 17:24:47 - [MESSAGE][PASSED] - Call Test Case 'Test Cases/Olusturma/Genel/EttnBilgisiKayitEdilir' successfully

2021-11-19 17:24:47 - [MESSAGE][INFO] - Checking called Test Case

2021-11-19 17:24:47 - [MESSAGE][INFO] - Starting to call Test Case 'Test Cases/Olusturma/Genel/KaydetButonunaTiklanir'

2021-11-19 17:24:48 - [TEST_CASE][PASSED] - Test Cases/Olusturma/Genel/KaydetButonunaTiklanir: Test Cases/Olusturma/Genel/KaydetButonunaTiklanir

2021-11-19 17:24:48 - [TEST_STEP][PASSED] - i = 0: null

2021-11-19 17:24:48 - [TEST_STEP][PASSED] - waitForElementPresent(findTestObject("Olusturma/Genel/Not/Notlar"), 10): Object 'Object Repository/Olusturma/Genel/Not/Notlar' is present

2021-11-19 17:24:48 - [MESSAGE][INFO] - Finding Test Object 'Object Repository/Olusturma/Genel/Not/Notlar'

2021-11-19 17:24:48 - [MESSAGE][INFO] - Checking object

2021-11-19 17:24:48 - [MESSAGE][INFO] - Finding web element from Test Object's properties

2021-11-19 17:24:48 - [MESSAGE][INFO] - Checking timeout

2021-11-19 17:24:48 - [MESSAGE][INFO] - Finding web element with id: 'Object Repository/Olusturma/Genel/Not/Notlar' located by 'By.xpath: //*[@id = 'txtNote_I']' in '10' second(s)

2021-11-19 17:24:48 - [MESSAGE][INFO] - Smart Wait Function is triggered

2021-11-19 17:24:48 - [MESSAGE][INFO] - Found 1 web elements with id: 'Object Repository/Olusturma/Genel/Not/Notlar' located by 'By.xpath: //*[@id = 'txtNote_I']' in '10' second(s)

2021-11-19 17:24:48 - [MESSAGE][PASSED] - Object 'Object Repository/Olusturma/Genel/Not/Notlar' is present

2021-11-19 17:24:48 - [TEST_STEP][PASSED] - click(findTestObject("Olusturma/Genel/Not/Notlar")): Object: 'Object Repository/Olusturma/Genel/Not/Notlar' is clicked on

2021-11-19 17:24:48 - [MESSAGE][INFO] - Finding Test Object 'Object Repository/Olusturma/Genel/Not/Notlar'

2021-11-19 17:24:48 - [MESSAGE][INFO] - Checking object

2021-11-19 17:24:48 - [MESSAGE][INFO] - Finding web element from Test Object's properties

2021-11-19 17:24:48 - [MESSAGE][INFO] - Checking timeout

2021-11-19 17:24:48 - [MESSAGE][INFO] - Finding web element with id: 'Object Repository/Olusturma/Genel/Not/Notlar' located by 'By.xpath: //*[@id = 'txtNote_I']' in '30' second(s)

2021-11-19 17:24:48 - [MESSAGE][INFO] - Smart Wait Function is triggered

2021-11-19 17:24:48 - [MESSAGE][INFO] - Found 1 web elements with id: 'Object Repository/Olusturma/Genel/Not/Notlar' located by 'By.xpath: //*[@id = 'txtNote_I']' in '30' second(s)

2021-11-19 17:24:48 - [MESSAGE][INFO] - Clicking on object: 'Object Repository/Olusturma/Genel/Not/Notlar'

2021-11-19 17:24:48 - [MESSAGE][PASSED] - Object: 'Object Repository/Olusturma/Genel/Not/Notlar' is clicked on

2021-11-19 17:24:48 - [TEST_STEP][PASSED] - while (true): null

2021-11-19 17:24:48 - [TEST_STEP][PASSED] - delay(1): Delayed 1 second(s)

2021-11-19 17:24:48 - [MESSAGE][INFO] - Delaying browser in 1 second(s)

2021-11-19 17:24:49 - [MESSAGE][PASSED] - Delayed 1 second(s)

2021-11-19 17:24:49 - [TEST_STEP][PASSED] - ajaxIsComplete = executeJavaScript("return jQuery.active == 0", null): Execute JavaScript 'return jQuery.active == 0' successfully

2021-11-19 17:24:50 - [MESSAGE][PASSED] - Execute JavaScript 'return jQuery.active == 0' successfully

2021-11-19 17:24:50 - [TEST_STEP][PASSED] - if (ajaxIsComplete): null

2021-11-19 17:24:50 - [TEST_STEP][PASSED] - break: null

2021-11-19 17:24:50 - [TEST_STEP][PASSED] - waitForElementClickable(findTestObject("Object Repository/Olusturma/Genel/Buton"), 10): Object 'Object Repository/Olusturma/Genel/Buton' is clickable

2021-11-19 17:24:50 - [MESSAGE][INFO] - Finding Test Object 'Object Repository/Olusturma/Genel/Buton'

2021-11-19 17:24:50 - [MESSAGE][INFO] - Checking object

2021-11-19 17:24:50 - [MESSAGE][INFO] - Checking timeout

2021-11-19 17:24:50 - [MESSAGE][INFO] - Finding web element from Test Object's properties

2021-11-19 17:24:50 - [MESSAGE][INFO] - Checking timeout

2021-11-19 17:24:50 - [MESSAGE][INFO] - Finding web element with id: 'Object Repository/Olusturma/Genel/Buton' located by 'By.xpath: //*[@id = 'btnKaydet']' in '10' second(s)

2021-11-19 17:24:50 - [MESSAGE][INFO] - Smart Wait Function is triggered

2021-11-19 17:24:50 - [MESSAGE][INFO] - Found 1 web elements with id: 'Object Repository/Olusturma/Genel/Buton' located by 'By.xpath: //*[@id = 'btnKaydet']' in '10' second(s)

2021-11-19 17:24:50 - [MESSAGE][PASSED] - Object 'Object Repository/Olusturma/Genel/Buton' is clickable

2021-11-19 17:24:50 - [TEST_STEP][PASSED] - click(findTestObject("Object Repository/Olusturma/Genel/Buton")): Object: 'Object Repository/Olusturma/Genel/Buton' is clicked on

2021-11-19 17:24:50 - [MESSAGE][INFO] - Finding Test Object 'Object Repository/Olusturma/Genel/Buton'

2021-11-19 17:24:50 - [MESSAGE][INFO] - Checking object

2021-11-19 17:24:50 - [MESSAGE][INFO] - Finding web element from Test Object's properties

2021-11-19 17:24:50 - [MESSAGE][INFO] - Checking timeout

2021-11-19 17:24:50 - [MESSAGE][INFO] - Finding web element with id: 'Object Repository/Olusturma/Genel/Buton' located by 'By.xpath: //*[@id = 'btnKaydet']' in '30' second(s)

2021-11-19 17:24:50 - [MESSAGE][INFO] - Smart Wait Function is triggered

2021-11-19 17:24:50 - [MESSAGE][INFO] - Found 1 web elements with id: 'Object Repository/Olusturma/Genel/Buton' located by 'By.xpath: //*[@id = 'btnKaydet']' in '30' second(s)

2021-11-19 17:24:50 - [MESSAGE][INFO] - Clicking on object: 'Object Repository/Olusturma/Genel/Buton'

2021-11-19 17:24:52 - [MESSAGE][PASSED] - Object: 'Object Repository/Olusturma/Genel/Buton' is clicked on

2021-11-19 17:24:52 - [MESSAGE][PASSED] - Call Test Case 'Test Cases/Olusturma/Genel/KaydetButonunaTiklanir' successfully

2021-11-19 17:24:52 - [MESSAGE][INFO] - Checking called Test Case

2021-11-19 17:24:52 - [MESSAGE][INFO] - Starting to call Test Case 'Test Cases/Tablo/TablodaEttnliVeriOlusturulduMu'

2021-11-19 17:24:52 - [TEST_CASE][PASSED] - Test Cases/Tablo/TablodaEttnliVeriOlusturulduMu: Test Cases/Tablo/TablodaEttnliVeriOlusturulduMu

2021-11-19 17:24:52 - [TEST_STEP][PASSED] - Method.TextDegerineEsitElementVarMi(findTestObject("Tablo/OlusturulanVeri"), ettn): Method.TextDegerineEsitElementVarMi is PASSED

2021-11-19 17:24:52 - [MESSAGE][INFO] - Finding Test Object 'Object Repository/Tablo/OlusturulanVeri'

2021-11-19 17:24:52 - [MESSAGE][INFO] - Checking timeout

2021-11-19 17:24:52 - [MESSAGE][INFO] - Finding web element with id: 'Object Repository/Tablo/OlusturulanVeri' located by 'By.cssSelector: table.dxgvTable_LECustomTheme>tbody>tr:nth-child(3)>td.dxgv b,table.dxgvTable_LECustomTheme>tbody>tr:nth-child(3)>td.dxgv' in '10' second(s)

2021-11-19 17:24:52 - [MESSAGE][INFO] - Smart Wait Function is triggered

2021-11-19 17:24:52 - [MESSAGE][INFO] - Found 11 web elements with id: 'Object Repository/Tablo/OlusturulanVeri' located by 'By.cssSelector: table.dxgvTable_LECustomTheme>tbody>tr:nth-child(3)>td.dxgv b,table.dxgvTable_LECustomTheme>tbody>tr:nth-child(3)>td.dxgv' in '10' second(s)

2021-11-19 17:24:52 - [MESSAGE][PASSED] - Method.TextDegerineEsitElementVarMi is PASSED

2021-11-19 17:24:52 - [MESSAGE][PASSED] - Call Test Case 'Test Cases/Tablo/TablodaEttnliVeriOlusturulduMu' successfully

2021-11-19 17:24:52 - [MESSAGE][INFO] - Checking called Test Case

2021-11-19 17:24:52 - [MESSAGE][INFO] - Starting to call Test Case 'Test Cases/Tablo/TablodanEttnliVeriSec'

2021-11-19 17:24:52 - [TEST_CASE][PASSED] - Test Cases/Tablo/TablodanEttnliVeriSec: Test Cases/Tablo/TablodanEttnliVeriSec

2021-11-19 17:24:52 - [TEST_STEP][PASSED] - Method.TextDegerineEsitElementinAltindakineTikla(findTestObject("Tablo/Veriler"), findTestObject("Tablo/VerininCheckBoxi"), ettn): Method.TextDegerineEsitElementinAltindakineTikla is PASSED

2021-11-19 17:24:52 - [MESSAGE][INFO] - Finding Test Object 'Object Repository/Tablo/Veriler'

2021-11-19 17:24:53 - [MESSAGE][INFO] - Finding Test Object 'Object Repository/Tablo/VerininCheckBoxi'

2021-11-19 17:24:53 - [MESSAGE][INFO] - Checking timeout

2021-11-19 17:24:53 - [MESSAGE][INFO] - Finding web element with id: 'Object Repository/Tablo/Veriler' located by 'By.cssSelector: td.dxgv b ,td.dxgv' in '10' second(s)

2021-11-19 17:24:53 - [MESSAGE][INFO] - Smart Wait Function is triggered

2021-11-19 17:24:53 - [MESSAGE][INFO] - Found 110 web elements with id: 'Object Repository/Tablo/Veriler' located by 'By.cssSelector: td.dxgv b ,td.dxgv' in '10' second(s)

2021-11-19 17:24:53 - [MESSAGE][INFO] - Smart Wait Function is triggered

2021-11-19 17:24:53 - [MESSAGE][PASSED] - Method.TextDegerineEsitElementinAltindakineTikla is PASSED

2021-11-19 17:24:53 - [MESSAGE][PASSED] - Call Test Case 'Test Cases/Tablo/TablodanEttnliVeriSec' successfully

2021-11-19 17:24:53 - [MESSAGE][INFO] - Checking called Test Case

2021-11-19 17:24:53 - [MESSAGE][INFO] - Starting to call Test Case 'Test Cases/Butonlar/ButonaTikla'

2021-11-19 17:24:53 - [TEST_CASE][PASSED] - Test Cases/Butonlar/ButonaTikla: Test Cases/Butonlar/ButonaTikla

2021-11-19 17:24:53 - [TEST_STEP][PASSED] - Method.TextDegerineEsitElementeTiklaEquals(findTestObject("Butonlar/Butonlar"), Buton_Adi): Method.TextDegerineEsitElementeTiklaEquals is PASSED

2021-11-19 17:24:53 - [MESSAGE][INFO] - Finding Test Object 'Object Repository/Butonlar/Butonlar'

2021-11-19 17:24:53 - [MESSAGE][INFO] - Checking timeout

2021-11-19 17:24:53 - [MESSAGE][INFO] - Finding web element with id: 'Object Repository/Butonlar/Butonlar' located by 'By.cssSelector: .panel.panel-default.text-center.footerPanel .btn,.btn.btn-primary.btnControls' in '10' second(s)

2021-11-19 17:24:53 - [MESSAGE][INFO] - Smart Wait Function is triggered

2021-11-19 17:24:54 - [MESSAGE][INFO] - Found 7 web elements with id: 'Object Repository/Butonlar/Butonlar' located by 'By.cssSelector: .panel.panel-default.text-center.footerPanel .btn,.btn.btn-primary.btnControls' in '10' second(s)

2021-11-19 17:24:54 - [MESSAGE][PASSED] - Method.TextDegerineEsitElementeTiklaEquals is PASSED

2021-11-19 17:24:54 - [MESSAGE][PASSED] - Call Test Case 'Test Cases/Butonlar/ButonaTikla' successfully

2021-11-19 17:24:54 - [MESSAGE][INFO] - Checking called Test Case

2021-11-19 17:24:54 - [MESSAGE][INFO] - Starting to call Test Case 'Test Cases/Popup/PopupMesajiIceriyorMu'

2021-11-19 17:24:54 - [TEST_CASE][PASSED] - Test Cases/Popup/PopupMesajiIceriyorMu: Test Cases/Popup/PopupMesajiIceriyorMu

2021-11-19 17:24:54 - [TEST_STEP][PASSED] - waitForElementVisible(findTestObject("Popup/Popup"), 10): Object 'Object Repository/Popup/Popup' is visible

2021-11-19 17:24:54 - [MESSAGE][INFO] - Finding Test Object 'Object Repository/Popup/Popup'

2021-11-19 17:24:54 - [MESSAGE][INFO] - Checking object

2021-11-19 17:24:54 - [MESSAGE][INFO] - Checking timeout

2021-11-19 17:24:54 - [MESSAGE][INFO] - Finding web element from Test Object's properties

2021-11-19 17:24:54 - [MESSAGE][INFO] - Checking timeout

2021-11-19 17:24:54 - [MESSAGE][INFO] - Finding web element with id: 'Object Repository/Popup/Popup' located by 'By.cssSelector: .bootbox-body' in '10' second(s)

2021-11-19 17:24:54 - [MESSAGE][INFO] - Smart Wait Function is triggered

2021-11-19 17:24:55 - [MESSAGE][INFO] - Found 1 web elements with id: 'Object Repository/Popup/Popup' located by 'By.cssSelector: .bootbox-body' in '10' second(s)

2021-11-19 17:24:55 - [MESSAGE][PASSED] - Object 'Object Repository/Popup/Popup' is visible

2021-11-19 17:24:55 - [TEST_STEP][PASSED] - if (!(getText(findTestObject("Popup/Popup")).contains(Mesaj))): Text of object 'Object Repository/Popup/Popup' is: 'Oluşturulacak makbuz numarası : FYS2021000000476 Makbuz numarası oluşturulduktan sonra makbuz silinemez. Makbuz numarası, tarihi ve ön eki değiştirilemez. Devam etmek istiyor musunuz?'

2021-11-19 17:24:55 - [MESSAGE][INFO] - Finding Test Object 'Object Repository/Popup/Popup'

2021-11-19 17:24:55 - [MESSAGE][INFO] - Checking object

2021-11-19 17:24:55 - [MESSAGE][INFO] - Finding web element from Test Object's properties

2021-11-19 17:24:55 - [MESSAGE][INFO] - Checking timeout

2021-11-19 17:24:55 - [MESSAGE][INFO] - Finding web element with id: 'Object Repository/Popup/Popup' located by 'By.cssSelector: .bootbox-body' in '30' second(s)

2021-11-19 17:24:55 - [MESSAGE][INFO] - Smart Wait Function is triggered

2021-11-19 17:24:56 - [MESSAGE][INFO] - Found 1 web elements with id: 'Object Repository/Popup/Popup' located by 'By.cssSelector: .bootbox-body' in '30' second(s)

2021-11-19 17:24:56 - [MESSAGE][INFO] - Getting text of object 'Object Repository/Popup/Popup'

2021-11-19 17:24:56 - [MESSAGE][PASSED] - Text of object 'Object Repository/Popup/Popup' is: 'Oluşturulacak makbuz numarası : FYS2021000000476 Makbuz numarası oluşturulduktan sonra makbuz silinemez. Makbuz numarası, tarihi ve ön eki değiştirilemez. Devam etmek istiyor musunuz?'

2021-11-19 17:24:56 - [TEST_STEP][PASSED] - RaporNo = getText(findTestObject("Popup/Popup")).substring(0, 6): Text of object 'Object Repository/Popup/Popup' is: 'Oluşturulacak makbuz numarası : FYS2021000000476 Makbuz numarası oluşturulduktan sonra makbuz silinemez. Makbuz numarası, tarihi ve ön eki değiştirilemez. Devam etmek istiyor musunuz?'

2021-11-19 17:24:56 - [MESSAGE][INFO] - Finding Test Object 'Object Repository/Popup/Popup'

2021-11-19 17:24:56 - [MESSAGE][INFO] - Checking object

2021-11-19 17:24:56 - [MESSAGE][INFO] - Finding web element from Test Object's properties

2021-11-19 17:24:56 - [MESSAGE][INFO] - Checking timeout

2021-11-19 17:24:56 - [MESSAGE][INFO] - Finding web element with id: 'Object Repository/Popup/Popup' located by 'By.cssSelector: .bootbox-body' in '30' second(s)

2021-11-19 17:24:56 - [MESSAGE][INFO] - Smart Wait Function is triggered

2021-11-19 17:24:56 - [MESSAGE][INFO] - Found 1 web elements with id: 'Object Repository/Popup/Popup' located by 'By.cssSelector: .bootbox-body' in '30' second(s)

2021-11-19 17:24:56 - [MESSAGE][INFO] - Getting text of object 'Object Repository/Popup/Popup'

2021-11-19 17:24:56 - [MESSAGE][PASSED] - Text of object 'Object Repository/Popup/Popup' is: 'Oluşturulacak makbuz numarası : FYS2021000000476 Makbuz numarası oluşturulduktan sonra makbuz silinemez. Makbuz numarası, tarihi ve ön eki değiştirilemez. Devam etmek istiyor musunuz?'

2021-11-19 17:24:56 - [TEST_STEP][PASSED] - Console.println(RaporNo): null

2021-11-19 17:24:56 - [MESSAGE][PASSED] - Call Test Case 'Test Cases/Popup/PopupMesajiIceriyorMu' successfully

2021-11-19 17:24:56 - [MESSAGE][INFO] - Checking called Test Case

2021-11-19 17:24:56 - [MESSAGE][INFO] - Starting to call Test Case 'Test Cases/Popup/PopupButonSecilir'

2021-11-19 17:24:56 - [TEST_CASE][PASSED] - Test Cases/Popup/PopupButonSecilir: Test Cases/Popup/PopupButonSecilir

2021-11-19 17:24:56 - [TEST_STEP][PASSED] - Method.TextDegerineEsitElementeTikla(findTestObject("Popup/Popup_Butons"), Buton): Method.TextDegerineEsitElementeTikla is PASSED

2021-11-19 17:24:56 - [MESSAGE][INFO] - Finding Test Object 'Object Repository/Popup/Popup_Butons'

2021-11-19 17:24:56 - [MESSAGE][INFO] - Checking timeout

2021-11-19 17:24:56 - [MESSAGE][INFO] - Finding web element with id: 'Object Repository/Popup/Popup_Butons' located by 'By.cssSelector: .modal-footer>button' in '10' second(s)

2021-11-19 17:24:56 - [MESSAGE][INFO] - Smart Wait Function is triggered

2021-11-19 17:24:57 - [MESSAGE][INFO] - Found 2 web elements with id: 'Object Repository/Popup/Popup_Butons' located by 'By.cssSelector: .modal-footer>button' in '10' second(s)

2021-11-19 17:24:57 - [MESSAGE][PASSED] - Method.TextDegerineEsitElementeTikla is PASSED

2021-11-19 17:24:57 - [MESSAGE][PASSED] - Call Test Case 'Test Cases/Popup/PopupButonSecilir' successfully

2021-11-19 17:24:57 - [MESSAGE][INFO] - Checking called Test Case

2021-11-19 17:24:57 - [MESSAGE][INFO] - Starting to call Test Case 'Test Cases/Popup/PopupMesajiIceriyorMu'

2021-11-19 17:24:57 - [TEST_CASE][PASSED] - Test Cases/Popup/PopupMesajiIceriyorMu: Test Cases/Popup/PopupMesajiIceriyorMu

2021-11-19 17:24:57 - [TEST_STEP][PASSED] - waitForElementVisible(findTestObject("Popup/Popup"), 10): Object 'Object Repository/Popup/Popup' is visible

2021-11-19 17:24:57 - [MESSAGE][INFO] - Finding Test Object 'Object Repository/Popup/Popup'

2021-11-19 17:24:57 - [MESSAGE][INFO] - Checking object

2021-11-19 17:24:57 - [MESSAGE][INFO] - Checking timeout

2021-11-19 17:24:57 - [MESSAGE][INFO] - Finding web element from Test Object's properties

2021-11-19 17:24:57 - [MESSAGE][INFO] - Checking timeout

2021-11-19 17:24:57 - [MESSAGE][INFO] - Finding web element with id: 'Object Repository/Popup/Popup' located by 'By.cssSelector: .bootbox-body' in '10' second(s)

2021-11-19 17:24:57 - [MESSAGE][INFO] - Smart Wait Function is triggered

2021-11-19 17:24:58 - [MESSAGE][INFO] - Found 1 web elements with id: 'Object Repository/Popup/Popup' located by 'By.cssSelector: .bootbox-body' in '10' second(s)

2021-11-19 17:24:58 - [MESSAGE][PASSED] - Object 'Object Repository/Popup/Popup' is visible

2021-11-19 17:24:58 - [TEST_STEP][PASSED] - if (!(getText(findTestObject("Popup/Popup")).contains(Mesaj))): Text of object 'Object Repository/Popup/Popup' is: 'Makbuz numaranız FYS2021000000476 olarak oluşmuştur.'

2021-11-19 17:24:58 - [MESSAGE][INFO] - Finding Test Object 'Object Repository/Popup/Popup'

2021-11-19 17:24:58 - [MESSAGE][INFO] - Checking object

2021-11-19 17:24:58 - [MESSAGE][INFO] - Finding web element from Test Object's properties

2021-11-19 17:24:58 - [MESSAGE][INFO] - Checking timeout

2021-11-19 17:24:58 - [MESSAGE][INFO] - Finding web element with id: 'Object Repository/Popup/Popup' located by 'By.cssSelector: .bootbox-body' in '30' second(s)

2021-11-19 17:24:58 - [MESSAGE][INFO] - Smart Wait Function is triggered

2021-11-19 17:24:58 - [MESSAGE][INFO] - Found 1 web elements with id: 'Object Repository/Popup/Popup' located by 'By.cssSelector: .bootbox-body' in '30' second(s)

2021-11-19 17:24:58 - [MESSAGE][INFO] - Getting text of object 'Object Repository/Popup/Popup'

2021-11-19 17:24:58 - [MESSAGE][PASSED] - Text of object 'Object Repository/Popup/Popup' is: 'Makbuz numaranız FYS2021000000476 olarak oluşmuştur.'

2021-11-19 17:24:58 - [TEST_STEP][PASSED] - RaporNo = getText(findTestObject("Popup/Popup")).substring(0, 6): Text of object 'Object Repository/Popup/Popup' is: 'Makbuz numaranız FYS2021000000476 olarak oluşmuştur.'

2021-11-19 17:24:58 - [MESSAGE][INFO] - Finding Test Object 'Object Repository/Popup/Popup'

2021-11-19 17:24:58 - [MESSAGE][INFO] - Checking object

2021-11-19 17:24:58 - [MESSAGE][INFO] - Finding web element from Test Object's properties

2021-11-19 17:24:58 - [MESSAGE][INFO] - Checking timeout

2021-11-19 17:24:58 - [MESSAGE][INFO] - Finding web element with id: 'Object Repository/Popup/Popup' located by 'By.cssSelector: .bootbox-body' in '30' second(s)

2021-11-19 17:24:58 - [MESSAGE][INFO] - Smart Wait Function is triggered

2021-11-19 17:24:58 - [MESSAGE][INFO] - Found 1 web elements with id: 'Object Repository/Popup/Popup' located by 'By.cssSelector: .bootbox-body' in '30' second(s)

2021-11-19 17:24:58 - [MESSAGE][INFO] - Getting text of object 'Object Repository/Popup/Popup'

2021-11-19 17:24:58 - [MESSAGE][PASSED] - Text of object 'Object Repository/Popup/Popup' is: 'Makbuz numaranız FYS2021000000476 olarak oluşmuştur.'

2021-11-19 17:24:58 - [TEST_STEP][PASSED] - Console.println(RaporNo): null

2021-11-19 17:24:58 - [MESSAGE][PASSED] - Call Test Case 'Test Cases/Popup/PopupMesajiIceriyorMu' successfully

2021-11-19 17:24:58 - [MESSAGE][INFO] - Checking called Test Case

2021-11-19 17:24:58 - [MESSAGE][INFO] - Starting to call Test Case 'Test Cases/Popup/PopupButonSecilir'

2021-11-19 17:24:58 - [TEST_CASE][PASSED] - Test Cases/Popup/PopupButonSecilir: Test Cases/Popup/PopupButonSecilir

2021-11-19 17:24:58 - [TEST_STEP][PASSED] - Method.TextDegerineEsitElementeTikla(findTestObject("Popup/Popup_Butons"), Buton): Method.TextDegerineEsitElementeTikla is PASSED

2021-11-19 17:24:58 - [MESSAGE][INFO] - Finding Test Object 'Object Repository/Popup/Popup_Butons'

2021-11-19 17:24:58 - [MESSAGE][INFO] - Checking timeout

2021-11-19 17:24:58 - [MESSAGE][INFO] - Finding web element with id: 'Object Repository/Popup/Popup_Butons' located by 'By.cssSelector: .modal-footer>button' in '10' second(s)

2021-11-19 17:24:58 - [MESSAGE][INFO] - Smart Wait Function is triggered

2021-11-19 17:24:59 - [MESSAGE][INFO] - Found 1 web elements with id: 'Object Repository/Popup/Popup_Butons' located by 'By.cssSelector: .modal-footer>button' in '10' second(s)

2021-11-19 17:24:59 - [MESSAGE][PASSED] - Method.TextDegerineEsitElementeTikla is PASSED

2021-11-19 17:24:59 - [MESSAGE][PASSED] - Call Test Case 'Test Cases/Popup/PopupButonSecilir' successfully

2021-11-19 17:24:59 - [MESSAGE][INFO] - Checking called Test Case

2021-11-19 17:24:59 - [MESSAGE][INFO] - Starting to call Test Case 'Test Cases/Tablo/TablodanEttnliVeriSec'

2021-11-19 17:24:59 - [TEST_CASE][PASSED] - Test Cases/Tablo/TablodanEttnliVeriSec: Test Cases/Tablo/TablodanEttnliVeriSec

2021-11-19 17:24:59 - [TEST_STEP][PASSED] - Method.TextDegerineEsitElementinAltindakineTikla(findTestObject("Tablo/Veriler"), findTestObject("Tablo/VerininCheckBoxi"), ettn): Method.TextDegerineEsitElementinAltindakineTikla is PASSED

2021-11-19 17:24:59 - [MESSAGE][INFO] - Finding Test Object 'Object Repository/Tablo/Veriler'

2021-11-19 17:24:59 - [MESSAGE][INFO] - Finding Test Object 'Object Repository/Tablo/VerininCheckBoxi'

2021-11-19 17:24:59 - [MESSAGE][INFO] - Checking timeout

2021-11-19 17:24:59 - [MESSAGE][INFO] - Finding web element with id: 'Object Repository/Tablo/Veriler' located by 'By.cssSelector: td.dxgv b ,td.dxgv' in '10' second(s)

2021-11-19 17:24:59 - [MESSAGE][INFO] - Smart Wait Function is triggered

2021-11-19 17:25:00 - [MESSAGE][INFO] - Found 110 web elements with id: 'Object Repository/Tablo/Veriler' located by 'By.cssSelector: td.dxgv b ,td.dxgv' in '10' second(s)

2021-11-19 17:25:00 - [MESSAGE][INFO] - Smart Wait Function is triggered

2021-11-19 17:25:00 - [MESSAGE][PASSED] - Method.TextDegerineEsitElementinAltindakineTikla is PASSED

2021-11-19 17:25:00 - [MESSAGE][PASSED] - Call Test Case 'Test Cases/Tablo/TablodanEttnliVeriSec' successfully

2021-11-19 17:25:00 - [MESSAGE][INFO] - Checking called Test Case

2021-11-19 17:25:00 - [MESSAGE][INFO] - Starting to call Test Case 'Test Cases/Butonlar/ButonaTikla'

2021-11-19 17:25:00 - [TEST_CASE][PASSED] - Test Cases/Butonlar/ButonaTikla: Test Cases/Butonlar/ButonaTikla

2021-11-19 17:25:00 - [TEST_STEP][PASSED] - Method.TextDegerineEsitElementeTiklaEquals(findTestObject("Butonlar/Butonlar"), Buton_Adi): Method.TextDegerineEsitElementeTiklaEquals is PASSED

2021-11-19 17:25:00 - [MESSAGE][INFO] - Finding Test Object 'Object Repository/Butonlar/Butonlar'

2021-11-19 17:25:00 - [MESSAGE][INFO] - Checking timeout

2021-11-19 17:25:00 - [MESSAGE][INFO] - Finding web element with id: 'Object Repository/Butonlar/Butonlar' located by 'By.cssSelector: .panel.panel-default.text-center.footerPanel .btn,.btn.btn-primary.btnControls' in '10' second(s)

2021-11-19 17:25:00 - [MESSAGE][INFO] - Smart Wait Function is triggered

2021-11-19 17:25:01 - [MESSAGE][INFO] - Found 7 web elements with id: 'Object Repository/Butonlar/Butonlar' located by 'By.cssSelector: .panel.panel-default.text-center.footerPanel .btn,.btn.btn-primary.btnControls' in '10' second(s)

2021-11-19 17:25:01 - [MESSAGE][PASSED] - Method.TextDegerineEsitElementeTiklaEquals is PASSED

2021-11-19 17:25:01 - [MESSAGE][PASSED] - Call Test Case 'Test Cases/Butonlar/ButonaTikla' successfully

2021-11-19 17:25:01 - [MESSAGE][INFO] - Checking called Test Case

2021-11-19 17:25:01 - [MESSAGE][INFO] - Starting to call Test Case 'Test Cases/Popup/PopupMesajiIceriyorMu'

2021-11-19 17:25:01 - [TEST_CASE][PASSED] - Test Cases/Popup/PopupMesajiIceriyorMu: Test Cases/Popup/PopupMesajiIceriyorMu

2021-11-19 17:25:01 - [TEST_STEP][PASSED] - waitForElementVisible(findTestObject("Popup/Popup"), 10): Object 'Object Repository/Popup/Popup' is visible

2021-11-19 17:25:01 - [MESSAGE][INFO] - Finding Test Object 'Object Repository/Popup/Popup'

2021-11-19 17:25:01 - [MESSAGE][INFO] - Checking object

2021-11-19 17:25:01 - [MESSAGE][INFO] - Checking timeout

2021-11-19 17:25:01 - [MESSAGE][INFO] - Finding web element from Test Object's properties

2021-11-19 17:25:01 - [MESSAGE][INFO] - Checking timeout

2021-11-19 17:25:01 - [MESSAGE][INFO] - Finding web element with id: 'Object Repository/Popup/Popup' located by 'By.cssSelector: .bootbox-body' in '10' second(s)

2021-11-19 17:25:01 - [MESSAGE][INFO] - Smart Wait Function is triggered

2021-11-19 17:25:01 - [MESSAGE][INFO] - Found 1 web elements with id: 'Object Repository/Popup/Popup' located by 'By.cssSelector: .bootbox-body' in '10' second(s)

2021-11-19 17:25:01 - [MESSAGE][PASSED] - Object 'Object Repository/Popup/Popup' is visible

2021-11-19 17:25:01 - [TEST_STEP][PASSED] - if (!(getText(findTestObject("Popup/Popup")).contains(Mesaj))): Text of object 'Object Repository/Popup/Popup' is: 'FYS serisi için onaylanmamış belge(leri)niz bulunmaktadır.
Devam etmek istiyor musunuz?'

2021-11-19 17:25:01 - [MESSAGE][INFO] - Finding Test Object 'Object Repository/Popup/Popup'

2021-11-19 17:25:01 - [MESSAGE][INFO] - Checking object

2021-11-19 17:25:01 - [MESSAGE][INFO] - Finding web element from Test Object's properties

2021-11-19 17:25:01 - [MESSAGE][INFO] - Checking timeout

2021-11-19 17:25:01 - [MESSAGE][INFO] - Finding web element with id: 'Object Repository/Popup/Popup' located by 'By.cssSelector: .bootbox-body' in '30' second(s)

2021-11-19 17:25:01 - [MESSAGE][INFO] - Smart Wait Function is triggered

2021-11-19 17:25:02 - [MESSAGE][INFO] - Found 1 web elements with id: 'Object Repository/Popup/Popup' located by 'By.cssSelector: .bootbox-body' in '30' second(s)

2021-11-19 17:25:02 - [MESSAGE][INFO] - Getting text of object 'Object Repository/Popup/Popup'

2021-11-19 17:25:02 - [MESSAGE][PASSED] - Text of object 'Object Repository/Popup/Popup' is: 'FYS serisi için onaylanmamış belge(leri)niz bulunmaktadır.
Devam etmek istiyor musunuz?'

2021-11-19 17:25:02 - [TEST_STEP][PASSED] - RaporNo = getText(findTestObject("Popup/Popup")).substring(0, 6): Text of object 'Object Repository/Popup/Popup' is: 'FYS serisi için onaylanmamış belge(leri)niz bulunmaktadır.
Devam etmek istiyor musunuz?'

2021-11-19 17:25:02 - [MESSAGE][INFO] - Finding Test Object 'Object Repository/Popup/Popup'

2021-11-19 17:25:02 - [MESSAGE][INFO] - Checking object

2021-11-19 17:25:02 - [MESSAGE][INFO] - Finding web element from Test Object's properties

2021-11-19 17:25:02 - [MESSAGE][INFO] - Checking timeout

2021-11-19 17:25:02 - [MESSAGE][INFO] - Finding web element with id: 'Object Repository/Popup/Popup' located by 'By.cssSelector: .bootbox-body' in '30' second(s)

2021-11-19 17:25:02 - [MESSAGE][INFO] - Smart Wait Function is triggered

2021-11-19 17:25:02 - [MESSAGE][INFO] - Found 1 web elements with id: 'Object Repository/Popup/Popup' located by 'By.cssSelector: .bootbox-body' in '30' second(s)

2021-11-19 17:25:02 - [MESSAGE][INFO] - Getting text of object 'Object Repository/Popup/Popup'

2021-11-19 17:25:02 - [MESSAGE][PASSED] - Text of object 'Object Repository/Popup/Popup' is: 'FYS serisi için onaylanmamış belge(leri)niz bulunmaktadır.
Devam etmek istiyor musunuz?'

2021-11-19 17:25:02 - [TEST_STEP][PASSED] - Console.println(RaporNo): null

2021-11-19 17:25:02 - [MESSAGE][PASSED] - Call Test Case 'Test Cases/Popup/PopupMesajiIceriyorMu' successfully

2021-11-19 17:25:02 - [MESSAGE][INFO] - Checking called Test Case

2021-11-19 17:25:02 - [MESSAGE][INFO] - Starting to call Test Case 'Test Cases/Popup/PopupButonSecilir'

2021-11-19 17:25:02 - [TEST_CASE][PASSED] - Test Cases/Popup/PopupButonSecilir: Test Cases/Popup/PopupButonSecilir

2021-11-19 17:25:02 - [TEST_STEP][PASSED] - Method.TextDegerineEsitElementeTikla(findTestObject("Popup/Popup_Butons"), Buton): Method.TextDegerineEsitElementeTikla is PASSED

2021-11-19 17:25:02 - [MESSAGE][INFO] - Finding Test Object 'Object Repository/Popup/Popup_Butons'

2021-11-19 17:25:02 - [MESSAGE][INFO] - Checking timeout

2021-11-19 17:25:02 - [MESSAGE][INFO] - Finding web element with id: 'Object Repository/Popup/Popup_Butons' located by 'By.cssSelector: .modal-footer>button' in '10' second(s)

2021-11-19 17:25:02 - [MESSAGE][INFO] - Smart Wait Function is triggered

2021-11-19 17:25:03 - [MESSAGE][INFO] - Found 2 web elements with id: 'Object Repository/Popup/Popup_Butons' located by 'By.cssSelector: .modal-footer>button' in '10' second(s)

2021-11-19 17:25:03 - [MESSAGE][PASSED] - Method.TextDegerineEsitElementeTikla is PASSED

2021-11-19 17:25:03 - [MESSAGE][PASSED] - Call Test Case 'Test Cases/Popup/PopupButonSecilir' successfully

2021-11-19 17:25:03 - [MESSAGE][INFO] - Checking called Test Case

2021-11-19 17:25:03 - [MESSAGE][INFO] - Starting to call Test Case 'Test Cases/Menu/AnaMenuSecimi'

2021-11-19 17:25:03 - [TEST_CASE][PASSED] - Test Cases/Menu/AnaMenuSecimi: Test Cases/Menu/AnaMenuSecimi

2021-11-19 17:25:03 - [TEST_STEP][PASSED] - Method.TextDegerineEsitElementeTikla(findTestObject("Menu/Ana_Menu"), Ana_Menu): Method.TextDegerineEsitElementeTikla is PASSED

2021-11-19 17:25:03 - [MESSAGE][INFO] - Finding Test Object 'Object Repository/Menu/Ana_Menu'

2021-11-19 17:25:03 - [MESSAGE][INFO] - Checking timeout

2021-11-19 17:25:03 - [MESSAGE][INFO] - Finding web element with id: 'Object Repository/Menu/Ana_Menu' located by 'By.xpath: //*[@class = 'dropdown-toggle']' in '10' second(s)

2021-11-19 17:25:03 - [MESSAGE][INFO] - Smart Wait Function is triggered

2021-11-19 17:25:14 - [MESSAGE][INFO] - Found 14 web elements with id: 'Object Repository/Menu/Ana_Menu' located by 'By.xpath: //*[@class = 'dropdown-toggle']' in '10' second(s)

2021-11-19 17:25:14 - [MESSAGE][PASSED] - Method.TextDegerineEsitElementeTikla is PASSED

2021-11-19 17:25:14 - [MESSAGE][PASSED] - Call Test Case 'Test Cases/Menu/AnaMenuSecimi' successfully

2021-11-19 17:25:14 - [MESSAGE][INFO] - Checking called Test Case

2021-11-19 17:25:14 - [MESSAGE][INFO] - Starting to call Test Case 'Test Cases/Menu/BasligaGoreAltMenuSecimi'

2021-11-19 17:25:14 - [TEST_CASE][PASSED] - Test Cases/Menu/BasligaGoreAltMenuSecimi: Test Cases/Menu/BasligaGoreAltMenuSecimi

2021-11-19 17:25:14 - [TEST_STEP][PASSED] - Method.TextDegerineEsitElementinAltindakiTextDegerineEsitOlanaTikla(findTestObject("Menu/Menu_Basligi"), findTestObject("Menu/Basliga_Gore_Alt_Menu"), Baslik, Alt_Menu): Method.TextDegerineEsitElementinAltindakiTextDegerineEsitOlanaTikla is PASSED

2021-11-19 17:25:14 - [MESSAGE][INFO] - Finding Test Object 'Object Repository/Menu/Menu_Basligi'

2021-11-19 17:25:14 - [MESSAGE][INFO] - Finding Test Object 'Object Repository/Menu/Basliga_Gore_Alt_Menu'

2021-11-19 17:25:14 - [MESSAGE][INFO] - Checking timeout

2021-11-19 17:25:14 - [MESSAGE][INFO] - Finding web element with id: 'Object Repository/Menu/Menu_Basligi' located by 'By.xpath: //li[@class='dropdown dropdown-large open']//li[@class='dropdown-header']' in '10' second(s)

2021-11-19 17:25:14 - [MESSAGE][INFO] - Smart Wait Function is triggered

2021-11-19 17:25:14 - [MESSAGE][INFO] - Found 2 web elements with id: 'Object Repository/Menu/Menu_Basligi' located by 'By.xpath: //li[@class='dropdown dropdown-large open']//li[@class='dropdown-header']' in '10' second(s)

2021-11-19 17:25:14 - [MESSAGE][INFO] - Smart Wait Function is triggered

2021-11-19 17:25:16 - [MESSAGE][PASSED] - Method.TextDegerineEsitElementinAltindakiTextDegerineEsitOlanaTikla is PASSED

2021-11-19 17:25:16 - [MESSAGE][PASSED] - Call Test Case 'Test Cases/Menu/BasligaGoreAltMenuSecimi' successfully

2021-11-19 17:25:16 - [MESSAGE][INFO] - Checking called Test Case

2021-11-19 17:25:16 - [MESSAGE][INFO] - Starting to call Test Case 'Test Cases/Filtreler/EttnYaz'

2021-11-19 17:25:16 - [TEST_CASE][PASSED] - Test Cases/Filtreler/EttnYaz: Test Cases/Filtreler/EttnYaz

2021-11-19 17:25:16 - [TEST_STEP][PASSED] - Method.TextDegerineEsitElementinAltindakiTextboxtaYaz(findTestObject("Filtreler/Basliklar"), findTestObject("Filtreler/Basliga_Gore_Textbox"), "ETTN", ettn): Method.TextDegerineEsitElementinAltindakiTextboxtaYaz is PASSED

2021-11-19 17:25:16 - [MESSAGE][INFO] - Finding Test Object 'Object Repository/Filtreler/Basliklar'

2021-11-19 17:25:16 - [MESSAGE][INFO] - Finding Test Object 'Object Repository/Filtreler/Basliga_Gore_Textbox'

2021-11-19 17:25:16 - [MESSAGE][INFO] - Checking timeout

2021-11-19 17:25:16 - [MESSAGE][INFO] - Finding web element with id: 'Object Repository/Filtreler/Basliklar' located by 'By.cssSelector: .control-label.col-sm-4.paddingMarginRLC' in '10' second(s)

2021-11-19 17:25:16 - [MESSAGE][INFO] - Smart Wait Function is triggered

2021-11-19 17:25:16 - [MESSAGE][INFO] - Found 13 web elements with id: 'Object Repository/Filtreler/Basliklar' located by 'By.cssSelector: .control-label.col-sm-4.paddingMarginRLC' in '10' second(s)

2021-11-19 17:25:16 - [MESSAGE][INFO] - Smart Wait Function is triggered

2021-11-19 17:25:17 - [MESSAGE][PASSED] - Method.TextDegerineEsitElementinAltindakiTextboxtaYaz is PASSED

2021-11-19 17:25:17 - [MESSAGE][PASSED] - Call Test Case 'Test Cases/Filtreler/EttnYaz' successfully

2021-11-19 17:25:17 - [MESSAGE][INFO] - Checking called Test Case

2021-11-19 17:25:17 - [MESSAGE][INFO] - Starting to call Test Case 'Test Cases/Filtreler/ButonaTikla'

2021-11-19 17:25:17 - [TEST_CASE][PASSED] - Test Cases/Filtreler/ButonaTikla: Test Cases/Filtreler/ButonaTikla

2021-11-19 17:25:17 - [TEST_STEP][PASSED] - Method.TextDegerineEsitElementeTikla(findTestObject("Filtreler/Butonlar"), Filtre_Buton): Method.TextDegerineEsitElementeTikla is PASSED

2021-11-19 17:25:17 - [MESSAGE][INFO] - Finding Test Object 'Object Repository/Filtreler/Butonlar'

2021-11-19 17:25:17 - [MESSAGE][INFO] - Checking timeout

2021-11-19 17:25:17 - [MESSAGE][INFO] - Finding web element with id: 'Object Repository/Filtreler/Butonlar' located by 'By.cssSelector: .dxb>span' in '10' second(s)

2021-11-19 17:25:17 - [MESSAGE][INFO] - Smart Wait Function is triggered

2021-11-19 17:25:17 - [MESSAGE][INFO] - Found 3 web elements with id: 'Object Repository/Filtreler/Butonlar' located by 'By.cssSelector: .dxb>span' in '10' second(s)

2021-11-19 17:25:18 - [MESSAGE][PASSED] - Method.TextDegerineEsitElementeTikla is PASSED

2021-11-19 17:25:18 - [MESSAGE][PASSED] - Call Test Case 'Test Cases/Filtreler/ButonaTikla' successfully

2021-11-19 17:25:18 - [MESSAGE][INFO] - Checking called Test Case

2021-11-19 17:25:18 - [MESSAGE][INFO] - Starting to call Test Case 'Test Cases/Tablo/TablodaVeriVarMi'

2021-11-19 17:25:18 - [TEST_CASE][PASSED] - Test Cases/Tablo/TablodaVeriVarMi: Test Cases/Tablo/TablodaVeriVarMi

2021-11-19 17:25:18 - [TEST_STEP][PASSED] - verifyTextNotPresent("Görüntülenecek veri yok", true): Text 'Görüntülenecek veri yok' is not present on page using regular expression

2021-11-19 17:25:18 - [MESSAGE][INFO] - Checking text present  using regular expression

2021-11-19 17:25:18 - [MESSAGE][INFO] - Smart Wait Function is triggered

2021-11-19 17:25:19 - [MESSAGE][INFO] - Finding text 'Görüntülenecek veri yok' on page  using regular expression

2021-11-19 17:25:19 - [MESSAGE][PASSED] - Text 'Görüntülenecek veri yok' is not present on page using regular expression

2021-11-19 17:25:19 - [MESSAGE][PASSED] - Call Test Case 'Test Cases/Tablo/TablodaVeriVarMi' successfully

2021-11-19 17:25:19 - [MESSAGE][INFO] - Checking called Test Case

2021-11-19 17:25:19 - [MESSAGE][INFO] - Starting to call Test Case 'Test Cases/Tablo/TablodaVeriBasariliMiSmm'

2021-11-19 17:25:19 - [TEST_CASE][PASSED] - Test Cases/Tablo/TablodaVeriBasariliMiSmm: Test Cases/Tablo/TablodaVeriBasariliMiSmm

2021-11-19 17:25:19 - [TEST_STEP][PASSED] - sayac = 80: null

2021-11-19 17:25:19 - [TEST_STEP][PASSED] - while (verifyElementText(findTestObject("Tablo/DurumBilgisiSmm"), "Henüz Sonuçlanmadı", OPTIONAL)): Actual text 'Başarılı' and expected text 'Henüz Sonuçlanmadı' of test object 'Object Repository/Tablo/DurumBilgisiSmm' are NOT matched. (Root cause: com.kms.katalon.core.exception.StepFailedException: Actual text 'Başarılı' and expected text 'Henüz Sonuçlanmadı' of test object 'Object Repository/Tablo/DurumBilgisiSmm' are NOT matched.
	at com.kms.katalon.core.webui.keyword.internal.WebUIKeywordMain.stepFailed(WebUIKeywordMain.groovy:64)
	at com.kms.katalon.core.webui.keyword.builtin.VerifyElementTextKeyword$_verifyElementText_closure1.doCall(VerifyElementTextKeyword.groovy:57)
	at com.kms.katalon.core.webui.keyword.builtin.VerifyElementTextKeyword$_verifyElementText_closure1.call(VerifyElementTextKeyword.groovy)
	at com.kms.katalon.core.webui.keyword.internal.WebUIKeywordMain.runKeyword(WebUIKeywordMain.groovy:20)
	at com.kms.katalon.core.webui.keyword.builtin.VerifyElementTextKeyword.verifyElementText(VerifyElementTextKeyword.groovy:72)
	at com.kms.katalon.core.webui.keyword.builtin.VerifyElementTextKeyword.execute(VerifyElementTextKeyword.groovy:40)
	at com.kms.katalon.core.keyword.internal.KeywordExecutor.executeKeywordForPlatform(KeywordExecutor.groovy:73)
	at com.kms.katalon.core.webui.keyword.WebUiBuiltInKeywords.verifyElementText(WebUiBuiltInKeywords.groovy:4733)
	at com.kms.katalon.core.webui.keyword.WebUiBuiltInKeywords$verifyElementText$20.call(Unknown Source)
	at TablodaVeriBasariliMiSmm.run(TablodaVeriBasariliMiSmm:22)
	at com.kms.katalon.core.main.ScriptEngine.run(ScriptEngine.java:194)
	at com.kms.katalon.core.main.ScriptEngine.runScriptAsRawText(ScriptEngine.java:119)
	at com.kms.katalon.core.main.TestCaseExecutor.runScript(TestCaseExecutor.java:369)
	at com.kms.katalon.core.main.TestCaseExecutor.doExecute(TestCaseExecutor.java:360)
	at com.kms.katalon.core.main.TestCaseExecutor.processExecutionPhase(TestCaseExecutor.java:339)
	at com.kms.katalon.core.main.TestCaseExecutor.accessMainPhase(TestCaseExecutor.java:331)
	at com.kms.katalon.core.main.TestCaseExecutor.execute(TestCaseExecutor.java:248)
	at com.kms.katalon.core.main.TestCaseMain.runTestCase(TestCaseMain.java:138)
	at com.kms.katalon.core.keyword.builtin.CallTestCaseKeyword$_callTestCase_closure1.doCall(CallTestCaseKeyword.groovy:59)
	at com.kms.katalon.core.keyword.builtin.CallTestCaseKeyword$_callTestCase_closure1.call(CallTestCaseKeyword.groovy)
	at com.kms.katalon.core.keyword.internal.KeywordMain.runKeyword(KeywordMain.groovy:68)
	at com.kms.katalon.core.keyword.builtin.CallTestCaseKeyword.callTestCase(CallTestCaseKeyword.groovy:81)
	at com.kms.katalon.core.keyword.builtin.CallTestCaseKeyword.execute(CallTestCaseKeyword.groovy:44)
	at com.kms.katalon.core.keyword.internal.KeywordExecutor.executeKeywordForPlatform(KeywordExecutor.groovy:73)
	at com.kms.katalon.core.keyword.BuiltinKeywords.callTestCase(BuiltinKeywords.groovy:334)
	at tablo.tablo.tablodaVeriBasariliMiSmm(tablo.groovy:105)
	at cucumber.runtime.Utils$1.call(Utils.java:26)
	at cucumber.runtime.Timeout.timeout(Timeout.java:16)
	at cucumber.runtime.Utils.invoke(Utils.java:20)
	at cucumber.runtime.java.JavaStepDefinition.execute(JavaStepDefinition.java:49)
	at cucumber.runner.PickleStepDefinitionMatch.runStep(PickleStepDefinitionMatch.java:50)
	at cucumber.runner.TestStep.executeStep(TestStep.java:63)
	at cucumber.runner.TestStep.run(TestStep.java:49)
	at cucumber.runner.PickleStepTestStep.run(PickleStepTestStep.java:43)
	at cucumber.runner.TestCase.run(TestCase.java:44)
	at cucumber.runner.Runner.runPickle(Runner.java:40)
	at cucumber.runtime.Runtime$1.run(Runtime.java:84)
	at cucumber.runtime.Runtime$SameThreadExecutorService.execute(Runtime.java:220)
	at cucumber.runtime.Runtime.run(Runtime.java:81)
	at cucumber.api.cli.Main.run(Main.java:26)
	at cucumber.api.cli.Main$run.call(Unknown Source)
	at com.kms.katalon.core.cucumber.keyword.CucumberBuiltinKeywords$_runFeatureFile_closure1.doCall(CucumberBuiltinKeywords.groovy:106)
	at com.kms.katalon.core.cucumber.keyword.CucumberBuiltinKeywords$_runFeatureFile_closure1.doCall(CucumberBuiltinKeywords.groovy)
	at com.kms.katalon.core.keyword.internal.KeywordMain.runKeyword(KeywordMain.groovy:68)
	at com.kms.katalon.core.keyword.internal.KeywordMain$runKeyword.call(Unknown Source)
	at com.kms.katalon.core.cucumber.keyword.CucumberBuiltinKeywords.runFeatureFile(CucumberBuiltinKeywords.groovy:73)
	at com.kms.katalon.core.cucumber.keyword.CucumberBuiltinKeywords$runFeatureFile$0.callStatic(Unknown Source)
	at com.kms.katalon.core.cucumber.keyword.CucumberBuiltinKeywords.runFeatureFile(CucumberBuiltinKeywords.groovy:246)
	at com.kms.katalon.core.cucumber.keyword.CucumberBuiltinKeywords$runFeatureFile.call(Unknown Source)
	at VKN-e-Serbest Meslek Makbuzu-Kagit.run(VKN-e-Serbest Meslek Makbuzu-Kagit:19)
	at com.kms.katalon.core.main.ScriptEngine.run(ScriptEngine.java:194)
	at com.kms.katalon.core.main.ScriptEngine.runScriptAsRawText(ScriptEngine.java:119)
	at com.kms.katalon.core.main.TestCaseExecutor.runScript(TestCaseExecutor.java:369)
	at com.kms.katalon.core.main.TestCaseExecutor.doExecute(TestCaseExecutor.java:360)
	at com.kms.katalon.core.main.TestCaseExecutor.processExecutionPhase(TestCaseExecutor.java:339)
	at com.kms.katalon.core.main.TestCaseExecutor.accessMainPhase(TestCaseExecutor.java:331)
	at com.kms.katalon.core.main.TestCaseExecutor.execute(TestCaseExecutor.java:248)
	at com.kms.katalon.core.main.TestSuiteExecutor.accessTestCaseMainPhase(TestSuiteExecutor.java:191)
	at com.kms.katalon.core.main.TestSuiteExecutor.accessTestSuiteMainPhase(TestSuiteExecutor.java:140)
	at com.kms.katalon.core.main.TestSuiteExecutor.execute(TestSuiteExecutor.java:89)
	at com.kms.katalon.core.main.TestCaseMain.startTestSuite(TestCaseMain.java:181)
	at com.kms.katalon.core.main.TestCaseMain$startTestSuite$0.call(Unknown Source)
	at TempTestSuite1637329560940.run(TempTestSuite1637329560940.groovy:39)
)

2021-11-19 17:25:19 - [MESSAGE][INFO] - Finding Test Object 'Object Repository/Tablo/DurumBilgisiSmm'

2021-11-19 17:25:19 - [MESSAGE][INFO] - Checking object

2021-11-19 17:25:19 - [MESSAGE][INFO] - Finding web element from Test Object's properties

2021-11-19 17:25:19 - [MESSAGE][INFO] - Checking timeout

2021-11-19 17:25:19 - [MESSAGE][INFO] - Finding web element with id: 'Object Repository/Tablo/DurumBilgisiSmm' located by 'By.xpath: //*[@id = 'GridViewSEReceipt_tccell0_10']' in '30' second(s)

2021-11-19 17:25:19 - [MESSAGE][INFO] - Smart Wait Function is triggered

2021-11-19 17:25:19 - [MESSAGE][INFO] - Found 1 web elements with id: 'Object Repository/Tablo/DurumBilgisiSmm' located by 'By.xpath: //*[@id = 'GridViewSEReceipt_tccell0_10']' in '30' second(s)

2021-11-19 17:25:19 - [MESSAGE][WARNING] - Actual text 'Başarılı' and expected text 'Henüz Sonuçlanmadı' of test object 'Object Repository/Tablo/DurumBilgisiSmm' are NOT matched. (Root cause: com.kms.katalon.core.exception.StepFailedException: Actual text 'Başarılı' and expected text 'Henüz Sonuçlanmadı' of test object 'Object Repository/Tablo/DurumBilgisiSmm' are NOT matched.
	at com.kms.katalon.core.webui.keyword.internal.WebUIKeywordMain.stepFailed(WebUIKeywordMain.groovy:64)
	at com.kms.katalon.core.webui.keyword.builtin.VerifyElementTextKeyword$_verifyElementText_closure1.doCall(VerifyElementTextKeyword.groovy:57)
	at com.kms.katalon.core.webui.keyword.builtin.VerifyElementTextKeyword$_verifyElementText_closure1.call(VerifyElementTextKeyword.groovy)
	at com.kms.katalon.core.webui.keyword.internal.WebUIKeywordMain.runKeyword(WebUIKeywordMain.groovy:20)
	at com.kms.katalon.core.webui.keyword.builtin.VerifyElementTextKeyword.verifyElementText(VerifyElementTextKeyword.groovy:72)
	at com.kms.katalon.core.webui.keyword.builtin.VerifyElementTextKeyword.execute(VerifyElementTextKeyword.groovy:40)
	at com.kms.katalon.core.keyword.internal.KeywordExecutor.executeKeywordForPlatform(KeywordExecutor.groovy:73)
	at com.kms.katalon.core.webui.keyword.WebUiBuiltInKeywords.verifyElementText(WebUiBuiltInKeywords.groovy:4733)
	at com.kms.katalon.core.webui.keyword.WebUiBuiltInKeywords$verifyElementText$20.call(Unknown Source)
	at TablodaVeriBasariliMiSmm.run(TablodaVeriBasariliMiSmm:22)
	at com.kms.katalon.core.main.ScriptEngine.run(ScriptEngine.java:194)
	at com.kms.katalon.core.main.ScriptEngine.runScriptAsRawText(ScriptEngine.java:119)
	at com.kms.katalon.core.main.TestCaseExecutor.runScript(TestCaseExecutor.java:369)
	at com.kms.katalon.core.main.TestCaseExecutor.doExecute(TestCaseExecutor.java:360)
	at com.kms.katalon.core.main.TestCaseExecutor.processExecutionPhase(TestCaseExecutor.java:339)
	at com.kms.katalon.core.main.TestCaseExecutor.accessMainPhase(TestCaseExecutor.java:331)
	at com.kms.katalon.core.main.TestCaseExecutor.execute(TestCaseExecutor.java:248)
	at com.kms.katalon.core.main.TestCaseMain.runTestCase(TestCaseMain.java:138)
	at com.kms.katalon.core.keyword.builtin.CallTestCaseKeyword$_callTestCase_closure1.doCall(CallTestCaseKeyword.groovy:59)
	at com.kms.katalon.core.keyword.builtin.CallTestCaseKeyword$_callTestCase_closure1.call(CallTestCaseKeyword.groovy)
	at com.kms.katalon.core.keyword.internal.KeywordMain.runKeyword(KeywordMain.groovy:68)
	at com.kms.katalon.core.keyword.builtin.CallTestCaseKeyword.callTestCase(CallTestCaseKeyword.groovy:81)
	at com.kms.katalon.core.keyword.builtin.CallTestCaseKeyword.execute(CallTestCaseKeyword.groovy:44)
	at com.kms.katalon.core.keyword.internal.KeywordExecutor.executeKeywordForPlatform(KeywordExecutor.groovy:73)
	at com.kms.katalon.core.keyword.BuiltinKeywords.callTestCase(BuiltinKeywords.groovy:334)
	at tablo.tablo.tablodaVeriBasariliMiSmm(tablo.groovy:105)
	at cucumber.runtime.Utils$1.call(Utils.java:26)
	at cucumber.runtime.Timeout.timeout(Timeout.java:16)
	at cucumber.runtime.Utils.invoke(Utils.java:20)
	at cucumber.runtime.java.JavaStepDefinition.execute(JavaStepDefinition.java:49)
	at cucumber.runner.PickleStepDefinitionMatch.runStep(PickleStepDefinitionMatch.java:50)
	at cucumber.runner.TestStep.executeStep(TestStep.java:63)
	at cucumber.runner.TestStep.run(TestStep.java:49)
	at cucumber.runner.PickleStepTestStep.run(PickleStepTestStep.java:43)
	at cucumber.runner.TestCase.run(TestCase.java:44)
	at cucumber.runner.Runner.runPickle(Runner.java:40)
	at cucumber.runtime.Runtime$1.run(Runtime.java:84)
	at cucumber.runtime.Runtime$SameThreadExecutorService.execute(Runtime.java:220)
	at cucumber.runtime.Runtime.run(Runtime.java:81)
	at cucumber.api.cli.Main.run(Main.java:26)
	at cucumber.api.cli.Main$run.call(Unknown Source)
	at com.kms.katalon.core.cucumber.keyword.CucumberBuiltinKeywords$_runFeatureFile_closure1.doCall(CucumberBuiltinKeywords.groovy:106)
	at com.kms.katalon.core.cucumber.keyword.CucumberBuiltinKeywords$_runFeatureFile_closure1.doCall(CucumberBuiltinKeywords.groovy)
	at com.kms.katalon.core.keyword.internal.KeywordMain.runKeyword(KeywordMain.groovy:68)
	at com.kms.katalon.core.keyword.internal.KeywordMain$runKeyword.call(Unknown Source)
	at com.kms.katalon.core.cucumber.keyword.CucumberBuiltinKeywords.runFeatureFile(CucumberBuiltinKeywords.groovy:73)
	at com.kms.katalon.core.cucumber.keyword.CucumberBuiltinKeywords$runFeatureFile$0.callStatic(Unknown Source)
	at com.kms.katalon.core.cucumber.keyword.CucumberBuiltinKeywords.runFeatureFile(CucumberBuiltinKeywords.groovy:246)
	at com.kms.katalon.core.cucumber.keyword.CucumberBuiltinKeywords$runFeatureFile.call(Unknown Source)
	at VKN-e-Serbest Meslek Makbuzu-Kagit.run(VKN-e-Serbest Meslek Makbuzu-Kagit:19)
	at com.kms.katalon.core.main.ScriptEngine.run(ScriptEngine.java:194)
	at com.kms.katalon.core.main.ScriptEngine.runScriptAsRawText(ScriptEngine.java:119)
	at com.kms.katalon.core.main.TestCaseExecutor.runScript(TestCaseExecutor.java:369)
	at com.kms.katalon.core.main.TestCaseExecutor.doExecute(TestCaseExecutor.java:360)
	at com.kms.katalon.core.main.TestCaseExecutor.processExecutionPhase(TestCaseExecutor.java:339)
	at com.kms.katalon.core.main.TestCaseExecutor.accessMainPhase(TestCaseExecutor.java:331)
	at com.kms.katalon.core.main.TestCaseExecutor.execute(TestCaseExecutor.java:248)
	at com.kms.katalon.core.main.TestSuiteExecutor.accessTestCaseMainPhase(TestSuiteExecutor.java:191)
	at com.kms.katalon.core.main.TestSuiteExecutor.accessTestSuiteMainPhase(TestSuiteExecutor.java:140)
	at com.kms.katalon.core.main.TestSuiteExecutor.execute(TestSuiteExecutor.java:89)
	at com.kms.katalon.core.main.TestCaseMain.startTestSuite(TestCaseMain.java:181)
	at com.kms.katalon.core.main.TestCaseMain$startTestSuite$0.call(Unknown Source)
	at TempTestSuite1637329560940.run(TempTestSuite1637329560940.groovy:39)
)

2021-11-19 17:25:19 - [TEST_STEP][PASSED] - Method.TextDegerineEsitElementVarMi(findTestObject("Tablo/DurumBilgisiSmm"), "Başarılı"): Method.TextDegerineEsitElementVarMi is PASSED

2021-11-19 17:25:19 - [MESSAGE][INFO] - Finding Test Object 'Object Repository/Tablo/DurumBilgisiSmm'

2021-11-19 17:25:19 - [MESSAGE][INFO] - Checking timeout

2021-11-19 17:25:19 - [MESSAGE][INFO] - Finding web element with id: 'Object Repository/Tablo/DurumBilgisiSmm' located by 'By.xpath: //*[@id = 'GridViewSEReceipt_tccell0_10']' in '10' second(s)

2021-11-19 17:25:19 - [MESSAGE][INFO] - Smart Wait Function is triggered

2021-11-19 17:25:19 - [MESSAGE][INFO] - Found 1 web elements with id: 'Object Repository/Tablo/DurumBilgisiSmm' located by 'By.xpath: //*[@id = 'GridViewSEReceipt_tccell0_10']' in '10' second(s)

2021-11-19 17:25:19 - [MESSAGE][PASSED] - Method.TextDegerineEsitElementVarMi is PASSED

2021-11-19 17:25:19 - [MESSAGE][PASSED] - Call Test Case 'Test Cases/Tablo/TablodaVeriBasariliMiSmm' successfully

2021-11-19 17:25:19 - [MESSAGE][INFO] - Checking called Test Case

2021-11-19 17:25:19 - [MESSAGE][INFO] - Starting to call Test Case 'Test Cases/Kullanici_Islemleri/KullaniciIslemlerindenSecimYapilir'

2021-11-19 17:25:19 - [TEST_CASE][PASSED] - Test Cases/Kullanici_Islemleri/KullaniciIslemlerindenSecimYapilir: Test Cases/Kullanici_Islemleri/KullaniciIslemlerindenSecimYapilir

2021-11-19 17:25:19 - [TEST_STEP][PASSED] - waitForElementClickable(findTestObject("Object Repository/Kullanici_Islemleri/KullaniciIslemleri"), 10): Object 'Object Repository/Kullanici_Islemleri/KullaniciIslemleri' is clickable

2021-11-19 17:25:19 - [MESSAGE][INFO] - Finding Test Object 'Object Repository/Kullanici_Islemleri/KullaniciIslemleri'

2021-11-19 17:25:20 - [MESSAGE][INFO] - Checking object

2021-11-19 17:25:20 - [MESSAGE][INFO] - Checking timeout

2021-11-19 17:25:20 - [MESSAGE][INFO] - Finding web element from Test Object's properties

2021-11-19 17:25:20 - [MESSAGE][INFO] - Checking timeout

2021-11-19 17:25:20 - [MESSAGE][INFO] - Finding web element with id: 'Object Repository/Kullanici_Islemleri/KullaniciIslemleri' located by 'By.cssSelector: .dropdown>a>img' in '10' second(s)

2021-11-19 17:25:20 - [MESSAGE][INFO] - Smart Wait Function is triggered

2021-11-19 17:25:20 - [MESSAGE][INFO] - Found 1 web elements with id: 'Object Repository/Kullanici_Islemleri/KullaniciIslemleri' located by 'By.cssSelector: .dropdown>a>img' in '10' second(s)

2021-11-19 17:25:20 - [MESSAGE][PASSED] - Object 'Object Repository/Kullanici_Islemleri/KullaniciIslemleri' is clickable

2021-11-19 17:25:20 - [TEST_STEP][PASSED] - click(findTestObject("Object Repository/Kullanici_Islemleri/KullaniciIslemleri")): Object: 'Object Repository/Kullanici_Islemleri/KullaniciIslemleri' is clicked on

2021-11-19 17:25:20 - [MESSAGE][INFO] - Finding Test Object 'Object Repository/Kullanici_Islemleri/KullaniciIslemleri'

2021-11-19 17:25:20 - [MESSAGE][INFO] - Checking object

2021-11-19 17:25:20 - [MESSAGE][INFO] - Finding web element from Test Object's properties

2021-11-19 17:25:20 - [MESSAGE][INFO] - Checking timeout

2021-11-19 17:25:20 - [MESSAGE][INFO] - Finding web element with id: 'Object Repository/Kullanici_Islemleri/KullaniciIslemleri' located by 'By.cssSelector: .dropdown>a>img' in '30' second(s)

2021-11-19 17:25:20 - [MESSAGE][INFO] - Smart Wait Function is triggered

2021-11-19 17:25:20 - [MESSAGE][INFO] - Found 1 web elements with id: 'Object Repository/Kullanici_Islemleri/KullaniciIslemleri' located by 'By.cssSelector: .dropdown>a>img' in '30' second(s)

2021-11-19 17:25:20 - [MESSAGE][INFO] - Clicking on object: 'Object Repository/Kullanici_Islemleri/KullaniciIslemleri'

2021-11-19 17:25:20 - [MESSAGE][PASSED] - Object: 'Object Repository/Kullanici_Islemleri/KullaniciIslemleri' is clicked on

2021-11-19 17:25:20 - [TEST_STEP][PASSED] - Method.TextDegerineEsitElementeTikla(findTestObject("Object Repository/Kullanici_Islemleri/Secenekler"), Islem): Method.TextDegerineEsitElementeTikla is PASSED

2021-11-19 17:25:20 - [MESSAGE][INFO] - Finding Test Object 'Object Repository/Kullanici_Islemleri/Secenekler'

2021-11-19 17:25:20 - [MESSAGE][INFO] - Checking timeout

2021-11-19 17:25:20 - [MESSAGE][INFO] - Finding web element with id: 'Object Repository/Kullanici_Islemleri/Secenekler' located by 'By.cssSelector: .nav.navbar-nav.navbar-right li a' in '10' second(s)

2021-11-19 17:25:20 - [MESSAGE][INFO] - Smart Wait Function is triggered

2021-11-19 17:25:21 - [MESSAGE][INFO] - Found 22 web elements with id: 'Object Repository/Kullanici_Islemleri/Secenekler' located by 'By.cssSelector: .nav.navbar-nav.navbar-right li a' in '10' second(s)

2021-11-19 17:25:24 - [MESSAGE][PASSED] - Method.TextDegerineEsitElementeTikla is PASSED

2021-11-19 17:25:24 - [TEST_STEP][PASSED] - verifyElementNotPresent(findTestObject("Object Repository/Kullanici_Islemleri/Secenekler"), 10): Web element with id: 'Object Repository/Kullanici_Islemleri/Secenekler' located by 'By.cssSelector: .nav.navbar-nav.navbar-right li a' is not present after '10' second(s)

2021-11-19 17:25:24 - [MESSAGE][INFO] - Finding Test Object 'Object Repository/Kullanici_Islemleri/Secenekler'

2021-11-19 17:25:24 - [MESSAGE][INFO] - Checking object

2021-11-19 17:25:24 - [MESSAGE][INFO] - Checking timeout

2021-11-19 17:25:24 - [MESSAGE][INFO] - Finding web element with id: 'Object Repository/Kullanici_Islemleri/Secenekler' located by 'By.cssSelector: .nav.navbar-nav.navbar-right li a' in '10' second(s)

2021-11-19 17:25:24 - [MESSAGE][INFO] - Smart Wait Function is triggered

2021-11-19 17:25:24 - [MESSAGE][PASSED] - Web element with id: 'Object Repository/Kullanici_Islemleri/Secenekler' located by 'By.cssSelector: .nav.navbar-nav.navbar-right li a' is not present after '10' second(s)

2021-11-19 17:25:24 - [MESSAGE][PASSED] - Call Test Case 'Test Cases/Kullanici_Islemleri/KullaniciIslemlerindenSecimYapilir' successfully

2021-11-19 17:25:24 - [TEST_CASE][PASSED] - Start Test Case : SCENARIO VKN ile e-Serbest Meslek Makbuzu Olusturulmasi ve Excele aktarilmasi: SCENARIO VKN ile e-Serbest Meslek Makbuzu Olusturulmasi ve Excele aktarilmasi

2021-11-19 17:25:24 - [TEST_STEP][PASSED] - Giriş yapılır: Giriş yapılır

2021-11-19 17:25:24 - [MESSAGE][PASSED] - Giriş yapılır

2021-11-19 17:25:24 - [TEST_STEP][PASSED] - Ana menüden e-Makbuz seçilir: Ana menüden e-Makbuz seçilir

2021-11-19 17:25:24 - [MESSAGE][PASSED] - Ana menüden e-Makbuz seçilir

2021-11-19 17:25:24 - [TEST_STEP][PASSED] - Alt menü e-Serbest Meslek Uygulaması başlığı altındaki e-Serbest Meslek Makbuzu Oluşturma seçilir: Alt menü e-Serbest Meslek Uygulaması başlığı altındaki e-Serbest Meslek Makbuzu Oluşturma seçilir

2021-11-19 17:25:24 - [MESSAGE][PASSED] - Alt menü e-Serbest Meslek Uygulaması başlığı altındaki e-Serbest Meslek Makbuzu Oluşturma seçilir

2021-11-19 17:25:24 - [TEST_STEP][PASSED] - Tablodaki tüm veriler silinir: Tablodaki tüm veriler silinir

2021-11-19 17:25:24 - [MESSAGE][PASSED] - Tablodaki tüm veriler silinir

2021-11-19 17:25:24 - [TEST_STEP][PASSED] - Butonlardan Ekle isimli butona tıklanır: Butonlardan Ekle isimli butona tıklanır

2021-11-19 17:25:24 - [MESSAGE][PASSED] - Butonlardan Ekle isimli butona tıklanır

2021-11-19 17:25:24 - [TEST_STEP][PASSED] - Görsel tasarım sayfasının Makbuz Bilgileri başlığını içerdiği kontrol edilir: Görsel tasarım sayfasının Makbuz Bilgileri başlığını içerdiği kontrol edilir

2021-11-19 17:25:24 - [MESSAGE][PASSED] - Görsel tasarım sayfasının Makbuz Bilgileri başlığını içerdiği kontrol edilir

2021-11-19 17:25:24 - [TEST_STEP][PASSED] - Alıcı adı alanına VirgosolSerbestMeslekVKN girilir: Alıcı adı alanına VirgosolSerbestMeslekVKN girilir

2021-11-19 17:25:24 - [MESSAGE][PASSED] - Alıcı adı alanına VirgosolSerbestMeslekVKN girilir

2021-11-19 17:25:24 - [TEST_STEP][PASSED] - Gönderim Şekli Kağıt olarak seçilir: Gönderim Şekli Kağıt olarak seçilir

2021-11-19 17:25:24 - [MESSAGE][PASSED] - Gönderim Şekli Kağıt olarak seçilir

2021-11-19 17:25:24 - [TEST_STEP][PASSED] - Döküman Para Birimi alanından Türk Lirası seçilir: Döküman Para Birimi alanından Türk Lirası seçilir

2021-11-19 17:25:24 - [MESSAGE][PASSED] - Döküman Para Birimi alanından Türk Lirası seçilir

2021-11-19 17:25:24 - [TEST_STEP][PASSED] - Tasarım alanından e-Serbest Meslek Makbuz Öndeger Sablon Tasarim.xslt- seçilir: Tasarım alanından e-Serbest Meslek Makbuz Öndeger Sablon Tasarim.xslt- seçilir

2021-11-19 17:25:24 - [MESSAGE][PASSED] - Tasarım alanından e-Serbest Meslek Makbuz Öndeger Sablon Tasarim.xslt- seçilir

2021-11-19 17:25:24 - [TEST_STEP][PASSED] - Ekle butonuna basılır: Ekle butonuna basılır

2021-11-19 17:25:24 - [MESSAGE][PASSED] - Ekle butonuna basılır

2021-11-19 17:25:24 - [TEST_STEP][PASSED] - Ürün ekleme alanında Ücretin Ne İçin Alındığı başlığına Otomasyon girilir: Ürün ekleme alanında Ücretin Ne İçin Alındığı başlığına Otomasyon girilir

2021-11-19 17:25:24 - [MESSAGE][PASSED] - Ürün ekleme alanında Ücretin Ne İçin Alındığı başlığına Otomasyon girilir

2021-11-19 17:25:24 - [TEST_STEP][PASSED] - Ürün ekleme alanında Brüt Ücret başlığına 400 girilir: Ürün ekleme alanında Brüt Ücret başlığına 400 girilir

2021-11-19 17:25:24 - [MESSAGE][PASSED] - Ürün ekleme alanında Brüt Ücret başlığına 400 girilir

2021-11-19 17:25:24 - [TEST_STEP][PASSED] - Ürün ekleme alanında G.V Stopaj Oranı% başlığına 10 girilir: Ürün ekleme alanında G.V Stopaj Oranı% başlığına 10 girilir

2021-11-19 17:25:24 - [MESSAGE][PASSED] - Ürün ekleme alanında G.V Stopaj Oranı% başlığına 10 girilir

2021-11-19 17:25:24 - [TEST_STEP][PASSED] - Notlar alanına Otomasyon Not girilir: Notlar alanına Otomasyon Not girilir

2021-11-19 17:25:24 - [MESSAGE][PASSED] - Notlar alanına Otomasyon Not girilir

2021-11-19 17:25:24 - [TEST_STEP][PASSED] - Ettn bilgisi kayıt edilir: Ettn bilgisi kayıt edilir

2021-11-19 17:25:24 - [MESSAGE][PASSED] - Ettn bilgisi kayıt edilir

2021-11-19 17:25:24 - [TEST_STEP][PASSED] - Kaydet butonu seçilir: Kaydet butonu seçilir

2021-11-19 17:25:24 - [MESSAGE][PASSED] - Kaydet butonu seçilir

2021-11-19 17:25:24 - [TEST_STEP][PASSED] - Tabloda Ettn bilgisi kaydedilen veri oluşturuldu mu: Tabloda Ettn bilgisi kaydedilen veri oluşturuldu mu

2021-11-19 17:25:24 - [MESSAGE][PASSED] - Tabloda Ettn bilgisi kaydedilen veri oluşturuldu mu

2021-11-19 17:25:24 - [TEST_STEP][PASSED] - Tablodan Ettn bilgisi kaydedilen veri seçilir: Tablodan Ettn bilgisi kaydedilen veri seçilir

2021-11-19 17:25:24 - [MESSAGE][PASSED] - Tablodan Ettn bilgisi kaydedilen veri seçilir

2021-11-19 17:25:24 - [TEST_STEP][PASSED] - Butonlardan Numara Oluştur isimli butona tıklanır: Butonlardan Numara Oluştur isimli butona tıklanır

2021-11-19 17:25:24 - [MESSAGE][PASSED] - Butonlardan Numara Oluştur isimli butona tıklanır

2021-11-19 17:25:24 - [TEST_STEP][PASSED] - Popup mesajı Devam etmek istiyor musunuz içeriyor mu: Popup mesajı Devam etmek istiyor musunuz içeriyor mu

2021-11-19 17:25:24 - [MESSAGE][PASSED] - Popup mesajı Devam etmek istiyor musunuz içeriyor mu

2021-11-19 17:25:24 - [TEST_STEP][PASSED] - Yönetim popupında Evet seçilir: Yönetim popupında Evet seçilir

2021-11-19 17:25:24 - [MESSAGE][PASSED] - Yönetim popupında Evet seçilir

2021-11-19 17:25:24 - [TEST_STEP][PASSED] - Popup mesajı oluşmuştur içeriyor mu: Popup mesajı oluşmuştur içeriyor mu

2021-11-19 17:25:24 - [MESSAGE][PASSED] - Popup mesajı oluşmuştur içeriyor mu

2021-11-19 17:25:24 - [TEST_STEP][PASSED] - Yönetim popupında Tamam seçilir: Yönetim popupında Tamam seçilir

2021-11-19 17:25:24 - [MESSAGE][PASSED] - Yönetim popupında Tamam seçilir

2021-11-19 17:25:24 - [TEST_STEP][PASSED] - Tablodan Ettn bilgisi kaydedilen veri seçilir: Tablodan Ettn bilgisi kaydedilen veri seçilir

2021-11-19 17:25:24 - [MESSAGE][PASSED] - Tablodan Ettn bilgisi kaydedilen veri seçilir

2021-11-19 17:25:24 - [TEST_STEP][PASSED] - Butonlardan Gönder isimli butona tıklanır: Butonlardan Gönder isimli butona tıklanır

2021-11-19 17:25:24 - [MESSAGE][PASSED] - Butonlardan Gönder isimli butona tıklanır

2021-11-19 17:25:24 - [TEST_STEP][PASSED] - Popup mesajı Devam etmek istiyor musunuz içeriyor mu: Popup mesajı Devam etmek istiyor musunuz içeriyor mu

2021-11-19 17:25:24 - [MESSAGE][PASSED] - Popup mesajı Devam etmek istiyor musunuz içeriyor mu

2021-11-19 17:25:24 - [TEST_STEP][PASSED] - Yönetim popupında Evet seçilir: Yönetim popupında Evet seçilir

2021-11-19 17:25:24 - [MESSAGE][PASSED] - Yönetim popupında Evet seçilir

2021-11-19 17:25:24 - [TEST_STEP][PASSED] - Ana menüden e-Makbuz seçilir: Ana menüden e-Makbuz seçilir

2021-11-19 17:25:24 - [MESSAGE][PASSED] - Ana menüden e-Makbuz seçilir

2021-11-19 17:25:24 - [TEST_STEP][PASSED] - Alt menü e-Serbest Meslek Uygulaması başlığı altındaki e-Serbest Meslek Makbuzları seçilir: Alt menü e-Serbest Meslek Uygulaması başlığı altındaki e-Serbest Meslek Makbuzları seçilir

2021-11-19 17:25:24 - [MESSAGE][PASSED] - Alt menü e-Serbest Meslek Uygulaması başlığı altındaki e-Serbest Meslek Makbuzları seçilir

2021-11-19 17:25:24 - [TEST_STEP][PASSED] - Filtrelerden Ettn filtresine Ettn bilgisi yaz: Filtrelerden Ettn filtresine Ettn bilgisi yaz

2021-11-19 17:25:24 - [MESSAGE][PASSED] - Filtrelerden Ettn filtresine Ettn bilgisi yaz

2021-11-19 17:25:24 - [TEST_STEP][PASSED] - Filtre butonlarından Listele seçilir: Filtre butonlarından Listele seçilir

2021-11-19 17:25:24 - [MESSAGE][PASSED] - Filtre butonlarından Listele seçilir

2021-11-19 17:25:24 - [TEST_STEP][PASSED] - Tabloda veri var mı kontrol edilir: Tabloda veri var mı kontrol edilir

2021-11-19 17:25:24 - [MESSAGE][PASSED] - Tabloda veri var mı kontrol edilir

2021-11-19 17:25:24 - [TEST_STEP][PASSED] - Tabloda yeni oluşturulan smm verisi başarılı mı: Tabloda yeni oluşturulan smm verisi başarılı mı

2021-11-19 17:25:24 - [MESSAGE][PASSED] - Tabloda yeni oluşturulan smm verisi başarılı mı

2021-11-19 17:25:24 - [TEST_STEP][PASSED] - Kullanıcı işlemlerinden Çıkış seçilir: Kullanıcı işlemlerinden Çıkış seçilir

2021-11-19 17:25:24 - [MESSAGE][PASSED] - Kullanıcı işlemlerinden Çıkış seçilir

2021-11-19 17:25:24 - [MESSAGE][PASSED] - Feature file: 'Include/features/Regresyon/e-Serbest Meslek Makbuzu/VKN-e-Serbest Meslek Makbuzu-Kagit.feature' was passed

2021-11-19 17:25:24 - [TEST_STEP][PASSED] - Start listener action : sampleAfterTestSuite: Invoke 'com.kms.katalon.core.annotation.AfterTestCase' method: 'Listener.sampleAfterTestSuite(...)' completed.

2021-11-19 17:25:24 - [MESSAGE][INFO] - Starting invoke 'com.kms.katalon.core.annotation.AfterTestCase' method: 'Listener.sampleAfterTestSuite(...)'

2021-11-19 17:25:24 - [TEST_STEP][PASSED] - closeBrowser(): Invoke 'com.kms.katalon.core.annotation.AfterTestCase' method: 'Listener.sampleAfterTestSuite(...)' completed.

2021-11-19 17:25:24 - [MESSAGE][INFO] - Closing browser

2021-11-19 17:25:25 - [MESSAGE][PASSED] - Browser is closed

2021-11-19 17:25:25 - [MESSAGE][INFO] - Invoke 'com.kms.katalon.core.annotation.AfterTestCase' method: 'Listener.sampleAfterTestSuite(...)' completed.]]></system-out>
         <system-err><![CDATA[]]></system-err>
      </testcase>
      <system-out><![CDATA[2021-11-19 16:46:53 - [TEST_SUITE][PASSED] - Regresyon-eArsiv-eMakbuz: Test Cases/Case Repository/Regresyon/e-Serbest Meslek Makbuzu/VKN-e-Serbest Meslek Makbuzu-Kagit]]></system-out>
      <system-err><![CDATA[]]></system-err>
   </testsuite>
</testsuites>
