<?xml version="1.0" encoding="UTF-8"?>
<testsuites name="Zarflar" time="1081.49" tests="12" failures="1" errors="0">
   <testsuite name="Zarflar" tests="12" failures="1" errors="0" time="1081.49" skipped="0" timestamp="2021-11-19 17:11:49" hostname="DELL - DESKTOP-QBVMTUG" id="">
      <properties>
         <property name="deviceName" value=""/>
         <property name="devicePlatform" value=""/>
         <property name="logFolder" value="C:\\Users\\DELL\\Documents\\GitHub\\EES_KatalonLogo\\Reports\\20211119_164526\\Suite Repository\\Zarflar\\20211119_164611"/>
         <property name="logFiles" value="C:\\Users\\DELL\\Documents\\GitHub\\EES_KatalonLogo\\Reports\\20211119_164526\\Suite Repository\\Zarflar\\20211119_164611\\execution0.log"/>
         <property name="attachments" value=""/>
         <property name="hostName" value="DELL - DESKTOP-QBVMTUG"/>
         <property name="os" value="Windows 10 64bit"/>
         <property name="katalonVersion" value="8.0.5.208"/>
         <property name="browser" value="Chrome 96.0.4664.45"/>
         <property name="hostAddress" value="192.168.1.24"/>
         <property name="sessionId" value="276635db89721ec006b975dc56a86d83"/>
         <property name="seleniumVersion" value="3.141.59"/>
         <property name="proxyInformation" value="ProxyInformation { proxyOption=NO_PROXY, proxyServerType=HTTP, username=, password=********, proxyServerAddress=, proxyServerPort=0, executionList=&quot;&quot;, isApplyToDesiredCapabilities=true }"/>
         <property name="platform" value="Windows 10"/>
      </properties>
      <testcase name="Test Cases/Case Repository/Zarflar/Gelen Zarflar/Ekran Kontrolu" time="79.354" classname="Test Cases/Case Repository/Zarflar/Gelen Zarflar/Ekran Kontrolu" status="PASSED">
         <system-out><![CDATA[2021-11-19 17:11:49 - [TEST_CASE][PASSED] - Test Cases/Case Repository/Zarflar/Gelen Zarflar/Ekran Kontrolu: Test Cases/Case Repository/Zarflar/Gelen Zarflar/Ekran Kontrolu

2021-11-19 17:11:49 - [TEST_STEP][PASSED] - Start listener action : sampleBeforeTestSuite: Invoke 'com.kms.katalon.core.annotation.BeforeTestCase' method: 'Listener.sampleBeforeTestSuite(...)' completed.

2021-11-19 17:11:49 - [MESSAGE][INFO] - Starting invoke 'com.kms.katalon.core.annotation.BeforeTestCase' method: 'Listener.sampleBeforeTestSuite(...)'

2021-11-19 17:11:49 - [TEST_STEP][PASSED] - openBrowser(baseUrl): Browser is opened with url: 'https://efatura-stage.elogo.com.tr/'

2021-11-19 17:11:51 - [MESSAGE][INFO] - Opening browser

2021-11-19 17:11:51 - [MESSAGE][INFO] - Starting 'Chrome' driver

2021-11-19 17:11:51 - [MESSAGE][INFO] - User set preference: ['prefs', '{download.default_directory=C:\otomasyondownfiles}']

2021-11-19 17:11:51 - [MESSAGE][INFO] - Action delay is set to 0 milliseconds

2021-11-19 17:11:55 - [MESSAGE][INFO] - Navigating browser to: 'https://efatura-stage.elogo.com.tr/'

2021-11-19 17:11:59 - [MESSAGE][PASSED] - Browser is opened with url: 'https://efatura-stage.elogo.com.tr/'

2021-11-19 17:11:59 - [TEST_STEP][PASSED] - maximizeWindow(): Invoke 'com.kms.katalon.core.annotation.BeforeTestCase' method: 'Listener.sampleBeforeTestSuite(...)' completed.

2021-11-19 17:11:59 - [MESSAGE][INFO] - Maximizing current window

2021-11-19 17:11:59 - [MESSAGE][PASSED] - Current window maximized

2021-11-19 17:11:59 - [MESSAGE][INFO] - Invoke 'com.kms.katalon.core.annotation.BeforeTestCase' method: 'Listener.sampleBeforeTestSuite(...)' completed.

2021-11-19 17:12:00 - [TEST_STEP][PASSED] - runFeatureFile("Include/features/Zarflar/Gelen Zarflar/Ekran Kontrolu.feature"): Feature file: 'Include/features/Zarflar/Gelen Zarflar/Ekran Kontrolu.feature' was passed

2021-11-19 17:12:00 - [MESSAGE][INFO] - Starting run keyword runFeatureFile: 'Include/features/Zarflar/Gelen Zarflar/Ekran Kontrolu.feature' and extract report to folder: 'C:\Users\DELL\Documents\GitHub\EES_KatalonLogo\Reports\20211119_164526\Suite Repository\Zarflar\20211119_164611/cucumber_report/1637331120431'...

2021-11-19 17:12:00 - [MESSAGE][INFO] - Glue: []

2021-11-19 17:12:05 - [MESSAGE][INFO] - Checking called Test Case

2021-11-19 17:12:05 - [MESSAGE][INFO] - Starting to call Test Case 'Test Cases/Sayfalar/Giris_Sayfasi/Login'

2021-11-19 17:12:05 - [TEST_CASE][PASSED] - Test Cases/Sayfalar/Giris_Sayfasi/Login: Test Cases/Sayfalar/Giris_Sayfasi/Login

2021-11-19 17:12:06 - [TEST_STEP][PASSED] - Sayfa_Basligi = getWindowTitle(): Current window's title is: 'LOGO e-Fatura'

2021-11-19 17:12:06 - [MESSAGE][INFO] - Getting current window's title

2021-11-19 17:12:06 - [MESSAGE][PASSED] - Current window's title is: 'LOGO e-Fatura'

2021-11-19 17:12:06 - [TEST_STEP][PASSED] - verifyMatch(Sayfa_Basligi, "LOGO e-Fatura", false): Actual text 'LOGO e-Fatura' and expected text 'LOGO e-Fatura' are matched 

2021-11-19 17:12:06 - [MESSAGE][INFO] - Matching actual text 'LOGO e-Fatura' with expected text 'LOGO e-Fatura'

2021-11-19 17:12:06 - [MESSAGE][PASSED] - Actual text 'LOGO e-Fatura' and expected text 'LOGO e-Fatura' are matched 

2021-11-19 17:12:06 - [TEST_STEP][PASSED] - sendKeys(findTestObject("Sayfalar/Giris_Sayfasi/Firma_Kodu"), KullaniciAdi): Keys 'ELOGO6' sent to object: 'Object Repository/Sayfalar/Giris_Sayfasi/Firma_Kodu'

2021-11-19 17:12:06 - [MESSAGE][INFO] - Finding Test Object 'Object Repository/Sayfalar/Giris_Sayfasi/Firma_Kodu'

2021-11-19 17:12:06 - [MESSAGE][INFO] - Sending keys 'ELOGO6' to object: 'Object Repository/Sayfalar/Giris_Sayfasi/Firma_Kodu'

2021-11-19 17:12:06 - [MESSAGE][INFO] - Finding web element from Test Object's properties

2021-11-19 17:12:06 - [MESSAGE][INFO] - Checking timeout

2021-11-19 17:12:06 - [MESSAGE][INFO] - Finding web element with id: 'Object Repository/Sayfalar/Giris_Sayfasi/Firma_Kodu' located by 'By.xpath: //*[@id = 'AccountName']' in '30' second(s)

2021-11-19 17:12:06 - [MESSAGE][INFO] - Smart Wait Function is triggered

2021-11-19 17:12:07 - [MESSAGE][INFO] - Found 1 web elements with id: 'Object Repository/Sayfalar/Giris_Sayfasi/Firma_Kodu' located by 'By.xpath: //*[@id = 'AccountName']' in '30' second(s)

2021-11-19 17:12:07 - [MESSAGE][PASSED] - Keys 'ELOGO6' sent to object: 'Object Repository/Sayfalar/Giris_Sayfasi/Firma_Kodu'

2021-11-19 17:12:07 - [TEST_STEP][PASSED] - sendKeys(findTestObject("Sayfalar/Giris_Sayfasi/Sifre"), Sifre): Keys '123456' sent to object: 'Object Repository/Sayfalar/Giris_Sayfasi/Sifre'

2021-11-19 17:12:07 - [MESSAGE][INFO] - Finding Test Object 'Object Repository/Sayfalar/Giris_Sayfasi/Sifre'

2021-11-19 17:12:07 - [MESSAGE][INFO] - Sending keys '123456' to object: 'Object Repository/Sayfalar/Giris_Sayfasi/Sifre'

2021-11-19 17:12:07 - [MESSAGE][INFO] - Finding web element from Test Object's properties

2021-11-19 17:12:07 - [MESSAGE][INFO] - Checking timeout

2021-11-19 17:12:07 - [MESSAGE][INFO] - Finding web element with id: 'Object Repository/Sayfalar/Giris_Sayfasi/Sifre' located by 'By.xpath: //*[@id = 'Password']' in '30' second(s)

2021-11-19 17:12:07 - [MESSAGE][INFO] - Smart Wait Function is triggered

2021-11-19 17:12:07 - [MESSAGE][INFO] - Found 1 web elements with id: 'Object Repository/Sayfalar/Giris_Sayfasi/Sifre' located by 'By.xpath: //*[@id = 'Password']' in '30' second(s)

2021-11-19 17:12:07 - [MESSAGE][PASSED] - Keys '123456' sent to object: 'Object Repository/Sayfalar/Giris_Sayfasi/Sifre'

2021-11-19 17:12:07 - [TEST_STEP][PASSED] - findWebElement(findTestObject("Sayfalar/Giris_Sayfasi/Giris_Butonu")).click(): Found 1 web elements with id: 'Object Repository/Sayfalar/Giris_Sayfasi/Giris_Butonu' located by 'By.cssSelector: #btnLogin' in '30' second(s)

2021-11-19 17:12:07 - [MESSAGE][INFO] - Finding Test Object 'Object Repository/Sayfalar/Giris_Sayfasi/Giris_Butonu'

2021-11-19 17:12:07 - [MESSAGE][INFO] - Finding web element from Test Object's properties

2021-11-19 17:12:07 - [MESSAGE][INFO] - Checking timeout

2021-11-19 17:12:07 - [MESSAGE][INFO] - Finding web element with id: 'Object Repository/Sayfalar/Giris_Sayfasi/Giris_Butonu' located by 'By.cssSelector: #btnLogin' in '30' second(s)

2021-11-19 17:12:07 - [MESSAGE][INFO] - Smart Wait Function is triggered

2021-11-19 17:12:08 - [MESSAGE][INFO] - Found 1 web elements with id: 'Object Repository/Sayfalar/Giris_Sayfasi/Giris_Butonu' located by 'By.cssSelector: #btnLogin' in '30' second(s)

2021-11-19 17:12:10 - [TEST_STEP][PASSED] - if (verifyElementPresent(findTestObject("Object Repository/Sayfalar/Giris_Sayfasi/RetveTamam_Butonu"), 5, OPTIONAL)): null

2021-11-19 17:12:10 - [MESSAGE][INFO] - Finding Test Object 'Object Repository/Sayfalar/Giris_Sayfasi/RetveTamam_Butonu'

2021-11-19 17:12:10 - [MESSAGE][INFO] - Checking object

2021-11-19 17:12:10 - [MESSAGE][INFO] - Finding web element from Test Object's properties

2021-11-19 17:12:10 - [MESSAGE][INFO] - Checking timeout

2021-11-19 17:12:10 - [MESSAGE][INFO] - Finding web element with id: 'Object Repository/Sayfalar/Giris_Sayfasi/RetveTamam_Butonu' located by 'By.xpath: //*[@class = 'btn btn-default']' in '5' second(s)

2021-11-19 17:12:10 - [MESSAGE][INFO] - Smart Wait Function is triggered

2021-11-19 17:12:10 - [MESSAGE][INFO] - Found 1 web elements with id: 'Object Repository/Sayfalar/Giris_Sayfasi/RetveTamam_Butonu' located by 'By.xpath: //*[@class = 'btn btn-default']' in '5' second(s)

2021-11-19 17:12:11 - [MESSAGE][PASSED] - Object 'Object Repository/Sayfalar/Giris_Sayfasi/RetveTamam_Butonu' is present

2021-11-19 17:12:11 - [TEST_STEP][PASSED] - click(findTestObject("Object Repository/Sayfalar/Giris_Sayfasi/RetveTamam_Butonu")): Object: 'Object Repository/Sayfalar/Giris_Sayfasi/RetveTamam_Butonu' is clicked on

2021-11-19 17:12:11 - [MESSAGE][INFO] - Finding Test Object 'Object Repository/Sayfalar/Giris_Sayfasi/RetveTamam_Butonu'

2021-11-19 17:12:11 - [MESSAGE][INFO] - Checking object

2021-11-19 17:12:11 - [MESSAGE][INFO] - Finding web element from Test Object's properties

2021-11-19 17:12:11 - [MESSAGE][INFO] - Checking timeout

2021-11-19 17:12:11 - [MESSAGE][INFO] - Finding web element with id: 'Object Repository/Sayfalar/Giris_Sayfasi/RetveTamam_Butonu' located by 'By.xpath: //*[@class = 'btn btn-default']' in '30' second(s)

2021-11-19 17:12:11 - [MESSAGE][INFO] - Smart Wait Function is triggered

2021-11-19 17:12:11 - [MESSAGE][INFO] - Found 1 web elements with id: 'Object Repository/Sayfalar/Giris_Sayfasi/RetveTamam_Butonu' located by 'By.xpath: //*[@class = 'btn btn-default']' in '30' second(s)

2021-11-19 17:12:11 - [MESSAGE][INFO] - Clicking on object: 'Object Repository/Sayfalar/Giris_Sayfasi/RetveTamam_Butonu'

2021-11-19 17:12:11 - [MESSAGE][PASSED] - Object: 'Object Repository/Sayfalar/Giris_Sayfasi/RetveTamam_Butonu' is clicked on

2021-11-19 17:12:11 - [TEST_STEP][PASSED] - click(findTestObject("Object Repository/Sayfalar/Giris_Sayfasi/RetveTamam_Butonu")): Object: 'Object Repository/Sayfalar/Giris_Sayfasi/RetveTamam_Butonu' is clicked on

2021-11-19 17:12:11 - [MESSAGE][INFO] - Finding Test Object 'Object Repository/Sayfalar/Giris_Sayfasi/RetveTamam_Butonu'

2021-11-19 17:12:11 - [MESSAGE][INFO] - Checking object

2021-11-19 17:12:11 - [MESSAGE][INFO] - Finding web element from Test Object's properties

2021-11-19 17:12:11 - [MESSAGE][INFO] - Checking timeout

2021-11-19 17:12:11 - [MESSAGE][INFO] - Finding web element with id: 'Object Repository/Sayfalar/Giris_Sayfasi/RetveTamam_Butonu' located by 'By.xpath: //*[@class = 'btn btn-default']' in '30' second(s)

2021-11-19 17:12:11 - [MESSAGE][INFO] - Smart Wait Function is triggered

2021-11-19 17:12:15 - [MESSAGE][INFO] - Found 1 web elements with id: 'Object Repository/Sayfalar/Giris_Sayfasi/RetveTamam_Butonu' located by 'By.xpath: //*[@class = 'btn btn-default']' in '30' second(s)

2021-11-19 17:12:15 - [MESSAGE][INFO] - Clicking on object: 'Object Repository/Sayfalar/Giris_Sayfasi/RetveTamam_Butonu'

2021-11-19 17:12:15 - [MESSAGE][PASSED] - Object: 'Object Repository/Sayfalar/Giris_Sayfasi/RetveTamam_Butonu' is clicked on

2021-11-19 17:12:15 - [TEST_STEP][PASSED] - if (verifyElementPresent(findTestObject("Sayfalar/Giris_Sayfasi/PopupOK"), 5, OPTIONAL)): null

2021-11-19 17:12:15 - [MESSAGE][INFO] - Finding Test Object 'Object Repository/Sayfalar/Giris_Sayfasi/PopupOK'

2021-11-19 17:12:15 - [MESSAGE][INFO] - Checking object

2021-11-19 17:12:15 - [MESSAGE][INFO] - Finding web element from Test Object's properties

2021-11-19 17:12:15 - [MESSAGE][INFO] - Checking timeout

2021-11-19 17:12:15 - [MESSAGE][INFO] - Finding web element with id: 'Object Repository/Sayfalar/Giris_Sayfasi/PopupOK' located by 'By.cssSelector: .btn.btn-success' in '5' second(s)

2021-11-19 17:12:15 - [MESSAGE][INFO] - Smart Wait Function is triggered

2021-11-19 17:12:16 - [MESSAGE][INFO] - Found 1 web elements with id: 'Object Repository/Sayfalar/Giris_Sayfasi/PopupOK' located by 'By.cssSelector: .btn.btn-success' in '5' second(s)

2021-11-19 17:12:16 - [MESSAGE][PASSED] - Object 'Object Repository/Sayfalar/Giris_Sayfasi/PopupOK' is present

2021-11-19 17:12:16 - [TEST_STEP][PASSED] - click(findTestObject("Object Repository/Sayfalar/Giris_Sayfasi/PopupCarpiGiris")): Object: 'Object Repository/Sayfalar/Giris_Sayfasi/PopupCarpiGiris' is clicked on

2021-11-19 17:12:16 - [MESSAGE][INFO] - Finding Test Object 'Object Repository/Sayfalar/Giris_Sayfasi/PopupCarpiGiris'

2021-11-19 17:12:16 - [MESSAGE][INFO] - Checking object

2021-11-19 17:12:16 - [MESSAGE][INFO] - Finding web element from Test Object's properties

2021-11-19 17:12:16 - [MESSAGE][INFO] - Checking timeout

2021-11-19 17:12:16 - [MESSAGE][INFO] - Finding web element with id: 'Object Repository/Sayfalar/Giris_Sayfasi/PopupCarpiGiris' located by 'By.cssSelector: .bootbox-close-button.close' in '30' second(s)

2021-11-19 17:12:16 - [MESSAGE][INFO] - Smart Wait Function is triggered

2021-11-19 17:12:16 - [MESSAGE][INFO] - Found 1 web elements with id: 'Object Repository/Sayfalar/Giris_Sayfasi/PopupCarpiGiris' located by 'By.cssSelector: .bootbox-close-button.close' in '30' second(s)

2021-11-19 17:12:16 - [MESSAGE][INFO] - Clicking on object: 'Object Repository/Sayfalar/Giris_Sayfasi/PopupCarpiGiris'

2021-11-19 17:12:17 - [MESSAGE][PASSED] - Object: 'Object Repository/Sayfalar/Giris_Sayfasi/PopupCarpiGiris' is clicked on

2021-11-19 17:12:17 - [TEST_STEP][PASSED] - verifyElementVisible(findTestObject("Object Repository/Kullanici_Islemleri/KullaniciIslemleri")): Object 'Object Repository/Kullanici_Islemleri/KullaniciIslemleri' is visible

2021-11-19 17:12:17 - [MESSAGE][INFO] - Finding Test Object 'Object Repository/Kullanici_Islemleri/KullaniciIslemleri'

2021-11-19 17:12:17 - [MESSAGE][INFO] - Checking object

2021-11-19 17:12:17 - [MESSAGE][INFO] - Finding web element from Test Object's properties

2021-11-19 17:12:17 - [MESSAGE][INFO] - Checking timeout

2021-11-19 17:12:17 - [MESSAGE][INFO] - Finding web element with id: 'Object Repository/Kullanici_Islemleri/KullaniciIslemleri' located by 'By.cssSelector: .dropdown>a>img' in '30' second(s)

2021-11-19 17:12:17 - [MESSAGE][INFO] - Smart Wait Function is triggered

2021-11-19 17:12:17 - [MESSAGE][INFO] - Found 1 web elements with id: 'Object Repository/Kullanici_Islemleri/KullaniciIslemleri' located by 'By.cssSelector: .dropdown>a>img' in '30' second(s)

2021-11-19 17:12:17 - [MESSAGE][PASSED] - Object 'Object Repository/Kullanici_Islemleri/KullaniciIslemleri' is visible

2021-11-19 17:12:17 - [MESSAGE][PASSED] - Call Test Case 'Test Cases/Sayfalar/Giris_Sayfasi/Login' successfully

2021-11-19 17:12:17 - [MESSAGE][INFO] - Checking called Test Case

2021-11-19 17:12:17 - [MESSAGE][INFO] - Starting to call Test Case 'Test Cases/Menu/AnaMenuSecimi'

2021-11-19 17:12:17 - [TEST_CASE][PASSED] - Test Cases/Menu/AnaMenuSecimi: Test Cases/Menu/AnaMenuSecimi

2021-11-19 17:12:18 - [TEST_STEP][PASSED] - Method.TextDegerineEsitElementeTikla(findTestObject("Menu/Ana_Menu"), Ana_Menu): Method.TextDegerineEsitElementeTikla is PASSED

2021-11-19 17:12:18 - [MESSAGE][INFO] - Finding Test Object 'Object Repository/Menu/Ana_Menu'

2021-11-19 17:12:18 - [MESSAGE][INFO] - Checking timeout

2021-11-19 17:12:18 - [MESSAGE][INFO] - Finding web element with id: 'Object Repository/Menu/Ana_Menu' located by 'By.xpath: //*[@class = 'dropdown-toggle']' in '10' second(s)

2021-11-19 17:12:18 - [MESSAGE][INFO] - Smart Wait Function is triggered

2021-11-19 17:12:18 - [MESSAGE][INFO] - Found 14 web elements with id: 'Object Repository/Menu/Ana_Menu' located by 'By.xpath: //*[@class = 'dropdown-toggle']' in '10' second(s)

2021-11-19 17:12:19 - [MESSAGE][PASSED] - Method.TextDegerineEsitElementeTikla is PASSED

2021-11-19 17:12:19 - [MESSAGE][PASSED] - Call Test Case 'Test Cases/Menu/AnaMenuSecimi' successfully

2021-11-19 17:12:19 - [MESSAGE][INFO] - Checking called Test Case

2021-11-19 17:12:19 - [MESSAGE][INFO] - Starting to call Test Case 'Test Cases/Menu/AltMenuSecimi'

2021-11-19 17:12:19 - [TEST_CASE][PASSED] - Test Cases/Menu/AltMenuSecimi: Test Cases/Menu/AltMenuSecimi

2021-11-19 17:12:19 - [TEST_STEP][PASSED] - Method.TextDegerineEsitElementeTikla(findTestObject("Menu/Alt_Menu"), Alt_Menu): Method.TextDegerineEsitElementeTikla is PASSED

2021-11-19 17:12:19 - [MESSAGE][INFO] - Finding Test Object 'Object Repository/Menu/Alt_Menu'

2021-11-19 17:12:19 - [MESSAGE][INFO] - Checking timeout

2021-11-19 17:12:19 - [MESSAGE][INFO] - Finding web element with id: 'Object Repository/Menu/Alt_Menu' located by 'By.xpath: //li[@class='dropdown dropdown-large open']//li[@class='dropdown-element']' in '10' second(s)

2021-11-19 17:12:19 - [MESSAGE][INFO] - Smart Wait Function is triggered

2021-11-19 17:12:20 - [MESSAGE][INFO] - Found 2 web elements with id: 'Object Repository/Menu/Alt_Menu' located by 'By.xpath: //li[@class='dropdown dropdown-large open']//li[@class='dropdown-element']' in '10' second(s)

2021-11-19 17:12:23 - [MESSAGE][PASSED] - Method.TextDegerineEsitElementeTikla is PASSED

2021-11-19 17:12:23 - [MESSAGE][PASSED] - Call Test Case 'Test Cases/Menu/AltMenuSecimi' successfully

2021-11-19 17:12:23 - [MESSAGE][INFO] - Checking called Test Case

2021-11-19 17:12:23 - [MESSAGE][INFO] - Starting to call Test Case 'Test Cases/Filtreler/BaslangicYaz'

2021-11-19 17:12:23 - [TEST_CASE][PASSED] - Test Cases/Filtreler/BaslangicYaz: Test Cases/Filtreler/BaslangicYaz

2021-11-19 17:12:24 - [TEST_STEP][PASSED] - delay(3): Delayed 3 second(s)

2021-11-19 17:12:24 - [MESSAGE][INFO] - Delaying browser in 3 second(s)

2021-11-19 17:12:27 - [MESSAGE][PASSED] - Delayed 3 second(s)

2021-11-19 17:12:27 - [TEST_STEP][PASSED] - Method.TextDegerineEsitElementinAltindakineTikla(findTestObject("Filtreler/Basliklar"), findTestObject("Filtreler/Basliga_Gore_Baslangic_Image"), Filtre_Adi): Method.TextDegerineEsitElementinAltindakineTikla is PASSED

2021-11-19 17:12:27 - [MESSAGE][INFO] - Finding Test Object 'Object Repository/Filtreler/Basliklar'

2021-11-19 17:12:27 - [MESSAGE][INFO] - Finding Test Object 'Object Repository/Filtreler/Basliga_Gore_Baslangic_Image'

2021-11-19 17:12:27 - [MESSAGE][INFO] - Checking timeout

2021-11-19 17:12:27 - [MESSAGE][INFO] - Finding web element with id: 'Object Repository/Filtreler/Basliklar' located by 'By.cssSelector: .control-label.col-sm-4.paddingMarginRLC' in '10' second(s)

2021-11-19 17:12:27 - [MESSAGE][INFO] - Smart Wait Function is triggered

2021-11-19 17:12:27 - [MESSAGE][INFO] - Found 8 web elements with id: 'Object Repository/Filtreler/Basliklar' located by 'By.cssSelector: .control-label.col-sm-4.paddingMarginRLC' in '10' second(s)

2021-11-19 17:12:27 - [MESSAGE][INFO] - Smart Wait Function is triggered

2021-11-19 17:12:28 - [MESSAGE][PASSED] - Method.TextDegerineEsitElementinAltindakineTikla is PASSED

2021-11-19 17:12:28 - [TEST_STEP][PASSED] - Method.TextDegerineEsitElementinAltindakiTextboxtaYaz(findTestObject("Filtreler/Basliklar"), findTestObject("Filtreler/Basliga_Gore_Baslangic"), Filtre_Adi, Filtre_Degeri): Method.TextDegerineEsitElementinAltindakiTextboxtaYaz is PASSED

2021-11-19 17:12:28 - [MESSAGE][INFO] - Finding Test Object 'Object Repository/Filtreler/Basliklar'

2021-11-19 17:12:28 - [MESSAGE][INFO] - Finding Test Object 'Object Repository/Filtreler/Basliga_Gore_Baslangic'

2021-11-19 17:12:28 - [MESSAGE][INFO] - Checking timeout

2021-11-19 17:12:28 - [MESSAGE][INFO] - Finding web element with id: 'Object Repository/Filtreler/Basliklar' located by 'By.cssSelector: .control-label.col-sm-4.paddingMarginRLC' in '10' second(s)

2021-11-19 17:12:28 - [MESSAGE][INFO] - Smart Wait Function is triggered

2021-11-19 17:12:28 - [MESSAGE][INFO] - Found 8 web elements with id: 'Object Repository/Filtreler/Basliklar' located by 'By.cssSelector: .control-label.col-sm-4.paddingMarginRLC' in '10' second(s)

2021-11-19 17:12:28 - [MESSAGE][INFO] - Smart Wait Function is triggered

2021-11-19 17:12:29 - [MESSAGE][PASSED] - Method.TextDegerineEsitElementinAltindakiTextboxtaYaz is PASSED

2021-11-19 17:12:29 - [MESSAGE][PASSED] - Call Test Case 'Test Cases/Filtreler/BaslangicYaz' successfully

2021-11-19 17:12:29 - [MESSAGE][INFO] - Checking called Test Case

2021-11-19 17:12:29 - [MESSAGE][INFO] - Starting to call Test Case 'Test Cases/Filtreler/BitisYaz'

2021-11-19 17:12:29 - [TEST_CASE][PASSED] - Test Cases/Filtreler/BitisYaz: Test Cases/Filtreler/BitisYaz

2021-11-19 17:12:29 - [TEST_STEP][PASSED] - Method.TextDegerineEsitElementinAltindakineTikla(findTestObject("Filtreler/Basliklar"), findTestObject("Filtreler/Basliga_Gore_Bitis_Image"), Filtre_Adi): Method.TextDegerineEsitElementinAltindakineTikla is PASSED

2021-11-19 17:12:29 - [MESSAGE][INFO] - Finding Test Object 'Object Repository/Filtreler/Basliklar'

2021-11-19 17:12:30 - [MESSAGE][INFO] - Finding Test Object 'Object Repository/Filtreler/Basliga_Gore_Bitis_Image'

2021-11-19 17:12:30 - [MESSAGE][INFO] - Checking timeout

2021-11-19 17:12:30 - [MESSAGE][INFO] - Finding web element with id: 'Object Repository/Filtreler/Basliklar' located by 'By.cssSelector: .control-label.col-sm-4.paddingMarginRLC' in '10' second(s)

2021-11-19 17:12:30 - [MESSAGE][INFO] - Smart Wait Function is triggered

2021-11-19 17:12:30 - [MESSAGE][INFO] - Found 8 web elements with id: 'Object Repository/Filtreler/Basliklar' located by 'By.cssSelector: .control-label.col-sm-4.paddingMarginRLC' in '10' second(s)

2021-11-19 17:12:30 - [MESSAGE][INFO] - Smart Wait Function is triggered

2021-11-19 17:12:30 - [MESSAGE][PASSED] - Method.TextDegerineEsitElementinAltindakineTikla is PASSED

2021-11-19 17:12:30 - [TEST_STEP][PASSED] - Method.TextDegerineEsitElementinAltindakiTextboxtaYaz(findTestObject("Filtreler/Basliklar"), findTestObject("Object Repository/Filtreler/Basliga_Gore_Bitis"), Filtre_Adi, Filtre_Degeri): Method.TextDegerineEsitElementinAltindakiTextboxtaYaz is PASSED

2021-11-19 17:12:30 - [MESSAGE][INFO] - Finding Test Object 'Object Repository/Filtreler/Basliklar'

2021-11-19 17:12:30 - [MESSAGE][INFO] - Finding Test Object 'Object Repository/Filtreler/Basliga_Gore_Bitis'

2021-11-19 17:12:30 - [MESSAGE][INFO] - Checking timeout

2021-11-19 17:12:30 - [MESSAGE][INFO] - Finding web element with id: 'Object Repository/Filtreler/Basliklar' located by 'By.cssSelector: .control-label.col-sm-4.paddingMarginRLC' in '10' second(s)

2021-11-19 17:12:30 - [MESSAGE][INFO] - Smart Wait Function is triggered

2021-11-19 17:12:31 - [MESSAGE][INFO] - Found 8 web elements with id: 'Object Repository/Filtreler/Basliklar' located by 'By.cssSelector: .control-label.col-sm-4.paddingMarginRLC' in '10' second(s)

2021-11-19 17:12:31 - [MESSAGE][INFO] - Smart Wait Function is triggered

2021-11-19 17:12:31 - [MESSAGE][PASSED] - Method.TextDegerineEsitElementinAltindakiTextboxtaYaz is PASSED

2021-11-19 17:12:31 - [MESSAGE][PASSED] - Call Test Case 'Test Cases/Filtreler/BitisYaz' successfully

2021-11-19 17:12:31 - [MESSAGE][INFO] - Checking called Test Case

2021-11-19 17:12:31 - [MESSAGE][INFO] - Starting to call Test Case 'Test Cases/Filtreler/ButonaTikla'

2021-11-19 17:12:31 - [TEST_CASE][PASSED] - Test Cases/Filtreler/ButonaTikla: Test Cases/Filtreler/ButonaTikla

2021-11-19 17:12:32 - [TEST_STEP][PASSED] - Method.TextDegerineEsitElementeTikla(findTestObject("Filtreler/Butonlar"), Filtre_Buton): Method.TextDegerineEsitElementeTikla is PASSED

2021-11-19 17:12:32 - [MESSAGE][INFO] - Finding Test Object 'Object Repository/Filtreler/Butonlar'

2021-11-19 17:12:32 - [MESSAGE][INFO] - Checking timeout

2021-11-19 17:12:32 - [MESSAGE][INFO] - Finding web element with id: 'Object Repository/Filtreler/Butonlar' located by 'By.cssSelector: .dxb>span' in '10' second(s)

2021-11-19 17:12:32 - [MESSAGE][INFO] - Smart Wait Function is triggered

2021-11-19 17:12:32 - [MESSAGE][INFO] - Found 3 web elements with id: 'Object Repository/Filtreler/Butonlar' located by 'By.cssSelector: .dxb>span' in '10' second(s)

2021-11-19 17:12:32 - [MESSAGE][PASSED] - Method.TextDegerineEsitElementeTikla is PASSED

2021-11-19 17:12:32 - [MESSAGE][PASSED] - Call Test Case 'Test Cases/Filtreler/ButonaTikla' successfully

2021-11-19 17:12:32 - [MESSAGE][INFO] - Checking called Test Case

2021-11-19 17:12:32 - [MESSAGE][INFO] - Starting to call Test Case 'Test Cases/Tablo/TablodakiVeriDetayi'

2021-11-19 17:12:32 - [TEST_CASE][PASSED] - Test Cases/Tablo/TablodakiVeriDetayi: Test Cases/Tablo/TablodakiVeriDetayi

2021-11-19 17:12:33 - [TEST_STEP][PASSED] - Method.TextDegerineEsitElementinAltindakineTikla(findTestObject("Tablo/Veriler"), findTestObject("Object Repository/Tablo/VerininArtiButonu"), Veri_Adi): Method.TextDegerineEsitElementinAltindakineTikla is PASSED

2021-11-19 17:12:33 - [MESSAGE][INFO] - Finding Test Object 'Object Repository/Tablo/Veriler'

2021-11-19 17:12:33 - [MESSAGE][INFO] - Finding Test Object 'Object Repository/Tablo/VerininArtiButonu'

2021-11-19 17:12:33 - [MESSAGE][INFO] - Checking timeout

2021-11-19 17:12:33 - [MESSAGE][INFO] - Finding web element with id: 'Object Repository/Tablo/Veriler' located by 'By.cssSelector: td.dxgv b ,td.dxgv' in '10' second(s)

2021-11-19 17:12:33 - [MESSAGE][INFO] - Smart Wait Function is triggered

2021-11-19 17:12:34 - [MESSAGE][INFO] - Found 110 web elements with id: 'Object Repository/Tablo/Veriler' located by 'By.cssSelector: td.dxgv b ,td.dxgv' in '10' second(s)

2021-11-19 17:12:34 - [MESSAGE][INFO] - Smart Wait Function is triggered

2021-11-19 17:12:34 - [MESSAGE][PASSED] - Method.TextDegerineEsitElementinAltindakineTikla is PASSED

2021-11-19 17:12:34 - [MESSAGE][PASSED] - Call Test Case 'Test Cases/Tablo/TablodakiVeriDetayi' successfully

2021-11-19 17:12:34 - [MESSAGE][INFO] - Checking called Test Case

2021-11-19 17:12:34 - [MESSAGE][INFO] - Starting to call Test Case 'Test Cases/Tablo/TablodakiVeriDetayi'

2021-11-19 17:12:34 - [TEST_CASE][PASSED] - Test Cases/Tablo/TablodakiVeriDetayi: Test Cases/Tablo/TablodakiVeriDetayi

2021-11-19 17:12:34 - [TEST_STEP][PASSED] - Method.TextDegerineEsitElementinAltindakineTikla(findTestObject("Tablo/Veriler"), findTestObject("Object Repository/Tablo/VerininArtiButonu"), Veri_Adi): Method.TextDegerineEsitElementinAltindakineTikla is PASSED

2021-11-19 17:12:34 - [MESSAGE][INFO] - Finding Test Object 'Object Repository/Tablo/Veriler'

2021-11-19 17:12:34 - [MESSAGE][INFO] - Finding Test Object 'Object Repository/Tablo/VerininArtiButonu'

2021-11-19 17:12:34 - [MESSAGE][INFO] - Checking timeout

2021-11-19 17:12:34 - [MESSAGE][INFO] - Finding web element with id: 'Object Repository/Tablo/Veriler' located by 'By.cssSelector: td.dxgv b ,td.dxgv' in '10' second(s)

2021-11-19 17:12:34 - [MESSAGE][INFO] - Smart Wait Function is triggered

2021-11-19 17:12:35 - [MESSAGE][INFO] - Found 133 web elements with id: 'Object Repository/Tablo/Veriler' located by 'By.cssSelector: td.dxgv b ,td.dxgv' in '10' second(s)

2021-11-19 17:12:35 - [MESSAGE][INFO] - Smart Wait Function is triggered

2021-11-19 17:12:35 - [MESSAGE][PASSED] - Method.TextDegerineEsitElementinAltindakineTikla is PASSED

2021-11-19 17:12:35 - [MESSAGE][PASSED] - Call Test Case 'Test Cases/Tablo/TablodakiVeriDetayi' successfully

2021-11-19 17:12:35 - [MESSAGE][INFO] - Checking called Test Case

2021-11-19 17:12:35 - [MESSAGE][INFO] - Starting to call Test Case 'Test Cases/Butonlar/NumaraliSayfayaGec'

2021-11-19 17:12:35 - [TEST_CASE][PASSED] - Test Cases/Butonlar/NumaraliSayfayaGec: Test Cases/Butonlar/NumaraliSayfayaGec

2021-11-19 17:12:36 - [TEST_STEP][PASSED] - waitForElementClickable(findTestObject("Butonlar/SayfaNumarasi"), 10): Object 'Object Repository/Butonlar/SayfaNumarasi' is clickable

2021-11-19 17:12:36 - [MESSAGE][INFO] - Finding Test Object 'Object Repository/Butonlar/SayfaNumarasi'

2021-11-19 17:12:36 - [MESSAGE][INFO] - Checking object

2021-11-19 17:12:36 - [MESSAGE][INFO] - Checking timeout

2021-11-19 17:12:36 - [MESSAGE][INFO] - Finding web element from Test Object's properties

2021-11-19 17:12:36 - [MESSAGE][INFO] - Checking timeout

2021-11-19 17:12:36 - [MESSAGE][INFO] - Finding web element with id: 'Object Repository/Butonlar/SayfaNumarasi' located by 'By.cssSelector: .dxp-num' in '10' second(s)

2021-11-19 17:12:36 - [MESSAGE][INFO] - Smart Wait Function is triggered

2021-11-19 17:12:36 - [MESSAGE][INFO] - Found 2 web elements with id: 'Object Repository/Butonlar/SayfaNumarasi' located by 'By.cssSelector: .dxp-num' in '10' second(s)

2021-11-19 17:12:36 - [MESSAGE][PASSED] - Object 'Object Repository/Butonlar/SayfaNumarasi' is clickable

2021-11-19 17:12:36 - [TEST_STEP][PASSED] - Method.TextDegerineEsitElementeTiklaEquals(findTestObject("Butonlar/SayfaNumarasi"), SayfaNumarasi): Method.TextDegerineEsitElementeTiklaEquals is PASSED

2021-11-19 17:12:36 - [MESSAGE][INFO] - Finding Test Object 'Object Repository/Butonlar/SayfaNumarasi'

2021-11-19 17:12:36 - [MESSAGE][INFO] - Checking timeout

2021-11-19 17:12:36 - [MESSAGE][INFO] - Finding web element with id: 'Object Repository/Butonlar/SayfaNumarasi' located by 'By.cssSelector: .dxp-num' in '10' second(s)

2021-11-19 17:12:36 - [MESSAGE][INFO] - Smart Wait Function is triggered

2021-11-19 17:12:37 - [MESSAGE][INFO] - Found 2 web elements with id: 'Object Repository/Butonlar/SayfaNumarasi' located by 'By.cssSelector: .dxp-num' in '10' second(s)

2021-11-19 17:12:37 - [MESSAGE][PASSED] - Method.TextDegerineEsitElementeTiklaEquals is PASSED

2021-11-19 17:12:37 - [MESSAGE][PASSED] - Call Test Case 'Test Cases/Butonlar/NumaraliSayfayaGec' successfully

2021-11-19 17:12:37 - [MESSAGE][INFO] - Checking called Test Case

2021-11-19 17:12:37 - [MESSAGE][INFO] - Starting to call Test Case 'Test Cases/Butonlar/NumaraliSayfayaGec'

2021-11-19 17:12:37 - [TEST_CASE][PASSED] - Test Cases/Butonlar/NumaraliSayfayaGec: Test Cases/Butonlar/NumaraliSayfayaGec

2021-11-19 17:12:37 - [TEST_STEP][PASSED] - waitForElementClickable(findTestObject("Butonlar/SayfaNumarasi"), 10): Object 'Object Repository/Butonlar/SayfaNumarasi' is clickable

2021-11-19 17:12:37 - [MESSAGE][INFO] - Finding Test Object 'Object Repository/Butonlar/SayfaNumarasi'

2021-11-19 17:12:37 - [MESSAGE][INFO] - Checking object

2021-11-19 17:12:37 - [MESSAGE][INFO] - Checking timeout

2021-11-19 17:12:37 - [MESSAGE][INFO] - Finding web element from Test Object's properties

2021-11-19 17:12:37 - [MESSAGE][INFO] - Checking timeout

2021-11-19 17:12:37 - [MESSAGE][INFO] - Finding web element with id: 'Object Repository/Butonlar/SayfaNumarasi' located by 'By.cssSelector: .dxp-num' in '10' second(s)

2021-11-19 17:12:37 - [MESSAGE][INFO] - Smart Wait Function is triggered

2021-11-19 17:12:38 - [MESSAGE][INFO] - Found 2 web elements with id: 'Object Repository/Butonlar/SayfaNumarasi' located by 'By.cssSelector: .dxp-num' in '10' second(s)

2021-11-19 17:12:38 - [MESSAGE][PASSED] - Object 'Object Repository/Butonlar/SayfaNumarasi' is clickable

2021-11-19 17:12:38 - [TEST_STEP][PASSED] - Method.TextDegerineEsitElementeTiklaEquals(findTestObject("Butonlar/SayfaNumarasi"), SayfaNumarasi): Method.TextDegerineEsitElementeTiklaEquals is PASSED

2021-11-19 17:12:38 - [MESSAGE][INFO] - Finding Test Object 'Object Repository/Butonlar/SayfaNumarasi'

2021-11-19 17:12:38 - [MESSAGE][INFO] - Checking timeout

2021-11-19 17:12:38 - [MESSAGE][INFO] - Finding web element with id: 'Object Repository/Butonlar/SayfaNumarasi' located by 'By.cssSelector: .dxp-num' in '10' second(s)

2021-11-19 17:12:38 - [MESSAGE][INFO] - Smart Wait Function is triggered

2021-11-19 17:12:38 - [MESSAGE][INFO] - Found 2 web elements with id: 'Object Repository/Butonlar/SayfaNumarasi' located by 'By.cssSelector: .dxp-num' in '10' second(s)

2021-11-19 17:12:38 - [MESSAGE][PASSED] - Method.TextDegerineEsitElementeTiklaEquals is PASSED

2021-11-19 17:12:38 - [MESSAGE][PASSED] - Call Test Case 'Test Cases/Butonlar/NumaraliSayfayaGec' successfully

2021-11-19 17:12:38 - [MESSAGE][INFO] - Checking called Test Case

2021-11-19 17:12:38 - [MESSAGE][INFO] - Starting to call Test Case 'Test Cases/Butonlar/SayfaBoyutuZarflar'

2021-11-19 17:12:38 - [TEST_CASE][PASSED] - Test Cases/Butonlar/SayfaBoyutuZarflar: Test Cases/Butonlar/SayfaBoyutuZarflar

2021-11-19 17:12:39 - [TEST_STEP][PASSED] - click(findTestObject("Object Repository/Butonlar/SayfaBoyutuDropdownZarflar")): Object: 'Object Repository/Butonlar/SayfaBoyutuDropdownZarflar' is clicked on

2021-11-19 17:12:39 - [MESSAGE][INFO] - Finding Test Object 'Object Repository/Butonlar/SayfaBoyutuDropdownZarflar'

2021-11-19 17:12:39 - [MESSAGE][INFO] - Checking object

2021-11-19 17:12:39 - [MESSAGE][INFO] - Finding web element from Test Object's properties

2021-11-19 17:12:39 - [MESSAGE][INFO] - Checking timeout

2021-11-19 17:12:39 - [MESSAGE][INFO] - Finding web element with id: 'Object Repository/Butonlar/SayfaBoyutuDropdownZarflar' located by 'By.xpath: //*[@id="GridViewEnvelope_DXPagerBottom_DDB"]' in '30' second(s)

2021-11-19 17:12:39 - [MESSAGE][INFO] - Smart Wait Function is triggered

2021-11-19 17:12:39 - [MESSAGE][INFO] - Found 1 web elements with id: 'Object Repository/Butonlar/SayfaBoyutuDropdownZarflar' located by 'By.xpath: //*[@id="GridViewEnvelope_DXPagerBottom_DDB"]' in '30' second(s)

2021-11-19 17:12:39 - [MESSAGE][INFO] - Clicking on object: 'Object Repository/Butonlar/SayfaBoyutuDropdownZarflar'

2021-11-19 17:12:39 - [MESSAGE][PASSED] - Object: 'Object Repository/Butonlar/SayfaBoyutuDropdownZarflar' is clicked on

2021-11-19 17:12:39 - [TEST_STEP][PASSED] - Method.TextDegerineEsitElementeTikla(findTestObject("Butonlar/SayfaBoyutu"), SayfaBoyutu): Method.TextDegerineEsitElementeTikla is PASSED

2021-11-19 17:12:39 - [MESSAGE][INFO] - Finding Test Object 'Object Repository/Butonlar/SayfaBoyutu'

2021-11-19 17:12:39 - [MESSAGE][INFO] - Checking timeout

2021-11-19 17:12:39 - [MESSAGE][INFO] - Finding web element with id: 'Object Repository/Butonlar/SayfaBoyutu' located by 'By.cssSelector: .dxm-item .dx-vam' in '10' second(s)

2021-11-19 17:12:39 - [MESSAGE][INFO] - Smart Wait Function is triggered

2021-11-19 17:12:39 - [MESSAGE][INFO] - Found 3 web elements with id: 'Object Repository/Butonlar/SayfaBoyutu' located by 'By.cssSelector: .dxm-item .dx-vam' in '10' second(s)

2021-11-19 17:12:40 - [MESSAGE][PASSED] - Method.TextDegerineEsitElementeTikla is PASSED

2021-11-19 17:12:40 - [MESSAGE][PASSED] - Call Test Case 'Test Cases/Butonlar/SayfaBoyutuZarflar' successfully

2021-11-19 17:12:40 - [MESSAGE][INFO] - Checking called Test Case

2021-11-19 17:12:40 - [MESSAGE][INFO] - Starting to call Test Case 'Test Cases/Butonlar/SayfaBoyutuZarflar'

2021-11-19 17:12:40 - [TEST_CASE][PASSED] - Test Cases/Butonlar/SayfaBoyutuZarflar: Test Cases/Butonlar/SayfaBoyutuZarflar

2021-11-19 17:12:40 - [TEST_STEP][PASSED] - click(findTestObject("Object Repository/Butonlar/SayfaBoyutuDropdownZarflar")): Object: 'Object Repository/Butonlar/SayfaBoyutuDropdownZarflar' is clicked on

2021-11-19 17:12:40 - [MESSAGE][INFO] - Finding Test Object 'Object Repository/Butonlar/SayfaBoyutuDropdownZarflar'

2021-11-19 17:12:40 - [MESSAGE][INFO] - Checking object

2021-11-19 17:12:40 - [MESSAGE][INFO] - Finding web element from Test Object's properties

2021-11-19 17:12:40 - [MESSAGE][INFO] - Checking timeout

2021-11-19 17:12:40 - [MESSAGE][INFO] - Finding web element with id: 'Object Repository/Butonlar/SayfaBoyutuDropdownZarflar' located by 'By.xpath: //*[@id="GridViewEnvelope_DXPagerBottom_DDB"]' in '30' second(s)

2021-11-19 17:12:40 - [MESSAGE][INFO] - Smart Wait Function is triggered

2021-11-19 17:12:40 - [MESSAGE][INFO] - Found 1 web elements with id: 'Object Repository/Butonlar/SayfaBoyutuDropdownZarflar' located by 'By.xpath: //*[@id="GridViewEnvelope_DXPagerBottom_DDB"]' in '30' second(s)

2021-11-19 17:12:40 - [MESSAGE][INFO] - Clicking on object: 'Object Repository/Butonlar/SayfaBoyutuDropdownZarflar'

2021-11-19 17:12:40 - [MESSAGE][PASSED] - Object: 'Object Repository/Butonlar/SayfaBoyutuDropdownZarflar' is clicked on

2021-11-19 17:12:40 - [TEST_STEP][PASSED] - Method.TextDegerineEsitElementeTikla(findTestObject("Butonlar/SayfaBoyutu"), SayfaBoyutu): Method.TextDegerineEsitElementeTikla is PASSED

2021-11-19 17:12:40 - [MESSAGE][INFO] - Finding Test Object 'Object Repository/Butonlar/SayfaBoyutu'

2021-11-19 17:12:40 - [MESSAGE][INFO] - Checking timeout

2021-11-19 17:12:40 - [MESSAGE][INFO] - Finding web element with id: 'Object Repository/Butonlar/SayfaBoyutu' located by 'By.cssSelector: .dxm-item .dx-vam' in '10' second(s)

2021-11-19 17:12:40 - [MESSAGE][INFO] - Smart Wait Function is triggered

2021-11-19 17:12:41 - [MESSAGE][INFO] - Found 3 web elements with id: 'Object Repository/Butonlar/SayfaBoyutu' located by 'By.cssSelector: .dxm-item .dx-vam' in '10' second(s)

2021-11-19 17:12:41 - [MESSAGE][PASSED] - Method.TextDegerineEsitElementeTikla is PASSED

2021-11-19 17:12:41 - [MESSAGE][PASSED] - Call Test Case 'Test Cases/Butonlar/SayfaBoyutuZarflar' successfully

2021-11-19 17:12:41 - [MESSAGE][INFO] - Checking called Test Case

2021-11-19 17:12:41 - [MESSAGE][INFO] - Starting to call Test Case 'Test Cases/Butonlar/SayfaBoyutuZarflar'

2021-11-19 17:12:41 - [TEST_CASE][PASSED] - Test Cases/Butonlar/SayfaBoyutuZarflar: Test Cases/Butonlar/SayfaBoyutuZarflar

2021-11-19 17:12:41 - [TEST_STEP][PASSED] - click(findTestObject("Object Repository/Butonlar/SayfaBoyutuDropdownZarflar")): Object: 'Object Repository/Butonlar/SayfaBoyutuDropdownZarflar' is clicked on

2021-11-19 17:12:41 - [MESSAGE][INFO] - Finding Test Object 'Object Repository/Butonlar/SayfaBoyutuDropdownZarflar'

2021-11-19 17:12:41 - [MESSAGE][INFO] - Checking object

2021-11-19 17:12:41 - [MESSAGE][INFO] - Finding web element from Test Object's properties

2021-11-19 17:12:41 - [MESSAGE][INFO] - Checking timeout

2021-11-19 17:12:41 - [MESSAGE][INFO] - Finding web element with id: 'Object Repository/Butonlar/SayfaBoyutuDropdownZarflar' located by 'By.xpath: //*[@id="GridViewEnvelope_DXPagerBottom_DDB"]' in '30' second(s)

2021-11-19 17:12:41 - [MESSAGE][INFO] - Smart Wait Function is triggered

2021-11-19 17:12:42 - [MESSAGE][INFO] - Found 1 web elements with id: 'Object Repository/Butonlar/SayfaBoyutuDropdownZarflar' located by 'By.xpath: //*[@id="GridViewEnvelope_DXPagerBottom_DDB"]' in '30' second(s)

2021-11-19 17:12:42 - [MESSAGE][INFO] - Clicking on object: 'Object Repository/Butonlar/SayfaBoyutuDropdownZarflar'

2021-11-19 17:12:42 - [MESSAGE][PASSED] - Object: 'Object Repository/Butonlar/SayfaBoyutuDropdownZarflar' is clicked on

2021-11-19 17:12:42 - [TEST_STEP][PASSED] - Method.TextDegerineEsitElementeTikla(findTestObject("Butonlar/SayfaBoyutu"), SayfaBoyutu): Method.TextDegerineEsitElementeTikla is PASSED

2021-11-19 17:12:42 - [MESSAGE][INFO] - Finding Test Object 'Object Repository/Butonlar/SayfaBoyutu'

2021-11-19 17:12:42 - [MESSAGE][INFO] - Checking timeout

2021-11-19 17:12:42 - [MESSAGE][INFO] - Finding web element with id: 'Object Repository/Butonlar/SayfaBoyutu' located by 'By.cssSelector: .dxm-item .dx-vam' in '10' second(s)

2021-11-19 17:12:42 - [MESSAGE][INFO] - Smart Wait Function is triggered

2021-11-19 17:12:42 - [MESSAGE][INFO] - Found 3 web elements with id: 'Object Repository/Butonlar/SayfaBoyutu' located by 'By.cssSelector: .dxm-item .dx-vam' in '10' second(s)

2021-11-19 17:12:42 - [MESSAGE][PASSED] - Method.TextDegerineEsitElementeTikla is PASSED

2021-11-19 17:12:42 - [MESSAGE][PASSED] - Call Test Case 'Test Cases/Butonlar/SayfaBoyutuZarflar' successfully

2021-11-19 17:12:42 - [MESSAGE][INFO] - Checking called Test Case

2021-11-19 17:12:42 - [MESSAGE][INFO] - Starting to call Test Case 'Test Cases/Filtreler/FiltreVarMi'

2021-11-19 17:12:42 - [TEST_CASE][PASSED] - Test Cases/Filtreler/FiltreVarMi: Test Cases/Filtreler/FiltreVarMi

2021-11-19 17:12:43 - [TEST_STEP][PASSED] - Method.TextDegerineEsitElementVarMi(findTestObject("Filtreler/Basliklar"), Filtre_alan): Method.TextDegerineEsitElementVarMi is PASSED

2021-11-19 17:12:43 - [MESSAGE][INFO] - Finding Test Object 'Object Repository/Filtreler/Basliklar'

2021-11-19 17:12:43 - [MESSAGE][INFO] - Checking timeout

2021-11-19 17:12:43 - [MESSAGE][INFO] - Finding web element with id: 'Object Repository/Filtreler/Basliklar' located by 'By.cssSelector: .control-label.col-sm-4.paddingMarginRLC' in '10' second(s)

2021-11-19 17:12:43 - [MESSAGE][INFO] - Smart Wait Function is triggered

2021-11-19 17:12:43 - [MESSAGE][INFO] - Found 8 web elements with id: 'Object Repository/Filtreler/Basliklar' located by 'By.cssSelector: .control-label.col-sm-4.paddingMarginRLC' in '10' second(s)

2021-11-19 17:12:43 - [MESSAGE][PASSED] - Method.TextDegerineEsitElementVarMi is PASSED

2021-11-19 17:12:43 - [MESSAGE][PASSED] - Call Test Case 'Test Cases/Filtreler/FiltreVarMi' successfully

2021-11-19 17:12:43 - [MESSAGE][INFO] - Checking called Test Case

2021-11-19 17:12:43 - [MESSAGE][INFO] - Starting to call Test Case 'Test Cases/Filtreler/FiltreVarMi'

2021-11-19 17:12:43 - [TEST_CASE][PASSED] - Test Cases/Filtreler/FiltreVarMi: Test Cases/Filtreler/FiltreVarMi

2021-11-19 17:12:43 - [TEST_STEP][PASSED] - Method.TextDegerineEsitElementVarMi(findTestObject("Filtreler/Basliklar"), Filtre_alan): Method.TextDegerineEsitElementVarMi is PASSED

2021-11-19 17:12:43 - [MESSAGE][INFO] - Finding Test Object 'Object Repository/Filtreler/Basliklar'

2021-11-19 17:12:43 - [MESSAGE][INFO] - Checking timeout

2021-11-19 17:12:43 - [MESSAGE][INFO] - Finding web element with id: 'Object Repository/Filtreler/Basliklar' located by 'By.cssSelector: .control-label.col-sm-4.paddingMarginRLC' in '10' second(s)

2021-11-19 17:12:43 - [MESSAGE][INFO] - Smart Wait Function is triggered

2021-11-19 17:12:43 - [MESSAGE][INFO] - Found 8 web elements with id: 'Object Repository/Filtreler/Basliklar' located by 'By.cssSelector: .control-label.col-sm-4.paddingMarginRLC' in '10' second(s)

2021-11-19 17:12:43 - [MESSAGE][PASSED] - Method.TextDegerineEsitElementVarMi is PASSED

2021-11-19 17:12:43 - [MESSAGE][PASSED] - Call Test Case 'Test Cases/Filtreler/FiltreVarMi' successfully

2021-11-19 17:12:43 - [MESSAGE][INFO] - Checking called Test Case

2021-11-19 17:12:43 - [MESSAGE][INFO] - Starting to call Test Case 'Test Cases/Filtreler/FiltreVarMi'

2021-11-19 17:12:44 - [TEST_CASE][PASSED] - Test Cases/Filtreler/FiltreVarMi: Test Cases/Filtreler/FiltreVarMi

2021-11-19 17:12:44 - [TEST_STEP][PASSED] - Method.TextDegerineEsitElementVarMi(findTestObject("Filtreler/Basliklar"), Filtre_alan): Method.TextDegerineEsitElementVarMi is PASSED

2021-11-19 17:12:44 - [MESSAGE][INFO] - Finding Test Object 'Object Repository/Filtreler/Basliklar'

2021-11-19 17:12:44 - [MESSAGE][INFO] - Checking timeout

2021-11-19 17:12:44 - [MESSAGE][INFO] - Finding web element with id: 'Object Repository/Filtreler/Basliklar' located by 'By.cssSelector: .control-label.col-sm-4.paddingMarginRLC' in '10' second(s)

2021-11-19 17:12:44 - [MESSAGE][INFO] - Smart Wait Function is triggered

2021-11-19 17:12:44 - [MESSAGE][INFO] - Found 8 web elements with id: 'Object Repository/Filtreler/Basliklar' located by 'By.cssSelector: .control-label.col-sm-4.paddingMarginRLC' in '10' second(s)

2021-11-19 17:12:44 - [MESSAGE][PASSED] - Method.TextDegerineEsitElementVarMi is PASSED

2021-11-19 17:12:44 - [MESSAGE][PASSED] - Call Test Case 'Test Cases/Filtreler/FiltreVarMi' successfully

2021-11-19 17:12:44 - [MESSAGE][INFO] - Checking called Test Case

2021-11-19 17:12:44 - [MESSAGE][INFO] - Starting to call Test Case 'Test Cases/Filtreler/FiltreVarMi'

2021-11-19 17:12:44 - [TEST_CASE][PASSED] - Test Cases/Filtreler/FiltreVarMi: Test Cases/Filtreler/FiltreVarMi

2021-11-19 17:12:44 - [TEST_STEP][PASSED] - Method.TextDegerineEsitElementVarMi(findTestObject("Filtreler/Basliklar"), Filtre_alan): Method.TextDegerineEsitElementVarMi is PASSED

2021-11-19 17:12:44 - [MESSAGE][INFO] - Finding Test Object 'Object Repository/Filtreler/Basliklar'

2021-11-19 17:12:44 - [MESSAGE][INFO] - Checking timeout

2021-11-19 17:12:44 - [MESSAGE][INFO] - Finding web element with id: 'Object Repository/Filtreler/Basliklar' located by 'By.cssSelector: .control-label.col-sm-4.paddingMarginRLC' in '10' second(s)

2021-11-19 17:12:44 - [MESSAGE][INFO] - Smart Wait Function is triggered

2021-11-19 17:12:44 - [MESSAGE][INFO] - Found 8 web elements with id: 'Object Repository/Filtreler/Basliklar' located by 'By.cssSelector: .control-label.col-sm-4.paddingMarginRLC' in '10' second(s)

2021-11-19 17:12:45 - [MESSAGE][PASSED] - Method.TextDegerineEsitElementVarMi is PASSED

2021-11-19 17:12:45 - [MESSAGE][PASSED] - Call Test Case 'Test Cases/Filtreler/FiltreVarMi' successfully

2021-11-19 17:12:45 - [MESSAGE][INFO] - Checking called Test Case

2021-11-19 17:12:45 - [MESSAGE][INFO] - Starting to call Test Case 'Test Cases/Filtreler/FiltreVarMi'

2021-11-19 17:12:45 - [TEST_CASE][PASSED] - Test Cases/Filtreler/FiltreVarMi: Test Cases/Filtreler/FiltreVarMi

2021-11-19 17:12:45 - [TEST_STEP][PASSED] - Method.TextDegerineEsitElementVarMi(findTestObject("Filtreler/Basliklar"), Filtre_alan): Method.TextDegerineEsitElementVarMi is PASSED

2021-11-19 17:12:45 - [MESSAGE][INFO] - Finding Test Object 'Object Repository/Filtreler/Basliklar'

2021-11-19 17:12:45 - [MESSAGE][INFO] - Checking timeout

2021-11-19 17:12:45 - [MESSAGE][INFO] - Finding web element with id: 'Object Repository/Filtreler/Basliklar' located by 'By.cssSelector: .control-label.col-sm-4.paddingMarginRLC' in '10' second(s)

2021-11-19 17:12:45 - [MESSAGE][INFO] - Smart Wait Function is triggered

2021-11-19 17:12:45 - [MESSAGE][INFO] - Found 8 web elements with id: 'Object Repository/Filtreler/Basliklar' located by 'By.cssSelector: .control-label.col-sm-4.paddingMarginRLC' in '10' second(s)

2021-11-19 17:12:45 - [MESSAGE][PASSED] - Method.TextDegerineEsitElementVarMi is PASSED

2021-11-19 17:12:45 - [MESSAGE][PASSED] - Call Test Case 'Test Cases/Filtreler/FiltreVarMi' successfully

2021-11-19 17:12:45 - [MESSAGE][INFO] - Checking called Test Case

2021-11-19 17:12:45 - [MESSAGE][INFO] - Starting to call Test Case 'Test Cases/Filtreler/FiltreVarMi'

2021-11-19 17:12:45 - [TEST_CASE][PASSED] - Test Cases/Filtreler/FiltreVarMi: Test Cases/Filtreler/FiltreVarMi

2021-11-19 17:12:45 - [TEST_STEP][PASSED] - Method.TextDegerineEsitElementVarMi(findTestObject("Filtreler/Basliklar"), Filtre_alan): Method.TextDegerineEsitElementVarMi is PASSED

2021-11-19 17:12:45 - [MESSAGE][INFO] - Finding Test Object 'Object Repository/Filtreler/Basliklar'

2021-11-19 17:12:45 - [MESSAGE][INFO] - Checking timeout

2021-11-19 17:12:45 - [MESSAGE][INFO] - Finding web element with id: 'Object Repository/Filtreler/Basliklar' located by 'By.cssSelector: .control-label.col-sm-4.paddingMarginRLC' in '10' second(s)

2021-11-19 17:12:45 - [MESSAGE][INFO] - Smart Wait Function is triggered

2021-11-19 17:12:45 - [MESSAGE][INFO] - Found 8 web elements with id: 'Object Repository/Filtreler/Basliklar' located by 'By.cssSelector: .control-label.col-sm-4.paddingMarginRLC' in '10' second(s)

2021-11-19 17:12:46 - [MESSAGE][PASSED] - Method.TextDegerineEsitElementVarMi is PASSED

2021-11-19 17:12:46 - [MESSAGE][PASSED] - Call Test Case 'Test Cases/Filtreler/FiltreVarMi' successfully

2021-11-19 17:12:46 - [MESSAGE][INFO] - Checking called Test Case

2021-11-19 17:12:46 - [MESSAGE][INFO] - Starting to call Test Case 'Test Cases/Filtreler/FiltreVarMi'

2021-11-19 17:12:46 - [TEST_CASE][PASSED] - Test Cases/Filtreler/FiltreVarMi: Test Cases/Filtreler/FiltreVarMi

2021-11-19 17:12:46 - [TEST_STEP][PASSED] - Method.TextDegerineEsitElementVarMi(findTestObject("Filtreler/Basliklar"), Filtre_alan): Method.TextDegerineEsitElementVarMi is PASSED

2021-11-19 17:12:46 - [MESSAGE][INFO] - Finding Test Object 'Object Repository/Filtreler/Basliklar'

2021-11-19 17:12:46 - [MESSAGE][INFO] - Checking timeout

2021-11-19 17:12:46 - [MESSAGE][INFO] - Finding web element with id: 'Object Repository/Filtreler/Basliklar' located by 'By.cssSelector: .control-label.col-sm-4.paddingMarginRLC' in '10' second(s)

2021-11-19 17:12:46 - [MESSAGE][INFO] - Smart Wait Function is triggered

2021-11-19 17:12:46 - [MESSAGE][INFO] - Found 8 web elements with id: 'Object Repository/Filtreler/Basliklar' located by 'By.cssSelector: .control-label.col-sm-4.paddingMarginRLC' in '10' second(s)

2021-11-19 17:12:46 - [MESSAGE][PASSED] - Method.TextDegerineEsitElementVarMi is PASSED

2021-11-19 17:12:46 - [MESSAGE][PASSED] - Call Test Case 'Test Cases/Filtreler/FiltreVarMi' successfully

2021-11-19 17:12:46 - [MESSAGE][INFO] - Checking called Test Case

2021-11-19 17:12:46 - [MESSAGE][INFO] - Starting to call Test Case 'Test Cases/Filtreler/FiltreVarMi'

2021-11-19 17:12:46 - [TEST_CASE][PASSED] - Test Cases/Filtreler/FiltreVarMi: Test Cases/Filtreler/FiltreVarMi

2021-11-19 17:12:46 - [TEST_STEP][PASSED] - Method.TextDegerineEsitElementVarMi(findTestObject("Filtreler/Basliklar"), Filtre_alan): Method.TextDegerineEsitElementVarMi is PASSED

2021-11-19 17:12:46 - [MESSAGE][INFO] - Finding Test Object 'Object Repository/Filtreler/Basliklar'

2021-11-19 17:12:46 - [MESSAGE][INFO] - Checking timeout

2021-11-19 17:12:46 - [MESSAGE][INFO] - Finding web element with id: 'Object Repository/Filtreler/Basliklar' located by 'By.cssSelector: .control-label.col-sm-4.paddingMarginRLC' in '10' second(s)

2021-11-19 17:12:46 - [MESSAGE][INFO] - Smart Wait Function is triggered

2021-11-19 17:12:47 - [MESSAGE][INFO] - Found 8 web elements with id: 'Object Repository/Filtreler/Basliklar' located by 'By.cssSelector: .control-label.col-sm-4.paddingMarginRLC' in '10' second(s)

2021-11-19 17:12:47 - [MESSAGE][PASSED] - Method.TextDegerineEsitElementVarMi is PASSED

2021-11-19 17:12:47 - [MESSAGE][PASSED] - Call Test Case 'Test Cases/Filtreler/FiltreVarMi' successfully

2021-11-19 17:12:47 - [MESSAGE][INFO] - Checking called Test Case

2021-11-19 17:12:47 - [MESSAGE][INFO] - Starting to call Test Case 'Test Cases/Filtreler/ButonVarMi'

2021-11-19 17:12:47 - [TEST_CASE][PASSED] - Test Cases/Filtreler/ButonVarMi: Test Cases/Filtreler/ButonVarMi

2021-11-19 17:12:47 - [TEST_STEP][PASSED] - Method.TextDegerineEsitElementVarMi(findTestObject("Filtreler/Butonlar"), Filtre_Buton): Method.TextDegerineEsitElementVarMi is PASSED

2021-11-19 17:12:47 - [MESSAGE][INFO] - Finding Test Object 'Object Repository/Filtreler/Butonlar'

2021-11-19 17:12:48 - [MESSAGE][INFO] - Checking timeout

2021-11-19 17:12:48 - [MESSAGE][INFO] - Finding web element with id: 'Object Repository/Filtreler/Butonlar' located by 'By.cssSelector: .dxb>span' in '10' second(s)

2021-11-19 17:12:48 - [MESSAGE][INFO] - Smart Wait Function is triggered

2021-11-19 17:12:48 - [MESSAGE][INFO] - Found 3 web elements with id: 'Object Repository/Filtreler/Butonlar' located by 'By.cssSelector: .dxb>span' in '10' second(s)

2021-11-19 17:12:48 - [MESSAGE][PASSED] - Method.TextDegerineEsitElementVarMi is PASSED

2021-11-19 17:12:48 - [MESSAGE][PASSED] - Call Test Case 'Test Cases/Filtreler/ButonVarMi' successfully

2021-11-19 17:12:48 - [MESSAGE][INFO] - Checking called Test Case

2021-11-19 17:12:48 - [MESSAGE][INFO] - Starting to call Test Case 'Test Cases/Filtreler/ButonVarMi'

2021-11-19 17:12:48 - [TEST_CASE][PASSED] - Test Cases/Filtreler/ButonVarMi: Test Cases/Filtreler/ButonVarMi

2021-11-19 17:12:48 - [TEST_STEP][PASSED] - Method.TextDegerineEsitElementVarMi(findTestObject("Filtreler/Butonlar"), Filtre_Buton): Method.TextDegerineEsitElementVarMi is PASSED

2021-11-19 17:12:48 - [MESSAGE][INFO] - Finding Test Object 'Object Repository/Filtreler/Butonlar'

2021-11-19 17:12:48 - [MESSAGE][INFO] - Checking timeout

2021-11-19 17:12:48 - [MESSAGE][INFO] - Finding web element with id: 'Object Repository/Filtreler/Butonlar' located by 'By.cssSelector: .dxb>span' in '10' second(s)

2021-11-19 17:12:48 - [MESSAGE][INFO] - Smart Wait Function is triggered

2021-11-19 17:12:48 - [MESSAGE][INFO] - Found 3 web elements with id: 'Object Repository/Filtreler/Butonlar' located by 'By.cssSelector: .dxb>span' in '10' second(s)

2021-11-19 17:12:48 - [MESSAGE][PASSED] - Method.TextDegerineEsitElementVarMi is PASSED

2021-11-19 17:12:48 - [MESSAGE][PASSED] - Call Test Case 'Test Cases/Filtreler/ButonVarMi' successfully

2021-11-19 17:12:48 - [MESSAGE][INFO] - Checking called Test Case

2021-11-19 17:12:48 - [MESSAGE][INFO] - Starting to call Test Case 'Test Cases/Filtreler/ButonVarMi'

2021-11-19 17:12:48 - [TEST_CASE][PASSED] - Test Cases/Filtreler/ButonVarMi: Test Cases/Filtreler/ButonVarMi

2021-11-19 17:12:48 - [TEST_STEP][PASSED] - Method.TextDegerineEsitElementVarMi(findTestObject("Filtreler/Butonlar"), Filtre_Buton): Method.TextDegerineEsitElementVarMi is PASSED

2021-11-19 17:12:48 - [MESSAGE][INFO] - Finding Test Object 'Object Repository/Filtreler/Butonlar'

2021-11-19 17:12:49 - [MESSAGE][INFO] - Checking timeout

2021-11-19 17:12:49 - [MESSAGE][INFO] - Finding web element with id: 'Object Repository/Filtreler/Butonlar' located by 'By.cssSelector: .dxb>span' in '10' second(s)

2021-11-19 17:12:49 - [MESSAGE][INFO] - Smart Wait Function is triggered

2021-11-19 17:12:49 - [MESSAGE][INFO] - Found 3 web elements with id: 'Object Repository/Filtreler/Butonlar' located by 'By.cssSelector: .dxb>span' in '10' second(s)

2021-11-19 17:12:49 - [MESSAGE][PASSED] - Method.TextDegerineEsitElementVarMi is PASSED

2021-11-19 17:12:49 - [MESSAGE][PASSED] - Call Test Case 'Test Cases/Filtreler/ButonVarMi' successfully

2021-11-19 17:12:49 - [MESSAGE][INFO] - Checking called Test Case

2021-11-19 17:12:49 - [MESSAGE][INFO] - Starting to call Test Case 'Test Cases/Butonlar/ButonVarMi'

2021-11-19 17:12:49 - [TEST_CASE][PASSED] - Test Cases/Butonlar/ButonVarMi: Test Cases/Butonlar/ButonVarMi

2021-11-19 17:12:50 - [TEST_STEP][PASSED] - Method.TextDegerineEsitElementVarMi(findTestObject("Butonlar/Butonlar"), Buton): Method.TextDegerineEsitElementVarMi is PASSED

2021-11-19 17:12:50 - [MESSAGE][INFO] - Finding Test Object 'Object Repository/Butonlar/Butonlar'

2021-11-19 17:12:50 - [MESSAGE][INFO] - Checking timeout

2021-11-19 17:12:50 - [MESSAGE][INFO] - Finding web element with id: 'Object Repository/Butonlar/Butonlar' located by 'By.cssSelector: .panel.panel-default.text-center.footerPanel .btn,.btn.btn-primary.btnControls' in '10' second(s)

2021-11-19 17:12:50 - [MESSAGE][INFO] - Smart Wait Function is triggered

2021-11-19 17:12:51 - [MESSAGE][INFO] - Found 5 web elements with id: 'Object Repository/Butonlar/Butonlar' located by 'By.cssSelector: .panel.panel-default.text-center.footerPanel .btn,.btn.btn-primary.btnControls' in '10' second(s)

2021-11-19 17:12:51 - [MESSAGE][PASSED] - Method.TextDegerineEsitElementVarMi is PASSED

2021-11-19 17:12:51 - [MESSAGE][PASSED] - Call Test Case 'Test Cases/Butonlar/ButonVarMi' successfully

2021-11-19 17:12:51 - [MESSAGE][INFO] - Checking called Test Case

2021-11-19 17:12:51 - [MESSAGE][INFO] - Starting to call Test Case 'Test Cases/Butonlar/ButonVarMi'

2021-11-19 17:12:51 - [TEST_CASE][PASSED] - Test Cases/Butonlar/ButonVarMi: Test Cases/Butonlar/ButonVarMi

2021-11-19 17:12:51 - [TEST_STEP][PASSED] - Method.TextDegerineEsitElementVarMi(findTestObject("Butonlar/Butonlar"), Buton): Method.TextDegerineEsitElementVarMi is PASSED

2021-11-19 17:12:51 - [MESSAGE][INFO] - Finding Test Object 'Object Repository/Butonlar/Butonlar'

2021-11-19 17:12:51 - [MESSAGE][INFO] - Checking timeout

2021-11-19 17:12:51 - [MESSAGE][INFO] - Finding web element with id: 'Object Repository/Butonlar/Butonlar' located by 'By.cssSelector: .panel.panel-default.text-center.footerPanel .btn,.btn.btn-primary.btnControls' in '10' second(s)

2021-11-19 17:12:51 - [MESSAGE][INFO] - Smart Wait Function is triggered

2021-11-19 17:12:51 - [MESSAGE][INFO] - Found 5 web elements with id: 'Object Repository/Butonlar/Butonlar' located by 'By.cssSelector: .panel.panel-default.text-center.footerPanel .btn,.btn.btn-primary.btnControls' in '10' second(s)

2021-11-19 17:12:51 - [MESSAGE][PASSED] - Method.TextDegerineEsitElementVarMi is PASSED

2021-11-19 17:12:51 - [MESSAGE][PASSED] - Call Test Case 'Test Cases/Butonlar/ButonVarMi' successfully

2021-11-19 17:12:51 - [MESSAGE][INFO] - Checking called Test Case

2021-11-19 17:12:51 - [MESSAGE][INFO] - Starting to call Test Case 'Test Cases/Butonlar/ButonVarMi'

2021-11-19 17:12:51 - [TEST_CASE][PASSED] - Test Cases/Butonlar/ButonVarMi: Test Cases/Butonlar/ButonVarMi

2021-11-19 17:12:51 - [TEST_STEP][PASSED] - Method.TextDegerineEsitElementVarMi(findTestObject("Butonlar/Butonlar"), Buton): Method.TextDegerineEsitElementVarMi is PASSED

2021-11-19 17:12:51 - [MESSAGE][INFO] - Finding Test Object 'Object Repository/Butonlar/Butonlar'

2021-11-19 17:12:51 - [MESSAGE][INFO] - Checking timeout

2021-11-19 17:12:51 - [MESSAGE][INFO] - Finding web element with id: 'Object Repository/Butonlar/Butonlar' located by 'By.cssSelector: .panel.panel-default.text-center.footerPanel .btn,.btn.btn-primary.btnControls' in '10' second(s)

2021-11-19 17:12:51 - [MESSAGE][INFO] - Smart Wait Function is triggered

2021-11-19 17:12:52 - [MESSAGE][INFO] - Found 5 web elements with id: 'Object Repository/Butonlar/Butonlar' located by 'By.cssSelector: .panel.panel-default.text-center.footerPanel .btn,.btn.btn-primary.btnControls' in '10' second(s)

2021-11-19 17:12:52 - [MESSAGE][PASSED] - Method.TextDegerineEsitElementVarMi is PASSED

2021-11-19 17:12:52 - [MESSAGE][PASSED] - Call Test Case 'Test Cases/Butonlar/ButonVarMi' successfully

2021-11-19 17:12:52 - [MESSAGE][INFO] - Checking called Test Case

2021-11-19 17:12:52 - [MESSAGE][INFO] - Starting to call Test Case 'Test Cases/Butonlar/ButonVarMi'

2021-11-19 17:12:52 - [TEST_CASE][PASSED] - Test Cases/Butonlar/ButonVarMi: Test Cases/Butonlar/ButonVarMi

2021-11-19 17:12:52 - [TEST_STEP][PASSED] - Method.TextDegerineEsitElementVarMi(findTestObject("Butonlar/Butonlar"), Buton): Method.TextDegerineEsitElementVarMi is PASSED

2021-11-19 17:12:52 - [MESSAGE][INFO] - Finding Test Object 'Object Repository/Butonlar/Butonlar'

2021-11-19 17:12:52 - [MESSAGE][INFO] - Checking timeout

2021-11-19 17:12:52 - [MESSAGE][INFO] - Finding web element with id: 'Object Repository/Butonlar/Butonlar' located by 'By.cssSelector: .panel.panel-default.text-center.footerPanel .btn,.btn.btn-primary.btnControls' in '10' second(s)

2021-11-19 17:12:52 - [MESSAGE][INFO] - Smart Wait Function is triggered

2021-11-19 17:12:52 - [MESSAGE][INFO] - Found 5 web elements with id: 'Object Repository/Butonlar/Butonlar' located by 'By.cssSelector: .panel.panel-default.text-center.footerPanel .btn,.btn.btn-primary.btnControls' in '10' second(s)

2021-11-19 17:12:52 - [MESSAGE][PASSED] - Method.TextDegerineEsitElementVarMi is PASSED

2021-11-19 17:12:52 - [MESSAGE][PASSED] - Call Test Case 'Test Cases/Butonlar/ButonVarMi' successfully

2021-11-19 17:12:52 - [MESSAGE][INFO] - Checking called Test Case

2021-11-19 17:12:52 - [MESSAGE][INFO] - Starting to call Test Case 'Test Cases/Butonlar/ButonaTikla'

2021-11-19 17:12:52 - [TEST_CASE][PASSED] - Test Cases/Butonlar/ButonaTikla: Test Cases/Butonlar/ButonaTikla

2021-11-19 17:12:53 - [TEST_STEP][PASSED] - Method.TextDegerineEsitElementeTiklaEquals(findTestObject("Butonlar/Butonlar"), Buton_Adi): Method.TextDegerineEsitElementeTiklaEquals is PASSED

2021-11-19 17:12:53 - [MESSAGE][INFO] - Finding Test Object 'Object Repository/Butonlar/Butonlar'

2021-11-19 17:12:53 - [MESSAGE][INFO] - Checking timeout

2021-11-19 17:12:53 - [MESSAGE][INFO] - Finding web element with id: 'Object Repository/Butonlar/Butonlar' located by 'By.cssSelector: .panel.panel-default.text-center.footerPanel .btn,.btn.btn-primary.btnControls' in '10' second(s)

2021-11-19 17:12:53 - [MESSAGE][INFO] - Smart Wait Function is triggered

2021-11-19 17:12:53 - [MESSAGE][INFO] - Found 5 web elements with id: 'Object Repository/Butonlar/Butonlar' located by 'By.cssSelector: .panel.panel-default.text-center.footerPanel .btn,.btn.btn-primary.btnControls' in '10' second(s)

2021-11-19 17:12:54 - [MESSAGE][PASSED] - Method.TextDegerineEsitElementeTiklaEquals is PASSED

2021-11-19 17:12:54 - [MESSAGE][PASSED] - Call Test Case 'Test Cases/Butonlar/ButonaTikla' successfully

2021-11-19 17:12:54 - [MESSAGE][INFO] - Checking called Test Case

2021-11-19 17:12:54 - [MESSAGE][INFO] - Starting to call Test Case 'Test Cases/Butonlar/AltButonVarMi'

2021-11-19 17:12:54 - [TEST_CASE][PASSED] - Test Cases/Butonlar/AltButonVarMi: Test Cases/Butonlar/AltButonVarMi

2021-11-19 17:12:54 - [TEST_STEP][PASSED] - Method.TextDegerineEsitElementVarMi(findTestObject("Butonlar/AltButonlar"), AltButon): Method.TextDegerineEsitElementVarMi is PASSED

2021-11-19 17:12:54 - [MESSAGE][INFO] - Finding Test Object 'Object Repository/Butonlar/AltButonlar'

2021-11-19 17:12:54 - [MESSAGE][INFO] - Checking timeout

2021-11-19 17:12:54 - [MESSAGE][INFO] - Finding web element with id: 'Object Repository/Butonlar/AltButonlar' located by 'By.cssSelector: .btn-group.open li>a' in '10' second(s)

2021-11-19 17:12:54 - [MESSAGE][INFO] - Smart Wait Function is triggered

2021-11-19 17:12:55 - [MESSAGE][INFO] - Found 2 web elements with id: 'Object Repository/Butonlar/AltButonlar' located by 'By.cssSelector: .btn-group.open li>a' in '10' second(s)

2021-11-19 17:12:55 - [MESSAGE][PASSED] - Method.TextDegerineEsitElementVarMi is PASSED

2021-11-19 17:12:55 - [MESSAGE][PASSED] - Call Test Case 'Test Cases/Butonlar/AltButonVarMi' successfully

2021-11-19 17:12:55 - [MESSAGE][INFO] - Checking called Test Case

2021-11-19 17:12:55 - [MESSAGE][INFO] - Starting to call Test Case 'Test Cases/Butonlar/AltButonVarMi'

2021-11-19 17:12:55 - [TEST_CASE][PASSED] - Test Cases/Butonlar/AltButonVarMi: Test Cases/Butonlar/AltButonVarMi

2021-11-19 17:12:55 - [TEST_STEP][PASSED] - Method.TextDegerineEsitElementVarMi(findTestObject("Butonlar/AltButonlar"), AltButon): Method.TextDegerineEsitElementVarMi is PASSED

2021-11-19 17:12:55 - [MESSAGE][INFO] - Finding Test Object 'Object Repository/Butonlar/AltButonlar'

2021-11-19 17:12:55 - [MESSAGE][INFO] - Checking timeout

2021-11-19 17:12:55 - [MESSAGE][INFO] - Finding web element with id: 'Object Repository/Butonlar/AltButonlar' located by 'By.cssSelector: .btn-group.open li>a' in '10' second(s)

2021-11-19 17:12:55 - [MESSAGE][INFO] - Smart Wait Function is triggered

2021-11-19 17:12:55 - [MESSAGE][INFO] - Found 2 web elements with id: 'Object Repository/Butonlar/AltButonlar' located by 'By.cssSelector: .btn-group.open li>a' in '10' second(s)

2021-11-19 17:12:55 - [MESSAGE][PASSED] - Method.TextDegerineEsitElementVarMi is PASSED

2021-11-19 17:12:55 - [MESSAGE][PASSED] - Call Test Case 'Test Cases/Butonlar/AltButonVarMi' successfully

2021-11-19 17:12:55 - [MESSAGE][INFO] - Checking called Test Case

2021-11-19 17:12:55 - [MESSAGE][INFO] - Starting to call Test Case 'Test Cases/Butonlar/ButonaTikla'

2021-11-19 17:12:55 - [TEST_CASE][PASSED] - Test Cases/Butonlar/ButonaTikla: Test Cases/Butonlar/ButonaTikla

2021-11-19 17:12:55 - [TEST_STEP][PASSED] - Method.TextDegerineEsitElementeTiklaEquals(findTestObject("Butonlar/Butonlar"), Buton_Adi): Method.TextDegerineEsitElementeTiklaEquals is PASSED

2021-11-19 17:12:55 - [MESSAGE][INFO] - Finding Test Object 'Object Repository/Butonlar/Butonlar'

2021-11-19 17:12:55 - [MESSAGE][INFO] - Checking timeout

2021-11-19 17:12:55 - [MESSAGE][INFO] - Finding web element with id: 'Object Repository/Butonlar/Butonlar' located by 'By.cssSelector: .panel.panel-default.text-center.footerPanel .btn,.btn.btn-primary.btnControls' in '10' second(s)

2021-11-19 17:12:55 - [MESSAGE][INFO] - Smart Wait Function is triggered

2021-11-19 17:12:56 - [MESSAGE][INFO] - Found 5 web elements with id: 'Object Repository/Butonlar/Butonlar' located by 'By.cssSelector: .panel.panel-default.text-center.footerPanel .btn,.btn.btn-primary.btnControls' in '10' second(s)

2021-11-19 17:12:56 - [MESSAGE][PASSED] - Method.TextDegerineEsitElementeTiklaEquals is PASSED

2021-11-19 17:12:56 - [MESSAGE][PASSED] - Call Test Case 'Test Cases/Butonlar/ButonaTikla' successfully

2021-11-19 17:12:56 - [MESSAGE][INFO] - Checking called Test Case

2021-11-19 17:12:56 - [MESSAGE][INFO] - Starting to call Test Case 'Test Cases/Butonlar/AltButonVarMi'

2021-11-19 17:12:56 - [TEST_CASE][PASSED] - Test Cases/Butonlar/AltButonVarMi: Test Cases/Butonlar/AltButonVarMi

2021-11-19 17:12:56 - [TEST_STEP][PASSED] - Method.TextDegerineEsitElementVarMi(findTestObject("Butonlar/AltButonlar"), AltButon): Method.TextDegerineEsitElementVarMi is PASSED

2021-11-19 17:12:56 - [MESSAGE][INFO] - Finding Test Object 'Object Repository/Butonlar/AltButonlar'

2021-11-19 17:12:56 - [MESSAGE][INFO] - Checking timeout

2021-11-19 17:12:56 - [MESSAGE][INFO] - Finding web element with id: 'Object Repository/Butonlar/AltButonlar' located by 'By.cssSelector: .btn-group.open li>a' in '10' second(s)

2021-11-19 17:12:56 - [MESSAGE][INFO] - Smart Wait Function is triggered

2021-11-19 17:12:56 - [MESSAGE][INFO] - Found 2 web elements with id: 'Object Repository/Butonlar/AltButonlar' located by 'By.cssSelector: .btn-group.open li>a' in '10' second(s)

2021-11-19 17:12:56 - [MESSAGE][PASSED] - Method.TextDegerineEsitElementVarMi is PASSED

2021-11-19 17:12:56 - [MESSAGE][PASSED] - Call Test Case 'Test Cases/Butonlar/AltButonVarMi' successfully

2021-11-19 17:12:56 - [MESSAGE][INFO] - Checking called Test Case

2021-11-19 17:12:56 - [MESSAGE][INFO] - Starting to call Test Case 'Test Cases/Butonlar/AltButonVarMi'

2021-11-19 17:12:56 - [TEST_CASE][PASSED] - Test Cases/Butonlar/AltButonVarMi: Test Cases/Butonlar/AltButonVarMi

2021-11-19 17:12:56 - [TEST_STEP][PASSED] - Method.TextDegerineEsitElementVarMi(findTestObject("Butonlar/AltButonlar"), AltButon): Method.TextDegerineEsitElementVarMi is PASSED

2021-11-19 17:12:56 - [MESSAGE][INFO] - Finding Test Object 'Object Repository/Butonlar/AltButonlar'

2021-11-19 17:12:57 - [MESSAGE][INFO] - Checking timeout

2021-11-19 17:12:57 - [MESSAGE][INFO] - Finding web element with id: 'Object Repository/Butonlar/AltButonlar' located by 'By.cssSelector: .btn-group.open li>a' in '10' second(s)

2021-11-19 17:12:57 - [MESSAGE][INFO] - Smart Wait Function is triggered

2021-11-19 17:12:57 - [MESSAGE][INFO] - Found 2 web elements with id: 'Object Repository/Butonlar/AltButonlar' located by 'By.cssSelector: .btn-group.open li>a' in '10' second(s)

2021-11-19 17:12:57 - [MESSAGE][PASSED] - Method.TextDegerineEsitElementVarMi is PASSED

2021-11-19 17:12:57 - [MESSAGE][PASSED] - Call Test Case 'Test Cases/Butonlar/AltButonVarMi' successfully

2021-11-19 17:12:57 - [MESSAGE][INFO] - Checking called Test Case

2021-11-19 17:12:57 - [MESSAGE][INFO] - Starting to call Test Case 'Test Cases/Butonlar/ButonaTikla'

2021-11-19 17:12:57 - [TEST_CASE][PASSED] - Test Cases/Butonlar/ButonaTikla: Test Cases/Butonlar/ButonaTikla

2021-11-19 17:12:57 - [TEST_STEP][PASSED] - Method.TextDegerineEsitElementeTiklaEquals(findTestObject("Butonlar/Butonlar"), Buton_Adi): Method.TextDegerineEsitElementeTiklaEquals is PASSED

2021-11-19 17:12:57 - [MESSAGE][INFO] - Finding Test Object 'Object Repository/Butonlar/Butonlar'

2021-11-19 17:12:57 - [MESSAGE][INFO] - Checking timeout

2021-11-19 17:12:57 - [MESSAGE][INFO] - Finding web element with id: 'Object Repository/Butonlar/Butonlar' located by 'By.cssSelector: .panel.panel-default.text-center.footerPanel .btn,.btn.btn-primary.btnControls' in '10' second(s)

2021-11-19 17:12:57 - [MESSAGE][INFO] - Smart Wait Function is triggered

2021-11-19 17:12:57 - [MESSAGE][INFO] - Found 5 web elements with id: 'Object Repository/Butonlar/Butonlar' located by 'By.cssSelector: .panel.panel-default.text-center.footerPanel .btn,.btn.btn-primary.btnControls' in '10' second(s)

2021-11-19 17:12:57 - [MESSAGE][PASSED] - Method.TextDegerineEsitElementeTiklaEquals is PASSED

2021-11-19 17:12:57 - [MESSAGE][PASSED] - Call Test Case 'Test Cases/Butonlar/ButonaTikla' successfully

2021-11-19 17:12:57 - [MESSAGE][INFO] - Checking called Test Case

2021-11-19 17:12:57 - [MESSAGE][INFO] - Starting to call Test Case 'Test Cases/Butonlar/AltButonVarMi'

2021-11-19 17:12:58 - [TEST_CASE][PASSED] - Test Cases/Butonlar/AltButonVarMi: Test Cases/Butonlar/AltButonVarMi

2021-11-19 17:12:58 - [TEST_STEP][PASSED] - Method.TextDegerineEsitElementVarMi(findTestObject("Butonlar/AltButonlar"), AltButon): Method.TextDegerineEsitElementVarMi is PASSED

2021-11-19 17:12:58 - [MESSAGE][INFO] - Finding Test Object 'Object Repository/Butonlar/AltButonlar'

2021-11-19 17:12:58 - [MESSAGE][INFO] - Checking timeout

2021-11-19 17:12:58 - [MESSAGE][INFO] - Finding web element with id: 'Object Repository/Butonlar/AltButonlar' located by 'By.cssSelector: .btn-group.open li>a' in '10' second(s)

2021-11-19 17:12:58 - [MESSAGE][INFO] - Smart Wait Function is triggered

2021-11-19 17:12:58 - [MESSAGE][INFO] - Found 1 web elements with id: 'Object Repository/Butonlar/AltButonlar' located by 'By.cssSelector: .btn-group.open li>a' in '10' second(s)

2021-11-19 17:12:58 - [MESSAGE][PASSED] - Method.TextDegerineEsitElementVarMi is PASSED

2021-11-19 17:12:58 - [MESSAGE][PASSED] - Call Test Case 'Test Cases/Butonlar/AltButonVarMi' successfully

2021-11-19 17:12:58 - [MESSAGE][INFO] - Checking called Test Case

2021-11-19 17:12:58 - [MESSAGE][INFO] - Starting to call Test Case 'Test Cases/Tablo/TablodakiVeriDetayi'

2021-11-19 17:12:58 - [TEST_CASE][PASSED] - Test Cases/Tablo/TablodakiVeriDetayi: Test Cases/Tablo/TablodakiVeriDetayi

2021-11-19 17:12:58 - [TEST_STEP][PASSED] - Method.TextDegerineEsitElementinAltindakineTikla(findTestObject("Tablo/Veriler"), findTestObject("Object Repository/Tablo/VerininArtiButonu"), Veri_Adi): Method.TextDegerineEsitElementinAltindakineTikla is PASSED

2021-11-19 17:12:58 - [MESSAGE][INFO] - Finding Test Object 'Object Repository/Tablo/Veriler'

2021-11-19 17:12:58 - [MESSAGE][INFO] - Finding Test Object 'Object Repository/Tablo/VerininArtiButonu'

2021-11-19 17:12:58 - [MESSAGE][INFO] - Checking timeout

2021-11-19 17:12:58 - [MESSAGE][INFO] - Finding web element with id: 'Object Repository/Tablo/Veriler' located by 'By.cssSelector: td.dxgv b ,td.dxgv' in '10' second(s)

2021-11-19 17:12:58 - [MESSAGE][INFO] - Smart Wait Function is triggered

2021-11-19 17:12:59 - [MESSAGE][INFO] - Found 110 web elements with id: 'Object Repository/Tablo/Veriler' located by 'By.cssSelector: td.dxgv b ,td.dxgv' in '10' second(s)

2021-11-19 17:12:59 - [MESSAGE][INFO] - Smart Wait Function is triggered

2021-11-19 17:12:59 - [MESSAGE][PASSED] - Method.TextDegerineEsitElementinAltindakineTikla is PASSED

2021-11-19 17:12:59 - [MESSAGE][PASSED] - Call Test Case 'Test Cases/Tablo/TablodakiVeriDetayi' successfully

2021-11-19 17:12:59 - [MESSAGE][INFO] - Checking called Test Case

2021-11-19 17:12:59 - [MESSAGE][INFO] - Starting to call Test Case 'Test Cases/Tablo/ZarfaGitGelenZarflar'

2021-11-19 17:12:59 - [TEST_CASE][PASSED] - Test Cases/Tablo/ZarfaGitGelenZarflar: Test Cases/Tablo/ZarfaGitGelenZarflar

2021-11-19 17:13:00 - [TEST_STEP][PASSED] - waitForElementPresent(findTestObject("Object Repository/Tablo/ZarfaGitGelenZarf"), 10, STOP_ON_FAILURE): Object 'Object Repository/Tablo/ZarfaGitGelenZarf' is present

2021-11-19 17:13:00 - [MESSAGE][INFO] - Finding Test Object 'Object Repository/Tablo/ZarfaGitGelenZarf'

2021-11-19 17:13:00 - [MESSAGE][INFO] - Checking object

2021-11-19 17:13:00 - [MESSAGE][INFO] - Finding web element from Test Object's properties

2021-11-19 17:13:00 - [MESSAGE][INFO] - Checking timeout

2021-11-19 17:13:00 - [MESSAGE][INFO] - Finding web element with id: 'Object Repository/Tablo/ZarfaGitGelenZarf' located by 'By.xpath: //*[@id="GridViewSubEnvelope116111884_tccell0_0"]/a' in '10' second(s)

2021-11-19 17:13:00 - [MESSAGE][INFO] - Smart Wait Function is triggered

2021-11-19 17:13:00 - [MESSAGE][INFO] - Found 1 web elements with id: 'Object Repository/Tablo/ZarfaGitGelenZarf' located by 'By.xpath: //*[@id="GridViewSubEnvelope116111884_tccell0_0"]/a' in '10' second(s)

2021-11-19 17:13:00 - [MESSAGE][PASSED] - Object 'Object Repository/Tablo/ZarfaGitGelenZarf' is present

2021-11-19 17:13:00 - [TEST_STEP][PASSED] - click(findTestObject("Object Repository/Tablo/ZarfaGitGelenZarf"), STOP_ON_FAILURE): Object: 'Object Repository/Tablo/ZarfaGitGelenZarf' is clicked on

2021-11-19 17:13:00 - [MESSAGE][INFO] - Finding Test Object 'Object Repository/Tablo/ZarfaGitGelenZarf'

2021-11-19 17:13:00 - [MESSAGE][INFO] - Checking object

2021-11-19 17:13:00 - [MESSAGE][INFO] - Finding web element from Test Object's properties

2021-11-19 17:13:00 - [MESSAGE][INFO] - Checking timeout

2021-11-19 17:13:00 - [MESSAGE][INFO] - Finding web element with id: 'Object Repository/Tablo/ZarfaGitGelenZarf' located by 'By.xpath: //*[@id="GridViewSubEnvelope116111884_tccell0_0"]/a' in '30' second(s)

2021-11-19 17:13:00 - [MESSAGE][INFO] - Smart Wait Function is triggered

2021-11-19 17:13:01 - [MESSAGE][INFO] - Found 1 web elements with id: 'Object Repository/Tablo/ZarfaGitGelenZarf' located by 'By.xpath: //*[@id="GridViewSubEnvelope116111884_tccell0_0"]/a' in '30' second(s)

2021-11-19 17:13:01 - [MESSAGE][INFO] - Clicking on object: 'Object Repository/Tablo/ZarfaGitGelenZarf'

2021-11-19 17:13:01 - [MESSAGE][PASSED] - Object: 'Object Repository/Tablo/ZarfaGitGelenZarf' is clicked on

2021-11-19 17:13:01 - [MESSAGE][PASSED] - Call Test Case 'Test Cases/Tablo/ZarfaGitGelenZarflar' successfully

2021-11-19 17:13:01 - [MESSAGE][INFO] - Checking called Test Case

2021-11-19 17:13:01 - [MESSAGE][INFO] - Starting to call Test Case 'Test Cases/Sekmeler/YeniSekmeyeGec'

2021-11-19 17:13:01 - [TEST_CASE][PASSED] - Test Cases/Sekmeler/YeniSekmeyeGec: Test Cases/Sekmeler/YeniSekmeyeGec

2021-11-19 17:13:01 - [TEST_STEP][PASSED] - switchToWindowIndex(1): Switched to window with index: '1'

2021-11-19 17:13:01 - [MESSAGE][INFO] - Checking index

2021-11-19 17:13:01 - [MESSAGE][INFO] - Switching window with index: '1'

2021-11-19 17:13:01 - [MESSAGE][PASSED] - Switched to window with index: '1'

2021-11-19 17:13:01 - [MESSAGE][PASSED] - Call Test Case 'Test Cases/Sekmeler/YeniSekmeyeGec' successfully

2021-11-19 17:13:01 - [MESSAGE][INFO] - Checking called Test Case

2021-11-19 17:13:01 - [MESSAGE][INFO] - Starting to call Test Case 'Test Cases/Tablo/TablodaVeriVarMi'

2021-11-19 17:13:01 - [TEST_CASE][PASSED] - Test Cases/Tablo/TablodaVeriVarMi: Test Cases/Tablo/TablodaVeriVarMi

2021-11-19 17:13:02 - [TEST_STEP][PASSED] - verifyTextNotPresent("Görüntülenecek veri yok", true): Text 'Görüntülenecek veri yok' is not present on page using regular expression

2021-11-19 17:13:02 - [MESSAGE][INFO] - Checking text present  using regular expression

2021-11-19 17:13:02 - [MESSAGE][INFO] - Smart Wait Function is triggered

2021-11-19 17:13:02 - [MESSAGE][INFO] - Finding text 'Görüntülenecek veri yok' on page  using regular expression

2021-11-19 17:13:02 - [MESSAGE][PASSED] - Text 'Görüntülenecek veri yok' is not present on page using regular expression

2021-11-19 17:13:02 - [MESSAGE][PASSED] - Call Test Case 'Test Cases/Tablo/TablodaVeriVarMi' successfully

2021-11-19 17:13:02 - [MESSAGE][INFO] - Checking called Test Case

2021-11-19 17:13:02 - [MESSAGE][INFO] - Starting to call Test Case 'Test Cases/Sekmeler/Ana_Sekmeye_Gec'

2021-11-19 17:13:02 - [TEST_CASE][PASSED] - Test Cases/Sekmeler/Ana_Sekmeye_Gec: Test Cases/Sekmeler/Ana_Sekmeye_Gec

2021-11-19 17:13:03 - [TEST_STEP][PASSED] - try: Window with index 1 is closed

2021-11-19 17:13:03 - [TEST_STEP][PASSED] - index = getWindowIndex(): Current window's index is: 1

2021-11-19 17:13:03 - [MESSAGE][INFO] - Getting current window's index

2021-11-19 17:13:03 - [MESSAGE][PASSED] - Current window's index is: 1

2021-11-19 17:13:03 - [TEST_STEP][PASSED] - closeWindowIndex(index): Window with index 1 is closed

2021-11-19 17:13:03 - [MESSAGE][INFO] - Checking index

2021-11-19 17:13:03 - [MESSAGE][INFO] - Closing window with index 1

2021-11-19 17:13:03 - [MESSAGE][PASSED] - Window with index 1 is closed

2021-11-19 17:13:03 - [TEST_STEP][PASSED] - switchToWindowIndex(0): Switched to window with index: '0'

2021-11-19 17:13:03 - [MESSAGE][INFO] - Checking index

2021-11-19 17:13:03 - [MESSAGE][INFO] - Switching window with index: '0'

2021-11-19 17:13:03 - [MESSAGE][PASSED] - Switched to window with index: '0'

2021-11-19 17:13:03 - [MESSAGE][PASSED] - Call Test Case 'Test Cases/Sekmeler/Ana_Sekmeye_Gec' successfully

2021-11-19 17:13:03 - [MESSAGE][INFO] - Checking called Test Case

2021-11-19 17:13:03 - [MESSAGE][INFO] - Starting to call Test Case 'Test Cases/Tablo/TablodakiVeriDetayi'

2021-11-19 17:13:03 - [TEST_CASE][PASSED] - Test Cases/Tablo/TablodakiVeriDetayi: Test Cases/Tablo/TablodakiVeriDetayi

2021-11-19 17:13:03 - [TEST_STEP][PASSED] - Method.TextDegerineEsitElementinAltindakineTikla(findTestObject("Tablo/Veriler"), findTestObject("Object Repository/Tablo/VerininArtiButonu"), Veri_Adi): Method.TextDegerineEsitElementinAltindakineTikla is PASSED

2021-11-19 17:13:03 - [MESSAGE][INFO] - Finding Test Object 'Object Repository/Tablo/Veriler'

2021-11-19 17:13:03 - [MESSAGE][INFO] - Finding Test Object 'Object Repository/Tablo/VerininArtiButonu'

2021-11-19 17:13:04 - [MESSAGE][INFO] - Checking timeout

2021-11-19 17:13:04 - [MESSAGE][INFO] - Finding web element with id: 'Object Repository/Tablo/Veriler' located by 'By.cssSelector: td.dxgv b ,td.dxgv' in '10' second(s)

2021-11-19 17:13:04 - [MESSAGE][INFO] - Smart Wait Function is triggered

2021-11-19 17:13:04 - [MESSAGE][INFO] - Found 133 web elements with id: 'Object Repository/Tablo/Veriler' located by 'By.cssSelector: td.dxgv b ,td.dxgv' in '10' second(s)

2021-11-19 17:13:04 - [MESSAGE][INFO] - Smart Wait Function is triggered

2021-11-19 17:13:04 - [MESSAGE][PASSED] - Method.TextDegerineEsitElementinAltindakineTikla is PASSED

2021-11-19 17:13:04 - [MESSAGE][PASSED] - Call Test Case 'Test Cases/Tablo/TablodakiVeriDetayi' successfully

2021-11-19 17:13:04 - [MESSAGE][INFO] - Checking called Test Case

2021-11-19 17:13:04 - [MESSAGE][INFO] - Starting to call Test Case 'Test Cases/Kullanici_Islemleri/KullaniciIslemlerindenSecimYapilir'

2021-11-19 17:13:04 - [TEST_CASE][PASSED] - Test Cases/Kullanici_Islemleri/KullaniciIslemlerindenSecimYapilir: Test Cases/Kullanici_Islemleri/KullaniciIslemlerindenSecimYapilir

2021-11-19 17:13:05 - [TEST_STEP][PASSED] - waitForElementClickable(findTestObject("Object Repository/Kullanici_Islemleri/KullaniciIslemleri"), 10): Object 'Object Repository/Kullanici_Islemleri/KullaniciIslemleri' is clickable

2021-11-19 17:13:05 - [MESSAGE][INFO] - Finding Test Object 'Object Repository/Kullanici_Islemleri/KullaniciIslemleri'

2021-11-19 17:13:05 - [MESSAGE][INFO] - Checking object

2021-11-19 17:13:05 - [MESSAGE][INFO] - Checking timeout

2021-11-19 17:13:05 - [MESSAGE][INFO] - Finding web element from Test Object's properties

2021-11-19 17:13:05 - [MESSAGE][INFO] - Checking timeout

2021-11-19 17:13:05 - [MESSAGE][INFO] - Finding web element with id: 'Object Repository/Kullanici_Islemleri/KullaniciIslemleri' located by 'By.cssSelector: .dropdown>a>img' in '10' second(s)

2021-11-19 17:13:05 - [MESSAGE][INFO] - Smart Wait Function is triggered

2021-11-19 17:13:05 - [MESSAGE][INFO] - Found 1 web elements with id: 'Object Repository/Kullanici_Islemleri/KullaniciIslemleri' located by 'By.cssSelector: .dropdown>a>img' in '10' second(s)

2021-11-19 17:13:05 - [MESSAGE][PASSED] - Object 'Object Repository/Kullanici_Islemleri/KullaniciIslemleri' is clickable

2021-11-19 17:13:05 - [TEST_STEP][PASSED] - click(findTestObject("Object Repository/Kullanici_Islemleri/KullaniciIslemleri")): Object: 'Object Repository/Kullanici_Islemleri/KullaniciIslemleri' is clicked on

2021-11-19 17:13:05 - [MESSAGE][INFO] - Finding Test Object 'Object Repository/Kullanici_Islemleri/KullaniciIslemleri'

2021-11-19 17:13:05 - [MESSAGE][INFO] - Checking object

2021-11-19 17:13:05 - [MESSAGE][INFO] - Finding web element from Test Object's properties

2021-11-19 17:13:05 - [MESSAGE][INFO] - Checking timeout

2021-11-19 17:13:05 - [MESSAGE][INFO] - Finding web element with id: 'Object Repository/Kullanici_Islemleri/KullaniciIslemleri' located by 'By.cssSelector: .dropdown>a>img' in '30' second(s)

2021-11-19 17:13:05 - [MESSAGE][INFO] - Smart Wait Function is triggered

2021-11-19 17:13:06 - [MESSAGE][INFO] - Found 1 web elements with id: 'Object Repository/Kullanici_Islemleri/KullaniciIslemleri' located by 'By.cssSelector: .dropdown>a>img' in '30' second(s)

2021-11-19 17:13:06 - [MESSAGE][INFO] - Clicking on object: 'Object Repository/Kullanici_Islemleri/KullaniciIslemleri'

2021-11-19 17:13:06 - [MESSAGE][PASSED] - Object: 'Object Repository/Kullanici_Islemleri/KullaniciIslemleri' is clicked on

2021-11-19 17:13:06 - [TEST_STEP][PASSED] - Method.TextDegerineEsitElementeTikla(findTestObject("Object Repository/Kullanici_Islemleri/Secenekler"), Islem): Method.TextDegerineEsitElementeTikla is PASSED

2021-11-19 17:13:06 - [MESSAGE][INFO] - Finding Test Object 'Object Repository/Kullanici_Islemleri/Secenekler'

2021-11-19 17:13:06 - [MESSAGE][INFO] - Checking timeout

2021-11-19 17:13:06 - [MESSAGE][INFO] - Finding web element with id: 'Object Repository/Kullanici_Islemleri/Secenekler' located by 'By.cssSelector: .nav.navbar-nav.navbar-right li a' in '10' second(s)

2021-11-19 17:13:06 - [MESSAGE][INFO] - Smart Wait Function is triggered

2021-11-19 17:13:06 - [MESSAGE][INFO] - Found 22 web elements with id: 'Object Repository/Kullanici_Islemleri/Secenekler' located by 'By.cssSelector: .nav.navbar-nav.navbar-right li a' in '10' second(s)

2021-11-19 17:13:07 - [MESSAGE][PASSED] - Method.TextDegerineEsitElementeTikla is PASSED

2021-11-19 17:13:07 - [TEST_STEP][PASSED] - verifyElementNotPresent(findTestObject("Object Repository/Kullanici_Islemleri/Secenekler"), 10): Web element with id: 'Object Repository/Kullanici_Islemleri/Secenekler' located by 'By.cssSelector: .nav.navbar-nav.navbar-right li a' is not present after '10' second(s)

2021-11-19 17:13:07 - [MESSAGE][INFO] - Finding Test Object 'Object Repository/Kullanici_Islemleri/Secenekler'

2021-11-19 17:13:07 - [MESSAGE][INFO] - Checking object

2021-11-19 17:13:07 - [MESSAGE][INFO] - Checking timeout

2021-11-19 17:13:07 - [MESSAGE][INFO] - Finding web element with id: 'Object Repository/Kullanici_Islemleri/Secenekler' located by 'By.cssSelector: .nav.navbar-nav.navbar-right li a' in '10' second(s)

2021-11-19 17:13:07 - [MESSAGE][INFO] - Smart Wait Function is triggered

2021-11-19 17:13:08 - [MESSAGE][PASSED] - Web element with id: 'Object Repository/Kullanici_Islemleri/Secenekler' located by 'By.cssSelector: .nav.navbar-nav.navbar-right li a' is not present after '10' second(s)

2021-11-19 17:13:08 - [MESSAGE][PASSED] - Call Test Case 'Test Cases/Kullanici_Islemleri/KullaniciIslemlerindenSecimYapilir' successfully

2021-11-19 17:13:08 - [TEST_CASE][PASSED] - Start Test Case : SCENARIO Gelen Zarflar Buton Kontrolu: SCENARIO Gelen Zarflar Buton Kontrolu

2021-11-19 17:13:08 - [TEST_STEP][PASSED] - Kullanıcı adı ELOGO6 ve Şifre 123456 olarak giriş yapılır: Kullanıcı adı ELOGO6 ve Şifre 123456 olarak giriş yapılır

2021-11-19 17:13:08 - [MESSAGE][PASSED] - Kullanıcı adı ELOGO6 ve Şifre 123456 olarak giriş yapılır

2021-11-19 17:13:08 - [TEST_STEP][PASSED] - Ana menüden Zarflar seçilir: Ana menüden Zarflar seçilir

2021-11-19 17:13:08 - [MESSAGE][PASSED] - Ana menüden Zarflar seçilir

2021-11-19 17:13:08 - [TEST_STEP][PASSED] - Alt menüden Gelen Zarflar seçilir: Alt menüden Gelen Zarflar seçilir

2021-11-19 17:13:08 - [MESSAGE][PASSED] - Alt menüden Gelen Zarflar seçilir

2021-11-19 17:13:08 - [TEST_STEP][PASSED] - Filtrelerden Oluşturma Tarihi filtresine 01.11.2020 baslangic degerini yaz: Filtrelerden Oluşturma Tarihi filtresine 01.11.2020 baslangic degerini yaz

2021-11-19 17:13:08 - [MESSAGE][PASSED] - Filtrelerden Oluşturma Tarihi filtresine 01.11.2020 baslangic degerini yaz

2021-11-19 17:13:08 - [TEST_STEP][PASSED] - Filtrelerden Oluşturma Tarihi filtresine 30.11.2020 bitis degerini yaz: Filtrelerden Oluşturma Tarihi filtresine 30.11.2020 bitis degerini yaz

2021-11-19 17:13:08 - [MESSAGE][PASSED] - Filtrelerden Oluşturma Tarihi filtresine 30.11.2020 bitis degerini yaz

2021-11-19 17:13:08 - [TEST_STEP][PASSED] - Filtre butonlarından Listele seçilir: Filtre butonlarından Listele seçilir

2021-11-19 17:13:08 - [MESSAGE][PASSED] - Filtre butonlarından Listele seçilir

2021-11-19 17:13:08 - [TEST_STEP][PASSED] - Tablodan Test Kurum 6 isimli verinin detayı tıklanır: Tablodan Test Kurum 6 isimli verinin detayı tıklanır

2021-11-19 17:13:08 - [MESSAGE][PASSED] - Tablodan Test Kurum 6 isimli verinin detayı tıklanır

2021-11-19 17:13:08 - [TEST_STEP][PASSED] - Tablodan Test Kurum 6 isimli verinin detayı tıklanır: Tablodan Test Kurum 6 isimli verinin detayı tıklanır

2021-11-19 17:13:08 - [MESSAGE][PASSED] - Tablodan Test Kurum 6 isimli verinin detayı tıklanır

2021-11-19 17:13:08 - [TEST_STEP][PASSED] - Sayfa butonlarından 2 numaralı sayfa butonuna tıklanır: Sayfa butonlarından 2 numaralı sayfa butonuna tıklanır

2021-11-19 17:13:08 - [MESSAGE][PASSED] - Sayfa butonlarından 2 numaralı sayfa butonuna tıklanır

2021-11-19 17:13:08 - [TEST_STEP][PASSED] - Sayfa butonlarından 1 numaralı sayfa butonuna tıklanır: Sayfa butonlarından 1 numaralı sayfa butonuna tıklanır

2021-11-19 17:13:08 - [MESSAGE][PASSED] - Sayfa butonlarından 1 numaralı sayfa butonuna tıklanır

2021-11-19 17:13:08 - [TEST_STEP][PASSED] - Zarflar sayfa boyutu 20 olarak seçilir: Zarflar sayfa boyutu 20 olarak seçilir

2021-11-19 17:13:08 - [MESSAGE][PASSED] - Zarflar sayfa boyutu 20 olarak seçilir

2021-11-19 17:13:08 - [TEST_STEP][PASSED] - Zarflar sayfa boyutu 50 olarak seçilir: Zarflar sayfa boyutu 50 olarak seçilir

2021-11-19 17:13:08 - [MESSAGE][PASSED] - Zarflar sayfa boyutu 50 olarak seçilir

2021-11-19 17:13:08 - [TEST_STEP][PASSED] - Zarflar sayfa boyutu 10 olarak seçilir: Zarflar sayfa boyutu 10 olarak seçilir

2021-11-19 17:13:08 - [MESSAGE][PASSED] - Zarflar sayfa boyutu 10 olarak seçilir

2021-11-19 17:13:08 - [TEST_STEP][PASSED] - Filtre alanlarında Zarf ID var mı: Filtre alanlarında Zarf ID var mı

2021-11-19 17:13:08 - [MESSAGE][PASSED] - Filtre alanlarında Zarf ID var mı

2021-11-19 17:13:08 - [TEST_STEP][PASSED] - Filtre alanlarında Durum Kodu var mı: Filtre alanlarında Durum Kodu var mı

2021-11-19 17:13:08 - [MESSAGE][PASSED] - Filtre alanlarında Durum Kodu var mı

2021-11-19 17:13:08 - [TEST_STEP][PASSED] - Filtre alanlarında Oluşturma Tarihi var mı: Filtre alanlarında Oluşturma Tarihi var mı

2021-11-19 17:13:08 - [MESSAGE][PASSED] - Filtre alanlarında Oluşturma Tarihi var mı

2021-11-19 17:13:08 - [TEST_STEP][PASSED] - Filtre alanlarında Kullanıcı Kodu var mı: Filtre alanlarında Kullanıcı Kodu var mı

2021-11-19 17:13:08 - [MESSAGE][PASSED] - Filtre alanlarında Kullanıcı Kodu var mı

2021-11-19 17:13:08 - [TEST_STEP][PASSED] - Filtre alanlarında Gönderen VKN var mı: Filtre alanlarında Gönderen VKN var mı

2021-11-19 17:13:08 - [MESSAGE][PASSED] - Filtre alanlarında Gönderen VKN var mı

2021-11-19 17:13:08 - [TEST_STEP][PASSED] - Filtre alanlarında Gönderen Ünvan var mı: Filtre alanlarında Gönderen Ünvan var mı

2021-11-19 17:13:08 - [MESSAGE][PASSED] - Filtre alanlarında Gönderen Ünvan var mı

2021-11-19 17:13:08 - [TEST_STEP][PASSED] - Filtre alanlarında Belge Türü var mı: Filtre alanlarında Belge Türü var mı

2021-11-19 17:13:08 - [MESSAGE][PASSED] - Filtre alanlarında Belge Türü var mı

2021-11-19 17:13:08 - [TEST_STEP][PASSED] - Filtre alanlarında Tüm Hesaplar var mı: Filtre alanlarında Tüm Hesaplar var mı

2021-11-19 17:13:08 - [MESSAGE][PASSED] - Filtre alanlarında Tüm Hesaplar var mı

2021-11-19 17:13:08 - [TEST_STEP][PASSED] - Filtre butonlarında Filtreleri Kaydet var mı: Filtre butonlarında Filtreleri Kaydet var mı

2021-11-19 17:13:08 - [MESSAGE][PASSED] - Filtre butonlarında Filtreleri Kaydet var mı

2021-11-19 17:13:08 - [TEST_STEP][PASSED] - Filtre butonlarında Listele var mı: Filtre butonlarında Listele var mı

2021-11-19 17:13:08 - [MESSAGE][PASSED] - Filtre butonlarında Listele var mı

2021-11-19 17:13:08 - [TEST_STEP][PASSED] - Filtre butonlarında Temizle var mı: Filtre butonlarında Temizle var mı

2021-11-19 17:13:08 - [MESSAGE][PASSED] - Filtre butonlarında Temizle var mı

2021-11-19 17:13:08 - [TEST_STEP][PASSED] - Butonlardan Excel var mı: Butonlardan Excel var mı

2021-11-19 17:13:08 - [MESSAGE][PASSED] - Butonlardan Excel var mı

2021-11-19 17:13:08 - [TEST_STEP][PASSED] - Butonlardan Toplu İndirme var mı: Butonlardan Toplu İndirme var mı

2021-11-19 17:13:08 - [MESSAGE][PASSED] - Butonlardan Toplu İndirme var mı

2021-11-19 17:13:08 - [TEST_STEP][PASSED] - Butonlardan İndir var mı: Butonlardan İndir var mı

2021-11-19 17:13:08 - [MESSAGE][PASSED] - Butonlardan İndir var mı

2021-11-19 17:13:08 - [TEST_STEP][PASSED] - Butonlardan İzleme Kayıtları var mı: Butonlardan İzleme Kayıtları var mı

2021-11-19 17:13:08 - [MESSAGE][PASSED] - Butonlardan İzleme Kayıtları var mı

2021-11-19 17:13:08 - [TEST_STEP][PASSED] - Butonlardan Excel isimli butona tıklanır: Butonlardan Excel isimli butona tıklanır

2021-11-19 17:13:08 - [MESSAGE][PASSED] - Butonlardan Excel isimli butona tıklanır

2021-11-19 17:13:08 - [TEST_STEP][PASSED] - Alt butonlardan Seçilenleri Excel 'e Aktar var mı: Alt butonlardan Seçilenleri Excel 'e Aktar var mı

2021-11-19 17:13:08 - [MESSAGE][PASSED] - Alt butonlardan Seçilenleri Excel 'e Aktar var mı

2021-11-19 17:13:08 - [TEST_STEP][PASSED] - Alt butonlardan Tümünü Excel 'e Aktar var mı: Alt butonlardan Tümünü Excel 'e Aktar var mı

2021-11-19 17:13:08 - [MESSAGE][PASSED] - Alt butonlardan Tümünü Excel 'e Aktar var mı

2021-11-19 17:13:08 - [TEST_STEP][PASSED] - Butonlardan Toplu İndirme isimli butona tıklanır: Butonlardan Toplu İndirme isimli butona tıklanır

2021-11-19 17:13:08 - [MESSAGE][PASSED] - Butonlardan Toplu İndirme isimli butona tıklanır

2021-11-19 17:13:08 - [TEST_STEP][PASSED] - Alt butonlardan UBL Seçilenleri İndir var mı: Alt butonlardan UBL Seçilenleri İndir var mı

2021-11-19 17:13:08 - [MESSAGE][PASSED] - Alt butonlardan UBL Seçilenleri İndir var mı

2021-11-19 17:13:08 - [TEST_STEP][PASSED] - Alt butonlardan UBL Tümünü İndir var mı: Alt butonlardan UBL Tümünü İndir var mı

2021-11-19 17:13:08 - [MESSAGE][PASSED] - Alt butonlardan UBL Tümünü İndir var mı

2021-11-19 17:13:08 - [TEST_STEP][PASSED] - Butonlardan İndir isimli butona tıklanır: Butonlardan İndir isimli butona tıklanır

2021-11-19 17:13:08 - [MESSAGE][PASSED] - Butonlardan İndir isimli butona tıklanır

2021-11-19 17:13:08 - [TEST_STEP][PASSED] - Alt butonlardan İndir var mı: Alt butonlardan İndir var mı

2021-11-19 17:13:08 - [MESSAGE][PASSED] - Alt butonlardan İndir var mı

2021-11-19 17:13:08 - [TEST_STEP][PASSED] - Tablodan Test Kurum 6 isimli verinin detayı tıklanır: Tablodan Test Kurum 6 isimli verinin detayı tıklanır

2021-11-19 17:13:08 - [MESSAGE][PASSED] - Tablodan Test Kurum 6 isimli verinin detayı tıklanır

2021-11-19 17:13:08 - [TEST_STEP][PASSED] - Gelen zarflar altındaki zarfa git butonuna tıklanır: Gelen zarflar altındaki zarfa git butonuna tıklanır

2021-11-19 17:13:08 - [MESSAGE][PASSED] - Gelen zarflar altındaki zarfa git butonuna tıklanır

2021-11-19 17:13:08 - [TEST_STEP][PASSED] - Yeni açılan sekmeye geçilir: Yeni açılan sekmeye geçilir

2021-11-19 17:13:08 - [MESSAGE][PASSED] - Yeni açılan sekmeye geçilir

2021-11-19 17:13:08 - [TEST_STEP][PASSED] - Tabloda veri var mı kontrol edilir: Tabloda veri var mı kontrol edilir

2021-11-19 17:13:08 - [MESSAGE][PASSED] - Tabloda veri var mı kontrol edilir

2021-11-19 17:13:08 - [TEST_STEP][PASSED] - Ana sekmeye geçilir: Ana sekmeye geçilir

2021-11-19 17:13:08 - [MESSAGE][PASSED] - Ana sekmeye geçilir

2021-11-19 17:13:08 - [TEST_STEP][PASSED] - Tablodan Test Kurum 6 isimli verinin detayı tıklanır: Tablodan Test Kurum 6 isimli verinin detayı tıklanır

2021-11-19 17:13:08 - [MESSAGE][PASSED] - Tablodan Test Kurum 6 isimli verinin detayı tıklanır

2021-11-19 17:13:08 - [TEST_STEP][PASSED] - Kullanıcı işlemlerinden Çıkış seçilir: Kullanıcı işlemlerinden Çıkış seçilir

2021-11-19 17:13:08 - [MESSAGE][PASSED] - Kullanıcı işlemlerinden Çıkış seçilir

2021-11-19 17:13:08 - [MESSAGE][PASSED] - Feature file: 'Include/features/Zarflar/Gelen Zarflar/Ekran Kontrolu.feature' was passed

2021-11-19 17:13:08 - [TEST_STEP][PASSED] - Start listener action : sampleAfterTestSuite: Invoke 'com.kms.katalon.core.annotation.AfterTestCase' method: 'Listener.sampleAfterTestSuite(...)' completed.

2021-11-19 17:13:08 - [MESSAGE][INFO] - Starting invoke 'com.kms.katalon.core.annotation.AfterTestCase' method: 'Listener.sampleAfterTestSuite(...)'

2021-11-19 17:13:08 - [TEST_STEP][PASSED] - closeBrowser(): Invoke 'com.kms.katalon.core.annotation.AfterTestCase' method: 'Listener.sampleAfterTestSuite(...)' completed.

2021-11-19 17:13:08 - [MESSAGE][INFO] - Closing browser

2021-11-19 17:13:09 - [MESSAGE][PASSED] - Browser is closed

2021-11-19 17:13:09 - [MESSAGE][INFO] - Invoke 'com.kms.katalon.core.annotation.AfterTestCase' method: 'Listener.sampleAfterTestSuite(...)' completed.]]></system-out>
         <system-err><![CDATA[]]></system-err>
      </testcase>
      <testcase name="Test Cases/Case Repository/Zarflar/Gelen Zarflar/Indir" time="42.868" classname="Test Cases/Case Repository/Zarflar/Gelen Zarflar/Indir" status="PASSED">
         <system-out><![CDATA[2021-11-19 17:13:09 - [TEST_CASE][PASSED] - Test Cases/Case Repository/Zarflar/Gelen Zarflar/Indir: Test Cases/Case Repository/Zarflar/Gelen Zarflar/Indir

2021-11-19 17:13:09 - [TEST_STEP][PASSED] - Start listener action : sampleBeforeTestSuite: Invoke 'com.kms.katalon.core.annotation.BeforeTestCase' method: 'Listener.sampleBeforeTestSuite(...)' completed.

2021-11-19 17:13:09 - [MESSAGE][INFO] - Starting invoke 'com.kms.katalon.core.annotation.BeforeTestCase' method: 'Listener.sampleBeforeTestSuite(...)'

2021-11-19 17:13:09 - [TEST_STEP][PASSED] - openBrowser(baseUrl): Browser is opened with url: 'https://efatura-stage.elogo.com.tr/'

2021-11-19 17:13:09 - [MESSAGE][INFO] - Opening browser

2021-11-19 17:13:09 - [MESSAGE][INFO] - Starting 'Chrome' driver

2021-11-19 17:13:09 - [MESSAGE][INFO] - User set preference: ['prefs', '{download.default_directory=C:\otomasyondownfiles}']

2021-11-19 17:13:09 - [MESSAGE][INFO] - Action delay is set to 0 milliseconds

2021-11-19 17:13:10 - [MESSAGE][INFO] - Navigating browser to: 'https://efatura-stage.elogo.com.tr/'

2021-11-19 17:13:13 - [MESSAGE][PASSED] - Browser is opened with url: 'https://efatura-stage.elogo.com.tr/'

2021-11-19 17:13:13 - [TEST_STEP][PASSED] - maximizeWindow(): Invoke 'com.kms.katalon.core.annotation.BeforeTestCase' method: 'Listener.sampleBeforeTestSuite(...)' completed.

2021-11-19 17:13:13 - [MESSAGE][INFO] - Maximizing current window

2021-11-19 17:13:13 - [MESSAGE][PASSED] - Current window maximized

2021-11-19 17:13:13 - [MESSAGE][INFO] - Invoke 'com.kms.katalon.core.annotation.BeforeTestCase' method: 'Listener.sampleBeforeTestSuite(...)' completed.

2021-11-19 17:13:13 - [TEST_STEP][PASSED] - runFeatureFile("Include/features/Zarflar/Gelen Zarflar/Indir.feature"): Feature file: 'Include/features/Zarflar/Gelen Zarflar/Indir.feature' was passed

2021-11-19 17:13:13 - [MESSAGE][INFO] - Starting run keyword runFeatureFile: 'Include/features/Zarflar/Gelen Zarflar/Indir.feature' and extract report to folder: 'C:\Users\DELL\Documents\GitHub\EES_KatalonLogo\Reports\20211119_164526\Suite Repository\Zarflar\20211119_164611/cucumber_report/1637331193704'...

2021-11-19 17:13:13 - [MESSAGE][INFO] - Glue: []

2021-11-19 17:13:15 - [MESSAGE][INFO] - Checking called Test Case

2021-11-19 17:13:15 - [MESSAGE][INFO] - Starting to call Test Case 'Test Cases/Sayfalar/Giris_Sayfasi/Login'

2021-11-19 17:13:15 - [TEST_CASE][PASSED] - Test Cases/Sayfalar/Giris_Sayfasi/Login: Test Cases/Sayfalar/Giris_Sayfasi/Login

2021-11-19 17:13:15 - [TEST_STEP][PASSED] - Sayfa_Basligi = getWindowTitle(): Current window's title is: 'LOGO e-Fatura'

2021-11-19 17:13:15 - [MESSAGE][INFO] - Getting current window's title

2021-11-19 17:13:15 - [MESSAGE][PASSED] - Current window's title is: 'LOGO e-Fatura'

2021-11-19 17:13:15 - [TEST_STEP][PASSED] - verifyMatch(Sayfa_Basligi, "LOGO e-Fatura", false): Actual text 'LOGO e-Fatura' and expected text 'LOGO e-Fatura' are matched 

2021-11-19 17:13:15 - [MESSAGE][INFO] - Matching actual text 'LOGO e-Fatura' with expected text 'LOGO e-Fatura'

2021-11-19 17:13:15 - [MESSAGE][PASSED] - Actual text 'LOGO e-Fatura' and expected text 'LOGO e-Fatura' are matched 

2021-11-19 17:13:15 - [TEST_STEP][PASSED] - sendKeys(findTestObject("Sayfalar/Giris_Sayfasi/Firma_Kodu"), KullaniciAdi): Keys 'ELOGO6' sent to object: 'Object Repository/Sayfalar/Giris_Sayfasi/Firma_Kodu'

2021-11-19 17:13:15 - [MESSAGE][INFO] - Finding Test Object 'Object Repository/Sayfalar/Giris_Sayfasi/Firma_Kodu'

2021-11-19 17:13:15 - [MESSAGE][INFO] - Sending keys 'ELOGO6' to object: 'Object Repository/Sayfalar/Giris_Sayfasi/Firma_Kodu'

2021-11-19 17:13:15 - [MESSAGE][INFO] - Finding web element from Test Object's properties

2021-11-19 17:13:15 - [MESSAGE][INFO] - Checking timeout

2021-11-19 17:13:15 - [MESSAGE][INFO] - Finding web element with id: 'Object Repository/Sayfalar/Giris_Sayfasi/Firma_Kodu' located by 'By.xpath: //*[@id = 'AccountName']' in '30' second(s)

2021-11-19 17:13:15 - [MESSAGE][INFO] - Smart Wait Function is triggered

2021-11-19 17:13:15 - [MESSAGE][INFO] - Found 1 web elements with id: 'Object Repository/Sayfalar/Giris_Sayfasi/Firma_Kodu' located by 'By.xpath: //*[@id = 'AccountName']' in '30' second(s)

2021-11-19 17:13:16 - [MESSAGE][PASSED] - Keys 'ELOGO6' sent to object: 'Object Repository/Sayfalar/Giris_Sayfasi/Firma_Kodu'

2021-11-19 17:13:16 - [TEST_STEP][PASSED] - sendKeys(findTestObject("Sayfalar/Giris_Sayfasi/Sifre"), Sifre): Keys '123456' sent to object: 'Object Repository/Sayfalar/Giris_Sayfasi/Sifre'

2021-11-19 17:13:16 - [MESSAGE][INFO] - Finding Test Object 'Object Repository/Sayfalar/Giris_Sayfasi/Sifre'

2021-11-19 17:13:16 - [MESSAGE][INFO] - Sending keys '123456' to object: 'Object Repository/Sayfalar/Giris_Sayfasi/Sifre'

2021-11-19 17:13:16 - [MESSAGE][INFO] - Finding web element from Test Object's properties

2021-11-19 17:13:16 - [MESSAGE][INFO] - Checking timeout

2021-11-19 17:13:16 - [MESSAGE][INFO] - Finding web element with id: 'Object Repository/Sayfalar/Giris_Sayfasi/Sifre' located by 'By.xpath: //*[@id = 'Password']' in '30' second(s)

2021-11-19 17:13:16 - [MESSAGE][INFO] - Smart Wait Function is triggered

2021-11-19 17:13:16 - [MESSAGE][INFO] - Found 1 web elements with id: 'Object Repository/Sayfalar/Giris_Sayfasi/Sifre' located by 'By.xpath: //*[@id = 'Password']' in '30' second(s)

2021-11-19 17:13:16 - [MESSAGE][PASSED] - Keys '123456' sent to object: 'Object Repository/Sayfalar/Giris_Sayfasi/Sifre'

2021-11-19 17:13:16 - [TEST_STEP][PASSED] - findWebElement(findTestObject("Sayfalar/Giris_Sayfasi/Giris_Butonu")).click(): Found 1 web elements with id: 'Object Repository/Sayfalar/Giris_Sayfasi/Giris_Butonu' located by 'By.cssSelector: #btnLogin' in '30' second(s)

2021-11-19 17:13:16 - [MESSAGE][INFO] - Finding Test Object 'Object Repository/Sayfalar/Giris_Sayfasi/Giris_Butonu'

2021-11-19 17:13:17 - [MESSAGE][INFO] - Finding web element from Test Object's properties

2021-11-19 17:13:17 - [MESSAGE][INFO] - Checking timeout

2021-11-19 17:13:17 - [MESSAGE][INFO] - Finding web element with id: 'Object Repository/Sayfalar/Giris_Sayfasi/Giris_Butonu' located by 'By.cssSelector: #btnLogin' in '30' second(s)

2021-11-19 17:13:17 - [MESSAGE][INFO] - Smart Wait Function is triggered

2021-11-19 17:13:17 - [MESSAGE][INFO] - Found 1 web elements with id: 'Object Repository/Sayfalar/Giris_Sayfasi/Giris_Butonu' located by 'By.cssSelector: #btnLogin' in '30' second(s)

2021-11-19 17:13:19 - [TEST_STEP][PASSED] - if (verifyElementPresent(findTestObject("Object Repository/Sayfalar/Giris_Sayfasi/RetveTamam_Butonu"), 5, OPTIONAL)): null

2021-11-19 17:13:19 - [MESSAGE][INFO] - Finding Test Object 'Object Repository/Sayfalar/Giris_Sayfasi/RetveTamam_Butonu'

2021-11-19 17:13:20 - [MESSAGE][INFO] - Checking object

2021-11-19 17:13:20 - [MESSAGE][INFO] - Finding web element from Test Object's properties

2021-11-19 17:13:20 - [MESSAGE][INFO] - Checking timeout

2021-11-19 17:13:20 - [MESSAGE][INFO] - Finding web element with id: 'Object Repository/Sayfalar/Giris_Sayfasi/RetveTamam_Butonu' located by 'By.xpath: //*[@class = 'btn btn-default']' in '5' second(s)

2021-11-19 17:13:20 - [MESSAGE][INFO] - Smart Wait Function is triggered

2021-11-19 17:13:20 - [MESSAGE][INFO] - Found 1 web elements with id: 'Object Repository/Sayfalar/Giris_Sayfasi/RetveTamam_Butonu' located by 'By.xpath: //*[@class = 'btn btn-default']' in '5' second(s)

2021-11-19 17:13:20 - [MESSAGE][PASSED] - Object 'Object Repository/Sayfalar/Giris_Sayfasi/RetveTamam_Butonu' is present

2021-11-19 17:13:20 - [TEST_STEP][PASSED] - click(findTestObject("Object Repository/Sayfalar/Giris_Sayfasi/RetveTamam_Butonu")): Object: 'Object Repository/Sayfalar/Giris_Sayfasi/RetveTamam_Butonu' is clicked on

2021-11-19 17:13:20 - [MESSAGE][INFO] - Finding Test Object 'Object Repository/Sayfalar/Giris_Sayfasi/RetveTamam_Butonu'

2021-11-19 17:13:20 - [MESSAGE][INFO] - Checking object

2021-11-19 17:13:20 - [MESSAGE][INFO] - Finding web element from Test Object's properties

2021-11-19 17:13:20 - [MESSAGE][INFO] - Checking timeout

2021-11-19 17:13:20 - [MESSAGE][INFO] - Finding web element with id: 'Object Repository/Sayfalar/Giris_Sayfasi/RetveTamam_Butonu' located by 'By.xpath: //*[@class = 'btn btn-default']' in '30' second(s)

2021-11-19 17:13:20 - [MESSAGE][INFO] - Smart Wait Function is triggered

2021-11-19 17:13:20 - [MESSAGE][INFO] - Found 1 web elements with id: 'Object Repository/Sayfalar/Giris_Sayfasi/RetveTamam_Butonu' located by 'By.xpath: //*[@class = 'btn btn-default']' in '30' second(s)

2021-11-19 17:13:20 - [MESSAGE][INFO] - Clicking on object: 'Object Repository/Sayfalar/Giris_Sayfasi/RetveTamam_Butonu'

2021-11-19 17:13:20 - [MESSAGE][PASSED] - Object: 'Object Repository/Sayfalar/Giris_Sayfasi/RetveTamam_Butonu' is clicked on

2021-11-19 17:13:20 - [TEST_STEP][PASSED] - click(findTestObject("Object Repository/Sayfalar/Giris_Sayfasi/RetveTamam_Butonu")): Object: 'Object Repository/Sayfalar/Giris_Sayfasi/RetveTamam_Butonu' is clicked on

2021-11-19 17:13:20 - [MESSAGE][INFO] - Finding Test Object 'Object Repository/Sayfalar/Giris_Sayfasi/RetveTamam_Butonu'

2021-11-19 17:13:20 - [MESSAGE][INFO] - Checking object

2021-11-19 17:13:20 - [MESSAGE][INFO] - Finding web element from Test Object's properties

2021-11-19 17:13:20 - [MESSAGE][INFO] - Checking timeout

2021-11-19 17:13:20 - [MESSAGE][INFO] - Finding web element with id: 'Object Repository/Sayfalar/Giris_Sayfasi/RetveTamam_Butonu' located by 'By.xpath: //*[@class = 'btn btn-default']' in '30' second(s)

2021-11-19 17:13:20 - [MESSAGE][INFO] - Smart Wait Function is triggered

2021-11-19 17:13:26 - [MESSAGE][INFO] - Found 1 web elements with id: 'Object Repository/Sayfalar/Giris_Sayfasi/RetveTamam_Butonu' located by 'By.xpath: //*[@class = 'btn btn-default']' in '30' second(s)

2021-11-19 17:13:26 - [MESSAGE][INFO] - Clicking on object: 'Object Repository/Sayfalar/Giris_Sayfasi/RetveTamam_Butonu'

2021-11-19 17:13:26 - [MESSAGE][PASSED] - Object: 'Object Repository/Sayfalar/Giris_Sayfasi/RetveTamam_Butonu' is clicked on

2021-11-19 17:13:26 - [TEST_STEP][PASSED] - if (verifyElementPresent(findTestObject("Sayfalar/Giris_Sayfasi/PopupOK"), 5, OPTIONAL)): null

2021-11-19 17:13:26 - [MESSAGE][INFO] - Finding Test Object 'Object Repository/Sayfalar/Giris_Sayfasi/PopupOK'

2021-11-19 17:13:26 - [MESSAGE][INFO] - Checking object

2021-11-19 17:13:26 - [MESSAGE][INFO] - Finding web element from Test Object's properties

2021-11-19 17:13:26 - [MESSAGE][INFO] - Checking timeout

2021-11-19 17:13:26 - [MESSAGE][INFO] - Finding web element with id: 'Object Repository/Sayfalar/Giris_Sayfasi/PopupOK' located by 'By.cssSelector: .btn.btn-success' in '5' second(s)

2021-11-19 17:13:26 - [MESSAGE][INFO] - Smart Wait Function is triggered

2021-11-19 17:13:27 - [MESSAGE][INFO] - Found 1 web elements with id: 'Object Repository/Sayfalar/Giris_Sayfasi/PopupOK' located by 'By.cssSelector: .btn.btn-success' in '5' second(s)

2021-11-19 17:13:27 - [MESSAGE][PASSED] - Object 'Object Repository/Sayfalar/Giris_Sayfasi/PopupOK' is present

2021-11-19 17:13:27 - [TEST_STEP][PASSED] - click(findTestObject("Object Repository/Sayfalar/Giris_Sayfasi/PopupCarpiGiris")): Object: 'Object Repository/Sayfalar/Giris_Sayfasi/PopupCarpiGiris' is clicked on

2021-11-19 17:13:27 - [MESSAGE][INFO] - Finding Test Object 'Object Repository/Sayfalar/Giris_Sayfasi/PopupCarpiGiris'

2021-11-19 17:13:27 - [MESSAGE][INFO] - Checking object

2021-11-19 17:13:27 - [MESSAGE][INFO] - Finding web element from Test Object's properties

2021-11-19 17:13:27 - [MESSAGE][INFO] - Checking timeout

2021-11-19 17:13:27 - [MESSAGE][INFO] - Finding web element with id: 'Object Repository/Sayfalar/Giris_Sayfasi/PopupCarpiGiris' located by 'By.cssSelector: .bootbox-close-button.close' in '30' second(s)

2021-11-19 17:13:27 - [MESSAGE][INFO] - Smart Wait Function is triggered

2021-11-19 17:13:27 - [MESSAGE][INFO] - Found 1 web elements with id: 'Object Repository/Sayfalar/Giris_Sayfasi/PopupCarpiGiris' located by 'By.cssSelector: .bootbox-close-button.close' in '30' second(s)

2021-11-19 17:13:27 - [MESSAGE][INFO] - Clicking on object: 'Object Repository/Sayfalar/Giris_Sayfasi/PopupCarpiGiris'

2021-11-19 17:13:27 - [MESSAGE][PASSED] - Object: 'Object Repository/Sayfalar/Giris_Sayfasi/PopupCarpiGiris' is clicked on

2021-11-19 17:13:27 - [TEST_STEP][PASSED] - verifyElementVisible(findTestObject("Object Repository/Kullanici_Islemleri/KullaniciIslemleri")): Object 'Object Repository/Kullanici_Islemleri/KullaniciIslemleri' is visible

2021-11-19 17:13:27 - [MESSAGE][INFO] - Finding Test Object 'Object Repository/Kullanici_Islemleri/KullaniciIslemleri'

2021-11-19 17:13:27 - [MESSAGE][INFO] - Checking object

2021-11-19 17:13:27 - [MESSAGE][INFO] - Finding web element from Test Object's properties

2021-11-19 17:13:27 - [MESSAGE][INFO] - Checking timeout

2021-11-19 17:13:27 - [MESSAGE][INFO] - Finding web element with id: 'Object Repository/Kullanici_Islemleri/KullaniciIslemleri' located by 'By.cssSelector: .dropdown>a>img' in '30' second(s)

2021-11-19 17:13:27 - [MESSAGE][INFO] - Smart Wait Function is triggered

2021-11-19 17:13:28 - [MESSAGE][INFO] - Found 1 web elements with id: 'Object Repository/Kullanici_Islemleri/KullaniciIslemleri' located by 'By.cssSelector: .dropdown>a>img' in '30' second(s)

2021-11-19 17:13:28 - [MESSAGE][PASSED] - Object 'Object Repository/Kullanici_Islemleri/KullaniciIslemleri' is visible

2021-11-19 17:13:28 - [MESSAGE][PASSED] - Call Test Case 'Test Cases/Sayfalar/Giris_Sayfasi/Login' successfully

2021-11-19 17:13:28 - [MESSAGE][INFO] - Checking called Test Case

2021-11-19 17:13:28 - [MESSAGE][INFO] - Starting to call Test Case 'Test Cases/Menu/AnaMenuSecimi'

2021-11-19 17:13:28 - [TEST_CASE][PASSED] - Test Cases/Menu/AnaMenuSecimi: Test Cases/Menu/AnaMenuSecimi

2021-11-19 17:13:28 - [TEST_STEP][PASSED] - Method.TextDegerineEsitElementeTikla(findTestObject("Menu/Ana_Menu"), Ana_Menu): Method.TextDegerineEsitElementeTikla is PASSED

2021-11-19 17:13:28 - [MESSAGE][INFO] - Finding Test Object 'Object Repository/Menu/Ana_Menu'

2021-11-19 17:13:28 - [MESSAGE][INFO] - Checking timeout

2021-11-19 17:13:28 - [MESSAGE][INFO] - Finding web element with id: 'Object Repository/Menu/Ana_Menu' located by 'By.xpath: //*[@class = 'dropdown-toggle']' in '10' second(s)

2021-11-19 17:13:28 - [MESSAGE][INFO] - Smart Wait Function is triggered

2021-11-19 17:13:28 - [MESSAGE][INFO] - Found 14 web elements with id: 'Object Repository/Menu/Ana_Menu' located by 'By.xpath: //*[@class = 'dropdown-toggle']' in '10' second(s)

2021-11-19 17:13:29 - [MESSAGE][PASSED] - Method.TextDegerineEsitElementeTikla is PASSED

2021-11-19 17:13:29 - [MESSAGE][PASSED] - Call Test Case 'Test Cases/Menu/AnaMenuSecimi' successfully

2021-11-19 17:13:29 - [MESSAGE][INFO] - Checking called Test Case

2021-11-19 17:13:29 - [MESSAGE][INFO] - Starting to call Test Case 'Test Cases/Menu/AltMenuSecimi'

2021-11-19 17:13:29 - [TEST_CASE][PASSED] - Test Cases/Menu/AltMenuSecimi: Test Cases/Menu/AltMenuSecimi

2021-11-19 17:13:29 - [TEST_STEP][PASSED] - Method.TextDegerineEsitElementeTikla(findTestObject("Menu/Alt_Menu"), Alt_Menu): Method.TextDegerineEsitElementeTikla is PASSED

2021-11-19 17:13:29 - [MESSAGE][INFO] - Finding Test Object 'Object Repository/Menu/Alt_Menu'

2021-11-19 17:13:29 - [MESSAGE][INFO] - Checking timeout

2021-11-19 17:13:29 - [MESSAGE][INFO] - Finding web element with id: 'Object Repository/Menu/Alt_Menu' located by 'By.xpath: //li[@class='dropdown dropdown-large open']//li[@class='dropdown-element']' in '10' second(s)

2021-11-19 17:13:29 - [MESSAGE][INFO] - Smart Wait Function is triggered

2021-11-19 17:13:29 - [MESSAGE][INFO] - Found 2 web elements with id: 'Object Repository/Menu/Alt_Menu' located by 'By.xpath: //li[@class='dropdown dropdown-large open']//li[@class='dropdown-element']' in '10' second(s)

2021-11-19 17:13:31 - [MESSAGE][PASSED] - Method.TextDegerineEsitElementeTikla is PASSED

2021-11-19 17:13:31 - [MESSAGE][PASSED] - Call Test Case 'Test Cases/Menu/AltMenuSecimi' successfully

2021-11-19 17:13:31 - [MESSAGE][INFO] - Checking called Test Case

2021-11-19 17:13:31 - [MESSAGE][INFO] - Starting to call Test Case 'Test Cases/Filtreler/BaslangicYaz'

2021-11-19 17:13:31 - [TEST_CASE][PASSED] - Test Cases/Filtreler/BaslangicYaz: Test Cases/Filtreler/BaslangicYaz

2021-11-19 17:13:31 - [TEST_STEP][PASSED] - delay(3): Delayed 3 second(s)

2021-11-19 17:13:31 - [MESSAGE][INFO] - Delaying browser in 3 second(s)

2021-11-19 17:13:34 - [MESSAGE][PASSED] - Delayed 3 second(s)

2021-11-19 17:13:34 - [TEST_STEP][PASSED] - Method.TextDegerineEsitElementinAltindakineTikla(findTestObject("Filtreler/Basliklar"), findTestObject("Filtreler/Basliga_Gore_Baslangic_Image"), Filtre_Adi): Method.TextDegerineEsitElementinAltindakineTikla is PASSED

2021-11-19 17:13:34 - [MESSAGE][INFO] - Finding Test Object 'Object Repository/Filtreler/Basliklar'

2021-11-19 17:13:34 - [MESSAGE][INFO] - Finding Test Object 'Object Repository/Filtreler/Basliga_Gore_Baslangic_Image'

2021-11-19 17:13:34 - [MESSAGE][INFO] - Checking timeout

2021-11-19 17:13:34 - [MESSAGE][INFO] - Finding web element with id: 'Object Repository/Filtreler/Basliklar' located by 'By.cssSelector: .control-label.col-sm-4.paddingMarginRLC' in '10' second(s)

2021-11-19 17:13:34 - [MESSAGE][INFO] - Smart Wait Function is triggered

2021-11-19 17:13:34 - [MESSAGE][INFO] - Found 8 web elements with id: 'Object Repository/Filtreler/Basliklar' located by 'By.cssSelector: .control-label.col-sm-4.paddingMarginRLC' in '10' second(s)

2021-11-19 17:13:34 - [MESSAGE][INFO] - Smart Wait Function is triggered

2021-11-19 17:13:35 - [MESSAGE][PASSED] - Method.TextDegerineEsitElementinAltindakineTikla is PASSED

2021-11-19 17:13:35 - [TEST_STEP][PASSED] - Method.TextDegerineEsitElementinAltindakiTextboxtaYaz(findTestObject("Filtreler/Basliklar"), findTestObject("Filtreler/Basliga_Gore_Baslangic"), Filtre_Adi, Filtre_Degeri): Method.TextDegerineEsitElementinAltindakiTextboxtaYaz is PASSED

2021-11-19 17:13:35 - [MESSAGE][INFO] - Finding Test Object 'Object Repository/Filtreler/Basliklar'

2021-11-19 17:13:35 - [MESSAGE][INFO] - Finding Test Object 'Object Repository/Filtreler/Basliga_Gore_Baslangic'

2021-11-19 17:13:35 - [MESSAGE][INFO] - Checking timeout

2021-11-19 17:13:35 - [MESSAGE][INFO] - Finding web element with id: 'Object Repository/Filtreler/Basliklar' located by 'By.cssSelector: .control-label.col-sm-4.paddingMarginRLC' in '10' second(s)

2021-11-19 17:13:35 - [MESSAGE][INFO] - Smart Wait Function is triggered

2021-11-19 17:13:35 - [MESSAGE][INFO] - Found 8 web elements with id: 'Object Repository/Filtreler/Basliklar' located by 'By.cssSelector: .control-label.col-sm-4.paddingMarginRLC' in '10' second(s)

2021-11-19 17:13:35 - [MESSAGE][INFO] - Smart Wait Function is triggered

2021-11-19 17:13:36 - [MESSAGE][PASSED] - Method.TextDegerineEsitElementinAltindakiTextboxtaYaz is PASSED

2021-11-19 17:13:36 - [MESSAGE][PASSED] - Call Test Case 'Test Cases/Filtreler/BaslangicYaz' successfully

2021-11-19 17:13:36 - [MESSAGE][INFO] - Checking called Test Case

2021-11-19 17:13:36 - [MESSAGE][INFO] - Starting to call Test Case 'Test Cases/Filtreler/BitisYaz'

2021-11-19 17:13:36 - [TEST_CASE][PASSED] - Test Cases/Filtreler/BitisYaz: Test Cases/Filtreler/BitisYaz

2021-11-19 17:13:36 - [TEST_STEP][PASSED] - Method.TextDegerineEsitElementinAltindakineTikla(findTestObject("Filtreler/Basliklar"), findTestObject("Filtreler/Basliga_Gore_Bitis_Image"), Filtre_Adi): Method.TextDegerineEsitElementinAltindakineTikla is PASSED

2021-11-19 17:13:36 - [MESSAGE][INFO] - Finding Test Object 'Object Repository/Filtreler/Basliklar'

2021-11-19 17:13:36 - [MESSAGE][INFO] - Finding Test Object 'Object Repository/Filtreler/Basliga_Gore_Bitis_Image'

2021-11-19 17:13:36 - [MESSAGE][INFO] - Checking timeout

2021-11-19 17:13:36 - [MESSAGE][INFO] - Finding web element with id: 'Object Repository/Filtreler/Basliklar' located by 'By.cssSelector: .control-label.col-sm-4.paddingMarginRLC' in '10' second(s)

2021-11-19 17:13:36 - [MESSAGE][INFO] - Smart Wait Function is triggered

2021-11-19 17:13:36 - [MESSAGE][INFO] - Found 8 web elements with id: 'Object Repository/Filtreler/Basliklar' located by 'By.cssSelector: .control-label.col-sm-4.paddingMarginRLC' in '10' second(s)

2021-11-19 17:13:36 - [MESSAGE][INFO] - Smart Wait Function is triggered

2021-11-19 17:13:37 - [MESSAGE][PASSED] - Method.TextDegerineEsitElementinAltindakineTikla is PASSED

2021-11-19 17:13:37 - [TEST_STEP][PASSED] - Method.TextDegerineEsitElementinAltindakiTextboxtaYaz(findTestObject("Filtreler/Basliklar"), findTestObject("Object Repository/Filtreler/Basliga_Gore_Bitis"), Filtre_Adi, Filtre_Degeri): Method.TextDegerineEsitElementinAltindakiTextboxtaYaz is PASSED

2021-11-19 17:13:37 - [MESSAGE][INFO] - Finding Test Object 'Object Repository/Filtreler/Basliklar'

2021-11-19 17:13:37 - [MESSAGE][INFO] - Finding Test Object 'Object Repository/Filtreler/Basliga_Gore_Bitis'

2021-11-19 17:13:37 - [MESSAGE][INFO] - Checking timeout

2021-11-19 17:13:37 - [MESSAGE][INFO] - Finding web element with id: 'Object Repository/Filtreler/Basliklar' located by 'By.cssSelector: .control-label.col-sm-4.paddingMarginRLC' in '10' second(s)

2021-11-19 17:13:37 - [MESSAGE][INFO] - Smart Wait Function is triggered

2021-11-19 17:13:37 - [MESSAGE][INFO] - Found 8 web elements with id: 'Object Repository/Filtreler/Basliklar' located by 'By.cssSelector: .control-label.col-sm-4.paddingMarginRLC' in '10' second(s)

2021-11-19 17:13:37 - [MESSAGE][INFO] - Smart Wait Function is triggered

2021-11-19 17:13:38 - [MESSAGE][PASSED] - Method.TextDegerineEsitElementinAltindakiTextboxtaYaz is PASSED

2021-11-19 17:13:38 - [MESSAGE][PASSED] - Call Test Case 'Test Cases/Filtreler/BitisYaz' successfully

2021-11-19 17:13:38 - [MESSAGE][INFO] - Checking called Test Case

2021-11-19 17:13:38 - [MESSAGE][INFO] - Starting to call Test Case 'Test Cases/Filtreler/ButonaTikla'

2021-11-19 17:13:38 - [TEST_CASE][PASSED] - Test Cases/Filtreler/ButonaTikla: Test Cases/Filtreler/ButonaTikla

2021-11-19 17:13:38 - [TEST_STEP][PASSED] - Method.TextDegerineEsitElementeTikla(findTestObject("Filtreler/Butonlar"), Filtre_Buton): Method.TextDegerineEsitElementeTikla is PASSED

2021-11-19 17:13:38 - [MESSAGE][INFO] - Finding Test Object 'Object Repository/Filtreler/Butonlar'

2021-11-19 17:13:38 - [MESSAGE][INFO] - Checking timeout

2021-11-19 17:13:38 - [MESSAGE][INFO] - Finding web element with id: 'Object Repository/Filtreler/Butonlar' located by 'By.cssSelector: .dxb>span' in '10' second(s)

2021-11-19 17:13:38 - [MESSAGE][INFO] - Smart Wait Function is triggered

2021-11-19 17:13:38 - [MESSAGE][INFO] - Found 3 web elements with id: 'Object Repository/Filtreler/Butonlar' located by 'By.cssSelector: .dxb>span' in '10' second(s)

2021-11-19 17:13:38 - [MESSAGE][PASSED] - Method.TextDegerineEsitElementeTikla is PASSED

2021-11-19 17:13:38 - [MESSAGE][PASSED] - Call Test Case 'Test Cases/Filtreler/ButonaTikla' successfully

2021-11-19 17:13:38 - [MESSAGE][INFO] - Checking called Test Case

2021-11-19 17:13:38 - [MESSAGE][INFO] - Starting to call Test Case 'Test Cases/Tablo/TablodaVeriVarMi'

2021-11-19 17:13:38 - [TEST_CASE][PASSED] - Test Cases/Tablo/TablodaVeriVarMi: Test Cases/Tablo/TablodaVeriVarMi

2021-11-19 17:13:38 - [TEST_STEP][PASSED] - verifyTextNotPresent("Görüntülenecek veri yok", true): Text 'Görüntülenecek veri yok' is not present on page using regular expression

2021-11-19 17:13:38 - [MESSAGE][INFO] - Checking text present  using regular expression

2021-11-19 17:13:38 - [MESSAGE][INFO] - Smart Wait Function is triggered

2021-11-19 17:13:39 - [MESSAGE][INFO] - Finding text 'Görüntülenecek veri yok' on page  using regular expression

2021-11-19 17:13:39 - [MESSAGE][PASSED] - Text 'Görüntülenecek veri yok' is not present on page using regular expression

2021-11-19 17:13:39 - [MESSAGE][PASSED] - Call Test Case 'Test Cases/Tablo/TablodaVeriVarMi' successfully

2021-11-19 17:13:39 - [MESSAGE][INFO] - Checking called Test Case

2021-11-19 17:13:39 - [MESSAGE][INFO] - Starting to call Test Case 'Test Cases/Tablo/TablodanVeriSec'

2021-11-19 17:13:39 - [TEST_CASE][PASSED] - Test Cases/Tablo/TablodanVeriSec: Test Cases/Tablo/TablodanVeriSec

2021-11-19 17:13:40 - [TEST_STEP][PASSED] - Method.TextDegerineEsitElementinAltindakineTikla(findTestObject("Tablo/Veriler"), findTestObject("Tablo/VerininCheckBoxi"), Veri_Adi): Method.TextDegerineEsitElementinAltindakineTikla is PASSED

2021-11-19 17:13:40 - [MESSAGE][INFO] - Finding Test Object 'Object Repository/Tablo/Veriler'

2021-11-19 17:13:40 - [MESSAGE][INFO] - Finding Test Object 'Object Repository/Tablo/VerininCheckBoxi'

2021-11-19 17:13:40 - [MESSAGE][INFO] - Checking timeout

2021-11-19 17:13:40 - [MESSAGE][INFO] - Finding web element with id: 'Object Repository/Tablo/Veriler' located by 'By.cssSelector: td.dxgv b ,td.dxgv' in '10' second(s)

2021-11-19 17:13:40 - [MESSAGE][INFO] - Smart Wait Function is triggered

2021-11-19 17:13:40 - [MESSAGE][INFO] - Found 110 web elements with id: 'Object Repository/Tablo/Veriler' located by 'By.cssSelector: td.dxgv b ,td.dxgv' in '10' second(s)

2021-11-19 17:13:41 - [MESSAGE][INFO] - Smart Wait Function is triggered

2021-11-19 17:13:41 - [MESSAGE][PASSED] - Method.TextDegerineEsitElementinAltindakineTikla is PASSED

2021-11-19 17:13:41 - [MESSAGE][PASSED] - Call Test Case 'Test Cases/Tablo/TablodanVeriSec' successfully

2021-11-19 17:13:41 - [MESSAGE][INFO] - Checking called Test Case

2021-11-19 17:13:41 - [MESSAGE][INFO] - Starting to call Test Case 'Test Cases/Butonlar/ButonaTikla'

2021-11-19 17:13:41 - [TEST_CASE][PASSED] - Test Cases/Butonlar/ButonaTikla: Test Cases/Butonlar/ButonaTikla

2021-11-19 17:13:41 - [TEST_STEP][PASSED] - Method.TextDegerineEsitElementeTiklaEquals(findTestObject("Butonlar/Butonlar"), Buton_Adi): Method.TextDegerineEsitElementeTiklaEquals is PASSED

2021-11-19 17:13:41 - [MESSAGE][INFO] - Finding Test Object 'Object Repository/Butonlar/Butonlar'

2021-11-19 17:13:42 - [MESSAGE][INFO] - Checking timeout

2021-11-19 17:13:42 - [MESSAGE][INFO] - Finding web element with id: 'Object Repository/Butonlar/Butonlar' located by 'By.cssSelector: .panel.panel-default.text-center.footerPanel .btn,.btn.btn-primary.btnControls' in '10' second(s)

2021-11-19 17:13:42 - [MESSAGE][INFO] - Smart Wait Function is triggered

2021-11-19 17:13:42 - [MESSAGE][INFO] - Found 5 web elements with id: 'Object Repository/Butonlar/Butonlar' located by 'By.cssSelector: .panel.panel-default.text-center.footerPanel .btn,.btn.btn-primary.btnControls' in '10' second(s)

2021-11-19 17:13:42 - [MESSAGE][PASSED] - Method.TextDegerineEsitElementeTiklaEquals is PASSED

2021-11-19 17:13:42 - [MESSAGE][PASSED] - Call Test Case 'Test Cases/Butonlar/ButonaTikla' successfully

2021-11-19 17:13:42 - [MESSAGE][INFO] - Checking called Test Case

2021-11-19 17:13:42 - [MESSAGE][INFO] - Starting to call Test Case 'Test Cases/Butonlar/AltButonaTikla'

2021-11-19 17:13:42 - [TEST_CASE][PASSED] - Test Cases/Butonlar/AltButonaTikla: Test Cases/Butonlar/AltButonaTikla

2021-11-19 17:13:43 - [TEST_STEP][PASSED] - Method.TextDegerineEsitElementeTikla(findTestObject("Butonlar/AltButonlar"), Alt_Buton): Method.TextDegerineEsitElementeTikla is PASSED

2021-11-19 17:13:43 - [MESSAGE][INFO] - Finding Test Object 'Object Repository/Butonlar/AltButonlar'

2021-11-19 17:13:43 - [MESSAGE][INFO] - Checking timeout

2021-11-19 17:13:43 - [MESSAGE][INFO] - Finding web element with id: 'Object Repository/Butonlar/AltButonlar' located by 'By.cssSelector: .btn-group.open li>a' in '10' second(s)

2021-11-19 17:13:43 - [MESSAGE][INFO] - Smart Wait Function is triggered

2021-11-19 17:13:44 - [MESSAGE][INFO] - Found 1 web elements with id: 'Object Repository/Butonlar/AltButonlar' located by 'By.cssSelector: .btn-group.open li>a' in '10' second(s)

2021-11-19 17:13:44 - [MESSAGE][PASSED] - Method.TextDegerineEsitElementeTikla is PASSED

2021-11-19 17:13:44 - [MESSAGE][PASSED] - Call Test Case 'Test Cases/Butonlar/AltButonaTikla' successfully

2021-11-19 17:13:44 - [MESSAGE][INFO] - Checking called Test Case

2021-11-19 17:13:44 - [MESSAGE][INFO] - Starting to call Test Case 'Test Cases/Butonlar/DosyaIndirildiMi'

2021-11-19 17:13:44 - [TEST_CASE][PASSED] - Test Cases/Butonlar/DosyaIndirildiMi: Test Cases/Butonlar/DosyaIndirildiMi

2021-11-19 17:13:45 - [TEST_STEP][PASSED] - Method.isimliDosyaIndirildiMi(DownloadFile, FileName): Method.isimliDosyaIndirildiMi is PASSED

2021-11-19 17:13:45 - [MESSAGE][INFO] - Delaying browser in 3 second(s)

2021-11-19 17:13:48 - [MESSAGE][PASSED] - Delayed 3 second(s)

2021-11-19 17:13:48 - [MESSAGE][PASSED] - Method.isimliDosyaIndirildiMi is PASSED

2021-11-19 17:13:48 - [MESSAGE][PASSED] - Call Test Case 'Test Cases/Butonlar/DosyaIndirildiMi' successfully

2021-11-19 17:13:48 - [MESSAGE][INFO] - Checking called Test Case

2021-11-19 17:13:48 - [MESSAGE][INFO] - Starting to call Test Case 'Test Cases/Kullanici_Islemleri/KullaniciIslemlerindenSecimYapilir'

2021-11-19 17:13:48 - [TEST_CASE][PASSED] - Test Cases/Kullanici_Islemleri/KullaniciIslemlerindenSecimYapilir: Test Cases/Kullanici_Islemleri/KullaniciIslemlerindenSecimYapilir

2021-11-19 17:13:48 - [TEST_STEP][PASSED] - waitForElementClickable(findTestObject("Object Repository/Kullanici_Islemleri/KullaniciIslemleri"), 10): Object 'Object Repository/Kullanici_Islemleri/KullaniciIslemleri' is clickable

2021-11-19 17:13:48 - [MESSAGE][INFO] - Finding Test Object 'Object Repository/Kullanici_Islemleri/KullaniciIslemleri'

2021-11-19 17:13:48 - [MESSAGE][INFO] - Checking object

2021-11-19 17:13:48 - [MESSAGE][INFO] - Checking timeout

2021-11-19 17:13:48 - [MESSAGE][INFO] - Finding web element from Test Object's properties

2021-11-19 17:13:48 - [MESSAGE][INFO] - Checking timeout

2021-11-19 17:13:48 - [MESSAGE][INFO] - Finding web element with id: 'Object Repository/Kullanici_Islemleri/KullaniciIslemleri' located by 'By.cssSelector: .dropdown>a>img' in '10' second(s)

2021-11-19 17:13:48 - [MESSAGE][INFO] - Smart Wait Function is triggered

2021-11-19 17:13:48 - [MESSAGE][INFO] - Found 1 web elements with id: 'Object Repository/Kullanici_Islemleri/KullaniciIslemleri' located by 'By.cssSelector: .dropdown>a>img' in '10' second(s)

2021-11-19 17:13:48 - [MESSAGE][PASSED] - Object 'Object Repository/Kullanici_Islemleri/KullaniciIslemleri' is clickable

2021-11-19 17:13:48 - [TEST_STEP][PASSED] - click(findTestObject("Object Repository/Kullanici_Islemleri/KullaniciIslemleri")): Object: 'Object Repository/Kullanici_Islemleri/KullaniciIslemleri' is clicked on

2021-11-19 17:13:48 - [MESSAGE][INFO] - Finding Test Object 'Object Repository/Kullanici_Islemleri/KullaniciIslemleri'

2021-11-19 17:13:48 - [MESSAGE][INFO] - Checking object

2021-11-19 17:13:48 - [MESSAGE][INFO] - Finding web element from Test Object's properties

2021-11-19 17:13:48 - [MESSAGE][INFO] - Checking timeout

2021-11-19 17:13:48 - [MESSAGE][INFO] - Finding web element with id: 'Object Repository/Kullanici_Islemleri/KullaniciIslemleri' located by 'By.cssSelector: .dropdown>a>img' in '30' second(s)

2021-11-19 17:13:48 - [MESSAGE][INFO] - Smart Wait Function is triggered

2021-11-19 17:13:48 - [MESSAGE][INFO] - Found 1 web elements with id: 'Object Repository/Kullanici_Islemleri/KullaniciIslemleri' located by 'By.cssSelector: .dropdown>a>img' in '30' second(s)

2021-11-19 17:13:48 - [MESSAGE][INFO] - Clicking on object: 'Object Repository/Kullanici_Islemleri/KullaniciIslemleri'

2021-11-19 17:13:49 - [MESSAGE][PASSED] - Object: 'Object Repository/Kullanici_Islemleri/KullaniciIslemleri' is clicked on

2021-11-19 17:13:49 - [TEST_STEP][PASSED] - Method.TextDegerineEsitElementeTikla(findTestObject("Object Repository/Kullanici_Islemleri/Secenekler"), Islem): Method.TextDegerineEsitElementeTikla is PASSED

2021-11-19 17:13:49 - [MESSAGE][INFO] - Finding Test Object 'Object Repository/Kullanici_Islemleri/Secenekler'

2021-11-19 17:13:49 - [MESSAGE][INFO] - Checking timeout

2021-11-19 17:13:49 - [MESSAGE][INFO] - Finding web element with id: 'Object Repository/Kullanici_Islemleri/Secenekler' located by 'By.cssSelector: .nav.navbar-nav.navbar-right li a' in '10' second(s)

2021-11-19 17:13:49 - [MESSAGE][INFO] - Smart Wait Function is triggered

2021-11-19 17:13:49 - [MESSAGE][INFO] - Found 22 web elements with id: 'Object Repository/Kullanici_Islemleri/Secenekler' located by 'By.cssSelector: .nav.navbar-nav.navbar-right li a' in '10' second(s)

2021-11-19 17:13:50 - [MESSAGE][PASSED] - Method.TextDegerineEsitElementeTikla is PASSED

2021-11-19 17:13:50 - [TEST_STEP][PASSED] - verifyElementNotPresent(findTestObject("Object Repository/Kullanici_Islemleri/Secenekler"), 10): Web element with id: 'Object Repository/Kullanici_Islemleri/Secenekler' located by 'By.cssSelector: .nav.navbar-nav.navbar-right li a' is not present after '10' second(s)

2021-11-19 17:13:50 - [MESSAGE][INFO] - Finding Test Object 'Object Repository/Kullanici_Islemleri/Secenekler'

2021-11-19 17:13:50 - [MESSAGE][INFO] - Checking object

2021-11-19 17:13:50 - [MESSAGE][INFO] - Checking timeout

2021-11-19 17:13:50 - [MESSAGE][INFO] - Finding web element with id: 'Object Repository/Kullanici_Islemleri/Secenekler' located by 'By.cssSelector: .nav.navbar-nav.navbar-right li a' in '10' second(s)

2021-11-19 17:13:50 - [MESSAGE][INFO] - Smart Wait Function is triggered

2021-11-19 17:13:51 - [MESSAGE][PASSED] - Web element with id: 'Object Repository/Kullanici_Islemleri/Secenekler' located by 'By.cssSelector: .nav.navbar-nav.navbar-right li a' is not present after '10' second(s)

2021-11-19 17:13:51 - [MESSAGE][PASSED] - Call Test Case 'Test Cases/Kullanici_Islemleri/KullaniciIslemlerindenSecimYapilir' successfully

2021-11-19 17:13:51 - [TEST_CASE][PASSED] - Start Test Case : SCENARIO Gelen Zarf indirme: SCENARIO Gelen Zarf indirme

2021-11-19 17:13:51 - [TEST_STEP][PASSED] - Kullanıcı adı ELOGO6 ve Şifre 123456 olarak giriş yapılır: Kullanıcı adı ELOGO6 ve Şifre 123456 olarak giriş yapılır

2021-11-19 17:13:51 - [MESSAGE][PASSED] - Kullanıcı adı ELOGO6 ve Şifre 123456 olarak giriş yapılır

2021-11-19 17:13:51 - [TEST_STEP][PASSED] - Ana menüden Zarflar seçilir: Ana menüden Zarflar seçilir

2021-11-19 17:13:51 - [MESSAGE][PASSED] - Ana menüden Zarflar seçilir

2021-11-19 17:13:51 - [TEST_STEP][PASSED] - Alt menüden Gelen Zarflar seçilir: Alt menüden Gelen Zarflar seçilir

2021-11-19 17:13:51 - [MESSAGE][PASSED] - Alt menüden Gelen Zarflar seçilir

2021-11-19 17:13:51 - [TEST_STEP][PASSED] - Filtrelerden Oluşturma Tarihi filtresine 01.12.2020 baslangic degerini yaz: Filtrelerden Oluşturma Tarihi filtresine 01.12.2020 baslangic degerini yaz

2021-11-19 17:13:51 - [MESSAGE][PASSED] - Filtrelerden Oluşturma Tarihi filtresine 01.12.2020 baslangic degerini yaz

2021-11-19 17:13:51 - [TEST_STEP][PASSED] - Filtrelerden Oluşturma Tarihi filtresine 31.12.2020 bitis degerini yaz: Filtrelerden Oluşturma Tarihi filtresine 31.12.2020 bitis degerini yaz

2021-11-19 17:13:51 - [MESSAGE][PASSED] - Filtrelerden Oluşturma Tarihi filtresine 31.12.2020 bitis degerini yaz

2021-11-19 17:13:51 - [TEST_STEP][PASSED] - Filtre butonlarından Listele seçilir: Filtre butonlarından Listele seçilir

2021-11-19 17:13:51 - [MESSAGE][PASSED] - Filtre butonlarından Listele seçilir

2021-11-19 17:13:51 - [TEST_STEP][PASSED] - Tabloda veri var mı kontrol edilir: Tabloda veri var mı kontrol edilir

2021-11-19 17:13:51 - [MESSAGE][PASSED] - Tabloda veri var mı kontrol edilir

2021-11-19 17:13:51 - [TEST_STEP][PASSED] - Tablodan E LOGO 6 isimli veri seçilir: Tablodan E LOGO 6 isimli veri seçilir

2021-11-19 17:13:51 - [MESSAGE][PASSED] - Tablodan E LOGO 6 isimli veri seçilir

2021-11-19 17:13:51 - [TEST_STEP][PASSED] - Butonlardan İndir isimli butona tıklanır: Butonlardan İndir isimli butona tıklanır

2021-11-19 17:13:51 - [MESSAGE][PASSED] - Butonlardan İndir isimli butona tıklanır

2021-11-19 17:13:51 - [TEST_STEP][PASSED] - Alt butonlardan İndir butonuna tıklanır: Alt butonlardan İndir butonuna tıklanır

2021-11-19 17:13:51 - [MESSAGE][PASSED] - Alt butonlardan İndir butonuna tıklanır

2021-11-19 17:13:51 - [TEST_STEP][PASSED] - Ön eki Envelope olan dosya indirildi mi: Ön eki Envelope olan dosya indirildi mi

2021-11-19 17:13:51 - [MESSAGE][PASSED] - Ön eki Envelope olan dosya indirildi mi

2021-11-19 17:13:51 - [TEST_STEP][PASSED] - Kullanıcı işlemlerinden Çıkış seçilir: Kullanıcı işlemlerinden Çıkış seçilir

2021-11-19 17:13:51 - [MESSAGE][PASSED] - Kullanıcı işlemlerinden Çıkış seçilir

2021-11-19 17:13:51 - [MESSAGE][PASSED] - Feature file: 'Include/features/Zarflar/Gelen Zarflar/Indir.feature' was passed

2021-11-19 17:13:51 - [TEST_STEP][PASSED] - Start listener action : sampleAfterTestSuite: Invoke 'com.kms.katalon.core.annotation.AfterTestCase' method: 'Listener.sampleAfterTestSuite(...)' completed.

2021-11-19 17:13:51 - [MESSAGE][INFO] - Starting invoke 'com.kms.katalon.core.annotation.AfterTestCase' method: 'Listener.sampleAfterTestSuite(...)'

2021-11-19 17:13:51 - [TEST_STEP][PASSED] - closeBrowser(): Invoke 'com.kms.katalon.core.annotation.AfterTestCase' method: 'Listener.sampleAfterTestSuite(...)' completed.

2021-11-19 17:13:51 - [MESSAGE][INFO] - Closing browser

2021-11-19 17:13:51 - [MESSAGE][PASSED] - Browser is closed

2021-11-19 17:13:51 - [MESSAGE][INFO] - Invoke 'com.kms.katalon.core.annotation.AfterTestCase' method: 'Listener.sampleAfterTestSuite(...)' completed.]]></system-out>
         <system-err><![CDATA[]]></system-err>
      </testcase>
      <testcase name="Test Cases/Case Repository/Zarflar/Gelen Zarflar/Izleme Kayitlari" time="43.143" classname="Test Cases/Case Repository/Zarflar/Gelen Zarflar/Izleme Kayitlari" status="PASSED">
         <system-out><![CDATA[2021-11-19 17:13:51 - [TEST_CASE][PASSED] - Test Cases/Case Repository/Zarflar/Gelen Zarflar/Izleme Kayitlari: Test Cases/Case Repository/Zarflar/Gelen Zarflar/Izleme Kayitlari

2021-11-19 17:13:51 - [TEST_STEP][PASSED] - Start listener action : sampleBeforeTestSuite: Invoke 'com.kms.katalon.core.annotation.BeforeTestCase' method: 'Listener.sampleBeforeTestSuite(...)' completed.

2021-11-19 17:13:51 - [MESSAGE][INFO] - Starting invoke 'com.kms.katalon.core.annotation.BeforeTestCase' method: 'Listener.sampleBeforeTestSuite(...)'

2021-11-19 17:13:51 - [TEST_STEP][PASSED] - openBrowser(baseUrl): Browser is opened with url: 'https://efatura-stage.elogo.com.tr/'

2021-11-19 17:13:51 - [MESSAGE][INFO] - Opening browser

2021-11-19 17:13:51 - [MESSAGE][INFO] - Starting 'Chrome' driver

2021-11-19 17:13:51 - [MESSAGE][INFO] - User set preference: ['prefs', '{download.default_directory=C:\otomasyondownfiles}']

2021-11-19 17:13:51 - [MESSAGE][INFO] - Action delay is set to 0 milliseconds

2021-11-19 17:13:53 - [MESSAGE][INFO] - Navigating browser to: 'https://efatura-stage.elogo.com.tr/'

2021-11-19 17:13:55 - [MESSAGE][PASSED] - Browser is opened with url: 'https://efatura-stage.elogo.com.tr/'

2021-11-19 17:13:55 - [TEST_STEP][PASSED] - maximizeWindow(): Invoke 'com.kms.katalon.core.annotation.BeforeTestCase' method: 'Listener.sampleBeforeTestSuite(...)' completed.

2021-11-19 17:13:55 - [MESSAGE][INFO] - Maximizing current window

2021-11-19 17:13:55 - [MESSAGE][PASSED] - Current window maximized

2021-11-19 17:13:55 - [MESSAGE][INFO] - Invoke 'com.kms.katalon.core.annotation.BeforeTestCase' method: 'Listener.sampleBeforeTestSuite(...)' completed.

2021-11-19 17:13:56 - [TEST_STEP][PASSED] - runFeatureFile("Include/features/Zarflar/Gelen Zarflar/Izleme Kayitlari.feature"): Feature file: 'Include/features/Zarflar/Gelen Zarflar/Izleme Kayitlari.feature' was passed

2021-11-19 17:13:56 - [MESSAGE][INFO] - Starting run keyword runFeatureFile: 'Include/features/Zarflar/Gelen Zarflar/Izleme Kayitlari.feature' and extract report to folder: 'C:\Users\DELL\Documents\GitHub\EES_KatalonLogo\Reports\20211119_164526\Suite Repository\Zarflar\20211119_164611/cucumber_report/1637331236791'...

2021-11-19 17:13:56 - [MESSAGE][INFO] - Glue: []

2021-11-19 17:13:58 - [MESSAGE][INFO] - Checking called Test Case

2021-11-19 17:13:58 - [MESSAGE][INFO] - Starting to call Test Case 'Test Cases/Sayfalar/Giris_Sayfasi/Login'

2021-11-19 17:13:58 - [TEST_CASE][PASSED] - Test Cases/Sayfalar/Giris_Sayfasi/Login: Test Cases/Sayfalar/Giris_Sayfasi/Login

2021-11-19 17:13:58 - [TEST_STEP][PASSED] - Sayfa_Basligi = getWindowTitle(): Current window's title is: 'LOGO e-Fatura'

2021-11-19 17:13:58 - [MESSAGE][INFO] - Getting current window's title

2021-11-19 17:13:58 - [MESSAGE][PASSED] - Current window's title is: 'LOGO e-Fatura'

2021-11-19 17:13:58 - [TEST_STEP][PASSED] - verifyMatch(Sayfa_Basligi, "LOGO e-Fatura", false): Actual text 'LOGO e-Fatura' and expected text 'LOGO e-Fatura' are matched 

2021-11-19 17:13:58 - [MESSAGE][INFO] - Matching actual text 'LOGO e-Fatura' with expected text 'LOGO e-Fatura'

2021-11-19 17:13:58 - [MESSAGE][PASSED] - Actual text 'LOGO e-Fatura' and expected text 'LOGO e-Fatura' are matched 

2021-11-19 17:13:58 - [TEST_STEP][PASSED] - sendKeys(findTestObject("Sayfalar/Giris_Sayfasi/Firma_Kodu"), KullaniciAdi): Keys 'ELOGO6' sent to object: 'Object Repository/Sayfalar/Giris_Sayfasi/Firma_Kodu'

2021-11-19 17:13:58 - [MESSAGE][INFO] - Finding Test Object 'Object Repository/Sayfalar/Giris_Sayfasi/Firma_Kodu'

2021-11-19 17:13:58 - [MESSAGE][INFO] - Sending keys 'ELOGO6' to object: 'Object Repository/Sayfalar/Giris_Sayfasi/Firma_Kodu'

2021-11-19 17:13:58 - [MESSAGE][INFO] - Finding web element from Test Object's properties

2021-11-19 17:13:58 - [MESSAGE][INFO] - Checking timeout

2021-11-19 17:13:58 - [MESSAGE][INFO] - Finding web element with id: 'Object Repository/Sayfalar/Giris_Sayfasi/Firma_Kodu' located by 'By.xpath: //*[@id = 'AccountName']' in '30' second(s)

2021-11-19 17:13:58 - [MESSAGE][INFO] - Smart Wait Function is triggered

2021-11-19 17:13:59 - [MESSAGE][INFO] - Found 1 web elements with id: 'Object Repository/Sayfalar/Giris_Sayfasi/Firma_Kodu' located by 'By.xpath: //*[@id = 'AccountName']' in '30' second(s)

2021-11-19 17:13:59 - [MESSAGE][PASSED] - Keys 'ELOGO6' sent to object: 'Object Repository/Sayfalar/Giris_Sayfasi/Firma_Kodu'

2021-11-19 17:13:59 - [TEST_STEP][PASSED] - sendKeys(findTestObject("Sayfalar/Giris_Sayfasi/Sifre"), Sifre): Keys '123456' sent to object: 'Object Repository/Sayfalar/Giris_Sayfasi/Sifre'

2021-11-19 17:13:59 - [MESSAGE][INFO] - Finding Test Object 'Object Repository/Sayfalar/Giris_Sayfasi/Sifre'

2021-11-19 17:13:59 - [MESSAGE][INFO] - Sending keys '123456' to object: 'Object Repository/Sayfalar/Giris_Sayfasi/Sifre'

2021-11-19 17:13:59 - [MESSAGE][INFO] - Finding web element from Test Object's properties

2021-11-19 17:13:59 - [MESSAGE][INFO] - Checking timeout

2021-11-19 17:13:59 - [MESSAGE][INFO] - Finding web element with id: 'Object Repository/Sayfalar/Giris_Sayfasi/Sifre' located by 'By.xpath: //*[@id = 'Password']' in '30' second(s)

2021-11-19 17:13:59 - [MESSAGE][INFO] - Smart Wait Function is triggered

2021-11-19 17:13:59 - [MESSAGE][INFO] - Found 1 web elements with id: 'Object Repository/Sayfalar/Giris_Sayfasi/Sifre' located by 'By.xpath: //*[@id = 'Password']' in '30' second(s)

2021-11-19 17:13:59 - [MESSAGE][PASSED] - Keys '123456' sent to object: 'Object Repository/Sayfalar/Giris_Sayfasi/Sifre'

2021-11-19 17:13:59 - [TEST_STEP][PASSED] - findWebElement(findTestObject("Sayfalar/Giris_Sayfasi/Giris_Butonu")).click(): Found 1 web elements with id: 'Object Repository/Sayfalar/Giris_Sayfasi/Giris_Butonu' located by 'By.cssSelector: #btnLogin' in '30' second(s)

2021-11-19 17:13:59 - [MESSAGE][INFO] - Finding Test Object 'Object Repository/Sayfalar/Giris_Sayfasi/Giris_Butonu'

2021-11-19 17:13:59 - [MESSAGE][INFO] - Finding web element from Test Object's properties

2021-11-19 17:13:59 - [MESSAGE][INFO] - Checking timeout

2021-11-19 17:13:59 - [MESSAGE][INFO] - Finding web element with id: 'Object Repository/Sayfalar/Giris_Sayfasi/Giris_Butonu' located by 'By.cssSelector: #btnLogin' in '30' second(s)

2021-11-19 17:13:59 - [MESSAGE][INFO] - Smart Wait Function is triggered

2021-11-19 17:14:00 - [MESSAGE][INFO] - Found 1 web elements with id: 'Object Repository/Sayfalar/Giris_Sayfasi/Giris_Butonu' located by 'By.cssSelector: #btnLogin' in '30' second(s)

2021-11-19 17:14:02 - [TEST_STEP][PASSED] - if (verifyElementPresent(findTestObject("Object Repository/Sayfalar/Giris_Sayfasi/RetveTamam_Butonu"), 5, OPTIONAL)): null

2021-11-19 17:14:02 - [MESSAGE][INFO] - Finding Test Object 'Object Repository/Sayfalar/Giris_Sayfasi/RetveTamam_Butonu'

2021-11-19 17:14:02 - [MESSAGE][INFO] - Checking object

2021-11-19 17:14:02 - [MESSAGE][INFO] - Finding web element from Test Object's properties

2021-11-19 17:14:02 - [MESSAGE][INFO] - Checking timeout

2021-11-19 17:14:02 - [MESSAGE][INFO] - Finding web element with id: 'Object Repository/Sayfalar/Giris_Sayfasi/RetveTamam_Butonu' located by 'By.xpath: //*[@class = 'btn btn-default']' in '5' second(s)

2021-11-19 17:14:02 - [MESSAGE][INFO] - Smart Wait Function is triggered

2021-11-19 17:14:03 - [MESSAGE][INFO] - Found 1 web elements with id: 'Object Repository/Sayfalar/Giris_Sayfasi/RetveTamam_Butonu' located by 'By.xpath: //*[@class = 'btn btn-default']' in '5' second(s)

2021-11-19 17:14:03 - [MESSAGE][PASSED] - Object 'Object Repository/Sayfalar/Giris_Sayfasi/RetveTamam_Butonu' is present

2021-11-19 17:14:03 - [TEST_STEP][PASSED] - click(findTestObject("Object Repository/Sayfalar/Giris_Sayfasi/RetveTamam_Butonu")): Object: 'Object Repository/Sayfalar/Giris_Sayfasi/RetveTamam_Butonu' is clicked on

2021-11-19 17:14:03 - [MESSAGE][INFO] - Finding Test Object 'Object Repository/Sayfalar/Giris_Sayfasi/RetveTamam_Butonu'

2021-11-19 17:14:03 - [MESSAGE][INFO] - Checking object

2021-11-19 17:14:03 - [MESSAGE][INFO] - Finding web element from Test Object's properties

2021-11-19 17:14:03 - [MESSAGE][INFO] - Checking timeout

2021-11-19 17:14:03 - [MESSAGE][INFO] - Finding web element with id: 'Object Repository/Sayfalar/Giris_Sayfasi/RetveTamam_Butonu' located by 'By.xpath: //*[@class = 'btn btn-default']' in '30' second(s)

2021-11-19 17:14:03 - [MESSAGE][INFO] - Smart Wait Function is triggered

2021-11-19 17:14:03 - [MESSAGE][INFO] - Found 1 web elements with id: 'Object Repository/Sayfalar/Giris_Sayfasi/RetveTamam_Butonu' located by 'By.xpath: //*[@class = 'btn btn-default']' in '30' second(s)

2021-11-19 17:14:03 - [MESSAGE][INFO] - Clicking on object: 'Object Repository/Sayfalar/Giris_Sayfasi/RetveTamam_Butonu'

2021-11-19 17:14:03 - [MESSAGE][PASSED] - Object: 'Object Repository/Sayfalar/Giris_Sayfasi/RetveTamam_Butonu' is clicked on

2021-11-19 17:14:03 - [TEST_STEP][PASSED] - click(findTestObject("Object Repository/Sayfalar/Giris_Sayfasi/RetveTamam_Butonu")): Object: 'Object Repository/Sayfalar/Giris_Sayfasi/RetveTamam_Butonu' is clicked on

2021-11-19 17:14:03 - [MESSAGE][INFO] - Finding Test Object 'Object Repository/Sayfalar/Giris_Sayfasi/RetveTamam_Butonu'

2021-11-19 17:14:03 - [MESSAGE][INFO] - Checking object

2021-11-19 17:14:03 - [MESSAGE][INFO] - Finding web element from Test Object's properties

2021-11-19 17:14:03 - [MESSAGE][INFO] - Checking timeout

2021-11-19 17:14:03 - [MESSAGE][INFO] - Finding web element with id: 'Object Repository/Sayfalar/Giris_Sayfasi/RetveTamam_Butonu' located by 'By.xpath: //*[@class = 'btn btn-default']' in '30' second(s)

2021-11-19 17:14:03 - [MESSAGE][INFO] - Smart Wait Function is triggered

2021-11-19 17:14:07 - [MESSAGE][INFO] - Found 1 web elements with id: 'Object Repository/Sayfalar/Giris_Sayfasi/RetveTamam_Butonu' located by 'By.xpath: //*[@class = 'btn btn-default']' in '30' second(s)

2021-11-19 17:14:07 - [MESSAGE][INFO] - Clicking on object: 'Object Repository/Sayfalar/Giris_Sayfasi/RetveTamam_Butonu'

2021-11-19 17:14:07 - [MESSAGE][PASSED] - Object: 'Object Repository/Sayfalar/Giris_Sayfasi/RetveTamam_Butonu' is clicked on

2021-11-19 17:14:07 - [TEST_STEP][PASSED] - if (verifyElementPresent(findTestObject("Sayfalar/Giris_Sayfasi/PopupOK"), 5, OPTIONAL)): null

2021-11-19 17:14:07 - [MESSAGE][INFO] - Finding Test Object 'Object Repository/Sayfalar/Giris_Sayfasi/PopupOK'

2021-11-19 17:14:07 - [MESSAGE][INFO] - Checking object

2021-11-19 17:14:07 - [MESSAGE][INFO] - Finding web element from Test Object's properties

2021-11-19 17:14:07 - [MESSAGE][INFO] - Checking timeout

2021-11-19 17:14:07 - [MESSAGE][INFO] - Finding web element with id: 'Object Repository/Sayfalar/Giris_Sayfasi/PopupOK' located by 'By.cssSelector: .btn.btn-success' in '5' second(s)

2021-11-19 17:14:07 - [MESSAGE][INFO] - Smart Wait Function is triggered

2021-11-19 17:14:08 - [MESSAGE][INFO] - Found 1 web elements with id: 'Object Repository/Sayfalar/Giris_Sayfasi/PopupOK' located by 'By.cssSelector: .btn.btn-success' in '5' second(s)

2021-11-19 17:14:08 - [MESSAGE][PASSED] - Object 'Object Repository/Sayfalar/Giris_Sayfasi/PopupOK' is present

2021-11-19 17:14:08 - [TEST_STEP][PASSED] - click(findTestObject("Object Repository/Sayfalar/Giris_Sayfasi/PopupCarpiGiris")): Object: 'Object Repository/Sayfalar/Giris_Sayfasi/PopupCarpiGiris' is clicked on

2021-11-19 17:14:08 - [MESSAGE][INFO] - Finding Test Object 'Object Repository/Sayfalar/Giris_Sayfasi/PopupCarpiGiris'

2021-11-19 17:14:08 - [MESSAGE][INFO] - Checking object

2021-11-19 17:14:08 - [MESSAGE][INFO] - Finding web element from Test Object's properties

2021-11-19 17:14:08 - [MESSAGE][INFO] - Checking timeout

2021-11-19 17:14:08 - [MESSAGE][INFO] - Finding web element with id: 'Object Repository/Sayfalar/Giris_Sayfasi/PopupCarpiGiris' located by 'By.cssSelector: .bootbox-close-button.close' in '30' second(s)

2021-11-19 17:14:08 - [MESSAGE][INFO] - Smart Wait Function is triggered

2021-11-19 17:14:09 - [MESSAGE][INFO] - Found 1 web elements with id: 'Object Repository/Sayfalar/Giris_Sayfasi/PopupCarpiGiris' located by 'By.cssSelector: .bootbox-close-button.close' in '30' second(s)

2021-11-19 17:14:09 - [MESSAGE][INFO] - Clicking on object: 'Object Repository/Sayfalar/Giris_Sayfasi/PopupCarpiGiris'

2021-11-19 17:14:09 - [MESSAGE][PASSED] - Object: 'Object Repository/Sayfalar/Giris_Sayfasi/PopupCarpiGiris' is clicked on

2021-11-19 17:14:09 - [TEST_STEP][PASSED] - verifyElementVisible(findTestObject("Object Repository/Kullanici_Islemleri/KullaniciIslemleri")): Object 'Object Repository/Kullanici_Islemleri/KullaniciIslemleri' is visible

2021-11-19 17:14:09 - [MESSAGE][INFO] - Finding Test Object 'Object Repository/Kullanici_Islemleri/KullaniciIslemleri'

2021-11-19 17:14:09 - [MESSAGE][INFO] - Checking object

2021-11-19 17:14:09 - [MESSAGE][INFO] - Finding web element from Test Object's properties

2021-11-19 17:14:09 - [MESSAGE][INFO] - Checking timeout

2021-11-19 17:14:09 - [MESSAGE][INFO] - Finding web element with id: 'Object Repository/Kullanici_Islemleri/KullaniciIslemleri' located by 'By.cssSelector: .dropdown>a>img' in '30' second(s)

2021-11-19 17:14:09 - [MESSAGE][INFO] - Smart Wait Function is triggered

2021-11-19 17:14:09 - [MESSAGE][INFO] - Found 1 web elements with id: 'Object Repository/Kullanici_Islemleri/KullaniciIslemleri' located by 'By.cssSelector: .dropdown>a>img' in '30' second(s)

2021-11-19 17:14:09 - [MESSAGE][PASSED] - Object 'Object Repository/Kullanici_Islemleri/KullaniciIslemleri' is visible

2021-11-19 17:14:09 - [MESSAGE][PASSED] - Call Test Case 'Test Cases/Sayfalar/Giris_Sayfasi/Login' successfully

2021-11-19 17:14:09 - [MESSAGE][INFO] - Checking called Test Case

2021-11-19 17:14:09 - [MESSAGE][INFO] - Starting to call Test Case 'Test Cases/Menu/AnaMenuSecimi'

2021-11-19 17:14:10 - [TEST_CASE][PASSED] - Test Cases/Menu/AnaMenuSecimi: Test Cases/Menu/AnaMenuSecimi

2021-11-19 17:14:10 - [TEST_STEP][PASSED] - Method.TextDegerineEsitElementeTikla(findTestObject("Menu/Ana_Menu"), Ana_Menu): Method.TextDegerineEsitElementeTikla is PASSED

2021-11-19 17:14:10 - [MESSAGE][INFO] - Finding Test Object 'Object Repository/Menu/Ana_Menu'

2021-11-19 17:14:10 - [MESSAGE][INFO] - Checking timeout

2021-11-19 17:14:10 - [MESSAGE][INFO] - Finding web element with id: 'Object Repository/Menu/Ana_Menu' located by 'By.xpath: //*[@class = 'dropdown-toggle']' in '10' second(s)

2021-11-19 17:14:10 - [MESSAGE][INFO] - Smart Wait Function is triggered

2021-11-19 17:14:10 - [MESSAGE][INFO] - Found 14 web elements with id: 'Object Repository/Menu/Ana_Menu' located by 'By.xpath: //*[@class = 'dropdown-toggle']' in '10' second(s)

2021-11-19 17:14:10 - [MESSAGE][PASSED] - Method.TextDegerineEsitElementeTikla is PASSED

2021-11-19 17:14:10 - [MESSAGE][PASSED] - Call Test Case 'Test Cases/Menu/AnaMenuSecimi' successfully

2021-11-19 17:14:10 - [MESSAGE][INFO] - Checking called Test Case

2021-11-19 17:14:10 - [MESSAGE][INFO] - Starting to call Test Case 'Test Cases/Menu/AltMenuSecimi'

2021-11-19 17:14:10 - [TEST_CASE][PASSED] - Test Cases/Menu/AltMenuSecimi: Test Cases/Menu/AltMenuSecimi

2021-11-19 17:14:10 - [TEST_STEP][PASSED] - Method.TextDegerineEsitElementeTikla(findTestObject("Menu/Alt_Menu"), Alt_Menu): Method.TextDegerineEsitElementeTikla is PASSED

2021-11-19 17:14:10 - [MESSAGE][INFO] - Finding Test Object 'Object Repository/Menu/Alt_Menu'

2021-11-19 17:14:10 - [MESSAGE][INFO] - Checking timeout

2021-11-19 17:14:10 - [MESSAGE][INFO] - Finding web element with id: 'Object Repository/Menu/Alt_Menu' located by 'By.xpath: //li[@class='dropdown dropdown-large open']//li[@class='dropdown-element']' in '10' second(s)

2021-11-19 17:14:10 - [MESSAGE][INFO] - Smart Wait Function is triggered

2021-11-19 17:14:11 - [MESSAGE][INFO] - Found 2 web elements with id: 'Object Repository/Menu/Alt_Menu' located by 'By.xpath: //li[@class='dropdown dropdown-large open']//li[@class='dropdown-element']' in '10' second(s)

2021-11-19 17:14:12 - [MESSAGE][PASSED] - Method.TextDegerineEsitElementeTikla is PASSED

2021-11-19 17:14:12 - [MESSAGE][PASSED] - Call Test Case 'Test Cases/Menu/AltMenuSecimi' successfully

2021-11-19 17:14:12 - [MESSAGE][INFO] - Checking called Test Case

2021-11-19 17:14:12 - [MESSAGE][INFO] - Starting to call Test Case 'Test Cases/Filtreler/BaslangicYaz'

2021-11-19 17:14:12 - [TEST_CASE][PASSED] - Test Cases/Filtreler/BaslangicYaz: Test Cases/Filtreler/BaslangicYaz

2021-11-19 17:14:12 - [TEST_STEP][PASSED] - delay(3): Delayed 3 second(s)

2021-11-19 17:14:12 - [MESSAGE][INFO] - Delaying browser in 3 second(s)

2021-11-19 17:14:15 - [MESSAGE][PASSED] - Delayed 3 second(s)

2021-11-19 17:14:15 - [TEST_STEP][PASSED] - Method.TextDegerineEsitElementinAltindakineTikla(findTestObject("Filtreler/Basliklar"), findTestObject("Filtreler/Basliga_Gore_Baslangic_Image"), Filtre_Adi): Method.TextDegerineEsitElementinAltindakineTikla is PASSED

2021-11-19 17:14:15 - [MESSAGE][INFO] - Finding Test Object 'Object Repository/Filtreler/Basliklar'

2021-11-19 17:14:15 - [MESSAGE][INFO] - Finding Test Object 'Object Repository/Filtreler/Basliga_Gore_Baslangic_Image'

2021-11-19 17:14:16 - [MESSAGE][INFO] - Checking timeout

2021-11-19 17:14:16 - [MESSAGE][INFO] - Finding web element with id: 'Object Repository/Filtreler/Basliklar' located by 'By.cssSelector: .control-label.col-sm-4.paddingMarginRLC' in '10' second(s)

2021-11-19 17:14:16 - [MESSAGE][INFO] - Smart Wait Function is triggered

2021-11-19 17:14:16 - [MESSAGE][INFO] - Found 8 web elements with id: 'Object Repository/Filtreler/Basliklar' located by 'By.cssSelector: .control-label.col-sm-4.paddingMarginRLC' in '10' second(s)

2021-11-19 17:14:16 - [MESSAGE][INFO] - Smart Wait Function is triggered

2021-11-19 17:14:16 - [MESSAGE][PASSED] - Method.TextDegerineEsitElementinAltindakineTikla is PASSED

2021-11-19 17:14:16 - [TEST_STEP][PASSED] - Method.TextDegerineEsitElementinAltindakiTextboxtaYaz(findTestObject("Filtreler/Basliklar"), findTestObject("Filtreler/Basliga_Gore_Baslangic"), Filtre_Adi, Filtre_Degeri): Method.TextDegerineEsitElementinAltindakiTextboxtaYaz is PASSED

2021-11-19 17:14:16 - [MESSAGE][INFO] - Finding Test Object 'Object Repository/Filtreler/Basliklar'

2021-11-19 17:14:16 - [MESSAGE][INFO] - Finding Test Object 'Object Repository/Filtreler/Basliga_Gore_Baslangic'

2021-11-19 17:14:16 - [MESSAGE][INFO] - Checking timeout

2021-11-19 17:14:16 - [MESSAGE][INFO] - Finding web element with id: 'Object Repository/Filtreler/Basliklar' located by 'By.cssSelector: .control-label.col-sm-4.paddingMarginRLC' in '10' second(s)

2021-11-19 17:14:16 - [MESSAGE][INFO] - Smart Wait Function is triggered

2021-11-19 17:14:17 - [MESSAGE][INFO] - Found 8 web elements with id: 'Object Repository/Filtreler/Basliklar' located by 'By.cssSelector: .control-label.col-sm-4.paddingMarginRLC' in '10' second(s)

2021-11-19 17:14:17 - [MESSAGE][INFO] - Smart Wait Function is triggered

2021-11-19 17:14:17 - [MESSAGE][PASSED] - Method.TextDegerineEsitElementinAltindakiTextboxtaYaz is PASSED

2021-11-19 17:14:17 - [MESSAGE][PASSED] - Call Test Case 'Test Cases/Filtreler/BaslangicYaz' successfully

2021-11-19 17:14:17 - [MESSAGE][INFO] - Checking called Test Case

2021-11-19 17:14:17 - [MESSAGE][INFO] - Starting to call Test Case 'Test Cases/Filtreler/BitisYaz'

2021-11-19 17:14:17 - [TEST_CASE][PASSED] - Test Cases/Filtreler/BitisYaz: Test Cases/Filtreler/BitisYaz

2021-11-19 17:14:17 - [TEST_STEP][PASSED] - Method.TextDegerineEsitElementinAltindakineTikla(findTestObject("Filtreler/Basliklar"), findTestObject("Filtreler/Basliga_Gore_Bitis_Image"), Filtre_Adi): Method.TextDegerineEsitElementinAltindakineTikla is PASSED

2021-11-19 17:14:17 - [MESSAGE][INFO] - Finding Test Object 'Object Repository/Filtreler/Basliklar'

2021-11-19 17:14:17 - [MESSAGE][INFO] - Finding Test Object 'Object Repository/Filtreler/Basliga_Gore_Bitis_Image'

2021-11-19 17:14:17 - [MESSAGE][INFO] - Checking timeout

2021-11-19 17:14:17 - [MESSAGE][INFO] - Finding web element with id: 'Object Repository/Filtreler/Basliklar' located by 'By.cssSelector: .control-label.col-sm-4.paddingMarginRLC' in '10' second(s)

2021-11-19 17:14:17 - [MESSAGE][INFO] - Smart Wait Function is triggered

2021-11-19 17:14:18 - [MESSAGE][INFO] - Found 8 web elements with id: 'Object Repository/Filtreler/Basliklar' located by 'By.cssSelector: .control-label.col-sm-4.paddingMarginRLC' in '10' second(s)

2021-11-19 17:14:18 - [MESSAGE][INFO] - Smart Wait Function is triggered

2021-11-19 17:14:18 - [MESSAGE][PASSED] - Method.TextDegerineEsitElementinAltindakineTikla is PASSED

2021-11-19 17:14:18 - [TEST_STEP][PASSED] - Method.TextDegerineEsitElementinAltindakiTextboxtaYaz(findTestObject("Filtreler/Basliklar"), findTestObject("Object Repository/Filtreler/Basliga_Gore_Bitis"), Filtre_Adi, Filtre_Degeri): Method.TextDegerineEsitElementinAltindakiTextboxtaYaz is PASSED

2021-11-19 17:14:18 - [MESSAGE][INFO] - Finding Test Object 'Object Repository/Filtreler/Basliklar'

2021-11-19 17:14:18 - [MESSAGE][INFO] - Finding Test Object 'Object Repository/Filtreler/Basliga_Gore_Bitis'

2021-11-19 17:14:18 - [MESSAGE][INFO] - Checking timeout

2021-11-19 17:14:18 - [MESSAGE][INFO] - Finding web element with id: 'Object Repository/Filtreler/Basliklar' located by 'By.cssSelector: .control-label.col-sm-4.paddingMarginRLC' in '10' second(s)

2021-11-19 17:14:18 - [MESSAGE][INFO] - Smart Wait Function is triggered

2021-11-19 17:14:18 - [MESSAGE][INFO] - Found 8 web elements with id: 'Object Repository/Filtreler/Basliklar' located by 'By.cssSelector: .control-label.col-sm-4.paddingMarginRLC' in '10' second(s)

2021-11-19 17:14:18 - [MESSAGE][INFO] - Smart Wait Function is triggered

2021-11-19 17:14:19 - [MESSAGE][PASSED] - Method.TextDegerineEsitElementinAltindakiTextboxtaYaz is PASSED

2021-11-19 17:14:19 - [MESSAGE][PASSED] - Call Test Case 'Test Cases/Filtreler/BitisYaz' successfully

2021-11-19 17:14:19 - [MESSAGE][INFO] - Checking called Test Case

2021-11-19 17:14:19 - [MESSAGE][INFO] - Starting to call Test Case 'Test Cases/Filtreler/ButonaTikla'

2021-11-19 17:14:19 - [TEST_CASE][PASSED] - Test Cases/Filtreler/ButonaTikla: Test Cases/Filtreler/ButonaTikla

2021-11-19 17:14:19 - [TEST_STEP][PASSED] - Method.TextDegerineEsitElementeTikla(findTestObject("Filtreler/Butonlar"), Filtre_Buton): Method.TextDegerineEsitElementeTikla is PASSED

2021-11-19 17:14:19 - [MESSAGE][INFO] - Finding Test Object 'Object Repository/Filtreler/Butonlar'

2021-11-19 17:14:19 - [MESSAGE][INFO] - Checking timeout

2021-11-19 17:14:19 - [MESSAGE][INFO] - Finding web element with id: 'Object Repository/Filtreler/Butonlar' located by 'By.cssSelector: .dxb>span' in '10' second(s)

2021-11-19 17:14:19 - [MESSAGE][INFO] - Smart Wait Function is triggered

2021-11-19 17:14:19 - [MESSAGE][INFO] - Found 3 web elements with id: 'Object Repository/Filtreler/Butonlar' located by 'By.cssSelector: .dxb>span' in '10' second(s)

2021-11-19 17:14:20 - [MESSAGE][PASSED] - Method.TextDegerineEsitElementeTikla is PASSED

2021-11-19 17:14:20 - [MESSAGE][PASSED] - Call Test Case 'Test Cases/Filtreler/ButonaTikla' successfully

2021-11-19 17:14:20 - [MESSAGE][INFO] - Checking called Test Case

2021-11-19 17:14:20 - [MESSAGE][INFO] - Starting to call Test Case 'Test Cases/Tablo/TablodaVeriVarMi'

2021-11-19 17:14:20 - [TEST_CASE][PASSED] - Test Cases/Tablo/TablodaVeriVarMi: Test Cases/Tablo/TablodaVeriVarMi

2021-11-19 17:14:20 - [TEST_STEP][PASSED] - verifyTextNotPresent("Görüntülenecek veri yok", true): Text 'Görüntülenecek veri yok' is not present on page using regular expression

2021-11-19 17:14:20 - [MESSAGE][INFO] - Checking text present  using regular expression

2021-11-19 17:14:20 - [MESSAGE][INFO] - Smart Wait Function is triggered

2021-11-19 17:14:20 - [MESSAGE][INFO] - Finding text 'Görüntülenecek veri yok' on page  using regular expression

2021-11-19 17:14:20 - [MESSAGE][PASSED] - Text 'Görüntülenecek veri yok' is not present on page using regular expression

2021-11-19 17:14:20 - [MESSAGE][PASSED] - Call Test Case 'Test Cases/Tablo/TablodaVeriVarMi' successfully

2021-11-19 17:14:20 - [MESSAGE][INFO] - Checking called Test Case

2021-11-19 17:14:20 - [MESSAGE][INFO] - Starting to call Test Case 'Test Cases/Tablo/TablodanVeriSec'

2021-11-19 17:14:20 - [TEST_CASE][PASSED] - Test Cases/Tablo/TablodanVeriSec: Test Cases/Tablo/TablodanVeriSec

2021-11-19 17:14:20 - [TEST_STEP][PASSED] - Method.TextDegerineEsitElementinAltindakineTikla(findTestObject("Tablo/Veriler"), findTestObject("Tablo/VerininCheckBoxi"), Veri_Adi): Method.TextDegerineEsitElementinAltindakineTikla is PASSED

2021-11-19 17:14:20 - [MESSAGE][INFO] - Finding Test Object 'Object Repository/Tablo/Veriler'

2021-11-19 17:14:21 - [MESSAGE][INFO] - Finding Test Object 'Object Repository/Tablo/VerininCheckBoxi'

2021-11-19 17:14:21 - [MESSAGE][INFO] - Checking timeout

2021-11-19 17:14:21 - [MESSAGE][INFO] - Finding web element with id: 'Object Repository/Tablo/Veriler' located by 'By.cssSelector: td.dxgv b ,td.dxgv' in '10' second(s)

2021-11-19 17:14:21 - [MESSAGE][INFO] - Smart Wait Function is triggered

2021-11-19 17:14:21 - [MESSAGE][INFO] - Found 110 web elements with id: 'Object Repository/Tablo/Veriler' located by 'By.cssSelector: td.dxgv b ,td.dxgv' in '10' second(s)

2021-11-19 17:14:21 - [MESSAGE][INFO] - Smart Wait Function is triggered

2021-11-19 17:14:22 - [MESSAGE][PASSED] - Method.TextDegerineEsitElementinAltindakineTikla is PASSED

2021-11-19 17:14:22 - [MESSAGE][PASSED] - Call Test Case 'Test Cases/Tablo/TablodanVeriSec' successfully

2021-11-19 17:14:22 - [MESSAGE][INFO] - Checking called Test Case

2021-11-19 17:14:22 - [MESSAGE][INFO] - Starting to call Test Case 'Test Cases/Butonlar/ButonaTikla'

2021-11-19 17:14:22 - [TEST_CASE][PASSED] - Test Cases/Butonlar/ButonaTikla: Test Cases/Butonlar/ButonaTikla

2021-11-19 17:14:22 - [TEST_STEP][PASSED] - Method.TextDegerineEsitElementeTiklaEquals(findTestObject("Butonlar/Butonlar"), Buton_Adi): Method.TextDegerineEsitElementeTiklaEquals is PASSED

2021-11-19 17:14:22 - [MESSAGE][INFO] - Finding Test Object 'Object Repository/Butonlar/Butonlar'

2021-11-19 17:14:22 - [MESSAGE][INFO] - Checking timeout

2021-11-19 17:14:22 - [MESSAGE][INFO] - Finding web element with id: 'Object Repository/Butonlar/Butonlar' located by 'By.cssSelector: .panel.panel-default.text-center.footerPanel .btn,.btn.btn-primary.btnControls' in '10' second(s)

2021-11-19 17:14:22 - [MESSAGE][INFO] - Smart Wait Function is triggered

2021-11-19 17:14:22 - [MESSAGE][INFO] - Found 5 web elements with id: 'Object Repository/Butonlar/Butonlar' located by 'By.cssSelector: .panel.panel-default.text-center.footerPanel .btn,.btn.btn-primary.btnControls' in '10' second(s)

2021-11-19 17:14:22 - [MESSAGE][PASSED] - Method.TextDegerineEsitElementeTiklaEquals is PASSED

2021-11-19 17:14:22 - [MESSAGE][PASSED] - Call Test Case 'Test Cases/Butonlar/ButonaTikla' successfully

2021-11-19 17:14:22 - [MESSAGE][INFO] - Checking called Test Case

2021-11-19 17:14:22 - [MESSAGE][INFO] - Starting to call Test Case 'Test Cases/Sekmeler/YeniSekmeyeGec'

2021-11-19 17:14:22 - [TEST_CASE][PASSED] - Test Cases/Sekmeler/YeniSekmeyeGec: Test Cases/Sekmeler/YeniSekmeyeGec

2021-11-19 17:14:22 - [TEST_STEP][PASSED] - switchToWindowIndex(1): Switched to window with index: '1'

2021-11-19 17:14:22 - [MESSAGE][INFO] - Checking index

2021-11-19 17:14:22 - [MESSAGE][INFO] - Switching window with index: '1'

2021-11-19 17:14:22 - [MESSAGE][PASSED] - Switched to window with index: '1'

2021-11-19 17:14:22 - [MESSAGE][PASSED] - Call Test Case 'Test Cases/Sekmeler/YeniSekmeyeGec' successfully

2021-11-19 17:14:22 - [MESSAGE][INFO] - Checking called Test Case

2021-11-19 17:14:22 - [MESSAGE][INFO] - Starting to call Test Case 'Test Cases/Sekmeler/GecmisGeldiMi'

2021-11-19 17:14:22 - [TEST_CASE][PASSED] - Test Cases/Sekmeler/GecmisGeldiMi: Test Cases/Sekmeler/GecmisGeldiMi

2021-11-19 17:14:23 - [TEST_STEP][PASSED] - waitForElementVisible(findTestObject("Object Repository/Sekmeler/GecmisBaslik"), 10): Object 'Object Repository/Sekmeler/GecmisBaslik' is visible

2021-11-19 17:14:23 - [MESSAGE][INFO] - Finding Test Object 'Object Repository/Sekmeler/GecmisBaslik'

2021-11-19 17:14:23 - [MESSAGE][INFO] - Checking object

2021-11-19 17:14:23 - [MESSAGE][INFO] - Checking timeout

2021-11-19 17:14:23 - [MESSAGE][INFO] - Finding web element from Test Object's properties

2021-11-19 17:14:23 - [MESSAGE][INFO] - Checking timeout

2021-11-19 17:14:23 - [MESSAGE][INFO] - Finding web element with id: 'Object Repository/Sekmeler/GecmisBaslik' located by 'By.cssSelector: .dxnb-ghtext.dx-vam' in '10' second(s)

2021-11-19 17:14:23 - [MESSAGE][INFO] - Smart Wait Function is triggered

2021-11-19 17:14:30 - [MESSAGE][INFO] - Found 1 web elements with id: 'Object Repository/Sekmeler/GecmisBaslik' located by 'By.cssSelector: .dxnb-ghtext.dx-vam' in '10' second(s)

2021-11-19 17:14:30 - [MESSAGE][PASSED] - Object 'Object Repository/Sekmeler/GecmisBaslik' is visible

2021-11-19 17:14:30 - [TEST_STEP][PASSED] - if (!(getText(findTestObject("Object Repository/Sekmeler/GecmisBaslik")).contains(Baslik))): Text of object 'Object Repository/Sekmeler/GecmisBaslik' is: 'Zarf İzleme Kayıtları - 116114835'

2021-11-19 17:14:30 - [MESSAGE][INFO] - Finding Test Object 'Object Repository/Sekmeler/GecmisBaslik'

2021-11-19 17:14:30 - [MESSAGE][INFO] - Checking object

2021-11-19 17:14:30 - [MESSAGE][INFO] - Finding web element from Test Object's properties

2021-11-19 17:14:30 - [MESSAGE][INFO] - Checking timeout

2021-11-19 17:14:30 - [MESSAGE][INFO] - Finding web element with id: 'Object Repository/Sekmeler/GecmisBaslik' located by 'By.cssSelector: .dxnb-ghtext.dx-vam' in '30' second(s)

2021-11-19 17:14:30 - [MESSAGE][INFO] - Smart Wait Function is triggered

2021-11-19 17:14:30 - [MESSAGE][INFO] - Found 1 web elements with id: 'Object Repository/Sekmeler/GecmisBaslik' located by 'By.cssSelector: .dxnb-ghtext.dx-vam' in '30' second(s)

2021-11-19 17:14:30 - [MESSAGE][INFO] - Getting text of object 'Object Repository/Sekmeler/GecmisBaslik'

2021-11-19 17:14:30 - [MESSAGE][PASSED] - Text of object 'Object Repository/Sekmeler/GecmisBaslik' is: 'Zarf İzleme Kayıtları - 116114835'

2021-11-19 17:14:30 - [MESSAGE][PASSED] - Call Test Case 'Test Cases/Sekmeler/GecmisGeldiMi' successfully

2021-11-19 17:14:30 - [MESSAGE][INFO] - Checking called Test Case

2021-11-19 17:14:30 - [MESSAGE][INFO] - Starting to call Test Case 'Test Cases/Sekmeler/Ana_Sekmeye_Gec'

2021-11-19 17:14:30 - [TEST_CASE][PASSED] - Test Cases/Sekmeler/Ana_Sekmeye_Gec: Test Cases/Sekmeler/Ana_Sekmeye_Gec

2021-11-19 17:14:30 - [TEST_STEP][PASSED] - try: Window with index 1 is closed

2021-11-19 17:14:30 - [TEST_STEP][PASSED] - index = getWindowIndex(): Current window's index is: 1

2021-11-19 17:14:30 - [MESSAGE][INFO] - Getting current window's index

2021-11-19 17:14:30 - [MESSAGE][PASSED] - Current window's index is: 1

2021-11-19 17:14:30 - [TEST_STEP][PASSED] - closeWindowIndex(index): Window with index 1 is closed

2021-11-19 17:14:30 - [MESSAGE][INFO] - Checking index

2021-11-19 17:14:30 - [MESSAGE][INFO] - Closing window with index 1

2021-11-19 17:14:30 - [MESSAGE][PASSED] - Window with index 1 is closed

2021-11-19 17:14:30 - [TEST_STEP][PASSED] - switchToWindowIndex(0): Switched to window with index: '0'

2021-11-19 17:14:30 - [MESSAGE][INFO] - Checking index

2021-11-19 17:14:30 - [MESSAGE][INFO] - Switching window with index: '0'

2021-11-19 17:14:30 - [MESSAGE][PASSED] - Switched to window with index: '0'

2021-11-19 17:14:30 - [MESSAGE][PASSED] - Call Test Case 'Test Cases/Sekmeler/Ana_Sekmeye_Gec' successfully

2021-11-19 17:14:30 - [MESSAGE][INFO] - Checking called Test Case

2021-11-19 17:14:30 - [MESSAGE][INFO] - Starting to call Test Case 'Test Cases/Kullanici_Islemleri/KullaniciIslemlerindenSecimYapilir'

2021-11-19 17:14:30 - [TEST_CASE][PASSED] - Test Cases/Kullanici_Islemleri/KullaniciIslemlerindenSecimYapilir: Test Cases/Kullanici_Islemleri/KullaniciIslemlerindenSecimYapilir

2021-11-19 17:14:30 - [TEST_STEP][PASSED] - waitForElementClickable(findTestObject("Object Repository/Kullanici_Islemleri/KullaniciIslemleri"), 10): Object 'Object Repository/Kullanici_Islemleri/KullaniciIslemleri' is clickable

2021-11-19 17:14:30 - [MESSAGE][INFO] - Finding Test Object 'Object Repository/Kullanici_Islemleri/KullaniciIslemleri'

2021-11-19 17:14:31 - [MESSAGE][INFO] - Checking object

2021-11-19 17:14:31 - [MESSAGE][INFO] - Checking timeout

2021-11-19 17:14:31 - [MESSAGE][INFO] - Finding web element from Test Object's properties

2021-11-19 17:14:31 - [MESSAGE][INFO] - Checking timeout

2021-11-19 17:14:31 - [MESSAGE][INFO] - Finding web element with id: 'Object Repository/Kullanici_Islemleri/KullaniciIslemleri' located by 'By.cssSelector: .dropdown>a>img' in '10' second(s)

2021-11-19 17:14:31 - [MESSAGE][INFO] - Smart Wait Function is triggered

2021-11-19 17:14:31 - [MESSAGE][INFO] - Found 1 web elements with id: 'Object Repository/Kullanici_Islemleri/KullaniciIslemleri' located by 'By.cssSelector: .dropdown>a>img' in '10' second(s)

2021-11-19 17:14:31 - [MESSAGE][PASSED] - Object 'Object Repository/Kullanici_Islemleri/KullaniciIslemleri' is clickable

2021-11-19 17:14:31 - [TEST_STEP][PASSED] - click(findTestObject("Object Repository/Kullanici_Islemleri/KullaniciIslemleri")): Object: 'Object Repository/Kullanici_Islemleri/KullaniciIslemleri' is clicked on

2021-11-19 17:14:31 - [MESSAGE][INFO] - Finding Test Object 'Object Repository/Kullanici_Islemleri/KullaniciIslemleri'

2021-11-19 17:14:31 - [MESSAGE][INFO] - Checking object

2021-11-19 17:14:31 - [MESSAGE][INFO] - Finding web element from Test Object's properties

2021-11-19 17:14:31 - [MESSAGE][INFO] - Checking timeout

2021-11-19 17:14:31 - [MESSAGE][INFO] - Finding web element with id: 'Object Repository/Kullanici_Islemleri/KullaniciIslemleri' located by 'By.cssSelector: .dropdown>a>img' in '30' second(s)

2021-11-19 17:14:31 - [MESSAGE][INFO] - Smart Wait Function is triggered

2021-11-19 17:14:31 - [MESSAGE][INFO] - Found 1 web elements with id: 'Object Repository/Kullanici_Islemleri/KullaniciIslemleri' located by 'By.cssSelector: .dropdown>a>img' in '30' second(s)

2021-11-19 17:14:31 - [MESSAGE][INFO] - Clicking on object: 'Object Repository/Kullanici_Islemleri/KullaniciIslemleri'

2021-11-19 17:14:31 - [MESSAGE][PASSED] - Object: 'Object Repository/Kullanici_Islemleri/KullaniciIslemleri' is clicked on

2021-11-19 17:14:31 - [TEST_STEP][PASSED] - Method.TextDegerineEsitElementeTikla(findTestObject("Object Repository/Kullanici_Islemleri/Secenekler"), Islem): Method.TextDegerineEsitElementeTikla is PASSED

2021-11-19 17:14:31 - [MESSAGE][INFO] - Finding Test Object 'Object Repository/Kullanici_Islemleri/Secenekler'

2021-11-19 17:14:31 - [MESSAGE][INFO] - Checking timeout

2021-11-19 17:14:31 - [MESSAGE][INFO] - Finding web element with id: 'Object Repository/Kullanici_Islemleri/Secenekler' located by 'By.cssSelector: .nav.navbar-nav.navbar-right li a' in '10' second(s)

2021-11-19 17:14:31 - [MESSAGE][INFO] - Smart Wait Function is triggered

2021-11-19 17:14:32 - [MESSAGE][INFO] - Found 22 web elements with id: 'Object Repository/Kullanici_Islemleri/Secenekler' located by 'By.cssSelector: .nav.navbar-nav.navbar-right li a' in '10' second(s)

2021-11-19 17:14:33 - [MESSAGE][PASSED] - Method.TextDegerineEsitElementeTikla is PASSED

2021-11-19 17:14:33 - [TEST_STEP][PASSED] - verifyElementNotPresent(findTestObject("Object Repository/Kullanici_Islemleri/Secenekler"), 10): Web element with id: 'Object Repository/Kullanici_Islemleri/Secenekler' located by 'By.cssSelector: .nav.navbar-nav.navbar-right li a' is not present after '10' second(s)

2021-11-19 17:14:33 - [MESSAGE][INFO] - Finding Test Object 'Object Repository/Kullanici_Islemleri/Secenekler'

2021-11-19 17:14:33 - [MESSAGE][INFO] - Checking object

2021-11-19 17:14:33 - [MESSAGE][INFO] - Checking timeout

2021-11-19 17:14:33 - [MESSAGE][INFO] - Finding web element with id: 'Object Repository/Kullanici_Islemleri/Secenekler' located by 'By.cssSelector: .nav.navbar-nav.navbar-right li a' in '10' second(s)

2021-11-19 17:14:33 - [MESSAGE][INFO] - Smart Wait Function is triggered

2021-11-19 17:14:34 - [MESSAGE][PASSED] - Web element with id: 'Object Repository/Kullanici_Islemleri/Secenekler' located by 'By.cssSelector: .nav.navbar-nav.navbar-right li a' is not present after '10' second(s)

2021-11-19 17:14:34 - [MESSAGE][PASSED] - Call Test Case 'Test Cases/Kullanici_Islemleri/KullaniciIslemlerindenSecimYapilir' successfully

2021-11-19 17:14:34 - [TEST_CASE][PASSED] - Start Test Case : SCENARIO Gelen Zarf Gecmis: SCENARIO Gelen Zarf Gecmis

2021-11-19 17:14:34 - [TEST_STEP][PASSED] - Kullanıcı adı ELOGO6 ve Şifre 123456 olarak giriş yapılır: Kullanıcı adı ELOGO6 ve Şifre 123456 olarak giriş yapılır

2021-11-19 17:14:34 - [MESSAGE][PASSED] - Kullanıcı adı ELOGO6 ve Şifre 123456 olarak giriş yapılır

2021-11-19 17:14:34 - [TEST_STEP][PASSED] - Ana menüden Zarflar seçilir: Ana menüden Zarflar seçilir

2021-11-19 17:14:34 - [MESSAGE][PASSED] - Ana menüden Zarflar seçilir

2021-11-19 17:14:34 - [TEST_STEP][PASSED] - Alt menüden Gelen Zarflar seçilir: Alt menüden Gelen Zarflar seçilir

2021-11-19 17:14:34 - [MESSAGE][PASSED] - Alt menüden Gelen Zarflar seçilir

2021-11-19 17:14:34 - [TEST_STEP][PASSED] - Filtrelerden Oluşturma Tarihi filtresine 01.12.2020 baslangic degerini yaz: Filtrelerden Oluşturma Tarihi filtresine 01.12.2020 baslangic degerini yaz

2021-11-19 17:14:34 - [MESSAGE][PASSED] - Filtrelerden Oluşturma Tarihi filtresine 01.12.2020 baslangic degerini yaz

2021-11-19 17:14:34 - [TEST_STEP][PASSED] - Filtrelerden Oluşturma Tarihi filtresine 31.12.2020 bitis degerini yaz: Filtrelerden Oluşturma Tarihi filtresine 31.12.2020 bitis degerini yaz

2021-11-19 17:14:34 - [MESSAGE][PASSED] - Filtrelerden Oluşturma Tarihi filtresine 31.12.2020 bitis degerini yaz

2021-11-19 17:14:34 - [TEST_STEP][PASSED] - Filtre butonlarından Listele seçilir: Filtre butonlarından Listele seçilir

2021-11-19 17:14:34 - [MESSAGE][PASSED] - Filtre butonlarından Listele seçilir

2021-11-19 17:14:34 - [TEST_STEP][PASSED] - Tabloda veri var mı kontrol edilir: Tabloda veri var mı kontrol edilir

2021-11-19 17:14:34 - [MESSAGE][PASSED] - Tabloda veri var mı kontrol edilir

2021-11-19 17:14:34 - [TEST_STEP][PASSED] - Tablodan E LOGO 6 isimli veri seçilir: Tablodan E LOGO 6 isimli veri seçilir

2021-11-19 17:14:34 - [MESSAGE][PASSED] - Tablodan E LOGO 6 isimli veri seçilir

2021-11-19 17:14:34 - [TEST_STEP][PASSED] - Butonlardan İzleme Kayıtları isimli butona tıklanır: Butonlardan İzleme Kayıtları isimli butona tıklanır

2021-11-19 17:14:34 - [MESSAGE][PASSED] - Butonlardan İzleme Kayıtları isimli butona tıklanır

2021-11-19 17:14:34 - [TEST_STEP][PASSED] - Yeni açılan sekmeye geçilir: Yeni açılan sekmeye geçilir

2021-11-19 17:14:34 - [MESSAGE][PASSED] - Yeni açılan sekmeye geçilir

2021-11-19 17:14:34 - [TEST_STEP][PASSED] - Zarf İzleme Kayıtları baslikli gecmis sayfasi geldi mi: Zarf İzleme Kayıtları baslikli gecmis sayfasi geldi mi

2021-11-19 17:14:34 - [MESSAGE][PASSED] - Zarf İzleme Kayıtları baslikli gecmis sayfasi geldi mi

2021-11-19 17:14:34 - [TEST_STEP][PASSED] - Ana sekmeye geçilir: Ana sekmeye geçilir

2021-11-19 17:14:34 - [MESSAGE][PASSED] - Ana sekmeye geçilir

2021-11-19 17:14:34 - [TEST_STEP][PASSED] - Kullanıcı işlemlerinden Çıkış seçilir: Kullanıcı işlemlerinden Çıkış seçilir

2021-11-19 17:14:34 - [MESSAGE][PASSED] - Kullanıcı işlemlerinden Çıkış seçilir

2021-11-19 17:14:34 - [MESSAGE][PASSED] - Feature file: 'Include/features/Zarflar/Gelen Zarflar/Izleme Kayitlari.feature' was passed

2021-11-19 17:14:34 - [TEST_STEP][PASSED] - Start listener action : sampleAfterTestSuite: Invoke 'com.kms.katalon.core.annotation.AfterTestCase' method: 'Listener.sampleAfterTestSuite(...)' completed.

2021-11-19 17:14:34 - [MESSAGE][INFO] - Starting invoke 'com.kms.katalon.core.annotation.AfterTestCase' method: 'Listener.sampleAfterTestSuite(...)'

2021-11-19 17:14:34 - [TEST_STEP][PASSED] - closeBrowser(): Invoke 'com.kms.katalon.core.annotation.AfterTestCase' method: 'Listener.sampleAfterTestSuite(...)' completed.

2021-11-19 17:14:34 - [MESSAGE][INFO] - Closing browser

2021-11-19 17:14:35 - [MESSAGE][PASSED] - Browser is closed

2021-11-19 17:14:35 - [MESSAGE][INFO] - Invoke 'com.kms.katalon.core.annotation.AfterTestCase' method: 'Listener.sampleAfterTestSuite(...)' completed.]]></system-out>
         <system-err><![CDATA[]]></system-err>
      </testcase>
      <testcase name="Test Cases/Case Repository/Zarflar/Gelen Zarflar/Tablodaki Verinin Irsaliyeleri" time="188.709" classname="Test Cases/Case Repository/Zarflar/Gelen Zarflar/Tablodaki Verinin Irsaliyeleri" status="PASSED">
         <system-out><![CDATA[2021-11-19 17:14:35 - [TEST_CASE][PASSED] - Test Cases/Case Repository/Zarflar/Gelen Zarflar/Tablodaki Verinin Irsaliyeleri: Test Cases/Case Repository/Zarflar/Gelen Zarflar/Tablodaki Verinin Irsaliyeleri

2021-11-19 17:14:35 - [TEST_STEP][PASSED] - Start listener action : sampleBeforeTestSuite: Invoke 'com.kms.katalon.core.annotation.BeforeTestCase' method: 'Listener.sampleBeforeTestSuite(...)' completed.

2021-11-19 17:14:35 - [MESSAGE][INFO] - Starting invoke 'com.kms.katalon.core.annotation.BeforeTestCase' method: 'Listener.sampleBeforeTestSuite(...)'

2021-11-19 17:14:35 - [TEST_STEP][PASSED] - openBrowser(baseUrl): Browser is opened with url: 'https://efatura-stage.elogo.com.tr/'

2021-11-19 17:14:35 - [MESSAGE][INFO] - Opening browser

2021-11-19 17:14:35 - [MESSAGE][INFO] - Starting 'Chrome' driver

2021-11-19 17:14:35 - [MESSAGE][INFO] - User set preference: ['prefs', '{download.default_directory=C:\otomasyondownfiles}']

2021-11-19 17:14:35 - [MESSAGE][INFO] - Action delay is set to 0 milliseconds

2021-11-19 17:14:36 - [MESSAGE][INFO] - Navigating browser to: 'https://efatura-stage.elogo.com.tr/'

2021-11-19 17:14:40 - [MESSAGE][PASSED] - Browser is opened with url: 'https://efatura-stage.elogo.com.tr/'

2021-11-19 17:14:40 - [TEST_STEP][PASSED] - maximizeWindow(): Invoke 'com.kms.katalon.core.annotation.BeforeTestCase' method: 'Listener.sampleBeforeTestSuite(...)' completed.

2021-11-19 17:14:40 - [MESSAGE][INFO] - Maximizing current window

2021-11-19 17:14:41 - [MESSAGE][PASSED] - Current window maximized

2021-11-19 17:14:41 - [MESSAGE][INFO] - Invoke 'com.kms.katalon.core.annotation.BeforeTestCase' method: 'Listener.sampleBeforeTestSuite(...)' completed.

2021-11-19 17:14:41 - [TEST_STEP][PASSED] - runFeatureFile("Include/features/Zarflar/Gelen Zarflar/Tablodaki Verinin Butonlari.feature"): Feature file: 'Include/features/Zarflar/Gelen Zarflar/Tablodaki Verinin Butonlari.feature' was passed

2021-11-19 17:14:41 - [MESSAGE][INFO] - Starting run keyword runFeatureFile: 'Include/features/Zarflar/Gelen Zarflar/Tablodaki Verinin Butonlari.feature' and extract report to folder: 'C:\Users\DELL\Documents\GitHub\EES_KatalonLogo\Reports\20211119_164526\Suite Repository\Zarflar\20211119_164611/cucumber_report/1637331281658'...

2021-11-19 17:14:41 - [MESSAGE][INFO] - Glue: []

2021-11-19 17:14:44 - [MESSAGE][INFO] - Checking called Test Case

2021-11-19 17:14:44 - [MESSAGE][INFO] - Starting to call Test Case 'Test Cases/Sayfalar/Giris_Sayfasi/Login'

2021-11-19 17:14:44 - [TEST_CASE][PASSED] - Test Cases/Sayfalar/Giris_Sayfasi/Login: Test Cases/Sayfalar/Giris_Sayfasi/Login

2021-11-19 17:14:44 - [TEST_STEP][PASSED] - Sayfa_Basligi = getWindowTitle(): Current window's title is: 'LOGO e-Fatura'

2021-11-19 17:14:44 - [MESSAGE][INFO] - Getting current window's title

2021-11-19 17:14:44 - [MESSAGE][PASSED] - Current window's title is: 'LOGO e-Fatura'

2021-11-19 17:14:44 - [TEST_STEP][PASSED] - verifyMatch(Sayfa_Basligi, "LOGO e-Fatura", false): Actual text 'LOGO e-Fatura' and expected text 'LOGO e-Fatura' are matched 

2021-11-19 17:14:44 - [MESSAGE][INFO] - Matching actual text 'LOGO e-Fatura' with expected text 'LOGO e-Fatura'

2021-11-19 17:14:44 - [MESSAGE][PASSED] - Actual text 'LOGO e-Fatura' and expected text 'LOGO e-Fatura' are matched 

2021-11-19 17:14:44 - [TEST_STEP][PASSED] - sendKeys(findTestObject("Sayfalar/Giris_Sayfasi/Firma_Kodu"), KullaniciAdi): Keys 'ELOGO6' sent to object: 'Object Repository/Sayfalar/Giris_Sayfasi/Firma_Kodu'

2021-11-19 17:14:44 - [MESSAGE][INFO] - Finding Test Object 'Object Repository/Sayfalar/Giris_Sayfasi/Firma_Kodu'

2021-11-19 17:14:44 - [MESSAGE][INFO] - Sending keys 'ELOGO6' to object: 'Object Repository/Sayfalar/Giris_Sayfasi/Firma_Kodu'

2021-11-19 17:14:44 - [MESSAGE][INFO] - Finding web element from Test Object's properties

2021-11-19 17:14:44 - [MESSAGE][INFO] - Checking timeout

2021-11-19 17:14:44 - [MESSAGE][INFO] - Finding web element with id: 'Object Repository/Sayfalar/Giris_Sayfasi/Firma_Kodu' located by 'By.xpath: //*[@id = 'AccountName']' in '30' second(s)

2021-11-19 17:14:44 - [MESSAGE][INFO] - Smart Wait Function is triggered

2021-11-19 17:14:45 - [MESSAGE][INFO] - Found 1 web elements with id: 'Object Repository/Sayfalar/Giris_Sayfasi/Firma_Kodu' located by 'By.xpath: //*[@id = 'AccountName']' in '30' second(s)

2021-11-19 17:14:45 - [MESSAGE][PASSED] - Keys 'ELOGO6' sent to object: 'Object Repository/Sayfalar/Giris_Sayfasi/Firma_Kodu'

2021-11-19 17:14:45 - [TEST_STEP][PASSED] - sendKeys(findTestObject("Sayfalar/Giris_Sayfasi/Sifre"), Sifre): Keys '123456' sent to object: 'Object Repository/Sayfalar/Giris_Sayfasi/Sifre'

2021-11-19 17:14:45 - [MESSAGE][INFO] - Finding Test Object 'Object Repository/Sayfalar/Giris_Sayfasi/Sifre'

2021-11-19 17:14:45 - [MESSAGE][INFO] - Sending keys '123456' to object: 'Object Repository/Sayfalar/Giris_Sayfasi/Sifre'

2021-11-19 17:14:45 - [MESSAGE][INFO] - Finding web element from Test Object's properties

2021-11-19 17:14:45 - [MESSAGE][INFO] - Checking timeout

2021-11-19 17:14:45 - [MESSAGE][INFO] - Finding web element with id: 'Object Repository/Sayfalar/Giris_Sayfasi/Sifre' located by 'By.xpath: //*[@id = 'Password']' in '30' second(s)

2021-11-19 17:14:45 - [MESSAGE][INFO] - Smart Wait Function is triggered

2021-11-19 17:14:45 - [MESSAGE][INFO] - Found 1 web elements with id: 'Object Repository/Sayfalar/Giris_Sayfasi/Sifre' located by 'By.xpath: //*[@id = 'Password']' in '30' second(s)

2021-11-19 17:14:46 - [MESSAGE][PASSED] - Keys '123456' sent to object: 'Object Repository/Sayfalar/Giris_Sayfasi/Sifre'

2021-11-19 17:14:46 - [TEST_STEP][PASSED] - findWebElement(findTestObject("Sayfalar/Giris_Sayfasi/Giris_Butonu")).click(): Found 1 web elements with id: 'Object Repository/Sayfalar/Giris_Sayfasi/Giris_Butonu' located by 'By.cssSelector: #btnLogin' in '30' second(s)

2021-11-19 17:14:46 - [MESSAGE][INFO] - Finding Test Object 'Object Repository/Sayfalar/Giris_Sayfasi/Giris_Butonu'

2021-11-19 17:14:46 - [MESSAGE][INFO] - Finding web element from Test Object's properties

2021-11-19 17:14:46 - [MESSAGE][INFO] - Checking timeout

2021-11-19 17:14:46 - [MESSAGE][INFO] - Finding web element with id: 'Object Repository/Sayfalar/Giris_Sayfasi/Giris_Butonu' located by 'By.cssSelector: #btnLogin' in '30' second(s)

2021-11-19 17:14:46 - [MESSAGE][INFO] - Smart Wait Function is triggered

2021-11-19 17:14:46 - [MESSAGE][INFO] - Found 1 web elements with id: 'Object Repository/Sayfalar/Giris_Sayfasi/Giris_Butonu' located by 'By.cssSelector: #btnLogin' in '30' second(s)

2021-11-19 17:14:49 - [TEST_STEP][PASSED] - if (verifyElementPresent(findTestObject("Object Repository/Sayfalar/Giris_Sayfasi/RetveTamam_Butonu"), 5, OPTIONAL)): null

2021-11-19 17:14:49 - [MESSAGE][INFO] - Finding Test Object 'Object Repository/Sayfalar/Giris_Sayfasi/RetveTamam_Butonu'

2021-11-19 17:14:49 - [MESSAGE][INFO] - Checking object

2021-11-19 17:14:49 - [MESSAGE][INFO] - Finding web element from Test Object's properties

2021-11-19 17:14:49 - [MESSAGE][INFO] - Checking timeout

2021-11-19 17:14:49 - [MESSAGE][INFO] - Finding web element with id: 'Object Repository/Sayfalar/Giris_Sayfasi/RetveTamam_Butonu' located by 'By.xpath: //*[@class = 'btn btn-default']' in '5' second(s)

2021-11-19 17:14:49 - [MESSAGE][INFO] - Smart Wait Function is triggered

2021-11-19 17:14:49 - [MESSAGE][INFO] - Found 1 web elements with id: 'Object Repository/Sayfalar/Giris_Sayfasi/RetveTamam_Butonu' located by 'By.xpath: //*[@class = 'btn btn-default']' in '5' second(s)

2021-11-19 17:14:49 - [MESSAGE][PASSED] - Object 'Object Repository/Sayfalar/Giris_Sayfasi/RetveTamam_Butonu' is present

2021-11-19 17:14:49 - [TEST_STEP][PASSED] - click(findTestObject("Object Repository/Sayfalar/Giris_Sayfasi/RetveTamam_Butonu")): Object: 'Object Repository/Sayfalar/Giris_Sayfasi/RetveTamam_Butonu' is clicked on

2021-11-19 17:14:49 - [MESSAGE][INFO] - Finding Test Object 'Object Repository/Sayfalar/Giris_Sayfasi/RetveTamam_Butonu'

2021-11-19 17:14:49 - [MESSAGE][INFO] - Checking object

2021-11-19 17:14:49 - [MESSAGE][INFO] - Finding web element from Test Object's properties

2021-11-19 17:14:49 - [MESSAGE][INFO] - Checking timeout

2021-11-19 17:14:49 - [MESSAGE][INFO] - Finding web element with id: 'Object Repository/Sayfalar/Giris_Sayfasi/RetveTamam_Butonu' located by 'By.xpath: //*[@class = 'btn btn-default']' in '30' second(s)

2021-11-19 17:14:49 - [MESSAGE][INFO] - Smart Wait Function is triggered

2021-11-19 17:14:50 - [MESSAGE][INFO] - Found 1 web elements with id: 'Object Repository/Sayfalar/Giris_Sayfasi/RetveTamam_Butonu' located by 'By.xpath: //*[@class = 'btn btn-default']' in '30' second(s)

2021-11-19 17:14:50 - [MESSAGE][INFO] - Clicking on object: 'Object Repository/Sayfalar/Giris_Sayfasi/RetveTamam_Butonu'

2021-11-19 17:14:50 - [MESSAGE][PASSED] - Object: 'Object Repository/Sayfalar/Giris_Sayfasi/RetveTamam_Butonu' is clicked on

2021-11-19 17:14:50 - [TEST_STEP][PASSED] - click(findTestObject("Object Repository/Sayfalar/Giris_Sayfasi/RetveTamam_Butonu")): Object: 'Object Repository/Sayfalar/Giris_Sayfasi/RetveTamam_Butonu' is clicked on

2021-11-19 17:14:50 - [MESSAGE][INFO] - Finding Test Object 'Object Repository/Sayfalar/Giris_Sayfasi/RetveTamam_Butonu'

2021-11-19 17:14:50 - [MESSAGE][INFO] - Checking object

2021-11-19 17:14:50 - [MESSAGE][INFO] - Finding web element from Test Object's properties

2021-11-19 17:14:50 - [MESSAGE][INFO] - Checking timeout

2021-11-19 17:14:50 - [MESSAGE][INFO] - Finding web element with id: 'Object Repository/Sayfalar/Giris_Sayfasi/RetveTamam_Butonu' located by 'By.xpath: //*[@class = 'btn btn-default']' in '30' second(s)

2021-11-19 17:14:50 - [MESSAGE][INFO] - Smart Wait Function is triggered

2021-11-19 17:14:54 - [MESSAGE][INFO] - Found 1 web elements with id: 'Object Repository/Sayfalar/Giris_Sayfasi/RetveTamam_Butonu' located by 'By.xpath: //*[@class = 'btn btn-default']' in '30' second(s)

2021-11-19 17:14:54 - [MESSAGE][INFO] - Clicking on object: 'Object Repository/Sayfalar/Giris_Sayfasi/RetveTamam_Butonu'

2021-11-19 17:14:54 - [MESSAGE][PASSED] - Object: 'Object Repository/Sayfalar/Giris_Sayfasi/RetveTamam_Butonu' is clicked on

2021-11-19 17:14:54 - [TEST_STEP][PASSED] - if (verifyElementPresent(findTestObject("Sayfalar/Giris_Sayfasi/PopupOK"), 5, OPTIONAL)): null

2021-11-19 17:14:54 - [MESSAGE][INFO] - Finding Test Object 'Object Repository/Sayfalar/Giris_Sayfasi/PopupOK'

2021-11-19 17:14:54 - [MESSAGE][INFO] - Checking object

2021-11-19 17:14:54 - [MESSAGE][INFO] - Finding web element from Test Object's properties

2021-11-19 17:14:54 - [MESSAGE][INFO] - Checking timeout

2021-11-19 17:14:54 - [MESSAGE][INFO] - Finding web element with id: 'Object Repository/Sayfalar/Giris_Sayfasi/PopupOK' located by 'By.cssSelector: .btn.btn-success' in '5' second(s)

2021-11-19 17:14:54 - [MESSAGE][INFO] - Smart Wait Function is triggered

2021-11-19 17:14:55 - [MESSAGE][INFO] - Found 1 web elements with id: 'Object Repository/Sayfalar/Giris_Sayfasi/PopupOK' located by 'By.cssSelector: .btn.btn-success' in '5' second(s)

2021-11-19 17:14:55 - [MESSAGE][PASSED] - Object 'Object Repository/Sayfalar/Giris_Sayfasi/PopupOK' is present

2021-11-19 17:14:55 - [TEST_STEP][PASSED] - click(findTestObject("Object Repository/Sayfalar/Giris_Sayfasi/PopupCarpiGiris")): Object: 'Object Repository/Sayfalar/Giris_Sayfasi/PopupCarpiGiris' is clicked on

2021-11-19 17:14:55 - [MESSAGE][INFO] - Finding Test Object 'Object Repository/Sayfalar/Giris_Sayfasi/PopupCarpiGiris'

2021-11-19 17:14:55 - [MESSAGE][INFO] - Checking object

2021-11-19 17:14:55 - [MESSAGE][INFO] - Finding web element from Test Object's properties

2021-11-19 17:14:55 - [MESSAGE][INFO] - Checking timeout

2021-11-19 17:14:55 - [MESSAGE][INFO] - Finding web element with id: 'Object Repository/Sayfalar/Giris_Sayfasi/PopupCarpiGiris' located by 'By.cssSelector: .bootbox-close-button.close' in '30' second(s)

2021-11-19 17:14:55 - [MESSAGE][INFO] - Smart Wait Function is triggered

2021-11-19 17:14:55 - [MESSAGE][INFO] - Found 1 web elements with id: 'Object Repository/Sayfalar/Giris_Sayfasi/PopupCarpiGiris' located by 'By.cssSelector: .bootbox-close-button.close' in '30' second(s)

2021-11-19 17:14:55 - [MESSAGE][INFO] - Clicking on object: 'Object Repository/Sayfalar/Giris_Sayfasi/PopupCarpiGiris'

2021-11-19 17:14:55 - [MESSAGE][PASSED] - Object: 'Object Repository/Sayfalar/Giris_Sayfasi/PopupCarpiGiris' is clicked on

2021-11-19 17:14:55 - [TEST_STEP][PASSED] - verifyElementVisible(findTestObject("Object Repository/Kullanici_Islemleri/KullaniciIslemleri")): Object 'Object Repository/Kullanici_Islemleri/KullaniciIslemleri' is visible

2021-11-19 17:14:55 - [MESSAGE][INFO] - Finding Test Object 'Object Repository/Kullanici_Islemleri/KullaniciIslemleri'

2021-11-19 17:14:55 - [MESSAGE][INFO] - Checking object

2021-11-19 17:14:55 - [MESSAGE][INFO] - Finding web element from Test Object's properties

2021-11-19 17:14:55 - [MESSAGE][INFO] - Checking timeout

2021-11-19 17:14:55 - [MESSAGE][INFO] - Finding web element with id: 'Object Repository/Kullanici_Islemleri/KullaniciIslemleri' located by 'By.cssSelector: .dropdown>a>img' in '30' second(s)

2021-11-19 17:14:55 - [MESSAGE][INFO] - Smart Wait Function is triggered

2021-11-19 17:14:56 - [MESSAGE][INFO] - Found 1 web elements with id: 'Object Repository/Kullanici_Islemleri/KullaniciIslemleri' located by 'By.cssSelector: .dropdown>a>img' in '30' second(s)

2021-11-19 17:14:56 - [MESSAGE][PASSED] - Object 'Object Repository/Kullanici_Islemleri/KullaniciIslemleri' is visible

2021-11-19 17:14:56 - [MESSAGE][PASSED] - Call Test Case 'Test Cases/Sayfalar/Giris_Sayfasi/Login' successfully

2021-11-19 17:14:56 - [MESSAGE][INFO] - Checking called Test Case

2021-11-19 17:14:56 - [MESSAGE][INFO] - Starting to call Test Case 'Test Cases/Menu/AnaMenuSecimi'

2021-11-19 17:14:56 - [TEST_CASE][PASSED] - Test Cases/Menu/AnaMenuSecimi: Test Cases/Menu/AnaMenuSecimi

2021-11-19 17:14:56 - [TEST_STEP][PASSED] - Method.TextDegerineEsitElementeTikla(findTestObject("Menu/Ana_Menu"), Ana_Menu): Method.TextDegerineEsitElementeTikla is PASSED

2021-11-19 17:14:56 - [MESSAGE][INFO] - Finding Test Object 'Object Repository/Menu/Ana_Menu'

2021-11-19 17:14:56 - [MESSAGE][INFO] - Checking timeout

2021-11-19 17:14:56 - [MESSAGE][INFO] - Finding web element with id: 'Object Repository/Menu/Ana_Menu' located by 'By.xpath: //*[@class = 'dropdown-toggle']' in '10' second(s)

2021-11-19 17:14:56 - [MESSAGE][INFO] - Smart Wait Function is triggered

2021-11-19 17:14:57 - [MESSAGE][INFO] - Found 14 web elements with id: 'Object Repository/Menu/Ana_Menu' located by 'By.xpath: //*[@class = 'dropdown-toggle']' in '10' second(s)

2021-11-19 17:14:57 - [MESSAGE][PASSED] - Method.TextDegerineEsitElementeTikla is PASSED

2021-11-19 17:14:57 - [MESSAGE][PASSED] - Call Test Case 'Test Cases/Menu/AnaMenuSecimi' successfully

2021-11-19 17:14:57 - [MESSAGE][INFO] - Checking called Test Case

2021-11-19 17:14:57 - [MESSAGE][INFO] - Starting to call Test Case 'Test Cases/Menu/AltMenuSecimi'

2021-11-19 17:14:57 - [TEST_CASE][PASSED] - Test Cases/Menu/AltMenuSecimi: Test Cases/Menu/AltMenuSecimi

2021-11-19 17:14:57 - [TEST_STEP][PASSED] - Method.TextDegerineEsitElementeTikla(findTestObject("Menu/Alt_Menu"), Alt_Menu): Method.TextDegerineEsitElementeTikla is PASSED

2021-11-19 17:14:57 - [MESSAGE][INFO] - Finding Test Object 'Object Repository/Menu/Alt_Menu'

2021-11-19 17:14:57 - [MESSAGE][INFO] - Checking timeout

2021-11-19 17:14:57 - [MESSAGE][INFO] - Finding web element with id: 'Object Repository/Menu/Alt_Menu' located by 'By.xpath: //li[@class='dropdown dropdown-large open']//li[@class='dropdown-element']' in '10' second(s)

2021-11-19 17:14:57 - [MESSAGE][INFO] - Smart Wait Function is triggered

2021-11-19 17:14:57 - [MESSAGE][INFO] - Found 2 web elements with id: 'Object Repository/Menu/Alt_Menu' located by 'By.xpath: //li[@class='dropdown dropdown-large open']//li[@class='dropdown-element']' in '10' second(s)

2021-11-19 17:14:59 - [MESSAGE][PASSED] - Method.TextDegerineEsitElementeTikla is PASSED

2021-11-19 17:14:59 - [MESSAGE][PASSED] - Call Test Case 'Test Cases/Menu/AltMenuSecimi' successfully

2021-11-19 17:14:59 - [MESSAGE][INFO] - Checking called Test Case

2021-11-19 17:14:59 - [MESSAGE][INFO] - Starting to call Test Case 'Test Cases/Filtreler/BaslangicYaz'

2021-11-19 17:15:00 - [TEST_CASE][PASSED] - Test Cases/Filtreler/BaslangicYaz: Test Cases/Filtreler/BaslangicYaz

2021-11-19 17:15:00 - [TEST_STEP][PASSED] - delay(3): Delayed 3 second(s)

2021-11-19 17:15:00 - [MESSAGE][INFO] - Delaying browser in 3 second(s)

2021-11-19 17:15:03 - [MESSAGE][PASSED] - Delayed 3 second(s)

2021-11-19 17:15:03 - [TEST_STEP][PASSED] - Method.TextDegerineEsitElementinAltindakineTikla(findTestObject("Filtreler/Basliklar"), findTestObject("Filtreler/Basliga_Gore_Baslangic_Image"), Filtre_Adi): Method.TextDegerineEsitElementinAltindakineTikla is PASSED

2021-11-19 17:15:03 - [MESSAGE][INFO] - Finding Test Object 'Object Repository/Filtreler/Basliklar'

2021-11-19 17:15:03 - [MESSAGE][INFO] - Finding Test Object 'Object Repository/Filtreler/Basliga_Gore_Baslangic_Image'

2021-11-19 17:15:03 - [MESSAGE][INFO] - Checking timeout

2021-11-19 17:15:03 - [MESSAGE][INFO] - Finding web element with id: 'Object Repository/Filtreler/Basliklar' located by 'By.cssSelector: .control-label.col-sm-4.paddingMarginRLC' in '10' second(s)

2021-11-19 17:15:03 - [MESSAGE][INFO] - Smart Wait Function is triggered

2021-11-19 17:15:03 - [MESSAGE][INFO] - Found 8 web elements with id: 'Object Repository/Filtreler/Basliklar' located by 'By.cssSelector: .control-label.col-sm-4.paddingMarginRLC' in '10' second(s)

2021-11-19 17:15:03 - [MESSAGE][INFO] - Smart Wait Function is triggered

2021-11-19 17:15:03 - [MESSAGE][PASSED] - Method.TextDegerineEsitElementinAltindakineTikla is PASSED

2021-11-19 17:15:03 - [TEST_STEP][PASSED] - Method.TextDegerineEsitElementinAltindakiTextboxtaYaz(findTestObject("Filtreler/Basliklar"), findTestObject("Filtreler/Basliga_Gore_Baslangic"), Filtre_Adi, Filtre_Degeri): Method.TextDegerineEsitElementinAltindakiTextboxtaYaz is PASSED

2021-11-19 17:15:03 - [MESSAGE][INFO] - Finding Test Object 'Object Repository/Filtreler/Basliklar'

2021-11-19 17:15:03 - [MESSAGE][INFO] - Finding Test Object 'Object Repository/Filtreler/Basliga_Gore_Baslangic'

2021-11-19 17:15:04 - [MESSAGE][INFO] - Checking timeout

2021-11-19 17:15:04 - [MESSAGE][INFO] - Finding web element with id: 'Object Repository/Filtreler/Basliklar' located by 'By.cssSelector: .control-label.col-sm-4.paddingMarginRLC' in '10' second(s)

2021-11-19 17:15:04 - [MESSAGE][INFO] - Smart Wait Function is triggered

2021-11-19 17:15:04 - [MESSAGE][INFO] - Found 8 web elements with id: 'Object Repository/Filtreler/Basliklar' located by 'By.cssSelector: .control-label.col-sm-4.paddingMarginRLC' in '10' second(s)

2021-11-19 17:15:04 - [MESSAGE][INFO] - Smart Wait Function is triggered

2021-11-19 17:15:04 - [MESSAGE][PASSED] - Method.TextDegerineEsitElementinAltindakiTextboxtaYaz is PASSED

2021-11-19 17:15:04 - [MESSAGE][PASSED] - Call Test Case 'Test Cases/Filtreler/BaslangicYaz' successfully

2021-11-19 17:15:04 - [MESSAGE][INFO] - Checking called Test Case

2021-11-19 17:15:04 - [MESSAGE][INFO] - Starting to call Test Case 'Test Cases/Filtreler/BitisYaz'

2021-11-19 17:15:04 - [TEST_CASE][PASSED] - Test Cases/Filtreler/BitisYaz: Test Cases/Filtreler/BitisYaz

2021-11-19 17:15:04 - [TEST_STEP][PASSED] - Method.TextDegerineEsitElementinAltindakineTikla(findTestObject("Filtreler/Basliklar"), findTestObject("Filtreler/Basliga_Gore_Bitis_Image"), Filtre_Adi): Method.TextDegerineEsitElementinAltindakineTikla is PASSED

2021-11-19 17:15:04 - [MESSAGE][INFO] - Finding Test Object 'Object Repository/Filtreler/Basliklar'

2021-11-19 17:15:04 - [MESSAGE][INFO] - Finding Test Object 'Object Repository/Filtreler/Basliga_Gore_Bitis_Image'

2021-11-19 17:15:05 - [MESSAGE][INFO] - Checking timeout

2021-11-19 17:15:05 - [MESSAGE][INFO] - Finding web element with id: 'Object Repository/Filtreler/Basliklar' located by 'By.cssSelector: .control-label.col-sm-4.paddingMarginRLC' in '10' second(s)

2021-11-19 17:15:05 - [MESSAGE][INFO] - Smart Wait Function is triggered

2021-11-19 17:15:05 - [MESSAGE][INFO] - Found 8 web elements with id: 'Object Repository/Filtreler/Basliklar' located by 'By.cssSelector: .control-label.col-sm-4.paddingMarginRLC' in '10' second(s)

2021-11-19 17:15:05 - [MESSAGE][INFO] - Smart Wait Function is triggered

2021-11-19 17:15:05 - [MESSAGE][PASSED] - Method.TextDegerineEsitElementinAltindakineTikla is PASSED

2021-11-19 17:15:05 - [TEST_STEP][PASSED] - Method.TextDegerineEsitElementinAltindakiTextboxtaYaz(findTestObject("Filtreler/Basliklar"), findTestObject("Object Repository/Filtreler/Basliga_Gore_Bitis"), Filtre_Adi, Filtre_Degeri): Method.TextDegerineEsitElementinAltindakiTextboxtaYaz is PASSED

2021-11-19 17:15:05 - [MESSAGE][INFO] - Finding Test Object 'Object Repository/Filtreler/Basliklar'

2021-11-19 17:15:05 - [MESSAGE][INFO] - Finding Test Object 'Object Repository/Filtreler/Basliga_Gore_Bitis'

2021-11-19 17:15:06 - [MESSAGE][INFO] - Checking timeout

2021-11-19 17:15:06 - [MESSAGE][INFO] - Finding web element with id: 'Object Repository/Filtreler/Basliklar' located by 'By.cssSelector: .control-label.col-sm-4.paddingMarginRLC' in '10' second(s)

2021-11-19 17:15:06 - [MESSAGE][INFO] - Smart Wait Function is triggered

2021-11-19 17:15:06 - [MESSAGE][INFO] - Found 8 web elements with id: 'Object Repository/Filtreler/Basliklar' located by 'By.cssSelector: .control-label.col-sm-4.paddingMarginRLC' in '10' second(s)

2021-11-19 17:15:06 - [MESSAGE][INFO] - Smart Wait Function is triggered

2021-11-19 17:15:06 - [MESSAGE][PASSED] - Method.TextDegerineEsitElementinAltindakiTextboxtaYaz is PASSED

2021-11-19 17:15:06 - [MESSAGE][PASSED] - Call Test Case 'Test Cases/Filtreler/BitisYaz' successfully

2021-11-19 17:15:06 - [MESSAGE][INFO] - Checking called Test Case

2021-11-19 17:15:06 - [MESSAGE][INFO] - Starting to call Test Case 'Test Cases/Filtreler/ButonaTikla'

2021-11-19 17:15:06 - [TEST_CASE][PASSED] - Test Cases/Filtreler/ButonaTikla: Test Cases/Filtreler/ButonaTikla

2021-11-19 17:15:06 - [TEST_STEP][PASSED] - Method.TextDegerineEsitElementeTikla(findTestObject("Filtreler/Butonlar"), Filtre_Buton): Method.TextDegerineEsitElementeTikla is PASSED

2021-11-19 17:15:06 - [MESSAGE][INFO] - Finding Test Object 'Object Repository/Filtreler/Butonlar'

2021-11-19 17:15:06 - [MESSAGE][INFO] - Checking timeout

2021-11-19 17:15:06 - [MESSAGE][INFO] - Finding web element with id: 'Object Repository/Filtreler/Butonlar' located by 'By.cssSelector: .dxb>span' in '10' second(s)

2021-11-19 17:15:06 - [MESSAGE][INFO] - Smart Wait Function is triggered

2021-11-19 17:15:07 - [MESSAGE][INFO] - Found 3 web elements with id: 'Object Repository/Filtreler/Butonlar' located by 'By.cssSelector: .dxb>span' in '10' second(s)

2021-11-19 17:15:07 - [MESSAGE][PASSED] - Method.TextDegerineEsitElementeTikla is PASSED

2021-11-19 17:15:07 - [MESSAGE][PASSED] - Call Test Case 'Test Cases/Filtreler/ButonaTikla' successfully

2021-11-19 17:15:07 - [MESSAGE][INFO] - Checking called Test Case

2021-11-19 17:15:07 - [MESSAGE][INFO] - Starting to call Test Case 'Test Cases/Tablo/TablodaVeriVarMi'

2021-11-19 17:15:07 - [TEST_CASE][PASSED] - Test Cases/Tablo/TablodaVeriVarMi: Test Cases/Tablo/TablodaVeriVarMi

2021-11-19 17:15:07 - [TEST_STEP][PASSED] - verifyTextNotPresent("Görüntülenecek veri yok", true): Text 'Görüntülenecek veri yok' is not present on page using regular expression

2021-11-19 17:15:07 - [MESSAGE][INFO] - Checking text present  using regular expression

2021-11-19 17:15:07 - [MESSAGE][INFO] - Smart Wait Function is triggered

2021-11-19 17:15:08 - [MESSAGE][INFO] - Finding text 'Görüntülenecek veri yok' on page  using regular expression

2021-11-19 17:15:08 - [MESSAGE][PASSED] - Text 'Görüntülenecek veri yok' is not present on page using regular expression

2021-11-19 17:15:08 - [MESSAGE][PASSED] - Call Test Case 'Test Cases/Tablo/TablodaVeriVarMi' successfully

2021-11-19 17:15:08 - [MESSAGE][INFO] - Checking called Test Case

2021-11-19 17:15:08 - [MESSAGE][INFO] - Starting to call Test Case 'Test Cases/Tablo/TablodanVeriSec'

2021-11-19 17:15:08 - [TEST_CASE][PASSED] - Test Cases/Tablo/TablodanVeriSec: Test Cases/Tablo/TablodanVeriSec

2021-11-19 17:15:08 - [TEST_STEP][PASSED] - Method.TextDegerineEsitElementinAltindakineTikla(findTestObject("Tablo/Veriler"), findTestObject("Tablo/VerininCheckBoxi"), Veri_Adi): Method.TextDegerineEsitElementinAltindakineTikla is PASSED

2021-11-19 17:15:08 - [MESSAGE][INFO] - Finding Test Object 'Object Repository/Tablo/Veriler'

2021-11-19 17:15:08 - [MESSAGE][INFO] - Finding Test Object 'Object Repository/Tablo/VerininCheckBoxi'

2021-11-19 17:15:08 - [MESSAGE][INFO] - Checking timeout

2021-11-19 17:15:08 - [MESSAGE][INFO] - Finding web element with id: 'Object Repository/Tablo/Veriler' located by 'By.cssSelector: td.dxgv b ,td.dxgv' in '10' second(s)

2021-11-19 17:15:08 - [MESSAGE][INFO] - Smart Wait Function is triggered

2021-11-19 17:15:08 - [MESSAGE][INFO] - Found 110 web elements with id: 'Object Repository/Tablo/Veriler' located by 'By.cssSelector: td.dxgv b ,td.dxgv' in '10' second(s)

2021-11-19 17:15:09 - [MESSAGE][INFO] - Smart Wait Function is triggered

2021-11-19 17:15:09 - [MESSAGE][PASSED] - Method.TextDegerineEsitElementinAltindakineTikla is PASSED

2021-11-19 17:15:09 - [MESSAGE][PASSED] - Call Test Case 'Test Cases/Tablo/TablodanVeriSec' successfully

2021-11-19 17:15:09 - [MESSAGE][INFO] - Checking called Test Case

2021-11-19 17:15:09 - [MESSAGE][INFO] - Starting to call Test Case 'Test Cases/Butonlar/ButonaTikla'

2021-11-19 17:15:09 - [TEST_CASE][PASSED] - Test Cases/Butonlar/ButonaTikla: Test Cases/Butonlar/ButonaTikla

2021-11-19 17:15:09 - [TEST_STEP][PASSED] - Method.TextDegerineEsitElementeTiklaEquals(findTestObject("Butonlar/Butonlar"), Buton_Adi): Method.TextDegerineEsitElementeTiklaEquals is PASSED

2021-11-19 17:15:09 - [MESSAGE][INFO] - Finding Test Object 'Object Repository/Butonlar/Butonlar'

2021-11-19 17:15:09 - [MESSAGE][INFO] - Checking timeout

2021-11-19 17:15:09 - [MESSAGE][INFO] - Finding web element with id: 'Object Repository/Butonlar/Butonlar' located by 'By.cssSelector: .panel.panel-default.text-center.footerPanel .btn,.btn.btn-primary.btnControls' in '10' second(s)

2021-11-19 17:15:09 - [MESSAGE][INFO] - Smart Wait Function is triggered

2021-11-19 17:15:10 - [MESSAGE][INFO] - Found 5 web elements with id: 'Object Repository/Butonlar/Butonlar' located by 'By.cssSelector: .panel.panel-default.text-center.footerPanel .btn,.btn.btn-primary.btnControls' in '10' second(s)

2021-11-19 17:15:10 - [MESSAGE][PASSED] - Method.TextDegerineEsitElementeTiklaEquals is PASSED

2021-11-19 17:15:10 - [MESSAGE][PASSED] - Call Test Case 'Test Cases/Butonlar/ButonaTikla' successfully

2021-11-19 17:15:10 - [MESSAGE][INFO] - Checking called Test Case

2021-11-19 17:15:10 - [MESSAGE][INFO] - Starting to call Test Case 'Test Cases/Sekmeler/YeniSekmeyeGec'

2021-11-19 17:15:10 - [TEST_CASE][PASSED] - Test Cases/Sekmeler/YeniSekmeyeGec: Test Cases/Sekmeler/YeniSekmeyeGec

2021-11-19 17:15:10 - [TEST_STEP][PASSED] - switchToWindowIndex(1): Switched to window with index: '1'

2021-11-19 17:15:10 - [MESSAGE][INFO] - Checking index

2021-11-19 17:15:10 - [MESSAGE][INFO] - Switching window with index: '1'

2021-11-19 17:15:10 - [MESSAGE][PASSED] - Switched to window with index: '1'

2021-11-19 17:15:10 - [MESSAGE][PASSED] - Call Test Case 'Test Cases/Sekmeler/YeniSekmeyeGec' successfully

2021-11-19 17:15:10 - [MESSAGE][INFO] - Checking called Test Case

2021-11-19 17:15:10 - [MESSAGE][INFO] - Starting to call Test Case 'Test Cases/Sekmeler/TagGeldiMi'

2021-11-19 17:15:10 - [TEST_CASE][PASSED] - Test Cases/Sekmeler/TagGeldiMi: Test Cases/Sekmeler/TagGeldiMi

2021-11-19 17:15:10 - [TEST_STEP][PASSED] - waitForElementPresent(findTestObject("Object Repository/Sekmeler/UBLTag"), 10): Object 'Object Repository/Sekmeler/UBLTag' is present

2021-11-19 17:15:10 - [MESSAGE][INFO] - Finding Test Object 'Object Repository/Sekmeler/UBLTag'

2021-11-19 17:15:11 - [MESSAGE][INFO] - Checking object

2021-11-19 17:15:11 - [MESSAGE][INFO] - Finding web element from Test Object's properties

2021-11-19 17:15:11 - [MESSAGE][INFO] - Checking timeout

2021-11-19 17:15:11 - [MESSAGE][INFO] - Finding web element with id: 'Object Repository/Sekmeler/UBLTag' located by 'By.cssSelector: #webkit-xml-viewer-source-xml>:first-child' in '10' second(s)

2021-11-19 17:15:11 - [MESSAGE][INFO] - Smart Wait Function is triggered

2021-11-19 17:15:11 - [MESSAGE][INFO] - Found 1 web elements with id: 'Object Repository/Sekmeler/UBLTag' located by 'By.cssSelector: #webkit-xml-viewer-source-xml>:first-child' in '10' second(s)

2021-11-19 17:15:11 - [MESSAGE][PASSED] - Object 'Object Repository/Sekmeler/UBLTag' is present

2021-11-19 17:15:11 - [TEST_STEP][PASSED] - println(toLowerCase().toString()): Found 1 web elements with id: 'Object Repository/Sekmeler/UBLTag' located by 'By.cssSelector: #webkit-xml-viewer-source-xml>:first-child' in '10' second(s)

2021-11-19 17:15:11 - [MESSAGE][INFO] - Finding Test Object 'Object Repository/Sekmeler/UBLTag'

2021-11-19 17:15:11 - [MESSAGE][INFO] - Finding web element from Test Object's properties

2021-11-19 17:15:11 - [MESSAGE][INFO] - Checking timeout

2021-11-19 17:15:11 - [MESSAGE][INFO] - Finding web element with id: 'Object Repository/Sekmeler/UBLTag' located by 'By.cssSelector: #webkit-xml-viewer-source-xml>:first-child' in '10' second(s)

2021-11-19 17:15:11 - [MESSAGE][INFO] - Smart Wait Function is triggered

2021-11-19 17:15:11 - [MESSAGE][INFO] - Found 1 web elements with id: 'Object Repository/Sekmeler/UBLTag' located by 'By.cssSelector: #webkit-xml-viewer-source-xml>:first-child' in '10' second(s)

2021-11-19 17:15:11 - [TEST_STEP][PASSED] - if (!(toString().contains(toString().toLowerCase()))): Found 1 web elements with id: 'Object Repository/Sekmeler/UBLTag' located by 'By.cssSelector: #webkit-xml-viewer-source-xml>:first-child' in '10' second(s)

2021-11-19 17:15:11 - [MESSAGE][INFO] - Finding Test Object 'Object Repository/Sekmeler/UBLTag'

2021-11-19 17:15:11 - [MESSAGE][INFO] - Finding web element from Test Object's properties

2021-11-19 17:15:11 - [MESSAGE][INFO] - Checking timeout

2021-11-19 17:15:11 - [MESSAGE][INFO] - Finding web element with id: 'Object Repository/Sekmeler/UBLTag' located by 'By.cssSelector: #webkit-xml-viewer-source-xml>:first-child' in '10' second(s)

2021-11-19 17:15:11 - [MESSAGE][INFO] - Smart Wait Function is triggered

2021-11-19 17:15:11 - [MESSAGE][INFO] - Found 1 web elements with id: 'Object Repository/Sekmeler/UBLTag' located by 'By.cssSelector: #webkit-xml-viewer-source-xml>:first-child' in '10' second(s)

2021-11-19 17:15:11 - [MESSAGE][PASSED] - Call Test Case 'Test Cases/Sekmeler/TagGeldiMi' successfully

2021-11-19 17:15:11 - [MESSAGE][INFO] - Checking called Test Case

2021-11-19 17:15:11 - [MESSAGE][INFO] - Starting to call Test Case 'Test Cases/Sekmeler/Ana_Sekmeye_Gec'

2021-11-19 17:15:11 - [TEST_CASE][PASSED] - Test Cases/Sekmeler/Ana_Sekmeye_Gec: Test Cases/Sekmeler/Ana_Sekmeye_Gec

2021-11-19 17:15:11 - [TEST_STEP][PASSED] - try: Window with index 1 is closed

2021-11-19 17:15:11 - [TEST_STEP][PASSED] - index = getWindowIndex(): Current window's index is: 1

2021-11-19 17:15:11 - [MESSAGE][INFO] - Getting current window's index

2021-11-19 17:15:11 - [MESSAGE][PASSED] - Current window's index is: 1

2021-11-19 17:15:11 - [TEST_STEP][PASSED] - closeWindowIndex(index): Window with index 1 is closed

2021-11-19 17:15:11 - [MESSAGE][INFO] - Checking index

2021-11-19 17:15:11 - [MESSAGE][INFO] - Closing window with index 1

2021-11-19 17:15:11 - [MESSAGE][PASSED] - Window with index 1 is closed

2021-11-19 17:15:11 - [TEST_STEP][PASSED] - switchToWindowIndex(0): Switched to window with index: '0'

2021-11-19 17:15:11 - [MESSAGE][INFO] - Checking index

2021-11-19 17:15:11 - [MESSAGE][INFO] - Switching window with index: '0'

2021-11-19 17:15:11 - [MESSAGE][PASSED] - Switched to window with index: '0'

2021-11-19 17:15:11 - [MESSAGE][PASSED] - Call Test Case 'Test Cases/Sekmeler/Ana_Sekmeye_Gec' successfully

2021-11-19 17:15:11 - [MESSAGE][INFO] - Checking called Test Case

2021-11-19 17:15:11 - [MESSAGE][INFO] - Starting to call Test Case 'Test Cases/Tablo/TablonunButonunaTikla'

2021-11-19 17:15:11 - [TEST_CASE][PASSED] - Test Cases/Tablo/TablonunButonunaTikla: Test Cases/Tablo/TablonunButonunaTikla

2021-11-19 17:15:12 - [TEST_STEP][PASSED] - Method.TextDegerineEsitElementinAltindakiTextDegerineEsitOlanaTikla(findTestObject("Tablo/Veriler"), findTestObject("Tablo/VerininButonu"), Veri, Buton_Adi): Method.TextDegerineEsitElementinAltindakiTextDegerineEsitOlanaTikla is PASSED

2021-11-19 17:15:12 - [MESSAGE][INFO] - Finding Test Object 'Object Repository/Tablo/Veriler'

2021-11-19 17:15:12 - [MESSAGE][INFO] - Finding Test Object 'Object Repository/Tablo/VerininButonu'

2021-11-19 17:15:12 - [MESSAGE][INFO] - Checking timeout

2021-11-19 17:15:12 - [MESSAGE][INFO] - Finding web element with id: 'Object Repository/Tablo/Veriler' located by 'By.cssSelector: td.dxgv b ,td.dxgv' in '10' second(s)

2021-11-19 17:15:12 - [MESSAGE][INFO] - Smart Wait Function is triggered

2021-11-19 17:15:12 - [MESSAGE][INFO] - Found 110 web elements with id: 'Object Repository/Tablo/Veriler' located by 'By.cssSelector: td.dxgv b ,td.dxgv' in '10' second(s)

2021-11-19 17:15:13 - [MESSAGE][INFO] - Smart Wait Function is triggered

2021-11-19 17:15:13 - [MESSAGE][PASSED] - Method.TextDegerineEsitElementinAltindakiTextDegerineEsitOlanaTikla is PASSED

2021-11-19 17:15:13 - [MESSAGE][PASSED] - Call Test Case 'Test Cases/Tablo/TablonunButonunaTikla' successfully

2021-11-19 17:15:13 - [MESSAGE][INFO] - Checking called Test Case

2021-11-19 17:15:13 - [MESSAGE][INFO] - Starting to call Test Case 'Test Cases/Sekmeler/YeniSekmeyeGec'

2021-11-19 17:15:13 - [TEST_CASE][PASSED] - Test Cases/Sekmeler/YeniSekmeyeGec: Test Cases/Sekmeler/YeniSekmeyeGec

2021-11-19 17:15:13 - [TEST_STEP][PASSED] - switchToWindowIndex(1): Switched to window with index: '1'

2021-11-19 17:15:13 - [MESSAGE][INFO] - Checking index

2021-11-19 17:15:13 - [MESSAGE][INFO] - Switching window with index: '1'

2021-11-19 17:15:13 - [MESSAGE][PASSED] - Switched to window with index: '1'

2021-11-19 17:15:13 - [MESSAGE][PASSED] - Call Test Case 'Test Cases/Sekmeler/YeniSekmeyeGec' successfully

2021-11-19 17:15:13 - [MESSAGE][INFO] - Checking called Test Case

2021-11-19 17:15:13 - [MESSAGE][INFO] - Starting to call Test Case 'Test Cases/Tablo/TablodaVeriVarMi'

2021-11-19 17:15:13 - [TEST_CASE][PASSED] - Test Cases/Tablo/TablodaVeriVarMi: Test Cases/Tablo/TablodaVeriVarMi

2021-11-19 17:15:13 - [TEST_STEP][PASSED] - verifyTextNotPresent("Görüntülenecek veri yok", true): Text 'Görüntülenecek veri yok' is not present on page using regular expression

2021-11-19 17:15:13 - [MESSAGE][INFO] - Checking text present  using regular expression

2021-11-19 17:15:13 - [MESSAGE][INFO] - Smart Wait Function is triggered

2021-11-19 17:15:14 - [MESSAGE][INFO] - Finding text 'Görüntülenecek veri yok' on page  using regular expression

2021-11-19 17:15:14 - [MESSAGE][PASSED] - Text 'Görüntülenecek veri yok' is not present on page using regular expression

2021-11-19 17:15:14 - [MESSAGE][PASSED] - Call Test Case 'Test Cases/Tablo/TablodaVeriVarMi' successfully

2021-11-19 17:15:14 - [MESSAGE][INFO] - Checking called Test Case

2021-11-19 17:15:14 - [MESSAGE][INFO] - Starting to call Test Case 'Test Cases/Sekmeler/Ana_Sekmeye_Gec'

2021-11-19 17:15:14 - [TEST_CASE][PASSED] - Test Cases/Sekmeler/Ana_Sekmeye_Gec: Test Cases/Sekmeler/Ana_Sekmeye_Gec

2021-11-19 17:15:14 - [TEST_STEP][PASSED] - try: Window with index 1 is closed

2021-11-19 17:15:14 - [TEST_STEP][PASSED] - index = getWindowIndex(): Current window's index is: 1

2021-11-19 17:15:14 - [MESSAGE][INFO] - Getting current window's index

2021-11-19 17:15:14 - [MESSAGE][PASSED] - Current window's index is: 1

2021-11-19 17:15:14 - [TEST_STEP][PASSED] - closeWindowIndex(index): Window with index 1 is closed

2021-11-19 17:15:14 - [MESSAGE][INFO] - Checking index

2021-11-19 17:15:14 - [MESSAGE][INFO] - Closing window with index 1

2021-11-19 17:15:14 - [MESSAGE][PASSED] - Window with index 1 is closed

2021-11-19 17:15:14 - [TEST_STEP][PASSED] - switchToWindowIndex(0): Switched to window with index: '0'

2021-11-19 17:15:15 - [MESSAGE][INFO] - Checking index

2021-11-19 17:15:15 - [MESSAGE][INFO] - Switching window with index: '0'

2021-11-19 17:15:15 - [MESSAGE][PASSED] - Switched to window with index: '0'

2021-11-19 17:15:15 - [MESSAGE][PASSED] - Call Test Case 'Test Cases/Sekmeler/Ana_Sekmeye_Gec' successfully

2021-11-19 17:15:15 - [MESSAGE][INFO] - Checking called Test Case

2021-11-19 17:15:15 - [MESSAGE][INFO] - Starting to call Test Case 'Test Cases/Butonlar/ButonaTikla'

2021-11-19 17:15:15 - [TEST_CASE][PASSED] - Test Cases/Butonlar/ButonaTikla: Test Cases/Butonlar/ButonaTikla

2021-11-19 17:15:15 - [TEST_STEP][PASSED] - Method.TextDegerineEsitElementeTiklaEquals(findTestObject("Butonlar/Butonlar"), Buton_Adi): Method.TextDegerineEsitElementeTiklaEquals is PASSED

2021-11-19 17:15:15 - [MESSAGE][INFO] - Finding Test Object 'Object Repository/Butonlar/Butonlar'

2021-11-19 17:15:15 - [MESSAGE][INFO] - Checking timeout

2021-11-19 17:15:15 - [MESSAGE][INFO] - Finding web element with id: 'Object Repository/Butonlar/Butonlar' located by 'By.cssSelector: .panel.panel-default.text-center.footerPanel .btn,.btn.btn-primary.btnControls' in '10' second(s)

2021-11-19 17:15:15 - [MESSAGE][INFO] - Smart Wait Function is triggered

2021-11-19 17:15:15 - [MESSAGE][INFO] - Found 5 web elements with id: 'Object Repository/Butonlar/Butonlar' located by 'By.cssSelector: .panel.panel-default.text-center.footerPanel .btn,.btn.btn-primary.btnControls' in '10' second(s)

2021-11-19 17:15:15 - [MESSAGE][PASSED] - Method.TextDegerineEsitElementeTiklaEquals is PASSED

2021-11-19 17:15:15 - [MESSAGE][PASSED] - Call Test Case 'Test Cases/Butonlar/ButonaTikla' successfully

2021-11-19 17:15:15 - [MESSAGE][INFO] - Checking called Test Case

2021-11-19 17:15:15 - [MESSAGE][INFO] - Starting to call Test Case 'Test Cases/Butonlar/AltButonaTikla'

2021-11-19 17:15:15 - [TEST_CASE][PASSED] - Test Cases/Butonlar/AltButonaTikla: Test Cases/Butonlar/AltButonaTikla

2021-11-19 17:15:15 - [TEST_STEP][PASSED] - Method.TextDegerineEsitElementeTikla(findTestObject("Butonlar/AltButonlar"), Alt_Buton): Method.TextDegerineEsitElementeTikla is PASSED

2021-11-19 17:15:15 - [MESSAGE][INFO] - Finding Test Object 'Object Repository/Butonlar/AltButonlar'

2021-11-19 17:15:15 - [MESSAGE][INFO] - Checking timeout

2021-11-19 17:15:15 - [MESSAGE][INFO] - Finding web element with id: 'Object Repository/Butonlar/AltButonlar' located by 'By.cssSelector: .btn-group.open li>a' in '10' second(s)

2021-11-19 17:15:15 - [MESSAGE][INFO] - Smart Wait Function is triggered

2021-11-19 17:15:16 - [MESSAGE][INFO] - Found 1 web elements with id: 'Object Repository/Butonlar/AltButonlar' located by 'By.cssSelector: .btn-group.open li>a' in '10' second(s)

2021-11-19 17:15:16 - [MESSAGE][PASSED] - Method.TextDegerineEsitElementeTikla is PASSED

2021-11-19 17:15:16 - [MESSAGE][PASSED] - Call Test Case 'Test Cases/Butonlar/AltButonaTikla' successfully

2021-11-19 17:15:16 - [MESSAGE][INFO] - Checking called Test Case

2021-11-19 17:15:16 - [MESSAGE][INFO] - Starting to call Test Case 'Test Cases/Butonlar/DosyaIndirildiMi'

2021-11-19 17:15:16 - [TEST_CASE][PASSED] - Test Cases/Butonlar/DosyaIndirildiMi: Test Cases/Butonlar/DosyaIndirildiMi

2021-11-19 17:15:16 - [TEST_STEP][PASSED] - Method.isimliDosyaIndirildiMi(DownloadFile, FileName): Method.isimliDosyaIndirildiMi is PASSED

2021-11-19 17:15:16 - [MESSAGE][INFO] - Delaying browser in 3 second(s)

2021-11-19 17:15:19 - [MESSAGE][PASSED] - Delayed 3 second(s)

2021-11-19 17:15:19 - [MESSAGE][PASSED] - Method.isimliDosyaIndirildiMi is PASSED

2021-11-19 17:15:19 - [MESSAGE][PASSED] - Call Test Case 'Test Cases/Butonlar/DosyaIndirildiMi' successfully

2021-11-19 17:15:19 - [MESSAGE][INFO] - Checking called Test Case

2021-11-19 17:15:19 - [MESSAGE][INFO] - Starting to call Test Case 'Test Cases/Butonlar/ButonaTikla'

2021-11-19 17:15:19 - [TEST_CASE][PASSED] - Test Cases/Butonlar/ButonaTikla: Test Cases/Butonlar/ButonaTikla

2021-11-19 17:15:19 - [TEST_STEP][PASSED] - Method.TextDegerineEsitElementeTiklaEquals(findTestObject("Butonlar/Butonlar"), Buton_Adi): Method.TextDegerineEsitElementeTiklaEquals is PASSED

2021-11-19 17:15:19 - [MESSAGE][INFO] - Finding Test Object 'Object Repository/Butonlar/Butonlar'

2021-11-19 17:15:19 - [MESSAGE][INFO] - Checking timeout

2021-11-19 17:15:19 - [MESSAGE][INFO] - Finding web element with id: 'Object Repository/Butonlar/Butonlar' located by 'By.cssSelector: .panel.panel-default.text-center.footerPanel .btn,.btn.btn-primary.btnControls' in '10' second(s)

2021-11-19 17:15:19 - [MESSAGE][INFO] - Smart Wait Function is triggered

2021-11-19 17:15:19 - [MESSAGE][INFO] - Found 5 web elements with id: 'Object Repository/Butonlar/Butonlar' located by 'By.cssSelector: .panel.panel-default.text-center.footerPanel .btn,.btn.btn-primary.btnControls' in '10' second(s)

2021-11-19 17:15:20 - [MESSAGE][PASSED] - Method.TextDegerineEsitElementeTiklaEquals is PASSED

2021-11-19 17:15:20 - [MESSAGE][PASSED] - Call Test Case 'Test Cases/Butonlar/ButonaTikla' successfully

2021-11-19 17:15:20 - [MESSAGE][INFO] - Checking called Test Case

2021-11-19 17:15:20 - [MESSAGE][INFO] - Starting to call Test Case 'Test Cases/Butonlar/AltButonaTikla'

2021-11-19 17:15:20 - [TEST_CASE][PASSED] - Test Cases/Butonlar/AltButonaTikla: Test Cases/Butonlar/AltButonaTikla

2021-11-19 17:15:20 - [TEST_STEP][PASSED] - Method.TextDegerineEsitElementeTikla(findTestObject("Butonlar/AltButonlar"), Alt_Buton): Method.TextDegerineEsitElementeTikla is PASSED

2021-11-19 17:15:20 - [MESSAGE][INFO] - Finding Test Object 'Object Repository/Butonlar/AltButonlar'

2021-11-19 17:15:20 - [MESSAGE][INFO] - Checking timeout

2021-11-19 17:15:20 - [MESSAGE][INFO] - Finding web element with id: 'Object Repository/Butonlar/AltButonlar' located by 'By.cssSelector: .btn-group.open li>a' in '10' second(s)

2021-11-19 17:15:20 - [MESSAGE][INFO] - Smart Wait Function is triggered

2021-11-19 17:15:20 - [MESSAGE][INFO] - Found 2 web elements with id: 'Object Repository/Butonlar/AltButonlar' located by 'By.cssSelector: .btn-group.open li>a' in '10' second(s)

2021-11-19 17:15:20 - [MESSAGE][PASSED] - Method.TextDegerineEsitElementeTikla is PASSED

2021-11-19 17:15:20 - [MESSAGE][PASSED] - Call Test Case 'Test Cases/Butonlar/AltButonaTikla' successfully

2021-11-19 17:15:20 - [MESSAGE][INFO] - Checking called Test Case

2021-11-19 17:15:20 - [MESSAGE][INFO] - Starting to call Test Case 'Test Cases/Popup/PopupMesajiIceriyorMu'

2021-11-19 17:15:20 - [TEST_CASE][PASSED] - Test Cases/Popup/PopupMesajiIceriyorMu: Test Cases/Popup/PopupMesajiIceriyorMu

2021-11-19 17:15:21 - [TEST_STEP][PASSED] - waitForElementVisible(findTestObject("Popup/Popup"), 10): Object 'Object Repository/Popup/Popup' is visible

2021-11-19 17:15:21 - [MESSAGE][INFO] - Finding Test Object 'Object Repository/Popup/Popup'

2021-11-19 17:15:21 - [MESSAGE][INFO] - Checking object

2021-11-19 17:15:21 - [MESSAGE][INFO] - Checking timeout

2021-11-19 17:15:21 - [MESSAGE][INFO] - Finding web element from Test Object's properties

2021-11-19 17:15:21 - [MESSAGE][INFO] - Checking timeout

2021-11-19 17:15:21 - [MESSAGE][INFO] - Finding web element with id: 'Object Repository/Popup/Popup' located by 'By.cssSelector: .bootbox-body' in '10' second(s)

2021-11-19 17:15:21 - [MESSAGE][INFO] - Smart Wait Function is triggered

2021-11-19 17:15:21 - [MESSAGE][INFO] - Found 1 web elements with id: 'Object Repository/Popup/Popup' located by 'By.cssSelector: .bootbox-body' in '10' second(s)

2021-11-19 17:15:21 - [MESSAGE][PASSED] - Object 'Object Repository/Popup/Popup' is visible

2021-11-19 17:15:21 - [TEST_STEP][PASSED] - if (!(getText(findTestObject("Popup/Popup")).contains(Mesaj))): Text of object 'Object Repository/Popup/Popup' is: 'Lütfen rapor bildiriminin gönderileceği e-posta adresini belirtiniz.
e-Posta Adresi'

2021-11-19 17:15:21 - [MESSAGE][INFO] - Finding Test Object 'Object Repository/Popup/Popup'

2021-11-19 17:15:21 - [MESSAGE][INFO] - Checking object

2021-11-19 17:15:21 - [MESSAGE][INFO] - Finding web element from Test Object's properties

2021-11-19 17:15:21 - [MESSAGE][INFO] - Checking timeout

2021-11-19 17:15:21 - [MESSAGE][INFO] - Finding web element with id: 'Object Repository/Popup/Popup' located by 'By.cssSelector: .bootbox-body' in '30' second(s)

2021-11-19 17:15:21 - [MESSAGE][INFO] - Smart Wait Function is triggered

2021-11-19 17:15:22 - [MESSAGE][INFO] - Found 1 web elements with id: 'Object Repository/Popup/Popup' located by 'By.cssSelector: .bootbox-body' in '30' second(s)

2021-11-19 17:15:22 - [MESSAGE][INFO] - Getting text of object 'Object Repository/Popup/Popup'

2021-11-19 17:15:22 - [MESSAGE][PASSED] - Text of object 'Object Repository/Popup/Popup' is: 'Lütfen rapor bildiriminin gönderileceği e-posta adresini belirtiniz.
e-Posta Adresi'

2021-11-19 17:15:22 - [TEST_STEP][PASSED] - RaporNo = getText(findTestObject("Popup/Popup")).substring(0, 6): Text of object 'Object Repository/Popup/Popup' is: 'Lütfen rapor bildiriminin gönderileceği e-posta adresini belirtiniz.
e-Posta Adresi'

2021-11-19 17:15:22 - [MESSAGE][INFO] - Finding Test Object 'Object Repository/Popup/Popup'

2021-11-19 17:15:22 - [MESSAGE][INFO] - Checking object

2021-11-19 17:15:22 - [MESSAGE][INFO] - Finding web element from Test Object's properties

2021-11-19 17:15:22 - [MESSAGE][INFO] - Checking timeout

2021-11-19 17:15:22 - [MESSAGE][INFO] - Finding web element with id: 'Object Repository/Popup/Popup' located by 'By.cssSelector: .bootbox-body' in '30' second(s)

2021-11-19 17:15:22 - [MESSAGE][INFO] - Smart Wait Function is triggered

2021-11-19 17:15:22 - [MESSAGE][INFO] - Found 1 web elements with id: 'Object Repository/Popup/Popup' located by 'By.cssSelector: .bootbox-body' in '30' second(s)

2021-11-19 17:15:22 - [MESSAGE][INFO] - Getting text of object 'Object Repository/Popup/Popup'

2021-11-19 17:15:22 - [MESSAGE][PASSED] - Text of object 'Object Repository/Popup/Popup' is: 'Lütfen rapor bildiriminin gönderileceği e-posta adresini belirtiniz.
e-Posta Adresi'

2021-11-19 17:15:22 - [TEST_STEP][PASSED] - Console.println(RaporNo): null

2021-11-19 17:15:22 - [MESSAGE][PASSED] - Call Test Case 'Test Cases/Popup/PopupMesajiIceriyorMu' successfully

2021-11-19 17:15:22 - [MESSAGE][INFO] - Checking called Test Case

2021-11-19 17:15:22 - [MESSAGE][INFO] - Starting to call Test Case 'Test Cases/Popup/PopupaEmailEklenir'

2021-11-19 17:15:22 - [TEST_CASE][PASSED] - Test Cases/Popup/PopupaEmailEklenir: Test Cases/Popup/PopupaEmailEklenir

2021-11-19 17:15:23 - [TEST_STEP][PASSED] - clearText(findTestObject("Popup/EmailText")): Text of object 'Object Repository/Popup/EmailText' is cleared

2021-11-19 17:15:23 - [MESSAGE][INFO] - Finding Test Object 'Object Repository/Popup/EmailText'

2021-11-19 17:15:23 - [MESSAGE][INFO] - Checking object

2021-11-19 17:15:23 - [MESSAGE][INFO] - Finding web element from Test Object's properties

2021-11-19 17:15:23 - [MESSAGE][INFO] - Checking timeout

2021-11-19 17:15:23 - [MESSAGE][INFO] - Finding web element with id: 'Object Repository/Popup/EmailText' located by 'By.xpath: //*[@id="eMails"]' in '30' second(s)

2021-11-19 17:15:23 - [MESSAGE][INFO] - Smart Wait Function is triggered

2021-11-19 17:15:23 - [MESSAGE][INFO] - Found 1 web elements with id: 'Object Repository/Popup/EmailText' located by 'By.xpath: //*[@id="eMails"]' in '30' second(s)

2021-11-19 17:15:23 - [MESSAGE][INFO] - Clearing text of object 'Object Repository/Popup/EmailText'

2021-11-19 17:15:23 - [MESSAGE][PASSED] - Text of object 'Object Repository/Popup/EmailText' is cleared

2021-11-19 17:15:23 - [TEST_STEP][PASSED] - sendKeys(findTestObject("Popup/EmailText"), Email): Keys 'elogotest@gmail.com;ali.kara@logo.com.tr' sent to object: 'Object Repository/Popup/EmailText'

2021-11-19 17:15:23 - [MESSAGE][INFO] - Finding Test Object 'Object Repository/Popup/EmailText'

2021-11-19 17:15:23 - [MESSAGE][INFO] - Sending keys 'elogotest@gmail.com;ali.kara@logo.com.tr' to object: 'Object Repository/Popup/EmailText'

2021-11-19 17:15:23 - [MESSAGE][INFO] - Finding web element from Test Object's properties

2021-11-19 17:15:23 - [MESSAGE][INFO] - Checking timeout

2021-11-19 17:15:23 - [MESSAGE][INFO] - Finding web element with id: 'Object Repository/Popup/EmailText' located by 'By.xpath: //*[@id="eMails"]' in '30' second(s)

2021-11-19 17:15:23 - [MESSAGE][INFO] - Smart Wait Function is triggered

2021-11-19 17:15:24 - [MESSAGE][INFO] - Found 1 web elements with id: 'Object Repository/Popup/EmailText' located by 'By.xpath: //*[@id="eMails"]' in '30' second(s)

2021-11-19 17:15:24 - [MESSAGE][PASSED] - Keys 'elogotest@gmail.com;ali.kara@logo.com.tr' sent to object: 'Object Repository/Popup/EmailText'

2021-11-19 17:15:24 - [MESSAGE][PASSED] - Call Test Case 'Test Cases/Popup/PopupaEmailEklenir' successfully

2021-11-19 17:15:24 - [MESSAGE][INFO] - Checking called Test Case

2021-11-19 17:15:24 - [MESSAGE][INFO] - Starting to call Test Case 'Test Cases/Popup/PopupButonSecilir'

2021-11-19 17:15:24 - [TEST_CASE][PASSED] - Test Cases/Popup/PopupButonSecilir: Test Cases/Popup/PopupButonSecilir

2021-11-19 17:15:24 - [TEST_STEP][PASSED] - Method.TextDegerineEsitElementeTikla(findTestObject("Popup/Popup_Butons"), Buton): Method.TextDegerineEsitElementeTikla is PASSED

2021-11-19 17:15:24 - [MESSAGE][INFO] - Finding Test Object 'Object Repository/Popup/Popup_Butons'

2021-11-19 17:15:24 - [MESSAGE][INFO] - Checking timeout

2021-11-19 17:15:24 - [MESSAGE][INFO] - Finding web element with id: 'Object Repository/Popup/Popup_Butons' located by 'By.cssSelector: .modal-footer>button' in '10' second(s)

2021-11-19 17:15:24 - [MESSAGE][INFO] - Smart Wait Function is triggered

2021-11-19 17:15:25 - [MESSAGE][INFO] - Found 2 web elements with id: 'Object Repository/Popup/Popup_Butons' located by 'By.cssSelector: .modal-footer>button' in '10' second(s)

2021-11-19 17:15:25 - [MESSAGE][PASSED] - Method.TextDegerineEsitElementeTikla is PASSED

2021-11-19 17:15:25 - [MESSAGE][PASSED] - Call Test Case 'Test Cases/Popup/PopupButonSecilir' successfully

2021-11-19 17:15:25 - [MESSAGE][INFO] - Checking called Test Case

2021-11-19 17:15:25 - [MESSAGE][INFO] - Starting to call Test Case 'Test Cases/Popup/PopupMesajiIceriyorMu'

2021-11-19 17:15:25 - [TEST_CASE][PASSED] - Test Cases/Popup/PopupMesajiIceriyorMu: Test Cases/Popup/PopupMesajiIceriyorMu

2021-11-19 17:15:25 - [TEST_STEP][PASSED] - waitForElementVisible(findTestObject("Popup/Popup"), 10): Object 'Object Repository/Popup/Popup' is visible

2021-11-19 17:15:25 - [MESSAGE][INFO] - Finding Test Object 'Object Repository/Popup/Popup'

2021-11-19 17:15:25 - [MESSAGE][INFO] - Checking object

2021-11-19 17:15:25 - [MESSAGE][INFO] - Checking timeout

2021-11-19 17:15:25 - [MESSAGE][INFO] - Finding web element from Test Object's properties

2021-11-19 17:15:25 - [MESSAGE][INFO] - Checking timeout

2021-11-19 17:15:25 - [MESSAGE][INFO] - Finding web element with id: 'Object Repository/Popup/Popup' located by 'By.cssSelector: .bootbox-body' in '10' second(s)

2021-11-19 17:15:25 - [MESSAGE][INFO] - Smart Wait Function is triggered

2021-11-19 17:15:26 - [MESSAGE][INFO] - Found 1 web elements with id: 'Object Repository/Popup/Popup' located by 'By.cssSelector: .bootbox-body' in '10' second(s)

2021-11-19 17:15:26 - [MESSAGE][PASSED] - Object 'Object Repository/Popup/Popup' is visible

2021-11-19 17:15:26 - [TEST_STEP][PASSED] - if (!(getText(findTestObject("Popup/Popup")).contains(Mesaj))): Text of object 'Object Repository/Popup/Popup' is: '17467 no’lu talebiniz işleme alınmıştır. Raporunuz hazırlandığında (elogotest@gmail.com;ali.kara@logo.com.tr) adresinize mail gönderilecektir.
Rapor durumunuzu Raporlar > Toplu Veri İndirme ekranından takip edebilir, hazırlandı durumundaki raporlarınızı ilgili menüden indirebilirsiniz.'

2021-11-19 17:15:26 - [MESSAGE][INFO] - Finding Test Object 'Object Repository/Popup/Popup'

2021-11-19 17:15:26 - [MESSAGE][INFO] - Checking object

2021-11-19 17:15:26 - [MESSAGE][INFO] - Finding web element from Test Object's properties

2021-11-19 17:15:26 - [MESSAGE][INFO] - Checking timeout

2021-11-19 17:15:26 - [MESSAGE][INFO] - Finding web element with id: 'Object Repository/Popup/Popup' located by 'By.cssSelector: .bootbox-body' in '30' second(s)

2021-11-19 17:15:26 - [MESSAGE][INFO] - Smart Wait Function is triggered

2021-11-19 17:15:26 - [MESSAGE][INFO] - Found 1 web elements with id: 'Object Repository/Popup/Popup' located by 'By.cssSelector: .bootbox-body' in '30' second(s)

2021-11-19 17:15:26 - [MESSAGE][INFO] - Getting text of object 'Object Repository/Popup/Popup'

2021-11-19 17:15:26 - [MESSAGE][PASSED] - Text of object 'Object Repository/Popup/Popup' is: '17467 no’lu talebiniz işleme alınmıştır. Raporunuz hazırlandığında (elogotest@gmail.com;ali.kara@logo.com.tr) adresinize mail gönderilecektir.
Rapor durumunuzu Raporlar > Toplu Veri İndirme ekranından takip edebilir, hazırlandı durumundaki raporlarınızı ilgili menüden indirebilirsiniz.'

2021-11-19 17:15:26 - [TEST_STEP][PASSED] - RaporNo = getText(findTestObject("Popup/Popup")).substring(0, 6): Text of object 'Object Repository/Popup/Popup' is: '17467 no’lu talebiniz işleme alınmıştır. Raporunuz hazırlandığında (elogotest@gmail.com;ali.kara@logo.com.tr) adresinize mail gönderilecektir.
Rapor durumunuzu Raporlar > Toplu Veri İndirme ekranından takip edebilir, hazırlandı durumundaki raporlarınızı ilgili menüden indirebilirsiniz.'

2021-11-19 17:15:26 - [MESSAGE][INFO] - Finding Test Object 'Object Repository/Popup/Popup'

2021-11-19 17:15:26 - [MESSAGE][INFO] - Checking object

2021-11-19 17:15:26 - [MESSAGE][INFO] - Finding web element from Test Object's properties

2021-11-19 17:15:26 - [MESSAGE][INFO] - Checking timeout

2021-11-19 17:15:26 - [MESSAGE][INFO] - Finding web element with id: 'Object Repository/Popup/Popup' located by 'By.cssSelector: .bootbox-body' in '30' second(s)

2021-11-19 17:15:26 - [MESSAGE][INFO] - Smart Wait Function is triggered

2021-11-19 17:15:26 - [MESSAGE][INFO] - Found 1 web elements with id: 'Object Repository/Popup/Popup' located by 'By.cssSelector: .bootbox-body' in '30' second(s)

2021-11-19 17:15:26 - [MESSAGE][INFO] - Getting text of object 'Object Repository/Popup/Popup'

2021-11-19 17:15:27 - [MESSAGE][PASSED] - Text of object 'Object Repository/Popup/Popup' is: '17467 no’lu talebiniz işleme alınmıştır. Raporunuz hazırlandığında (elogotest@gmail.com;ali.kara@logo.com.tr) adresinize mail gönderilecektir.
Rapor durumunuzu Raporlar > Toplu Veri İndirme ekranından takip edebilir, hazırlandı durumundaki raporlarınızı ilgili menüden indirebilirsiniz.'

2021-11-19 17:15:27 - [TEST_STEP][PASSED] - Console.println(RaporNo): null

2021-11-19 17:15:27 - [MESSAGE][PASSED] - Call Test Case 'Test Cases/Popup/PopupMesajiIceriyorMu' successfully

2021-11-19 17:15:27 - [MESSAGE][INFO] - Checking called Test Case

2021-11-19 17:15:27 - [MESSAGE][INFO] - Starting to call Test Case 'Test Cases/Popup/PopupButonSecilir'

2021-11-19 17:15:27 - [TEST_CASE][PASSED] - Test Cases/Popup/PopupButonSecilir: Test Cases/Popup/PopupButonSecilir

2021-11-19 17:15:27 - [TEST_STEP][PASSED] - Method.TextDegerineEsitElementeTikla(findTestObject("Popup/Popup_Butons"), Buton): Method.TextDegerineEsitElementeTikla is PASSED

2021-11-19 17:15:27 - [MESSAGE][INFO] - Finding Test Object 'Object Repository/Popup/Popup_Butons'

2021-11-19 17:15:27 - [MESSAGE][INFO] - Checking timeout

2021-11-19 17:15:27 - [MESSAGE][INFO] - Finding web element with id: 'Object Repository/Popup/Popup_Butons' located by 'By.cssSelector: .modal-footer>button' in '10' second(s)

2021-11-19 17:15:27 - [MESSAGE][INFO] - Smart Wait Function is triggered

2021-11-19 17:15:27 - [MESSAGE][INFO] - Found 1 web elements with id: 'Object Repository/Popup/Popup_Butons' located by 'By.cssSelector: .modal-footer>button' in '10' second(s)

2021-11-19 17:15:27 - [MESSAGE][PASSED] - Method.TextDegerineEsitElementeTikla is PASSED

2021-11-19 17:15:27 - [MESSAGE][PASSED] - Call Test Case 'Test Cases/Popup/PopupButonSecilir' successfully

2021-11-19 17:15:27 - [MESSAGE][INFO] - Checking called Test Case

2021-11-19 17:15:27 - [MESSAGE][INFO] - Starting to call Test Case 'Test Cases/Butonlar/ButonaTikla'

2021-11-19 17:15:27 - [TEST_CASE][PASSED] - Test Cases/Butonlar/ButonaTikla: Test Cases/Butonlar/ButonaTikla

2021-11-19 17:15:27 - [TEST_STEP][PASSED] - Method.TextDegerineEsitElementeTiklaEquals(findTestObject("Butonlar/Butonlar"), Buton_Adi): Method.TextDegerineEsitElementeTiklaEquals is PASSED

2021-11-19 17:15:27 - [MESSAGE][INFO] - Finding Test Object 'Object Repository/Butonlar/Butonlar'

2021-11-19 17:15:27 - [MESSAGE][INFO] - Checking timeout

2021-11-19 17:15:27 - [MESSAGE][INFO] - Finding web element with id: 'Object Repository/Butonlar/Butonlar' located by 'By.cssSelector: .panel.panel-default.text-center.footerPanel .btn,.btn.btn-primary.btnControls' in '10' second(s)

2021-11-19 17:15:27 - [MESSAGE][INFO] - Smart Wait Function is triggered

2021-11-19 17:15:28 - [MESSAGE][INFO] - Found 5 web elements with id: 'Object Repository/Butonlar/Butonlar' located by 'By.cssSelector: .panel.panel-default.text-center.footerPanel .btn,.btn.btn-primary.btnControls' in '10' second(s)

2021-11-19 17:15:28 - [MESSAGE][PASSED] - Method.TextDegerineEsitElementeTiklaEquals is PASSED

2021-11-19 17:15:28 - [MESSAGE][PASSED] - Call Test Case 'Test Cases/Butonlar/ButonaTikla' successfully

2021-11-19 17:15:28 - [MESSAGE][INFO] - Checking called Test Case

2021-11-19 17:15:28 - [MESSAGE][INFO] - Starting to call Test Case 'Test Cases/Butonlar/AltButonaTikla'

2021-11-19 17:15:28 - [TEST_CASE][PASSED] - Test Cases/Butonlar/AltButonaTikla: Test Cases/Butonlar/AltButonaTikla

2021-11-19 17:15:28 - [TEST_STEP][PASSED] - Method.TextDegerineEsitElementeTikla(findTestObject("Butonlar/AltButonlar"), Alt_Buton): Method.TextDegerineEsitElementeTikla is PASSED

2021-11-19 17:15:28 - [MESSAGE][INFO] - Finding Test Object 'Object Repository/Butonlar/AltButonlar'

2021-11-19 17:15:28 - [MESSAGE][INFO] - Checking timeout

2021-11-19 17:15:28 - [MESSAGE][INFO] - Finding web element with id: 'Object Repository/Butonlar/AltButonlar' located by 'By.cssSelector: .btn-group.open li>a' in '10' second(s)

2021-11-19 17:15:28 - [MESSAGE][INFO] - Smart Wait Function is triggered

2021-11-19 17:15:28 - [MESSAGE][INFO] - Found 2 web elements with id: 'Object Repository/Butonlar/AltButonlar' located by 'By.cssSelector: .btn-group.open li>a' in '10' second(s)

2021-11-19 17:15:29 - [MESSAGE][PASSED] - Method.TextDegerineEsitElementeTikla is PASSED

2021-11-19 17:15:29 - [MESSAGE][PASSED] - Call Test Case 'Test Cases/Butonlar/AltButonaTikla' successfully

2021-11-19 17:15:29 - [MESSAGE][INFO] - Checking called Test Case

2021-11-19 17:15:29 - [MESSAGE][INFO] - Starting to call Test Case 'Test Cases/Popup/PopupMesajiIceriyorMu'

2021-11-19 17:15:29 - [TEST_CASE][PASSED] - Test Cases/Popup/PopupMesajiIceriyorMu: Test Cases/Popup/PopupMesajiIceriyorMu

2021-11-19 17:15:29 - [TEST_STEP][PASSED] - waitForElementVisible(findTestObject("Popup/Popup"), 10): Object 'Object Repository/Popup/Popup' is visible

2021-11-19 17:15:29 - [MESSAGE][INFO] - Finding Test Object 'Object Repository/Popup/Popup'

2021-11-19 17:15:29 - [MESSAGE][INFO] - Checking object

2021-11-19 17:15:29 - [MESSAGE][INFO] - Checking timeout

2021-11-19 17:15:29 - [MESSAGE][INFO] - Finding web element from Test Object's properties

2021-11-19 17:15:29 - [MESSAGE][INFO] - Checking timeout

2021-11-19 17:15:29 - [MESSAGE][INFO] - Finding web element with id: 'Object Repository/Popup/Popup' located by 'By.cssSelector: .bootbox-body' in '10' second(s)

2021-11-19 17:15:29 - [MESSAGE][INFO] - Smart Wait Function is triggered

2021-11-19 17:15:29 - [MESSAGE][INFO] - Found 1 web elements with id: 'Object Repository/Popup/Popup' located by 'By.cssSelector: .bootbox-body' in '10' second(s)

2021-11-19 17:15:29 - [MESSAGE][PASSED] - Object 'Object Repository/Popup/Popup' is visible

2021-11-19 17:15:29 - [TEST_STEP][PASSED] - if (!(getText(findTestObject("Popup/Popup")).contains(Mesaj))): Text of object 'Object Repository/Popup/Popup' is: 'Lütfen rapor bildiriminin gönderileceği e-posta adresini belirtiniz.
e-Posta Adresi'

2021-11-19 17:15:29 - [MESSAGE][INFO] - Finding Test Object 'Object Repository/Popup/Popup'

2021-11-19 17:15:29 - [MESSAGE][INFO] - Checking object

2021-11-19 17:15:29 - [MESSAGE][INFO] - Finding web element from Test Object's properties

2021-11-19 17:15:29 - [MESSAGE][INFO] - Checking timeout

2021-11-19 17:15:29 - [MESSAGE][INFO] - Finding web element with id: 'Object Repository/Popup/Popup' located by 'By.cssSelector: .bootbox-body' in '30' second(s)

2021-11-19 17:15:29 - [MESSAGE][INFO] - Smart Wait Function is triggered

2021-11-19 17:15:29 - [MESSAGE][INFO] - Found 1 web elements with id: 'Object Repository/Popup/Popup' located by 'By.cssSelector: .bootbox-body' in '30' second(s)

2021-11-19 17:15:29 - [MESSAGE][INFO] - Getting text of object 'Object Repository/Popup/Popup'

2021-11-19 17:15:30 - [MESSAGE][PASSED] - Text of object 'Object Repository/Popup/Popup' is: 'Lütfen rapor bildiriminin gönderileceği e-posta adresini belirtiniz.
e-Posta Adresi'

2021-11-19 17:15:30 - [TEST_STEP][PASSED] - RaporNo = getText(findTestObject("Popup/Popup")).substring(0, 6): Text of object 'Object Repository/Popup/Popup' is: 'Lütfen rapor bildiriminin gönderileceği e-posta adresini belirtiniz.
e-Posta Adresi'

2021-11-19 17:15:30 - [MESSAGE][INFO] - Finding Test Object 'Object Repository/Popup/Popup'

2021-11-19 17:15:30 - [MESSAGE][INFO] - Checking object

2021-11-19 17:15:30 - [MESSAGE][INFO] - Finding web element from Test Object's properties

2021-11-19 17:15:30 - [MESSAGE][INFO] - Checking timeout

2021-11-19 17:15:30 - [MESSAGE][INFO] - Finding web element with id: 'Object Repository/Popup/Popup' located by 'By.cssSelector: .bootbox-body' in '30' second(s)

2021-11-19 17:15:30 - [MESSAGE][INFO] - Smart Wait Function is triggered

2021-11-19 17:15:30 - [MESSAGE][INFO] - Found 1 web elements with id: 'Object Repository/Popup/Popup' located by 'By.cssSelector: .bootbox-body' in '30' second(s)

2021-11-19 17:15:30 - [MESSAGE][INFO] - Getting text of object 'Object Repository/Popup/Popup'

2021-11-19 17:15:30 - [MESSAGE][PASSED] - Text of object 'Object Repository/Popup/Popup' is: 'Lütfen rapor bildiriminin gönderileceği e-posta adresini belirtiniz.
e-Posta Adresi'

2021-11-19 17:15:30 - [TEST_STEP][PASSED] - Console.println(RaporNo): null

2021-11-19 17:15:30 - [MESSAGE][PASSED] - Call Test Case 'Test Cases/Popup/PopupMesajiIceriyorMu' successfully

2021-11-19 17:15:30 - [MESSAGE][INFO] - Checking called Test Case

2021-11-19 17:15:30 - [MESSAGE][INFO] - Starting to call Test Case 'Test Cases/Popup/PopupaEmailEklenir'

2021-11-19 17:15:30 - [TEST_CASE][PASSED] - Test Cases/Popup/PopupaEmailEklenir: Test Cases/Popup/PopupaEmailEklenir

2021-11-19 17:15:30 - [TEST_STEP][PASSED] - clearText(findTestObject("Popup/EmailText")): Text of object 'Object Repository/Popup/EmailText' is cleared

2021-11-19 17:15:30 - [MESSAGE][INFO] - Finding Test Object 'Object Repository/Popup/EmailText'

2021-11-19 17:15:30 - [MESSAGE][INFO] - Checking object

2021-11-19 17:15:30 - [MESSAGE][INFO] - Finding web element from Test Object's properties

2021-11-19 17:15:30 - [MESSAGE][INFO] - Checking timeout

2021-11-19 17:15:30 - [MESSAGE][INFO] - Finding web element with id: 'Object Repository/Popup/EmailText' located by 'By.xpath: //*[@id="eMails"]' in '30' second(s)

2021-11-19 17:15:30 - [MESSAGE][INFO] - Smart Wait Function is triggered

2021-11-19 17:15:30 - [MESSAGE][INFO] - Found 1 web elements with id: 'Object Repository/Popup/EmailText' located by 'By.xpath: //*[@id="eMails"]' in '30' second(s)

2021-11-19 17:15:30 - [MESSAGE][INFO] - Clearing text of object 'Object Repository/Popup/EmailText'

2021-11-19 17:15:30 - [MESSAGE][PASSED] - Text of object 'Object Repository/Popup/EmailText' is cleared

2021-11-19 17:15:30 - [TEST_STEP][PASSED] - sendKeys(findTestObject("Popup/EmailText"), Email): Keys 'elogotest@gmail.com;ali.kara@logo.com.tr' sent to object: 'Object Repository/Popup/EmailText'

2021-11-19 17:15:30 - [MESSAGE][INFO] - Finding Test Object 'Object Repository/Popup/EmailText'

2021-11-19 17:15:30 - [MESSAGE][INFO] - Sending keys 'elogotest@gmail.com;ali.kara@logo.com.tr' to object: 'Object Repository/Popup/EmailText'

2021-11-19 17:15:30 - [MESSAGE][INFO] - Finding web element from Test Object's properties

2021-11-19 17:15:30 - [MESSAGE][INFO] - Checking timeout

2021-11-19 17:15:30 - [MESSAGE][INFO] - Finding web element with id: 'Object Repository/Popup/EmailText' located by 'By.xpath: //*[@id="eMails"]' in '30' second(s)

2021-11-19 17:15:30 - [MESSAGE][INFO] - Smart Wait Function is triggered

2021-11-19 17:15:31 - [MESSAGE][INFO] - Found 1 web elements with id: 'Object Repository/Popup/EmailText' located by 'By.xpath: //*[@id="eMails"]' in '30' second(s)

2021-11-19 17:15:31 - [MESSAGE][PASSED] - Keys 'elogotest@gmail.com;ali.kara@logo.com.tr' sent to object: 'Object Repository/Popup/EmailText'

2021-11-19 17:15:31 - [MESSAGE][PASSED] - Call Test Case 'Test Cases/Popup/PopupaEmailEklenir' successfully

2021-11-19 17:15:31 - [MESSAGE][INFO] - Checking called Test Case

2021-11-19 17:15:31 - [MESSAGE][INFO] - Starting to call Test Case 'Test Cases/Popup/PopupButonSecilir'

2021-11-19 17:15:31 - [TEST_CASE][PASSED] - Test Cases/Popup/PopupButonSecilir: Test Cases/Popup/PopupButonSecilir

2021-11-19 17:15:31 - [TEST_STEP][PASSED] - Method.TextDegerineEsitElementeTikla(findTestObject("Popup/Popup_Butons"), Buton): Method.TextDegerineEsitElementeTikla is PASSED

2021-11-19 17:15:31 - [MESSAGE][INFO] - Finding Test Object 'Object Repository/Popup/Popup_Butons'

2021-11-19 17:15:31 - [MESSAGE][INFO] - Checking timeout

2021-11-19 17:15:31 - [MESSAGE][INFO] - Finding web element with id: 'Object Repository/Popup/Popup_Butons' located by 'By.cssSelector: .modal-footer>button' in '10' second(s)

2021-11-19 17:15:31 - [MESSAGE][INFO] - Smart Wait Function is triggered

2021-11-19 17:15:31 - [MESSAGE][INFO] - Found 2 web elements with id: 'Object Repository/Popup/Popup_Butons' located by 'By.cssSelector: .modal-footer>button' in '10' second(s)

2021-11-19 17:15:31 - [MESSAGE][PASSED] - Method.TextDegerineEsitElementeTikla is PASSED

2021-11-19 17:15:31 - [MESSAGE][PASSED] - Call Test Case 'Test Cases/Popup/PopupButonSecilir' successfully

2021-11-19 17:15:31 - [MESSAGE][INFO] - Checking called Test Case

2021-11-19 17:15:31 - [MESSAGE][INFO] - Starting to call Test Case 'Test Cases/Popup/PopupMesajiIceriyorMu'

2021-11-19 17:15:31 - [TEST_CASE][PASSED] - Test Cases/Popup/PopupMesajiIceriyorMu: Test Cases/Popup/PopupMesajiIceriyorMu

2021-11-19 17:15:31 - [TEST_STEP][PASSED] - waitForElementVisible(findTestObject("Popup/Popup"), 10): Object 'Object Repository/Popup/Popup' is visible

2021-11-19 17:15:31 - [MESSAGE][INFO] - Finding Test Object 'Object Repository/Popup/Popup'

2021-11-19 17:15:32 - [MESSAGE][INFO] - Checking object

2021-11-19 17:15:32 - [MESSAGE][INFO] - Checking timeout

2021-11-19 17:15:32 - [MESSAGE][INFO] - Finding web element from Test Object's properties

2021-11-19 17:15:32 - [MESSAGE][INFO] - Checking timeout

2021-11-19 17:15:32 - [MESSAGE][INFO] - Finding web element with id: 'Object Repository/Popup/Popup' located by 'By.cssSelector: .bootbox-body' in '10' second(s)

2021-11-19 17:15:32 - [MESSAGE][INFO] - Smart Wait Function is triggered

2021-11-19 17:15:32 - [MESSAGE][INFO] - Found 1 web elements with id: 'Object Repository/Popup/Popup' located by 'By.cssSelector: .bootbox-body' in '10' second(s)

2021-11-19 17:15:32 - [MESSAGE][PASSED] - Object 'Object Repository/Popup/Popup' is visible

2021-11-19 17:15:32 - [TEST_STEP][PASSED] - if (!(getText(findTestObject("Popup/Popup")).contains(Mesaj))): Text of object 'Object Repository/Popup/Popup' is: '17468 no’lu talebiniz işleme alınmıştır. Raporunuz hazırlandığında (elogotest@gmail.com;ali.kara@logo.com.tr) adresinize mail gönderilecektir.
Rapor durumunuzu Raporlar > Toplu Veri İndirme ekranından takip edebilir, hazırlandı durumundaki raporlarınızı ilgili menüden indirebilirsiniz.'

2021-11-19 17:15:32 - [MESSAGE][INFO] - Finding Test Object 'Object Repository/Popup/Popup'

2021-11-19 17:15:32 - [MESSAGE][INFO] - Checking object

2021-11-19 17:15:32 - [MESSAGE][INFO] - Finding web element from Test Object's properties

2021-11-19 17:15:32 - [MESSAGE][INFO] - Checking timeout

2021-11-19 17:15:32 - [MESSAGE][INFO] - Finding web element with id: 'Object Repository/Popup/Popup' located by 'By.cssSelector: .bootbox-body' in '30' second(s)

2021-11-19 17:15:32 - [MESSAGE][INFO] - Smart Wait Function is triggered

2021-11-19 17:15:32 - [MESSAGE][INFO] - Found 1 web elements with id: 'Object Repository/Popup/Popup' located by 'By.cssSelector: .bootbox-body' in '30' second(s)

2021-11-19 17:15:32 - [MESSAGE][INFO] - Getting text of object 'Object Repository/Popup/Popup'

2021-11-19 17:15:32 - [MESSAGE][PASSED] - Text of object 'Object Repository/Popup/Popup' is: '17468 no’lu talebiniz işleme alınmıştır. Raporunuz hazırlandığında (elogotest@gmail.com;ali.kara@logo.com.tr) adresinize mail gönderilecektir.
Rapor durumunuzu Raporlar > Toplu Veri İndirme ekranından takip edebilir, hazırlandı durumundaki raporlarınızı ilgili menüden indirebilirsiniz.'

2021-11-19 17:15:32 - [TEST_STEP][PASSED] - RaporNo = getText(findTestObject("Popup/Popup")).substring(0, 6): Text of object 'Object Repository/Popup/Popup' is: '17468 no’lu talebiniz işleme alınmıştır. Raporunuz hazırlandığında (elogotest@gmail.com;ali.kara@logo.com.tr) adresinize mail gönderilecektir.
Rapor durumunuzu Raporlar > Toplu Veri İndirme ekranından takip edebilir, hazırlandı durumundaki raporlarınızı ilgili menüden indirebilirsiniz.'

2021-11-19 17:15:32 - [MESSAGE][INFO] - Finding Test Object 'Object Repository/Popup/Popup'

2021-11-19 17:15:33 - [MESSAGE][INFO] - Checking object

2021-11-19 17:15:33 - [MESSAGE][INFO] - Finding web element from Test Object's properties

2021-11-19 17:15:33 - [MESSAGE][INFO] - Checking timeout

2021-11-19 17:15:33 - [MESSAGE][INFO] - Finding web element with id: 'Object Repository/Popup/Popup' located by 'By.cssSelector: .bootbox-body' in '30' second(s)

2021-11-19 17:15:33 - [MESSAGE][INFO] - Smart Wait Function is triggered

2021-11-19 17:15:33 - [MESSAGE][INFO] - Found 1 web elements with id: 'Object Repository/Popup/Popup' located by 'By.cssSelector: .bootbox-body' in '30' second(s)

2021-11-19 17:15:33 - [MESSAGE][INFO] - Getting text of object 'Object Repository/Popup/Popup'

2021-11-19 17:15:33 - [MESSAGE][PASSED] - Text of object 'Object Repository/Popup/Popup' is: '17468 no’lu talebiniz işleme alınmıştır. Raporunuz hazırlandığında (elogotest@gmail.com;ali.kara@logo.com.tr) adresinize mail gönderilecektir.
Rapor durumunuzu Raporlar > Toplu Veri İndirme ekranından takip edebilir, hazırlandı durumundaki raporlarınızı ilgili menüden indirebilirsiniz.'

2021-11-19 17:15:33 - [TEST_STEP][PASSED] - Console.println(RaporNo): null

2021-11-19 17:15:33 - [MESSAGE][PASSED] - Call Test Case 'Test Cases/Popup/PopupMesajiIceriyorMu' successfully

2021-11-19 17:15:33 - [MESSAGE][INFO] - Checking called Test Case

2021-11-19 17:15:33 - [MESSAGE][INFO] - Starting to call Test Case 'Test Cases/Popup/PopupButonSecilir'

2021-11-19 17:15:33 - [TEST_CASE][PASSED] - Test Cases/Popup/PopupButonSecilir: Test Cases/Popup/PopupButonSecilir

2021-11-19 17:15:33 - [TEST_STEP][PASSED] - Method.TextDegerineEsitElementeTikla(findTestObject("Popup/Popup_Butons"), Buton): Method.TextDegerineEsitElementeTikla is PASSED

2021-11-19 17:15:33 - [MESSAGE][INFO] - Finding Test Object 'Object Repository/Popup/Popup_Butons'

2021-11-19 17:15:33 - [MESSAGE][INFO] - Checking timeout

2021-11-19 17:15:33 - [MESSAGE][INFO] - Finding web element with id: 'Object Repository/Popup/Popup_Butons' located by 'By.cssSelector: .modal-footer>button' in '10' second(s)

2021-11-19 17:15:33 - [MESSAGE][INFO] - Smart Wait Function is triggered

2021-11-19 17:15:33 - [MESSAGE][INFO] - Found 1 web elements with id: 'Object Repository/Popup/Popup_Butons' located by 'By.cssSelector: .modal-footer>button' in '10' second(s)

2021-11-19 17:15:33 - [MESSAGE][PASSED] - Method.TextDegerineEsitElementeTikla is PASSED

2021-11-19 17:15:33 - [MESSAGE][PASSED] - Call Test Case 'Test Cases/Popup/PopupButonSecilir' successfully

2021-11-19 17:15:33 - [MESSAGE][INFO] - Checking called Test Case

2021-11-19 17:15:33 - [MESSAGE][INFO] - Starting to call Test Case 'Test Cases/Filtreler/DropdownSec'

2021-11-19 17:15:33 - [TEST_CASE][PASSED] - Test Cases/Filtreler/DropdownSec: Test Cases/Filtreler/DropdownSec

2021-11-19 17:15:34 - [TEST_STEP][PASSED] - Method.TextDegerineEsitElementinAltindakineTikla(findTestObject("Filtreler/Basliklar"), findTestObject("Filtreler/Basliga_Gore_Baslangic_Image"), Filtre_Adi): Method.TextDegerineEsitElementinAltindakineTikla is PASSED

2021-11-19 17:15:34 - [MESSAGE][INFO] - Finding Test Object 'Object Repository/Filtreler/Basliklar'

2021-11-19 17:15:34 - [MESSAGE][INFO] - Finding Test Object 'Object Repository/Filtreler/Basliga_Gore_Baslangic_Image'

2021-11-19 17:15:35 - [MESSAGE][INFO] - Checking timeout

2021-11-19 17:15:35 - [MESSAGE][INFO] - Finding web element with id: 'Object Repository/Filtreler/Basliklar' located by 'By.cssSelector: .control-label.col-sm-4.paddingMarginRLC' in '10' second(s)

2021-11-19 17:15:35 - [MESSAGE][INFO] - Smart Wait Function is triggered

2021-11-19 17:15:35 - [MESSAGE][INFO] - Found 8 web elements with id: 'Object Repository/Filtreler/Basliklar' located by 'By.cssSelector: .control-label.col-sm-4.paddingMarginRLC' in '10' second(s)

2021-11-19 17:15:35 - [MESSAGE][INFO] - Smart Wait Function is triggered

2021-11-19 17:15:35 - [MESSAGE][PASSED] - Method.TextDegerineEsitElementinAltindakineTikla is PASSED

2021-11-19 17:15:35 - [TEST_STEP][PASSED] - Method.TextDegerineEsitElementeTikla(findTestObject("Object Repository/Filtreler/Basliga_Gore_Dropdown"), Filtre_Degeri): Method.TextDegerineEsitElementeTikla is PASSED

2021-11-19 17:15:35 - [MESSAGE][INFO] - Finding Test Object 'Object Repository/Filtreler/Basliga_Gore_Dropdown'

2021-11-19 17:15:35 - [MESSAGE][INFO] - Checking timeout

2021-11-19 17:15:35 - [MESSAGE][INFO] - Finding web element with id: 'Object Repository/Filtreler/Basliga_Gore_Dropdown' located by 'By.xpath: //*[@class = 'dxeListBoxItemRow_LECustomTheme']' in '10' second(s)

2021-11-19 17:15:35 - [MESSAGE][INFO] - Smart Wait Function is triggered

2021-11-19 17:15:36 - [MESSAGE][INFO] - Found 10 web elements with id: 'Object Repository/Filtreler/Basliga_Gore_Dropdown' located by 'By.xpath: //*[@class = 'dxeListBoxItemRow_LECustomTheme']' in '10' second(s)

2021-11-19 17:15:36 - [MESSAGE][PASSED] - Method.TextDegerineEsitElementeTikla is PASSED

2021-11-19 17:15:36 - [MESSAGE][PASSED] - Call Test Case 'Test Cases/Filtreler/DropdownSec' successfully

2021-11-19 17:15:36 - [MESSAGE][INFO] - Checking called Test Case

2021-11-19 17:15:36 - [MESSAGE][INFO] - Starting to call Test Case 'Test Cases/Filtreler/ButonaTikla'

2021-11-19 17:15:36 - [TEST_CASE][PASSED] - Test Cases/Filtreler/ButonaTikla: Test Cases/Filtreler/ButonaTikla

2021-11-19 17:15:36 - [TEST_STEP][PASSED] - Method.TextDegerineEsitElementeTikla(findTestObject("Filtreler/Butonlar"), Filtre_Buton): Method.TextDegerineEsitElementeTikla is PASSED

2021-11-19 17:15:36 - [MESSAGE][INFO] - Finding Test Object 'Object Repository/Filtreler/Butonlar'

2021-11-19 17:15:36 - [MESSAGE][INFO] - Checking timeout

2021-11-19 17:15:36 - [MESSAGE][INFO] - Finding web element with id: 'Object Repository/Filtreler/Butonlar' located by 'By.cssSelector: .dxb>span' in '10' second(s)

2021-11-19 17:15:36 - [MESSAGE][INFO] - Smart Wait Function is triggered

2021-11-19 17:15:36 - [MESSAGE][INFO] - Found 3 web elements with id: 'Object Repository/Filtreler/Butonlar' located by 'By.cssSelector: .dxb>span' in '10' second(s)

2021-11-19 17:15:37 - [MESSAGE][PASSED] - Method.TextDegerineEsitElementeTikla is PASSED

2021-11-19 17:15:37 - [MESSAGE][PASSED] - Call Test Case 'Test Cases/Filtreler/ButonaTikla' successfully

2021-11-19 17:15:37 - [MESSAGE][INFO] - Checking called Test Case

2021-11-19 17:15:37 - [MESSAGE][INFO] - Starting to call Test Case 'Test Cases/Tablo/TablodaVeriVarMi'

2021-11-19 17:15:37 - [TEST_CASE][PASSED] - Test Cases/Tablo/TablodaVeriVarMi: Test Cases/Tablo/TablodaVeriVarMi

2021-11-19 17:15:37 - [TEST_STEP][PASSED] - verifyTextNotPresent("Görüntülenecek veri yok", true): Text 'Görüntülenecek veri yok' is not present on page using regular expression

2021-11-19 17:15:37 - [MESSAGE][INFO] - Checking text present  using regular expression

2021-11-19 17:15:37 - [MESSAGE][INFO] - Smart Wait Function is triggered

2021-11-19 17:15:38 - [MESSAGE][INFO] - Finding text 'Görüntülenecek veri yok' on page  using regular expression

2021-11-19 17:15:38 - [MESSAGE][PASSED] - Text 'Görüntülenecek veri yok' is not present on page using regular expression

2021-11-19 17:15:38 - [MESSAGE][PASSED] - Call Test Case 'Test Cases/Tablo/TablodaVeriVarMi' successfully

2021-11-19 17:15:38 - [MESSAGE][INFO] - Checking called Test Case

2021-11-19 17:15:38 - [MESSAGE][INFO] - Starting to call Test Case 'Test Cases/Tablo/TablonunButonunaTikla'

2021-11-19 17:15:38 - [TEST_CASE][PASSED] - Test Cases/Tablo/TablonunButonunaTikla: Test Cases/Tablo/TablonunButonunaTikla

2021-11-19 17:15:38 - [TEST_STEP][PASSED] - Method.TextDegerineEsitElementinAltindakiTextDegerineEsitOlanaTikla(findTestObject("Tablo/Veriler"), findTestObject("Tablo/VerininButonu"), Veri, Buton_Adi): Method.TextDegerineEsitElementinAltindakiTextDegerineEsitOlanaTikla is PASSED

2021-11-19 17:15:38 - [MESSAGE][INFO] - Finding Test Object 'Object Repository/Tablo/Veriler'

2021-11-19 17:15:38 - [MESSAGE][INFO] - Finding Test Object 'Object Repository/Tablo/VerininButonu'

2021-11-19 17:15:38 - [MESSAGE][INFO] - Checking timeout

2021-11-19 17:15:38 - [MESSAGE][INFO] - Finding web element with id: 'Object Repository/Tablo/Veriler' located by 'By.cssSelector: td.dxgv b ,td.dxgv' in '10' second(s)

2021-11-19 17:15:38 - [MESSAGE][INFO] - Smart Wait Function is triggered

2021-11-19 17:15:38 - [MESSAGE][INFO] - Found 110 web elements with id: 'Object Repository/Tablo/Veriler' located by 'By.cssSelector: td.dxgv b ,td.dxgv' in '10' second(s)

2021-11-19 17:15:38 - [MESSAGE][INFO] - Smart Wait Function is triggered

2021-11-19 17:15:39 - [MESSAGE][PASSED] - Method.TextDegerineEsitElementinAltindakiTextDegerineEsitOlanaTikla is PASSED

2021-11-19 17:15:39 - [MESSAGE][PASSED] - Call Test Case 'Test Cases/Tablo/TablonunButonunaTikla' successfully

2021-11-19 17:15:39 - [MESSAGE][INFO] - Checking called Test Case

2021-11-19 17:15:39 - [MESSAGE][INFO] - Starting to call Test Case 'Test Cases/Sekmeler/YeniSekmeyeGec'

2021-11-19 17:15:39 - [TEST_CASE][PASSED] - Test Cases/Sekmeler/YeniSekmeyeGec: Test Cases/Sekmeler/YeniSekmeyeGec

2021-11-19 17:15:39 - [TEST_STEP][PASSED] - switchToWindowIndex(1): Switched to window with index: '1'

2021-11-19 17:15:39 - [MESSAGE][INFO] - Checking index

2021-11-19 17:15:39 - [MESSAGE][INFO] - Switching window with index: '1'

2021-11-19 17:15:39 - [MESSAGE][PASSED] - Switched to window with index: '1'

2021-11-19 17:15:39 - [MESSAGE][PASSED] - Call Test Case 'Test Cases/Sekmeler/YeniSekmeyeGec' successfully

2021-11-19 17:15:39 - [MESSAGE][INFO] - Checking called Test Case

2021-11-19 17:15:39 - [MESSAGE][INFO] - Starting to call Test Case 'Test Cases/Tablo/TablodaVeriVarMi'

2021-11-19 17:15:39 - [TEST_CASE][PASSED] - Test Cases/Tablo/TablodaVeriVarMi: Test Cases/Tablo/TablodaVeriVarMi

2021-11-19 17:15:39 - [TEST_STEP][PASSED] - verifyTextNotPresent("Görüntülenecek veri yok", true): Text 'Görüntülenecek veri yok' is not present on page using regular expression

2021-11-19 17:15:39 - [MESSAGE][INFO] - Checking text present  using regular expression

2021-11-19 17:15:39 - [MESSAGE][INFO] - Smart Wait Function is triggered

2021-11-19 17:15:41 - [MESSAGE][INFO] - Finding text 'Görüntülenecek veri yok' on page  using regular expression

2021-11-19 17:15:41 - [MESSAGE][PASSED] - Text 'Görüntülenecek veri yok' is not present on page using regular expression

2021-11-19 17:15:41 - [MESSAGE][PASSED] - Call Test Case 'Test Cases/Tablo/TablodaVeriVarMi' successfully

2021-11-19 17:15:41 - [MESSAGE][INFO] - Checking called Test Case

2021-11-19 17:15:41 - [MESSAGE][INFO] - Starting to call Test Case 'Test Cases/Sekmeler/Ana_Sekmeye_Gec'

2021-11-19 17:15:41 - [TEST_CASE][PASSED] - Test Cases/Sekmeler/Ana_Sekmeye_Gec: Test Cases/Sekmeler/Ana_Sekmeye_Gec

2021-11-19 17:15:41 - [TEST_STEP][PASSED] - try: Window with index 1 is closed

2021-11-19 17:15:41 - [TEST_STEP][PASSED] - index = getWindowIndex(): Current window's index is: 1

2021-11-19 17:15:41 - [MESSAGE][INFO] - Getting current window's index

2021-11-19 17:15:41 - [MESSAGE][PASSED] - Current window's index is: 1

2021-11-19 17:15:41 - [TEST_STEP][PASSED] - closeWindowIndex(index): Window with index 1 is closed

2021-11-19 17:15:41 - [MESSAGE][INFO] - Checking index

2021-11-19 17:15:41 - [MESSAGE][INFO] - Closing window with index 1

2021-11-19 17:15:41 - [MESSAGE][PASSED] - Window with index 1 is closed

2021-11-19 17:15:41 - [TEST_STEP][PASSED] - switchToWindowIndex(0): Switched to window with index: '0'

2021-11-19 17:15:41 - [MESSAGE][INFO] - Checking index

2021-11-19 17:15:41 - [MESSAGE][INFO] - Switching window with index: '0'

2021-11-19 17:15:41 - [MESSAGE][PASSED] - Switched to window with index: '0'

2021-11-19 17:15:41 - [MESSAGE][PASSED] - Call Test Case 'Test Cases/Sekmeler/Ana_Sekmeye_Gec' successfully

2021-11-19 17:15:41 - [MESSAGE][INFO] - Checking called Test Case

2021-11-19 17:15:41 - [MESSAGE][INFO] - Starting to call Test Case 'Test Cases/Tablo/TablodaVeriVarMi'

2021-11-19 17:15:41 - [TEST_CASE][PASSED] - Test Cases/Tablo/TablodaVeriVarMi: Test Cases/Tablo/TablodaVeriVarMi

2021-11-19 17:15:41 - [TEST_STEP][PASSED] - verifyTextNotPresent("Görüntülenecek veri yok", true): Text 'Görüntülenecek veri yok' is not present on page using regular expression

2021-11-19 17:15:41 - [MESSAGE][INFO] - Checking text present  using regular expression

2021-11-19 17:15:41 - [MESSAGE][INFO] - Smart Wait Function is triggered

2021-11-19 17:15:42 - [MESSAGE][INFO] - Finding text 'Görüntülenecek veri yok' on page  using regular expression

2021-11-19 17:15:42 - [MESSAGE][PASSED] - Text 'Görüntülenecek veri yok' is not present on page using regular expression

2021-11-19 17:15:42 - [MESSAGE][PASSED] - Call Test Case 'Test Cases/Tablo/TablodaVeriVarMi' successfully

2021-11-19 17:15:42 - [MESSAGE][INFO] - Checking called Test Case

2021-11-19 17:15:42 - [MESSAGE][INFO] - Starting to call Test Case 'Test Cases/Tablo/TablodanVeriSec'

2021-11-19 17:15:42 - [TEST_CASE][PASSED] - Test Cases/Tablo/TablodanVeriSec: Test Cases/Tablo/TablodanVeriSec

2021-11-19 17:15:42 - [TEST_STEP][PASSED] - Method.TextDegerineEsitElementinAltindakineTikla(findTestObject("Tablo/Veriler"), findTestObject("Tablo/VerininCheckBoxi"), Veri_Adi): Method.TextDegerineEsitElementinAltindakineTikla is PASSED

2021-11-19 17:15:42 - [MESSAGE][INFO] - Finding Test Object 'Object Repository/Tablo/Veriler'

2021-11-19 17:15:42 - [MESSAGE][INFO] - Finding Test Object 'Object Repository/Tablo/VerininCheckBoxi'

2021-11-19 17:15:42 - [MESSAGE][INFO] - Checking timeout

2021-11-19 17:15:42 - [MESSAGE][INFO] - Finding web element with id: 'Object Repository/Tablo/Veriler' located by 'By.cssSelector: td.dxgv b ,td.dxgv' in '10' second(s)

2021-11-19 17:15:42 - [MESSAGE][INFO] - Smart Wait Function is triggered

2021-11-19 17:15:42 - [MESSAGE][INFO] - Found 110 web elements with id: 'Object Repository/Tablo/Veriler' located by 'By.cssSelector: td.dxgv b ,td.dxgv' in '10' second(s)

2021-11-19 17:15:42 - [MESSAGE][INFO] - Smart Wait Function is triggered

2021-11-19 17:15:43 - [MESSAGE][PASSED] - Method.TextDegerineEsitElementinAltindakineTikla is PASSED

2021-11-19 17:15:43 - [MESSAGE][PASSED] - Call Test Case 'Test Cases/Tablo/TablodanVeriSec' successfully

2021-11-19 17:15:43 - [MESSAGE][INFO] - Checking called Test Case

2021-11-19 17:15:43 - [MESSAGE][INFO] - Starting to call Test Case 'Test Cases/Butonlar/ButonaTikla'

2021-11-19 17:15:43 - [TEST_CASE][PASSED] - Test Cases/Butonlar/ButonaTikla: Test Cases/Butonlar/ButonaTikla

2021-11-19 17:15:43 - [TEST_STEP][PASSED] - Method.TextDegerineEsitElementeTiklaEquals(findTestObject("Butonlar/Butonlar"), Buton_Adi): Method.TextDegerineEsitElementeTiklaEquals is PASSED

2021-11-19 17:15:43 - [MESSAGE][INFO] - Finding Test Object 'Object Repository/Butonlar/Butonlar'

2021-11-19 17:15:43 - [MESSAGE][INFO] - Checking timeout

2021-11-19 17:15:43 - [MESSAGE][INFO] - Finding web element with id: 'Object Repository/Butonlar/Butonlar' located by 'By.cssSelector: .panel.panel-default.text-center.footerPanel .btn,.btn.btn-primary.btnControls' in '10' second(s)

2021-11-19 17:15:43 - [MESSAGE][INFO] - Smart Wait Function is triggered

2021-11-19 17:15:43 - [MESSAGE][INFO] - Found 5 web elements with id: 'Object Repository/Butonlar/Butonlar' located by 'By.cssSelector: .panel.panel-default.text-center.footerPanel .btn,.btn.btn-primary.btnControls' in '10' second(s)

2021-11-19 17:15:43 - [MESSAGE][PASSED] - Method.TextDegerineEsitElementeTiklaEquals is PASSED

2021-11-19 17:15:43 - [MESSAGE][PASSED] - Call Test Case 'Test Cases/Butonlar/ButonaTikla' successfully

2021-11-19 17:15:43 - [MESSAGE][INFO] - Checking called Test Case

2021-11-19 17:15:43 - [MESSAGE][INFO] - Starting to call Test Case 'Test Cases/Sekmeler/YeniSekmeyeGec'

2021-11-19 17:15:43 - [TEST_CASE][PASSED] - Test Cases/Sekmeler/YeniSekmeyeGec: Test Cases/Sekmeler/YeniSekmeyeGec

2021-11-19 17:15:43 - [TEST_STEP][PASSED] - switchToWindowIndex(1): Switched to window with index: '1'

2021-11-19 17:15:43 - [MESSAGE][INFO] - Checking index

2021-11-19 17:15:43 - [MESSAGE][INFO] - Switching window with index: '1'

2021-11-19 17:15:43 - [MESSAGE][PASSED] - Switched to window with index: '1'

2021-11-19 17:15:43 - [MESSAGE][PASSED] - Call Test Case 'Test Cases/Sekmeler/YeniSekmeyeGec' successfully

2021-11-19 17:15:43 - [MESSAGE][INFO] - Checking called Test Case

2021-11-19 17:15:43 - [MESSAGE][INFO] - Starting to call Test Case 'Test Cases/Sekmeler/TagGeldiMi'

2021-11-19 17:15:43 - [TEST_CASE][PASSED] - Test Cases/Sekmeler/TagGeldiMi: Test Cases/Sekmeler/TagGeldiMi

2021-11-19 17:15:43 - [TEST_STEP][PASSED] - waitForElementPresent(findTestObject("Object Repository/Sekmeler/UBLTag"), 10): Object 'Object Repository/Sekmeler/UBLTag' is present

2021-11-19 17:15:43 - [MESSAGE][INFO] - Finding Test Object 'Object Repository/Sekmeler/UBLTag'

2021-11-19 17:15:43 - [MESSAGE][INFO] - Checking object

2021-11-19 17:15:43 - [MESSAGE][INFO] - Finding web element from Test Object's properties

2021-11-19 17:15:43 - [MESSAGE][INFO] - Checking timeout

2021-11-19 17:15:43 - [MESSAGE][INFO] - Finding web element with id: 'Object Repository/Sekmeler/UBLTag' located by 'By.cssSelector: #webkit-xml-viewer-source-xml>:first-child' in '10' second(s)

2021-11-19 17:15:43 - [MESSAGE][INFO] - Smart Wait Function is triggered

2021-11-19 17:15:44 - [MESSAGE][INFO] - Found 1 web elements with id: 'Object Repository/Sekmeler/UBLTag' located by 'By.cssSelector: #webkit-xml-viewer-source-xml>:first-child' in '10' second(s)

2021-11-19 17:15:44 - [MESSAGE][PASSED] - Object 'Object Repository/Sekmeler/UBLTag' is present

2021-11-19 17:15:44 - [TEST_STEP][PASSED] - println(toLowerCase().toString()): Found 1 web elements with id: 'Object Repository/Sekmeler/UBLTag' located by 'By.cssSelector: #webkit-xml-viewer-source-xml>:first-child' in '10' second(s)

2021-11-19 17:15:44 - [MESSAGE][INFO] - Finding Test Object 'Object Repository/Sekmeler/UBLTag'

2021-11-19 17:15:44 - [MESSAGE][INFO] - Finding web element from Test Object's properties

2021-11-19 17:15:44 - [MESSAGE][INFO] - Checking timeout

2021-11-19 17:15:44 - [MESSAGE][INFO] - Finding web element with id: 'Object Repository/Sekmeler/UBLTag' located by 'By.cssSelector: #webkit-xml-viewer-source-xml>:first-child' in '10' second(s)

2021-11-19 17:15:44 - [MESSAGE][INFO] - Smart Wait Function is triggered

2021-11-19 17:15:44 - [MESSAGE][INFO] - Found 1 web elements with id: 'Object Repository/Sekmeler/UBLTag' located by 'By.cssSelector: #webkit-xml-viewer-source-xml>:first-child' in '10' second(s)

2021-11-19 17:15:44 - [TEST_STEP][PASSED] - if (!(toString().contains(toString().toLowerCase()))): Found 1 web elements with id: 'Object Repository/Sekmeler/UBLTag' located by 'By.cssSelector: #webkit-xml-viewer-source-xml>:first-child' in '10' second(s)

2021-11-19 17:15:44 - [MESSAGE][INFO] - Finding Test Object 'Object Repository/Sekmeler/UBLTag'

2021-11-19 17:15:44 - [MESSAGE][INFO] - Finding web element from Test Object's properties

2021-11-19 17:15:44 - [MESSAGE][INFO] - Checking timeout

2021-11-19 17:15:44 - [MESSAGE][INFO] - Finding web element with id: 'Object Repository/Sekmeler/UBLTag' located by 'By.cssSelector: #webkit-xml-viewer-source-xml>:first-child' in '10' second(s)

2021-11-19 17:15:44 - [MESSAGE][INFO] - Smart Wait Function is triggered

2021-11-19 17:15:44 - [MESSAGE][INFO] - Found 1 web elements with id: 'Object Repository/Sekmeler/UBLTag' located by 'By.cssSelector: #webkit-xml-viewer-source-xml>:first-child' in '10' second(s)

2021-11-19 17:15:44 - [MESSAGE][PASSED] - Call Test Case 'Test Cases/Sekmeler/TagGeldiMi' successfully

2021-11-19 17:15:44 - [MESSAGE][INFO] - Checking called Test Case

2021-11-19 17:15:44 - [MESSAGE][INFO] - Starting to call Test Case 'Test Cases/Sekmeler/Ana_Sekmeye_Gec'

2021-11-19 17:15:44 - [TEST_CASE][PASSED] - Test Cases/Sekmeler/Ana_Sekmeye_Gec: Test Cases/Sekmeler/Ana_Sekmeye_Gec

2021-11-19 17:15:44 - [TEST_STEP][PASSED] - try: Window with index 1 is closed

2021-11-19 17:15:44 - [TEST_STEP][PASSED] - index = getWindowIndex(): Current window's index is: 1

2021-11-19 17:15:44 - [MESSAGE][INFO] - Getting current window's index

2021-11-19 17:15:44 - [MESSAGE][PASSED] - Current window's index is: 1

2021-11-19 17:15:44 - [TEST_STEP][PASSED] - closeWindowIndex(index): Window with index 1 is closed

2021-11-19 17:15:44 - [MESSAGE][INFO] - Checking index

2021-11-19 17:15:44 - [MESSAGE][INFO] - Closing window with index 1

2021-11-19 17:15:44 - [MESSAGE][PASSED] - Window with index 1 is closed

2021-11-19 17:15:44 - [TEST_STEP][PASSED] - switchToWindowIndex(0): Switched to window with index: '0'

2021-11-19 17:15:44 - [MESSAGE][INFO] - Checking index

2021-11-19 17:15:44 - [MESSAGE][INFO] - Switching window with index: '0'

2021-11-19 17:15:44 - [MESSAGE][PASSED] - Switched to window with index: '0'

2021-11-19 17:15:44 - [MESSAGE][PASSED] - Call Test Case 'Test Cases/Sekmeler/Ana_Sekmeye_Gec' successfully

2021-11-19 17:15:44 - [MESSAGE][INFO] - Checking called Test Case

2021-11-19 17:15:44 - [MESSAGE][INFO] - Starting to call Test Case 'Test Cases/Butonlar/ButonaTikla'

2021-11-19 17:15:44 - [TEST_CASE][PASSED] - Test Cases/Butonlar/ButonaTikla: Test Cases/Butonlar/ButonaTikla

2021-11-19 17:15:44 - [TEST_STEP][PASSED] - Method.TextDegerineEsitElementeTiklaEquals(findTestObject("Butonlar/Butonlar"), Buton_Adi): Method.TextDegerineEsitElementeTiklaEquals is PASSED

2021-11-19 17:15:44 - [MESSAGE][INFO] - Finding Test Object 'Object Repository/Butonlar/Butonlar'

2021-11-19 17:15:45 - [MESSAGE][INFO] - Checking timeout

2021-11-19 17:15:45 - [MESSAGE][INFO] - Finding web element with id: 'Object Repository/Butonlar/Butonlar' located by 'By.cssSelector: .panel.panel-default.text-center.footerPanel .btn,.btn.btn-primary.btnControls' in '10' second(s)

2021-11-19 17:15:45 - [MESSAGE][INFO] - Smart Wait Function is triggered

2021-11-19 17:15:45 - [MESSAGE][INFO] - Found 5 web elements with id: 'Object Repository/Butonlar/Butonlar' located by 'By.cssSelector: .panel.panel-default.text-center.footerPanel .btn,.btn.btn-primary.btnControls' in '10' second(s)

2021-11-19 17:15:45 - [MESSAGE][PASSED] - Method.TextDegerineEsitElementeTiklaEquals is PASSED

2021-11-19 17:15:45 - [MESSAGE][PASSED] - Call Test Case 'Test Cases/Butonlar/ButonaTikla' successfully

2021-11-19 17:15:45 - [MESSAGE][INFO] - Checking called Test Case

2021-11-19 17:15:45 - [MESSAGE][INFO] - Starting to call Test Case 'Test Cases/Sekmeler/YeniSekmeyeGec'

2021-11-19 17:15:45 - [TEST_CASE][PASSED] - Test Cases/Sekmeler/YeniSekmeyeGec: Test Cases/Sekmeler/YeniSekmeyeGec

2021-11-19 17:15:45 - [TEST_STEP][PASSED] - switchToWindowIndex(1): Switched to window with index: '1'

2021-11-19 17:15:45 - [MESSAGE][INFO] - Checking index

2021-11-19 17:15:45 - [MESSAGE][INFO] - Switching window with index: '1'

2021-11-19 17:15:45 - [MESSAGE][PASSED] - Switched to window with index: '1'

2021-11-19 17:15:45 - [MESSAGE][PASSED] - Call Test Case 'Test Cases/Sekmeler/YeniSekmeyeGec' successfully

2021-11-19 17:15:45 - [MESSAGE][INFO] - Checking called Test Case

2021-11-19 17:15:45 - [MESSAGE][INFO] - Starting to call Test Case 'Test Cases/Sekmeler/GecmisGeldiMi'

2021-11-19 17:15:45 - [TEST_CASE][PASSED] - Test Cases/Sekmeler/GecmisGeldiMi: Test Cases/Sekmeler/GecmisGeldiMi

2021-11-19 17:15:45 - [TEST_STEP][PASSED] - waitForElementVisible(findTestObject("Object Repository/Sekmeler/GecmisBaslik"), 10): Object 'Object Repository/Sekmeler/GecmisBaslik' is visible

2021-11-19 17:15:45 - [MESSAGE][INFO] - Finding Test Object 'Object Repository/Sekmeler/GecmisBaslik'

2021-11-19 17:15:45 - [MESSAGE][INFO] - Checking object

2021-11-19 17:15:45 - [MESSAGE][INFO] - Checking timeout

2021-11-19 17:15:45 - [MESSAGE][INFO] - Finding web element from Test Object's properties

2021-11-19 17:15:45 - [MESSAGE][INFO] - Checking timeout

2021-11-19 17:15:45 - [MESSAGE][INFO] - Finding web element with id: 'Object Repository/Sekmeler/GecmisBaslik' located by 'By.cssSelector: .dxnb-ghtext.dx-vam' in '10' second(s)

2021-11-19 17:15:45 - [MESSAGE][INFO] - Smart Wait Function is triggered

2021-11-19 17:15:52 - [MESSAGE][INFO] - Found 1 web elements with id: 'Object Repository/Sekmeler/GecmisBaslik' located by 'By.cssSelector: .dxnb-ghtext.dx-vam' in '10' second(s)

2021-11-19 17:15:53 - [MESSAGE][PASSED] - Object 'Object Repository/Sekmeler/GecmisBaslik' is visible

2021-11-19 17:15:53 - [TEST_STEP][PASSED] - if (!(getText(findTestObject("Object Repository/Sekmeler/GecmisBaslik")).contains(Baslik))): Text of object 'Object Repository/Sekmeler/GecmisBaslik' is: 'Zarf İzleme Kayıtları - 116114830'

2021-11-19 17:15:53 - [MESSAGE][INFO] - Finding Test Object 'Object Repository/Sekmeler/GecmisBaslik'

2021-11-19 17:15:53 - [MESSAGE][INFO] - Checking object

2021-11-19 17:15:53 - [MESSAGE][INFO] - Finding web element from Test Object's properties

2021-11-19 17:15:53 - [MESSAGE][INFO] - Checking timeout

2021-11-19 17:15:53 - [MESSAGE][INFO] - Finding web element with id: 'Object Repository/Sekmeler/GecmisBaslik' located by 'By.cssSelector: .dxnb-ghtext.dx-vam' in '30' second(s)

2021-11-19 17:15:53 - [MESSAGE][INFO] - Smart Wait Function is triggered

2021-11-19 17:15:53 - [MESSAGE][INFO] - Found 1 web elements with id: 'Object Repository/Sekmeler/GecmisBaslik' located by 'By.cssSelector: .dxnb-ghtext.dx-vam' in '30' second(s)

2021-11-19 17:15:53 - [MESSAGE][INFO] - Getting text of object 'Object Repository/Sekmeler/GecmisBaslik'

2021-11-19 17:15:53 - [MESSAGE][PASSED] - Text of object 'Object Repository/Sekmeler/GecmisBaslik' is: 'Zarf İzleme Kayıtları - 116114830'

2021-11-19 17:15:53 - [MESSAGE][PASSED] - Call Test Case 'Test Cases/Sekmeler/GecmisGeldiMi' successfully

2021-11-19 17:15:53 - [MESSAGE][INFO] - Checking called Test Case

2021-11-19 17:15:53 - [MESSAGE][INFO] - Starting to call Test Case 'Test Cases/Sekmeler/Ana_Sekmeye_Gec'

2021-11-19 17:15:53 - [TEST_CASE][PASSED] - Test Cases/Sekmeler/Ana_Sekmeye_Gec: Test Cases/Sekmeler/Ana_Sekmeye_Gec

2021-11-19 17:15:53 - [TEST_STEP][PASSED] - try: Window with index 1 is closed

2021-11-19 17:15:53 - [TEST_STEP][PASSED] - index = getWindowIndex(): Current window's index is: 1

2021-11-19 17:15:53 - [MESSAGE][INFO] - Getting current window's index

2021-11-19 17:15:53 - [MESSAGE][PASSED] - Current window's index is: 1

2021-11-19 17:15:53 - [TEST_STEP][PASSED] - closeWindowIndex(index): Window with index 1 is closed

2021-11-19 17:15:53 - [MESSAGE][INFO] - Checking index

2021-11-19 17:15:53 - [MESSAGE][INFO] - Closing window with index 1

2021-11-19 17:15:53 - [MESSAGE][PASSED] - Window with index 1 is closed

2021-11-19 17:15:53 - [TEST_STEP][PASSED] - switchToWindowIndex(0): Switched to window with index: '0'

2021-11-19 17:15:53 - [MESSAGE][INFO] - Checking index

2021-11-19 17:15:53 - [MESSAGE][INFO] - Switching window with index: '0'

2021-11-19 17:15:53 - [MESSAGE][PASSED] - Switched to window with index: '0'

2021-11-19 17:15:53 - [MESSAGE][PASSED] - Call Test Case 'Test Cases/Sekmeler/Ana_Sekmeye_Gec' successfully

2021-11-19 17:15:53 - [MESSAGE][INFO] - Checking called Test Case

2021-11-19 17:15:53 - [MESSAGE][INFO] - Starting to call Test Case 'Test Cases/Butonlar/ButonaTikla'

2021-11-19 17:15:53 - [TEST_CASE][PASSED] - Test Cases/Butonlar/ButonaTikla: Test Cases/Butonlar/ButonaTikla

2021-11-19 17:15:53 - [TEST_STEP][PASSED] - Method.TextDegerineEsitElementeTiklaEquals(findTestObject("Butonlar/Butonlar"), Buton_Adi): Method.TextDegerineEsitElementeTiklaEquals is PASSED

2021-11-19 17:15:53 - [MESSAGE][INFO] - Finding Test Object 'Object Repository/Butonlar/Butonlar'

2021-11-19 17:15:53 - [MESSAGE][INFO] - Checking timeout

2021-11-19 17:15:53 - [MESSAGE][INFO] - Finding web element with id: 'Object Repository/Butonlar/Butonlar' located by 'By.cssSelector: .panel.panel-default.text-center.footerPanel .btn,.btn.btn-primary.btnControls' in '10' second(s)

2021-11-19 17:15:53 - [MESSAGE][INFO] - Smart Wait Function is triggered

2021-11-19 17:15:54 - [MESSAGE][INFO] - Found 5 web elements with id: 'Object Repository/Butonlar/Butonlar' located by 'By.cssSelector: .panel.panel-default.text-center.footerPanel .btn,.btn.btn-primary.btnControls' in '10' second(s)

2021-11-19 17:15:54 - [MESSAGE][PASSED] - Method.TextDegerineEsitElementeTiklaEquals is PASSED

2021-11-19 17:15:54 - [MESSAGE][PASSED] - Call Test Case 'Test Cases/Butonlar/ButonaTikla' successfully

2021-11-19 17:15:54 - [MESSAGE][INFO] - Checking called Test Case

2021-11-19 17:15:54 - [MESSAGE][INFO] - Starting to call Test Case 'Test Cases/Butonlar/AltButonaTikla'

2021-11-19 17:15:54 - [TEST_CASE][PASSED] - Test Cases/Butonlar/AltButonaTikla: Test Cases/Butonlar/AltButonaTikla

2021-11-19 17:15:54 - [TEST_STEP][PASSED] - Method.TextDegerineEsitElementeTikla(findTestObject("Butonlar/AltButonlar"), Alt_Buton): Method.TextDegerineEsitElementeTikla is PASSED

2021-11-19 17:15:54 - [MESSAGE][INFO] - Finding Test Object 'Object Repository/Butonlar/AltButonlar'

2021-11-19 17:15:54 - [MESSAGE][INFO] - Checking timeout

2021-11-19 17:15:54 - [MESSAGE][INFO] - Finding web element with id: 'Object Repository/Butonlar/AltButonlar' located by 'By.cssSelector: .btn-group.open li>a' in '10' second(s)

2021-11-19 17:15:54 - [MESSAGE][INFO] - Smart Wait Function is triggered

2021-11-19 17:15:54 - [MESSAGE][INFO] - Found 1 web elements with id: 'Object Repository/Butonlar/AltButonlar' located by 'By.cssSelector: .btn-group.open li>a' in '10' second(s)

2021-11-19 17:15:55 - [MESSAGE][PASSED] - Method.TextDegerineEsitElementeTikla is PASSED

2021-11-19 17:15:55 - [MESSAGE][PASSED] - Call Test Case 'Test Cases/Butonlar/AltButonaTikla' successfully

2021-11-19 17:15:55 - [MESSAGE][INFO] - Checking called Test Case

2021-11-19 17:15:55 - [MESSAGE][INFO] - Starting to call Test Case 'Test Cases/Butonlar/DosyaIndirildiMi'

2021-11-19 17:15:55 - [TEST_CASE][PASSED] - Test Cases/Butonlar/DosyaIndirildiMi: Test Cases/Butonlar/DosyaIndirildiMi

2021-11-19 17:15:55 - [TEST_STEP][PASSED] - Method.isimliDosyaIndirildiMi(DownloadFile, FileName): Method.isimliDosyaIndirildiMi is PASSED

2021-11-19 17:15:55 - [MESSAGE][INFO] - Delaying browser in 3 second(s)

2021-11-19 17:15:58 - [MESSAGE][PASSED] - Delayed 3 second(s)

2021-11-19 17:15:58 - [MESSAGE][PASSED] - Method.isimliDosyaIndirildiMi is PASSED

2021-11-19 17:15:58 - [MESSAGE][PASSED] - Call Test Case 'Test Cases/Butonlar/DosyaIndirildiMi' successfully

2021-11-19 17:15:58 - [MESSAGE][INFO] - Checking called Test Case

2021-11-19 17:15:58 - [MESSAGE][INFO] - Starting to call Test Case 'Test Cases/Butonlar/ButonaTikla'

2021-11-19 17:15:58 - [TEST_CASE][PASSED] - Test Cases/Butonlar/ButonaTikla: Test Cases/Butonlar/ButonaTikla

2021-11-19 17:15:58 - [TEST_STEP][PASSED] - Method.TextDegerineEsitElementeTiklaEquals(findTestObject("Butonlar/Butonlar"), Buton_Adi): Method.TextDegerineEsitElementeTiklaEquals is PASSED

2021-11-19 17:15:58 - [MESSAGE][INFO] - Finding Test Object 'Object Repository/Butonlar/Butonlar'

2021-11-19 17:15:58 - [MESSAGE][INFO] - Checking timeout

2021-11-19 17:15:58 - [MESSAGE][INFO] - Finding web element with id: 'Object Repository/Butonlar/Butonlar' located by 'By.cssSelector: .panel.panel-default.text-center.footerPanel .btn,.btn.btn-primary.btnControls' in '10' second(s)

2021-11-19 17:15:58 - [MESSAGE][INFO] - Smart Wait Function is triggered

2021-11-19 17:15:58 - [MESSAGE][INFO] - Found 5 web elements with id: 'Object Repository/Butonlar/Butonlar' located by 'By.cssSelector: .panel.panel-default.text-center.footerPanel .btn,.btn.btn-primary.btnControls' in '10' second(s)

2021-11-19 17:15:58 - [MESSAGE][PASSED] - Method.TextDegerineEsitElementeTiklaEquals is PASSED

2021-11-19 17:15:58 - [MESSAGE][PASSED] - Call Test Case 'Test Cases/Butonlar/ButonaTikla' successfully

2021-11-19 17:15:58 - [MESSAGE][INFO] - Checking called Test Case

2021-11-19 17:15:58 - [MESSAGE][INFO] - Starting to call Test Case 'Test Cases/Butonlar/AltButonaTikla'

2021-11-19 17:15:58 - [TEST_CASE][PASSED] - Test Cases/Butonlar/AltButonaTikla: Test Cases/Butonlar/AltButonaTikla

2021-11-19 17:15:58 - [TEST_STEP][PASSED] - Method.TextDegerineEsitElementeTikla(findTestObject("Butonlar/AltButonlar"), Alt_Buton): Method.TextDegerineEsitElementeTikla is PASSED

2021-11-19 17:15:58 - [MESSAGE][INFO] - Finding Test Object 'Object Repository/Butonlar/AltButonlar'

2021-11-19 17:15:58 - [MESSAGE][INFO] - Checking timeout

2021-11-19 17:15:58 - [MESSAGE][INFO] - Finding web element with id: 'Object Repository/Butonlar/AltButonlar' located by 'By.cssSelector: .btn-group.open li>a' in '10' second(s)

2021-11-19 17:15:58 - [MESSAGE][INFO] - Smart Wait Function is triggered

2021-11-19 17:15:59 - [MESSAGE][INFO] - Found 2 web elements with id: 'Object Repository/Butonlar/AltButonlar' located by 'By.cssSelector: .btn-group.open li>a' in '10' second(s)

2021-11-19 17:15:59 - [MESSAGE][PASSED] - Method.TextDegerineEsitElementeTikla is PASSED

2021-11-19 17:15:59 - [MESSAGE][PASSED] - Call Test Case 'Test Cases/Butonlar/AltButonaTikla' successfully

2021-11-19 17:15:59 - [MESSAGE][INFO] - Checking called Test Case

2021-11-19 17:15:59 - [MESSAGE][INFO] - Starting to call Test Case 'Test Cases/Popup/PopupMesajiIceriyorMu'

2021-11-19 17:15:59 - [TEST_CASE][PASSED] - Test Cases/Popup/PopupMesajiIceriyorMu: Test Cases/Popup/PopupMesajiIceriyorMu

2021-11-19 17:15:59 - [TEST_STEP][PASSED] - waitForElementVisible(findTestObject("Popup/Popup"), 10): Object 'Object Repository/Popup/Popup' is visible

2021-11-19 17:15:59 - [MESSAGE][INFO] - Finding Test Object 'Object Repository/Popup/Popup'

2021-11-19 17:15:59 - [MESSAGE][INFO] - Checking object

2021-11-19 17:15:59 - [MESSAGE][INFO] - Checking timeout

2021-11-19 17:15:59 - [MESSAGE][INFO] - Finding web element from Test Object's properties

2021-11-19 17:15:59 - [MESSAGE][INFO] - Checking timeout

2021-11-19 17:15:59 - [MESSAGE][INFO] - Finding web element with id: 'Object Repository/Popup/Popup' located by 'By.cssSelector: .bootbox-body' in '10' second(s)

2021-11-19 17:15:59 - [MESSAGE][INFO] - Smart Wait Function is triggered

2021-11-19 17:15:59 - [MESSAGE][INFO] - Found 1 web elements with id: 'Object Repository/Popup/Popup' located by 'By.cssSelector: .bootbox-body' in '10' second(s)

2021-11-19 17:15:59 - [MESSAGE][PASSED] - Object 'Object Repository/Popup/Popup' is visible

2021-11-19 17:15:59 - [TEST_STEP][PASSED] - if (!(getText(findTestObject("Popup/Popup")).contains(Mesaj))): Text of object 'Object Repository/Popup/Popup' is: 'Lütfen rapor bildiriminin gönderileceği e-posta adresini belirtiniz.
e-Posta Adresi'

2021-11-19 17:15:59 - [MESSAGE][INFO] - Finding Test Object 'Object Repository/Popup/Popup'

2021-11-19 17:15:59 - [MESSAGE][INFO] - Checking object

2021-11-19 17:15:59 - [MESSAGE][INFO] - Finding web element from Test Object's properties

2021-11-19 17:15:59 - [MESSAGE][INFO] - Checking timeout

2021-11-19 17:15:59 - [MESSAGE][INFO] - Finding web element with id: 'Object Repository/Popup/Popup' located by 'By.cssSelector: .bootbox-body' in '30' second(s)

2021-11-19 17:15:59 - [MESSAGE][INFO] - Smart Wait Function is triggered

2021-11-19 17:16:00 - [MESSAGE][INFO] - Found 1 web elements with id: 'Object Repository/Popup/Popup' located by 'By.cssSelector: .bootbox-body' in '30' second(s)

2021-11-19 17:16:00 - [MESSAGE][INFO] - Getting text of object 'Object Repository/Popup/Popup'

2021-11-19 17:16:00 - [MESSAGE][PASSED] - Text of object 'Object Repository/Popup/Popup' is: 'Lütfen rapor bildiriminin gönderileceği e-posta adresini belirtiniz.
e-Posta Adresi'

2021-11-19 17:16:00 - [TEST_STEP][PASSED] - RaporNo = getText(findTestObject("Popup/Popup")).substring(0, 6): Text of object 'Object Repository/Popup/Popup' is: 'Lütfen rapor bildiriminin gönderileceği e-posta adresini belirtiniz.
e-Posta Adresi'

2021-11-19 17:16:00 - [MESSAGE][INFO] - Finding Test Object 'Object Repository/Popup/Popup'

2021-11-19 17:16:00 - [MESSAGE][INFO] - Checking object

2021-11-19 17:16:00 - [MESSAGE][INFO] - Finding web element from Test Object's properties

2021-11-19 17:16:00 - [MESSAGE][INFO] - Checking timeout

2021-11-19 17:16:00 - [MESSAGE][INFO] - Finding web element with id: 'Object Repository/Popup/Popup' located by 'By.cssSelector: .bootbox-body' in '30' second(s)

2021-11-19 17:16:00 - [MESSAGE][INFO] - Smart Wait Function is triggered

2021-11-19 17:16:00 - [MESSAGE][INFO] - Found 1 web elements with id: 'Object Repository/Popup/Popup' located by 'By.cssSelector: .bootbox-body' in '30' second(s)

2021-11-19 17:16:00 - [MESSAGE][INFO] - Getting text of object 'Object Repository/Popup/Popup'

2021-11-19 17:16:00 - [MESSAGE][PASSED] - Text of object 'Object Repository/Popup/Popup' is: 'Lütfen rapor bildiriminin gönderileceği e-posta adresini belirtiniz.
e-Posta Adresi'

2021-11-19 17:16:00 - [TEST_STEP][PASSED] - Console.println(RaporNo): null

2021-11-19 17:16:00 - [MESSAGE][PASSED] - Call Test Case 'Test Cases/Popup/PopupMesajiIceriyorMu' successfully

2021-11-19 17:16:00 - [MESSAGE][INFO] - Checking called Test Case

2021-11-19 17:16:00 - [MESSAGE][INFO] - Starting to call Test Case 'Test Cases/Popup/PopupaEmailEklenir'

2021-11-19 17:16:00 - [TEST_CASE][PASSED] - Test Cases/Popup/PopupaEmailEklenir: Test Cases/Popup/PopupaEmailEklenir

2021-11-19 17:16:00 - [TEST_STEP][PASSED] - clearText(findTestObject("Popup/EmailText")): Text of object 'Object Repository/Popup/EmailText' is cleared

2021-11-19 17:16:00 - [MESSAGE][INFO] - Finding Test Object 'Object Repository/Popup/EmailText'

2021-11-19 17:16:00 - [MESSAGE][INFO] - Checking object

2021-11-19 17:16:00 - [MESSAGE][INFO] - Finding web element from Test Object's properties

2021-11-19 17:16:00 - [MESSAGE][INFO] - Checking timeout

2021-11-19 17:16:00 - [MESSAGE][INFO] - Finding web element with id: 'Object Repository/Popup/EmailText' located by 'By.xpath: //*[@id="eMails"]' in '30' second(s)

2021-11-19 17:16:00 - [MESSAGE][INFO] - Smart Wait Function is triggered

2021-11-19 17:16:01 - [MESSAGE][INFO] - Found 1 web elements with id: 'Object Repository/Popup/EmailText' located by 'By.xpath: //*[@id="eMails"]' in '30' second(s)

2021-11-19 17:16:01 - [MESSAGE][INFO] - Clearing text of object 'Object Repository/Popup/EmailText'

2021-11-19 17:16:01 - [MESSAGE][PASSED] - Text of object 'Object Repository/Popup/EmailText' is cleared

2021-11-19 17:16:01 - [TEST_STEP][PASSED] - sendKeys(findTestObject("Popup/EmailText"), Email): Keys 'elogotest@gmail.com;ali.kara@logo.com.tr' sent to object: 'Object Repository/Popup/EmailText'

2021-11-19 17:16:01 - [MESSAGE][INFO] - Finding Test Object 'Object Repository/Popup/EmailText'

2021-11-19 17:16:01 - [MESSAGE][INFO] - Sending keys 'elogotest@gmail.com;ali.kara@logo.com.tr' to object: 'Object Repository/Popup/EmailText'

2021-11-19 17:16:01 - [MESSAGE][INFO] - Finding web element from Test Object's properties

2021-11-19 17:16:01 - [MESSAGE][INFO] - Checking timeout

2021-11-19 17:16:01 - [MESSAGE][INFO] - Finding web element with id: 'Object Repository/Popup/EmailText' located by 'By.xpath: //*[@id="eMails"]' in '30' second(s)

2021-11-19 17:16:01 - [MESSAGE][INFO] - Smart Wait Function is triggered

2021-11-19 17:16:01 - [MESSAGE][INFO] - Found 1 web elements with id: 'Object Repository/Popup/EmailText' located by 'By.xpath: //*[@id="eMails"]' in '30' second(s)

2021-11-19 17:16:01 - [MESSAGE][PASSED] - Keys 'elogotest@gmail.com;ali.kara@logo.com.tr' sent to object: 'Object Repository/Popup/EmailText'

2021-11-19 17:16:01 - [MESSAGE][PASSED] - Call Test Case 'Test Cases/Popup/PopupaEmailEklenir' successfully

2021-11-19 17:16:01 - [MESSAGE][INFO] - Checking called Test Case

2021-11-19 17:16:01 - [MESSAGE][INFO] - Starting to call Test Case 'Test Cases/Popup/PopupButonSecilir'

2021-11-19 17:16:01 - [TEST_CASE][PASSED] - Test Cases/Popup/PopupButonSecilir: Test Cases/Popup/PopupButonSecilir

2021-11-19 17:16:01 - [TEST_STEP][PASSED] - Method.TextDegerineEsitElementeTikla(findTestObject("Popup/Popup_Butons"), Buton): Method.TextDegerineEsitElementeTikla is PASSED

2021-11-19 17:16:01 - [MESSAGE][INFO] - Finding Test Object 'Object Repository/Popup/Popup_Butons'

2021-11-19 17:16:01 - [MESSAGE][INFO] - Checking timeout

2021-11-19 17:16:01 - [MESSAGE][INFO] - Finding web element with id: 'Object Repository/Popup/Popup_Butons' located by 'By.cssSelector: .modal-footer>button' in '10' second(s)

2021-11-19 17:16:01 - [MESSAGE][INFO] - Smart Wait Function is triggered

2021-11-19 17:16:02 - [MESSAGE][INFO] - Found 2 web elements with id: 'Object Repository/Popup/Popup_Butons' located by 'By.cssSelector: .modal-footer>button' in '10' second(s)

2021-11-19 17:16:02 - [MESSAGE][PASSED] - Method.TextDegerineEsitElementeTikla is PASSED

2021-11-19 17:16:02 - [MESSAGE][PASSED] - Call Test Case 'Test Cases/Popup/PopupButonSecilir' successfully

2021-11-19 17:16:02 - [MESSAGE][INFO] - Checking called Test Case

2021-11-19 17:16:02 - [MESSAGE][INFO] - Starting to call Test Case 'Test Cases/Popup/PopupMesajiIceriyorMu'

2021-11-19 17:16:02 - [TEST_CASE][PASSED] - Test Cases/Popup/PopupMesajiIceriyorMu: Test Cases/Popup/PopupMesajiIceriyorMu

2021-11-19 17:16:02 - [TEST_STEP][PASSED] - waitForElementVisible(findTestObject("Popup/Popup"), 10): Object 'Object Repository/Popup/Popup' is visible

2021-11-19 17:16:02 - [MESSAGE][INFO] - Finding Test Object 'Object Repository/Popup/Popup'

2021-11-19 17:16:02 - [MESSAGE][INFO] - Checking object

2021-11-19 17:16:02 - [MESSAGE][INFO] - Checking timeout

2021-11-19 17:16:02 - [MESSAGE][INFO] - Finding web element from Test Object's properties

2021-11-19 17:16:02 - [MESSAGE][INFO] - Checking timeout

2021-11-19 17:16:02 - [MESSAGE][INFO] - Finding web element with id: 'Object Repository/Popup/Popup' located by 'By.cssSelector: .bootbox-body' in '10' second(s)

2021-11-19 17:16:02 - [MESSAGE][INFO] - Smart Wait Function is triggered

2021-11-19 17:16:02 - [MESSAGE][INFO] - Found 1 web elements with id: 'Object Repository/Popup/Popup' located by 'By.cssSelector: .bootbox-body' in '10' second(s)

2021-11-19 17:16:02 - [MESSAGE][PASSED] - Object 'Object Repository/Popup/Popup' is visible

2021-11-19 17:16:02 - [TEST_STEP][PASSED] - if (!(getText(findTestObject("Popup/Popup")).contains(Mesaj))): Text of object 'Object Repository/Popup/Popup' is: '17469 no’lu talebiniz işleme alınmıştır. Raporunuz hazırlandığında (elogotest@gmail.com;ali.kara@logo.com.tr) adresinize mail gönderilecektir.
Rapor durumunuzu Raporlar > Toplu Veri İndirme ekranından takip edebilir, hazırlandı durumundaki raporlarınızı ilgili menüden indirebilirsiniz.'

2021-11-19 17:16:02 - [MESSAGE][INFO] - Finding Test Object 'Object Repository/Popup/Popup'

2021-11-19 17:16:03 - [MESSAGE][INFO] - Checking object

2021-11-19 17:16:03 - [MESSAGE][INFO] - Finding web element from Test Object's properties

2021-11-19 17:16:03 - [MESSAGE][INFO] - Checking timeout

2021-11-19 17:16:03 - [MESSAGE][INFO] - Finding web element with id: 'Object Repository/Popup/Popup' located by 'By.cssSelector: .bootbox-body' in '30' second(s)

2021-11-19 17:16:03 - [MESSAGE][INFO] - Smart Wait Function is triggered

2021-11-19 17:16:03 - [MESSAGE][INFO] - Found 1 web elements with id: 'Object Repository/Popup/Popup' located by 'By.cssSelector: .bootbox-body' in '30' second(s)

2021-11-19 17:16:03 - [MESSAGE][INFO] - Getting text of object 'Object Repository/Popup/Popup'

2021-11-19 17:16:03 - [MESSAGE][PASSED] - Text of object 'Object Repository/Popup/Popup' is: '17469 no’lu talebiniz işleme alınmıştır. Raporunuz hazırlandığında (elogotest@gmail.com;ali.kara@logo.com.tr) adresinize mail gönderilecektir.
Rapor durumunuzu Raporlar > Toplu Veri İndirme ekranından takip edebilir, hazırlandı durumundaki raporlarınızı ilgili menüden indirebilirsiniz.'

2021-11-19 17:16:03 - [TEST_STEP][PASSED] - RaporNo = getText(findTestObject("Popup/Popup")).substring(0, 6): Text of object 'Object Repository/Popup/Popup' is: '17469 no’lu talebiniz işleme alınmıştır. Raporunuz hazırlandığında (elogotest@gmail.com;ali.kara@logo.com.tr) adresinize mail gönderilecektir.
Rapor durumunuzu Raporlar > Toplu Veri İndirme ekranından takip edebilir, hazırlandı durumundaki raporlarınızı ilgili menüden indirebilirsiniz.'

2021-11-19 17:16:03 - [MESSAGE][INFO] - Finding Test Object 'Object Repository/Popup/Popup'

2021-11-19 17:16:03 - [MESSAGE][INFO] - Checking object

2021-11-19 17:16:03 - [MESSAGE][INFO] - Finding web element from Test Object's properties

2021-11-19 17:16:03 - [MESSAGE][INFO] - Checking timeout

2021-11-19 17:16:03 - [MESSAGE][INFO] - Finding web element with id: 'Object Repository/Popup/Popup' located by 'By.cssSelector: .bootbox-body' in '30' second(s)

2021-11-19 17:16:03 - [MESSAGE][INFO] - Smart Wait Function is triggered

2021-11-19 17:16:03 - [MESSAGE][INFO] - Found 1 web elements with id: 'Object Repository/Popup/Popup' located by 'By.cssSelector: .bootbox-body' in '30' second(s)

2021-11-19 17:16:03 - [MESSAGE][INFO] - Getting text of object 'Object Repository/Popup/Popup'

2021-11-19 17:16:03 - [MESSAGE][PASSED] - Text of object 'Object Repository/Popup/Popup' is: '17469 no’lu talebiniz işleme alınmıştır. Raporunuz hazırlandığında (elogotest@gmail.com;ali.kara@logo.com.tr) adresinize mail gönderilecektir.
Rapor durumunuzu Raporlar > Toplu Veri İndirme ekranından takip edebilir, hazırlandı durumundaki raporlarınızı ilgili menüden indirebilirsiniz.'

2021-11-19 17:16:03 - [TEST_STEP][PASSED] - Console.println(RaporNo): null

2021-11-19 17:16:03 - [MESSAGE][PASSED] - Call Test Case 'Test Cases/Popup/PopupMesajiIceriyorMu' successfully

2021-11-19 17:16:03 - [MESSAGE][INFO] - Checking called Test Case

2021-11-19 17:16:03 - [MESSAGE][INFO] - Starting to call Test Case 'Test Cases/Popup/PopupButonSecilir'

2021-11-19 17:16:03 - [TEST_CASE][PASSED] - Test Cases/Popup/PopupButonSecilir: Test Cases/Popup/PopupButonSecilir

2021-11-19 17:16:03 - [TEST_STEP][PASSED] - Method.TextDegerineEsitElementeTikla(findTestObject("Popup/Popup_Butons"), Buton): Method.TextDegerineEsitElementeTikla is PASSED

2021-11-19 17:16:03 - [MESSAGE][INFO] - Finding Test Object 'Object Repository/Popup/Popup_Butons'

2021-11-19 17:16:03 - [MESSAGE][INFO] - Checking timeout

2021-11-19 17:16:03 - [MESSAGE][INFO] - Finding web element with id: 'Object Repository/Popup/Popup_Butons' located by 'By.cssSelector: .modal-footer>button' in '10' second(s)

2021-11-19 17:16:03 - [MESSAGE][INFO] - Smart Wait Function is triggered

2021-11-19 17:16:04 - [MESSAGE][INFO] - Found 1 web elements with id: 'Object Repository/Popup/Popup_Butons' located by 'By.cssSelector: .modal-footer>button' in '10' second(s)

2021-11-19 17:16:04 - [MESSAGE][PASSED] - Method.TextDegerineEsitElementeTikla is PASSED

2021-11-19 17:16:04 - [MESSAGE][PASSED] - Call Test Case 'Test Cases/Popup/PopupButonSecilir' successfully

2021-11-19 17:16:04 - [MESSAGE][INFO] - Checking called Test Case

2021-11-19 17:16:04 - [MESSAGE][INFO] - Starting to call Test Case 'Test Cases/Butonlar/ButonaTikla'

2021-11-19 17:16:04 - [TEST_CASE][PASSED] - Test Cases/Butonlar/ButonaTikla: Test Cases/Butonlar/ButonaTikla

2021-11-19 17:16:04 - [TEST_STEP][PASSED] - Method.TextDegerineEsitElementeTiklaEquals(findTestObject("Butonlar/Butonlar"), Buton_Adi): Method.TextDegerineEsitElementeTiklaEquals is PASSED

2021-11-19 17:16:04 - [MESSAGE][INFO] - Finding Test Object 'Object Repository/Butonlar/Butonlar'

2021-11-19 17:16:04 - [MESSAGE][INFO] - Checking timeout

2021-11-19 17:16:04 - [MESSAGE][INFO] - Finding web element with id: 'Object Repository/Butonlar/Butonlar' located by 'By.cssSelector: .panel.panel-default.text-center.footerPanel .btn,.btn.btn-primary.btnControls' in '10' second(s)

2021-11-19 17:16:04 - [MESSAGE][INFO] - Smart Wait Function is triggered

2021-11-19 17:16:05 - [MESSAGE][INFO] - Found 5 web elements with id: 'Object Repository/Butonlar/Butonlar' located by 'By.cssSelector: .panel.panel-default.text-center.footerPanel .btn,.btn.btn-primary.btnControls' in '10' second(s)

2021-11-19 17:16:05 - [MESSAGE][PASSED] - Method.TextDegerineEsitElementeTiklaEquals is PASSED

2021-11-19 17:16:05 - [MESSAGE][PASSED] - Call Test Case 'Test Cases/Butonlar/ButonaTikla' successfully

2021-11-19 17:16:05 - [MESSAGE][INFO] - Checking called Test Case

2021-11-19 17:16:05 - [MESSAGE][INFO] - Starting to call Test Case 'Test Cases/Butonlar/AltButonaTikla'

2021-11-19 17:16:05 - [TEST_CASE][PASSED] - Test Cases/Butonlar/AltButonaTikla: Test Cases/Butonlar/AltButonaTikla

2021-11-19 17:16:05 - [TEST_STEP][PASSED] - Method.TextDegerineEsitElementeTikla(findTestObject("Butonlar/AltButonlar"), Alt_Buton): Method.TextDegerineEsitElementeTikla is PASSED

2021-11-19 17:16:05 - [MESSAGE][INFO] - Finding Test Object 'Object Repository/Butonlar/AltButonlar'

2021-11-19 17:16:05 - [MESSAGE][INFO] - Checking timeout

2021-11-19 17:16:05 - [MESSAGE][INFO] - Finding web element with id: 'Object Repository/Butonlar/AltButonlar' located by 'By.cssSelector: .btn-group.open li>a' in '10' second(s)

2021-11-19 17:16:05 - [MESSAGE][INFO] - Smart Wait Function is triggered

2021-11-19 17:16:05 - [MESSAGE][INFO] - Found 2 web elements with id: 'Object Repository/Butonlar/AltButonlar' located by 'By.cssSelector: .btn-group.open li>a' in '10' second(s)

2021-11-19 17:16:05 - [MESSAGE][PASSED] - Method.TextDegerineEsitElementeTikla is PASSED

2021-11-19 17:16:05 - [MESSAGE][PASSED] - Call Test Case 'Test Cases/Butonlar/AltButonaTikla' successfully

2021-11-19 17:16:05 - [MESSAGE][INFO] - Checking called Test Case

2021-11-19 17:16:05 - [MESSAGE][INFO] - Starting to call Test Case 'Test Cases/Popup/PopupMesajiIceriyorMu'

2021-11-19 17:16:05 - [TEST_CASE][PASSED] - Test Cases/Popup/PopupMesajiIceriyorMu: Test Cases/Popup/PopupMesajiIceriyorMu

2021-11-19 17:16:05 - [TEST_STEP][PASSED] - waitForElementVisible(findTestObject("Popup/Popup"), 10): Object 'Object Repository/Popup/Popup' is visible

2021-11-19 17:16:05 - [MESSAGE][INFO] - Finding Test Object 'Object Repository/Popup/Popup'

2021-11-19 17:16:06 - [MESSAGE][INFO] - Checking object

2021-11-19 17:16:06 - [MESSAGE][INFO] - Checking timeout

2021-11-19 17:16:06 - [MESSAGE][INFO] - Finding web element from Test Object's properties

2021-11-19 17:16:06 - [MESSAGE][INFO] - Checking timeout

2021-11-19 17:16:06 - [MESSAGE][INFO] - Finding web element with id: 'Object Repository/Popup/Popup' located by 'By.cssSelector: .bootbox-body' in '10' second(s)

2021-11-19 17:16:06 - [MESSAGE][INFO] - Smart Wait Function is triggered

2021-11-19 17:16:06 - [MESSAGE][INFO] - Found 1 web elements with id: 'Object Repository/Popup/Popup' located by 'By.cssSelector: .bootbox-body' in '10' second(s)

2021-11-19 17:16:06 - [MESSAGE][PASSED] - Object 'Object Repository/Popup/Popup' is visible

2021-11-19 17:16:06 - [TEST_STEP][PASSED] - if (!(getText(findTestObject("Popup/Popup")).contains(Mesaj))): Text of object 'Object Repository/Popup/Popup' is: 'Lütfen rapor bildiriminin gönderileceği e-posta adresini belirtiniz.
e-Posta Adresi'

2021-11-19 17:16:06 - [MESSAGE][INFO] - Finding Test Object 'Object Repository/Popup/Popup'

2021-11-19 17:16:06 - [MESSAGE][INFO] - Checking object

2021-11-19 17:16:06 - [MESSAGE][INFO] - Finding web element from Test Object's properties

2021-11-19 17:16:06 - [MESSAGE][INFO] - Checking timeout

2021-11-19 17:16:06 - [MESSAGE][INFO] - Finding web element with id: 'Object Repository/Popup/Popup' located by 'By.cssSelector: .bootbox-body' in '30' second(s)

2021-11-19 17:16:06 - [MESSAGE][INFO] - Smart Wait Function is triggered

2021-11-19 17:16:06 - [MESSAGE][INFO] - Found 1 web elements with id: 'Object Repository/Popup/Popup' located by 'By.cssSelector: .bootbox-body' in '30' second(s)

2021-11-19 17:16:06 - [MESSAGE][INFO] - Getting text of object 'Object Repository/Popup/Popup'

2021-11-19 17:16:06 - [MESSAGE][PASSED] - Text of object 'Object Repository/Popup/Popup' is: 'Lütfen rapor bildiriminin gönderileceği e-posta adresini belirtiniz.
e-Posta Adresi'

2021-11-19 17:16:06 - [TEST_STEP][PASSED] - RaporNo = getText(findTestObject("Popup/Popup")).substring(0, 6): Text of object 'Object Repository/Popup/Popup' is: 'Lütfen rapor bildiriminin gönderileceği e-posta adresini belirtiniz.
e-Posta Adresi'

2021-11-19 17:16:06 - [MESSAGE][INFO] - Finding Test Object 'Object Repository/Popup/Popup'

2021-11-19 17:16:06 - [MESSAGE][INFO] - Checking object

2021-11-19 17:16:06 - [MESSAGE][INFO] - Finding web element from Test Object's properties

2021-11-19 17:16:06 - [MESSAGE][INFO] - Checking timeout

2021-11-19 17:16:06 - [MESSAGE][INFO] - Finding web element with id: 'Object Repository/Popup/Popup' located by 'By.cssSelector: .bootbox-body' in '30' second(s)

2021-11-19 17:16:06 - [MESSAGE][INFO] - Smart Wait Function is triggered

2021-11-19 17:16:07 - [MESSAGE][INFO] - Found 1 web elements with id: 'Object Repository/Popup/Popup' located by 'By.cssSelector: .bootbox-body' in '30' second(s)

2021-11-19 17:16:07 - [MESSAGE][INFO] - Getting text of object 'Object Repository/Popup/Popup'

2021-11-19 17:16:07 - [MESSAGE][PASSED] - Text of object 'Object Repository/Popup/Popup' is: 'Lütfen rapor bildiriminin gönderileceği e-posta adresini belirtiniz.
e-Posta Adresi'

2021-11-19 17:16:07 - [TEST_STEP][PASSED] - Console.println(RaporNo): null

2021-11-19 17:16:07 - [MESSAGE][PASSED] - Call Test Case 'Test Cases/Popup/PopupMesajiIceriyorMu' successfully

2021-11-19 17:16:07 - [MESSAGE][INFO] - Checking called Test Case

2021-11-19 17:16:07 - [MESSAGE][INFO] - Starting to call Test Case 'Test Cases/Popup/PopupaEmailEklenir'

2021-11-19 17:16:07 - [TEST_CASE][PASSED] - Test Cases/Popup/PopupaEmailEklenir: Test Cases/Popup/PopupaEmailEklenir

2021-11-19 17:16:07 - [TEST_STEP][PASSED] - clearText(findTestObject("Popup/EmailText")): Text of object 'Object Repository/Popup/EmailText' is cleared

2021-11-19 17:16:07 - [MESSAGE][INFO] - Finding Test Object 'Object Repository/Popup/EmailText'

2021-11-19 17:16:07 - [MESSAGE][INFO] - Checking object

2021-11-19 17:16:07 - [MESSAGE][INFO] - Finding web element from Test Object's properties

2021-11-19 17:16:07 - [MESSAGE][INFO] - Checking timeout

2021-11-19 17:16:07 - [MESSAGE][INFO] - Finding web element with id: 'Object Repository/Popup/EmailText' located by 'By.xpath: //*[@id="eMails"]' in '30' second(s)

2021-11-19 17:16:07 - [MESSAGE][INFO] - Smart Wait Function is triggered

2021-11-19 17:16:07 - [MESSAGE][INFO] - Found 1 web elements with id: 'Object Repository/Popup/EmailText' located by 'By.xpath: //*[@id="eMails"]' in '30' second(s)

2021-11-19 17:16:07 - [MESSAGE][INFO] - Clearing text of object 'Object Repository/Popup/EmailText'

2021-11-19 17:16:07 - [MESSAGE][PASSED] - Text of object 'Object Repository/Popup/EmailText' is cleared

2021-11-19 17:16:07 - [TEST_STEP][PASSED] - sendKeys(findTestObject("Popup/EmailText"), Email): Keys 'elogotest@gmail.com;ali.kara@logo.com.tr' sent to object: 'Object Repository/Popup/EmailText'

2021-11-19 17:16:07 - [MESSAGE][INFO] - Finding Test Object 'Object Repository/Popup/EmailText'

2021-11-19 17:16:07 - [MESSAGE][INFO] - Sending keys 'elogotest@gmail.com;ali.kara@logo.com.tr' to object: 'Object Repository/Popup/EmailText'

2021-11-19 17:16:07 - [MESSAGE][INFO] - Finding web element from Test Object's properties

2021-11-19 17:16:07 - [MESSAGE][INFO] - Checking timeout

2021-11-19 17:16:07 - [MESSAGE][INFO] - Finding web element with id: 'Object Repository/Popup/EmailText' located by 'By.xpath: //*[@id="eMails"]' in '30' second(s)

2021-11-19 17:16:07 - [MESSAGE][INFO] - Smart Wait Function is triggered

2021-11-19 17:16:08 - [MESSAGE][INFO] - Found 1 web elements with id: 'Object Repository/Popup/EmailText' located by 'By.xpath: //*[@id="eMails"]' in '30' second(s)

2021-11-19 17:16:08 - [MESSAGE][PASSED] - Keys 'elogotest@gmail.com;ali.kara@logo.com.tr' sent to object: 'Object Repository/Popup/EmailText'

2021-11-19 17:16:08 - [MESSAGE][PASSED] - Call Test Case 'Test Cases/Popup/PopupaEmailEklenir' successfully

2021-11-19 17:16:08 - [MESSAGE][INFO] - Checking called Test Case

2021-11-19 17:16:08 - [MESSAGE][INFO] - Starting to call Test Case 'Test Cases/Popup/PopupButonSecilir'

2021-11-19 17:16:08 - [TEST_CASE][PASSED] - Test Cases/Popup/PopupButonSecilir: Test Cases/Popup/PopupButonSecilir

2021-11-19 17:16:08 - [TEST_STEP][PASSED] - Method.TextDegerineEsitElementeTikla(findTestObject("Popup/Popup_Butons"), Buton): Method.TextDegerineEsitElementeTikla is PASSED

2021-11-19 17:16:08 - [MESSAGE][INFO] - Finding Test Object 'Object Repository/Popup/Popup_Butons'

2021-11-19 17:16:08 - [MESSAGE][INFO] - Checking timeout

2021-11-19 17:16:08 - [MESSAGE][INFO] - Finding web element with id: 'Object Repository/Popup/Popup_Butons' located by 'By.cssSelector: .modal-footer>button' in '10' second(s)

2021-11-19 17:16:08 - [MESSAGE][INFO] - Smart Wait Function is triggered

2021-11-19 17:16:08 - [MESSAGE][INFO] - Found 2 web elements with id: 'Object Repository/Popup/Popup_Butons' located by 'By.cssSelector: .modal-footer>button' in '10' second(s)

2021-11-19 17:16:08 - [MESSAGE][PASSED] - Method.TextDegerineEsitElementeTikla is PASSED

2021-11-19 17:16:08 - [MESSAGE][PASSED] - Call Test Case 'Test Cases/Popup/PopupButonSecilir' successfully

2021-11-19 17:16:08 - [MESSAGE][INFO] - Checking called Test Case

2021-11-19 17:16:08 - [MESSAGE][INFO] - Starting to call Test Case 'Test Cases/Popup/PopupMesajiIceriyorMu'

2021-11-19 17:16:08 - [TEST_CASE][PASSED] - Test Cases/Popup/PopupMesajiIceriyorMu: Test Cases/Popup/PopupMesajiIceriyorMu

2021-11-19 17:16:08 - [TEST_STEP][PASSED] - waitForElementVisible(findTestObject("Popup/Popup"), 10): Object 'Object Repository/Popup/Popup' is visible

2021-11-19 17:16:08 - [MESSAGE][INFO] - Finding Test Object 'Object Repository/Popup/Popup'

2021-11-19 17:16:09 - [MESSAGE][INFO] - Checking object

2021-11-19 17:16:09 - [MESSAGE][INFO] - Checking timeout

2021-11-19 17:16:09 - [MESSAGE][INFO] - Finding web element from Test Object's properties

2021-11-19 17:16:09 - [MESSAGE][INFO] - Checking timeout

2021-11-19 17:16:09 - [MESSAGE][INFO] - Finding web element with id: 'Object Repository/Popup/Popup' located by 'By.cssSelector: .bootbox-body' in '10' second(s)

2021-11-19 17:16:09 - [MESSAGE][INFO] - Smart Wait Function is triggered

2021-11-19 17:16:09 - [MESSAGE][INFO] - Found 1 web elements with id: 'Object Repository/Popup/Popup' located by 'By.cssSelector: .bootbox-body' in '10' second(s)

2021-11-19 17:16:09 - [MESSAGE][PASSED] - Object 'Object Repository/Popup/Popup' is visible

2021-11-19 17:16:09 - [TEST_STEP][PASSED] - if (!(getText(findTestObject("Popup/Popup")).contains(Mesaj))): Text of object 'Object Repository/Popup/Popup' is: '17471 no’lu talebiniz işleme alınmıştır. Raporunuz hazırlandığında (elogotest@gmail.com;ali.kara@logo.com.tr) adresinize mail gönderilecektir.
Rapor durumunuzu Raporlar > Toplu Veri İndirme ekranından takip edebilir, hazırlandı durumundaki raporlarınızı ilgili menüden indirebilirsiniz.'

2021-11-19 17:16:09 - [MESSAGE][INFO] - Finding Test Object 'Object Repository/Popup/Popup'

2021-11-19 17:16:09 - [MESSAGE][INFO] - Checking object

2021-11-19 17:16:09 - [MESSAGE][INFO] - Finding web element from Test Object's properties

2021-11-19 17:16:09 - [MESSAGE][INFO] - Checking timeout

2021-11-19 17:16:09 - [MESSAGE][INFO] - Finding web element with id: 'Object Repository/Popup/Popup' located by 'By.cssSelector: .bootbox-body' in '30' second(s)

2021-11-19 17:16:09 - [MESSAGE][INFO] - Smart Wait Function is triggered

2021-11-19 17:16:10 - [MESSAGE][INFO] - Found 1 web elements with id: 'Object Repository/Popup/Popup' located by 'By.cssSelector: .bootbox-body' in '30' second(s)

2021-11-19 17:16:10 - [MESSAGE][INFO] - Getting text of object 'Object Repository/Popup/Popup'

2021-11-19 17:16:10 - [MESSAGE][PASSED] - Text of object 'Object Repository/Popup/Popup' is: '17471 no’lu talebiniz işleme alınmıştır. Raporunuz hazırlandığında (elogotest@gmail.com;ali.kara@logo.com.tr) adresinize mail gönderilecektir.
Rapor durumunuzu Raporlar > Toplu Veri İndirme ekranından takip edebilir, hazırlandı durumundaki raporlarınızı ilgili menüden indirebilirsiniz.'

2021-11-19 17:16:10 - [TEST_STEP][PASSED] - RaporNo = getText(findTestObject("Popup/Popup")).substring(0, 6): Text of object 'Object Repository/Popup/Popup' is: '17471 no’lu talebiniz işleme alınmıştır. Raporunuz hazırlandığında (elogotest@gmail.com;ali.kara@logo.com.tr) adresinize mail gönderilecektir.
Rapor durumunuzu Raporlar > Toplu Veri İndirme ekranından takip edebilir, hazırlandı durumundaki raporlarınızı ilgili menüden indirebilirsiniz.'

2021-11-19 17:16:10 - [MESSAGE][INFO] - Finding Test Object 'Object Repository/Popup/Popup'

2021-11-19 17:16:10 - [MESSAGE][INFO] - Checking object

2021-11-19 17:16:10 - [MESSAGE][INFO] - Finding web element from Test Object's properties

2021-11-19 17:16:10 - [MESSAGE][INFO] - Checking timeout

2021-11-19 17:16:10 - [MESSAGE][INFO] - Finding web element with id: 'Object Repository/Popup/Popup' located by 'By.cssSelector: .bootbox-body' in '30' second(s)

2021-11-19 17:16:10 - [MESSAGE][INFO] - Smart Wait Function is triggered

2021-11-19 17:16:10 - [MESSAGE][INFO] - Found 1 web elements with id: 'Object Repository/Popup/Popup' located by 'By.cssSelector: .bootbox-body' in '30' second(s)

2021-11-19 17:16:10 - [MESSAGE][INFO] - Getting text of object 'Object Repository/Popup/Popup'

2021-11-19 17:16:10 - [MESSAGE][PASSED] - Text of object 'Object Repository/Popup/Popup' is: '17471 no’lu talebiniz işleme alınmıştır. Raporunuz hazırlandığında (elogotest@gmail.com;ali.kara@logo.com.tr) adresinize mail gönderilecektir.
Rapor durumunuzu Raporlar > Toplu Veri İndirme ekranından takip edebilir, hazırlandı durumundaki raporlarınızı ilgili menüden indirebilirsiniz.'

2021-11-19 17:16:10 - [TEST_STEP][PASSED] - Console.println(RaporNo): null

2021-11-19 17:16:10 - [MESSAGE][PASSED] - Call Test Case 'Test Cases/Popup/PopupMesajiIceriyorMu' successfully

2021-11-19 17:16:10 - [MESSAGE][INFO] - Checking called Test Case

2021-11-19 17:16:10 - [MESSAGE][INFO] - Starting to call Test Case 'Test Cases/Popup/PopupButonSecilir'

2021-11-19 17:16:10 - [TEST_CASE][PASSED] - Test Cases/Popup/PopupButonSecilir: Test Cases/Popup/PopupButonSecilir

2021-11-19 17:16:10 - [TEST_STEP][PASSED] - Method.TextDegerineEsitElementeTikla(findTestObject("Popup/Popup_Butons"), Buton): Method.TextDegerineEsitElementeTikla is PASSED

2021-11-19 17:16:10 - [MESSAGE][INFO] - Finding Test Object 'Object Repository/Popup/Popup_Butons'

2021-11-19 17:16:10 - [MESSAGE][INFO] - Checking timeout

2021-11-19 17:16:10 - [MESSAGE][INFO] - Finding web element with id: 'Object Repository/Popup/Popup_Butons' located by 'By.cssSelector: .modal-footer>button' in '10' second(s)

2021-11-19 17:16:10 - [MESSAGE][INFO] - Smart Wait Function is triggered

2021-11-19 17:16:11 - [MESSAGE][INFO] - Found 1 web elements with id: 'Object Repository/Popup/Popup_Butons' located by 'By.cssSelector: .modal-footer>button' in '10' second(s)

2021-11-19 17:16:11 - [MESSAGE][PASSED] - Method.TextDegerineEsitElementeTikla is PASSED

2021-11-19 17:16:11 - [MESSAGE][PASSED] - Call Test Case 'Test Cases/Popup/PopupButonSecilir' successfully

2021-11-19 17:16:11 - [MESSAGE][INFO] - Checking called Test Case

2021-11-19 17:16:11 - [MESSAGE][INFO] - Starting to call Test Case 'Test Cases/Filtreler/DropdownSec'

2021-11-19 17:16:11 - [TEST_CASE][PASSED] - Test Cases/Filtreler/DropdownSec: Test Cases/Filtreler/DropdownSec

2021-11-19 17:16:11 - [TEST_STEP][PASSED] - Method.TextDegerineEsitElementinAltindakineTikla(findTestObject("Filtreler/Basliklar"), findTestObject("Filtreler/Basliga_Gore_Baslangic_Image"), Filtre_Adi): Method.TextDegerineEsitElementinAltindakineTikla is PASSED

2021-11-19 17:16:11 - [MESSAGE][INFO] - Finding Test Object 'Object Repository/Filtreler/Basliklar'

2021-11-19 17:16:11 - [MESSAGE][INFO] - Finding Test Object 'Object Repository/Filtreler/Basliga_Gore_Baslangic_Image'

2021-11-19 17:16:11 - [MESSAGE][INFO] - Checking timeout

2021-11-19 17:16:11 - [MESSAGE][INFO] - Finding web element with id: 'Object Repository/Filtreler/Basliklar' located by 'By.cssSelector: .control-label.col-sm-4.paddingMarginRLC' in '10' second(s)

2021-11-19 17:16:11 - [MESSAGE][INFO] - Smart Wait Function is triggered

2021-11-19 17:16:11 - [MESSAGE][INFO] - Found 8 web elements with id: 'Object Repository/Filtreler/Basliklar' located by 'By.cssSelector: .control-label.col-sm-4.paddingMarginRLC' in '10' second(s)

2021-11-19 17:16:12 - [MESSAGE][INFO] - Smart Wait Function is triggered

2021-11-19 17:16:12 - [MESSAGE][PASSED] - Method.TextDegerineEsitElementinAltindakineTikla is PASSED

2021-11-19 17:16:12 - [TEST_STEP][PASSED] - Method.TextDegerineEsitElementeTikla(findTestObject("Object Repository/Filtreler/Basliga_Gore_Dropdown"), Filtre_Degeri): Method.TextDegerineEsitElementeTikla is PASSED

2021-11-19 17:16:12 - [MESSAGE][INFO] - Finding Test Object 'Object Repository/Filtreler/Basliga_Gore_Dropdown'

2021-11-19 17:16:12 - [MESSAGE][INFO] - Checking timeout

2021-11-19 17:16:12 - [MESSAGE][INFO] - Finding web element with id: 'Object Repository/Filtreler/Basliga_Gore_Dropdown' located by 'By.xpath: //*[@class = 'dxeListBoxItemRow_LECustomTheme']' in '10' second(s)

2021-11-19 17:16:12 - [MESSAGE][INFO] - Smart Wait Function is triggered

2021-11-19 17:16:12 - [MESSAGE][INFO] - Found 10 web elements with id: 'Object Repository/Filtreler/Basliga_Gore_Dropdown' located by 'By.xpath: //*[@class = 'dxeListBoxItemRow_LECustomTheme']' in '10' second(s)

2021-11-19 17:16:13 - [MESSAGE][PASSED] - Method.TextDegerineEsitElementeTikla is PASSED

2021-11-19 17:16:13 - [MESSAGE][PASSED] - Call Test Case 'Test Cases/Filtreler/DropdownSec' successfully

2021-11-19 17:16:13 - [MESSAGE][INFO] - Checking called Test Case

2021-11-19 17:16:13 - [MESSAGE][INFO] - Starting to call Test Case 'Test Cases/Filtreler/ButonaTikla'

2021-11-19 17:16:13 - [TEST_CASE][PASSED] - Test Cases/Filtreler/ButonaTikla: Test Cases/Filtreler/ButonaTikla

2021-11-19 17:16:13 - [TEST_STEP][PASSED] - Method.TextDegerineEsitElementeTikla(findTestObject("Filtreler/Butonlar"), Filtre_Buton): Method.TextDegerineEsitElementeTikla is PASSED

2021-11-19 17:16:13 - [MESSAGE][INFO] - Finding Test Object 'Object Repository/Filtreler/Butonlar'

2021-11-19 17:16:13 - [MESSAGE][INFO] - Checking timeout

2021-11-19 17:16:13 - [MESSAGE][INFO] - Finding web element with id: 'Object Repository/Filtreler/Butonlar' located by 'By.cssSelector: .dxb>span' in '10' second(s)

2021-11-19 17:16:13 - [MESSAGE][INFO] - Smart Wait Function is triggered

2021-11-19 17:16:13 - [MESSAGE][INFO] - Found 3 web elements with id: 'Object Repository/Filtreler/Butonlar' located by 'By.cssSelector: .dxb>span' in '10' second(s)

2021-11-19 17:16:13 - [MESSAGE][PASSED] - Method.TextDegerineEsitElementeTikla is PASSED

2021-11-19 17:16:13 - [MESSAGE][PASSED] - Call Test Case 'Test Cases/Filtreler/ButonaTikla' successfully

2021-11-19 17:16:13 - [MESSAGE][INFO] - Checking called Test Case

2021-11-19 17:16:13 - [MESSAGE][INFO] - Starting to call Test Case 'Test Cases/Tablo/TablonunButonunaTikla'

2021-11-19 17:16:13 - [TEST_CASE][PASSED] - Test Cases/Tablo/TablonunButonunaTikla: Test Cases/Tablo/TablonunButonunaTikla

2021-11-19 17:16:13 - [TEST_STEP][PASSED] - Method.TextDegerineEsitElementinAltindakiTextDegerineEsitOlanaTikla(findTestObject("Tablo/Veriler"), findTestObject("Tablo/VerininButonu"), Veri, Buton_Adi): Method.TextDegerineEsitElementinAltindakiTextDegerineEsitOlanaTikla is PASSED

2021-11-19 17:16:13 - [MESSAGE][INFO] - Finding Test Object 'Object Repository/Tablo/Veriler'

2021-11-19 17:16:13 - [MESSAGE][INFO] - Finding Test Object 'Object Repository/Tablo/VerininButonu'

2021-11-19 17:16:13 - [MESSAGE][INFO] - Checking timeout

2021-11-19 17:16:13 - [MESSAGE][INFO] - Finding web element with id: 'Object Repository/Tablo/Veriler' located by 'By.cssSelector: td.dxgv b ,td.dxgv' in '10' second(s)

2021-11-19 17:16:13 - [MESSAGE][INFO] - Smart Wait Function is triggered

2021-11-19 17:16:14 - [MESSAGE][INFO] - Found 44 web elements with id: 'Object Repository/Tablo/Veriler' located by 'By.cssSelector: td.dxgv b ,td.dxgv' in '10' second(s)

2021-11-19 17:16:14 - [MESSAGE][INFO] - Smart Wait Function is triggered

2021-11-19 17:16:14 - [MESSAGE][PASSED] - Method.TextDegerineEsitElementinAltindakiTextDegerineEsitOlanaTikla is PASSED

2021-11-19 17:16:14 - [MESSAGE][PASSED] - Call Test Case 'Test Cases/Tablo/TablonunButonunaTikla' successfully

2021-11-19 17:16:14 - [MESSAGE][INFO] - Checking called Test Case

2021-11-19 17:16:14 - [MESSAGE][INFO] - Starting to call Test Case 'Test Cases/Sekmeler/YeniSekmeyeGec'

2021-11-19 17:16:14 - [TEST_CASE][PASSED] - Test Cases/Sekmeler/YeniSekmeyeGec: Test Cases/Sekmeler/YeniSekmeyeGec

2021-11-19 17:16:14 - [TEST_STEP][PASSED] - switchToWindowIndex(1): Switched to window with index: '1'

2021-11-19 17:16:14 - [MESSAGE][INFO] - Checking index

2021-11-19 17:16:14 - [MESSAGE][INFO] - Switching window with index: '1'

2021-11-19 17:16:14 - [MESSAGE][PASSED] - Switched to window with index: '1'

2021-11-19 17:16:14 - [MESSAGE][PASSED] - Call Test Case 'Test Cases/Sekmeler/YeniSekmeyeGec' successfully

2021-11-19 17:16:14 - [MESSAGE][INFO] - Checking called Test Case

2021-11-19 17:16:14 - [MESSAGE][INFO] - Starting to call Test Case 'Test Cases/Tablo/TablodaVeriVarMi'

2021-11-19 17:16:14 - [TEST_CASE][PASSED] - Test Cases/Tablo/TablodaVeriVarMi: Test Cases/Tablo/TablodaVeriVarMi

2021-11-19 17:16:14 - [TEST_STEP][PASSED] - verifyTextNotPresent("Görüntülenecek veri yok", true): Text 'Görüntülenecek veri yok' is not present on page using regular expression

2021-11-19 17:16:14 - [MESSAGE][INFO] - Checking text present  using regular expression

2021-11-19 17:16:14 - [MESSAGE][INFO] - Smart Wait Function is triggered

2021-11-19 17:16:16 - [MESSAGE][INFO] - Finding text 'Görüntülenecek veri yok' on page  using regular expression

2021-11-19 17:16:16 - [MESSAGE][PASSED] - Text 'Görüntülenecek veri yok' is not present on page using regular expression

2021-11-19 17:16:16 - [MESSAGE][PASSED] - Call Test Case 'Test Cases/Tablo/TablodaVeriVarMi' successfully

2021-11-19 17:16:16 - [MESSAGE][INFO] - Checking called Test Case

2021-11-19 17:16:16 - [MESSAGE][INFO] - Starting to call Test Case 'Test Cases/Sekmeler/Ana_Sekmeye_Gec'

2021-11-19 17:16:16 - [TEST_CASE][PASSED] - Test Cases/Sekmeler/Ana_Sekmeye_Gec: Test Cases/Sekmeler/Ana_Sekmeye_Gec

2021-11-19 17:16:16 - [TEST_STEP][PASSED] - try: Window with index 1 is closed

2021-11-19 17:16:16 - [TEST_STEP][PASSED] - index = getWindowIndex(): Current window's index is: 1

2021-11-19 17:16:16 - [MESSAGE][INFO] - Getting current window's index

2021-11-19 17:16:16 - [MESSAGE][PASSED] - Current window's index is: 1

2021-11-19 17:16:16 - [TEST_STEP][PASSED] - closeWindowIndex(index): Window with index 1 is closed

2021-11-19 17:16:16 - [MESSAGE][INFO] - Checking index

2021-11-19 17:16:16 - [MESSAGE][INFO] - Closing window with index 1

2021-11-19 17:16:16 - [MESSAGE][PASSED] - Window with index 1 is closed

2021-11-19 17:16:16 - [TEST_STEP][PASSED] - switchToWindowIndex(0): Switched to window with index: '0'

2021-11-19 17:16:16 - [MESSAGE][INFO] - Checking index

2021-11-19 17:16:16 - [MESSAGE][INFO] - Switching window with index: '0'

2021-11-19 17:16:16 - [MESSAGE][PASSED] - Switched to window with index: '0'

2021-11-19 17:16:16 - [MESSAGE][PASSED] - Call Test Case 'Test Cases/Sekmeler/Ana_Sekmeye_Gec' successfully

2021-11-19 17:16:16 - [MESSAGE][INFO] - Checking called Test Case

2021-11-19 17:16:16 - [MESSAGE][INFO] - Starting to call Test Case 'Test Cases/Tablo/TablodaVeriVarMi'

2021-11-19 17:16:16 - [TEST_CASE][PASSED] - Test Cases/Tablo/TablodaVeriVarMi: Test Cases/Tablo/TablodaVeriVarMi

2021-11-19 17:16:16 - [TEST_STEP][PASSED] - verifyTextNotPresent("Görüntülenecek veri yok", true): Text 'Görüntülenecek veri yok' is not present on page using regular expression

2021-11-19 17:16:16 - [MESSAGE][INFO] - Checking text present  using regular expression

2021-11-19 17:16:16 - [MESSAGE][INFO] - Smart Wait Function is triggered

2021-11-19 17:16:17 - [MESSAGE][INFO] - Finding text 'Görüntülenecek veri yok' on page  using regular expression

2021-11-19 17:16:17 - [MESSAGE][PASSED] - Text 'Görüntülenecek veri yok' is not present on page using regular expression

2021-11-19 17:16:17 - [MESSAGE][PASSED] - Call Test Case 'Test Cases/Tablo/TablodaVeriVarMi' successfully

2021-11-19 17:16:17 - [MESSAGE][INFO] - Checking called Test Case

2021-11-19 17:16:17 - [MESSAGE][INFO] - Starting to call Test Case 'Test Cases/Tablo/TablodanVeriSec'

2021-11-19 17:16:17 - [TEST_CASE][PASSED] - Test Cases/Tablo/TablodanVeriSec: Test Cases/Tablo/TablodanVeriSec

2021-11-19 17:16:17 - [TEST_STEP][PASSED] - Method.TextDegerineEsitElementinAltindakineTikla(findTestObject("Tablo/Veriler"), findTestObject("Tablo/VerininCheckBoxi"), Veri_Adi): Method.TextDegerineEsitElementinAltindakineTikla is PASSED

2021-11-19 17:16:17 - [MESSAGE][INFO] - Finding Test Object 'Object Repository/Tablo/Veriler'

2021-11-19 17:16:17 - [MESSAGE][INFO] - Finding Test Object 'Object Repository/Tablo/VerininCheckBoxi'

2021-11-19 17:16:17 - [MESSAGE][INFO] - Checking timeout

2021-11-19 17:16:17 - [MESSAGE][INFO] - Finding web element with id: 'Object Repository/Tablo/Veriler' located by 'By.cssSelector: td.dxgv b ,td.dxgv' in '10' second(s)

2021-11-19 17:16:17 - [MESSAGE][INFO] - Smart Wait Function is triggered

2021-11-19 17:16:17 - [MESSAGE][INFO] - Found 44 web elements with id: 'Object Repository/Tablo/Veriler' located by 'By.cssSelector: td.dxgv b ,td.dxgv' in '10' second(s)

2021-11-19 17:16:17 - [MESSAGE][INFO] - Smart Wait Function is triggered

2021-11-19 17:16:17 - [MESSAGE][PASSED] - Method.TextDegerineEsitElementinAltindakineTikla is PASSED

2021-11-19 17:16:17 - [MESSAGE][PASSED] - Call Test Case 'Test Cases/Tablo/TablodanVeriSec' successfully

2021-11-19 17:16:17 - [MESSAGE][INFO] - Checking called Test Case

2021-11-19 17:16:17 - [MESSAGE][INFO] - Starting to call Test Case 'Test Cases/Butonlar/ButonaTikla'

2021-11-19 17:16:18 - [TEST_CASE][PASSED] - Test Cases/Butonlar/ButonaTikla: Test Cases/Butonlar/ButonaTikla

2021-11-19 17:16:18 - [TEST_STEP][PASSED] - Method.TextDegerineEsitElementeTiklaEquals(findTestObject("Butonlar/Butonlar"), Buton_Adi): Method.TextDegerineEsitElementeTiklaEquals is PASSED

2021-11-19 17:16:18 - [MESSAGE][INFO] - Finding Test Object 'Object Repository/Butonlar/Butonlar'

2021-11-19 17:16:18 - [MESSAGE][INFO] - Checking timeout

2021-11-19 17:16:18 - [MESSAGE][INFO] - Finding web element with id: 'Object Repository/Butonlar/Butonlar' located by 'By.cssSelector: .panel.panel-default.text-center.footerPanel .btn,.btn.btn-primary.btnControls' in '10' second(s)

2021-11-19 17:16:18 - [MESSAGE][INFO] - Smart Wait Function is triggered

2021-11-19 17:16:18 - [MESSAGE][INFO] - Found 5 web elements with id: 'Object Repository/Butonlar/Butonlar' located by 'By.cssSelector: .panel.panel-default.text-center.footerPanel .btn,.btn.btn-primary.btnControls' in '10' second(s)

2021-11-19 17:16:18 - [MESSAGE][PASSED] - Method.TextDegerineEsitElementeTiklaEquals is PASSED

2021-11-19 17:16:18 - [MESSAGE][PASSED] - Call Test Case 'Test Cases/Butonlar/ButonaTikla' successfully

2021-11-19 17:16:18 - [MESSAGE][INFO] - Checking called Test Case

2021-11-19 17:16:18 - [MESSAGE][INFO] - Starting to call Test Case 'Test Cases/Sekmeler/YeniSekmeyeGec'

2021-11-19 17:16:18 - [TEST_CASE][PASSED] - Test Cases/Sekmeler/YeniSekmeyeGec: Test Cases/Sekmeler/YeniSekmeyeGec

2021-11-19 17:16:18 - [TEST_STEP][PASSED] - switchToWindowIndex(1): Switched to window with index: '1'

2021-11-19 17:16:18 - [MESSAGE][INFO] - Checking index

2021-11-19 17:16:18 - [MESSAGE][INFO] - Switching window with index: '1'

2021-11-19 17:16:18 - [MESSAGE][PASSED] - Switched to window with index: '1'

2021-11-19 17:16:18 - [MESSAGE][PASSED] - Call Test Case 'Test Cases/Sekmeler/YeniSekmeyeGec' successfully

2021-11-19 17:16:18 - [MESSAGE][INFO] - Checking called Test Case

2021-11-19 17:16:18 - [MESSAGE][INFO] - Starting to call Test Case 'Test Cases/Sekmeler/TagGeldiMi'

2021-11-19 17:16:18 - [TEST_CASE][PASSED] - Test Cases/Sekmeler/TagGeldiMi: Test Cases/Sekmeler/TagGeldiMi

2021-11-19 17:16:18 - [TEST_STEP][PASSED] - waitForElementPresent(findTestObject("Object Repository/Sekmeler/UBLTag"), 10): Object 'Object Repository/Sekmeler/UBLTag' is present

2021-11-19 17:16:18 - [MESSAGE][INFO] - Finding Test Object 'Object Repository/Sekmeler/UBLTag'

2021-11-19 17:16:18 - [MESSAGE][INFO] - Checking object

2021-11-19 17:16:18 - [MESSAGE][INFO] - Finding web element from Test Object's properties

2021-11-19 17:16:18 - [MESSAGE][INFO] - Checking timeout

2021-11-19 17:16:18 - [MESSAGE][INFO] - Finding web element with id: 'Object Repository/Sekmeler/UBLTag' located by 'By.cssSelector: #webkit-xml-viewer-source-xml>:first-child' in '10' second(s)

2021-11-19 17:16:18 - [MESSAGE][INFO] - Smart Wait Function is triggered

2021-11-19 17:16:19 - [MESSAGE][INFO] - Found 1 web elements with id: 'Object Repository/Sekmeler/UBLTag' located by 'By.cssSelector: #webkit-xml-viewer-source-xml>:first-child' in '10' second(s)

2021-11-19 17:16:19 - [MESSAGE][PASSED] - Object 'Object Repository/Sekmeler/UBLTag' is present

2021-11-19 17:16:19 - [TEST_STEP][PASSED] - println(toLowerCase().toString()): Found 1 web elements with id: 'Object Repository/Sekmeler/UBLTag' located by 'By.cssSelector: #webkit-xml-viewer-source-xml>:first-child' in '10' second(s)

2021-11-19 17:16:19 - [MESSAGE][INFO] - Finding Test Object 'Object Repository/Sekmeler/UBLTag'

2021-11-19 17:16:19 - [MESSAGE][INFO] - Finding web element from Test Object's properties

2021-11-19 17:16:19 - [MESSAGE][INFO] - Checking timeout

2021-11-19 17:16:19 - [MESSAGE][INFO] - Finding web element with id: 'Object Repository/Sekmeler/UBLTag' located by 'By.cssSelector: #webkit-xml-viewer-source-xml>:first-child' in '10' second(s)

2021-11-19 17:16:19 - [MESSAGE][INFO] - Smart Wait Function is triggered

2021-11-19 17:16:19 - [MESSAGE][INFO] - Found 1 web elements with id: 'Object Repository/Sekmeler/UBLTag' located by 'By.cssSelector: #webkit-xml-viewer-source-xml>:first-child' in '10' second(s)

2021-11-19 17:16:19 - [TEST_STEP][PASSED] - if (!(toString().contains(toString().toLowerCase()))): Found 1 web elements with id: 'Object Repository/Sekmeler/UBLTag' located by 'By.cssSelector: #webkit-xml-viewer-source-xml>:first-child' in '10' second(s)

2021-11-19 17:16:19 - [MESSAGE][INFO] - Finding Test Object 'Object Repository/Sekmeler/UBLTag'

2021-11-19 17:16:19 - [MESSAGE][INFO] - Finding web element from Test Object's properties

2021-11-19 17:16:19 - [MESSAGE][INFO] - Checking timeout

2021-11-19 17:16:19 - [MESSAGE][INFO] - Finding web element with id: 'Object Repository/Sekmeler/UBLTag' located by 'By.cssSelector: #webkit-xml-viewer-source-xml>:first-child' in '10' second(s)

2021-11-19 17:16:19 - [MESSAGE][INFO] - Smart Wait Function is triggered

2021-11-19 17:16:19 - [MESSAGE][INFO] - Found 1 web elements with id: 'Object Repository/Sekmeler/UBLTag' located by 'By.cssSelector: #webkit-xml-viewer-source-xml>:first-child' in '10' second(s)

2021-11-19 17:16:19 - [MESSAGE][PASSED] - Call Test Case 'Test Cases/Sekmeler/TagGeldiMi' successfully

2021-11-19 17:16:19 - [MESSAGE][INFO] - Checking called Test Case

2021-11-19 17:16:19 - [MESSAGE][INFO] - Starting to call Test Case 'Test Cases/Sekmeler/Ana_Sekmeye_Gec'

2021-11-19 17:16:19 - [TEST_CASE][PASSED] - Test Cases/Sekmeler/Ana_Sekmeye_Gec: Test Cases/Sekmeler/Ana_Sekmeye_Gec

2021-11-19 17:16:19 - [TEST_STEP][PASSED] - try: Window with index 1 is closed

2021-11-19 17:16:19 - [TEST_STEP][PASSED] - index = getWindowIndex(): Current window's index is: 1

2021-11-19 17:16:19 - [MESSAGE][INFO] - Getting current window's index

2021-11-19 17:16:19 - [MESSAGE][PASSED] - Current window's index is: 1

2021-11-19 17:16:19 - [TEST_STEP][PASSED] - closeWindowIndex(index): Window with index 1 is closed

2021-11-19 17:16:19 - [MESSAGE][INFO] - Checking index

2021-11-19 17:16:19 - [MESSAGE][INFO] - Closing window with index 1

2021-11-19 17:16:19 - [MESSAGE][PASSED] - Window with index 1 is closed

2021-11-19 17:16:19 - [TEST_STEP][PASSED] - switchToWindowIndex(0): Switched to window with index: '0'

2021-11-19 17:16:19 - [MESSAGE][INFO] - Checking index

2021-11-19 17:16:19 - [MESSAGE][INFO] - Switching window with index: '0'

2021-11-19 17:16:19 - [MESSAGE][PASSED] - Switched to window with index: '0'

2021-11-19 17:16:19 - [MESSAGE][PASSED] - Call Test Case 'Test Cases/Sekmeler/Ana_Sekmeye_Gec' successfully

2021-11-19 17:16:19 - [MESSAGE][INFO] - Checking called Test Case

2021-11-19 17:16:19 - [MESSAGE][INFO] - Starting to call Test Case 'Test Cases/Butonlar/ButonaTikla'

2021-11-19 17:16:19 - [TEST_CASE][PASSED] - Test Cases/Butonlar/ButonaTikla: Test Cases/Butonlar/ButonaTikla

2021-11-19 17:16:19 - [TEST_STEP][PASSED] - Method.TextDegerineEsitElementeTiklaEquals(findTestObject("Butonlar/Butonlar"), Buton_Adi): Method.TextDegerineEsitElementeTiklaEquals is PASSED

2021-11-19 17:16:19 - [MESSAGE][INFO] - Finding Test Object 'Object Repository/Butonlar/Butonlar'

2021-11-19 17:16:19 - [MESSAGE][INFO] - Checking timeout

2021-11-19 17:16:19 - [MESSAGE][INFO] - Finding web element with id: 'Object Repository/Butonlar/Butonlar' located by 'By.cssSelector: .panel.panel-default.text-center.footerPanel .btn,.btn.btn-primary.btnControls' in '10' second(s)

2021-11-19 17:16:19 - [MESSAGE][INFO] - Smart Wait Function is triggered

2021-11-19 17:16:20 - [MESSAGE][INFO] - Found 5 web elements with id: 'Object Repository/Butonlar/Butonlar' located by 'By.cssSelector: .panel.panel-default.text-center.footerPanel .btn,.btn.btn-primary.btnControls' in '10' second(s)

2021-11-19 17:16:20 - [MESSAGE][PASSED] - Method.TextDegerineEsitElementeTiklaEquals is PASSED

2021-11-19 17:16:20 - [MESSAGE][PASSED] - Call Test Case 'Test Cases/Butonlar/ButonaTikla' successfully

2021-11-19 17:16:20 - [MESSAGE][INFO] - Checking called Test Case

2021-11-19 17:16:20 - [MESSAGE][INFO] - Starting to call Test Case 'Test Cases/Butonlar/AltButonaTikla'

2021-11-19 17:16:20 - [TEST_CASE][PASSED] - Test Cases/Butonlar/AltButonaTikla: Test Cases/Butonlar/AltButonaTikla

2021-11-19 17:16:20 - [TEST_STEP][PASSED] - Method.TextDegerineEsitElementeTikla(findTestObject("Butonlar/AltButonlar"), Alt_Buton): Method.TextDegerineEsitElementeTikla is PASSED

2021-11-19 17:16:20 - [MESSAGE][INFO] - Finding Test Object 'Object Repository/Butonlar/AltButonlar'

2021-11-19 17:16:20 - [MESSAGE][INFO] - Checking timeout

2021-11-19 17:16:20 - [MESSAGE][INFO] - Finding web element with id: 'Object Repository/Butonlar/AltButonlar' located by 'By.cssSelector: .btn-group.open li>a' in '10' second(s)

2021-11-19 17:16:20 - [MESSAGE][INFO] - Smart Wait Function is triggered

2021-11-19 17:16:20 - [MESSAGE][INFO] - Found 1 web elements with id: 'Object Repository/Butonlar/AltButonlar' located by 'By.cssSelector: .btn-group.open li>a' in '10' second(s)

2021-11-19 17:16:20 - [MESSAGE][PASSED] - Method.TextDegerineEsitElementeTikla is PASSED

2021-11-19 17:16:20 - [MESSAGE][PASSED] - Call Test Case 'Test Cases/Butonlar/AltButonaTikla' successfully

2021-11-19 17:16:20 - [MESSAGE][INFO] - Checking called Test Case

2021-11-19 17:16:20 - [MESSAGE][INFO] - Starting to call Test Case 'Test Cases/Butonlar/DosyaIndirildiMi'

2021-11-19 17:16:20 - [TEST_CASE][PASSED] - Test Cases/Butonlar/DosyaIndirildiMi: Test Cases/Butonlar/DosyaIndirildiMi

2021-11-19 17:16:20 - [TEST_STEP][PASSED] - Method.isimliDosyaIndirildiMi(DownloadFile, FileName): Method.isimliDosyaIndirildiMi is PASSED

2021-11-19 17:16:20 - [MESSAGE][INFO] - Delaying browser in 3 second(s)

2021-11-19 17:16:23 - [MESSAGE][PASSED] - Delayed 3 second(s)

2021-11-19 17:16:23 - [MESSAGE][PASSED] - Method.isimliDosyaIndirildiMi is PASSED

2021-11-19 17:16:23 - [MESSAGE][PASSED] - Call Test Case 'Test Cases/Butonlar/DosyaIndirildiMi' successfully

2021-11-19 17:16:23 - [MESSAGE][INFO] - Checking called Test Case

2021-11-19 17:16:23 - [MESSAGE][INFO] - Starting to call Test Case 'Test Cases/Butonlar/ButonaTikla'

2021-11-19 17:16:23 - [TEST_CASE][PASSED] - Test Cases/Butonlar/ButonaTikla: Test Cases/Butonlar/ButonaTikla

2021-11-19 17:16:23 - [TEST_STEP][PASSED] - Method.TextDegerineEsitElementeTiklaEquals(findTestObject("Butonlar/Butonlar"), Buton_Adi): Method.TextDegerineEsitElementeTiklaEquals is PASSED

2021-11-19 17:16:23 - [MESSAGE][INFO] - Finding Test Object 'Object Repository/Butonlar/Butonlar'

2021-11-19 17:16:24 - [MESSAGE][INFO] - Checking timeout

2021-11-19 17:16:24 - [MESSAGE][INFO] - Finding web element with id: 'Object Repository/Butonlar/Butonlar' located by 'By.cssSelector: .panel.panel-default.text-center.footerPanel .btn,.btn.btn-primary.btnControls' in '10' second(s)

2021-11-19 17:16:24 - [MESSAGE][INFO] - Smart Wait Function is triggered

2021-11-19 17:16:24 - [MESSAGE][INFO] - Found 5 web elements with id: 'Object Repository/Butonlar/Butonlar' located by 'By.cssSelector: .panel.panel-default.text-center.footerPanel .btn,.btn.btn-primary.btnControls' in '10' second(s)

2021-11-19 17:16:24 - [MESSAGE][PASSED] - Method.TextDegerineEsitElementeTiklaEquals is PASSED

2021-11-19 17:16:24 - [MESSAGE][PASSED] - Call Test Case 'Test Cases/Butonlar/ButonaTikla' successfully

2021-11-19 17:16:24 - [MESSAGE][INFO] - Checking called Test Case

2021-11-19 17:16:24 - [MESSAGE][INFO] - Starting to call Test Case 'Test Cases/Butonlar/AltButonaTikla'

2021-11-19 17:16:24 - [TEST_CASE][PASSED] - Test Cases/Butonlar/AltButonaTikla: Test Cases/Butonlar/AltButonaTikla

2021-11-19 17:16:24 - [TEST_STEP][PASSED] - Method.TextDegerineEsitElementeTikla(findTestObject("Butonlar/AltButonlar"), Alt_Buton): Method.TextDegerineEsitElementeTikla is PASSED

2021-11-19 17:16:24 - [MESSAGE][INFO] - Finding Test Object 'Object Repository/Butonlar/AltButonlar'

2021-11-19 17:16:24 - [MESSAGE][INFO] - Checking timeout

2021-11-19 17:16:24 - [MESSAGE][INFO] - Finding web element with id: 'Object Repository/Butonlar/AltButonlar' located by 'By.cssSelector: .btn-group.open li>a' in '10' second(s)

2021-11-19 17:16:24 - [MESSAGE][INFO] - Smart Wait Function is triggered

2021-11-19 17:16:24 - [MESSAGE][INFO] - Found 2 web elements with id: 'Object Repository/Butonlar/AltButonlar' located by 'By.cssSelector: .btn-group.open li>a' in '10' second(s)

2021-11-19 17:16:24 - [MESSAGE][PASSED] - Method.TextDegerineEsitElementeTikla is PASSED

2021-11-19 17:16:24 - [MESSAGE][PASSED] - Call Test Case 'Test Cases/Butonlar/AltButonaTikla' successfully

2021-11-19 17:16:24 - [MESSAGE][INFO] - Checking called Test Case

2021-11-19 17:16:24 - [MESSAGE][INFO] - Starting to call Test Case 'Test Cases/Popup/PopupMesajiIceriyorMu'

2021-11-19 17:16:24 - [TEST_CASE][PASSED] - Test Cases/Popup/PopupMesajiIceriyorMu: Test Cases/Popup/PopupMesajiIceriyorMu

2021-11-19 17:16:25 - [TEST_STEP][PASSED] - waitForElementVisible(findTestObject("Popup/Popup"), 10): Object 'Object Repository/Popup/Popup' is visible

2021-11-19 17:16:25 - [MESSAGE][INFO] - Finding Test Object 'Object Repository/Popup/Popup'

2021-11-19 17:16:25 - [MESSAGE][INFO] - Checking object

2021-11-19 17:16:25 - [MESSAGE][INFO] - Checking timeout

2021-11-19 17:16:25 - [MESSAGE][INFO] - Finding web element from Test Object's properties

2021-11-19 17:16:25 - [MESSAGE][INFO] - Checking timeout

2021-11-19 17:16:25 - [MESSAGE][INFO] - Finding web element with id: 'Object Repository/Popup/Popup' located by 'By.cssSelector: .bootbox-body' in '10' second(s)

2021-11-19 17:16:25 - [MESSAGE][INFO] - Smart Wait Function is triggered

2021-11-19 17:16:25 - [MESSAGE][INFO] - Found 1 web elements with id: 'Object Repository/Popup/Popup' located by 'By.cssSelector: .bootbox-body' in '10' second(s)

2021-11-19 17:16:25 - [MESSAGE][PASSED] - Object 'Object Repository/Popup/Popup' is visible

2021-11-19 17:16:25 - [TEST_STEP][PASSED] - if (!(getText(findTestObject("Popup/Popup")).contains(Mesaj))): Text of object 'Object Repository/Popup/Popup' is: 'Lütfen rapor bildiriminin gönderileceği e-posta adresini belirtiniz.
e-Posta Adresi'

2021-11-19 17:16:25 - [MESSAGE][INFO] - Finding Test Object 'Object Repository/Popup/Popup'

2021-11-19 17:16:25 - [MESSAGE][INFO] - Checking object

2021-11-19 17:16:25 - [MESSAGE][INFO] - Finding web element from Test Object's properties

2021-11-19 17:16:25 - [MESSAGE][INFO] - Checking timeout

2021-11-19 17:16:25 - [MESSAGE][INFO] - Finding web element with id: 'Object Repository/Popup/Popup' located by 'By.cssSelector: .bootbox-body' in '30' second(s)

2021-11-19 17:16:25 - [MESSAGE][INFO] - Smart Wait Function is triggered

2021-11-19 17:16:26 - [MESSAGE][INFO] - Found 1 web elements with id: 'Object Repository/Popup/Popup' located by 'By.cssSelector: .bootbox-body' in '30' second(s)

2021-11-19 17:16:26 - [MESSAGE][INFO] - Getting text of object 'Object Repository/Popup/Popup'

2021-11-19 17:16:26 - [MESSAGE][PASSED] - Text of object 'Object Repository/Popup/Popup' is: 'Lütfen rapor bildiriminin gönderileceği e-posta adresini belirtiniz.
e-Posta Adresi'

2021-11-19 17:16:26 - [TEST_STEP][PASSED] - RaporNo = getText(findTestObject("Popup/Popup")).substring(0, 6): Text of object 'Object Repository/Popup/Popup' is: 'Lütfen rapor bildiriminin gönderileceği e-posta adresini belirtiniz.
e-Posta Adresi'

2021-11-19 17:16:26 - [MESSAGE][INFO] - Finding Test Object 'Object Repository/Popup/Popup'

2021-11-19 17:16:26 - [MESSAGE][INFO] - Checking object

2021-11-19 17:16:26 - [MESSAGE][INFO] - Finding web element from Test Object's properties

2021-11-19 17:16:26 - [MESSAGE][INFO] - Checking timeout

2021-11-19 17:16:26 - [MESSAGE][INFO] - Finding web element with id: 'Object Repository/Popup/Popup' located by 'By.cssSelector: .bootbox-body' in '30' second(s)

2021-11-19 17:16:26 - [MESSAGE][INFO] - Smart Wait Function is triggered

2021-11-19 17:16:26 - [MESSAGE][INFO] - Found 1 web elements with id: 'Object Repository/Popup/Popup' located by 'By.cssSelector: .bootbox-body' in '30' second(s)

2021-11-19 17:16:26 - [MESSAGE][INFO] - Getting text of object 'Object Repository/Popup/Popup'

2021-11-19 17:16:26 - [MESSAGE][PASSED] - Text of object 'Object Repository/Popup/Popup' is: 'Lütfen rapor bildiriminin gönderileceği e-posta adresini belirtiniz.
e-Posta Adresi'

2021-11-19 17:16:26 - [TEST_STEP][PASSED] - Console.println(RaporNo): null

2021-11-19 17:16:26 - [MESSAGE][PASSED] - Call Test Case 'Test Cases/Popup/PopupMesajiIceriyorMu' successfully

2021-11-19 17:16:26 - [MESSAGE][INFO] - Checking called Test Case

2021-11-19 17:16:26 - [MESSAGE][INFO] - Starting to call Test Case 'Test Cases/Popup/PopupaEmailEklenir'

2021-11-19 17:16:26 - [TEST_CASE][PASSED] - Test Cases/Popup/PopupaEmailEklenir: Test Cases/Popup/PopupaEmailEklenir

2021-11-19 17:16:26 - [TEST_STEP][PASSED] - clearText(findTestObject("Popup/EmailText")): Text of object 'Object Repository/Popup/EmailText' is cleared

2021-11-19 17:16:26 - [MESSAGE][INFO] - Finding Test Object 'Object Repository/Popup/EmailText'

2021-11-19 17:16:26 - [MESSAGE][INFO] - Checking object

2021-11-19 17:16:26 - [MESSAGE][INFO] - Finding web element from Test Object's properties

2021-11-19 17:16:26 - [MESSAGE][INFO] - Checking timeout

2021-11-19 17:16:26 - [MESSAGE][INFO] - Finding web element with id: 'Object Repository/Popup/EmailText' located by 'By.xpath: //*[@id="eMails"]' in '30' second(s)

2021-11-19 17:16:26 - [MESSAGE][INFO] - Smart Wait Function is triggered

2021-11-19 17:16:26 - [MESSAGE][INFO] - Found 1 web elements with id: 'Object Repository/Popup/EmailText' located by 'By.xpath: //*[@id="eMails"]' in '30' second(s)

2021-11-19 17:16:26 - [MESSAGE][INFO] - Clearing text of object 'Object Repository/Popup/EmailText'

2021-11-19 17:16:26 - [MESSAGE][PASSED] - Text of object 'Object Repository/Popup/EmailText' is cleared

2021-11-19 17:16:26 - [TEST_STEP][PASSED] - sendKeys(findTestObject("Popup/EmailText"), Email): Keys 'elogotest@gmail.com;ali.kara@logo.com.tr' sent to object: 'Object Repository/Popup/EmailText'

2021-11-19 17:16:26 - [MESSAGE][INFO] - Finding Test Object 'Object Repository/Popup/EmailText'

2021-11-19 17:16:27 - [MESSAGE][INFO] - Sending keys 'elogotest@gmail.com;ali.kara@logo.com.tr' to object: 'Object Repository/Popup/EmailText'

2021-11-19 17:16:27 - [MESSAGE][INFO] - Finding web element from Test Object's properties

2021-11-19 17:16:27 - [MESSAGE][INFO] - Checking timeout

2021-11-19 17:16:27 - [MESSAGE][INFO] - Finding web element with id: 'Object Repository/Popup/EmailText' located by 'By.xpath: //*[@id="eMails"]' in '30' second(s)

2021-11-19 17:16:27 - [MESSAGE][INFO] - Smart Wait Function is triggered

2021-11-19 17:16:27 - [MESSAGE][INFO] - Found 1 web elements with id: 'Object Repository/Popup/EmailText' located by 'By.xpath: //*[@id="eMails"]' in '30' second(s)

2021-11-19 17:16:27 - [MESSAGE][PASSED] - Keys 'elogotest@gmail.com;ali.kara@logo.com.tr' sent to object: 'Object Repository/Popup/EmailText'

2021-11-19 17:16:27 - [MESSAGE][PASSED] - Call Test Case 'Test Cases/Popup/PopupaEmailEklenir' successfully

2021-11-19 17:16:27 - [MESSAGE][INFO] - Checking called Test Case

2021-11-19 17:16:27 - [MESSAGE][INFO] - Starting to call Test Case 'Test Cases/Popup/PopupButonSecilir'

2021-11-19 17:16:27 - [TEST_CASE][PASSED] - Test Cases/Popup/PopupButonSecilir: Test Cases/Popup/PopupButonSecilir

2021-11-19 17:16:27 - [TEST_STEP][PASSED] - Method.TextDegerineEsitElementeTikla(findTestObject("Popup/Popup_Butons"), Buton): Method.TextDegerineEsitElementeTikla is PASSED

2021-11-19 17:16:27 - [MESSAGE][INFO] - Finding Test Object 'Object Repository/Popup/Popup_Butons'

2021-11-19 17:16:27 - [MESSAGE][INFO] - Checking timeout

2021-11-19 17:16:27 - [MESSAGE][INFO] - Finding web element with id: 'Object Repository/Popup/Popup_Butons' located by 'By.cssSelector: .modal-footer>button' in '10' second(s)

2021-11-19 17:16:27 - [MESSAGE][INFO] - Smart Wait Function is triggered

2021-11-19 17:16:27 - [MESSAGE][INFO] - Found 2 web elements with id: 'Object Repository/Popup/Popup_Butons' located by 'By.cssSelector: .modal-footer>button' in '10' second(s)

2021-11-19 17:16:27 - [MESSAGE][PASSED] - Method.TextDegerineEsitElementeTikla is PASSED

2021-11-19 17:16:27 - [MESSAGE][PASSED] - Call Test Case 'Test Cases/Popup/PopupButonSecilir' successfully

2021-11-19 17:16:27 - [MESSAGE][INFO] - Checking called Test Case

2021-11-19 17:16:27 - [MESSAGE][INFO] - Starting to call Test Case 'Test Cases/Popup/PopupMesajiIceriyorMu'

2021-11-19 17:16:27 - [TEST_CASE][PASSED] - Test Cases/Popup/PopupMesajiIceriyorMu: Test Cases/Popup/PopupMesajiIceriyorMu

2021-11-19 17:16:27 - [TEST_STEP][PASSED] - waitForElementVisible(findTestObject("Popup/Popup"), 10): Object 'Object Repository/Popup/Popup' is visible

2021-11-19 17:16:27 - [MESSAGE][INFO] - Finding Test Object 'Object Repository/Popup/Popup'

2021-11-19 17:16:28 - [MESSAGE][INFO] - Checking object

2021-11-19 17:16:28 - [MESSAGE][INFO] - Checking timeout

2021-11-19 17:16:28 - [MESSAGE][INFO] - Finding web element from Test Object's properties

2021-11-19 17:16:28 - [MESSAGE][INFO] - Checking timeout

2021-11-19 17:16:28 - [MESSAGE][INFO] - Finding web element with id: 'Object Repository/Popup/Popup' located by 'By.cssSelector: .bootbox-body' in '10' second(s)

2021-11-19 17:16:28 - [MESSAGE][INFO] - Smart Wait Function is triggered

2021-11-19 17:16:28 - [MESSAGE][INFO] - Found 1 web elements with id: 'Object Repository/Popup/Popup' located by 'By.cssSelector: .bootbox-body' in '10' second(s)

2021-11-19 17:16:28 - [MESSAGE][PASSED] - Object 'Object Repository/Popup/Popup' is visible

2021-11-19 17:16:28 - [TEST_STEP][PASSED] - if (!(getText(findTestObject("Popup/Popup")).contains(Mesaj))): Text of object 'Object Repository/Popup/Popup' is: '17473 no’lu talebiniz işleme alınmıştır. Raporunuz hazırlandığında (elogotest@gmail.com;ali.kara@logo.com.tr) adresinize mail gönderilecektir.
Rapor durumunuzu Raporlar > Toplu Veri İndirme ekranından takip edebilir, hazırlandı durumundaki raporlarınızı ilgili menüden indirebilirsiniz.'

2021-11-19 17:16:28 - [MESSAGE][INFO] - Finding Test Object 'Object Repository/Popup/Popup'

2021-11-19 17:16:28 - [MESSAGE][INFO] - Checking object

2021-11-19 17:16:28 - [MESSAGE][INFO] - Finding web element from Test Object's properties

2021-11-19 17:16:28 - [MESSAGE][INFO] - Checking timeout

2021-11-19 17:16:28 - [MESSAGE][INFO] - Finding web element with id: 'Object Repository/Popup/Popup' located by 'By.cssSelector: .bootbox-body' in '30' second(s)

2021-11-19 17:16:28 - [MESSAGE][INFO] - Smart Wait Function is triggered

2021-11-19 17:16:29 - [MESSAGE][INFO] - Found 1 web elements with id: 'Object Repository/Popup/Popup' located by 'By.cssSelector: .bootbox-body' in '30' second(s)

2021-11-19 17:16:29 - [MESSAGE][INFO] - Getting text of object 'Object Repository/Popup/Popup'

2021-11-19 17:16:29 - [MESSAGE][PASSED] - Text of object 'Object Repository/Popup/Popup' is: '17473 no’lu talebiniz işleme alınmıştır. Raporunuz hazırlandığında (elogotest@gmail.com;ali.kara@logo.com.tr) adresinize mail gönderilecektir.
Rapor durumunuzu Raporlar > Toplu Veri İndirme ekranından takip edebilir, hazırlandı durumundaki raporlarınızı ilgili menüden indirebilirsiniz.'

2021-11-19 17:16:29 - [TEST_STEP][PASSED] - RaporNo = getText(findTestObject("Popup/Popup")).substring(0, 6): Text of object 'Object Repository/Popup/Popup' is: '17473 no’lu talebiniz işleme alınmıştır. Raporunuz hazırlandığında (elogotest@gmail.com;ali.kara@logo.com.tr) adresinize mail gönderilecektir.
Rapor durumunuzu Raporlar > Toplu Veri İndirme ekranından takip edebilir, hazırlandı durumundaki raporlarınızı ilgili menüden indirebilirsiniz.'

2021-11-19 17:16:29 - [MESSAGE][INFO] - Finding Test Object 'Object Repository/Popup/Popup'

2021-11-19 17:16:29 - [MESSAGE][INFO] - Checking object

2021-11-19 17:16:29 - [MESSAGE][INFO] - Finding web element from Test Object's properties

2021-11-19 17:16:29 - [MESSAGE][INFO] - Checking timeout

2021-11-19 17:16:29 - [MESSAGE][INFO] - Finding web element with id: 'Object Repository/Popup/Popup' located by 'By.cssSelector: .bootbox-body' in '30' second(s)

2021-11-19 17:16:29 - [MESSAGE][INFO] - Smart Wait Function is triggered

2021-11-19 17:16:29 - [MESSAGE][INFO] - Found 1 web elements with id: 'Object Repository/Popup/Popup' located by 'By.cssSelector: .bootbox-body' in '30' second(s)

2021-11-19 17:16:29 - [MESSAGE][INFO] - Getting text of object 'Object Repository/Popup/Popup'

2021-11-19 17:16:29 - [MESSAGE][PASSED] - Text of object 'Object Repository/Popup/Popup' is: '17473 no’lu talebiniz işleme alınmıştır. Raporunuz hazırlandığında (elogotest@gmail.com;ali.kara@logo.com.tr) adresinize mail gönderilecektir.
Rapor durumunuzu Raporlar > Toplu Veri İndirme ekranından takip edebilir, hazırlandı durumundaki raporlarınızı ilgili menüden indirebilirsiniz.'

2021-11-19 17:16:29 - [TEST_STEP][PASSED] - Console.println(RaporNo): null

2021-11-19 17:16:29 - [MESSAGE][PASSED] - Call Test Case 'Test Cases/Popup/PopupMesajiIceriyorMu' successfully

2021-11-19 17:16:29 - [MESSAGE][INFO] - Checking called Test Case

2021-11-19 17:16:29 - [MESSAGE][INFO] - Starting to call Test Case 'Test Cases/Popup/PopupButonSecilir'

2021-11-19 17:16:29 - [TEST_CASE][PASSED] - Test Cases/Popup/PopupButonSecilir: Test Cases/Popup/PopupButonSecilir

2021-11-19 17:16:29 - [TEST_STEP][PASSED] - Method.TextDegerineEsitElementeTikla(findTestObject("Popup/Popup_Butons"), Buton): Method.TextDegerineEsitElementeTikla is PASSED

2021-11-19 17:16:29 - [MESSAGE][INFO] - Finding Test Object 'Object Repository/Popup/Popup_Butons'

2021-11-19 17:16:29 - [MESSAGE][INFO] - Checking timeout

2021-11-19 17:16:29 - [MESSAGE][INFO] - Finding web element with id: 'Object Repository/Popup/Popup_Butons' located by 'By.cssSelector: .modal-footer>button' in '10' second(s)

2021-11-19 17:16:29 - [MESSAGE][INFO] - Smart Wait Function is triggered

2021-11-19 17:16:29 - [MESSAGE][INFO] - Found 1 web elements with id: 'Object Repository/Popup/Popup_Butons' located by 'By.cssSelector: .modal-footer>button' in '10' second(s)

2021-11-19 17:16:29 - [MESSAGE][PASSED] - Method.TextDegerineEsitElementeTikla is PASSED

2021-11-19 17:16:29 - [MESSAGE][PASSED] - Call Test Case 'Test Cases/Popup/PopupButonSecilir' successfully

2021-11-19 17:16:29 - [MESSAGE][INFO] - Checking called Test Case

2021-11-19 17:16:29 - [MESSAGE][INFO] - Starting to call Test Case 'Test Cases/Butonlar/ButonaTikla'

2021-11-19 17:16:29 - [TEST_CASE][PASSED] - Test Cases/Butonlar/ButonaTikla: Test Cases/Butonlar/ButonaTikla

2021-11-19 17:16:29 - [TEST_STEP][PASSED] - Method.TextDegerineEsitElementeTiklaEquals(findTestObject("Butonlar/Butonlar"), Buton_Adi): Method.TextDegerineEsitElementeTiklaEquals is PASSED

2021-11-19 17:16:29 - [MESSAGE][INFO] - Finding Test Object 'Object Repository/Butonlar/Butonlar'

2021-11-19 17:16:30 - [MESSAGE][INFO] - Checking timeout

2021-11-19 17:16:30 - [MESSAGE][INFO] - Finding web element with id: 'Object Repository/Butonlar/Butonlar' located by 'By.cssSelector: .panel.panel-default.text-center.footerPanel .btn,.btn.btn-primary.btnControls' in '10' second(s)

2021-11-19 17:16:30 - [MESSAGE][INFO] - Smart Wait Function is triggered

2021-11-19 17:16:30 - [MESSAGE][INFO] - Found 5 web elements with id: 'Object Repository/Butonlar/Butonlar' located by 'By.cssSelector: .panel.panel-default.text-center.footerPanel .btn,.btn.btn-primary.btnControls' in '10' second(s)

2021-11-19 17:16:30 - [MESSAGE][PASSED] - Method.TextDegerineEsitElementeTiklaEquals is PASSED

2021-11-19 17:16:30 - [MESSAGE][PASSED] - Call Test Case 'Test Cases/Butonlar/ButonaTikla' successfully

2021-11-19 17:16:30 - [MESSAGE][INFO] - Checking called Test Case

2021-11-19 17:16:30 - [MESSAGE][INFO] - Starting to call Test Case 'Test Cases/Butonlar/AltButonaTikla'

2021-11-19 17:16:30 - [TEST_CASE][PASSED] - Test Cases/Butonlar/AltButonaTikla: Test Cases/Butonlar/AltButonaTikla

2021-11-19 17:16:30 - [TEST_STEP][PASSED] - Method.TextDegerineEsitElementeTikla(findTestObject("Butonlar/AltButonlar"), Alt_Buton): Method.TextDegerineEsitElementeTikla is PASSED

2021-11-19 17:16:30 - [MESSAGE][INFO] - Finding Test Object 'Object Repository/Butonlar/AltButonlar'

2021-11-19 17:16:30 - [MESSAGE][INFO] - Checking timeout

2021-11-19 17:16:30 - [MESSAGE][INFO] - Finding web element with id: 'Object Repository/Butonlar/AltButonlar' located by 'By.cssSelector: .btn-group.open li>a' in '10' second(s)

2021-11-19 17:16:30 - [MESSAGE][INFO] - Smart Wait Function is triggered

2021-11-19 17:16:31 - [MESSAGE][INFO] - Found 2 web elements with id: 'Object Repository/Butonlar/AltButonlar' located by 'By.cssSelector: .btn-group.open li>a' in '10' second(s)

2021-11-19 17:16:31 - [MESSAGE][PASSED] - Method.TextDegerineEsitElementeTikla is PASSED

2021-11-19 17:16:31 - [MESSAGE][PASSED] - Call Test Case 'Test Cases/Butonlar/AltButonaTikla' successfully

2021-11-19 17:16:31 - [MESSAGE][INFO] - Checking called Test Case

2021-11-19 17:16:31 - [MESSAGE][INFO] - Starting to call Test Case 'Test Cases/Popup/PopupMesajiIceriyorMu'

2021-11-19 17:16:31 - [TEST_CASE][PASSED] - Test Cases/Popup/PopupMesajiIceriyorMu: Test Cases/Popup/PopupMesajiIceriyorMu

2021-11-19 17:16:31 - [TEST_STEP][PASSED] - waitForElementVisible(findTestObject("Popup/Popup"), 10): Object 'Object Repository/Popup/Popup' is visible

2021-11-19 17:16:31 - [MESSAGE][INFO] - Finding Test Object 'Object Repository/Popup/Popup'

2021-11-19 17:16:31 - [MESSAGE][INFO] - Checking object

2021-11-19 17:16:31 - [MESSAGE][INFO] - Checking timeout

2021-11-19 17:16:31 - [MESSAGE][INFO] - Finding web element from Test Object's properties

2021-11-19 17:16:31 - [MESSAGE][INFO] - Checking timeout

2021-11-19 17:16:31 - [MESSAGE][INFO] - Finding web element with id: 'Object Repository/Popup/Popup' located by 'By.cssSelector: .bootbox-body' in '10' second(s)

2021-11-19 17:16:31 - [MESSAGE][INFO] - Smart Wait Function is triggered

2021-11-19 17:16:31 - [MESSAGE][INFO] - Found 1 web elements with id: 'Object Repository/Popup/Popup' located by 'By.cssSelector: .bootbox-body' in '10' second(s)

2021-11-19 17:16:31 - [MESSAGE][PASSED] - Object 'Object Repository/Popup/Popup' is visible

2021-11-19 17:16:31 - [TEST_STEP][PASSED] - if (!(getText(findTestObject("Popup/Popup")).contains(Mesaj))): Text of object 'Object Repository/Popup/Popup' is: 'Lütfen rapor bildiriminin gönderileceği e-posta adresini belirtiniz.
e-Posta Adresi'

2021-11-19 17:16:31 - [MESSAGE][INFO] - Finding Test Object 'Object Repository/Popup/Popup'

2021-11-19 17:16:31 - [MESSAGE][INFO] - Checking object

2021-11-19 17:16:31 - [MESSAGE][INFO] - Finding web element from Test Object's properties

2021-11-19 17:16:31 - [MESSAGE][INFO] - Checking timeout

2021-11-19 17:16:31 - [MESSAGE][INFO] - Finding web element with id: 'Object Repository/Popup/Popup' located by 'By.cssSelector: .bootbox-body' in '30' second(s)

2021-11-19 17:16:31 - [MESSAGE][INFO] - Smart Wait Function is triggered

2021-11-19 17:16:32 - [MESSAGE][INFO] - Found 1 web elements with id: 'Object Repository/Popup/Popup' located by 'By.cssSelector: .bootbox-body' in '30' second(s)

2021-11-19 17:16:32 - [MESSAGE][INFO] - Getting text of object 'Object Repository/Popup/Popup'

2021-11-19 17:16:32 - [MESSAGE][PASSED] - Text of object 'Object Repository/Popup/Popup' is: 'Lütfen rapor bildiriminin gönderileceği e-posta adresini belirtiniz.
e-Posta Adresi'

2021-11-19 17:16:32 - [TEST_STEP][PASSED] - RaporNo = getText(findTestObject("Popup/Popup")).substring(0, 6): Text of object 'Object Repository/Popup/Popup' is: 'Lütfen rapor bildiriminin gönderileceği e-posta adresini belirtiniz.
e-Posta Adresi'

2021-11-19 17:16:32 - [MESSAGE][INFO] - Finding Test Object 'Object Repository/Popup/Popup'

2021-11-19 17:16:32 - [MESSAGE][INFO] - Checking object

2021-11-19 17:16:32 - [MESSAGE][INFO] - Finding web element from Test Object's properties

2021-11-19 17:16:32 - [MESSAGE][INFO] - Checking timeout

2021-11-19 17:16:32 - [MESSAGE][INFO] - Finding web element with id: 'Object Repository/Popup/Popup' located by 'By.cssSelector: .bootbox-body' in '30' second(s)

2021-11-19 17:16:32 - [MESSAGE][INFO] - Smart Wait Function is triggered

2021-11-19 17:16:32 - [MESSAGE][INFO] - Found 1 web elements with id: 'Object Repository/Popup/Popup' located by 'By.cssSelector: .bootbox-body' in '30' second(s)

2021-11-19 17:16:32 - [MESSAGE][INFO] - Getting text of object 'Object Repository/Popup/Popup'

2021-11-19 17:16:32 - [MESSAGE][PASSED] - Text of object 'Object Repository/Popup/Popup' is: 'Lütfen rapor bildiriminin gönderileceği e-posta adresini belirtiniz.
e-Posta Adresi'

2021-11-19 17:16:32 - [TEST_STEP][PASSED] - Console.println(RaporNo): null

2021-11-19 17:16:32 - [MESSAGE][PASSED] - Call Test Case 'Test Cases/Popup/PopupMesajiIceriyorMu' successfully

2021-11-19 17:16:32 - [MESSAGE][INFO] - Checking called Test Case

2021-11-19 17:16:32 - [MESSAGE][INFO] - Starting to call Test Case 'Test Cases/Popup/PopupaEmailEklenir'

2021-11-19 17:16:32 - [TEST_CASE][PASSED] - Test Cases/Popup/PopupaEmailEklenir: Test Cases/Popup/PopupaEmailEklenir

2021-11-19 17:16:32 - [TEST_STEP][PASSED] - clearText(findTestObject("Popup/EmailText")): Text of object 'Object Repository/Popup/EmailText' is cleared

2021-11-19 17:16:32 - [MESSAGE][INFO] - Finding Test Object 'Object Repository/Popup/EmailText'

2021-11-19 17:16:32 - [MESSAGE][INFO] - Checking object

2021-11-19 17:16:32 - [MESSAGE][INFO] - Finding web element from Test Object's properties

2021-11-19 17:16:32 - [MESSAGE][INFO] - Checking timeout

2021-11-19 17:16:32 - [MESSAGE][INFO] - Finding web element with id: 'Object Repository/Popup/EmailText' located by 'By.xpath: //*[@id="eMails"]' in '30' second(s)

2021-11-19 17:16:32 - [MESSAGE][INFO] - Smart Wait Function is triggered

2021-11-19 17:16:33 - [MESSAGE][INFO] - Found 1 web elements with id: 'Object Repository/Popup/EmailText' located by 'By.xpath: //*[@id="eMails"]' in '30' second(s)

2021-11-19 17:16:33 - [MESSAGE][INFO] - Clearing text of object 'Object Repository/Popup/EmailText'

2021-11-19 17:16:33 - [MESSAGE][PASSED] - Text of object 'Object Repository/Popup/EmailText' is cleared

2021-11-19 17:16:33 - [TEST_STEP][PASSED] - sendKeys(findTestObject("Popup/EmailText"), Email): Keys 'elogotest@gmail.com;ali.kara@logo.com.tr' sent to object: 'Object Repository/Popup/EmailText'

2021-11-19 17:16:33 - [MESSAGE][INFO] - Finding Test Object 'Object Repository/Popup/EmailText'

2021-11-19 17:16:33 - [MESSAGE][INFO] - Sending keys 'elogotest@gmail.com;ali.kara@logo.com.tr' to object: 'Object Repository/Popup/EmailText'

2021-11-19 17:16:33 - [MESSAGE][INFO] - Finding web element from Test Object's properties

2021-11-19 17:16:33 - [MESSAGE][INFO] - Checking timeout

2021-11-19 17:16:33 - [MESSAGE][INFO] - Finding web element with id: 'Object Repository/Popup/EmailText' located by 'By.xpath: //*[@id="eMails"]' in '30' second(s)

2021-11-19 17:16:33 - [MESSAGE][INFO] - Smart Wait Function is triggered

2021-11-19 17:16:33 - [MESSAGE][INFO] - Found 1 web elements with id: 'Object Repository/Popup/EmailText' located by 'By.xpath: //*[@id="eMails"]' in '30' second(s)

2021-11-19 17:16:33 - [MESSAGE][PASSED] - Keys 'elogotest@gmail.com;ali.kara@logo.com.tr' sent to object: 'Object Repository/Popup/EmailText'

2021-11-19 17:16:33 - [MESSAGE][PASSED] - Call Test Case 'Test Cases/Popup/PopupaEmailEklenir' successfully

2021-11-19 17:16:33 - [MESSAGE][INFO] - Checking called Test Case

2021-11-19 17:16:33 - [MESSAGE][INFO] - Starting to call Test Case 'Test Cases/Popup/PopupButonSecilir'

2021-11-19 17:16:33 - [TEST_CASE][PASSED] - Test Cases/Popup/PopupButonSecilir: Test Cases/Popup/PopupButonSecilir

2021-11-19 17:16:33 - [TEST_STEP][PASSED] - Method.TextDegerineEsitElementeTikla(findTestObject("Popup/Popup_Butons"), Buton): Method.TextDegerineEsitElementeTikla is PASSED

2021-11-19 17:16:33 - [MESSAGE][INFO] - Finding Test Object 'Object Repository/Popup/Popup_Butons'

2021-11-19 17:16:33 - [MESSAGE][INFO] - Checking timeout

2021-11-19 17:16:33 - [MESSAGE][INFO] - Finding web element with id: 'Object Repository/Popup/Popup_Butons' located by 'By.cssSelector: .modal-footer>button' in '10' second(s)

2021-11-19 17:16:33 - [MESSAGE][INFO] - Smart Wait Function is triggered

2021-11-19 17:16:34 - [MESSAGE][INFO] - Found 2 web elements with id: 'Object Repository/Popup/Popup_Butons' located by 'By.cssSelector: .modal-footer>button' in '10' second(s)

2021-11-19 17:16:34 - [MESSAGE][PASSED] - Method.TextDegerineEsitElementeTikla is PASSED

2021-11-19 17:16:34 - [MESSAGE][PASSED] - Call Test Case 'Test Cases/Popup/PopupButonSecilir' successfully

2021-11-19 17:16:34 - [MESSAGE][INFO] - Checking called Test Case

2021-11-19 17:16:34 - [MESSAGE][INFO] - Starting to call Test Case 'Test Cases/Popup/PopupMesajiIceriyorMu'

2021-11-19 17:16:34 - [TEST_CASE][PASSED] - Test Cases/Popup/PopupMesajiIceriyorMu: Test Cases/Popup/PopupMesajiIceriyorMu

2021-11-19 17:16:34 - [TEST_STEP][PASSED] - waitForElementVisible(findTestObject("Popup/Popup"), 10): Object 'Object Repository/Popup/Popup' is visible

2021-11-19 17:16:34 - [MESSAGE][INFO] - Finding Test Object 'Object Repository/Popup/Popup'

2021-11-19 17:16:34 - [MESSAGE][INFO] - Checking object

2021-11-19 17:16:34 - [MESSAGE][INFO] - Checking timeout

2021-11-19 17:16:34 - [MESSAGE][INFO] - Finding web element from Test Object's properties

2021-11-19 17:16:34 - [MESSAGE][INFO] - Checking timeout

2021-11-19 17:16:34 - [MESSAGE][INFO] - Finding web element with id: 'Object Repository/Popup/Popup' located by 'By.cssSelector: .bootbox-body' in '10' second(s)

2021-11-19 17:16:34 - [MESSAGE][INFO] - Smart Wait Function is triggered

2021-11-19 17:16:34 - [MESSAGE][INFO] - Found 1 web elements with id: 'Object Repository/Popup/Popup' located by 'By.cssSelector: .bootbox-body' in '10' second(s)

2021-11-19 17:16:35 - [MESSAGE][PASSED] - Object 'Object Repository/Popup/Popup' is visible

2021-11-19 17:16:35 - [TEST_STEP][PASSED] - if (!(getText(findTestObject("Popup/Popup")).contains(Mesaj))): Text of object 'Object Repository/Popup/Popup' is: '17474 no’lu talebiniz işleme alınmıştır. Raporunuz hazırlandığında (elogotest@gmail.com;ali.kara@logo.com.tr) adresinize mail gönderilecektir.
Rapor durumunuzu Raporlar > Toplu Veri İndirme ekranından takip edebilir, hazırlandı durumundaki raporlarınızı ilgili menüden indirebilirsiniz.'

2021-11-19 17:16:35 - [MESSAGE][INFO] - Finding Test Object 'Object Repository/Popup/Popup'

2021-11-19 17:16:35 - [MESSAGE][INFO] - Checking object

2021-11-19 17:16:35 - [MESSAGE][INFO] - Finding web element from Test Object's properties

2021-11-19 17:16:35 - [MESSAGE][INFO] - Checking timeout

2021-11-19 17:16:35 - [MESSAGE][INFO] - Finding web element with id: 'Object Repository/Popup/Popup' located by 'By.cssSelector: .bootbox-body' in '30' second(s)

2021-11-19 17:16:35 - [MESSAGE][INFO] - Smart Wait Function is triggered

2021-11-19 17:16:35 - [MESSAGE][INFO] - Found 1 web elements with id: 'Object Repository/Popup/Popup' located by 'By.cssSelector: .bootbox-body' in '30' second(s)

2021-11-19 17:16:35 - [MESSAGE][INFO] - Getting text of object 'Object Repository/Popup/Popup'

2021-11-19 17:16:35 - [MESSAGE][PASSED] - Text of object 'Object Repository/Popup/Popup' is: '17474 no’lu talebiniz işleme alınmıştır. Raporunuz hazırlandığında (elogotest@gmail.com;ali.kara@logo.com.tr) adresinize mail gönderilecektir.
Rapor durumunuzu Raporlar > Toplu Veri İndirme ekranından takip edebilir, hazırlandı durumundaki raporlarınızı ilgili menüden indirebilirsiniz.'

2021-11-19 17:16:35 - [TEST_STEP][PASSED] - RaporNo = getText(findTestObject("Popup/Popup")).substring(0, 6): Text of object 'Object Repository/Popup/Popup' is: '17474 no’lu talebiniz işleme alınmıştır. Raporunuz hazırlandığında (elogotest@gmail.com;ali.kara@logo.com.tr) adresinize mail gönderilecektir.
Rapor durumunuzu Raporlar > Toplu Veri İndirme ekranından takip edebilir, hazırlandı durumundaki raporlarınızı ilgili menüden indirebilirsiniz.'

2021-11-19 17:16:35 - [MESSAGE][INFO] - Finding Test Object 'Object Repository/Popup/Popup'

2021-11-19 17:16:35 - [MESSAGE][INFO] - Checking object

2021-11-19 17:16:35 - [MESSAGE][INFO] - Finding web element from Test Object's properties

2021-11-19 17:16:35 - [MESSAGE][INFO] - Checking timeout

2021-11-19 17:16:35 - [MESSAGE][INFO] - Finding web element with id: 'Object Repository/Popup/Popup' located by 'By.cssSelector: .bootbox-body' in '30' second(s)

2021-11-19 17:16:35 - [MESSAGE][INFO] - Smart Wait Function is triggered

2021-11-19 17:16:35 - [MESSAGE][INFO] - Found 1 web elements with id: 'Object Repository/Popup/Popup' located by 'By.cssSelector: .bootbox-body' in '30' second(s)

2021-11-19 17:16:35 - [MESSAGE][INFO] - Getting text of object 'Object Repository/Popup/Popup'

2021-11-19 17:16:35 - [MESSAGE][PASSED] - Text of object 'Object Repository/Popup/Popup' is: '17474 no’lu talebiniz işleme alınmıştır. Raporunuz hazırlandığında (elogotest@gmail.com;ali.kara@logo.com.tr) adresinize mail gönderilecektir.
Rapor durumunuzu Raporlar > Toplu Veri İndirme ekranından takip edebilir, hazırlandı durumundaki raporlarınızı ilgili menüden indirebilirsiniz.'

2021-11-19 17:16:35 - [TEST_STEP][PASSED] - Console.println(RaporNo): null

2021-11-19 17:16:35 - [MESSAGE][PASSED] - Call Test Case 'Test Cases/Popup/PopupMesajiIceriyorMu' successfully

2021-11-19 17:16:35 - [MESSAGE][INFO] - Checking called Test Case

2021-11-19 17:16:35 - [MESSAGE][INFO] - Starting to call Test Case 'Test Cases/Popup/PopupButonSecilir'

2021-11-19 17:16:36 - [TEST_CASE][PASSED] - Test Cases/Popup/PopupButonSecilir: Test Cases/Popup/PopupButonSecilir

2021-11-19 17:16:36 - [TEST_STEP][PASSED] - Method.TextDegerineEsitElementeTikla(findTestObject("Popup/Popup_Butons"), Buton): Method.TextDegerineEsitElementeTikla is PASSED

2021-11-19 17:16:36 - [MESSAGE][INFO] - Finding Test Object 'Object Repository/Popup/Popup_Butons'

2021-11-19 17:16:36 - [MESSAGE][INFO] - Checking timeout

2021-11-19 17:16:36 - [MESSAGE][INFO] - Finding web element with id: 'Object Repository/Popup/Popup_Butons' located by 'By.cssSelector: .modal-footer>button' in '10' second(s)

2021-11-19 17:16:36 - [MESSAGE][INFO] - Smart Wait Function is triggered

2021-11-19 17:16:36 - [MESSAGE][INFO] - Found 1 web elements with id: 'Object Repository/Popup/Popup_Butons' located by 'By.cssSelector: .modal-footer>button' in '10' second(s)

2021-11-19 17:16:36 - [MESSAGE][PASSED] - Method.TextDegerineEsitElementeTikla is PASSED

2021-11-19 17:16:36 - [MESSAGE][PASSED] - Call Test Case 'Test Cases/Popup/PopupButonSecilir' successfully

2021-11-19 17:16:36 - [MESSAGE][INFO] - Checking called Test Case

2021-11-19 17:16:36 - [MESSAGE][INFO] - Starting to call Test Case 'Test Cases/Filtreler/DropdownSec'

2021-11-19 17:16:36 - [TEST_CASE][PASSED] - Test Cases/Filtreler/DropdownSec: Test Cases/Filtreler/DropdownSec

2021-11-19 17:16:36 - [TEST_STEP][PASSED] - Method.TextDegerineEsitElementinAltindakineTikla(findTestObject("Filtreler/Basliklar"), findTestObject("Filtreler/Basliga_Gore_Baslangic_Image"), Filtre_Adi): Method.TextDegerineEsitElementinAltindakineTikla is PASSED

2021-11-19 17:16:36 - [MESSAGE][INFO] - Finding Test Object 'Object Repository/Filtreler/Basliklar'

2021-11-19 17:16:36 - [MESSAGE][INFO] - Finding Test Object 'Object Repository/Filtreler/Basliga_Gore_Baslangic_Image'

2021-11-19 17:16:36 - [MESSAGE][INFO] - Checking timeout

2021-11-19 17:16:36 - [MESSAGE][INFO] - Finding web element with id: 'Object Repository/Filtreler/Basliklar' located by 'By.cssSelector: .control-label.col-sm-4.paddingMarginRLC' in '10' second(s)

2021-11-19 17:16:36 - [MESSAGE][INFO] - Smart Wait Function is triggered

2021-11-19 17:16:37 - [MESSAGE][INFO] - Found 8 web elements with id: 'Object Repository/Filtreler/Basliklar' located by 'By.cssSelector: .control-label.col-sm-4.paddingMarginRLC' in '10' second(s)

2021-11-19 17:16:37 - [MESSAGE][INFO] - Smart Wait Function is triggered

2021-11-19 17:16:37 - [MESSAGE][PASSED] - Method.TextDegerineEsitElementinAltindakineTikla is PASSED

2021-11-19 17:16:37 - [TEST_STEP][PASSED] - Method.TextDegerineEsitElementeTikla(findTestObject("Object Repository/Filtreler/Basliga_Gore_Dropdown"), Filtre_Degeri): Method.TextDegerineEsitElementeTikla is PASSED

2021-11-19 17:16:37 - [MESSAGE][INFO] - Finding Test Object 'Object Repository/Filtreler/Basliga_Gore_Dropdown'

2021-11-19 17:16:38 - [MESSAGE][INFO] - Checking timeout

2021-11-19 17:16:38 - [MESSAGE][INFO] - Finding web element with id: 'Object Repository/Filtreler/Basliga_Gore_Dropdown' located by 'By.xpath: //*[@class = 'dxeListBoxItemRow_LECustomTheme']' in '10' second(s)

2021-11-19 17:16:38 - [MESSAGE][INFO] - Smart Wait Function is triggered

2021-11-19 17:16:38 - [MESSAGE][INFO] - Found 10 web elements with id: 'Object Repository/Filtreler/Basliga_Gore_Dropdown' located by 'By.xpath: //*[@class = 'dxeListBoxItemRow_LECustomTheme']' in '10' second(s)

2021-11-19 17:16:38 - [MESSAGE][PASSED] - Method.TextDegerineEsitElementeTikla is PASSED

2021-11-19 17:16:38 - [MESSAGE][PASSED] - Call Test Case 'Test Cases/Filtreler/DropdownSec' successfully

2021-11-19 17:16:38 - [MESSAGE][INFO] - Checking called Test Case

2021-11-19 17:16:38 - [MESSAGE][INFO] - Starting to call Test Case 'Test Cases/Filtreler/ButonaTikla'

2021-11-19 17:16:38 - [TEST_CASE][PASSED] - Test Cases/Filtreler/ButonaTikla: Test Cases/Filtreler/ButonaTikla

2021-11-19 17:16:38 - [TEST_STEP][PASSED] - Method.TextDegerineEsitElementeTikla(findTestObject("Filtreler/Butonlar"), Filtre_Buton): Method.TextDegerineEsitElementeTikla is PASSED

2021-11-19 17:16:38 - [MESSAGE][INFO] - Finding Test Object 'Object Repository/Filtreler/Butonlar'

2021-11-19 17:16:38 - [MESSAGE][INFO] - Checking timeout

2021-11-19 17:16:38 - [MESSAGE][INFO] - Finding web element with id: 'Object Repository/Filtreler/Butonlar' located by 'By.cssSelector: .dxb>span' in '10' second(s)

2021-11-19 17:16:38 - [MESSAGE][INFO] - Smart Wait Function is triggered

2021-11-19 17:16:38 - [MESSAGE][INFO] - Found 3 web elements with id: 'Object Repository/Filtreler/Butonlar' located by 'By.cssSelector: .dxb>span' in '10' second(s)

2021-11-19 17:16:39 - [MESSAGE][PASSED] - Method.TextDegerineEsitElementeTikla is PASSED

2021-11-19 17:16:39 - [MESSAGE][PASSED] - Call Test Case 'Test Cases/Filtreler/ButonaTikla' successfully

2021-11-19 17:16:39 - [MESSAGE][INFO] - Checking called Test Case

2021-11-19 17:16:39 - [MESSAGE][INFO] - Starting to call Test Case 'Test Cases/Tablo/TablonunButonunaTikla'

2021-11-19 17:16:39 - [TEST_CASE][PASSED] - Test Cases/Tablo/TablonunButonunaTikla: Test Cases/Tablo/TablonunButonunaTikla

2021-11-19 17:16:39 - [TEST_STEP][PASSED] - Method.TextDegerineEsitElementinAltindakiTextDegerineEsitOlanaTikla(findTestObject("Tablo/Veriler"), findTestObject("Tablo/VerininButonu"), Veri, Buton_Adi): Method.TextDegerineEsitElementinAltindakiTextDegerineEsitOlanaTikla is PASSED

2021-11-19 17:16:39 - [MESSAGE][INFO] - Finding Test Object 'Object Repository/Tablo/Veriler'

2021-11-19 17:16:39 - [MESSAGE][INFO] - Finding Test Object 'Object Repository/Tablo/VerininButonu'

2021-11-19 17:16:39 - [MESSAGE][INFO] - Checking timeout

2021-11-19 17:16:39 - [MESSAGE][INFO] - Finding web element with id: 'Object Repository/Tablo/Veriler' located by 'By.cssSelector: td.dxgv b ,td.dxgv' in '10' second(s)

2021-11-19 17:16:39 - [MESSAGE][INFO] - Smart Wait Function is triggered

2021-11-19 17:16:39 - [MESSAGE][INFO] - Found 110 web elements with id: 'Object Repository/Tablo/Veriler' located by 'By.cssSelector: td.dxgv b ,td.dxgv' in '10' second(s)

2021-11-19 17:16:39 - [MESSAGE][INFO] - Smart Wait Function is triggered

2021-11-19 17:16:40 - [MESSAGE][PASSED] - Method.TextDegerineEsitElementinAltindakiTextDegerineEsitOlanaTikla is PASSED

2021-11-19 17:16:40 - [MESSAGE][PASSED] - Call Test Case 'Test Cases/Tablo/TablonunButonunaTikla' successfully

2021-11-19 17:16:40 - [MESSAGE][INFO] - Checking called Test Case

2021-11-19 17:16:40 - [MESSAGE][INFO] - Starting to call Test Case 'Test Cases/Sekmeler/YeniSekmeyeGec'

2021-11-19 17:16:40 - [TEST_CASE][PASSED] - Test Cases/Sekmeler/YeniSekmeyeGec: Test Cases/Sekmeler/YeniSekmeyeGec

2021-11-19 17:16:40 - [TEST_STEP][PASSED] - switchToWindowIndex(1): Switched to window with index: '1'

2021-11-19 17:16:40 - [MESSAGE][INFO] - Checking index

2021-11-19 17:16:40 - [MESSAGE][INFO] - Switching window with index: '1'

2021-11-19 17:16:40 - [MESSAGE][PASSED] - Switched to window with index: '1'

2021-11-19 17:16:40 - [MESSAGE][PASSED] - Call Test Case 'Test Cases/Sekmeler/YeniSekmeyeGec' successfully

2021-11-19 17:16:40 - [MESSAGE][INFO] - Checking called Test Case

2021-11-19 17:16:40 - [MESSAGE][INFO] - Starting to call Test Case 'Test Cases/Tablo/TablodaVeriVarMi'

2021-11-19 17:16:40 - [TEST_CASE][PASSED] - Test Cases/Tablo/TablodaVeriVarMi: Test Cases/Tablo/TablodaVeriVarMi

2021-11-19 17:16:40 - [TEST_STEP][PASSED] - verifyTextNotPresent("Görüntülenecek veri yok", true): Text 'Görüntülenecek veri yok' is not present on page using regular expression

2021-11-19 17:16:40 - [MESSAGE][INFO] - Checking text present  using regular expression

2021-11-19 17:16:40 - [MESSAGE][INFO] - Smart Wait Function is triggered

2021-11-19 17:16:45 - [MESSAGE][INFO] - Finding text 'Görüntülenecek veri yok' on page  using regular expression

2021-11-19 17:16:45 - [MESSAGE][PASSED] - Text 'Görüntülenecek veri yok' is not present on page using regular expression

2021-11-19 17:16:45 - [MESSAGE][PASSED] - Call Test Case 'Test Cases/Tablo/TablodaVeriVarMi' successfully

2021-11-19 17:16:45 - [MESSAGE][INFO] - Checking called Test Case

2021-11-19 17:16:45 - [MESSAGE][INFO] - Starting to call Test Case 'Test Cases/Sekmeler/Ana_Sekmeye_Gec'

2021-11-19 17:16:45 - [TEST_CASE][PASSED] - Test Cases/Sekmeler/Ana_Sekmeye_Gec: Test Cases/Sekmeler/Ana_Sekmeye_Gec

2021-11-19 17:16:45 - [TEST_STEP][PASSED] - try: Window with index 1 is closed

2021-11-19 17:16:45 - [TEST_STEP][PASSED] - index = getWindowIndex(): Current window's index is: 1

2021-11-19 17:16:45 - [MESSAGE][INFO] - Getting current window's index

2021-11-19 17:16:45 - [MESSAGE][PASSED] - Current window's index is: 1

2021-11-19 17:16:45 - [TEST_STEP][PASSED] - closeWindowIndex(index): Window with index 1 is closed

2021-11-19 17:16:45 - [MESSAGE][INFO] - Checking index

2021-11-19 17:16:45 - [MESSAGE][INFO] - Closing window with index 1

2021-11-19 17:16:45 - [MESSAGE][PASSED] - Window with index 1 is closed

2021-11-19 17:16:45 - [TEST_STEP][PASSED] - switchToWindowIndex(0): Switched to window with index: '0'

2021-11-19 17:16:45 - [MESSAGE][INFO] - Checking index

2021-11-19 17:16:45 - [MESSAGE][INFO] - Switching window with index: '0'

2021-11-19 17:16:45 - [MESSAGE][PASSED] - Switched to window with index: '0'

2021-11-19 17:16:45 - [MESSAGE][PASSED] - Call Test Case 'Test Cases/Sekmeler/Ana_Sekmeye_Gec' successfully

2021-11-19 17:16:45 - [MESSAGE][INFO] - Checking called Test Case

2021-11-19 17:16:45 - [MESSAGE][INFO] - Starting to call Test Case 'Test Cases/Tablo/TablodaVeriVarMi'

2021-11-19 17:16:45 - [TEST_CASE][PASSED] - Test Cases/Tablo/TablodaVeriVarMi: Test Cases/Tablo/TablodaVeriVarMi

2021-11-19 17:16:45 - [TEST_STEP][PASSED] - verifyTextNotPresent("Görüntülenecek veri yok", true): Text 'Görüntülenecek veri yok' is not present on page using regular expression

2021-11-19 17:16:45 - [MESSAGE][INFO] - Checking text present  using regular expression

2021-11-19 17:16:45 - [MESSAGE][INFO] - Smart Wait Function is triggered

2021-11-19 17:16:46 - [MESSAGE][INFO] - Finding text 'Görüntülenecek veri yok' on page  using regular expression

2021-11-19 17:16:46 - [MESSAGE][PASSED] - Text 'Görüntülenecek veri yok' is not present on page using regular expression

2021-11-19 17:16:46 - [MESSAGE][PASSED] - Call Test Case 'Test Cases/Tablo/TablodaVeriVarMi' successfully

2021-11-19 17:16:46 - [MESSAGE][INFO] - Checking called Test Case

2021-11-19 17:16:46 - [MESSAGE][INFO] - Starting to call Test Case 'Test Cases/Tablo/TablodanVeriSec'

2021-11-19 17:16:46 - [TEST_CASE][PASSED] - Test Cases/Tablo/TablodanVeriSec: Test Cases/Tablo/TablodanVeriSec

2021-11-19 17:16:46 - [TEST_STEP][PASSED] - Method.TextDegerineEsitElementinAltindakineTikla(findTestObject("Tablo/Veriler"), findTestObject("Tablo/VerininCheckBoxi"), Veri_Adi): Method.TextDegerineEsitElementinAltindakineTikla is PASSED

2021-11-19 17:16:46 - [MESSAGE][INFO] - Finding Test Object 'Object Repository/Tablo/Veriler'

2021-11-19 17:16:46 - [MESSAGE][INFO] - Finding Test Object 'Object Repository/Tablo/VerininCheckBoxi'

2021-11-19 17:16:46 - [MESSAGE][INFO] - Checking timeout

2021-11-19 17:16:46 - [MESSAGE][INFO] - Finding web element with id: 'Object Repository/Tablo/Veriler' located by 'By.cssSelector: td.dxgv b ,td.dxgv' in '10' second(s)

2021-11-19 17:16:46 - [MESSAGE][INFO] - Smart Wait Function is triggered

2021-11-19 17:16:46 - [MESSAGE][INFO] - Found 110 web elements with id: 'Object Repository/Tablo/Veriler' located by 'By.cssSelector: td.dxgv b ,td.dxgv' in '10' second(s)

2021-11-19 17:16:46 - [MESSAGE][INFO] - Smart Wait Function is triggered

2021-11-19 17:16:47 - [MESSAGE][PASSED] - Method.TextDegerineEsitElementinAltindakineTikla is PASSED

2021-11-19 17:16:47 - [MESSAGE][PASSED] - Call Test Case 'Test Cases/Tablo/TablodanVeriSec' successfully

2021-11-19 17:16:47 - [MESSAGE][INFO] - Checking called Test Case

2021-11-19 17:16:47 - [MESSAGE][INFO] - Starting to call Test Case 'Test Cases/Butonlar/ButonaTikla'

2021-11-19 17:16:47 - [TEST_CASE][PASSED] - Test Cases/Butonlar/ButonaTikla: Test Cases/Butonlar/ButonaTikla

2021-11-19 17:16:47 - [TEST_STEP][PASSED] - Method.TextDegerineEsitElementeTiklaEquals(findTestObject("Butonlar/Butonlar"), Buton_Adi): Method.TextDegerineEsitElementeTiklaEquals is PASSED

2021-11-19 17:16:47 - [MESSAGE][INFO] - Finding Test Object 'Object Repository/Butonlar/Butonlar'

2021-11-19 17:16:47 - [MESSAGE][INFO] - Checking timeout

2021-11-19 17:16:47 - [MESSAGE][INFO] - Finding web element with id: 'Object Repository/Butonlar/Butonlar' located by 'By.cssSelector: .panel.panel-default.text-center.footerPanel .btn,.btn.btn-primary.btnControls' in '10' second(s)

2021-11-19 17:16:47 - [MESSAGE][INFO] - Smart Wait Function is triggered

2021-11-19 17:16:47 - [MESSAGE][INFO] - Found 5 web elements with id: 'Object Repository/Butonlar/Butonlar' located by 'By.cssSelector: .panel.panel-default.text-center.footerPanel .btn,.btn.btn-primary.btnControls' in '10' second(s)

2021-11-19 17:16:47 - [MESSAGE][PASSED] - Method.TextDegerineEsitElementeTiklaEquals is PASSED

2021-11-19 17:16:47 - [MESSAGE][PASSED] - Call Test Case 'Test Cases/Butonlar/ButonaTikla' successfully

2021-11-19 17:16:47 - [MESSAGE][INFO] - Checking called Test Case

2021-11-19 17:16:47 - [MESSAGE][INFO] - Starting to call Test Case 'Test Cases/Sekmeler/YeniSekmeyeGec'

2021-11-19 17:16:47 - [TEST_CASE][PASSED] - Test Cases/Sekmeler/YeniSekmeyeGec: Test Cases/Sekmeler/YeniSekmeyeGec

2021-11-19 17:16:47 - [TEST_STEP][PASSED] - switchToWindowIndex(1): Switched to window with index: '1'

2021-11-19 17:16:47 - [MESSAGE][INFO] - Checking index

2021-11-19 17:16:47 - [MESSAGE][INFO] - Switching window with index: '1'

2021-11-19 17:16:47 - [MESSAGE][PASSED] - Switched to window with index: '1'

2021-11-19 17:16:47 - [MESSAGE][PASSED] - Call Test Case 'Test Cases/Sekmeler/YeniSekmeyeGec' successfully

2021-11-19 17:16:47 - [MESSAGE][INFO] - Checking called Test Case

2021-11-19 17:16:47 - [MESSAGE][INFO] - Starting to call Test Case 'Test Cases/Sekmeler/TagGeldiMi'

2021-11-19 17:16:47 - [TEST_CASE][PASSED] - Test Cases/Sekmeler/TagGeldiMi: Test Cases/Sekmeler/TagGeldiMi

2021-11-19 17:16:47 - [TEST_STEP][PASSED] - waitForElementPresent(findTestObject("Object Repository/Sekmeler/UBLTag"), 10): Object 'Object Repository/Sekmeler/UBLTag' is present

2021-11-19 17:16:47 - [MESSAGE][INFO] - Finding Test Object 'Object Repository/Sekmeler/UBLTag'

2021-11-19 17:16:48 - [MESSAGE][INFO] - Checking object

2021-11-19 17:16:48 - [MESSAGE][INFO] - Finding web element from Test Object's properties

2021-11-19 17:16:48 - [MESSAGE][INFO] - Checking timeout

2021-11-19 17:16:48 - [MESSAGE][INFO] - Finding web element with id: 'Object Repository/Sekmeler/UBLTag' located by 'By.cssSelector: #webkit-xml-viewer-source-xml>:first-child' in '10' second(s)

2021-11-19 17:16:48 - [MESSAGE][INFO] - Smart Wait Function is triggered

2021-11-19 17:16:48 - [MESSAGE][INFO] - Found 1 web elements with id: 'Object Repository/Sekmeler/UBLTag' located by 'By.cssSelector: #webkit-xml-viewer-source-xml>:first-child' in '10' second(s)

2021-11-19 17:16:48 - [MESSAGE][PASSED] - Object 'Object Repository/Sekmeler/UBLTag' is present

2021-11-19 17:16:48 - [TEST_STEP][PASSED] - println(toLowerCase().toString()): Found 1 web elements with id: 'Object Repository/Sekmeler/UBLTag' located by 'By.cssSelector: #webkit-xml-viewer-source-xml>:first-child' in '10' second(s)

2021-11-19 17:16:48 - [MESSAGE][INFO] - Finding Test Object 'Object Repository/Sekmeler/UBLTag'

2021-11-19 17:16:48 - [MESSAGE][INFO] - Finding web element from Test Object's properties

2021-11-19 17:16:48 - [MESSAGE][INFO] - Checking timeout

2021-11-19 17:16:48 - [MESSAGE][INFO] - Finding web element with id: 'Object Repository/Sekmeler/UBLTag' located by 'By.cssSelector: #webkit-xml-viewer-source-xml>:first-child' in '10' second(s)

2021-11-19 17:16:48 - [MESSAGE][INFO] - Smart Wait Function is triggered

2021-11-19 17:16:48 - [MESSAGE][INFO] - Found 1 web elements with id: 'Object Repository/Sekmeler/UBLTag' located by 'By.cssSelector: #webkit-xml-viewer-source-xml>:first-child' in '10' second(s)

2021-11-19 17:16:48 - [TEST_STEP][PASSED] - if (!(toString().contains(toString().toLowerCase()))): Found 1 web elements with id: 'Object Repository/Sekmeler/UBLTag' located by 'By.cssSelector: #webkit-xml-viewer-source-xml>:first-child' in '10' second(s)

2021-11-19 17:16:48 - [MESSAGE][INFO] - Finding Test Object 'Object Repository/Sekmeler/UBLTag'

2021-11-19 17:16:48 - [MESSAGE][INFO] - Finding web element from Test Object's properties

2021-11-19 17:16:48 - [MESSAGE][INFO] - Checking timeout

2021-11-19 17:16:48 - [MESSAGE][INFO] - Finding web element with id: 'Object Repository/Sekmeler/UBLTag' located by 'By.cssSelector: #webkit-xml-viewer-source-xml>:first-child' in '10' second(s)

2021-11-19 17:16:48 - [MESSAGE][INFO] - Smart Wait Function is triggered

2021-11-19 17:16:48 - [MESSAGE][INFO] - Found 1 web elements with id: 'Object Repository/Sekmeler/UBLTag' located by 'By.cssSelector: #webkit-xml-viewer-source-xml>:first-child' in '10' second(s)

2021-11-19 17:16:48 - [MESSAGE][PASSED] - Call Test Case 'Test Cases/Sekmeler/TagGeldiMi' successfully

2021-11-19 17:16:48 - [MESSAGE][INFO] - Checking called Test Case

2021-11-19 17:16:48 - [MESSAGE][INFO] - Starting to call Test Case 'Test Cases/Sekmeler/Ana_Sekmeye_Gec'

2021-11-19 17:16:48 - [TEST_CASE][PASSED] - Test Cases/Sekmeler/Ana_Sekmeye_Gec: Test Cases/Sekmeler/Ana_Sekmeye_Gec

2021-11-19 17:16:48 - [TEST_STEP][PASSED] - try: Window with index 1 is closed

2021-11-19 17:16:48 - [TEST_STEP][PASSED] - index = getWindowIndex(): Current window's index is: 1

2021-11-19 17:16:48 - [MESSAGE][INFO] - Getting current window's index

2021-11-19 17:16:48 - [MESSAGE][PASSED] - Current window's index is: 1

2021-11-19 17:16:48 - [TEST_STEP][PASSED] - closeWindowIndex(index): Window with index 1 is closed

2021-11-19 17:16:48 - [MESSAGE][INFO] - Checking index

2021-11-19 17:16:48 - [MESSAGE][INFO] - Closing window with index 1

2021-11-19 17:16:48 - [MESSAGE][PASSED] - Window with index 1 is closed

2021-11-19 17:16:48 - [TEST_STEP][PASSED] - switchToWindowIndex(0): Switched to window with index: '0'

2021-11-19 17:16:48 - [MESSAGE][INFO] - Checking index

2021-11-19 17:16:48 - [MESSAGE][INFO] - Switching window with index: '0'

2021-11-19 17:16:48 - [MESSAGE][PASSED] - Switched to window with index: '0'

2021-11-19 17:16:48 - [MESSAGE][PASSED] - Call Test Case 'Test Cases/Sekmeler/Ana_Sekmeye_Gec' successfully

2021-11-19 17:16:48 - [MESSAGE][INFO] - Checking called Test Case

2021-11-19 17:16:48 - [MESSAGE][INFO] - Starting to call Test Case 'Test Cases/Butonlar/ButonaTikla'

2021-11-19 17:16:48 - [TEST_CASE][PASSED] - Test Cases/Butonlar/ButonaTikla: Test Cases/Butonlar/ButonaTikla

2021-11-19 17:16:48 - [TEST_STEP][PASSED] - Method.TextDegerineEsitElementeTiklaEquals(findTestObject("Butonlar/Butonlar"), Buton_Adi): Method.TextDegerineEsitElementeTiklaEquals is PASSED

2021-11-19 17:16:48 - [MESSAGE][INFO] - Finding Test Object 'Object Repository/Butonlar/Butonlar'

2021-11-19 17:16:48 - [MESSAGE][INFO] - Checking timeout

2021-11-19 17:16:48 - [MESSAGE][INFO] - Finding web element with id: 'Object Repository/Butonlar/Butonlar' located by 'By.cssSelector: .panel.panel-default.text-center.footerPanel .btn,.btn.btn-primary.btnControls' in '10' second(s)

2021-11-19 17:16:48 - [MESSAGE][INFO] - Smart Wait Function is triggered

2021-11-19 17:16:48 - [MESSAGE][INFO] - Found 5 web elements with id: 'Object Repository/Butonlar/Butonlar' located by 'By.cssSelector: .panel.panel-default.text-center.footerPanel .btn,.btn.btn-primary.btnControls' in '10' second(s)

2021-11-19 17:16:49 - [MESSAGE][PASSED] - Method.TextDegerineEsitElementeTiklaEquals is PASSED

2021-11-19 17:16:49 - [MESSAGE][PASSED] - Call Test Case 'Test Cases/Butonlar/ButonaTikla' successfully

2021-11-19 17:16:49 - [MESSAGE][INFO] - Checking called Test Case

2021-11-19 17:16:49 - [MESSAGE][INFO] - Starting to call Test Case 'Test Cases/Butonlar/AltButonaTikla'

2021-11-19 17:16:49 - [TEST_CASE][PASSED] - Test Cases/Butonlar/AltButonaTikla: Test Cases/Butonlar/AltButonaTikla

2021-11-19 17:16:49 - [TEST_STEP][PASSED] - Method.TextDegerineEsitElementeTikla(findTestObject("Butonlar/AltButonlar"), Alt_Buton): Method.TextDegerineEsitElementeTikla is PASSED

2021-11-19 17:16:49 - [MESSAGE][INFO] - Finding Test Object 'Object Repository/Butonlar/AltButonlar'

2021-11-19 17:16:49 - [MESSAGE][INFO] - Checking timeout

2021-11-19 17:16:49 - [MESSAGE][INFO] - Finding web element with id: 'Object Repository/Butonlar/AltButonlar' located by 'By.cssSelector: .btn-group.open li>a' in '10' second(s)

2021-11-19 17:16:49 - [MESSAGE][INFO] - Smart Wait Function is triggered

2021-11-19 17:16:49 - [MESSAGE][INFO] - Found 1 web elements with id: 'Object Repository/Butonlar/AltButonlar' located by 'By.cssSelector: .btn-group.open li>a' in '10' second(s)

2021-11-19 17:16:49 - [MESSAGE][PASSED] - Method.TextDegerineEsitElementeTikla is PASSED

2021-11-19 17:16:49 - [MESSAGE][PASSED] - Call Test Case 'Test Cases/Butonlar/AltButonaTikla' successfully

2021-11-19 17:16:49 - [MESSAGE][INFO] - Checking called Test Case

2021-11-19 17:16:49 - [MESSAGE][INFO] - Starting to call Test Case 'Test Cases/Butonlar/DosyaIndirildiMi'

2021-11-19 17:16:49 - [TEST_CASE][PASSED] - Test Cases/Butonlar/DosyaIndirildiMi: Test Cases/Butonlar/DosyaIndirildiMi

2021-11-19 17:16:49 - [TEST_STEP][PASSED] - Method.isimliDosyaIndirildiMi(DownloadFile, FileName): Method.isimliDosyaIndirildiMi is PASSED

2021-11-19 17:16:49 - [MESSAGE][INFO] - Delaying browser in 3 second(s)

2021-11-19 17:16:52 - [MESSAGE][PASSED] - Delayed 3 second(s)

2021-11-19 17:16:52 - [MESSAGE][PASSED] - Method.isimliDosyaIndirildiMi is PASSED

2021-11-19 17:16:52 - [MESSAGE][PASSED] - Call Test Case 'Test Cases/Butonlar/DosyaIndirildiMi' successfully

2021-11-19 17:16:52 - [MESSAGE][INFO] - Checking called Test Case

2021-11-19 17:16:52 - [MESSAGE][INFO] - Starting to call Test Case 'Test Cases/Butonlar/ButonaTikla'

2021-11-19 17:16:52 - [TEST_CASE][PASSED] - Test Cases/Butonlar/ButonaTikla: Test Cases/Butonlar/ButonaTikla

2021-11-19 17:16:52 - [TEST_STEP][PASSED] - Method.TextDegerineEsitElementeTiklaEquals(findTestObject("Butonlar/Butonlar"), Buton_Adi): Method.TextDegerineEsitElementeTiklaEquals is PASSED

2021-11-19 17:16:52 - [MESSAGE][INFO] - Finding Test Object 'Object Repository/Butonlar/Butonlar'

2021-11-19 17:16:52 - [MESSAGE][INFO] - Checking timeout

2021-11-19 17:16:52 - [MESSAGE][INFO] - Finding web element with id: 'Object Repository/Butonlar/Butonlar' located by 'By.cssSelector: .panel.panel-default.text-center.footerPanel .btn,.btn.btn-primary.btnControls' in '10' second(s)

2021-11-19 17:16:52 - [MESSAGE][INFO] - Smart Wait Function is triggered

2021-11-19 17:16:53 - [MESSAGE][INFO] - Found 5 web elements with id: 'Object Repository/Butonlar/Butonlar' located by 'By.cssSelector: .panel.panel-default.text-center.footerPanel .btn,.btn.btn-primary.btnControls' in '10' second(s)

2021-11-19 17:16:53 - [MESSAGE][PASSED] - Method.TextDegerineEsitElementeTiklaEquals is PASSED

2021-11-19 17:16:53 - [MESSAGE][PASSED] - Call Test Case 'Test Cases/Butonlar/ButonaTikla' successfully

2021-11-19 17:16:53 - [MESSAGE][INFO] - Checking called Test Case

2021-11-19 17:16:53 - [MESSAGE][INFO] - Starting to call Test Case 'Test Cases/Butonlar/AltButonaTikla'

2021-11-19 17:16:53 - [TEST_CASE][PASSED] - Test Cases/Butonlar/AltButonaTikla: Test Cases/Butonlar/AltButonaTikla

2021-11-19 17:16:53 - [TEST_STEP][PASSED] - Method.TextDegerineEsitElementeTikla(findTestObject("Butonlar/AltButonlar"), Alt_Buton): Method.TextDegerineEsitElementeTikla is PASSED

2021-11-19 17:16:53 - [MESSAGE][INFO] - Finding Test Object 'Object Repository/Butonlar/AltButonlar'

2021-11-19 17:16:53 - [MESSAGE][INFO] - Checking timeout

2021-11-19 17:16:53 - [MESSAGE][INFO] - Finding web element with id: 'Object Repository/Butonlar/AltButonlar' located by 'By.cssSelector: .btn-group.open li>a' in '10' second(s)

2021-11-19 17:16:53 - [MESSAGE][INFO] - Smart Wait Function is triggered

2021-11-19 17:16:53 - [MESSAGE][INFO] - Found 2 web elements with id: 'Object Repository/Butonlar/AltButonlar' located by 'By.cssSelector: .btn-group.open li>a' in '10' second(s)

2021-11-19 17:16:53 - [MESSAGE][PASSED] - Method.TextDegerineEsitElementeTikla is PASSED

2021-11-19 17:16:53 - [MESSAGE][PASSED] - Call Test Case 'Test Cases/Butonlar/AltButonaTikla' successfully

2021-11-19 17:16:53 - [MESSAGE][INFO] - Checking called Test Case

2021-11-19 17:16:53 - [MESSAGE][INFO] - Starting to call Test Case 'Test Cases/Popup/PopupMesajiIceriyorMu'

2021-11-19 17:16:53 - [TEST_CASE][PASSED] - Test Cases/Popup/PopupMesajiIceriyorMu: Test Cases/Popup/PopupMesajiIceriyorMu

2021-11-19 17:16:53 - [TEST_STEP][PASSED] - waitForElementVisible(findTestObject("Popup/Popup"), 10): Object 'Object Repository/Popup/Popup' is visible

2021-11-19 17:16:53 - [MESSAGE][INFO] - Finding Test Object 'Object Repository/Popup/Popup'

2021-11-19 17:16:53 - [MESSAGE][INFO] - Checking object

2021-11-19 17:16:53 - [MESSAGE][INFO] - Checking timeout

2021-11-19 17:16:53 - [MESSAGE][INFO] - Finding web element from Test Object's properties

2021-11-19 17:16:53 - [MESSAGE][INFO] - Checking timeout

2021-11-19 17:16:53 - [MESSAGE][INFO] - Finding web element with id: 'Object Repository/Popup/Popup' located by 'By.cssSelector: .bootbox-body' in '10' second(s)

2021-11-19 17:16:53 - [MESSAGE][INFO] - Smart Wait Function is triggered

2021-11-19 17:16:54 - [MESSAGE][INFO] - Found 1 web elements with id: 'Object Repository/Popup/Popup' located by 'By.cssSelector: .bootbox-body' in '10' second(s)

2021-11-19 17:16:54 - [MESSAGE][PASSED] - Object 'Object Repository/Popup/Popup' is visible

2021-11-19 17:16:54 - [TEST_STEP][PASSED] - if (!(getText(findTestObject("Popup/Popup")).contains(Mesaj))): Text of object 'Object Repository/Popup/Popup' is: 'Lütfen rapor bildiriminin gönderileceği e-posta adresini belirtiniz.
e-Posta Adresi'

2021-11-19 17:16:54 - [MESSAGE][INFO] - Finding Test Object 'Object Repository/Popup/Popup'

2021-11-19 17:16:54 - [MESSAGE][INFO] - Checking object

2021-11-19 17:16:54 - [MESSAGE][INFO] - Finding web element from Test Object's properties

2021-11-19 17:16:54 - [MESSAGE][INFO] - Checking timeout

2021-11-19 17:16:54 - [MESSAGE][INFO] - Finding web element with id: 'Object Repository/Popup/Popup' located by 'By.cssSelector: .bootbox-body' in '30' second(s)

2021-11-19 17:16:54 - [MESSAGE][INFO] - Smart Wait Function is triggered

2021-11-19 17:16:54 - [MESSAGE][INFO] - Found 1 web elements with id: 'Object Repository/Popup/Popup' located by 'By.cssSelector: .bootbox-body' in '30' second(s)

2021-11-19 17:16:54 - [MESSAGE][INFO] - Getting text of object 'Object Repository/Popup/Popup'

2021-11-19 17:16:54 - [MESSAGE][PASSED] - Text of object 'Object Repository/Popup/Popup' is: 'Lütfen rapor bildiriminin gönderileceği e-posta adresini belirtiniz.
e-Posta Adresi'

2021-11-19 17:16:54 - [TEST_STEP][PASSED] - RaporNo = getText(findTestObject("Popup/Popup")).substring(0, 6): Text of object 'Object Repository/Popup/Popup' is: 'Lütfen rapor bildiriminin gönderileceği e-posta adresini belirtiniz.
e-Posta Adresi'

2021-11-19 17:16:54 - [MESSAGE][INFO] - Finding Test Object 'Object Repository/Popup/Popup'

2021-11-19 17:16:54 - [MESSAGE][INFO] - Checking object

2021-11-19 17:16:54 - [MESSAGE][INFO] - Finding web element from Test Object's properties

2021-11-19 17:16:54 - [MESSAGE][INFO] - Checking timeout

2021-11-19 17:16:54 - [MESSAGE][INFO] - Finding web element with id: 'Object Repository/Popup/Popup' located by 'By.cssSelector: .bootbox-body' in '30' second(s)

2021-11-19 17:16:54 - [MESSAGE][INFO] - Smart Wait Function is triggered

2021-11-19 17:16:55 - [MESSAGE][INFO] - Found 1 web elements with id: 'Object Repository/Popup/Popup' located by 'By.cssSelector: .bootbox-body' in '30' second(s)

2021-11-19 17:16:55 - [MESSAGE][INFO] - Getting text of object 'Object Repository/Popup/Popup'

2021-11-19 17:16:55 - [MESSAGE][PASSED] - Text of object 'Object Repository/Popup/Popup' is: 'Lütfen rapor bildiriminin gönderileceği e-posta adresini belirtiniz.
e-Posta Adresi'

2021-11-19 17:16:55 - [TEST_STEP][PASSED] - Console.println(RaporNo): null

2021-11-19 17:16:55 - [MESSAGE][PASSED] - Call Test Case 'Test Cases/Popup/PopupMesajiIceriyorMu' successfully

2021-11-19 17:16:55 - [MESSAGE][INFO] - Checking called Test Case

2021-11-19 17:16:55 - [MESSAGE][INFO] - Starting to call Test Case 'Test Cases/Popup/PopupaEmailEklenir'

2021-11-19 17:16:55 - [TEST_CASE][PASSED] - Test Cases/Popup/PopupaEmailEklenir: Test Cases/Popup/PopupaEmailEklenir

2021-11-19 17:16:55 - [TEST_STEP][PASSED] - clearText(findTestObject("Popup/EmailText")): Text of object 'Object Repository/Popup/EmailText' is cleared

2021-11-19 17:16:55 - [MESSAGE][INFO] - Finding Test Object 'Object Repository/Popup/EmailText'

2021-11-19 17:16:55 - [MESSAGE][INFO] - Checking object

2021-11-19 17:16:55 - [MESSAGE][INFO] - Finding web element from Test Object's properties

2021-11-19 17:16:55 - [MESSAGE][INFO] - Checking timeout

2021-11-19 17:16:55 - [MESSAGE][INFO] - Finding web element with id: 'Object Repository/Popup/EmailText' located by 'By.xpath: //*[@id="eMails"]' in '30' second(s)

2021-11-19 17:16:55 - [MESSAGE][INFO] - Smart Wait Function is triggered

2021-11-19 17:16:55 - [MESSAGE][INFO] - Found 1 web elements with id: 'Object Repository/Popup/EmailText' located by 'By.xpath: //*[@id="eMails"]' in '30' second(s)

2021-11-19 17:16:55 - [MESSAGE][INFO] - Clearing text of object 'Object Repository/Popup/EmailText'

2021-11-19 17:16:55 - [MESSAGE][PASSED] - Text of object 'Object Repository/Popup/EmailText' is cleared

2021-11-19 17:16:55 - [TEST_STEP][PASSED] - sendKeys(findTestObject("Popup/EmailText"), Email): Keys 'elogotest@gmail.com;ali.kara@logo.com.tr' sent to object: 'Object Repository/Popup/EmailText'

2021-11-19 17:16:55 - [MESSAGE][INFO] - Finding Test Object 'Object Repository/Popup/EmailText'

2021-11-19 17:16:55 - [MESSAGE][INFO] - Sending keys 'elogotest@gmail.com;ali.kara@logo.com.tr' to object: 'Object Repository/Popup/EmailText'

2021-11-19 17:16:55 - [MESSAGE][INFO] - Finding web element from Test Object's properties

2021-11-19 17:16:55 - [MESSAGE][INFO] - Checking timeout

2021-11-19 17:16:55 - [MESSAGE][INFO] - Finding web element with id: 'Object Repository/Popup/EmailText' located by 'By.xpath: //*[@id="eMails"]' in '30' second(s)

2021-11-19 17:16:55 - [MESSAGE][INFO] - Smart Wait Function is triggered

2021-11-19 17:16:55 - [MESSAGE][INFO] - Found 1 web elements with id: 'Object Repository/Popup/EmailText' located by 'By.xpath: //*[@id="eMails"]' in '30' second(s)

2021-11-19 17:16:55 - [MESSAGE][PASSED] - Keys 'elogotest@gmail.com;ali.kara@logo.com.tr' sent to object: 'Object Repository/Popup/EmailText'

2021-11-19 17:16:55 - [MESSAGE][PASSED] - Call Test Case 'Test Cases/Popup/PopupaEmailEklenir' successfully

2021-11-19 17:16:55 - [MESSAGE][INFO] - Checking called Test Case

2021-11-19 17:16:55 - [MESSAGE][INFO] - Starting to call Test Case 'Test Cases/Popup/PopupButonSecilir'

2021-11-19 17:16:56 - [TEST_CASE][PASSED] - Test Cases/Popup/PopupButonSecilir: Test Cases/Popup/PopupButonSecilir

2021-11-19 17:16:56 - [TEST_STEP][PASSED] - Method.TextDegerineEsitElementeTikla(findTestObject("Popup/Popup_Butons"), Buton): Method.TextDegerineEsitElementeTikla is PASSED

2021-11-19 17:16:56 - [MESSAGE][INFO] - Finding Test Object 'Object Repository/Popup/Popup_Butons'

2021-11-19 17:16:56 - [MESSAGE][INFO] - Checking timeout

2021-11-19 17:16:56 - [MESSAGE][INFO] - Finding web element with id: 'Object Repository/Popup/Popup_Butons' located by 'By.cssSelector: .modal-footer>button' in '10' second(s)

2021-11-19 17:16:56 - [MESSAGE][INFO] - Smart Wait Function is triggered

2021-11-19 17:16:56 - [MESSAGE][INFO] - Found 2 web elements with id: 'Object Repository/Popup/Popup_Butons' located by 'By.cssSelector: .modal-footer>button' in '10' second(s)

2021-11-19 17:16:56 - [MESSAGE][PASSED] - Method.TextDegerineEsitElementeTikla is PASSED

2021-11-19 17:16:56 - [MESSAGE][PASSED] - Call Test Case 'Test Cases/Popup/PopupButonSecilir' successfully

2021-11-19 17:16:56 - [MESSAGE][INFO] - Checking called Test Case

2021-11-19 17:16:56 - [MESSAGE][INFO] - Starting to call Test Case 'Test Cases/Popup/PopupMesajiIceriyorMu'

2021-11-19 17:16:56 - [TEST_CASE][PASSED] - Test Cases/Popup/PopupMesajiIceriyorMu: Test Cases/Popup/PopupMesajiIceriyorMu

2021-11-19 17:16:56 - [TEST_STEP][PASSED] - waitForElementVisible(findTestObject("Popup/Popup"), 10): Object 'Object Repository/Popup/Popup' is visible

2021-11-19 17:16:56 - [MESSAGE][INFO] - Finding Test Object 'Object Repository/Popup/Popup'

2021-11-19 17:16:56 - [MESSAGE][INFO] - Checking object

2021-11-19 17:16:56 - [MESSAGE][INFO] - Checking timeout

2021-11-19 17:16:56 - [MESSAGE][INFO] - Finding web element from Test Object's properties

2021-11-19 17:16:56 - [MESSAGE][INFO] - Checking timeout

2021-11-19 17:16:56 - [MESSAGE][INFO] - Finding web element with id: 'Object Repository/Popup/Popup' located by 'By.cssSelector: .bootbox-body' in '10' second(s)

2021-11-19 17:16:56 - [MESSAGE][INFO] - Smart Wait Function is triggered

2021-11-19 17:16:57 - [MESSAGE][INFO] - Found 1 web elements with id: 'Object Repository/Popup/Popup' located by 'By.cssSelector: .bootbox-body' in '10' second(s)

2021-11-19 17:16:57 - [MESSAGE][PASSED] - Object 'Object Repository/Popup/Popup' is visible

2021-11-19 17:16:57 - [TEST_STEP][PASSED] - if (!(getText(findTestObject("Popup/Popup")).contains(Mesaj))): Text of object 'Object Repository/Popup/Popup' is: '17475 no’lu talebiniz işleme alınmıştır. Raporunuz hazırlandığında (elogotest@gmail.com;ali.kara@logo.com.tr) adresinize mail gönderilecektir.
Rapor durumunuzu Raporlar > Toplu Veri İndirme ekranından takip edebilir, hazırlandı durumundaki raporlarınızı ilgili menüden indirebilirsiniz.'

2021-11-19 17:16:57 - [MESSAGE][INFO] - Finding Test Object 'Object Repository/Popup/Popup'

2021-11-19 17:16:57 - [MESSAGE][INFO] - Checking object

2021-11-19 17:16:57 - [MESSAGE][INFO] - Finding web element from Test Object's properties

2021-11-19 17:16:57 - [MESSAGE][INFO] - Checking timeout

2021-11-19 17:16:57 - [MESSAGE][INFO] - Finding web element with id: 'Object Repository/Popup/Popup' located by 'By.cssSelector: .bootbox-body' in '30' second(s)

2021-11-19 17:16:57 - [MESSAGE][INFO] - Smart Wait Function is triggered

2021-11-19 17:16:57 - [MESSAGE][INFO] - Found 1 web elements with id: 'Object Repository/Popup/Popup' located by 'By.cssSelector: .bootbox-body' in '30' second(s)

2021-11-19 17:16:57 - [MESSAGE][INFO] - Getting text of object 'Object Repository/Popup/Popup'

2021-11-19 17:16:57 - [MESSAGE][PASSED] - Text of object 'Object Repository/Popup/Popup' is: '17475 no’lu talebiniz işleme alınmıştır. Raporunuz hazırlandığında (elogotest@gmail.com;ali.kara@logo.com.tr) adresinize mail gönderilecektir.
Rapor durumunuzu Raporlar > Toplu Veri İndirme ekranından takip edebilir, hazırlandı durumundaki raporlarınızı ilgili menüden indirebilirsiniz.'

2021-11-19 17:16:57 - [TEST_STEP][PASSED] - RaporNo = getText(findTestObject("Popup/Popup")).substring(0, 6): Text of object 'Object Repository/Popup/Popup' is: '17475 no’lu talebiniz işleme alınmıştır. Raporunuz hazırlandığında (elogotest@gmail.com;ali.kara@logo.com.tr) adresinize mail gönderilecektir.
Rapor durumunuzu Raporlar > Toplu Veri İndirme ekranından takip edebilir, hazırlandı durumundaki raporlarınızı ilgili menüden indirebilirsiniz.'

2021-11-19 17:16:57 - [MESSAGE][INFO] - Finding Test Object 'Object Repository/Popup/Popup'

2021-11-19 17:16:57 - [MESSAGE][INFO] - Checking object

2021-11-19 17:16:57 - [MESSAGE][INFO] - Finding web element from Test Object's properties

2021-11-19 17:16:57 - [MESSAGE][INFO] - Checking timeout

2021-11-19 17:16:57 - [MESSAGE][INFO] - Finding web element with id: 'Object Repository/Popup/Popup' located by 'By.cssSelector: .bootbox-body' in '30' second(s)

2021-11-19 17:16:57 - [MESSAGE][INFO] - Smart Wait Function is triggered

2021-11-19 17:16:58 - [MESSAGE][INFO] - Found 1 web elements with id: 'Object Repository/Popup/Popup' located by 'By.cssSelector: .bootbox-body' in '30' second(s)

2021-11-19 17:16:58 - [MESSAGE][INFO] - Getting text of object 'Object Repository/Popup/Popup'

2021-11-19 17:16:58 - [MESSAGE][PASSED] - Text of object 'Object Repository/Popup/Popup' is: '17475 no’lu talebiniz işleme alınmıştır. Raporunuz hazırlandığında (elogotest@gmail.com;ali.kara@logo.com.tr) adresinize mail gönderilecektir.
Rapor durumunuzu Raporlar > Toplu Veri İndirme ekranından takip edebilir, hazırlandı durumundaki raporlarınızı ilgili menüden indirebilirsiniz.'

2021-11-19 17:16:58 - [TEST_STEP][PASSED] - Console.println(RaporNo): null

2021-11-19 17:16:58 - [MESSAGE][PASSED] - Call Test Case 'Test Cases/Popup/PopupMesajiIceriyorMu' successfully

2021-11-19 17:16:58 - [MESSAGE][INFO] - Checking called Test Case

2021-11-19 17:16:58 - [MESSAGE][INFO] - Starting to call Test Case 'Test Cases/Popup/PopupButonSecilir'

2021-11-19 17:16:58 - [TEST_CASE][PASSED] - Test Cases/Popup/PopupButonSecilir: Test Cases/Popup/PopupButonSecilir

2021-11-19 17:16:58 - [TEST_STEP][PASSED] - Method.TextDegerineEsitElementeTikla(findTestObject("Popup/Popup_Butons"), Buton): Method.TextDegerineEsitElementeTikla is PASSED

2021-11-19 17:16:58 - [MESSAGE][INFO] - Finding Test Object 'Object Repository/Popup/Popup_Butons'

2021-11-19 17:16:58 - [MESSAGE][INFO] - Checking timeout

2021-11-19 17:16:58 - [MESSAGE][INFO] - Finding web element with id: 'Object Repository/Popup/Popup_Butons' located by 'By.cssSelector: .modal-footer>button' in '10' second(s)

2021-11-19 17:16:58 - [MESSAGE][INFO] - Smart Wait Function is triggered

2021-11-19 17:16:58 - [MESSAGE][INFO] - Found 1 web elements with id: 'Object Repository/Popup/Popup_Butons' located by 'By.cssSelector: .modal-footer>button' in '10' second(s)

2021-11-19 17:16:58 - [MESSAGE][PASSED] - Method.TextDegerineEsitElementeTikla is PASSED

2021-11-19 17:16:58 - [MESSAGE][PASSED] - Call Test Case 'Test Cases/Popup/PopupButonSecilir' successfully

2021-11-19 17:16:58 - [MESSAGE][INFO] - Checking called Test Case

2021-11-19 17:16:58 - [MESSAGE][INFO] - Starting to call Test Case 'Test Cases/Butonlar/ButonaTikla'

2021-11-19 17:16:58 - [TEST_CASE][PASSED] - Test Cases/Butonlar/ButonaTikla: Test Cases/Butonlar/ButonaTikla

2021-11-19 17:16:58 - [TEST_STEP][PASSED] - Method.TextDegerineEsitElementeTiklaEquals(findTestObject("Butonlar/Butonlar"), Buton_Adi): Method.TextDegerineEsitElementeTiklaEquals is PASSED

2021-11-19 17:16:58 - [MESSAGE][INFO] - Finding Test Object 'Object Repository/Butonlar/Butonlar'

2021-11-19 17:16:58 - [MESSAGE][INFO] - Checking timeout

2021-11-19 17:16:58 - [MESSAGE][INFO] - Finding web element with id: 'Object Repository/Butonlar/Butonlar' located by 'By.cssSelector: .panel.panel-default.text-center.footerPanel .btn,.btn.btn-primary.btnControls' in '10' second(s)

2021-11-19 17:16:58 - [MESSAGE][INFO] - Smart Wait Function is triggered

2021-11-19 17:16:59 - [MESSAGE][INFO] - Found 5 web elements with id: 'Object Repository/Butonlar/Butonlar' located by 'By.cssSelector: .panel.panel-default.text-center.footerPanel .btn,.btn.btn-primary.btnControls' in '10' second(s)

2021-11-19 17:16:59 - [MESSAGE][PASSED] - Method.TextDegerineEsitElementeTiklaEquals is PASSED

2021-11-19 17:16:59 - [MESSAGE][PASSED] - Call Test Case 'Test Cases/Butonlar/ButonaTikla' successfully

2021-11-19 17:16:59 - [MESSAGE][INFO] - Checking called Test Case

2021-11-19 17:16:59 - [MESSAGE][INFO] - Starting to call Test Case 'Test Cases/Butonlar/AltButonaTikla'

2021-11-19 17:16:59 - [TEST_CASE][PASSED] - Test Cases/Butonlar/AltButonaTikla: Test Cases/Butonlar/AltButonaTikla

2021-11-19 17:16:59 - [TEST_STEP][PASSED] - Method.TextDegerineEsitElementeTikla(findTestObject("Butonlar/AltButonlar"), Alt_Buton): Method.TextDegerineEsitElementeTikla is PASSED

2021-11-19 17:16:59 - [MESSAGE][INFO] - Finding Test Object 'Object Repository/Butonlar/AltButonlar'

2021-11-19 17:16:59 - [MESSAGE][INFO] - Checking timeout

2021-11-19 17:16:59 - [MESSAGE][INFO] - Finding web element with id: 'Object Repository/Butonlar/AltButonlar' located by 'By.cssSelector: .btn-group.open li>a' in '10' second(s)

2021-11-19 17:16:59 - [MESSAGE][INFO] - Smart Wait Function is triggered

2021-11-19 17:16:59 - [MESSAGE][INFO] - Found 2 web elements with id: 'Object Repository/Butonlar/AltButonlar' located by 'By.cssSelector: .btn-group.open li>a' in '10' second(s)

2021-11-19 17:17:00 - [MESSAGE][PASSED] - Method.TextDegerineEsitElementeTikla is PASSED

2021-11-19 17:17:00 - [MESSAGE][PASSED] - Call Test Case 'Test Cases/Butonlar/AltButonaTikla' successfully

2021-11-19 17:17:00 - [MESSAGE][INFO] - Checking called Test Case

2021-11-19 17:17:00 - [MESSAGE][INFO] - Starting to call Test Case 'Test Cases/Popup/PopupMesajiIceriyorMu'

2021-11-19 17:17:00 - [TEST_CASE][PASSED] - Test Cases/Popup/PopupMesajiIceriyorMu: Test Cases/Popup/PopupMesajiIceriyorMu

2021-11-19 17:17:00 - [TEST_STEP][PASSED] - waitForElementVisible(findTestObject("Popup/Popup"), 10): Object 'Object Repository/Popup/Popup' is visible

2021-11-19 17:17:00 - [MESSAGE][INFO] - Finding Test Object 'Object Repository/Popup/Popup'

2021-11-19 17:17:00 - [MESSAGE][INFO] - Checking object

2021-11-19 17:17:00 - [MESSAGE][INFO] - Checking timeout

2021-11-19 17:17:00 - [MESSAGE][INFO] - Finding web element from Test Object's properties

2021-11-19 17:17:00 - [MESSAGE][INFO] - Checking timeout

2021-11-19 17:17:00 - [MESSAGE][INFO] - Finding web element with id: 'Object Repository/Popup/Popup' located by 'By.cssSelector: .bootbox-body' in '10' second(s)

2021-11-19 17:17:00 - [MESSAGE][INFO] - Smart Wait Function is triggered

2021-11-19 17:17:00 - [MESSAGE][INFO] - Found 1 web elements with id: 'Object Repository/Popup/Popup' located by 'By.cssSelector: .bootbox-body' in '10' second(s)

2021-11-19 17:17:00 - [MESSAGE][PASSED] - Object 'Object Repository/Popup/Popup' is visible

2021-11-19 17:17:00 - [TEST_STEP][PASSED] - if (!(getText(findTestObject("Popup/Popup")).contains(Mesaj))): Text of object 'Object Repository/Popup/Popup' is: 'Lütfen rapor bildiriminin gönderileceği e-posta adresini belirtiniz.
e-Posta Adresi'

2021-11-19 17:17:00 - [MESSAGE][INFO] - Finding Test Object 'Object Repository/Popup/Popup'

2021-11-19 17:17:00 - [MESSAGE][INFO] - Checking object

2021-11-19 17:17:00 - [MESSAGE][INFO] - Finding web element from Test Object's properties

2021-11-19 17:17:00 - [MESSAGE][INFO] - Checking timeout

2021-11-19 17:17:00 - [MESSAGE][INFO] - Finding web element with id: 'Object Repository/Popup/Popup' located by 'By.cssSelector: .bootbox-body' in '30' second(s)

2021-11-19 17:17:00 - [MESSAGE][INFO] - Smart Wait Function is triggered

2021-11-19 17:17:01 - [MESSAGE][INFO] - Found 1 web elements with id: 'Object Repository/Popup/Popup' located by 'By.cssSelector: .bootbox-body' in '30' second(s)

2021-11-19 17:17:01 - [MESSAGE][INFO] - Getting text of object 'Object Repository/Popup/Popup'

2021-11-19 17:17:01 - [MESSAGE][PASSED] - Text of object 'Object Repository/Popup/Popup' is: 'Lütfen rapor bildiriminin gönderileceği e-posta adresini belirtiniz.
e-Posta Adresi'

2021-11-19 17:17:01 - [TEST_STEP][PASSED] - RaporNo = getText(findTestObject("Popup/Popup")).substring(0, 6): Text of object 'Object Repository/Popup/Popup' is: 'Lütfen rapor bildiriminin gönderileceği e-posta adresini belirtiniz.
e-Posta Adresi'

2021-11-19 17:17:01 - [MESSAGE][INFO] - Finding Test Object 'Object Repository/Popup/Popup'

2021-11-19 17:17:01 - [MESSAGE][INFO] - Checking object

2021-11-19 17:17:01 - [MESSAGE][INFO] - Finding web element from Test Object's properties

2021-11-19 17:17:01 - [MESSAGE][INFO] - Checking timeout

2021-11-19 17:17:01 - [MESSAGE][INFO] - Finding web element with id: 'Object Repository/Popup/Popup' located by 'By.cssSelector: .bootbox-body' in '30' second(s)

2021-11-19 17:17:01 - [MESSAGE][INFO] - Smart Wait Function is triggered

2021-11-19 17:17:01 - [MESSAGE][INFO] - Found 1 web elements with id: 'Object Repository/Popup/Popup' located by 'By.cssSelector: .bootbox-body' in '30' second(s)

2021-11-19 17:17:01 - [MESSAGE][INFO] - Getting text of object 'Object Repository/Popup/Popup'

2021-11-19 17:17:01 - [MESSAGE][PASSED] - Text of object 'Object Repository/Popup/Popup' is: 'Lütfen rapor bildiriminin gönderileceği e-posta adresini belirtiniz.
e-Posta Adresi'

2021-11-19 17:17:01 - [TEST_STEP][PASSED] - Console.println(RaporNo): null

2021-11-19 17:17:01 - [MESSAGE][PASSED] - Call Test Case 'Test Cases/Popup/PopupMesajiIceriyorMu' successfully

2021-11-19 17:17:01 - [MESSAGE][INFO] - Checking called Test Case

2021-11-19 17:17:01 - [MESSAGE][INFO] - Starting to call Test Case 'Test Cases/Popup/PopupaEmailEklenir'

2021-11-19 17:17:01 - [TEST_CASE][PASSED] - Test Cases/Popup/PopupaEmailEklenir: Test Cases/Popup/PopupaEmailEklenir

2021-11-19 17:17:01 - [TEST_STEP][PASSED] - clearText(findTestObject("Popup/EmailText")): Text of object 'Object Repository/Popup/EmailText' is cleared

2021-11-19 17:17:01 - [MESSAGE][INFO] - Finding Test Object 'Object Repository/Popup/EmailText'

2021-11-19 17:17:01 - [MESSAGE][INFO] - Checking object

2021-11-19 17:17:01 - [MESSAGE][INFO] - Finding web element from Test Object's properties

2021-11-19 17:17:01 - [MESSAGE][INFO] - Checking timeout

2021-11-19 17:17:01 - [MESSAGE][INFO] - Finding web element with id: 'Object Repository/Popup/EmailText' located by 'By.xpath: //*[@id="eMails"]' in '30' second(s)

2021-11-19 17:17:01 - [MESSAGE][INFO] - Smart Wait Function is triggered

2021-11-19 17:17:01 - [MESSAGE][INFO] - Found 1 web elements with id: 'Object Repository/Popup/EmailText' located by 'By.xpath: //*[@id="eMails"]' in '30' second(s)

2021-11-19 17:17:01 - [MESSAGE][INFO] - Clearing text of object 'Object Repository/Popup/EmailText'

2021-11-19 17:17:01 - [MESSAGE][PASSED] - Text of object 'Object Repository/Popup/EmailText' is cleared

2021-11-19 17:17:01 - [TEST_STEP][PASSED] - sendKeys(findTestObject("Popup/EmailText"), Email): Keys 'elogotest@gmail.com;ali.kara@logo.com.tr' sent to object: 'Object Repository/Popup/EmailText'

2021-11-19 17:17:01 - [MESSAGE][INFO] - Finding Test Object 'Object Repository/Popup/EmailText'

2021-11-19 17:17:01 - [MESSAGE][INFO] - Sending keys 'elogotest@gmail.com;ali.kara@logo.com.tr' to object: 'Object Repository/Popup/EmailText'

2021-11-19 17:17:01 - [MESSAGE][INFO] - Finding web element from Test Object's properties

2021-11-19 17:17:01 - [MESSAGE][INFO] - Checking timeout

2021-11-19 17:17:01 - [MESSAGE][INFO] - Finding web element with id: 'Object Repository/Popup/EmailText' located by 'By.xpath: //*[@id="eMails"]' in '30' second(s)

2021-11-19 17:17:01 - [MESSAGE][INFO] - Smart Wait Function is triggered

2021-11-19 17:17:02 - [MESSAGE][INFO] - Found 1 web elements with id: 'Object Repository/Popup/EmailText' located by 'By.xpath: //*[@id="eMails"]' in '30' second(s)

2021-11-19 17:17:02 - [MESSAGE][PASSED] - Keys 'elogotest@gmail.com;ali.kara@logo.com.tr' sent to object: 'Object Repository/Popup/EmailText'

2021-11-19 17:17:02 - [MESSAGE][PASSED] - Call Test Case 'Test Cases/Popup/PopupaEmailEklenir' successfully

2021-11-19 17:17:02 - [MESSAGE][INFO] - Checking called Test Case

2021-11-19 17:17:02 - [MESSAGE][INFO] - Starting to call Test Case 'Test Cases/Popup/PopupButonSecilir'

2021-11-19 17:17:02 - [TEST_CASE][PASSED] - Test Cases/Popup/PopupButonSecilir: Test Cases/Popup/PopupButonSecilir

2021-11-19 17:17:02 - [TEST_STEP][PASSED] - Method.TextDegerineEsitElementeTikla(findTestObject("Popup/Popup_Butons"), Buton): Method.TextDegerineEsitElementeTikla is PASSED

2021-11-19 17:17:02 - [MESSAGE][INFO] - Finding Test Object 'Object Repository/Popup/Popup_Butons'

2021-11-19 17:17:02 - [MESSAGE][INFO] - Checking timeout

2021-11-19 17:17:02 - [MESSAGE][INFO] - Finding web element with id: 'Object Repository/Popup/Popup_Butons' located by 'By.cssSelector: .modal-footer>button' in '10' second(s)

2021-11-19 17:17:02 - [MESSAGE][INFO] - Smart Wait Function is triggered

2021-11-19 17:17:02 - [MESSAGE][INFO] - Found 2 web elements with id: 'Object Repository/Popup/Popup_Butons' located by 'By.cssSelector: .modal-footer>button' in '10' second(s)

2021-11-19 17:17:02 - [MESSAGE][PASSED] - Method.TextDegerineEsitElementeTikla is PASSED

2021-11-19 17:17:02 - [MESSAGE][PASSED] - Call Test Case 'Test Cases/Popup/PopupButonSecilir' successfully

2021-11-19 17:17:02 - [MESSAGE][INFO] - Checking called Test Case

2021-11-19 17:17:02 - [MESSAGE][INFO] - Starting to call Test Case 'Test Cases/Popup/PopupMesajiIceriyorMu'

2021-11-19 17:17:02 - [TEST_CASE][PASSED] - Test Cases/Popup/PopupMesajiIceriyorMu: Test Cases/Popup/PopupMesajiIceriyorMu

2021-11-19 17:17:02 - [TEST_STEP][PASSED] - waitForElementVisible(findTestObject("Popup/Popup"), 10): Object 'Object Repository/Popup/Popup' is visible

2021-11-19 17:17:02 - [MESSAGE][INFO] - Finding Test Object 'Object Repository/Popup/Popup'

2021-11-19 17:17:03 - [MESSAGE][INFO] - Checking object

2021-11-19 17:17:03 - [MESSAGE][INFO] - Checking timeout

2021-11-19 17:17:03 - [MESSAGE][INFO] - Finding web element from Test Object's properties

2021-11-19 17:17:03 - [MESSAGE][INFO] - Checking timeout

2021-11-19 17:17:03 - [MESSAGE][INFO] - Finding web element with id: 'Object Repository/Popup/Popup' located by 'By.cssSelector: .bootbox-body' in '10' second(s)

2021-11-19 17:17:03 - [MESSAGE][INFO] - Smart Wait Function is triggered

2021-11-19 17:17:03 - [MESSAGE][INFO] - Found 1 web elements with id: 'Object Repository/Popup/Popup' located by 'By.cssSelector: .bootbox-body' in '10' second(s)

2021-11-19 17:17:03 - [MESSAGE][PASSED] - Object 'Object Repository/Popup/Popup' is visible

2021-11-19 17:17:03 - [TEST_STEP][PASSED] - if (!(getText(findTestObject("Popup/Popup")).contains(Mesaj))): Text of object 'Object Repository/Popup/Popup' is: '17477 no’lu talebiniz işleme alınmıştır. Raporunuz hazırlandığında (elogotest@gmail.com;ali.kara@logo.com.tr) adresinize mail gönderilecektir.
Rapor durumunuzu Raporlar > Toplu Veri İndirme ekranından takip edebilir, hazırlandı durumundaki raporlarınızı ilgili menüden indirebilirsiniz.'

2021-11-19 17:17:03 - [MESSAGE][INFO] - Finding Test Object 'Object Repository/Popup/Popup'

2021-11-19 17:17:03 - [MESSAGE][INFO] - Checking object

2021-11-19 17:17:03 - [MESSAGE][INFO] - Finding web element from Test Object's properties

2021-11-19 17:17:03 - [MESSAGE][INFO] - Checking timeout

2021-11-19 17:17:03 - [MESSAGE][INFO] - Finding web element with id: 'Object Repository/Popup/Popup' located by 'By.cssSelector: .bootbox-body' in '30' second(s)

2021-11-19 17:17:03 - [MESSAGE][INFO] - Smart Wait Function is triggered

2021-11-19 17:17:04 - [MESSAGE][INFO] - Found 1 web elements with id: 'Object Repository/Popup/Popup' located by 'By.cssSelector: .bootbox-body' in '30' second(s)

2021-11-19 17:17:04 - [MESSAGE][INFO] - Getting text of object 'Object Repository/Popup/Popup'

2021-11-19 17:17:04 - [MESSAGE][PASSED] - Text of object 'Object Repository/Popup/Popup' is: '17477 no’lu talebiniz işleme alınmıştır. Raporunuz hazırlandığında (elogotest@gmail.com;ali.kara@logo.com.tr) adresinize mail gönderilecektir.
Rapor durumunuzu Raporlar > Toplu Veri İndirme ekranından takip edebilir, hazırlandı durumundaki raporlarınızı ilgili menüden indirebilirsiniz.'

2021-11-19 17:17:04 - [TEST_STEP][PASSED] - RaporNo = getText(findTestObject("Popup/Popup")).substring(0, 6): Text of object 'Object Repository/Popup/Popup' is: '17477 no’lu talebiniz işleme alınmıştır. Raporunuz hazırlandığında (elogotest@gmail.com;ali.kara@logo.com.tr) adresinize mail gönderilecektir.
Rapor durumunuzu Raporlar > Toplu Veri İndirme ekranından takip edebilir, hazırlandı durumundaki raporlarınızı ilgili menüden indirebilirsiniz.'

2021-11-19 17:17:04 - [MESSAGE][INFO] - Finding Test Object 'Object Repository/Popup/Popup'

2021-11-19 17:17:04 - [MESSAGE][INFO] - Checking object

2021-11-19 17:17:04 - [MESSAGE][INFO] - Finding web element from Test Object's properties

2021-11-19 17:17:04 - [MESSAGE][INFO] - Checking timeout

2021-11-19 17:17:04 - [MESSAGE][INFO] - Finding web element with id: 'Object Repository/Popup/Popup' located by 'By.cssSelector: .bootbox-body' in '30' second(s)

2021-11-19 17:17:04 - [MESSAGE][INFO] - Smart Wait Function is triggered

2021-11-19 17:17:04 - [MESSAGE][INFO] - Found 1 web elements with id: 'Object Repository/Popup/Popup' located by 'By.cssSelector: .bootbox-body' in '30' second(s)

2021-11-19 17:17:04 - [MESSAGE][INFO] - Getting text of object 'Object Repository/Popup/Popup'

2021-11-19 17:17:04 - [MESSAGE][PASSED] - Text of object 'Object Repository/Popup/Popup' is: '17477 no’lu talebiniz işleme alınmıştır. Raporunuz hazırlandığında (elogotest@gmail.com;ali.kara@logo.com.tr) adresinize mail gönderilecektir.
Rapor durumunuzu Raporlar > Toplu Veri İndirme ekranından takip edebilir, hazırlandı durumundaki raporlarınızı ilgili menüden indirebilirsiniz.'

2021-11-19 17:17:04 - [TEST_STEP][PASSED] - Console.println(RaporNo): null

2021-11-19 17:17:04 - [MESSAGE][PASSED] - Call Test Case 'Test Cases/Popup/PopupMesajiIceriyorMu' successfully

2021-11-19 17:17:04 - [MESSAGE][INFO] - Checking called Test Case

2021-11-19 17:17:04 - [MESSAGE][INFO] - Starting to call Test Case 'Test Cases/Popup/PopupButonSecilir'

2021-11-19 17:17:04 - [TEST_CASE][PASSED] - Test Cases/Popup/PopupButonSecilir: Test Cases/Popup/PopupButonSecilir

2021-11-19 17:17:04 - [TEST_STEP][PASSED] - Method.TextDegerineEsitElementeTikla(findTestObject("Popup/Popup_Butons"), Buton): Method.TextDegerineEsitElementeTikla is PASSED

2021-11-19 17:17:04 - [MESSAGE][INFO] - Finding Test Object 'Object Repository/Popup/Popup_Butons'

2021-11-19 17:17:04 - [MESSAGE][INFO] - Checking timeout

2021-11-19 17:17:04 - [MESSAGE][INFO] - Finding web element with id: 'Object Repository/Popup/Popup_Butons' located by 'By.cssSelector: .modal-footer>button' in '10' second(s)

2021-11-19 17:17:04 - [MESSAGE][INFO] - Smart Wait Function is triggered

2021-11-19 17:17:04 - [MESSAGE][INFO] - Found 1 web elements with id: 'Object Repository/Popup/Popup_Butons' located by 'By.cssSelector: .modal-footer>button' in '10' second(s)

2021-11-19 17:17:04 - [MESSAGE][PASSED] - Method.TextDegerineEsitElementeTikla is PASSED

2021-11-19 17:17:04 - [MESSAGE][PASSED] - Call Test Case 'Test Cases/Popup/PopupButonSecilir' successfully

2021-11-19 17:17:04 - [MESSAGE][INFO] - Checking called Test Case

2021-11-19 17:17:04 - [MESSAGE][INFO] - Starting to call Test Case 'Test Cases/Menu/AnaMenuSecimi'

2021-11-19 17:17:05 - [TEST_CASE][PASSED] - Test Cases/Menu/AnaMenuSecimi: Test Cases/Menu/AnaMenuSecimi

2021-11-19 17:17:05 - [TEST_STEP][PASSED] - Method.TextDegerineEsitElementeTikla(findTestObject("Menu/Ana_Menu"), Ana_Menu): Method.TextDegerineEsitElementeTikla is PASSED

2021-11-19 17:17:05 - [MESSAGE][INFO] - Finding Test Object 'Object Repository/Menu/Ana_Menu'

2021-11-19 17:17:05 - [MESSAGE][INFO] - Checking timeout

2021-11-19 17:17:05 - [MESSAGE][INFO] - Finding web element with id: 'Object Repository/Menu/Ana_Menu' located by 'By.xpath: //*[@class = 'dropdown-toggle']' in '10' second(s)

2021-11-19 17:17:05 - [MESSAGE][INFO] - Smart Wait Function is triggered

2021-11-19 17:17:05 - [MESSAGE][INFO] - Found 14 web elements with id: 'Object Repository/Menu/Ana_Menu' located by 'By.xpath: //*[@class = 'dropdown-toggle']' in '10' second(s)

2021-11-19 17:17:05 - [MESSAGE][PASSED] - Method.TextDegerineEsitElementeTikla is PASSED

2021-11-19 17:17:05 - [MESSAGE][PASSED] - Call Test Case 'Test Cases/Menu/AnaMenuSecimi' successfully

2021-11-19 17:17:05 - [MESSAGE][INFO] - Checking called Test Case

2021-11-19 17:17:05 - [MESSAGE][INFO] - Starting to call Test Case 'Test Cases/Menu/AltMenuSecimi'

2021-11-19 17:17:06 - [TEST_CASE][PASSED] - Test Cases/Menu/AltMenuSecimi: Test Cases/Menu/AltMenuSecimi

2021-11-19 17:17:06 - [TEST_STEP][PASSED] - Method.TextDegerineEsitElementeTikla(findTestObject("Menu/Alt_Menu"), Alt_Menu): Method.TextDegerineEsitElementeTikla is PASSED

2021-11-19 17:17:06 - [MESSAGE][INFO] - Finding Test Object 'Object Repository/Menu/Alt_Menu'

2021-11-19 17:17:06 - [MESSAGE][INFO] - Checking timeout

2021-11-19 17:17:06 - [MESSAGE][INFO] - Finding web element with id: 'Object Repository/Menu/Alt_Menu' located by 'By.xpath: //li[@class='dropdown dropdown-large open']//li[@class='dropdown-element']' in '10' second(s)

2021-11-19 17:17:06 - [MESSAGE][INFO] - Smart Wait Function is triggered

2021-11-19 17:17:06 - [MESSAGE][INFO] - Found 2 web elements with id: 'Object Repository/Menu/Alt_Menu' located by 'By.xpath: //li[@class='dropdown dropdown-large open']//li[@class='dropdown-element']' in '10' second(s)

2021-11-19 17:17:07 - [MESSAGE][PASSED] - Method.TextDegerineEsitElementeTikla is PASSED

2021-11-19 17:17:07 - [MESSAGE][PASSED] - Call Test Case 'Test Cases/Menu/AltMenuSecimi' successfully

2021-11-19 17:17:07 - [MESSAGE][INFO] - Checking called Test Case

2021-11-19 17:17:07 - [MESSAGE][INFO] - Starting to call Test Case 'Test Cases/Filtreler/DropdownSec'

2021-11-19 17:17:07 - [TEST_CASE][PASSED] - Test Cases/Filtreler/DropdownSec: Test Cases/Filtreler/DropdownSec

2021-11-19 17:17:07 - [TEST_STEP][PASSED] - Method.TextDegerineEsitElementinAltindakineTikla(findTestObject("Filtreler/Basliklar"), findTestObject("Filtreler/Basliga_Gore_Baslangic_Image"), Filtre_Adi): Method.TextDegerineEsitElementinAltindakineTikla is PASSED

2021-11-19 17:17:07 - [MESSAGE][INFO] - Finding Test Object 'Object Repository/Filtreler/Basliklar'

2021-11-19 17:17:07 - [MESSAGE][INFO] - Finding Test Object 'Object Repository/Filtreler/Basliga_Gore_Baslangic_Image'

2021-11-19 17:17:07 - [MESSAGE][INFO] - Checking timeout

2021-11-19 17:17:07 - [MESSAGE][INFO] - Finding web element with id: 'Object Repository/Filtreler/Basliklar' located by 'By.cssSelector: .control-label.col-sm-4.paddingMarginRLC' in '10' second(s)

2021-11-19 17:17:07 - [MESSAGE][INFO] - Smart Wait Function is triggered

2021-11-19 17:17:07 - [MESSAGE][INFO] - Found 8 web elements with id: 'Object Repository/Filtreler/Basliklar' located by 'By.cssSelector: .control-label.col-sm-4.paddingMarginRLC' in '10' second(s)

2021-11-19 17:17:07 - [MESSAGE][INFO] - Smart Wait Function is triggered

2021-11-19 17:17:08 - [MESSAGE][PASSED] - Method.TextDegerineEsitElementinAltindakineTikla is PASSED

2021-11-19 17:17:08 - [TEST_STEP][PASSED] - Method.TextDegerineEsitElementeTikla(findTestObject("Object Repository/Filtreler/Basliga_Gore_Dropdown"), Filtre_Degeri): Method.TextDegerineEsitElementeTikla is PASSED

2021-11-19 17:17:08 - [MESSAGE][INFO] - Finding Test Object 'Object Repository/Filtreler/Basliga_Gore_Dropdown'

2021-11-19 17:17:08 - [MESSAGE][INFO] - Checking timeout

2021-11-19 17:17:08 - [MESSAGE][INFO] - Finding web element with id: 'Object Repository/Filtreler/Basliga_Gore_Dropdown' located by 'By.xpath: //*[@class = 'dxeListBoxItemRow_LECustomTheme']' in '10' second(s)

2021-11-19 17:17:08 - [MESSAGE][INFO] - Smart Wait Function is triggered

2021-11-19 17:17:08 - [MESSAGE][INFO] - Found 10 web elements with id: 'Object Repository/Filtreler/Basliga_Gore_Dropdown' located by 'By.xpath: //*[@class = 'dxeListBoxItemRow_LECustomTheme']' in '10' second(s)

2021-11-19 17:17:08 - [MESSAGE][PASSED] - Method.TextDegerineEsitElementeTikla is PASSED

2021-11-19 17:17:08 - [MESSAGE][PASSED] - Call Test Case 'Test Cases/Filtreler/DropdownSec' successfully

2021-11-19 17:17:08 - [MESSAGE][INFO] - Checking called Test Case

2021-11-19 17:17:08 - [MESSAGE][INFO] - Starting to call Test Case 'Test Cases/Filtreler/BaslangicYaz'

2021-11-19 17:17:08 - [TEST_CASE][PASSED] - Test Cases/Filtreler/BaslangicYaz: Test Cases/Filtreler/BaslangicYaz

2021-11-19 17:17:08 - [TEST_STEP][PASSED] - delay(3): Delayed 3 second(s)

2021-11-19 17:17:08 - [MESSAGE][INFO] - Delaying browser in 3 second(s)

2021-11-19 17:17:11 - [MESSAGE][PASSED] - Delayed 3 second(s)

2021-11-19 17:17:11 - [TEST_STEP][PASSED] - Method.TextDegerineEsitElementinAltindakineTikla(findTestObject("Filtreler/Basliklar"), findTestObject("Filtreler/Basliga_Gore_Baslangic_Image"), Filtre_Adi): Method.TextDegerineEsitElementinAltindakineTikla is PASSED

2021-11-19 17:17:11 - [MESSAGE][INFO] - Finding Test Object 'Object Repository/Filtreler/Basliklar'

2021-11-19 17:17:11 - [MESSAGE][INFO] - Finding Test Object 'Object Repository/Filtreler/Basliga_Gore_Baslangic_Image'

2021-11-19 17:17:11 - [MESSAGE][INFO] - Checking timeout

2021-11-19 17:17:11 - [MESSAGE][INFO] - Finding web element with id: 'Object Repository/Filtreler/Basliklar' located by 'By.cssSelector: .control-label.col-sm-4.paddingMarginRLC' in '10' second(s)

2021-11-19 17:17:11 - [MESSAGE][INFO] - Smart Wait Function is triggered

2021-11-19 17:17:12 - [MESSAGE][INFO] - Found 8 web elements with id: 'Object Repository/Filtreler/Basliklar' located by 'By.cssSelector: .control-label.col-sm-4.paddingMarginRLC' in '10' second(s)

2021-11-19 17:17:12 - [MESSAGE][INFO] - Smart Wait Function is triggered

2021-11-19 17:17:12 - [MESSAGE][PASSED] - Method.TextDegerineEsitElementinAltindakineTikla is PASSED

2021-11-19 17:17:12 - [TEST_STEP][PASSED] - Method.TextDegerineEsitElementinAltindakiTextboxtaYaz(findTestObject("Filtreler/Basliklar"), findTestObject("Filtreler/Basliga_Gore_Baslangic"), Filtre_Adi, Filtre_Degeri): Method.TextDegerineEsitElementinAltindakiTextboxtaYaz is PASSED

2021-11-19 17:17:12 - [MESSAGE][INFO] - Finding Test Object 'Object Repository/Filtreler/Basliklar'

2021-11-19 17:17:12 - [MESSAGE][INFO] - Finding Test Object 'Object Repository/Filtreler/Basliga_Gore_Baslangic'

2021-11-19 17:17:12 - [MESSAGE][INFO] - Checking timeout

2021-11-19 17:17:12 - [MESSAGE][INFO] - Finding web element with id: 'Object Repository/Filtreler/Basliklar' located by 'By.cssSelector: .control-label.col-sm-4.paddingMarginRLC' in '10' second(s)

2021-11-19 17:17:12 - [MESSAGE][INFO] - Smart Wait Function is triggered

2021-11-19 17:17:12 - [MESSAGE][INFO] - Found 8 web elements with id: 'Object Repository/Filtreler/Basliklar' located by 'By.cssSelector: .control-label.col-sm-4.paddingMarginRLC' in '10' second(s)

2021-11-19 17:17:12 - [MESSAGE][INFO] - Smart Wait Function is triggered

2021-11-19 17:17:13 - [MESSAGE][PASSED] - Method.TextDegerineEsitElementinAltindakiTextboxtaYaz is PASSED

2021-11-19 17:17:13 - [MESSAGE][PASSED] - Call Test Case 'Test Cases/Filtreler/BaslangicYaz' successfully

2021-11-19 17:17:13 - [MESSAGE][INFO] - Checking called Test Case

2021-11-19 17:17:13 - [MESSAGE][INFO] - Starting to call Test Case 'Test Cases/Filtreler/BitisYaz'

2021-11-19 17:17:13 - [TEST_CASE][PASSED] - Test Cases/Filtreler/BitisYaz: Test Cases/Filtreler/BitisYaz

2021-11-19 17:17:13 - [TEST_STEP][PASSED] - Method.TextDegerineEsitElementinAltindakineTikla(findTestObject("Filtreler/Basliklar"), findTestObject("Filtreler/Basliga_Gore_Bitis_Image"), Filtre_Adi): Method.TextDegerineEsitElementinAltindakineTikla is PASSED

2021-11-19 17:17:13 - [MESSAGE][INFO] - Finding Test Object 'Object Repository/Filtreler/Basliklar'

2021-11-19 17:17:13 - [MESSAGE][INFO] - Finding Test Object 'Object Repository/Filtreler/Basliga_Gore_Bitis_Image'

2021-11-19 17:17:13 - [MESSAGE][INFO] - Checking timeout

2021-11-19 17:17:13 - [MESSAGE][INFO] - Finding web element with id: 'Object Repository/Filtreler/Basliklar' located by 'By.cssSelector: .control-label.col-sm-4.paddingMarginRLC' in '10' second(s)

2021-11-19 17:17:13 - [MESSAGE][INFO] - Smart Wait Function is triggered

2021-11-19 17:17:13 - [MESSAGE][INFO] - Found 8 web elements with id: 'Object Repository/Filtreler/Basliklar' located by 'By.cssSelector: .control-label.col-sm-4.paddingMarginRLC' in '10' second(s)

2021-11-19 17:17:13 - [MESSAGE][INFO] - Smart Wait Function is triggered

2021-11-19 17:17:14 - [MESSAGE][PASSED] - Method.TextDegerineEsitElementinAltindakineTikla is PASSED

2021-11-19 17:17:14 - [TEST_STEP][PASSED] - Method.TextDegerineEsitElementinAltindakiTextboxtaYaz(findTestObject("Filtreler/Basliklar"), findTestObject("Object Repository/Filtreler/Basliga_Gore_Bitis"), Filtre_Adi, Filtre_Degeri): Method.TextDegerineEsitElementinAltindakiTextboxtaYaz is PASSED

2021-11-19 17:17:14 - [MESSAGE][INFO] - Finding Test Object 'Object Repository/Filtreler/Basliklar'

2021-11-19 17:17:14 - [MESSAGE][INFO] - Finding Test Object 'Object Repository/Filtreler/Basliga_Gore_Bitis'

2021-11-19 17:17:14 - [MESSAGE][INFO] - Checking timeout

2021-11-19 17:17:14 - [MESSAGE][INFO] - Finding web element with id: 'Object Repository/Filtreler/Basliklar' located by 'By.cssSelector: .control-label.col-sm-4.paddingMarginRLC' in '10' second(s)

2021-11-19 17:17:14 - [MESSAGE][INFO] - Smart Wait Function is triggered

2021-11-19 17:17:14 - [MESSAGE][INFO] - Found 8 web elements with id: 'Object Repository/Filtreler/Basliklar' located by 'By.cssSelector: .control-label.col-sm-4.paddingMarginRLC' in '10' second(s)

2021-11-19 17:17:14 - [MESSAGE][INFO] - Smart Wait Function is triggered

2021-11-19 17:17:15 - [MESSAGE][PASSED] - Method.TextDegerineEsitElementinAltindakiTextboxtaYaz is PASSED

2021-11-19 17:17:15 - [MESSAGE][PASSED] - Call Test Case 'Test Cases/Filtreler/BitisYaz' successfully

2021-11-19 17:17:15 - [MESSAGE][INFO] - Checking called Test Case

2021-11-19 17:17:15 - [MESSAGE][INFO] - Starting to call Test Case 'Test Cases/Filtreler/ButonaTikla'

2021-11-19 17:17:15 - [TEST_CASE][PASSED] - Test Cases/Filtreler/ButonaTikla: Test Cases/Filtreler/ButonaTikla

2021-11-19 17:17:15 - [TEST_STEP][PASSED] - Method.TextDegerineEsitElementeTikla(findTestObject("Filtreler/Butonlar"), Filtre_Buton): Method.TextDegerineEsitElementeTikla is PASSED

2021-11-19 17:17:15 - [MESSAGE][INFO] - Finding Test Object 'Object Repository/Filtreler/Butonlar'

2021-11-19 17:17:15 - [MESSAGE][INFO] - Checking timeout

2021-11-19 17:17:15 - [MESSAGE][INFO] - Finding web element with id: 'Object Repository/Filtreler/Butonlar' located by 'By.cssSelector: .dxb>span' in '10' second(s)

2021-11-19 17:17:15 - [MESSAGE][INFO] - Smart Wait Function is triggered

2021-11-19 17:17:15 - [MESSAGE][INFO] - Found 3 web elements with id: 'Object Repository/Filtreler/Butonlar' located by 'By.cssSelector: .dxb>span' in '10' second(s)

2021-11-19 17:17:15 - [MESSAGE][PASSED] - Method.TextDegerineEsitElementeTikla is PASSED

2021-11-19 17:17:15 - [MESSAGE][PASSED] - Call Test Case 'Test Cases/Filtreler/ButonaTikla' successfully

2021-11-19 17:17:15 - [MESSAGE][INFO] - Checking called Test Case

2021-11-19 17:17:15 - [MESSAGE][INFO] - Starting to call Test Case 'Test Cases/Tablo/TablonunButonunaTikla'

2021-11-19 17:17:15 - [TEST_CASE][PASSED] - Test Cases/Tablo/TablonunButonunaTikla: Test Cases/Tablo/TablonunButonunaTikla

2021-11-19 17:17:15 - [TEST_STEP][PASSED] - Method.TextDegerineEsitElementinAltindakiTextDegerineEsitOlanaTikla(findTestObject("Tablo/Veriler"), findTestObject("Tablo/VerininButonu"), Veri, Buton_Adi): Method.TextDegerineEsitElementinAltindakiTextDegerineEsitOlanaTikla is PASSED

2021-11-19 17:17:15 - [MESSAGE][INFO] - Finding Test Object 'Object Repository/Tablo/Veriler'

2021-11-19 17:17:15 - [MESSAGE][INFO] - Finding Test Object 'Object Repository/Tablo/VerininButonu'

2021-11-19 17:17:16 - [MESSAGE][INFO] - Checking timeout

2021-11-19 17:17:16 - [MESSAGE][INFO] - Finding web element with id: 'Object Repository/Tablo/Veriler' located by 'By.cssSelector: td.dxgv b ,td.dxgv' in '10' second(s)

2021-11-19 17:17:16 - [MESSAGE][INFO] - Smart Wait Function is triggered

2021-11-19 17:17:16 - [MESSAGE][INFO] - Found 22 web elements with id: 'Object Repository/Tablo/Veriler' located by 'By.cssSelector: td.dxgv b ,td.dxgv' in '10' second(s)

2021-11-19 17:17:16 - [MESSAGE][INFO] - Smart Wait Function is triggered

2021-11-19 17:17:16 - [MESSAGE][PASSED] - Method.TextDegerineEsitElementinAltindakiTextDegerineEsitOlanaTikla is PASSED

2021-11-19 17:17:16 - [MESSAGE][PASSED] - Call Test Case 'Test Cases/Tablo/TablonunButonunaTikla' successfully

2021-11-19 17:17:16 - [MESSAGE][INFO] - Checking called Test Case

2021-11-19 17:17:16 - [MESSAGE][INFO] - Starting to call Test Case 'Test Cases/Sekmeler/YeniSekmeyeGec'

2021-11-19 17:17:16 - [TEST_CASE][PASSED] - Test Cases/Sekmeler/YeniSekmeyeGec: Test Cases/Sekmeler/YeniSekmeyeGec

2021-11-19 17:17:16 - [TEST_STEP][PASSED] - switchToWindowIndex(1): Switched to window with index: '1'

2021-11-19 17:17:16 - [MESSAGE][INFO] - Checking index

2021-11-19 17:17:16 - [MESSAGE][INFO] - Switching window with index: '1'

2021-11-19 17:17:16 - [MESSAGE][PASSED] - Switched to window with index: '1'

2021-11-19 17:17:16 - [MESSAGE][PASSED] - Call Test Case 'Test Cases/Sekmeler/YeniSekmeyeGec' successfully

2021-11-19 17:17:16 - [MESSAGE][INFO] - Checking called Test Case

2021-11-19 17:17:16 - [MESSAGE][INFO] - Starting to call Test Case 'Test Cases/Tablo/TablodaVeriVarMi'

2021-11-19 17:17:17 - [TEST_CASE][PASSED] - Test Cases/Tablo/TablodaVeriVarMi: Test Cases/Tablo/TablodaVeriVarMi

2021-11-19 17:17:17 - [TEST_STEP][PASSED] - verifyTextNotPresent("Görüntülenecek veri yok", true): Text 'Görüntülenecek veri yok' is not present on page using regular expression

2021-11-19 17:17:17 - [MESSAGE][INFO] - Checking text present  using regular expression

2021-11-19 17:17:17 - [MESSAGE][INFO] - Smart Wait Function is triggered

2021-11-19 17:17:18 - [MESSAGE][INFO] - Finding text 'Görüntülenecek veri yok' on page  using regular expression

2021-11-19 17:17:18 - [MESSAGE][PASSED] - Text 'Görüntülenecek veri yok' is not present on page using regular expression

2021-11-19 17:17:18 - [MESSAGE][PASSED] - Call Test Case 'Test Cases/Tablo/TablodaVeriVarMi' successfully

2021-11-19 17:17:18 - [MESSAGE][INFO] - Checking called Test Case

2021-11-19 17:17:18 - [MESSAGE][INFO] - Starting to call Test Case 'Test Cases/Sekmeler/Ana_Sekmeye_Gec'

2021-11-19 17:17:18 - [TEST_CASE][PASSED] - Test Cases/Sekmeler/Ana_Sekmeye_Gec: Test Cases/Sekmeler/Ana_Sekmeye_Gec

2021-11-19 17:17:18 - [TEST_STEP][PASSED] - try: Window with index 1 is closed

2021-11-19 17:17:18 - [TEST_STEP][PASSED] - index = getWindowIndex(): Current window's index is: 1

2021-11-19 17:17:18 - [MESSAGE][INFO] - Getting current window's index

2021-11-19 17:17:18 - [MESSAGE][PASSED] - Current window's index is: 1

2021-11-19 17:17:18 - [TEST_STEP][PASSED] - closeWindowIndex(index): Window with index 1 is closed

2021-11-19 17:17:18 - [MESSAGE][INFO] - Checking index

2021-11-19 17:17:18 - [MESSAGE][INFO] - Closing window with index 1

2021-11-19 17:17:19 - [MESSAGE][PASSED] - Window with index 1 is closed

2021-11-19 17:17:19 - [TEST_STEP][PASSED] - switchToWindowIndex(0): Switched to window with index: '0'

2021-11-19 17:17:19 - [MESSAGE][INFO] - Checking index

2021-11-19 17:17:19 - [MESSAGE][INFO] - Switching window with index: '0'

2021-11-19 17:17:19 - [MESSAGE][PASSED] - Switched to window with index: '0'

2021-11-19 17:17:19 - [MESSAGE][PASSED] - Call Test Case 'Test Cases/Sekmeler/Ana_Sekmeye_Gec' successfully

2021-11-19 17:17:19 - [MESSAGE][INFO] - Checking called Test Case

2021-11-19 17:17:19 - [MESSAGE][INFO] - Starting to call Test Case 'Test Cases/Tablo/TablodaVeriVarMi'

2021-11-19 17:17:19 - [TEST_CASE][PASSED] - Test Cases/Tablo/TablodaVeriVarMi: Test Cases/Tablo/TablodaVeriVarMi

2021-11-19 17:17:19 - [TEST_STEP][PASSED] - verifyTextNotPresent("Görüntülenecek veri yok", true): Text 'Görüntülenecek veri yok' is not present on page using regular expression

2021-11-19 17:17:19 - [MESSAGE][INFO] - Checking text present  using regular expression

2021-11-19 17:17:19 - [MESSAGE][INFO] - Smart Wait Function is triggered

2021-11-19 17:17:19 - [MESSAGE][INFO] - Finding text 'Görüntülenecek veri yok' on page  using regular expression

2021-11-19 17:17:19 - [MESSAGE][PASSED] - Text 'Görüntülenecek veri yok' is not present on page using regular expression

2021-11-19 17:17:19 - [MESSAGE][PASSED] - Call Test Case 'Test Cases/Tablo/TablodaVeriVarMi' successfully

2021-11-19 17:17:19 - [MESSAGE][INFO] - Checking called Test Case

2021-11-19 17:17:19 - [MESSAGE][INFO] - Starting to call Test Case 'Test Cases/Tablo/TablodanVeriSec'

2021-11-19 17:17:19 - [TEST_CASE][PASSED] - Test Cases/Tablo/TablodanVeriSec: Test Cases/Tablo/TablodanVeriSec

2021-11-19 17:17:19 - [TEST_STEP][PASSED] - Method.TextDegerineEsitElementinAltindakineTikla(findTestObject("Tablo/Veriler"), findTestObject("Tablo/VerininCheckBoxi"), Veri_Adi): Method.TextDegerineEsitElementinAltindakineTikla is PASSED

2021-11-19 17:17:19 - [MESSAGE][INFO] - Finding Test Object 'Object Repository/Tablo/Veriler'

2021-11-19 17:17:19 - [MESSAGE][INFO] - Finding Test Object 'Object Repository/Tablo/VerininCheckBoxi'

2021-11-19 17:17:19 - [MESSAGE][INFO] - Checking timeout

2021-11-19 17:17:19 - [MESSAGE][INFO] - Finding web element with id: 'Object Repository/Tablo/Veriler' located by 'By.cssSelector: td.dxgv b ,td.dxgv' in '10' second(s)

2021-11-19 17:17:19 - [MESSAGE][INFO] - Smart Wait Function is triggered

2021-11-19 17:17:20 - [MESSAGE][INFO] - Found 22 web elements with id: 'Object Repository/Tablo/Veriler' located by 'By.cssSelector: td.dxgv b ,td.dxgv' in '10' second(s)

2021-11-19 17:17:20 - [MESSAGE][INFO] - Smart Wait Function is triggered

2021-11-19 17:17:20 - [MESSAGE][PASSED] - Method.TextDegerineEsitElementinAltindakineTikla is PASSED

2021-11-19 17:17:20 - [MESSAGE][PASSED] - Call Test Case 'Test Cases/Tablo/TablodanVeriSec' successfully

2021-11-19 17:17:20 - [MESSAGE][INFO] - Checking called Test Case

2021-11-19 17:17:20 - [MESSAGE][INFO] - Starting to call Test Case 'Test Cases/Butonlar/ButonaTikla'

2021-11-19 17:17:20 - [TEST_CASE][PASSED] - Test Cases/Butonlar/ButonaTikla: Test Cases/Butonlar/ButonaTikla

2021-11-19 17:17:20 - [TEST_STEP][PASSED] - Method.TextDegerineEsitElementeTiklaEquals(findTestObject("Butonlar/Butonlar"), Buton_Adi): Method.TextDegerineEsitElementeTiklaEquals is PASSED

2021-11-19 17:17:20 - [MESSAGE][INFO] - Finding Test Object 'Object Repository/Butonlar/Butonlar'

2021-11-19 17:17:20 - [MESSAGE][INFO] - Checking timeout

2021-11-19 17:17:20 - [MESSAGE][INFO] - Finding web element with id: 'Object Repository/Butonlar/Butonlar' located by 'By.cssSelector: .panel.panel-default.text-center.footerPanel .btn,.btn.btn-primary.btnControls' in '10' second(s)

2021-11-19 17:17:20 - [MESSAGE][INFO] - Smart Wait Function is triggered

2021-11-19 17:17:21 - [MESSAGE][INFO] - Found 5 web elements with id: 'Object Repository/Butonlar/Butonlar' located by 'By.cssSelector: .panel.panel-default.text-center.footerPanel .btn,.btn.btn-primary.btnControls' in '10' second(s)

2021-11-19 17:17:21 - [MESSAGE][PASSED] - Method.TextDegerineEsitElementeTiklaEquals is PASSED

2021-11-19 17:17:21 - [MESSAGE][PASSED] - Call Test Case 'Test Cases/Butonlar/ButonaTikla' successfully

2021-11-19 17:17:21 - [MESSAGE][INFO] - Checking called Test Case

2021-11-19 17:17:21 - [MESSAGE][INFO] - Starting to call Test Case 'Test Cases/Sekmeler/YeniSekmeyeGec'

2021-11-19 17:17:21 - [TEST_CASE][PASSED] - Test Cases/Sekmeler/YeniSekmeyeGec: Test Cases/Sekmeler/YeniSekmeyeGec

2021-11-19 17:17:21 - [TEST_STEP][PASSED] - switchToWindowIndex(1): Switched to window with index: '1'

2021-11-19 17:17:21 - [MESSAGE][INFO] - Checking index

2021-11-19 17:17:21 - [MESSAGE][INFO] - Switching window with index: '1'

2021-11-19 17:17:21 - [MESSAGE][PASSED] - Switched to window with index: '1'

2021-11-19 17:17:21 - [MESSAGE][PASSED] - Call Test Case 'Test Cases/Sekmeler/YeniSekmeyeGec' successfully

2021-11-19 17:17:21 - [MESSAGE][INFO] - Checking called Test Case

2021-11-19 17:17:21 - [MESSAGE][INFO] - Starting to call Test Case 'Test Cases/Sekmeler/TagGeldiMi'

2021-11-19 17:17:21 - [TEST_CASE][PASSED] - Test Cases/Sekmeler/TagGeldiMi: Test Cases/Sekmeler/TagGeldiMi

2021-11-19 17:17:21 - [TEST_STEP][PASSED] - waitForElementPresent(findTestObject("Object Repository/Sekmeler/UBLTag"), 10): Object 'Object Repository/Sekmeler/UBLTag' is present

2021-11-19 17:17:21 - [MESSAGE][INFO] - Finding Test Object 'Object Repository/Sekmeler/UBLTag'

2021-11-19 17:17:21 - [MESSAGE][INFO] - Checking object

2021-11-19 17:17:21 - [MESSAGE][INFO] - Finding web element from Test Object's properties

2021-11-19 17:17:21 - [MESSAGE][INFO] - Checking timeout

2021-11-19 17:17:21 - [MESSAGE][INFO] - Finding web element with id: 'Object Repository/Sekmeler/UBLTag' located by 'By.cssSelector: #webkit-xml-viewer-source-xml>:first-child' in '10' second(s)

2021-11-19 17:17:21 - [MESSAGE][INFO] - Smart Wait Function is triggered

2021-11-19 17:17:21 - [MESSAGE][INFO] - Found 1 web elements with id: 'Object Repository/Sekmeler/UBLTag' located by 'By.cssSelector: #webkit-xml-viewer-source-xml>:first-child' in '10' second(s)

2021-11-19 17:17:21 - [MESSAGE][PASSED] - Object 'Object Repository/Sekmeler/UBLTag' is present

2021-11-19 17:17:21 - [TEST_STEP][PASSED] - println(toLowerCase().toString()): Found 1 web elements with id: 'Object Repository/Sekmeler/UBLTag' located by 'By.cssSelector: #webkit-xml-viewer-source-xml>:first-child' in '10' second(s)

2021-11-19 17:17:21 - [MESSAGE][INFO] - Finding Test Object 'Object Repository/Sekmeler/UBLTag'

2021-11-19 17:17:21 - [MESSAGE][INFO] - Finding web element from Test Object's properties

2021-11-19 17:17:21 - [MESSAGE][INFO] - Checking timeout

2021-11-19 17:17:21 - [MESSAGE][INFO] - Finding web element with id: 'Object Repository/Sekmeler/UBLTag' located by 'By.cssSelector: #webkit-xml-viewer-source-xml>:first-child' in '10' second(s)

2021-11-19 17:17:21 - [MESSAGE][INFO] - Smart Wait Function is triggered

2021-11-19 17:17:21 - [MESSAGE][INFO] - Found 1 web elements with id: 'Object Repository/Sekmeler/UBLTag' located by 'By.cssSelector: #webkit-xml-viewer-source-xml>:first-child' in '10' second(s)

2021-11-19 17:17:21 - [TEST_STEP][PASSED] - if (!(toString().contains(toString().toLowerCase()))): Found 1 web elements with id: 'Object Repository/Sekmeler/UBLTag' located by 'By.cssSelector: #webkit-xml-viewer-source-xml>:first-child' in '10' second(s)

2021-11-19 17:17:21 - [MESSAGE][INFO] - Finding Test Object 'Object Repository/Sekmeler/UBLTag'

2021-11-19 17:17:21 - [MESSAGE][INFO] - Finding web element from Test Object's properties

2021-11-19 17:17:21 - [MESSAGE][INFO] - Checking timeout

2021-11-19 17:17:21 - [MESSAGE][INFO] - Finding web element with id: 'Object Repository/Sekmeler/UBLTag' located by 'By.cssSelector: #webkit-xml-viewer-source-xml>:first-child' in '10' second(s)

2021-11-19 17:17:21 - [MESSAGE][INFO] - Smart Wait Function is triggered

2021-11-19 17:17:21 - [MESSAGE][INFO] - Found 1 web elements with id: 'Object Repository/Sekmeler/UBLTag' located by 'By.cssSelector: #webkit-xml-viewer-source-xml>:first-child' in '10' second(s)

2021-11-19 17:17:22 - [MESSAGE][PASSED] - Call Test Case 'Test Cases/Sekmeler/TagGeldiMi' successfully

2021-11-19 17:17:22 - [MESSAGE][INFO] - Checking called Test Case

2021-11-19 17:17:22 - [MESSAGE][INFO] - Starting to call Test Case 'Test Cases/Sekmeler/Ana_Sekmeye_Gec'

2021-11-19 17:17:22 - [TEST_CASE][PASSED] - Test Cases/Sekmeler/Ana_Sekmeye_Gec: Test Cases/Sekmeler/Ana_Sekmeye_Gec

2021-11-19 17:17:22 - [TEST_STEP][PASSED] - try: Window with index 1 is closed

2021-11-19 17:17:22 - [TEST_STEP][PASSED] - index = getWindowIndex(): Current window's index is: 1

2021-11-19 17:17:22 - [MESSAGE][INFO] - Getting current window's index

2021-11-19 17:17:22 - [MESSAGE][PASSED] - Current window's index is: 1

2021-11-19 17:17:22 - [TEST_STEP][PASSED] - closeWindowIndex(index): Window with index 1 is closed

2021-11-19 17:17:22 - [MESSAGE][INFO] - Checking index

2021-11-19 17:17:22 - [MESSAGE][INFO] - Closing window with index 1

2021-11-19 17:17:22 - [MESSAGE][PASSED] - Window with index 1 is closed

2021-11-19 17:17:22 - [TEST_STEP][PASSED] - switchToWindowIndex(0): Switched to window with index: '0'

2021-11-19 17:17:22 - [MESSAGE][INFO] - Checking index

2021-11-19 17:17:22 - [MESSAGE][INFO] - Switching window with index: '0'

2021-11-19 17:17:22 - [MESSAGE][PASSED] - Switched to window with index: '0'

2021-11-19 17:17:22 - [MESSAGE][PASSED] - Call Test Case 'Test Cases/Sekmeler/Ana_Sekmeye_Gec' successfully

2021-11-19 17:17:22 - [MESSAGE][INFO] - Checking called Test Case

2021-11-19 17:17:22 - [MESSAGE][INFO] - Starting to call Test Case 'Test Cases/Butonlar/ButonaTikla'

2021-11-19 17:17:22 - [TEST_CASE][PASSED] - Test Cases/Butonlar/ButonaTikla: Test Cases/Butonlar/ButonaTikla

2021-11-19 17:17:22 - [TEST_STEP][PASSED] - Method.TextDegerineEsitElementeTiklaEquals(findTestObject("Butonlar/Butonlar"), Buton_Adi): Method.TextDegerineEsitElementeTiklaEquals is PASSED

2021-11-19 17:17:22 - [MESSAGE][INFO] - Finding Test Object 'Object Repository/Butonlar/Butonlar'

2021-11-19 17:17:22 - [MESSAGE][INFO] - Checking timeout

2021-11-19 17:17:22 - [MESSAGE][INFO] - Finding web element with id: 'Object Repository/Butonlar/Butonlar' located by 'By.cssSelector: .panel.panel-default.text-center.footerPanel .btn,.btn.btn-primary.btnControls' in '10' second(s)

2021-11-19 17:17:22 - [MESSAGE][INFO] - Smart Wait Function is triggered

2021-11-19 17:17:22 - [MESSAGE][INFO] - Found 5 web elements with id: 'Object Repository/Butonlar/Butonlar' located by 'By.cssSelector: .panel.panel-default.text-center.footerPanel .btn,.btn.btn-primary.btnControls' in '10' second(s)

2021-11-19 17:17:22 - [MESSAGE][PASSED] - Method.TextDegerineEsitElementeTiklaEquals is PASSED

2021-11-19 17:17:22 - [MESSAGE][PASSED] - Call Test Case 'Test Cases/Butonlar/ButonaTikla' successfully

2021-11-19 17:17:22 - [MESSAGE][INFO] - Checking called Test Case

2021-11-19 17:17:22 - [MESSAGE][INFO] - Starting to call Test Case 'Test Cases/Butonlar/AltButonaTikla'

2021-11-19 17:17:22 - [TEST_CASE][PASSED] - Test Cases/Butonlar/AltButonaTikla: Test Cases/Butonlar/AltButonaTikla

2021-11-19 17:17:22 - [TEST_STEP][PASSED] - Method.TextDegerineEsitElementeTikla(findTestObject("Butonlar/AltButonlar"), Alt_Buton): Method.TextDegerineEsitElementeTikla is PASSED

2021-11-19 17:17:22 - [MESSAGE][INFO] - Finding Test Object 'Object Repository/Butonlar/AltButonlar'

2021-11-19 17:17:22 - [MESSAGE][INFO] - Checking timeout

2021-11-19 17:17:22 - [MESSAGE][INFO] - Finding web element with id: 'Object Repository/Butonlar/AltButonlar' located by 'By.cssSelector: .btn-group.open li>a' in '10' second(s)

2021-11-19 17:17:22 - [MESSAGE][INFO] - Smart Wait Function is triggered

2021-11-19 17:17:23 - [MESSAGE][INFO] - Found 1 web elements with id: 'Object Repository/Butonlar/AltButonlar' located by 'By.cssSelector: .btn-group.open li>a' in '10' second(s)

2021-11-19 17:17:23 - [MESSAGE][PASSED] - Method.TextDegerineEsitElementeTikla is PASSED

2021-11-19 17:17:23 - [MESSAGE][PASSED] - Call Test Case 'Test Cases/Butonlar/AltButonaTikla' successfully

2021-11-19 17:17:23 - [MESSAGE][INFO] - Checking called Test Case

2021-11-19 17:17:23 - [MESSAGE][INFO] - Starting to call Test Case 'Test Cases/Butonlar/DosyaIndirildiMi'

2021-11-19 17:17:23 - [TEST_CASE][PASSED] - Test Cases/Butonlar/DosyaIndirildiMi: Test Cases/Butonlar/DosyaIndirildiMi

2021-11-19 17:17:23 - [TEST_STEP][PASSED] - Method.isimliDosyaIndirildiMi(DownloadFile, FileName): Method.isimliDosyaIndirildiMi is PASSED

2021-11-19 17:17:23 - [MESSAGE][INFO] - Delaying browser in 3 second(s)

2021-11-19 17:17:26 - [MESSAGE][PASSED] - Delayed 3 second(s)

2021-11-19 17:17:26 - [MESSAGE][PASSED] - Method.isimliDosyaIndirildiMi is PASSED

2021-11-19 17:17:26 - [MESSAGE][PASSED] - Call Test Case 'Test Cases/Butonlar/DosyaIndirildiMi' successfully

2021-11-19 17:17:26 - [MESSAGE][INFO] - Checking called Test Case

2021-11-19 17:17:26 - [MESSAGE][INFO] - Starting to call Test Case 'Test Cases/Butonlar/ButonaTikla'

2021-11-19 17:17:26 - [TEST_CASE][PASSED] - Test Cases/Butonlar/ButonaTikla: Test Cases/Butonlar/ButonaTikla

2021-11-19 17:17:26 - [TEST_STEP][PASSED] - Method.TextDegerineEsitElementeTiklaEquals(findTestObject("Butonlar/Butonlar"), Buton_Adi): Method.TextDegerineEsitElementeTiklaEquals is PASSED

2021-11-19 17:17:26 - [MESSAGE][INFO] - Finding Test Object 'Object Repository/Butonlar/Butonlar'

2021-11-19 17:17:26 - [MESSAGE][INFO] - Checking timeout

2021-11-19 17:17:26 - [MESSAGE][INFO] - Finding web element with id: 'Object Repository/Butonlar/Butonlar' located by 'By.cssSelector: .panel.panel-default.text-center.footerPanel .btn,.btn.btn-primary.btnControls' in '10' second(s)

2021-11-19 17:17:26 - [MESSAGE][INFO] - Smart Wait Function is triggered

2021-11-19 17:17:26 - [MESSAGE][INFO] - Found 5 web elements with id: 'Object Repository/Butonlar/Butonlar' located by 'By.cssSelector: .panel.panel-default.text-center.footerPanel .btn,.btn.btn-primary.btnControls' in '10' second(s)

2021-11-19 17:17:26 - [MESSAGE][PASSED] - Method.TextDegerineEsitElementeTiklaEquals is PASSED

2021-11-19 17:17:26 - [MESSAGE][PASSED] - Call Test Case 'Test Cases/Butonlar/ButonaTikla' successfully

2021-11-19 17:17:26 - [MESSAGE][INFO] - Checking called Test Case

2021-11-19 17:17:26 - [MESSAGE][INFO] - Starting to call Test Case 'Test Cases/Butonlar/AltButonaTikla'

2021-11-19 17:17:26 - [TEST_CASE][PASSED] - Test Cases/Butonlar/AltButonaTikla: Test Cases/Butonlar/AltButonaTikla

2021-11-19 17:17:26 - [TEST_STEP][PASSED] - Method.TextDegerineEsitElementeTikla(findTestObject("Butonlar/AltButonlar"), Alt_Buton): Method.TextDegerineEsitElementeTikla is PASSED

2021-11-19 17:17:26 - [MESSAGE][INFO] - Finding Test Object 'Object Repository/Butonlar/AltButonlar'

2021-11-19 17:17:27 - [MESSAGE][INFO] - Checking timeout

2021-11-19 17:17:27 - [MESSAGE][INFO] - Finding web element with id: 'Object Repository/Butonlar/AltButonlar' located by 'By.cssSelector: .btn-group.open li>a' in '10' second(s)

2021-11-19 17:17:27 - [MESSAGE][INFO] - Smart Wait Function is triggered

2021-11-19 17:17:27 - [MESSAGE][INFO] - Found 2 web elements with id: 'Object Repository/Butonlar/AltButonlar' located by 'By.cssSelector: .btn-group.open li>a' in '10' second(s)

2021-11-19 17:17:27 - [MESSAGE][PASSED] - Method.TextDegerineEsitElementeTikla is PASSED

2021-11-19 17:17:27 - [MESSAGE][PASSED] - Call Test Case 'Test Cases/Butonlar/AltButonaTikla' successfully

2021-11-19 17:17:27 - [MESSAGE][INFO] - Checking called Test Case

2021-11-19 17:17:27 - [MESSAGE][INFO] - Starting to call Test Case 'Test Cases/Popup/PopupMesajiIceriyorMu'

2021-11-19 17:17:27 - [TEST_CASE][PASSED] - Test Cases/Popup/PopupMesajiIceriyorMu: Test Cases/Popup/PopupMesajiIceriyorMu

2021-11-19 17:17:27 - [TEST_STEP][PASSED] - waitForElementVisible(findTestObject("Popup/Popup"), 10): Object 'Object Repository/Popup/Popup' is visible

2021-11-19 17:17:27 - [MESSAGE][INFO] - Finding Test Object 'Object Repository/Popup/Popup'

2021-11-19 17:17:27 - [MESSAGE][INFO] - Checking object

2021-11-19 17:17:27 - [MESSAGE][INFO] - Checking timeout

2021-11-19 17:17:27 - [MESSAGE][INFO] - Finding web element from Test Object's properties

2021-11-19 17:17:27 - [MESSAGE][INFO] - Checking timeout

2021-11-19 17:17:27 - [MESSAGE][INFO] - Finding web element with id: 'Object Repository/Popup/Popup' located by 'By.cssSelector: .bootbox-body' in '10' second(s)

2021-11-19 17:17:27 - [MESSAGE][INFO] - Smart Wait Function is triggered

2021-11-19 17:17:28 - [MESSAGE][INFO] - Found 1 web elements with id: 'Object Repository/Popup/Popup' located by 'By.cssSelector: .bootbox-body' in '10' second(s)

2021-11-19 17:17:28 - [MESSAGE][PASSED] - Object 'Object Repository/Popup/Popup' is visible

2021-11-19 17:17:28 - [TEST_STEP][PASSED] - if (!(getText(findTestObject("Popup/Popup")).contains(Mesaj))): Text of object 'Object Repository/Popup/Popup' is: 'Lütfen rapor bildiriminin gönderileceği e-posta adresini belirtiniz.
e-Posta Adresi'

2021-11-19 17:17:28 - [MESSAGE][INFO] - Finding Test Object 'Object Repository/Popup/Popup'

2021-11-19 17:17:28 - [MESSAGE][INFO] - Checking object

2021-11-19 17:17:28 - [MESSAGE][INFO] - Finding web element from Test Object's properties

2021-11-19 17:17:28 - [MESSAGE][INFO] - Checking timeout

2021-11-19 17:17:28 - [MESSAGE][INFO] - Finding web element with id: 'Object Repository/Popup/Popup' located by 'By.cssSelector: .bootbox-body' in '30' second(s)

2021-11-19 17:17:28 - [MESSAGE][INFO] - Smart Wait Function is triggered

2021-11-19 17:17:28 - [MESSAGE][INFO] - Found 1 web elements with id: 'Object Repository/Popup/Popup' located by 'By.cssSelector: .bootbox-body' in '30' second(s)

2021-11-19 17:17:28 - [MESSAGE][INFO] - Getting text of object 'Object Repository/Popup/Popup'

2021-11-19 17:17:28 - [MESSAGE][PASSED] - Text of object 'Object Repository/Popup/Popup' is: 'Lütfen rapor bildiriminin gönderileceği e-posta adresini belirtiniz.
e-Posta Adresi'

2021-11-19 17:17:28 - [TEST_STEP][PASSED] - RaporNo = getText(findTestObject("Popup/Popup")).substring(0, 6): Text of object 'Object Repository/Popup/Popup' is: 'Lütfen rapor bildiriminin gönderileceği e-posta adresini belirtiniz.
e-Posta Adresi'

2021-11-19 17:17:28 - [MESSAGE][INFO] - Finding Test Object 'Object Repository/Popup/Popup'

2021-11-19 17:17:28 - [MESSAGE][INFO] - Checking object

2021-11-19 17:17:28 - [MESSAGE][INFO] - Finding web element from Test Object's properties

2021-11-19 17:17:28 - [MESSAGE][INFO] - Checking timeout

2021-11-19 17:17:28 - [MESSAGE][INFO] - Finding web element with id: 'Object Repository/Popup/Popup' located by 'By.cssSelector: .bootbox-body' in '30' second(s)

2021-11-19 17:17:28 - [MESSAGE][INFO] - Smart Wait Function is triggered

2021-11-19 17:17:29 - [MESSAGE][INFO] - Found 1 web elements with id: 'Object Repository/Popup/Popup' located by 'By.cssSelector: .bootbox-body' in '30' second(s)

2021-11-19 17:17:29 - [MESSAGE][INFO] - Getting text of object 'Object Repository/Popup/Popup'

2021-11-19 17:17:29 - [MESSAGE][PASSED] - Text of object 'Object Repository/Popup/Popup' is: 'Lütfen rapor bildiriminin gönderileceği e-posta adresini belirtiniz.
e-Posta Adresi'

2021-11-19 17:17:29 - [TEST_STEP][PASSED] - Console.println(RaporNo): null

2021-11-19 17:17:29 - [MESSAGE][PASSED] - Call Test Case 'Test Cases/Popup/PopupMesajiIceriyorMu' successfully

2021-11-19 17:17:29 - [MESSAGE][INFO] - Checking called Test Case

2021-11-19 17:17:29 - [MESSAGE][INFO] - Starting to call Test Case 'Test Cases/Popup/PopupaEmailEklenir'

2021-11-19 17:17:29 - [TEST_CASE][PASSED] - Test Cases/Popup/PopupaEmailEklenir: Test Cases/Popup/PopupaEmailEklenir

2021-11-19 17:17:29 - [TEST_STEP][PASSED] - clearText(findTestObject("Popup/EmailText")): Text of object 'Object Repository/Popup/EmailText' is cleared

2021-11-19 17:17:29 - [MESSAGE][INFO] - Finding Test Object 'Object Repository/Popup/EmailText'

2021-11-19 17:17:29 - [MESSAGE][INFO] - Checking object

2021-11-19 17:17:29 - [MESSAGE][INFO] - Finding web element from Test Object's properties

2021-11-19 17:17:29 - [MESSAGE][INFO] - Checking timeout

2021-11-19 17:17:29 - [MESSAGE][INFO] - Finding web element with id: 'Object Repository/Popup/EmailText' located by 'By.xpath: //*[@id="eMails"]' in '30' second(s)

2021-11-19 17:17:29 - [MESSAGE][INFO] - Smart Wait Function is triggered

2021-11-19 17:17:29 - [MESSAGE][INFO] - Found 1 web elements with id: 'Object Repository/Popup/EmailText' located by 'By.xpath: //*[@id="eMails"]' in '30' second(s)

2021-11-19 17:17:29 - [MESSAGE][INFO] - Clearing text of object 'Object Repository/Popup/EmailText'

2021-11-19 17:17:29 - [MESSAGE][PASSED] - Text of object 'Object Repository/Popup/EmailText' is cleared

2021-11-19 17:17:29 - [TEST_STEP][PASSED] - sendKeys(findTestObject("Popup/EmailText"), Email): Keys 'elogotest@gmail.com;ali.kara@logo.com.tr' sent to object: 'Object Repository/Popup/EmailText'

2021-11-19 17:17:29 - [MESSAGE][INFO] - Finding Test Object 'Object Repository/Popup/EmailText'

2021-11-19 17:17:29 - [MESSAGE][INFO] - Sending keys 'elogotest@gmail.com;ali.kara@logo.com.tr' to object: 'Object Repository/Popup/EmailText'

2021-11-19 17:17:29 - [MESSAGE][INFO] - Finding web element from Test Object's properties

2021-11-19 17:17:29 - [MESSAGE][INFO] - Checking timeout

2021-11-19 17:17:29 - [MESSAGE][INFO] - Finding web element with id: 'Object Repository/Popup/EmailText' located by 'By.xpath: //*[@id="eMails"]' in '30' second(s)

2021-11-19 17:17:29 - [MESSAGE][INFO] - Smart Wait Function is triggered

2021-11-19 17:17:30 - [MESSAGE][INFO] - Found 1 web elements with id: 'Object Repository/Popup/EmailText' located by 'By.xpath: //*[@id="eMails"]' in '30' second(s)

2021-11-19 17:17:30 - [MESSAGE][PASSED] - Keys 'elogotest@gmail.com;ali.kara@logo.com.tr' sent to object: 'Object Repository/Popup/EmailText'

2021-11-19 17:17:30 - [MESSAGE][PASSED] - Call Test Case 'Test Cases/Popup/PopupaEmailEklenir' successfully

2021-11-19 17:17:30 - [MESSAGE][INFO] - Checking called Test Case

2021-11-19 17:17:30 - [MESSAGE][INFO] - Starting to call Test Case 'Test Cases/Popup/PopupButonSecilir'

2021-11-19 17:17:30 - [TEST_CASE][PASSED] - Test Cases/Popup/PopupButonSecilir: Test Cases/Popup/PopupButonSecilir

2021-11-19 17:17:30 - [TEST_STEP][PASSED] - Method.TextDegerineEsitElementeTikla(findTestObject("Popup/Popup_Butons"), Buton): Method.TextDegerineEsitElementeTikla is PASSED

2021-11-19 17:17:30 - [MESSAGE][INFO] - Finding Test Object 'Object Repository/Popup/Popup_Butons'

2021-11-19 17:17:30 - [MESSAGE][INFO] - Checking timeout

2021-11-19 17:17:30 - [MESSAGE][INFO] - Finding web element with id: 'Object Repository/Popup/Popup_Butons' located by 'By.cssSelector: .modal-footer>button' in '10' second(s)

2021-11-19 17:17:30 - [MESSAGE][INFO] - Smart Wait Function is triggered

2021-11-19 17:17:30 - [MESSAGE][INFO] - Found 2 web elements with id: 'Object Repository/Popup/Popup_Butons' located by 'By.cssSelector: .modal-footer>button' in '10' second(s)

2021-11-19 17:17:30 - [MESSAGE][PASSED] - Method.TextDegerineEsitElementeTikla is PASSED

2021-11-19 17:17:30 - [MESSAGE][PASSED] - Call Test Case 'Test Cases/Popup/PopupButonSecilir' successfully

2021-11-19 17:17:30 - [MESSAGE][INFO] - Checking called Test Case

2021-11-19 17:17:30 - [MESSAGE][INFO] - Starting to call Test Case 'Test Cases/Popup/PopupMesajiIceriyorMu'

2021-11-19 17:17:30 - [TEST_CASE][PASSED] - Test Cases/Popup/PopupMesajiIceriyorMu: Test Cases/Popup/PopupMesajiIceriyorMu

2021-11-19 17:17:30 - [TEST_STEP][PASSED] - waitForElementVisible(findTestObject("Popup/Popup"), 10): Object 'Object Repository/Popup/Popup' is visible

2021-11-19 17:17:30 - [MESSAGE][INFO] - Finding Test Object 'Object Repository/Popup/Popup'

2021-11-19 17:17:30 - [MESSAGE][INFO] - Checking object

2021-11-19 17:17:30 - [MESSAGE][INFO] - Checking timeout

2021-11-19 17:17:30 - [MESSAGE][INFO] - Finding web element from Test Object's properties

2021-11-19 17:17:30 - [MESSAGE][INFO] - Checking timeout

2021-11-19 17:17:30 - [MESSAGE][INFO] - Finding web element with id: 'Object Repository/Popup/Popup' located by 'By.cssSelector: .bootbox-body' in '10' second(s)

2021-11-19 17:17:30 - [MESSAGE][INFO] - Smart Wait Function is triggered

2021-11-19 17:17:31 - [MESSAGE][INFO] - Found 1 web elements with id: 'Object Repository/Popup/Popup' located by 'By.cssSelector: .bootbox-body' in '10' second(s)

2021-11-19 17:17:31 - [MESSAGE][PASSED] - Object 'Object Repository/Popup/Popup' is visible

2021-11-19 17:17:31 - [TEST_STEP][PASSED] - if (!(getText(findTestObject("Popup/Popup")).contains(Mesaj))): Text of object 'Object Repository/Popup/Popup' is: '17479 no’lu talebiniz işleme alınmıştır. Raporunuz hazırlandığında (elogotest@gmail.com;ali.kara@logo.com.tr) adresinize mail gönderilecektir.
Rapor durumunuzu Raporlar > Toplu Veri İndirme ekranından takip edebilir, hazırlandı durumundaki raporlarınızı ilgili menüden indirebilirsiniz.'

2021-11-19 17:17:31 - [MESSAGE][INFO] - Finding Test Object 'Object Repository/Popup/Popup'

2021-11-19 17:17:31 - [MESSAGE][INFO] - Checking object

2021-11-19 17:17:31 - [MESSAGE][INFO] - Finding web element from Test Object's properties

2021-11-19 17:17:31 - [MESSAGE][INFO] - Checking timeout

2021-11-19 17:17:31 - [MESSAGE][INFO] - Finding web element with id: 'Object Repository/Popup/Popup' located by 'By.cssSelector: .bootbox-body' in '30' second(s)

2021-11-19 17:17:31 - [MESSAGE][INFO] - Smart Wait Function is triggered

2021-11-19 17:17:31 - [MESSAGE][INFO] - Found 1 web elements with id: 'Object Repository/Popup/Popup' located by 'By.cssSelector: .bootbox-body' in '30' second(s)

2021-11-19 17:17:31 - [MESSAGE][INFO] - Getting text of object 'Object Repository/Popup/Popup'

2021-11-19 17:17:31 - [MESSAGE][PASSED] - Text of object 'Object Repository/Popup/Popup' is: '17479 no’lu talebiniz işleme alınmıştır. Raporunuz hazırlandığında (elogotest@gmail.com;ali.kara@logo.com.tr) adresinize mail gönderilecektir.
Rapor durumunuzu Raporlar > Toplu Veri İndirme ekranından takip edebilir, hazırlandı durumundaki raporlarınızı ilgili menüden indirebilirsiniz.'

2021-11-19 17:17:31 - [TEST_STEP][PASSED] - RaporNo = getText(findTestObject("Popup/Popup")).substring(0, 6): Text of object 'Object Repository/Popup/Popup' is: '17479 no’lu talebiniz işleme alınmıştır. Raporunuz hazırlandığında (elogotest@gmail.com;ali.kara@logo.com.tr) adresinize mail gönderilecektir.
Rapor durumunuzu Raporlar > Toplu Veri İndirme ekranından takip edebilir, hazırlandı durumundaki raporlarınızı ilgili menüden indirebilirsiniz.'

2021-11-19 17:17:31 - [MESSAGE][INFO] - Finding Test Object 'Object Repository/Popup/Popup'

2021-11-19 17:17:31 - [MESSAGE][INFO] - Checking object

2021-11-19 17:17:31 - [MESSAGE][INFO] - Finding web element from Test Object's properties

2021-11-19 17:17:31 - [MESSAGE][INFO] - Checking timeout

2021-11-19 17:17:31 - [MESSAGE][INFO] - Finding web element with id: 'Object Repository/Popup/Popup' located by 'By.cssSelector: .bootbox-body' in '30' second(s)

2021-11-19 17:17:31 - [MESSAGE][INFO] - Smart Wait Function is triggered

2021-11-19 17:17:32 - [MESSAGE][INFO] - Found 1 web elements with id: 'Object Repository/Popup/Popup' located by 'By.cssSelector: .bootbox-body' in '30' second(s)

2021-11-19 17:17:32 - [MESSAGE][INFO] - Getting text of object 'Object Repository/Popup/Popup'

2021-11-19 17:17:32 - [MESSAGE][PASSED] - Text of object 'Object Repository/Popup/Popup' is: '17479 no’lu talebiniz işleme alınmıştır. Raporunuz hazırlandığında (elogotest@gmail.com;ali.kara@logo.com.tr) adresinize mail gönderilecektir.
Rapor durumunuzu Raporlar > Toplu Veri İndirme ekranından takip edebilir, hazırlandı durumundaki raporlarınızı ilgili menüden indirebilirsiniz.'

2021-11-19 17:17:32 - [TEST_STEP][PASSED] - Console.println(RaporNo): null

2021-11-19 17:17:32 - [MESSAGE][PASSED] - Call Test Case 'Test Cases/Popup/PopupMesajiIceriyorMu' successfully

2021-11-19 17:17:32 - [MESSAGE][INFO] - Checking called Test Case

2021-11-19 17:17:32 - [MESSAGE][INFO] - Starting to call Test Case 'Test Cases/Popup/PopupButonSecilir'

2021-11-19 17:17:32 - [TEST_CASE][PASSED] - Test Cases/Popup/PopupButonSecilir: Test Cases/Popup/PopupButonSecilir

2021-11-19 17:17:32 - [TEST_STEP][PASSED] - Method.TextDegerineEsitElementeTikla(findTestObject("Popup/Popup_Butons"), Buton): Method.TextDegerineEsitElementeTikla is PASSED

2021-11-19 17:17:32 - [MESSAGE][INFO] - Finding Test Object 'Object Repository/Popup/Popup_Butons'

2021-11-19 17:17:32 - [MESSAGE][INFO] - Checking timeout

2021-11-19 17:17:32 - [MESSAGE][INFO] - Finding web element with id: 'Object Repository/Popup/Popup_Butons' located by 'By.cssSelector: .modal-footer>button' in '10' second(s)

2021-11-19 17:17:32 - [MESSAGE][INFO] - Smart Wait Function is triggered

2021-11-19 17:17:32 - [MESSAGE][INFO] - Found 1 web elements with id: 'Object Repository/Popup/Popup_Butons' located by 'By.cssSelector: .modal-footer>button' in '10' second(s)

2021-11-19 17:17:32 - [MESSAGE][PASSED] - Method.TextDegerineEsitElementeTikla is PASSED

2021-11-19 17:17:32 - [MESSAGE][PASSED] - Call Test Case 'Test Cases/Popup/PopupButonSecilir' successfully

2021-11-19 17:17:32 - [MESSAGE][INFO] - Checking called Test Case

2021-11-19 17:17:32 - [MESSAGE][INFO] - Starting to call Test Case 'Test Cases/Butonlar/ButonaTikla'

2021-11-19 17:17:32 - [TEST_CASE][PASSED] - Test Cases/Butonlar/ButonaTikla: Test Cases/Butonlar/ButonaTikla

2021-11-19 17:17:32 - [TEST_STEP][PASSED] - Method.TextDegerineEsitElementeTiklaEquals(findTestObject("Butonlar/Butonlar"), Buton_Adi): Method.TextDegerineEsitElementeTiklaEquals is PASSED

2021-11-19 17:17:32 - [MESSAGE][INFO] - Finding Test Object 'Object Repository/Butonlar/Butonlar'

2021-11-19 17:17:32 - [MESSAGE][INFO] - Checking timeout

2021-11-19 17:17:32 - [MESSAGE][INFO] - Finding web element with id: 'Object Repository/Butonlar/Butonlar' located by 'By.cssSelector: .panel.panel-default.text-center.footerPanel .btn,.btn.btn-primary.btnControls' in '10' second(s)

2021-11-19 17:17:32 - [MESSAGE][INFO] - Smart Wait Function is triggered

2021-11-19 17:17:33 - [MESSAGE][INFO] - Found 5 web elements with id: 'Object Repository/Butonlar/Butonlar' located by 'By.cssSelector: .panel.panel-default.text-center.footerPanel .btn,.btn.btn-primary.btnControls' in '10' second(s)

2021-11-19 17:17:33 - [MESSAGE][PASSED] - Method.TextDegerineEsitElementeTiklaEquals is PASSED

2021-11-19 17:17:33 - [MESSAGE][PASSED] - Call Test Case 'Test Cases/Butonlar/ButonaTikla' successfully

2021-11-19 17:17:33 - [MESSAGE][INFO] - Checking called Test Case

2021-11-19 17:17:33 - [MESSAGE][INFO] - Starting to call Test Case 'Test Cases/Butonlar/AltButonaTikla'

2021-11-19 17:17:33 - [TEST_CASE][PASSED] - Test Cases/Butonlar/AltButonaTikla: Test Cases/Butonlar/AltButonaTikla

2021-11-19 17:17:33 - [TEST_STEP][PASSED] - Method.TextDegerineEsitElementeTikla(findTestObject("Butonlar/AltButonlar"), Alt_Buton): Method.TextDegerineEsitElementeTikla is PASSED

2021-11-19 17:17:33 - [MESSAGE][INFO] - Finding Test Object 'Object Repository/Butonlar/AltButonlar'

2021-11-19 17:17:33 - [MESSAGE][INFO] - Checking timeout

2021-11-19 17:17:33 - [MESSAGE][INFO] - Finding web element with id: 'Object Repository/Butonlar/AltButonlar' located by 'By.cssSelector: .btn-group.open li>a' in '10' second(s)

2021-11-19 17:17:33 - [MESSAGE][INFO] - Smart Wait Function is triggered

2021-11-19 17:17:34 - [MESSAGE][INFO] - Found 2 web elements with id: 'Object Repository/Butonlar/AltButonlar' located by 'By.cssSelector: .btn-group.open li>a' in '10' second(s)

2021-11-19 17:17:34 - [MESSAGE][PASSED] - Method.TextDegerineEsitElementeTikla is PASSED

2021-11-19 17:17:34 - [MESSAGE][PASSED] - Call Test Case 'Test Cases/Butonlar/AltButonaTikla' successfully

2021-11-19 17:17:34 - [MESSAGE][INFO] - Checking called Test Case

2021-11-19 17:17:34 - [MESSAGE][INFO] - Starting to call Test Case 'Test Cases/Popup/PopupMesajiIceriyorMu'

2021-11-19 17:17:34 - [TEST_CASE][PASSED] - Test Cases/Popup/PopupMesajiIceriyorMu: Test Cases/Popup/PopupMesajiIceriyorMu

2021-11-19 17:17:34 - [TEST_STEP][PASSED] - waitForElementVisible(findTestObject("Popup/Popup"), 10): Object 'Object Repository/Popup/Popup' is visible

2021-11-19 17:17:34 - [MESSAGE][INFO] - Finding Test Object 'Object Repository/Popup/Popup'

2021-11-19 17:17:34 - [MESSAGE][INFO] - Checking object

2021-11-19 17:17:34 - [MESSAGE][INFO] - Checking timeout

2021-11-19 17:17:34 - [MESSAGE][INFO] - Finding web element from Test Object's properties

2021-11-19 17:17:34 - [MESSAGE][INFO] - Checking timeout

2021-11-19 17:17:34 - [MESSAGE][INFO] - Finding web element with id: 'Object Repository/Popup/Popup' located by 'By.cssSelector: .bootbox-body' in '10' second(s)

2021-11-19 17:17:34 - [MESSAGE][INFO] - Smart Wait Function is triggered

2021-11-19 17:17:34 - [MESSAGE][INFO] - Found 1 web elements with id: 'Object Repository/Popup/Popup' located by 'By.cssSelector: .bootbox-body' in '10' second(s)

2021-11-19 17:17:34 - [MESSAGE][PASSED] - Object 'Object Repository/Popup/Popup' is visible

2021-11-19 17:17:34 - [TEST_STEP][PASSED] - if (!(getText(findTestObject("Popup/Popup")).contains(Mesaj))): Text of object 'Object Repository/Popup/Popup' is: 'Lütfen rapor bildiriminin gönderileceği e-posta adresini belirtiniz.
e-Posta Adresi'

2021-11-19 17:17:34 - [MESSAGE][INFO] - Finding Test Object 'Object Repository/Popup/Popup'

2021-11-19 17:17:34 - [MESSAGE][INFO] - Checking object

2021-11-19 17:17:34 - [MESSAGE][INFO] - Finding web element from Test Object's properties

2021-11-19 17:17:34 - [MESSAGE][INFO] - Checking timeout

2021-11-19 17:17:34 - [MESSAGE][INFO] - Finding web element with id: 'Object Repository/Popup/Popup' located by 'By.cssSelector: .bootbox-body' in '30' second(s)

2021-11-19 17:17:34 - [MESSAGE][INFO] - Smart Wait Function is triggered

2021-11-19 17:17:35 - [MESSAGE][INFO] - Found 1 web elements with id: 'Object Repository/Popup/Popup' located by 'By.cssSelector: .bootbox-body' in '30' second(s)

2021-11-19 17:17:35 - [MESSAGE][INFO] - Getting text of object 'Object Repository/Popup/Popup'

2021-11-19 17:17:35 - [MESSAGE][PASSED] - Text of object 'Object Repository/Popup/Popup' is: 'Lütfen rapor bildiriminin gönderileceği e-posta adresini belirtiniz.
e-Posta Adresi'

2021-11-19 17:17:35 - [TEST_STEP][PASSED] - RaporNo = getText(findTestObject("Popup/Popup")).substring(0, 6): Text of object 'Object Repository/Popup/Popup' is: 'Lütfen rapor bildiriminin gönderileceği e-posta adresini belirtiniz.
e-Posta Adresi'

2021-11-19 17:17:35 - [MESSAGE][INFO] - Finding Test Object 'Object Repository/Popup/Popup'

2021-11-19 17:17:35 - [MESSAGE][INFO] - Checking object

2021-11-19 17:17:35 - [MESSAGE][INFO] - Finding web element from Test Object's properties

2021-11-19 17:17:35 - [MESSAGE][INFO] - Checking timeout

2021-11-19 17:17:35 - [MESSAGE][INFO] - Finding web element with id: 'Object Repository/Popup/Popup' located by 'By.cssSelector: .bootbox-body' in '30' second(s)

2021-11-19 17:17:35 - [MESSAGE][INFO] - Smart Wait Function is triggered

2021-11-19 17:17:35 - [MESSAGE][INFO] - Found 1 web elements with id: 'Object Repository/Popup/Popup' located by 'By.cssSelector: .bootbox-body' in '30' second(s)

2021-11-19 17:17:35 - [MESSAGE][INFO] - Getting text of object 'Object Repository/Popup/Popup'

2021-11-19 17:17:35 - [MESSAGE][PASSED] - Text of object 'Object Repository/Popup/Popup' is: 'Lütfen rapor bildiriminin gönderileceği e-posta adresini belirtiniz.
e-Posta Adresi'

2021-11-19 17:17:35 - [TEST_STEP][PASSED] - Console.println(RaporNo): null

2021-11-19 17:17:35 - [MESSAGE][PASSED] - Call Test Case 'Test Cases/Popup/PopupMesajiIceriyorMu' successfully

2021-11-19 17:17:35 - [MESSAGE][INFO] - Checking called Test Case

2021-11-19 17:17:35 - [MESSAGE][INFO] - Starting to call Test Case 'Test Cases/Popup/PopupaEmailEklenir'

2021-11-19 17:17:35 - [TEST_CASE][PASSED] - Test Cases/Popup/PopupaEmailEklenir: Test Cases/Popup/PopupaEmailEklenir

2021-11-19 17:17:35 - [TEST_STEP][PASSED] - clearText(findTestObject("Popup/EmailText")): Text of object 'Object Repository/Popup/EmailText' is cleared

2021-11-19 17:17:35 - [MESSAGE][INFO] - Finding Test Object 'Object Repository/Popup/EmailText'

2021-11-19 17:17:35 - [MESSAGE][INFO] - Checking object

2021-11-19 17:17:35 - [MESSAGE][INFO] - Finding web element from Test Object's properties

2021-11-19 17:17:35 - [MESSAGE][INFO] - Checking timeout

2021-11-19 17:17:35 - [MESSAGE][INFO] - Finding web element with id: 'Object Repository/Popup/EmailText' located by 'By.xpath: //*[@id="eMails"]' in '30' second(s)

2021-11-19 17:17:35 - [MESSAGE][INFO] - Smart Wait Function is triggered

2021-11-19 17:17:36 - [MESSAGE][INFO] - Found 1 web elements with id: 'Object Repository/Popup/EmailText' located by 'By.xpath: //*[@id="eMails"]' in '30' second(s)

2021-11-19 17:17:36 - [MESSAGE][INFO] - Clearing text of object 'Object Repository/Popup/EmailText'

2021-11-19 17:17:36 - [MESSAGE][PASSED] - Text of object 'Object Repository/Popup/EmailText' is cleared

2021-11-19 17:17:36 - [TEST_STEP][PASSED] - sendKeys(findTestObject("Popup/EmailText"), Email): Keys 'elogotest@gmail.com;ali.kara@logo.com.tr' sent to object: 'Object Repository/Popup/EmailText'

2021-11-19 17:17:36 - [MESSAGE][INFO] - Finding Test Object 'Object Repository/Popup/EmailText'

2021-11-19 17:17:36 - [MESSAGE][INFO] - Sending keys 'elogotest@gmail.com;ali.kara@logo.com.tr' to object: 'Object Repository/Popup/EmailText'

2021-11-19 17:17:36 - [MESSAGE][INFO] - Finding web element from Test Object's properties

2021-11-19 17:17:36 - [MESSAGE][INFO] - Checking timeout

2021-11-19 17:17:36 - [MESSAGE][INFO] - Finding web element with id: 'Object Repository/Popup/EmailText' located by 'By.xpath: //*[@id="eMails"]' in '30' second(s)

2021-11-19 17:17:36 - [MESSAGE][INFO] - Smart Wait Function is triggered

2021-11-19 17:17:36 - [MESSAGE][INFO] - Found 1 web elements with id: 'Object Repository/Popup/EmailText' located by 'By.xpath: //*[@id="eMails"]' in '30' second(s)

2021-11-19 17:17:36 - [MESSAGE][PASSED] - Keys 'elogotest@gmail.com;ali.kara@logo.com.tr' sent to object: 'Object Repository/Popup/EmailText'

2021-11-19 17:17:36 - [MESSAGE][PASSED] - Call Test Case 'Test Cases/Popup/PopupaEmailEklenir' successfully

2021-11-19 17:17:36 - [MESSAGE][INFO] - Checking called Test Case

2021-11-19 17:17:36 - [MESSAGE][INFO] - Starting to call Test Case 'Test Cases/Popup/PopupButonSecilir'

2021-11-19 17:17:36 - [TEST_CASE][PASSED] - Test Cases/Popup/PopupButonSecilir: Test Cases/Popup/PopupButonSecilir

2021-11-19 17:17:36 - [TEST_STEP][PASSED] - Method.TextDegerineEsitElementeTikla(findTestObject("Popup/Popup_Butons"), Buton): Method.TextDegerineEsitElementeTikla is PASSED

2021-11-19 17:17:36 - [MESSAGE][INFO] - Finding Test Object 'Object Repository/Popup/Popup_Butons'

2021-11-19 17:17:36 - [MESSAGE][INFO] - Checking timeout

2021-11-19 17:17:36 - [MESSAGE][INFO] - Finding web element with id: 'Object Repository/Popup/Popup_Butons' located by 'By.cssSelector: .modal-footer>button' in '10' second(s)

2021-11-19 17:17:36 - [MESSAGE][INFO] - Smart Wait Function is triggered

2021-11-19 17:17:36 - [MESSAGE][INFO] - Found 2 web elements with id: 'Object Repository/Popup/Popup_Butons' located by 'By.cssSelector: .modal-footer>button' in '10' second(s)

2021-11-19 17:17:37 - [MESSAGE][PASSED] - Method.TextDegerineEsitElementeTikla is PASSED

2021-11-19 17:17:37 - [MESSAGE][PASSED] - Call Test Case 'Test Cases/Popup/PopupButonSecilir' successfully

2021-11-19 17:17:37 - [MESSAGE][INFO] - Checking called Test Case

2021-11-19 17:17:37 - [MESSAGE][INFO] - Starting to call Test Case 'Test Cases/Popup/PopupMesajiIceriyorMu'

2021-11-19 17:17:37 - [TEST_CASE][PASSED] - Test Cases/Popup/PopupMesajiIceriyorMu: Test Cases/Popup/PopupMesajiIceriyorMu

2021-11-19 17:17:37 - [TEST_STEP][PASSED] - waitForElementVisible(findTestObject("Popup/Popup"), 10): Object 'Object Repository/Popup/Popup' is visible

2021-11-19 17:17:37 - [MESSAGE][INFO] - Finding Test Object 'Object Repository/Popup/Popup'

2021-11-19 17:17:37 - [MESSAGE][INFO] - Checking object

2021-11-19 17:17:37 - [MESSAGE][INFO] - Checking timeout

2021-11-19 17:17:37 - [MESSAGE][INFO] - Finding web element from Test Object's properties

2021-11-19 17:17:37 - [MESSAGE][INFO] - Checking timeout

2021-11-19 17:17:37 - [MESSAGE][INFO] - Finding web element with id: 'Object Repository/Popup/Popup' located by 'By.cssSelector: .bootbox-body' in '10' second(s)

2021-11-19 17:17:37 - [MESSAGE][INFO] - Smart Wait Function is triggered

2021-11-19 17:17:37 - [MESSAGE][INFO] - Found 1 web elements with id: 'Object Repository/Popup/Popup' located by 'By.cssSelector: .bootbox-body' in '10' second(s)

2021-11-19 17:17:37 - [MESSAGE][PASSED] - Object 'Object Repository/Popup/Popup' is visible

2021-11-19 17:17:37 - [TEST_STEP][PASSED] - if (!(getText(findTestObject("Popup/Popup")).contains(Mesaj))): Text of object 'Object Repository/Popup/Popup' is: '17480 no’lu talebiniz işleme alınmıştır. Raporunuz hazırlandığında (elogotest@gmail.com;ali.kara@logo.com.tr) adresinize mail gönderilecektir.
Rapor durumunuzu Raporlar > Toplu Veri İndirme ekranından takip edebilir, hazırlandı durumundaki raporlarınızı ilgili menüden indirebilirsiniz.'

2021-11-19 17:17:37 - [MESSAGE][INFO] - Finding Test Object 'Object Repository/Popup/Popup'

2021-11-19 17:17:37 - [MESSAGE][INFO] - Checking object

2021-11-19 17:17:37 - [MESSAGE][INFO] - Finding web element from Test Object's properties

2021-11-19 17:17:37 - [MESSAGE][INFO] - Checking timeout

2021-11-19 17:17:37 - [MESSAGE][INFO] - Finding web element with id: 'Object Repository/Popup/Popup' located by 'By.cssSelector: .bootbox-body' in '30' second(s)

2021-11-19 17:17:37 - [MESSAGE][INFO] - Smart Wait Function is triggered

2021-11-19 17:17:38 - [MESSAGE][INFO] - Found 1 web elements with id: 'Object Repository/Popup/Popup' located by 'By.cssSelector: .bootbox-body' in '30' second(s)

2021-11-19 17:17:38 - [MESSAGE][INFO] - Getting text of object 'Object Repository/Popup/Popup'

2021-11-19 17:17:38 - [MESSAGE][PASSED] - Text of object 'Object Repository/Popup/Popup' is: '17480 no’lu talebiniz işleme alınmıştır. Raporunuz hazırlandığında (elogotest@gmail.com;ali.kara@logo.com.tr) adresinize mail gönderilecektir.
Rapor durumunuzu Raporlar > Toplu Veri İndirme ekranından takip edebilir, hazırlandı durumundaki raporlarınızı ilgili menüden indirebilirsiniz.'

2021-11-19 17:17:38 - [TEST_STEP][PASSED] - RaporNo = getText(findTestObject("Popup/Popup")).substring(0, 6): Text of object 'Object Repository/Popup/Popup' is: '17480 no’lu talebiniz işleme alınmıştır. Raporunuz hazırlandığında (elogotest@gmail.com;ali.kara@logo.com.tr) adresinize mail gönderilecektir.
Rapor durumunuzu Raporlar > Toplu Veri İndirme ekranından takip edebilir, hazırlandı durumundaki raporlarınızı ilgili menüden indirebilirsiniz.'

2021-11-19 17:17:38 - [MESSAGE][INFO] - Finding Test Object 'Object Repository/Popup/Popup'

2021-11-19 17:17:38 - [MESSAGE][INFO] - Checking object

2021-11-19 17:17:38 - [MESSAGE][INFO] - Finding web element from Test Object's properties

2021-11-19 17:17:38 - [MESSAGE][INFO] - Checking timeout

2021-11-19 17:17:38 - [MESSAGE][INFO] - Finding web element with id: 'Object Repository/Popup/Popup' located by 'By.cssSelector: .bootbox-body' in '30' second(s)

2021-11-19 17:17:38 - [MESSAGE][INFO] - Smart Wait Function is triggered

2021-11-19 17:17:38 - [MESSAGE][INFO] - Found 1 web elements with id: 'Object Repository/Popup/Popup' located by 'By.cssSelector: .bootbox-body' in '30' second(s)

2021-11-19 17:17:38 - [MESSAGE][INFO] - Getting text of object 'Object Repository/Popup/Popup'

2021-11-19 17:17:38 - [MESSAGE][PASSED] - Text of object 'Object Repository/Popup/Popup' is: '17480 no’lu talebiniz işleme alınmıştır. Raporunuz hazırlandığında (elogotest@gmail.com;ali.kara@logo.com.tr) adresinize mail gönderilecektir.
Rapor durumunuzu Raporlar > Toplu Veri İndirme ekranından takip edebilir, hazırlandı durumundaki raporlarınızı ilgili menüden indirebilirsiniz.'

2021-11-19 17:17:38 - [TEST_STEP][PASSED] - Console.println(RaporNo): null

2021-11-19 17:17:38 - [MESSAGE][PASSED] - Call Test Case 'Test Cases/Popup/PopupMesajiIceriyorMu' successfully

2021-11-19 17:17:38 - [MESSAGE][INFO] - Checking called Test Case

2021-11-19 17:17:38 - [MESSAGE][INFO] - Starting to call Test Case 'Test Cases/Popup/PopupButonSecilir'

2021-11-19 17:17:38 - [TEST_CASE][PASSED] - Test Cases/Popup/PopupButonSecilir: Test Cases/Popup/PopupButonSecilir

2021-11-19 17:17:38 - [TEST_STEP][PASSED] - Method.TextDegerineEsitElementeTikla(findTestObject("Popup/Popup_Butons"), Buton): Method.TextDegerineEsitElementeTikla is PASSED

2021-11-19 17:17:38 - [MESSAGE][INFO] - Finding Test Object 'Object Repository/Popup/Popup_Butons'

2021-11-19 17:17:38 - [MESSAGE][INFO] - Checking timeout

2021-11-19 17:17:38 - [MESSAGE][INFO] - Finding web element with id: 'Object Repository/Popup/Popup_Butons' located by 'By.cssSelector: .modal-footer>button' in '10' second(s)

2021-11-19 17:17:38 - [MESSAGE][INFO] - Smart Wait Function is triggered

2021-11-19 17:17:38 - [MESSAGE][INFO] - Found 1 web elements with id: 'Object Repository/Popup/Popup_Butons' located by 'By.cssSelector: .modal-footer>button' in '10' second(s)

2021-11-19 17:17:39 - [MESSAGE][PASSED] - Method.TextDegerineEsitElementeTikla is PASSED

2021-11-19 17:17:39 - [MESSAGE][PASSED] - Call Test Case 'Test Cases/Popup/PopupButonSecilir' successfully

2021-11-19 17:17:39 - [MESSAGE][INFO] - Checking called Test Case

2021-11-19 17:17:39 - [MESSAGE][INFO] - Starting to call Test Case 'Test Cases/Kullanici_Islemleri/KullaniciIslemlerindenSecimYapilir'

2021-11-19 17:17:39 - [TEST_CASE][PASSED] - Test Cases/Kullanici_Islemleri/KullaniciIslemlerindenSecimYapilir: Test Cases/Kullanici_Islemleri/KullaniciIslemlerindenSecimYapilir

2021-11-19 17:17:39 - [TEST_STEP][PASSED] - waitForElementClickable(findTestObject("Object Repository/Kullanici_Islemleri/KullaniciIslemleri"), 10): Object 'Object Repository/Kullanici_Islemleri/KullaniciIslemleri' is clickable

2021-11-19 17:17:39 - [MESSAGE][INFO] - Finding Test Object 'Object Repository/Kullanici_Islemleri/KullaniciIslemleri'

2021-11-19 17:17:39 - [MESSAGE][INFO] - Checking object

2021-11-19 17:17:39 - [MESSAGE][INFO] - Checking timeout

2021-11-19 17:17:39 - [MESSAGE][INFO] - Finding web element from Test Object's properties

2021-11-19 17:17:39 - [MESSAGE][INFO] - Checking timeout

2021-11-19 17:17:39 - [MESSAGE][INFO] - Finding web element with id: 'Object Repository/Kullanici_Islemleri/KullaniciIslemleri' located by 'By.cssSelector: .dropdown>a>img' in '10' second(s)

2021-11-19 17:17:39 - [MESSAGE][INFO] - Smart Wait Function is triggered

2021-11-19 17:17:39 - [MESSAGE][INFO] - Found 1 web elements with id: 'Object Repository/Kullanici_Islemleri/KullaniciIslemleri' located by 'By.cssSelector: .dropdown>a>img' in '10' second(s)

2021-11-19 17:17:39 - [MESSAGE][PASSED] - Object 'Object Repository/Kullanici_Islemleri/KullaniciIslemleri' is clickable

2021-11-19 17:17:39 - [TEST_STEP][PASSED] - click(findTestObject("Object Repository/Kullanici_Islemleri/KullaniciIslemleri")): Object: 'Object Repository/Kullanici_Islemleri/KullaniciIslemleri' is clicked on

2021-11-19 17:17:39 - [MESSAGE][INFO] - Finding Test Object 'Object Repository/Kullanici_Islemleri/KullaniciIslemleri'

2021-11-19 17:17:39 - [MESSAGE][INFO] - Checking object

2021-11-19 17:17:39 - [MESSAGE][INFO] - Finding web element from Test Object's properties

2021-11-19 17:17:39 - [MESSAGE][INFO] - Checking timeout

2021-11-19 17:17:39 - [MESSAGE][INFO] - Finding web element with id: 'Object Repository/Kullanici_Islemleri/KullaniciIslemleri' located by 'By.cssSelector: .dropdown>a>img' in '30' second(s)

2021-11-19 17:17:39 - [MESSAGE][INFO] - Smart Wait Function is triggered

2021-11-19 17:17:40 - [MESSAGE][INFO] - Found 1 web elements with id: 'Object Repository/Kullanici_Islemleri/KullaniciIslemleri' located by 'By.cssSelector: .dropdown>a>img' in '30' second(s)

2021-11-19 17:17:40 - [MESSAGE][INFO] - Clicking on object: 'Object Repository/Kullanici_Islemleri/KullaniciIslemleri'

2021-11-19 17:17:40 - [MESSAGE][PASSED] - Object: 'Object Repository/Kullanici_Islemleri/KullaniciIslemleri' is clicked on

2021-11-19 17:17:40 - [TEST_STEP][PASSED] - Method.TextDegerineEsitElementeTikla(findTestObject("Object Repository/Kullanici_Islemleri/Secenekler"), Islem): Method.TextDegerineEsitElementeTikla is PASSED

2021-11-19 17:17:40 - [MESSAGE][INFO] - Finding Test Object 'Object Repository/Kullanici_Islemleri/Secenekler'

2021-11-19 17:17:40 - [MESSAGE][INFO] - Checking timeout

2021-11-19 17:17:40 - [MESSAGE][INFO] - Finding web element with id: 'Object Repository/Kullanici_Islemleri/Secenekler' located by 'By.cssSelector: .nav.navbar-nav.navbar-right li a' in '10' second(s)

2021-11-19 17:17:40 - [MESSAGE][INFO] - Smart Wait Function is triggered

2021-11-19 17:17:40 - [MESSAGE][INFO] - Found 22 web elements with id: 'Object Repository/Kullanici_Islemleri/Secenekler' located by 'By.cssSelector: .nav.navbar-nav.navbar-right li a' in '10' second(s)

2021-11-19 17:17:42 - [MESSAGE][PASSED] - Method.TextDegerineEsitElementeTikla is PASSED

2021-11-19 17:17:42 - [TEST_STEP][PASSED] - verifyElementNotPresent(findTestObject("Object Repository/Kullanici_Islemleri/Secenekler"), 10): Web element with id: 'Object Repository/Kullanici_Islemleri/Secenekler' located by 'By.cssSelector: .nav.navbar-nav.navbar-right li a' is not present after '10' second(s)

2021-11-19 17:17:42 - [MESSAGE][INFO] - Finding Test Object 'Object Repository/Kullanici_Islemleri/Secenekler'

2021-11-19 17:17:42 - [MESSAGE][INFO] - Checking object

2021-11-19 17:17:42 - [MESSAGE][INFO] - Checking timeout

2021-11-19 17:17:42 - [MESSAGE][INFO] - Finding web element with id: 'Object Repository/Kullanici_Islemleri/Secenekler' located by 'By.cssSelector: .nav.navbar-nav.navbar-right li a' in '10' second(s)

2021-11-19 17:17:42 - [MESSAGE][INFO] - Smart Wait Function is triggered

2021-11-19 17:17:42 - [MESSAGE][PASSED] - Web element with id: 'Object Repository/Kullanici_Islemleri/Secenekler' located by 'By.cssSelector: .nav.navbar-nav.navbar-right li a' is not present after '10' second(s)

2021-11-19 17:17:42 - [MESSAGE][PASSED] - Call Test Case 'Test Cases/Kullanici_Islemleri/KullaniciIslemlerindenSecimYapilir' successfully

2021-11-19 17:17:42 - [TEST_CASE][PASSED] - Start Test Case : SCENARIO Gelen Zarf Tablodaki Verinin Irsaliyeleri: SCENARIO Gelen Zarf Tablodaki Verinin Irsaliyeleri

2021-11-19 17:17:42 - [TEST_STEP][PASSED] - Kullanıcı adı ELOGO6 ve Şifre 123456 olarak giriş yapılır: Kullanıcı adı ELOGO6 ve Şifre 123456 olarak giriş yapılır

2021-11-19 17:17:42 - [MESSAGE][PASSED] - Kullanıcı adı ELOGO6 ve Şifre 123456 olarak giriş yapılır

2021-11-19 17:17:42 - [TEST_STEP][PASSED] - Ana menüden Zarflar seçilir: Ana menüden Zarflar seçilir

2021-11-19 17:17:42 - [MESSAGE][PASSED] - Ana menüden Zarflar seçilir

2021-11-19 17:17:42 - [TEST_STEP][PASSED] - Alt menüden Gelen Zarflar seçilir: Alt menüden Gelen Zarflar seçilir

2021-11-19 17:17:42 - [MESSAGE][PASSED] - Alt menüden Gelen Zarflar seçilir

2021-11-19 17:17:42 - [TEST_STEP][PASSED] - Filtrelerden Oluşturma Tarihi filtresine 01.12.2020 baslangic degerini yaz: Filtrelerden Oluşturma Tarihi filtresine 01.12.2020 baslangic degerini yaz

2021-11-19 17:17:42 - [MESSAGE][PASSED] - Filtrelerden Oluşturma Tarihi filtresine 01.12.2020 baslangic degerini yaz

2021-11-19 17:17:42 - [TEST_STEP][PASSED] - Filtrelerden Oluşturma Tarihi filtresine 31.12.2020 bitis degerini yaz: Filtrelerden Oluşturma Tarihi filtresine 31.12.2020 bitis degerini yaz

2021-11-19 17:17:42 - [MESSAGE][PASSED] - Filtrelerden Oluşturma Tarihi filtresine 31.12.2020 bitis degerini yaz

2021-11-19 17:17:42 - [TEST_STEP][PASSED] - Filtre butonlarından Listele seçilir: Filtre butonlarından Listele seçilir

2021-11-19 17:17:42 - [MESSAGE][PASSED] - Filtre butonlarından Listele seçilir

2021-11-19 17:17:42 - [TEST_STEP][PASSED] - Tabloda veri var mı kontrol edilir: Tabloda veri var mı kontrol edilir

2021-11-19 17:17:42 - [MESSAGE][PASSED] - Tabloda veri var mı kontrol edilir

2021-11-19 17:17:42 - [TEST_STEP][PASSED] - Tablodan E LOGO 6 isimli veri seçilir: Tablodan E LOGO 6 isimli veri seçilir

2021-11-19 17:17:42 - [MESSAGE][PASSED] - Tablodan E LOGO 6 isimli veri seçilir

2021-11-19 17:17:42 - [TEST_STEP][PASSED] - Butonlardan UBL isimli butona tıklanır: Butonlardan UBL isimli butona tıklanır

2021-11-19 17:17:42 - [MESSAGE][PASSED] - Butonlardan UBL isimli butona tıklanır

2021-11-19 17:17:42 - [TEST_STEP][PASSED] - Yeni açılan sekmeye geçilir: Yeni açılan sekmeye geçilir

2021-11-19 17:17:42 - [MESSAGE][PASSED] - Yeni açılan sekmeye geçilir

2021-11-19 17:17:42 - [TEST_STEP][PASSED] - StandardBusinessDocument tagli ubl geldi mi: StandardBusinessDocument tagli ubl geldi mi

2021-11-19 17:17:42 - [MESSAGE][PASSED] - StandardBusinessDocument tagli ubl geldi mi

2021-11-19 17:17:42 - [TEST_STEP][PASSED] - Ana sekmeye geçilir: Ana sekmeye geçilir

2021-11-19 17:17:42 - [MESSAGE][PASSED] - Ana sekmeye geçilir

2021-11-19 17:17:42 - [TEST_STEP][PASSED] - Tablodaki E LOGO 6 isimli verinin Uygulama Yanıtları adlı butonuna tıklanır: Tablodaki E LOGO 6 isimli verinin Uygulama Yanıtları adlı butonuna tıklanır

2021-11-19 17:17:42 - [MESSAGE][PASSED] - Tablodaki E LOGO 6 isimli verinin Uygulama Yanıtları adlı butonuna tıklanır

2021-11-19 17:17:42 - [TEST_STEP][PASSED] - Yeni açılan sekmeye geçilir: Yeni açılan sekmeye geçilir

2021-11-19 17:17:42 - [MESSAGE][PASSED] - Yeni açılan sekmeye geçilir

2021-11-19 17:17:42 - [TEST_STEP][PASSED] - Tabloda veri var mı kontrol edilir: Tabloda veri var mı kontrol edilir

2021-11-19 17:17:42 - [MESSAGE][PASSED] - Tabloda veri var mı kontrol edilir

2021-11-19 17:17:42 - [TEST_STEP][PASSED] - Ana sekmeye geçilir: Ana sekmeye geçilir

2021-11-19 17:17:42 - [MESSAGE][PASSED] - Ana sekmeye geçilir

2021-11-19 17:17:42 - [TEST_STEP][PASSED] - Butonlardan İndir isimli butona tıklanır: Butonlardan İndir isimli butona tıklanır

2021-11-19 17:17:42 - [MESSAGE][PASSED] - Butonlardan İndir isimli butona tıklanır

2021-11-19 17:17:42 - [TEST_STEP][PASSED] - Alt butonlardan İndir butonuna tıklanır: Alt butonlardan İndir butonuna tıklanır

2021-11-19 17:17:42 - [MESSAGE][PASSED] - Alt butonlardan İndir butonuna tıklanır

2021-11-19 17:17:42 - [TEST_STEP][PASSED] - Ön eki Envelope olan dosya indirildi mi: Ön eki Envelope olan dosya indirildi mi

2021-11-19 17:17:42 - [MESSAGE][PASSED] - Ön eki Envelope olan dosya indirildi mi

2021-11-19 17:17:42 - [TEST_STEP][PASSED] - Butonlardan Excel isimli butona tıklanır: Butonlardan Excel isimli butona tıklanır

2021-11-19 17:17:42 - [MESSAGE][PASSED] - Butonlardan Excel isimli butona tıklanır

2021-11-19 17:17:42 - [TEST_STEP][PASSED] - Alt butonlardan Seçilenleri Excel'e Aktar butonuna tıklanır: Alt butonlardan Seçilenleri Excel'e Aktar butonuna tıklanır

2021-11-19 17:17:42 - [MESSAGE][PASSED] - Alt butonlardan Seçilenleri Excel'e Aktar butonuna tıklanır

2021-11-19 17:17:42 - [TEST_STEP][PASSED] - Popup mesajı Lütfen rapor bildiriminin gönderileceği e-posta adresini belirtiniz. içeriyor mu: Popup mesajı Lütfen rapor bildiriminin gönderileceği e-posta adresini belirtiniz. içeriyor mu

2021-11-19 17:17:42 - [MESSAGE][PASSED] - Popup mesajı Lütfen rapor bildiriminin gönderileceği e-posta adresini belirtiniz. içeriyor mu

2021-11-19 17:17:42 - [TEST_STEP][PASSED] - Popup email elogotest@gmail.com;ali.kara@logo.com.tr olarak girilir: Popup email elogotest@gmail.com;ali.kara@logo.com.tr olarak girilir

2021-11-19 17:17:42 - [MESSAGE][PASSED] - Popup email elogotest@gmail.com;ali.kara@logo.com.tr olarak girilir

2021-11-19 17:17:42 - [TEST_STEP][PASSED] - Yönetim popupında Gönder seçilir: Yönetim popupında Gönder seçilir

2021-11-19 17:17:42 - [MESSAGE][PASSED] - Yönetim popupında Gönder seçilir

2021-11-19 17:17:42 - [TEST_STEP][PASSED] - Popup mesajı Toplu Veri İndirme içeriyor mu: Popup mesajı Toplu Veri İndirme içeriyor mu

2021-11-19 17:17:42 - [MESSAGE][PASSED] - Popup mesajı Toplu Veri İndirme içeriyor mu

2021-11-19 17:17:42 - [TEST_STEP][PASSED] - Yönetim popupında Tamam seçilir: Yönetim popupında Tamam seçilir

2021-11-19 17:17:42 - [MESSAGE][PASSED] - Yönetim popupında Tamam seçilir

2021-11-19 17:17:42 - [TEST_STEP][PASSED] - Butonlardan Toplu İndirme isimli butona tıklanır: Butonlardan Toplu İndirme isimli butona tıklanır

2021-11-19 17:17:42 - [MESSAGE][PASSED] - Butonlardan Toplu İndirme isimli butona tıklanır

2021-11-19 17:17:42 - [TEST_STEP][PASSED] - Alt butonlardan UBL Seçilenleri İndir butonuna tıklanır: Alt butonlardan UBL Seçilenleri İndir butonuna tıklanır

2021-11-19 17:17:42 - [MESSAGE][PASSED] - Alt butonlardan UBL Seçilenleri İndir butonuna tıklanır

2021-11-19 17:17:42 - [TEST_STEP][PASSED] - Popup mesajı rapor bildiriminin gönderileceği e-posta adresini belirtiniz içeriyor mu: Popup mesajı rapor bildiriminin gönderileceği e-posta adresini belirtiniz içeriyor mu

2021-11-19 17:17:42 - [MESSAGE][PASSED] - Popup mesajı rapor bildiriminin gönderileceği e-posta adresini belirtiniz içeriyor mu

2021-11-19 17:17:42 - [TEST_STEP][PASSED] - Popup email elogotest@gmail.com;ali.kara@logo.com.tr olarak girilir: Popup email elogotest@gmail.com;ali.kara@logo.com.tr olarak girilir

2021-11-19 17:17:42 - [MESSAGE][PASSED] - Popup email elogotest@gmail.com;ali.kara@logo.com.tr olarak girilir

2021-11-19 17:17:42 - [TEST_STEP][PASSED] - Yönetim popupında Gönder seçilir: Yönetim popupında Gönder seçilir

2021-11-19 17:17:42 - [MESSAGE][PASSED] - Yönetim popupında Gönder seçilir

2021-11-19 17:17:42 - [TEST_STEP][PASSED] - Popup mesajı talebiniz işleme alınmıştır içeriyor mu: Popup mesajı talebiniz işleme alınmıştır içeriyor mu

2021-11-19 17:17:42 - [MESSAGE][PASSED] - Popup mesajı talebiniz işleme alınmıştır içeriyor mu

2021-11-19 17:17:42 - [TEST_STEP][PASSED] - Yönetim popupında Tamam seçilir: Yönetim popupında Tamam seçilir

2021-11-19 17:17:42 - [MESSAGE][PASSED] - Yönetim popupında Tamam seçilir

2021-11-19 17:17:42 - [TEST_STEP][PASSED] - Filtrelerden Belge Türü filtresine e-Fatura dropdowndan degeri seçilir: Filtrelerden Belge Türü filtresine e-Fatura dropdowndan degeri seçilir

2021-11-19 17:17:42 - [MESSAGE][PASSED] - Filtrelerden Belge Türü filtresine e-Fatura dropdowndan degeri seçilir

2021-11-19 17:17:42 - [TEST_STEP][PASSED] - Filtre butonlarından Listele seçilir: Filtre butonlarından Listele seçilir

2021-11-19 17:17:42 - [MESSAGE][PASSED] - Filtre butonlarından Listele seçilir

2021-11-19 17:17:42 - [TEST_STEP][PASSED] - Tabloda veri var mı kontrol edilir: Tabloda veri var mı kontrol edilir

2021-11-19 17:17:42 - [MESSAGE][PASSED] - Tabloda veri var mı kontrol edilir

2021-11-19 17:17:42 - [TEST_STEP][PASSED] - Tablodaki E LOGO 6 isimli verinin Faturalar adlı butonuna tıklanır: Tablodaki E LOGO 6 isimli verinin Faturalar adlı butonuna tıklanır

2021-11-19 17:17:42 - [MESSAGE][PASSED] - Tablodaki E LOGO 6 isimli verinin Faturalar adlı butonuna tıklanır

2021-11-19 17:17:42 - [TEST_STEP][PASSED] - Yeni açılan sekmeye geçilir: Yeni açılan sekmeye geçilir

2021-11-19 17:17:42 - [MESSAGE][PASSED] - Yeni açılan sekmeye geçilir

2021-11-19 17:17:42 - [TEST_STEP][PASSED] - Tabloda veri var mı kontrol edilir: Tabloda veri var mı kontrol edilir

2021-11-19 17:17:42 - [MESSAGE][PASSED] - Tabloda veri var mı kontrol edilir

2021-11-19 17:17:42 - [TEST_STEP][PASSED] - Ana sekmeye geçilir: Ana sekmeye geçilir

2021-11-19 17:17:42 - [MESSAGE][PASSED] - Ana sekmeye geçilir

2021-11-19 17:17:42 - [TEST_STEP][PASSED] - Tabloda veri var mı kontrol edilir: Tabloda veri var mı kontrol edilir

2021-11-19 17:17:42 - [MESSAGE][PASSED] - Tabloda veri var mı kontrol edilir

2021-11-19 17:17:42 - [TEST_STEP][PASSED] - Tablodan E LOGO 6 isimli veri seçilir: Tablodan E LOGO 6 isimli veri seçilir

2021-11-19 17:17:42 - [MESSAGE][PASSED] - Tablodan E LOGO 6 isimli veri seçilir

2021-11-19 17:17:42 - [TEST_STEP][PASSED] - Butonlardan UBL isimli butona tıklanır: Butonlardan UBL isimli butona tıklanır

2021-11-19 17:17:42 - [MESSAGE][PASSED] - Butonlardan UBL isimli butona tıklanır

2021-11-19 17:17:42 - [TEST_STEP][PASSED] - Yeni açılan sekmeye geçilir: Yeni açılan sekmeye geçilir

2021-11-19 17:17:42 - [MESSAGE][PASSED] - Yeni açılan sekmeye geçilir

2021-11-19 17:17:42 - [TEST_STEP][PASSED] - StandardBusinessDocument tagli ubl geldi mi: StandardBusinessDocument tagli ubl geldi mi

2021-11-19 17:17:42 - [MESSAGE][PASSED] - StandardBusinessDocument tagli ubl geldi mi

2021-11-19 17:17:42 - [TEST_STEP][PASSED] - Ana sekmeye geçilir: Ana sekmeye geçilir

2021-11-19 17:17:42 - [MESSAGE][PASSED] - Ana sekmeye geçilir

2021-11-19 17:17:42 - [TEST_STEP][PASSED] - Butonlardan İzleme Kayıtları isimli butona tıklanır: Butonlardan İzleme Kayıtları isimli butona tıklanır

2021-11-19 17:17:42 - [MESSAGE][PASSED] - Butonlardan İzleme Kayıtları isimli butona tıklanır

2021-11-19 17:17:42 - [TEST_STEP][PASSED] - Yeni açılan sekmeye geçilir: Yeni açılan sekmeye geçilir

2021-11-19 17:17:42 - [MESSAGE][PASSED] - Yeni açılan sekmeye geçilir

2021-11-19 17:17:42 - [TEST_STEP][PASSED] - Zarf İzleme Kayıtları baslikli gecmis sayfasi geldi mi: Zarf İzleme Kayıtları baslikli gecmis sayfasi geldi mi

2021-11-19 17:17:42 - [MESSAGE][PASSED] - Zarf İzleme Kayıtları baslikli gecmis sayfasi geldi mi

2021-11-19 17:17:42 - [TEST_STEP][PASSED] - Ana sekmeye geçilir: Ana sekmeye geçilir

2021-11-19 17:17:42 - [MESSAGE][PASSED] - Ana sekmeye geçilir

2021-11-19 17:17:42 - [TEST_STEP][PASSED] - Butonlardan İndir isimli butona tıklanır: Butonlardan İndir isimli butona tıklanır

2021-11-19 17:17:42 - [MESSAGE][PASSED] - Butonlardan İndir isimli butona tıklanır

2021-11-19 17:17:42 - [TEST_STEP][PASSED] - Alt butonlardan İndir butonuna tıklanır: Alt butonlardan İndir butonuna tıklanır

2021-11-19 17:17:42 - [MESSAGE][PASSED] - Alt butonlardan İndir butonuna tıklanır

2021-11-19 17:17:42 - [TEST_STEP][PASSED] - Ön eki Envelope olan dosya indirildi mi: Ön eki Envelope olan dosya indirildi mi

2021-11-19 17:17:42 - [MESSAGE][PASSED] - Ön eki Envelope olan dosya indirildi mi

2021-11-19 17:17:42 - [TEST_STEP][PASSED] - Butonlardan Excel isimli butona tıklanır: Butonlardan Excel isimli butona tıklanır

2021-11-19 17:17:42 - [MESSAGE][PASSED] - Butonlardan Excel isimli butona tıklanır

2021-11-19 17:17:42 - [TEST_STEP][PASSED] - Alt butonlardan Seçilenleri Excel'e Aktar butonuna tıklanır: Alt butonlardan Seçilenleri Excel'e Aktar butonuna tıklanır

2021-11-19 17:17:42 - [MESSAGE][PASSED] - Alt butonlardan Seçilenleri Excel'e Aktar butonuna tıklanır

2021-11-19 17:17:42 - [TEST_STEP][PASSED] - Popup mesajı Lütfen rapor bildiriminin gönderileceği e-posta adresini belirtiniz. içeriyor mu: Popup mesajı Lütfen rapor bildiriminin gönderileceği e-posta adresini belirtiniz. içeriyor mu

2021-11-19 17:17:42 - [MESSAGE][PASSED] - Popup mesajı Lütfen rapor bildiriminin gönderileceği e-posta adresini belirtiniz. içeriyor mu

2021-11-19 17:17:42 - [TEST_STEP][PASSED] - Popup email elogotest@gmail.com;ali.kara@logo.com.tr olarak girilir: Popup email elogotest@gmail.com;ali.kara@logo.com.tr olarak girilir

2021-11-19 17:17:42 - [MESSAGE][PASSED] - Popup email elogotest@gmail.com;ali.kara@logo.com.tr olarak girilir

2021-11-19 17:17:42 - [TEST_STEP][PASSED] - Yönetim popupında Gönder seçilir: Yönetim popupında Gönder seçilir

2021-11-19 17:17:42 - [MESSAGE][PASSED] - Yönetim popupında Gönder seçilir

2021-11-19 17:17:42 - [TEST_STEP][PASSED] - Popup mesajı Toplu Veri İndirme içeriyor mu: Popup mesajı Toplu Veri İndirme içeriyor mu

2021-11-19 17:17:42 - [MESSAGE][PASSED] - Popup mesajı Toplu Veri İndirme içeriyor mu

2021-11-19 17:17:42 - [TEST_STEP][PASSED] - Yönetim popupında Tamam seçilir: Yönetim popupında Tamam seçilir

2021-11-19 17:17:42 - [MESSAGE][PASSED] - Yönetim popupında Tamam seçilir

2021-11-19 17:17:42 - [TEST_STEP][PASSED] - Butonlardan Toplu İndirme isimli butona tıklanır: Butonlardan Toplu İndirme isimli butona tıklanır

2021-11-19 17:17:42 - [MESSAGE][PASSED] - Butonlardan Toplu İndirme isimli butona tıklanır

2021-11-19 17:17:42 - [TEST_STEP][PASSED] - Alt butonlardan UBL Seçilenleri İndir butonuna tıklanır: Alt butonlardan UBL Seçilenleri İndir butonuna tıklanır

2021-11-19 17:17:42 - [MESSAGE][PASSED] - Alt butonlardan UBL Seçilenleri İndir butonuna tıklanır

2021-11-19 17:17:42 - [TEST_STEP][PASSED] - Popup mesajı rapor bildiriminin gönderileceği e-posta adresini belirtiniz içeriyor mu: Popup mesajı rapor bildiriminin gönderileceği e-posta adresini belirtiniz içeriyor mu

2021-11-19 17:17:42 - [MESSAGE][PASSED] - Popup mesajı rapor bildiriminin gönderileceği e-posta adresini belirtiniz içeriyor mu

2021-11-19 17:17:42 - [TEST_STEP][PASSED] - Popup email elogotest@gmail.com;ali.kara@logo.com.tr olarak girilir: Popup email elogotest@gmail.com;ali.kara@logo.com.tr olarak girilir

2021-11-19 17:17:42 - [MESSAGE][PASSED] - Popup email elogotest@gmail.com;ali.kara@logo.com.tr olarak girilir

2021-11-19 17:17:42 - [TEST_STEP][PASSED] - Yönetim popupında Gönder seçilir: Yönetim popupında Gönder seçilir

2021-11-19 17:17:42 - [MESSAGE][PASSED] - Yönetim popupında Gönder seçilir

2021-11-19 17:17:42 - [TEST_STEP][PASSED] - Popup mesajı talebiniz işleme alınmıştır içeriyor mu: Popup mesajı talebiniz işleme alınmıştır içeriyor mu

2021-11-19 17:17:42 - [MESSAGE][PASSED] - Popup mesajı talebiniz işleme alınmıştır içeriyor mu

2021-11-19 17:17:42 - [TEST_STEP][PASSED] - Yönetim popupında Tamam seçilir: Yönetim popupında Tamam seçilir

2021-11-19 17:17:42 - [MESSAGE][PASSED] - Yönetim popupında Tamam seçilir

2021-11-19 17:17:42 - [TEST_STEP][PASSED] - Filtrelerden Belge Türü filtresine e-İrsaliye dropdowndan degeri seçilir: Filtrelerden Belge Türü filtresine e-İrsaliye dropdowndan degeri seçilir

2021-11-19 17:17:42 - [MESSAGE][PASSED] - Filtrelerden Belge Türü filtresine e-İrsaliye dropdowndan degeri seçilir

2021-11-19 17:17:42 - [TEST_STEP][PASSED] - Filtre butonlarından Listele seçilir: Filtre butonlarından Listele seçilir

2021-11-19 17:17:42 - [MESSAGE][PASSED] - Filtre butonlarından Listele seçilir

2021-11-19 17:17:42 - [TEST_STEP][PASSED] - Tablodaki Logo Elektronik GIB Test isimli verinin İrsaliyeler adlı butonuna tıklanır: Tablodaki Logo Elektronik GIB Test isimli verinin İrsaliyeler adlı butonuna tıklanır

2021-11-19 17:17:42 - [MESSAGE][PASSED] - Tablodaki Logo Elektronik GIB Test isimli verinin İrsaliyeler adlı butonuna tıklanır

2021-11-19 17:17:42 - [TEST_STEP][PASSED] - Yeni açılan sekmeye geçilir: Yeni açılan sekmeye geçilir

2021-11-19 17:17:42 - [MESSAGE][PASSED] - Yeni açılan sekmeye geçilir

2021-11-19 17:17:42 - [TEST_STEP][PASSED] - Tabloda veri var mı kontrol edilir: Tabloda veri var mı kontrol edilir

2021-11-19 17:17:42 - [MESSAGE][PASSED] - Tabloda veri var mı kontrol edilir

2021-11-19 17:17:42 - [TEST_STEP][PASSED] - Ana sekmeye geçilir: Ana sekmeye geçilir

2021-11-19 17:17:42 - [MESSAGE][PASSED] - Ana sekmeye geçilir

2021-11-19 17:17:42 - [TEST_STEP][PASSED] - Tabloda veri var mı kontrol edilir: Tabloda veri var mı kontrol edilir

2021-11-19 17:17:42 - [MESSAGE][PASSED] - Tabloda veri var mı kontrol edilir

2021-11-19 17:17:42 - [TEST_STEP][PASSED] - Tablodan Logo Elektronik GIB Test isimli veri seçilir: Tablodan Logo Elektronik GIB Test isimli veri seçilir

2021-11-19 17:17:42 - [MESSAGE][PASSED] - Tablodan Logo Elektronik GIB Test isimli veri seçilir

2021-11-19 17:17:42 - [TEST_STEP][PASSED] - Butonlardan UBL isimli butona tıklanır: Butonlardan UBL isimli butona tıklanır

2021-11-19 17:17:42 - [MESSAGE][PASSED] - Butonlardan UBL isimli butona tıklanır

2021-11-19 17:17:42 - [TEST_STEP][PASSED] - Yeni açılan sekmeye geçilir: Yeni açılan sekmeye geçilir

2021-11-19 17:17:42 - [MESSAGE][PASSED] - Yeni açılan sekmeye geçilir

2021-11-19 17:17:42 - [TEST_STEP][PASSED] - StandardBusinessDocument tagli ubl geldi mi: StandardBusinessDocument tagli ubl geldi mi

2021-11-19 17:17:42 - [MESSAGE][PASSED] - StandardBusinessDocument tagli ubl geldi mi

2021-11-19 17:17:42 - [TEST_STEP][PASSED] - Ana sekmeye geçilir: Ana sekmeye geçilir

2021-11-19 17:17:42 - [MESSAGE][PASSED] - Ana sekmeye geçilir

2021-11-19 17:17:42 - [TEST_STEP][PASSED] - Butonlardan İndir isimli butona tıklanır: Butonlardan İndir isimli butona tıklanır

2021-11-19 17:17:42 - [MESSAGE][PASSED] - Butonlardan İndir isimli butona tıklanır

2021-11-19 17:17:42 - [TEST_STEP][PASSED] - Alt butonlardan İndir butonuna tıklanır: Alt butonlardan İndir butonuna tıklanır

2021-11-19 17:17:42 - [MESSAGE][PASSED] - Alt butonlardan İndir butonuna tıklanır

2021-11-19 17:17:42 - [TEST_STEP][PASSED] - Ön eki Envelope olan dosya indirildi mi: Ön eki Envelope olan dosya indirildi mi

2021-11-19 17:17:42 - [MESSAGE][PASSED] - Ön eki Envelope olan dosya indirildi mi

2021-11-19 17:17:42 - [TEST_STEP][PASSED] - Butonlardan Excel isimli butona tıklanır: Butonlardan Excel isimli butona tıklanır

2021-11-19 17:17:42 - [MESSAGE][PASSED] - Butonlardan Excel isimli butona tıklanır

2021-11-19 17:17:42 - [TEST_STEP][PASSED] - Alt butonlardan Seçilenleri Excel'e Aktar butonuna tıklanır: Alt butonlardan Seçilenleri Excel'e Aktar butonuna tıklanır

2021-11-19 17:17:42 - [MESSAGE][PASSED] - Alt butonlardan Seçilenleri Excel'e Aktar butonuna tıklanır

2021-11-19 17:17:42 - [TEST_STEP][PASSED] - Popup mesajı Lütfen rapor bildiriminin gönderileceği e-posta adresini belirtiniz. içeriyor mu: Popup mesajı Lütfen rapor bildiriminin gönderileceği e-posta adresini belirtiniz. içeriyor mu

2021-11-19 17:17:42 - [MESSAGE][PASSED] - Popup mesajı Lütfen rapor bildiriminin gönderileceği e-posta adresini belirtiniz. içeriyor mu

2021-11-19 17:17:42 - [TEST_STEP][PASSED] - Popup email elogotest@gmail.com;ali.kara@logo.com.tr olarak girilir: Popup email elogotest@gmail.com;ali.kara@logo.com.tr olarak girilir

2021-11-19 17:17:42 - [MESSAGE][PASSED] - Popup email elogotest@gmail.com;ali.kara@logo.com.tr olarak girilir

2021-11-19 17:17:42 - [TEST_STEP][PASSED] - Yönetim popupında Gönder seçilir: Yönetim popupında Gönder seçilir

2021-11-19 17:17:42 - [MESSAGE][PASSED] - Yönetim popupında Gönder seçilir

2021-11-19 17:17:42 - [TEST_STEP][PASSED] - Popup mesajı Toplu Veri İndirme içeriyor mu: Popup mesajı Toplu Veri İndirme içeriyor mu

2021-11-19 17:17:42 - [MESSAGE][PASSED] - Popup mesajı Toplu Veri İndirme içeriyor mu

2021-11-19 17:17:42 - [TEST_STEP][PASSED] - Yönetim popupında Tamam seçilir: Yönetim popupında Tamam seçilir

2021-11-19 17:17:42 - [MESSAGE][PASSED] - Yönetim popupında Tamam seçilir

2021-11-19 17:17:42 - [TEST_STEP][PASSED] - Butonlardan Toplu İndirme isimli butona tıklanır: Butonlardan Toplu İndirme isimli butona tıklanır

2021-11-19 17:17:42 - [MESSAGE][PASSED] - Butonlardan Toplu İndirme isimli butona tıklanır

2021-11-19 17:17:42 - [TEST_STEP][PASSED] - Alt butonlardan UBL Seçilenleri İndir butonuna tıklanır: Alt butonlardan UBL Seçilenleri İndir butonuna tıklanır

2021-11-19 17:17:42 - [MESSAGE][PASSED] - Alt butonlardan UBL Seçilenleri İndir butonuna tıklanır

2021-11-19 17:17:42 - [TEST_STEP][PASSED] - Popup mesajı rapor bildiriminin gönderileceği e-posta adresini belirtiniz içeriyor mu: Popup mesajı rapor bildiriminin gönderileceği e-posta adresini belirtiniz içeriyor mu

2021-11-19 17:17:42 - [MESSAGE][PASSED] - Popup mesajı rapor bildiriminin gönderileceği e-posta adresini belirtiniz içeriyor mu

2021-11-19 17:17:42 - [TEST_STEP][PASSED] - Popup email elogotest@gmail.com;ali.kara@logo.com.tr olarak girilir: Popup email elogotest@gmail.com;ali.kara@logo.com.tr olarak girilir

2021-11-19 17:17:42 - [MESSAGE][PASSED] - Popup email elogotest@gmail.com;ali.kara@logo.com.tr olarak girilir

2021-11-19 17:17:42 - [TEST_STEP][PASSED] - Yönetim popupında Gönder seçilir: Yönetim popupında Gönder seçilir

2021-11-19 17:17:42 - [MESSAGE][PASSED] - Yönetim popupında Gönder seçilir

2021-11-19 17:17:42 - [TEST_STEP][PASSED] - Popup mesajı talebiniz işleme alınmıştır içeriyor mu: Popup mesajı talebiniz işleme alınmıştır içeriyor mu

2021-11-19 17:17:42 - [MESSAGE][PASSED] - Popup mesajı talebiniz işleme alınmıştır içeriyor mu

2021-11-19 17:17:42 - [TEST_STEP][PASSED] - Yönetim popupında Tamam seçilir: Yönetim popupında Tamam seçilir

2021-11-19 17:17:42 - [MESSAGE][PASSED] - Yönetim popupında Tamam seçilir

2021-11-19 17:17:42 - [TEST_STEP][PASSED] - Filtrelerden Belge Türü filtresine Sistem Yanıtı dropdowndan degeri seçilir: Filtrelerden Belge Türü filtresine Sistem Yanıtı dropdowndan degeri seçilir

2021-11-19 17:17:42 - [MESSAGE][PASSED] - Filtrelerden Belge Türü filtresine Sistem Yanıtı dropdowndan degeri seçilir

2021-11-19 17:17:42 - [TEST_STEP][PASSED] - Filtre butonlarından Listele seçilir: Filtre butonlarından Listele seçilir

2021-11-19 17:17:42 - [MESSAGE][PASSED] - Filtre butonlarından Listele seçilir

2021-11-19 17:17:42 - [TEST_STEP][PASSED] - Tablodaki Test Kurum 6 isimli verinin Yanıt adlı butonuna tıklanır: Tablodaki Test Kurum 6 isimli verinin Yanıt adlı butonuna tıklanır

2021-11-19 17:17:42 - [MESSAGE][PASSED] - Tablodaki Test Kurum 6 isimli verinin Yanıt adlı butonuna tıklanır

2021-11-19 17:17:42 - [TEST_STEP][PASSED] - Yeni açılan sekmeye geçilir: Yeni açılan sekmeye geçilir

2021-11-19 17:17:42 - [MESSAGE][PASSED] - Yeni açılan sekmeye geçilir

2021-11-19 17:17:42 - [TEST_STEP][PASSED] - Tabloda veri var mı kontrol edilir: Tabloda veri var mı kontrol edilir

2021-11-19 17:17:42 - [MESSAGE][PASSED] - Tabloda veri var mı kontrol edilir

2021-11-19 17:17:42 - [TEST_STEP][PASSED] - Ana sekmeye geçilir: Ana sekmeye geçilir

2021-11-19 17:17:42 - [MESSAGE][PASSED] - Ana sekmeye geçilir

2021-11-19 17:17:42 - [TEST_STEP][PASSED] - Tabloda veri var mı kontrol edilir: Tabloda veri var mı kontrol edilir

2021-11-19 17:17:42 - [MESSAGE][PASSED] - Tabloda veri var mı kontrol edilir

2021-11-19 17:17:42 - [TEST_STEP][PASSED] - Tablodan Test Kurum 6 isimli veri seçilir: Tablodan Test Kurum 6 isimli veri seçilir

2021-11-19 17:17:42 - [MESSAGE][PASSED] - Tablodan Test Kurum 6 isimli veri seçilir

2021-11-19 17:17:42 - [TEST_STEP][PASSED] - Butonlardan UBL isimli butona tıklanır: Butonlardan UBL isimli butona tıklanır

2021-11-19 17:17:42 - [MESSAGE][PASSED] - Butonlardan UBL isimli butona tıklanır

2021-11-19 17:17:42 - [TEST_STEP][PASSED] - Yeni açılan sekmeye geçilir: Yeni açılan sekmeye geçilir

2021-11-19 17:17:42 - [MESSAGE][PASSED] - Yeni açılan sekmeye geçilir

2021-11-19 17:17:42 - [TEST_STEP][PASSED] - StandardBusinessDocument tagli ubl geldi mi: StandardBusinessDocument tagli ubl geldi mi

2021-11-19 17:17:42 - [MESSAGE][PASSED] - StandardBusinessDocument tagli ubl geldi mi

2021-11-19 17:17:42 - [TEST_STEP][PASSED] - Ana sekmeye geçilir: Ana sekmeye geçilir

2021-11-19 17:17:42 - [MESSAGE][PASSED] - Ana sekmeye geçilir

2021-11-19 17:17:42 - [TEST_STEP][PASSED] - Butonlardan İndir isimli butona tıklanır: Butonlardan İndir isimli butona tıklanır

2021-11-19 17:17:42 - [MESSAGE][PASSED] - Butonlardan İndir isimli butona tıklanır

2021-11-19 17:17:42 - [TEST_STEP][PASSED] - Alt butonlardan İndir butonuna tıklanır: Alt butonlardan İndir butonuna tıklanır

2021-11-19 17:17:42 - [MESSAGE][PASSED] - Alt butonlardan İndir butonuna tıklanır

2021-11-19 17:17:42 - [TEST_STEP][PASSED] - Ön eki Envelope olan dosya indirildi mi: Ön eki Envelope olan dosya indirildi mi

2021-11-19 17:17:42 - [MESSAGE][PASSED] - Ön eki Envelope olan dosya indirildi mi

2021-11-19 17:17:42 - [TEST_STEP][PASSED] - Butonlardan Excel isimli butona tıklanır: Butonlardan Excel isimli butona tıklanır

2021-11-19 17:17:42 - [MESSAGE][PASSED] - Butonlardan Excel isimli butona tıklanır

2021-11-19 17:17:42 - [TEST_STEP][PASSED] - Alt butonlardan Seçilenleri Excel'e Aktar butonuna tıklanır: Alt butonlardan Seçilenleri Excel'e Aktar butonuna tıklanır

2021-11-19 17:17:42 - [MESSAGE][PASSED] - Alt butonlardan Seçilenleri Excel'e Aktar butonuna tıklanır

2021-11-19 17:17:42 - [TEST_STEP][PASSED] - Popup mesajı Lütfen rapor bildiriminin gönderileceği e-posta adresini belirtiniz. içeriyor mu: Popup mesajı Lütfen rapor bildiriminin gönderileceği e-posta adresini belirtiniz. içeriyor mu

2021-11-19 17:17:42 - [MESSAGE][PASSED] - Popup mesajı Lütfen rapor bildiriminin gönderileceği e-posta adresini belirtiniz. içeriyor mu

2021-11-19 17:17:42 - [TEST_STEP][PASSED] - Popup email elogotest@gmail.com;ali.kara@logo.com.tr olarak girilir: Popup email elogotest@gmail.com;ali.kara@logo.com.tr olarak girilir

2021-11-19 17:17:42 - [MESSAGE][PASSED] - Popup email elogotest@gmail.com;ali.kara@logo.com.tr olarak girilir

2021-11-19 17:17:42 - [TEST_STEP][PASSED] - Yönetim popupında Gönder seçilir: Yönetim popupında Gönder seçilir

2021-11-19 17:17:42 - [MESSAGE][PASSED] - Yönetim popupında Gönder seçilir

2021-11-19 17:17:42 - [TEST_STEP][PASSED] - Popup mesajı Toplu Veri İndirme içeriyor mu: Popup mesajı Toplu Veri İndirme içeriyor mu

2021-11-19 17:17:42 - [MESSAGE][PASSED] - Popup mesajı Toplu Veri İndirme içeriyor mu

2021-11-19 17:17:42 - [TEST_STEP][PASSED] - Yönetim popupında Tamam seçilir: Yönetim popupında Tamam seçilir

2021-11-19 17:17:42 - [MESSAGE][PASSED] - Yönetim popupında Tamam seçilir

2021-11-19 17:17:42 - [TEST_STEP][PASSED] - Butonlardan Toplu İndirme isimli butona tıklanır: Butonlardan Toplu İndirme isimli butona tıklanır

2021-11-19 17:17:42 - [MESSAGE][PASSED] - Butonlardan Toplu İndirme isimli butona tıklanır

2021-11-19 17:17:42 - [TEST_STEP][PASSED] - Alt butonlardan UBL Seçilenleri İndir butonuna tıklanır: Alt butonlardan UBL Seçilenleri İndir butonuna tıklanır

2021-11-19 17:17:42 - [MESSAGE][PASSED] - Alt butonlardan UBL Seçilenleri İndir butonuna tıklanır

2021-11-19 17:17:42 - [TEST_STEP][PASSED] - Popup mesajı rapor bildiriminin gönderileceği e-posta adresini belirtiniz içeriyor mu: Popup mesajı rapor bildiriminin gönderileceği e-posta adresini belirtiniz içeriyor mu

2021-11-19 17:17:42 - [MESSAGE][PASSED] - Popup mesajı rapor bildiriminin gönderileceği e-posta adresini belirtiniz içeriyor mu

2021-11-19 17:17:42 - [TEST_STEP][PASSED] - Popup email elogotest@gmail.com;ali.kara@logo.com.tr olarak girilir: Popup email elogotest@gmail.com;ali.kara@logo.com.tr olarak girilir

2021-11-19 17:17:42 - [MESSAGE][PASSED] - Popup email elogotest@gmail.com;ali.kara@logo.com.tr olarak girilir

2021-11-19 17:17:42 - [TEST_STEP][PASSED] - Yönetim popupında Gönder seçilir: Yönetim popupında Gönder seçilir

2021-11-19 17:17:42 - [MESSAGE][PASSED] - Yönetim popupında Gönder seçilir

2021-11-19 17:17:42 - [TEST_STEP][PASSED] - Popup mesajı talebiniz işleme alınmıştır içeriyor mu: Popup mesajı talebiniz işleme alınmıştır içeriyor mu

2021-11-19 17:17:42 - [MESSAGE][PASSED] - Popup mesajı talebiniz işleme alınmıştır içeriyor mu

2021-11-19 17:17:42 - [TEST_STEP][PASSED] - Yönetim popupında Tamam seçilir: Yönetim popupında Tamam seçilir

2021-11-19 17:17:42 - [MESSAGE][PASSED] - Yönetim popupında Tamam seçilir

2021-11-19 17:17:42 - [TEST_STEP][PASSED] - Ana menüden Zarflar seçilir: Ana menüden Zarflar seçilir

2021-11-19 17:17:42 - [MESSAGE][PASSED] - Ana menüden Zarflar seçilir

2021-11-19 17:17:42 - [TEST_STEP][PASSED] - Alt menüden Gelen Zarflar seçilir: Alt menüden Gelen Zarflar seçilir

2021-11-19 17:17:42 - [MESSAGE][PASSED] - Alt menüden Gelen Zarflar seçilir

2021-11-19 17:17:42 - [TEST_STEP][PASSED] - Filtrelerden Belge Türü filtresine İrsaliye Yanıtı dropdowndan degeri seçilir: Filtrelerden Belge Türü filtresine İrsaliye Yanıtı dropdowndan degeri seçilir

2021-11-19 17:17:42 - [MESSAGE][PASSED] - Filtrelerden Belge Türü filtresine İrsaliye Yanıtı dropdowndan degeri seçilir

2021-11-19 17:17:42 - [TEST_STEP][PASSED] - Filtrelerden Oluşturma Tarihi filtresine 01.08.2020 baslangic degerini yaz: Filtrelerden Oluşturma Tarihi filtresine 01.08.2020 baslangic degerini yaz

2021-11-19 17:17:42 - [MESSAGE][PASSED] - Filtrelerden Oluşturma Tarihi filtresine 01.08.2020 baslangic degerini yaz

2021-11-19 17:17:42 - [TEST_STEP][PASSED] - Filtrelerden Oluşturma Tarihi filtresine 31.08.2020 bitis degerini yaz: Filtrelerden Oluşturma Tarihi filtresine 31.08.2020 bitis degerini yaz

2021-11-19 17:17:42 - [MESSAGE][PASSED] - Filtrelerden Oluşturma Tarihi filtresine 31.08.2020 bitis degerini yaz

2021-11-19 17:17:42 - [TEST_STEP][PASSED] - Filtre butonlarından Listele seçilir: Filtre butonlarından Listele seçilir

2021-11-19 17:17:42 - [MESSAGE][PASSED] - Filtre butonlarından Listele seçilir

2021-11-19 17:17:42 - [TEST_STEP][PASSED] - Tablodaki Logo Elektronik GIB Test isimli verinin İrsaliye Yanıtları adlı butonuna tıklanır: Tablodaki Logo Elektronik GIB Test isimli verinin İrsaliye Yanıtları adlı butonuna tıklanır

2021-11-19 17:17:42 - [MESSAGE][PASSED] - Tablodaki Logo Elektronik GIB Test isimli verinin İrsaliye Yanıtları adlı butonuna tıklanır

2021-11-19 17:17:42 - [TEST_STEP][PASSED] - Yeni açılan sekmeye geçilir: Yeni açılan sekmeye geçilir

2021-11-19 17:17:42 - [MESSAGE][PASSED] - Yeni açılan sekmeye geçilir

2021-11-19 17:17:42 - [TEST_STEP][PASSED] - Tabloda veri var mı kontrol edilir: Tabloda veri var mı kontrol edilir

2021-11-19 17:17:42 - [MESSAGE][PASSED] - Tabloda veri var mı kontrol edilir

2021-11-19 17:17:42 - [TEST_STEP][PASSED] - Ana sekmeye geçilir: Ana sekmeye geçilir

2021-11-19 17:17:42 - [MESSAGE][PASSED] - Ana sekmeye geçilir

2021-11-19 17:17:42 - [TEST_STEP][PASSED] - Tabloda veri var mı kontrol edilir: Tabloda veri var mı kontrol edilir

2021-11-19 17:17:42 - [MESSAGE][PASSED] - Tabloda veri var mı kontrol edilir

2021-11-19 17:17:42 - [TEST_STEP][PASSED] - Tablodan Logo Elektronik GIB Test isimli veri seçilir: Tablodan Logo Elektronik GIB Test isimli veri seçilir

2021-11-19 17:17:42 - [MESSAGE][PASSED] - Tablodan Logo Elektronik GIB Test isimli veri seçilir

2021-11-19 17:17:42 - [TEST_STEP][PASSED] - Butonlardan UBL isimli butona tıklanır: Butonlardan UBL isimli butona tıklanır

2021-11-19 17:17:42 - [MESSAGE][PASSED] - Butonlardan UBL isimli butona tıklanır

2021-11-19 17:17:42 - [TEST_STEP][PASSED] - Yeni açılan sekmeye geçilir: Yeni açılan sekmeye geçilir

2021-11-19 17:17:42 - [MESSAGE][PASSED] - Yeni açılan sekmeye geçilir

2021-11-19 17:17:42 - [TEST_STEP][PASSED] - StandardBusinessDocument tagli ubl geldi mi: StandardBusinessDocument tagli ubl geldi mi

2021-11-19 17:17:42 - [MESSAGE][PASSED] - StandardBusinessDocument tagli ubl geldi mi

2021-11-19 17:17:42 - [TEST_STEP][PASSED] - Ana sekmeye geçilir: Ana sekmeye geçilir

2021-11-19 17:17:42 - [MESSAGE][PASSED] - Ana sekmeye geçilir

2021-11-19 17:17:42 - [TEST_STEP][PASSED] - Butonlardan İndir isimli butona tıklanır: Butonlardan İndir isimli butona tıklanır

2021-11-19 17:17:42 - [MESSAGE][PASSED] - Butonlardan İndir isimli butona tıklanır

2021-11-19 17:17:42 - [TEST_STEP][PASSED] - Alt butonlardan İndir butonuna tıklanır: Alt butonlardan İndir butonuna tıklanır

2021-11-19 17:17:42 - [MESSAGE][PASSED] - Alt butonlardan İndir butonuna tıklanır

2021-11-19 17:17:42 - [TEST_STEP][PASSED] - Ön eki Envelope olan dosya indirildi mi: Ön eki Envelope olan dosya indirildi mi

2021-11-19 17:17:42 - [MESSAGE][PASSED] - Ön eki Envelope olan dosya indirildi mi

2021-11-19 17:17:42 - [TEST_STEP][PASSED] - Butonlardan Excel isimli butona tıklanır: Butonlardan Excel isimli butona tıklanır

2021-11-19 17:17:42 - [MESSAGE][PASSED] - Butonlardan Excel isimli butona tıklanır

2021-11-19 17:17:42 - [TEST_STEP][PASSED] - Alt butonlardan Seçilenleri Excel'e Aktar butonuna tıklanır: Alt butonlardan Seçilenleri Excel'e Aktar butonuna tıklanır

2021-11-19 17:17:42 - [MESSAGE][PASSED] - Alt butonlardan Seçilenleri Excel'e Aktar butonuna tıklanır

2021-11-19 17:17:42 - [TEST_STEP][PASSED] - Popup mesajı Lütfen rapor bildiriminin gönderileceği e-posta adresini belirtiniz. içeriyor mu: Popup mesajı Lütfen rapor bildiriminin gönderileceği e-posta adresini belirtiniz. içeriyor mu

2021-11-19 17:17:42 - [MESSAGE][PASSED] - Popup mesajı Lütfen rapor bildiriminin gönderileceği e-posta adresini belirtiniz. içeriyor mu

2021-11-19 17:17:42 - [TEST_STEP][PASSED] - Popup email elogotest@gmail.com;ali.kara@logo.com.tr olarak girilir: Popup email elogotest@gmail.com;ali.kara@logo.com.tr olarak girilir

2021-11-19 17:17:42 - [MESSAGE][PASSED] - Popup email elogotest@gmail.com;ali.kara@logo.com.tr olarak girilir

2021-11-19 17:17:42 - [TEST_STEP][PASSED] - Yönetim popupında Gönder seçilir: Yönetim popupında Gönder seçilir

2021-11-19 17:17:42 - [MESSAGE][PASSED] - Yönetim popupında Gönder seçilir

2021-11-19 17:17:42 - [TEST_STEP][PASSED] - Popup mesajı Toplu Veri İndirme içeriyor mu: Popup mesajı Toplu Veri İndirme içeriyor mu

2021-11-19 17:17:42 - [MESSAGE][PASSED] - Popup mesajı Toplu Veri İndirme içeriyor mu

2021-11-19 17:17:42 - [TEST_STEP][PASSED] - Yönetim popupında Tamam seçilir: Yönetim popupında Tamam seçilir

2021-11-19 17:17:42 - [MESSAGE][PASSED] - Yönetim popupında Tamam seçilir

2021-11-19 17:17:42 - [TEST_STEP][PASSED] - Butonlardan Toplu İndirme isimli butona tıklanır: Butonlardan Toplu İndirme isimli butona tıklanır

2021-11-19 17:17:42 - [MESSAGE][PASSED] - Butonlardan Toplu İndirme isimli butona tıklanır

2021-11-19 17:17:42 - [TEST_STEP][PASSED] - Alt butonlardan UBL Seçilenleri İndir butonuna tıklanır: Alt butonlardan UBL Seçilenleri İndir butonuna tıklanır

2021-11-19 17:17:42 - [MESSAGE][PASSED] - Alt butonlardan UBL Seçilenleri İndir butonuna tıklanır

2021-11-19 17:17:42 - [TEST_STEP][PASSED] - Popup mesajı rapor bildiriminin gönderileceği e-posta adresini belirtiniz içeriyor mu: Popup mesajı rapor bildiriminin gönderileceği e-posta adresini belirtiniz içeriyor mu

2021-11-19 17:17:42 - [MESSAGE][PASSED] - Popup mesajı rapor bildiriminin gönderileceği e-posta adresini belirtiniz içeriyor mu

2021-11-19 17:17:42 - [TEST_STEP][PASSED] - Popup email elogotest@gmail.com;ali.kara@logo.com.tr olarak girilir: Popup email elogotest@gmail.com;ali.kara@logo.com.tr olarak girilir

2021-11-19 17:17:42 - [MESSAGE][PASSED] - Popup email elogotest@gmail.com;ali.kara@logo.com.tr olarak girilir

2021-11-19 17:17:42 - [TEST_STEP][PASSED] - Yönetim popupında Gönder seçilir: Yönetim popupında Gönder seçilir

2021-11-19 17:17:42 - [MESSAGE][PASSED] - Yönetim popupında Gönder seçilir

2021-11-19 17:17:42 - [TEST_STEP][PASSED] - Popup mesajı talebiniz işleme alınmıştır içeriyor mu: Popup mesajı talebiniz işleme alınmıştır içeriyor mu

2021-11-19 17:17:42 - [MESSAGE][PASSED] - Popup mesajı talebiniz işleme alınmıştır içeriyor mu

2021-11-19 17:17:42 - [TEST_STEP][PASSED] - Yönetim popupında Tamam seçilir: Yönetim popupında Tamam seçilir

2021-11-19 17:17:42 - [MESSAGE][PASSED] - Yönetim popupında Tamam seçilir

2021-11-19 17:17:42 - [TEST_STEP][PASSED] - Kullanıcı işlemlerinden Çıkış seçilir: Kullanıcı işlemlerinden Çıkış seçilir

2021-11-19 17:17:42 - [MESSAGE][PASSED] - Kullanıcı işlemlerinden Çıkış seçilir

2021-11-19 17:17:42 - [MESSAGE][PASSED] - Feature file: 'Include/features/Zarflar/Gelen Zarflar/Tablodaki Verinin Butonlari.feature' was passed

2021-11-19 17:17:42 - [TEST_STEP][PASSED] - Start listener action : sampleAfterTestSuite: Invoke 'com.kms.katalon.core.annotation.AfterTestCase' method: 'Listener.sampleAfterTestSuite(...)' completed.

2021-11-19 17:17:42 - [MESSAGE][INFO] - Starting invoke 'com.kms.katalon.core.annotation.AfterTestCase' method: 'Listener.sampleAfterTestSuite(...)'

2021-11-19 17:17:42 - [TEST_STEP][PASSED] - closeBrowser(): Invoke 'com.kms.katalon.core.annotation.AfterTestCase' method: 'Listener.sampleAfterTestSuite(...)' completed.

2021-11-19 17:17:42 - [MESSAGE][INFO] - Closing browser

2021-11-19 17:17:43 - [MESSAGE][PASSED] - Browser is closed

2021-11-19 17:17:43 - [MESSAGE][INFO] - Invoke 'com.kms.katalon.core.annotation.AfterTestCase' method: 'Listener.sampleAfterTestSuite(...)' completed.]]></system-out>
         <system-err><![CDATA[]]></system-err>
      </testcase>
      <testcase name="Test Cases/Case Repository/Zarflar/Gelen Zarflar/UBL-Goster" time="39.406" classname="Test Cases/Case Repository/Zarflar/Gelen Zarflar/UBL-Goster" status="PASSED">
         <system-out><![CDATA[2021-11-19 17:17:43 - [TEST_CASE][PASSED] - Test Cases/Case Repository/Zarflar/Gelen Zarflar/UBL-Goster: Test Cases/Case Repository/Zarflar/Gelen Zarflar/UBL-Goster

2021-11-19 17:17:43 - [TEST_STEP][PASSED] - Start listener action : sampleBeforeTestSuite: Invoke 'com.kms.katalon.core.annotation.BeforeTestCase' method: 'Listener.sampleBeforeTestSuite(...)' completed.

2021-11-19 17:17:43 - [MESSAGE][INFO] - Starting invoke 'com.kms.katalon.core.annotation.BeforeTestCase' method: 'Listener.sampleBeforeTestSuite(...)'

2021-11-19 17:17:43 - [TEST_STEP][PASSED] - openBrowser(baseUrl): Browser is opened with url: 'https://efatura-stage.elogo.com.tr/'

2021-11-19 17:17:43 - [MESSAGE][INFO] - Opening browser

2021-11-19 17:17:43 - [MESSAGE][INFO] - Starting 'Chrome' driver

2021-11-19 17:17:43 - [MESSAGE][INFO] - User set preference: ['prefs', '{download.default_directory=C:\otomasyondownfiles}']

2021-11-19 17:17:43 - [MESSAGE][INFO] - Action delay is set to 0 milliseconds

2021-11-19 17:17:45 - [MESSAGE][INFO] - Navigating browser to: 'https://efatura-stage.elogo.com.tr/'

2021-11-19 17:17:47 - [MESSAGE][PASSED] - Browser is opened with url: 'https://efatura-stage.elogo.com.tr/'

2021-11-19 17:17:47 - [TEST_STEP][PASSED] - maximizeWindow(): Invoke 'com.kms.katalon.core.annotation.BeforeTestCase' method: 'Listener.sampleBeforeTestSuite(...)' completed.

2021-11-19 17:17:47 - [MESSAGE][INFO] - Maximizing current window

2021-11-19 17:17:47 - [MESSAGE][PASSED] - Current window maximized

2021-11-19 17:17:47 - [MESSAGE][INFO] - Invoke 'com.kms.katalon.core.annotation.BeforeTestCase' method: 'Listener.sampleBeforeTestSuite(...)' completed.

2021-11-19 17:17:48 - [TEST_STEP][PASSED] - runFeatureFile("Include/features/Zarflar/Gelen Zarflar/UBL-Goster.feature"): Feature file: 'Include/features/Zarflar/Gelen Zarflar/UBL-Goster.feature' was passed

2021-11-19 17:17:48 - [MESSAGE][INFO] - Starting run keyword runFeatureFile: 'Include/features/Zarflar/Gelen Zarflar/UBL-Goster.feature' and extract report to folder: 'C:\Users\DELL\Documents\GitHub\EES_KatalonLogo\Reports\20211119_164526\Suite Repository\Zarflar\20211119_164611/cucumber_report/1637331468194'...

2021-11-19 17:17:48 - [MESSAGE][INFO] - Glue: []

2021-11-19 17:17:50 - [MESSAGE][INFO] - Checking called Test Case

2021-11-19 17:17:50 - [MESSAGE][INFO] - Starting to call Test Case 'Test Cases/Sayfalar/Giris_Sayfasi/Login'

2021-11-19 17:17:50 - [TEST_CASE][PASSED] - Test Cases/Sayfalar/Giris_Sayfasi/Login: Test Cases/Sayfalar/Giris_Sayfasi/Login

2021-11-19 17:17:50 - [TEST_STEP][PASSED] - Sayfa_Basligi = getWindowTitle(): Current window's title is: 'LOGO e-Fatura'

2021-11-19 17:17:50 - [MESSAGE][INFO] - Getting current window's title

2021-11-19 17:17:50 - [MESSAGE][PASSED] - Current window's title is: 'LOGO e-Fatura'

2021-11-19 17:17:50 - [TEST_STEP][PASSED] - verifyMatch(Sayfa_Basligi, "LOGO e-Fatura", false): Actual text 'LOGO e-Fatura' and expected text 'LOGO e-Fatura' are matched 

2021-11-19 17:17:50 - [MESSAGE][INFO] - Matching actual text 'LOGO e-Fatura' with expected text 'LOGO e-Fatura'

2021-11-19 17:17:50 - [MESSAGE][PASSED] - Actual text 'LOGO e-Fatura' and expected text 'LOGO e-Fatura' are matched 

2021-11-19 17:17:50 - [TEST_STEP][PASSED] - sendKeys(findTestObject("Sayfalar/Giris_Sayfasi/Firma_Kodu"), KullaniciAdi): Keys 'ELOGO6' sent to object: 'Object Repository/Sayfalar/Giris_Sayfasi/Firma_Kodu'

2021-11-19 17:17:50 - [MESSAGE][INFO] - Finding Test Object 'Object Repository/Sayfalar/Giris_Sayfasi/Firma_Kodu'

2021-11-19 17:17:50 - [MESSAGE][INFO] - Sending keys 'ELOGO6' to object: 'Object Repository/Sayfalar/Giris_Sayfasi/Firma_Kodu'

2021-11-19 17:17:50 - [MESSAGE][INFO] - Finding web element from Test Object's properties

2021-11-19 17:17:50 - [MESSAGE][INFO] - Checking timeout

2021-11-19 17:17:50 - [MESSAGE][INFO] - Finding web element with id: 'Object Repository/Sayfalar/Giris_Sayfasi/Firma_Kodu' located by 'By.xpath: //*[@id = 'AccountName']' in '30' second(s)

2021-11-19 17:17:50 - [MESSAGE][INFO] - Smart Wait Function is triggered

2021-11-19 17:17:50 - [MESSAGE][INFO] - Found 1 web elements with id: 'Object Repository/Sayfalar/Giris_Sayfasi/Firma_Kodu' located by 'By.xpath: //*[@id = 'AccountName']' in '30' second(s)

2021-11-19 17:17:50 - [MESSAGE][PASSED] - Keys 'ELOGO6' sent to object: 'Object Repository/Sayfalar/Giris_Sayfasi/Firma_Kodu'

2021-11-19 17:17:50 - [TEST_STEP][PASSED] - sendKeys(findTestObject("Sayfalar/Giris_Sayfasi/Sifre"), Sifre): Keys '123456' sent to object: 'Object Repository/Sayfalar/Giris_Sayfasi/Sifre'

2021-11-19 17:17:50 - [MESSAGE][INFO] - Finding Test Object 'Object Repository/Sayfalar/Giris_Sayfasi/Sifre'

2021-11-19 17:17:50 - [MESSAGE][INFO] - Sending keys '123456' to object: 'Object Repository/Sayfalar/Giris_Sayfasi/Sifre'

2021-11-19 17:17:50 - [MESSAGE][INFO] - Finding web element from Test Object's properties

2021-11-19 17:17:50 - [MESSAGE][INFO] - Checking timeout

2021-11-19 17:17:50 - [MESSAGE][INFO] - Finding web element with id: 'Object Repository/Sayfalar/Giris_Sayfasi/Sifre' located by 'By.xpath: //*[@id = 'Password']' in '30' second(s)

2021-11-19 17:17:50 - [MESSAGE][INFO] - Smart Wait Function is triggered

2021-11-19 17:17:51 - [MESSAGE][INFO] - Found 1 web elements with id: 'Object Repository/Sayfalar/Giris_Sayfasi/Sifre' located by 'By.xpath: //*[@id = 'Password']' in '30' second(s)

2021-11-19 17:17:51 - [MESSAGE][PASSED] - Keys '123456' sent to object: 'Object Repository/Sayfalar/Giris_Sayfasi/Sifre'

2021-11-19 17:17:51 - [TEST_STEP][PASSED] - findWebElement(findTestObject("Sayfalar/Giris_Sayfasi/Giris_Butonu")).click(): Found 1 web elements with id: 'Object Repository/Sayfalar/Giris_Sayfasi/Giris_Butonu' located by 'By.cssSelector: #btnLogin' in '30' second(s)

2021-11-19 17:17:51 - [MESSAGE][INFO] - Finding Test Object 'Object Repository/Sayfalar/Giris_Sayfasi/Giris_Butonu'

2021-11-19 17:17:51 - [MESSAGE][INFO] - Finding web element from Test Object's properties

2021-11-19 17:17:51 - [MESSAGE][INFO] - Checking timeout

2021-11-19 17:17:51 - [MESSAGE][INFO] - Finding web element with id: 'Object Repository/Sayfalar/Giris_Sayfasi/Giris_Butonu' located by 'By.cssSelector: #btnLogin' in '30' second(s)

2021-11-19 17:17:51 - [MESSAGE][INFO] - Smart Wait Function is triggered

2021-11-19 17:17:51 - [MESSAGE][INFO] - Found 1 web elements with id: 'Object Repository/Sayfalar/Giris_Sayfasi/Giris_Butonu' located by 'By.cssSelector: #btnLogin' in '30' second(s)

2021-11-19 17:17:54 - [TEST_STEP][PASSED] - if (verifyElementPresent(findTestObject("Object Repository/Sayfalar/Giris_Sayfasi/RetveTamam_Butonu"), 5, OPTIONAL)): null

2021-11-19 17:17:54 - [MESSAGE][INFO] - Finding Test Object 'Object Repository/Sayfalar/Giris_Sayfasi/RetveTamam_Butonu'

2021-11-19 17:17:54 - [MESSAGE][INFO] - Checking object

2021-11-19 17:17:54 - [MESSAGE][INFO] - Finding web element from Test Object's properties

2021-11-19 17:17:54 - [MESSAGE][INFO] - Checking timeout

2021-11-19 17:17:54 - [MESSAGE][INFO] - Finding web element with id: 'Object Repository/Sayfalar/Giris_Sayfasi/RetveTamam_Butonu' located by 'By.xpath: //*[@class = 'btn btn-default']' in '5' second(s)

2021-11-19 17:17:54 - [MESSAGE][INFO] - Smart Wait Function is triggered

2021-11-19 17:17:55 - [MESSAGE][INFO] - Found 1 web elements with id: 'Object Repository/Sayfalar/Giris_Sayfasi/RetveTamam_Butonu' located by 'By.xpath: //*[@class = 'btn btn-default']' in '5' second(s)

2021-11-19 17:17:55 - [MESSAGE][PASSED] - Object 'Object Repository/Sayfalar/Giris_Sayfasi/RetveTamam_Butonu' is present

2021-11-19 17:17:55 - [TEST_STEP][PASSED] - click(findTestObject("Object Repository/Sayfalar/Giris_Sayfasi/RetveTamam_Butonu")): Object: 'Object Repository/Sayfalar/Giris_Sayfasi/RetveTamam_Butonu' is clicked on

2021-11-19 17:17:55 - [MESSAGE][INFO] - Finding Test Object 'Object Repository/Sayfalar/Giris_Sayfasi/RetveTamam_Butonu'

2021-11-19 17:17:55 - [MESSAGE][INFO] - Checking object

2021-11-19 17:17:55 - [MESSAGE][INFO] - Finding web element from Test Object's properties

2021-11-19 17:17:55 - [MESSAGE][INFO] - Checking timeout

2021-11-19 17:17:55 - [MESSAGE][INFO] - Finding web element with id: 'Object Repository/Sayfalar/Giris_Sayfasi/RetveTamam_Butonu' located by 'By.xpath: //*[@class = 'btn btn-default']' in '30' second(s)

2021-11-19 17:17:55 - [MESSAGE][INFO] - Smart Wait Function is triggered

2021-11-19 17:17:55 - [MESSAGE][INFO] - Found 1 web elements with id: 'Object Repository/Sayfalar/Giris_Sayfasi/RetveTamam_Butonu' located by 'By.xpath: //*[@class = 'btn btn-default']' in '30' second(s)

2021-11-19 17:17:55 - [MESSAGE][INFO] - Clicking on object: 'Object Repository/Sayfalar/Giris_Sayfasi/RetveTamam_Butonu'

2021-11-19 17:17:55 - [MESSAGE][PASSED] - Object: 'Object Repository/Sayfalar/Giris_Sayfasi/RetveTamam_Butonu' is clicked on

2021-11-19 17:17:55 - [TEST_STEP][PASSED] - click(findTestObject("Object Repository/Sayfalar/Giris_Sayfasi/RetveTamam_Butonu")): Object: 'Object Repository/Sayfalar/Giris_Sayfasi/RetveTamam_Butonu' is clicked on

2021-11-19 17:17:55 - [MESSAGE][INFO] - Finding Test Object 'Object Repository/Sayfalar/Giris_Sayfasi/RetveTamam_Butonu'

2021-11-19 17:17:55 - [MESSAGE][INFO] - Checking object

2021-11-19 17:17:55 - [MESSAGE][INFO] - Finding web element from Test Object's properties

2021-11-19 17:17:55 - [MESSAGE][INFO] - Checking timeout

2021-11-19 17:17:55 - [MESSAGE][INFO] - Finding web element with id: 'Object Repository/Sayfalar/Giris_Sayfasi/RetveTamam_Butonu' located by 'By.xpath: //*[@class = 'btn btn-default']' in '30' second(s)

2021-11-19 17:17:55 - [MESSAGE][INFO] - Smart Wait Function is triggered

2021-11-19 17:17:59 - [MESSAGE][INFO] - Found 1 web elements with id: 'Object Repository/Sayfalar/Giris_Sayfasi/RetveTamam_Butonu' located by 'By.xpath: //*[@class = 'btn btn-default']' in '30' second(s)

2021-11-19 17:17:59 - [MESSAGE][INFO] - Clicking on object: 'Object Repository/Sayfalar/Giris_Sayfasi/RetveTamam_Butonu'

2021-11-19 17:17:59 - [MESSAGE][PASSED] - Object: 'Object Repository/Sayfalar/Giris_Sayfasi/RetveTamam_Butonu' is clicked on

2021-11-19 17:17:59 - [TEST_STEP][PASSED] - if (verifyElementPresent(findTestObject("Sayfalar/Giris_Sayfasi/PopupOK"), 5, OPTIONAL)): null

2021-11-19 17:17:59 - [MESSAGE][INFO] - Finding Test Object 'Object Repository/Sayfalar/Giris_Sayfasi/PopupOK'

2021-11-19 17:17:59 - [MESSAGE][INFO] - Checking object

2021-11-19 17:17:59 - [MESSAGE][INFO] - Finding web element from Test Object's properties

2021-11-19 17:17:59 - [MESSAGE][INFO] - Checking timeout

2021-11-19 17:17:59 - [MESSAGE][INFO] - Finding web element with id: 'Object Repository/Sayfalar/Giris_Sayfasi/PopupOK' located by 'By.cssSelector: .btn.btn-success' in '5' second(s)

2021-11-19 17:17:59 - [MESSAGE][INFO] - Smart Wait Function is triggered

2021-11-19 17:18:00 - [MESSAGE][INFO] - Found 1 web elements with id: 'Object Repository/Sayfalar/Giris_Sayfasi/PopupOK' located by 'By.cssSelector: .btn.btn-success' in '5' second(s)

2021-11-19 17:18:00 - [MESSAGE][PASSED] - Object 'Object Repository/Sayfalar/Giris_Sayfasi/PopupOK' is present

2021-11-19 17:18:00 - [TEST_STEP][PASSED] - click(findTestObject("Object Repository/Sayfalar/Giris_Sayfasi/PopupCarpiGiris")): Object: 'Object Repository/Sayfalar/Giris_Sayfasi/PopupCarpiGiris' is clicked on

2021-11-19 17:18:00 - [MESSAGE][INFO] - Finding Test Object 'Object Repository/Sayfalar/Giris_Sayfasi/PopupCarpiGiris'

2021-11-19 17:18:00 - [MESSAGE][INFO] - Checking object

2021-11-19 17:18:00 - [MESSAGE][INFO] - Finding web element from Test Object's properties

2021-11-19 17:18:00 - [MESSAGE][INFO] - Checking timeout

2021-11-19 17:18:00 - [MESSAGE][INFO] - Finding web element with id: 'Object Repository/Sayfalar/Giris_Sayfasi/PopupCarpiGiris' located by 'By.cssSelector: .bootbox-close-button.close' in '30' second(s)

2021-11-19 17:18:00 - [MESSAGE][INFO] - Smart Wait Function is triggered

2021-11-19 17:18:00 - [MESSAGE][INFO] - Found 1 web elements with id: 'Object Repository/Sayfalar/Giris_Sayfasi/PopupCarpiGiris' located by 'By.cssSelector: .bootbox-close-button.close' in '30' second(s)

2021-11-19 17:18:00 - [MESSAGE][INFO] - Clicking on object: 'Object Repository/Sayfalar/Giris_Sayfasi/PopupCarpiGiris'

2021-11-19 17:18:00 - [MESSAGE][PASSED] - Object: 'Object Repository/Sayfalar/Giris_Sayfasi/PopupCarpiGiris' is clicked on

2021-11-19 17:18:00 - [TEST_STEP][PASSED] - verifyElementVisible(findTestObject("Object Repository/Kullanici_Islemleri/KullaniciIslemleri")): Object 'Object Repository/Kullanici_Islemleri/KullaniciIslemleri' is visible

2021-11-19 17:18:00 - [MESSAGE][INFO] - Finding Test Object 'Object Repository/Kullanici_Islemleri/KullaniciIslemleri'

2021-11-19 17:18:01 - [MESSAGE][INFO] - Checking object

2021-11-19 17:18:01 - [MESSAGE][INFO] - Finding web element from Test Object's properties

2021-11-19 17:18:01 - [MESSAGE][INFO] - Checking timeout

2021-11-19 17:18:01 - [MESSAGE][INFO] - Finding web element with id: 'Object Repository/Kullanici_Islemleri/KullaniciIslemleri' located by 'By.cssSelector: .dropdown>a>img' in '30' second(s)

2021-11-19 17:18:01 - [MESSAGE][INFO] - Smart Wait Function is triggered

2021-11-19 17:18:01 - [MESSAGE][INFO] - Found 1 web elements with id: 'Object Repository/Kullanici_Islemleri/KullaniciIslemleri' located by 'By.cssSelector: .dropdown>a>img' in '30' second(s)

2021-11-19 17:18:01 - [MESSAGE][PASSED] - Object 'Object Repository/Kullanici_Islemleri/KullaniciIslemleri' is visible

2021-11-19 17:18:01 - [MESSAGE][PASSED] - Call Test Case 'Test Cases/Sayfalar/Giris_Sayfasi/Login' successfully

2021-11-19 17:18:01 - [MESSAGE][INFO] - Checking called Test Case

2021-11-19 17:18:01 - [MESSAGE][INFO] - Starting to call Test Case 'Test Cases/Menu/AnaMenuSecimi'

2021-11-19 17:18:01 - [TEST_CASE][PASSED] - Test Cases/Menu/AnaMenuSecimi: Test Cases/Menu/AnaMenuSecimi

2021-11-19 17:18:01 - [TEST_STEP][PASSED] - Method.TextDegerineEsitElementeTikla(findTestObject("Menu/Ana_Menu"), Ana_Menu): Method.TextDegerineEsitElementeTikla is PASSED

2021-11-19 17:18:01 - [MESSAGE][INFO] - Finding Test Object 'Object Repository/Menu/Ana_Menu'

2021-11-19 17:18:01 - [MESSAGE][INFO] - Checking timeout

2021-11-19 17:18:01 - [MESSAGE][INFO] - Finding web element with id: 'Object Repository/Menu/Ana_Menu' located by 'By.xpath: //*[@class = 'dropdown-toggle']' in '10' second(s)

2021-11-19 17:18:01 - [MESSAGE][INFO] - Smart Wait Function is triggered

2021-11-19 17:18:02 - [MESSAGE][INFO] - Found 14 web elements with id: 'Object Repository/Menu/Ana_Menu' located by 'By.xpath: //*[@class = 'dropdown-toggle']' in '10' second(s)

2021-11-19 17:18:02 - [MESSAGE][PASSED] - Method.TextDegerineEsitElementeTikla is PASSED

2021-11-19 17:18:02 - [MESSAGE][PASSED] - Call Test Case 'Test Cases/Menu/AnaMenuSecimi' successfully

2021-11-19 17:18:02 - [MESSAGE][INFO] - Checking called Test Case

2021-11-19 17:18:02 - [MESSAGE][INFO] - Starting to call Test Case 'Test Cases/Menu/AltMenuSecimi'

2021-11-19 17:18:02 - [TEST_CASE][PASSED] - Test Cases/Menu/AltMenuSecimi: Test Cases/Menu/AltMenuSecimi

2021-11-19 17:18:02 - [TEST_STEP][PASSED] - Method.TextDegerineEsitElementeTikla(findTestObject("Menu/Alt_Menu"), Alt_Menu): Method.TextDegerineEsitElementeTikla is PASSED

2021-11-19 17:18:02 - [MESSAGE][INFO] - Finding Test Object 'Object Repository/Menu/Alt_Menu'

2021-11-19 17:18:02 - [MESSAGE][INFO] - Checking timeout

2021-11-19 17:18:02 - [MESSAGE][INFO] - Finding web element with id: 'Object Repository/Menu/Alt_Menu' located by 'By.xpath: //li[@class='dropdown dropdown-large open']//li[@class='dropdown-element']' in '10' second(s)

2021-11-19 17:18:02 - [MESSAGE][INFO] - Smart Wait Function is triggered

2021-11-19 17:18:02 - [MESSAGE][INFO] - Found 2 web elements with id: 'Object Repository/Menu/Alt_Menu' located by 'By.xpath: //li[@class='dropdown dropdown-large open']//li[@class='dropdown-element']' in '10' second(s)

2021-11-19 17:18:04 - [MESSAGE][PASSED] - Method.TextDegerineEsitElementeTikla is PASSED

2021-11-19 17:18:04 - [MESSAGE][PASSED] - Call Test Case 'Test Cases/Menu/AltMenuSecimi' successfully

2021-11-19 17:18:04 - [MESSAGE][INFO] - Checking called Test Case

2021-11-19 17:18:04 - [MESSAGE][INFO] - Starting to call Test Case 'Test Cases/Filtreler/BaslangicYaz'

2021-11-19 17:18:05 - [TEST_CASE][PASSED] - Test Cases/Filtreler/BaslangicYaz: Test Cases/Filtreler/BaslangicYaz

2021-11-19 17:18:05 - [TEST_STEP][PASSED] - delay(3): Delayed 3 second(s)

2021-11-19 17:18:05 - [MESSAGE][INFO] - Delaying browser in 3 second(s)

2021-11-19 17:18:08 - [MESSAGE][PASSED] - Delayed 3 second(s)

2021-11-19 17:18:08 - [TEST_STEP][PASSED] - Method.TextDegerineEsitElementinAltindakineTikla(findTestObject("Filtreler/Basliklar"), findTestObject("Filtreler/Basliga_Gore_Baslangic_Image"), Filtre_Adi): Method.TextDegerineEsitElementinAltindakineTikla is PASSED

2021-11-19 17:18:08 - [MESSAGE][INFO] - Finding Test Object 'Object Repository/Filtreler/Basliklar'

2021-11-19 17:18:08 - [MESSAGE][INFO] - Finding Test Object 'Object Repository/Filtreler/Basliga_Gore_Baslangic_Image'

2021-11-19 17:18:08 - [MESSAGE][INFO] - Checking timeout

2021-11-19 17:18:08 - [MESSAGE][INFO] - Finding web element with id: 'Object Repository/Filtreler/Basliklar' located by 'By.cssSelector: .control-label.col-sm-4.paddingMarginRLC' in '10' second(s)

2021-11-19 17:18:08 - [MESSAGE][INFO] - Smart Wait Function is triggered

2021-11-19 17:18:08 - [MESSAGE][INFO] - Found 8 web elements with id: 'Object Repository/Filtreler/Basliklar' located by 'By.cssSelector: .control-label.col-sm-4.paddingMarginRLC' in '10' second(s)

2021-11-19 17:18:08 - [MESSAGE][INFO] - Smart Wait Function is triggered

2021-11-19 17:18:09 - [MESSAGE][PASSED] - Method.TextDegerineEsitElementinAltindakineTikla is PASSED

2021-11-19 17:18:09 - [TEST_STEP][PASSED] - Method.TextDegerineEsitElementinAltindakiTextboxtaYaz(findTestObject("Filtreler/Basliklar"), findTestObject("Filtreler/Basliga_Gore_Baslangic"), Filtre_Adi, Filtre_Degeri): Method.TextDegerineEsitElementinAltindakiTextboxtaYaz is PASSED

2021-11-19 17:18:09 - [MESSAGE][INFO] - Finding Test Object 'Object Repository/Filtreler/Basliklar'

2021-11-19 17:18:09 - [MESSAGE][INFO] - Finding Test Object 'Object Repository/Filtreler/Basliga_Gore_Baslangic'

2021-11-19 17:18:09 - [MESSAGE][INFO] - Checking timeout

2021-11-19 17:18:09 - [MESSAGE][INFO] - Finding web element with id: 'Object Repository/Filtreler/Basliklar' located by 'By.cssSelector: .control-label.col-sm-4.paddingMarginRLC' in '10' second(s)

2021-11-19 17:18:09 - [MESSAGE][INFO] - Smart Wait Function is triggered

2021-11-19 17:18:09 - [MESSAGE][INFO] - Found 8 web elements with id: 'Object Repository/Filtreler/Basliklar' located by 'By.cssSelector: .control-label.col-sm-4.paddingMarginRLC' in '10' second(s)

2021-11-19 17:18:09 - [MESSAGE][INFO] - Smart Wait Function is triggered

2021-11-19 17:18:10 - [MESSAGE][PASSED] - Method.TextDegerineEsitElementinAltindakiTextboxtaYaz is PASSED

2021-11-19 17:18:10 - [MESSAGE][PASSED] - Call Test Case 'Test Cases/Filtreler/BaslangicYaz' successfully

2021-11-19 17:18:10 - [MESSAGE][INFO] - Checking called Test Case

2021-11-19 17:18:10 - [MESSAGE][INFO] - Starting to call Test Case 'Test Cases/Filtreler/BitisYaz'

2021-11-19 17:18:10 - [TEST_CASE][PASSED] - Test Cases/Filtreler/BitisYaz: Test Cases/Filtreler/BitisYaz

2021-11-19 17:18:10 - [TEST_STEP][PASSED] - Method.TextDegerineEsitElementinAltindakineTikla(findTestObject("Filtreler/Basliklar"), findTestObject("Filtreler/Basliga_Gore_Bitis_Image"), Filtre_Adi): Method.TextDegerineEsitElementinAltindakineTikla is PASSED

2021-11-19 17:18:10 - [MESSAGE][INFO] - Finding Test Object 'Object Repository/Filtreler/Basliklar'

2021-11-19 17:18:10 - [MESSAGE][INFO] - Finding Test Object 'Object Repository/Filtreler/Basliga_Gore_Bitis_Image'

2021-11-19 17:18:10 - [MESSAGE][INFO] - Checking timeout

2021-11-19 17:18:10 - [MESSAGE][INFO] - Finding web element with id: 'Object Repository/Filtreler/Basliklar' located by 'By.cssSelector: .control-label.col-sm-4.paddingMarginRLC' in '10' second(s)

2021-11-19 17:18:10 - [MESSAGE][INFO] - Smart Wait Function is triggered

2021-11-19 17:18:10 - [MESSAGE][INFO] - Found 8 web elements with id: 'Object Repository/Filtreler/Basliklar' located by 'By.cssSelector: .control-label.col-sm-4.paddingMarginRLC' in '10' second(s)

2021-11-19 17:18:10 - [MESSAGE][INFO] - Smart Wait Function is triggered

2021-11-19 17:18:11 - [MESSAGE][PASSED] - Method.TextDegerineEsitElementinAltindakineTikla is PASSED

2021-11-19 17:18:11 - [TEST_STEP][PASSED] - Method.TextDegerineEsitElementinAltindakiTextboxtaYaz(findTestObject("Filtreler/Basliklar"), findTestObject("Object Repository/Filtreler/Basliga_Gore_Bitis"), Filtre_Adi, Filtre_Degeri): Method.TextDegerineEsitElementinAltindakiTextboxtaYaz is PASSED

2021-11-19 17:18:11 - [MESSAGE][INFO] - Finding Test Object 'Object Repository/Filtreler/Basliklar'

2021-11-19 17:18:11 - [MESSAGE][INFO] - Finding Test Object 'Object Repository/Filtreler/Basliga_Gore_Bitis'

2021-11-19 17:18:11 - [MESSAGE][INFO] - Checking timeout

2021-11-19 17:18:11 - [MESSAGE][INFO] - Finding web element with id: 'Object Repository/Filtreler/Basliklar' located by 'By.cssSelector: .control-label.col-sm-4.paddingMarginRLC' in '10' second(s)

2021-11-19 17:18:11 - [MESSAGE][INFO] - Smart Wait Function is triggered

2021-11-19 17:18:12 - [MESSAGE][INFO] - Found 8 web elements with id: 'Object Repository/Filtreler/Basliklar' located by 'By.cssSelector: .control-label.col-sm-4.paddingMarginRLC' in '10' second(s)

2021-11-19 17:18:12 - [MESSAGE][INFO] - Smart Wait Function is triggered

2021-11-19 17:18:12 - [MESSAGE][PASSED] - Method.TextDegerineEsitElementinAltindakiTextboxtaYaz is PASSED

2021-11-19 17:18:12 - [MESSAGE][PASSED] - Call Test Case 'Test Cases/Filtreler/BitisYaz' successfully

2021-11-19 17:18:12 - [MESSAGE][INFO] - Checking called Test Case

2021-11-19 17:18:12 - [MESSAGE][INFO] - Starting to call Test Case 'Test Cases/Filtreler/ButonaTikla'

2021-11-19 17:18:12 - [TEST_CASE][PASSED] - Test Cases/Filtreler/ButonaTikla: Test Cases/Filtreler/ButonaTikla

2021-11-19 17:18:12 - [TEST_STEP][PASSED] - Method.TextDegerineEsitElementeTikla(findTestObject("Filtreler/Butonlar"), Filtre_Buton): Method.TextDegerineEsitElementeTikla is PASSED

2021-11-19 17:18:12 - [MESSAGE][INFO] - Finding Test Object 'Object Repository/Filtreler/Butonlar'

2021-11-19 17:18:13 - [MESSAGE][INFO] - Checking timeout

2021-11-19 17:18:13 - [MESSAGE][INFO] - Finding web element with id: 'Object Repository/Filtreler/Butonlar' located by 'By.cssSelector: .dxb>span' in '10' second(s)

2021-11-19 17:18:13 - [MESSAGE][INFO] - Smart Wait Function is triggered

2021-11-19 17:18:13 - [MESSAGE][INFO] - Found 3 web elements with id: 'Object Repository/Filtreler/Butonlar' located by 'By.cssSelector: .dxb>span' in '10' second(s)

2021-11-19 17:18:13 - [MESSAGE][PASSED] - Method.TextDegerineEsitElementeTikla is PASSED

2021-11-19 17:18:13 - [MESSAGE][PASSED] - Call Test Case 'Test Cases/Filtreler/ButonaTikla' successfully

2021-11-19 17:18:13 - [MESSAGE][INFO] - Checking called Test Case

2021-11-19 17:18:13 - [MESSAGE][INFO] - Starting to call Test Case 'Test Cases/Tablo/TablodaVeriVarMi'

2021-11-19 17:18:13 - [TEST_CASE][PASSED] - Test Cases/Tablo/TablodaVeriVarMi: Test Cases/Tablo/TablodaVeriVarMi

2021-11-19 17:18:13 - [TEST_STEP][PASSED] - verifyTextNotPresent("Görüntülenecek veri yok", true): Text 'Görüntülenecek veri yok' is not present on page using regular expression

2021-11-19 17:18:13 - [MESSAGE][INFO] - Checking text present  using regular expression

2021-11-19 17:18:13 - [MESSAGE][INFO] - Smart Wait Function is triggered

2021-11-19 17:18:14 - [MESSAGE][INFO] - Finding text 'Görüntülenecek veri yok' on page  using regular expression

2021-11-19 17:18:14 - [MESSAGE][PASSED] - Text 'Görüntülenecek veri yok' is not present on page using regular expression

2021-11-19 17:18:14 - [MESSAGE][PASSED] - Call Test Case 'Test Cases/Tablo/TablodaVeriVarMi' successfully

2021-11-19 17:18:14 - [MESSAGE][INFO] - Checking called Test Case

2021-11-19 17:18:14 - [MESSAGE][INFO] - Starting to call Test Case 'Test Cases/Tablo/TablodanVeriSec'

2021-11-19 17:18:14 - [TEST_CASE][PASSED] - Test Cases/Tablo/TablodanVeriSec: Test Cases/Tablo/TablodanVeriSec

2021-11-19 17:18:14 - [TEST_STEP][PASSED] - Method.TextDegerineEsitElementinAltindakineTikla(findTestObject("Tablo/Veriler"), findTestObject("Tablo/VerininCheckBoxi"), Veri_Adi): Method.TextDegerineEsitElementinAltindakineTikla is PASSED

2021-11-19 17:18:14 - [MESSAGE][INFO] - Finding Test Object 'Object Repository/Tablo/Veriler'

2021-11-19 17:18:15 - [MESSAGE][INFO] - Finding Test Object 'Object Repository/Tablo/VerininCheckBoxi'

2021-11-19 17:18:15 - [MESSAGE][INFO] - Checking timeout

2021-11-19 17:18:15 - [MESSAGE][INFO] - Finding web element with id: 'Object Repository/Tablo/Veriler' located by 'By.cssSelector: td.dxgv b ,td.dxgv' in '10' second(s)

2021-11-19 17:18:15 - [MESSAGE][INFO] - Smart Wait Function is triggered

2021-11-19 17:18:15 - [MESSAGE][INFO] - Found 110 web elements with id: 'Object Repository/Tablo/Veriler' located by 'By.cssSelector: td.dxgv b ,td.dxgv' in '10' second(s)

2021-11-19 17:18:16 - [MESSAGE][INFO] - Smart Wait Function is triggered

2021-11-19 17:18:17 - [MESSAGE][PASSED] - Method.TextDegerineEsitElementinAltindakineTikla is PASSED

2021-11-19 17:18:17 - [MESSAGE][PASSED] - Call Test Case 'Test Cases/Tablo/TablodanVeriSec' successfully

2021-11-19 17:18:17 - [MESSAGE][INFO] - Checking called Test Case

2021-11-19 17:18:17 - [MESSAGE][INFO] - Starting to call Test Case 'Test Cases/Butonlar/ButonaTikla'

2021-11-19 17:18:17 - [TEST_CASE][PASSED] - Test Cases/Butonlar/ButonaTikla: Test Cases/Butonlar/ButonaTikla

2021-11-19 17:18:17 - [TEST_STEP][PASSED] - Method.TextDegerineEsitElementeTiklaEquals(findTestObject("Butonlar/Butonlar"), Buton_Adi): Method.TextDegerineEsitElementeTiklaEquals is PASSED

2021-11-19 17:18:17 - [MESSAGE][INFO] - Finding Test Object 'Object Repository/Butonlar/Butonlar'

2021-11-19 17:18:17 - [MESSAGE][INFO] - Checking timeout

2021-11-19 17:18:17 - [MESSAGE][INFO] - Finding web element with id: 'Object Repository/Butonlar/Butonlar' located by 'By.cssSelector: .panel.panel-default.text-center.footerPanel .btn,.btn.btn-primary.btnControls' in '10' second(s)

2021-11-19 17:18:17 - [MESSAGE][INFO] - Smart Wait Function is triggered

2021-11-19 17:18:17 - [MESSAGE][INFO] - Found 5 web elements with id: 'Object Repository/Butonlar/Butonlar' located by 'By.cssSelector: .panel.panel-default.text-center.footerPanel .btn,.btn.btn-primary.btnControls' in '10' second(s)

2021-11-19 17:18:17 - [MESSAGE][PASSED] - Method.TextDegerineEsitElementeTiklaEquals is PASSED

2021-11-19 17:18:17 - [MESSAGE][PASSED] - Call Test Case 'Test Cases/Butonlar/ButonaTikla' successfully

2021-11-19 17:18:17 - [MESSAGE][INFO] - Checking called Test Case

2021-11-19 17:18:17 - [MESSAGE][INFO] - Starting to call Test Case 'Test Cases/Sekmeler/YeniSekmeyeGec'

2021-11-19 17:18:17 - [TEST_CASE][PASSED] - Test Cases/Sekmeler/YeniSekmeyeGec: Test Cases/Sekmeler/YeniSekmeyeGec

2021-11-19 17:18:17 - [TEST_STEP][PASSED] - switchToWindowIndex(1): Switched to window with index: '1'

2021-11-19 17:18:17 - [MESSAGE][INFO] - Checking index

2021-11-19 17:18:17 - [MESSAGE][INFO] - Switching window with index: '1'

2021-11-19 17:18:17 - [MESSAGE][PASSED] - Switched to window with index: '1'

2021-11-19 17:18:17 - [MESSAGE][PASSED] - Call Test Case 'Test Cases/Sekmeler/YeniSekmeyeGec' successfully

2021-11-19 17:18:17 - [MESSAGE][INFO] - Checking called Test Case

2021-11-19 17:18:17 - [MESSAGE][INFO] - Starting to call Test Case 'Test Cases/Sekmeler/TagGeldiMi'

2021-11-19 17:18:18 - [TEST_CASE][PASSED] - Test Cases/Sekmeler/TagGeldiMi: Test Cases/Sekmeler/TagGeldiMi

2021-11-19 17:18:18 - [TEST_STEP][PASSED] - waitForElementPresent(findTestObject("Object Repository/Sekmeler/UBLTag"), 10): Object 'Object Repository/Sekmeler/UBLTag' is present

2021-11-19 17:18:18 - [MESSAGE][INFO] - Finding Test Object 'Object Repository/Sekmeler/UBLTag'

2021-11-19 17:18:18 - [MESSAGE][INFO] - Checking object

2021-11-19 17:18:18 - [MESSAGE][INFO] - Finding web element from Test Object's properties

2021-11-19 17:18:18 - [MESSAGE][INFO] - Checking timeout

2021-11-19 17:18:18 - [MESSAGE][INFO] - Finding web element with id: 'Object Repository/Sekmeler/UBLTag' located by 'By.cssSelector: #webkit-xml-viewer-source-xml>:first-child' in '10' second(s)

2021-11-19 17:18:18 - [MESSAGE][INFO] - Smart Wait Function is triggered

2021-11-19 17:18:18 - [MESSAGE][INFO] - Found 1 web elements with id: 'Object Repository/Sekmeler/UBLTag' located by 'By.cssSelector: #webkit-xml-viewer-source-xml>:first-child' in '10' second(s)

2021-11-19 17:18:18 - [MESSAGE][PASSED] - Object 'Object Repository/Sekmeler/UBLTag' is present

2021-11-19 17:18:18 - [TEST_STEP][PASSED] - println(toLowerCase().toString()): Found 1 web elements with id: 'Object Repository/Sekmeler/UBLTag' located by 'By.cssSelector: #webkit-xml-viewer-source-xml>:first-child' in '10' second(s)

2021-11-19 17:18:18 - [MESSAGE][INFO] - Finding Test Object 'Object Repository/Sekmeler/UBLTag'

2021-11-19 17:18:18 - [MESSAGE][INFO] - Finding web element from Test Object's properties

2021-11-19 17:18:18 - [MESSAGE][INFO] - Checking timeout

2021-11-19 17:18:18 - [MESSAGE][INFO] - Finding web element with id: 'Object Repository/Sekmeler/UBLTag' located by 'By.cssSelector: #webkit-xml-viewer-source-xml>:first-child' in '10' second(s)

2021-11-19 17:18:18 - [MESSAGE][INFO] - Smart Wait Function is triggered

2021-11-19 17:18:18 - [MESSAGE][INFO] - Found 1 web elements with id: 'Object Repository/Sekmeler/UBLTag' located by 'By.cssSelector: #webkit-xml-viewer-source-xml>:first-child' in '10' second(s)

2021-11-19 17:18:18 - [TEST_STEP][PASSED] - if (!(toString().contains(toString().toLowerCase()))): Found 1 web elements with id: 'Object Repository/Sekmeler/UBLTag' located by 'By.cssSelector: #webkit-xml-viewer-source-xml>:first-child' in '10' second(s)

2021-11-19 17:18:18 - [MESSAGE][INFO] - Finding Test Object 'Object Repository/Sekmeler/UBLTag'

2021-11-19 17:18:18 - [MESSAGE][INFO] - Finding web element from Test Object's properties

2021-11-19 17:18:18 - [MESSAGE][INFO] - Checking timeout

2021-11-19 17:18:18 - [MESSAGE][INFO] - Finding web element with id: 'Object Repository/Sekmeler/UBLTag' located by 'By.cssSelector: #webkit-xml-viewer-source-xml>:first-child' in '10' second(s)

2021-11-19 17:18:18 - [MESSAGE][INFO] - Smart Wait Function is triggered

2021-11-19 17:18:18 - [MESSAGE][INFO] - Found 1 web elements with id: 'Object Repository/Sekmeler/UBLTag' located by 'By.cssSelector: #webkit-xml-viewer-source-xml>:first-child' in '10' second(s)

2021-11-19 17:18:18 - [MESSAGE][PASSED] - Call Test Case 'Test Cases/Sekmeler/TagGeldiMi' successfully

2021-11-19 17:18:18 - [MESSAGE][INFO] - Checking called Test Case

2021-11-19 17:18:18 - [MESSAGE][INFO] - Starting to call Test Case 'Test Cases/Sekmeler/Ana_Sekmeye_Gec'

2021-11-19 17:18:18 - [TEST_CASE][PASSED] - Test Cases/Sekmeler/Ana_Sekmeye_Gec: Test Cases/Sekmeler/Ana_Sekmeye_Gec

2021-11-19 17:18:18 - [TEST_STEP][PASSED] - try: Window with index 1 is closed

2021-11-19 17:18:18 - [TEST_STEP][PASSED] - index = getWindowIndex(): Current window's index is: 1

2021-11-19 17:18:18 - [MESSAGE][INFO] - Getting current window's index

2021-11-19 17:18:18 - [MESSAGE][PASSED] - Current window's index is: 1

2021-11-19 17:18:18 - [TEST_STEP][PASSED] - closeWindowIndex(index): Window with index 1 is closed

2021-11-19 17:18:18 - [MESSAGE][INFO] - Checking index

2021-11-19 17:18:18 - [MESSAGE][INFO] - Closing window with index 1

2021-11-19 17:18:18 - [MESSAGE][PASSED] - Window with index 1 is closed

2021-11-19 17:18:18 - [TEST_STEP][PASSED] - switchToWindowIndex(0): Switched to window with index: '0'

2021-11-19 17:18:18 - [MESSAGE][INFO] - Checking index

2021-11-19 17:18:18 - [MESSAGE][INFO] - Switching window with index: '0'

2021-11-19 17:18:18 - [MESSAGE][PASSED] - Switched to window with index: '0'

2021-11-19 17:18:18 - [MESSAGE][PASSED] - Call Test Case 'Test Cases/Sekmeler/Ana_Sekmeye_Gec' successfully

2021-11-19 17:18:18 - [MESSAGE][INFO] - Checking called Test Case

2021-11-19 17:18:18 - [MESSAGE][INFO] - Starting to call Test Case 'Test Cases/Kullanici_Islemleri/KullaniciIslemlerindenSecimYapilir'

2021-11-19 17:18:18 - [TEST_CASE][PASSED] - Test Cases/Kullanici_Islemleri/KullaniciIslemlerindenSecimYapilir: Test Cases/Kullanici_Islemleri/KullaniciIslemlerindenSecimYapilir

2021-11-19 17:18:18 - [TEST_STEP][PASSED] - waitForElementClickable(findTestObject("Object Repository/Kullanici_Islemleri/KullaniciIslemleri"), 10): Object 'Object Repository/Kullanici_Islemleri/KullaniciIslemleri' is clickable

2021-11-19 17:18:18 - [MESSAGE][INFO] - Finding Test Object 'Object Repository/Kullanici_Islemleri/KullaniciIslemleri'

2021-11-19 17:18:18 - [MESSAGE][INFO] - Checking object

2021-11-19 17:18:18 - [MESSAGE][INFO] - Checking timeout

2021-11-19 17:18:18 - [MESSAGE][INFO] - Finding web element from Test Object's properties

2021-11-19 17:18:18 - [MESSAGE][INFO] - Checking timeout

2021-11-19 17:18:18 - [MESSAGE][INFO] - Finding web element with id: 'Object Repository/Kullanici_Islemleri/KullaniciIslemleri' located by 'By.cssSelector: .dropdown>a>img' in '10' second(s)

2021-11-19 17:18:18 - [MESSAGE][INFO] - Smart Wait Function is triggered

2021-11-19 17:18:19 - [MESSAGE][INFO] - Found 1 web elements with id: 'Object Repository/Kullanici_Islemleri/KullaniciIslemleri' located by 'By.cssSelector: .dropdown>a>img' in '10' second(s)

2021-11-19 17:18:19 - [MESSAGE][PASSED] - Object 'Object Repository/Kullanici_Islemleri/KullaniciIslemleri' is clickable

2021-11-19 17:18:19 - [TEST_STEP][PASSED] - click(findTestObject("Object Repository/Kullanici_Islemleri/KullaniciIslemleri")): Object: 'Object Repository/Kullanici_Islemleri/KullaniciIslemleri' is clicked on

2021-11-19 17:18:19 - [MESSAGE][INFO] - Finding Test Object 'Object Repository/Kullanici_Islemleri/KullaniciIslemleri'

2021-11-19 17:18:19 - [MESSAGE][INFO] - Checking object

2021-11-19 17:18:19 - [MESSAGE][INFO] - Finding web element from Test Object's properties

2021-11-19 17:18:19 - [MESSAGE][INFO] - Checking timeout

2021-11-19 17:18:19 - [MESSAGE][INFO] - Finding web element with id: 'Object Repository/Kullanici_Islemleri/KullaniciIslemleri' located by 'By.cssSelector: .dropdown>a>img' in '30' second(s)

2021-11-19 17:18:19 - [MESSAGE][INFO] - Smart Wait Function is triggered

2021-11-19 17:18:19 - [MESSAGE][INFO] - Found 1 web elements with id: 'Object Repository/Kullanici_Islemleri/KullaniciIslemleri' located by 'By.cssSelector: .dropdown>a>img' in '30' second(s)

2021-11-19 17:18:19 - [MESSAGE][INFO] - Clicking on object: 'Object Repository/Kullanici_Islemleri/KullaniciIslemleri'

2021-11-19 17:18:19 - [MESSAGE][PASSED] - Object: 'Object Repository/Kullanici_Islemleri/KullaniciIslemleri' is clicked on

2021-11-19 17:18:19 - [TEST_STEP][PASSED] - Method.TextDegerineEsitElementeTikla(findTestObject("Object Repository/Kullanici_Islemleri/Secenekler"), Islem): Method.TextDegerineEsitElementeTikla is PASSED

2021-11-19 17:18:19 - [MESSAGE][INFO] - Finding Test Object 'Object Repository/Kullanici_Islemleri/Secenekler'

2021-11-19 17:18:19 - [MESSAGE][INFO] - Checking timeout

2021-11-19 17:18:19 - [MESSAGE][INFO] - Finding web element with id: 'Object Repository/Kullanici_Islemleri/Secenekler' located by 'By.cssSelector: .nav.navbar-nav.navbar-right li a' in '10' second(s)

2021-11-19 17:18:19 - [MESSAGE][INFO] - Smart Wait Function is triggered

2021-11-19 17:18:20 - [MESSAGE][INFO] - Found 22 web elements with id: 'Object Repository/Kullanici_Islemleri/Secenekler' located by 'By.cssSelector: .nav.navbar-nav.navbar-right li a' in '10' second(s)

2021-11-19 17:18:22 - [MESSAGE][PASSED] - Method.TextDegerineEsitElementeTikla is PASSED

2021-11-19 17:18:22 - [TEST_STEP][PASSED] - verifyElementNotPresent(findTestObject("Object Repository/Kullanici_Islemleri/Secenekler"), 10): Web element with id: 'Object Repository/Kullanici_Islemleri/Secenekler' located by 'By.cssSelector: .nav.navbar-nav.navbar-right li a' is not present after '10' second(s)

2021-11-19 17:18:22 - [MESSAGE][INFO] - Finding Test Object 'Object Repository/Kullanici_Islemleri/Secenekler'

2021-11-19 17:18:22 - [MESSAGE][INFO] - Checking object

2021-11-19 17:18:22 - [MESSAGE][INFO] - Checking timeout

2021-11-19 17:18:22 - [MESSAGE][INFO] - Finding web element with id: 'Object Repository/Kullanici_Islemleri/Secenekler' located by 'By.cssSelector: .nav.navbar-nav.navbar-right li a' in '10' second(s)

2021-11-19 17:18:22 - [MESSAGE][INFO] - Smart Wait Function is triggered

2021-11-19 17:18:22 - [MESSAGE][PASSED] - Web element with id: 'Object Repository/Kullanici_Islemleri/Secenekler' located by 'By.cssSelector: .nav.navbar-nav.navbar-right li a' is not present after '10' second(s)

2021-11-19 17:18:22 - [MESSAGE][PASSED] - Call Test Case 'Test Cases/Kullanici_Islemleri/KullaniciIslemlerindenSecimYapilir' successfully

2021-11-19 17:18:22 - [TEST_CASE][PASSED] - Start Test Case : SCENARIO Gelen Zarf GIB: SCENARIO Gelen Zarf GIB

2021-11-19 17:18:22 - [TEST_STEP][PASSED] - Kullanıcı adı ELOGO6 ve Şifre 123456 olarak giriş yapılır: Kullanıcı adı ELOGO6 ve Şifre 123456 olarak giriş yapılır

2021-11-19 17:18:22 - [MESSAGE][PASSED] - Kullanıcı adı ELOGO6 ve Şifre 123456 olarak giriş yapılır

2021-11-19 17:18:22 - [TEST_STEP][PASSED] - Ana menüden Zarflar seçilir: Ana menüden Zarflar seçilir

2021-11-19 17:18:22 - [MESSAGE][PASSED] - Ana menüden Zarflar seçilir

2021-11-19 17:18:22 - [TEST_STEP][PASSED] - Alt menüden Gelen Zarflar seçilir: Alt menüden Gelen Zarflar seçilir

2021-11-19 17:18:22 - [MESSAGE][PASSED] - Alt menüden Gelen Zarflar seçilir

2021-11-19 17:18:22 - [TEST_STEP][PASSED] - Filtrelerden Oluşturma Tarihi filtresine 01.12.2020 baslangic degerini yaz: Filtrelerden Oluşturma Tarihi filtresine 01.12.2020 baslangic degerini yaz

2021-11-19 17:18:22 - [MESSAGE][PASSED] - Filtrelerden Oluşturma Tarihi filtresine 01.12.2020 baslangic degerini yaz

2021-11-19 17:18:22 - [TEST_STEP][PASSED] - Filtrelerden Oluşturma Tarihi filtresine 31.12.2020 bitis degerini yaz: Filtrelerden Oluşturma Tarihi filtresine 31.12.2020 bitis degerini yaz

2021-11-19 17:18:22 - [MESSAGE][PASSED] - Filtrelerden Oluşturma Tarihi filtresine 31.12.2020 bitis degerini yaz

2021-11-19 17:18:22 - [TEST_STEP][PASSED] - Filtre butonlarından Listele seçilir: Filtre butonlarından Listele seçilir

2021-11-19 17:18:22 - [MESSAGE][PASSED] - Filtre butonlarından Listele seçilir

2021-11-19 17:18:22 - [TEST_STEP][PASSED] - Tabloda veri var mı kontrol edilir: Tabloda veri var mı kontrol edilir

2021-11-19 17:18:22 - [MESSAGE][PASSED] - Tabloda veri var mı kontrol edilir

2021-11-19 17:18:22 - [TEST_STEP][PASSED] - Tablodan E LOGO 6 isimli veri seçilir: Tablodan E LOGO 6 isimli veri seçilir

2021-11-19 17:18:22 - [MESSAGE][PASSED] - Tablodan E LOGO 6 isimli veri seçilir

2021-11-19 17:18:22 - [TEST_STEP][PASSED] - Butonlardan UBL isimli butona tıklanır: Butonlardan UBL isimli butona tıklanır

2021-11-19 17:18:22 - [MESSAGE][PASSED] - Butonlardan UBL isimli butona tıklanır

2021-11-19 17:18:22 - [TEST_STEP][PASSED] - Yeni açılan sekmeye geçilir: Yeni açılan sekmeye geçilir

2021-11-19 17:18:22 - [MESSAGE][PASSED] - Yeni açılan sekmeye geçilir

2021-11-19 17:18:22 - [TEST_STEP][PASSED] - sh:StandardBusinessDocument tagli ubl geldi mi: sh:StandardBusinessDocument tagli ubl geldi mi

2021-11-19 17:18:22 - [MESSAGE][PASSED] - sh:StandardBusinessDocument tagli ubl geldi mi

2021-11-19 17:18:22 - [TEST_STEP][PASSED] - Ana sekmeye geçilir: Ana sekmeye geçilir

2021-11-19 17:18:22 - [MESSAGE][PASSED] - Ana sekmeye geçilir

2021-11-19 17:18:22 - [TEST_STEP][PASSED] - Kullanıcı işlemlerinden Çıkış seçilir: Kullanıcı işlemlerinden Çıkış seçilir

2021-11-19 17:18:22 - [MESSAGE][PASSED] - Kullanıcı işlemlerinden Çıkış seçilir

2021-11-19 17:18:22 - [MESSAGE][PASSED] - Feature file: 'Include/features/Zarflar/Gelen Zarflar/UBL-Goster.feature' was passed

2021-11-19 17:18:22 - [TEST_STEP][PASSED] - Start listener action : sampleAfterTestSuite: Invoke 'com.kms.katalon.core.annotation.AfterTestCase' method: 'Listener.sampleAfterTestSuite(...)' completed.

2021-11-19 17:18:22 - [MESSAGE][INFO] - Starting invoke 'com.kms.katalon.core.annotation.AfterTestCase' method: 'Listener.sampleAfterTestSuite(...)'

2021-11-19 17:18:22 - [TEST_STEP][PASSED] - closeBrowser(): Invoke 'com.kms.katalon.core.annotation.AfterTestCase' method: 'Listener.sampleAfterTestSuite(...)' completed.

2021-11-19 17:18:22 - [MESSAGE][INFO] - Closing browser

2021-11-19 17:18:23 - [MESSAGE][PASSED] - Browser is closed

2021-11-19 17:18:23 - [MESSAGE][INFO] - Invoke 'com.kms.katalon.core.annotation.AfterTestCase' method: 'Listener.sampleAfterTestSuite(...)' completed.]]></system-out>
         <system-err><![CDATA[]]></system-err>
      </testcase>
      <testcase name="Test Cases/Case Repository/Zarflar/Giden Zarflar/Ekran Kontrolu" time="60.751" classname="Test Cases/Case Repository/Zarflar/Giden Zarflar/Ekran Kontrolu" status="PASSED">
         <system-out><![CDATA[2021-11-19 17:18:23 - [TEST_CASE][PASSED] - Test Cases/Case Repository/Zarflar/Giden Zarflar/Ekran Kontrolu: Test Cases/Case Repository/Zarflar/Giden Zarflar/Ekran Kontrolu

2021-11-19 17:18:23 - [TEST_STEP][PASSED] - Start listener action : sampleBeforeTestSuite: Invoke 'com.kms.katalon.core.annotation.BeforeTestCase' method: 'Listener.sampleBeforeTestSuite(...)' completed.

2021-11-19 17:18:23 - [MESSAGE][INFO] - Starting invoke 'com.kms.katalon.core.annotation.BeforeTestCase' method: 'Listener.sampleBeforeTestSuite(...)'

2021-11-19 17:18:23 - [TEST_STEP][PASSED] - openBrowser(baseUrl): Browser is opened with url: 'https://efatura-stage.elogo.com.tr/'

2021-11-19 17:18:23 - [MESSAGE][INFO] - Opening browser

2021-11-19 17:18:23 - [MESSAGE][INFO] - Starting 'Chrome' driver

2021-11-19 17:18:23 - [MESSAGE][INFO] - User set preference: ['prefs', '{download.default_directory=C:\otomasyondownfiles}']

2021-11-19 17:18:23 - [MESSAGE][INFO] - Action delay is set to 0 milliseconds

2021-11-19 17:18:24 - [MESSAGE][INFO] - Navigating browser to: 'https://efatura-stage.elogo.com.tr/'

2021-11-19 17:18:27 - [MESSAGE][PASSED] - Browser is opened with url: 'https://efatura-stage.elogo.com.tr/'

2021-11-19 17:18:27 - [TEST_STEP][PASSED] - maximizeWindow(): Invoke 'com.kms.katalon.core.annotation.BeforeTestCase' method: 'Listener.sampleBeforeTestSuite(...)' completed.

2021-11-19 17:18:27 - [MESSAGE][INFO] - Maximizing current window

2021-11-19 17:18:27 - [MESSAGE][PASSED] - Current window maximized

2021-11-19 17:18:27 - [MESSAGE][INFO] - Invoke 'com.kms.katalon.core.annotation.BeforeTestCase' method: 'Listener.sampleBeforeTestSuite(...)' completed.

2021-11-19 17:18:28 - [TEST_STEP][PASSED] - runFeatureFile("Include/features/Zarflar/Giden Zarflar/Ekran Kontrolu.feature"): Feature file: 'Include/features/Zarflar/Giden Zarflar/Ekran Kontrolu.feature' was passed

2021-11-19 17:18:28 - [MESSAGE][INFO] - Starting run keyword runFeatureFile: 'Include/features/Zarflar/Giden Zarflar/Ekran Kontrolu.feature' and extract report to folder: 'C:\Users\DELL\Documents\GitHub\EES_KatalonLogo\Reports\20211119_164526\Suite Repository\Zarflar\20211119_164611/cucumber_report/1637331508129'...

2021-11-19 17:18:28 - [MESSAGE][INFO] - Glue: []

2021-11-19 17:18:30 - [MESSAGE][INFO] - Checking called Test Case

2021-11-19 17:18:30 - [MESSAGE][INFO] - Starting to call Test Case 'Test Cases/Sayfalar/Giris_Sayfasi/Login'

2021-11-19 17:18:30 - [TEST_CASE][PASSED] - Test Cases/Sayfalar/Giris_Sayfasi/Login: Test Cases/Sayfalar/Giris_Sayfasi/Login

2021-11-19 17:18:30 - [TEST_STEP][PASSED] - Sayfa_Basligi = getWindowTitle(): Current window's title is: 'LOGO e-Fatura'

2021-11-19 17:18:30 - [MESSAGE][INFO] - Getting current window's title

2021-11-19 17:18:30 - [MESSAGE][PASSED] - Current window's title is: 'LOGO e-Fatura'

2021-11-19 17:18:30 - [TEST_STEP][PASSED] - verifyMatch(Sayfa_Basligi, "LOGO e-Fatura", false): Actual text 'LOGO e-Fatura' and expected text 'LOGO e-Fatura' are matched 

2021-11-19 17:18:30 - [MESSAGE][INFO] - Matching actual text 'LOGO e-Fatura' with expected text 'LOGO e-Fatura'

2021-11-19 17:18:30 - [MESSAGE][PASSED] - Actual text 'LOGO e-Fatura' and expected text 'LOGO e-Fatura' are matched 

2021-11-19 17:18:30 - [TEST_STEP][PASSED] - sendKeys(findTestObject("Sayfalar/Giris_Sayfasi/Firma_Kodu"), KullaniciAdi): Keys 'ELOGO6' sent to object: 'Object Repository/Sayfalar/Giris_Sayfasi/Firma_Kodu'

2021-11-19 17:18:30 - [MESSAGE][INFO] - Finding Test Object 'Object Repository/Sayfalar/Giris_Sayfasi/Firma_Kodu'

2021-11-19 17:18:30 - [MESSAGE][INFO] - Sending keys 'ELOGO6' to object: 'Object Repository/Sayfalar/Giris_Sayfasi/Firma_Kodu'

2021-11-19 17:18:30 - [MESSAGE][INFO] - Finding web element from Test Object's properties

2021-11-19 17:18:30 - [MESSAGE][INFO] - Checking timeout

2021-11-19 17:18:30 - [MESSAGE][INFO] - Finding web element with id: 'Object Repository/Sayfalar/Giris_Sayfasi/Firma_Kodu' located by 'By.xpath: //*[@id = 'AccountName']' in '30' second(s)

2021-11-19 17:18:30 - [MESSAGE][INFO] - Smart Wait Function is triggered

2021-11-19 17:18:31 - [MESSAGE][INFO] - Found 1 web elements with id: 'Object Repository/Sayfalar/Giris_Sayfasi/Firma_Kodu' located by 'By.xpath: //*[@id = 'AccountName']' in '30' second(s)

2021-11-19 17:18:31 - [MESSAGE][PASSED] - Keys 'ELOGO6' sent to object: 'Object Repository/Sayfalar/Giris_Sayfasi/Firma_Kodu'

2021-11-19 17:18:31 - [TEST_STEP][PASSED] - sendKeys(findTestObject("Sayfalar/Giris_Sayfasi/Sifre"), Sifre): Keys '123456' sent to object: 'Object Repository/Sayfalar/Giris_Sayfasi/Sifre'

2021-11-19 17:18:31 - [MESSAGE][INFO] - Finding Test Object 'Object Repository/Sayfalar/Giris_Sayfasi/Sifre'

2021-11-19 17:18:31 - [MESSAGE][INFO] - Sending keys '123456' to object: 'Object Repository/Sayfalar/Giris_Sayfasi/Sifre'

2021-11-19 17:18:31 - [MESSAGE][INFO] - Finding web element from Test Object's properties

2021-11-19 17:18:31 - [MESSAGE][INFO] - Checking timeout

2021-11-19 17:18:31 - [MESSAGE][INFO] - Finding web element with id: 'Object Repository/Sayfalar/Giris_Sayfasi/Sifre' located by 'By.xpath: //*[@id = 'Password']' in '30' second(s)

2021-11-19 17:18:31 - [MESSAGE][INFO] - Smart Wait Function is triggered

2021-11-19 17:18:31 - [MESSAGE][INFO] - Found 1 web elements with id: 'Object Repository/Sayfalar/Giris_Sayfasi/Sifre' located by 'By.xpath: //*[@id = 'Password']' in '30' second(s)

2021-11-19 17:18:32 - [MESSAGE][PASSED] - Keys '123456' sent to object: 'Object Repository/Sayfalar/Giris_Sayfasi/Sifre'

2021-11-19 17:18:32 - [TEST_STEP][PASSED] - findWebElement(findTestObject("Sayfalar/Giris_Sayfasi/Giris_Butonu")).click(): Found 1 web elements with id: 'Object Repository/Sayfalar/Giris_Sayfasi/Giris_Butonu' located by 'By.cssSelector: #btnLogin' in '30' second(s)

2021-11-19 17:18:32 - [MESSAGE][INFO] - Finding Test Object 'Object Repository/Sayfalar/Giris_Sayfasi/Giris_Butonu'

2021-11-19 17:18:32 - [MESSAGE][INFO] - Finding web element from Test Object's properties

2021-11-19 17:18:32 - [MESSAGE][INFO] - Checking timeout

2021-11-19 17:18:32 - [MESSAGE][INFO] - Finding web element with id: 'Object Repository/Sayfalar/Giris_Sayfasi/Giris_Butonu' located by 'By.cssSelector: #btnLogin' in '30' second(s)

2021-11-19 17:18:32 - [MESSAGE][INFO] - Smart Wait Function is triggered

2021-11-19 17:18:32 - [MESSAGE][INFO] - Found 1 web elements with id: 'Object Repository/Sayfalar/Giris_Sayfasi/Giris_Butonu' located by 'By.cssSelector: #btnLogin' in '30' second(s)

2021-11-19 17:18:35 - [TEST_STEP][PASSED] - if (verifyElementPresent(findTestObject("Object Repository/Sayfalar/Giris_Sayfasi/RetveTamam_Butonu"), 5, OPTIONAL)): null

2021-11-19 17:18:35 - [MESSAGE][INFO] - Finding Test Object 'Object Repository/Sayfalar/Giris_Sayfasi/RetveTamam_Butonu'

2021-11-19 17:18:35 - [MESSAGE][INFO] - Checking object

2021-11-19 17:18:35 - [MESSAGE][INFO] - Finding web element from Test Object's properties

2021-11-19 17:18:35 - [MESSAGE][INFO] - Checking timeout

2021-11-19 17:18:35 - [MESSAGE][INFO] - Finding web element with id: 'Object Repository/Sayfalar/Giris_Sayfasi/RetveTamam_Butonu' located by 'By.xpath: //*[@class = 'btn btn-default']' in '5' second(s)

2021-11-19 17:18:35 - [MESSAGE][INFO] - Smart Wait Function is triggered

2021-11-19 17:18:35 - [MESSAGE][INFO] - Found 1 web elements with id: 'Object Repository/Sayfalar/Giris_Sayfasi/RetveTamam_Butonu' located by 'By.xpath: //*[@class = 'btn btn-default']' in '5' second(s)

2021-11-19 17:18:35 - [MESSAGE][PASSED] - Object 'Object Repository/Sayfalar/Giris_Sayfasi/RetveTamam_Butonu' is present

2021-11-19 17:18:35 - [TEST_STEP][PASSED] - click(findTestObject("Object Repository/Sayfalar/Giris_Sayfasi/RetveTamam_Butonu")): Object: 'Object Repository/Sayfalar/Giris_Sayfasi/RetveTamam_Butonu' is clicked on

2021-11-19 17:18:35 - [MESSAGE][INFO] - Finding Test Object 'Object Repository/Sayfalar/Giris_Sayfasi/RetveTamam_Butonu'

2021-11-19 17:18:35 - [MESSAGE][INFO] - Checking object

2021-11-19 17:18:35 - [MESSAGE][INFO] - Finding web element from Test Object's properties

2021-11-19 17:18:35 - [MESSAGE][INFO] - Checking timeout

2021-11-19 17:18:35 - [MESSAGE][INFO] - Finding web element with id: 'Object Repository/Sayfalar/Giris_Sayfasi/RetveTamam_Butonu' located by 'By.xpath: //*[@class = 'btn btn-default']' in '30' second(s)

2021-11-19 17:18:35 - [MESSAGE][INFO] - Smart Wait Function is triggered

2021-11-19 17:18:36 - [MESSAGE][INFO] - Found 1 web elements with id: 'Object Repository/Sayfalar/Giris_Sayfasi/RetveTamam_Butonu' located by 'By.xpath: //*[@class = 'btn btn-default']' in '30' second(s)

2021-11-19 17:18:36 - [MESSAGE][INFO] - Clicking on object: 'Object Repository/Sayfalar/Giris_Sayfasi/RetveTamam_Butonu'

2021-11-19 17:18:36 - [MESSAGE][PASSED] - Object: 'Object Repository/Sayfalar/Giris_Sayfasi/RetveTamam_Butonu' is clicked on

2021-11-19 17:18:36 - [TEST_STEP][PASSED] - click(findTestObject("Object Repository/Sayfalar/Giris_Sayfasi/RetveTamam_Butonu")): Object: 'Object Repository/Sayfalar/Giris_Sayfasi/RetveTamam_Butonu' is clicked on

2021-11-19 17:18:36 - [MESSAGE][INFO] - Finding Test Object 'Object Repository/Sayfalar/Giris_Sayfasi/RetveTamam_Butonu'

2021-11-19 17:18:36 - [MESSAGE][INFO] - Checking object

2021-11-19 17:18:36 - [MESSAGE][INFO] - Finding web element from Test Object's properties

2021-11-19 17:18:36 - [MESSAGE][INFO] - Checking timeout

2021-11-19 17:18:36 - [MESSAGE][INFO] - Finding web element with id: 'Object Repository/Sayfalar/Giris_Sayfasi/RetveTamam_Butonu' located by 'By.xpath: //*[@class = 'btn btn-default']' in '30' second(s)

2021-11-19 17:18:36 - [MESSAGE][INFO] - Smart Wait Function is triggered

2021-11-19 17:18:40 - [MESSAGE][INFO] - Found 1 web elements with id: 'Object Repository/Sayfalar/Giris_Sayfasi/RetveTamam_Butonu' located by 'By.xpath: //*[@class = 'btn btn-default']' in '30' second(s)

2021-11-19 17:18:40 - [MESSAGE][INFO] - Clicking on object: 'Object Repository/Sayfalar/Giris_Sayfasi/RetveTamam_Butonu'

2021-11-19 17:18:40 - [MESSAGE][PASSED] - Object: 'Object Repository/Sayfalar/Giris_Sayfasi/RetveTamam_Butonu' is clicked on

2021-11-19 17:18:40 - [TEST_STEP][PASSED] - if (verifyElementPresent(findTestObject("Sayfalar/Giris_Sayfasi/PopupOK"), 5, OPTIONAL)): null

2021-11-19 17:18:40 - [MESSAGE][INFO] - Finding Test Object 'Object Repository/Sayfalar/Giris_Sayfasi/PopupOK'

2021-11-19 17:18:40 - [MESSAGE][INFO] - Checking object

2021-11-19 17:18:40 - [MESSAGE][INFO] - Finding web element from Test Object's properties

2021-11-19 17:18:40 - [MESSAGE][INFO] - Checking timeout

2021-11-19 17:18:40 - [MESSAGE][INFO] - Finding web element with id: 'Object Repository/Sayfalar/Giris_Sayfasi/PopupOK' located by 'By.cssSelector: .btn.btn-success' in '5' second(s)

2021-11-19 17:18:40 - [MESSAGE][INFO] - Smart Wait Function is triggered

2021-11-19 17:18:41 - [MESSAGE][INFO] - Found 1 web elements with id: 'Object Repository/Sayfalar/Giris_Sayfasi/PopupOK' located by 'By.cssSelector: .btn.btn-success' in '5' second(s)

2021-11-19 17:18:41 - [MESSAGE][PASSED] - Object 'Object Repository/Sayfalar/Giris_Sayfasi/PopupOK' is present

2021-11-19 17:18:41 - [TEST_STEP][PASSED] - click(findTestObject("Object Repository/Sayfalar/Giris_Sayfasi/PopupCarpiGiris")): Object: 'Object Repository/Sayfalar/Giris_Sayfasi/PopupCarpiGiris' is clicked on

2021-11-19 17:18:41 - [MESSAGE][INFO] - Finding Test Object 'Object Repository/Sayfalar/Giris_Sayfasi/PopupCarpiGiris'

2021-11-19 17:18:41 - [MESSAGE][INFO] - Checking object

2021-11-19 17:18:41 - [MESSAGE][INFO] - Finding web element from Test Object's properties

2021-11-19 17:18:41 - [MESSAGE][INFO] - Checking timeout

2021-11-19 17:18:41 - [MESSAGE][INFO] - Finding web element with id: 'Object Repository/Sayfalar/Giris_Sayfasi/PopupCarpiGiris' located by 'By.cssSelector: .bootbox-close-button.close' in '30' second(s)

2021-11-19 17:18:41 - [MESSAGE][INFO] - Smart Wait Function is triggered

2021-11-19 17:18:41 - [MESSAGE][INFO] - Found 1 web elements with id: 'Object Repository/Sayfalar/Giris_Sayfasi/PopupCarpiGiris' located by 'By.cssSelector: .bootbox-close-button.close' in '30' second(s)

2021-11-19 17:18:41 - [MESSAGE][INFO] - Clicking on object: 'Object Repository/Sayfalar/Giris_Sayfasi/PopupCarpiGiris'

2021-11-19 17:18:41 - [MESSAGE][PASSED] - Object: 'Object Repository/Sayfalar/Giris_Sayfasi/PopupCarpiGiris' is clicked on

2021-11-19 17:18:41 - [TEST_STEP][PASSED] - verifyElementVisible(findTestObject("Object Repository/Kullanici_Islemleri/KullaniciIslemleri")): Object 'Object Repository/Kullanici_Islemleri/KullaniciIslemleri' is visible

2021-11-19 17:18:41 - [MESSAGE][INFO] - Finding Test Object 'Object Repository/Kullanici_Islemleri/KullaniciIslemleri'

2021-11-19 17:18:41 - [MESSAGE][INFO] - Checking object

2021-11-19 17:18:41 - [MESSAGE][INFO] - Finding web element from Test Object's properties

2021-11-19 17:18:41 - [MESSAGE][INFO] - Checking timeout

2021-11-19 17:18:41 - [MESSAGE][INFO] - Finding web element with id: 'Object Repository/Kullanici_Islemleri/KullaniciIslemleri' located by 'By.cssSelector: .dropdown>a>img' in '30' second(s)

2021-11-19 17:18:41 - [MESSAGE][INFO] - Smart Wait Function is triggered

2021-11-19 17:18:42 - [MESSAGE][INFO] - Found 1 web elements with id: 'Object Repository/Kullanici_Islemleri/KullaniciIslemleri' located by 'By.cssSelector: .dropdown>a>img' in '30' second(s)

2021-11-19 17:18:42 - [MESSAGE][PASSED] - Object 'Object Repository/Kullanici_Islemleri/KullaniciIslemleri' is visible

2021-11-19 17:18:42 - [MESSAGE][PASSED] - Call Test Case 'Test Cases/Sayfalar/Giris_Sayfasi/Login' successfully

2021-11-19 17:18:42 - [MESSAGE][INFO] - Checking called Test Case

2021-11-19 17:18:42 - [MESSAGE][INFO] - Starting to call Test Case 'Test Cases/Menu/AnaMenuSecimi'

2021-11-19 17:18:42 - [TEST_CASE][PASSED] - Test Cases/Menu/AnaMenuSecimi: Test Cases/Menu/AnaMenuSecimi

2021-11-19 17:18:42 - [TEST_STEP][PASSED] - Method.TextDegerineEsitElementeTikla(findTestObject("Menu/Ana_Menu"), Ana_Menu): Method.TextDegerineEsitElementeTikla is PASSED

2021-11-19 17:18:42 - [MESSAGE][INFO] - Finding Test Object 'Object Repository/Menu/Ana_Menu'

2021-11-19 17:18:42 - [MESSAGE][INFO] - Checking timeout

2021-11-19 17:18:42 - [MESSAGE][INFO] - Finding web element with id: 'Object Repository/Menu/Ana_Menu' located by 'By.xpath: //*[@class = 'dropdown-toggle']' in '10' second(s)

2021-11-19 17:18:42 - [MESSAGE][INFO] - Smart Wait Function is triggered

2021-11-19 17:18:43 - [MESSAGE][INFO] - Found 14 web elements with id: 'Object Repository/Menu/Ana_Menu' located by 'By.xpath: //*[@class = 'dropdown-toggle']' in '10' second(s)

2021-11-19 17:18:43 - [MESSAGE][PASSED] - Method.TextDegerineEsitElementeTikla is PASSED

2021-11-19 17:18:43 - [MESSAGE][PASSED] - Call Test Case 'Test Cases/Menu/AnaMenuSecimi' successfully

2021-11-19 17:18:43 - [MESSAGE][INFO] - Checking called Test Case

2021-11-19 17:18:43 - [MESSAGE][INFO] - Starting to call Test Case 'Test Cases/Menu/AltMenuSecimi'

2021-11-19 17:18:43 - [TEST_CASE][PASSED] - Test Cases/Menu/AltMenuSecimi: Test Cases/Menu/AltMenuSecimi

2021-11-19 17:18:43 - [TEST_STEP][PASSED] - Method.TextDegerineEsitElementeTikla(findTestObject("Menu/Alt_Menu"), Alt_Menu): Method.TextDegerineEsitElementeTikla is PASSED

2021-11-19 17:18:43 - [MESSAGE][INFO] - Finding Test Object 'Object Repository/Menu/Alt_Menu'

2021-11-19 17:18:43 - [MESSAGE][INFO] - Checking timeout

2021-11-19 17:18:43 - [MESSAGE][INFO] - Finding web element with id: 'Object Repository/Menu/Alt_Menu' located by 'By.xpath: //li[@class='dropdown dropdown-large open']//li[@class='dropdown-element']' in '10' second(s)

2021-11-19 17:18:43 - [MESSAGE][INFO] - Smart Wait Function is triggered

2021-11-19 17:18:43 - [MESSAGE][INFO] - Found 2 web elements with id: 'Object Repository/Menu/Alt_Menu' located by 'By.xpath: //li[@class='dropdown dropdown-large open']//li[@class='dropdown-element']' in '10' second(s)

2021-11-19 17:18:45 - [MESSAGE][PASSED] - Method.TextDegerineEsitElementeTikla is PASSED

2021-11-19 17:18:45 - [MESSAGE][PASSED] - Call Test Case 'Test Cases/Menu/AltMenuSecimi' successfully

2021-11-19 17:18:45 - [MESSAGE][INFO] - Checking called Test Case

2021-11-19 17:18:45 - [MESSAGE][INFO] - Starting to call Test Case 'Test Cases/Filtreler/BaslangicYaz'

2021-11-19 17:18:45 - [TEST_CASE][PASSED] - Test Cases/Filtreler/BaslangicYaz: Test Cases/Filtreler/BaslangicYaz

2021-11-19 17:18:45 - [TEST_STEP][PASSED] - delay(3): Delayed 3 second(s)

2021-11-19 17:18:45 - [MESSAGE][INFO] - Delaying browser in 3 second(s)

2021-11-19 17:18:48 - [MESSAGE][PASSED] - Delayed 3 second(s)

2021-11-19 17:18:48 - [TEST_STEP][PASSED] - Method.TextDegerineEsitElementinAltindakineTikla(findTestObject("Filtreler/Basliklar"), findTestObject("Filtreler/Basliga_Gore_Baslangic_Image"), Filtre_Adi): Method.TextDegerineEsitElementinAltindakineTikla is PASSED

2021-11-19 17:18:48 - [MESSAGE][INFO] - Finding Test Object 'Object Repository/Filtreler/Basliklar'

2021-11-19 17:18:48 - [MESSAGE][INFO] - Finding Test Object 'Object Repository/Filtreler/Basliga_Gore_Baslangic_Image'

2021-11-19 17:18:48 - [MESSAGE][INFO] - Checking timeout

2021-11-19 17:18:48 - [MESSAGE][INFO] - Finding web element with id: 'Object Repository/Filtreler/Basliklar' located by 'By.cssSelector: .control-label.col-sm-4.paddingMarginRLC' in '10' second(s)

2021-11-19 17:18:48 - [MESSAGE][INFO] - Smart Wait Function is triggered

2021-11-19 17:18:49 - [MESSAGE][INFO] - Found 8 web elements with id: 'Object Repository/Filtreler/Basliklar' located by 'By.cssSelector: .control-label.col-sm-4.paddingMarginRLC' in '10' second(s)

2021-11-19 17:18:49 - [MESSAGE][INFO] - Smart Wait Function is triggered

2021-11-19 17:18:49 - [MESSAGE][PASSED] - Method.TextDegerineEsitElementinAltindakineTikla is PASSED

2021-11-19 17:18:49 - [TEST_STEP][PASSED] - Method.TextDegerineEsitElementinAltindakiTextboxtaYaz(findTestObject("Filtreler/Basliklar"), findTestObject("Filtreler/Basliga_Gore_Baslangic"), Filtre_Adi, Filtre_Degeri): Method.TextDegerineEsitElementinAltindakiTextboxtaYaz is PASSED

2021-11-19 17:18:49 - [MESSAGE][INFO] - Finding Test Object 'Object Repository/Filtreler/Basliklar'

2021-11-19 17:18:49 - [MESSAGE][INFO] - Finding Test Object 'Object Repository/Filtreler/Basliga_Gore_Baslangic'

2021-11-19 17:18:49 - [MESSAGE][INFO] - Checking timeout

2021-11-19 17:18:49 - [MESSAGE][INFO] - Finding web element with id: 'Object Repository/Filtreler/Basliklar' located by 'By.cssSelector: .control-label.col-sm-4.paddingMarginRLC' in '10' second(s)

2021-11-19 17:18:49 - [MESSAGE][INFO] - Smart Wait Function is triggered

2021-11-19 17:18:49 - [MESSAGE][INFO] - Found 8 web elements with id: 'Object Repository/Filtreler/Basliklar' located by 'By.cssSelector: .control-label.col-sm-4.paddingMarginRLC' in '10' second(s)

2021-11-19 17:18:50 - [MESSAGE][INFO] - Smart Wait Function is triggered

2021-11-19 17:18:50 - [MESSAGE][PASSED] - Method.TextDegerineEsitElementinAltindakiTextboxtaYaz is PASSED

2021-11-19 17:18:50 - [MESSAGE][PASSED] - Call Test Case 'Test Cases/Filtreler/BaslangicYaz' successfully

2021-11-19 17:18:50 - [MESSAGE][INFO] - Checking called Test Case

2021-11-19 17:18:50 - [MESSAGE][INFO] - Starting to call Test Case 'Test Cases/Filtreler/BitisYaz'

2021-11-19 17:18:50 - [TEST_CASE][PASSED] - Test Cases/Filtreler/BitisYaz: Test Cases/Filtreler/BitisYaz

2021-11-19 17:18:50 - [TEST_STEP][PASSED] - Method.TextDegerineEsitElementinAltindakineTikla(findTestObject("Filtreler/Basliklar"), findTestObject("Filtreler/Basliga_Gore_Bitis_Image"), Filtre_Adi): Method.TextDegerineEsitElementinAltindakineTikla is PASSED

2021-11-19 17:18:50 - [MESSAGE][INFO] - Finding Test Object 'Object Repository/Filtreler/Basliklar'

2021-11-19 17:18:50 - [MESSAGE][INFO] - Finding Test Object 'Object Repository/Filtreler/Basliga_Gore_Bitis_Image'

2021-11-19 17:18:50 - [MESSAGE][INFO] - Checking timeout

2021-11-19 17:18:50 - [MESSAGE][INFO] - Finding web element with id: 'Object Repository/Filtreler/Basliklar' located by 'By.cssSelector: .control-label.col-sm-4.paddingMarginRLC' in '10' second(s)

2021-11-19 17:18:50 - [MESSAGE][INFO] - Smart Wait Function is triggered

2021-11-19 17:18:51 - [MESSAGE][INFO] - Found 8 web elements with id: 'Object Repository/Filtreler/Basliklar' located by 'By.cssSelector: .control-label.col-sm-4.paddingMarginRLC' in '10' second(s)

2021-11-19 17:18:51 - [MESSAGE][INFO] - Smart Wait Function is triggered

2021-11-19 17:18:51 - [MESSAGE][PASSED] - Method.TextDegerineEsitElementinAltindakineTikla is PASSED

2021-11-19 17:18:51 - [TEST_STEP][PASSED] - Method.TextDegerineEsitElementinAltindakiTextboxtaYaz(findTestObject("Filtreler/Basliklar"), findTestObject("Object Repository/Filtreler/Basliga_Gore_Bitis"), Filtre_Adi, Filtre_Degeri): Method.TextDegerineEsitElementinAltindakiTextboxtaYaz is PASSED

2021-11-19 17:18:51 - [MESSAGE][INFO] - Finding Test Object 'Object Repository/Filtreler/Basliklar'

2021-11-19 17:18:51 - [MESSAGE][INFO] - Finding Test Object 'Object Repository/Filtreler/Basliga_Gore_Bitis'

2021-11-19 17:18:51 - [MESSAGE][INFO] - Checking timeout

2021-11-19 17:18:51 - [MESSAGE][INFO] - Finding web element with id: 'Object Repository/Filtreler/Basliklar' located by 'By.cssSelector: .control-label.col-sm-4.paddingMarginRLC' in '10' second(s)

2021-11-19 17:18:51 - [MESSAGE][INFO] - Smart Wait Function is triggered

2021-11-19 17:18:52 - [MESSAGE][INFO] - Found 8 web elements with id: 'Object Repository/Filtreler/Basliklar' located by 'By.cssSelector: .control-label.col-sm-4.paddingMarginRLC' in '10' second(s)

2021-11-19 17:18:52 - [MESSAGE][INFO] - Smart Wait Function is triggered

2021-11-19 17:18:52 - [MESSAGE][PASSED] - Method.TextDegerineEsitElementinAltindakiTextboxtaYaz is PASSED

2021-11-19 17:18:52 - [MESSAGE][PASSED] - Call Test Case 'Test Cases/Filtreler/BitisYaz' successfully

2021-11-19 17:18:52 - [MESSAGE][INFO] - Checking called Test Case

2021-11-19 17:18:52 - [MESSAGE][INFO] - Starting to call Test Case 'Test Cases/Filtreler/ButonaTikla'

2021-11-19 17:18:52 - [TEST_CASE][PASSED] - Test Cases/Filtreler/ButonaTikla: Test Cases/Filtreler/ButonaTikla

2021-11-19 17:18:52 - [TEST_STEP][PASSED] - Method.TextDegerineEsitElementeTikla(findTestObject("Filtreler/Butonlar"), Filtre_Buton): Method.TextDegerineEsitElementeTikla is PASSED

2021-11-19 17:18:52 - [MESSAGE][INFO] - Finding Test Object 'Object Repository/Filtreler/Butonlar'

2021-11-19 17:18:52 - [MESSAGE][INFO] - Checking timeout

2021-11-19 17:18:52 - [MESSAGE][INFO] - Finding web element with id: 'Object Repository/Filtreler/Butonlar' located by 'By.cssSelector: .dxb>span' in '10' second(s)

2021-11-19 17:18:52 - [MESSAGE][INFO] - Smart Wait Function is triggered

2021-11-19 17:18:53 - [MESSAGE][INFO] - Found 3 web elements with id: 'Object Repository/Filtreler/Butonlar' located by 'By.cssSelector: .dxb>span' in '10' second(s)

2021-11-19 17:18:53 - [MESSAGE][PASSED] - Method.TextDegerineEsitElementeTikla is PASSED

2021-11-19 17:18:53 - [MESSAGE][PASSED] - Call Test Case 'Test Cases/Filtreler/ButonaTikla' successfully

2021-11-19 17:18:53 - [MESSAGE][INFO] - Checking called Test Case

2021-11-19 17:18:53 - [MESSAGE][INFO] - Starting to call Test Case 'Test Cases/Tablo/TablodakiVeriDetayi'

2021-11-19 17:18:53 - [TEST_CASE][PASSED] - Test Cases/Tablo/TablodakiVeriDetayi: Test Cases/Tablo/TablodakiVeriDetayi

2021-11-19 17:18:53 - [TEST_STEP][PASSED] - Method.TextDegerineEsitElementinAltindakineTikla(findTestObject("Tablo/Veriler"), findTestObject("Object Repository/Tablo/VerininArtiButonu"), Veri_Adi): Method.TextDegerineEsitElementinAltindakineTikla is PASSED

2021-11-19 17:18:53 - [MESSAGE][INFO] - Finding Test Object 'Object Repository/Tablo/Veriler'

2021-11-19 17:18:53 - [MESSAGE][INFO] - Finding Test Object 'Object Repository/Tablo/VerininArtiButonu'

2021-11-19 17:18:53 - [MESSAGE][INFO] - Checking timeout

2021-11-19 17:18:53 - [MESSAGE][INFO] - Finding web element with id: 'Object Repository/Tablo/Veriler' located by 'By.cssSelector: td.dxgv b ,td.dxgv' in '10' second(s)

2021-11-19 17:18:53 - [MESSAGE][INFO] - Smart Wait Function is triggered

2021-11-19 17:18:53 - [MESSAGE][INFO] - Found 110 web elements with id: 'Object Repository/Tablo/Veriler' located by 'By.cssSelector: td.dxgv b ,td.dxgv' in '10' second(s)

2021-11-19 17:18:53 - [MESSAGE][INFO] - Smart Wait Function is triggered

2021-11-19 17:18:54 - [MESSAGE][PASSED] - Method.TextDegerineEsitElementinAltindakineTikla is PASSED

2021-11-19 17:18:54 - [MESSAGE][PASSED] - Call Test Case 'Test Cases/Tablo/TablodakiVeriDetayi' successfully

2021-11-19 17:18:54 - [MESSAGE][INFO] - Checking called Test Case

2021-11-19 17:18:54 - [MESSAGE][INFO] - Starting to call Test Case 'Test Cases/Tablo/TablodakiVeriDetayi'

2021-11-19 17:18:54 - [TEST_CASE][PASSED] - Test Cases/Tablo/TablodakiVeriDetayi: Test Cases/Tablo/TablodakiVeriDetayi

2021-11-19 17:18:54 - [TEST_STEP][PASSED] - Method.TextDegerineEsitElementinAltindakineTikla(findTestObject("Tablo/Veriler"), findTestObject("Object Repository/Tablo/VerininArtiButonu"), Veri_Adi): Method.TextDegerineEsitElementinAltindakineTikla is PASSED

2021-11-19 17:18:54 - [MESSAGE][INFO] - Finding Test Object 'Object Repository/Tablo/Veriler'

2021-11-19 17:18:54 - [MESSAGE][INFO] - Finding Test Object 'Object Repository/Tablo/VerininArtiButonu'

2021-11-19 17:18:54 - [MESSAGE][INFO] - Checking timeout

2021-11-19 17:18:54 - [MESSAGE][INFO] - Finding web element with id: 'Object Repository/Tablo/Veriler' located by 'By.cssSelector: td.dxgv b ,td.dxgv' in '10' second(s)

2021-11-19 17:18:54 - [MESSAGE][INFO] - Smart Wait Function is triggered

2021-11-19 17:18:54 - [MESSAGE][INFO] - Found 133 web elements with id: 'Object Repository/Tablo/Veriler' located by 'By.cssSelector: td.dxgv b ,td.dxgv' in '10' second(s)

2021-11-19 17:18:55 - [MESSAGE][INFO] - Smart Wait Function is triggered

2021-11-19 17:18:55 - [MESSAGE][PASSED] - Method.TextDegerineEsitElementinAltindakineTikla is PASSED

2021-11-19 17:18:55 - [MESSAGE][PASSED] - Call Test Case 'Test Cases/Tablo/TablodakiVeriDetayi' successfully

2021-11-19 17:18:55 - [MESSAGE][INFO] - Checking called Test Case

2021-11-19 17:18:55 - [MESSAGE][INFO] - Starting to call Test Case 'Test Cases/Butonlar/NumaraliSayfayaGec'

2021-11-19 17:18:55 - [TEST_CASE][PASSED] - Test Cases/Butonlar/NumaraliSayfayaGec: Test Cases/Butonlar/NumaraliSayfayaGec

2021-11-19 17:18:55 - [TEST_STEP][PASSED] - waitForElementClickable(findTestObject("Butonlar/SayfaNumarasi"), 10): Object 'Object Repository/Butonlar/SayfaNumarasi' is clickable

2021-11-19 17:18:55 - [MESSAGE][INFO] - Finding Test Object 'Object Repository/Butonlar/SayfaNumarasi'

2021-11-19 17:18:55 - [MESSAGE][INFO] - Checking object

2021-11-19 17:18:55 - [MESSAGE][INFO] - Checking timeout

2021-11-19 17:18:55 - [MESSAGE][INFO] - Finding web element from Test Object's properties

2021-11-19 17:18:55 - [MESSAGE][INFO] - Checking timeout

2021-11-19 17:18:55 - [MESSAGE][INFO] - Finding web element with id: 'Object Repository/Butonlar/SayfaNumarasi' located by 'By.cssSelector: .dxp-num' in '10' second(s)

2021-11-19 17:18:55 - [MESSAGE][INFO] - Smart Wait Function is triggered

2021-11-19 17:18:55 - [MESSAGE][INFO] - Found 3 web elements with id: 'Object Repository/Butonlar/SayfaNumarasi' located by 'By.cssSelector: .dxp-num' in '10' second(s)

2021-11-19 17:18:55 - [MESSAGE][PASSED] - Object 'Object Repository/Butonlar/SayfaNumarasi' is clickable

2021-11-19 17:18:55 - [TEST_STEP][PASSED] - Method.TextDegerineEsitElementeTiklaEquals(findTestObject("Butonlar/SayfaNumarasi"), SayfaNumarasi): Method.TextDegerineEsitElementeTiklaEquals is PASSED

2021-11-19 17:18:55 - [MESSAGE][INFO] - Finding Test Object 'Object Repository/Butonlar/SayfaNumarasi'

2021-11-19 17:18:56 - [MESSAGE][INFO] - Checking timeout

2021-11-19 17:18:56 - [MESSAGE][INFO] - Finding web element with id: 'Object Repository/Butonlar/SayfaNumarasi' located by 'By.cssSelector: .dxp-num' in '10' second(s)

2021-11-19 17:18:56 - [MESSAGE][INFO] - Smart Wait Function is triggered

2021-11-19 17:18:56 - [MESSAGE][INFO] - Found 3 web elements with id: 'Object Repository/Butonlar/SayfaNumarasi' located by 'By.cssSelector: .dxp-num' in '10' second(s)

2021-11-19 17:18:56 - [MESSAGE][PASSED] - Method.TextDegerineEsitElementeTiklaEquals is PASSED

2021-11-19 17:18:56 - [MESSAGE][PASSED] - Call Test Case 'Test Cases/Butonlar/NumaraliSayfayaGec' successfully

2021-11-19 17:18:56 - [MESSAGE][INFO] - Checking called Test Case

2021-11-19 17:18:56 - [MESSAGE][INFO] - Starting to call Test Case 'Test Cases/Butonlar/NumaraliSayfayaGec'

2021-11-19 17:18:56 - [TEST_CASE][PASSED] - Test Cases/Butonlar/NumaraliSayfayaGec: Test Cases/Butonlar/NumaraliSayfayaGec

2021-11-19 17:18:56 - [TEST_STEP][PASSED] - waitForElementClickable(findTestObject("Butonlar/SayfaNumarasi"), 10): Object 'Object Repository/Butonlar/SayfaNumarasi' is clickable

2021-11-19 17:18:56 - [MESSAGE][INFO] - Finding Test Object 'Object Repository/Butonlar/SayfaNumarasi'

2021-11-19 17:18:56 - [MESSAGE][INFO] - Checking object

2021-11-19 17:18:56 - [MESSAGE][INFO] - Checking timeout

2021-11-19 17:18:56 - [MESSAGE][INFO] - Finding web element from Test Object's properties

2021-11-19 17:18:56 - [MESSAGE][INFO] - Checking timeout

2021-11-19 17:18:56 - [MESSAGE][INFO] - Finding web element with id: 'Object Repository/Butonlar/SayfaNumarasi' located by 'By.cssSelector: .dxp-num' in '10' second(s)

2021-11-19 17:18:56 - [MESSAGE][INFO] - Smart Wait Function is triggered

2021-11-19 17:18:56 - [MESSAGE][INFO] - Found 3 web elements with id: 'Object Repository/Butonlar/SayfaNumarasi' located by 'By.cssSelector: .dxp-num' in '10' second(s)

2021-11-19 17:18:56 - [MESSAGE][PASSED] - Object 'Object Repository/Butonlar/SayfaNumarasi' is clickable

2021-11-19 17:18:56 - [TEST_STEP][PASSED] - Method.TextDegerineEsitElementeTiklaEquals(findTestObject("Butonlar/SayfaNumarasi"), SayfaNumarasi): Method.TextDegerineEsitElementeTiklaEquals is PASSED

2021-11-19 17:18:56 - [MESSAGE][INFO] - Finding Test Object 'Object Repository/Butonlar/SayfaNumarasi'

2021-11-19 17:18:57 - [MESSAGE][INFO] - Checking timeout

2021-11-19 17:18:57 - [MESSAGE][INFO] - Finding web element with id: 'Object Repository/Butonlar/SayfaNumarasi' located by 'By.cssSelector: .dxp-num' in '10' second(s)

2021-11-19 17:18:57 - [MESSAGE][INFO] - Smart Wait Function is triggered

2021-11-19 17:18:57 - [MESSAGE][INFO] - Found 3 web elements with id: 'Object Repository/Butonlar/SayfaNumarasi' located by 'By.cssSelector: .dxp-num' in '10' second(s)

2021-11-19 17:18:57 - [MESSAGE][PASSED] - Method.TextDegerineEsitElementeTiklaEquals is PASSED

2021-11-19 17:18:57 - [MESSAGE][PASSED] - Call Test Case 'Test Cases/Butonlar/NumaraliSayfayaGec' successfully

2021-11-19 17:18:57 - [MESSAGE][INFO] - Checking called Test Case

2021-11-19 17:18:57 - [MESSAGE][INFO] - Starting to call Test Case 'Test Cases/Butonlar/NumaraliSayfayaGec'

2021-11-19 17:18:57 - [TEST_CASE][PASSED] - Test Cases/Butonlar/NumaraliSayfayaGec: Test Cases/Butonlar/NumaraliSayfayaGec

2021-11-19 17:18:57 - [TEST_STEP][PASSED] - waitForElementClickable(findTestObject("Butonlar/SayfaNumarasi"), 10): Object 'Object Repository/Butonlar/SayfaNumarasi' is clickable

2021-11-19 17:18:57 - [MESSAGE][INFO] - Finding Test Object 'Object Repository/Butonlar/SayfaNumarasi'

2021-11-19 17:18:57 - [MESSAGE][INFO] - Checking object

2021-11-19 17:18:57 - [MESSAGE][INFO] - Checking timeout

2021-11-19 17:18:57 - [MESSAGE][INFO] - Finding web element from Test Object's properties

2021-11-19 17:18:57 - [MESSAGE][INFO] - Checking timeout

2021-11-19 17:18:57 - [MESSAGE][INFO] - Finding web element with id: 'Object Repository/Butonlar/SayfaNumarasi' located by 'By.cssSelector: .dxp-num' in '10' second(s)

2021-11-19 17:18:57 - [MESSAGE][INFO] - Smart Wait Function is triggered

2021-11-19 17:18:58 - [MESSAGE][INFO] - Found 3 web elements with id: 'Object Repository/Butonlar/SayfaNumarasi' located by 'By.cssSelector: .dxp-num' in '10' second(s)

2021-11-19 17:18:58 - [MESSAGE][PASSED] - Object 'Object Repository/Butonlar/SayfaNumarasi' is clickable

2021-11-19 17:18:58 - [TEST_STEP][PASSED] - Method.TextDegerineEsitElementeTiklaEquals(findTestObject("Butonlar/SayfaNumarasi"), SayfaNumarasi): Method.TextDegerineEsitElementeTiklaEquals is PASSED

2021-11-19 17:18:58 - [MESSAGE][INFO] - Finding Test Object 'Object Repository/Butonlar/SayfaNumarasi'

2021-11-19 17:18:58 - [MESSAGE][INFO] - Checking timeout

2021-11-19 17:18:58 - [MESSAGE][INFO] - Finding web element with id: 'Object Repository/Butonlar/SayfaNumarasi' located by 'By.cssSelector: .dxp-num' in '10' second(s)

2021-11-19 17:18:58 - [MESSAGE][INFO] - Smart Wait Function is triggered

2021-11-19 17:18:58 - [MESSAGE][INFO] - Found 3 web elements with id: 'Object Repository/Butonlar/SayfaNumarasi' located by 'By.cssSelector: .dxp-num' in '10' second(s)

2021-11-19 17:18:58 - [MESSAGE][PASSED] - Method.TextDegerineEsitElementeTiklaEquals is PASSED

2021-11-19 17:18:58 - [MESSAGE][PASSED] - Call Test Case 'Test Cases/Butonlar/NumaraliSayfayaGec' successfully

2021-11-19 17:18:58 - [MESSAGE][INFO] - Checking called Test Case

2021-11-19 17:18:58 - [MESSAGE][INFO] - Starting to call Test Case 'Test Cases/Butonlar/SayfaBoyutuZarflar'

2021-11-19 17:18:58 - [TEST_CASE][PASSED] - Test Cases/Butonlar/SayfaBoyutuZarflar: Test Cases/Butonlar/SayfaBoyutuZarflar

2021-11-19 17:18:58 - [TEST_STEP][PASSED] - click(findTestObject("Object Repository/Butonlar/SayfaBoyutuDropdownZarflar")): Object: 'Object Repository/Butonlar/SayfaBoyutuDropdownZarflar' is clicked on

2021-11-19 17:18:58 - [MESSAGE][INFO] - Finding Test Object 'Object Repository/Butonlar/SayfaBoyutuDropdownZarflar'

2021-11-19 17:18:58 - [MESSAGE][INFO] - Checking object

2021-11-19 17:18:58 - [MESSAGE][INFO] - Finding web element from Test Object's properties

2021-11-19 17:18:58 - [MESSAGE][INFO] - Checking timeout

2021-11-19 17:18:58 - [MESSAGE][INFO] - Finding web element with id: 'Object Repository/Butonlar/SayfaBoyutuDropdownZarflar' located by 'By.xpath: //*[@id="GridViewEnvelope_DXPagerBottom_DDB"]' in '30' second(s)

2021-11-19 17:18:58 - [MESSAGE][INFO] - Smart Wait Function is triggered

2021-11-19 17:18:59 - [MESSAGE][INFO] - Found 1 web elements with id: 'Object Repository/Butonlar/SayfaBoyutuDropdownZarflar' located by 'By.xpath: //*[@id="GridViewEnvelope_DXPagerBottom_DDB"]' in '30' second(s)

2021-11-19 17:18:59 - [MESSAGE][INFO] - Clicking on object: 'Object Repository/Butonlar/SayfaBoyutuDropdownZarflar'

2021-11-19 17:18:59 - [MESSAGE][PASSED] - Object: 'Object Repository/Butonlar/SayfaBoyutuDropdownZarflar' is clicked on

2021-11-19 17:18:59 - [TEST_STEP][PASSED] - Method.TextDegerineEsitElementeTikla(findTestObject("Butonlar/SayfaBoyutu"), SayfaBoyutu): Method.TextDegerineEsitElementeTikla is PASSED

2021-11-19 17:18:59 - [MESSAGE][INFO] - Finding Test Object 'Object Repository/Butonlar/SayfaBoyutu'

2021-11-19 17:18:59 - [MESSAGE][INFO] - Checking timeout

2021-11-19 17:18:59 - [MESSAGE][INFO] - Finding web element with id: 'Object Repository/Butonlar/SayfaBoyutu' located by 'By.cssSelector: .dxm-item .dx-vam' in '10' second(s)

2021-11-19 17:18:59 - [MESSAGE][INFO] - Smart Wait Function is triggered

2021-11-19 17:18:59 - [MESSAGE][INFO] - Found 3 web elements with id: 'Object Repository/Butonlar/SayfaBoyutu' located by 'By.cssSelector: .dxm-item .dx-vam' in '10' second(s)

2021-11-19 17:18:59 - [MESSAGE][PASSED] - Method.TextDegerineEsitElementeTikla is PASSED

2021-11-19 17:18:59 - [MESSAGE][PASSED] - Call Test Case 'Test Cases/Butonlar/SayfaBoyutuZarflar' successfully

2021-11-19 17:18:59 - [MESSAGE][INFO] - Checking called Test Case

2021-11-19 17:18:59 - [MESSAGE][INFO] - Starting to call Test Case 'Test Cases/Butonlar/SayfaBoyutuZarflar'

2021-11-19 17:18:59 - [TEST_CASE][PASSED] - Test Cases/Butonlar/SayfaBoyutuZarflar: Test Cases/Butonlar/SayfaBoyutuZarflar

2021-11-19 17:18:59 - [TEST_STEP][PASSED] - click(findTestObject("Object Repository/Butonlar/SayfaBoyutuDropdownZarflar")): Object: 'Object Repository/Butonlar/SayfaBoyutuDropdownZarflar' is clicked on

2021-11-19 17:18:59 - [MESSAGE][INFO] - Finding Test Object 'Object Repository/Butonlar/SayfaBoyutuDropdownZarflar'

2021-11-19 17:18:59 - [MESSAGE][INFO] - Checking object

2021-11-19 17:18:59 - [MESSAGE][INFO] - Finding web element from Test Object's properties

2021-11-19 17:18:59 - [MESSAGE][INFO] - Checking timeout

2021-11-19 17:18:59 - [MESSAGE][INFO] - Finding web element with id: 'Object Repository/Butonlar/SayfaBoyutuDropdownZarflar' located by 'By.xpath: //*[@id="GridViewEnvelope_DXPagerBottom_DDB"]' in '30' second(s)

2021-11-19 17:18:59 - [MESSAGE][INFO] - Smart Wait Function is triggered

2021-11-19 17:19:00 - [MESSAGE][INFO] - Found 1 web elements with id: 'Object Repository/Butonlar/SayfaBoyutuDropdownZarflar' located by 'By.xpath: //*[@id="GridViewEnvelope_DXPagerBottom_DDB"]' in '30' second(s)

2021-11-19 17:19:00 - [MESSAGE][INFO] - Clicking on object: 'Object Repository/Butonlar/SayfaBoyutuDropdownZarflar'

2021-11-19 17:19:00 - [MESSAGE][PASSED] - Object: 'Object Repository/Butonlar/SayfaBoyutuDropdownZarflar' is clicked on

2021-11-19 17:19:00 - [TEST_STEP][PASSED] - Method.TextDegerineEsitElementeTikla(findTestObject("Butonlar/SayfaBoyutu"), SayfaBoyutu): Method.TextDegerineEsitElementeTikla is PASSED

2021-11-19 17:19:00 - [MESSAGE][INFO] - Finding Test Object 'Object Repository/Butonlar/SayfaBoyutu'

2021-11-19 17:19:00 - [MESSAGE][INFO] - Checking timeout

2021-11-19 17:19:00 - [MESSAGE][INFO] - Finding web element with id: 'Object Repository/Butonlar/SayfaBoyutu' located by 'By.cssSelector: .dxm-item .dx-vam' in '10' second(s)

2021-11-19 17:19:00 - [MESSAGE][INFO] - Smart Wait Function is triggered

2021-11-19 17:19:00 - [MESSAGE][INFO] - Found 3 web elements with id: 'Object Repository/Butonlar/SayfaBoyutu' located by 'By.cssSelector: .dxm-item .dx-vam' in '10' second(s)

2021-11-19 17:19:00 - [MESSAGE][PASSED] - Method.TextDegerineEsitElementeTikla is PASSED

2021-11-19 17:19:00 - [MESSAGE][PASSED] - Call Test Case 'Test Cases/Butonlar/SayfaBoyutuZarflar' successfully

2021-11-19 17:19:00 - [MESSAGE][INFO] - Checking called Test Case

2021-11-19 17:19:00 - [MESSAGE][INFO] - Starting to call Test Case 'Test Cases/Butonlar/SayfaBoyutuZarflar'

2021-11-19 17:19:00 - [TEST_CASE][PASSED] - Test Cases/Butonlar/SayfaBoyutuZarflar: Test Cases/Butonlar/SayfaBoyutuZarflar

2021-11-19 17:19:00 - [TEST_STEP][PASSED] - click(findTestObject("Object Repository/Butonlar/SayfaBoyutuDropdownZarflar")): Object: 'Object Repository/Butonlar/SayfaBoyutuDropdownZarflar' is clicked on

2021-11-19 17:19:00 - [MESSAGE][INFO] - Finding Test Object 'Object Repository/Butonlar/SayfaBoyutuDropdownZarflar'

2021-11-19 17:19:01 - [MESSAGE][INFO] - Checking object

2021-11-19 17:19:01 - [MESSAGE][INFO] - Finding web element from Test Object's properties

2021-11-19 17:19:01 - [MESSAGE][INFO] - Checking timeout

2021-11-19 17:19:01 - [MESSAGE][INFO] - Finding web element with id: 'Object Repository/Butonlar/SayfaBoyutuDropdownZarflar' located by 'By.xpath: //*[@id="GridViewEnvelope_DXPagerBottom_DDB"]' in '30' second(s)

2021-11-19 17:19:01 - [MESSAGE][INFO] - Smart Wait Function is triggered

2021-11-19 17:19:01 - [MESSAGE][INFO] - Found 1 web elements with id: 'Object Repository/Butonlar/SayfaBoyutuDropdownZarflar' located by 'By.xpath: //*[@id="GridViewEnvelope_DXPagerBottom_DDB"]' in '30' second(s)

2021-11-19 17:19:01 - [MESSAGE][INFO] - Clicking on object: 'Object Repository/Butonlar/SayfaBoyutuDropdownZarflar'

2021-11-19 17:19:01 - [MESSAGE][PASSED] - Object: 'Object Repository/Butonlar/SayfaBoyutuDropdownZarflar' is clicked on

2021-11-19 17:19:01 - [TEST_STEP][PASSED] - Method.TextDegerineEsitElementeTikla(findTestObject("Butonlar/SayfaBoyutu"), SayfaBoyutu): Method.TextDegerineEsitElementeTikla is PASSED

2021-11-19 17:19:01 - [MESSAGE][INFO] - Finding Test Object 'Object Repository/Butonlar/SayfaBoyutu'

2021-11-19 17:19:01 - [MESSAGE][INFO] - Checking timeout

2021-11-19 17:19:01 - [MESSAGE][INFO] - Finding web element with id: 'Object Repository/Butonlar/SayfaBoyutu' located by 'By.cssSelector: .dxm-item .dx-vam' in '10' second(s)

2021-11-19 17:19:01 - [MESSAGE][INFO] - Smart Wait Function is triggered

2021-11-19 17:19:02 - [MESSAGE][INFO] - Found 3 web elements with id: 'Object Repository/Butonlar/SayfaBoyutu' located by 'By.cssSelector: .dxm-item .dx-vam' in '10' second(s)

2021-11-19 17:19:02 - [MESSAGE][PASSED] - Method.TextDegerineEsitElementeTikla is PASSED

2021-11-19 17:19:02 - [MESSAGE][PASSED] - Call Test Case 'Test Cases/Butonlar/SayfaBoyutuZarflar' successfully

2021-11-19 17:19:02 - [MESSAGE][INFO] - Checking called Test Case

2021-11-19 17:19:02 - [MESSAGE][INFO] - Starting to call Test Case 'Test Cases/Filtreler/FiltreVarMi'

2021-11-19 17:19:02 - [TEST_CASE][PASSED] - Test Cases/Filtreler/FiltreVarMi: Test Cases/Filtreler/FiltreVarMi

2021-11-19 17:19:02 - [TEST_STEP][PASSED] - Method.TextDegerineEsitElementVarMi(findTestObject("Filtreler/Basliklar"), Filtre_alan): Method.TextDegerineEsitElementVarMi is PASSED

2021-11-19 17:19:02 - [MESSAGE][INFO] - Finding Test Object 'Object Repository/Filtreler/Basliklar'

2021-11-19 17:19:02 - [MESSAGE][INFO] - Checking timeout

2021-11-19 17:19:02 - [MESSAGE][INFO] - Finding web element with id: 'Object Repository/Filtreler/Basliklar' located by 'By.cssSelector: .control-label.col-sm-4.paddingMarginRLC' in '10' second(s)

2021-11-19 17:19:02 - [MESSAGE][INFO] - Smart Wait Function is triggered

2021-11-19 17:19:02 - [MESSAGE][INFO] - Found 8 web elements with id: 'Object Repository/Filtreler/Basliklar' located by 'By.cssSelector: .control-label.col-sm-4.paddingMarginRLC' in '10' second(s)

2021-11-19 17:19:02 - [MESSAGE][PASSED] - Method.TextDegerineEsitElementVarMi is PASSED

2021-11-19 17:19:02 - [MESSAGE][PASSED] - Call Test Case 'Test Cases/Filtreler/FiltreVarMi' successfully

2021-11-19 17:19:02 - [MESSAGE][INFO] - Checking called Test Case

2021-11-19 17:19:02 - [MESSAGE][INFO] - Starting to call Test Case 'Test Cases/Filtreler/FiltreVarMi'

2021-11-19 17:19:02 - [TEST_CASE][PASSED] - Test Cases/Filtreler/FiltreVarMi: Test Cases/Filtreler/FiltreVarMi

2021-11-19 17:19:02 - [TEST_STEP][PASSED] - Method.TextDegerineEsitElementVarMi(findTestObject("Filtreler/Basliklar"), Filtre_alan): Method.TextDegerineEsitElementVarMi is PASSED

2021-11-19 17:19:02 - [MESSAGE][INFO] - Finding Test Object 'Object Repository/Filtreler/Basliklar'

2021-11-19 17:19:02 - [MESSAGE][INFO] - Checking timeout

2021-11-19 17:19:02 - [MESSAGE][INFO] - Finding web element with id: 'Object Repository/Filtreler/Basliklar' located by 'By.cssSelector: .control-label.col-sm-4.paddingMarginRLC' in '10' second(s)

2021-11-19 17:19:02 - [MESSAGE][INFO] - Smart Wait Function is triggered

2021-11-19 17:19:03 - [MESSAGE][INFO] - Found 8 web elements with id: 'Object Repository/Filtreler/Basliklar' located by 'By.cssSelector: .control-label.col-sm-4.paddingMarginRLC' in '10' second(s)

2021-11-19 17:19:03 - [MESSAGE][PASSED] - Method.TextDegerineEsitElementVarMi is PASSED

2021-11-19 17:19:03 - [MESSAGE][PASSED] - Call Test Case 'Test Cases/Filtreler/FiltreVarMi' successfully

2021-11-19 17:19:03 - [MESSAGE][INFO] - Checking called Test Case

2021-11-19 17:19:03 - [MESSAGE][INFO] - Starting to call Test Case 'Test Cases/Filtreler/FiltreVarMi'

2021-11-19 17:19:03 - [TEST_CASE][PASSED] - Test Cases/Filtreler/FiltreVarMi: Test Cases/Filtreler/FiltreVarMi

2021-11-19 17:19:03 - [TEST_STEP][PASSED] - Method.TextDegerineEsitElementVarMi(findTestObject("Filtreler/Basliklar"), Filtre_alan): Method.TextDegerineEsitElementVarMi is PASSED

2021-11-19 17:19:03 - [MESSAGE][INFO] - Finding Test Object 'Object Repository/Filtreler/Basliklar'

2021-11-19 17:19:03 - [MESSAGE][INFO] - Checking timeout

2021-11-19 17:19:03 - [MESSAGE][INFO] - Finding web element with id: 'Object Repository/Filtreler/Basliklar' located by 'By.cssSelector: .control-label.col-sm-4.paddingMarginRLC' in '10' second(s)

2021-11-19 17:19:03 - [MESSAGE][INFO] - Smart Wait Function is triggered

2021-11-19 17:19:03 - [MESSAGE][INFO] - Found 8 web elements with id: 'Object Repository/Filtreler/Basliklar' located by 'By.cssSelector: .control-label.col-sm-4.paddingMarginRLC' in '10' second(s)

2021-11-19 17:19:03 - [MESSAGE][PASSED] - Method.TextDegerineEsitElementVarMi is PASSED

2021-11-19 17:19:03 - [MESSAGE][PASSED] - Call Test Case 'Test Cases/Filtreler/FiltreVarMi' successfully

2021-11-19 17:19:03 - [MESSAGE][INFO] - Checking called Test Case

2021-11-19 17:19:03 - [MESSAGE][INFO] - Starting to call Test Case 'Test Cases/Filtreler/FiltreVarMi'

2021-11-19 17:19:03 - [TEST_CASE][PASSED] - Test Cases/Filtreler/FiltreVarMi: Test Cases/Filtreler/FiltreVarMi

2021-11-19 17:19:03 - [TEST_STEP][PASSED] - Method.TextDegerineEsitElementVarMi(findTestObject("Filtreler/Basliklar"), Filtre_alan): Method.TextDegerineEsitElementVarMi is PASSED

2021-11-19 17:19:03 - [MESSAGE][INFO] - Finding Test Object 'Object Repository/Filtreler/Basliklar'

2021-11-19 17:19:03 - [MESSAGE][INFO] - Checking timeout

2021-11-19 17:19:03 - [MESSAGE][INFO] - Finding web element with id: 'Object Repository/Filtreler/Basliklar' located by 'By.cssSelector: .control-label.col-sm-4.paddingMarginRLC' in '10' second(s)

2021-11-19 17:19:03 - [MESSAGE][INFO] - Smart Wait Function is triggered

2021-11-19 17:19:04 - [MESSAGE][INFO] - Found 8 web elements with id: 'Object Repository/Filtreler/Basliklar' located by 'By.cssSelector: .control-label.col-sm-4.paddingMarginRLC' in '10' second(s)

2021-11-19 17:19:04 - [MESSAGE][PASSED] - Method.TextDegerineEsitElementVarMi is PASSED

2021-11-19 17:19:04 - [MESSAGE][PASSED] - Call Test Case 'Test Cases/Filtreler/FiltreVarMi' successfully

2021-11-19 17:19:04 - [MESSAGE][INFO] - Checking called Test Case

2021-11-19 17:19:04 - [MESSAGE][INFO] - Starting to call Test Case 'Test Cases/Filtreler/FiltreVarMi'

2021-11-19 17:19:04 - [TEST_CASE][PASSED] - Test Cases/Filtreler/FiltreVarMi: Test Cases/Filtreler/FiltreVarMi

2021-11-19 17:19:04 - [TEST_STEP][PASSED] - Method.TextDegerineEsitElementVarMi(findTestObject("Filtreler/Basliklar"), Filtre_alan): Method.TextDegerineEsitElementVarMi is PASSED

2021-11-19 17:19:04 - [MESSAGE][INFO] - Finding Test Object 'Object Repository/Filtreler/Basliklar'

2021-11-19 17:19:04 - [MESSAGE][INFO] - Checking timeout

2021-11-19 17:19:04 - [MESSAGE][INFO] - Finding web element with id: 'Object Repository/Filtreler/Basliklar' located by 'By.cssSelector: .control-label.col-sm-4.paddingMarginRLC' in '10' second(s)

2021-11-19 17:19:04 - [MESSAGE][INFO] - Smart Wait Function is triggered

2021-11-19 17:19:04 - [MESSAGE][INFO] - Found 8 web elements with id: 'Object Repository/Filtreler/Basliklar' located by 'By.cssSelector: .control-label.col-sm-4.paddingMarginRLC' in '10' second(s)

2021-11-19 17:19:04 - [MESSAGE][PASSED] - Method.TextDegerineEsitElementVarMi is PASSED

2021-11-19 17:19:04 - [MESSAGE][PASSED] - Call Test Case 'Test Cases/Filtreler/FiltreVarMi' successfully

2021-11-19 17:19:04 - [MESSAGE][INFO] - Checking called Test Case

2021-11-19 17:19:04 - [MESSAGE][INFO] - Starting to call Test Case 'Test Cases/Filtreler/FiltreVarMi'

2021-11-19 17:19:04 - [TEST_CASE][PASSED] - Test Cases/Filtreler/FiltreVarMi: Test Cases/Filtreler/FiltreVarMi

2021-11-19 17:19:04 - [TEST_STEP][PASSED] - Method.TextDegerineEsitElementVarMi(findTestObject("Filtreler/Basliklar"), Filtre_alan): Method.TextDegerineEsitElementVarMi is PASSED

2021-11-19 17:19:04 - [MESSAGE][INFO] - Finding Test Object 'Object Repository/Filtreler/Basliklar'

2021-11-19 17:19:05 - [MESSAGE][INFO] - Checking timeout

2021-11-19 17:19:05 - [MESSAGE][INFO] - Finding web element with id: 'Object Repository/Filtreler/Basliklar' located by 'By.cssSelector: .control-label.col-sm-4.paddingMarginRLC' in '10' second(s)

2021-11-19 17:19:05 - [MESSAGE][INFO] - Smart Wait Function is triggered

2021-11-19 17:19:05 - [MESSAGE][INFO] - Found 8 web elements with id: 'Object Repository/Filtreler/Basliklar' located by 'By.cssSelector: .control-label.col-sm-4.paddingMarginRLC' in '10' second(s)

2021-11-19 17:19:05 - [MESSAGE][PASSED] - Method.TextDegerineEsitElementVarMi is PASSED

2021-11-19 17:19:05 - [MESSAGE][PASSED] - Call Test Case 'Test Cases/Filtreler/FiltreVarMi' successfully

2021-11-19 17:19:05 - [MESSAGE][INFO] - Checking called Test Case

2021-11-19 17:19:05 - [MESSAGE][INFO] - Starting to call Test Case 'Test Cases/Filtreler/FiltreVarMi'

2021-11-19 17:19:05 - [TEST_CASE][PASSED] - Test Cases/Filtreler/FiltreVarMi: Test Cases/Filtreler/FiltreVarMi

2021-11-19 17:19:05 - [TEST_STEP][PASSED] - Method.TextDegerineEsitElementVarMi(findTestObject("Filtreler/Basliklar"), Filtre_alan): Method.TextDegerineEsitElementVarMi is PASSED

2021-11-19 17:19:05 - [MESSAGE][INFO] - Finding Test Object 'Object Repository/Filtreler/Basliklar'

2021-11-19 17:19:05 - [MESSAGE][INFO] - Checking timeout

2021-11-19 17:19:05 - [MESSAGE][INFO] - Finding web element with id: 'Object Repository/Filtreler/Basliklar' located by 'By.cssSelector: .control-label.col-sm-4.paddingMarginRLC' in '10' second(s)

2021-11-19 17:19:05 - [MESSAGE][INFO] - Smart Wait Function is triggered

2021-11-19 17:19:06 - [MESSAGE][INFO] - Found 8 web elements with id: 'Object Repository/Filtreler/Basliklar' located by 'By.cssSelector: .control-label.col-sm-4.paddingMarginRLC' in '10' second(s)

2021-11-19 17:19:06 - [MESSAGE][PASSED] - Method.TextDegerineEsitElementVarMi is PASSED

2021-11-19 17:19:06 - [MESSAGE][PASSED] - Call Test Case 'Test Cases/Filtreler/FiltreVarMi' successfully

2021-11-19 17:19:06 - [MESSAGE][INFO] - Checking called Test Case

2021-11-19 17:19:06 - [MESSAGE][INFO] - Starting to call Test Case 'Test Cases/Filtreler/FiltreVarMi'

2021-11-19 17:19:06 - [TEST_CASE][PASSED] - Test Cases/Filtreler/FiltreVarMi: Test Cases/Filtreler/FiltreVarMi

2021-11-19 17:19:06 - [TEST_STEP][PASSED] - Method.TextDegerineEsitElementVarMi(findTestObject("Filtreler/Basliklar"), Filtre_alan): Method.TextDegerineEsitElementVarMi is PASSED

2021-11-19 17:19:06 - [MESSAGE][INFO] - Finding Test Object 'Object Repository/Filtreler/Basliklar'

2021-11-19 17:19:06 - [MESSAGE][INFO] - Checking timeout

2021-11-19 17:19:06 - [MESSAGE][INFO] - Finding web element with id: 'Object Repository/Filtreler/Basliklar' located by 'By.cssSelector: .control-label.col-sm-4.paddingMarginRLC' in '10' second(s)

2021-11-19 17:19:06 - [MESSAGE][INFO] - Smart Wait Function is triggered

2021-11-19 17:19:06 - [MESSAGE][INFO] - Found 8 web elements with id: 'Object Repository/Filtreler/Basliklar' located by 'By.cssSelector: .control-label.col-sm-4.paddingMarginRLC' in '10' second(s)

2021-11-19 17:19:06 - [MESSAGE][PASSED] - Method.TextDegerineEsitElementVarMi is PASSED

2021-11-19 17:19:06 - [MESSAGE][PASSED] - Call Test Case 'Test Cases/Filtreler/FiltreVarMi' successfully

2021-11-19 17:19:06 - [MESSAGE][INFO] - Checking called Test Case

2021-11-19 17:19:06 - [MESSAGE][INFO] - Starting to call Test Case 'Test Cases/Filtreler/ButonVarMi'

2021-11-19 17:19:06 - [TEST_CASE][PASSED] - Test Cases/Filtreler/ButonVarMi: Test Cases/Filtreler/ButonVarMi

2021-11-19 17:19:06 - [TEST_STEP][PASSED] - Method.TextDegerineEsitElementVarMi(findTestObject("Filtreler/Butonlar"), Filtre_Buton): Method.TextDegerineEsitElementVarMi is PASSED

2021-11-19 17:19:06 - [MESSAGE][INFO] - Finding Test Object 'Object Repository/Filtreler/Butonlar'

2021-11-19 17:19:06 - [MESSAGE][INFO] - Checking timeout

2021-11-19 17:19:06 - [MESSAGE][INFO] - Finding web element with id: 'Object Repository/Filtreler/Butonlar' located by 'By.cssSelector: .dxb>span' in '10' second(s)

2021-11-19 17:19:06 - [MESSAGE][INFO] - Smart Wait Function is triggered

2021-11-19 17:19:07 - [MESSAGE][INFO] - Found 3 web elements with id: 'Object Repository/Filtreler/Butonlar' located by 'By.cssSelector: .dxb>span' in '10' second(s)

2021-11-19 17:19:07 - [MESSAGE][PASSED] - Method.TextDegerineEsitElementVarMi is PASSED

2021-11-19 17:19:07 - [MESSAGE][PASSED] - Call Test Case 'Test Cases/Filtreler/ButonVarMi' successfully

2021-11-19 17:19:07 - [MESSAGE][INFO] - Checking called Test Case

2021-11-19 17:19:07 - [MESSAGE][INFO] - Starting to call Test Case 'Test Cases/Filtreler/ButonVarMi'

2021-11-19 17:19:07 - [TEST_CASE][PASSED] - Test Cases/Filtreler/ButonVarMi: Test Cases/Filtreler/ButonVarMi

2021-11-19 17:19:07 - [TEST_STEP][PASSED] - Method.TextDegerineEsitElementVarMi(findTestObject("Filtreler/Butonlar"), Filtre_Buton): Method.TextDegerineEsitElementVarMi is PASSED

2021-11-19 17:19:07 - [MESSAGE][INFO] - Finding Test Object 'Object Repository/Filtreler/Butonlar'

2021-11-19 17:19:07 - [MESSAGE][INFO] - Checking timeout

2021-11-19 17:19:07 - [MESSAGE][INFO] - Finding web element with id: 'Object Repository/Filtreler/Butonlar' located by 'By.cssSelector: .dxb>span' in '10' second(s)

2021-11-19 17:19:07 - [MESSAGE][INFO] - Smart Wait Function is triggered

2021-11-19 17:19:07 - [MESSAGE][INFO] - Found 3 web elements with id: 'Object Repository/Filtreler/Butonlar' located by 'By.cssSelector: .dxb>span' in '10' second(s)

2021-11-19 17:19:07 - [MESSAGE][PASSED] - Method.TextDegerineEsitElementVarMi is PASSED

2021-11-19 17:19:07 - [MESSAGE][PASSED] - Call Test Case 'Test Cases/Filtreler/ButonVarMi' successfully

2021-11-19 17:19:07 - [MESSAGE][INFO] - Checking called Test Case

2021-11-19 17:19:07 - [MESSAGE][INFO] - Starting to call Test Case 'Test Cases/Filtreler/ButonVarMi'

2021-11-19 17:19:07 - [TEST_CASE][PASSED] - Test Cases/Filtreler/ButonVarMi: Test Cases/Filtreler/ButonVarMi

2021-11-19 17:19:07 - [TEST_STEP][PASSED] - Method.TextDegerineEsitElementVarMi(findTestObject("Filtreler/Butonlar"), Filtre_Buton): Method.TextDegerineEsitElementVarMi is PASSED

2021-11-19 17:19:07 - [MESSAGE][INFO] - Finding Test Object 'Object Repository/Filtreler/Butonlar'

2021-11-19 17:19:07 - [MESSAGE][INFO] - Checking timeout

2021-11-19 17:19:07 - [MESSAGE][INFO] - Finding web element with id: 'Object Repository/Filtreler/Butonlar' located by 'By.cssSelector: .dxb>span' in '10' second(s)

2021-11-19 17:19:07 - [MESSAGE][INFO] - Smart Wait Function is triggered

2021-11-19 17:19:08 - [MESSAGE][INFO] - Found 3 web elements with id: 'Object Repository/Filtreler/Butonlar' located by 'By.cssSelector: .dxb>span' in '10' second(s)

2021-11-19 17:19:08 - [MESSAGE][PASSED] - Method.TextDegerineEsitElementVarMi is PASSED

2021-11-19 17:19:08 - [MESSAGE][PASSED] - Call Test Case 'Test Cases/Filtreler/ButonVarMi' successfully

2021-11-19 17:19:08 - [MESSAGE][INFO] - Checking called Test Case

2021-11-19 17:19:08 - [MESSAGE][INFO] - Starting to call Test Case 'Test Cases/Butonlar/ButonVarMi'

2021-11-19 17:19:08 - [TEST_CASE][PASSED] - Test Cases/Butonlar/ButonVarMi: Test Cases/Butonlar/ButonVarMi

2021-11-19 17:19:08 - [TEST_STEP][PASSED] - Method.TextDegerineEsitElementVarMi(findTestObject("Butonlar/Butonlar"), Buton): Method.TextDegerineEsitElementVarMi is PASSED

2021-11-19 17:19:08 - [MESSAGE][INFO] - Finding Test Object 'Object Repository/Butonlar/Butonlar'

2021-11-19 17:19:08 - [MESSAGE][INFO] - Checking timeout

2021-11-19 17:19:08 - [MESSAGE][INFO] - Finding web element with id: 'Object Repository/Butonlar/Butonlar' located by 'By.cssSelector: .panel.panel-default.text-center.footerPanel .btn,.btn.btn-primary.btnControls' in '10' second(s)

2021-11-19 17:19:08 - [MESSAGE][INFO] - Smart Wait Function is triggered

2021-11-19 17:19:08 - [MESSAGE][INFO] - Found 6 web elements with id: 'Object Repository/Butonlar/Butonlar' located by 'By.cssSelector: .panel.panel-default.text-center.footerPanel .btn,.btn.btn-primary.btnControls' in '10' second(s)

2021-11-19 17:19:08 - [MESSAGE][PASSED] - Method.TextDegerineEsitElementVarMi is PASSED

2021-11-19 17:19:08 - [MESSAGE][PASSED] - Call Test Case 'Test Cases/Butonlar/ButonVarMi' successfully

2021-11-19 17:19:08 - [MESSAGE][INFO] - Checking called Test Case

2021-11-19 17:19:08 - [MESSAGE][INFO] - Starting to call Test Case 'Test Cases/Butonlar/ButonVarMi'

2021-11-19 17:19:08 - [TEST_CASE][PASSED] - Test Cases/Butonlar/ButonVarMi: Test Cases/Butonlar/ButonVarMi

2021-11-19 17:19:08 - [TEST_STEP][PASSED] - Method.TextDegerineEsitElementVarMi(findTestObject("Butonlar/Butonlar"), Buton): Method.TextDegerineEsitElementVarMi is PASSED

2021-11-19 17:19:08 - [MESSAGE][INFO] - Finding Test Object 'Object Repository/Butonlar/Butonlar'

2021-11-19 17:19:08 - [MESSAGE][INFO] - Checking timeout

2021-11-19 17:19:08 - [MESSAGE][INFO] - Finding web element with id: 'Object Repository/Butonlar/Butonlar' located by 'By.cssSelector: .panel.panel-default.text-center.footerPanel .btn,.btn.btn-primary.btnControls' in '10' second(s)

2021-11-19 17:19:08 - [MESSAGE][INFO] - Smart Wait Function is triggered

2021-11-19 17:19:09 - [MESSAGE][INFO] - Found 6 web elements with id: 'Object Repository/Butonlar/Butonlar' located by 'By.cssSelector: .panel.panel-default.text-center.footerPanel .btn,.btn.btn-primary.btnControls' in '10' second(s)

2021-11-19 17:19:09 - [MESSAGE][PASSED] - Method.TextDegerineEsitElementVarMi is PASSED

2021-11-19 17:19:09 - [MESSAGE][PASSED] - Call Test Case 'Test Cases/Butonlar/ButonVarMi' successfully

2021-11-19 17:19:09 - [MESSAGE][INFO] - Checking called Test Case

2021-11-19 17:19:09 - [MESSAGE][INFO] - Starting to call Test Case 'Test Cases/Butonlar/ButonVarMi'

2021-11-19 17:19:09 - [TEST_CASE][PASSED] - Test Cases/Butonlar/ButonVarMi: Test Cases/Butonlar/ButonVarMi

2021-11-19 17:19:09 - [TEST_STEP][PASSED] - Method.TextDegerineEsitElementVarMi(findTestObject("Butonlar/Butonlar"), Buton): Method.TextDegerineEsitElementVarMi is PASSED

2021-11-19 17:19:09 - [MESSAGE][INFO] - Finding Test Object 'Object Repository/Butonlar/Butonlar'

2021-11-19 17:19:09 - [MESSAGE][INFO] - Checking timeout

2021-11-19 17:19:09 - [MESSAGE][INFO] - Finding web element with id: 'Object Repository/Butonlar/Butonlar' located by 'By.cssSelector: .panel.panel-default.text-center.footerPanel .btn,.btn.btn-primary.btnControls' in '10' second(s)

2021-11-19 17:19:09 - [MESSAGE][INFO] - Smart Wait Function is triggered

2021-11-19 17:19:09 - [MESSAGE][INFO] - Found 6 web elements with id: 'Object Repository/Butonlar/Butonlar' located by 'By.cssSelector: .panel.panel-default.text-center.footerPanel .btn,.btn.btn-primary.btnControls' in '10' second(s)

2021-11-19 17:19:09 - [MESSAGE][PASSED] - Method.TextDegerineEsitElementVarMi is PASSED

2021-11-19 17:19:09 - [MESSAGE][PASSED] - Call Test Case 'Test Cases/Butonlar/ButonVarMi' successfully

2021-11-19 17:19:09 - [MESSAGE][INFO] - Checking called Test Case

2021-11-19 17:19:09 - [MESSAGE][INFO] - Starting to call Test Case 'Test Cases/Butonlar/ButonVarMi'

2021-11-19 17:19:09 - [TEST_CASE][PASSED] - Test Cases/Butonlar/ButonVarMi: Test Cases/Butonlar/ButonVarMi

2021-11-19 17:19:09 - [TEST_STEP][PASSED] - Method.TextDegerineEsitElementVarMi(findTestObject("Butonlar/Butonlar"), Buton): Method.TextDegerineEsitElementVarMi is PASSED

2021-11-19 17:19:09 - [MESSAGE][INFO] - Finding Test Object 'Object Repository/Butonlar/Butonlar'

2021-11-19 17:19:10 - [MESSAGE][INFO] - Checking timeout

2021-11-19 17:19:10 - [MESSAGE][INFO] - Finding web element with id: 'Object Repository/Butonlar/Butonlar' located by 'By.cssSelector: .panel.panel-default.text-center.footerPanel .btn,.btn.btn-primary.btnControls' in '10' second(s)

2021-11-19 17:19:10 - [MESSAGE][INFO] - Smart Wait Function is triggered

2021-11-19 17:19:10 - [MESSAGE][INFO] - Found 6 web elements with id: 'Object Repository/Butonlar/Butonlar' located by 'By.cssSelector: .panel.panel-default.text-center.footerPanel .btn,.btn.btn-primary.btnControls' in '10' second(s)

2021-11-19 17:19:10 - [MESSAGE][PASSED] - Method.TextDegerineEsitElementVarMi is PASSED

2021-11-19 17:19:10 - [MESSAGE][PASSED] - Call Test Case 'Test Cases/Butonlar/ButonVarMi' successfully

2021-11-19 17:19:10 - [MESSAGE][INFO] - Checking called Test Case

2021-11-19 17:19:10 - [MESSAGE][INFO] - Starting to call Test Case 'Test Cases/Butonlar/ButonVarMi'

2021-11-19 17:19:10 - [TEST_CASE][PASSED] - Test Cases/Butonlar/ButonVarMi: Test Cases/Butonlar/ButonVarMi

2021-11-19 17:19:10 - [TEST_STEP][PASSED] - Method.TextDegerineEsitElementVarMi(findTestObject("Butonlar/Butonlar"), Buton): Method.TextDegerineEsitElementVarMi is PASSED

2021-11-19 17:19:10 - [MESSAGE][INFO] - Finding Test Object 'Object Repository/Butonlar/Butonlar'

2021-11-19 17:19:10 - [MESSAGE][INFO] - Checking timeout

2021-11-19 17:19:10 - [MESSAGE][INFO] - Finding web element with id: 'Object Repository/Butonlar/Butonlar' located by 'By.cssSelector: .panel.panel-default.text-center.footerPanel .btn,.btn.btn-primary.btnControls' in '10' second(s)

2021-11-19 17:19:10 - [MESSAGE][INFO] - Smart Wait Function is triggered

2021-11-19 17:19:10 - [MESSAGE][INFO] - Found 6 web elements with id: 'Object Repository/Butonlar/Butonlar' located by 'By.cssSelector: .panel.panel-default.text-center.footerPanel .btn,.btn.btn-primary.btnControls' in '10' second(s)

2021-11-19 17:19:10 - [MESSAGE][PASSED] - Method.TextDegerineEsitElementVarMi is PASSED

2021-11-19 17:19:10 - [MESSAGE][PASSED] - Call Test Case 'Test Cases/Butonlar/ButonVarMi' successfully

2021-11-19 17:19:10 - [MESSAGE][INFO] - Checking called Test Case

2021-11-19 17:19:10 - [MESSAGE][INFO] - Starting to call Test Case 'Test Cases/Butonlar/ButonaTikla'

2021-11-19 17:19:10 - [TEST_CASE][PASSED] - Test Cases/Butonlar/ButonaTikla: Test Cases/Butonlar/ButonaTikla

2021-11-19 17:19:10 - [TEST_STEP][PASSED] - Method.TextDegerineEsitElementeTiklaEquals(findTestObject("Butonlar/Butonlar"), Buton_Adi): Method.TextDegerineEsitElementeTiklaEquals is PASSED

2021-11-19 17:19:10 - [MESSAGE][INFO] - Finding Test Object 'Object Repository/Butonlar/Butonlar'

2021-11-19 17:19:10 - [MESSAGE][INFO] - Checking timeout

2021-11-19 17:19:10 - [MESSAGE][INFO] - Finding web element with id: 'Object Repository/Butonlar/Butonlar' located by 'By.cssSelector: .panel.panel-default.text-center.footerPanel .btn,.btn.btn-primary.btnControls' in '10' second(s)

2021-11-19 17:19:10 - [MESSAGE][INFO] - Smart Wait Function is triggered

2021-11-19 17:19:11 - [MESSAGE][INFO] - Found 6 web elements with id: 'Object Repository/Butonlar/Butonlar' located by 'By.cssSelector: .panel.panel-default.text-center.footerPanel .btn,.btn.btn-primary.btnControls' in '10' second(s)

2021-11-19 17:19:11 - [MESSAGE][PASSED] - Method.TextDegerineEsitElementeTiklaEquals is PASSED

2021-11-19 17:19:11 - [MESSAGE][PASSED] - Call Test Case 'Test Cases/Butonlar/ButonaTikla' successfully

2021-11-19 17:19:11 - [MESSAGE][INFO] - Checking called Test Case

2021-11-19 17:19:11 - [MESSAGE][INFO] - Starting to call Test Case 'Test Cases/Butonlar/AltButonVarMi'

2021-11-19 17:19:11 - [TEST_CASE][PASSED] - Test Cases/Butonlar/AltButonVarMi: Test Cases/Butonlar/AltButonVarMi

2021-11-19 17:19:11 - [TEST_STEP][PASSED] - Method.TextDegerineEsitElementVarMi(findTestObject("Butonlar/AltButonlar"), AltButon): Method.TextDegerineEsitElementVarMi is PASSED

2021-11-19 17:19:11 - [MESSAGE][INFO] - Finding Test Object 'Object Repository/Butonlar/AltButonlar'

2021-11-19 17:19:11 - [MESSAGE][INFO] - Checking timeout

2021-11-19 17:19:11 - [MESSAGE][INFO] - Finding web element with id: 'Object Repository/Butonlar/AltButonlar' located by 'By.cssSelector: .btn-group.open li>a' in '10' second(s)

2021-11-19 17:19:11 - [MESSAGE][INFO] - Smart Wait Function is triggered

2021-11-19 17:19:11 - [MESSAGE][INFO] - Found 2 web elements with id: 'Object Repository/Butonlar/AltButonlar' located by 'By.cssSelector: .btn-group.open li>a' in '10' second(s)

2021-11-19 17:19:11 - [MESSAGE][PASSED] - Method.TextDegerineEsitElementVarMi is PASSED

2021-11-19 17:19:11 - [MESSAGE][PASSED] - Call Test Case 'Test Cases/Butonlar/AltButonVarMi' successfully

2021-11-19 17:19:11 - [MESSAGE][INFO] - Checking called Test Case

2021-11-19 17:19:11 - [MESSAGE][INFO] - Starting to call Test Case 'Test Cases/Butonlar/AltButonVarMi'

2021-11-19 17:19:11 - [TEST_CASE][PASSED] - Test Cases/Butonlar/AltButonVarMi: Test Cases/Butonlar/AltButonVarMi

2021-11-19 17:19:11 - [TEST_STEP][PASSED] - Method.TextDegerineEsitElementVarMi(findTestObject("Butonlar/AltButonlar"), AltButon): Method.TextDegerineEsitElementVarMi is PASSED

2021-11-19 17:19:11 - [MESSAGE][INFO] - Finding Test Object 'Object Repository/Butonlar/AltButonlar'

2021-11-19 17:19:12 - [MESSAGE][INFO] - Checking timeout

2021-11-19 17:19:12 - [MESSAGE][INFO] - Finding web element with id: 'Object Repository/Butonlar/AltButonlar' located by 'By.cssSelector: .btn-group.open li>a' in '10' second(s)

2021-11-19 17:19:12 - [MESSAGE][INFO] - Smart Wait Function is triggered

2021-11-19 17:19:12 - [MESSAGE][INFO] - Found 2 web elements with id: 'Object Repository/Butonlar/AltButonlar' located by 'By.cssSelector: .btn-group.open li>a' in '10' second(s)

2021-11-19 17:19:12 - [MESSAGE][PASSED] - Method.TextDegerineEsitElementVarMi is PASSED

2021-11-19 17:19:12 - [MESSAGE][PASSED] - Call Test Case 'Test Cases/Butonlar/AltButonVarMi' successfully

2021-11-19 17:19:12 - [MESSAGE][INFO] - Checking called Test Case

2021-11-19 17:19:12 - [MESSAGE][INFO] - Starting to call Test Case 'Test Cases/Butonlar/ButonaTikla'

2021-11-19 17:19:12 - [TEST_CASE][PASSED] - Test Cases/Butonlar/ButonaTikla: Test Cases/Butonlar/ButonaTikla

2021-11-19 17:19:12 - [TEST_STEP][PASSED] - Method.TextDegerineEsitElementeTiklaEquals(findTestObject("Butonlar/Butonlar"), Buton_Adi): Method.TextDegerineEsitElementeTiklaEquals is PASSED

2021-11-19 17:19:12 - [MESSAGE][INFO] - Finding Test Object 'Object Repository/Butonlar/Butonlar'

2021-11-19 17:19:12 - [MESSAGE][INFO] - Checking timeout

2021-11-19 17:19:12 - [MESSAGE][INFO] - Finding web element with id: 'Object Repository/Butonlar/Butonlar' located by 'By.cssSelector: .panel.panel-default.text-center.footerPanel .btn,.btn.btn-primary.btnControls' in '10' second(s)

2021-11-19 17:19:12 - [MESSAGE][INFO] - Smart Wait Function is triggered

2021-11-19 17:19:12 - [MESSAGE][INFO] - Found 6 web elements with id: 'Object Repository/Butonlar/Butonlar' located by 'By.cssSelector: .panel.panel-default.text-center.footerPanel .btn,.btn.btn-primary.btnControls' in '10' second(s)

2021-11-19 17:19:12 - [MESSAGE][PASSED] - Method.TextDegerineEsitElementeTiklaEquals is PASSED

2021-11-19 17:19:12 - [MESSAGE][PASSED] - Call Test Case 'Test Cases/Butonlar/ButonaTikla' successfully

2021-11-19 17:19:12 - [MESSAGE][INFO] - Checking called Test Case

2021-11-19 17:19:12 - [MESSAGE][INFO] - Starting to call Test Case 'Test Cases/Butonlar/AltButonVarMi'

2021-11-19 17:19:12 - [TEST_CASE][PASSED] - Test Cases/Butonlar/AltButonVarMi: Test Cases/Butonlar/AltButonVarMi

2021-11-19 17:19:12 - [TEST_STEP][PASSED] - Method.TextDegerineEsitElementVarMi(findTestObject("Butonlar/AltButonlar"), AltButon): Method.TextDegerineEsitElementVarMi is PASSED

2021-11-19 17:19:12 - [MESSAGE][INFO] - Finding Test Object 'Object Repository/Butonlar/AltButonlar'

2021-11-19 17:19:13 - [MESSAGE][INFO] - Checking timeout

2021-11-19 17:19:13 - [MESSAGE][INFO] - Finding web element with id: 'Object Repository/Butonlar/AltButonlar' located by 'By.cssSelector: .btn-group.open li>a' in '10' second(s)

2021-11-19 17:19:13 - [MESSAGE][INFO] - Smart Wait Function is triggered

2021-11-19 17:19:13 - [MESSAGE][INFO] - Found 2 web elements with id: 'Object Repository/Butonlar/AltButonlar' located by 'By.cssSelector: .btn-group.open li>a' in '10' second(s)

2021-11-19 17:19:13 - [MESSAGE][PASSED] - Method.TextDegerineEsitElementVarMi is PASSED

2021-11-19 17:19:13 - [MESSAGE][PASSED] - Call Test Case 'Test Cases/Butonlar/AltButonVarMi' successfully

2021-11-19 17:19:13 - [MESSAGE][INFO] - Checking called Test Case

2021-11-19 17:19:13 - [MESSAGE][INFO] - Starting to call Test Case 'Test Cases/Butonlar/AltButonVarMi'

2021-11-19 17:19:13 - [TEST_CASE][PASSED] - Test Cases/Butonlar/AltButonVarMi: Test Cases/Butonlar/AltButonVarMi

2021-11-19 17:19:13 - [TEST_STEP][PASSED] - Method.TextDegerineEsitElementVarMi(findTestObject("Butonlar/AltButonlar"), AltButon): Method.TextDegerineEsitElementVarMi is PASSED

2021-11-19 17:19:13 - [MESSAGE][INFO] - Finding Test Object 'Object Repository/Butonlar/AltButonlar'

2021-11-19 17:19:13 - [MESSAGE][INFO] - Checking timeout

2021-11-19 17:19:13 - [MESSAGE][INFO] - Finding web element with id: 'Object Repository/Butonlar/AltButonlar' located by 'By.cssSelector: .btn-group.open li>a' in '10' second(s)

2021-11-19 17:19:13 - [MESSAGE][INFO] - Smart Wait Function is triggered

2021-11-19 17:19:13 - [MESSAGE][INFO] - Found 2 web elements with id: 'Object Repository/Butonlar/AltButonlar' located by 'By.cssSelector: .btn-group.open li>a' in '10' second(s)

2021-11-19 17:19:13 - [MESSAGE][PASSED] - Method.TextDegerineEsitElementVarMi is PASSED

2021-11-19 17:19:13 - [MESSAGE][PASSED] - Call Test Case 'Test Cases/Butonlar/AltButonVarMi' successfully

2021-11-19 17:19:13 - [MESSAGE][INFO] - Checking called Test Case

2021-11-19 17:19:13 - [MESSAGE][INFO] - Starting to call Test Case 'Test Cases/Butonlar/ButonaTikla'

2021-11-19 17:19:13 - [TEST_CASE][PASSED] - Test Cases/Butonlar/ButonaTikla: Test Cases/Butonlar/ButonaTikla

2021-11-19 17:19:13 - [TEST_STEP][PASSED] - Method.TextDegerineEsitElementeTiklaEquals(findTestObject("Butonlar/Butonlar"), Buton_Adi): Method.TextDegerineEsitElementeTiklaEquals is PASSED

2021-11-19 17:19:13 - [MESSAGE][INFO] - Finding Test Object 'Object Repository/Butonlar/Butonlar'

2021-11-19 17:19:13 - [MESSAGE][INFO] - Checking timeout

2021-11-19 17:19:13 - [MESSAGE][INFO] - Finding web element with id: 'Object Repository/Butonlar/Butonlar' located by 'By.cssSelector: .panel.panel-default.text-center.footerPanel .btn,.btn.btn-primary.btnControls' in '10' second(s)

2021-11-19 17:19:13 - [MESSAGE][INFO] - Smart Wait Function is triggered

2021-11-19 17:19:14 - [MESSAGE][INFO] - Found 6 web elements with id: 'Object Repository/Butonlar/Butonlar' located by 'By.cssSelector: .panel.panel-default.text-center.footerPanel .btn,.btn.btn-primary.btnControls' in '10' second(s)

2021-11-19 17:19:14 - [MESSAGE][PASSED] - Method.TextDegerineEsitElementeTiklaEquals is PASSED

2021-11-19 17:19:14 - [MESSAGE][PASSED] - Call Test Case 'Test Cases/Butonlar/ButonaTikla' successfully

2021-11-19 17:19:14 - [MESSAGE][INFO] - Checking called Test Case

2021-11-19 17:19:14 - [MESSAGE][INFO] - Starting to call Test Case 'Test Cases/Butonlar/AltButonVarMi'

2021-11-19 17:19:14 - [TEST_CASE][PASSED] - Test Cases/Butonlar/AltButonVarMi: Test Cases/Butonlar/AltButonVarMi

2021-11-19 17:19:14 - [TEST_STEP][PASSED] - Method.TextDegerineEsitElementVarMi(findTestObject("Butonlar/AltButonlar"), AltButon): Method.TextDegerineEsitElementVarMi is PASSED

2021-11-19 17:19:14 - [MESSAGE][INFO] - Finding Test Object 'Object Repository/Butonlar/AltButonlar'

2021-11-19 17:19:14 - [MESSAGE][INFO] - Checking timeout

2021-11-19 17:19:14 - [MESSAGE][INFO] - Finding web element with id: 'Object Repository/Butonlar/AltButonlar' located by 'By.cssSelector: .btn-group.open li>a' in '10' second(s)

2021-11-19 17:19:14 - [MESSAGE][INFO] - Smart Wait Function is triggered

2021-11-19 17:19:14 - [MESSAGE][INFO] - Found 1 web elements with id: 'Object Repository/Butonlar/AltButonlar' located by 'By.cssSelector: .btn-group.open li>a' in '10' second(s)

2021-11-19 17:19:15 - [MESSAGE][PASSED] - Method.TextDegerineEsitElementVarMi is PASSED

2021-11-19 17:19:15 - [MESSAGE][PASSED] - Call Test Case 'Test Cases/Butonlar/AltButonVarMi' successfully

2021-11-19 17:19:15 - [MESSAGE][INFO] - Checking called Test Case

2021-11-19 17:19:15 - [MESSAGE][INFO] - Starting to call Test Case 'Test Cases/Tablo/TablodakiVeriDetayi'

2021-11-19 17:19:15 - [TEST_CASE][PASSED] - Test Cases/Tablo/TablodakiVeriDetayi: Test Cases/Tablo/TablodakiVeriDetayi

2021-11-19 17:19:15 - [TEST_STEP][PASSED] - Method.TextDegerineEsitElementinAltindakineTikla(findTestObject("Tablo/Veriler"), findTestObject("Object Repository/Tablo/VerininArtiButonu"), Veri_Adi): Method.TextDegerineEsitElementinAltindakineTikla is PASSED

2021-11-19 17:19:15 - [MESSAGE][INFO] - Finding Test Object 'Object Repository/Tablo/Veriler'

2021-11-19 17:19:15 - [MESSAGE][INFO] - Finding Test Object 'Object Repository/Tablo/VerininArtiButonu'

2021-11-19 17:19:15 - [MESSAGE][INFO] - Checking timeout

2021-11-19 17:19:15 - [MESSAGE][INFO] - Finding web element with id: 'Object Repository/Tablo/Veriler' located by 'By.cssSelector: td.dxgv b ,td.dxgv' in '10' second(s)

2021-11-19 17:19:15 - [MESSAGE][INFO] - Smart Wait Function is triggered

2021-11-19 17:19:15 - [MESSAGE][INFO] - Found 110 web elements with id: 'Object Repository/Tablo/Veriler' located by 'By.cssSelector: td.dxgv b ,td.dxgv' in '10' second(s)

2021-11-19 17:19:15 - [MESSAGE][INFO] - Smart Wait Function is triggered

2021-11-19 17:19:16 - [MESSAGE][PASSED] - Method.TextDegerineEsitElementinAltindakineTikla is PASSED

2021-11-19 17:19:16 - [MESSAGE][PASSED] - Call Test Case 'Test Cases/Tablo/TablodakiVeriDetayi' successfully

2021-11-19 17:19:16 - [MESSAGE][INFO] - Checking called Test Case

2021-11-19 17:19:16 - [MESSAGE][INFO] - Starting to call Test Case 'Test Cases/Tablo/ZarfaGitGidenZarflar'

2021-11-19 17:19:16 - [TEST_CASE][PASSED] - Test Cases/Tablo/ZarfaGitGidenZarflar: Test Cases/Tablo/ZarfaGitGidenZarflar

2021-11-19 17:19:16 - [TEST_STEP][PASSED] - waitForElementPresent(findTestObject("Object Repository/Tablo/ZarfaGitGiden"), 10, STOP_ON_FAILURE): Object 'Object Repository/Tablo/ZarfaGitGiden' is present

2021-11-19 17:19:16 - [MESSAGE][INFO] - Finding Test Object 'Object Repository/Tablo/ZarfaGitGiden'

2021-11-19 17:19:17 - [MESSAGE][INFO] - Checking object

2021-11-19 17:19:17 - [MESSAGE][INFO] - Finding web element from Test Object's properties

2021-11-19 17:19:17 - [MESSAGE][INFO] - Checking timeout

2021-11-19 17:19:17 - [MESSAGE][INFO] - Finding web element with id: 'Object Repository/Tablo/ZarfaGitGiden' located by 'By.xpath: //*[@id="GridViewSubEnvelope115944654_tccell0_0"]/a' in '10' second(s)

2021-11-19 17:19:17 - [MESSAGE][INFO] - Smart Wait Function is triggered

2021-11-19 17:19:17 - [MESSAGE][INFO] - Found 1 web elements with id: 'Object Repository/Tablo/ZarfaGitGiden' located by 'By.xpath: //*[@id="GridViewSubEnvelope115944654_tccell0_0"]/a' in '10' second(s)

2021-11-19 17:19:17 - [MESSAGE][PASSED] - Object 'Object Repository/Tablo/ZarfaGitGiden' is present

2021-11-19 17:19:17 - [TEST_STEP][PASSED] - click(findTestObject("Object Repository/Tablo/ZarfaGitGiden"), STOP_ON_FAILURE): Object: 'Object Repository/Tablo/ZarfaGitGiden' is clicked on

2021-11-19 17:19:17 - [MESSAGE][INFO] - Finding Test Object 'Object Repository/Tablo/ZarfaGitGiden'

2021-11-19 17:19:17 - [MESSAGE][INFO] - Checking object

2021-11-19 17:19:17 - [MESSAGE][INFO] - Finding web element from Test Object's properties

2021-11-19 17:19:17 - [MESSAGE][INFO] - Checking timeout

2021-11-19 17:19:17 - [MESSAGE][INFO] - Finding web element with id: 'Object Repository/Tablo/ZarfaGitGiden' located by 'By.xpath: //*[@id="GridViewSubEnvelope115944654_tccell0_0"]/a' in '30' second(s)

2021-11-19 17:19:17 - [MESSAGE][INFO] - Smart Wait Function is triggered

2021-11-19 17:19:17 - [MESSAGE][INFO] - Found 1 web elements with id: 'Object Repository/Tablo/ZarfaGitGiden' located by 'By.xpath: //*[@id="GridViewSubEnvelope115944654_tccell0_0"]/a' in '30' second(s)

2021-11-19 17:19:17 - [MESSAGE][INFO] - Clicking on object: 'Object Repository/Tablo/ZarfaGitGiden'

2021-11-19 17:19:17 - [MESSAGE][PASSED] - Object: 'Object Repository/Tablo/ZarfaGitGiden' is clicked on

2021-11-19 17:19:17 - [MESSAGE][PASSED] - Call Test Case 'Test Cases/Tablo/ZarfaGitGidenZarflar' successfully

2021-11-19 17:19:17 - [MESSAGE][INFO] - Checking called Test Case

2021-11-19 17:19:17 - [MESSAGE][INFO] - Starting to call Test Case 'Test Cases/Sekmeler/YeniSekmeyeGec'

2021-11-19 17:19:17 - [TEST_CASE][PASSED] - Test Cases/Sekmeler/YeniSekmeyeGec: Test Cases/Sekmeler/YeniSekmeyeGec

2021-11-19 17:19:17 - [TEST_STEP][PASSED] - switchToWindowIndex(1): Switched to window with index: '1'

2021-11-19 17:19:17 - [MESSAGE][INFO] - Checking index

2021-11-19 17:19:17 - [MESSAGE][INFO] - Switching window with index: '1'

2021-11-19 17:19:17 - [MESSAGE][PASSED] - Switched to window with index: '1'

2021-11-19 17:19:17 - [MESSAGE][PASSED] - Call Test Case 'Test Cases/Sekmeler/YeniSekmeyeGec' successfully

2021-11-19 17:19:17 - [MESSAGE][INFO] - Checking called Test Case

2021-11-19 17:19:17 - [MESSAGE][INFO] - Starting to call Test Case 'Test Cases/Tablo/TablodaVeriVarMi'

2021-11-19 17:19:17 - [TEST_CASE][PASSED] - Test Cases/Tablo/TablodaVeriVarMi: Test Cases/Tablo/TablodaVeriVarMi

2021-11-19 17:19:17 - [TEST_STEP][PASSED] - verifyTextNotPresent("Görüntülenecek veri yok", true): Text 'Görüntülenecek veri yok' is not present on page using regular expression

2021-11-19 17:19:17 - [MESSAGE][INFO] - Checking text present  using regular expression

2021-11-19 17:19:17 - [MESSAGE][INFO] - Smart Wait Function is triggered

2021-11-19 17:19:19 - [MESSAGE][INFO] - Finding text 'Görüntülenecek veri yok' on page  using regular expression

2021-11-19 17:19:19 - [MESSAGE][PASSED] - Text 'Görüntülenecek veri yok' is not present on page using regular expression

2021-11-19 17:19:19 - [MESSAGE][PASSED] - Call Test Case 'Test Cases/Tablo/TablodaVeriVarMi' successfully

2021-11-19 17:19:19 - [MESSAGE][INFO] - Checking called Test Case

2021-11-19 17:19:19 - [MESSAGE][INFO] - Starting to call Test Case 'Test Cases/Sekmeler/Ana_Sekmeye_Gec'

2021-11-19 17:19:19 - [TEST_CASE][PASSED] - Test Cases/Sekmeler/Ana_Sekmeye_Gec: Test Cases/Sekmeler/Ana_Sekmeye_Gec

2021-11-19 17:19:19 - [TEST_STEP][PASSED] - try: Window with index 1 is closed

2021-11-19 17:19:19 - [TEST_STEP][PASSED] - index = getWindowIndex(): Current window's index is: 1

2021-11-19 17:19:19 - [MESSAGE][INFO] - Getting current window's index

2021-11-19 17:19:19 - [MESSAGE][PASSED] - Current window's index is: 1

2021-11-19 17:19:19 - [TEST_STEP][PASSED] - closeWindowIndex(index): Window with index 1 is closed

2021-11-19 17:19:19 - [MESSAGE][INFO] - Checking index

2021-11-19 17:19:19 - [MESSAGE][INFO] - Closing window with index 1

2021-11-19 17:19:19 - [MESSAGE][PASSED] - Window with index 1 is closed

2021-11-19 17:19:19 - [TEST_STEP][PASSED] - switchToWindowIndex(0): Switched to window with index: '0'

2021-11-19 17:19:19 - [MESSAGE][INFO] - Checking index

2021-11-19 17:19:19 - [MESSAGE][INFO] - Switching window with index: '0'

2021-11-19 17:19:19 - [MESSAGE][PASSED] - Switched to window with index: '0'

2021-11-19 17:19:19 - [MESSAGE][PASSED] - Call Test Case 'Test Cases/Sekmeler/Ana_Sekmeye_Gec' successfully

2021-11-19 17:19:19 - [MESSAGE][INFO] - Checking called Test Case

2021-11-19 17:19:19 - [MESSAGE][INFO] - Starting to call Test Case 'Test Cases/Tablo/TablodakiVeriDetayi'

2021-11-19 17:19:19 - [TEST_CASE][PASSED] - Test Cases/Tablo/TablodakiVeriDetayi: Test Cases/Tablo/TablodakiVeriDetayi

2021-11-19 17:19:19 - [TEST_STEP][PASSED] - Method.TextDegerineEsitElementinAltindakineTikla(findTestObject("Tablo/Veriler"), findTestObject("Object Repository/Tablo/VerininArtiButonu"), Veri_Adi): Method.TextDegerineEsitElementinAltindakineTikla is PASSED

2021-11-19 17:19:19 - [MESSAGE][INFO] - Finding Test Object 'Object Repository/Tablo/Veriler'

2021-11-19 17:19:19 - [MESSAGE][INFO] - Finding Test Object 'Object Repository/Tablo/VerininArtiButonu'

2021-11-19 17:19:19 - [MESSAGE][INFO] - Checking timeout

2021-11-19 17:19:19 - [MESSAGE][INFO] - Finding web element with id: 'Object Repository/Tablo/Veriler' located by 'By.cssSelector: td.dxgv b ,td.dxgv' in '10' second(s)

2021-11-19 17:19:19 - [MESSAGE][INFO] - Smart Wait Function is triggered

2021-11-19 17:19:19 - [MESSAGE][INFO] - Found 133 web elements with id: 'Object Repository/Tablo/Veriler' located by 'By.cssSelector: td.dxgv b ,td.dxgv' in '10' second(s)

2021-11-19 17:19:19 - [MESSAGE][INFO] - Smart Wait Function is triggered

2021-11-19 17:19:20 - [MESSAGE][PASSED] - Method.TextDegerineEsitElementinAltindakineTikla is PASSED

2021-11-19 17:19:20 - [MESSAGE][PASSED] - Call Test Case 'Test Cases/Tablo/TablodakiVeriDetayi' successfully

2021-11-19 17:19:20 - [MESSAGE][INFO] - Checking called Test Case

2021-11-19 17:19:20 - [MESSAGE][INFO] - Starting to call Test Case 'Test Cases/Kullanici_Islemleri/KullaniciIslemlerindenSecimYapilir'

2021-11-19 17:19:20 - [TEST_CASE][PASSED] - Test Cases/Kullanici_Islemleri/KullaniciIslemlerindenSecimYapilir: Test Cases/Kullanici_Islemleri/KullaniciIslemlerindenSecimYapilir

2021-11-19 17:19:20 - [TEST_STEP][PASSED] - waitForElementClickable(findTestObject("Object Repository/Kullanici_Islemleri/KullaniciIslemleri"), 10): Object 'Object Repository/Kullanici_Islemleri/KullaniciIslemleri' is clickable

2021-11-19 17:19:20 - [MESSAGE][INFO] - Finding Test Object 'Object Repository/Kullanici_Islemleri/KullaniciIslemleri'

2021-11-19 17:19:20 - [MESSAGE][INFO] - Checking object

2021-11-19 17:19:20 - [MESSAGE][INFO] - Checking timeout

2021-11-19 17:19:20 - [MESSAGE][INFO] - Finding web element from Test Object's properties

2021-11-19 17:19:20 - [MESSAGE][INFO] - Checking timeout

2021-11-19 17:19:20 - [MESSAGE][INFO] - Finding web element with id: 'Object Repository/Kullanici_Islemleri/KullaniciIslemleri' located by 'By.cssSelector: .dropdown>a>img' in '10' second(s)

2021-11-19 17:19:20 - [MESSAGE][INFO] - Smart Wait Function is triggered

2021-11-19 17:19:20 - [MESSAGE][INFO] - Found 1 web elements with id: 'Object Repository/Kullanici_Islemleri/KullaniciIslemleri' located by 'By.cssSelector: .dropdown>a>img' in '10' second(s)

2021-11-19 17:19:21 - [MESSAGE][PASSED] - Object 'Object Repository/Kullanici_Islemleri/KullaniciIslemleri' is clickable

2021-11-19 17:19:21 - [TEST_STEP][PASSED] - click(findTestObject("Object Repository/Kullanici_Islemleri/KullaniciIslemleri")): Object: 'Object Repository/Kullanici_Islemleri/KullaniciIslemleri' is clicked on

2021-11-19 17:19:21 - [MESSAGE][INFO] - Finding Test Object 'Object Repository/Kullanici_Islemleri/KullaniciIslemleri'

2021-11-19 17:19:21 - [MESSAGE][INFO] - Checking object

2021-11-19 17:19:21 - [MESSAGE][INFO] - Finding web element from Test Object's properties

2021-11-19 17:19:21 - [MESSAGE][INFO] - Checking timeout

2021-11-19 17:19:21 - [MESSAGE][INFO] - Finding web element with id: 'Object Repository/Kullanici_Islemleri/KullaniciIslemleri' located by 'By.cssSelector: .dropdown>a>img' in '30' second(s)

2021-11-19 17:19:21 - [MESSAGE][INFO] - Smart Wait Function is triggered

2021-11-19 17:19:21 - [MESSAGE][INFO] - Found 1 web elements with id: 'Object Repository/Kullanici_Islemleri/KullaniciIslemleri' located by 'By.cssSelector: .dropdown>a>img' in '30' second(s)

2021-11-19 17:19:21 - [MESSAGE][INFO] - Clicking on object: 'Object Repository/Kullanici_Islemleri/KullaniciIslemleri'

2021-11-19 17:19:21 - [MESSAGE][PASSED] - Object: 'Object Repository/Kullanici_Islemleri/KullaniciIslemleri' is clicked on

2021-11-19 17:19:21 - [TEST_STEP][PASSED] - Method.TextDegerineEsitElementeTikla(findTestObject("Object Repository/Kullanici_Islemleri/Secenekler"), Islem): Method.TextDegerineEsitElementeTikla is PASSED

2021-11-19 17:19:21 - [MESSAGE][INFO] - Finding Test Object 'Object Repository/Kullanici_Islemleri/Secenekler'

2021-11-19 17:19:21 - [MESSAGE][INFO] - Checking timeout

2021-11-19 17:19:21 - [MESSAGE][INFO] - Finding web element with id: 'Object Repository/Kullanici_Islemleri/Secenekler' located by 'By.cssSelector: .nav.navbar-nav.navbar-right li a' in '10' second(s)

2021-11-19 17:19:21 - [MESSAGE][INFO] - Smart Wait Function is triggered

2021-11-19 17:19:21 - [MESSAGE][INFO] - Found 22 web elements with id: 'Object Repository/Kullanici_Islemleri/Secenekler' located by 'By.cssSelector: .nav.navbar-nav.navbar-right li a' in '10' second(s)

2021-11-19 17:19:22 - [MESSAGE][PASSED] - Method.TextDegerineEsitElementeTikla is PASSED

2021-11-19 17:19:22 - [TEST_STEP][PASSED] - verifyElementNotPresent(findTestObject("Object Repository/Kullanici_Islemleri/Secenekler"), 10): Web element with id: 'Object Repository/Kullanici_Islemleri/Secenekler' located by 'By.cssSelector: .nav.navbar-nav.navbar-right li a' is not present after '10' second(s)

2021-11-19 17:19:22 - [MESSAGE][INFO] - Finding Test Object 'Object Repository/Kullanici_Islemleri/Secenekler'

2021-11-19 17:19:22 - [MESSAGE][INFO] - Checking object

2021-11-19 17:19:22 - [MESSAGE][INFO] - Checking timeout

2021-11-19 17:19:22 - [MESSAGE][INFO] - Finding web element with id: 'Object Repository/Kullanici_Islemleri/Secenekler' located by 'By.cssSelector: .nav.navbar-nav.navbar-right li a' in '10' second(s)

2021-11-19 17:19:22 - [MESSAGE][INFO] - Smart Wait Function is triggered

2021-11-19 17:19:23 - [MESSAGE][PASSED] - Web element with id: 'Object Repository/Kullanici_Islemleri/Secenekler' located by 'By.cssSelector: .nav.navbar-nav.navbar-right li a' is not present after '10' second(s)

2021-11-19 17:19:23 - [MESSAGE][PASSED] - Call Test Case 'Test Cases/Kullanici_Islemleri/KullaniciIslemlerindenSecimYapilir' successfully

2021-11-19 17:19:23 - [TEST_CASE][PASSED] - Start Test Case : SCENARIO Giden Zarflar Buton Kontrolu: SCENARIO Giden Zarflar Buton Kontrolu

2021-11-19 17:19:23 - [TEST_STEP][PASSED] - Kullanıcı adı ELOGO6 ve Şifre 123456 olarak giriş yapılır: Kullanıcı adı ELOGO6 ve Şifre 123456 olarak giriş yapılır

2021-11-19 17:19:23 - [MESSAGE][PASSED] - Kullanıcı adı ELOGO6 ve Şifre 123456 olarak giriş yapılır

2021-11-19 17:19:23 - [TEST_STEP][PASSED] - Ana menüden Zarflar seçilir: Ana menüden Zarflar seçilir

2021-11-19 17:19:23 - [MESSAGE][PASSED] - Ana menüden Zarflar seçilir

2021-11-19 17:19:23 - [TEST_STEP][PASSED] - Alt menüden Giden Zarflar seçilir: Alt menüden Giden Zarflar seçilir

2021-11-19 17:19:23 - [MESSAGE][PASSED] - Alt menüden Giden Zarflar seçilir

2021-11-19 17:19:23 - [TEST_STEP][PASSED] - Filtrelerden Oluşturma Tarihi filtresine 01.01.2020 baslangic degerini yaz: Filtrelerden Oluşturma Tarihi filtresine 01.01.2020 baslangic degerini yaz

2021-11-19 17:19:23 - [MESSAGE][PASSED] - Filtrelerden Oluşturma Tarihi filtresine 01.01.2020 baslangic degerini yaz

2021-11-19 17:19:23 - [TEST_STEP][PASSED] - Filtrelerden Oluşturma Tarihi filtresine 31.01.2020 bitis degerini yaz: Filtrelerden Oluşturma Tarihi filtresine 31.01.2020 bitis degerini yaz

2021-11-19 17:19:23 - [MESSAGE][PASSED] - Filtrelerden Oluşturma Tarihi filtresine 31.01.2020 bitis degerini yaz

2021-11-19 17:19:23 - [TEST_STEP][PASSED] - Filtre butonlarından Listele seçilir: Filtre butonlarından Listele seçilir

2021-11-19 17:19:23 - [MESSAGE][PASSED] - Filtre butonlarından Listele seçilir

2021-11-19 17:19:23 - [TEST_STEP][PASSED] - Tablodan ELOGO2 isimli verinin detayı tıklanır: Tablodan ELOGO2 isimli verinin detayı tıklanır

2021-11-19 17:19:23 - [MESSAGE][PASSED] - Tablodan ELOGO2 isimli verinin detayı tıklanır

2021-11-19 17:19:23 - [TEST_STEP][PASSED] - Tablodan ELOGO2 isimli verinin detayı tıklanır: Tablodan ELOGO2 isimli verinin detayı tıklanır

2021-11-19 17:19:23 - [MESSAGE][PASSED] - Tablodan ELOGO2 isimli verinin detayı tıklanır

2021-11-19 17:19:23 - [TEST_STEP][PASSED] - Sayfa butonlarından 2 numaralı sayfa butonuna tıklanır: Sayfa butonlarından 2 numaralı sayfa butonuna tıklanır

2021-11-19 17:19:23 - [MESSAGE][PASSED] - Sayfa butonlarından 2 numaralı sayfa butonuna tıklanır

2021-11-19 17:19:23 - [TEST_STEP][PASSED] - Sayfa butonlarından 3 numaralı sayfa butonuna tıklanır: Sayfa butonlarından 3 numaralı sayfa butonuna tıklanır

2021-11-19 17:19:23 - [MESSAGE][PASSED] - Sayfa butonlarından 3 numaralı sayfa butonuna tıklanır

2021-11-19 17:19:23 - [TEST_STEP][PASSED] - Sayfa butonlarından 1 numaralı sayfa butonuna tıklanır: Sayfa butonlarından 1 numaralı sayfa butonuna tıklanır

2021-11-19 17:19:23 - [MESSAGE][PASSED] - Sayfa butonlarından 1 numaralı sayfa butonuna tıklanır

2021-11-19 17:19:23 - [TEST_STEP][PASSED] - Zarflar sayfa boyutu 20 olarak seçilir: Zarflar sayfa boyutu 20 olarak seçilir

2021-11-19 17:19:23 - [MESSAGE][PASSED] - Zarflar sayfa boyutu 20 olarak seçilir

2021-11-19 17:19:23 - [TEST_STEP][PASSED] - Zarflar sayfa boyutu 50 olarak seçilir: Zarflar sayfa boyutu 50 olarak seçilir

2021-11-19 17:19:23 - [MESSAGE][PASSED] - Zarflar sayfa boyutu 50 olarak seçilir

2021-11-19 17:19:23 - [TEST_STEP][PASSED] - Zarflar sayfa boyutu 10 olarak seçilir: Zarflar sayfa boyutu 10 olarak seçilir

2021-11-19 17:19:23 - [MESSAGE][PASSED] - Zarflar sayfa boyutu 10 olarak seçilir

2021-11-19 17:19:23 - [TEST_STEP][PASSED] - Filtre alanlarında Zarf ID var mı: Filtre alanlarında Zarf ID var mı

2021-11-19 17:19:23 - [MESSAGE][PASSED] - Filtre alanlarında Zarf ID var mı

2021-11-19 17:19:23 - [TEST_STEP][PASSED] - Filtre alanlarında Durum Kodu var mı: Filtre alanlarında Durum Kodu var mı

2021-11-19 17:19:23 - [MESSAGE][PASSED] - Filtre alanlarında Durum Kodu var mı

2021-11-19 17:19:23 - [TEST_STEP][PASSED] - Filtre alanlarında Oluşturma Tarihi var mı: Filtre alanlarında Oluşturma Tarihi var mı

2021-11-19 17:19:23 - [MESSAGE][PASSED] - Filtre alanlarında Oluşturma Tarihi var mı

2021-11-19 17:19:23 - [TEST_STEP][PASSED] - Filtre alanlarında Kullanıcı Kodu var mı: Filtre alanlarında Kullanıcı Kodu var mı

2021-11-19 17:19:23 - [MESSAGE][PASSED] - Filtre alanlarında Kullanıcı Kodu var mı

2021-11-19 17:19:23 - [TEST_STEP][PASSED] - Filtre alanlarında Alıcı VKN var mı: Filtre alanlarında Alıcı VKN var mı

2021-11-19 17:19:23 - [MESSAGE][PASSED] - Filtre alanlarında Alıcı VKN var mı

2021-11-19 17:19:23 - [TEST_STEP][PASSED] - Filtre alanlarında Alıcı Ünvan var mı: Filtre alanlarında Alıcı Ünvan var mı

2021-11-19 17:19:23 - [MESSAGE][PASSED] - Filtre alanlarında Alıcı Ünvan var mı

2021-11-19 17:19:23 - [TEST_STEP][PASSED] - Filtre alanlarında Belge Türü var mı: Filtre alanlarında Belge Türü var mı

2021-11-19 17:19:23 - [MESSAGE][PASSED] - Filtre alanlarında Belge Türü var mı

2021-11-19 17:19:23 - [TEST_STEP][PASSED] - Filtre alanlarında Tüm Hesaplar var mı: Filtre alanlarında Tüm Hesaplar var mı

2021-11-19 17:19:23 - [MESSAGE][PASSED] - Filtre alanlarında Tüm Hesaplar var mı

2021-11-19 17:19:23 - [TEST_STEP][PASSED] - Filtre butonlarında Filtreleri Kaydet var mı: Filtre butonlarında Filtreleri Kaydet var mı

2021-11-19 17:19:23 - [MESSAGE][PASSED] - Filtre butonlarında Filtreleri Kaydet var mı

2021-11-19 17:19:23 - [TEST_STEP][PASSED] - Filtre butonlarında Listele var mı: Filtre butonlarında Listele var mı

2021-11-19 17:19:23 - [MESSAGE][PASSED] - Filtre butonlarında Listele var mı

2021-11-19 17:19:23 - [TEST_STEP][PASSED] - Filtre butonlarında Temizle var mı: Filtre butonlarında Temizle var mı

2021-11-19 17:19:23 - [MESSAGE][PASSED] - Filtre butonlarında Temizle var mı

2021-11-19 17:19:23 - [TEST_STEP][PASSED] - Butonlardan Excel var mı: Butonlardan Excel var mı

2021-11-19 17:19:23 - [MESSAGE][PASSED] - Butonlardan Excel var mı

2021-11-19 17:19:23 - [TEST_STEP][PASSED] - Butonlardan Toplu İndirme var mı: Butonlardan Toplu İndirme var mı

2021-11-19 17:19:23 - [MESSAGE][PASSED] - Butonlardan Toplu İndirme var mı

2021-11-19 17:19:23 - [TEST_STEP][PASSED] - Butonlardan İndir var mı: Butonlardan İndir var mı

2021-11-19 17:19:23 - [MESSAGE][PASSED] - Butonlardan İndir var mı

2021-11-19 17:19:23 - [TEST_STEP][PASSED] - Butonlardan GİB var mı: Butonlardan GİB var mı

2021-11-19 17:19:23 - [MESSAGE][PASSED] - Butonlardan GİB var mı

2021-11-19 17:19:23 - [TEST_STEP][PASSED] - Butonlardan İzleme Kayıtları var mı: Butonlardan İzleme Kayıtları var mı

2021-11-19 17:19:23 - [MESSAGE][PASSED] - Butonlardan İzleme Kayıtları var mı

2021-11-19 17:19:23 - [TEST_STEP][PASSED] - Butonlardan Excel isimli butona tıklanır: Butonlardan Excel isimli butona tıklanır

2021-11-19 17:19:23 - [MESSAGE][PASSED] - Butonlardan Excel isimli butona tıklanır

2021-11-19 17:19:23 - [TEST_STEP][PASSED] - Alt butonlardan Seçilenleri Excel 'e Aktar var mı: Alt butonlardan Seçilenleri Excel 'e Aktar var mı

2021-11-19 17:19:23 - [MESSAGE][PASSED] - Alt butonlardan Seçilenleri Excel 'e Aktar var mı

2021-11-19 17:19:23 - [TEST_STEP][PASSED] - Alt butonlardan Tümünü Excel 'e Aktar var mı: Alt butonlardan Tümünü Excel 'e Aktar var mı

2021-11-19 17:19:23 - [MESSAGE][PASSED] - Alt butonlardan Tümünü Excel 'e Aktar var mı

2021-11-19 17:19:23 - [TEST_STEP][PASSED] - Butonlardan Toplu İndirme isimli butona tıklanır: Butonlardan Toplu İndirme isimli butona tıklanır

2021-11-19 17:19:23 - [MESSAGE][PASSED] - Butonlardan Toplu İndirme isimli butona tıklanır

2021-11-19 17:19:23 - [TEST_STEP][PASSED] - Alt butonlardan UBL Seçilenleri İndir var mı: Alt butonlardan UBL Seçilenleri İndir var mı

2021-11-19 17:19:23 - [MESSAGE][PASSED] - Alt butonlardan UBL Seçilenleri İndir var mı

2021-11-19 17:19:23 - [TEST_STEP][PASSED] - Alt butonlardan UBL Tümünü İndir var mı: Alt butonlardan UBL Tümünü İndir var mı

2021-11-19 17:19:23 - [MESSAGE][PASSED] - Alt butonlardan UBL Tümünü İndir var mı

2021-11-19 17:19:23 - [TEST_STEP][PASSED] - Butonlardan İndir isimli butona tıklanır: Butonlardan İndir isimli butona tıklanır

2021-11-19 17:19:23 - [MESSAGE][PASSED] - Butonlardan İndir isimli butona tıklanır

2021-11-19 17:19:23 - [TEST_STEP][PASSED] - Alt butonlardan İndir var mı: Alt butonlardan İndir var mı

2021-11-19 17:19:23 - [MESSAGE][PASSED] - Alt butonlardan İndir var mı

2021-11-19 17:19:23 - [TEST_STEP][PASSED] - Tablodan ELOGO2 isimli verinin detayı tıklanır: Tablodan ELOGO2 isimli verinin detayı tıklanır

2021-11-19 17:19:23 - [MESSAGE][PASSED] - Tablodan ELOGO2 isimli verinin detayı tıklanır

2021-11-19 17:19:23 - [TEST_STEP][PASSED] - Giden zarflar altındaki zarfa git butonuna tıklanır: Giden zarflar altındaki zarfa git butonuna tıklanır

2021-11-19 17:19:23 - [MESSAGE][PASSED] - Giden zarflar altındaki zarfa git butonuna tıklanır

2021-11-19 17:19:23 - [TEST_STEP][PASSED] - Yeni açılan sekmeye geçilir: Yeni açılan sekmeye geçilir

2021-11-19 17:19:23 - [MESSAGE][PASSED] - Yeni açılan sekmeye geçilir

2021-11-19 17:19:23 - [TEST_STEP][PASSED] - Tabloda veri var mı kontrol edilir: Tabloda veri var mı kontrol edilir

2021-11-19 17:19:23 - [MESSAGE][PASSED] - Tabloda veri var mı kontrol edilir

2021-11-19 17:19:23 - [TEST_STEP][PASSED] - Ana sekmeye geçilir: Ana sekmeye geçilir

2021-11-19 17:19:23 - [MESSAGE][PASSED] - Ana sekmeye geçilir

2021-11-19 17:19:23 - [TEST_STEP][PASSED] - Tablodan ELOGO2 isimli verinin detayı tıklanır: Tablodan ELOGO2 isimli verinin detayı tıklanır

2021-11-19 17:19:23 - [MESSAGE][PASSED] - Tablodan ELOGO2 isimli verinin detayı tıklanır

2021-11-19 17:19:23 - [TEST_STEP][PASSED] - Kullanıcı işlemlerinden Çıkış seçilir: Kullanıcı işlemlerinden Çıkış seçilir

2021-11-19 17:19:23 - [MESSAGE][PASSED] - Kullanıcı işlemlerinden Çıkış seçilir

2021-11-19 17:19:23 - [MESSAGE][PASSED] - Feature file: 'Include/features/Zarflar/Giden Zarflar/Ekran Kontrolu.feature' was passed

2021-11-19 17:19:23 - [TEST_STEP][PASSED] - Start listener action : sampleAfterTestSuite: Invoke 'com.kms.katalon.core.annotation.AfterTestCase' method: 'Listener.sampleAfterTestSuite(...)' completed.

2021-11-19 17:19:23 - [MESSAGE][INFO] - Starting invoke 'com.kms.katalon.core.annotation.AfterTestCase' method: 'Listener.sampleAfterTestSuite(...)'

2021-11-19 17:19:23 - [TEST_STEP][PASSED] - closeBrowser(): Invoke 'com.kms.katalon.core.annotation.AfterTestCase' method: 'Listener.sampleAfterTestSuite(...)' completed.

2021-11-19 17:19:23 - [MESSAGE][INFO] - Closing browser

2021-11-19 17:19:23 - [MESSAGE][PASSED] - Browser is closed

2021-11-19 17:19:23 - [MESSAGE][INFO] - Invoke 'com.kms.katalon.core.annotation.AfterTestCase' method: 'Listener.sampleAfterTestSuite(...)' completed.]]></system-out>
         <system-err><![CDATA[]]></system-err>
      </testcase>
      <testcase name="Test Cases/Case Repository/Zarflar/Giden Zarflar/GIB" time="42.547" classname="Test Cases/Case Repository/Zarflar/Giden Zarflar/GIB" status="PASSED">
         <system-out><![CDATA[2021-11-19 17:19:24 - [TEST_CASE][PASSED] - Test Cases/Case Repository/Zarflar/Giden Zarflar/GIB: Test Cases/Case Repository/Zarflar/Giden Zarflar/GIB

2021-11-19 17:19:24 - [TEST_STEP][PASSED] - Start listener action : sampleBeforeTestSuite: Invoke 'com.kms.katalon.core.annotation.BeforeTestCase' method: 'Listener.sampleBeforeTestSuite(...)' completed.

2021-11-19 17:19:24 - [MESSAGE][INFO] - Starting invoke 'com.kms.katalon.core.annotation.BeforeTestCase' method: 'Listener.sampleBeforeTestSuite(...)'

2021-11-19 17:19:24 - [TEST_STEP][PASSED] - openBrowser(baseUrl): Browser is opened with url: 'https://efatura-stage.elogo.com.tr/'

2021-11-19 17:19:24 - [MESSAGE][INFO] - Opening browser

2021-11-19 17:19:24 - [MESSAGE][INFO] - Starting 'Chrome' driver

2021-11-19 17:19:24 - [MESSAGE][INFO] - User set preference: ['prefs', '{download.default_directory=C:\otomasyondownfiles}']

2021-11-19 17:19:24 - [MESSAGE][INFO] - Action delay is set to 0 milliseconds

2021-11-19 17:19:25 - [MESSAGE][INFO] - Navigating browser to: 'https://efatura-stage.elogo.com.tr/'

2021-11-19 17:19:28 - [MESSAGE][PASSED] - Browser is opened with url: 'https://efatura-stage.elogo.com.tr/'

2021-11-19 17:19:28 - [TEST_STEP][PASSED] - maximizeWindow(): Invoke 'com.kms.katalon.core.annotation.BeforeTestCase' method: 'Listener.sampleBeforeTestSuite(...)' completed.

2021-11-19 17:19:28 - [MESSAGE][INFO] - Maximizing current window

2021-11-19 17:19:28 - [MESSAGE][PASSED] - Current window maximized

2021-11-19 17:19:28 - [MESSAGE][INFO] - Invoke 'com.kms.katalon.core.annotation.BeforeTestCase' method: 'Listener.sampleBeforeTestSuite(...)' completed.

2021-11-19 17:19:29 - [TEST_STEP][PASSED] - runFeatureFile("Include/features/Zarflar/Giden Zarflar/GIB.feature"): Feature file: 'Include/features/Zarflar/Giden Zarflar/GIB.feature' was passed

2021-11-19 17:19:29 - [MESSAGE][INFO] - Starting run keyword runFeatureFile: 'Include/features/Zarflar/Giden Zarflar/GIB.feature' and extract report to folder: 'C:\Users\DELL\Documents\GitHub\EES_KatalonLogo\Reports\20211119_164526\Suite Repository\Zarflar\20211119_164611/cucumber_report/1637331569076'...

2021-11-19 17:19:29 - [MESSAGE][INFO] - Glue: []

2021-11-19 17:19:31 - [MESSAGE][INFO] - Checking called Test Case

2021-11-19 17:19:31 - [MESSAGE][INFO] - Starting to call Test Case 'Test Cases/Sayfalar/Giris_Sayfasi/Login'

2021-11-19 17:19:31 - [TEST_CASE][PASSED] - Test Cases/Sayfalar/Giris_Sayfasi/Login: Test Cases/Sayfalar/Giris_Sayfasi/Login

2021-11-19 17:19:31 - [TEST_STEP][PASSED] - Sayfa_Basligi = getWindowTitle(): Current window's title is: 'LOGO e-Fatura'

2021-11-19 17:19:31 - [MESSAGE][INFO] - Getting current window's title

2021-11-19 17:19:31 - [MESSAGE][PASSED] - Current window's title is: 'LOGO e-Fatura'

2021-11-19 17:19:31 - [TEST_STEP][PASSED] - verifyMatch(Sayfa_Basligi, "LOGO e-Fatura", false): Actual text 'LOGO e-Fatura' and expected text 'LOGO e-Fatura' are matched 

2021-11-19 17:19:31 - [MESSAGE][INFO] - Matching actual text 'LOGO e-Fatura' with expected text 'LOGO e-Fatura'

2021-11-19 17:19:31 - [MESSAGE][PASSED] - Actual text 'LOGO e-Fatura' and expected text 'LOGO e-Fatura' are matched 

2021-11-19 17:19:31 - [TEST_STEP][PASSED] - sendKeys(findTestObject("Sayfalar/Giris_Sayfasi/Firma_Kodu"), KullaniciAdi): Keys 'ELOGO6' sent to object: 'Object Repository/Sayfalar/Giris_Sayfasi/Firma_Kodu'

2021-11-19 17:19:31 - [MESSAGE][INFO] - Finding Test Object 'Object Repository/Sayfalar/Giris_Sayfasi/Firma_Kodu'

2021-11-19 17:19:31 - [MESSAGE][INFO] - Sending keys 'ELOGO6' to object: 'Object Repository/Sayfalar/Giris_Sayfasi/Firma_Kodu'

2021-11-19 17:19:31 - [MESSAGE][INFO] - Finding web element from Test Object's properties

2021-11-19 17:19:31 - [MESSAGE][INFO] - Checking timeout

2021-11-19 17:19:31 - [MESSAGE][INFO] - Finding web element with id: 'Object Repository/Sayfalar/Giris_Sayfasi/Firma_Kodu' located by 'By.xpath: //*[@id = 'AccountName']' in '30' second(s)

2021-11-19 17:19:31 - [MESSAGE][INFO] - Smart Wait Function is triggered

2021-11-19 17:19:31 - [MESSAGE][INFO] - Found 1 web elements with id: 'Object Repository/Sayfalar/Giris_Sayfasi/Firma_Kodu' located by 'By.xpath: //*[@id = 'AccountName']' in '30' second(s)

2021-11-19 17:19:31 - [MESSAGE][PASSED] - Keys 'ELOGO6' sent to object: 'Object Repository/Sayfalar/Giris_Sayfasi/Firma_Kodu'

2021-11-19 17:19:31 - [TEST_STEP][PASSED] - sendKeys(findTestObject("Sayfalar/Giris_Sayfasi/Sifre"), Sifre): Keys '123456' sent to object: 'Object Repository/Sayfalar/Giris_Sayfasi/Sifre'

2021-11-19 17:19:31 - [MESSAGE][INFO] - Finding Test Object 'Object Repository/Sayfalar/Giris_Sayfasi/Sifre'

2021-11-19 17:19:32 - [MESSAGE][INFO] - Sending keys '123456' to object: 'Object Repository/Sayfalar/Giris_Sayfasi/Sifre'

2021-11-19 17:19:32 - [MESSAGE][INFO] - Finding web element from Test Object's properties

2021-11-19 17:19:32 - [MESSAGE][INFO] - Checking timeout

2021-11-19 17:19:32 - [MESSAGE][INFO] - Finding web element with id: 'Object Repository/Sayfalar/Giris_Sayfasi/Sifre' located by 'By.xpath: //*[@id = 'Password']' in '30' second(s)

2021-11-19 17:19:32 - [MESSAGE][INFO] - Smart Wait Function is triggered

2021-11-19 17:19:32 - [MESSAGE][INFO] - Found 1 web elements with id: 'Object Repository/Sayfalar/Giris_Sayfasi/Sifre' located by 'By.xpath: //*[@id = 'Password']' in '30' second(s)

2021-11-19 17:19:32 - [MESSAGE][PASSED] - Keys '123456' sent to object: 'Object Repository/Sayfalar/Giris_Sayfasi/Sifre'

2021-11-19 17:19:32 - [TEST_STEP][PASSED] - findWebElement(findTestObject("Sayfalar/Giris_Sayfasi/Giris_Butonu")).click(): Found 1 web elements with id: 'Object Repository/Sayfalar/Giris_Sayfasi/Giris_Butonu' located by 'By.cssSelector: #btnLogin' in '30' second(s)

2021-11-19 17:19:32 - [MESSAGE][INFO] - Finding Test Object 'Object Repository/Sayfalar/Giris_Sayfasi/Giris_Butonu'

2021-11-19 17:19:32 - [MESSAGE][INFO] - Finding web element from Test Object's properties

2021-11-19 17:19:32 - [MESSAGE][INFO] - Checking timeout

2021-11-19 17:19:32 - [MESSAGE][INFO] - Finding web element with id: 'Object Repository/Sayfalar/Giris_Sayfasi/Giris_Butonu' located by 'By.cssSelector: #btnLogin' in '30' second(s)

2021-11-19 17:19:32 - [MESSAGE][INFO] - Smart Wait Function is triggered

2021-11-19 17:19:33 - [MESSAGE][INFO] - Found 1 web elements with id: 'Object Repository/Sayfalar/Giris_Sayfasi/Giris_Butonu' located by 'By.cssSelector: #btnLogin' in '30' second(s)

2021-11-19 17:19:35 - [TEST_STEP][PASSED] - if (verifyElementPresent(findTestObject("Object Repository/Sayfalar/Giris_Sayfasi/RetveTamam_Butonu"), 5, OPTIONAL)): null

2021-11-19 17:19:35 - [MESSAGE][INFO] - Finding Test Object 'Object Repository/Sayfalar/Giris_Sayfasi/RetveTamam_Butonu'

2021-11-19 17:19:35 - [MESSAGE][INFO] - Checking object

2021-11-19 17:19:35 - [MESSAGE][INFO] - Finding web element from Test Object's properties

2021-11-19 17:19:35 - [MESSAGE][INFO] - Checking timeout

2021-11-19 17:19:35 - [MESSAGE][INFO] - Finding web element with id: 'Object Repository/Sayfalar/Giris_Sayfasi/RetveTamam_Butonu' located by 'By.xpath: //*[@class = 'btn btn-default']' in '5' second(s)

2021-11-19 17:19:35 - [MESSAGE][INFO] - Smart Wait Function is triggered

2021-11-19 17:19:36 - [MESSAGE][INFO] - Found 1 web elements with id: 'Object Repository/Sayfalar/Giris_Sayfasi/RetveTamam_Butonu' located by 'By.xpath: //*[@class = 'btn btn-default']' in '5' second(s)

2021-11-19 17:19:36 - [MESSAGE][PASSED] - Object 'Object Repository/Sayfalar/Giris_Sayfasi/RetveTamam_Butonu' is present

2021-11-19 17:19:36 - [TEST_STEP][PASSED] - click(findTestObject("Object Repository/Sayfalar/Giris_Sayfasi/RetveTamam_Butonu")): Object: 'Object Repository/Sayfalar/Giris_Sayfasi/RetveTamam_Butonu' is clicked on

2021-11-19 17:19:36 - [MESSAGE][INFO] - Finding Test Object 'Object Repository/Sayfalar/Giris_Sayfasi/RetveTamam_Butonu'

2021-11-19 17:19:36 - [MESSAGE][INFO] - Checking object

2021-11-19 17:19:36 - [MESSAGE][INFO] - Finding web element from Test Object's properties

2021-11-19 17:19:36 - [MESSAGE][INFO] - Checking timeout

2021-11-19 17:19:36 - [MESSAGE][INFO] - Finding web element with id: 'Object Repository/Sayfalar/Giris_Sayfasi/RetveTamam_Butonu' located by 'By.xpath: //*[@class = 'btn btn-default']' in '30' second(s)

2021-11-19 17:19:36 - [MESSAGE][INFO] - Smart Wait Function is triggered

2021-11-19 17:19:36 - [MESSAGE][INFO] - Found 1 web elements with id: 'Object Repository/Sayfalar/Giris_Sayfasi/RetveTamam_Butonu' located by 'By.xpath: //*[@class = 'btn btn-default']' in '30' second(s)

2021-11-19 17:19:36 - [MESSAGE][INFO] - Clicking on object: 'Object Repository/Sayfalar/Giris_Sayfasi/RetveTamam_Butonu'

2021-11-19 17:19:36 - [MESSAGE][PASSED] - Object: 'Object Repository/Sayfalar/Giris_Sayfasi/RetveTamam_Butonu' is clicked on

2021-11-19 17:19:36 - [TEST_STEP][PASSED] - click(findTestObject("Object Repository/Sayfalar/Giris_Sayfasi/RetveTamam_Butonu")): Object: 'Object Repository/Sayfalar/Giris_Sayfasi/RetveTamam_Butonu' is clicked on

2021-11-19 17:19:36 - [MESSAGE][INFO] - Finding Test Object 'Object Repository/Sayfalar/Giris_Sayfasi/RetveTamam_Butonu'

2021-11-19 17:19:36 - [MESSAGE][INFO] - Checking object

2021-11-19 17:19:36 - [MESSAGE][INFO] - Finding web element from Test Object's properties

2021-11-19 17:19:36 - [MESSAGE][INFO] - Checking timeout

2021-11-19 17:19:36 - [MESSAGE][INFO] - Finding web element with id: 'Object Repository/Sayfalar/Giris_Sayfasi/RetveTamam_Butonu' located by 'By.xpath: //*[@class = 'btn btn-default']' in '30' second(s)

2021-11-19 17:19:36 - [MESSAGE][INFO] - Smart Wait Function is triggered

2021-11-19 17:19:40 - [MESSAGE][INFO] - Found 1 web elements with id: 'Object Repository/Sayfalar/Giris_Sayfasi/RetveTamam_Butonu' located by 'By.xpath: //*[@class = 'btn btn-default']' in '30' second(s)

2021-11-19 17:19:40 - [MESSAGE][INFO] - Clicking on object: 'Object Repository/Sayfalar/Giris_Sayfasi/RetveTamam_Butonu'

2021-11-19 17:19:41 - [MESSAGE][PASSED] - Object: 'Object Repository/Sayfalar/Giris_Sayfasi/RetveTamam_Butonu' is clicked on

2021-11-19 17:19:41 - [TEST_STEP][PASSED] - if (verifyElementPresent(findTestObject("Sayfalar/Giris_Sayfasi/PopupOK"), 5, OPTIONAL)): null

2021-11-19 17:19:41 - [MESSAGE][INFO] - Finding Test Object 'Object Repository/Sayfalar/Giris_Sayfasi/PopupOK'

2021-11-19 17:19:41 - [MESSAGE][INFO] - Checking object

2021-11-19 17:19:41 - [MESSAGE][INFO] - Finding web element from Test Object's properties

2021-11-19 17:19:41 - [MESSAGE][INFO] - Checking timeout

2021-11-19 17:19:41 - [MESSAGE][INFO] - Finding web element with id: 'Object Repository/Sayfalar/Giris_Sayfasi/PopupOK' located by 'By.cssSelector: .btn.btn-success' in '5' second(s)

2021-11-19 17:19:41 - [MESSAGE][INFO] - Smart Wait Function is triggered

2021-11-19 17:19:41 - [MESSAGE][INFO] - Found 1 web elements with id: 'Object Repository/Sayfalar/Giris_Sayfasi/PopupOK' located by 'By.cssSelector: .btn.btn-success' in '5' second(s)

2021-11-19 17:19:41 - [MESSAGE][PASSED] - Object 'Object Repository/Sayfalar/Giris_Sayfasi/PopupOK' is present

2021-11-19 17:19:41 - [TEST_STEP][PASSED] - click(findTestObject("Object Repository/Sayfalar/Giris_Sayfasi/PopupCarpiGiris")): Object: 'Object Repository/Sayfalar/Giris_Sayfasi/PopupCarpiGiris' is clicked on

2021-11-19 17:19:41 - [MESSAGE][INFO] - Finding Test Object 'Object Repository/Sayfalar/Giris_Sayfasi/PopupCarpiGiris'

2021-11-19 17:19:41 - [MESSAGE][INFO] - Checking object

2021-11-19 17:19:41 - [MESSAGE][INFO] - Finding web element from Test Object's properties

2021-11-19 17:19:41 - [MESSAGE][INFO] - Checking timeout

2021-11-19 17:19:41 - [MESSAGE][INFO] - Finding web element with id: 'Object Repository/Sayfalar/Giris_Sayfasi/PopupCarpiGiris' located by 'By.cssSelector: .bootbox-close-button.close' in '30' second(s)

2021-11-19 17:19:41 - [MESSAGE][INFO] - Smart Wait Function is triggered

2021-11-19 17:19:42 - [MESSAGE][INFO] - Found 1 web elements with id: 'Object Repository/Sayfalar/Giris_Sayfasi/PopupCarpiGiris' located by 'By.cssSelector: .bootbox-close-button.close' in '30' second(s)

2021-11-19 17:19:42 - [MESSAGE][INFO] - Clicking on object: 'Object Repository/Sayfalar/Giris_Sayfasi/PopupCarpiGiris'

2021-11-19 17:19:42 - [MESSAGE][PASSED] - Object: 'Object Repository/Sayfalar/Giris_Sayfasi/PopupCarpiGiris' is clicked on

2021-11-19 17:19:42 - [TEST_STEP][PASSED] - verifyElementVisible(findTestObject("Object Repository/Kullanici_Islemleri/KullaniciIslemleri")): Object 'Object Repository/Kullanici_Islemleri/KullaniciIslemleri' is visible

2021-11-19 17:19:42 - [MESSAGE][INFO] - Finding Test Object 'Object Repository/Kullanici_Islemleri/KullaniciIslemleri'

2021-11-19 17:19:42 - [MESSAGE][INFO] - Checking object

2021-11-19 17:19:42 - [MESSAGE][INFO] - Finding web element from Test Object's properties

2021-11-19 17:19:42 - [MESSAGE][INFO] - Checking timeout

2021-11-19 17:19:42 - [MESSAGE][INFO] - Finding web element with id: 'Object Repository/Kullanici_Islemleri/KullaniciIslemleri' located by 'By.cssSelector: .dropdown>a>img' in '30' second(s)

2021-11-19 17:19:42 - [MESSAGE][INFO] - Smart Wait Function is triggered

2021-11-19 17:19:43 - [MESSAGE][INFO] - Found 1 web elements with id: 'Object Repository/Kullanici_Islemleri/KullaniciIslemleri' located by 'By.cssSelector: .dropdown>a>img' in '30' second(s)

2021-11-19 17:19:43 - [MESSAGE][PASSED] - Object 'Object Repository/Kullanici_Islemleri/KullaniciIslemleri' is visible

2021-11-19 17:19:43 - [MESSAGE][PASSED] - Call Test Case 'Test Cases/Sayfalar/Giris_Sayfasi/Login' successfully

2021-11-19 17:19:43 - [MESSAGE][INFO] - Checking called Test Case

2021-11-19 17:19:43 - [MESSAGE][INFO] - Starting to call Test Case 'Test Cases/Menu/AnaMenuSecimi'

2021-11-19 17:19:43 - [TEST_CASE][PASSED] - Test Cases/Menu/AnaMenuSecimi: Test Cases/Menu/AnaMenuSecimi

2021-11-19 17:19:43 - [TEST_STEP][PASSED] - Method.TextDegerineEsitElementeTikla(findTestObject("Menu/Ana_Menu"), Ana_Menu): Method.TextDegerineEsitElementeTikla is PASSED

2021-11-19 17:19:43 - [MESSAGE][INFO] - Finding Test Object 'Object Repository/Menu/Ana_Menu'

2021-11-19 17:19:43 - [MESSAGE][INFO] - Checking timeout

2021-11-19 17:19:43 - [MESSAGE][INFO] - Finding web element with id: 'Object Repository/Menu/Ana_Menu' located by 'By.xpath: //*[@class = 'dropdown-toggle']' in '10' second(s)

2021-11-19 17:19:43 - [MESSAGE][INFO] - Smart Wait Function is triggered

2021-11-19 17:19:43 - [MESSAGE][INFO] - Found 14 web elements with id: 'Object Repository/Menu/Ana_Menu' located by 'By.xpath: //*[@class = 'dropdown-toggle']' in '10' second(s)

2021-11-19 17:19:43 - [MESSAGE][PASSED] - Method.TextDegerineEsitElementeTikla is PASSED

2021-11-19 17:19:43 - [MESSAGE][PASSED] - Call Test Case 'Test Cases/Menu/AnaMenuSecimi' successfully

2021-11-19 17:19:43 - [MESSAGE][INFO] - Checking called Test Case

2021-11-19 17:19:43 - [MESSAGE][INFO] - Starting to call Test Case 'Test Cases/Menu/AltMenuSecimi'

2021-11-19 17:19:43 - [TEST_CASE][PASSED] - Test Cases/Menu/AltMenuSecimi: Test Cases/Menu/AltMenuSecimi

2021-11-19 17:19:43 - [TEST_STEP][PASSED] - Method.TextDegerineEsitElementeTikla(findTestObject("Menu/Alt_Menu"), Alt_Menu): Method.TextDegerineEsitElementeTikla is PASSED

2021-11-19 17:19:43 - [MESSAGE][INFO] - Finding Test Object 'Object Repository/Menu/Alt_Menu'

2021-11-19 17:19:43 - [MESSAGE][INFO] - Checking timeout

2021-11-19 17:19:43 - [MESSAGE][INFO] - Finding web element with id: 'Object Repository/Menu/Alt_Menu' located by 'By.xpath: //li[@class='dropdown dropdown-large open']//li[@class='dropdown-element']' in '10' second(s)

2021-11-19 17:19:43 - [MESSAGE][INFO] - Smart Wait Function is triggered

2021-11-19 17:19:44 - [MESSAGE][INFO] - Found 2 web elements with id: 'Object Repository/Menu/Alt_Menu' located by 'By.xpath: //li[@class='dropdown dropdown-large open']//li[@class='dropdown-element']' in '10' second(s)

2021-11-19 17:19:46 - [MESSAGE][PASSED] - Method.TextDegerineEsitElementeTikla is PASSED

2021-11-19 17:19:46 - [MESSAGE][PASSED] - Call Test Case 'Test Cases/Menu/AltMenuSecimi' successfully

2021-11-19 17:19:46 - [MESSAGE][INFO] - Checking called Test Case

2021-11-19 17:19:46 - [MESSAGE][INFO] - Starting to call Test Case 'Test Cases/Filtreler/BaslangicYaz'

2021-11-19 17:19:46 - [TEST_CASE][PASSED] - Test Cases/Filtreler/BaslangicYaz: Test Cases/Filtreler/BaslangicYaz

2021-11-19 17:19:46 - [TEST_STEP][PASSED] - delay(3): Delayed 3 second(s)

2021-11-19 17:19:46 - [MESSAGE][INFO] - Delaying browser in 3 second(s)

2021-11-19 17:19:49 - [MESSAGE][PASSED] - Delayed 3 second(s)

2021-11-19 17:19:49 - [TEST_STEP][PASSED] - Method.TextDegerineEsitElementinAltindakineTikla(findTestObject("Filtreler/Basliklar"), findTestObject("Filtreler/Basliga_Gore_Baslangic_Image"), Filtre_Adi): Method.TextDegerineEsitElementinAltindakineTikla is PASSED

2021-11-19 17:19:49 - [MESSAGE][INFO] - Finding Test Object 'Object Repository/Filtreler/Basliklar'

2021-11-19 17:19:49 - [MESSAGE][INFO] - Finding Test Object 'Object Repository/Filtreler/Basliga_Gore_Baslangic_Image'

2021-11-19 17:19:49 - [MESSAGE][INFO] - Checking timeout

2021-11-19 17:19:49 - [MESSAGE][INFO] - Finding web element with id: 'Object Repository/Filtreler/Basliklar' located by 'By.cssSelector: .control-label.col-sm-4.paddingMarginRLC' in '10' second(s)

2021-11-19 17:19:49 - [MESSAGE][INFO] - Smart Wait Function is triggered

2021-11-19 17:19:49 - [MESSAGE][INFO] - Found 8 web elements with id: 'Object Repository/Filtreler/Basliklar' located by 'By.cssSelector: .control-label.col-sm-4.paddingMarginRLC' in '10' second(s)

2021-11-19 17:19:49 - [MESSAGE][INFO] - Smart Wait Function is triggered

2021-11-19 17:19:49 - [MESSAGE][PASSED] - Method.TextDegerineEsitElementinAltindakineTikla is PASSED

2021-11-19 17:19:49 - [TEST_STEP][PASSED] - Method.TextDegerineEsitElementinAltindakiTextboxtaYaz(findTestObject("Filtreler/Basliklar"), findTestObject("Filtreler/Basliga_Gore_Baslangic"), Filtre_Adi, Filtre_Degeri): Method.TextDegerineEsitElementinAltindakiTextboxtaYaz is PASSED

2021-11-19 17:19:49 - [MESSAGE][INFO] - Finding Test Object 'Object Repository/Filtreler/Basliklar'

2021-11-19 17:19:50 - [MESSAGE][INFO] - Finding Test Object 'Object Repository/Filtreler/Basliga_Gore_Baslangic'

2021-11-19 17:19:50 - [MESSAGE][INFO] - Checking timeout

2021-11-19 17:19:50 - [MESSAGE][INFO] - Finding web element with id: 'Object Repository/Filtreler/Basliklar' located by 'By.cssSelector: .control-label.col-sm-4.paddingMarginRLC' in '10' second(s)

2021-11-19 17:19:50 - [MESSAGE][INFO] - Smart Wait Function is triggered

2021-11-19 17:19:50 - [MESSAGE][INFO] - Found 8 web elements with id: 'Object Repository/Filtreler/Basliklar' located by 'By.cssSelector: .control-label.col-sm-4.paddingMarginRLC' in '10' second(s)

2021-11-19 17:19:50 - [MESSAGE][INFO] - Smart Wait Function is triggered

2021-11-19 17:19:50 - [MESSAGE][PASSED] - Method.TextDegerineEsitElementinAltindakiTextboxtaYaz is PASSED

2021-11-19 17:19:50 - [MESSAGE][PASSED] - Call Test Case 'Test Cases/Filtreler/BaslangicYaz' successfully

2021-11-19 17:19:50 - [MESSAGE][INFO] - Checking called Test Case

2021-11-19 17:19:50 - [MESSAGE][INFO] - Starting to call Test Case 'Test Cases/Filtreler/BitisYaz'

2021-11-19 17:19:51 - [TEST_CASE][PASSED] - Test Cases/Filtreler/BitisYaz: Test Cases/Filtreler/BitisYaz

2021-11-19 17:19:51 - [TEST_STEP][PASSED] - Method.TextDegerineEsitElementinAltindakineTikla(findTestObject("Filtreler/Basliklar"), findTestObject("Filtreler/Basliga_Gore_Bitis_Image"), Filtre_Adi): Method.TextDegerineEsitElementinAltindakineTikla is PASSED

2021-11-19 17:19:51 - [MESSAGE][INFO] - Finding Test Object 'Object Repository/Filtreler/Basliklar'

2021-11-19 17:19:51 - [MESSAGE][INFO] - Finding Test Object 'Object Repository/Filtreler/Basliga_Gore_Bitis_Image'

2021-11-19 17:19:51 - [MESSAGE][INFO] - Checking timeout

2021-11-19 17:19:51 - [MESSAGE][INFO] - Finding web element with id: 'Object Repository/Filtreler/Basliklar' located by 'By.cssSelector: .control-label.col-sm-4.paddingMarginRLC' in '10' second(s)

2021-11-19 17:19:51 - [MESSAGE][INFO] - Smart Wait Function is triggered

2021-11-19 17:19:51 - [MESSAGE][INFO] - Found 8 web elements with id: 'Object Repository/Filtreler/Basliklar' located by 'By.cssSelector: .control-label.col-sm-4.paddingMarginRLC' in '10' second(s)

2021-11-19 17:19:51 - [MESSAGE][INFO] - Smart Wait Function is triggered

2021-11-19 17:19:51 - [MESSAGE][PASSED] - Method.TextDegerineEsitElementinAltindakineTikla is PASSED

2021-11-19 17:19:51 - [TEST_STEP][PASSED] - Method.TextDegerineEsitElementinAltindakiTextboxtaYaz(findTestObject("Filtreler/Basliklar"), findTestObject("Object Repository/Filtreler/Basliga_Gore_Bitis"), Filtre_Adi, Filtre_Degeri): Method.TextDegerineEsitElementinAltindakiTextboxtaYaz is PASSED

2021-11-19 17:19:51 - [MESSAGE][INFO] - Finding Test Object 'Object Repository/Filtreler/Basliklar'

2021-11-19 17:19:51 - [MESSAGE][INFO] - Finding Test Object 'Object Repository/Filtreler/Basliga_Gore_Bitis'

2021-11-19 17:19:51 - [MESSAGE][INFO] - Checking timeout

2021-11-19 17:19:51 - [MESSAGE][INFO] - Finding web element with id: 'Object Repository/Filtreler/Basliklar' located by 'By.cssSelector: .control-label.col-sm-4.paddingMarginRLC' in '10' second(s)

2021-11-19 17:19:51 - [MESSAGE][INFO] - Smart Wait Function is triggered

2021-11-19 17:19:52 - [MESSAGE][INFO] - Found 8 web elements with id: 'Object Repository/Filtreler/Basliklar' located by 'By.cssSelector: .control-label.col-sm-4.paddingMarginRLC' in '10' second(s)

2021-11-19 17:19:52 - [MESSAGE][INFO] - Smart Wait Function is triggered

2021-11-19 17:19:52 - [MESSAGE][PASSED] - Method.TextDegerineEsitElementinAltindakiTextboxtaYaz is PASSED

2021-11-19 17:19:52 - [MESSAGE][PASSED] - Call Test Case 'Test Cases/Filtreler/BitisYaz' successfully

2021-11-19 17:19:52 - [MESSAGE][INFO] - Checking called Test Case

2021-11-19 17:19:52 - [MESSAGE][INFO] - Starting to call Test Case 'Test Cases/Filtreler/ButonaTikla'

2021-11-19 17:19:52 - [TEST_CASE][PASSED] - Test Cases/Filtreler/ButonaTikla: Test Cases/Filtreler/ButonaTikla

2021-11-19 17:19:52 - [TEST_STEP][PASSED] - Method.TextDegerineEsitElementeTikla(findTestObject("Filtreler/Butonlar"), Filtre_Buton): Method.TextDegerineEsitElementeTikla is PASSED

2021-11-19 17:19:52 - [MESSAGE][INFO] - Finding Test Object 'Object Repository/Filtreler/Butonlar'

2021-11-19 17:19:52 - [MESSAGE][INFO] - Checking timeout

2021-11-19 17:19:52 - [MESSAGE][INFO] - Finding web element with id: 'Object Repository/Filtreler/Butonlar' located by 'By.cssSelector: .dxb>span' in '10' second(s)

2021-11-19 17:19:52 - [MESSAGE][INFO] - Smart Wait Function is triggered

2021-11-19 17:19:53 - [MESSAGE][INFO] - Found 3 web elements with id: 'Object Repository/Filtreler/Butonlar' located by 'By.cssSelector: .dxb>span' in '10' second(s)

2021-11-19 17:19:53 - [MESSAGE][PASSED] - Method.TextDegerineEsitElementeTikla is PASSED

2021-11-19 17:19:53 - [MESSAGE][PASSED] - Call Test Case 'Test Cases/Filtreler/ButonaTikla' successfully

2021-11-19 17:19:53 - [MESSAGE][INFO] - Checking called Test Case

2021-11-19 17:19:53 - [MESSAGE][INFO] - Starting to call Test Case 'Test Cases/Tablo/TablodaVeriVarMi'

2021-11-19 17:19:53 - [TEST_CASE][PASSED] - Test Cases/Tablo/TablodaVeriVarMi: Test Cases/Tablo/TablodaVeriVarMi

2021-11-19 17:19:53 - [TEST_STEP][PASSED] - verifyTextNotPresent("Görüntülenecek veri yok", true): Text 'Görüntülenecek veri yok' is not present on page using regular expression

2021-11-19 17:19:53 - [MESSAGE][INFO] - Checking text present  using regular expression

2021-11-19 17:19:53 - [MESSAGE][INFO] - Smart Wait Function is triggered

2021-11-19 17:19:54 - [MESSAGE][INFO] - Finding text 'Görüntülenecek veri yok' on page  using regular expression

2021-11-19 17:19:54 - [MESSAGE][PASSED] - Text 'Görüntülenecek veri yok' is not present on page using regular expression

2021-11-19 17:19:54 - [MESSAGE][PASSED] - Call Test Case 'Test Cases/Tablo/TablodaVeriVarMi' successfully

2021-11-19 17:19:54 - [MESSAGE][INFO] - Checking called Test Case

2021-11-19 17:19:54 - [MESSAGE][INFO] - Starting to call Test Case 'Test Cases/Tablo/TablodanVeriSec'

2021-11-19 17:19:54 - [TEST_CASE][PASSED] - Test Cases/Tablo/TablodanVeriSec: Test Cases/Tablo/TablodanVeriSec

2021-11-19 17:19:54 - [TEST_STEP][PASSED] - Method.TextDegerineEsitElementinAltindakineTikla(findTestObject("Tablo/Veriler"), findTestObject("Tablo/VerininCheckBoxi"), Veri_Adi): Method.TextDegerineEsitElementinAltindakineTikla is PASSED

2021-11-19 17:19:54 - [MESSAGE][INFO] - Finding Test Object 'Object Repository/Tablo/Veriler'

2021-11-19 17:19:54 - [MESSAGE][INFO] - Finding Test Object 'Object Repository/Tablo/VerininCheckBoxi'

2021-11-19 17:19:54 - [MESSAGE][INFO] - Checking timeout

2021-11-19 17:19:54 - [MESSAGE][INFO] - Finding web element with id: 'Object Repository/Tablo/Veriler' located by 'By.cssSelector: td.dxgv b ,td.dxgv' in '10' second(s)

2021-11-19 17:19:54 - [MESSAGE][INFO] - Smart Wait Function is triggered

2021-11-19 17:19:54 - [MESSAGE][INFO] - Found 110 web elements with id: 'Object Repository/Tablo/Veriler' located by 'By.cssSelector: td.dxgv b ,td.dxgv' in '10' second(s)

2021-11-19 17:19:56 - [MESSAGE][INFO] - Smart Wait Function is triggered

2021-11-19 17:19:57 - [MESSAGE][PASSED] - Method.TextDegerineEsitElementinAltindakineTikla is PASSED

2021-11-19 17:19:57 - [MESSAGE][PASSED] - Call Test Case 'Test Cases/Tablo/TablodanVeriSec' successfully

2021-11-19 17:19:57 - [MESSAGE][INFO] - Checking called Test Case

2021-11-19 17:19:57 - [MESSAGE][INFO] - Starting to call Test Case 'Test Cases/Butonlar/ButonaTikla'

2021-11-19 17:19:57 - [TEST_CASE][PASSED] - Test Cases/Butonlar/ButonaTikla: Test Cases/Butonlar/ButonaTikla

2021-11-19 17:19:57 - [TEST_STEP][PASSED] - Method.TextDegerineEsitElementeTiklaEquals(findTestObject("Butonlar/Butonlar"), Buton_Adi): Method.TextDegerineEsitElementeTiklaEquals is PASSED

2021-11-19 17:19:57 - [MESSAGE][INFO] - Finding Test Object 'Object Repository/Butonlar/Butonlar'

2021-11-19 17:19:57 - [MESSAGE][INFO] - Checking timeout

2021-11-19 17:19:57 - [MESSAGE][INFO] - Finding web element with id: 'Object Repository/Butonlar/Butonlar' located by 'By.cssSelector: .panel.panel-default.text-center.footerPanel .btn,.btn.btn-primary.btnControls' in '10' second(s)

2021-11-19 17:19:57 - [MESSAGE][INFO] - Smart Wait Function is triggered

2021-11-19 17:19:57 - [MESSAGE][INFO] - Found 6 web elements with id: 'Object Repository/Butonlar/Butonlar' located by 'By.cssSelector: .panel.panel-default.text-center.footerPanel .btn,.btn.btn-primary.btnControls' in '10' second(s)

2021-11-19 17:19:57 - [MESSAGE][PASSED] - Method.TextDegerineEsitElementeTiklaEquals is PASSED

2021-11-19 17:19:57 - [MESSAGE][PASSED] - Call Test Case 'Test Cases/Butonlar/ButonaTikla' successfully

2021-11-19 17:19:57 - [MESSAGE][INFO] - Checking called Test Case

2021-11-19 17:19:57 - [MESSAGE][INFO] - Starting to call Test Case 'Test Cases/Popup/PopupBasligiIceriyorMu'

2021-11-19 17:19:57 - [TEST_CASE][PASSED] - Test Cases/Popup/PopupBasligiIceriyorMu: Test Cases/Popup/PopupBasligiIceriyorMu

2021-11-19 17:19:58 - [TEST_STEP][PASSED] - verifyElementText(findTestObject("Object Repository/Popup/PopupBaslikIceriyorMu"), Name): Actual text and expected text of test object 'Object Repository/Popup/PopupBaslikIceriyorMu' are matched.

2021-11-19 17:19:58 - [MESSAGE][INFO] - Finding Test Object 'Object Repository/Popup/PopupBaslikIceriyorMu'

2021-11-19 17:19:58 - [MESSAGE][INFO] - Checking object

2021-11-19 17:19:58 - [MESSAGE][INFO] - Finding web element from Test Object's properties

2021-11-19 17:19:58 - [MESSAGE][INFO] - Checking timeout

2021-11-19 17:19:58 - [MESSAGE][INFO] - Finding web element with id: 'Object Repository/Popup/PopupBaslikIceriyorMu' located by 'By.xpath: //*[@id = 'modalTitle']' in '30' second(s)

2021-11-19 17:19:58 - [MESSAGE][INFO] - Smart Wait Function is triggered

2021-11-19 17:20:01 - [MESSAGE][INFO] - Found 1 web elements with id: 'Object Repository/Popup/PopupBaslikIceriyorMu' located by 'By.xpath: //*[@id = 'modalTitle']' in '30' second(s)

2021-11-19 17:20:01 - [MESSAGE][PASSED] - Actual text and expected text of test object 'Object Repository/Popup/PopupBaslikIceriyorMu' are matched.

2021-11-19 17:20:01 - [MESSAGE][PASSED] - Call Test Case 'Test Cases/Popup/PopupBasligiIceriyorMu' successfully

2021-11-19 17:20:01 - [MESSAGE][INFO] - Checking called Test Case

2021-11-19 17:20:01 - [MESSAGE][INFO] - Starting to call Test Case 'Test Cases/Popup/PopupKapatilir'

2021-11-19 17:20:01 - [TEST_CASE][PASSED] - Test Cases/Popup/PopupKapatilir: Test Cases/Popup/PopupKapatilir

2021-11-19 17:20:01 - [TEST_STEP][PASSED] - waitForElementClickable(findTestObject("Popup/Kapat"), 10): Object 'Object Repository/Popup/Kapat' is clickable

2021-11-19 17:20:01 - [MESSAGE][INFO] - Finding Test Object 'Object Repository/Popup/Kapat'

2021-11-19 17:20:02 - [MESSAGE][INFO] - Checking object

2021-11-19 17:20:02 - [MESSAGE][INFO] - Checking timeout

2021-11-19 17:20:02 - [MESSAGE][INFO] - Finding web element from Test Object's properties

2021-11-19 17:20:02 - [MESSAGE][INFO] - Checking timeout

2021-11-19 17:20:02 - [MESSAGE][INFO] - Finding web element with id: 'Object Repository/Popup/Kapat' located by 'By.cssSelector: .bootbox-close-button.close' in '10' second(s)

2021-11-19 17:20:02 - [MESSAGE][INFO] - Smart Wait Function is triggered

2021-11-19 17:20:02 - [MESSAGE][INFO] - Found 1 web elements with id: 'Object Repository/Popup/Kapat' located by 'By.cssSelector: .bootbox-close-button.close' in '10' second(s)

2021-11-19 17:20:02 - [MESSAGE][PASSED] - Object 'Object Repository/Popup/Kapat' is clickable

2021-11-19 17:20:02 - [TEST_STEP][PASSED] - click(findTestObject("Popup/Kapat")): Object: 'Object Repository/Popup/Kapat' is clicked on

2021-11-19 17:20:02 - [MESSAGE][INFO] - Finding Test Object 'Object Repository/Popup/Kapat'

2021-11-19 17:20:02 - [MESSAGE][INFO] - Checking object

2021-11-19 17:20:02 - [MESSAGE][INFO] - Finding web element from Test Object's properties

2021-11-19 17:20:02 - [MESSAGE][INFO] - Checking timeout

2021-11-19 17:20:02 - [MESSAGE][INFO] - Finding web element with id: 'Object Repository/Popup/Kapat' located by 'By.cssSelector: .bootbox-close-button.close' in '30' second(s)

2021-11-19 17:20:02 - [MESSAGE][INFO] - Smart Wait Function is triggered

2021-11-19 17:20:02 - [MESSAGE][INFO] - Found 1 web elements with id: 'Object Repository/Popup/Kapat' located by 'By.cssSelector: .bootbox-close-button.close' in '30' second(s)

2021-11-19 17:20:02 - [MESSAGE][INFO] - Clicking on object: 'Object Repository/Popup/Kapat'

2021-11-19 17:20:02 - [MESSAGE][PASSED] - Object: 'Object Repository/Popup/Kapat' is clicked on

2021-11-19 17:20:02 - [MESSAGE][PASSED] - Call Test Case 'Test Cases/Popup/PopupKapatilir' successfully

2021-11-19 17:20:02 - [MESSAGE][INFO] - Checking called Test Case

2021-11-19 17:20:02 - [MESSAGE][INFO] - Starting to call Test Case 'Test Cases/Kullanici_Islemleri/KullaniciIslemlerindenSecimYapilir'

2021-11-19 17:20:02 - [TEST_CASE][PASSED] - Test Cases/Kullanici_Islemleri/KullaniciIslemlerindenSecimYapilir: Test Cases/Kullanici_Islemleri/KullaniciIslemlerindenSecimYapilir

2021-11-19 17:20:02 - [TEST_STEP][PASSED] - waitForElementClickable(findTestObject("Object Repository/Kullanici_Islemleri/KullaniciIslemleri"), 10): Object 'Object Repository/Kullanici_Islemleri/KullaniciIslemleri' is clickable

2021-11-19 17:20:02 - [MESSAGE][INFO] - Finding Test Object 'Object Repository/Kullanici_Islemleri/KullaniciIslemleri'

2021-11-19 17:20:02 - [MESSAGE][INFO] - Checking object

2021-11-19 17:20:02 - [MESSAGE][INFO] - Checking timeout

2021-11-19 17:20:02 - [MESSAGE][INFO] - Finding web element from Test Object's properties

2021-11-19 17:20:02 - [MESSAGE][INFO] - Checking timeout

2021-11-19 17:20:02 - [MESSAGE][INFO] - Finding web element with id: 'Object Repository/Kullanici_Islemleri/KullaniciIslemleri' located by 'By.cssSelector: .dropdown>a>img' in '10' second(s)

2021-11-19 17:20:02 - [MESSAGE][INFO] - Smart Wait Function is triggered

2021-11-19 17:20:03 - [MESSAGE][INFO] - Found 1 web elements with id: 'Object Repository/Kullanici_Islemleri/KullaniciIslemleri' located by 'By.cssSelector: .dropdown>a>img' in '10' second(s)

2021-11-19 17:20:03 - [MESSAGE][PASSED] - Object 'Object Repository/Kullanici_Islemleri/KullaniciIslemleri' is clickable

2021-11-19 17:20:03 - [TEST_STEP][PASSED] - click(findTestObject("Object Repository/Kullanici_Islemleri/KullaniciIslemleri")): Object: 'Object Repository/Kullanici_Islemleri/KullaniciIslemleri' is clicked on

2021-11-19 17:20:03 - [MESSAGE][INFO] - Finding Test Object 'Object Repository/Kullanici_Islemleri/KullaniciIslemleri'

2021-11-19 17:20:03 - [MESSAGE][INFO] - Checking object

2021-11-19 17:20:03 - [MESSAGE][INFO] - Finding web element from Test Object's properties

2021-11-19 17:20:03 - [MESSAGE][INFO] - Checking timeout

2021-11-19 17:20:03 - [MESSAGE][INFO] - Finding web element with id: 'Object Repository/Kullanici_Islemleri/KullaniciIslemleri' located by 'By.cssSelector: .dropdown>a>img' in '30' second(s)

2021-11-19 17:20:03 - [MESSAGE][INFO] - Smart Wait Function is triggered

2021-11-19 17:20:03 - [MESSAGE][INFO] - Found 1 web elements with id: 'Object Repository/Kullanici_Islemleri/KullaniciIslemleri' located by 'By.cssSelector: .dropdown>a>img' in '30' second(s)

2021-11-19 17:20:03 - [MESSAGE][INFO] - Clicking on object: 'Object Repository/Kullanici_Islemleri/KullaniciIslemleri'

2021-11-19 17:20:03 - [MESSAGE][PASSED] - Object: 'Object Repository/Kullanici_Islemleri/KullaniciIslemleri' is clicked on

2021-11-19 17:20:03 - [TEST_STEP][PASSED] - Method.TextDegerineEsitElementeTikla(findTestObject("Object Repository/Kullanici_Islemleri/Secenekler"), Islem): Method.TextDegerineEsitElementeTikla is PASSED

2021-11-19 17:20:03 - [MESSAGE][INFO] - Finding Test Object 'Object Repository/Kullanici_Islemleri/Secenekler'

2021-11-19 17:20:03 - [MESSAGE][INFO] - Checking timeout

2021-11-19 17:20:03 - [MESSAGE][INFO] - Finding web element with id: 'Object Repository/Kullanici_Islemleri/Secenekler' located by 'By.cssSelector: .nav.navbar-nav.navbar-right li a' in '10' second(s)

2021-11-19 17:20:03 - [MESSAGE][INFO] - Smart Wait Function is triggered

2021-11-19 17:20:04 - [MESSAGE][INFO] - Found 22 web elements with id: 'Object Repository/Kullanici_Islemleri/Secenekler' located by 'By.cssSelector: .nav.navbar-nav.navbar-right li a' in '10' second(s)

2021-11-19 17:20:05 - [MESSAGE][PASSED] - Method.TextDegerineEsitElementeTikla is PASSED

2021-11-19 17:20:05 - [TEST_STEP][PASSED] - verifyElementNotPresent(findTestObject("Object Repository/Kullanici_Islemleri/Secenekler"), 10): Web element with id: 'Object Repository/Kullanici_Islemleri/Secenekler' located by 'By.cssSelector: .nav.navbar-nav.navbar-right li a' is not present after '10' second(s)

2021-11-19 17:20:05 - [MESSAGE][INFO] - Finding Test Object 'Object Repository/Kullanici_Islemleri/Secenekler'

2021-11-19 17:20:05 - [MESSAGE][INFO] - Checking object

2021-11-19 17:20:05 - [MESSAGE][INFO] - Checking timeout

2021-11-19 17:20:05 - [MESSAGE][INFO] - Finding web element with id: 'Object Repository/Kullanici_Islemleri/Secenekler' located by 'By.cssSelector: .nav.navbar-nav.navbar-right li a' in '10' second(s)

2021-11-19 17:20:05 - [MESSAGE][INFO] - Smart Wait Function is triggered

2021-11-19 17:20:05 - [MESSAGE][PASSED] - Web element with id: 'Object Repository/Kullanici_Islemleri/Secenekler' located by 'By.cssSelector: .nav.navbar-nav.navbar-right li a' is not present after '10' second(s)

2021-11-19 17:20:05 - [MESSAGE][PASSED] - Call Test Case 'Test Cases/Kullanici_Islemleri/KullaniciIslemlerindenSecimYapilir' successfully

2021-11-19 17:20:05 - [TEST_CASE][PASSED] - Start Test Case : SCENARIO Giden Zarf GIB: SCENARIO Giden Zarf GIB

2021-11-19 17:20:05 - [TEST_STEP][PASSED] - Kullanıcı adı ELOGO6 ve Şifre 123456 olarak giriş yapılır: Kullanıcı adı ELOGO6 ve Şifre 123456 olarak giriş yapılır

2021-11-19 17:20:05 - [MESSAGE][PASSED] - Kullanıcı adı ELOGO6 ve Şifre 123456 olarak giriş yapılır

2021-11-19 17:20:05 - [TEST_STEP][PASSED] - Ana menüden Zarflar seçilir: Ana menüden Zarflar seçilir

2021-11-19 17:20:05 - [MESSAGE][PASSED] - Ana menüden Zarflar seçilir

2021-11-19 17:20:05 - [TEST_STEP][PASSED] - Alt menüden Giden Zarflar seçilir: Alt menüden Giden Zarflar seçilir

2021-11-19 17:20:05 - [MESSAGE][PASSED] - Alt menüden Giden Zarflar seçilir

2021-11-19 17:20:05 - [TEST_STEP][PASSED] - Filtrelerden Oluşturma Tarihi filtresine 01.01.2020 baslangic degerini yaz: Filtrelerden Oluşturma Tarihi filtresine 01.01.2020 baslangic degerini yaz

2021-11-19 17:20:05 - [MESSAGE][PASSED] - Filtrelerden Oluşturma Tarihi filtresine 01.01.2020 baslangic degerini yaz

2021-11-19 17:20:05 - [TEST_STEP][PASSED] - Filtrelerden Oluşturma Tarihi filtresine 31.01.2020 bitis degerini yaz: Filtrelerden Oluşturma Tarihi filtresine 31.01.2020 bitis degerini yaz

2021-11-19 17:20:05 - [MESSAGE][PASSED] - Filtrelerden Oluşturma Tarihi filtresine 31.01.2020 bitis degerini yaz

2021-11-19 17:20:05 - [TEST_STEP][PASSED] - Filtre butonlarından Listele seçilir: Filtre butonlarından Listele seçilir

2021-11-19 17:20:05 - [MESSAGE][PASSED] - Filtre butonlarından Listele seçilir

2021-11-19 17:20:05 - [TEST_STEP][PASSED] - Tabloda veri var mı kontrol edilir: Tabloda veri var mı kontrol edilir

2021-11-19 17:20:05 - [MESSAGE][PASSED] - Tabloda veri var mı kontrol edilir

2021-11-19 17:20:05 - [TEST_STEP][PASSED] - Tablodan GÜMRÜK VE TİCARET BAKANLIĞI isimli veri seçilir: Tablodan GÜMRÜK VE TİCARET BAKANLIĞI isimli veri seçilir

2021-11-19 17:20:05 - [MESSAGE][PASSED] - Tablodan GÜMRÜK VE TİCARET BAKANLIĞI isimli veri seçilir

2021-11-19 17:20:05 - [TEST_STEP][PASSED] - Butonlardan GİB isimli butona tıklanır: Butonlardan GİB isimli butona tıklanır

2021-11-19 17:20:05 - [MESSAGE][PASSED] - Butonlardan GİB isimli butona tıklanır

2021-11-19 17:20:05 - [TEST_STEP][PASSED] - Popup başlığı GİB Durum Sorgulama içeriyor mu: Popup başlığı GİB Durum Sorgulama içeriyor mu

2021-11-19 17:20:05 - [MESSAGE][PASSED] - Popup başlığı GİB Durum Sorgulama içeriyor mu

2021-11-19 17:20:05 - [TEST_STEP][PASSED] - Popup kapatılır: Popup kapatılır

2021-11-19 17:20:05 - [MESSAGE][PASSED] - Popup kapatılır

2021-11-19 17:20:05 - [TEST_STEP][PASSED] - Kullanıcı işlemlerinden Çıkış seçilir: Kullanıcı işlemlerinden Çıkış seçilir

2021-11-19 17:20:05 - [MESSAGE][PASSED] - Kullanıcı işlemlerinden Çıkış seçilir

2021-11-19 17:20:05 - [MESSAGE][PASSED] - Feature file: 'Include/features/Zarflar/Giden Zarflar/GIB.feature' was passed

2021-11-19 17:20:05 - [TEST_STEP][PASSED] - Start listener action : sampleAfterTestSuite: Invoke 'com.kms.katalon.core.annotation.AfterTestCase' method: 'Listener.sampleAfterTestSuite(...)' completed.

2021-11-19 17:20:05 - [MESSAGE][INFO] - Starting invoke 'com.kms.katalon.core.annotation.AfterTestCase' method: 'Listener.sampleAfterTestSuite(...)'

2021-11-19 17:20:05 - [TEST_STEP][PASSED] - closeBrowser(): Invoke 'com.kms.katalon.core.annotation.AfterTestCase' method: 'Listener.sampleAfterTestSuite(...)' completed.

2021-11-19 17:20:05 - [MESSAGE][INFO] - Closing browser

2021-11-19 17:20:06 - [MESSAGE][PASSED] - Browser is closed

2021-11-19 17:20:06 - [MESSAGE][INFO] - Invoke 'com.kms.katalon.core.annotation.AfterTestCase' method: 'Listener.sampleAfterTestSuite(...)' completed.]]></system-out>
         <system-err><![CDATA[]]></system-err>
      </testcase>
      <testcase name="Test Cases/Case Repository/Zarflar/Giden Zarflar/Indir" time="33.305" classname="Test Cases/Case Repository/Zarflar/Giden Zarflar/Indir" status="FAILED">
         <failure type="FAILED" message="Test Cases/Case Repository/Zarflar/Giden Zarflar/Indir FAILED.
Reason:
com.kms.katalon.core.exception.StepFailedException: Feature file 'Include/features/Zarflar/Giden Zarflar/Indir.feature' was failed
	at com.kms.katalon.core.keyword.internal.KeywordMain.stepFailed(KeywordMain.groovy:50)
	at com.kms.katalon.core.keyword.internal.KeywordMain.stepFailed(KeywordMain.groovy)
	at com.kms.katalon.core.keyword.internal.KeywordMain.stepFailed(KeywordMain.groovy:23)
	at com.kms.katalon.core.keyword.internal.KeywordMain$stepFailed$0.call(Unknown Source)
	at com.kms.katalon.core.cucumber.keyword.CucumberBuiltinKeywords$_runFeatureFile_closure1.doCall(CucumberBuiltinKeywords.groovy:112)
	at com.kms.katalon.core.cucumber.keyword.CucumberBuiltinKeywords$_runFeatureFile_closure1.doCall(CucumberBuiltinKeywords.groovy)
	at com.kms.katalon.core.keyword.internal.KeywordMain.runKeyword(KeywordMain.groovy:68)
	at com.kms.katalon.core.keyword.internal.KeywordMain$runKeyword.call(Unknown Source)
	at com.kms.katalon.core.cucumber.keyword.CucumberBuiltinKeywords.runFeatureFile(CucumberBuiltinKeywords.groovy:73)
	at com.kms.katalon.core.cucumber.keyword.CucumberBuiltinKeywords$runFeatureFile$0.callStatic(Unknown Source)
	at com.kms.katalon.core.cucumber.keyword.CucumberBuiltinKeywords.runFeatureFile(CucumberBuiltinKeywords.groovy:246)
	at com.kms.katalon.core.cucumber.keyword.CucumberBuiltinKeywords$runFeatureFile.call(Unknown Source)
	at Indir.run(Indir:19)
	at com.kms.katalon.core.main.ScriptEngine.run(ScriptEngine.java:194)
	at com.kms.katalon.core.main.ScriptEngine.runScriptAsRawText(ScriptEngine.java:119)
	at com.kms.katalon.core.main.TestCaseExecutor.runScript(TestCaseExecutor.java:369)
	at com.kms.katalon.core.main.TestCaseExecutor.doExecute(TestCaseExecutor.java:360)
	at com.kms.katalon.core.main.TestCaseExecutor.processExecutionPhase(TestCaseExecutor.java:339)
	at com.kms.katalon.core.main.TestCaseExecutor.accessMainPhase(TestCaseExecutor.java:331)
	at com.kms.katalon.core.main.TestCaseExecutor.execute(TestCaseExecutor.java:248)
	at com.kms.katalon.core.main.TestSuiteExecutor.accessTestCaseMainPhase(TestSuiteExecutor.java:191)
	at com.kms.katalon.core.main.TestSuiteExecutor.accessTestSuiteMainPhase(TestSuiteExecutor.java:140)
	at com.kms.katalon.core.main.TestSuiteExecutor.execute(TestSuiteExecutor.java:89)
	at com.kms.katalon.core.main.TestCaseMain.startTestSuite(TestCaseMain.java:181)
	at com.kms.katalon.core.main.TestCaseMain$startTestSuite$0.call(Unknown Source)
	at TempTestSuite1637329571499.run(TempTestSuite1637329571499.groovy:39)
"/>
         <system-out><![CDATA[2021-11-19 17:20:06 - [TEST_CASE][FAILED] - Test Cases/Case Repository/Zarflar/Giden Zarflar/Indir: Test Cases/Case Repository/Zarflar/Giden Zarflar/Indir FAILED.
Reason:
com.kms.katalon.core.exception.StepFailedException: Feature file 'Include/features/Zarflar/Giden Zarflar/Indir.feature' was failed
	at com.kms.katalon.core.keyword.internal.KeywordMain.stepFailed(KeywordMain.groovy:50)
	at com.kms.katalon.core.keyword.internal.KeywordMain.stepFailed(KeywordMain.groovy)
	at com.kms.katalon.core.keyword.internal.KeywordMain.stepFailed(KeywordMain.groovy:23)
	at com.kms.katalon.core.keyword.internal.KeywordMain$stepFailed$0.call(Unknown Source)
	at com.kms.katalon.core.cucumber.keyword.CucumberBuiltinKeywords$_runFeatureFile_closure1.doCall(CucumberBuiltinKeywords.groovy:112)
	at com.kms.katalon.core.cucumber.keyword.CucumberBuiltinKeywords$_runFeatureFile_closure1.doCall(CucumberBuiltinKeywords.groovy)
	at com.kms.katalon.core.keyword.internal.KeywordMain.runKeyword(KeywordMain.groovy:68)
	at com.kms.katalon.core.keyword.internal.KeywordMain$runKeyword.call(Unknown Source)
	at com.kms.katalon.core.cucumber.keyword.CucumberBuiltinKeywords.runFeatureFile(CucumberBuiltinKeywords.groovy:73)
	at com.kms.katalon.core.cucumber.keyword.CucumberBuiltinKeywords$runFeatureFile$0.callStatic(Unknown Source)
	at com.kms.katalon.core.cucumber.keyword.CucumberBuiltinKeywords.runFeatureFile(CucumberBuiltinKeywords.groovy:246)
	at com.kms.katalon.core.cucumber.keyword.CucumberBuiltinKeywords$runFeatureFile.call(Unknown Source)
	at Indir.run(Indir:19)
	at com.kms.katalon.core.main.ScriptEngine.run(ScriptEngine.java:194)
	at com.kms.katalon.core.main.ScriptEngine.runScriptAsRawText(ScriptEngine.java:119)
	at com.kms.katalon.core.main.TestCaseExecutor.runScript(TestCaseExecutor.java:369)
	at com.kms.katalon.core.main.TestCaseExecutor.doExecute(TestCaseExecutor.java:360)
	at com.kms.katalon.core.main.TestCaseExecutor.processExecutionPhase(TestCaseExecutor.java:339)
	at com.kms.katalon.core.main.TestCaseExecutor.accessMainPhase(TestCaseExecutor.java:331)
	at com.kms.katalon.core.main.TestCaseExecutor.execute(TestCaseExecutor.java:248)
	at com.kms.katalon.core.main.TestSuiteExecutor.accessTestCaseMainPhase(TestSuiteExecutor.java:191)
	at com.kms.katalon.core.main.TestSuiteExecutor.accessTestSuiteMainPhase(TestSuiteExecutor.java:140)
	at com.kms.katalon.core.main.TestSuiteExecutor.execute(TestSuiteExecutor.java:89)
	at com.kms.katalon.core.main.TestCaseMain.startTestSuite(TestCaseMain.java:181)
	at com.kms.katalon.core.main.TestCaseMain$startTestSuite$0.call(Unknown Source)
	at TempTestSuite1637329571499.run(TempTestSuite1637329571499.groovy:39)


2021-11-19 17:20:06 - [TEST_STEP][PASSED] - Start listener action : sampleBeforeTestSuite: Invoke 'com.kms.katalon.core.annotation.BeforeTestCase' method: 'Listener.sampleBeforeTestSuite(...)' completed.

2021-11-19 17:20:06 - [MESSAGE][INFO] - Starting invoke 'com.kms.katalon.core.annotation.BeforeTestCase' method: 'Listener.sampleBeforeTestSuite(...)'

2021-11-19 17:20:06 - [TEST_STEP][PASSED] - openBrowser(baseUrl): Browser is opened with url: 'https://efatura-stage.elogo.com.tr/'

2021-11-19 17:20:06 - [MESSAGE][INFO] - Opening browser

2021-11-19 17:20:06 - [MESSAGE][INFO] - Starting 'Chrome' driver

2021-11-19 17:20:06 - [MESSAGE][INFO] - User set preference: ['prefs', '{download.default_directory=C:\otomasyondownfiles}']

2021-11-19 17:20:06 - [MESSAGE][INFO] - Action delay is set to 0 milliseconds

2021-11-19 17:20:07 - [MESSAGE][INFO] - Navigating browser to: 'https://efatura-stage.elogo.com.tr/'

2021-11-19 17:20:10 - [MESSAGE][PASSED] - Browser is opened with url: 'https://efatura-stage.elogo.com.tr/'

2021-11-19 17:20:10 - [TEST_STEP][PASSED] - maximizeWindow(): Invoke 'com.kms.katalon.core.annotation.BeforeTestCase' method: 'Listener.sampleBeforeTestSuite(...)' completed.

2021-11-19 17:20:10 - [MESSAGE][INFO] - Maximizing current window

2021-11-19 17:20:10 - [MESSAGE][PASSED] - Current window maximized

2021-11-19 17:20:10 - [MESSAGE][INFO] - Invoke 'com.kms.katalon.core.annotation.BeforeTestCase' method: 'Listener.sampleBeforeTestSuite(...)' completed.

2021-11-19 17:20:10 - [TEST_STEP][FAILED] - runFeatureFile("Include/features/Zarflar/Giden Zarflar/Indir.feature"): Keyword runFeatureFile was failed (Root cause: com.kms.katalon.core.exception.StepFailedException: Feature file 'Include/features/Zarflar/Giden Zarflar/Indir.feature' was failed
	at com.kms.katalon.core.keyword.internal.KeywordMain.stepFailed(KeywordMain.groovy:50)
	at com.kms.katalon.core.keyword.internal.KeywordMain.stepFailed(KeywordMain.groovy)
	at com.kms.katalon.core.keyword.internal.KeywordMain.stepFailed(KeywordMain.groovy:23)
	at com.kms.katalon.core.keyword.internal.KeywordMain$stepFailed$0.call(Unknown Source)
	at com.kms.katalon.core.cucumber.keyword.CucumberBuiltinKeywords$_runFeatureFile_closure1.doCall(CucumberBuiltinKeywords.groovy:112)
	at com.kms.katalon.core.cucumber.keyword.CucumberBuiltinKeywords$_runFeatureFile_closure1.doCall(CucumberBuiltinKeywords.groovy)
	at com.kms.katalon.core.keyword.internal.KeywordMain.runKeyword(KeywordMain.groovy:68)
	at com.kms.katalon.core.keyword.internal.KeywordMain$runKeyword.call(Unknown Source)
	at com.kms.katalon.core.cucumber.keyword.CucumberBuiltinKeywords.runFeatureFile(CucumberBuiltinKeywords.groovy:73)
	at com.kms.katalon.core.cucumber.keyword.CucumberBuiltinKeywords$runFeatureFile$0.callStatic(Unknown Source)
	at com.kms.katalon.core.cucumber.keyword.CucumberBuiltinKeywords.runFeatureFile(CucumberBuiltinKeywords.groovy:246)
	at com.kms.katalon.core.cucumber.keyword.CucumberBuiltinKeywords$runFeatureFile.call(Unknown Source)
	at Indir.run(Indir:19)
	at com.kms.katalon.core.main.ScriptEngine.run(ScriptEngine.java:194)
	at com.kms.katalon.core.main.ScriptEngine.runScriptAsRawText(ScriptEngine.java:119)
	at com.kms.katalon.core.main.TestCaseExecutor.runScript(TestCaseExecutor.java:369)
	at com.kms.katalon.core.main.TestCaseExecutor.doExecute(TestCaseExecutor.java:360)
	at com.kms.katalon.core.main.TestCaseExecutor.processExecutionPhase(TestCaseExecutor.java:339)
	at com.kms.katalon.core.main.TestCaseExecutor.accessMainPhase(TestCaseExecutor.java:331)
	at com.kms.katalon.core.main.TestCaseExecutor.execute(TestCaseExecutor.java:248)
	at com.kms.katalon.core.main.TestSuiteExecutor.accessTestCaseMainPhase(TestSuiteExecutor.java:191)
	at com.kms.katalon.core.main.TestSuiteExecutor.accessTestSuiteMainPhase(TestSuiteExecutor.java:140)
	at com.kms.katalon.core.main.TestSuiteExecutor.execute(TestSuiteExecutor.java:89)
	at com.kms.katalon.core.main.TestCaseMain.startTestSuite(TestCaseMain.java:181)
	at com.kms.katalon.core.main.TestCaseMain$startTestSuite$0.call(Unknown Source)
	at TempTestSuite1637329571499.run(TempTestSuite1637329571499.groovy:39)
)

2021-11-19 17:20:10 - [MESSAGE][INFO] - Starting run keyword runFeatureFile: 'Include/features/Zarflar/Giden Zarflar/Indir.feature' and extract report to folder: 'C:\Users\DELL\Documents\GitHub\EES_KatalonLogo\Reports\20211119_164526\Suite Repository\Zarflar\20211119_164611/cucumber_report/1637331610871'...

2021-11-19 17:20:10 - [MESSAGE][INFO] - Glue: []

2021-11-19 17:20:12 - [MESSAGE][INFO] - Checking called Test Case

2021-11-19 17:20:12 - [MESSAGE][INFO] - Starting to call Test Case 'Test Cases/Sayfalar/Giris_Sayfasi/Login'

2021-11-19 17:20:13 - [TEST_CASE][PASSED] - Test Cases/Sayfalar/Giris_Sayfasi/Login: Test Cases/Sayfalar/Giris_Sayfasi/Login

2021-11-19 17:20:13 - [TEST_STEP][PASSED] - Sayfa_Basligi = getWindowTitle(): Current window's title is: 'LOGO e-Fatura'

2021-11-19 17:20:13 - [MESSAGE][INFO] - Getting current window's title

2021-11-19 17:20:13 - [MESSAGE][PASSED] - Current window's title is: 'LOGO e-Fatura'

2021-11-19 17:20:13 - [TEST_STEP][PASSED] - verifyMatch(Sayfa_Basligi, "LOGO e-Fatura", false): Actual text 'LOGO e-Fatura' and expected text 'LOGO e-Fatura' are matched 

2021-11-19 17:20:13 - [MESSAGE][INFO] - Matching actual text 'LOGO e-Fatura' with expected text 'LOGO e-Fatura'

2021-11-19 17:20:13 - [MESSAGE][PASSED] - Actual text 'LOGO e-Fatura' and expected text 'LOGO e-Fatura' are matched 

2021-11-19 17:20:13 - [TEST_STEP][PASSED] - sendKeys(findTestObject("Sayfalar/Giris_Sayfasi/Firma_Kodu"), KullaniciAdi): Keys 'ELOGO6' sent to object: 'Object Repository/Sayfalar/Giris_Sayfasi/Firma_Kodu'

2021-11-19 17:20:13 - [MESSAGE][INFO] - Finding Test Object 'Object Repository/Sayfalar/Giris_Sayfasi/Firma_Kodu'

2021-11-19 17:20:13 - [MESSAGE][INFO] - Sending keys 'ELOGO6' to object: 'Object Repository/Sayfalar/Giris_Sayfasi/Firma_Kodu'

2021-11-19 17:20:13 - [MESSAGE][INFO] - Finding web element from Test Object's properties

2021-11-19 17:20:13 - [MESSAGE][INFO] - Checking timeout

2021-11-19 17:20:13 - [MESSAGE][INFO] - Finding web element with id: 'Object Repository/Sayfalar/Giris_Sayfasi/Firma_Kodu' located by 'By.xpath: //*[@id = 'AccountName']' in '30' second(s)

2021-11-19 17:20:13 - [MESSAGE][INFO] - Smart Wait Function is triggered

2021-11-19 17:20:13 - [MESSAGE][INFO] - Found 1 web elements with id: 'Object Repository/Sayfalar/Giris_Sayfasi/Firma_Kodu' located by 'By.xpath: //*[@id = 'AccountName']' in '30' second(s)

2021-11-19 17:20:13 - [MESSAGE][PASSED] - Keys 'ELOGO6' sent to object: 'Object Repository/Sayfalar/Giris_Sayfasi/Firma_Kodu'

2021-11-19 17:20:13 - [TEST_STEP][PASSED] - sendKeys(findTestObject("Sayfalar/Giris_Sayfasi/Sifre"), Sifre): Keys '123456' sent to object: 'Object Repository/Sayfalar/Giris_Sayfasi/Sifre'

2021-11-19 17:20:13 - [MESSAGE][INFO] - Finding Test Object 'Object Repository/Sayfalar/Giris_Sayfasi/Sifre'

2021-11-19 17:20:13 - [MESSAGE][INFO] - Sending keys '123456' to object: 'Object Repository/Sayfalar/Giris_Sayfasi/Sifre'

2021-11-19 17:20:13 - [MESSAGE][INFO] - Finding web element from Test Object's properties

2021-11-19 17:20:13 - [MESSAGE][INFO] - Checking timeout

2021-11-19 17:20:13 - [MESSAGE][INFO] - Finding web element with id: 'Object Repository/Sayfalar/Giris_Sayfasi/Sifre' located by 'By.xpath: //*[@id = 'Password']' in '30' second(s)

2021-11-19 17:20:13 - [MESSAGE][INFO] - Smart Wait Function is triggered

2021-11-19 17:20:13 - [MESSAGE][INFO] - Found 1 web elements with id: 'Object Repository/Sayfalar/Giris_Sayfasi/Sifre' located by 'By.xpath: //*[@id = 'Password']' in '30' second(s)

2021-11-19 17:20:14 - [MESSAGE][PASSED] - Keys '123456' sent to object: 'Object Repository/Sayfalar/Giris_Sayfasi/Sifre'

2021-11-19 17:20:14 - [TEST_STEP][PASSED] - findWebElement(findTestObject("Sayfalar/Giris_Sayfasi/Giris_Butonu")).click(): Found 1 web elements with id: 'Object Repository/Sayfalar/Giris_Sayfasi/Giris_Butonu' located by 'By.cssSelector: #btnLogin' in '30' second(s)

2021-11-19 17:20:14 - [MESSAGE][INFO] - Finding Test Object 'Object Repository/Sayfalar/Giris_Sayfasi/Giris_Butonu'

2021-11-19 17:20:14 - [MESSAGE][INFO] - Finding web element from Test Object's properties

2021-11-19 17:20:14 - [MESSAGE][INFO] - Checking timeout

2021-11-19 17:20:14 - [MESSAGE][INFO] - Finding web element with id: 'Object Repository/Sayfalar/Giris_Sayfasi/Giris_Butonu' located by 'By.cssSelector: #btnLogin' in '30' second(s)

2021-11-19 17:20:14 - [MESSAGE][INFO] - Smart Wait Function is triggered

2021-11-19 17:20:14 - [MESSAGE][INFO] - Found 1 web elements with id: 'Object Repository/Sayfalar/Giris_Sayfasi/Giris_Butonu' located by 'By.cssSelector: #btnLogin' in '30' second(s)

2021-11-19 17:20:16 - [TEST_STEP][PASSED] - if (verifyElementPresent(findTestObject("Object Repository/Sayfalar/Giris_Sayfasi/RetveTamam_Butonu"), 5, OPTIONAL)): null

2021-11-19 17:20:16 - [MESSAGE][INFO] - Finding Test Object 'Object Repository/Sayfalar/Giris_Sayfasi/RetveTamam_Butonu'

2021-11-19 17:20:17 - [MESSAGE][INFO] - Checking object

2021-11-19 17:20:17 - [MESSAGE][INFO] - Finding web element from Test Object's properties

2021-11-19 17:20:17 - [MESSAGE][INFO] - Checking timeout

2021-11-19 17:20:17 - [MESSAGE][INFO] - Finding web element with id: 'Object Repository/Sayfalar/Giris_Sayfasi/RetveTamam_Butonu' located by 'By.xpath: //*[@class = 'btn btn-default']' in '5' second(s)

2021-11-19 17:20:17 - [MESSAGE][INFO] - Smart Wait Function is triggered

2021-11-19 17:20:17 - [MESSAGE][INFO] - Found 1 web elements with id: 'Object Repository/Sayfalar/Giris_Sayfasi/RetveTamam_Butonu' located by 'By.xpath: //*[@class = 'btn btn-default']' in '5' second(s)

2021-11-19 17:20:17 - [MESSAGE][PASSED] - Object 'Object Repository/Sayfalar/Giris_Sayfasi/RetveTamam_Butonu' is present

2021-11-19 17:20:17 - [TEST_STEP][PASSED] - click(findTestObject("Object Repository/Sayfalar/Giris_Sayfasi/RetveTamam_Butonu")): Object: 'Object Repository/Sayfalar/Giris_Sayfasi/RetveTamam_Butonu' is clicked on

2021-11-19 17:20:17 - [MESSAGE][INFO] - Finding Test Object 'Object Repository/Sayfalar/Giris_Sayfasi/RetveTamam_Butonu'

2021-11-19 17:20:17 - [MESSAGE][INFO] - Checking object

2021-11-19 17:20:17 - [MESSAGE][INFO] - Finding web element from Test Object's properties

2021-11-19 17:20:17 - [MESSAGE][INFO] - Checking timeout

2021-11-19 17:20:17 - [MESSAGE][INFO] - Finding web element with id: 'Object Repository/Sayfalar/Giris_Sayfasi/RetveTamam_Butonu' located by 'By.xpath: //*[@class = 'btn btn-default']' in '30' second(s)

2021-11-19 17:20:17 - [MESSAGE][INFO] - Smart Wait Function is triggered

2021-11-19 17:20:17 - [MESSAGE][INFO] - Found 1 web elements with id: 'Object Repository/Sayfalar/Giris_Sayfasi/RetveTamam_Butonu' located by 'By.xpath: //*[@class = 'btn btn-default']' in '30' second(s)

2021-11-19 17:20:17 - [MESSAGE][INFO] - Clicking on object: 'Object Repository/Sayfalar/Giris_Sayfasi/RetveTamam_Butonu'

2021-11-19 17:20:17 - [MESSAGE][PASSED] - Object: 'Object Repository/Sayfalar/Giris_Sayfasi/RetveTamam_Butonu' is clicked on

2021-11-19 17:20:17 - [TEST_STEP][PASSED] - click(findTestObject("Object Repository/Sayfalar/Giris_Sayfasi/RetveTamam_Butonu")): Object: 'Object Repository/Sayfalar/Giris_Sayfasi/RetveTamam_Butonu' is clicked on

2021-11-19 17:20:17 - [MESSAGE][INFO] - Finding Test Object 'Object Repository/Sayfalar/Giris_Sayfasi/RetveTamam_Butonu'

2021-11-19 17:20:17 - [MESSAGE][INFO] - Checking object

2021-11-19 17:20:17 - [MESSAGE][INFO] - Finding web element from Test Object's properties

2021-11-19 17:20:17 - [MESSAGE][INFO] - Checking timeout

2021-11-19 17:20:17 - [MESSAGE][INFO] - Finding web element with id: 'Object Repository/Sayfalar/Giris_Sayfasi/RetveTamam_Butonu' located by 'By.xpath: //*[@class = 'btn btn-default']' in '30' second(s)

2021-11-19 17:20:17 - [MESSAGE][INFO] - Smart Wait Function is triggered

2021-11-19 17:20:20 - [MESSAGE][INFO] - Found 1 web elements with id: 'Object Repository/Sayfalar/Giris_Sayfasi/RetveTamam_Butonu' located by 'By.xpath: //*[@class = 'btn btn-default']' in '30' second(s)

2021-11-19 17:20:20 - [MESSAGE][INFO] - Clicking on object: 'Object Repository/Sayfalar/Giris_Sayfasi/RetveTamam_Butonu'

2021-11-19 17:20:20 - [MESSAGE][PASSED] - Object: 'Object Repository/Sayfalar/Giris_Sayfasi/RetveTamam_Butonu' is clicked on

2021-11-19 17:20:20 - [TEST_STEP][PASSED] - if (verifyElementPresent(findTestObject("Sayfalar/Giris_Sayfasi/PopupOK"), 5, OPTIONAL)): null

2021-11-19 17:20:20 - [MESSAGE][INFO] - Finding Test Object 'Object Repository/Sayfalar/Giris_Sayfasi/PopupOK'

2021-11-19 17:20:21 - [MESSAGE][INFO] - Checking object

2021-11-19 17:20:21 - [MESSAGE][INFO] - Finding web element from Test Object's properties

2021-11-19 17:20:21 - [MESSAGE][INFO] - Checking timeout

2021-11-19 17:20:21 - [MESSAGE][INFO] - Finding web element with id: 'Object Repository/Sayfalar/Giris_Sayfasi/PopupOK' located by 'By.cssSelector: .btn.btn-success' in '5' second(s)

2021-11-19 17:20:21 - [MESSAGE][INFO] - Smart Wait Function is triggered

2021-11-19 17:20:21 - [MESSAGE][INFO] - Found 1 web elements with id: 'Object Repository/Sayfalar/Giris_Sayfasi/PopupOK' located by 'By.cssSelector: .btn.btn-success' in '5' second(s)

2021-11-19 17:20:21 - [MESSAGE][PASSED] - Object 'Object Repository/Sayfalar/Giris_Sayfasi/PopupOK' is present

2021-11-19 17:20:21 - [TEST_STEP][PASSED] - click(findTestObject("Object Repository/Sayfalar/Giris_Sayfasi/PopupCarpiGiris")): Object: 'Object Repository/Sayfalar/Giris_Sayfasi/PopupCarpiGiris' is clicked on

2021-11-19 17:20:21 - [MESSAGE][INFO] - Finding Test Object 'Object Repository/Sayfalar/Giris_Sayfasi/PopupCarpiGiris'

2021-11-19 17:20:21 - [MESSAGE][INFO] - Checking object

2021-11-19 17:20:21 - [MESSAGE][INFO] - Finding web element from Test Object's properties

2021-11-19 17:20:21 - [MESSAGE][INFO] - Checking timeout

2021-11-19 17:20:21 - [MESSAGE][INFO] - Finding web element with id: 'Object Repository/Sayfalar/Giris_Sayfasi/PopupCarpiGiris' located by 'By.cssSelector: .bootbox-close-button.close' in '30' second(s)

2021-11-19 17:20:21 - [MESSAGE][INFO] - Smart Wait Function is triggered

2021-11-19 17:20:22 - [MESSAGE][INFO] - Found 1 web elements with id: 'Object Repository/Sayfalar/Giris_Sayfasi/PopupCarpiGiris' located by 'By.cssSelector: .bootbox-close-button.close' in '30' second(s)

2021-11-19 17:20:22 - [MESSAGE][INFO] - Clicking on object: 'Object Repository/Sayfalar/Giris_Sayfasi/PopupCarpiGiris'

2021-11-19 17:20:22 - [MESSAGE][PASSED] - Object: 'Object Repository/Sayfalar/Giris_Sayfasi/PopupCarpiGiris' is clicked on

2021-11-19 17:20:22 - [TEST_STEP][PASSED] - verifyElementVisible(findTestObject("Object Repository/Kullanici_Islemleri/KullaniciIslemleri")): Object 'Object Repository/Kullanici_Islemleri/KullaniciIslemleri' is visible

2021-11-19 17:20:22 - [MESSAGE][INFO] - Finding Test Object 'Object Repository/Kullanici_Islemleri/KullaniciIslemleri'

2021-11-19 17:20:22 - [MESSAGE][INFO] - Checking object

2021-11-19 17:20:22 - [MESSAGE][INFO] - Finding web element from Test Object's properties

2021-11-19 17:20:22 - [MESSAGE][INFO] - Checking timeout

2021-11-19 17:20:22 - [MESSAGE][INFO] - Finding web element with id: 'Object Repository/Kullanici_Islemleri/KullaniciIslemleri' located by 'By.cssSelector: .dropdown>a>img' in '30' second(s)

2021-11-19 17:20:22 - [MESSAGE][INFO] - Smart Wait Function is triggered

2021-11-19 17:20:22 - [MESSAGE][INFO] - Found 1 web elements with id: 'Object Repository/Kullanici_Islemleri/KullaniciIslemleri' located by 'By.cssSelector: .dropdown>a>img' in '30' second(s)

2021-11-19 17:20:22 - [MESSAGE][PASSED] - Object 'Object Repository/Kullanici_Islemleri/KullaniciIslemleri' is visible

2021-11-19 17:20:22 - [MESSAGE][PASSED] - Call Test Case 'Test Cases/Sayfalar/Giris_Sayfasi/Login' successfully

2021-11-19 17:20:22 - [MESSAGE][INFO] - Checking called Test Case

2021-11-19 17:20:22 - [MESSAGE][INFO] - Starting to call Test Case 'Test Cases/Menu/AnaMenuSecimi'

2021-11-19 17:20:23 - [TEST_CASE][PASSED] - Test Cases/Menu/AnaMenuSecimi: Test Cases/Menu/AnaMenuSecimi

2021-11-19 17:20:23 - [TEST_STEP][PASSED] - Method.TextDegerineEsitElementeTikla(findTestObject("Menu/Ana_Menu"), Ana_Menu): Method.TextDegerineEsitElementeTikla is PASSED

2021-11-19 17:20:23 - [MESSAGE][INFO] - Finding Test Object 'Object Repository/Menu/Ana_Menu'

2021-11-19 17:20:23 - [MESSAGE][INFO] - Checking timeout

2021-11-19 17:20:23 - [MESSAGE][INFO] - Finding web element with id: 'Object Repository/Menu/Ana_Menu' located by 'By.xpath: //*[@class = 'dropdown-toggle']' in '10' second(s)

2021-11-19 17:20:23 - [MESSAGE][INFO] - Smart Wait Function is triggered

2021-11-19 17:20:23 - [MESSAGE][INFO] - Found 14 web elements with id: 'Object Repository/Menu/Ana_Menu' located by 'By.xpath: //*[@class = 'dropdown-toggle']' in '10' second(s)

2021-11-19 17:20:23 - [MESSAGE][PASSED] - Method.TextDegerineEsitElementeTikla is PASSED

2021-11-19 17:20:23 - [MESSAGE][PASSED] - Call Test Case 'Test Cases/Menu/AnaMenuSecimi' successfully

2021-11-19 17:20:23 - [MESSAGE][INFO] - Checking called Test Case

2021-11-19 17:20:23 - [MESSAGE][INFO] - Starting to call Test Case 'Test Cases/Menu/AltMenuSecimi'

2021-11-19 17:20:23 - [TEST_CASE][PASSED] - Test Cases/Menu/AltMenuSecimi: Test Cases/Menu/AltMenuSecimi

2021-11-19 17:20:23 - [TEST_STEP][PASSED] - Method.TextDegerineEsitElementeTikla(findTestObject("Menu/Alt_Menu"), Alt_Menu): Method.TextDegerineEsitElementeTikla is PASSED

2021-11-19 17:20:23 - [MESSAGE][INFO] - Finding Test Object 'Object Repository/Menu/Alt_Menu'

2021-11-19 17:20:23 - [MESSAGE][INFO] - Checking timeout

2021-11-19 17:20:23 - [MESSAGE][INFO] - Finding web element with id: 'Object Repository/Menu/Alt_Menu' located by 'By.xpath: //li[@class='dropdown dropdown-large open']//li[@class='dropdown-element']' in '10' second(s)

2021-11-19 17:20:23 - [MESSAGE][INFO] - Smart Wait Function is triggered

2021-11-19 17:20:23 - [MESSAGE][INFO] - Found 2 web elements with id: 'Object Repository/Menu/Alt_Menu' located by 'By.xpath: //li[@class='dropdown dropdown-large open']//li[@class='dropdown-element']' in '10' second(s)

2021-11-19 17:20:25 - [MESSAGE][PASSED] - Method.TextDegerineEsitElementeTikla is PASSED

2021-11-19 17:20:25 - [MESSAGE][PASSED] - Call Test Case 'Test Cases/Menu/AltMenuSecimi' successfully

2021-11-19 17:20:25 - [MESSAGE][INFO] - Checking called Test Case

2021-11-19 17:20:25 - [MESSAGE][INFO] - Starting to call Test Case 'Test Cases/Filtreler/BaslangicYaz'

2021-11-19 17:20:25 - [TEST_CASE][PASSED] - Test Cases/Filtreler/BaslangicYaz: Test Cases/Filtreler/BaslangicYaz

2021-11-19 17:20:25 - [TEST_STEP][PASSED] - delay(3): Delayed 3 second(s)

2021-11-19 17:20:25 - [MESSAGE][INFO] - Delaying browser in 3 second(s)

2021-11-19 17:20:28 - [MESSAGE][PASSED] - Delayed 3 second(s)

2021-11-19 17:20:28 - [TEST_STEP][PASSED] - Method.TextDegerineEsitElementinAltindakineTikla(findTestObject("Filtreler/Basliklar"), findTestObject("Filtreler/Basliga_Gore_Baslangic_Image"), Filtre_Adi): Method.TextDegerineEsitElementinAltindakineTikla is PASSED

2021-11-19 17:20:28 - [MESSAGE][INFO] - Finding Test Object 'Object Repository/Filtreler/Basliklar'

2021-11-19 17:20:28 - [MESSAGE][INFO] - Finding Test Object 'Object Repository/Filtreler/Basliga_Gore_Baslangic_Image'

2021-11-19 17:20:28 - [MESSAGE][INFO] - Checking timeout

2021-11-19 17:20:28 - [MESSAGE][INFO] - Finding web element with id: 'Object Repository/Filtreler/Basliklar' located by 'By.cssSelector: .control-label.col-sm-4.paddingMarginRLC' in '10' second(s)

2021-11-19 17:20:28 - [MESSAGE][INFO] - Smart Wait Function is triggered

2021-11-19 17:20:29 - [MESSAGE][INFO] - Found 8 web elements with id: 'Object Repository/Filtreler/Basliklar' located by 'By.cssSelector: .control-label.col-sm-4.paddingMarginRLC' in '10' second(s)

2021-11-19 17:20:29 - [MESSAGE][INFO] - Smart Wait Function is triggered

2021-11-19 17:20:29 - [MESSAGE][PASSED] - Method.TextDegerineEsitElementinAltindakineTikla is PASSED

2021-11-19 17:20:29 - [TEST_STEP][PASSED] - Method.TextDegerineEsitElementinAltindakiTextboxtaYaz(findTestObject("Filtreler/Basliklar"), findTestObject("Filtreler/Basliga_Gore_Baslangic"), Filtre_Adi, Filtre_Degeri): Method.TextDegerineEsitElementinAltindakiTextboxtaYaz is PASSED

2021-11-19 17:20:29 - [MESSAGE][INFO] - Finding Test Object 'Object Repository/Filtreler/Basliklar'

2021-11-19 17:20:29 - [MESSAGE][INFO] - Finding Test Object 'Object Repository/Filtreler/Basliga_Gore_Baslangic'

2021-11-19 17:20:29 - [MESSAGE][INFO] - Checking timeout

2021-11-19 17:20:29 - [MESSAGE][INFO] - Finding web element with id: 'Object Repository/Filtreler/Basliklar' located by 'By.cssSelector: .control-label.col-sm-4.paddingMarginRLC' in '10' second(s)

2021-11-19 17:20:29 - [MESSAGE][INFO] - Smart Wait Function is triggered

2021-11-19 17:20:30 - [MESSAGE][INFO] - Found 8 web elements with id: 'Object Repository/Filtreler/Basliklar' located by 'By.cssSelector: .control-label.col-sm-4.paddingMarginRLC' in '10' second(s)

2021-11-19 17:20:30 - [MESSAGE][INFO] - Smart Wait Function is triggered

2021-11-19 17:20:30 - [MESSAGE][PASSED] - Method.TextDegerineEsitElementinAltindakiTextboxtaYaz is PASSED

2021-11-19 17:20:30 - [MESSAGE][PASSED] - Call Test Case 'Test Cases/Filtreler/BaslangicYaz' successfully

2021-11-19 17:20:30 - [MESSAGE][INFO] - Checking called Test Case

2021-11-19 17:20:30 - [MESSAGE][INFO] - Starting to call Test Case 'Test Cases/Filtreler/BitisYaz'

2021-11-19 17:20:30 - [TEST_CASE][PASSED] - Test Cases/Filtreler/BitisYaz: Test Cases/Filtreler/BitisYaz

2021-11-19 17:20:30 - [TEST_STEP][PASSED] - Method.TextDegerineEsitElementinAltindakineTikla(findTestObject("Filtreler/Basliklar"), findTestObject("Filtreler/Basliga_Gore_Bitis_Image"), Filtre_Adi): Method.TextDegerineEsitElementinAltindakineTikla is PASSED

2021-11-19 17:20:30 - [MESSAGE][INFO] - Finding Test Object 'Object Repository/Filtreler/Basliklar'

2021-11-19 17:20:30 - [MESSAGE][INFO] - Finding Test Object 'Object Repository/Filtreler/Basliga_Gore_Bitis_Image'

2021-11-19 17:20:30 - [MESSAGE][INFO] - Checking timeout

2021-11-19 17:20:30 - [MESSAGE][INFO] - Finding web element with id: 'Object Repository/Filtreler/Basliklar' located by 'By.cssSelector: .control-label.col-sm-4.paddingMarginRLC' in '10' second(s)

2021-11-19 17:20:30 - [MESSAGE][INFO] - Smart Wait Function is triggered

2021-11-19 17:20:30 - [MESSAGE][INFO] - Found 8 web elements with id: 'Object Repository/Filtreler/Basliklar' located by 'By.cssSelector: .control-label.col-sm-4.paddingMarginRLC' in '10' second(s)

2021-11-19 17:20:30 - [MESSAGE][INFO] - Smart Wait Function is triggered

2021-11-19 17:20:31 - [MESSAGE][PASSED] - Method.TextDegerineEsitElementinAltindakineTikla is PASSED

2021-11-19 17:20:31 - [TEST_STEP][PASSED] - Method.TextDegerineEsitElementinAltindakiTextboxtaYaz(findTestObject("Filtreler/Basliklar"), findTestObject("Object Repository/Filtreler/Basliga_Gore_Bitis"), Filtre_Adi, Filtre_Degeri): Method.TextDegerineEsitElementinAltindakiTextboxtaYaz is PASSED

2021-11-19 17:20:31 - [MESSAGE][INFO] - Finding Test Object 'Object Repository/Filtreler/Basliklar'

2021-11-19 17:20:31 - [MESSAGE][INFO] - Finding Test Object 'Object Repository/Filtreler/Basliga_Gore_Bitis'

2021-11-19 17:20:31 - [MESSAGE][INFO] - Checking timeout

2021-11-19 17:20:31 - [MESSAGE][INFO] - Finding web element with id: 'Object Repository/Filtreler/Basliklar' located by 'By.cssSelector: .control-label.col-sm-4.paddingMarginRLC' in '10' second(s)

2021-11-19 17:20:31 - [MESSAGE][INFO] - Smart Wait Function is triggered

2021-11-19 17:20:31 - [MESSAGE][INFO] - Found 8 web elements with id: 'Object Repository/Filtreler/Basliklar' located by 'By.cssSelector: .control-label.col-sm-4.paddingMarginRLC' in '10' second(s)

2021-11-19 17:20:31 - [MESSAGE][INFO] - Smart Wait Function is triggered

2021-11-19 17:20:32 - [MESSAGE][PASSED] - Method.TextDegerineEsitElementinAltindakiTextboxtaYaz is PASSED

2021-11-19 17:20:32 - [MESSAGE][PASSED] - Call Test Case 'Test Cases/Filtreler/BitisYaz' successfully

2021-11-19 17:20:32 - [MESSAGE][INFO] - Checking called Test Case

2021-11-19 17:20:32 - [MESSAGE][INFO] - Starting to call Test Case 'Test Cases/Filtreler/ButonaTikla'

2021-11-19 17:20:32 - [TEST_CASE][PASSED] - Test Cases/Filtreler/ButonaTikla: Test Cases/Filtreler/ButonaTikla

2021-11-19 17:20:32 - [TEST_STEP][PASSED] - Method.TextDegerineEsitElementeTikla(findTestObject("Filtreler/Butonlar"), Filtre_Buton): Method.TextDegerineEsitElementeTikla is PASSED

2021-11-19 17:20:32 - [MESSAGE][INFO] - Finding Test Object 'Object Repository/Filtreler/Butonlar'

2021-11-19 17:20:32 - [MESSAGE][INFO] - Checking timeout

2021-11-19 17:20:32 - [MESSAGE][INFO] - Finding web element with id: 'Object Repository/Filtreler/Butonlar' located by 'By.cssSelector: .dxb>span' in '10' second(s)

2021-11-19 17:20:32 - [MESSAGE][INFO] - Smart Wait Function is triggered

2021-11-19 17:20:32 - [MESSAGE][INFO] - Found 3 web elements with id: 'Object Repository/Filtreler/Butonlar' located by 'By.cssSelector: .dxb>span' in '10' second(s)

2021-11-19 17:20:33 - [MESSAGE][PASSED] - Method.TextDegerineEsitElementeTikla is PASSED

2021-11-19 17:20:33 - [MESSAGE][PASSED] - Call Test Case 'Test Cases/Filtreler/ButonaTikla' successfully

2021-11-19 17:20:33 - [MESSAGE][INFO] - Checking called Test Case

2021-11-19 17:20:33 - [MESSAGE][INFO] - Starting to call Test Case 'Test Cases/Tablo/TablodaVeriVarMi'

2021-11-19 17:20:33 - [TEST_CASE][PASSED] - Test Cases/Tablo/TablodaVeriVarMi: Test Cases/Tablo/TablodaVeriVarMi

2021-11-19 17:20:33 - [TEST_STEP][PASSED] - verifyTextNotPresent("Görüntülenecek veri yok", true): Text 'Görüntülenecek veri yok' is not present on page using regular expression

2021-11-19 17:20:33 - [MESSAGE][INFO] - Checking text present  using regular expression

2021-11-19 17:20:33 - [MESSAGE][INFO] - Smart Wait Function is triggered

2021-11-19 17:20:33 - [MESSAGE][INFO] - Finding text 'Görüntülenecek veri yok' on page  using regular expression

2021-11-19 17:20:33 - [MESSAGE][PASSED] - Text 'Görüntülenecek veri yok' is not present on page using regular expression

2021-11-19 17:20:33 - [MESSAGE][PASSED] - Call Test Case 'Test Cases/Tablo/TablodaVeriVarMi' successfully

2021-11-19 17:20:33 - [MESSAGE][INFO] - Checking called Test Case

2021-11-19 17:20:33 - [MESSAGE][INFO] - Starting to call Test Case 'Test Cases/Tablo/TablodanVeriSec'

2021-11-19 17:20:33 - [TEST_CASE][PASSED] - Test Cases/Tablo/TablodanVeriSec: Test Cases/Tablo/TablodanVeriSec

2021-11-19 17:20:33 - [TEST_STEP][PASSED] - Method.TextDegerineEsitElementinAltindakineTikla(findTestObject("Tablo/Veriler"), findTestObject("Tablo/VerininCheckBoxi"), Veri_Adi): Method.TextDegerineEsitElementinAltindakineTikla is PASSED

2021-11-19 17:20:33 - [MESSAGE][INFO] - Finding Test Object 'Object Repository/Tablo/Veriler'

2021-11-19 17:20:33 - [MESSAGE][INFO] - Finding Test Object 'Object Repository/Tablo/VerininCheckBoxi'

2021-11-19 17:20:33 - [MESSAGE][INFO] - Checking timeout

2021-11-19 17:20:33 - [MESSAGE][INFO] - Finding web element with id: 'Object Repository/Tablo/Veriler' located by 'By.cssSelector: td.dxgv b ,td.dxgv' in '10' second(s)

2021-11-19 17:20:33 - [MESSAGE][INFO] - Smart Wait Function is triggered

2021-11-19 17:20:34 - [MESSAGE][INFO] - Found 110 web elements with id: 'Object Repository/Tablo/Veriler' located by 'By.cssSelector: td.dxgv b ,td.dxgv' in '10' second(s)

2021-11-19 17:20:34 - [MESSAGE][INFO] - Smart Wait Function is triggered

2021-11-19 17:20:34 - [MESSAGE][PASSED] - Method.TextDegerineEsitElementinAltindakineTikla is PASSED

2021-11-19 17:20:34 - [MESSAGE][PASSED] - Call Test Case 'Test Cases/Tablo/TablodanVeriSec' successfully

2021-11-19 17:20:34 - [MESSAGE][INFO] - Checking called Test Case

2021-11-19 17:20:34 - [MESSAGE][INFO] - Starting to call Test Case 'Test Cases/Butonlar/ButonaTikla'

2021-11-19 17:20:34 - [TEST_CASE][PASSED] - Test Cases/Butonlar/ButonaTikla: Test Cases/Butonlar/ButonaTikla

2021-11-19 17:20:34 - [TEST_STEP][PASSED] - Method.TextDegerineEsitElementeTiklaEquals(findTestObject("Butonlar/Butonlar"), Buton_Adi): Method.TextDegerineEsitElementeTiklaEquals is PASSED

2021-11-19 17:20:34 - [MESSAGE][INFO] - Finding Test Object 'Object Repository/Butonlar/Butonlar'

2021-11-19 17:20:34 - [MESSAGE][INFO] - Checking timeout

2021-11-19 17:20:34 - [MESSAGE][INFO] - Finding web element with id: 'Object Repository/Butonlar/Butonlar' located by 'By.cssSelector: .panel.panel-default.text-center.footerPanel .btn,.btn.btn-primary.btnControls' in '10' second(s)

2021-11-19 17:20:34 - [MESSAGE][INFO] - Smart Wait Function is triggered

2021-11-19 17:20:35 - [MESSAGE][INFO] - Found 6 web elements with id: 'Object Repository/Butonlar/Butonlar' located by 'By.cssSelector: .panel.panel-default.text-center.footerPanel .btn,.btn.btn-primary.btnControls' in '10' second(s)

2021-11-19 17:20:35 - [MESSAGE][PASSED] - Method.TextDegerineEsitElementeTiklaEquals is PASSED

2021-11-19 17:20:35 - [MESSAGE][PASSED] - Call Test Case 'Test Cases/Butonlar/ButonaTikla' successfully

2021-11-19 17:20:35 - [MESSAGE][INFO] - Checking called Test Case

2021-11-19 17:20:35 - [MESSAGE][INFO] - Starting to call Test Case 'Test Cases/Butonlar/AltButonaTikla'

2021-11-19 17:20:35 - [TEST_CASE][PASSED] - Test Cases/Butonlar/AltButonaTikla: Test Cases/Butonlar/AltButonaTikla

2021-11-19 17:20:35 - [TEST_STEP][PASSED] - Method.TextDegerineEsitElementeTikla(findTestObject("Butonlar/AltButonlar"), Alt_Buton): Method.TextDegerineEsitElementeTikla is PASSED

2021-11-19 17:20:35 - [MESSAGE][INFO] - Finding Test Object 'Object Repository/Butonlar/AltButonlar'

2021-11-19 17:20:35 - [MESSAGE][INFO] - Checking timeout

2021-11-19 17:20:35 - [MESSAGE][INFO] - Finding web element with id: 'Object Repository/Butonlar/AltButonlar' located by 'By.cssSelector: .btn-group.open li>a' in '10' second(s)

2021-11-19 17:20:35 - [MESSAGE][INFO] - Smart Wait Function is triggered

2021-11-19 17:20:35 - [MESSAGE][INFO] - Found 1 web elements with id: 'Object Repository/Butonlar/AltButonlar' located by 'By.cssSelector: .btn-group.open li>a' in '10' second(s)

2021-11-19 17:20:35 - [MESSAGE][PASSED] - Method.TextDegerineEsitElementeTikla is PASSED

2021-11-19 17:20:35 - [MESSAGE][PASSED] - Call Test Case 'Test Cases/Butonlar/AltButonaTikla' successfully

2021-11-19 17:20:36 - [MESSAGE][INFO] - Checking called Test Case

2021-11-19 17:20:36 - [MESSAGE][INFO] - Starting to call Test Case 'Test Cases/Butonlar/DosyaIndirildiMi'

2021-11-19 17:20:36 - [TEST_CASE][ERROR] - Test Cases/Butonlar/DosyaIndirildiMi: Test Cases/Butonlar/DosyaIndirildiMi FAILED.
Reason:
org.codehaus.groovy.runtime.InvokerInvocationException: Assertion failed: 

assert a
       |
       false

	at Method.invokeMethod(Method.groovy)
	at com.kms.katalon.core.main.CustomKeywordDelegatingMetaClass.invokeStaticMethod(CustomKeywordDelegatingMetaClass.java:50)
	at DosyaIndirildiMi.run(DosyaIndirildiMi:17)
	at com.kms.katalon.core.main.ScriptEngine.run(ScriptEngine.java:194)
	at com.kms.katalon.core.main.ScriptEngine.runScriptAsRawText(ScriptEngine.java:119)
	at com.kms.katalon.core.main.TestCaseExecutor.runScript(TestCaseExecutor.java:369)
	at com.kms.katalon.core.main.TestCaseExecutor.doExecute(TestCaseExecutor.java:360)
	at com.kms.katalon.core.main.TestCaseExecutor.processExecutionPhase(TestCaseExecutor.java:339)
	at com.kms.katalon.core.main.TestCaseExecutor.accessMainPhase(TestCaseExecutor.java:331)
	at com.kms.katalon.core.main.TestCaseExecutor.execute(TestCaseExecutor.java:248)
	at com.kms.katalon.core.main.TestCaseMain.runTestCase(TestCaseMain.java:138)
	at com.kms.katalon.core.keyword.builtin.CallTestCaseKeyword$_callTestCase_closure1.doCall(CallTestCaseKeyword.groovy:59)
	at com.kms.katalon.core.keyword.builtin.CallTestCaseKeyword$_callTestCase_closure1.call(CallTestCaseKeyword.groovy)
	at com.kms.katalon.core.keyword.internal.KeywordMain.runKeyword(KeywordMain.groovy:68)
	at com.kms.katalon.core.keyword.builtin.CallTestCaseKeyword.callTestCase(CallTestCaseKeyword.groovy:81)
	at com.kms.katalon.core.keyword.builtin.CallTestCaseKeyword.execute(CallTestCaseKeyword.groovy:44)
	at com.kms.katalon.core.keyword.internal.KeywordExecutor.executeKeywordForPlatform(KeywordExecutor.groovy:73)
	at com.kms.katalon.core.keyword.BuiltinKeywords.callTestCase(BuiltinKeywords.groovy:334)
	at butonlar.butonlar.dosyaIndirildiMi(butonlar.groovy:66)
	at cucumber.runtime.Utils$1.call(Utils.java:26)
	at cucumber.runtime.Timeout.timeout(Timeout.java:16)
	at cucumber.runtime.Utils.invoke(Utils.java:20)
	at cucumber.runtime.java.JavaStepDefinition.execute(JavaStepDefinition.java:49)
	at cucumber.runner.PickleStepDefinitionMatch.runStep(PickleStepDefinitionMatch.java:50)
	at cucumber.runner.TestStep.executeStep(TestStep.java:63)
	at cucumber.runner.TestStep.run(TestStep.java:49)
	at cucumber.runner.PickleStepTestStep.run(PickleStepTestStep.java:43)
	at cucumber.runner.TestCase.run(TestCase.java:44)
	at cucumber.runner.Runner.runPickle(Runner.java:40)
	at cucumber.runtime.Runtime$1.run(Runtime.java:84)
	at cucumber.runtime.Runtime$SameThreadExecutorService.execute(Runtime.java:220)
	at cucumber.runtime.Runtime.run(Runtime.java:81)
	at cucumber.api.cli.Main.run(Main.java:26)
	at cucumber.api.cli.Main$run.call(Unknown Source)
	at com.kms.katalon.core.cucumber.keyword.CucumberBuiltinKeywords$_runFeatureFile_closure1.doCall(CucumberBuiltinKeywords.groovy:106)
	at com.kms.katalon.core.cucumber.keyword.CucumberBuiltinKeywords$_runFeatureFile_closure1.doCall(CucumberBuiltinKeywords.groovy)
	at com.kms.katalon.core.keyword.internal.KeywordMain.runKeyword(KeywordMain.groovy:68)
	at com.kms.katalon.core.keyword.internal.KeywordMain$runKeyword.call(Unknown Source)
	at com.kms.katalon.core.cucumber.keyword.CucumberBuiltinKeywords.runFeatureFile(CucumberBuiltinKeywords.groovy:73)
	at com.kms.katalon.core.cucumber.keyword.CucumberBuiltinKeywords$runFeatureFile$0.callStatic(Unknown Source)
	at com.kms.katalon.core.cucumber.keyword.CucumberBuiltinKeywords.runFeatureFile(CucumberBuiltinKeywords.groovy:246)
	at com.kms.katalon.core.cucumber.keyword.CucumberBuiltinKeywords$runFeatureFile.call(Unknown Source)
	at Indir.run(Indir:19)
	at com.kms.katalon.core.main.ScriptEngine.run(ScriptEngine.java:194)
	at com.kms.katalon.core.main.ScriptEngine.runScriptAsRawText(ScriptEngine.java:119)
	at com.kms.katalon.core.main.TestCaseExecutor.runScript(TestCaseExecutor.java:369)
	at com.kms.katalon.core.main.TestCaseExecutor.doExecute(TestCaseExecutor.java:360)
	at com.kms.katalon.core.main.TestCaseExecutor.processExecutionPhase(TestCaseExecutor.java:339)
	at com.kms.katalon.core.main.TestCaseExecutor.accessMainPhase(TestCaseExecutor.java:331)
	at com.kms.katalon.core.main.TestCaseExecutor.execute(TestCaseExecutor.java:248)
	at com.kms.katalon.core.main.TestSuiteExecutor.accessTestCaseMainPhase(TestSuiteExecutor.java:191)
	at com.kms.katalon.core.main.TestSuiteExecutor.accessTestSuiteMainPhase(TestSuiteExecutor.java:140)
	at com.kms.katalon.core.main.TestSuiteExecutor.execute(TestSuiteExecutor.java:89)
	at com.kms.katalon.core.main.TestCaseMain.startTestSuite(TestCaseMain.java:181)
	at com.kms.katalon.core.main.TestCaseMain$startTestSuite$0.call(Unknown Source)
	at TempTestSuite1637329571499.run(TempTestSuite1637329571499.groovy:39)
Caused by: Assertion failed: 

assert a
       |
       false

	at Method.isimliDosyaIndirildiMi(Method.groovy:318)
	... 56 more


2021-11-19 17:20:36 - [TEST_STEP][FAILED] - Method.isimliDosyaIndirildiMi(DownloadFile, FileName): Assertion failed: 

assert a
       |
       false


2021-11-19 17:20:36 - [MESSAGE][INFO] - Delaying browser in 3 second(s)

2021-11-19 17:20:39 - [MESSAGE][PASSED] - Delayed 3 second(s)

2021-11-19 17:20:39 - [MESSAGE][FAILED] - Assertion failed: 

assert a
       |
       false


2021-11-19 17:20:39 - [MESSAGE][FAILED] - Unable to call Test Case 'Test Cases/Butonlar/DosyaIndirildiMi' (Root cause: com.kms.katalon.core.exception.StepErrorException: Call Test Case 'Test Cases/Butonlar/DosyaIndirildiMi' failed because of error(s)
	at com.kms.katalon.core.keyword.builtin.CallTestCaseKeyword$_callTestCase_closure1.doCall(CallTestCaseKeyword.groovy:66)
	at com.kms.katalon.core.keyword.builtin.CallTestCaseKeyword$_callTestCase_closure1.call(CallTestCaseKeyword.groovy)
	at com.kms.katalon.core.keyword.internal.KeywordMain.runKeyword(KeywordMain.groovy:68)
	at com.kms.katalon.core.keyword.builtin.CallTestCaseKeyword.callTestCase(CallTestCaseKeyword.groovy:81)
	at com.kms.katalon.core.keyword.builtin.CallTestCaseKeyword.execute(CallTestCaseKeyword.groovy:44)
	at com.kms.katalon.core.keyword.internal.KeywordExecutor.executeKeywordForPlatform(KeywordExecutor.groovy:73)
	at com.kms.katalon.core.keyword.BuiltinKeywords.callTestCase(BuiltinKeywords.groovy:334)
	at butonlar.butonlar.dosyaIndirildiMi(butonlar.groovy:66)
	at cucumber.runtime.Utils$1.call(Utils.java:26)
	at cucumber.runtime.Timeout.timeout(Timeout.java:16)
	at cucumber.runtime.Utils.invoke(Utils.java:20)
	at cucumber.runtime.java.JavaStepDefinition.execute(JavaStepDefinition.java:49)
	at cucumber.runner.PickleStepDefinitionMatch.runStep(PickleStepDefinitionMatch.java:50)
	at cucumber.runner.TestStep.executeStep(TestStep.java:63)
	at cucumber.runner.TestStep.run(TestStep.java:49)
	at cucumber.runner.PickleStepTestStep.run(PickleStepTestStep.java:43)
	at cucumber.runner.TestCase.run(TestCase.java:44)
	at cucumber.runner.Runner.runPickle(Runner.java:40)
	at cucumber.runtime.Runtime$1.run(Runtime.java:84)
	at cucumber.runtime.Runtime$SameThreadExecutorService.execute(Runtime.java:220)
	at cucumber.runtime.Runtime.run(Runtime.java:81)
	at cucumber.api.cli.Main.run(Main.java:26)
	at cucumber.api.cli.Main$run.call(Unknown Source)
	at com.kms.katalon.core.cucumber.keyword.CucumberBuiltinKeywords$_runFeatureFile_closure1.doCall(CucumberBuiltinKeywords.groovy:106)
	at com.kms.katalon.core.cucumber.keyword.CucumberBuiltinKeywords$_runFeatureFile_closure1.doCall(CucumberBuiltinKeywords.groovy)
	at com.kms.katalon.core.keyword.internal.KeywordMain.runKeyword(KeywordMain.groovy:68)
	at com.kms.katalon.core.keyword.internal.KeywordMain$runKeyword.call(Unknown Source)
	at com.kms.katalon.core.cucumber.keyword.CucumberBuiltinKeywords.runFeatureFile(CucumberBuiltinKeywords.groovy:73)
	at com.kms.katalon.core.cucumber.keyword.CucumberBuiltinKeywords$runFeatureFile$0.callStatic(Unknown Source)
	at com.kms.katalon.core.cucumber.keyword.CucumberBuiltinKeywords.runFeatureFile(CucumberBuiltinKeywords.groovy:246)
	at com.kms.katalon.core.cucumber.keyword.CucumberBuiltinKeywords$runFeatureFile.call(Unknown Source)
	at Indir.run(Indir:19)
	at com.kms.katalon.core.main.ScriptEngine.run(ScriptEngine.java:194)
	at com.kms.katalon.core.main.ScriptEngine.runScriptAsRawText(ScriptEngine.java:119)
	at com.kms.katalon.core.main.TestCaseExecutor.runScript(TestCaseExecutor.java:369)
	at com.kms.katalon.core.main.TestCaseExecutor.doExecute(TestCaseExecutor.java:360)
	at com.kms.katalon.core.main.TestCaseExecutor.processExecutionPhase(TestCaseExecutor.java:339)
	at com.kms.katalon.core.main.TestCaseExecutor.accessMainPhase(TestCaseExecutor.java:331)
	at com.kms.katalon.core.main.TestCaseExecutor.execute(TestCaseExecutor.java:248)
	at com.kms.katalon.core.main.TestSuiteExecutor.accessTestCaseMainPhase(TestSuiteExecutor.java:191)
	at com.kms.katalon.core.main.TestSuiteExecutor.accessTestSuiteMainPhase(TestSuiteExecutor.java:140)
	at com.kms.katalon.core.main.TestSuiteExecutor.execute(TestSuiteExecutor.java:89)
	at com.kms.katalon.core.main.TestCaseMain.startTestSuite(TestCaseMain.java:181)
	at com.kms.katalon.core.main.TestCaseMain$startTestSuite$0.call(Unknown Source)
	at TempTestSuite1637329571499.run(TempTestSuite1637329571499.groovy:39)
Caused by: org.codehaus.groovy.runtime.InvokerInvocationException: Assertion failed: 

assert a
       |
       false

	at Method.invokeMethod(Method.groovy)
	at com.kms.katalon.core.main.CustomKeywordDelegatingMetaClass.invokeStaticMethod(CustomKeywordDelegatingMetaClass.java:50)
	at DosyaIndirildiMi.run(DosyaIndirildiMi:17)
	at com.kms.katalon.core.main.ScriptEngine.run(ScriptEngine.java:194)
	at com.kms.katalon.core.main.ScriptEngine.runScriptAsRawText(ScriptEngine.java:119)
	at com.kms.katalon.core.main.TestCaseExecutor.runScript(TestCaseExecutor.java:369)
	at com.kms.katalon.core.main.TestCaseExecutor.doExecute(TestCaseExecutor.java:360)
	at com.kms.katalon.core.main.TestCaseExecutor.processExecutionPhase(TestCaseExecutor.java:339)
	at com.kms.katalon.core.main.TestCaseExecutor.accessMainPhase(TestCaseExecutor.java:331)
	at com.kms.katalon.core.main.TestCaseExecutor.execute(TestCaseExecutor.java:248)
	at com.kms.katalon.core.main.TestCaseMain.runTestCase(TestCaseMain.java:138)
	at com.kms.katalon.core.keyword.builtin.CallTestCaseKeyword$_callTestCase_closure1.doCall(CallTestCaseKeyword.groovy:59)
	... 44 more
Caused by: Assertion failed: 

assert a
       |
       false

	at Method.isimliDosyaIndirildiMi(Method.groovy:318)
	... 56 more
)

2021-11-19 17:20:39 - [TEST_CASE][ERROR] - Start Test Case : SCENARIO Giden Zarf indirme: SCENARIO Giden Zarf indirme FAILED.
Reason:
com.kms.katalon.core.exception.StepErrorException: Call Test Case 'Test Cases/Butonlar/DosyaIndirildiMi' failed because of error(s)
	at com.kms.katalon.core.keyword.builtin.CallTestCaseKeyword$_callTestCase_closure1.doCall(CallTestCaseKeyword.groovy:66)
	at com.kms.katalon.core.keyword.builtin.CallTestCaseKeyword$_callTestCase_closure1.call(CallTestCaseKeyword.groovy)
	at com.kms.katalon.core.keyword.internal.KeywordMain.runKeyword(KeywordMain.groovy:68)
	at com.kms.katalon.core.keyword.builtin.CallTestCaseKeyword.callTestCase(CallTestCaseKeyword.groovy:81)
	at com.kms.katalon.core.keyword.builtin.CallTestCaseKeyword.execute(CallTestCaseKeyword.groovy:44)
	at com.kms.katalon.core.keyword.internal.KeywordExecutor.executeKeywordForPlatform(KeywordExecutor.groovy:73)
	at com.kms.katalon.core.keyword.BuiltinKeywords.callTestCase(BuiltinKeywords.groovy:334)
	at butonlar.butonlar.dosyaIndirildiMi(butonlar.groovy:66)
	at ✽.Ön eki Envelope olan dosya indirildi mi(C:/Users/DELL/Documents/GitHub/EES_KatalonLogo/Include/features/Zarflar/Giden Zarflar/Indir.feature:14)
Caused by: org.codehaus.groovy.runtime.InvokerInvocationException: Assertion failed: 

assert a
       |
       false

	at Method.invokeMethod(Method.groovy)
	at com.kms.katalon.core.main.CustomKeywordDelegatingMetaClass.invokeStaticMethod(CustomKeywordDelegatingMetaClass.java:50)
	at DosyaIndirildiMi.run(DosyaIndirildiMi:17)
	at com.kms.katalon.core.main.ScriptEngine.run(ScriptEngine.java:194)
	at com.kms.katalon.core.main.ScriptEngine.runScriptAsRawText(ScriptEngine.java:119)
	at com.kms.katalon.core.main.TestCaseExecutor.runScript(TestCaseExecutor.java:369)
	at com.kms.katalon.core.main.TestCaseExecutor.doExecute(TestCaseExecutor.java:360)
	at com.kms.katalon.core.main.TestCaseExecutor.processExecutionPhase(TestCaseExecutor.java:339)
	at com.kms.katalon.core.main.TestCaseExecutor.accessMainPhase(TestCaseExecutor.java:331)
	at com.kms.katalon.core.main.TestCaseExecutor.execute(TestCaseExecutor.java:248)
	at com.kms.katalon.core.main.TestCaseMain.runTestCase(TestCaseMain.java:138)
	at com.kms.katalon.core.keyword.builtin.CallTestCaseKeyword$_callTestCase_closure1.doCall(CallTestCaseKeyword.groovy:59)
	at com.kms.katalon.core.keyword.builtin.CallTestCaseKeyword$_callTestCase_closure1.call(CallTestCaseKeyword.groovy)
	at com.kms.katalon.core.keyword.internal.KeywordMain.runKeyword(KeywordMain.groovy:68)
	at com.kms.katalon.core.keyword.builtin.CallTestCaseKeyword.callTestCase(CallTestCaseKeyword.groovy:81)
	at com.kms.katalon.core.keyword.builtin.CallTestCaseKeyword.execute(CallTestCaseKeyword.groovy:44)
	at com.kms.katalon.core.keyword.internal.KeywordExecutor.executeKeywordForPlatform(KeywordExecutor.groovy:73)
	at com.kms.katalon.core.keyword.BuiltinKeywords.callTestCase(BuiltinKeywords.groovy:334)
	at butonlar.butonlar.dosyaIndirildiMi(butonlar.groovy:66)
	at cucumber.runtime.Utils$1.call(Utils.java:26)
	at cucumber.runtime.Timeout.timeout(Timeout.java:16)
	at cucumber.runtime.Utils.invoke(Utils.java:20)
	at cucumber.runtime.java.JavaStepDefinition.execute(JavaStepDefinition.java:49)
	at cucumber.runner.PickleStepDefinitionMatch.runStep(PickleStepDefinitionMatch.java:50)
	at cucumber.runner.TestStep.executeStep(TestStep.java:63)
	at cucumber.runner.TestStep.run(TestStep.java:49)
	at cucumber.runner.PickleStepTestStep.run(PickleStepTestStep.java:43)
	at cucumber.runner.TestCase.run(TestCase.java:44)
	at cucumber.runner.Runner.runPickle(Runner.java:40)
	at cucumber.runtime.Runtime$1.run(Runtime.java:84)
	at cucumber.runtime.Runtime$SameThreadExecutorService.execute(Runtime.java:220)
	at cucumber.runtime.Runtime.run(Runtime.java:81)
	at cucumber.api.cli.Main.run(Main.java:26)
	at cucumber.api.cli.Main$run.call(Unknown Source)
	at com.kms.katalon.core.cucumber.keyword.CucumberBuiltinKeywords$_runFeatureFile_closure1.doCall(CucumberBuiltinKeywords.groovy:106)
	at com.kms.katalon.core.cucumber.keyword.CucumberBuiltinKeywords$_runFeatureFile_closure1.doCall(CucumberBuiltinKeywords.groovy)
	at com.kms.katalon.core.keyword.internal.KeywordMain.runKeyword(KeywordMain.groovy:68)
	at com.kms.katalon.core.keyword.internal.KeywordMain$runKeyword.call(Unknown Source)
	at com.kms.katalon.core.cucumber.keyword.CucumberBuiltinKeywords.runFeatureFile(CucumberBuiltinKeywords.groovy:73)
	at com.kms.katalon.core.cucumber.keyword.CucumberBuiltinKeywords$runFeatureFile$0.callStatic(Unknown Source)
	at com.kms.katalon.core.cucumber.keyword.CucumberBuiltinKeywords.runFeatureFile(CucumberBuiltinKeywords.groovy:246)
	at com.kms.katalon.core.cucumber.keyword.CucumberBuiltinKeywords$runFeatureFile.call(Unknown Source)
	at Indir.run(Indir:19)
	at com.kms.katalon.core.main.ScriptEngine.run(ScriptEngine.java:194)
	at com.kms.katalon.core.main.ScriptEngine.runScriptAsRawText(ScriptEngine.java:119)
	at com.kms.katalon.core.main.TestCaseExecutor.runScript(TestCaseExecutor.java:369)
	at com.kms.katalon.core.main.TestCaseExecutor.doExecute(TestCaseExecutor.java:360)
	at com.kms.katalon.core.main.TestCaseExecutor.processExecutionPhase(TestCaseExecutor.java:339)
	at com.kms.katalon.core.main.TestCaseExecutor.accessMainPhase(TestCaseExecutor.java:331)
	at com.kms.katalon.core.main.TestCaseExecutor.execute(TestCaseExecutor.java:248)
	at com.kms.katalon.core.main.TestSuiteExecutor.accessTestCaseMainPhase(TestSuiteExecutor.java:191)
	at com.kms.katalon.core.main.TestSuiteExecutor.accessTestSuiteMainPhase(TestSuiteExecutor.java:140)
	at com.kms.katalon.core.main.TestSuiteExecutor.execute(TestSuiteExecutor.java:89)
	at com.kms.katalon.core.main.TestCaseMain.startTestSuite(TestCaseMain.java:181)
	at com.kms.katalon.core.main.TestCaseMain$startTestSuite$0.call(Unknown Source)
	at TempTestSuite1637329571499.run(TempTestSuite1637329571499.groovy:39)
Caused by: Assertion failed: 

assert a
       |
       false

	at Method.isimliDosyaIndirildiMi(Method.groovy:318)
	... 56 more


2021-11-19 17:20:39 - [TEST_STEP][PASSED] - Kullanıcı adı ELOGO6 ve Şifre 123456 olarak giriş yapılır: Kullanıcı adı ELOGO6 ve Şifre 123456 olarak giriş yapılır

2021-11-19 17:20:39 - [MESSAGE][PASSED] - Kullanıcı adı ELOGO6 ve Şifre 123456 olarak giriş yapılır

2021-11-19 17:20:39 - [TEST_STEP][PASSED] - Ana menüden Zarflar seçilir: Ana menüden Zarflar seçilir

2021-11-19 17:20:39 - [MESSAGE][PASSED] - Ana menüden Zarflar seçilir

2021-11-19 17:20:39 - [TEST_STEP][PASSED] - Alt menüden Giden Zarflar seçilir: Alt menüden Giden Zarflar seçilir

2021-11-19 17:20:39 - [MESSAGE][PASSED] - Alt menüden Giden Zarflar seçilir

2021-11-19 17:20:39 - [TEST_STEP][PASSED] - Filtrelerden Oluşturma Tarihi filtresine 01.12.2020 baslangic degerini yaz: Filtrelerden Oluşturma Tarihi filtresine 01.12.2020 baslangic degerini yaz

2021-11-19 17:20:39 - [MESSAGE][PASSED] - Filtrelerden Oluşturma Tarihi filtresine 01.12.2020 baslangic degerini yaz

2021-11-19 17:20:39 - [TEST_STEP][PASSED] - Filtrelerden Oluşturma Tarihi filtresine 31.12.2020 bitis degerini yaz: Filtrelerden Oluşturma Tarihi filtresine 31.12.2020 bitis degerini yaz

2021-11-19 17:20:39 - [MESSAGE][PASSED] - Filtrelerden Oluşturma Tarihi filtresine 31.12.2020 bitis degerini yaz

2021-11-19 17:20:39 - [TEST_STEP][PASSED] - Filtre butonlarından Listele seçilir: Filtre butonlarından Listele seçilir

2021-11-19 17:20:39 - [MESSAGE][PASSED] - Filtre butonlarından Listele seçilir

2021-11-19 17:20:39 - [TEST_STEP][PASSED] - Tabloda veri var mı kontrol edilir: Tabloda veri var mı kontrol edilir

2021-11-19 17:20:39 - [MESSAGE][PASSED] - Tabloda veri var mı kontrol edilir

2021-11-19 17:20:39 - [TEST_STEP][PASSED] - Tablodan Test Kurum 6 isimli veri seçilir: Tablodan Test Kurum 6 isimli veri seçilir

2021-11-19 17:20:39 - [MESSAGE][PASSED] - Tablodan Test Kurum 6 isimli veri seçilir

2021-11-19 17:20:39 - [TEST_STEP][PASSED] - Butonlardan İndir isimli butona tıklanır: Butonlardan İndir isimli butona tıklanır

2021-11-19 17:20:39 - [MESSAGE][PASSED] - Butonlardan İndir isimli butona tıklanır

2021-11-19 17:20:39 - [TEST_STEP][PASSED] - Alt butonlardan İndir butonuna tıklanır: Alt butonlardan İndir butonuna tıklanır

2021-11-19 17:20:39 - [MESSAGE][PASSED] - Alt butonlardan İndir butonuna tıklanır

2021-11-19 17:20:39 - [TEST_STEP][ERROR] - Ön eki Envelope olan dosya indirildi mi: Ön eki Envelope olan dosya indirildi mi FAILED.
Reason:
com.kms.katalon.core.exception.StepErrorException: Call Test Case 'Test Cases/Butonlar/DosyaIndirildiMi' failed because of error(s)
	at com.kms.katalon.core.keyword.builtin.CallTestCaseKeyword$_callTestCase_closure1.doCall(CallTestCaseKeyword.groovy:66)
	at com.kms.katalon.core.keyword.builtin.CallTestCaseKeyword$_callTestCase_closure1.call(CallTestCaseKeyword.groovy)
	at com.kms.katalon.core.keyword.internal.KeywordMain.runKeyword(KeywordMain.groovy:68)
	at com.kms.katalon.core.keyword.builtin.CallTestCaseKeyword.callTestCase(CallTestCaseKeyword.groovy:81)
	at com.kms.katalon.core.keyword.builtin.CallTestCaseKeyword.execute(CallTestCaseKeyword.groovy:44)
	at com.kms.katalon.core.keyword.internal.KeywordExecutor.executeKeywordForPlatform(KeywordExecutor.groovy:73)
	at com.kms.katalon.core.keyword.BuiltinKeywords.callTestCase(BuiltinKeywords.groovy:334)
	at butonlar.butonlar.dosyaIndirildiMi(butonlar.groovy:66)
	at ✽.Ön eki Envelope olan dosya indirildi mi(C:/Users/DELL/Documents/GitHub/EES_KatalonLogo/Include/features/Zarflar/Giden Zarflar/Indir.feature:14)
Caused by: org.codehaus.groovy.runtime.InvokerInvocationException: Assertion failed: 

assert a
       |
       false

	at Method.invokeMethod(Method.groovy)
	at com.kms.katalon.core.main.CustomKeywordDelegatingMetaClass.invokeStaticMethod(CustomKeywordDelegatingMetaClass.java:50)
	at DosyaIndirildiMi.run(DosyaIndirildiMi:17)
	at com.kms.katalon.core.main.ScriptEngine.run(ScriptEngine.java:194)
	at com.kms.katalon.core.main.ScriptEngine.runScriptAsRawText(ScriptEngine.java:119)
	at com.kms.katalon.core.main.TestCaseExecutor.runScript(TestCaseExecutor.java:369)
	at com.kms.katalon.core.main.TestCaseExecutor.doExecute(TestCaseExecutor.java:360)
	at com.kms.katalon.core.main.TestCaseExecutor.processExecutionPhase(TestCaseExecutor.java:339)
	at com.kms.katalon.core.main.TestCaseExecutor.accessMainPhase(TestCaseExecutor.java:331)
	at com.kms.katalon.core.main.TestCaseExecutor.execute(TestCaseExecutor.java:248)
	at com.kms.katalon.core.main.TestCaseMain.runTestCase(TestCaseMain.java:138)
	at com.kms.katalon.core.keyword.builtin.CallTestCaseKeyword$_callTestCase_closure1.doCall(CallTestCaseKeyword.groovy:59)
	at com.kms.katalon.core.keyword.builtin.CallTestCaseKeyword$_callTestCase_closure1.call(CallTestCaseKeyword.groovy)
	at com.kms.katalon.core.keyword.internal.KeywordMain.runKeyword(KeywordMain.groovy:68)
	at com.kms.katalon.core.keyword.builtin.CallTestCaseKeyword.callTestCase(CallTestCaseKeyword.groovy:81)
	at com.kms.katalon.core.keyword.builtin.CallTestCaseKeyword.execute(CallTestCaseKeyword.groovy:44)
	at com.kms.katalon.core.keyword.internal.KeywordExecutor.executeKeywordForPlatform(KeywordExecutor.groovy:73)
	at com.kms.katalon.core.keyword.BuiltinKeywords.callTestCase(BuiltinKeywords.groovy:334)
	at butonlar.butonlar.dosyaIndirildiMi(butonlar.groovy:66)
	at cucumber.runtime.Utils$1.call(Utils.java:26)
	at cucumber.runtime.Timeout.timeout(Timeout.java:16)
	at cucumber.runtime.Utils.invoke(Utils.java:20)
	at cucumber.runtime.java.JavaStepDefinition.execute(JavaStepDefinition.java:49)
	at cucumber.runner.PickleStepDefinitionMatch.runStep(PickleStepDefinitionMatch.java:50)
	at cucumber.runner.TestStep.executeStep(TestStep.java:63)
	at cucumber.runner.TestStep.run(TestStep.java:49)
	at cucumber.runner.PickleStepTestStep.run(PickleStepTestStep.java:43)
	at cucumber.runner.TestCase.run(TestCase.java:44)
	at cucumber.runner.Runner.runPickle(Runner.java:40)
	at cucumber.runtime.Runtime$1.run(Runtime.java:84)
	at cucumber.runtime.Runtime$SameThreadExecutorService.execute(Runtime.java:220)
	at cucumber.runtime.Runtime.run(Runtime.java:81)
	at cucumber.api.cli.Main.run(Main.java:26)
	at cucumber.api.cli.Main$run.call(Unknown Source)
	at com.kms.katalon.core.cucumber.keyword.CucumberBuiltinKeywords$_runFeatureFile_closure1.doCall(CucumberBuiltinKeywords.groovy:106)
	at com.kms.katalon.core.cucumber.keyword.CucumberBuiltinKeywords$_runFeatureFile_closure1.doCall(CucumberBuiltinKeywords.groovy)
	at com.kms.katalon.core.keyword.internal.KeywordMain.runKeyword(KeywordMain.groovy:68)
	at com.kms.katalon.core.keyword.internal.KeywordMain$runKeyword.call(Unknown Source)
	at com.kms.katalon.core.cucumber.keyword.CucumberBuiltinKeywords.runFeatureFile(CucumberBuiltinKeywords.groovy:73)
	at com.kms.katalon.core.cucumber.keyword.CucumberBuiltinKeywords$runFeatureFile$0.callStatic(Unknown Source)
	at com.kms.katalon.core.cucumber.keyword.CucumberBuiltinKeywords.runFeatureFile(CucumberBuiltinKeywords.groovy:246)
	at com.kms.katalon.core.cucumber.keyword.CucumberBuiltinKeywords$runFeatureFile.call(Unknown Source)
	at Indir.run(Indir:19)
	at com.kms.katalon.core.main.ScriptEngine.run(ScriptEngine.java:194)
	at com.kms.katalon.core.main.ScriptEngine.runScriptAsRawText(ScriptEngine.java:119)
	at com.kms.katalon.core.main.TestCaseExecutor.runScript(TestCaseExecutor.java:369)
	at com.kms.katalon.core.main.TestCaseExecutor.doExecute(TestCaseExecutor.java:360)
	at com.kms.katalon.core.main.TestCaseExecutor.processExecutionPhase(TestCaseExecutor.java:339)
	at com.kms.katalon.core.main.TestCaseExecutor.accessMainPhase(TestCaseExecutor.java:331)
	at com.kms.katalon.core.main.TestCaseExecutor.execute(TestCaseExecutor.java:248)
	at com.kms.katalon.core.main.TestSuiteExecutor.accessTestCaseMainPhase(TestSuiteExecutor.java:191)
	at com.kms.katalon.core.main.TestSuiteExecutor.accessTestSuiteMainPhase(TestSuiteExecutor.java:140)
	at com.kms.katalon.core.main.TestSuiteExecutor.execute(TestSuiteExecutor.java:89)
	at com.kms.katalon.core.main.TestCaseMain.startTestSuite(TestCaseMain.java:181)
	at com.kms.katalon.core.main.TestCaseMain$startTestSuite$0.call(Unknown Source)
	at TempTestSuite1637329571499.run(TempTestSuite1637329571499.groovy:39)
Caused by: Assertion failed: 

assert a
       |
       false

	at Method.isimliDosyaIndirildiMi(Method.groovy:318)
	... 56 more


2021-11-19 17:20:39 - [MESSAGE][ERROR] - Ön eki Envelope olan dosya indirildi mi FAILED.
Reason:
com.kms.katalon.core.exception.StepErrorException: Call Test Case 'Test Cases/Butonlar/DosyaIndirildiMi' failed because of error(s)
	at com.kms.katalon.core.keyword.builtin.CallTestCaseKeyword$_callTestCase_closure1.doCall(CallTestCaseKeyword.groovy:66)
	at com.kms.katalon.core.keyword.builtin.CallTestCaseKeyword$_callTestCase_closure1.call(CallTestCaseKeyword.groovy)
	at com.kms.katalon.core.keyword.internal.KeywordMain.runKeyword(KeywordMain.groovy:68)
	at com.kms.katalon.core.keyword.builtin.CallTestCaseKeyword.callTestCase(CallTestCaseKeyword.groovy:81)
	at com.kms.katalon.core.keyword.builtin.CallTestCaseKeyword.execute(CallTestCaseKeyword.groovy:44)
	at com.kms.katalon.core.keyword.internal.KeywordExecutor.executeKeywordForPlatform(KeywordExecutor.groovy:73)
	at com.kms.katalon.core.keyword.BuiltinKeywords.callTestCase(BuiltinKeywords.groovy:334)
	at butonlar.butonlar.dosyaIndirildiMi(butonlar.groovy:66)
	at ✽.Ön eki Envelope olan dosya indirildi mi(C:/Users/DELL/Documents/GitHub/EES_KatalonLogo/Include/features/Zarflar/Giden Zarflar/Indir.feature:14)
Caused by: org.codehaus.groovy.runtime.InvokerInvocationException: Assertion failed: 

assert a
       |
       false

	at Method.invokeMethod(Method.groovy)
	at com.kms.katalon.core.main.CustomKeywordDelegatingMetaClass.invokeStaticMethod(CustomKeywordDelegatingMetaClass.java:50)
	at DosyaIndirildiMi.run(DosyaIndirildiMi:17)
	at com.kms.katalon.core.main.ScriptEngine.run(ScriptEngine.java:194)
	at com.kms.katalon.core.main.ScriptEngine.runScriptAsRawText(ScriptEngine.java:119)
	at com.kms.katalon.core.main.TestCaseExecutor.runScript(TestCaseExecutor.java:369)
	at com.kms.katalon.core.main.TestCaseExecutor.doExecute(TestCaseExecutor.java:360)
	at com.kms.katalon.core.main.TestCaseExecutor.processExecutionPhase(TestCaseExecutor.java:339)
	at com.kms.katalon.core.main.TestCaseExecutor.accessMainPhase(TestCaseExecutor.java:331)
	at com.kms.katalon.core.main.TestCaseExecutor.execute(TestCaseExecutor.java:248)
	at com.kms.katalon.core.main.TestCaseMain.runTestCase(TestCaseMain.java:138)
	at com.kms.katalon.core.keyword.builtin.CallTestCaseKeyword$_callTestCase_closure1.doCall(CallTestCaseKeyword.groovy:59)
	at com.kms.katalon.core.keyword.builtin.CallTestCaseKeyword$_callTestCase_closure1.call(CallTestCaseKeyword.groovy)
	at com.kms.katalon.core.keyword.internal.KeywordMain.runKeyword(KeywordMain.groovy:68)
	at com.kms.katalon.core.keyword.builtin.CallTestCaseKeyword.callTestCase(CallTestCaseKeyword.groovy:81)
	at com.kms.katalon.core.keyword.builtin.CallTestCaseKeyword.execute(CallTestCaseKeyword.groovy:44)
	at com.kms.katalon.core.keyword.internal.KeywordExecutor.executeKeywordForPlatform(KeywordExecutor.groovy:73)
	at com.kms.katalon.core.keyword.BuiltinKeywords.callTestCase(BuiltinKeywords.groovy:334)
	at butonlar.butonlar.dosyaIndirildiMi(butonlar.groovy:66)
	at cucumber.runtime.Utils$1.call(Utils.java:26)
	at cucumber.runtime.Timeout.timeout(Timeout.java:16)
	at cucumber.runtime.Utils.invoke(Utils.java:20)
	at cucumber.runtime.java.JavaStepDefinition.execute(JavaStepDefinition.java:49)
	at cucumber.runner.PickleStepDefinitionMatch.runStep(PickleStepDefinitionMatch.java:50)
	at cucumber.runner.TestStep.executeStep(TestStep.java:63)
	at cucumber.runner.TestStep.run(TestStep.java:49)
	at cucumber.runner.PickleStepTestStep.run(PickleStepTestStep.java:43)
	at cucumber.runner.TestCase.run(TestCase.java:44)
	at cucumber.runner.Runner.runPickle(Runner.java:40)
	at cucumber.runtime.Runtime$1.run(Runtime.java:84)
	at cucumber.runtime.Runtime$SameThreadExecutorService.execute(Runtime.java:220)
	at cucumber.runtime.Runtime.run(Runtime.java:81)
	at cucumber.api.cli.Main.run(Main.java:26)
	at cucumber.api.cli.Main$run.call(Unknown Source)
	at com.kms.katalon.core.cucumber.keyword.CucumberBuiltinKeywords$_runFeatureFile_closure1.doCall(CucumberBuiltinKeywords.groovy:106)
	at com.kms.katalon.core.cucumber.keyword.CucumberBuiltinKeywords$_runFeatureFile_closure1.doCall(CucumberBuiltinKeywords.groovy)
	at com.kms.katalon.core.keyword.internal.KeywordMain.runKeyword(KeywordMain.groovy:68)
	at com.kms.katalon.core.keyword.internal.KeywordMain$runKeyword.call(Unknown Source)
	at com.kms.katalon.core.cucumber.keyword.CucumberBuiltinKeywords.runFeatureFile(CucumberBuiltinKeywords.groovy:73)
	at com.kms.katalon.core.cucumber.keyword.CucumberBuiltinKeywords$runFeatureFile$0.callStatic(Unknown Source)
	at com.kms.katalon.core.cucumber.keyword.CucumberBuiltinKeywords.runFeatureFile(CucumberBuiltinKeywords.groovy:246)
	at com.kms.katalon.core.cucumber.keyword.CucumberBuiltinKeywords$runFeatureFile.call(Unknown Source)
	at Indir.run(Indir:19)
	at com.kms.katalon.core.main.ScriptEngine.run(ScriptEngine.java:194)
	at com.kms.katalon.core.main.ScriptEngine.runScriptAsRawText(ScriptEngine.java:119)
	at com.kms.katalon.core.main.TestCaseExecutor.runScript(TestCaseExecutor.java:369)
	at com.kms.katalon.core.main.TestCaseExecutor.doExecute(TestCaseExecutor.java:360)
	at com.kms.katalon.core.main.TestCaseExecutor.processExecutionPhase(TestCaseExecutor.java:339)
	at com.kms.katalon.core.main.TestCaseExecutor.accessMainPhase(TestCaseExecutor.java:331)
	at com.kms.katalon.core.main.TestCaseExecutor.execute(TestCaseExecutor.java:248)
	at com.kms.katalon.core.main.TestSuiteExecutor.accessTestCaseMainPhase(TestSuiteExecutor.java:191)
	at com.kms.katalon.core.main.TestSuiteExecutor.accessTestSuiteMainPhase(TestSuiteExecutor.java:140)
	at com.kms.katalon.core.main.TestSuiteExecutor.execute(TestSuiteExecutor.java:89)
	at com.kms.katalon.core.main.TestCaseMain.startTestSuite(TestCaseMain.java:181)
	at com.kms.katalon.core.main.TestCaseMain$startTestSuite$0.call(Unknown Source)
	at TempTestSuite1637329571499.run(TempTestSuite1637329571499.groovy:39)
Caused by: Assertion failed: 

assert a
       |
       false

	at Method.isimliDosyaIndirildiMi(Method.groovy:318)
	... 56 more


2021-11-19 17:20:39 - [TEST_STEP][NOT_RUN] - Kullanıcı işlemlerinden Çıkış seçilir: Kullanıcı işlemlerinden Çıkış seçilir

2021-11-19 17:20:39 - [MESSAGE][NOT_RUN] - Kullanıcı işlemlerinden Çıkış seçilir

2021-11-19 17:20:39 - [MESSAGE][FAILED] - Feature file 'Include/features/Zarflar/Giden Zarflar/Indir.feature' was failed

2021-11-19 17:20:39 - [MESSAGE][FAILED] - Keyword runFeatureFile was failed (Root cause: com.kms.katalon.core.exception.StepFailedException: Feature file 'Include/features/Zarflar/Giden Zarflar/Indir.feature' was failed
	at com.kms.katalon.core.keyword.internal.KeywordMain.stepFailed(KeywordMain.groovy:50)
	at com.kms.katalon.core.keyword.internal.KeywordMain.stepFailed(KeywordMain.groovy)
	at com.kms.katalon.core.keyword.internal.KeywordMain.stepFailed(KeywordMain.groovy:23)
	at com.kms.katalon.core.keyword.internal.KeywordMain$stepFailed$0.call(Unknown Source)
	at com.kms.katalon.core.cucumber.keyword.CucumberBuiltinKeywords$_runFeatureFile_closure1.doCall(CucumberBuiltinKeywords.groovy:112)
	at com.kms.katalon.core.cucumber.keyword.CucumberBuiltinKeywords$_runFeatureFile_closure1.doCall(CucumberBuiltinKeywords.groovy)
	at com.kms.katalon.core.keyword.internal.KeywordMain.runKeyword(KeywordMain.groovy:68)
	at com.kms.katalon.core.keyword.internal.KeywordMain$runKeyword.call(Unknown Source)
	at com.kms.katalon.core.cucumber.keyword.CucumberBuiltinKeywords.runFeatureFile(CucumberBuiltinKeywords.groovy:73)
	at com.kms.katalon.core.cucumber.keyword.CucumberBuiltinKeywords$runFeatureFile$0.callStatic(Unknown Source)
	at com.kms.katalon.core.cucumber.keyword.CucumberBuiltinKeywords.runFeatureFile(CucumberBuiltinKeywords.groovy:246)
	at com.kms.katalon.core.cucumber.keyword.CucumberBuiltinKeywords$runFeatureFile.call(Unknown Source)
	at Indir.run(Indir:19)
	at com.kms.katalon.core.main.ScriptEngine.run(ScriptEngine.java:194)
	at com.kms.katalon.core.main.ScriptEngine.runScriptAsRawText(ScriptEngine.java:119)
	at com.kms.katalon.core.main.TestCaseExecutor.runScript(TestCaseExecutor.java:369)
	at com.kms.katalon.core.main.TestCaseExecutor.doExecute(TestCaseExecutor.java:360)
	at com.kms.katalon.core.main.TestCaseExecutor.processExecutionPhase(TestCaseExecutor.java:339)
	at com.kms.katalon.core.main.TestCaseExecutor.accessMainPhase(TestCaseExecutor.java:331)
	at com.kms.katalon.core.main.TestCaseExecutor.execute(TestCaseExecutor.java:248)
	at com.kms.katalon.core.main.TestSuiteExecutor.accessTestCaseMainPhase(TestSuiteExecutor.java:191)
	at com.kms.katalon.core.main.TestSuiteExecutor.accessTestSuiteMainPhase(TestSuiteExecutor.java:140)
	at com.kms.katalon.core.main.TestSuiteExecutor.execute(TestSuiteExecutor.java:89)
	at com.kms.katalon.core.main.TestCaseMain.startTestSuite(TestCaseMain.java:181)
	at com.kms.katalon.core.main.TestCaseMain$startTestSuite$0.call(Unknown Source)
	at TempTestSuite1637329571499.run(TempTestSuite1637329571499.groovy:39)
)

2021-11-19 17:20:39 - [TEST_STEP][PASSED] - Start listener action : sampleAfterTestSuite: Invoke 'com.kms.katalon.core.annotation.AfterTestCase' method: 'Listener.sampleAfterTestSuite(...)' completed.

2021-11-19 17:20:39 - [MESSAGE][INFO] - Starting invoke 'com.kms.katalon.core.annotation.AfterTestCase' method: 'Listener.sampleAfterTestSuite(...)'

2021-11-19 17:20:39 - [TEST_STEP][PASSED] - closeBrowser(): Invoke 'com.kms.katalon.core.annotation.AfterTestCase' method: 'Listener.sampleAfterTestSuite(...)' completed.

2021-11-19 17:20:39 - [MESSAGE][INFO] - Closing browser

2021-11-19 17:20:39 - [MESSAGE][PASSED] - Browser is closed

2021-11-19 17:20:39 - [MESSAGE][INFO] - Invoke 'com.kms.katalon.core.annotation.AfterTestCase' method: 'Listener.sampleAfterTestSuite(...)' completed.]]></system-out>
         <system-err><![CDATA[2021-11-19 17:20:06 - [TEST_CASE][FAILED] - Test Cases/Case Repository/Zarflar/Giden Zarflar/Indir: Test Cases/Case Repository/Zarflar/Giden Zarflar/Indir FAILED.
Reason:
com.kms.katalon.core.exception.StepFailedException: Feature file 'Include/features/Zarflar/Giden Zarflar/Indir.feature' was failed
	at com.kms.katalon.core.keyword.internal.KeywordMain.stepFailed(KeywordMain.groovy:50)
	at com.kms.katalon.core.keyword.internal.KeywordMain.stepFailed(KeywordMain.groovy)
	at com.kms.katalon.core.keyword.internal.KeywordMain.stepFailed(KeywordMain.groovy:23)
	at com.kms.katalon.core.keyword.internal.KeywordMain$stepFailed$0.call(Unknown Source)
	at com.kms.katalon.core.cucumber.keyword.CucumberBuiltinKeywords$_runFeatureFile_closure1.doCall(CucumberBuiltinKeywords.groovy:112)
	at com.kms.katalon.core.cucumber.keyword.CucumberBuiltinKeywords$_runFeatureFile_closure1.doCall(CucumberBuiltinKeywords.groovy)
	at com.kms.katalon.core.keyword.internal.KeywordMain.runKeyword(KeywordMain.groovy:68)
	at com.kms.katalon.core.keyword.internal.KeywordMain$runKeyword.call(Unknown Source)
	at com.kms.katalon.core.cucumber.keyword.CucumberBuiltinKeywords.runFeatureFile(CucumberBuiltinKeywords.groovy:73)
	at com.kms.katalon.core.cucumber.keyword.CucumberBuiltinKeywords$runFeatureFile$0.callStatic(Unknown Source)
	at com.kms.katalon.core.cucumber.keyword.CucumberBuiltinKeywords.runFeatureFile(CucumberBuiltinKeywords.groovy:246)
	at com.kms.katalon.core.cucumber.keyword.CucumberBuiltinKeywords$runFeatureFile.call(Unknown Source)
	at Indir.run(Indir:19)
	at com.kms.katalon.core.main.ScriptEngine.run(ScriptEngine.java:194)
	at com.kms.katalon.core.main.ScriptEngine.runScriptAsRawText(ScriptEngine.java:119)
	at com.kms.katalon.core.main.TestCaseExecutor.runScript(TestCaseExecutor.java:369)
	at com.kms.katalon.core.main.TestCaseExecutor.doExecute(TestCaseExecutor.java:360)
	at com.kms.katalon.core.main.TestCaseExecutor.processExecutionPhase(TestCaseExecutor.java:339)
	at com.kms.katalon.core.main.TestCaseExecutor.accessMainPhase(TestCaseExecutor.java:331)
	at com.kms.katalon.core.main.TestCaseExecutor.execute(TestCaseExecutor.java:248)
	at com.kms.katalon.core.main.TestSuiteExecutor.accessTestCaseMainPhase(TestSuiteExecutor.java:191)
	at com.kms.katalon.core.main.TestSuiteExecutor.accessTestSuiteMainPhase(TestSuiteExecutor.java:140)
	at com.kms.katalon.core.main.TestSuiteExecutor.execute(TestSuiteExecutor.java:89)
	at com.kms.katalon.core.main.TestCaseMain.startTestSuite(TestCaseMain.java:181)
	at com.kms.katalon.core.main.TestCaseMain$startTestSuite$0.call(Unknown Source)
	at TempTestSuite1637329571499.run(TempTestSuite1637329571499.groovy:39)]]></system-err>
      </testcase>
      <testcase name="Test Cases/Case Repository/Zarflar/Giden Zarflar/Izleme Kayitlari" time="46.206" classname="Test Cases/Case Repository/Zarflar/Giden Zarflar/Izleme Kayitlari" status="PASSED">
         <system-out><![CDATA[2021-11-19 17:20:39 - [TEST_CASE][PASSED] - Test Cases/Case Repository/Zarflar/Giden Zarflar/Izleme Kayitlari: Test Cases/Case Repository/Zarflar/Giden Zarflar/Izleme Kayitlari

2021-11-19 17:20:39 - [TEST_STEP][PASSED] - Start listener action : sampleBeforeTestSuite: Invoke 'com.kms.katalon.core.annotation.BeforeTestCase' method: 'Listener.sampleBeforeTestSuite(...)' completed.

2021-11-19 17:20:39 - [MESSAGE][INFO] - Starting invoke 'com.kms.katalon.core.annotation.BeforeTestCase' method: 'Listener.sampleBeforeTestSuite(...)'

2021-11-19 17:20:39 - [TEST_STEP][PASSED] - openBrowser(baseUrl): Browser is opened with url: 'https://efatura-stage.elogo.com.tr/'

2021-11-19 17:20:39 - [MESSAGE][INFO] - Opening browser

2021-11-19 17:20:39 - [MESSAGE][INFO] - Starting 'Chrome' driver

2021-11-19 17:20:39 - [MESSAGE][INFO] - User set preference: ['prefs', '{download.default_directory=C:\otomasyondownfiles}']

2021-11-19 17:20:39 - [MESSAGE][INFO] - Action delay is set to 0 milliseconds

2021-11-19 17:20:41 - [MESSAGE][INFO] - Navigating browser to: 'https://efatura-stage.elogo.com.tr/'

2021-11-19 17:20:43 - [MESSAGE][PASSED] - Browser is opened with url: 'https://efatura-stage.elogo.com.tr/'

2021-11-19 17:20:43 - [TEST_STEP][PASSED] - maximizeWindow(): Invoke 'com.kms.katalon.core.annotation.BeforeTestCase' method: 'Listener.sampleBeforeTestSuite(...)' completed.

2021-11-19 17:20:43 - [MESSAGE][INFO] - Maximizing current window

2021-11-19 17:20:43 - [MESSAGE][PASSED] - Current window maximized

2021-11-19 17:20:43 - [MESSAGE][INFO] - Invoke 'com.kms.katalon.core.annotation.BeforeTestCase' method: 'Listener.sampleBeforeTestSuite(...)' completed.

2021-11-19 17:20:44 - [TEST_STEP][PASSED] - runFeatureFile("Include/features/Zarflar/Giden Zarflar/Izleme Kayitlari.feature"): Feature file: 'Include/features/Zarflar/Giden Zarflar/Izleme Kayitlari.feature' was passed

2021-11-19 17:20:44 - [MESSAGE][INFO] - Starting run keyword runFeatureFile: 'Include/features/Zarflar/Giden Zarflar/Izleme Kayitlari.feature' and extract report to folder: 'C:\Users\DELL\Documents\GitHub\EES_KatalonLogo\Reports\20211119_164526\Suite Repository\Zarflar\20211119_164611/cucumber_report/1637331644284'...

2021-11-19 17:20:44 - [MESSAGE][INFO] - Glue: []

2021-11-19 17:20:46 - [MESSAGE][INFO] - Checking called Test Case

2021-11-19 17:20:46 - [MESSAGE][INFO] - Starting to call Test Case 'Test Cases/Sayfalar/Giris_Sayfasi/Login'

2021-11-19 17:20:46 - [TEST_CASE][PASSED] - Test Cases/Sayfalar/Giris_Sayfasi/Login: Test Cases/Sayfalar/Giris_Sayfasi/Login

2021-11-19 17:20:46 - [TEST_STEP][PASSED] - Sayfa_Basligi = getWindowTitle(): Current window's title is: 'LOGO e-Fatura'

2021-11-19 17:20:46 - [MESSAGE][INFO] - Getting current window's title

2021-11-19 17:20:46 - [MESSAGE][PASSED] - Current window's title is: 'LOGO e-Fatura'

2021-11-19 17:20:46 - [TEST_STEP][PASSED] - verifyMatch(Sayfa_Basligi, "LOGO e-Fatura", false): Actual text 'LOGO e-Fatura' and expected text 'LOGO e-Fatura' are matched 

2021-11-19 17:20:46 - [MESSAGE][INFO] - Matching actual text 'LOGO e-Fatura' with expected text 'LOGO e-Fatura'

2021-11-19 17:20:46 - [MESSAGE][PASSED] - Actual text 'LOGO e-Fatura' and expected text 'LOGO e-Fatura' are matched 

2021-11-19 17:20:46 - [TEST_STEP][PASSED] - sendKeys(findTestObject("Sayfalar/Giris_Sayfasi/Firma_Kodu"), KullaniciAdi): Keys 'ELOGO6' sent to object: 'Object Repository/Sayfalar/Giris_Sayfasi/Firma_Kodu'

2021-11-19 17:20:46 - [MESSAGE][INFO] - Finding Test Object 'Object Repository/Sayfalar/Giris_Sayfasi/Firma_Kodu'

2021-11-19 17:20:46 - [MESSAGE][INFO] - Sending keys 'ELOGO6' to object: 'Object Repository/Sayfalar/Giris_Sayfasi/Firma_Kodu'

2021-11-19 17:20:46 - [MESSAGE][INFO] - Finding web element from Test Object's properties

2021-11-19 17:20:46 - [MESSAGE][INFO] - Checking timeout

2021-11-19 17:20:46 - [MESSAGE][INFO] - Finding web element with id: 'Object Repository/Sayfalar/Giris_Sayfasi/Firma_Kodu' located by 'By.xpath: //*[@id = 'AccountName']' in '30' second(s)

2021-11-19 17:20:46 - [MESSAGE][INFO] - Smart Wait Function is triggered

2021-11-19 17:20:46 - [MESSAGE][INFO] - Found 1 web elements with id: 'Object Repository/Sayfalar/Giris_Sayfasi/Firma_Kodu' located by 'By.xpath: //*[@id = 'AccountName']' in '30' second(s)

2021-11-19 17:20:46 - [MESSAGE][PASSED] - Keys 'ELOGO6' sent to object: 'Object Repository/Sayfalar/Giris_Sayfasi/Firma_Kodu'

2021-11-19 17:20:46 - [TEST_STEP][PASSED] - sendKeys(findTestObject("Sayfalar/Giris_Sayfasi/Sifre"), Sifre): Keys '123456' sent to object: 'Object Repository/Sayfalar/Giris_Sayfasi/Sifre'

2021-11-19 17:20:46 - [MESSAGE][INFO] - Finding Test Object 'Object Repository/Sayfalar/Giris_Sayfasi/Sifre'

2021-11-19 17:20:46 - [MESSAGE][INFO] - Sending keys '123456' to object: 'Object Repository/Sayfalar/Giris_Sayfasi/Sifre'

2021-11-19 17:20:46 - [MESSAGE][INFO] - Finding web element from Test Object's properties

2021-11-19 17:20:46 - [MESSAGE][INFO] - Checking timeout

2021-11-19 17:20:46 - [MESSAGE][INFO] - Finding web element with id: 'Object Repository/Sayfalar/Giris_Sayfasi/Sifre' located by 'By.xpath: //*[@id = 'Password']' in '30' second(s)

2021-11-19 17:20:46 - [MESSAGE][INFO] - Smart Wait Function is triggered

2021-11-19 17:20:47 - [MESSAGE][INFO] - Found 1 web elements with id: 'Object Repository/Sayfalar/Giris_Sayfasi/Sifre' located by 'By.xpath: //*[@id = 'Password']' in '30' second(s)

2021-11-19 17:20:47 - [MESSAGE][PASSED] - Keys '123456' sent to object: 'Object Repository/Sayfalar/Giris_Sayfasi/Sifre'

2021-11-19 17:20:47 - [TEST_STEP][PASSED] - findWebElement(findTestObject("Sayfalar/Giris_Sayfasi/Giris_Butonu")).click(): Found 1 web elements with id: 'Object Repository/Sayfalar/Giris_Sayfasi/Giris_Butonu' located by 'By.cssSelector: #btnLogin' in '30' second(s)

2021-11-19 17:20:47 - [MESSAGE][INFO] - Finding Test Object 'Object Repository/Sayfalar/Giris_Sayfasi/Giris_Butonu'

2021-11-19 17:20:47 - [MESSAGE][INFO] - Finding web element from Test Object's properties

2021-11-19 17:20:47 - [MESSAGE][INFO] - Checking timeout

2021-11-19 17:20:47 - [MESSAGE][INFO] - Finding web element with id: 'Object Repository/Sayfalar/Giris_Sayfasi/Giris_Butonu' located by 'By.cssSelector: #btnLogin' in '30' second(s)

2021-11-19 17:20:47 - [MESSAGE][INFO] - Smart Wait Function is triggered

2021-11-19 17:20:47 - [MESSAGE][INFO] - Found 1 web elements with id: 'Object Repository/Sayfalar/Giris_Sayfasi/Giris_Butonu' located by 'By.cssSelector: #btnLogin' in '30' second(s)

2021-11-19 17:20:50 - [TEST_STEP][PASSED] - if (verifyElementPresent(findTestObject("Object Repository/Sayfalar/Giris_Sayfasi/RetveTamam_Butonu"), 5, OPTIONAL)): null

2021-11-19 17:20:50 - [MESSAGE][INFO] - Finding Test Object 'Object Repository/Sayfalar/Giris_Sayfasi/RetveTamam_Butonu'

2021-11-19 17:20:50 - [MESSAGE][INFO] - Checking object

2021-11-19 17:20:50 - [MESSAGE][INFO] - Finding web element from Test Object's properties

2021-11-19 17:20:50 - [MESSAGE][INFO] - Checking timeout

2021-11-19 17:20:50 - [MESSAGE][INFO] - Finding web element with id: 'Object Repository/Sayfalar/Giris_Sayfasi/RetveTamam_Butonu' located by 'By.xpath: //*[@class = 'btn btn-default']' in '5' second(s)

2021-11-19 17:20:50 - [MESSAGE][INFO] - Smart Wait Function is triggered

2021-11-19 17:20:50 - [MESSAGE][INFO] - Found 1 web elements with id: 'Object Repository/Sayfalar/Giris_Sayfasi/RetveTamam_Butonu' located by 'By.xpath: //*[@class = 'btn btn-default']' in '5' second(s)

2021-11-19 17:20:50 - [MESSAGE][PASSED] - Object 'Object Repository/Sayfalar/Giris_Sayfasi/RetveTamam_Butonu' is present

2021-11-19 17:20:50 - [TEST_STEP][PASSED] - click(findTestObject("Object Repository/Sayfalar/Giris_Sayfasi/RetveTamam_Butonu")): Object: 'Object Repository/Sayfalar/Giris_Sayfasi/RetveTamam_Butonu' is clicked on

2021-11-19 17:20:50 - [MESSAGE][INFO] - Finding Test Object 'Object Repository/Sayfalar/Giris_Sayfasi/RetveTamam_Butonu'

2021-11-19 17:20:50 - [MESSAGE][INFO] - Checking object

2021-11-19 17:20:50 - [MESSAGE][INFO] - Finding web element from Test Object's properties

2021-11-19 17:20:50 - [MESSAGE][INFO] - Checking timeout

2021-11-19 17:20:50 - [MESSAGE][INFO] - Finding web element with id: 'Object Repository/Sayfalar/Giris_Sayfasi/RetveTamam_Butonu' located by 'By.xpath: //*[@class = 'btn btn-default']' in '30' second(s)

2021-11-19 17:20:50 - [MESSAGE][INFO] - Smart Wait Function is triggered

2021-11-19 17:20:51 - [MESSAGE][INFO] - Found 1 web elements with id: 'Object Repository/Sayfalar/Giris_Sayfasi/RetveTamam_Butonu' located by 'By.xpath: //*[@class = 'btn btn-default']' in '30' second(s)

2021-11-19 17:20:51 - [MESSAGE][INFO] - Clicking on object: 'Object Repository/Sayfalar/Giris_Sayfasi/RetveTamam_Butonu'

2021-11-19 17:20:51 - [MESSAGE][PASSED] - Object: 'Object Repository/Sayfalar/Giris_Sayfasi/RetveTamam_Butonu' is clicked on

2021-11-19 17:20:51 - [TEST_STEP][PASSED] - click(findTestObject("Object Repository/Sayfalar/Giris_Sayfasi/RetveTamam_Butonu")): Object: 'Object Repository/Sayfalar/Giris_Sayfasi/RetveTamam_Butonu' is clicked on

2021-11-19 17:20:51 - [MESSAGE][INFO] - Finding Test Object 'Object Repository/Sayfalar/Giris_Sayfasi/RetveTamam_Butonu'

2021-11-19 17:20:51 - [MESSAGE][INFO] - Checking object

2021-11-19 17:20:51 - [MESSAGE][INFO] - Finding web element from Test Object's properties

2021-11-19 17:20:51 - [MESSAGE][INFO] - Checking timeout

2021-11-19 17:20:51 - [MESSAGE][INFO] - Finding web element with id: 'Object Repository/Sayfalar/Giris_Sayfasi/RetveTamam_Butonu' located by 'By.xpath: //*[@class = 'btn btn-default']' in '30' second(s)

2021-11-19 17:20:51 - [MESSAGE][INFO] - Smart Wait Function is triggered

2021-11-19 17:20:56 - [MESSAGE][INFO] - Found 1 web elements with id: 'Object Repository/Sayfalar/Giris_Sayfasi/RetveTamam_Butonu' located by 'By.xpath: //*[@class = 'btn btn-default']' in '30' second(s)

2021-11-19 17:20:56 - [MESSAGE][INFO] - Clicking on object: 'Object Repository/Sayfalar/Giris_Sayfasi/RetveTamam_Butonu'

2021-11-19 17:20:56 - [MESSAGE][PASSED] - Object: 'Object Repository/Sayfalar/Giris_Sayfasi/RetveTamam_Butonu' is clicked on

2021-11-19 17:20:56 - [TEST_STEP][PASSED] - if (verifyElementPresent(findTestObject("Sayfalar/Giris_Sayfasi/PopupOK"), 5, OPTIONAL)): null

2021-11-19 17:20:56 - [MESSAGE][INFO] - Finding Test Object 'Object Repository/Sayfalar/Giris_Sayfasi/PopupOK'

2021-11-19 17:20:56 - [MESSAGE][INFO] - Checking object

2021-11-19 17:20:56 - [MESSAGE][INFO] - Finding web element from Test Object's properties

2021-11-19 17:20:56 - [MESSAGE][INFO] - Checking timeout

2021-11-19 17:20:56 - [MESSAGE][INFO] - Finding web element with id: 'Object Repository/Sayfalar/Giris_Sayfasi/PopupOK' located by 'By.cssSelector: .btn.btn-success' in '5' second(s)

2021-11-19 17:20:56 - [MESSAGE][INFO] - Smart Wait Function is triggered

2021-11-19 17:20:57 - [MESSAGE][INFO] - Found 1 web elements with id: 'Object Repository/Sayfalar/Giris_Sayfasi/PopupOK' located by 'By.cssSelector: .btn.btn-success' in '5' second(s)

2021-11-19 17:20:57 - [MESSAGE][PASSED] - Object 'Object Repository/Sayfalar/Giris_Sayfasi/PopupOK' is present

2021-11-19 17:20:57 - [TEST_STEP][PASSED] - click(findTestObject("Object Repository/Sayfalar/Giris_Sayfasi/PopupCarpiGiris")): Object: 'Object Repository/Sayfalar/Giris_Sayfasi/PopupCarpiGiris' is clicked on

2021-11-19 17:20:57 - [MESSAGE][INFO] - Finding Test Object 'Object Repository/Sayfalar/Giris_Sayfasi/PopupCarpiGiris'

2021-11-19 17:20:57 - [MESSAGE][INFO] - Checking object

2021-11-19 17:20:57 - [MESSAGE][INFO] - Finding web element from Test Object's properties

2021-11-19 17:20:57 - [MESSAGE][INFO] - Checking timeout

2021-11-19 17:20:57 - [MESSAGE][INFO] - Finding web element with id: 'Object Repository/Sayfalar/Giris_Sayfasi/PopupCarpiGiris' located by 'By.cssSelector: .bootbox-close-button.close' in '30' second(s)

2021-11-19 17:20:57 - [MESSAGE][INFO] - Smart Wait Function is triggered

2021-11-19 17:20:57 - [MESSAGE][INFO] - Found 1 web elements with id: 'Object Repository/Sayfalar/Giris_Sayfasi/PopupCarpiGiris' located by 'By.cssSelector: .bootbox-close-button.close' in '30' second(s)

2021-11-19 17:20:57 - [MESSAGE][INFO] - Clicking on object: 'Object Repository/Sayfalar/Giris_Sayfasi/PopupCarpiGiris'

2021-11-19 17:20:58 - [MESSAGE][PASSED] - Object: 'Object Repository/Sayfalar/Giris_Sayfasi/PopupCarpiGiris' is clicked on

2021-11-19 17:20:58 - [TEST_STEP][PASSED] - verifyElementVisible(findTestObject("Object Repository/Kullanici_Islemleri/KullaniciIslemleri")): Object 'Object Repository/Kullanici_Islemleri/KullaniciIslemleri' is visible

2021-11-19 17:20:58 - [MESSAGE][INFO] - Finding Test Object 'Object Repository/Kullanici_Islemleri/KullaniciIslemleri'

2021-11-19 17:20:58 - [MESSAGE][INFO] - Checking object

2021-11-19 17:20:58 - [MESSAGE][INFO] - Finding web element from Test Object's properties

2021-11-19 17:20:58 - [MESSAGE][INFO] - Checking timeout

2021-11-19 17:20:58 - [MESSAGE][INFO] - Finding web element with id: 'Object Repository/Kullanici_Islemleri/KullaniciIslemleri' located by 'By.cssSelector: .dropdown>a>img' in '30' second(s)

2021-11-19 17:20:58 - [MESSAGE][INFO] - Smart Wait Function is triggered

2021-11-19 17:20:58 - [MESSAGE][INFO] - Found 1 web elements with id: 'Object Repository/Kullanici_Islemleri/KullaniciIslemleri' located by 'By.cssSelector: .dropdown>a>img' in '30' second(s)

2021-11-19 17:20:58 - [MESSAGE][PASSED] - Object 'Object Repository/Kullanici_Islemleri/KullaniciIslemleri' is visible

2021-11-19 17:20:58 - [MESSAGE][PASSED] - Call Test Case 'Test Cases/Sayfalar/Giris_Sayfasi/Login' successfully

2021-11-19 17:20:58 - [MESSAGE][INFO] - Checking called Test Case

2021-11-19 17:20:58 - [MESSAGE][INFO] - Starting to call Test Case 'Test Cases/Menu/AnaMenuSecimi'

2021-11-19 17:20:58 - [TEST_CASE][PASSED] - Test Cases/Menu/AnaMenuSecimi: Test Cases/Menu/AnaMenuSecimi

2021-11-19 17:20:58 - [TEST_STEP][PASSED] - Method.TextDegerineEsitElementeTikla(findTestObject("Menu/Ana_Menu"), Ana_Menu): Method.TextDegerineEsitElementeTikla is PASSED

2021-11-19 17:20:58 - [MESSAGE][INFO] - Finding Test Object 'Object Repository/Menu/Ana_Menu'

2021-11-19 17:20:59 - [MESSAGE][INFO] - Checking timeout

2021-11-19 17:20:59 - [MESSAGE][INFO] - Finding web element with id: 'Object Repository/Menu/Ana_Menu' located by 'By.xpath: //*[@class = 'dropdown-toggle']' in '10' second(s)

2021-11-19 17:20:59 - [MESSAGE][INFO] - Smart Wait Function is triggered

2021-11-19 17:20:59 - [MESSAGE][INFO] - Found 14 web elements with id: 'Object Repository/Menu/Ana_Menu' located by 'By.xpath: //*[@class = 'dropdown-toggle']' in '10' second(s)

2021-11-19 17:20:59 - [MESSAGE][PASSED] - Method.TextDegerineEsitElementeTikla is PASSED

2021-11-19 17:20:59 - [MESSAGE][PASSED] - Call Test Case 'Test Cases/Menu/AnaMenuSecimi' successfully

2021-11-19 17:20:59 - [MESSAGE][INFO] - Checking called Test Case

2021-11-19 17:20:59 - [MESSAGE][INFO] - Starting to call Test Case 'Test Cases/Menu/AltMenuSecimi'

2021-11-19 17:20:59 - [TEST_CASE][PASSED] - Test Cases/Menu/AltMenuSecimi: Test Cases/Menu/AltMenuSecimi

2021-11-19 17:20:59 - [TEST_STEP][PASSED] - Method.TextDegerineEsitElementeTikla(findTestObject("Menu/Alt_Menu"), Alt_Menu): Method.TextDegerineEsitElementeTikla is PASSED

2021-11-19 17:20:59 - [MESSAGE][INFO] - Finding Test Object 'Object Repository/Menu/Alt_Menu'

2021-11-19 17:20:59 - [MESSAGE][INFO] - Checking timeout

2021-11-19 17:20:59 - [MESSAGE][INFO] - Finding web element with id: 'Object Repository/Menu/Alt_Menu' located by 'By.xpath: //li[@class='dropdown dropdown-large open']//li[@class='dropdown-element']' in '10' second(s)

2021-11-19 17:20:59 - [MESSAGE][INFO] - Smart Wait Function is triggered

2021-11-19 17:21:00 - [MESSAGE][INFO] - Found 2 web elements with id: 'Object Repository/Menu/Alt_Menu' located by 'By.xpath: //li[@class='dropdown dropdown-large open']//li[@class='dropdown-element']' in '10' second(s)

2021-11-19 17:21:02 - [MESSAGE][PASSED] - Method.TextDegerineEsitElementeTikla is PASSED

2021-11-19 17:21:02 - [MESSAGE][PASSED] - Call Test Case 'Test Cases/Menu/AltMenuSecimi' successfully

2021-11-19 17:21:02 - [MESSAGE][INFO] - Checking called Test Case

2021-11-19 17:21:02 - [MESSAGE][INFO] - Starting to call Test Case 'Test Cases/Filtreler/BaslangicYaz'

2021-11-19 17:21:02 - [TEST_CASE][PASSED] - Test Cases/Filtreler/BaslangicYaz: Test Cases/Filtreler/BaslangicYaz

2021-11-19 17:21:02 - [TEST_STEP][PASSED] - delay(3): Delayed 3 second(s)

2021-11-19 17:21:02 - [MESSAGE][INFO] - Delaying browser in 3 second(s)

2021-11-19 17:21:05 - [MESSAGE][PASSED] - Delayed 3 second(s)

2021-11-19 17:21:05 - [TEST_STEP][PASSED] - Method.TextDegerineEsitElementinAltindakineTikla(findTestObject("Filtreler/Basliklar"), findTestObject("Filtreler/Basliga_Gore_Baslangic_Image"), Filtre_Adi): Method.TextDegerineEsitElementinAltindakineTikla is PASSED

2021-11-19 17:21:05 - [MESSAGE][INFO] - Finding Test Object 'Object Repository/Filtreler/Basliklar'

2021-11-19 17:21:05 - [MESSAGE][INFO] - Finding Test Object 'Object Repository/Filtreler/Basliga_Gore_Baslangic_Image'

2021-11-19 17:21:05 - [MESSAGE][INFO] - Checking timeout

2021-11-19 17:21:05 - [MESSAGE][INFO] - Finding web element with id: 'Object Repository/Filtreler/Basliklar' located by 'By.cssSelector: .control-label.col-sm-4.paddingMarginRLC' in '10' second(s)

2021-11-19 17:21:05 - [MESSAGE][INFO] - Smart Wait Function is triggered

2021-11-19 17:21:05 - [MESSAGE][INFO] - Found 8 web elements with id: 'Object Repository/Filtreler/Basliklar' located by 'By.cssSelector: .control-label.col-sm-4.paddingMarginRLC' in '10' second(s)

2021-11-19 17:21:05 - [MESSAGE][INFO] - Smart Wait Function is triggered

2021-11-19 17:21:06 - [MESSAGE][PASSED] - Method.TextDegerineEsitElementinAltindakineTikla is PASSED

2021-11-19 17:21:06 - [TEST_STEP][PASSED] - Method.TextDegerineEsitElementinAltindakiTextboxtaYaz(findTestObject("Filtreler/Basliklar"), findTestObject("Filtreler/Basliga_Gore_Baslangic"), Filtre_Adi, Filtre_Degeri): Method.TextDegerineEsitElementinAltindakiTextboxtaYaz is PASSED

2021-11-19 17:21:06 - [MESSAGE][INFO] - Finding Test Object 'Object Repository/Filtreler/Basliklar'

2021-11-19 17:21:06 - [MESSAGE][INFO] - Finding Test Object 'Object Repository/Filtreler/Basliga_Gore_Baslangic'

2021-11-19 17:21:06 - [MESSAGE][INFO] - Checking timeout

2021-11-19 17:21:06 - [MESSAGE][INFO] - Finding web element with id: 'Object Repository/Filtreler/Basliklar' located by 'By.cssSelector: .control-label.col-sm-4.paddingMarginRLC' in '10' second(s)

2021-11-19 17:21:06 - [MESSAGE][INFO] - Smart Wait Function is triggered

2021-11-19 17:21:06 - [MESSAGE][INFO] - Found 8 web elements with id: 'Object Repository/Filtreler/Basliklar' located by 'By.cssSelector: .control-label.col-sm-4.paddingMarginRLC' in '10' second(s)

2021-11-19 17:21:06 - [MESSAGE][INFO] - Smart Wait Function is triggered

2021-11-19 17:21:07 - [MESSAGE][PASSED] - Method.TextDegerineEsitElementinAltindakiTextboxtaYaz is PASSED

2021-11-19 17:21:07 - [MESSAGE][PASSED] - Call Test Case 'Test Cases/Filtreler/BaslangicYaz' successfully

2021-11-19 17:21:07 - [MESSAGE][INFO] - Checking called Test Case

2021-11-19 17:21:07 - [MESSAGE][INFO] - Starting to call Test Case 'Test Cases/Filtreler/BitisYaz'

2021-11-19 17:21:07 - [TEST_CASE][PASSED] - Test Cases/Filtreler/BitisYaz: Test Cases/Filtreler/BitisYaz

2021-11-19 17:21:07 - [TEST_STEP][PASSED] - Method.TextDegerineEsitElementinAltindakineTikla(findTestObject("Filtreler/Basliklar"), findTestObject("Filtreler/Basliga_Gore_Bitis_Image"), Filtre_Adi): Method.TextDegerineEsitElementinAltindakineTikla is PASSED

2021-11-19 17:21:07 - [MESSAGE][INFO] - Finding Test Object 'Object Repository/Filtreler/Basliklar'

2021-11-19 17:21:07 - [MESSAGE][INFO] - Finding Test Object 'Object Repository/Filtreler/Basliga_Gore_Bitis_Image'

2021-11-19 17:21:07 - [MESSAGE][INFO] - Checking timeout

2021-11-19 17:21:07 - [MESSAGE][INFO] - Finding web element with id: 'Object Repository/Filtreler/Basliklar' located by 'By.cssSelector: .control-label.col-sm-4.paddingMarginRLC' in '10' second(s)

2021-11-19 17:21:07 - [MESSAGE][INFO] - Smart Wait Function is triggered

2021-11-19 17:21:07 - [MESSAGE][INFO] - Found 8 web elements with id: 'Object Repository/Filtreler/Basliklar' located by 'By.cssSelector: .control-label.col-sm-4.paddingMarginRLC' in '10' second(s)

2021-11-19 17:21:07 - [MESSAGE][INFO] - Smart Wait Function is triggered

2021-11-19 17:21:07 - [MESSAGE][PASSED] - Method.TextDegerineEsitElementinAltindakineTikla is PASSED

2021-11-19 17:21:07 - [TEST_STEP][PASSED] - Method.TextDegerineEsitElementinAltindakiTextboxtaYaz(findTestObject("Filtreler/Basliklar"), findTestObject("Object Repository/Filtreler/Basliga_Gore_Bitis"), Filtre_Adi, Filtre_Degeri): Method.TextDegerineEsitElementinAltindakiTextboxtaYaz is PASSED

2021-11-19 17:21:07 - [MESSAGE][INFO] - Finding Test Object 'Object Repository/Filtreler/Basliklar'

2021-11-19 17:21:08 - [MESSAGE][INFO] - Finding Test Object 'Object Repository/Filtreler/Basliga_Gore_Bitis'

2021-11-19 17:21:08 - [MESSAGE][INFO] - Checking timeout

2021-11-19 17:21:08 - [MESSAGE][INFO] - Finding web element with id: 'Object Repository/Filtreler/Basliklar' located by 'By.cssSelector: .control-label.col-sm-4.paddingMarginRLC' in '10' second(s)

2021-11-19 17:21:08 - [MESSAGE][INFO] - Smart Wait Function is triggered

2021-11-19 17:21:08 - [MESSAGE][INFO] - Found 8 web elements with id: 'Object Repository/Filtreler/Basliklar' located by 'By.cssSelector: .control-label.col-sm-4.paddingMarginRLC' in '10' second(s)

2021-11-19 17:21:08 - [MESSAGE][INFO] - Smart Wait Function is triggered

2021-11-19 17:21:08 - [MESSAGE][PASSED] - Method.TextDegerineEsitElementinAltindakiTextboxtaYaz is PASSED

2021-11-19 17:21:08 - [MESSAGE][PASSED] - Call Test Case 'Test Cases/Filtreler/BitisYaz' successfully

2021-11-19 17:21:08 - [MESSAGE][INFO] - Checking called Test Case

2021-11-19 17:21:08 - [MESSAGE][INFO] - Starting to call Test Case 'Test Cases/Filtreler/ButonaTikla'

2021-11-19 17:21:09 - [TEST_CASE][PASSED] - Test Cases/Filtreler/ButonaTikla: Test Cases/Filtreler/ButonaTikla

2021-11-19 17:21:09 - [TEST_STEP][PASSED] - Method.TextDegerineEsitElementeTikla(findTestObject("Filtreler/Butonlar"), Filtre_Buton): Method.TextDegerineEsitElementeTikla is PASSED

2021-11-19 17:21:09 - [MESSAGE][INFO] - Finding Test Object 'Object Repository/Filtreler/Butonlar'

2021-11-19 17:21:09 - [MESSAGE][INFO] - Checking timeout

2021-11-19 17:21:09 - [MESSAGE][INFO] - Finding web element with id: 'Object Repository/Filtreler/Butonlar' located by 'By.cssSelector: .dxb>span' in '10' second(s)

2021-11-19 17:21:09 - [MESSAGE][INFO] - Smart Wait Function is triggered

2021-11-19 17:21:09 - [MESSAGE][INFO] - Found 3 web elements with id: 'Object Repository/Filtreler/Butonlar' located by 'By.cssSelector: .dxb>span' in '10' second(s)

2021-11-19 17:21:09 - [MESSAGE][PASSED] - Method.TextDegerineEsitElementeTikla is PASSED

2021-11-19 17:21:09 - [MESSAGE][PASSED] - Call Test Case 'Test Cases/Filtreler/ButonaTikla' successfully

2021-11-19 17:21:09 - [MESSAGE][INFO] - Checking called Test Case

2021-11-19 17:21:09 - [MESSAGE][INFO] - Starting to call Test Case 'Test Cases/Tablo/TablodaVeriVarMi'

2021-11-19 17:21:09 - [TEST_CASE][PASSED] - Test Cases/Tablo/TablodaVeriVarMi: Test Cases/Tablo/TablodaVeriVarMi

2021-11-19 17:21:09 - [TEST_STEP][PASSED] - verifyTextNotPresent("Görüntülenecek veri yok", true): Text 'Görüntülenecek veri yok' is not present on page using regular expression

2021-11-19 17:21:09 - [MESSAGE][INFO] - Checking text present  using regular expression

2021-11-19 17:21:09 - [MESSAGE][INFO] - Smart Wait Function is triggered

2021-11-19 17:21:10 - [MESSAGE][INFO] - Finding text 'Görüntülenecek veri yok' on page  using regular expression

2021-11-19 17:21:10 - [MESSAGE][PASSED] - Text 'Görüntülenecek veri yok' is not present on page using regular expression

2021-11-19 17:21:10 - [MESSAGE][PASSED] - Call Test Case 'Test Cases/Tablo/TablodaVeriVarMi' successfully

2021-11-19 17:21:10 - [MESSAGE][INFO] - Checking called Test Case

2021-11-19 17:21:10 - [MESSAGE][INFO] - Starting to call Test Case 'Test Cases/Tablo/TablodanVeriSec'

2021-11-19 17:21:10 - [TEST_CASE][PASSED] - Test Cases/Tablo/TablodanVeriSec: Test Cases/Tablo/TablodanVeriSec

2021-11-19 17:21:10 - [TEST_STEP][PASSED] - Method.TextDegerineEsitElementinAltindakineTikla(findTestObject("Tablo/Veriler"), findTestObject("Tablo/VerininCheckBoxi"), Veri_Adi): Method.TextDegerineEsitElementinAltindakineTikla is PASSED

2021-11-19 17:21:10 - [MESSAGE][INFO] - Finding Test Object 'Object Repository/Tablo/Veriler'

2021-11-19 17:21:10 - [MESSAGE][INFO] - Finding Test Object 'Object Repository/Tablo/VerininCheckBoxi'

2021-11-19 17:21:10 - [MESSAGE][INFO] - Checking timeout

2021-11-19 17:21:10 - [MESSAGE][INFO] - Finding web element with id: 'Object Repository/Tablo/Veriler' located by 'By.cssSelector: td.dxgv b ,td.dxgv' in '10' second(s)

2021-11-19 17:21:10 - [MESSAGE][INFO] - Smart Wait Function is triggered

2021-11-19 17:21:11 - [MESSAGE][INFO] - Found 110 web elements with id: 'Object Repository/Tablo/Veriler' located by 'By.cssSelector: td.dxgv b ,td.dxgv' in '10' second(s)

2021-11-19 17:21:11 - [MESSAGE][INFO] - Smart Wait Function is triggered

2021-11-19 17:21:11 - [MESSAGE][PASSED] - Method.TextDegerineEsitElementinAltindakineTikla is PASSED

2021-11-19 17:21:11 - [MESSAGE][PASSED] - Call Test Case 'Test Cases/Tablo/TablodanVeriSec' successfully

2021-11-19 17:21:11 - [MESSAGE][INFO] - Checking called Test Case

2021-11-19 17:21:11 - [MESSAGE][INFO] - Starting to call Test Case 'Test Cases/Butonlar/ButonaTikla'

2021-11-19 17:21:11 - [TEST_CASE][PASSED] - Test Cases/Butonlar/ButonaTikla: Test Cases/Butonlar/ButonaTikla

2021-11-19 17:21:11 - [TEST_STEP][PASSED] - Method.TextDegerineEsitElementeTiklaEquals(findTestObject("Butonlar/Butonlar"), Buton_Adi): Method.TextDegerineEsitElementeTiklaEquals is PASSED

2021-11-19 17:21:11 - [MESSAGE][INFO] - Finding Test Object 'Object Repository/Butonlar/Butonlar'

2021-11-19 17:21:11 - [MESSAGE][INFO] - Checking timeout

2021-11-19 17:21:11 - [MESSAGE][INFO] - Finding web element with id: 'Object Repository/Butonlar/Butonlar' located by 'By.cssSelector: .panel.panel-default.text-center.footerPanel .btn,.btn.btn-primary.btnControls' in '10' second(s)

2021-11-19 17:21:11 - [MESSAGE][INFO] - Smart Wait Function is triggered

2021-11-19 17:21:12 - [MESSAGE][INFO] - Found 6 web elements with id: 'Object Repository/Butonlar/Butonlar' located by 'By.cssSelector: .panel.panel-default.text-center.footerPanel .btn,.btn.btn-primary.btnControls' in '10' second(s)

2021-11-19 17:21:12 - [MESSAGE][PASSED] - Method.TextDegerineEsitElementeTiklaEquals is PASSED

2021-11-19 17:21:12 - [MESSAGE][PASSED] - Call Test Case 'Test Cases/Butonlar/ButonaTikla' successfully

2021-11-19 17:21:12 - [MESSAGE][INFO] - Checking called Test Case

2021-11-19 17:21:12 - [MESSAGE][INFO] - Starting to call Test Case 'Test Cases/Sekmeler/YeniSekmeyeGec'

2021-11-19 17:21:12 - [TEST_CASE][PASSED] - Test Cases/Sekmeler/YeniSekmeyeGec: Test Cases/Sekmeler/YeniSekmeyeGec

2021-11-19 17:21:12 - [TEST_STEP][PASSED] - switchToWindowIndex(1): Switched to window with index: '1'

2021-11-19 17:21:12 - [MESSAGE][INFO] - Checking index

2021-11-19 17:21:12 - [MESSAGE][INFO] - Switching window with index: '1'

2021-11-19 17:21:13 - [MESSAGE][PASSED] - Switched to window with index: '1'

2021-11-19 17:21:13 - [MESSAGE][PASSED] - Call Test Case 'Test Cases/Sekmeler/YeniSekmeyeGec' successfully

2021-11-19 17:21:13 - [MESSAGE][INFO] - Checking called Test Case

2021-11-19 17:21:13 - [MESSAGE][INFO] - Starting to call Test Case 'Test Cases/Sekmeler/GecmisGeldiMi'

2021-11-19 17:21:13 - [TEST_CASE][PASSED] - Test Cases/Sekmeler/GecmisGeldiMi: Test Cases/Sekmeler/GecmisGeldiMi

2021-11-19 17:21:13 - [TEST_STEP][PASSED] - waitForElementVisible(findTestObject("Object Repository/Sekmeler/GecmisBaslik"), 10): Object 'Object Repository/Sekmeler/GecmisBaslik' is visible

2021-11-19 17:21:13 - [MESSAGE][INFO] - Finding Test Object 'Object Repository/Sekmeler/GecmisBaslik'

2021-11-19 17:21:13 - [MESSAGE][INFO] - Checking object

2021-11-19 17:21:13 - [MESSAGE][INFO] - Checking timeout

2021-11-19 17:21:13 - [MESSAGE][INFO] - Finding web element from Test Object's properties

2021-11-19 17:21:13 - [MESSAGE][INFO] - Checking timeout

2021-11-19 17:21:13 - [MESSAGE][INFO] - Finding web element with id: 'Object Repository/Sekmeler/GecmisBaslik' located by 'By.cssSelector: .dxnb-ghtext.dx-vam' in '10' second(s)

2021-11-19 17:21:13 - [MESSAGE][INFO] - Smart Wait Function is triggered

2021-11-19 17:21:20 - [MESSAGE][INFO] - Found 1 web elements with id: 'Object Repository/Sekmeler/GecmisBaslik' located by 'By.cssSelector: .dxnb-ghtext.dx-vam' in '10' second(s)

2021-11-19 17:21:20 - [MESSAGE][PASSED] - Object 'Object Repository/Sekmeler/GecmisBaslik' is visible

2021-11-19 17:21:20 - [TEST_STEP][PASSED] - if (!(getText(findTestObject("Object Repository/Sekmeler/GecmisBaslik")).contains(Baslik))): Text of object 'Object Repository/Sekmeler/GecmisBaslik' is: 'Zarf İzleme Kayıtları - 116114834'

2021-11-19 17:21:20 - [MESSAGE][INFO] - Finding Test Object 'Object Repository/Sekmeler/GecmisBaslik'

2021-11-19 17:21:20 - [MESSAGE][INFO] - Checking object

2021-11-19 17:21:20 - [MESSAGE][INFO] - Finding web element from Test Object's properties

2021-11-19 17:21:20 - [MESSAGE][INFO] - Checking timeout

2021-11-19 17:21:20 - [MESSAGE][INFO] - Finding web element with id: 'Object Repository/Sekmeler/GecmisBaslik' located by 'By.cssSelector: .dxnb-ghtext.dx-vam' in '30' second(s)

2021-11-19 17:21:20 - [MESSAGE][INFO] - Smart Wait Function is triggered

2021-11-19 17:21:20 - [MESSAGE][INFO] - Found 1 web elements with id: 'Object Repository/Sekmeler/GecmisBaslik' located by 'By.cssSelector: .dxnb-ghtext.dx-vam' in '30' second(s)

2021-11-19 17:21:20 - [MESSAGE][INFO] - Getting text of object 'Object Repository/Sekmeler/GecmisBaslik'

2021-11-19 17:21:20 - [MESSAGE][PASSED] - Text of object 'Object Repository/Sekmeler/GecmisBaslik' is: 'Zarf İzleme Kayıtları - 116114834'

2021-11-19 17:21:20 - [MESSAGE][PASSED] - Call Test Case 'Test Cases/Sekmeler/GecmisGeldiMi' successfully

2021-11-19 17:21:20 - [MESSAGE][INFO] - Checking called Test Case

2021-11-19 17:21:20 - [MESSAGE][INFO] - Starting to call Test Case 'Test Cases/Sekmeler/Ana_Sekmeye_Gec'

2021-11-19 17:21:20 - [TEST_CASE][PASSED] - Test Cases/Sekmeler/Ana_Sekmeye_Gec: Test Cases/Sekmeler/Ana_Sekmeye_Gec

2021-11-19 17:21:20 - [TEST_STEP][PASSED] - try: Window with index 1 is closed

2021-11-19 17:21:20 - [TEST_STEP][PASSED] - index = getWindowIndex(): Current window's index is: 1

2021-11-19 17:21:20 - [MESSAGE][INFO] - Getting current window's index

2021-11-19 17:21:20 - [MESSAGE][PASSED] - Current window's index is: 1

2021-11-19 17:21:20 - [TEST_STEP][PASSED] - closeWindowIndex(index): Window with index 1 is closed

2021-11-19 17:21:20 - [MESSAGE][INFO] - Checking index

2021-11-19 17:21:20 - [MESSAGE][INFO] - Closing window with index 1

2021-11-19 17:21:20 - [MESSAGE][PASSED] - Window with index 1 is closed

2021-11-19 17:21:20 - [TEST_STEP][PASSED] - switchToWindowIndex(0): Switched to window with index: '0'

2021-11-19 17:21:20 - [MESSAGE][INFO] - Checking index

2021-11-19 17:21:20 - [MESSAGE][INFO] - Switching window with index: '0'

2021-11-19 17:21:20 - [MESSAGE][PASSED] - Switched to window with index: '0'

2021-11-19 17:21:20 - [MESSAGE][PASSED] - Call Test Case 'Test Cases/Sekmeler/Ana_Sekmeye_Gec' successfully

2021-11-19 17:21:20 - [MESSAGE][INFO] - Checking called Test Case

2021-11-19 17:21:20 - [MESSAGE][INFO] - Starting to call Test Case 'Test Cases/Kullanici_Islemleri/KullaniciIslemlerindenSecimYapilir'

2021-11-19 17:21:20 - [TEST_CASE][PASSED] - Test Cases/Kullanici_Islemleri/KullaniciIslemlerindenSecimYapilir: Test Cases/Kullanici_Islemleri/KullaniciIslemlerindenSecimYapilir

2021-11-19 17:21:20 - [TEST_STEP][PASSED] - waitForElementClickable(findTestObject("Object Repository/Kullanici_Islemleri/KullaniciIslemleri"), 10): Object 'Object Repository/Kullanici_Islemleri/KullaniciIslemleri' is clickable

2021-11-19 17:21:20 - [MESSAGE][INFO] - Finding Test Object 'Object Repository/Kullanici_Islemleri/KullaniciIslemleri'

2021-11-19 17:21:21 - [MESSAGE][INFO] - Checking object

2021-11-19 17:21:21 - [MESSAGE][INFO] - Checking timeout

2021-11-19 17:21:21 - [MESSAGE][INFO] - Finding web element from Test Object's properties

2021-11-19 17:21:21 - [MESSAGE][INFO] - Checking timeout

2021-11-19 17:21:21 - [MESSAGE][INFO] - Finding web element with id: 'Object Repository/Kullanici_Islemleri/KullaniciIslemleri' located by 'By.cssSelector: .dropdown>a>img' in '10' second(s)

2021-11-19 17:21:21 - [MESSAGE][INFO] - Smart Wait Function is triggered

2021-11-19 17:21:21 - [MESSAGE][INFO] - Found 1 web elements with id: 'Object Repository/Kullanici_Islemleri/KullaniciIslemleri' located by 'By.cssSelector: .dropdown>a>img' in '10' second(s)

2021-11-19 17:21:21 - [MESSAGE][PASSED] - Object 'Object Repository/Kullanici_Islemleri/KullaniciIslemleri' is clickable

2021-11-19 17:21:21 - [TEST_STEP][PASSED] - click(findTestObject("Object Repository/Kullanici_Islemleri/KullaniciIslemleri")): Object: 'Object Repository/Kullanici_Islemleri/KullaniciIslemleri' is clicked on

2021-11-19 17:21:21 - [MESSAGE][INFO] - Finding Test Object 'Object Repository/Kullanici_Islemleri/KullaniciIslemleri'

2021-11-19 17:21:21 - [MESSAGE][INFO] - Checking object

2021-11-19 17:21:21 - [MESSAGE][INFO] - Finding web element from Test Object's properties

2021-11-19 17:21:21 - [MESSAGE][INFO] - Checking timeout

2021-11-19 17:21:21 - [MESSAGE][INFO] - Finding web element with id: 'Object Repository/Kullanici_Islemleri/KullaniciIslemleri' located by 'By.cssSelector: .dropdown>a>img' in '30' second(s)

2021-11-19 17:21:21 - [MESSAGE][INFO] - Smart Wait Function is triggered

2021-11-19 17:21:21 - [MESSAGE][INFO] - Found 1 web elements with id: 'Object Repository/Kullanici_Islemleri/KullaniciIslemleri' located by 'By.cssSelector: .dropdown>a>img' in '30' second(s)

2021-11-19 17:21:21 - [MESSAGE][INFO] - Clicking on object: 'Object Repository/Kullanici_Islemleri/KullaniciIslemleri'

2021-11-19 17:21:21 - [MESSAGE][PASSED] - Object: 'Object Repository/Kullanici_Islemleri/KullaniciIslemleri' is clicked on

2021-11-19 17:21:21 - [TEST_STEP][PASSED] - Method.TextDegerineEsitElementeTikla(findTestObject("Object Repository/Kullanici_Islemleri/Secenekler"), Islem): Method.TextDegerineEsitElementeTikla is PASSED

2021-11-19 17:21:21 - [MESSAGE][INFO] - Finding Test Object 'Object Repository/Kullanici_Islemleri/Secenekler'

2021-11-19 17:21:21 - [MESSAGE][INFO] - Checking timeout

2021-11-19 17:21:21 - [MESSAGE][INFO] - Finding web element with id: 'Object Repository/Kullanici_Islemleri/Secenekler' located by 'By.cssSelector: .nav.navbar-nav.navbar-right li a' in '10' second(s)

2021-11-19 17:21:21 - [MESSAGE][INFO] - Smart Wait Function is triggered

2021-11-19 17:21:22 - [MESSAGE][INFO] - Found 22 web elements with id: 'Object Repository/Kullanici_Islemleri/Secenekler' located by 'By.cssSelector: .nav.navbar-nav.navbar-right li a' in '10' second(s)

2021-11-19 17:21:24 - [MESSAGE][PASSED] - Method.TextDegerineEsitElementeTikla is PASSED

2021-11-19 17:21:24 - [TEST_STEP][PASSED] - verifyElementNotPresent(findTestObject("Object Repository/Kullanici_Islemleri/Secenekler"), 10): Web element with id: 'Object Repository/Kullanici_Islemleri/Secenekler' located by 'By.cssSelector: .nav.navbar-nav.navbar-right li a' is not present after '10' second(s)

2021-11-19 17:21:24 - [MESSAGE][INFO] - Finding Test Object 'Object Repository/Kullanici_Islemleri/Secenekler'

2021-11-19 17:21:24 - [MESSAGE][INFO] - Checking object

2021-11-19 17:21:24 - [MESSAGE][INFO] - Checking timeout

2021-11-19 17:21:24 - [MESSAGE][INFO] - Finding web element with id: 'Object Repository/Kullanici_Islemleri/Secenekler' located by 'By.cssSelector: .nav.navbar-nav.navbar-right li a' in '10' second(s)

2021-11-19 17:21:24 - [MESSAGE][INFO] - Smart Wait Function is triggered

2021-11-19 17:21:25 - [MESSAGE][PASSED] - Web element with id: 'Object Repository/Kullanici_Islemleri/Secenekler' located by 'By.cssSelector: .nav.navbar-nav.navbar-right li a' is not present after '10' second(s)

2021-11-19 17:21:25 - [MESSAGE][PASSED] - Call Test Case 'Test Cases/Kullanici_Islemleri/KullaniciIslemlerindenSecimYapilir' successfully

2021-11-19 17:21:25 - [TEST_CASE][PASSED] - Start Test Case : SCENARIO Giden Zarf Gecmis: SCENARIO Giden Zarf Gecmis

2021-11-19 17:21:25 - [TEST_STEP][PASSED] - Kullanıcı adı ELOGO6 ve Şifre 123456 olarak giriş yapılır: Kullanıcı adı ELOGO6 ve Şifre 123456 olarak giriş yapılır

2021-11-19 17:21:25 - [MESSAGE][PASSED] - Kullanıcı adı ELOGO6 ve Şifre 123456 olarak giriş yapılır

2021-11-19 17:21:25 - [TEST_STEP][PASSED] - Ana menüden Zarflar seçilir: Ana menüden Zarflar seçilir

2021-11-19 17:21:25 - [MESSAGE][PASSED] - Ana menüden Zarflar seçilir

2021-11-19 17:21:25 - [TEST_STEP][PASSED] - Alt menüden Giden Zarflar seçilir: Alt menüden Giden Zarflar seçilir

2021-11-19 17:21:25 - [MESSAGE][PASSED] - Alt menüden Giden Zarflar seçilir

2021-11-19 17:21:25 - [TEST_STEP][PASSED] - Filtrelerden Oluşturma Tarihi filtresine 01.12.2020 baslangic degerini yaz: Filtrelerden Oluşturma Tarihi filtresine 01.12.2020 baslangic degerini yaz

2021-11-19 17:21:25 - [MESSAGE][PASSED] - Filtrelerden Oluşturma Tarihi filtresine 01.12.2020 baslangic degerini yaz

2021-11-19 17:21:25 - [TEST_STEP][PASSED] - Filtrelerden Oluşturma Tarihi filtresine 31.12.2020 bitis degerini yaz: Filtrelerden Oluşturma Tarihi filtresine 31.12.2020 bitis degerini yaz

2021-11-19 17:21:25 - [MESSAGE][PASSED] - Filtrelerden Oluşturma Tarihi filtresine 31.12.2020 bitis degerini yaz

2021-11-19 17:21:25 - [TEST_STEP][PASSED] - Filtre butonlarından Listele seçilir: Filtre butonlarından Listele seçilir

2021-11-19 17:21:25 - [MESSAGE][PASSED] - Filtre butonlarından Listele seçilir

2021-11-19 17:21:25 - [TEST_STEP][PASSED] - Tabloda veri var mı kontrol edilir: Tabloda veri var mı kontrol edilir

2021-11-19 17:21:25 - [MESSAGE][PASSED] - Tabloda veri var mı kontrol edilir

2021-11-19 17:21:25 - [TEST_STEP][PASSED] - Tablodan Test Kurum 6 isimli veri seçilir: Tablodan Test Kurum 6 isimli veri seçilir

2021-11-19 17:21:25 - [MESSAGE][PASSED] - Tablodan Test Kurum 6 isimli veri seçilir

2021-11-19 17:21:25 - [TEST_STEP][PASSED] - Butonlardan İzleme Kayıtları isimli butona tıklanır: Butonlardan İzleme Kayıtları isimli butona tıklanır

2021-11-19 17:21:25 - [MESSAGE][PASSED] - Butonlardan İzleme Kayıtları isimli butona tıklanır

2021-11-19 17:21:25 - [TEST_STEP][PASSED] - Yeni açılan sekmeye geçilir: Yeni açılan sekmeye geçilir

2021-11-19 17:21:25 - [MESSAGE][PASSED] - Yeni açılan sekmeye geçilir

2021-11-19 17:21:25 - [TEST_STEP][PASSED] - Zarf İzleme Kayıtları baslikli gecmis sayfasi geldi mi: Zarf İzleme Kayıtları baslikli gecmis sayfasi geldi mi

2021-11-19 17:21:25 - [MESSAGE][PASSED] - Zarf İzleme Kayıtları baslikli gecmis sayfasi geldi mi

2021-11-19 17:21:25 - [TEST_STEP][PASSED] - Ana sekmeye geçilir: Ana sekmeye geçilir

2021-11-19 17:21:25 - [MESSAGE][PASSED] - Ana sekmeye geçilir

2021-11-19 17:21:25 - [TEST_STEP][PASSED] - Kullanıcı işlemlerinden Çıkış seçilir: Kullanıcı işlemlerinden Çıkış seçilir

2021-11-19 17:21:25 - [MESSAGE][PASSED] - Kullanıcı işlemlerinden Çıkış seçilir

2021-11-19 17:21:25 - [MESSAGE][PASSED] - Feature file: 'Include/features/Zarflar/Giden Zarflar/Izleme Kayitlari.feature' was passed

2021-11-19 17:21:25 - [TEST_STEP][PASSED] - Start listener action : sampleAfterTestSuite: Invoke 'com.kms.katalon.core.annotation.AfterTestCase' method: 'Listener.sampleAfterTestSuite(...)' completed.

2021-11-19 17:21:25 - [MESSAGE][INFO] - Starting invoke 'com.kms.katalon.core.annotation.AfterTestCase' method: 'Listener.sampleAfterTestSuite(...)'

2021-11-19 17:21:25 - [TEST_STEP][PASSED] - closeBrowser(): Invoke 'com.kms.katalon.core.annotation.AfterTestCase' method: 'Listener.sampleAfterTestSuite(...)' completed.

2021-11-19 17:21:25 - [MESSAGE][INFO] - Closing browser

2021-11-19 17:21:26 - [MESSAGE][PASSED] - Browser is closed

2021-11-19 17:21:26 - [MESSAGE][INFO] - Invoke 'com.kms.katalon.core.annotation.AfterTestCase' method: 'Listener.sampleAfterTestSuite(...)' completed.]]></system-out>
         <system-err><![CDATA[]]></system-err>
      </testcase>
      <testcase name="Test Cases/Case Repository/Zarflar/Giden Zarflar/Tablodaki Verinin Irsaliyeleri" time="196.072" classname="Test Cases/Case Repository/Zarflar/Giden Zarflar/Tablodaki Verinin Irsaliyeleri" status="PASSED">
         <system-out><![CDATA[2021-11-19 17:21:26 - [TEST_CASE][PASSED] - Test Cases/Case Repository/Zarflar/Giden Zarflar/Tablodaki Verinin Irsaliyeleri: Test Cases/Case Repository/Zarflar/Giden Zarflar/Tablodaki Verinin Irsaliyeleri

2021-11-19 17:21:26 - [TEST_STEP][PASSED] - Start listener action : sampleBeforeTestSuite: Invoke 'com.kms.katalon.core.annotation.BeforeTestCase' method: 'Listener.sampleBeforeTestSuite(...)' completed.

2021-11-19 17:21:26 - [MESSAGE][INFO] - Starting invoke 'com.kms.katalon.core.annotation.BeforeTestCase' method: 'Listener.sampleBeforeTestSuite(...)'

2021-11-19 17:21:26 - [TEST_STEP][PASSED] - openBrowser(baseUrl): Browser is opened with url: 'https://efatura-stage.elogo.com.tr/'

2021-11-19 17:21:26 - [MESSAGE][INFO] - Opening browser

2021-11-19 17:21:26 - [MESSAGE][INFO] - Starting 'Chrome' driver

2021-11-19 17:21:26 - [MESSAGE][INFO] - User set preference: ['prefs', '{download.default_directory=C:\otomasyondownfiles}']

2021-11-19 17:21:26 - [MESSAGE][INFO] - Action delay is set to 0 milliseconds

2021-11-19 17:21:27 - [MESSAGE][INFO] - Navigating browser to: 'https://efatura-stage.elogo.com.tr/'

2021-11-19 17:21:30 - [MESSAGE][PASSED] - Browser is opened with url: 'https://efatura-stage.elogo.com.tr/'

2021-11-19 17:21:30 - [TEST_STEP][PASSED] - maximizeWindow(): Invoke 'com.kms.katalon.core.annotation.BeforeTestCase' method: 'Listener.sampleBeforeTestSuite(...)' completed.

2021-11-19 17:21:30 - [MESSAGE][INFO] - Maximizing current window

2021-11-19 17:21:31 - [MESSAGE][PASSED] - Current window maximized

2021-11-19 17:21:31 - [MESSAGE][INFO] - Invoke 'com.kms.katalon.core.annotation.BeforeTestCase' method: 'Listener.sampleBeforeTestSuite(...)' completed.

2021-11-19 17:21:31 - [TEST_STEP][PASSED] - runFeatureFile("Include/features/Zarflar/Giden Zarflar/Tablodaki Verinin Butonlari.feature"): Feature file: 'Include/features/Zarflar/Giden Zarflar/Tablodaki Verinin Butonlari.feature' was passed

2021-11-19 17:21:31 - [MESSAGE][INFO] - Starting run keyword runFeatureFile: 'Include/features/Zarflar/Giden Zarflar/Tablodaki Verinin Butonlari.feature' and extract report to folder: 'C:\Users\DELL\Documents\GitHub\EES_KatalonLogo\Reports\20211119_164526\Suite Repository\Zarflar\20211119_164611/cucumber_report/1637331691701'...

2021-11-19 17:21:31 - [MESSAGE][INFO] - Glue: []

2021-11-19 17:21:33 - [MESSAGE][INFO] - Checking called Test Case

2021-11-19 17:21:33 - [MESSAGE][INFO] - Starting to call Test Case 'Test Cases/Sayfalar/Giris_Sayfasi/Login'

2021-11-19 17:21:34 - [TEST_CASE][PASSED] - Test Cases/Sayfalar/Giris_Sayfasi/Login: Test Cases/Sayfalar/Giris_Sayfasi/Login

2021-11-19 17:21:34 - [TEST_STEP][PASSED] - Sayfa_Basligi = getWindowTitle(): Current window's title is: 'LOGO e-Fatura'

2021-11-19 17:21:34 - [MESSAGE][INFO] - Getting current window's title

2021-11-19 17:21:34 - [MESSAGE][PASSED] - Current window's title is: 'LOGO e-Fatura'

2021-11-19 17:21:34 - [TEST_STEP][PASSED] - verifyMatch(Sayfa_Basligi, "LOGO e-Fatura", false): Actual text 'LOGO e-Fatura' and expected text 'LOGO e-Fatura' are matched 

2021-11-19 17:21:34 - [MESSAGE][INFO] - Matching actual text 'LOGO e-Fatura' with expected text 'LOGO e-Fatura'

2021-11-19 17:21:34 - [MESSAGE][PASSED] - Actual text 'LOGO e-Fatura' and expected text 'LOGO e-Fatura' are matched 

2021-11-19 17:21:34 - [TEST_STEP][PASSED] - sendKeys(findTestObject("Sayfalar/Giris_Sayfasi/Firma_Kodu"), KullaniciAdi): Keys 'ELOGO6' sent to object: 'Object Repository/Sayfalar/Giris_Sayfasi/Firma_Kodu'

2021-11-19 17:21:34 - [MESSAGE][INFO] - Finding Test Object 'Object Repository/Sayfalar/Giris_Sayfasi/Firma_Kodu'

2021-11-19 17:21:34 - [MESSAGE][INFO] - Sending keys 'ELOGO6' to object: 'Object Repository/Sayfalar/Giris_Sayfasi/Firma_Kodu'

2021-11-19 17:21:34 - [MESSAGE][INFO] - Finding web element from Test Object's properties

2021-11-19 17:21:34 - [MESSAGE][INFO] - Checking timeout

2021-11-19 17:21:34 - [MESSAGE][INFO] - Finding web element with id: 'Object Repository/Sayfalar/Giris_Sayfasi/Firma_Kodu' located by 'By.xpath: //*[@id = 'AccountName']' in '30' second(s)

2021-11-19 17:21:34 - [MESSAGE][INFO] - Smart Wait Function is triggered

2021-11-19 17:21:34 - [MESSAGE][INFO] - Found 1 web elements with id: 'Object Repository/Sayfalar/Giris_Sayfasi/Firma_Kodu' located by 'By.xpath: //*[@id = 'AccountName']' in '30' second(s)

2021-11-19 17:21:34 - [MESSAGE][PASSED] - Keys 'ELOGO6' sent to object: 'Object Repository/Sayfalar/Giris_Sayfasi/Firma_Kodu'

2021-11-19 17:21:34 - [TEST_STEP][PASSED] - sendKeys(findTestObject("Sayfalar/Giris_Sayfasi/Sifre"), Sifre): Keys '123456' sent to object: 'Object Repository/Sayfalar/Giris_Sayfasi/Sifre'

2021-11-19 17:21:34 - [MESSAGE][INFO] - Finding Test Object 'Object Repository/Sayfalar/Giris_Sayfasi/Sifre'

2021-11-19 17:21:34 - [MESSAGE][INFO] - Sending keys '123456' to object: 'Object Repository/Sayfalar/Giris_Sayfasi/Sifre'

2021-11-19 17:21:34 - [MESSAGE][INFO] - Finding web element from Test Object's properties

2021-11-19 17:21:34 - [MESSAGE][INFO] - Checking timeout

2021-11-19 17:21:34 - [MESSAGE][INFO] - Finding web element with id: 'Object Repository/Sayfalar/Giris_Sayfasi/Sifre' located by 'By.xpath: //*[@id = 'Password']' in '30' second(s)

2021-11-19 17:21:34 - [MESSAGE][INFO] - Smart Wait Function is triggered

2021-11-19 17:21:34 - [MESSAGE][INFO] - Found 1 web elements with id: 'Object Repository/Sayfalar/Giris_Sayfasi/Sifre' located by 'By.xpath: //*[@id = 'Password']' in '30' second(s)

2021-11-19 17:21:35 - [MESSAGE][PASSED] - Keys '123456' sent to object: 'Object Repository/Sayfalar/Giris_Sayfasi/Sifre'

2021-11-19 17:21:35 - [TEST_STEP][PASSED] - findWebElement(findTestObject("Sayfalar/Giris_Sayfasi/Giris_Butonu")).click(): Found 1 web elements with id: 'Object Repository/Sayfalar/Giris_Sayfasi/Giris_Butonu' located by 'By.cssSelector: #btnLogin' in '30' second(s)

2021-11-19 17:21:35 - [MESSAGE][INFO] - Finding Test Object 'Object Repository/Sayfalar/Giris_Sayfasi/Giris_Butonu'

2021-11-19 17:21:35 - [MESSAGE][INFO] - Finding web element from Test Object's properties

2021-11-19 17:21:35 - [MESSAGE][INFO] - Checking timeout

2021-11-19 17:21:35 - [MESSAGE][INFO] - Finding web element with id: 'Object Repository/Sayfalar/Giris_Sayfasi/Giris_Butonu' located by 'By.cssSelector: #btnLogin' in '30' second(s)

2021-11-19 17:21:35 - [MESSAGE][INFO] - Smart Wait Function is triggered

2021-11-19 17:21:35 - [MESSAGE][INFO] - Found 1 web elements with id: 'Object Repository/Sayfalar/Giris_Sayfasi/Giris_Butonu' located by 'By.cssSelector: #btnLogin' in '30' second(s)

2021-11-19 17:21:37 - [TEST_STEP][PASSED] - if (verifyElementPresent(findTestObject("Object Repository/Sayfalar/Giris_Sayfasi/RetveTamam_Butonu"), 5, OPTIONAL)): null

2021-11-19 17:21:37 - [MESSAGE][INFO] - Finding Test Object 'Object Repository/Sayfalar/Giris_Sayfasi/RetveTamam_Butonu'

2021-11-19 17:21:37 - [MESSAGE][INFO] - Checking object

2021-11-19 17:21:37 - [MESSAGE][INFO] - Finding web element from Test Object's properties

2021-11-19 17:21:37 - [MESSAGE][INFO] - Checking timeout

2021-11-19 17:21:37 - [MESSAGE][INFO] - Finding web element with id: 'Object Repository/Sayfalar/Giris_Sayfasi/RetveTamam_Butonu' located by 'By.xpath: //*[@class = 'btn btn-default']' in '5' second(s)

2021-11-19 17:21:37 - [MESSAGE][INFO] - Smart Wait Function is triggered

2021-11-19 17:21:38 - [MESSAGE][INFO] - Found 1 web elements with id: 'Object Repository/Sayfalar/Giris_Sayfasi/RetveTamam_Butonu' located by 'By.xpath: //*[@class = 'btn btn-default']' in '5' second(s)

2021-11-19 17:21:38 - [MESSAGE][PASSED] - Object 'Object Repository/Sayfalar/Giris_Sayfasi/RetveTamam_Butonu' is present

2021-11-19 17:21:38 - [TEST_STEP][PASSED] - click(findTestObject("Object Repository/Sayfalar/Giris_Sayfasi/RetveTamam_Butonu")): Object: 'Object Repository/Sayfalar/Giris_Sayfasi/RetveTamam_Butonu' is clicked on

2021-11-19 17:21:38 - [MESSAGE][INFO] - Finding Test Object 'Object Repository/Sayfalar/Giris_Sayfasi/RetveTamam_Butonu'

2021-11-19 17:21:38 - [MESSAGE][INFO] - Checking object

2021-11-19 17:21:38 - [MESSAGE][INFO] - Finding web element from Test Object's properties

2021-11-19 17:21:38 - [MESSAGE][INFO] - Checking timeout

2021-11-19 17:21:38 - [MESSAGE][INFO] - Finding web element with id: 'Object Repository/Sayfalar/Giris_Sayfasi/RetveTamam_Butonu' located by 'By.xpath: //*[@class = 'btn btn-default']' in '30' second(s)

2021-11-19 17:21:38 - [MESSAGE][INFO] - Smart Wait Function is triggered

2021-11-19 17:21:38 - [MESSAGE][INFO] - Found 1 web elements with id: 'Object Repository/Sayfalar/Giris_Sayfasi/RetveTamam_Butonu' located by 'By.xpath: //*[@class = 'btn btn-default']' in '30' second(s)

2021-11-19 17:21:38 - [MESSAGE][INFO] - Clicking on object: 'Object Repository/Sayfalar/Giris_Sayfasi/RetveTamam_Butonu'

2021-11-19 17:21:38 - [MESSAGE][PASSED] - Object: 'Object Repository/Sayfalar/Giris_Sayfasi/RetveTamam_Butonu' is clicked on

2021-11-19 17:21:38 - [TEST_STEP][PASSED] - click(findTestObject("Object Repository/Sayfalar/Giris_Sayfasi/RetveTamam_Butonu")): Object: 'Object Repository/Sayfalar/Giris_Sayfasi/RetveTamam_Butonu' is clicked on

2021-11-19 17:21:38 - [MESSAGE][INFO] - Finding Test Object 'Object Repository/Sayfalar/Giris_Sayfasi/RetveTamam_Butonu'

2021-11-19 17:21:38 - [MESSAGE][INFO] - Checking object

2021-11-19 17:21:38 - [MESSAGE][INFO] - Finding web element from Test Object's properties

2021-11-19 17:21:38 - [MESSAGE][INFO] - Checking timeout

2021-11-19 17:21:38 - [MESSAGE][INFO] - Finding web element with id: 'Object Repository/Sayfalar/Giris_Sayfasi/RetveTamam_Butonu' located by 'By.xpath: //*[@class = 'btn btn-default']' in '30' second(s)

2021-11-19 17:21:38 - [MESSAGE][INFO] - Smart Wait Function is triggered

2021-11-19 17:21:42 - [MESSAGE][INFO] - Found 1 web elements with id: 'Object Repository/Sayfalar/Giris_Sayfasi/RetveTamam_Butonu' located by 'By.xpath: //*[@class = 'btn btn-default']' in '30' second(s)

2021-11-19 17:21:42 - [MESSAGE][INFO] - Clicking on object: 'Object Repository/Sayfalar/Giris_Sayfasi/RetveTamam_Butonu'

2021-11-19 17:21:42 - [MESSAGE][PASSED] - Object: 'Object Repository/Sayfalar/Giris_Sayfasi/RetveTamam_Butonu' is clicked on

2021-11-19 17:21:42 - [TEST_STEP][PASSED] - if (verifyElementPresent(findTestObject("Sayfalar/Giris_Sayfasi/PopupOK"), 5, OPTIONAL)): null

2021-11-19 17:21:42 - [MESSAGE][INFO] - Finding Test Object 'Object Repository/Sayfalar/Giris_Sayfasi/PopupOK'

2021-11-19 17:21:43 - [MESSAGE][INFO] - Checking object

2021-11-19 17:21:43 - [MESSAGE][INFO] - Finding web element from Test Object's properties

2021-11-19 17:21:43 - [MESSAGE][INFO] - Checking timeout

2021-11-19 17:21:43 - [MESSAGE][INFO] - Finding web element with id: 'Object Repository/Sayfalar/Giris_Sayfasi/PopupOK' located by 'By.cssSelector: .btn.btn-success' in '5' second(s)

2021-11-19 17:21:43 - [MESSAGE][INFO] - Smart Wait Function is triggered

2021-11-19 17:21:43 - [MESSAGE][INFO] - Found 1 web elements with id: 'Object Repository/Sayfalar/Giris_Sayfasi/PopupOK' located by 'By.cssSelector: .btn.btn-success' in '5' second(s)

2021-11-19 17:21:43 - [MESSAGE][PASSED] - Object 'Object Repository/Sayfalar/Giris_Sayfasi/PopupOK' is present

2021-11-19 17:21:43 - [TEST_STEP][PASSED] - click(findTestObject("Object Repository/Sayfalar/Giris_Sayfasi/PopupCarpiGiris")): Object: 'Object Repository/Sayfalar/Giris_Sayfasi/PopupCarpiGiris' is clicked on

2021-11-19 17:21:43 - [MESSAGE][INFO] - Finding Test Object 'Object Repository/Sayfalar/Giris_Sayfasi/PopupCarpiGiris'

2021-11-19 17:21:43 - [MESSAGE][INFO] - Checking object

2021-11-19 17:21:43 - [MESSAGE][INFO] - Finding web element from Test Object's properties

2021-11-19 17:21:43 - [MESSAGE][INFO] - Checking timeout

2021-11-19 17:21:43 - [MESSAGE][INFO] - Finding web element with id: 'Object Repository/Sayfalar/Giris_Sayfasi/PopupCarpiGiris' located by 'By.cssSelector: .bootbox-close-button.close' in '30' second(s)

2021-11-19 17:21:43 - [MESSAGE][INFO] - Smart Wait Function is triggered

2021-11-19 17:21:44 - [MESSAGE][INFO] - Found 1 web elements with id: 'Object Repository/Sayfalar/Giris_Sayfasi/PopupCarpiGiris' located by 'By.cssSelector: .bootbox-close-button.close' in '30' second(s)

2021-11-19 17:21:44 - [MESSAGE][INFO] - Clicking on object: 'Object Repository/Sayfalar/Giris_Sayfasi/PopupCarpiGiris'

2021-11-19 17:21:44 - [MESSAGE][PASSED] - Object: 'Object Repository/Sayfalar/Giris_Sayfasi/PopupCarpiGiris' is clicked on

2021-11-19 17:21:44 - [TEST_STEP][PASSED] - verifyElementVisible(findTestObject("Object Repository/Kullanici_Islemleri/KullaniciIslemleri")): Object 'Object Repository/Kullanici_Islemleri/KullaniciIslemleri' is visible

2021-11-19 17:21:44 - [MESSAGE][INFO] - Finding Test Object 'Object Repository/Kullanici_Islemleri/KullaniciIslemleri'

2021-11-19 17:21:44 - [MESSAGE][INFO] - Checking object

2021-11-19 17:21:44 - [MESSAGE][INFO] - Finding web element from Test Object's properties

2021-11-19 17:21:44 - [MESSAGE][INFO] - Checking timeout

2021-11-19 17:21:44 - [MESSAGE][INFO] - Finding web element with id: 'Object Repository/Kullanici_Islemleri/KullaniciIslemleri' located by 'By.cssSelector: .dropdown>a>img' in '30' second(s)

2021-11-19 17:21:44 - [MESSAGE][INFO] - Smart Wait Function is triggered

2021-11-19 17:21:45 - [MESSAGE][INFO] - Found 1 web elements with id: 'Object Repository/Kullanici_Islemleri/KullaniciIslemleri' located by 'By.cssSelector: .dropdown>a>img' in '30' second(s)

2021-11-19 17:21:45 - [MESSAGE][PASSED] - Object 'Object Repository/Kullanici_Islemleri/KullaniciIslemleri' is visible

2021-11-19 17:21:45 - [MESSAGE][PASSED] - Call Test Case 'Test Cases/Sayfalar/Giris_Sayfasi/Login' successfully

2021-11-19 17:21:45 - [MESSAGE][INFO] - Checking called Test Case

2021-11-19 17:21:45 - [MESSAGE][INFO] - Starting to call Test Case 'Test Cases/Menu/AnaMenuSecimi'

2021-11-19 17:21:45 - [TEST_CASE][PASSED] - Test Cases/Menu/AnaMenuSecimi: Test Cases/Menu/AnaMenuSecimi

2021-11-19 17:21:45 - [TEST_STEP][PASSED] - Method.TextDegerineEsitElementeTikla(findTestObject("Menu/Ana_Menu"), Ana_Menu): Method.TextDegerineEsitElementeTikla is PASSED

2021-11-19 17:21:45 - [MESSAGE][INFO] - Finding Test Object 'Object Repository/Menu/Ana_Menu'

2021-11-19 17:21:45 - [MESSAGE][INFO] - Checking timeout

2021-11-19 17:21:45 - [MESSAGE][INFO] - Finding web element with id: 'Object Repository/Menu/Ana_Menu' located by 'By.xpath: //*[@class = 'dropdown-toggle']' in '10' second(s)

2021-11-19 17:21:45 - [MESSAGE][INFO] - Smart Wait Function is triggered

2021-11-19 17:21:45 - [MESSAGE][INFO] - Found 14 web elements with id: 'Object Repository/Menu/Ana_Menu' located by 'By.xpath: //*[@class = 'dropdown-toggle']' in '10' second(s)

2021-11-19 17:21:45 - [MESSAGE][PASSED] - Method.TextDegerineEsitElementeTikla is PASSED

2021-11-19 17:21:45 - [MESSAGE][PASSED] - Call Test Case 'Test Cases/Menu/AnaMenuSecimi' successfully

2021-11-19 17:21:45 - [MESSAGE][INFO] - Checking called Test Case

2021-11-19 17:21:45 - [MESSAGE][INFO] - Starting to call Test Case 'Test Cases/Menu/AltMenuSecimi'

2021-11-19 17:21:45 - [TEST_CASE][PASSED] - Test Cases/Menu/AltMenuSecimi: Test Cases/Menu/AltMenuSecimi

2021-11-19 17:21:45 - [TEST_STEP][PASSED] - Method.TextDegerineEsitElementeTikla(findTestObject("Menu/Alt_Menu"), Alt_Menu): Method.TextDegerineEsitElementeTikla is PASSED

2021-11-19 17:21:45 - [MESSAGE][INFO] - Finding Test Object 'Object Repository/Menu/Alt_Menu'

2021-11-19 17:21:45 - [MESSAGE][INFO] - Checking timeout

2021-11-19 17:21:45 - [MESSAGE][INFO] - Finding web element with id: 'Object Repository/Menu/Alt_Menu' located by 'By.xpath: //li[@class='dropdown dropdown-large open']//li[@class='dropdown-element']' in '10' second(s)

2021-11-19 17:21:45 - [MESSAGE][INFO] - Smart Wait Function is triggered

2021-11-19 17:21:46 - [MESSAGE][INFO] - Found 2 web elements with id: 'Object Repository/Menu/Alt_Menu' located by 'By.xpath: //li[@class='dropdown dropdown-large open']//li[@class='dropdown-element']' in '10' second(s)

2021-11-19 17:21:47 - [MESSAGE][PASSED] - Method.TextDegerineEsitElementeTikla is PASSED

2021-11-19 17:21:47 - [MESSAGE][PASSED] - Call Test Case 'Test Cases/Menu/AltMenuSecimi' successfully

2021-11-19 17:21:47 - [MESSAGE][INFO] - Checking called Test Case

2021-11-19 17:21:47 - [MESSAGE][INFO] - Starting to call Test Case 'Test Cases/Filtreler/BaslangicYaz'

2021-11-19 17:21:47 - [TEST_CASE][PASSED] - Test Cases/Filtreler/BaslangicYaz: Test Cases/Filtreler/BaslangicYaz

2021-11-19 17:21:47 - [TEST_STEP][PASSED] - delay(3): Delayed 3 second(s)

2021-11-19 17:21:47 - [MESSAGE][INFO] - Delaying browser in 3 second(s)

2021-11-19 17:21:50 - [MESSAGE][PASSED] - Delayed 3 second(s)

2021-11-19 17:21:50 - [TEST_STEP][PASSED] - Method.TextDegerineEsitElementinAltindakineTikla(findTestObject("Filtreler/Basliklar"), findTestObject("Filtreler/Basliga_Gore_Baslangic_Image"), Filtre_Adi): Method.TextDegerineEsitElementinAltindakineTikla is PASSED

2021-11-19 17:21:50 - [MESSAGE][INFO] - Finding Test Object 'Object Repository/Filtreler/Basliklar'

2021-11-19 17:21:50 - [MESSAGE][INFO] - Finding Test Object 'Object Repository/Filtreler/Basliga_Gore_Baslangic_Image'

2021-11-19 17:21:50 - [MESSAGE][INFO] - Checking timeout

2021-11-19 17:21:50 - [MESSAGE][INFO] - Finding web element with id: 'Object Repository/Filtreler/Basliklar' located by 'By.cssSelector: .control-label.col-sm-4.paddingMarginRLC' in '10' second(s)

2021-11-19 17:21:50 - [MESSAGE][INFO] - Smart Wait Function is triggered

2021-11-19 17:21:51 - [MESSAGE][INFO] - Found 8 web elements with id: 'Object Repository/Filtreler/Basliklar' located by 'By.cssSelector: .control-label.col-sm-4.paddingMarginRLC' in '10' second(s)

2021-11-19 17:21:51 - [MESSAGE][INFO] - Smart Wait Function is triggered

2021-11-19 17:21:51 - [MESSAGE][PASSED] - Method.TextDegerineEsitElementinAltindakineTikla is PASSED

2021-11-19 17:21:51 - [TEST_STEP][PASSED] - Method.TextDegerineEsitElementinAltindakiTextboxtaYaz(findTestObject("Filtreler/Basliklar"), findTestObject("Filtreler/Basliga_Gore_Baslangic"), Filtre_Adi, Filtre_Degeri): Method.TextDegerineEsitElementinAltindakiTextboxtaYaz is PASSED

2021-11-19 17:21:51 - [MESSAGE][INFO] - Finding Test Object 'Object Repository/Filtreler/Basliklar'

2021-11-19 17:21:51 - [MESSAGE][INFO] - Finding Test Object 'Object Repository/Filtreler/Basliga_Gore_Baslangic'

2021-11-19 17:21:51 - [MESSAGE][INFO] - Checking timeout

2021-11-19 17:21:51 - [MESSAGE][INFO] - Finding web element with id: 'Object Repository/Filtreler/Basliklar' located by 'By.cssSelector: .control-label.col-sm-4.paddingMarginRLC' in '10' second(s)

2021-11-19 17:21:51 - [MESSAGE][INFO] - Smart Wait Function is triggered

2021-11-19 17:21:52 - [MESSAGE][INFO] - Found 8 web elements with id: 'Object Repository/Filtreler/Basliklar' located by 'By.cssSelector: .control-label.col-sm-4.paddingMarginRLC' in '10' second(s)

2021-11-19 17:21:52 - [MESSAGE][INFO] - Smart Wait Function is triggered

2021-11-19 17:21:52 - [MESSAGE][PASSED] - Method.TextDegerineEsitElementinAltindakiTextboxtaYaz is PASSED

2021-11-19 17:21:52 - [MESSAGE][PASSED] - Call Test Case 'Test Cases/Filtreler/BaslangicYaz' successfully

2021-11-19 17:21:52 - [MESSAGE][INFO] - Checking called Test Case

2021-11-19 17:21:52 - [MESSAGE][INFO] - Starting to call Test Case 'Test Cases/Filtreler/BitisYaz'

2021-11-19 17:21:52 - [TEST_CASE][PASSED] - Test Cases/Filtreler/BitisYaz: Test Cases/Filtreler/BitisYaz

2021-11-19 17:21:52 - [TEST_STEP][PASSED] - Method.TextDegerineEsitElementinAltindakineTikla(findTestObject("Filtreler/Basliklar"), findTestObject("Filtreler/Basliga_Gore_Bitis_Image"), Filtre_Adi): Method.TextDegerineEsitElementinAltindakineTikla is PASSED

2021-11-19 17:21:52 - [MESSAGE][INFO] - Finding Test Object 'Object Repository/Filtreler/Basliklar'

2021-11-19 17:21:52 - [MESSAGE][INFO] - Finding Test Object 'Object Repository/Filtreler/Basliga_Gore_Bitis_Image'

2021-11-19 17:21:52 - [MESSAGE][INFO] - Checking timeout

2021-11-19 17:21:52 - [MESSAGE][INFO] - Finding web element with id: 'Object Repository/Filtreler/Basliklar' located by 'By.cssSelector: .control-label.col-sm-4.paddingMarginRLC' in '10' second(s)

2021-11-19 17:21:52 - [MESSAGE][INFO] - Smart Wait Function is triggered

2021-11-19 17:21:52 - [MESSAGE][INFO] - Found 8 web elements with id: 'Object Repository/Filtreler/Basliklar' located by 'By.cssSelector: .control-label.col-sm-4.paddingMarginRLC' in '10' second(s)

2021-11-19 17:21:53 - [MESSAGE][INFO] - Smart Wait Function is triggered

2021-11-19 17:21:53 - [MESSAGE][PASSED] - Method.TextDegerineEsitElementinAltindakineTikla is PASSED

2021-11-19 17:21:53 - [TEST_STEP][PASSED] - Method.TextDegerineEsitElementinAltindakiTextboxtaYaz(findTestObject("Filtreler/Basliklar"), findTestObject("Object Repository/Filtreler/Basliga_Gore_Bitis"), Filtre_Adi, Filtre_Degeri): Method.TextDegerineEsitElementinAltindakiTextboxtaYaz is PASSED

2021-11-19 17:21:53 - [MESSAGE][INFO] - Finding Test Object 'Object Repository/Filtreler/Basliklar'

2021-11-19 17:21:53 - [MESSAGE][INFO] - Finding Test Object 'Object Repository/Filtreler/Basliga_Gore_Bitis'

2021-11-19 17:21:53 - [MESSAGE][INFO] - Checking timeout

2021-11-19 17:21:53 - [MESSAGE][INFO] - Finding web element with id: 'Object Repository/Filtreler/Basliklar' located by 'By.cssSelector: .control-label.col-sm-4.paddingMarginRLC' in '10' second(s)

2021-11-19 17:21:53 - [MESSAGE][INFO] - Smart Wait Function is triggered

2021-11-19 17:21:53 - [MESSAGE][INFO] - Found 8 web elements with id: 'Object Repository/Filtreler/Basliklar' located by 'By.cssSelector: .control-label.col-sm-4.paddingMarginRLC' in '10' second(s)

2021-11-19 17:21:53 - [MESSAGE][INFO] - Smart Wait Function is triggered

2021-11-19 17:21:54 - [MESSAGE][PASSED] - Method.TextDegerineEsitElementinAltindakiTextboxtaYaz is PASSED

2021-11-19 17:21:54 - [MESSAGE][PASSED] - Call Test Case 'Test Cases/Filtreler/BitisYaz' successfully

2021-11-19 17:21:54 - [MESSAGE][INFO] - Checking called Test Case

2021-11-19 17:21:54 - [MESSAGE][INFO] - Starting to call Test Case 'Test Cases/Filtreler/ButonaTikla'

2021-11-19 17:21:54 - [TEST_CASE][PASSED] - Test Cases/Filtreler/ButonaTikla: Test Cases/Filtreler/ButonaTikla

2021-11-19 17:21:54 - [TEST_STEP][PASSED] - Method.TextDegerineEsitElementeTikla(findTestObject("Filtreler/Butonlar"), Filtre_Buton): Method.TextDegerineEsitElementeTikla is PASSED

2021-11-19 17:21:54 - [MESSAGE][INFO] - Finding Test Object 'Object Repository/Filtreler/Butonlar'

2021-11-19 17:21:54 - [MESSAGE][INFO] - Checking timeout

2021-11-19 17:21:54 - [MESSAGE][INFO] - Finding web element with id: 'Object Repository/Filtreler/Butonlar' located by 'By.cssSelector: .dxb>span' in '10' second(s)

2021-11-19 17:21:54 - [MESSAGE][INFO] - Smart Wait Function is triggered

2021-11-19 17:21:54 - [MESSAGE][INFO] - Found 3 web elements with id: 'Object Repository/Filtreler/Butonlar' located by 'By.cssSelector: .dxb>span' in '10' second(s)

2021-11-19 17:21:54 - [MESSAGE][PASSED] - Method.TextDegerineEsitElementeTikla is PASSED

2021-11-19 17:21:54 - [MESSAGE][PASSED] - Call Test Case 'Test Cases/Filtreler/ButonaTikla' successfully

2021-11-19 17:21:54 - [MESSAGE][INFO] - Checking called Test Case

2021-11-19 17:21:54 - [MESSAGE][INFO] - Starting to call Test Case 'Test Cases/Tablo/TablodaVeriVarMi'

2021-11-19 17:21:55 - [TEST_CASE][PASSED] - Test Cases/Tablo/TablodaVeriVarMi: Test Cases/Tablo/TablodaVeriVarMi

2021-11-19 17:21:55 - [TEST_STEP][PASSED] - verifyTextNotPresent("Görüntülenecek veri yok", true): Text 'Görüntülenecek veri yok' is not present on page using regular expression

2021-11-19 17:21:55 - [MESSAGE][INFO] - Checking text present  using regular expression

2021-11-19 17:21:55 - [MESSAGE][INFO] - Smart Wait Function is triggered

2021-11-19 17:21:55 - [MESSAGE][INFO] - Finding text 'Görüntülenecek veri yok' on page  using regular expression

2021-11-19 17:21:55 - [MESSAGE][PASSED] - Text 'Görüntülenecek veri yok' is not present on page using regular expression

2021-11-19 17:21:55 - [MESSAGE][PASSED] - Call Test Case 'Test Cases/Tablo/TablodaVeriVarMi' successfully

2021-11-19 17:21:55 - [MESSAGE][INFO] - Checking called Test Case

2021-11-19 17:21:55 - [MESSAGE][INFO] - Starting to call Test Case 'Test Cases/Tablo/TablodanVeriSec'

2021-11-19 17:21:55 - [TEST_CASE][PASSED] - Test Cases/Tablo/TablodanVeriSec: Test Cases/Tablo/TablodanVeriSec

2021-11-19 17:21:55 - [TEST_STEP][PASSED] - Method.TextDegerineEsitElementinAltindakineTikla(findTestObject("Tablo/Veriler"), findTestObject("Tablo/VerininCheckBoxi"), Veri_Adi): Method.TextDegerineEsitElementinAltindakineTikla is PASSED

2021-11-19 17:21:55 - [MESSAGE][INFO] - Finding Test Object 'Object Repository/Tablo/Veriler'

2021-11-19 17:21:55 - [MESSAGE][INFO] - Finding Test Object 'Object Repository/Tablo/VerininCheckBoxi'

2021-11-19 17:21:56 - [MESSAGE][INFO] - Checking timeout

2021-11-19 17:21:56 - [MESSAGE][INFO] - Finding web element with id: 'Object Repository/Tablo/Veriler' located by 'By.cssSelector: td.dxgv b ,td.dxgv' in '10' second(s)

2021-11-19 17:21:56 - [MESSAGE][INFO] - Smart Wait Function is triggered

2021-11-19 17:21:56 - [MESSAGE][INFO] - Found 110 web elements with id: 'Object Repository/Tablo/Veriler' located by 'By.cssSelector: td.dxgv b ,td.dxgv' in '10' second(s)

2021-11-19 17:21:56 - [MESSAGE][INFO] - Smart Wait Function is triggered

2021-11-19 17:21:56 - [MESSAGE][PASSED] - Method.TextDegerineEsitElementinAltindakineTikla is PASSED

2021-11-19 17:21:56 - [MESSAGE][PASSED] - Call Test Case 'Test Cases/Tablo/TablodanVeriSec' successfully

2021-11-19 17:21:56 - [MESSAGE][INFO] - Checking called Test Case

2021-11-19 17:21:56 - [MESSAGE][INFO] - Starting to call Test Case 'Test Cases/Butonlar/ButonaTikla'

2021-11-19 17:21:56 - [TEST_CASE][PASSED] - Test Cases/Butonlar/ButonaTikla: Test Cases/Butonlar/ButonaTikla

2021-11-19 17:21:56 - [TEST_STEP][PASSED] - Method.TextDegerineEsitElementeTiklaEquals(findTestObject("Butonlar/Butonlar"), Buton_Adi): Method.TextDegerineEsitElementeTiklaEquals is PASSED

2021-11-19 17:21:56 - [MESSAGE][INFO] - Finding Test Object 'Object Repository/Butonlar/Butonlar'

2021-11-19 17:21:56 - [MESSAGE][INFO] - Checking timeout

2021-11-19 17:21:56 - [MESSAGE][INFO] - Finding web element with id: 'Object Repository/Butonlar/Butonlar' located by 'By.cssSelector: .panel.panel-default.text-center.footerPanel .btn,.btn.btn-primary.btnControls' in '10' second(s)

2021-11-19 17:21:56 - [MESSAGE][INFO] - Smart Wait Function is triggered

2021-11-19 17:21:57 - [MESSAGE][INFO] - Found 6 web elements with id: 'Object Repository/Butonlar/Butonlar' located by 'By.cssSelector: .panel.panel-default.text-center.footerPanel .btn,.btn.btn-primary.btnControls' in '10' second(s)

2021-11-19 17:21:57 - [MESSAGE][PASSED] - Method.TextDegerineEsitElementeTiklaEquals is PASSED

2021-11-19 17:21:57 - [MESSAGE][PASSED] - Call Test Case 'Test Cases/Butonlar/ButonaTikla' successfully

2021-11-19 17:21:57 - [MESSAGE][INFO] - Checking called Test Case

2021-11-19 17:21:57 - [MESSAGE][INFO] - Starting to call Test Case 'Test Cases/Sekmeler/YeniSekmeyeGec'

2021-11-19 17:21:57 - [TEST_CASE][PASSED] - Test Cases/Sekmeler/YeniSekmeyeGec: Test Cases/Sekmeler/YeniSekmeyeGec

2021-11-19 17:21:57 - [TEST_STEP][PASSED] - switchToWindowIndex(1): Switched to window with index: '1'

2021-11-19 17:21:57 - [MESSAGE][INFO] - Checking index

2021-11-19 17:21:57 - [MESSAGE][INFO] - Switching window with index: '1'

2021-11-19 17:21:57 - [MESSAGE][PASSED] - Switched to window with index: '1'

2021-11-19 17:21:57 - [MESSAGE][PASSED] - Call Test Case 'Test Cases/Sekmeler/YeniSekmeyeGec' successfully

2021-11-19 17:21:57 - [MESSAGE][INFO] - Checking called Test Case

2021-11-19 17:21:57 - [MESSAGE][INFO] - Starting to call Test Case 'Test Cases/Sekmeler/TagGeldiMi'

2021-11-19 17:21:57 - [TEST_CASE][PASSED] - Test Cases/Sekmeler/TagGeldiMi: Test Cases/Sekmeler/TagGeldiMi

2021-11-19 17:21:57 - [TEST_STEP][PASSED] - waitForElementPresent(findTestObject("Object Repository/Sekmeler/UBLTag"), 10): Object 'Object Repository/Sekmeler/UBLTag' is present

2021-11-19 17:21:57 - [MESSAGE][INFO] - Finding Test Object 'Object Repository/Sekmeler/UBLTag'

2021-11-19 17:21:57 - [MESSAGE][INFO] - Checking object

2021-11-19 17:21:57 - [MESSAGE][INFO] - Finding web element from Test Object's properties

2021-11-19 17:21:57 - [MESSAGE][INFO] - Checking timeout

2021-11-19 17:21:57 - [MESSAGE][INFO] - Finding web element with id: 'Object Repository/Sekmeler/UBLTag' located by 'By.cssSelector: #webkit-xml-viewer-source-xml>:first-child' in '10' second(s)

2021-11-19 17:21:57 - [MESSAGE][INFO] - Smart Wait Function is triggered

2021-11-19 17:21:57 - [MESSAGE][INFO] - Found 1 web elements with id: 'Object Repository/Sekmeler/UBLTag' located by 'By.cssSelector: #webkit-xml-viewer-source-xml>:first-child' in '10' second(s)

2021-11-19 17:21:57 - [MESSAGE][PASSED] - Object 'Object Repository/Sekmeler/UBLTag' is present

2021-11-19 17:21:57 - [TEST_STEP][PASSED] - println(toLowerCase().toString()): Found 1 web elements with id: 'Object Repository/Sekmeler/UBLTag' located by 'By.cssSelector: #webkit-xml-viewer-source-xml>:first-child' in '10' second(s)

2021-11-19 17:21:57 - [MESSAGE][INFO] - Finding Test Object 'Object Repository/Sekmeler/UBLTag'

2021-11-19 17:21:57 - [MESSAGE][INFO] - Finding web element from Test Object's properties

2021-11-19 17:21:57 - [MESSAGE][INFO] - Checking timeout

2021-11-19 17:21:57 - [MESSAGE][INFO] - Finding web element with id: 'Object Repository/Sekmeler/UBLTag' located by 'By.cssSelector: #webkit-xml-viewer-source-xml>:first-child' in '10' second(s)

2021-11-19 17:21:57 - [MESSAGE][INFO] - Smart Wait Function is triggered

2021-11-19 17:21:57 - [MESSAGE][INFO] - Found 1 web elements with id: 'Object Repository/Sekmeler/UBLTag' located by 'By.cssSelector: #webkit-xml-viewer-source-xml>:first-child' in '10' second(s)

2021-11-19 17:21:57 - [TEST_STEP][PASSED] - if (!(toString().contains(toString().toLowerCase()))): Found 1 web elements with id: 'Object Repository/Sekmeler/UBLTag' located by 'By.cssSelector: #webkit-xml-viewer-source-xml>:first-child' in '10' second(s)

2021-11-19 17:21:57 - [MESSAGE][INFO] - Finding Test Object 'Object Repository/Sekmeler/UBLTag'

2021-11-19 17:21:57 - [MESSAGE][INFO] - Finding web element from Test Object's properties

2021-11-19 17:21:57 - [MESSAGE][INFO] - Checking timeout

2021-11-19 17:21:57 - [MESSAGE][INFO] - Finding web element with id: 'Object Repository/Sekmeler/UBLTag' located by 'By.cssSelector: #webkit-xml-viewer-source-xml>:first-child' in '10' second(s)

2021-11-19 17:21:57 - [MESSAGE][INFO] - Smart Wait Function is triggered

2021-11-19 17:21:57 - [MESSAGE][INFO] - Found 1 web elements with id: 'Object Repository/Sekmeler/UBLTag' located by 'By.cssSelector: #webkit-xml-viewer-source-xml>:first-child' in '10' second(s)

2021-11-19 17:21:57 - [MESSAGE][PASSED] - Call Test Case 'Test Cases/Sekmeler/TagGeldiMi' successfully

2021-11-19 17:21:58 - [MESSAGE][INFO] - Checking called Test Case

2021-11-19 17:21:58 - [MESSAGE][INFO] - Starting to call Test Case 'Test Cases/Sekmeler/Ana_Sekmeye_Gec'

2021-11-19 17:21:58 - [TEST_CASE][PASSED] - Test Cases/Sekmeler/Ana_Sekmeye_Gec: Test Cases/Sekmeler/Ana_Sekmeye_Gec

2021-11-19 17:21:58 - [TEST_STEP][PASSED] - try: Window with index 1 is closed

2021-11-19 17:21:58 - [TEST_STEP][PASSED] - index = getWindowIndex(): Current window's index is: 1

2021-11-19 17:21:58 - [MESSAGE][INFO] - Getting current window's index

2021-11-19 17:21:58 - [MESSAGE][PASSED] - Current window's index is: 1

2021-11-19 17:21:58 - [TEST_STEP][PASSED] - closeWindowIndex(index): Window with index 1 is closed

2021-11-19 17:21:58 - [MESSAGE][INFO] - Checking index

2021-11-19 17:21:58 - [MESSAGE][INFO] - Closing window with index 1

2021-11-19 17:21:58 - [MESSAGE][PASSED] - Window with index 1 is closed

2021-11-19 17:21:58 - [TEST_STEP][PASSED] - switchToWindowIndex(0): Switched to window with index: '0'

2021-11-19 17:21:58 - [MESSAGE][INFO] - Checking index

2021-11-19 17:21:58 - [MESSAGE][INFO] - Switching window with index: '0'

2021-11-19 17:21:58 - [MESSAGE][PASSED] - Switched to window with index: '0'

2021-11-19 17:21:58 - [MESSAGE][PASSED] - Call Test Case 'Test Cases/Sekmeler/Ana_Sekmeye_Gec' successfully

2021-11-19 17:21:58 - [MESSAGE][INFO] - Checking called Test Case

2021-11-19 17:21:58 - [MESSAGE][INFO] - Starting to call Test Case 'Test Cases/Tablo/TablonunButonunaTikla'

2021-11-19 17:21:58 - [TEST_CASE][PASSED] - Test Cases/Tablo/TablonunButonunaTikla: Test Cases/Tablo/TablonunButonunaTikla

2021-11-19 17:21:58 - [TEST_STEP][PASSED] - Method.TextDegerineEsitElementinAltindakiTextDegerineEsitOlanaTikla(findTestObject("Tablo/Veriler"), findTestObject("Tablo/VerininButonu"), Veri, Buton_Adi): Method.TextDegerineEsitElementinAltindakiTextDegerineEsitOlanaTikla is PASSED

2021-11-19 17:21:58 - [MESSAGE][INFO] - Finding Test Object 'Object Repository/Tablo/Veriler'

2021-11-19 17:21:58 - [MESSAGE][INFO] - Finding Test Object 'Object Repository/Tablo/VerininButonu'

2021-11-19 17:21:58 - [MESSAGE][INFO] - Checking timeout

2021-11-19 17:21:58 - [MESSAGE][INFO] - Finding web element with id: 'Object Repository/Tablo/Veriler' located by 'By.cssSelector: td.dxgv b ,td.dxgv' in '10' second(s)

2021-11-19 17:21:58 - [MESSAGE][INFO] - Smart Wait Function is triggered

2021-11-19 17:21:58 - [MESSAGE][INFO] - Found 110 web elements with id: 'Object Repository/Tablo/Veriler' located by 'By.cssSelector: td.dxgv b ,td.dxgv' in '10' second(s)

2021-11-19 17:21:58 - [MESSAGE][INFO] - Smart Wait Function is triggered

2021-11-19 17:21:59 - [MESSAGE][PASSED] - Method.TextDegerineEsitElementinAltindakiTextDegerineEsitOlanaTikla is PASSED

2021-11-19 17:21:59 - [MESSAGE][PASSED] - Call Test Case 'Test Cases/Tablo/TablonunButonunaTikla' successfully

2021-11-19 17:21:59 - [MESSAGE][INFO] - Checking called Test Case

2021-11-19 17:21:59 - [MESSAGE][INFO] - Starting to call Test Case 'Test Cases/Sekmeler/YeniSekmeyeGec'

2021-11-19 17:21:59 - [TEST_CASE][PASSED] - Test Cases/Sekmeler/YeniSekmeyeGec: Test Cases/Sekmeler/YeniSekmeyeGec

2021-11-19 17:21:59 - [TEST_STEP][PASSED] - switchToWindowIndex(1): Switched to window with index: '1'

2021-11-19 17:21:59 - [MESSAGE][INFO] - Checking index

2021-11-19 17:21:59 - [MESSAGE][INFO] - Switching window with index: '1'

2021-11-19 17:21:59 - [MESSAGE][PASSED] - Switched to window with index: '1'

2021-11-19 17:21:59 - [MESSAGE][PASSED] - Call Test Case 'Test Cases/Sekmeler/YeniSekmeyeGec' successfully

2021-11-19 17:21:59 - [MESSAGE][INFO] - Checking called Test Case

2021-11-19 17:21:59 - [MESSAGE][INFO] - Starting to call Test Case 'Test Cases/Tablo/TablodaVeriVarMi'

2021-11-19 17:21:59 - [TEST_CASE][PASSED] - Test Cases/Tablo/TablodaVeriVarMi: Test Cases/Tablo/TablodaVeriVarMi

2021-11-19 17:21:59 - [TEST_STEP][PASSED] - verifyTextNotPresent("Görüntülenecek veri yok", true): Text 'Görüntülenecek veri yok' is not present on page using regular expression

2021-11-19 17:21:59 - [MESSAGE][INFO] - Checking text present  using regular expression

2021-11-19 17:21:59 - [MESSAGE][INFO] - Smart Wait Function is triggered

2021-11-19 17:22:00 - [MESSAGE][INFO] - Finding text 'Görüntülenecek veri yok' on page  using regular expression

2021-11-19 17:22:00 - [MESSAGE][PASSED] - Text 'Görüntülenecek veri yok' is not present on page using regular expression

2021-11-19 17:22:00 - [MESSAGE][PASSED] - Call Test Case 'Test Cases/Tablo/TablodaVeriVarMi' successfully

2021-11-19 17:22:00 - [MESSAGE][INFO] - Checking called Test Case

2021-11-19 17:22:00 - [MESSAGE][INFO] - Starting to call Test Case 'Test Cases/Sekmeler/Ana_Sekmeye_Gec'

2021-11-19 17:22:00 - [TEST_CASE][PASSED] - Test Cases/Sekmeler/Ana_Sekmeye_Gec: Test Cases/Sekmeler/Ana_Sekmeye_Gec

2021-11-19 17:22:00 - [TEST_STEP][PASSED] - try: Window with index 1 is closed

2021-11-19 17:22:00 - [TEST_STEP][PASSED] - index = getWindowIndex(): Current window's index is: 1

2021-11-19 17:22:00 - [MESSAGE][INFO] - Getting current window's index

2021-11-19 17:22:00 - [MESSAGE][PASSED] - Current window's index is: 1

2021-11-19 17:22:00 - [TEST_STEP][PASSED] - closeWindowIndex(index): Window with index 1 is closed

2021-11-19 17:22:00 - [MESSAGE][INFO] - Checking index

2021-11-19 17:22:00 - [MESSAGE][INFO] - Closing window with index 1

2021-11-19 17:22:00 - [MESSAGE][PASSED] - Window with index 1 is closed

2021-11-19 17:22:00 - [TEST_STEP][PASSED] - switchToWindowIndex(0): Switched to window with index: '0'

2021-11-19 17:22:00 - [MESSAGE][INFO] - Checking index

2021-11-19 17:22:00 - [MESSAGE][INFO] - Switching window with index: '0'

2021-11-19 17:22:00 - [MESSAGE][PASSED] - Switched to window with index: '0'

2021-11-19 17:22:00 - [MESSAGE][PASSED] - Call Test Case 'Test Cases/Sekmeler/Ana_Sekmeye_Gec' successfully

2021-11-19 17:22:00 - [MESSAGE][INFO] - Checking called Test Case

2021-11-19 17:22:00 - [MESSAGE][INFO] - Starting to call Test Case 'Test Cases/Butonlar/ButonaTikla'

2021-11-19 17:22:00 - [TEST_CASE][PASSED] - Test Cases/Butonlar/ButonaTikla: Test Cases/Butonlar/ButonaTikla

2021-11-19 17:22:00 - [TEST_STEP][PASSED] - Method.TextDegerineEsitElementeTiklaEquals(findTestObject("Butonlar/Butonlar"), Buton_Adi): Method.TextDegerineEsitElementeTiklaEquals is PASSED

2021-11-19 17:22:00 - [MESSAGE][INFO] - Finding Test Object 'Object Repository/Butonlar/Butonlar'

2021-11-19 17:22:01 - [MESSAGE][INFO] - Checking timeout

2021-11-19 17:22:01 - [MESSAGE][INFO] - Finding web element with id: 'Object Repository/Butonlar/Butonlar' located by 'By.cssSelector: .panel.panel-default.text-center.footerPanel .btn,.btn.btn-primary.btnControls' in '10' second(s)

2021-11-19 17:22:01 - [MESSAGE][INFO] - Smart Wait Function is triggered

2021-11-19 17:22:01 - [MESSAGE][INFO] - Found 6 web elements with id: 'Object Repository/Butonlar/Butonlar' located by 'By.cssSelector: .panel.panel-default.text-center.footerPanel .btn,.btn.btn-primary.btnControls' in '10' second(s)

2021-11-19 17:22:01 - [MESSAGE][PASSED] - Method.TextDegerineEsitElementeTiklaEquals is PASSED

2021-11-19 17:22:01 - [MESSAGE][PASSED] - Call Test Case 'Test Cases/Butonlar/ButonaTikla' successfully

2021-11-19 17:22:01 - [MESSAGE][INFO] - Checking called Test Case

2021-11-19 17:22:01 - [MESSAGE][INFO] - Starting to call Test Case 'Test Cases/Butonlar/AltButonaTikla'

2021-11-19 17:22:01 - [TEST_CASE][PASSED] - Test Cases/Butonlar/AltButonaTikla: Test Cases/Butonlar/AltButonaTikla

2021-11-19 17:22:01 - [TEST_STEP][PASSED] - Method.TextDegerineEsitElementeTikla(findTestObject("Butonlar/AltButonlar"), Alt_Buton): Method.TextDegerineEsitElementeTikla is PASSED

2021-11-19 17:22:01 - [MESSAGE][INFO] - Finding Test Object 'Object Repository/Butonlar/AltButonlar'

2021-11-19 17:22:01 - [MESSAGE][INFO] - Checking timeout

2021-11-19 17:22:01 - [MESSAGE][INFO] - Finding web element with id: 'Object Repository/Butonlar/AltButonlar' located by 'By.cssSelector: .btn-group.open li>a' in '10' second(s)

2021-11-19 17:22:01 - [MESSAGE][INFO] - Smart Wait Function is triggered

2021-11-19 17:22:02 - [MESSAGE][INFO] - Found 1 web elements with id: 'Object Repository/Butonlar/AltButonlar' located by 'By.cssSelector: .btn-group.open li>a' in '10' second(s)

2021-11-19 17:22:02 - [MESSAGE][PASSED] - Method.TextDegerineEsitElementeTikla is PASSED

2021-11-19 17:22:02 - [MESSAGE][PASSED] - Call Test Case 'Test Cases/Butonlar/AltButonaTikla' successfully

2021-11-19 17:22:02 - [MESSAGE][INFO] - Checking called Test Case

2021-11-19 17:22:02 - [MESSAGE][INFO] - Starting to call Test Case 'Test Cases/Butonlar/DosyaIndirildiMi'

2021-11-19 17:22:02 - [TEST_CASE][PASSED] - Test Cases/Butonlar/DosyaIndirildiMi: Test Cases/Butonlar/DosyaIndirildiMi

2021-11-19 17:22:02 - [TEST_STEP][PASSED] - Method.isimliDosyaIndirildiMi(DownloadFile, FileName): Method.isimliDosyaIndirildiMi is PASSED

2021-11-19 17:22:02 - [MESSAGE][INFO] - Delaying browser in 3 second(s)

2021-11-19 17:22:05 - [MESSAGE][PASSED] - Delayed 3 second(s)

2021-11-19 17:22:05 - [MESSAGE][PASSED] - Method.isimliDosyaIndirildiMi is PASSED

2021-11-19 17:22:05 - [MESSAGE][PASSED] - Call Test Case 'Test Cases/Butonlar/DosyaIndirildiMi' successfully

2021-11-19 17:22:05 - [MESSAGE][INFO] - Checking called Test Case

2021-11-19 17:22:05 - [MESSAGE][INFO] - Starting to call Test Case 'Test Cases/Butonlar/ButonaTikla'

2021-11-19 17:22:05 - [TEST_CASE][PASSED] - Test Cases/Butonlar/ButonaTikla: Test Cases/Butonlar/ButonaTikla

2021-11-19 17:22:05 - [TEST_STEP][PASSED] - Method.TextDegerineEsitElementeTiklaEquals(findTestObject("Butonlar/Butonlar"), Buton_Adi): Method.TextDegerineEsitElementeTiklaEquals is PASSED

2021-11-19 17:22:05 - [MESSAGE][INFO] - Finding Test Object 'Object Repository/Butonlar/Butonlar'

2021-11-19 17:22:05 - [MESSAGE][INFO] - Checking timeout

2021-11-19 17:22:05 - [MESSAGE][INFO] - Finding web element with id: 'Object Repository/Butonlar/Butonlar' located by 'By.cssSelector: .panel.panel-default.text-center.footerPanel .btn,.btn.btn-primary.btnControls' in '10' second(s)

2021-11-19 17:22:05 - [MESSAGE][INFO] - Smart Wait Function is triggered

2021-11-19 17:22:05 - [MESSAGE][INFO] - Found 6 web elements with id: 'Object Repository/Butonlar/Butonlar' located by 'By.cssSelector: .panel.panel-default.text-center.footerPanel .btn,.btn.btn-primary.btnControls' in '10' second(s)

2021-11-19 17:22:06 - [MESSAGE][PASSED] - Method.TextDegerineEsitElementeTiklaEquals is PASSED

2021-11-19 17:22:06 - [MESSAGE][PASSED] - Call Test Case 'Test Cases/Butonlar/ButonaTikla' successfully

2021-11-19 17:22:06 - [MESSAGE][INFO] - Checking called Test Case

2021-11-19 17:22:06 - [MESSAGE][INFO] - Starting to call Test Case 'Test Cases/Butonlar/AltButonaTikla'

2021-11-19 17:22:06 - [TEST_CASE][PASSED] - Test Cases/Butonlar/AltButonaTikla: Test Cases/Butonlar/AltButonaTikla

2021-11-19 17:22:06 - [TEST_STEP][PASSED] - Method.TextDegerineEsitElementeTikla(findTestObject("Butonlar/AltButonlar"), Alt_Buton): Method.TextDegerineEsitElementeTikla is PASSED

2021-11-19 17:22:06 - [MESSAGE][INFO] - Finding Test Object 'Object Repository/Butonlar/AltButonlar'

2021-11-19 17:22:06 - [MESSAGE][INFO] - Checking timeout

2021-11-19 17:22:06 - [MESSAGE][INFO] - Finding web element with id: 'Object Repository/Butonlar/AltButonlar' located by 'By.cssSelector: .btn-group.open li>a' in '10' second(s)

2021-11-19 17:22:06 - [MESSAGE][INFO] - Smart Wait Function is triggered

2021-11-19 17:22:06 - [MESSAGE][INFO] - Found 2 web elements with id: 'Object Repository/Butonlar/AltButonlar' located by 'By.cssSelector: .btn-group.open li>a' in '10' second(s)

2021-11-19 17:22:06 - [MESSAGE][PASSED] - Method.TextDegerineEsitElementeTikla is PASSED

2021-11-19 17:22:06 - [MESSAGE][PASSED] - Call Test Case 'Test Cases/Butonlar/AltButonaTikla' successfully

2021-11-19 17:22:06 - [MESSAGE][INFO] - Checking called Test Case

2021-11-19 17:22:06 - [MESSAGE][INFO] - Starting to call Test Case 'Test Cases/Popup/PopupMesajiIceriyorMu'

2021-11-19 17:22:06 - [TEST_CASE][PASSED] - Test Cases/Popup/PopupMesajiIceriyorMu: Test Cases/Popup/PopupMesajiIceriyorMu

2021-11-19 17:22:06 - [TEST_STEP][PASSED] - waitForElementVisible(findTestObject("Popup/Popup"), 10): Object 'Object Repository/Popup/Popup' is visible

2021-11-19 17:22:06 - [MESSAGE][INFO] - Finding Test Object 'Object Repository/Popup/Popup'

2021-11-19 17:22:07 - [MESSAGE][INFO] - Checking object

2021-11-19 17:22:07 - [MESSAGE][INFO] - Checking timeout

2021-11-19 17:22:07 - [MESSAGE][INFO] - Finding web element from Test Object's properties

2021-11-19 17:22:07 - [MESSAGE][INFO] - Checking timeout

2021-11-19 17:22:07 - [MESSAGE][INFO] - Finding web element with id: 'Object Repository/Popup/Popup' located by 'By.cssSelector: .bootbox-body' in '10' second(s)

2021-11-19 17:22:07 - [MESSAGE][INFO] - Smart Wait Function is triggered

2021-11-19 17:22:07 - [MESSAGE][INFO] - Found 1 web elements with id: 'Object Repository/Popup/Popup' located by 'By.cssSelector: .bootbox-body' in '10' second(s)

2021-11-19 17:22:07 - [MESSAGE][PASSED] - Object 'Object Repository/Popup/Popup' is visible

2021-11-19 17:22:07 - [TEST_STEP][PASSED] - if (!(getText(findTestObject("Popup/Popup")).contains(Mesaj))): Text of object 'Object Repository/Popup/Popup' is: 'Lütfen rapor bildiriminin gönderileceği e-posta adresini belirtiniz.
e-Posta Adresi'

2021-11-19 17:22:07 - [MESSAGE][INFO] - Finding Test Object 'Object Repository/Popup/Popup'

2021-11-19 17:22:08 - [MESSAGE][INFO] - Checking object

2021-11-19 17:22:08 - [MESSAGE][INFO] - Finding web element from Test Object's properties

2021-11-19 17:22:08 - [MESSAGE][INFO] - Checking timeout

2021-11-19 17:22:08 - [MESSAGE][INFO] - Finding web element with id: 'Object Repository/Popup/Popup' located by 'By.cssSelector: .bootbox-body' in '30' second(s)

2021-11-19 17:22:08 - [MESSAGE][INFO] - Smart Wait Function is triggered

2021-11-19 17:22:08 - [MESSAGE][INFO] - Found 1 web elements with id: 'Object Repository/Popup/Popup' located by 'By.cssSelector: .bootbox-body' in '30' second(s)

2021-11-19 17:22:08 - [MESSAGE][INFO] - Getting text of object 'Object Repository/Popup/Popup'

2021-11-19 17:22:08 - [MESSAGE][PASSED] - Text of object 'Object Repository/Popup/Popup' is: 'Lütfen rapor bildiriminin gönderileceği e-posta adresini belirtiniz.
e-Posta Adresi'

2021-11-19 17:22:08 - [TEST_STEP][PASSED] - RaporNo = getText(findTestObject("Popup/Popup")).substring(0, 6): Text of object 'Object Repository/Popup/Popup' is: 'Lütfen rapor bildiriminin gönderileceği e-posta adresini belirtiniz.
e-Posta Adresi'

2021-11-19 17:22:08 - [MESSAGE][INFO] - Finding Test Object 'Object Repository/Popup/Popup'

2021-11-19 17:22:08 - [MESSAGE][INFO] - Checking object

2021-11-19 17:22:08 - [MESSAGE][INFO] - Finding web element from Test Object's properties

2021-11-19 17:22:08 - [MESSAGE][INFO] - Checking timeout

2021-11-19 17:22:08 - [MESSAGE][INFO] - Finding web element with id: 'Object Repository/Popup/Popup' located by 'By.cssSelector: .bootbox-body' in '30' second(s)

2021-11-19 17:22:08 - [MESSAGE][INFO] - Smart Wait Function is triggered

2021-11-19 17:22:08 - [MESSAGE][INFO] - Found 1 web elements with id: 'Object Repository/Popup/Popup' located by 'By.cssSelector: .bootbox-body' in '30' second(s)

2021-11-19 17:22:08 - [MESSAGE][INFO] - Getting text of object 'Object Repository/Popup/Popup'

2021-11-19 17:22:08 - [MESSAGE][PASSED] - Text of object 'Object Repository/Popup/Popup' is: 'Lütfen rapor bildiriminin gönderileceği e-posta adresini belirtiniz.
e-Posta Adresi'

2021-11-19 17:22:08 - [TEST_STEP][PASSED] - Console.println(RaporNo): null

2021-11-19 17:22:08 - [MESSAGE][PASSED] - Call Test Case 'Test Cases/Popup/PopupMesajiIceriyorMu' successfully

2021-11-19 17:22:08 - [MESSAGE][INFO] - Checking called Test Case

2021-11-19 17:22:08 - [MESSAGE][INFO] - Starting to call Test Case 'Test Cases/Popup/PopupaEmailEklenir'

2021-11-19 17:22:08 - [TEST_CASE][PASSED] - Test Cases/Popup/PopupaEmailEklenir: Test Cases/Popup/PopupaEmailEklenir

2021-11-19 17:22:08 - [TEST_STEP][PASSED] - clearText(findTestObject("Popup/EmailText")): Text of object 'Object Repository/Popup/EmailText' is cleared

2021-11-19 17:22:08 - [MESSAGE][INFO] - Finding Test Object 'Object Repository/Popup/EmailText'

2021-11-19 17:22:09 - [MESSAGE][INFO] - Checking object

2021-11-19 17:22:09 - [MESSAGE][INFO] - Finding web element from Test Object's properties

2021-11-19 17:22:09 - [MESSAGE][INFO] - Checking timeout

2021-11-19 17:22:09 - [MESSAGE][INFO] - Finding web element with id: 'Object Repository/Popup/EmailText' located by 'By.xpath: //*[@id="eMails"]' in '30' second(s)

2021-11-19 17:22:09 - [MESSAGE][INFO] - Smart Wait Function is triggered

2021-11-19 17:22:09 - [MESSAGE][INFO] - Found 1 web elements with id: 'Object Repository/Popup/EmailText' located by 'By.xpath: //*[@id="eMails"]' in '30' second(s)

2021-11-19 17:22:09 - [MESSAGE][INFO] - Clearing text of object 'Object Repository/Popup/EmailText'

2021-11-19 17:22:09 - [MESSAGE][PASSED] - Text of object 'Object Repository/Popup/EmailText' is cleared

2021-11-19 17:22:09 - [TEST_STEP][PASSED] - sendKeys(findTestObject("Popup/EmailText"), Email): Keys 'elogotest@gmail.com;ali.kara@logo.com.tr' sent to object: 'Object Repository/Popup/EmailText'

2021-11-19 17:22:09 - [MESSAGE][INFO] - Finding Test Object 'Object Repository/Popup/EmailText'

2021-11-19 17:22:09 - [MESSAGE][INFO] - Sending keys 'elogotest@gmail.com;ali.kara@logo.com.tr' to object: 'Object Repository/Popup/EmailText'

2021-11-19 17:22:09 - [MESSAGE][INFO] - Finding web element from Test Object's properties

2021-11-19 17:22:09 - [MESSAGE][INFO] - Checking timeout

2021-11-19 17:22:09 - [MESSAGE][INFO] - Finding web element with id: 'Object Repository/Popup/EmailText' located by 'By.xpath: //*[@id="eMails"]' in '30' second(s)

2021-11-19 17:22:09 - [MESSAGE][INFO] - Smart Wait Function is triggered

2021-11-19 17:22:10 - [MESSAGE][INFO] - Found 1 web elements with id: 'Object Repository/Popup/EmailText' located by 'By.xpath: //*[@id="eMails"]' in '30' second(s)

2021-11-19 17:22:10 - [MESSAGE][PASSED] - Keys 'elogotest@gmail.com;ali.kara@logo.com.tr' sent to object: 'Object Repository/Popup/EmailText'

2021-11-19 17:22:10 - [MESSAGE][PASSED] - Call Test Case 'Test Cases/Popup/PopupaEmailEklenir' successfully

2021-11-19 17:22:10 - [MESSAGE][INFO] - Checking called Test Case

2021-11-19 17:22:10 - [MESSAGE][INFO] - Starting to call Test Case 'Test Cases/Popup/PopupButonSecilir'

2021-11-19 17:22:10 - [TEST_CASE][PASSED] - Test Cases/Popup/PopupButonSecilir: Test Cases/Popup/PopupButonSecilir

2021-11-19 17:22:10 - [TEST_STEP][PASSED] - Method.TextDegerineEsitElementeTikla(findTestObject("Popup/Popup_Butons"), Buton): Method.TextDegerineEsitElementeTikla is PASSED

2021-11-19 17:22:10 - [MESSAGE][INFO] - Finding Test Object 'Object Repository/Popup/Popup_Butons'

2021-11-19 17:22:10 - [MESSAGE][INFO] - Checking timeout

2021-11-19 17:22:10 - [MESSAGE][INFO] - Finding web element with id: 'Object Repository/Popup/Popup_Butons' located by 'By.cssSelector: .modal-footer>button' in '10' second(s)

2021-11-19 17:22:10 - [MESSAGE][INFO] - Smart Wait Function is triggered

2021-11-19 17:22:10 - [MESSAGE][INFO] - Found 2 web elements with id: 'Object Repository/Popup/Popup_Butons' located by 'By.cssSelector: .modal-footer>button' in '10' second(s)

2021-11-19 17:22:10 - [MESSAGE][PASSED] - Method.TextDegerineEsitElementeTikla is PASSED

2021-11-19 17:22:10 - [MESSAGE][PASSED] - Call Test Case 'Test Cases/Popup/PopupButonSecilir' successfully

2021-11-19 17:22:10 - [MESSAGE][INFO] - Checking called Test Case

2021-11-19 17:22:10 - [MESSAGE][INFO] - Starting to call Test Case 'Test Cases/Popup/PopupMesajiIceriyorMu'

2021-11-19 17:22:10 - [TEST_CASE][PASSED] - Test Cases/Popup/PopupMesajiIceriyorMu: Test Cases/Popup/PopupMesajiIceriyorMu

2021-11-19 17:22:10 - [TEST_STEP][PASSED] - waitForElementVisible(findTestObject("Popup/Popup"), 10): Object 'Object Repository/Popup/Popup' is visible

2021-11-19 17:22:10 - [MESSAGE][INFO] - Finding Test Object 'Object Repository/Popup/Popup'

2021-11-19 17:22:11 - [MESSAGE][INFO] - Checking object

2021-11-19 17:22:11 - [MESSAGE][INFO] - Checking timeout

2021-11-19 17:22:11 - [MESSAGE][INFO] - Finding web element from Test Object's properties

2021-11-19 17:22:11 - [MESSAGE][INFO] - Checking timeout

2021-11-19 17:22:11 - [MESSAGE][INFO] - Finding web element with id: 'Object Repository/Popup/Popup' located by 'By.cssSelector: .bootbox-body' in '10' second(s)

2021-11-19 17:22:11 - [MESSAGE][INFO] - Smart Wait Function is triggered

2021-11-19 17:22:13 - [MESSAGE][INFO] - Found 1 web elements with id: 'Object Repository/Popup/Popup' located by 'By.cssSelector: .bootbox-body' in '10' second(s)

2021-11-19 17:22:13 - [MESSAGE][PASSED] - Object 'Object Repository/Popup/Popup' is visible

2021-11-19 17:22:13 - [TEST_STEP][PASSED] - if (!(getText(findTestObject("Popup/Popup")).contains(Mesaj))): Text of object 'Object Repository/Popup/Popup' is: '17494 no’lu talebiniz işleme alınmıştır. Raporunuz hazırlandığında (elogotest@gmail.com;ali.kara@logo.com.tr) adresinize mail gönderilecektir.
Rapor durumunuzu Raporlar > Toplu Veri İndirme ekranından takip edebilir, hazırlandı durumundaki raporlarınızı ilgili menüden indirebilirsiniz.'

2021-11-19 17:22:13 - [MESSAGE][INFO] - Finding Test Object 'Object Repository/Popup/Popup'

2021-11-19 17:22:14 - [MESSAGE][INFO] - Checking object

2021-11-19 17:22:14 - [MESSAGE][INFO] - Finding web element from Test Object's properties

2021-11-19 17:22:14 - [MESSAGE][INFO] - Checking timeout

2021-11-19 17:22:14 - [MESSAGE][INFO] - Finding web element with id: 'Object Repository/Popup/Popup' located by 'By.cssSelector: .bootbox-body' in '30' second(s)

2021-11-19 17:22:14 - [MESSAGE][INFO] - Smart Wait Function is triggered

2021-11-19 17:22:14 - [MESSAGE][INFO] - Found 1 web elements with id: 'Object Repository/Popup/Popup' located by 'By.cssSelector: .bootbox-body' in '30' second(s)

2021-11-19 17:22:14 - [MESSAGE][INFO] - Getting text of object 'Object Repository/Popup/Popup'

2021-11-19 17:22:14 - [MESSAGE][PASSED] - Text of object 'Object Repository/Popup/Popup' is: '17494 no’lu talebiniz işleme alınmıştır. Raporunuz hazırlandığında (elogotest@gmail.com;ali.kara@logo.com.tr) adresinize mail gönderilecektir.
Rapor durumunuzu Raporlar > Toplu Veri İndirme ekranından takip edebilir, hazırlandı durumundaki raporlarınızı ilgili menüden indirebilirsiniz.'

2021-11-19 17:22:14 - [TEST_STEP][PASSED] - RaporNo = getText(findTestObject("Popup/Popup")).substring(0, 6): Text of object 'Object Repository/Popup/Popup' is: '17494 no’lu talebiniz işleme alınmıştır. Raporunuz hazırlandığında (elogotest@gmail.com;ali.kara@logo.com.tr) adresinize mail gönderilecektir.
Rapor durumunuzu Raporlar > Toplu Veri İndirme ekranından takip edebilir, hazırlandı durumundaki raporlarınızı ilgili menüden indirebilirsiniz.'

2021-11-19 17:22:14 - [MESSAGE][INFO] - Finding Test Object 'Object Repository/Popup/Popup'

2021-11-19 17:22:14 - [MESSAGE][INFO] - Checking object

2021-11-19 17:22:14 - [MESSAGE][INFO] - Finding web element from Test Object's properties

2021-11-19 17:22:14 - [MESSAGE][INFO] - Checking timeout

2021-11-19 17:22:14 - [MESSAGE][INFO] - Finding web element with id: 'Object Repository/Popup/Popup' located by 'By.cssSelector: .bootbox-body' in '30' second(s)

2021-11-19 17:22:14 - [MESSAGE][INFO] - Smart Wait Function is triggered

2021-11-19 17:22:14 - [MESSAGE][INFO] - Found 1 web elements with id: 'Object Repository/Popup/Popup' located by 'By.cssSelector: .bootbox-body' in '30' second(s)

2021-11-19 17:22:14 - [MESSAGE][INFO] - Getting text of object 'Object Repository/Popup/Popup'

2021-11-19 17:22:14 - [MESSAGE][PASSED] - Text of object 'Object Repository/Popup/Popup' is: '17494 no’lu talebiniz işleme alınmıştır. Raporunuz hazırlandığında (elogotest@gmail.com;ali.kara@logo.com.tr) adresinize mail gönderilecektir.
Rapor durumunuzu Raporlar > Toplu Veri İndirme ekranından takip edebilir, hazırlandı durumundaki raporlarınızı ilgili menüden indirebilirsiniz.'

2021-11-19 17:22:14 - [TEST_STEP][PASSED] - Console.println(RaporNo): null

2021-11-19 17:22:14 - [MESSAGE][PASSED] - Call Test Case 'Test Cases/Popup/PopupMesajiIceriyorMu' successfully

2021-11-19 17:22:14 - [MESSAGE][INFO] - Checking called Test Case

2021-11-19 17:22:14 - [MESSAGE][INFO] - Starting to call Test Case 'Test Cases/Popup/PopupButonSecilir'

2021-11-19 17:22:14 - [TEST_CASE][PASSED] - Test Cases/Popup/PopupButonSecilir: Test Cases/Popup/PopupButonSecilir

2021-11-19 17:22:14 - [TEST_STEP][PASSED] - Method.TextDegerineEsitElementeTikla(findTestObject("Popup/Popup_Butons"), Buton): Method.TextDegerineEsitElementeTikla is PASSED

2021-11-19 17:22:14 - [MESSAGE][INFO] - Finding Test Object 'Object Repository/Popup/Popup_Butons'

2021-11-19 17:22:14 - [MESSAGE][INFO] - Checking timeout

2021-11-19 17:22:14 - [MESSAGE][INFO] - Finding web element with id: 'Object Repository/Popup/Popup_Butons' located by 'By.cssSelector: .modal-footer>button' in '10' second(s)

2021-11-19 17:22:14 - [MESSAGE][INFO] - Smart Wait Function is triggered

2021-11-19 17:22:15 - [MESSAGE][INFO] - Found 1 web elements with id: 'Object Repository/Popup/Popup_Butons' located by 'By.cssSelector: .modal-footer>button' in '10' second(s)

2021-11-19 17:22:15 - [MESSAGE][PASSED] - Method.TextDegerineEsitElementeTikla is PASSED

2021-11-19 17:22:15 - [MESSAGE][PASSED] - Call Test Case 'Test Cases/Popup/PopupButonSecilir' successfully

2021-11-19 17:22:15 - [MESSAGE][INFO] - Checking called Test Case

2021-11-19 17:22:15 - [MESSAGE][INFO] - Starting to call Test Case 'Test Cases/Butonlar/ButonaTikla'

2021-11-19 17:22:15 - [TEST_CASE][PASSED] - Test Cases/Butonlar/ButonaTikla: Test Cases/Butonlar/ButonaTikla

2021-11-19 17:22:15 - [TEST_STEP][PASSED] - Method.TextDegerineEsitElementeTiklaEquals(findTestObject("Butonlar/Butonlar"), Buton_Adi): Method.TextDegerineEsitElementeTiklaEquals is PASSED

2021-11-19 17:22:15 - [MESSAGE][INFO] - Finding Test Object 'Object Repository/Butonlar/Butonlar'

2021-11-19 17:22:15 - [MESSAGE][INFO] - Checking timeout

2021-11-19 17:22:15 - [MESSAGE][INFO] - Finding web element with id: 'Object Repository/Butonlar/Butonlar' located by 'By.cssSelector: .panel.panel-default.text-center.footerPanel .btn,.btn.btn-primary.btnControls' in '10' second(s)

2021-11-19 17:22:15 - [MESSAGE][INFO] - Smart Wait Function is triggered

2021-11-19 17:22:16 - [MESSAGE][INFO] - Found 6 web elements with id: 'Object Repository/Butonlar/Butonlar' located by 'By.cssSelector: .panel.panel-default.text-center.footerPanel .btn,.btn.btn-primary.btnControls' in '10' second(s)

2021-11-19 17:22:16 - [MESSAGE][PASSED] - Method.TextDegerineEsitElementeTiklaEquals is PASSED

2021-11-19 17:22:16 - [MESSAGE][PASSED] - Call Test Case 'Test Cases/Butonlar/ButonaTikla' successfully

2021-11-19 17:22:16 - [MESSAGE][INFO] - Checking called Test Case

2021-11-19 17:22:16 - [MESSAGE][INFO] - Starting to call Test Case 'Test Cases/Butonlar/AltButonaTikla'

2021-11-19 17:22:16 - [TEST_CASE][PASSED] - Test Cases/Butonlar/AltButonaTikla: Test Cases/Butonlar/AltButonaTikla

2021-11-19 17:22:16 - [TEST_STEP][PASSED] - Method.TextDegerineEsitElementeTikla(findTestObject("Butonlar/AltButonlar"), Alt_Buton): Method.TextDegerineEsitElementeTikla is PASSED

2021-11-19 17:22:16 - [MESSAGE][INFO] - Finding Test Object 'Object Repository/Butonlar/AltButonlar'

2021-11-19 17:22:16 - [MESSAGE][INFO] - Checking timeout

2021-11-19 17:22:16 - [MESSAGE][INFO] - Finding web element with id: 'Object Repository/Butonlar/AltButonlar' located by 'By.cssSelector: .btn-group.open li>a' in '10' second(s)

2021-11-19 17:22:16 - [MESSAGE][INFO] - Smart Wait Function is triggered

2021-11-19 17:22:16 - [MESSAGE][INFO] - Found 2 web elements with id: 'Object Repository/Butonlar/AltButonlar' located by 'By.cssSelector: .btn-group.open li>a' in '10' second(s)

2021-11-19 17:22:16 - [MESSAGE][PASSED] - Method.TextDegerineEsitElementeTikla is PASSED

2021-11-19 17:22:16 - [MESSAGE][PASSED] - Call Test Case 'Test Cases/Butonlar/AltButonaTikla' successfully

2021-11-19 17:22:16 - [MESSAGE][INFO] - Checking called Test Case

2021-11-19 17:22:16 - [MESSAGE][INFO] - Starting to call Test Case 'Test Cases/Popup/PopupMesajiIceriyorMu'

2021-11-19 17:22:16 - [TEST_CASE][PASSED] - Test Cases/Popup/PopupMesajiIceriyorMu: Test Cases/Popup/PopupMesajiIceriyorMu

2021-11-19 17:22:16 - [TEST_STEP][PASSED] - waitForElementVisible(findTestObject("Popup/Popup"), 10): Object 'Object Repository/Popup/Popup' is visible

2021-11-19 17:22:16 - [MESSAGE][INFO] - Finding Test Object 'Object Repository/Popup/Popup'

2021-11-19 17:22:17 - [MESSAGE][INFO] - Checking object

2021-11-19 17:22:17 - [MESSAGE][INFO] - Checking timeout

2021-11-19 17:22:17 - [MESSAGE][INFO] - Finding web element from Test Object's properties

2021-11-19 17:22:17 - [MESSAGE][INFO] - Checking timeout

2021-11-19 17:22:17 - [MESSAGE][INFO] - Finding web element with id: 'Object Repository/Popup/Popup' located by 'By.cssSelector: .bootbox-body' in '10' second(s)

2021-11-19 17:22:17 - [MESSAGE][INFO] - Smart Wait Function is triggered

2021-11-19 17:22:17 - [MESSAGE][INFO] - Found 1 web elements with id: 'Object Repository/Popup/Popup' located by 'By.cssSelector: .bootbox-body' in '10' second(s)

2021-11-19 17:22:17 - [MESSAGE][PASSED] - Object 'Object Repository/Popup/Popup' is visible

2021-11-19 17:22:17 - [TEST_STEP][PASSED] - if (!(getText(findTestObject("Popup/Popup")).contains(Mesaj))): Text of object 'Object Repository/Popup/Popup' is: 'Lütfen rapor bildiriminin gönderileceği e-posta adresini belirtiniz.
e-Posta Adresi'

2021-11-19 17:22:17 - [MESSAGE][INFO] - Finding Test Object 'Object Repository/Popup/Popup'

2021-11-19 17:22:17 - [MESSAGE][INFO] - Checking object

2021-11-19 17:22:17 - [MESSAGE][INFO] - Finding web element from Test Object's properties

2021-11-19 17:22:17 - [MESSAGE][INFO] - Checking timeout

2021-11-19 17:22:17 - [MESSAGE][INFO] - Finding web element with id: 'Object Repository/Popup/Popup' located by 'By.cssSelector: .bootbox-body' in '30' second(s)

2021-11-19 17:22:17 - [MESSAGE][INFO] - Smart Wait Function is triggered

2021-11-19 17:22:17 - [MESSAGE][INFO] - Found 1 web elements with id: 'Object Repository/Popup/Popup' located by 'By.cssSelector: .bootbox-body' in '30' second(s)

2021-11-19 17:22:17 - [MESSAGE][INFO] - Getting text of object 'Object Repository/Popup/Popup'

2021-11-19 17:22:17 - [MESSAGE][PASSED] - Text of object 'Object Repository/Popup/Popup' is: 'Lütfen rapor bildiriminin gönderileceği e-posta adresini belirtiniz.
e-Posta Adresi'

2021-11-19 17:22:17 - [TEST_STEP][PASSED] - RaporNo = getText(findTestObject("Popup/Popup")).substring(0, 6): Text of object 'Object Repository/Popup/Popup' is: 'Lütfen rapor bildiriminin gönderileceği e-posta adresini belirtiniz.
e-Posta Adresi'

2021-11-19 17:22:17 - [MESSAGE][INFO] - Finding Test Object 'Object Repository/Popup/Popup'

2021-11-19 17:22:18 - [MESSAGE][INFO] - Checking object

2021-11-19 17:22:18 - [MESSAGE][INFO] - Finding web element from Test Object's properties

2021-11-19 17:22:18 - [MESSAGE][INFO] - Checking timeout

2021-11-19 17:22:18 - [MESSAGE][INFO] - Finding web element with id: 'Object Repository/Popup/Popup' located by 'By.cssSelector: .bootbox-body' in '30' second(s)

2021-11-19 17:22:18 - [MESSAGE][INFO] - Smart Wait Function is triggered

2021-11-19 17:22:18 - [MESSAGE][INFO] - Found 1 web elements with id: 'Object Repository/Popup/Popup' located by 'By.cssSelector: .bootbox-body' in '30' second(s)

2021-11-19 17:22:18 - [MESSAGE][INFO] - Getting text of object 'Object Repository/Popup/Popup'

2021-11-19 17:22:18 - [MESSAGE][PASSED] - Text of object 'Object Repository/Popup/Popup' is: 'Lütfen rapor bildiriminin gönderileceği e-posta adresini belirtiniz.
e-Posta Adresi'

2021-11-19 17:22:18 - [TEST_STEP][PASSED] - Console.println(RaporNo): null

2021-11-19 17:22:18 - [MESSAGE][PASSED] - Call Test Case 'Test Cases/Popup/PopupMesajiIceriyorMu' successfully

2021-11-19 17:22:18 - [MESSAGE][INFO] - Checking called Test Case

2021-11-19 17:22:18 - [MESSAGE][INFO] - Starting to call Test Case 'Test Cases/Popup/PopupaEmailEklenir'

2021-11-19 17:22:18 - [TEST_CASE][PASSED] - Test Cases/Popup/PopupaEmailEklenir: Test Cases/Popup/PopupaEmailEklenir

2021-11-19 17:22:18 - [TEST_STEP][PASSED] - clearText(findTestObject("Popup/EmailText")): Text of object 'Object Repository/Popup/EmailText' is cleared

2021-11-19 17:22:18 - [MESSAGE][INFO] - Finding Test Object 'Object Repository/Popup/EmailText'

2021-11-19 17:22:18 - [MESSAGE][INFO] - Checking object

2021-11-19 17:22:18 - [MESSAGE][INFO] - Finding web element from Test Object's properties

2021-11-19 17:22:18 - [MESSAGE][INFO] - Checking timeout

2021-11-19 17:22:18 - [MESSAGE][INFO] - Finding web element with id: 'Object Repository/Popup/EmailText' located by 'By.xpath: //*[@id="eMails"]' in '30' second(s)

2021-11-19 17:22:18 - [MESSAGE][INFO] - Smart Wait Function is triggered

2021-11-19 17:22:18 - [MESSAGE][INFO] - Found 1 web elements with id: 'Object Repository/Popup/EmailText' located by 'By.xpath: //*[@id="eMails"]' in '30' second(s)

2021-11-19 17:22:18 - [MESSAGE][INFO] - Clearing text of object 'Object Repository/Popup/EmailText'

2021-11-19 17:22:18 - [MESSAGE][PASSED] - Text of object 'Object Repository/Popup/EmailText' is cleared

2021-11-19 17:22:18 - [TEST_STEP][PASSED] - sendKeys(findTestObject("Popup/EmailText"), Email): Keys 'elogotest@gmail.com;ali.kara@logo.com.tr' sent to object: 'Object Repository/Popup/EmailText'

2021-11-19 17:22:18 - [MESSAGE][INFO] - Finding Test Object 'Object Repository/Popup/EmailText'

2021-11-19 17:22:19 - [MESSAGE][INFO] - Sending keys 'elogotest@gmail.com;ali.kara@logo.com.tr' to object: 'Object Repository/Popup/EmailText'

2021-11-19 17:22:19 - [MESSAGE][INFO] - Finding web element from Test Object's properties

2021-11-19 17:22:19 - [MESSAGE][INFO] - Checking timeout

2021-11-19 17:22:19 - [MESSAGE][INFO] - Finding web element with id: 'Object Repository/Popup/EmailText' located by 'By.xpath: //*[@id="eMails"]' in '30' second(s)

2021-11-19 17:22:19 - [MESSAGE][INFO] - Smart Wait Function is triggered

2021-11-19 17:22:19 - [MESSAGE][INFO] - Found 1 web elements with id: 'Object Repository/Popup/EmailText' located by 'By.xpath: //*[@id="eMails"]' in '30' second(s)

2021-11-19 17:22:19 - [MESSAGE][PASSED] - Keys 'elogotest@gmail.com;ali.kara@logo.com.tr' sent to object: 'Object Repository/Popup/EmailText'

2021-11-19 17:22:19 - [MESSAGE][PASSED] - Call Test Case 'Test Cases/Popup/PopupaEmailEklenir' successfully

2021-11-19 17:22:19 - [MESSAGE][INFO] - Checking called Test Case

2021-11-19 17:22:19 - [MESSAGE][INFO] - Starting to call Test Case 'Test Cases/Popup/PopupButonSecilir'

2021-11-19 17:22:19 - [TEST_CASE][PASSED] - Test Cases/Popup/PopupButonSecilir: Test Cases/Popup/PopupButonSecilir

2021-11-19 17:22:19 - [TEST_STEP][PASSED] - Method.TextDegerineEsitElementeTikla(findTestObject("Popup/Popup_Butons"), Buton): Method.TextDegerineEsitElementeTikla is PASSED

2021-11-19 17:22:19 - [MESSAGE][INFO] - Finding Test Object 'Object Repository/Popup/Popup_Butons'

2021-11-19 17:22:19 - [MESSAGE][INFO] - Checking timeout

2021-11-19 17:22:19 - [MESSAGE][INFO] - Finding web element with id: 'Object Repository/Popup/Popup_Butons' located by 'By.cssSelector: .modal-footer>button' in '10' second(s)

2021-11-19 17:22:19 - [MESSAGE][INFO] - Smart Wait Function is triggered

2021-11-19 17:22:19 - [MESSAGE][INFO] - Found 2 web elements with id: 'Object Repository/Popup/Popup_Butons' located by 'By.cssSelector: .modal-footer>button' in '10' second(s)

2021-11-19 17:22:20 - [MESSAGE][PASSED] - Method.TextDegerineEsitElementeTikla is PASSED

2021-11-19 17:22:20 - [MESSAGE][PASSED] - Call Test Case 'Test Cases/Popup/PopupButonSecilir' successfully

2021-11-19 17:22:20 - [MESSAGE][INFO] - Checking called Test Case

2021-11-19 17:22:20 - [MESSAGE][INFO] - Starting to call Test Case 'Test Cases/Popup/PopupMesajiIceriyorMu'

2021-11-19 17:22:20 - [TEST_CASE][PASSED] - Test Cases/Popup/PopupMesajiIceriyorMu: Test Cases/Popup/PopupMesajiIceriyorMu

2021-11-19 17:22:20 - [TEST_STEP][PASSED] - waitForElementVisible(findTestObject("Popup/Popup"), 10): Object 'Object Repository/Popup/Popup' is visible

2021-11-19 17:22:20 - [MESSAGE][INFO] - Finding Test Object 'Object Repository/Popup/Popup'

2021-11-19 17:22:20 - [MESSAGE][INFO] - Checking object

2021-11-19 17:22:20 - [MESSAGE][INFO] - Checking timeout

2021-11-19 17:22:20 - [MESSAGE][INFO] - Finding web element from Test Object's properties

2021-11-19 17:22:20 - [MESSAGE][INFO] - Checking timeout

2021-11-19 17:22:20 - [MESSAGE][INFO] - Finding web element with id: 'Object Repository/Popup/Popup' located by 'By.cssSelector: .bootbox-body' in '10' second(s)

2021-11-19 17:22:20 - [MESSAGE][INFO] - Smart Wait Function is triggered

2021-11-19 17:22:20 - [MESSAGE][INFO] - Found 1 web elements with id: 'Object Repository/Popup/Popup' located by 'By.cssSelector: .bootbox-body' in '10' second(s)

2021-11-19 17:22:20 - [MESSAGE][PASSED] - Object 'Object Repository/Popup/Popup' is visible

2021-11-19 17:22:20 - [TEST_STEP][PASSED] - if (!(getText(findTestObject("Popup/Popup")).contains(Mesaj))): Text of object 'Object Repository/Popup/Popup' is: '17496 no’lu talebiniz işleme alınmıştır. Raporunuz hazırlandığında (elogotest@gmail.com;ali.kara@logo.com.tr) adresinize mail gönderilecektir.
Rapor durumunuzu Raporlar > Toplu Veri İndirme ekranından takip edebilir, hazırlandı durumundaki raporlarınızı ilgili menüden indirebilirsiniz.'

2021-11-19 17:22:20 - [MESSAGE][INFO] - Finding Test Object 'Object Repository/Popup/Popup'

2021-11-19 17:22:20 - [MESSAGE][INFO] - Checking object

2021-11-19 17:22:20 - [MESSAGE][INFO] - Finding web element from Test Object's properties

2021-11-19 17:22:20 - [MESSAGE][INFO] - Checking timeout

2021-11-19 17:22:20 - [MESSAGE][INFO] - Finding web element with id: 'Object Repository/Popup/Popup' located by 'By.cssSelector: .bootbox-body' in '30' second(s)

2021-11-19 17:22:20 - [MESSAGE][INFO] - Smart Wait Function is triggered

2021-11-19 17:22:21 - [MESSAGE][INFO] - Found 1 web elements with id: 'Object Repository/Popup/Popup' located by 'By.cssSelector: .bootbox-body' in '30' second(s)

2021-11-19 17:22:21 - [MESSAGE][INFO] - Getting text of object 'Object Repository/Popup/Popup'

2021-11-19 17:22:21 - [MESSAGE][PASSED] - Text of object 'Object Repository/Popup/Popup' is: '17496 no’lu talebiniz işleme alınmıştır. Raporunuz hazırlandığında (elogotest@gmail.com;ali.kara@logo.com.tr) adresinize mail gönderilecektir.
Rapor durumunuzu Raporlar > Toplu Veri İndirme ekranından takip edebilir, hazırlandı durumundaki raporlarınızı ilgili menüden indirebilirsiniz.'

2021-11-19 17:22:21 - [TEST_STEP][PASSED] - RaporNo = getText(findTestObject("Popup/Popup")).substring(0, 6): Text of object 'Object Repository/Popup/Popup' is: '17496 no’lu talebiniz işleme alınmıştır. Raporunuz hazırlandığında (elogotest@gmail.com;ali.kara@logo.com.tr) adresinize mail gönderilecektir.
Rapor durumunuzu Raporlar > Toplu Veri İndirme ekranından takip edebilir, hazırlandı durumundaki raporlarınızı ilgili menüden indirebilirsiniz.'

2021-11-19 17:22:21 - [MESSAGE][INFO] - Finding Test Object 'Object Repository/Popup/Popup'

2021-11-19 17:22:21 - [MESSAGE][INFO] - Checking object

2021-11-19 17:22:21 - [MESSAGE][INFO] - Finding web element from Test Object's properties

2021-11-19 17:22:21 - [MESSAGE][INFO] - Checking timeout

2021-11-19 17:22:21 - [MESSAGE][INFO] - Finding web element with id: 'Object Repository/Popup/Popup' located by 'By.cssSelector: .bootbox-body' in '30' second(s)

2021-11-19 17:22:21 - [MESSAGE][INFO] - Smart Wait Function is triggered

2021-11-19 17:22:21 - [MESSAGE][INFO] - Found 1 web elements with id: 'Object Repository/Popup/Popup' located by 'By.cssSelector: .bootbox-body' in '30' second(s)

2021-11-19 17:22:21 - [MESSAGE][INFO] - Getting text of object 'Object Repository/Popup/Popup'

2021-11-19 17:22:21 - [MESSAGE][PASSED] - Text of object 'Object Repository/Popup/Popup' is: '17496 no’lu talebiniz işleme alınmıştır. Raporunuz hazırlandığında (elogotest@gmail.com;ali.kara@logo.com.tr) adresinize mail gönderilecektir.
Rapor durumunuzu Raporlar > Toplu Veri İndirme ekranından takip edebilir, hazırlandı durumundaki raporlarınızı ilgili menüden indirebilirsiniz.'

2021-11-19 17:22:21 - [TEST_STEP][PASSED] - Console.println(RaporNo): null

2021-11-19 17:22:21 - [MESSAGE][PASSED] - Call Test Case 'Test Cases/Popup/PopupMesajiIceriyorMu' successfully

2021-11-19 17:22:21 - [MESSAGE][INFO] - Checking called Test Case

2021-11-19 17:22:21 - [MESSAGE][INFO] - Starting to call Test Case 'Test Cases/Popup/PopupButonSecilir'

2021-11-19 17:22:21 - [TEST_CASE][PASSED] - Test Cases/Popup/PopupButonSecilir: Test Cases/Popup/PopupButonSecilir

2021-11-19 17:22:21 - [TEST_STEP][PASSED] - Method.TextDegerineEsitElementeTikla(findTestObject("Popup/Popup_Butons"), Buton): Method.TextDegerineEsitElementeTikla is PASSED

2021-11-19 17:22:21 - [MESSAGE][INFO] - Finding Test Object 'Object Repository/Popup/Popup_Butons'

2021-11-19 17:22:21 - [MESSAGE][INFO] - Checking timeout

2021-11-19 17:22:21 - [MESSAGE][INFO] - Finding web element with id: 'Object Repository/Popup/Popup_Butons' located by 'By.cssSelector: .modal-footer>button' in '10' second(s)

2021-11-19 17:22:21 - [MESSAGE][INFO] - Smart Wait Function is triggered

2021-11-19 17:22:22 - [MESSAGE][INFO] - Found 1 web elements with id: 'Object Repository/Popup/Popup_Butons' located by 'By.cssSelector: .modal-footer>button' in '10' second(s)

2021-11-19 17:22:22 - [MESSAGE][PASSED] - Method.TextDegerineEsitElementeTikla is PASSED

2021-11-19 17:22:22 - [MESSAGE][PASSED] - Call Test Case 'Test Cases/Popup/PopupButonSecilir' successfully

2021-11-19 17:22:22 - [MESSAGE][INFO] - Checking called Test Case

2021-11-19 17:22:22 - [MESSAGE][INFO] - Starting to call Test Case 'Test Cases/Filtreler/DropdownSec'

2021-11-19 17:22:22 - [TEST_CASE][PASSED] - Test Cases/Filtreler/DropdownSec: Test Cases/Filtreler/DropdownSec

2021-11-19 17:22:22 - [TEST_STEP][PASSED] - Method.TextDegerineEsitElementinAltindakineTikla(findTestObject("Filtreler/Basliklar"), findTestObject("Filtreler/Basliga_Gore_Baslangic_Image"), Filtre_Adi): Method.TextDegerineEsitElementinAltindakineTikla is PASSED

2021-11-19 17:22:22 - [MESSAGE][INFO] - Finding Test Object 'Object Repository/Filtreler/Basliklar'

2021-11-19 17:22:22 - [MESSAGE][INFO] - Finding Test Object 'Object Repository/Filtreler/Basliga_Gore_Baslangic_Image'

2021-11-19 17:22:22 - [MESSAGE][INFO] - Checking timeout

2021-11-19 17:22:22 - [MESSAGE][INFO] - Finding web element with id: 'Object Repository/Filtreler/Basliklar' located by 'By.cssSelector: .control-label.col-sm-4.paddingMarginRLC' in '10' second(s)

2021-11-19 17:22:22 - [MESSAGE][INFO] - Smart Wait Function is triggered

2021-11-19 17:22:22 - [MESSAGE][INFO] - Found 8 web elements with id: 'Object Repository/Filtreler/Basliklar' located by 'By.cssSelector: .control-label.col-sm-4.paddingMarginRLC' in '10' second(s)

2021-11-19 17:22:22 - [MESSAGE][INFO] - Smart Wait Function is triggered

2021-11-19 17:22:23 - [MESSAGE][PASSED] - Method.TextDegerineEsitElementinAltindakineTikla is PASSED

2021-11-19 17:22:23 - [TEST_STEP][PASSED] - Method.TextDegerineEsitElementeTikla(findTestObject("Object Repository/Filtreler/Basliga_Gore_Dropdown"), Filtre_Degeri): Method.TextDegerineEsitElementeTikla is PASSED

2021-11-19 17:22:23 - [MESSAGE][INFO] - Finding Test Object 'Object Repository/Filtreler/Basliga_Gore_Dropdown'

2021-11-19 17:22:23 - [MESSAGE][INFO] - Checking timeout

2021-11-19 17:22:23 - [MESSAGE][INFO] - Finding web element with id: 'Object Repository/Filtreler/Basliga_Gore_Dropdown' located by 'By.xpath: //*[@class = 'dxeListBoxItemRow_LECustomTheme']' in '10' second(s)

2021-11-19 17:22:23 - [MESSAGE][INFO] - Smart Wait Function is triggered

2021-11-19 17:22:23 - [MESSAGE][INFO] - Found 10 web elements with id: 'Object Repository/Filtreler/Basliga_Gore_Dropdown' located by 'By.xpath: //*[@class = 'dxeListBoxItemRow_LECustomTheme']' in '10' second(s)

2021-11-19 17:22:24 - [MESSAGE][PASSED] - Method.TextDegerineEsitElementeTikla is PASSED

2021-11-19 17:22:24 - [MESSAGE][PASSED] - Call Test Case 'Test Cases/Filtreler/DropdownSec' successfully

2021-11-19 17:22:24 - [MESSAGE][INFO] - Checking called Test Case

2021-11-19 17:22:24 - [MESSAGE][INFO] - Starting to call Test Case 'Test Cases/Filtreler/ButonaTikla'

2021-11-19 17:22:24 - [TEST_CASE][PASSED] - Test Cases/Filtreler/ButonaTikla: Test Cases/Filtreler/ButonaTikla

2021-11-19 17:22:24 - [TEST_STEP][PASSED] - Method.TextDegerineEsitElementeTikla(findTestObject("Filtreler/Butonlar"), Filtre_Buton): Method.TextDegerineEsitElementeTikla is PASSED

2021-11-19 17:22:24 - [MESSAGE][INFO] - Finding Test Object 'Object Repository/Filtreler/Butonlar'

2021-11-19 17:22:24 - [MESSAGE][INFO] - Checking timeout

2021-11-19 17:22:24 - [MESSAGE][INFO] - Finding web element with id: 'Object Repository/Filtreler/Butonlar' located by 'By.cssSelector: .dxb>span' in '10' second(s)

2021-11-19 17:22:24 - [MESSAGE][INFO] - Smart Wait Function is triggered

2021-11-19 17:22:24 - [MESSAGE][INFO] - Found 3 web elements with id: 'Object Repository/Filtreler/Butonlar' located by 'By.cssSelector: .dxb>span' in '10' second(s)

2021-11-19 17:22:24 - [MESSAGE][PASSED] - Method.TextDegerineEsitElementeTikla is PASSED

2021-11-19 17:22:24 - [MESSAGE][PASSED] - Call Test Case 'Test Cases/Filtreler/ButonaTikla' successfully

2021-11-19 17:22:24 - [MESSAGE][INFO] - Checking called Test Case

2021-11-19 17:22:24 - [MESSAGE][INFO] - Starting to call Test Case 'Test Cases/Tablo/TablonunButonunaTikla'

2021-11-19 17:22:24 - [TEST_CASE][PASSED] - Test Cases/Tablo/TablonunButonunaTikla: Test Cases/Tablo/TablonunButonunaTikla

2021-11-19 17:22:24 - [TEST_STEP][PASSED] - Method.TextDegerineEsitElementinAltindakiTextDegerineEsitOlanaTikla(findTestObject("Tablo/Veriler"), findTestObject("Tablo/VerininButonu"), Veri, Buton_Adi): Method.TextDegerineEsitElementinAltindakiTextDegerineEsitOlanaTikla is PASSED

2021-11-19 17:22:24 - [MESSAGE][INFO] - Finding Test Object 'Object Repository/Tablo/Veriler'

2021-11-19 17:22:24 - [MESSAGE][INFO] - Finding Test Object 'Object Repository/Tablo/VerininButonu'

2021-11-19 17:22:24 - [MESSAGE][INFO] - Checking timeout

2021-11-19 17:22:24 - [MESSAGE][INFO] - Finding web element with id: 'Object Repository/Tablo/Veriler' located by 'By.cssSelector: td.dxgv b ,td.dxgv' in '10' second(s)

2021-11-19 17:22:24 - [MESSAGE][INFO] - Smart Wait Function is triggered

2021-11-19 17:22:25 - [MESSAGE][INFO] - Found 110 web elements with id: 'Object Repository/Tablo/Veriler' located by 'By.cssSelector: td.dxgv b ,td.dxgv' in '10' second(s)

2021-11-19 17:22:25 - [MESSAGE][INFO] - Smart Wait Function is triggered

2021-11-19 17:22:25 - [MESSAGE][PASSED] - Method.TextDegerineEsitElementinAltindakiTextDegerineEsitOlanaTikla is PASSED

2021-11-19 17:22:25 - [MESSAGE][PASSED] - Call Test Case 'Test Cases/Tablo/TablonunButonunaTikla' successfully

2021-11-19 17:22:25 - [MESSAGE][INFO] - Checking called Test Case

2021-11-19 17:22:25 - [MESSAGE][INFO] - Starting to call Test Case 'Test Cases/Sekmeler/YeniSekmeyeGec'

2021-11-19 17:22:25 - [TEST_CASE][PASSED] - Test Cases/Sekmeler/YeniSekmeyeGec: Test Cases/Sekmeler/YeniSekmeyeGec

2021-11-19 17:22:25 - [TEST_STEP][PASSED] - switchToWindowIndex(1): Switched to window with index: '1'

2021-11-19 17:22:25 - [MESSAGE][INFO] - Checking index

2021-11-19 17:22:25 - [MESSAGE][INFO] - Switching window with index: '1'

2021-11-19 17:22:25 - [MESSAGE][PASSED] - Switched to window with index: '1'

2021-11-19 17:22:25 - [MESSAGE][PASSED] - Call Test Case 'Test Cases/Sekmeler/YeniSekmeyeGec' successfully

2021-11-19 17:22:25 - [MESSAGE][INFO] - Checking called Test Case

2021-11-19 17:22:25 - [MESSAGE][INFO] - Starting to call Test Case 'Test Cases/Tablo/TablodaVeriVarMi'

2021-11-19 17:22:26 - [TEST_CASE][PASSED] - Test Cases/Tablo/TablodaVeriVarMi: Test Cases/Tablo/TablodaVeriVarMi

2021-11-19 17:22:26 - [TEST_STEP][PASSED] - verifyTextNotPresent("Görüntülenecek veri yok", true): Text 'Görüntülenecek veri yok' is not present on page using regular expression

2021-11-19 17:22:26 - [MESSAGE][INFO] - Checking text present  using regular expression

2021-11-19 17:22:26 - [MESSAGE][INFO] - Smart Wait Function is triggered

2021-11-19 17:22:26 - [MESSAGE][INFO] - Finding text 'Görüntülenecek veri yok' on page  using regular expression

2021-11-19 17:22:26 - [MESSAGE][PASSED] - Text 'Görüntülenecek veri yok' is not present on page using regular expression

2021-11-19 17:22:26 - [MESSAGE][PASSED] - Call Test Case 'Test Cases/Tablo/TablodaVeriVarMi' successfully

2021-11-19 17:22:26 - [MESSAGE][INFO] - Checking called Test Case

2021-11-19 17:22:26 - [MESSAGE][INFO] - Starting to call Test Case 'Test Cases/Sekmeler/Ana_Sekmeye_Gec'

2021-11-19 17:22:26 - [TEST_CASE][PASSED] - Test Cases/Sekmeler/Ana_Sekmeye_Gec: Test Cases/Sekmeler/Ana_Sekmeye_Gec

2021-11-19 17:22:26 - [TEST_STEP][PASSED] - try: Window with index 1 is closed

2021-11-19 17:22:26 - [TEST_STEP][PASSED] - index = getWindowIndex(): Current window's index is: 1

2021-11-19 17:22:26 - [MESSAGE][INFO] - Getting current window's index

2021-11-19 17:22:26 - [MESSAGE][PASSED] - Current window's index is: 1

2021-11-19 17:22:26 - [TEST_STEP][PASSED] - closeWindowIndex(index): Window with index 1 is closed

2021-11-19 17:22:26 - [MESSAGE][INFO] - Checking index

2021-11-19 17:22:26 - [MESSAGE][INFO] - Closing window with index 1

2021-11-19 17:22:26 - [MESSAGE][PASSED] - Window with index 1 is closed

2021-11-19 17:22:26 - [TEST_STEP][PASSED] - switchToWindowIndex(0): Switched to window with index: '0'

2021-11-19 17:22:26 - [MESSAGE][INFO] - Checking index

2021-11-19 17:22:26 - [MESSAGE][INFO] - Switching window with index: '0'

2021-11-19 17:22:26 - [MESSAGE][PASSED] - Switched to window with index: '0'

2021-11-19 17:22:26 - [MESSAGE][PASSED] - Call Test Case 'Test Cases/Sekmeler/Ana_Sekmeye_Gec' successfully

2021-11-19 17:22:26 - [MESSAGE][INFO] - Checking called Test Case

2021-11-19 17:22:26 - [MESSAGE][INFO] - Starting to call Test Case 'Test Cases/Tablo/TablodaVeriVarMi'

2021-11-19 17:22:26 - [TEST_CASE][PASSED] - Test Cases/Tablo/TablodaVeriVarMi: Test Cases/Tablo/TablodaVeriVarMi

2021-11-19 17:22:26 - [TEST_STEP][PASSED] - verifyTextNotPresent("Görüntülenecek veri yok", true): Text 'Görüntülenecek veri yok' is not present on page using regular expression

2021-11-19 17:22:26 - [MESSAGE][INFO] - Checking text present  using regular expression

2021-11-19 17:22:26 - [MESSAGE][INFO] - Smart Wait Function is triggered

2021-11-19 17:22:27 - [MESSAGE][INFO] - Finding text 'Görüntülenecek veri yok' on page  using regular expression

2021-11-19 17:22:27 - [MESSAGE][PASSED] - Text 'Görüntülenecek veri yok' is not present on page using regular expression

2021-11-19 17:22:27 - [MESSAGE][PASSED] - Call Test Case 'Test Cases/Tablo/TablodaVeriVarMi' successfully

2021-11-19 17:22:27 - [MESSAGE][INFO] - Checking called Test Case

2021-11-19 17:22:27 - [MESSAGE][INFO] - Starting to call Test Case 'Test Cases/Tablo/TablodanVeriSec'

2021-11-19 17:22:27 - [TEST_CASE][PASSED] - Test Cases/Tablo/TablodanVeriSec: Test Cases/Tablo/TablodanVeriSec

2021-11-19 17:22:27 - [TEST_STEP][PASSED] - Method.TextDegerineEsitElementinAltindakineTikla(findTestObject("Tablo/Veriler"), findTestObject("Tablo/VerininCheckBoxi"), Veri_Adi): Method.TextDegerineEsitElementinAltindakineTikla is PASSED

2021-11-19 17:22:27 - [MESSAGE][INFO] - Finding Test Object 'Object Repository/Tablo/Veriler'

2021-11-19 17:22:27 - [MESSAGE][INFO] - Finding Test Object 'Object Repository/Tablo/VerininCheckBoxi'

2021-11-19 17:22:27 - [MESSAGE][INFO] - Checking timeout

2021-11-19 17:22:27 - [MESSAGE][INFO] - Finding web element with id: 'Object Repository/Tablo/Veriler' located by 'By.cssSelector: td.dxgv b ,td.dxgv' in '10' second(s)

2021-11-19 17:22:27 - [MESSAGE][INFO] - Smart Wait Function is triggered

2021-11-19 17:22:27 - [MESSAGE][INFO] - Found 110 web elements with id: 'Object Repository/Tablo/Veriler' located by 'By.cssSelector: td.dxgv b ,td.dxgv' in '10' second(s)

2021-11-19 17:22:27 - [MESSAGE][INFO] - Smart Wait Function is triggered

2021-11-19 17:22:28 - [MESSAGE][PASSED] - Method.TextDegerineEsitElementinAltindakineTikla is PASSED

2021-11-19 17:22:28 - [MESSAGE][PASSED] - Call Test Case 'Test Cases/Tablo/TablodanVeriSec' successfully

2021-11-19 17:22:28 - [MESSAGE][INFO] - Checking called Test Case

2021-11-19 17:22:28 - [MESSAGE][INFO] - Starting to call Test Case 'Test Cases/Butonlar/ButonaTikla'

2021-11-19 17:22:28 - [TEST_CASE][PASSED] - Test Cases/Butonlar/ButonaTikla: Test Cases/Butonlar/ButonaTikla

2021-11-19 17:22:28 - [TEST_STEP][PASSED] - Method.TextDegerineEsitElementeTiklaEquals(findTestObject("Butonlar/Butonlar"), Buton_Adi): Method.TextDegerineEsitElementeTiklaEquals is PASSED

2021-11-19 17:22:28 - [MESSAGE][INFO] - Finding Test Object 'Object Repository/Butonlar/Butonlar'

2021-11-19 17:22:28 - [MESSAGE][INFO] - Checking timeout

2021-11-19 17:22:28 - [MESSAGE][INFO] - Finding web element with id: 'Object Repository/Butonlar/Butonlar' located by 'By.cssSelector: .panel.panel-default.text-center.footerPanel .btn,.btn.btn-primary.btnControls' in '10' second(s)

2021-11-19 17:22:28 - [MESSAGE][INFO] - Smart Wait Function is triggered

2021-11-19 17:22:28 - [MESSAGE][INFO] - Found 6 web elements with id: 'Object Repository/Butonlar/Butonlar' located by 'By.cssSelector: .panel.panel-default.text-center.footerPanel .btn,.btn.btn-primary.btnControls' in '10' second(s)

2021-11-19 17:22:28 - [MESSAGE][PASSED] - Method.TextDegerineEsitElementeTiklaEquals is PASSED

2021-11-19 17:22:28 - [MESSAGE][PASSED] - Call Test Case 'Test Cases/Butonlar/ButonaTikla' successfully

2021-11-19 17:22:28 - [MESSAGE][INFO] - Checking called Test Case

2021-11-19 17:22:28 - [MESSAGE][INFO] - Starting to call Test Case 'Test Cases/Sekmeler/YeniSekmeyeGec'

2021-11-19 17:22:28 - [TEST_CASE][PASSED] - Test Cases/Sekmeler/YeniSekmeyeGec: Test Cases/Sekmeler/YeniSekmeyeGec

2021-11-19 17:22:28 - [TEST_STEP][PASSED] - switchToWindowIndex(1): Switched to window with index: '1'

2021-11-19 17:22:28 - [MESSAGE][INFO] - Checking index

2021-11-19 17:22:28 - [MESSAGE][INFO] - Switching window with index: '1'

2021-11-19 17:22:28 - [MESSAGE][PASSED] - Switched to window with index: '1'

2021-11-19 17:22:28 - [MESSAGE][PASSED] - Call Test Case 'Test Cases/Sekmeler/YeniSekmeyeGec' successfully

2021-11-19 17:22:28 - [MESSAGE][INFO] - Checking called Test Case

2021-11-19 17:22:28 - [MESSAGE][INFO] - Starting to call Test Case 'Test Cases/Sekmeler/TagGeldiMi'

2021-11-19 17:22:28 - [TEST_CASE][PASSED] - Test Cases/Sekmeler/TagGeldiMi: Test Cases/Sekmeler/TagGeldiMi

2021-11-19 17:22:28 - [TEST_STEP][PASSED] - waitForElementPresent(findTestObject("Object Repository/Sekmeler/UBLTag"), 10): Object 'Object Repository/Sekmeler/UBLTag' is present

2021-11-19 17:22:28 - [MESSAGE][INFO] - Finding Test Object 'Object Repository/Sekmeler/UBLTag'

2021-11-19 17:22:29 - [MESSAGE][INFO] - Checking object

2021-11-19 17:22:29 - [MESSAGE][INFO] - Finding web element from Test Object's properties

2021-11-19 17:22:29 - [MESSAGE][INFO] - Checking timeout

2021-11-19 17:22:29 - [MESSAGE][INFO] - Finding web element with id: 'Object Repository/Sekmeler/UBLTag' located by 'By.cssSelector: #webkit-xml-viewer-source-xml>:first-child' in '10' second(s)

2021-11-19 17:22:29 - [MESSAGE][INFO] - Smart Wait Function is triggered

2021-11-19 17:22:29 - [MESSAGE][INFO] - Found 1 web elements with id: 'Object Repository/Sekmeler/UBLTag' located by 'By.cssSelector: #webkit-xml-viewer-source-xml>:first-child' in '10' second(s)

2021-11-19 17:22:29 - [MESSAGE][PASSED] - Object 'Object Repository/Sekmeler/UBLTag' is present

2021-11-19 17:22:29 - [TEST_STEP][PASSED] - println(toLowerCase().toString()): Found 1 web elements with id: 'Object Repository/Sekmeler/UBLTag' located by 'By.cssSelector: #webkit-xml-viewer-source-xml>:first-child' in '10' second(s)

2021-11-19 17:22:29 - [MESSAGE][INFO] - Finding Test Object 'Object Repository/Sekmeler/UBLTag'

2021-11-19 17:22:29 - [MESSAGE][INFO] - Finding web element from Test Object's properties

2021-11-19 17:22:29 - [MESSAGE][INFO] - Checking timeout

2021-11-19 17:22:29 - [MESSAGE][INFO] - Finding web element with id: 'Object Repository/Sekmeler/UBLTag' located by 'By.cssSelector: #webkit-xml-viewer-source-xml>:first-child' in '10' second(s)

2021-11-19 17:22:29 - [MESSAGE][INFO] - Smart Wait Function is triggered

2021-11-19 17:22:29 - [MESSAGE][INFO] - Found 1 web elements with id: 'Object Repository/Sekmeler/UBLTag' located by 'By.cssSelector: #webkit-xml-viewer-source-xml>:first-child' in '10' second(s)

2021-11-19 17:22:29 - [TEST_STEP][PASSED] - if (!(toString().contains(toString().toLowerCase()))): Found 1 web elements with id: 'Object Repository/Sekmeler/UBLTag' located by 'By.cssSelector: #webkit-xml-viewer-source-xml>:first-child' in '10' second(s)

2021-11-19 17:22:29 - [MESSAGE][INFO] - Finding Test Object 'Object Repository/Sekmeler/UBLTag'

2021-11-19 17:22:29 - [MESSAGE][INFO] - Finding web element from Test Object's properties

2021-11-19 17:22:29 - [MESSAGE][INFO] - Checking timeout

2021-11-19 17:22:29 - [MESSAGE][INFO] - Finding web element with id: 'Object Repository/Sekmeler/UBLTag' located by 'By.cssSelector: #webkit-xml-viewer-source-xml>:first-child' in '10' second(s)

2021-11-19 17:22:29 - [MESSAGE][INFO] - Smart Wait Function is triggered

2021-11-19 17:22:29 - [MESSAGE][INFO] - Found 1 web elements with id: 'Object Repository/Sekmeler/UBLTag' located by 'By.cssSelector: #webkit-xml-viewer-source-xml>:first-child' in '10' second(s)

2021-11-19 17:22:29 - [MESSAGE][PASSED] - Call Test Case 'Test Cases/Sekmeler/TagGeldiMi' successfully

2021-11-19 17:22:29 - [MESSAGE][INFO] - Checking called Test Case

2021-11-19 17:22:29 - [MESSAGE][INFO] - Starting to call Test Case 'Test Cases/Sekmeler/Ana_Sekmeye_Gec'

2021-11-19 17:22:29 - [TEST_CASE][PASSED] - Test Cases/Sekmeler/Ana_Sekmeye_Gec: Test Cases/Sekmeler/Ana_Sekmeye_Gec

2021-11-19 17:22:29 - [TEST_STEP][PASSED] - try: Window with index 1 is closed

2021-11-19 17:22:29 - [TEST_STEP][PASSED] - index = getWindowIndex(): Current window's index is: 1

2021-11-19 17:22:29 - [MESSAGE][INFO] - Getting current window's index

2021-11-19 17:22:29 - [MESSAGE][PASSED] - Current window's index is: 1

2021-11-19 17:22:29 - [TEST_STEP][PASSED] - closeWindowIndex(index): Window with index 1 is closed

2021-11-19 17:22:29 - [MESSAGE][INFO] - Checking index

2021-11-19 17:22:29 - [MESSAGE][INFO] - Closing window with index 1

2021-11-19 17:22:29 - [MESSAGE][PASSED] - Window with index 1 is closed

2021-11-19 17:22:29 - [TEST_STEP][PASSED] - switchToWindowIndex(0): Switched to window with index: '0'

2021-11-19 17:22:29 - [MESSAGE][INFO] - Checking index

2021-11-19 17:22:29 - [MESSAGE][INFO] - Switching window with index: '0'

2021-11-19 17:22:29 - [MESSAGE][PASSED] - Switched to window with index: '0'

2021-11-19 17:22:29 - [MESSAGE][PASSED] - Call Test Case 'Test Cases/Sekmeler/Ana_Sekmeye_Gec' successfully

2021-11-19 17:22:29 - [MESSAGE][INFO] - Checking called Test Case

2021-11-19 17:22:29 - [MESSAGE][INFO] - Starting to call Test Case 'Test Cases/Butonlar/ButonaTikla'

2021-11-19 17:22:29 - [TEST_CASE][PASSED] - Test Cases/Butonlar/ButonaTikla: Test Cases/Butonlar/ButonaTikla

2021-11-19 17:22:29 - [TEST_STEP][PASSED] - Method.TextDegerineEsitElementeTiklaEquals(findTestObject("Butonlar/Butonlar"), Buton_Adi): Method.TextDegerineEsitElementeTiklaEquals is PASSED

2021-11-19 17:22:29 - [MESSAGE][INFO] - Finding Test Object 'Object Repository/Butonlar/Butonlar'

2021-11-19 17:22:29 - [MESSAGE][INFO] - Checking timeout

2021-11-19 17:22:29 - [MESSAGE][INFO] - Finding web element with id: 'Object Repository/Butonlar/Butonlar' located by 'By.cssSelector: .panel.panel-default.text-center.footerPanel .btn,.btn.btn-primary.btnControls' in '10' second(s)

2021-11-19 17:22:29 - [MESSAGE][INFO] - Smart Wait Function is triggered

2021-11-19 17:22:30 - [MESSAGE][INFO] - Found 6 web elements with id: 'Object Repository/Butonlar/Butonlar' located by 'By.cssSelector: .panel.panel-default.text-center.footerPanel .btn,.btn.btn-primary.btnControls' in '10' second(s)

2021-11-19 17:22:30 - [MESSAGE][PASSED] - Method.TextDegerineEsitElementeTiklaEquals is PASSED

2021-11-19 17:22:30 - [MESSAGE][PASSED] - Call Test Case 'Test Cases/Butonlar/ButonaTikla' successfully

2021-11-19 17:22:30 - [MESSAGE][INFO] - Checking called Test Case

2021-11-19 17:22:30 - [MESSAGE][INFO] - Starting to call Test Case 'Test Cases/Butonlar/AltButonaTikla'

2021-11-19 17:22:30 - [TEST_CASE][PASSED] - Test Cases/Butonlar/AltButonaTikla: Test Cases/Butonlar/AltButonaTikla

2021-11-19 17:22:30 - [TEST_STEP][PASSED] - Method.TextDegerineEsitElementeTikla(findTestObject("Butonlar/AltButonlar"), Alt_Buton): Method.TextDegerineEsitElementeTikla is PASSED

2021-11-19 17:22:30 - [MESSAGE][INFO] - Finding Test Object 'Object Repository/Butonlar/AltButonlar'

2021-11-19 17:22:30 - [MESSAGE][INFO] - Checking timeout

2021-11-19 17:22:30 - [MESSAGE][INFO] - Finding web element with id: 'Object Repository/Butonlar/AltButonlar' located by 'By.cssSelector: .btn-group.open li>a' in '10' second(s)

2021-11-19 17:22:30 - [MESSAGE][INFO] - Smart Wait Function is triggered

2021-11-19 17:22:30 - [MESSAGE][INFO] - Found 1 web elements with id: 'Object Repository/Butonlar/AltButonlar' located by 'By.cssSelector: .btn-group.open li>a' in '10' second(s)

2021-11-19 17:22:30 - [MESSAGE][PASSED] - Method.TextDegerineEsitElementeTikla is PASSED

2021-11-19 17:22:30 - [MESSAGE][PASSED] - Call Test Case 'Test Cases/Butonlar/AltButonaTikla' successfully

2021-11-19 17:22:30 - [MESSAGE][INFO] - Checking called Test Case

2021-11-19 17:22:30 - [MESSAGE][INFO] - Starting to call Test Case 'Test Cases/Butonlar/DosyaIndirildiMi'

2021-11-19 17:22:31 - [TEST_CASE][PASSED] - Test Cases/Butonlar/DosyaIndirildiMi: Test Cases/Butonlar/DosyaIndirildiMi

2021-11-19 17:22:31 - [TEST_STEP][PASSED] - Method.isimliDosyaIndirildiMi(DownloadFile, FileName): Method.isimliDosyaIndirildiMi is PASSED

2021-11-19 17:22:31 - [MESSAGE][INFO] - Delaying browser in 3 second(s)

2021-11-19 17:22:34 - [MESSAGE][PASSED] - Delayed 3 second(s)

2021-11-19 17:22:34 - [MESSAGE][PASSED] - Method.isimliDosyaIndirildiMi is PASSED

2021-11-19 17:22:34 - [MESSAGE][PASSED] - Call Test Case 'Test Cases/Butonlar/DosyaIndirildiMi' successfully

2021-11-19 17:22:34 - [MESSAGE][INFO] - Checking called Test Case

2021-11-19 17:22:34 - [MESSAGE][INFO] - Starting to call Test Case 'Test Cases/Butonlar/ButonaTikla'

2021-11-19 17:22:34 - [TEST_CASE][PASSED] - Test Cases/Butonlar/ButonaTikla: Test Cases/Butonlar/ButonaTikla

2021-11-19 17:22:34 - [TEST_STEP][PASSED] - Method.TextDegerineEsitElementeTiklaEquals(findTestObject("Butonlar/Butonlar"), Buton_Adi): Method.TextDegerineEsitElementeTiklaEquals is PASSED

2021-11-19 17:22:34 - [MESSAGE][INFO] - Finding Test Object 'Object Repository/Butonlar/Butonlar'

2021-11-19 17:22:34 - [MESSAGE][INFO] - Checking timeout

2021-11-19 17:22:34 - [MESSAGE][INFO] - Finding web element with id: 'Object Repository/Butonlar/Butonlar' located by 'By.cssSelector: .panel.panel-default.text-center.footerPanel .btn,.btn.btn-primary.btnControls' in '10' second(s)

2021-11-19 17:22:34 - [MESSAGE][INFO] - Smart Wait Function is triggered

2021-11-19 17:22:34 - [MESSAGE][INFO] - Found 6 web elements with id: 'Object Repository/Butonlar/Butonlar' located by 'By.cssSelector: .panel.panel-default.text-center.footerPanel .btn,.btn.btn-primary.btnControls' in '10' second(s)

2021-11-19 17:22:34 - [MESSAGE][PASSED] - Method.TextDegerineEsitElementeTiklaEquals is PASSED

2021-11-19 17:22:34 - [MESSAGE][PASSED] - Call Test Case 'Test Cases/Butonlar/ButonaTikla' successfully

2021-11-19 17:22:34 - [MESSAGE][INFO] - Checking called Test Case

2021-11-19 17:22:34 - [MESSAGE][INFO] - Starting to call Test Case 'Test Cases/Butonlar/AltButonaTikla'

2021-11-19 17:22:34 - [TEST_CASE][PASSED] - Test Cases/Butonlar/AltButonaTikla: Test Cases/Butonlar/AltButonaTikla

2021-11-19 17:22:34 - [TEST_STEP][PASSED] - Method.TextDegerineEsitElementeTikla(findTestObject("Butonlar/AltButonlar"), Alt_Buton): Method.TextDegerineEsitElementeTikla is PASSED

2021-11-19 17:22:34 - [MESSAGE][INFO] - Finding Test Object 'Object Repository/Butonlar/AltButonlar'

2021-11-19 17:22:34 - [MESSAGE][INFO] - Checking timeout

2021-11-19 17:22:34 - [MESSAGE][INFO] - Finding web element with id: 'Object Repository/Butonlar/AltButonlar' located by 'By.cssSelector: .btn-group.open li>a' in '10' second(s)

2021-11-19 17:22:34 - [MESSAGE][INFO] - Smart Wait Function is triggered

2021-11-19 17:22:34 - [MESSAGE][INFO] - Found 2 web elements with id: 'Object Repository/Butonlar/AltButonlar' located by 'By.cssSelector: .btn-group.open li>a' in '10' second(s)

2021-11-19 17:22:35 - [MESSAGE][PASSED] - Method.TextDegerineEsitElementeTikla is PASSED

2021-11-19 17:22:35 - [MESSAGE][PASSED] - Call Test Case 'Test Cases/Butonlar/AltButonaTikla' successfully

2021-11-19 17:22:35 - [MESSAGE][INFO] - Checking called Test Case

2021-11-19 17:22:35 - [MESSAGE][INFO] - Starting to call Test Case 'Test Cases/Popup/PopupMesajiIceriyorMu'

2021-11-19 17:22:35 - [TEST_CASE][PASSED] - Test Cases/Popup/PopupMesajiIceriyorMu: Test Cases/Popup/PopupMesajiIceriyorMu

2021-11-19 17:22:35 - [TEST_STEP][PASSED] - waitForElementVisible(findTestObject("Popup/Popup"), 10): Object 'Object Repository/Popup/Popup' is visible

2021-11-19 17:22:35 - [MESSAGE][INFO] - Finding Test Object 'Object Repository/Popup/Popup'

2021-11-19 17:22:35 - [MESSAGE][INFO] - Checking object

2021-11-19 17:22:35 - [MESSAGE][INFO] - Checking timeout

2021-11-19 17:22:35 - [MESSAGE][INFO] - Finding web element from Test Object's properties

2021-11-19 17:22:35 - [MESSAGE][INFO] - Checking timeout

2021-11-19 17:22:35 - [MESSAGE][INFO] - Finding web element with id: 'Object Repository/Popup/Popup' located by 'By.cssSelector: .bootbox-body' in '10' second(s)

2021-11-19 17:22:35 - [MESSAGE][INFO] - Smart Wait Function is triggered

2021-11-19 17:22:35 - [MESSAGE][INFO] - Found 1 web elements with id: 'Object Repository/Popup/Popup' located by 'By.cssSelector: .bootbox-body' in '10' second(s)

2021-11-19 17:22:35 - [MESSAGE][PASSED] - Object 'Object Repository/Popup/Popup' is visible

2021-11-19 17:22:35 - [TEST_STEP][PASSED] - if (!(getText(findTestObject("Popup/Popup")).contains(Mesaj))): Text of object 'Object Repository/Popup/Popup' is: 'Lütfen rapor bildiriminin gönderileceği e-posta adresini belirtiniz.
e-Posta Adresi'

2021-11-19 17:22:35 - [MESSAGE][INFO] - Finding Test Object 'Object Repository/Popup/Popup'

2021-11-19 17:22:35 - [MESSAGE][INFO] - Checking object

2021-11-19 17:22:35 - [MESSAGE][INFO] - Finding web element from Test Object's properties

2021-11-19 17:22:35 - [MESSAGE][INFO] - Checking timeout

2021-11-19 17:22:35 - [MESSAGE][INFO] - Finding web element with id: 'Object Repository/Popup/Popup' located by 'By.cssSelector: .bootbox-body' in '30' second(s)

2021-11-19 17:22:35 - [MESSAGE][INFO] - Smart Wait Function is triggered

2021-11-19 17:22:35 - [MESSAGE][INFO] - Found 1 web elements with id: 'Object Repository/Popup/Popup' located by 'By.cssSelector: .bootbox-body' in '30' second(s)

2021-11-19 17:22:35 - [MESSAGE][INFO] - Getting text of object 'Object Repository/Popup/Popup'

2021-11-19 17:22:35 - [MESSAGE][PASSED] - Text of object 'Object Repository/Popup/Popup' is: 'Lütfen rapor bildiriminin gönderileceği e-posta adresini belirtiniz.
e-Posta Adresi'

2021-11-19 17:22:35 - [TEST_STEP][PASSED] - RaporNo = getText(findTestObject("Popup/Popup")).substring(0, 6): Text of object 'Object Repository/Popup/Popup' is: 'Lütfen rapor bildiriminin gönderileceği e-posta adresini belirtiniz.
e-Posta Adresi'

2021-11-19 17:22:35 - [MESSAGE][INFO] - Finding Test Object 'Object Repository/Popup/Popup'

2021-11-19 17:22:36 - [MESSAGE][INFO] - Checking object

2021-11-19 17:22:36 - [MESSAGE][INFO] - Finding web element from Test Object's properties

2021-11-19 17:22:36 - [MESSAGE][INFO] - Checking timeout

2021-11-19 17:22:36 - [MESSAGE][INFO] - Finding web element with id: 'Object Repository/Popup/Popup' located by 'By.cssSelector: .bootbox-body' in '30' second(s)

2021-11-19 17:22:36 - [MESSAGE][INFO] - Smart Wait Function is triggered

2021-11-19 17:22:36 - [MESSAGE][INFO] - Found 1 web elements with id: 'Object Repository/Popup/Popup' located by 'By.cssSelector: .bootbox-body' in '30' second(s)

2021-11-19 17:22:36 - [MESSAGE][INFO] - Getting text of object 'Object Repository/Popup/Popup'

2021-11-19 17:22:36 - [MESSAGE][PASSED] - Text of object 'Object Repository/Popup/Popup' is: 'Lütfen rapor bildiriminin gönderileceği e-posta adresini belirtiniz.
e-Posta Adresi'

2021-11-19 17:22:36 - [TEST_STEP][PASSED] - Console.println(RaporNo): null

2021-11-19 17:22:36 - [MESSAGE][PASSED] - Call Test Case 'Test Cases/Popup/PopupMesajiIceriyorMu' successfully

2021-11-19 17:22:36 - [MESSAGE][INFO] - Checking called Test Case

2021-11-19 17:22:36 - [MESSAGE][INFO] - Starting to call Test Case 'Test Cases/Popup/PopupaEmailEklenir'

2021-11-19 17:22:36 - [TEST_CASE][PASSED] - Test Cases/Popup/PopupaEmailEklenir: Test Cases/Popup/PopupaEmailEklenir

2021-11-19 17:22:36 - [TEST_STEP][PASSED] - clearText(findTestObject("Popup/EmailText")): Text of object 'Object Repository/Popup/EmailText' is cleared

2021-11-19 17:22:36 - [MESSAGE][INFO] - Finding Test Object 'Object Repository/Popup/EmailText'

2021-11-19 17:22:36 - [MESSAGE][INFO] - Checking object

2021-11-19 17:22:36 - [MESSAGE][INFO] - Finding web element from Test Object's properties

2021-11-19 17:22:36 - [MESSAGE][INFO] - Checking timeout

2021-11-19 17:22:36 - [MESSAGE][INFO] - Finding web element with id: 'Object Repository/Popup/EmailText' located by 'By.xpath: //*[@id="eMails"]' in '30' second(s)

2021-11-19 17:22:36 - [MESSAGE][INFO] - Smart Wait Function is triggered

2021-11-19 17:22:36 - [MESSAGE][INFO] - Found 1 web elements with id: 'Object Repository/Popup/EmailText' located by 'By.xpath: //*[@id="eMails"]' in '30' second(s)

2021-11-19 17:22:36 - [MESSAGE][INFO] - Clearing text of object 'Object Repository/Popup/EmailText'

2021-11-19 17:22:36 - [MESSAGE][PASSED] - Text of object 'Object Repository/Popup/EmailText' is cleared

2021-11-19 17:22:36 - [TEST_STEP][PASSED] - sendKeys(findTestObject("Popup/EmailText"), Email): Keys 'elogotest@gmail.com;ali.kara@logo.com.tr' sent to object: 'Object Repository/Popup/EmailText'

2021-11-19 17:22:36 - [MESSAGE][INFO] - Finding Test Object 'Object Repository/Popup/EmailText'

2021-11-19 17:22:36 - [MESSAGE][INFO] - Sending keys 'elogotest@gmail.com;ali.kara@logo.com.tr' to object: 'Object Repository/Popup/EmailText'

2021-11-19 17:22:36 - [MESSAGE][INFO] - Finding web element from Test Object's properties

2021-11-19 17:22:36 - [MESSAGE][INFO] - Checking timeout

2021-11-19 17:22:36 - [MESSAGE][INFO] - Finding web element with id: 'Object Repository/Popup/EmailText' located by 'By.xpath: //*[@id="eMails"]' in '30' second(s)

2021-11-19 17:22:36 - [MESSAGE][INFO] - Smart Wait Function is triggered

2021-11-19 17:22:37 - [MESSAGE][INFO] - Found 1 web elements with id: 'Object Repository/Popup/EmailText' located by 'By.xpath: //*[@id="eMails"]' in '30' second(s)

2021-11-19 17:22:37 - [MESSAGE][PASSED] - Keys 'elogotest@gmail.com;ali.kara@logo.com.tr' sent to object: 'Object Repository/Popup/EmailText'

2021-11-19 17:22:37 - [MESSAGE][PASSED] - Call Test Case 'Test Cases/Popup/PopupaEmailEklenir' successfully

2021-11-19 17:22:37 - [MESSAGE][INFO] - Checking called Test Case

2021-11-19 17:22:37 - [MESSAGE][INFO] - Starting to call Test Case 'Test Cases/Popup/PopupButonSecilir'

2021-11-19 17:22:37 - [TEST_CASE][PASSED] - Test Cases/Popup/PopupButonSecilir: Test Cases/Popup/PopupButonSecilir

2021-11-19 17:22:37 - [TEST_STEP][PASSED] - Method.TextDegerineEsitElementeTikla(findTestObject("Popup/Popup_Butons"), Buton): Method.TextDegerineEsitElementeTikla is PASSED

2021-11-19 17:22:37 - [MESSAGE][INFO] - Finding Test Object 'Object Repository/Popup/Popup_Butons'

2021-11-19 17:22:37 - [MESSAGE][INFO] - Checking timeout

2021-11-19 17:22:37 - [MESSAGE][INFO] - Finding web element with id: 'Object Repository/Popup/Popup_Butons' located by 'By.cssSelector: .modal-footer>button' in '10' second(s)

2021-11-19 17:22:37 - [MESSAGE][INFO] - Smart Wait Function is triggered

2021-11-19 17:22:37 - [MESSAGE][INFO] - Found 2 web elements with id: 'Object Repository/Popup/Popup_Butons' located by 'By.cssSelector: .modal-footer>button' in '10' second(s)

2021-11-19 17:22:37 - [MESSAGE][PASSED] - Method.TextDegerineEsitElementeTikla is PASSED

2021-11-19 17:22:37 - [MESSAGE][PASSED] - Call Test Case 'Test Cases/Popup/PopupButonSecilir' successfully

2021-11-19 17:22:37 - [MESSAGE][INFO] - Checking called Test Case

2021-11-19 17:22:37 - [MESSAGE][INFO] - Starting to call Test Case 'Test Cases/Popup/PopupMesajiIceriyorMu'

2021-11-19 17:22:37 - [TEST_CASE][PASSED] - Test Cases/Popup/PopupMesajiIceriyorMu: Test Cases/Popup/PopupMesajiIceriyorMu

2021-11-19 17:22:37 - [TEST_STEP][PASSED] - waitForElementVisible(findTestObject("Popup/Popup"), 10): Object 'Object Repository/Popup/Popup' is visible

2021-11-19 17:22:37 - [MESSAGE][INFO] - Finding Test Object 'Object Repository/Popup/Popup'

2021-11-19 17:22:38 - [MESSAGE][INFO] - Checking object

2021-11-19 17:22:38 - [MESSAGE][INFO] - Checking timeout

2021-11-19 17:22:38 - [MESSAGE][INFO] - Finding web element from Test Object's properties

2021-11-19 17:22:38 - [MESSAGE][INFO] - Checking timeout

2021-11-19 17:22:38 - [MESSAGE][INFO] - Finding web element with id: 'Object Repository/Popup/Popup' located by 'By.cssSelector: .bootbox-body' in '10' second(s)

2021-11-19 17:22:38 - [MESSAGE][INFO] - Smart Wait Function is triggered

2021-11-19 17:22:38 - [MESSAGE][INFO] - Found 1 web elements with id: 'Object Repository/Popup/Popup' located by 'By.cssSelector: .bootbox-body' in '10' second(s)

2021-11-19 17:22:38 - [MESSAGE][PASSED] - Object 'Object Repository/Popup/Popup' is visible

2021-11-19 17:22:38 - [TEST_STEP][PASSED] - if (!(getText(findTestObject("Popup/Popup")).contains(Mesaj))): Text of object 'Object Repository/Popup/Popup' is: '17497 no’lu talebiniz işleme alınmıştır. Raporunuz hazırlandığında (elogotest@gmail.com;ali.kara@logo.com.tr) adresinize mail gönderilecektir.
Rapor durumunuzu Raporlar > Toplu Veri İndirme ekranından takip edebilir, hazırlandı durumundaki raporlarınızı ilgili menüden indirebilirsiniz.'

2021-11-19 17:22:38 - [MESSAGE][INFO] - Finding Test Object 'Object Repository/Popup/Popup'

2021-11-19 17:22:38 - [MESSAGE][INFO] - Checking object

2021-11-19 17:22:38 - [MESSAGE][INFO] - Finding web element from Test Object's properties

2021-11-19 17:22:38 - [MESSAGE][INFO] - Checking timeout

2021-11-19 17:22:38 - [MESSAGE][INFO] - Finding web element with id: 'Object Repository/Popup/Popup' located by 'By.cssSelector: .bootbox-body' in '30' second(s)

2021-11-19 17:22:38 - [MESSAGE][INFO] - Smart Wait Function is triggered

2021-11-19 17:22:39 - [MESSAGE][INFO] - Found 1 web elements with id: 'Object Repository/Popup/Popup' located by 'By.cssSelector: .bootbox-body' in '30' second(s)

2021-11-19 17:22:39 - [MESSAGE][INFO] - Getting text of object 'Object Repository/Popup/Popup'

2021-11-19 17:22:39 - [MESSAGE][PASSED] - Text of object 'Object Repository/Popup/Popup' is: '17497 no’lu talebiniz işleme alınmıştır. Raporunuz hazırlandığında (elogotest@gmail.com;ali.kara@logo.com.tr) adresinize mail gönderilecektir.
Rapor durumunuzu Raporlar > Toplu Veri İndirme ekranından takip edebilir, hazırlandı durumundaki raporlarınızı ilgili menüden indirebilirsiniz.'

2021-11-19 17:22:39 - [TEST_STEP][PASSED] - RaporNo = getText(findTestObject("Popup/Popup")).substring(0, 6): Text of object 'Object Repository/Popup/Popup' is: '17497 no’lu talebiniz işleme alınmıştır. Raporunuz hazırlandığında (elogotest@gmail.com;ali.kara@logo.com.tr) adresinize mail gönderilecektir.
Rapor durumunuzu Raporlar > Toplu Veri İndirme ekranından takip edebilir, hazırlandı durumundaki raporlarınızı ilgili menüden indirebilirsiniz.'

2021-11-19 17:22:39 - [MESSAGE][INFO] - Finding Test Object 'Object Repository/Popup/Popup'

2021-11-19 17:22:39 - [MESSAGE][INFO] - Checking object

2021-11-19 17:22:39 - [MESSAGE][INFO] - Finding web element from Test Object's properties

2021-11-19 17:22:39 - [MESSAGE][INFO] - Checking timeout

2021-11-19 17:22:39 - [MESSAGE][INFO] - Finding web element with id: 'Object Repository/Popup/Popup' located by 'By.cssSelector: .bootbox-body' in '30' second(s)

2021-11-19 17:22:39 - [MESSAGE][INFO] - Smart Wait Function is triggered

2021-11-19 17:22:39 - [MESSAGE][INFO] - Found 1 web elements with id: 'Object Repository/Popup/Popup' located by 'By.cssSelector: .bootbox-body' in '30' second(s)

2021-11-19 17:22:39 - [MESSAGE][INFO] - Getting text of object 'Object Repository/Popup/Popup'

2021-11-19 17:22:39 - [MESSAGE][PASSED] - Text of object 'Object Repository/Popup/Popup' is: '17497 no’lu talebiniz işleme alınmıştır. Raporunuz hazırlandığında (elogotest@gmail.com;ali.kara@logo.com.tr) adresinize mail gönderilecektir.
Rapor durumunuzu Raporlar > Toplu Veri İndirme ekranından takip edebilir, hazırlandı durumundaki raporlarınızı ilgili menüden indirebilirsiniz.'

2021-11-19 17:22:39 - [TEST_STEP][PASSED] - Console.println(RaporNo): null

2021-11-19 17:22:39 - [MESSAGE][PASSED] - Call Test Case 'Test Cases/Popup/PopupMesajiIceriyorMu' successfully

2021-11-19 17:22:39 - [MESSAGE][INFO] - Checking called Test Case

2021-11-19 17:22:39 - [MESSAGE][INFO] - Starting to call Test Case 'Test Cases/Popup/PopupButonSecilir'

2021-11-19 17:22:39 - [TEST_CASE][PASSED] - Test Cases/Popup/PopupButonSecilir: Test Cases/Popup/PopupButonSecilir

2021-11-19 17:22:39 - [TEST_STEP][PASSED] - Method.TextDegerineEsitElementeTikla(findTestObject("Popup/Popup_Butons"), Buton): Method.TextDegerineEsitElementeTikla is PASSED

2021-11-19 17:22:39 - [MESSAGE][INFO] - Finding Test Object 'Object Repository/Popup/Popup_Butons'

2021-11-19 17:22:39 - [MESSAGE][INFO] - Checking timeout

2021-11-19 17:22:39 - [MESSAGE][INFO] - Finding web element with id: 'Object Repository/Popup/Popup_Butons' located by 'By.cssSelector: .modal-footer>button' in '10' second(s)

2021-11-19 17:22:39 - [MESSAGE][INFO] - Smart Wait Function is triggered

2021-11-19 17:22:39 - [MESSAGE][INFO] - Found 1 web elements with id: 'Object Repository/Popup/Popup_Butons' located by 'By.cssSelector: .modal-footer>button' in '10' second(s)

2021-11-19 17:22:39 - [MESSAGE][PASSED] - Method.TextDegerineEsitElementeTikla is PASSED

2021-11-19 17:22:39 - [MESSAGE][PASSED] - Call Test Case 'Test Cases/Popup/PopupButonSecilir' successfully

2021-11-19 17:22:39 - [MESSAGE][INFO] - Checking called Test Case

2021-11-19 17:22:39 - [MESSAGE][INFO] - Starting to call Test Case 'Test Cases/Butonlar/ButonaTikla'

2021-11-19 17:22:39 - [TEST_CASE][PASSED] - Test Cases/Butonlar/ButonaTikla: Test Cases/Butonlar/ButonaTikla

2021-11-19 17:22:39 - [TEST_STEP][PASSED] - Method.TextDegerineEsitElementeTiklaEquals(findTestObject("Butonlar/Butonlar"), Buton_Adi): Method.TextDegerineEsitElementeTiklaEquals is PASSED

2021-11-19 17:22:39 - [MESSAGE][INFO] - Finding Test Object 'Object Repository/Butonlar/Butonlar'

2021-11-19 17:22:40 - [MESSAGE][INFO] - Checking timeout

2021-11-19 17:22:40 - [MESSAGE][INFO] - Finding web element with id: 'Object Repository/Butonlar/Butonlar' located by 'By.cssSelector: .panel.panel-default.text-center.footerPanel .btn,.btn.btn-primary.btnControls' in '10' second(s)

2021-11-19 17:22:40 - [MESSAGE][INFO] - Smart Wait Function is triggered

2021-11-19 17:22:40 - [MESSAGE][INFO] - Found 6 web elements with id: 'Object Repository/Butonlar/Butonlar' located by 'By.cssSelector: .panel.panel-default.text-center.footerPanel .btn,.btn.btn-primary.btnControls' in '10' second(s)

2021-11-19 17:22:40 - [MESSAGE][PASSED] - Method.TextDegerineEsitElementeTiklaEquals is PASSED

2021-11-19 17:22:40 - [MESSAGE][PASSED] - Call Test Case 'Test Cases/Butonlar/ButonaTikla' successfully

2021-11-19 17:22:40 - [MESSAGE][INFO] - Checking called Test Case

2021-11-19 17:22:40 - [MESSAGE][INFO] - Starting to call Test Case 'Test Cases/Butonlar/AltButonaTikla'

2021-11-19 17:22:40 - [TEST_CASE][PASSED] - Test Cases/Butonlar/AltButonaTikla: Test Cases/Butonlar/AltButonaTikla

2021-11-19 17:22:40 - [TEST_STEP][PASSED] - Method.TextDegerineEsitElementeTikla(findTestObject("Butonlar/AltButonlar"), Alt_Buton): Method.TextDegerineEsitElementeTikla is PASSED

2021-11-19 17:22:40 - [MESSAGE][INFO] - Finding Test Object 'Object Repository/Butonlar/AltButonlar'

2021-11-19 17:22:40 - [MESSAGE][INFO] - Checking timeout

2021-11-19 17:22:40 - [MESSAGE][INFO] - Finding web element with id: 'Object Repository/Butonlar/AltButonlar' located by 'By.cssSelector: .btn-group.open li>a' in '10' second(s)

2021-11-19 17:22:40 - [MESSAGE][INFO] - Smart Wait Function is triggered

2021-11-19 17:22:41 - [MESSAGE][INFO] - Found 2 web elements with id: 'Object Repository/Butonlar/AltButonlar' located by 'By.cssSelector: .btn-group.open li>a' in '10' second(s)

2021-11-19 17:22:41 - [MESSAGE][PASSED] - Method.TextDegerineEsitElementeTikla is PASSED

2021-11-19 17:22:41 - [MESSAGE][PASSED] - Call Test Case 'Test Cases/Butonlar/AltButonaTikla' successfully

2021-11-19 17:22:41 - [MESSAGE][INFO] - Checking called Test Case

2021-11-19 17:22:41 - [MESSAGE][INFO] - Starting to call Test Case 'Test Cases/Popup/PopupMesajiIceriyorMu'

2021-11-19 17:22:41 - [TEST_CASE][PASSED] - Test Cases/Popup/PopupMesajiIceriyorMu: Test Cases/Popup/PopupMesajiIceriyorMu

2021-11-19 17:22:41 - [TEST_STEP][PASSED] - waitForElementVisible(findTestObject("Popup/Popup"), 10): Object 'Object Repository/Popup/Popup' is visible

2021-11-19 17:22:41 - [MESSAGE][INFO] - Finding Test Object 'Object Repository/Popup/Popup'

2021-11-19 17:22:41 - [MESSAGE][INFO] - Checking object

2021-11-19 17:22:41 - [MESSAGE][INFO] - Checking timeout

2021-11-19 17:22:41 - [MESSAGE][INFO] - Finding web element from Test Object's properties

2021-11-19 17:22:41 - [MESSAGE][INFO] - Checking timeout

2021-11-19 17:22:41 - [MESSAGE][INFO] - Finding web element with id: 'Object Repository/Popup/Popup' located by 'By.cssSelector: .bootbox-body' in '10' second(s)

2021-11-19 17:22:41 - [MESSAGE][INFO] - Smart Wait Function is triggered

2021-11-19 17:22:41 - [MESSAGE][INFO] - Found 1 web elements with id: 'Object Repository/Popup/Popup' located by 'By.cssSelector: .bootbox-body' in '10' second(s)

2021-11-19 17:22:41 - [MESSAGE][PASSED] - Object 'Object Repository/Popup/Popup' is visible

2021-11-19 17:22:41 - [TEST_STEP][PASSED] - if (!(getText(findTestObject("Popup/Popup")).contains(Mesaj))): Text of object 'Object Repository/Popup/Popup' is: 'Lütfen rapor bildiriminin gönderileceği e-posta adresini belirtiniz.
e-Posta Adresi'

2021-11-19 17:22:41 - [MESSAGE][INFO] - Finding Test Object 'Object Repository/Popup/Popup'

2021-11-19 17:22:42 - [MESSAGE][INFO] - Checking object

2021-11-19 17:22:42 - [MESSAGE][INFO] - Finding web element from Test Object's properties

2021-11-19 17:22:42 - [MESSAGE][INFO] - Checking timeout

2021-11-19 17:22:42 - [MESSAGE][INFO] - Finding web element with id: 'Object Repository/Popup/Popup' located by 'By.cssSelector: .bootbox-body' in '30' second(s)

2021-11-19 17:22:42 - [MESSAGE][INFO] - Smart Wait Function is triggered

2021-11-19 17:22:42 - [MESSAGE][INFO] - Found 1 web elements with id: 'Object Repository/Popup/Popup' located by 'By.cssSelector: .bootbox-body' in '30' second(s)

2021-11-19 17:22:42 - [MESSAGE][INFO] - Getting text of object 'Object Repository/Popup/Popup'

2021-11-19 17:22:42 - [MESSAGE][PASSED] - Text of object 'Object Repository/Popup/Popup' is: 'Lütfen rapor bildiriminin gönderileceği e-posta adresini belirtiniz.
e-Posta Adresi'

2021-11-19 17:22:42 - [TEST_STEP][PASSED] - RaporNo = getText(findTestObject("Popup/Popup")).substring(0, 6): Text of object 'Object Repository/Popup/Popup' is: 'Lütfen rapor bildiriminin gönderileceği e-posta adresini belirtiniz.
e-Posta Adresi'

2021-11-19 17:22:42 - [MESSAGE][INFO] - Finding Test Object 'Object Repository/Popup/Popup'

2021-11-19 17:22:42 - [MESSAGE][INFO] - Checking object

2021-11-19 17:22:42 - [MESSAGE][INFO] - Finding web element from Test Object's properties

2021-11-19 17:22:42 - [MESSAGE][INFO] - Checking timeout

2021-11-19 17:22:42 - [MESSAGE][INFO] - Finding web element with id: 'Object Repository/Popup/Popup' located by 'By.cssSelector: .bootbox-body' in '30' second(s)

2021-11-19 17:22:42 - [MESSAGE][INFO] - Smart Wait Function is triggered

2021-11-19 17:22:42 - [MESSAGE][INFO] - Found 1 web elements with id: 'Object Repository/Popup/Popup' located by 'By.cssSelector: .bootbox-body' in '30' second(s)

2021-11-19 17:22:42 - [MESSAGE][INFO] - Getting text of object 'Object Repository/Popup/Popup'

2021-11-19 17:22:42 - [MESSAGE][PASSED] - Text of object 'Object Repository/Popup/Popup' is: 'Lütfen rapor bildiriminin gönderileceği e-posta adresini belirtiniz.
e-Posta Adresi'

2021-11-19 17:22:42 - [TEST_STEP][PASSED] - Console.println(RaporNo): null

2021-11-19 17:22:42 - [MESSAGE][PASSED] - Call Test Case 'Test Cases/Popup/PopupMesajiIceriyorMu' successfully

2021-11-19 17:22:42 - [MESSAGE][INFO] - Checking called Test Case

2021-11-19 17:22:42 - [MESSAGE][INFO] - Starting to call Test Case 'Test Cases/Popup/PopupaEmailEklenir'

2021-11-19 17:22:42 - [TEST_CASE][PASSED] - Test Cases/Popup/PopupaEmailEklenir: Test Cases/Popup/PopupaEmailEklenir

2021-11-19 17:22:42 - [TEST_STEP][PASSED] - clearText(findTestObject("Popup/EmailText")): Text of object 'Object Repository/Popup/EmailText' is cleared

2021-11-19 17:22:42 - [MESSAGE][INFO] - Finding Test Object 'Object Repository/Popup/EmailText'

2021-11-19 17:22:42 - [MESSAGE][INFO] - Checking object

2021-11-19 17:22:42 - [MESSAGE][INFO] - Finding web element from Test Object's properties

2021-11-19 17:22:42 - [MESSAGE][INFO] - Checking timeout

2021-11-19 17:22:42 - [MESSAGE][INFO] - Finding web element with id: 'Object Repository/Popup/EmailText' located by 'By.xpath: //*[@id="eMails"]' in '30' second(s)

2021-11-19 17:22:42 - [MESSAGE][INFO] - Smart Wait Function is triggered

2021-11-19 17:22:43 - [MESSAGE][INFO] - Found 1 web elements with id: 'Object Repository/Popup/EmailText' located by 'By.xpath: //*[@id="eMails"]' in '30' second(s)

2021-11-19 17:22:43 - [MESSAGE][INFO] - Clearing text of object 'Object Repository/Popup/EmailText'

2021-11-19 17:22:43 - [MESSAGE][PASSED] - Text of object 'Object Repository/Popup/EmailText' is cleared

2021-11-19 17:22:43 - [TEST_STEP][PASSED] - sendKeys(findTestObject("Popup/EmailText"), Email): Keys 'elogotest@gmail.com;ali.kara@logo.com.tr' sent to object: 'Object Repository/Popup/EmailText'

2021-11-19 17:22:43 - [MESSAGE][INFO] - Finding Test Object 'Object Repository/Popup/EmailText'

2021-11-19 17:22:43 - [MESSAGE][INFO] - Sending keys 'elogotest@gmail.com;ali.kara@logo.com.tr' to object: 'Object Repository/Popup/EmailText'

2021-11-19 17:22:43 - [MESSAGE][INFO] - Finding web element from Test Object's properties

2021-11-19 17:22:43 - [MESSAGE][INFO] - Checking timeout

2021-11-19 17:22:43 - [MESSAGE][INFO] - Finding web element with id: 'Object Repository/Popup/EmailText' located by 'By.xpath: //*[@id="eMails"]' in '30' second(s)

2021-11-19 17:22:43 - [MESSAGE][INFO] - Smart Wait Function is triggered

2021-11-19 17:22:43 - [MESSAGE][INFO] - Found 1 web elements with id: 'Object Repository/Popup/EmailText' located by 'By.xpath: //*[@id="eMails"]' in '30' second(s)

2021-11-19 17:22:44 - [MESSAGE][PASSED] - Keys 'elogotest@gmail.com;ali.kara@logo.com.tr' sent to object: 'Object Repository/Popup/EmailText'

2021-11-19 17:22:44 - [MESSAGE][PASSED] - Call Test Case 'Test Cases/Popup/PopupaEmailEklenir' successfully

2021-11-19 17:22:44 - [MESSAGE][INFO] - Checking called Test Case

2021-11-19 17:22:44 - [MESSAGE][INFO] - Starting to call Test Case 'Test Cases/Popup/PopupButonSecilir'

2021-11-19 17:22:44 - [TEST_CASE][PASSED] - Test Cases/Popup/PopupButonSecilir: Test Cases/Popup/PopupButonSecilir

2021-11-19 17:22:44 - [TEST_STEP][PASSED] - Method.TextDegerineEsitElementeTikla(findTestObject("Popup/Popup_Butons"), Buton): Method.TextDegerineEsitElementeTikla is PASSED

2021-11-19 17:22:44 - [MESSAGE][INFO] - Finding Test Object 'Object Repository/Popup/Popup_Butons'

2021-11-19 17:22:44 - [MESSAGE][INFO] - Checking timeout

2021-11-19 17:22:44 - [MESSAGE][INFO] - Finding web element with id: 'Object Repository/Popup/Popup_Butons' located by 'By.cssSelector: .modal-footer>button' in '10' second(s)

2021-11-19 17:22:44 - [MESSAGE][INFO] - Smart Wait Function is triggered

2021-11-19 17:22:44 - [MESSAGE][INFO] - Found 2 web elements with id: 'Object Repository/Popup/Popup_Butons' located by 'By.cssSelector: .modal-footer>button' in '10' second(s)

2021-11-19 17:22:44 - [MESSAGE][PASSED] - Method.TextDegerineEsitElementeTikla is PASSED

2021-11-19 17:22:44 - [MESSAGE][PASSED] - Call Test Case 'Test Cases/Popup/PopupButonSecilir' successfully

2021-11-19 17:22:44 - [MESSAGE][INFO] - Checking called Test Case

2021-11-19 17:22:44 - [MESSAGE][INFO] - Starting to call Test Case 'Test Cases/Popup/PopupMesajiIceriyorMu'

2021-11-19 17:22:44 - [TEST_CASE][PASSED] - Test Cases/Popup/PopupMesajiIceriyorMu: Test Cases/Popup/PopupMesajiIceriyorMu

2021-11-19 17:22:44 - [TEST_STEP][PASSED] - waitForElementVisible(findTestObject("Popup/Popup"), 10): Object 'Object Repository/Popup/Popup' is visible

2021-11-19 17:22:44 - [MESSAGE][INFO] - Finding Test Object 'Object Repository/Popup/Popup'

2021-11-19 17:22:45 - [MESSAGE][INFO] - Checking object

2021-11-19 17:22:45 - [MESSAGE][INFO] - Checking timeout

2021-11-19 17:22:45 - [MESSAGE][INFO] - Finding web element from Test Object's properties

2021-11-19 17:22:45 - [MESSAGE][INFO] - Checking timeout

2021-11-19 17:22:45 - [MESSAGE][INFO] - Finding web element with id: 'Object Repository/Popup/Popup' located by 'By.cssSelector: .bootbox-body' in '10' second(s)

2021-11-19 17:22:45 - [MESSAGE][INFO] - Smart Wait Function is triggered

2021-11-19 17:22:45 - [MESSAGE][INFO] - Found 1 web elements with id: 'Object Repository/Popup/Popup' located by 'By.cssSelector: .bootbox-body' in '10' second(s)

2021-11-19 17:22:45 - [MESSAGE][PASSED] - Object 'Object Repository/Popup/Popup' is visible

2021-11-19 17:22:45 - [TEST_STEP][PASSED] - if (!(getText(findTestObject("Popup/Popup")).contains(Mesaj))): Text of object 'Object Repository/Popup/Popup' is: '17498 no’lu talebiniz işleme alınmıştır. Raporunuz hazırlandığında (elogotest@gmail.com;ali.kara@logo.com.tr) adresinize mail gönderilecektir.
Rapor durumunuzu Raporlar > Toplu Veri İndirme ekranından takip edebilir, hazırlandı durumundaki raporlarınızı ilgili menüden indirebilirsiniz.'

2021-11-19 17:22:45 - [MESSAGE][INFO] - Finding Test Object 'Object Repository/Popup/Popup'

2021-11-19 17:22:45 - [MESSAGE][INFO] - Checking object

2021-11-19 17:22:45 - [MESSAGE][INFO] - Finding web element from Test Object's properties

2021-11-19 17:22:45 - [MESSAGE][INFO] - Checking timeout

2021-11-19 17:22:45 - [MESSAGE][INFO] - Finding web element with id: 'Object Repository/Popup/Popup' located by 'By.cssSelector: .bootbox-body' in '30' second(s)

2021-11-19 17:22:45 - [MESSAGE][INFO] - Smart Wait Function is triggered

2021-11-19 17:22:45 - [MESSAGE][INFO] - Found 1 web elements with id: 'Object Repository/Popup/Popup' located by 'By.cssSelector: .bootbox-body' in '30' second(s)

2021-11-19 17:22:45 - [MESSAGE][INFO] - Getting text of object 'Object Repository/Popup/Popup'

2021-11-19 17:22:45 - [MESSAGE][PASSED] - Text of object 'Object Repository/Popup/Popup' is: '17498 no’lu talebiniz işleme alınmıştır. Raporunuz hazırlandığında (elogotest@gmail.com;ali.kara@logo.com.tr) adresinize mail gönderilecektir.
Rapor durumunuzu Raporlar > Toplu Veri İndirme ekranından takip edebilir, hazırlandı durumundaki raporlarınızı ilgili menüden indirebilirsiniz.'

2021-11-19 17:22:45 - [TEST_STEP][PASSED] - RaporNo = getText(findTestObject("Popup/Popup")).substring(0, 6): Text of object 'Object Repository/Popup/Popup' is: '17498 no’lu talebiniz işleme alınmıştır. Raporunuz hazırlandığında (elogotest@gmail.com;ali.kara@logo.com.tr) adresinize mail gönderilecektir.
Rapor durumunuzu Raporlar > Toplu Veri İndirme ekranından takip edebilir, hazırlandı durumundaki raporlarınızı ilgili menüden indirebilirsiniz.'

2021-11-19 17:22:45 - [MESSAGE][INFO] - Finding Test Object 'Object Repository/Popup/Popup'

2021-11-19 17:22:46 - [MESSAGE][INFO] - Checking object

2021-11-19 17:22:46 - [MESSAGE][INFO] - Finding web element from Test Object's properties

2021-11-19 17:22:46 - [MESSAGE][INFO] - Checking timeout

2021-11-19 17:22:46 - [MESSAGE][INFO] - Finding web element with id: 'Object Repository/Popup/Popup' located by 'By.cssSelector: .bootbox-body' in '30' second(s)

2021-11-19 17:22:46 - [MESSAGE][INFO] - Smart Wait Function is triggered

2021-11-19 17:22:46 - [MESSAGE][INFO] - Found 1 web elements with id: 'Object Repository/Popup/Popup' located by 'By.cssSelector: .bootbox-body' in '30' second(s)

2021-11-19 17:22:46 - [MESSAGE][INFO] - Getting text of object 'Object Repository/Popup/Popup'

2021-11-19 17:22:46 - [MESSAGE][PASSED] - Text of object 'Object Repository/Popup/Popup' is: '17498 no’lu talebiniz işleme alınmıştır. Raporunuz hazırlandığında (elogotest@gmail.com;ali.kara@logo.com.tr) adresinize mail gönderilecektir.
Rapor durumunuzu Raporlar > Toplu Veri İndirme ekranından takip edebilir, hazırlandı durumundaki raporlarınızı ilgili menüden indirebilirsiniz.'

2021-11-19 17:22:46 - [TEST_STEP][PASSED] - Console.println(RaporNo): null

2021-11-19 17:22:46 - [MESSAGE][PASSED] - Call Test Case 'Test Cases/Popup/PopupMesajiIceriyorMu' successfully

2021-11-19 17:22:46 - [MESSAGE][INFO] - Checking called Test Case

2021-11-19 17:22:46 - [MESSAGE][INFO] - Starting to call Test Case 'Test Cases/Popup/PopupButonSecilir'

2021-11-19 17:22:46 - [TEST_CASE][PASSED] - Test Cases/Popup/PopupButonSecilir: Test Cases/Popup/PopupButonSecilir

2021-11-19 17:22:46 - [TEST_STEP][PASSED] - Method.TextDegerineEsitElementeTikla(findTestObject("Popup/Popup_Butons"), Buton): Method.TextDegerineEsitElementeTikla is PASSED

2021-11-19 17:22:46 - [MESSAGE][INFO] - Finding Test Object 'Object Repository/Popup/Popup_Butons'

2021-11-19 17:22:46 - [MESSAGE][INFO] - Checking timeout

2021-11-19 17:22:46 - [MESSAGE][INFO] - Finding web element with id: 'Object Repository/Popup/Popup_Butons' located by 'By.cssSelector: .modal-footer>button' in '10' second(s)

2021-11-19 17:22:46 - [MESSAGE][INFO] - Smart Wait Function is triggered

2021-11-19 17:22:46 - [MESSAGE][INFO] - Found 1 web elements with id: 'Object Repository/Popup/Popup_Butons' located by 'By.cssSelector: .modal-footer>button' in '10' second(s)

2021-11-19 17:22:46 - [MESSAGE][PASSED] - Method.TextDegerineEsitElementeTikla is PASSED

2021-11-19 17:22:46 - [MESSAGE][PASSED] - Call Test Case 'Test Cases/Popup/PopupButonSecilir' successfully

2021-11-19 17:22:46 - [MESSAGE][INFO] - Checking called Test Case

2021-11-19 17:22:46 - [MESSAGE][INFO] - Starting to call Test Case 'Test Cases/Filtreler/DropdownSec'

2021-11-19 17:22:46 - [TEST_CASE][PASSED] - Test Cases/Filtreler/DropdownSec: Test Cases/Filtreler/DropdownSec

2021-11-19 17:22:46 - [TEST_STEP][PASSED] - Method.TextDegerineEsitElementinAltindakineTikla(findTestObject("Filtreler/Basliklar"), findTestObject("Filtreler/Basliga_Gore_Baslangic_Image"), Filtre_Adi): Method.TextDegerineEsitElementinAltindakineTikla is PASSED

2021-11-19 17:22:46 - [MESSAGE][INFO] - Finding Test Object 'Object Repository/Filtreler/Basliklar'

2021-11-19 17:22:47 - [MESSAGE][INFO] - Finding Test Object 'Object Repository/Filtreler/Basliga_Gore_Baslangic_Image'

2021-11-19 17:22:47 - [MESSAGE][INFO] - Checking timeout

2021-11-19 17:22:47 - [MESSAGE][INFO] - Finding web element with id: 'Object Repository/Filtreler/Basliklar' located by 'By.cssSelector: .control-label.col-sm-4.paddingMarginRLC' in '10' second(s)

2021-11-19 17:22:47 - [MESSAGE][INFO] - Smart Wait Function is triggered

2021-11-19 17:22:47 - [MESSAGE][INFO] - Found 8 web elements with id: 'Object Repository/Filtreler/Basliklar' located by 'By.cssSelector: .control-label.col-sm-4.paddingMarginRLC' in '10' second(s)

2021-11-19 17:22:47 - [MESSAGE][INFO] - Smart Wait Function is triggered

2021-11-19 17:22:48 - [MESSAGE][PASSED] - Method.TextDegerineEsitElementinAltindakineTikla is PASSED

2021-11-19 17:22:48 - [TEST_STEP][PASSED] - Method.TextDegerineEsitElementeTikla(findTestObject("Object Repository/Filtreler/Basliga_Gore_Dropdown"), Filtre_Degeri): Method.TextDegerineEsitElementeTikla is PASSED

2021-11-19 17:22:48 - [MESSAGE][INFO] - Finding Test Object 'Object Repository/Filtreler/Basliga_Gore_Dropdown'

2021-11-19 17:22:48 - [MESSAGE][INFO] - Checking timeout

2021-11-19 17:22:48 - [MESSAGE][INFO] - Finding web element with id: 'Object Repository/Filtreler/Basliga_Gore_Dropdown' located by 'By.xpath: //*[@class = 'dxeListBoxItemRow_LECustomTheme']' in '10' second(s)

2021-11-19 17:22:48 - [MESSAGE][INFO] - Smart Wait Function is triggered

2021-11-19 17:22:48 - [MESSAGE][INFO] - Found 10 web elements with id: 'Object Repository/Filtreler/Basliga_Gore_Dropdown' located by 'By.xpath: //*[@class = 'dxeListBoxItemRow_LECustomTheme']' in '10' second(s)

2021-11-19 17:22:48 - [MESSAGE][PASSED] - Method.TextDegerineEsitElementeTikla is PASSED

2021-11-19 17:22:48 - [MESSAGE][PASSED] - Call Test Case 'Test Cases/Filtreler/DropdownSec' successfully

2021-11-19 17:22:48 - [MESSAGE][INFO] - Checking called Test Case

2021-11-19 17:22:48 - [MESSAGE][INFO] - Starting to call Test Case 'Test Cases/Filtreler/ButonaTikla'

2021-11-19 17:22:48 - [TEST_CASE][PASSED] - Test Cases/Filtreler/ButonaTikla: Test Cases/Filtreler/ButonaTikla

2021-11-19 17:22:48 - [TEST_STEP][PASSED] - Method.TextDegerineEsitElementeTikla(findTestObject("Filtreler/Butonlar"), Filtre_Buton): Method.TextDegerineEsitElementeTikla is PASSED

2021-11-19 17:22:48 - [MESSAGE][INFO] - Finding Test Object 'Object Repository/Filtreler/Butonlar'

2021-11-19 17:22:48 - [MESSAGE][INFO] - Checking timeout

2021-11-19 17:22:48 - [MESSAGE][INFO] - Finding web element with id: 'Object Repository/Filtreler/Butonlar' located by 'By.cssSelector: .dxb>span' in '10' second(s)

2021-11-19 17:22:48 - [MESSAGE][INFO] - Smart Wait Function is triggered

2021-11-19 17:22:49 - [MESSAGE][INFO] - Found 3 web elements with id: 'Object Repository/Filtreler/Butonlar' located by 'By.cssSelector: .dxb>span' in '10' second(s)

2021-11-19 17:22:49 - [MESSAGE][PASSED] - Method.TextDegerineEsitElementeTikla is PASSED

2021-11-19 17:22:49 - [MESSAGE][PASSED] - Call Test Case 'Test Cases/Filtreler/ButonaTikla' successfully

2021-11-19 17:22:49 - [MESSAGE][INFO] - Checking called Test Case

2021-11-19 17:22:49 - [MESSAGE][INFO] - Starting to call Test Case 'Test Cases/Tablo/TablodaVeriVarMi'

2021-11-19 17:22:49 - [TEST_CASE][PASSED] - Test Cases/Tablo/TablodaVeriVarMi: Test Cases/Tablo/TablodaVeriVarMi

2021-11-19 17:22:49 - [TEST_STEP][PASSED] - verifyTextNotPresent("Görüntülenecek veri yok", true): Text 'Görüntülenecek veri yok' is not present on page using regular expression

2021-11-19 17:22:49 - [MESSAGE][INFO] - Checking text present  using regular expression

2021-11-19 17:22:49 - [MESSAGE][INFO] - Smart Wait Function is triggered

2021-11-19 17:22:50 - [MESSAGE][INFO] - Finding text 'Görüntülenecek veri yok' on page  using regular expression

2021-11-19 17:22:50 - [MESSAGE][PASSED] - Text 'Görüntülenecek veri yok' is not present on page using regular expression

2021-11-19 17:22:50 - [MESSAGE][PASSED] - Call Test Case 'Test Cases/Tablo/TablodaVeriVarMi' successfully

2021-11-19 17:22:50 - [MESSAGE][INFO] - Checking called Test Case

2021-11-19 17:22:50 - [MESSAGE][INFO] - Starting to call Test Case 'Test Cases/Tablo/TablonunButonunaTikla'

2021-11-19 17:22:50 - [TEST_CASE][PASSED] - Test Cases/Tablo/TablonunButonunaTikla: Test Cases/Tablo/TablonunButonunaTikla

2021-11-19 17:22:50 - [TEST_STEP][PASSED] - Method.TextDegerineEsitElementinAltindakiTextDegerineEsitOlanaTikla(findTestObject("Tablo/Veriler"), findTestObject("Tablo/VerininButonu"), Veri, Buton_Adi): Method.TextDegerineEsitElementinAltindakiTextDegerineEsitOlanaTikla is PASSED

2021-11-19 17:22:50 - [MESSAGE][INFO] - Finding Test Object 'Object Repository/Tablo/Veriler'

2021-11-19 17:22:50 - [MESSAGE][INFO] - Finding Test Object 'Object Repository/Tablo/VerininButonu'

2021-11-19 17:22:50 - [MESSAGE][INFO] - Checking timeout

2021-11-19 17:22:50 - [MESSAGE][INFO] - Finding web element with id: 'Object Repository/Tablo/Veriler' located by 'By.cssSelector: td.dxgv b ,td.dxgv' in '10' second(s)

2021-11-19 17:22:50 - [MESSAGE][INFO] - Smart Wait Function is triggered

2021-11-19 17:22:50 - [MESSAGE][INFO] - Found 110 web elements with id: 'Object Repository/Tablo/Veriler' located by 'By.cssSelector: td.dxgv b ,td.dxgv' in '10' second(s)

2021-11-19 17:22:50 - [MESSAGE][INFO] - Smart Wait Function is triggered

2021-11-19 17:22:51 - [MESSAGE][PASSED] - Method.TextDegerineEsitElementinAltindakiTextDegerineEsitOlanaTikla is PASSED

2021-11-19 17:22:51 - [MESSAGE][PASSED] - Call Test Case 'Test Cases/Tablo/TablonunButonunaTikla' successfully

2021-11-19 17:22:51 - [MESSAGE][INFO] - Checking called Test Case

2021-11-19 17:22:51 - [MESSAGE][INFO] - Starting to call Test Case 'Test Cases/Sekmeler/YeniSekmeyeGec'

2021-11-19 17:22:51 - [TEST_CASE][PASSED] - Test Cases/Sekmeler/YeniSekmeyeGec: Test Cases/Sekmeler/YeniSekmeyeGec

2021-11-19 17:22:51 - [TEST_STEP][PASSED] - switchToWindowIndex(1): Switched to window with index: '1'

2021-11-19 17:22:51 - [MESSAGE][INFO] - Checking index

2021-11-19 17:22:51 - [MESSAGE][INFO] - Switching window with index: '1'

2021-11-19 17:22:51 - [MESSAGE][PASSED] - Switched to window with index: '1'

2021-11-19 17:22:51 - [MESSAGE][PASSED] - Call Test Case 'Test Cases/Sekmeler/YeniSekmeyeGec' successfully

2021-11-19 17:22:51 - [MESSAGE][INFO] - Checking called Test Case

2021-11-19 17:22:51 - [MESSAGE][INFO] - Starting to call Test Case 'Test Cases/Tablo/TablodaVeriVarMi'

2021-11-19 17:22:51 - [TEST_CASE][PASSED] - Test Cases/Tablo/TablodaVeriVarMi: Test Cases/Tablo/TablodaVeriVarMi

2021-11-19 17:22:51 - [TEST_STEP][PASSED] - verifyTextNotPresent("Görüntülenecek veri yok", true): Text 'Görüntülenecek veri yok' is not present on page using regular expression

2021-11-19 17:22:51 - [MESSAGE][INFO] - Checking text present  using regular expression

2021-11-19 17:22:51 - [MESSAGE][INFO] - Smart Wait Function is triggered

2021-11-19 17:22:52 - [MESSAGE][INFO] - Finding text 'Görüntülenecek veri yok' on page  using regular expression

2021-11-19 17:22:52 - [MESSAGE][PASSED] - Text 'Görüntülenecek veri yok' is not present on page using regular expression

2021-11-19 17:22:52 - [MESSAGE][PASSED] - Call Test Case 'Test Cases/Tablo/TablodaVeriVarMi' successfully

2021-11-19 17:22:52 - [MESSAGE][INFO] - Checking called Test Case

2021-11-19 17:22:52 - [MESSAGE][INFO] - Starting to call Test Case 'Test Cases/Sekmeler/Ana_Sekmeye_Gec'

2021-11-19 17:22:52 - [TEST_CASE][PASSED] - Test Cases/Sekmeler/Ana_Sekmeye_Gec: Test Cases/Sekmeler/Ana_Sekmeye_Gec

2021-11-19 17:22:52 - [TEST_STEP][PASSED] - try: Window with index 1 is closed

2021-11-19 17:22:52 - [TEST_STEP][PASSED] - index = getWindowIndex(): Current window's index is: 1

2021-11-19 17:22:52 - [MESSAGE][INFO] - Getting current window's index

2021-11-19 17:22:52 - [MESSAGE][PASSED] - Current window's index is: 1

2021-11-19 17:22:52 - [TEST_STEP][PASSED] - closeWindowIndex(index): Window with index 1 is closed

2021-11-19 17:22:52 - [MESSAGE][INFO] - Checking index

2021-11-19 17:22:52 - [MESSAGE][INFO] - Closing window with index 1

2021-11-19 17:22:52 - [MESSAGE][PASSED] - Window with index 1 is closed

2021-11-19 17:22:52 - [TEST_STEP][PASSED] - switchToWindowIndex(0): Switched to window with index: '0'

2021-11-19 17:22:52 - [MESSAGE][INFO] - Checking index

2021-11-19 17:22:52 - [MESSAGE][INFO] - Switching window with index: '0'

2021-11-19 17:22:52 - [MESSAGE][PASSED] - Switched to window with index: '0'

2021-11-19 17:22:52 - [MESSAGE][PASSED] - Call Test Case 'Test Cases/Sekmeler/Ana_Sekmeye_Gec' successfully

2021-11-19 17:22:52 - [MESSAGE][INFO] - Checking called Test Case

2021-11-19 17:22:52 - [MESSAGE][INFO] - Starting to call Test Case 'Test Cases/Tablo/TablodaVeriVarMi'

2021-11-19 17:22:53 - [TEST_CASE][PASSED] - Test Cases/Tablo/TablodaVeriVarMi: Test Cases/Tablo/TablodaVeriVarMi

2021-11-19 17:22:53 - [TEST_STEP][PASSED] - verifyTextNotPresent("Görüntülenecek veri yok", true): Text 'Görüntülenecek veri yok' is not present on page using regular expression

2021-11-19 17:22:53 - [MESSAGE][INFO] - Checking text present  using regular expression

2021-11-19 17:22:53 - [MESSAGE][INFO] - Smart Wait Function is triggered

2021-11-19 17:22:53 - [MESSAGE][INFO] - Finding text 'Görüntülenecek veri yok' on page  using regular expression

2021-11-19 17:22:53 - [MESSAGE][PASSED] - Text 'Görüntülenecek veri yok' is not present on page using regular expression

2021-11-19 17:22:53 - [MESSAGE][PASSED] - Call Test Case 'Test Cases/Tablo/TablodaVeriVarMi' successfully

2021-11-19 17:22:53 - [MESSAGE][INFO] - Checking called Test Case

2021-11-19 17:22:53 - [MESSAGE][INFO] - Starting to call Test Case 'Test Cases/Tablo/TablodanVeriSec'

2021-11-19 17:22:53 - [TEST_CASE][PASSED] - Test Cases/Tablo/TablodanVeriSec: Test Cases/Tablo/TablodanVeriSec

2021-11-19 17:22:53 - [TEST_STEP][PASSED] - Method.TextDegerineEsitElementinAltindakineTikla(findTestObject("Tablo/Veriler"), findTestObject("Tablo/VerininCheckBoxi"), Veri_Adi): Method.TextDegerineEsitElementinAltindakineTikla is PASSED

2021-11-19 17:22:53 - [MESSAGE][INFO] - Finding Test Object 'Object Repository/Tablo/Veriler'

2021-11-19 17:22:53 - [MESSAGE][INFO] - Finding Test Object 'Object Repository/Tablo/VerininCheckBoxi'

2021-11-19 17:22:53 - [MESSAGE][INFO] - Checking timeout

2021-11-19 17:22:53 - [MESSAGE][INFO] - Finding web element with id: 'Object Repository/Tablo/Veriler' located by 'By.cssSelector: td.dxgv b ,td.dxgv' in '10' second(s)

2021-11-19 17:22:53 - [MESSAGE][INFO] - Smart Wait Function is triggered

2021-11-19 17:22:54 - [MESSAGE][INFO] - Found 110 web elements with id: 'Object Repository/Tablo/Veriler' located by 'By.cssSelector: td.dxgv b ,td.dxgv' in '10' second(s)

2021-11-19 17:22:54 - [MESSAGE][INFO] - Smart Wait Function is triggered

2021-11-19 17:22:54 - [MESSAGE][PASSED] - Method.TextDegerineEsitElementinAltindakineTikla is PASSED

2021-11-19 17:22:54 - [MESSAGE][PASSED] - Call Test Case 'Test Cases/Tablo/TablodanVeriSec' successfully

2021-11-19 17:22:54 - [MESSAGE][INFO] - Checking called Test Case

2021-11-19 17:22:54 - [MESSAGE][INFO] - Starting to call Test Case 'Test Cases/Butonlar/ButonaTikla'

2021-11-19 17:22:54 - [TEST_CASE][PASSED] - Test Cases/Butonlar/ButonaTikla: Test Cases/Butonlar/ButonaTikla

2021-11-19 17:22:54 - [TEST_STEP][PASSED] - Method.TextDegerineEsitElementeTiklaEquals(findTestObject("Butonlar/Butonlar"), Buton_Adi): Method.TextDegerineEsitElementeTiklaEquals is PASSED

2021-11-19 17:22:54 - [MESSAGE][INFO] - Finding Test Object 'Object Repository/Butonlar/Butonlar'

2021-11-19 17:22:54 - [MESSAGE][INFO] - Checking timeout

2021-11-19 17:22:54 - [MESSAGE][INFO] - Finding web element with id: 'Object Repository/Butonlar/Butonlar' located by 'By.cssSelector: .panel.panel-default.text-center.footerPanel .btn,.btn.btn-primary.btnControls' in '10' second(s)

2021-11-19 17:22:54 - [MESSAGE][INFO] - Smart Wait Function is triggered

2021-11-19 17:22:55 - [MESSAGE][INFO] - Found 6 web elements with id: 'Object Repository/Butonlar/Butonlar' located by 'By.cssSelector: .panel.panel-default.text-center.footerPanel .btn,.btn.btn-primary.btnControls' in '10' second(s)

2021-11-19 17:22:55 - [MESSAGE][PASSED] - Method.TextDegerineEsitElementeTiklaEquals is PASSED

2021-11-19 17:22:55 - [MESSAGE][PASSED] - Call Test Case 'Test Cases/Butonlar/ButonaTikla' successfully

2021-11-19 17:22:55 - [MESSAGE][INFO] - Checking called Test Case

2021-11-19 17:22:55 - [MESSAGE][INFO] - Starting to call Test Case 'Test Cases/Sekmeler/YeniSekmeyeGec'

2021-11-19 17:22:55 - [TEST_CASE][PASSED] - Test Cases/Sekmeler/YeniSekmeyeGec: Test Cases/Sekmeler/YeniSekmeyeGec

2021-11-19 17:22:55 - [TEST_STEP][PASSED] - switchToWindowIndex(1): Switched to window with index: '1'

2021-11-19 17:22:55 - [MESSAGE][INFO] - Checking index

2021-11-19 17:22:55 - [MESSAGE][INFO] - Switching window with index: '1'

2021-11-19 17:22:55 - [MESSAGE][PASSED] - Switched to window with index: '1'

2021-11-19 17:22:55 - [MESSAGE][PASSED] - Call Test Case 'Test Cases/Sekmeler/YeniSekmeyeGec' successfully

2021-11-19 17:22:55 - [MESSAGE][INFO] - Checking called Test Case

2021-11-19 17:22:55 - [MESSAGE][INFO] - Starting to call Test Case 'Test Cases/Sekmeler/TagGeldiMi'

2021-11-19 17:22:55 - [TEST_CASE][PASSED] - Test Cases/Sekmeler/TagGeldiMi: Test Cases/Sekmeler/TagGeldiMi

2021-11-19 17:22:55 - [TEST_STEP][PASSED] - waitForElementPresent(findTestObject("Object Repository/Sekmeler/UBLTag"), 10): Object 'Object Repository/Sekmeler/UBLTag' is present

2021-11-19 17:22:55 - [MESSAGE][INFO] - Finding Test Object 'Object Repository/Sekmeler/UBLTag'

2021-11-19 17:22:55 - [MESSAGE][INFO] - Checking object

2021-11-19 17:22:55 - [MESSAGE][INFO] - Finding web element from Test Object's properties

2021-11-19 17:22:55 - [MESSAGE][INFO] - Checking timeout

2021-11-19 17:22:55 - [MESSAGE][INFO] - Finding web element with id: 'Object Repository/Sekmeler/UBLTag' located by 'By.cssSelector: #webkit-xml-viewer-source-xml>:first-child' in '10' second(s)

2021-11-19 17:22:55 - [MESSAGE][INFO] - Smart Wait Function is triggered

2021-11-19 17:22:56 - [MESSAGE][INFO] - Found 1 web elements with id: 'Object Repository/Sekmeler/UBLTag' located by 'By.cssSelector: #webkit-xml-viewer-source-xml>:first-child' in '10' second(s)

2021-11-19 17:22:56 - [MESSAGE][PASSED] - Object 'Object Repository/Sekmeler/UBLTag' is present

2021-11-19 17:22:56 - [TEST_STEP][PASSED] - println(toLowerCase().toString()): Found 1 web elements with id: 'Object Repository/Sekmeler/UBLTag' located by 'By.cssSelector: #webkit-xml-viewer-source-xml>:first-child' in '10' second(s)

2021-11-19 17:22:56 - [MESSAGE][INFO] - Finding Test Object 'Object Repository/Sekmeler/UBLTag'

2021-11-19 17:22:56 - [MESSAGE][INFO] - Finding web element from Test Object's properties

2021-11-19 17:22:56 - [MESSAGE][INFO] - Checking timeout

2021-11-19 17:22:56 - [MESSAGE][INFO] - Finding web element with id: 'Object Repository/Sekmeler/UBLTag' located by 'By.cssSelector: #webkit-xml-viewer-source-xml>:first-child' in '10' second(s)

2021-11-19 17:22:56 - [MESSAGE][INFO] - Smart Wait Function is triggered

2021-11-19 17:22:56 - [MESSAGE][INFO] - Found 1 web elements with id: 'Object Repository/Sekmeler/UBLTag' located by 'By.cssSelector: #webkit-xml-viewer-source-xml>:first-child' in '10' second(s)

2021-11-19 17:22:56 - [TEST_STEP][PASSED] - if (!(toString().contains(toString().toLowerCase()))): Found 1 web elements with id: 'Object Repository/Sekmeler/UBLTag' located by 'By.cssSelector: #webkit-xml-viewer-source-xml>:first-child' in '10' second(s)

2021-11-19 17:22:56 - [MESSAGE][INFO] - Finding Test Object 'Object Repository/Sekmeler/UBLTag'

2021-11-19 17:22:56 - [MESSAGE][INFO] - Finding web element from Test Object's properties

2021-11-19 17:22:56 - [MESSAGE][INFO] - Checking timeout

2021-11-19 17:22:56 - [MESSAGE][INFO] - Finding web element with id: 'Object Repository/Sekmeler/UBLTag' located by 'By.cssSelector: #webkit-xml-viewer-source-xml>:first-child' in '10' second(s)

2021-11-19 17:22:56 - [MESSAGE][INFO] - Smart Wait Function is triggered

2021-11-19 17:22:56 - [MESSAGE][INFO] - Found 1 web elements with id: 'Object Repository/Sekmeler/UBLTag' located by 'By.cssSelector: #webkit-xml-viewer-source-xml>:first-child' in '10' second(s)

2021-11-19 17:22:56 - [MESSAGE][PASSED] - Call Test Case 'Test Cases/Sekmeler/TagGeldiMi' successfully

2021-11-19 17:22:56 - [MESSAGE][INFO] - Checking called Test Case

2021-11-19 17:22:56 - [MESSAGE][INFO] - Starting to call Test Case 'Test Cases/Sekmeler/Ana_Sekmeye_Gec'

2021-11-19 17:22:56 - [TEST_CASE][PASSED] - Test Cases/Sekmeler/Ana_Sekmeye_Gec: Test Cases/Sekmeler/Ana_Sekmeye_Gec

2021-11-19 17:22:56 - [TEST_STEP][PASSED] - try: Window with index 1 is closed

2021-11-19 17:22:56 - [TEST_STEP][PASSED] - index = getWindowIndex(): Current window's index is: 1

2021-11-19 17:22:56 - [MESSAGE][INFO] - Getting current window's index

2021-11-19 17:22:56 - [MESSAGE][PASSED] - Current window's index is: 1

2021-11-19 17:22:56 - [TEST_STEP][PASSED] - closeWindowIndex(index): Window with index 1 is closed

2021-11-19 17:22:56 - [MESSAGE][INFO] - Checking index

2021-11-19 17:22:56 - [MESSAGE][INFO] - Closing window with index 1

2021-11-19 17:22:56 - [MESSAGE][PASSED] - Window with index 1 is closed

2021-11-19 17:22:56 - [TEST_STEP][PASSED] - switchToWindowIndex(0): Switched to window with index: '0'

2021-11-19 17:22:56 - [MESSAGE][INFO] - Checking index

2021-11-19 17:22:56 - [MESSAGE][INFO] - Switching window with index: '0'

2021-11-19 17:22:56 - [MESSAGE][PASSED] - Switched to window with index: '0'

2021-11-19 17:22:56 - [MESSAGE][PASSED] - Call Test Case 'Test Cases/Sekmeler/Ana_Sekmeye_Gec' successfully

2021-11-19 17:22:56 - [MESSAGE][INFO] - Checking called Test Case

2021-11-19 17:22:56 - [MESSAGE][INFO] - Starting to call Test Case 'Test Cases/Butonlar/ButonaTikla'

2021-11-19 17:22:57 - [TEST_CASE][PASSED] - Test Cases/Butonlar/ButonaTikla: Test Cases/Butonlar/ButonaTikla

2021-11-19 17:22:57 - [TEST_STEP][PASSED] - Method.TextDegerineEsitElementeTiklaEquals(findTestObject("Butonlar/Butonlar"), Buton_Adi): Method.TextDegerineEsitElementeTiklaEquals is PASSED

2021-11-19 17:22:57 - [MESSAGE][INFO] - Finding Test Object 'Object Repository/Butonlar/Butonlar'

2021-11-19 17:22:57 - [MESSAGE][INFO] - Checking timeout

2021-11-19 17:22:57 - [MESSAGE][INFO] - Finding web element with id: 'Object Repository/Butonlar/Butonlar' located by 'By.cssSelector: .panel.panel-default.text-center.footerPanel .btn,.btn.btn-primary.btnControls' in '10' second(s)

2021-11-19 17:22:57 - [MESSAGE][INFO] - Smart Wait Function is triggered

2021-11-19 17:22:57 - [MESSAGE][INFO] - Found 6 web elements with id: 'Object Repository/Butonlar/Butonlar' located by 'By.cssSelector: .panel.panel-default.text-center.footerPanel .btn,.btn.btn-primary.btnControls' in '10' second(s)

2021-11-19 17:22:57 - [MESSAGE][PASSED] - Method.TextDegerineEsitElementeTiklaEquals is PASSED

2021-11-19 17:22:57 - [MESSAGE][PASSED] - Call Test Case 'Test Cases/Butonlar/ButonaTikla' successfully

2021-11-19 17:22:57 - [MESSAGE][INFO] - Checking called Test Case

2021-11-19 17:22:57 - [MESSAGE][INFO] - Starting to call Test Case 'Test Cases/Popup/PopupBasligiIceriyorMu'

2021-11-19 17:22:57 - [TEST_CASE][PASSED] - Test Cases/Popup/PopupBasligiIceriyorMu: Test Cases/Popup/PopupBasligiIceriyorMu

2021-11-19 17:22:57 - [TEST_STEP][PASSED] - verifyElementText(findTestObject("Object Repository/Popup/PopupBaslikIceriyorMu"), Name): Actual text and expected text of test object 'Object Repository/Popup/PopupBaslikIceriyorMu' are matched.

2021-11-19 17:22:57 - [MESSAGE][INFO] - Finding Test Object 'Object Repository/Popup/PopupBaslikIceriyorMu'

2021-11-19 17:22:57 - [MESSAGE][INFO] - Checking object

2021-11-19 17:22:57 - [MESSAGE][INFO] - Finding web element from Test Object's properties

2021-11-19 17:22:57 - [MESSAGE][INFO] - Checking timeout

2021-11-19 17:22:57 - [MESSAGE][INFO] - Finding web element with id: 'Object Repository/Popup/PopupBaslikIceriyorMu' located by 'By.xpath: //*[@id = 'modalTitle']' in '30' second(s)

2021-11-19 17:22:57 - [MESSAGE][INFO] - Smart Wait Function is triggered

2021-11-19 17:22:58 - [MESSAGE][INFO] - Found 1 web elements with id: 'Object Repository/Popup/PopupBaslikIceriyorMu' located by 'By.xpath: //*[@id = 'modalTitle']' in '30' second(s)

2021-11-19 17:22:58 - [MESSAGE][PASSED] - Actual text and expected text of test object 'Object Repository/Popup/PopupBaslikIceriyorMu' are matched.

2021-11-19 17:22:58 - [MESSAGE][PASSED] - Call Test Case 'Test Cases/Popup/PopupBasligiIceriyorMu' successfully

2021-11-19 17:22:58 - [MESSAGE][INFO] - Checking called Test Case

2021-11-19 17:22:58 - [MESSAGE][INFO] - Starting to call Test Case 'Test Cases/Popup/PopupKapatilir'

2021-11-19 17:22:58 - [TEST_CASE][PASSED] - Test Cases/Popup/PopupKapatilir: Test Cases/Popup/PopupKapatilir

2021-11-19 17:22:58 - [TEST_STEP][PASSED] - waitForElementClickable(findTestObject("Popup/Kapat"), 10): Object 'Object Repository/Popup/Kapat' is clickable

2021-11-19 17:22:58 - [MESSAGE][INFO] - Finding Test Object 'Object Repository/Popup/Kapat'

2021-11-19 17:22:58 - [MESSAGE][INFO] - Checking object

2021-11-19 17:22:58 - [MESSAGE][INFO] - Checking timeout

2021-11-19 17:22:58 - [MESSAGE][INFO] - Finding web element from Test Object's properties

2021-11-19 17:22:58 - [MESSAGE][INFO] - Checking timeout

2021-11-19 17:22:58 - [MESSAGE][INFO] - Finding web element with id: 'Object Repository/Popup/Kapat' located by 'By.cssSelector: .bootbox-close-button.close' in '10' second(s)

2021-11-19 17:22:58 - [MESSAGE][INFO] - Smart Wait Function is triggered

2021-11-19 17:22:59 - [MESSAGE][INFO] - Found 1 web elements with id: 'Object Repository/Popup/Kapat' located by 'By.cssSelector: .bootbox-close-button.close' in '10' second(s)

2021-11-19 17:22:59 - [MESSAGE][PASSED] - Object 'Object Repository/Popup/Kapat' is clickable

2021-11-19 17:22:59 - [TEST_STEP][PASSED] - click(findTestObject("Popup/Kapat")): Object: 'Object Repository/Popup/Kapat' is clicked on

2021-11-19 17:22:59 - [MESSAGE][INFO] - Finding Test Object 'Object Repository/Popup/Kapat'

2021-11-19 17:22:59 - [MESSAGE][INFO] - Checking object

2021-11-19 17:22:59 - [MESSAGE][INFO] - Finding web element from Test Object's properties

2021-11-19 17:22:59 - [MESSAGE][INFO] - Checking timeout

2021-11-19 17:22:59 - [MESSAGE][INFO] - Finding web element with id: 'Object Repository/Popup/Kapat' located by 'By.cssSelector: .bootbox-close-button.close' in '30' second(s)

2021-11-19 17:22:59 - [MESSAGE][INFO] - Smart Wait Function is triggered

2021-11-19 17:22:59 - [MESSAGE][INFO] - Found 1 web elements with id: 'Object Repository/Popup/Kapat' located by 'By.cssSelector: .bootbox-close-button.close' in '30' second(s)

2021-11-19 17:22:59 - [MESSAGE][INFO] - Clicking on object: 'Object Repository/Popup/Kapat'

2021-11-19 17:22:59 - [MESSAGE][PASSED] - Object: 'Object Repository/Popup/Kapat' is clicked on

2021-11-19 17:22:59 - [MESSAGE][PASSED] - Call Test Case 'Test Cases/Popup/PopupKapatilir' successfully

2021-11-19 17:22:59 - [MESSAGE][INFO] - Checking called Test Case

2021-11-19 17:22:59 - [MESSAGE][INFO] - Starting to call Test Case 'Test Cases/Butonlar/ButonaTikla'

2021-11-19 17:22:59 - [TEST_CASE][PASSED] - Test Cases/Butonlar/ButonaTikla: Test Cases/Butonlar/ButonaTikla

2021-11-19 17:22:59 - [TEST_STEP][PASSED] - Method.TextDegerineEsitElementeTiklaEquals(findTestObject("Butonlar/Butonlar"), Buton_Adi): Method.TextDegerineEsitElementeTiklaEquals is PASSED

2021-11-19 17:22:59 - [MESSAGE][INFO] - Finding Test Object 'Object Repository/Butonlar/Butonlar'

2021-11-19 17:22:59 - [MESSAGE][INFO] - Checking timeout

2021-11-19 17:22:59 - [MESSAGE][INFO] - Finding web element with id: 'Object Repository/Butonlar/Butonlar' located by 'By.cssSelector: .panel.panel-default.text-center.footerPanel .btn,.btn.btn-primary.btnControls' in '10' second(s)

2021-11-19 17:22:59 - [MESSAGE][INFO] - Smart Wait Function is triggered

2021-11-19 17:23:00 - [MESSAGE][INFO] - Found 6 web elements with id: 'Object Repository/Butonlar/Butonlar' located by 'By.cssSelector: .panel.panel-default.text-center.footerPanel .btn,.btn.btn-primary.btnControls' in '10' second(s)

2021-11-19 17:23:00 - [MESSAGE][PASSED] - Method.TextDegerineEsitElementeTiklaEquals is PASSED

2021-11-19 17:23:00 - [MESSAGE][PASSED] - Call Test Case 'Test Cases/Butonlar/ButonaTikla' successfully

2021-11-19 17:23:00 - [MESSAGE][INFO] - Checking called Test Case

2021-11-19 17:23:00 - [MESSAGE][INFO] - Starting to call Test Case 'Test Cases/Sekmeler/YeniSekmeyeGec'

2021-11-19 17:23:00 - [TEST_CASE][PASSED] - Test Cases/Sekmeler/YeniSekmeyeGec: Test Cases/Sekmeler/YeniSekmeyeGec

2021-11-19 17:23:00 - [TEST_STEP][PASSED] - switchToWindowIndex(1): Switched to window with index: '1'

2021-11-19 17:23:00 - [MESSAGE][INFO] - Checking index

2021-11-19 17:23:00 - [MESSAGE][INFO] - Switching window with index: '1'

2021-11-19 17:23:00 - [MESSAGE][PASSED] - Switched to window with index: '1'

2021-11-19 17:23:00 - [MESSAGE][PASSED] - Call Test Case 'Test Cases/Sekmeler/YeniSekmeyeGec' successfully

2021-11-19 17:23:00 - [MESSAGE][INFO] - Checking called Test Case

2021-11-19 17:23:00 - [MESSAGE][INFO] - Starting to call Test Case 'Test Cases/Sekmeler/GecmisGeldiMi'

2021-11-19 17:23:00 - [TEST_CASE][PASSED] - Test Cases/Sekmeler/GecmisGeldiMi: Test Cases/Sekmeler/GecmisGeldiMi

2021-11-19 17:23:00 - [TEST_STEP][PASSED] - waitForElementVisible(findTestObject("Object Repository/Sekmeler/GecmisBaslik"), 10): Object 'Object Repository/Sekmeler/GecmisBaslik' is visible

2021-11-19 17:23:00 - [MESSAGE][INFO] - Finding Test Object 'Object Repository/Sekmeler/GecmisBaslik'

2021-11-19 17:23:01 - [MESSAGE][INFO] - Checking object

2021-11-19 17:23:01 - [MESSAGE][INFO] - Checking timeout

2021-11-19 17:23:01 - [MESSAGE][INFO] - Finding web element from Test Object's properties

2021-11-19 17:23:01 - [MESSAGE][INFO] - Checking timeout

2021-11-19 17:23:01 - [MESSAGE][INFO] - Finding web element with id: 'Object Repository/Sekmeler/GecmisBaslik' located by 'By.cssSelector: .dxnb-ghtext.dx-vam' in '10' second(s)

2021-11-19 17:23:01 - [MESSAGE][INFO] - Smart Wait Function is triggered

2021-11-19 17:23:07 - [MESSAGE][INFO] - Found 1 web elements with id: 'Object Repository/Sekmeler/GecmisBaslik' located by 'By.cssSelector: .dxnb-ghtext.dx-vam' in '10' second(s)

2021-11-19 17:23:07 - [MESSAGE][PASSED] - Object 'Object Repository/Sekmeler/GecmisBaslik' is visible

2021-11-19 17:23:07 - [TEST_STEP][PASSED] - if (!(getText(findTestObject("Object Repository/Sekmeler/GecmisBaslik")).contains(Baslik))): Text of object 'Object Repository/Sekmeler/GecmisBaslik' is: 'Zarf İzleme Kayıtları - 116114829'

2021-11-19 17:23:07 - [MESSAGE][INFO] - Finding Test Object 'Object Repository/Sekmeler/GecmisBaslik'

2021-11-19 17:23:08 - [MESSAGE][INFO] - Checking object

2021-11-19 17:23:08 - [MESSAGE][INFO] - Finding web element from Test Object's properties

2021-11-19 17:23:08 - [MESSAGE][INFO] - Checking timeout

2021-11-19 17:23:08 - [MESSAGE][INFO] - Finding web element with id: 'Object Repository/Sekmeler/GecmisBaslik' located by 'By.cssSelector: .dxnb-ghtext.dx-vam' in '30' second(s)

2021-11-19 17:23:08 - [MESSAGE][INFO] - Smart Wait Function is triggered

2021-11-19 17:23:08 - [MESSAGE][INFO] - Found 1 web elements with id: 'Object Repository/Sekmeler/GecmisBaslik' located by 'By.cssSelector: .dxnb-ghtext.dx-vam' in '30' second(s)

2021-11-19 17:23:08 - [MESSAGE][INFO] - Getting text of object 'Object Repository/Sekmeler/GecmisBaslik'

2021-11-19 17:23:08 - [MESSAGE][PASSED] - Text of object 'Object Repository/Sekmeler/GecmisBaslik' is: 'Zarf İzleme Kayıtları - 116114829'

2021-11-19 17:23:08 - [MESSAGE][PASSED] - Call Test Case 'Test Cases/Sekmeler/GecmisGeldiMi' successfully

2021-11-19 17:23:08 - [MESSAGE][INFO] - Checking called Test Case

2021-11-19 17:23:08 - [MESSAGE][INFO] - Starting to call Test Case 'Test Cases/Sekmeler/Ana_Sekmeye_Gec'

2021-11-19 17:23:08 - [TEST_CASE][PASSED] - Test Cases/Sekmeler/Ana_Sekmeye_Gec: Test Cases/Sekmeler/Ana_Sekmeye_Gec

2021-11-19 17:23:08 - [TEST_STEP][PASSED] - try: Window with index 1 is closed

2021-11-19 17:23:08 - [TEST_STEP][PASSED] - index = getWindowIndex(): Current window's index is: 1

2021-11-19 17:23:08 - [MESSAGE][INFO] - Getting current window's index

2021-11-19 17:23:08 - [MESSAGE][PASSED] - Current window's index is: 1

2021-11-19 17:23:08 - [TEST_STEP][PASSED] - closeWindowIndex(index): Window with index 1 is closed

2021-11-19 17:23:08 - [MESSAGE][INFO] - Checking index

2021-11-19 17:23:08 - [MESSAGE][INFO] - Closing window with index 1

2021-11-19 17:23:08 - [MESSAGE][PASSED] - Window with index 1 is closed

2021-11-19 17:23:08 - [TEST_STEP][PASSED] - switchToWindowIndex(0): Switched to window with index: '0'

2021-11-19 17:23:08 - [MESSAGE][INFO] - Checking index

2021-11-19 17:23:08 - [MESSAGE][INFO] - Switching window with index: '0'

2021-11-19 17:23:08 - [MESSAGE][PASSED] - Switched to window with index: '0'

2021-11-19 17:23:08 - [MESSAGE][PASSED] - Call Test Case 'Test Cases/Sekmeler/Ana_Sekmeye_Gec' successfully

2021-11-19 17:23:08 - [MESSAGE][INFO] - Checking called Test Case

2021-11-19 17:23:08 - [MESSAGE][INFO] - Starting to call Test Case 'Test Cases/Butonlar/ButonaTikla'

2021-11-19 17:23:08 - [TEST_CASE][PASSED] - Test Cases/Butonlar/ButonaTikla: Test Cases/Butonlar/ButonaTikla

2021-11-19 17:23:08 - [TEST_STEP][PASSED] - Method.TextDegerineEsitElementeTiklaEquals(findTestObject("Butonlar/Butonlar"), Buton_Adi): Method.TextDegerineEsitElementeTiklaEquals is PASSED

2021-11-19 17:23:08 - [MESSAGE][INFO] - Finding Test Object 'Object Repository/Butonlar/Butonlar'

2021-11-19 17:23:08 - [MESSAGE][INFO] - Checking timeout

2021-11-19 17:23:08 - [MESSAGE][INFO] - Finding web element with id: 'Object Repository/Butonlar/Butonlar' located by 'By.cssSelector: .panel.panel-default.text-center.footerPanel .btn,.btn.btn-primary.btnControls' in '10' second(s)

2021-11-19 17:23:08 - [MESSAGE][INFO] - Smart Wait Function is triggered

2021-11-19 17:23:09 - [MESSAGE][INFO] - Found 6 web elements with id: 'Object Repository/Butonlar/Butonlar' located by 'By.cssSelector: .panel.panel-default.text-center.footerPanel .btn,.btn.btn-primary.btnControls' in '10' second(s)

2021-11-19 17:23:09 - [MESSAGE][PASSED] - Method.TextDegerineEsitElementeTiklaEquals is PASSED

2021-11-19 17:23:09 - [MESSAGE][PASSED] - Call Test Case 'Test Cases/Butonlar/ButonaTikla' successfully

2021-11-19 17:23:09 - [MESSAGE][INFO] - Checking called Test Case

2021-11-19 17:23:09 - [MESSAGE][INFO] - Starting to call Test Case 'Test Cases/Butonlar/AltButonaTikla'

2021-11-19 17:23:09 - [TEST_CASE][PASSED] - Test Cases/Butonlar/AltButonaTikla: Test Cases/Butonlar/AltButonaTikla

2021-11-19 17:23:09 - [TEST_STEP][PASSED] - Method.TextDegerineEsitElementeTikla(findTestObject("Butonlar/AltButonlar"), Alt_Buton): Method.TextDegerineEsitElementeTikla is PASSED

2021-11-19 17:23:09 - [MESSAGE][INFO] - Finding Test Object 'Object Repository/Butonlar/AltButonlar'

2021-11-19 17:23:09 - [MESSAGE][INFO] - Checking timeout

2021-11-19 17:23:09 - [MESSAGE][INFO] - Finding web element with id: 'Object Repository/Butonlar/AltButonlar' located by 'By.cssSelector: .btn-group.open li>a' in '10' second(s)

2021-11-19 17:23:09 - [MESSAGE][INFO] - Smart Wait Function is triggered

2021-11-19 17:23:09 - [MESSAGE][INFO] - Found 1 web elements with id: 'Object Repository/Butonlar/AltButonlar' located by 'By.cssSelector: .btn-group.open li>a' in '10' second(s)

2021-11-19 17:23:09 - [MESSAGE][PASSED] - Method.TextDegerineEsitElementeTikla is PASSED

2021-11-19 17:23:09 - [MESSAGE][PASSED] - Call Test Case 'Test Cases/Butonlar/AltButonaTikla' successfully

2021-11-19 17:23:09 - [MESSAGE][INFO] - Checking called Test Case

2021-11-19 17:23:09 - [MESSAGE][INFO] - Starting to call Test Case 'Test Cases/Butonlar/DosyaIndirildiMi'

2021-11-19 17:23:10 - [TEST_CASE][PASSED] - Test Cases/Butonlar/DosyaIndirildiMi: Test Cases/Butonlar/DosyaIndirildiMi

2021-11-19 17:23:10 - [TEST_STEP][PASSED] - Method.isimliDosyaIndirildiMi(DownloadFile, FileName): Method.isimliDosyaIndirildiMi is PASSED

2021-11-19 17:23:10 - [MESSAGE][INFO] - Delaying browser in 3 second(s)

2021-11-19 17:23:13 - [MESSAGE][PASSED] - Delayed 3 second(s)

2021-11-19 17:23:13 - [MESSAGE][PASSED] - Method.isimliDosyaIndirildiMi is PASSED

2021-11-19 17:23:13 - [MESSAGE][PASSED] - Call Test Case 'Test Cases/Butonlar/DosyaIndirildiMi' successfully

2021-11-19 17:23:13 - [MESSAGE][INFO] - Checking called Test Case

2021-11-19 17:23:13 - [MESSAGE][INFO] - Starting to call Test Case 'Test Cases/Butonlar/ButonaTikla'

2021-11-19 17:23:13 - [TEST_CASE][PASSED] - Test Cases/Butonlar/ButonaTikla: Test Cases/Butonlar/ButonaTikla

2021-11-19 17:23:13 - [TEST_STEP][PASSED] - Method.TextDegerineEsitElementeTiklaEquals(findTestObject("Butonlar/Butonlar"), Buton_Adi): Method.TextDegerineEsitElementeTiklaEquals is PASSED

2021-11-19 17:23:13 - [MESSAGE][INFO] - Finding Test Object 'Object Repository/Butonlar/Butonlar'

2021-11-19 17:23:13 - [MESSAGE][INFO] - Checking timeout

2021-11-19 17:23:13 - [MESSAGE][INFO] - Finding web element with id: 'Object Repository/Butonlar/Butonlar' located by 'By.cssSelector: .panel.panel-default.text-center.footerPanel .btn,.btn.btn-primary.btnControls' in '10' second(s)

2021-11-19 17:23:13 - [MESSAGE][INFO] - Smart Wait Function is triggered

2021-11-19 17:23:13 - [MESSAGE][INFO] - Found 6 web elements with id: 'Object Repository/Butonlar/Butonlar' located by 'By.cssSelector: .panel.panel-default.text-center.footerPanel .btn,.btn.btn-primary.btnControls' in '10' second(s)

2021-11-19 17:23:13 - [MESSAGE][PASSED] - Method.TextDegerineEsitElementeTiklaEquals is PASSED

2021-11-19 17:23:13 - [MESSAGE][PASSED] - Call Test Case 'Test Cases/Butonlar/ButonaTikla' successfully

2021-11-19 17:23:13 - [MESSAGE][INFO] - Checking called Test Case

2021-11-19 17:23:13 - [MESSAGE][INFO] - Starting to call Test Case 'Test Cases/Butonlar/AltButonaTikla'

2021-11-19 17:23:13 - [TEST_CASE][PASSED] - Test Cases/Butonlar/AltButonaTikla: Test Cases/Butonlar/AltButonaTikla

2021-11-19 17:23:13 - [TEST_STEP][PASSED] - Method.TextDegerineEsitElementeTikla(findTestObject("Butonlar/AltButonlar"), Alt_Buton): Method.TextDegerineEsitElementeTikla is PASSED

2021-11-19 17:23:13 - [MESSAGE][INFO] - Finding Test Object 'Object Repository/Butonlar/AltButonlar'

2021-11-19 17:23:13 - [MESSAGE][INFO] - Checking timeout

2021-11-19 17:23:13 - [MESSAGE][INFO] - Finding web element with id: 'Object Repository/Butonlar/AltButonlar' located by 'By.cssSelector: .btn-group.open li>a' in '10' second(s)

2021-11-19 17:23:13 - [MESSAGE][INFO] - Smart Wait Function is triggered

2021-11-19 17:23:13 - [MESSAGE][INFO] - Found 2 web elements with id: 'Object Repository/Butonlar/AltButonlar' located by 'By.cssSelector: .btn-group.open li>a' in '10' second(s)

2021-11-19 17:23:14 - [MESSAGE][PASSED] - Method.TextDegerineEsitElementeTikla is PASSED

2021-11-19 17:23:14 - [MESSAGE][PASSED] - Call Test Case 'Test Cases/Butonlar/AltButonaTikla' successfully

2021-11-19 17:23:14 - [MESSAGE][INFO] - Checking called Test Case

2021-11-19 17:23:14 - [MESSAGE][INFO] - Starting to call Test Case 'Test Cases/Popup/PopupMesajiIceriyorMu'

2021-11-19 17:23:14 - [TEST_CASE][PASSED] - Test Cases/Popup/PopupMesajiIceriyorMu: Test Cases/Popup/PopupMesajiIceriyorMu

2021-11-19 17:23:14 - [TEST_STEP][PASSED] - waitForElementVisible(findTestObject("Popup/Popup"), 10): Object 'Object Repository/Popup/Popup' is visible

2021-11-19 17:23:14 - [MESSAGE][INFO] - Finding Test Object 'Object Repository/Popup/Popup'

2021-11-19 17:23:14 - [MESSAGE][INFO] - Checking object

2021-11-19 17:23:14 - [MESSAGE][INFO] - Checking timeout

2021-11-19 17:23:14 - [MESSAGE][INFO] - Finding web element from Test Object's properties

2021-11-19 17:23:14 - [MESSAGE][INFO] - Checking timeout

2021-11-19 17:23:14 - [MESSAGE][INFO] - Finding web element with id: 'Object Repository/Popup/Popup' located by 'By.cssSelector: .bootbox-body' in '10' second(s)

2021-11-19 17:23:14 - [MESSAGE][INFO] - Smart Wait Function is triggered

2021-11-19 17:23:14 - [MESSAGE][INFO] - Found 1 web elements with id: 'Object Repository/Popup/Popup' located by 'By.cssSelector: .bootbox-body' in '10' second(s)

2021-11-19 17:23:14 - [MESSAGE][PASSED] - Object 'Object Repository/Popup/Popup' is visible

2021-11-19 17:23:14 - [TEST_STEP][PASSED] - if (!(getText(findTestObject("Popup/Popup")).contains(Mesaj))): Text of object 'Object Repository/Popup/Popup' is: 'Lütfen rapor bildiriminin gönderileceği e-posta adresini belirtiniz.
e-Posta Adresi'

2021-11-19 17:23:14 - [MESSAGE][INFO] - Finding Test Object 'Object Repository/Popup/Popup'

2021-11-19 17:23:14 - [MESSAGE][INFO] - Checking object

2021-11-19 17:23:14 - [MESSAGE][INFO] - Finding web element from Test Object's properties

2021-11-19 17:23:14 - [MESSAGE][INFO] - Checking timeout

2021-11-19 17:23:14 - [MESSAGE][INFO] - Finding web element with id: 'Object Repository/Popup/Popup' located by 'By.cssSelector: .bootbox-body' in '30' second(s)

2021-11-19 17:23:14 - [MESSAGE][INFO] - Smart Wait Function is triggered

2021-11-19 17:23:14 - [MESSAGE][INFO] - Found 1 web elements with id: 'Object Repository/Popup/Popup' located by 'By.cssSelector: .bootbox-body' in '30' second(s)

2021-11-19 17:23:14 - [MESSAGE][INFO] - Getting text of object 'Object Repository/Popup/Popup'

2021-11-19 17:23:14 - [MESSAGE][PASSED] - Text of object 'Object Repository/Popup/Popup' is: 'Lütfen rapor bildiriminin gönderileceği e-posta adresini belirtiniz.
e-Posta Adresi'

2021-11-19 17:23:14 - [TEST_STEP][PASSED] - RaporNo = getText(findTestObject("Popup/Popup")).substring(0, 6): Text of object 'Object Repository/Popup/Popup' is: 'Lütfen rapor bildiriminin gönderileceği e-posta adresini belirtiniz.
e-Posta Adresi'

2021-11-19 17:23:14 - [MESSAGE][INFO] - Finding Test Object 'Object Repository/Popup/Popup'

2021-11-19 17:23:14 - [MESSAGE][INFO] - Checking object

2021-11-19 17:23:14 - [MESSAGE][INFO] - Finding web element from Test Object's properties

2021-11-19 17:23:14 - [MESSAGE][INFO] - Checking timeout

2021-11-19 17:23:14 - [MESSAGE][INFO] - Finding web element with id: 'Object Repository/Popup/Popup' located by 'By.cssSelector: .bootbox-body' in '30' second(s)

2021-11-19 17:23:14 - [MESSAGE][INFO] - Smart Wait Function is triggered

2021-11-19 17:23:15 - [MESSAGE][INFO] - Found 1 web elements with id: 'Object Repository/Popup/Popup' located by 'By.cssSelector: .bootbox-body' in '30' second(s)

2021-11-19 17:23:15 - [MESSAGE][INFO] - Getting text of object 'Object Repository/Popup/Popup'

2021-11-19 17:23:15 - [MESSAGE][PASSED] - Text of object 'Object Repository/Popup/Popup' is: 'Lütfen rapor bildiriminin gönderileceği e-posta adresini belirtiniz.
e-Posta Adresi'

2021-11-19 17:23:15 - [TEST_STEP][PASSED] - Console.println(RaporNo): null

2021-11-19 17:23:15 - [MESSAGE][PASSED] - Call Test Case 'Test Cases/Popup/PopupMesajiIceriyorMu' successfully

2021-11-19 17:23:15 - [MESSAGE][INFO] - Checking called Test Case

2021-11-19 17:23:15 - [MESSAGE][INFO] - Starting to call Test Case 'Test Cases/Popup/PopupaEmailEklenir'

2021-11-19 17:23:15 - [TEST_CASE][PASSED] - Test Cases/Popup/PopupaEmailEklenir: Test Cases/Popup/PopupaEmailEklenir

2021-11-19 17:23:15 - [TEST_STEP][PASSED] - clearText(findTestObject("Popup/EmailText")): Text of object 'Object Repository/Popup/EmailText' is cleared

2021-11-19 17:23:15 - [MESSAGE][INFO] - Finding Test Object 'Object Repository/Popup/EmailText'

2021-11-19 17:23:15 - [MESSAGE][INFO] - Checking object

2021-11-19 17:23:15 - [MESSAGE][INFO] - Finding web element from Test Object's properties

2021-11-19 17:23:15 - [MESSAGE][INFO] - Checking timeout

2021-11-19 17:23:15 - [MESSAGE][INFO] - Finding web element with id: 'Object Repository/Popup/EmailText' located by 'By.xpath: //*[@id="eMails"]' in '30' second(s)

2021-11-19 17:23:15 - [MESSAGE][INFO] - Smart Wait Function is triggered

2021-11-19 17:23:15 - [MESSAGE][INFO] - Found 1 web elements with id: 'Object Repository/Popup/EmailText' located by 'By.xpath: //*[@id="eMails"]' in '30' second(s)

2021-11-19 17:23:15 - [MESSAGE][INFO] - Clearing text of object 'Object Repository/Popup/EmailText'

2021-11-19 17:23:15 - [MESSAGE][PASSED] - Text of object 'Object Repository/Popup/EmailText' is cleared

2021-11-19 17:23:15 - [TEST_STEP][PASSED] - sendKeys(findTestObject("Popup/EmailText"), Email): Keys 'elogotest@gmail.com;ali.kara@logo.com.tr' sent to object: 'Object Repository/Popup/EmailText'

2021-11-19 17:23:15 - [MESSAGE][INFO] - Finding Test Object 'Object Repository/Popup/EmailText'

2021-11-19 17:23:15 - [MESSAGE][INFO] - Sending keys 'elogotest@gmail.com;ali.kara@logo.com.tr' to object: 'Object Repository/Popup/EmailText'

2021-11-19 17:23:15 - [MESSAGE][INFO] - Finding web element from Test Object's properties

2021-11-19 17:23:15 - [MESSAGE][INFO] - Checking timeout

2021-11-19 17:23:15 - [MESSAGE][INFO] - Finding web element with id: 'Object Repository/Popup/EmailText' located by 'By.xpath: //*[@id="eMails"]' in '30' second(s)

2021-11-19 17:23:15 - [MESSAGE][INFO] - Smart Wait Function is triggered

2021-11-19 17:23:15 - [MESSAGE][INFO] - Found 1 web elements with id: 'Object Repository/Popup/EmailText' located by 'By.xpath: //*[@id="eMails"]' in '30' second(s)

2021-11-19 17:23:16 - [MESSAGE][PASSED] - Keys 'elogotest@gmail.com;ali.kara@logo.com.tr' sent to object: 'Object Repository/Popup/EmailText'

2021-11-19 17:23:16 - [MESSAGE][PASSED] - Call Test Case 'Test Cases/Popup/PopupaEmailEklenir' successfully

2021-11-19 17:23:16 - [MESSAGE][INFO] - Checking called Test Case

2021-11-19 17:23:16 - [MESSAGE][INFO] - Starting to call Test Case 'Test Cases/Popup/PopupButonSecilir'

2021-11-19 17:23:16 - [TEST_CASE][PASSED] - Test Cases/Popup/PopupButonSecilir: Test Cases/Popup/PopupButonSecilir

2021-11-19 17:23:16 - [TEST_STEP][PASSED] - Method.TextDegerineEsitElementeTikla(findTestObject("Popup/Popup_Butons"), Buton): Method.TextDegerineEsitElementeTikla is PASSED

2021-11-19 17:23:16 - [MESSAGE][INFO] - Finding Test Object 'Object Repository/Popup/Popup_Butons'

2021-11-19 17:23:16 - [MESSAGE][INFO] - Checking timeout

2021-11-19 17:23:16 - [MESSAGE][INFO] - Finding web element with id: 'Object Repository/Popup/Popup_Butons' located by 'By.cssSelector: .modal-footer>button' in '10' second(s)

2021-11-19 17:23:16 - [MESSAGE][INFO] - Smart Wait Function is triggered

2021-11-19 17:23:16 - [MESSAGE][INFO] - Found 2 web elements with id: 'Object Repository/Popup/Popup_Butons' located by 'By.cssSelector: .modal-footer>button' in '10' second(s)

2021-11-19 17:23:16 - [MESSAGE][PASSED] - Method.TextDegerineEsitElementeTikla is PASSED

2021-11-19 17:23:16 - [MESSAGE][PASSED] - Call Test Case 'Test Cases/Popup/PopupButonSecilir' successfully

2021-11-19 17:23:16 - [MESSAGE][INFO] - Checking called Test Case

2021-11-19 17:23:16 - [MESSAGE][INFO] - Starting to call Test Case 'Test Cases/Popup/PopupMesajiIceriyorMu'

2021-11-19 17:23:16 - [TEST_CASE][PASSED] - Test Cases/Popup/PopupMesajiIceriyorMu: Test Cases/Popup/PopupMesajiIceriyorMu

2021-11-19 17:23:16 - [TEST_STEP][PASSED] - waitForElementVisible(findTestObject("Popup/Popup"), 10): Object 'Object Repository/Popup/Popup' is visible

2021-11-19 17:23:16 - [MESSAGE][INFO] - Finding Test Object 'Object Repository/Popup/Popup'

2021-11-19 17:23:16 - [MESSAGE][INFO] - Checking object

2021-11-19 17:23:16 - [MESSAGE][INFO] - Checking timeout

2021-11-19 17:23:16 - [MESSAGE][INFO] - Finding web element from Test Object's properties

2021-11-19 17:23:16 - [MESSAGE][INFO] - Checking timeout

2021-11-19 17:23:16 - [MESSAGE][INFO] - Finding web element with id: 'Object Repository/Popup/Popup' located by 'By.cssSelector: .bootbox-body' in '10' second(s)

2021-11-19 17:23:16 - [MESSAGE][INFO] - Smart Wait Function is triggered

2021-11-19 17:23:17 - [MESSAGE][INFO] - Found 1 web elements with id: 'Object Repository/Popup/Popup' located by 'By.cssSelector: .bootbox-body' in '10' second(s)

2021-11-19 17:23:17 - [MESSAGE][PASSED] - Object 'Object Repository/Popup/Popup' is visible

2021-11-19 17:23:17 - [TEST_STEP][PASSED] - if (!(getText(findTestObject("Popup/Popup")).contains(Mesaj))): Text of object 'Object Repository/Popup/Popup' is: '17501 no’lu talebiniz işleme alınmıştır. Raporunuz hazırlandığında (elogotest@gmail.com;ali.kara@logo.com.tr) adresinize mail gönderilecektir.
Rapor durumunuzu Raporlar > Toplu Veri İndirme ekranından takip edebilir, hazırlandı durumundaki raporlarınızı ilgili menüden indirebilirsiniz.'

2021-11-19 17:23:17 - [MESSAGE][INFO] - Finding Test Object 'Object Repository/Popup/Popup'

2021-11-19 17:23:17 - [MESSAGE][INFO] - Checking object

2021-11-19 17:23:17 - [MESSAGE][INFO] - Finding web element from Test Object's properties

2021-11-19 17:23:17 - [MESSAGE][INFO] - Checking timeout

2021-11-19 17:23:17 - [MESSAGE][INFO] - Finding web element with id: 'Object Repository/Popup/Popup' located by 'By.cssSelector: .bootbox-body' in '30' second(s)

2021-11-19 17:23:17 - [MESSAGE][INFO] - Smart Wait Function is triggered

2021-11-19 17:23:17 - [MESSAGE][INFO] - Found 1 web elements with id: 'Object Repository/Popup/Popup' located by 'By.cssSelector: .bootbox-body' in '30' second(s)

2021-11-19 17:23:17 - [MESSAGE][INFO] - Getting text of object 'Object Repository/Popup/Popup'

2021-11-19 17:23:17 - [MESSAGE][PASSED] - Text of object 'Object Repository/Popup/Popup' is: '17501 no’lu talebiniz işleme alınmıştır. Raporunuz hazırlandığında (elogotest@gmail.com;ali.kara@logo.com.tr) adresinize mail gönderilecektir.
Rapor durumunuzu Raporlar > Toplu Veri İndirme ekranından takip edebilir, hazırlandı durumundaki raporlarınızı ilgili menüden indirebilirsiniz.'

2021-11-19 17:23:17 - [TEST_STEP][PASSED] - RaporNo = getText(findTestObject("Popup/Popup")).substring(0, 6): Text of object 'Object Repository/Popup/Popup' is: '17501 no’lu talebiniz işleme alınmıştır. Raporunuz hazırlandığında (elogotest@gmail.com;ali.kara@logo.com.tr) adresinize mail gönderilecektir.
Rapor durumunuzu Raporlar > Toplu Veri İndirme ekranından takip edebilir, hazırlandı durumundaki raporlarınızı ilgili menüden indirebilirsiniz.'

2021-11-19 17:23:17 - [MESSAGE][INFO] - Finding Test Object 'Object Repository/Popup/Popup'

2021-11-19 17:23:17 - [MESSAGE][INFO] - Checking object

2021-11-19 17:23:17 - [MESSAGE][INFO] - Finding web element from Test Object's properties

2021-11-19 17:23:17 - [MESSAGE][INFO] - Checking timeout

2021-11-19 17:23:17 - [MESSAGE][INFO] - Finding web element with id: 'Object Repository/Popup/Popup' located by 'By.cssSelector: .bootbox-body' in '30' second(s)

2021-11-19 17:23:17 - [MESSAGE][INFO] - Smart Wait Function is triggered

2021-11-19 17:23:18 - [MESSAGE][INFO] - Found 1 web elements with id: 'Object Repository/Popup/Popup' located by 'By.cssSelector: .bootbox-body' in '30' second(s)

2021-11-19 17:23:18 - [MESSAGE][INFO] - Getting text of object 'Object Repository/Popup/Popup'

2021-11-19 17:23:18 - [MESSAGE][PASSED] - Text of object 'Object Repository/Popup/Popup' is: '17501 no’lu talebiniz işleme alınmıştır. Raporunuz hazırlandığında (elogotest@gmail.com;ali.kara@logo.com.tr) adresinize mail gönderilecektir.
Rapor durumunuzu Raporlar > Toplu Veri İndirme ekranından takip edebilir, hazırlandı durumundaki raporlarınızı ilgili menüden indirebilirsiniz.'

2021-11-19 17:23:18 - [TEST_STEP][PASSED] - Console.println(RaporNo): null

2021-11-19 17:23:18 - [MESSAGE][PASSED] - Call Test Case 'Test Cases/Popup/PopupMesajiIceriyorMu' successfully

2021-11-19 17:23:18 - [MESSAGE][INFO] - Checking called Test Case

2021-11-19 17:23:18 - [MESSAGE][INFO] - Starting to call Test Case 'Test Cases/Popup/PopupButonSecilir'

2021-11-19 17:23:18 - [TEST_CASE][PASSED] - Test Cases/Popup/PopupButonSecilir: Test Cases/Popup/PopupButonSecilir

2021-11-19 17:23:18 - [TEST_STEP][PASSED] - Method.TextDegerineEsitElementeTikla(findTestObject("Popup/Popup_Butons"), Buton): Method.TextDegerineEsitElementeTikla is PASSED

2021-11-19 17:23:18 - [MESSAGE][INFO] - Finding Test Object 'Object Repository/Popup/Popup_Butons'

2021-11-19 17:23:18 - [MESSAGE][INFO] - Checking timeout

2021-11-19 17:23:18 - [MESSAGE][INFO] - Finding web element with id: 'Object Repository/Popup/Popup_Butons' located by 'By.cssSelector: .modal-footer>button' in '10' second(s)

2021-11-19 17:23:18 - [MESSAGE][INFO] - Smart Wait Function is triggered

2021-11-19 17:23:18 - [MESSAGE][INFO] - Found 1 web elements with id: 'Object Repository/Popup/Popup_Butons' located by 'By.cssSelector: .modal-footer>button' in '10' second(s)

2021-11-19 17:23:18 - [MESSAGE][PASSED] - Method.TextDegerineEsitElementeTikla is PASSED

2021-11-19 17:23:18 - [MESSAGE][PASSED] - Call Test Case 'Test Cases/Popup/PopupButonSecilir' successfully

2021-11-19 17:23:18 - [MESSAGE][INFO] - Checking called Test Case

2021-11-19 17:23:18 - [MESSAGE][INFO] - Starting to call Test Case 'Test Cases/Butonlar/ButonaTikla'

2021-11-19 17:23:18 - [TEST_CASE][PASSED] - Test Cases/Butonlar/ButonaTikla: Test Cases/Butonlar/ButonaTikla

2021-11-19 17:23:18 - [TEST_STEP][PASSED] - Method.TextDegerineEsitElementeTiklaEquals(findTestObject("Butonlar/Butonlar"), Buton_Adi): Method.TextDegerineEsitElementeTiklaEquals is PASSED

2021-11-19 17:23:18 - [MESSAGE][INFO] - Finding Test Object 'Object Repository/Butonlar/Butonlar'

2021-11-19 17:23:18 - [MESSAGE][INFO] - Checking timeout

2021-11-19 17:23:18 - [MESSAGE][INFO] - Finding web element with id: 'Object Repository/Butonlar/Butonlar' located by 'By.cssSelector: .panel.panel-default.text-center.footerPanel .btn,.btn.btn-primary.btnControls' in '10' second(s)

2021-11-19 17:23:18 - [MESSAGE][INFO] - Smart Wait Function is triggered

2021-11-19 17:23:19 - [MESSAGE][INFO] - Found 6 web elements with id: 'Object Repository/Butonlar/Butonlar' located by 'By.cssSelector: .panel.panel-default.text-center.footerPanel .btn,.btn.btn-primary.btnControls' in '10' second(s)

2021-11-19 17:23:19 - [MESSAGE][PASSED] - Method.TextDegerineEsitElementeTiklaEquals is PASSED

2021-11-19 17:23:19 - [MESSAGE][PASSED] - Call Test Case 'Test Cases/Butonlar/ButonaTikla' successfully

2021-11-19 17:23:19 - [MESSAGE][INFO] - Checking called Test Case

2021-11-19 17:23:19 - [MESSAGE][INFO] - Starting to call Test Case 'Test Cases/Butonlar/AltButonaTikla'

2021-11-19 17:23:19 - [TEST_CASE][PASSED] - Test Cases/Butonlar/AltButonaTikla: Test Cases/Butonlar/AltButonaTikla

2021-11-19 17:23:19 - [TEST_STEP][PASSED] - Method.TextDegerineEsitElementeTikla(findTestObject("Butonlar/AltButonlar"), Alt_Buton): Method.TextDegerineEsitElementeTikla is PASSED

2021-11-19 17:23:19 - [MESSAGE][INFO] - Finding Test Object 'Object Repository/Butonlar/AltButonlar'

2021-11-19 17:23:19 - [MESSAGE][INFO] - Checking timeout

2021-11-19 17:23:19 - [MESSAGE][INFO] - Finding web element with id: 'Object Repository/Butonlar/AltButonlar' located by 'By.cssSelector: .btn-group.open li>a' in '10' second(s)

2021-11-19 17:23:19 - [MESSAGE][INFO] - Smart Wait Function is triggered

2021-11-19 17:23:20 - [MESSAGE][INFO] - Found 2 web elements with id: 'Object Repository/Butonlar/AltButonlar' located by 'By.cssSelector: .btn-group.open li>a' in '10' second(s)

2021-11-19 17:23:20 - [MESSAGE][PASSED] - Method.TextDegerineEsitElementeTikla is PASSED

2021-11-19 17:23:20 - [MESSAGE][PASSED] - Call Test Case 'Test Cases/Butonlar/AltButonaTikla' successfully

2021-11-19 17:23:20 - [MESSAGE][INFO] - Checking called Test Case

2021-11-19 17:23:20 - [MESSAGE][INFO] - Starting to call Test Case 'Test Cases/Popup/PopupMesajiIceriyorMu'

2021-11-19 17:23:20 - [TEST_CASE][PASSED] - Test Cases/Popup/PopupMesajiIceriyorMu: Test Cases/Popup/PopupMesajiIceriyorMu

2021-11-19 17:23:20 - [TEST_STEP][PASSED] - waitForElementVisible(findTestObject("Popup/Popup"), 10): Object 'Object Repository/Popup/Popup' is visible

2021-11-19 17:23:20 - [MESSAGE][INFO] - Finding Test Object 'Object Repository/Popup/Popup'

2021-11-19 17:23:20 - [MESSAGE][INFO] - Checking object

2021-11-19 17:23:20 - [MESSAGE][INFO] - Checking timeout

2021-11-19 17:23:20 - [MESSAGE][INFO] - Finding web element from Test Object's properties

2021-11-19 17:23:20 - [MESSAGE][INFO] - Checking timeout

2021-11-19 17:23:20 - [MESSAGE][INFO] - Finding web element with id: 'Object Repository/Popup/Popup' located by 'By.cssSelector: .bootbox-body' in '10' second(s)

2021-11-19 17:23:20 - [MESSAGE][INFO] - Smart Wait Function is triggered

2021-11-19 17:23:20 - [MESSAGE][INFO] - Found 1 web elements with id: 'Object Repository/Popup/Popup' located by 'By.cssSelector: .bootbox-body' in '10' second(s)

2021-11-19 17:23:20 - [MESSAGE][PASSED] - Object 'Object Repository/Popup/Popup' is visible

2021-11-19 17:23:20 - [TEST_STEP][PASSED] - if (!(getText(findTestObject("Popup/Popup")).contains(Mesaj))): Text of object 'Object Repository/Popup/Popup' is: 'Lütfen rapor bildiriminin gönderileceği e-posta adresini belirtiniz.
e-Posta Adresi'

2021-11-19 17:23:20 - [MESSAGE][INFO] - Finding Test Object 'Object Repository/Popup/Popup'

2021-11-19 17:23:20 - [MESSAGE][INFO] - Checking object

2021-11-19 17:23:20 - [MESSAGE][INFO] - Finding web element from Test Object's properties

2021-11-19 17:23:20 - [MESSAGE][INFO] - Checking timeout

2021-11-19 17:23:20 - [MESSAGE][INFO] - Finding web element with id: 'Object Repository/Popup/Popup' located by 'By.cssSelector: .bootbox-body' in '30' second(s)

2021-11-19 17:23:20 - [MESSAGE][INFO] - Smart Wait Function is triggered

2021-11-19 17:23:21 - [MESSAGE][INFO] - Found 1 web elements with id: 'Object Repository/Popup/Popup' located by 'By.cssSelector: .bootbox-body' in '30' second(s)

2021-11-19 17:23:21 - [MESSAGE][INFO] - Getting text of object 'Object Repository/Popup/Popup'

2021-11-19 17:23:21 - [MESSAGE][PASSED] - Text of object 'Object Repository/Popup/Popup' is: 'Lütfen rapor bildiriminin gönderileceği e-posta adresini belirtiniz.
e-Posta Adresi'

2021-11-19 17:23:21 - [TEST_STEP][PASSED] - RaporNo = getText(findTestObject("Popup/Popup")).substring(0, 6): Text of object 'Object Repository/Popup/Popup' is: 'Lütfen rapor bildiriminin gönderileceği e-posta adresini belirtiniz.
e-Posta Adresi'

2021-11-19 17:23:21 - [MESSAGE][INFO] - Finding Test Object 'Object Repository/Popup/Popup'

2021-11-19 17:23:21 - [MESSAGE][INFO] - Checking object

2021-11-19 17:23:21 - [MESSAGE][INFO] - Finding web element from Test Object's properties

2021-11-19 17:23:21 - [MESSAGE][INFO] - Checking timeout

2021-11-19 17:23:21 - [MESSAGE][INFO] - Finding web element with id: 'Object Repository/Popup/Popup' located by 'By.cssSelector: .bootbox-body' in '30' second(s)

2021-11-19 17:23:21 - [MESSAGE][INFO] - Smart Wait Function is triggered

2021-11-19 17:23:21 - [MESSAGE][INFO] - Found 1 web elements with id: 'Object Repository/Popup/Popup' located by 'By.cssSelector: .bootbox-body' in '30' second(s)

2021-11-19 17:23:21 - [MESSAGE][INFO] - Getting text of object 'Object Repository/Popup/Popup'

2021-11-19 17:23:21 - [MESSAGE][PASSED] - Text of object 'Object Repository/Popup/Popup' is: 'Lütfen rapor bildiriminin gönderileceği e-posta adresini belirtiniz.
e-Posta Adresi'

2021-11-19 17:23:21 - [TEST_STEP][PASSED] - Console.println(RaporNo): null

2021-11-19 17:23:21 - [MESSAGE][PASSED] - Call Test Case 'Test Cases/Popup/PopupMesajiIceriyorMu' successfully

2021-11-19 17:23:21 - [MESSAGE][INFO] - Checking called Test Case

2021-11-19 17:23:21 - [MESSAGE][INFO] - Starting to call Test Case 'Test Cases/Popup/PopupaEmailEklenir'

2021-11-19 17:23:21 - [TEST_CASE][PASSED] - Test Cases/Popup/PopupaEmailEklenir: Test Cases/Popup/PopupaEmailEklenir

2021-11-19 17:23:21 - [TEST_STEP][PASSED] - clearText(findTestObject("Popup/EmailText")): Text of object 'Object Repository/Popup/EmailText' is cleared

2021-11-19 17:23:21 - [MESSAGE][INFO] - Finding Test Object 'Object Repository/Popup/EmailText'

2021-11-19 17:23:21 - [MESSAGE][INFO] - Checking object

2021-11-19 17:23:21 - [MESSAGE][INFO] - Finding web element from Test Object's properties

2021-11-19 17:23:21 - [MESSAGE][INFO] - Checking timeout

2021-11-19 17:23:21 - [MESSAGE][INFO] - Finding web element with id: 'Object Repository/Popup/EmailText' located by 'By.xpath: //*[@id="eMails"]' in '30' second(s)

2021-11-19 17:23:21 - [MESSAGE][INFO] - Smart Wait Function is triggered

2021-11-19 17:23:21 - [MESSAGE][INFO] - Found 1 web elements with id: 'Object Repository/Popup/EmailText' located by 'By.xpath: //*[@id="eMails"]' in '30' second(s)

2021-11-19 17:23:21 - [MESSAGE][INFO] - Clearing text of object 'Object Repository/Popup/EmailText'

2021-11-19 17:23:21 - [MESSAGE][PASSED] - Text of object 'Object Repository/Popup/EmailText' is cleared

2021-11-19 17:23:21 - [TEST_STEP][PASSED] - sendKeys(findTestObject("Popup/EmailText"), Email): Keys 'elogotest@gmail.com;ali.kara@logo.com.tr' sent to object: 'Object Repository/Popup/EmailText'

2021-11-19 17:23:21 - [MESSAGE][INFO] - Finding Test Object 'Object Repository/Popup/EmailText'

2021-11-19 17:23:22 - [MESSAGE][INFO] - Sending keys 'elogotest@gmail.com;ali.kara@logo.com.tr' to object: 'Object Repository/Popup/EmailText'

2021-11-19 17:23:22 - [MESSAGE][INFO] - Finding web element from Test Object's properties

2021-11-19 17:23:22 - [MESSAGE][INFO] - Checking timeout

2021-11-19 17:23:22 - [MESSAGE][INFO] - Finding web element with id: 'Object Repository/Popup/EmailText' located by 'By.xpath: //*[@id="eMails"]' in '30' second(s)

2021-11-19 17:23:22 - [MESSAGE][INFO] - Smart Wait Function is triggered

2021-11-19 17:23:22 - [MESSAGE][INFO] - Found 1 web elements with id: 'Object Repository/Popup/EmailText' located by 'By.xpath: //*[@id="eMails"]' in '30' second(s)

2021-11-19 17:23:22 - [MESSAGE][PASSED] - Keys 'elogotest@gmail.com;ali.kara@logo.com.tr' sent to object: 'Object Repository/Popup/EmailText'

2021-11-19 17:23:22 - [MESSAGE][PASSED] - Call Test Case 'Test Cases/Popup/PopupaEmailEklenir' successfully

2021-11-19 17:23:22 - [MESSAGE][INFO] - Checking called Test Case

2021-11-19 17:23:22 - [MESSAGE][INFO] - Starting to call Test Case 'Test Cases/Popup/PopupButonSecilir'

2021-11-19 17:23:22 - [TEST_CASE][PASSED] - Test Cases/Popup/PopupButonSecilir: Test Cases/Popup/PopupButonSecilir

2021-11-19 17:23:22 - [TEST_STEP][PASSED] - Method.TextDegerineEsitElementeTikla(findTestObject("Popup/Popup_Butons"), Buton): Method.TextDegerineEsitElementeTikla is PASSED

2021-11-19 17:23:22 - [MESSAGE][INFO] - Finding Test Object 'Object Repository/Popup/Popup_Butons'

2021-11-19 17:23:22 - [MESSAGE][INFO] - Checking timeout

2021-11-19 17:23:22 - [MESSAGE][INFO] - Finding web element with id: 'Object Repository/Popup/Popup_Butons' located by 'By.cssSelector: .modal-footer>button' in '10' second(s)

2021-11-19 17:23:22 - [MESSAGE][INFO] - Smart Wait Function is triggered

2021-11-19 17:23:22 - [MESSAGE][INFO] - Found 2 web elements with id: 'Object Repository/Popup/Popup_Butons' located by 'By.cssSelector: .modal-footer>button' in '10' second(s)

2021-11-19 17:23:22 - [MESSAGE][PASSED] - Method.TextDegerineEsitElementeTikla is PASSED

2021-11-19 17:23:22 - [MESSAGE][PASSED] - Call Test Case 'Test Cases/Popup/PopupButonSecilir' successfully

2021-11-19 17:23:22 - [MESSAGE][INFO] - Checking called Test Case

2021-11-19 17:23:22 - [MESSAGE][INFO] - Starting to call Test Case 'Test Cases/Popup/PopupMesajiIceriyorMu'

2021-11-19 17:23:22 - [TEST_CASE][PASSED] - Test Cases/Popup/PopupMesajiIceriyorMu: Test Cases/Popup/PopupMesajiIceriyorMu

2021-11-19 17:23:22 - [TEST_STEP][PASSED] - waitForElementVisible(findTestObject("Popup/Popup"), 10): Object 'Object Repository/Popup/Popup' is visible

2021-11-19 17:23:22 - [MESSAGE][INFO] - Finding Test Object 'Object Repository/Popup/Popup'

2021-11-19 17:23:23 - [MESSAGE][INFO] - Checking object

2021-11-19 17:23:23 - [MESSAGE][INFO] - Checking timeout

2021-11-19 17:23:23 - [MESSAGE][INFO] - Finding web element from Test Object's properties

2021-11-19 17:23:23 - [MESSAGE][INFO] - Checking timeout

2021-11-19 17:23:23 - [MESSAGE][INFO] - Finding web element with id: 'Object Repository/Popup/Popup' located by 'By.cssSelector: .bootbox-body' in '10' second(s)

2021-11-19 17:23:23 - [MESSAGE][INFO] - Smart Wait Function is triggered

2021-11-19 17:23:23 - [MESSAGE][INFO] - Found 1 web elements with id: 'Object Repository/Popup/Popup' located by 'By.cssSelector: .bootbox-body' in '10' second(s)

2021-11-19 17:23:23 - [MESSAGE][PASSED] - Object 'Object Repository/Popup/Popup' is visible

2021-11-19 17:23:23 - [TEST_STEP][PASSED] - if (!(getText(findTestObject("Popup/Popup")).contains(Mesaj))): Text of object 'Object Repository/Popup/Popup' is: '17502 no’lu talebiniz işleme alınmıştır. Raporunuz hazırlandığında (elogotest@gmail.com;ali.kara@logo.com.tr) adresinize mail gönderilecektir.
Rapor durumunuzu Raporlar > Toplu Veri İndirme ekranından takip edebilir, hazırlandı durumundaki raporlarınızı ilgili menüden indirebilirsiniz.'

2021-11-19 17:23:23 - [MESSAGE][INFO] - Finding Test Object 'Object Repository/Popup/Popup'

2021-11-19 17:23:23 - [MESSAGE][INFO] - Checking object

2021-11-19 17:23:23 - [MESSAGE][INFO] - Finding web element from Test Object's properties

2021-11-19 17:23:23 - [MESSAGE][INFO] - Checking timeout

2021-11-19 17:23:23 - [MESSAGE][INFO] - Finding web element with id: 'Object Repository/Popup/Popup' located by 'By.cssSelector: .bootbox-body' in '30' second(s)

2021-11-19 17:23:23 - [MESSAGE][INFO] - Smart Wait Function is triggered

2021-11-19 17:23:24 - [MESSAGE][INFO] - Found 1 web elements with id: 'Object Repository/Popup/Popup' located by 'By.cssSelector: .bootbox-body' in '30' second(s)

2021-11-19 17:23:24 - [MESSAGE][INFO] - Getting text of object 'Object Repository/Popup/Popup'

2021-11-19 17:23:24 - [MESSAGE][PASSED] - Text of object 'Object Repository/Popup/Popup' is: '17502 no’lu talebiniz işleme alınmıştır. Raporunuz hazırlandığında (elogotest@gmail.com;ali.kara@logo.com.tr) adresinize mail gönderilecektir.
Rapor durumunuzu Raporlar > Toplu Veri İndirme ekranından takip edebilir, hazırlandı durumundaki raporlarınızı ilgili menüden indirebilirsiniz.'

2021-11-19 17:23:24 - [TEST_STEP][PASSED] - RaporNo = getText(findTestObject("Popup/Popup")).substring(0, 6): Text of object 'Object Repository/Popup/Popup' is: '17502 no’lu talebiniz işleme alınmıştır. Raporunuz hazırlandığında (elogotest@gmail.com;ali.kara@logo.com.tr) adresinize mail gönderilecektir.
Rapor durumunuzu Raporlar > Toplu Veri İndirme ekranından takip edebilir, hazırlandı durumundaki raporlarınızı ilgili menüden indirebilirsiniz.'

2021-11-19 17:23:24 - [MESSAGE][INFO] - Finding Test Object 'Object Repository/Popup/Popup'

2021-11-19 17:23:24 - [MESSAGE][INFO] - Checking object

2021-11-19 17:23:24 - [MESSAGE][INFO] - Finding web element from Test Object's properties

2021-11-19 17:23:24 - [MESSAGE][INFO] - Checking timeout

2021-11-19 17:23:24 - [MESSAGE][INFO] - Finding web element with id: 'Object Repository/Popup/Popup' located by 'By.cssSelector: .bootbox-body' in '30' second(s)

2021-11-19 17:23:24 - [MESSAGE][INFO] - Smart Wait Function is triggered

2021-11-19 17:23:24 - [MESSAGE][INFO] - Found 1 web elements with id: 'Object Repository/Popup/Popup' located by 'By.cssSelector: .bootbox-body' in '30' second(s)

2021-11-19 17:23:24 - [MESSAGE][INFO] - Getting text of object 'Object Repository/Popup/Popup'

2021-11-19 17:23:24 - [MESSAGE][PASSED] - Text of object 'Object Repository/Popup/Popup' is: '17502 no’lu talebiniz işleme alınmıştır. Raporunuz hazırlandığında (elogotest@gmail.com;ali.kara@logo.com.tr) adresinize mail gönderilecektir.
Rapor durumunuzu Raporlar > Toplu Veri İndirme ekranından takip edebilir, hazırlandı durumundaki raporlarınızı ilgili menüden indirebilirsiniz.'

2021-11-19 17:23:24 - [TEST_STEP][PASSED] - Console.println(RaporNo): null

2021-11-19 17:23:24 - [MESSAGE][PASSED] - Call Test Case 'Test Cases/Popup/PopupMesajiIceriyorMu' successfully

2021-11-19 17:23:24 - [MESSAGE][INFO] - Checking called Test Case

2021-11-19 17:23:24 - [MESSAGE][INFO] - Starting to call Test Case 'Test Cases/Popup/PopupButonSecilir'

2021-11-19 17:23:24 - [TEST_CASE][PASSED] - Test Cases/Popup/PopupButonSecilir: Test Cases/Popup/PopupButonSecilir

2021-11-19 17:23:24 - [TEST_STEP][PASSED] - Method.TextDegerineEsitElementeTikla(findTestObject("Popup/Popup_Butons"), Buton): Method.TextDegerineEsitElementeTikla is PASSED

2021-11-19 17:23:24 - [MESSAGE][INFO] - Finding Test Object 'Object Repository/Popup/Popup_Butons'

2021-11-19 17:23:24 - [MESSAGE][INFO] - Checking timeout

2021-11-19 17:23:24 - [MESSAGE][INFO] - Finding web element with id: 'Object Repository/Popup/Popup_Butons' located by 'By.cssSelector: .modal-footer>button' in '10' second(s)

2021-11-19 17:23:24 - [MESSAGE][INFO] - Smart Wait Function is triggered

2021-11-19 17:23:24 - [MESSAGE][INFO] - Found 1 web elements with id: 'Object Repository/Popup/Popup_Butons' located by 'By.cssSelector: .modal-footer>button' in '10' second(s)

2021-11-19 17:23:25 - [MESSAGE][PASSED] - Method.TextDegerineEsitElementeTikla is PASSED

2021-11-19 17:23:25 - [MESSAGE][PASSED] - Call Test Case 'Test Cases/Popup/PopupButonSecilir' successfully

2021-11-19 17:23:25 - [MESSAGE][INFO] - Checking called Test Case

2021-11-19 17:23:25 - [MESSAGE][INFO] - Starting to call Test Case 'Test Cases/Menu/AnaMenuSecimi'

2021-11-19 17:23:25 - [TEST_CASE][PASSED] - Test Cases/Menu/AnaMenuSecimi: Test Cases/Menu/AnaMenuSecimi

2021-11-19 17:23:25 - [TEST_STEP][PASSED] - Method.TextDegerineEsitElementeTikla(findTestObject("Menu/Ana_Menu"), Ana_Menu): Method.TextDegerineEsitElementeTikla is PASSED

2021-11-19 17:23:25 - [MESSAGE][INFO] - Finding Test Object 'Object Repository/Menu/Ana_Menu'

2021-11-19 17:23:25 - [MESSAGE][INFO] - Checking timeout

2021-11-19 17:23:25 - [MESSAGE][INFO] - Finding web element with id: 'Object Repository/Menu/Ana_Menu' located by 'By.xpath: //*[@class = 'dropdown-toggle']' in '10' second(s)

2021-11-19 17:23:25 - [MESSAGE][INFO] - Smart Wait Function is triggered

2021-11-19 17:23:25 - [MESSAGE][INFO] - Found 14 web elements with id: 'Object Repository/Menu/Ana_Menu' located by 'By.xpath: //*[@class = 'dropdown-toggle']' in '10' second(s)

2021-11-19 17:23:26 - [MESSAGE][PASSED] - Method.TextDegerineEsitElementeTikla is PASSED

2021-11-19 17:23:26 - [MESSAGE][PASSED] - Call Test Case 'Test Cases/Menu/AnaMenuSecimi' successfully

2021-11-19 17:23:26 - [MESSAGE][INFO] - Checking called Test Case

2021-11-19 17:23:26 - [MESSAGE][INFO] - Starting to call Test Case 'Test Cases/Menu/AltMenuSecimi'

2021-11-19 17:23:26 - [TEST_CASE][PASSED] - Test Cases/Menu/AltMenuSecimi: Test Cases/Menu/AltMenuSecimi

2021-11-19 17:23:26 - [TEST_STEP][PASSED] - Method.TextDegerineEsitElementeTikla(findTestObject("Menu/Alt_Menu"), Alt_Menu): Method.TextDegerineEsitElementeTikla is PASSED

2021-11-19 17:23:26 - [MESSAGE][INFO] - Finding Test Object 'Object Repository/Menu/Alt_Menu'

2021-11-19 17:23:26 - [MESSAGE][INFO] - Checking timeout

2021-11-19 17:23:26 - [MESSAGE][INFO] - Finding web element with id: 'Object Repository/Menu/Alt_Menu' located by 'By.xpath: //li[@class='dropdown dropdown-large open']//li[@class='dropdown-element']' in '10' second(s)

2021-11-19 17:23:26 - [MESSAGE][INFO] - Smart Wait Function is triggered

2021-11-19 17:23:26 - [MESSAGE][INFO] - Found 2 web elements with id: 'Object Repository/Menu/Alt_Menu' located by 'By.xpath: //li[@class='dropdown dropdown-large open']//li[@class='dropdown-element']' in '10' second(s)

2021-11-19 17:23:27 - [MESSAGE][PASSED] - Method.TextDegerineEsitElementeTikla is PASSED

2021-11-19 17:23:27 - [MESSAGE][PASSED] - Call Test Case 'Test Cases/Menu/AltMenuSecimi' successfully

2021-11-19 17:23:27 - [MESSAGE][INFO] - Checking called Test Case

2021-11-19 17:23:27 - [MESSAGE][INFO] - Starting to call Test Case 'Test Cases/Filtreler/DropdownSec'

2021-11-19 17:23:27 - [TEST_CASE][PASSED] - Test Cases/Filtreler/DropdownSec: Test Cases/Filtreler/DropdownSec

2021-11-19 17:23:27 - [TEST_STEP][PASSED] - Method.TextDegerineEsitElementinAltindakineTikla(findTestObject("Filtreler/Basliklar"), findTestObject("Filtreler/Basliga_Gore_Baslangic_Image"), Filtre_Adi): Method.TextDegerineEsitElementinAltindakineTikla is PASSED

2021-11-19 17:23:27 - [MESSAGE][INFO] - Finding Test Object 'Object Repository/Filtreler/Basliklar'

2021-11-19 17:23:27 - [MESSAGE][INFO] - Finding Test Object 'Object Repository/Filtreler/Basliga_Gore_Baslangic_Image'

2021-11-19 17:23:27 - [MESSAGE][INFO] - Checking timeout

2021-11-19 17:23:27 - [MESSAGE][INFO] - Finding web element with id: 'Object Repository/Filtreler/Basliklar' located by 'By.cssSelector: .control-label.col-sm-4.paddingMarginRLC' in '10' second(s)

2021-11-19 17:23:27 - [MESSAGE][INFO] - Smart Wait Function is triggered

2021-11-19 17:23:27 - [MESSAGE][INFO] - Found 8 web elements with id: 'Object Repository/Filtreler/Basliklar' located by 'By.cssSelector: .control-label.col-sm-4.paddingMarginRLC' in '10' second(s)

2021-11-19 17:23:27 - [MESSAGE][INFO] - Smart Wait Function is triggered

2021-11-19 17:23:28 - [MESSAGE][PASSED] - Method.TextDegerineEsitElementinAltindakineTikla is PASSED

2021-11-19 17:23:28 - [TEST_STEP][PASSED] - Method.TextDegerineEsitElementeTikla(findTestObject("Object Repository/Filtreler/Basliga_Gore_Dropdown"), Filtre_Degeri): Method.TextDegerineEsitElementeTikla is PASSED

2021-11-19 17:23:28 - [MESSAGE][INFO] - Finding Test Object 'Object Repository/Filtreler/Basliga_Gore_Dropdown'

2021-11-19 17:23:28 - [MESSAGE][INFO] - Checking timeout

2021-11-19 17:23:28 - [MESSAGE][INFO] - Finding web element with id: 'Object Repository/Filtreler/Basliga_Gore_Dropdown' located by 'By.xpath: //*[@class = 'dxeListBoxItemRow_LECustomTheme']' in '10' second(s)

2021-11-19 17:23:28 - [MESSAGE][INFO] - Smart Wait Function is triggered

2021-11-19 17:23:28 - [MESSAGE][INFO] - Found 10 web elements with id: 'Object Repository/Filtreler/Basliga_Gore_Dropdown' located by 'By.xpath: //*[@class = 'dxeListBoxItemRow_LECustomTheme']' in '10' second(s)

2021-11-19 17:23:28 - [MESSAGE][PASSED] - Method.TextDegerineEsitElementeTikla is PASSED

2021-11-19 17:23:28 - [MESSAGE][PASSED] - Call Test Case 'Test Cases/Filtreler/DropdownSec' successfully

2021-11-19 17:23:28 - [MESSAGE][INFO] - Checking called Test Case

2021-11-19 17:23:28 - [MESSAGE][INFO] - Starting to call Test Case 'Test Cases/Filtreler/BaslangicYaz'

2021-11-19 17:23:28 - [TEST_CASE][PASSED] - Test Cases/Filtreler/BaslangicYaz: Test Cases/Filtreler/BaslangicYaz

2021-11-19 17:23:28 - [TEST_STEP][PASSED] - delay(3): Delayed 3 second(s)

2021-11-19 17:23:28 - [MESSAGE][INFO] - Delaying browser in 3 second(s)

2021-11-19 17:23:31 - [MESSAGE][PASSED] - Delayed 3 second(s)

2021-11-19 17:23:31 - [TEST_STEP][PASSED] - Method.TextDegerineEsitElementinAltindakineTikla(findTestObject("Filtreler/Basliklar"), findTestObject("Filtreler/Basliga_Gore_Baslangic_Image"), Filtre_Adi): Method.TextDegerineEsitElementinAltindakineTikla is PASSED

2021-11-19 17:23:31 - [MESSAGE][INFO] - Finding Test Object 'Object Repository/Filtreler/Basliklar'

2021-11-19 17:23:31 - [MESSAGE][INFO] - Finding Test Object 'Object Repository/Filtreler/Basliga_Gore_Baslangic_Image'

2021-11-19 17:23:31 - [MESSAGE][INFO] - Checking timeout

2021-11-19 17:23:31 - [MESSAGE][INFO] - Finding web element with id: 'Object Repository/Filtreler/Basliklar' located by 'By.cssSelector: .control-label.col-sm-4.paddingMarginRLC' in '10' second(s)

2021-11-19 17:23:31 - [MESSAGE][INFO] - Smart Wait Function is triggered

2021-11-19 17:23:32 - [MESSAGE][INFO] - Found 8 web elements with id: 'Object Repository/Filtreler/Basliklar' located by 'By.cssSelector: .control-label.col-sm-4.paddingMarginRLC' in '10' second(s)

2021-11-19 17:23:32 - [MESSAGE][INFO] - Smart Wait Function is triggered

2021-11-19 17:23:32 - [MESSAGE][PASSED] - Method.TextDegerineEsitElementinAltindakineTikla is PASSED

2021-11-19 17:23:32 - [TEST_STEP][PASSED] - Method.TextDegerineEsitElementinAltindakiTextboxtaYaz(findTestObject("Filtreler/Basliklar"), findTestObject("Filtreler/Basliga_Gore_Baslangic"), Filtre_Adi, Filtre_Degeri): Method.TextDegerineEsitElementinAltindakiTextboxtaYaz is PASSED

2021-11-19 17:23:32 - [MESSAGE][INFO] - Finding Test Object 'Object Repository/Filtreler/Basliklar'

2021-11-19 17:23:32 - [MESSAGE][INFO] - Finding Test Object 'Object Repository/Filtreler/Basliga_Gore_Baslangic'

2021-11-19 17:23:32 - [MESSAGE][INFO] - Checking timeout

2021-11-19 17:23:32 - [MESSAGE][INFO] - Finding web element with id: 'Object Repository/Filtreler/Basliklar' located by 'By.cssSelector: .control-label.col-sm-4.paddingMarginRLC' in '10' second(s)

2021-11-19 17:23:32 - [MESSAGE][INFO] - Smart Wait Function is triggered

2021-11-19 17:23:33 - [MESSAGE][INFO] - Found 8 web elements with id: 'Object Repository/Filtreler/Basliklar' located by 'By.cssSelector: .control-label.col-sm-4.paddingMarginRLC' in '10' second(s)

2021-11-19 17:23:33 - [MESSAGE][INFO] - Smart Wait Function is triggered

2021-11-19 17:23:33 - [MESSAGE][PASSED] - Method.TextDegerineEsitElementinAltindakiTextboxtaYaz is PASSED

2021-11-19 17:23:33 - [MESSAGE][PASSED] - Call Test Case 'Test Cases/Filtreler/BaslangicYaz' successfully

2021-11-19 17:23:33 - [MESSAGE][INFO] - Checking called Test Case

2021-11-19 17:23:33 - [MESSAGE][INFO] - Starting to call Test Case 'Test Cases/Filtreler/BitisYaz'

2021-11-19 17:23:33 - [TEST_CASE][PASSED] - Test Cases/Filtreler/BitisYaz: Test Cases/Filtreler/BitisYaz

2021-11-19 17:23:33 - [TEST_STEP][PASSED] - Method.TextDegerineEsitElementinAltindakineTikla(findTestObject("Filtreler/Basliklar"), findTestObject("Filtreler/Basliga_Gore_Bitis_Image"), Filtre_Adi): Method.TextDegerineEsitElementinAltindakineTikla is PASSED

2021-11-19 17:23:33 - [MESSAGE][INFO] - Finding Test Object 'Object Repository/Filtreler/Basliklar'

2021-11-19 17:23:33 - [MESSAGE][INFO] - Finding Test Object 'Object Repository/Filtreler/Basliga_Gore_Bitis_Image'

2021-11-19 17:23:33 - [MESSAGE][INFO] - Checking timeout

2021-11-19 17:23:33 - [MESSAGE][INFO] - Finding web element with id: 'Object Repository/Filtreler/Basliklar' located by 'By.cssSelector: .control-label.col-sm-4.paddingMarginRLC' in '10' second(s)

2021-11-19 17:23:33 - [MESSAGE][INFO] - Smart Wait Function is triggered

2021-11-19 17:23:34 - [MESSAGE][INFO] - Found 8 web elements with id: 'Object Repository/Filtreler/Basliklar' located by 'By.cssSelector: .control-label.col-sm-4.paddingMarginRLC' in '10' second(s)

2021-11-19 17:23:34 - [MESSAGE][INFO] - Smart Wait Function is triggered

2021-11-19 17:23:34 - [MESSAGE][PASSED] - Method.TextDegerineEsitElementinAltindakineTikla is PASSED

2021-11-19 17:23:34 - [TEST_STEP][PASSED] - Method.TextDegerineEsitElementinAltindakiTextboxtaYaz(findTestObject("Filtreler/Basliklar"), findTestObject("Object Repository/Filtreler/Basliga_Gore_Bitis"), Filtre_Adi, Filtre_Degeri): Method.TextDegerineEsitElementinAltindakiTextboxtaYaz is PASSED

2021-11-19 17:23:34 - [MESSAGE][INFO] - Finding Test Object 'Object Repository/Filtreler/Basliklar'

2021-11-19 17:23:34 - [MESSAGE][INFO] - Finding Test Object 'Object Repository/Filtreler/Basliga_Gore_Bitis'

2021-11-19 17:23:34 - [MESSAGE][INFO] - Checking timeout

2021-11-19 17:23:34 - [MESSAGE][INFO] - Finding web element with id: 'Object Repository/Filtreler/Basliklar' located by 'By.cssSelector: .control-label.col-sm-4.paddingMarginRLC' in '10' second(s)

2021-11-19 17:23:34 - [MESSAGE][INFO] - Smart Wait Function is triggered

2021-11-19 17:23:34 - [MESSAGE][INFO] - Found 8 web elements with id: 'Object Repository/Filtreler/Basliklar' located by 'By.cssSelector: .control-label.col-sm-4.paddingMarginRLC' in '10' second(s)

2021-11-19 17:23:34 - [MESSAGE][INFO] - Smart Wait Function is triggered

2021-11-19 17:23:35 - [MESSAGE][PASSED] - Method.TextDegerineEsitElementinAltindakiTextboxtaYaz is PASSED

2021-11-19 17:23:35 - [MESSAGE][PASSED] - Call Test Case 'Test Cases/Filtreler/BitisYaz' successfully

2021-11-19 17:23:35 - [MESSAGE][INFO] - Checking called Test Case

2021-11-19 17:23:35 - [MESSAGE][INFO] - Starting to call Test Case 'Test Cases/Filtreler/ButonaTikla'

2021-11-19 17:23:35 - [TEST_CASE][PASSED] - Test Cases/Filtreler/ButonaTikla: Test Cases/Filtreler/ButonaTikla

2021-11-19 17:23:35 - [TEST_STEP][PASSED] - Method.TextDegerineEsitElementeTikla(findTestObject("Filtreler/Butonlar"), Filtre_Buton): Method.TextDegerineEsitElementeTikla is PASSED

2021-11-19 17:23:35 - [MESSAGE][INFO] - Finding Test Object 'Object Repository/Filtreler/Butonlar'

2021-11-19 17:23:35 - [MESSAGE][INFO] - Checking timeout

2021-11-19 17:23:35 - [MESSAGE][INFO] - Finding web element with id: 'Object Repository/Filtreler/Butonlar' located by 'By.cssSelector: .dxb>span' in '10' second(s)

2021-11-19 17:23:35 - [MESSAGE][INFO] - Smart Wait Function is triggered

2021-11-19 17:23:35 - [MESSAGE][INFO] - Found 3 web elements with id: 'Object Repository/Filtreler/Butonlar' located by 'By.cssSelector: .dxb>span' in '10' second(s)

2021-11-19 17:23:35 - [MESSAGE][PASSED] - Method.TextDegerineEsitElementeTikla is PASSED

2021-11-19 17:23:35 - [MESSAGE][PASSED] - Call Test Case 'Test Cases/Filtreler/ButonaTikla' successfully

2021-11-19 17:23:35 - [MESSAGE][INFO] - Checking called Test Case

2021-11-19 17:23:35 - [MESSAGE][INFO] - Starting to call Test Case 'Test Cases/Tablo/TablonunButonunaTikla'

2021-11-19 17:23:35 - [TEST_CASE][PASSED] - Test Cases/Tablo/TablonunButonunaTikla: Test Cases/Tablo/TablonunButonunaTikla

2021-11-19 17:23:35 - [TEST_STEP][PASSED] - Method.TextDegerineEsitElementinAltindakiTextDegerineEsitOlanaTikla(findTestObject("Tablo/Veriler"), findTestObject("Tablo/VerininButonu"), Veri, Buton_Adi): Method.TextDegerineEsitElementinAltindakiTextDegerineEsitOlanaTikla is PASSED

2021-11-19 17:23:35 - [MESSAGE][INFO] - Finding Test Object 'Object Repository/Tablo/Veriler'

2021-11-19 17:23:35 - [MESSAGE][INFO] - Finding Test Object 'Object Repository/Tablo/VerininButonu'

2021-11-19 17:23:35 - [MESSAGE][INFO] - Checking timeout

2021-11-19 17:23:35 - [MESSAGE][INFO] - Finding web element with id: 'Object Repository/Tablo/Veriler' located by 'By.cssSelector: td.dxgv b ,td.dxgv' in '10' second(s)

2021-11-19 17:23:35 - [MESSAGE][INFO] - Smart Wait Function is triggered

2021-11-19 17:23:36 - [MESSAGE][INFO] - Found 33 web elements with id: 'Object Repository/Tablo/Veriler' located by 'By.cssSelector: td.dxgv b ,td.dxgv' in '10' second(s)

2021-11-19 17:23:36 - [MESSAGE][INFO] - Smart Wait Function is triggered

2021-11-19 17:23:36 - [MESSAGE][PASSED] - Method.TextDegerineEsitElementinAltindakiTextDegerineEsitOlanaTikla is PASSED

2021-11-19 17:23:36 - [MESSAGE][PASSED] - Call Test Case 'Test Cases/Tablo/TablonunButonunaTikla' successfully

2021-11-19 17:23:36 - [MESSAGE][INFO] - Checking called Test Case

2021-11-19 17:23:36 - [MESSAGE][INFO] - Starting to call Test Case 'Test Cases/Sekmeler/YeniSekmeyeGec'

2021-11-19 17:23:36 - [TEST_CASE][PASSED] - Test Cases/Sekmeler/YeniSekmeyeGec: Test Cases/Sekmeler/YeniSekmeyeGec

2021-11-19 17:23:36 - [TEST_STEP][PASSED] - switchToWindowIndex(1): Switched to window with index: '1'

2021-11-19 17:23:36 - [MESSAGE][INFO] - Checking index

2021-11-19 17:23:36 - [MESSAGE][INFO] - Switching window with index: '1'

2021-11-19 17:23:36 - [MESSAGE][PASSED] - Switched to window with index: '1'

2021-11-19 17:23:36 - [MESSAGE][PASSED] - Call Test Case 'Test Cases/Sekmeler/YeniSekmeyeGec' successfully

2021-11-19 17:23:36 - [MESSAGE][INFO] - Checking called Test Case

2021-11-19 17:23:36 - [MESSAGE][INFO] - Starting to call Test Case 'Test Cases/Tablo/TablodaVeriVarMi'

2021-11-19 17:23:37 - [TEST_CASE][PASSED] - Test Cases/Tablo/TablodaVeriVarMi: Test Cases/Tablo/TablodaVeriVarMi

2021-11-19 17:23:37 - [TEST_STEP][PASSED] - verifyTextNotPresent("Görüntülenecek veri yok", true): Text 'Görüntülenecek veri yok' is not present on page using regular expression

2021-11-19 17:23:37 - [MESSAGE][INFO] - Checking text present  using regular expression

2021-11-19 17:23:37 - [MESSAGE][INFO] - Smart Wait Function is triggered

2021-11-19 17:23:38 - [MESSAGE][INFO] - Finding text 'Görüntülenecek veri yok' on page  using regular expression

2021-11-19 17:23:38 - [MESSAGE][PASSED] - Text 'Görüntülenecek veri yok' is not present on page using regular expression

2021-11-19 17:23:38 - [MESSAGE][PASSED] - Call Test Case 'Test Cases/Tablo/TablodaVeriVarMi' successfully

2021-11-19 17:23:38 - [MESSAGE][INFO] - Checking called Test Case

2021-11-19 17:23:38 - [MESSAGE][INFO] - Starting to call Test Case 'Test Cases/Sekmeler/Ana_Sekmeye_Gec'

2021-11-19 17:23:38 - [TEST_CASE][PASSED] - Test Cases/Sekmeler/Ana_Sekmeye_Gec: Test Cases/Sekmeler/Ana_Sekmeye_Gec

2021-11-19 17:23:38 - [TEST_STEP][PASSED] - try: Window with index 1 is closed

2021-11-19 17:23:38 - [TEST_STEP][PASSED] - index = getWindowIndex(): Current window's index is: 1

2021-11-19 17:23:38 - [MESSAGE][INFO] - Getting current window's index

2021-11-19 17:23:38 - [MESSAGE][PASSED] - Current window's index is: 1

2021-11-19 17:23:38 - [TEST_STEP][PASSED] - closeWindowIndex(index): Window with index 1 is closed

2021-11-19 17:23:38 - [MESSAGE][INFO] - Checking index

2021-11-19 17:23:38 - [MESSAGE][INFO] - Closing window with index 1

2021-11-19 17:23:38 - [MESSAGE][PASSED] - Window with index 1 is closed

2021-11-19 17:23:38 - [TEST_STEP][PASSED] - switchToWindowIndex(0): Switched to window with index: '0'

2021-11-19 17:23:38 - [MESSAGE][INFO] - Checking index

2021-11-19 17:23:38 - [MESSAGE][INFO] - Switching window with index: '0'

2021-11-19 17:23:38 - [MESSAGE][PASSED] - Switched to window with index: '0'

2021-11-19 17:23:38 - [MESSAGE][PASSED] - Call Test Case 'Test Cases/Sekmeler/Ana_Sekmeye_Gec' successfully

2021-11-19 17:23:38 - [MESSAGE][INFO] - Checking called Test Case

2021-11-19 17:23:38 - [MESSAGE][INFO] - Starting to call Test Case 'Test Cases/Tablo/TablodaVeriVarMi'

2021-11-19 17:23:38 - [TEST_CASE][PASSED] - Test Cases/Tablo/TablodaVeriVarMi: Test Cases/Tablo/TablodaVeriVarMi

2021-11-19 17:23:38 - [TEST_STEP][PASSED] - verifyTextNotPresent("Görüntülenecek veri yok", true): Text 'Görüntülenecek veri yok' is not present on page using regular expression

2021-11-19 17:23:38 - [MESSAGE][INFO] - Checking text present  using regular expression

2021-11-19 17:23:38 - [MESSAGE][INFO] - Smart Wait Function is triggered

2021-11-19 17:23:39 - [MESSAGE][INFO] - Finding text 'Görüntülenecek veri yok' on page  using regular expression

2021-11-19 17:23:39 - [MESSAGE][PASSED] - Text 'Görüntülenecek veri yok' is not present on page using regular expression

2021-11-19 17:23:39 - [MESSAGE][PASSED] - Call Test Case 'Test Cases/Tablo/TablodaVeriVarMi' successfully

2021-11-19 17:23:39 - [MESSAGE][INFO] - Checking called Test Case

2021-11-19 17:23:39 - [MESSAGE][INFO] - Starting to call Test Case 'Test Cases/Tablo/TablodanVeriSec'

2021-11-19 17:23:39 - [TEST_CASE][PASSED] - Test Cases/Tablo/TablodanVeriSec: Test Cases/Tablo/TablodanVeriSec

2021-11-19 17:23:39 - [TEST_STEP][PASSED] - Method.TextDegerineEsitElementinAltindakineTikla(findTestObject("Tablo/Veriler"), findTestObject("Tablo/VerininCheckBoxi"), Veri_Adi): Method.TextDegerineEsitElementinAltindakineTikla is PASSED

2021-11-19 17:23:39 - [MESSAGE][INFO] - Finding Test Object 'Object Repository/Tablo/Veriler'

2021-11-19 17:23:39 - [MESSAGE][INFO] - Finding Test Object 'Object Repository/Tablo/VerininCheckBoxi'

2021-11-19 17:23:39 - [MESSAGE][INFO] - Checking timeout

2021-11-19 17:23:39 - [MESSAGE][INFO] - Finding web element with id: 'Object Repository/Tablo/Veriler' located by 'By.cssSelector: td.dxgv b ,td.dxgv' in '10' second(s)

2021-11-19 17:23:39 - [MESSAGE][INFO] - Smart Wait Function is triggered

2021-11-19 17:23:39 - [MESSAGE][INFO] - Found 33 web elements with id: 'Object Repository/Tablo/Veriler' located by 'By.cssSelector: td.dxgv b ,td.dxgv' in '10' second(s)

2021-11-19 17:23:40 - [MESSAGE][INFO] - Smart Wait Function is triggered

2021-11-19 17:23:40 - [MESSAGE][PASSED] - Method.TextDegerineEsitElementinAltindakineTikla is PASSED

2021-11-19 17:23:40 - [MESSAGE][PASSED] - Call Test Case 'Test Cases/Tablo/TablodanVeriSec' successfully

2021-11-19 17:23:40 - [MESSAGE][INFO] - Checking called Test Case

2021-11-19 17:23:40 - [MESSAGE][INFO] - Starting to call Test Case 'Test Cases/Butonlar/ButonaTikla'

2021-11-19 17:23:40 - [TEST_CASE][PASSED] - Test Cases/Butonlar/ButonaTikla: Test Cases/Butonlar/ButonaTikla

2021-11-19 17:23:40 - [TEST_STEP][PASSED] - Method.TextDegerineEsitElementeTiklaEquals(findTestObject("Butonlar/Butonlar"), Buton_Adi): Method.TextDegerineEsitElementeTiklaEquals is PASSED

2021-11-19 17:23:40 - [MESSAGE][INFO] - Finding Test Object 'Object Repository/Butonlar/Butonlar'

2021-11-19 17:23:40 - [MESSAGE][INFO] - Checking timeout

2021-11-19 17:23:40 - [MESSAGE][INFO] - Finding web element with id: 'Object Repository/Butonlar/Butonlar' located by 'By.cssSelector: .panel.panel-default.text-center.footerPanel .btn,.btn.btn-primary.btnControls' in '10' second(s)

2021-11-19 17:23:40 - [MESSAGE][INFO] - Smart Wait Function is triggered

2021-11-19 17:23:40 - [MESSAGE][INFO] - Found 6 web elements with id: 'Object Repository/Butonlar/Butonlar' located by 'By.cssSelector: .panel.panel-default.text-center.footerPanel .btn,.btn.btn-primary.btnControls' in '10' second(s)

2021-11-19 17:23:40 - [MESSAGE][PASSED] - Method.TextDegerineEsitElementeTiklaEquals is PASSED

2021-11-19 17:23:40 - [MESSAGE][PASSED] - Call Test Case 'Test Cases/Butonlar/ButonaTikla' successfully

2021-11-19 17:23:40 - [MESSAGE][INFO] - Checking called Test Case

2021-11-19 17:23:40 - [MESSAGE][INFO] - Starting to call Test Case 'Test Cases/Sekmeler/YeniSekmeyeGec'

2021-11-19 17:23:41 - [TEST_CASE][PASSED] - Test Cases/Sekmeler/YeniSekmeyeGec: Test Cases/Sekmeler/YeniSekmeyeGec

2021-11-19 17:23:41 - [TEST_STEP][PASSED] - switchToWindowIndex(1): Switched to window with index: '1'

2021-11-19 17:23:41 - [MESSAGE][INFO] - Checking index

2021-11-19 17:23:41 - [MESSAGE][INFO] - Switching window with index: '1'

2021-11-19 17:23:41 - [MESSAGE][PASSED] - Switched to window with index: '1'

2021-11-19 17:23:41 - [MESSAGE][PASSED] - Call Test Case 'Test Cases/Sekmeler/YeniSekmeyeGec' successfully

2021-11-19 17:23:41 - [MESSAGE][INFO] - Checking called Test Case

2021-11-19 17:23:41 - [MESSAGE][INFO] - Starting to call Test Case 'Test Cases/Sekmeler/TagGeldiMi'

2021-11-19 17:23:41 - [TEST_CASE][PASSED] - Test Cases/Sekmeler/TagGeldiMi: Test Cases/Sekmeler/TagGeldiMi

2021-11-19 17:23:41 - [TEST_STEP][PASSED] - waitForElementPresent(findTestObject("Object Repository/Sekmeler/UBLTag"), 10): Object 'Object Repository/Sekmeler/UBLTag' is present

2021-11-19 17:23:41 - [MESSAGE][INFO] - Finding Test Object 'Object Repository/Sekmeler/UBLTag'

2021-11-19 17:23:41 - [MESSAGE][INFO] - Checking object

2021-11-19 17:23:41 - [MESSAGE][INFO] - Finding web element from Test Object's properties

2021-11-19 17:23:41 - [MESSAGE][INFO] - Checking timeout

2021-11-19 17:23:41 - [MESSAGE][INFO] - Finding web element with id: 'Object Repository/Sekmeler/UBLTag' located by 'By.cssSelector: #webkit-xml-viewer-source-xml>:first-child' in '10' second(s)

2021-11-19 17:23:41 - [MESSAGE][INFO] - Smart Wait Function is triggered

2021-11-19 17:23:41 - [MESSAGE][INFO] - Found 1 web elements with id: 'Object Repository/Sekmeler/UBLTag' located by 'By.cssSelector: #webkit-xml-viewer-source-xml>:first-child' in '10' second(s)

2021-11-19 17:23:41 - [MESSAGE][PASSED] - Object 'Object Repository/Sekmeler/UBLTag' is present

2021-11-19 17:23:41 - [TEST_STEP][PASSED] - println(toLowerCase().toString()): Found 1 web elements with id: 'Object Repository/Sekmeler/UBLTag' located by 'By.cssSelector: #webkit-xml-viewer-source-xml>:first-child' in '10' second(s)

2021-11-19 17:23:41 - [MESSAGE][INFO] - Finding Test Object 'Object Repository/Sekmeler/UBLTag'

2021-11-19 17:23:41 - [MESSAGE][INFO] - Finding web element from Test Object's properties

2021-11-19 17:23:41 - [MESSAGE][INFO] - Checking timeout

2021-11-19 17:23:41 - [MESSAGE][INFO] - Finding web element with id: 'Object Repository/Sekmeler/UBLTag' located by 'By.cssSelector: #webkit-xml-viewer-source-xml>:first-child' in '10' second(s)

2021-11-19 17:23:41 - [MESSAGE][INFO] - Smart Wait Function is triggered

2021-11-19 17:23:41 - [MESSAGE][INFO] - Found 1 web elements with id: 'Object Repository/Sekmeler/UBLTag' located by 'By.cssSelector: #webkit-xml-viewer-source-xml>:first-child' in '10' second(s)

2021-11-19 17:23:41 - [TEST_STEP][PASSED] - if (!(toString().contains(toString().toLowerCase()))): Found 1 web elements with id: 'Object Repository/Sekmeler/UBLTag' located by 'By.cssSelector: #webkit-xml-viewer-source-xml>:first-child' in '10' second(s)

2021-11-19 17:23:41 - [MESSAGE][INFO] - Finding Test Object 'Object Repository/Sekmeler/UBLTag'

2021-11-19 17:23:41 - [MESSAGE][INFO] - Finding web element from Test Object's properties

2021-11-19 17:23:41 - [MESSAGE][INFO] - Checking timeout

2021-11-19 17:23:41 - [MESSAGE][INFO] - Finding web element with id: 'Object Repository/Sekmeler/UBLTag' located by 'By.cssSelector: #webkit-xml-viewer-source-xml>:first-child' in '10' second(s)

2021-11-19 17:23:41 - [MESSAGE][INFO] - Smart Wait Function is triggered

2021-11-19 17:23:41 - [MESSAGE][INFO] - Found 1 web elements with id: 'Object Repository/Sekmeler/UBLTag' located by 'By.cssSelector: #webkit-xml-viewer-source-xml>:first-child' in '10' second(s)

2021-11-19 17:23:41 - [MESSAGE][PASSED] - Call Test Case 'Test Cases/Sekmeler/TagGeldiMi' successfully

2021-11-19 17:23:41 - [MESSAGE][INFO] - Checking called Test Case

2021-11-19 17:23:41 - [MESSAGE][INFO] - Starting to call Test Case 'Test Cases/Sekmeler/Ana_Sekmeye_Gec'

2021-11-19 17:23:41 - [TEST_CASE][PASSED] - Test Cases/Sekmeler/Ana_Sekmeye_Gec: Test Cases/Sekmeler/Ana_Sekmeye_Gec

2021-11-19 17:23:41 - [TEST_STEP][PASSED] - try: Window with index 1 is closed

2021-11-19 17:23:41 - [TEST_STEP][PASSED] - index = getWindowIndex(): Current window's index is: 1

2021-11-19 17:23:41 - [MESSAGE][INFO] - Getting current window's index

2021-11-19 17:23:41 - [MESSAGE][PASSED] - Current window's index is: 1

2021-11-19 17:23:41 - [TEST_STEP][PASSED] - closeWindowIndex(index): Window with index 1 is closed

2021-11-19 17:23:41 - [MESSAGE][INFO] - Checking index

2021-11-19 17:23:41 - [MESSAGE][INFO] - Closing window with index 1

2021-11-19 17:23:41 - [MESSAGE][PASSED] - Window with index 1 is closed

2021-11-19 17:23:41 - [TEST_STEP][PASSED] - switchToWindowIndex(0): Switched to window with index: '0'

2021-11-19 17:23:41 - [MESSAGE][INFO] - Checking index

2021-11-19 17:23:41 - [MESSAGE][INFO] - Switching window with index: '0'

2021-11-19 17:23:41 - [MESSAGE][PASSED] - Switched to window with index: '0'

2021-11-19 17:23:41 - [MESSAGE][PASSED] - Call Test Case 'Test Cases/Sekmeler/Ana_Sekmeye_Gec' successfully

2021-11-19 17:23:41 - [MESSAGE][INFO] - Checking called Test Case

2021-11-19 17:23:41 - [MESSAGE][INFO] - Starting to call Test Case 'Test Cases/Butonlar/ButonaTikla'

2021-11-19 17:23:41 - [TEST_CASE][PASSED] - Test Cases/Butonlar/ButonaTikla: Test Cases/Butonlar/ButonaTikla

2021-11-19 17:23:41 - [TEST_STEP][PASSED] - Method.TextDegerineEsitElementeTiklaEquals(findTestObject("Butonlar/Butonlar"), Buton_Adi): Method.TextDegerineEsitElementeTiklaEquals is PASSED

2021-11-19 17:23:41 - [MESSAGE][INFO] - Finding Test Object 'Object Repository/Butonlar/Butonlar'

2021-11-19 17:23:41 - [MESSAGE][INFO] - Checking timeout

2021-11-19 17:23:41 - [MESSAGE][INFO] - Finding web element with id: 'Object Repository/Butonlar/Butonlar' located by 'By.cssSelector: .panel.panel-default.text-center.footerPanel .btn,.btn.btn-primary.btnControls' in '10' second(s)

2021-11-19 17:23:41 - [MESSAGE][INFO] - Smart Wait Function is triggered

2021-11-19 17:23:42 - [MESSAGE][INFO] - Found 6 web elements with id: 'Object Repository/Butonlar/Butonlar' located by 'By.cssSelector: .panel.panel-default.text-center.footerPanel .btn,.btn.btn-primary.btnControls' in '10' second(s)

2021-11-19 17:23:42 - [MESSAGE][PASSED] - Method.TextDegerineEsitElementeTiklaEquals is PASSED

2021-11-19 17:23:42 - [MESSAGE][PASSED] - Call Test Case 'Test Cases/Butonlar/ButonaTikla' successfully

2021-11-19 17:23:42 - [MESSAGE][INFO] - Checking called Test Case

2021-11-19 17:23:42 - [MESSAGE][INFO] - Starting to call Test Case 'Test Cases/Butonlar/AltButonaTikla'

2021-11-19 17:23:42 - [TEST_CASE][PASSED] - Test Cases/Butonlar/AltButonaTikla: Test Cases/Butonlar/AltButonaTikla

2021-11-19 17:23:42 - [TEST_STEP][PASSED] - Method.TextDegerineEsitElementeTikla(findTestObject("Butonlar/AltButonlar"), Alt_Buton): Method.TextDegerineEsitElementeTikla is PASSED

2021-11-19 17:23:42 - [MESSAGE][INFO] - Finding Test Object 'Object Repository/Butonlar/AltButonlar'

2021-11-19 17:23:42 - [MESSAGE][INFO] - Checking timeout

2021-11-19 17:23:42 - [MESSAGE][INFO] - Finding web element with id: 'Object Repository/Butonlar/AltButonlar' located by 'By.cssSelector: .btn-group.open li>a' in '10' second(s)

2021-11-19 17:23:42 - [MESSAGE][INFO] - Smart Wait Function is triggered

2021-11-19 17:23:42 - [MESSAGE][INFO] - Found 1 web elements with id: 'Object Repository/Butonlar/AltButonlar' located by 'By.cssSelector: .btn-group.open li>a' in '10' second(s)

2021-11-19 17:23:42 - [MESSAGE][PASSED] - Method.TextDegerineEsitElementeTikla is PASSED

2021-11-19 17:23:42 - [MESSAGE][PASSED] - Call Test Case 'Test Cases/Butonlar/AltButonaTikla' successfully

2021-11-19 17:23:42 - [MESSAGE][INFO] - Checking called Test Case

2021-11-19 17:23:42 - [MESSAGE][INFO] - Starting to call Test Case 'Test Cases/Butonlar/DosyaIndirildiMi'

2021-11-19 17:23:42 - [TEST_CASE][PASSED] - Test Cases/Butonlar/DosyaIndirildiMi: Test Cases/Butonlar/DosyaIndirildiMi

2021-11-19 17:23:42 - [TEST_STEP][PASSED] - Method.isimliDosyaIndirildiMi(DownloadFile, FileName): Method.isimliDosyaIndirildiMi is PASSED

2021-11-19 17:23:42 - [MESSAGE][INFO] - Delaying browser in 3 second(s)

2021-11-19 17:23:45 - [MESSAGE][PASSED] - Delayed 3 second(s)

2021-11-19 17:23:45 - [MESSAGE][PASSED] - Method.isimliDosyaIndirildiMi is PASSED

2021-11-19 17:23:45 - [MESSAGE][PASSED] - Call Test Case 'Test Cases/Butonlar/DosyaIndirildiMi' successfully

2021-11-19 17:23:45 - [MESSAGE][INFO] - Checking called Test Case

2021-11-19 17:23:45 - [MESSAGE][INFO] - Starting to call Test Case 'Test Cases/Butonlar/ButonaTikla'

2021-11-19 17:23:45 - [TEST_CASE][PASSED] - Test Cases/Butonlar/ButonaTikla: Test Cases/Butonlar/ButonaTikla

2021-11-19 17:23:45 - [TEST_STEP][PASSED] - Method.TextDegerineEsitElementeTiklaEquals(findTestObject("Butonlar/Butonlar"), Buton_Adi): Method.TextDegerineEsitElementeTiklaEquals is PASSED

2021-11-19 17:23:45 - [MESSAGE][INFO] - Finding Test Object 'Object Repository/Butonlar/Butonlar'

2021-11-19 17:23:46 - [MESSAGE][INFO] - Checking timeout

2021-11-19 17:23:46 - [MESSAGE][INFO] - Finding web element with id: 'Object Repository/Butonlar/Butonlar' located by 'By.cssSelector: .panel.panel-default.text-center.footerPanel .btn,.btn.btn-primary.btnControls' in '10' second(s)

2021-11-19 17:23:46 - [MESSAGE][INFO] - Smart Wait Function is triggered

2021-11-19 17:23:46 - [MESSAGE][INFO] - Found 6 web elements with id: 'Object Repository/Butonlar/Butonlar' located by 'By.cssSelector: .panel.panel-default.text-center.footerPanel .btn,.btn.btn-primary.btnControls' in '10' second(s)

2021-11-19 17:23:46 - [MESSAGE][PASSED] - Method.TextDegerineEsitElementeTiklaEquals is PASSED

2021-11-19 17:23:46 - [MESSAGE][PASSED] - Call Test Case 'Test Cases/Butonlar/ButonaTikla' successfully

2021-11-19 17:23:46 - [MESSAGE][INFO] - Checking called Test Case

2021-11-19 17:23:46 - [MESSAGE][INFO] - Starting to call Test Case 'Test Cases/Butonlar/AltButonaTikla'

2021-11-19 17:23:46 - [TEST_CASE][PASSED] - Test Cases/Butonlar/AltButonaTikla: Test Cases/Butonlar/AltButonaTikla

2021-11-19 17:23:46 - [TEST_STEP][PASSED] - Method.TextDegerineEsitElementeTikla(findTestObject("Butonlar/AltButonlar"), Alt_Buton): Method.TextDegerineEsitElementeTikla is PASSED

2021-11-19 17:23:46 - [MESSAGE][INFO] - Finding Test Object 'Object Repository/Butonlar/AltButonlar'

2021-11-19 17:23:46 - [MESSAGE][INFO] - Checking timeout

2021-11-19 17:23:46 - [MESSAGE][INFO] - Finding web element with id: 'Object Repository/Butonlar/AltButonlar' located by 'By.cssSelector: .btn-group.open li>a' in '10' second(s)

2021-11-19 17:23:46 - [MESSAGE][INFO] - Smart Wait Function is triggered

2021-11-19 17:23:46 - [MESSAGE][INFO] - Found 2 web elements with id: 'Object Repository/Butonlar/AltButonlar' located by 'By.cssSelector: .btn-group.open li>a' in '10' second(s)

2021-11-19 17:23:46 - [MESSAGE][PASSED] - Method.TextDegerineEsitElementeTikla is PASSED

2021-11-19 17:23:46 - [MESSAGE][PASSED] - Call Test Case 'Test Cases/Butonlar/AltButonaTikla' successfully

2021-11-19 17:23:46 - [MESSAGE][INFO] - Checking called Test Case

2021-11-19 17:23:46 - [MESSAGE][INFO] - Starting to call Test Case 'Test Cases/Popup/PopupMesajiIceriyorMu'

2021-11-19 17:23:47 - [TEST_CASE][PASSED] - Test Cases/Popup/PopupMesajiIceriyorMu: Test Cases/Popup/PopupMesajiIceriyorMu

2021-11-19 17:23:47 - [TEST_STEP][PASSED] - waitForElementVisible(findTestObject("Popup/Popup"), 10): Object 'Object Repository/Popup/Popup' is visible

2021-11-19 17:23:47 - [MESSAGE][INFO] - Finding Test Object 'Object Repository/Popup/Popup'

2021-11-19 17:23:47 - [MESSAGE][INFO] - Checking object

2021-11-19 17:23:47 - [MESSAGE][INFO] - Checking timeout

2021-11-19 17:23:47 - [MESSAGE][INFO] - Finding web element from Test Object's properties

2021-11-19 17:23:47 - [MESSAGE][INFO] - Checking timeout

2021-11-19 17:23:47 - [MESSAGE][INFO] - Finding web element with id: 'Object Repository/Popup/Popup' located by 'By.cssSelector: .bootbox-body' in '10' second(s)

2021-11-19 17:23:47 - [MESSAGE][INFO] - Smart Wait Function is triggered

2021-11-19 17:23:47 - [MESSAGE][INFO] - Found 1 web elements with id: 'Object Repository/Popup/Popup' located by 'By.cssSelector: .bootbox-body' in '10' second(s)

2021-11-19 17:23:48 - [MESSAGE][PASSED] - Object 'Object Repository/Popup/Popup' is visible

2021-11-19 17:23:48 - [TEST_STEP][PASSED] - if (!(getText(findTestObject("Popup/Popup")).contains(Mesaj))): Text of object 'Object Repository/Popup/Popup' is: 'Lütfen rapor bildiriminin gönderileceği e-posta adresini belirtiniz.
e-Posta Adresi'

2021-11-19 17:23:48 - [MESSAGE][INFO] - Finding Test Object 'Object Repository/Popup/Popup'

2021-11-19 17:23:48 - [MESSAGE][INFO] - Checking object

2021-11-19 17:23:48 - [MESSAGE][INFO] - Finding web element from Test Object's properties

2021-11-19 17:23:48 - [MESSAGE][INFO] - Checking timeout

2021-11-19 17:23:48 - [MESSAGE][INFO] - Finding web element with id: 'Object Repository/Popup/Popup' located by 'By.cssSelector: .bootbox-body' in '30' second(s)

2021-11-19 17:23:48 - [MESSAGE][INFO] - Smart Wait Function is triggered

2021-11-19 17:23:48 - [MESSAGE][INFO] - Found 1 web elements with id: 'Object Repository/Popup/Popup' located by 'By.cssSelector: .bootbox-body' in '30' second(s)

2021-11-19 17:23:48 - [MESSAGE][INFO] - Getting text of object 'Object Repository/Popup/Popup'

2021-11-19 17:23:48 - [MESSAGE][PASSED] - Text of object 'Object Repository/Popup/Popup' is: 'Lütfen rapor bildiriminin gönderileceği e-posta adresini belirtiniz.
e-Posta Adresi'

2021-11-19 17:23:48 - [TEST_STEP][PASSED] - RaporNo = getText(findTestObject("Popup/Popup")).substring(0, 6): Text of object 'Object Repository/Popup/Popup' is: 'Lütfen rapor bildiriminin gönderileceği e-posta adresini belirtiniz.
e-Posta Adresi'

2021-11-19 17:23:48 - [MESSAGE][INFO] - Finding Test Object 'Object Repository/Popup/Popup'

2021-11-19 17:23:48 - [MESSAGE][INFO] - Checking object

2021-11-19 17:23:48 - [MESSAGE][INFO] - Finding web element from Test Object's properties

2021-11-19 17:23:48 - [MESSAGE][INFO] - Checking timeout

2021-11-19 17:23:48 - [MESSAGE][INFO] - Finding web element with id: 'Object Repository/Popup/Popup' located by 'By.cssSelector: .bootbox-body' in '30' second(s)

2021-11-19 17:23:48 - [MESSAGE][INFO] - Smart Wait Function is triggered

2021-11-19 17:23:48 - [MESSAGE][INFO] - Found 1 web elements with id: 'Object Repository/Popup/Popup' located by 'By.cssSelector: .bootbox-body' in '30' second(s)

2021-11-19 17:23:48 - [MESSAGE][INFO] - Getting text of object 'Object Repository/Popup/Popup'

2021-11-19 17:23:48 - [MESSAGE][PASSED] - Text of object 'Object Repository/Popup/Popup' is: 'Lütfen rapor bildiriminin gönderileceği e-posta adresini belirtiniz.
e-Posta Adresi'

2021-11-19 17:23:48 - [TEST_STEP][PASSED] - Console.println(RaporNo): null

2021-11-19 17:23:48 - [MESSAGE][PASSED] - Call Test Case 'Test Cases/Popup/PopupMesajiIceriyorMu' successfully

2021-11-19 17:23:48 - [MESSAGE][INFO] - Checking called Test Case

2021-11-19 17:23:48 - [MESSAGE][INFO] - Starting to call Test Case 'Test Cases/Popup/PopupaEmailEklenir'

2021-11-19 17:23:48 - [TEST_CASE][PASSED] - Test Cases/Popup/PopupaEmailEklenir: Test Cases/Popup/PopupaEmailEklenir

2021-11-19 17:23:48 - [TEST_STEP][PASSED] - clearText(findTestObject("Popup/EmailText")): Text of object 'Object Repository/Popup/EmailText' is cleared

2021-11-19 17:23:48 - [MESSAGE][INFO] - Finding Test Object 'Object Repository/Popup/EmailText'

2021-11-19 17:23:48 - [MESSAGE][INFO] - Checking object

2021-11-19 17:23:48 - [MESSAGE][INFO] - Finding web element from Test Object's properties

2021-11-19 17:23:48 - [MESSAGE][INFO] - Checking timeout

2021-11-19 17:23:48 - [MESSAGE][INFO] - Finding web element with id: 'Object Repository/Popup/EmailText' located by 'By.xpath: //*[@id="eMails"]' in '30' second(s)

2021-11-19 17:23:48 - [MESSAGE][INFO] - Smart Wait Function is triggered

2021-11-19 17:23:49 - [MESSAGE][INFO] - Found 1 web elements with id: 'Object Repository/Popup/EmailText' located by 'By.xpath: //*[@id="eMails"]' in '30' second(s)

2021-11-19 17:23:49 - [MESSAGE][INFO] - Clearing text of object 'Object Repository/Popup/EmailText'

2021-11-19 17:23:49 - [MESSAGE][PASSED] - Text of object 'Object Repository/Popup/EmailText' is cleared

2021-11-19 17:23:49 - [TEST_STEP][PASSED] - sendKeys(findTestObject("Popup/EmailText"), Email): Keys 'elogotest@gmail.com;ali.kara@logo.com.tr' sent to object: 'Object Repository/Popup/EmailText'

2021-11-19 17:23:49 - [MESSAGE][INFO] - Finding Test Object 'Object Repository/Popup/EmailText'

2021-11-19 17:23:49 - [MESSAGE][INFO] - Sending keys 'elogotest@gmail.com;ali.kara@logo.com.tr' to object: 'Object Repository/Popup/EmailText'

2021-11-19 17:23:49 - [MESSAGE][INFO] - Finding web element from Test Object's properties

2021-11-19 17:23:49 - [MESSAGE][INFO] - Checking timeout

2021-11-19 17:23:49 - [MESSAGE][INFO] - Finding web element with id: 'Object Repository/Popup/EmailText' located by 'By.xpath: //*[@id="eMails"]' in '30' second(s)

2021-11-19 17:23:49 - [MESSAGE][INFO] - Smart Wait Function is triggered

2021-11-19 17:23:49 - [MESSAGE][INFO] - Found 1 web elements with id: 'Object Repository/Popup/EmailText' located by 'By.xpath: //*[@id="eMails"]' in '30' second(s)

2021-11-19 17:23:49 - [MESSAGE][PASSED] - Keys 'elogotest@gmail.com;ali.kara@logo.com.tr' sent to object: 'Object Repository/Popup/EmailText'

2021-11-19 17:23:49 - [MESSAGE][PASSED] - Call Test Case 'Test Cases/Popup/PopupaEmailEklenir' successfully

2021-11-19 17:23:49 - [MESSAGE][INFO] - Checking called Test Case

2021-11-19 17:23:49 - [MESSAGE][INFO] - Starting to call Test Case 'Test Cases/Popup/PopupButonSecilir'

2021-11-19 17:23:49 - [TEST_CASE][PASSED] - Test Cases/Popup/PopupButonSecilir: Test Cases/Popup/PopupButonSecilir

2021-11-19 17:23:49 - [TEST_STEP][PASSED] - Method.TextDegerineEsitElementeTikla(findTestObject("Popup/Popup_Butons"), Buton): Method.TextDegerineEsitElementeTikla is PASSED

2021-11-19 17:23:49 - [MESSAGE][INFO] - Finding Test Object 'Object Repository/Popup/Popup_Butons'

2021-11-19 17:23:49 - [MESSAGE][INFO] - Checking timeout

2021-11-19 17:23:49 - [MESSAGE][INFO] - Finding web element with id: 'Object Repository/Popup/Popup_Butons' located by 'By.cssSelector: .modal-footer>button' in '10' second(s)

2021-11-19 17:23:49 - [MESSAGE][INFO] - Smart Wait Function is triggered

2021-11-19 17:23:50 - [MESSAGE][INFO] - Found 2 web elements with id: 'Object Repository/Popup/Popup_Butons' located by 'By.cssSelector: .modal-footer>button' in '10' second(s)

2021-11-19 17:23:50 - [MESSAGE][PASSED] - Method.TextDegerineEsitElementeTikla is PASSED

2021-11-19 17:23:50 - [MESSAGE][PASSED] - Call Test Case 'Test Cases/Popup/PopupButonSecilir' successfully

2021-11-19 17:23:50 - [MESSAGE][INFO] - Checking called Test Case

2021-11-19 17:23:50 - [MESSAGE][INFO] - Starting to call Test Case 'Test Cases/Popup/PopupMesajiIceriyorMu'

2021-11-19 17:23:50 - [TEST_CASE][PASSED] - Test Cases/Popup/PopupMesajiIceriyorMu: Test Cases/Popup/PopupMesajiIceriyorMu

2021-11-19 17:23:50 - [TEST_STEP][PASSED] - waitForElementVisible(findTestObject("Popup/Popup"), 10): Object 'Object Repository/Popup/Popup' is visible

2021-11-19 17:23:50 - [MESSAGE][INFO] - Finding Test Object 'Object Repository/Popup/Popup'

2021-11-19 17:23:50 - [MESSAGE][INFO] - Checking object

2021-11-19 17:23:50 - [MESSAGE][INFO] - Checking timeout

2021-11-19 17:23:50 - [MESSAGE][INFO] - Finding web element from Test Object's properties

2021-11-19 17:23:50 - [MESSAGE][INFO] - Checking timeout

2021-11-19 17:23:50 - [MESSAGE][INFO] - Finding web element with id: 'Object Repository/Popup/Popup' located by 'By.cssSelector: .bootbox-body' in '10' second(s)

2021-11-19 17:23:50 - [MESSAGE][INFO] - Smart Wait Function is triggered

2021-11-19 17:23:50 - [MESSAGE][INFO] - Found 1 web elements with id: 'Object Repository/Popup/Popup' located by 'By.cssSelector: .bootbox-body' in '10' second(s)

2021-11-19 17:23:50 - [MESSAGE][PASSED] - Object 'Object Repository/Popup/Popup' is visible

2021-11-19 17:23:50 - [TEST_STEP][PASSED] - if (!(getText(findTestObject("Popup/Popup")).contains(Mesaj))): Text of object 'Object Repository/Popup/Popup' is: '17503 no’lu talebiniz işleme alınmıştır. Raporunuz hazırlandığında (elogotest@gmail.com;ali.kara@logo.com.tr) adresinize mail gönderilecektir.
Rapor durumunuzu Raporlar > Toplu Veri İndirme ekranından takip edebilir, hazırlandı durumundaki raporlarınızı ilgili menüden indirebilirsiniz.'

2021-11-19 17:23:50 - [MESSAGE][INFO] - Finding Test Object 'Object Repository/Popup/Popup'

2021-11-19 17:23:51 - [MESSAGE][INFO] - Checking object

2021-11-19 17:23:51 - [MESSAGE][INFO] - Finding web element from Test Object's properties

2021-11-19 17:23:51 - [MESSAGE][INFO] - Checking timeout

2021-11-19 17:23:51 - [MESSAGE][INFO] - Finding web element with id: 'Object Repository/Popup/Popup' located by 'By.cssSelector: .bootbox-body' in '30' second(s)

2021-11-19 17:23:51 - [MESSAGE][INFO] - Smart Wait Function is triggered

2021-11-19 17:23:51 - [MESSAGE][INFO] - Found 1 web elements with id: 'Object Repository/Popup/Popup' located by 'By.cssSelector: .bootbox-body' in '30' second(s)

2021-11-19 17:23:51 - [MESSAGE][INFO] - Getting text of object 'Object Repository/Popup/Popup'

2021-11-19 17:23:51 - [MESSAGE][PASSED] - Text of object 'Object Repository/Popup/Popup' is: '17503 no’lu talebiniz işleme alınmıştır. Raporunuz hazırlandığında (elogotest@gmail.com;ali.kara@logo.com.tr) adresinize mail gönderilecektir.
Rapor durumunuzu Raporlar > Toplu Veri İndirme ekranından takip edebilir, hazırlandı durumundaki raporlarınızı ilgili menüden indirebilirsiniz.'

2021-11-19 17:23:51 - [TEST_STEP][PASSED] - RaporNo = getText(findTestObject("Popup/Popup")).substring(0, 6): Text of object 'Object Repository/Popup/Popup' is: '17503 no’lu talebiniz işleme alınmıştır. Raporunuz hazırlandığında (elogotest@gmail.com;ali.kara@logo.com.tr) adresinize mail gönderilecektir.
Rapor durumunuzu Raporlar > Toplu Veri İndirme ekranından takip edebilir, hazırlandı durumundaki raporlarınızı ilgili menüden indirebilirsiniz.'

2021-11-19 17:23:51 - [MESSAGE][INFO] - Finding Test Object 'Object Repository/Popup/Popup'

2021-11-19 17:23:51 - [MESSAGE][INFO] - Checking object

2021-11-19 17:23:51 - [MESSAGE][INFO] - Finding web element from Test Object's properties

2021-11-19 17:23:51 - [MESSAGE][INFO] - Checking timeout

2021-11-19 17:23:51 - [MESSAGE][INFO] - Finding web element with id: 'Object Repository/Popup/Popup' located by 'By.cssSelector: .bootbox-body' in '30' second(s)

2021-11-19 17:23:51 - [MESSAGE][INFO] - Smart Wait Function is triggered

2021-11-19 17:23:51 - [MESSAGE][INFO] - Found 1 web elements with id: 'Object Repository/Popup/Popup' located by 'By.cssSelector: .bootbox-body' in '30' second(s)

2021-11-19 17:23:51 - [MESSAGE][INFO] - Getting text of object 'Object Repository/Popup/Popup'

2021-11-19 17:23:51 - [MESSAGE][PASSED] - Text of object 'Object Repository/Popup/Popup' is: '17503 no’lu talebiniz işleme alınmıştır. Raporunuz hazırlandığında (elogotest@gmail.com;ali.kara@logo.com.tr) adresinize mail gönderilecektir.
Rapor durumunuzu Raporlar > Toplu Veri İndirme ekranından takip edebilir, hazırlandı durumundaki raporlarınızı ilgili menüden indirebilirsiniz.'

2021-11-19 17:23:51 - [TEST_STEP][PASSED] - Console.println(RaporNo): null

2021-11-19 17:23:51 - [MESSAGE][PASSED] - Call Test Case 'Test Cases/Popup/PopupMesajiIceriyorMu' successfully

2021-11-19 17:23:51 - [MESSAGE][INFO] - Checking called Test Case

2021-11-19 17:23:51 - [MESSAGE][INFO] - Starting to call Test Case 'Test Cases/Popup/PopupButonSecilir'

2021-11-19 17:23:51 - [TEST_CASE][PASSED] - Test Cases/Popup/PopupButonSecilir: Test Cases/Popup/PopupButonSecilir

2021-11-19 17:23:51 - [TEST_STEP][PASSED] - Method.TextDegerineEsitElementeTikla(findTestObject("Popup/Popup_Butons"), Buton): Method.TextDegerineEsitElementeTikla is PASSED

2021-11-19 17:23:51 - [MESSAGE][INFO] - Finding Test Object 'Object Repository/Popup/Popup_Butons'

2021-11-19 17:23:51 - [MESSAGE][INFO] - Checking timeout

2021-11-19 17:23:51 - [MESSAGE][INFO] - Finding web element with id: 'Object Repository/Popup/Popup_Butons' located by 'By.cssSelector: .modal-footer>button' in '10' second(s)

2021-11-19 17:23:51 - [MESSAGE][INFO] - Smart Wait Function is triggered

2021-11-19 17:23:52 - [MESSAGE][INFO] - Found 1 web elements with id: 'Object Repository/Popup/Popup_Butons' located by 'By.cssSelector: .modal-footer>button' in '10' second(s)

2021-11-19 17:23:52 - [MESSAGE][PASSED] - Method.TextDegerineEsitElementeTikla is PASSED

2021-11-19 17:23:52 - [MESSAGE][PASSED] - Call Test Case 'Test Cases/Popup/PopupButonSecilir' successfully

2021-11-19 17:23:52 - [MESSAGE][INFO] - Checking called Test Case

2021-11-19 17:23:52 - [MESSAGE][INFO] - Starting to call Test Case 'Test Cases/Butonlar/ButonaTikla'

2021-11-19 17:23:52 - [TEST_CASE][PASSED] - Test Cases/Butonlar/ButonaTikla: Test Cases/Butonlar/ButonaTikla

2021-11-19 17:23:52 - [TEST_STEP][PASSED] - Method.TextDegerineEsitElementeTiklaEquals(findTestObject("Butonlar/Butonlar"), Buton_Adi): Method.TextDegerineEsitElementeTiklaEquals is PASSED

2021-11-19 17:23:52 - [MESSAGE][INFO] - Finding Test Object 'Object Repository/Butonlar/Butonlar'

2021-11-19 17:23:52 - [MESSAGE][INFO] - Checking timeout

2021-11-19 17:23:52 - [MESSAGE][INFO] - Finding web element with id: 'Object Repository/Butonlar/Butonlar' located by 'By.cssSelector: .panel.panel-default.text-center.footerPanel .btn,.btn.btn-primary.btnControls' in '10' second(s)

2021-11-19 17:23:52 - [MESSAGE][INFO] - Smart Wait Function is triggered

2021-11-19 17:23:53 - [MESSAGE][INFO] - Found 6 web elements with id: 'Object Repository/Butonlar/Butonlar' located by 'By.cssSelector: .panel.panel-default.text-center.footerPanel .btn,.btn.btn-primary.btnControls' in '10' second(s)

2021-11-19 17:23:53 - [MESSAGE][PASSED] - Method.TextDegerineEsitElementeTiklaEquals is PASSED

2021-11-19 17:23:53 - [MESSAGE][PASSED] - Call Test Case 'Test Cases/Butonlar/ButonaTikla' successfully

2021-11-19 17:23:53 - [MESSAGE][INFO] - Checking called Test Case

2021-11-19 17:23:53 - [MESSAGE][INFO] - Starting to call Test Case 'Test Cases/Butonlar/AltButonaTikla'

2021-11-19 17:23:53 - [TEST_CASE][PASSED] - Test Cases/Butonlar/AltButonaTikla: Test Cases/Butonlar/AltButonaTikla

2021-11-19 17:23:53 - [TEST_STEP][PASSED] - Method.TextDegerineEsitElementeTikla(findTestObject("Butonlar/AltButonlar"), Alt_Buton): Method.TextDegerineEsitElementeTikla is PASSED

2021-11-19 17:23:53 - [MESSAGE][INFO] - Finding Test Object 'Object Repository/Butonlar/AltButonlar'

2021-11-19 17:23:53 - [MESSAGE][INFO] - Checking timeout

2021-11-19 17:23:53 - [MESSAGE][INFO] - Finding web element with id: 'Object Repository/Butonlar/AltButonlar' located by 'By.cssSelector: .btn-group.open li>a' in '10' second(s)

2021-11-19 17:23:53 - [MESSAGE][INFO] - Smart Wait Function is triggered

2021-11-19 17:23:53 - [MESSAGE][INFO] - Found 2 web elements with id: 'Object Repository/Butonlar/AltButonlar' located by 'By.cssSelector: .btn-group.open li>a' in '10' second(s)

2021-11-19 17:23:53 - [MESSAGE][PASSED] - Method.TextDegerineEsitElementeTikla is PASSED

2021-11-19 17:23:53 - [MESSAGE][PASSED] - Call Test Case 'Test Cases/Butonlar/AltButonaTikla' successfully

2021-11-19 17:23:53 - [MESSAGE][INFO] - Checking called Test Case

2021-11-19 17:23:53 - [MESSAGE][INFO] - Starting to call Test Case 'Test Cases/Popup/PopupMesajiIceriyorMu'

2021-11-19 17:23:53 - [TEST_CASE][PASSED] - Test Cases/Popup/PopupMesajiIceriyorMu: Test Cases/Popup/PopupMesajiIceriyorMu

2021-11-19 17:23:53 - [TEST_STEP][PASSED] - waitForElementVisible(findTestObject("Popup/Popup"), 10): Object 'Object Repository/Popup/Popup' is visible

2021-11-19 17:23:53 - [MESSAGE][INFO] - Finding Test Object 'Object Repository/Popup/Popup'

2021-11-19 17:23:53 - [MESSAGE][INFO] - Checking object

2021-11-19 17:23:53 - [MESSAGE][INFO] - Checking timeout

2021-11-19 17:23:53 - [MESSAGE][INFO] - Finding web element from Test Object's properties

2021-11-19 17:23:53 - [MESSAGE][INFO] - Checking timeout

2021-11-19 17:23:53 - [MESSAGE][INFO] - Finding web element with id: 'Object Repository/Popup/Popup' located by 'By.cssSelector: .bootbox-body' in '10' second(s)

2021-11-19 17:23:53 - [MESSAGE][INFO] - Smart Wait Function is triggered

2021-11-19 17:23:54 - [MESSAGE][INFO] - Found 1 web elements with id: 'Object Repository/Popup/Popup' located by 'By.cssSelector: .bootbox-body' in '10' second(s)

2021-11-19 17:23:54 - [MESSAGE][PASSED] - Object 'Object Repository/Popup/Popup' is visible

2021-11-19 17:23:54 - [TEST_STEP][PASSED] - if (!(getText(findTestObject("Popup/Popup")).contains(Mesaj))): Text of object 'Object Repository/Popup/Popup' is: 'Lütfen rapor bildiriminin gönderileceği e-posta adresini belirtiniz.
e-Posta Adresi'

2021-11-19 17:23:54 - [MESSAGE][INFO] - Finding Test Object 'Object Repository/Popup/Popup'

2021-11-19 17:23:54 - [MESSAGE][INFO] - Checking object

2021-11-19 17:23:54 - [MESSAGE][INFO] - Finding web element from Test Object's properties

2021-11-19 17:23:54 - [MESSAGE][INFO] - Checking timeout

2021-11-19 17:23:54 - [MESSAGE][INFO] - Finding web element with id: 'Object Repository/Popup/Popup' located by 'By.cssSelector: .bootbox-body' in '30' second(s)

2021-11-19 17:23:54 - [MESSAGE][INFO] - Smart Wait Function is triggered

2021-11-19 17:23:54 - [MESSAGE][INFO] - Found 1 web elements with id: 'Object Repository/Popup/Popup' located by 'By.cssSelector: .bootbox-body' in '30' second(s)

2021-11-19 17:23:54 - [MESSAGE][INFO] - Getting text of object 'Object Repository/Popup/Popup'

2021-11-19 17:23:54 - [MESSAGE][PASSED] - Text of object 'Object Repository/Popup/Popup' is: 'Lütfen rapor bildiriminin gönderileceği e-posta adresini belirtiniz.
e-Posta Adresi'

2021-11-19 17:23:54 - [TEST_STEP][PASSED] - RaporNo = getText(findTestObject("Popup/Popup")).substring(0, 6): Text of object 'Object Repository/Popup/Popup' is: 'Lütfen rapor bildiriminin gönderileceği e-posta adresini belirtiniz.
e-Posta Adresi'

2021-11-19 17:23:54 - [MESSAGE][INFO] - Finding Test Object 'Object Repository/Popup/Popup'

2021-11-19 17:23:54 - [MESSAGE][INFO] - Checking object

2021-11-19 17:23:54 - [MESSAGE][INFO] - Finding web element from Test Object's properties

2021-11-19 17:23:54 - [MESSAGE][INFO] - Checking timeout

2021-11-19 17:23:54 - [MESSAGE][INFO] - Finding web element with id: 'Object Repository/Popup/Popup' located by 'By.cssSelector: .bootbox-body' in '30' second(s)

2021-11-19 17:23:54 - [MESSAGE][INFO] - Smart Wait Function is triggered

2021-11-19 17:23:55 - [MESSAGE][INFO] - Found 1 web elements with id: 'Object Repository/Popup/Popup' located by 'By.cssSelector: .bootbox-body' in '30' second(s)

2021-11-19 17:23:55 - [MESSAGE][INFO] - Getting text of object 'Object Repository/Popup/Popup'

2021-11-19 17:23:55 - [MESSAGE][PASSED] - Text of object 'Object Repository/Popup/Popup' is: 'Lütfen rapor bildiriminin gönderileceği e-posta adresini belirtiniz.
e-Posta Adresi'

2021-11-19 17:23:55 - [TEST_STEP][PASSED] - Console.println(RaporNo): null

2021-11-19 17:23:55 - [MESSAGE][PASSED] - Call Test Case 'Test Cases/Popup/PopupMesajiIceriyorMu' successfully

2021-11-19 17:23:55 - [MESSAGE][INFO] - Checking called Test Case

2021-11-19 17:23:55 - [MESSAGE][INFO] - Starting to call Test Case 'Test Cases/Popup/PopupaEmailEklenir'

2021-11-19 17:23:55 - [TEST_CASE][PASSED] - Test Cases/Popup/PopupaEmailEklenir: Test Cases/Popup/PopupaEmailEklenir

2021-11-19 17:23:55 - [TEST_STEP][PASSED] - clearText(findTestObject("Popup/EmailText")): Text of object 'Object Repository/Popup/EmailText' is cleared

2021-11-19 17:23:55 - [MESSAGE][INFO] - Finding Test Object 'Object Repository/Popup/EmailText'

2021-11-19 17:23:55 - [MESSAGE][INFO] - Checking object

2021-11-19 17:23:55 - [MESSAGE][INFO] - Finding web element from Test Object's properties

2021-11-19 17:23:55 - [MESSAGE][INFO] - Checking timeout

2021-11-19 17:23:55 - [MESSAGE][INFO] - Finding web element with id: 'Object Repository/Popup/EmailText' located by 'By.xpath: //*[@id="eMails"]' in '30' second(s)

2021-11-19 17:23:55 - [MESSAGE][INFO] - Smart Wait Function is triggered

2021-11-19 17:23:55 - [MESSAGE][INFO] - Found 1 web elements with id: 'Object Repository/Popup/EmailText' located by 'By.xpath: //*[@id="eMails"]' in '30' second(s)

2021-11-19 17:23:55 - [MESSAGE][INFO] - Clearing text of object 'Object Repository/Popup/EmailText'

2021-11-19 17:23:55 - [MESSAGE][PASSED] - Text of object 'Object Repository/Popup/EmailText' is cleared

2021-11-19 17:23:55 - [TEST_STEP][PASSED] - sendKeys(findTestObject("Popup/EmailText"), Email): Keys 'elogotest@gmail.com;ali.kara@logo.com.tr' sent to object: 'Object Repository/Popup/EmailText'

2021-11-19 17:23:55 - [MESSAGE][INFO] - Finding Test Object 'Object Repository/Popup/EmailText'

2021-11-19 17:23:55 - [MESSAGE][INFO] - Sending keys 'elogotest@gmail.com;ali.kara@logo.com.tr' to object: 'Object Repository/Popup/EmailText'

2021-11-19 17:23:55 - [MESSAGE][INFO] - Finding web element from Test Object's properties

2021-11-19 17:23:55 - [MESSAGE][INFO] - Checking timeout

2021-11-19 17:23:55 - [MESSAGE][INFO] - Finding web element with id: 'Object Repository/Popup/EmailText' located by 'By.xpath: //*[@id="eMails"]' in '30' second(s)

2021-11-19 17:23:55 - [MESSAGE][INFO] - Smart Wait Function is triggered

2021-11-19 17:23:55 - [MESSAGE][INFO] - Found 1 web elements with id: 'Object Repository/Popup/EmailText' located by 'By.xpath: //*[@id="eMails"]' in '30' second(s)

2021-11-19 17:23:56 - [MESSAGE][PASSED] - Keys 'elogotest@gmail.com;ali.kara@logo.com.tr' sent to object: 'Object Repository/Popup/EmailText'

2021-11-19 17:23:56 - [MESSAGE][PASSED] - Call Test Case 'Test Cases/Popup/PopupaEmailEklenir' successfully

2021-11-19 17:23:56 - [MESSAGE][INFO] - Checking called Test Case

2021-11-19 17:23:56 - [MESSAGE][INFO] - Starting to call Test Case 'Test Cases/Popup/PopupButonSecilir'

2021-11-19 17:23:56 - [TEST_CASE][PASSED] - Test Cases/Popup/PopupButonSecilir: Test Cases/Popup/PopupButonSecilir

2021-11-19 17:23:56 - [TEST_STEP][PASSED] - Method.TextDegerineEsitElementeTikla(findTestObject("Popup/Popup_Butons"), Buton): Method.TextDegerineEsitElementeTikla is PASSED

2021-11-19 17:23:56 - [MESSAGE][INFO] - Finding Test Object 'Object Repository/Popup/Popup_Butons'

2021-11-19 17:23:56 - [MESSAGE][INFO] - Checking timeout

2021-11-19 17:23:56 - [MESSAGE][INFO] - Finding web element with id: 'Object Repository/Popup/Popup_Butons' located by 'By.cssSelector: .modal-footer>button' in '10' second(s)

2021-11-19 17:23:56 - [MESSAGE][INFO] - Smart Wait Function is triggered

2021-11-19 17:23:56 - [MESSAGE][INFO] - Found 2 web elements with id: 'Object Repository/Popup/Popup_Butons' located by 'By.cssSelector: .modal-footer>button' in '10' second(s)

2021-11-19 17:23:56 - [MESSAGE][PASSED] - Method.TextDegerineEsitElementeTikla is PASSED

2021-11-19 17:23:56 - [MESSAGE][PASSED] - Call Test Case 'Test Cases/Popup/PopupButonSecilir' successfully

2021-11-19 17:23:56 - [MESSAGE][INFO] - Checking called Test Case

2021-11-19 17:23:56 - [MESSAGE][INFO] - Starting to call Test Case 'Test Cases/Popup/PopupMesajiIceriyorMu'

2021-11-19 17:23:56 - [TEST_CASE][PASSED] - Test Cases/Popup/PopupMesajiIceriyorMu: Test Cases/Popup/PopupMesajiIceriyorMu

2021-11-19 17:23:56 - [TEST_STEP][PASSED] - waitForElementVisible(findTestObject("Popup/Popup"), 10): Object 'Object Repository/Popup/Popup' is visible

2021-11-19 17:23:56 - [MESSAGE][INFO] - Finding Test Object 'Object Repository/Popup/Popup'

2021-11-19 17:23:56 - [MESSAGE][INFO] - Checking object

2021-11-19 17:23:56 - [MESSAGE][INFO] - Checking timeout

2021-11-19 17:23:56 - [MESSAGE][INFO] - Finding web element from Test Object's properties

2021-11-19 17:23:56 - [MESSAGE][INFO] - Checking timeout

2021-11-19 17:23:56 - [MESSAGE][INFO] - Finding web element with id: 'Object Repository/Popup/Popup' located by 'By.cssSelector: .bootbox-body' in '10' second(s)

2021-11-19 17:23:56 - [MESSAGE][INFO] - Smart Wait Function is triggered

2021-11-19 17:23:57 - [MESSAGE][INFO] - Found 1 web elements with id: 'Object Repository/Popup/Popup' located by 'By.cssSelector: .bootbox-body' in '10' second(s)

2021-11-19 17:23:57 - [MESSAGE][PASSED] - Object 'Object Repository/Popup/Popup' is visible

2021-11-19 17:23:57 - [TEST_STEP][PASSED] - if (!(getText(findTestObject("Popup/Popup")).contains(Mesaj))): Text of object 'Object Repository/Popup/Popup' is: '17504 no’lu talebiniz işleme alınmıştır. Raporunuz hazırlandığında (elogotest@gmail.com;ali.kara@logo.com.tr) adresinize mail gönderilecektir.
Rapor durumunuzu Raporlar > Toplu Veri İndirme ekranından takip edebilir, hazırlandı durumundaki raporlarınızı ilgili menüden indirebilirsiniz.'

2021-11-19 17:23:57 - [MESSAGE][INFO] - Finding Test Object 'Object Repository/Popup/Popup'

2021-11-19 17:23:57 - [MESSAGE][INFO] - Checking object

2021-11-19 17:23:57 - [MESSAGE][INFO] - Finding web element from Test Object's properties

2021-11-19 17:23:57 - [MESSAGE][INFO] - Checking timeout

2021-11-19 17:23:57 - [MESSAGE][INFO] - Finding web element with id: 'Object Repository/Popup/Popup' located by 'By.cssSelector: .bootbox-body' in '30' second(s)

2021-11-19 17:23:57 - [MESSAGE][INFO] - Smart Wait Function is triggered

2021-11-19 17:23:57 - [MESSAGE][INFO] - Found 1 web elements with id: 'Object Repository/Popup/Popup' located by 'By.cssSelector: .bootbox-body' in '30' second(s)

2021-11-19 17:23:57 - [MESSAGE][INFO] - Getting text of object 'Object Repository/Popup/Popup'

2021-11-19 17:23:57 - [MESSAGE][PASSED] - Text of object 'Object Repository/Popup/Popup' is: '17504 no’lu talebiniz işleme alınmıştır. Raporunuz hazırlandığında (elogotest@gmail.com;ali.kara@logo.com.tr) adresinize mail gönderilecektir.
Rapor durumunuzu Raporlar > Toplu Veri İndirme ekranından takip edebilir, hazırlandı durumundaki raporlarınızı ilgili menüden indirebilirsiniz.'

2021-11-19 17:23:57 - [TEST_STEP][PASSED] - RaporNo = getText(findTestObject("Popup/Popup")).substring(0, 6): Text of object 'Object Repository/Popup/Popup' is: '17504 no’lu talebiniz işleme alınmıştır. Raporunuz hazırlandığında (elogotest@gmail.com;ali.kara@logo.com.tr) adresinize mail gönderilecektir.
Rapor durumunuzu Raporlar > Toplu Veri İndirme ekranından takip edebilir, hazırlandı durumundaki raporlarınızı ilgili menüden indirebilirsiniz.'

2021-11-19 17:23:57 - [MESSAGE][INFO] - Finding Test Object 'Object Repository/Popup/Popup'

2021-11-19 17:23:58 - [MESSAGE][INFO] - Checking object

2021-11-19 17:23:58 - [MESSAGE][INFO] - Finding web element from Test Object's properties

2021-11-19 17:23:58 - [MESSAGE][INFO] - Checking timeout

2021-11-19 17:23:58 - [MESSAGE][INFO] - Finding web element with id: 'Object Repository/Popup/Popup' located by 'By.cssSelector: .bootbox-body' in '30' second(s)

2021-11-19 17:23:58 - [MESSAGE][INFO] - Smart Wait Function is triggered

2021-11-19 17:23:58 - [MESSAGE][INFO] - Found 1 web elements with id: 'Object Repository/Popup/Popup' located by 'By.cssSelector: .bootbox-body' in '30' second(s)

2021-11-19 17:23:58 - [MESSAGE][INFO] - Getting text of object 'Object Repository/Popup/Popup'

2021-11-19 17:23:58 - [MESSAGE][PASSED] - Text of object 'Object Repository/Popup/Popup' is: '17504 no’lu talebiniz işleme alınmıştır. Raporunuz hazırlandığında (elogotest@gmail.com;ali.kara@logo.com.tr) adresinize mail gönderilecektir.
Rapor durumunuzu Raporlar > Toplu Veri İndirme ekranından takip edebilir, hazırlandı durumundaki raporlarınızı ilgili menüden indirebilirsiniz.'

2021-11-19 17:23:58 - [TEST_STEP][PASSED] - Console.println(RaporNo): null

2021-11-19 17:23:58 - [MESSAGE][PASSED] - Call Test Case 'Test Cases/Popup/PopupMesajiIceriyorMu' successfully

2021-11-19 17:23:58 - [MESSAGE][INFO] - Checking called Test Case

2021-11-19 17:23:58 - [MESSAGE][INFO] - Starting to call Test Case 'Test Cases/Popup/PopupButonSecilir'

2021-11-19 17:23:58 - [TEST_CASE][PASSED] - Test Cases/Popup/PopupButonSecilir: Test Cases/Popup/PopupButonSecilir

2021-11-19 17:23:58 - [TEST_STEP][PASSED] - Method.TextDegerineEsitElementeTikla(findTestObject("Popup/Popup_Butons"), Buton): Method.TextDegerineEsitElementeTikla is PASSED

2021-11-19 17:23:58 - [MESSAGE][INFO] - Finding Test Object 'Object Repository/Popup/Popup_Butons'

2021-11-19 17:23:58 - [MESSAGE][INFO] - Checking timeout

2021-11-19 17:23:58 - [MESSAGE][INFO] - Finding web element with id: 'Object Repository/Popup/Popup_Butons' located by 'By.cssSelector: .modal-footer>button' in '10' second(s)

2021-11-19 17:23:58 - [MESSAGE][INFO] - Smart Wait Function is triggered

2021-11-19 17:23:58 - [MESSAGE][INFO] - Found 1 web elements with id: 'Object Repository/Popup/Popup_Butons' located by 'By.cssSelector: .modal-footer>button' in '10' second(s)

2021-11-19 17:23:58 - [MESSAGE][PASSED] - Method.TextDegerineEsitElementeTikla is PASSED

2021-11-19 17:23:58 - [MESSAGE][PASSED] - Call Test Case 'Test Cases/Popup/PopupButonSecilir' successfully

2021-11-19 17:23:58 - [MESSAGE][INFO] - Checking called Test Case

2021-11-19 17:23:58 - [MESSAGE][INFO] - Starting to call Test Case 'Test Cases/Menu/AnaMenuSecimi'

2021-11-19 17:23:59 - [TEST_CASE][PASSED] - Test Cases/Menu/AnaMenuSecimi: Test Cases/Menu/AnaMenuSecimi

2021-11-19 17:23:59 - [TEST_STEP][PASSED] - Method.TextDegerineEsitElementeTikla(findTestObject("Menu/Ana_Menu"), Ana_Menu): Method.TextDegerineEsitElementeTikla is PASSED

2021-11-19 17:23:59 - [MESSAGE][INFO] - Finding Test Object 'Object Repository/Menu/Ana_Menu'

2021-11-19 17:23:59 - [MESSAGE][INFO] - Checking timeout

2021-11-19 17:23:59 - [MESSAGE][INFO] - Finding web element with id: 'Object Repository/Menu/Ana_Menu' located by 'By.xpath: //*[@class = 'dropdown-toggle']' in '10' second(s)

2021-11-19 17:23:59 - [MESSAGE][INFO] - Smart Wait Function is triggered

2021-11-19 17:23:59 - [MESSAGE][INFO] - Found 14 web elements with id: 'Object Repository/Menu/Ana_Menu' located by 'By.xpath: //*[@class = 'dropdown-toggle']' in '10' second(s)

2021-11-19 17:23:59 - [MESSAGE][PASSED] - Method.TextDegerineEsitElementeTikla is PASSED

2021-11-19 17:23:59 - [MESSAGE][PASSED] - Call Test Case 'Test Cases/Menu/AnaMenuSecimi' successfully

2021-11-19 17:23:59 - [MESSAGE][INFO] - Checking called Test Case

2021-11-19 17:23:59 - [MESSAGE][INFO] - Starting to call Test Case 'Test Cases/Menu/AltMenuSecimi'

2021-11-19 17:24:00 - [TEST_CASE][PASSED] - Test Cases/Menu/AltMenuSecimi: Test Cases/Menu/AltMenuSecimi

2021-11-19 17:24:00 - [TEST_STEP][PASSED] - Method.TextDegerineEsitElementeTikla(findTestObject("Menu/Alt_Menu"), Alt_Menu): Method.TextDegerineEsitElementeTikla is PASSED

2021-11-19 17:24:00 - [MESSAGE][INFO] - Finding Test Object 'Object Repository/Menu/Alt_Menu'

2021-11-19 17:24:00 - [MESSAGE][INFO] - Checking timeout

2021-11-19 17:24:00 - [MESSAGE][INFO] - Finding web element with id: 'Object Repository/Menu/Alt_Menu' located by 'By.xpath: //li[@class='dropdown dropdown-large open']//li[@class='dropdown-element']' in '10' second(s)

2021-11-19 17:24:00 - [MESSAGE][INFO] - Smart Wait Function is triggered

2021-11-19 17:24:00 - [MESSAGE][INFO] - Found 2 web elements with id: 'Object Repository/Menu/Alt_Menu' located by 'By.xpath: //li[@class='dropdown dropdown-large open']//li[@class='dropdown-element']' in '10' second(s)

2021-11-19 17:24:01 - [MESSAGE][PASSED] - Method.TextDegerineEsitElementeTikla is PASSED

2021-11-19 17:24:01 - [MESSAGE][PASSED] - Call Test Case 'Test Cases/Menu/AltMenuSecimi' successfully

2021-11-19 17:24:01 - [MESSAGE][INFO] - Checking called Test Case

2021-11-19 17:24:01 - [MESSAGE][INFO] - Starting to call Test Case 'Test Cases/Filtreler/DropdownSec'

2021-11-19 17:24:01 - [TEST_CASE][PASSED] - Test Cases/Filtreler/DropdownSec: Test Cases/Filtreler/DropdownSec

2021-11-19 17:24:01 - [TEST_STEP][PASSED] - Method.TextDegerineEsitElementinAltindakineTikla(findTestObject("Filtreler/Basliklar"), findTestObject("Filtreler/Basliga_Gore_Baslangic_Image"), Filtre_Adi): Method.TextDegerineEsitElementinAltindakineTikla is PASSED

2021-11-19 17:24:01 - [MESSAGE][INFO] - Finding Test Object 'Object Repository/Filtreler/Basliklar'

2021-11-19 17:24:01 - [MESSAGE][INFO] - Finding Test Object 'Object Repository/Filtreler/Basliga_Gore_Baslangic_Image'

2021-11-19 17:24:01 - [MESSAGE][INFO] - Checking timeout

2021-11-19 17:24:01 - [MESSAGE][INFO] - Finding web element with id: 'Object Repository/Filtreler/Basliklar' located by 'By.cssSelector: .control-label.col-sm-4.paddingMarginRLC' in '10' second(s)

2021-11-19 17:24:01 - [MESSAGE][INFO] - Smart Wait Function is triggered

2021-11-19 17:24:02 - [MESSAGE][INFO] - Found 8 web elements with id: 'Object Repository/Filtreler/Basliklar' located by 'By.cssSelector: .control-label.col-sm-4.paddingMarginRLC' in '10' second(s)

2021-11-19 17:24:02 - [MESSAGE][INFO] - Smart Wait Function is triggered

2021-11-19 17:24:02 - [MESSAGE][PASSED] - Method.TextDegerineEsitElementinAltindakineTikla is PASSED

2021-11-19 17:24:02 - [TEST_STEP][PASSED] - Method.TextDegerineEsitElementeTikla(findTestObject("Object Repository/Filtreler/Basliga_Gore_Dropdown"), Filtre_Degeri): Method.TextDegerineEsitElementeTikla is PASSED

2021-11-19 17:24:02 - [MESSAGE][INFO] - Finding Test Object 'Object Repository/Filtreler/Basliga_Gore_Dropdown'

2021-11-19 17:24:02 - [MESSAGE][INFO] - Checking timeout

2021-11-19 17:24:02 - [MESSAGE][INFO] - Finding web element with id: 'Object Repository/Filtreler/Basliga_Gore_Dropdown' located by 'By.xpath: //*[@class = 'dxeListBoxItemRow_LECustomTheme']' in '10' second(s)

2021-11-19 17:24:02 - [MESSAGE][INFO] - Smart Wait Function is triggered

2021-11-19 17:24:03 - [MESSAGE][INFO] - Found 10 web elements with id: 'Object Repository/Filtreler/Basliga_Gore_Dropdown' located by 'By.xpath: //*[@class = 'dxeListBoxItemRow_LECustomTheme']' in '10' second(s)

2021-11-19 17:24:03 - [MESSAGE][PASSED] - Method.TextDegerineEsitElementeTikla is PASSED

2021-11-19 17:24:03 - [MESSAGE][PASSED] - Call Test Case 'Test Cases/Filtreler/DropdownSec' successfully

2021-11-19 17:24:03 - [MESSAGE][INFO] - Checking called Test Case

2021-11-19 17:24:03 - [MESSAGE][INFO] - Starting to call Test Case 'Test Cases/Filtreler/BaslangicYaz'

2021-11-19 17:24:03 - [TEST_CASE][PASSED] - Test Cases/Filtreler/BaslangicYaz: Test Cases/Filtreler/BaslangicYaz

2021-11-19 17:24:03 - [TEST_STEP][PASSED] - delay(3): Delayed 3 second(s)

2021-11-19 17:24:03 - [MESSAGE][INFO] - Delaying browser in 3 second(s)

2021-11-19 17:24:06 - [MESSAGE][PASSED] - Delayed 3 second(s)

2021-11-19 17:24:06 - [TEST_STEP][PASSED] - Method.TextDegerineEsitElementinAltindakineTikla(findTestObject("Filtreler/Basliklar"), findTestObject("Filtreler/Basliga_Gore_Baslangic_Image"), Filtre_Adi): Method.TextDegerineEsitElementinAltindakineTikla is PASSED

2021-11-19 17:24:06 - [MESSAGE][INFO] - Finding Test Object 'Object Repository/Filtreler/Basliklar'

2021-11-19 17:24:06 - [MESSAGE][INFO] - Finding Test Object 'Object Repository/Filtreler/Basliga_Gore_Baslangic_Image'

2021-11-19 17:24:06 - [MESSAGE][INFO] - Checking timeout

2021-11-19 17:24:06 - [MESSAGE][INFO] - Finding web element with id: 'Object Repository/Filtreler/Basliklar' located by 'By.cssSelector: .control-label.col-sm-4.paddingMarginRLC' in '10' second(s)

2021-11-19 17:24:06 - [MESSAGE][INFO] - Smart Wait Function is triggered

2021-11-19 17:24:06 - [MESSAGE][INFO] - Found 8 web elements with id: 'Object Repository/Filtreler/Basliklar' located by 'By.cssSelector: .control-label.col-sm-4.paddingMarginRLC' in '10' second(s)

2021-11-19 17:24:06 - [MESSAGE][INFO] - Smart Wait Function is triggered

2021-11-19 17:24:07 - [MESSAGE][PASSED] - Method.TextDegerineEsitElementinAltindakineTikla is PASSED

2021-11-19 17:24:07 - [TEST_STEP][PASSED] - Method.TextDegerineEsitElementinAltindakiTextboxtaYaz(findTestObject("Filtreler/Basliklar"), findTestObject("Filtreler/Basliga_Gore_Baslangic"), Filtre_Adi, Filtre_Degeri): Method.TextDegerineEsitElementinAltindakiTextboxtaYaz is PASSED

2021-11-19 17:24:07 - [MESSAGE][INFO] - Finding Test Object 'Object Repository/Filtreler/Basliklar'

2021-11-19 17:24:07 - [MESSAGE][INFO] - Finding Test Object 'Object Repository/Filtreler/Basliga_Gore_Baslangic'

2021-11-19 17:24:07 - [MESSAGE][INFO] - Checking timeout

2021-11-19 17:24:07 - [MESSAGE][INFO] - Finding web element with id: 'Object Repository/Filtreler/Basliklar' located by 'By.cssSelector: .control-label.col-sm-4.paddingMarginRLC' in '10' second(s)

2021-11-19 17:24:07 - [MESSAGE][INFO] - Smart Wait Function is triggered

2021-11-19 17:24:07 - [MESSAGE][INFO] - Found 8 web elements with id: 'Object Repository/Filtreler/Basliklar' located by 'By.cssSelector: .control-label.col-sm-4.paddingMarginRLC' in '10' second(s)

2021-11-19 17:24:07 - [MESSAGE][INFO] - Smart Wait Function is triggered

2021-11-19 17:24:08 - [MESSAGE][PASSED] - Method.TextDegerineEsitElementinAltindakiTextboxtaYaz is PASSED

2021-11-19 17:24:08 - [MESSAGE][PASSED] - Call Test Case 'Test Cases/Filtreler/BaslangicYaz' successfully

2021-11-19 17:24:08 - [MESSAGE][INFO] - Checking called Test Case

2021-11-19 17:24:08 - [MESSAGE][INFO] - Starting to call Test Case 'Test Cases/Filtreler/BitisYaz'

2021-11-19 17:24:08 - [TEST_CASE][PASSED] - Test Cases/Filtreler/BitisYaz: Test Cases/Filtreler/BitisYaz

2021-11-19 17:24:08 - [TEST_STEP][PASSED] - Method.TextDegerineEsitElementinAltindakineTikla(findTestObject("Filtreler/Basliklar"), findTestObject("Filtreler/Basliga_Gore_Bitis_Image"), Filtre_Adi): Method.TextDegerineEsitElementinAltindakineTikla is PASSED

2021-11-19 17:24:08 - [MESSAGE][INFO] - Finding Test Object 'Object Repository/Filtreler/Basliklar'

2021-11-19 17:24:08 - [MESSAGE][INFO] - Finding Test Object 'Object Repository/Filtreler/Basliga_Gore_Bitis_Image'

2021-11-19 17:24:08 - [MESSAGE][INFO] - Checking timeout

2021-11-19 17:24:08 - [MESSAGE][INFO] - Finding web element with id: 'Object Repository/Filtreler/Basliklar' located by 'By.cssSelector: .control-label.col-sm-4.paddingMarginRLC' in '10' second(s)

2021-11-19 17:24:08 - [MESSAGE][INFO] - Smart Wait Function is triggered

2021-11-19 17:24:09 - [MESSAGE][INFO] - Found 8 web elements with id: 'Object Repository/Filtreler/Basliklar' located by 'By.cssSelector: .control-label.col-sm-4.paddingMarginRLC' in '10' second(s)

2021-11-19 17:24:09 - [MESSAGE][INFO] - Smart Wait Function is triggered

2021-11-19 17:24:09 - [MESSAGE][PASSED] - Method.TextDegerineEsitElementinAltindakineTikla is PASSED

2021-11-19 17:24:09 - [TEST_STEP][PASSED] - Method.TextDegerineEsitElementinAltindakiTextboxtaYaz(findTestObject("Filtreler/Basliklar"), findTestObject("Object Repository/Filtreler/Basliga_Gore_Bitis"), Filtre_Adi, Filtre_Degeri): Method.TextDegerineEsitElementinAltindakiTextboxtaYaz is PASSED

2021-11-19 17:24:09 - [MESSAGE][INFO] - Finding Test Object 'Object Repository/Filtreler/Basliklar'

2021-11-19 17:24:09 - [MESSAGE][INFO] - Finding Test Object 'Object Repository/Filtreler/Basliga_Gore_Bitis'

2021-11-19 17:24:09 - [MESSAGE][INFO] - Checking timeout

2021-11-19 17:24:09 - [MESSAGE][INFO] - Finding web element with id: 'Object Repository/Filtreler/Basliklar' located by 'By.cssSelector: .control-label.col-sm-4.paddingMarginRLC' in '10' second(s)

2021-11-19 17:24:09 - [MESSAGE][INFO] - Smart Wait Function is triggered

2021-11-19 17:24:10 - [MESSAGE][INFO] - Found 8 web elements with id: 'Object Repository/Filtreler/Basliklar' located by 'By.cssSelector: .control-label.col-sm-4.paddingMarginRLC' in '10' second(s)

2021-11-19 17:24:10 - [MESSAGE][INFO] - Smart Wait Function is triggered

2021-11-19 17:24:10 - [MESSAGE][PASSED] - Method.TextDegerineEsitElementinAltindakiTextboxtaYaz is PASSED

2021-11-19 17:24:10 - [MESSAGE][PASSED] - Call Test Case 'Test Cases/Filtreler/BitisYaz' successfully

2021-11-19 17:24:10 - [MESSAGE][INFO] - Checking called Test Case

2021-11-19 17:24:10 - [MESSAGE][INFO] - Starting to call Test Case 'Test Cases/Filtreler/ButonaTikla'

2021-11-19 17:24:10 - [TEST_CASE][PASSED] - Test Cases/Filtreler/ButonaTikla: Test Cases/Filtreler/ButonaTikla

2021-11-19 17:24:10 - [TEST_STEP][PASSED] - Method.TextDegerineEsitElementeTikla(findTestObject("Filtreler/Butonlar"), Filtre_Buton): Method.TextDegerineEsitElementeTikla is PASSED

2021-11-19 17:24:10 - [MESSAGE][INFO] - Finding Test Object 'Object Repository/Filtreler/Butonlar'

2021-11-19 17:24:10 - [MESSAGE][INFO] - Checking timeout

2021-11-19 17:24:10 - [MESSAGE][INFO] - Finding web element with id: 'Object Repository/Filtreler/Butonlar' located by 'By.cssSelector: .dxb>span' in '10' second(s)

2021-11-19 17:24:10 - [MESSAGE][INFO] - Smart Wait Function is triggered

2021-11-19 17:24:11 - [MESSAGE][INFO] - Found 3 web elements with id: 'Object Repository/Filtreler/Butonlar' located by 'By.cssSelector: .dxb>span' in '10' second(s)

2021-11-19 17:24:11 - [MESSAGE][PASSED] - Method.TextDegerineEsitElementeTikla is PASSED

2021-11-19 17:24:11 - [MESSAGE][PASSED] - Call Test Case 'Test Cases/Filtreler/ButonaTikla' successfully

2021-11-19 17:24:11 - [MESSAGE][INFO] - Checking called Test Case

2021-11-19 17:24:11 - [MESSAGE][INFO] - Starting to call Test Case 'Test Cases/Tablo/TablonunButonunaTikla'

2021-11-19 17:24:11 - [TEST_CASE][PASSED] - Test Cases/Tablo/TablonunButonunaTikla: Test Cases/Tablo/TablonunButonunaTikla

2021-11-19 17:24:11 - [TEST_STEP][PASSED] - Method.TextDegerineEsitElementinAltindakiTextDegerineEsitOlanaTikla(findTestObject("Tablo/Veriler"), findTestObject("Tablo/VerininButonu"), Veri, Buton_Adi): Method.TextDegerineEsitElementinAltindakiTextDegerineEsitOlanaTikla is PASSED

2021-11-19 17:24:11 - [MESSAGE][INFO] - Finding Test Object 'Object Repository/Tablo/Veriler'

2021-11-19 17:24:11 - [MESSAGE][INFO] - Finding Test Object 'Object Repository/Tablo/VerininButonu'

2021-11-19 17:24:11 - [MESSAGE][INFO] - Checking timeout

2021-11-19 17:24:11 - [MESSAGE][INFO] - Finding web element with id: 'Object Repository/Tablo/Veriler' located by 'By.cssSelector: td.dxgv b ,td.dxgv' in '10' second(s)

2021-11-19 17:24:11 - [MESSAGE][INFO] - Smart Wait Function is triggered

2021-11-19 17:24:11 - [MESSAGE][INFO] - Found 110 web elements with id: 'Object Repository/Tablo/Veriler' located by 'By.cssSelector: td.dxgv b ,td.dxgv' in '10' second(s)

2021-11-19 17:24:12 - [MESSAGE][INFO] - Smart Wait Function is triggered

2021-11-19 17:24:12 - [MESSAGE][PASSED] - Method.TextDegerineEsitElementinAltindakiTextDegerineEsitOlanaTikla is PASSED

2021-11-19 17:24:12 - [MESSAGE][PASSED] - Call Test Case 'Test Cases/Tablo/TablonunButonunaTikla' successfully

2021-11-19 17:24:12 - [MESSAGE][INFO] - Checking called Test Case

2021-11-19 17:24:12 - [MESSAGE][INFO] - Starting to call Test Case 'Test Cases/Sekmeler/YeniSekmeyeGec'

2021-11-19 17:24:12 - [TEST_CASE][PASSED] - Test Cases/Sekmeler/YeniSekmeyeGec: Test Cases/Sekmeler/YeniSekmeyeGec

2021-11-19 17:24:12 - [TEST_STEP][PASSED] - switchToWindowIndex(1): Switched to window with index: '1'

2021-11-19 17:24:12 - [MESSAGE][INFO] - Checking index

2021-11-19 17:24:12 - [MESSAGE][INFO] - Switching window with index: '1'

2021-11-19 17:24:12 - [MESSAGE][PASSED] - Switched to window with index: '1'

2021-11-19 17:24:12 - [MESSAGE][PASSED] - Call Test Case 'Test Cases/Sekmeler/YeniSekmeyeGec' successfully

2021-11-19 17:24:12 - [MESSAGE][INFO] - Checking called Test Case

2021-11-19 17:24:12 - [MESSAGE][INFO] - Starting to call Test Case 'Test Cases/Tablo/TablodaVeriVarMi'

2021-11-19 17:24:12 - [TEST_CASE][PASSED] - Test Cases/Tablo/TablodaVeriVarMi: Test Cases/Tablo/TablodaVeriVarMi

2021-11-19 17:24:12 - [TEST_STEP][PASSED] - verifyTextNotPresent("Görüntülenecek veri yok", true): Text 'Görüntülenecek veri yok' is not present on page using regular expression

2021-11-19 17:24:12 - [MESSAGE][INFO] - Checking text present  using regular expression

2021-11-19 17:24:12 - [MESSAGE][INFO] - Smart Wait Function is triggered

2021-11-19 17:24:14 - [MESSAGE][INFO] - Finding text 'Görüntülenecek veri yok' on page  using regular expression

2021-11-19 17:24:14 - [MESSAGE][PASSED] - Text 'Görüntülenecek veri yok' is not present on page using regular expression

2021-11-19 17:24:14 - [MESSAGE][PASSED] - Call Test Case 'Test Cases/Tablo/TablodaVeriVarMi' successfully

2021-11-19 17:24:14 - [MESSAGE][INFO] - Checking called Test Case

2021-11-19 17:24:14 - [MESSAGE][INFO] - Starting to call Test Case 'Test Cases/Sekmeler/Ana_Sekmeye_Gec'

2021-11-19 17:24:14 - [TEST_CASE][PASSED] - Test Cases/Sekmeler/Ana_Sekmeye_Gec: Test Cases/Sekmeler/Ana_Sekmeye_Gec

2021-11-19 17:24:14 - [TEST_STEP][PASSED] - try: Window with index 1 is closed

2021-11-19 17:24:14 - [TEST_STEP][PASSED] - index = getWindowIndex(): Current window's index is: 1

2021-11-19 17:24:14 - [MESSAGE][INFO] - Getting current window's index

2021-11-19 17:24:14 - [MESSAGE][PASSED] - Current window's index is: 1

2021-11-19 17:24:14 - [TEST_STEP][PASSED] - closeWindowIndex(index): Window with index 1 is closed

2021-11-19 17:24:14 - [MESSAGE][INFO] - Checking index

2021-11-19 17:24:14 - [MESSAGE][INFO] - Closing window with index 1

2021-11-19 17:24:14 - [MESSAGE][PASSED] - Window with index 1 is closed

2021-11-19 17:24:14 - [TEST_STEP][PASSED] - switchToWindowIndex(0): Switched to window with index: '0'

2021-11-19 17:24:14 - [MESSAGE][INFO] - Checking index

2021-11-19 17:24:14 - [MESSAGE][INFO] - Switching window with index: '0'

2021-11-19 17:24:14 - [MESSAGE][PASSED] - Switched to window with index: '0'

2021-11-19 17:24:14 - [MESSAGE][PASSED] - Call Test Case 'Test Cases/Sekmeler/Ana_Sekmeye_Gec' successfully

2021-11-19 17:24:14 - [MESSAGE][INFO] - Checking called Test Case

2021-11-19 17:24:14 - [MESSAGE][INFO] - Starting to call Test Case 'Test Cases/Tablo/TablodaVeriVarMi'

2021-11-19 17:24:14 - [TEST_CASE][PASSED] - Test Cases/Tablo/TablodaVeriVarMi: Test Cases/Tablo/TablodaVeriVarMi

2021-11-19 17:24:14 - [TEST_STEP][PASSED] - verifyTextNotPresent("Görüntülenecek veri yok", true): Text 'Görüntülenecek veri yok' is not present on page using regular expression

2021-11-19 17:24:14 - [MESSAGE][INFO] - Checking text present  using regular expression

2021-11-19 17:24:14 - [MESSAGE][INFO] - Smart Wait Function is triggered

2021-11-19 17:24:15 - [MESSAGE][INFO] - Finding text 'Görüntülenecek veri yok' on page  using regular expression

2021-11-19 17:24:15 - [MESSAGE][PASSED] - Text 'Görüntülenecek veri yok' is not present on page using regular expression

2021-11-19 17:24:15 - [MESSAGE][PASSED] - Call Test Case 'Test Cases/Tablo/TablodaVeriVarMi' successfully

2021-11-19 17:24:15 - [MESSAGE][INFO] - Checking called Test Case

2021-11-19 17:24:15 - [MESSAGE][INFO] - Starting to call Test Case 'Test Cases/Tablo/TablodanVeriSec'

2021-11-19 17:24:15 - [TEST_CASE][PASSED] - Test Cases/Tablo/TablodanVeriSec: Test Cases/Tablo/TablodanVeriSec

2021-11-19 17:24:15 - [TEST_STEP][PASSED] - Method.TextDegerineEsitElementinAltindakineTikla(findTestObject("Tablo/Veriler"), findTestObject("Tablo/VerininCheckBoxi"), Veri_Adi): Method.TextDegerineEsitElementinAltindakineTikla is PASSED

2021-11-19 17:24:15 - [MESSAGE][INFO] - Finding Test Object 'Object Repository/Tablo/Veriler'

2021-11-19 17:24:15 - [MESSAGE][INFO] - Finding Test Object 'Object Repository/Tablo/VerininCheckBoxi'

2021-11-19 17:24:15 - [MESSAGE][INFO] - Checking timeout

2021-11-19 17:24:15 - [MESSAGE][INFO] - Finding web element with id: 'Object Repository/Tablo/Veriler' located by 'By.cssSelector: td.dxgv b ,td.dxgv' in '10' second(s)

2021-11-19 17:24:15 - [MESSAGE][INFO] - Smart Wait Function is triggered

2021-11-19 17:24:16 - [MESSAGE][INFO] - Found 110 web elements with id: 'Object Repository/Tablo/Veriler' located by 'By.cssSelector: td.dxgv b ,td.dxgv' in '10' second(s)

2021-11-19 17:24:16 - [MESSAGE][INFO] - Smart Wait Function is triggered

2021-11-19 17:24:16 - [MESSAGE][PASSED] - Method.TextDegerineEsitElementinAltindakineTikla is PASSED

2021-11-19 17:24:16 - [MESSAGE][PASSED] - Call Test Case 'Test Cases/Tablo/TablodanVeriSec' successfully

2021-11-19 17:24:16 - [MESSAGE][INFO] - Checking called Test Case

2021-11-19 17:24:16 - [MESSAGE][INFO] - Starting to call Test Case 'Test Cases/Butonlar/ButonaTikla'

2021-11-19 17:24:16 - [TEST_CASE][PASSED] - Test Cases/Butonlar/ButonaTikla: Test Cases/Butonlar/ButonaTikla

2021-11-19 17:24:16 - [TEST_STEP][PASSED] - Method.TextDegerineEsitElementeTiklaEquals(findTestObject("Butonlar/Butonlar"), Buton_Adi): Method.TextDegerineEsitElementeTiklaEquals is PASSED

2021-11-19 17:24:16 - [MESSAGE][INFO] - Finding Test Object 'Object Repository/Butonlar/Butonlar'

2021-11-19 17:24:16 - [MESSAGE][INFO] - Checking timeout

2021-11-19 17:24:16 - [MESSAGE][INFO] - Finding web element with id: 'Object Repository/Butonlar/Butonlar' located by 'By.cssSelector: .panel.panel-default.text-center.footerPanel .btn,.btn.btn-primary.btnControls' in '10' second(s)

2021-11-19 17:24:16 - [MESSAGE][INFO] - Smart Wait Function is triggered

2021-11-19 17:24:16 - [MESSAGE][INFO] - Found 6 web elements with id: 'Object Repository/Butonlar/Butonlar' located by 'By.cssSelector: .panel.panel-default.text-center.footerPanel .btn,.btn.btn-primary.btnControls' in '10' second(s)

2021-11-19 17:24:17 - [MESSAGE][PASSED] - Method.TextDegerineEsitElementeTiklaEquals is PASSED

2021-11-19 17:24:17 - [MESSAGE][PASSED] - Call Test Case 'Test Cases/Butonlar/ButonaTikla' successfully

2021-11-19 17:24:17 - [MESSAGE][INFO] - Checking called Test Case

2021-11-19 17:24:17 - [MESSAGE][INFO] - Starting to call Test Case 'Test Cases/Sekmeler/YeniSekmeyeGec'

2021-11-19 17:24:17 - [TEST_CASE][PASSED] - Test Cases/Sekmeler/YeniSekmeyeGec: Test Cases/Sekmeler/YeniSekmeyeGec

2021-11-19 17:24:17 - [TEST_STEP][PASSED] - switchToWindowIndex(1): Switched to window with index: '1'

2021-11-19 17:24:17 - [MESSAGE][INFO] - Checking index

2021-11-19 17:24:17 - [MESSAGE][INFO] - Switching window with index: '1'

2021-11-19 17:24:17 - [MESSAGE][PASSED] - Switched to window with index: '1'

2021-11-19 17:24:17 - [MESSAGE][PASSED] - Call Test Case 'Test Cases/Sekmeler/YeniSekmeyeGec' successfully

2021-11-19 17:24:17 - [MESSAGE][INFO] - Checking called Test Case

2021-11-19 17:24:17 - [MESSAGE][INFO] - Starting to call Test Case 'Test Cases/Sekmeler/TagGeldiMi'

2021-11-19 17:24:17 - [TEST_CASE][PASSED] - Test Cases/Sekmeler/TagGeldiMi: Test Cases/Sekmeler/TagGeldiMi

2021-11-19 17:24:17 - [TEST_STEP][PASSED] - waitForElementPresent(findTestObject("Object Repository/Sekmeler/UBLTag"), 10): Object 'Object Repository/Sekmeler/UBLTag' is present

2021-11-19 17:24:17 - [MESSAGE][INFO] - Finding Test Object 'Object Repository/Sekmeler/UBLTag'

2021-11-19 17:24:17 - [MESSAGE][INFO] - Checking object

2021-11-19 17:24:17 - [MESSAGE][INFO] - Finding web element from Test Object's properties

2021-11-19 17:24:17 - [MESSAGE][INFO] - Checking timeout

2021-11-19 17:24:17 - [MESSAGE][INFO] - Finding web element with id: 'Object Repository/Sekmeler/UBLTag' located by 'By.cssSelector: #webkit-xml-viewer-source-xml>:first-child' in '10' second(s)

2021-11-19 17:24:17 - [MESSAGE][INFO] - Smart Wait Function is triggered

2021-11-19 17:24:17 - [MESSAGE][INFO] - Found 1 web elements with id: 'Object Repository/Sekmeler/UBLTag' located by 'By.cssSelector: #webkit-xml-viewer-source-xml>:first-child' in '10' second(s)

2021-11-19 17:24:17 - [MESSAGE][PASSED] - Object 'Object Repository/Sekmeler/UBLTag' is present

2021-11-19 17:24:17 - [TEST_STEP][PASSED] - println(toLowerCase().toString()): Found 1 web elements with id: 'Object Repository/Sekmeler/UBLTag' located by 'By.cssSelector: #webkit-xml-viewer-source-xml>:first-child' in '10' second(s)

2021-11-19 17:24:17 - [MESSAGE][INFO] - Finding Test Object 'Object Repository/Sekmeler/UBLTag'

2021-11-19 17:24:17 - [MESSAGE][INFO] - Finding web element from Test Object's properties

2021-11-19 17:24:17 - [MESSAGE][INFO] - Checking timeout

2021-11-19 17:24:17 - [MESSAGE][INFO] - Finding web element with id: 'Object Repository/Sekmeler/UBLTag' located by 'By.cssSelector: #webkit-xml-viewer-source-xml>:first-child' in '10' second(s)

2021-11-19 17:24:17 - [MESSAGE][INFO] - Smart Wait Function is triggered

2021-11-19 17:24:17 - [MESSAGE][INFO] - Found 1 web elements with id: 'Object Repository/Sekmeler/UBLTag' located by 'By.cssSelector: #webkit-xml-viewer-source-xml>:first-child' in '10' second(s)

2021-11-19 17:24:17 - [TEST_STEP][PASSED] - if (!(toString().contains(toString().toLowerCase()))): Found 1 web elements with id: 'Object Repository/Sekmeler/UBLTag' located by 'By.cssSelector: #webkit-xml-viewer-source-xml>:first-child' in '10' second(s)

2021-11-19 17:24:17 - [MESSAGE][INFO] - Finding Test Object 'Object Repository/Sekmeler/UBLTag'

2021-11-19 17:24:17 - [MESSAGE][INFO] - Finding web element from Test Object's properties

2021-11-19 17:24:17 - [MESSAGE][INFO] - Checking timeout

2021-11-19 17:24:17 - [MESSAGE][INFO] - Finding web element with id: 'Object Repository/Sekmeler/UBLTag' located by 'By.cssSelector: #webkit-xml-viewer-source-xml>:first-child' in '10' second(s)

2021-11-19 17:24:17 - [MESSAGE][INFO] - Smart Wait Function is triggered

2021-11-19 17:24:17 - [MESSAGE][INFO] - Found 1 web elements with id: 'Object Repository/Sekmeler/UBLTag' located by 'By.cssSelector: #webkit-xml-viewer-source-xml>:first-child' in '10' second(s)

2021-11-19 17:24:17 - [MESSAGE][PASSED] - Call Test Case 'Test Cases/Sekmeler/TagGeldiMi' successfully

2021-11-19 17:24:17 - [MESSAGE][INFO] - Checking called Test Case

2021-11-19 17:24:17 - [MESSAGE][INFO] - Starting to call Test Case 'Test Cases/Sekmeler/Ana_Sekmeye_Gec'

2021-11-19 17:24:18 - [TEST_CASE][PASSED] - Test Cases/Sekmeler/Ana_Sekmeye_Gec: Test Cases/Sekmeler/Ana_Sekmeye_Gec

2021-11-19 17:24:18 - [TEST_STEP][PASSED] - try: Window with index 1 is closed

2021-11-19 17:24:18 - [TEST_STEP][PASSED] - index = getWindowIndex(): Current window's index is: 1

2021-11-19 17:24:18 - [MESSAGE][INFO] - Getting current window's index

2021-11-19 17:24:18 - [MESSAGE][PASSED] - Current window's index is: 1

2021-11-19 17:24:18 - [TEST_STEP][PASSED] - closeWindowIndex(index): Window with index 1 is closed

2021-11-19 17:24:18 - [MESSAGE][INFO] - Checking index

2021-11-19 17:24:18 - [MESSAGE][INFO] - Closing window with index 1

2021-11-19 17:24:18 - [MESSAGE][PASSED] - Window with index 1 is closed

2021-11-19 17:24:18 - [TEST_STEP][PASSED] - switchToWindowIndex(0): Switched to window with index: '0'

2021-11-19 17:24:18 - [MESSAGE][INFO] - Checking index

2021-11-19 17:24:18 - [MESSAGE][INFO] - Switching window with index: '0'

2021-11-19 17:24:18 - [MESSAGE][PASSED] - Switched to window with index: '0'

2021-11-19 17:24:18 - [MESSAGE][PASSED] - Call Test Case 'Test Cases/Sekmeler/Ana_Sekmeye_Gec' successfully

2021-11-19 17:24:18 - [MESSAGE][INFO] - Checking called Test Case

2021-11-19 17:24:18 - [MESSAGE][INFO] - Starting to call Test Case 'Test Cases/Butonlar/ButonaTikla'

2021-11-19 17:24:18 - [TEST_CASE][PASSED] - Test Cases/Butonlar/ButonaTikla: Test Cases/Butonlar/ButonaTikla

2021-11-19 17:24:18 - [TEST_STEP][PASSED] - Method.TextDegerineEsitElementeTiklaEquals(findTestObject("Butonlar/Butonlar"), Buton_Adi): Method.TextDegerineEsitElementeTiklaEquals is PASSED

2021-11-19 17:24:18 - [MESSAGE][INFO] - Finding Test Object 'Object Repository/Butonlar/Butonlar'

2021-11-19 17:24:18 - [MESSAGE][INFO] - Checking timeout

2021-11-19 17:24:18 - [MESSAGE][INFO] - Finding web element with id: 'Object Repository/Butonlar/Butonlar' located by 'By.cssSelector: .panel.panel-default.text-center.footerPanel .btn,.btn.btn-primary.btnControls' in '10' second(s)

2021-11-19 17:24:18 - [MESSAGE][INFO] - Smart Wait Function is triggered

2021-11-19 17:24:18 - [MESSAGE][INFO] - Found 6 web elements with id: 'Object Repository/Butonlar/Butonlar' located by 'By.cssSelector: .panel.panel-default.text-center.footerPanel .btn,.btn.btn-primary.btnControls' in '10' second(s)

2021-11-19 17:24:18 - [MESSAGE][PASSED] - Method.TextDegerineEsitElementeTiklaEquals is PASSED

2021-11-19 17:24:18 - [MESSAGE][PASSED] - Call Test Case 'Test Cases/Butonlar/ButonaTikla' successfully

2021-11-19 17:24:18 - [MESSAGE][INFO] - Checking called Test Case

2021-11-19 17:24:18 - [MESSAGE][INFO] - Starting to call Test Case 'Test Cases/Butonlar/AltButonaTikla'

2021-11-19 17:24:18 - [TEST_CASE][PASSED] - Test Cases/Butonlar/AltButonaTikla: Test Cases/Butonlar/AltButonaTikla

2021-11-19 17:24:18 - [TEST_STEP][PASSED] - Method.TextDegerineEsitElementeTikla(findTestObject("Butonlar/AltButonlar"), Alt_Buton): Method.TextDegerineEsitElementeTikla is PASSED

2021-11-19 17:24:18 - [MESSAGE][INFO] - Finding Test Object 'Object Repository/Butonlar/AltButonlar'

2021-11-19 17:24:18 - [MESSAGE][INFO] - Checking timeout

2021-11-19 17:24:18 - [MESSAGE][INFO] - Finding web element with id: 'Object Repository/Butonlar/AltButonlar' located by 'By.cssSelector: .btn-group.open li>a' in '10' second(s)

2021-11-19 17:24:18 - [MESSAGE][INFO] - Smart Wait Function is triggered

2021-11-19 17:24:19 - [MESSAGE][INFO] - Found 1 web elements with id: 'Object Repository/Butonlar/AltButonlar' located by 'By.cssSelector: .btn-group.open li>a' in '10' second(s)

2021-11-19 17:24:19 - [MESSAGE][PASSED] - Method.TextDegerineEsitElementeTikla is PASSED

2021-11-19 17:24:19 - [MESSAGE][PASSED] - Call Test Case 'Test Cases/Butonlar/AltButonaTikla' successfully

2021-11-19 17:24:19 - [MESSAGE][INFO] - Checking called Test Case

2021-11-19 17:24:19 - [MESSAGE][INFO] - Starting to call Test Case 'Test Cases/Butonlar/DosyaIndirildiMi'

2021-11-19 17:24:19 - [TEST_CASE][PASSED] - Test Cases/Butonlar/DosyaIndirildiMi: Test Cases/Butonlar/DosyaIndirildiMi

2021-11-19 17:24:19 - [TEST_STEP][PASSED] - Method.isimliDosyaIndirildiMi(DownloadFile, FileName): Method.isimliDosyaIndirildiMi is PASSED

2021-11-19 17:24:19 - [MESSAGE][INFO] - Delaying browser in 3 second(s)

2021-11-19 17:24:22 - [MESSAGE][PASSED] - Delayed 3 second(s)

2021-11-19 17:24:22 - [MESSAGE][PASSED] - Method.isimliDosyaIndirildiMi is PASSED

2021-11-19 17:24:22 - [MESSAGE][PASSED] - Call Test Case 'Test Cases/Butonlar/DosyaIndirildiMi' successfully

2021-11-19 17:24:22 - [MESSAGE][INFO] - Checking called Test Case

2021-11-19 17:24:22 - [MESSAGE][INFO] - Starting to call Test Case 'Test Cases/Butonlar/ButonaTikla'

2021-11-19 17:24:22 - [TEST_CASE][PASSED] - Test Cases/Butonlar/ButonaTikla: Test Cases/Butonlar/ButonaTikla

2021-11-19 17:24:22 - [TEST_STEP][PASSED] - Method.TextDegerineEsitElementeTiklaEquals(findTestObject("Butonlar/Butonlar"), Buton_Adi): Method.TextDegerineEsitElementeTiklaEquals is PASSED

2021-11-19 17:24:22 - [MESSAGE][INFO] - Finding Test Object 'Object Repository/Butonlar/Butonlar'

2021-11-19 17:24:22 - [MESSAGE][INFO] - Checking timeout

2021-11-19 17:24:22 - [MESSAGE][INFO] - Finding web element with id: 'Object Repository/Butonlar/Butonlar' located by 'By.cssSelector: .panel.panel-default.text-center.footerPanel .btn,.btn.btn-primary.btnControls' in '10' second(s)

2021-11-19 17:24:22 - [MESSAGE][INFO] - Smart Wait Function is triggered

2021-11-19 17:24:23 - [MESSAGE][INFO] - Found 6 web elements with id: 'Object Repository/Butonlar/Butonlar' located by 'By.cssSelector: .panel.panel-default.text-center.footerPanel .btn,.btn.btn-primary.btnControls' in '10' second(s)

2021-11-19 17:24:23 - [MESSAGE][PASSED] - Method.TextDegerineEsitElementeTiklaEquals is PASSED

2021-11-19 17:24:23 - [MESSAGE][PASSED] - Call Test Case 'Test Cases/Butonlar/ButonaTikla' successfully

2021-11-19 17:24:23 - [MESSAGE][INFO] - Checking called Test Case

2021-11-19 17:24:23 - [MESSAGE][INFO] - Starting to call Test Case 'Test Cases/Butonlar/AltButonaTikla'

2021-11-19 17:24:23 - [TEST_CASE][PASSED] - Test Cases/Butonlar/AltButonaTikla: Test Cases/Butonlar/AltButonaTikla

2021-11-19 17:24:23 - [TEST_STEP][PASSED] - Method.TextDegerineEsitElementeTikla(findTestObject("Butonlar/AltButonlar"), Alt_Buton): Method.TextDegerineEsitElementeTikla is PASSED

2021-11-19 17:24:23 - [MESSAGE][INFO] - Finding Test Object 'Object Repository/Butonlar/AltButonlar'

2021-11-19 17:24:23 - [MESSAGE][INFO] - Checking timeout

2021-11-19 17:24:23 - [MESSAGE][INFO] - Finding web element with id: 'Object Repository/Butonlar/AltButonlar' located by 'By.cssSelector: .btn-group.open li>a' in '10' second(s)

2021-11-19 17:24:23 - [MESSAGE][INFO] - Smart Wait Function is triggered

2021-11-19 17:24:23 - [MESSAGE][INFO] - Found 2 web elements with id: 'Object Repository/Butonlar/AltButonlar' located by 'By.cssSelector: .btn-group.open li>a' in '10' second(s)

2021-11-19 17:24:23 - [MESSAGE][PASSED] - Method.TextDegerineEsitElementeTikla is PASSED

2021-11-19 17:24:23 - [MESSAGE][PASSED] - Call Test Case 'Test Cases/Butonlar/AltButonaTikla' successfully

2021-11-19 17:24:23 - [MESSAGE][INFO] - Checking called Test Case

2021-11-19 17:24:23 - [MESSAGE][INFO] - Starting to call Test Case 'Test Cases/Popup/PopupMesajiIceriyorMu'

2021-11-19 17:24:23 - [TEST_CASE][PASSED] - Test Cases/Popup/PopupMesajiIceriyorMu: Test Cases/Popup/PopupMesajiIceriyorMu

2021-11-19 17:24:23 - [TEST_STEP][PASSED] - waitForElementVisible(findTestObject("Popup/Popup"), 10): Object 'Object Repository/Popup/Popup' is visible

2021-11-19 17:24:23 - [MESSAGE][INFO] - Finding Test Object 'Object Repository/Popup/Popup'

2021-11-19 17:24:24 - [MESSAGE][INFO] - Checking object

2021-11-19 17:24:24 - [MESSAGE][INFO] - Checking timeout

2021-11-19 17:24:24 - [MESSAGE][INFO] - Finding web element from Test Object's properties

2021-11-19 17:24:24 - [MESSAGE][INFO] - Checking timeout

2021-11-19 17:24:24 - [MESSAGE][INFO] - Finding web element with id: 'Object Repository/Popup/Popup' located by 'By.cssSelector: .bootbox-body' in '10' second(s)

2021-11-19 17:24:24 - [MESSAGE][INFO] - Smart Wait Function is triggered

2021-11-19 17:24:24 - [MESSAGE][INFO] - Found 1 web elements with id: 'Object Repository/Popup/Popup' located by 'By.cssSelector: .bootbox-body' in '10' second(s)

2021-11-19 17:24:24 - [MESSAGE][PASSED] - Object 'Object Repository/Popup/Popup' is visible

2021-11-19 17:24:24 - [TEST_STEP][PASSED] - if (!(getText(findTestObject("Popup/Popup")).contains(Mesaj))): Text of object 'Object Repository/Popup/Popup' is: 'Lütfen rapor bildiriminin gönderileceği e-posta adresini belirtiniz.
e-Posta Adresi'

2021-11-19 17:24:24 - [MESSAGE][INFO] - Finding Test Object 'Object Repository/Popup/Popup'

2021-11-19 17:24:25 - [MESSAGE][INFO] - Checking object

2021-11-19 17:24:25 - [MESSAGE][INFO] - Finding web element from Test Object's properties

2021-11-19 17:24:25 - [MESSAGE][INFO] - Checking timeout

2021-11-19 17:24:25 - [MESSAGE][INFO] - Finding web element with id: 'Object Repository/Popup/Popup' located by 'By.cssSelector: .bootbox-body' in '30' second(s)

2021-11-19 17:24:25 - [MESSAGE][INFO] - Smart Wait Function is triggered

2021-11-19 17:24:25 - [MESSAGE][INFO] - Found 1 web elements with id: 'Object Repository/Popup/Popup' located by 'By.cssSelector: .bootbox-body' in '30' second(s)

2021-11-19 17:24:25 - [MESSAGE][INFO] - Getting text of object 'Object Repository/Popup/Popup'

2021-11-19 17:24:25 - [MESSAGE][PASSED] - Text of object 'Object Repository/Popup/Popup' is: 'Lütfen rapor bildiriminin gönderileceği e-posta adresini belirtiniz.
e-Posta Adresi'

2021-11-19 17:24:25 - [TEST_STEP][PASSED] - RaporNo = getText(findTestObject("Popup/Popup")).substring(0, 6): Text of object 'Object Repository/Popup/Popup' is: 'Lütfen rapor bildiriminin gönderileceği e-posta adresini belirtiniz.
e-Posta Adresi'

2021-11-19 17:24:25 - [MESSAGE][INFO] - Finding Test Object 'Object Repository/Popup/Popup'

2021-11-19 17:24:25 - [MESSAGE][INFO] - Checking object

2021-11-19 17:24:25 - [MESSAGE][INFO] - Finding web element from Test Object's properties

2021-11-19 17:24:25 - [MESSAGE][INFO] - Checking timeout

2021-11-19 17:24:25 - [MESSAGE][INFO] - Finding web element with id: 'Object Repository/Popup/Popup' located by 'By.cssSelector: .bootbox-body' in '30' second(s)

2021-11-19 17:24:25 - [MESSAGE][INFO] - Smart Wait Function is triggered

2021-11-19 17:24:25 - [MESSAGE][INFO] - Found 1 web elements with id: 'Object Repository/Popup/Popup' located by 'By.cssSelector: .bootbox-body' in '30' second(s)

2021-11-19 17:24:25 - [MESSAGE][INFO] - Getting text of object 'Object Repository/Popup/Popup'

2021-11-19 17:24:25 - [MESSAGE][PASSED] - Text of object 'Object Repository/Popup/Popup' is: 'Lütfen rapor bildiriminin gönderileceği e-posta adresini belirtiniz.
e-Posta Adresi'

2021-11-19 17:24:25 - [TEST_STEP][PASSED] - Console.println(RaporNo): null

2021-11-19 17:24:25 - [MESSAGE][PASSED] - Call Test Case 'Test Cases/Popup/PopupMesajiIceriyorMu' successfully

2021-11-19 17:24:25 - [MESSAGE][INFO] - Checking called Test Case

2021-11-19 17:24:25 - [MESSAGE][INFO] - Starting to call Test Case 'Test Cases/Popup/PopupaEmailEklenir'

2021-11-19 17:24:26 - [TEST_CASE][PASSED] - Test Cases/Popup/PopupaEmailEklenir: Test Cases/Popup/PopupaEmailEklenir

2021-11-19 17:24:26 - [TEST_STEP][PASSED] - clearText(findTestObject("Popup/EmailText")): Text of object 'Object Repository/Popup/EmailText' is cleared

2021-11-19 17:24:26 - [MESSAGE][INFO] - Finding Test Object 'Object Repository/Popup/EmailText'

2021-11-19 17:24:26 - [MESSAGE][INFO] - Checking object

2021-11-19 17:24:26 - [MESSAGE][INFO] - Finding web element from Test Object's properties

2021-11-19 17:24:26 - [MESSAGE][INFO] - Checking timeout

2021-11-19 17:24:26 - [MESSAGE][INFO] - Finding web element with id: 'Object Repository/Popup/EmailText' located by 'By.xpath: //*[@id="eMails"]' in '30' second(s)

2021-11-19 17:24:26 - [MESSAGE][INFO] - Smart Wait Function is triggered

2021-11-19 17:24:26 - [MESSAGE][INFO] - Found 1 web elements with id: 'Object Repository/Popup/EmailText' located by 'By.xpath: //*[@id="eMails"]' in '30' second(s)

2021-11-19 17:24:26 - [MESSAGE][INFO] - Clearing text of object 'Object Repository/Popup/EmailText'

2021-11-19 17:24:26 - [MESSAGE][PASSED] - Text of object 'Object Repository/Popup/EmailText' is cleared

2021-11-19 17:24:26 - [TEST_STEP][PASSED] - sendKeys(findTestObject("Popup/EmailText"), Email): Keys 'elogotest@gmail.com;ali.kara@logo.com.tr' sent to object: 'Object Repository/Popup/EmailText'

2021-11-19 17:24:26 - [MESSAGE][INFO] - Finding Test Object 'Object Repository/Popup/EmailText'

2021-11-19 17:24:26 - [MESSAGE][INFO] - Sending keys 'elogotest@gmail.com;ali.kara@logo.com.tr' to object: 'Object Repository/Popup/EmailText'

2021-11-19 17:24:26 - [MESSAGE][INFO] - Finding web element from Test Object's properties

2021-11-19 17:24:26 - [MESSAGE][INFO] - Checking timeout

2021-11-19 17:24:26 - [MESSAGE][INFO] - Finding web element with id: 'Object Repository/Popup/EmailText' located by 'By.xpath: //*[@id="eMails"]' in '30' second(s)

2021-11-19 17:24:26 - [MESSAGE][INFO] - Smart Wait Function is triggered

2021-11-19 17:24:27 - [MESSAGE][INFO] - Found 1 web elements with id: 'Object Repository/Popup/EmailText' located by 'By.xpath: //*[@id="eMails"]' in '30' second(s)

2021-11-19 17:24:27 - [MESSAGE][PASSED] - Keys 'elogotest@gmail.com;ali.kara@logo.com.tr' sent to object: 'Object Repository/Popup/EmailText'

2021-11-19 17:24:27 - [MESSAGE][PASSED] - Call Test Case 'Test Cases/Popup/PopupaEmailEklenir' successfully

2021-11-19 17:24:27 - [MESSAGE][INFO] - Checking called Test Case

2021-11-19 17:24:27 - [MESSAGE][INFO] - Starting to call Test Case 'Test Cases/Popup/PopupButonSecilir'

2021-11-19 17:24:27 - [TEST_CASE][PASSED] - Test Cases/Popup/PopupButonSecilir: Test Cases/Popup/PopupButonSecilir

2021-11-19 17:24:27 - [TEST_STEP][PASSED] - Method.TextDegerineEsitElementeTikla(findTestObject("Popup/Popup_Butons"), Buton): Method.TextDegerineEsitElementeTikla is PASSED

2021-11-19 17:24:27 - [MESSAGE][INFO] - Finding Test Object 'Object Repository/Popup/Popup_Butons'

2021-11-19 17:24:27 - [MESSAGE][INFO] - Checking timeout

2021-11-19 17:24:27 - [MESSAGE][INFO] - Finding web element with id: 'Object Repository/Popup/Popup_Butons' located by 'By.cssSelector: .modal-footer>button' in '10' second(s)

2021-11-19 17:24:27 - [MESSAGE][INFO] - Smart Wait Function is triggered

2021-11-19 17:24:27 - [MESSAGE][INFO] - Found 2 web elements with id: 'Object Repository/Popup/Popup_Butons' located by 'By.cssSelector: .modal-footer>button' in '10' second(s)

2021-11-19 17:24:28 - [MESSAGE][PASSED] - Method.TextDegerineEsitElementeTikla is PASSED

2021-11-19 17:24:28 - [MESSAGE][PASSED] - Call Test Case 'Test Cases/Popup/PopupButonSecilir' successfully

2021-11-19 17:24:28 - [MESSAGE][INFO] - Checking called Test Case

2021-11-19 17:24:28 - [MESSAGE][INFO] - Starting to call Test Case 'Test Cases/Popup/PopupMesajiIceriyorMu'

2021-11-19 17:24:28 - [TEST_CASE][PASSED] - Test Cases/Popup/PopupMesajiIceriyorMu: Test Cases/Popup/PopupMesajiIceriyorMu

2021-11-19 17:24:28 - [TEST_STEP][PASSED] - waitForElementVisible(findTestObject("Popup/Popup"), 10): Object 'Object Repository/Popup/Popup' is visible

2021-11-19 17:24:28 - [MESSAGE][INFO] - Finding Test Object 'Object Repository/Popup/Popup'

2021-11-19 17:24:28 - [MESSAGE][INFO] - Checking object

2021-11-19 17:24:28 - [MESSAGE][INFO] - Checking timeout

2021-11-19 17:24:28 - [MESSAGE][INFO] - Finding web element from Test Object's properties

2021-11-19 17:24:28 - [MESSAGE][INFO] - Checking timeout

2021-11-19 17:24:28 - [MESSAGE][INFO] - Finding web element with id: 'Object Repository/Popup/Popup' located by 'By.cssSelector: .bootbox-body' in '10' second(s)

2021-11-19 17:24:28 - [MESSAGE][INFO] - Smart Wait Function is triggered

2021-11-19 17:24:28 - [MESSAGE][INFO] - Found 1 web elements with id: 'Object Repository/Popup/Popup' located by 'By.cssSelector: .bootbox-body' in '10' second(s)

2021-11-19 17:24:28 - [MESSAGE][PASSED] - Object 'Object Repository/Popup/Popup' is visible

2021-11-19 17:24:28 - [TEST_STEP][PASSED] - if (!(getText(findTestObject("Popup/Popup")).contains(Mesaj))): Text of object 'Object Repository/Popup/Popup' is: '17507 no’lu talebiniz işleme alınmıştır. Raporunuz hazırlandığında (elogotest@gmail.com;ali.kara@logo.com.tr) adresinize mail gönderilecektir.
Rapor durumunuzu Raporlar > Toplu Veri İndirme ekranından takip edebilir, hazırlandı durumundaki raporlarınızı ilgili menüden indirebilirsiniz.'

2021-11-19 17:24:28 - [MESSAGE][INFO] - Finding Test Object 'Object Repository/Popup/Popup'

2021-11-19 17:24:28 - [MESSAGE][INFO] - Checking object

2021-11-19 17:24:28 - [MESSAGE][INFO] - Finding web element from Test Object's properties

2021-11-19 17:24:28 - [MESSAGE][INFO] - Checking timeout

2021-11-19 17:24:28 - [MESSAGE][INFO] - Finding web element with id: 'Object Repository/Popup/Popup' located by 'By.cssSelector: .bootbox-body' in '30' second(s)

2021-11-19 17:24:28 - [MESSAGE][INFO] - Smart Wait Function is triggered

2021-11-19 17:24:29 - [MESSAGE][INFO] - Found 1 web elements with id: 'Object Repository/Popup/Popup' located by 'By.cssSelector: .bootbox-body' in '30' second(s)

2021-11-19 17:24:29 - [MESSAGE][INFO] - Getting text of object 'Object Repository/Popup/Popup'

2021-11-19 17:24:29 - [MESSAGE][PASSED] - Text of object 'Object Repository/Popup/Popup' is: '17507 no’lu talebiniz işleme alınmıştır. Raporunuz hazırlandığında (elogotest@gmail.com;ali.kara@logo.com.tr) adresinize mail gönderilecektir.
Rapor durumunuzu Raporlar > Toplu Veri İndirme ekranından takip edebilir, hazırlandı durumundaki raporlarınızı ilgili menüden indirebilirsiniz.'

2021-11-19 17:24:29 - [TEST_STEP][PASSED] - RaporNo = getText(findTestObject("Popup/Popup")).substring(0, 6): Text of object 'Object Repository/Popup/Popup' is: '17507 no’lu talebiniz işleme alınmıştır. Raporunuz hazırlandığında (elogotest@gmail.com;ali.kara@logo.com.tr) adresinize mail gönderilecektir.
Rapor durumunuzu Raporlar > Toplu Veri İndirme ekranından takip edebilir, hazırlandı durumundaki raporlarınızı ilgili menüden indirebilirsiniz.'

2021-11-19 17:24:29 - [MESSAGE][INFO] - Finding Test Object 'Object Repository/Popup/Popup'

2021-11-19 17:24:29 - [MESSAGE][INFO] - Checking object

2021-11-19 17:24:29 - [MESSAGE][INFO] - Finding web element from Test Object's properties

2021-11-19 17:24:29 - [MESSAGE][INFO] - Checking timeout

2021-11-19 17:24:29 - [MESSAGE][INFO] - Finding web element with id: 'Object Repository/Popup/Popup' located by 'By.cssSelector: .bootbox-body' in '30' second(s)

2021-11-19 17:24:29 - [MESSAGE][INFO] - Smart Wait Function is triggered

2021-11-19 17:24:29 - [MESSAGE][INFO] - Found 1 web elements with id: 'Object Repository/Popup/Popup' located by 'By.cssSelector: .bootbox-body' in '30' second(s)

2021-11-19 17:24:29 - [MESSAGE][INFO] - Getting text of object 'Object Repository/Popup/Popup'

2021-11-19 17:24:29 - [MESSAGE][PASSED] - Text of object 'Object Repository/Popup/Popup' is: '17507 no’lu talebiniz işleme alınmıştır. Raporunuz hazırlandığında (elogotest@gmail.com;ali.kara@logo.com.tr) adresinize mail gönderilecektir.
Rapor durumunuzu Raporlar > Toplu Veri İndirme ekranından takip edebilir, hazırlandı durumundaki raporlarınızı ilgili menüden indirebilirsiniz.'

2021-11-19 17:24:29 - [TEST_STEP][PASSED] - Console.println(RaporNo): null

2021-11-19 17:24:29 - [MESSAGE][PASSED] - Call Test Case 'Test Cases/Popup/PopupMesajiIceriyorMu' successfully

2021-11-19 17:24:29 - [MESSAGE][INFO] - Checking called Test Case

2021-11-19 17:24:29 - [MESSAGE][INFO] - Starting to call Test Case 'Test Cases/Popup/PopupButonSecilir'

2021-11-19 17:24:29 - [TEST_CASE][PASSED] - Test Cases/Popup/PopupButonSecilir: Test Cases/Popup/PopupButonSecilir

2021-11-19 17:24:29 - [TEST_STEP][PASSED] - Method.TextDegerineEsitElementeTikla(findTestObject("Popup/Popup_Butons"), Buton): Method.TextDegerineEsitElementeTikla is PASSED

2021-11-19 17:24:29 - [MESSAGE][INFO] - Finding Test Object 'Object Repository/Popup/Popup_Butons'

2021-11-19 17:24:29 - [MESSAGE][INFO] - Checking timeout

2021-11-19 17:24:29 - [MESSAGE][INFO] - Finding web element with id: 'Object Repository/Popup/Popup_Butons' located by 'By.cssSelector: .modal-footer>button' in '10' second(s)

2021-11-19 17:24:29 - [MESSAGE][INFO] - Smart Wait Function is triggered

2021-11-19 17:24:30 - [MESSAGE][INFO] - Found 1 web elements with id: 'Object Repository/Popup/Popup_Butons' located by 'By.cssSelector: .modal-footer>button' in '10' second(s)

2021-11-19 17:24:30 - [MESSAGE][PASSED] - Method.TextDegerineEsitElementeTikla is PASSED

2021-11-19 17:24:30 - [MESSAGE][PASSED] - Call Test Case 'Test Cases/Popup/PopupButonSecilir' successfully

2021-11-19 17:24:30 - [MESSAGE][INFO] - Checking called Test Case

2021-11-19 17:24:30 - [MESSAGE][INFO] - Starting to call Test Case 'Test Cases/Butonlar/ButonaTikla'

2021-11-19 17:24:30 - [TEST_CASE][PASSED] - Test Cases/Butonlar/ButonaTikla: Test Cases/Butonlar/ButonaTikla

2021-11-19 17:24:30 - [TEST_STEP][PASSED] - Method.TextDegerineEsitElementeTiklaEquals(findTestObject("Butonlar/Butonlar"), Buton_Adi): Method.TextDegerineEsitElementeTiklaEquals is PASSED

2021-11-19 17:24:30 - [MESSAGE][INFO] - Finding Test Object 'Object Repository/Butonlar/Butonlar'

2021-11-19 17:24:30 - [MESSAGE][INFO] - Checking timeout

2021-11-19 17:24:30 - [MESSAGE][INFO] - Finding web element with id: 'Object Repository/Butonlar/Butonlar' located by 'By.cssSelector: .panel.panel-default.text-center.footerPanel .btn,.btn.btn-primary.btnControls' in '10' second(s)

2021-11-19 17:24:30 - [MESSAGE][INFO] - Smart Wait Function is triggered

2021-11-19 17:24:30 - [MESSAGE][INFO] - Found 6 web elements with id: 'Object Repository/Butonlar/Butonlar' located by 'By.cssSelector: .panel.panel-default.text-center.footerPanel .btn,.btn.btn-primary.btnControls' in '10' second(s)

2021-11-19 17:24:30 - [MESSAGE][PASSED] - Method.TextDegerineEsitElementeTiklaEquals is PASSED

2021-11-19 17:24:30 - [MESSAGE][PASSED] - Call Test Case 'Test Cases/Butonlar/ButonaTikla' successfully

2021-11-19 17:24:31 - [MESSAGE][INFO] - Checking called Test Case

2021-11-19 17:24:31 - [MESSAGE][INFO] - Starting to call Test Case 'Test Cases/Butonlar/AltButonaTikla'

2021-11-19 17:24:31 - [TEST_CASE][PASSED] - Test Cases/Butonlar/AltButonaTikla: Test Cases/Butonlar/AltButonaTikla

2021-11-19 17:24:31 - [TEST_STEP][PASSED] - Method.TextDegerineEsitElementeTikla(findTestObject("Butonlar/AltButonlar"), Alt_Buton): Method.TextDegerineEsitElementeTikla is PASSED

2021-11-19 17:24:31 - [MESSAGE][INFO] - Finding Test Object 'Object Repository/Butonlar/AltButonlar'

2021-11-19 17:24:31 - [MESSAGE][INFO] - Checking timeout

2021-11-19 17:24:31 - [MESSAGE][INFO] - Finding web element with id: 'Object Repository/Butonlar/AltButonlar' located by 'By.cssSelector: .btn-group.open li>a' in '10' second(s)

2021-11-19 17:24:31 - [MESSAGE][INFO] - Smart Wait Function is triggered

2021-11-19 17:24:31 - [MESSAGE][INFO] - Found 2 web elements with id: 'Object Repository/Butonlar/AltButonlar' located by 'By.cssSelector: .btn-group.open li>a' in '10' second(s)

2021-11-19 17:24:31 - [MESSAGE][PASSED] - Method.TextDegerineEsitElementeTikla is PASSED

2021-11-19 17:24:31 - [MESSAGE][PASSED] - Call Test Case 'Test Cases/Butonlar/AltButonaTikla' successfully

2021-11-19 17:24:31 - [MESSAGE][INFO] - Checking called Test Case

2021-11-19 17:24:31 - [MESSAGE][INFO] - Starting to call Test Case 'Test Cases/Popup/PopupMesajiIceriyorMu'

2021-11-19 17:24:31 - [TEST_CASE][PASSED] - Test Cases/Popup/PopupMesajiIceriyorMu: Test Cases/Popup/PopupMesajiIceriyorMu

2021-11-19 17:24:31 - [TEST_STEP][PASSED] - waitForElementVisible(findTestObject("Popup/Popup"), 10): Object 'Object Repository/Popup/Popup' is visible

2021-11-19 17:24:31 - [MESSAGE][INFO] - Finding Test Object 'Object Repository/Popup/Popup'

2021-11-19 17:24:31 - [MESSAGE][INFO] - Checking object

2021-11-19 17:24:31 - [MESSAGE][INFO] - Checking timeout

2021-11-19 17:24:31 - [MESSAGE][INFO] - Finding web element from Test Object's properties

2021-11-19 17:24:31 - [MESSAGE][INFO] - Checking timeout

2021-11-19 17:24:31 - [MESSAGE][INFO] - Finding web element with id: 'Object Repository/Popup/Popup' located by 'By.cssSelector: .bootbox-body' in '10' second(s)

2021-11-19 17:24:31 - [MESSAGE][INFO] - Smart Wait Function is triggered

2021-11-19 17:24:32 - [MESSAGE][INFO] - Found 1 web elements with id: 'Object Repository/Popup/Popup' located by 'By.cssSelector: .bootbox-body' in '10' second(s)

2021-11-19 17:24:32 - [MESSAGE][PASSED] - Object 'Object Repository/Popup/Popup' is visible

2021-11-19 17:24:32 - [TEST_STEP][PASSED] - if (!(getText(findTestObject("Popup/Popup")).contains(Mesaj))): Text of object 'Object Repository/Popup/Popup' is: 'Lütfen rapor bildiriminin gönderileceği e-posta adresini belirtiniz.
e-Posta Adresi'

2021-11-19 17:24:32 - [MESSAGE][INFO] - Finding Test Object 'Object Repository/Popup/Popup'

2021-11-19 17:24:32 - [MESSAGE][INFO] - Checking object

2021-11-19 17:24:32 - [MESSAGE][INFO] - Finding web element from Test Object's properties

2021-11-19 17:24:32 - [MESSAGE][INFO] - Checking timeout

2021-11-19 17:24:32 - [MESSAGE][INFO] - Finding web element with id: 'Object Repository/Popup/Popup' located by 'By.cssSelector: .bootbox-body' in '30' second(s)

2021-11-19 17:24:32 - [MESSAGE][INFO] - Smart Wait Function is triggered

2021-11-19 17:24:32 - [MESSAGE][INFO] - Found 1 web elements with id: 'Object Repository/Popup/Popup' located by 'By.cssSelector: .bootbox-body' in '30' second(s)

2021-11-19 17:24:32 - [MESSAGE][INFO] - Getting text of object 'Object Repository/Popup/Popup'

2021-11-19 17:24:32 - [MESSAGE][PASSED] - Text of object 'Object Repository/Popup/Popup' is: 'Lütfen rapor bildiriminin gönderileceği e-posta adresini belirtiniz.
e-Posta Adresi'

2021-11-19 17:24:32 - [TEST_STEP][PASSED] - RaporNo = getText(findTestObject("Popup/Popup")).substring(0, 6): Text of object 'Object Repository/Popup/Popup' is: 'Lütfen rapor bildiriminin gönderileceği e-posta adresini belirtiniz.
e-Posta Adresi'

2021-11-19 17:24:32 - [MESSAGE][INFO] - Finding Test Object 'Object Repository/Popup/Popup'

2021-11-19 17:24:32 - [MESSAGE][INFO] - Checking object

2021-11-19 17:24:32 - [MESSAGE][INFO] - Finding web element from Test Object's properties

2021-11-19 17:24:32 - [MESSAGE][INFO] - Checking timeout

2021-11-19 17:24:32 - [MESSAGE][INFO] - Finding web element with id: 'Object Repository/Popup/Popup' located by 'By.cssSelector: .bootbox-body' in '30' second(s)

2021-11-19 17:24:32 - [MESSAGE][INFO] - Smart Wait Function is triggered

2021-11-19 17:24:33 - [MESSAGE][INFO] - Found 1 web elements with id: 'Object Repository/Popup/Popup' located by 'By.cssSelector: .bootbox-body' in '30' second(s)

2021-11-19 17:24:33 - [MESSAGE][INFO] - Getting text of object 'Object Repository/Popup/Popup'

2021-11-19 17:24:33 - [MESSAGE][PASSED] - Text of object 'Object Repository/Popup/Popup' is: 'Lütfen rapor bildiriminin gönderileceği e-posta adresini belirtiniz.
e-Posta Adresi'

2021-11-19 17:24:33 - [TEST_STEP][PASSED] - Console.println(RaporNo): null

2021-11-19 17:24:33 - [MESSAGE][PASSED] - Call Test Case 'Test Cases/Popup/PopupMesajiIceriyorMu' successfully

2021-11-19 17:24:33 - [MESSAGE][INFO] - Checking called Test Case

2021-11-19 17:24:33 - [MESSAGE][INFO] - Starting to call Test Case 'Test Cases/Popup/PopupaEmailEklenir'

2021-11-19 17:24:33 - [TEST_CASE][PASSED] - Test Cases/Popup/PopupaEmailEklenir: Test Cases/Popup/PopupaEmailEklenir

2021-11-19 17:24:33 - [TEST_STEP][PASSED] - clearText(findTestObject("Popup/EmailText")): Text of object 'Object Repository/Popup/EmailText' is cleared

2021-11-19 17:24:33 - [MESSAGE][INFO] - Finding Test Object 'Object Repository/Popup/EmailText'

2021-11-19 17:24:33 - [MESSAGE][INFO] - Checking object

2021-11-19 17:24:33 - [MESSAGE][INFO] - Finding web element from Test Object's properties

2021-11-19 17:24:33 - [MESSAGE][INFO] - Checking timeout

2021-11-19 17:24:33 - [MESSAGE][INFO] - Finding web element with id: 'Object Repository/Popup/EmailText' located by 'By.xpath: //*[@id="eMails"]' in '30' second(s)

2021-11-19 17:24:33 - [MESSAGE][INFO] - Smart Wait Function is triggered

2021-11-19 17:24:33 - [MESSAGE][INFO] - Found 1 web elements with id: 'Object Repository/Popup/EmailText' located by 'By.xpath: //*[@id="eMails"]' in '30' second(s)

2021-11-19 17:24:33 - [MESSAGE][INFO] - Clearing text of object 'Object Repository/Popup/EmailText'

2021-11-19 17:24:33 - [MESSAGE][PASSED] - Text of object 'Object Repository/Popup/EmailText' is cleared

2021-11-19 17:24:33 - [TEST_STEP][PASSED] - sendKeys(findTestObject("Popup/EmailText"), Email): Keys 'elogotest@gmail.com;ali.kara@logo.com.tr' sent to object: 'Object Repository/Popup/EmailText'

2021-11-19 17:24:33 - [MESSAGE][INFO] - Finding Test Object 'Object Repository/Popup/EmailText'

2021-11-19 17:24:33 - [MESSAGE][INFO] - Sending keys 'elogotest@gmail.com;ali.kara@logo.com.tr' to object: 'Object Repository/Popup/EmailText'

2021-11-19 17:24:33 - [MESSAGE][INFO] - Finding web element from Test Object's properties

2021-11-19 17:24:33 - [MESSAGE][INFO] - Checking timeout

2021-11-19 17:24:33 - [MESSAGE][INFO] - Finding web element with id: 'Object Repository/Popup/EmailText' located by 'By.xpath: //*[@id="eMails"]' in '30' second(s)

2021-11-19 17:24:33 - [MESSAGE][INFO] - Smart Wait Function is triggered

2021-11-19 17:24:34 - [MESSAGE][INFO] - Found 1 web elements with id: 'Object Repository/Popup/EmailText' located by 'By.xpath: //*[@id="eMails"]' in '30' second(s)

2021-11-19 17:24:34 - [MESSAGE][PASSED] - Keys 'elogotest@gmail.com;ali.kara@logo.com.tr' sent to object: 'Object Repository/Popup/EmailText'

2021-11-19 17:24:34 - [MESSAGE][PASSED] - Call Test Case 'Test Cases/Popup/PopupaEmailEklenir' successfully

2021-11-19 17:24:34 - [MESSAGE][INFO] - Checking called Test Case

2021-11-19 17:24:34 - [MESSAGE][INFO] - Starting to call Test Case 'Test Cases/Popup/PopupButonSecilir'

2021-11-19 17:24:34 - [TEST_CASE][PASSED] - Test Cases/Popup/PopupButonSecilir: Test Cases/Popup/PopupButonSecilir

2021-11-19 17:24:34 - [TEST_STEP][PASSED] - Method.TextDegerineEsitElementeTikla(findTestObject("Popup/Popup_Butons"), Buton): Method.TextDegerineEsitElementeTikla is PASSED

2021-11-19 17:24:34 - [MESSAGE][INFO] - Finding Test Object 'Object Repository/Popup/Popup_Butons'

2021-11-19 17:24:34 - [MESSAGE][INFO] - Checking timeout

2021-11-19 17:24:34 - [MESSAGE][INFO] - Finding web element with id: 'Object Repository/Popup/Popup_Butons' located by 'By.cssSelector: .modal-footer>button' in '10' second(s)

2021-11-19 17:24:34 - [MESSAGE][INFO] - Smart Wait Function is triggered

2021-11-19 17:24:34 - [MESSAGE][INFO] - Found 2 web elements with id: 'Object Repository/Popup/Popup_Butons' located by 'By.cssSelector: .modal-footer>button' in '10' second(s)

2021-11-19 17:24:34 - [MESSAGE][PASSED] - Method.TextDegerineEsitElementeTikla is PASSED

2021-11-19 17:24:34 - [MESSAGE][PASSED] - Call Test Case 'Test Cases/Popup/PopupButonSecilir' successfully

2021-11-19 17:24:34 - [MESSAGE][INFO] - Checking called Test Case

2021-11-19 17:24:34 - [MESSAGE][INFO] - Starting to call Test Case 'Test Cases/Popup/PopupMesajiIceriyorMu'

2021-11-19 17:24:34 - [TEST_CASE][PASSED] - Test Cases/Popup/PopupMesajiIceriyorMu: Test Cases/Popup/PopupMesajiIceriyorMu

2021-11-19 17:24:34 - [TEST_STEP][PASSED] - waitForElementVisible(findTestObject("Popup/Popup"), 10): Object 'Object Repository/Popup/Popup' is visible

2021-11-19 17:24:34 - [MESSAGE][INFO] - Finding Test Object 'Object Repository/Popup/Popup'

2021-11-19 17:24:34 - [MESSAGE][INFO] - Checking object

2021-11-19 17:24:34 - [MESSAGE][INFO] - Checking timeout

2021-11-19 17:24:34 - [MESSAGE][INFO] - Finding web element from Test Object's properties

2021-11-19 17:24:34 - [MESSAGE][INFO] - Checking timeout

2021-11-19 17:24:34 - [MESSAGE][INFO] - Finding web element with id: 'Object Repository/Popup/Popup' located by 'By.cssSelector: .bootbox-body' in '10' second(s)

2021-11-19 17:24:34 - [MESSAGE][INFO] - Smart Wait Function is triggered

2021-11-19 17:24:35 - [MESSAGE][INFO] - Found 1 web elements with id: 'Object Repository/Popup/Popup' located by 'By.cssSelector: .bootbox-body' in '10' second(s)

2021-11-19 17:24:35 - [MESSAGE][PASSED] - Object 'Object Repository/Popup/Popup' is visible

2021-11-19 17:24:35 - [TEST_STEP][PASSED] - if (!(getText(findTestObject("Popup/Popup")).contains(Mesaj))): Text of object 'Object Repository/Popup/Popup' is: '17508 no’lu talebiniz işleme alınmıştır. Raporunuz hazırlandığında (elogotest@gmail.com;ali.kara@logo.com.tr) adresinize mail gönderilecektir.
Rapor durumunuzu Raporlar > Toplu Veri İndirme ekranından takip edebilir, hazırlandı durumundaki raporlarınızı ilgili menüden indirebilirsiniz.'

2021-11-19 17:24:35 - [MESSAGE][INFO] - Finding Test Object 'Object Repository/Popup/Popup'

2021-11-19 17:24:35 - [MESSAGE][INFO] - Checking object

2021-11-19 17:24:35 - [MESSAGE][INFO] - Finding web element from Test Object's properties

2021-11-19 17:24:35 - [MESSAGE][INFO] - Checking timeout

2021-11-19 17:24:35 - [MESSAGE][INFO] - Finding web element with id: 'Object Repository/Popup/Popup' located by 'By.cssSelector: .bootbox-body' in '30' second(s)

2021-11-19 17:24:35 - [MESSAGE][INFO] - Smart Wait Function is triggered

2021-11-19 17:24:35 - [MESSAGE][INFO] - Found 1 web elements with id: 'Object Repository/Popup/Popup' located by 'By.cssSelector: .bootbox-body' in '30' second(s)

2021-11-19 17:24:35 - [MESSAGE][INFO] - Getting text of object 'Object Repository/Popup/Popup'

2021-11-19 17:24:35 - [MESSAGE][PASSED] - Text of object 'Object Repository/Popup/Popup' is: '17508 no’lu talebiniz işleme alınmıştır. Raporunuz hazırlandığında (elogotest@gmail.com;ali.kara@logo.com.tr) adresinize mail gönderilecektir.
Rapor durumunuzu Raporlar > Toplu Veri İndirme ekranından takip edebilir, hazırlandı durumundaki raporlarınızı ilgili menüden indirebilirsiniz.'

2021-11-19 17:24:35 - [TEST_STEP][PASSED] - RaporNo = getText(findTestObject("Popup/Popup")).substring(0, 6): Text of object 'Object Repository/Popup/Popup' is: '17508 no’lu talebiniz işleme alınmıştır. Raporunuz hazırlandığında (elogotest@gmail.com;ali.kara@logo.com.tr) adresinize mail gönderilecektir.
Rapor durumunuzu Raporlar > Toplu Veri İndirme ekranından takip edebilir, hazırlandı durumundaki raporlarınızı ilgili menüden indirebilirsiniz.'

2021-11-19 17:24:35 - [MESSAGE][INFO] - Finding Test Object 'Object Repository/Popup/Popup'

2021-11-19 17:24:36 - [MESSAGE][INFO] - Checking object

2021-11-19 17:24:36 - [MESSAGE][INFO] - Finding web element from Test Object's properties

2021-11-19 17:24:36 - [MESSAGE][INFO] - Checking timeout

2021-11-19 17:24:36 - [MESSAGE][INFO] - Finding web element with id: 'Object Repository/Popup/Popup' located by 'By.cssSelector: .bootbox-body' in '30' second(s)

2021-11-19 17:24:36 - [MESSAGE][INFO] - Smart Wait Function is triggered

2021-11-19 17:24:36 - [MESSAGE][INFO] - Found 1 web elements with id: 'Object Repository/Popup/Popup' located by 'By.cssSelector: .bootbox-body' in '30' second(s)

2021-11-19 17:24:36 - [MESSAGE][INFO] - Getting text of object 'Object Repository/Popup/Popup'

2021-11-19 17:24:36 - [MESSAGE][PASSED] - Text of object 'Object Repository/Popup/Popup' is: '17508 no’lu talebiniz işleme alınmıştır. Raporunuz hazırlandığında (elogotest@gmail.com;ali.kara@logo.com.tr) adresinize mail gönderilecektir.
Rapor durumunuzu Raporlar > Toplu Veri İndirme ekranından takip edebilir, hazırlandı durumundaki raporlarınızı ilgili menüden indirebilirsiniz.'

2021-11-19 17:24:36 - [TEST_STEP][PASSED] - Console.println(RaporNo): null

2021-11-19 17:24:36 - [MESSAGE][PASSED] - Call Test Case 'Test Cases/Popup/PopupMesajiIceriyorMu' successfully

2021-11-19 17:24:36 - [MESSAGE][INFO] - Checking called Test Case

2021-11-19 17:24:36 - [MESSAGE][INFO] - Starting to call Test Case 'Test Cases/Popup/PopupButonSecilir'

2021-11-19 17:24:36 - [TEST_CASE][PASSED] - Test Cases/Popup/PopupButonSecilir: Test Cases/Popup/PopupButonSecilir

2021-11-19 17:24:36 - [TEST_STEP][PASSED] - Method.TextDegerineEsitElementeTikla(findTestObject("Popup/Popup_Butons"), Buton): Method.TextDegerineEsitElementeTikla is PASSED

2021-11-19 17:24:36 - [MESSAGE][INFO] - Finding Test Object 'Object Repository/Popup/Popup_Butons'

2021-11-19 17:24:36 - [MESSAGE][INFO] - Checking timeout

2021-11-19 17:24:36 - [MESSAGE][INFO] - Finding web element with id: 'Object Repository/Popup/Popup_Butons' located by 'By.cssSelector: .modal-footer>button' in '10' second(s)

2021-11-19 17:24:36 - [MESSAGE][INFO] - Smart Wait Function is triggered

2021-11-19 17:24:36 - [MESSAGE][INFO] - Found 1 web elements with id: 'Object Repository/Popup/Popup_Butons' located by 'By.cssSelector: .modal-footer>button' in '10' second(s)

2021-11-19 17:24:36 - [MESSAGE][PASSED] - Method.TextDegerineEsitElementeTikla is PASSED

2021-11-19 17:24:36 - [MESSAGE][PASSED] - Call Test Case 'Test Cases/Popup/PopupButonSecilir' successfully

2021-11-19 17:24:36 - [MESSAGE][INFO] - Checking called Test Case

2021-11-19 17:24:36 - [MESSAGE][INFO] - Starting to call Test Case 'Test Cases/Kullanici_Islemleri/KullaniciIslemlerindenSecimYapilir'

2021-11-19 17:24:36 - [TEST_CASE][PASSED] - Test Cases/Kullanici_Islemleri/KullaniciIslemlerindenSecimYapilir: Test Cases/Kullanici_Islemleri/KullaniciIslemlerindenSecimYapilir

2021-11-19 17:24:36 - [TEST_STEP][PASSED] - waitForElementClickable(findTestObject("Object Repository/Kullanici_Islemleri/KullaniciIslemleri"), 10): Object 'Object Repository/Kullanici_Islemleri/KullaniciIslemleri' is clickable

2021-11-19 17:24:36 - [MESSAGE][INFO] - Finding Test Object 'Object Repository/Kullanici_Islemleri/KullaniciIslemleri'

2021-11-19 17:24:37 - [MESSAGE][INFO] - Checking object

2021-11-19 17:24:37 - [MESSAGE][INFO] - Checking timeout

2021-11-19 17:24:37 - [MESSAGE][INFO] - Finding web element from Test Object's properties

2021-11-19 17:24:37 - [MESSAGE][INFO] - Checking timeout

2021-11-19 17:24:37 - [MESSAGE][INFO] - Finding web element with id: 'Object Repository/Kullanici_Islemleri/KullaniciIslemleri' located by 'By.cssSelector: .dropdown>a>img' in '10' second(s)

2021-11-19 17:24:37 - [MESSAGE][INFO] - Smart Wait Function is triggered

2021-11-19 17:24:37 - [MESSAGE][INFO] - Found 1 web elements with id: 'Object Repository/Kullanici_Islemleri/KullaniciIslemleri' located by 'By.cssSelector: .dropdown>a>img' in '10' second(s)

2021-11-19 17:24:37 - [MESSAGE][PASSED] - Object 'Object Repository/Kullanici_Islemleri/KullaniciIslemleri' is clickable

2021-11-19 17:24:37 - [TEST_STEP][PASSED] - click(findTestObject("Object Repository/Kullanici_Islemleri/KullaniciIslemleri")): Object: 'Object Repository/Kullanici_Islemleri/KullaniciIslemleri' is clicked on

2021-11-19 17:24:37 - [MESSAGE][INFO] - Finding Test Object 'Object Repository/Kullanici_Islemleri/KullaniciIslemleri'

2021-11-19 17:24:37 - [MESSAGE][INFO] - Checking object

2021-11-19 17:24:37 - [MESSAGE][INFO] - Finding web element from Test Object's properties

2021-11-19 17:24:37 - [MESSAGE][INFO] - Checking timeout

2021-11-19 17:24:37 - [MESSAGE][INFO] - Finding web element with id: 'Object Repository/Kullanici_Islemleri/KullaniciIslemleri' located by 'By.cssSelector: .dropdown>a>img' in '30' second(s)

2021-11-19 17:24:37 - [MESSAGE][INFO] - Smart Wait Function is triggered

2021-11-19 17:24:38 - [MESSAGE][INFO] - Found 1 web elements with id: 'Object Repository/Kullanici_Islemleri/KullaniciIslemleri' located by 'By.cssSelector: .dropdown>a>img' in '30' second(s)

2021-11-19 17:24:38 - [MESSAGE][INFO] - Clicking on object: 'Object Repository/Kullanici_Islemleri/KullaniciIslemleri'

2021-11-19 17:24:38 - [MESSAGE][PASSED] - Object: 'Object Repository/Kullanici_Islemleri/KullaniciIslemleri' is clicked on

2021-11-19 17:24:38 - [TEST_STEP][PASSED] - Method.TextDegerineEsitElementeTikla(findTestObject("Object Repository/Kullanici_Islemleri/Secenekler"), Islem): Method.TextDegerineEsitElementeTikla is PASSED

2021-11-19 17:24:38 - [MESSAGE][INFO] - Finding Test Object 'Object Repository/Kullanici_Islemleri/Secenekler'

2021-11-19 17:24:38 - [MESSAGE][INFO] - Checking timeout

2021-11-19 17:24:38 - [MESSAGE][INFO] - Finding web element with id: 'Object Repository/Kullanici_Islemleri/Secenekler' located by 'By.cssSelector: .nav.navbar-nav.navbar-right li a' in '10' second(s)

2021-11-19 17:24:38 - [MESSAGE][INFO] - Smart Wait Function is triggered

2021-11-19 17:24:38 - [MESSAGE][INFO] - Found 22 web elements with id: 'Object Repository/Kullanici_Islemleri/Secenekler' located by 'By.cssSelector: .nav.navbar-nav.navbar-right li a' in '10' second(s)

2021-11-19 17:24:40 - [MESSAGE][PASSED] - Method.TextDegerineEsitElementeTikla is PASSED

2021-11-19 17:24:40 - [TEST_STEP][PASSED] - verifyElementNotPresent(findTestObject("Object Repository/Kullanici_Islemleri/Secenekler"), 10): Web element with id: 'Object Repository/Kullanici_Islemleri/Secenekler' located by 'By.cssSelector: .nav.navbar-nav.navbar-right li a' is not present after '10' second(s)

2021-11-19 17:24:40 - [MESSAGE][INFO] - Finding Test Object 'Object Repository/Kullanici_Islemleri/Secenekler'

2021-11-19 17:24:40 - [MESSAGE][INFO] - Checking object

2021-11-19 17:24:40 - [MESSAGE][INFO] - Checking timeout

2021-11-19 17:24:40 - [MESSAGE][INFO] - Finding web element with id: 'Object Repository/Kullanici_Islemleri/Secenekler' located by 'By.cssSelector: .nav.navbar-nav.navbar-right li a' in '10' second(s)

2021-11-19 17:24:40 - [MESSAGE][INFO] - Smart Wait Function is triggered

2021-11-19 17:24:41 - [MESSAGE][PASSED] - Web element with id: 'Object Repository/Kullanici_Islemleri/Secenekler' located by 'By.cssSelector: .nav.navbar-nav.navbar-right li a' is not present after '10' second(s)

2021-11-19 17:24:41 - [MESSAGE][PASSED] - Call Test Case 'Test Cases/Kullanici_Islemleri/KullaniciIslemlerindenSecimYapilir' successfully

2021-11-19 17:24:41 - [TEST_CASE][PASSED] - Start Test Case : SCENARIO Giden Zarf Tablodaki Verinin Irsaliyeleri: SCENARIO Giden Zarf Tablodaki Verinin Irsaliyeleri

2021-11-19 17:24:41 - [TEST_STEP][PASSED] - Kullanıcı adı ELOGO6 ve Şifre 123456 olarak giriş yapılır: Kullanıcı adı ELOGO6 ve Şifre 123456 olarak giriş yapılır

2021-11-19 17:24:41 - [MESSAGE][PASSED] - Kullanıcı adı ELOGO6 ve Şifre 123456 olarak giriş yapılır

2021-11-19 17:24:41 - [TEST_STEP][PASSED] - Ana menüden Zarflar seçilir: Ana menüden Zarflar seçilir

2021-11-19 17:24:41 - [MESSAGE][PASSED] - Ana menüden Zarflar seçilir

2021-11-19 17:24:41 - [TEST_STEP][PASSED] - Alt menüden Giden Zarflar seçilir: Alt menüden Giden Zarflar seçilir

2021-11-19 17:24:41 - [MESSAGE][PASSED] - Alt menüden Giden Zarflar seçilir

2021-11-19 17:24:41 - [TEST_STEP][PASSED] - Filtrelerden Oluşturma Tarihi filtresine 01.12.2020 baslangic degerini yaz: Filtrelerden Oluşturma Tarihi filtresine 01.12.2020 baslangic degerini yaz

2021-11-19 17:24:41 - [MESSAGE][PASSED] - Filtrelerden Oluşturma Tarihi filtresine 01.12.2020 baslangic degerini yaz

2021-11-19 17:24:41 - [TEST_STEP][PASSED] - Filtrelerden Oluşturma Tarihi filtresine 31.12.2020 bitis degerini yaz: Filtrelerden Oluşturma Tarihi filtresine 31.12.2020 bitis degerini yaz

2021-11-19 17:24:41 - [MESSAGE][PASSED] - Filtrelerden Oluşturma Tarihi filtresine 31.12.2020 bitis degerini yaz

2021-11-19 17:24:41 - [TEST_STEP][PASSED] - Filtre butonlarından Listele seçilir: Filtre butonlarından Listele seçilir

2021-11-19 17:24:41 - [MESSAGE][PASSED] - Filtre butonlarından Listele seçilir

2021-11-19 17:24:41 - [TEST_STEP][PASSED] - Tabloda veri var mı kontrol edilir: Tabloda veri var mı kontrol edilir

2021-11-19 17:24:41 - [MESSAGE][PASSED] - Tabloda veri var mı kontrol edilir

2021-11-19 17:24:41 - [TEST_STEP][PASSED] - Tablodan Test Kurum 6 isimli veri seçilir: Tablodan Test Kurum 6 isimli veri seçilir

2021-11-19 17:24:41 - [MESSAGE][PASSED] - Tablodan Test Kurum 6 isimli veri seçilir

2021-11-19 17:24:41 - [TEST_STEP][PASSED] - Butonlardan UBL isimli butona tıklanır: Butonlardan UBL isimli butona tıklanır

2021-11-19 17:24:41 - [MESSAGE][PASSED] - Butonlardan UBL isimli butona tıklanır

2021-11-19 17:24:41 - [TEST_STEP][PASSED] - Yeni açılan sekmeye geçilir: Yeni açılan sekmeye geçilir

2021-11-19 17:24:41 - [MESSAGE][PASSED] - Yeni açılan sekmeye geçilir

2021-11-19 17:24:41 - [TEST_STEP][PASSED] - StandardBusinessDocument tagli ubl geldi mi: StandardBusinessDocument tagli ubl geldi mi

2021-11-19 17:24:41 - [MESSAGE][PASSED] - StandardBusinessDocument tagli ubl geldi mi

2021-11-19 17:24:41 - [TEST_STEP][PASSED] - Ana sekmeye geçilir: Ana sekmeye geçilir

2021-11-19 17:24:41 - [MESSAGE][PASSED] - Ana sekmeye geçilir

2021-11-19 17:24:41 - [TEST_STEP][PASSED] - Tablodaki Test Kurum 6 isimli verinin Uygulama Yanıtları adlı butonuna tıklanır: Tablodaki Test Kurum 6 isimli verinin Uygulama Yanıtları adlı butonuna tıklanır

2021-11-19 17:24:41 - [MESSAGE][PASSED] - Tablodaki Test Kurum 6 isimli verinin Uygulama Yanıtları adlı butonuna tıklanır

2021-11-19 17:24:41 - [TEST_STEP][PASSED] - Yeni açılan sekmeye geçilir: Yeni açılan sekmeye geçilir

2021-11-19 17:24:41 - [MESSAGE][PASSED] - Yeni açılan sekmeye geçilir

2021-11-19 17:24:41 - [TEST_STEP][PASSED] - Tabloda veri var mı kontrol edilir: Tabloda veri var mı kontrol edilir

2021-11-19 17:24:41 - [MESSAGE][PASSED] - Tabloda veri var mı kontrol edilir

2021-11-19 17:24:41 - [TEST_STEP][PASSED] - Ana sekmeye geçilir: Ana sekmeye geçilir

2021-11-19 17:24:41 - [MESSAGE][PASSED] - Ana sekmeye geçilir

2021-11-19 17:24:41 - [TEST_STEP][PASSED] - Butonlardan İndir isimli butona tıklanır: Butonlardan İndir isimli butona tıklanır

2021-11-19 17:24:41 - [MESSAGE][PASSED] - Butonlardan İndir isimli butona tıklanır

2021-11-19 17:24:41 - [TEST_STEP][PASSED] - Alt butonlardan İndir butonuna tıklanır: Alt butonlardan İndir butonuna tıklanır

2021-11-19 17:24:41 - [MESSAGE][PASSED] - Alt butonlardan İndir butonuna tıklanır

2021-11-19 17:24:41 - [TEST_STEP][PASSED] - Ön eki Envelope olan dosya indirildi mi: Ön eki Envelope olan dosya indirildi mi

2021-11-19 17:24:41 - [MESSAGE][PASSED] - Ön eki Envelope olan dosya indirildi mi

2021-11-19 17:24:41 - [TEST_STEP][PASSED] - Butonlardan Excel isimli butona tıklanır: Butonlardan Excel isimli butona tıklanır

2021-11-19 17:24:41 - [MESSAGE][PASSED] - Butonlardan Excel isimli butona tıklanır

2021-11-19 17:24:41 - [TEST_STEP][PASSED] - Alt butonlardan Seçilenleri Excel'e Aktar butonuna tıklanır: Alt butonlardan Seçilenleri Excel'e Aktar butonuna tıklanır

2021-11-19 17:24:41 - [MESSAGE][PASSED] - Alt butonlardan Seçilenleri Excel'e Aktar butonuna tıklanır

2021-11-19 17:24:41 - [TEST_STEP][PASSED] - Popup mesajı Lütfen rapor bildiriminin gönderileceği e-posta adresini belirtiniz. içeriyor mu: Popup mesajı Lütfen rapor bildiriminin gönderileceği e-posta adresini belirtiniz. içeriyor mu

2021-11-19 17:24:41 - [MESSAGE][PASSED] - Popup mesajı Lütfen rapor bildiriminin gönderileceği e-posta adresini belirtiniz. içeriyor mu

2021-11-19 17:24:41 - [TEST_STEP][PASSED] - Popup email elogotest@gmail.com;ali.kara@logo.com.tr olarak girilir: Popup email elogotest@gmail.com;ali.kara@logo.com.tr olarak girilir

2021-11-19 17:24:41 - [MESSAGE][PASSED] - Popup email elogotest@gmail.com;ali.kara@logo.com.tr olarak girilir

2021-11-19 17:24:41 - [TEST_STEP][PASSED] - Yönetim popupında Gönder seçilir: Yönetim popupında Gönder seçilir

2021-11-19 17:24:41 - [MESSAGE][PASSED] - Yönetim popupında Gönder seçilir

2021-11-19 17:24:41 - [TEST_STEP][PASSED] - Popup mesajı Toplu Veri İndirme içeriyor mu: Popup mesajı Toplu Veri İndirme içeriyor mu

2021-11-19 17:24:41 - [MESSAGE][PASSED] - Popup mesajı Toplu Veri İndirme içeriyor mu

2021-11-19 17:24:41 - [TEST_STEP][PASSED] - Yönetim popupında Tamam seçilir: Yönetim popupında Tamam seçilir

2021-11-19 17:24:41 - [MESSAGE][PASSED] - Yönetim popupında Tamam seçilir

2021-11-19 17:24:41 - [TEST_STEP][PASSED] - Butonlardan Toplu İndirme isimli butona tıklanır: Butonlardan Toplu İndirme isimli butona tıklanır

2021-11-19 17:24:41 - [MESSAGE][PASSED] - Butonlardan Toplu İndirme isimli butona tıklanır

2021-11-19 17:24:41 - [TEST_STEP][PASSED] - Alt butonlardan UBL Seçilenleri İndir butonuna tıklanır: Alt butonlardan UBL Seçilenleri İndir butonuna tıklanır

2021-11-19 17:24:41 - [MESSAGE][PASSED] - Alt butonlardan UBL Seçilenleri İndir butonuna tıklanır

2021-11-19 17:24:41 - [TEST_STEP][PASSED] - Popup mesajı rapor bildiriminin gönderileceği e-posta adresini belirtiniz içeriyor mu: Popup mesajı rapor bildiriminin gönderileceği e-posta adresini belirtiniz içeriyor mu

2021-11-19 17:24:41 - [MESSAGE][PASSED] - Popup mesajı rapor bildiriminin gönderileceği e-posta adresini belirtiniz içeriyor mu

2021-11-19 17:24:41 - [TEST_STEP][PASSED] - Popup email elogotest@gmail.com;ali.kara@logo.com.tr olarak girilir: Popup email elogotest@gmail.com;ali.kara@logo.com.tr olarak girilir

2021-11-19 17:24:41 - [MESSAGE][PASSED] - Popup email elogotest@gmail.com;ali.kara@logo.com.tr olarak girilir

2021-11-19 17:24:41 - [TEST_STEP][PASSED] - Yönetim popupında Gönder seçilir: Yönetim popupında Gönder seçilir

2021-11-19 17:24:41 - [MESSAGE][PASSED] - Yönetim popupında Gönder seçilir

2021-11-19 17:24:41 - [TEST_STEP][PASSED] - Popup mesajı talebiniz işleme alınmıştır içeriyor mu: Popup mesajı talebiniz işleme alınmıştır içeriyor mu

2021-11-19 17:24:41 - [MESSAGE][PASSED] - Popup mesajı talebiniz işleme alınmıştır içeriyor mu

2021-11-19 17:24:41 - [TEST_STEP][PASSED] - Yönetim popupında Tamam seçilir: Yönetim popupında Tamam seçilir

2021-11-19 17:24:41 - [MESSAGE][PASSED] - Yönetim popupında Tamam seçilir

2021-11-19 17:24:41 - [TEST_STEP][PASSED] - Filtrelerden Belge Türü filtresine Sistem Yanıtı dropdowndan degeri seçilir: Filtrelerden Belge Türü filtresine Sistem Yanıtı dropdowndan degeri seçilir

2021-11-19 17:24:41 - [MESSAGE][PASSED] - Filtrelerden Belge Türü filtresine Sistem Yanıtı dropdowndan degeri seçilir

2021-11-19 17:24:41 - [TEST_STEP][PASSED] - Filtre butonlarından Listele seçilir: Filtre butonlarından Listele seçilir

2021-11-19 17:24:41 - [MESSAGE][PASSED] - Filtre butonlarından Listele seçilir

2021-11-19 17:24:41 - [TEST_STEP][PASSED] - Tablodaki E LOGO 6 isimli verinin Yanıt adlı butonuna tıklanır: Tablodaki E LOGO 6 isimli verinin Yanıt adlı butonuna tıklanır

2021-11-19 17:24:41 - [MESSAGE][PASSED] - Tablodaki E LOGO 6 isimli verinin Yanıt adlı butonuna tıklanır

2021-11-19 17:24:41 - [TEST_STEP][PASSED] - Yeni açılan sekmeye geçilir: Yeni açılan sekmeye geçilir

2021-11-19 17:24:41 - [MESSAGE][PASSED] - Yeni açılan sekmeye geçilir

2021-11-19 17:24:41 - [TEST_STEP][PASSED] - Tabloda veri var mı kontrol edilir: Tabloda veri var mı kontrol edilir

2021-11-19 17:24:41 - [MESSAGE][PASSED] - Tabloda veri var mı kontrol edilir

2021-11-19 17:24:41 - [TEST_STEP][PASSED] - Ana sekmeye geçilir: Ana sekmeye geçilir

2021-11-19 17:24:41 - [MESSAGE][PASSED] - Ana sekmeye geçilir

2021-11-19 17:24:41 - [TEST_STEP][PASSED] - Tabloda veri var mı kontrol edilir: Tabloda veri var mı kontrol edilir

2021-11-19 17:24:41 - [MESSAGE][PASSED] - Tabloda veri var mı kontrol edilir

2021-11-19 17:24:41 - [TEST_STEP][PASSED] - Tablodan E LOGO 6 isimli veri seçilir: Tablodan E LOGO 6 isimli veri seçilir

2021-11-19 17:24:41 - [MESSAGE][PASSED] - Tablodan E LOGO 6 isimli veri seçilir

2021-11-19 17:24:41 - [TEST_STEP][PASSED] - Butonlardan UBL isimli butona tıklanır: Butonlardan UBL isimli butona tıklanır

2021-11-19 17:24:41 - [MESSAGE][PASSED] - Butonlardan UBL isimli butona tıklanır

2021-11-19 17:24:41 - [TEST_STEP][PASSED] - Yeni açılan sekmeye geçilir: Yeni açılan sekmeye geçilir

2021-11-19 17:24:41 - [MESSAGE][PASSED] - Yeni açılan sekmeye geçilir

2021-11-19 17:24:41 - [TEST_STEP][PASSED] - StandardBusinessDocument tagli ubl geldi mi: StandardBusinessDocument tagli ubl geldi mi

2021-11-19 17:24:41 - [MESSAGE][PASSED] - StandardBusinessDocument tagli ubl geldi mi

2021-11-19 17:24:41 - [TEST_STEP][PASSED] - Ana sekmeye geçilir: Ana sekmeye geçilir

2021-11-19 17:24:41 - [MESSAGE][PASSED] - Ana sekmeye geçilir

2021-11-19 17:24:41 - [TEST_STEP][PASSED] - Butonlardan İndir isimli butona tıklanır: Butonlardan İndir isimli butona tıklanır

2021-11-19 17:24:41 - [MESSAGE][PASSED] - Butonlardan İndir isimli butona tıklanır

2021-11-19 17:24:41 - [TEST_STEP][PASSED] - Alt butonlardan İndir butonuna tıklanır: Alt butonlardan İndir butonuna tıklanır

2021-11-19 17:24:41 - [MESSAGE][PASSED] - Alt butonlardan İndir butonuna tıklanır

2021-11-19 17:24:41 - [TEST_STEP][PASSED] - Ön eki Envelope olan dosya indirildi mi: Ön eki Envelope olan dosya indirildi mi

2021-11-19 17:24:41 - [MESSAGE][PASSED] - Ön eki Envelope olan dosya indirildi mi

2021-11-19 17:24:41 - [TEST_STEP][PASSED] - Butonlardan Excel isimli butona tıklanır: Butonlardan Excel isimli butona tıklanır

2021-11-19 17:24:41 - [MESSAGE][PASSED] - Butonlardan Excel isimli butona tıklanır

2021-11-19 17:24:41 - [TEST_STEP][PASSED] - Alt butonlardan Seçilenleri Excel'e Aktar butonuna tıklanır: Alt butonlardan Seçilenleri Excel'e Aktar butonuna tıklanır

2021-11-19 17:24:41 - [MESSAGE][PASSED] - Alt butonlardan Seçilenleri Excel'e Aktar butonuna tıklanır

2021-11-19 17:24:41 - [TEST_STEP][PASSED] - Popup mesajı Lütfen rapor bildiriminin gönderileceği e-posta adresini belirtiniz. içeriyor mu: Popup mesajı Lütfen rapor bildiriminin gönderileceği e-posta adresini belirtiniz. içeriyor mu

2021-11-19 17:24:41 - [MESSAGE][PASSED] - Popup mesajı Lütfen rapor bildiriminin gönderileceği e-posta adresini belirtiniz. içeriyor mu

2021-11-19 17:24:41 - [TEST_STEP][PASSED] - Popup email elogotest@gmail.com;ali.kara@logo.com.tr olarak girilir: Popup email elogotest@gmail.com;ali.kara@logo.com.tr olarak girilir

2021-11-19 17:24:41 - [MESSAGE][PASSED] - Popup email elogotest@gmail.com;ali.kara@logo.com.tr olarak girilir

2021-11-19 17:24:41 - [TEST_STEP][PASSED] - Yönetim popupında Gönder seçilir: Yönetim popupında Gönder seçilir

2021-11-19 17:24:41 - [MESSAGE][PASSED] - Yönetim popupında Gönder seçilir

2021-11-19 17:24:41 - [TEST_STEP][PASSED] - Popup mesajı Toplu Veri İndirme içeriyor mu: Popup mesajı Toplu Veri İndirme içeriyor mu

2021-11-19 17:24:41 - [MESSAGE][PASSED] - Popup mesajı Toplu Veri İndirme içeriyor mu

2021-11-19 17:24:41 - [TEST_STEP][PASSED] - Yönetim popupında Tamam seçilir: Yönetim popupında Tamam seçilir

2021-11-19 17:24:41 - [MESSAGE][PASSED] - Yönetim popupında Tamam seçilir

2021-11-19 17:24:41 - [TEST_STEP][PASSED] - Butonlardan Toplu İndirme isimli butona tıklanır: Butonlardan Toplu İndirme isimli butona tıklanır

2021-11-19 17:24:41 - [MESSAGE][PASSED] - Butonlardan Toplu İndirme isimli butona tıklanır

2021-11-19 17:24:41 - [TEST_STEP][PASSED] - Alt butonlardan UBL Seçilenleri İndir butonuna tıklanır: Alt butonlardan UBL Seçilenleri İndir butonuna tıklanır

2021-11-19 17:24:41 - [MESSAGE][PASSED] - Alt butonlardan UBL Seçilenleri İndir butonuna tıklanır

2021-11-19 17:24:41 - [TEST_STEP][PASSED] - Popup mesajı rapor bildiriminin gönderileceği e-posta adresini belirtiniz içeriyor mu: Popup mesajı rapor bildiriminin gönderileceği e-posta adresini belirtiniz içeriyor mu

2021-11-19 17:24:41 - [MESSAGE][PASSED] - Popup mesajı rapor bildiriminin gönderileceği e-posta adresini belirtiniz içeriyor mu

2021-11-19 17:24:41 - [TEST_STEP][PASSED] - Popup email elogotest@gmail.com;ali.kara@logo.com.tr olarak girilir: Popup email elogotest@gmail.com;ali.kara@logo.com.tr olarak girilir

2021-11-19 17:24:41 - [MESSAGE][PASSED] - Popup email elogotest@gmail.com;ali.kara@logo.com.tr olarak girilir

2021-11-19 17:24:41 - [TEST_STEP][PASSED] - Yönetim popupında Gönder seçilir: Yönetim popupında Gönder seçilir

2021-11-19 17:24:41 - [MESSAGE][PASSED] - Yönetim popupında Gönder seçilir

2021-11-19 17:24:41 - [TEST_STEP][PASSED] - Popup mesajı talebiniz işleme alınmıştır içeriyor mu: Popup mesajı talebiniz işleme alınmıştır içeriyor mu

2021-11-19 17:24:41 - [MESSAGE][PASSED] - Popup mesajı talebiniz işleme alınmıştır içeriyor mu

2021-11-19 17:24:41 - [TEST_STEP][PASSED] - Yönetim popupında Tamam seçilir: Yönetim popupında Tamam seçilir

2021-11-19 17:24:41 - [MESSAGE][PASSED] - Yönetim popupında Tamam seçilir

2021-11-19 17:24:41 - [TEST_STEP][PASSED] - Filtrelerden Belge Türü filtresine e-Fatura dropdowndan degeri seçilir: Filtrelerden Belge Türü filtresine e-Fatura dropdowndan degeri seçilir

2021-11-19 17:24:41 - [MESSAGE][PASSED] - Filtrelerden Belge Türü filtresine e-Fatura dropdowndan degeri seçilir

2021-11-19 17:24:41 - [TEST_STEP][PASSED] - Filtre butonlarından Listele seçilir: Filtre butonlarından Listele seçilir

2021-11-19 17:24:41 - [MESSAGE][PASSED] - Filtre butonlarından Listele seçilir

2021-11-19 17:24:41 - [TEST_STEP][PASSED] - Tabloda veri var mı kontrol edilir: Tabloda veri var mı kontrol edilir

2021-11-19 17:24:41 - [MESSAGE][PASSED] - Tabloda veri var mı kontrol edilir

2021-11-19 17:24:41 - [TEST_STEP][PASSED] - Tablodaki Test Kurum 6 isimli verinin Faturalar adlı butonuna tıklanır: Tablodaki Test Kurum 6 isimli verinin Faturalar adlı butonuna tıklanır

2021-11-19 17:24:41 - [MESSAGE][PASSED] - Tablodaki Test Kurum 6 isimli verinin Faturalar adlı butonuna tıklanır

2021-11-19 17:24:41 - [TEST_STEP][PASSED] - Yeni açılan sekmeye geçilir: Yeni açılan sekmeye geçilir

2021-11-19 17:24:41 - [MESSAGE][PASSED] - Yeni açılan sekmeye geçilir

2021-11-19 17:24:41 - [TEST_STEP][PASSED] - Tabloda veri var mı kontrol edilir: Tabloda veri var mı kontrol edilir

2021-11-19 17:24:41 - [MESSAGE][PASSED] - Tabloda veri var mı kontrol edilir

2021-11-19 17:24:41 - [TEST_STEP][PASSED] - Ana sekmeye geçilir: Ana sekmeye geçilir

2021-11-19 17:24:41 - [MESSAGE][PASSED] - Ana sekmeye geçilir

2021-11-19 17:24:41 - [TEST_STEP][PASSED] - Tabloda veri var mı kontrol edilir: Tabloda veri var mı kontrol edilir

2021-11-19 17:24:41 - [MESSAGE][PASSED] - Tabloda veri var mı kontrol edilir

2021-11-19 17:24:41 - [TEST_STEP][PASSED] - Tablodan Test Kurum 6 isimli veri seçilir: Tablodan Test Kurum 6 isimli veri seçilir

2021-11-19 17:24:41 - [MESSAGE][PASSED] - Tablodan Test Kurum 6 isimli veri seçilir

2021-11-19 17:24:41 - [TEST_STEP][PASSED] - Butonlardan UBL isimli butona tıklanır: Butonlardan UBL isimli butona tıklanır

2021-11-19 17:24:41 - [MESSAGE][PASSED] - Butonlardan UBL isimli butona tıklanır

2021-11-19 17:24:41 - [TEST_STEP][PASSED] - Yeni açılan sekmeye geçilir: Yeni açılan sekmeye geçilir

2021-11-19 17:24:41 - [MESSAGE][PASSED] - Yeni açılan sekmeye geçilir

2021-11-19 17:24:41 - [TEST_STEP][PASSED] - StandardBusinessDocument tagli ubl geldi mi: StandardBusinessDocument tagli ubl geldi mi

2021-11-19 17:24:41 - [MESSAGE][PASSED] - StandardBusinessDocument tagli ubl geldi mi

2021-11-19 17:24:41 - [TEST_STEP][PASSED] - Ana sekmeye geçilir: Ana sekmeye geçilir

2021-11-19 17:24:41 - [MESSAGE][PASSED] - Ana sekmeye geçilir

2021-11-19 17:24:41 - [TEST_STEP][PASSED] - Butonlardan GİB isimli butona tıklanır: Butonlardan GİB isimli butona tıklanır

2021-11-19 17:24:41 - [MESSAGE][PASSED] - Butonlardan GİB isimli butona tıklanır

2021-11-19 17:24:41 - [TEST_STEP][PASSED] - Popup başlığı GİB Durum Sorgulama içeriyor mu: Popup başlığı GİB Durum Sorgulama içeriyor mu

2021-11-19 17:24:41 - [MESSAGE][PASSED] - Popup başlığı GİB Durum Sorgulama içeriyor mu

2021-11-19 17:24:41 - [TEST_STEP][PASSED] - Popup kapatılır: Popup kapatılır

2021-11-19 17:24:41 - [MESSAGE][PASSED] - Popup kapatılır

2021-11-19 17:24:41 - [TEST_STEP][PASSED] - Butonlardan İzleme Kayıtları isimli butona tıklanır: Butonlardan İzleme Kayıtları isimli butona tıklanır

2021-11-19 17:24:41 - [MESSAGE][PASSED] - Butonlardan İzleme Kayıtları isimli butona tıklanır

2021-11-19 17:24:41 - [TEST_STEP][PASSED] - Yeni açılan sekmeye geçilir: Yeni açılan sekmeye geçilir

2021-11-19 17:24:41 - [MESSAGE][PASSED] - Yeni açılan sekmeye geçilir

2021-11-19 17:24:41 - [TEST_STEP][PASSED] - Zarf İzleme Kayıtları baslikli gecmis sayfasi geldi mi: Zarf İzleme Kayıtları baslikli gecmis sayfasi geldi mi

2021-11-19 17:24:41 - [MESSAGE][PASSED] - Zarf İzleme Kayıtları baslikli gecmis sayfasi geldi mi

2021-11-19 17:24:41 - [TEST_STEP][PASSED] - Ana sekmeye geçilir: Ana sekmeye geçilir

2021-11-19 17:24:41 - [MESSAGE][PASSED] - Ana sekmeye geçilir

2021-11-19 17:24:41 - [TEST_STEP][PASSED] - Butonlardan İndir isimli butona tıklanır: Butonlardan İndir isimli butona tıklanır

2021-11-19 17:24:41 - [MESSAGE][PASSED] - Butonlardan İndir isimli butona tıklanır

2021-11-19 17:24:41 - [TEST_STEP][PASSED] - Alt butonlardan İndir butonuna tıklanır: Alt butonlardan İndir butonuna tıklanır

2021-11-19 17:24:41 - [MESSAGE][PASSED] - Alt butonlardan İndir butonuna tıklanır

2021-11-19 17:24:41 - [TEST_STEP][PASSED] - Ön eki Envelope olan dosya indirildi mi: Ön eki Envelope olan dosya indirildi mi

2021-11-19 17:24:41 - [MESSAGE][PASSED] - Ön eki Envelope olan dosya indirildi mi

2021-11-19 17:24:41 - [TEST_STEP][PASSED] - Butonlardan Excel isimli butona tıklanır: Butonlardan Excel isimli butona tıklanır

2021-11-19 17:24:41 - [MESSAGE][PASSED] - Butonlardan Excel isimli butona tıklanır

2021-11-19 17:24:41 - [TEST_STEP][PASSED] - Alt butonlardan Seçilenleri Excel'e Aktar butonuna tıklanır: Alt butonlardan Seçilenleri Excel'e Aktar butonuna tıklanır

2021-11-19 17:24:41 - [MESSAGE][PASSED] - Alt butonlardan Seçilenleri Excel'e Aktar butonuna tıklanır

2021-11-19 17:24:41 - [TEST_STEP][PASSED] - Popup mesajı Lütfen rapor bildiriminin gönderileceği e-posta adresini belirtiniz. içeriyor mu: Popup mesajı Lütfen rapor bildiriminin gönderileceği e-posta adresini belirtiniz. içeriyor mu

2021-11-19 17:24:41 - [MESSAGE][PASSED] - Popup mesajı Lütfen rapor bildiriminin gönderileceği e-posta adresini belirtiniz. içeriyor mu

2021-11-19 17:24:41 - [TEST_STEP][PASSED] - Popup email elogotest@gmail.com;ali.kara@logo.com.tr olarak girilir: Popup email elogotest@gmail.com;ali.kara@logo.com.tr olarak girilir

2021-11-19 17:24:41 - [MESSAGE][PASSED] - Popup email elogotest@gmail.com;ali.kara@logo.com.tr olarak girilir

2021-11-19 17:24:41 - [TEST_STEP][PASSED] - Yönetim popupında Gönder seçilir: Yönetim popupında Gönder seçilir

2021-11-19 17:24:41 - [MESSAGE][PASSED] - Yönetim popupında Gönder seçilir

2021-11-19 17:24:41 - [TEST_STEP][PASSED] - Popup mesajı Toplu Veri İndirme içeriyor mu: Popup mesajı Toplu Veri İndirme içeriyor mu

2021-11-19 17:24:41 - [MESSAGE][PASSED] - Popup mesajı Toplu Veri İndirme içeriyor mu

2021-11-19 17:24:41 - [TEST_STEP][PASSED] - Yönetim popupında Tamam seçilir: Yönetim popupında Tamam seçilir

2021-11-19 17:24:41 - [MESSAGE][PASSED] - Yönetim popupında Tamam seçilir

2021-11-19 17:24:41 - [TEST_STEP][PASSED] - Butonlardan Toplu İndirme isimli butona tıklanır: Butonlardan Toplu İndirme isimli butona tıklanır

2021-11-19 17:24:41 - [MESSAGE][PASSED] - Butonlardan Toplu İndirme isimli butona tıklanır

2021-11-19 17:24:41 - [TEST_STEP][PASSED] - Alt butonlardan UBL Seçilenleri İndir butonuna tıklanır: Alt butonlardan UBL Seçilenleri İndir butonuna tıklanır

2021-11-19 17:24:41 - [MESSAGE][PASSED] - Alt butonlardan UBL Seçilenleri İndir butonuna tıklanır

2021-11-19 17:24:41 - [TEST_STEP][PASSED] - Popup mesajı rapor bildiriminin gönderileceği e-posta adresini belirtiniz içeriyor mu: Popup mesajı rapor bildiriminin gönderileceği e-posta adresini belirtiniz içeriyor mu

2021-11-19 17:24:41 - [MESSAGE][PASSED] - Popup mesajı rapor bildiriminin gönderileceği e-posta adresini belirtiniz içeriyor mu

2021-11-19 17:24:41 - [TEST_STEP][PASSED] - Popup email elogotest@gmail.com;ali.kara@logo.com.tr olarak girilir: Popup email elogotest@gmail.com;ali.kara@logo.com.tr olarak girilir

2021-11-19 17:24:41 - [MESSAGE][PASSED] - Popup email elogotest@gmail.com;ali.kara@logo.com.tr olarak girilir

2021-11-19 17:24:41 - [TEST_STEP][PASSED] - Yönetim popupında Gönder seçilir: Yönetim popupında Gönder seçilir

2021-11-19 17:24:41 - [MESSAGE][PASSED] - Yönetim popupında Gönder seçilir

2021-11-19 17:24:41 - [TEST_STEP][PASSED] - Popup mesajı talebiniz işleme alınmıştır içeriyor mu: Popup mesajı talebiniz işleme alınmıştır içeriyor mu

2021-11-19 17:24:41 - [MESSAGE][PASSED] - Popup mesajı talebiniz işleme alınmıştır içeriyor mu

2021-11-19 17:24:41 - [TEST_STEP][PASSED] - Yönetim popupında Tamam seçilir: Yönetim popupında Tamam seçilir

2021-11-19 17:24:41 - [MESSAGE][PASSED] - Yönetim popupında Tamam seçilir

2021-11-19 17:24:41 - [TEST_STEP][PASSED] - Ana menüden Zarflar seçilir: Ana menüden Zarflar seçilir

2021-11-19 17:24:41 - [MESSAGE][PASSED] - Ana menüden Zarflar seçilir

2021-11-19 17:24:41 - [TEST_STEP][PASSED] - Alt menüden Giden Zarflar seçilir: Alt menüden Giden Zarflar seçilir

2021-11-19 17:24:41 - [MESSAGE][PASSED] - Alt menüden Giden Zarflar seçilir

2021-11-19 17:24:41 - [TEST_STEP][PASSED] - Filtrelerden Belge Türü filtresine İrsaliye Yanıtı dropdowndan degeri seçilir: Filtrelerden Belge Türü filtresine İrsaliye Yanıtı dropdowndan degeri seçilir

2021-11-19 17:24:41 - [MESSAGE][PASSED] - Filtrelerden Belge Türü filtresine İrsaliye Yanıtı dropdowndan degeri seçilir

2021-11-19 17:24:41 - [TEST_STEP][PASSED] - Filtrelerden Oluşturma Tarihi filtresine 01.07.2020 baslangic degerini yaz: Filtrelerden Oluşturma Tarihi filtresine 01.07.2020 baslangic degerini yaz

2021-11-19 17:24:41 - [MESSAGE][PASSED] - Filtrelerden Oluşturma Tarihi filtresine 01.07.2020 baslangic degerini yaz

2021-11-19 17:24:41 - [TEST_STEP][PASSED] - Filtrelerden Oluşturma Tarihi filtresine 31.07.2020 bitis degerini yaz: Filtrelerden Oluşturma Tarihi filtresine 31.07.2020 bitis degerini yaz

2021-11-19 17:24:41 - [MESSAGE][PASSED] - Filtrelerden Oluşturma Tarihi filtresine 31.07.2020 bitis degerini yaz

2021-11-19 17:24:41 - [TEST_STEP][PASSED] - Filtre butonlarından Listele seçilir: Filtre butonlarından Listele seçilir

2021-11-19 17:24:41 - [MESSAGE][PASSED] - Filtre butonlarından Listele seçilir

2021-11-19 17:24:41 - [TEST_STEP][PASSED] - Tablodaki LOGO ELEKTRONİK TİCARET HİZMETLERİ ANONİM ŞİRKETİ isimli verinin İrsaliye Yanıtları adlı butonuna tıklanır: Tablodaki LOGO ELEKTRONİK TİCARET HİZMETLERİ ANONİM ŞİRKETİ isimli verinin İrsaliye Yanıtları adlı butonuna tıklanır

2021-11-19 17:24:41 - [MESSAGE][PASSED] - Tablodaki LOGO ELEKTRONİK TİCARET HİZMETLERİ ANONİM ŞİRKETİ isimli verinin İrsaliye Yanıtları adlı butonuna tıklanır

2021-11-19 17:24:41 - [TEST_STEP][PASSED] - Yeni açılan sekmeye geçilir: Yeni açılan sekmeye geçilir

2021-11-19 17:24:41 - [MESSAGE][PASSED] - Yeni açılan sekmeye geçilir

2021-11-19 17:24:41 - [TEST_STEP][PASSED] - Tabloda veri var mı kontrol edilir: Tabloda veri var mı kontrol edilir

2021-11-19 17:24:41 - [MESSAGE][PASSED] - Tabloda veri var mı kontrol edilir

2021-11-19 17:24:41 - [TEST_STEP][PASSED] - Ana sekmeye geçilir: Ana sekmeye geçilir

2021-11-19 17:24:41 - [MESSAGE][PASSED] - Ana sekmeye geçilir

2021-11-19 17:24:41 - [TEST_STEP][PASSED] - Tabloda veri var mı kontrol edilir: Tabloda veri var mı kontrol edilir

2021-11-19 17:24:41 - [MESSAGE][PASSED] - Tabloda veri var mı kontrol edilir

2021-11-19 17:24:41 - [TEST_STEP][PASSED] - Tablodan LOGO ELEKTRONİK TİCARET HİZMETLERİ ANONİM ŞİRKETİ isimli veri seçilir: Tablodan LOGO ELEKTRONİK TİCARET HİZMETLERİ ANONİM ŞİRKETİ isimli veri seçilir

2021-11-19 17:24:41 - [MESSAGE][PASSED] - Tablodan LOGO ELEKTRONİK TİCARET HİZMETLERİ ANONİM ŞİRKETİ isimli veri seçilir

2021-11-19 17:24:41 - [TEST_STEP][PASSED] - Butonlardan UBL isimli butona tıklanır: Butonlardan UBL isimli butona tıklanır

2021-11-19 17:24:41 - [MESSAGE][PASSED] - Butonlardan UBL isimli butona tıklanır

2021-11-19 17:24:41 - [TEST_STEP][PASSED] - Yeni açılan sekmeye geçilir: Yeni açılan sekmeye geçilir

2021-11-19 17:24:41 - [MESSAGE][PASSED] - Yeni açılan sekmeye geçilir

2021-11-19 17:24:41 - [TEST_STEP][PASSED] - StandardBusinessDocument tagli ubl geldi mi: StandardBusinessDocument tagli ubl geldi mi

2021-11-19 17:24:41 - [MESSAGE][PASSED] - StandardBusinessDocument tagli ubl geldi mi

2021-11-19 17:24:41 - [TEST_STEP][PASSED] - Ana sekmeye geçilir: Ana sekmeye geçilir

2021-11-19 17:24:41 - [MESSAGE][PASSED] - Ana sekmeye geçilir

2021-11-19 17:24:41 - [TEST_STEP][PASSED] - Butonlardan İndir isimli butona tıklanır: Butonlardan İndir isimli butona tıklanır

2021-11-19 17:24:41 - [MESSAGE][PASSED] - Butonlardan İndir isimli butona tıklanır

2021-11-19 17:24:41 - [TEST_STEP][PASSED] - Alt butonlardan İndir butonuna tıklanır: Alt butonlardan İndir butonuna tıklanır

2021-11-19 17:24:41 - [MESSAGE][PASSED] - Alt butonlardan İndir butonuna tıklanır

2021-11-19 17:24:41 - [TEST_STEP][PASSED] - Ön eki Envelope olan dosya indirildi mi: Ön eki Envelope olan dosya indirildi mi

2021-11-19 17:24:41 - [MESSAGE][PASSED] - Ön eki Envelope olan dosya indirildi mi

2021-11-19 17:24:41 - [TEST_STEP][PASSED] - Butonlardan Excel isimli butona tıklanır: Butonlardan Excel isimli butona tıklanır

2021-11-19 17:24:41 - [MESSAGE][PASSED] - Butonlardan Excel isimli butona tıklanır

2021-11-19 17:24:41 - [TEST_STEP][PASSED] - Alt butonlardan Seçilenleri Excel'e Aktar butonuna tıklanır: Alt butonlardan Seçilenleri Excel'e Aktar butonuna tıklanır

2021-11-19 17:24:41 - [MESSAGE][PASSED] - Alt butonlardan Seçilenleri Excel'e Aktar butonuna tıklanır

2021-11-19 17:24:41 - [TEST_STEP][PASSED] - Popup mesajı Lütfen rapor bildiriminin gönderileceği e-posta adresini belirtiniz. içeriyor mu: Popup mesajı Lütfen rapor bildiriminin gönderileceği e-posta adresini belirtiniz. içeriyor mu

2021-11-19 17:24:41 - [MESSAGE][PASSED] - Popup mesajı Lütfen rapor bildiriminin gönderileceği e-posta adresini belirtiniz. içeriyor mu

2021-11-19 17:24:41 - [TEST_STEP][PASSED] - Popup email elogotest@gmail.com;ali.kara@logo.com.tr olarak girilir: Popup email elogotest@gmail.com;ali.kara@logo.com.tr olarak girilir

2021-11-19 17:24:41 - [MESSAGE][PASSED] - Popup email elogotest@gmail.com;ali.kara@logo.com.tr olarak girilir

2021-11-19 17:24:41 - [TEST_STEP][PASSED] - Yönetim popupında Gönder seçilir: Yönetim popupında Gönder seçilir

2021-11-19 17:24:41 - [MESSAGE][PASSED] - Yönetim popupında Gönder seçilir

2021-11-19 17:24:41 - [TEST_STEP][PASSED] - Popup mesajı Toplu Veri İndirme içeriyor mu: Popup mesajı Toplu Veri İndirme içeriyor mu

2021-11-19 17:24:41 - [MESSAGE][PASSED] - Popup mesajı Toplu Veri İndirme içeriyor mu

2021-11-19 17:24:41 - [TEST_STEP][PASSED] - Yönetim popupında Tamam seçilir: Yönetim popupında Tamam seçilir

2021-11-19 17:24:41 - [MESSAGE][PASSED] - Yönetim popupında Tamam seçilir

2021-11-19 17:24:41 - [TEST_STEP][PASSED] - Butonlardan Toplu İndirme isimli butona tıklanır: Butonlardan Toplu İndirme isimli butona tıklanır

2021-11-19 17:24:41 - [MESSAGE][PASSED] - Butonlardan Toplu İndirme isimli butona tıklanır

2021-11-19 17:24:41 - [TEST_STEP][PASSED] - Alt butonlardan UBL Seçilenleri İndir butonuna tıklanır: Alt butonlardan UBL Seçilenleri İndir butonuna tıklanır

2021-11-19 17:24:41 - [MESSAGE][PASSED] - Alt butonlardan UBL Seçilenleri İndir butonuna tıklanır

2021-11-19 17:24:41 - [TEST_STEP][PASSED] - Popup mesajı rapor bildiriminin gönderileceği e-posta adresini belirtiniz içeriyor mu: Popup mesajı rapor bildiriminin gönderileceği e-posta adresini belirtiniz içeriyor mu

2021-11-19 17:24:41 - [MESSAGE][PASSED] - Popup mesajı rapor bildiriminin gönderileceği e-posta adresini belirtiniz içeriyor mu

2021-11-19 17:24:41 - [TEST_STEP][PASSED] - Popup email elogotest@gmail.com;ali.kara@logo.com.tr olarak girilir: Popup email elogotest@gmail.com;ali.kara@logo.com.tr olarak girilir

2021-11-19 17:24:41 - [MESSAGE][PASSED] - Popup email elogotest@gmail.com;ali.kara@logo.com.tr olarak girilir

2021-11-19 17:24:41 - [TEST_STEP][PASSED] - Yönetim popupında Gönder seçilir: Yönetim popupında Gönder seçilir

2021-11-19 17:24:41 - [MESSAGE][PASSED] - Yönetim popupında Gönder seçilir

2021-11-19 17:24:41 - [TEST_STEP][PASSED] - Popup mesajı talebiniz işleme alınmıştır içeriyor mu: Popup mesajı talebiniz işleme alınmıştır içeriyor mu

2021-11-19 17:24:41 - [MESSAGE][PASSED] - Popup mesajı talebiniz işleme alınmıştır içeriyor mu

2021-11-19 17:24:41 - [TEST_STEP][PASSED] - Yönetim popupında Tamam seçilir: Yönetim popupında Tamam seçilir

2021-11-19 17:24:41 - [MESSAGE][PASSED] - Yönetim popupında Tamam seçilir

2021-11-19 17:24:41 - [TEST_STEP][PASSED] - Ana menüden Zarflar seçilir: Ana menüden Zarflar seçilir

2021-11-19 17:24:41 - [MESSAGE][PASSED] - Ana menüden Zarflar seçilir

2021-11-19 17:24:41 - [TEST_STEP][PASSED] - Alt menüden Giden Zarflar seçilir: Alt menüden Giden Zarflar seçilir

2021-11-19 17:24:41 - [MESSAGE][PASSED] - Alt menüden Giden Zarflar seçilir

2021-11-19 17:24:41 - [TEST_STEP][PASSED] - Filtrelerden Belge Türü filtresine e-İrsaliye dropdowndan degeri seçilir: Filtrelerden Belge Türü filtresine e-İrsaliye dropdowndan degeri seçilir

2021-11-19 17:24:41 - [MESSAGE][PASSED] - Filtrelerden Belge Türü filtresine e-İrsaliye dropdowndan degeri seçilir

2021-11-19 17:24:41 - [TEST_STEP][PASSED] - Filtrelerden Oluşturma Tarihi filtresine 01.10.2021 baslangic degerini yaz: Filtrelerden Oluşturma Tarihi filtresine 01.10.2021 baslangic degerini yaz

2021-11-19 17:24:41 - [MESSAGE][PASSED] - Filtrelerden Oluşturma Tarihi filtresine 01.10.2021 baslangic degerini yaz

2021-11-19 17:24:41 - [TEST_STEP][PASSED] - Filtrelerden Oluşturma Tarihi filtresine 31.10.2021 bitis degerini yaz: Filtrelerden Oluşturma Tarihi filtresine 31.10.2021 bitis degerini yaz

2021-11-19 17:24:41 - [MESSAGE][PASSED] - Filtrelerden Oluşturma Tarihi filtresine 31.10.2021 bitis degerini yaz

2021-11-19 17:24:41 - [TEST_STEP][PASSED] - Filtre butonlarından Listele seçilir: Filtre butonlarından Listele seçilir

2021-11-19 17:24:41 - [MESSAGE][PASSED] - Filtre butonlarından Listele seçilir

2021-11-19 17:24:41 - [TEST_STEP][PASSED] - Tablodaki Test Kurum 6 isimli verinin İrsaliyeler adlı butonuna tıklanır: Tablodaki Test Kurum 6 isimli verinin İrsaliyeler adlı butonuna tıklanır

2021-11-19 17:24:41 - [MESSAGE][PASSED] - Tablodaki Test Kurum 6 isimli verinin İrsaliyeler adlı butonuna tıklanır

2021-11-19 17:24:41 - [TEST_STEP][PASSED] - Yeni açılan sekmeye geçilir: Yeni açılan sekmeye geçilir

2021-11-19 17:24:41 - [MESSAGE][PASSED] - Yeni açılan sekmeye geçilir

2021-11-19 17:24:41 - [TEST_STEP][PASSED] - Tabloda veri var mı kontrol edilir: Tabloda veri var mı kontrol edilir

2021-11-19 17:24:41 - [MESSAGE][PASSED] - Tabloda veri var mı kontrol edilir

2021-11-19 17:24:41 - [TEST_STEP][PASSED] - Ana sekmeye geçilir: Ana sekmeye geçilir

2021-11-19 17:24:41 - [MESSAGE][PASSED] - Ana sekmeye geçilir

2021-11-19 17:24:41 - [TEST_STEP][PASSED] - Tabloda veri var mı kontrol edilir: Tabloda veri var mı kontrol edilir

2021-11-19 17:24:41 - [MESSAGE][PASSED] - Tabloda veri var mı kontrol edilir

2021-11-19 17:24:41 - [TEST_STEP][PASSED] - Tablodan Test Kurum 6 isimli veri seçilir: Tablodan Test Kurum 6 isimli veri seçilir

2021-11-19 17:24:41 - [MESSAGE][PASSED] - Tablodan Test Kurum 6 isimli veri seçilir

2021-11-19 17:24:41 - [TEST_STEP][PASSED] - Butonlardan UBL isimli butona tıklanır: Butonlardan UBL isimli butona tıklanır

2021-11-19 17:24:41 - [MESSAGE][PASSED] - Butonlardan UBL isimli butona tıklanır

2021-11-19 17:24:41 - [TEST_STEP][PASSED] - Yeni açılan sekmeye geçilir: Yeni açılan sekmeye geçilir

2021-11-19 17:24:41 - [MESSAGE][PASSED] - Yeni açılan sekmeye geçilir

2021-11-19 17:24:41 - [TEST_STEP][PASSED] - StandardBusinessDocument tagli ubl geldi mi: StandardBusinessDocument tagli ubl geldi mi

2021-11-19 17:24:41 - [MESSAGE][PASSED] - StandardBusinessDocument tagli ubl geldi mi

2021-11-19 17:24:41 - [TEST_STEP][PASSED] - Ana sekmeye geçilir: Ana sekmeye geçilir

2021-11-19 17:24:41 - [MESSAGE][PASSED] - Ana sekmeye geçilir

2021-11-19 17:24:41 - [TEST_STEP][PASSED] - Butonlardan İndir isimli butona tıklanır: Butonlardan İndir isimli butona tıklanır

2021-11-19 17:24:41 - [MESSAGE][PASSED] - Butonlardan İndir isimli butona tıklanır

2021-11-19 17:24:41 - [TEST_STEP][PASSED] - Alt butonlardan İndir butonuna tıklanır: Alt butonlardan İndir butonuna tıklanır

2021-11-19 17:24:41 - [MESSAGE][PASSED] - Alt butonlardan İndir butonuna tıklanır

2021-11-19 17:24:41 - [TEST_STEP][PASSED] - Ön eki Envelope olan dosya indirildi mi: Ön eki Envelope olan dosya indirildi mi

2021-11-19 17:24:41 - [MESSAGE][PASSED] - Ön eki Envelope olan dosya indirildi mi

2021-11-19 17:24:41 - [TEST_STEP][PASSED] - Butonlardan Excel isimli butona tıklanır: Butonlardan Excel isimli butona tıklanır

2021-11-19 17:24:41 - [MESSAGE][PASSED] - Butonlardan Excel isimli butona tıklanır

2021-11-19 17:24:41 - [TEST_STEP][PASSED] - Alt butonlardan Seçilenleri Excel'e Aktar butonuna tıklanır: Alt butonlardan Seçilenleri Excel'e Aktar butonuna tıklanır

2021-11-19 17:24:41 - [MESSAGE][PASSED] - Alt butonlardan Seçilenleri Excel'e Aktar butonuna tıklanır

2021-11-19 17:24:41 - [TEST_STEP][PASSED] - Popup mesajı Lütfen rapor bildiriminin gönderileceği e-posta adresini belirtiniz. içeriyor mu: Popup mesajı Lütfen rapor bildiriminin gönderileceği e-posta adresini belirtiniz. içeriyor mu

2021-11-19 17:24:41 - [MESSAGE][PASSED] - Popup mesajı Lütfen rapor bildiriminin gönderileceği e-posta adresini belirtiniz. içeriyor mu

2021-11-19 17:24:41 - [TEST_STEP][PASSED] - Popup email elogotest@gmail.com;ali.kara@logo.com.tr olarak girilir: Popup email elogotest@gmail.com;ali.kara@logo.com.tr olarak girilir

2021-11-19 17:24:41 - [MESSAGE][PASSED] - Popup email elogotest@gmail.com;ali.kara@logo.com.tr olarak girilir

2021-11-19 17:24:41 - [TEST_STEP][PASSED] - Yönetim popupında Gönder seçilir: Yönetim popupında Gönder seçilir

2021-11-19 17:24:41 - [MESSAGE][PASSED] - Yönetim popupında Gönder seçilir

2021-11-19 17:24:41 - [TEST_STEP][PASSED] - Popup mesajı Toplu Veri İndirme içeriyor mu: Popup mesajı Toplu Veri İndirme içeriyor mu

2021-11-19 17:24:41 - [MESSAGE][PASSED] - Popup mesajı Toplu Veri İndirme içeriyor mu

2021-11-19 17:24:41 - [TEST_STEP][PASSED] - Yönetim popupında Tamam seçilir: Yönetim popupında Tamam seçilir

2021-11-19 17:24:41 - [MESSAGE][PASSED] - Yönetim popupında Tamam seçilir

2021-11-19 17:24:41 - [TEST_STEP][PASSED] - Butonlardan Toplu İndirme isimli butona tıklanır: Butonlardan Toplu İndirme isimli butona tıklanır

2021-11-19 17:24:41 - [MESSAGE][PASSED] - Butonlardan Toplu İndirme isimli butona tıklanır

2021-11-19 17:24:41 - [TEST_STEP][PASSED] - Alt butonlardan UBL Seçilenleri İndir butonuna tıklanır: Alt butonlardan UBL Seçilenleri İndir butonuna tıklanır

2021-11-19 17:24:41 - [MESSAGE][PASSED] - Alt butonlardan UBL Seçilenleri İndir butonuna tıklanır

2021-11-19 17:24:41 - [TEST_STEP][PASSED] - Popup mesajı rapor bildiriminin gönderileceği e-posta adresini belirtiniz içeriyor mu: Popup mesajı rapor bildiriminin gönderileceği e-posta adresini belirtiniz içeriyor mu

2021-11-19 17:24:41 - [MESSAGE][PASSED] - Popup mesajı rapor bildiriminin gönderileceği e-posta adresini belirtiniz içeriyor mu

2021-11-19 17:24:41 - [TEST_STEP][PASSED] - Popup email elogotest@gmail.com;ali.kara@logo.com.tr olarak girilir: Popup email elogotest@gmail.com;ali.kara@logo.com.tr olarak girilir

2021-11-19 17:24:41 - [MESSAGE][PASSED] - Popup email elogotest@gmail.com;ali.kara@logo.com.tr olarak girilir

2021-11-19 17:24:41 - [TEST_STEP][PASSED] - Yönetim popupında Gönder seçilir: Yönetim popupında Gönder seçilir

2021-11-19 17:24:41 - [MESSAGE][PASSED] - Yönetim popupında Gönder seçilir

2021-11-19 17:24:41 - [TEST_STEP][PASSED] - Popup mesajı talebiniz işleme alınmıştır içeriyor mu: Popup mesajı talebiniz işleme alınmıştır içeriyor mu

2021-11-19 17:24:41 - [MESSAGE][PASSED] - Popup mesajı talebiniz işleme alınmıştır içeriyor mu

2021-11-19 17:24:41 - [TEST_STEP][PASSED] - Yönetim popupında Tamam seçilir: Yönetim popupında Tamam seçilir

2021-11-19 17:24:41 - [MESSAGE][PASSED] - Yönetim popupında Tamam seçilir

2021-11-19 17:24:41 - [TEST_STEP][PASSED] - Kullanıcı işlemlerinden Çıkış seçilir: Kullanıcı işlemlerinden Çıkış seçilir

2021-11-19 17:24:41 - [MESSAGE][PASSED] - Kullanıcı işlemlerinden Çıkış seçilir

2021-11-19 17:24:41 - [MESSAGE][PASSED] - Feature file: 'Include/features/Zarflar/Giden Zarflar/Tablodaki Verinin Butonlari.feature' was passed

2021-11-19 17:24:41 - [TEST_STEP][PASSED] - Start listener action : sampleAfterTestSuite: Invoke 'com.kms.katalon.core.annotation.AfterTestCase' method: 'Listener.sampleAfterTestSuite(...)' completed.

2021-11-19 17:24:41 - [MESSAGE][INFO] - Starting invoke 'com.kms.katalon.core.annotation.AfterTestCase' method: 'Listener.sampleAfterTestSuite(...)'

2021-11-19 17:24:41 - [TEST_STEP][PASSED] - closeBrowser(): Invoke 'com.kms.katalon.core.annotation.AfterTestCase' method: 'Listener.sampleAfterTestSuite(...)' completed.

2021-11-19 17:24:41 - [MESSAGE][INFO] - Closing browser

2021-11-19 17:24:42 - [MESSAGE][PASSED] - Browser is closed

2021-11-19 17:24:42 - [MESSAGE][INFO] - Invoke 'com.kms.katalon.core.annotation.AfterTestCase' method: 'Listener.sampleAfterTestSuite(...)' completed.]]></system-out>
         <system-err><![CDATA[]]></system-err>
      </testcase>
      <testcase name="Test Cases/Case Repository/Zarflar/Erisim Kontrol" time="250.151" classname="Test Cases/Case Repository/Zarflar/Erisim Kontrol" status="PASSED">
         <system-out><![CDATA[2021-11-19 17:24:42 - [TEST_CASE][PASSED] - Test Cases/Case Repository/Zarflar/Erisim Kontrol: Test Cases/Case Repository/Zarflar/Erisim Kontrol

2021-11-19 17:24:42 - [TEST_STEP][PASSED] - Start listener action : sampleBeforeTestSuite: Invoke 'com.kms.katalon.core.annotation.BeforeTestCase' method: 'Listener.sampleBeforeTestSuite(...)' completed.

2021-11-19 17:24:42 - [MESSAGE][INFO] - Starting invoke 'com.kms.katalon.core.annotation.BeforeTestCase' method: 'Listener.sampleBeforeTestSuite(...)'

2021-11-19 17:24:42 - [TEST_STEP][PASSED] - openBrowser(baseUrl): Browser is opened with url: 'https://efatura-stage.elogo.com.tr/'

2021-11-19 17:24:42 - [MESSAGE][INFO] - Opening browser

2021-11-19 17:24:42 - [MESSAGE][INFO] - Starting 'Chrome' driver

2021-11-19 17:24:42 - [MESSAGE][INFO] - User set preference: ['prefs', '{download.default_directory=C:\otomasyondownfiles}']

2021-11-19 17:24:42 - [MESSAGE][INFO] - Action delay is set to 0 milliseconds

2021-11-19 17:24:43 - [MESSAGE][INFO] - Navigating browser to: 'https://efatura-stage.elogo.com.tr/'

2021-11-19 17:24:46 - [MESSAGE][PASSED] - Browser is opened with url: 'https://efatura-stage.elogo.com.tr/'

2021-11-19 17:24:46 - [TEST_STEP][PASSED] - maximizeWindow(): Invoke 'com.kms.katalon.core.annotation.BeforeTestCase' method: 'Listener.sampleBeforeTestSuite(...)' completed.

2021-11-19 17:24:46 - [MESSAGE][INFO] - Maximizing current window

2021-11-19 17:24:46 - [MESSAGE][PASSED] - Current window maximized

2021-11-19 17:24:46 - [MESSAGE][INFO] - Invoke 'com.kms.katalon.core.annotation.BeforeTestCase' method: 'Listener.sampleBeforeTestSuite(...)' completed.

2021-11-19 17:24:47 - [TEST_STEP][PASSED] - runFeatureFile("Include/features/Zarflar/Erisim Kontrol.feature"): Feature file: 'Include/features/Zarflar/Erisim Kontrol.feature' was passed

2021-11-19 17:24:47 - [MESSAGE][INFO] - Starting run keyword runFeatureFile: 'Include/features/Zarflar/Erisim Kontrol.feature' and extract report to folder: 'C:\Users\DELL\Documents\GitHub\EES_KatalonLogo\Reports\20211119_164526\Suite Repository\Zarflar\20211119_164611/cucumber_report/1637331887735'...

2021-11-19 17:24:47 - [MESSAGE][INFO] - Glue: []

2021-11-19 17:24:49 - [MESSAGE][INFO] - Checking called Test Case

2021-11-19 17:24:49 - [MESSAGE][INFO] - Starting to call Test Case 'Test Cases/Sayfalar/Giris_Sayfasi/Login'

2021-11-19 17:24:49 - [TEST_CASE][PASSED] - Test Cases/Sayfalar/Giris_Sayfasi/Login: Test Cases/Sayfalar/Giris_Sayfasi/Login

2021-11-19 17:24:49 - [TEST_STEP][PASSED] - Sayfa_Basligi = getWindowTitle(): Current window's title is: 'LOGO e-Fatura'

2021-11-19 17:24:49 - [MESSAGE][INFO] - Getting current window's title

2021-11-19 17:24:49 - [MESSAGE][PASSED] - Current window's title is: 'LOGO e-Fatura'

2021-11-19 17:24:49 - [TEST_STEP][PASSED] - verifyMatch(Sayfa_Basligi, "LOGO e-Fatura", false): Actual text 'LOGO e-Fatura' and expected text 'LOGO e-Fatura' are matched 

2021-11-19 17:24:49 - [MESSAGE][INFO] - Matching actual text 'LOGO e-Fatura' with expected text 'LOGO e-Fatura'

2021-11-19 17:24:49 - [MESSAGE][PASSED] - Actual text 'LOGO e-Fatura' and expected text 'LOGO e-Fatura' are matched 

2021-11-19 17:24:49 - [TEST_STEP][PASSED] - sendKeys(findTestObject("Sayfalar/Giris_Sayfasi/Firma_Kodu"), KullaniciAdi): Keys 'ELOGO6' sent to object: 'Object Repository/Sayfalar/Giris_Sayfasi/Firma_Kodu'

2021-11-19 17:24:49 - [MESSAGE][INFO] - Finding Test Object 'Object Repository/Sayfalar/Giris_Sayfasi/Firma_Kodu'

2021-11-19 17:24:49 - [MESSAGE][INFO] - Sending keys 'ELOGO6' to object: 'Object Repository/Sayfalar/Giris_Sayfasi/Firma_Kodu'

2021-11-19 17:24:49 - [MESSAGE][INFO] - Finding web element from Test Object's properties

2021-11-19 17:24:49 - [MESSAGE][INFO] - Checking timeout

2021-11-19 17:24:49 - [MESSAGE][INFO] - Finding web element with id: 'Object Repository/Sayfalar/Giris_Sayfasi/Firma_Kodu' located by 'By.xpath: //*[@id = 'AccountName']' in '30' second(s)

2021-11-19 17:24:49 - [MESSAGE][INFO] - Smart Wait Function is triggered

2021-11-19 17:24:50 - [MESSAGE][INFO] - Found 1 web elements with id: 'Object Repository/Sayfalar/Giris_Sayfasi/Firma_Kodu' located by 'By.xpath: //*[@id = 'AccountName']' in '30' second(s)

2021-11-19 17:24:50 - [MESSAGE][PASSED] - Keys 'ELOGO6' sent to object: 'Object Repository/Sayfalar/Giris_Sayfasi/Firma_Kodu'

2021-11-19 17:24:50 - [TEST_STEP][PASSED] - sendKeys(findTestObject("Sayfalar/Giris_Sayfasi/Sifre"), Sifre): Keys '123456' sent to object: 'Object Repository/Sayfalar/Giris_Sayfasi/Sifre'

2021-11-19 17:24:50 - [MESSAGE][INFO] - Finding Test Object 'Object Repository/Sayfalar/Giris_Sayfasi/Sifre'

2021-11-19 17:24:50 - [MESSAGE][INFO] - Sending keys '123456' to object: 'Object Repository/Sayfalar/Giris_Sayfasi/Sifre'

2021-11-19 17:24:50 - [MESSAGE][INFO] - Finding web element from Test Object's properties

2021-11-19 17:24:50 - [MESSAGE][INFO] - Checking timeout

2021-11-19 17:24:50 - [MESSAGE][INFO] - Finding web element with id: 'Object Repository/Sayfalar/Giris_Sayfasi/Sifre' located by 'By.xpath: //*[@id = 'Password']' in '30' second(s)

2021-11-19 17:24:50 - [MESSAGE][INFO] - Smart Wait Function is triggered

2021-11-19 17:24:50 - [MESSAGE][INFO] - Found 1 web elements with id: 'Object Repository/Sayfalar/Giris_Sayfasi/Sifre' located by 'By.xpath: //*[@id = 'Password']' in '30' second(s)

2021-11-19 17:24:50 - [MESSAGE][PASSED] - Keys '123456' sent to object: 'Object Repository/Sayfalar/Giris_Sayfasi/Sifre'

2021-11-19 17:24:50 - [TEST_STEP][PASSED] - findWebElement(findTestObject("Sayfalar/Giris_Sayfasi/Giris_Butonu")).click(): Found 1 web elements with id: 'Object Repository/Sayfalar/Giris_Sayfasi/Giris_Butonu' located by 'By.cssSelector: #btnLogin' in '30' second(s)

2021-11-19 17:24:50 - [MESSAGE][INFO] - Finding Test Object 'Object Repository/Sayfalar/Giris_Sayfasi/Giris_Butonu'

2021-11-19 17:24:50 - [MESSAGE][INFO] - Finding web element from Test Object's properties

2021-11-19 17:24:50 - [MESSAGE][INFO] - Checking timeout

2021-11-19 17:24:50 - [MESSAGE][INFO] - Finding web element with id: 'Object Repository/Sayfalar/Giris_Sayfasi/Giris_Butonu' located by 'By.cssSelector: #btnLogin' in '30' second(s)

2021-11-19 17:24:50 - [MESSAGE][INFO] - Smart Wait Function is triggered

2021-11-19 17:24:51 - [MESSAGE][INFO] - Found 1 web elements with id: 'Object Repository/Sayfalar/Giris_Sayfasi/Giris_Butonu' located by 'By.cssSelector: #btnLogin' in '30' second(s)

2021-11-19 17:24:55 - [TEST_STEP][PASSED] - if (verifyElementPresent(findTestObject("Object Repository/Sayfalar/Giris_Sayfasi/RetveTamam_Butonu"), 5, OPTIONAL)): null

2021-11-19 17:24:55 - [MESSAGE][INFO] - Finding Test Object 'Object Repository/Sayfalar/Giris_Sayfasi/RetveTamam_Butonu'

2021-11-19 17:24:55 - [MESSAGE][INFO] - Checking object

2021-11-19 17:24:55 - [MESSAGE][INFO] - Finding web element from Test Object's properties

2021-11-19 17:24:55 - [MESSAGE][INFO] - Checking timeout

2021-11-19 17:24:55 - [MESSAGE][INFO] - Finding web element with id: 'Object Repository/Sayfalar/Giris_Sayfasi/RetveTamam_Butonu' located by 'By.xpath: //*[@class = 'btn btn-default']' in '5' second(s)

2021-11-19 17:24:55 - [MESSAGE][INFO] - Smart Wait Function is triggered

2021-11-19 17:24:56 - [MESSAGE][INFO] - Found 1 web elements with id: 'Object Repository/Sayfalar/Giris_Sayfasi/RetveTamam_Butonu' located by 'By.xpath: //*[@class = 'btn btn-default']' in '5' second(s)

2021-11-19 17:24:56 - [MESSAGE][PASSED] - Object 'Object Repository/Sayfalar/Giris_Sayfasi/RetveTamam_Butonu' is present

2021-11-19 17:24:56 - [TEST_STEP][PASSED] - click(findTestObject("Object Repository/Sayfalar/Giris_Sayfasi/RetveTamam_Butonu")): Object: 'Object Repository/Sayfalar/Giris_Sayfasi/RetveTamam_Butonu' is clicked on

2021-11-19 17:24:56 - [MESSAGE][INFO] - Finding Test Object 'Object Repository/Sayfalar/Giris_Sayfasi/RetveTamam_Butonu'

2021-11-19 17:24:56 - [MESSAGE][INFO] - Checking object

2021-11-19 17:24:56 - [MESSAGE][INFO] - Finding web element from Test Object's properties

2021-11-19 17:24:56 - [MESSAGE][INFO] - Checking timeout

2021-11-19 17:24:56 - [MESSAGE][INFO] - Finding web element with id: 'Object Repository/Sayfalar/Giris_Sayfasi/RetveTamam_Butonu' located by 'By.xpath: //*[@class = 'btn btn-default']' in '30' second(s)

2021-11-19 17:24:56 - [MESSAGE][INFO] - Smart Wait Function is triggered

2021-11-19 17:24:56 - [MESSAGE][INFO] - Found 1 web elements with id: 'Object Repository/Sayfalar/Giris_Sayfasi/RetveTamam_Butonu' located by 'By.xpath: //*[@class = 'btn btn-default']' in '30' second(s)

2021-11-19 17:24:56 - [MESSAGE][INFO] - Clicking on object: 'Object Repository/Sayfalar/Giris_Sayfasi/RetveTamam_Butonu'

2021-11-19 17:24:56 - [MESSAGE][PASSED] - Object: 'Object Repository/Sayfalar/Giris_Sayfasi/RetveTamam_Butonu' is clicked on

2021-11-19 17:24:56 - [TEST_STEP][PASSED] - click(findTestObject("Object Repository/Sayfalar/Giris_Sayfasi/RetveTamam_Butonu")): Object: 'Object Repository/Sayfalar/Giris_Sayfasi/RetveTamam_Butonu' is clicked on

2021-11-19 17:24:56 - [MESSAGE][INFO] - Finding Test Object 'Object Repository/Sayfalar/Giris_Sayfasi/RetveTamam_Butonu'

2021-11-19 17:24:56 - [MESSAGE][INFO] - Checking object

2021-11-19 17:24:56 - [MESSAGE][INFO] - Finding web element from Test Object's properties

2021-11-19 17:24:56 - [MESSAGE][INFO] - Checking timeout

2021-11-19 17:24:56 - [MESSAGE][INFO] - Finding web element with id: 'Object Repository/Sayfalar/Giris_Sayfasi/RetveTamam_Butonu' located by 'By.xpath: //*[@class = 'btn btn-default']' in '30' second(s)

2021-11-19 17:24:56 - [MESSAGE][INFO] - Smart Wait Function is triggered

2021-11-19 17:25:00 - [MESSAGE][INFO] - Found 1 web elements with id: 'Object Repository/Sayfalar/Giris_Sayfasi/RetveTamam_Butonu' located by 'By.xpath: //*[@class = 'btn btn-default']' in '30' second(s)

2021-11-19 17:25:00 - [MESSAGE][INFO] - Clicking on object: 'Object Repository/Sayfalar/Giris_Sayfasi/RetveTamam_Butonu'

2021-11-19 17:25:00 - [MESSAGE][PASSED] - Object: 'Object Repository/Sayfalar/Giris_Sayfasi/RetveTamam_Butonu' is clicked on

2021-11-19 17:25:00 - [TEST_STEP][PASSED] - if (verifyElementPresent(findTestObject("Sayfalar/Giris_Sayfasi/PopupOK"), 5, OPTIONAL)): null

2021-11-19 17:25:00 - [MESSAGE][INFO] - Finding Test Object 'Object Repository/Sayfalar/Giris_Sayfasi/PopupOK'

2021-11-19 17:25:00 - [MESSAGE][INFO] - Checking object

2021-11-19 17:25:00 - [MESSAGE][INFO] - Finding web element from Test Object's properties

2021-11-19 17:25:00 - [MESSAGE][INFO] - Checking timeout

2021-11-19 17:25:00 - [MESSAGE][INFO] - Finding web element with id: 'Object Repository/Sayfalar/Giris_Sayfasi/PopupOK' located by 'By.cssSelector: .btn.btn-success' in '5' second(s)

2021-11-19 17:25:00 - [MESSAGE][INFO] - Smart Wait Function is triggered

2021-11-19 17:25:01 - [MESSAGE][INFO] - Found 1 web elements with id: 'Object Repository/Sayfalar/Giris_Sayfasi/PopupOK' located by 'By.cssSelector: .btn.btn-success' in '5' second(s)

2021-11-19 17:25:01 - [MESSAGE][PASSED] - Object 'Object Repository/Sayfalar/Giris_Sayfasi/PopupOK' is present

2021-11-19 17:25:01 - [TEST_STEP][PASSED] - click(findTestObject("Object Repository/Sayfalar/Giris_Sayfasi/PopupCarpiGiris")): Object: 'Object Repository/Sayfalar/Giris_Sayfasi/PopupCarpiGiris' is clicked on

2021-11-19 17:25:01 - [MESSAGE][INFO] - Finding Test Object 'Object Repository/Sayfalar/Giris_Sayfasi/PopupCarpiGiris'

2021-11-19 17:25:01 - [MESSAGE][INFO] - Checking object

2021-11-19 17:25:01 - [MESSAGE][INFO] - Finding web element from Test Object's properties

2021-11-19 17:25:01 - [MESSAGE][INFO] - Checking timeout

2021-11-19 17:25:01 - [MESSAGE][INFO] - Finding web element with id: 'Object Repository/Sayfalar/Giris_Sayfasi/PopupCarpiGiris' located by 'By.cssSelector: .bootbox-close-button.close' in '30' second(s)

2021-11-19 17:25:01 - [MESSAGE][INFO] - Smart Wait Function is triggered

2021-11-19 17:25:02 - [MESSAGE][INFO] - Found 1 web elements with id: 'Object Repository/Sayfalar/Giris_Sayfasi/PopupCarpiGiris' located by 'By.cssSelector: .bootbox-close-button.close' in '30' second(s)

2021-11-19 17:25:02 - [MESSAGE][INFO] - Clicking on object: 'Object Repository/Sayfalar/Giris_Sayfasi/PopupCarpiGiris'

2021-11-19 17:25:02 - [MESSAGE][PASSED] - Object: 'Object Repository/Sayfalar/Giris_Sayfasi/PopupCarpiGiris' is clicked on

2021-11-19 17:25:02 - [TEST_STEP][PASSED] - verifyElementVisible(findTestObject("Object Repository/Kullanici_Islemleri/KullaniciIslemleri")): Object 'Object Repository/Kullanici_Islemleri/KullaniciIslemleri' is visible

2021-11-19 17:25:02 - [MESSAGE][INFO] - Finding Test Object 'Object Repository/Kullanici_Islemleri/KullaniciIslemleri'

2021-11-19 17:25:02 - [MESSAGE][INFO] - Checking object

2021-11-19 17:25:02 - [MESSAGE][INFO] - Finding web element from Test Object's properties

2021-11-19 17:25:02 - [MESSAGE][INFO] - Checking timeout

2021-11-19 17:25:02 - [MESSAGE][INFO] - Finding web element with id: 'Object Repository/Kullanici_Islemleri/KullaniciIslemleri' located by 'By.cssSelector: .dropdown>a>img' in '30' second(s)

2021-11-19 17:25:02 - [MESSAGE][INFO] - Smart Wait Function is triggered

2021-11-19 17:25:02 - [MESSAGE][INFO] - Found 1 web elements with id: 'Object Repository/Kullanici_Islemleri/KullaniciIslemleri' located by 'By.cssSelector: .dropdown>a>img' in '30' second(s)

2021-11-19 17:25:02 - [MESSAGE][PASSED] - Object 'Object Repository/Kullanici_Islemleri/KullaniciIslemleri' is visible

2021-11-19 17:25:02 - [MESSAGE][PASSED] - Call Test Case 'Test Cases/Sayfalar/Giris_Sayfasi/Login' successfully

2021-11-19 17:25:02 - [MESSAGE][INFO] - Checking called Test Case

2021-11-19 17:25:02 - [MESSAGE][INFO] - Starting to call Test Case 'Test Cases/Sekmeler/LinkSecilir'

2021-11-19 17:25:03 - [TEST_CASE][PASSED] - Test Cases/Sekmeler/LinkSecilir: Test Cases/Sekmeler/LinkSecilir

2021-11-19 17:25:03 - [TEST_STEP][PASSED] - navigateToUrl(Link, STOP_ON_FAILURE): Navigate to 'https://efatura-stage.elogo.com.tr/Envelope/OutgoingEnvelopeDisplayUbl?id=116183191' successfully

2021-11-19 17:25:03 - [MESSAGE][INFO] - Checking url

2021-11-19 17:25:03 - [MESSAGE][INFO] - Navigating to 'https://efatura-stage.elogo.com.tr/Envelope/OutgoingEnvelopeDisplayUbl?id=116183191'

2021-11-19 17:25:06 - [MESSAGE][PASSED] - Navigate to 'https://efatura-stage.elogo.com.tr/Envelope/OutgoingEnvelopeDisplayUbl?id=116183191' successfully

2021-11-19 17:25:06 - [TEST_STEP][PASSED] - delay(2): Delayed 2 second(s)

2021-11-19 17:25:06 - [MESSAGE][INFO] - Delaying browser in 2 second(s)

2021-11-19 17:25:08 - [MESSAGE][PASSED] - Delayed 2 second(s)

2021-11-19 17:25:08 - [MESSAGE][PASSED] - Call Test Case 'Test Cases/Sekmeler/LinkSecilir' successfully

2021-11-19 17:25:08 - [MESSAGE][INFO] - Checking called Test Case

2021-11-19 17:25:08 - [MESSAGE][INFO] - Starting to call Test Case 'Test Cases/Sekmeler/TagGeldiMi'

2021-11-19 17:25:08 - [TEST_CASE][PASSED] - Test Cases/Sekmeler/TagGeldiMi: Test Cases/Sekmeler/TagGeldiMi

2021-11-19 17:25:08 - [TEST_STEP][PASSED] - waitForElementPresent(findTestObject("Object Repository/Sekmeler/UBLTag"), 10): Object 'Object Repository/Sekmeler/UBLTag' is present

2021-11-19 17:25:08 - [MESSAGE][INFO] - Finding Test Object 'Object Repository/Sekmeler/UBLTag'

2021-11-19 17:25:08 - [MESSAGE][INFO] - Checking object

2021-11-19 17:25:08 - [MESSAGE][INFO] - Finding web element from Test Object's properties

2021-11-19 17:25:08 - [MESSAGE][INFO] - Checking timeout

2021-11-19 17:25:08 - [MESSAGE][INFO] - Finding web element with id: 'Object Repository/Sekmeler/UBLTag' located by 'By.cssSelector: #webkit-xml-viewer-source-xml>:first-child' in '10' second(s)

2021-11-19 17:25:08 - [MESSAGE][INFO] - Smart Wait Function is triggered

2021-11-19 17:25:08 - [MESSAGE][INFO] - Found 1 web elements with id: 'Object Repository/Sekmeler/UBLTag' located by 'By.cssSelector: #webkit-xml-viewer-source-xml>:first-child' in '10' second(s)

2021-11-19 17:25:08 - [MESSAGE][PASSED] - Object 'Object Repository/Sekmeler/UBLTag' is present

2021-11-19 17:25:08 - [TEST_STEP][PASSED] - println(toLowerCase().toString()): Found 1 web elements with id: 'Object Repository/Sekmeler/UBLTag' located by 'By.cssSelector: #webkit-xml-viewer-source-xml>:first-child' in '10' second(s)

2021-11-19 17:25:08 - [MESSAGE][INFO] - Finding Test Object 'Object Repository/Sekmeler/UBLTag'

2021-11-19 17:25:08 - [MESSAGE][INFO] - Finding web element from Test Object's properties

2021-11-19 17:25:08 - [MESSAGE][INFO] - Checking timeout

2021-11-19 17:25:08 - [MESSAGE][INFO] - Finding web element with id: 'Object Repository/Sekmeler/UBLTag' located by 'By.cssSelector: #webkit-xml-viewer-source-xml>:first-child' in '10' second(s)

2021-11-19 17:25:08 - [MESSAGE][INFO] - Smart Wait Function is triggered

2021-11-19 17:25:08 - [MESSAGE][INFO] - Found 1 web elements with id: 'Object Repository/Sekmeler/UBLTag' located by 'By.cssSelector: #webkit-xml-viewer-source-xml>:first-child' in '10' second(s)

2021-11-19 17:25:08 - [TEST_STEP][PASSED] - if (!(toString().contains(toString().toLowerCase()))): Found 1 web elements with id: 'Object Repository/Sekmeler/UBLTag' located by 'By.cssSelector: #webkit-xml-viewer-source-xml>:first-child' in '10' second(s)

2021-11-19 17:25:08 - [MESSAGE][INFO] - Finding Test Object 'Object Repository/Sekmeler/UBLTag'

2021-11-19 17:25:08 - [MESSAGE][INFO] - Finding web element from Test Object's properties

2021-11-19 17:25:08 - [MESSAGE][INFO] - Checking timeout

2021-11-19 17:25:08 - [MESSAGE][INFO] - Finding web element with id: 'Object Repository/Sekmeler/UBLTag' located by 'By.cssSelector: #webkit-xml-viewer-source-xml>:first-child' in '10' second(s)

2021-11-19 17:25:08 - [MESSAGE][INFO] - Smart Wait Function is triggered

2021-11-19 17:25:08 - [MESSAGE][INFO] - Found 1 web elements with id: 'Object Repository/Sekmeler/UBLTag' located by 'By.cssSelector: #webkit-xml-viewer-source-xml>:first-child' in '10' second(s)

2021-11-19 17:25:08 - [MESSAGE][PASSED] - Call Test Case 'Test Cases/Sekmeler/TagGeldiMi' successfully

2021-11-19 17:25:08 - [MESSAGE][INFO] - Checking called Test Case

2021-11-19 17:25:08 - [MESSAGE][INFO] - Starting to call Test Case 'Test Cases/Sekmeler/LinkSecilir'

2021-11-19 17:25:08 - [TEST_CASE][PASSED] - Test Cases/Sekmeler/LinkSecilir: Test Cases/Sekmeler/LinkSecilir

2021-11-19 17:25:08 - [TEST_STEP][PASSED] - navigateToUrl(Link, STOP_ON_FAILURE): Navigate to 'https://efatura-stage.elogo.com.tr/Envelope/OutgoingEnvelopeDisplayUbl?id=116176233' successfully

2021-11-19 17:25:08 - [MESSAGE][INFO] - Checking url

2021-11-19 17:25:08 - [MESSAGE][INFO] - Navigating to 'https://efatura-stage.elogo.com.tr/Envelope/OutgoingEnvelopeDisplayUbl?id=116176233'

2021-11-19 17:25:17 - [MESSAGE][PASSED] - Navigate to 'https://efatura-stage.elogo.com.tr/Envelope/OutgoingEnvelopeDisplayUbl?id=116176233' successfully

2021-11-19 17:25:17 - [TEST_STEP][PASSED] - delay(2): Delayed 2 second(s)

2021-11-19 17:25:17 - [MESSAGE][INFO] - Delaying browser in 2 second(s)

2021-11-19 17:25:19 - [MESSAGE][PASSED] - Delayed 2 second(s)

2021-11-19 17:25:19 - [MESSAGE][PASSED] - Call Test Case 'Test Cases/Sekmeler/LinkSecilir' successfully

2021-11-19 17:25:19 - [MESSAGE][INFO] - Checking called Test Case

2021-11-19 17:25:19 - [MESSAGE][INFO] - Starting to call Test Case 'Test Cases/Sekmeler/MesajGeldiMi'

2021-11-19 17:25:19 - [TEST_CASE][PASSED] - Test Cases/Sekmeler/MesajGeldiMi: Test Cases/Sekmeler/MesajGeldiMi

2021-11-19 17:25:20 - [TEST_STEP][PASSED] - Method.TextDegerineEsitElementVarMi(findTestObject("Object Repository/Sekmeler/HataMesaji"), Mesaj): Method.TextDegerineEsitElementVarMi is PASSED

2021-11-19 17:25:20 - [MESSAGE][INFO] - Finding Test Object 'Object Repository/Sekmeler/HataMesaji'

2021-11-19 17:25:20 - [MESSAGE][INFO] - Checking timeout

2021-11-19 17:25:20 - [MESSAGE][INFO] - Finding web element with id: 'Object Repository/Sekmeler/HataMesaji' located by 'By.xpath: /html/body' in '10' second(s)

2021-11-19 17:25:20 - [MESSAGE][INFO] - Smart Wait Function is triggered

2021-11-19 17:25:20 - [MESSAGE][INFO] - Found 1 web elements with id: 'Object Repository/Sekmeler/HataMesaji' located by 'By.xpath: /html/body' in '10' second(s)

2021-11-19 17:25:20 - [MESSAGE][PASSED] - Method.TextDegerineEsitElementVarMi is PASSED

2021-11-19 17:25:20 - [MESSAGE][PASSED] - Call Test Case 'Test Cases/Sekmeler/MesajGeldiMi' successfully

2021-11-19 17:25:20 - [MESSAGE][INFO] - Checking called Test Case

2021-11-19 17:25:20 - [MESSAGE][INFO] - Starting to call Test Case 'Test Cases/Sekmeler/LinkSecilir'

2021-11-19 17:25:20 - [TEST_CASE][PASSED] - Test Cases/Sekmeler/LinkSecilir: Test Cases/Sekmeler/LinkSecilir

2021-11-19 17:25:20 - [TEST_STEP][PASSED] - navigateToUrl(Link, STOP_ON_FAILURE): Navigate to 'https://efatura-stage.elogo.com.tr/Envelope/OutgoingEnvelopeDisplayUbl?id=116182583' successfully

2021-11-19 17:25:20 - [MESSAGE][INFO] - Checking url

2021-11-19 17:25:20 - [MESSAGE][INFO] - Navigating to 'https://efatura-stage.elogo.com.tr/Envelope/OutgoingEnvelopeDisplayUbl?id=116182583'

2021-11-19 17:25:20 - [MESSAGE][PASSED] - Navigate to 'https://efatura-stage.elogo.com.tr/Envelope/OutgoingEnvelopeDisplayUbl?id=116182583' successfully

2021-11-19 17:25:20 - [TEST_STEP][PASSED] - delay(2): Delayed 2 second(s)

2021-11-19 17:25:20 - [MESSAGE][INFO] - Delaying browser in 2 second(s)

2021-11-19 17:25:22 - [MESSAGE][PASSED] - Delayed 2 second(s)

2021-11-19 17:25:22 - [MESSAGE][PASSED] - Call Test Case 'Test Cases/Sekmeler/LinkSecilir' successfully

2021-11-19 17:25:22 - [MESSAGE][INFO] - Checking called Test Case

2021-11-19 17:25:22 - [MESSAGE][INFO] - Starting to call Test Case 'Test Cases/Sekmeler/TagGeldiMi'

2021-11-19 17:25:22 - [TEST_CASE][PASSED] - Test Cases/Sekmeler/TagGeldiMi: Test Cases/Sekmeler/TagGeldiMi

2021-11-19 17:25:22 - [TEST_STEP][PASSED] - waitForElementPresent(findTestObject("Object Repository/Sekmeler/UBLTag"), 10): Object 'Object Repository/Sekmeler/UBLTag' is present

2021-11-19 17:25:22 - [MESSAGE][INFO] - Finding Test Object 'Object Repository/Sekmeler/UBLTag'

2021-11-19 17:25:22 - [MESSAGE][INFO] - Checking object

2021-11-19 17:25:22 - [MESSAGE][INFO] - Finding web element from Test Object's properties

2021-11-19 17:25:22 - [MESSAGE][INFO] - Checking timeout

2021-11-19 17:25:22 - [MESSAGE][INFO] - Finding web element with id: 'Object Repository/Sekmeler/UBLTag' located by 'By.cssSelector: #webkit-xml-viewer-source-xml>:first-child' in '10' second(s)

2021-11-19 17:25:22 - [MESSAGE][INFO] - Smart Wait Function is triggered

2021-11-19 17:25:23 - [MESSAGE][INFO] - Found 1 web elements with id: 'Object Repository/Sekmeler/UBLTag' located by 'By.cssSelector: #webkit-xml-viewer-source-xml>:first-child' in '10' second(s)

2021-11-19 17:25:23 - [MESSAGE][PASSED] - Object 'Object Repository/Sekmeler/UBLTag' is present

2021-11-19 17:25:23 - [TEST_STEP][PASSED] - println(toLowerCase().toString()): Found 1 web elements with id: 'Object Repository/Sekmeler/UBLTag' located by 'By.cssSelector: #webkit-xml-viewer-source-xml>:first-child' in '10' second(s)

2021-11-19 17:25:23 - [MESSAGE][INFO] - Finding Test Object 'Object Repository/Sekmeler/UBLTag'

2021-11-19 17:25:23 - [MESSAGE][INFO] - Finding web element from Test Object's properties

2021-11-19 17:25:23 - [MESSAGE][INFO] - Checking timeout

2021-11-19 17:25:23 - [MESSAGE][INFO] - Finding web element with id: 'Object Repository/Sekmeler/UBLTag' located by 'By.cssSelector: #webkit-xml-viewer-source-xml>:first-child' in '10' second(s)

2021-11-19 17:25:23 - [MESSAGE][INFO] - Smart Wait Function is triggered

2021-11-19 17:25:23 - [MESSAGE][INFO] - Found 1 web elements with id: 'Object Repository/Sekmeler/UBLTag' located by 'By.cssSelector: #webkit-xml-viewer-source-xml>:first-child' in '10' second(s)

2021-11-19 17:25:23 - [TEST_STEP][PASSED] - if (!(toString().contains(toString().toLowerCase()))): Found 1 web elements with id: 'Object Repository/Sekmeler/UBLTag' located by 'By.cssSelector: #webkit-xml-viewer-source-xml>:first-child' in '10' second(s)

2021-11-19 17:25:23 - [MESSAGE][INFO] - Finding Test Object 'Object Repository/Sekmeler/UBLTag'

2021-11-19 17:25:23 - [MESSAGE][INFO] - Finding web element from Test Object's properties

2021-11-19 17:25:23 - [MESSAGE][INFO] - Checking timeout

2021-11-19 17:25:23 - [MESSAGE][INFO] - Finding web element with id: 'Object Repository/Sekmeler/UBLTag' located by 'By.cssSelector: #webkit-xml-viewer-source-xml>:first-child' in '10' second(s)

2021-11-19 17:25:23 - [MESSAGE][INFO] - Smart Wait Function is triggered

2021-11-19 17:25:23 - [MESSAGE][INFO] - Found 1 web elements with id: 'Object Repository/Sekmeler/UBLTag' located by 'By.cssSelector: #webkit-xml-viewer-source-xml>:first-child' in '10' second(s)

2021-11-19 17:25:23 - [MESSAGE][PASSED] - Call Test Case 'Test Cases/Sekmeler/TagGeldiMi' successfully

2021-11-19 17:25:23 - [MESSAGE][INFO] - Checking called Test Case

2021-11-19 17:25:23 - [MESSAGE][INFO] - Starting to call Test Case 'Test Cases/Sekmeler/LinkSecilir'

2021-11-19 17:25:23 - [TEST_CASE][PASSED] - Test Cases/Sekmeler/LinkSecilir: Test Cases/Sekmeler/LinkSecilir

2021-11-19 17:25:23 - [TEST_STEP][PASSED] - navigateToUrl(Link, STOP_ON_FAILURE): Navigate to 'https://efatura-stage.elogo.com.tr/Envelope/OutgoingEnvelopeDisplayUbl?id=116142419' successfully

2021-11-19 17:25:23 - [MESSAGE][INFO] - Checking url

2021-11-19 17:25:23 - [MESSAGE][INFO] - Navigating to 'https://efatura-stage.elogo.com.tr/Envelope/OutgoingEnvelopeDisplayUbl?id=116142419'

2021-11-19 17:25:30 - [MESSAGE][PASSED] - Navigate to 'https://efatura-stage.elogo.com.tr/Envelope/OutgoingEnvelopeDisplayUbl?id=116142419' successfully

2021-11-19 17:25:30 - [TEST_STEP][PASSED] - delay(2): Delayed 2 second(s)

2021-11-19 17:25:30 - [MESSAGE][INFO] - Delaying browser in 2 second(s)

2021-11-19 17:25:32 - [MESSAGE][PASSED] - Delayed 2 second(s)

2021-11-19 17:25:32 - [MESSAGE][PASSED] - Call Test Case 'Test Cases/Sekmeler/LinkSecilir' successfully

2021-11-19 17:25:32 - [MESSAGE][INFO] - Checking called Test Case

2021-11-19 17:25:32 - [MESSAGE][INFO] - Starting to call Test Case 'Test Cases/Sekmeler/MesajGeldiMi'

2021-11-19 17:25:32 - [TEST_CASE][PASSED] - Test Cases/Sekmeler/MesajGeldiMi: Test Cases/Sekmeler/MesajGeldiMi

2021-11-19 17:25:32 - [TEST_STEP][PASSED] - Method.TextDegerineEsitElementVarMi(findTestObject("Object Repository/Sekmeler/HataMesaji"), Mesaj): Method.TextDegerineEsitElementVarMi is PASSED

2021-11-19 17:25:32 - [MESSAGE][INFO] - Finding Test Object 'Object Repository/Sekmeler/HataMesaji'

2021-11-19 17:25:32 - [MESSAGE][INFO] - Checking timeout

2021-11-19 17:25:32 - [MESSAGE][INFO] - Finding web element with id: 'Object Repository/Sekmeler/HataMesaji' located by 'By.xpath: /html/body' in '10' second(s)

2021-11-19 17:25:32 - [MESSAGE][INFO] - Smart Wait Function is triggered

2021-11-19 17:25:33 - [MESSAGE][INFO] - Found 1 web elements with id: 'Object Repository/Sekmeler/HataMesaji' located by 'By.xpath: /html/body' in '10' second(s)

2021-11-19 17:25:33 - [MESSAGE][PASSED] - Method.TextDegerineEsitElementVarMi is PASSED

2021-11-19 17:25:33 - [MESSAGE][PASSED] - Call Test Case 'Test Cases/Sekmeler/MesajGeldiMi' successfully

2021-11-19 17:25:33 - [MESSAGE][INFO] - Checking called Test Case

2021-11-19 17:25:33 - [MESSAGE][INFO] - Starting to call Test Case 'Test Cases/Sekmeler/LinkSecilir'

2021-11-19 17:25:33 - [TEST_CASE][PASSED] - Test Cases/Sekmeler/LinkSecilir: Test Cases/Sekmeler/LinkSecilir

2021-11-19 17:25:33 - [TEST_STEP][PASSED] - navigateToUrl(Link, STOP_ON_FAILURE): Navigate to 'https://efatura-stage.elogo.com.tr/Envelope/OutgoingEnvelopeDisplayUbl?id=116183131' successfully

2021-11-19 17:25:33 - [MESSAGE][INFO] - Checking url

2021-11-19 17:25:33 - [MESSAGE][INFO] - Navigating to 'https://efatura-stage.elogo.com.tr/Envelope/OutgoingEnvelopeDisplayUbl?id=116183131'

2021-11-19 17:25:35 - [MESSAGE][PASSED] - Navigate to 'https://efatura-stage.elogo.com.tr/Envelope/OutgoingEnvelopeDisplayUbl?id=116183131' successfully

2021-11-19 17:25:35 - [TEST_STEP][PASSED] - delay(2): Delayed 2 second(s)

2021-11-19 17:25:35 - [MESSAGE][INFO] - Delaying browser in 2 second(s)

2021-11-19 17:25:37 - [MESSAGE][PASSED] - Delayed 2 second(s)

2021-11-19 17:25:37 - [MESSAGE][PASSED] - Call Test Case 'Test Cases/Sekmeler/LinkSecilir' successfully

2021-11-19 17:25:37 - [MESSAGE][INFO] - Checking called Test Case

2021-11-19 17:25:37 - [MESSAGE][INFO] - Starting to call Test Case 'Test Cases/Sekmeler/TagGeldiMi'

2021-11-19 17:25:37 - [TEST_CASE][PASSED] - Test Cases/Sekmeler/TagGeldiMi: Test Cases/Sekmeler/TagGeldiMi

2021-11-19 17:25:37 - [TEST_STEP][PASSED] - waitForElementPresent(findTestObject("Object Repository/Sekmeler/UBLTag"), 10): Object 'Object Repository/Sekmeler/UBLTag' is present

2021-11-19 17:25:37 - [MESSAGE][INFO] - Finding Test Object 'Object Repository/Sekmeler/UBLTag'

2021-11-19 17:25:37 - [MESSAGE][INFO] - Checking object

2021-11-19 17:25:37 - [MESSAGE][INFO] - Finding web element from Test Object's properties

2021-11-19 17:25:37 - [MESSAGE][INFO] - Checking timeout

2021-11-19 17:25:37 - [MESSAGE][INFO] - Finding web element with id: 'Object Repository/Sekmeler/UBLTag' located by 'By.cssSelector: #webkit-xml-viewer-source-xml>:first-child' in '10' second(s)

2021-11-19 17:25:37 - [MESSAGE][INFO] - Smart Wait Function is triggered

2021-11-19 17:25:37 - [MESSAGE][INFO] - Found 1 web elements with id: 'Object Repository/Sekmeler/UBLTag' located by 'By.cssSelector: #webkit-xml-viewer-source-xml>:first-child' in '10' second(s)

2021-11-19 17:25:37 - [MESSAGE][PASSED] - Object 'Object Repository/Sekmeler/UBLTag' is present

2021-11-19 17:25:37 - [TEST_STEP][PASSED] - println(toLowerCase().toString()): Found 1 web elements with id: 'Object Repository/Sekmeler/UBLTag' located by 'By.cssSelector: #webkit-xml-viewer-source-xml>:first-child' in '10' second(s)

2021-11-19 17:25:37 - [MESSAGE][INFO] - Finding Test Object 'Object Repository/Sekmeler/UBLTag'

2021-11-19 17:25:37 - [MESSAGE][INFO] - Finding web element from Test Object's properties

2021-11-19 17:25:37 - [MESSAGE][INFO] - Checking timeout

2021-11-19 17:25:37 - [MESSAGE][INFO] - Finding web element with id: 'Object Repository/Sekmeler/UBLTag' located by 'By.cssSelector: #webkit-xml-viewer-source-xml>:first-child' in '10' second(s)

2021-11-19 17:25:37 - [MESSAGE][INFO] - Smart Wait Function is triggered

2021-11-19 17:25:37 - [MESSAGE][INFO] - Found 1 web elements with id: 'Object Repository/Sekmeler/UBLTag' located by 'By.cssSelector: #webkit-xml-viewer-source-xml>:first-child' in '10' second(s)

2021-11-19 17:25:37 - [TEST_STEP][PASSED] - if (!(toString().contains(toString().toLowerCase()))): Found 1 web elements with id: 'Object Repository/Sekmeler/UBLTag' located by 'By.cssSelector: #webkit-xml-viewer-source-xml>:first-child' in '10' second(s)

2021-11-19 17:25:37 - [MESSAGE][INFO] - Finding Test Object 'Object Repository/Sekmeler/UBLTag'

2021-11-19 17:25:37 - [MESSAGE][INFO] - Finding web element from Test Object's properties

2021-11-19 17:25:37 - [MESSAGE][INFO] - Checking timeout

2021-11-19 17:25:37 - [MESSAGE][INFO] - Finding web element with id: 'Object Repository/Sekmeler/UBLTag' located by 'By.cssSelector: #webkit-xml-viewer-source-xml>:first-child' in '10' second(s)

2021-11-19 17:25:37 - [MESSAGE][INFO] - Smart Wait Function is triggered

2021-11-19 17:25:37 - [MESSAGE][INFO] - Found 1 web elements with id: 'Object Repository/Sekmeler/UBLTag' located by 'By.cssSelector: #webkit-xml-viewer-source-xml>:first-child' in '10' second(s)

2021-11-19 17:25:37 - [MESSAGE][PASSED] - Call Test Case 'Test Cases/Sekmeler/TagGeldiMi' successfully

2021-11-19 17:25:37 - [MESSAGE][INFO] - Checking called Test Case

2021-11-19 17:25:37 - [MESSAGE][INFO] - Starting to call Test Case 'Test Cases/Sekmeler/LinkSecilir'

2021-11-19 17:25:37 - [TEST_CASE][PASSED] - Test Cases/Sekmeler/LinkSecilir: Test Cases/Sekmeler/LinkSecilir

2021-11-19 17:25:37 - [TEST_STEP][PASSED] - navigateToUrl(Link, STOP_ON_FAILURE): Navigate to 'https://efatura-stage.elogo.com.tr/Envelope/OutgoingEnvelopeDisplayUbl?id=116175588' successfully

2021-11-19 17:25:37 - [MESSAGE][INFO] - Checking url

2021-11-19 17:25:37 - [MESSAGE][INFO] - Navigating to 'https://efatura-stage.elogo.com.tr/Envelope/OutgoingEnvelopeDisplayUbl?id=116175588'

2021-11-19 17:25:44 - [MESSAGE][PASSED] - Navigate to 'https://efatura-stage.elogo.com.tr/Envelope/OutgoingEnvelopeDisplayUbl?id=116175588' successfully

2021-11-19 17:25:44 - [TEST_STEP][PASSED] - delay(2): Delayed 2 second(s)

2021-11-19 17:25:44 - [MESSAGE][INFO] - Delaying browser in 2 second(s)

2021-11-19 17:25:46 - [MESSAGE][PASSED] - Delayed 2 second(s)

2021-11-19 17:25:46 - [MESSAGE][PASSED] - Call Test Case 'Test Cases/Sekmeler/LinkSecilir' successfully

2021-11-19 17:25:46 - [MESSAGE][INFO] - Checking called Test Case

2021-11-19 17:25:46 - [MESSAGE][INFO] - Starting to call Test Case 'Test Cases/Sekmeler/MesajGeldiMi'

2021-11-19 17:25:46 - [TEST_CASE][PASSED] - Test Cases/Sekmeler/MesajGeldiMi: Test Cases/Sekmeler/MesajGeldiMi

2021-11-19 17:25:46 - [TEST_STEP][PASSED] - Method.TextDegerineEsitElementVarMi(findTestObject("Object Repository/Sekmeler/HataMesaji"), Mesaj): Method.TextDegerineEsitElementVarMi is PASSED

2021-11-19 17:25:46 - [MESSAGE][INFO] - Finding Test Object 'Object Repository/Sekmeler/HataMesaji'

2021-11-19 17:25:46 - [MESSAGE][INFO] - Checking timeout

2021-11-19 17:25:46 - [MESSAGE][INFO] - Finding web element with id: 'Object Repository/Sekmeler/HataMesaji' located by 'By.xpath: /html/body' in '10' second(s)

2021-11-19 17:25:46 - [MESSAGE][INFO] - Smart Wait Function is triggered

2021-11-19 17:25:46 - [MESSAGE][INFO] - Found 1 web elements with id: 'Object Repository/Sekmeler/HataMesaji' located by 'By.xpath: /html/body' in '10' second(s)

2021-11-19 17:25:46 - [MESSAGE][PASSED] - Method.TextDegerineEsitElementVarMi is PASSED

2021-11-19 17:25:46 - [MESSAGE][PASSED] - Call Test Case 'Test Cases/Sekmeler/MesajGeldiMi' successfully

2021-11-19 17:25:46 - [MESSAGE][INFO] - Checking called Test Case

2021-11-19 17:25:46 - [MESSAGE][INFO] - Starting to call Test Case 'Test Cases/Sekmeler/LinkSecilir'

2021-11-19 17:25:46 - [TEST_CASE][PASSED] - Test Cases/Sekmeler/LinkSecilir: Test Cases/Sekmeler/LinkSecilir

2021-11-19 17:25:46 - [TEST_STEP][PASSED] - navigateToUrl(Link, STOP_ON_FAILURE): Navigate to 'https://efatura-stage.elogo.com.tr/Envelope/OutgoingEnvelopeDisplayUbl?id=116182204' successfully

2021-11-19 17:25:46 - [MESSAGE][INFO] - Checking url

2021-11-19 17:25:46 - [MESSAGE][INFO] - Navigating to 'https://efatura-stage.elogo.com.tr/Envelope/OutgoingEnvelopeDisplayUbl?id=116182204'

2021-11-19 17:25:47 - [MESSAGE][PASSED] - Navigate to 'https://efatura-stage.elogo.com.tr/Envelope/OutgoingEnvelopeDisplayUbl?id=116182204' successfully

2021-11-19 17:25:47 - [TEST_STEP][PASSED] - delay(2): Delayed 2 second(s)

2021-11-19 17:25:47 - [MESSAGE][INFO] - Delaying browser in 2 second(s)

2021-11-19 17:25:49 - [MESSAGE][PASSED] - Delayed 2 second(s)

2021-11-19 17:25:49 - [MESSAGE][PASSED] - Call Test Case 'Test Cases/Sekmeler/LinkSecilir' successfully

2021-11-19 17:25:49 - [MESSAGE][INFO] - Checking called Test Case

2021-11-19 17:25:49 - [MESSAGE][INFO] - Starting to call Test Case 'Test Cases/Sekmeler/TagGeldiMi'

2021-11-19 17:25:49 - [TEST_CASE][PASSED] - Test Cases/Sekmeler/TagGeldiMi: Test Cases/Sekmeler/TagGeldiMi

2021-11-19 17:25:49 - [TEST_STEP][PASSED] - waitForElementPresent(findTestObject("Object Repository/Sekmeler/UBLTag"), 10): Object 'Object Repository/Sekmeler/UBLTag' is present

2021-11-19 17:25:49 - [MESSAGE][INFO] - Finding Test Object 'Object Repository/Sekmeler/UBLTag'

2021-11-19 17:25:49 - [MESSAGE][INFO] - Checking object

2021-11-19 17:25:49 - [MESSAGE][INFO] - Finding web element from Test Object's properties

2021-11-19 17:25:49 - [MESSAGE][INFO] - Checking timeout

2021-11-19 17:25:49 - [MESSAGE][INFO] - Finding web element with id: 'Object Repository/Sekmeler/UBLTag' located by 'By.cssSelector: #webkit-xml-viewer-source-xml>:first-child' in '10' second(s)

2021-11-19 17:25:49 - [MESSAGE][INFO] - Smart Wait Function is triggered

2021-11-19 17:25:49 - [MESSAGE][INFO] - Found 1 web elements with id: 'Object Repository/Sekmeler/UBLTag' located by 'By.cssSelector: #webkit-xml-viewer-source-xml>:first-child' in '10' second(s)

2021-11-19 17:25:49 - [MESSAGE][PASSED] - Object 'Object Repository/Sekmeler/UBLTag' is present

2021-11-19 17:25:49 - [TEST_STEP][PASSED] - println(toLowerCase().toString()): Found 1 web elements with id: 'Object Repository/Sekmeler/UBLTag' located by 'By.cssSelector: #webkit-xml-viewer-source-xml>:first-child' in '10' second(s)

2021-11-19 17:25:49 - [MESSAGE][INFO] - Finding Test Object 'Object Repository/Sekmeler/UBLTag'

2021-11-19 17:25:49 - [MESSAGE][INFO] - Finding web element from Test Object's properties

2021-11-19 17:25:49 - [MESSAGE][INFO] - Checking timeout

2021-11-19 17:25:49 - [MESSAGE][INFO] - Finding web element with id: 'Object Repository/Sekmeler/UBLTag' located by 'By.cssSelector: #webkit-xml-viewer-source-xml>:first-child' in '10' second(s)

2021-11-19 17:25:49 - [MESSAGE][INFO] - Smart Wait Function is triggered

2021-11-19 17:25:49 - [MESSAGE][INFO] - Found 1 web elements with id: 'Object Repository/Sekmeler/UBLTag' located by 'By.cssSelector: #webkit-xml-viewer-source-xml>:first-child' in '10' second(s)

2021-11-19 17:25:49 - [TEST_STEP][PASSED] - if (!(toString().contains(toString().toLowerCase()))): Found 1 web elements with id: 'Object Repository/Sekmeler/UBLTag' located by 'By.cssSelector: #webkit-xml-viewer-source-xml>:first-child' in '10' second(s)

2021-11-19 17:25:49 - [MESSAGE][INFO] - Finding Test Object 'Object Repository/Sekmeler/UBLTag'

2021-11-19 17:25:49 - [MESSAGE][INFO] - Finding web element from Test Object's properties

2021-11-19 17:25:49 - [MESSAGE][INFO] - Checking timeout

2021-11-19 17:25:49 - [MESSAGE][INFO] - Finding web element with id: 'Object Repository/Sekmeler/UBLTag' located by 'By.cssSelector: #webkit-xml-viewer-source-xml>:first-child' in '10' second(s)

2021-11-19 17:25:49 - [MESSAGE][INFO] - Smart Wait Function is triggered

2021-11-19 17:25:49 - [MESSAGE][INFO] - Found 1 web elements with id: 'Object Repository/Sekmeler/UBLTag' located by 'By.cssSelector: #webkit-xml-viewer-source-xml>:first-child' in '10' second(s)

2021-11-19 17:25:49 - [MESSAGE][PASSED] - Call Test Case 'Test Cases/Sekmeler/TagGeldiMi' successfully

2021-11-19 17:25:49 - [MESSAGE][INFO] - Checking called Test Case

2021-11-19 17:25:49 - [MESSAGE][INFO] - Starting to call Test Case 'Test Cases/Sekmeler/LinkSecilir'

2021-11-19 17:25:49 - [TEST_CASE][PASSED] - Test Cases/Sekmeler/LinkSecilir: Test Cases/Sekmeler/LinkSecilir

2021-11-19 17:25:49 - [TEST_STEP][PASSED] - navigateToUrl(Link, STOP_ON_FAILURE): Navigate to 'https://efatura-stage.elogo.com.tr/Envelope/OutgoingEnvelopeDisplayUbl?id=116112585' successfully

2021-11-19 17:25:49 - [MESSAGE][INFO] - Checking url

2021-11-19 17:25:49 - [MESSAGE][INFO] - Navigating to 'https://efatura-stage.elogo.com.tr/Envelope/OutgoingEnvelopeDisplayUbl?id=116112585'

2021-11-19 17:25:57 - [MESSAGE][PASSED] - Navigate to 'https://efatura-stage.elogo.com.tr/Envelope/OutgoingEnvelopeDisplayUbl?id=116112585' successfully

2021-11-19 17:25:57 - [TEST_STEP][PASSED] - delay(2): Delayed 2 second(s)

2021-11-19 17:25:57 - [MESSAGE][INFO] - Delaying browser in 2 second(s)

2021-11-19 17:25:59 - [MESSAGE][PASSED] - Delayed 2 second(s)

2021-11-19 17:25:59 - [MESSAGE][PASSED] - Call Test Case 'Test Cases/Sekmeler/LinkSecilir' successfully

2021-11-19 17:25:59 - [MESSAGE][INFO] - Checking called Test Case

2021-11-19 17:25:59 - [MESSAGE][INFO] - Starting to call Test Case 'Test Cases/Sekmeler/MesajGeldiMi'

2021-11-19 17:25:59 - [TEST_CASE][PASSED] - Test Cases/Sekmeler/MesajGeldiMi: Test Cases/Sekmeler/MesajGeldiMi

2021-11-19 17:25:59 - [TEST_STEP][PASSED] - Method.TextDegerineEsitElementVarMi(findTestObject("Object Repository/Sekmeler/HataMesaji"), Mesaj): Method.TextDegerineEsitElementVarMi is PASSED

2021-11-19 17:25:59 - [MESSAGE][INFO] - Finding Test Object 'Object Repository/Sekmeler/HataMesaji'

2021-11-19 17:25:59 - [MESSAGE][INFO] - Checking timeout

2021-11-19 17:25:59 - [MESSAGE][INFO] - Finding web element with id: 'Object Repository/Sekmeler/HataMesaji' located by 'By.xpath: /html/body' in '10' second(s)

2021-11-19 17:25:59 - [MESSAGE][INFO] - Smart Wait Function is triggered

2021-11-19 17:25:59 - [MESSAGE][INFO] - Found 1 web elements with id: 'Object Repository/Sekmeler/HataMesaji' located by 'By.xpath: /html/body' in '10' second(s)

2021-11-19 17:25:59 - [MESSAGE][PASSED] - Method.TextDegerineEsitElementVarMi is PASSED

2021-11-19 17:25:59 - [MESSAGE][PASSED] - Call Test Case 'Test Cases/Sekmeler/MesajGeldiMi' successfully

2021-11-19 17:25:59 - [MESSAGE][INFO] - Checking called Test Case

2021-11-19 17:25:59 - [MESSAGE][INFO] - Starting to call Test Case 'Test Cases/Sekmeler/LinkSecilir'

2021-11-19 17:25:59 - [TEST_CASE][PASSED] - Test Cases/Sekmeler/LinkSecilir: Test Cases/Sekmeler/LinkSecilir

2021-11-19 17:25:59 - [TEST_STEP][PASSED] - navigateToUrl(Link, STOP_ON_FAILURE): Navigate to 'https://efatura-stage.elogo.com.tr/Envelope/OutgoingEnvelopeDisplayUbl?id=116114821' successfully

2021-11-19 17:25:59 - [MESSAGE][INFO] - Checking url

2021-11-19 17:25:59 - [MESSAGE][INFO] - Navigating to 'https://efatura-stage.elogo.com.tr/Envelope/OutgoingEnvelopeDisplayUbl?id=116114821'

2021-11-19 17:26:00 - [MESSAGE][PASSED] - Navigate to 'https://efatura-stage.elogo.com.tr/Envelope/OutgoingEnvelopeDisplayUbl?id=116114821' successfully

2021-11-19 17:26:00 - [TEST_STEP][PASSED] - delay(2): Delayed 2 second(s)

2021-11-19 17:26:00 - [MESSAGE][INFO] - Delaying browser in 2 second(s)

2021-11-19 17:26:02 - [MESSAGE][PASSED] - Delayed 2 second(s)

2021-11-19 17:26:02 - [MESSAGE][PASSED] - Call Test Case 'Test Cases/Sekmeler/LinkSecilir' successfully

2021-11-19 17:26:02 - [MESSAGE][INFO] - Checking called Test Case

2021-11-19 17:26:02 - [MESSAGE][INFO] - Starting to call Test Case 'Test Cases/Sekmeler/TagGeldiMi'

2021-11-19 17:26:02 - [TEST_CASE][PASSED] - Test Cases/Sekmeler/TagGeldiMi: Test Cases/Sekmeler/TagGeldiMi

2021-11-19 17:26:02 - [TEST_STEP][PASSED] - waitForElementPresent(findTestObject("Object Repository/Sekmeler/UBLTag"), 10): Object 'Object Repository/Sekmeler/UBLTag' is present

2021-11-19 17:26:02 - [MESSAGE][INFO] - Finding Test Object 'Object Repository/Sekmeler/UBLTag'

2021-11-19 17:26:02 - [MESSAGE][INFO] - Checking object

2021-11-19 17:26:02 - [MESSAGE][INFO] - Finding web element from Test Object's properties

2021-11-19 17:26:02 - [MESSAGE][INFO] - Checking timeout

2021-11-19 17:26:02 - [MESSAGE][INFO] - Finding web element with id: 'Object Repository/Sekmeler/UBLTag' located by 'By.cssSelector: #webkit-xml-viewer-source-xml>:first-child' in '10' second(s)

2021-11-19 17:26:02 - [MESSAGE][INFO] - Smart Wait Function is triggered

2021-11-19 17:26:02 - [MESSAGE][INFO] - Found 1 web elements with id: 'Object Repository/Sekmeler/UBLTag' located by 'By.cssSelector: #webkit-xml-viewer-source-xml>:first-child' in '10' second(s)

2021-11-19 17:26:02 - [MESSAGE][PASSED] - Object 'Object Repository/Sekmeler/UBLTag' is present

2021-11-19 17:26:02 - [TEST_STEP][PASSED] - println(toLowerCase().toString()): Found 1 web elements with id: 'Object Repository/Sekmeler/UBLTag' located by 'By.cssSelector: #webkit-xml-viewer-source-xml>:first-child' in '10' second(s)

2021-11-19 17:26:02 - [MESSAGE][INFO] - Finding Test Object 'Object Repository/Sekmeler/UBLTag'

2021-11-19 17:26:02 - [MESSAGE][INFO] - Finding web element from Test Object's properties

2021-11-19 17:26:02 - [MESSAGE][INFO] - Checking timeout

2021-11-19 17:26:02 - [MESSAGE][INFO] - Finding web element with id: 'Object Repository/Sekmeler/UBLTag' located by 'By.cssSelector: #webkit-xml-viewer-source-xml>:first-child' in '10' second(s)

2021-11-19 17:26:02 - [MESSAGE][INFO] - Smart Wait Function is triggered

2021-11-19 17:26:02 - [MESSAGE][INFO] - Found 1 web elements with id: 'Object Repository/Sekmeler/UBLTag' located by 'By.cssSelector: #webkit-xml-viewer-source-xml>:first-child' in '10' second(s)

2021-11-19 17:26:02 - [TEST_STEP][PASSED] - if (!(toString().contains(toString().toLowerCase()))): Found 1 web elements with id: 'Object Repository/Sekmeler/UBLTag' located by 'By.cssSelector: #webkit-xml-viewer-source-xml>:first-child' in '10' second(s)

2021-11-19 17:26:02 - [MESSAGE][INFO] - Finding Test Object 'Object Repository/Sekmeler/UBLTag'

2021-11-19 17:26:02 - [MESSAGE][INFO] - Finding web element from Test Object's properties

2021-11-19 17:26:02 - [MESSAGE][INFO] - Checking timeout

2021-11-19 17:26:02 - [MESSAGE][INFO] - Finding web element with id: 'Object Repository/Sekmeler/UBLTag' located by 'By.cssSelector: #webkit-xml-viewer-source-xml>:first-child' in '10' second(s)

2021-11-19 17:26:02 - [MESSAGE][INFO] - Smart Wait Function is triggered

2021-11-19 17:26:02 - [MESSAGE][INFO] - Found 1 web elements with id: 'Object Repository/Sekmeler/UBLTag' located by 'By.cssSelector: #webkit-xml-viewer-source-xml>:first-child' in '10' second(s)

2021-11-19 17:26:02 - [MESSAGE][PASSED] - Call Test Case 'Test Cases/Sekmeler/TagGeldiMi' successfully

2021-11-19 17:26:02 - [MESSAGE][INFO] - Checking called Test Case

2021-11-19 17:26:02 - [MESSAGE][INFO] - Starting to call Test Case 'Test Cases/Sekmeler/LinkSecilir'

2021-11-19 17:26:02 - [TEST_CASE][PASSED] - Test Cases/Sekmeler/LinkSecilir: Test Cases/Sekmeler/LinkSecilir

2021-11-19 17:26:03 - [TEST_STEP][PASSED] - navigateToUrl(Link, STOP_ON_FAILURE): Navigate to 'https://efatura-stage.elogo.com.tr/Envelope/OutgoingEnvelopeDisplayUbl?id=115951196' successfully

2021-11-19 17:26:03 - [MESSAGE][INFO] - Checking url

2021-11-19 17:26:03 - [MESSAGE][INFO] - Navigating to 'https://efatura-stage.elogo.com.tr/Envelope/OutgoingEnvelopeDisplayUbl?id=115951196'

2021-11-19 17:26:22 - [MESSAGE][PASSED] - Navigate to 'https://efatura-stage.elogo.com.tr/Envelope/OutgoingEnvelopeDisplayUbl?id=115951196' successfully

2021-11-19 17:26:22 - [TEST_STEP][PASSED] - delay(2): Delayed 2 second(s)

2021-11-19 17:26:22 - [MESSAGE][INFO] - Delaying browser in 2 second(s)

2021-11-19 17:26:24 - [MESSAGE][PASSED] - Delayed 2 second(s)

2021-11-19 17:26:24 - [MESSAGE][PASSED] - Call Test Case 'Test Cases/Sekmeler/LinkSecilir' successfully

2021-11-19 17:26:24 - [MESSAGE][INFO] - Checking called Test Case

2021-11-19 17:26:24 - [MESSAGE][INFO] - Starting to call Test Case 'Test Cases/Sekmeler/MesajGeldiMi'

2021-11-19 17:26:24 - [TEST_CASE][PASSED] - Test Cases/Sekmeler/MesajGeldiMi: Test Cases/Sekmeler/MesajGeldiMi

2021-11-19 17:26:24 - [TEST_STEP][PASSED] - Method.TextDegerineEsitElementVarMi(findTestObject("Object Repository/Sekmeler/HataMesaji"), Mesaj): Method.TextDegerineEsitElementVarMi is PASSED

2021-11-19 17:26:24 - [MESSAGE][INFO] - Finding Test Object 'Object Repository/Sekmeler/HataMesaji'

2021-11-19 17:26:24 - [MESSAGE][INFO] - Checking timeout

2021-11-19 17:26:24 - [MESSAGE][INFO] - Finding web element with id: 'Object Repository/Sekmeler/HataMesaji' located by 'By.xpath: /html/body' in '10' second(s)

2021-11-19 17:26:24 - [MESSAGE][INFO] - Smart Wait Function is triggered

2021-11-19 17:26:25 - [MESSAGE][INFO] - Found 1 web elements with id: 'Object Repository/Sekmeler/HataMesaji' located by 'By.xpath: /html/body' in '10' second(s)

2021-11-19 17:26:25 - [MESSAGE][PASSED] - Method.TextDegerineEsitElementVarMi is PASSED

2021-11-19 17:26:25 - [MESSAGE][PASSED] - Call Test Case 'Test Cases/Sekmeler/MesajGeldiMi' successfully

2021-11-19 17:26:25 - [MESSAGE][INFO] - Checking called Test Case

2021-11-19 17:26:25 - [MESSAGE][INFO] - Starting to call Test Case 'Test Cases/Sekmeler/LinkSecilir'

2021-11-19 17:26:25 - [TEST_CASE][PASSED] - Test Cases/Sekmeler/LinkSecilir: Test Cases/Sekmeler/LinkSecilir

2021-11-19 17:26:25 - [TEST_STEP][PASSED] - navigateToUrl(Link, STOP_ON_FAILURE): Navigate to 'https://efatura-stage.elogo.com.tr/Envelope/IncomingEnvelopeDisplayUbl?id=116183207' successfully

2021-11-19 17:26:25 - [MESSAGE][INFO] - Checking url

2021-11-19 17:26:25 - [MESSAGE][INFO] - Navigating to 'https://efatura-stage.elogo.com.tr/Envelope/IncomingEnvelopeDisplayUbl?id=116183207'

2021-11-19 17:26:26 - [MESSAGE][PASSED] - Navigate to 'https://efatura-stage.elogo.com.tr/Envelope/IncomingEnvelopeDisplayUbl?id=116183207' successfully

2021-11-19 17:26:26 - [TEST_STEP][PASSED] - delay(2): Delayed 2 second(s)

2021-11-19 17:26:26 - [MESSAGE][INFO] - Delaying browser in 2 second(s)

2021-11-19 17:26:28 - [MESSAGE][PASSED] - Delayed 2 second(s)

2021-11-19 17:26:28 - [MESSAGE][PASSED] - Call Test Case 'Test Cases/Sekmeler/LinkSecilir' successfully

2021-11-19 17:26:28 - [MESSAGE][INFO] - Checking called Test Case

2021-11-19 17:26:28 - [MESSAGE][INFO] - Starting to call Test Case 'Test Cases/Sekmeler/TagGeldiMi'

2021-11-19 17:26:28 - [TEST_CASE][PASSED] - Test Cases/Sekmeler/TagGeldiMi: Test Cases/Sekmeler/TagGeldiMi

2021-11-19 17:26:28 - [TEST_STEP][PASSED] - waitForElementPresent(findTestObject("Object Repository/Sekmeler/UBLTag"), 10): Object 'Object Repository/Sekmeler/UBLTag' is present

2021-11-19 17:26:28 - [MESSAGE][INFO] - Finding Test Object 'Object Repository/Sekmeler/UBLTag'

2021-11-19 17:26:28 - [MESSAGE][INFO] - Checking object

2021-11-19 17:26:28 - [MESSAGE][INFO] - Finding web element from Test Object's properties

2021-11-19 17:26:28 - [MESSAGE][INFO] - Checking timeout

2021-11-19 17:26:28 - [MESSAGE][INFO] - Finding web element with id: 'Object Repository/Sekmeler/UBLTag' located by 'By.cssSelector: #webkit-xml-viewer-source-xml>:first-child' in '10' second(s)

2021-11-19 17:26:28 - [MESSAGE][INFO] - Smart Wait Function is triggered

2021-11-19 17:26:28 - [MESSAGE][INFO] - Found 1 web elements with id: 'Object Repository/Sekmeler/UBLTag' located by 'By.cssSelector: #webkit-xml-viewer-source-xml>:first-child' in '10' second(s)

2021-11-19 17:26:28 - [MESSAGE][PASSED] - Object 'Object Repository/Sekmeler/UBLTag' is present

2021-11-19 17:26:28 - [TEST_STEP][PASSED] - println(toLowerCase().toString()): Found 1 web elements with id: 'Object Repository/Sekmeler/UBLTag' located by 'By.cssSelector: #webkit-xml-viewer-source-xml>:first-child' in '10' second(s)

2021-11-19 17:26:28 - [MESSAGE][INFO] - Finding Test Object 'Object Repository/Sekmeler/UBLTag'

2021-11-19 17:26:28 - [MESSAGE][INFO] - Finding web element from Test Object's properties

2021-11-19 17:26:28 - [MESSAGE][INFO] - Checking timeout

2021-11-19 17:26:28 - [MESSAGE][INFO] - Finding web element with id: 'Object Repository/Sekmeler/UBLTag' located by 'By.cssSelector: #webkit-xml-viewer-source-xml>:first-child' in '10' second(s)

2021-11-19 17:26:28 - [MESSAGE][INFO] - Smart Wait Function is triggered

2021-11-19 17:26:28 - [MESSAGE][INFO] - Found 1 web elements with id: 'Object Repository/Sekmeler/UBLTag' located by 'By.cssSelector: #webkit-xml-viewer-source-xml>:first-child' in '10' second(s)

2021-11-19 17:26:28 - [TEST_STEP][PASSED] - if (!(toString().contains(toString().toLowerCase()))): Found 1 web elements with id: 'Object Repository/Sekmeler/UBLTag' located by 'By.cssSelector: #webkit-xml-viewer-source-xml>:first-child' in '10' second(s)

2021-11-19 17:26:28 - [MESSAGE][INFO] - Finding Test Object 'Object Repository/Sekmeler/UBLTag'

2021-11-19 17:26:29 - [MESSAGE][INFO] - Finding web element from Test Object's properties

2021-11-19 17:26:29 - [MESSAGE][INFO] - Checking timeout

2021-11-19 17:26:29 - [MESSAGE][INFO] - Finding web element with id: 'Object Repository/Sekmeler/UBLTag' located by 'By.cssSelector: #webkit-xml-viewer-source-xml>:first-child' in '10' second(s)

2021-11-19 17:26:29 - [MESSAGE][INFO] - Smart Wait Function is triggered

2021-11-19 17:26:29 - [MESSAGE][INFO] - Found 1 web elements with id: 'Object Repository/Sekmeler/UBLTag' located by 'By.cssSelector: #webkit-xml-viewer-source-xml>:first-child' in '10' second(s)

2021-11-19 17:26:29 - [MESSAGE][PASSED] - Call Test Case 'Test Cases/Sekmeler/TagGeldiMi' successfully

2021-11-19 17:26:29 - [MESSAGE][INFO] - Checking called Test Case

2021-11-19 17:26:29 - [MESSAGE][INFO] - Starting to call Test Case 'Test Cases/Sekmeler/LinkSecilir'

2021-11-19 17:26:29 - [TEST_CASE][PASSED] - Test Cases/Sekmeler/LinkSecilir: Test Cases/Sekmeler/LinkSecilir

2021-11-19 17:26:29 - [TEST_STEP][PASSED] - navigateToUrl(Link, STOP_ON_FAILURE): Navigate to 'https://efatura-stage.elogo.com.tr/Envelope/IncomingEnvelopeDisplayUbl?id=115951195' successfully

2021-11-19 17:26:29 - [MESSAGE][INFO] - Checking url

2021-11-19 17:26:29 - [MESSAGE][INFO] - Navigating to 'https://efatura-stage.elogo.com.tr/Envelope/IncomingEnvelopeDisplayUbl?id=115951195'

2021-11-19 17:26:42 - [MESSAGE][PASSED] - Navigate to 'https://efatura-stage.elogo.com.tr/Envelope/IncomingEnvelopeDisplayUbl?id=115951195' successfully

2021-11-19 17:26:42 - [TEST_STEP][PASSED] - delay(2): Delayed 2 second(s)

2021-11-19 17:26:42 - [MESSAGE][INFO] - Delaying browser in 2 second(s)

2021-11-19 17:26:44 - [MESSAGE][PASSED] - Delayed 2 second(s)

2021-11-19 17:26:44 - [MESSAGE][PASSED] - Call Test Case 'Test Cases/Sekmeler/LinkSecilir' successfully

2021-11-19 17:26:44 - [MESSAGE][INFO] - Checking called Test Case

2021-11-19 17:26:44 - [MESSAGE][INFO] - Starting to call Test Case 'Test Cases/Sekmeler/MesajGeldiMi'

2021-11-19 17:26:44 - [TEST_CASE][PASSED] - Test Cases/Sekmeler/MesajGeldiMi: Test Cases/Sekmeler/MesajGeldiMi

2021-11-19 17:26:44 - [TEST_STEP][PASSED] - Method.TextDegerineEsitElementVarMi(findTestObject("Object Repository/Sekmeler/HataMesaji"), Mesaj): Method.TextDegerineEsitElementVarMi is PASSED

2021-11-19 17:26:44 - [MESSAGE][INFO] - Finding Test Object 'Object Repository/Sekmeler/HataMesaji'

2021-11-19 17:26:44 - [MESSAGE][INFO] - Checking timeout

2021-11-19 17:26:44 - [MESSAGE][INFO] - Finding web element with id: 'Object Repository/Sekmeler/HataMesaji' located by 'By.xpath: /html/body' in '10' second(s)

2021-11-19 17:26:44 - [MESSAGE][INFO] - Smart Wait Function is triggered

2021-11-19 17:26:45 - [MESSAGE][INFO] - Found 1 web elements with id: 'Object Repository/Sekmeler/HataMesaji' located by 'By.xpath: /html/body' in '10' second(s)

2021-11-19 17:26:45 - [MESSAGE][PASSED] - Method.TextDegerineEsitElementVarMi is PASSED

2021-11-19 17:26:45 - [MESSAGE][PASSED] - Call Test Case 'Test Cases/Sekmeler/MesajGeldiMi' successfully

2021-11-19 17:26:45 - [MESSAGE][INFO] - Checking called Test Case

2021-11-19 17:26:45 - [MESSAGE][INFO] - Starting to call Test Case 'Test Cases/Sekmeler/LinkSecilir'

2021-11-19 17:26:45 - [TEST_CASE][PASSED] - Test Cases/Sekmeler/LinkSecilir: Test Cases/Sekmeler/LinkSecilir

2021-11-19 17:26:45 - [TEST_STEP][PASSED] - navigateToUrl(Link, STOP_ON_FAILURE): Navigate to 'https://efatura-stage.elogo.com.tr/Envelope/IncomingEnvelopeDisplayUbl?id=116183159' successfully

2021-11-19 17:26:45 - [MESSAGE][INFO] - Checking url

2021-11-19 17:26:45 - [MESSAGE][INFO] - Navigating to 'https://efatura-stage.elogo.com.tr/Envelope/IncomingEnvelopeDisplayUbl?id=116183159'

2021-11-19 17:26:45 - [MESSAGE][PASSED] - Navigate to 'https://efatura-stage.elogo.com.tr/Envelope/IncomingEnvelopeDisplayUbl?id=116183159' successfully

2021-11-19 17:26:45 - [TEST_STEP][PASSED] - delay(2): Delayed 2 second(s)

2021-11-19 17:26:45 - [MESSAGE][INFO] - Delaying browser in 2 second(s)

2021-11-19 17:26:48 - [MESSAGE][PASSED] - Delayed 2 second(s)

2021-11-19 17:26:48 - [MESSAGE][PASSED] - Call Test Case 'Test Cases/Sekmeler/LinkSecilir' successfully

2021-11-19 17:26:48 - [MESSAGE][INFO] - Checking called Test Case

2021-11-19 17:26:48 - [MESSAGE][INFO] - Starting to call Test Case 'Test Cases/Sekmeler/TagGeldiMi'

2021-11-19 17:26:48 - [TEST_CASE][PASSED] - Test Cases/Sekmeler/TagGeldiMi: Test Cases/Sekmeler/TagGeldiMi

2021-11-19 17:26:48 - [TEST_STEP][PASSED] - waitForElementPresent(findTestObject("Object Repository/Sekmeler/UBLTag"), 10): Object 'Object Repository/Sekmeler/UBLTag' is present

2021-11-19 17:26:48 - [MESSAGE][INFO] - Finding Test Object 'Object Repository/Sekmeler/UBLTag'

2021-11-19 17:26:48 - [MESSAGE][INFO] - Checking object

2021-11-19 17:26:48 - [MESSAGE][INFO] - Finding web element from Test Object's properties

2021-11-19 17:26:48 - [MESSAGE][INFO] - Checking timeout

2021-11-19 17:26:48 - [MESSAGE][INFO] - Finding web element with id: 'Object Repository/Sekmeler/UBLTag' located by 'By.cssSelector: #webkit-xml-viewer-source-xml>:first-child' in '10' second(s)

2021-11-19 17:26:48 - [MESSAGE][INFO] - Smart Wait Function is triggered

2021-11-19 17:26:48 - [MESSAGE][INFO] - Found 1 web elements with id: 'Object Repository/Sekmeler/UBLTag' located by 'By.cssSelector: #webkit-xml-viewer-source-xml>:first-child' in '10' second(s)

2021-11-19 17:26:48 - [MESSAGE][PASSED] - Object 'Object Repository/Sekmeler/UBLTag' is present

2021-11-19 17:26:48 - [TEST_STEP][PASSED] - println(toLowerCase().toString()): Found 1 web elements with id: 'Object Repository/Sekmeler/UBLTag' located by 'By.cssSelector: #webkit-xml-viewer-source-xml>:first-child' in '10' second(s)

2021-11-19 17:26:48 - [MESSAGE][INFO] - Finding Test Object 'Object Repository/Sekmeler/UBLTag'

2021-11-19 17:26:48 - [MESSAGE][INFO] - Finding web element from Test Object's properties

2021-11-19 17:26:48 - [MESSAGE][INFO] - Checking timeout

2021-11-19 17:26:48 - [MESSAGE][INFO] - Finding web element with id: 'Object Repository/Sekmeler/UBLTag' located by 'By.cssSelector: #webkit-xml-viewer-source-xml>:first-child' in '10' second(s)

2021-11-19 17:26:48 - [MESSAGE][INFO] - Smart Wait Function is triggered

2021-11-19 17:26:48 - [MESSAGE][INFO] - Found 1 web elements with id: 'Object Repository/Sekmeler/UBLTag' located by 'By.cssSelector: #webkit-xml-viewer-source-xml>:first-child' in '10' second(s)

2021-11-19 17:26:48 - [TEST_STEP][PASSED] - if (!(toString().contains(toString().toLowerCase()))): Found 1 web elements with id: 'Object Repository/Sekmeler/UBLTag' located by 'By.cssSelector: #webkit-xml-viewer-source-xml>:first-child' in '10' second(s)

2021-11-19 17:26:48 - [MESSAGE][INFO] - Finding Test Object 'Object Repository/Sekmeler/UBLTag'

2021-11-19 17:26:48 - [MESSAGE][INFO] - Finding web element from Test Object's properties

2021-11-19 17:26:48 - [MESSAGE][INFO] - Checking timeout

2021-11-19 17:26:48 - [MESSAGE][INFO] - Finding web element with id: 'Object Repository/Sekmeler/UBLTag' located by 'By.cssSelector: #webkit-xml-viewer-source-xml>:first-child' in '10' second(s)

2021-11-19 17:26:48 - [MESSAGE][INFO] - Smart Wait Function is triggered

2021-11-19 17:26:48 - [MESSAGE][INFO] - Found 1 web elements with id: 'Object Repository/Sekmeler/UBLTag' located by 'By.cssSelector: #webkit-xml-viewer-source-xml>:first-child' in '10' second(s)

2021-11-19 17:26:48 - [MESSAGE][PASSED] - Call Test Case 'Test Cases/Sekmeler/TagGeldiMi' successfully

2021-11-19 17:26:48 - [MESSAGE][INFO] - Checking called Test Case

2021-11-19 17:26:48 - [MESSAGE][INFO] - Starting to call Test Case 'Test Cases/Sekmeler/LinkSecilir'

2021-11-19 17:26:48 - [TEST_CASE][PASSED] - Test Cases/Sekmeler/LinkSecilir: Test Cases/Sekmeler/LinkSecilir

2021-11-19 17:26:48 - [TEST_STEP][PASSED] - navigateToUrl(Link, STOP_ON_FAILURE): Navigate to 'https://efatura-stage.elogo.com.tr/Envelope/IncomingEnvelopeDisplayUbl?id=115949239' successfully

2021-11-19 17:26:48 - [MESSAGE][INFO] - Checking url

2021-11-19 17:26:48 - [MESSAGE][INFO] - Navigating to 'https://efatura-stage.elogo.com.tr/Envelope/IncomingEnvelopeDisplayUbl?id=115949239'

2021-11-19 17:27:03 - [MESSAGE][PASSED] - Navigate to 'https://efatura-stage.elogo.com.tr/Envelope/IncomingEnvelopeDisplayUbl?id=115949239' successfully

2021-11-19 17:27:03 - [TEST_STEP][PASSED] - delay(2): Delayed 2 second(s)

2021-11-19 17:27:03 - [MESSAGE][INFO] - Delaying browser in 2 second(s)

2021-11-19 17:27:05 - [MESSAGE][PASSED] - Delayed 2 second(s)

2021-11-19 17:27:05 - [MESSAGE][PASSED] - Call Test Case 'Test Cases/Sekmeler/LinkSecilir' successfully

2021-11-19 17:27:05 - [MESSAGE][INFO] - Checking called Test Case

2021-11-19 17:27:05 - [MESSAGE][INFO] - Starting to call Test Case 'Test Cases/Sekmeler/MesajGeldiMi'

2021-11-19 17:27:05 - [TEST_CASE][PASSED] - Test Cases/Sekmeler/MesajGeldiMi: Test Cases/Sekmeler/MesajGeldiMi

2021-11-19 17:27:05 - [TEST_STEP][PASSED] - Method.TextDegerineEsitElementVarMi(findTestObject("Object Repository/Sekmeler/HataMesaji"), Mesaj): Method.TextDegerineEsitElementVarMi is PASSED

2021-11-19 17:27:05 - [MESSAGE][INFO] - Finding Test Object 'Object Repository/Sekmeler/HataMesaji'

2021-11-19 17:27:05 - [MESSAGE][INFO] - Checking timeout

2021-11-19 17:27:05 - [MESSAGE][INFO] - Finding web element with id: 'Object Repository/Sekmeler/HataMesaji' located by 'By.xpath: /html/body' in '10' second(s)

2021-11-19 17:27:05 - [MESSAGE][INFO] - Smart Wait Function is triggered

2021-11-19 17:27:06 - [MESSAGE][INFO] - Found 1 web elements with id: 'Object Repository/Sekmeler/HataMesaji' located by 'By.xpath: /html/body' in '10' second(s)

2021-11-19 17:27:06 - [MESSAGE][PASSED] - Method.TextDegerineEsitElementVarMi is PASSED

2021-11-19 17:27:06 - [MESSAGE][PASSED] - Call Test Case 'Test Cases/Sekmeler/MesajGeldiMi' successfully

2021-11-19 17:27:06 - [MESSAGE][INFO] - Checking called Test Case

2021-11-19 17:27:06 - [MESSAGE][INFO] - Starting to call Test Case 'Test Cases/Sekmeler/LinkSecilir'

2021-11-19 17:27:06 - [TEST_CASE][PASSED] - Test Cases/Sekmeler/LinkSecilir: Test Cases/Sekmeler/LinkSecilir

2021-11-19 17:27:06 - [TEST_STEP][PASSED] - navigateToUrl(Link, STOP_ON_FAILURE): Navigate to 'https://efatura-stage.elogo.com.tr/Envelope/IncomingEnvelopeDisplayUbl?id=116183260' successfully

2021-11-19 17:27:06 - [MESSAGE][INFO] - Checking url

2021-11-19 17:27:06 - [MESSAGE][INFO] - Navigating to 'https://efatura-stage.elogo.com.tr/Envelope/IncomingEnvelopeDisplayUbl?id=116183260'

2021-11-19 17:27:06 - [MESSAGE][PASSED] - Navigate to 'https://efatura-stage.elogo.com.tr/Envelope/IncomingEnvelopeDisplayUbl?id=116183260' successfully

2021-11-19 17:27:06 - [TEST_STEP][PASSED] - delay(2): Delayed 2 second(s)

2021-11-19 17:27:06 - [MESSAGE][INFO] - Delaying browser in 2 second(s)

2021-11-19 17:27:08 - [MESSAGE][PASSED] - Delayed 2 second(s)

2021-11-19 17:27:08 - [MESSAGE][PASSED] - Call Test Case 'Test Cases/Sekmeler/LinkSecilir' successfully

2021-11-19 17:27:08 - [MESSAGE][INFO] - Checking called Test Case

2021-11-19 17:27:08 - [MESSAGE][INFO] - Starting to call Test Case 'Test Cases/Sekmeler/TagGeldiMi'

2021-11-19 17:27:08 - [TEST_CASE][PASSED] - Test Cases/Sekmeler/TagGeldiMi: Test Cases/Sekmeler/TagGeldiMi

2021-11-19 17:27:08 - [TEST_STEP][PASSED] - waitForElementPresent(findTestObject("Object Repository/Sekmeler/UBLTag"), 10): Object 'Object Repository/Sekmeler/UBLTag' is present

2021-11-19 17:27:08 - [MESSAGE][INFO] - Finding Test Object 'Object Repository/Sekmeler/UBLTag'

2021-11-19 17:27:08 - [MESSAGE][INFO] - Checking object

2021-11-19 17:27:08 - [MESSAGE][INFO] - Finding web element from Test Object's properties

2021-11-19 17:27:08 - [MESSAGE][INFO] - Checking timeout

2021-11-19 17:27:08 - [MESSAGE][INFO] - Finding web element with id: 'Object Repository/Sekmeler/UBLTag' located by 'By.cssSelector: #webkit-xml-viewer-source-xml>:first-child' in '10' second(s)

2021-11-19 17:27:08 - [MESSAGE][INFO] - Smart Wait Function is triggered

2021-11-19 17:27:08 - [MESSAGE][INFO] - Found 1 web elements with id: 'Object Repository/Sekmeler/UBLTag' located by 'By.cssSelector: #webkit-xml-viewer-source-xml>:first-child' in '10' second(s)

2021-11-19 17:27:08 - [MESSAGE][PASSED] - Object 'Object Repository/Sekmeler/UBLTag' is present

2021-11-19 17:27:08 - [TEST_STEP][PASSED] - println(toLowerCase().toString()): Found 1 web elements with id: 'Object Repository/Sekmeler/UBLTag' located by 'By.cssSelector: #webkit-xml-viewer-source-xml>:first-child' in '10' second(s)

2021-11-19 17:27:08 - [MESSAGE][INFO] - Finding Test Object 'Object Repository/Sekmeler/UBLTag'

2021-11-19 17:27:08 - [MESSAGE][INFO] - Finding web element from Test Object's properties

2021-11-19 17:27:08 - [MESSAGE][INFO] - Checking timeout

2021-11-19 17:27:08 - [MESSAGE][INFO] - Finding web element with id: 'Object Repository/Sekmeler/UBLTag' located by 'By.cssSelector: #webkit-xml-viewer-source-xml>:first-child' in '10' second(s)

2021-11-19 17:27:08 - [MESSAGE][INFO] - Smart Wait Function is triggered

2021-11-19 17:27:08 - [MESSAGE][INFO] - Found 1 web elements with id: 'Object Repository/Sekmeler/UBLTag' located by 'By.cssSelector: #webkit-xml-viewer-source-xml>:first-child' in '10' second(s)

2021-11-19 17:27:08 - [TEST_STEP][PASSED] - if (!(toString().contains(toString().toLowerCase()))): Found 1 web elements with id: 'Object Repository/Sekmeler/UBLTag' located by 'By.cssSelector: #webkit-xml-viewer-source-xml>:first-child' in '10' second(s)

2021-11-19 17:27:08 - [MESSAGE][INFO] - Finding Test Object 'Object Repository/Sekmeler/UBLTag'

2021-11-19 17:27:09 - [MESSAGE][INFO] - Finding web element from Test Object's properties

2021-11-19 17:27:09 - [MESSAGE][INFO] - Checking timeout

2021-11-19 17:27:09 - [MESSAGE][INFO] - Finding web element with id: 'Object Repository/Sekmeler/UBLTag' located by 'By.cssSelector: #webkit-xml-viewer-source-xml>:first-child' in '10' second(s)

2021-11-19 17:27:09 - [MESSAGE][INFO] - Smart Wait Function is triggered

2021-11-19 17:27:09 - [MESSAGE][INFO] - Found 1 web elements with id: 'Object Repository/Sekmeler/UBLTag' located by 'By.cssSelector: #webkit-xml-viewer-source-xml>:first-child' in '10' second(s)

2021-11-19 17:27:09 - [MESSAGE][PASSED] - Call Test Case 'Test Cases/Sekmeler/TagGeldiMi' successfully

2021-11-19 17:27:09 - [MESSAGE][INFO] - Checking called Test Case

2021-11-19 17:27:09 - [MESSAGE][INFO] - Starting to call Test Case 'Test Cases/Sekmeler/LinkSecilir'

2021-11-19 17:27:09 - [TEST_CASE][PASSED] - Test Cases/Sekmeler/LinkSecilir: Test Cases/Sekmeler/LinkSecilir

2021-11-19 17:27:09 - [TEST_STEP][PASSED] - navigateToUrl(Link, STOP_ON_FAILURE): Navigate to 'https://efatura-stage.elogo.com.tr/Envelope/IncomingEnvelopeDisplayUbl?id=116156311' successfully

2021-11-19 17:27:09 - [MESSAGE][INFO] - Checking url

2021-11-19 17:27:09 - [MESSAGE][INFO] - Navigating to 'https://efatura-stage.elogo.com.tr/Envelope/IncomingEnvelopeDisplayUbl?id=116156311'

2021-11-19 17:27:21 - [MESSAGE][PASSED] - Navigate to 'https://efatura-stage.elogo.com.tr/Envelope/IncomingEnvelopeDisplayUbl?id=116156311' successfully

2021-11-19 17:27:21 - [TEST_STEP][PASSED] - delay(2): Delayed 2 second(s)

2021-11-19 17:27:21 - [MESSAGE][INFO] - Delaying browser in 2 second(s)

2021-11-19 17:27:23 - [MESSAGE][PASSED] - Delayed 2 second(s)

2021-11-19 17:27:23 - [MESSAGE][PASSED] - Call Test Case 'Test Cases/Sekmeler/LinkSecilir' successfully

2021-11-19 17:27:23 - [MESSAGE][INFO] - Checking called Test Case

2021-11-19 17:27:23 - [MESSAGE][INFO] - Starting to call Test Case 'Test Cases/Sekmeler/MesajGeldiMi'

2021-11-19 17:27:23 - [TEST_CASE][PASSED] - Test Cases/Sekmeler/MesajGeldiMi: Test Cases/Sekmeler/MesajGeldiMi

2021-11-19 17:27:23 - [TEST_STEP][PASSED] - Method.TextDegerineEsitElementVarMi(findTestObject("Object Repository/Sekmeler/HataMesaji"), Mesaj): Method.TextDegerineEsitElementVarMi is PASSED

2021-11-19 17:27:23 - [MESSAGE][INFO] - Finding Test Object 'Object Repository/Sekmeler/HataMesaji'

2021-11-19 17:27:23 - [MESSAGE][INFO] - Checking timeout

2021-11-19 17:27:23 - [MESSAGE][INFO] - Finding web element with id: 'Object Repository/Sekmeler/HataMesaji' located by 'By.xpath: /html/body' in '10' second(s)

2021-11-19 17:27:23 - [MESSAGE][INFO] - Smart Wait Function is triggered

2021-11-19 17:27:24 - [MESSAGE][INFO] - Found 1 web elements with id: 'Object Repository/Sekmeler/HataMesaji' located by 'By.xpath: /html/body' in '10' second(s)

2021-11-19 17:27:24 - [MESSAGE][PASSED] - Method.TextDegerineEsitElementVarMi is PASSED

2021-11-19 17:27:24 - [MESSAGE][PASSED] - Call Test Case 'Test Cases/Sekmeler/MesajGeldiMi' successfully

2021-11-19 17:27:24 - [MESSAGE][INFO] - Checking called Test Case

2021-11-19 17:27:24 - [MESSAGE][INFO] - Starting to call Test Case 'Test Cases/Sekmeler/LinkSecilir'

2021-11-19 17:27:24 - [TEST_CASE][PASSED] - Test Cases/Sekmeler/LinkSecilir: Test Cases/Sekmeler/LinkSecilir

2021-11-19 17:27:24 - [TEST_STEP][PASSED] - navigateToUrl(Link, STOP_ON_FAILURE): Navigate to 'https://efatura-stage.elogo.com.tr/Invoice/PostboxIncomingInvoice?Option=0&CreationStartDate=18.10.2021&EnvelopeId=aec43a95-f33f-4c56-b669-b56abcdcc7f6' successfully

2021-11-19 17:27:24 - [MESSAGE][INFO] - Checking url

2021-11-19 17:27:24 - [MESSAGE][INFO] - Navigating to 'https://efatura-stage.elogo.com.tr/Invoice/PostboxIncomingInvoice?Option=0&CreationStartDate=18.10.2021&EnvelopeId=aec43a95-f33f-4c56-b669-b56abcdcc7f6'

2021-11-19 17:27:26 - [MESSAGE][PASSED] - Navigate to 'https://efatura-stage.elogo.com.tr/Invoice/PostboxIncomingInvoice?Option=0&CreationStartDate=18.10.2021&EnvelopeId=aec43a95-f33f-4c56-b669-b56abcdcc7f6' successfully

2021-11-19 17:27:26 - [TEST_STEP][PASSED] - delay(2): Delayed 2 second(s)

2021-11-19 17:27:26 - [MESSAGE][INFO] - Delaying browser in 2 second(s)

2021-11-19 17:27:28 - [MESSAGE][PASSED] - Delayed 2 second(s)

2021-11-19 17:27:28 - [MESSAGE][PASSED] - Call Test Case 'Test Cases/Sekmeler/LinkSecilir' successfully

2021-11-19 17:27:28 - [MESSAGE][INFO] - Checking called Test Case

2021-11-19 17:27:28 - [MESSAGE][INFO] - Starting to call Test Case 'Test Cases/Tablo/TablodaVeriVarMi'

2021-11-19 17:27:28 - [TEST_CASE][PASSED] - Test Cases/Tablo/TablodaVeriVarMi: Test Cases/Tablo/TablodaVeriVarMi

2021-11-19 17:27:28 - [TEST_STEP][PASSED] - verifyTextNotPresent("Görüntülenecek veri yok", true): Text 'Görüntülenecek veri yok' is not present on page using regular expression

2021-11-19 17:27:28 - [MESSAGE][INFO] - Checking text present  using regular expression

2021-11-19 17:27:28 - [MESSAGE][INFO] - Smart Wait Function is triggered

2021-11-19 17:27:29 - [MESSAGE][INFO] - Finding text 'Görüntülenecek veri yok' on page  using regular expression

2021-11-19 17:27:29 - [MESSAGE][PASSED] - Text 'Görüntülenecek veri yok' is not present on page using regular expression

2021-11-19 17:27:29 - [MESSAGE][PASSED] - Call Test Case 'Test Cases/Tablo/TablodaVeriVarMi' successfully

2021-11-19 17:27:29 - [MESSAGE][INFO] - Checking called Test Case

2021-11-19 17:27:29 - [MESSAGE][INFO] - Starting to call Test Case 'Test Cases/Sekmeler/LinkSecilir'

2021-11-19 17:27:29 - [TEST_CASE][PASSED] - Test Cases/Sekmeler/LinkSecilir: Test Cases/Sekmeler/LinkSecilir

2021-11-19 17:27:29 - [TEST_STEP][PASSED] - navigateToUrl(Link, STOP_ON_FAILURE): Navigate to 'https://efatura-stage.elogo.com.tr/Invoice/PostboxIncomingInvoice?Option=0&CreationStartDate=17.06.2021&EnvelopeId=7ddc3134-418e-4eb3-a359-40a137535db4' successfully

2021-11-19 17:27:29 - [MESSAGE][INFO] - Checking url

2021-11-19 17:27:29 - [MESSAGE][INFO] - Navigating to 'https://efatura-stage.elogo.com.tr/Invoice/PostboxIncomingInvoice?Option=0&CreationStartDate=17.06.2021&EnvelopeId=7ddc3134-418e-4eb3-a359-40a137535db4'

2021-11-19 17:27:30 - [MESSAGE][PASSED] - Navigate to 'https://efatura-stage.elogo.com.tr/Invoice/PostboxIncomingInvoice?Option=0&CreationStartDate=17.06.2021&EnvelopeId=7ddc3134-418e-4eb3-a359-40a137535db4' successfully

2021-11-19 17:27:30 - [TEST_STEP][PASSED] - delay(2): Delayed 2 second(s)

2021-11-19 17:27:30 - [MESSAGE][INFO] - Delaying browser in 2 second(s)

2021-11-19 17:27:32 - [MESSAGE][PASSED] - Delayed 2 second(s)

2021-11-19 17:27:32 - [MESSAGE][PASSED] - Call Test Case 'Test Cases/Sekmeler/LinkSecilir' successfully

2021-11-19 17:27:32 - [MESSAGE][INFO] - Checking called Test Case

2021-11-19 17:27:32 - [MESSAGE][INFO] - Starting to call Test Case 'Test Cases/Tablo/TablodaVeriYokMu'

2021-11-19 17:27:32 - [TEST_CASE][PASSED] - Test Cases/Tablo/TablodaVeriYokMu: Test Cases/Tablo/TablodaVeriYokMu

2021-11-19 17:27:32 - [TEST_STEP][PASSED] - verifyTextPresent("Görüntülenecek veri yok", true): Text 'Görüntülenecek veri yok' is present on page  using regular expression

2021-11-19 17:27:32 - [MESSAGE][INFO] - Checking text present  using regular expression

2021-11-19 17:27:32 - [MESSAGE][INFO] - Smart Wait Function is triggered

2021-11-19 17:27:33 - [MESSAGE][INFO] - Finding text 'Görüntülenecek veri yok' on page  using regular expression

2021-11-19 17:27:33 - [MESSAGE][PASSED] - Text 'Görüntülenecek veri yok' is present on page  using regular expression

2021-11-19 17:27:33 - [MESSAGE][PASSED] - Call Test Case 'Test Cases/Tablo/TablodaVeriYokMu' successfully

2021-11-19 17:27:33 - [MESSAGE][INFO] - Checking called Test Case

2021-11-19 17:27:33 - [MESSAGE][INFO] - Starting to call Test Case 'Test Cases/Sekmeler/LinkSecilir'

2021-11-19 17:27:33 - [TEST_CASE][PASSED] - Test Cases/Sekmeler/LinkSecilir: Test Cases/Sekmeler/LinkSecilir

2021-11-19 17:27:33 - [TEST_STEP][PASSED] - navigateToUrl(Link, STOP_ON_FAILURE): Navigate to 'https://efatura-stage.elogo.com.tr/Despatch/DespatchAdviceIncoming?EnvelopeId=c9749719-f7d1-4076-b93f-add82ef38ab8&CreationStartDate=17.10.2021' successfully

2021-11-19 17:27:33 - [MESSAGE][INFO] - Checking url

2021-11-19 17:27:33 - [MESSAGE][INFO] - Navigating to 'https://efatura-stage.elogo.com.tr/Despatch/DespatchAdviceIncoming?EnvelopeId=c9749719-f7d1-4076-b93f-add82ef38ab8&CreationStartDate=17.10.2021'

2021-11-19 17:27:34 - [MESSAGE][PASSED] - Navigate to 'https://efatura-stage.elogo.com.tr/Despatch/DespatchAdviceIncoming?EnvelopeId=c9749719-f7d1-4076-b93f-add82ef38ab8&CreationStartDate=17.10.2021' successfully

2021-11-19 17:27:34 - [TEST_STEP][PASSED] - delay(2): Delayed 2 second(s)

2021-11-19 17:27:34 - [MESSAGE][INFO] - Delaying browser in 2 second(s)

2021-11-19 17:27:36 - [MESSAGE][PASSED] - Delayed 2 second(s)

2021-11-19 17:27:36 - [MESSAGE][PASSED] - Call Test Case 'Test Cases/Sekmeler/LinkSecilir' successfully

2021-11-19 17:27:36 - [MESSAGE][INFO] - Checking called Test Case

2021-11-19 17:27:36 - [MESSAGE][INFO] - Starting to call Test Case 'Test Cases/Tablo/TablodaVeriVarMi'

2021-11-19 17:27:36 - [TEST_CASE][PASSED] - Test Cases/Tablo/TablodaVeriVarMi: Test Cases/Tablo/TablodaVeriVarMi

2021-11-19 17:27:36 - [TEST_STEP][PASSED] - verifyTextNotPresent("Görüntülenecek veri yok", true): Text 'Görüntülenecek veri yok' is not present on page using regular expression

2021-11-19 17:27:36 - [MESSAGE][INFO] - Checking text present  using regular expression

2021-11-19 17:27:36 - [MESSAGE][INFO] - Smart Wait Function is triggered

2021-11-19 17:27:36 - [MESSAGE][INFO] - Finding text 'Görüntülenecek veri yok' on page  using regular expression

2021-11-19 17:27:36 - [MESSAGE][PASSED] - Text 'Görüntülenecek veri yok' is not present on page using regular expression

2021-11-19 17:27:36 - [MESSAGE][PASSED] - Call Test Case 'Test Cases/Tablo/TablodaVeriVarMi' successfully

2021-11-19 17:27:36 - [MESSAGE][INFO] - Checking called Test Case

2021-11-19 17:27:36 - [MESSAGE][INFO] - Starting to call Test Case 'Test Cases/Sekmeler/LinkSecilir'

2021-11-19 17:27:36 - [TEST_CASE][PASSED] - Test Cases/Sekmeler/LinkSecilir: Test Cases/Sekmeler/LinkSecilir

2021-11-19 17:27:36 - [TEST_STEP][PASSED] - navigateToUrl(Link, STOP_ON_FAILURE): Navigate to 'https://efatura-stage.elogo.com.tr/Despatch/DespatchAdviceIncoming?EnvelopeId=64dd8fe9-81ee-468d-be84-7efb5c0d99c5&CreationStartDate=03.03.2020' successfully

2021-11-19 17:27:36 - [MESSAGE][INFO] - Checking url

2021-11-19 17:27:36 - [MESSAGE][INFO] - Navigating to 'https://efatura-stage.elogo.com.tr/Despatch/DespatchAdviceIncoming?EnvelopeId=64dd8fe9-81ee-468d-be84-7efb5c0d99c5&CreationStartDate=03.03.2020'

2021-11-19 17:27:38 - [MESSAGE][PASSED] - Navigate to 'https://efatura-stage.elogo.com.tr/Despatch/DespatchAdviceIncoming?EnvelopeId=64dd8fe9-81ee-468d-be84-7efb5c0d99c5&CreationStartDate=03.03.2020' successfully

2021-11-19 17:27:38 - [TEST_STEP][PASSED] - delay(2): Delayed 2 second(s)

2021-11-19 17:27:38 - [MESSAGE][INFO] - Delaying browser in 2 second(s)

2021-11-19 17:27:40 - [MESSAGE][PASSED] - Delayed 2 second(s)

2021-11-19 17:27:40 - [MESSAGE][PASSED] - Call Test Case 'Test Cases/Sekmeler/LinkSecilir' successfully

2021-11-19 17:27:40 - [MESSAGE][INFO] - Checking called Test Case

2021-11-19 17:27:40 - [MESSAGE][INFO] - Starting to call Test Case 'Test Cases/Tablo/TablodaVeriYokMu'

2021-11-19 17:27:40 - [TEST_CASE][PASSED] - Test Cases/Tablo/TablodaVeriYokMu: Test Cases/Tablo/TablodaVeriYokMu

2021-11-19 17:27:40 - [TEST_STEP][PASSED] - verifyTextPresent("Görüntülenecek veri yok", true): Text 'Görüntülenecek veri yok' is present on page  using regular expression

2021-11-19 17:27:40 - [MESSAGE][INFO] - Checking text present  using regular expression

2021-11-19 17:27:40 - [MESSAGE][INFO] - Smart Wait Function is triggered

2021-11-19 17:27:40 - [MESSAGE][INFO] - Finding text 'Görüntülenecek veri yok' on page  using regular expression

2021-11-19 17:27:40 - [MESSAGE][PASSED] - Text 'Görüntülenecek veri yok' is present on page  using regular expression

2021-11-19 17:27:40 - [MESSAGE][PASSED] - Call Test Case 'Test Cases/Tablo/TablodaVeriYokMu' successfully

2021-11-19 17:27:40 - [MESSAGE][INFO] - Checking called Test Case

2021-11-19 17:27:40 - [MESSAGE][INFO] - Starting to call Test Case 'Test Cases/Sekmeler/LinkSecilir'

2021-11-19 17:27:40 - [TEST_CASE][PASSED] - Test Cases/Sekmeler/LinkSecilir: Test Cases/Sekmeler/LinkSecilir

2021-11-19 17:27:40 - [TEST_STEP][PASSED] - navigateToUrl(Link, STOP_ON_FAILURE): Navigate to 'https://efatura-stage.elogo.com.tr/Invoice/PostboxOutgoingInvoice?Option=0&CreationStartDate=20.10.2021&EnvelopeId=454b51cc-b702-4ea4-99b8-49dc571ad498' successfully

2021-11-19 17:27:40 - [MESSAGE][INFO] - Checking url

2021-11-19 17:27:40 - [MESSAGE][INFO] - Navigating to 'https://efatura-stage.elogo.com.tr/Invoice/PostboxOutgoingInvoice?Option=0&CreationStartDate=20.10.2021&EnvelopeId=454b51cc-b702-4ea4-99b8-49dc571ad498'

2021-11-19 17:27:41 - [MESSAGE][PASSED] - Navigate to 'https://efatura-stage.elogo.com.tr/Invoice/PostboxOutgoingInvoice?Option=0&CreationStartDate=20.10.2021&EnvelopeId=454b51cc-b702-4ea4-99b8-49dc571ad498' successfully

2021-11-19 17:27:41 - [TEST_STEP][PASSED] - delay(2): Delayed 2 second(s)

2021-11-19 17:27:41 - [MESSAGE][INFO] - Delaying browser in 2 second(s)

2021-11-19 17:27:43 - [MESSAGE][PASSED] - Delayed 2 second(s)

2021-11-19 17:27:43 - [MESSAGE][PASSED] - Call Test Case 'Test Cases/Sekmeler/LinkSecilir' successfully

2021-11-19 17:27:43 - [MESSAGE][INFO] - Checking called Test Case

2021-11-19 17:27:43 - [MESSAGE][INFO] - Starting to call Test Case 'Test Cases/Tablo/TablodaVeriVarMi'

2021-11-19 17:27:43 - [TEST_CASE][PASSED] - Test Cases/Tablo/TablodaVeriVarMi: Test Cases/Tablo/TablodaVeriVarMi

2021-11-19 17:27:43 - [TEST_STEP][PASSED] - verifyTextNotPresent("Görüntülenecek veri yok", true): Text 'Görüntülenecek veri yok' is not present on page using regular expression

2021-11-19 17:27:43 - [MESSAGE][INFO] - Checking text present  using regular expression

2021-11-19 17:27:43 - [MESSAGE][INFO] - Smart Wait Function is triggered

2021-11-19 17:27:44 - [MESSAGE][INFO] - Finding text 'Görüntülenecek veri yok' on page  using regular expression

2021-11-19 17:27:44 - [MESSAGE][PASSED] - Text 'Görüntülenecek veri yok' is not present on page using regular expression

2021-11-19 17:27:44 - [MESSAGE][PASSED] - Call Test Case 'Test Cases/Tablo/TablodaVeriVarMi' successfully

2021-11-19 17:27:44 - [MESSAGE][INFO] - Checking called Test Case

2021-11-19 17:27:44 - [MESSAGE][INFO] - Starting to call Test Case 'Test Cases/Sekmeler/LinkSecilir'

2021-11-19 17:27:44 - [TEST_CASE][PASSED] - Test Cases/Sekmeler/LinkSecilir: Test Cases/Sekmeler/LinkSecilir

2021-11-19 17:27:44 - [TEST_STEP][PASSED] - navigateToUrl(Link, STOP_ON_FAILURE): Navigate to 'https://efatura-stage.elogo.com.tr/Invoice/PostboxOutgoingInvoice?Option=0&CreationStartDate=09.08.2021&EnvelopeId=95db7a24-70f9-444b-9131-117885ec655f' successfully

2021-11-19 17:27:44 - [MESSAGE][INFO] - Checking url

2021-11-19 17:27:44 - [MESSAGE][INFO] - Navigating to 'https://efatura-stage.elogo.com.tr/Invoice/PostboxOutgoingInvoice?Option=0&CreationStartDate=09.08.2021&EnvelopeId=95db7a24-70f9-444b-9131-117885ec655f'

2021-11-19 17:27:45 - [MESSAGE][PASSED] - Navigate to 'https://efatura-stage.elogo.com.tr/Invoice/PostboxOutgoingInvoice?Option=0&CreationStartDate=09.08.2021&EnvelopeId=95db7a24-70f9-444b-9131-117885ec655f' successfully

2021-11-19 17:27:45 - [TEST_STEP][PASSED] - delay(2): Delayed 2 second(s)

2021-11-19 17:27:45 - [MESSAGE][INFO] - Delaying browser in 2 second(s)

2021-11-19 17:27:47 - [MESSAGE][PASSED] - Delayed 2 second(s)

2021-11-19 17:27:47 - [MESSAGE][PASSED] - Call Test Case 'Test Cases/Sekmeler/LinkSecilir' successfully

2021-11-19 17:27:47 - [MESSAGE][INFO] - Checking called Test Case

2021-11-19 17:27:47 - [MESSAGE][INFO] - Starting to call Test Case 'Test Cases/Tablo/TablodaVeriYokMu'

2021-11-19 17:27:47 - [TEST_CASE][PASSED] - Test Cases/Tablo/TablodaVeriYokMu: Test Cases/Tablo/TablodaVeriYokMu

2021-11-19 17:27:47 - [TEST_STEP][PASSED] - verifyTextPresent("Görüntülenecek veri yok", true): Text 'Görüntülenecek veri yok' is present on page  using regular expression

2021-11-19 17:27:47 - [MESSAGE][INFO] - Checking text present  using regular expression

2021-11-19 17:27:47 - [MESSAGE][INFO] - Smart Wait Function is triggered

2021-11-19 17:27:48 - [MESSAGE][INFO] - Finding text 'Görüntülenecek veri yok' on page  using regular expression

2021-11-19 17:27:48 - [MESSAGE][PASSED] - Text 'Görüntülenecek veri yok' is present on page  using regular expression

2021-11-19 17:27:48 - [MESSAGE][PASSED] - Call Test Case 'Test Cases/Tablo/TablodaVeriYokMu' successfully

2021-11-19 17:27:48 - [MESSAGE][INFO] - Checking called Test Case

2021-11-19 17:27:48 - [MESSAGE][INFO] - Starting to call Test Case 'Test Cases/Sekmeler/LinkSecilir'

2021-11-19 17:27:48 - [TEST_CASE][PASSED] - Test Cases/Sekmeler/LinkSecilir: Test Cases/Sekmeler/LinkSecilir

2021-11-19 17:27:48 - [TEST_STEP][PASSED] - navigateToUrl(Link, STOP_ON_FAILURE): Navigate to 'https://efatura-stage.elogo.com.tr/ApplicationResponses/PostboxOutgoingApplicationResponses?Option=0&CreationStartDate=%2014.10.2021&EnvelopeUuid=3d5c7ca8-de46-445f-a3c3-976c3c25dafd' successfully

2021-11-19 17:27:48 - [MESSAGE][INFO] - Checking url

2021-11-19 17:27:48 - [MESSAGE][INFO] - Navigating to 'https://efatura-stage.elogo.com.tr/ApplicationResponses/PostboxOutgoingApplicationResponses?Option=0&CreationStartDate=%2014.10.2021&EnvelopeUuid=3d5c7ca8-de46-445f-a3c3-976c3c25dafd'

2021-11-19 17:27:49 - [MESSAGE][PASSED] - Navigate to 'https://efatura-stage.elogo.com.tr/ApplicationResponses/PostboxOutgoingApplicationResponses?Option=0&CreationStartDate=%2014.10.2021&EnvelopeUuid=3d5c7ca8-de46-445f-a3c3-976c3c25dafd' successfully

2021-11-19 17:27:49 - [TEST_STEP][PASSED] - delay(2): Delayed 2 second(s)

2021-11-19 17:27:49 - [MESSAGE][INFO] - Delaying browser in 2 second(s)

2021-11-19 17:27:51 - [MESSAGE][PASSED] - Delayed 2 second(s)

2021-11-19 17:27:51 - [MESSAGE][PASSED] - Call Test Case 'Test Cases/Sekmeler/LinkSecilir' successfully

2021-11-19 17:27:51 - [MESSAGE][INFO] - Checking called Test Case

2021-11-19 17:27:51 - [MESSAGE][INFO] - Starting to call Test Case 'Test Cases/Tablo/TablodaVeriVarMi'

2021-11-19 17:27:51 - [TEST_CASE][PASSED] - Test Cases/Tablo/TablodaVeriVarMi: Test Cases/Tablo/TablodaVeriVarMi

2021-11-19 17:27:51 - [TEST_STEP][PASSED] - verifyTextNotPresent("Görüntülenecek veri yok", true): Text 'Görüntülenecek veri yok' is not present on page using regular expression

2021-11-19 17:27:51 - [MESSAGE][INFO] - Checking text present  using regular expression

2021-11-19 17:27:51 - [MESSAGE][INFO] - Smart Wait Function is triggered

2021-11-19 17:27:51 - [MESSAGE][INFO] - Finding text 'Görüntülenecek veri yok' on page  using regular expression

2021-11-19 17:27:51 - [MESSAGE][PASSED] - Text 'Görüntülenecek veri yok' is not present on page using regular expression

2021-11-19 17:27:51 - [MESSAGE][PASSED] - Call Test Case 'Test Cases/Tablo/TablodaVeriVarMi' successfully

2021-11-19 17:27:51 - [MESSAGE][INFO] - Checking called Test Case

2021-11-19 17:27:51 - [MESSAGE][INFO] - Starting to call Test Case 'Test Cases/Sekmeler/LinkSecilir'

2021-11-19 17:27:51 - [TEST_CASE][PASSED] - Test Cases/Sekmeler/LinkSecilir: Test Cases/Sekmeler/LinkSecilir

2021-11-19 17:27:51 - [TEST_STEP][PASSED] - navigateToUrl(Link, STOP_ON_FAILURE): Navigate to 'https://efatura-stage.elogo.com.tr/ApplicationResponses/PostboxOutgoingApplicationResponses?Option=0&CreationStartDate=%2024.05.2021&EnvelopeUuid=1e640671-a0e9-4ec1-b19a-ae4b2feaab93' successfully

2021-11-19 17:27:51 - [MESSAGE][INFO] - Checking url

2021-11-19 17:27:51 - [MESSAGE][INFO] - Navigating to 'https://efatura-stage.elogo.com.tr/ApplicationResponses/PostboxOutgoingApplicationResponses?Option=0&CreationStartDate=%2024.05.2021&EnvelopeUuid=1e640671-a0e9-4ec1-b19a-ae4b2feaab93'

2021-11-19 17:27:52 - [MESSAGE][PASSED] - Navigate to 'https://efatura-stage.elogo.com.tr/ApplicationResponses/PostboxOutgoingApplicationResponses?Option=0&CreationStartDate=%2024.05.2021&EnvelopeUuid=1e640671-a0e9-4ec1-b19a-ae4b2feaab93' successfully

2021-11-19 17:27:52 - [TEST_STEP][PASSED] - delay(2): Delayed 2 second(s)

2021-11-19 17:27:52 - [MESSAGE][INFO] - Delaying browser in 2 second(s)

2021-11-19 17:27:54 - [MESSAGE][PASSED] - Delayed 2 second(s)

2021-11-19 17:27:54 - [MESSAGE][PASSED] - Call Test Case 'Test Cases/Sekmeler/LinkSecilir' successfully

2021-11-19 17:27:54 - [MESSAGE][INFO] - Checking called Test Case

2021-11-19 17:27:54 - [MESSAGE][INFO] - Starting to call Test Case 'Test Cases/Tablo/TablodaVeriYokMu'

2021-11-19 17:27:54 - [TEST_CASE][PASSED] - Test Cases/Tablo/TablodaVeriYokMu: Test Cases/Tablo/TablodaVeriYokMu

2021-11-19 17:27:54 - [TEST_STEP][PASSED] - verifyTextPresent("Görüntülenecek veri yok", true): Text 'Görüntülenecek veri yok' is present on page  using regular expression

2021-11-19 17:27:54 - [MESSAGE][INFO] - Checking text present  using regular expression

2021-11-19 17:27:54 - [MESSAGE][INFO] - Smart Wait Function is triggered

2021-11-19 17:27:55 - [MESSAGE][INFO] - Finding text 'Görüntülenecek veri yok' on page  using regular expression

2021-11-19 17:27:55 - [MESSAGE][PASSED] - Text 'Görüntülenecek veri yok' is present on page  using regular expression

2021-11-19 17:27:55 - [MESSAGE][PASSED] - Call Test Case 'Test Cases/Tablo/TablodaVeriYokMu' successfully

2021-11-19 17:27:55 - [MESSAGE][INFO] - Checking called Test Case

2021-11-19 17:27:55 - [MESSAGE][INFO] - Starting to call Test Case 'Test Cases/Sekmeler/LinkSecilir'

2021-11-19 17:27:55 - [TEST_CASE][PASSED] - Test Cases/Sekmeler/LinkSecilir: Test Cases/Sekmeler/LinkSecilir

2021-11-19 17:27:55 - [TEST_STEP][PASSED] - navigateToUrl(Link, STOP_ON_FAILURE): Navigate to 'https://efatura-stage.elogo.com.tr/Despatch/DespatchAdviceOutgoing?EnvelopeId=58bb7fc3-6a16-4626-bd0f-ea848df231e1&CreationStartDate=19.10.2021' successfully

2021-11-19 17:27:55 - [MESSAGE][INFO] - Checking url

2021-11-19 17:27:55 - [MESSAGE][INFO] - Navigating to 'https://efatura-stage.elogo.com.tr/Despatch/DespatchAdviceOutgoing?EnvelopeId=58bb7fc3-6a16-4626-bd0f-ea848df231e1&CreationStartDate=19.10.2021'

2021-11-19 17:27:56 - [MESSAGE][PASSED] - Navigate to 'https://efatura-stage.elogo.com.tr/Despatch/DespatchAdviceOutgoing?EnvelopeId=58bb7fc3-6a16-4626-bd0f-ea848df231e1&CreationStartDate=19.10.2021' successfully

2021-11-19 17:27:56 - [TEST_STEP][PASSED] - delay(2): Delayed 2 second(s)

2021-11-19 17:27:56 - [MESSAGE][INFO] - Delaying browser in 2 second(s)

2021-11-19 17:27:58 - [MESSAGE][PASSED] - Delayed 2 second(s)

2021-11-19 17:27:58 - [MESSAGE][PASSED] - Call Test Case 'Test Cases/Sekmeler/LinkSecilir' successfully

2021-11-19 17:27:58 - [MESSAGE][INFO] - Checking called Test Case

2021-11-19 17:27:58 - [MESSAGE][INFO] - Starting to call Test Case 'Test Cases/Tablo/TablodaVeriVarMi'

2021-11-19 17:27:58 - [TEST_CASE][PASSED] - Test Cases/Tablo/TablodaVeriVarMi: Test Cases/Tablo/TablodaVeriVarMi

2021-11-19 17:27:58 - [TEST_STEP][PASSED] - verifyTextNotPresent("Görüntülenecek veri yok", true): Text 'Görüntülenecek veri yok' is not present on page using regular expression

2021-11-19 17:27:58 - [MESSAGE][INFO] - Checking text present  using regular expression

2021-11-19 17:27:58 - [MESSAGE][INFO] - Smart Wait Function is triggered

2021-11-19 17:27:58 - [MESSAGE][INFO] - Finding text 'Görüntülenecek veri yok' on page  using regular expression

2021-11-19 17:27:58 - [MESSAGE][PASSED] - Text 'Görüntülenecek veri yok' is not present on page using regular expression

2021-11-19 17:27:58 - [MESSAGE][PASSED] - Call Test Case 'Test Cases/Tablo/TablodaVeriVarMi' successfully

2021-11-19 17:27:58 - [MESSAGE][INFO] - Checking called Test Case

2021-11-19 17:27:58 - [MESSAGE][INFO] - Starting to call Test Case 'Test Cases/Sekmeler/LinkSecilir'

2021-11-19 17:27:58 - [TEST_CASE][PASSED] - Test Cases/Sekmeler/LinkSecilir: Test Cases/Sekmeler/LinkSecilir

2021-11-19 17:27:58 - [TEST_STEP][PASSED] - navigateToUrl(Link, STOP_ON_FAILURE): Navigate to 'https://efatura-stage.elogo.com.tr/Despatch/DespatchAdviceOutgoing?EnvelopeId=b1710935-338d-40fb-a67f-59d2728f56b0&CreationStartDate=06.10.2021' successfully

2021-11-19 17:27:58 - [MESSAGE][INFO] - Checking url

2021-11-19 17:27:58 - [MESSAGE][INFO] - Navigating to 'https://efatura-stage.elogo.com.tr/Despatch/DespatchAdviceOutgoing?EnvelopeId=b1710935-338d-40fb-a67f-59d2728f56b0&CreationStartDate=06.10.2021'

2021-11-19 17:27:59 - [MESSAGE][PASSED] - Navigate to 'https://efatura-stage.elogo.com.tr/Despatch/DespatchAdviceOutgoing?EnvelopeId=b1710935-338d-40fb-a67f-59d2728f56b0&CreationStartDate=06.10.2021' successfully

2021-11-19 17:27:59 - [TEST_STEP][PASSED] - delay(2): Delayed 2 second(s)

2021-11-19 17:27:59 - [MESSAGE][INFO] - Delaying browser in 2 second(s)

2021-11-19 17:28:01 - [MESSAGE][PASSED] - Delayed 2 second(s)

2021-11-19 17:28:01 - [MESSAGE][PASSED] - Call Test Case 'Test Cases/Sekmeler/LinkSecilir' successfully

2021-11-19 17:28:01 - [MESSAGE][INFO] - Checking called Test Case

2021-11-19 17:28:01 - [MESSAGE][INFO] - Starting to call Test Case 'Test Cases/Tablo/TablodaVeriYokMu'

2021-11-19 17:28:02 - [TEST_CASE][PASSED] - Test Cases/Tablo/TablodaVeriYokMu: Test Cases/Tablo/TablodaVeriYokMu

2021-11-19 17:28:02 - [TEST_STEP][PASSED] - verifyTextPresent("Görüntülenecek veri yok", true): Text 'Görüntülenecek veri yok' is present on page  using regular expression

2021-11-19 17:28:02 - [MESSAGE][INFO] - Checking text present  using regular expression

2021-11-19 17:28:02 - [MESSAGE][INFO] - Smart Wait Function is triggered

2021-11-19 17:28:02 - [MESSAGE][INFO] - Finding text 'Görüntülenecek veri yok' on page  using regular expression

2021-11-19 17:28:02 - [MESSAGE][PASSED] - Text 'Görüntülenecek veri yok' is present on page  using regular expression

2021-11-19 17:28:02 - [MESSAGE][PASSED] - Call Test Case 'Test Cases/Tablo/TablodaVeriYokMu' successfully

2021-11-19 17:28:02 - [MESSAGE][INFO] - Checking called Test Case

2021-11-19 17:28:02 - [MESSAGE][INFO] - Starting to call Test Case 'Test Cases/Sekmeler/LinkSecilir'

2021-11-19 17:28:02 - [TEST_CASE][PASSED] - Test Cases/Sekmeler/LinkSecilir: Test Cases/Sekmeler/LinkSecilir

2021-11-19 17:28:02 - [TEST_STEP][PASSED] - navigateToUrl(Link, STOP_ON_FAILURE): Navigate to 'https://efatura-stage.elogo.com.tr/Despatch/ReceiptAdviceOutgoing?Option=0&CreationStartDate=14.10.2021&EnvelopeId=2aaadaee-6254-4520-97e3-92c0d540eb82' successfully

2021-11-19 17:28:02 - [MESSAGE][INFO] - Checking url

2021-11-19 17:28:02 - [MESSAGE][INFO] - Navigating to 'https://efatura-stage.elogo.com.tr/Despatch/ReceiptAdviceOutgoing?Option=0&CreationStartDate=14.10.2021&EnvelopeId=2aaadaee-6254-4520-97e3-92c0d540eb82'

2021-11-19 17:28:03 - [MESSAGE][PASSED] - Navigate to 'https://efatura-stage.elogo.com.tr/Despatch/ReceiptAdviceOutgoing?Option=0&CreationStartDate=14.10.2021&EnvelopeId=2aaadaee-6254-4520-97e3-92c0d540eb82' successfully

2021-11-19 17:28:03 - [TEST_STEP][PASSED] - delay(2): Delayed 2 second(s)

2021-11-19 17:28:03 - [MESSAGE][INFO] - Delaying browser in 2 second(s)

2021-11-19 17:28:05 - [MESSAGE][PASSED] - Delayed 2 second(s)

2021-11-19 17:28:05 - [MESSAGE][PASSED] - Call Test Case 'Test Cases/Sekmeler/LinkSecilir' successfully

2021-11-19 17:28:05 - [MESSAGE][INFO] - Checking called Test Case

2021-11-19 17:28:05 - [MESSAGE][INFO] - Starting to call Test Case 'Test Cases/Tablo/TablodaVeriVarMi'

2021-11-19 17:28:05 - [TEST_CASE][PASSED] - Test Cases/Tablo/TablodaVeriVarMi: Test Cases/Tablo/TablodaVeriVarMi

2021-11-19 17:28:05 - [TEST_STEP][PASSED] - verifyTextNotPresent("Görüntülenecek veri yok", true): Text 'Görüntülenecek veri yok' is not present on page using regular expression

2021-11-19 17:28:05 - [MESSAGE][INFO] - Checking text present  using regular expression

2021-11-19 17:28:05 - [MESSAGE][INFO] - Smart Wait Function is triggered

2021-11-19 17:28:06 - [MESSAGE][INFO] - Finding text 'Görüntülenecek veri yok' on page  using regular expression

2021-11-19 17:28:06 - [MESSAGE][PASSED] - Text 'Görüntülenecek veri yok' is not present on page using regular expression

2021-11-19 17:28:06 - [MESSAGE][PASSED] - Call Test Case 'Test Cases/Tablo/TablodaVeriVarMi' successfully

2021-11-19 17:28:06 - [MESSAGE][INFO] - Checking called Test Case

2021-11-19 17:28:06 - [MESSAGE][INFO] - Starting to call Test Case 'Test Cases/Sekmeler/LinkSecilir'

2021-11-19 17:28:06 - [TEST_CASE][PASSED] - Test Cases/Sekmeler/LinkSecilir: Test Cases/Sekmeler/LinkSecilir

2021-11-19 17:28:06 - [TEST_STEP][PASSED] - navigateToUrl(Link, STOP_ON_FAILURE): Navigate to 'https://efatura-stage.elogo.com.tr/Despatch/ReceiptAdviceOutgoing?Option=0&CreationStartDate=03.12.2020&EnvelopeId=d1bd76b8-261f-4421-885c-1454271a4dd1' successfully

2021-11-19 17:28:06 - [MESSAGE][INFO] - Checking url

2021-11-19 17:28:06 - [MESSAGE][INFO] - Navigating to 'https://efatura-stage.elogo.com.tr/Despatch/ReceiptAdviceOutgoing?Option=0&CreationStartDate=03.12.2020&EnvelopeId=d1bd76b8-261f-4421-885c-1454271a4dd1'

2021-11-19 17:28:11 - [MESSAGE][PASSED] - Navigate to 'https://efatura-stage.elogo.com.tr/Despatch/ReceiptAdviceOutgoing?Option=0&CreationStartDate=03.12.2020&EnvelopeId=d1bd76b8-261f-4421-885c-1454271a4dd1' successfully

2021-11-19 17:28:11 - [TEST_STEP][PASSED] - delay(2): Delayed 2 second(s)

2021-11-19 17:28:11 - [MESSAGE][INFO] - Delaying browser in 2 second(s)

2021-11-19 17:28:13 - [MESSAGE][PASSED] - Delayed 2 second(s)

2021-11-19 17:28:13 - [MESSAGE][PASSED] - Call Test Case 'Test Cases/Sekmeler/LinkSecilir' successfully

2021-11-19 17:28:13 - [MESSAGE][INFO] - Checking called Test Case

2021-11-19 17:28:13 - [MESSAGE][INFO] - Starting to call Test Case 'Test Cases/Tablo/TablodaVeriYokMu'

2021-11-19 17:28:13 - [TEST_CASE][PASSED] - Test Cases/Tablo/TablodaVeriYokMu: Test Cases/Tablo/TablodaVeriYokMu

2021-11-19 17:28:13 - [TEST_STEP][PASSED] - verifyTextPresent("Görüntülenecek veri yok", true): Text 'Görüntülenecek veri yok' is present on page  using regular expression

2021-11-19 17:28:13 - [MESSAGE][INFO] - Checking text present  using regular expression

2021-11-19 17:28:13 - [MESSAGE][INFO] - Smart Wait Function is triggered

2021-11-19 17:28:13 - [MESSAGE][INFO] - Finding text 'Görüntülenecek veri yok' on page  using regular expression

2021-11-19 17:28:13 - [MESSAGE][PASSED] - Text 'Görüntülenecek veri yok' is present on page  using regular expression

2021-11-19 17:28:13 - [MESSAGE][PASSED] - Call Test Case 'Test Cases/Tablo/TablodaVeriYokMu' successfully

2021-11-19 17:28:13 - [MESSAGE][INFO] - Checking called Test Case

2021-11-19 17:28:13 - [MESSAGE][INFO] - Starting to call Test Case 'Test Cases/Sekmeler/LinkSecilir'

2021-11-19 17:28:13 - [TEST_CASE][PASSED] - Test Cases/Sekmeler/LinkSecilir: Test Cases/Sekmeler/LinkSecilir

2021-11-19 17:28:13 - [TEST_STEP][PASSED] - navigateToUrl(Link, STOP_ON_FAILURE): Navigate to 'https://efatura-stage.elogo.com.tr/Despatch/DespatchAdvice?Param=0-2' successfully

2021-11-19 17:28:13 - [MESSAGE][INFO] - Checking url

2021-11-19 17:28:13 - [MESSAGE][INFO] - Navigating to 'https://efatura-stage.elogo.com.tr/Despatch/DespatchAdvice?Param=0-2'

2021-11-19 17:28:16 - [MESSAGE][PASSED] - Navigate to 'https://efatura-stage.elogo.com.tr/Despatch/DespatchAdvice?Param=0-2' successfully

2021-11-19 17:28:16 - [TEST_STEP][PASSED] - delay(2): Delayed 2 second(s)

2021-11-19 17:28:16 - [MESSAGE][INFO] - Delaying browser in 2 second(s)

2021-11-19 17:28:18 - [MESSAGE][PASSED] - Delayed 2 second(s)

2021-11-19 17:28:18 - [MESSAGE][PASSED] - Call Test Case 'Test Cases/Sekmeler/LinkSecilir' successfully

2021-11-19 17:28:18 - [MESSAGE][INFO] - Checking called Test Case

2021-11-19 17:28:18 - [MESSAGE][INFO] - Starting to call Test Case 'Test Cases/Kullanici_Islemleri/KullaniciIslemlerindenSecimYapilir'

2021-11-19 17:28:18 - [TEST_CASE][PASSED] - Test Cases/Kullanici_Islemleri/KullaniciIslemlerindenSecimYapilir: Test Cases/Kullanici_Islemleri/KullaniciIslemlerindenSecimYapilir

2021-11-19 17:28:18 - [TEST_STEP][PASSED] - waitForElementClickable(findTestObject("Object Repository/Kullanici_Islemleri/KullaniciIslemleri"), 10): Object 'Object Repository/Kullanici_Islemleri/KullaniciIslemleri' is clickable

2021-11-19 17:28:18 - [MESSAGE][INFO] - Finding Test Object 'Object Repository/Kullanici_Islemleri/KullaniciIslemleri'

2021-11-19 17:28:18 - [MESSAGE][INFO] - Checking object

2021-11-19 17:28:18 - [MESSAGE][INFO] - Checking timeout

2021-11-19 17:28:18 - [MESSAGE][INFO] - Finding web element from Test Object's properties

2021-11-19 17:28:18 - [MESSAGE][INFO] - Checking timeout

2021-11-19 17:28:18 - [MESSAGE][INFO] - Finding web element with id: 'Object Repository/Kullanici_Islemleri/KullaniciIslemleri' located by 'By.cssSelector: .dropdown>a>img' in '10' second(s)

2021-11-19 17:28:18 - [MESSAGE][INFO] - Smart Wait Function is triggered

2021-11-19 17:28:18 - [MESSAGE][INFO] - Found 1 web elements with id: 'Object Repository/Kullanici_Islemleri/KullaniciIslemleri' located by 'By.cssSelector: .dropdown>a>img' in '10' second(s)

2021-11-19 17:28:18 - [MESSAGE][PASSED] - Object 'Object Repository/Kullanici_Islemleri/KullaniciIslemleri' is clickable

2021-11-19 17:28:18 - [TEST_STEP][PASSED] - click(findTestObject("Object Repository/Kullanici_Islemleri/KullaniciIslemleri")): Object: 'Object Repository/Kullanici_Islemleri/KullaniciIslemleri' is clicked on

2021-11-19 17:28:18 - [MESSAGE][INFO] - Finding Test Object 'Object Repository/Kullanici_Islemleri/KullaniciIslemleri'

2021-11-19 17:28:18 - [MESSAGE][INFO] - Checking object

2021-11-19 17:28:18 - [MESSAGE][INFO] - Finding web element from Test Object's properties

2021-11-19 17:28:18 - [MESSAGE][INFO] - Checking timeout

2021-11-19 17:28:18 - [MESSAGE][INFO] - Finding web element with id: 'Object Repository/Kullanici_Islemleri/KullaniciIslemleri' located by 'By.cssSelector: .dropdown>a>img' in '30' second(s)

2021-11-19 17:28:18 - [MESSAGE][INFO] - Smart Wait Function is triggered

2021-11-19 17:28:19 - [MESSAGE][INFO] - Found 1 web elements with id: 'Object Repository/Kullanici_Islemleri/KullaniciIslemleri' located by 'By.cssSelector: .dropdown>a>img' in '30' second(s)

2021-11-19 17:28:19 - [MESSAGE][INFO] - Clicking on object: 'Object Repository/Kullanici_Islemleri/KullaniciIslemleri'

2021-11-19 17:28:19 - [MESSAGE][PASSED] - Object: 'Object Repository/Kullanici_Islemleri/KullaniciIslemleri' is clicked on

2021-11-19 17:28:19 - [TEST_STEP][PASSED] - Method.TextDegerineEsitElementeTikla(findTestObject("Object Repository/Kullanici_Islemleri/Secenekler"), Islem): Method.TextDegerineEsitElementeTikla is PASSED

2021-11-19 17:28:19 - [MESSAGE][INFO] - Finding Test Object 'Object Repository/Kullanici_Islemleri/Secenekler'

2021-11-19 17:28:19 - [MESSAGE][INFO] - Checking timeout

2021-11-19 17:28:19 - [MESSAGE][INFO] - Finding web element with id: 'Object Repository/Kullanici_Islemleri/Secenekler' located by 'By.cssSelector: .nav.navbar-nav.navbar-right li a' in '10' second(s)

2021-11-19 17:28:19 - [MESSAGE][INFO] - Smart Wait Function is triggered

2021-11-19 17:28:19 - [MESSAGE][INFO] - Found 22 web elements with id: 'Object Repository/Kullanici_Islemleri/Secenekler' located by 'By.cssSelector: .nav.navbar-nav.navbar-right li a' in '10' second(s)

2021-11-19 17:28:21 - [MESSAGE][PASSED] - Method.TextDegerineEsitElementeTikla is PASSED

2021-11-19 17:28:21 - [TEST_STEP][PASSED] - verifyElementNotPresent(findTestObject("Object Repository/Kullanici_Islemleri/Secenekler"), 10): Web element with id: 'Object Repository/Kullanici_Islemleri/Secenekler' located by 'By.cssSelector: .nav.navbar-nav.navbar-right li a' is not present after '10' second(s)

2021-11-19 17:28:21 - [MESSAGE][INFO] - Finding Test Object 'Object Repository/Kullanici_Islemleri/Secenekler'

2021-11-19 17:28:21 - [MESSAGE][INFO] - Checking object

2021-11-19 17:28:21 - [MESSAGE][INFO] - Checking timeout

2021-11-19 17:28:21 - [MESSAGE][INFO] - Finding web element with id: 'Object Repository/Kullanici_Islemleri/Secenekler' located by 'By.cssSelector: .nav.navbar-nav.navbar-right li a' in '10' second(s)

2021-11-19 17:28:21 - [MESSAGE][INFO] - Smart Wait Function is triggered

2021-11-19 17:28:21 - [MESSAGE][PASSED] - Web element with id: 'Object Repository/Kullanici_Islemleri/Secenekler' located by 'By.cssSelector: .nav.navbar-nav.navbar-right li a' is not present after '10' second(s)

2021-11-19 17:28:21 - [MESSAGE][PASSED] - Call Test Case 'Test Cases/Kullanici_Islemleri/KullaniciIslemlerindenSecimYapilir' successfully

2021-11-19 17:28:21 - [MESSAGE][INFO] - Checking called Test Case

2021-11-19 17:28:21 - [MESSAGE][INFO] - Starting to call Test Case 'Test Cases/Sayfalar/Giris_Sayfasi/Login'

2021-11-19 17:28:21 - [TEST_CASE][PASSED] - Test Cases/Sayfalar/Giris_Sayfasi/Login: Test Cases/Sayfalar/Giris_Sayfasi/Login

2021-11-19 17:28:21 - [TEST_STEP][PASSED] - Sayfa_Basligi = getWindowTitle(): Current window's title is: 'LOGO e-Fatura'

2021-11-19 17:28:21 - [MESSAGE][INFO] - Getting current window's title

2021-11-19 17:28:21 - [MESSAGE][PASSED] - Current window's title is: 'LOGO e-Fatura'

2021-11-19 17:28:21 - [TEST_STEP][PASSED] - verifyMatch(Sayfa_Basligi, "LOGO e-Fatura", false): Actual text 'LOGO e-Fatura' and expected text 'LOGO e-Fatura' are matched 

2021-11-19 17:28:21 - [MESSAGE][INFO] - Matching actual text 'LOGO e-Fatura' with expected text 'LOGO e-Fatura'

2021-11-19 17:28:21 - [MESSAGE][PASSED] - Actual text 'LOGO e-Fatura' and expected text 'LOGO e-Fatura' are matched 

2021-11-19 17:28:21 - [TEST_STEP][PASSED] - sendKeys(findTestObject("Sayfalar/Giris_Sayfasi/Firma_Kodu"), KullaniciAdi): Keys 'ELOGOGIB' sent to object: 'Object Repository/Sayfalar/Giris_Sayfasi/Firma_Kodu'

2021-11-19 17:28:21 - [MESSAGE][INFO] - Finding Test Object 'Object Repository/Sayfalar/Giris_Sayfasi/Firma_Kodu'

2021-11-19 17:28:22 - [MESSAGE][INFO] - Sending keys 'ELOGOGIB' to object: 'Object Repository/Sayfalar/Giris_Sayfasi/Firma_Kodu'

2021-11-19 17:28:22 - [MESSAGE][INFO] - Finding web element from Test Object's properties

2021-11-19 17:28:22 - [MESSAGE][INFO] - Checking timeout

2021-11-19 17:28:22 - [MESSAGE][INFO] - Finding web element with id: 'Object Repository/Sayfalar/Giris_Sayfasi/Firma_Kodu' located by 'By.xpath: //*[@id = 'AccountName']' in '30' second(s)

2021-11-19 17:28:22 - [MESSAGE][INFO] - Smart Wait Function is triggered

2021-11-19 17:28:22 - [MESSAGE][INFO] - Found 1 web elements with id: 'Object Repository/Sayfalar/Giris_Sayfasi/Firma_Kodu' located by 'By.xpath: //*[@id = 'AccountName']' in '30' second(s)

2021-11-19 17:28:22 - [MESSAGE][PASSED] - Keys 'ELOGOGIB' sent to object: 'Object Repository/Sayfalar/Giris_Sayfasi/Firma_Kodu'

2021-11-19 17:28:22 - [TEST_STEP][PASSED] - sendKeys(findTestObject("Sayfalar/Giris_Sayfasi/Sifre"), Sifre): Keys '123456' sent to object: 'Object Repository/Sayfalar/Giris_Sayfasi/Sifre'

2021-11-19 17:28:22 - [MESSAGE][INFO] - Finding Test Object 'Object Repository/Sayfalar/Giris_Sayfasi/Sifre'

2021-11-19 17:28:22 - [MESSAGE][INFO] - Sending keys '123456' to object: 'Object Repository/Sayfalar/Giris_Sayfasi/Sifre'

2021-11-19 17:28:22 - [MESSAGE][INFO] - Finding web element from Test Object's properties

2021-11-19 17:28:22 - [MESSAGE][INFO] - Checking timeout

2021-11-19 17:28:22 - [MESSAGE][INFO] - Finding web element with id: 'Object Repository/Sayfalar/Giris_Sayfasi/Sifre' located by 'By.xpath: //*[@id = 'Password']' in '30' second(s)

2021-11-19 17:28:22 - [MESSAGE][INFO] - Smart Wait Function is triggered

2021-11-19 17:28:22 - [MESSAGE][INFO] - Found 1 web elements with id: 'Object Repository/Sayfalar/Giris_Sayfasi/Sifre' located by 'By.xpath: //*[@id = 'Password']' in '30' second(s)

2021-11-19 17:28:22 - [MESSAGE][PASSED] - Keys '123456' sent to object: 'Object Repository/Sayfalar/Giris_Sayfasi/Sifre'

2021-11-19 17:28:22 - [TEST_STEP][PASSED] - findWebElement(findTestObject("Sayfalar/Giris_Sayfasi/Giris_Butonu")).click(): Found 1 web elements with id: 'Object Repository/Sayfalar/Giris_Sayfasi/Giris_Butonu' located by 'By.cssSelector: #btnLogin' in '30' second(s)

2021-11-19 17:28:22 - [MESSAGE][INFO] - Finding Test Object 'Object Repository/Sayfalar/Giris_Sayfasi/Giris_Butonu'

2021-11-19 17:28:22 - [MESSAGE][INFO] - Finding web element from Test Object's properties

2021-11-19 17:28:22 - [MESSAGE][INFO] - Checking timeout

2021-11-19 17:28:22 - [MESSAGE][INFO] - Finding web element with id: 'Object Repository/Sayfalar/Giris_Sayfasi/Giris_Butonu' located by 'By.cssSelector: #btnLogin' in '30' second(s)

2021-11-19 17:28:22 - [MESSAGE][INFO] - Smart Wait Function is triggered

2021-11-19 17:28:23 - [MESSAGE][INFO] - Found 1 web elements with id: 'Object Repository/Sayfalar/Giris_Sayfasi/Giris_Butonu' located by 'By.cssSelector: #btnLogin' in '30' second(s)

2021-11-19 17:28:24 - [TEST_STEP][PASSED] - if (verifyElementPresent(findTestObject("Object Repository/Sayfalar/Giris_Sayfasi/RetveTamam_Butonu"), 5, OPTIONAL)): null

2021-11-19 17:28:24 - [MESSAGE][INFO] - Finding Test Object 'Object Repository/Sayfalar/Giris_Sayfasi/RetveTamam_Butonu'

2021-11-19 17:28:24 - [MESSAGE][INFO] - Checking object

2021-11-19 17:28:24 - [MESSAGE][INFO] - Finding web element from Test Object's properties

2021-11-19 17:28:24 - [MESSAGE][INFO] - Checking timeout

2021-11-19 17:28:24 - [MESSAGE][INFO] - Finding web element with id: 'Object Repository/Sayfalar/Giris_Sayfasi/RetveTamam_Butonu' located by 'By.xpath: //*[@class = 'btn btn-default']' in '5' second(s)

2021-11-19 17:28:24 - [MESSAGE][INFO] - Smart Wait Function is triggered

2021-11-19 17:28:24 - [MESSAGE][INFO] - Found 1 web elements with id: 'Object Repository/Sayfalar/Giris_Sayfasi/RetveTamam_Butonu' located by 'By.xpath: //*[@class = 'btn btn-default']' in '5' second(s)

2021-11-19 17:28:24 - [MESSAGE][PASSED] - Object 'Object Repository/Sayfalar/Giris_Sayfasi/RetveTamam_Butonu' is present

2021-11-19 17:28:24 - [TEST_STEP][PASSED] - click(findTestObject("Object Repository/Sayfalar/Giris_Sayfasi/RetveTamam_Butonu")): Object: 'Object Repository/Sayfalar/Giris_Sayfasi/RetveTamam_Butonu' is clicked on

2021-11-19 17:28:24 - [MESSAGE][INFO] - Finding Test Object 'Object Repository/Sayfalar/Giris_Sayfasi/RetveTamam_Butonu'

2021-11-19 17:28:24 - [MESSAGE][INFO] - Checking object

2021-11-19 17:28:24 - [MESSAGE][INFO] - Finding web element from Test Object's properties

2021-11-19 17:28:24 - [MESSAGE][INFO] - Checking timeout

2021-11-19 17:28:24 - [MESSAGE][INFO] - Finding web element with id: 'Object Repository/Sayfalar/Giris_Sayfasi/RetveTamam_Butonu' located by 'By.xpath: //*[@class = 'btn btn-default']' in '30' second(s)

2021-11-19 17:28:24 - [MESSAGE][INFO] - Smart Wait Function is triggered

2021-11-19 17:28:25 - [MESSAGE][INFO] - Found 1 web elements with id: 'Object Repository/Sayfalar/Giris_Sayfasi/RetveTamam_Butonu' located by 'By.xpath: //*[@class = 'btn btn-default']' in '30' second(s)

2021-11-19 17:28:25 - [MESSAGE][INFO] - Clicking on object: 'Object Repository/Sayfalar/Giris_Sayfasi/RetveTamam_Butonu'

2021-11-19 17:28:25 - [MESSAGE][PASSED] - Object: 'Object Repository/Sayfalar/Giris_Sayfasi/RetveTamam_Butonu' is clicked on

2021-11-19 17:28:25 - [TEST_STEP][PASSED] - click(findTestObject("Object Repository/Sayfalar/Giris_Sayfasi/RetveTamam_Butonu")): Object: 'Object Repository/Sayfalar/Giris_Sayfasi/RetveTamam_Butonu' is clicked on

2021-11-19 17:28:25 - [MESSAGE][INFO] - Finding Test Object 'Object Repository/Sayfalar/Giris_Sayfasi/RetveTamam_Butonu'

2021-11-19 17:28:25 - [MESSAGE][INFO] - Checking object

2021-11-19 17:28:25 - [MESSAGE][INFO] - Finding web element from Test Object's properties

2021-11-19 17:28:25 - [MESSAGE][INFO] - Checking timeout

2021-11-19 17:28:25 - [MESSAGE][INFO] - Finding web element with id: 'Object Repository/Sayfalar/Giris_Sayfasi/RetveTamam_Butonu' located by 'By.xpath: //*[@class = 'btn btn-default']' in '30' second(s)

2021-11-19 17:28:25 - [MESSAGE][INFO] - Smart Wait Function is triggered

2021-11-19 17:28:30 - [MESSAGE][INFO] - Found 1 web elements with id: 'Object Repository/Sayfalar/Giris_Sayfasi/RetveTamam_Butonu' located by 'By.xpath: //*[@class = 'btn btn-default']' in '30' second(s)

2021-11-19 17:28:30 - [MESSAGE][INFO] - Clicking on object: 'Object Repository/Sayfalar/Giris_Sayfasi/RetveTamam_Butonu'

2021-11-19 17:28:30 - [MESSAGE][PASSED] - Object: 'Object Repository/Sayfalar/Giris_Sayfasi/RetveTamam_Butonu' is clicked on

2021-11-19 17:28:30 - [TEST_STEP][PASSED] - if (verifyElementPresent(findTestObject("Sayfalar/Giris_Sayfasi/PopupOK"), 5, OPTIONAL)): null

2021-11-19 17:28:30 - [MESSAGE][INFO] - Finding Test Object 'Object Repository/Sayfalar/Giris_Sayfasi/PopupOK'

2021-11-19 17:28:30 - [MESSAGE][INFO] - Checking object

2021-11-19 17:28:30 - [MESSAGE][INFO] - Finding web element from Test Object's properties

2021-11-19 17:28:30 - [MESSAGE][INFO] - Checking timeout

2021-11-19 17:28:30 - [MESSAGE][INFO] - Finding web element with id: 'Object Repository/Sayfalar/Giris_Sayfasi/PopupOK' located by 'By.cssSelector: .btn.btn-success' in '5' second(s)

2021-11-19 17:28:30 - [MESSAGE][INFO] - Smart Wait Function is triggered

2021-11-19 17:28:31 - [MESSAGE][INFO] - Found 1 web elements with id: 'Object Repository/Sayfalar/Giris_Sayfasi/PopupOK' located by 'By.cssSelector: .btn.btn-success' in '5' second(s)

2021-11-19 17:28:31 - [MESSAGE][PASSED] - Object 'Object Repository/Sayfalar/Giris_Sayfasi/PopupOK' is present

2021-11-19 17:28:31 - [TEST_STEP][PASSED] - click(findTestObject("Object Repository/Sayfalar/Giris_Sayfasi/PopupCarpiGiris")): Object: 'Object Repository/Sayfalar/Giris_Sayfasi/PopupCarpiGiris' is clicked on

2021-11-19 17:28:31 - [MESSAGE][INFO] - Finding Test Object 'Object Repository/Sayfalar/Giris_Sayfasi/PopupCarpiGiris'

2021-11-19 17:28:31 - [MESSAGE][INFO] - Checking object

2021-11-19 17:28:31 - [MESSAGE][INFO] - Finding web element from Test Object's properties

2021-11-19 17:28:31 - [MESSAGE][INFO] - Checking timeout

2021-11-19 17:28:31 - [MESSAGE][INFO] - Finding web element with id: 'Object Repository/Sayfalar/Giris_Sayfasi/PopupCarpiGiris' located by 'By.cssSelector: .bootbox-close-button.close' in '30' second(s)

2021-11-19 17:28:31 - [MESSAGE][INFO] - Smart Wait Function is triggered

2021-11-19 17:28:31 - [MESSAGE][INFO] - Found 1 web elements with id: 'Object Repository/Sayfalar/Giris_Sayfasi/PopupCarpiGiris' located by 'By.cssSelector: .bootbox-close-button.close' in '30' second(s)

2021-11-19 17:28:31 - [MESSAGE][INFO] - Clicking on object: 'Object Repository/Sayfalar/Giris_Sayfasi/PopupCarpiGiris'

2021-11-19 17:28:32 - [MESSAGE][PASSED] - Object: 'Object Repository/Sayfalar/Giris_Sayfasi/PopupCarpiGiris' is clicked on

2021-11-19 17:28:32 - [TEST_STEP][PASSED] - verifyElementVisible(findTestObject("Object Repository/Kullanici_Islemleri/KullaniciIslemleri")): Object 'Object Repository/Kullanici_Islemleri/KullaniciIslemleri' is visible

2021-11-19 17:28:32 - [MESSAGE][INFO] - Finding Test Object 'Object Repository/Kullanici_Islemleri/KullaniciIslemleri'

2021-11-19 17:28:32 - [MESSAGE][INFO] - Checking object

2021-11-19 17:28:32 - [MESSAGE][INFO] - Finding web element from Test Object's properties

2021-11-19 17:28:32 - [MESSAGE][INFO] - Checking timeout

2021-11-19 17:28:32 - [MESSAGE][INFO] - Finding web element with id: 'Object Repository/Kullanici_Islemleri/KullaniciIslemleri' located by 'By.cssSelector: .dropdown>a>img' in '30' second(s)

2021-11-19 17:28:32 - [MESSAGE][INFO] - Smart Wait Function is triggered

2021-11-19 17:28:32 - [MESSAGE][INFO] - Found 1 web elements with id: 'Object Repository/Kullanici_Islemleri/KullaniciIslemleri' located by 'By.cssSelector: .dropdown>a>img' in '30' second(s)

2021-11-19 17:28:32 - [MESSAGE][PASSED] - Object 'Object Repository/Kullanici_Islemleri/KullaniciIslemleri' is visible

2021-11-19 17:28:32 - [MESSAGE][PASSED] - Call Test Case 'Test Cases/Sayfalar/Giris_Sayfasi/Login' successfully

2021-11-19 17:28:32 - [MESSAGE][INFO] - Checking called Test Case

2021-11-19 17:28:32 - [MESSAGE][INFO] - Starting to call Test Case 'Test Cases/Sekmeler/LinkSecilir'

2021-11-19 17:28:32 - [TEST_CASE][PASSED] - Test Cases/Sekmeler/LinkSecilir: Test Cases/Sekmeler/LinkSecilir

2021-11-19 17:28:32 - [TEST_STEP][PASSED] - navigateToUrl(Link, STOP_ON_FAILURE): Navigate to 'https://efatura-stage.elogo.com.tr/Envelope/OutgoingEnvelopeDisplayUbl?id=116184130' successfully

2021-11-19 17:28:32 - [MESSAGE][INFO] - Checking url

2021-11-19 17:28:32 - [MESSAGE][INFO] - Navigating to 'https://efatura-stage.elogo.com.tr/Envelope/OutgoingEnvelopeDisplayUbl?id=116184130'

2021-11-19 17:28:42 - [MESSAGE][PASSED] - Navigate to 'https://efatura-stage.elogo.com.tr/Envelope/OutgoingEnvelopeDisplayUbl?id=116184130' successfully

2021-11-19 17:28:42 - [TEST_STEP][PASSED] - delay(2): Delayed 2 second(s)

2021-11-19 17:28:42 - [MESSAGE][INFO] - Delaying browser in 2 second(s)

2021-11-19 17:28:44 - [MESSAGE][PASSED] - Delayed 2 second(s)

2021-11-19 17:28:44 - [MESSAGE][PASSED] - Call Test Case 'Test Cases/Sekmeler/LinkSecilir' successfully

2021-11-19 17:28:44 - [MESSAGE][INFO] - Checking called Test Case

2021-11-19 17:28:44 - [MESSAGE][INFO] - Starting to call Test Case 'Test Cases/Sekmeler/MesajGeldiMi'

2021-11-19 17:28:44 - [TEST_CASE][PASSED] - Test Cases/Sekmeler/MesajGeldiMi: Test Cases/Sekmeler/MesajGeldiMi

2021-11-19 17:28:44 - [TEST_STEP][PASSED] - Method.TextDegerineEsitElementVarMi(findTestObject("Object Repository/Sekmeler/HataMesaji"), Mesaj): Method.TextDegerineEsitElementVarMi is PASSED

2021-11-19 17:28:44 - [MESSAGE][INFO] - Finding Test Object 'Object Repository/Sekmeler/HataMesaji'

2021-11-19 17:28:45 - [MESSAGE][INFO] - Checking timeout

2021-11-19 17:28:45 - [MESSAGE][INFO] - Finding web element with id: 'Object Repository/Sekmeler/HataMesaji' located by 'By.xpath: /html/body' in '10' second(s)

2021-11-19 17:28:45 - [MESSAGE][INFO] - Smart Wait Function is triggered

2021-11-19 17:28:45 - [MESSAGE][INFO] - Found 1 web elements with id: 'Object Repository/Sekmeler/HataMesaji' located by 'By.xpath: /html/body' in '10' second(s)

2021-11-19 17:28:45 - [MESSAGE][PASSED] - Method.TextDegerineEsitElementVarMi is PASSED

2021-11-19 17:28:45 - [MESSAGE][PASSED] - Call Test Case 'Test Cases/Sekmeler/MesajGeldiMi' successfully

2021-11-19 17:28:45 - [MESSAGE][INFO] - Checking called Test Case

2021-11-19 17:28:45 - [MESSAGE][INFO] - Starting to call Test Case 'Test Cases/Sekmeler/LinkSecilir'

2021-11-19 17:28:45 - [TEST_CASE][PASSED] - Test Cases/Sekmeler/LinkSecilir: Test Cases/Sekmeler/LinkSecilir

2021-11-19 17:28:45 - [TEST_STEP][PASSED] - navigateToUrl(Link, STOP_ON_FAILURE): Navigate to 'https://efatura-stage.elogo.com.tr/Despatch/DespatchAdvice?Param=0-2' successfully

2021-11-19 17:28:45 - [MESSAGE][INFO] - Checking url

2021-11-19 17:28:45 - [MESSAGE][INFO] - Navigating to 'https://efatura-stage.elogo.com.tr/Despatch/DespatchAdvice?Param=0-2'

2021-11-19 17:28:46 - [MESSAGE][PASSED] - Navigate to 'https://efatura-stage.elogo.com.tr/Despatch/DespatchAdvice?Param=0-2' successfully

2021-11-19 17:28:46 - [TEST_STEP][PASSED] - delay(2): Delayed 2 second(s)

2021-11-19 17:28:46 - [MESSAGE][INFO] - Delaying browser in 2 second(s)

2021-11-19 17:28:48 - [MESSAGE][PASSED] - Delayed 2 second(s)

2021-11-19 17:28:48 - [MESSAGE][PASSED] - Call Test Case 'Test Cases/Sekmeler/LinkSecilir' successfully

2021-11-19 17:28:48 - [MESSAGE][INFO] - Checking called Test Case

2021-11-19 17:28:48 - [MESSAGE][INFO] - Starting to call Test Case 'Test Cases/Kullanici_Islemleri/KullaniciIslemlerindenSecimYapilir'

2021-11-19 17:28:48 - [TEST_CASE][PASSED] - Test Cases/Kullanici_Islemleri/KullaniciIslemlerindenSecimYapilir: Test Cases/Kullanici_Islemleri/KullaniciIslemlerindenSecimYapilir

2021-11-19 17:28:48 - [TEST_STEP][PASSED] - waitForElementClickable(findTestObject("Object Repository/Kullanici_Islemleri/KullaniciIslemleri"), 10): Object 'Object Repository/Kullanici_Islemleri/KullaniciIslemleri' is clickable

2021-11-19 17:28:48 - [MESSAGE][INFO] - Finding Test Object 'Object Repository/Kullanici_Islemleri/KullaniciIslemleri'

2021-11-19 17:28:48 - [MESSAGE][INFO] - Checking object

2021-11-19 17:28:48 - [MESSAGE][INFO] - Checking timeout

2021-11-19 17:28:48 - [MESSAGE][INFO] - Finding web element from Test Object's properties

2021-11-19 17:28:48 - [MESSAGE][INFO] - Checking timeout

2021-11-19 17:28:48 - [MESSAGE][INFO] - Finding web element with id: 'Object Repository/Kullanici_Islemleri/KullaniciIslemleri' located by 'By.cssSelector: .dropdown>a>img' in '10' second(s)

2021-11-19 17:28:48 - [MESSAGE][INFO] - Smart Wait Function is triggered

2021-11-19 17:28:48 - [MESSAGE][INFO] - Found 1 web elements with id: 'Object Repository/Kullanici_Islemleri/KullaniciIslemleri' located by 'By.cssSelector: .dropdown>a>img' in '10' second(s)

2021-11-19 17:28:48 - [MESSAGE][PASSED] - Object 'Object Repository/Kullanici_Islemleri/KullaniciIslemleri' is clickable

2021-11-19 17:28:48 - [TEST_STEP][PASSED] - click(findTestObject("Object Repository/Kullanici_Islemleri/KullaniciIslemleri")): Object: 'Object Repository/Kullanici_Islemleri/KullaniciIslemleri' is clicked on

2021-11-19 17:28:48 - [MESSAGE][INFO] - Finding Test Object 'Object Repository/Kullanici_Islemleri/KullaniciIslemleri'

2021-11-19 17:28:48 - [MESSAGE][INFO] - Checking object

2021-11-19 17:28:48 - [MESSAGE][INFO] - Finding web element from Test Object's properties

2021-11-19 17:28:48 - [MESSAGE][INFO] - Checking timeout

2021-11-19 17:28:48 - [MESSAGE][INFO] - Finding web element with id: 'Object Repository/Kullanici_Islemleri/KullaniciIslemleri' located by 'By.cssSelector: .dropdown>a>img' in '30' second(s)

2021-11-19 17:28:48 - [MESSAGE][INFO] - Smart Wait Function is triggered

2021-11-19 17:28:49 - [MESSAGE][INFO] - Found 1 web elements with id: 'Object Repository/Kullanici_Islemleri/KullaniciIslemleri' located by 'By.cssSelector: .dropdown>a>img' in '30' second(s)

2021-11-19 17:28:49 - [MESSAGE][INFO] - Clicking on object: 'Object Repository/Kullanici_Islemleri/KullaniciIslemleri'

2021-11-19 17:28:49 - [MESSAGE][PASSED] - Object: 'Object Repository/Kullanici_Islemleri/KullaniciIslemleri' is clicked on

2021-11-19 17:28:49 - [TEST_STEP][PASSED] - Method.TextDegerineEsitElementeTikla(findTestObject("Object Repository/Kullanici_Islemleri/Secenekler"), Islem): Method.TextDegerineEsitElementeTikla is PASSED

2021-11-19 17:28:49 - [MESSAGE][INFO] - Finding Test Object 'Object Repository/Kullanici_Islemleri/Secenekler'

2021-11-19 17:28:49 - [MESSAGE][INFO] - Checking timeout

2021-11-19 17:28:49 - [MESSAGE][INFO] - Finding web element with id: 'Object Repository/Kullanici_Islemleri/Secenekler' located by 'By.cssSelector: .nav.navbar-nav.navbar-right li a' in '10' second(s)

2021-11-19 17:28:49 - [MESSAGE][INFO] - Smart Wait Function is triggered

2021-11-19 17:28:49 - [MESSAGE][INFO] - Found 22 web elements with id: 'Object Repository/Kullanici_Islemleri/Secenekler' located by 'By.cssSelector: .nav.navbar-nav.navbar-right li a' in '10' second(s)

2021-11-19 17:28:51 - [MESSAGE][PASSED] - Method.TextDegerineEsitElementeTikla is PASSED

2021-11-19 17:28:51 - [TEST_STEP][PASSED] - verifyElementNotPresent(findTestObject("Object Repository/Kullanici_Islemleri/Secenekler"), 10): Web element with id: 'Object Repository/Kullanici_Islemleri/Secenekler' located by 'By.cssSelector: .nav.navbar-nav.navbar-right li a' is not present after '10' second(s)

2021-11-19 17:28:51 - [MESSAGE][INFO] - Finding Test Object 'Object Repository/Kullanici_Islemleri/Secenekler'

2021-11-19 17:28:51 - [MESSAGE][INFO] - Checking object

2021-11-19 17:28:51 - [MESSAGE][INFO] - Checking timeout

2021-11-19 17:28:51 - [MESSAGE][INFO] - Finding web element with id: 'Object Repository/Kullanici_Islemleri/Secenekler' located by 'By.cssSelector: .nav.navbar-nav.navbar-right li a' in '10' second(s)

2021-11-19 17:28:51 - [MESSAGE][INFO] - Smart Wait Function is triggered

2021-11-19 17:28:51 - [MESSAGE][PASSED] - Web element with id: 'Object Repository/Kullanici_Islemleri/Secenekler' located by 'By.cssSelector: .nav.navbar-nav.navbar-right li a' is not present after '10' second(s)

2021-11-19 17:28:51 - [MESSAGE][PASSED] - Call Test Case 'Test Cases/Kullanici_Islemleri/KullaniciIslemlerindenSecimYapilir' successfully

2021-11-19 17:28:51 - [TEST_CASE][PASSED] - Start Test Case : SCENARIO Zarflar Erisim Kontrol: SCENARIO Zarflar Erisim Kontrol

2021-11-19 17:28:51 - [TEST_STEP][PASSED] - Kullanıcı adı ELOGO6 ve Şifre 123456 olarak giriş yapılır: Kullanıcı adı ELOGO6 ve Şifre 123456 olarak giriş yapılır

2021-11-19 17:28:51 - [MESSAGE][PASSED] - Kullanıcı adı ELOGO6 ve Şifre 123456 olarak giriş yapılır

2021-11-19 17:28:51 - [TEST_STEP][PASSED] - https://efatura-stage.elogo.com.tr/Envelope/OutgoingEnvelopeDisplayUbl?id=116183191 isimli linke gidilir: https://efatura-stage.elogo.com.tr/Envelope/OutgoingEnvelopeDisplayUbl?id=116183191 isimli linke gidilir

2021-11-19 17:28:51 - [MESSAGE][PASSED] - https://efatura-stage.elogo.com.tr/Envelope/OutgoingEnvelopeDisplayUbl?id=116183191 isimli linke gidilir

2021-11-19 17:28:51 - [TEST_STEP][PASSED] - StandardBusinessDocument tagli ubl geldi mi: StandardBusinessDocument tagli ubl geldi mi

2021-11-19 17:28:51 - [MESSAGE][PASSED] - StandardBusinessDocument tagli ubl geldi mi

2021-11-19 17:28:51 - [TEST_STEP][PASSED] - https://efatura-stage.elogo.com.tr/Envelope/OutgoingEnvelopeDisplayUbl?id=116176233 isimli linke gidilir: https://efatura-stage.elogo.com.tr/Envelope/OutgoingEnvelopeDisplayUbl?id=116176233 isimli linke gidilir

2021-11-19 17:28:51 - [MESSAGE][PASSED] - https://efatura-stage.elogo.com.tr/Envelope/OutgoingEnvelopeDisplayUbl?id=116176233 isimli linke gidilir

2021-11-19 17:28:51 - [TEST_STEP][PASSED] - Gerekli hata mesaji Faturanız, fatura içerisindeki görünüm dosyası ile görüntülenememiştir. Faturanızı Varsayılan İle Göster butonu ile görüntülemeyi deneyebilirsiniz.: 116176233 geldi mi: Gerekli hata mesaji Faturanız, fatura içerisindeki görünüm dosyası ile görüntülenememiştir. Faturanızı Varsayılan İle Göster butonu ile görüntülemeyi deneyebilirsiniz.: 116176233 geldi mi

2021-11-19 17:28:51 - [MESSAGE][PASSED] - Gerekli hata mesaji Faturanız, fatura içerisindeki görünüm dosyası ile görüntülenememiştir. Faturanızı Varsayılan İle Göster butonu ile görüntülemeyi deneyebilirsiniz.: 116176233 geldi mi

2021-11-19 17:28:51 - [TEST_STEP][PASSED] - https://efatura-stage.elogo.com.tr/Envelope/OutgoingEnvelopeDisplayUbl?id=116182583 isimli linke gidilir: https://efatura-stage.elogo.com.tr/Envelope/OutgoingEnvelopeDisplayUbl?id=116182583 isimli linke gidilir

2021-11-19 17:28:51 - [MESSAGE][PASSED] - https://efatura-stage.elogo.com.tr/Envelope/OutgoingEnvelopeDisplayUbl?id=116182583 isimli linke gidilir

2021-11-19 17:28:51 - [TEST_STEP][PASSED] - StandardBusinessDocument tagli ubl geldi mi: StandardBusinessDocument tagli ubl geldi mi

2021-11-19 17:28:51 - [MESSAGE][PASSED] - StandardBusinessDocument tagli ubl geldi mi

2021-11-19 17:28:51 - [TEST_STEP][PASSED] - https://efatura-stage.elogo.com.tr/Envelope/OutgoingEnvelopeDisplayUbl?id=116142419 isimli linke gidilir: https://efatura-stage.elogo.com.tr/Envelope/OutgoingEnvelopeDisplayUbl?id=116142419 isimli linke gidilir

2021-11-19 17:28:51 - [MESSAGE][PASSED] - https://efatura-stage.elogo.com.tr/Envelope/OutgoingEnvelopeDisplayUbl?id=116142419 isimli linke gidilir

2021-11-19 17:28:51 - [TEST_STEP][PASSED] - Gerekli hata mesaji Faturanız, fatura içerisindeki görünüm dosyası ile görüntülenememiştir. Faturanızı Varsayılan İle Göster butonu ile görüntülemeyi deneyebilirsiniz.: 116142419 geldi mi: Gerekli hata mesaji Faturanız, fatura içerisindeki görünüm dosyası ile görüntülenememiştir. Faturanızı Varsayılan İle Göster butonu ile görüntülemeyi deneyebilirsiniz.: 116142419 geldi mi

2021-11-19 17:28:51 - [MESSAGE][PASSED] - Gerekli hata mesaji Faturanız, fatura içerisindeki görünüm dosyası ile görüntülenememiştir. Faturanızı Varsayılan İle Göster butonu ile görüntülemeyi deneyebilirsiniz.: 116142419 geldi mi

2021-11-19 17:28:51 - [TEST_STEP][PASSED] - https://efatura-stage.elogo.com.tr/Envelope/OutgoingEnvelopeDisplayUbl?id=116183131 isimli linke gidilir: https://efatura-stage.elogo.com.tr/Envelope/OutgoingEnvelopeDisplayUbl?id=116183131 isimli linke gidilir

2021-11-19 17:28:51 - [MESSAGE][PASSED] - https://efatura-stage.elogo.com.tr/Envelope/OutgoingEnvelopeDisplayUbl?id=116183131 isimli linke gidilir

2021-11-19 17:28:51 - [TEST_STEP][PASSED] - StandardBusinessDocument tagli ubl geldi mi: StandardBusinessDocument tagli ubl geldi mi

2021-11-19 17:28:51 - [MESSAGE][PASSED] - StandardBusinessDocument tagli ubl geldi mi

2021-11-19 17:28:51 - [TEST_STEP][PASSED] - https://efatura-stage.elogo.com.tr/Envelope/OutgoingEnvelopeDisplayUbl?id=116175588 isimli linke gidilir: https://efatura-stage.elogo.com.tr/Envelope/OutgoingEnvelopeDisplayUbl?id=116175588 isimli linke gidilir

2021-11-19 17:28:51 - [MESSAGE][PASSED] - https://efatura-stage.elogo.com.tr/Envelope/OutgoingEnvelopeDisplayUbl?id=116175588 isimli linke gidilir

2021-11-19 17:28:51 - [TEST_STEP][PASSED] - Gerekli hata mesaji Faturanız, fatura içerisindeki görünüm dosyası ile görüntülenememiştir. Faturanızı Varsayılan İle Göster butonu ile görüntülemeyi deneyebilirsiniz.: 116175588 geldi mi: Gerekli hata mesaji Faturanız, fatura içerisindeki görünüm dosyası ile görüntülenememiştir. Faturanızı Varsayılan İle Göster butonu ile görüntülemeyi deneyebilirsiniz.: 116175588 geldi mi

2021-11-19 17:28:51 - [MESSAGE][PASSED] - Gerekli hata mesaji Faturanız, fatura içerisindeki görünüm dosyası ile görüntülenememiştir. Faturanızı Varsayılan İle Göster butonu ile görüntülemeyi deneyebilirsiniz.: 116175588 geldi mi

2021-11-19 17:28:51 - [TEST_STEP][PASSED] - https://efatura-stage.elogo.com.tr/Envelope/OutgoingEnvelopeDisplayUbl?id=116182204 isimli linke gidilir: https://efatura-stage.elogo.com.tr/Envelope/OutgoingEnvelopeDisplayUbl?id=116182204 isimli linke gidilir

2021-11-19 17:28:51 - [MESSAGE][PASSED] - https://efatura-stage.elogo.com.tr/Envelope/OutgoingEnvelopeDisplayUbl?id=116182204 isimli linke gidilir

2021-11-19 17:28:51 - [TEST_STEP][PASSED] - StandardBusinessDocument tagli ubl geldi mi: StandardBusinessDocument tagli ubl geldi mi

2021-11-19 17:28:51 - [MESSAGE][PASSED] - StandardBusinessDocument tagli ubl geldi mi

2021-11-19 17:28:51 - [TEST_STEP][PASSED] - https://efatura-stage.elogo.com.tr/Envelope/OutgoingEnvelopeDisplayUbl?id=116112585 isimli linke gidilir: https://efatura-stage.elogo.com.tr/Envelope/OutgoingEnvelopeDisplayUbl?id=116112585 isimli linke gidilir

2021-11-19 17:28:51 - [MESSAGE][PASSED] - https://efatura-stage.elogo.com.tr/Envelope/OutgoingEnvelopeDisplayUbl?id=116112585 isimli linke gidilir

2021-11-19 17:28:51 - [TEST_STEP][PASSED] - Gerekli hata mesaji Faturanız, fatura içerisindeki görünüm dosyası ile görüntülenememiştir. Faturanızı Varsayılan İle Göster butonu ile görüntülemeyi deneyebilirsiniz.: 116112585 geldi mi: Gerekli hata mesaji Faturanız, fatura içerisindeki görünüm dosyası ile görüntülenememiştir. Faturanızı Varsayılan İle Göster butonu ile görüntülemeyi deneyebilirsiniz.: 116112585 geldi mi

2021-11-19 17:28:51 - [MESSAGE][PASSED] - Gerekli hata mesaji Faturanız, fatura içerisindeki görünüm dosyası ile görüntülenememiştir. Faturanızı Varsayılan İle Göster butonu ile görüntülemeyi deneyebilirsiniz.: 116112585 geldi mi

2021-11-19 17:28:51 - [TEST_STEP][PASSED] - https://efatura-stage.elogo.com.tr/Envelope/OutgoingEnvelopeDisplayUbl?id=116114821 isimli linke gidilir: https://efatura-stage.elogo.com.tr/Envelope/OutgoingEnvelopeDisplayUbl?id=116114821 isimli linke gidilir

2021-11-19 17:28:51 - [MESSAGE][PASSED] - https://efatura-stage.elogo.com.tr/Envelope/OutgoingEnvelopeDisplayUbl?id=116114821 isimli linke gidilir

2021-11-19 17:28:51 - [TEST_STEP][PASSED] - StandardBusinessDocument tagli ubl geldi mi: StandardBusinessDocument tagli ubl geldi mi

2021-11-19 17:28:51 - [MESSAGE][PASSED] - StandardBusinessDocument tagli ubl geldi mi

2021-11-19 17:28:51 - [TEST_STEP][PASSED] - https://efatura-stage.elogo.com.tr/Envelope/OutgoingEnvelopeDisplayUbl?id=115951196 isimli linke gidilir: https://efatura-stage.elogo.com.tr/Envelope/OutgoingEnvelopeDisplayUbl?id=115951196 isimli linke gidilir

2021-11-19 17:28:51 - [MESSAGE][PASSED] - https://efatura-stage.elogo.com.tr/Envelope/OutgoingEnvelopeDisplayUbl?id=115951196 isimli linke gidilir

2021-11-19 17:28:51 - [TEST_STEP][PASSED] - Gerekli hata mesaji Faturanız, fatura içerisindeki görünüm dosyası ile görüntülenememiştir. Faturanızı Varsayılan İle Göster butonu ile görüntülemeyi deneyebilirsiniz.: 115951196 geldi mi: Gerekli hata mesaji Faturanız, fatura içerisindeki görünüm dosyası ile görüntülenememiştir. Faturanızı Varsayılan İle Göster butonu ile görüntülemeyi deneyebilirsiniz.: 115951196 geldi mi

2021-11-19 17:28:51 - [MESSAGE][PASSED] - Gerekli hata mesaji Faturanız, fatura içerisindeki görünüm dosyası ile görüntülenememiştir. Faturanızı Varsayılan İle Göster butonu ile görüntülemeyi deneyebilirsiniz.: 115951196 geldi mi

2021-11-19 17:28:51 - [TEST_STEP][PASSED] - https://efatura-stage.elogo.com.tr/Envelope/IncomingEnvelopeDisplayUbl?id=116183207 isimli linke gidilir: https://efatura-stage.elogo.com.tr/Envelope/IncomingEnvelopeDisplayUbl?id=116183207 isimli linke gidilir

2021-11-19 17:28:51 - [MESSAGE][PASSED] - https://efatura-stage.elogo.com.tr/Envelope/IncomingEnvelopeDisplayUbl?id=116183207 isimli linke gidilir

2021-11-19 17:28:51 - [TEST_STEP][PASSED] - StandardBusinessDocument tagli ubl geldi mi: StandardBusinessDocument tagli ubl geldi mi

2021-11-19 17:28:51 - [MESSAGE][PASSED] - StandardBusinessDocument tagli ubl geldi mi

2021-11-19 17:28:51 - [TEST_STEP][PASSED] - https://efatura-stage.elogo.com.tr/Envelope/IncomingEnvelopeDisplayUbl?id=115951195 isimli linke gidilir: https://efatura-stage.elogo.com.tr/Envelope/IncomingEnvelopeDisplayUbl?id=115951195 isimli linke gidilir

2021-11-19 17:28:51 - [MESSAGE][PASSED] - https://efatura-stage.elogo.com.tr/Envelope/IncomingEnvelopeDisplayUbl?id=115951195 isimli linke gidilir

2021-11-19 17:28:51 - [TEST_STEP][PASSED] - Gerekli hata mesaji Faturanız, fatura içerisindeki görünüm dosyası ile görüntülenememiştir. Faturanızı Varsayılan İle Göster butonu ile görüntülemeyi deneyebilirsiniz.: 115951195 geldi mi: Gerekli hata mesaji Faturanız, fatura içerisindeki görünüm dosyası ile görüntülenememiştir. Faturanızı Varsayılan İle Göster butonu ile görüntülemeyi deneyebilirsiniz.: 115951195 geldi mi

2021-11-19 17:28:51 - [MESSAGE][PASSED] - Gerekli hata mesaji Faturanız, fatura içerisindeki görünüm dosyası ile görüntülenememiştir. Faturanızı Varsayılan İle Göster butonu ile görüntülemeyi deneyebilirsiniz.: 115951195 geldi mi

2021-11-19 17:28:51 - [TEST_STEP][PASSED] - https://efatura-stage.elogo.com.tr/Envelope/IncomingEnvelopeDisplayUbl?id=116183159 isimli linke gidilir: https://efatura-stage.elogo.com.tr/Envelope/IncomingEnvelopeDisplayUbl?id=116183159 isimli linke gidilir

2021-11-19 17:28:51 - [MESSAGE][PASSED] - https://efatura-stage.elogo.com.tr/Envelope/IncomingEnvelopeDisplayUbl?id=116183159 isimli linke gidilir

2021-11-19 17:28:51 - [TEST_STEP][PASSED] - StandardBusinessDocument tagli ubl geldi mi: StandardBusinessDocument tagli ubl geldi mi

2021-11-19 17:28:51 - [MESSAGE][PASSED] - StandardBusinessDocument tagli ubl geldi mi

2021-11-19 17:28:51 - [TEST_STEP][PASSED] - https://efatura-stage.elogo.com.tr/Envelope/IncomingEnvelopeDisplayUbl?id=115949239 isimli linke gidilir: https://efatura-stage.elogo.com.tr/Envelope/IncomingEnvelopeDisplayUbl?id=115949239 isimli linke gidilir

2021-11-19 17:28:51 - [MESSAGE][PASSED] - https://efatura-stage.elogo.com.tr/Envelope/IncomingEnvelopeDisplayUbl?id=115949239 isimli linke gidilir

2021-11-19 17:28:51 - [TEST_STEP][PASSED] - Gerekli hata mesaji Faturanız, fatura içerisindeki görünüm dosyası ile görüntülenememiştir. Faturanızı Varsayılan İle Göster butonu ile görüntülemeyi deneyebilirsiniz.: 115949239 geldi mi: Gerekli hata mesaji Faturanız, fatura içerisindeki görünüm dosyası ile görüntülenememiştir. Faturanızı Varsayılan İle Göster butonu ile görüntülemeyi deneyebilirsiniz.: 115949239 geldi mi

2021-11-19 17:28:51 - [MESSAGE][PASSED] - Gerekli hata mesaji Faturanız, fatura içerisindeki görünüm dosyası ile görüntülenememiştir. Faturanızı Varsayılan İle Göster butonu ile görüntülemeyi deneyebilirsiniz.: 115949239 geldi mi

2021-11-19 17:28:51 - [TEST_STEP][PASSED] - https://efatura-stage.elogo.com.tr/Envelope/IncomingEnvelopeDisplayUbl?id=116183260 isimli linke gidilir: https://efatura-stage.elogo.com.tr/Envelope/IncomingEnvelopeDisplayUbl?id=116183260 isimli linke gidilir

2021-11-19 17:28:51 - [MESSAGE][PASSED] - https://efatura-stage.elogo.com.tr/Envelope/IncomingEnvelopeDisplayUbl?id=116183260 isimli linke gidilir

2021-11-19 17:28:51 - [TEST_STEP][PASSED] - StandardBusinessDocument tagli ubl geldi mi: StandardBusinessDocument tagli ubl geldi mi

2021-11-19 17:28:51 - [MESSAGE][PASSED] - StandardBusinessDocument tagli ubl geldi mi

2021-11-19 17:28:51 - [TEST_STEP][PASSED] - https://efatura-stage.elogo.com.tr/Envelope/IncomingEnvelopeDisplayUbl?id=116156311 isimli linke gidilir: https://efatura-stage.elogo.com.tr/Envelope/IncomingEnvelopeDisplayUbl?id=116156311 isimli linke gidilir

2021-11-19 17:28:51 - [MESSAGE][PASSED] - https://efatura-stage.elogo.com.tr/Envelope/IncomingEnvelopeDisplayUbl?id=116156311 isimli linke gidilir

2021-11-19 17:28:51 - [TEST_STEP][PASSED] - Gerekli hata mesaji Faturanız, fatura içerisindeki görünüm dosyası ile görüntülenememiştir. Faturanızı Varsayılan İle Göster butonu ile görüntülemeyi deneyebilirsiniz.: 116156311 geldi mi: Gerekli hata mesaji Faturanız, fatura içerisindeki görünüm dosyası ile görüntülenememiştir. Faturanızı Varsayılan İle Göster butonu ile görüntülemeyi deneyebilirsiniz.: 116156311 geldi mi

2021-11-19 17:28:51 - [MESSAGE][PASSED] - Gerekli hata mesaji Faturanız, fatura içerisindeki görünüm dosyası ile görüntülenememiştir. Faturanızı Varsayılan İle Göster butonu ile görüntülemeyi deneyebilirsiniz.: 116156311 geldi mi

2021-11-19 17:28:51 - [TEST_STEP][PASSED] - https://efatura-stage.elogo.com.tr/Invoice/PostboxIncomingInvoice?Option=0&CreationStartDate=18.10.2021&EnvelopeId=aec43a95-f33f-4c56-b669-b56abcdcc7f6 isimli linke gidilir: https://efatura-stage.elogo.com.tr/Invoice/PostboxIncomingInvoice?Option=0&CreationStartDate=18.10.2021&EnvelopeId=aec43a95-f33f-4c56-b669-b56abcdcc7f6 isimli linke gidilir

2021-11-19 17:28:51 - [MESSAGE][PASSED] - https://efatura-stage.elogo.com.tr/Invoice/PostboxIncomingInvoice?Option=0&CreationStartDate=18.10.2021&EnvelopeId=aec43a95-f33f-4c56-b669-b56abcdcc7f6 isimli linke gidilir

2021-11-19 17:28:51 - [TEST_STEP][PASSED] - Tabloda veri var mı kontrol edilir: Tabloda veri var mı kontrol edilir

2021-11-19 17:28:51 - [MESSAGE][PASSED] - Tabloda veri var mı kontrol edilir

2021-11-19 17:28:51 - [TEST_STEP][PASSED] - https://efatura-stage.elogo.com.tr/Invoice/PostboxIncomingInvoice?Option=0&CreationStartDate=17.06.2021&EnvelopeId=7ddc3134-418e-4eb3-a359-40a137535db4 isimli linke gidilir: https://efatura-stage.elogo.com.tr/Invoice/PostboxIncomingInvoice?Option=0&CreationStartDate=17.06.2021&EnvelopeId=7ddc3134-418e-4eb3-a359-40a137535db4 isimli linke gidilir

2021-11-19 17:28:51 - [MESSAGE][PASSED] - https://efatura-stage.elogo.com.tr/Invoice/PostboxIncomingInvoice?Option=0&CreationStartDate=17.06.2021&EnvelopeId=7ddc3134-418e-4eb3-a359-40a137535db4 isimli linke gidilir

2021-11-19 17:28:51 - [TEST_STEP][PASSED] - Tabloda veri yok mu kontrol edilir: Tabloda veri yok mu kontrol edilir

2021-11-19 17:28:51 - [MESSAGE][PASSED] - Tabloda veri yok mu kontrol edilir

2021-11-19 17:28:51 - [TEST_STEP][PASSED] - https://efatura-stage.elogo.com.tr/Despatch/DespatchAdviceIncoming?EnvelopeId=c9749719-f7d1-4076-b93f-add82ef38ab8&CreationStartDate=17.10.2021 isimli linke gidilir: https://efatura-stage.elogo.com.tr/Despatch/DespatchAdviceIncoming?EnvelopeId=c9749719-f7d1-4076-b93f-add82ef38ab8&CreationStartDate=17.10.2021 isimli linke gidilir

2021-11-19 17:28:51 - [MESSAGE][PASSED] - https://efatura-stage.elogo.com.tr/Despatch/DespatchAdviceIncoming?EnvelopeId=c9749719-f7d1-4076-b93f-add82ef38ab8&CreationStartDate=17.10.2021 isimli linke gidilir

2021-11-19 17:28:51 - [TEST_STEP][PASSED] - Tabloda veri var mı kontrol edilir: Tabloda veri var mı kontrol edilir

2021-11-19 17:28:51 - [MESSAGE][PASSED] - Tabloda veri var mı kontrol edilir

2021-11-19 17:28:51 - [TEST_STEP][PASSED] - https://efatura-stage.elogo.com.tr/Despatch/DespatchAdviceIncoming?EnvelopeId=64dd8fe9-81ee-468d-be84-7efb5c0d99c5&CreationStartDate=03.03.2020 isimli linke gidilir: https://efatura-stage.elogo.com.tr/Despatch/DespatchAdviceIncoming?EnvelopeId=64dd8fe9-81ee-468d-be84-7efb5c0d99c5&CreationStartDate=03.03.2020 isimli linke gidilir

2021-11-19 17:28:51 - [MESSAGE][PASSED] - https://efatura-stage.elogo.com.tr/Despatch/DespatchAdviceIncoming?EnvelopeId=64dd8fe9-81ee-468d-be84-7efb5c0d99c5&CreationStartDate=03.03.2020 isimli linke gidilir

2021-11-19 17:28:51 - [TEST_STEP][PASSED] - Tabloda veri yok mu kontrol edilir: Tabloda veri yok mu kontrol edilir

2021-11-19 17:28:51 - [MESSAGE][PASSED] - Tabloda veri yok mu kontrol edilir

2021-11-19 17:28:51 - [TEST_STEP][PASSED] - https://efatura-stage.elogo.com.tr/Invoice/PostboxOutgoingInvoice?Option=0&CreationStartDate=20.10.2021&EnvelopeId=454b51cc-b702-4ea4-99b8-49dc571ad498 isimli linke gidilir: https://efatura-stage.elogo.com.tr/Invoice/PostboxOutgoingInvoice?Option=0&CreationStartDate=20.10.2021&EnvelopeId=454b51cc-b702-4ea4-99b8-49dc571ad498 isimli linke gidilir

2021-11-19 17:28:51 - [MESSAGE][PASSED] - https://efatura-stage.elogo.com.tr/Invoice/PostboxOutgoingInvoice?Option=0&CreationStartDate=20.10.2021&EnvelopeId=454b51cc-b702-4ea4-99b8-49dc571ad498 isimli linke gidilir

2021-11-19 17:28:51 - [TEST_STEP][PASSED] - Tabloda veri var mı kontrol edilir: Tabloda veri var mı kontrol edilir

2021-11-19 17:28:51 - [MESSAGE][PASSED] - Tabloda veri var mı kontrol edilir

2021-11-19 17:28:51 - [TEST_STEP][PASSED] - https://efatura-stage.elogo.com.tr/Invoice/PostboxOutgoingInvoice?Option=0&CreationStartDate=09.08.2021&EnvelopeId=95db7a24-70f9-444b-9131-117885ec655f isimli linke gidilir: https://efatura-stage.elogo.com.tr/Invoice/PostboxOutgoingInvoice?Option=0&CreationStartDate=09.08.2021&EnvelopeId=95db7a24-70f9-444b-9131-117885ec655f isimli linke gidilir

2021-11-19 17:28:51 - [MESSAGE][PASSED] - https://efatura-stage.elogo.com.tr/Invoice/PostboxOutgoingInvoice?Option=0&CreationStartDate=09.08.2021&EnvelopeId=95db7a24-70f9-444b-9131-117885ec655f isimli linke gidilir

2021-11-19 17:28:51 - [TEST_STEP][PASSED] - Tabloda veri yok mu kontrol edilir: Tabloda veri yok mu kontrol edilir

2021-11-19 17:28:51 - [MESSAGE][PASSED] - Tabloda veri yok mu kontrol edilir

2021-11-19 17:28:51 - [TEST_STEP][PASSED] - https://efatura-stage.elogo.com.tr/ApplicationResponses/PostboxOutgoingApplicationResponses?Option=0&CreationStartDate=%2014.10.2021&EnvelopeUuid=3d5c7ca8-de46-445f-a3c3-976c3c25dafd isimli linke gidilir: https://efatura-stage.elogo.com.tr/ApplicationResponses/PostboxOutgoingApplicationResponses?Option=0&CreationStartDate=%2014.10.2021&EnvelopeUuid=3d5c7ca8-de46-445f-a3c3-976c3c25dafd isimli linke gidilir

2021-11-19 17:28:51 - [MESSAGE][PASSED] - https://efatura-stage.elogo.com.tr/ApplicationResponses/PostboxOutgoingApplicationResponses?Option=0&CreationStartDate=%2014.10.2021&EnvelopeUuid=3d5c7ca8-de46-445f-a3c3-976c3c25dafd isimli linke gidilir

2021-11-19 17:28:51 - [TEST_STEP][PASSED] - Tabloda veri var mı kontrol edilir: Tabloda veri var mı kontrol edilir

2021-11-19 17:28:51 - [MESSAGE][PASSED] - Tabloda veri var mı kontrol edilir

2021-11-19 17:28:51 - [TEST_STEP][PASSED] - https://efatura-stage.elogo.com.tr/ApplicationResponses/PostboxOutgoingApplicationResponses?Option=0&CreationStartDate=%2024.05.2021&EnvelopeUuid=1e640671-a0e9-4ec1-b19a-ae4b2feaab93 isimli linke gidilir: https://efatura-stage.elogo.com.tr/ApplicationResponses/PostboxOutgoingApplicationResponses?Option=0&CreationStartDate=%2024.05.2021&EnvelopeUuid=1e640671-a0e9-4ec1-b19a-ae4b2feaab93 isimli linke gidilir

2021-11-19 17:28:51 - [MESSAGE][PASSED] - https://efatura-stage.elogo.com.tr/ApplicationResponses/PostboxOutgoingApplicationResponses?Option=0&CreationStartDate=%2024.05.2021&EnvelopeUuid=1e640671-a0e9-4ec1-b19a-ae4b2feaab93 isimli linke gidilir

2021-11-19 17:28:51 - [TEST_STEP][PASSED] - Tabloda veri yok mu kontrol edilir: Tabloda veri yok mu kontrol edilir

2021-11-19 17:28:51 - [MESSAGE][PASSED] - Tabloda veri yok mu kontrol edilir

2021-11-19 17:28:51 - [TEST_STEP][PASSED] - https://efatura-stage.elogo.com.tr/Despatch/DespatchAdviceOutgoing?EnvelopeId=58bb7fc3-6a16-4626-bd0f-ea848df231e1&CreationStartDate=19.10.2021 isimli linke gidilir: https://efatura-stage.elogo.com.tr/Despatch/DespatchAdviceOutgoing?EnvelopeId=58bb7fc3-6a16-4626-bd0f-ea848df231e1&CreationStartDate=19.10.2021 isimli linke gidilir

2021-11-19 17:28:51 - [MESSAGE][PASSED] - https://efatura-stage.elogo.com.tr/Despatch/DespatchAdviceOutgoing?EnvelopeId=58bb7fc3-6a16-4626-bd0f-ea848df231e1&CreationStartDate=19.10.2021 isimli linke gidilir

2021-11-19 17:28:51 - [TEST_STEP][PASSED] - Tabloda veri var mı kontrol edilir: Tabloda veri var mı kontrol edilir

2021-11-19 17:28:51 - [MESSAGE][PASSED] - Tabloda veri var mı kontrol edilir

2021-11-19 17:28:51 - [TEST_STEP][PASSED] - https://efatura-stage.elogo.com.tr/Despatch/DespatchAdviceOutgoing?EnvelopeId=b1710935-338d-40fb-a67f-59d2728f56b0&CreationStartDate=06.10.2021 isimli linke gidilir: https://efatura-stage.elogo.com.tr/Despatch/DespatchAdviceOutgoing?EnvelopeId=b1710935-338d-40fb-a67f-59d2728f56b0&CreationStartDate=06.10.2021 isimli linke gidilir

2021-11-19 17:28:51 - [MESSAGE][PASSED] - https://efatura-stage.elogo.com.tr/Despatch/DespatchAdviceOutgoing?EnvelopeId=b1710935-338d-40fb-a67f-59d2728f56b0&CreationStartDate=06.10.2021 isimli linke gidilir

2021-11-19 17:28:51 - [TEST_STEP][PASSED] - Tabloda veri yok mu kontrol edilir: Tabloda veri yok mu kontrol edilir

2021-11-19 17:28:51 - [MESSAGE][PASSED] - Tabloda veri yok mu kontrol edilir

2021-11-19 17:28:51 - [TEST_STEP][PASSED] - https://efatura-stage.elogo.com.tr/Despatch/ReceiptAdviceOutgoing?Option=0&CreationStartDate=14.10.2021&EnvelopeId=2aaadaee-6254-4520-97e3-92c0d540eb82 isimli linke gidilir: https://efatura-stage.elogo.com.tr/Despatch/ReceiptAdviceOutgoing?Option=0&CreationStartDate=14.10.2021&EnvelopeId=2aaadaee-6254-4520-97e3-92c0d540eb82 isimli linke gidilir

2021-11-19 17:28:51 - [MESSAGE][PASSED] - https://efatura-stage.elogo.com.tr/Despatch/ReceiptAdviceOutgoing?Option=0&CreationStartDate=14.10.2021&EnvelopeId=2aaadaee-6254-4520-97e3-92c0d540eb82 isimli linke gidilir

2021-11-19 17:28:51 - [TEST_STEP][PASSED] - Tabloda veri var mı kontrol edilir: Tabloda veri var mı kontrol edilir

2021-11-19 17:28:51 - [MESSAGE][PASSED] - Tabloda veri var mı kontrol edilir

2021-11-19 17:28:51 - [TEST_STEP][PASSED] - https://efatura-stage.elogo.com.tr/Despatch/ReceiptAdviceOutgoing?Option=0&CreationStartDate=03.12.2020&EnvelopeId=d1bd76b8-261f-4421-885c-1454271a4dd1 isimli linke gidilir: https://efatura-stage.elogo.com.tr/Despatch/ReceiptAdviceOutgoing?Option=0&CreationStartDate=03.12.2020&EnvelopeId=d1bd76b8-261f-4421-885c-1454271a4dd1 isimli linke gidilir

2021-11-19 17:28:51 - [MESSAGE][PASSED] - https://efatura-stage.elogo.com.tr/Despatch/ReceiptAdviceOutgoing?Option=0&CreationStartDate=03.12.2020&EnvelopeId=d1bd76b8-261f-4421-885c-1454271a4dd1 isimli linke gidilir

2021-11-19 17:28:51 - [TEST_STEP][PASSED] - Tabloda veri yok mu kontrol edilir: Tabloda veri yok mu kontrol edilir

2021-11-19 17:28:51 - [MESSAGE][PASSED] - Tabloda veri yok mu kontrol edilir

2021-11-19 17:28:51 - [TEST_STEP][PASSED] - https://efatura-stage.elogo.com.tr/Despatch/DespatchAdvice?Param=0-2 isimli linke gidilir: https://efatura-stage.elogo.com.tr/Despatch/DespatchAdvice?Param=0-2 isimli linke gidilir

2021-11-19 17:28:51 - [MESSAGE][PASSED] - https://efatura-stage.elogo.com.tr/Despatch/DespatchAdvice?Param=0-2 isimli linke gidilir

2021-11-19 17:28:51 - [TEST_STEP][PASSED] - Kullanıcı işlemlerinden Çıkış seçilir: Kullanıcı işlemlerinden Çıkış seçilir

2021-11-19 17:28:51 - [MESSAGE][PASSED] - Kullanıcı işlemlerinden Çıkış seçilir

2021-11-19 17:28:51 - [TEST_STEP][PASSED] - Kullanıcı adı ELOGOGIB ve Şifre 123456 olarak giriş yapılır: Kullanıcı adı ELOGOGIB ve Şifre 123456 olarak giriş yapılır

2021-11-19 17:28:51 - [MESSAGE][PASSED] - Kullanıcı adı ELOGOGIB ve Şifre 123456 olarak giriş yapılır

2021-11-19 17:28:51 - [TEST_STEP][PASSED] - https://efatura-stage.elogo.com.tr/Envelope/OutgoingEnvelopeDisplayUbl?id=116184130 isimli linke gidilir: https://efatura-stage.elogo.com.tr/Envelope/OutgoingEnvelopeDisplayUbl?id=116184130 isimli linke gidilir

2021-11-19 17:28:51 - [MESSAGE][PASSED] - https://efatura-stage.elogo.com.tr/Envelope/OutgoingEnvelopeDisplayUbl?id=116184130 isimli linke gidilir

2021-11-19 17:28:51 - [TEST_STEP][PASSED] - Gerekli hata mesaji Faturanız, fatura içerisindeki görünüm dosyası ile görüntülenememiştir. Faturanızı Varsayılan İle Göster butonu ile görüntülemeyi deneyebilirsiniz.: 116184130 geldi mi: Gerekli hata mesaji Faturanız, fatura içerisindeki görünüm dosyası ile görüntülenememiştir. Faturanızı Varsayılan İle Göster butonu ile görüntülemeyi deneyebilirsiniz.: 116184130 geldi mi

2021-11-19 17:28:51 - [MESSAGE][PASSED] - Gerekli hata mesaji Faturanız, fatura içerisindeki görünüm dosyası ile görüntülenememiştir. Faturanızı Varsayılan İle Göster butonu ile görüntülemeyi deneyebilirsiniz.: 116184130 geldi mi

2021-11-19 17:28:51 - [TEST_STEP][PASSED] - https://efatura-stage.elogo.com.tr/Despatch/DespatchAdvice?Param=0-2 isimli linke gidilir: https://efatura-stage.elogo.com.tr/Despatch/DespatchAdvice?Param=0-2 isimli linke gidilir

2021-11-19 17:28:51 - [MESSAGE][PASSED] - https://efatura-stage.elogo.com.tr/Despatch/DespatchAdvice?Param=0-2 isimli linke gidilir

2021-11-19 17:28:51 - [TEST_STEP][PASSED] - Kullanıcı işlemlerinden Çıkış seçilir: Kullanıcı işlemlerinden Çıkış seçilir

2021-11-19 17:28:51 - [MESSAGE][PASSED] - Kullanıcı işlemlerinden Çıkış seçilir

2021-11-19 17:28:51 - [MESSAGE][PASSED] - Feature file: 'Include/features/Zarflar/Erisim Kontrol.feature' was passed

2021-11-19 17:28:51 - [TEST_STEP][PASSED] - Start listener action : sampleAfterTestSuite: Invoke 'com.kms.katalon.core.annotation.AfterTestCase' method: 'Listener.sampleAfterTestSuite(...)' completed.

2021-11-19 17:28:51 - [MESSAGE][INFO] - Starting invoke 'com.kms.katalon.core.annotation.AfterTestCase' method: 'Listener.sampleAfterTestSuite(...)'

2021-11-19 17:28:51 - [TEST_STEP][PASSED] - closeBrowser(): Invoke 'com.kms.katalon.core.annotation.AfterTestCase' method: 'Listener.sampleAfterTestSuite(...)' completed.

2021-11-19 17:28:51 - [MESSAGE][INFO] - Closing browser

2021-11-19 17:28:52 - [MESSAGE][PASSED] - Browser is closed

2021-11-19 17:28:52 - [MESSAGE][INFO] - Invoke 'com.kms.katalon.core.annotation.AfterTestCase' method: 'Listener.sampleAfterTestSuite(...)' completed.]]></system-out>
         <system-err><![CDATA[]]></system-err>
      </testcase>
      <testcase name="Test Cases/Case Repository/Zarflar/Giden Zarflar/UBL-Goster" time="43.696" classname="Test Cases/Case Repository/Zarflar/Giden Zarflar/UBL-Goster" status="PASSED">
         <system-out><![CDATA[2021-11-19 17:28:52 - [TEST_CASE][PASSED] - Test Cases/Case Repository/Zarflar/Giden Zarflar/UBL-Goster: Test Cases/Case Repository/Zarflar/Giden Zarflar/UBL-Goster

2021-11-19 17:28:52 - [TEST_STEP][PASSED] - Start listener action : sampleBeforeTestSuite: Invoke 'com.kms.katalon.core.annotation.BeforeTestCase' method: 'Listener.sampleBeforeTestSuite(...)' completed.

2021-11-19 17:28:52 - [MESSAGE][INFO] - Starting invoke 'com.kms.katalon.core.annotation.BeforeTestCase' method: 'Listener.sampleBeforeTestSuite(...)'

2021-11-19 17:28:52 - [TEST_STEP][PASSED] - openBrowser(baseUrl): Browser is opened with url: 'https://efatura-stage.elogo.com.tr/'

2021-11-19 17:28:52 - [MESSAGE][INFO] - Opening browser

2021-11-19 17:28:52 - [MESSAGE][INFO] - Starting 'Chrome' driver

2021-11-19 17:28:52 - [MESSAGE][INFO] - User set preference: ['prefs', '{download.default_directory=C:\otomasyondownfiles}']

2021-11-19 17:28:52 - [MESSAGE][INFO] - Action delay is set to 0 milliseconds

2021-11-19 17:28:53 - [MESSAGE][INFO] - Navigating browser to: 'https://efatura-stage.elogo.com.tr/'

2021-11-19 17:28:57 - [MESSAGE][PASSED] - Browser is opened with url: 'https://efatura-stage.elogo.com.tr/'

2021-11-19 17:28:57 - [TEST_STEP][PASSED] - maximizeWindow(): Invoke 'com.kms.katalon.core.annotation.BeforeTestCase' method: 'Listener.sampleBeforeTestSuite(...)' completed.

2021-11-19 17:28:57 - [MESSAGE][INFO] - Maximizing current window

2021-11-19 17:28:58 - [MESSAGE][PASSED] - Current window maximized

2021-11-19 17:28:58 - [MESSAGE][INFO] - Invoke 'com.kms.katalon.core.annotation.BeforeTestCase' method: 'Listener.sampleBeforeTestSuite(...)' completed.

2021-11-19 17:28:58 - [TEST_STEP][PASSED] - runFeatureFile("Include/features/Zarflar/Giden Zarflar/UBL-Goster.feature"): Feature file: 'Include/features/Zarflar/Giden Zarflar/UBL-Goster.feature' was passed

2021-11-19 17:28:58 - [MESSAGE][INFO] - Starting run keyword runFeatureFile: 'Include/features/Zarflar/Giden Zarflar/UBL-Goster.feature' and extract report to folder: 'C:\Users\DELL\Documents\GitHub\EES_KatalonLogo\Reports\20211119_164526\Suite Repository\Zarflar\20211119_164611/cucumber_report/1637332138663'...

2021-11-19 17:28:58 - [MESSAGE][INFO] - Glue: []

2021-11-19 17:29:00 - [MESSAGE][INFO] - Checking called Test Case

2021-11-19 17:29:00 - [MESSAGE][INFO] - Starting to call Test Case 'Test Cases/Sayfalar/Giris_Sayfasi/Login'

2021-11-19 17:29:00 - [TEST_CASE][PASSED] - Test Cases/Sayfalar/Giris_Sayfasi/Login: Test Cases/Sayfalar/Giris_Sayfasi/Login

2021-11-19 17:29:00 - [TEST_STEP][PASSED] - Sayfa_Basligi = getWindowTitle(): Current window's title is: 'LOGO e-Fatura'

2021-11-19 17:29:00 - [MESSAGE][INFO] - Getting current window's title

2021-11-19 17:29:00 - [MESSAGE][PASSED] - Current window's title is: 'LOGO e-Fatura'

2021-11-19 17:29:00 - [TEST_STEP][PASSED] - verifyMatch(Sayfa_Basligi, "LOGO e-Fatura", false): Actual text 'LOGO e-Fatura' and expected text 'LOGO e-Fatura' are matched 

2021-11-19 17:29:00 - [MESSAGE][INFO] - Matching actual text 'LOGO e-Fatura' with expected text 'LOGO e-Fatura'

2021-11-19 17:29:00 - [MESSAGE][PASSED] - Actual text 'LOGO e-Fatura' and expected text 'LOGO e-Fatura' are matched 

2021-11-19 17:29:00 - [TEST_STEP][PASSED] - sendKeys(findTestObject("Sayfalar/Giris_Sayfasi/Firma_Kodu"), KullaniciAdi): Keys 'ELOGO6' sent to object: 'Object Repository/Sayfalar/Giris_Sayfasi/Firma_Kodu'

2021-11-19 17:29:00 - [MESSAGE][INFO] - Finding Test Object 'Object Repository/Sayfalar/Giris_Sayfasi/Firma_Kodu'

2021-11-19 17:29:00 - [MESSAGE][INFO] - Sending keys 'ELOGO6' to object: 'Object Repository/Sayfalar/Giris_Sayfasi/Firma_Kodu'

2021-11-19 17:29:00 - [MESSAGE][INFO] - Finding web element from Test Object's properties

2021-11-19 17:29:00 - [MESSAGE][INFO] - Checking timeout

2021-11-19 17:29:00 - [MESSAGE][INFO] - Finding web element with id: 'Object Repository/Sayfalar/Giris_Sayfasi/Firma_Kodu' located by 'By.xpath: //*[@id = 'AccountName']' in '30' second(s)

2021-11-19 17:29:00 - [MESSAGE][INFO] - Smart Wait Function is triggered

2021-11-19 17:29:01 - [MESSAGE][INFO] - Found 1 web elements with id: 'Object Repository/Sayfalar/Giris_Sayfasi/Firma_Kodu' located by 'By.xpath: //*[@id = 'AccountName']' in '30' second(s)

2021-11-19 17:29:01 - [MESSAGE][PASSED] - Keys 'ELOGO6' sent to object: 'Object Repository/Sayfalar/Giris_Sayfasi/Firma_Kodu'

2021-11-19 17:29:01 - [TEST_STEP][PASSED] - sendKeys(findTestObject("Sayfalar/Giris_Sayfasi/Sifre"), Sifre): Keys '123456' sent to object: 'Object Repository/Sayfalar/Giris_Sayfasi/Sifre'

2021-11-19 17:29:01 - [MESSAGE][INFO] - Finding Test Object 'Object Repository/Sayfalar/Giris_Sayfasi/Sifre'

2021-11-19 17:29:01 - [MESSAGE][INFO] - Sending keys '123456' to object: 'Object Repository/Sayfalar/Giris_Sayfasi/Sifre'

2021-11-19 17:29:01 - [MESSAGE][INFO] - Finding web element from Test Object's properties

2021-11-19 17:29:01 - [MESSAGE][INFO] - Checking timeout

2021-11-19 17:29:01 - [MESSAGE][INFO] - Finding web element with id: 'Object Repository/Sayfalar/Giris_Sayfasi/Sifre' located by 'By.xpath: //*[@id = 'Password']' in '30' second(s)

2021-11-19 17:29:01 - [MESSAGE][INFO] - Smart Wait Function is triggered

2021-11-19 17:29:01 - [MESSAGE][INFO] - Found 1 web elements with id: 'Object Repository/Sayfalar/Giris_Sayfasi/Sifre' located by 'By.xpath: //*[@id = 'Password']' in '30' second(s)

2021-11-19 17:29:01 - [MESSAGE][PASSED] - Keys '123456' sent to object: 'Object Repository/Sayfalar/Giris_Sayfasi/Sifre'

2021-11-19 17:29:01 - [TEST_STEP][PASSED] - findWebElement(findTestObject("Sayfalar/Giris_Sayfasi/Giris_Butonu")).click(): Found 1 web elements with id: 'Object Repository/Sayfalar/Giris_Sayfasi/Giris_Butonu' located by 'By.cssSelector: #btnLogin' in '30' second(s)

2021-11-19 17:29:01 - [MESSAGE][INFO] - Finding Test Object 'Object Repository/Sayfalar/Giris_Sayfasi/Giris_Butonu'

2021-11-19 17:29:01 - [MESSAGE][INFO] - Finding web element from Test Object's properties

2021-11-19 17:29:01 - [MESSAGE][INFO] - Checking timeout

2021-11-19 17:29:01 - [MESSAGE][INFO] - Finding web element with id: 'Object Repository/Sayfalar/Giris_Sayfasi/Giris_Butonu' located by 'By.cssSelector: #btnLogin' in '30' second(s)

2021-11-19 17:29:01 - [MESSAGE][INFO] - Smart Wait Function is triggered

2021-11-19 17:29:02 - [MESSAGE][INFO] - Found 1 web elements with id: 'Object Repository/Sayfalar/Giris_Sayfasi/Giris_Butonu' located by 'By.cssSelector: #btnLogin' in '30' second(s)

2021-11-19 17:29:04 - [TEST_STEP][PASSED] - if (verifyElementPresent(findTestObject("Object Repository/Sayfalar/Giris_Sayfasi/RetveTamam_Butonu"), 5, OPTIONAL)): null

2021-11-19 17:29:04 - [MESSAGE][INFO] - Finding Test Object 'Object Repository/Sayfalar/Giris_Sayfasi/RetveTamam_Butonu'

2021-11-19 17:29:04 - [MESSAGE][INFO] - Checking object

2021-11-19 17:29:04 - [MESSAGE][INFO] - Finding web element from Test Object's properties

2021-11-19 17:29:04 - [MESSAGE][INFO] - Checking timeout

2021-11-19 17:29:04 - [MESSAGE][INFO] - Finding web element with id: 'Object Repository/Sayfalar/Giris_Sayfasi/RetveTamam_Butonu' located by 'By.xpath: //*[@class = 'btn btn-default']' in '5' second(s)

2021-11-19 17:29:04 - [MESSAGE][INFO] - Smart Wait Function is triggered

2021-11-19 17:29:05 - [MESSAGE][INFO] - Found 1 web elements with id: 'Object Repository/Sayfalar/Giris_Sayfasi/RetveTamam_Butonu' located by 'By.xpath: //*[@class = 'btn btn-default']' in '5' second(s)

2021-11-19 17:29:05 - [MESSAGE][PASSED] - Object 'Object Repository/Sayfalar/Giris_Sayfasi/RetveTamam_Butonu' is present

2021-11-19 17:29:05 - [TEST_STEP][PASSED] - click(findTestObject("Object Repository/Sayfalar/Giris_Sayfasi/RetveTamam_Butonu")): Object: 'Object Repository/Sayfalar/Giris_Sayfasi/RetveTamam_Butonu' is clicked on

2021-11-19 17:29:05 - [MESSAGE][INFO] - Finding Test Object 'Object Repository/Sayfalar/Giris_Sayfasi/RetveTamam_Butonu'

2021-11-19 17:29:05 - [MESSAGE][INFO] - Checking object

2021-11-19 17:29:05 - [MESSAGE][INFO] - Finding web element from Test Object's properties

2021-11-19 17:29:05 - [MESSAGE][INFO] - Checking timeout

2021-11-19 17:29:05 - [MESSAGE][INFO] - Finding web element with id: 'Object Repository/Sayfalar/Giris_Sayfasi/RetveTamam_Butonu' located by 'By.xpath: //*[@class = 'btn btn-default']' in '30' second(s)

2021-11-19 17:29:05 - [MESSAGE][INFO] - Smart Wait Function is triggered

2021-11-19 17:29:05 - [MESSAGE][INFO] - Found 1 web elements with id: 'Object Repository/Sayfalar/Giris_Sayfasi/RetveTamam_Butonu' located by 'By.xpath: //*[@class = 'btn btn-default']' in '30' second(s)

2021-11-19 17:29:05 - [MESSAGE][INFO] - Clicking on object: 'Object Repository/Sayfalar/Giris_Sayfasi/RetveTamam_Butonu'

2021-11-19 17:29:05 - [MESSAGE][PASSED] - Object: 'Object Repository/Sayfalar/Giris_Sayfasi/RetveTamam_Butonu' is clicked on

2021-11-19 17:29:05 - [TEST_STEP][PASSED] - click(findTestObject("Object Repository/Sayfalar/Giris_Sayfasi/RetveTamam_Butonu")): Object: 'Object Repository/Sayfalar/Giris_Sayfasi/RetveTamam_Butonu' is clicked on

2021-11-19 17:29:05 - [MESSAGE][INFO] - Finding Test Object 'Object Repository/Sayfalar/Giris_Sayfasi/RetveTamam_Butonu'

2021-11-19 17:29:05 - [MESSAGE][INFO] - Checking object

2021-11-19 17:29:05 - [MESSAGE][INFO] - Finding web element from Test Object's properties

2021-11-19 17:29:05 - [MESSAGE][INFO] - Checking timeout

2021-11-19 17:29:05 - [MESSAGE][INFO] - Finding web element with id: 'Object Repository/Sayfalar/Giris_Sayfasi/RetveTamam_Butonu' located by 'By.xpath: //*[@class = 'btn btn-default']' in '30' second(s)

2021-11-19 17:29:05 - [MESSAGE][INFO] - Smart Wait Function is triggered

2021-11-19 17:29:15 - [MESSAGE][INFO] - Found 1 web elements with id: 'Object Repository/Sayfalar/Giris_Sayfasi/RetveTamam_Butonu' located by 'By.xpath: //*[@class = 'btn btn-default']' in '30' second(s)

2021-11-19 17:29:15 - [MESSAGE][INFO] - Clicking on object: 'Object Repository/Sayfalar/Giris_Sayfasi/RetveTamam_Butonu'

2021-11-19 17:29:16 - [MESSAGE][PASSED] - Object: 'Object Repository/Sayfalar/Giris_Sayfasi/RetveTamam_Butonu' is clicked on

2021-11-19 17:29:16 - [TEST_STEP][PASSED] - if (verifyElementPresent(findTestObject("Sayfalar/Giris_Sayfasi/PopupOK"), 5, OPTIONAL)): null

2021-11-19 17:29:16 - [MESSAGE][INFO] - Finding Test Object 'Object Repository/Sayfalar/Giris_Sayfasi/PopupOK'

2021-11-19 17:29:16 - [MESSAGE][INFO] - Checking object

2021-11-19 17:29:16 - [MESSAGE][INFO] - Finding web element from Test Object's properties

2021-11-19 17:29:16 - [MESSAGE][INFO] - Checking timeout

2021-11-19 17:29:16 - [MESSAGE][INFO] - Finding web element with id: 'Object Repository/Sayfalar/Giris_Sayfasi/PopupOK' located by 'By.cssSelector: .btn.btn-success' in '5' second(s)

2021-11-19 17:29:16 - [MESSAGE][INFO] - Smart Wait Function is triggered

2021-11-19 17:29:16 - [MESSAGE][INFO] - Found 1 web elements with id: 'Object Repository/Sayfalar/Giris_Sayfasi/PopupOK' located by 'By.cssSelector: .btn.btn-success' in '5' second(s)

2021-11-19 17:29:16 - [MESSAGE][PASSED] - Object 'Object Repository/Sayfalar/Giris_Sayfasi/PopupOK' is present

2021-11-19 17:29:16 - [TEST_STEP][PASSED] - click(findTestObject("Object Repository/Sayfalar/Giris_Sayfasi/PopupCarpiGiris")): Object: 'Object Repository/Sayfalar/Giris_Sayfasi/PopupCarpiGiris' is clicked on

2021-11-19 17:29:16 - [MESSAGE][INFO] - Finding Test Object 'Object Repository/Sayfalar/Giris_Sayfasi/PopupCarpiGiris'

2021-11-19 17:29:16 - [MESSAGE][INFO] - Checking object

2021-11-19 17:29:16 - [MESSAGE][INFO] - Finding web element from Test Object's properties

2021-11-19 17:29:16 - [MESSAGE][INFO] - Checking timeout

2021-11-19 17:29:16 - [MESSAGE][INFO] - Finding web element with id: 'Object Repository/Sayfalar/Giris_Sayfasi/PopupCarpiGiris' located by 'By.cssSelector: .bootbox-close-button.close' in '30' second(s)

2021-11-19 17:29:16 - [MESSAGE][INFO] - Smart Wait Function is triggered

2021-11-19 17:29:17 - [MESSAGE][INFO] - Found 1 web elements with id: 'Object Repository/Sayfalar/Giris_Sayfasi/PopupCarpiGiris' located by 'By.cssSelector: .bootbox-close-button.close' in '30' second(s)

2021-11-19 17:29:17 - [MESSAGE][INFO] - Clicking on object: 'Object Repository/Sayfalar/Giris_Sayfasi/PopupCarpiGiris'

2021-11-19 17:29:17 - [MESSAGE][PASSED] - Object: 'Object Repository/Sayfalar/Giris_Sayfasi/PopupCarpiGiris' is clicked on

2021-11-19 17:29:17 - [TEST_STEP][PASSED] - verifyElementVisible(findTestObject("Object Repository/Kullanici_Islemleri/KullaniciIslemleri")): Object 'Object Repository/Kullanici_Islemleri/KullaniciIslemleri' is visible

2021-11-19 17:29:17 - [MESSAGE][INFO] - Finding Test Object 'Object Repository/Kullanici_Islemleri/KullaniciIslemleri'

2021-11-19 17:29:17 - [MESSAGE][INFO] - Checking object

2021-11-19 17:29:17 - [MESSAGE][INFO] - Finding web element from Test Object's properties

2021-11-19 17:29:17 - [MESSAGE][INFO] - Checking timeout

2021-11-19 17:29:17 - [MESSAGE][INFO] - Finding web element with id: 'Object Repository/Kullanici_Islemleri/KullaniciIslemleri' located by 'By.cssSelector: .dropdown>a>img' in '30' second(s)

2021-11-19 17:29:17 - [MESSAGE][INFO] - Smart Wait Function is triggered

2021-11-19 17:29:18 - [MESSAGE][INFO] - Found 1 web elements with id: 'Object Repository/Kullanici_Islemleri/KullaniciIslemleri' located by 'By.cssSelector: .dropdown>a>img' in '30' second(s)

2021-11-19 17:29:18 - [MESSAGE][PASSED] - Object 'Object Repository/Kullanici_Islemleri/KullaniciIslemleri' is visible

2021-11-19 17:29:18 - [MESSAGE][PASSED] - Call Test Case 'Test Cases/Sayfalar/Giris_Sayfasi/Login' successfully

2021-11-19 17:29:18 - [MESSAGE][INFO] - Checking called Test Case

2021-11-19 17:29:18 - [MESSAGE][INFO] - Starting to call Test Case 'Test Cases/Menu/AnaMenuSecimi'

2021-11-19 17:29:18 - [TEST_CASE][PASSED] - Test Cases/Menu/AnaMenuSecimi: Test Cases/Menu/AnaMenuSecimi

2021-11-19 17:29:18 - [TEST_STEP][PASSED] - Method.TextDegerineEsitElementeTikla(findTestObject("Menu/Ana_Menu"), Ana_Menu): Method.TextDegerineEsitElementeTikla is PASSED

2021-11-19 17:29:18 - [MESSAGE][INFO] - Finding Test Object 'Object Repository/Menu/Ana_Menu'

2021-11-19 17:29:18 - [MESSAGE][INFO] - Checking timeout

2021-11-19 17:29:18 - [MESSAGE][INFO] - Finding web element with id: 'Object Repository/Menu/Ana_Menu' located by 'By.xpath: //*[@class = 'dropdown-toggle']' in '10' second(s)

2021-11-19 17:29:18 - [MESSAGE][INFO] - Smart Wait Function is triggered

2021-11-19 17:29:18 - [MESSAGE][INFO] - Found 14 web elements with id: 'Object Repository/Menu/Ana_Menu' located by 'By.xpath: //*[@class = 'dropdown-toggle']' in '10' second(s)

2021-11-19 17:29:18 - [MESSAGE][PASSED] - Method.TextDegerineEsitElementeTikla is PASSED

2021-11-19 17:29:18 - [MESSAGE][PASSED] - Call Test Case 'Test Cases/Menu/AnaMenuSecimi' successfully

2021-11-19 17:29:18 - [MESSAGE][INFO] - Checking called Test Case

2021-11-19 17:29:18 - [MESSAGE][INFO] - Starting to call Test Case 'Test Cases/Menu/AltMenuSecimi'

2021-11-19 17:29:18 - [TEST_CASE][PASSED] - Test Cases/Menu/AltMenuSecimi: Test Cases/Menu/AltMenuSecimi

2021-11-19 17:29:18 - [TEST_STEP][PASSED] - Method.TextDegerineEsitElementeTikla(findTestObject("Menu/Alt_Menu"), Alt_Menu): Method.TextDegerineEsitElementeTikla is PASSED

2021-11-19 17:29:18 - [MESSAGE][INFO] - Finding Test Object 'Object Repository/Menu/Alt_Menu'

2021-11-19 17:29:19 - [MESSAGE][INFO] - Checking timeout

2021-11-19 17:29:19 - [MESSAGE][INFO] - Finding web element with id: 'Object Repository/Menu/Alt_Menu' located by 'By.xpath: //li[@class='dropdown dropdown-large open']//li[@class='dropdown-element']' in '10' second(s)

2021-11-19 17:29:19 - [MESSAGE][INFO] - Smart Wait Function is triggered

2021-11-19 17:29:19 - [MESSAGE][INFO] - Found 2 web elements with id: 'Object Repository/Menu/Alt_Menu' located by 'By.xpath: //li[@class='dropdown dropdown-large open']//li[@class='dropdown-element']' in '10' second(s)

2021-11-19 17:29:21 - [MESSAGE][PASSED] - Method.TextDegerineEsitElementeTikla is PASSED

2021-11-19 17:29:21 - [MESSAGE][PASSED] - Call Test Case 'Test Cases/Menu/AltMenuSecimi' successfully

2021-11-19 17:29:21 - [MESSAGE][INFO] - Checking called Test Case

2021-11-19 17:29:21 - [MESSAGE][INFO] - Starting to call Test Case 'Test Cases/Filtreler/BaslangicYaz'

2021-11-19 17:29:22 - [TEST_CASE][PASSED] - Test Cases/Filtreler/BaslangicYaz: Test Cases/Filtreler/BaslangicYaz

2021-11-19 17:29:22 - [TEST_STEP][PASSED] - delay(3): Delayed 3 second(s)

2021-11-19 17:29:22 - [MESSAGE][INFO] - Delaying browser in 3 second(s)

2021-11-19 17:29:25 - [MESSAGE][PASSED] - Delayed 3 second(s)

2021-11-19 17:29:25 - [TEST_STEP][PASSED] - Method.TextDegerineEsitElementinAltindakineTikla(findTestObject("Filtreler/Basliklar"), findTestObject("Filtreler/Basliga_Gore_Baslangic_Image"), Filtre_Adi): Method.TextDegerineEsitElementinAltindakineTikla is PASSED

2021-11-19 17:29:25 - [MESSAGE][INFO] - Finding Test Object 'Object Repository/Filtreler/Basliklar'

2021-11-19 17:29:25 - [MESSAGE][INFO] - Finding Test Object 'Object Repository/Filtreler/Basliga_Gore_Baslangic_Image'

2021-11-19 17:29:25 - [MESSAGE][INFO] - Checking timeout

2021-11-19 17:29:25 - [MESSAGE][INFO] - Finding web element with id: 'Object Repository/Filtreler/Basliklar' located by 'By.cssSelector: .control-label.col-sm-4.paddingMarginRLC' in '10' second(s)

2021-11-19 17:29:25 - [MESSAGE][INFO] - Smart Wait Function is triggered

2021-11-19 17:29:25 - [MESSAGE][INFO] - Found 8 web elements with id: 'Object Repository/Filtreler/Basliklar' located by 'By.cssSelector: .control-label.col-sm-4.paddingMarginRLC' in '10' second(s)

2021-11-19 17:29:25 - [MESSAGE][INFO] - Smart Wait Function is triggered

2021-11-19 17:29:25 - [MESSAGE][PASSED] - Method.TextDegerineEsitElementinAltindakineTikla is PASSED

2021-11-19 17:29:25 - [TEST_STEP][PASSED] - Method.TextDegerineEsitElementinAltindakiTextboxtaYaz(findTestObject("Filtreler/Basliklar"), findTestObject("Filtreler/Basliga_Gore_Baslangic"), Filtre_Adi, Filtre_Degeri): Method.TextDegerineEsitElementinAltindakiTextboxtaYaz is PASSED

2021-11-19 17:29:25 - [MESSAGE][INFO] - Finding Test Object 'Object Repository/Filtreler/Basliklar'

2021-11-19 17:29:25 - [MESSAGE][INFO] - Finding Test Object 'Object Repository/Filtreler/Basliga_Gore_Baslangic'

2021-11-19 17:29:26 - [MESSAGE][INFO] - Checking timeout

2021-11-19 17:29:26 - [MESSAGE][INFO] - Finding web element with id: 'Object Repository/Filtreler/Basliklar' located by 'By.cssSelector: .control-label.col-sm-4.paddingMarginRLC' in '10' second(s)

2021-11-19 17:29:26 - [MESSAGE][INFO] - Smart Wait Function is triggered

2021-11-19 17:29:26 - [MESSAGE][INFO] - Found 8 web elements with id: 'Object Repository/Filtreler/Basliklar' located by 'By.cssSelector: .control-label.col-sm-4.paddingMarginRLC' in '10' second(s)

2021-11-19 17:29:26 - [MESSAGE][INFO] - Smart Wait Function is triggered

2021-11-19 17:29:26 - [MESSAGE][PASSED] - Method.TextDegerineEsitElementinAltindakiTextboxtaYaz is PASSED

2021-11-19 17:29:26 - [MESSAGE][PASSED] - Call Test Case 'Test Cases/Filtreler/BaslangicYaz' successfully

2021-11-19 17:29:26 - [MESSAGE][INFO] - Checking called Test Case

2021-11-19 17:29:26 - [MESSAGE][INFO] - Starting to call Test Case 'Test Cases/Filtreler/BitisYaz'

2021-11-19 17:29:26 - [TEST_CASE][PASSED] - Test Cases/Filtreler/BitisYaz: Test Cases/Filtreler/BitisYaz

2021-11-19 17:29:26 - [TEST_STEP][PASSED] - Method.TextDegerineEsitElementinAltindakineTikla(findTestObject("Filtreler/Basliklar"), findTestObject("Filtreler/Basliga_Gore_Bitis_Image"), Filtre_Adi): Method.TextDegerineEsitElementinAltindakineTikla is PASSED

2021-11-19 17:29:26 - [MESSAGE][INFO] - Finding Test Object 'Object Repository/Filtreler/Basliklar'

2021-11-19 17:29:26 - [MESSAGE][INFO] - Finding Test Object 'Object Repository/Filtreler/Basliga_Gore_Bitis_Image'

2021-11-19 17:29:26 - [MESSAGE][INFO] - Checking timeout

2021-11-19 17:29:26 - [MESSAGE][INFO] - Finding web element with id: 'Object Repository/Filtreler/Basliklar' located by 'By.cssSelector: .control-label.col-sm-4.paddingMarginRLC' in '10' second(s)

2021-11-19 17:29:26 - [MESSAGE][INFO] - Smart Wait Function is triggered

2021-11-19 17:29:27 - [MESSAGE][INFO] - Found 8 web elements with id: 'Object Repository/Filtreler/Basliklar' located by 'By.cssSelector: .control-label.col-sm-4.paddingMarginRLC' in '10' second(s)

2021-11-19 17:29:27 - [MESSAGE][INFO] - Smart Wait Function is triggered

2021-11-19 17:29:27 - [MESSAGE][PASSED] - Method.TextDegerineEsitElementinAltindakineTikla is PASSED

2021-11-19 17:29:27 - [TEST_STEP][PASSED] - Method.TextDegerineEsitElementinAltindakiTextboxtaYaz(findTestObject("Filtreler/Basliklar"), findTestObject("Object Repository/Filtreler/Basliga_Gore_Bitis"), Filtre_Adi, Filtre_Degeri): Method.TextDegerineEsitElementinAltindakiTextboxtaYaz is PASSED

2021-11-19 17:29:27 - [MESSAGE][INFO] - Finding Test Object 'Object Repository/Filtreler/Basliklar'

2021-11-19 17:29:27 - [MESSAGE][INFO] - Finding Test Object 'Object Repository/Filtreler/Basliga_Gore_Bitis'

2021-11-19 17:29:27 - [MESSAGE][INFO] - Checking timeout

2021-11-19 17:29:27 - [MESSAGE][INFO] - Finding web element with id: 'Object Repository/Filtreler/Basliklar' located by 'By.cssSelector: .control-label.col-sm-4.paddingMarginRLC' in '10' second(s)

2021-11-19 17:29:27 - [MESSAGE][INFO] - Smart Wait Function is triggered

2021-11-19 17:29:28 - [MESSAGE][INFO] - Found 8 web elements with id: 'Object Repository/Filtreler/Basliklar' located by 'By.cssSelector: .control-label.col-sm-4.paddingMarginRLC' in '10' second(s)

2021-11-19 17:29:28 - [MESSAGE][INFO] - Smart Wait Function is triggered

2021-11-19 17:29:28 - [MESSAGE][PASSED] - Method.TextDegerineEsitElementinAltindakiTextboxtaYaz is PASSED

2021-11-19 17:29:28 - [MESSAGE][PASSED] - Call Test Case 'Test Cases/Filtreler/BitisYaz' successfully

2021-11-19 17:29:28 - [MESSAGE][INFO] - Checking called Test Case

2021-11-19 17:29:28 - [MESSAGE][INFO] - Starting to call Test Case 'Test Cases/Filtreler/ButonaTikla'

2021-11-19 17:29:28 - [TEST_CASE][PASSED] - Test Cases/Filtreler/ButonaTikla: Test Cases/Filtreler/ButonaTikla

2021-11-19 17:29:28 - [TEST_STEP][PASSED] - Method.TextDegerineEsitElementeTikla(findTestObject("Filtreler/Butonlar"), Filtre_Buton): Method.TextDegerineEsitElementeTikla is PASSED

2021-11-19 17:29:28 - [MESSAGE][INFO] - Finding Test Object 'Object Repository/Filtreler/Butonlar'

2021-11-19 17:29:28 - [MESSAGE][INFO] - Checking timeout

2021-11-19 17:29:28 - [MESSAGE][INFO] - Finding web element with id: 'Object Repository/Filtreler/Butonlar' located by 'By.cssSelector: .dxb>span' in '10' second(s)

2021-11-19 17:29:28 - [MESSAGE][INFO] - Smart Wait Function is triggered

2021-11-19 17:29:28 - [MESSAGE][INFO] - Found 3 web elements with id: 'Object Repository/Filtreler/Butonlar' located by 'By.cssSelector: .dxb>span' in '10' second(s)

2021-11-19 17:29:29 - [MESSAGE][PASSED] - Method.TextDegerineEsitElementeTikla is PASSED

2021-11-19 17:29:29 - [MESSAGE][PASSED] - Call Test Case 'Test Cases/Filtreler/ButonaTikla' successfully

2021-11-19 17:29:29 - [MESSAGE][INFO] - Checking called Test Case

2021-11-19 17:29:29 - [MESSAGE][INFO] - Starting to call Test Case 'Test Cases/Tablo/TablodaVeriVarMi'

2021-11-19 17:29:29 - [TEST_CASE][PASSED] - Test Cases/Tablo/TablodaVeriVarMi: Test Cases/Tablo/TablodaVeriVarMi

2021-11-19 17:29:29 - [TEST_STEP][PASSED] - verifyTextNotPresent("Görüntülenecek veri yok", true): Text 'Görüntülenecek veri yok' is not present on page using regular expression

2021-11-19 17:29:29 - [MESSAGE][INFO] - Checking text present  using regular expression

2021-11-19 17:29:29 - [MESSAGE][INFO] - Smart Wait Function is triggered

2021-11-19 17:29:30 - [MESSAGE][INFO] - Finding text 'Görüntülenecek veri yok' on page  using regular expression

2021-11-19 17:29:30 - [MESSAGE][PASSED] - Text 'Görüntülenecek veri yok' is not present on page using regular expression

2021-11-19 17:29:30 - [MESSAGE][PASSED] - Call Test Case 'Test Cases/Tablo/TablodaVeriVarMi' successfully

2021-11-19 17:29:30 - [MESSAGE][INFO] - Checking called Test Case

2021-11-19 17:29:30 - [MESSAGE][INFO] - Starting to call Test Case 'Test Cases/Tablo/TablodanVeriSec'

2021-11-19 17:29:30 - [TEST_CASE][PASSED] - Test Cases/Tablo/TablodanVeriSec: Test Cases/Tablo/TablodanVeriSec

2021-11-19 17:29:30 - [TEST_STEP][PASSED] - Method.TextDegerineEsitElementinAltindakineTikla(findTestObject("Tablo/Veriler"), findTestObject("Tablo/VerininCheckBoxi"), Veri_Adi): Method.TextDegerineEsitElementinAltindakineTikla is PASSED

2021-11-19 17:29:30 - [MESSAGE][INFO] - Finding Test Object 'Object Repository/Tablo/Veriler'

2021-11-19 17:29:30 - [MESSAGE][INFO] - Finding Test Object 'Object Repository/Tablo/VerininCheckBoxi'

2021-11-19 17:29:30 - [MESSAGE][INFO] - Checking timeout

2021-11-19 17:29:30 - [MESSAGE][INFO] - Finding web element with id: 'Object Repository/Tablo/Veriler' located by 'By.cssSelector: td.dxgv b ,td.dxgv' in '10' second(s)

2021-11-19 17:29:30 - [MESSAGE][INFO] - Smart Wait Function is triggered

2021-11-19 17:29:30 - [MESSAGE][INFO] - Found 110 web elements with id: 'Object Repository/Tablo/Veriler' located by 'By.cssSelector: td.dxgv b ,td.dxgv' in '10' second(s)

2021-11-19 17:29:30 - [MESSAGE][INFO] - Smart Wait Function is triggered

2021-11-19 17:29:31 - [MESSAGE][PASSED] - Method.TextDegerineEsitElementinAltindakineTikla is PASSED

2021-11-19 17:29:31 - [MESSAGE][PASSED] - Call Test Case 'Test Cases/Tablo/TablodanVeriSec' successfully

2021-11-19 17:29:31 - [MESSAGE][INFO] - Checking called Test Case

2021-11-19 17:29:31 - [MESSAGE][INFO] - Starting to call Test Case 'Test Cases/Butonlar/ButonaTikla'

2021-11-19 17:29:31 - [TEST_CASE][PASSED] - Test Cases/Butonlar/ButonaTikla: Test Cases/Butonlar/ButonaTikla

2021-11-19 17:29:31 - [TEST_STEP][PASSED] - Method.TextDegerineEsitElementeTiklaEquals(findTestObject("Butonlar/Butonlar"), Buton_Adi): Method.TextDegerineEsitElementeTiklaEquals is PASSED

2021-11-19 17:29:31 - [MESSAGE][INFO] - Finding Test Object 'Object Repository/Butonlar/Butonlar'

2021-11-19 17:29:31 - [MESSAGE][INFO] - Checking timeout

2021-11-19 17:29:31 - [MESSAGE][INFO] - Finding web element with id: 'Object Repository/Butonlar/Butonlar' located by 'By.cssSelector: .panel.panel-default.text-center.footerPanel .btn,.btn.btn-primary.btnControls' in '10' second(s)

2021-11-19 17:29:31 - [MESSAGE][INFO] - Smart Wait Function is triggered

2021-11-19 17:29:31 - [MESSAGE][INFO] - Found 6 web elements with id: 'Object Repository/Butonlar/Butonlar' located by 'By.cssSelector: .panel.panel-default.text-center.footerPanel .btn,.btn.btn-primary.btnControls' in '10' second(s)

2021-11-19 17:29:31 - [MESSAGE][PASSED] - Method.TextDegerineEsitElementeTiklaEquals is PASSED

2021-11-19 17:29:31 - [MESSAGE][PASSED] - Call Test Case 'Test Cases/Butonlar/ButonaTikla' successfully

2021-11-19 17:29:31 - [MESSAGE][INFO] - Checking called Test Case

2021-11-19 17:29:31 - [MESSAGE][INFO] - Starting to call Test Case 'Test Cases/Sekmeler/YeniSekmeyeGec'

2021-11-19 17:29:31 - [TEST_CASE][PASSED] - Test Cases/Sekmeler/YeniSekmeyeGec: Test Cases/Sekmeler/YeniSekmeyeGec

2021-11-19 17:29:31 - [TEST_STEP][PASSED] - switchToWindowIndex(1): Switched to window with index: '1'

2021-11-19 17:29:31 - [MESSAGE][INFO] - Checking index

2021-11-19 17:29:31 - [MESSAGE][INFO] - Switching window with index: '1'

2021-11-19 17:29:31 - [MESSAGE][PASSED] - Switched to window with index: '1'

2021-11-19 17:29:31 - [MESSAGE][PASSED] - Call Test Case 'Test Cases/Sekmeler/YeniSekmeyeGec' successfully

2021-11-19 17:29:31 - [MESSAGE][INFO] - Checking called Test Case

2021-11-19 17:29:31 - [MESSAGE][INFO] - Starting to call Test Case 'Test Cases/Sekmeler/TagGeldiMi'

2021-11-19 17:29:31 - [TEST_CASE][PASSED] - Test Cases/Sekmeler/TagGeldiMi: Test Cases/Sekmeler/TagGeldiMi

2021-11-19 17:29:31 - [TEST_STEP][PASSED] - waitForElementPresent(findTestObject("Object Repository/Sekmeler/UBLTag"), 10): Object 'Object Repository/Sekmeler/UBLTag' is present

2021-11-19 17:29:31 - [MESSAGE][INFO] - Finding Test Object 'Object Repository/Sekmeler/UBLTag'

2021-11-19 17:29:31 - [MESSAGE][INFO] - Checking object

2021-11-19 17:29:31 - [MESSAGE][INFO] - Finding web element from Test Object's properties

2021-11-19 17:29:31 - [MESSAGE][INFO] - Checking timeout

2021-11-19 17:29:31 - [MESSAGE][INFO] - Finding web element with id: 'Object Repository/Sekmeler/UBLTag' located by 'By.cssSelector: #webkit-xml-viewer-source-xml>:first-child' in '10' second(s)

2021-11-19 17:29:31 - [MESSAGE][INFO] - Smart Wait Function is triggered

2021-11-19 17:29:31 - [MESSAGE][INFO] - Found 1 web elements with id: 'Object Repository/Sekmeler/UBLTag' located by 'By.cssSelector: #webkit-xml-viewer-source-xml>:first-child' in '10' second(s)

2021-11-19 17:29:31 - [MESSAGE][PASSED] - Object 'Object Repository/Sekmeler/UBLTag' is present

2021-11-19 17:29:31 - [TEST_STEP][PASSED] - println(toLowerCase().toString()): Found 1 web elements with id: 'Object Repository/Sekmeler/UBLTag' located by 'By.cssSelector: #webkit-xml-viewer-source-xml>:first-child' in '10' second(s)

2021-11-19 17:29:31 - [MESSAGE][INFO] - Finding Test Object 'Object Repository/Sekmeler/UBLTag'

2021-11-19 17:29:32 - [MESSAGE][INFO] - Finding web element from Test Object's properties

2021-11-19 17:29:32 - [MESSAGE][INFO] - Checking timeout

2021-11-19 17:29:32 - [MESSAGE][INFO] - Finding web element with id: 'Object Repository/Sekmeler/UBLTag' located by 'By.cssSelector: #webkit-xml-viewer-source-xml>:first-child' in '10' second(s)

2021-11-19 17:29:32 - [MESSAGE][INFO] - Smart Wait Function is triggered

2021-11-19 17:29:32 - [MESSAGE][INFO] - Found 1 web elements with id: 'Object Repository/Sekmeler/UBLTag' located by 'By.cssSelector: #webkit-xml-viewer-source-xml>:first-child' in '10' second(s)

2021-11-19 17:29:32 - [TEST_STEP][PASSED] - if (!(toString().contains(toString().toLowerCase()))): Found 1 web elements with id: 'Object Repository/Sekmeler/UBLTag' located by 'By.cssSelector: #webkit-xml-viewer-source-xml>:first-child' in '10' second(s)

2021-11-19 17:29:32 - [MESSAGE][INFO] - Finding Test Object 'Object Repository/Sekmeler/UBLTag'

2021-11-19 17:29:32 - [MESSAGE][INFO] - Finding web element from Test Object's properties

2021-11-19 17:29:32 - [MESSAGE][INFO] - Checking timeout

2021-11-19 17:29:32 - [MESSAGE][INFO] - Finding web element with id: 'Object Repository/Sekmeler/UBLTag' located by 'By.cssSelector: #webkit-xml-viewer-source-xml>:first-child' in '10' second(s)

2021-11-19 17:29:32 - [MESSAGE][INFO] - Smart Wait Function is triggered

2021-11-19 17:29:32 - [MESSAGE][INFO] - Found 1 web elements with id: 'Object Repository/Sekmeler/UBLTag' located by 'By.cssSelector: #webkit-xml-viewer-source-xml>:first-child' in '10' second(s)

2021-11-19 17:29:32 - [MESSAGE][PASSED] - Call Test Case 'Test Cases/Sekmeler/TagGeldiMi' successfully

2021-11-19 17:29:32 - [MESSAGE][INFO] - Checking called Test Case

2021-11-19 17:29:32 - [MESSAGE][INFO] - Starting to call Test Case 'Test Cases/Sekmeler/Ana_Sekmeye_Gec'

2021-11-19 17:29:32 - [TEST_CASE][PASSED] - Test Cases/Sekmeler/Ana_Sekmeye_Gec: Test Cases/Sekmeler/Ana_Sekmeye_Gec

2021-11-19 17:29:32 - [TEST_STEP][PASSED] - try: Window with index 1 is closed

2021-11-19 17:29:32 - [TEST_STEP][PASSED] - index = getWindowIndex(): Current window's index is: 1

2021-11-19 17:29:32 - [MESSAGE][INFO] - Getting current window's index

2021-11-19 17:29:32 - [MESSAGE][PASSED] - Current window's index is: 1

2021-11-19 17:29:32 - [TEST_STEP][PASSED] - closeWindowIndex(index): Window with index 1 is closed

2021-11-19 17:29:32 - [MESSAGE][INFO] - Checking index

2021-11-19 17:29:32 - [MESSAGE][INFO] - Closing window with index 1

2021-11-19 17:29:32 - [MESSAGE][PASSED] - Window with index 1 is closed

2021-11-19 17:29:32 - [TEST_STEP][PASSED] - switchToWindowIndex(0): Switched to window with index: '0'

2021-11-19 17:29:32 - [MESSAGE][INFO] - Checking index

2021-11-19 17:29:32 - [MESSAGE][INFO] - Switching window with index: '0'

2021-11-19 17:29:32 - [MESSAGE][PASSED] - Switched to window with index: '0'

2021-11-19 17:29:32 - [MESSAGE][PASSED] - Call Test Case 'Test Cases/Sekmeler/Ana_Sekmeye_Gec' successfully

2021-11-19 17:29:32 - [MESSAGE][INFO] - Checking called Test Case

2021-11-19 17:29:32 - [MESSAGE][INFO] - Starting to call Test Case 'Test Cases/Kullanici_Islemleri/KullaniciIslemlerindenSecimYapilir'

2021-11-19 17:29:32 - [TEST_CASE][PASSED] - Test Cases/Kullanici_Islemleri/KullaniciIslemlerindenSecimYapilir: Test Cases/Kullanici_Islemleri/KullaniciIslemlerindenSecimYapilir

2021-11-19 17:29:32 - [TEST_STEP][PASSED] - waitForElementClickable(findTestObject("Object Repository/Kullanici_Islemleri/KullaniciIslemleri"), 10): Object 'Object Repository/Kullanici_Islemleri/KullaniciIslemleri' is clickable

2021-11-19 17:29:32 - [MESSAGE][INFO] - Finding Test Object 'Object Repository/Kullanici_Islemleri/KullaniciIslemleri'

2021-11-19 17:29:32 - [MESSAGE][INFO] - Checking object

2021-11-19 17:29:32 - [MESSAGE][INFO] - Checking timeout

2021-11-19 17:29:32 - [MESSAGE][INFO] - Finding web element from Test Object's properties

2021-11-19 17:29:32 - [MESSAGE][INFO] - Checking timeout

2021-11-19 17:29:32 - [MESSAGE][INFO] - Finding web element with id: 'Object Repository/Kullanici_Islemleri/KullaniciIslemleri' located by 'By.cssSelector: .dropdown>a>img' in '10' second(s)

2021-11-19 17:29:32 - [MESSAGE][INFO] - Smart Wait Function is triggered

2021-11-19 17:29:32 - [MESSAGE][INFO] - Found 1 web elements with id: 'Object Repository/Kullanici_Islemleri/KullaniciIslemleri' located by 'By.cssSelector: .dropdown>a>img' in '10' second(s)

2021-11-19 17:29:32 - [MESSAGE][PASSED] - Object 'Object Repository/Kullanici_Islemleri/KullaniciIslemleri' is clickable

2021-11-19 17:29:32 - [TEST_STEP][PASSED] - click(findTestObject("Object Repository/Kullanici_Islemleri/KullaniciIslemleri")): Object: 'Object Repository/Kullanici_Islemleri/KullaniciIslemleri' is clicked on

2021-11-19 17:29:32 - [MESSAGE][INFO] - Finding Test Object 'Object Repository/Kullanici_Islemleri/KullaniciIslemleri'

2021-11-19 17:29:32 - [MESSAGE][INFO] - Checking object

2021-11-19 17:29:32 - [MESSAGE][INFO] - Finding web element from Test Object's properties

2021-11-19 17:29:32 - [MESSAGE][INFO] - Checking timeout

2021-11-19 17:29:32 - [MESSAGE][INFO] - Finding web element with id: 'Object Repository/Kullanici_Islemleri/KullaniciIslemleri' located by 'By.cssSelector: .dropdown>a>img' in '30' second(s)

2021-11-19 17:29:32 - [MESSAGE][INFO] - Smart Wait Function is triggered

2021-11-19 17:29:33 - [MESSAGE][INFO] - Found 1 web elements with id: 'Object Repository/Kullanici_Islemleri/KullaniciIslemleri' located by 'By.cssSelector: .dropdown>a>img' in '30' second(s)

2021-11-19 17:29:33 - [MESSAGE][INFO] - Clicking on object: 'Object Repository/Kullanici_Islemleri/KullaniciIslemleri'

2021-11-19 17:29:33 - [MESSAGE][PASSED] - Object: 'Object Repository/Kullanici_Islemleri/KullaniciIslemleri' is clicked on

2021-11-19 17:29:33 - [TEST_STEP][PASSED] - Method.TextDegerineEsitElementeTikla(findTestObject("Object Repository/Kullanici_Islemleri/Secenekler"), Islem): Method.TextDegerineEsitElementeTikla is PASSED

2021-11-19 17:29:33 - [MESSAGE][INFO] - Finding Test Object 'Object Repository/Kullanici_Islemleri/Secenekler'

2021-11-19 17:29:33 - [MESSAGE][INFO] - Checking timeout

2021-11-19 17:29:33 - [MESSAGE][INFO] - Finding web element with id: 'Object Repository/Kullanici_Islemleri/Secenekler' located by 'By.cssSelector: .nav.navbar-nav.navbar-right li a' in '10' second(s)

2021-11-19 17:29:33 - [MESSAGE][INFO] - Smart Wait Function is triggered

2021-11-19 17:29:33 - [MESSAGE][INFO] - Found 22 web elements with id: 'Object Repository/Kullanici_Islemleri/Secenekler' located by 'By.cssSelector: .nav.navbar-nav.navbar-right li a' in '10' second(s)

2021-11-19 17:29:34 - [MESSAGE][PASSED] - Method.TextDegerineEsitElementeTikla is PASSED

2021-11-19 17:29:34 - [TEST_STEP][PASSED] - verifyElementNotPresent(findTestObject("Object Repository/Kullanici_Islemleri/Secenekler"), 10): Web element with id: 'Object Repository/Kullanici_Islemleri/Secenekler' located by 'By.cssSelector: .nav.navbar-nav.navbar-right li a' is not present after '10' second(s)

2021-11-19 17:29:34 - [MESSAGE][INFO] - Finding Test Object 'Object Repository/Kullanici_Islemleri/Secenekler'

2021-11-19 17:29:35 - [MESSAGE][INFO] - Checking object

2021-11-19 17:29:35 - [MESSAGE][INFO] - Checking timeout

2021-11-19 17:29:35 - [MESSAGE][INFO] - Finding web element with id: 'Object Repository/Kullanici_Islemleri/Secenekler' located by 'By.cssSelector: .nav.navbar-nav.navbar-right li a' in '10' second(s)

2021-11-19 17:29:35 - [MESSAGE][INFO] - Smart Wait Function is triggered

2021-11-19 17:29:35 - [MESSAGE][PASSED] - Web element with id: 'Object Repository/Kullanici_Islemleri/Secenekler' located by 'By.cssSelector: .nav.navbar-nav.navbar-right li a' is not present after '10' second(s)

2021-11-19 17:29:35 - [MESSAGE][PASSED] - Call Test Case 'Test Cases/Kullanici_Islemleri/KullaniciIslemlerindenSecimYapilir' successfully

2021-11-19 17:29:35 - [TEST_CASE][PASSED] - Start Test Case : SCENARIO Giden Zarf GIB: SCENARIO Giden Zarf GIB

2021-11-19 17:29:35 - [TEST_STEP][PASSED] - Kullanıcı adı ELOGO6 ve Şifre 123456 olarak giriş yapılır: Kullanıcı adı ELOGO6 ve Şifre 123456 olarak giriş yapılır

2021-11-19 17:29:35 - [MESSAGE][PASSED] - Kullanıcı adı ELOGO6 ve Şifre 123456 olarak giriş yapılır

2021-11-19 17:29:35 - [TEST_STEP][PASSED] - Ana menüden Zarflar seçilir: Ana menüden Zarflar seçilir

2021-11-19 17:29:35 - [MESSAGE][PASSED] - Ana menüden Zarflar seçilir

2021-11-19 17:29:35 - [TEST_STEP][PASSED] - Alt menüden Giden Zarflar seçilir: Alt menüden Giden Zarflar seçilir

2021-11-19 17:29:35 - [MESSAGE][PASSED] - Alt menüden Giden Zarflar seçilir

2021-11-19 17:29:35 - [TEST_STEP][PASSED] - Filtrelerden Oluşturma Tarihi filtresine 01.12.2020 baslangic degerini yaz: Filtrelerden Oluşturma Tarihi filtresine 01.12.2020 baslangic degerini yaz

2021-11-19 17:29:35 - [MESSAGE][PASSED] - Filtrelerden Oluşturma Tarihi filtresine 01.12.2020 baslangic degerini yaz

2021-11-19 17:29:35 - [TEST_STEP][PASSED] - Filtrelerden Oluşturma Tarihi filtresine 31.12.2020 bitis degerini yaz: Filtrelerden Oluşturma Tarihi filtresine 31.12.2020 bitis degerini yaz

2021-11-19 17:29:35 - [MESSAGE][PASSED] - Filtrelerden Oluşturma Tarihi filtresine 31.12.2020 bitis degerini yaz

2021-11-19 17:29:35 - [TEST_STEP][PASSED] - Filtre butonlarından Listele seçilir: Filtre butonlarından Listele seçilir

2021-11-19 17:29:35 - [MESSAGE][PASSED] - Filtre butonlarından Listele seçilir

2021-11-19 17:29:35 - [TEST_STEP][PASSED] - Tabloda veri var mı kontrol edilir: Tabloda veri var mı kontrol edilir

2021-11-19 17:29:35 - [MESSAGE][PASSED] - Tabloda veri var mı kontrol edilir

2021-11-19 17:29:35 - [TEST_STEP][PASSED] - Tablodan E LOGO 6 isimli veri seçilir: Tablodan E LOGO 6 isimli veri seçilir

2021-11-19 17:29:35 - [MESSAGE][PASSED] - Tablodan E LOGO 6 isimli veri seçilir

2021-11-19 17:29:35 - [TEST_STEP][PASSED] - Butonlardan UBL isimli butona tıklanır: Butonlardan UBL isimli butona tıklanır

2021-11-19 17:29:35 - [MESSAGE][PASSED] - Butonlardan UBL isimli butona tıklanır

2021-11-19 17:29:35 - [TEST_STEP][PASSED] - Yeni açılan sekmeye geçilir: Yeni açılan sekmeye geçilir

2021-11-19 17:29:35 - [MESSAGE][PASSED] - Yeni açılan sekmeye geçilir

2021-11-19 17:29:35 - [TEST_STEP][PASSED] - sh:StandardBusinessDocument tagli ubl geldi mi: sh:StandardBusinessDocument tagli ubl geldi mi

2021-11-19 17:29:35 - [MESSAGE][PASSED] - sh:StandardBusinessDocument tagli ubl geldi mi

2021-11-19 17:29:35 - [TEST_STEP][PASSED] - Ana sekmeye geçilir: Ana sekmeye geçilir

2021-11-19 17:29:35 - [MESSAGE][PASSED] - Ana sekmeye geçilir

2021-11-19 17:29:35 - [TEST_STEP][PASSED] - Kullanıcı işlemlerinden Çıkış seçilir: Kullanıcı işlemlerinden Çıkış seçilir

2021-11-19 17:29:35 - [MESSAGE][PASSED] - Kullanıcı işlemlerinden Çıkış seçilir

2021-11-19 17:29:35 - [MESSAGE][PASSED] - Feature file: 'Include/features/Zarflar/Giden Zarflar/UBL-Goster.feature' was passed

2021-11-19 17:29:35 - [TEST_STEP][PASSED] - Start listener action : sampleAfterTestSuite: Invoke 'com.kms.katalon.core.annotation.AfterTestCase' method: 'Listener.sampleAfterTestSuite(...)' completed.

2021-11-19 17:29:35 - [MESSAGE][INFO] - Starting invoke 'com.kms.katalon.core.annotation.AfterTestCase' method: 'Listener.sampleAfterTestSuite(...)'

2021-11-19 17:29:35 - [TEST_STEP][PASSED] - closeBrowser(): Invoke 'com.kms.katalon.core.annotation.AfterTestCase' method: 'Listener.sampleAfterTestSuite(...)' completed.

2021-11-19 17:29:35 - [MESSAGE][INFO] - Closing browser

2021-11-19 17:29:36 - [MESSAGE][PASSED] - Browser is closed

2021-11-19 17:29:36 - [MESSAGE][INFO] - Invoke 'com.kms.katalon.core.annotation.AfterTestCase' method: 'Listener.sampleAfterTestSuite(...)' completed.]]></system-out>
         <system-err><![CDATA[]]></system-err>
      </testcase>
      <system-out><![CDATA[2021-11-19 17:11:49 - [TEST_SUITE][FAILED] - Zarflar: Test Cases/Case Repository/Zarflar/Giden Zarflar/Indir FAILED.
Reason:
com.kms.katalon.core.exception.StepFailedException: Feature file 'Include/features/Zarflar/Giden Zarflar/Indir.feature' was failed
	at com.kms.katalon.core.keyword.internal.KeywordMain.stepFailed(KeywordMain.groovy:50)
	at com.kms.katalon.core.keyword.internal.KeywordMain.stepFailed(KeywordMain.groovy)
	at com.kms.katalon.core.keyword.internal.KeywordMain.stepFailed(KeywordMain.groovy:23)
	at com.kms.katalon.core.keyword.internal.KeywordMain$stepFailed$0.call(Unknown Source)
	at com.kms.katalon.core.cucumber.keyword.CucumberBuiltinKeywords$_runFeatureFile_closure1.doCall(CucumberBuiltinKeywords.groovy:112)
	at com.kms.katalon.core.cucumber.keyword.CucumberBuiltinKeywords$_runFeatureFile_closure1.doCall(CucumberBuiltinKeywords.groovy)
	at com.kms.katalon.core.keyword.internal.KeywordMain.runKeyword(KeywordMain.groovy:68)
	at com.kms.katalon.core.keyword.internal.KeywordMain$runKeyword.call(Unknown Source)
	at com.kms.katalon.core.cucumber.keyword.CucumberBuiltinKeywords.runFeatureFile(CucumberBuiltinKeywords.groovy:73)
	at com.kms.katalon.core.cucumber.keyword.CucumberBuiltinKeywords$runFeatureFile$0.callStatic(Unknown Source)
	at com.kms.katalon.core.cucumber.keyword.CucumberBuiltinKeywords.runFeatureFile(CucumberBuiltinKeywords.groovy:246)
	at com.kms.katalon.core.cucumber.keyword.CucumberBuiltinKeywords$runFeatureFile.call(Unknown Source)
	at Indir.run(Indir:19)
	at com.kms.katalon.core.main.ScriptEngine.run(ScriptEngine.java:194)
	at com.kms.katalon.core.main.ScriptEngine.runScriptAsRawText(ScriptEngine.java:119)
	at com.kms.katalon.core.main.TestCaseExecutor.runScript(TestCaseExecutor.java:369)
	at com.kms.katalon.core.main.TestCaseExecutor.doExecute(TestCaseExecutor.java:360)
	at com.kms.katalon.core.main.TestCaseExecutor.processExecutionPhase(TestCaseExecutor.java:339)
	at com.kms.katalon.core.main.TestCaseExecutor.accessMainPhase(TestCaseExecutor.java:331)
	at com.kms.katalon.core.main.TestCaseExecutor.execute(TestCaseExecutor.java:248)
	at com.kms.katalon.core.main.TestSuiteExecutor.accessTestCaseMainPhase(TestSuiteExecutor.java:191)
	at com.kms.katalon.core.main.TestSuiteExecutor.accessTestSuiteMainPhase(TestSuiteExecutor.java:140)
	at com.kms.katalon.core.main.TestSuiteExecutor.execute(TestSuiteExecutor.java:89)
	at com.kms.katalon.core.main.TestCaseMain.startTestSuite(TestCaseMain.java:181)
	at com.kms.katalon.core.main.TestCaseMain$startTestSuite$0.call(Unknown Source)
	at TempTestSuite1637329571499.run(TempTestSuite1637329571499.groovy:39)]]></system-out>
      <system-err><![CDATA[2021-11-19 17:11:49 - [TEST_SUITE][FAILED] - Zarflar: Test Cases/Case Repository/Zarflar/Giden Zarflar/Indir FAILED.
Reason:
com.kms.katalon.core.exception.StepFailedException: Feature file 'Include/features/Zarflar/Giden Zarflar/Indir.feature' was failed
	at com.kms.katalon.core.keyword.internal.KeywordMain.stepFailed(KeywordMain.groovy:50)
	at com.kms.katalon.core.keyword.internal.KeywordMain.stepFailed(KeywordMain.groovy)
	at com.kms.katalon.core.keyword.internal.KeywordMain.stepFailed(KeywordMain.groovy:23)
	at com.kms.katalon.core.keyword.internal.KeywordMain$stepFailed$0.call(Unknown Source)
	at com.kms.katalon.core.cucumber.keyword.CucumberBuiltinKeywords$_runFeatureFile_closure1.doCall(CucumberBuiltinKeywords.groovy:112)
	at com.kms.katalon.core.cucumber.keyword.CucumberBuiltinKeywords$_runFeatureFile_closure1.doCall(CucumberBuiltinKeywords.groovy)
	at com.kms.katalon.core.keyword.internal.KeywordMain.runKeyword(KeywordMain.groovy:68)
	at com.kms.katalon.core.keyword.internal.KeywordMain$runKeyword.call(Unknown Source)
	at com.kms.katalon.core.cucumber.keyword.CucumberBuiltinKeywords.runFeatureFile(CucumberBuiltinKeywords.groovy:73)
	at com.kms.katalon.core.cucumber.keyword.CucumberBuiltinKeywords$runFeatureFile$0.callStatic(Unknown Source)
	at com.kms.katalon.core.cucumber.keyword.CucumberBuiltinKeywords.runFeatureFile(CucumberBuiltinKeywords.groovy:246)
	at com.kms.katalon.core.cucumber.keyword.CucumberBuiltinKeywords$runFeatureFile.call(Unknown Source)
	at Indir.run(Indir:19)
	at com.kms.katalon.core.main.ScriptEngine.run(ScriptEngine.java:194)
	at com.kms.katalon.core.main.ScriptEngine.runScriptAsRawText(ScriptEngine.java:119)
	at com.kms.katalon.core.main.TestCaseExecutor.runScript(TestCaseExecutor.java:369)
	at com.kms.katalon.core.main.TestCaseExecutor.doExecute(TestCaseExecutor.java:360)
	at com.kms.katalon.core.main.TestCaseExecutor.processExecutionPhase(TestCaseExecutor.java:339)
	at com.kms.katalon.core.main.TestCaseExecutor.accessMainPhase(TestCaseExecutor.java:331)
	at com.kms.katalon.core.main.TestCaseExecutor.execute(TestCaseExecutor.java:248)
	at com.kms.katalon.core.main.TestSuiteExecutor.accessTestCaseMainPhase(TestSuiteExecutor.java:191)
	at com.kms.katalon.core.main.TestSuiteExecutor.accessTestSuiteMainPhase(TestSuiteExecutor.java:140)
	at com.kms.katalon.core.main.TestSuiteExecutor.execute(TestSuiteExecutor.java:89)
	at com.kms.katalon.core.main.TestCaseMain.startTestSuite(TestCaseMain.java:181)
	at com.kms.katalon.core.main.TestCaseMain$startTestSuite$0.call(Unknown Source)
	at TempTestSuite1637329571499.run(TempTestSuite1637329571499.groovy:39)]]></system-err>
   </testsuite>
</testsuites>
