<?xml version="1.0" encoding="UTF-8"?>
<testsuites name="Zarflar" time="412.877" tests="10" failures="0" errors="0">
   <testsuite name="Zarflar" tests="10" failures="0" errors="0" time="412.877" skipped="0" timestamp="2021-10-15 17:21:21" hostname="DELL - DESKTOP-QBVMTUG" id="">
      <properties>
         <property name="deviceName" value=""/>
         <property name="devicePlatform" value=""/>
         <property name="logFolder" value="C:\\Users\\DELL\\Downloads\\EES_Katalon-main\\Reports\\20211015_165642\\Suite Repository\\Zarflar\\20211015_165727"/>
         <property name="logFiles" value="C:\\Users\\DELL\\Downloads\\EES_Katalon-main\\Reports\\20211015_165642\\Suite Repository\\Zarflar\\20211015_165727\\execution0.log"/>
         <property name="attachments" value=""/>
         <property name="hostName" value="DELL - DESKTOP-QBVMTUG"/>
         <property name="os" value="Windows 10 64bit"/>
         <property name="katalonVersion" value="8.0.5.208"/>
         <property name="browser" value="Chrome 94.0.4606.81"/>
         <property name="hostAddress" value="192.168.1.19"/>
         <property name="sessionId" value="b05ca8eba8b8666002a1220efbb139fb"/>
         <property name="seleniumVersion" value="3.141.59"/>
         <property name="proxyInformation" value="ProxyInformation { proxyOption=NO_PROXY, proxyServerType=HTTP, username=, password=********, proxyServerAddress=, proxyServerPort=0, executionList=&quot;&quot;, isApplyToDesiredCapabilities=true }"/>
         <property name="platform" value="Windows 10"/>
      </properties>
      <testcase name="Test Cases/Case Repository/Zarflar/Gelen Zarflar/Ekran Kontrolu" time="57.655" classname="Test Cases/Case Repository/Zarflar/Gelen Zarflar/Ekran Kontrolu" status="PASSED">
         <system-out><![CDATA[2021-10-15 17:21:22 - [TEST_CASE][PASSED] - Test Cases/Case Repository/Zarflar/Gelen Zarflar/Ekran Kontrolu: Test Cases/Case Repository/Zarflar/Gelen Zarflar/Ekran Kontrolu

2021-10-15 17:21:22 - [TEST_STEP][PASSED] - Start listener action : sampleBeforeTestSuite: Invoke 'com.kms.katalon.core.annotation.BeforeTestCase' method: 'Listener.sampleBeforeTestSuite(...)' completed.

2021-10-15 17:21:22 - [MESSAGE][INFO] - Starting invoke 'com.kms.katalon.core.annotation.BeforeTestCase' method: 'Listener.sampleBeforeTestSuite(...)'

2021-10-15 17:21:22 - [TEST_STEP][PASSED] - openBrowser(baseUrl): Browser is opened with url: 'https://efatura-stage.elogo.com.tr/'

2021-10-15 17:21:23 - [MESSAGE][INFO] - Opening browser

2021-10-15 17:21:23 - [MESSAGE][INFO] - Starting 'Chrome' driver

2021-10-15 17:21:23 - [MESSAGE][INFO] - User set preference: ['prefs', '{download.default_directory=C:\otomasyondownfiles}']

2021-10-15 17:21:23 - [MESSAGE][INFO] - Action delay is set to 0 milliseconds

2021-10-15 17:21:26 - [MESSAGE][INFO] - Navigating browser to: 'https://efatura-stage.elogo.com.tr/'

2021-10-15 17:21:29 - [MESSAGE][PASSED] - Browser is opened with url: 'https://efatura-stage.elogo.com.tr/'

2021-10-15 17:21:29 - [TEST_STEP][PASSED] - maximizeWindow(): Invoke 'com.kms.katalon.core.annotation.BeforeTestCase' method: 'Listener.sampleBeforeTestSuite(...)' completed.

2021-10-15 17:21:29 - [MESSAGE][INFO] - Maximizing current window

2021-10-15 17:21:29 - [MESSAGE][PASSED] - Current window maximized

2021-10-15 17:21:29 - [MESSAGE][INFO] - Invoke 'com.kms.katalon.core.annotation.BeforeTestCase' method: 'Listener.sampleBeforeTestSuite(...)' completed.

2021-10-15 17:21:30 - [TEST_STEP][PASSED] - runFeatureFile("Include/features/Zarflar/Gelen Zarflar/Ekran Kontrolu.feature"): Feature file: 'Include/features/Zarflar/Gelen Zarflar/Ekran Kontrolu.feature' was passed

2021-10-15 17:21:30 - [MESSAGE][INFO] - Starting run keyword runFeatureFile: 'Include/features/Zarflar/Gelen Zarflar/Ekran Kontrolu.feature' and extract report to folder: 'C:\Users\DELL\Downloads\EES_Katalon-main\Reports\20211015_165642\Suite Repository\Zarflar\20211015_165727/cucumber_report/1634307690760'...

2021-10-15 17:21:30 - [MESSAGE][INFO] - Glue: []

2021-10-15 17:21:33 - [MESSAGE][INFO] - Checking called Test Case

2021-10-15 17:21:33 - [MESSAGE][INFO] - Starting to call Test Case 'Test Cases/Sayfalar/Giris_Sayfasi/Login'

2021-10-15 17:21:33 - [TEST_CASE][PASSED] - Test Cases/Sayfalar/Giris_Sayfasi/Login: Test Cases/Sayfalar/Giris_Sayfasi/Login

2021-10-15 17:21:34 - [TEST_STEP][PASSED] - Sayfa_Basligi = getWindowTitle(): Current window's title is: 'LOGO e-Fatura'

2021-10-15 17:21:34 - [MESSAGE][INFO] - Getting current window's title

2021-10-15 17:21:34 - [MESSAGE][PASSED] - Current window's title is: 'LOGO e-Fatura'

2021-10-15 17:21:34 - [TEST_STEP][PASSED] - verifyMatch(Sayfa_Basligi, "LOGO e-Fatura", false): Actual text 'LOGO e-Fatura' and expected text 'LOGO e-Fatura' are matched 

2021-10-15 17:21:34 - [MESSAGE][INFO] - Matching actual text 'LOGO e-Fatura' with expected text 'LOGO e-Fatura'

2021-10-15 17:21:34 - [MESSAGE][PASSED] - Actual text 'LOGO e-Fatura' and expected text 'LOGO e-Fatura' are matched 

2021-10-15 17:21:34 - [TEST_STEP][PASSED] - sendKeys(findTestObject("Sayfalar/Giris_Sayfasi/Firma_Kodu"), KullaniciAdi): Keys 'ELOGO6' sent to object: 'Object Repository/Sayfalar/Giris_Sayfasi/Firma_Kodu'

2021-10-15 17:21:34 - [MESSAGE][INFO] - Finding Test Object 'Object Repository/Sayfalar/Giris_Sayfasi/Firma_Kodu'

2021-10-15 17:21:34 - [MESSAGE][INFO] - Sending keys 'ELOGO6' to object: 'Object Repository/Sayfalar/Giris_Sayfasi/Firma_Kodu'

2021-10-15 17:21:34 - [MESSAGE][INFO] - Finding web element from Test Object's properties

2021-10-15 17:21:34 - [MESSAGE][INFO] - Checking timeout

2021-10-15 17:21:34 - [MESSAGE][INFO] - Finding web element with id: 'Object Repository/Sayfalar/Giris_Sayfasi/Firma_Kodu' located by 'By.xpath: //*[@id = 'AccountName']' in '30' second(s)

2021-10-15 17:21:34 - [MESSAGE][INFO] - Smart Wait Function is triggered

2021-10-15 17:21:34 - [MESSAGE][INFO] - Found 1 web elements with id: 'Object Repository/Sayfalar/Giris_Sayfasi/Firma_Kodu' located by 'By.xpath: //*[@id = 'AccountName']' in '30' second(s)

2021-10-15 17:21:35 - [MESSAGE][PASSED] - Keys 'ELOGO6' sent to object: 'Object Repository/Sayfalar/Giris_Sayfasi/Firma_Kodu'

2021-10-15 17:21:35 - [TEST_STEP][PASSED] - sendKeys(findTestObject("Sayfalar/Giris_Sayfasi/Sifre"), Sifre): Keys '123456' sent to object: 'Object Repository/Sayfalar/Giris_Sayfasi/Sifre'

2021-10-15 17:21:35 - [MESSAGE][INFO] - Finding Test Object 'Object Repository/Sayfalar/Giris_Sayfasi/Sifre'

2021-10-15 17:21:35 - [MESSAGE][INFO] - Sending keys '123456' to object: 'Object Repository/Sayfalar/Giris_Sayfasi/Sifre'

2021-10-15 17:21:35 - [MESSAGE][INFO] - Finding web element from Test Object's properties

2021-10-15 17:21:35 - [MESSAGE][INFO] - Checking timeout

2021-10-15 17:21:35 - [MESSAGE][INFO] - Finding web element with id: 'Object Repository/Sayfalar/Giris_Sayfasi/Sifre' located by 'By.xpath: //*[@id = 'Password']' in '30' second(s)

2021-10-15 17:21:35 - [MESSAGE][INFO] - Smart Wait Function is triggered

2021-10-15 17:21:35 - [MESSAGE][INFO] - Found 1 web elements with id: 'Object Repository/Sayfalar/Giris_Sayfasi/Sifre' located by 'By.xpath: //*[@id = 'Password']' in '30' second(s)

2021-10-15 17:21:35 - [MESSAGE][PASSED] - Keys '123456' sent to object: 'Object Repository/Sayfalar/Giris_Sayfasi/Sifre'

2021-10-15 17:21:35 - [TEST_STEP][PASSED] - findWebElement(findTestObject("Sayfalar/Giris_Sayfasi/Giris_Butonu")).click(): Found 1 web elements with id: 'Object Repository/Sayfalar/Giris_Sayfasi/Giris_Butonu' located by 'By.cssSelector: #btnLogin' in '30' second(s)

2021-10-15 17:21:35 - [MESSAGE][INFO] - Finding Test Object 'Object Repository/Sayfalar/Giris_Sayfasi/Giris_Butonu'

2021-10-15 17:21:35 - [MESSAGE][INFO] - Finding web element from Test Object's properties

2021-10-15 17:21:35 - [MESSAGE][INFO] - Checking timeout

2021-10-15 17:21:35 - [MESSAGE][INFO] - Finding web element with id: 'Object Repository/Sayfalar/Giris_Sayfasi/Giris_Butonu' located by 'By.cssSelector: #btnLogin' in '30' second(s)

2021-10-15 17:21:35 - [MESSAGE][INFO] - Smart Wait Function is triggered

2021-10-15 17:21:36 - [MESSAGE][INFO] - Found 1 web elements with id: 'Object Repository/Sayfalar/Giris_Sayfasi/Giris_Butonu' located by 'By.cssSelector: #btnLogin' in '30' second(s)

2021-10-15 17:21:38 - [TEST_STEP][PASSED] - if (verifyElementPresent(findTestObject("Object Repository/Sayfalar/Giris_Sayfasi/RetveTamam_Butonu"), 5, OPTIONAL)): null

2021-10-15 17:21:38 - [MESSAGE][INFO] - Finding Test Object 'Object Repository/Sayfalar/Giris_Sayfasi/RetveTamam_Butonu'

2021-10-15 17:21:38 - [MESSAGE][INFO] - Checking object

2021-10-15 17:21:38 - [MESSAGE][INFO] - Finding web element from Test Object's properties

2021-10-15 17:21:38 - [MESSAGE][INFO] - Checking timeout

2021-10-15 17:21:38 - [MESSAGE][INFO] - Finding web element with id: 'Object Repository/Sayfalar/Giris_Sayfasi/RetveTamam_Butonu' located by 'By.xpath: //*[@class = 'btn btn-default']' in '5' second(s)

2021-10-15 17:21:38 - [MESSAGE][INFO] - Smart Wait Function is triggered

2021-10-15 17:21:38 - [MESSAGE][INFO] - Found 1 web elements with id: 'Object Repository/Sayfalar/Giris_Sayfasi/RetveTamam_Butonu' located by 'By.xpath: //*[@class = 'btn btn-default']' in '5' second(s)

2021-10-15 17:21:38 - [MESSAGE][PASSED] - Object 'Object Repository/Sayfalar/Giris_Sayfasi/RetveTamam_Butonu' is present

2021-10-15 17:21:38 - [TEST_STEP][PASSED] - click(findTestObject("Object Repository/Sayfalar/Giris_Sayfasi/RetveTamam_Butonu")): Object: 'Object Repository/Sayfalar/Giris_Sayfasi/RetveTamam_Butonu' is clicked on

2021-10-15 17:21:38 - [MESSAGE][INFO] - Finding Test Object 'Object Repository/Sayfalar/Giris_Sayfasi/RetveTamam_Butonu'

2021-10-15 17:21:39 - [MESSAGE][INFO] - Checking object

2021-10-15 17:21:39 - [MESSAGE][INFO] - Finding web element from Test Object's properties

2021-10-15 17:21:39 - [MESSAGE][INFO] - Checking timeout

2021-10-15 17:21:39 - [MESSAGE][INFO] - Finding web element with id: 'Object Repository/Sayfalar/Giris_Sayfasi/RetveTamam_Butonu' located by 'By.xpath: //*[@class = 'btn btn-default']' in '30' second(s)

2021-10-15 17:21:39 - [MESSAGE][INFO] - Smart Wait Function is triggered

2021-10-15 17:21:39 - [MESSAGE][INFO] - Found 1 web elements with id: 'Object Repository/Sayfalar/Giris_Sayfasi/RetveTamam_Butonu' located by 'By.xpath: //*[@class = 'btn btn-default']' in '30' second(s)

2021-10-15 17:21:39 - [MESSAGE][INFO] - Clicking on object: 'Object Repository/Sayfalar/Giris_Sayfasi/RetveTamam_Butonu'

2021-10-15 17:21:39 - [MESSAGE][PASSED] - Object: 'Object Repository/Sayfalar/Giris_Sayfasi/RetveTamam_Butonu' is clicked on

2021-10-15 17:21:39 - [TEST_STEP][PASSED] - click(findTestObject("Object Repository/Sayfalar/Giris_Sayfasi/RetveTamam_Butonu")): Object: 'Object Repository/Sayfalar/Giris_Sayfasi/RetveTamam_Butonu' is clicked on

2021-10-15 17:21:39 - [MESSAGE][INFO] - Finding Test Object 'Object Repository/Sayfalar/Giris_Sayfasi/RetveTamam_Butonu'

2021-10-15 17:21:39 - [MESSAGE][INFO] - Checking object

2021-10-15 17:21:39 - [MESSAGE][INFO] - Finding web element from Test Object's properties

2021-10-15 17:21:39 - [MESSAGE][INFO] - Checking timeout

2021-10-15 17:21:39 - [MESSAGE][INFO] - Finding web element with id: 'Object Repository/Sayfalar/Giris_Sayfasi/RetveTamam_Butonu' located by 'By.xpath: //*[@class = 'btn btn-default']' in '30' second(s)

2021-10-15 17:21:39 - [MESSAGE][INFO] - Smart Wait Function is triggered

2021-10-15 17:21:42 - [MESSAGE][INFO] - Found 1 web elements with id: 'Object Repository/Sayfalar/Giris_Sayfasi/RetveTamam_Butonu' located by 'By.xpath: //*[@class = 'btn btn-default']' in '30' second(s)

2021-10-15 17:21:42 - [MESSAGE][INFO] - Clicking on object: 'Object Repository/Sayfalar/Giris_Sayfasi/RetveTamam_Butonu'

2021-10-15 17:21:42 - [MESSAGE][PASSED] - Object: 'Object Repository/Sayfalar/Giris_Sayfasi/RetveTamam_Butonu' is clicked on

2021-10-15 17:21:42 - [TEST_STEP][PASSED] - if (verifyElementPresent(findTestObject("Sayfalar/Giris_Sayfasi/PopupOK"), 5, OPTIONAL)): null

2021-10-15 17:21:42 - [MESSAGE][INFO] - Finding Test Object 'Object Repository/Sayfalar/Giris_Sayfasi/PopupOK'

2021-10-15 17:21:42 - [MESSAGE][INFO] - Checking object

2021-10-15 17:21:42 - [MESSAGE][INFO] - Finding web element from Test Object's properties

2021-10-15 17:21:42 - [MESSAGE][INFO] - Checking timeout

2021-10-15 17:21:42 - [MESSAGE][INFO] - Finding web element with id: 'Object Repository/Sayfalar/Giris_Sayfasi/PopupOK' located by 'By.cssSelector: .btn.btn-success' in '5' second(s)

2021-10-15 17:21:42 - [MESSAGE][INFO] - Smart Wait Function is triggered

2021-10-15 17:21:43 - [MESSAGE][INFO] - Found 1 web elements with id: 'Object Repository/Sayfalar/Giris_Sayfasi/PopupOK' located by 'By.cssSelector: .btn.btn-success' in '5' second(s)

2021-10-15 17:21:43 - [MESSAGE][PASSED] - Object 'Object Repository/Sayfalar/Giris_Sayfasi/PopupOK' is present

2021-10-15 17:21:43 - [TEST_STEP][PASSED] - click(findTestObject("Object Repository/Sayfalar/Giris_Sayfasi/PopupCarpiGiris")): Object: 'Object Repository/Sayfalar/Giris_Sayfasi/PopupCarpiGiris' is clicked on

2021-10-15 17:21:43 - [MESSAGE][INFO] - Finding Test Object 'Object Repository/Sayfalar/Giris_Sayfasi/PopupCarpiGiris'

2021-10-15 17:21:43 - [MESSAGE][INFO] - Checking object

2021-10-15 17:21:43 - [MESSAGE][INFO] - Finding web element from Test Object's properties

2021-10-15 17:21:43 - [MESSAGE][INFO] - Checking timeout

2021-10-15 17:21:43 - [MESSAGE][INFO] - Finding web element with id: 'Object Repository/Sayfalar/Giris_Sayfasi/PopupCarpiGiris' located by 'By.cssSelector: .bootbox-close-button.close' in '30' second(s)

2021-10-15 17:21:43 - [MESSAGE][INFO] - Smart Wait Function is triggered

2021-10-15 17:21:43 - [MESSAGE][INFO] - Found 1 web elements with id: 'Object Repository/Sayfalar/Giris_Sayfasi/PopupCarpiGiris' located by 'By.cssSelector: .bootbox-close-button.close' in '30' second(s)

2021-10-15 17:21:43 - [MESSAGE][INFO] - Clicking on object: 'Object Repository/Sayfalar/Giris_Sayfasi/PopupCarpiGiris'

2021-10-15 17:21:43 - [MESSAGE][PASSED] - Object: 'Object Repository/Sayfalar/Giris_Sayfasi/PopupCarpiGiris' is clicked on

2021-10-15 17:21:43 - [TEST_STEP][PASSED] - verifyElementVisible(findTestObject("Object Repository/Kullanici_Islemleri/KullaniciIslemleri")): Object 'Object Repository/Kullanici_Islemleri/KullaniciIslemleri' is visible

2021-10-15 17:21:43 - [MESSAGE][INFO] - Finding Test Object 'Object Repository/Kullanici_Islemleri/KullaniciIslemleri'

2021-10-15 17:21:43 - [MESSAGE][INFO] - Checking object

2021-10-15 17:21:43 - [MESSAGE][INFO] - Finding web element from Test Object's properties

2021-10-15 17:21:43 - [MESSAGE][INFO] - Checking timeout

2021-10-15 17:21:43 - [MESSAGE][INFO] - Finding web element with id: 'Object Repository/Kullanici_Islemleri/KullaniciIslemleri' located by 'By.cssSelector: .dropdown>a>img' in '30' second(s)

2021-10-15 17:21:43 - [MESSAGE][INFO] - Smart Wait Function is triggered

2021-10-15 17:21:44 - [MESSAGE][INFO] - Found 1 web elements with id: 'Object Repository/Kullanici_Islemleri/KullaniciIslemleri' located by 'By.cssSelector: .dropdown>a>img' in '30' second(s)

2021-10-15 17:21:44 - [MESSAGE][PASSED] - Object 'Object Repository/Kullanici_Islemleri/KullaniciIslemleri' is visible

2021-10-15 17:21:44 - [MESSAGE][PASSED] - Call Test Case 'Test Cases/Sayfalar/Giris_Sayfasi/Login' successfully

2021-10-15 17:21:44 - [MESSAGE][INFO] - Checking called Test Case

2021-10-15 17:21:44 - [MESSAGE][INFO] - Starting to call Test Case 'Test Cases/Menu/AnaMenuSecimi'

2021-10-15 17:21:44 - [TEST_CASE][PASSED] - Test Cases/Menu/AnaMenuSecimi: Test Cases/Menu/AnaMenuSecimi

2021-10-15 17:21:45 - [TEST_STEP][PASSED] - Method.TextDegerineEsitElementeTikla(findTestObject("Menu/Ana_Menu"), Ana_Menu): Method.TextDegerineEsitElementeTikla is PASSED

2021-10-15 17:21:45 - [MESSAGE][INFO] - Finding Test Object 'Object Repository/Menu/Ana_Menu'

2021-10-15 17:21:45 - [MESSAGE][INFO] - Checking timeout

2021-10-15 17:21:45 - [MESSAGE][INFO] - Finding web element with id: 'Object Repository/Menu/Ana_Menu' located by 'By.xpath: //*[@class = 'dropdown-toggle']' in '10' second(s)

2021-10-15 17:21:45 - [MESSAGE][INFO] - Smart Wait Function is triggered

2021-10-15 17:21:46 - [MESSAGE][INFO] - Found 14 web elements with id: 'Object Repository/Menu/Ana_Menu' located by 'By.xpath: //*[@class = 'dropdown-toggle']' in '10' second(s)

2021-10-15 17:21:46 - [MESSAGE][PASSED] - Method.TextDegerineEsitElementeTikla is PASSED

2021-10-15 17:21:46 - [MESSAGE][PASSED] - Call Test Case 'Test Cases/Menu/AnaMenuSecimi' successfully

2021-10-15 17:21:46 - [MESSAGE][INFO] - Checking called Test Case

2021-10-15 17:21:46 - [MESSAGE][INFO] - Starting to call Test Case 'Test Cases/Menu/AltMenuSecimi'

2021-10-15 17:21:46 - [TEST_CASE][PASSED] - Test Cases/Menu/AltMenuSecimi: Test Cases/Menu/AltMenuSecimi

2021-10-15 17:21:47 - [TEST_STEP][PASSED] - Method.TextDegerineEsitElementeTikla(findTestObject("Menu/Alt_Menu"), Alt_Menu): Method.TextDegerineEsitElementeTikla is PASSED

2021-10-15 17:21:47 - [MESSAGE][INFO] - Finding Test Object 'Object Repository/Menu/Alt_Menu'

2021-10-15 17:21:47 - [MESSAGE][INFO] - Checking timeout

2021-10-15 17:21:47 - [MESSAGE][INFO] - Finding web element with id: 'Object Repository/Menu/Alt_Menu' located by 'By.xpath: //li[@class='dropdown dropdown-large open']//li[@class='dropdown-element']' in '10' second(s)

2021-10-15 17:21:47 - [MESSAGE][INFO] - Smart Wait Function is triggered

2021-10-15 17:21:47 - [MESSAGE][INFO] - Found 2 web elements with id: 'Object Repository/Menu/Alt_Menu' located by 'By.xpath: //li[@class='dropdown dropdown-large open']//li[@class='dropdown-element']' in '10' second(s)

2021-10-15 17:21:49 - [MESSAGE][PASSED] - Method.TextDegerineEsitElementeTikla is PASSED

2021-10-15 17:21:49 - [MESSAGE][PASSED] - Call Test Case 'Test Cases/Menu/AltMenuSecimi' successfully

2021-10-15 17:21:49 - [MESSAGE][INFO] - Checking called Test Case

2021-10-15 17:21:49 - [MESSAGE][INFO] - Starting to call Test Case 'Test Cases/Filtreler/BaslangicYaz'

2021-10-15 17:21:49 - [TEST_CASE][PASSED] - Test Cases/Filtreler/BaslangicYaz: Test Cases/Filtreler/BaslangicYaz

2021-10-15 17:21:50 - [TEST_STEP][PASSED] - Method.TextDegerineEsitElementinAltindakineTikla(findTestObject("Filtreler/Basliklar"), findTestObject("Filtreler/Basliga_Gore_Baslangic_Image"), Filtre_Adi): Method.TextDegerineEsitElementinAltindakineTikla is PASSED

2021-10-15 17:21:50 - [MESSAGE][INFO] - Finding Test Object 'Object Repository/Filtreler/Basliklar'

2021-10-15 17:21:50 - [MESSAGE][INFO] - Finding Test Object 'Object Repository/Filtreler/Basliga_Gore_Baslangic_Image'

2021-10-15 17:21:51 - [MESSAGE][INFO] - Checking timeout

2021-10-15 17:21:51 - [MESSAGE][INFO] - Finding web element with id: 'Object Repository/Filtreler/Basliklar' located by 'By.cssSelector: .control-label.col-sm-4.paddingMarginRLC' in '10' second(s)

2021-10-15 17:21:51 - [MESSAGE][INFO] - Smart Wait Function is triggered

2021-10-15 17:21:51 - [MESSAGE][INFO] - Found 8 web elements with id: 'Object Repository/Filtreler/Basliklar' located by 'By.cssSelector: .control-label.col-sm-4.paddingMarginRLC' in '10' second(s)

2021-10-15 17:21:51 - [MESSAGE][INFO] - Smart Wait Function is triggered

2021-10-15 17:21:51 - [MESSAGE][PASSED] - Method.TextDegerineEsitElementinAltindakineTikla is PASSED

2021-10-15 17:21:51 - [TEST_STEP][PASSED] - Method.TextDegerineEsitElementinAltindakiTextboxtaYaz(findTestObject("Filtreler/Basliklar"), findTestObject("Filtreler/Basliga_Gore_Baslangic"), Filtre_Adi, Filtre_Degeri): Method.TextDegerineEsitElementinAltindakiTextboxtaYaz is PASSED

2021-10-15 17:21:51 - [MESSAGE][INFO] - Finding Test Object 'Object Repository/Filtreler/Basliklar'

2021-10-15 17:21:51 - [MESSAGE][INFO] - Finding Test Object 'Object Repository/Filtreler/Basliga_Gore_Baslangic'

2021-10-15 17:21:52 - [MESSAGE][INFO] - Checking timeout

2021-10-15 17:21:52 - [MESSAGE][INFO] - Finding web element with id: 'Object Repository/Filtreler/Basliklar' located by 'By.cssSelector: .control-label.col-sm-4.paddingMarginRLC' in '10' second(s)

2021-10-15 17:21:52 - [MESSAGE][INFO] - Smart Wait Function is triggered

2021-10-15 17:21:52 - [MESSAGE][INFO] - Found 8 web elements with id: 'Object Repository/Filtreler/Basliklar' located by 'By.cssSelector: .control-label.col-sm-4.paddingMarginRLC' in '10' second(s)

2021-10-15 17:21:52 - [MESSAGE][INFO] - Smart Wait Function is triggered

2021-10-15 17:21:53 - [MESSAGE][PASSED] - Method.TextDegerineEsitElementinAltindakiTextboxtaYaz is PASSED

2021-10-15 17:21:53 - [MESSAGE][PASSED] - Call Test Case 'Test Cases/Filtreler/BaslangicYaz' successfully

2021-10-15 17:21:53 - [MESSAGE][INFO] - Checking called Test Case

2021-10-15 17:21:53 - [MESSAGE][INFO] - Starting to call Test Case 'Test Cases/Filtreler/BitisYaz'

2021-10-15 17:21:53 - [TEST_CASE][PASSED] - Test Cases/Filtreler/BitisYaz: Test Cases/Filtreler/BitisYaz

2021-10-15 17:21:53 - [TEST_STEP][PASSED] - Method.TextDegerineEsitElementinAltindakineTikla(findTestObject("Filtreler/Basliklar"), findTestObject("Filtreler/Basliga_Gore_Bitis_Image"), Filtre_Adi): Method.TextDegerineEsitElementinAltindakineTikla is PASSED

2021-10-15 17:21:53 - [MESSAGE][INFO] - Finding Test Object 'Object Repository/Filtreler/Basliklar'

2021-10-15 17:21:54 - [MESSAGE][INFO] - Finding Test Object 'Object Repository/Filtreler/Basliga_Gore_Bitis_Image'

2021-10-15 17:21:54 - [MESSAGE][INFO] - Checking timeout

2021-10-15 17:21:54 - [MESSAGE][INFO] - Finding web element with id: 'Object Repository/Filtreler/Basliklar' located by 'By.cssSelector: .control-label.col-sm-4.paddingMarginRLC' in '10' second(s)

2021-10-15 17:21:54 - [MESSAGE][INFO] - Smart Wait Function is triggered

2021-10-15 17:21:54 - [MESSAGE][INFO] - Found 8 web elements with id: 'Object Repository/Filtreler/Basliklar' located by 'By.cssSelector: .control-label.col-sm-4.paddingMarginRLC' in '10' second(s)

2021-10-15 17:21:54 - [MESSAGE][INFO] - Smart Wait Function is triggered

2021-10-15 17:21:54 - [MESSAGE][PASSED] - Method.TextDegerineEsitElementinAltindakineTikla is PASSED

2021-10-15 17:21:54 - [TEST_STEP][PASSED] - Method.TextDegerineEsitElementinAltindakiTextboxtaYaz(findTestObject("Filtreler/Basliklar"), findTestObject("Object Repository/Filtreler/Basliga_Gore_Bitis"), Filtre_Adi, Filtre_Degeri): Method.TextDegerineEsitElementinAltindakiTextboxtaYaz is PASSED

2021-10-15 17:21:54 - [MESSAGE][INFO] - Finding Test Object 'Object Repository/Filtreler/Basliklar'

2021-10-15 17:21:55 - [MESSAGE][INFO] - Finding Test Object 'Object Repository/Filtreler/Basliga_Gore_Bitis'

2021-10-15 17:21:55 - [MESSAGE][INFO] - Checking timeout

2021-10-15 17:21:55 - [MESSAGE][INFO] - Finding web element with id: 'Object Repository/Filtreler/Basliklar' located by 'By.cssSelector: .control-label.col-sm-4.paddingMarginRLC' in '10' second(s)

2021-10-15 17:21:55 - [MESSAGE][INFO] - Smart Wait Function is triggered

2021-10-15 17:21:55 - [MESSAGE][INFO] - Found 8 web elements with id: 'Object Repository/Filtreler/Basliklar' located by 'By.cssSelector: .control-label.col-sm-4.paddingMarginRLC' in '10' second(s)

2021-10-15 17:21:55 - [MESSAGE][INFO] - Smart Wait Function is triggered

2021-10-15 17:21:56 - [MESSAGE][PASSED] - Method.TextDegerineEsitElementinAltindakiTextboxtaYaz is PASSED

2021-10-15 17:21:56 - [MESSAGE][PASSED] - Call Test Case 'Test Cases/Filtreler/BitisYaz' successfully

2021-10-15 17:21:56 - [MESSAGE][INFO] - Checking called Test Case

2021-10-15 17:21:56 - [MESSAGE][INFO] - Starting to call Test Case 'Test Cases/Filtreler/ButonaTikla'

2021-10-15 17:21:56 - [TEST_CASE][PASSED] - Test Cases/Filtreler/ButonaTikla: Test Cases/Filtreler/ButonaTikla

2021-10-15 17:21:56 - [TEST_STEP][PASSED] - Method.TextDegerineEsitElementeTikla(findTestObject("Filtreler/Butonlar"), Filtre_Buton): Method.TextDegerineEsitElementeTikla is PASSED

2021-10-15 17:21:56 - [MESSAGE][INFO] - Finding Test Object 'Object Repository/Filtreler/Butonlar'

2021-10-15 17:21:56 - [MESSAGE][INFO] - Checking timeout

2021-10-15 17:21:56 - [MESSAGE][INFO] - Finding web element with id: 'Object Repository/Filtreler/Butonlar' located by 'By.cssSelector: .dxb>span' in '10' second(s)

2021-10-15 17:21:56 - [MESSAGE][INFO] - Smart Wait Function is triggered

2021-10-15 17:21:57 - [MESSAGE][INFO] - Found 3 web elements with id: 'Object Repository/Filtreler/Butonlar' located by 'By.cssSelector: .dxb>span' in '10' second(s)

2021-10-15 17:21:57 - [MESSAGE][PASSED] - Method.TextDegerineEsitElementeTikla is PASSED

2021-10-15 17:21:57 - [MESSAGE][PASSED] - Call Test Case 'Test Cases/Filtreler/ButonaTikla' successfully

2021-10-15 17:21:57 - [MESSAGE][INFO] - Checking called Test Case

2021-10-15 17:21:57 - [MESSAGE][INFO] - Starting to call Test Case 'Test Cases/Tablo/TablodakiVeriDetayi'

2021-10-15 17:21:57 - [TEST_CASE][PASSED] - Test Cases/Tablo/TablodakiVeriDetayi: Test Cases/Tablo/TablodakiVeriDetayi

2021-10-15 17:21:58 - [TEST_STEP][PASSED] - Method.TextDegerineEsitElementinAltindakineTikla(findTestObject("Tablo/Veriler"), findTestObject("Object Repository/Tablo/VerininArtiButonu"), Veri_Adi): Method.TextDegerineEsitElementinAltindakineTikla is PASSED

2021-10-15 17:21:58 - [MESSAGE][INFO] - Finding Test Object 'Object Repository/Tablo/Veriler'

2021-10-15 17:21:58 - [MESSAGE][INFO] - Finding Test Object 'Object Repository/Tablo/VerininArtiButonu'

2021-10-15 17:21:58 - [MESSAGE][INFO] - Checking timeout

2021-10-15 17:21:58 - [MESSAGE][INFO] - Finding web element with id: 'Object Repository/Tablo/Veriler' located by 'By.cssSelector: td.dxgv b ,td.dxgv' in '10' second(s)

2021-10-15 17:21:58 - [MESSAGE][INFO] - Smart Wait Function is triggered

2021-10-15 17:21:58 - [MESSAGE][INFO] - Found 110 web elements with id: 'Object Repository/Tablo/Veriler' located by 'By.cssSelector: td.dxgv b ,td.dxgv' in '10' second(s)

2021-10-15 17:21:59 - [MESSAGE][INFO] - Smart Wait Function is triggered

2021-10-15 17:21:59 - [MESSAGE][PASSED] - Method.TextDegerineEsitElementinAltindakineTikla is PASSED

2021-10-15 17:21:59 - [MESSAGE][PASSED] - Call Test Case 'Test Cases/Tablo/TablodakiVeriDetayi' successfully

2021-10-15 17:21:59 - [MESSAGE][INFO] - Checking called Test Case

2021-10-15 17:21:59 - [MESSAGE][INFO] - Starting to call Test Case 'Test Cases/Tablo/TablodakiVeriDetayi'

2021-10-15 17:21:59 - [TEST_CASE][PASSED] - Test Cases/Tablo/TablodakiVeriDetayi: Test Cases/Tablo/TablodakiVeriDetayi

2021-10-15 17:21:59 - [TEST_STEP][PASSED] - Method.TextDegerineEsitElementinAltindakineTikla(findTestObject("Tablo/Veriler"), findTestObject("Object Repository/Tablo/VerininArtiButonu"), Veri_Adi): Method.TextDegerineEsitElementinAltindakineTikla is PASSED

2021-10-15 17:21:59 - [MESSAGE][INFO] - Finding Test Object 'Object Repository/Tablo/Veriler'

2021-10-15 17:21:59 - [MESSAGE][INFO] - Finding Test Object 'Object Repository/Tablo/VerininArtiButonu'

2021-10-15 17:21:59 - [MESSAGE][INFO] - Checking timeout

2021-10-15 17:21:59 - [MESSAGE][INFO] - Finding web element with id: 'Object Repository/Tablo/Veriler' located by 'By.cssSelector: td.dxgv b ,td.dxgv' in '10' second(s)

2021-10-15 17:21:59 - [MESSAGE][INFO] - Smart Wait Function is triggered

2021-10-15 17:22:00 - [MESSAGE][INFO] - Found 133 web elements with id: 'Object Repository/Tablo/Veriler' located by 'By.cssSelector: td.dxgv b ,td.dxgv' in '10' second(s)

2021-10-15 17:22:00 - [MESSAGE][INFO] - Smart Wait Function is triggered

2021-10-15 17:22:00 - [MESSAGE][PASSED] - Method.TextDegerineEsitElementinAltindakineTikla is PASSED

2021-10-15 17:22:00 - [MESSAGE][PASSED] - Call Test Case 'Test Cases/Tablo/TablodakiVeriDetayi' successfully

2021-10-15 17:22:00 - [MESSAGE][INFO] - Checking called Test Case

2021-10-15 17:22:00 - [MESSAGE][INFO] - Starting to call Test Case 'Test Cases/Filtreler/FiltreVarMi'

2021-10-15 17:22:00 - [TEST_CASE][PASSED] - Test Cases/Filtreler/FiltreVarMi: Test Cases/Filtreler/FiltreVarMi

2021-10-15 17:22:01 - [TEST_STEP][PASSED] - Method.TextDegerineEsitElementVarMi(findTestObject("Filtreler/Basliklar"), Filtre_alan): Method.TextDegerineEsitElementVarMi is PASSED

2021-10-15 17:22:01 - [MESSAGE][INFO] - Finding Test Object 'Object Repository/Filtreler/Basliklar'

2021-10-15 17:22:01 - [MESSAGE][INFO] - Checking timeout

2021-10-15 17:22:01 - [MESSAGE][INFO] - Finding web element with id: 'Object Repository/Filtreler/Basliklar' located by 'By.cssSelector: .control-label.col-sm-4.paddingMarginRLC' in '10' second(s)

2021-10-15 17:22:01 - [MESSAGE][INFO] - Smart Wait Function is triggered

2021-10-15 17:22:01 - [MESSAGE][INFO] - Found 8 web elements with id: 'Object Repository/Filtreler/Basliklar' located by 'By.cssSelector: .control-label.col-sm-4.paddingMarginRLC' in '10' second(s)

2021-10-15 17:22:01 - [MESSAGE][PASSED] - Method.TextDegerineEsitElementVarMi is PASSED

2021-10-15 17:22:01 - [MESSAGE][PASSED] - Call Test Case 'Test Cases/Filtreler/FiltreVarMi' successfully

2021-10-15 17:22:01 - [MESSAGE][INFO] - Checking called Test Case

2021-10-15 17:22:01 - [MESSAGE][INFO] - Starting to call Test Case 'Test Cases/Filtreler/FiltreVarMi'

2021-10-15 17:22:01 - [TEST_CASE][PASSED] - Test Cases/Filtreler/FiltreVarMi: Test Cases/Filtreler/FiltreVarMi

2021-10-15 17:22:01 - [TEST_STEP][PASSED] - Method.TextDegerineEsitElementVarMi(findTestObject("Filtreler/Basliklar"), Filtre_alan): Method.TextDegerineEsitElementVarMi is PASSED

2021-10-15 17:22:01 - [MESSAGE][INFO] - Finding Test Object 'Object Repository/Filtreler/Basliklar'

2021-10-15 17:22:01 - [MESSAGE][INFO] - Checking timeout

2021-10-15 17:22:01 - [MESSAGE][INFO] - Finding web element with id: 'Object Repository/Filtreler/Basliklar' located by 'By.cssSelector: .control-label.col-sm-4.paddingMarginRLC' in '10' second(s)

2021-10-15 17:22:01 - [MESSAGE][INFO] - Smart Wait Function is triggered

2021-10-15 17:22:02 - [MESSAGE][INFO] - Found 8 web elements with id: 'Object Repository/Filtreler/Basliklar' located by 'By.cssSelector: .control-label.col-sm-4.paddingMarginRLC' in '10' second(s)

2021-10-15 17:22:02 - [MESSAGE][PASSED] - Method.TextDegerineEsitElementVarMi is PASSED

2021-10-15 17:22:02 - [MESSAGE][PASSED] - Call Test Case 'Test Cases/Filtreler/FiltreVarMi' successfully

2021-10-15 17:22:02 - [MESSAGE][INFO] - Checking called Test Case

2021-10-15 17:22:02 - [MESSAGE][INFO] - Starting to call Test Case 'Test Cases/Filtreler/FiltreVarMi'

2021-10-15 17:22:02 - [TEST_CASE][PASSED] - Test Cases/Filtreler/FiltreVarMi: Test Cases/Filtreler/FiltreVarMi

2021-10-15 17:22:02 - [TEST_STEP][PASSED] - Method.TextDegerineEsitElementVarMi(findTestObject("Filtreler/Basliklar"), Filtre_alan): Method.TextDegerineEsitElementVarMi is PASSED

2021-10-15 17:22:02 - [MESSAGE][INFO] - Finding Test Object 'Object Repository/Filtreler/Basliklar'

2021-10-15 17:22:02 - [MESSAGE][INFO] - Checking timeout

2021-10-15 17:22:02 - [MESSAGE][INFO] - Finding web element with id: 'Object Repository/Filtreler/Basliklar' located by 'By.cssSelector: .control-label.col-sm-4.paddingMarginRLC' in '10' second(s)

2021-10-15 17:22:02 - [MESSAGE][INFO] - Smart Wait Function is triggered

2021-10-15 17:22:02 - [MESSAGE][INFO] - Found 8 web elements with id: 'Object Repository/Filtreler/Basliklar' located by 'By.cssSelector: .control-label.col-sm-4.paddingMarginRLC' in '10' second(s)

2021-10-15 17:22:02 - [MESSAGE][PASSED] - Method.TextDegerineEsitElementVarMi is PASSED

2021-10-15 17:22:02 - [MESSAGE][PASSED] - Call Test Case 'Test Cases/Filtreler/FiltreVarMi' successfully

2021-10-15 17:22:02 - [MESSAGE][INFO] - Checking called Test Case

2021-10-15 17:22:02 - [MESSAGE][INFO] - Starting to call Test Case 'Test Cases/Filtreler/FiltreVarMi'

2021-10-15 17:22:02 - [TEST_CASE][PASSED] - Test Cases/Filtreler/FiltreVarMi: Test Cases/Filtreler/FiltreVarMi

2021-10-15 17:22:02 - [TEST_STEP][PASSED] - Method.TextDegerineEsitElementVarMi(findTestObject("Filtreler/Basliklar"), Filtre_alan): Method.TextDegerineEsitElementVarMi is PASSED

2021-10-15 17:22:02 - [MESSAGE][INFO] - Finding Test Object 'Object Repository/Filtreler/Basliklar'

2021-10-15 17:22:02 - [MESSAGE][INFO] - Checking timeout

2021-10-15 17:22:02 - [MESSAGE][INFO] - Finding web element with id: 'Object Repository/Filtreler/Basliklar' located by 'By.cssSelector: .control-label.col-sm-4.paddingMarginRLC' in '10' second(s)

2021-10-15 17:22:02 - [MESSAGE][INFO] - Smart Wait Function is triggered

2021-10-15 17:22:03 - [MESSAGE][INFO] - Found 8 web elements with id: 'Object Repository/Filtreler/Basliklar' located by 'By.cssSelector: .control-label.col-sm-4.paddingMarginRLC' in '10' second(s)

2021-10-15 17:22:03 - [MESSAGE][PASSED] - Method.TextDegerineEsitElementVarMi is PASSED

2021-10-15 17:22:03 - [MESSAGE][PASSED] - Call Test Case 'Test Cases/Filtreler/FiltreVarMi' successfully

2021-10-15 17:22:03 - [MESSAGE][INFO] - Checking called Test Case

2021-10-15 17:22:03 - [MESSAGE][INFO] - Starting to call Test Case 'Test Cases/Filtreler/FiltreVarMi'

2021-10-15 17:22:03 - [TEST_CASE][PASSED] - Test Cases/Filtreler/FiltreVarMi: Test Cases/Filtreler/FiltreVarMi

2021-10-15 17:22:03 - [TEST_STEP][PASSED] - Method.TextDegerineEsitElementVarMi(findTestObject("Filtreler/Basliklar"), Filtre_alan): Method.TextDegerineEsitElementVarMi is PASSED

2021-10-15 17:22:03 - [MESSAGE][INFO] - Finding Test Object 'Object Repository/Filtreler/Basliklar'

2021-10-15 17:22:03 - [MESSAGE][INFO] - Checking timeout

2021-10-15 17:22:03 - [MESSAGE][INFO] - Finding web element with id: 'Object Repository/Filtreler/Basliklar' located by 'By.cssSelector: .control-label.col-sm-4.paddingMarginRLC' in '10' second(s)

2021-10-15 17:22:03 - [MESSAGE][INFO] - Smart Wait Function is triggered

2021-10-15 17:22:03 - [MESSAGE][INFO] - Found 8 web elements with id: 'Object Repository/Filtreler/Basliklar' located by 'By.cssSelector: .control-label.col-sm-4.paddingMarginRLC' in '10' second(s)

2021-10-15 17:22:03 - [MESSAGE][PASSED] - Method.TextDegerineEsitElementVarMi is PASSED

2021-10-15 17:22:03 - [MESSAGE][PASSED] - Call Test Case 'Test Cases/Filtreler/FiltreVarMi' successfully

2021-10-15 17:22:03 - [MESSAGE][INFO] - Checking called Test Case

2021-10-15 17:22:03 - [MESSAGE][INFO] - Starting to call Test Case 'Test Cases/Filtreler/FiltreVarMi'

2021-10-15 17:22:03 - [TEST_CASE][PASSED] - Test Cases/Filtreler/FiltreVarMi: Test Cases/Filtreler/FiltreVarMi

2021-10-15 17:22:03 - [TEST_STEP][PASSED] - Method.TextDegerineEsitElementVarMi(findTestObject("Filtreler/Basliklar"), Filtre_alan): Method.TextDegerineEsitElementVarMi is PASSED

2021-10-15 17:22:03 - [MESSAGE][INFO] - Finding Test Object 'Object Repository/Filtreler/Basliklar'

2021-10-15 17:22:03 - [MESSAGE][INFO] - Checking timeout

2021-10-15 17:22:03 - [MESSAGE][INFO] - Finding web element with id: 'Object Repository/Filtreler/Basliklar' located by 'By.cssSelector: .control-label.col-sm-4.paddingMarginRLC' in '10' second(s)

2021-10-15 17:22:03 - [MESSAGE][INFO] - Smart Wait Function is triggered

2021-10-15 17:22:04 - [MESSAGE][INFO] - Found 8 web elements with id: 'Object Repository/Filtreler/Basliklar' located by 'By.cssSelector: .control-label.col-sm-4.paddingMarginRLC' in '10' second(s)

2021-10-15 17:22:04 - [MESSAGE][PASSED] - Method.TextDegerineEsitElementVarMi is PASSED

2021-10-15 17:22:04 - [MESSAGE][PASSED] - Call Test Case 'Test Cases/Filtreler/FiltreVarMi' successfully

2021-10-15 17:22:04 - [MESSAGE][INFO] - Checking called Test Case

2021-10-15 17:22:04 - [MESSAGE][INFO] - Starting to call Test Case 'Test Cases/Filtreler/FiltreVarMi'

2021-10-15 17:22:04 - [TEST_CASE][PASSED] - Test Cases/Filtreler/FiltreVarMi: Test Cases/Filtreler/FiltreVarMi

2021-10-15 17:22:04 - [TEST_STEP][PASSED] - Method.TextDegerineEsitElementVarMi(findTestObject("Filtreler/Basliklar"), Filtre_alan): Method.TextDegerineEsitElementVarMi is PASSED

2021-10-15 17:22:04 - [MESSAGE][INFO] - Finding Test Object 'Object Repository/Filtreler/Basliklar'

2021-10-15 17:22:04 - [MESSAGE][INFO] - Checking timeout

2021-10-15 17:22:04 - [MESSAGE][INFO] - Finding web element with id: 'Object Repository/Filtreler/Basliklar' located by 'By.cssSelector: .control-label.col-sm-4.paddingMarginRLC' in '10' second(s)

2021-10-15 17:22:04 - [MESSAGE][INFO] - Smart Wait Function is triggered

2021-10-15 17:22:04 - [MESSAGE][INFO] - Found 8 web elements with id: 'Object Repository/Filtreler/Basliklar' located by 'By.cssSelector: .control-label.col-sm-4.paddingMarginRLC' in '10' second(s)

2021-10-15 17:22:04 - [MESSAGE][PASSED] - Method.TextDegerineEsitElementVarMi is PASSED

2021-10-15 17:22:04 - [MESSAGE][PASSED] - Call Test Case 'Test Cases/Filtreler/FiltreVarMi' successfully

2021-10-15 17:22:04 - [MESSAGE][INFO] - Checking called Test Case

2021-10-15 17:22:04 - [MESSAGE][INFO] - Starting to call Test Case 'Test Cases/Filtreler/FiltreVarMi'

2021-10-15 17:22:04 - [TEST_CASE][PASSED] - Test Cases/Filtreler/FiltreVarMi: Test Cases/Filtreler/FiltreVarMi

2021-10-15 17:22:04 - [TEST_STEP][PASSED] - Method.TextDegerineEsitElementVarMi(findTestObject("Filtreler/Basliklar"), Filtre_alan): Method.TextDegerineEsitElementVarMi is PASSED

2021-10-15 17:22:04 - [MESSAGE][INFO] - Finding Test Object 'Object Repository/Filtreler/Basliklar'

2021-10-15 17:22:05 - [MESSAGE][INFO] - Checking timeout

2021-10-15 17:22:05 - [MESSAGE][INFO] - Finding web element with id: 'Object Repository/Filtreler/Basliklar' located by 'By.cssSelector: .control-label.col-sm-4.paddingMarginRLC' in '10' second(s)

2021-10-15 17:22:05 - [MESSAGE][INFO] - Smart Wait Function is triggered

2021-10-15 17:22:05 - [MESSAGE][INFO] - Found 8 web elements with id: 'Object Repository/Filtreler/Basliklar' located by 'By.cssSelector: .control-label.col-sm-4.paddingMarginRLC' in '10' second(s)

2021-10-15 17:22:05 - [MESSAGE][PASSED] - Method.TextDegerineEsitElementVarMi is PASSED

2021-10-15 17:22:05 - [MESSAGE][PASSED] - Call Test Case 'Test Cases/Filtreler/FiltreVarMi' successfully

2021-10-15 17:22:05 - [MESSAGE][INFO] - Checking called Test Case

2021-10-15 17:22:05 - [MESSAGE][INFO] - Starting to call Test Case 'Test Cases/Filtreler/ButonVarMi'

2021-10-15 17:22:05 - [TEST_CASE][PASSED] - Test Cases/Filtreler/ButonVarMi: Test Cases/Filtreler/ButonVarMi

2021-10-15 17:22:06 - [TEST_STEP][PASSED] - Method.TextDegerineEsitElementVarMi(findTestObject("Filtreler/Butonlar"), Filtre_Buton): Method.TextDegerineEsitElementVarMi is PASSED

2021-10-15 17:22:06 - [MESSAGE][INFO] - Finding Test Object 'Object Repository/Filtreler/Butonlar'

2021-10-15 17:22:06 - [MESSAGE][INFO] - Checking timeout

2021-10-15 17:22:06 - [MESSAGE][INFO] - Finding web element with id: 'Object Repository/Filtreler/Butonlar' located by 'By.cssSelector: .dxb>span' in '10' second(s)

2021-10-15 17:22:06 - [MESSAGE][INFO] - Smart Wait Function is triggered

2021-10-15 17:22:06 - [MESSAGE][INFO] - Found 3 web elements with id: 'Object Repository/Filtreler/Butonlar' located by 'By.cssSelector: .dxb>span' in '10' second(s)

2021-10-15 17:22:06 - [MESSAGE][PASSED] - Method.TextDegerineEsitElementVarMi is PASSED

2021-10-15 17:22:06 - [MESSAGE][PASSED] - Call Test Case 'Test Cases/Filtreler/ButonVarMi' successfully

2021-10-15 17:22:06 - [MESSAGE][INFO] - Checking called Test Case

2021-10-15 17:22:06 - [MESSAGE][INFO] - Starting to call Test Case 'Test Cases/Filtreler/ButonVarMi'

2021-10-15 17:22:06 - [TEST_CASE][PASSED] - Test Cases/Filtreler/ButonVarMi: Test Cases/Filtreler/ButonVarMi

2021-10-15 17:22:06 - [TEST_STEP][PASSED] - Method.TextDegerineEsitElementVarMi(findTestObject("Filtreler/Butonlar"), Filtre_Buton): Method.TextDegerineEsitElementVarMi is PASSED

2021-10-15 17:22:06 - [MESSAGE][INFO] - Finding Test Object 'Object Repository/Filtreler/Butonlar'

2021-10-15 17:22:06 - [MESSAGE][INFO] - Checking timeout

2021-10-15 17:22:06 - [MESSAGE][INFO] - Finding web element with id: 'Object Repository/Filtreler/Butonlar' located by 'By.cssSelector: .dxb>span' in '10' second(s)

2021-10-15 17:22:06 - [MESSAGE][INFO] - Smart Wait Function is triggered

2021-10-15 17:22:06 - [MESSAGE][INFO] - Found 3 web elements with id: 'Object Repository/Filtreler/Butonlar' located by 'By.cssSelector: .dxb>span' in '10' second(s)

2021-10-15 17:22:06 - [MESSAGE][PASSED] - Method.TextDegerineEsitElementVarMi is PASSED

2021-10-15 17:22:06 - [MESSAGE][PASSED] - Call Test Case 'Test Cases/Filtreler/ButonVarMi' successfully

2021-10-15 17:22:06 - [MESSAGE][INFO] - Checking called Test Case

2021-10-15 17:22:06 - [MESSAGE][INFO] - Starting to call Test Case 'Test Cases/Filtreler/ButonVarMi'

2021-10-15 17:22:06 - [TEST_CASE][PASSED] - Test Cases/Filtreler/ButonVarMi: Test Cases/Filtreler/ButonVarMi

2021-10-15 17:22:06 - [TEST_STEP][PASSED] - Method.TextDegerineEsitElementVarMi(findTestObject("Filtreler/Butonlar"), Filtre_Buton): Method.TextDegerineEsitElementVarMi is PASSED

2021-10-15 17:22:06 - [MESSAGE][INFO] - Finding Test Object 'Object Repository/Filtreler/Butonlar'

2021-10-15 17:22:07 - [MESSAGE][INFO] - Checking timeout

2021-10-15 17:22:07 - [MESSAGE][INFO] - Finding web element with id: 'Object Repository/Filtreler/Butonlar' located by 'By.cssSelector: .dxb>span' in '10' second(s)

2021-10-15 17:22:07 - [MESSAGE][INFO] - Smart Wait Function is triggered

2021-10-15 17:22:07 - [MESSAGE][INFO] - Found 3 web elements with id: 'Object Repository/Filtreler/Butonlar' located by 'By.cssSelector: .dxb>span' in '10' second(s)

2021-10-15 17:22:07 - [MESSAGE][PASSED] - Method.TextDegerineEsitElementVarMi is PASSED

2021-10-15 17:22:07 - [MESSAGE][PASSED] - Call Test Case 'Test Cases/Filtreler/ButonVarMi' successfully

2021-10-15 17:22:07 - [MESSAGE][INFO] - Checking called Test Case

2021-10-15 17:22:07 - [MESSAGE][INFO] - Starting to call Test Case 'Test Cases/Butonlar/ButonVarMi'

2021-10-15 17:22:07 - [TEST_CASE][PASSED] - Test Cases/Butonlar/ButonVarMi: Test Cases/Butonlar/ButonVarMi

2021-10-15 17:22:08 - [TEST_STEP][PASSED] - Method.TextDegerineEsitElementVarMi(findTestObject("Butonlar/Butonlar"), Buton): Method.TextDegerineEsitElementVarMi is PASSED

2021-10-15 17:22:08 - [MESSAGE][INFO] - Finding Test Object 'Object Repository/Butonlar/Butonlar'

2021-10-15 17:22:08 - [MESSAGE][INFO] - Checking timeout

2021-10-15 17:22:08 - [MESSAGE][INFO] - Finding web element with id: 'Object Repository/Butonlar/Butonlar' located by 'By.cssSelector: .panel.panel-default.text-center.footerPanel .btn,.btn.btn-primary.btnControls' in '10' second(s)

2021-10-15 17:22:08 - [MESSAGE][INFO] - Smart Wait Function is triggered

2021-10-15 17:22:08 - [MESSAGE][INFO] - Found 5 web elements with id: 'Object Repository/Butonlar/Butonlar' located by 'By.cssSelector: .panel.panel-default.text-center.footerPanel .btn,.btn.btn-primary.btnControls' in '10' second(s)

2021-10-15 17:22:08 - [MESSAGE][PASSED] - Method.TextDegerineEsitElementVarMi is PASSED

2021-10-15 17:22:08 - [MESSAGE][PASSED] - Call Test Case 'Test Cases/Butonlar/ButonVarMi' successfully

2021-10-15 17:22:08 - [MESSAGE][INFO] - Checking called Test Case

2021-10-15 17:22:08 - [MESSAGE][INFO] - Starting to call Test Case 'Test Cases/Butonlar/ButonVarMi'

2021-10-15 17:22:08 - [TEST_CASE][PASSED] - Test Cases/Butonlar/ButonVarMi: Test Cases/Butonlar/ButonVarMi

2021-10-15 17:22:08 - [TEST_STEP][PASSED] - Method.TextDegerineEsitElementVarMi(findTestObject("Butonlar/Butonlar"), Buton): Method.TextDegerineEsitElementVarMi is PASSED

2021-10-15 17:22:08 - [MESSAGE][INFO] - Finding Test Object 'Object Repository/Butonlar/Butonlar'

2021-10-15 17:22:08 - [MESSAGE][INFO] - Checking timeout

2021-10-15 17:22:08 - [MESSAGE][INFO] - Finding web element with id: 'Object Repository/Butonlar/Butonlar' located by 'By.cssSelector: .panel.panel-default.text-center.footerPanel .btn,.btn.btn-primary.btnControls' in '10' second(s)

2021-10-15 17:22:08 - [MESSAGE][INFO] - Smart Wait Function is triggered

2021-10-15 17:22:08 - [MESSAGE][INFO] - Found 5 web elements with id: 'Object Repository/Butonlar/Butonlar' located by 'By.cssSelector: .panel.panel-default.text-center.footerPanel .btn,.btn.btn-primary.btnControls' in '10' second(s)

2021-10-15 17:22:09 - [MESSAGE][PASSED] - Method.TextDegerineEsitElementVarMi is PASSED

2021-10-15 17:22:09 - [MESSAGE][PASSED] - Call Test Case 'Test Cases/Butonlar/ButonVarMi' successfully

2021-10-15 17:22:09 - [MESSAGE][INFO] - Checking called Test Case

2021-10-15 17:22:09 - [MESSAGE][INFO] - Starting to call Test Case 'Test Cases/Butonlar/ButonVarMi'

2021-10-15 17:22:09 - [TEST_CASE][PASSED] - Test Cases/Butonlar/ButonVarMi: Test Cases/Butonlar/ButonVarMi

2021-10-15 17:22:09 - [TEST_STEP][PASSED] - Method.TextDegerineEsitElementVarMi(findTestObject("Butonlar/Butonlar"), Buton): Method.TextDegerineEsitElementVarMi is PASSED

2021-10-15 17:22:09 - [MESSAGE][INFO] - Finding Test Object 'Object Repository/Butonlar/Butonlar'

2021-10-15 17:22:09 - [MESSAGE][INFO] - Checking timeout

2021-10-15 17:22:09 - [MESSAGE][INFO] - Finding web element with id: 'Object Repository/Butonlar/Butonlar' located by 'By.cssSelector: .panel.panel-default.text-center.footerPanel .btn,.btn.btn-primary.btnControls' in '10' second(s)

2021-10-15 17:22:09 - [MESSAGE][INFO] - Smart Wait Function is triggered

2021-10-15 17:22:09 - [MESSAGE][INFO] - Found 5 web elements with id: 'Object Repository/Butonlar/Butonlar' located by 'By.cssSelector: .panel.panel-default.text-center.footerPanel .btn,.btn.btn-primary.btnControls' in '10' second(s)

2021-10-15 17:22:09 - [MESSAGE][PASSED] - Method.TextDegerineEsitElementVarMi is PASSED

2021-10-15 17:22:09 - [MESSAGE][PASSED] - Call Test Case 'Test Cases/Butonlar/ButonVarMi' successfully

2021-10-15 17:22:09 - [MESSAGE][INFO] - Checking called Test Case

2021-10-15 17:22:09 - [MESSAGE][INFO] - Starting to call Test Case 'Test Cases/Butonlar/ButonVarMi'

2021-10-15 17:22:09 - [TEST_CASE][PASSED] - Test Cases/Butonlar/ButonVarMi: Test Cases/Butonlar/ButonVarMi

2021-10-15 17:22:09 - [TEST_STEP][PASSED] - Method.TextDegerineEsitElementVarMi(findTestObject("Butonlar/Butonlar"), Buton): Method.TextDegerineEsitElementVarMi is PASSED

2021-10-15 17:22:09 - [MESSAGE][INFO] - Finding Test Object 'Object Repository/Butonlar/Butonlar'

2021-10-15 17:22:09 - [MESSAGE][INFO] - Checking timeout

2021-10-15 17:22:09 - [MESSAGE][INFO] - Finding web element with id: 'Object Repository/Butonlar/Butonlar' located by 'By.cssSelector: .panel.panel-default.text-center.footerPanel .btn,.btn.btn-primary.btnControls' in '10' second(s)

2021-10-15 17:22:09 - [MESSAGE][INFO] - Smart Wait Function is triggered

2021-10-15 17:22:10 - [MESSAGE][INFO] - Found 5 web elements with id: 'Object Repository/Butonlar/Butonlar' located by 'By.cssSelector: .panel.panel-default.text-center.footerPanel .btn,.btn.btn-primary.btnControls' in '10' second(s)

2021-10-15 17:22:10 - [MESSAGE][PASSED] - Method.TextDegerineEsitElementVarMi is PASSED

2021-10-15 17:22:10 - [MESSAGE][PASSED] - Call Test Case 'Test Cases/Butonlar/ButonVarMi' successfully

2021-10-15 17:22:10 - [MESSAGE][INFO] - Checking called Test Case

2021-10-15 17:22:10 - [MESSAGE][INFO] - Starting to call Test Case 'Test Cases/Butonlar/ButonaTikla'

2021-10-15 17:22:10 - [TEST_CASE][PASSED] - Test Cases/Butonlar/ButonaTikla: Test Cases/Butonlar/ButonaTikla

2021-10-15 17:22:10 - [TEST_STEP][PASSED] - Method.TextDegerineEsitElementeTiklaEquals(findTestObject("Butonlar/Butonlar"), Buton_Adi): Method.TextDegerineEsitElementeTiklaEquals is PASSED

2021-10-15 17:22:10 - [MESSAGE][INFO] - Finding Test Object 'Object Repository/Butonlar/Butonlar'

2021-10-15 17:22:10 - [MESSAGE][INFO] - Checking timeout

2021-10-15 17:22:10 - [MESSAGE][INFO] - Finding web element with id: 'Object Repository/Butonlar/Butonlar' located by 'By.cssSelector: .panel.panel-default.text-center.footerPanel .btn,.btn.btn-primary.btnControls' in '10' second(s)

2021-10-15 17:22:10 - [MESSAGE][INFO] - Smart Wait Function is triggered

2021-10-15 17:22:11 - [MESSAGE][INFO] - Found 5 web elements with id: 'Object Repository/Butonlar/Butonlar' located by 'By.cssSelector: .panel.panel-default.text-center.footerPanel .btn,.btn.btn-primary.btnControls' in '10' second(s)

2021-10-15 17:22:11 - [MESSAGE][PASSED] - Method.TextDegerineEsitElementeTiklaEquals is PASSED

2021-10-15 17:22:11 - [MESSAGE][PASSED] - Call Test Case 'Test Cases/Butonlar/ButonaTikla' successfully

2021-10-15 17:22:11 - [MESSAGE][INFO] - Checking called Test Case

2021-10-15 17:22:11 - [MESSAGE][INFO] - Starting to call Test Case 'Test Cases/Butonlar/AltButonVarMi'

2021-10-15 17:22:11 - [TEST_CASE][PASSED] - Test Cases/Butonlar/AltButonVarMi: Test Cases/Butonlar/AltButonVarMi

2021-10-15 17:22:11 - [TEST_STEP][PASSED] - Method.TextDegerineEsitElementVarMi(findTestObject("Butonlar/AltButonlar"), AltButon): Method.TextDegerineEsitElementVarMi is PASSED

2021-10-15 17:22:11 - [MESSAGE][INFO] - Finding Test Object 'Object Repository/Butonlar/AltButonlar'

2021-10-15 17:22:11 - [MESSAGE][INFO] - Checking timeout

2021-10-15 17:22:11 - [MESSAGE][INFO] - Finding web element with id: 'Object Repository/Butonlar/AltButonlar' located by 'By.cssSelector: .btn-group.open li>a' in '10' second(s)

2021-10-15 17:22:11 - [MESSAGE][INFO] - Smart Wait Function is triggered

2021-10-15 17:22:12 - [MESSAGE][INFO] - Found 2 web elements with id: 'Object Repository/Butonlar/AltButonlar' located by 'By.cssSelector: .btn-group.open li>a' in '10' second(s)

2021-10-15 17:22:12 - [MESSAGE][PASSED] - Method.TextDegerineEsitElementVarMi is PASSED

2021-10-15 17:22:12 - [MESSAGE][PASSED] - Call Test Case 'Test Cases/Butonlar/AltButonVarMi' successfully

2021-10-15 17:22:12 - [MESSAGE][INFO] - Checking called Test Case

2021-10-15 17:22:12 - [MESSAGE][INFO] - Starting to call Test Case 'Test Cases/Butonlar/AltButonVarMi'

2021-10-15 17:22:12 - [TEST_CASE][PASSED] - Test Cases/Butonlar/AltButonVarMi: Test Cases/Butonlar/AltButonVarMi

2021-10-15 17:22:12 - [TEST_STEP][PASSED] - Method.TextDegerineEsitElementVarMi(findTestObject("Butonlar/AltButonlar"), AltButon): Method.TextDegerineEsitElementVarMi is PASSED

2021-10-15 17:22:12 - [MESSAGE][INFO] - Finding Test Object 'Object Repository/Butonlar/AltButonlar'

2021-10-15 17:22:12 - [MESSAGE][INFO] - Checking timeout

2021-10-15 17:22:12 - [MESSAGE][INFO] - Finding web element with id: 'Object Repository/Butonlar/AltButonlar' located by 'By.cssSelector: .btn-group.open li>a' in '10' second(s)

2021-10-15 17:22:12 - [MESSAGE][INFO] - Smart Wait Function is triggered

2021-10-15 17:22:12 - [MESSAGE][INFO] - Found 2 web elements with id: 'Object Repository/Butonlar/AltButonlar' located by 'By.cssSelector: .btn-group.open li>a' in '10' second(s)

2021-10-15 17:22:12 - [MESSAGE][PASSED] - Method.TextDegerineEsitElementVarMi is PASSED

2021-10-15 17:22:12 - [MESSAGE][PASSED] - Call Test Case 'Test Cases/Butonlar/AltButonVarMi' successfully

2021-10-15 17:22:12 - [MESSAGE][INFO] - Checking called Test Case

2021-10-15 17:22:12 - [MESSAGE][INFO] - Starting to call Test Case 'Test Cases/Butonlar/ButonaTikla'

2021-10-15 17:22:12 - [TEST_CASE][PASSED] - Test Cases/Butonlar/ButonaTikla: Test Cases/Butonlar/ButonaTikla

2021-10-15 17:22:12 - [TEST_STEP][PASSED] - Method.TextDegerineEsitElementeTiklaEquals(findTestObject("Butonlar/Butonlar"), Buton_Adi): Method.TextDegerineEsitElementeTiklaEquals is PASSED

2021-10-15 17:22:12 - [MESSAGE][INFO] - Finding Test Object 'Object Repository/Butonlar/Butonlar'

2021-10-15 17:22:12 - [MESSAGE][INFO] - Checking timeout

2021-10-15 17:22:12 - [MESSAGE][INFO] - Finding web element with id: 'Object Repository/Butonlar/Butonlar' located by 'By.cssSelector: .panel.panel-default.text-center.footerPanel .btn,.btn.btn-primary.btnControls' in '10' second(s)

2021-10-15 17:22:12 - [MESSAGE][INFO] - Smart Wait Function is triggered

2021-10-15 17:22:12 - [MESSAGE][INFO] - Found 5 web elements with id: 'Object Repository/Butonlar/Butonlar' located by 'By.cssSelector: .panel.panel-default.text-center.footerPanel .btn,.btn.btn-primary.btnControls' in '10' second(s)

2021-10-15 17:22:13 - [MESSAGE][PASSED] - Method.TextDegerineEsitElementeTiklaEquals is PASSED

2021-10-15 17:22:13 - [MESSAGE][PASSED] - Call Test Case 'Test Cases/Butonlar/ButonaTikla' successfully

2021-10-15 17:22:13 - [MESSAGE][INFO] - Checking called Test Case

2021-10-15 17:22:13 - [MESSAGE][INFO] - Starting to call Test Case 'Test Cases/Butonlar/AltButonVarMi'

2021-10-15 17:22:13 - [TEST_CASE][PASSED] - Test Cases/Butonlar/AltButonVarMi: Test Cases/Butonlar/AltButonVarMi

2021-10-15 17:22:13 - [TEST_STEP][PASSED] - Method.TextDegerineEsitElementVarMi(findTestObject("Butonlar/AltButonlar"), AltButon): Method.TextDegerineEsitElementVarMi is PASSED

2021-10-15 17:22:13 - [MESSAGE][INFO] - Finding Test Object 'Object Repository/Butonlar/AltButonlar'

2021-10-15 17:22:13 - [MESSAGE][INFO] - Checking timeout

2021-10-15 17:22:13 - [MESSAGE][INFO] - Finding web element with id: 'Object Repository/Butonlar/AltButonlar' located by 'By.cssSelector: .btn-group.open li>a' in '10' second(s)

2021-10-15 17:22:13 - [MESSAGE][INFO] - Smart Wait Function is triggered

2021-10-15 17:22:13 - [MESSAGE][INFO] - Found 2 web elements with id: 'Object Repository/Butonlar/AltButonlar' located by 'By.cssSelector: .btn-group.open li>a' in '10' second(s)

2021-10-15 17:22:13 - [MESSAGE][PASSED] - Method.TextDegerineEsitElementVarMi is PASSED

2021-10-15 17:22:13 - [MESSAGE][PASSED] - Call Test Case 'Test Cases/Butonlar/AltButonVarMi' successfully

2021-10-15 17:22:13 - [MESSAGE][INFO] - Checking called Test Case

2021-10-15 17:22:13 - [MESSAGE][INFO] - Starting to call Test Case 'Test Cases/Butonlar/AltButonVarMi'

2021-10-15 17:22:13 - [TEST_CASE][PASSED] - Test Cases/Butonlar/AltButonVarMi: Test Cases/Butonlar/AltButonVarMi

2021-10-15 17:22:13 - [TEST_STEP][PASSED] - Method.TextDegerineEsitElementVarMi(findTestObject("Butonlar/AltButonlar"), AltButon): Method.TextDegerineEsitElementVarMi is PASSED

2021-10-15 17:22:13 - [MESSAGE][INFO] - Finding Test Object 'Object Repository/Butonlar/AltButonlar'

2021-10-15 17:22:13 - [MESSAGE][INFO] - Checking timeout

2021-10-15 17:22:13 - [MESSAGE][INFO] - Finding web element with id: 'Object Repository/Butonlar/AltButonlar' located by 'By.cssSelector: .btn-group.open li>a' in '10' second(s)

2021-10-15 17:22:13 - [MESSAGE][INFO] - Smart Wait Function is triggered

2021-10-15 17:22:14 - [MESSAGE][INFO] - Found 2 web elements with id: 'Object Repository/Butonlar/AltButonlar' located by 'By.cssSelector: .btn-group.open li>a' in '10' second(s)

2021-10-15 17:22:14 - [MESSAGE][PASSED] - Method.TextDegerineEsitElementVarMi is PASSED

2021-10-15 17:22:14 - [MESSAGE][PASSED] - Call Test Case 'Test Cases/Butonlar/AltButonVarMi' successfully

2021-10-15 17:22:14 - [MESSAGE][INFO] - Checking called Test Case

2021-10-15 17:22:14 - [MESSAGE][INFO] - Starting to call Test Case 'Test Cases/Butonlar/ButonaTikla'

2021-10-15 17:22:14 - [TEST_CASE][PASSED] - Test Cases/Butonlar/ButonaTikla: Test Cases/Butonlar/ButonaTikla

2021-10-15 17:22:14 - [TEST_STEP][PASSED] - Method.TextDegerineEsitElementeTiklaEquals(findTestObject("Butonlar/Butonlar"), Buton_Adi): Method.TextDegerineEsitElementeTiklaEquals is PASSED

2021-10-15 17:22:14 - [MESSAGE][INFO] - Finding Test Object 'Object Repository/Butonlar/Butonlar'

2021-10-15 17:22:14 - [MESSAGE][INFO] - Checking timeout

2021-10-15 17:22:14 - [MESSAGE][INFO] - Finding web element with id: 'Object Repository/Butonlar/Butonlar' located by 'By.cssSelector: .panel.panel-default.text-center.footerPanel .btn,.btn.btn-primary.btnControls' in '10' second(s)

2021-10-15 17:22:14 - [MESSAGE][INFO] - Smart Wait Function is triggered

2021-10-15 17:22:14 - [MESSAGE][INFO] - Found 5 web elements with id: 'Object Repository/Butonlar/Butonlar' located by 'By.cssSelector: .panel.panel-default.text-center.footerPanel .btn,.btn.btn-primary.btnControls' in '10' second(s)

2021-10-15 17:22:14 - [MESSAGE][PASSED] - Method.TextDegerineEsitElementeTiklaEquals is PASSED

2021-10-15 17:22:14 - [MESSAGE][PASSED] - Call Test Case 'Test Cases/Butonlar/ButonaTikla' successfully

2021-10-15 17:22:14 - [MESSAGE][INFO] - Checking called Test Case

2021-10-15 17:22:14 - [MESSAGE][INFO] - Starting to call Test Case 'Test Cases/Butonlar/AltButonVarMi'

2021-10-15 17:22:14 - [TEST_CASE][PASSED] - Test Cases/Butonlar/AltButonVarMi: Test Cases/Butonlar/AltButonVarMi

2021-10-15 17:22:14 - [TEST_STEP][PASSED] - Method.TextDegerineEsitElementVarMi(findTestObject("Butonlar/AltButonlar"), AltButon): Method.TextDegerineEsitElementVarMi is PASSED

2021-10-15 17:22:14 - [MESSAGE][INFO] - Finding Test Object 'Object Repository/Butonlar/AltButonlar'

2021-10-15 17:22:14 - [MESSAGE][INFO] - Checking timeout

2021-10-15 17:22:14 - [MESSAGE][INFO] - Finding web element with id: 'Object Repository/Butonlar/AltButonlar' located by 'By.cssSelector: .btn-group.open li>a' in '10' second(s)

2021-10-15 17:22:14 - [MESSAGE][INFO] - Smart Wait Function is triggered

2021-10-15 17:22:15 - [MESSAGE][INFO] - Found 1 web elements with id: 'Object Repository/Butonlar/AltButonlar' located by 'By.cssSelector: .btn-group.open li>a' in '10' second(s)

2021-10-15 17:22:15 - [MESSAGE][PASSED] - Method.TextDegerineEsitElementVarMi is PASSED

2021-10-15 17:22:15 - [MESSAGE][PASSED] - Call Test Case 'Test Cases/Butonlar/AltButonVarMi' successfully

2021-10-15 17:22:15 - [MESSAGE][INFO] - Checking called Test Case

2021-10-15 17:22:15 - [MESSAGE][INFO] - Starting to call Test Case 'Test Cases/Kullanici_Islemleri/KullaniciIslemlerindenSecimYapilir'

2021-10-15 17:22:15 - [TEST_CASE][PASSED] - Test Cases/Kullanici_Islemleri/KullaniciIslemlerindenSecimYapilir: Test Cases/Kullanici_Islemleri/KullaniciIslemlerindenSecimYapilir

2021-10-15 17:22:15 - [TEST_STEP][PASSED] - waitForElementClickable(findTestObject("Object Repository/Kullanici_Islemleri/KullaniciIslemleri"), 10): Object 'Object Repository/Kullanici_Islemleri/KullaniciIslemleri' is clickable

2021-10-15 17:22:15 - [MESSAGE][INFO] - Finding Test Object 'Object Repository/Kullanici_Islemleri/KullaniciIslemleri'

2021-10-15 17:22:16 - [MESSAGE][INFO] - Checking object

2021-10-15 17:22:16 - [MESSAGE][INFO] - Checking timeout

2021-10-15 17:22:16 - [MESSAGE][INFO] - Finding web element from Test Object's properties

2021-10-15 17:22:16 - [MESSAGE][INFO] - Checking timeout

2021-10-15 17:22:16 - [MESSAGE][INFO] - Finding web element with id: 'Object Repository/Kullanici_Islemleri/KullaniciIslemleri' located by 'By.cssSelector: .dropdown>a>img' in '10' second(s)

2021-10-15 17:22:16 - [MESSAGE][INFO] - Smart Wait Function is triggered

2021-10-15 17:22:16 - [MESSAGE][INFO] - Found 1 web elements with id: 'Object Repository/Kullanici_Islemleri/KullaniciIslemleri' located by 'By.cssSelector: .dropdown>a>img' in '10' second(s)

2021-10-15 17:22:16 - [MESSAGE][PASSED] - Object 'Object Repository/Kullanici_Islemleri/KullaniciIslemleri' is clickable

2021-10-15 17:22:16 - [TEST_STEP][PASSED] - click(findTestObject("Object Repository/Kullanici_Islemleri/KullaniciIslemleri")): Object: 'Object Repository/Kullanici_Islemleri/KullaniciIslemleri' is clicked on

2021-10-15 17:22:16 - [MESSAGE][INFO] - Finding Test Object 'Object Repository/Kullanici_Islemleri/KullaniciIslemleri'

2021-10-15 17:22:16 - [MESSAGE][INFO] - Checking object

2021-10-15 17:22:16 - [MESSAGE][INFO] - Finding web element from Test Object's properties

2021-10-15 17:22:16 - [MESSAGE][INFO] - Checking timeout

2021-10-15 17:22:16 - [MESSAGE][INFO] - Finding web element with id: 'Object Repository/Kullanici_Islemleri/KullaniciIslemleri' located by 'By.cssSelector: .dropdown>a>img' in '30' second(s)

2021-10-15 17:22:16 - [MESSAGE][INFO] - Smart Wait Function is triggered

2021-10-15 17:22:16 - [MESSAGE][INFO] - Found 1 web elements with id: 'Object Repository/Kullanici_Islemleri/KullaniciIslemleri' located by 'By.cssSelector: .dropdown>a>img' in '30' second(s)

2021-10-15 17:22:16 - [MESSAGE][INFO] - Clicking on object: 'Object Repository/Kullanici_Islemleri/KullaniciIslemleri'

2021-10-15 17:22:16 - [MESSAGE][PASSED] - Object: 'Object Repository/Kullanici_Islemleri/KullaniciIslemleri' is clicked on

2021-10-15 17:22:16 - [TEST_STEP][PASSED] - Method.TextDegerineEsitElementeTikla(findTestObject("Object Repository/Kullanici_Islemleri/Secenekler"), Islem): Method.TextDegerineEsitElementeTikla is PASSED

2021-10-15 17:22:16 - [MESSAGE][INFO] - Finding Test Object 'Object Repository/Kullanici_Islemleri/Secenekler'

2021-10-15 17:22:16 - [MESSAGE][INFO] - Checking timeout

2021-10-15 17:22:16 - [MESSAGE][INFO] - Finding web element with id: 'Object Repository/Kullanici_Islemleri/Secenekler' located by 'By.cssSelector: .nav.navbar-nav.navbar-right li a' in '10' second(s)

2021-10-15 17:22:16 - [MESSAGE][INFO] - Smart Wait Function is triggered

2021-10-15 17:22:17 - [MESSAGE][INFO] - Found 22 web elements with id: 'Object Repository/Kullanici_Islemleri/Secenekler' located by 'By.cssSelector: .nav.navbar-nav.navbar-right li a' in '10' second(s)

2021-10-15 17:22:18 - [MESSAGE][PASSED] - Method.TextDegerineEsitElementeTikla is PASSED

2021-10-15 17:22:18 - [TEST_STEP][PASSED] - verifyElementNotPresent(findTestObject("Object Repository/Kullanici_Islemleri/Secenekler"), 10): Web element with id: 'Object Repository/Kullanici_Islemleri/Secenekler' located by 'By.cssSelector: .nav.navbar-nav.navbar-right li a' is not present after '10' second(s)

2021-10-15 17:22:18 - [MESSAGE][INFO] - Finding Test Object 'Object Repository/Kullanici_Islemleri/Secenekler'

2021-10-15 17:22:18 - [MESSAGE][INFO] - Checking object

2021-10-15 17:22:18 - [MESSAGE][INFO] - Checking timeout

2021-10-15 17:22:18 - [MESSAGE][INFO] - Finding web element with id: 'Object Repository/Kullanici_Islemleri/Secenekler' located by 'By.cssSelector: .nav.navbar-nav.navbar-right li a' in '10' second(s)

2021-10-15 17:22:18 - [MESSAGE][INFO] - Smart Wait Function is triggered

2021-10-15 17:22:18 - [MESSAGE][PASSED] - Web element with id: 'Object Repository/Kullanici_Islemleri/Secenekler' located by 'By.cssSelector: .nav.navbar-nav.navbar-right li a' is not present after '10' second(s)

2021-10-15 17:22:18 - [MESSAGE][PASSED] - Call Test Case 'Test Cases/Kullanici_Islemleri/KullaniciIslemlerindenSecimYapilir' successfully

2021-10-15 17:22:18 - [TEST_CASE][PASSED] - Start Test Case : SCENARIO Gelen Zarflar Buton Kontrolu: SCENARIO Gelen Zarflar Buton Kontrolu

2021-10-15 17:22:18 - [TEST_STEP][PASSED] - Kullanıcı adı ELOGO6 ve Şifre 123456 olarak giriş yapılır: Kullanıcı adı ELOGO6 ve Şifre 123456 olarak giriş yapılır

2021-10-15 17:22:18 - [MESSAGE][PASSED] - Kullanıcı adı ELOGO6 ve Şifre 123456 olarak giriş yapılır

2021-10-15 17:22:18 - [TEST_STEP][PASSED] - Ana menüden Zarflar seçilir: Ana menüden Zarflar seçilir

2021-10-15 17:22:18 - [MESSAGE][PASSED] - Ana menüden Zarflar seçilir

2021-10-15 17:22:18 - [TEST_STEP][PASSED] - Alt menüden Gelen Zarflar seçilir: Alt menüden Gelen Zarflar seçilir

2021-10-15 17:22:18 - [MESSAGE][PASSED] - Alt menüden Gelen Zarflar seçilir

2021-10-15 17:22:18 - [TEST_STEP][PASSED] - Filtrelerden Oluşturma Tarihi filtresine 01.11.2020 baslangic degerini yaz: Filtrelerden Oluşturma Tarihi filtresine 01.11.2020 baslangic degerini yaz

2021-10-15 17:22:18 - [MESSAGE][PASSED] - Filtrelerden Oluşturma Tarihi filtresine 01.11.2020 baslangic degerini yaz

2021-10-15 17:22:18 - [TEST_STEP][PASSED] - Filtrelerden Oluşturma Tarihi filtresine 30.11.2020 bitis degerini yaz: Filtrelerden Oluşturma Tarihi filtresine 30.11.2020 bitis degerini yaz

2021-10-15 17:22:18 - [MESSAGE][PASSED] - Filtrelerden Oluşturma Tarihi filtresine 30.11.2020 bitis degerini yaz

2021-10-15 17:22:18 - [TEST_STEP][PASSED] - Filtre butonlarından Listele seçilir: Filtre butonlarından Listele seçilir

2021-10-15 17:22:18 - [MESSAGE][PASSED] - Filtre butonlarından Listele seçilir

2021-10-15 17:22:18 - [TEST_STEP][PASSED] - Tablodan Test Kurum 6 isimli verinin detayı tıklanır: Tablodan Test Kurum 6 isimli verinin detayı tıklanır

2021-10-15 17:22:18 - [MESSAGE][PASSED] - Tablodan Test Kurum 6 isimli verinin detayı tıklanır

2021-10-15 17:22:18 - [TEST_STEP][PASSED] - Tablodan Test Kurum 6 isimli verinin detayı tıklanır: Tablodan Test Kurum 6 isimli verinin detayı tıklanır

2021-10-15 17:22:18 - [MESSAGE][PASSED] - Tablodan Test Kurum 6 isimli verinin detayı tıklanır

2021-10-15 17:22:18 - [TEST_STEP][PASSED] - Filtre alanlarında Zarf ID var mı: Filtre alanlarında Zarf ID var mı

2021-10-15 17:22:18 - [MESSAGE][PASSED] - Filtre alanlarında Zarf ID var mı

2021-10-15 17:22:18 - [TEST_STEP][PASSED] - Filtre alanlarında Durum Kodu var mı: Filtre alanlarında Durum Kodu var mı

2021-10-15 17:22:18 - [MESSAGE][PASSED] - Filtre alanlarında Durum Kodu var mı

2021-10-15 17:22:18 - [TEST_STEP][PASSED] - Filtre alanlarında Oluşturma Tarihi var mı: Filtre alanlarında Oluşturma Tarihi var mı

2021-10-15 17:22:18 - [MESSAGE][PASSED] - Filtre alanlarında Oluşturma Tarihi var mı

2021-10-15 17:22:18 - [TEST_STEP][PASSED] - Filtre alanlarında Kullanıcı Kodu var mı: Filtre alanlarında Kullanıcı Kodu var mı

2021-10-15 17:22:18 - [MESSAGE][PASSED] - Filtre alanlarında Kullanıcı Kodu var mı

2021-10-15 17:22:18 - [TEST_STEP][PASSED] - Filtre alanlarında Gönderen VKN var mı: Filtre alanlarında Gönderen VKN var mı

2021-10-15 17:22:18 - [MESSAGE][PASSED] - Filtre alanlarında Gönderen VKN var mı

2021-10-15 17:22:18 - [TEST_STEP][PASSED] - Filtre alanlarında Gönderen Ünvan var mı: Filtre alanlarında Gönderen Ünvan var mı

2021-10-15 17:22:18 - [MESSAGE][PASSED] - Filtre alanlarında Gönderen Ünvan var mı

2021-10-15 17:22:18 - [TEST_STEP][PASSED] - Filtre alanlarında Belge Türü var mı: Filtre alanlarında Belge Türü var mı

2021-10-15 17:22:18 - [MESSAGE][PASSED] - Filtre alanlarında Belge Türü var mı

2021-10-15 17:22:18 - [TEST_STEP][PASSED] - Filtre alanlarında Tüm Hesaplar var mı: Filtre alanlarında Tüm Hesaplar var mı

2021-10-15 17:22:18 - [MESSAGE][PASSED] - Filtre alanlarında Tüm Hesaplar var mı

2021-10-15 17:22:18 - [TEST_STEP][PASSED] - Filtre butonlarında Filtreleri Kaydet var mı: Filtre butonlarında Filtreleri Kaydet var mı

2021-10-15 17:22:18 - [MESSAGE][PASSED] - Filtre butonlarında Filtreleri Kaydet var mı

2021-10-15 17:22:18 - [TEST_STEP][PASSED] - Filtre butonlarında Listele var mı: Filtre butonlarında Listele var mı

2021-10-15 17:22:18 - [MESSAGE][PASSED] - Filtre butonlarında Listele var mı

2021-10-15 17:22:18 - [TEST_STEP][PASSED] - Filtre butonlarında Temizle var mı: Filtre butonlarında Temizle var mı

2021-10-15 17:22:18 - [MESSAGE][PASSED] - Filtre butonlarında Temizle var mı

2021-10-15 17:22:18 - [TEST_STEP][PASSED] - Butonlardan Excel var mı: Butonlardan Excel var mı

2021-10-15 17:22:18 - [MESSAGE][PASSED] - Butonlardan Excel var mı

2021-10-15 17:22:18 - [TEST_STEP][PASSED] - Butonlardan Toplu İndirme var mı: Butonlardan Toplu İndirme var mı

2021-10-15 17:22:18 - [MESSAGE][PASSED] - Butonlardan Toplu İndirme var mı

2021-10-15 17:22:18 - [TEST_STEP][PASSED] - Butonlardan İndir var mı: Butonlardan İndir var mı

2021-10-15 17:22:18 - [MESSAGE][PASSED] - Butonlardan İndir var mı

2021-10-15 17:22:18 - [TEST_STEP][PASSED] - Butonlardan İzleme Kayıtları var mı: Butonlardan İzleme Kayıtları var mı

2021-10-15 17:22:18 - [MESSAGE][PASSED] - Butonlardan İzleme Kayıtları var mı

2021-10-15 17:22:18 - [TEST_STEP][PASSED] - Butonlardan Excel isimli butona tıklanır: Butonlardan Excel isimli butona tıklanır

2021-10-15 17:22:18 - [MESSAGE][PASSED] - Butonlardan Excel isimli butona tıklanır

2021-10-15 17:22:18 - [TEST_STEP][PASSED] - Alt butonlardan Seçilenleri Excel 'e Aktar var mı: Alt butonlardan Seçilenleri Excel 'e Aktar var mı

2021-10-15 17:22:18 - [MESSAGE][PASSED] - Alt butonlardan Seçilenleri Excel 'e Aktar var mı

2021-10-15 17:22:18 - [TEST_STEP][PASSED] - Alt butonlardan Tümünü Excel 'e Aktar var mı: Alt butonlardan Tümünü Excel 'e Aktar var mı

2021-10-15 17:22:18 - [MESSAGE][PASSED] - Alt butonlardan Tümünü Excel 'e Aktar var mı

2021-10-15 17:22:18 - [TEST_STEP][PASSED] - Butonlardan Toplu İndirme isimli butona tıklanır: Butonlardan Toplu İndirme isimli butona tıklanır

2021-10-15 17:22:18 - [MESSAGE][PASSED] - Butonlardan Toplu İndirme isimli butona tıklanır

2021-10-15 17:22:18 - [TEST_STEP][PASSED] - Alt butonlardan UBL Seçilenleri İndir var mı: Alt butonlardan UBL Seçilenleri İndir var mı

2021-10-15 17:22:18 - [MESSAGE][PASSED] - Alt butonlardan UBL Seçilenleri İndir var mı

2021-10-15 17:22:18 - [TEST_STEP][PASSED] - Alt butonlardan UBL Tümünü İndir var mı: Alt butonlardan UBL Tümünü İndir var mı

2021-10-15 17:22:18 - [MESSAGE][PASSED] - Alt butonlardan UBL Tümünü İndir var mı

2021-10-15 17:22:18 - [TEST_STEP][PASSED] - Butonlardan İndir isimli butona tıklanır: Butonlardan İndir isimli butona tıklanır

2021-10-15 17:22:18 - [MESSAGE][PASSED] - Butonlardan İndir isimli butona tıklanır

2021-10-15 17:22:18 - [TEST_STEP][PASSED] - Alt butonlardan İndir var mı: Alt butonlardan İndir var mı

2021-10-15 17:22:18 - [MESSAGE][PASSED] - Alt butonlardan İndir var mı

2021-10-15 17:22:18 - [TEST_STEP][PASSED] - Kullanıcı işlemlerinden Çıkış seçilir: Kullanıcı işlemlerinden Çıkış seçilir

2021-10-15 17:22:18 - [MESSAGE][PASSED] - Kullanıcı işlemlerinden Çıkış seçilir

2021-10-15 17:22:19 - [MESSAGE][PASSED] - Feature file: 'Include/features/Zarflar/Gelen Zarflar/Ekran Kontrolu.feature' was passed

2021-10-15 17:22:19 - [TEST_STEP][PASSED] - Start listener action : sampleAfterTestSuite: Invoke 'com.kms.katalon.core.annotation.AfterTestCase' method: 'Listener.sampleAfterTestSuite(...)' completed.

2021-10-15 17:22:19 - [MESSAGE][INFO] - Starting invoke 'com.kms.katalon.core.annotation.AfterTestCase' method: 'Listener.sampleAfterTestSuite(...)'

2021-10-15 17:22:19 - [TEST_STEP][PASSED] - closeBrowser(): Invoke 'com.kms.katalon.core.annotation.AfterTestCase' method: 'Listener.sampleAfterTestSuite(...)' completed.

2021-10-15 17:22:19 - [MESSAGE][INFO] - Closing browser

2021-10-15 17:22:19 - [MESSAGE][PASSED] - Browser is closed

2021-10-15 17:22:19 - [MESSAGE][INFO] - Invoke 'com.kms.katalon.core.annotation.AfterTestCase' method: 'Listener.sampleAfterTestSuite(...)' completed.]]></system-out>
         <system-err><![CDATA[]]></system-err>
      </testcase>
      <testcase name="Test Cases/Case Repository/Zarflar/Gelen Zarflar/Indir" time="35.693" classname="Test Cases/Case Repository/Zarflar/Gelen Zarflar/Indir" status="PASSED">
         <system-out><![CDATA[2021-10-15 17:22:19 - [TEST_CASE][PASSED] - Test Cases/Case Repository/Zarflar/Gelen Zarflar/Indir: Test Cases/Case Repository/Zarflar/Gelen Zarflar/Indir

2021-10-15 17:22:19 - [TEST_STEP][PASSED] - Start listener action : sampleBeforeTestSuite: Invoke 'com.kms.katalon.core.annotation.BeforeTestCase' method: 'Listener.sampleBeforeTestSuite(...)' completed.

2021-10-15 17:22:19 - [MESSAGE][INFO] - Starting invoke 'com.kms.katalon.core.annotation.BeforeTestCase' method: 'Listener.sampleBeforeTestSuite(...)'

2021-10-15 17:22:19 - [TEST_STEP][PASSED] - openBrowser(baseUrl): Browser is opened with url: 'https://efatura-stage.elogo.com.tr/'

2021-10-15 17:22:19 - [MESSAGE][INFO] - Opening browser

2021-10-15 17:22:19 - [MESSAGE][INFO] - Starting 'Chrome' driver

2021-10-15 17:22:19 - [MESSAGE][INFO] - User set preference: ['prefs', '{download.default_directory=C:\otomasyondownfiles}']

2021-10-15 17:22:19 - [MESSAGE][INFO] - Action delay is set to 0 milliseconds

2021-10-15 17:22:21 - [MESSAGE][INFO] - Navigating browser to: 'https://efatura-stage.elogo.com.tr/'

2021-10-15 17:22:23 - [MESSAGE][PASSED] - Browser is opened with url: 'https://efatura-stage.elogo.com.tr/'

2021-10-15 17:22:23 - [TEST_STEP][PASSED] - maximizeWindow(): Invoke 'com.kms.katalon.core.annotation.BeforeTestCase' method: 'Listener.sampleBeforeTestSuite(...)' completed.

2021-10-15 17:22:23 - [MESSAGE][INFO] - Maximizing current window

2021-10-15 17:22:23 - [MESSAGE][PASSED] - Current window maximized

2021-10-15 17:22:23 - [MESSAGE][INFO] - Invoke 'com.kms.katalon.core.annotation.BeforeTestCase' method: 'Listener.sampleBeforeTestSuite(...)' completed.

2021-10-15 17:22:23 - [TEST_STEP][PASSED] - runFeatureFile("Include/features/Zarflar/Gelen Zarflar/Indir.feature"): Feature file: 'Include/features/Zarflar/Gelen Zarflar/Indir.feature' was passed

2021-10-15 17:22:23 - [MESSAGE][INFO] - Starting run keyword runFeatureFile: 'Include/features/Zarflar/Gelen Zarflar/Indir.feature' and extract report to folder: 'C:\Users\DELL\Downloads\EES_Katalon-main\Reports\20211015_165642\Suite Repository\Zarflar\20211015_165727/cucumber_report/1634307743974'...

2021-10-15 17:22:23 - [MESSAGE][INFO] - Glue: []

2021-10-15 17:22:24 - [MESSAGE][INFO] - Checking called Test Case

2021-10-15 17:22:24 - [MESSAGE][INFO] - Starting to call Test Case 'Test Cases/Sayfalar/Giris_Sayfasi/Login'

2021-10-15 17:22:24 - [TEST_CASE][PASSED] - Test Cases/Sayfalar/Giris_Sayfasi/Login: Test Cases/Sayfalar/Giris_Sayfasi/Login

2021-10-15 17:22:24 - [TEST_STEP][PASSED] - Sayfa_Basligi = getWindowTitle(): Current window's title is: 'LOGO e-Fatura'

2021-10-15 17:22:24 - [MESSAGE][INFO] - Getting current window's title

2021-10-15 17:22:24 - [MESSAGE][PASSED] - Current window's title is: 'LOGO e-Fatura'

2021-10-15 17:22:24 - [TEST_STEP][PASSED] - verifyMatch(Sayfa_Basligi, "LOGO e-Fatura", false): Actual text 'LOGO e-Fatura' and expected text 'LOGO e-Fatura' are matched 

2021-10-15 17:22:24 - [MESSAGE][INFO] - Matching actual text 'LOGO e-Fatura' with expected text 'LOGO e-Fatura'

2021-10-15 17:22:24 - [MESSAGE][PASSED] - Actual text 'LOGO e-Fatura' and expected text 'LOGO e-Fatura' are matched 

2021-10-15 17:22:24 - [TEST_STEP][PASSED] - sendKeys(findTestObject("Sayfalar/Giris_Sayfasi/Firma_Kodu"), KullaniciAdi): Keys 'ELOGO6' sent to object: 'Object Repository/Sayfalar/Giris_Sayfasi/Firma_Kodu'

2021-10-15 17:22:24 - [MESSAGE][INFO] - Finding Test Object 'Object Repository/Sayfalar/Giris_Sayfasi/Firma_Kodu'

2021-10-15 17:22:25 - [MESSAGE][INFO] - Sending keys 'ELOGO6' to object: 'Object Repository/Sayfalar/Giris_Sayfasi/Firma_Kodu'

2021-10-15 17:22:25 - [MESSAGE][INFO] - Finding web element from Test Object's properties

2021-10-15 17:22:25 - [MESSAGE][INFO] - Checking timeout

2021-10-15 17:22:25 - [MESSAGE][INFO] - Finding web element with id: 'Object Repository/Sayfalar/Giris_Sayfasi/Firma_Kodu' located by 'By.xpath: //*[@id = 'AccountName']' in '30' second(s)

2021-10-15 17:22:25 - [MESSAGE][INFO] - Smart Wait Function is triggered

2021-10-15 17:22:25 - [MESSAGE][INFO] - Found 1 web elements with id: 'Object Repository/Sayfalar/Giris_Sayfasi/Firma_Kodu' located by 'By.xpath: //*[@id = 'AccountName']' in '30' second(s)

2021-10-15 17:22:25 - [MESSAGE][PASSED] - Keys 'ELOGO6' sent to object: 'Object Repository/Sayfalar/Giris_Sayfasi/Firma_Kodu'

2021-10-15 17:22:25 - [TEST_STEP][PASSED] - sendKeys(findTestObject("Sayfalar/Giris_Sayfasi/Sifre"), Sifre): Keys '123456' sent to object: 'Object Repository/Sayfalar/Giris_Sayfasi/Sifre'

2021-10-15 17:22:25 - [MESSAGE][INFO] - Finding Test Object 'Object Repository/Sayfalar/Giris_Sayfasi/Sifre'

2021-10-15 17:22:25 - [MESSAGE][INFO] - Sending keys '123456' to object: 'Object Repository/Sayfalar/Giris_Sayfasi/Sifre'

2021-10-15 17:22:25 - [MESSAGE][INFO] - Finding web element from Test Object's properties

2021-10-15 17:22:25 - [MESSAGE][INFO] - Checking timeout

2021-10-15 17:22:25 - [MESSAGE][INFO] - Finding web element with id: 'Object Repository/Sayfalar/Giris_Sayfasi/Sifre' located by 'By.xpath: //*[@id = 'Password']' in '30' second(s)

2021-10-15 17:22:25 - [MESSAGE][INFO] - Smart Wait Function is triggered

2021-10-15 17:22:25 - [MESSAGE][INFO] - Found 1 web elements with id: 'Object Repository/Sayfalar/Giris_Sayfasi/Sifre' located by 'By.xpath: //*[@id = 'Password']' in '30' second(s)

2021-10-15 17:22:26 - [MESSAGE][PASSED] - Keys '123456' sent to object: 'Object Repository/Sayfalar/Giris_Sayfasi/Sifre'

2021-10-15 17:22:26 - [TEST_STEP][PASSED] - findWebElement(findTestObject("Sayfalar/Giris_Sayfasi/Giris_Butonu")).click(): Found 1 web elements with id: 'Object Repository/Sayfalar/Giris_Sayfasi/Giris_Butonu' located by 'By.cssSelector: #btnLogin' in '30' second(s)

2021-10-15 17:22:26 - [MESSAGE][INFO] - Finding Test Object 'Object Repository/Sayfalar/Giris_Sayfasi/Giris_Butonu'

2021-10-15 17:22:26 - [MESSAGE][INFO] - Finding web element from Test Object's properties

2021-10-15 17:22:26 - [MESSAGE][INFO] - Checking timeout

2021-10-15 17:22:26 - [MESSAGE][INFO] - Finding web element with id: 'Object Repository/Sayfalar/Giris_Sayfasi/Giris_Butonu' located by 'By.cssSelector: #btnLogin' in '30' second(s)

2021-10-15 17:22:26 - [MESSAGE][INFO] - Smart Wait Function is triggered

2021-10-15 17:22:26 - [MESSAGE][INFO] - Found 1 web elements with id: 'Object Repository/Sayfalar/Giris_Sayfasi/Giris_Butonu' located by 'By.cssSelector: #btnLogin' in '30' second(s)

2021-10-15 17:22:30 - [TEST_STEP][PASSED] - if (verifyElementPresent(findTestObject("Object Repository/Sayfalar/Giris_Sayfasi/RetveTamam_Butonu"), 5, OPTIONAL)): null

2021-10-15 17:22:30 - [MESSAGE][INFO] - Finding Test Object 'Object Repository/Sayfalar/Giris_Sayfasi/RetveTamam_Butonu'

2021-10-15 17:22:30 - [MESSAGE][INFO] - Checking object

2021-10-15 17:22:30 - [MESSAGE][INFO] - Finding web element from Test Object's properties

2021-10-15 17:22:30 - [MESSAGE][INFO] - Checking timeout

2021-10-15 17:22:30 - [MESSAGE][INFO] - Finding web element with id: 'Object Repository/Sayfalar/Giris_Sayfasi/RetveTamam_Butonu' located by 'By.xpath: //*[@class = 'btn btn-default']' in '5' second(s)

2021-10-15 17:22:30 - [MESSAGE][INFO] - Smart Wait Function is triggered

2021-10-15 17:22:30 - [MESSAGE][INFO] - Found 1 web elements with id: 'Object Repository/Sayfalar/Giris_Sayfasi/RetveTamam_Butonu' located by 'By.xpath: //*[@class = 'btn btn-default']' in '5' second(s)

2021-10-15 17:22:30 - [MESSAGE][PASSED] - Object 'Object Repository/Sayfalar/Giris_Sayfasi/RetveTamam_Butonu' is present

2021-10-15 17:22:30 - [TEST_STEP][PASSED] - click(findTestObject("Object Repository/Sayfalar/Giris_Sayfasi/RetveTamam_Butonu")): Object: 'Object Repository/Sayfalar/Giris_Sayfasi/RetveTamam_Butonu' is clicked on

2021-10-15 17:22:30 - [MESSAGE][INFO] - Finding Test Object 'Object Repository/Sayfalar/Giris_Sayfasi/RetveTamam_Butonu'

2021-10-15 17:22:30 - [MESSAGE][INFO] - Checking object

2021-10-15 17:22:30 - [MESSAGE][INFO] - Finding web element from Test Object's properties

2021-10-15 17:22:30 - [MESSAGE][INFO] - Checking timeout

2021-10-15 17:22:30 - [MESSAGE][INFO] - Finding web element with id: 'Object Repository/Sayfalar/Giris_Sayfasi/RetveTamam_Butonu' located by 'By.xpath: //*[@class = 'btn btn-default']' in '30' second(s)

2021-10-15 17:22:30 - [MESSAGE][INFO] - Smart Wait Function is triggered

2021-10-15 17:22:30 - [MESSAGE][INFO] - Found 1 web elements with id: 'Object Repository/Sayfalar/Giris_Sayfasi/RetveTamam_Butonu' located by 'By.xpath: //*[@class = 'btn btn-default']' in '30' second(s)

2021-10-15 17:22:30 - [MESSAGE][INFO] - Clicking on object: 'Object Repository/Sayfalar/Giris_Sayfasi/RetveTamam_Butonu'

2021-10-15 17:22:30 - [MESSAGE][PASSED] - Object: 'Object Repository/Sayfalar/Giris_Sayfasi/RetveTamam_Butonu' is clicked on

2021-10-15 17:22:30 - [TEST_STEP][PASSED] - click(findTestObject("Object Repository/Sayfalar/Giris_Sayfasi/RetveTamam_Butonu")): Object: 'Object Repository/Sayfalar/Giris_Sayfasi/RetveTamam_Butonu' is clicked on

2021-10-15 17:22:30 - [MESSAGE][INFO] - Finding Test Object 'Object Repository/Sayfalar/Giris_Sayfasi/RetveTamam_Butonu'

2021-10-15 17:22:31 - [MESSAGE][INFO] - Checking object

2021-10-15 17:22:31 - [MESSAGE][INFO] - Finding web element from Test Object's properties

2021-10-15 17:22:31 - [MESSAGE][INFO] - Checking timeout

2021-10-15 17:22:31 - [MESSAGE][INFO] - Finding web element with id: 'Object Repository/Sayfalar/Giris_Sayfasi/RetveTamam_Butonu' located by 'By.xpath: //*[@class = 'btn btn-default']' in '30' second(s)

2021-10-15 17:22:31 - [MESSAGE][INFO] - Smart Wait Function is triggered

2021-10-15 17:22:34 - [MESSAGE][INFO] - Found 1 web elements with id: 'Object Repository/Sayfalar/Giris_Sayfasi/RetveTamam_Butonu' located by 'By.xpath: //*[@class = 'btn btn-default']' in '30' second(s)

2021-10-15 17:22:34 - [MESSAGE][INFO] - Clicking on object: 'Object Repository/Sayfalar/Giris_Sayfasi/RetveTamam_Butonu'

2021-10-15 17:22:34 - [MESSAGE][PASSED] - Object: 'Object Repository/Sayfalar/Giris_Sayfasi/RetveTamam_Butonu' is clicked on

2021-10-15 17:22:34 - [TEST_STEP][PASSED] - if (verifyElementPresent(findTestObject("Sayfalar/Giris_Sayfasi/PopupOK"), 5, OPTIONAL)): null

2021-10-15 17:22:34 - [MESSAGE][INFO] - Finding Test Object 'Object Repository/Sayfalar/Giris_Sayfasi/PopupOK'

2021-10-15 17:22:34 - [MESSAGE][INFO] - Checking object

2021-10-15 17:22:34 - [MESSAGE][INFO] - Finding web element from Test Object's properties

2021-10-15 17:22:34 - [MESSAGE][INFO] - Checking timeout

2021-10-15 17:22:34 - [MESSAGE][INFO] - Finding web element with id: 'Object Repository/Sayfalar/Giris_Sayfasi/PopupOK' located by 'By.cssSelector: .btn.btn-success' in '5' second(s)

2021-10-15 17:22:34 - [MESSAGE][INFO] - Smart Wait Function is triggered

2021-10-15 17:22:35 - [MESSAGE][INFO] - Found 1 web elements with id: 'Object Repository/Sayfalar/Giris_Sayfasi/PopupOK' located by 'By.cssSelector: .btn.btn-success' in '5' second(s)

2021-10-15 17:22:35 - [MESSAGE][PASSED] - Object 'Object Repository/Sayfalar/Giris_Sayfasi/PopupOK' is present

2021-10-15 17:22:35 - [TEST_STEP][PASSED] - click(findTestObject("Object Repository/Sayfalar/Giris_Sayfasi/PopupCarpiGiris")): Object: 'Object Repository/Sayfalar/Giris_Sayfasi/PopupCarpiGiris' is clicked on

2021-10-15 17:22:35 - [MESSAGE][INFO] - Finding Test Object 'Object Repository/Sayfalar/Giris_Sayfasi/PopupCarpiGiris'

2021-10-15 17:22:35 - [MESSAGE][INFO] - Checking object

2021-10-15 17:22:35 - [MESSAGE][INFO] - Finding web element from Test Object's properties

2021-10-15 17:22:35 - [MESSAGE][INFO] - Checking timeout

2021-10-15 17:22:35 - [MESSAGE][INFO] - Finding web element with id: 'Object Repository/Sayfalar/Giris_Sayfasi/PopupCarpiGiris' located by 'By.cssSelector: .bootbox-close-button.close' in '30' second(s)

2021-10-15 17:22:35 - [MESSAGE][INFO] - Smart Wait Function is triggered

2021-10-15 17:22:35 - [MESSAGE][INFO] - Found 1 web elements with id: 'Object Repository/Sayfalar/Giris_Sayfasi/PopupCarpiGiris' located by 'By.cssSelector: .bootbox-close-button.close' in '30' second(s)

2021-10-15 17:22:35 - [MESSAGE][INFO] - Clicking on object: 'Object Repository/Sayfalar/Giris_Sayfasi/PopupCarpiGiris'

2021-10-15 17:22:35 - [MESSAGE][PASSED] - Object: 'Object Repository/Sayfalar/Giris_Sayfasi/PopupCarpiGiris' is clicked on

2021-10-15 17:22:35 - [TEST_STEP][PASSED] - verifyElementVisible(findTestObject("Object Repository/Kullanici_Islemleri/KullaniciIslemleri")): Object 'Object Repository/Kullanici_Islemleri/KullaniciIslemleri' is visible

2021-10-15 17:22:35 - [MESSAGE][INFO] - Finding Test Object 'Object Repository/Kullanici_Islemleri/KullaniciIslemleri'

2021-10-15 17:22:35 - [MESSAGE][INFO] - Checking object

2021-10-15 17:22:35 - [MESSAGE][INFO] - Finding web element from Test Object's properties

2021-10-15 17:22:35 - [MESSAGE][INFO] - Checking timeout

2021-10-15 17:22:35 - [MESSAGE][INFO] - Finding web element with id: 'Object Repository/Kullanici_Islemleri/KullaniciIslemleri' located by 'By.cssSelector: .dropdown>a>img' in '30' second(s)

2021-10-15 17:22:35 - [MESSAGE][INFO] - Smart Wait Function is triggered

2021-10-15 17:22:36 - [MESSAGE][INFO] - Found 1 web elements with id: 'Object Repository/Kullanici_Islemleri/KullaniciIslemleri' located by 'By.cssSelector: .dropdown>a>img' in '30' second(s)

2021-10-15 17:22:36 - [MESSAGE][PASSED] - Object 'Object Repository/Kullanici_Islemleri/KullaniciIslemleri' is visible

2021-10-15 17:22:36 - [MESSAGE][PASSED] - Call Test Case 'Test Cases/Sayfalar/Giris_Sayfasi/Login' successfully

2021-10-15 17:22:36 - [MESSAGE][INFO] - Checking called Test Case

2021-10-15 17:22:36 - [MESSAGE][INFO] - Starting to call Test Case 'Test Cases/Menu/AnaMenuSecimi'

2021-10-15 17:22:36 - [TEST_CASE][PASSED] - Test Cases/Menu/AnaMenuSecimi: Test Cases/Menu/AnaMenuSecimi

2021-10-15 17:22:36 - [TEST_STEP][PASSED] - Method.TextDegerineEsitElementeTikla(findTestObject("Menu/Ana_Menu"), Ana_Menu): Method.TextDegerineEsitElementeTikla is PASSED

2021-10-15 17:22:36 - [MESSAGE][INFO] - Finding Test Object 'Object Repository/Menu/Ana_Menu'

2021-10-15 17:22:36 - [MESSAGE][INFO] - Checking timeout

2021-10-15 17:22:36 - [MESSAGE][INFO] - Finding web element with id: 'Object Repository/Menu/Ana_Menu' located by 'By.xpath: //*[@class = 'dropdown-toggle']' in '10' second(s)

2021-10-15 17:22:36 - [MESSAGE][INFO] - Smart Wait Function is triggered

2021-10-15 17:22:36 - [MESSAGE][INFO] - Found 14 web elements with id: 'Object Repository/Menu/Ana_Menu' located by 'By.xpath: //*[@class = 'dropdown-toggle']' in '10' second(s)

2021-10-15 17:22:37 - [MESSAGE][PASSED] - Method.TextDegerineEsitElementeTikla is PASSED

2021-10-15 17:22:37 - [MESSAGE][PASSED] - Call Test Case 'Test Cases/Menu/AnaMenuSecimi' successfully

2021-10-15 17:22:37 - [MESSAGE][INFO] - Checking called Test Case

2021-10-15 17:22:37 - [MESSAGE][INFO] - Starting to call Test Case 'Test Cases/Menu/AltMenuSecimi'

2021-10-15 17:22:37 - [TEST_CASE][PASSED] - Test Cases/Menu/AltMenuSecimi: Test Cases/Menu/AltMenuSecimi

2021-10-15 17:22:37 - [TEST_STEP][PASSED] - Method.TextDegerineEsitElementeTikla(findTestObject("Menu/Alt_Menu"), Alt_Menu): Method.TextDegerineEsitElementeTikla is PASSED

2021-10-15 17:22:37 - [MESSAGE][INFO] - Finding Test Object 'Object Repository/Menu/Alt_Menu'

2021-10-15 17:22:37 - [MESSAGE][INFO] - Checking timeout

2021-10-15 17:22:37 - [MESSAGE][INFO] - Finding web element with id: 'Object Repository/Menu/Alt_Menu' located by 'By.xpath: //li[@class='dropdown dropdown-large open']//li[@class='dropdown-element']' in '10' second(s)

2021-10-15 17:22:37 - [MESSAGE][INFO] - Smart Wait Function is triggered

2021-10-15 17:22:37 - [MESSAGE][INFO] - Found 2 web elements with id: 'Object Repository/Menu/Alt_Menu' located by 'By.xpath: //li[@class='dropdown dropdown-large open']//li[@class='dropdown-element']' in '10' second(s)

2021-10-15 17:22:39 - [MESSAGE][PASSED] - Method.TextDegerineEsitElementeTikla is PASSED

2021-10-15 17:22:39 - [MESSAGE][PASSED] - Call Test Case 'Test Cases/Menu/AltMenuSecimi' successfully

2021-10-15 17:22:39 - [MESSAGE][INFO] - Checking called Test Case

2021-10-15 17:22:39 - [MESSAGE][INFO] - Starting to call Test Case 'Test Cases/Filtreler/BaslangicYaz'

2021-10-15 17:22:39 - [TEST_CASE][PASSED] - Test Cases/Filtreler/BaslangicYaz: Test Cases/Filtreler/BaslangicYaz

2021-10-15 17:22:39 - [TEST_STEP][PASSED] - Method.TextDegerineEsitElementinAltindakineTikla(findTestObject("Filtreler/Basliklar"), findTestObject("Filtreler/Basliga_Gore_Baslangic_Image"), Filtre_Adi): Method.TextDegerineEsitElementinAltindakineTikla is PASSED

2021-10-15 17:22:39 - [MESSAGE][INFO] - Finding Test Object 'Object Repository/Filtreler/Basliklar'

2021-10-15 17:22:39 - [MESSAGE][INFO] - Finding Test Object 'Object Repository/Filtreler/Basliga_Gore_Baslangic_Image'

2021-10-15 17:22:39 - [MESSAGE][INFO] - Checking timeout

2021-10-15 17:22:39 - [MESSAGE][INFO] - Finding web element with id: 'Object Repository/Filtreler/Basliklar' located by 'By.cssSelector: .control-label.col-sm-4.paddingMarginRLC' in '10' second(s)

2021-10-15 17:22:39 - [MESSAGE][INFO] - Smart Wait Function is triggered

2021-10-15 17:22:39 - [MESSAGE][INFO] - Found 8 web elements with id: 'Object Repository/Filtreler/Basliklar' located by 'By.cssSelector: .control-label.col-sm-4.paddingMarginRLC' in '10' second(s)

2021-10-15 17:22:39 - [MESSAGE][INFO] - Smart Wait Function is triggered

2021-10-15 17:22:40 - [MESSAGE][PASSED] - Method.TextDegerineEsitElementinAltindakineTikla is PASSED

2021-10-15 17:22:40 - [TEST_STEP][PASSED] - Method.TextDegerineEsitElementinAltindakiTextboxtaYaz(findTestObject("Filtreler/Basliklar"), findTestObject("Filtreler/Basliga_Gore_Baslangic"), Filtre_Adi, Filtre_Degeri): Method.TextDegerineEsitElementinAltindakiTextboxtaYaz is PASSED

2021-10-15 17:22:40 - [MESSAGE][INFO] - Finding Test Object 'Object Repository/Filtreler/Basliklar'

2021-10-15 17:22:40 - [MESSAGE][INFO] - Finding Test Object 'Object Repository/Filtreler/Basliga_Gore_Baslangic'

2021-10-15 17:22:40 - [MESSAGE][INFO] - Checking timeout

2021-10-15 17:22:40 - [MESSAGE][INFO] - Finding web element with id: 'Object Repository/Filtreler/Basliklar' located by 'By.cssSelector: .control-label.col-sm-4.paddingMarginRLC' in '10' second(s)

2021-10-15 17:22:40 - [MESSAGE][INFO] - Smart Wait Function is triggered

2021-10-15 17:22:40 - [MESSAGE][INFO] - Found 8 web elements with id: 'Object Repository/Filtreler/Basliklar' located by 'By.cssSelector: .control-label.col-sm-4.paddingMarginRLC' in '10' second(s)

2021-10-15 17:22:40 - [MESSAGE][INFO] - Smart Wait Function is triggered

2021-10-15 17:22:41 - [MESSAGE][PASSED] - Method.TextDegerineEsitElementinAltindakiTextboxtaYaz is PASSED

2021-10-15 17:22:41 - [MESSAGE][PASSED] - Call Test Case 'Test Cases/Filtreler/BaslangicYaz' successfully

2021-10-15 17:22:41 - [MESSAGE][INFO] - Checking called Test Case

2021-10-15 17:22:41 - [MESSAGE][INFO] - Starting to call Test Case 'Test Cases/Filtreler/BitisYaz'

2021-10-15 17:22:41 - [TEST_CASE][PASSED] - Test Cases/Filtreler/BitisYaz: Test Cases/Filtreler/BitisYaz

2021-10-15 17:22:41 - [TEST_STEP][PASSED] - Method.TextDegerineEsitElementinAltindakineTikla(findTestObject("Filtreler/Basliklar"), findTestObject("Filtreler/Basliga_Gore_Bitis_Image"), Filtre_Adi): Method.TextDegerineEsitElementinAltindakineTikla is PASSED

2021-10-15 17:22:41 - [MESSAGE][INFO] - Finding Test Object 'Object Repository/Filtreler/Basliklar'

2021-10-15 17:22:41 - [MESSAGE][INFO] - Finding Test Object 'Object Repository/Filtreler/Basliga_Gore_Bitis_Image'

2021-10-15 17:22:41 - [MESSAGE][INFO] - Checking timeout

2021-10-15 17:22:41 - [MESSAGE][INFO] - Finding web element with id: 'Object Repository/Filtreler/Basliklar' located by 'By.cssSelector: .control-label.col-sm-4.paddingMarginRLC' in '10' second(s)

2021-10-15 17:22:41 - [MESSAGE][INFO] - Smart Wait Function is triggered

2021-10-15 17:22:41 - [MESSAGE][INFO] - Found 8 web elements with id: 'Object Repository/Filtreler/Basliklar' located by 'By.cssSelector: .control-label.col-sm-4.paddingMarginRLC' in '10' second(s)

2021-10-15 17:22:41 - [MESSAGE][INFO] - Smart Wait Function is triggered

2021-10-15 17:22:42 - [MESSAGE][PASSED] - Method.TextDegerineEsitElementinAltindakineTikla is PASSED

2021-10-15 17:22:42 - [TEST_STEP][PASSED] - Method.TextDegerineEsitElementinAltindakiTextboxtaYaz(findTestObject("Filtreler/Basliklar"), findTestObject("Object Repository/Filtreler/Basliga_Gore_Bitis"), Filtre_Adi, Filtre_Degeri): Method.TextDegerineEsitElementinAltindakiTextboxtaYaz is PASSED

2021-10-15 17:22:42 - [MESSAGE][INFO] - Finding Test Object 'Object Repository/Filtreler/Basliklar'

2021-10-15 17:22:42 - [MESSAGE][INFO] - Finding Test Object 'Object Repository/Filtreler/Basliga_Gore_Bitis'

2021-10-15 17:22:42 - [MESSAGE][INFO] - Checking timeout

2021-10-15 17:22:42 - [MESSAGE][INFO] - Finding web element with id: 'Object Repository/Filtreler/Basliklar' located by 'By.cssSelector: .control-label.col-sm-4.paddingMarginRLC' in '10' second(s)

2021-10-15 17:22:42 - [MESSAGE][INFO] - Smart Wait Function is triggered

2021-10-15 17:22:42 - [MESSAGE][INFO] - Found 8 web elements with id: 'Object Repository/Filtreler/Basliklar' located by 'By.cssSelector: .control-label.col-sm-4.paddingMarginRLC' in '10' second(s)

2021-10-15 17:22:42 - [MESSAGE][INFO] - Smart Wait Function is triggered

2021-10-15 17:22:42 - [MESSAGE][PASSED] - Method.TextDegerineEsitElementinAltindakiTextboxtaYaz is PASSED

2021-10-15 17:22:42 - [MESSAGE][PASSED] - Call Test Case 'Test Cases/Filtreler/BitisYaz' successfully

2021-10-15 17:22:42 - [MESSAGE][INFO] - Checking called Test Case

2021-10-15 17:22:42 - [MESSAGE][INFO] - Starting to call Test Case 'Test Cases/Filtreler/ButonaTikla'

2021-10-15 17:22:43 - [TEST_CASE][PASSED] - Test Cases/Filtreler/ButonaTikla: Test Cases/Filtreler/ButonaTikla

2021-10-15 17:22:43 - [TEST_STEP][PASSED] - Method.TextDegerineEsitElementeTikla(findTestObject("Filtreler/Butonlar"), Filtre_Buton): Method.TextDegerineEsitElementeTikla is PASSED

2021-10-15 17:22:43 - [MESSAGE][INFO] - Finding Test Object 'Object Repository/Filtreler/Butonlar'

2021-10-15 17:22:43 - [MESSAGE][INFO] - Checking timeout

2021-10-15 17:22:43 - [MESSAGE][INFO] - Finding web element with id: 'Object Repository/Filtreler/Butonlar' located by 'By.cssSelector: .dxb>span' in '10' second(s)

2021-10-15 17:22:43 - [MESSAGE][INFO] - Smart Wait Function is triggered

2021-10-15 17:22:43 - [MESSAGE][INFO] - Found 3 web elements with id: 'Object Repository/Filtreler/Butonlar' located by 'By.cssSelector: .dxb>span' in '10' second(s)

2021-10-15 17:22:43 - [MESSAGE][PASSED] - Method.TextDegerineEsitElementeTikla is PASSED

2021-10-15 17:22:43 - [MESSAGE][PASSED] - Call Test Case 'Test Cases/Filtreler/ButonaTikla' successfully

2021-10-15 17:22:43 - [MESSAGE][INFO] - Checking called Test Case

2021-10-15 17:22:43 - [MESSAGE][INFO] - Starting to call Test Case 'Test Cases/Tablo/TablodaVeriVarMi'

2021-10-15 17:22:43 - [TEST_CASE][PASSED] - Test Cases/Tablo/TablodaVeriVarMi: Test Cases/Tablo/TablodaVeriVarMi

2021-10-15 17:22:44 - [TEST_STEP][PASSED] - verifyTextNotPresent("Görüntülenecek veri yok", true): Text 'Görüntülenecek veri yok' is not present on page using regular expression

2021-10-15 17:22:44 - [MESSAGE][INFO] - Checking text present  using regular expression

2021-10-15 17:22:44 - [MESSAGE][INFO] - Smart Wait Function is triggered

2021-10-15 17:22:44 - [MESSAGE][INFO] - Finding text 'Görüntülenecek veri yok' on page  using regular expression

2021-10-15 17:22:44 - [MESSAGE][PASSED] - Text 'Görüntülenecek veri yok' is not present on page using regular expression

2021-10-15 17:22:44 - [MESSAGE][PASSED] - Call Test Case 'Test Cases/Tablo/TablodaVeriVarMi' successfully

2021-10-15 17:22:44 - [MESSAGE][INFO] - Checking called Test Case

2021-10-15 17:22:44 - [MESSAGE][INFO] - Starting to call Test Case 'Test Cases/Tablo/TablodanVeriSec'

2021-10-15 17:22:44 - [TEST_CASE][PASSED] - Test Cases/Tablo/TablodanVeriSec: Test Cases/Tablo/TablodanVeriSec

2021-10-15 17:22:45 - [TEST_STEP][PASSED] - Method.TextDegerineEsitElementinAltindakineTikla(findTestObject("Tablo/Veriler"), findTestObject("Tablo/VerininCheckBoxi"), Veri_Adi): Method.TextDegerineEsitElementinAltindakineTikla is PASSED

2021-10-15 17:22:45 - [MESSAGE][INFO] - Finding Test Object 'Object Repository/Tablo/Veriler'

2021-10-15 17:22:45 - [MESSAGE][INFO] - Finding Test Object 'Object Repository/Tablo/VerininCheckBoxi'

2021-10-15 17:22:45 - [MESSAGE][INFO] - Checking timeout

2021-10-15 17:22:45 - [MESSAGE][INFO] - Finding web element with id: 'Object Repository/Tablo/Veriler' located by 'By.cssSelector: td.dxgv b ,td.dxgv' in '10' second(s)

2021-10-15 17:22:45 - [MESSAGE][INFO] - Smart Wait Function is triggered

2021-10-15 17:22:45 - [MESSAGE][INFO] - Found 110 web elements with id: 'Object Repository/Tablo/Veriler' located by 'By.cssSelector: td.dxgv b ,td.dxgv' in '10' second(s)

2021-10-15 17:22:45 - [MESSAGE][INFO] - Smart Wait Function is triggered

2021-10-15 17:22:46 - [MESSAGE][PASSED] - Method.TextDegerineEsitElementinAltindakineTikla is PASSED

2021-10-15 17:22:46 - [MESSAGE][PASSED] - Call Test Case 'Test Cases/Tablo/TablodanVeriSec' successfully

2021-10-15 17:22:46 - [MESSAGE][INFO] - Checking called Test Case

2021-10-15 17:22:46 - [MESSAGE][INFO] - Starting to call Test Case 'Test Cases/Butonlar/ButonaTikla'

2021-10-15 17:22:46 - [TEST_CASE][PASSED] - Test Cases/Butonlar/ButonaTikla: Test Cases/Butonlar/ButonaTikla

2021-10-15 17:22:46 - [TEST_STEP][PASSED] - Method.TextDegerineEsitElementeTiklaEquals(findTestObject("Butonlar/Butonlar"), Buton_Adi): Method.TextDegerineEsitElementeTiklaEquals is PASSED

2021-10-15 17:22:46 - [MESSAGE][INFO] - Finding Test Object 'Object Repository/Butonlar/Butonlar'

2021-10-15 17:22:46 - [MESSAGE][INFO] - Checking timeout

2021-10-15 17:22:46 - [MESSAGE][INFO] - Finding web element with id: 'Object Repository/Butonlar/Butonlar' located by 'By.cssSelector: .panel.panel-default.text-center.footerPanel .btn,.btn.btn-primary.btnControls' in '10' second(s)

2021-10-15 17:22:46 - [MESSAGE][INFO] - Smart Wait Function is triggered

2021-10-15 17:22:46 - [MESSAGE][INFO] - Found 5 web elements with id: 'Object Repository/Butonlar/Butonlar' located by 'By.cssSelector: .panel.panel-default.text-center.footerPanel .btn,.btn.btn-primary.btnControls' in '10' second(s)

2021-10-15 17:22:46 - [MESSAGE][PASSED] - Method.TextDegerineEsitElementeTiklaEquals is PASSED

2021-10-15 17:22:46 - [MESSAGE][PASSED] - Call Test Case 'Test Cases/Butonlar/ButonaTikla' successfully

2021-10-15 17:22:46 - [MESSAGE][INFO] - Checking called Test Case

2021-10-15 17:22:46 - [MESSAGE][INFO] - Starting to call Test Case 'Test Cases/Butonlar/AltButonaTikla'

2021-10-15 17:22:46 - [TEST_CASE][PASSED] - Test Cases/Butonlar/AltButonaTikla: Test Cases/Butonlar/AltButonaTikla

2021-10-15 17:22:47 - [TEST_STEP][PASSED] - Method.TextDegerineEsitElementeTikla(findTestObject("Butonlar/AltButonlar"), Alt_Buton): Method.TextDegerineEsitElementeTikla is PASSED

2021-10-15 17:22:47 - [MESSAGE][INFO] - Finding Test Object 'Object Repository/Butonlar/AltButonlar'

2021-10-15 17:22:47 - [MESSAGE][INFO] - Checking timeout

2021-10-15 17:22:47 - [MESSAGE][INFO] - Finding web element with id: 'Object Repository/Butonlar/AltButonlar' located by 'By.cssSelector: .btn-group.open li>a' in '10' second(s)

2021-10-15 17:22:47 - [MESSAGE][INFO] - Smart Wait Function is triggered

2021-10-15 17:22:47 - [MESSAGE][INFO] - Found 1 web elements with id: 'Object Repository/Butonlar/AltButonlar' located by 'By.cssSelector: .btn-group.open li>a' in '10' second(s)

2021-10-15 17:22:48 - [MESSAGE][PASSED] - Method.TextDegerineEsitElementeTikla is PASSED

2021-10-15 17:22:48 - [MESSAGE][PASSED] - Call Test Case 'Test Cases/Butonlar/AltButonaTikla' successfully

2021-10-15 17:22:48 - [MESSAGE][INFO] - Checking called Test Case

2021-10-15 17:22:48 - [MESSAGE][INFO] - Starting to call Test Case 'Test Cases/Butonlar/DosyaIndirildiMi'

2021-10-15 17:22:48 - [TEST_CASE][PASSED] - Test Cases/Butonlar/DosyaIndirildiMi: Test Cases/Butonlar/DosyaIndirildiMi

2021-10-15 17:22:48 - [TEST_STEP][PASSED] - Method.isimliDosyaIndirildiMi(DownloadFile, FileName): Method.isimliDosyaIndirildiMi is PASSED

2021-10-15 17:22:48 - [MESSAGE][INFO] - Delaying browser in 3 second(s)

2021-10-15 17:22:51 - [MESSAGE][PASSED] - Delayed 3 second(s)

2021-10-15 17:22:51 - [MESSAGE][PASSED] - Method.isimliDosyaIndirildiMi is PASSED

2021-10-15 17:22:51 - [MESSAGE][PASSED] - Call Test Case 'Test Cases/Butonlar/DosyaIndirildiMi' successfully

2021-10-15 17:22:51 - [MESSAGE][INFO] - Checking called Test Case

2021-10-15 17:22:51 - [MESSAGE][INFO] - Starting to call Test Case 'Test Cases/Kullanici_Islemleri/KullaniciIslemlerindenSecimYapilir'

2021-10-15 17:22:51 - [TEST_CASE][PASSED] - Test Cases/Kullanici_Islemleri/KullaniciIslemlerindenSecimYapilir: Test Cases/Kullanici_Islemleri/KullaniciIslemlerindenSecimYapilir

2021-10-15 17:22:51 - [TEST_STEP][PASSED] - waitForElementClickable(findTestObject("Object Repository/Kullanici_Islemleri/KullaniciIslemleri"), 10): Object 'Object Repository/Kullanici_Islemleri/KullaniciIslemleri' is clickable

2021-10-15 17:22:51 - [MESSAGE][INFO] - Finding Test Object 'Object Repository/Kullanici_Islemleri/KullaniciIslemleri'

2021-10-15 17:22:51 - [MESSAGE][INFO] - Checking object

2021-10-15 17:22:51 - [MESSAGE][INFO] - Checking timeout

2021-10-15 17:22:51 - [MESSAGE][INFO] - Finding web element from Test Object's properties

2021-10-15 17:22:51 - [MESSAGE][INFO] - Checking timeout

2021-10-15 17:22:51 - [MESSAGE][INFO] - Finding web element with id: 'Object Repository/Kullanici_Islemleri/KullaniciIslemleri' located by 'By.cssSelector: .dropdown>a>img' in '10' second(s)

2021-10-15 17:22:51 - [MESSAGE][INFO] - Smart Wait Function is triggered

2021-10-15 17:22:52 - [MESSAGE][INFO] - Found 1 web elements with id: 'Object Repository/Kullanici_Islemleri/KullaniciIslemleri' located by 'By.cssSelector: .dropdown>a>img' in '10' second(s)

2021-10-15 17:22:52 - [MESSAGE][PASSED] - Object 'Object Repository/Kullanici_Islemleri/KullaniciIslemleri' is clickable

2021-10-15 17:22:52 - [TEST_STEP][PASSED] - click(findTestObject("Object Repository/Kullanici_Islemleri/KullaniciIslemleri")): Object: 'Object Repository/Kullanici_Islemleri/KullaniciIslemleri' is clicked on

2021-10-15 17:22:52 - [MESSAGE][INFO] - Finding Test Object 'Object Repository/Kullanici_Islemleri/KullaniciIslemleri'

2021-10-15 17:22:52 - [MESSAGE][INFO] - Checking object

2021-10-15 17:22:52 - [MESSAGE][INFO] - Finding web element from Test Object's properties

2021-10-15 17:22:52 - [MESSAGE][INFO] - Checking timeout

2021-10-15 17:22:52 - [MESSAGE][INFO] - Finding web element with id: 'Object Repository/Kullanici_Islemleri/KullaniciIslemleri' located by 'By.cssSelector: .dropdown>a>img' in '30' second(s)

2021-10-15 17:22:52 - [MESSAGE][INFO] - Smart Wait Function is triggered

2021-10-15 17:22:52 - [MESSAGE][INFO] - Found 1 web elements with id: 'Object Repository/Kullanici_Islemleri/KullaniciIslemleri' located by 'By.cssSelector: .dropdown>a>img' in '30' second(s)

2021-10-15 17:22:52 - [MESSAGE][INFO] - Clicking on object: 'Object Repository/Kullanici_Islemleri/KullaniciIslemleri'

2021-10-15 17:22:52 - [MESSAGE][PASSED] - Object: 'Object Repository/Kullanici_Islemleri/KullaniciIslemleri' is clicked on

2021-10-15 17:22:52 - [TEST_STEP][PASSED] - Method.TextDegerineEsitElementeTikla(findTestObject("Object Repository/Kullanici_Islemleri/Secenekler"), Islem): Method.TextDegerineEsitElementeTikla is PASSED

2021-10-15 17:22:52 - [MESSAGE][INFO] - Finding Test Object 'Object Repository/Kullanici_Islemleri/Secenekler'

2021-10-15 17:22:52 - [MESSAGE][INFO] - Checking timeout

2021-10-15 17:22:52 - [MESSAGE][INFO] - Finding web element with id: 'Object Repository/Kullanici_Islemleri/Secenekler' located by 'By.cssSelector: .nav.navbar-nav.navbar-right li a' in '10' second(s)

2021-10-15 17:22:52 - [MESSAGE][INFO] - Smart Wait Function is triggered

2021-10-15 17:22:53 - [MESSAGE][INFO] - Found 22 web elements with id: 'Object Repository/Kullanici_Islemleri/Secenekler' located by 'By.cssSelector: .nav.navbar-nav.navbar-right li a' in '10' second(s)

2021-10-15 17:22:54 - [MESSAGE][PASSED] - Method.TextDegerineEsitElementeTikla is PASSED

2021-10-15 17:22:54 - [TEST_STEP][PASSED] - verifyElementNotPresent(findTestObject("Object Repository/Kullanici_Islemleri/Secenekler"), 10): Web element with id: 'Object Repository/Kullanici_Islemleri/Secenekler' located by 'By.cssSelector: .nav.navbar-nav.navbar-right li a' is not present after '10' second(s)

2021-10-15 17:22:54 - [MESSAGE][INFO] - Finding Test Object 'Object Repository/Kullanici_Islemleri/Secenekler'

2021-10-15 17:22:54 - [MESSAGE][INFO] - Checking object

2021-10-15 17:22:54 - [MESSAGE][INFO] - Checking timeout

2021-10-15 17:22:54 - [MESSAGE][INFO] - Finding web element with id: 'Object Repository/Kullanici_Islemleri/Secenekler' located by 'By.cssSelector: .nav.navbar-nav.navbar-right li a' in '10' second(s)

2021-10-15 17:22:54 - [MESSAGE][INFO] - Smart Wait Function is triggered

2021-10-15 17:22:54 - [MESSAGE][PASSED] - Web element with id: 'Object Repository/Kullanici_Islemleri/Secenekler' located by 'By.cssSelector: .nav.navbar-nav.navbar-right li a' is not present after '10' second(s)

2021-10-15 17:22:54 - [MESSAGE][PASSED] - Call Test Case 'Test Cases/Kullanici_Islemleri/KullaniciIslemlerindenSecimYapilir' successfully

2021-10-15 17:22:54 - [TEST_CASE][PASSED] - Start Test Case : SCENARIO Gelen Zarf indirme: SCENARIO Gelen Zarf indirme

2021-10-15 17:22:54 - [TEST_STEP][PASSED] - Kullanıcı adı ELOGO6 ve Şifre 123456 olarak giriş yapılır: Kullanıcı adı ELOGO6 ve Şifre 123456 olarak giriş yapılır

2021-10-15 17:22:54 - [MESSAGE][PASSED] - Kullanıcı adı ELOGO6 ve Şifre 123456 olarak giriş yapılır

2021-10-15 17:22:54 - [TEST_STEP][PASSED] - Ana menüden Zarflar seçilir: Ana menüden Zarflar seçilir

2021-10-15 17:22:54 - [MESSAGE][PASSED] - Ana menüden Zarflar seçilir

2021-10-15 17:22:54 - [TEST_STEP][PASSED] - Alt menüden Gelen Zarflar seçilir: Alt menüden Gelen Zarflar seçilir

2021-10-15 17:22:54 - [MESSAGE][PASSED] - Alt menüden Gelen Zarflar seçilir

2021-10-15 17:22:54 - [TEST_STEP][PASSED] - Filtrelerden Oluşturma Tarihi filtresine 01.12.2020 baslangic degerini yaz: Filtrelerden Oluşturma Tarihi filtresine 01.12.2020 baslangic degerini yaz

2021-10-15 17:22:54 - [MESSAGE][PASSED] - Filtrelerden Oluşturma Tarihi filtresine 01.12.2020 baslangic degerini yaz

2021-10-15 17:22:54 - [TEST_STEP][PASSED] - Filtrelerden Oluşturma Tarihi filtresine 31.12.2020 bitis degerini yaz: Filtrelerden Oluşturma Tarihi filtresine 31.12.2020 bitis degerini yaz

2021-10-15 17:22:54 - [MESSAGE][PASSED] - Filtrelerden Oluşturma Tarihi filtresine 31.12.2020 bitis degerini yaz

2021-10-15 17:22:54 - [TEST_STEP][PASSED] - Filtre butonlarından Listele seçilir: Filtre butonlarından Listele seçilir

2021-10-15 17:22:54 - [MESSAGE][PASSED] - Filtre butonlarından Listele seçilir

2021-10-15 17:22:54 - [TEST_STEP][PASSED] - Tabloda veri var mı kontrol edilir: Tabloda veri var mı kontrol edilir

2021-10-15 17:22:54 - [MESSAGE][PASSED] - Tabloda veri var mı kontrol edilir

2021-10-15 17:22:54 - [TEST_STEP][PASSED] - Tablodan E LOGO 6 isimli veri seçilir: Tablodan E LOGO 6 isimli veri seçilir

2021-10-15 17:22:54 - [MESSAGE][PASSED] - Tablodan E LOGO 6 isimli veri seçilir

2021-10-15 17:22:54 - [TEST_STEP][PASSED] - Butonlardan İndir isimli butona tıklanır: Butonlardan İndir isimli butona tıklanır

2021-10-15 17:22:54 - [MESSAGE][PASSED] - Butonlardan İndir isimli butona tıklanır

2021-10-15 17:22:54 - [TEST_STEP][PASSED] - Alt butonlardan İndir butonuna tıklanır: Alt butonlardan İndir butonuna tıklanır

2021-10-15 17:22:54 - [MESSAGE][PASSED] - Alt butonlardan İndir butonuna tıklanır

2021-10-15 17:22:54 - [TEST_STEP][PASSED] - Ön eki Envelope olan dosya indirildi mi: Ön eki Envelope olan dosya indirildi mi

2021-10-15 17:22:54 - [MESSAGE][PASSED] - Ön eki Envelope olan dosya indirildi mi

2021-10-15 17:22:54 - [TEST_STEP][PASSED] - Kullanıcı işlemlerinden Çıkış seçilir: Kullanıcı işlemlerinden Çıkış seçilir

2021-10-15 17:22:54 - [MESSAGE][PASSED] - Kullanıcı işlemlerinden Çıkış seçilir

2021-10-15 17:22:54 - [MESSAGE][PASSED] - Feature file: 'Include/features/Zarflar/Gelen Zarflar/Indir.feature' was passed

2021-10-15 17:22:54 - [TEST_STEP][PASSED] - Start listener action : sampleAfterTestSuite: Invoke 'com.kms.katalon.core.annotation.AfterTestCase' method: 'Listener.sampleAfterTestSuite(...)' completed.

2021-10-15 17:22:54 - [MESSAGE][INFO] - Starting invoke 'com.kms.katalon.core.annotation.AfterTestCase' method: 'Listener.sampleAfterTestSuite(...)'

2021-10-15 17:22:54 - [TEST_STEP][PASSED] - closeBrowser(): Invoke 'com.kms.katalon.core.annotation.AfterTestCase' method: 'Listener.sampleAfterTestSuite(...)' completed.

2021-10-15 17:22:54 - [MESSAGE][INFO] - Closing browser

2021-10-15 17:22:55 - [MESSAGE][PASSED] - Browser is closed

2021-10-15 17:22:55 - [MESSAGE][INFO] - Invoke 'com.kms.katalon.core.annotation.AfterTestCase' method: 'Listener.sampleAfterTestSuite(...)' completed.]]></system-out>
         <system-err><![CDATA[]]></system-err>
      </testcase>
      <testcase name="Test Cases/Case Repository/Zarflar/Gelen Zarflar/Izleme Kayitlari" time="44.052" classname="Test Cases/Case Repository/Zarflar/Gelen Zarflar/Izleme Kayitlari" status="PASSED">
         <system-out><![CDATA[2021-10-15 17:22:55 - [TEST_CASE][PASSED] - Test Cases/Case Repository/Zarflar/Gelen Zarflar/Izleme Kayitlari: Test Cases/Case Repository/Zarflar/Gelen Zarflar/Izleme Kayitlari

2021-10-15 17:22:55 - [TEST_STEP][PASSED] - Start listener action : sampleBeforeTestSuite: Invoke 'com.kms.katalon.core.annotation.BeforeTestCase' method: 'Listener.sampleBeforeTestSuite(...)' completed.

2021-10-15 17:22:55 - [MESSAGE][INFO] - Starting invoke 'com.kms.katalon.core.annotation.BeforeTestCase' method: 'Listener.sampleBeforeTestSuite(...)'

2021-10-15 17:22:55 - [TEST_STEP][PASSED] - openBrowser(baseUrl): Browser is opened with url: 'https://efatura-stage.elogo.com.tr/'

2021-10-15 17:22:55 - [MESSAGE][INFO] - Opening browser

2021-10-15 17:22:55 - [MESSAGE][INFO] - Starting 'Chrome' driver

2021-10-15 17:22:55 - [MESSAGE][INFO] - User set preference: ['prefs', '{download.default_directory=C:\otomasyondownfiles}']

2021-10-15 17:22:55 - [MESSAGE][INFO] - Action delay is set to 0 milliseconds

2021-10-15 17:22:56 - [MESSAGE][INFO] - Navigating browser to: 'https://efatura-stage.elogo.com.tr/'

2021-10-15 17:22:58 - [MESSAGE][PASSED] - Browser is opened with url: 'https://efatura-stage.elogo.com.tr/'

2021-10-15 17:22:58 - [TEST_STEP][PASSED] - maximizeWindow(): Invoke 'com.kms.katalon.core.annotation.BeforeTestCase' method: 'Listener.sampleBeforeTestSuite(...)' completed.

2021-10-15 17:22:58 - [MESSAGE][INFO] - Maximizing current window

2021-10-15 17:22:59 - [MESSAGE][PASSED] - Current window maximized

2021-10-15 17:22:59 - [MESSAGE][INFO] - Invoke 'com.kms.katalon.core.annotation.BeforeTestCase' method: 'Listener.sampleBeforeTestSuite(...)' completed.

2021-10-15 17:22:59 - [TEST_STEP][PASSED] - runFeatureFile("Include/features/Zarflar/Gelen Zarflar/Izleme Kayitlari.feature"): Feature file: 'Include/features/Zarflar/Gelen Zarflar/Izleme Kayitlari.feature' was passed

2021-10-15 17:22:59 - [MESSAGE][INFO] - Starting run keyword runFeatureFile: 'Include/features/Zarflar/Gelen Zarflar/Izleme Kayitlari.feature' and extract report to folder: 'C:\Users\DELL\Downloads\EES_Katalon-main\Reports\20211015_165642\Suite Repository\Zarflar\20211015_165727/cucumber_report/1634307779816'...

2021-10-15 17:22:59 - [MESSAGE][INFO] - Glue: []

2021-10-15 17:23:00 - [MESSAGE][INFO] - Checking called Test Case

2021-10-15 17:23:00 - [MESSAGE][INFO] - Starting to call Test Case 'Test Cases/Sayfalar/Giris_Sayfasi/Login'

2021-10-15 17:23:00 - [TEST_CASE][PASSED] - Test Cases/Sayfalar/Giris_Sayfasi/Login: Test Cases/Sayfalar/Giris_Sayfasi/Login

2021-10-15 17:23:00 - [TEST_STEP][PASSED] - Sayfa_Basligi = getWindowTitle(): Current window's title is: 'LOGO e-Fatura'

2021-10-15 17:23:00 - [MESSAGE][INFO] - Getting current window's title

2021-10-15 17:23:00 - [MESSAGE][PASSED] - Current window's title is: 'LOGO e-Fatura'

2021-10-15 17:23:00 - [TEST_STEP][PASSED] - verifyMatch(Sayfa_Basligi, "LOGO e-Fatura", false): Actual text 'LOGO e-Fatura' and expected text 'LOGO e-Fatura' are matched 

2021-10-15 17:23:00 - [MESSAGE][INFO] - Matching actual text 'LOGO e-Fatura' with expected text 'LOGO e-Fatura'

2021-10-15 17:23:00 - [MESSAGE][PASSED] - Actual text 'LOGO e-Fatura' and expected text 'LOGO e-Fatura' are matched 

2021-10-15 17:23:00 - [TEST_STEP][PASSED] - sendKeys(findTestObject("Sayfalar/Giris_Sayfasi/Firma_Kodu"), KullaniciAdi): Keys 'ELOGO6' sent to object: 'Object Repository/Sayfalar/Giris_Sayfasi/Firma_Kodu'

2021-10-15 17:23:00 - [MESSAGE][INFO] - Finding Test Object 'Object Repository/Sayfalar/Giris_Sayfasi/Firma_Kodu'

2021-10-15 17:23:00 - [MESSAGE][INFO] - Sending keys 'ELOGO6' to object: 'Object Repository/Sayfalar/Giris_Sayfasi/Firma_Kodu'

2021-10-15 17:23:00 - [MESSAGE][INFO] - Finding web element from Test Object's properties

2021-10-15 17:23:00 - [MESSAGE][INFO] - Checking timeout

2021-10-15 17:23:00 - [MESSAGE][INFO] - Finding web element with id: 'Object Repository/Sayfalar/Giris_Sayfasi/Firma_Kodu' located by 'By.xpath: //*[@id = 'AccountName']' in '30' second(s)

2021-10-15 17:23:00 - [MESSAGE][INFO] - Smart Wait Function is triggered

2021-10-15 17:23:01 - [MESSAGE][INFO] - Found 1 web elements with id: 'Object Repository/Sayfalar/Giris_Sayfasi/Firma_Kodu' located by 'By.xpath: //*[@id = 'AccountName']' in '30' second(s)

2021-10-15 17:23:01 - [MESSAGE][PASSED] - Keys 'ELOGO6' sent to object: 'Object Repository/Sayfalar/Giris_Sayfasi/Firma_Kodu'

2021-10-15 17:23:01 - [TEST_STEP][PASSED] - sendKeys(findTestObject("Sayfalar/Giris_Sayfasi/Sifre"), Sifre): Keys '123456' sent to object: 'Object Repository/Sayfalar/Giris_Sayfasi/Sifre'

2021-10-15 17:23:01 - [MESSAGE][INFO] - Finding Test Object 'Object Repository/Sayfalar/Giris_Sayfasi/Sifre'

2021-10-15 17:23:01 - [MESSAGE][INFO] - Sending keys '123456' to object: 'Object Repository/Sayfalar/Giris_Sayfasi/Sifre'

2021-10-15 17:23:01 - [MESSAGE][INFO] - Finding web element from Test Object's properties

2021-10-15 17:23:01 - [MESSAGE][INFO] - Checking timeout

2021-10-15 17:23:01 - [MESSAGE][INFO] - Finding web element with id: 'Object Repository/Sayfalar/Giris_Sayfasi/Sifre' located by 'By.xpath: //*[@id = 'Password']' in '30' second(s)

2021-10-15 17:23:01 - [MESSAGE][INFO] - Smart Wait Function is triggered

2021-10-15 17:23:01 - [MESSAGE][INFO] - Found 1 web elements with id: 'Object Repository/Sayfalar/Giris_Sayfasi/Sifre' located by 'By.xpath: //*[@id = 'Password']' in '30' second(s)

2021-10-15 17:23:01 - [MESSAGE][PASSED] - Keys '123456' sent to object: 'Object Repository/Sayfalar/Giris_Sayfasi/Sifre'

2021-10-15 17:23:01 - [TEST_STEP][PASSED] - findWebElement(findTestObject("Sayfalar/Giris_Sayfasi/Giris_Butonu")).click(): Found 1 web elements with id: 'Object Repository/Sayfalar/Giris_Sayfasi/Giris_Butonu' located by 'By.cssSelector: #btnLogin' in '30' second(s)

2021-10-15 17:23:01 - [MESSAGE][INFO] - Finding Test Object 'Object Repository/Sayfalar/Giris_Sayfasi/Giris_Butonu'

2021-10-15 17:23:01 - [MESSAGE][INFO] - Finding web element from Test Object's properties

2021-10-15 17:23:01 - [MESSAGE][INFO] - Checking timeout

2021-10-15 17:23:01 - [MESSAGE][INFO] - Finding web element with id: 'Object Repository/Sayfalar/Giris_Sayfasi/Giris_Butonu' located by 'By.cssSelector: #btnLogin' in '30' second(s)

2021-10-15 17:23:01 - [MESSAGE][INFO] - Smart Wait Function is triggered

2021-10-15 17:23:02 - [MESSAGE][INFO] - Found 1 web elements with id: 'Object Repository/Sayfalar/Giris_Sayfasi/Giris_Butonu' located by 'By.cssSelector: #btnLogin' in '30' second(s)

2021-10-15 17:23:05 - [TEST_STEP][PASSED] - if (verifyElementPresent(findTestObject("Object Repository/Sayfalar/Giris_Sayfasi/RetveTamam_Butonu"), 5, OPTIONAL)): null

2021-10-15 17:23:05 - [MESSAGE][INFO] - Finding Test Object 'Object Repository/Sayfalar/Giris_Sayfasi/RetveTamam_Butonu'

2021-10-15 17:23:05 - [MESSAGE][INFO] - Checking object

2021-10-15 17:23:05 - [MESSAGE][INFO] - Finding web element from Test Object's properties

2021-10-15 17:23:05 - [MESSAGE][INFO] - Checking timeout

2021-10-15 17:23:05 - [MESSAGE][INFO] - Finding web element with id: 'Object Repository/Sayfalar/Giris_Sayfasi/RetveTamam_Butonu' located by 'By.xpath: //*[@class = 'btn btn-default']' in '5' second(s)

2021-10-15 17:23:05 - [MESSAGE][INFO] - Smart Wait Function is triggered

2021-10-15 17:23:06 - [MESSAGE][INFO] - Found 1 web elements with id: 'Object Repository/Sayfalar/Giris_Sayfasi/RetveTamam_Butonu' located by 'By.xpath: //*[@class = 'btn btn-default']' in '5' second(s)

2021-10-15 17:23:06 - [MESSAGE][PASSED] - Object 'Object Repository/Sayfalar/Giris_Sayfasi/RetveTamam_Butonu' is present

2021-10-15 17:23:06 - [TEST_STEP][PASSED] - click(findTestObject("Object Repository/Sayfalar/Giris_Sayfasi/RetveTamam_Butonu")): Object: 'Object Repository/Sayfalar/Giris_Sayfasi/RetveTamam_Butonu' is clicked on

2021-10-15 17:23:06 - [MESSAGE][INFO] - Finding Test Object 'Object Repository/Sayfalar/Giris_Sayfasi/RetveTamam_Butonu'

2021-10-15 17:23:06 - [MESSAGE][INFO] - Checking object

2021-10-15 17:23:06 - [MESSAGE][INFO] - Finding web element from Test Object's properties

2021-10-15 17:23:06 - [MESSAGE][INFO] - Checking timeout

2021-10-15 17:23:06 - [MESSAGE][INFO] - Finding web element with id: 'Object Repository/Sayfalar/Giris_Sayfasi/RetveTamam_Butonu' located by 'By.xpath: //*[@class = 'btn btn-default']' in '30' second(s)

2021-10-15 17:23:06 - [MESSAGE][INFO] - Smart Wait Function is triggered

2021-10-15 17:23:06 - [MESSAGE][INFO] - Found 1 web elements with id: 'Object Repository/Sayfalar/Giris_Sayfasi/RetveTamam_Butonu' located by 'By.xpath: //*[@class = 'btn btn-default']' in '30' second(s)

2021-10-15 17:23:06 - [MESSAGE][INFO] - Clicking on object: 'Object Repository/Sayfalar/Giris_Sayfasi/RetveTamam_Butonu'

2021-10-15 17:23:06 - [MESSAGE][PASSED] - Object: 'Object Repository/Sayfalar/Giris_Sayfasi/RetveTamam_Butonu' is clicked on

2021-10-15 17:23:06 - [TEST_STEP][PASSED] - click(findTestObject("Object Repository/Sayfalar/Giris_Sayfasi/RetveTamam_Butonu")): Object: 'Object Repository/Sayfalar/Giris_Sayfasi/RetveTamam_Butonu' is clicked on

2021-10-15 17:23:06 - [MESSAGE][INFO] - Finding Test Object 'Object Repository/Sayfalar/Giris_Sayfasi/RetveTamam_Butonu'

2021-10-15 17:23:06 - [MESSAGE][INFO] - Checking object

2021-10-15 17:23:06 - [MESSAGE][INFO] - Finding web element from Test Object's properties

2021-10-15 17:23:06 - [MESSAGE][INFO] - Checking timeout

2021-10-15 17:23:06 - [MESSAGE][INFO] - Finding web element with id: 'Object Repository/Sayfalar/Giris_Sayfasi/RetveTamam_Butonu' located by 'By.xpath: //*[@class = 'btn btn-default']' in '30' second(s)

2021-10-15 17:23:06 - [MESSAGE][INFO] - Smart Wait Function is triggered

2021-10-15 17:23:11 - [MESSAGE][INFO] - Found 1 web elements with id: 'Object Repository/Sayfalar/Giris_Sayfasi/RetveTamam_Butonu' located by 'By.xpath: //*[@class = 'btn btn-default']' in '30' second(s)

2021-10-15 17:23:11 - [MESSAGE][INFO] - Clicking on object: 'Object Repository/Sayfalar/Giris_Sayfasi/RetveTamam_Butonu'

2021-10-15 17:23:11 - [MESSAGE][PASSED] - Object: 'Object Repository/Sayfalar/Giris_Sayfasi/RetveTamam_Butonu' is clicked on

2021-10-15 17:23:11 - [TEST_STEP][PASSED] - if (verifyElementPresent(findTestObject("Sayfalar/Giris_Sayfasi/PopupOK"), 5, OPTIONAL)): null

2021-10-15 17:23:11 - [MESSAGE][INFO] - Finding Test Object 'Object Repository/Sayfalar/Giris_Sayfasi/PopupOK'

2021-10-15 17:23:11 - [MESSAGE][INFO] - Checking object

2021-10-15 17:23:11 - [MESSAGE][INFO] - Finding web element from Test Object's properties

2021-10-15 17:23:11 - [MESSAGE][INFO] - Checking timeout

2021-10-15 17:23:11 - [MESSAGE][INFO] - Finding web element with id: 'Object Repository/Sayfalar/Giris_Sayfasi/PopupOK' located by 'By.cssSelector: .btn.btn-success' in '5' second(s)

2021-10-15 17:23:11 - [MESSAGE][INFO] - Smart Wait Function is triggered

2021-10-15 17:23:11 - [MESSAGE][INFO] - Found 1 web elements with id: 'Object Repository/Sayfalar/Giris_Sayfasi/PopupOK' located by 'By.cssSelector: .btn.btn-success' in '5' second(s)

2021-10-15 17:23:11 - [MESSAGE][PASSED] - Object 'Object Repository/Sayfalar/Giris_Sayfasi/PopupOK' is present

2021-10-15 17:23:11 - [TEST_STEP][PASSED] - click(findTestObject("Object Repository/Sayfalar/Giris_Sayfasi/PopupCarpiGiris")): Object: 'Object Repository/Sayfalar/Giris_Sayfasi/PopupCarpiGiris' is clicked on

2021-10-15 17:23:11 - [MESSAGE][INFO] - Finding Test Object 'Object Repository/Sayfalar/Giris_Sayfasi/PopupCarpiGiris'

2021-10-15 17:23:12 - [MESSAGE][INFO] - Checking object

2021-10-15 17:23:12 - [MESSAGE][INFO] - Finding web element from Test Object's properties

2021-10-15 17:23:12 - [MESSAGE][INFO] - Checking timeout

2021-10-15 17:23:12 - [MESSAGE][INFO] - Finding web element with id: 'Object Repository/Sayfalar/Giris_Sayfasi/PopupCarpiGiris' located by 'By.cssSelector: .bootbox-close-button.close' in '30' second(s)

2021-10-15 17:23:12 - [MESSAGE][INFO] - Smart Wait Function is triggered

2021-10-15 17:23:12 - [MESSAGE][INFO] - Found 1 web elements with id: 'Object Repository/Sayfalar/Giris_Sayfasi/PopupCarpiGiris' located by 'By.cssSelector: .bootbox-close-button.close' in '30' second(s)

2021-10-15 17:23:12 - [MESSAGE][INFO] - Clicking on object: 'Object Repository/Sayfalar/Giris_Sayfasi/PopupCarpiGiris'

2021-10-15 17:23:12 - [MESSAGE][PASSED] - Object: 'Object Repository/Sayfalar/Giris_Sayfasi/PopupCarpiGiris' is clicked on

2021-10-15 17:23:12 - [TEST_STEP][PASSED] - verifyElementVisible(findTestObject("Object Repository/Kullanici_Islemleri/KullaniciIslemleri")): Object 'Object Repository/Kullanici_Islemleri/KullaniciIslemleri' is visible

2021-10-15 17:23:12 - [MESSAGE][INFO] - Finding Test Object 'Object Repository/Kullanici_Islemleri/KullaniciIslemleri'

2021-10-15 17:23:12 - [MESSAGE][INFO] - Checking object

2021-10-15 17:23:12 - [MESSAGE][INFO] - Finding web element from Test Object's properties

2021-10-15 17:23:12 - [MESSAGE][INFO] - Checking timeout

2021-10-15 17:23:12 - [MESSAGE][INFO] - Finding web element with id: 'Object Repository/Kullanici_Islemleri/KullaniciIslemleri' located by 'By.cssSelector: .dropdown>a>img' in '30' second(s)

2021-10-15 17:23:12 - [MESSAGE][INFO] - Smart Wait Function is triggered

2021-10-15 17:23:13 - [MESSAGE][INFO] - Found 1 web elements with id: 'Object Repository/Kullanici_Islemleri/KullaniciIslemleri' located by 'By.cssSelector: .dropdown>a>img' in '30' second(s)

2021-10-15 17:23:13 - [MESSAGE][PASSED] - Object 'Object Repository/Kullanici_Islemleri/KullaniciIslemleri' is visible

2021-10-15 17:23:13 - [MESSAGE][PASSED] - Call Test Case 'Test Cases/Sayfalar/Giris_Sayfasi/Login' successfully

2021-10-15 17:23:13 - [MESSAGE][INFO] - Checking called Test Case

2021-10-15 17:23:13 - [MESSAGE][INFO] - Starting to call Test Case 'Test Cases/Menu/AnaMenuSecimi'

2021-10-15 17:23:13 - [TEST_CASE][PASSED] - Test Cases/Menu/AnaMenuSecimi: Test Cases/Menu/AnaMenuSecimi

2021-10-15 17:23:13 - [TEST_STEP][PASSED] - Method.TextDegerineEsitElementeTikla(findTestObject("Menu/Ana_Menu"), Ana_Menu): Method.TextDegerineEsitElementeTikla is PASSED

2021-10-15 17:23:13 - [MESSAGE][INFO] - Finding Test Object 'Object Repository/Menu/Ana_Menu'

2021-10-15 17:23:13 - [MESSAGE][INFO] - Checking timeout

2021-10-15 17:23:13 - [MESSAGE][INFO] - Finding web element with id: 'Object Repository/Menu/Ana_Menu' located by 'By.xpath: //*[@class = 'dropdown-toggle']' in '10' second(s)

2021-10-15 17:23:13 - [MESSAGE][INFO] - Smart Wait Function is triggered

2021-10-15 17:23:13 - [MESSAGE][INFO] - Found 14 web elements with id: 'Object Repository/Menu/Ana_Menu' located by 'By.xpath: //*[@class = 'dropdown-toggle']' in '10' second(s)

2021-10-15 17:23:14 - [MESSAGE][PASSED] - Method.TextDegerineEsitElementeTikla is PASSED

2021-10-15 17:23:14 - [MESSAGE][PASSED] - Call Test Case 'Test Cases/Menu/AnaMenuSecimi' successfully

2021-10-15 17:23:14 - [MESSAGE][INFO] - Checking called Test Case

2021-10-15 17:23:14 - [MESSAGE][INFO] - Starting to call Test Case 'Test Cases/Menu/AltMenuSecimi'

2021-10-15 17:23:14 - [TEST_CASE][PASSED] - Test Cases/Menu/AltMenuSecimi: Test Cases/Menu/AltMenuSecimi

2021-10-15 17:23:14 - [TEST_STEP][PASSED] - Method.TextDegerineEsitElementeTikla(findTestObject("Menu/Alt_Menu"), Alt_Menu): Method.TextDegerineEsitElementeTikla is PASSED

2021-10-15 17:23:14 - [MESSAGE][INFO] - Finding Test Object 'Object Repository/Menu/Alt_Menu'

2021-10-15 17:23:14 - [MESSAGE][INFO] - Checking timeout

2021-10-15 17:23:14 - [MESSAGE][INFO] - Finding web element with id: 'Object Repository/Menu/Alt_Menu' located by 'By.xpath: //li[@class='dropdown dropdown-large open']//li[@class='dropdown-element']' in '10' second(s)

2021-10-15 17:23:14 - [MESSAGE][INFO] - Smart Wait Function is triggered

2021-10-15 17:23:14 - [MESSAGE][INFO] - Found 2 web elements with id: 'Object Repository/Menu/Alt_Menu' located by 'By.xpath: //li[@class='dropdown dropdown-large open']//li[@class='dropdown-element']' in '10' second(s)

2021-10-15 17:23:16 - [MESSAGE][PASSED] - Method.TextDegerineEsitElementeTikla is PASSED

2021-10-15 17:23:16 - [MESSAGE][PASSED] - Call Test Case 'Test Cases/Menu/AltMenuSecimi' successfully

2021-10-15 17:23:16 - [MESSAGE][INFO] - Checking called Test Case

2021-10-15 17:23:16 - [MESSAGE][INFO] - Starting to call Test Case 'Test Cases/Filtreler/BaslangicYaz'

2021-10-15 17:23:16 - [TEST_CASE][PASSED] - Test Cases/Filtreler/BaslangicYaz: Test Cases/Filtreler/BaslangicYaz

2021-10-15 17:23:16 - [TEST_STEP][PASSED] - Method.TextDegerineEsitElementinAltindakineTikla(findTestObject("Filtreler/Basliklar"), findTestObject("Filtreler/Basliga_Gore_Baslangic_Image"), Filtre_Adi): Method.TextDegerineEsitElementinAltindakineTikla is PASSED

2021-10-15 17:23:16 - [MESSAGE][INFO] - Finding Test Object 'Object Repository/Filtreler/Basliklar'

2021-10-15 17:23:16 - [MESSAGE][INFO] - Finding Test Object 'Object Repository/Filtreler/Basliga_Gore_Baslangic_Image'

2021-10-15 17:23:16 - [MESSAGE][INFO] - Checking timeout

2021-10-15 17:23:16 - [MESSAGE][INFO] - Finding web element with id: 'Object Repository/Filtreler/Basliklar' located by 'By.cssSelector: .control-label.col-sm-4.paddingMarginRLC' in '10' second(s)

2021-10-15 17:23:16 - [MESSAGE][INFO] - Smart Wait Function is triggered

2021-10-15 17:23:17 - [MESSAGE][INFO] - Found 8 web elements with id: 'Object Repository/Filtreler/Basliklar' located by 'By.cssSelector: .control-label.col-sm-4.paddingMarginRLC' in '10' second(s)

2021-10-15 17:23:17 - [MESSAGE][INFO] - Smart Wait Function is triggered

2021-10-15 17:23:17 - [MESSAGE][PASSED] - Method.TextDegerineEsitElementinAltindakineTikla is PASSED

2021-10-15 17:23:17 - [TEST_STEP][PASSED] - Method.TextDegerineEsitElementinAltindakiTextboxtaYaz(findTestObject("Filtreler/Basliklar"), findTestObject("Filtreler/Basliga_Gore_Baslangic"), Filtre_Adi, Filtre_Degeri): Method.TextDegerineEsitElementinAltindakiTextboxtaYaz is PASSED

2021-10-15 17:23:17 - [MESSAGE][INFO] - Finding Test Object 'Object Repository/Filtreler/Basliklar'

2021-10-15 17:23:18 - [MESSAGE][INFO] - Finding Test Object 'Object Repository/Filtreler/Basliga_Gore_Baslangic'

2021-10-15 17:23:18 - [MESSAGE][INFO] - Checking timeout

2021-10-15 17:23:18 - [MESSAGE][INFO] - Finding web element with id: 'Object Repository/Filtreler/Basliklar' located by 'By.cssSelector: .control-label.col-sm-4.paddingMarginRLC' in '10' second(s)

2021-10-15 17:23:18 - [MESSAGE][INFO] - Smart Wait Function is triggered

2021-10-15 17:23:18 - [MESSAGE][INFO] - Found 8 web elements with id: 'Object Repository/Filtreler/Basliklar' located by 'By.cssSelector: .control-label.col-sm-4.paddingMarginRLC' in '10' second(s)

2021-10-15 17:23:18 - [MESSAGE][INFO] - Smart Wait Function is triggered

2021-10-15 17:23:19 - [MESSAGE][PASSED] - Method.TextDegerineEsitElementinAltindakiTextboxtaYaz is PASSED

2021-10-15 17:23:19 - [MESSAGE][PASSED] - Call Test Case 'Test Cases/Filtreler/BaslangicYaz' successfully

2021-10-15 17:23:19 - [MESSAGE][INFO] - Checking called Test Case

2021-10-15 17:23:19 - [MESSAGE][INFO] - Starting to call Test Case 'Test Cases/Filtreler/BitisYaz'

2021-10-15 17:23:19 - [TEST_CASE][PASSED] - Test Cases/Filtreler/BitisYaz: Test Cases/Filtreler/BitisYaz

2021-10-15 17:23:19 - [TEST_STEP][PASSED] - Method.TextDegerineEsitElementinAltindakineTikla(findTestObject("Filtreler/Basliklar"), findTestObject("Filtreler/Basliga_Gore_Bitis_Image"), Filtre_Adi): Method.TextDegerineEsitElementinAltindakineTikla is PASSED

2021-10-15 17:23:19 - [MESSAGE][INFO] - Finding Test Object 'Object Repository/Filtreler/Basliklar'

2021-10-15 17:23:19 - [MESSAGE][INFO] - Finding Test Object 'Object Repository/Filtreler/Basliga_Gore_Bitis_Image'

2021-10-15 17:23:19 - [MESSAGE][INFO] - Checking timeout

2021-10-15 17:23:19 - [MESSAGE][INFO] - Finding web element with id: 'Object Repository/Filtreler/Basliklar' located by 'By.cssSelector: .control-label.col-sm-4.paddingMarginRLC' in '10' second(s)

2021-10-15 17:23:19 - [MESSAGE][INFO] - Smart Wait Function is triggered

2021-10-15 17:23:19 - [MESSAGE][INFO] - Found 8 web elements with id: 'Object Repository/Filtreler/Basliklar' located by 'By.cssSelector: .control-label.col-sm-4.paddingMarginRLC' in '10' second(s)

2021-10-15 17:23:19 - [MESSAGE][INFO] - Smart Wait Function is triggered

2021-10-15 17:23:20 - [MESSAGE][PASSED] - Method.TextDegerineEsitElementinAltindakineTikla is PASSED

2021-10-15 17:23:20 - [TEST_STEP][PASSED] - Method.TextDegerineEsitElementinAltindakiTextboxtaYaz(findTestObject("Filtreler/Basliklar"), findTestObject("Object Repository/Filtreler/Basliga_Gore_Bitis"), Filtre_Adi, Filtre_Degeri): Method.TextDegerineEsitElementinAltindakiTextboxtaYaz is PASSED

2021-10-15 17:23:20 - [MESSAGE][INFO] - Finding Test Object 'Object Repository/Filtreler/Basliklar'

2021-10-15 17:23:20 - [MESSAGE][INFO] - Finding Test Object 'Object Repository/Filtreler/Basliga_Gore_Bitis'

2021-10-15 17:23:20 - [MESSAGE][INFO] - Checking timeout

2021-10-15 17:23:20 - [MESSAGE][INFO] - Finding web element with id: 'Object Repository/Filtreler/Basliklar' located by 'By.cssSelector: .control-label.col-sm-4.paddingMarginRLC' in '10' second(s)

2021-10-15 17:23:20 - [MESSAGE][INFO] - Smart Wait Function is triggered

2021-10-15 17:23:20 - [MESSAGE][INFO] - Found 8 web elements with id: 'Object Repository/Filtreler/Basliklar' located by 'By.cssSelector: .control-label.col-sm-4.paddingMarginRLC' in '10' second(s)

2021-10-15 17:23:20 - [MESSAGE][INFO] - Smart Wait Function is triggered

2021-10-15 17:23:21 - [MESSAGE][PASSED] - Method.TextDegerineEsitElementinAltindakiTextboxtaYaz is PASSED

2021-10-15 17:23:21 - [MESSAGE][PASSED] - Call Test Case 'Test Cases/Filtreler/BitisYaz' successfully

2021-10-15 17:23:21 - [MESSAGE][INFO] - Checking called Test Case

2021-10-15 17:23:21 - [MESSAGE][INFO] - Starting to call Test Case 'Test Cases/Filtreler/ButonaTikla'

2021-10-15 17:23:21 - [TEST_CASE][PASSED] - Test Cases/Filtreler/ButonaTikla: Test Cases/Filtreler/ButonaTikla

2021-10-15 17:23:21 - [TEST_STEP][PASSED] - Method.TextDegerineEsitElementeTikla(findTestObject("Filtreler/Butonlar"), Filtre_Buton): Method.TextDegerineEsitElementeTikla is PASSED

2021-10-15 17:23:21 - [MESSAGE][INFO] - Finding Test Object 'Object Repository/Filtreler/Butonlar'

2021-10-15 17:23:21 - [MESSAGE][INFO] - Checking timeout

2021-10-15 17:23:21 - [MESSAGE][INFO] - Finding web element with id: 'Object Repository/Filtreler/Butonlar' located by 'By.cssSelector: .dxb>span' in '10' second(s)

2021-10-15 17:23:21 - [MESSAGE][INFO] - Smart Wait Function is triggered

2021-10-15 17:23:21 - [MESSAGE][INFO] - Found 3 web elements with id: 'Object Repository/Filtreler/Butonlar' located by 'By.cssSelector: .dxb>span' in '10' second(s)

2021-10-15 17:23:22 - [MESSAGE][PASSED] - Method.TextDegerineEsitElementeTikla is PASSED

2021-10-15 17:23:22 - [MESSAGE][PASSED] - Call Test Case 'Test Cases/Filtreler/ButonaTikla' successfully

2021-10-15 17:23:22 - [MESSAGE][INFO] - Checking called Test Case

2021-10-15 17:23:22 - [MESSAGE][INFO] - Starting to call Test Case 'Test Cases/Tablo/TablodaVeriVarMi'

2021-10-15 17:23:22 - [TEST_CASE][PASSED] - Test Cases/Tablo/TablodaVeriVarMi: Test Cases/Tablo/TablodaVeriVarMi

2021-10-15 17:23:22 - [TEST_STEP][PASSED] - verifyTextNotPresent("Görüntülenecek veri yok", true): Text 'Görüntülenecek veri yok' is not present on page using regular expression

2021-10-15 17:23:22 - [MESSAGE][INFO] - Checking text present  using regular expression

2021-10-15 17:23:22 - [MESSAGE][INFO] - Smart Wait Function is triggered

2021-10-15 17:23:23 - [MESSAGE][INFO] - Finding text 'Görüntülenecek veri yok' on page  using regular expression

2021-10-15 17:23:23 - [MESSAGE][PASSED] - Text 'Görüntülenecek veri yok' is not present on page using regular expression

2021-10-15 17:23:23 - [MESSAGE][PASSED] - Call Test Case 'Test Cases/Tablo/TablodaVeriVarMi' successfully

2021-10-15 17:23:23 - [MESSAGE][INFO] - Checking called Test Case

2021-10-15 17:23:23 - [MESSAGE][INFO] - Starting to call Test Case 'Test Cases/Tablo/TablodanVeriSec'

2021-10-15 17:23:23 - [TEST_CASE][PASSED] - Test Cases/Tablo/TablodanVeriSec: Test Cases/Tablo/TablodanVeriSec

2021-10-15 17:23:23 - [TEST_STEP][PASSED] - Method.TextDegerineEsitElementinAltindakineTikla(findTestObject("Tablo/Veriler"), findTestObject("Tablo/VerininCheckBoxi"), Veri_Adi): Method.TextDegerineEsitElementinAltindakineTikla is PASSED

2021-10-15 17:23:23 - [MESSAGE][INFO] - Finding Test Object 'Object Repository/Tablo/Veriler'

2021-10-15 17:23:23 - [MESSAGE][INFO] - Finding Test Object 'Object Repository/Tablo/VerininCheckBoxi'

2021-10-15 17:23:23 - [MESSAGE][INFO] - Checking timeout

2021-10-15 17:23:23 - [MESSAGE][INFO] - Finding web element with id: 'Object Repository/Tablo/Veriler' located by 'By.cssSelector: td.dxgv b ,td.dxgv' in '10' second(s)

2021-10-15 17:23:23 - [MESSAGE][INFO] - Smart Wait Function is triggered

2021-10-15 17:23:23 - [MESSAGE][INFO] - Found 110 web elements with id: 'Object Repository/Tablo/Veriler' located by 'By.cssSelector: td.dxgv b ,td.dxgv' in '10' second(s)

2021-10-15 17:23:24 - [MESSAGE][INFO] - Smart Wait Function is triggered

2021-10-15 17:23:25 - [MESSAGE][PASSED] - Method.TextDegerineEsitElementinAltindakineTikla is PASSED

2021-10-15 17:23:25 - [MESSAGE][PASSED] - Call Test Case 'Test Cases/Tablo/TablodanVeriSec' successfully

2021-10-15 17:23:25 - [MESSAGE][INFO] - Checking called Test Case

2021-10-15 17:23:25 - [MESSAGE][INFO] - Starting to call Test Case 'Test Cases/Butonlar/ButonaTikla'

2021-10-15 17:23:25 - [TEST_CASE][PASSED] - Test Cases/Butonlar/ButonaTikla: Test Cases/Butonlar/ButonaTikla

2021-10-15 17:23:25 - [TEST_STEP][PASSED] - Method.TextDegerineEsitElementeTiklaEquals(findTestObject("Butonlar/Butonlar"), Buton_Adi): Method.TextDegerineEsitElementeTiklaEquals is PASSED

2021-10-15 17:23:25 - [MESSAGE][INFO] - Finding Test Object 'Object Repository/Butonlar/Butonlar'

2021-10-15 17:23:25 - [MESSAGE][INFO] - Checking timeout

2021-10-15 17:23:25 - [MESSAGE][INFO] - Finding web element with id: 'Object Repository/Butonlar/Butonlar' located by 'By.cssSelector: .panel.panel-default.text-center.footerPanel .btn,.btn.btn-primary.btnControls' in '10' second(s)

2021-10-15 17:23:25 - [MESSAGE][INFO] - Smart Wait Function is triggered

2021-10-15 17:23:25 - [MESSAGE][INFO] - Found 5 web elements with id: 'Object Repository/Butonlar/Butonlar' located by 'By.cssSelector: .panel.panel-default.text-center.footerPanel .btn,.btn.btn-primary.btnControls' in '10' second(s)

2021-10-15 17:23:25 - [MESSAGE][PASSED] - Method.TextDegerineEsitElementeTiklaEquals is PASSED

2021-10-15 17:23:25 - [MESSAGE][PASSED] - Call Test Case 'Test Cases/Butonlar/ButonaTikla' successfully

2021-10-15 17:23:25 - [MESSAGE][INFO] - Checking called Test Case

2021-10-15 17:23:25 - [MESSAGE][INFO] - Starting to call Test Case 'Test Cases/Sekmeler/YeniSekmeyeGec'

2021-10-15 17:23:25 - [TEST_CASE][PASSED] - Test Cases/Sekmeler/YeniSekmeyeGec: Test Cases/Sekmeler/YeniSekmeyeGec

2021-10-15 17:23:26 - [TEST_STEP][PASSED] - switchToWindowIndex(1): Switched to window with index: '1'

2021-10-15 17:23:26 - [MESSAGE][INFO] - Checking index

2021-10-15 17:23:26 - [MESSAGE][INFO] - Switching window with index: '1'

2021-10-15 17:23:26 - [MESSAGE][PASSED] - Switched to window with index: '1'

2021-10-15 17:23:26 - [MESSAGE][PASSED] - Call Test Case 'Test Cases/Sekmeler/YeniSekmeyeGec' successfully

2021-10-15 17:23:26 - [MESSAGE][INFO] - Checking called Test Case

2021-10-15 17:23:26 - [MESSAGE][INFO] - Starting to call Test Case 'Test Cases/Sekmeler/GecmisGeldiMi'

2021-10-15 17:23:26 - [TEST_CASE][PASSED] - Test Cases/Sekmeler/GecmisGeldiMi: Test Cases/Sekmeler/GecmisGeldiMi

2021-10-15 17:23:27 - [TEST_STEP][PASSED] - waitForElementVisible(findTestObject("Object Repository/Sekmeler/GecmisBaslik"), 10): Object 'Object Repository/Sekmeler/GecmisBaslik' is visible

2021-10-15 17:23:27 - [MESSAGE][INFO] - Finding Test Object 'Object Repository/Sekmeler/GecmisBaslik'

2021-10-15 17:23:27 - [MESSAGE][INFO] - Checking object

2021-10-15 17:23:27 - [MESSAGE][INFO] - Checking timeout

2021-10-15 17:23:27 - [MESSAGE][INFO] - Finding web element from Test Object's properties

2021-10-15 17:23:27 - [MESSAGE][INFO] - Checking timeout

2021-10-15 17:23:27 - [MESSAGE][INFO] - Finding web element with id: 'Object Repository/Sekmeler/GecmisBaslik' located by 'By.cssSelector: .dxnb-ghtext.dx-vam' in '10' second(s)

2021-10-15 17:23:27 - [MESSAGE][INFO] - Smart Wait Function is triggered

2021-10-15 17:23:34 - [MESSAGE][INFO] - Found 1 web elements with id: 'Object Repository/Sekmeler/GecmisBaslik' located by 'By.cssSelector: .dxnb-ghtext.dx-vam' in '10' second(s)

2021-10-15 17:23:34 - [MESSAGE][PASSED] - Object 'Object Repository/Sekmeler/GecmisBaslik' is visible

2021-10-15 17:23:34 - [TEST_STEP][PASSED] - if (!(getText(findTestObject("Object Repository/Sekmeler/GecmisBaslik")).contains(Baslik))): Text of object 'Object Repository/Sekmeler/GecmisBaslik' is: 'Zarf İzleme Kayıtları - 116114835'

2021-10-15 17:23:34 - [MESSAGE][INFO] - Finding Test Object 'Object Repository/Sekmeler/GecmisBaslik'

2021-10-15 17:23:34 - [MESSAGE][INFO] - Checking object

2021-10-15 17:23:34 - [MESSAGE][INFO] - Finding web element from Test Object's properties

2021-10-15 17:23:34 - [MESSAGE][INFO] - Checking timeout

2021-10-15 17:23:34 - [MESSAGE][INFO] - Finding web element with id: 'Object Repository/Sekmeler/GecmisBaslik' located by 'By.cssSelector: .dxnb-ghtext.dx-vam' in '30' second(s)

2021-10-15 17:23:34 - [MESSAGE][INFO] - Smart Wait Function is triggered

2021-10-15 17:23:34 - [MESSAGE][INFO] - Found 1 web elements with id: 'Object Repository/Sekmeler/GecmisBaslik' located by 'By.cssSelector: .dxnb-ghtext.dx-vam' in '30' second(s)

2021-10-15 17:23:34 - [MESSAGE][INFO] - Getting text of object 'Object Repository/Sekmeler/GecmisBaslik'

2021-10-15 17:23:34 - [MESSAGE][PASSED] - Text of object 'Object Repository/Sekmeler/GecmisBaslik' is: 'Zarf İzleme Kayıtları - 116114835'

2021-10-15 17:23:34 - [MESSAGE][PASSED] - Call Test Case 'Test Cases/Sekmeler/GecmisGeldiMi' successfully

2021-10-15 17:23:34 - [MESSAGE][INFO] - Checking called Test Case

2021-10-15 17:23:34 - [MESSAGE][INFO] - Starting to call Test Case 'Test Cases/Sekmeler/Ana_Sekmeye_Gec'

2021-10-15 17:23:34 - [TEST_CASE][PASSED] - Test Cases/Sekmeler/Ana_Sekmeye_Gec: Test Cases/Sekmeler/Ana_Sekmeye_Gec

2021-10-15 17:23:35 - [TEST_STEP][PASSED] - try: Window with index 1 is closed

2021-10-15 17:23:35 - [TEST_STEP][PASSED] - index = getWindowIndex(): Current window's index is: 1

2021-10-15 17:23:35 - [MESSAGE][INFO] - Getting current window's index

2021-10-15 17:23:35 - [MESSAGE][PASSED] - Current window's index is: 1

2021-10-15 17:23:35 - [TEST_STEP][PASSED] - closeWindowIndex(index): Window with index 1 is closed

2021-10-15 17:23:35 - [MESSAGE][INFO] - Checking index

2021-10-15 17:23:35 - [MESSAGE][INFO] - Closing window with index 1

2021-10-15 17:23:35 - [MESSAGE][PASSED] - Window with index 1 is closed

2021-10-15 17:23:35 - [TEST_STEP][PASSED] - switchToWindowIndex(0): Switched to window with index: '0'

2021-10-15 17:23:35 - [MESSAGE][INFO] - Checking index

2021-10-15 17:23:35 - [MESSAGE][INFO] - Switching window with index: '0'

2021-10-15 17:23:35 - [MESSAGE][PASSED] - Switched to window with index: '0'

2021-10-15 17:23:35 - [MESSAGE][PASSED] - Call Test Case 'Test Cases/Sekmeler/Ana_Sekmeye_Gec' successfully

2021-10-15 17:23:35 - [MESSAGE][INFO] - Checking called Test Case

2021-10-15 17:23:35 - [MESSAGE][INFO] - Starting to call Test Case 'Test Cases/Kullanici_Islemleri/KullaniciIslemlerindenSecimYapilir'

2021-10-15 17:23:35 - [TEST_CASE][PASSED] - Test Cases/Kullanici_Islemleri/KullaniciIslemlerindenSecimYapilir: Test Cases/Kullanici_Islemleri/KullaniciIslemlerindenSecimYapilir

2021-10-15 17:23:35 - [TEST_STEP][PASSED] - waitForElementClickable(findTestObject("Object Repository/Kullanici_Islemleri/KullaniciIslemleri"), 10): Object 'Object Repository/Kullanici_Islemleri/KullaniciIslemleri' is clickable

2021-10-15 17:23:35 - [MESSAGE][INFO] - Finding Test Object 'Object Repository/Kullanici_Islemleri/KullaniciIslemleri'

2021-10-15 17:23:35 - [MESSAGE][INFO] - Checking object

2021-10-15 17:23:35 - [MESSAGE][INFO] - Checking timeout

2021-10-15 17:23:35 - [MESSAGE][INFO] - Finding web element from Test Object's properties

2021-10-15 17:23:35 - [MESSAGE][INFO] - Checking timeout

2021-10-15 17:23:35 - [MESSAGE][INFO] - Finding web element with id: 'Object Repository/Kullanici_Islemleri/KullaniciIslemleri' located by 'By.cssSelector: .dropdown>a>img' in '10' second(s)

2021-10-15 17:23:35 - [MESSAGE][INFO] - Smart Wait Function is triggered

2021-10-15 17:23:35 - [MESSAGE][INFO] - Found 1 web elements with id: 'Object Repository/Kullanici_Islemleri/KullaniciIslemleri' located by 'By.cssSelector: .dropdown>a>img' in '10' second(s)

2021-10-15 17:23:35 - [MESSAGE][PASSED] - Object 'Object Repository/Kullanici_Islemleri/KullaniciIslemleri' is clickable

2021-10-15 17:23:35 - [TEST_STEP][PASSED] - click(findTestObject("Object Repository/Kullanici_Islemleri/KullaniciIslemleri")): Object: 'Object Repository/Kullanici_Islemleri/KullaniciIslemleri' is clicked on

2021-10-15 17:23:35 - [MESSAGE][INFO] - Finding Test Object 'Object Repository/Kullanici_Islemleri/KullaniciIslemleri'

2021-10-15 17:23:35 - [MESSAGE][INFO] - Checking object

2021-10-15 17:23:35 - [MESSAGE][INFO] - Finding web element from Test Object's properties

2021-10-15 17:23:35 - [MESSAGE][INFO] - Checking timeout

2021-10-15 17:23:35 - [MESSAGE][INFO] - Finding web element with id: 'Object Repository/Kullanici_Islemleri/KullaniciIslemleri' located by 'By.cssSelector: .dropdown>a>img' in '30' second(s)

2021-10-15 17:23:35 - [MESSAGE][INFO] - Smart Wait Function is triggered

2021-10-15 17:23:36 - [MESSAGE][INFO] - Found 1 web elements with id: 'Object Repository/Kullanici_Islemleri/KullaniciIslemleri' located by 'By.cssSelector: .dropdown>a>img' in '30' second(s)

2021-10-15 17:23:36 - [MESSAGE][INFO] - Clicking on object: 'Object Repository/Kullanici_Islemleri/KullaniciIslemleri'

2021-10-15 17:23:36 - [MESSAGE][PASSED] - Object: 'Object Repository/Kullanici_Islemleri/KullaniciIslemleri' is clicked on

2021-10-15 17:23:36 - [TEST_STEP][PASSED] - Method.TextDegerineEsitElementeTikla(findTestObject("Object Repository/Kullanici_Islemleri/Secenekler"), Islem): Method.TextDegerineEsitElementeTikla is PASSED

2021-10-15 17:23:36 - [MESSAGE][INFO] - Finding Test Object 'Object Repository/Kullanici_Islemleri/Secenekler'

2021-10-15 17:23:36 - [MESSAGE][INFO] - Checking timeout

2021-10-15 17:23:36 - [MESSAGE][INFO] - Finding web element with id: 'Object Repository/Kullanici_Islemleri/Secenekler' located by 'By.cssSelector: .nav.navbar-nav.navbar-right li a' in '10' second(s)

2021-10-15 17:23:36 - [MESSAGE][INFO] - Smart Wait Function is triggered

2021-10-15 17:23:36 - [MESSAGE][INFO] - Found 22 web elements with id: 'Object Repository/Kullanici_Islemleri/Secenekler' located by 'By.cssSelector: .nav.navbar-nav.navbar-right li a' in '10' second(s)

2021-10-15 17:23:38 - [MESSAGE][PASSED] - Method.TextDegerineEsitElementeTikla is PASSED

2021-10-15 17:23:38 - [TEST_STEP][PASSED] - verifyElementNotPresent(findTestObject("Object Repository/Kullanici_Islemleri/Secenekler"), 10): Web element with id: 'Object Repository/Kullanici_Islemleri/Secenekler' located by 'By.cssSelector: .nav.navbar-nav.navbar-right li a' is not present after '10' second(s)

2021-10-15 17:23:38 - [MESSAGE][INFO] - Finding Test Object 'Object Repository/Kullanici_Islemleri/Secenekler'

2021-10-15 17:23:38 - [MESSAGE][INFO] - Checking object

2021-10-15 17:23:38 - [MESSAGE][INFO] - Checking timeout

2021-10-15 17:23:38 - [MESSAGE][INFO] - Finding web element with id: 'Object Repository/Kullanici_Islemleri/Secenekler' located by 'By.cssSelector: .nav.navbar-nav.navbar-right li a' in '10' second(s)

2021-10-15 17:23:38 - [MESSAGE][INFO] - Smart Wait Function is triggered

2021-10-15 17:23:38 - [MESSAGE][PASSED] - Web element with id: 'Object Repository/Kullanici_Islemleri/Secenekler' located by 'By.cssSelector: .nav.navbar-nav.navbar-right li a' is not present after '10' second(s)

2021-10-15 17:23:38 - [MESSAGE][PASSED] - Call Test Case 'Test Cases/Kullanici_Islemleri/KullaniciIslemlerindenSecimYapilir' successfully

2021-10-15 17:23:38 - [TEST_CASE][PASSED] - Start Test Case : SCENARIO Gelen Zarf Gecmis: SCENARIO Gelen Zarf Gecmis

2021-10-15 17:23:38 - [TEST_STEP][PASSED] - Kullanıcı adı ELOGO6 ve Şifre 123456 olarak giriş yapılır: Kullanıcı adı ELOGO6 ve Şifre 123456 olarak giriş yapılır

2021-10-15 17:23:38 - [MESSAGE][PASSED] - Kullanıcı adı ELOGO6 ve Şifre 123456 olarak giriş yapılır

2021-10-15 17:23:38 - [TEST_STEP][PASSED] - Ana menüden Zarflar seçilir: Ana menüden Zarflar seçilir

2021-10-15 17:23:38 - [MESSAGE][PASSED] - Ana menüden Zarflar seçilir

2021-10-15 17:23:38 - [TEST_STEP][PASSED] - Alt menüden Gelen Zarflar seçilir: Alt menüden Gelen Zarflar seçilir

2021-10-15 17:23:38 - [MESSAGE][PASSED] - Alt menüden Gelen Zarflar seçilir

2021-10-15 17:23:38 - [TEST_STEP][PASSED] - Filtrelerden Oluşturma Tarihi filtresine 01.12.2020 baslangic degerini yaz: Filtrelerden Oluşturma Tarihi filtresine 01.12.2020 baslangic degerini yaz

2021-10-15 17:23:38 - [MESSAGE][PASSED] - Filtrelerden Oluşturma Tarihi filtresine 01.12.2020 baslangic degerini yaz

2021-10-15 17:23:38 - [TEST_STEP][PASSED] - Filtrelerden Oluşturma Tarihi filtresine 31.12.2020 bitis degerini yaz: Filtrelerden Oluşturma Tarihi filtresine 31.12.2020 bitis degerini yaz

2021-10-15 17:23:38 - [MESSAGE][PASSED] - Filtrelerden Oluşturma Tarihi filtresine 31.12.2020 bitis degerini yaz

2021-10-15 17:23:38 - [TEST_STEP][PASSED] - Filtre butonlarından Listele seçilir: Filtre butonlarından Listele seçilir

2021-10-15 17:23:38 - [MESSAGE][PASSED] - Filtre butonlarından Listele seçilir

2021-10-15 17:23:38 - [TEST_STEP][PASSED] - Tabloda veri var mı kontrol edilir: Tabloda veri var mı kontrol edilir

2021-10-15 17:23:38 - [MESSAGE][PASSED] - Tabloda veri var mı kontrol edilir

2021-10-15 17:23:38 - [TEST_STEP][PASSED] - Tablodan E LOGO 6 isimli veri seçilir: Tablodan E LOGO 6 isimli veri seçilir

2021-10-15 17:23:38 - [MESSAGE][PASSED] - Tablodan E LOGO 6 isimli veri seçilir

2021-10-15 17:23:38 - [TEST_STEP][PASSED] - Butonlardan İzleme Kayıtları isimli butona tıklanır: Butonlardan İzleme Kayıtları isimli butona tıklanır

2021-10-15 17:23:38 - [MESSAGE][PASSED] - Butonlardan İzleme Kayıtları isimli butona tıklanır

2021-10-15 17:23:38 - [TEST_STEP][PASSED] - Yeni açılan sekmeye geçilir: Yeni açılan sekmeye geçilir

2021-10-15 17:23:38 - [MESSAGE][PASSED] - Yeni açılan sekmeye geçilir

2021-10-15 17:23:38 - [TEST_STEP][PASSED] - Zarf İzleme Kayıtları baslikli gecmis sayfasi geldi mi: Zarf İzleme Kayıtları baslikli gecmis sayfasi geldi mi

2021-10-15 17:23:38 - [MESSAGE][PASSED] - Zarf İzleme Kayıtları baslikli gecmis sayfasi geldi mi

2021-10-15 17:23:38 - [TEST_STEP][PASSED] - Ana sekmeye geçilir: Ana sekmeye geçilir

2021-10-15 17:23:38 - [MESSAGE][PASSED] - Ana sekmeye geçilir

2021-10-15 17:23:38 - [TEST_STEP][PASSED] - Kullanıcı işlemlerinden Çıkış seçilir: Kullanıcı işlemlerinden Çıkış seçilir

2021-10-15 17:23:38 - [MESSAGE][PASSED] - Kullanıcı işlemlerinden Çıkış seçilir

2021-10-15 17:23:38 - [MESSAGE][PASSED] - Feature file: 'Include/features/Zarflar/Gelen Zarflar/Izleme Kayitlari.feature' was passed

2021-10-15 17:23:38 - [TEST_STEP][PASSED] - Start listener action : sampleAfterTestSuite: Invoke 'com.kms.katalon.core.annotation.AfterTestCase' method: 'Listener.sampleAfterTestSuite(...)' completed.

2021-10-15 17:23:38 - [MESSAGE][INFO] - Starting invoke 'com.kms.katalon.core.annotation.AfterTestCase' method: 'Listener.sampleAfterTestSuite(...)'

2021-10-15 17:23:38 - [TEST_STEP][PASSED] - closeBrowser(): Invoke 'com.kms.katalon.core.annotation.AfterTestCase' method: 'Listener.sampleAfterTestSuite(...)' completed.

2021-10-15 17:23:38 - [MESSAGE][INFO] - Closing browser

2021-10-15 17:23:39 - [MESSAGE][PASSED] - Browser is closed

2021-10-15 17:23:39 - [MESSAGE][INFO] - Invoke 'com.kms.katalon.core.annotation.AfterTestCase' method: 'Listener.sampleAfterTestSuite(...)' completed.]]></system-out>
         <system-err><![CDATA[]]></system-err>
      </testcase>
      <testcase name="Test Cases/Case Repository/Zarflar/Gelen Zarflar/Tablodaki Verinin Irsaliyeleri" time="35.474" classname="Test Cases/Case Repository/Zarflar/Gelen Zarflar/Tablodaki Verinin Irsaliyeleri" status="PASSED">
         <system-out><![CDATA[2021-10-15 17:23:39 - [TEST_CASE][PASSED] - Test Cases/Case Repository/Zarflar/Gelen Zarflar/Tablodaki Verinin Irsaliyeleri: Test Cases/Case Repository/Zarflar/Gelen Zarflar/Tablodaki Verinin Irsaliyeleri

2021-10-15 17:23:39 - [TEST_STEP][PASSED] - Start listener action : sampleBeforeTestSuite: Invoke 'com.kms.katalon.core.annotation.BeforeTestCase' method: 'Listener.sampleBeforeTestSuite(...)' completed.

2021-10-15 17:23:39 - [MESSAGE][INFO] - Starting invoke 'com.kms.katalon.core.annotation.BeforeTestCase' method: 'Listener.sampleBeforeTestSuite(...)'

2021-10-15 17:23:39 - [TEST_STEP][PASSED] - openBrowser(baseUrl): Browser is opened with url: 'https://efatura-stage.elogo.com.tr/'

2021-10-15 17:23:39 - [MESSAGE][INFO] - Opening browser

2021-10-15 17:23:39 - [MESSAGE][INFO] - Starting 'Chrome' driver

2021-10-15 17:23:39 - [MESSAGE][INFO] - User set preference: ['prefs', '{download.default_directory=C:\otomasyondownfiles}']

2021-10-15 17:23:39 - [MESSAGE][INFO] - Action delay is set to 0 milliseconds

2021-10-15 17:23:40 - [MESSAGE][INFO] - Navigating browser to: 'https://efatura-stage.elogo.com.tr/'

2021-10-15 17:23:43 - [MESSAGE][PASSED] - Browser is opened with url: 'https://efatura-stage.elogo.com.tr/'

2021-10-15 17:23:43 - [TEST_STEP][PASSED] - maximizeWindow(): Invoke 'com.kms.katalon.core.annotation.BeforeTestCase' method: 'Listener.sampleBeforeTestSuite(...)' completed.

2021-10-15 17:23:43 - [MESSAGE][INFO] - Maximizing current window

2021-10-15 17:23:43 - [MESSAGE][PASSED] - Current window maximized

2021-10-15 17:23:43 - [MESSAGE][INFO] - Invoke 'com.kms.katalon.core.annotation.BeforeTestCase' method: 'Listener.sampleBeforeTestSuite(...)' completed.

2021-10-15 17:23:44 - [TEST_STEP][PASSED] - runFeatureFile("Include/features/Zarflar/Gelen Zarflar/Tablodaki Verinin Irsaliyeleri.feature"): Feature file: 'Include/features/Zarflar/Gelen Zarflar/Tablodaki Verinin Irsaliyeleri.feature' was passed

2021-10-15 17:23:44 - [MESSAGE][INFO] - Starting run keyword runFeatureFile: 'Include/features/Zarflar/Gelen Zarflar/Tablodaki Verinin Irsaliyeleri.feature' and extract report to folder: 'C:\Users\DELL\Downloads\EES_Katalon-main\Reports\20211015_165642\Suite Repository\Zarflar\20211015_165727/cucumber_report/1634307824308'...

2021-10-15 17:23:44 - [MESSAGE][INFO] - Glue: []

2021-10-15 17:23:45 - [MESSAGE][INFO] - Checking called Test Case

2021-10-15 17:23:45 - [MESSAGE][INFO] - Starting to call Test Case 'Test Cases/Sayfalar/Giris_Sayfasi/Login'

2021-10-15 17:23:45 - [TEST_CASE][PASSED] - Test Cases/Sayfalar/Giris_Sayfasi/Login: Test Cases/Sayfalar/Giris_Sayfasi/Login

2021-10-15 17:23:45 - [TEST_STEP][PASSED] - Sayfa_Basligi = getWindowTitle(): Current window's title is: 'LOGO e-Fatura'

2021-10-15 17:23:45 - [MESSAGE][INFO] - Getting current window's title

2021-10-15 17:23:45 - [MESSAGE][PASSED] - Current window's title is: 'LOGO e-Fatura'

2021-10-15 17:23:45 - [TEST_STEP][PASSED] - verifyMatch(Sayfa_Basligi, "LOGO e-Fatura", false): Actual text 'LOGO e-Fatura' and expected text 'LOGO e-Fatura' are matched 

2021-10-15 17:23:45 - [MESSAGE][INFO] - Matching actual text 'LOGO e-Fatura' with expected text 'LOGO e-Fatura'

2021-10-15 17:23:45 - [MESSAGE][PASSED] - Actual text 'LOGO e-Fatura' and expected text 'LOGO e-Fatura' are matched 

2021-10-15 17:23:45 - [TEST_STEP][PASSED] - sendKeys(findTestObject("Sayfalar/Giris_Sayfasi/Firma_Kodu"), KullaniciAdi): Keys 'ELOGO6' sent to object: 'Object Repository/Sayfalar/Giris_Sayfasi/Firma_Kodu'

2021-10-15 17:23:45 - [MESSAGE][INFO] - Finding Test Object 'Object Repository/Sayfalar/Giris_Sayfasi/Firma_Kodu'

2021-10-15 17:23:45 - [MESSAGE][INFO] - Sending keys 'ELOGO6' to object: 'Object Repository/Sayfalar/Giris_Sayfasi/Firma_Kodu'

2021-10-15 17:23:45 - [MESSAGE][INFO] - Finding web element from Test Object's properties

2021-10-15 17:23:45 - [MESSAGE][INFO] - Checking timeout

2021-10-15 17:23:45 - [MESSAGE][INFO] - Finding web element with id: 'Object Repository/Sayfalar/Giris_Sayfasi/Firma_Kodu' located by 'By.xpath: //*[@id = 'AccountName']' in '30' second(s)

2021-10-15 17:23:45 - [MESSAGE][INFO] - Smart Wait Function is triggered

2021-10-15 17:23:46 - [MESSAGE][INFO] - Found 1 web elements with id: 'Object Repository/Sayfalar/Giris_Sayfasi/Firma_Kodu' located by 'By.xpath: //*[@id = 'AccountName']' in '30' second(s)

2021-10-15 17:23:46 - [MESSAGE][PASSED] - Keys 'ELOGO6' sent to object: 'Object Repository/Sayfalar/Giris_Sayfasi/Firma_Kodu'

2021-10-15 17:23:46 - [TEST_STEP][PASSED] - sendKeys(findTestObject("Sayfalar/Giris_Sayfasi/Sifre"), Sifre): Keys '123456' sent to object: 'Object Repository/Sayfalar/Giris_Sayfasi/Sifre'

2021-10-15 17:23:46 - [MESSAGE][INFO] - Finding Test Object 'Object Repository/Sayfalar/Giris_Sayfasi/Sifre'

2021-10-15 17:23:46 - [MESSAGE][INFO] - Sending keys '123456' to object: 'Object Repository/Sayfalar/Giris_Sayfasi/Sifre'

2021-10-15 17:23:46 - [MESSAGE][INFO] - Finding web element from Test Object's properties

2021-10-15 17:23:46 - [MESSAGE][INFO] - Checking timeout

2021-10-15 17:23:46 - [MESSAGE][INFO] - Finding web element with id: 'Object Repository/Sayfalar/Giris_Sayfasi/Sifre' located by 'By.xpath: //*[@id = 'Password']' in '30' second(s)

2021-10-15 17:23:46 - [MESSAGE][INFO] - Smart Wait Function is triggered

2021-10-15 17:23:47 - [MESSAGE][INFO] - Found 1 web elements with id: 'Object Repository/Sayfalar/Giris_Sayfasi/Sifre' located by 'By.xpath: //*[@id = 'Password']' in '30' second(s)

2021-10-15 17:23:47 - [MESSAGE][PASSED] - Keys '123456' sent to object: 'Object Repository/Sayfalar/Giris_Sayfasi/Sifre'

2021-10-15 17:23:47 - [TEST_STEP][PASSED] - findWebElement(findTestObject("Sayfalar/Giris_Sayfasi/Giris_Butonu")).click(): Found 1 web elements with id: 'Object Repository/Sayfalar/Giris_Sayfasi/Giris_Butonu' located by 'By.cssSelector: #btnLogin' in '30' second(s)

2021-10-15 17:23:47 - [MESSAGE][INFO] - Finding Test Object 'Object Repository/Sayfalar/Giris_Sayfasi/Giris_Butonu'

2021-10-15 17:23:47 - [MESSAGE][INFO] - Finding web element from Test Object's properties

2021-10-15 17:23:47 - [MESSAGE][INFO] - Checking timeout

2021-10-15 17:23:47 - [MESSAGE][INFO] - Finding web element with id: 'Object Repository/Sayfalar/Giris_Sayfasi/Giris_Butonu' located by 'By.cssSelector: #btnLogin' in '30' second(s)

2021-10-15 17:23:47 - [MESSAGE][INFO] - Smart Wait Function is triggered

2021-10-15 17:23:47 - [MESSAGE][INFO] - Found 1 web elements with id: 'Object Repository/Sayfalar/Giris_Sayfasi/Giris_Butonu' located by 'By.cssSelector: #btnLogin' in '30' second(s)

2021-10-15 17:23:50 - [TEST_STEP][PASSED] - if (verifyElementPresent(findTestObject("Object Repository/Sayfalar/Giris_Sayfasi/RetveTamam_Butonu"), 5, OPTIONAL)): null

2021-10-15 17:23:50 - [MESSAGE][INFO] - Finding Test Object 'Object Repository/Sayfalar/Giris_Sayfasi/RetveTamam_Butonu'

2021-10-15 17:23:50 - [MESSAGE][INFO] - Checking object

2021-10-15 17:23:50 - [MESSAGE][INFO] - Finding web element from Test Object's properties

2021-10-15 17:23:50 - [MESSAGE][INFO] - Checking timeout

2021-10-15 17:23:50 - [MESSAGE][INFO] - Finding web element with id: 'Object Repository/Sayfalar/Giris_Sayfasi/RetveTamam_Butonu' located by 'By.xpath: //*[@class = 'btn btn-default']' in '5' second(s)

2021-10-15 17:23:50 - [MESSAGE][INFO] - Smart Wait Function is triggered

2021-10-15 17:23:50 - [MESSAGE][INFO] - Found 1 web elements with id: 'Object Repository/Sayfalar/Giris_Sayfasi/RetveTamam_Butonu' located by 'By.xpath: //*[@class = 'btn btn-default']' in '5' second(s)

2021-10-15 17:23:50 - [MESSAGE][PASSED] - Object 'Object Repository/Sayfalar/Giris_Sayfasi/RetveTamam_Butonu' is present

2021-10-15 17:23:50 - [TEST_STEP][PASSED] - click(findTestObject("Object Repository/Sayfalar/Giris_Sayfasi/RetveTamam_Butonu")): Object: 'Object Repository/Sayfalar/Giris_Sayfasi/RetveTamam_Butonu' is clicked on

2021-10-15 17:23:50 - [MESSAGE][INFO] - Finding Test Object 'Object Repository/Sayfalar/Giris_Sayfasi/RetveTamam_Butonu'

2021-10-15 17:23:50 - [MESSAGE][INFO] - Checking object

2021-10-15 17:23:50 - [MESSAGE][INFO] - Finding web element from Test Object's properties

2021-10-15 17:23:50 - [MESSAGE][INFO] - Checking timeout

2021-10-15 17:23:50 - [MESSAGE][INFO] - Finding web element with id: 'Object Repository/Sayfalar/Giris_Sayfasi/RetveTamam_Butonu' located by 'By.xpath: //*[@class = 'btn btn-default']' in '30' second(s)

2021-10-15 17:23:50 - [MESSAGE][INFO] - Smart Wait Function is triggered

2021-10-15 17:23:51 - [MESSAGE][INFO] - Found 1 web elements with id: 'Object Repository/Sayfalar/Giris_Sayfasi/RetveTamam_Butonu' located by 'By.xpath: //*[@class = 'btn btn-default']' in '30' second(s)

2021-10-15 17:23:51 - [MESSAGE][INFO] - Clicking on object: 'Object Repository/Sayfalar/Giris_Sayfasi/RetveTamam_Butonu'

2021-10-15 17:23:51 - [MESSAGE][PASSED] - Object: 'Object Repository/Sayfalar/Giris_Sayfasi/RetveTamam_Butonu' is clicked on

2021-10-15 17:23:51 - [TEST_STEP][PASSED] - click(findTestObject("Object Repository/Sayfalar/Giris_Sayfasi/RetveTamam_Butonu")): Object: 'Object Repository/Sayfalar/Giris_Sayfasi/RetveTamam_Butonu' is clicked on

2021-10-15 17:23:51 - [MESSAGE][INFO] - Finding Test Object 'Object Repository/Sayfalar/Giris_Sayfasi/RetveTamam_Butonu'

2021-10-15 17:23:51 - [MESSAGE][INFO] - Checking object

2021-10-15 17:23:51 - [MESSAGE][INFO] - Finding web element from Test Object's properties

2021-10-15 17:23:51 - [MESSAGE][INFO] - Checking timeout

2021-10-15 17:23:51 - [MESSAGE][INFO] - Finding web element with id: 'Object Repository/Sayfalar/Giris_Sayfasi/RetveTamam_Butonu' located by 'By.xpath: //*[@class = 'btn btn-default']' in '30' second(s)

2021-10-15 17:23:51 - [MESSAGE][INFO] - Smart Wait Function is triggered

2021-10-15 17:23:55 - [MESSAGE][INFO] - Found 1 web elements with id: 'Object Repository/Sayfalar/Giris_Sayfasi/RetveTamam_Butonu' located by 'By.xpath: //*[@class = 'btn btn-default']' in '30' second(s)

2021-10-15 17:23:55 - [MESSAGE][INFO] - Clicking on object: 'Object Repository/Sayfalar/Giris_Sayfasi/RetveTamam_Butonu'

2021-10-15 17:23:55 - [MESSAGE][PASSED] - Object: 'Object Repository/Sayfalar/Giris_Sayfasi/RetveTamam_Butonu' is clicked on

2021-10-15 17:23:55 - [TEST_STEP][PASSED] - if (verifyElementPresent(findTestObject("Sayfalar/Giris_Sayfasi/PopupOK"), 5, OPTIONAL)): null

2021-10-15 17:23:55 - [MESSAGE][INFO] - Finding Test Object 'Object Repository/Sayfalar/Giris_Sayfasi/PopupOK'

2021-10-15 17:23:55 - [MESSAGE][INFO] - Checking object

2021-10-15 17:23:55 - [MESSAGE][INFO] - Finding web element from Test Object's properties

2021-10-15 17:23:55 - [MESSAGE][INFO] - Checking timeout

2021-10-15 17:23:55 - [MESSAGE][INFO] - Finding web element with id: 'Object Repository/Sayfalar/Giris_Sayfasi/PopupOK' located by 'By.cssSelector: .btn.btn-success' in '5' second(s)

2021-10-15 17:23:55 - [MESSAGE][INFO] - Smart Wait Function is triggered

2021-10-15 17:23:56 - [MESSAGE][INFO] - Found 1 web elements with id: 'Object Repository/Sayfalar/Giris_Sayfasi/PopupOK' located by 'By.cssSelector: .btn.btn-success' in '5' second(s)

2021-10-15 17:23:56 - [MESSAGE][PASSED] - Object 'Object Repository/Sayfalar/Giris_Sayfasi/PopupOK' is present

2021-10-15 17:23:56 - [TEST_STEP][PASSED] - click(findTestObject("Object Repository/Sayfalar/Giris_Sayfasi/PopupCarpiGiris")): Object: 'Object Repository/Sayfalar/Giris_Sayfasi/PopupCarpiGiris' is clicked on

2021-10-15 17:23:56 - [MESSAGE][INFO] - Finding Test Object 'Object Repository/Sayfalar/Giris_Sayfasi/PopupCarpiGiris'

2021-10-15 17:23:56 - [MESSAGE][INFO] - Checking object

2021-10-15 17:23:56 - [MESSAGE][INFO] - Finding web element from Test Object's properties

2021-10-15 17:23:56 - [MESSAGE][INFO] - Checking timeout

2021-10-15 17:23:56 - [MESSAGE][INFO] - Finding web element with id: 'Object Repository/Sayfalar/Giris_Sayfasi/PopupCarpiGiris' located by 'By.cssSelector: .bootbox-close-button.close' in '30' second(s)

2021-10-15 17:23:56 - [MESSAGE][INFO] - Smart Wait Function is triggered

2021-10-15 17:23:56 - [MESSAGE][INFO] - Found 1 web elements with id: 'Object Repository/Sayfalar/Giris_Sayfasi/PopupCarpiGiris' located by 'By.cssSelector: .bootbox-close-button.close' in '30' second(s)

2021-10-15 17:23:56 - [MESSAGE][INFO] - Clicking on object: 'Object Repository/Sayfalar/Giris_Sayfasi/PopupCarpiGiris'

2021-10-15 17:23:56 - [MESSAGE][PASSED] - Object: 'Object Repository/Sayfalar/Giris_Sayfasi/PopupCarpiGiris' is clicked on

2021-10-15 17:23:56 - [TEST_STEP][PASSED] - verifyElementVisible(findTestObject("Object Repository/Kullanici_Islemleri/KullaniciIslemleri")): Object 'Object Repository/Kullanici_Islemleri/KullaniciIslemleri' is visible

2021-10-15 17:23:56 - [MESSAGE][INFO] - Finding Test Object 'Object Repository/Kullanici_Islemleri/KullaniciIslemleri'

2021-10-15 17:23:56 - [MESSAGE][INFO] - Checking object

2021-10-15 17:23:56 - [MESSAGE][INFO] - Finding web element from Test Object's properties

2021-10-15 17:23:56 - [MESSAGE][INFO] - Checking timeout

2021-10-15 17:23:56 - [MESSAGE][INFO] - Finding web element with id: 'Object Repository/Kullanici_Islemleri/KullaniciIslemleri' located by 'By.cssSelector: .dropdown>a>img' in '30' second(s)

2021-10-15 17:23:56 - [MESSAGE][INFO] - Smart Wait Function is triggered

2021-10-15 17:23:57 - [MESSAGE][INFO] - Found 1 web elements with id: 'Object Repository/Kullanici_Islemleri/KullaniciIslemleri' located by 'By.cssSelector: .dropdown>a>img' in '30' second(s)

2021-10-15 17:23:57 - [MESSAGE][PASSED] - Object 'Object Repository/Kullanici_Islemleri/KullaniciIslemleri' is visible

2021-10-15 17:23:57 - [MESSAGE][PASSED] - Call Test Case 'Test Cases/Sayfalar/Giris_Sayfasi/Login' successfully

2021-10-15 17:23:57 - [MESSAGE][INFO] - Checking called Test Case

2021-10-15 17:23:57 - [MESSAGE][INFO] - Starting to call Test Case 'Test Cases/Menu/AnaMenuSecimi'

2021-10-15 17:23:57 - [TEST_CASE][PASSED] - Test Cases/Menu/AnaMenuSecimi: Test Cases/Menu/AnaMenuSecimi

2021-10-15 17:23:57 - [TEST_STEP][PASSED] - Method.TextDegerineEsitElementeTikla(findTestObject("Menu/Ana_Menu"), Ana_Menu): Method.TextDegerineEsitElementeTikla is PASSED

2021-10-15 17:23:57 - [MESSAGE][INFO] - Finding Test Object 'Object Repository/Menu/Ana_Menu'

2021-10-15 17:23:57 - [MESSAGE][INFO] - Checking timeout

2021-10-15 17:23:57 - [MESSAGE][INFO] - Finding web element with id: 'Object Repository/Menu/Ana_Menu' located by 'By.xpath: //*[@class = 'dropdown-toggle']' in '10' second(s)

2021-10-15 17:23:57 - [MESSAGE][INFO] - Smart Wait Function is triggered

2021-10-15 17:23:58 - [MESSAGE][INFO] - Found 14 web elements with id: 'Object Repository/Menu/Ana_Menu' located by 'By.xpath: //*[@class = 'dropdown-toggle']' in '10' second(s)

2021-10-15 17:23:58 - [MESSAGE][PASSED] - Method.TextDegerineEsitElementeTikla is PASSED

2021-10-15 17:23:58 - [MESSAGE][PASSED] - Call Test Case 'Test Cases/Menu/AnaMenuSecimi' successfully

2021-10-15 17:23:58 - [MESSAGE][INFO] - Checking called Test Case

2021-10-15 17:23:58 - [MESSAGE][INFO] - Starting to call Test Case 'Test Cases/Menu/AltMenuSecimi'

2021-10-15 17:23:58 - [TEST_CASE][PASSED] - Test Cases/Menu/AltMenuSecimi: Test Cases/Menu/AltMenuSecimi

2021-10-15 17:23:58 - [TEST_STEP][PASSED] - Method.TextDegerineEsitElementeTikla(findTestObject("Menu/Alt_Menu"), Alt_Menu): Method.TextDegerineEsitElementeTikla is PASSED

2021-10-15 17:23:58 - [MESSAGE][INFO] - Finding Test Object 'Object Repository/Menu/Alt_Menu'

2021-10-15 17:23:58 - [MESSAGE][INFO] - Checking timeout

2021-10-15 17:23:58 - [MESSAGE][INFO] - Finding web element with id: 'Object Repository/Menu/Alt_Menu' located by 'By.xpath: //li[@class='dropdown dropdown-large open']//li[@class='dropdown-element']' in '10' second(s)

2021-10-15 17:23:58 - [MESSAGE][INFO] - Smart Wait Function is triggered

2021-10-15 17:23:58 - [MESSAGE][INFO] - Found 2 web elements with id: 'Object Repository/Menu/Alt_Menu' located by 'By.xpath: //li[@class='dropdown dropdown-large open']//li[@class='dropdown-element']' in '10' second(s)

2021-10-15 17:24:01 - [MESSAGE][PASSED] - Method.TextDegerineEsitElementeTikla is PASSED

2021-10-15 17:24:01 - [MESSAGE][PASSED] - Call Test Case 'Test Cases/Menu/AltMenuSecimi' successfully

2021-10-15 17:24:01 - [MESSAGE][INFO] - Checking called Test Case

2021-10-15 17:24:01 - [MESSAGE][INFO] - Starting to call Test Case 'Test Cases/Filtreler/BaslangicYaz'

2021-10-15 17:24:01 - [TEST_CASE][PASSED] - Test Cases/Filtreler/BaslangicYaz: Test Cases/Filtreler/BaslangicYaz

2021-10-15 17:24:01 - [TEST_STEP][PASSED] - Method.TextDegerineEsitElementinAltindakineTikla(findTestObject("Filtreler/Basliklar"), findTestObject("Filtreler/Basliga_Gore_Baslangic_Image"), Filtre_Adi): Method.TextDegerineEsitElementinAltindakineTikla is PASSED

2021-10-15 17:24:01 - [MESSAGE][INFO] - Finding Test Object 'Object Repository/Filtreler/Basliklar'

2021-10-15 17:24:01 - [MESSAGE][INFO] - Finding Test Object 'Object Repository/Filtreler/Basliga_Gore_Baslangic_Image'

2021-10-15 17:24:01 - [MESSAGE][INFO] - Checking timeout

2021-10-15 17:24:01 - [MESSAGE][INFO] - Finding web element with id: 'Object Repository/Filtreler/Basliklar' located by 'By.cssSelector: .control-label.col-sm-4.paddingMarginRLC' in '10' second(s)

2021-10-15 17:24:01 - [MESSAGE][INFO] - Smart Wait Function is triggered

2021-10-15 17:24:02 - [MESSAGE][INFO] - Found 8 web elements with id: 'Object Repository/Filtreler/Basliklar' located by 'By.cssSelector: .control-label.col-sm-4.paddingMarginRLC' in '10' second(s)

2021-10-15 17:24:02 - [MESSAGE][INFO] - Smart Wait Function is triggered

2021-10-15 17:24:02 - [MESSAGE][PASSED] - Method.TextDegerineEsitElementinAltindakineTikla is PASSED

2021-10-15 17:24:02 - [TEST_STEP][PASSED] - Method.TextDegerineEsitElementinAltindakiTextboxtaYaz(findTestObject("Filtreler/Basliklar"), findTestObject("Filtreler/Basliga_Gore_Baslangic"), Filtre_Adi, Filtre_Degeri): Method.TextDegerineEsitElementinAltindakiTextboxtaYaz is PASSED

2021-10-15 17:24:02 - [MESSAGE][INFO] - Finding Test Object 'Object Repository/Filtreler/Basliklar'

2021-10-15 17:24:02 - [MESSAGE][INFO] - Finding Test Object 'Object Repository/Filtreler/Basliga_Gore_Baslangic'

2021-10-15 17:24:02 - [MESSAGE][INFO] - Checking timeout

2021-10-15 17:24:02 - [MESSAGE][INFO] - Finding web element with id: 'Object Repository/Filtreler/Basliklar' located by 'By.cssSelector: .control-label.col-sm-4.paddingMarginRLC' in '10' second(s)

2021-10-15 17:24:02 - [MESSAGE][INFO] - Smart Wait Function is triggered

2021-10-15 17:24:03 - [MESSAGE][INFO] - Found 8 web elements with id: 'Object Repository/Filtreler/Basliklar' located by 'By.cssSelector: .control-label.col-sm-4.paddingMarginRLC' in '10' second(s)

2021-10-15 17:24:03 - [MESSAGE][INFO] - Smart Wait Function is triggered

2021-10-15 17:24:03 - [MESSAGE][PASSED] - Method.TextDegerineEsitElementinAltindakiTextboxtaYaz is PASSED

2021-10-15 17:24:03 - [MESSAGE][PASSED] - Call Test Case 'Test Cases/Filtreler/BaslangicYaz' successfully

2021-10-15 17:24:03 - [MESSAGE][INFO] - Checking called Test Case

2021-10-15 17:24:03 - [MESSAGE][INFO] - Starting to call Test Case 'Test Cases/Filtreler/BitisYaz'

2021-10-15 17:24:03 - [TEST_CASE][PASSED] - Test Cases/Filtreler/BitisYaz: Test Cases/Filtreler/BitisYaz

2021-10-15 17:24:03 - [TEST_STEP][PASSED] - Method.TextDegerineEsitElementinAltindakineTikla(findTestObject("Filtreler/Basliklar"), findTestObject("Filtreler/Basliga_Gore_Bitis_Image"), Filtre_Adi): Method.TextDegerineEsitElementinAltindakineTikla is PASSED

2021-10-15 17:24:03 - [MESSAGE][INFO] - Finding Test Object 'Object Repository/Filtreler/Basliklar'

2021-10-15 17:24:03 - [MESSAGE][INFO] - Finding Test Object 'Object Repository/Filtreler/Basliga_Gore_Bitis_Image'

2021-10-15 17:24:03 - [MESSAGE][INFO] - Checking timeout

2021-10-15 17:24:03 - [MESSAGE][INFO] - Finding web element with id: 'Object Repository/Filtreler/Basliklar' located by 'By.cssSelector: .control-label.col-sm-4.paddingMarginRLC' in '10' second(s)

2021-10-15 17:24:03 - [MESSAGE][INFO] - Smart Wait Function is triggered

2021-10-15 17:24:04 - [MESSAGE][INFO] - Found 8 web elements with id: 'Object Repository/Filtreler/Basliklar' located by 'By.cssSelector: .control-label.col-sm-4.paddingMarginRLC' in '10' second(s)

2021-10-15 17:24:04 - [MESSAGE][INFO] - Smart Wait Function is triggered

2021-10-15 17:24:04 - [MESSAGE][PASSED] - Method.TextDegerineEsitElementinAltindakineTikla is PASSED

2021-10-15 17:24:04 - [TEST_STEP][PASSED] - Method.TextDegerineEsitElementinAltindakiTextboxtaYaz(findTestObject("Filtreler/Basliklar"), findTestObject("Object Repository/Filtreler/Basliga_Gore_Bitis"), Filtre_Adi, Filtre_Degeri): Method.TextDegerineEsitElementinAltindakiTextboxtaYaz is PASSED

2021-10-15 17:24:04 - [MESSAGE][INFO] - Finding Test Object 'Object Repository/Filtreler/Basliklar'

2021-10-15 17:24:04 - [MESSAGE][INFO] - Finding Test Object 'Object Repository/Filtreler/Basliga_Gore_Bitis'

2021-10-15 17:24:04 - [MESSAGE][INFO] - Checking timeout

2021-10-15 17:24:04 - [MESSAGE][INFO] - Finding web element with id: 'Object Repository/Filtreler/Basliklar' located by 'By.cssSelector: .control-label.col-sm-4.paddingMarginRLC' in '10' second(s)

2021-10-15 17:24:04 - [MESSAGE][INFO] - Smart Wait Function is triggered

2021-10-15 17:24:05 - [MESSAGE][INFO] - Found 8 web elements with id: 'Object Repository/Filtreler/Basliklar' located by 'By.cssSelector: .control-label.col-sm-4.paddingMarginRLC' in '10' second(s)

2021-10-15 17:24:05 - [MESSAGE][INFO] - Smart Wait Function is triggered

2021-10-15 17:24:05 - [MESSAGE][PASSED] - Method.TextDegerineEsitElementinAltindakiTextboxtaYaz is PASSED

2021-10-15 17:24:05 - [MESSAGE][PASSED] - Call Test Case 'Test Cases/Filtreler/BitisYaz' successfully

2021-10-15 17:24:05 - [MESSAGE][INFO] - Checking called Test Case

2021-10-15 17:24:05 - [MESSAGE][INFO] - Starting to call Test Case 'Test Cases/Filtreler/ButonaTikla'

2021-10-15 17:24:05 - [TEST_CASE][PASSED] - Test Cases/Filtreler/ButonaTikla: Test Cases/Filtreler/ButonaTikla

2021-10-15 17:24:05 - [TEST_STEP][PASSED] - Method.TextDegerineEsitElementeTikla(findTestObject("Filtreler/Butonlar"), Filtre_Buton): Method.TextDegerineEsitElementeTikla is PASSED

2021-10-15 17:24:05 - [MESSAGE][INFO] - Finding Test Object 'Object Repository/Filtreler/Butonlar'

2021-10-15 17:24:05 - [MESSAGE][INFO] - Checking timeout

2021-10-15 17:24:05 - [MESSAGE][INFO] - Finding web element with id: 'Object Repository/Filtreler/Butonlar' located by 'By.cssSelector: .dxb>span' in '10' second(s)

2021-10-15 17:24:05 - [MESSAGE][INFO] - Smart Wait Function is triggered

2021-10-15 17:24:05 - [MESSAGE][INFO] - Found 3 web elements with id: 'Object Repository/Filtreler/Butonlar' located by 'By.cssSelector: .dxb>span' in '10' second(s)

2021-10-15 17:24:06 - [MESSAGE][PASSED] - Method.TextDegerineEsitElementeTikla is PASSED

2021-10-15 17:24:06 - [MESSAGE][PASSED] - Call Test Case 'Test Cases/Filtreler/ButonaTikla' successfully

2021-10-15 17:24:06 - [MESSAGE][INFO] - Checking called Test Case

2021-10-15 17:24:06 - [MESSAGE][INFO] - Starting to call Test Case 'Test Cases/Tablo/TablodaVeriVarMi'

2021-10-15 17:24:06 - [TEST_CASE][PASSED] - Test Cases/Tablo/TablodaVeriVarMi: Test Cases/Tablo/TablodaVeriVarMi

2021-10-15 17:24:06 - [TEST_STEP][PASSED] - verifyTextNotPresent("Görüntülenecek veri yok", true): Text 'Görüntülenecek veri yok' is not present on page using regular expression

2021-10-15 17:24:06 - [MESSAGE][INFO] - Checking text present  using regular expression

2021-10-15 17:24:06 - [MESSAGE][INFO] - Smart Wait Function is triggered

2021-10-15 17:24:06 - [MESSAGE][INFO] - Finding text 'Görüntülenecek veri yok' on page  using regular expression

2021-10-15 17:24:06 - [MESSAGE][PASSED] - Text 'Görüntülenecek veri yok' is not present on page using regular expression

2021-10-15 17:24:06 - [MESSAGE][PASSED] - Call Test Case 'Test Cases/Tablo/TablodaVeriVarMi' successfully

2021-10-15 17:24:06 - [MESSAGE][INFO] - Checking called Test Case

2021-10-15 17:24:06 - [MESSAGE][INFO] - Starting to call Test Case 'Test Cases/Tablo/TablonunButonunaTikla'

2021-10-15 17:24:06 - [TEST_CASE][PASSED] - Test Cases/Tablo/TablonunButonunaTikla: Test Cases/Tablo/TablonunButonunaTikla

2021-10-15 17:24:07 - [TEST_STEP][PASSED] - Method.TextDegerineEsitElementinAltindakiTextDegerineEsitOlanaTikla(findTestObject("Tablo/Veriler"), findTestObject("Tablo/VerininButonu"), Veri, Buton_Adi): Method.TextDegerineEsitElementinAltindakiTextDegerineEsitOlanaTikla is PASSED

2021-10-15 17:24:07 - [MESSAGE][INFO] - Finding Test Object 'Object Repository/Tablo/Veriler'

2021-10-15 17:24:07 - [MESSAGE][INFO] - Finding Test Object 'Object Repository/Tablo/VerininButonu'

2021-10-15 17:24:07 - [MESSAGE][INFO] - Checking timeout

2021-10-15 17:24:07 - [MESSAGE][INFO] - Finding web element with id: 'Object Repository/Tablo/Veriler' located by 'By.cssSelector: td.dxgv b ,td.dxgv' in '10' second(s)

2021-10-15 17:24:07 - [MESSAGE][INFO] - Smart Wait Function is triggered

2021-10-15 17:24:08 - [MESSAGE][INFO] - Found 110 web elements with id: 'Object Repository/Tablo/Veriler' located by 'By.cssSelector: td.dxgv b ,td.dxgv' in '10' second(s)

2021-10-15 17:24:08 - [MESSAGE][INFO] - Smart Wait Function is triggered

2021-10-15 17:24:09 - [MESSAGE][PASSED] - Method.TextDegerineEsitElementinAltindakiTextDegerineEsitOlanaTikla is PASSED

2021-10-15 17:24:09 - [MESSAGE][PASSED] - Call Test Case 'Test Cases/Tablo/TablonunButonunaTikla' successfully

2021-10-15 17:24:09 - [MESSAGE][INFO] - Checking called Test Case

2021-10-15 17:24:09 - [MESSAGE][INFO] - Starting to call Test Case 'Test Cases/Sekmeler/YeniSekmeyeGec'

2021-10-15 17:24:09 - [TEST_CASE][PASSED] - Test Cases/Sekmeler/YeniSekmeyeGec: Test Cases/Sekmeler/YeniSekmeyeGec

2021-10-15 17:24:09 - [TEST_STEP][PASSED] - switchToWindowIndex(1): Switched to window with index: '1'

2021-10-15 17:24:09 - [MESSAGE][INFO] - Checking index

2021-10-15 17:24:09 - [MESSAGE][INFO] - Switching window with index: '1'

2021-10-15 17:24:09 - [MESSAGE][PASSED] - Switched to window with index: '1'

2021-10-15 17:24:09 - [MESSAGE][PASSED] - Call Test Case 'Test Cases/Sekmeler/YeniSekmeyeGec' successfully

2021-10-15 17:24:09 - [MESSAGE][INFO] - Checking called Test Case

2021-10-15 17:24:09 - [MESSAGE][INFO] - Starting to call Test Case 'Test Cases/Tablo/TablodaVeriVarMi'

2021-10-15 17:24:09 - [TEST_CASE][PASSED] - Test Cases/Tablo/TablodaVeriVarMi: Test Cases/Tablo/TablodaVeriVarMi

2021-10-15 17:24:09 - [TEST_STEP][PASSED] - verifyTextNotPresent("Görüntülenecek veri yok", true): Text 'Görüntülenecek veri yok' is not present on page using regular expression

2021-10-15 17:24:09 - [MESSAGE][INFO] - Checking text present  using regular expression

2021-10-15 17:24:09 - [MESSAGE][INFO] - Smart Wait Function is triggered

2021-10-15 17:24:10 - [MESSAGE][INFO] - Finding text 'Görüntülenecek veri yok' on page  using regular expression

2021-10-15 17:24:10 - [MESSAGE][PASSED] - Text 'Görüntülenecek veri yok' is not present on page using regular expression

2021-10-15 17:24:10 - [MESSAGE][PASSED] - Call Test Case 'Test Cases/Tablo/TablodaVeriVarMi' successfully

2021-10-15 17:24:10 - [MESSAGE][INFO] - Checking called Test Case

2021-10-15 17:24:10 - [MESSAGE][INFO] - Starting to call Test Case 'Test Cases/Sekmeler/Ana_Sekmeye_Gec'

2021-10-15 17:24:10 - [TEST_CASE][PASSED] - Test Cases/Sekmeler/Ana_Sekmeye_Gec: Test Cases/Sekmeler/Ana_Sekmeye_Gec

2021-10-15 17:24:10 - [TEST_STEP][PASSED] - try: Window with index 1 is closed

2021-10-15 17:24:10 - [TEST_STEP][PASSED] - index = getWindowIndex(): Current window's index is: 1

2021-10-15 17:24:10 - [MESSAGE][INFO] - Getting current window's index

2021-10-15 17:24:10 - [MESSAGE][PASSED] - Current window's index is: 1

2021-10-15 17:24:10 - [TEST_STEP][PASSED] - closeWindowIndex(index): Window with index 1 is closed

2021-10-15 17:24:10 - [MESSAGE][INFO] - Checking index

2021-10-15 17:24:10 - [MESSAGE][INFO] - Closing window with index 1

2021-10-15 17:24:10 - [MESSAGE][PASSED] - Window with index 1 is closed

2021-10-15 17:24:10 - [TEST_STEP][PASSED] - switchToWindowIndex(0): Switched to window with index: '0'

2021-10-15 17:24:10 - [MESSAGE][INFO] - Checking index

2021-10-15 17:24:10 - [MESSAGE][INFO] - Switching window with index: '0'

2021-10-15 17:24:10 - [MESSAGE][PASSED] - Switched to window with index: '0'

2021-10-15 17:24:10 - [MESSAGE][PASSED] - Call Test Case 'Test Cases/Sekmeler/Ana_Sekmeye_Gec' successfully

2021-10-15 17:24:10 - [MESSAGE][INFO] - Checking called Test Case

2021-10-15 17:24:10 - [MESSAGE][INFO] - Starting to call Test Case 'Test Cases/Kullanici_Islemleri/KullaniciIslemlerindenSecimYapilir'

2021-10-15 17:24:10 - [TEST_CASE][PASSED] - Test Cases/Kullanici_Islemleri/KullaniciIslemlerindenSecimYapilir: Test Cases/Kullanici_Islemleri/KullaniciIslemlerindenSecimYapilir

2021-10-15 17:24:10 - [TEST_STEP][PASSED] - waitForElementClickable(findTestObject("Object Repository/Kullanici_Islemleri/KullaniciIslemleri"), 10): Object 'Object Repository/Kullanici_Islemleri/KullaniciIslemleri' is clickable

2021-10-15 17:24:10 - [MESSAGE][INFO] - Finding Test Object 'Object Repository/Kullanici_Islemleri/KullaniciIslemleri'

2021-10-15 17:24:10 - [MESSAGE][INFO] - Checking object

2021-10-15 17:24:10 - [MESSAGE][INFO] - Checking timeout

2021-10-15 17:24:10 - [MESSAGE][INFO] - Finding web element from Test Object's properties

2021-10-15 17:24:10 - [MESSAGE][INFO] - Checking timeout

2021-10-15 17:24:10 - [MESSAGE][INFO] - Finding web element with id: 'Object Repository/Kullanici_Islemleri/KullaniciIslemleri' located by 'By.cssSelector: .dropdown>a>img' in '10' second(s)

2021-10-15 17:24:10 - [MESSAGE][INFO] - Smart Wait Function is triggered

2021-10-15 17:24:11 - [MESSAGE][INFO] - Found 1 web elements with id: 'Object Repository/Kullanici_Islemleri/KullaniciIslemleri' located by 'By.cssSelector: .dropdown>a>img' in '10' second(s)

2021-10-15 17:24:11 - [MESSAGE][PASSED] - Object 'Object Repository/Kullanici_Islemleri/KullaniciIslemleri' is clickable

2021-10-15 17:24:11 - [TEST_STEP][PASSED] - click(findTestObject("Object Repository/Kullanici_Islemleri/KullaniciIslemleri")): Object: 'Object Repository/Kullanici_Islemleri/KullaniciIslemleri' is clicked on

2021-10-15 17:24:11 - [MESSAGE][INFO] - Finding Test Object 'Object Repository/Kullanici_Islemleri/KullaniciIslemleri'

2021-10-15 17:24:11 - [MESSAGE][INFO] - Checking object

2021-10-15 17:24:11 - [MESSAGE][INFO] - Finding web element from Test Object's properties

2021-10-15 17:24:11 - [MESSAGE][INFO] - Checking timeout

2021-10-15 17:24:11 - [MESSAGE][INFO] - Finding web element with id: 'Object Repository/Kullanici_Islemleri/KullaniciIslemleri' located by 'By.cssSelector: .dropdown>a>img' in '30' second(s)

2021-10-15 17:24:11 - [MESSAGE][INFO] - Smart Wait Function is triggered

2021-10-15 17:24:11 - [MESSAGE][INFO] - Found 1 web elements with id: 'Object Repository/Kullanici_Islemleri/KullaniciIslemleri' located by 'By.cssSelector: .dropdown>a>img' in '30' second(s)

2021-10-15 17:24:11 - [MESSAGE][INFO] - Clicking on object: 'Object Repository/Kullanici_Islemleri/KullaniciIslemleri'

2021-10-15 17:24:11 - [MESSAGE][PASSED] - Object: 'Object Repository/Kullanici_Islemleri/KullaniciIslemleri' is clicked on

2021-10-15 17:24:11 - [TEST_STEP][PASSED] - Method.TextDegerineEsitElementeTikla(findTestObject("Object Repository/Kullanici_Islemleri/Secenekler"), Islem): Method.TextDegerineEsitElementeTikla is PASSED

2021-10-15 17:24:11 - [MESSAGE][INFO] - Finding Test Object 'Object Repository/Kullanici_Islemleri/Secenekler'

2021-10-15 17:24:11 - [MESSAGE][INFO] - Checking timeout

2021-10-15 17:24:11 - [MESSAGE][INFO] - Finding web element with id: 'Object Repository/Kullanici_Islemleri/Secenekler' located by 'By.cssSelector: .nav.navbar-nav.navbar-right li a' in '10' second(s)

2021-10-15 17:24:11 - [MESSAGE][INFO] - Smart Wait Function is triggered

2021-10-15 17:24:12 - [MESSAGE][INFO] - Found 22 web elements with id: 'Object Repository/Kullanici_Islemleri/Secenekler' located by 'By.cssSelector: .nav.navbar-nav.navbar-right li a' in '10' second(s)

2021-10-15 17:24:13 - [MESSAGE][PASSED] - Method.TextDegerineEsitElementeTikla is PASSED

2021-10-15 17:24:13 - [TEST_STEP][PASSED] - verifyElementNotPresent(findTestObject("Object Repository/Kullanici_Islemleri/Secenekler"), 10): Web element with id: 'Object Repository/Kullanici_Islemleri/Secenekler' located by 'By.cssSelector: .nav.navbar-nav.navbar-right li a' is not present after '10' second(s)

2021-10-15 17:24:13 - [MESSAGE][INFO] - Finding Test Object 'Object Repository/Kullanici_Islemleri/Secenekler'

2021-10-15 17:24:13 - [MESSAGE][INFO] - Checking object

2021-10-15 17:24:13 - [MESSAGE][INFO] - Checking timeout

2021-10-15 17:24:13 - [MESSAGE][INFO] - Finding web element with id: 'Object Repository/Kullanici_Islemleri/Secenekler' located by 'By.cssSelector: .nav.navbar-nav.navbar-right li a' in '10' second(s)

2021-10-15 17:24:13 - [MESSAGE][INFO] - Smart Wait Function is triggered

2021-10-15 17:24:14 - [MESSAGE][PASSED] - Web element with id: 'Object Repository/Kullanici_Islemleri/Secenekler' located by 'By.cssSelector: .nav.navbar-nav.navbar-right li a' is not present after '10' second(s)

2021-10-15 17:24:14 - [MESSAGE][PASSED] - Call Test Case 'Test Cases/Kullanici_Islemleri/KullaniciIslemlerindenSecimYapilir' successfully

2021-10-15 17:24:14 - [TEST_CASE][PASSED] - Start Test Case : SCENARIO Gelen Zarf Tablodaki Verinin Irsaliyeleri: SCENARIO Gelen Zarf Tablodaki Verinin Irsaliyeleri

2021-10-15 17:24:14 - [TEST_STEP][PASSED] - Kullanıcı adı ELOGO6 ve Şifre 123456 olarak giriş yapılır: Kullanıcı adı ELOGO6 ve Şifre 123456 olarak giriş yapılır

2021-10-15 17:24:14 - [MESSAGE][PASSED] - Kullanıcı adı ELOGO6 ve Şifre 123456 olarak giriş yapılır

2021-10-15 17:24:14 - [TEST_STEP][PASSED] - Ana menüden Zarflar seçilir: Ana menüden Zarflar seçilir

2021-10-15 17:24:14 - [MESSAGE][PASSED] - Ana menüden Zarflar seçilir

2021-10-15 17:24:14 - [TEST_STEP][PASSED] - Alt menüden Gelen Zarflar seçilir: Alt menüden Gelen Zarflar seçilir

2021-10-15 17:24:14 - [MESSAGE][PASSED] - Alt menüden Gelen Zarflar seçilir

2021-10-15 17:24:14 - [TEST_STEP][PASSED] - Filtrelerden Oluşturma Tarihi filtresine 01.12.2020 baslangic degerini yaz: Filtrelerden Oluşturma Tarihi filtresine 01.12.2020 baslangic degerini yaz

2021-10-15 17:24:14 - [MESSAGE][PASSED] - Filtrelerden Oluşturma Tarihi filtresine 01.12.2020 baslangic degerini yaz

2021-10-15 17:24:14 - [TEST_STEP][PASSED] - Filtrelerden Oluşturma Tarihi filtresine 31.12.2020 bitis degerini yaz: Filtrelerden Oluşturma Tarihi filtresine 31.12.2020 bitis degerini yaz

2021-10-15 17:24:14 - [MESSAGE][PASSED] - Filtrelerden Oluşturma Tarihi filtresine 31.12.2020 bitis degerini yaz

2021-10-15 17:24:14 - [TEST_STEP][PASSED] - Filtre butonlarından Listele seçilir: Filtre butonlarından Listele seçilir

2021-10-15 17:24:14 - [MESSAGE][PASSED] - Filtre butonlarından Listele seçilir

2021-10-15 17:24:14 - [TEST_STEP][PASSED] - Tabloda veri var mı kontrol edilir: Tabloda veri var mı kontrol edilir

2021-10-15 17:24:14 - [MESSAGE][PASSED] - Tabloda veri var mı kontrol edilir

2021-10-15 17:24:14 - [TEST_STEP][PASSED] - Tablodaki E LOGO 6 isimli verinin Uygulama Yanıtları adlı butonuna tıklanır: Tablodaki E LOGO 6 isimli verinin Uygulama Yanıtları adlı butonuna tıklanır

2021-10-15 17:24:14 - [MESSAGE][PASSED] - Tablodaki E LOGO 6 isimli verinin Uygulama Yanıtları adlı butonuna tıklanır

2021-10-15 17:24:14 - [TEST_STEP][PASSED] - Yeni açılan sekmeye geçilir: Yeni açılan sekmeye geçilir

2021-10-15 17:24:14 - [MESSAGE][PASSED] - Yeni açılan sekmeye geçilir

2021-10-15 17:24:14 - [TEST_STEP][PASSED] - Tabloda veri var mı kontrol edilir: Tabloda veri var mı kontrol edilir

2021-10-15 17:24:14 - [MESSAGE][PASSED] - Tabloda veri var mı kontrol edilir

2021-10-15 17:24:14 - [TEST_STEP][PASSED] - Ana sekmeye geçilir: Ana sekmeye geçilir

2021-10-15 17:24:14 - [MESSAGE][PASSED] - Ana sekmeye geçilir

2021-10-15 17:24:14 - [TEST_STEP][PASSED] - Kullanıcı işlemlerinden Çıkış seçilir: Kullanıcı işlemlerinden Çıkış seçilir

2021-10-15 17:24:14 - [MESSAGE][PASSED] - Kullanıcı işlemlerinden Çıkış seçilir

2021-10-15 17:24:14 - [MESSAGE][PASSED] - Feature file: 'Include/features/Zarflar/Gelen Zarflar/Tablodaki Verinin Irsaliyeleri.feature' was passed

2021-10-15 17:24:14 - [TEST_STEP][PASSED] - Start listener action : sampleAfterTestSuite: Invoke 'com.kms.katalon.core.annotation.AfterTestCase' method: 'Listener.sampleAfterTestSuite(...)' completed.

2021-10-15 17:24:14 - [MESSAGE][INFO] - Starting invoke 'com.kms.katalon.core.annotation.AfterTestCase' method: 'Listener.sampleAfterTestSuite(...)'

2021-10-15 17:24:14 - [TEST_STEP][PASSED] - closeBrowser(): Invoke 'com.kms.katalon.core.annotation.AfterTestCase' method: 'Listener.sampleAfterTestSuite(...)' completed.

2021-10-15 17:24:14 - [MESSAGE][INFO] - Closing browser

2021-10-15 17:24:15 - [MESSAGE][PASSED] - Browser is closed

2021-10-15 17:24:15 - [MESSAGE][INFO] - Invoke 'com.kms.katalon.core.annotation.AfterTestCase' method: 'Listener.sampleAfterTestSuite(...)' completed.]]></system-out>
         <system-err><![CDATA[]]></system-err>
      </testcase>
      <testcase name="Test Cases/Case Repository/Zarflar/Gelen Zarflar/UBL-Goster" time="32.936" classname="Test Cases/Case Repository/Zarflar/Gelen Zarflar/UBL-Goster" status="PASSED">
         <system-out><![CDATA[2021-10-15 17:24:15 - [TEST_CASE][PASSED] - Test Cases/Case Repository/Zarflar/Gelen Zarflar/UBL-Goster: Test Cases/Case Repository/Zarflar/Gelen Zarflar/UBL-Goster

2021-10-15 17:24:15 - [TEST_STEP][PASSED] - Start listener action : sampleBeforeTestSuite: Invoke 'com.kms.katalon.core.annotation.BeforeTestCase' method: 'Listener.sampleBeforeTestSuite(...)' completed.

2021-10-15 17:24:15 - [MESSAGE][INFO] - Starting invoke 'com.kms.katalon.core.annotation.BeforeTestCase' method: 'Listener.sampleBeforeTestSuite(...)'

2021-10-15 17:24:15 - [TEST_STEP][PASSED] - openBrowser(baseUrl): Browser is opened with url: 'https://efatura-stage.elogo.com.tr/'

2021-10-15 17:24:15 - [MESSAGE][INFO] - Opening browser

2021-10-15 17:24:15 - [MESSAGE][INFO] - Starting 'Chrome' driver

2021-10-15 17:24:15 - [MESSAGE][INFO] - User set preference: ['prefs', '{download.default_directory=C:\otomasyondownfiles}']

2021-10-15 17:24:15 - [MESSAGE][INFO] - Action delay is set to 0 milliseconds

2021-10-15 17:24:16 - [MESSAGE][INFO] - Navigating browser to: 'https://efatura-stage.elogo.com.tr/'

2021-10-15 17:24:18 - [MESSAGE][PASSED] - Browser is opened with url: 'https://efatura-stage.elogo.com.tr/'

2021-10-15 17:24:18 - [TEST_STEP][PASSED] - maximizeWindow(): Invoke 'com.kms.katalon.core.annotation.BeforeTestCase' method: 'Listener.sampleBeforeTestSuite(...)' completed.

2021-10-15 17:24:18 - [MESSAGE][INFO] - Maximizing current window

2021-10-15 17:24:19 - [MESSAGE][PASSED] - Current window maximized

2021-10-15 17:24:19 - [MESSAGE][INFO] - Invoke 'com.kms.katalon.core.annotation.BeforeTestCase' method: 'Listener.sampleBeforeTestSuite(...)' completed.

2021-10-15 17:24:19 - [TEST_STEP][PASSED] - runFeatureFile("Include/features/Zarflar/Gelen Zarflar/UBL-Goster.feature"): Feature file: 'Include/features/Zarflar/Gelen Zarflar/UBL-Goster.feature' was passed

2021-10-15 17:24:19 - [MESSAGE][INFO] - Starting run keyword runFeatureFile: 'Include/features/Zarflar/Gelen Zarflar/UBL-Goster.feature' and extract report to folder: 'C:\Users\DELL\Downloads\EES_Katalon-main\Reports\20211015_165642\Suite Repository\Zarflar\20211015_165727/cucumber_report/1634307859731'...

2021-10-15 17:24:19 - [MESSAGE][INFO] - Glue: []

2021-10-15 17:24:20 - [MESSAGE][INFO] - Checking called Test Case

2021-10-15 17:24:20 - [MESSAGE][INFO] - Starting to call Test Case 'Test Cases/Sayfalar/Giris_Sayfasi/Login'

2021-10-15 17:24:20 - [TEST_CASE][PASSED] - Test Cases/Sayfalar/Giris_Sayfasi/Login: Test Cases/Sayfalar/Giris_Sayfasi/Login

2021-10-15 17:24:20 - [TEST_STEP][PASSED] - Sayfa_Basligi = getWindowTitle(): Current window's title is: 'LOGO e-Fatura'

2021-10-15 17:24:20 - [MESSAGE][INFO] - Getting current window's title

2021-10-15 17:24:20 - [MESSAGE][PASSED] - Current window's title is: 'LOGO e-Fatura'

2021-10-15 17:24:20 - [TEST_STEP][PASSED] - verifyMatch(Sayfa_Basligi, "LOGO e-Fatura", false): Actual text 'LOGO e-Fatura' and expected text 'LOGO e-Fatura' are matched 

2021-10-15 17:24:20 - [MESSAGE][INFO] - Matching actual text 'LOGO e-Fatura' with expected text 'LOGO e-Fatura'

2021-10-15 17:24:20 - [MESSAGE][PASSED] - Actual text 'LOGO e-Fatura' and expected text 'LOGO e-Fatura' are matched 

2021-10-15 17:24:20 - [TEST_STEP][PASSED] - sendKeys(findTestObject("Sayfalar/Giris_Sayfasi/Firma_Kodu"), KullaniciAdi): Keys 'ELOGO6' sent to object: 'Object Repository/Sayfalar/Giris_Sayfasi/Firma_Kodu'

2021-10-15 17:24:20 - [MESSAGE][INFO] - Finding Test Object 'Object Repository/Sayfalar/Giris_Sayfasi/Firma_Kodu'

2021-10-15 17:24:20 - [MESSAGE][INFO] - Sending keys 'ELOGO6' to object: 'Object Repository/Sayfalar/Giris_Sayfasi/Firma_Kodu'

2021-10-15 17:24:20 - [MESSAGE][INFO] - Finding web element from Test Object's properties

2021-10-15 17:24:20 - [MESSAGE][INFO] - Checking timeout

2021-10-15 17:24:20 - [MESSAGE][INFO] - Finding web element with id: 'Object Repository/Sayfalar/Giris_Sayfasi/Firma_Kodu' located by 'By.xpath: //*[@id = 'AccountName']' in '30' second(s)

2021-10-15 17:24:20 - [MESSAGE][INFO] - Smart Wait Function is triggered

2021-10-15 17:24:21 - [MESSAGE][INFO] - Found 1 web elements with id: 'Object Repository/Sayfalar/Giris_Sayfasi/Firma_Kodu' located by 'By.xpath: //*[@id = 'AccountName']' in '30' second(s)

2021-10-15 17:24:21 - [MESSAGE][PASSED] - Keys 'ELOGO6' sent to object: 'Object Repository/Sayfalar/Giris_Sayfasi/Firma_Kodu'

2021-10-15 17:24:21 - [TEST_STEP][PASSED] - sendKeys(findTestObject("Sayfalar/Giris_Sayfasi/Sifre"), Sifre): Keys '123456' sent to object: 'Object Repository/Sayfalar/Giris_Sayfasi/Sifre'

2021-10-15 17:24:21 - [MESSAGE][INFO] - Finding Test Object 'Object Repository/Sayfalar/Giris_Sayfasi/Sifre'

2021-10-15 17:24:21 - [MESSAGE][INFO] - Sending keys '123456' to object: 'Object Repository/Sayfalar/Giris_Sayfasi/Sifre'

2021-10-15 17:24:21 - [MESSAGE][INFO] - Finding web element from Test Object's properties

2021-10-15 17:24:21 - [MESSAGE][INFO] - Checking timeout

2021-10-15 17:24:21 - [MESSAGE][INFO] - Finding web element with id: 'Object Repository/Sayfalar/Giris_Sayfasi/Sifre' located by 'By.xpath: //*[@id = 'Password']' in '30' second(s)

2021-10-15 17:24:21 - [MESSAGE][INFO] - Smart Wait Function is triggered

2021-10-15 17:24:21 - [MESSAGE][INFO] - Found 1 web elements with id: 'Object Repository/Sayfalar/Giris_Sayfasi/Sifre' located by 'By.xpath: //*[@id = 'Password']' in '30' second(s)

2021-10-15 17:24:21 - [MESSAGE][PASSED] - Keys '123456' sent to object: 'Object Repository/Sayfalar/Giris_Sayfasi/Sifre'

2021-10-15 17:24:21 - [TEST_STEP][PASSED] - findWebElement(findTestObject("Sayfalar/Giris_Sayfasi/Giris_Butonu")).click(): Found 1 web elements with id: 'Object Repository/Sayfalar/Giris_Sayfasi/Giris_Butonu' located by 'By.cssSelector: #btnLogin' in '30' second(s)

2021-10-15 17:24:21 - [MESSAGE][INFO] - Finding Test Object 'Object Repository/Sayfalar/Giris_Sayfasi/Giris_Butonu'

2021-10-15 17:24:21 - [MESSAGE][INFO] - Finding web element from Test Object's properties

2021-10-15 17:24:21 - [MESSAGE][INFO] - Checking timeout

2021-10-15 17:24:21 - [MESSAGE][INFO] - Finding web element with id: 'Object Repository/Sayfalar/Giris_Sayfasi/Giris_Butonu' located by 'By.cssSelector: #btnLogin' in '30' second(s)

2021-10-15 17:24:21 - [MESSAGE][INFO] - Smart Wait Function is triggered

2021-10-15 17:24:22 - [MESSAGE][INFO] - Found 1 web elements with id: 'Object Repository/Sayfalar/Giris_Sayfasi/Giris_Butonu' located by 'By.cssSelector: #btnLogin' in '30' second(s)

2021-10-15 17:24:24 - [TEST_STEP][PASSED] - if (verifyElementPresent(findTestObject("Object Repository/Sayfalar/Giris_Sayfasi/RetveTamam_Butonu"), 5, OPTIONAL)): null

2021-10-15 17:24:24 - [MESSAGE][INFO] - Finding Test Object 'Object Repository/Sayfalar/Giris_Sayfasi/RetveTamam_Butonu'

2021-10-15 17:24:24 - [MESSAGE][INFO] - Checking object

2021-10-15 17:24:24 - [MESSAGE][INFO] - Finding web element from Test Object's properties

2021-10-15 17:24:24 - [MESSAGE][INFO] - Checking timeout

2021-10-15 17:24:24 - [MESSAGE][INFO] - Finding web element with id: 'Object Repository/Sayfalar/Giris_Sayfasi/RetveTamam_Butonu' located by 'By.xpath: //*[@class = 'btn btn-default']' in '5' second(s)

2021-10-15 17:24:24 - [MESSAGE][INFO] - Smart Wait Function is triggered

2021-10-15 17:24:24 - [MESSAGE][INFO] - Found 1 web elements with id: 'Object Repository/Sayfalar/Giris_Sayfasi/RetveTamam_Butonu' located by 'By.xpath: //*[@class = 'btn btn-default']' in '5' second(s)

2021-10-15 17:24:24 - [MESSAGE][PASSED] - Object 'Object Repository/Sayfalar/Giris_Sayfasi/RetveTamam_Butonu' is present

2021-10-15 17:24:24 - [TEST_STEP][PASSED] - click(findTestObject("Object Repository/Sayfalar/Giris_Sayfasi/RetveTamam_Butonu")): Object: 'Object Repository/Sayfalar/Giris_Sayfasi/RetveTamam_Butonu' is clicked on

2021-10-15 17:24:24 - [MESSAGE][INFO] - Finding Test Object 'Object Repository/Sayfalar/Giris_Sayfasi/RetveTamam_Butonu'

2021-10-15 17:24:24 - [MESSAGE][INFO] - Checking object

2021-10-15 17:24:24 - [MESSAGE][INFO] - Finding web element from Test Object's properties

2021-10-15 17:24:24 - [MESSAGE][INFO] - Checking timeout

2021-10-15 17:24:24 - [MESSAGE][INFO] - Finding web element with id: 'Object Repository/Sayfalar/Giris_Sayfasi/RetveTamam_Butonu' located by 'By.xpath: //*[@class = 'btn btn-default']' in '30' second(s)

2021-10-15 17:24:24 - [MESSAGE][INFO] - Smart Wait Function is triggered

2021-10-15 17:24:25 - [MESSAGE][INFO] - Found 1 web elements with id: 'Object Repository/Sayfalar/Giris_Sayfasi/RetveTamam_Butonu' located by 'By.xpath: //*[@class = 'btn btn-default']' in '30' second(s)

2021-10-15 17:24:25 - [MESSAGE][INFO] - Clicking on object: 'Object Repository/Sayfalar/Giris_Sayfasi/RetveTamam_Butonu'

2021-10-15 17:24:25 - [MESSAGE][PASSED] - Object: 'Object Repository/Sayfalar/Giris_Sayfasi/RetveTamam_Butonu' is clicked on

2021-10-15 17:24:25 - [TEST_STEP][PASSED] - click(findTestObject("Object Repository/Sayfalar/Giris_Sayfasi/RetveTamam_Butonu")): Object: 'Object Repository/Sayfalar/Giris_Sayfasi/RetveTamam_Butonu' is clicked on

2021-10-15 17:24:25 - [MESSAGE][INFO] - Finding Test Object 'Object Repository/Sayfalar/Giris_Sayfasi/RetveTamam_Butonu'

2021-10-15 17:24:25 - [MESSAGE][INFO] - Checking object

2021-10-15 17:24:25 - [MESSAGE][INFO] - Finding web element from Test Object's properties

2021-10-15 17:24:25 - [MESSAGE][INFO] - Checking timeout

2021-10-15 17:24:25 - [MESSAGE][INFO] - Finding web element with id: 'Object Repository/Sayfalar/Giris_Sayfasi/RetveTamam_Butonu' located by 'By.xpath: //*[@class = 'btn btn-default']' in '30' second(s)

2021-10-15 17:24:25 - [MESSAGE][INFO] - Smart Wait Function is triggered

2021-10-15 17:24:29 - [MESSAGE][INFO] - Found 1 web elements with id: 'Object Repository/Sayfalar/Giris_Sayfasi/RetveTamam_Butonu' located by 'By.xpath: //*[@class = 'btn btn-default']' in '30' second(s)

2021-10-15 17:24:29 - [MESSAGE][INFO] - Clicking on object: 'Object Repository/Sayfalar/Giris_Sayfasi/RetveTamam_Butonu'

2021-10-15 17:24:29 - [MESSAGE][PASSED] - Object: 'Object Repository/Sayfalar/Giris_Sayfasi/RetveTamam_Butonu' is clicked on

2021-10-15 17:24:29 - [TEST_STEP][PASSED] - if (verifyElementPresent(findTestObject("Sayfalar/Giris_Sayfasi/PopupOK"), 5, OPTIONAL)): null

2021-10-15 17:24:29 - [MESSAGE][INFO] - Finding Test Object 'Object Repository/Sayfalar/Giris_Sayfasi/PopupOK'

2021-10-15 17:24:29 - [MESSAGE][INFO] - Checking object

2021-10-15 17:24:29 - [MESSAGE][INFO] - Finding web element from Test Object's properties

2021-10-15 17:24:29 - [MESSAGE][INFO] - Checking timeout

2021-10-15 17:24:29 - [MESSAGE][INFO] - Finding web element with id: 'Object Repository/Sayfalar/Giris_Sayfasi/PopupOK' located by 'By.cssSelector: .btn.btn-success' in '5' second(s)

2021-10-15 17:24:29 - [MESSAGE][INFO] - Smart Wait Function is triggered

2021-10-15 17:24:30 - [MESSAGE][INFO] - Found 1 web elements with id: 'Object Repository/Sayfalar/Giris_Sayfasi/PopupOK' located by 'By.cssSelector: .btn.btn-success' in '5' second(s)

2021-10-15 17:24:30 - [MESSAGE][PASSED] - Object 'Object Repository/Sayfalar/Giris_Sayfasi/PopupOK' is present

2021-10-15 17:24:30 - [TEST_STEP][PASSED] - click(findTestObject("Object Repository/Sayfalar/Giris_Sayfasi/PopupCarpiGiris")): Object: 'Object Repository/Sayfalar/Giris_Sayfasi/PopupCarpiGiris' is clicked on

2021-10-15 17:24:30 - [MESSAGE][INFO] - Finding Test Object 'Object Repository/Sayfalar/Giris_Sayfasi/PopupCarpiGiris'

2021-10-15 17:24:30 - [MESSAGE][INFO] - Checking object

2021-10-15 17:24:30 - [MESSAGE][INFO] - Finding web element from Test Object's properties

2021-10-15 17:24:30 - [MESSAGE][INFO] - Checking timeout

2021-10-15 17:24:30 - [MESSAGE][INFO] - Finding web element with id: 'Object Repository/Sayfalar/Giris_Sayfasi/PopupCarpiGiris' located by 'By.cssSelector: .bootbox-close-button.close' in '30' second(s)

2021-10-15 17:24:30 - [MESSAGE][INFO] - Smart Wait Function is triggered

2021-10-15 17:24:30 - [MESSAGE][INFO] - Found 1 web elements with id: 'Object Repository/Sayfalar/Giris_Sayfasi/PopupCarpiGiris' located by 'By.cssSelector: .bootbox-close-button.close' in '30' second(s)

2021-10-15 17:24:30 - [MESSAGE][INFO] - Clicking on object: 'Object Repository/Sayfalar/Giris_Sayfasi/PopupCarpiGiris'

2021-10-15 17:24:30 - [MESSAGE][PASSED] - Object: 'Object Repository/Sayfalar/Giris_Sayfasi/PopupCarpiGiris' is clicked on

2021-10-15 17:24:30 - [TEST_STEP][PASSED] - verifyElementVisible(findTestObject("Object Repository/Kullanici_Islemleri/KullaniciIslemleri")): Object 'Object Repository/Kullanici_Islemleri/KullaniciIslemleri' is visible

2021-10-15 17:24:30 - [MESSAGE][INFO] - Finding Test Object 'Object Repository/Kullanici_Islemleri/KullaniciIslemleri'

2021-10-15 17:24:30 - [MESSAGE][INFO] - Checking object

2021-10-15 17:24:30 - [MESSAGE][INFO] - Finding web element from Test Object's properties

2021-10-15 17:24:30 - [MESSAGE][INFO] - Checking timeout

2021-10-15 17:24:30 - [MESSAGE][INFO] - Finding web element with id: 'Object Repository/Kullanici_Islemleri/KullaniciIslemleri' located by 'By.cssSelector: .dropdown>a>img' in '30' second(s)

2021-10-15 17:24:30 - [MESSAGE][INFO] - Smart Wait Function is triggered

2021-10-15 17:24:31 - [MESSAGE][INFO] - Found 1 web elements with id: 'Object Repository/Kullanici_Islemleri/KullaniciIslemleri' located by 'By.cssSelector: .dropdown>a>img' in '30' second(s)

2021-10-15 17:24:31 - [MESSAGE][PASSED] - Object 'Object Repository/Kullanici_Islemleri/KullaniciIslemleri' is visible

2021-10-15 17:24:31 - [MESSAGE][PASSED] - Call Test Case 'Test Cases/Sayfalar/Giris_Sayfasi/Login' successfully

2021-10-15 17:24:31 - [MESSAGE][INFO] - Checking called Test Case

2021-10-15 17:24:31 - [MESSAGE][INFO] - Starting to call Test Case 'Test Cases/Menu/AnaMenuSecimi'

2021-10-15 17:24:31 - [TEST_CASE][PASSED] - Test Cases/Menu/AnaMenuSecimi: Test Cases/Menu/AnaMenuSecimi

2021-10-15 17:24:31 - [TEST_STEP][PASSED] - Method.TextDegerineEsitElementeTikla(findTestObject("Menu/Ana_Menu"), Ana_Menu): Method.TextDegerineEsitElementeTikla is PASSED

2021-10-15 17:24:31 - [MESSAGE][INFO] - Finding Test Object 'Object Repository/Menu/Ana_Menu'

2021-10-15 17:24:31 - [MESSAGE][INFO] - Checking timeout

2021-10-15 17:24:31 - [MESSAGE][INFO] - Finding web element with id: 'Object Repository/Menu/Ana_Menu' located by 'By.xpath: //*[@class = 'dropdown-toggle']' in '10' second(s)

2021-10-15 17:24:31 - [MESSAGE][INFO] - Smart Wait Function is triggered

2021-10-15 17:24:32 - [MESSAGE][INFO] - Found 14 web elements with id: 'Object Repository/Menu/Ana_Menu' located by 'By.xpath: //*[@class = 'dropdown-toggle']' in '10' second(s)

2021-10-15 17:24:32 - [MESSAGE][PASSED] - Method.TextDegerineEsitElementeTikla is PASSED

2021-10-15 17:24:32 - [MESSAGE][PASSED] - Call Test Case 'Test Cases/Menu/AnaMenuSecimi' successfully

2021-10-15 17:24:32 - [MESSAGE][INFO] - Checking called Test Case

2021-10-15 17:24:32 - [MESSAGE][INFO] - Starting to call Test Case 'Test Cases/Menu/AltMenuSecimi'

2021-10-15 17:24:32 - [TEST_CASE][PASSED] - Test Cases/Menu/AltMenuSecimi: Test Cases/Menu/AltMenuSecimi

2021-10-15 17:24:32 - [TEST_STEP][PASSED] - Method.TextDegerineEsitElementeTikla(findTestObject("Menu/Alt_Menu"), Alt_Menu): Method.TextDegerineEsitElementeTikla is PASSED

2021-10-15 17:24:32 - [MESSAGE][INFO] - Finding Test Object 'Object Repository/Menu/Alt_Menu'

2021-10-15 17:24:32 - [MESSAGE][INFO] - Checking timeout

2021-10-15 17:24:32 - [MESSAGE][INFO] - Finding web element with id: 'Object Repository/Menu/Alt_Menu' located by 'By.xpath: //li[@class='dropdown dropdown-large open']//li[@class='dropdown-element']' in '10' second(s)

2021-10-15 17:24:32 - [MESSAGE][INFO] - Smart Wait Function is triggered

2021-10-15 17:24:32 - [MESSAGE][INFO] - Found 2 web elements with id: 'Object Repository/Menu/Alt_Menu' located by 'By.xpath: //li[@class='dropdown dropdown-large open']//li[@class='dropdown-element']' in '10' second(s)

2021-10-15 17:24:34 - [MESSAGE][PASSED] - Method.TextDegerineEsitElementeTikla is PASSED

2021-10-15 17:24:34 - [MESSAGE][PASSED] - Call Test Case 'Test Cases/Menu/AltMenuSecimi' successfully

2021-10-15 17:24:34 - [MESSAGE][INFO] - Checking called Test Case

2021-10-15 17:24:34 - [MESSAGE][INFO] - Starting to call Test Case 'Test Cases/Filtreler/BaslangicYaz'

2021-10-15 17:24:34 - [TEST_CASE][PASSED] - Test Cases/Filtreler/BaslangicYaz: Test Cases/Filtreler/BaslangicYaz

2021-10-15 17:24:34 - [TEST_STEP][PASSED] - Method.TextDegerineEsitElementinAltindakineTikla(findTestObject("Filtreler/Basliklar"), findTestObject("Filtreler/Basliga_Gore_Baslangic_Image"), Filtre_Adi): Method.TextDegerineEsitElementinAltindakineTikla is PASSED

2021-10-15 17:24:34 - [MESSAGE][INFO] - Finding Test Object 'Object Repository/Filtreler/Basliklar'

2021-10-15 17:24:34 - [MESSAGE][INFO] - Finding Test Object 'Object Repository/Filtreler/Basliga_Gore_Baslangic_Image'

2021-10-15 17:24:34 - [MESSAGE][INFO] - Checking timeout

2021-10-15 17:24:34 - [MESSAGE][INFO] - Finding web element with id: 'Object Repository/Filtreler/Basliklar' located by 'By.cssSelector: .control-label.col-sm-4.paddingMarginRLC' in '10' second(s)

2021-10-15 17:24:34 - [MESSAGE][INFO] - Smart Wait Function is triggered

2021-10-15 17:24:34 - [MESSAGE][INFO] - Found 8 web elements with id: 'Object Repository/Filtreler/Basliklar' located by 'By.cssSelector: .control-label.col-sm-4.paddingMarginRLC' in '10' second(s)

2021-10-15 17:24:34 - [MESSAGE][INFO] - Smart Wait Function is triggered

2021-10-15 17:24:35 - [MESSAGE][PASSED] - Method.TextDegerineEsitElementinAltindakineTikla is PASSED

2021-10-15 17:24:35 - [TEST_STEP][PASSED] - Method.TextDegerineEsitElementinAltindakiTextboxtaYaz(findTestObject("Filtreler/Basliklar"), findTestObject("Filtreler/Basliga_Gore_Baslangic"), Filtre_Adi, Filtre_Degeri): Method.TextDegerineEsitElementinAltindakiTextboxtaYaz is PASSED

2021-10-15 17:24:35 - [MESSAGE][INFO] - Finding Test Object 'Object Repository/Filtreler/Basliklar'

2021-10-15 17:24:35 - [MESSAGE][INFO] - Finding Test Object 'Object Repository/Filtreler/Basliga_Gore_Baslangic'

2021-10-15 17:24:35 - [MESSAGE][INFO] - Checking timeout

2021-10-15 17:24:35 - [MESSAGE][INFO] - Finding web element with id: 'Object Repository/Filtreler/Basliklar' located by 'By.cssSelector: .control-label.col-sm-4.paddingMarginRLC' in '10' second(s)

2021-10-15 17:24:35 - [MESSAGE][INFO] - Smart Wait Function is triggered

2021-10-15 17:24:36 - [MESSAGE][INFO] - Found 8 web elements with id: 'Object Repository/Filtreler/Basliklar' located by 'By.cssSelector: .control-label.col-sm-4.paddingMarginRLC' in '10' second(s)

2021-10-15 17:24:36 - [MESSAGE][INFO] - Smart Wait Function is triggered

2021-10-15 17:24:36 - [MESSAGE][PASSED] - Method.TextDegerineEsitElementinAltindakiTextboxtaYaz is PASSED

2021-10-15 17:24:36 - [MESSAGE][PASSED] - Call Test Case 'Test Cases/Filtreler/BaslangicYaz' successfully

2021-10-15 17:24:36 - [MESSAGE][INFO] - Checking called Test Case

2021-10-15 17:24:36 - [MESSAGE][INFO] - Starting to call Test Case 'Test Cases/Filtreler/BitisYaz'

2021-10-15 17:24:36 - [TEST_CASE][PASSED] - Test Cases/Filtreler/BitisYaz: Test Cases/Filtreler/BitisYaz

2021-10-15 17:24:36 - [TEST_STEP][PASSED] - Method.TextDegerineEsitElementinAltindakineTikla(findTestObject("Filtreler/Basliklar"), findTestObject("Filtreler/Basliga_Gore_Bitis_Image"), Filtre_Adi): Method.TextDegerineEsitElementinAltindakineTikla is PASSED

2021-10-15 17:24:36 - [MESSAGE][INFO] - Finding Test Object 'Object Repository/Filtreler/Basliklar'

2021-10-15 17:24:36 - [MESSAGE][INFO] - Finding Test Object 'Object Repository/Filtreler/Basliga_Gore_Bitis_Image'

2021-10-15 17:24:36 - [MESSAGE][INFO] - Checking timeout

2021-10-15 17:24:36 - [MESSAGE][INFO] - Finding web element with id: 'Object Repository/Filtreler/Basliklar' located by 'By.cssSelector: .control-label.col-sm-4.paddingMarginRLC' in '10' second(s)

2021-10-15 17:24:36 - [MESSAGE][INFO] - Smart Wait Function is triggered

2021-10-15 17:24:37 - [MESSAGE][INFO] - Found 8 web elements with id: 'Object Repository/Filtreler/Basliklar' located by 'By.cssSelector: .control-label.col-sm-4.paddingMarginRLC' in '10' second(s)

2021-10-15 17:24:37 - [MESSAGE][INFO] - Smart Wait Function is triggered

2021-10-15 17:24:37 - [MESSAGE][PASSED] - Method.TextDegerineEsitElementinAltindakineTikla is PASSED

2021-10-15 17:24:37 - [TEST_STEP][PASSED] - Method.TextDegerineEsitElementinAltindakiTextboxtaYaz(findTestObject("Filtreler/Basliklar"), findTestObject("Object Repository/Filtreler/Basliga_Gore_Bitis"), Filtre_Adi, Filtre_Degeri): Method.TextDegerineEsitElementinAltindakiTextboxtaYaz is PASSED

2021-10-15 17:24:37 - [MESSAGE][INFO] - Finding Test Object 'Object Repository/Filtreler/Basliklar'

2021-10-15 17:24:37 - [MESSAGE][INFO] - Finding Test Object 'Object Repository/Filtreler/Basliga_Gore_Bitis'

2021-10-15 17:24:37 - [MESSAGE][INFO] - Checking timeout

2021-10-15 17:24:37 - [MESSAGE][INFO] - Finding web element with id: 'Object Repository/Filtreler/Basliklar' located by 'By.cssSelector: .control-label.col-sm-4.paddingMarginRLC' in '10' second(s)

2021-10-15 17:24:37 - [MESSAGE][INFO] - Smart Wait Function is triggered

2021-10-15 17:24:38 - [MESSAGE][INFO] - Found 8 web elements with id: 'Object Repository/Filtreler/Basliklar' located by 'By.cssSelector: .control-label.col-sm-4.paddingMarginRLC' in '10' second(s)

2021-10-15 17:24:38 - [MESSAGE][INFO] - Smart Wait Function is triggered

2021-10-15 17:24:38 - [MESSAGE][PASSED] - Method.TextDegerineEsitElementinAltindakiTextboxtaYaz is PASSED

2021-10-15 17:24:38 - [MESSAGE][PASSED] - Call Test Case 'Test Cases/Filtreler/BitisYaz' successfully

2021-10-15 17:24:38 - [MESSAGE][INFO] - Checking called Test Case

2021-10-15 17:24:38 - [MESSAGE][INFO] - Starting to call Test Case 'Test Cases/Filtreler/ButonaTikla'

2021-10-15 17:24:38 - [TEST_CASE][PASSED] - Test Cases/Filtreler/ButonaTikla: Test Cases/Filtreler/ButonaTikla

2021-10-15 17:24:38 - [TEST_STEP][PASSED] - Method.TextDegerineEsitElementeTikla(findTestObject("Filtreler/Butonlar"), Filtre_Buton): Method.TextDegerineEsitElementeTikla is PASSED

2021-10-15 17:24:38 - [MESSAGE][INFO] - Finding Test Object 'Object Repository/Filtreler/Butonlar'

2021-10-15 17:24:38 - [MESSAGE][INFO] - Checking timeout

2021-10-15 17:24:38 - [MESSAGE][INFO] - Finding web element with id: 'Object Repository/Filtreler/Butonlar' located by 'By.cssSelector: .dxb>span' in '10' second(s)

2021-10-15 17:24:38 - [MESSAGE][INFO] - Smart Wait Function is triggered

2021-10-15 17:24:39 - [MESSAGE][INFO] - Found 3 web elements with id: 'Object Repository/Filtreler/Butonlar' located by 'By.cssSelector: .dxb>span' in '10' second(s)

2021-10-15 17:24:39 - [MESSAGE][PASSED] - Method.TextDegerineEsitElementeTikla is PASSED

2021-10-15 17:24:39 - [MESSAGE][PASSED] - Call Test Case 'Test Cases/Filtreler/ButonaTikla' successfully

2021-10-15 17:24:39 - [MESSAGE][INFO] - Checking called Test Case

2021-10-15 17:24:39 - [MESSAGE][INFO] - Starting to call Test Case 'Test Cases/Tablo/TablodaVeriVarMi'

2021-10-15 17:24:39 - [TEST_CASE][PASSED] - Test Cases/Tablo/TablodaVeriVarMi: Test Cases/Tablo/TablodaVeriVarMi

2021-10-15 17:24:39 - [TEST_STEP][PASSED] - verifyTextNotPresent("Görüntülenecek veri yok", true): Text 'Görüntülenecek veri yok' is not present on page using regular expression

2021-10-15 17:24:39 - [MESSAGE][INFO] - Checking text present  using regular expression

2021-10-15 17:24:39 - [MESSAGE][INFO] - Smart Wait Function is triggered

2021-10-15 17:24:40 - [MESSAGE][INFO] - Finding text 'Görüntülenecek veri yok' on page  using regular expression

2021-10-15 17:24:40 - [MESSAGE][PASSED] - Text 'Görüntülenecek veri yok' is not present on page using regular expression

2021-10-15 17:24:40 - [MESSAGE][PASSED] - Call Test Case 'Test Cases/Tablo/TablodaVeriVarMi' successfully

2021-10-15 17:24:40 - [MESSAGE][INFO] - Checking called Test Case

2021-10-15 17:24:40 - [MESSAGE][INFO] - Starting to call Test Case 'Test Cases/Tablo/TablodanVeriSec'

2021-10-15 17:24:40 - [TEST_CASE][PASSED] - Test Cases/Tablo/TablodanVeriSec: Test Cases/Tablo/TablodanVeriSec

2021-10-15 17:24:40 - [TEST_STEP][PASSED] - Method.TextDegerineEsitElementinAltindakineTikla(findTestObject("Tablo/Veriler"), findTestObject("Tablo/VerininCheckBoxi"), Veri_Adi): Method.TextDegerineEsitElementinAltindakineTikla is PASSED

2021-10-15 17:24:40 - [MESSAGE][INFO] - Finding Test Object 'Object Repository/Tablo/Veriler'

2021-10-15 17:24:40 - [MESSAGE][INFO] - Finding Test Object 'Object Repository/Tablo/VerininCheckBoxi'

2021-10-15 17:24:40 - [MESSAGE][INFO] - Checking timeout

2021-10-15 17:24:40 - [MESSAGE][INFO] - Finding web element with id: 'Object Repository/Tablo/Veriler' located by 'By.cssSelector: td.dxgv b ,td.dxgv' in '10' second(s)

2021-10-15 17:24:40 - [MESSAGE][INFO] - Smart Wait Function is triggered

2021-10-15 17:24:40 - [MESSAGE][INFO] - Found 110 web elements with id: 'Object Repository/Tablo/Veriler' located by 'By.cssSelector: td.dxgv b ,td.dxgv' in '10' second(s)

2021-10-15 17:24:41 - [MESSAGE][INFO] - Smart Wait Function is triggered

2021-10-15 17:24:41 - [MESSAGE][PASSED] - Method.TextDegerineEsitElementinAltindakineTikla is PASSED

2021-10-15 17:24:41 - [MESSAGE][PASSED] - Call Test Case 'Test Cases/Tablo/TablodanVeriSec' successfully

2021-10-15 17:24:41 - [MESSAGE][INFO] - Checking called Test Case

2021-10-15 17:24:41 - [MESSAGE][INFO] - Starting to call Test Case 'Test Cases/Butonlar/ButonaTikla'

2021-10-15 17:24:41 - [TEST_CASE][PASSED] - Test Cases/Butonlar/ButonaTikla: Test Cases/Butonlar/ButonaTikla

2021-10-15 17:24:41 - [TEST_STEP][PASSED] - Method.TextDegerineEsitElementeTiklaEquals(findTestObject("Butonlar/Butonlar"), Buton_Adi): Method.TextDegerineEsitElementeTiklaEquals is PASSED

2021-10-15 17:24:41 - [MESSAGE][INFO] - Finding Test Object 'Object Repository/Butonlar/Butonlar'

2021-10-15 17:24:41 - [MESSAGE][INFO] - Checking timeout

2021-10-15 17:24:41 - [MESSAGE][INFO] - Finding web element with id: 'Object Repository/Butonlar/Butonlar' located by 'By.cssSelector: .panel.panel-default.text-center.footerPanel .btn,.btn.btn-primary.btnControls' in '10' second(s)

2021-10-15 17:24:41 - [MESSAGE][INFO] - Smart Wait Function is triggered

2021-10-15 17:24:42 - [MESSAGE][INFO] - Found 5 web elements with id: 'Object Repository/Butonlar/Butonlar' located by 'By.cssSelector: .panel.panel-default.text-center.footerPanel .btn,.btn.btn-primary.btnControls' in '10' second(s)

2021-10-15 17:24:42 - [MESSAGE][PASSED] - Method.TextDegerineEsitElementeTiklaEquals is PASSED

2021-10-15 17:24:42 - [MESSAGE][PASSED] - Call Test Case 'Test Cases/Butonlar/ButonaTikla' successfully

2021-10-15 17:24:42 - [MESSAGE][INFO] - Checking called Test Case

2021-10-15 17:24:42 - [MESSAGE][INFO] - Starting to call Test Case 'Test Cases/Sekmeler/YeniSekmeyeGec'

2021-10-15 17:24:42 - [TEST_CASE][PASSED] - Test Cases/Sekmeler/YeniSekmeyeGec: Test Cases/Sekmeler/YeniSekmeyeGec

2021-10-15 17:24:42 - [TEST_STEP][PASSED] - switchToWindowIndex(1): Switched to window with index: '1'

2021-10-15 17:24:42 - [MESSAGE][INFO] - Checking index

2021-10-15 17:24:42 - [MESSAGE][INFO] - Switching window with index: '1'

2021-10-15 17:24:42 - [MESSAGE][PASSED] - Switched to window with index: '1'

2021-10-15 17:24:42 - [MESSAGE][PASSED] - Call Test Case 'Test Cases/Sekmeler/YeniSekmeyeGec' successfully

2021-10-15 17:24:42 - [MESSAGE][INFO] - Checking called Test Case

2021-10-15 17:24:42 - [MESSAGE][INFO] - Starting to call Test Case 'Test Cases/Sekmeler/TagGeldiMi'

2021-10-15 17:24:42 - [TEST_CASE][PASSED] - Test Cases/Sekmeler/TagGeldiMi: Test Cases/Sekmeler/TagGeldiMi

2021-10-15 17:24:43 - [TEST_STEP][PASSED] - waitForElementPresent(findTestObject("Object Repository/Sekmeler/UBLTag"), 10): Object 'Object Repository/Sekmeler/UBLTag' is present

2021-10-15 17:24:43 - [MESSAGE][INFO] - Finding Test Object 'Object Repository/Sekmeler/UBLTag'

2021-10-15 17:24:43 - [MESSAGE][INFO] - Checking object

2021-10-15 17:24:43 - [MESSAGE][INFO] - Finding web element from Test Object's properties

2021-10-15 17:24:43 - [MESSAGE][INFO] - Checking timeout

2021-10-15 17:24:43 - [MESSAGE][INFO] - Finding web element with id: 'Object Repository/Sekmeler/UBLTag' located by 'By.cssSelector: #webkit-xml-viewer-source-xml>:first-child' in '10' second(s)

2021-10-15 17:24:43 - [MESSAGE][INFO] - Smart Wait Function is triggered

2021-10-15 17:24:43 - [MESSAGE][INFO] - Found 1 web elements with id: 'Object Repository/Sekmeler/UBLTag' located by 'By.cssSelector: #webkit-xml-viewer-source-xml>:first-child' in '10' second(s)

2021-10-15 17:24:43 - [MESSAGE][PASSED] - Object 'Object Repository/Sekmeler/UBLTag' is present

2021-10-15 17:24:43 - [TEST_STEP][PASSED] - println(toLowerCase().toString()): Found 1 web elements with id: 'Object Repository/Sekmeler/UBLTag' located by 'By.cssSelector: #webkit-xml-viewer-source-xml>:first-child' in '10' second(s)

2021-10-15 17:24:43 - [MESSAGE][INFO] - Finding Test Object 'Object Repository/Sekmeler/UBLTag'

2021-10-15 17:24:43 - [MESSAGE][INFO] - Finding web element from Test Object's properties

2021-10-15 17:24:43 - [MESSAGE][INFO] - Checking timeout

2021-10-15 17:24:43 - [MESSAGE][INFO] - Finding web element with id: 'Object Repository/Sekmeler/UBLTag' located by 'By.cssSelector: #webkit-xml-viewer-source-xml>:first-child' in '10' second(s)

2021-10-15 17:24:43 - [MESSAGE][INFO] - Smart Wait Function is triggered

2021-10-15 17:24:43 - [MESSAGE][INFO] - Found 1 web elements with id: 'Object Repository/Sekmeler/UBLTag' located by 'By.cssSelector: #webkit-xml-viewer-source-xml>:first-child' in '10' second(s)

2021-10-15 17:24:43 - [TEST_STEP][PASSED] - if (!(toString().contains(toString().toLowerCase()))): Found 1 web elements with id: 'Object Repository/Sekmeler/UBLTag' located by 'By.cssSelector: #webkit-xml-viewer-source-xml>:first-child' in '10' second(s)

2021-10-15 17:24:43 - [MESSAGE][INFO] - Finding Test Object 'Object Repository/Sekmeler/UBLTag'

2021-10-15 17:24:43 - [MESSAGE][INFO] - Finding web element from Test Object's properties

2021-10-15 17:24:43 - [MESSAGE][INFO] - Checking timeout

2021-10-15 17:24:43 - [MESSAGE][INFO] - Finding web element with id: 'Object Repository/Sekmeler/UBLTag' located by 'By.cssSelector: #webkit-xml-viewer-source-xml>:first-child' in '10' second(s)

2021-10-15 17:24:43 - [MESSAGE][INFO] - Smart Wait Function is triggered

2021-10-15 17:24:43 - [MESSAGE][INFO] - Found 1 web elements with id: 'Object Repository/Sekmeler/UBLTag' located by 'By.cssSelector: #webkit-xml-viewer-source-xml>:first-child' in '10' second(s)

2021-10-15 17:24:43 - [MESSAGE][PASSED] - Call Test Case 'Test Cases/Sekmeler/TagGeldiMi' successfully

2021-10-15 17:24:43 - [MESSAGE][INFO] - Checking called Test Case

2021-10-15 17:24:43 - [MESSAGE][INFO] - Starting to call Test Case 'Test Cases/Sekmeler/Ana_Sekmeye_Gec'

2021-10-15 17:24:43 - [TEST_CASE][PASSED] - Test Cases/Sekmeler/Ana_Sekmeye_Gec: Test Cases/Sekmeler/Ana_Sekmeye_Gec

2021-10-15 17:24:43 - [TEST_STEP][PASSED] - try: Window with index 1 is closed

2021-10-15 17:24:43 - [TEST_STEP][PASSED] - index = getWindowIndex(): Current window's index is: 1

2021-10-15 17:24:43 - [MESSAGE][INFO] - Getting current window's index

2021-10-15 17:24:43 - [MESSAGE][PASSED] - Current window's index is: 1

2021-10-15 17:24:43 - [TEST_STEP][PASSED] - closeWindowIndex(index): Window with index 1 is closed

2021-10-15 17:24:43 - [MESSAGE][INFO] - Checking index

2021-10-15 17:24:43 - [MESSAGE][INFO] - Closing window with index 1

2021-10-15 17:24:43 - [MESSAGE][PASSED] - Window with index 1 is closed

2021-10-15 17:24:43 - [TEST_STEP][PASSED] - switchToWindowIndex(0): Switched to window with index: '0'

2021-10-15 17:24:43 - [MESSAGE][INFO] - Checking index

2021-10-15 17:24:43 - [MESSAGE][INFO] - Switching window with index: '0'

2021-10-15 17:24:43 - [MESSAGE][PASSED] - Switched to window with index: '0'

2021-10-15 17:24:43 - [MESSAGE][PASSED] - Call Test Case 'Test Cases/Sekmeler/Ana_Sekmeye_Gec' successfully

2021-10-15 17:24:43 - [MESSAGE][INFO] - Checking called Test Case

2021-10-15 17:24:43 - [MESSAGE][INFO] - Starting to call Test Case 'Test Cases/Kullanici_Islemleri/KullaniciIslemlerindenSecimYapilir'

2021-10-15 17:24:44 - [TEST_CASE][PASSED] - Test Cases/Kullanici_Islemleri/KullaniciIslemlerindenSecimYapilir: Test Cases/Kullanici_Islemleri/KullaniciIslemlerindenSecimYapilir

2021-10-15 17:24:44 - [TEST_STEP][PASSED] - waitForElementClickable(findTestObject("Object Repository/Kullanici_Islemleri/KullaniciIslemleri"), 10): Object 'Object Repository/Kullanici_Islemleri/KullaniciIslemleri' is clickable

2021-10-15 17:24:44 - [MESSAGE][INFO] - Finding Test Object 'Object Repository/Kullanici_Islemleri/KullaniciIslemleri'

2021-10-15 17:24:44 - [MESSAGE][INFO] - Checking object

2021-10-15 17:24:44 - [MESSAGE][INFO] - Checking timeout

2021-10-15 17:24:44 - [MESSAGE][INFO] - Finding web element from Test Object's properties

2021-10-15 17:24:44 - [MESSAGE][INFO] - Checking timeout

2021-10-15 17:24:44 - [MESSAGE][INFO] - Finding web element with id: 'Object Repository/Kullanici_Islemleri/KullaniciIslemleri' located by 'By.cssSelector: .dropdown>a>img' in '10' second(s)

2021-10-15 17:24:44 - [MESSAGE][INFO] - Smart Wait Function is triggered

2021-10-15 17:24:44 - [MESSAGE][INFO] - Found 1 web elements with id: 'Object Repository/Kullanici_Islemleri/KullaniciIslemleri' located by 'By.cssSelector: .dropdown>a>img' in '10' second(s)

2021-10-15 17:24:44 - [MESSAGE][PASSED] - Object 'Object Repository/Kullanici_Islemleri/KullaniciIslemleri' is clickable

2021-10-15 17:24:44 - [TEST_STEP][PASSED] - click(findTestObject("Object Repository/Kullanici_Islemleri/KullaniciIslemleri")): Object: 'Object Repository/Kullanici_Islemleri/KullaniciIslemleri' is clicked on

2021-10-15 17:24:44 - [MESSAGE][INFO] - Finding Test Object 'Object Repository/Kullanici_Islemleri/KullaniciIslemleri'

2021-10-15 17:24:44 - [MESSAGE][INFO] - Checking object

2021-10-15 17:24:44 - [MESSAGE][INFO] - Finding web element from Test Object's properties

2021-10-15 17:24:44 - [MESSAGE][INFO] - Checking timeout

2021-10-15 17:24:44 - [MESSAGE][INFO] - Finding web element with id: 'Object Repository/Kullanici_Islemleri/KullaniciIslemleri' located by 'By.cssSelector: .dropdown>a>img' in '30' second(s)

2021-10-15 17:24:44 - [MESSAGE][INFO] - Smart Wait Function is triggered

2021-10-15 17:24:44 - [MESSAGE][INFO] - Found 1 web elements with id: 'Object Repository/Kullanici_Islemleri/KullaniciIslemleri' located by 'By.cssSelector: .dropdown>a>img' in '30' second(s)

2021-10-15 17:24:44 - [MESSAGE][INFO] - Clicking on object: 'Object Repository/Kullanici_Islemleri/KullaniciIslemleri'

2021-10-15 17:24:44 - [MESSAGE][PASSED] - Object: 'Object Repository/Kullanici_Islemleri/KullaniciIslemleri' is clicked on

2021-10-15 17:24:44 - [TEST_STEP][PASSED] - Method.TextDegerineEsitElementeTikla(findTestObject("Object Repository/Kullanici_Islemleri/Secenekler"), Islem): Method.TextDegerineEsitElementeTikla is PASSED

2021-10-15 17:24:44 - [MESSAGE][INFO] - Finding Test Object 'Object Repository/Kullanici_Islemleri/Secenekler'

2021-10-15 17:24:44 - [MESSAGE][INFO] - Checking timeout

2021-10-15 17:24:44 - [MESSAGE][INFO] - Finding web element with id: 'Object Repository/Kullanici_Islemleri/Secenekler' located by 'By.cssSelector: .nav.navbar-nav.navbar-right li a' in '10' second(s)

2021-10-15 17:24:44 - [MESSAGE][INFO] - Smart Wait Function is triggered

2021-10-15 17:24:45 - [MESSAGE][INFO] - Found 22 web elements with id: 'Object Repository/Kullanici_Islemleri/Secenekler' located by 'By.cssSelector: .nav.navbar-nav.navbar-right li a' in '10' second(s)

2021-10-15 17:24:46 - [MESSAGE][PASSED] - Method.TextDegerineEsitElementeTikla is PASSED

2021-10-15 17:24:46 - [TEST_STEP][PASSED] - verifyElementNotPresent(findTestObject("Object Repository/Kullanici_Islemleri/Secenekler"), 10): Web element with id: 'Object Repository/Kullanici_Islemleri/Secenekler' located by 'By.cssSelector: .nav.navbar-nav.navbar-right li a' is not present after '10' second(s)

2021-10-15 17:24:46 - [MESSAGE][INFO] - Finding Test Object 'Object Repository/Kullanici_Islemleri/Secenekler'

2021-10-15 17:24:46 - [MESSAGE][INFO] - Checking object

2021-10-15 17:24:46 - [MESSAGE][INFO] - Checking timeout

2021-10-15 17:24:46 - [MESSAGE][INFO] - Finding web element with id: 'Object Repository/Kullanici_Islemleri/Secenekler' located by 'By.cssSelector: .nav.navbar-nav.navbar-right li a' in '10' second(s)

2021-10-15 17:24:46 - [MESSAGE][INFO] - Smart Wait Function is triggered

2021-10-15 17:24:47 - [MESSAGE][PASSED] - Web element with id: 'Object Repository/Kullanici_Islemleri/Secenekler' located by 'By.cssSelector: .nav.navbar-nav.navbar-right li a' is not present after '10' second(s)

2021-10-15 17:24:47 - [MESSAGE][PASSED] - Call Test Case 'Test Cases/Kullanici_Islemleri/KullaniciIslemlerindenSecimYapilir' successfully

2021-10-15 17:24:47 - [TEST_CASE][PASSED] - Start Test Case : SCENARIO Gelen Zarf GIB: SCENARIO Gelen Zarf GIB

2021-10-15 17:24:47 - [TEST_STEP][PASSED] - Kullanıcı adı ELOGO6 ve Şifre 123456 olarak giriş yapılır: Kullanıcı adı ELOGO6 ve Şifre 123456 olarak giriş yapılır

2021-10-15 17:24:47 - [MESSAGE][PASSED] - Kullanıcı adı ELOGO6 ve Şifre 123456 olarak giriş yapılır

2021-10-15 17:24:47 - [TEST_STEP][PASSED] - Ana menüden Zarflar seçilir: Ana menüden Zarflar seçilir

2021-10-15 17:24:47 - [MESSAGE][PASSED] - Ana menüden Zarflar seçilir

2021-10-15 17:24:47 - [TEST_STEP][PASSED] - Alt menüden Gelen Zarflar seçilir: Alt menüden Gelen Zarflar seçilir

2021-10-15 17:24:47 - [MESSAGE][PASSED] - Alt menüden Gelen Zarflar seçilir

2021-10-15 17:24:47 - [TEST_STEP][PASSED] - Filtrelerden Oluşturma Tarihi filtresine 01.12.2020 baslangic degerini yaz: Filtrelerden Oluşturma Tarihi filtresine 01.12.2020 baslangic degerini yaz

2021-10-15 17:24:47 - [MESSAGE][PASSED] - Filtrelerden Oluşturma Tarihi filtresine 01.12.2020 baslangic degerini yaz

2021-10-15 17:24:47 - [TEST_STEP][PASSED] - Filtrelerden Oluşturma Tarihi filtresine 31.12.2020 bitis degerini yaz: Filtrelerden Oluşturma Tarihi filtresine 31.12.2020 bitis degerini yaz

2021-10-15 17:24:47 - [MESSAGE][PASSED] - Filtrelerden Oluşturma Tarihi filtresine 31.12.2020 bitis degerini yaz

2021-10-15 17:24:47 - [TEST_STEP][PASSED] - Filtre butonlarından Listele seçilir: Filtre butonlarından Listele seçilir

2021-10-15 17:24:47 - [MESSAGE][PASSED] - Filtre butonlarından Listele seçilir

2021-10-15 17:24:47 - [TEST_STEP][PASSED] - Tabloda veri var mı kontrol edilir: Tabloda veri var mı kontrol edilir

2021-10-15 17:24:47 - [MESSAGE][PASSED] - Tabloda veri var mı kontrol edilir

2021-10-15 17:24:47 - [TEST_STEP][PASSED] - Tablodan E LOGO 6 isimli veri seçilir: Tablodan E LOGO 6 isimli veri seçilir

2021-10-15 17:24:47 - [MESSAGE][PASSED] - Tablodan E LOGO 6 isimli veri seçilir

2021-10-15 17:24:47 - [TEST_STEP][PASSED] - Butonlardan UBL isimli butona tıklanır: Butonlardan UBL isimli butona tıklanır

2021-10-15 17:24:47 - [MESSAGE][PASSED] - Butonlardan UBL isimli butona tıklanır

2021-10-15 17:24:47 - [TEST_STEP][PASSED] - Yeni açılan sekmeye geçilir: Yeni açılan sekmeye geçilir

2021-10-15 17:24:47 - [MESSAGE][PASSED] - Yeni açılan sekmeye geçilir

2021-10-15 17:24:47 - [TEST_STEP][PASSED] - sh:StandardBusinessDocument tagli ubl geldi mi: sh:StandardBusinessDocument tagli ubl geldi mi

2021-10-15 17:24:47 - [MESSAGE][PASSED] - sh:StandardBusinessDocument tagli ubl geldi mi

2021-10-15 17:24:47 - [TEST_STEP][PASSED] - Ana sekmeye geçilir: Ana sekmeye geçilir

2021-10-15 17:24:47 - [MESSAGE][PASSED] - Ana sekmeye geçilir

2021-10-15 17:24:47 - [TEST_STEP][PASSED] - Kullanıcı işlemlerinden Çıkış seçilir: Kullanıcı işlemlerinden Çıkış seçilir

2021-10-15 17:24:47 - [MESSAGE][PASSED] - Kullanıcı işlemlerinden Çıkış seçilir

2021-10-15 17:24:47 - [MESSAGE][PASSED] - Feature file: 'Include/features/Zarflar/Gelen Zarflar/UBL-Goster.feature' was passed

2021-10-15 17:24:47 - [TEST_STEP][PASSED] - Start listener action : sampleAfterTestSuite: Invoke 'com.kms.katalon.core.annotation.AfterTestCase' method: 'Listener.sampleAfterTestSuite(...)' completed.

2021-10-15 17:24:47 - [MESSAGE][INFO] - Starting invoke 'com.kms.katalon.core.annotation.AfterTestCase' method: 'Listener.sampleAfterTestSuite(...)'

2021-10-15 17:24:47 - [TEST_STEP][PASSED] - closeBrowser(): Invoke 'com.kms.katalon.core.annotation.AfterTestCase' method: 'Listener.sampleAfterTestSuite(...)' completed.

2021-10-15 17:24:47 - [MESSAGE][INFO] - Closing browser

2021-10-15 17:24:47 - [MESSAGE][PASSED] - Browser is closed

2021-10-15 17:24:47 - [MESSAGE][INFO] - Invoke 'com.kms.katalon.core.annotation.AfterTestCase' method: 'Listener.sampleAfterTestSuite(...)' completed.]]></system-out>
         <system-err><![CDATA[]]></system-err>
      </testcase>
      <testcase name="Test Cases/Case Repository/Zarflar/Giden Zarflar/Ekran Kontrolu" time="42.701" classname="Test Cases/Case Repository/Zarflar/Giden Zarflar/Ekran Kontrolu" status="PASSED">
         <system-out><![CDATA[2021-10-15 17:24:47 - [TEST_CASE][PASSED] - Test Cases/Case Repository/Zarflar/Giden Zarflar/Ekran Kontrolu: Test Cases/Case Repository/Zarflar/Giden Zarflar/Ekran Kontrolu

2021-10-15 17:24:47 - [TEST_STEP][PASSED] - Start listener action : sampleBeforeTestSuite: Invoke 'com.kms.katalon.core.annotation.BeforeTestCase' method: 'Listener.sampleBeforeTestSuite(...)' completed.

2021-10-15 17:24:47 - [MESSAGE][INFO] - Starting invoke 'com.kms.katalon.core.annotation.BeforeTestCase' method: 'Listener.sampleBeforeTestSuite(...)'

2021-10-15 17:24:47 - [TEST_STEP][PASSED] - openBrowser(baseUrl): Browser is opened with url: 'https://efatura-stage.elogo.com.tr/'

2021-10-15 17:24:47 - [MESSAGE][INFO] - Opening browser

2021-10-15 17:24:47 - [MESSAGE][INFO] - Starting 'Chrome' driver

2021-10-15 17:24:47 - [MESSAGE][INFO] - User set preference: ['prefs', '{download.default_directory=C:\otomasyondownfiles}']

2021-10-15 17:24:47 - [MESSAGE][INFO] - Action delay is set to 0 milliseconds

2021-10-15 17:24:49 - [MESSAGE][INFO] - Navigating browser to: 'https://efatura-stage.elogo.com.tr/'

2021-10-15 17:24:51 - [MESSAGE][PASSED] - Browser is opened with url: 'https://efatura-stage.elogo.com.tr/'

2021-10-15 17:24:51 - [TEST_STEP][PASSED] - maximizeWindow(): Invoke 'com.kms.katalon.core.annotation.BeforeTestCase' method: 'Listener.sampleBeforeTestSuite(...)' completed.

2021-10-15 17:24:51 - [MESSAGE][INFO] - Maximizing current window

2021-10-15 17:24:51 - [MESSAGE][PASSED] - Current window maximized

2021-10-15 17:24:51 - [MESSAGE][INFO] - Invoke 'com.kms.katalon.core.annotation.BeforeTestCase' method: 'Listener.sampleBeforeTestSuite(...)' completed.

2021-10-15 17:24:52 - [TEST_STEP][PASSED] - runFeatureFile("Include/features/Zarflar/Giden Zarflar/Ekran Kontrolu.feature"): Feature file: 'Include/features/Zarflar/Giden Zarflar/Ekran Kontrolu.feature' was passed

2021-10-15 17:24:52 - [MESSAGE][INFO] - Starting run keyword runFeatureFile: 'Include/features/Zarflar/Giden Zarflar/Ekran Kontrolu.feature' and extract report to folder: 'C:\Users\DELL\Downloads\EES_Katalon-main\Reports\20211015_165642\Suite Repository\Zarflar\20211015_165727/cucumber_report/1634307892404'...

2021-10-15 17:24:52 - [MESSAGE][INFO] - Glue: []

2021-10-15 17:24:53 - [MESSAGE][INFO] - Checking called Test Case

2021-10-15 17:24:53 - [MESSAGE][INFO] - Starting to call Test Case 'Test Cases/Sayfalar/Giris_Sayfasi/Login'

2021-10-15 17:24:53 - [TEST_CASE][PASSED] - Test Cases/Sayfalar/Giris_Sayfasi/Login: Test Cases/Sayfalar/Giris_Sayfasi/Login

2021-10-15 17:24:53 - [TEST_STEP][PASSED] - Sayfa_Basligi = getWindowTitle(): Current window's title is: 'LOGO e-Fatura'

2021-10-15 17:24:53 - [MESSAGE][INFO] - Getting current window's title

2021-10-15 17:24:53 - [MESSAGE][PASSED] - Current window's title is: 'LOGO e-Fatura'

2021-10-15 17:24:53 - [TEST_STEP][PASSED] - verifyMatch(Sayfa_Basligi, "LOGO e-Fatura", false): Actual text 'LOGO e-Fatura' and expected text 'LOGO e-Fatura' are matched 

2021-10-15 17:24:53 - [MESSAGE][INFO] - Matching actual text 'LOGO e-Fatura' with expected text 'LOGO e-Fatura'

2021-10-15 17:24:53 - [MESSAGE][PASSED] - Actual text 'LOGO e-Fatura' and expected text 'LOGO e-Fatura' are matched 

2021-10-15 17:24:53 - [TEST_STEP][PASSED] - sendKeys(findTestObject("Sayfalar/Giris_Sayfasi/Firma_Kodu"), KullaniciAdi): Keys 'ELOGO6' sent to object: 'Object Repository/Sayfalar/Giris_Sayfasi/Firma_Kodu'

2021-10-15 17:24:53 - [MESSAGE][INFO] - Finding Test Object 'Object Repository/Sayfalar/Giris_Sayfasi/Firma_Kodu'

2021-10-15 17:24:53 - [MESSAGE][INFO] - Sending keys 'ELOGO6' to object: 'Object Repository/Sayfalar/Giris_Sayfasi/Firma_Kodu'

2021-10-15 17:24:53 - [MESSAGE][INFO] - Finding web element from Test Object's properties

2021-10-15 17:24:53 - [MESSAGE][INFO] - Checking timeout

2021-10-15 17:24:53 - [MESSAGE][INFO] - Finding web element with id: 'Object Repository/Sayfalar/Giris_Sayfasi/Firma_Kodu' located by 'By.xpath: //*[@id = 'AccountName']' in '30' second(s)

2021-10-15 17:24:53 - [MESSAGE][INFO] - Smart Wait Function is triggered

2021-10-15 17:24:53 - [MESSAGE][INFO] - Found 1 web elements with id: 'Object Repository/Sayfalar/Giris_Sayfasi/Firma_Kodu' located by 'By.xpath: //*[@id = 'AccountName']' in '30' second(s)

2021-10-15 17:24:53 - [MESSAGE][PASSED] - Keys 'ELOGO6' sent to object: 'Object Repository/Sayfalar/Giris_Sayfasi/Firma_Kodu'

2021-10-15 17:24:53 - [TEST_STEP][PASSED] - sendKeys(findTestObject("Sayfalar/Giris_Sayfasi/Sifre"), Sifre): Keys '123456' sent to object: 'Object Repository/Sayfalar/Giris_Sayfasi/Sifre'

2021-10-15 17:24:53 - [MESSAGE][INFO] - Finding Test Object 'Object Repository/Sayfalar/Giris_Sayfasi/Sifre'

2021-10-15 17:24:54 - [MESSAGE][INFO] - Sending keys '123456' to object: 'Object Repository/Sayfalar/Giris_Sayfasi/Sifre'

2021-10-15 17:24:54 - [MESSAGE][INFO] - Finding web element from Test Object's properties

2021-10-15 17:24:54 - [MESSAGE][INFO] - Checking timeout

2021-10-15 17:24:54 - [MESSAGE][INFO] - Finding web element with id: 'Object Repository/Sayfalar/Giris_Sayfasi/Sifre' located by 'By.xpath: //*[@id = 'Password']' in '30' second(s)

2021-10-15 17:24:54 - [MESSAGE][INFO] - Smart Wait Function is triggered

2021-10-15 17:24:54 - [MESSAGE][INFO] - Found 1 web elements with id: 'Object Repository/Sayfalar/Giris_Sayfasi/Sifre' located by 'By.xpath: //*[@id = 'Password']' in '30' second(s)

2021-10-15 17:24:54 - [MESSAGE][PASSED] - Keys '123456' sent to object: 'Object Repository/Sayfalar/Giris_Sayfasi/Sifre'

2021-10-15 17:24:54 - [TEST_STEP][PASSED] - findWebElement(findTestObject("Sayfalar/Giris_Sayfasi/Giris_Butonu")).click(): Found 1 web elements with id: 'Object Repository/Sayfalar/Giris_Sayfasi/Giris_Butonu' located by 'By.cssSelector: #btnLogin' in '30' second(s)

2021-10-15 17:24:54 - [MESSAGE][INFO] - Finding Test Object 'Object Repository/Sayfalar/Giris_Sayfasi/Giris_Butonu'

2021-10-15 17:24:54 - [MESSAGE][INFO] - Finding web element from Test Object's properties

2021-10-15 17:24:54 - [MESSAGE][INFO] - Checking timeout

2021-10-15 17:24:54 - [MESSAGE][INFO] - Finding web element with id: 'Object Repository/Sayfalar/Giris_Sayfasi/Giris_Butonu' located by 'By.cssSelector: #btnLogin' in '30' second(s)

2021-10-15 17:24:54 - [MESSAGE][INFO] - Smart Wait Function is triggered

2021-10-15 17:24:54 - [MESSAGE][INFO] - Found 1 web elements with id: 'Object Repository/Sayfalar/Giris_Sayfasi/Giris_Butonu' located by 'By.cssSelector: #btnLogin' in '30' second(s)

2021-10-15 17:24:57 - [TEST_STEP][PASSED] - if (verifyElementPresent(findTestObject("Object Repository/Sayfalar/Giris_Sayfasi/RetveTamam_Butonu"), 5, OPTIONAL)): null

2021-10-15 17:24:57 - [MESSAGE][INFO] - Finding Test Object 'Object Repository/Sayfalar/Giris_Sayfasi/RetveTamam_Butonu'

2021-10-15 17:24:57 - [MESSAGE][INFO] - Checking object

2021-10-15 17:24:57 - [MESSAGE][INFO] - Finding web element from Test Object's properties

2021-10-15 17:24:57 - [MESSAGE][INFO] - Checking timeout

2021-10-15 17:24:57 - [MESSAGE][INFO] - Finding web element with id: 'Object Repository/Sayfalar/Giris_Sayfasi/RetveTamam_Butonu' located by 'By.xpath: //*[@class = 'btn btn-default']' in '5' second(s)

2021-10-15 17:24:57 - [MESSAGE][INFO] - Smart Wait Function is triggered

2021-10-15 17:24:57 - [MESSAGE][INFO] - Found 1 web elements with id: 'Object Repository/Sayfalar/Giris_Sayfasi/RetveTamam_Butonu' located by 'By.xpath: //*[@class = 'btn btn-default']' in '5' second(s)

2021-10-15 17:24:57 - [MESSAGE][PASSED] - Object 'Object Repository/Sayfalar/Giris_Sayfasi/RetveTamam_Butonu' is present

2021-10-15 17:24:57 - [TEST_STEP][PASSED] - click(findTestObject("Object Repository/Sayfalar/Giris_Sayfasi/RetveTamam_Butonu")): Object: 'Object Repository/Sayfalar/Giris_Sayfasi/RetveTamam_Butonu' is clicked on

2021-10-15 17:24:57 - [MESSAGE][INFO] - Finding Test Object 'Object Repository/Sayfalar/Giris_Sayfasi/RetveTamam_Butonu'

2021-10-15 17:24:57 - [MESSAGE][INFO] - Checking object

2021-10-15 17:24:57 - [MESSAGE][INFO] - Finding web element from Test Object's properties

2021-10-15 17:24:57 - [MESSAGE][INFO] - Checking timeout

2021-10-15 17:24:57 - [MESSAGE][INFO] - Finding web element with id: 'Object Repository/Sayfalar/Giris_Sayfasi/RetveTamam_Butonu' located by 'By.xpath: //*[@class = 'btn btn-default']' in '30' second(s)

2021-10-15 17:24:57 - [MESSAGE][INFO] - Smart Wait Function is triggered

2021-10-15 17:24:58 - [MESSAGE][INFO] - Found 1 web elements with id: 'Object Repository/Sayfalar/Giris_Sayfasi/RetveTamam_Butonu' located by 'By.xpath: //*[@class = 'btn btn-default']' in '30' second(s)

2021-10-15 17:24:58 - [MESSAGE][INFO] - Clicking on object: 'Object Repository/Sayfalar/Giris_Sayfasi/RetveTamam_Butonu'

2021-10-15 17:24:58 - [MESSAGE][PASSED] - Object: 'Object Repository/Sayfalar/Giris_Sayfasi/RetveTamam_Butonu' is clicked on

2021-10-15 17:24:58 - [TEST_STEP][PASSED] - click(findTestObject("Object Repository/Sayfalar/Giris_Sayfasi/RetveTamam_Butonu")): Object: 'Object Repository/Sayfalar/Giris_Sayfasi/RetveTamam_Butonu' is clicked on

2021-10-15 17:24:58 - [MESSAGE][INFO] - Finding Test Object 'Object Repository/Sayfalar/Giris_Sayfasi/RetveTamam_Butonu'

2021-10-15 17:24:58 - [MESSAGE][INFO] - Checking object

2021-10-15 17:24:58 - [MESSAGE][INFO] - Finding web element from Test Object's properties

2021-10-15 17:24:58 - [MESSAGE][INFO] - Checking timeout

2021-10-15 17:24:58 - [MESSAGE][INFO] - Finding web element with id: 'Object Repository/Sayfalar/Giris_Sayfasi/RetveTamam_Butonu' located by 'By.xpath: //*[@class = 'btn btn-default']' in '30' second(s)

2021-10-15 17:24:58 - [MESSAGE][INFO] - Smart Wait Function is triggered

2021-10-15 17:25:02 - [MESSAGE][INFO] - Found 1 web elements with id: 'Object Repository/Sayfalar/Giris_Sayfasi/RetveTamam_Butonu' located by 'By.xpath: //*[@class = 'btn btn-default']' in '30' second(s)

2021-10-15 17:25:02 - [MESSAGE][INFO] - Clicking on object: 'Object Repository/Sayfalar/Giris_Sayfasi/RetveTamam_Butonu'

2021-10-15 17:25:02 - [MESSAGE][PASSED] - Object: 'Object Repository/Sayfalar/Giris_Sayfasi/RetveTamam_Butonu' is clicked on

2021-10-15 17:25:02 - [TEST_STEP][PASSED] - if (verifyElementPresent(findTestObject("Sayfalar/Giris_Sayfasi/PopupOK"), 5, OPTIONAL)): null

2021-10-15 17:25:02 - [MESSAGE][INFO] - Finding Test Object 'Object Repository/Sayfalar/Giris_Sayfasi/PopupOK'

2021-10-15 17:25:02 - [MESSAGE][INFO] - Checking object

2021-10-15 17:25:02 - [MESSAGE][INFO] - Finding web element from Test Object's properties

2021-10-15 17:25:02 - [MESSAGE][INFO] - Checking timeout

2021-10-15 17:25:02 - [MESSAGE][INFO] - Finding web element with id: 'Object Repository/Sayfalar/Giris_Sayfasi/PopupOK' located by 'By.cssSelector: .btn.btn-success' in '5' second(s)

2021-10-15 17:25:02 - [MESSAGE][INFO] - Smart Wait Function is triggered

2021-10-15 17:25:03 - [MESSAGE][INFO] - Found 1 web elements with id: 'Object Repository/Sayfalar/Giris_Sayfasi/PopupOK' located by 'By.cssSelector: .btn.btn-success' in '5' second(s)

2021-10-15 17:25:03 - [MESSAGE][PASSED] - Object 'Object Repository/Sayfalar/Giris_Sayfasi/PopupOK' is present

2021-10-15 17:25:03 - [TEST_STEP][PASSED] - click(findTestObject("Object Repository/Sayfalar/Giris_Sayfasi/PopupCarpiGiris")): Object: 'Object Repository/Sayfalar/Giris_Sayfasi/PopupCarpiGiris' is clicked on

2021-10-15 17:25:03 - [MESSAGE][INFO] - Finding Test Object 'Object Repository/Sayfalar/Giris_Sayfasi/PopupCarpiGiris'

2021-10-15 17:25:03 - [MESSAGE][INFO] - Checking object

2021-10-15 17:25:03 - [MESSAGE][INFO] - Finding web element from Test Object's properties

2021-10-15 17:25:03 - [MESSAGE][INFO] - Checking timeout

2021-10-15 17:25:03 - [MESSAGE][INFO] - Finding web element with id: 'Object Repository/Sayfalar/Giris_Sayfasi/PopupCarpiGiris' located by 'By.cssSelector: .bootbox-close-button.close' in '30' second(s)

2021-10-15 17:25:03 - [MESSAGE][INFO] - Smart Wait Function is triggered

2021-10-15 17:25:03 - [MESSAGE][INFO] - Found 1 web elements with id: 'Object Repository/Sayfalar/Giris_Sayfasi/PopupCarpiGiris' located by 'By.cssSelector: .bootbox-close-button.close' in '30' second(s)

2021-10-15 17:25:03 - [MESSAGE][INFO] - Clicking on object: 'Object Repository/Sayfalar/Giris_Sayfasi/PopupCarpiGiris'

2021-10-15 17:25:04 - [MESSAGE][PASSED] - Object: 'Object Repository/Sayfalar/Giris_Sayfasi/PopupCarpiGiris' is clicked on

2021-10-15 17:25:04 - [TEST_STEP][PASSED] - verifyElementVisible(findTestObject("Object Repository/Kullanici_Islemleri/KullaniciIslemleri")): Object 'Object Repository/Kullanici_Islemleri/KullaniciIslemleri' is visible

2021-10-15 17:25:04 - [MESSAGE][INFO] - Finding Test Object 'Object Repository/Kullanici_Islemleri/KullaniciIslemleri'

2021-10-15 17:25:04 - [MESSAGE][INFO] - Checking object

2021-10-15 17:25:04 - [MESSAGE][INFO] - Finding web element from Test Object's properties

2021-10-15 17:25:04 - [MESSAGE][INFO] - Checking timeout

2021-10-15 17:25:04 - [MESSAGE][INFO] - Finding web element with id: 'Object Repository/Kullanici_Islemleri/KullaniciIslemleri' located by 'By.cssSelector: .dropdown>a>img' in '30' second(s)

2021-10-15 17:25:04 - [MESSAGE][INFO] - Smart Wait Function is triggered

2021-10-15 17:25:04 - [MESSAGE][INFO] - Found 1 web elements with id: 'Object Repository/Kullanici_Islemleri/KullaniciIslemleri' located by 'By.cssSelector: .dropdown>a>img' in '30' second(s)

2021-10-15 17:25:04 - [MESSAGE][PASSED] - Object 'Object Repository/Kullanici_Islemleri/KullaniciIslemleri' is visible

2021-10-15 17:25:04 - [MESSAGE][PASSED] - Call Test Case 'Test Cases/Sayfalar/Giris_Sayfasi/Login' successfully

2021-10-15 17:25:04 - [MESSAGE][INFO] - Checking called Test Case

2021-10-15 17:25:04 - [MESSAGE][INFO] - Starting to call Test Case 'Test Cases/Menu/AnaMenuSecimi'

2021-10-15 17:25:04 - [TEST_CASE][PASSED] - Test Cases/Menu/AnaMenuSecimi: Test Cases/Menu/AnaMenuSecimi

2021-10-15 17:25:04 - [TEST_STEP][PASSED] - Method.TextDegerineEsitElementeTikla(findTestObject("Menu/Ana_Menu"), Ana_Menu): Method.TextDegerineEsitElementeTikla is PASSED

2021-10-15 17:25:04 - [MESSAGE][INFO] - Finding Test Object 'Object Repository/Menu/Ana_Menu'

2021-10-15 17:25:05 - [MESSAGE][INFO] - Checking timeout

2021-10-15 17:25:05 - [MESSAGE][INFO] - Finding web element with id: 'Object Repository/Menu/Ana_Menu' located by 'By.xpath: //*[@class = 'dropdown-toggle']' in '10' second(s)

2021-10-15 17:25:05 - [MESSAGE][INFO] - Smart Wait Function is triggered

2021-10-15 17:25:05 - [MESSAGE][INFO] - Found 14 web elements with id: 'Object Repository/Menu/Ana_Menu' located by 'By.xpath: //*[@class = 'dropdown-toggle']' in '10' second(s)

2021-10-15 17:25:05 - [MESSAGE][PASSED] - Method.TextDegerineEsitElementeTikla is PASSED

2021-10-15 17:25:05 - [MESSAGE][PASSED] - Call Test Case 'Test Cases/Menu/AnaMenuSecimi' successfully

2021-10-15 17:25:05 - [MESSAGE][INFO] - Checking called Test Case

2021-10-15 17:25:05 - [MESSAGE][INFO] - Starting to call Test Case 'Test Cases/Menu/AltMenuSecimi'

2021-10-15 17:25:05 - [TEST_CASE][PASSED] - Test Cases/Menu/AltMenuSecimi: Test Cases/Menu/AltMenuSecimi

2021-10-15 17:25:05 - [TEST_STEP][PASSED] - Method.TextDegerineEsitElementeTikla(findTestObject("Menu/Alt_Menu"), Alt_Menu): Method.TextDegerineEsitElementeTikla is PASSED

2021-10-15 17:25:05 - [MESSAGE][INFO] - Finding Test Object 'Object Repository/Menu/Alt_Menu'

2021-10-15 17:25:05 - [MESSAGE][INFO] - Checking timeout

2021-10-15 17:25:05 - [MESSAGE][INFO] - Finding web element with id: 'Object Repository/Menu/Alt_Menu' located by 'By.xpath: //li[@class='dropdown dropdown-large open']//li[@class='dropdown-element']' in '10' second(s)

2021-10-15 17:25:05 - [MESSAGE][INFO] - Smart Wait Function is triggered

2021-10-15 17:25:05 - [MESSAGE][INFO] - Found 2 web elements with id: 'Object Repository/Menu/Alt_Menu' located by 'By.xpath: //li[@class='dropdown dropdown-large open']//li[@class='dropdown-element']' in '10' second(s)

2021-10-15 17:25:08 - [MESSAGE][PASSED] - Method.TextDegerineEsitElementeTikla is PASSED

2021-10-15 17:25:08 - [MESSAGE][PASSED] - Call Test Case 'Test Cases/Menu/AltMenuSecimi' successfully

2021-10-15 17:25:08 - [MESSAGE][INFO] - Checking called Test Case

2021-10-15 17:25:08 - [MESSAGE][INFO] - Starting to call Test Case 'Test Cases/Filtreler/BaslangicYaz'

2021-10-15 17:25:08 - [TEST_CASE][PASSED] - Test Cases/Filtreler/BaslangicYaz: Test Cases/Filtreler/BaslangicYaz

2021-10-15 17:25:08 - [TEST_STEP][PASSED] - Method.TextDegerineEsitElementinAltindakineTikla(findTestObject("Filtreler/Basliklar"), findTestObject("Filtreler/Basliga_Gore_Baslangic_Image"), Filtre_Adi): Method.TextDegerineEsitElementinAltindakineTikla is PASSED

2021-10-15 17:25:08 - [MESSAGE][INFO] - Finding Test Object 'Object Repository/Filtreler/Basliklar'

2021-10-15 17:25:08 - [MESSAGE][INFO] - Finding Test Object 'Object Repository/Filtreler/Basliga_Gore_Baslangic_Image'

2021-10-15 17:25:08 - [MESSAGE][INFO] - Checking timeout

2021-10-15 17:25:08 - [MESSAGE][INFO] - Finding web element with id: 'Object Repository/Filtreler/Basliklar' located by 'By.cssSelector: .control-label.col-sm-4.paddingMarginRLC' in '10' second(s)

2021-10-15 17:25:08 - [MESSAGE][INFO] - Smart Wait Function is triggered

2021-10-15 17:25:08 - [MESSAGE][INFO] - Found 8 web elements with id: 'Object Repository/Filtreler/Basliklar' located by 'By.cssSelector: .control-label.col-sm-4.paddingMarginRLC' in '10' second(s)

2021-10-15 17:25:08 - [MESSAGE][INFO] - Smart Wait Function is triggered

2021-10-15 17:25:08 - [MESSAGE][PASSED] - Method.TextDegerineEsitElementinAltindakineTikla is PASSED

2021-10-15 17:25:08 - [TEST_STEP][PASSED] - Method.TextDegerineEsitElementinAltindakiTextboxtaYaz(findTestObject("Filtreler/Basliklar"), findTestObject("Filtreler/Basliga_Gore_Baslangic"), Filtre_Adi, Filtre_Degeri): Method.TextDegerineEsitElementinAltindakiTextboxtaYaz is PASSED

2021-10-15 17:25:08 - [MESSAGE][INFO] - Finding Test Object 'Object Repository/Filtreler/Basliklar'

2021-10-15 17:25:09 - [MESSAGE][INFO] - Finding Test Object 'Object Repository/Filtreler/Basliga_Gore_Baslangic'

2021-10-15 17:25:09 - [MESSAGE][INFO] - Checking timeout

2021-10-15 17:25:09 - [MESSAGE][INFO] - Finding web element with id: 'Object Repository/Filtreler/Basliklar' located by 'By.cssSelector: .control-label.col-sm-4.paddingMarginRLC' in '10' second(s)

2021-10-15 17:25:09 - [MESSAGE][INFO] - Smart Wait Function is triggered

2021-10-15 17:25:09 - [MESSAGE][INFO] - Found 8 web elements with id: 'Object Repository/Filtreler/Basliklar' located by 'By.cssSelector: .control-label.col-sm-4.paddingMarginRLC' in '10' second(s)

2021-10-15 17:25:09 - [MESSAGE][INFO] - Smart Wait Function is triggered

2021-10-15 17:25:09 - [MESSAGE][PASSED] - Method.TextDegerineEsitElementinAltindakiTextboxtaYaz is PASSED

2021-10-15 17:25:09 - [MESSAGE][PASSED] - Call Test Case 'Test Cases/Filtreler/BaslangicYaz' successfully

2021-10-15 17:25:09 - [MESSAGE][INFO] - Checking called Test Case

2021-10-15 17:25:09 - [MESSAGE][INFO] - Starting to call Test Case 'Test Cases/Filtreler/BitisYaz'

2021-10-15 17:25:10 - [TEST_CASE][PASSED] - Test Cases/Filtreler/BitisYaz: Test Cases/Filtreler/BitisYaz

2021-10-15 17:25:10 - [TEST_STEP][PASSED] - Method.TextDegerineEsitElementinAltindakineTikla(findTestObject("Filtreler/Basliklar"), findTestObject("Filtreler/Basliga_Gore_Bitis_Image"), Filtre_Adi): Method.TextDegerineEsitElementinAltindakineTikla is PASSED

2021-10-15 17:25:10 - [MESSAGE][INFO] - Finding Test Object 'Object Repository/Filtreler/Basliklar'

2021-10-15 17:25:10 - [MESSAGE][INFO] - Finding Test Object 'Object Repository/Filtreler/Basliga_Gore_Bitis_Image'

2021-10-15 17:25:10 - [MESSAGE][INFO] - Checking timeout

2021-10-15 17:25:10 - [MESSAGE][INFO] - Finding web element with id: 'Object Repository/Filtreler/Basliklar' located by 'By.cssSelector: .control-label.col-sm-4.paddingMarginRLC' in '10' second(s)

2021-10-15 17:25:10 - [MESSAGE][INFO] - Smart Wait Function is triggered

2021-10-15 17:25:10 - [MESSAGE][INFO] - Found 8 web elements with id: 'Object Repository/Filtreler/Basliklar' located by 'By.cssSelector: .control-label.col-sm-4.paddingMarginRLC' in '10' second(s)

2021-10-15 17:25:10 - [MESSAGE][INFO] - Smart Wait Function is triggered

2021-10-15 17:25:10 - [MESSAGE][PASSED] - Method.TextDegerineEsitElementinAltindakineTikla is PASSED

2021-10-15 17:25:10 - [TEST_STEP][PASSED] - Method.TextDegerineEsitElementinAltindakiTextboxtaYaz(findTestObject("Filtreler/Basliklar"), findTestObject("Object Repository/Filtreler/Basliga_Gore_Bitis"), Filtre_Adi, Filtre_Degeri): Method.TextDegerineEsitElementinAltindakiTextboxtaYaz is PASSED

2021-10-15 17:25:10 - [MESSAGE][INFO] - Finding Test Object 'Object Repository/Filtreler/Basliklar'

2021-10-15 17:25:10 - [MESSAGE][INFO] - Finding Test Object 'Object Repository/Filtreler/Basliga_Gore_Bitis'

2021-10-15 17:25:11 - [MESSAGE][INFO] - Checking timeout

2021-10-15 17:25:11 - [MESSAGE][INFO] - Finding web element with id: 'Object Repository/Filtreler/Basliklar' located by 'By.cssSelector: .control-label.col-sm-4.paddingMarginRLC' in '10' second(s)

2021-10-15 17:25:11 - [MESSAGE][INFO] - Smart Wait Function is triggered

2021-10-15 17:25:11 - [MESSAGE][INFO] - Found 8 web elements with id: 'Object Repository/Filtreler/Basliklar' located by 'By.cssSelector: .control-label.col-sm-4.paddingMarginRLC' in '10' second(s)

2021-10-15 17:25:11 - [MESSAGE][INFO] - Smart Wait Function is triggered

2021-10-15 17:25:11 - [MESSAGE][PASSED] - Method.TextDegerineEsitElementinAltindakiTextboxtaYaz is PASSED

2021-10-15 17:25:11 - [MESSAGE][PASSED] - Call Test Case 'Test Cases/Filtreler/BitisYaz' successfully

2021-10-15 17:25:11 - [MESSAGE][INFO] - Checking called Test Case

2021-10-15 17:25:11 - [MESSAGE][INFO] - Starting to call Test Case 'Test Cases/Filtreler/ButonaTikla'

2021-10-15 17:25:11 - [TEST_CASE][PASSED] - Test Cases/Filtreler/ButonaTikla: Test Cases/Filtreler/ButonaTikla

2021-10-15 17:25:11 - [TEST_STEP][PASSED] - Method.TextDegerineEsitElementeTikla(findTestObject("Filtreler/Butonlar"), Filtre_Buton): Method.TextDegerineEsitElementeTikla is PASSED

2021-10-15 17:25:11 - [MESSAGE][INFO] - Finding Test Object 'Object Repository/Filtreler/Butonlar'

2021-10-15 17:25:12 - [MESSAGE][INFO] - Checking timeout

2021-10-15 17:25:12 - [MESSAGE][INFO] - Finding web element with id: 'Object Repository/Filtreler/Butonlar' located by 'By.cssSelector: .dxb>span' in '10' second(s)

2021-10-15 17:25:12 - [MESSAGE][INFO] - Smart Wait Function is triggered

2021-10-15 17:25:12 - [MESSAGE][INFO] - Found 3 web elements with id: 'Object Repository/Filtreler/Butonlar' located by 'By.cssSelector: .dxb>span' in '10' second(s)

2021-10-15 17:25:12 - [MESSAGE][PASSED] - Method.TextDegerineEsitElementeTikla is PASSED

2021-10-15 17:25:12 - [MESSAGE][PASSED] - Call Test Case 'Test Cases/Filtreler/ButonaTikla' successfully

2021-10-15 17:25:12 - [MESSAGE][INFO] - Checking called Test Case

2021-10-15 17:25:12 - [MESSAGE][INFO] - Starting to call Test Case 'Test Cases/Tablo/TablodakiVeriDetayi'

2021-10-15 17:25:12 - [TEST_CASE][PASSED] - Test Cases/Tablo/TablodakiVeriDetayi: Test Cases/Tablo/TablodakiVeriDetayi

2021-10-15 17:25:12 - [TEST_STEP][PASSED] - Method.TextDegerineEsitElementinAltindakineTikla(findTestObject("Tablo/Veriler"), findTestObject("Object Repository/Tablo/VerininArtiButonu"), Veri_Adi): Method.TextDegerineEsitElementinAltindakineTikla is PASSED

2021-10-15 17:25:12 - [MESSAGE][INFO] - Finding Test Object 'Object Repository/Tablo/Veriler'

2021-10-15 17:25:12 - [MESSAGE][INFO] - Finding Test Object 'Object Repository/Tablo/VerininArtiButonu'

2021-10-15 17:25:12 - [MESSAGE][INFO] - Checking timeout

2021-10-15 17:25:12 - [MESSAGE][INFO] - Finding web element with id: 'Object Repository/Tablo/Veriler' located by 'By.cssSelector: td.dxgv b ,td.dxgv' in '10' second(s)

2021-10-15 17:25:12 - [MESSAGE][INFO] - Smart Wait Function is triggered

2021-10-15 17:25:13 - [MESSAGE][INFO] - Found 110 web elements with id: 'Object Repository/Tablo/Veriler' located by 'By.cssSelector: td.dxgv b ,td.dxgv' in '10' second(s)

2021-10-15 17:25:13 - [MESSAGE][INFO] - Smart Wait Function is triggered

2021-10-15 17:25:13 - [MESSAGE][PASSED] - Method.TextDegerineEsitElementinAltindakineTikla is PASSED

2021-10-15 17:25:13 - [MESSAGE][PASSED] - Call Test Case 'Test Cases/Tablo/TablodakiVeriDetayi' successfully

2021-10-15 17:25:13 - [MESSAGE][INFO] - Checking called Test Case

2021-10-15 17:25:13 - [MESSAGE][INFO] - Starting to call Test Case 'Test Cases/Tablo/TablodakiVeriDetayi'

2021-10-15 17:25:13 - [TEST_CASE][PASSED] - Test Cases/Tablo/TablodakiVeriDetayi: Test Cases/Tablo/TablodakiVeriDetayi

2021-10-15 17:25:13 - [TEST_STEP][PASSED] - Method.TextDegerineEsitElementinAltindakineTikla(findTestObject("Tablo/Veriler"), findTestObject("Object Repository/Tablo/VerininArtiButonu"), Veri_Adi): Method.TextDegerineEsitElementinAltindakineTikla is PASSED

2021-10-15 17:25:13 - [MESSAGE][INFO] - Finding Test Object 'Object Repository/Tablo/Veriler'

2021-10-15 17:25:13 - [MESSAGE][INFO] - Finding Test Object 'Object Repository/Tablo/VerininArtiButonu'

2021-10-15 17:25:13 - [MESSAGE][INFO] - Checking timeout

2021-10-15 17:25:13 - [MESSAGE][INFO] - Finding web element with id: 'Object Repository/Tablo/Veriler' located by 'By.cssSelector: td.dxgv b ,td.dxgv' in '10' second(s)

2021-10-15 17:25:13 - [MESSAGE][INFO] - Smart Wait Function is triggered

2021-10-15 17:25:14 - [MESSAGE][INFO] - Found 133 web elements with id: 'Object Repository/Tablo/Veriler' located by 'By.cssSelector: td.dxgv b ,td.dxgv' in '10' second(s)

2021-10-15 17:25:14 - [MESSAGE][INFO] - Smart Wait Function is triggered

2021-10-15 17:25:14 - [MESSAGE][PASSED] - Method.TextDegerineEsitElementinAltindakineTikla is PASSED

2021-10-15 17:25:14 - [MESSAGE][PASSED] - Call Test Case 'Test Cases/Tablo/TablodakiVeriDetayi' successfully

2021-10-15 17:25:14 - [MESSAGE][INFO] - Checking called Test Case

2021-10-15 17:25:14 - [MESSAGE][INFO] - Starting to call Test Case 'Test Cases/Filtreler/FiltreVarMi'

2021-10-15 17:25:14 - [TEST_CASE][PASSED] - Test Cases/Filtreler/FiltreVarMi: Test Cases/Filtreler/FiltreVarMi

2021-10-15 17:25:14 - [TEST_STEP][PASSED] - Method.TextDegerineEsitElementVarMi(findTestObject("Filtreler/Basliklar"), Filtre_alan): Method.TextDegerineEsitElementVarMi is PASSED

2021-10-15 17:25:14 - [MESSAGE][INFO] - Finding Test Object 'Object Repository/Filtreler/Basliklar'

2021-10-15 17:25:15 - [MESSAGE][INFO] - Checking timeout

2021-10-15 17:25:15 - [MESSAGE][INFO] - Finding web element with id: 'Object Repository/Filtreler/Basliklar' located by 'By.cssSelector: .control-label.col-sm-4.paddingMarginRLC' in '10' second(s)

2021-10-15 17:25:15 - [MESSAGE][INFO] - Smart Wait Function is triggered

2021-10-15 17:25:15 - [MESSAGE][INFO] - Found 8 web elements with id: 'Object Repository/Filtreler/Basliklar' located by 'By.cssSelector: .control-label.col-sm-4.paddingMarginRLC' in '10' second(s)

2021-10-15 17:25:15 - [MESSAGE][PASSED] - Method.TextDegerineEsitElementVarMi is PASSED

2021-10-15 17:25:15 - [MESSAGE][PASSED] - Call Test Case 'Test Cases/Filtreler/FiltreVarMi' successfully

2021-10-15 17:25:15 - [MESSAGE][INFO] - Checking called Test Case

2021-10-15 17:25:15 - [MESSAGE][INFO] - Starting to call Test Case 'Test Cases/Filtreler/FiltreVarMi'

2021-10-15 17:25:15 - [TEST_CASE][PASSED] - Test Cases/Filtreler/FiltreVarMi: Test Cases/Filtreler/FiltreVarMi

2021-10-15 17:25:15 - [TEST_STEP][PASSED] - Method.TextDegerineEsitElementVarMi(findTestObject("Filtreler/Basliklar"), Filtre_alan): Method.TextDegerineEsitElementVarMi is PASSED

2021-10-15 17:25:15 - [MESSAGE][INFO] - Finding Test Object 'Object Repository/Filtreler/Basliklar'

2021-10-15 17:25:15 - [MESSAGE][INFO] - Checking timeout

2021-10-15 17:25:15 - [MESSAGE][INFO] - Finding web element with id: 'Object Repository/Filtreler/Basliklar' located by 'By.cssSelector: .control-label.col-sm-4.paddingMarginRLC' in '10' second(s)

2021-10-15 17:25:15 - [MESSAGE][INFO] - Smart Wait Function is triggered

2021-10-15 17:25:15 - [MESSAGE][INFO] - Found 8 web elements with id: 'Object Repository/Filtreler/Basliklar' located by 'By.cssSelector: .control-label.col-sm-4.paddingMarginRLC' in '10' second(s)

2021-10-15 17:25:15 - [MESSAGE][PASSED] - Method.TextDegerineEsitElementVarMi is PASSED

2021-10-15 17:25:15 - [MESSAGE][PASSED] - Call Test Case 'Test Cases/Filtreler/FiltreVarMi' successfully

2021-10-15 17:25:15 - [MESSAGE][INFO] - Checking called Test Case

2021-10-15 17:25:15 - [MESSAGE][INFO] - Starting to call Test Case 'Test Cases/Filtreler/FiltreVarMi'

2021-10-15 17:25:16 - [TEST_CASE][PASSED] - Test Cases/Filtreler/FiltreVarMi: Test Cases/Filtreler/FiltreVarMi

2021-10-15 17:25:16 - [TEST_STEP][PASSED] - Method.TextDegerineEsitElementVarMi(findTestObject("Filtreler/Basliklar"), Filtre_alan): Method.TextDegerineEsitElementVarMi is PASSED

2021-10-15 17:25:16 - [MESSAGE][INFO] - Finding Test Object 'Object Repository/Filtreler/Basliklar'

2021-10-15 17:25:16 - [MESSAGE][INFO] - Checking timeout

2021-10-15 17:25:16 - [MESSAGE][INFO] - Finding web element with id: 'Object Repository/Filtreler/Basliklar' located by 'By.cssSelector: .control-label.col-sm-4.paddingMarginRLC' in '10' second(s)

2021-10-15 17:25:16 - [MESSAGE][INFO] - Smart Wait Function is triggered

2021-10-15 17:25:16 - [MESSAGE][INFO] - Found 8 web elements with id: 'Object Repository/Filtreler/Basliklar' located by 'By.cssSelector: .control-label.col-sm-4.paddingMarginRLC' in '10' second(s)

2021-10-15 17:25:16 - [MESSAGE][PASSED] - Method.TextDegerineEsitElementVarMi is PASSED

2021-10-15 17:25:16 - [MESSAGE][PASSED] - Call Test Case 'Test Cases/Filtreler/FiltreVarMi' successfully

2021-10-15 17:25:16 - [MESSAGE][INFO] - Checking called Test Case

2021-10-15 17:25:16 - [MESSAGE][INFO] - Starting to call Test Case 'Test Cases/Filtreler/FiltreVarMi'

2021-10-15 17:25:16 - [TEST_CASE][PASSED] - Test Cases/Filtreler/FiltreVarMi: Test Cases/Filtreler/FiltreVarMi

2021-10-15 17:25:16 - [TEST_STEP][PASSED] - Method.TextDegerineEsitElementVarMi(findTestObject("Filtreler/Basliklar"), Filtre_alan): Method.TextDegerineEsitElementVarMi is PASSED

2021-10-15 17:25:16 - [MESSAGE][INFO] - Finding Test Object 'Object Repository/Filtreler/Basliklar'

2021-10-15 17:25:16 - [MESSAGE][INFO] - Checking timeout

2021-10-15 17:25:16 - [MESSAGE][INFO] - Finding web element with id: 'Object Repository/Filtreler/Basliklar' located by 'By.cssSelector: .control-label.col-sm-4.paddingMarginRLC' in '10' second(s)

2021-10-15 17:25:16 - [MESSAGE][INFO] - Smart Wait Function is triggered

2021-10-15 17:25:16 - [MESSAGE][INFO] - Found 8 web elements with id: 'Object Repository/Filtreler/Basliklar' located by 'By.cssSelector: .control-label.col-sm-4.paddingMarginRLC' in '10' second(s)

2021-10-15 17:25:16 - [MESSAGE][PASSED] - Method.TextDegerineEsitElementVarMi is PASSED

2021-10-15 17:25:16 - [MESSAGE][PASSED] - Call Test Case 'Test Cases/Filtreler/FiltreVarMi' successfully

2021-10-15 17:25:16 - [MESSAGE][INFO] - Checking called Test Case

2021-10-15 17:25:16 - [MESSAGE][INFO] - Starting to call Test Case 'Test Cases/Filtreler/FiltreVarMi'

2021-10-15 17:25:17 - [TEST_CASE][PASSED] - Test Cases/Filtreler/FiltreVarMi: Test Cases/Filtreler/FiltreVarMi

2021-10-15 17:25:17 - [TEST_STEP][PASSED] - Method.TextDegerineEsitElementVarMi(findTestObject("Filtreler/Basliklar"), Filtre_alan): Method.TextDegerineEsitElementVarMi is PASSED

2021-10-15 17:25:17 - [MESSAGE][INFO] - Finding Test Object 'Object Repository/Filtreler/Basliklar'

2021-10-15 17:25:17 - [MESSAGE][INFO] - Checking timeout

2021-10-15 17:25:17 - [MESSAGE][INFO] - Finding web element with id: 'Object Repository/Filtreler/Basliklar' located by 'By.cssSelector: .control-label.col-sm-4.paddingMarginRLC' in '10' second(s)

2021-10-15 17:25:17 - [MESSAGE][INFO] - Smart Wait Function is triggered

2021-10-15 17:25:17 - [MESSAGE][INFO] - Found 8 web elements with id: 'Object Repository/Filtreler/Basliklar' located by 'By.cssSelector: .control-label.col-sm-4.paddingMarginRLC' in '10' second(s)

2021-10-15 17:25:17 - [MESSAGE][PASSED] - Method.TextDegerineEsitElementVarMi is PASSED

2021-10-15 17:25:17 - [MESSAGE][PASSED] - Call Test Case 'Test Cases/Filtreler/FiltreVarMi' successfully

2021-10-15 17:25:17 - [MESSAGE][INFO] - Checking called Test Case

2021-10-15 17:25:17 - [MESSAGE][INFO] - Starting to call Test Case 'Test Cases/Filtreler/FiltreVarMi'

2021-10-15 17:25:17 - [TEST_CASE][PASSED] - Test Cases/Filtreler/FiltreVarMi: Test Cases/Filtreler/FiltreVarMi

2021-10-15 17:25:17 - [TEST_STEP][PASSED] - Method.TextDegerineEsitElementVarMi(findTestObject("Filtreler/Basliklar"), Filtre_alan): Method.TextDegerineEsitElementVarMi is PASSED

2021-10-15 17:25:17 - [MESSAGE][INFO] - Finding Test Object 'Object Repository/Filtreler/Basliklar'

2021-10-15 17:25:17 - [MESSAGE][INFO] - Checking timeout

2021-10-15 17:25:17 - [MESSAGE][INFO] - Finding web element with id: 'Object Repository/Filtreler/Basliklar' located by 'By.cssSelector: .control-label.col-sm-4.paddingMarginRLC' in '10' second(s)

2021-10-15 17:25:17 - [MESSAGE][INFO] - Smart Wait Function is triggered

2021-10-15 17:25:17 - [MESSAGE][INFO] - Found 8 web elements with id: 'Object Repository/Filtreler/Basliklar' located by 'By.cssSelector: .control-label.col-sm-4.paddingMarginRLC' in '10' second(s)

2021-10-15 17:25:17 - [MESSAGE][PASSED] - Method.TextDegerineEsitElementVarMi is PASSED

2021-10-15 17:25:17 - [MESSAGE][PASSED] - Call Test Case 'Test Cases/Filtreler/FiltreVarMi' successfully

2021-10-15 17:25:17 - [MESSAGE][INFO] - Checking called Test Case

2021-10-15 17:25:17 - [MESSAGE][INFO] - Starting to call Test Case 'Test Cases/Filtreler/FiltreVarMi'

2021-10-15 17:25:17 - [TEST_CASE][PASSED] - Test Cases/Filtreler/FiltreVarMi: Test Cases/Filtreler/FiltreVarMi

2021-10-15 17:25:17 - [TEST_STEP][PASSED] - Method.TextDegerineEsitElementVarMi(findTestObject("Filtreler/Basliklar"), Filtre_alan): Method.TextDegerineEsitElementVarMi is PASSED

2021-10-15 17:25:17 - [MESSAGE][INFO] - Finding Test Object 'Object Repository/Filtreler/Basliklar'

2021-10-15 17:25:18 - [MESSAGE][INFO] - Checking timeout

2021-10-15 17:25:18 - [MESSAGE][INFO] - Finding web element with id: 'Object Repository/Filtreler/Basliklar' located by 'By.cssSelector: .control-label.col-sm-4.paddingMarginRLC' in '10' second(s)

2021-10-15 17:25:18 - [MESSAGE][INFO] - Smart Wait Function is triggered

2021-10-15 17:25:18 - [MESSAGE][INFO] - Found 8 web elements with id: 'Object Repository/Filtreler/Basliklar' located by 'By.cssSelector: .control-label.col-sm-4.paddingMarginRLC' in '10' second(s)

2021-10-15 17:25:18 - [MESSAGE][PASSED] - Method.TextDegerineEsitElementVarMi is PASSED

2021-10-15 17:25:18 - [MESSAGE][PASSED] - Call Test Case 'Test Cases/Filtreler/FiltreVarMi' successfully

2021-10-15 17:25:18 - [MESSAGE][INFO] - Checking called Test Case

2021-10-15 17:25:18 - [MESSAGE][INFO] - Starting to call Test Case 'Test Cases/Filtreler/FiltreVarMi'

2021-10-15 17:25:18 - [TEST_CASE][PASSED] - Test Cases/Filtreler/FiltreVarMi: Test Cases/Filtreler/FiltreVarMi

2021-10-15 17:25:18 - [TEST_STEP][PASSED] - Method.TextDegerineEsitElementVarMi(findTestObject("Filtreler/Basliklar"), Filtre_alan): Method.TextDegerineEsitElementVarMi is PASSED

2021-10-15 17:25:18 - [MESSAGE][INFO] - Finding Test Object 'Object Repository/Filtreler/Basliklar'

2021-10-15 17:25:18 - [MESSAGE][INFO] - Checking timeout

2021-10-15 17:25:18 - [MESSAGE][INFO] - Finding web element with id: 'Object Repository/Filtreler/Basliklar' located by 'By.cssSelector: .control-label.col-sm-4.paddingMarginRLC' in '10' second(s)

2021-10-15 17:25:18 - [MESSAGE][INFO] - Smart Wait Function is triggered

2021-10-15 17:25:18 - [MESSAGE][INFO] - Found 8 web elements with id: 'Object Repository/Filtreler/Basliklar' located by 'By.cssSelector: .control-label.col-sm-4.paddingMarginRLC' in '10' second(s)

2021-10-15 17:25:18 - [MESSAGE][PASSED] - Method.TextDegerineEsitElementVarMi is PASSED

2021-10-15 17:25:18 - [MESSAGE][PASSED] - Call Test Case 'Test Cases/Filtreler/FiltreVarMi' successfully

2021-10-15 17:25:18 - [MESSAGE][INFO] - Checking called Test Case

2021-10-15 17:25:18 - [MESSAGE][INFO] - Starting to call Test Case 'Test Cases/Filtreler/ButonVarMi'

2021-10-15 17:25:18 - [TEST_CASE][PASSED] - Test Cases/Filtreler/ButonVarMi: Test Cases/Filtreler/ButonVarMi

2021-10-15 17:25:18 - [TEST_STEP][PASSED] - Method.TextDegerineEsitElementVarMi(findTestObject("Filtreler/Butonlar"), Filtre_Buton): Method.TextDegerineEsitElementVarMi is PASSED

2021-10-15 17:25:18 - [MESSAGE][INFO] - Finding Test Object 'Object Repository/Filtreler/Butonlar'

2021-10-15 17:25:19 - [MESSAGE][INFO] - Checking timeout

2021-10-15 17:25:19 - [MESSAGE][INFO] - Finding web element with id: 'Object Repository/Filtreler/Butonlar' located by 'By.cssSelector: .dxb>span' in '10' second(s)

2021-10-15 17:25:19 - [MESSAGE][INFO] - Smart Wait Function is triggered

2021-10-15 17:25:19 - [MESSAGE][INFO] - Found 3 web elements with id: 'Object Repository/Filtreler/Butonlar' located by 'By.cssSelector: .dxb>span' in '10' second(s)

2021-10-15 17:25:19 - [MESSAGE][PASSED] - Method.TextDegerineEsitElementVarMi is PASSED

2021-10-15 17:25:19 - [MESSAGE][PASSED] - Call Test Case 'Test Cases/Filtreler/ButonVarMi' successfully

2021-10-15 17:25:19 - [MESSAGE][INFO] - Checking called Test Case

2021-10-15 17:25:19 - [MESSAGE][INFO] - Starting to call Test Case 'Test Cases/Filtreler/ButonVarMi'

2021-10-15 17:25:19 - [TEST_CASE][PASSED] - Test Cases/Filtreler/ButonVarMi: Test Cases/Filtreler/ButonVarMi

2021-10-15 17:25:19 - [TEST_STEP][PASSED] - Method.TextDegerineEsitElementVarMi(findTestObject("Filtreler/Butonlar"), Filtre_Buton): Method.TextDegerineEsitElementVarMi is PASSED

2021-10-15 17:25:19 - [MESSAGE][INFO] - Finding Test Object 'Object Repository/Filtreler/Butonlar'

2021-10-15 17:25:19 - [MESSAGE][INFO] - Checking timeout

2021-10-15 17:25:19 - [MESSAGE][INFO] - Finding web element with id: 'Object Repository/Filtreler/Butonlar' located by 'By.cssSelector: .dxb>span' in '10' second(s)

2021-10-15 17:25:19 - [MESSAGE][INFO] - Smart Wait Function is triggered

2021-10-15 17:25:19 - [MESSAGE][INFO] - Found 3 web elements with id: 'Object Repository/Filtreler/Butonlar' located by 'By.cssSelector: .dxb>span' in '10' second(s)

2021-10-15 17:25:19 - [MESSAGE][PASSED] - Method.TextDegerineEsitElementVarMi is PASSED

2021-10-15 17:25:19 - [MESSAGE][PASSED] - Call Test Case 'Test Cases/Filtreler/ButonVarMi' successfully

2021-10-15 17:25:19 - [MESSAGE][INFO] - Checking called Test Case

2021-10-15 17:25:19 - [MESSAGE][INFO] - Starting to call Test Case 'Test Cases/Filtreler/ButonVarMi'

2021-10-15 17:25:19 - [TEST_CASE][PASSED] - Test Cases/Filtreler/ButonVarMi: Test Cases/Filtreler/ButonVarMi

2021-10-15 17:25:19 - [TEST_STEP][PASSED] - Method.TextDegerineEsitElementVarMi(findTestObject("Filtreler/Butonlar"), Filtre_Buton): Method.TextDegerineEsitElementVarMi is PASSED

2021-10-15 17:25:19 - [MESSAGE][INFO] - Finding Test Object 'Object Repository/Filtreler/Butonlar'

2021-10-15 17:25:19 - [MESSAGE][INFO] - Checking timeout

2021-10-15 17:25:19 - [MESSAGE][INFO] - Finding web element with id: 'Object Repository/Filtreler/Butonlar' located by 'By.cssSelector: .dxb>span' in '10' second(s)

2021-10-15 17:25:19 - [MESSAGE][INFO] - Smart Wait Function is triggered

2021-10-15 17:25:20 - [MESSAGE][INFO] - Found 3 web elements with id: 'Object Repository/Filtreler/Butonlar' located by 'By.cssSelector: .dxb>span' in '10' second(s)

2021-10-15 17:25:20 - [MESSAGE][PASSED] - Method.TextDegerineEsitElementVarMi is PASSED

2021-10-15 17:25:20 - [MESSAGE][PASSED] - Call Test Case 'Test Cases/Filtreler/ButonVarMi' successfully

2021-10-15 17:25:20 - [MESSAGE][INFO] - Checking called Test Case

2021-10-15 17:25:20 - [MESSAGE][INFO] - Starting to call Test Case 'Test Cases/Butonlar/ButonVarMi'

2021-10-15 17:25:20 - [TEST_CASE][PASSED] - Test Cases/Butonlar/ButonVarMi: Test Cases/Butonlar/ButonVarMi

2021-10-15 17:25:20 - [TEST_STEP][PASSED] - Method.TextDegerineEsitElementVarMi(findTestObject("Butonlar/Butonlar"), Buton): Method.TextDegerineEsitElementVarMi is PASSED

2021-10-15 17:25:20 - [MESSAGE][INFO] - Finding Test Object 'Object Repository/Butonlar/Butonlar'

2021-10-15 17:25:20 - [MESSAGE][INFO] - Checking timeout

2021-10-15 17:25:20 - [MESSAGE][INFO] - Finding web element with id: 'Object Repository/Butonlar/Butonlar' located by 'By.cssSelector: .panel.panel-default.text-center.footerPanel .btn,.btn.btn-primary.btnControls' in '10' second(s)

2021-10-15 17:25:20 - [MESSAGE][INFO] - Smart Wait Function is triggered

2021-10-15 17:25:20 - [MESSAGE][INFO] - Found 6 web elements with id: 'Object Repository/Butonlar/Butonlar' located by 'By.cssSelector: .panel.panel-default.text-center.footerPanel .btn,.btn.btn-primary.btnControls' in '10' second(s)

2021-10-15 17:25:20 - [MESSAGE][PASSED] - Method.TextDegerineEsitElementVarMi is PASSED

2021-10-15 17:25:20 - [MESSAGE][PASSED] - Call Test Case 'Test Cases/Butonlar/ButonVarMi' successfully

2021-10-15 17:25:20 - [MESSAGE][INFO] - Checking called Test Case

2021-10-15 17:25:20 - [MESSAGE][INFO] - Starting to call Test Case 'Test Cases/Butonlar/ButonVarMi'

2021-10-15 17:25:20 - [TEST_CASE][PASSED] - Test Cases/Butonlar/ButonVarMi: Test Cases/Butonlar/ButonVarMi

2021-10-15 17:25:20 - [TEST_STEP][PASSED] - Method.TextDegerineEsitElementVarMi(findTestObject("Butonlar/Butonlar"), Buton): Method.TextDegerineEsitElementVarMi is PASSED

2021-10-15 17:25:20 - [MESSAGE][INFO] - Finding Test Object 'Object Repository/Butonlar/Butonlar'

2021-10-15 17:25:20 - [MESSAGE][INFO] - Checking timeout

2021-10-15 17:25:20 - [MESSAGE][INFO] - Finding web element with id: 'Object Repository/Butonlar/Butonlar' located by 'By.cssSelector: .panel.panel-default.text-center.footerPanel .btn,.btn.btn-primary.btnControls' in '10' second(s)

2021-10-15 17:25:20 - [MESSAGE][INFO] - Smart Wait Function is triggered

2021-10-15 17:25:21 - [MESSAGE][INFO] - Found 6 web elements with id: 'Object Repository/Butonlar/Butonlar' located by 'By.cssSelector: .panel.panel-default.text-center.footerPanel .btn,.btn.btn-primary.btnControls' in '10' second(s)

2021-10-15 17:25:21 - [MESSAGE][PASSED] - Method.TextDegerineEsitElementVarMi is PASSED

2021-10-15 17:25:21 - [MESSAGE][PASSED] - Call Test Case 'Test Cases/Butonlar/ButonVarMi' successfully

2021-10-15 17:25:21 - [MESSAGE][INFO] - Checking called Test Case

2021-10-15 17:25:21 - [MESSAGE][INFO] - Starting to call Test Case 'Test Cases/Butonlar/ButonVarMi'

2021-10-15 17:25:21 - [TEST_CASE][PASSED] - Test Cases/Butonlar/ButonVarMi: Test Cases/Butonlar/ButonVarMi

2021-10-15 17:25:21 - [TEST_STEP][PASSED] - Method.TextDegerineEsitElementVarMi(findTestObject("Butonlar/Butonlar"), Buton): Method.TextDegerineEsitElementVarMi is PASSED

2021-10-15 17:25:21 - [MESSAGE][INFO] - Finding Test Object 'Object Repository/Butonlar/Butonlar'

2021-10-15 17:25:21 - [MESSAGE][INFO] - Checking timeout

2021-10-15 17:25:21 - [MESSAGE][INFO] - Finding web element with id: 'Object Repository/Butonlar/Butonlar' located by 'By.cssSelector: .panel.panel-default.text-center.footerPanel .btn,.btn.btn-primary.btnControls' in '10' second(s)

2021-10-15 17:25:21 - [MESSAGE][INFO] - Smart Wait Function is triggered

2021-10-15 17:25:21 - [MESSAGE][INFO] - Found 6 web elements with id: 'Object Repository/Butonlar/Butonlar' located by 'By.cssSelector: .panel.panel-default.text-center.footerPanel .btn,.btn.btn-primary.btnControls' in '10' second(s)

2021-10-15 17:25:21 - [MESSAGE][PASSED] - Method.TextDegerineEsitElementVarMi is PASSED

2021-10-15 17:25:21 - [MESSAGE][PASSED] - Call Test Case 'Test Cases/Butonlar/ButonVarMi' successfully

2021-10-15 17:25:21 - [MESSAGE][INFO] - Checking called Test Case

2021-10-15 17:25:21 - [MESSAGE][INFO] - Starting to call Test Case 'Test Cases/Butonlar/ButonVarMi'

2021-10-15 17:25:21 - [TEST_CASE][PASSED] - Test Cases/Butonlar/ButonVarMi: Test Cases/Butonlar/ButonVarMi

2021-10-15 17:25:21 - [TEST_STEP][PASSED] - Method.TextDegerineEsitElementVarMi(findTestObject("Butonlar/Butonlar"), Buton): Method.TextDegerineEsitElementVarMi is PASSED

2021-10-15 17:25:21 - [MESSAGE][INFO] - Finding Test Object 'Object Repository/Butonlar/Butonlar'

2021-10-15 17:25:21 - [MESSAGE][INFO] - Checking timeout

2021-10-15 17:25:21 - [MESSAGE][INFO] - Finding web element with id: 'Object Repository/Butonlar/Butonlar' located by 'By.cssSelector: .panel.panel-default.text-center.footerPanel .btn,.btn.btn-primary.btnControls' in '10' second(s)

2021-10-15 17:25:21 - [MESSAGE][INFO] - Smart Wait Function is triggered

2021-10-15 17:25:21 - [MESSAGE][INFO] - Found 6 web elements with id: 'Object Repository/Butonlar/Butonlar' located by 'By.cssSelector: .panel.panel-default.text-center.footerPanel .btn,.btn.btn-primary.btnControls' in '10' second(s)

2021-10-15 17:25:21 - [MESSAGE][PASSED] - Method.TextDegerineEsitElementVarMi is PASSED

2021-10-15 17:25:21 - [MESSAGE][PASSED] - Call Test Case 'Test Cases/Butonlar/ButonVarMi' successfully

2021-10-15 17:25:21 - [MESSAGE][INFO] - Checking called Test Case

2021-10-15 17:25:21 - [MESSAGE][INFO] - Starting to call Test Case 'Test Cases/Butonlar/ButonVarMi'

2021-10-15 17:25:22 - [TEST_CASE][PASSED] - Test Cases/Butonlar/ButonVarMi: Test Cases/Butonlar/ButonVarMi

2021-10-15 17:25:22 - [TEST_STEP][PASSED] - Method.TextDegerineEsitElementVarMi(findTestObject("Butonlar/Butonlar"), Buton): Method.TextDegerineEsitElementVarMi is PASSED

2021-10-15 17:25:22 - [MESSAGE][INFO] - Finding Test Object 'Object Repository/Butonlar/Butonlar'

2021-10-15 17:25:22 - [MESSAGE][INFO] - Checking timeout

2021-10-15 17:25:22 - [MESSAGE][INFO] - Finding web element with id: 'Object Repository/Butonlar/Butonlar' located by 'By.cssSelector: .panel.panel-default.text-center.footerPanel .btn,.btn.btn-primary.btnControls' in '10' second(s)

2021-10-15 17:25:22 - [MESSAGE][INFO] - Smart Wait Function is triggered

2021-10-15 17:25:22 - [MESSAGE][INFO] - Found 6 web elements with id: 'Object Repository/Butonlar/Butonlar' located by 'By.cssSelector: .panel.panel-default.text-center.footerPanel .btn,.btn.btn-primary.btnControls' in '10' second(s)

2021-10-15 17:25:22 - [MESSAGE][PASSED] - Method.TextDegerineEsitElementVarMi is PASSED

2021-10-15 17:25:22 - [MESSAGE][PASSED] - Call Test Case 'Test Cases/Butonlar/ButonVarMi' successfully

2021-10-15 17:25:22 - [MESSAGE][INFO] - Checking called Test Case

2021-10-15 17:25:22 - [MESSAGE][INFO] - Starting to call Test Case 'Test Cases/Butonlar/ButonaTikla'

2021-10-15 17:25:22 - [TEST_CASE][PASSED] - Test Cases/Butonlar/ButonaTikla: Test Cases/Butonlar/ButonaTikla

2021-10-15 17:25:22 - [TEST_STEP][PASSED] - Method.TextDegerineEsitElementeTiklaEquals(findTestObject("Butonlar/Butonlar"), Buton_Adi): Method.TextDegerineEsitElementeTiklaEquals is PASSED

2021-10-15 17:25:22 - [MESSAGE][INFO] - Finding Test Object 'Object Repository/Butonlar/Butonlar'

2021-10-15 17:25:22 - [MESSAGE][INFO] - Checking timeout

2021-10-15 17:25:22 - [MESSAGE][INFO] - Finding web element with id: 'Object Repository/Butonlar/Butonlar' located by 'By.cssSelector: .panel.panel-default.text-center.footerPanel .btn,.btn.btn-primary.btnControls' in '10' second(s)

2021-10-15 17:25:22 - [MESSAGE][INFO] - Smart Wait Function is triggered

2021-10-15 17:25:22 - [MESSAGE][INFO] - Found 6 web elements with id: 'Object Repository/Butonlar/Butonlar' located by 'By.cssSelector: .panel.panel-default.text-center.footerPanel .btn,.btn.btn-primary.btnControls' in '10' second(s)

2021-10-15 17:25:23 - [MESSAGE][PASSED] - Method.TextDegerineEsitElementeTiklaEquals is PASSED

2021-10-15 17:25:23 - [MESSAGE][PASSED] - Call Test Case 'Test Cases/Butonlar/ButonaTikla' successfully

2021-10-15 17:25:23 - [MESSAGE][INFO] - Checking called Test Case

2021-10-15 17:25:23 - [MESSAGE][INFO] - Starting to call Test Case 'Test Cases/Butonlar/AltButonVarMi'

2021-10-15 17:25:23 - [TEST_CASE][PASSED] - Test Cases/Butonlar/AltButonVarMi: Test Cases/Butonlar/AltButonVarMi

2021-10-15 17:25:23 - [TEST_STEP][PASSED] - Method.TextDegerineEsitElementVarMi(findTestObject("Butonlar/AltButonlar"), AltButon): Method.TextDegerineEsitElementVarMi is PASSED

2021-10-15 17:25:23 - [MESSAGE][INFO] - Finding Test Object 'Object Repository/Butonlar/AltButonlar'

2021-10-15 17:25:23 - [MESSAGE][INFO] - Checking timeout

2021-10-15 17:25:23 - [MESSAGE][INFO] - Finding web element with id: 'Object Repository/Butonlar/AltButonlar' located by 'By.cssSelector: .btn-group.open li>a' in '10' second(s)

2021-10-15 17:25:23 - [MESSAGE][INFO] - Smart Wait Function is triggered

2021-10-15 17:25:23 - [MESSAGE][INFO] - Found 2 web elements with id: 'Object Repository/Butonlar/AltButonlar' located by 'By.cssSelector: .btn-group.open li>a' in '10' second(s)

2021-10-15 17:25:23 - [MESSAGE][PASSED] - Method.TextDegerineEsitElementVarMi is PASSED

2021-10-15 17:25:23 - [MESSAGE][PASSED] - Call Test Case 'Test Cases/Butonlar/AltButonVarMi' successfully

2021-10-15 17:25:23 - [MESSAGE][INFO] - Checking called Test Case

2021-10-15 17:25:23 - [MESSAGE][INFO] - Starting to call Test Case 'Test Cases/Butonlar/AltButonVarMi'

2021-10-15 17:25:23 - [TEST_CASE][PASSED] - Test Cases/Butonlar/AltButonVarMi: Test Cases/Butonlar/AltButonVarMi

2021-10-15 17:25:23 - [TEST_STEP][PASSED] - Method.TextDegerineEsitElementVarMi(findTestObject("Butonlar/AltButonlar"), AltButon): Method.TextDegerineEsitElementVarMi is PASSED

2021-10-15 17:25:23 - [MESSAGE][INFO] - Finding Test Object 'Object Repository/Butonlar/AltButonlar'

2021-10-15 17:25:23 - [MESSAGE][INFO] - Checking timeout

2021-10-15 17:25:23 - [MESSAGE][INFO] - Finding web element with id: 'Object Repository/Butonlar/AltButonlar' located by 'By.cssSelector: .btn-group.open li>a' in '10' second(s)

2021-10-15 17:25:23 - [MESSAGE][INFO] - Smart Wait Function is triggered

2021-10-15 17:25:23 - [MESSAGE][INFO] - Found 2 web elements with id: 'Object Repository/Butonlar/AltButonlar' located by 'By.cssSelector: .btn-group.open li>a' in '10' second(s)

2021-10-15 17:25:24 - [MESSAGE][PASSED] - Method.TextDegerineEsitElementVarMi is PASSED

2021-10-15 17:25:24 - [MESSAGE][PASSED] - Call Test Case 'Test Cases/Butonlar/AltButonVarMi' successfully

2021-10-15 17:25:24 - [MESSAGE][INFO] - Checking called Test Case

2021-10-15 17:25:24 - [MESSAGE][INFO] - Starting to call Test Case 'Test Cases/Butonlar/ButonaTikla'

2021-10-15 17:25:24 - [TEST_CASE][PASSED] - Test Cases/Butonlar/ButonaTikla: Test Cases/Butonlar/ButonaTikla

2021-10-15 17:25:24 - [TEST_STEP][PASSED] - Method.TextDegerineEsitElementeTiklaEquals(findTestObject("Butonlar/Butonlar"), Buton_Adi): Method.TextDegerineEsitElementeTiklaEquals is PASSED

2021-10-15 17:25:24 - [MESSAGE][INFO] - Finding Test Object 'Object Repository/Butonlar/Butonlar'

2021-10-15 17:25:24 - [MESSAGE][INFO] - Checking timeout

2021-10-15 17:25:24 - [MESSAGE][INFO] - Finding web element with id: 'Object Repository/Butonlar/Butonlar' located by 'By.cssSelector: .panel.panel-default.text-center.footerPanel .btn,.btn.btn-primary.btnControls' in '10' second(s)

2021-10-15 17:25:24 - [MESSAGE][INFO] - Smart Wait Function is triggered

2021-10-15 17:25:24 - [MESSAGE][INFO] - Found 6 web elements with id: 'Object Repository/Butonlar/Butonlar' located by 'By.cssSelector: .panel.panel-default.text-center.footerPanel .btn,.btn.btn-primary.btnControls' in '10' second(s)

2021-10-15 17:25:24 - [MESSAGE][PASSED] - Method.TextDegerineEsitElementeTiklaEquals is PASSED

2021-10-15 17:25:24 - [MESSAGE][PASSED] - Call Test Case 'Test Cases/Butonlar/ButonaTikla' successfully

2021-10-15 17:25:24 - [MESSAGE][INFO] - Checking called Test Case

2021-10-15 17:25:24 - [MESSAGE][INFO] - Starting to call Test Case 'Test Cases/Butonlar/AltButonVarMi'

2021-10-15 17:25:24 - [TEST_CASE][PASSED] - Test Cases/Butonlar/AltButonVarMi: Test Cases/Butonlar/AltButonVarMi

2021-10-15 17:25:24 - [TEST_STEP][PASSED] - Method.TextDegerineEsitElementVarMi(findTestObject("Butonlar/AltButonlar"), AltButon): Method.TextDegerineEsitElementVarMi is PASSED

2021-10-15 17:25:24 - [MESSAGE][INFO] - Finding Test Object 'Object Repository/Butonlar/AltButonlar'

2021-10-15 17:25:24 - [MESSAGE][INFO] - Checking timeout

2021-10-15 17:25:24 - [MESSAGE][INFO] - Finding web element with id: 'Object Repository/Butonlar/AltButonlar' located by 'By.cssSelector: .btn-group.open li>a' in '10' second(s)

2021-10-15 17:25:24 - [MESSAGE][INFO] - Smart Wait Function is triggered

2021-10-15 17:25:24 - [MESSAGE][INFO] - Found 2 web elements with id: 'Object Repository/Butonlar/AltButonlar' located by 'By.cssSelector: .btn-group.open li>a' in '10' second(s)

2021-10-15 17:25:24 - [MESSAGE][PASSED] - Method.TextDegerineEsitElementVarMi is PASSED

2021-10-15 17:25:24 - [MESSAGE][PASSED] - Call Test Case 'Test Cases/Butonlar/AltButonVarMi' successfully

2021-10-15 17:25:24 - [MESSAGE][INFO] - Checking called Test Case

2021-10-15 17:25:24 - [MESSAGE][INFO] - Starting to call Test Case 'Test Cases/Butonlar/AltButonVarMi'

2021-10-15 17:25:25 - [TEST_CASE][PASSED] - Test Cases/Butonlar/AltButonVarMi: Test Cases/Butonlar/AltButonVarMi

2021-10-15 17:25:25 - [TEST_STEP][PASSED] - Method.TextDegerineEsitElementVarMi(findTestObject("Butonlar/AltButonlar"), AltButon): Method.TextDegerineEsitElementVarMi is PASSED

2021-10-15 17:25:25 - [MESSAGE][INFO] - Finding Test Object 'Object Repository/Butonlar/AltButonlar'

2021-10-15 17:25:25 - [MESSAGE][INFO] - Checking timeout

2021-10-15 17:25:25 - [MESSAGE][INFO] - Finding web element with id: 'Object Repository/Butonlar/AltButonlar' located by 'By.cssSelector: .btn-group.open li>a' in '10' second(s)

2021-10-15 17:25:25 - [MESSAGE][INFO] - Smart Wait Function is triggered

2021-10-15 17:25:25 - [MESSAGE][INFO] - Found 2 web elements with id: 'Object Repository/Butonlar/AltButonlar' located by 'By.cssSelector: .btn-group.open li>a' in '10' second(s)

2021-10-15 17:25:25 - [MESSAGE][PASSED] - Method.TextDegerineEsitElementVarMi is PASSED

2021-10-15 17:25:25 - [MESSAGE][PASSED] - Call Test Case 'Test Cases/Butonlar/AltButonVarMi' successfully

2021-10-15 17:25:25 - [MESSAGE][INFO] - Checking called Test Case

2021-10-15 17:25:25 - [MESSAGE][INFO] - Starting to call Test Case 'Test Cases/Butonlar/ButonaTikla'

2021-10-15 17:25:25 - [TEST_CASE][PASSED] - Test Cases/Butonlar/ButonaTikla: Test Cases/Butonlar/ButonaTikla

2021-10-15 17:25:25 - [TEST_STEP][PASSED] - Method.TextDegerineEsitElementeTiklaEquals(findTestObject("Butonlar/Butonlar"), Buton_Adi): Method.TextDegerineEsitElementeTiklaEquals is PASSED

2021-10-15 17:25:25 - [MESSAGE][INFO] - Finding Test Object 'Object Repository/Butonlar/Butonlar'

2021-10-15 17:25:25 - [MESSAGE][INFO] - Checking timeout

2021-10-15 17:25:25 - [MESSAGE][INFO] - Finding web element with id: 'Object Repository/Butonlar/Butonlar' located by 'By.cssSelector: .panel.panel-default.text-center.footerPanel .btn,.btn.btn-primary.btnControls' in '10' second(s)

2021-10-15 17:25:25 - [MESSAGE][INFO] - Smart Wait Function is triggered

2021-10-15 17:25:25 - [MESSAGE][INFO] - Found 6 web elements with id: 'Object Repository/Butonlar/Butonlar' located by 'By.cssSelector: .panel.panel-default.text-center.footerPanel .btn,.btn.btn-primary.btnControls' in '10' second(s)

2021-10-15 17:25:25 - [MESSAGE][PASSED] - Method.TextDegerineEsitElementeTiklaEquals is PASSED

2021-10-15 17:25:25 - [MESSAGE][PASSED] - Call Test Case 'Test Cases/Butonlar/ButonaTikla' successfully

2021-10-15 17:25:25 - [MESSAGE][INFO] - Checking called Test Case

2021-10-15 17:25:25 - [MESSAGE][INFO] - Starting to call Test Case 'Test Cases/Butonlar/AltButonVarMi'

2021-10-15 17:25:26 - [TEST_CASE][PASSED] - Test Cases/Butonlar/AltButonVarMi: Test Cases/Butonlar/AltButonVarMi

2021-10-15 17:25:26 - [TEST_STEP][PASSED] - Method.TextDegerineEsitElementVarMi(findTestObject("Butonlar/AltButonlar"), AltButon): Method.TextDegerineEsitElementVarMi is PASSED

2021-10-15 17:25:26 - [MESSAGE][INFO] - Finding Test Object 'Object Repository/Butonlar/AltButonlar'

2021-10-15 17:25:26 - [MESSAGE][INFO] - Checking timeout

2021-10-15 17:25:26 - [MESSAGE][INFO] - Finding web element with id: 'Object Repository/Butonlar/AltButonlar' located by 'By.cssSelector: .btn-group.open li>a' in '10' second(s)

2021-10-15 17:25:26 - [MESSAGE][INFO] - Smart Wait Function is triggered

2021-10-15 17:25:26 - [MESSAGE][INFO] - Found 1 web elements with id: 'Object Repository/Butonlar/AltButonlar' located by 'By.cssSelector: .btn-group.open li>a' in '10' second(s)

2021-10-15 17:25:26 - [MESSAGE][PASSED] - Method.TextDegerineEsitElementVarMi is PASSED

2021-10-15 17:25:26 - [MESSAGE][PASSED] - Call Test Case 'Test Cases/Butonlar/AltButonVarMi' successfully

2021-10-15 17:25:26 - [MESSAGE][INFO] - Checking called Test Case

2021-10-15 17:25:26 - [MESSAGE][INFO] - Starting to call Test Case 'Test Cases/Kullanici_Islemleri/KullaniciIslemlerindenSecimYapilir'

2021-10-15 17:25:26 - [TEST_CASE][PASSED] - Test Cases/Kullanici_Islemleri/KullaniciIslemlerindenSecimYapilir: Test Cases/Kullanici_Islemleri/KullaniciIslemlerindenSecimYapilir

2021-10-15 17:25:26 - [TEST_STEP][PASSED] - waitForElementClickable(findTestObject("Object Repository/Kullanici_Islemleri/KullaniciIslemleri"), 10): Object 'Object Repository/Kullanici_Islemleri/KullaniciIslemleri' is clickable

2021-10-15 17:25:26 - [MESSAGE][INFO] - Finding Test Object 'Object Repository/Kullanici_Islemleri/KullaniciIslemleri'

2021-10-15 17:25:26 - [MESSAGE][INFO] - Checking object

2021-10-15 17:25:26 - [MESSAGE][INFO] - Checking timeout

2021-10-15 17:25:26 - [MESSAGE][INFO] - Finding web element from Test Object's properties

2021-10-15 17:25:26 - [MESSAGE][INFO] - Checking timeout

2021-10-15 17:25:26 - [MESSAGE][INFO] - Finding web element with id: 'Object Repository/Kullanici_Islemleri/KullaniciIslemleri' located by 'By.cssSelector: .dropdown>a>img' in '10' second(s)

2021-10-15 17:25:26 - [MESSAGE][INFO] - Smart Wait Function is triggered

2021-10-15 17:25:26 - [MESSAGE][INFO] - Found 1 web elements with id: 'Object Repository/Kullanici_Islemleri/KullaniciIslemleri' located by 'By.cssSelector: .dropdown>a>img' in '10' second(s)

2021-10-15 17:25:26 - [MESSAGE][PASSED] - Object 'Object Repository/Kullanici_Islemleri/KullaniciIslemleri' is clickable

2021-10-15 17:25:26 - [TEST_STEP][PASSED] - click(findTestObject("Object Repository/Kullanici_Islemleri/KullaniciIslemleri")): Object: 'Object Repository/Kullanici_Islemleri/KullaniciIslemleri' is clicked on

2021-10-15 17:25:26 - [MESSAGE][INFO] - Finding Test Object 'Object Repository/Kullanici_Islemleri/KullaniciIslemleri'

2021-10-15 17:25:27 - [MESSAGE][INFO] - Checking object

2021-10-15 17:25:27 - [MESSAGE][INFO] - Finding web element from Test Object's properties

2021-10-15 17:25:27 - [MESSAGE][INFO] - Checking timeout

2021-10-15 17:25:27 - [MESSAGE][INFO] - Finding web element with id: 'Object Repository/Kullanici_Islemleri/KullaniciIslemleri' located by 'By.cssSelector: .dropdown>a>img' in '30' second(s)

2021-10-15 17:25:27 - [MESSAGE][INFO] - Smart Wait Function is triggered

2021-10-15 17:25:27 - [MESSAGE][INFO] - Found 1 web elements with id: 'Object Repository/Kullanici_Islemleri/KullaniciIslemleri' located by 'By.cssSelector: .dropdown>a>img' in '30' second(s)

2021-10-15 17:25:27 - [MESSAGE][INFO] - Clicking on object: 'Object Repository/Kullanici_Islemleri/KullaniciIslemleri'

2021-10-15 17:25:27 - [MESSAGE][PASSED] - Object: 'Object Repository/Kullanici_Islemleri/KullaniciIslemleri' is clicked on

2021-10-15 17:25:27 - [TEST_STEP][PASSED] - Method.TextDegerineEsitElementeTikla(findTestObject("Object Repository/Kullanici_Islemleri/Secenekler"), Islem): Method.TextDegerineEsitElementeTikla is PASSED

2021-10-15 17:25:27 - [MESSAGE][INFO] - Finding Test Object 'Object Repository/Kullanici_Islemleri/Secenekler'

2021-10-15 17:25:27 - [MESSAGE][INFO] - Checking timeout

2021-10-15 17:25:27 - [MESSAGE][INFO] - Finding web element with id: 'Object Repository/Kullanici_Islemleri/Secenekler' located by 'By.cssSelector: .nav.navbar-nav.navbar-right li a' in '10' second(s)

2021-10-15 17:25:27 - [MESSAGE][INFO] - Smart Wait Function is triggered

2021-10-15 17:25:27 - [MESSAGE][INFO] - Found 22 web elements with id: 'Object Repository/Kullanici_Islemleri/Secenekler' located by 'By.cssSelector: .nav.navbar-nav.navbar-right li a' in '10' second(s)

2021-10-15 17:25:29 - [MESSAGE][PASSED] - Method.TextDegerineEsitElementeTikla is PASSED

2021-10-15 17:25:29 - [TEST_STEP][PASSED] - verifyElementNotPresent(findTestObject("Object Repository/Kullanici_Islemleri/Secenekler"), 10): Web element with id: 'Object Repository/Kullanici_Islemleri/Secenekler' located by 'By.cssSelector: .nav.navbar-nav.navbar-right li a' is not present after '10' second(s)

2021-10-15 17:25:29 - [MESSAGE][INFO] - Finding Test Object 'Object Repository/Kullanici_Islemleri/Secenekler'

2021-10-15 17:25:29 - [MESSAGE][INFO] - Checking object

2021-10-15 17:25:29 - [MESSAGE][INFO] - Checking timeout

2021-10-15 17:25:29 - [MESSAGE][INFO] - Finding web element with id: 'Object Repository/Kullanici_Islemleri/Secenekler' located by 'By.cssSelector: .nav.navbar-nav.navbar-right li a' in '10' second(s)

2021-10-15 17:25:29 - [MESSAGE][INFO] - Smart Wait Function is triggered

2021-10-15 17:25:29 - [MESSAGE][PASSED] - Web element with id: 'Object Repository/Kullanici_Islemleri/Secenekler' located by 'By.cssSelector: .nav.navbar-nav.navbar-right li a' is not present after '10' second(s)

2021-10-15 17:25:29 - [MESSAGE][PASSED] - Call Test Case 'Test Cases/Kullanici_Islemleri/KullaniciIslemlerindenSecimYapilir' successfully

2021-10-15 17:25:29 - [TEST_CASE][PASSED] - Start Test Case : SCENARIO Giden Zarflar Buton Kontrolu: SCENARIO Giden Zarflar Buton Kontrolu

2021-10-15 17:25:29 - [TEST_STEP][PASSED] - Kullanıcı adı ELOGO6 ve Şifre 123456 olarak giriş yapılır: Kullanıcı adı ELOGO6 ve Şifre 123456 olarak giriş yapılır

2021-10-15 17:25:29 - [MESSAGE][PASSED] - Kullanıcı adı ELOGO6 ve Şifre 123456 olarak giriş yapılır

2021-10-15 17:25:29 - [TEST_STEP][PASSED] - Ana menüden Zarflar seçilir: Ana menüden Zarflar seçilir

2021-10-15 17:25:29 - [MESSAGE][PASSED] - Ana menüden Zarflar seçilir

2021-10-15 17:25:29 - [TEST_STEP][PASSED] - Alt menüden Giden Zarflar seçilir: Alt menüden Giden Zarflar seçilir

2021-10-15 17:25:29 - [MESSAGE][PASSED] - Alt menüden Giden Zarflar seçilir

2021-10-15 17:25:29 - [TEST_STEP][PASSED] - Filtrelerden Oluşturma Tarihi filtresine 01.01.2020 baslangic degerini yaz: Filtrelerden Oluşturma Tarihi filtresine 01.01.2020 baslangic degerini yaz

2021-10-15 17:25:29 - [MESSAGE][PASSED] - Filtrelerden Oluşturma Tarihi filtresine 01.01.2020 baslangic degerini yaz

2021-10-15 17:25:29 - [TEST_STEP][PASSED] - Filtrelerden Oluşturma Tarihi filtresine 31.01.2020 bitis degerini yaz: Filtrelerden Oluşturma Tarihi filtresine 31.01.2020 bitis degerini yaz

2021-10-15 17:25:29 - [MESSAGE][PASSED] - Filtrelerden Oluşturma Tarihi filtresine 31.01.2020 bitis degerini yaz

2021-10-15 17:25:29 - [TEST_STEP][PASSED] - Filtre butonlarından Listele seçilir: Filtre butonlarından Listele seçilir

2021-10-15 17:25:29 - [MESSAGE][PASSED] - Filtre butonlarından Listele seçilir

2021-10-15 17:25:29 - [TEST_STEP][PASSED] - Tablodan ELOGO2 isimli verinin detayı tıklanır: Tablodan ELOGO2 isimli verinin detayı tıklanır

2021-10-15 17:25:29 - [MESSAGE][PASSED] - Tablodan ELOGO2 isimli verinin detayı tıklanır

2021-10-15 17:25:29 - [TEST_STEP][PASSED] - Tablodan ELOGO2 isimli verinin detayı tıklanır: Tablodan ELOGO2 isimli verinin detayı tıklanır

2021-10-15 17:25:29 - [MESSAGE][PASSED] - Tablodan ELOGO2 isimli verinin detayı tıklanır

2021-10-15 17:25:29 - [TEST_STEP][PASSED] - Filtre alanlarında Zarf ID var mı: Filtre alanlarında Zarf ID var mı

2021-10-15 17:25:29 - [MESSAGE][PASSED] - Filtre alanlarında Zarf ID var mı

2021-10-15 17:25:29 - [TEST_STEP][PASSED] - Filtre alanlarında Durum Kodu var mı: Filtre alanlarında Durum Kodu var mı

2021-10-15 17:25:29 - [MESSAGE][PASSED] - Filtre alanlarında Durum Kodu var mı

2021-10-15 17:25:29 - [TEST_STEP][PASSED] - Filtre alanlarında Oluşturma Tarihi var mı: Filtre alanlarında Oluşturma Tarihi var mı

2021-10-15 17:25:29 - [MESSAGE][PASSED] - Filtre alanlarında Oluşturma Tarihi var mı

2021-10-15 17:25:29 - [TEST_STEP][PASSED] - Filtre alanlarında Kullanıcı Kodu var mı: Filtre alanlarında Kullanıcı Kodu var mı

2021-10-15 17:25:29 - [MESSAGE][PASSED] - Filtre alanlarında Kullanıcı Kodu var mı

2021-10-15 17:25:29 - [TEST_STEP][PASSED] - Filtre alanlarında Alıcı VKN var mı: Filtre alanlarında Alıcı VKN var mı

2021-10-15 17:25:29 - [MESSAGE][PASSED] - Filtre alanlarında Alıcı VKN var mı

2021-10-15 17:25:29 - [TEST_STEP][PASSED] - Filtre alanlarında Alıcı Ünvan var mı: Filtre alanlarında Alıcı Ünvan var mı

2021-10-15 17:25:29 - [MESSAGE][PASSED] - Filtre alanlarında Alıcı Ünvan var mı

2021-10-15 17:25:29 - [TEST_STEP][PASSED] - Filtre alanlarında Belge Türü var mı: Filtre alanlarında Belge Türü var mı

2021-10-15 17:25:29 - [MESSAGE][PASSED] - Filtre alanlarında Belge Türü var mı

2021-10-15 17:25:29 - [TEST_STEP][PASSED] - Filtre alanlarında Tüm Hesaplar var mı: Filtre alanlarında Tüm Hesaplar var mı

2021-10-15 17:25:29 - [MESSAGE][PASSED] - Filtre alanlarında Tüm Hesaplar var mı

2021-10-15 17:25:29 - [TEST_STEP][PASSED] - Filtre butonlarında Filtreleri Kaydet var mı: Filtre butonlarında Filtreleri Kaydet var mı

2021-10-15 17:25:29 - [MESSAGE][PASSED] - Filtre butonlarında Filtreleri Kaydet var mı

2021-10-15 17:25:29 - [TEST_STEP][PASSED] - Filtre butonlarında Listele var mı: Filtre butonlarında Listele var mı

2021-10-15 17:25:29 - [MESSAGE][PASSED] - Filtre butonlarında Listele var mı

2021-10-15 17:25:29 - [TEST_STEP][PASSED] - Filtre butonlarında Temizle var mı: Filtre butonlarında Temizle var mı

2021-10-15 17:25:29 - [MESSAGE][PASSED] - Filtre butonlarında Temizle var mı

2021-10-15 17:25:29 - [TEST_STEP][PASSED] - Butonlardan Excel var mı: Butonlardan Excel var mı

2021-10-15 17:25:29 - [MESSAGE][PASSED] - Butonlardan Excel var mı

2021-10-15 17:25:29 - [TEST_STEP][PASSED] - Butonlardan Toplu İndirme var mı: Butonlardan Toplu İndirme var mı

2021-10-15 17:25:29 - [MESSAGE][PASSED] - Butonlardan Toplu İndirme var mı

2021-10-15 17:25:29 - [TEST_STEP][PASSED] - Butonlardan İndir var mı: Butonlardan İndir var mı

2021-10-15 17:25:29 - [MESSAGE][PASSED] - Butonlardan İndir var mı

2021-10-15 17:25:29 - [TEST_STEP][PASSED] - Butonlardan GİB var mı: Butonlardan GİB var mı

2021-10-15 17:25:29 - [MESSAGE][PASSED] - Butonlardan GİB var mı

2021-10-15 17:25:29 - [TEST_STEP][PASSED] - Butonlardan İzleme Kayıtları var mı: Butonlardan İzleme Kayıtları var mı

2021-10-15 17:25:29 - [MESSAGE][PASSED] - Butonlardan İzleme Kayıtları var mı

2021-10-15 17:25:29 - [TEST_STEP][PASSED] - Butonlardan Excel isimli butona tıklanır: Butonlardan Excel isimli butona tıklanır

2021-10-15 17:25:29 - [MESSAGE][PASSED] - Butonlardan Excel isimli butona tıklanır

2021-10-15 17:25:29 - [TEST_STEP][PASSED] - Alt butonlardan Seçilenleri Excel 'e Aktar var mı: Alt butonlardan Seçilenleri Excel 'e Aktar var mı

2021-10-15 17:25:29 - [MESSAGE][PASSED] - Alt butonlardan Seçilenleri Excel 'e Aktar var mı

2021-10-15 17:25:29 - [TEST_STEP][PASSED] - Alt butonlardan Tümünü Excel 'e Aktar var mı: Alt butonlardan Tümünü Excel 'e Aktar var mı

2021-10-15 17:25:29 - [MESSAGE][PASSED] - Alt butonlardan Tümünü Excel 'e Aktar var mı

2021-10-15 17:25:29 - [TEST_STEP][PASSED] - Butonlardan Toplu İndirme isimli butona tıklanır: Butonlardan Toplu İndirme isimli butona tıklanır

2021-10-15 17:25:29 - [MESSAGE][PASSED] - Butonlardan Toplu İndirme isimli butona tıklanır

2021-10-15 17:25:29 - [TEST_STEP][PASSED] - Alt butonlardan UBL Seçilenleri İndir var mı: Alt butonlardan UBL Seçilenleri İndir var mı

2021-10-15 17:25:29 - [MESSAGE][PASSED] - Alt butonlardan UBL Seçilenleri İndir var mı

2021-10-15 17:25:29 - [TEST_STEP][PASSED] - Alt butonlardan UBL Tümünü İndir var mı: Alt butonlardan UBL Tümünü İndir var mı

2021-10-15 17:25:29 - [MESSAGE][PASSED] - Alt butonlardan UBL Tümünü İndir var mı

2021-10-15 17:25:29 - [TEST_STEP][PASSED] - Butonlardan İndir isimli butona tıklanır: Butonlardan İndir isimli butona tıklanır

2021-10-15 17:25:29 - [MESSAGE][PASSED] - Butonlardan İndir isimli butona tıklanır

2021-10-15 17:25:29 - [TEST_STEP][PASSED] - Alt butonlardan İndir var mı: Alt butonlardan İndir var mı

2021-10-15 17:25:29 - [MESSAGE][PASSED] - Alt butonlardan İndir var mı

2021-10-15 17:25:29 - [TEST_STEP][PASSED] - Kullanıcı işlemlerinden Çıkış seçilir: Kullanıcı işlemlerinden Çıkış seçilir

2021-10-15 17:25:29 - [MESSAGE][PASSED] - Kullanıcı işlemlerinden Çıkış seçilir

2021-10-15 17:25:29 - [MESSAGE][PASSED] - Feature file: 'Include/features/Zarflar/Giden Zarflar/Ekran Kontrolu.feature' was passed

2021-10-15 17:25:29 - [TEST_STEP][PASSED] - Start listener action : sampleAfterTestSuite: Invoke 'com.kms.katalon.core.annotation.AfterTestCase' method: 'Listener.sampleAfterTestSuite(...)' completed.

2021-10-15 17:25:29 - [MESSAGE][INFO] - Starting invoke 'com.kms.katalon.core.annotation.AfterTestCase' method: 'Listener.sampleAfterTestSuite(...)'

2021-10-15 17:25:29 - [TEST_STEP][PASSED] - closeBrowser(): Invoke 'com.kms.katalon.core.annotation.AfterTestCase' method: 'Listener.sampleAfterTestSuite(...)' completed.

2021-10-15 17:25:29 - [MESSAGE][INFO] - Closing browser

2021-10-15 17:25:30 - [MESSAGE][PASSED] - Browser is closed

2021-10-15 17:25:30 - [MESSAGE][INFO] - Invoke 'com.kms.katalon.core.annotation.AfterTestCase' method: 'Listener.sampleAfterTestSuite(...)' completed.]]></system-out>
         <system-err><![CDATA[]]></system-err>
      </testcase>
      <testcase name="Test Cases/Case Repository/Zarflar/Giden Zarflar/GIB" time="40.499" classname="Test Cases/Case Repository/Zarflar/Giden Zarflar/GIB" status="PASSED">
         <system-out><![CDATA[2021-10-15 17:25:30 - [TEST_CASE][PASSED] - Test Cases/Case Repository/Zarflar/Giden Zarflar/GIB: Test Cases/Case Repository/Zarflar/Giden Zarflar/GIB

2021-10-15 17:25:30 - [TEST_STEP][PASSED] - Start listener action : sampleBeforeTestSuite: Invoke 'com.kms.katalon.core.annotation.BeforeTestCase' method: 'Listener.sampleBeforeTestSuite(...)' completed.

2021-10-15 17:25:30 - [MESSAGE][INFO] - Starting invoke 'com.kms.katalon.core.annotation.BeforeTestCase' method: 'Listener.sampleBeforeTestSuite(...)'

2021-10-15 17:25:30 - [TEST_STEP][PASSED] - openBrowser(baseUrl): Browser is opened with url: 'https://efatura-stage.elogo.com.tr/'

2021-10-15 17:25:30 - [MESSAGE][INFO] - Opening browser

2021-10-15 17:25:30 - [MESSAGE][INFO] - Starting 'Chrome' driver

2021-10-15 17:25:30 - [MESSAGE][INFO] - User set preference: ['prefs', '{download.default_directory=C:\otomasyondownfiles}']

2021-10-15 17:25:30 - [MESSAGE][INFO] - Action delay is set to 0 milliseconds

2021-10-15 17:25:31 - [MESSAGE][INFO] - Navigating browser to: 'https://efatura-stage.elogo.com.tr/'

2021-10-15 17:25:34 - [MESSAGE][PASSED] - Browser is opened with url: 'https://efatura-stage.elogo.com.tr/'

2021-10-15 17:25:34 - [TEST_STEP][PASSED] - maximizeWindow(): Invoke 'com.kms.katalon.core.annotation.BeforeTestCase' method: 'Listener.sampleBeforeTestSuite(...)' completed.

2021-10-15 17:25:34 - [MESSAGE][INFO] - Maximizing current window

2021-10-15 17:25:34 - [MESSAGE][PASSED] - Current window maximized

2021-10-15 17:25:34 - [MESSAGE][INFO] - Invoke 'com.kms.katalon.core.annotation.BeforeTestCase' method: 'Listener.sampleBeforeTestSuite(...)' completed.

2021-10-15 17:25:35 - [TEST_STEP][PASSED] - runFeatureFile("Include/features/Zarflar/Giden Zarflar/GIB.feature"): Feature file: 'Include/features/Zarflar/Giden Zarflar/GIB.feature' was passed

2021-10-15 17:25:35 - [MESSAGE][INFO] - Starting run keyword runFeatureFile: 'Include/features/Zarflar/Giden Zarflar/GIB.feature' and extract report to folder: 'C:\Users\DELL\Downloads\EES_Katalon-main\Reports\20211015_165642\Suite Repository\Zarflar\20211015_165727/cucumber_report/1634307935227'...

2021-10-15 17:25:35 - [MESSAGE][INFO] - Glue: []

2021-10-15 17:25:36 - [MESSAGE][INFO] - Checking called Test Case

2021-10-15 17:25:36 - [MESSAGE][INFO] - Starting to call Test Case 'Test Cases/Sayfalar/Giris_Sayfasi/Login'

2021-10-15 17:25:36 - [TEST_CASE][PASSED] - Test Cases/Sayfalar/Giris_Sayfasi/Login: Test Cases/Sayfalar/Giris_Sayfasi/Login

2021-10-15 17:25:36 - [TEST_STEP][PASSED] - Sayfa_Basligi = getWindowTitle(): Current window's title is: 'LOGO e-Fatura'

2021-10-15 17:25:36 - [MESSAGE][INFO] - Getting current window's title

2021-10-15 17:25:36 - [MESSAGE][PASSED] - Current window's title is: 'LOGO e-Fatura'

2021-10-15 17:25:36 - [TEST_STEP][PASSED] - verifyMatch(Sayfa_Basligi, "LOGO e-Fatura", false): Actual text 'LOGO e-Fatura' and expected text 'LOGO e-Fatura' are matched 

2021-10-15 17:25:36 - [MESSAGE][INFO] - Matching actual text 'LOGO e-Fatura' with expected text 'LOGO e-Fatura'

2021-10-15 17:25:36 - [MESSAGE][PASSED] - Actual text 'LOGO e-Fatura' and expected text 'LOGO e-Fatura' are matched 

2021-10-15 17:25:36 - [TEST_STEP][PASSED] - sendKeys(findTestObject("Sayfalar/Giris_Sayfasi/Firma_Kodu"), KullaniciAdi): Keys 'ELOGO6' sent to object: 'Object Repository/Sayfalar/Giris_Sayfasi/Firma_Kodu'

2021-10-15 17:25:36 - [MESSAGE][INFO] - Finding Test Object 'Object Repository/Sayfalar/Giris_Sayfasi/Firma_Kodu'

2021-10-15 17:25:36 - [MESSAGE][INFO] - Sending keys 'ELOGO6' to object: 'Object Repository/Sayfalar/Giris_Sayfasi/Firma_Kodu'

2021-10-15 17:25:36 - [MESSAGE][INFO] - Finding web element from Test Object's properties

2021-10-15 17:25:36 - [MESSAGE][INFO] - Checking timeout

2021-10-15 17:25:36 - [MESSAGE][INFO] - Finding web element with id: 'Object Repository/Sayfalar/Giris_Sayfasi/Firma_Kodu' located by 'By.xpath: //*[@id = 'AccountName']' in '30' second(s)

2021-10-15 17:25:36 - [MESSAGE][INFO] - Smart Wait Function is triggered

2021-10-15 17:25:36 - [MESSAGE][INFO] - Found 1 web elements with id: 'Object Repository/Sayfalar/Giris_Sayfasi/Firma_Kodu' located by 'By.xpath: //*[@id = 'AccountName']' in '30' second(s)

2021-10-15 17:25:36 - [MESSAGE][PASSED] - Keys 'ELOGO6' sent to object: 'Object Repository/Sayfalar/Giris_Sayfasi/Firma_Kodu'

2021-10-15 17:25:36 - [TEST_STEP][PASSED] - sendKeys(findTestObject("Sayfalar/Giris_Sayfasi/Sifre"), Sifre): Keys '123456' sent to object: 'Object Repository/Sayfalar/Giris_Sayfasi/Sifre'

2021-10-15 17:25:36 - [MESSAGE][INFO] - Finding Test Object 'Object Repository/Sayfalar/Giris_Sayfasi/Sifre'

2021-10-15 17:25:36 - [MESSAGE][INFO] - Sending keys '123456' to object: 'Object Repository/Sayfalar/Giris_Sayfasi/Sifre'

2021-10-15 17:25:36 - [MESSAGE][INFO] - Finding web element from Test Object's properties

2021-10-15 17:25:36 - [MESSAGE][INFO] - Checking timeout

2021-10-15 17:25:36 - [MESSAGE][INFO] - Finding web element with id: 'Object Repository/Sayfalar/Giris_Sayfasi/Sifre' located by 'By.xpath: //*[@id = 'Password']' in '30' second(s)

2021-10-15 17:25:36 - [MESSAGE][INFO] - Smart Wait Function is triggered

2021-10-15 17:25:37 - [MESSAGE][INFO] - Found 1 web elements with id: 'Object Repository/Sayfalar/Giris_Sayfasi/Sifre' located by 'By.xpath: //*[@id = 'Password']' in '30' second(s)

2021-10-15 17:25:37 - [MESSAGE][PASSED] - Keys '123456' sent to object: 'Object Repository/Sayfalar/Giris_Sayfasi/Sifre'

2021-10-15 17:25:37 - [TEST_STEP][PASSED] - findWebElement(findTestObject("Sayfalar/Giris_Sayfasi/Giris_Butonu")).click(): Found 1 web elements with id: 'Object Repository/Sayfalar/Giris_Sayfasi/Giris_Butonu' located by 'By.cssSelector: #btnLogin' in '30' second(s)

2021-10-15 17:25:37 - [MESSAGE][INFO] - Finding Test Object 'Object Repository/Sayfalar/Giris_Sayfasi/Giris_Butonu'

2021-10-15 17:25:37 - [MESSAGE][INFO] - Finding web element from Test Object's properties

2021-10-15 17:25:37 - [MESSAGE][INFO] - Checking timeout

2021-10-15 17:25:37 - [MESSAGE][INFO] - Finding web element with id: 'Object Repository/Sayfalar/Giris_Sayfasi/Giris_Butonu' located by 'By.cssSelector: #btnLogin' in '30' second(s)

2021-10-15 17:25:37 - [MESSAGE][INFO] - Smart Wait Function is triggered

2021-10-15 17:25:37 - [MESSAGE][INFO] - Found 1 web elements with id: 'Object Repository/Sayfalar/Giris_Sayfasi/Giris_Butonu' located by 'By.cssSelector: #btnLogin' in '30' second(s)

2021-10-15 17:25:39 - [TEST_STEP][PASSED] - if (verifyElementPresent(findTestObject("Object Repository/Sayfalar/Giris_Sayfasi/RetveTamam_Butonu"), 5, OPTIONAL)): null

2021-10-15 17:25:39 - [MESSAGE][INFO] - Finding Test Object 'Object Repository/Sayfalar/Giris_Sayfasi/RetveTamam_Butonu'

2021-10-15 17:25:39 - [MESSAGE][INFO] - Checking object

2021-10-15 17:25:39 - [MESSAGE][INFO] - Finding web element from Test Object's properties

2021-10-15 17:25:39 - [MESSAGE][INFO] - Checking timeout

2021-10-15 17:25:39 - [MESSAGE][INFO] - Finding web element with id: 'Object Repository/Sayfalar/Giris_Sayfasi/RetveTamam_Butonu' located by 'By.xpath: //*[@class = 'btn btn-default']' in '5' second(s)

2021-10-15 17:25:39 - [MESSAGE][INFO] - Smart Wait Function is triggered

2021-10-15 17:25:40 - [MESSAGE][INFO] - Found 1 web elements with id: 'Object Repository/Sayfalar/Giris_Sayfasi/RetveTamam_Butonu' located by 'By.xpath: //*[@class = 'btn btn-default']' in '5' second(s)

2021-10-15 17:25:40 - [MESSAGE][PASSED] - Object 'Object Repository/Sayfalar/Giris_Sayfasi/RetveTamam_Butonu' is present

2021-10-15 17:25:40 - [TEST_STEP][PASSED] - click(findTestObject("Object Repository/Sayfalar/Giris_Sayfasi/RetveTamam_Butonu")): Object: 'Object Repository/Sayfalar/Giris_Sayfasi/RetveTamam_Butonu' is clicked on

2021-10-15 17:25:40 - [MESSAGE][INFO] - Finding Test Object 'Object Repository/Sayfalar/Giris_Sayfasi/RetveTamam_Butonu'

2021-10-15 17:25:40 - [MESSAGE][INFO] - Checking object

2021-10-15 17:25:40 - [MESSAGE][INFO] - Finding web element from Test Object's properties

2021-10-15 17:25:40 - [MESSAGE][INFO] - Checking timeout

2021-10-15 17:25:40 - [MESSAGE][INFO] - Finding web element with id: 'Object Repository/Sayfalar/Giris_Sayfasi/RetveTamam_Butonu' located by 'By.xpath: //*[@class = 'btn btn-default']' in '30' second(s)

2021-10-15 17:25:40 - [MESSAGE][INFO] - Smart Wait Function is triggered

2021-10-15 17:25:40 - [MESSAGE][INFO] - Found 1 web elements with id: 'Object Repository/Sayfalar/Giris_Sayfasi/RetveTamam_Butonu' located by 'By.xpath: //*[@class = 'btn btn-default']' in '30' second(s)

2021-10-15 17:25:40 - [MESSAGE][INFO] - Clicking on object: 'Object Repository/Sayfalar/Giris_Sayfasi/RetveTamam_Butonu'

2021-10-15 17:25:40 - [MESSAGE][PASSED] - Object: 'Object Repository/Sayfalar/Giris_Sayfasi/RetveTamam_Butonu' is clicked on

2021-10-15 17:25:40 - [TEST_STEP][PASSED] - click(findTestObject("Object Repository/Sayfalar/Giris_Sayfasi/RetveTamam_Butonu")): Object: 'Object Repository/Sayfalar/Giris_Sayfasi/RetveTamam_Butonu' is clicked on

2021-10-15 17:25:40 - [MESSAGE][INFO] - Finding Test Object 'Object Repository/Sayfalar/Giris_Sayfasi/RetveTamam_Butonu'

2021-10-15 17:25:40 - [MESSAGE][INFO] - Checking object

2021-10-15 17:25:40 - [MESSAGE][INFO] - Finding web element from Test Object's properties

2021-10-15 17:25:40 - [MESSAGE][INFO] - Checking timeout

2021-10-15 17:25:40 - [MESSAGE][INFO] - Finding web element with id: 'Object Repository/Sayfalar/Giris_Sayfasi/RetveTamam_Butonu' located by 'By.xpath: //*[@class = 'btn btn-default']' in '30' second(s)

2021-10-15 17:25:40 - [MESSAGE][INFO] - Smart Wait Function is triggered

2021-10-15 17:25:43 - [MESSAGE][INFO] - Found 1 web elements with id: 'Object Repository/Sayfalar/Giris_Sayfasi/RetveTamam_Butonu' located by 'By.xpath: //*[@class = 'btn btn-default']' in '30' second(s)

2021-10-15 17:25:43 - [MESSAGE][INFO] - Clicking on object: 'Object Repository/Sayfalar/Giris_Sayfasi/RetveTamam_Butonu'

2021-10-15 17:25:43 - [MESSAGE][PASSED] - Object: 'Object Repository/Sayfalar/Giris_Sayfasi/RetveTamam_Butonu' is clicked on

2021-10-15 17:25:43 - [TEST_STEP][PASSED] - if (verifyElementPresent(findTestObject("Sayfalar/Giris_Sayfasi/PopupOK"), 5, OPTIONAL)): null

2021-10-15 17:25:43 - [MESSAGE][INFO] - Finding Test Object 'Object Repository/Sayfalar/Giris_Sayfasi/PopupOK'

2021-10-15 17:25:43 - [MESSAGE][INFO] - Checking object

2021-10-15 17:25:43 - [MESSAGE][INFO] - Finding web element from Test Object's properties

2021-10-15 17:25:43 - [MESSAGE][INFO] - Checking timeout

2021-10-15 17:25:43 - [MESSAGE][INFO] - Finding web element with id: 'Object Repository/Sayfalar/Giris_Sayfasi/PopupOK' located by 'By.cssSelector: .btn.btn-success' in '5' second(s)

2021-10-15 17:25:43 - [MESSAGE][INFO] - Smart Wait Function is triggered

2021-10-15 17:25:44 - [MESSAGE][INFO] - Found 1 web elements with id: 'Object Repository/Sayfalar/Giris_Sayfasi/PopupOK' located by 'By.cssSelector: .btn.btn-success' in '5' second(s)

2021-10-15 17:25:44 - [MESSAGE][PASSED] - Object 'Object Repository/Sayfalar/Giris_Sayfasi/PopupOK' is present

2021-10-15 17:25:44 - [TEST_STEP][PASSED] - click(findTestObject("Object Repository/Sayfalar/Giris_Sayfasi/PopupCarpiGiris")): Object: 'Object Repository/Sayfalar/Giris_Sayfasi/PopupCarpiGiris' is clicked on

2021-10-15 17:25:44 - [MESSAGE][INFO] - Finding Test Object 'Object Repository/Sayfalar/Giris_Sayfasi/PopupCarpiGiris'

2021-10-15 17:25:44 - [MESSAGE][INFO] - Checking object

2021-10-15 17:25:44 - [MESSAGE][INFO] - Finding web element from Test Object's properties

2021-10-15 17:25:44 - [MESSAGE][INFO] - Checking timeout

2021-10-15 17:25:44 - [MESSAGE][INFO] - Finding web element with id: 'Object Repository/Sayfalar/Giris_Sayfasi/PopupCarpiGiris' located by 'By.cssSelector: .bootbox-close-button.close' in '30' second(s)

2021-10-15 17:25:44 - [MESSAGE][INFO] - Smart Wait Function is triggered

2021-10-15 17:25:45 - [MESSAGE][INFO] - Found 1 web elements with id: 'Object Repository/Sayfalar/Giris_Sayfasi/PopupCarpiGiris' located by 'By.cssSelector: .bootbox-close-button.close' in '30' second(s)

2021-10-15 17:25:45 - [MESSAGE][INFO] - Clicking on object: 'Object Repository/Sayfalar/Giris_Sayfasi/PopupCarpiGiris'

2021-10-15 17:25:45 - [MESSAGE][PASSED] - Object: 'Object Repository/Sayfalar/Giris_Sayfasi/PopupCarpiGiris' is clicked on

2021-10-15 17:25:45 - [TEST_STEP][PASSED] - verifyElementVisible(findTestObject("Object Repository/Kullanici_Islemleri/KullaniciIslemleri")): Object 'Object Repository/Kullanici_Islemleri/KullaniciIslemleri' is visible

2021-10-15 17:25:45 - [MESSAGE][INFO] - Finding Test Object 'Object Repository/Kullanici_Islemleri/KullaniciIslemleri'

2021-10-15 17:25:45 - [MESSAGE][INFO] - Checking object

2021-10-15 17:25:45 - [MESSAGE][INFO] - Finding web element from Test Object's properties

2021-10-15 17:25:45 - [MESSAGE][INFO] - Checking timeout

2021-10-15 17:25:45 - [MESSAGE][INFO] - Finding web element with id: 'Object Repository/Kullanici_Islemleri/KullaniciIslemleri' located by 'By.cssSelector: .dropdown>a>img' in '30' second(s)

2021-10-15 17:25:45 - [MESSAGE][INFO] - Smart Wait Function is triggered

2021-10-15 17:25:45 - [MESSAGE][INFO] - Found 1 web elements with id: 'Object Repository/Kullanici_Islemleri/KullaniciIslemleri' located by 'By.cssSelector: .dropdown>a>img' in '30' second(s)

2021-10-15 17:25:46 - [MESSAGE][PASSED] - Object 'Object Repository/Kullanici_Islemleri/KullaniciIslemleri' is visible

2021-10-15 17:25:46 - [MESSAGE][PASSED] - Call Test Case 'Test Cases/Sayfalar/Giris_Sayfasi/Login' successfully

2021-10-15 17:25:46 - [MESSAGE][INFO] - Checking called Test Case

2021-10-15 17:25:46 - [MESSAGE][INFO] - Starting to call Test Case 'Test Cases/Menu/AnaMenuSecimi'

2021-10-15 17:25:46 - [TEST_CASE][PASSED] - Test Cases/Menu/AnaMenuSecimi: Test Cases/Menu/AnaMenuSecimi

2021-10-15 17:25:46 - [TEST_STEP][PASSED] - Method.TextDegerineEsitElementeTikla(findTestObject("Menu/Ana_Menu"), Ana_Menu): Method.TextDegerineEsitElementeTikla is PASSED

2021-10-15 17:25:46 - [MESSAGE][INFO] - Finding Test Object 'Object Repository/Menu/Ana_Menu'

2021-10-15 17:25:46 - [MESSAGE][INFO] - Checking timeout

2021-10-15 17:25:46 - [MESSAGE][INFO] - Finding web element with id: 'Object Repository/Menu/Ana_Menu' located by 'By.xpath: //*[@class = 'dropdown-toggle']' in '10' second(s)

2021-10-15 17:25:46 - [MESSAGE][INFO] - Smart Wait Function is triggered

2021-10-15 17:25:46 - [MESSAGE][INFO] - Found 14 web elements with id: 'Object Repository/Menu/Ana_Menu' located by 'By.xpath: //*[@class = 'dropdown-toggle']' in '10' second(s)

2021-10-15 17:25:46 - [MESSAGE][PASSED] - Method.TextDegerineEsitElementeTikla is PASSED

2021-10-15 17:25:46 - [MESSAGE][PASSED] - Call Test Case 'Test Cases/Menu/AnaMenuSecimi' successfully

2021-10-15 17:25:46 - [MESSAGE][INFO] - Checking called Test Case

2021-10-15 17:25:46 - [MESSAGE][INFO] - Starting to call Test Case 'Test Cases/Menu/AltMenuSecimi'

2021-10-15 17:25:47 - [TEST_CASE][PASSED] - Test Cases/Menu/AltMenuSecimi: Test Cases/Menu/AltMenuSecimi

2021-10-15 17:25:47 - [TEST_STEP][PASSED] - Method.TextDegerineEsitElementeTikla(findTestObject("Menu/Alt_Menu"), Alt_Menu): Method.TextDegerineEsitElementeTikla is PASSED

2021-10-15 17:25:47 - [MESSAGE][INFO] - Finding Test Object 'Object Repository/Menu/Alt_Menu'

2021-10-15 17:25:47 - [MESSAGE][INFO] - Checking timeout

2021-10-15 17:25:47 - [MESSAGE][INFO] - Finding web element with id: 'Object Repository/Menu/Alt_Menu' located by 'By.xpath: //li[@class='dropdown dropdown-large open']//li[@class='dropdown-element']' in '10' second(s)

2021-10-15 17:25:47 - [MESSAGE][INFO] - Smart Wait Function is triggered

2021-10-15 17:25:47 - [MESSAGE][INFO] - Found 2 web elements with id: 'Object Repository/Menu/Alt_Menu' located by 'By.xpath: //li[@class='dropdown dropdown-large open']//li[@class='dropdown-element']' in '10' second(s)

2021-10-15 17:25:49 - [MESSAGE][PASSED] - Method.TextDegerineEsitElementeTikla is PASSED

2021-10-15 17:25:49 - [MESSAGE][PASSED] - Call Test Case 'Test Cases/Menu/AltMenuSecimi' successfully

2021-10-15 17:25:49 - [MESSAGE][INFO] - Checking called Test Case

2021-10-15 17:25:49 - [MESSAGE][INFO] - Starting to call Test Case 'Test Cases/Filtreler/BaslangicYaz'

2021-10-15 17:25:49 - [TEST_CASE][PASSED] - Test Cases/Filtreler/BaslangicYaz: Test Cases/Filtreler/BaslangicYaz

2021-10-15 17:25:49 - [TEST_STEP][PASSED] - Method.TextDegerineEsitElementinAltindakineTikla(findTestObject("Filtreler/Basliklar"), findTestObject("Filtreler/Basliga_Gore_Baslangic_Image"), Filtre_Adi): Method.TextDegerineEsitElementinAltindakineTikla is PASSED

2021-10-15 17:25:49 - [MESSAGE][INFO] - Finding Test Object 'Object Repository/Filtreler/Basliklar'

2021-10-15 17:25:49 - [MESSAGE][INFO] - Finding Test Object 'Object Repository/Filtreler/Basliga_Gore_Baslangic_Image'

2021-10-15 17:25:49 - [MESSAGE][INFO] - Checking timeout

2021-10-15 17:25:49 - [MESSAGE][INFO] - Finding web element with id: 'Object Repository/Filtreler/Basliklar' located by 'By.cssSelector: .control-label.col-sm-4.paddingMarginRLC' in '10' second(s)

2021-10-15 17:25:49 - [MESSAGE][INFO] - Smart Wait Function is triggered

2021-10-15 17:25:50 - [MESSAGE][INFO] - Found 8 web elements with id: 'Object Repository/Filtreler/Basliklar' located by 'By.cssSelector: .control-label.col-sm-4.paddingMarginRLC' in '10' second(s)

2021-10-15 17:25:50 - [MESSAGE][INFO] - Smart Wait Function is triggered

2021-10-15 17:25:50 - [MESSAGE][PASSED] - Method.TextDegerineEsitElementinAltindakineTikla is PASSED

2021-10-15 17:25:50 - [TEST_STEP][PASSED] - Method.TextDegerineEsitElementinAltindakiTextboxtaYaz(findTestObject("Filtreler/Basliklar"), findTestObject("Filtreler/Basliga_Gore_Baslangic"), Filtre_Adi, Filtre_Degeri): Method.TextDegerineEsitElementinAltindakiTextboxtaYaz is PASSED

2021-10-15 17:25:50 - [MESSAGE][INFO] - Finding Test Object 'Object Repository/Filtreler/Basliklar'

2021-10-15 17:25:50 - [MESSAGE][INFO] - Finding Test Object 'Object Repository/Filtreler/Basliga_Gore_Baslangic'

2021-10-15 17:25:50 - [MESSAGE][INFO] - Checking timeout

2021-10-15 17:25:50 - [MESSAGE][INFO] - Finding web element with id: 'Object Repository/Filtreler/Basliklar' located by 'By.cssSelector: .control-label.col-sm-4.paddingMarginRLC' in '10' second(s)

2021-10-15 17:25:50 - [MESSAGE][INFO] - Smart Wait Function is triggered

2021-10-15 17:25:51 - [MESSAGE][INFO] - Found 8 web elements with id: 'Object Repository/Filtreler/Basliklar' located by 'By.cssSelector: .control-label.col-sm-4.paddingMarginRLC' in '10' second(s)

2021-10-15 17:25:51 - [MESSAGE][INFO] - Smart Wait Function is triggered

2021-10-15 17:25:51 - [MESSAGE][PASSED] - Method.TextDegerineEsitElementinAltindakiTextboxtaYaz is PASSED

2021-10-15 17:25:51 - [MESSAGE][PASSED] - Call Test Case 'Test Cases/Filtreler/BaslangicYaz' successfully

2021-10-15 17:25:51 - [MESSAGE][INFO] - Checking called Test Case

2021-10-15 17:25:51 - [MESSAGE][INFO] - Starting to call Test Case 'Test Cases/Filtreler/BitisYaz'

2021-10-15 17:25:51 - [TEST_CASE][PASSED] - Test Cases/Filtreler/BitisYaz: Test Cases/Filtreler/BitisYaz

2021-10-15 17:25:51 - [TEST_STEP][PASSED] - Method.TextDegerineEsitElementinAltindakineTikla(findTestObject("Filtreler/Basliklar"), findTestObject("Filtreler/Basliga_Gore_Bitis_Image"), Filtre_Adi): Method.TextDegerineEsitElementinAltindakineTikla is PASSED

2021-10-15 17:25:51 - [MESSAGE][INFO] - Finding Test Object 'Object Repository/Filtreler/Basliklar'

2021-10-15 17:25:52 - [MESSAGE][INFO] - Finding Test Object 'Object Repository/Filtreler/Basliga_Gore_Bitis_Image'

2021-10-15 17:25:52 - [MESSAGE][INFO] - Checking timeout

2021-10-15 17:25:52 - [MESSAGE][INFO] - Finding web element with id: 'Object Repository/Filtreler/Basliklar' located by 'By.cssSelector: .control-label.col-sm-4.paddingMarginRLC' in '10' second(s)

2021-10-15 17:25:52 - [MESSAGE][INFO] - Smart Wait Function is triggered

2021-10-15 17:25:52 - [MESSAGE][INFO] - Found 8 web elements with id: 'Object Repository/Filtreler/Basliklar' located by 'By.cssSelector: .control-label.col-sm-4.paddingMarginRLC' in '10' second(s)

2021-10-15 17:25:52 - [MESSAGE][INFO] - Smart Wait Function is triggered

2021-10-15 17:25:52 - [MESSAGE][PASSED] - Method.TextDegerineEsitElementinAltindakineTikla is PASSED

2021-10-15 17:25:52 - [TEST_STEP][PASSED] - Method.TextDegerineEsitElementinAltindakiTextboxtaYaz(findTestObject("Filtreler/Basliklar"), findTestObject("Object Repository/Filtreler/Basliga_Gore_Bitis"), Filtre_Adi, Filtre_Degeri): Method.TextDegerineEsitElementinAltindakiTextboxtaYaz is PASSED

2021-10-15 17:25:52 - [MESSAGE][INFO] - Finding Test Object 'Object Repository/Filtreler/Basliklar'

2021-10-15 17:25:53 - [MESSAGE][INFO] - Finding Test Object 'Object Repository/Filtreler/Basliga_Gore_Bitis'

2021-10-15 17:25:53 - [MESSAGE][INFO] - Checking timeout

2021-10-15 17:25:53 - [MESSAGE][INFO] - Finding web element with id: 'Object Repository/Filtreler/Basliklar' located by 'By.cssSelector: .control-label.col-sm-4.paddingMarginRLC' in '10' second(s)

2021-10-15 17:25:53 - [MESSAGE][INFO] - Smart Wait Function is triggered

2021-10-15 17:25:53 - [MESSAGE][INFO] - Found 8 web elements with id: 'Object Repository/Filtreler/Basliklar' located by 'By.cssSelector: .control-label.col-sm-4.paddingMarginRLC' in '10' second(s)

2021-10-15 17:25:53 - [MESSAGE][INFO] - Smart Wait Function is triggered

2021-10-15 17:25:54 - [MESSAGE][PASSED] - Method.TextDegerineEsitElementinAltindakiTextboxtaYaz is PASSED

2021-10-15 17:25:54 - [MESSAGE][PASSED] - Call Test Case 'Test Cases/Filtreler/BitisYaz' successfully

2021-10-15 17:25:54 - [MESSAGE][INFO] - Checking called Test Case

2021-10-15 17:25:54 - [MESSAGE][INFO] - Starting to call Test Case 'Test Cases/Filtreler/ButonaTikla'

2021-10-15 17:25:54 - [TEST_CASE][PASSED] - Test Cases/Filtreler/ButonaTikla: Test Cases/Filtreler/ButonaTikla

2021-10-15 17:25:54 - [TEST_STEP][PASSED] - Method.TextDegerineEsitElementeTikla(findTestObject("Filtreler/Butonlar"), Filtre_Buton): Method.TextDegerineEsitElementeTikla is PASSED

2021-10-15 17:25:54 - [MESSAGE][INFO] - Finding Test Object 'Object Repository/Filtreler/Butonlar'

2021-10-15 17:25:54 - [MESSAGE][INFO] - Checking timeout

2021-10-15 17:25:54 - [MESSAGE][INFO] - Finding web element with id: 'Object Repository/Filtreler/Butonlar' located by 'By.cssSelector: .dxb>span' in '10' second(s)

2021-10-15 17:25:54 - [MESSAGE][INFO] - Smart Wait Function is triggered

2021-10-15 17:25:55 - [MESSAGE][INFO] - Found 3 web elements with id: 'Object Repository/Filtreler/Butonlar' located by 'By.cssSelector: .dxb>span' in '10' second(s)

2021-10-15 17:25:55 - [MESSAGE][PASSED] - Method.TextDegerineEsitElementeTikla is PASSED

2021-10-15 17:25:55 - [MESSAGE][PASSED] - Call Test Case 'Test Cases/Filtreler/ButonaTikla' successfully

2021-10-15 17:25:55 - [MESSAGE][INFO] - Checking called Test Case

2021-10-15 17:25:55 - [MESSAGE][INFO] - Starting to call Test Case 'Test Cases/Tablo/TablodaVeriVarMi'

2021-10-15 17:25:55 - [TEST_CASE][PASSED] - Test Cases/Tablo/TablodaVeriVarMi: Test Cases/Tablo/TablodaVeriVarMi

2021-10-15 17:25:55 - [TEST_STEP][PASSED] - verifyTextNotPresent("Görüntülenecek veri yok", true): Text 'Görüntülenecek veri yok' is not present on page using regular expression

2021-10-15 17:25:55 - [MESSAGE][INFO] - Checking text present  using regular expression

2021-10-15 17:25:55 - [MESSAGE][INFO] - Smart Wait Function is triggered

2021-10-15 17:25:56 - [MESSAGE][INFO] - Finding text 'Görüntülenecek veri yok' on page  using regular expression

2021-10-15 17:25:56 - [MESSAGE][PASSED] - Text 'Görüntülenecek veri yok' is not present on page using regular expression

2021-10-15 17:25:56 - [MESSAGE][PASSED] - Call Test Case 'Test Cases/Tablo/TablodaVeriVarMi' successfully

2021-10-15 17:25:56 - [MESSAGE][INFO] - Checking called Test Case

2021-10-15 17:25:56 - [MESSAGE][INFO] - Starting to call Test Case 'Test Cases/Tablo/TablodanVeriSec'

2021-10-15 17:25:56 - [TEST_CASE][PASSED] - Test Cases/Tablo/TablodanVeriSec: Test Cases/Tablo/TablodanVeriSec

2021-10-15 17:25:56 - [TEST_STEP][PASSED] - Method.TextDegerineEsitElementinAltindakineTikla(findTestObject("Tablo/Veriler"), findTestObject("Tablo/VerininCheckBoxi"), Veri_Adi): Method.TextDegerineEsitElementinAltindakineTikla is PASSED

2021-10-15 17:25:56 - [MESSAGE][INFO] - Finding Test Object 'Object Repository/Tablo/Veriler'

2021-10-15 17:25:56 - [MESSAGE][INFO] - Finding Test Object 'Object Repository/Tablo/VerininCheckBoxi'

2021-10-15 17:25:56 - [MESSAGE][INFO] - Checking timeout

2021-10-15 17:25:56 - [MESSAGE][INFO] - Finding web element with id: 'Object Repository/Tablo/Veriler' located by 'By.cssSelector: td.dxgv b ,td.dxgv' in '10' second(s)

2021-10-15 17:25:56 - [MESSAGE][INFO] - Smart Wait Function is triggered

2021-10-15 17:25:56 - [MESSAGE][INFO] - Found 110 web elements with id: 'Object Repository/Tablo/Veriler' located by 'By.cssSelector: td.dxgv b ,td.dxgv' in '10' second(s)

2021-10-15 17:25:57 - [MESSAGE][INFO] - Smart Wait Function is triggered

2021-10-15 17:25:58 - [MESSAGE][PASSED] - Method.TextDegerineEsitElementinAltindakineTikla is PASSED

2021-10-15 17:25:58 - [MESSAGE][PASSED] - Call Test Case 'Test Cases/Tablo/TablodanVeriSec' successfully

2021-10-15 17:25:58 - [MESSAGE][INFO] - Checking called Test Case

2021-10-15 17:25:58 - [MESSAGE][INFO] - Starting to call Test Case 'Test Cases/Butonlar/ButonaTikla'

2021-10-15 17:25:58 - [TEST_CASE][PASSED] - Test Cases/Butonlar/ButonaTikla: Test Cases/Butonlar/ButonaTikla

2021-10-15 17:25:58 - [TEST_STEP][PASSED] - Method.TextDegerineEsitElementeTiklaEquals(findTestObject("Butonlar/Butonlar"), Buton_Adi): Method.TextDegerineEsitElementeTiklaEquals is PASSED

2021-10-15 17:25:58 - [MESSAGE][INFO] - Finding Test Object 'Object Repository/Butonlar/Butonlar'

2021-10-15 17:25:58 - [MESSAGE][INFO] - Checking timeout

2021-10-15 17:25:58 - [MESSAGE][INFO] - Finding web element with id: 'Object Repository/Butonlar/Butonlar' located by 'By.cssSelector: .panel.panel-default.text-center.footerPanel .btn,.btn.btn-primary.btnControls' in '10' second(s)

2021-10-15 17:25:58 - [MESSAGE][INFO] - Smart Wait Function is triggered

2021-10-15 17:25:58 - [MESSAGE][INFO] - Found 6 web elements with id: 'Object Repository/Butonlar/Butonlar' located by 'By.cssSelector: .panel.panel-default.text-center.footerPanel .btn,.btn.btn-primary.btnControls' in '10' second(s)

2021-10-15 17:25:58 - [MESSAGE][PASSED] - Method.TextDegerineEsitElementeTiklaEquals is PASSED

2021-10-15 17:25:58 - [MESSAGE][PASSED] - Call Test Case 'Test Cases/Butonlar/ButonaTikla' successfully

2021-10-15 17:25:58 - [MESSAGE][INFO] - Checking called Test Case

2021-10-15 17:25:58 - [MESSAGE][INFO] - Starting to call Test Case 'Test Cases/Popup/PopupBasligiIceriyorMu'

2021-10-15 17:25:58 - [TEST_CASE][PASSED] - Test Cases/Popup/PopupBasligiIceriyorMu: Test Cases/Popup/PopupBasligiIceriyorMu

2021-10-15 17:25:59 - [TEST_STEP][PASSED] - verifyElementText(findTestObject("Object Repository/Popup/PopupBaslikIceriyorMu"), Name): Actual text and expected text of test object 'Object Repository/Popup/PopupBaslikIceriyorMu' are matched.

2021-10-15 17:25:59 - [MESSAGE][INFO] - Finding Test Object 'Object Repository/Popup/PopupBaslikIceriyorMu'

2021-10-15 17:25:59 - [MESSAGE][INFO] - Checking object

2021-10-15 17:25:59 - [MESSAGE][INFO] - Finding web element from Test Object's properties

2021-10-15 17:25:59 - [MESSAGE][INFO] - Checking timeout

2021-10-15 17:25:59 - [MESSAGE][INFO] - Finding web element with id: 'Object Repository/Popup/PopupBaslikIceriyorMu' located by 'By.xpath: //*[@id = 'modalTitle']' in '30' second(s)

2021-10-15 17:25:59 - [MESSAGE][INFO] - Smart Wait Function is triggered

2021-10-15 17:26:06 - [MESSAGE][INFO] - Found 1 web elements with id: 'Object Repository/Popup/PopupBaslikIceriyorMu' located by 'By.xpath: //*[@id = 'modalTitle']' in '30' second(s)

2021-10-15 17:26:06 - [MESSAGE][PASSED] - Actual text and expected text of test object 'Object Repository/Popup/PopupBaslikIceriyorMu' are matched.

2021-10-15 17:26:06 - [MESSAGE][PASSED] - Call Test Case 'Test Cases/Popup/PopupBasligiIceriyorMu' successfully

2021-10-15 17:26:06 - [MESSAGE][INFO] - Checking called Test Case

2021-10-15 17:26:06 - [MESSAGE][INFO] - Starting to call Test Case 'Test Cases/Popup/PopupKapatilir'

2021-10-15 17:26:06 - [TEST_CASE][PASSED] - Test Cases/Popup/PopupKapatilir: Test Cases/Popup/PopupKapatilir

2021-10-15 17:26:06 - [TEST_STEP][PASSED] - waitForElementClickable(findTestObject("Popup/Kapat"), 10): Object 'Object Repository/Popup/Kapat' is clickable

2021-10-15 17:26:06 - [MESSAGE][INFO] - Finding Test Object 'Object Repository/Popup/Kapat'

2021-10-15 17:26:06 - [MESSAGE][INFO] - Checking object

2021-10-15 17:26:06 - [MESSAGE][INFO] - Checking timeout

2021-10-15 17:26:06 - [MESSAGE][INFO] - Finding web element from Test Object's properties

2021-10-15 17:26:06 - [MESSAGE][INFO] - Checking timeout

2021-10-15 17:26:06 - [MESSAGE][INFO] - Finding web element with id: 'Object Repository/Popup/Kapat' located by 'By.cssSelector: .bootbox-close-button.close' in '10' second(s)

2021-10-15 17:26:06 - [MESSAGE][INFO] - Smart Wait Function is triggered

2021-10-15 17:26:06 - [MESSAGE][INFO] - Found 1 web elements with id: 'Object Repository/Popup/Kapat' located by 'By.cssSelector: .bootbox-close-button.close' in '10' second(s)

2021-10-15 17:26:06 - [MESSAGE][PASSED] - Object 'Object Repository/Popup/Kapat' is clickable

2021-10-15 17:26:06 - [TEST_STEP][PASSED] - click(findTestObject("Popup/Kapat")): Object: 'Object Repository/Popup/Kapat' is clicked on

2021-10-15 17:26:06 - [MESSAGE][INFO] - Finding Test Object 'Object Repository/Popup/Kapat'

2021-10-15 17:26:07 - [MESSAGE][INFO] - Checking object

2021-10-15 17:26:07 - [MESSAGE][INFO] - Finding web element from Test Object's properties

2021-10-15 17:26:07 - [MESSAGE][INFO] - Checking timeout

2021-10-15 17:26:07 - [MESSAGE][INFO] - Finding web element with id: 'Object Repository/Popup/Kapat' located by 'By.cssSelector: .bootbox-close-button.close' in '30' second(s)

2021-10-15 17:26:07 - [MESSAGE][INFO] - Smart Wait Function is triggered

2021-10-15 17:26:07 - [MESSAGE][INFO] - Found 1 web elements with id: 'Object Repository/Popup/Kapat' located by 'By.cssSelector: .bootbox-close-button.close' in '30' second(s)

2021-10-15 17:26:07 - [MESSAGE][INFO] - Clicking on object: 'Object Repository/Popup/Kapat'

2021-10-15 17:26:07 - [MESSAGE][PASSED] - Object: 'Object Repository/Popup/Kapat' is clicked on

2021-10-15 17:26:07 - [MESSAGE][PASSED] - Call Test Case 'Test Cases/Popup/PopupKapatilir' successfully

2021-10-15 17:26:07 - [MESSAGE][INFO] - Checking called Test Case

2021-10-15 17:26:07 - [MESSAGE][INFO] - Starting to call Test Case 'Test Cases/Kullanici_Islemleri/KullaniciIslemlerindenSecimYapilir'

2021-10-15 17:26:07 - [TEST_CASE][PASSED] - Test Cases/Kullanici_Islemleri/KullaniciIslemlerindenSecimYapilir: Test Cases/Kullanici_Islemleri/KullaniciIslemlerindenSecimYapilir

2021-10-15 17:26:07 - [TEST_STEP][PASSED] - waitForElementClickable(findTestObject("Object Repository/Kullanici_Islemleri/KullaniciIslemleri"), 10): Object 'Object Repository/Kullanici_Islemleri/KullaniciIslemleri' is clickable

2021-10-15 17:26:07 - [MESSAGE][INFO] - Finding Test Object 'Object Repository/Kullanici_Islemleri/KullaniciIslemleri'

2021-10-15 17:26:07 - [MESSAGE][INFO] - Checking object

2021-10-15 17:26:07 - [MESSAGE][INFO] - Checking timeout

2021-10-15 17:26:07 - [MESSAGE][INFO] - Finding web element from Test Object's properties

2021-10-15 17:26:07 - [MESSAGE][INFO] - Checking timeout

2021-10-15 17:26:07 - [MESSAGE][INFO] - Finding web element with id: 'Object Repository/Kullanici_Islemleri/KullaniciIslemleri' located by 'By.cssSelector: .dropdown>a>img' in '10' second(s)

2021-10-15 17:26:07 - [MESSAGE][INFO] - Smart Wait Function is triggered

2021-10-15 17:26:08 - [MESSAGE][INFO] - Found 1 web elements with id: 'Object Repository/Kullanici_Islemleri/KullaniciIslemleri' located by 'By.cssSelector: .dropdown>a>img' in '10' second(s)

2021-10-15 17:26:08 - [MESSAGE][PASSED] - Object 'Object Repository/Kullanici_Islemleri/KullaniciIslemleri' is clickable

2021-10-15 17:26:08 - [TEST_STEP][PASSED] - click(findTestObject("Object Repository/Kullanici_Islemleri/KullaniciIslemleri")): Object: 'Object Repository/Kullanici_Islemleri/KullaniciIslemleri' is clicked on

2021-10-15 17:26:08 - [MESSAGE][INFO] - Finding Test Object 'Object Repository/Kullanici_Islemleri/KullaniciIslemleri'

2021-10-15 17:26:08 - [MESSAGE][INFO] - Checking object

2021-10-15 17:26:08 - [MESSAGE][INFO] - Finding web element from Test Object's properties

2021-10-15 17:26:08 - [MESSAGE][INFO] - Checking timeout

2021-10-15 17:26:08 - [MESSAGE][INFO] - Finding web element with id: 'Object Repository/Kullanici_Islemleri/KullaniciIslemleri' located by 'By.cssSelector: .dropdown>a>img' in '30' second(s)

2021-10-15 17:26:08 - [MESSAGE][INFO] - Smart Wait Function is triggered

2021-10-15 17:26:08 - [MESSAGE][INFO] - Found 1 web elements with id: 'Object Repository/Kullanici_Islemleri/KullaniciIslemleri' located by 'By.cssSelector: .dropdown>a>img' in '30' second(s)

2021-10-15 17:26:08 - [MESSAGE][INFO] - Clicking on object: 'Object Repository/Kullanici_Islemleri/KullaniciIslemleri'

2021-10-15 17:26:08 - [MESSAGE][PASSED] - Object: 'Object Repository/Kullanici_Islemleri/KullaniciIslemleri' is clicked on

2021-10-15 17:26:08 - [TEST_STEP][PASSED] - Method.TextDegerineEsitElementeTikla(findTestObject("Object Repository/Kullanici_Islemleri/Secenekler"), Islem): Method.TextDegerineEsitElementeTikla is PASSED

2021-10-15 17:26:08 - [MESSAGE][INFO] - Finding Test Object 'Object Repository/Kullanici_Islemleri/Secenekler'

2021-10-15 17:26:08 - [MESSAGE][INFO] - Checking timeout

2021-10-15 17:26:08 - [MESSAGE][INFO] - Finding web element with id: 'Object Repository/Kullanici_Islemleri/Secenekler' located by 'By.cssSelector: .nav.navbar-nav.navbar-right li a' in '10' second(s)

2021-10-15 17:26:08 - [MESSAGE][INFO] - Smart Wait Function is triggered

2021-10-15 17:26:08 - [MESSAGE][INFO] - Found 22 web elements with id: 'Object Repository/Kullanici_Islemleri/Secenekler' located by 'By.cssSelector: .nav.navbar-nav.navbar-right li a' in '10' second(s)

2021-10-15 17:26:09 - [MESSAGE][PASSED] - Method.TextDegerineEsitElementeTikla is PASSED

2021-10-15 17:26:09 - [TEST_STEP][PASSED] - verifyElementNotPresent(findTestObject("Object Repository/Kullanici_Islemleri/Secenekler"), 10): Web element with id: 'Object Repository/Kullanici_Islemleri/Secenekler' located by 'By.cssSelector: .nav.navbar-nav.navbar-right li a' is not present after '10' second(s)

2021-10-15 17:26:09 - [MESSAGE][INFO] - Finding Test Object 'Object Repository/Kullanici_Islemleri/Secenekler'

2021-10-15 17:26:09 - [MESSAGE][INFO] - Checking object

2021-10-15 17:26:09 - [MESSAGE][INFO] - Checking timeout

2021-10-15 17:26:09 - [MESSAGE][INFO] - Finding web element with id: 'Object Repository/Kullanici_Islemleri/Secenekler' located by 'By.cssSelector: .nav.navbar-nav.navbar-right li a' in '10' second(s)

2021-10-15 17:26:09 - [MESSAGE][INFO] - Smart Wait Function is triggered

2021-10-15 17:26:10 - [MESSAGE][PASSED] - Web element with id: 'Object Repository/Kullanici_Islemleri/Secenekler' located by 'By.cssSelector: .nav.navbar-nav.navbar-right li a' is not present after '10' second(s)

2021-10-15 17:26:10 - [MESSAGE][PASSED] - Call Test Case 'Test Cases/Kullanici_Islemleri/KullaniciIslemlerindenSecimYapilir' successfully

2021-10-15 17:26:10 - [TEST_CASE][PASSED] - Start Test Case : SCENARIO Giden Zarf GIB: SCENARIO Giden Zarf GIB

2021-10-15 17:26:10 - [TEST_STEP][PASSED] - Kullanıcı adı ELOGO6 ve Şifre 123456 olarak giriş yapılır: Kullanıcı adı ELOGO6 ve Şifre 123456 olarak giriş yapılır

2021-10-15 17:26:10 - [MESSAGE][PASSED] - Kullanıcı adı ELOGO6 ve Şifre 123456 olarak giriş yapılır

2021-10-15 17:26:10 - [TEST_STEP][PASSED] - Ana menüden Zarflar seçilir: Ana menüden Zarflar seçilir

2021-10-15 17:26:10 - [MESSAGE][PASSED] - Ana menüden Zarflar seçilir

2021-10-15 17:26:10 - [TEST_STEP][PASSED] - Alt menüden Giden Zarflar seçilir: Alt menüden Giden Zarflar seçilir

2021-10-15 17:26:10 - [MESSAGE][PASSED] - Alt menüden Giden Zarflar seçilir

2021-10-15 17:26:10 - [TEST_STEP][PASSED] - Filtrelerden Oluşturma Tarihi filtresine 01.01.2020 baslangic degerini yaz: Filtrelerden Oluşturma Tarihi filtresine 01.01.2020 baslangic degerini yaz

2021-10-15 17:26:10 - [MESSAGE][PASSED] - Filtrelerden Oluşturma Tarihi filtresine 01.01.2020 baslangic degerini yaz

2021-10-15 17:26:10 - [TEST_STEP][PASSED] - Filtrelerden Oluşturma Tarihi filtresine 31.01.2020 bitis degerini yaz: Filtrelerden Oluşturma Tarihi filtresine 31.01.2020 bitis degerini yaz

2021-10-15 17:26:10 - [MESSAGE][PASSED] - Filtrelerden Oluşturma Tarihi filtresine 31.01.2020 bitis degerini yaz

2021-10-15 17:26:10 - [TEST_STEP][PASSED] - Filtre butonlarından Listele seçilir: Filtre butonlarından Listele seçilir

2021-10-15 17:26:10 - [MESSAGE][PASSED] - Filtre butonlarından Listele seçilir

2021-10-15 17:26:10 - [TEST_STEP][PASSED] - Tabloda veri var mı kontrol edilir: Tabloda veri var mı kontrol edilir

2021-10-15 17:26:10 - [MESSAGE][PASSED] - Tabloda veri var mı kontrol edilir

2021-10-15 17:26:10 - [TEST_STEP][PASSED] - Tablodan GÜMRÜK VE TİCARET BAKANLIĞI isimli veri seçilir: Tablodan GÜMRÜK VE TİCARET BAKANLIĞI isimli veri seçilir

2021-10-15 17:26:10 - [MESSAGE][PASSED] - Tablodan GÜMRÜK VE TİCARET BAKANLIĞI isimli veri seçilir

2021-10-15 17:26:10 - [TEST_STEP][PASSED] - Butonlardan GİB isimli butona tıklanır: Butonlardan GİB isimli butona tıklanır

2021-10-15 17:26:10 - [MESSAGE][PASSED] - Butonlardan GİB isimli butona tıklanır

2021-10-15 17:26:10 - [TEST_STEP][PASSED] - Popup başlığı GİB Durum Sorgulama içeriyor mu: Popup başlığı GİB Durum Sorgulama içeriyor mu

2021-10-15 17:26:10 - [MESSAGE][PASSED] - Popup başlığı GİB Durum Sorgulama içeriyor mu

2021-10-15 17:26:10 - [TEST_STEP][PASSED] - Popup kapatılır: Popup kapatılır

2021-10-15 17:26:10 - [MESSAGE][PASSED] - Popup kapatılır

2021-10-15 17:26:10 - [TEST_STEP][PASSED] - Kullanıcı işlemlerinden Çıkış seçilir: Kullanıcı işlemlerinden Çıkış seçilir

2021-10-15 17:26:10 - [MESSAGE][PASSED] - Kullanıcı işlemlerinden Çıkış seçilir

2021-10-15 17:26:10 - [MESSAGE][PASSED] - Feature file: 'Include/features/Zarflar/Giden Zarflar/GIB.feature' was passed

2021-10-15 17:26:10 - [TEST_STEP][PASSED] - Start listener action : sampleAfterTestSuite: Invoke 'com.kms.katalon.core.annotation.AfterTestCase' method: 'Listener.sampleAfterTestSuite(...)' completed.

2021-10-15 17:26:10 - [MESSAGE][INFO] - Starting invoke 'com.kms.katalon.core.annotation.AfterTestCase' method: 'Listener.sampleAfterTestSuite(...)'

2021-10-15 17:26:10 - [TEST_STEP][PASSED] - closeBrowser(): Invoke 'com.kms.katalon.core.annotation.AfterTestCase' method: 'Listener.sampleAfterTestSuite(...)' completed.

2021-10-15 17:26:10 - [MESSAGE][INFO] - Closing browser

2021-10-15 17:26:11 - [MESSAGE][PASSED] - Browser is closed

2021-10-15 17:26:11 - [MESSAGE][INFO] - Invoke 'com.kms.katalon.core.annotation.AfterTestCase' method: 'Listener.sampleAfterTestSuite(...)' completed.]]></system-out>
         <system-err><![CDATA[]]></system-err>
      </testcase>
      <testcase name="Test Cases/Case Repository/Zarflar/Giden Zarflar/Indir" time="32.568" classname="Test Cases/Case Repository/Zarflar/Giden Zarflar/Indir" status="PASSED">
         <system-out><![CDATA[2021-10-15 17:26:11 - [TEST_CASE][PASSED] - Test Cases/Case Repository/Zarflar/Giden Zarflar/Indir: Test Cases/Case Repository/Zarflar/Giden Zarflar/Indir

2021-10-15 17:26:11 - [TEST_STEP][PASSED] - Start listener action : sampleBeforeTestSuite: Invoke 'com.kms.katalon.core.annotation.BeforeTestCase' method: 'Listener.sampleBeforeTestSuite(...)' completed.

2021-10-15 17:26:11 - [MESSAGE][INFO] - Starting invoke 'com.kms.katalon.core.annotation.BeforeTestCase' method: 'Listener.sampleBeforeTestSuite(...)'

2021-10-15 17:26:11 - [TEST_STEP][PASSED] - openBrowser(baseUrl): Browser is opened with url: 'https://efatura-stage.elogo.com.tr/'

2021-10-15 17:26:11 - [MESSAGE][INFO] - Opening browser

2021-10-15 17:26:11 - [MESSAGE][INFO] - Starting 'Chrome' driver

2021-10-15 17:26:11 - [MESSAGE][INFO] - User set preference: ['prefs', '{download.default_directory=C:\otomasyondownfiles}']

2021-10-15 17:26:11 - [MESSAGE][INFO] - Action delay is set to 0 milliseconds

2021-10-15 17:26:12 - [MESSAGE][INFO] - Navigating browser to: 'https://efatura-stage.elogo.com.tr/'

2021-10-15 17:26:14 - [MESSAGE][PASSED] - Browser is opened with url: 'https://efatura-stage.elogo.com.tr/'

2021-10-15 17:26:14 - [TEST_STEP][PASSED] - maximizeWindow(): Invoke 'com.kms.katalon.core.annotation.BeforeTestCase' method: 'Listener.sampleBeforeTestSuite(...)' completed.

2021-10-15 17:26:14 - [MESSAGE][INFO] - Maximizing current window

2021-10-15 17:26:14 - [MESSAGE][PASSED] - Current window maximized

2021-10-15 17:26:14 - [MESSAGE][INFO] - Invoke 'com.kms.katalon.core.annotation.BeforeTestCase' method: 'Listener.sampleBeforeTestSuite(...)' completed.

2021-10-15 17:26:15 - [TEST_STEP][PASSED] - runFeatureFile("Include/features/Zarflar/Giden Zarflar/Indir.feature"): Feature file: 'Include/features/Zarflar/Giden Zarflar/Indir.feature' was passed

2021-10-15 17:26:15 - [MESSAGE][INFO] - Starting run keyword runFeatureFile: 'Include/features/Zarflar/Giden Zarflar/Indir.feature' and extract report to folder: 'C:\Users\DELL\Downloads\EES_Katalon-main\Reports\20211015_165642\Suite Repository\Zarflar\20211015_165727/cucumber_report/1634307975476'...

2021-10-15 17:26:15 - [MESSAGE][INFO] - Glue: []

2021-10-15 17:26:16 - [MESSAGE][INFO] - Checking called Test Case

2021-10-15 17:26:16 - [MESSAGE][INFO] - Starting to call Test Case 'Test Cases/Sayfalar/Giris_Sayfasi/Login'

2021-10-15 17:26:16 - [TEST_CASE][PASSED] - Test Cases/Sayfalar/Giris_Sayfasi/Login: Test Cases/Sayfalar/Giris_Sayfasi/Login

2021-10-15 17:26:16 - [TEST_STEP][PASSED] - Sayfa_Basligi = getWindowTitle(): Current window's title is: 'LOGO e-Fatura'

2021-10-15 17:26:16 - [MESSAGE][INFO] - Getting current window's title

2021-10-15 17:26:16 - [MESSAGE][PASSED] - Current window's title is: 'LOGO e-Fatura'

2021-10-15 17:26:16 - [TEST_STEP][PASSED] - verifyMatch(Sayfa_Basligi, "LOGO e-Fatura", false): Actual text 'LOGO e-Fatura' and expected text 'LOGO e-Fatura' are matched 

2021-10-15 17:26:16 - [MESSAGE][INFO] - Matching actual text 'LOGO e-Fatura' with expected text 'LOGO e-Fatura'

2021-10-15 17:26:16 - [MESSAGE][PASSED] - Actual text 'LOGO e-Fatura' and expected text 'LOGO e-Fatura' are matched 

2021-10-15 17:26:16 - [TEST_STEP][PASSED] - sendKeys(findTestObject("Sayfalar/Giris_Sayfasi/Firma_Kodu"), KullaniciAdi): Keys 'ELOGO6' sent to object: 'Object Repository/Sayfalar/Giris_Sayfasi/Firma_Kodu'

2021-10-15 17:26:16 - [MESSAGE][INFO] - Finding Test Object 'Object Repository/Sayfalar/Giris_Sayfasi/Firma_Kodu'

2021-10-15 17:26:16 - [MESSAGE][INFO] - Sending keys 'ELOGO6' to object: 'Object Repository/Sayfalar/Giris_Sayfasi/Firma_Kodu'

2021-10-15 17:26:16 - [MESSAGE][INFO] - Finding web element from Test Object's properties

2021-10-15 17:26:16 - [MESSAGE][INFO] - Checking timeout

2021-10-15 17:26:16 - [MESSAGE][INFO] - Finding web element with id: 'Object Repository/Sayfalar/Giris_Sayfasi/Firma_Kodu' located by 'By.xpath: //*[@id = 'AccountName']' in '30' second(s)

2021-10-15 17:26:16 - [MESSAGE][INFO] - Smart Wait Function is triggered

2021-10-15 17:26:16 - [MESSAGE][INFO] - Found 1 web elements with id: 'Object Repository/Sayfalar/Giris_Sayfasi/Firma_Kodu' located by 'By.xpath: //*[@id = 'AccountName']' in '30' second(s)

2021-10-15 17:26:16 - [MESSAGE][PASSED] - Keys 'ELOGO6' sent to object: 'Object Repository/Sayfalar/Giris_Sayfasi/Firma_Kodu'

2021-10-15 17:26:16 - [TEST_STEP][PASSED] - sendKeys(findTestObject("Sayfalar/Giris_Sayfasi/Sifre"), Sifre): Keys '123456' sent to object: 'Object Repository/Sayfalar/Giris_Sayfasi/Sifre'

2021-10-15 17:26:16 - [MESSAGE][INFO] - Finding Test Object 'Object Repository/Sayfalar/Giris_Sayfasi/Sifre'

2021-10-15 17:26:17 - [MESSAGE][INFO] - Sending keys '123456' to object: 'Object Repository/Sayfalar/Giris_Sayfasi/Sifre'

2021-10-15 17:26:17 - [MESSAGE][INFO] - Finding web element from Test Object's properties

2021-10-15 17:26:17 - [MESSAGE][INFO] - Checking timeout

2021-10-15 17:26:17 - [MESSAGE][INFO] - Finding web element with id: 'Object Repository/Sayfalar/Giris_Sayfasi/Sifre' located by 'By.xpath: //*[@id = 'Password']' in '30' second(s)

2021-10-15 17:26:17 - [MESSAGE][INFO] - Smart Wait Function is triggered

2021-10-15 17:26:17 - [MESSAGE][INFO] - Found 1 web elements with id: 'Object Repository/Sayfalar/Giris_Sayfasi/Sifre' located by 'By.xpath: //*[@id = 'Password']' in '30' second(s)

2021-10-15 17:26:17 - [MESSAGE][PASSED] - Keys '123456' sent to object: 'Object Repository/Sayfalar/Giris_Sayfasi/Sifre'

2021-10-15 17:26:17 - [TEST_STEP][PASSED] - findWebElement(findTestObject("Sayfalar/Giris_Sayfasi/Giris_Butonu")).click(): Found 1 web elements with id: 'Object Repository/Sayfalar/Giris_Sayfasi/Giris_Butonu' located by 'By.cssSelector: #btnLogin' in '30' second(s)

2021-10-15 17:26:17 - [MESSAGE][INFO] - Finding Test Object 'Object Repository/Sayfalar/Giris_Sayfasi/Giris_Butonu'

2021-10-15 17:26:17 - [MESSAGE][INFO] - Finding web element from Test Object's properties

2021-10-15 17:26:17 - [MESSAGE][INFO] - Checking timeout

2021-10-15 17:26:17 - [MESSAGE][INFO] - Finding web element with id: 'Object Repository/Sayfalar/Giris_Sayfasi/Giris_Butonu' located by 'By.cssSelector: #btnLogin' in '30' second(s)

2021-10-15 17:26:17 - [MESSAGE][INFO] - Smart Wait Function is triggered

2021-10-15 17:26:17 - [MESSAGE][INFO] - Found 1 web elements with id: 'Object Repository/Sayfalar/Giris_Sayfasi/Giris_Butonu' located by 'By.cssSelector: #btnLogin' in '30' second(s)

2021-10-15 17:26:20 - [TEST_STEP][PASSED] - if (verifyElementPresent(findTestObject("Object Repository/Sayfalar/Giris_Sayfasi/RetveTamam_Butonu"), 5, OPTIONAL)): null

2021-10-15 17:26:20 - [MESSAGE][INFO] - Finding Test Object 'Object Repository/Sayfalar/Giris_Sayfasi/RetveTamam_Butonu'

2021-10-15 17:26:21 - [MESSAGE][INFO] - Checking object

2021-10-15 17:26:21 - [MESSAGE][INFO] - Finding web element from Test Object's properties

2021-10-15 17:26:21 - [MESSAGE][INFO] - Checking timeout

2021-10-15 17:26:21 - [MESSAGE][INFO] - Finding web element with id: 'Object Repository/Sayfalar/Giris_Sayfasi/RetveTamam_Butonu' located by 'By.xpath: //*[@class = 'btn btn-default']' in '5' second(s)

2021-10-15 17:26:21 - [MESSAGE][INFO] - Smart Wait Function is triggered

2021-10-15 17:26:21 - [MESSAGE][INFO] - Found 1 web elements with id: 'Object Repository/Sayfalar/Giris_Sayfasi/RetveTamam_Butonu' located by 'By.xpath: //*[@class = 'btn btn-default']' in '5' second(s)

2021-10-15 17:26:21 - [MESSAGE][PASSED] - Object 'Object Repository/Sayfalar/Giris_Sayfasi/RetveTamam_Butonu' is present

2021-10-15 17:26:21 - [TEST_STEP][PASSED] - click(findTestObject("Object Repository/Sayfalar/Giris_Sayfasi/RetveTamam_Butonu")): Object: 'Object Repository/Sayfalar/Giris_Sayfasi/RetveTamam_Butonu' is clicked on

2021-10-15 17:26:21 - [MESSAGE][INFO] - Finding Test Object 'Object Repository/Sayfalar/Giris_Sayfasi/RetveTamam_Butonu'

2021-10-15 17:26:21 - [MESSAGE][INFO] - Checking object

2021-10-15 17:26:21 - [MESSAGE][INFO] - Finding web element from Test Object's properties

2021-10-15 17:26:21 - [MESSAGE][INFO] - Checking timeout

2021-10-15 17:26:21 - [MESSAGE][INFO] - Finding web element with id: 'Object Repository/Sayfalar/Giris_Sayfasi/RetveTamam_Butonu' located by 'By.xpath: //*[@class = 'btn btn-default']' in '30' second(s)

2021-10-15 17:26:21 - [MESSAGE][INFO] - Smart Wait Function is triggered

2021-10-15 17:26:21 - [MESSAGE][INFO] - Found 1 web elements with id: 'Object Repository/Sayfalar/Giris_Sayfasi/RetveTamam_Butonu' located by 'By.xpath: //*[@class = 'btn btn-default']' in '30' second(s)

2021-10-15 17:26:21 - [MESSAGE][INFO] - Clicking on object: 'Object Repository/Sayfalar/Giris_Sayfasi/RetveTamam_Butonu'

2021-10-15 17:26:21 - [MESSAGE][PASSED] - Object: 'Object Repository/Sayfalar/Giris_Sayfasi/RetveTamam_Butonu' is clicked on

2021-10-15 17:26:21 - [TEST_STEP][PASSED] - click(findTestObject("Object Repository/Sayfalar/Giris_Sayfasi/RetveTamam_Butonu")): Object: 'Object Repository/Sayfalar/Giris_Sayfasi/RetveTamam_Butonu' is clicked on

2021-10-15 17:26:21 - [MESSAGE][INFO] - Finding Test Object 'Object Repository/Sayfalar/Giris_Sayfasi/RetveTamam_Butonu'

2021-10-15 17:26:22 - [MESSAGE][INFO] - Checking object

2021-10-15 17:26:22 - [MESSAGE][INFO] - Finding web element from Test Object's properties

2021-10-15 17:26:22 - [MESSAGE][INFO] - Checking timeout

2021-10-15 17:26:22 - [MESSAGE][INFO] - Finding web element with id: 'Object Repository/Sayfalar/Giris_Sayfasi/RetveTamam_Butonu' located by 'By.xpath: //*[@class = 'btn btn-default']' in '30' second(s)

2021-10-15 17:26:22 - [MESSAGE][INFO] - Smart Wait Function is triggered

2021-10-15 17:26:24 - [MESSAGE][INFO] - Found 1 web elements with id: 'Object Repository/Sayfalar/Giris_Sayfasi/RetveTamam_Butonu' located by 'By.xpath: //*[@class = 'btn btn-default']' in '30' second(s)

2021-10-15 17:26:24 - [MESSAGE][INFO] - Clicking on object: 'Object Repository/Sayfalar/Giris_Sayfasi/RetveTamam_Butonu'

2021-10-15 17:26:24 - [MESSAGE][PASSED] - Object: 'Object Repository/Sayfalar/Giris_Sayfasi/RetveTamam_Butonu' is clicked on

2021-10-15 17:26:24 - [TEST_STEP][PASSED] - if (verifyElementPresent(findTestObject("Sayfalar/Giris_Sayfasi/PopupOK"), 5, OPTIONAL)): null

2021-10-15 17:26:24 - [MESSAGE][INFO] - Finding Test Object 'Object Repository/Sayfalar/Giris_Sayfasi/PopupOK'

2021-10-15 17:26:24 - [MESSAGE][INFO] - Checking object

2021-10-15 17:26:24 - [MESSAGE][INFO] - Finding web element from Test Object's properties

2021-10-15 17:26:24 - [MESSAGE][INFO] - Checking timeout

2021-10-15 17:26:24 - [MESSAGE][INFO] - Finding web element with id: 'Object Repository/Sayfalar/Giris_Sayfasi/PopupOK' located by 'By.cssSelector: .btn.btn-success' in '5' second(s)

2021-10-15 17:26:24 - [MESSAGE][INFO] - Smart Wait Function is triggered

2021-10-15 17:26:24 - [MESSAGE][INFO] - Found 1 web elements with id: 'Object Repository/Sayfalar/Giris_Sayfasi/PopupOK' located by 'By.cssSelector: .btn.btn-success' in '5' second(s)

2021-10-15 17:26:24 - [MESSAGE][PASSED] - Object 'Object Repository/Sayfalar/Giris_Sayfasi/PopupOK' is present

2021-10-15 17:26:24 - [TEST_STEP][PASSED] - click(findTestObject("Object Repository/Sayfalar/Giris_Sayfasi/PopupCarpiGiris")): Object: 'Object Repository/Sayfalar/Giris_Sayfasi/PopupCarpiGiris' is clicked on

2021-10-15 17:26:24 - [MESSAGE][INFO] - Finding Test Object 'Object Repository/Sayfalar/Giris_Sayfasi/PopupCarpiGiris'

2021-10-15 17:26:24 - [MESSAGE][INFO] - Checking object

2021-10-15 17:26:24 - [MESSAGE][INFO] - Finding web element from Test Object's properties

2021-10-15 17:26:24 - [MESSAGE][INFO] - Checking timeout

2021-10-15 17:26:24 - [MESSAGE][INFO] - Finding web element with id: 'Object Repository/Sayfalar/Giris_Sayfasi/PopupCarpiGiris' located by 'By.cssSelector: .bootbox-close-button.close' in '30' second(s)

2021-10-15 17:26:24 - [MESSAGE][INFO] - Smart Wait Function is triggered

2021-10-15 17:26:25 - [MESSAGE][INFO] - Found 1 web elements with id: 'Object Repository/Sayfalar/Giris_Sayfasi/PopupCarpiGiris' located by 'By.cssSelector: .bootbox-close-button.close' in '30' second(s)

2021-10-15 17:26:25 - [MESSAGE][INFO] - Clicking on object: 'Object Repository/Sayfalar/Giris_Sayfasi/PopupCarpiGiris'

2021-10-15 17:26:25 - [MESSAGE][PASSED] - Object: 'Object Repository/Sayfalar/Giris_Sayfasi/PopupCarpiGiris' is clicked on

2021-10-15 17:26:25 - [TEST_STEP][PASSED] - verifyElementVisible(findTestObject("Object Repository/Kullanici_Islemleri/KullaniciIslemleri")): Object 'Object Repository/Kullanici_Islemleri/KullaniciIslemleri' is visible

2021-10-15 17:26:25 - [MESSAGE][INFO] - Finding Test Object 'Object Repository/Kullanici_Islemleri/KullaniciIslemleri'

2021-10-15 17:26:25 - [MESSAGE][INFO] - Checking object

2021-10-15 17:26:25 - [MESSAGE][INFO] - Finding web element from Test Object's properties

2021-10-15 17:26:25 - [MESSAGE][INFO] - Checking timeout

2021-10-15 17:26:25 - [MESSAGE][INFO] - Finding web element with id: 'Object Repository/Kullanici_Islemleri/KullaniciIslemleri' located by 'By.cssSelector: .dropdown>a>img' in '30' second(s)

2021-10-15 17:26:25 - [MESSAGE][INFO] - Smart Wait Function is triggered

2021-10-15 17:26:26 - [MESSAGE][INFO] - Found 1 web elements with id: 'Object Repository/Kullanici_Islemleri/KullaniciIslemleri' located by 'By.cssSelector: .dropdown>a>img' in '30' second(s)

2021-10-15 17:26:26 - [MESSAGE][PASSED] - Object 'Object Repository/Kullanici_Islemleri/KullaniciIslemleri' is visible

2021-10-15 17:26:26 - [MESSAGE][PASSED] - Call Test Case 'Test Cases/Sayfalar/Giris_Sayfasi/Login' successfully

2021-10-15 17:26:26 - [MESSAGE][INFO] - Checking called Test Case

2021-10-15 17:26:26 - [MESSAGE][INFO] - Starting to call Test Case 'Test Cases/Menu/AnaMenuSecimi'

2021-10-15 17:26:26 - [TEST_CASE][PASSED] - Test Cases/Menu/AnaMenuSecimi: Test Cases/Menu/AnaMenuSecimi

2021-10-15 17:26:26 - [TEST_STEP][PASSED] - Method.TextDegerineEsitElementeTikla(findTestObject("Menu/Ana_Menu"), Ana_Menu): Method.TextDegerineEsitElementeTikla is PASSED

2021-10-15 17:26:26 - [MESSAGE][INFO] - Finding Test Object 'Object Repository/Menu/Ana_Menu'

2021-10-15 17:26:26 - [MESSAGE][INFO] - Checking timeout

2021-10-15 17:26:26 - [MESSAGE][INFO] - Finding web element with id: 'Object Repository/Menu/Ana_Menu' located by 'By.xpath: //*[@class = 'dropdown-toggle']' in '10' second(s)

2021-10-15 17:26:26 - [MESSAGE][INFO] - Smart Wait Function is triggered

2021-10-15 17:26:26 - [MESSAGE][INFO] - Found 14 web elements with id: 'Object Repository/Menu/Ana_Menu' located by 'By.xpath: //*[@class = 'dropdown-toggle']' in '10' second(s)

2021-10-15 17:26:27 - [MESSAGE][PASSED] - Method.TextDegerineEsitElementeTikla is PASSED

2021-10-15 17:26:27 - [MESSAGE][PASSED] - Call Test Case 'Test Cases/Menu/AnaMenuSecimi' successfully

2021-10-15 17:26:27 - [MESSAGE][INFO] - Checking called Test Case

2021-10-15 17:26:27 - [MESSAGE][INFO] - Starting to call Test Case 'Test Cases/Menu/AltMenuSecimi'

2021-10-15 17:26:27 - [TEST_CASE][PASSED] - Test Cases/Menu/AltMenuSecimi: Test Cases/Menu/AltMenuSecimi

2021-10-15 17:26:27 - [TEST_STEP][PASSED] - Method.TextDegerineEsitElementeTikla(findTestObject("Menu/Alt_Menu"), Alt_Menu): Method.TextDegerineEsitElementeTikla is PASSED

2021-10-15 17:26:27 - [MESSAGE][INFO] - Finding Test Object 'Object Repository/Menu/Alt_Menu'

2021-10-15 17:26:27 - [MESSAGE][INFO] - Checking timeout

2021-10-15 17:26:27 - [MESSAGE][INFO] - Finding web element with id: 'Object Repository/Menu/Alt_Menu' located by 'By.xpath: //li[@class='dropdown dropdown-large open']//li[@class='dropdown-element']' in '10' second(s)

2021-10-15 17:26:27 - [MESSAGE][INFO] - Smart Wait Function is triggered

2021-10-15 17:26:27 - [MESSAGE][INFO] - Found 2 web elements with id: 'Object Repository/Menu/Alt_Menu' located by 'By.xpath: //li[@class='dropdown dropdown-large open']//li[@class='dropdown-element']' in '10' second(s)

2021-10-15 17:26:29 - [MESSAGE][PASSED] - Method.TextDegerineEsitElementeTikla is PASSED

2021-10-15 17:26:29 - [MESSAGE][PASSED] - Call Test Case 'Test Cases/Menu/AltMenuSecimi' successfully

2021-10-15 17:26:29 - [MESSAGE][INFO] - Checking called Test Case

2021-10-15 17:26:29 - [MESSAGE][INFO] - Starting to call Test Case 'Test Cases/Filtreler/BaslangicYaz'

2021-10-15 17:26:29 - [TEST_CASE][PASSED] - Test Cases/Filtreler/BaslangicYaz: Test Cases/Filtreler/BaslangicYaz

2021-10-15 17:26:29 - [TEST_STEP][PASSED] - Method.TextDegerineEsitElementinAltindakineTikla(findTestObject("Filtreler/Basliklar"), findTestObject("Filtreler/Basliga_Gore_Baslangic_Image"), Filtre_Adi): Method.TextDegerineEsitElementinAltindakineTikla is PASSED

2021-10-15 17:26:29 - [MESSAGE][INFO] - Finding Test Object 'Object Repository/Filtreler/Basliklar'

2021-10-15 17:26:29 - [MESSAGE][INFO] - Finding Test Object 'Object Repository/Filtreler/Basliga_Gore_Baslangic_Image'

2021-10-15 17:26:29 - [MESSAGE][INFO] - Checking timeout

2021-10-15 17:26:29 - [MESSAGE][INFO] - Finding web element with id: 'Object Repository/Filtreler/Basliklar' located by 'By.cssSelector: .control-label.col-sm-4.paddingMarginRLC' in '10' second(s)

2021-10-15 17:26:29 - [MESSAGE][INFO] - Smart Wait Function is triggered

2021-10-15 17:26:30 - [MESSAGE][INFO] - Found 8 web elements with id: 'Object Repository/Filtreler/Basliklar' located by 'By.cssSelector: .control-label.col-sm-4.paddingMarginRLC' in '10' second(s)

2021-10-15 17:26:30 - [MESSAGE][INFO] - Smart Wait Function is triggered

2021-10-15 17:26:30 - [MESSAGE][PASSED] - Method.TextDegerineEsitElementinAltindakineTikla is PASSED

2021-10-15 17:26:30 - [TEST_STEP][PASSED] - Method.TextDegerineEsitElementinAltindakiTextboxtaYaz(findTestObject("Filtreler/Basliklar"), findTestObject("Filtreler/Basliga_Gore_Baslangic"), Filtre_Adi, Filtre_Degeri): Method.TextDegerineEsitElementinAltindakiTextboxtaYaz is PASSED

2021-10-15 17:26:30 - [MESSAGE][INFO] - Finding Test Object 'Object Repository/Filtreler/Basliklar'

2021-10-15 17:26:30 - [MESSAGE][INFO] - Finding Test Object 'Object Repository/Filtreler/Basliga_Gore_Baslangic'

2021-10-15 17:26:30 - [MESSAGE][INFO] - Checking timeout

2021-10-15 17:26:30 - [MESSAGE][INFO] - Finding web element with id: 'Object Repository/Filtreler/Basliklar' located by 'By.cssSelector: .control-label.col-sm-4.paddingMarginRLC' in '10' second(s)

2021-10-15 17:26:30 - [MESSAGE][INFO] - Smart Wait Function is triggered

2021-10-15 17:26:31 - [MESSAGE][INFO] - Found 8 web elements with id: 'Object Repository/Filtreler/Basliklar' located by 'By.cssSelector: .control-label.col-sm-4.paddingMarginRLC' in '10' second(s)

2021-10-15 17:26:31 - [MESSAGE][INFO] - Smart Wait Function is triggered

2021-10-15 17:26:31 - [MESSAGE][PASSED] - Method.TextDegerineEsitElementinAltindakiTextboxtaYaz is PASSED

2021-10-15 17:26:31 - [MESSAGE][PASSED] - Call Test Case 'Test Cases/Filtreler/BaslangicYaz' successfully

2021-10-15 17:26:31 - [MESSAGE][INFO] - Checking called Test Case

2021-10-15 17:26:31 - [MESSAGE][INFO] - Starting to call Test Case 'Test Cases/Filtreler/BitisYaz'

2021-10-15 17:26:31 - [TEST_CASE][PASSED] - Test Cases/Filtreler/BitisYaz: Test Cases/Filtreler/BitisYaz

2021-10-15 17:26:31 - [TEST_STEP][PASSED] - Method.TextDegerineEsitElementinAltindakineTikla(findTestObject("Filtreler/Basliklar"), findTestObject("Filtreler/Basliga_Gore_Bitis_Image"), Filtre_Adi): Method.TextDegerineEsitElementinAltindakineTikla is PASSED

2021-10-15 17:26:31 - [MESSAGE][INFO] - Finding Test Object 'Object Repository/Filtreler/Basliklar'

2021-10-15 17:26:31 - [MESSAGE][INFO] - Finding Test Object 'Object Repository/Filtreler/Basliga_Gore_Bitis_Image'

2021-10-15 17:26:31 - [MESSAGE][INFO] - Checking timeout

2021-10-15 17:26:31 - [MESSAGE][INFO] - Finding web element with id: 'Object Repository/Filtreler/Basliklar' located by 'By.cssSelector: .control-label.col-sm-4.paddingMarginRLC' in '10' second(s)

2021-10-15 17:26:31 - [MESSAGE][INFO] - Smart Wait Function is triggered

2021-10-15 17:26:32 - [MESSAGE][INFO] - Found 8 web elements with id: 'Object Repository/Filtreler/Basliklar' located by 'By.cssSelector: .control-label.col-sm-4.paddingMarginRLC' in '10' second(s)

2021-10-15 17:26:32 - [MESSAGE][INFO] - Smart Wait Function is triggered

2021-10-15 17:26:32 - [MESSAGE][PASSED] - Method.TextDegerineEsitElementinAltindakineTikla is PASSED

2021-10-15 17:26:32 - [TEST_STEP][PASSED] - Method.TextDegerineEsitElementinAltindakiTextboxtaYaz(findTestObject("Filtreler/Basliklar"), findTestObject("Object Repository/Filtreler/Basliga_Gore_Bitis"), Filtre_Adi, Filtre_Degeri): Method.TextDegerineEsitElementinAltindakiTextboxtaYaz is PASSED

2021-10-15 17:26:32 - [MESSAGE][INFO] - Finding Test Object 'Object Repository/Filtreler/Basliklar'

2021-10-15 17:26:32 - [MESSAGE][INFO] - Finding Test Object 'Object Repository/Filtreler/Basliga_Gore_Bitis'

2021-10-15 17:26:32 - [MESSAGE][INFO] - Checking timeout

2021-10-15 17:26:32 - [MESSAGE][INFO] - Finding web element with id: 'Object Repository/Filtreler/Basliklar' located by 'By.cssSelector: .control-label.col-sm-4.paddingMarginRLC' in '10' second(s)

2021-10-15 17:26:32 - [MESSAGE][INFO] - Smart Wait Function is triggered

2021-10-15 17:26:32 - [MESSAGE][INFO] - Found 8 web elements with id: 'Object Repository/Filtreler/Basliklar' located by 'By.cssSelector: .control-label.col-sm-4.paddingMarginRLC' in '10' second(s)

2021-10-15 17:26:32 - [MESSAGE][INFO] - Smart Wait Function is triggered

2021-10-15 17:26:33 - [MESSAGE][PASSED] - Method.TextDegerineEsitElementinAltindakiTextboxtaYaz is PASSED

2021-10-15 17:26:33 - [MESSAGE][PASSED] - Call Test Case 'Test Cases/Filtreler/BitisYaz' successfully

2021-10-15 17:26:33 - [MESSAGE][INFO] - Checking called Test Case

2021-10-15 17:26:33 - [MESSAGE][INFO] - Starting to call Test Case 'Test Cases/Filtreler/ButonaTikla'

2021-10-15 17:26:33 - [TEST_CASE][PASSED] - Test Cases/Filtreler/ButonaTikla: Test Cases/Filtreler/ButonaTikla

2021-10-15 17:26:33 - [TEST_STEP][PASSED] - Method.TextDegerineEsitElementeTikla(findTestObject("Filtreler/Butonlar"), Filtre_Buton): Method.TextDegerineEsitElementeTikla is PASSED

2021-10-15 17:26:33 - [MESSAGE][INFO] - Finding Test Object 'Object Repository/Filtreler/Butonlar'

2021-10-15 17:26:33 - [MESSAGE][INFO] - Checking timeout

2021-10-15 17:26:33 - [MESSAGE][INFO] - Finding web element with id: 'Object Repository/Filtreler/Butonlar' located by 'By.cssSelector: .dxb>span' in '10' second(s)

2021-10-15 17:26:33 - [MESSAGE][INFO] - Smart Wait Function is triggered

2021-10-15 17:26:33 - [MESSAGE][INFO] - Found 3 web elements with id: 'Object Repository/Filtreler/Butonlar' located by 'By.cssSelector: .dxb>span' in '10' second(s)

2021-10-15 17:26:33 - [MESSAGE][PASSED] - Method.TextDegerineEsitElementeTikla is PASSED

2021-10-15 17:26:33 - [MESSAGE][PASSED] - Call Test Case 'Test Cases/Filtreler/ButonaTikla' successfully

2021-10-15 17:26:33 - [MESSAGE][INFO] - Checking called Test Case

2021-10-15 17:26:33 - [MESSAGE][INFO] - Starting to call Test Case 'Test Cases/Tablo/TablodaVeriVarMi'

2021-10-15 17:26:33 - [TEST_CASE][PASSED] - Test Cases/Tablo/TablodaVeriVarMi: Test Cases/Tablo/TablodaVeriVarMi

2021-10-15 17:26:33 - [TEST_STEP][PASSED] - verifyTextNotPresent("Görüntülenecek veri yok", true): Text 'Görüntülenecek veri yok' is not present on page using regular expression

2021-10-15 17:26:33 - [MESSAGE][INFO] - Checking text present  using regular expression

2021-10-15 17:26:33 - [MESSAGE][INFO] - Smart Wait Function is triggered

2021-10-15 17:26:34 - [MESSAGE][INFO] - Finding text 'Görüntülenecek veri yok' on page  using regular expression

2021-10-15 17:26:34 - [MESSAGE][PASSED] - Text 'Görüntülenecek veri yok' is not present on page using regular expression

2021-10-15 17:26:34 - [MESSAGE][PASSED] - Call Test Case 'Test Cases/Tablo/TablodaVeriVarMi' successfully

2021-10-15 17:26:34 - [MESSAGE][INFO] - Checking called Test Case

2021-10-15 17:26:34 - [MESSAGE][INFO] - Starting to call Test Case 'Test Cases/Tablo/TablodanVeriSec'

2021-10-15 17:26:34 - [TEST_CASE][PASSED] - Test Cases/Tablo/TablodanVeriSec: Test Cases/Tablo/TablodanVeriSec

2021-10-15 17:26:34 - [TEST_STEP][PASSED] - Method.TextDegerineEsitElementinAltindakineTikla(findTestObject("Tablo/Veriler"), findTestObject("Tablo/VerininCheckBoxi"), Veri_Adi): Method.TextDegerineEsitElementinAltindakineTikla is PASSED

2021-10-15 17:26:34 - [MESSAGE][INFO] - Finding Test Object 'Object Repository/Tablo/Veriler'

2021-10-15 17:26:34 - [MESSAGE][INFO] - Finding Test Object 'Object Repository/Tablo/VerininCheckBoxi'

2021-10-15 17:26:34 - [MESSAGE][INFO] - Checking timeout

2021-10-15 17:26:34 - [MESSAGE][INFO] - Finding web element with id: 'Object Repository/Tablo/Veriler' located by 'By.cssSelector: td.dxgv b ,td.dxgv' in '10' second(s)

2021-10-15 17:26:34 - [MESSAGE][INFO] - Smart Wait Function is triggered

2021-10-15 17:26:35 - [MESSAGE][INFO] - Found 110 web elements with id: 'Object Repository/Tablo/Veriler' located by 'By.cssSelector: td.dxgv b ,td.dxgv' in '10' second(s)

2021-10-15 17:26:35 - [MESSAGE][INFO] - Smart Wait Function is triggered

2021-10-15 17:26:35 - [MESSAGE][PASSED] - Method.TextDegerineEsitElementinAltindakineTikla is PASSED

2021-10-15 17:26:35 - [MESSAGE][PASSED] - Call Test Case 'Test Cases/Tablo/TablodanVeriSec' successfully

2021-10-15 17:26:35 - [MESSAGE][INFO] - Checking called Test Case

2021-10-15 17:26:35 - [MESSAGE][INFO] - Starting to call Test Case 'Test Cases/Butonlar/ButonaTikla'

2021-10-15 17:26:35 - [TEST_CASE][PASSED] - Test Cases/Butonlar/ButonaTikla: Test Cases/Butonlar/ButonaTikla

2021-10-15 17:26:35 - [TEST_STEP][PASSED] - Method.TextDegerineEsitElementeTiklaEquals(findTestObject("Butonlar/Butonlar"), Buton_Adi): Method.TextDegerineEsitElementeTiklaEquals is PASSED

2021-10-15 17:26:35 - [MESSAGE][INFO] - Finding Test Object 'Object Repository/Butonlar/Butonlar'

2021-10-15 17:26:35 - [MESSAGE][INFO] - Checking timeout

2021-10-15 17:26:35 - [MESSAGE][INFO] - Finding web element with id: 'Object Repository/Butonlar/Butonlar' located by 'By.cssSelector: .panel.panel-default.text-center.footerPanel .btn,.btn.btn-primary.btnControls' in '10' second(s)

2021-10-15 17:26:35 - [MESSAGE][INFO] - Smart Wait Function is triggered

2021-10-15 17:26:36 - [MESSAGE][INFO] - Found 6 web elements with id: 'Object Repository/Butonlar/Butonlar' located by 'By.cssSelector: .panel.panel-default.text-center.footerPanel .btn,.btn.btn-primary.btnControls' in '10' second(s)

2021-10-15 17:26:36 - [MESSAGE][PASSED] - Method.TextDegerineEsitElementeTiklaEquals is PASSED

2021-10-15 17:26:36 - [MESSAGE][PASSED] - Call Test Case 'Test Cases/Butonlar/ButonaTikla' successfully

2021-10-15 17:26:36 - [MESSAGE][INFO] - Checking called Test Case

2021-10-15 17:26:36 - [MESSAGE][INFO] - Starting to call Test Case 'Test Cases/Butonlar/AltButonaTikla'

2021-10-15 17:26:36 - [TEST_CASE][PASSED] - Test Cases/Butonlar/AltButonaTikla: Test Cases/Butonlar/AltButonaTikla

2021-10-15 17:26:36 - [TEST_STEP][PASSED] - Method.TextDegerineEsitElementeTikla(findTestObject("Butonlar/AltButonlar"), Alt_Buton): Method.TextDegerineEsitElementeTikla is PASSED

2021-10-15 17:26:36 - [MESSAGE][INFO] - Finding Test Object 'Object Repository/Butonlar/AltButonlar'

2021-10-15 17:26:36 - [MESSAGE][INFO] - Checking timeout

2021-10-15 17:26:36 - [MESSAGE][INFO] - Finding web element with id: 'Object Repository/Butonlar/AltButonlar' located by 'By.cssSelector: .btn-group.open li>a' in '10' second(s)

2021-10-15 17:26:36 - [MESSAGE][INFO] - Smart Wait Function is triggered

2021-10-15 17:26:36 - [MESSAGE][INFO] - Found 1 web elements with id: 'Object Repository/Butonlar/AltButonlar' located by 'By.cssSelector: .btn-group.open li>a' in '10' second(s)

2021-10-15 17:26:36 - [MESSAGE][PASSED] - Method.TextDegerineEsitElementeTikla is PASSED

2021-10-15 17:26:36 - [MESSAGE][PASSED] - Call Test Case 'Test Cases/Butonlar/AltButonaTikla' successfully

2021-10-15 17:26:36 - [MESSAGE][INFO] - Checking called Test Case

2021-10-15 17:26:36 - [MESSAGE][INFO] - Starting to call Test Case 'Test Cases/Butonlar/DosyaIndirildiMi'

2021-10-15 17:26:36 - [TEST_CASE][PASSED] - Test Cases/Butonlar/DosyaIndirildiMi: Test Cases/Butonlar/DosyaIndirildiMi

2021-10-15 17:26:36 - [TEST_STEP][PASSED] - Method.isimliDosyaIndirildiMi(DownloadFile, FileName): Method.isimliDosyaIndirildiMi is PASSED

2021-10-15 17:26:36 - [MESSAGE][INFO] - Delaying browser in 3 second(s)

2021-10-15 17:26:39 - [MESSAGE][PASSED] - Delayed 3 second(s)

2021-10-15 17:26:39 - [MESSAGE][PASSED] - Method.isimliDosyaIndirildiMi is PASSED

2021-10-15 17:26:39 - [MESSAGE][PASSED] - Call Test Case 'Test Cases/Butonlar/DosyaIndirildiMi' successfully

2021-10-15 17:26:39 - [MESSAGE][INFO] - Checking called Test Case

2021-10-15 17:26:39 - [MESSAGE][INFO] - Starting to call Test Case 'Test Cases/Kullanici_Islemleri/KullaniciIslemlerindenSecimYapilir'

2021-10-15 17:26:40 - [TEST_CASE][PASSED] - Test Cases/Kullanici_Islemleri/KullaniciIslemlerindenSecimYapilir: Test Cases/Kullanici_Islemleri/KullaniciIslemlerindenSecimYapilir

2021-10-15 17:26:40 - [TEST_STEP][PASSED] - waitForElementClickable(findTestObject("Object Repository/Kullanici_Islemleri/KullaniciIslemleri"), 10): Object 'Object Repository/Kullanici_Islemleri/KullaniciIslemleri' is clickable

2021-10-15 17:26:40 - [MESSAGE][INFO] - Finding Test Object 'Object Repository/Kullanici_Islemleri/KullaniciIslemleri'

2021-10-15 17:26:40 - [MESSAGE][INFO] - Checking object

2021-10-15 17:26:40 - [MESSAGE][INFO] - Checking timeout

2021-10-15 17:26:40 - [MESSAGE][INFO] - Finding web element from Test Object's properties

2021-10-15 17:26:40 - [MESSAGE][INFO] - Checking timeout

2021-10-15 17:26:40 - [MESSAGE][INFO] - Finding web element with id: 'Object Repository/Kullanici_Islemleri/KullaniciIslemleri' located by 'By.cssSelector: .dropdown>a>img' in '10' second(s)

2021-10-15 17:26:40 - [MESSAGE][INFO] - Smart Wait Function is triggered

2021-10-15 17:26:40 - [MESSAGE][INFO] - Found 1 web elements with id: 'Object Repository/Kullanici_Islemleri/KullaniciIslemleri' located by 'By.cssSelector: .dropdown>a>img' in '10' second(s)

2021-10-15 17:26:40 - [MESSAGE][PASSED] - Object 'Object Repository/Kullanici_Islemleri/KullaniciIslemleri' is clickable

2021-10-15 17:26:40 - [TEST_STEP][PASSED] - click(findTestObject("Object Repository/Kullanici_Islemleri/KullaniciIslemleri")): Object: 'Object Repository/Kullanici_Islemleri/KullaniciIslemleri' is clicked on

2021-10-15 17:26:40 - [MESSAGE][INFO] - Finding Test Object 'Object Repository/Kullanici_Islemleri/KullaniciIslemleri'

2021-10-15 17:26:40 - [MESSAGE][INFO] - Checking object

2021-10-15 17:26:40 - [MESSAGE][INFO] - Finding web element from Test Object's properties

2021-10-15 17:26:40 - [MESSAGE][INFO] - Checking timeout

2021-10-15 17:26:40 - [MESSAGE][INFO] - Finding web element with id: 'Object Repository/Kullanici_Islemleri/KullaniciIslemleri' located by 'By.cssSelector: .dropdown>a>img' in '30' second(s)

2021-10-15 17:26:40 - [MESSAGE][INFO] - Smart Wait Function is triggered

2021-10-15 17:26:40 - [MESSAGE][INFO] - Found 1 web elements with id: 'Object Repository/Kullanici_Islemleri/KullaniciIslemleri' located by 'By.cssSelector: .dropdown>a>img' in '30' second(s)

2021-10-15 17:26:40 - [MESSAGE][INFO] - Clicking on object: 'Object Repository/Kullanici_Islemleri/KullaniciIslemleri'

2021-10-15 17:26:40 - [MESSAGE][PASSED] - Object: 'Object Repository/Kullanici_Islemleri/KullaniciIslemleri' is clicked on

2021-10-15 17:26:40 - [TEST_STEP][PASSED] - Method.TextDegerineEsitElementeTikla(findTestObject("Object Repository/Kullanici_Islemleri/Secenekler"), Islem): Method.TextDegerineEsitElementeTikla is PASSED

2021-10-15 17:26:40 - [MESSAGE][INFO] - Finding Test Object 'Object Repository/Kullanici_Islemleri/Secenekler'

2021-10-15 17:26:41 - [MESSAGE][INFO] - Checking timeout

2021-10-15 17:26:41 - [MESSAGE][INFO] - Finding web element with id: 'Object Repository/Kullanici_Islemleri/Secenekler' located by 'By.cssSelector: .nav.navbar-nav.navbar-right li a' in '10' second(s)

2021-10-15 17:26:41 - [MESSAGE][INFO] - Smart Wait Function is triggered

2021-10-15 17:26:41 - [MESSAGE][INFO] - Found 22 web elements with id: 'Object Repository/Kullanici_Islemleri/Secenekler' located by 'By.cssSelector: .nav.navbar-nav.navbar-right li a' in '10' second(s)

2021-10-15 17:26:42 - [MESSAGE][PASSED] - Method.TextDegerineEsitElementeTikla is PASSED

2021-10-15 17:26:42 - [TEST_STEP][PASSED] - verifyElementNotPresent(findTestObject("Object Repository/Kullanici_Islemleri/Secenekler"), 10): Web element with id: 'Object Repository/Kullanici_Islemleri/Secenekler' located by 'By.cssSelector: .nav.navbar-nav.navbar-right li a' is not present after '10' second(s)

2021-10-15 17:26:42 - [MESSAGE][INFO] - Finding Test Object 'Object Repository/Kullanici_Islemleri/Secenekler'

2021-10-15 17:26:42 - [MESSAGE][INFO] - Checking object

2021-10-15 17:26:42 - [MESSAGE][INFO] - Checking timeout

2021-10-15 17:26:42 - [MESSAGE][INFO] - Finding web element with id: 'Object Repository/Kullanici_Islemleri/Secenekler' located by 'By.cssSelector: .nav.navbar-nav.navbar-right li a' in '10' second(s)

2021-10-15 17:26:42 - [MESSAGE][INFO] - Smart Wait Function is triggered

2021-10-15 17:26:43 - [MESSAGE][PASSED] - Web element with id: 'Object Repository/Kullanici_Islemleri/Secenekler' located by 'By.cssSelector: .nav.navbar-nav.navbar-right li a' is not present after '10' second(s)

2021-10-15 17:26:43 - [MESSAGE][PASSED] - Call Test Case 'Test Cases/Kullanici_Islemleri/KullaniciIslemlerindenSecimYapilir' successfully

2021-10-15 17:26:43 - [TEST_CASE][PASSED] - Start Test Case : SCENARIO Giden Zarf indirme: SCENARIO Giden Zarf indirme

2021-10-15 17:26:43 - [TEST_STEP][PASSED] - Kullanıcı adı ELOGO6 ve Şifre 123456 olarak giriş yapılır: Kullanıcı adı ELOGO6 ve Şifre 123456 olarak giriş yapılır

2021-10-15 17:26:43 - [MESSAGE][PASSED] - Kullanıcı adı ELOGO6 ve Şifre 123456 olarak giriş yapılır

2021-10-15 17:26:43 - [TEST_STEP][PASSED] - Ana menüden Zarflar seçilir: Ana menüden Zarflar seçilir

2021-10-15 17:26:43 - [MESSAGE][PASSED] - Ana menüden Zarflar seçilir

2021-10-15 17:26:43 - [TEST_STEP][PASSED] - Alt menüden Giden Zarflar seçilir: Alt menüden Giden Zarflar seçilir

2021-10-15 17:26:43 - [MESSAGE][PASSED] - Alt menüden Giden Zarflar seçilir

2021-10-15 17:26:43 - [TEST_STEP][PASSED] - Filtrelerden Oluşturma Tarihi filtresine 01.12.2020 baslangic degerini yaz: Filtrelerden Oluşturma Tarihi filtresine 01.12.2020 baslangic degerini yaz

2021-10-15 17:26:43 - [MESSAGE][PASSED] - Filtrelerden Oluşturma Tarihi filtresine 01.12.2020 baslangic degerini yaz

2021-10-15 17:26:43 - [TEST_STEP][PASSED] - Filtrelerden Oluşturma Tarihi filtresine 31.12.2020 bitis degerini yaz: Filtrelerden Oluşturma Tarihi filtresine 31.12.2020 bitis degerini yaz

2021-10-15 17:26:43 - [MESSAGE][PASSED] - Filtrelerden Oluşturma Tarihi filtresine 31.12.2020 bitis degerini yaz

2021-10-15 17:26:43 - [TEST_STEP][PASSED] - Filtre butonlarından Listele seçilir: Filtre butonlarından Listele seçilir

2021-10-15 17:26:43 - [MESSAGE][PASSED] - Filtre butonlarından Listele seçilir

2021-10-15 17:26:43 - [TEST_STEP][PASSED] - Tabloda veri var mı kontrol edilir: Tabloda veri var mı kontrol edilir

2021-10-15 17:26:43 - [MESSAGE][PASSED] - Tabloda veri var mı kontrol edilir

2021-10-15 17:26:43 - [TEST_STEP][PASSED] - Tablodan Test Kurum 6 isimli veri seçilir: Tablodan Test Kurum 6 isimli veri seçilir

2021-10-15 17:26:43 - [MESSAGE][PASSED] - Tablodan Test Kurum 6 isimli veri seçilir

2021-10-15 17:26:43 - [TEST_STEP][PASSED] - Butonlardan İndir isimli butona tıklanır: Butonlardan İndir isimli butona tıklanır

2021-10-15 17:26:43 - [MESSAGE][PASSED] - Butonlardan İndir isimli butona tıklanır

2021-10-15 17:26:43 - [TEST_STEP][PASSED] - Alt butonlardan İndir butonuna tıklanır: Alt butonlardan İndir butonuna tıklanır

2021-10-15 17:26:43 - [MESSAGE][PASSED] - Alt butonlardan İndir butonuna tıklanır

2021-10-15 17:26:43 - [TEST_STEP][PASSED] - Ön eki Envelope olan dosya indirildi mi: Ön eki Envelope olan dosya indirildi mi

2021-10-15 17:26:43 - [MESSAGE][PASSED] - Ön eki Envelope olan dosya indirildi mi

2021-10-15 17:26:43 - [TEST_STEP][PASSED] - Kullanıcı işlemlerinden Çıkış seçilir: Kullanıcı işlemlerinden Çıkış seçilir

2021-10-15 17:26:43 - [MESSAGE][PASSED] - Kullanıcı işlemlerinden Çıkış seçilir

2021-10-15 17:26:43 - [MESSAGE][PASSED] - Feature file: 'Include/features/Zarflar/Giden Zarflar/Indir.feature' was passed

2021-10-15 17:26:43 - [TEST_STEP][PASSED] - Start listener action : sampleAfterTestSuite: Invoke 'com.kms.katalon.core.annotation.AfterTestCase' method: 'Listener.sampleAfterTestSuite(...)' completed.

2021-10-15 17:26:43 - [MESSAGE][INFO] - Starting invoke 'com.kms.katalon.core.annotation.AfterTestCase' method: 'Listener.sampleAfterTestSuite(...)'

2021-10-15 17:26:43 - [TEST_STEP][PASSED] - closeBrowser(): Invoke 'com.kms.katalon.core.annotation.AfterTestCase' method: 'Listener.sampleAfterTestSuite(...)' completed.

2021-10-15 17:26:43 - [MESSAGE][INFO] - Closing browser

2021-10-15 17:26:43 - [MESSAGE][PASSED] - Browser is closed

2021-10-15 17:26:43 - [MESSAGE][INFO] - Invoke 'com.kms.katalon.core.annotation.AfterTestCase' method: 'Listener.sampleAfterTestSuite(...)' completed.]]></system-out>
         <system-err><![CDATA[]]></system-err>
      </testcase>
      <testcase name="Test Cases/Case Repository/Zarflar/Giden Zarflar/Izleme Kayitlari" time="41.748" classname="Test Cases/Case Repository/Zarflar/Giden Zarflar/Izleme Kayitlari" status="PASSED">
         <system-out><![CDATA[2021-10-15 17:26:43 - [TEST_CASE][PASSED] - Test Cases/Case Repository/Zarflar/Giden Zarflar/Izleme Kayitlari: Test Cases/Case Repository/Zarflar/Giden Zarflar/Izleme Kayitlari

2021-10-15 17:26:43 - [TEST_STEP][PASSED] - Start listener action : sampleBeforeTestSuite: Invoke 'com.kms.katalon.core.annotation.BeforeTestCase' method: 'Listener.sampleBeforeTestSuite(...)' completed.

2021-10-15 17:26:43 - [MESSAGE][INFO] - Starting invoke 'com.kms.katalon.core.annotation.BeforeTestCase' method: 'Listener.sampleBeforeTestSuite(...)'

2021-10-15 17:26:43 - [TEST_STEP][PASSED] - openBrowser(baseUrl): Browser is opened with url: 'https://efatura-stage.elogo.com.tr/'

2021-10-15 17:26:43 - [MESSAGE][INFO] - Opening browser

2021-10-15 17:26:43 - [MESSAGE][INFO] - Starting 'Chrome' driver

2021-10-15 17:26:43 - [MESSAGE][INFO] - User set preference: ['prefs', '{download.default_directory=C:\otomasyondownfiles}']

2021-10-15 17:26:43 - [MESSAGE][INFO] - Action delay is set to 0 milliseconds

2021-10-15 17:26:44 - [MESSAGE][INFO] - Navigating browser to: 'https://efatura-stage.elogo.com.tr/'

2021-10-15 17:26:47 - [MESSAGE][PASSED] - Browser is opened with url: 'https://efatura-stage.elogo.com.tr/'

2021-10-15 17:26:47 - [TEST_STEP][PASSED] - maximizeWindow(): Invoke 'com.kms.katalon.core.annotation.BeforeTestCase' method: 'Listener.sampleBeforeTestSuite(...)' completed.

2021-10-15 17:26:47 - [MESSAGE][INFO] - Maximizing current window

2021-10-15 17:26:47 - [MESSAGE][PASSED] - Current window maximized

2021-10-15 17:26:47 - [MESSAGE][INFO] - Invoke 'com.kms.katalon.core.annotation.BeforeTestCase' method: 'Listener.sampleBeforeTestSuite(...)' completed.

2021-10-15 17:26:47 - [TEST_STEP][PASSED] - runFeatureFile("Include/features/Zarflar/Giden Zarflar/Izleme Kayitlari.feature"): Feature file: 'Include/features/Zarflar/Giden Zarflar/Izleme Kayitlari.feature' was passed

2021-10-15 17:26:47 - [MESSAGE][INFO] - Starting run keyword runFeatureFile: 'Include/features/Zarflar/Giden Zarflar/Izleme Kayitlari.feature' and extract report to folder: 'C:\Users\DELL\Downloads\EES_Katalon-main\Reports\20211015_165642\Suite Repository\Zarflar\20211015_165727/cucumber_report/1634308007824'...

2021-10-15 17:26:47 - [MESSAGE][INFO] - Glue: []

2021-10-15 17:26:48 - [MESSAGE][INFO] - Checking called Test Case

2021-10-15 17:26:48 - [MESSAGE][INFO] - Starting to call Test Case 'Test Cases/Sayfalar/Giris_Sayfasi/Login'

2021-10-15 17:26:48 - [TEST_CASE][PASSED] - Test Cases/Sayfalar/Giris_Sayfasi/Login: Test Cases/Sayfalar/Giris_Sayfasi/Login

2021-10-15 17:26:48 - [TEST_STEP][PASSED] - Sayfa_Basligi = getWindowTitle(): Current window's title is: 'LOGO e-Fatura'

2021-10-15 17:26:48 - [MESSAGE][INFO] - Getting current window's title

2021-10-15 17:26:48 - [MESSAGE][PASSED] - Current window's title is: 'LOGO e-Fatura'

2021-10-15 17:26:48 - [TEST_STEP][PASSED] - verifyMatch(Sayfa_Basligi, "LOGO e-Fatura", false): Actual text 'LOGO e-Fatura' and expected text 'LOGO e-Fatura' are matched 

2021-10-15 17:26:48 - [MESSAGE][INFO] - Matching actual text 'LOGO e-Fatura' with expected text 'LOGO e-Fatura'

2021-10-15 17:26:48 - [MESSAGE][PASSED] - Actual text 'LOGO e-Fatura' and expected text 'LOGO e-Fatura' are matched 

2021-10-15 17:26:48 - [TEST_STEP][PASSED] - sendKeys(findTestObject("Sayfalar/Giris_Sayfasi/Firma_Kodu"), KullaniciAdi): Keys 'ELOGO6' sent to object: 'Object Repository/Sayfalar/Giris_Sayfasi/Firma_Kodu'

2021-10-15 17:26:48 - [MESSAGE][INFO] - Finding Test Object 'Object Repository/Sayfalar/Giris_Sayfasi/Firma_Kodu'

2021-10-15 17:26:48 - [MESSAGE][INFO] - Sending keys 'ELOGO6' to object: 'Object Repository/Sayfalar/Giris_Sayfasi/Firma_Kodu'

2021-10-15 17:26:48 - [MESSAGE][INFO] - Finding web element from Test Object's properties

2021-10-15 17:26:48 - [MESSAGE][INFO] - Checking timeout

2021-10-15 17:26:48 - [MESSAGE][INFO] - Finding web element with id: 'Object Repository/Sayfalar/Giris_Sayfasi/Firma_Kodu' located by 'By.xpath: //*[@id = 'AccountName']' in '30' second(s)

2021-10-15 17:26:48 - [MESSAGE][INFO] - Smart Wait Function is triggered

2021-10-15 17:26:49 - [MESSAGE][INFO] - Found 1 web elements with id: 'Object Repository/Sayfalar/Giris_Sayfasi/Firma_Kodu' located by 'By.xpath: //*[@id = 'AccountName']' in '30' second(s)

2021-10-15 17:26:49 - [MESSAGE][PASSED] - Keys 'ELOGO6' sent to object: 'Object Repository/Sayfalar/Giris_Sayfasi/Firma_Kodu'

2021-10-15 17:26:49 - [TEST_STEP][PASSED] - sendKeys(findTestObject("Sayfalar/Giris_Sayfasi/Sifre"), Sifre): Keys '123456' sent to object: 'Object Repository/Sayfalar/Giris_Sayfasi/Sifre'

2021-10-15 17:26:49 - [MESSAGE][INFO] - Finding Test Object 'Object Repository/Sayfalar/Giris_Sayfasi/Sifre'

2021-10-15 17:26:49 - [MESSAGE][INFO] - Sending keys '123456' to object: 'Object Repository/Sayfalar/Giris_Sayfasi/Sifre'

2021-10-15 17:26:49 - [MESSAGE][INFO] - Finding web element from Test Object's properties

2021-10-15 17:26:49 - [MESSAGE][INFO] - Checking timeout

2021-10-15 17:26:49 - [MESSAGE][INFO] - Finding web element with id: 'Object Repository/Sayfalar/Giris_Sayfasi/Sifre' located by 'By.xpath: //*[@id = 'Password']' in '30' second(s)

2021-10-15 17:26:49 - [MESSAGE][INFO] - Smart Wait Function is triggered

2021-10-15 17:26:49 - [MESSAGE][INFO] - Found 1 web elements with id: 'Object Repository/Sayfalar/Giris_Sayfasi/Sifre' located by 'By.xpath: //*[@id = 'Password']' in '30' second(s)

2021-10-15 17:26:49 - [MESSAGE][PASSED] - Keys '123456' sent to object: 'Object Repository/Sayfalar/Giris_Sayfasi/Sifre'

2021-10-15 17:26:49 - [TEST_STEP][PASSED] - findWebElement(findTestObject("Sayfalar/Giris_Sayfasi/Giris_Butonu")).click(): Found 1 web elements with id: 'Object Repository/Sayfalar/Giris_Sayfasi/Giris_Butonu' located by 'By.cssSelector: #btnLogin' in '30' second(s)

2021-10-15 17:26:49 - [MESSAGE][INFO] - Finding Test Object 'Object Repository/Sayfalar/Giris_Sayfasi/Giris_Butonu'

2021-10-15 17:26:49 - [MESSAGE][INFO] - Finding web element from Test Object's properties

2021-10-15 17:26:49 - [MESSAGE][INFO] - Checking timeout

2021-10-15 17:26:49 - [MESSAGE][INFO] - Finding web element with id: 'Object Repository/Sayfalar/Giris_Sayfasi/Giris_Butonu' located by 'By.cssSelector: #btnLogin' in '30' second(s)

2021-10-15 17:26:49 - [MESSAGE][INFO] - Smart Wait Function is triggered

2021-10-15 17:26:50 - [MESSAGE][INFO] - Found 1 web elements with id: 'Object Repository/Sayfalar/Giris_Sayfasi/Giris_Butonu' located by 'By.cssSelector: #btnLogin' in '30' second(s)

2021-10-15 17:26:52 - [TEST_STEP][PASSED] - if (verifyElementPresent(findTestObject("Object Repository/Sayfalar/Giris_Sayfasi/RetveTamam_Butonu"), 5, OPTIONAL)): null

2021-10-15 17:26:52 - [MESSAGE][INFO] - Finding Test Object 'Object Repository/Sayfalar/Giris_Sayfasi/RetveTamam_Butonu'

2021-10-15 17:26:52 - [MESSAGE][INFO] - Checking object

2021-10-15 17:26:52 - [MESSAGE][INFO] - Finding web element from Test Object's properties

2021-10-15 17:26:52 - [MESSAGE][INFO] - Checking timeout

2021-10-15 17:26:52 - [MESSAGE][INFO] - Finding web element with id: 'Object Repository/Sayfalar/Giris_Sayfasi/RetveTamam_Butonu' located by 'By.xpath: //*[@class = 'btn btn-default']' in '5' second(s)

2021-10-15 17:26:52 - [MESSAGE][INFO] - Smart Wait Function is triggered

2021-10-15 17:26:52 - [MESSAGE][INFO] - Found 1 web elements with id: 'Object Repository/Sayfalar/Giris_Sayfasi/RetveTamam_Butonu' located by 'By.xpath: //*[@class = 'btn btn-default']' in '5' second(s)

2021-10-15 17:26:52 - [MESSAGE][PASSED] - Object 'Object Repository/Sayfalar/Giris_Sayfasi/RetveTamam_Butonu' is present

2021-10-15 17:26:52 - [TEST_STEP][PASSED] - click(findTestObject("Object Repository/Sayfalar/Giris_Sayfasi/RetveTamam_Butonu")): Object: 'Object Repository/Sayfalar/Giris_Sayfasi/RetveTamam_Butonu' is clicked on

2021-10-15 17:26:52 - [MESSAGE][INFO] - Finding Test Object 'Object Repository/Sayfalar/Giris_Sayfasi/RetveTamam_Butonu'

2021-10-15 17:26:52 - [MESSAGE][INFO] - Checking object

2021-10-15 17:26:52 - [MESSAGE][INFO] - Finding web element from Test Object's properties

2021-10-15 17:26:52 - [MESSAGE][INFO] - Checking timeout

2021-10-15 17:26:52 - [MESSAGE][INFO] - Finding web element with id: 'Object Repository/Sayfalar/Giris_Sayfasi/RetveTamam_Butonu' located by 'By.xpath: //*[@class = 'btn btn-default']' in '30' second(s)

2021-10-15 17:26:52 - [MESSAGE][INFO] - Smart Wait Function is triggered

2021-10-15 17:26:53 - [MESSAGE][INFO] - Found 1 web elements with id: 'Object Repository/Sayfalar/Giris_Sayfasi/RetveTamam_Butonu' located by 'By.xpath: //*[@class = 'btn btn-default']' in '30' second(s)

2021-10-15 17:26:53 - [MESSAGE][INFO] - Clicking on object: 'Object Repository/Sayfalar/Giris_Sayfasi/RetveTamam_Butonu'

2021-10-15 17:26:53 - [MESSAGE][PASSED] - Object: 'Object Repository/Sayfalar/Giris_Sayfasi/RetveTamam_Butonu' is clicked on

2021-10-15 17:26:53 - [TEST_STEP][PASSED] - click(findTestObject("Object Repository/Sayfalar/Giris_Sayfasi/RetveTamam_Butonu")): Object: 'Object Repository/Sayfalar/Giris_Sayfasi/RetveTamam_Butonu' is clicked on

2021-10-15 17:26:53 - [MESSAGE][INFO] - Finding Test Object 'Object Repository/Sayfalar/Giris_Sayfasi/RetveTamam_Butonu'

2021-10-15 17:26:53 - [MESSAGE][INFO] - Checking object

2021-10-15 17:26:53 - [MESSAGE][INFO] - Finding web element from Test Object's properties

2021-10-15 17:26:53 - [MESSAGE][INFO] - Checking timeout

2021-10-15 17:26:53 - [MESSAGE][INFO] - Finding web element with id: 'Object Repository/Sayfalar/Giris_Sayfasi/RetveTamam_Butonu' located by 'By.xpath: //*[@class = 'btn btn-default']' in '30' second(s)

2021-10-15 17:26:53 - [MESSAGE][INFO] - Smart Wait Function is triggered

2021-10-15 17:26:56 - [MESSAGE][INFO] - Found 1 web elements with id: 'Object Repository/Sayfalar/Giris_Sayfasi/RetveTamam_Butonu' located by 'By.xpath: //*[@class = 'btn btn-default']' in '30' second(s)

2021-10-15 17:26:56 - [MESSAGE][INFO] - Clicking on object: 'Object Repository/Sayfalar/Giris_Sayfasi/RetveTamam_Butonu'

2021-10-15 17:26:56 - [MESSAGE][PASSED] - Object: 'Object Repository/Sayfalar/Giris_Sayfasi/RetveTamam_Butonu' is clicked on

2021-10-15 17:26:56 - [TEST_STEP][PASSED] - if (verifyElementPresent(findTestObject("Sayfalar/Giris_Sayfasi/PopupOK"), 5, OPTIONAL)): null

2021-10-15 17:26:56 - [MESSAGE][INFO] - Finding Test Object 'Object Repository/Sayfalar/Giris_Sayfasi/PopupOK'

2021-10-15 17:26:56 - [MESSAGE][INFO] - Checking object

2021-10-15 17:26:56 - [MESSAGE][INFO] - Finding web element from Test Object's properties

2021-10-15 17:26:56 - [MESSAGE][INFO] - Checking timeout

2021-10-15 17:26:56 - [MESSAGE][INFO] - Finding web element with id: 'Object Repository/Sayfalar/Giris_Sayfasi/PopupOK' located by 'By.cssSelector: .btn.btn-success' in '5' second(s)

2021-10-15 17:26:56 - [MESSAGE][INFO] - Smart Wait Function is triggered

2021-10-15 17:26:57 - [MESSAGE][INFO] - Found 1 web elements with id: 'Object Repository/Sayfalar/Giris_Sayfasi/PopupOK' located by 'By.cssSelector: .btn.btn-success' in '5' second(s)

2021-10-15 17:26:57 - [MESSAGE][PASSED] - Object 'Object Repository/Sayfalar/Giris_Sayfasi/PopupOK' is present

2021-10-15 17:26:57 - [TEST_STEP][PASSED] - click(findTestObject("Object Repository/Sayfalar/Giris_Sayfasi/PopupCarpiGiris")): Object: 'Object Repository/Sayfalar/Giris_Sayfasi/PopupCarpiGiris' is clicked on

2021-10-15 17:26:57 - [MESSAGE][INFO] - Finding Test Object 'Object Repository/Sayfalar/Giris_Sayfasi/PopupCarpiGiris'

2021-10-15 17:26:57 - [MESSAGE][INFO] - Checking object

2021-10-15 17:26:57 - [MESSAGE][INFO] - Finding web element from Test Object's properties

2021-10-15 17:26:57 - [MESSAGE][INFO] - Checking timeout

2021-10-15 17:26:57 - [MESSAGE][INFO] - Finding web element with id: 'Object Repository/Sayfalar/Giris_Sayfasi/PopupCarpiGiris' located by 'By.cssSelector: .bootbox-close-button.close' in '30' second(s)

2021-10-15 17:26:57 - [MESSAGE][INFO] - Smart Wait Function is triggered

2021-10-15 17:26:57 - [MESSAGE][INFO] - Found 1 web elements with id: 'Object Repository/Sayfalar/Giris_Sayfasi/PopupCarpiGiris' located by 'By.cssSelector: .bootbox-close-button.close' in '30' second(s)

2021-10-15 17:26:57 - [MESSAGE][INFO] - Clicking on object: 'Object Repository/Sayfalar/Giris_Sayfasi/PopupCarpiGiris'

2021-10-15 17:26:57 - [MESSAGE][PASSED] - Object: 'Object Repository/Sayfalar/Giris_Sayfasi/PopupCarpiGiris' is clicked on

2021-10-15 17:26:57 - [TEST_STEP][PASSED] - verifyElementVisible(findTestObject("Object Repository/Kullanici_Islemleri/KullaniciIslemleri")): Object 'Object Repository/Kullanici_Islemleri/KullaniciIslemleri' is visible

2021-10-15 17:26:57 - [MESSAGE][INFO] - Finding Test Object 'Object Repository/Kullanici_Islemleri/KullaniciIslemleri'

2021-10-15 17:26:58 - [MESSAGE][INFO] - Checking object

2021-10-15 17:26:58 - [MESSAGE][INFO] - Finding web element from Test Object's properties

2021-10-15 17:26:58 - [MESSAGE][INFO] - Checking timeout

2021-10-15 17:26:58 - [MESSAGE][INFO] - Finding web element with id: 'Object Repository/Kullanici_Islemleri/KullaniciIslemleri' located by 'By.cssSelector: .dropdown>a>img' in '30' second(s)

2021-10-15 17:26:58 - [MESSAGE][INFO] - Smart Wait Function is triggered

2021-10-15 17:26:58 - [MESSAGE][INFO] - Found 1 web elements with id: 'Object Repository/Kullanici_Islemleri/KullaniciIslemleri' located by 'By.cssSelector: .dropdown>a>img' in '30' second(s)

2021-10-15 17:26:58 - [MESSAGE][PASSED] - Object 'Object Repository/Kullanici_Islemleri/KullaniciIslemleri' is visible

2021-10-15 17:26:58 - [MESSAGE][PASSED] - Call Test Case 'Test Cases/Sayfalar/Giris_Sayfasi/Login' successfully

2021-10-15 17:26:58 - [MESSAGE][INFO] - Checking called Test Case

2021-10-15 17:26:58 - [MESSAGE][INFO] - Starting to call Test Case 'Test Cases/Menu/AnaMenuSecimi'

2021-10-15 17:26:58 - [TEST_CASE][PASSED] - Test Cases/Menu/AnaMenuSecimi: Test Cases/Menu/AnaMenuSecimi

2021-10-15 17:26:58 - [TEST_STEP][PASSED] - Method.TextDegerineEsitElementeTikla(findTestObject("Menu/Ana_Menu"), Ana_Menu): Method.TextDegerineEsitElementeTikla is PASSED

2021-10-15 17:26:58 - [MESSAGE][INFO] - Finding Test Object 'Object Repository/Menu/Ana_Menu'

2021-10-15 17:26:58 - [MESSAGE][INFO] - Checking timeout

2021-10-15 17:26:58 - [MESSAGE][INFO] - Finding web element with id: 'Object Repository/Menu/Ana_Menu' located by 'By.xpath: //*[@class = 'dropdown-toggle']' in '10' second(s)

2021-10-15 17:26:58 - [MESSAGE][INFO] - Smart Wait Function is triggered

2021-10-15 17:26:59 - [MESSAGE][INFO] - Found 14 web elements with id: 'Object Repository/Menu/Ana_Menu' located by 'By.xpath: //*[@class = 'dropdown-toggle']' in '10' second(s)

2021-10-15 17:26:59 - [MESSAGE][PASSED] - Method.TextDegerineEsitElementeTikla is PASSED

2021-10-15 17:26:59 - [MESSAGE][PASSED] - Call Test Case 'Test Cases/Menu/AnaMenuSecimi' successfully

2021-10-15 17:26:59 - [MESSAGE][INFO] - Checking called Test Case

2021-10-15 17:26:59 - [MESSAGE][INFO] - Starting to call Test Case 'Test Cases/Menu/AltMenuSecimi'

2021-10-15 17:26:59 - [TEST_CASE][PASSED] - Test Cases/Menu/AltMenuSecimi: Test Cases/Menu/AltMenuSecimi

2021-10-15 17:26:59 - [TEST_STEP][PASSED] - Method.TextDegerineEsitElementeTikla(findTestObject("Menu/Alt_Menu"), Alt_Menu): Method.TextDegerineEsitElementeTikla is PASSED

2021-10-15 17:26:59 - [MESSAGE][INFO] - Finding Test Object 'Object Repository/Menu/Alt_Menu'

2021-10-15 17:26:59 - [MESSAGE][INFO] - Checking timeout

2021-10-15 17:26:59 - [MESSAGE][INFO] - Finding web element with id: 'Object Repository/Menu/Alt_Menu' located by 'By.xpath: //li[@class='dropdown dropdown-large open']//li[@class='dropdown-element']' in '10' second(s)

2021-10-15 17:26:59 - [MESSAGE][INFO] - Smart Wait Function is triggered

2021-10-15 17:26:59 - [MESSAGE][INFO] - Found 2 web elements with id: 'Object Repository/Menu/Alt_Menu' located by 'By.xpath: //li[@class='dropdown dropdown-large open']//li[@class='dropdown-element']' in '10' second(s)

2021-10-15 17:27:03 - [MESSAGE][PASSED] - Method.TextDegerineEsitElementeTikla is PASSED

2021-10-15 17:27:03 - [MESSAGE][PASSED] - Call Test Case 'Test Cases/Menu/AltMenuSecimi' successfully

2021-10-15 17:27:03 - [MESSAGE][INFO] - Checking called Test Case

2021-10-15 17:27:03 - [MESSAGE][INFO] - Starting to call Test Case 'Test Cases/Filtreler/BaslangicYaz'

2021-10-15 17:27:03 - [TEST_CASE][PASSED] - Test Cases/Filtreler/BaslangicYaz: Test Cases/Filtreler/BaslangicYaz

2021-10-15 17:27:03 - [TEST_STEP][PASSED] - Method.TextDegerineEsitElementinAltindakineTikla(findTestObject("Filtreler/Basliklar"), findTestObject("Filtreler/Basliga_Gore_Baslangic_Image"), Filtre_Adi): Method.TextDegerineEsitElementinAltindakineTikla is PASSED

2021-10-15 17:27:03 - [MESSAGE][INFO] - Finding Test Object 'Object Repository/Filtreler/Basliklar'

2021-10-15 17:27:03 - [MESSAGE][INFO] - Finding Test Object 'Object Repository/Filtreler/Basliga_Gore_Baslangic_Image'

2021-10-15 17:27:03 - [MESSAGE][INFO] - Checking timeout

2021-10-15 17:27:03 - [MESSAGE][INFO] - Finding web element with id: 'Object Repository/Filtreler/Basliklar' located by 'By.cssSelector: .control-label.col-sm-4.paddingMarginRLC' in '10' second(s)

2021-10-15 17:27:03 - [MESSAGE][INFO] - Smart Wait Function is triggered

2021-10-15 17:27:04 - [MESSAGE][INFO] - Found 8 web elements with id: 'Object Repository/Filtreler/Basliklar' located by 'By.cssSelector: .control-label.col-sm-4.paddingMarginRLC' in '10' second(s)

2021-10-15 17:27:04 - [MESSAGE][INFO] - Smart Wait Function is triggered

2021-10-15 17:27:04 - [MESSAGE][PASSED] - Method.TextDegerineEsitElementinAltindakineTikla is PASSED

2021-10-15 17:27:04 - [TEST_STEP][PASSED] - Method.TextDegerineEsitElementinAltindakiTextboxtaYaz(findTestObject("Filtreler/Basliklar"), findTestObject("Filtreler/Basliga_Gore_Baslangic"), Filtre_Adi, Filtre_Degeri): Method.TextDegerineEsitElementinAltindakiTextboxtaYaz is PASSED

2021-10-15 17:27:04 - [MESSAGE][INFO] - Finding Test Object 'Object Repository/Filtreler/Basliklar'

2021-10-15 17:27:05 - [MESSAGE][INFO] - Finding Test Object 'Object Repository/Filtreler/Basliga_Gore_Baslangic'

2021-10-15 17:27:05 - [MESSAGE][INFO] - Checking timeout

2021-10-15 17:27:05 - [MESSAGE][INFO] - Finding web element with id: 'Object Repository/Filtreler/Basliklar' located by 'By.cssSelector: .control-label.col-sm-4.paddingMarginRLC' in '10' second(s)

2021-10-15 17:27:05 - [MESSAGE][INFO] - Smart Wait Function is triggered

2021-10-15 17:27:05 - [MESSAGE][INFO] - Found 8 web elements with id: 'Object Repository/Filtreler/Basliklar' located by 'By.cssSelector: .control-label.col-sm-4.paddingMarginRLC' in '10' second(s)

2021-10-15 17:27:05 - [MESSAGE][INFO] - Smart Wait Function is triggered

2021-10-15 17:27:06 - [MESSAGE][PASSED] - Method.TextDegerineEsitElementinAltindakiTextboxtaYaz is PASSED

2021-10-15 17:27:06 - [MESSAGE][PASSED] - Call Test Case 'Test Cases/Filtreler/BaslangicYaz' successfully

2021-10-15 17:27:06 - [MESSAGE][INFO] - Checking called Test Case

2021-10-15 17:27:06 - [MESSAGE][INFO] - Starting to call Test Case 'Test Cases/Filtreler/BitisYaz'

2021-10-15 17:27:06 - [TEST_CASE][PASSED] - Test Cases/Filtreler/BitisYaz: Test Cases/Filtreler/BitisYaz

2021-10-15 17:27:06 - [TEST_STEP][PASSED] - Method.TextDegerineEsitElementinAltindakineTikla(findTestObject("Filtreler/Basliklar"), findTestObject("Filtreler/Basliga_Gore_Bitis_Image"), Filtre_Adi): Method.TextDegerineEsitElementinAltindakineTikla is PASSED

2021-10-15 17:27:06 - [MESSAGE][INFO] - Finding Test Object 'Object Repository/Filtreler/Basliklar'

2021-10-15 17:27:06 - [MESSAGE][INFO] - Finding Test Object 'Object Repository/Filtreler/Basliga_Gore_Bitis_Image'

2021-10-15 17:27:06 - [MESSAGE][INFO] - Checking timeout

2021-10-15 17:27:06 - [MESSAGE][INFO] - Finding web element with id: 'Object Repository/Filtreler/Basliklar' located by 'By.cssSelector: .control-label.col-sm-4.paddingMarginRLC' in '10' second(s)

2021-10-15 17:27:06 - [MESSAGE][INFO] - Smart Wait Function is triggered

2021-10-15 17:27:06 - [MESSAGE][INFO] - Found 8 web elements with id: 'Object Repository/Filtreler/Basliklar' located by 'By.cssSelector: .control-label.col-sm-4.paddingMarginRLC' in '10' second(s)

2021-10-15 17:27:06 - [MESSAGE][INFO] - Smart Wait Function is triggered

2021-10-15 17:27:06 - [MESSAGE][PASSED] - Method.TextDegerineEsitElementinAltindakineTikla is PASSED

2021-10-15 17:27:06 - [TEST_STEP][PASSED] - Method.TextDegerineEsitElementinAltindakiTextboxtaYaz(findTestObject("Filtreler/Basliklar"), findTestObject("Object Repository/Filtreler/Basliga_Gore_Bitis"), Filtre_Adi, Filtre_Degeri): Method.TextDegerineEsitElementinAltindakiTextboxtaYaz is PASSED

2021-10-15 17:27:06 - [MESSAGE][INFO] - Finding Test Object 'Object Repository/Filtreler/Basliklar'

2021-10-15 17:27:07 - [MESSAGE][INFO] - Finding Test Object 'Object Repository/Filtreler/Basliga_Gore_Bitis'

2021-10-15 17:27:07 - [MESSAGE][INFO] - Checking timeout

2021-10-15 17:27:07 - [MESSAGE][INFO] - Finding web element with id: 'Object Repository/Filtreler/Basliklar' located by 'By.cssSelector: .control-label.col-sm-4.paddingMarginRLC' in '10' second(s)

2021-10-15 17:27:07 - [MESSAGE][INFO] - Smart Wait Function is triggered

2021-10-15 17:27:07 - [MESSAGE][INFO] - Found 8 web elements with id: 'Object Repository/Filtreler/Basliklar' located by 'By.cssSelector: .control-label.col-sm-4.paddingMarginRLC' in '10' second(s)

2021-10-15 17:27:07 - [MESSAGE][INFO] - Smart Wait Function is triggered

2021-10-15 17:27:07 - [MESSAGE][PASSED] - Method.TextDegerineEsitElementinAltindakiTextboxtaYaz is PASSED

2021-10-15 17:27:07 - [MESSAGE][PASSED] - Call Test Case 'Test Cases/Filtreler/BitisYaz' successfully

2021-10-15 17:27:07 - [MESSAGE][INFO] - Checking called Test Case

2021-10-15 17:27:07 - [MESSAGE][INFO] - Starting to call Test Case 'Test Cases/Filtreler/ButonaTikla'

2021-10-15 17:27:08 - [TEST_CASE][PASSED] - Test Cases/Filtreler/ButonaTikla: Test Cases/Filtreler/ButonaTikla

2021-10-15 17:27:08 - [TEST_STEP][PASSED] - Method.TextDegerineEsitElementeTikla(findTestObject("Filtreler/Butonlar"), Filtre_Buton): Method.TextDegerineEsitElementeTikla is PASSED

2021-10-15 17:27:08 - [MESSAGE][INFO] - Finding Test Object 'Object Repository/Filtreler/Butonlar'

2021-10-15 17:27:08 - [MESSAGE][INFO] - Checking timeout

2021-10-15 17:27:08 - [MESSAGE][INFO] - Finding web element with id: 'Object Repository/Filtreler/Butonlar' located by 'By.cssSelector: .dxb>span' in '10' second(s)

2021-10-15 17:27:08 - [MESSAGE][INFO] - Smart Wait Function is triggered

2021-10-15 17:27:08 - [MESSAGE][INFO] - Found 3 web elements with id: 'Object Repository/Filtreler/Butonlar' located by 'By.cssSelector: .dxb>span' in '10' second(s)

2021-10-15 17:27:08 - [MESSAGE][PASSED] - Method.TextDegerineEsitElementeTikla is PASSED

2021-10-15 17:27:08 - [MESSAGE][PASSED] - Call Test Case 'Test Cases/Filtreler/ButonaTikla' successfully

2021-10-15 17:27:08 - [MESSAGE][INFO] - Checking called Test Case

2021-10-15 17:27:08 - [MESSAGE][INFO] - Starting to call Test Case 'Test Cases/Tablo/TablodaVeriVarMi'

2021-10-15 17:27:08 - [TEST_CASE][PASSED] - Test Cases/Tablo/TablodaVeriVarMi: Test Cases/Tablo/TablodaVeriVarMi

2021-10-15 17:27:08 - [TEST_STEP][PASSED] - verifyTextNotPresent("Görüntülenecek veri yok", true): Text 'Görüntülenecek veri yok' is not present on page using regular expression

2021-10-15 17:27:08 - [MESSAGE][INFO] - Checking text present  using regular expression

2021-10-15 17:27:08 - [MESSAGE][INFO] - Smart Wait Function is triggered

2021-10-15 17:27:09 - [MESSAGE][INFO] - Finding text 'Görüntülenecek veri yok' on page  using regular expression

2021-10-15 17:27:09 - [MESSAGE][PASSED] - Text 'Görüntülenecek veri yok' is not present on page using regular expression

2021-10-15 17:27:09 - [MESSAGE][PASSED] - Call Test Case 'Test Cases/Tablo/TablodaVeriVarMi' successfully

2021-10-15 17:27:09 - [MESSAGE][INFO] - Checking called Test Case

2021-10-15 17:27:09 - [MESSAGE][INFO] - Starting to call Test Case 'Test Cases/Tablo/TablodanVeriSec'

2021-10-15 17:27:09 - [TEST_CASE][PASSED] - Test Cases/Tablo/TablodanVeriSec: Test Cases/Tablo/TablodanVeriSec

2021-10-15 17:27:09 - [TEST_STEP][PASSED] - Method.TextDegerineEsitElementinAltindakineTikla(findTestObject("Tablo/Veriler"), findTestObject("Tablo/VerininCheckBoxi"), Veri_Adi): Method.TextDegerineEsitElementinAltindakineTikla is PASSED

2021-10-15 17:27:09 - [MESSAGE][INFO] - Finding Test Object 'Object Repository/Tablo/Veriler'

2021-10-15 17:27:09 - [MESSAGE][INFO] - Finding Test Object 'Object Repository/Tablo/VerininCheckBoxi'

2021-10-15 17:27:09 - [MESSAGE][INFO] - Checking timeout

2021-10-15 17:27:09 - [MESSAGE][INFO] - Finding web element with id: 'Object Repository/Tablo/Veriler' located by 'By.cssSelector: td.dxgv b ,td.dxgv' in '10' second(s)

2021-10-15 17:27:09 - [MESSAGE][INFO] - Smart Wait Function is triggered

2021-10-15 17:27:09 - [MESSAGE][INFO] - Found 110 web elements with id: 'Object Repository/Tablo/Veriler' located by 'By.cssSelector: td.dxgv b ,td.dxgv' in '10' second(s)

2021-10-15 17:27:09 - [MESSAGE][INFO] - Smart Wait Function is triggered

2021-10-15 17:27:10 - [MESSAGE][PASSED] - Method.TextDegerineEsitElementinAltindakineTikla is PASSED

2021-10-15 17:27:10 - [MESSAGE][PASSED] - Call Test Case 'Test Cases/Tablo/TablodanVeriSec' successfully

2021-10-15 17:27:10 - [MESSAGE][INFO] - Checking called Test Case

2021-10-15 17:27:10 - [MESSAGE][INFO] - Starting to call Test Case 'Test Cases/Butonlar/ButonaTikla'

2021-10-15 17:27:10 - [TEST_CASE][PASSED] - Test Cases/Butonlar/ButonaTikla: Test Cases/Butonlar/ButonaTikla

2021-10-15 17:27:10 - [TEST_STEP][PASSED] - Method.TextDegerineEsitElementeTiklaEquals(findTestObject("Butonlar/Butonlar"), Buton_Adi): Method.TextDegerineEsitElementeTiklaEquals is PASSED

2021-10-15 17:27:10 - [MESSAGE][INFO] - Finding Test Object 'Object Repository/Butonlar/Butonlar'

2021-10-15 17:27:10 - [MESSAGE][INFO] - Checking timeout

2021-10-15 17:27:10 - [MESSAGE][INFO] - Finding web element with id: 'Object Repository/Butonlar/Butonlar' located by 'By.cssSelector: .panel.panel-default.text-center.footerPanel .btn,.btn.btn-primary.btnControls' in '10' second(s)

2021-10-15 17:27:10 - [MESSAGE][INFO] - Smart Wait Function is triggered

2021-10-15 17:27:10 - [MESSAGE][INFO] - Found 6 web elements with id: 'Object Repository/Butonlar/Butonlar' located by 'By.cssSelector: .panel.panel-default.text-center.footerPanel .btn,.btn.btn-primary.btnControls' in '10' second(s)

2021-10-15 17:27:10 - [MESSAGE][PASSED] - Method.TextDegerineEsitElementeTiklaEquals is PASSED

2021-10-15 17:27:10 - [MESSAGE][PASSED] - Call Test Case 'Test Cases/Butonlar/ButonaTikla' successfully

2021-10-15 17:27:10 - [MESSAGE][INFO] - Checking called Test Case

2021-10-15 17:27:10 - [MESSAGE][INFO] - Starting to call Test Case 'Test Cases/Sekmeler/YeniSekmeyeGec'

2021-10-15 17:27:10 - [TEST_CASE][PASSED] - Test Cases/Sekmeler/YeniSekmeyeGec: Test Cases/Sekmeler/YeniSekmeyeGec

2021-10-15 17:27:10 - [TEST_STEP][PASSED] - switchToWindowIndex(1): Switched to window with index: '1'

2021-10-15 17:27:10 - [MESSAGE][INFO] - Checking index

2021-10-15 17:27:10 - [MESSAGE][INFO] - Switching window with index: '1'

2021-10-15 17:27:10 - [MESSAGE][PASSED] - Switched to window with index: '1'

2021-10-15 17:27:10 - [MESSAGE][PASSED] - Call Test Case 'Test Cases/Sekmeler/YeniSekmeyeGec' successfully

2021-10-15 17:27:10 - [MESSAGE][INFO] - Checking called Test Case

2021-10-15 17:27:10 - [MESSAGE][INFO] - Starting to call Test Case 'Test Cases/Sekmeler/GecmisGeldiMi'

2021-10-15 17:27:11 - [TEST_CASE][PASSED] - Test Cases/Sekmeler/GecmisGeldiMi: Test Cases/Sekmeler/GecmisGeldiMi

2021-10-15 17:27:11 - [TEST_STEP][PASSED] - waitForElementVisible(findTestObject("Object Repository/Sekmeler/GecmisBaslik"), 10): Object 'Object Repository/Sekmeler/GecmisBaslik' is visible

2021-10-15 17:27:11 - [MESSAGE][INFO] - Finding Test Object 'Object Repository/Sekmeler/GecmisBaslik'

2021-10-15 17:27:11 - [MESSAGE][INFO] - Checking object

2021-10-15 17:27:11 - [MESSAGE][INFO] - Checking timeout

2021-10-15 17:27:11 - [MESSAGE][INFO] - Finding web element from Test Object's properties

2021-10-15 17:27:11 - [MESSAGE][INFO] - Checking timeout

2021-10-15 17:27:11 - [MESSAGE][INFO] - Finding web element with id: 'Object Repository/Sekmeler/GecmisBaslik' located by 'By.cssSelector: .dxnb-ghtext.dx-vam' in '10' second(s)

2021-10-15 17:27:11 - [MESSAGE][INFO] - Smart Wait Function is triggered

2021-10-15 17:27:18 - [MESSAGE][INFO] - Found 1 web elements with id: 'Object Repository/Sekmeler/GecmisBaslik' located by 'By.cssSelector: .dxnb-ghtext.dx-vam' in '10' second(s)

2021-10-15 17:27:19 - [MESSAGE][PASSED] - Object 'Object Repository/Sekmeler/GecmisBaslik' is visible

2021-10-15 17:27:19 - [TEST_STEP][PASSED] - if (!(getText(findTestObject("Object Repository/Sekmeler/GecmisBaslik")).contains(Baslik))): Text of object 'Object Repository/Sekmeler/GecmisBaslik' is: 'Zarf İzleme Kayıtları - 116114834'

2021-10-15 17:27:19 - [MESSAGE][INFO] - Finding Test Object 'Object Repository/Sekmeler/GecmisBaslik'

2021-10-15 17:27:19 - [MESSAGE][INFO] - Checking object

2021-10-15 17:27:19 - [MESSAGE][INFO] - Finding web element from Test Object's properties

2021-10-15 17:27:19 - [MESSAGE][INFO] - Checking timeout

2021-10-15 17:27:19 - [MESSAGE][INFO] - Finding web element with id: 'Object Repository/Sekmeler/GecmisBaslik' located by 'By.cssSelector: .dxnb-ghtext.dx-vam' in '30' second(s)

2021-10-15 17:27:19 - [MESSAGE][INFO] - Smart Wait Function is triggered

2021-10-15 17:27:19 - [MESSAGE][INFO] - Found 1 web elements with id: 'Object Repository/Sekmeler/GecmisBaslik' located by 'By.cssSelector: .dxnb-ghtext.dx-vam' in '30' second(s)

2021-10-15 17:27:19 - [MESSAGE][INFO] - Getting text of object 'Object Repository/Sekmeler/GecmisBaslik'

2021-10-15 17:27:19 - [MESSAGE][PASSED] - Text of object 'Object Repository/Sekmeler/GecmisBaslik' is: 'Zarf İzleme Kayıtları - 116114834'

2021-10-15 17:27:19 - [MESSAGE][PASSED] - Call Test Case 'Test Cases/Sekmeler/GecmisGeldiMi' successfully

2021-10-15 17:27:19 - [MESSAGE][INFO] - Checking called Test Case

2021-10-15 17:27:19 - [MESSAGE][INFO] - Starting to call Test Case 'Test Cases/Sekmeler/Ana_Sekmeye_Gec'

2021-10-15 17:27:19 - [TEST_CASE][PASSED] - Test Cases/Sekmeler/Ana_Sekmeye_Gec: Test Cases/Sekmeler/Ana_Sekmeye_Gec

2021-10-15 17:27:19 - [TEST_STEP][PASSED] - try: Window with index 1 is closed

2021-10-15 17:27:19 - [TEST_STEP][PASSED] - index = getWindowIndex(): Current window's index is: 1

2021-10-15 17:27:19 - [MESSAGE][INFO] - Getting current window's index

2021-10-15 17:27:19 - [MESSAGE][PASSED] - Current window's index is: 1

2021-10-15 17:27:19 - [TEST_STEP][PASSED] - closeWindowIndex(index): Window with index 1 is closed

2021-10-15 17:27:19 - [MESSAGE][INFO] - Checking index

2021-10-15 17:27:19 - [MESSAGE][INFO] - Closing window with index 1

2021-10-15 17:27:19 - [MESSAGE][PASSED] - Window with index 1 is closed

2021-10-15 17:27:19 - [TEST_STEP][PASSED] - switchToWindowIndex(0): Switched to window with index: '0'

2021-10-15 17:27:19 - [MESSAGE][INFO] - Checking index

2021-10-15 17:27:19 - [MESSAGE][INFO] - Switching window with index: '0'

2021-10-15 17:27:19 - [MESSAGE][PASSED] - Switched to window with index: '0'

2021-10-15 17:27:19 - [MESSAGE][PASSED] - Call Test Case 'Test Cases/Sekmeler/Ana_Sekmeye_Gec' successfully

2021-10-15 17:27:19 - [MESSAGE][INFO] - Checking called Test Case

2021-10-15 17:27:19 - [MESSAGE][INFO] - Starting to call Test Case 'Test Cases/Kullanici_Islemleri/KullaniciIslemlerindenSecimYapilir'

2021-10-15 17:27:19 - [TEST_CASE][PASSED] - Test Cases/Kullanici_Islemleri/KullaniciIslemlerindenSecimYapilir: Test Cases/Kullanici_Islemleri/KullaniciIslemlerindenSecimYapilir

2021-10-15 17:27:19 - [TEST_STEP][PASSED] - waitForElementClickable(findTestObject("Object Repository/Kullanici_Islemleri/KullaniciIslemleri"), 10): Object 'Object Repository/Kullanici_Islemleri/KullaniciIslemleri' is clickable

2021-10-15 17:27:19 - [MESSAGE][INFO] - Finding Test Object 'Object Repository/Kullanici_Islemleri/KullaniciIslemleri'

2021-10-15 17:27:19 - [MESSAGE][INFO] - Checking object

2021-10-15 17:27:19 - [MESSAGE][INFO] - Checking timeout

2021-10-15 17:27:19 - [MESSAGE][INFO] - Finding web element from Test Object's properties

2021-10-15 17:27:19 - [MESSAGE][INFO] - Checking timeout

2021-10-15 17:27:19 - [MESSAGE][INFO] - Finding web element with id: 'Object Repository/Kullanici_Islemleri/KullaniciIslemleri' located by 'By.cssSelector: .dropdown>a>img' in '10' second(s)

2021-10-15 17:27:19 - [MESSAGE][INFO] - Smart Wait Function is triggered

2021-10-15 17:27:20 - [MESSAGE][INFO] - Found 1 web elements with id: 'Object Repository/Kullanici_Islemleri/KullaniciIslemleri' located by 'By.cssSelector: .dropdown>a>img' in '10' second(s)

2021-10-15 17:27:20 - [MESSAGE][PASSED] - Object 'Object Repository/Kullanici_Islemleri/KullaniciIslemleri' is clickable

2021-10-15 17:27:20 - [TEST_STEP][PASSED] - click(findTestObject("Object Repository/Kullanici_Islemleri/KullaniciIslemleri")): Object: 'Object Repository/Kullanici_Islemleri/KullaniciIslemleri' is clicked on

2021-10-15 17:27:20 - [MESSAGE][INFO] - Finding Test Object 'Object Repository/Kullanici_Islemleri/KullaniciIslemleri'

2021-10-15 17:27:20 - [MESSAGE][INFO] - Checking object

2021-10-15 17:27:20 - [MESSAGE][INFO] - Finding web element from Test Object's properties

2021-10-15 17:27:20 - [MESSAGE][INFO] - Checking timeout

2021-10-15 17:27:20 - [MESSAGE][INFO] - Finding web element with id: 'Object Repository/Kullanici_Islemleri/KullaniciIslemleri' located by 'By.cssSelector: .dropdown>a>img' in '30' second(s)

2021-10-15 17:27:20 - [MESSAGE][INFO] - Smart Wait Function is triggered

2021-10-15 17:27:20 - [MESSAGE][INFO] - Found 1 web elements with id: 'Object Repository/Kullanici_Islemleri/KullaniciIslemleri' located by 'By.cssSelector: .dropdown>a>img' in '30' second(s)

2021-10-15 17:27:20 - [MESSAGE][INFO] - Clicking on object: 'Object Repository/Kullanici_Islemleri/KullaniciIslemleri'

2021-10-15 17:27:21 - [MESSAGE][PASSED] - Object: 'Object Repository/Kullanici_Islemleri/KullaniciIslemleri' is clicked on

2021-10-15 17:27:21 - [TEST_STEP][PASSED] - Method.TextDegerineEsitElementeTikla(findTestObject("Object Repository/Kullanici_Islemleri/Secenekler"), Islem): Method.TextDegerineEsitElementeTikla is PASSED

2021-10-15 17:27:21 - [MESSAGE][INFO] - Finding Test Object 'Object Repository/Kullanici_Islemleri/Secenekler'

2021-10-15 17:27:21 - [MESSAGE][INFO] - Checking timeout

2021-10-15 17:27:21 - [MESSAGE][INFO] - Finding web element with id: 'Object Repository/Kullanici_Islemleri/Secenekler' located by 'By.cssSelector: .nav.navbar-nav.navbar-right li a' in '10' second(s)

2021-10-15 17:27:21 - [MESSAGE][INFO] - Smart Wait Function is triggered

2021-10-15 17:27:21 - [MESSAGE][INFO] - Found 22 web elements with id: 'Object Repository/Kullanici_Islemleri/Secenekler' located by 'By.cssSelector: .nav.navbar-nav.navbar-right li a' in '10' second(s)

2021-10-15 17:27:23 - [MESSAGE][PASSED] - Method.TextDegerineEsitElementeTikla is PASSED

2021-10-15 17:27:23 - [TEST_STEP][PASSED] - verifyElementNotPresent(findTestObject("Object Repository/Kullanici_Islemleri/Secenekler"), 10): Web element with id: 'Object Repository/Kullanici_Islemleri/Secenekler' located by 'By.cssSelector: .nav.navbar-nav.navbar-right li a' is not present after '10' second(s)

2021-10-15 17:27:23 - [MESSAGE][INFO] - Finding Test Object 'Object Repository/Kullanici_Islemleri/Secenekler'

2021-10-15 17:27:23 - [MESSAGE][INFO] - Checking object

2021-10-15 17:27:23 - [MESSAGE][INFO] - Checking timeout

2021-10-15 17:27:23 - [MESSAGE][INFO] - Finding web element with id: 'Object Repository/Kullanici_Islemleri/Secenekler' located by 'By.cssSelector: .nav.navbar-nav.navbar-right li a' in '10' second(s)

2021-10-15 17:27:23 - [MESSAGE][INFO] - Smart Wait Function is triggered

2021-10-15 17:27:23 - [MESSAGE][PASSED] - Web element with id: 'Object Repository/Kullanici_Islemleri/Secenekler' located by 'By.cssSelector: .nav.navbar-nav.navbar-right li a' is not present after '10' second(s)

2021-10-15 17:27:23 - [MESSAGE][PASSED] - Call Test Case 'Test Cases/Kullanici_Islemleri/KullaniciIslemlerindenSecimYapilir' successfully

2021-10-15 17:27:23 - [TEST_CASE][PASSED] - Start Test Case : SCENARIO Giden Zarf Gecmis: SCENARIO Giden Zarf Gecmis

2021-10-15 17:27:23 - [TEST_STEP][PASSED] - Kullanıcı adı ELOGO6 ve Şifre 123456 olarak giriş yapılır: Kullanıcı adı ELOGO6 ve Şifre 123456 olarak giriş yapılır

2021-10-15 17:27:23 - [MESSAGE][PASSED] - Kullanıcı adı ELOGO6 ve Şifre 123456 olarak giriş yapılır

2021-10-15 17:27:23 - [TEST_STEP][PASSED] - Ana menüden Zarflar seçilir: Ana menüden Zarflar seçilir

2021-10-15 17:27:23 - [MESSAGE][PASSED] - Ana menüden Zarflar seçilir

2021-10-15 17:27:23 - [TEST_STEP][PASSED] - Alt menüden Giden Zarflar seçilir: Alt menüden Giden Zarflar seçilir

2021-10-15 17:27:23 - [MESSAGE][PASSED] - Alt menüden Giden Zarflar seçilir

2021-10-15 17:27:23 - [TEST_STEP][PASSED] - Filtrelerden Oluşturma Tarihi filtresine 01.12.2020 baslangic degerini yaz: Filtrelerden Oluşturma Tarihi filtresine 01.12.2020 baslangic degerini yaz

2021-10-15 17:27:23 - [MESSAGE][PASSED] - Filtrelerden Oluşturma Tarihi filtresine 01.12.2020 baslangic degerini yaz

2021-10-15 17:27:23 - [TEST_STEP][PASSED] - Filtrelerden Oluşturma Tarihi filtresine 31.12.2020 bitis degerini yaz: Filtrelerden Oluşturma Tarihi filtresine 31.12.2020 bitis degerini yaz

2021-10-15 17:27:23 - [MESSAGE][PASSED] - Filtrelerden Oluşturma Tarihi filtresine 31.12.2020 bitis degerini yaz

2021-10-15 17:27:23 - [TEST_STEP][PASSED] - Filtre butonlarından Listele seçilir: Filtre butonlarından Listele seçilir

2021-10-15 17:27:23 - [MESSAGE][PASSED] - Filtre butonlarından Listele seçilir

2021-10-15 17:27:23 - [TEST_STEP][PASSED] - Tabloda veri var mı kontrol edilir: Tabloda veri var mı kontrol edilir

2021-10-15 17:27:23 - [MESSAGE][PASSED] - Tabloda veri var mı kontrol edilir

2021-10-15 17:27:23 - [TEST_STEP][PASSED] - Tablodan Test Kurum 6 isimli veri seçilir: Tablodan Test Kurum 6 isimli veri seçilir

2021-10-15 17:27:23 - [MESSAGE][PASSED] - Tablodan Test Kurum 6 isimli veri seçilir

2021-10-15 17:27:23 - [TEST_STEP][PASSED] - Butonlardan İzleme Kayıtları isimli butona tıklanır: Butonlardan İzleme Kayıtları isimli butona tıklanır

2021-10-15 17:27:23 - [MESSAGE][PASSED] - Butonlardan İzleme Kayıtları isimli butona tıklanır

2021-10-15 17:27:23 - [TEST_STEP][PASSED] - Yeni açılan sekmeye geçilir: Yeni açılan sekmeye geçilir

2021-10-15 17:27:23 - [MESSAGE][PASSED] - Yeni açılan sekmeye geçilir

2021-10-15 17:27:23 - [TEST_STEP][PASSED] - Zarf İzleme Kayıtları baslikli gecmis sayfasi geldi mi: Zarf İzleme Kayıtları baslikli gecmis sayfasi geldi mi

2021-10-15 17:27:23 - [MESSAGE][PASSED] - Zarf İzleme Kayıtları baslikli gecmis sayfasi geldi mi

2021-10-15 17:27:23 - [TEST_STEP][PASSED] - Ana sekmeye geçilir: Ana sekmeye geçilir

2021-10-15 17:27:23 - [MESSAGE][PASSED] - Ana sekmeye geçilir

2021-10-15 17:27:23 - [TEST_STEP][PASSED] - Kullanıcı işlemlerinden Çıkış seçilir: Kullanıcı işlemlerinden Çıkış seçilir

2021-10-15 17:27:23 - [MESSAGE][PASSED] - Kullanıcı işlemlerinden Çıkış seçilir

2021-10-15 17:27:23 - [MESSAGE][PASSED] - Feature file: 'Include/features/Zarflar/Giden Zarflar/Izleme Kayitlari.feature' was passed

2021-10-15 17:27:23 - [TEST_STEP][PASSED] - Start listener action : sampleAfterTestSuite: Invoke 'com.kms.katalon.core.annotation.AfterTestCase' method: 'Listener.sampleAfterTestSuite(...)' completed.

2021-10-15 17:27:23 - [MESSAGE][INFO] - Starting invoke 'com.kms.katalon.core.annotation.AfterTestCase' method: 'Listener.sampleAfterTestSuite(...)'

2021-10-15 17:27:23 - [TEST_STEP][PASSED] - closeBrowser(): Invoke 'com.kms.katalon.core.annotation.AfterTestCase' method: 'Listener.sampleAfterTestSuite(...)' completed.

2021-10-15 17:27:23 - [MESSAGE][INFO] - Closing browser

2021-10-15 17:27:25 - [MESSAGE][PASSED] - Browser is closed

2021-10-15 17:27:25 - [MESSAGE][INFO] - Invoke 'com.kms.katalon.core.annotation.AfterTestCase' method: 'Listener.sampleAfterTestSuite(...)' completed.]]></system-out>
         <system-err><![CDATA[]]></system-err>
      </testcase>
      <testcase name="Test Cases/Case Repository/Zarflar/Giden Zarflar/Tablodaki Verinin Irsaliyeleri" time="34.962" classname="Test Cases/Case Repository/Zarflar/Giden Zarflar/Tablodaki Verinin Irsaliyeleri" status="PASSED">
         <system-out><![CDATA[2021-10-15 17:27:25 - [TEST_CASE][PASSED] - Test Cases/Case Repository/Zarflar/Giden Zarflar/Tablodaki Verinin Irsaliyeleri: Test Cases/Case Repository/Zarflar/Giden Zarflar/Tablodaki Verinin Irsaliyeleri

2021-10-15 17:27:25 - [TEST_STEP][PASSED] - Start listener action : sampleBeforeTestSuite: Invoke 'com.kms.katalon.core.annotation.BeforeTestCase' method: 'Listener.sampleBeforeTestSuite(...)' completed.

2021-10-15 17:27:25 - [MESSAGE][INFO] - Starting invoke 'com.kms.katalon.core.annotation.BeforeTestCase' method: 'Listener.sampleBeforeTestSuite(...)'

2021-10-15 17:27:25 - [TEST_STEP][PASSED] - openBrowser(baseUrl): Browser is opened with url: 'https://efatura-stage.elogo.com.tr/'

2021-10-15 17:27:25 - [MESSAGE][INFO] - Opening browser

2021-10-15 17:27:25 - [MESSAGE][INFO] - Starting 'Chrome' driver

2021-10-15 17:27:25 - [MESSAGE][INFO] - User set preference: ['prefs', '{download.default_directory=C:\otomasyondownfiles}']

2021-10-15 17:27:25 - [MESSAGE][INFO] - Action delay is set to 0 milliseconds

2021-10-15 17:27:26 - [MESSAGE][INFO] - Navigating browser to: 'https://efatura-stage.elogo.com.tr/'

2021-10-15 17:27:31 - [MESSAGE][PASSED] - Browser is opened with url: 'https://efatura-stage.elogo.com.tr/'

2021-10-15 17:27:31 - [TEST_STEP][PASSED] - maximizeWindow(): Invoke 'com.kms.katalon.core.annotation.BeforeTestCase' method: 'Listener.sampleBeforeTestSuite(...)' completed.

2021-10-15 17:27:31 - [MESSAGE][INFO] - Maximizing current window

2021-10-15 17:27:32 - [MESSAGE][PASSED] - Current window maximized

2021-10-15 17:27:32 - [MESSAGE][INFO] - Invoke 'com.kms.katalon.core.annotation.BeforeTestCase' method: 'Listener.sampleBeforeTestSuite(...)' completed.

2021-10-15 17:27:32 - [TEST_STEP][PASSED] - runFeatureFile("Include/features/Zarflar/Giden Zarflar/Tablodaki Verinin Irsaliyeleri.feature"): Feature file: 'Include/features/Zarflar/Giden Zarflar/Tablodaki Verinin Irsaliyeleri.feature' was passed

2021-10-15 17:27:32 - [MESSAGE][INFO] - Starting run keyword runFeatureFile: 'Include/features/Zarflar/Giden Zarflar/Tablodaki Verinin Irsaliyeleri.feature' and extract report to folder: 'C:\Users\DELL\Downloads\EES_Katalon-main\Reports\20211015_165642\Suite Repository\Zarflar\20211015_165727/cucumber_report/1634308052858'...

2021-10-15 17:27:32 - [MESSAGE][INFO] - Glue: []

2021-10-15 17:27:33 - [MESSAGE][INFO] - Checking called Test Case

2021-10-15 17:27:33 - [MESSAGE][INFO] - Starting to call Test Case 'Test Cases/Sayfalar/Giris_Sayfasi/Login'

2021-10-15 17:27:34 - [TEST_CASE][PASSED] - Test Cases/Sayfalar/Giris_Sayfasi/Login: Test Cases/Sayfalar/Giris_Sayfasi/Login

2021-10-15 17:27:34 - [TEST_STEP][PASSED] - Sayfa_Basligi = getWindowTitle(): Current window's title is: 'LOGO e-Fatura'

2021-10-15 17:27:34 - [MESSAGE][INFO] - Getting current window's title

2021-10-15 17:27:34 - [MESSAGE][PASSED] - Current window's title is: 'LOGO e-Fatura'

2021-10-15 17:27:34 - [TEST_STEP][PASSED] - verifyMatch(Sayfa_Basligi, "LOGO e-Fatura", false): Actual text 'LOGO e-Fatura' and expected text 'LOGO e-Fatura' are matched 

2021-10-15 17:27:34 - [MESSAGE][INFO] - Matching actual text 'LOGO e-Fatura' with expected text 'LOGO e-Fatura'

2021-10-15 17:27:34 - [MESSAGE][PASSED] - Actual text 'LOGO e-Fatura' and expected text 'LOGO e-Fatura' are matched 

2021-10-15 17:27:34 - [TEST_STEP][PASSED] - sendKeys(findTestObject("Sayfalar/Giris_Sayfasi/Firma_Kodu"), KullaniciAdi): Keys 'ELOGO6' sent to object: 'Object Repository/Sayfalar/Giris_Sayfasi/Firma_Kodu'

2021-10-15 17:27:34 - [MESSAGE][INFO] - Finding Test Object 'Object Repository/Sayfalar/Giris_Sayfasi/Firma_Kodu'

2021-10-15 17:27:34 - [MESSAGE][INFO] - Sending keys 'ELOGO6' to object: 'Object Repository/Sayfalar/Giris_Sayfasi/Firma_Kodu'

2021-10-15 17:27:34 - [MESSAGE][INFO] - Finding web element from Test Object's properties

2021-10-15 17:27:34 - [MESSAGE][INFO] - Checking timeout

2021-10-15 17:27:34 - [MESSAGE][INFO] - Finding web element with id: 'Object Repository/Sayfalar/Giris_Sayfasi/Firma_Kodu' located by 'By.xpath: //*[@id = 'AccountName']' in '30' second(s)

2021-10-15 17:27:34 - [MESSAGE][INFO] - Smart Wait Function is triggered

2021-10-15 17:27:34 - [MESSAGE][INFO] - Found 1 web elements with id: 'Object Repository/Sayfalar/Giris_Sayfasi/Firma_Kodu' located by 'By.xpath: //*[@id = 'AccountName']' in '30' second(s)

2021-10-15 17:27:34 - [MESSAGE][PASSED] - Keys 'ELOGO6' sent to object: 'Object Repository/Sayfalar/Giris_Sayfasi/Firma_Kodu'

2021-10-15 17:27:34 - [TEST_STEP][PASSED] - sendKeys(findTestObject("Sayfalar/Giris_Sayfasi/Sifre"), Sifre): Keys '123456' sent to object: 'Object Repository/Sayfalar/Giris_Sayfasi/Sifre'

2021-10-15 17:27:34 - [MESSAGE][INFO] - Finding Test Object 'Object Repository/Sayfalar/Giris_Sayfasi/Sifre'

2021-10-15 17:27:34 - [MESSAGE][INFO] - Sending keys '123456' to object: 'Object Repository/Sayfalar/Giris_Sayfasi/Sifre'

2021-10-15 17:27:34 - [MESSAGE][INFO] - Finding web element from Test Object's properties

2021-10-15 17:27:34 - [MESSAGE][INFO] - Checking timeout

2021-10-15 17:27:34 - [MESSAGE][INFO] - Finding web element with id: 'Object Repository/Sayfalar/Giris_Sayfasi/Sifre' located by 'By.xpath: //*[@id = 'Password']' in '30' second(s)

2021-10-15 17:27:34 - [MESSAGE][INFO] - Smart Wait Function is triggered

2021-10-15 17:27:34 - [MESSAGE][INFO] - Found 1 web elements with id: 'Object Repository/Sayfalar/Giris_Sayfasi/Sifre' located by 'By.xpath: //*[@id = 'Password']' in '30' second(s)

2021-10-15 17:27:35 - [MESSAGE][PASSED] - Keys '123456' sent to object: 'Object Repository/Sayfalar/Giris_Sayfasi/Sifre'

2021-10-15 17:27:35 - [TEST_STEP][PASSED] - findWebElement(findTestObject("Sayfalar/Giris_Sayfasi/Giris_Butonu")).click(): Found 1 web elements with id: 'Object Repository/Sayfalar/Giris_Sayfasi/Giris_Butonu' located by 'By.cssSelector: #btnLogin' in '30' second(s)

2021-10-15 17:27:35 - [MESSAGE][INFO] - Finding Test Object 'Object Repository/Sayfalar/Giris_Sayfasi/Giris_Butonu'

2021-10-15 17:27:35 - [MESSAGE][INFO] - Finding web element from Test Object's properties

2021-10-15 17:27:35 - [MESSAGE][INFO] - Checking timeout

2021-10-15 17:27:35 - [MESSAGE][INFO] - Finding web element with id: 'Object Repository/Sayfalar/Giris_Sayfasi/Giris_Butonu' located by 'By.cssSelector: #btnLogin' in '30' second(s)

2021-10-15 17:27:35 - [MESSAGE][INFO] - Smart Wait Function is triggered

2021-10-15 17:27:35 - [MESSAGE][INFO] - Found 1 web elements with id: 'Object Repository/Sayfalar/Giris_Sayfasi/Giris_Butonu' located by 'By.cssSelector: #btnLogin' in '30' second(s)

2021-10-15 17:27:37 - [TEST_STEP][PASSED] - if (verifyElementPresent(findTestObject("Object Repository/Sayfalar/Giris_Sayfasi/RetveTamam_Butonu"), 5, OPTIONAL)): null

2021-10-15 17:27:37 - [MESSAGE][INFO] - Finding Test Object 'Object Repository/Sayfalar/Giris_Sayfasi/RetveTamam_Butonu'

2021-10-15 17:27:37 - [MESSAGE][INFO] - Checking object

2021-10-15 17:27:37 - [MESSAGE][INFO] - Finding web element from Test Object's properties

2021-10-15 17:27:37 - [MESSAGE][INFO] - Checking timeout

2021-10-15 17:27:37 - [MESSAGE][INFO] - Finding web element with id: 'Object Repository/Sayfalar/Giris_Sayfasi/RetveTamam_Butonu' located by 'By.xpath: //*[@class = 'btn btn-default']' in '5' second(s)

2021-10-15 17:27:37 - [MESSAGE][INFO] - Smart Wait Function is triggered

2021-10-15 17:27:38 - [MESSAGE][INFO] - Found 1 web elements with id: 'Object Repository/Sayfalar/Giris_Sayfasi/RetveTamam_Butonu' located by 'By.xpath: //*[@class = 'btn btn-default']' in '5' second(s)

2021-10-15 17:27:38 - [MESSAGE][PASSED] - Object 'Object Repository/Sayfalar/Giris_Sayfasi/RetveTamam_Butonu' is present

2021-10-15 17:27:38 - [TEST_STEP][PASSED] - click(findTestObject("Object Repository/Sayfalar/Giris_Sayfasi/RetveTamam_Butonu")): Object: 'Object Repository/Sayfalar/Giris_Sayfasi/RetveTamam_Butonu' is clicked on

2021-10-15 17:27:38 - [MESSAGE][INFO] - Finding Test Object 'Object Repository/Sayfalar/Giris_Sayfasi/RetveTamam_Butonu'

2021-10-15 17:27:38 - [MESSAGE][INFO] - Checking object

2021-10-15 17:27:38 - [MESSAGE][INFO] - Finding web element from Test Object's properties

2021-10-15 17:27:38 - [MESSAGE][INFO] - Checking timeout

2021-10-15 17:27:38 - [MESSAGE][INFO] - Finding web element with id: 'Object Repository/Sayfalar/Giris_Sayfasi/RetveTamam_Butonu' located by 'By.xpath: //*[@class = 'btn btn-default']' in '30' second(s)

2021-10-15 17:27:38 - [MESSAGE][INFO] - Smart Wait Function is triggered

2021-10-15 17:27:38 - [MESSAGE][INFO] - Found 1 web elements with id: 'Object Repository/Sayfalar/Giris_Sayfasi/RetveTamam_Butonu' located by 'By.xpath: //*[@class = 'btn btn-default']' in '30' second(s)

2021-10-15 17:27:38 - [MESSAGE][INFO] - Clicking on object: 'Object Repository/Sayfalar/Giris_Sayfasi/RetveTamam_Butonu'

2021-10-15 17:27:38 - [MESSAGE][PASSED] - Object: 'Object Repository/Sayfalar/Giris_Sayfasi/RetveTamam_Butonu' is clicked on

2021-10-15 17:27:38 - [TEST_STEP][PASSED] - click(findTestObject("Object Repository/Sayfalar/Giris_Sayfasi/RetveTamam_Butonu")): Object: 'Object Repository/Sayfalar/Giris_Sayfasi/RetveTamam_Butonu' is clicked on

2021-10-15 17:27:38 - [MESSAGE][INFO] - Finding Test Object 'Object Repository/Sayfalar/Giris_Sayfasi/RetveTamam_Butonu'

2021-10-15 17:27:38 - [MESSAGE][INFO] - Checking object

2021-10-15 17:27:38 - [MESSAGE][INFO] - Finding web element from Test Object's properties

2021-10-15 17:27:38 - [MESSAGE][INFO] - Checking timeout

2021-10-15 17:27:38 - [MESSAGE][INFO] - Finding web element with id: 'Object Repository/Sayfalar/Giris_Sayfasi/RetveTamam_Butonu' located by 'By.xpath: //*[@class = 'btn btn-default']' in '30' second(s)

2021-10-15 17:27:38 - [MESSAGE][INFO] - Smart Wait Function is triggered

2021-10-15 17:27:41 - [MESSAGE][INFO] - Found 1 web elements with id: 'Object Repository/Sayfalar/Giris_Sayfasi/RetveTamam_Butonu' located by 'By.xpath: //*[@class = 'btn btn-default']' in '30' second(s)

2021-10-15 17:27:41 - [MESSAGE][INFO] - Clicking on object: 'Object Repository/Sayfalar/Giris_Sayfasi/RetveTamam_Butonu'

2021-10-15 17:27:41 - [MESSAGE][PASSED] - Object: 'Object Repository/Sayfalar/Giris_Sayfasi/RetveTamam_Butonu' is clicked on

2021-10-15 17:27:41 - [TEST_STEP][PASSED] - if (verifyElementPresent(findTestObject("Sayfalar/Giris_Sayfasi/PopupOK"), 5, OPTIONAL)): null

2021-10-15 17:27:41 - [MESSAGE][INFO] - Finding Test Object 'Object Repository/Sayfalar/Giris_Sayfasi/PopupOK'

2021-10-15 17:27:41 - [MESSAGE][INFO] - Checking object

2021-10-15 17:27:41 - [MESSAGE][INFO] - Finding web element from Test Object's properties

2021-10-15 17:27:41 - [MESSAGE][INFO] - Checking timeout

2021-10-15 17:27:41 - [MESSAGE][INFO] - Finding web element with id: 'Object Repository/Sayfalar/Giris_Sayfasi/PopupOK' located by 'By.cssSelector: .btn.btn-success' in '5' second(s)

2021-10-15 17:27:41 - [MESSAGE][INFO] - Smart Wait Function is triggered

2021-10-15 17:27:42 - [MESSAGE][INFO] - Found 1 web elements with id: 'Object Repository/Sayfalar/Giris_Sayfasi/PopupOK' located by 'By.cssSelector: .btn.btn-success' in '5' second(s)

2021-10-15 17:27:42 - [MESSAGE][PASSED] - Object 'Object Repository/Sayfalar/Giris_Sayfasi/PopupOK' is present

2021-10-15 17:27:42 - [TEST_STEP][PASSED] - click(findTestObject("Object Repository/Sayfalar/Giris_Sayfasi/PopupCarpiGiris")): Object: 'Object Repository/Sayfalar/Giris_Sayfasi/PopupCarpiGiris' is clicked on

2021-10-15 17:27:42 - [MESSAGE][INFO] - Finding Test Object 'Object Repository/Sayfalar/Giris_Sayfasi/PopupCarpiGiris'

2021-10-15 17:27:42 - [MESSAGE][INFO] - Checking object

2021-10-15 17:27:42 - [MESSAGE][INFO] - Finding web element from Test Object's properties

2021-10-15 17:27:42 - [MESSAGE][INFO] - Checking timeout

2021-10-15 17:27:42 - [MESSAGE][INFO] - Finding web element with id: 'Object Repository/Sayfalar/Giris_Sayfasi/PopupCarpiGiris' located by 'By.cssSelector: .bootbox-close-button.close' in '30' second(s)

2021-10-15 17:27:42 - [MESSAGE][INFO] - Smart Wait Function is triggered

2021-10-15 17:27:43 - [MESSAGE][INFO] - Found 1 web elements with id: 'Object Repository/Sayfalar/Giris_Sayfasi/PopupCarpiGiris' located by 'By.cssSelector: .bootbox-close-button.close' in '30' second(s)

2021-10-15 17:27:43 - [MESSAGE][INFO] - Clicking on object: 'Object Repository/Sayfalar/Giris_Sayfasi/PopupCarpiGiris'

2021-10-15 17:27:43 - [MESSAGE][PASSED] - Object: 'Object Repository/Sayfalar/Giris_Sayfasi/PopupCarpiGiris' is clicked on

2021-10-15 17:27:43 - [TEST_STEP][PASSED] - verifyElementVisible(findTestObject("Object Repository/Kullanici_Islemleri/KullaniciIslemleri")): Object 'Object Repository/Kullanici_Islemleri/KullaniciIslemleri' is visible

2021-10-15 17:27:43 - [MESSAGE][INFO] - Finding Test Object 'Object Repository/Kullanici_Islemleri/KullaniciIslemleri'

2021-10-15 17:27:43 - [MESSAGE][INFO] - Checking object

2021-10-15 17:27:43 - [MESSAGE][INFO] - Finding web element from Test Object's properties

2021-10-15 17:27:43 - [MESSAGE][INFO] - Checking timeout

2021-10-15 17:27:43 - [MESSAGE][INFO] - Finding web element with id: 'Object Repository/Kullanici_Islemleri/KullaniciIslemleri' located by 'By.cssSelector: .dropdown>a>img' in '30' second(s)

2021-10-15 17:27:43 - [MESSAGE][INFO] - Smart Wait Function is triggered

2021-10-15 17:27:43 - [MESSAGE][INFO] - Found 1 web elements with id: 'Object Repository/Kullanici_Islemleri/KullaniciIslemleri' located by 'By.cssSelector: .dropdown>a>img' in '30' second(s)

2021-10-15 17:27:44 - [MESSAGE][PASSED] - Object 'Object Repository/Kullanici_Islemleri/KullaniciIslemleri' is visible

2021-10-15 17:27:44 - [MESSAGE][PASSED] - Call Test Case 'Test Cases/Sayfalar/Giris_Sayfasi/Login' successfully

2021-10-15 17:27:44 - [MESSAGE][INFO] - Checking called Test Case

2021-10-15 17:27:44 - [MESSAGE][INFO] - Starting to call Test Case 'Test Cases/Menu/AnaMenuSecimi'

2021-10-15 17:27:44 - [TEST_CASE][PASSED] - Test Cases/Menu/AnaMenuSecimi: Test Cases/Menu/AnaMenuSecimi

2021-10-15 17:27:44 - [TEST_STEP][PASSED] - Method.TextDegerineEsitElementeTikla(findTestObject("Menu/Ana_Menu"), Ana_Menu): Method.TextDegerineEsitElementeTikla is PASSED

2021-10-15 17:27:44 - [MESSAGE][INFO] - Finding Test Object 'Object Repository/Menu/Ana_Menu'

2021-10-15 17:27:44 - [MESSAGE][INFO] - Checking timeout

2021-10-15 17:27:44 - [MESSAGE][INFO] - Finding web element with id: 'Object Repository/Menu/Ana_Menu' located by 'By.xpath: //*[@class = 'dropdown-toggle']' in '10' second(s)

2021-10-15 17:27:44 - [MESSAGE][INFO] - Smart Wait Function is triggered

2021-10-15 17:27:44 - [MESSAGE][INFO] - Found 14 web elements with id: 'Object Repository/Menu/Ana_Menu' located by 'By.xpath: //*[@class = 'dropdown-toggle']' in '10' second(s)

2021-10-15 17:27:44 - [MESSAGE][PASSED] - Method.TextDegerineEsitElementeTikla is PASSED

2021-10-15 17:27:44 - [MESSAGE][PASSED] - Call Test Case 'Test Cases/Menu/AnaMenuSecimi' successfully

2021-10-15 17:27:44 - [MESSAGE][INFO] - Checking called Test Case

2021-10-15 17:27:44 - [MESSAGE][INFO] - Starting to call Test Case 'Test Cases/Menu/AltMenuSecimi'

2021-10-15 17:27:44 - [TEST_CASE][PASSED] - Test Cases/Menu/AltMenuSecimi: Test Cases/Menu/AltMenuSecimi

2021-10-15 17:27:44 - [TEST_STEP][PASSED] - Method.TextDegerineEsitElementeTikla(findTestObject("Menu/Alt_Menu"), Alt_Menu): Method.TextDegerineEsitElementeTikla is PASSED

2021-10-15 17:27:44 - [MESSAGE][INFO] - Finding Test Object 'Object Repository/Menu/Alt_Menu'

2021-10-15 17:27:44 - [MESSAGE][INFO] - Checking timeout

2021-10-15 17:27:44 - [MESSAGE][INFO] - Finding web element with id: 'Object Repository/Menu/Alt_Menu' located by 'By.xpath: //li[@class='dropdown dropdown-large open']//li[@class='dropdown-element']' in '10' second(s)

2021-10-15 17:27:44 - [MESSAGE][INFO] - Smart Wait Function is triggered

2021-10-15 17:27:45 - [MESSAGE][INFO] - Found 2 web elements with id: 'Object Repository/Menu/Alt_Menu' located by 'By.xpath: //li[@class='dropdown dropdown-large open']//li[@class='dropdown-element']' in '10' second(s)

2021-10-15 17:27:46 - [MESSAGE][PASSED] - Method.TextDegerineEsitElementeTikla is PASSED

2021-10-15 17:27:46 - [MESSAGE][PASSED] - Call Test Case 'Test Cases/Menu/AltMenuSecimi' successfully

2021-10-15 17:27:46 - [MESSAGE][INFO] - Checking called Test Case

2021-10-15 17:27:46 - [MESSAGE][INFO] - Starting to call Test Case 'Test Cases/Filtreler/BaslangicYaz'

2021-10-15 17:27:46 - [TEST_CASE][PASSED] - Test Cases/Filtreler/BaslangicYaz: Test Cases/Filtreler/BaslangicYaz

2021-10-15 17:27:46 - [TEST_STEP][PASSED] - Method.TextDegerineEsitElementinAltindakineTikla(findTestObject("Filtreler/Basliklar"), findTestObject("Filtreler/Basliga_Gore_Baslangic_Image"), Filtre_Adi): Method.TextDegerineEsitElementinAltindakineTikla is PASSED

2021-10-15 17:27:46 - [MESSAGE][INFO] - Finding Test Object 'Object Repository/Filtreler/Basliklar'

2021-10-15 17:27:47 - [MESSAGE][INFO] - Finding Test Object 'Object Repository/Filtreler/Basliga_Gore_Baslangic_Image'

2021-10-15 17:27:47 - [MESSAGE][INFO] - Checking timeout

2021-10-15 17:27:47 - [MESSAGE][INFO] - Finding web element with id: 'Object Repository/Filtreler/Basliklar' located by 'By.cssSelector: .control-label.col-sm-4.paddingMarginRLC' in '10' second(s)

2021-10-15 17:27:47 - [MESSAGE][INFO] - Smart Wait Function is triggered

2021-10-15 17:27:47 - [MESSAGE][INFO] - Found 8 web elements with id: 'Object Repository/Filtreler/Basliklar' located by 'By.cssSelector: .control-label.col-sm-4.paddingMarginRLC' in '10' second(s)

2021-10-15 17:27:47 - [MESSAGE][INFO] - Smart Wait Function is triggered

2021-10-15 17:27:47 - [MESSAGE][PASSED] - Method.TextDegerineEsitElementinAltindakineTikla is PASSED

2021-10-15 17:27:47 - [TEST_STEP][PASSED] - Method.TextDegerineEsitElementinAltindakiTextboxtaYaz(findTestObject("Filtreler/Basliklar"), findTestObject("Filtreler/Basliga_Gore_Baslangic"), Filtre_Adi, Filtre_Degeri): Method.TextDegerineEsitElementinAltindakiTextboxtaYaz is PASSED

2021-10-15 17:27:47 - [MESSAGE][INFO] - Finding Test Object 'Object Repository/Filtreler/Basliklar'

2021-10-15 17:27:47 - [MESSAGE][INFO] - Finding Test Object 'Object Repository/Filtreler/Basliga_Gore_Baslangic'

2021-10-15 17:27:48 - [MESSAGE][INFO] - Checking timeout

2021-10-15 17:27:48 - [MESSAGE][INFO] - Finding web element with id: 'Object Repository/Filtreler/Basliklar' located by 'By.cssSelector: .control-label.col-sm-4.paddingMarginRLC' in '10' second(s)

2021-10-15 17:27:48 - [MESSAGE][INFO] - Smart Wait Function is triggered

2021-10-15 17:27:48 - [MESSAGE][INFO] - Found 8 web elements with id: 'Object Repository/Filtreler/Basliklar' located by 'By.cssSelector: .control-label.col-sm-4.paddingMarginRLC' in '10' second(s)

2021-10-15 17:27:48 - [MESSAGE][INFO] - Smart Wait Function is triggered

2021-10-15 17:27:49 - [MESSAGE][PASSED] - Method.TextDegerineEsitElementinAltindakiTextboxtaYaz is PASSED

2021-10-15 17:27:49 - [MESSAGE][PASSED] - Call Test Case 'Test Cases/Filtreler/BaslangicYaz' successfully

2021-10-15 17:27:49 - [MESSAGE][INFO] - Checking called Test Case

2021-10-15 17:27:49 - [MESSAGE][INFO] - Starting to call Test Case 'Test Cases/Filtreler/BitisYaz'

2021-10-15 17:27:49 - [TEST_CASE][PASSED] - Test Cases/Filtreler/BitisYaz: Test Cases/Filtreler/BitisYaz

2021-10-15 17:27:49 - [TEST_STEP][PASSED] - Method.TextDegerineEsitElementinAltindakineTikla(findTestObject("Filtreler/Basliklar"), findTestObject("Filtreler/Basliga_Gore_Bitis_Image"), Filtre_Adi): Method.TextDegerineEsitElementinAltindakineTikla is PASSED

2021-10-15 17:27:49 - [MESSAGE][INFO] - Finding Test Object 'Object Repository/Filtreler/Basliklar'

2021-10-15 17:27:49 - [MESSAGE][INFO] - Finding Test Object 'Object Repository/Filtreler/Basliga_Gore_Bitis_Image'

2021-10-15 17:27:49 - [MESSAGE][INFO] - Checking timeout

2021-10-15 17:27:49 - [MESSAGE][INFO] - Finding web element with id: 'Object Repository/Filtreler/Basliklar' located by 'By.cssSelector: .control-label.col-sm-4.paddingMarginRLC' in '10' second(s)

2021-10-15 17:27:49 - [MESSAGE][INFO] - Smart Wait Function is triggered

2021-10-15 17:27:49 - [MESSAGE][INFO] - Found 8 web elements with id: 'Object Repository/Filtreler/Basliklar' located by 'By.cssSelector: .control-label.col-sm-4.paddingMarginRLC' in '10' second(s)

2021-10-15 17:27:49 - [MESSAGE][INFO] - Smart Wait Function is triggered

2021-10-15 17:27:50 - [MESSAGE][PASSED] - Method.TextDegerineEsitElementinAltindakineTikla is PASSED

2021-10-15 17:27:50 - [TEST_STEP][PASSED] - Method.TextDegerineEsitElementinAltindakiTextboxtaYaz(findTestObject("Filtreler/Basliklar"), findTestObject("Object Repository/Filtreler/Basliga_Gore_Bitis"), Filtre_Adi, Filtre_Degeri): Method.TextDegerineEsitElementinAltindakiTextboxtaYaz is PASSED

2021-10-15 17:27:50 - [MESSAGE][INFO] - Finding Test Object 'Object Repository/Filtreler/Basliklar'

2021-10-15 17:27:50 - [MESSAGE][INFO] - Finding Test Object 'Object Repository/Filtreler/Basliga_Gore_Bitis'

2021-10-15 17:27:50 - [MESSAGE][INFO] - Checking timeout

2021-10-15 17:27:50 - [MESSAGE][INFO] - Finding web element with id: 'Object Repository/Filtreler/Basliklar' located by 'By.cssSelector: .control-label.col-sm-4.paddingMarginRLC' in '10' second(s)

2021-10-15 17:27:50 - [MESSAGE][INFO] - Smart Wait Function is triggered

2021-10-15 17:27:50 - [MESSAGE][INFO] - Found 8 web elements with id: 'Object Repository/Filtreler/Basliklar' located by 'By.cssSelector: .control-label.col-sm-4.paddingMarginRLC' in '10' second(s)

2021-10-15 17:27:50 - [MESSAGE][INFO] - Smart Wait Function is triggered

2021-10-15 17:27:51 - [MESSAGE][PASSED] - Method.TextDegerineEsitElementinAltindakiTextboxtaYaz is PASSED

2021-10-15 17:27:51 - [MESSAGE][PASSED] - Call Test Case 'Test Cases/Filtreler/BitisYaz' successfully

2021-10-15 17:27:51 - [MESSAGE][INFO] - Checking called Test Case

2021-10-15 17:27:51 - [MESSAGE][INFO] - Starting to call Test Case 'Test Cases/Filtreler/ButonaTikla'

2021-10-15 17:27:51 - [TEST_CASE][PASSED] - Test Cases/Filtreler/ButonaTikla: Test Cases/Filtreler/ButonaTikla

2021-10-15 17:27:51 - [TEST_STEP][PASSED] - Method.TextDegerineEsitElementeTikla(findTestObject("Filtreler/Butonlar"), Filtre_Buton): Method.TextDegerineEsitElementeTikla is PASSED

2021-10-15 17:27:51 - [MESSAGE][INFO] - Finding Test Object 'Object Repository/Filtreler/Butonlar'

2021-10-15 17:27:51 - [MESSAGE][INFO] - Checking timeout

2021-10-15 17:27:51 - [MESSAGE][INFO] - Finding web element with id: 'Object Repository/Filtreler/Butonlar' located by 'By.cssSelector: .dxb>span' in '10' second(s)

2021-10-15 17:27:51 - [MESSAGE][INFO] - Smart Wait Function is triggered

2021-10-15 17:27:51 - [MESSAGE][INFO] - Found 3 web elements with id: 'Object Repository/Filtreler/Butonlar' located by 'By.cssSelector: .dxb>span' in '10' second(s)

2021-10-15 17:27:51 - [MESSAGE][PASSED] - Method.TextDegerineEsitElementeTikla is PASSED

2021-10-15 17:27:51 - [MESSAGE][PASSED] - Call Test Case 'Test Cases/Filtreler/ButonaTikla' successfully

2021-10-15 17:27:51 - [MESSAGE][INFO] - Checking called Test Case

2021-10-15 17:27:51 - [MESSAGE][INFO] - Starting to call Test Case 'Test Cases/Tablo/TablodaVeriVarMi'

2021-10-15 17:27:51 - [TEST_CASE][PASSED] - Test Cases/Tablo/TablodaVeriVarMi: Test Cases/Tablo/TablodaVeriVarMi

2021-10-15 17:27:51 - [TEST_STEP][PASSED] - verifyTextNotPresent("Görüntülenecek veri yok", true): Text 'Görüntülenecek veri yok' is not present on page using regular expression

2021-10-15 17:27:51 - [MESSAGE][INFO] - Checking text present  using regular expression

2021-10-15 17:27:51 - [MESSAGE][INFO] - Smart Wait Function is triggered

2021-10-15 17:27:52 - [MESSAGE][INFO] - Finding text 'Görüntülenecek veri yok' on page  using regular expression

2021-10-15 17:27:52 - [MESSAGE][PASSED] - Text 'Görüntülenecek veri yok' is not present on page using regular expression

2021-10-15 17:27:52 - [MESSAGE][PASSED] - Call Test Case 'Test Cases/Tablo/TablodaVeriVarMi' successfully

2021-10-15 17:27:52 - [MESSAGE][INFO] - Checking called Test Case

2021-10-15 17:27:52 - [MESSAGE][INFO] - Starting to call Test Case 'Test Cases/Tablo/TablonunButonunaTikla'

2021-10-15 17:27:53 - [TEST_CASE][PASSED] - Test Cases/Tablo/TablonunButonunaTikla: Test Cases/Tablo/TablonunButonunaTikla

2021-10-15 17:27:53 - [TEST_STEP][PASSED] - Method.TextDegerineEsitElementinAltindakiTextDegerineEsitOlanaTikla(findTestObject("Tablo/Veriler"), findTestObject("Tablo/VerininButonu"), Veri, Buton_Adi): Method.TextDegerineEsitElementinAltindakiTextDegerineEsitOlanaTikla is PASSED

2021-10-15 17:27:53 - [MESSAGE][INFO] - Finding Test Object 'Object Repository/Tablo/Veriler'

2021-10-15 17:27:53 - [MESSAGE][INFO] - Finding Test Object 'Object Repository/Tablo/VerininButonu'

2021-10-15 17:27:53 - [MESSAGE][INFO] - Checking timeout

2021-10-15 17:27:53 - [MESSAGE][INFO] - Finding web element with id: 'Object Repository/Tablo/Veriler' located by 'By.cssSelector: td.dxgv b ,td.dxgv' in '10' second(s)

2021-10-15 17:27:53 - [MESSAGE][INFO] - Smart Wait Function is triggered

2021-10-15 17:27:53 - [MESSAGE][INFO] - Found 110 web elements with id: 'Object Repository/Tablo/Veriler' located by 'By.cssSelector: td.dxgv b ,td.dxgv' in '10' second(s)

2021-10-15 17:27:53 - [MESSAGE][INFO] - Smart Wait Function is triggered

2021-10-15 17:27:54 - [MESSAGE][PASSED] - Method.TextDegerineEsitElementinAltindakiTextDegerineEsitOlanaTikla is PASSED

2021-10-15 17:27:54 - [MESSAGE][PASSED] - Call Test Case 'Test Cases/Tablo/TablonunButonunaTikla' successfully

2021-10-15 17:27:54 - [MESSAGE][INFO] - Checking called Test Case

2021-10-15 17:27:54 - [MESSAGE][INFO] - Starting to call Test Case 'Test Cases/Sekmeler/YeniSekmeyeGec'

2021-10-15 17:27:54 - [TEST_CASE][PASSED] - Test Cases/Sekmeler/YeniSekmeyeGec: Test Cases/Sekmeler/YeniSekmeyeGec

2021-10-15 17:27:54 - [TEST_STEP][PASSED] - switchToWindowIndex(1): Switched to window with index: '1'

2021-10-15 17:27:54 - [MESSAGE][INFO] - Checking index

2021-10-15 17:27:54 - [MESSAGE][INFO] - Switching window with index: '1'

2021-10-15 17:27:54 - [MESSAGE][PASSED] - Switched to window with index: '1'

2021-10-15 17:27:54 - [MESSAGE][PASSED] - Call Test Case 'Test Cases/Sekmeler/YeniSekmeyeGec' successfully

2021-10-15 17:27:54 - [MESSAGE][INFO] - Checking called Test Case

2021-10-15 17:27:54 - [MESSAGE][INFO] - Starting to call Test Case 'Test Cases/Tablo/TablodaVeriVarMi'

2021-10-15 17:27:54 - [TEST_CASE][PASSED] - Test Cases/Tablo/TablodaVeriVarMi: Test Cases/Tablo/TablodaVeriVarMi

2021-10-15 17:27:54 - [TEST_STEP][PASSED] - verifyTextNotPresent("Görüntülenecek veri yok", true): Text 'Görüntülenecek veri yok' is not present on page using regular expression

2021-10-15 17:27:54 - [MESSAGE][INFO] - Checking text present  using regular expression

2021-10-15 17:27:54 - [MESSAGE][INFO] - Smart Wait Function is triggered

2021-10-15 17:27:55 - [MESSAGE][INFO] - Finding text 'Görüntülenecek veri yok' on page  using regular expression

2021-10-15 17:27:55 - [MESSAGE][PASSED] - Text 'Görüntülenecek veri yok' is not present on page using regular expression

2021-10-15 17:27:55 - [MESSAGE][PASSED] - Call Test Case 'Test Cases/Tablo/TablodaVeriVarMi' successfully

2021-10-15 17:27:55 - [MESSAGE][INFO] - Checking called Test Case

2021-10-15 17:27:55 - [MESSAGE][INFO] - Starting to call Test Case 'Test Cases/Sekmeler/Ana_Sekmeye_Gec'

2021-10-15 17:27:55 - [TEST_CASE][PASSED] - Test Cases/Sekmeler/Ana_Sekmeye_Gec: Test Cases/Sekmeler/Ana_Sekmeye_Gec

2021-10-15 17:27:55 - [TEST_STEP][PASSED] - try: Window with index 1 is closed

2021-10-15 17:27:55 - [TEST_STEP][PASSED] - index = getWindowIndex(): Current window's index is: 1

2021-10-15 17:27:55 - [MESSAGE][INFO] - Getting current window's index

2021-10-15 17:27:55 - [MESSAGE][PASSED] - Current window's index is: 1

2021-10-15 17:27:55 - [TEST_STEP][PASSED] - closeWindowIndex(index): Window with index 1 is closed

2021-10-15 17:27:55 - [MESSAGE][INFO] - Checking index

2021-10-15 17:27:55 - [MESSAGE][INFO] - Closing window with index 1

2021-10-15 17:27:55 - [MESSAGE][PASSED] - Window with index 1 is closed

2021-10-15 17:27:55 - [TEST_STEP][PASSED] - switchToWindowIndex(0): Switched to window with index: '0'

2021-10-15 17:27:55 - [MESSAGE][INFO] - Checking index

2021-10-15 17:27:55 - [MESSAGE][INFO] - Switching window with index: '0'

2021-10-15 17:27:55 - [MESSAGE][PASSED] - Switched to window with index: '0'

2021-10-15 17:27:55 - [MESSAGE][PASSED] - Call Test Case 'Test Cases/Sekmeler/Ana_Sekmeye_Gec' successfully

2021-10-15 17:27:55 - [MESSAGE][INFO] - Checking called Test Case

2021-10-15 17:27:55 - [MESSAGE][INFO] - Starting to call Test Case 'Test Cases/Kullanici_Islemleri/KullaniciIslemlerindenSecimYapilir'

2021-10-15 17:27:56 - [TEST_CASE][PASSED] - Test Cases/Kullanici_Islemleri/KullaniciIslemlerindenSecimYapilir: Test Cases/Kullanici_Islemleri/KullaniciIslemlerindenSecimYapilir

2021-10-15 17:27:56 - [TEST_STEP][PASSED] - waitForElementClickable(findTestObject("Object Repository/Kullanici_Islemleri/KullaniciIslemleri"), 10): Object 'Object Repository/Kullanici_Islemleri/KullaniciIslemleri' is clickable

2021-10-15 17:27:56 - [MESSAGE][INFO] - Finding Test Object 'Object Repository/Kullanici_Islemleri/KullaniciIslemleri'

2021-10-15 17:27:56 - [MESSAGE][INFO] - Checking object

2021-10-15 17:27:56 - [MESSAGE][INFO] - Checking timeout

2021-10-15 17:27:56 - [MESSAGE][INFO] - Finding web element from Test Object's properties

2021-10-15 17:27:56 - [MESSAGE][INFO] - Checking timeout

2021-10-15 17:27:56 - [MESSAGE][INFO] - Finding web element with id: 'Object Repository/Kullanici_Islemleri/KullaniciIslemleri' located by 'By.cssSelector: .dropdown>a>img' in '10' second(s)

2021-10-15 17:27:56 - [MESSAGE][INFO] - Smart Wait Function is triggered

2021-10-15 17:27:56 - [MESSAGE][INFO] - Found 1 web elements with id: 'Object Repository/Kullanici_Islemleri/KullaniciIslemleri' located by 'By.cssSelector: .dropdown>a>img' in '10' second(s)

2021-10-15 17:27:56 - [MESSAGE][PASSED] - Object 'Object Repository/Kullanici_Islemleri/KullaniciIslemleri' is clickable

2021-10-15 17:27:56 - [TEST_STEP][PASSED] - click(findTestObject("Object Repository/Kullanici_Islemleri/KullaniciIslemleri")): Object: 'Object Repository/Kullanici_Islemleri/KullaniciIslemleri' is clicked on

2021-10-15 17:27:56 - [MESSAGE][INFO] - Finding Test Object 'Object Repository/Kullanici_Islemleri/KullaniciIslemleri'

2021-10-15 17:27:56 - [MESSAGE][INFO] - Checking object

2021-10-15 17:27:56 - [MESSAGE][INFO] - Finding web element from Test Object's properties

2021-10-15 17:27:56 - [MESSAGE][INFO] - Checking timeout

2021-10-15 17:27:56 - [MESSAGE][INFO] - Finding web element with id: 'Object Repository/Kullanici_Islemleri/KullaniciIslemleri' located by 'By.cssSelector: .dropdown>a>img' in '30' second(s)

2021-10-15 17:27:56 - [MESSAGE][INFO] - Smart Wait Function is triggered

2021-10-15 17:27:56 - [MESSAGE][INFO] - Found 1 web elements with id: 'Object Repository/Kullanici_Islemleri/KullaniciIslemleri' located by 'By.cssSelector: .dropdown>a>img' in '30' second(s)

2021-10-15 17:27:56 - [MESSAGE][INFO] - Clicking on object: 'Object Repository/Kullanici_Islemleri/KullaniciIslemleri'

2021-10-15 17:27:56 - [MESSAGE][PASSED] - Object: 'Object Repository/Kullanici_Islemleri/KullaniciIslemleri' is clicked on

2021-10-15 17:27:56 - [TEST_STEP][PASSED] - Method.TextDegerineEsitElementeTikla(findTestObject("Object Repository/Kullanici_Islemleri/Secenekler"), Islem): Method.TextDegerineEsitElementeTikla is PASSED

2021-10-15 17:27:56 - [MESSAGE][INFO] - Finding Test Object 'Object Repository/Kullanici_Islemleri/Secenekler'

2021-10-15 17:27:56 - [MESSAGE][INFO] - Checking timeout

2021-10-15 17:27:56 - [MESSAGE][INFO] - Finding web element with id: 'Object Repository/Kullanici_Islemleri/Secenekler' located by 'By.cssSelector: .nav.navbar-nav.navbar-right li a' in '10' second(s)

2021-10-15 17:27:56 - [MESSAGE][INFO] - Smart Wait Function is triggered

2021-10-15 17:27:57 - [MESSAGE][INFO] - Found 22 web elements with id: 'Object Repository/Kullanici_Islemleri/Secenekler' located by 'By.cssSelector: .nav.navbar-nav.navbar-right li a' in '10' second(s)

2021-10-15 17:27:59 - [MESSAGE][PASSED] - Method.TextDegerineEsitElementeTikla is PASSED

2021-10-15 17:27:59 - [TEST_STEP][PASSED] - verifyElementNotPresent(findTestObject("Object Repository/Kullanici_Islemleri/Secenekler"), 10): Web element with id: 'Object Repository/Kullanici_Islemleri/Secenekler' located by 'By.cssSelector: .nav.navbar-nav.navbar-right li a' is not present after '10' second(s)

2021-10-15 17:27:59 - [MESSAGE][INFO] - Finding Test Object 'Object Repository/Kullanici_Islemleri/Secenekler'

2021-10-15 17:27:59 - [MESSAGE][INFO] - Checking object

2021-10-15 17:27:59 - [MESSAGE][INFO] - Checking timeout

2021-10-15 17:27:59 - [MESSAGE][INFO] - Finding web element with id: 'Object Repository/Kullanici_Islemleri/Secenekler' located by 'By.cssSelector: .nav.navbar-nav.navbar-right li a' in '10' second(s)

2021-10-15 17:27:59 - [MESSAGE][INFO] - Smart Wait Function is triggered

2021-10-15 17:27:59 - [MESSAGE][PASSED] - Web element with id: 'Object Repository/Kullanici_Islemleri/Secenekler' located by 'By.cssSelector: .nav.navbar-nav.navbar-right li a' is not present after '10' second(s)

2021-10-15 17:27:59 - [MESSAGE][PASSED] - Call Test Case 'Test Cases/Kullanici_Islemleri/KullaniciIslemlerindenSecimYapilir' successfully

2021-10-15 17:27:59 - [TEST_CASE][PASSED] - Start Test Case : SCENARIO Giden Zarf Tablodaki Verinin Irsaliyeleri: SCENARIO Giden Zarf Tablodaki Verinin Irsaliyeleri

2021-10-15 17:27:59 - [TEST_STEP][PASSED] - Kullanıcı adı ELOGO6 ve Şifre 123456 olarak giriş yapılır: Kullanıcı adı ELOGO6 ve Şifre 123456 olarak giriş yapılır

2021-10-15 17:27:59 - [MESSAGE][PASSED] - Kullanıcı adı ELOGO6 ve Şifre 123456 olarak giriş yapılır

2021-10-15 17:27:59 - [TEST_STEP][PASSED] - Ana menüden Zarflar seçilir: Ana menüden Zarflar seçilir

2021-10-15 17:27:59 - [MESSAGE][PASSED] - Ana menüden Zarflar seçilir

2021-10-15 17:27:59 - [TEST_STEP][PASSED] - Alt menüden Giden Zarflar seçilir: Alt menüden Giden Zarflar seçilir

2021-10-15 17:27:59 - [MESSAGE][PASSED] - Alt menüden Giden Zarflar seçilir

2021-10-15 17:27:59 - [TEST_STEP][PASSED] - Filtrelerden Oluşturma Tarihi filtresine 01.12.2020 baslangic degerini yaz: Filtrelerden Oluşturma Tarihi filtresine 01.12.2020 baslangic degerini yaz

2021-10-15 17:27:59 - [MESSAGE][PASSED] - Filtrelerden Oluşturma Tarihi filtresine 01.12.2020 baslangic degerini yaz

2021-10-15 17:27:59 - [TEST_STEP][PASSED] - Filtrelerden Oluşturma Tarihi filtresine 31.12.2020 bitis degerini yaz: Filtrelerden Oluşturma Tarihi filtresine 31.12.2020 bitis degerini yaz

2021-10-15 17:27:59 - [MESSAGE][PASSED] - Filtrelerden Oluşturma Tarihi filtresine 31.12.2020 bitis degerini yaz

2021-10-15 17:27:59 - [TEST_STEP][PASSED] - Filtre butonlarından Listele seçilir: Filtre butonlarından Listele seçilir

2021-10-15 17:27:59 - [MESSAGE][PASSED] - Filtre butonlarından Listele seçilir

2021-10-15 17:27:59 - [TEST_STEP][PASSED] - Tabloda veri var mı kontrol edilir: Tabloda veri var mı kontrol edilir

2021-10-15 17:27:59 - [MESSAGE][PASSED] - Tabloda veri var mı kontrol edilir

2021-10-15 17:27:59 - [TEST_STEP][PASSED] - Tablodaki Test Kurum 6 isimli verinin Uygulama Yanıtları adlı butonuna tıklanır: Tablodaki Test Kurum 6 isimli verinin Uygulama Yanıtları adlı butonuna tıklanır

2021-10-15 17:27:59 - [MESSAGE][PASSED] - Tablodaki Test Kurum 6 isimli verinin Uygulama Yanıtları adlı butonuna tıklanır

2021-10-15 17:27:59 - [TEST_STEP][PASSED] - Yeni açılan sekmeye geçilir: Yeni açılan sekmeye geçilir

2021-10-15 17:27:59 - [MESSAGE][PASSED] - Yeni açılan sekmeye geçilir

2021-10-15 17:27:59 - [TEST_STEP][PASSED] - Tabloda veri var mı kontrol edilir: Tabloda veri var mı kontrol edilir

2021-10-15 17:27:59 - [MESSAGE][PASSED] - Tabloda veri var mı kontrol edilir

2021-10-15 17:27:59 - [TEST_STEP][PASSED] - Ana sekmeye geçilir: Ana sekmeye geçilir

2021-10-15 17:27:59 - [MESSAGE][PASSED] - Ana sekmeye geçilir

2021-10-15 17:27:59 - [TEST_STEP][PASSED] - Kullanıcı işlemlerinden Çıkış seçilir: Kullanıcı işlemlerinden Çıkış seçilir

2021-10-15 17:27:59 - [MESSAGE][PASSED] - Kullanıcı işlemlerinden Çıkış seçilir

2021-10-15 17:27:59 - [MESSAGE][PASSED] - Feature file: 'Include/features/Zarflar/Giden Zarflar/Tablodaki Verinin Irsaliyeleri.feature' was passed

2021-10-15 17:27:59 - [TEST_STEP][PASSED] - Start listener action : sampleAfterTestSuite: Invoke 'com.kms.katalon.core.annotation.AfterTestCase' method: 'Listener.sampleAfterTestSuite(...)' completed.

2021-10-15 17:27:59 - [MESSAGE][INFO] - Starting invoke 'com.kms.katalon.core.annotation.AfterTestCase' method: 'Listener.sampleAfterTestSuite(...)'

2021-10-15 17:27:59 - [TEST_STEP][PASSED] - closeBrowser(): Invoke 'com.kms.katalon.core.annotation.AfterTestCase' method: 'Listener.sampleAfterTestSuite(...)' completed.

2021-10-15 17:27:59 - [MESSAGE][INFO] - Closing browser

2021-10-15 17:28:00 - [MESSAGE][PASSED] - Browser is closed

2021-10-15 17:28:00 - [MESSAGE][INFO] - Invoke 'com.kms.katalon.core.annotation.AfterTestCase' method: 'Listener.sampleAfterTestSuite(...)' completed.]]></system-out>
         <system-err><![CDATA[]]></system-err>
      </testcase>
      <system-out><![CDATA[2021-10-15 17:21:21 - [TEST_SUITE][PASSED] - Zarflar: Test Cases/Case Repository/Zarflar/Giden Zarflar/Tablodaki Verinin Irsaliyeleri]]></system-out>
      <system-err><![CDATA[]]></system-err>
   </testsuite>
</testsuites>
