<?xml version="1.0" encoding="UTF-8"?>
<testsuites name="ExceleAktarVeTopluIndirme" time="78.143" tests="1" failures="0" errors="0">
   <testsuite name="ExceleAktarVeTopluIndirme" tests="1" failures="0" errors="0" time="78.143" skipped="0" timestamp="2021-11-23 17:20:58" hostname="DELL - DESKTOP-QBVMTUG" id="">
      <properties>
         <property name="deviceName" value=""/>
         <property name="devicePlatform" value=""/>
         <property name="logFolder" value="C:\\Users\\DELL\\Documents\\GitHub\\EES_KatalonLogo\\Reports\\20211123_172047\\Suite Repository\\ExceleAktarVeTopluIndirme\\20211123_172047"/>
         <property name="logFiles" value="C:\\Users\\DELL\\Documents\\GitHub\\EES_KatalonLogo\\Reports\\20211123_172047\\Suite Repository\\ExceleAktarVeTopluIndirme\\20211123_172047\\execution0.log"/>
         <property name="attachments" value=""/>
         <property name="hostName" value="DELL - DESKTOP-QBVMTUG"/>
         <property name="os" value="Windows 10 64bit"/>
         <property name="katalonVersion" value="8.0.5.208"/>
         <property name="browser" value="Chrome 96.0.4664.45"/>
         <property name="hostAddress" value="192.168.1.24"/>
         <property name="sessionId" value="5076534b799edaced79fbeea8a7dffa0"/>
         <property name="seleniumVersion" value="3.141.59"/>
         <property name="proxyInformation" value="ProxyInformation { proxyOption=NO_PROXY, proxyServerType=HTTP, username=, password=********, proxyServerAddress=, proxyServerPort=0, executionList=&quot;&quot;, isApplyToDesiredCapabilities=true }"/>
         <property name="platform" value="Windows 10"/>
      </properties>
      <testcase name="Test Cases/Case Repository/Zarflar/Gelen Zarflar/Secilenleri Excele Aktar" time="71.177" classname="Test Cases/Case Repository/Zarflar/Gelen Zarflar/Secilenleri Excele Aktar" status="PASSED">
         <system-out><![CDATA[2021-11-23 17:20:59 - [TEST_CASE][PASSED] - Test Cases/Case Repository/Zarflar/Gelen Zarflar/Secilenleri Excele Aktar: Test Cases/Case Repository/Zarflar/Gelen Zarflar/Secilenleri Excele Aktar

2021-11-23 17:20:59 - [TEST_STEP][PASSED] - Start listener action : sampleBeforeTestSuite: Invoke 'com.kms.katalon.core.annotation.BeforeTestCase' method: 'Listener.sampleBeforeTestSuite(...)' completed.

2021-11-23 17:20:59 - [MESSAGE][INFO] - Starting invoke 'com.kms.katalon.core.annotation.BeforeTestCase' method: 'Listener.sampleBeforeTestSuite(...)'

2021-11-23 17:20:59 - [TEST_STEP][PASSED] - openBrowser(baseUrl): Browser is opened with url: 'https://efatura-stage.elogo.com.tr/'

2021-11-23 17:21:00 - [MESSAGE][INFO] - Opening browser

2021-11-23 17:21:00 - [MESSAGE][INFO] - Starting 'Chrome' driver

2021-11-23 17:21:00 - [MESSAGE][INFO] - User set preference: ['prefs', '{download.default_directory=C:\otomasyondownfiles}']

2021-11-23 17:21:00 - [MESSAGE][INFO] - Action delay is set to 0 milliseconds

2021-11-23 17:21:03 - [MESSAGE][INFO] - Navigating browser to: 'https://efatura-stage.elogo.com.tr/'

2021-11-23 17:21:06 - [MESSAGE][PASSED] - Browser is opened with url: 'https://efatura-stage.elogo.com.tr/'

2021-11-23 17:21:06 - [TEST_STEP][PASSED] - maximizeWindow(): Invoke 'com.kms.katalon.core.annotation.BeforeTestCase' method: 'Listener.sampleBeforeTestSuite(...)' completed.

2021-11-23 17:21:06 - [MESSAGE][INFO] - Maximizing current window

2021-11-23 17:21:06 - [MESSAGE][PASSED] - Current window maximized

2021-11-23 17:21:06 - [MESSAGE][INFO] - Invoke 'com.kms.katalon.core.annotation.BeforeTestCase' method: 'Listener.sampleBeforeTestSuite(...)' completed.

2021-11-23 17:21:07 - [TEST_STEP][PASSED] - runFeatureFile("Include/features/Zarflar/Gelen Zarflar/Secilenleri Excele Aktar.feature"): Feature file: 'Include/features/Zarflar/Gelen Zarflar/Secilenleri Excele Aktar.feature' was passed

2021-11-23 17:21:07 - [MESSAGE][INFO] - Starting run keyword runFeatureFile: 'Include/features/Zarflar/Gelen Zarflar/Secilenleri Excele Aktar.feature' and extract report to folder: 'C:\Users\DELL\Documents\GitHub\EES_KatalonLogo\Reports\20211123_172047\Suite Repository\ExceleAktarVeTopluIndirme\20211123_172047/cucumber_report/1637677267481'...

2021-11-23 17:21:07 - [MESSAGE][INFO] - Glue: []

2021-11-23 17:21:11 - [MESSAGE][INFO] - Checking called Test Case

2021-11-23 17:21:11 - [MESSAGE][INFO] - Starting to call Test Case 'Test Cases/Sayfalar/Giris_Sayfasi/Login'

2021-11-23 17:21:11 - [TEST_CASE][PASSED] - Test Cases/Sayfalar/Giris_Sayfasi/Login: Test Cases/Sayfalar/Giris_Sayfasi/Login

2021-11-23 17:21:12 - [TEST_STEP][PASSED] - Sayfa_Basligi = getWindowTitle(): Current window's title is: 'LOGO e-Fatura'

2021-11-23 17:21:12 - [MESSAGE][INFO] - Getting current window's title

2021-11-23 17:21:12 - [MESSAGE][PASSED] - Current window's title is: 'LOGO e-Fatura'

2021-11-23 17:21:12 - [TEST_STEP][PASSED] - verifyMatch(Sayfa_Basligi, "LOGO e-Fatura", false): Actual text 'LOGO e-Fatura' and expected text 'LOGO e-Fatura' are matched 

2021-11-23 17:21:12 - [MESSAGE][INFO] - Matching actual text 'LOGO e-Fatura' with expected text 'LOGO e-Fatura'

2021-11-23 17:21:12 - [MESSAGE][PASSED] - Actual text 'LOGO e-Fatura' and expected text 'LOGO e-Fatura' are matched 

2021-11-23 17:21:12 - [TEST_STEP][PASSED] - sendKeys(findTestObject("Sayfalar/Giris_Sayfasi/Firma_Kodu"), KullaniciAdi): Keys 'ELOGO6' sent to object: 'Object Repository/Sayfalar/Giris_Sayfasi/Firma_Kodu'

2021-11-23 17:21:12 - [MESSAGE][INFO] - Finding Test Object 'Object Repository/Sayfalar/Giris_Sayfasi/Firma_Kodu'

2021-11-23 17:21:12 - [MESSAGE][INFO] - Sending keys 'ELOGO6' to object: 'Object Repository/Sayfalar/Giris_Sayfasi/Firma_Kodu'

2021-11-23 17:21:12 - [MESSAGE][INFO] - Finding web element from Test Object's properties

2021-11-23 17:21:12 - [MESSAGE][INFO] - Checking timeout

2021-11-23 17:21:12 - [MESSAGE][INFO] - Finding web element with id: 'Object Repository/Sayfalar/Giris_Sayfasi/Firma_Kodu' located by 'By.xpath: //*[@id = 'AccountName']' in '30' second(s)

2021-11-23 17:21:12 - [MESSAGE][INFO] - Smart Wait Function is triggered

2021-11-23 17:21:12 - [MESSAGE][INFO] - Found 1 web elements with id: 'Object Repository/Sayfalar/Giris_Sayfasi/Firma_Kodu' located by 'By.xpath: //*[@id = 'AccountName']' in '30' second(s)

2021-11-23 17:21:12 - [MESSAGE][PASSED] - Keys 'ELOGO6' sent to object: 'Object Repository/Sayfalar/Giris_Sayfasi/Firma_Kodu'

2021-11-23 17:21:12 - [TEST_STEP][PASSED] - sendKeys(findTestObject("Sayfalar/Giris_Sayfasi/Sifre"), Sifre): Keys '123456' sent to object: 'Object Repository/Sayfalar/Giris_Sayfasi/Sifre'

2021-11-23 17:21:12 - [MESSAGE][INFO] - Finding Test Object 'Object Repository/Sayfalar/Giris_Sayfasi/Sifre'

2021-11-23 17:21:12 - [MESSAGE][INFO] - Sending keys '123456' to object: 'Object Repository/Sayfalar/Giris_Sayfasi/Sifre'

2021-11-23 17:21:12 - [MESSAGE][INFO] - Finding web element from Test Object's properties

2021-11-23 17:21:12 - [MESSAGE][INFO] - Checking timeout

2021-11-23 17:21:12 - [MESSAGE][INFO] - Finding web element with id: 'Object Repository/Sayfalar/Giris_Sayfasi/Sifre' located by 'By.xpath: //*[@id = 'Password']' in '30' second(s)

2021-11-23 17:21:12 - [MESSAGE][INFO] - Smart Wait Function is triggered

2021-11-23 17:21:13 - [MESSAGE][INFO] - Found 1 web elements with id: 'Object Repository/Sayfalar/Giris_Sayfasi/Sifre' located by 'By.xpath: //*[@id = 'Password']' in '30' second(s)

2021-11-23 17:21:13 - [MESSAGE][PASSED] - Keys '123456' sent to object: 'Object Repository/Sayfalar/Giris_Sayfasi/Sifre'

2021-11-23 17:21:13 - [TEST_STEP][PASSED] - findWebElement(findTestObject("Sayfalar/Giris_Sayfasi/Giris_Butonu")).click(): Found 1 web elements with id: 'Object Repository/Sayfalar/Giris_Sayfasi/Giris_Butonu' located by 'By.cssSelector: #btnLogin' in '30' second(s)

2021-11-23 17:21:13 - [MESSAGE][INFO] - Finding Test Object 'Object Repository/Sayfalar/Giris_Sayfasi/Giris_Butonu'

2021-11-23 17:21:13 - [MESSAGE][INFO] - Finding web element from Test Object's properties

2021-11-23 17:21:13 - [MESSAGE][INFO] - Checking timeout

2021-11-23 17:21:13 - [MESSAGE][INFO] - Finding web element with id: 'Object Repository/Sayfalar/Giris_Sayfasi/Giris_Butonu' located by 'By.cssSelector: #btnLogin' in '30' second(s)

2021-11-23 17:21:13 - [MESSAGE][INFO] - Smart Wait Function is triggered

2021-11-23 17:21:13 - [MESSAGE][INFO] - Found 1 web elements with id: 'Object Repository/Sayfalar/Giris_Sayfasi/Giris_Butonu' located by 'By.cssSelector: #btnLogin' in '30' second(s)

2021-11-23 17:21:18 - [TEST_STEP][PASSED] - if (verifyElementPresent(findTestObject("Object Repository/Sayfalar/Giris_Sayfasi/RetveTamam_Butonu"), 5, OPTIONAL)): null

2021-11-23 17:21:18 - [MESSAGE][INFO] - Finding Test Object 'Object Repository/Sayfalar/Giris_Sayfasi/RetveTamam_Butonu'

2021-11-23 17:21:18 - [MESSAGE][INFO] - Checking object

2021-11-23 17:21:18 - [MESSAGE][INFO] - Finding web element from Test Object's properties

2021-11-23 17:21:18 - [MESSAGE][INFO] - Checking timeout

2021-11-23 17:21:18 - [MESSAGE][INFO] - Finding web element with id: 'Object Repository/Sayfalar/Giris_Sayfasi/RetveTamam_Butonu' located by 'By.xpath: //*[@class = 'btn btn-default']' in '5' second(s)

2021-11-23 17:21:18 - [MESSAGE][INFO] - Smart Wait Function is triggered

2021-11-23 17:21:18 - [MESSAGE][INFO] - Found 1 web elements with id: 'Object Repository/Sayfalar/Giris_Sayfasi/RetveTamam_Butonu' located by 'By.xpath: //*[@class = 'btn btn-default']' in '5' second(s)

2021-11-23 17:21:18 - [MESSAGE][PASSED] - Object 'Object Repository/Sayfalar/Giris_Sayfasi/RetveTamam_Butonu' is present

2021-11-23 17:21:18 - [TEST_STEP][PASSED] - click(findTestObject("Object Repository/Sayfalar/Giris_Sayfasi/RetveTamam_Butonu")): Object: 'Object Repository/Sayfalar/Giris_Sayfasi/RetveTamam_Butonu' is clicked on

2021-11-23 17:21:18 - [MESSAGE][INFO] - Finding Test Object 'Object Repository/Sayfalar/Giris_Sayfasi/RetveTamam_Butonu'

2021-11-23 17:21:18 - [MESSAGE][INFO] - Checking object

2021-11-23 17:21:18 - [MESSAGE][INFO] - Finding web element from Test Object's properties

2021-11-23 17:21:18 - [MESSAGE][INFO] - Checking timeout

2021-11-23 17:21:18 - [MESSAGE][INFO] - Finding web element with id: 'Object Repository/Sayfalar/Giris_Sayfasi/RetveTamam_Butonu' located by 'By.xpath: //*[@class = 'btn btn-default']' in '30' second(s)

2021-11-23 17:21:18 - [MESSAGE][INFO] - Smart Wait Function is triggered

2021-11-23 17:21:19 - [MESSAGE][INFO] - Found 1 web elements with id: 'Object Repository/Sayfalar/Giris_Sayfasi/RetveTamam_Butonu' located by 'By.xpath: //*[@class = 'btn btn-default']' in '30' second(s)

2021-11-23 17:21:19 - [MESSAGE][INFO] - Clicking on object: 'Object Repository/Sayfalar/Giris_Sayfasi/RetveTamam_Butonu'

2021-11-23 17:21:19 - [MESSAGE][PASSED] - Object: 'Object Repository/Sayfalar/Giris_Sayfasi/RetveTamam_Butonu' is clicked on

2021-11-23 17:21:19 - [TEST_STEP][PASSED] - click(findTestObject("Object Repository/Sayfalar/Giris_Sayfasi/RetveTamam_Butonu")): Object: 'Object Repository/Sayfalar/Giris_Sayfasi/RetveTamam_Butonu' is clicked on

2021-11-23 17:21:19 - [MESSAGE][INFO] - Finding Test Object 'Object Repository/Sayfalar/Giris_Sayfasi/RetveTamam_Butonu'

2021-11-23 17:21:19 - [MESSAGE][INFO] - Checking object

2021-11-23 17:21:19 - [MESSAGE][INFO] - Finding web element from Test Object's properties

2021-11-23 17:21:19 - [MESSAGE][INFO] - Checking timeout

2021-11-23 17:21:19 - [MESSAGE][INFO] - Finding web element with id: 'Object Repository/Sayfalar/Giris_Sayfasi/RetveTamam_Butonu' located by 'By.xpath: //*[@class = 'btn btn-default']' in '30' second(s)

2021-11-23 17:21:19 - [MESSAGE][INFO] - Smart Wait Function is triggered

2021-11-23 17:21:22 - [MESSAGE][INFO] - Found 1 web elements with id: 'Object Repository/Sayfalar/Giris_Sayfasi/RetveTamam_Butonu' located by 'By.xpath: //*[@class = 'btn btn-default']' in '30' second(s)

2021-11-23 17:21:22 - [MESSAGE][INFO] - Clicking on object: 'Object Repository/Sayfalar/Giris_Sayfasi/RetveTamam_Butonu'

2021-11-23 17:21:22 - [MESSAGE][PASSED] - Object: 'Object Repository/Sayfalar/Giris_Sayfasi/RetveTamam_Butonu' is clicked on

2021-11-23 17:21:22 - [TEST_STEP][PASSED] - if (verifyElementPresent(findTestObject("Sayfalar/Giris_Sayfasi/PopupOK"), 5, OPTIONAL)): null

2021-11-23 17:21:22 - [MESSAGE][INFO] - Finding Test Object 'Object Repository/Sayfalar/Giris_Sayfasi/PopupOK'

2021-11-23 17:21:22 - [MESSAGE][INFO] - Checking object

2021-11-23 17:21:22 - [MESSAGE][INFO] - Finding web element from Test Object's properties

2021-11-23 17:21:22 - [MESSAGE][INFO] - Checking timeout

2021-11-23 17:21:22 - [MESSAGE][INFO] - Finding web element with id: 'Object Repository/Sayfalar/Giris_Sayfasi/PopupOK' located by 'By.cssSelector: .btn.btn-success' in '5' second(s)

2021-11-23 17:21:22 - [MESSAGE][INFO] - Smart Wait Function is triggered

2021-11-23 17:21:22 - [MESSAGE][INFO] - Found 1 web elements with id: 'Object Repository/Sayfalar/Giris_Sayfasi/PopupOK' located by 'By.cssSelector: .btn.btn-success' in '5' second(s)

2021-11-23 17:21:22 - [MESSAGE][PASSED] - Object 'Object Repository/Sayfalar/Giris_Sayfasi/PopupOK' is present

2021-11-23 17:21:22 - [TEST_STEP][PASSED] - click(findTestObject("Object Repository/Sayfalar/Giris_Sayfasi/PopupCarpiGiris")): Object: 'Object Repository/Sayfalar/Giris_Sayfasi/PopupCarpiGiris' is clicked on

2021-11-23 17:21:22 - [MESSAGE][INFO] - Finding Test Object 'Object Repository/Sayfalar/Giris_Sayfasi/PopupCarpiGiris'

2021-11-23 17:21:23 - [MESSAGE][INFO] - Checking object

2021-11-23 17:21:23 - [MESSAGE][INFO] - Finding web element from Test Object's properties

2021-11-23 17:21:23 - [MESSAGE][INFO] - Checking timeout

2021-11-23 17:21:23 - [MESSAGE][INFO] - Finding web element with id: 'Object Repository/Sayfalar/Giris_Sayfasi/PopupCarpiGiris' located by 'By.cssSelector: .bootbox-close-button.close' in '30' second(s)

2021-11-23 17:21:23 - [MESSAGE][INFO] - Smart Wait Function is triggered

2021-11-23 17:21:23 - [MESSAGE][INFO] - Found 1 web elements with id: 'Object Repository/Sayfalar/Giris_Sayfasi/PopupCarpiGiris' located by 'By.cssSelector: .bootbox-close-button.close' in '30' second(s)

2021-11-23 17:21:23 - [MESSAGE][INFO] - Clicking on object: 'Object Repository/Sayfalar/Giris_Sayfasi/PopupCarpiGiris'

2021-11-23 17:21:23 - [MESSAGE][PASSED] - Object: 'Object Repository/Sayfalar/Giris_Sayfasi/PopupCarpiGiris' is clicked on

2021-11-23 17:21:23 - [TEST_STEP][PASSED] - verifyElementVisible(findTestObject("Object Repository/Kullanici_Islemleri/KullaniciIslemleri")): Object 'Object Repository/Kullanici_Islemleri/KullaniciIslemleri' is visible

2021-11-23 17:21:23 - [MESSAGE][INFO] - Finding Test Object 'Object Repository/Kullanici_Islemleri/KullaniciIslemleri'

2021-11-23 17:21:23 - [MESSAGE][INFO] - Checking object

2021-11-23 17:21:23 - [MESSAGE][INFO] - Finding web element from Test Object's properties

2021-11-23 17:21:23 - [MESSAGE][INFO] - Checking timeout

2021-11-23 17:21:23 - [MESSAGE][INFO] - Finding web element with id: 'Object Repository/Kullanici_Islemleri/KullaniciIslemleri' located by 'By.cssSelector: .dropdown>a>img' in '30' second(s)

2021-11-23 17:21:23 - [MESSAGE][INFO] - Smart Wait Function is triggered

2021-11-23 17:21:24 - [MESSAGE][INFO] - Found 1 web elements with id: 'Object Repository/Kullanici_Islemleri/KullaniciIslemleri' located by 'By.cssSelector: .dropdown>a>img' in '30' second(s)

2021-11-23 17:21:24 - [MESSAGE][PASSED] - Object 'Object Repository/Kullanici_Islemleri/KullaniciIslemleri' is visible

2021-11-23 17:21:24 - [MESSAGE][PASSED] - Call Test Case 'Test Cases/Sayfalar/Giris_Sayfasi/Login' successfully

2021-11-23 17:21:24 - [MESSAGE][INFO] - Checking called Test Case

2021-11-23 17:21:24 - [MESSAGE][INFO] - Starting to call Test Case 'Test Cases/Menu/AnaMenuSecimi'

2021-11-23 17:21:24 - [TEST_CASE][PASSED] - Test Cases/Menu/AnaMenuSecimi: Test Cases/Menu/AnaMenuSecimi

2021-11-23 17:21:24 - [TEST_STEP][PASSED] - Method.TextDegerineEsitElementeTikla(findTestObject("Menu/Ana_Menu"), Ana_Menu): Method.TextDegerineEsitElementeTikla is PASSED

2021-11-23 17:21:24 - [MESSAGE][INFO] - Finding Test Object 'Object Repository/Menu/Ana_Menu'

2021-11-23 17:21:24 - [MESSAGE][INFO] - Checking timeout

2021-11-23 17:21:24 - [MESSAGE][INFO] - Finding web element with id: 'Object Repository/Menu/Ana_Menu' located by 'By.xpath: //*[@class = 'dropdown-toggle']' in '10' second(s)

2021-11-23 17:21:24 - [MESSAGE][INFO] - Smart Wait Function is triggered

2021-11-23 17:21:25 - [MESSAGE][INFO] - Found 14 web elements with id: 'Object Repository/Menu/Ana_Menu' located by 'By.xpath: //*[@class = 'dropdown-toggle']' in '10' second(s)

2021-11-23 17:21:25 - [MESSAGE][PASSED] - Method.TextDegerineEsitElementeTikla is PASSED

2021-11-23 17:21:25 - [MESSAGE][PASSED] - Call Test Case 'Test Cases/Menu/AnaMenuSecimi' successfully

2021-11-23 17:21:25 - [MESSAGE][INFO] - Checking called Test Case

2021-11-23 17:21:25 - [MESSAGE][INFO] - Starting to call Test Case 'Test Cases/Menu/AltMenuSecimi'

2021-11-23 17:21:25 - [TEST_CASE][PASSED] - Test Cases/Menu/AltMenuSecimi: Test Cases/Menu/AltMenuSecimi

2021-11-23 17:21:25 - [TEST_STEP][PASSED] - Method.TextDegerineEsitElementeTikla(findTestObject("Menu/Alt_Menu"), Alt_Menu): Method.TextDegerineEsitElementeTikla is PASSED

2021-11-23 17:21:25 - [MESSAGE][INFO] - Finding Test Object 'Object Repository/Menu/Alt_Menu'

2021-11-23 17:21:25 - [MESSAGE][INFO] - Checking timeout

2021-11-23 17:21:25 - [MESSAGE][INFO] - Finding web element with id: 'Object Repository/Menu/Alt_Menu' located by 'By.xpath: //li[@class='dropdown dropdown-large open']//li[@class='dropdown-element']' in '10' second(s)

2021-11-23 17:21:25 - [MESSAGE][INFO] - Smart Wait Function is triggered

2021-11-23 17:21:26 - [MESSAGE][INFO] - Found 2 web elements with id: 'Object Repository/Menu/Alt_Menu' located by 'By.xpath: //li[@class='dropdown dropdown-large open']//li[@class='dropdown-element']' in '10' second(s)

2021-11-23 17:21:32 - [MESSAGE][PASSED] - Method.TextDegerineEsitElementeTikla is PASSED

2021-11-23 17:21:32 - [MESSAGE][PASSED] - Call Test Case 'Test Cases/Menu/AltMenuSecimi' successfully

2021-11-23 17:21:32 - [MESSAGE][INFO] - Checking called Test Case

2021-11-23 17:21:32 - [MESSAGE][INFO] - Starting to call Test Case 'Test Cases/Filtreler/BaslangicYaz'

2021-11-23 17:21:32 - [TEST_CASE][PASSED] - Test Cases/Filtreler/BaslangicYaz: Test Cases/Filtreler/BaslangicYaz

2021-11-23 17:21:32 - [TEST_STEP][PASSED] - delay(3): Delayed 3 second(s)

2021-11-23 17:21:32 - [MESSAGE][INFO] - Delaying browser in 3 second(s)

2021-11-23 17:21:36 - [MESSAGE][PASSED] - Delayed 3 second(s)

2021-11-23 17:21:36 - [TEST_STEP][PASSED] - Method.TextDegerineEsitElementinAltindakineTikla(findTestObject("Filtreler/Basliklar"), findTestObject("Filtreler/Basliga_Gore_Baslangic_Image"), Filtre_Adi): Method.TextDegerineEsitElementinAltindakineTikla is PASSED

2021-11-23 17:21:36 - [MESSAGE][INFO] - Finding Test Object 'Object Repository/Filtreler/Basliklar'

2021-11-23 17:21:36 - [MESSAGE][INFO] - Finding Test Object 'Object Repository/Filtreler/Basliga_Gore_Baslangic_Image'

2021-11-23 17:21:36 - [MESSAGE][INFO] - Checking timeout

2021-11-23 17:21:36 - [MESSAGE][INFO] - Finding web element with id: 'Object Repository/Filtreler/Basliklar' located by 'By.cssSelector: .control-label.col-sm-4.paddingMarginRLC' in '10' second(s)

2021-11-23 17:21:36 - [MESSAGE][INFO] - Smart Wait Function is triggered

2021-11-23 17:21:36 - [MESSAGE][INFO] - Found 8 web elements with id: 'Object Repository/Filtreler/Basliklar' located by 'By.cssSelector: .control-label.col-sm-4.paddingMarginRLC' in '10' second(s)

2021-11-23 17:21:36 - [MESSAGE][INFO] - Smart Wait Function is triggered

2021-11-23 17:21:37 - [MESSAGE][PASSED] - Method.TextDegerineEsitElementinAltindakineTikla is PASSED

2021-11-23 17:21:37 - [TEST_STEP][PASSED] - Method.TextDegerineEsitElementinAltindakiTextboxtaYaz(findTestObject("Filtreler/Basliklar"), findTestObject("Filtreler/Basliga_Gore_Baslangic"), Filtre_Adi, Filtre_Degeri): Method.TextDegerineEsitElementinAltindakiTextboxtaYaz is PASSED

2021-11-23 17:21:37 - [MESSAGE][INFO] - Finding Test Object 'Object Repository/Filtreler/Basliklar'

2021-11-23 17:21:37 - [MESSAGE][INFO] - Finding Test Object 'Object Repository/Filtreler/Basliga_Gore_Baslangic'

2021-11-23 17:21:37 - [MESSAGE][INFO] - Checking timeout

2021-11-23 17:21:37 - [MESSAGE][INFO] - Finding web element with id: 'Object Repository/Filtreler/Basliklar' located by 'By.cssSelector: .control-label.col-sm-4.paddingMarginRLC' in '10' second(s)

2021-11-23 17:21:37 - [MESSAGE][INFO] - Smart Wait Function is triggered

2021-11-23 17:21:37 - [MESSAGE][INFO] - Found 8 web elements with id: 'Object Repository/Filtreler/Basliklar' located by 'By.cssSelector: .control-label.col-sm-4.paddingMarginRLC' in '10' second(s)

2021-11-23 17:21:37 - [MESSAGE][INFO] - Smart Wait Function is triggered

2021-11-23 17:21:37 - [MESSAGE][PASSED] - Method.TextDegerineEsitElementinAltindakiTextboxtaYaz is PASSED

2021-11-23 17:21:37 - [MESSAGE][PASSED] - Call Test Case 'Test Cases/Filtreler/BaslangicYaz' successfully

2021-11-23 17:21:37 - [MESSAGE][INFO] - Checking called Test Case

2021-11-23 17:21:37 - [MESSAGE][INFO] - Starting to call Test Case 'Test Cases/Filtreler/BitisYaz'

2021-11-23 17:21:38 - [TEST_CASE][PASSED] - Test Cases/Filtreler/BitisYaz: Test Cases/Filtreler/BitisYaz

2021-11-23 17:21:38 - [TEST_STEP][PASSED] - Method.TextDegerineEsitElementinAltindakineTikla(findTestObject("Filtreler/Basliklar"), findTestObject("Filtreler/Basliga_Gore_Bitis_Image"), Filtre_Adi): Method.TextDegerineEsitElementinAltindakineTikla is PASSED

2021-11-23 17:21:38 - [MESSAGE][INFO] - Finding Test Object 'Object Repository/Filtreler/Basliklar'

2021-11-23 17:21:38 - [MESSAGE][INFO] - Finding Test Object 'Object Repository/Filtreler/Basliga_Gore_Bitis_Image'

2021-11-23 17:21:38 - [MESSAGE][INFO] - Checking timeout

2021-11-23 17:21:38 - [MESSAGE][INFO] - Finding web element with id: 'Object Repository/Filtreler/Basliklar' located by 'By.cssSelector: .control-label.col-sm-4.paddingMarginRLC' in '10' second(s)

2021-11-23 17:21:38 - [MESSAGE][INFO] - Smart Wait Function is triggered

2021-11-23 17:21:39 - [MESSAGE][INFO] - Found 8 web elements with id: 'Object Repository/Filtreler/Basliklar' located by 'By.cssSelector: .control-label.col-sm-4.paddingMarginRLC' in '10' second(s)

2021-11-23 17:21:39 - [MESSAGE][INFO] - Smart Wait Function is triggered

2021-11-23 17:21:39 - [MESSAGE][PASSED] - Method.TextDegerineEsitElementinAltindakineTikla is PASSED

2021-11-23 17:21:39 - [TEST_STEP][PASSED] - Method.TextDegerineEsitElementinAltindakiTextboxtaYaz(findTestObject("Filtreler/Basliklar"), findTestObject("Object Repository/Filtreler/Basliga_Gore_Bitis"), Filtre_Adi, Filtre_Degeri): Method.TextDegerineEsitElementinAltindakiTextboxtaYaz is PASSED

2021-11-23 17:21:39 - [MESSAGE][INFO] - Finding Test Object 'Object Repository/Filtreler/Basliklar'

2021-11-23 17:21:39 - [MESSAGE][INFO] - Finding Test Object 'Object Repository/Filtreler/Basliga_Gore_Bitis'

2021-11-23 17:21:39 - [MESSAGE][INFO] - Checking timeout

2021-11-23 17:21:39 - [MESSAGE][INFO] - Finding web element with id: 'Object Repository/Filtreler/Basliklar' located by 'By.cssSelector: .control-label.col-sm-4.paddingMarginRLC' in '10' second(s)

2021-11-23 17:21:39 - [MESSAGE][INFO] - Smart Wait Function is triggered

2021-11-23 17:21:39 - [MESSAGE][INFO] - Found 8 web elements with id: 'Object Repository/Filtreler/Basliklar' located by 'By.cssSelector: .control-label.col-sm-4.paddingMarginRLC' in '10' second(s)

2021-11-23 17:21:39 - [MESSAGE][INFO] - Smart Wait Function is triggered

2021-11-23 17:21:40 - [MESSAGE][PASSED] - Method.TextDegerineEsitElementinAltindakiTextboxtaYaz is PASSED

2021-11-23 17:21:40 - [MESSAGE][PASSED] - Call Test Case 'Test Cases/Filtreler/BitisYaz' successfully

2021-11-23 17:21:40 - [MESSAGE][INFO] - Checking called Test Case

2021-11-23 17:21:40 - [MESSAGE][INFO] - Starting to call Test Case 'Test Cases/Filtreler/ButonaTikla'

2021-11-23 17:21:40 - [TEST_CASE][PASSED] - Test Cases/Filtreler/ButonaTikla: Test Cases/Filtreler/ButonaTikla

2021-11-23 17:21:41 - [TEST_STEP][PASSED] - Method.TextDegerineEsitElementeTikla(findTestObject("Filtreler/Butonlar"), Filtre_Buton): Method.TextDegerineEsitElementeTikla is PASSED

2021-11-23 17:21:41 - [MESSAGE][INFO] - Finding Test Object 'Object Repository/Filtreler/Butonlar'

2021-11-23 17:21:41 - [MESSAGE][INFO] - Checking timeout

2021-11-23 17:21:41 - [MESSAGE][INFO] - Finding web element with id: 'Object Repository/Filtreler/Butonlar' located by 'By.cssSelector: .dxb>span' in '10' second(s)

2021-11-23 17:21:41 - [MESSAGE][INFO] - Smart Wait Function is triggered

2021-11-23 17:21:41 - [MESSAGE][INFO] - Found 3 web elements with id: 'Object Repository/Filtreler/Butonlar' located by 'By.cssSelector: .dxb>span' in '10' second(s)

2021-11-23 17:21:41 - [MESSAGE][PASSED] - Method.TextDegerineEsitElementeTikla is PASSED

2021-11-23 17:21:41 - [MESSAGE][PASSED] - Call Test Case 'Test Cases/Filtreler/ButonaTikla' successfully

2021-11-23 17:21:41 - [MESSAGE][INFO] - Checking called Test Case

2021-11-23 17:21:41 - [MESSAGE][INFO] - Starting to call Test Case 'Test Cases/Tablo/TablodaVeriVarMi'

2021-11-23 17:21:41 - [TEST_CASE][PASSED] - Test Cases/Tablo/TablodaVeriVarMi: Test Cases/Tablo/TablodaVeriVarMi

2021-11-23 17:21:42 - [TEST_STEP][PASSED] - verifyTextNotPresent("Görüntülenecek veri yok", true): Text 'Görüntülenecek veri yok' is not present on page using regular expression

2021-11-23 17:21:42 - [MESSAGE][INFO] - Checking text present  using regular expression

2021-11-23 17:21:42 - [MESSAGE][INFO] - Smart Wait Function is triggered

2021-11-23 17:21:42 - [MESSAGE][INFO] - Finding text 'Görüntülenecek veri yok' on page  using regular expression

2021-11-23 17:21:42 - [MESSAGE][PASSED] - Text 'Görüntülenecek veri yok' is not present on page using regular expression

2021-11-23 17:21:42 - [MESSAGE][PASSED] - Call Test Case 'Test Cases/Tablo/TablodaVeriVarMi' successfully

2021-11-23 17:21:42 - [MESSAGE][INFO] - Checking called Test Case

2021-11-23 17:21:42 - [MESSAGE][INFO] - Starting to call Test Case 'Test Cases/Tablo/TablodanVeriSec'

2021-11-23 17:21:42 - [TEST_CASE][PASSED] - Test Cases/Tablo/TablodanVeriSec: Test Cases/Tablo/TablodanVeriSec

2021-11-23 17:21:43 - [TEST_STEP][PASSED] - Method.TextDegerineEsitElementinAltindakineTikla(findTestObject("Tablo/Veriler"), findTestObject("Tablo/VerininCheckBoxi"), Veri_Adi): Method.TextDegerineEsitElementinAltindakineTikla is PASSED

2021-11-23 17:21:43 - [MESSAGE][INFO] - Finding Test Object 'Object Repository/Tablo/Veriler'

2021-11-23 17:21:43 - [MESSAGE][INFO] - Finding Test Object 'Object Repository/Tablo/VerininCheckBoxi'

2021-11-23 17:21:43 - [MESSAGE][INFO] - Checking timeout

2021-11-23 17:21:43 - [MESSAGE][INFO] - Finding web element with id: 'Object Repository/Tablo/Veriler' located by 'By.cssSelector: td.dxgv b ,td.dxgv' in '10' second(s)

2021-11-23 17:21:43 - [MESSAGE][INFO] - Smart Wait Function is triggered

2021-11-23 17:21:43 - [MESSAGE][INFO] - Found 110 web elements with id: 'Object Repository/Tablo/Veriler' located by 'By.cssSelector: td.dxgv b ,td.dxgv' in '10' second(s)

2021-11-23 17:21:44 - [MESSAGE][INFO] - Smart Wait Function is triggered

2021-11-23 17:21:44 - [MESSAGE][PASSED] - Method.TextDegerineEsitElementinAltindakineTikla is PASSED

2021-11-23 17:21:44 - [MESSAGE][PASSED] - Call Test Case 'Test Cases/Tablo/TablodanVeriSec' successfully

2021-11-23 17:21:44 - [MESSAGE][INFO] - Checking called Test Case

2021-11-23 17:21:44 - [MESSAGE][INFO] - Starting to call Test Case 'Test Cases/Butonlar/ButonaTikla'

2021-11-23 17:21:44 - [TEST_CASE][PASSED] - Test Cases/Butonlar/ButonaTikla: Test Cases/Butonlar/ButonaTikla

2021-11-23 17:21:45 - [TEST_STEP][PASSED] - Method.TextDegerineEsitElementeTiklaEquals(findTestObject("Butonlar/Butonlar"), Buton_Adi): Method.TextDegerineEsitElementeTiklaEquals is PASSED

2021-11-23 17:21:45 - [MESSAGE][INFO] - Finding Test Object 'Object Repository/Butonlar/Butonlar'

2021-11-23 17:21:45 - [MESSAGE][INFO] - Checking timeout

2021-11-23 17:21:45 - [MESSAGE][INFO] - Finding web element with id: 'Object Repository/Butonlar/Butonlar' located by 'By.cssSelector: .panel.panel-default.text-center.footerPanel .btn,.btn.btn-primary.btnControls' in '10' second(s)

2021-11-23 17:21:45 - [MESSAGE][INFO] - Smart Wait Function is triggered

2021-11-23 17:21:45 - [MESSAGE][INFO] - Found 5 web elements with id: 'Object Repository/Butonlar/Butonlar' located by 'By.cssSelector: .panel.panel-default.text-center.footerPanel .btn,.btn.btn-primary.btnControls' in '10' second(s)

2021-11-23 17:21:45 - [MESSAGE][PASSED] - Method.TextDegerineEsitElementeTiklaEquals is PASSED

2021-11-23 17:21:45 - [MESSAGE][PASSED] - Call Test Case 'Test Cases/Butonlar/ButonaTikla' successfully

2021-11-23 17:21:45 - [MESSAGE][INFO] - Checking called Test Case

2021-11-23 17:21:45 - [MESSAGE][INFO] - Starting to call Test Case 'Test Cases/Butonlar/AltButonaTikla'

2021-11-23 17:21:45 - [TEST_CASE][PASSED] - Test Cases/Butonlar/AltButonaTikla: Test Cases/Butonlar/AltButonaTikla

2021-11-23 17:21:46 - [TEST_STEP][PASSED] - Method.TextDegerineEsitElementeTikla(findTestObject("Butonlar/AltButonlar"), Alt_Buton): Method.TextDegerineEsitElementeTikla is PASSED

2021-11-23 17:21:46 - [MESSAGE][INFO] - Finding Test Object 'Object Repository/Butonlar/AltButonlar'

2021-11-23 17:21:46 - [MESSAGE][INFO] - Checking timeout

2021-11-23 17:21:46 - [MESSAGE][INFO] - Finding web element with id: 'Object Repository/Butonlar/AltButonlar' located by 'By.cssSelector: .btn-group.open li>a' in '10' second(s)

2021-11-23 17:21:46 - [MESSAGE][INFO] - Smart Wait Function is triggered

2021-11-23 17:21:46 - [MESSAGE][INFO] - Found 2 web elements with id: 'Object Repository/Butonlar/AltButonlar' located by 'By.cssSelector: .btn-group.open li>a' in '10' second(s)

2021-11-23 17:21:46 - [MESSAGE][PASSED] - Method.TextDegerineEsitElementeTikla is PASSED

2021-11-23 17:21:46 - [MESSAGE][PASSED] - Call Test Case 'Test Cases/Butonlar/AltButonaTikla' successfully

2021-11-23 17:21:46 - [MESSAGE][INFO] - Checking called Test Case

2021-11-23 17:21:46 - [MESSAGE][INFO] - Starting to call Test Case 'Test Cases/Popup/PopupMesajiIceriyorMu'

2021-11-23 17:21:46 - [TEST_CASE][PASSED] - Test Cases/Popup/PopupMesajiIceriyorMu: Test Cases/Popup/PopupMesajiIceriyorMu

2021-11-23 17:21:47 - [TEST_STEP][PASSED] - waitForElementVisible(findTestObject("Popup/Popup"), 10): Object 'Object Repository/Popup/Popup' is visible

2021-11-23 17:21:47 - [MESSAGE][INFO] - Finding Test Object 'Object Repository/Popup/Popup'

2021-11-23 17:21:47 - [MESSAGE][INFO] - Checking object

2021-11-23 17:21:47 - [MESSAGE][INFO] - Checking timeout

2021-11-23 17:21:47 - [MESSAGE][INFO] - Finding web element from Test Object's properties

2021-11-23 17:21:47 - [MESSAGE][INFO] - Checking timeout

2021-11-23 17:21:47 - [MESSAGE][INFO] - Finding web element with id: 'Object Repository/Popup/Popup' located by 'By.cssSelector: .bootbox-body' in '10' second(s)

2021-11-23 17:21:47 - [MESSAGE][INFO] - Smart Wait Function is triggered

2021-11-23 17:21:47 - [MESSAGE][INFO] - Found 1 web elements with id: 'Object Repository/Popup/Popup' located by 'By.cssSelector: .bootbox-body' in '10' second(s)

2021-11-23 17:21:47 - [MESSAGE][PASSED] - Object 'Object Repository/Popup/Popup' is visible

2021-11-23 17:21:47 - [TEST_STEP][PASSED] - if (!(getText(findTestObject("Popup/Popup")).contains(Mesaj))): Text of object 'Object Repository/Popup/Popup' is: 'Lütfen rapor bildiriminin gönderileceği e-posta adresini belirtiniz.
e-Posta Adresi'

2021-11-23 17:21:47 - [MESSAGE][INFO] - Finding Test Object 'Object Repository/Popup/Popup'

2021-11-23 17:21:47 - [MESSAGE][INFO] - Checking object

2021-11-23 17:21:47 - [MESSAGE][INFO] - Finding web element from Test Object's properties

2021-11-23 17:21:47 - [MESSAGE][INFO] - Checking timeout

2021-11-23 17:21:47 - [MESSAGE][INFO] - Finding web element with id: 'Object Repository/Popup/Popup' located by 'By.cssSelector: .bootbox-body' in '30' second(s)

2021-11-23 17:21:47 - [MESSAGE][INFO] - Smart Wait Function is triggered

2021-11-23 17:21:48 - [MESSAGE][INFO] - Found 1 web elements with id: 'Object Repository/Popup/Popup' located by 'By.cssSelector: .bootbox-body' in '30' second(s)

2021-11-23 17:21:48 - [MESSAGE][INFO] - Getting text of object 'Object Repository/Popup/Popup'

2021-11-23 17:21:48 - [MESSAGE][PASSED] - Text of object 'Object Repository/Popup/Popup' is: 'Lütfen rapor bildiriminin gönderileceği e-posta adresini belirtiniz.
e-Posta Adresi'

2021-11-23 17:21:48 - [TEST_STEP][PASSED] - RaporNo = getText(findTestObject("Popup/Popup")).substring(0, 6): Text of object 'Object Repository/Popup/Popup' is: 'Lütfen rapor bildiriminin gönderileceği e-posta adresini belirtiniz.
e-Posta Adresi'

2021-11-23 17:21:48 - [MESSAGE][INFO] - Finding Test Object 'Object Repository/Popup/Popup'

2021-11-23 17:21:48 - [MESSAGE][INFO] - Checking object

2021-11-23 17:21:48 - [MESSAGE][INFO] - Finding web element from Test Object's properties

2021-11-23 17:21:48 - [MESSAGE][INFO] - Checking timeout

2021-11-23 17:21:48 - [MESSAGE][INFO] - Finding web element with id: 'Object Repository/Popup/Popup' located by 'By.cssSelector: .bootbox-body' in '30' second(s)

2021-11-23 17:21:48 - [MESSAGE][INFO] - Smart Wait Function is triggered

2021-11-23 17:21:48 - [MESSAGE][INFO] - Found 1 web elements with id: 'Object Repository/Popup/Popup' located by 'By.cssSelector: .bootbox-body' in '30' second(s)

2021-11-23 17:21:48 - [MESSAGE][INFO] - Getting text of object 'Object Repository/Popup/Popup'

2021-11-23 17:21:48 - [MESSAGE][PASSED] - Text of object 'Object Repository/Popup/Popup' is: 'Lütfen rapor bildiriminin gönderileceği e-posta adresini belirtiniz.
e-Posta Adresi'

2021-11-23 17:21:48 - [TEST_STEP][PASSED] - Console.println(RaporNo): null

2021-11-23 17:21:48 - [MESSAGE][PASSED] - Call Test Case 'Test Cases/Popup/PopupMesajiIceriyorMu' successfully

2021-11-23 17:21:48 - [MESSAGE][INFO] - Checking called Test Case

2021-11-23 17:21:48 - [MESSAGE][INFO] - Starting to call Test Case 'Test Cases/Popup/PopupaEmailEklenir'

2021-11-23 17:21:48 - [TEST_CASE][PASSED] - Test Cases/Popup/PopupaEmailEklenir: Test Cases/Popup/PopupaEmailEklenir

2021-11-23 17:21:49 - [TEST_STEP][PASSED] - clearText(findTestObject("Popup/EmailText")): Text of object 'Object Repository/Popup/EmailText' is cleared

2021-11-23 17:21:49 - [MESSAGE][INFO] - Finding Test Object 'Object Repository/Popup/EmailText'

2021-11-23 17:21:49 - [MESSAGE][INFO] - Checking object

2021-11-23 17:21:49 - [MESSAGE][INFO] - Finding web element from Test Object's properties

2021-11-23 17:21:49 - [MESSAGE][INFO] - Checking timeout

2021-11-23 17:21:49 - [MESSAGE][INFO] - Finding web element with id: 'Object Repository/Popup/EmailText' located by 'By.xpath: //*[@id="eMails"]' in '30' second(s)

2021-11-23 17:21:49 - [MESSAGE][INFO] - Smart Wait Function is triggered

2021-11-23 17:21:49 - [MESSAGE][INFO] - Found 1 web elements with id: 'Object Repository/Popup/EmailText' located by 'By.xpath: //*[@id="eMails"]' in '30' second(s)

2021-11-23 17:21:49 - [MESSAGE][INFO] - Clearing text of object 'Object Repository/Popup/EmailText'

2021-11-23 17:21:49 - [MESSAGE][PASSED] - Text of object 'Object Repository/Popup/EmailText' is cleared

2021-11-23 17:21:49 - [TEST_STEP][PASSED] - sendKeys(findTestObject("Popup/EmailText"), Email): Keys 'elogotest@gmail.com;ali.kara@logo.com.tr' sent to object: 'Object Repository/Popup/EmailText'

2021-11-23 17:21:49 - [MESSAGE][INFO] - Finding Test Object 'Object Repository/Popup/EmailText'

2021-11-23 17:21:49 - [MESSAGE][INFO] - Sending keys 'elogotest@gmail.com;ali.kara@logo.com.tr' to object: 'Object Repository/Popup/EmailText'

2021-11-23 17:21:49 - [MESSAGE][INFO] - Finding web element from Test Object's properties

2021-11-23 17:21:49 - [MESSAGE][INFO] - Checking timeout

2021-11-23 17:21:49 - [MESSAGE][INFO] - Finding web element with id: 'Object Repository/Popup/EmailText' located by 'By.xpath: //*[@id="eMails"]' in '30' second(s)

2021-11-23 17:21:49 - [MESSAGE][INFO] - Smart Wait Function is triggered

2021-11-23 17:21:49 - [MESSAGE][INFO] - Found 1 web elements with id: 'Object Repository/Popup/EmailText' located by 'By.xpath: //*[@id="eMails"]' in '30' second(s)

2021-11-23 17:21:49 - [MESSAGE][PASSED] - Keys 'elogotest@gmail.com;ali.kara@logo.com.tr' sent to object: 'Object Repository/Popup/EmailText'

2021-11-23 17:21:49 - [MESSAGE][PASSED] - Call Test Case 'Test Cases/Popup/PopupaEmailEklenir' successfully

2021-11-23 17:21:49 - [MESSAGE][INFO] - Checking called Test Case

2021-11-23 17:21:49 - [MESSAGE][INFO] - Starting to call Test Case 'Test Cases/Popup/PopupButonSecilir'

2021-11-23 17:21:49 - [TEST_CASE][PASSED] - Test Cases/Popup/PopupButonSecilir: Test Cases/Popup/PopupButonSecilir

2021-11-23 17:21:50 - [TEST_STEP][PASSED] - Method.TextDegerineEsitElementeTikla(findTestObject("Popup/Popup_Butons"), Buton): Method.TextDegerineEsitElementeTikla is PASSED

2021-11-23 17:21:50 - [MESSAGE][INFO] - Finding Test Object 'Object Repository/Popup/Popup_Butons'

2021-11-23 17:21:50 - [MESSAGE][INFO] - Checking timeout

2021-11-23 17:21:50 - [MESSAGE][INFO] - Finding web element with id: 'Object Repository/Popup/Popup_Butons' located by 'By.cssSelector: .modal-footer>button' in '10' second(s)

2021-11-23 17:21:50 - [MESSAGE][INFO] - Smart Wait Function is triggered

2021-11-23 17:21:50 - [MESSAGE][INFO] - Found 2 web elements with id: 'Object Repository/Popup/Popup_Butons' located by 'By.cssSelector: .modal-footer>button' in '10' second(s)

2021-11-23 17:21:50 - [MESSAGE][PASSED] - Method.TextDegerineEsitElementeTikla is PASSED

2021-11-23 17:21:50 - [MESSAGE][PASSED] - Call Test Case 'Test Cases/Popup/PopupButonSecilir' successfully

2021-11-23 17:21:50 - [MESSAGE][INFO] - Checking called Test Case

2021-11-23 17:21:50 - [MESSAGE][INFO] - Starting to call Test Case 'Test Cases/Popup/PopupMesajiIceriyorMu'

2021-11-23 17:21:50 - [TEST_CASE][PASSED] - Test Cases/Popup/PopupMesajiIceriyorMu: Test Cases/Popup/PopupMesajiIceriyorMu

2021-11-23 17:21:50 - [TEST_STEP][PASSED] - waitForElementVisible(findTestObject("Popup/Popup"), 10): Object 'Object Repository/Popup/Popup' is visible

2021-11-23 17:21:50 - [MESSAGE][INFO] - Finding Test Object 'Object Repository/Popup/Popup'

2021-11-23 17:21:50 - [MESSAGE][INFO] - Checking object

2021-11-23 17:21:50 - [MESSAGE][INFO] - Checking timeout

2021-11-23 17:21:50 - [MESSAGE][INFO] - Finding web element from Test Object's properties

2021-11-23 17:21:50 - [MESSAGE][INFO] - Checking timeout

2021-11-23 17:21:50 - [MESSAGE][INFO] - Finding web element with id: 'Object Repository/Popup/Popup' located by 'By.cssSelector: .bootbox-body' in '10' second(s)

2021-11-23 17:21:50 - [MESSAGE][INFO] - Smart Wait Function is triggered

2021-11-23 17:21:51 - [MESSAGE][INFO] - Found 1 web elements with id: 'Object Repository/Popup/Popup' located by 'By.cssSelector: .bootbox-body' in '10' second(s)

2021-11-23 17:21:51 - [MESSAGE][PASSED] - Object 'Object Repository/Popup/Popup' is visible

2021-11-23 17:21:51 - [TEST_STEP][PASSED] - if (!(getText(findTestObject("Popup/Popup")).contains(Mesaj))): Text of object 'Object Repository/Popup/Popup' is: '17933 no’lu talebiniz işleme alınmıştır. Raporunuz hazırlandığında (elogotest@gmail.com;ali.kara@logo.com.tr) adresinize mail gönderilecektir.
Rapor durumunuzu Raporlar > Toplu Veri İndirme ekranından takip edebilir, hazırlandı durumundaki raporlarınızı ilgili menüden indirebilirsiniz.'

2021-11-23 17:21:51 - [MESSAGE][INFO] - Finding Test Object 'Object Repository/Popup/Popup'

2021-11-23 17:21:51 - [MESSAGE][INFO] - Checking object

2021-11-23 17:21:51 - [MESSAGE][INFO] - Finding web element from Test Object's properties

2021-11-23 17:21:51 - [MESSAGE][INFO] - Checking timeout

2021-11-23 17:21:51 - [MESSAGE][INFO] - Finding web element with id: 'Object Repository/Popup/Popup' located by 'By.cssSelector: .bootbox-body' in '30' second(s)

2021-11-23 17:21:51 - [MESSAGE][INFO] - Smart Wait Function is triggered

2021-11-23 17:21:51 - [MESSAGE][INFO] - Found 1 web elements with id: 'Object Repository/Popup/Popup' located by 'By.cssSelector: .bootbox-body' in '30' second(s)

2021-11-23 17:21:51 - [MESSAGE][INFO] - Getting text of object 'Object Repository/Popup/Popup'

2021-11-23 17:21:51 - [MESSAGE][PASSED] - Text of object 'Object Repository/Popup/Popup' is: '17933 no’lu talebiniz işleme alınmıştır. Raporunuz hazırlandığında (elogotest@gmail.com;ali.kara@logo.com.tr) adresinize mail gönderilecektir.
Rapor durumunuzu Raporlar > Toplu Veri İndirme ekranından takip edebilir, hazırlandı durumundaki raporlarınızı ilgili menüden indirebilirsiniz.'

2021-11-23 17:21:51 - [TEST_STEP][PASSED] - RaporNo = getText(findTestObject("Popup/Popup")).substring(0, 6): Text of object 'Object Repository/Popup/Popup' is: '17933 no’lu talebiniz işleme alınmıştır. Raporunuz hazırlandığında (elogotest@gmail.com;ali.kara@logo.com.tr) adresinize mail gönderilecektir.
Rapor durumunuzu Raporlar > Toplu Veri İndirme ekranından takip edebilir, hazırlandı durumundaki raporlarınızı ilgili menüden indirebilirsiniz.'

2021-11-23 17:21:51 - [MESSAGE][INFO] - Finding Test Object 'Object Repository/Popup/Popup'

2021-11-23 17:21:51 - [MESSAGE][INFO] - Checking object

2021-11-23 17:21:51 - [MESSAGE][INFO] - Finding web element from Test Object's properties

2021-11-23 17:21:51 - [MESSAGE][INFO] - Checking timeout

2021-11-23 17:21:51 - [MESSAGE][INFO] - Finding web element with id: 'Object Repository/Popup/Popup' located by 'By.cssSelector: .bootbox-body' in '30' second(s)

2021-11-23 17:21:51 - [MESSAGE][INFO] - Smart Wait Function is triggered

2021-11-23 17:21:52 - [MESSAGE][INFO] - Found 1 web elements with id: 'Object Repository/Popup/Popup' located by 'By.cssSelector: .bootbox-body' in '30' second(s)

2021-11-23 17:21:52 - [MESSAGE][INFO] - Getting text of object 'Object Repository/Popup/Popup'

2021-11-23 17:21:52 - [MESSAGE][PASSED] - Text of object 'Object Repository/Popup/Popup' is: '17933 no’lu talebiniz işleme alınmıştır. Raporunuz hazırlandığında (elogotest@gmail.com;ali.kara@logo.com.tr) adresinize mail gönderilecektir.
Rapor durumunuzu Raporlar > Toplu Veri İndirme ekranından takip edebilir, hazırlandı durumundaki raporlarınızı ilgili menüden indirebilirsiniz.'

2021-11-23 17:21:52 - [TEST_STEP][PASSED] - Console.println(RaporNo): null

2021-11-23 17:21:52 - [MESSAGE][PASSED] - Call Test Case 'Test Cases/Popup/PopupMesajiIceriyorMu' successfully

2021-11-23 17:21:52 - [MESSAGE][INFO] - Checking called Test Case

2021-11-23 17:21:52 - [MESSAGE][INFO] - Starting to call Test Case 'Test Cases/Popup/PopupButonSecilir'

2021-11-23 17:21:52 - [TEST_CASE][PASSED] - Test Cases/Popup/PopupButonSecilir: Test Cases/Popup/PopupButonSecilir

2021-11-23 17:21:52 - [TEST_STEP][PASSED] - Method.TextDegerineEsitElementeTikla(findTestObject("Popup/Popup_Butons"), Buton): Method.TextDegerineEsitElementeTikla is PASSED

2021-11-23 17:21:52 - [MESSAGE][INFO] - Finding Test Object 'Object Repository/Popup/Popup_Butons'

2021-11-23 17:21:52 - [MESSAGE][INFO] - Checking timeout

2021-11-23 17:21:52 - [MESSAGE][INFO] - Finding web element with id: 'Object Repository/Popup/Popup_Butons' located by 'By.cssSelector: .modal-footer>button' in '10' second(s)

2021-11-23 17:21:52 - [MESSAGE][INFO] - Smart Wait Function is triggered

2021-11-23 17:21:52 - [MESSAGE][INFO] - Found 1 web elements with id: 'Object Repository/Popup/Popup_Butons' located by 'By.cssSelector: .modal-footer>button' in '10' second(s)

2021-11-23 17:21:52 - [MESSAGE][PASSED] - Method.TextDegerineEsitElementeTikla is PASSED

2021-11-23 17:21:52 - [MESSAGE][PASSED] - Call Test Case 'Test Cases/Popup/PopupButonSecilir' successfully

2021-11-23 17:21:52 - [MESSAGE][INFO] - Checking called Test Case

2021-11-23 17:21:52 - [MESSAGE][INFO] - Starting to call Test Case 'Test Cases/Butonlar/ButonaTikla'

2021-11-23 17:21:52 - [TEST_CASE][PASSED] - Test Cases/Butonlar/ButonaTikla: Test Cases/Butonlar/ButonaTikla

2021-11-23 17:21:52 - [TEST_STEP][PASSED] - Method.TextDegerineEsitElementeTiklaEquals(findTestObject("Butonlar/Butonlar"), Buton_Adi): Method.TextDegerineEsitElementeTiklaEquals is PASSED

2021-11-23 17:21:52 - [MESSAGE][INFO] - Finding Test Object 'Object Repository/Butonlar/Butonlar'

2021-11-23 17:21:53 - [MESSAGE][INFO] - Checking timeout

2021-11-23 17:21:53 - [MESSAGE][INFO] - Finding web element with id: 'Object Repository/Butonlar/Butonlar' located by 'By.cssSelector: .panel.panel-default.text-center.footerPanel .btn,.btn.btn-primary.btnControls' in '10' second(s)

2021-11-23 17:21:53 - [MESSAGE][INFO] - Smart Wait Function is triggered

2021-11-23 17:21:53 - [MESSAGE][INFO] - Found 5 web elements with id: 'Object Repository/Butonlar/Butonlar' located by 'By.cssSelector: .panel.panel-default.text-center.footerPanel .btn,.btn.btn-primary.btnControls' in '10' second(s)

2021-11-23 17:21:53 - [MESSAGE][PASSED] - Method.TextDegerineEsitElementeTiklaEquals is PASSED

2021-11-23 17:21:53 - [MESSAGE][PASSED] - Call Test Case 'Test Cases/Butonlar/ButonaTikla' successfully

2021-11-23 17:21:53 - [MESSAGE][INFO] - Checking called Test Case

2021-11-23 17:21:53 - [MESSAGE][INFO] - Starting to call Test Case 'Test Cases/Butonlar/AltButonaTikla'

2021-11-23 17:21:53 - [TEST_CASE][PASSED] - Test Cases/Butonlar/AltButonaTikla: Test Cases/Butonlar/AltButonaTikla

2021-11-23 17:21:53 - [TEST_STEP][PASSED] - Method.TextDegerineEsitElementeTikla(findTestObject("Butonlar/AltButonlar"), Alt_Buton): Method.TextDegerineEsitElementeTikla is PASSED

2021-11-23 17:21:53 - [MESSAGE][INFO] - Finding Test Object 'Object Repository/Butonlar/AltButonlar'

2021-11-23 17:21:53 - [MESSAGE][INFO] - Checking timeout

2021-11-23 17:21:53 - [MESSAGE][INFO] - Finding web element with id: 'Object Repository/Butonlar/AltButonlar' located by 'By.cssSelector: .btn-group.open li>a' in '10' second(s)

2021-11-23 17:21:53 - [MESSAGE][INFO] - Smart Wait Function is triggered

2021-11-23 17:21:54 - [MESSAGE][INFO] - Found 2 web elements with id: 'Object Repository/Butonlar/AltButonlar' located by 'By.cssSelector: .btn-group.open li>a' in '10' second(s)

2021-11-23 17:21:54 - [MESSAGE][PASSED] - Method.TextDegerineEsitElementeTikla is PASSED

2021-11-23 17:21:54 - [MESSAGE][PASSED] - Call Test Case 'Test Cases/Butonlar/AltButonaTikla' successfully

2021-11-23 17:21:54 - [MESSAGE][INFO] - Checking called Test Case

2021-11-23 17:21:54 - [MESSAGE][INFO] - Starting to call Test Case 'Test Cases/Popup/PopupMesajiIceriyorMu'

2021-11-23 17:21:54 - [TEST_CASE][PASSED] - Test Cases/Popup/PopupMesajiIceriyorMu: Test Cases/Popup/PopupMesajiIceriyorMu

2021-11-23 17:21:54 - [TEST_STEP][PASSED] - waitForElementVisible(findTestObject("Popup/Popup"), 10): Object 'Object Repository/Popup/Popup' is visible

2021-11-23 17:21:54 - [MESSAGE][INFO] - Finding Test Object 'Object Repository/Popup/Popup'

2021-11-23 17:21:54 - [MESSAGE][INFO] - Checking object

2021-11-23 17:21:54 - [MESSAGE][INFO] - Checking timeout

2021-11-23 17:21:54 - [MESSAGE][INFO] - Finding web element from Test Object's properties

2021-11-23 17:21:54 - [MESSAGE][INFO] - Checking timeout

2021-11-23 17:21:54 - [MESSAGE][INFO] - Finding web element with id: 'Object Repository/Popup/Popup' located by 'By.cssSelector: .bootbox-body' in '10' second(s)

2021-11-23 17:21:54 - [MESSAGE][INFO] - Smart Wait Function is triggered

2021-11-23 17:21:54 - [MESSAGE][INFO] - Found 1 web elements with id: 'Object Repository/Popup/Popup' located by 'By.cssSelector: .bootbox-body' in '10' second(s)

2021-11-23 17:21:54 - [MESSAGE][PASSED] - Object 'Object Repository/Popup/Popup' is visible

2021-11-23 17:21:54 - [TEST_STEP][PASSED] - if (!(getText(findTestObject("Popup/Popup")).contains(Mesaj))): Text of object 'Object Repository/Popup/Popup' is: 'Lütfen rapor bildiriminin gönderileceği e-posta adresini belirtiniz.
e-Posta Adresi'

2021-11-23 17:21:54 - [MESSAGE][INFO] - Finding Test Object 'Object Repository/Popup/Popup'

2021-11-23 17:21:54 - [MESSAGE][INFO] - Checking object

2021-11-23 17:21:54 - [MESSAGE][INFO] - Finding web element from Test Object's properties

2021-11-23 17:21:54 - [MESSAGE][INFO] - Checking timeout

2021-11-23 17:21:54 - [MESSAGE][INFO] - Finding web element with id: 'Object Repository/Popup/Popup' located by 'By.cssSelector: .bootbox-body' in '30' second(s)

2021-11-23 17:21:54 - [MESSAGE][INFO] - Smart Wait Function is triggered

2021-11-23 17:21:55 - [MESSAGE][INFO] - Found 1 web elements with id: 'Object Repository/Popup/Popup' located by 'By.cssSelector: .bootbox-body' in '30' second(s)

2021-11-23 17:21:55 - [MESSAGE][INFO] - Getting text of object 'Object Repository/Popup/Popup'

2021-11-23 17:21:55 - [MESSAGE][PASSED] - Text of object 'Object Repository/Popup/Popup' is: 'Lütfen rapor bildiriminin gönderileceği e-posta adresini belirtiniz.
e-Posta Adresi'

2021-11-23 17:21:55 - [TEST_STEP][PASSED] - RaporNo = getText(findTestObject("Popup/Popup")).substring(0, 6): Text of object 'Object Repository/Popup/Popup' is: 'Lütfen rapor bildiriminin gönderileceği e-posta adresini belirtiniz.
e-Posta Adresi'

2021-11-23 17:21:55 - [MESSAGE][INFO] - Finding Test Object 'Object Repository/Popup/Popup'

2021-11-23 17:21:55 - [MESSAGE][INFO] - Checking object

2021-11-23 17:21:55 - [MESSAGE][INFO] - Finding web element from Test Object's properties

2021-11-23 17:21:55 - [MESSAGE][INFO] - Checking timeout

2021-11-23 17:21:55 - [MESSAGE][INFO] - Finding web element with id: 'Object Repository/Popup/Popup' located by 'By.cssSelector: .bootbox-body' in '30' second(s)

2021-11-23 17:21:55 - [MESSAGE][INFO] - Smart Wait Function is triggered

2021-11-23 17:21:55 - [MESSAGE][INFO] - Found 1 web elements with id: 'Object Repository/Popup/Popup' located by 'By.cssSelector: .bootbox-body' in '30' second(s)

2021-11-23 17:21:55 - [MESSAGE][INFO] - Getting text of object 'Object Repository/Popup/Popup'

2021-11-23 17:21:55 - [MESSAGE][PASSED] - Text of object 'Object Repository/Popup/Popup' is: 'Lütfen rapor bildiriminin gönderileceği e-posta adresini belirtiniz.
e-Posta Adresi'

2021-11-23 17:21:55 - [TEST_STEP][PASSED] - Console.println(RaporNo): null

2021-11-23 17:21:55 - [MESSAGE][PASSED] - Call Test Case 'Test Cases/Popup/PopupMesajiIceriyorMu' successfully

2021-11-23 17:21:55 - [MESSAGE][INFO] - Checking called Test Case

2021-11-23 17:21:55 - [MESSAGE][INFO] - Starting to call Test Case 'Test Cases/Popup/PopupaEmailEklenir'

2021-11-23 17:21:55 - [TEST_CASE][PASSED] - Test Cases/Popup/PopupaEmailEklenir: Test Cases/Popup/PopupaEmailEklenir

2021-11-23 17:21:55 - [TEST_STEP][PASSED] - clearText(findTestObject("Popup/EmailText")): Text of object 'Object Repository/Popup/EmailText' is cleared

2021-11-23 17:21:55 - [MESSAGE][INFO] - Finding Test Object 'Object Repository/Popup/EmailText'

2021-11-23 17:21:55 - [MESSAGE][INFO] - Checking object

2021-11-23 17:21:55 - [MESSAGE][INFO] - Finding web element from Test Object's properties

2021-11-23 17:21:55 - [MESSAGE][INFO] - Checking timeout

2021-11-23 17:21:55 - [MESSAGE][INFO] - Finding web element with id: 'Object Repository/Popup/EmailText' located by 'By.xpath: //*[@id="eMails"]' in '30' second(s)

2021-11-23 17:21:55 - [MESSAGE][INFO] - Smart Wait Function is triggered

2021-11-23 17:21:55 - [MESSAGE][INFO] - Found 1 web elements with id: 'Object Repository/Popup/EmailText' located by 'By.xpath: //*[@id="eMails"]' in '30' second(s)

2021-11-23 17:21:55 - [MESSAGE][INFO] - Clearing text of object 'Object Repository/Popup/EmailText'

2021-11-23 17:21:55 - [MESSAGE][PASSED] - Text of object 'Object Repository/Popup/EmailText' is cleared

2021-11-23 17:21:55 - [TEST_STEP][PASSED] - sendKeys(findTestObject("Popup/EmailText"), Email): Keys 'elogotest@gmail.com;ali.kara@logo.com.tr' sent to object: 'Object Repository/Popup/EmailText'

2021-11-23 17:21:55 - [MESSAGE][INFO] - Finding Test Object 'Object Repository/Popup/EmailText'

2021-11-23 17:21:56 - [MESSAGE][INFO] - Sending keys 'elogotest@gmail.com;ali.kara@logo.com.tr' to object: 'Object Repository/Popup/EmailText'

2021-11-23 17:21:56 - [MESSAGE][INFO] - Finding web element from Test Object's properties

2021-11-23 17:21:56 - [MESSAGE][INFO] - Checking timeout

2021-11-23 17:21:56 - [MESSAGE][INFO] - Finding web element with id: 'Object Repository/Popup/EmailText' located by 'By.xpath: //*[@id="eMails"]' in '30' second(s)

2021-11-23 17:21:56 - [MESSAGE][INFO] - Smart Wait Function is triggered

2021-11-23 17:21:56 - [MESSAGE][INFO] - Found 1 web elements with id: 'Object Repository/Popup/EmailText' located by 'By.xpath: //*[@id="eMails"]' in '30' second(s)

2021-11-23 17:21:56 - [MESSAGE][PASSED] - Keys 'elogotest@gmail.com;ali.kara@logo.com.tr' sent to object: 'Object Repository/Popup/EmailText'

2021-11-23 17:21:56 - [MESSAGE][PASSED] - Call Test Case 'Test Cases/Popup/PopupaEmailEklenir' successfully

2021-11-23 17:21:56 - [MESSAGE][INFO] - Checking called Test Case

2021-11-23 17:21:56 - [MESSAGE][INFO] - Starting to call Test Case 'Test Cases/Popup/PopupButonSecilir'

2021-11-23 17:21:56 - [TEST_CASE][PASSED] - Test Cases/Popup/PopupButonSecilir: Test Cases/Popup/PopupButonSecilir

2021-11-23 17:21:56 - [TEST_STEP][PASSED] - Method.TextDegerineEsitElementeTikla(findTestObject("Popup/Popup_Butons"), Buton): Method.TextDegerineEsitElementeTikla is PASSED

2021-11-23 17:21:56 - [MESSAGE][INFO] - Finding Test Object 'Object Repository/Popup/Popup_Butons'

2021-11-23 17:21:56 - [MESSAGE][INFO] - Checking timeout

2021-11-23 17:21:56 - [MESSAGE][INFO] - Finding web element with id: 'Object Repository/Popup/Popup_Butons' located by 'By.cssSelector: .modal-footer>button' in '10' second(s)

2021-11-23 17:21:56 - [MESSAGE][INFO] - Smart Wait Function is triggered

2021-11-23 17:21:56 - [MESSAGE][INFO] - Found 2 web elements with id: 'Object Repository/Popup/Popup_Butons' located by 'By.cssSelector: .modal-footer>button' in '10' second(s)

2021-11-23 17:21:56 - [MESSAGE][PASSED] - Method.TextDegerineEsitElementeTikla is PASSED

2021-11-23 17:21:56 - [MESSAGE][PASSED] - Call Test Case 'Test Cases/Popup/PopupButonSecilir' successfully

2021-11-23 17:21:56 - [MESSAGE][INFO] - Checking called Test Case

2021-11-23 17:21:56 - [MESSAGE][INFO] - Starting to call Test Case 'Test Cases/Popup/PopupMesajiIceriyorMu'

2021-11-23 17:21:56 - [TEST_CASE][PASSED] - Test Cases/Popup/PopupMesajiIceriyorMu: Test Cases/Popup/PopupMesajiIceriyorMu

2021-11-23 17:21:56 - [TEST_STEP][PASSED] - waitForElementVisible(findTestObject("Popup/Popup"), 10): Object 'Object Repository/Popup/Popup' is visible

2021-11-23 17:21:57 - [MESSAGE][INFO] - Finding Test Object 'Object Repository/Popup/Popup'

2021-11-23 17:21:57 - [MESSAGE][INFO] - Checking object

2021-11-23 17:21:57 - [MESSAGE][INFO] - Checking timeout

2021-11-23 17:21:57 - [MESSAGE][INFO] - Finding web element from Test Object's properties

2021-11-23 17:21:57 - [MESSAGE][INFO] - Checking timeout

2021-11-23 17:21:57 - [MESSAGE][INFO] - Finding web element with id: 'Object Repository/Popup/Popup' located by 'By.cssSelector: .bootbox-body' in '10' second(s)

2021-11-23 17:21:57 - [MESSAGE][INFO] - Smart Wait Function is triggered

2021-11-23 17:21:57 - [MESSAGE][INFO] - Found 1 web elements with id: 'Object Repository/Popup/Popup' located by 'By.cssSelector: .bootbox-body' in '10' second(s)

2021-11-23 17:21:57 - [MESSAGE][PASSED] - Object 'Object Repository/Popup/Popup' is visible

2021-11-23 17:21:57 - [TEST_STEP][PASSED] - if (!(getText(findTestObject("Popup/Popup")).contains(Mesaj))): Text of object 'Object Repository/Popup/Popup' is: '17934 no’lu talebiniz işleme alınmıştır. Raporunuz hazırlandığında (elogotest@gmail.com;ali.kara@logo.com.tr) adresinize mail gönderilecektir.
Rapor durumunuzu Raporlar > Toplu Veri İndirme ekranından takip edebilir, hazırlandı durumundaki raporlarınızı ilgili menüden indirebilirsiniz.'

2021-11-23 17:21:57 - [MESSAGE][INFO] - Finding Test Object 'Object Repository/Popup/Popup'

2021-11-23 17:21:57 - [MESSAGE][INFO] - Checking object

2021-11-23 17:21:57 - [MESSAGE][INFO] - Finding web element from Test Object's properties

2021-11-23 17:21:57 - [MESSAGE][INFO] - Checking timeout

2021-11-23 17:21:57 - [MESSAGE][INFO] - Finding web element with id: 'Object Repository/Popup/Popup' located by 'By.cssSelector: .bootbox-body' in '30' second(s)

2021-11-23 17:21:57 - [MESSAGE][INFO] - Smart Wait Function is triggered

2021-11-23 17:21:58 - [MESSAGE][INFO] - Found 1 web elements with id: 'Object Repository/Popup/Popup' located by 'By.cssSelector: .bootbox-body' in '30' second(s)

2021-11-23 17:21:58 - [MESSAGE][INFO] - Getting text of object 'Object Repository/Popup/Popup'

2021-11-23 17:21:58 - [MESSAGE][PASSED] - Text of object 'Object Repository/Popup/Popup' is: '17934 no’lu talebiniz işleme alınmıştır. Raporunuz hazırlandığında (elogotest@gmail.com;ali.kara@logo.com.tr) adresinize mail gönderilecektir.
Rapor durumunuzu Raporlar > Toplu Veri İndirme ekranından takip edebilir, hazırlandı durumundaki raporlarınızı ilgili menüden indirebilirsiniz.'

2021-11-23 17:21:58 - [TEST_STEP][PASSED] - RaporNo = getText(findTestObject("Popup/Popup")).substring(0, 6): Text of object 'Object Repository/Popup/Popup' is: '17934 no’lu talebiniz işleme alınmıştır. Raporunuz hazırlandığında (elogotest@gmail.com;ali.kara@logo.com.tr) adresinize mail gönderilecektir.
Rapor durumunuzu Raporlar > Toplu Veri İndirme ekranından takip edebilir, hazırlandı durumundaki raporlarınızı ilgili menüden indirebilirsiniz.'

2021-11-23 17:21:58 - [MESSAGE][INFO] - Finding Test Object 'Object Repository/Popup/Popup'

2021-11-23 17:21:58 - [MESSAGE][INFO] - Checking object

2021-11-23 17:21:58 - [MESSAGE][INFO] - Finding web element from Test Object's properties

2021-11-23 17:21:58 - [MESSAGE][INFO] - Checking timeout

2021-11-23 17:21:58 - [MESSAGE][INFO] - Finding web element with id: 'Object Repository/Popup/Popup' located by 'By.cssSelector: .bootbox-body' in '30' second(s)

2021-11-23 17:21:58 - [MESSAGE][INFO] - Smart Wait Function is triggered

2021-11-23 17:21:58 - [MESSAGE][INFO] - Found 1 web elements with id: 'Object Repository/Popup/Popup' located by 'By.cssSelector: .bootbox-body' in '30' second(s)

2021-11-23 17:21:58 - [MESSAGE][INFO] - Getting text of object 'Object Repository/Popup/Popup'

2021-11-23 17:21:58 - [MESSAGE][PASSED] - Text of object 'Object Repository/Popup/Popup' is: '17934 no’lu talebiniz işleme alınmıştır. Raporunuz hazırlandığında (elogotest@gmail.com;ali.kara@logo.com.tr) adresinize mail gönderilecektir.
Rapor durumunuzu Raporlar > Toplu Veri İndirme ekranından takip edebilir, hazırlandı durumundaki raporlarınızı ilgili menüden indirebilirsiniz.'

2021-11-23 17:21:58 - [TEST_STEP][PASSED] - Console.println(RaporNo): null

2021-11-23 17:21:58 - [MESSAGE][PASSED] - Call Test Case 'Test Cases/Popup/PopupMesajiIceriyorMu' successfully

2021-11-23 17:21:58 - [MESSAGE][INFO] - Checking called Test Case

2021-11-23 17:21:58 - [MESSAGE][INFO] - Starting to call Test Case 'Test Cases/Popup/PopupButonSecilir'

2021-11-23 17:21:58 - [TEST_CASE][PASSED] - Test Cases/Popup/PopupButonSecilir: Test Cases/Popup/PopupButonSecilir

2021-11-23 17:21:58 - [TEST_STEP][PASSED] - Method.TextDegerineEsitElementeTikla(findTestObject("Popup/Popup_Butons"), Buton): Method.TextDegerineEsitElementeTikla is PASSED

2021-11-23 17:21:58 - [MESSAGE][INFO] - Finding Test Object 'Object Repository/Popup/Popup_Butons'

2021-11-23 17:21:58 - [MESSAGE][INFO] - Checking timeout

2021-11-23 17:21:58 - [MESSAGE][INFO] - Finding web element with id: 'Object Repository/Popup/Popup_Butons' located by 'By.cssSelector: .modal-footer>button' in '10' second(s)

2021-11-23 17:21:58 - [MESSAGE][INFO] - Smart Wait Function is triggered

2021-11-23 17:21:59 - [MESSAGE][INFO] - Found 1 web elements with id: 'Object Repository/Popup/Popup_Butons' located by 'By.cssSelector: .modal-footer>button' in '10' second(s)

2021-11-23 17:21:59 - [MESSAGE][PASSED] - Method.TextDegerineEsitElementeTikla is PASSED

2021-11-23 17:21:59 - [MESSAGE][PASSED] - Call Test Case 'Test Cases/Popup/PopupButonSecilir' successfully

2021-11-23 17:21:59 - [MESSAGE][INFO] - Checking called Test Case

2021-11-23 17:21:59 - [MESSAGE][INFO] - Starting to call Test Case 'Test Cases/Menu/AnaMenuSecimi'

2021-11-23 17:21:59 - [TEST_CASE][PASSED] - Test Cases/Menu/AnaMenuSecimi: Test Cases/Menu/AnaMenuSecimi

2021-11-23 17:21:59 - [TEST_STEP][PASSED] - Method.TextDegerineEsitElementeTikla(findTestObject("Menu/Ana_Menu"), Ana_Menu): Method.TextDegerineEsitElementeTikla is PASSED

2021-11-23 17:21:59 - [MESSAGE][INFO] - Finding Test Object 'Object Repository/Menu/Ana_Menu'

2021-11-23 17:21:59 - [MESSAGE][INFO] - Checking timeout

2021-11-23 17:21:59 - [MESSAGE][INFO] - Finding web element with id: 'Object Repository/Menu/Ana_Menu' located by 'By.xpath: //*[@class = 'dropdown-toggle']' in '10' second(s)

2021-11-23 17:21:59 - [MESSAGE][INFO] - Smart Wait Function is triggered

2021-11-23 17:21:59 - [MESSAGE][INFO] - Found 14 web elements with id: 'Object Repository/Menu/Ana_Menu' located by 'By.xpath: //*[@class = 'dropdown-toggle']' in '10' second(s)

2021-11-23 17:22:00 - [MESSAGE][PASSED] - Method.TextDegerineEsitElementeTikla is PASSED

2021-11-23 17:22:00 - [MESSAGE][PASSED] - Call Test Case 'Test Cases/Menu/AnaMenuSecimi' successfully

2021-11-23 17:22:00 - [MESSAGE][INFO] - Checking called Test Case

2021-11-23 17:22:00 - [MESSAGE][INFO] - Starting to call Test Case 'Test Cases/Menu/AltMenuSecimi'

2021-11-23 17:22:00 - [TEST_CASE][PASSED] - Test Cases/Menu/AltMenuSecimi: Test Cases/Menu/AltMenuSecimi

2021-11-23 17:22:00 - [TEST_STEP][PASSED] - Method.TextDegerineEsitElementeTikla(findTestObject("Menu/Alt_Menu"), Alt_Menu): Method.TextDegerineEsitElementeTikla is PASSED

2021-11-23 17:22:00 - [MESSAGE][INFO] - Finding Test Object 'Object Repository/Menu/Alt_Menu'

2021-11-23 17:22:00 - [MESSAGE][INFO] - Checking timeout

2021-11-23 17:22:00 - [MESSAGE][INFO] - Finding web element with id: 'Object Repository/Menu/Alt_Menu' located by 'By.xpath: //li[@class='dropdown dropdown-large open']//li[@class='dropdown-element']' in '10' second(s)

2021-11-23 17:22:00 - [MESSAGE][INFO] - Smart Wait Function is triggered

2021-11-23 17:22:00 - [MESSAGE][INFO] - Found 9 web elements with id: 'Object Repository/Menu/Alt_Menu' located by 'By.xpath: //li[@class='dropdown dropdown-large open']//li[@class='dropdown-element']' in '10' second(s)

2021-11-23 17:22:01 - [MESSAGE][PASSED] - Method.TextDegerineEsitElementeTikla is PASSED

2021-11-23 17:22:01 - [MESSAGE][PASSED] - Call Test Case 'Test Cases/Menu/AltMenuSecimi' successfully

2021-11-23 17:22:01 - [MESSAGE][INFO] - Checking called Test Case

2021-11-23 17:22:01 - [MESSAGE][INFO] - Starting to call Test Case 'Test Cases/Filtreler/RaporNoYaz'

2021-11-23 17:22:01 - [TEST_CASE][PASSED] - Test Cases/Filtreler/RaporNoYaz: Test Cases/Filtreler/RaporNoYaz

2021-11-23 17:22:02 - [TEST_STEP][PASSED] - Method.TextDegerineEsitElementinAltindakiTextboxtaYaz(findTestObject("Filtreler/Basliklar"), findTestObject("Filtreler/Basliga_Gore_Textbox"), "Talep No", RaporNo): Method.TextDegerineEsitElementinAltindakiTextboxtaYaz is PASSED

2021-11-23 17:22:02 - [MESSAGE][INFO] - Finding Test Object 'Object Repository/Filtreler/Basliklar'

2021-11-23 17:22:02 - [MESSAGE][INFO] - Finding Test Object 'Object Repository/Filtreler/Basliga_Gore_Textbox'

2021-11-23 17:22:02 - [MESSAGE][INFO] - Checking timeout

2021-11-23 17:22:02 - [MESSAGE][INFO] - Finding web element with id: 'Object Repository/Filtreler/Basliklar' located by 'By.cssSelector: .control-label.col-sm-4.paddingMarginRLC' in '10' second(s)

2021-11-23 17:22:02 - [MESSAGE][INFO] - Smart Wait Function is triggered

2021-11-23 17:22:02 - [MESSAGE][INFO] - Found 8 web elements with id: 'Object Repository/Filtreler/Basliklar' located by 'By.cssSelector: .control-label.col-sm-4.paddingMarginRLC' in '10' second(s)

2021-11-23 17:22:02 - [MESSAGE][INFO] - Smart Wait Function is triggered

2021-11-23 17:22:03 - [MESSAGE][PASSED] - Method.TextDegerineEsitElementinAltindakiTextboxtaYaz is PASSED

2021-11-23 17:22:03 - [MESSAGE][PASSED] - Call Test Case 'Test Cases/Filtreler/RaporNoYaz' successfully

2021-11-23 17:22:03 - [MESSAGE][INFO] - Checking called Test Case

2021-11-23 17:22:03 - [MESSAGE][INFO] - Starting to call Test Case 'Test Cases/Filtreler/ButonaTikla'

2021-11-23 17:22:03 - [TEST_CASE][PASSED] - Test Cases/Filtreler/ButonaTikla: Test Cases/Filtreler/ButonaTikla

2021-11-23 17:22:03 - [TEST_STEP][PASSED] - Method.TextDegerineEsitElementeTikla(findTestObject("Filtreler/Butonlar"), Filtre_Buton): Method.TextDegerineEsitElementeTikla is PASSED

2021-11-23 17:22:03 - [MESSAGE][INFO] - Finding Test Object 'Object Repository/Filtreler/Butonlar'

2021-11-23 17:22:03 - [MESSAGE][INFO] - Checking timeout

2021-11-23 17:22:03 - [MESSAGE][INFO] - Finding web element with id: 'Object Repository/Filtreler/Butonlar' located by 'By.cssSelector: .dxb>span' in '10' second(s)

2021-11-23 17:22:03 - [MESSAGE][INFO] - Smart Wait Function is triggered

2021-11-23 17:22:03 - [MESSAGE][INFO] - Found 2 web elements with id: 'Object Repository/Filtreler/Butonlar' located by 'By.cssSelector: .dxb>span' in '10' second(s)

2021-11-23 17:22:03 - [MESSAGE][PASSED] - Method.TextDegerineEsitElementeTikla is PASSED

2021-11-23 17:22:03 - [MESSAGE][PASSED] - Call Test Case 'Test Cases/Filtreler/ButonaTikla' successfully

2021-11-23 17:22:03 - [MESSAGE][INFO] - Checking called Test Case

2021-11-23 17:22:03 - [MESSAGE][INFO] - Starting to call Test Case 'Test Cases/Tablo/TablodaVeriVarMi'

2021-11-23 17:22:03 - [TEST_CASE][PASSED] - Test Cases/Tablo/TablodaVeriVarMi: Test Cases/Tablo/TablodaVeriVarMi

2021-11-23 17:22:03 - [TEST_STEP][PASSED] - verifyTextNotPresent("Görüntülenecek veri yok", true): Text 'Görüntülenecek veri yok' is not present on page using regular expression

2021-11-23 17:22:03 - [MESSAGE][INFO] - Checking text present  using regular expression

2021-11-23 17:22:03 - [MESSAGE][INFO] - Smart Wait Function is triggered

2021-11-23 17:22:04 - [MESSAGE][INFO] - Finding text 'Görüntülenecek veri yok' on page  using regular expression

2021-11-23 17:22:04 - [MESSAGE][PASSED] - Text 'Görüntülenecek veri yok' is not present on page using regular expression

2021-11-23 17:22:04 - [MESSAGE][PASSED] - Call Test Case 'Test Cases/Tablo/TablodaVeriVarMi' successfully

2021-11-23 17:22:04 - [MESSAGE][INFO] - Checking called Test Case

2021-11-23 17:22:04 - [MESSAGE][INFO] - Starting to call Test Case 'Test Cases/Kullanici_Islemleri/KullaniciIslemlerindenSecimYapilir'

2021-11-23 17:22:04 - [TEST_CASE][PASSED] - Test Cases/Kullanici_Islemleri/KullaniciIslemlerindenSecimYapilir: Test Cases/Kullanici_Islemleri/KullaniciIslemlerindenSecimYapilir

2021-11-23 17:22:05 - [TEST_STEP][PASSED] - waitForElementClickable(findTestObject("Object Repository/Kullanici_Islemleri/KullaniciIslemleri"), 10): Object 'Object Repository/Kullanici_Islemleri/KullaniciIslemleri' is clickable

2021-11-23 17:22:05 - [MESSAGE][INFO] - Finding Test Object 'Object Repository/Kullanici_Islemleri/KullaniciIslemleri'

2021-11-23 17:22:05 - [MESSAGE][INFO] - Checking object

2021-11-23 17:22:05 - [MESSAGE][INFO] - Checking timeout

2021-11-23 17:22:05 - [MESSAGE][INFO] - Finding web element from Test Object's properties

2021-11-23 17:22:05 - [MESSAGE][INFO] - Checking timeout

2021-11-23 17:22:05 - [MESSAGE][INFO] - Finding web element with id: 'Object Repository/Kullanici_Islemleri/KullaniciIslemleri' located by 'By.cssSelector: .dropdown>a>img' in '10' second(s)

2021-11-23 17:22:05 - [MESSAGE][INFO] - Smart Wait Function is triggered

2021-11-23 17:22:05 - [MESSAGE][INFO] - Found 1 web elements with id: 'Object Repository/Kullanici_Islemleri/KullaniciIslemleri' located by 'By.cssSelector: .dropdown>a>img' in '10' second(s)

2021-11-23 17:22:05 - [MESSAGE][PASSED] - Object 'Object Repository/Kullanici_Islemleri/KullaniciIslemleri' is clickable

2021-11-23 17:22:05 - [TEST_STEP][PASSED] - click(findTestObject("Object Repository/Kullanici_Islemleri/KullaniciIslemleri")): Object: 'Object Repository/Kullanici_Islemleri/KullaniciIslemleri' is clicked on

2021-11-23 17:22:05 - [MESSAGE][INFO] - Finding Test Object 'Object Repository/Kullanici_Islemleri/KullaniciIslemleri'

2021-11-23 17:22:05 - [MESSAGE][INFO] - Checking object

2021-11-23 17:22:05 - [MESSAGE][INFO] - Finding web element from Test Object's properties

2021-11-23 17:22:05 - [MESSAGE][INFO] - Checking timeout

2021-11-23 17:22:05 - [MESSAGE][INFO] - Finding web element with id: 'Object Repository/Kullanici_Islemleri/KullaniciIslemleri' located by 'By.cssSelector: .dropdown>a>img' in '30' second(s)

2021-11-23 17:22:05 - [MESSAGE][INFO] - Smart Wait Function is triggered

2021-11-23 17:22:05 - [MESSAGE][INFO] - Found 1 web elements with id: 'Object Repository/Kullanici_Islemleri/KullaniciIslemleri' located by 'By.cssSelector: .dropdown>a>img' in '30' second(s)

2021-11-23 17:22:05 - [MESSAGE][INFO] - Clicking on object: 'Object Repository/Kullanici_Islemleri/KullaniciIslemleri'

2021-11-23 17:22:05 - [MESSAGE][PASSED] - Object: 'Object Repository/Kullanici_Islemleri/KullaniciIslemleri' is clicked on

2021-11-23 17:22:05 - [TEST_STEP][PASSED] - Method.TextDegerineEsitElementeTikla(findTestObject("Object Repository/Kullanici_Islemleri/Secenekler"), Islem): Method.TextDegerineEsitElementeTikla is PASSED

2021-11-23 17:22:05 - [MESSAGE][INFO] - Finding Test Object 'Object Repository/Kullanici_Islemleri/Secenekler'

2021-11-23 17:22:05 - [MESSAGE][INFO] - Checking timeout

2021-11-23 17:22:05 - [MESSAGE][INFO] - Finding web element with id: 'Object Repository/Kullanici_Islemleri/Secenekler' located by 'By.cssSelector: .nav.navbar-nav.navbar-right li a' in '10' second(s)

2021-11-23 17:22:05 - [MESSAGE][INFO] - Smart Wait Function is triggered

2021-11-23 17:22:06 - [MESSAGE][INFO] - Found 22 web elements with id: 'Object Repository/Kullanici_Islemleri/Secenekler' located by 'By.cssSelector: .nav.navbar-nav.navbar-right li a' in '10' second(s)

2021-11-23 17:22:08 - [MESSAGE][PASSED] - Method.TextDegerineEsitElementeTikla is PASSED

2021-11-23 17:22:08 - [TEST_STEP][PASSED] - verifyElementNotPresent(findTestObject("Object Repository/Kullanici_Islemleri/Secenekler"), 10): Web element with id: 'Object Repository/Kullanici_Islemleri/Secenekler' located by 'By.cssSelector: .nav.navbar-nav.navbar-right li a' is not present after '10' second(s)

2021-11-23 17:22:08 - [MESSAGE][INFO] - Finding Test Object 'Object Repository/Kullanici_Islemleri/Secenekler'

2021-11-23 17:22:08 - [MESSAGE][INFO] - Checking object

2021-11-23 17:22:08 - [MESSAGE][INFO] - Checking timeout

2021-11-23 17:22:08 - [MESSAGE][INFO] - Finding web element with id: 'Object Repository/Kullanici_Islemleri/Secenekler' located by 'By.cssSelector: .nav.navbar-nav.navbar-right li a' in '10' second(s)

2021-11-23 17:22:08 - [MESSAGE][INFO] - Smart Wait Function is triggered

2021-11-23 17:22:09 - [MESSAGE][PASSED] - Web element with id: 'Object Repository/Kullanici_Islemleri/Secenekler' located by 'By.cssSelector: .nav.navbar-nav.navbar-right li a' is not present after '10' second(s)

2021-11-23 17:22:09 - [MESSAGE][PASSED] - Call Test Case 'Test Cases/Kullanici_Islemleri/KullaniciIslemlerindenSecimYapilir' successfully

2021-11-23 17:22:09 - [TEST_CASE][PASSED] - Start Test Case : SCENARIO Gelen Zarflar Excele Aktar: SCENARIO Gelen Zarflar Excele Aktar

2021-11-23 17:22:09 - [TEST_STEP][PASSED] - Kullanıcı adı ELOGO6 ve Şifre 123456 olarak giriş yapılır: Kullanıcı adı ELOGO6 ve Şifre 123456 olarak giriş yapılır

2021-11-23 17:22:09 - [MESSAGE][PASSED] - Kullanıcı adı ELOGO6 ve Şifre 123456 olarak giriş yapılır

2021-11-23 17:22:09 - [TEST_STEP][PASSED] - Ana menüden Zarflar seçilir: Ana menüden Zarflar seçilir

2021-11-23 17:22:09 - [MESSAGE][PASSED] - Ana menüden Zarflar seçilir

2021-11-23 17:22:09 - [TEST_STEP][PASSED] - Alt menüden Gelen Zarflar seçilir: Alt menüden Gelen Zarflar seçilir

2021-11-23 17:22:09 - [MESSAGE][PASSED] - Alt menüden Gelen Zarflar seçilir

2021-11-23 17:22:09 - [TEST_STEP][PASSED] - Filtrelerden Oluşturma Tarihi filtresine 01.12.2020 baslangic degerini yaz: Filtrelerden Oluşturma Tarihi filtresine 01.12.2020 baslangic degerini yaz

2021-11-23 17:22:09 - [MESSAGE][PASSED] - Filtrelerden Oluşturma Tarihi filtresine 01.12.2020 baslangic degerini yaz

2021-11-23 17:22:09 - [TEST_STEP][PASSED] - Filtrelerden Oluşturma Tarihi filtresine 31.12.2020 bitis degerini yaz: Filtrelerden Oluşturma Tarihi filtresine 31.12.2020 bitis degerini yaz

2021-11-23 17:22:09 - [MESSAGE][PASSED] - Filtrelerden Oluşturma Tarihi filtresine 31.12.2020 bitis degerini yaz

2021-11-23 17:22:09 - [TEST_STEP][PASSED] - Filtre butonlarından Listele seçilir: Filtre butonlarından Listele seçilir

2021-11-23 17:22:09 - [MESSAGE][PASSED] - Filtre butonlarından Listele seçilir

2021-11-23 17:22:09 - [TEST_STEP][PASSED] - Tabloda veri var mı kontrol edilir: Tabloda veri var mı kontrol edilir

2021-11-23 17:22:09 - [MESSAGE][PASSED] - Tabloda veri var mı kontrol edilir

2021-11-23 17:22:09 - [TEST_STEP][PASSED] - Tablodan E LOGO 6 isimli veri seçilir: Tablodan E LOGO 6 isimli veri seçilir

2021-11-23 17:22:09 - [MESSAGE][PASSED] - Tablodan E LOGO 6 isimli veri seçilir

2021-11-23 17:22:09 - [TEST_STEP][PASSED] - Butonlardan Excel isimli butona tıklanır: Butonlardan Excel isimli butona tıklanır

2021-11-23 17:22:09 - [MESSAGE][PASSED] - Butonlardan Excel isimli butona tıklanır

2021-11-23 17:22:09 - [TEST_STEP][PASSED] - Alt butonlardan Seçilenleri Excel'e Aktar butonuna tıklanır: Alt butonlardan Seçilenleri Excel'e Aktar butonuna tıklanır

2021-11-23 17:22:09 - [MESSAGE][PASSED] - Alt butonlardan Seçilenleri Excel'e Aktar butonuna tıklanır

2021-11-23 17:22:09 - [TEST_STEP][PASSED] - Popup mesajı Lütfen rapor bildiriminin gönderileceği e-posta adresini belirtiniz. içeriyor mu: Popup mesajı Lütfen rapor bildiriminin gönderileceği e-posta adresini belirtiniz. içeriyor mu

2021-11-23 17:22:09 - [MESSAGE][PASSED] - Popup mesajı Lütfen rapor bildiriminin gönderileceği e-posta adresini belirtiniz. içeriyor mu

2021-11-23 17:22:09 - [TEST_STEP][PASSED] - Popup email elogotest@gmail.com;ali.kara@logo.com.tr olarak girilir: Popup email elogotest@gmail.com;ali.kara@logo.com.tr olarak girilir

2021-11-23 17:22:09 - [MESSAGE][PASSED] - Popup email elogotest@gmail.com;ali.kara@logo.com.tr olarak girilir

2021-11-23 17:22:09 - [TEST_STEP][PASSED] - Yönetim popupında Gönder seçilir: Yönetim popupında Gönder seçilir

2021-11-23 17:22:09 - [MESSAGE][PASSED] - Yönetim popupında Gönder seçilir

2021-11-23 17:22:09 - [TEST_STEP][PASSED] - Popup mesajı Toplu Veri İndirme içeriyor mu: Popup mesajı Toplu Veri İndirme içeriyor mu

2021-11-23 17:22:09 - [MESSAGE][PASSED] - Popup mesajı Toplu Veri İndirme içeriyor mu

2021-11-23 17:22:09 - [TEST_STEP][PASSED] - Yönetim popupında Tamam seçilir: Yönetim popupında Tamam seçilir

2021-11-23 17:22:09 - [MESSAGE][PASSED] - Yönetim popupında Tamam seçilir

2021-11-23 17:22:09 - [TEST_STEP][PASSED] - Butonlardan Excel isimli butona tıklanır: Butonlardan Excel isimli butona tıklanır

2021-11-23 17:22:09 - [MESSAGE][PASSED] - Butonlardan Excel isimli butona tıklanır

2021-11-23 17:22:09 - [TEST_STEP][PASSED] - Alt butonlardan Tümünü Excel'e Aktar butonuna tıklanır: Alt butonlardan Tümünü Excel'e Aktar butonuna tıklanır

2021-11-23 17:22:09 - [MESSAGE][PASSED] - Alt butonlardan Tümünü Excel'e Aktar butonuna tıklanır

2021-11-23 17:22:09 - [TEST_STEP][PASSED] - Popup mesajı Lütfen rapor bildiriminin gönderileceği e-posta adresini belirtiniz. içeriyor mu: Popup mesajı Lütfen rapor bildiriminin gönderileceği e-posta adresini belirtiniz. içeriyor mu

2021-11-23 17:22:09 - [MESSAGE][PASSED] - Popup mesajı Lütfen rapor bildiriminin gönderileceği e-posta adresini belirtiniz. içeriyor mu

2021-11-23 17:22:09 - [TEST_STEP][PASSED] - Popup email elogotest@gmail.com;ali.kara@logo.com.tr olarak girilir: Popup email elogotest@gmail.com;ali.kara@logo.com.tr olarak girilir

2021-11-23 17:22:09 - [MESSAGE][PASSED] - Popup email elogotest@gmail.com;ali.kara@logo.com.tr olarak girilir

2021-11-23 17:22:09 - [TEST_STEP][PASSED] - Yönetim popupında Gönder seçilir: Yönetim popupında Gönder seçilir

2021-11-23 17:22:09 - [MESSAGE][PASSED] - Yönetim popupında Gönder seçilir

2021-11-23 17:22:09 - [TEST_STEP][PASSED] - Popup mesajı Toplu Veri İndirme içeriyor mu: Popup mesajı Toplu Veri İndirme içeriyor mu

2021-11-23 17:22:09 - [MESSAGE][PASSED] - Popup mesajı Toplu Veri İndirme içeriyor mu

2021-11-23 17:22:09 - [TEST_STEP][PASSED] - Yönetim popupında Tamam seçilir: Yönetim popupında Tamam seçilir

2021-11-23 17:22:09 - [MESSAGE][PASSED] - Yönetim popupında Tamam seçilir

2021-11-23 17:22:09 - [TEST_STEP][PASSED] - Ana menüden Raporlar seçilir: Ana menüden Raporlar seçilir

2021-11-23 17:22:09 - [MESSAGE][PASSED] - Ana menüden Raporlar seçilir

2021-11-23 17:22:09 - [TEST_STEP][PASSED] - Alt menüden Toplu Veri İndirme seçilir: Alt menüden Toplu Veri İndirme seçilir

2021-11-23 17:22:09 - [MESSAGE][PASSED] - Alt menüden Toplu Veri İndirme seçilir

2021-11-23 17:22:09 - [TEST_STEP][PASSED] - Filtrelerden Talep No filtresine Rapor No bilgisi yaz: Filtrelerden Talep No filtresine Rapor No bilgisi yaz

2021-11-23 17:22:09 - [MESSAGE][PASSED] - Filtrelerden Talep No filtresine Rapor No bilgisi yaz

2021-11-23 17:22:09 - [TEST_STEP][PASSED] - Filtre butonlarından Listele seçilir: Filtre butonlarından Listele seçilir

2021-11-23 17:22:09 - [MESSAGE][PASSED] - Filtre butonlarından Listele seçilir

2021-11-23 17:22:09 - [TEST_STEP][PASSED] - Tabloda veri var mı kontrol edilir: Tabloda veri var mı kontrol edilir

2021-11-23 17:22:09 - [MESSAGE][PASSED] - Tabloda veri var mı kontrol edilir

2021-11-23 17:22:09 - [TEST_STEP][PASSED] - Kullanıcı işlemlerinden Çıkış seçilir: Kullanıcı işlemlerinden Çıkış seçilir

2021-11-23 17:22:09 - [MESSAGE][PASSED] - Kullanıcı işlemlerinden Çıkış seçilir

2021-11-23 17:22:09 - [MESSAGE][PASSED] - Feature file: 'Include/features/Zarflar/Gelen Zarflar/Secilenleri Excele Aktar.feature' was passed

2021-11-23 17:22:09 - [TEST_STEP][PASSED] - Start listener action : sampleAfterTestSuite: Invoke 'com.kms.katalon.core.annotation.AfterTestCase' method: 'Listener.sampleAfterTestSuite(...)' completed.

2021-11-23 17:22:09 - [MESSAGE][INFO] - Starting invoke 'com.kms.katalon.core.annotation.AfterTestCase' method: 'Listener.sampleAfterTestSuite(...)'

2021-11-23 17:22:09 - [TEST_STEP][PASSED] - closeBrowser(): Invoke 'com.kms.katalon.core.annotation.AfterTestCase' method: 'Listener.sampleAfterTestSuite(...)' completed.

2021-11-23 17:22:09 - [MESSAGE][INFO] - Closing browser

2021-11-23 17:22:10 - [MESSAGE][PASSED] - Browser is closed

2021-11-23 17:22:10 - [MESSAGE][INFO] - Invoke 'com.kms.katalon.core.annotation.AfterTestCase' method: 'Listener.sampleAfterTestSuite(...)' completed.]]></system-out>
         <system-err><![CDATA[]]></system-err>
      </testcase>
      <system-out><![CDATA[2021-11-23 17:20:58 - [TEST_SUITE][PASSED] - ExceleAktarVeTopluIndirme: Test Cases/Case Repository/Zarflar/Gelen Zarflar/Secilenleri Excele Aktar]]></system-out>
      <system-err><![CDATA[]]></system-err>
   </testsuite>
</testsuites>
